{"(1, 0)": {"explain_plan": {"Plan": {"Node Type": "Sort", "Startup Cost": 4515800.46, "Total Cost": 4515800.47, "Plan Rows": 6, "Plan Width": 36, "Sort Key": ["l_returnflag", "l_linestatus"], "Plans": [{"Node Type": "Aggregate", "Strategy": "Hashed", "Parent Relationship": "Outer", "Startup Cost": 4515800.27, "Total Cost": 4515800.38, "Plan Rows": 6, "Plan Width": 36, "Group By Key": ["l_returnflag", "l_linestatus"], "Plans": [{"Node Type": "Seq Scan", "Parent Relationship": "Outer", "Relation Name": "lineitem", "Alias": "lineitem", "Startup Cost": 3.1, "Total Cost": 2165082.91, "Plan Rows": 58767934, "Plan Width": 36, "Filter": "(l_shipdate <= '1998-08-15 00:00:00'::timestamp without time zone), (LLVM Optimized)"}]}]}, "Unique SQL Id": 177413717}, "explain_analyze_plan": {"Plan": {"Node Type": "Sort", "Startup Cost": 4515800.46, "Total Cost": 4515800.47, "Plan Rows": 6, "Plan Width": 36, "Actual Startup Time": 129733.213, "Actual Total Time": 129733.213, "Actual Rows": 4, "Actual Loops": 1, "Sort Key": ["l_returnflag", "l_linestatus"], "Sort Method": "quicksort", "Sort Space Used": 25, "Sort Space Type": "Memory", "Plans": [{"Node Type": "Aggregate", "Strategy": "Hashed", "Parent Relationship": "Outer", "Startup Cost": 4515800.27, "Total Cost": 4515800.38, "Plan Rows": 6, "Plan Width": 36, "Actual Startup Time": 129733.109, "Actual Total Time": 129733.113, "Actual Rows": 4, "Actual Loops": 1, "Group By Key": ["l_returnflag", "l_linestatus"], "Plans": [{"Node Type": "Seq Scan", "Parent Relationship": "Outer", "Relation Name": "lineitem", "Alias": "lineitem", "Startup Cost": 3.1, "Total Cost": 2165082.91, "Plan Rows": 58767934, "Plan Width": 36, "Actual Startup Time": 0.025, "Actual Total Time": 27867.532, "Actual Rows": 58773499, "Actual Loops": 1, "Filter": "(l_shipdate <= '1998-08-15 00:00:00'::timestamp without time zone), (LLVM Optimized, Jit Execute)", "Rows Removed by Filter": 1212553}]}]}, "Triggers": [], "Planner Runtime": 0.268, "Total Runtime": 129744.578, "Unique SQL Id": 177413717}}, "(1, 1)": {"explain_plan": {"Plan": {"Node Type": "Sort", "Startup Cost": 6389801.46, "Total Cost": 6389801.47, "Plan Rows": 6, "Plan Width": 36, "Sort Key": ["l_returnflag", "l_linestatus"], "Plans": [{"Node Type": "Aggregate", "Strategy": "Hashed", "Parent Relationship": "Outer", "Startup Cost": 6389801.27, "Total Cost": 6389801.38, "Plan Rows": 6, "Plan Width": 36, "Group By Key": ["l_returnflag", "l_linestatus"], "Plans": [{"Node Type": "Bitmap Heap Scan", "Parent Relationship": "Outer", "Relation Name": "lineitem", "Alias": "lineitem", "Startup Cost": 1889239.74, "Total Cost": 4039083.91, "Plan Rows": 58767934, "Plan Width": 36, "Recheck Cond": "(l_shipdate <= '1998-08-15 00:00:00'::timestamp without time zone), (LLVM Optimized)", "Plans": [{"Node Type": "Bitmap Index Scan", "Parent Relationship": "Outer", "Index Name": "idx_lineitem_shipdate", "Startup Cost": 0.0, "Total Cost": 1874547.75, "Plan Rows": 58767934, "Plan Width": 0, "Index Cond": "(l_shipdate <= '1998-08-15 00:00:00'::timestamp without time zone)"}]}]}]}, "Unique SQL Id": 177413717}, "explain_analyze_plan": {"Plan": {"Node Type": "Sort", "Startup Cost": 6389801.46, "Total Cost": 6389801.47, "Plan Rows": 6, "Plan Width": 36, "Actual Startup Time": 155801.771, "Actual Total Time": 155801.772, "Actual Rows": 4, "Actual Loops": 1, "Sort Key": ["l_returnflag", "l_linestatus"], "Sort Method": "quicksort", "Sort Space Used": 25, "Sort Space Type": "Memory", "Plans": [{"Node Type": "Aggregate", "Strategy": "Hashed", "Parent Relationship": "Outer", "Startup Cost": 6389801.27, "Total Cost": 6389801.38, "Plan Rows": 6, "Plan Width": 36, "Actual Startup Time": 155801.701, "Actual Total Time": 155801.704, "Actual Rows": 4, "Actual Loops": 1, "Group By Key": ["l_returnflag", "l_linestatus"], "Plans": [{"Node Type": "Bitmap Heap Scan", "Parent Relationship": "Outer", "Relation Name": "lineitem", "Alias": "lineitem", "Startup Cost": 1889239.74, "Total Cost": 4039083.91, "Plan Rows": 58767934, "Plan Width": 36, "Actual Startup Time": 26508.887, "Actual Total Time": 53329.645, "Actual Rows": 58773499, "Actual Loops": 1, "Recheck Cond": "(l_shipdate <= '1998-08-15 00:00:00'::timestamp without time zone), (LLVM Optimized, Jit Execute)", "Rows Removed by Index Recheck": 0, "Exact Heap Blocks": 1415245, "Lossy Heap Blocks": 1415245, "Plans": [{"Node Type": "Bitmap Index Scan", "Parent Relationship": "Outer", "Index Name": "idx_lineitem_shipdate", "Startup Cost": 0.0, "Total Cost": 1874547.75, "Plan Rows": 58767934, "Plan Width": 0, "Actual Startup Time": 25699.74, "Actual Total Time": 25699.74, "Actual Rows": 58773499, "Actual Loops": 1, "Index Cond": "(l_shipdate <= '1998-08-15 00:00:00'::timestamp without time zone)"}]}]}]}, "Triggers": [], "Planner Runtime": 0.253, "Total Runtime": 155814.524, "Unique SQL Id": 177413717}}, "(1, 2)": {"explain_plan": {"Plan": {"Node Type": "Sort", "Startup Cost": 4515800.46, "Total Cost": 4515800.47, "Plan Rows": 6, "Plan Width": 36, "Sort Key": ["l_returnflag", "l_linestatus"], "Plans": [{"Node Type": "Aggregate", "Strategy": "Hashed", "Parent Relationship": "Outer", "Startup Cost": 4515800.27, "Total Cost": 4515800.38, "Plan Rows": 6, "Plan Width": 36, "Group By Key": ["l_returnflag", "l_linestatus"], "Plans": [{"Node Type": "Seq Scan", "Parent Relationship": "Outer", "Relation Name": "lineitem", "Alias": "lineitem", "Startup Cost": 3.1, "Total Cost": 2165082.91, "Plan Rows": 58767934, "Plan Width": 36, "Filter": "(l_shipdate <= '1998-08-15 00:00:00'::timestamp without time zone), (LLVM Optimized)"}]}]}, "Unique SQL Id": 177413717}, "explain_analyze_plan": {"Plan": {"Node Type": "Sort", "Startup Cost": 4515800.46, "Total Cost": 4515800.47, "Plan Rows": 6, "Plan Width": 36, "Actual Startup Time": 129733.213, "Actual Total Time": 129733.213, "Actual Rows": 4, "Actual Loops": 1, "Sort Key": ["l_returnflag", "l_linestatus"], "Sort Method": "quicksort", "Sort Space Used": 25, "Sort Space Type": "Memory", "Plans": [{"Node Type": "Aggregate", "Strategy": "Hashed", "Parent Relationship": "Outer", "Startup Cost": 4515800.27, "Total Cost": 4515800.38, "Plan Rows": 6, "Plan Width": 36, "Actual Startup Time": 129733.109, "Actual Total Time": 129733.113, "Actual Rows": 4, "Actual Loops": 1, "Group By Key": ["l_returnflag", "l_linestatus"], "Plans": [{"Node Type": "Seq Scan", "Parent Relationship": "Outer", "Relation Name": "lineitem", "Alias": "lineitem", "Startup Cost": 3.1, "Total Cost": 2165082.91, "Plan Rows": 58767934, "Plan Width": 36, "Actual Startup Time": 0.025, "Actual Total Time": 27867.532, "Actual Rows": 58773499, "Actual Loops": 1, "Filter": "(l_shipdate <= '1998-08-15 00:00:00'::timestamp without time zone), (LLVM Optimized, Jit Execute)", "Rows Removed by Filter": 1212553}]}]}, "Triggers": [], "Planner Runtime": 0.268, "Total Runtime": 129744.578, "Unique SQL Id": 177413717}}, "(1, 3)": {"explain_plan": {"Plan": {"Node Type": "Sort", "Startup Cost": 6389801.46, "Total Cost": 6389801.47, "Plan Rows": 6, "Plan Width": 36, "Sort Key": ["l_returnflag", "l_linestatus"], "Plans": [{"Node Type": "Aggregate", "Strategy": "Hashed", "Parent Relationship": "Outer", "Startup Cost": 6389801.27, "Total Cost": 6389801.38, "Plan Rows": 6, "Plan Width": 36, "Group By Key": ["l_returnflag", "l_linestatus"], "Plans": [{"Node Type": "Bitmap Heap Scan", "Parent Relationship": "Outer", "Relation Name": "lineitem", "Alias": "lineitem", "Startup Cost": 1889239.74, "Total Cost": 4039083.91, "Plan Rows": 58767934, "Plan Width": 36, "Recheck Cond": "(l_shipdate <= '1998-08-15 00:00:00'::timestamp without time zone), (LLVM Optimized)", "Plans": [{"Node Type": "Bitmap Index Scan", "Parent Relationship": "Outer", "Index Name": "idx_lineitem_shipdate", "Startup Cost": 0.0, "Total Cost": 1874547.75, "Plan Rows": 58767934, "Plan Width": 0, "Index Cond": "(l_shipdate <= '1998-08-15 00:00:00'::timestamp without time zone)"}]}]}]}, "Unique SQL Id": 177413717}, "explain_analyze_plan": {"Plan": {"Node Type": "Sort", "Startup Cost": 6389801.46, "Total Cost": 6389801.47, "Plan Rows": 6, "Plan Width": 36, "Actual Startup Time": 155801.771, "Actual Total Time": 155801.772, "Actual Rows": 4, "Actual Loops": 1, "Sort Key": ["l_returnflag", "l_linestatus"], "Sort Method": "quicksort", "Sort Space Used": 25, "Sort Space Type": "Memory", "Plans": [{"Node Type": "Aggregate", "Strategy": "Hashed", "Parent Relationship": "Outer", "Startup Cost": 6389801.27, "Total Cost": 6389801.38, "Plan Rows": 6, "Plan Width": 36, "Actual Startup Time": 155801.701, "Actual Total Time": 155801.704, "Actual Rows": 4, "Actual Loops": 1, "Group By Key": ["l_returnflag", "l_linestatus"], "Plans": [{"Node Type": "Bitmap Heap Scan", "Parent Relationship": "Outer", "Relation Name": "lineitem", "Alias": "lineitem", "Startup Cost": 1889239.74, "Total Cost": 4039083.91, "Plan Rows": 58767934, "Plan Width": 36, "Actual Startup Time": 26508.887, "Actual Total Time": 53329.645, "Actual Rows": 58773499, "Actual Loops": 1, "Recheck Cond": "(l_shipdate <= '1998-08-15 00:00:00'::timestamp without time zone), (LLVM Optimized, Jit Execute)", "Rows Removed by Index Recheck": 0, "Exact Heap Blocks": 1415245, "Lossy Heap Blocks": 1415245, "Plans": [{"Node Type": "Bitmap Index Scan", "Parent Relationship": "Outer", "Index Name": "idx_lineitem_shipdate", "Startup Cost": 0.0, "Total Cost": 1874547.75, "Plan Rows": 58767934, "Plan Width": 0, "Actual Startup Time": 25699.74, "Actual Total Time": 25699.74, "Actual Rows": 58773499, "Actual Loops": 1, "Index Cond": "(l_shipdate <= '1998-08-15 00:00:00'::timestamp without time zone)"}]}]}]}, "Triggers": [], "Planner Runtime": 0.253, "Total Runtime": 155814.524, "Unique SQL Id": 177413717}}, "(1, 4)": {"explain_plan": {"Plan": {"Node Type": "Sort", "Startup Cost": 4515800.46, "Total Cost": 4515800.47, "Plan Rows": 6, "Plan Width": 36, "Sort Key": ["l_returnflag", "l_linestatus"], "Plans": [{"Node Type": "Aggregate", "Strategy": "Hashed", "Parent Relationship": "Outer", "Startup Cost": 4515800.27, "Total Cost": 4515800.38, "Plan Rows": 6, "Plan Width": 36, "Group By Key": ["l_returnflag", "l_linestatus"], "Plans": [{"Node Type": "Seq Scan", "Parent Relationship": "Outer", "Relation Name": "lineitem", "Alias": "lineitem", "Startup Cost": 3.1, "Total Cost": 2165082.91, "Plan Rows": 58767934, "Plan Width": 36, "Filter": "(l_shipdate <= '1998-08-15 00:00:00'::timestamp without time zone), (LLVM Optimized)"}]}]}, "Unique SQL Id": 177413717}, "explain_analyze_plan": {"Plan": {"Node Type": "Sort", "Startup Cost": 4515800.46, "Total Cost": 4515800.47, "Plan Rows": 6, "Plan Width": 36, "Actual Startup Time": 129733.213, "Actual Total Time": 129733.213, "Actual Rows": 4, "Actual Loops": 1, "Sort Key": ["l_returnflag", "l_linestatus"], "Sort Method": "quicksort", "Sort Space Used": 25, "Sort Space Type": "Memory", "Plans": [{"Node Type": "Aggregate", "Strategy": "Hashed", "Parent Relationship": "Outer", "Startup Cost": 4515800.27, "Total Cost": 4515800.38, "Plan Rows": 6, "Plan Width": 36, "Actual Startup Time": 129733.109, "Actual Total Time": 129733.113, "Actual Rows": 4, "Actual Loops": 1, "Group By Key": ["l_returnflag", "l_linestatus"], "Plans": [{"Node Type": "Seq Scan", "Parent Relationship": "Outer", "Relation Name": "lineitem", "Alias": "lineitem", "Startup Cost": 3.1, "Total Cost": 2165082.91, "Plan Rows": 58767934, "Plan Width": 36, "Actual Startup Time": 0.025, "Actual Total Time": 27867.532, "Actual Rows": 58773499, "Actual Loops": 1, "Filter": "(l_shipdate <= '1998-08-15 00:00:00'::timestamp without time zone), (LLVM Optimized, Jit Execute)", "Rows Removed by Filter": 1212553}]}]}, "Triggers": [], "Planner Runtime": 0.268, "Total Runtime": 129744.578, "Unique SQL Id": 177413717}}, "(1, 5)": {"explain_plan": {"Plan": {"Node Type": "Sort", "Startup Cost": 6389801.46, "Total Cost": 6389801.47, "Plan Rows": 6, "Plan Width": 36, "Sort Key": ["l_returnflag", "l_linestatus"], "Plans": [{"Node Type": "Aggregate", "Strategy": "Hashed", "Parent Relationship": "Outer", "Startup Cost": 6389801.27, "Total Cost": 6389801.38, "Plan Rows": 6, "Plan Width": 36, "Group By Key": ["l_returnflag", "l_linestatus"], "Plans": [{"Node Type": "Bitmap Heap Scan", "Parent Relationship": "Outer", "Relation Name": "lineitem", "Alias": "lineitem", "Startup Cost": 1889239.74, "Total Cost": 4039083.91, "Plan Rows": 58767934, "Plan Width": 36, "Recheck Cond": "(l_shipdate <= '1998-08-15 00:00:00'::timestamp without time zone), (LLVM Optimized)", "Plans": [{"Node Type": "Bitmap Index Scan", "Parent Relationship": "Outer", "Index Name": "idx_lineitem_shipdate", "Startup Cost": 0.0, "Total Cost": 1874547.75, "Plan Rows": 58767934, "Plan Width": 0, "Index Cond": "(l_shipdate <= '1998-08-15 00:00:00'::timestamp without time zone)"}]}]}]}, "Unique SQL Id": 177413717}, "explain_analyze_plan": {"Plan": {"Node Type": "Sort", "Startup Cost": 6389801.46, "Total Cost": 6389801.47, "Plan Rows": 6, "Plan Width": 36, "Actual Startup Time": 155801.771, "Actual Total Time": 155801.772, "Actual Rows": 4, "Actual Loops": 1, "Sort Key": ["l_returnflag", "l_linestatus"], "Sort Method": "quicksort", "Sort Space Used": 25, "Sort Space Type": "Memory", "Plans": [{"Node Type": "Aggregate", "Strategy": "Hashed", "Parent Relationship": "Outer", "Startup Cost": 6389801.27, "Total Cost": 6389801.38, "Plan Rows": 6, "Plan Width": 36, "Actual Startup Time": 155801.701, "Actual Total Time": 155801.704, "Actual Rows": 4, "Actual Loops": 1, "Group By Key": ["l_returnflag", "l_linestatus"], "Plans": [{"Node Type": "Bitmap Heap Scan", "Parent Relationship": "Outer", "Relation Name": "lineitem", "Alias": "lineitem", "Startup Cost": 1889239.74, "Total Cost": 4039083.91, "Plan Rows": 58767934, "Plan Width": 36, "Actual Startup Time": 26508.887, "Actual Total Time": 53329.645, "Actual Rows": 58773499, "Actual Loops": 1, "Recheck Cond": "(l_shipdate <= '1998-08-15 00:00:00'::timestamp without time zone), (LLVM Optimized, Jit Execute)", "Rows Removed by Index Recheck": 0, "Exact Heap Blocks": 1415245, "Lossy Heap Blocks": 1415245, "Plans": [{"Node Type": "Bitmap Index Scan", "Parent Relationship": "Outer", "Index Name": "idx_lineitem_shipdate", "Startup Cost": 0.0, "Total Cost": 1874547.75, "Plan Rows": 58767934, "Plan Width": 0, "Actual Startup Time": 25699.74, "Actual Total Time": 25699.74, "Actual Rows": 58773499, "Actual Loops": 1, "Index Cond": "(l_shipdate <= '1998-08-15 00:00:00'::timestamp without time zone)"}]}]}]}, "Triggers": [], "Planner Runtime": 0.253, "Total Runtime": 155814.524, "Unique SQL Id": 177413717}}, "(1, 6)": {"explain_plan": {"Plan": {"Node Type": "Sort", "Startup Cost": 4515800.46, "Total Cost": 4515800.47, "Plan Rows": 6, "Plan Width": 36, "Sort Key": ["l_returnflag", "l_linestatus"], "Plans": [{"Node Type": "Aggregate", "Strategy": "Hashed", "Parent Relationship": "Outer", "Startup Cost": 4515800.27, "Total Cost": 4515800.38, "Plan Rows": 6, "Plan Width": 36, "Group By Key": ["l_returnflag", "l_linestatus"], "Plans": [{"Node Type": "Seq Scan", "Parent Relationship": "Outer", "Relation Name": "lineitem", "Alias": "lineitem", "Startup Cost": 3.1, "Total Cost": 2165082.91, "Plan Rows": 58767934, "Plan Width": 36, "Filter": "(l_shipdate <= '1998-08-15 00:00:00'::timestamp without time zone), (LLVM Optimized)"}]}]}, "Unique SQL Id": 177413717}, "explain_analyze_plan": {"Plan": {"Node Type": "Sort", "Startup Cost": 4515800.46, "Total Cost": 4515800.47, "Plan Rows": 6, "Plan Width": 36, "Actual Startup Time": 129733.213, "Actual Total Time": 129733.213, "Actual Rows": 4, "Actual Loops": 1, "Sort Key": ["l_returnflag", "l_linestatus"], "Sort Method": "quicksort", "Sort Space Used": 25, "Sort Space Type": "Memory", "Plans": [{"Node Type": "Aggregate", "Strategy": "Hashed", "Parent Relationship": "Outer", "Startup Cost": 4515800.27, "Total Cost": 4515800.38, "Plan Rows": 6, "Plan Width": 36, "Actual Startup Time": 129733.109, "Actual Total Time": 129733.113, "Actual Rows": 4, "Actual Loops": 1, "Group By Key": ["l_returnflag", "l_linestatus"], "Plans": [{"Node Type": "Seq Scan", "Parent Relationship": "Outer", "Relation Name": "lineitem", "Alias": "lineitem", "Startup Cost": 3.1, "Total Cost": 2165082.91, "Plan Rows": 58767934, "Plan Width": 36, "Actual Startup Time": 0.025, "Actual Total Time": 27867.532, "Actual Rows": 58773499, "Actual Loops": 1, "Filter": "(l_shipdate <= '1998-08-15 00:00:00'::timestamp without time zone), (LLVM Optimized, Jit Execute)", "Rows Removed by Filter": 1212553}]}]}, "Triggers": [], "Planner Runtime": 0.268, "Total Runtime": 129744.578, "Unique SQL Id": 177413717}}, "(1, 7)": {"explain_plan": {"Plan": {"Node Type": "Sort", "Startup Cost": 6389801.46, "Total Cost": 6389801.47, "Plan Rows": 6, "Plan Width": 36, "Sort Key": ["l_returnflag", "l_linestatus"], "Plans": [{"Node Type": "Aggregate", "Strategy": "Hashed", "Parent Relationship": "Outer", "Startup Cost": 6389801.27, "Total Cost": 6389801.38, "Plan Rows": 6, "Plan Width": 36, "Group By Key": ["l_returnflag", "l_linestatus"], "Plans": [{"Node Type": "Bitmap Heap Scan", "Parent Relationship": "Outer", "Relation Name": "lineitem", "Alias": "lineitem", "Startup Cost": 1889239.74, "Total Cost": 4039083.91, "Plan Rows": 58767934, "Plan Width": 36, "Recheck Cond": "(l_shipdate <= '1998-08-15 00:00:00'::timestamp without time zone), (LLVM Optimized)", "Plans": [{"Node Type": "Bitmap Index Scan", "Parent Relationship": "Outer", "Index Name": "idx_lineitem_shipdate", "Startup Cost": 0.0, "Total Cost": 1874547.75, "Plan Rows": 58767934, "Plan Width": 0, "Index Cond": "(l_shipdate <= '1998-08-15 00:00:00'::timestamp without time zone)"}]}]}]}, "Unique SQL Id": 177413717}, "explain_analyze_plan": {"Plan": {"Node Type": "Sort", "Startup Cost": 6389801.46, "Total Cost": 6389801.47, "Plan Rows": 6, "Plan Width": 36, "Actual Startup Time": 155801.771, "Actual Total Time": 155801.772, "Actual Rows": 4, "Actual Loops": 1, "Sort Key": ["l_returnflag", "l_linestatus"], "Sort Method": "quicksort", "Sort Space Used": 25, "Sort Space Type": "Memory", "Plans": [{"Node Type": "Aggregate", "Strategy": "Hashed", "Parent Relationship": "Outer", "Startup Cost": 6389801.27, "Total Cost": 6389801.38, "Plan Rows": 6, "Plan Width": 36, "Actual Startup Time": 155801.701, "Actual Total Time": 155801.704, "Actual Rows": 4, "Actual Loops": 1, "Group By Key": ["l_returnflag", "l_linestatus"], "Plans": [{"Node Type": "Bitmap Heap Scan", "Parent Relationship": "Outer", "Relation Name": "lineitem", "Alias": "lineitem", "Startup Cost": 1889239.74, "Total Cost": 4039083.91, "Plan Rows": 58767934, "Plan Width": 36, "Actual Startup Time": 26508.887, "Actual Total Time": 53329.645, "Actual Rows": 58773499, "Actual Loops": 1, "Recheck Cond": "(l_shipdate <= '1998-08-15 00:00:00'::timestamp without time zone), (LLVM Optimized, Jit Execute)", "Rows Removed by Index Recheck": 0, "Exact Heap Blocks": 1415245, "Lossy Heap Blocks": 1415245, "Plans": [{"Node Type": "Bitmap Index Scan", "Parent Relationship": "Outer", "Index Name": "idx_lineitem_shipdate", "Startup Cost": 0.0, "Total Cost": 1874547.75, "Plan Rows": 58767934, "Plan Width": 0, "Actual Startup Time": 25699.74, "Actual Total Time": 25699.74, "Actual Rows": 58773499, "Actual Loops": 1, "Index Cond": "(l_shipdate <= '1998-08-15 00:00:00'::timestamp without time zone)"}]}]}]}, "Triggers": [], "Planner Runtime": 0.253, "Total Runtime": 155814.524, "Unique SQL Id": 177413717}}, "(1, 8)": {"explain_plan": {"Plan": {"Node Type": "Sort", "Startup Cost": 4515800.46, "Total Cost": 4515800.47, "Plan Rows": 6, "Plan Width": 36, "Sort Key": ["l_returnflag", "l_linestatus"], "Plans": [{"Node Type": "Aggregate", "Strategy": "Hashed", "Parent Relationship": "Outer", "Startup Cost": 4515800.27, "Total Cost": 4515800.38, "Plan Rows": 6, "Plan Width": 36, "Group By Key": ["l_returnflag", "l_linestatus"], "Plans": [{"Node Type": "Seq Scan", "Parent Relationship": "Outer", "Relation Name": "lineitem", "Alias": "lineitem", "Startup Cost": 3.1, "Total Cost": 2165082.91, "Plan Rows": 58767934, "Plan Width": 36, "Filter": "(l_shipdate <= '1998-08-15 00:00:00'::timestamp without time zone), (LLVM Optimized)"}]}]}, "Unique SQL Id": 177413717}, "explain_analyze_plan": {"Plan": {"Node Type": "Sort", "Startup Cost": 4515800.46, "Total Cost": 4515800.47, "Plan Rows": 6, "Plan Width": 36, "Actual Startup Time": 129733.213, "Actual Total Time": 129733.213, "Actual Rows": 4, "Actual Loops": 1, "Sort Key": ["l_returnflag", "l_linestatus"], "Sort Method": "quicksort", "Sort Space Used": 25, "Sort Space Type": "Memory", "Plans": [{"Node Type": "Aggregate", "Strategy": "Hashed", "Parent Relationship": "Outer", "Startup Cost": 4515800.27, "Total Cost": 4515800.38, "Plan Rows": 6, "Plan Width": 36, "Actual Startup Time": 129733.109, "Actual Total Time": 129733.113, "Actual Rows": 4, "Actual Loops": 1, "Group By Key": ["l_returnflag", "l_linestatus"], "Plans": [{"Node Type": "Seq Scan", "Parent Relationship": "Outer", "Relation Name": "lineitem", "Alias": "lineitem", "Startup Cost": 3.1, "Total Cost": 2165082.91, "Plan Rows": 58767934, "Plan Width": 36, "Actual Startup Time": 0.025, "Actual Total Time": 27867.532, "Actual Rows": 58773499, "Actual Loops": 1, "Filter": "(l_shipdate <= '1998-08-15 00:00:00'::timestamp without time zone), (LLVM Optimized, Jit Execute)", "Rows Removed by Filter": 1212553}]}]}, "Triggers": [], "Planner Runtime": 0.268, "Total Runtime": 129744.578, "Unique SQL Id": 177413717}}, "(1, 9)": {"explain_plan": {"Plan": {"Node Type": "Sort", "Startup Cost": 10473924.63, "Total Cost": 10473924.64, "Plan Rows": 6, "Plan Width": 36, "Sort Key": ["l_returnflag", "l_linestatus"], "Plans": [{"Node Type": "Aggregate", "Strategy": "Hashed", "Parent Relationship": "Outer", "Startup Cost": 10473924.44, "Total Cost": 10473924.55, "Plan Rows": 6, "Plan Width": 36, "Group By Key": ["l_returnflag", "l_linestatus"], "Plans": [{"Node Type": "Index Scan", "Parent Relationship": "Outer", "Scan Direction": "Forward", "Index Name": "idx_lineitem_shipdate", "Relation Name": "lineitem", "Alias": "lineitem", "Startup Cost": 0.0, "Total Cost": 8123207.08, "Plan Rows": 58767934, "Plan Width": 36, "Index Cond": "(l_shipdate <= '1998-08-15 00:00:00'::timestamp without time zone), (LLVM Optimized)"}]}]}, "Unique SQL Id": 177413717}, "explain_analyze_plan": {"Plan": {"Node Type": "Sort", "Startup Cost": 10473924.63, "Total Cost": 10473924.64, "Plan Rows": 6, "Plan Width": 36, "Actual Startup Time": 281124.27, "Actual Total Time": 281124.271, "Actual Rows": 4, "Actual Loops": 1, "Sort Key": ["l_returnflag", "l_linestatus"], "Sort Method": "quicksort", "Sort Space Used": 25, "Sort Space Type": "Memory", "Plans": [{"Node Type": "Aggregate", "Strategy": "Hashed", "Parent Relationship": "Outer", "Startup Cost": 10473924.44, "Total Cost": 10473924.55, "Plan Rows": 6, "Plan Width": 36, "Actual Startup Time": 281124.166, "Actual Total Time": 281124.17, "Actual Rows": 4, "Actual Loops": 1, "Group By Key": ["l_returnflag", "l_linestatus"], "Plans": [{"Node Type": "Index Scan", "Parent Relationship": "Outer", "Scan Direction": "Forward", "Index Name": "idx_lineitem_shipdate", "Relation Name": "lineitem", "Alias": "lineitem", "Startup Cost": 0.0, "Total Cost": 8123207.08, "Plan Rows": 58767934, "Plan Width": 36, "Actual Startup Time": 0.053, "Actual Total Time": 166240.785, "Actual Rows": 58773499, "Actual Loops": 1, "Index Cond": "(l_shipdate <= '1998-08-15 00:00:00'::timestamp without time zone), (LLVM Optimized, Jit Execute)", "Rows Removed by Index Recheck": 0}]}]}, "Triggers": [], "Planner Runtime": 0.249, "Total Runtime": 281135.703, "Unique SQL Id": 177413717}}, "(1, 10)": {"explain_plan": {"Plan": {"Node Type": "Sort", "Startup Cost": 4515800.46, "Total Cost": 4515800.47, "Plan Rows": 6, "Plan Width": 36, "Sort Key": ["l_returnflag", "l_linestatus"], "Plans": [{"Node Type": "Aggregate", "Strategy": "Hashed", "Parent Relationship": "Outer", "Startup Cost": 4515800.27, "Total Cost": 4515800.38, "Plan Rows": 6, "Plan Width": 36, "Group By Key": ["l_returnflag", "l_linestatus"], "Plans": [{"Node Type": "Seq Scan", "Parent Relationship": "Outer", "Relation Name": "lineitem", "Alias": "lineitem", "Startup Cost": 3.1, "Total Cost": 2165082.91, "Plan Rows": 58767934, "Plan Width": 36, "Filter": "(l_shipdate <= '1998-08-15 00:00:00'::timestamp without time zone), (LLVM Optimized)"}]}]}, "Unique SQL Id": 177413717}, "explain_analyze_plan": {"Plan": {"Node Type": "Sort", "Startup Cost": 4515800.46, "Total Cost": 4515800.47, "Plan Rows": 6, "Plan Width": 36, "Actual Startup Time": 129733.213, "Actual Total Time": 129733.213, "Actual Rows": 4, "Actual Loops": 1, "Sort Key": ["l_returnflag", "l_linestatus"], "Sort Method": "quicksort", "Sort Space Used": 25, "Sort Space Type": "Memory", "Plans": [{"Node Type": "Aggregate", "Strategy": "Hashed", "Parent Relationship": "Outer", "Startup Cost": 4515800.27, "Total Cost": 4515800.38, "Plan Rows": 6, "Plan Width": 36, "Actual Startup Time": 129733.109, "Actual Total Time": 129733.113, "Actual Rows": 4, "Actual Loops": 1, "Group By Key": ["l_returnflag", "l_linestatus"], "Plans": [{"Node Type": "Seq Scan", "Parent Relationship": "Outer", "Relation Name": "lineitem", "Alias": "lineitem", "Startup Cost": 3.1, "Total Cost": 2165082.91, "Plan Rows": 58767934, "Plan Width": 36, "Actual Startup Time": 0.025, "Actual Total Time": 27867.532, "Actual Rows": 58773499, "Actual Loops": 1, "Filter": "(l_shipdate <= '1998-08-15 00:00:00'::timestamp without time zone), (LLVM Optimized, Jit Execute)", "Rows Removed by Filter": 1212553}]}]}, "Triggers": [], "Planner Runtime": 0.268, "Total Runtime": 129744.578, "Unique SQL Id": 177413717}}, "(1, 11)": {"explain_plan": {"Plan": {"Node Type": "Sort", "Startup Cost": 1000218859008.79, "Total Cost": 1000218859008.81, "Plan Rows": 6, "Plan Width": 36, "Sort Key": ["l_returnflag", "l_linestatus"], "Plans": [{"Node Type": "Aggregate", "Strategy": "Hashed", "Parent Relationship": "Outer", "Startup Cost": 1000218859008.61, "Total Cost": 1000218859008.72, "Plan Rows": 6, "Plan Width": 36, "Group By Key": ["l_returnflag", "l_linestatus"], "Plans": [{"Node Type": "Seq Scan", "Parent Relationship": "Outer", "Relation Name": "lineitem", "Alias": "lineitem", "Startup Cost": 10000000003.1, "Total Cost": 1000216508291.25, "Plan Rows": 58767934, "Plan Width": 36, "Filter": "(l_shipdate <= '1998-08-15 00:00:00'::timestamp without time zone), (LLVM Optimized)"}]}]}, "Unique SQL Id": 177413717}, "explain_analyze_plan": {"Plan": {"Node Type": "Sort", "Startup Cost": 1000218859008.79, "Total Cost": 1000218859008.81, "Plan Rows": 6, "Plan Width": 36, "Actual Startup Time": 132518.906, "Actual Total Time": 132518.907, "Actual Rows": 4, "Actual Loops": 1, "Sort Key": ["l_returnflag", "l_linestatus"], "Sort Method": "quicksort", "Sort Space Used": 25, "Sort Space Type": "Memory", "Plans": [{"Node Type": "Aggregate", "Strategy": "Hashed", "Parent Relationship": "Outer", "Startup Cost": 1000218859008.61, "Total Cost": 1000218859008.72, "Plan Rows": 6, "Plan Width": 36, "Actual Startup Time": 132518.825, "Actual Total Time": 132518.829, "Actual Rows": 4, "Actual Loops": 1, "Group By Key": ["l_returnflag", "l_linestatus"], "Plans": [{"Node Type": "Seq Scan", "Parent Relationship": "Outer", "Relation Name": "lineitem", "Alias": "lineitem", "Startup Cost": 10000000003.1, "Total Cost": 1000216508291.25, "Plan Rows": 58767934, "Plan Width": 36, "Actual Startup Time": 0.027, "Actual Total Time": 28059.666, "Actual Rows": 58773499, "Actual Loops": 1, "Filter": "(l_shipdate <= '1998-08-15 00:00:00'::timestamp without time zone), (LLVM Optimized, Jit Execute)", "Rows Removed by Filter": 1212553}]}]}, "Triggers": [], "Planner Runtime": 0.24, "Total Runtime": 132530.325, "Unique SQL Id": 177413717}}, "(1, 12)": {"explain_plan": {"Plan": {"Node Type": "Sort", "Startup Cost": 4515800.46, "Total Cost": 4515800.47, "Plan Rows": 6, "Plan Width": 36, "Sort Key": ["l_returnflag", "l_linestatus"], "Plans": [{"Node Type": "Aggregate", "Strategy": "Hashed", "Parent Relationship": "Outer", "Startup Cost": 4515800.27, "Total Cost": 4515800.38, "Plan Rows": 6, "Plan Width": 36, "Group By Key": ["l_returnflag", "l_linestatus"], "Plans": [{"Node Type": "Seq Scan", "Parent Relationship": "Outer", "Relation Name": "lineitem", "Alias": "lineitem", "Startup Cost": 3.1, "Total Cost": 2165082.91, "Plan Rows": 58767934, "Plan Width": 36, "Filter": "(l_shipdate <= '1998-08-15 00:00:00'::timestamp without time zone), (LLVM Optimized)"}]}]}, "Unique SQL Id": 177413717}, "explain_analyze_plan": {"Plan": {"Node Type": "Sort", "Startup Cost": 4515800.46, "Total Cost": 4515800.47, "Plan Rows": 6, "Plan Width": 36, "Actual Startup Time": 129733.213, "Actual Total Time": 129733.213, "Actual Rows": 4, "Actual Loops": 1, "Sort Key": ["l_returnflag", "l_linestatus"], "Sort Method": "quicksort", "Sort Space Used": 25, "Sort Space Type": "Memory", "Plans": [{"Node Type": "Aggregate", "Strategy": "Hashed", "Parent Relationship": "Outer", "Startup Cost": 4515800.27, "Total Cost": 4515800.38, "Plan Rows": 6, "Plan Width": 36, "Actual Startup Time": 129733.109, "Actual Total Time": 129733.113, "Actual Rows": 4, "Actual Loops": 1, "Group By Key": ["l_returnflag", "l_linestatus"], "Plans": [{"Node Type": "Seq Scan", "Parent Relationship": "Outer", "Relation Name": "lineitem", "Alias": "lineitem", "Startup Cost": 3.1, "Total Cost": 2165082.91, "Plan Rows": 58767934, "Plan Width": 36, "Actual Startup Time": 0.025, "Actual Total Time": 27867.532, "Actual Rows": 58773499, "Actual Loops": 1, "Filter": "(l_shipdate <= '1998-08-15 00:00:00'::timestamp without time zone), (LLVM Optimized, Jit Execute)", "Rows Removed by Filter": 1212553}]}]}, "Triggers": [], "Planner Runtime": 0.268, "Total Runtime": 129744.578, "Unique SQL Id": 177413717}}, "(1, 13)": {"explain_plan": {"Plan": {"Node Type": "Sort", "Startup Cost": 10473924.63, "Total Cost": 10473924.64, "Plan Rows": 6, "Plan Width": 36, "Sort Key": ["l_returnflag", "l_linestatus"], "Plans": [{"Node Type": "Aggregate", "Strategy": "Hashed", "Parent Relationship": "Outer", "Startup Cost": 10473924.44, "Total Cost": 10473924.55, "Plan Rows": 6, "Plan Width": 36, "Group By Key": ["l_returnflag", "l_linestatus"], "Plans": [{"Node Type": "Index Scan", "Parent Relationship": "Outer", "Scan Direction": "Forward", "Index Name": "idx_lineitem_shipdate", "Relation Name": "lineitem", "Alias": "lineitem", "Startup Cost": 0.0, "Total Cost": 8123207.08, "Plan Rows": 58767934, "Plan Width": 36, "Index Cond": "(l_shipdate <= '1998-08-15 00:00:00'::timestamp without time zone), (LLVM Optimized)"}]}]}, "Unique SQL Id": 177413717}, "explain_analyze_plan": {"Plan": {"Node Type": "Sort", "Startup Cost": 10473924.63, "Total Cost": 10473924.64, "Plan Rows": 6, "Plan Width": 36, "Actual Startup Time": 281124.27, "Actual Total Time": 281124.271, "Actual Rows": 4, "Actual Loops": 1, "Sort Key": ["l_returnflag", "l_linestatus"], "Sort Method": "quicksort", "Sort Space Used": 25, "Sort Space Type": "Memory", "Plans": [{"Node Type": "Aggregate", "Strategy": "Hashed", "Parent Relationship": "Outer", "Startup Cost": 10473924.44, "Total Cost": 10473924.55, "Plan Rows": 6, "Plan Width": 36, "Actual Startup Time": 281124.166, "Actual Total Time": 281124.17, "Actual Rows": 4, "Actual Loops": 1, "Group By Key": ["l_returnflag", "l_linestatus"], "Plans": [{"Node Type": "Index Scan", "Parent Relationship": "Outer", "Scan Direction": "Forward", "Index Name": "idx_lineitem_shipdate", "Relation Name": "lineitem", "Alias": "lineitem", "Startup Cost": 0.0, "Total Cost": 8123207.08, "Plan Rows": 58767934, "Plan Width": 36, "Actual Startup Time": 0.053, "Actual Total Time": 166240.785, "Actual Rows": 58773499, "Actual Loops": 1, "Index Cond": "(l_shipdate <= '1998-08-15 00:00:00'::timestamp without time zone), (LLVM Optimized, Jit Execute)", "Rows Removed by Index Recheck": 0}]}]}, "Triggers": [], "Planner Runtime": 0.249, "Total Runtime": 281135.703, "Unique SQL Id": 177413717}}, "(1, 14)": {"explain_plan": {"Plan": {"Node Type": "Sort", "Startup Cost": 4515800.46, "Total Cost": 4515800.47, "Plan Rows": 6, "Plan Width": 36, "Sort Key": ["l_returnflag", "l_linestatus"], "Plans": [{"Node Type": "Aggregate", "Strategy": "Hashed", "Parent Relationship": "Outer", "Startup Cost": 4515800.27, "Total Cost": 4515800.38, "Plan Rows": 6, "Plan Width": 36, "Group By Key": ["l_returnflag", "l_linestatus"], "Plans": [{"Node Type": "Seq Scan", "Parent Relationship": "Outer", "Relation Name": "lineitem", "Alias": "lineitem", "Startup Cost": 3.1, "Total Cost": 2165082.91, "Plan Rows": 58767934, "Plan Width": 36, "Filter": "(l_shipdate <= '1998-08-15 00:00:00'::timestamp without time zone), (LLVM Optimized)"}]}]}, "Unique SQL Id": 177413717}, "explain_analyze_plan": {"Plan": {"Node Type": "Sort", "Startup Cost": 4515800.46, "Total Cost": 4515800.47, "Plan Rows": 6, "Plan Width": 36, "Actual Startup Time": 129733.213, "Actual Total Time": 129733.213, "Actual Rows": 4, "Actual Loops": 1, "Sort Key": ["l_returnflag", "l_linestatus"], "Sort Method": "quicksort", "Sort Space Used": 25, "Sort Space Type": "Memory", "Plans": [{"Node Type": "Aggregate", "Strategy": "Hashed", "Parent Relationship": "Outer", "Startup Cost": 4515800.27, "Total Cost": 4515800.38, "Plan Rows": 6, "Plan Width": 36, "Actual Startup Time": 129733.109, "Actual Total Time": 129733.113, "Actual Rows": 4, "Actual Loops": 1, "Group By Key": ["l_returnflag", "l_linestatus"], "Plans": [{"Node Type": "Seq Scan", "Parent Relationship": "Outer", "Relation Name": "lineitem", "Alias": "lineitem", "Startup Cost": 3.1, "Total Cost": 2165082.91, "Plan Rows": 58767934, "Plan Width": 36, "Actual Startup Time": 0.025, "Actual Total Time": 27867.532, "Actual Rows": 58773499, "Actual Loops": 1, "Filter": "(l_shipdate <= '1998-08-15 00:00:00'::timestamp without time zone), (LLVM Optimized, Jit Execute)", "Rows Removed by Filter": 1212553}]}]}, "Triggers": [], "Planner Runtime": 0.268, "Total Runtime": 129744.578, "Unique SQL Id": 177413717}}, "(1, 15)": {"explain_plan": {"Plan": {"Node Type": "Sort", "Startup Cost": 1000218859008.79, "Total Cost": 1000218859008.81, "Plan Rows": 6, "Plan Width": 36, "Sort Key": ["l_returnflag", "l_linestatus"], "Plans": [{"Node Type": "Aggregate", "Strategy": "Hashed", "Parent Relationship": "Outer", "Startup Cost": 1000218859008.61, "Total Cost": 1000218859008.72, "Plan Rows": 6, "Plan Width": 36, "Group By Key": ["l_returnflag", "l_linestatus"], "Plans": [{"Node Type": "Seq Scan", "Parent Relationship": "Outer", "Relation Name": "lineitem", "Alias": "lineitem", "Startup Cost": 10000000003.1, "Total Cost": 1000216508291.25, "Plan Rows": 58767934, "Plan Width": 36, "Filter": "(l_shipdate <= '1998-08-15 00:00:00'::timestamp without time zone), (LLVM Optimized)"}]}]}, "Unique SQL Id": 177413717}, "explain_analyze_plan": {"Plan": {"Node Type": "Sort", "Startup Cost": 1000218859008.79, "Total Cost": 1000218859008.81, "Plan Rows": 6, "Plan Width": 36, "Actual Startup Time": 132518.906, "Actual Total Time": 132518.907, "Actual Rows": 4, "Actual Loops": 1, "Sort Key": ["l_returnflag", "l_linestatus"], "Sort Method": "quicksort", "Sort Space Used": 25, "Sort Space Type": "Memory", "Plans": [{"Node Type": "Aggregate", "Strategy": "Hashed", "Parent Relationship": "Outer", "Startup Cost": 1000218859008.61, "Total Cost": 1000218859008.72, "Plan Rows": 6, "Plan Width": 36, "Actual Startup Time": 132518.825, "Actual Total Time": 132518.829, "Actual Rows": 4, "Actual Loops": 1, "Group By Key": ["l_returnflag", "l_linestatus"], "Plans": [{"Node Type": "Seq Scan", "Parent Relationship": "Outer", "Relation Name": "lineitem", "Alias": "lineitem", "Startup Cost": 10000000003.1, "Total Cost": 1000216508291.25, "Plan Rows": 58767934, "Plan Width": 36, "Actual Startup Time": 0.027, "Actual Total Time": 28059.666, "Actual Rows": 58773499, "Actual Loops": 1, "Filter": "(l_shipdate <= '1998-08-15 00:00:00'::timestamp without time zone), (LLVM Optimized, Jit Execute)", "Rows Removed by Filter": 1212553}]}]}, "Triggers": [], "Planner Runtime": 0.24, "Total Runtime": 132530.325, "Unique SQL Id": 177413717}}, "(1, 16)": {"explain_plan": {"Plan": {"Node Type": "Sort", "Startup Cost": 4515800.46, "Total Cost": 4515800.47, "Plan Rows": 6, "Plan Width": 36, "Sort Key": ["l_returnflag", "l_linestatus"], "Plans": [{"Node Type": "Aggregate", "Strategy": "Hashed", "Parent Relationship": "Outer", "Startup Cost": 4515800.27, "Total Cost": 4515800.38, "Plan Rows": 6, "Plan Width": 36, "Group By Key": ["l_returnflag", "l_linestatus"], "Plans": [{"Node Type": "Seq Scan", "Parent Relationship": "Outer", "Relation Name": "lineitem", "Alias": "lineitem", "Startup Cost": 3.1, "Total Cost": 2165082.91, "Plan Rows": 58767934, "Plan Width": 36, "Filter": "(l_shipdate <= '1998-08-15 00:00:00'::timestamp without time zone), (LLVM Optimized)"}]}]}, "Unique SQL Id": 177413717}, "explain_analyze_plan": {"Plan": {"Node Type": "Sort", "Startup Cost": 4515800.46, "Total Cost": 4515800.47, "Plan Rows": 6, "Plan Width": 36, "Actual Startup Time": 129733.213, "Actual Total Time": 129733.213, "Actual Rows": 4, "Actual Loops": 1, "Sort Key": ["l_returnflag", "l_linestatus"], "Sort Method": "quicksort", "Sort Space Used": 25, "Sort Space Type": "Memory", "Plans": [{"Node Type": "Aggregate", "Strategy": "Hashed", "Parent Relationship": "Outer", "Startup Cost": 4515800.27, "Total Cost": 4515800.38, "Plan Rows": 6, "Plan Width": 36, "Actual Startup Time": 129733.109, "Actual Total Time": 129733.113, "Actual Rows": 4, "Actual Loops": 1, "Group By Key": ["l_returnflag", "l_linestatus"], "Plans": [{"Node Type": "Seq Scan", "Parent Relationship": "Outer", "Relation Name": "lineitem", "Alias": "lineitem", "Startup Cost": 3.1, "Total Cost": 2165082.91, "Plan Rows": 58767934, "Plan Width": 36, "Actual Startup Time": 0.025, "Actual Total Time": 27867.532, "Actual Rows": 58773499, "Actual Loops": 1, "Filter": "(l_shipdate <= '1998-08-15 00:00:00'::timestamp without time zone), (LLVM Optimized, Jit Execute)", "Rows Removed by Filter": 1212553}]}]}, "Triggers": [], "Planner Runtime": 0.268, "Total Runtime": 129744.578, "Unique SQL Id": 177413717}}, "(1, 17)": {"explain_plan": {"Plan": {"Node Type": "Sort", "Startup Cost": 6389801.46, "Total Cost": 6389801.47, "Plan Rows": 6, "Plan Width": 36, "Sort Key": ["l_returnflag", "l_linestatus"], "Plans": [{"Node Type": "Aggregate", "Strategy": "Hashed", "Parent Relationship": "Outer", "Startup Cost": 6389801.27, "Total Cost": 6389801.38, "Plan Rows": 6, "Plan Width": 36, "Group By Key": ["l_returnflag", "l_linestatus"], "Plans": [{"Node Type": "Bitmap Heap Scan", "Parent Relationship": "Outer", "Relation Name": "lineitem", "Alias": "lineitem", "Startup Cost": 1889239.74, "Total Cost": 4039083.91, "Plan Rows": 58767934, "Plan Width": 36, "Recheck Cond": "(l_shipdate <= '1998-08-15 00:00:00'::timestamp without time zone), (LLVM Optimized)", "Plans": [{"Node Type": "Bitmap Index Scan", "Parent Relationship": "Outer", "Index Name": "idx_lineitem_shipdate", "Startup Cost": 0.0, "Total Cost": 1874547.75, "Plan Rows": 58767934, "Plan Width": 0, "Index Cond": "(l_shipdate <= '1998-08-15 00:00:00'::timestamp without time zone)"}]}]}]}, "Unique SQL Id": 177413717}, "explain_analyze_plan": {"Plan": {"Node Type": "Sort", "Startup Cost": 6389801.46, "Total Cost": 6389801.47, "Plan Rows": 6, "Plan Width": 36, "Actual Startup Time": 155801.771, "Actual Total Time": 155801.772, "Actual Rows": 4, "Actual Loops": 1, "Sort Key": ["l_returnflag", "l_linestatus"], "Sort Method": "quicksort", "Sort Space Used": 25, "Sort Space Type": "Memory", "Plans": [{"Node Type": "Aggregate", "Strategy": "Hashed", "Parent Relationship": "Outer", "Startup Cost": 6389801.27, "Total Cost": 6389801.38, "Plan Rows": 6, "Plan Width": 36, "Actual Startup Time": 155801.701, "Actual Total Time": 155801.704, "Actual Rows": 4, "Actual Loops": 1, "Group By Key": ["l_returnflag", "l_linestatus"], "Plans": [{"Node Type": "Bitmap Heap Scan", "Parent Relationship": "Outer", "Relation Name": "lineitem", "Alias": "lineitem", "Startup Cost": 1889239.74, "Total Cost": 4039083.91, "Plan Rows": 58767934, "Plan Width": 36, "Actual Startup Time": 26508.887, "Actual Total Time": 53329.645, "Actual Rows": 58773499, "Actual Loops": 1, "Recheck Cond": "(l_shipdate <= '1998-08-15 00:00:00'::timestamp without time zone), (LLVM Optimized, Jit Execute)", "Rows Removed by Index Recheck": 0, "Exact Heap Blocks": 1415245, "Lossy Heap Blocks": 1415245, "Plans": [{"Node Type": "Bitmap Index Scan", "Parent Relationship": "Outer", "Index Name": "idx_lineitem_shipdate", "Startup Cost": 0.0, "Total Cost": 1874547.75, "Plan Rows": 58767934, "Plan Width": 0, "Actual Startup Time": 25699.74, "Actual Total Time": 25699.74, "Actual Rows": 58773499, "Actual Loops": 1, "Index Cond": "(l_shipdate <= '1998-08-15 00:00:00'::timestamp without time zone)"}]}]}]}, "Triggers": [], "Planner Runtime": 0.253, "Total Runtime": 155814.524, "Unique SQL Id": 177413717}}, "(1, 18)": {"explain_plan": {"Plan": {"Node Type": "Sort", "Startup Cost": 4515800.46, "Total Cost": 4515800.47, "Plan Rows": 6, "Plan Width": 36, "Sort Key": ["l_returnflag", "l_linestatus"], "Plans": [{"Node Type": "Aggregate", "Strategy": "Hashed", "Parent Relationship": "Outer", "Startup Cost": 4515800.27, "Total Cost": 4515800.38, "Plan Rows": 6, "Plan Width": 36, "Group By Key": ["l_returnflag", "l_linestatus"], "Plans": [{"Node Type": "Seq Scan", "Parent Relationship": "Outer", "Relation Name": "lineitem", "Alias": "lineitem", "Startup Cost": 3.1, "Total Cost": 2165082.91, "Plan Rows": 58767934, "Plan Width": 36, "Filter": "(l_shipdate <= '1998-08-15 00:00:00'::timestamp without time zone), (LLVM Optimized)"}]}]}, "Unique SQL Id": 177413717}, "explain_analyze_plan": {"Plan": {"Node Type": "Sort", "Startup Cost": 4515800.46, "Total Cost": 4515800.47, "Plan Rows": 6, "Plan Width": 36, "Actual Startup Time": 129733.213, "Actual Total Time": 129733.213, "Actual Rows": 4, "Actual Loops": 1, "Sort Key": ["l_returnflag", "l_linestatus"], "Sort Method": "quicksort", "Sort Space Used": 25, "Sort Space Type": "Memory", "Plans": [{"Node Type": "Aggregate", "Strategy": "Hashed", "Parent Relationship": "Outer", "Startup Cost": 4515800.27, "Total Cost": 4515800.38, "Plan Rows": 6, "Plan Width": 36, "Actual Startup Time": 129733.109, "Actual Total Time": 129733.113, "Actual Rows": 4, "Actual Loops": 1, "Group By Key": ["l_returnflag", "l_linestatus"], "Plans": [{"Node Type": "Seq Scan", "Parent Relationship": "Outer", "Relation Name": "lineitem", "Alias": "lineitem", "Startup Cost": 3.1, "Total Cost": 2165082.91, "Plan Rows": 58767934, "Plan Width": 36, "Actual Startup Time": 0.025, "Actual Total Time": 27867.532, "Actual Rows": 58773499, "Actual Loops": 1, "Filter": "(l_shipdate <= '1998-08-15 00:00:00'::timestamp without time zone), (LLVM Optimized, Jit Execute)", "Rows Removed by Filter": 1212553}]}]}, "Triggers": [], "Planner Runtime": 0.268, "Total Runtime": 129744.578, "Unique SQL Id": 177413717}}, "(1, 19)": {"explain_plan": {"Plan": {"Node Type": "Sort", "Startup Cost": 6389801.46, "Total Cost": 6389801.47, "Plan Rows": 6, "Plan Width": 36, "Sort Key": ["l_returnflag", "l_linestatus"], "Plans": [{"Node Type": "Aggregate", "Strategy": "Hashed", "Parent Relationship": "Outer", "Startup Cost": 6389801.27, "Total Cost": 6389801.38, "Plan Rows": 6, "Plan Width": 36, "Group By Key": ["l_returnflag", "l_linestatus"], "Plans": [{"Node Type": "Bitmap Heap Scan", "Parent Relationship": "Outer", "Relation Name": "lineitem", "Alias": "lineitem", "Startup Cost": 1889239.74, "Total Cost": 4039083.91, "Plan Rows": 58767934, "Plan Width": 36, "Recheck Cond": "(l_shipdate <= '1998-08-15 00:00:00'::timestamp without time zone), (LLVM Optimized)", "Plans": [{"Node Type": "Bitmap Index Scan", "Parent Relationship": "Outer", "Index Name": "idx_lineitem_shipdate", "Startup Cost": 0.0, "Total Cost": 1874547.75, "Plan Rows": 58767934, "Plan Width": 0, "Index Cond": "(l_shipdate <= '1998-08-15 00:00:00'::timestamp without time zone)"}]}]}]}, "Unique SQL Id": 177413717}, "explain_analyze_plan": {"Plan": {"Node Type": "Sort", "Startup Cost": 6389801.46, "Total Cost": 6389801.47, "Plan Rows": 6, "Plan Width": 36, "Actual Startup Time": 155801.771, "Actual Total Time": 155801.772, "Actual Rows": 4, "Actual Loops": 1, "Sort Key": ["l_returnflag", "l_linestatus"], "Sort Method": "quicksort", "Sort Space Used": 25, "Sort Space Type": "Memory", "Plans": [{"Node Type": "Aggregate", "Strategy": "Hashed", "Parent Relationship": "Outer", "Startup Cost": 6389801.27, "Total Cost": 6389801.38, "Plan Rows": 6, "Plan Width": 36, "Actual Startup Time": 155801.701, "Actual Total Time": 155801.704, "Actual Rows": 4, "Actual Loops": 1, "Group By Key": ["l_returnflag", "l_linestatus"], "Plans": [{"Node Type": "Bitmap Heap Scan", "Parent Relationship": "Outer", "Relation Name": "lineitem", "Alias": "lineitem", "Startup Cost": 1889239.74, "Total Cost": 4039083.91, "Plan Rows": 58767934, "Plan Width": 36, "Actual Startup Time": 26508.887, "Actual Total Time": 53329.645, "Actual Rows": 58773499, "Actual Loops": 1, "Recheck Cond": "(l_shipdate <= '1998-08-15 00:00:00'::timestamp without time zone), (LLVM Optimized, Jit Execute)", "Rows Removed by Index Recheck": 0, "Exact Heap Blocks": 1415245, "Lossy Heap Blocks": 1415245, "Plans": [{"Node Type": "Bitmap Index Scan", "Parent Relationship": "Outer", "Index Name": "idx_lineitem_shipdate", "Startup Cost": 0.0, "Total Cost": 1874547.75, "Plan Rows": 58767934, "Plan Width": 0, "Actual Startup Time": 25699.74, "Actual Total Time": 25699.74, "Actual Rows": 58773499, "Actual Loops": 1, "Index Cond": "(l_shipdate <= '1998-08-15 00:00:00'::timestamp without time zone)"}]}]}]}, "Triggers": [], "Planner Runtime": 0.253, "Total Runtime": 155814.524, "Unique SQL Id": 177413717}}, "(1, 20)": {"explain_plan": {"Plan": {"Node Type": "Sort", "Startup Cost": 4515800.46, "Total Cost": 4515800.47, "Plan Rows": 6, "Plan Width": 36, "Sort Key": ["l_returnflag", "l_linestatus"], "Plans": [{"Node Type": "Aggregate", "Strategy": "Hashed", "Parent Relationship": "Outer", "Startup Cost": 4515800.27, "Total Cost": 4515800.38, "Plan Rows": 6, "Plan Width": 36, "Group By Key": ["l_returnflag", "l_linestatus"], "Plans": [{"Node Type": "Seq Scan", "Parent Relationship": "Outer", "Relation Name": "lineitem", "Alias": "lineitem", "Startup Cost": 3.1, "Total Cost": 2165082.91, "Plan Rows": 58767934, "Plan Width": 36, "Filter": "(l_shipdate <= '1998-08-15 00:00:00'::timestamp without time zone), (LLVM Optimized)"}]}]}, "Unique SQL Id": 177413717}, "explain_analyze_plan": {"Plan": {"Node Type": "Sort", "Startup Cost": 4515800.46, "Total Cost": 4515800.47, "Plan Rows": 6, "Plan Width": 36, "Actual Startup Time": 129733.213, "Actual Total Time": 129733.213, "Actual Rows": 4, "Actual Loops": 1, "Sort Key": ["l_returnflag", "l_linestatus"], "Sort Method": "quicksort", "Sort Space Used": 25, "Sort Space Type": "Memory", "Plans": [{"Node Type": "Aggregate", "Strategy": "Hashed", "Parent Relationship": "Outer", "Startup Cost": 4515800.27, "Total Cost": 4515800.38, "Plan Rows": 6, "Plan Width": 36, "Actual Startup Time": 129733.109, "Actual Total Time": 129733.113, "Actual Rows": 4, "Actual Loops": 1, "Group By Key": ["l_returnflag", "l_linestatus"], "Plans": [{"Node Type": "Seq Scan", "Parent Relationship": "Outer", "Relation Name": "lineitem", "Alias": "lineitem", "Startup Cost": 3.1, "Total Cost": 2165082.91, "Plan Rows": 58767934, "Plan Width": 36, "Actual Startup Time": 0.025, "Actual Total Time": 27867.532, "Actual Rows": 58773499, "Actual Loops": 1, "Filter": "(l_shipdate <= '1998-08-15 00:00:00'::timestamp without time zone), (LLVM Optimized, Jit Execute)", "Rows Removed by Filter": 1212553}]}]}, "Triggers": [], "Planner Runtime": 0.268, "Total Runtime": 129744.578, "Unique SQL Id": 177413717}}, "(1, 21)": {"explain_plan": {"Plan": {"Node Type": "Sort", "Startup Cost": 6389801.46, "Total Cost": 6389801.47, "Plan Rows": 6, "Plan Width": 36, "Sort Key": ["l_returnflag", "l_linestatus"], "Plans": [{"Node Type": "Aggregate", "Strategy": "Hashed", "Parent Relationship": "Outer", "Startup Cost": 6389801.27, "Total Cost": 6389801.38, "Plan Rows": 6, "Plan Width": 36, "Group By Key": ["l_returnflag", "l_linestatus"], "Plans": [{"Node Type": "Bitmap Heap Scan", "Parent Relationship": "Outer", "Relation Name": "lineitem", "Alias": "lineitem", "Startup Cost": 1889239.74, "Total Cost": 4039083.91, "Plan Rows": 58767934, "Plan Width": 36, "Recheck Cond": "(l_shipdate <= '1998-08-15 00:00:00'::timestamp without time zone), (LLVM Optimized)", "Plans": [{"Node Type": "Bitmap Index Scan", "Parent Relationship": "Outer", "Index Name": "idx_lineitem_shipdate", "Startup Cost": 0.0, "Total Cost": 1874547.75, "Plan Rows": 58767934, "Plan Width": 0, "Index Cond": "(l_shipdate <= '1998-08-15 00:00:00'::timestamp without time zone)"}]}]}]}, "Unique SQL Id": 177413717}, "explain_analyze_plan": {"Plan": {"Node Type": "Sort", "Startup Cost": 6389801.46, "Total Cost": 6389801.47, "Plan Rows": 6, "Plan Width": 36, "Actual Startup Time": 155801.771, "Actual Total Time": 155801.772, "Actual Rows": 4, "Actual Loops": 1, "Sort Key": ["l_returnflag", "l_linestatus"], "Sort Method": "quicksort", "Sort Space Used": 25, "Sort Space Type": "Memory", "Plans": [{"Node Type": "Aggregate", "Strategy": "Hashed", "Parent Relationship": "Outer", "Startup Cost": 6389801.27, "Total Cost": 6389801.38, "Plan Rows": 6, "Plan Width": 36, "Actual Startup Time": 155801.701, "Actual Total Time": 155801.704, "Actual Rows": 4, "Actual Loops": 1, "Group By Key": ["l_returnflag", "l_linestatus"], "Plans": [{"Node Type": "Bitmap Heap Scan", "Parent Relationship": "Outer", "Relation Name": "lineitem", "Alias": "lineitem", "Startup Cost": 1889239.74, "Total Cost": 4039083.91, "Plan Rows": 58767934, "Plan Width": 36, "Actual Startup Time": 26508.887, "Actual Total Time": 53329.645, "Actual Rows": 58773499, "Actual Loops": 1, "Recheck Cond": "(l_shipdate <= '1998-08-15 00:00:00'::timestamp without time zone), (LLVM Optimized, Jit Execute)", "Rows Removed by Index Recheck": 0, "Exact Heap Blocks": 1415245, "Lossy Heap Blocks": 1415245, "Plans": [{"Node Type": "Bitmap Index Scan", "Parent Relationship": "Outer", "Index Name": "idx_lineitem_shipdate", "Startup Cost": 0.0, "Total Cost": 1874547.75, "Plan Rows": 58767934, "Plan Width": 0, "Actual Startup Time": 25699.74, "Actual Total Time": 25699.74, "Actual Rows": 58773499, "Actual Loops": 1, "Index Cond": "(l_shipdate <= '1998-08-15 00:00:00'::timestamp without time zone)"}]}]}]}, "Triggers": [], "Planner Runtime": 0.253, "Total Runtime": 155814.524, "Unique SQL Id": 177413717}}, "(1, 22)": {"explain_plan": {"Plan": {"Node Type": "Sort", "Startup Cost": 4515800.46, "Total Cost": 4515800.47, "Plan Rows": 6, "Plan Width": 36, "Sort Key": ["l_returnflag", "l_linestatus"], "Plans": [{"Node Type": "Aggregate", "Strategy": "Hashed", "Parent Relationship": "Outer", "Startup Cost": 4515800.27, "Total Cost": 4515800.38, "Plan Rows": 6, "Plan Width": 36, "Group By Key": ["l_returnflag", "l_linestatus"], "Plans": [{"Node Type": "Seq Scan", "Parent Relationship": "Outer", "Relation Name": "lineitem", "Alias": "lineitem", "Startup Cost": 3.1, "Total Cost": 2165082.91, "Plan Rows": 58767934, "Plan Width": 36, "Filter": "(l_shipdate <= '1998-08-15 00:00:00'::timestamp without time zone), (LLVM Optimized)"}]}]}, "Unique SQL Id": 177413717}, "explain_analyze_plan": {"Plan": {"Node Type": "Sort", "Startup Cost": 4515800.46, "Total Cost": 4515800.47, "Plan Rows": 6, "Plan Width": 36, "Actual Startup Time": 129733.213, "Actual Total Time": 129733.213, "Actual Rows": 4, "Actual Loops": 1, "Sort Key": ["l_returnflag", "l_linestatus"], "Sort Method": "quicksort", "Sort Space Used": 25, "Sort Space Type": "Memory", "Plans": [{"Node Type": "Aggregate", "Strategy": "Hashed", "Parent Relationship": "Outer", "Startup Cost": 4515800.27, "Total Cost": 4515800.38, "Plan Rows": 6, "Plan Width": 36, "Actual Startup Time": 129733.109, "Actual Total Time": 129733.113, "Actual Rows": 4, "Actual Loops": 1, "Group By Key": ["l_returnflag", "l_linestatus"], "Plans": [{"Node Type": "Seq Scan", "Parent Relationship": "Outer", "Relation Name": "lineitem", "Alias": "lineitem", "Startup Cost": 3.1, "Total Cost": 2165082.91, "Plan Rows": 58767934, "Plan Width": 36, "Actual Startup Time": 0.025, "Actual Total Time": 27867.532, "Actual Rows": 58773499, "Actual Loops": 1, "Filter": "(l_shipdate <= '1998-08-15 00:00:00'::timestamp without time zone), (LLVM Optimized, Jit Execute)", "Rows Removed by Filter": 1212553}]}]}, "Triggers": [], "Planner Runtime": 0.268, "Total Runtime": 129744.578, "Unique SQL Id": 177413717}}, "(1, 23)": {"explain_plan": {"Plan": {"Node Type": "Sort", "Startup Cost": 6389801.46, "Total Cost": 6389801.47, "Plan Rows": 6, "Plan Width": 36, "Sort Key": ["l_returnflag", "l_linestatus"], "Plans": [{"Node Type": "Aggregate", "Strategy": "Hashed", "Parent Relationship": "Outer", "Startup Cost": 6389801.27, "Total Cost": 6389801.38, "Plan Rows": 6, "Plan Width": 36, "Group By Key": ["l_returnflag", "l_linestatus"], "Plans": [{"Node Type": "Bitmap Heap Scan", "Parent Relationship": "Outer", "Relation Name": "lineitem", "Alias": "lineitem", "Startup Cost": 1889239.74, "Total Cost": 4039083.91, "Plan Rows": 58767934, "Plan Width": 36, "Recheck Cond": "(l_shipdate <= '1998-08-15 00:00:00'::timestamp without time zone), (LLVM Optimized)", "Plans": [{"Node Type": "Bitmap Index Scan", "Parent Relationship": "Outer", "Index Name": "idx_lineitem_shipdate", "Startup Cost": 0.0, "Total Cost": 1874547.75, "Plan Rows": 58767934, "Plan Width": 0, "Index Cond": "(l_shipdate <= '1998-08-15 00:00:00'::timestamp without time zone)"}]}]}]}, "Unique SQL Id": 177413717}, "explain_analyze_plan": {"Plan": {"Node Type": "Sort", "Startup Cost": 6389801.46, "Total Cost": 6389801.47, "Plan Rows": 6, "Plan Width": 36, "Actual Startup Time": 155801.771, "Actual Total Time": 155801.772, "Actual Rows": 4, "Actual Loops": 1, "Sort Key": ["l_returnflag", "l_linestatus"], "Sort Method": "quicksort", "Sort Space Used": 25, "Sort Space Type": "Memory", "Plans": [{"Node Type": "Aggregate", "Strategy": "Hashed", "Parent Relationship": "Outer", "Startup Cost": 6389801.27, "Total Cost": 6389801.38, "Plan Rows": 6, "Plan Width": 36, "Actual Startup Time": 155801.701, "Actual Total Time": 155801.704, "Actual Rows": 4, "Actual Loops": 1, "Group By Key": ["l_returnflag", "l_linestatus"], "Plans": [{"Node Type": "Bitmap Heap Scan", "Parent Relationship": "Outer", "Relation Name": "lineitem", "Alias": "lineitem", "Startup Cost": 1889239.74, "Total Cost": 4039083.91, "Plan Rows": 58767934, "Plan Width": 36, "Actual Startup Time": 26508.887, "Actual Total Time": 53329.645, "Actual Rows": 58773499, "Actual Loops": 1, "Recheck Cond": "(l_shipdate <= '1998-08-15 00:00:00'::timestamp without time zone), (LLVM Optimized, Jit Execute)", "Rows Removed by Index Recheck": 0, "Exact Heap Blocks": 1415245, "Lossy Heap Blocks": 1415245, "Plans": [{"Node Type": "Bitmap Index Scan", "Parent Relationship": "Outer", "Index Name": "idx_lineitem_shipdate", "Startup Cost": 0.0, "Total Cost": 1874547.75, "Plan Rows": 58767934, "Plan Width": 0, "Actual Startup Time": 25699.74, "Actual Total Time": 25699.74, "Actual Rows": 58773499, "Actual Loops": 1, "Index Cond": "(l_shipdate <= '1998-08-15 00:00:00'::timestamp without time zone)"}]}]}]}, "Triggers": [], "Planner Runtime": 0.253, "Total Runtime": 155814.524, "Unique SQL Id": 177413717}}, "(1, 24)": {"explain_plan": {"Plan": {"Node Type": "Sort", "Startup Cost": 4515800.46, "Total Cost": 4515800.47, "Plan Rows": 6, "Plan Width": 36, "Sort Key": ["l_returnflag", "l_linestatus"], "Plans": [{"Node Type": "Aggregate", "Strategy": "Hashed", "Parent Relationship": "Outer", "Startup Cost": 4515800.27, "Total Cost": 4515800.38, "Plan Rows": 6, "Plan Width": 36, "Group By Key": ["l_returnflag", "l_linestatus"], "Plans": [{"Node Type": "Seq Scan", "Parent Relationship": "Outer", "Relation Name": "lineitem", "Alias": "lineitem", "Startup Cost": 3.1, "Total Cost": 2165082.91, "Plan Rows": 58767934, "Plan Width": 36, "Filter": "(l_shipdate <= '1998-08-15 00:00:00'::timestamp without time zone), (LLVM Optimized)"}]}]}, "Unique SQL Id": 177413717}, "explain_analyze_plan": {"Plan": {"Node Type": "Sort", "Startup Cost": 4515800.46, "Total Cost": 4515800.47, "Plan Rows": 6, "Plan Width": 36, "Actual Startup Time": 129733.213, "Actual Total Time": 129733.213, "Actual Rows": 4, "Actual Loops": 1, "Sort Key": ["l_returnflag", "l_linestatus"], "Sort Method": "quicksort", "Sort Space Used": 25, "Sort Space Type": "Memory", "Plans": [{"Node Type": "Aggregate", "Strategy": "Hashed", "Parent Relationship": "Outer", "Startup Cost": 4515800.27, "Total Cost": 4515800.38, "Plan Rows": 6, "Plan Width": 36, "Actual Startup Time": 129733.109, "Actual Total Time": 129733.113, "Actual Rows": 4, "Actual Loops": 1, "Group By Key": ["l_returnflag", "l_linestatus"], "Plans": [{"Node Type": "Seq Scan", "Parent Relationship": "Outer", "Relation Name": "lineitem", "Alias": "lineitem", "Startup Cost": 3.1, "Total Cost": 2165082.91, "Plan Rows": 58767934, "Plan Width": 36, "Actual Startup Time": 0.025, "Actual Total Time": 27867.532, "Actual Rows": 58773499, "Actual Loops": 1, "Filter": "(l_shipdate <= '1998-08-15 00:00:00'::timestamp without time zone), (LLVM Optimized, Jit Execute)", "Rows Removed by Filter": 1212553}]}]}, "Triggers": [], "Planner Runtime": 0.268, "Total Runtime": 129744.578, "Unique SQL Id": 177413717}}, "(1, 25)": {"explain_plan": {"Plan": {"Node Type": "Sort", "Startup Cost": 10473924.63, "Total Cost": 10473924.64, "Plan Rows": 6, "Plan Width": 36, "Sort Key": ["l_returnflag", "l_linestatus"], "Plans": [{"Node Type": "Aggregate", "Strategy": "Hashed", "Parent Relationship": "Outer", "Startup Cost": 10473924.44, "Total Cost": 10473924.55, "Plan Rows": 6, "Plan Width": 36, "Group By Key": ["l_returnflag", "l_linestatus"], "Plans": [{"Node Type": "Index Scan", "Parent Relationship": "Outer", "Scan Direction": "Forward", "Index Name": "idx_lineitem_shipdate", "Relation Name": "lineitem", "Alias": "lineitem", "Startup Cost": 0.0, "Total Cost": 8123207.08, "Plan Rows": 58767934, "Plan Width": 36, "Index Cond": "(l_shipdate <= '1998-08-15 00:00:00'::timestamp without time zone), (LLVM Optimized)"}]}]}, "Unique SQL Id": 177413717}, "explain_analyze_plan": {"Plan": {"Node Type": "Sort", "Startup Cost": 10473924.63, "Total Cost": 10473924.64, "Plan Rows": 6, "Plan Width": 36, "Actual Startup Time": 281124.27, "Actual Total Time": 281124.271, "Actual Rows": 4, "Actual Loops": 1, "Sort Key": ["l_returnflag", "l_linestatus"], "Sort Method": "quicksort", "Sort Space Used": 25, "Sort Space Type": "Memory", "Plans": [{"Node Type": "Aggregate", "Strategy": "Hashed", "Parent Relationship": "Outer", "Startup Cost": 10473924.44, "Total Cost": 10473924.55, "Plan Rows": 6, "Plan Width": 36, "Actual Startup Time": 281124.166, "Actual Total Time": 281124.17, "Actual Rows": 4, "Actual Loops": 1, "Group By Key": ["l_returnflag", "l_linestatus"], "Plans": [{"Node Type": "Index Scan", "Parent Relationship": "Outer", "Scan Direction": "Forward", "Index Name": "idx_lineitem_shipdate", "Relation Name": "lineitem", "Alias": "lineitem", "Startup Cost": 0.0, "Total Cost": 8123207.08, "Plan Rows": 58767934, "Plan Width": 36, "Actual Startup Time": 0.053, "Actual Total Time": 166240.785, "Actual Rows": 58773499, "Actual Loops": 1, "Index Cond": "(l_shipdate <= '1998-08-15 00:00:00'::timestamp without time zone), (LLVM Optimized, Jit Execute)", "Rows Removed by Index Recheck": 0}]}]}, "Triggers": [], "Planner Runtime": 0.249, "Total Runtime": 281135.703, "Unique SQL Id": 177413717}}, "(1, 26)": {"explain_plan": {"Plan": {"Node Type": "Sort", "Startup Cost": 4515800.46, "Total Cost": 4515800.47, "Plan Rows": 6, "Plan Width": 36, "Sort Key": ["l_returnflag", "l_linestatus"], "Plans": [{"Node Type": "Aggregate", "Strategy": "Hashed", "Parent Relationship": "Outer", "Startup Cost": 4515800.27, "Total Cost": 4515800.38, "Plan Rows": 6, "Plan Width": 36, "Group By Key": ["l_returnflag", "l_linestatus"], "Plans": [{"Node Type": "Seq Scan", "Parent Relationship": "Outer", "Relation Name": "lineitem", "Alias": "lineitem", "Startup Cost": 3.1, "Total Cost": 2165082.91, "Plan Rows": 58767934, "Plan Width": 36, "Filter": "(l_shipdate <= '1998-08-15 00:00:00'::timestamp without time zone), (LLVM Optimized)"}]}]}, "Unique SQL Id": 177413717}, "explain_analyze_plan": {"Plan": {"Node Type": "Sort", "Startup Cost": 4515800.46, "Total Cost": 4515800.47, "Plan Rows": 6, "Plan Width": 36, "Actual Startup Time": 129733.213, "Actual Total Time": 129733.213, "Actual Rows": 4, "Actual Loops": 1, "Sort Key": ["l_returnflag", "l_linestatus"], "Sort Method": "quicksort", "Sort Space Used": 25, "Sort Space Type": "Memory", "Plans": [{"Node Type": "Aggregate", "Strategy": "Hashed", "Parent Relationship": "Outer", "Startup Cost": 4515800.27, "Total Cost": 4515800.38, "Plan Rows": 6, "Plan Width": 36, "Actual Startup Time": 129733.109, "Actual Total Time": 129733.113, "Actual Rows": 4, "Actual Loops": 1, "Group By Key": ["l_returnflag", "l_linestatus"], "Plans": [{"Node Type": "Seq Scan", "Parent Relationship": "Outer", "Relation Name": "lineitem", "Alias": "lineitem", "Startup Cost": 3.1, "Total Cost": 2165082.91, "Plan Rows": 58767934, "Plan Width": 36, "Actual Startup Time": 0.025, "Actual Total Time": 27867.532, "Actual Rows": 58773499, "Actual Loops": 1, "Filter": "(l_shipdate <= '1998-08-15 00:00:00'::timestamp without time zone), (LLVM Optimized, Jit Execute)", "Rows Removed by Filter": 1212553}]}]}, "Triggers": [], "Planner Runtime": 0.268, "Total Runtime": 129744.578, "Unique SQL Id": 177413717}}, "(1, 27)": {"explain_plan": {"Plan": {"Node Type": "Sort", "Startup Cost": 1000218859008.79, "Total Cost": 1000218859008.81, "Plan Rows": 6, "Plan Width": 36, "Sort Key": ["l_returnflag", "l_linestatus"], "Plans": [{"Node Type": "Aggregate", "Strategy": "Hashed", "Parent Relationship": "Outer", "Startup Cost": 1000218859008.61, "Total Cost": 1000218859008.72, "Plan Rows": 6, "Plan Width": 36, "Group By Key": ["l_returnflag", "l_linestatus"], "Plans": [{"Node Type": "Seq Scan", "Parent Relationship": "Outer", "Relation Name": "lineitem", "Alias": "lineitem", "Startup Cost": 10000000003.1, "Total Cost": 1000216508291.25, "Plan Rows": 58767934, "Plan Width": 36, "Filter": "(l_shipdate <= '1998-08-15 00:00:00'::timestamp without time zone), (LLVM Optimized)"}]}]}, "Unique SQL Id": 177413717}, "explain_analyze_plan": {"Plan": {"Node Type": "Sort", "Startup Cost": 1000218859008.79, "Total Cost": 1000218859008.81, "Plan Rows": 6, "Plan Width": 36, "Actual Startup Time": 132518.906, "Actual Total Time": 132518.907, "Actual Rows": 4, "Actual Loops": 1, "Sort Key": ["l_returnflag", "l_linestatus"], "Sort Method": "quicksort", "Sort Space Used": 25, "Sort Space Type": "Memory", "Plans": [{"Node Type": "Aggregate", "Strategy": "Hashed", "Parent Relationship": "Outer", "Startup Cost": 1000218859008.61, "Total Cost": 1000218859008.72, "Plan Rows": 6, "Plan Width": 36, "Actual Startup Time": 132518.825, "Actual Total Time": 132518.829, "Actual Rows": 4, "Actual Loops": 1, "Group By Key": ["l_returnflag", "l_linestatus"], "Plans": [{"Node Type": "Seq Scan", "Parent Relationship": "Outer", "Relation Name": "lineitem", "Alias": "lineitem", "Startup Cost": 10000000003.1, "Total Cost": 1000216508291.25, "Plan Rows": 58767934, "Plan Width": 36, "Actual Startup Time": 0.027, "Actual Total Time": 28059.666, "Actual Rows": 58773499, "Actual Loops": 1, "Filter": "(l_shipdate <= '1998-08-15 00:00:00'::timestamp without time zone), (LLVM Optimized, Jit Execute)", "Rows Removed by Filter": 1212553}]}]}, "Triggers": [], "Planner Runtime": 0.24, "Total Runtime": 132530.325, "Unique SQL Id": 177413717}}, "(1, 28)": {"explain_plan": {"Plan": {"Node Type": "Sort", "Startup Cost": 4515800.46, "Total Cost": 4515800.47, "Plan Rows": 6, "Plan Width": 36, "Sort Key": ["l_returnflag", "l_linestatus"], "Plans": [{"Node Type": "Aggregate", "Strategy": "Hashed", "Parent Relationship": "Outer", "Startup Cost": 4515800.27, "Total Cost": 4515800.38, "Plan Rows": 6, "Plan Width": 36, "Group By Key": ["l_returnflag", "l_linestatus"], "Plans": [{"Node Type": "Seq Scan", "Parent Relationship": "Outer", "Relation Name": "lineitem", "Alias": "lineitem", "Startup Cost": 3.1, "Total Cost": 2165082.91, "Plan Rows": 58767934, "Plan Width": 36, "Filter": "(l_shipdate <= '1998-08-15 00:00:00'::timestamp without time zone), (LLVM Optimized)"}]}]}, "Unique SQL Id": 177413717}, "explain_analyze_plan": {"Plan": {"Node Type": "Sort", "Startup Cost": 4515800.46, "Total Cost": 4515800.47, "Plan Rows": 6, "Plan Width": 36, "Actual Startup Time": 129733.213, "Actual Total Time": 129733.213, "Actual Rows": 4, "Actual Loops": 1, "Sort Key": ["l_returnflag", "l_linestatus"], "Sort Method": "quicksort", "Sort Space Used": 25, "Sort Space Type": "Memory", "Plans": [{"Node Type": "Aggregate", "Strategy": "Hashed", "Parent Relationship": "Outer", "Startup Cost": 4515800.27, "Total Cost": 4515800.38, "Plan Rows": 6, "Plan Width": 36, "Actual Startup Time": 129733.109, "Actual Total Time": 129733.113, "Actual Rows": 4, "Actual Loops": 1, "Group By Key": ["l_returnflag", "l_linestatus"], "Plans": [{"Node Type": "Seq Scan", "Parent Relationship": "Outer", "Relation Name": "lineitem", "Alias": "lineitem", "Startup Cost": 3.1, "Total Cost": 2165082.91, "Plan Rows": 58767934, "Plan Width": 36, "Actual Startup Time": 0.025, "Actual Total Time": 27867.532, "Actual Rows": 58773499, "Actual Loops": 1, "Filter": "(l_shipdate <= '1998-08-15 00:00:00'::timestamp without time zone), (LLVM Optimized, Jit Execute)", "Rows Removed by Filter": 1212553}]}]}, "Triggers": [], "Planner Runtime": 0.268, "Total Runtime": 129744.578, "Unique SQL Id": 177413717}}, "(1, 29)": {"explain_plan": {"Plan": {"Node Type": "Sort", "Startup Cost": 10473924.63, "Total Cost": 10473924.64, "Plan Rows": 6, "Plan Width": 36, "Sort Key": ["l_returnflag", "l_linestatus"], "Plans": [{"Node Type": "Aggregate", "Strategy": "Hashed", "Parent Relationship": "Outer", "Startup Cost": 10473924.44, "Total Cost": 10473924.55, "Plan Rows": 6, "Plan Width": 36, "Group By Key": ["l_returnflag", "l_linestatus"], "Plans": [{"Node Type": "Index Scan", "Parent Relationship": "Outer", "Scan Direction": "Forward", "Index Name": "idx_lineitem_shipdate", "Relation Name": "lineitem", "Alias": "lineitem", "Startup Cost": 0.0, "Total Cost": 8123207.08, "Plan Rows": 58767934, "Plan Width": 36, "Index Cond": "(l_shipdate <= '1998-08-15 00:00:00'::timestamp without time zone), (LLVM Optimized)"}]}]}, "Unique SQL Id": 177413717}, "explain_analyze_plan": {"Plan": {"Node Type": "Sort", "Startup Cost": 10473924.63, "Total Cost": 10473924.64, "Plan Rows": 6, "Plan Width": 36, "Actual Startup Time": 281124.27, "Actual Total Time": 281124.271, "Actual Rows": 4, "Actual Loops": 1, "Sort Key": ["l_returnflag", "l_linestatus"], "Sort Method": "quicksort", "Sort Space Used": 25, "Sort Space Type": "Memory", "Plans": [{"Node Type": "Aggregate", "Strategy": "Hashed", "Parent Relationship": "Outer", "Startup Cost": 10473924.44, "Total Cost": 10473924.55, "Plan Rows": 6, "Plan Width": 36, "Actual Startup Time": 281124.166, "Actual Total Time": 281124.17, "Actual Rows": 4, "Actual Loops": 1, "Group By Key": ["l_returnflag", "l_linestatus"], "Plans": [{"Node Type": "Index Scan", "Parent Relationship": "Outer", "Scan Direction": "Forward", "Index Name": "idx_lineitem_shipdate", "Relation Name": "lineitem", "Alias": "lineitem", "Startup Cost": 0.0, "Total Cost": 8123207.08, "Plan Rows": 58767934, "Plan Width": 36, "Actual Startup Time": 0.053, "Actual Total Time": 166240.785, "Actual Rows": 58773499, "Actual Loops": 1, "Index Cond": "(l_shipdate <= '1998-08-15 00:00:00'::timestamp without time zone), (LLVM Optimized, Jit Execute)", "Rows Removed by Index Recheck": 0}]}]}, "Triggers": [], "Planner Runtime": 0.249, "Total Runtime": 281135.703, "Unique SQL Id": 177413717}}, "(1, 30)": {"explain_plan": {"Plan": {"Node Type": "Sort", "Startup Cost": 4515800.46, "Total Cost": 4515800.47, "Plan Rows": 6, "Plan Width": 36, "Sort Key": ["l_returnflag", "l_linestatus"], "Plans": [{"Node Type": "Aggregate", "Strategy": "Hashed", "Parent Relationship": "Outer", "Startup Cost": 4515800.27, "Total Cost": 4515800.38, "Plan Rows": 6, "Plan Width": 36, "Group By Key": ["l_returnflag", "l_linestatus"], "Plans": [{"Node Type": "Seq Scan", "Parent Relationship": "Outer", "Relation Name": "lineitem", "Alias": "lineitem", "Startup Cost": 3.1, "Total Cost": 2165082.91, "Plan Rows": 58767934, "Plan Width": 36, "Filter": "(l_shipdate <= '1998-08-15 00:00:00'::timestamp without time zone), (LLVM Optimized)"}]}]}, "Unique SQL Id": 177413717}, "explain_analyze_plan": {"Plan": {"Node Type": "Sort", "Startup Cost": 4515800.46, "Total Cost": 4515800.47, "Plan Rows": 6, "Plan Width": 36, "Actual Startup Time": 129733.213, "Actual Total Time": 129733.213, "Actual Rows": 4, "Actual Loops": 1, "Sort Key": ["l_returnflag", "l_linestatus"], "Sort Method": "quicksort", "Sort Space Used": 25, "Sort Space Type": "Memory", "Plans": [{"Node Type": "Aggregate", "Strategy": "Hashed", "Parent Relationship": "Outer", "Startup Cost": 4515800.27, "Total Cost": 4515800.38, "Plan Rows": 6, "Plan Width": 36, "Actual Startup Time": 129733.109, "Actual Total Time": 129733.113, "Actual Rows": 4, "Actual Loops": 1, "Group By Key": ["l_returnflag", "l_linestatus"], "Plans": [{"Node Type": "Seq Scan", "Parent Relationship": "Outer", "Relation Name": "lineitem", "Alias": "lineitem", "Startup Cost": 3.1, "Total Cost": 2165082.91, "Plan Rows": 58767934, "Plan Width": 36, "Actual Startup Time": 0.025, "Actual Total Time": 27867.532, "Actual Rows": 58773499, "Actual Loops": 1, "Filter": "(l_shipdate <= '1998-08-15 00:00:00'::timestamp without time zone), (LLVM Optimized, Jit Execute)", "Rows Removed by Filter": 1212553}]}]}, "Triggers": [], "Planner Runtime": 0.268, "Total Runtime": 129744.578, "Unique SQL Id": 177413717}}, "(1, 31)": {"explain_plan": {"Plan": {"Node Type": "Sort", "Startup Cost": 1000218859008.79, "Total Cost": 1000218859008.81, "Plan Rows": 6, "Plan Width": 36, "Sort Key": ["l_returnflag", "l_linestatus"], "Plans": [{"Node Type": "Aggregate", "Strategy": "Hashed", "Parent Relationship": "Outer", "Startup Cost": 1000218859008.61, "Total Cost": 1000218859008.72, "Plan Rows": 6, "Plan Width": 36, "Group By Key": ["l_returnflag", "l_linestatus"], "Plans": [{"Node Type": "Seq Scan", "Parent Relationship": "Outer", "Relation Name": "lineitem", "Alias": "lineitem", "Startup Cost": 10000000003.1, "Total Cost": 1000216508291.25, "Plan Rows": 58767934, "Plan Width": 36, "Filter": "(l_shipdate <= '1998-08-15 00:00:00'::timestamp without time zone), (LLVM Optimized)"}]}]}, "Unique SQL Id": 177413717}, "explain_analyze_plan": {"Plan": {"Node Type": "Sort", "Startup Cost": 1000218859008.79, "Total Cost": 1000218859008.81, "Plan Rows": 6, "Plan Width": 36, "Actual Startup Time": 132518.906, "Actual Total Time": 132518.907, "Actual Rows": 4, "Actual Loops": 1, "Sort Key": ["l_returnflag", "l_linestatus"], "Sort Method": "quicksort", "Sort Space Used": 25, "Sort Space Type": "Memory", "Plans": [{"Node Type": "Aggregate", "Strategy": "Hashed", "Parent Relationship": "Outer", "Startup Cost": 1000218859008.61, "Total Cost": 1000218859008.72, "Plan Rows": 6, "Plan Width": 36, "Actual Startup Time": 132518.825, "Actual Total Time": 132518.829, "Actual Rows": 4, "Actual Loops": 1, "Group By Key": ["l_returnflag", "l_linestatus"], "Plans": [{"Node Type": "Seq Scan", "Parent Relationship": "Outer", "Relation Name": "lineitem", "Alias": "lineitem", "Startup Cost": 10000000003.1, "Total Cost": 1000216508291.25, "Plan Rows": 58767934, "Plan Width": 36, "Actual Startup Time": 0.027, "Actual Total Time": 28059.666, "Actual Rows": 58773499, "Actual Loops": 1, "Filter": "(l_shipdate <= '1998-08-15 00:00:00'::timestamp without time zone), (LLVM Optimized, Jit Execute)", "Rows Removed by Filter": 1212553}]}]}, "Triggers": [], "Planner Runtime": 0.24, "Total Runtime": 132530.325, "Unique SQL Id": 177413717}}, "(1, 32)": {"explain_plan": {"Plan": {"Node Type": "Sort", "Startup Cost": 4515800.46, "Total Cost": 4515800.47, "Plan Rows": 6, "Plan Width": 36, "Sort Key": ["l_returnflag", "l_linestatus"], "Plans": [{"Node Type": "Aggregate", "Strategy": "Hashed", "Parent Relationship": "Outer", "Startup Cost": 4515800.27, "Total Cost": 4515800.38, "Plan Rows": 6, "Plan Width": 36, "Group By Key": ["l_returnflag", "l_linestatus"], "Plans": [{"Node Type": "Seq Scan", "Parent Relationship": "Outer", "Relation Name": "lineitem", "Alias": "lineitem", "Startup Cost": 3.1, "Total Cost": 2165082.91, "Plan Rows": 58767934, "Plan Width": 36, "Filter": "(l_shipdate <= '1998-08-15 00:00:00'::timestamp without time zone), (LLVM Optimized)"}]}]}, "Unique SQL Id": 177413717}, "explain_analyze_plan": {"Plan": {"Node Type": "Sort", "Startup Cost": 4515800.46, "Total Cost": 4515800.47, "Plan Rows": 6, "Plan Width": 36, "Actual Startup Time": 129733.213, "Actual Total Time": 129733.213, "Actual Rows": 4, "Actual Loops": 1, "Sort Key": ["l_returnflag", "l_linestatus"], "Sort Method": "quicksort", "Sort Space Used": 25, "Sort Space Type": "Memory", "Plans": [{"Node Type": "Aggregate", "Strategy": "Hashed", "Parent Relationship": "Outer", "Startup Cost": 4515800.27, "Total Cost": 4515800.38, "Plan Rows": 6, "Plan Width": 36, "Actual Startup Time": 129733.109, "Actual Total Time": 129733.113, "Actual Rows": 4, "Actual Loops": 1, "Group By Key": ["l_returnflag", "l_linestatus"], "Plans": [{"Node Type": "Seq Scan", "Parent Relationship": "Outer", "Relation Name": "lineitem", "Alias": "lineitem", "Startup Cost": 3.1, "Total Cost": 2165082.91, "Plan Rows": 58767934, "Plan Width": 36, "Actual Startup Time": 0.025, "Actual Total Time": 27867.532, "Actual Rows": 58773499, "Actual Loops": 1, "Filter": "(l_shipdate <= '1998-08-15 00:00:00'::timestamp without time zone), (LLVM Optimized, Jit Execute)", "Rows Removed by Filter": 1212553}]}]}, "Triggers": [], "Planner Runtime": 0.268, "Total Runtime": 129744.578, "Unique SQL Id": 177413717}}, "(1, 33)": {"explain_plan": {"Plan": {"Node Type": "Sort", "Startup Cost": 6389801.46, "Total Cost": 6389801.47, "Plan Rows": 6, "Plan Width": 36, "Sort Key": ["l_returnflag", "l_linestatus"], "Plans": [{"Node Type": "Aggregate", "Strategy": "Hashed", "Parent Relationship": "Outer", "Startup Cost": 6389801.27, "Total Cost": 6389801.38, "Plan Rows": 6, "Plan Width": 36, "Group By Key": ["l_returnflag", "l_linestatus"], "Plans": [{"Node Type": "Bitmap Heap Scan", "Parent Relationship": "Outer", "Relation Name": "lineitem", "Alias": "lineitem", "Startup Cost": 1889239.74, "Total Cost": 4039083.91, "Plan Rows": 58767934, "Plan Width": 36, "Recheck Cond": "(l_shipdate <= '1998-08-15 00:00:00'::timestamp without time zone), (LLVM Optimized)", "Plans": [{"Node Type": "Bitmap Index Scan", "Parent Relationship": "Outer", "Index Name": "idx_lineitem_shipdate", "Startup Cost": 0.0, "Total Cost": 1874547.75, "Plan Rows": 58767934, "Plan Width": 0, "Index Cond": "(l_shipdate <= '1998-08-15 00:00:00'::timestamp without time zone)"}]}]}]}, "Unique SQL Id": 177413717}, "explain_analyze_plan": {"Plan": {"Node Type": "Sort", "Startup Cost": 6389801.46, "Total Cost": 6389801.47, "Plan Rows": 6, "Plan Width": 36, "Actual Startup Time": 155801.771, "Actual Total Time": 155801.772, "Actual Rows": 4, "Actual Loops": 1, "Sort Key": ["l_returnflag", "l_linestatus"], "Sort Method": "quicksort", "Sort Space Used": 25, "Sort Space Type": "Memory", "Plans": [{"Node Type": "Aggregate", "Strategy": "Hashed", "Parent Relationship": "Outer", "Startup Cost": 6389801.27, "Total Cost": 6389801.38, "Plan Rows": 6, "Plan Width": 36, "Actual Startup Time": 155801.701, "Actual Total Time": 155801.704, "Actual Rows": 4, "Actual Loops": 1, "Group By Key": ["l_returnflag", "l_linestatus"], "Plans": [{"Node Type": "Bitmap Heap Scan", "Parent Relationship": "Outer", "Relation Name": "lineitem", "Alias": "lineitem", "Startup Cost": 1889239.74, "Total Cost": 4039083.91, "Plan Rows": 58767934, "Plan Width": 36, "Actual Startup Time": 26508.887, "Actual Total Time": 53329.645, "Actual Rows": 58773499, "Actual Loops": 1, "Recheck Cond": "(l_shipdate <= '1998-08-15 00:00:00'::timestamp without time zone), (LLVM Optimized, Jit Execute)", "Rows Removed by Index Recheck": 0, "Exact Heap Blocks": 1415245, "Lossy Heap Blocks": 1415245, "Plans": [{"Node Type": "Bitmap Index Scan", "Parent Relationship": "Outer", "Index Name": "idx_lineitem_shipdate", "Startup Cost": 0.0, "Total Cost": 1874547.75, "Plan Rows": 58767934, "Plan Width": 0, "Actual Startup Time": 25699.74, "Actual Total Time": 25699.74, "Actual Rows": 58773499, "Actual Loops": 1, "Index Cond": "(l_shipdate <= '1998-08-15 00:00:00'::timestamp without time zone)"}]}]}]}, "Triggers": [], "Planner Runtime": 0.253, "Total Runtime": 155814.524, "Unique SQL Id": 177413717}}, "(1, 34)": {"explain_plan": {"Plan": {"Node Type": "Sort", "Startup Cost": 4515800.46, "Total Cost": 4515800.47, "Plan Rows": 6, "Plan Width": 36, "Sort Key": ["l_returnflag", "l_linestatus"], "Plans": [{"Node Type": "Aggregate", "Strategy": "Hashed", "Parent Relationship": "Outer", "Startup Cost": 4515800.27, "Total Cost": 4515800.38, "Plan Rows": 6, "Plan Width": 36, "Group By Key": ["l_returnflag", "l_linestatus"], "Plans": [{"Node Type": "Seq Scan", "Parent Relationship": "Outer", "Relation Name": "lineitem", "Alias": "lineitem", "Startup Cost": 3.1, "Total Cost": 2165082.91, "Plan Rows": 58767934, "Plan Width": 36, "Filter": "(l_shipdate <= '1998-08-15 00:00:00'::timestamp without time zone), (LLVM Optimized)"}]}]}, "Unique SQL Id": 177413717}, "explain_analyze_plan": {"Plan": {"Node Type": "Sort", "Startup Cost": 4515800.46, "Total Cost": 4515800.47, "Plan Rows": 6, "Plan Width": 36, "Actual Startup Time": 129733.213, "Actual Total Time": 129733.213, "Actual Rows": 4, "Actual Loops": 1, "Sort Key": ["l_returnflag", "l_linestatus"], "Sort Method": "quicksort", "Sort Space Used": 25, "Sort Space Type": "Memory", "Plans": [{"Node Type": "Aggregate", "Strategy": "Hashed", "Parent Relationship": "Outer", "Startup Cost": 4515800.27, "Total Cost": 4515800.38, "Plan Rows": 6, "Plan Width": 36, "Actual Startup Time": 129733.109, "Actual Total Time": 129733.113, "Actual Rows": 4, "Actual Loops": 1, "Group By Key": ["l_returnflag", "l_linestatus"], "Plans": [{"Node Type": "Seq Scan", "Parent Relationship": "Outer", "Relation Name": "lineitem", "Alias": "lineitem", "Startup Cost": 3.1, "Total Cost": 2165082.91, "Plan Rows": 58767934, "Plan Width": 36, "Actual Startup Time": 0.025, "Actual Total Time": 27867.532, "Actual Rows": 58773499, "Actual Loops": 1, "Filter": "(l_shipdate <= '1998-08-15 00:00:00'::timestamp without time zone), (LLVM Optimized, Jit Execute)", "Rows Removed by Filter": 1212553}]}]}, "Triggers": [], "Planner Runtime": 0.268, "Total Runtime": 129744.578, "Unique SQL Id": 177413717}}, "(1, 35)": {"explain_plan": {"Plan": {"Node Type": "Sort", "Startup Cost": 6389801.46, "Total Cost": 6389801.47, "Plan Rows": 6, "Plan Width": 36, "Sort Key": ["l_returnflag", "l_linestatus"], "Plans": [{"Node Type": "Aggregate", "Strategy": "Hashed", "Parent Relationship": "Outer", "Startup Cost": 6389801.27, "Total Cost": 6389801.38, "Plan Rows": 6, "Plan Width": 36, "Group By Key": ["l_returnflag", "l_linestatus"], "Plans": [{"Node Type": "Bitmap Heap Scan", "Parent Relationship": "Outer", "Relation Name": "lineitem", "Alias": "lineitem", "Startup Cost": 1889239.74, "Total Cost": 4039083.91, "Plan Rows": 58767934, "Plan Width": 36, "Recheck Cond": "(l_shipdate <= '1998-08-15 00:00:00'::timestamp without time zone), (LLVM Optimized)", "Plans": [{"Node Type": "Bitmap Index Scan", "Parent Relationship": "Outer", "Index Name": "idx_lineitem_shipdate", "Startup Cost": 0.0, "Total Cost": 1874547.75, "Plan Rows": 58767934, "Plan Width": 0, "Index Cond": "(l_shipdate <= '1998-08-15 00:00:00'::timestamp without time zone)"}]}]}]}, "Unique SQL Id": 177413717}, "explain_analyze_plan": {"Plan": {"Node Type": "Sort", "Startup Cost": 6389801.46, "Total Cost": 6389801.47, "Plan Rows": 6, "Plan Width": 36, "Actual Startup Time": 155801.771, "Actual Total Time": 155801.772, "Actual Rows": 4, "Actual Loops": 1, "Sort Key": ["l_returnflag", "l_linestatus"], "Sort Method": "quicksort", "Sort Space Used": 25, "Sort Space Type": "Memory", "Plans": [{"Node Type": "Aggregate", "Strategy": "Hashed", "Parent Relationship": "Outer", "Startup Cost": 6389801.27, "Total Cost": 6389801.38, "Plan Rows": 6, "Plan Width": 36, "Actual Startup Time": 155801.701, "Actual Total Time": 155801.704, "Actual Rows": 4, "Actual Loops": 1, "Group By Key": ["l_returnflag", "l_linestatus"], "Plans": [{"Node Type": "Bitmap Heap Scan", "Parent Relationship": "Outer", "Relation Name": "lineitem", "Alias": "lineitem", "Startup Cost": 1889239.74, "Total Cost": 4039083.91, "Plan Rows": 58767934, "Plan Width": 36, "Actual Startup Time": 26508.887, "Actual Total Time": 53329.645, "Actual Rows": 58773499, "Actual Loops": 1, "Recheck Cond": "(l_shipdate <= '1998-08-15 00:00:00'::timestamp without time zone), (LLVM Optimized, Jit Execute)", "Rows Removed by Index Recheck": 0, "Exact Heap Blocks": 1415245, "Lossy Heap Blocks": 1415245, "Plans": [{"Node Type": "Bitmap Index Scan", "Parent Relationship": "Outer", "Index Name": "idx_lineitem_shipdate", "Startup Cost": 0.0, "Total Cost": 1874547.75, "Plan Rows": 58767934, "Plan Width": 0, "Actual Startup Time": 25699.74, "Actual Total Time": 25699.74, "Actual Rows": 58773499, "Actual Loops": 1, "Index Cond": "(l_shipdate <= '1998-08-15 00:00:00'::timestamp without time zone)"}]}]}]}, "Triggers": [], "Planner Runtime": 0.253, "Total Runtime": 155814.524, "Unique SQL Id": 177413717}}, "(1, 36)": {"explain_plan": {"Plan": {"Node Type": "Sort", "Startup Cost": 4515800.46, "Total Cost": 4515800.47, "Plan Rows": 6, "Plan Width": 36, "Sort Key": ["l_returnflag", "l_linestatus"], "Plans": [{"Node Type": "Aggregate", "Strategy": "Hashed", "Parent Relationship": "Outer", "Startup Cost": 4515800.27, "Total Cost": 4515800.38, "Plan Rows": 6, "Plan Width": 36, "Group By Key": ["l_returnflag", "l_linestatus"], "Plans": [{"Node Type": "Seq Scan", "Parent Relationship": "Outer", "Relation Name": "lineitem", "Alias": "lineitem", "Startup Cost": 3.1, "Total Cost": 2165082.91, "Plan Rows": 58767934, "Plan Width": 36, "Filter": "(l_shipdate <= '1998-08-15 00:00:00'::timestamp without time zone), (LLVM Optimized)"}]}]}, "Unique SQL Id": 177413717}, "explain_analyze_plan": {"Plan": {"Node Type": "Sort", "Startup Cost": 4515800.46, "Total Cost": 4515800.47, "Plan Rows": 6, "Plan Width": 36, "Actual Startup Time": 129733.213, "Actual Total Time": 129733.213, "Actual Rows": 4, "Actual Loops": 1, "Sort Key": ["l_returnflag", "l_linestatus"], "Sort Method": "quicksort", "Sort Space Used": 25, "Sort Space Type": "Memory", "Plans": [{"Node Type": "Aggregate", "Strategy": "Hashed", "Parent Relationship": "Outer", "Startup Cost": 4515800.27, "Total Cost": 4515800.38, "Plan Rows": 6, "Plan Width": 36, "Actual Startup Time": 129733.109, "Actual Total Time": 129733.113, "Actual Rows": 4, "Actual Loops": 1, "Group By Key": ["l_returnflag", "l_linestatus"], "Plans": [{"Node Type": "Seq Scan", "Parent Relationship": "Outer", "Relation Name": "lineitem", "Alias": "lineitem", "Startup Cost": 3.1, "Total Cost": 2165082.91, "Plan Rows": 58767934, "Plan Width": 36, "Actual Startup Time": 0.025, "Actual Total Time": 27867.532, "Actual Rows": 58773499, "Actual Loops": 1, "Filter": "(l_shipdate <= '1998-08-15 00:00:00'::timestamp without time zone), (LLVM Optimized, Jit Execute)", "Rows Removed by Filter": 1212553}]}]}, "Triggers": [], "Planner Runtime": 0.268, "Total Runtime": 129744.578, "Unique SQL Id": 177413717}}, "(1, 37)": {"explain_plan": {"Plan": {"Node Type": "Sort", "Startup Cost": 6389801.46, "Total Cost": 6389801.47, "Plan Rows": 6, "Plan Width": 36, "Sort Key": ["l_returnflag", "l_linestatus"], "Plans": [{"Node Type": "Aggregate", "Strategy": "Hashed", "Parent Relationship": "Outer", "Startup Cost": 6389801.27, "Total Cost": 6389801.38, "Plan Rows": 6, "Plan Width": 36, "Group By Key": ["l_returnflag", "l_linestatus"], "Plans": [{"Node Type": "Bitmap Heap Scan", "Parent Relationship": "Outer", "Relation Name": "lineitem", "Alias": "lineitem", "Startup Cost": 1889239.74, "Total Cost": 4039083.91, "Plan Rows": 58767934, "Plan Width": 36, "Recheck Cond": "(l_shipdate <= '1998-08-15 00:00:00'::timestamp without time zone), (LLVM Optimized)", "Plans": [{"Node Type": "Bitmap Index Scan", "Parent Relationship": "Outer", "Index Name": "idx_lineitem_shipdate", "Startup Cost": 0.0, "Total Cost": 1874547.75, "Plan Rows": 58767934, "Plan Width": 0, "Index Cond": "(l_shipdate <= '1998-08-15 00:00:00'::timestamp without time zone)"}]}]}]}, "Unique SQL Id": 177413717}, "explain_analyze_plan": {"Plan": {"Node Type": "Sort", "Startup Cost": 6389801.46, "Total Cost": 6389801.47, "Plan Rows": 6, "Plan Width": 36, "Actual Startup Time": 155801.771, "Actual Total Time": 155801.772, "Actual Rows": 4, "Actual Loops": 1, "Sort Key": ["l_returnflag", "l_linestatus"], "Sort Method": "quicksort", "Sort Space Used": 25, "Sort Space Type": "Memory", "Plans": [{"Node Type": "Aggregate", "Strategy": "Hashed", "Parent Relationship": "Outer", "Startup Cost": 6389801.27, "Total Cost": 6389801.38, "Plan Rows": 6, "Plan Width": 36, "Actual Startup Time": 155801.701, "Actual Total Time": 155801.704, "Actual Rows": 4, "Actual Loops": 1, "Group By Key": ["l_returnflag", "l_linestatus"], "Plans": [{"Node Type": "Bitmap Heap Scan", "Parent Relationship": "Outer", "Relation Name": "lineitem", "Alias": "lineitem", "Startup Cost": 1889239.74, "Total Cost": 4039083.91, "Plan Rows": 58767934, "Plan Width": 36, "Actual Startup Time": 26508.887, "Actual Total Time": 53329.645, "Actual Rows": 58773499, "Actual Loops": 1, "Recheck Cond": "(l_shipdate <= '1998-08-15 00:00:00'::timestamp without time zone), (LLVM Optimized, Jit Execute)", "Rows Removed by Index Recheck": 0, "Exact Heap Blocks": 1415245, "Lossy Heap Blocks": 1415245, "Plans": [{"Node Type": "Bitmap Index Scan", "Parent Relationship": "Outer", "Index Name": "idx_lineitem_shipdate", "Startup Cost": 0.0, "Total Cost": 1874547.75, "Plan Rows": 58767934, "Plan Width": 0, "Actual Startup Time": 25699.74, "Actual Total Time": 25699.74, "Actual Rows": 58773499, "Actual Loops": 1, "Index Cond": "(l_shipdate <= '1998-08-15 00:00:00'::timestamp without time zone)"}]}]}]}, "Triggers": [], "Planner Runtime": 0.253, "Total Runtime": 155814.524, "Unique SQL Id": 177413717}}, "(1, 38)": {"explain_plan": {"Plan": {"Node Type": "Sort", "Startup Cost": 4515800.46, "Total Cost": 4515800.47, "Plan Rows": 6, "Plan Width": 36, "Sort Key": ["l_returnflag", "l_linestatus"], "Plans": [{"Node Type": "Aggregate", "Strategy": "Hashed", "Parent Relationship": "Outer", "Startup Cost": 4515800.27, "Total Cost": 4515800.38, "Plan Rows": 6, "Plan Width": 36, "Group By Key": ["l_returnflag", "l_linestatus"], "Plans": [{"Node Type": "Seq Scan", "Parent Relationship": "Outer", "Relation Name": "lineitem", "Alias": "lineitem", "Startup Cost": 3.1, "Total Cost": 2165082.91, "Plan Rows": 58767934, "Plan Width": 36, "Filter": "(l_shipdate <= '1998-08-15 00:00:00'::timestamp without time zone), (LLVM Optimized)"}]}]}, "Unique SQL Id": 177413717}, "explain_analyze_plan": {"Plan": {"Node Type": "Sort", "Startup Cost": 4515800.46, "Total Cost": 4515800.47, "Plan Rows": 6, "Plan Width": 36, "Actual Startup Time": 129733.213, "Actual Total Time": 129733.213, "Actual Rows": 4, "Actual Loops": 1, "Sort Key": ["l_returnflag", "l_linestatus"], "Sort Method": "quicksort", "Sort Space Used": 25, "Sort Space Type": "Memory", "Plans": [{"Node Type": "Aggregate", "Strategy": "Hashed", "Parent Relationship": "Outer", "Startup Cost": 4515800.27, "Total Cost": 4515800.38, "Plan Rows": 6, "Plan Width": 36, "Actual Startup Time": 129733.109, "Actual Total Time": 129733.113, "Actual Rows": 4, "Actual Loops": 1, "Group By Key": ["l_returnflag", "l_linestatus"], "Plans": [{"Node Type": "Seq Scan", "Parent Relationship": "Outer", "Relation Name": "lineitem", "Alias": "lineitem", "Startup Cost": 3.1, "Total Cost": 2165082.91, "Plan Rows": 58767934, "Plan Width": 36, "Actual Startup Time": 0.025, "Actual Total Time": 27867.532, "Actual Rows": 58773499, "Actual Loops": 1, "Filter": "(l_shipdate <= '1998-08-15 00:00:00'::timestamp without time zone), (LLVM Optimized, Jit Execute)", "Rows Removed by Filter": 1212553}]}]}, "Triggers": [], "Planner Runtime": 0.268, "Total Runtime": 129744.578, "Unique SQL Id": 177413717}}, "(1, 39)": {"explain_plan": {"Plan": {"Node Type": "Sort", "Startup Cost": 6389801.46, "Total Cost": 6389801.47, "Plan Rows": 6, "Plan Width": 36, "Sort Key": ["l_returnflag", "l_linestatus"], "Plans": [{"Node Type": "Aggregate", "Strategy": "Hashed", "Parent Relationship": "Outer", "Startup Cost": 6389801.27, "Total Cost": 6389801.38, "Plan Rows": 6, "Plan Width": 36, "Group By Key": ["l_returnflag", "l_linestatus"], "Plans": [{"Node Type": "Bitmap Heap Scan", "Parent Relationship": "Outer", "Relation Name": "lineitem", "Alias": "lineitem", "Startup Cost": 1889239.74, "Total Cost": 4039083.91, "Plan Rows": 58767934, "Plan Width": 36, "Recheck Cond": "(l_shipdate <= '1998-08-15 00:00:00'::timestamp without time zone), (LLVM Optimized)", "Plans": [{"Node Type": "Bitmap Index Scan", "Parent Relationship": "Outer", "Index Name": "idx_lineitem_shipdate", "Startup Cost": 0.0, "Total Cost": 1874547.75, "Plan Rows": 58767934, "Plan Width": 0, "Index Cond": "(l_shipdate <= '1998-08-15 00:00:00'::timestamp without time zone)"}]}]}]}, "Unique SQL Id": 177413717}, "explain_analyze_plan": {"Plan": {"Node Type": "Sort", "Startup Cost": 6389801.46, "Total Cost": 6389801.47, "Plan Rows": 6, "Plan Width": 36, "Actual Startup Time": 155801.771, "Actual Total Time": 155801.772, "Actual Rows": 4, "Actual Loops": 1, "Sort Key": ["l_returnflag", "l_linestatus"], "Sort Method": "quicksort", "Sort Space Used": 25, "Sort Space Type": "Memory", "Plans": [{"Node Type": "Aggregate", "Strategy": "Hashed", "Parent Relationship": "Outer", "Startup Cost": 6389801.27, "Total Cost": 6389801.38, "Plan Rows": 6, "Plan Width": 36, "Actual Startup Time": 155801.701, "Actual Total Time": 155801.704, "Actual Rows": 4, "Actual Loops": 1, "Group By Key": ["l_returnflag", "l_linestatus"], "Plans": [{"Node Type": "Bitmap Heap Scan", "Parent Relationship": "Outer", "Relation Name": "lineitem", "Alias": "lineitem", "Startup Cost": 1889239.74, "Total Cost": 4039083.91, "Plan Rows": 58767934, "Plan Width": 36, "Actual Startup Time": 26508.887, "Actual Total Time": 53329.645, "Actual Rows": 58773499, "Actual Loops": 1, "Recheck Cond": "(l_shipdate <= '1998-08-15 00:00:00'::timestamp without time zone), (LLVM Optimized, Jit Execute)", "Rows Removed by Index Recheck": 0, "Exact Heap Blocks": 1415245, "Lossy Heap Blocks": 1415245, "Plans": [{"Node Type": "Bitmap Index Scan", "Parent Relationship": "Outer", "Index Name": "idx_lineitem_shipdate", "Startup Cost": 0.0, "Total Cost": 1874547.75, "Plan Rows": 58767934, "Plan Width": 0, "Actual Startup Time": 25699.74, "Actual Total Time": 25699.74, "Actual Rows": 58773499, "Actual Loops": 1, "Index Cond": "(l_shipdate <= '1998-08-15 00:00:00'::timestamp without time zone)"}]}]}]}, "Triggers": [], "Planner Runtime": 0.253, "Total Runtime": 155814.524, "Unique SQL Id": 177413717}}, "(1, 40)": {"explain_plan": {"Plan": {"Node Type": "Sort", "Startup Cost": 4515800.46, "Total Cost": 4515800.47, "Plan Rows": 6, "Plan Width": 36, "Sort Key": ["l_returnflag", "l_linestatus"], "Plans": [{"Node Type": "Aggregate", "Strategy": "Hashed", "Parent Relationship": "Outer", "Startup Cost": 4515800.27, "Total Cost": 4515800.38, "Plan Rows": 6, "Plan Width": 36, "Group By Key": ["l_returnflag", "l_linestatus"], "Plans": [{"Node Type": "Seq Scan", "Parent Relationship": "Outer", "Relation Name": "lineitem", "Alias": "lineitem", "Startup Cost": 3.1, "Total Cost": 2165082.91, "Plan Rows": 58767934, "Plan Width": 36, "Filter": "(l_shipdate <= '1998-08-15 00:00:00'::timestamp without time zone), (LLVM Optimized)"}]}]}, "Unique SQL Id": 177413717}, "explain_analyze_plan": {"Plan": {"Node Type": "Sort", "Startup Cost": 4515800.46, "Total Cost": 4515800.47, "Plan Rows": 6, "Plan Width": 36, "Actual Startup Time": 129733.213, "Actual Total Time": 129733.213, "Actual Rows": 4, "Actual Loops": 1, "Sort Key": ["l_returnflag", "l_linestatus"], "Sort Method": "quicksort", "Sort Space Used": 25, "Sort Space Type": "Memory", "Plans": [{"Node Type": "Aggregate", "Strategy": "Hashed", "Parent Relationship": "Outer", "Startup Cost": 4515800.27, "Total Cost": 4515800.38, "Plan Rows": 6, "Plan Width": 36, "Actual Startup Time": 129733.109, "Actual Total Time": 129733.113, "Actual Rows": 4, "Actual Loops": 1, "Group By Key": ["l_returnflag", "l_linestatus"], "Plans": [{"Node Type": "Seq Scan", "Parent Relationship": "Outer", "Relation Name": "lineitem", "Alias": "lineitem", "Startup Cost": 3.1, "Total Cost": 2165082.91, "Plan Rows": 58767934, "Plan Width": 36, "Actual Startup Time": 0.025, "Actual Total Time": 27867.532, "Actual Rows": 58773499, "Actual Loops": 1, "Filter": "(l_shipdate <= '1998-08-15 00:00:00'::timestamp without time zone), (LLVM Optimized, Jit Execute)", "Rows Removed by Filter": 1212553}]}]}, "Triggers": [], "Planner Runtime": 0.268, "Total Runtime": 129744.578, "Unique SQL Id": 177413717}}, "(1, 41)": {"explain_plan": {"Plan": {"Node Type": "Sort", "Startup Cost": 10473924.63, "Total Cost": 10473924.64, "Plan Rows": 6, "Plan Width": 36, "Sort Key": ["l_returnflag", "l_linestatus"], "Plans": [{"Node Type": "Aggregate", "Strategy": "Hashed", "Parent Relationship": "Outer", "Startup Cost": 10473924.44, "Total Cost": 10473924.55, "Plan Rows": 6, "Plan Width": 36, "Group By Key": ["l_returnflag", "l_linestatus"], "Plans": [{"Node Type": "Index Scan", "Parent Relationship": "Outer", "Scan Direction": "Forward", "Index Name": "idx_lineitem_shipdate", "Relation Name": "lineitem", "Alias": "lineitem", "Startup Cost": 0.0, "Total Cost": 8123207.08, "Plan Rows": 58767934, "Plan Width": 36, "Index Cond": "(l_shipdate <= '1998-08-15 00:00:00'::timestamp without time zone), (LLVM Optimized)"}]}]}, "Unique SQL Id": 177413717}, "explain_analyze_plan": {"Plan": {"Node Type": "Sort", "Startup Cost": 10473924.63, "Total Cost": 10473924.64, "Plan Rows": 6, "Plan Width": 36, "Actual Startup Time": 281124.27, "Actual Total Time": 281124.271, "Actual Rows": 4, "Actual Loops": 1, "Sort Key": ["l_returnflag", "l_linestatus"], "Sort Method": "quicksort", "Sort Space Used": 25, "Sort Space Type": "Memory", "Plans": [{"Node Type": "Aggregate", "Strategy": "Hashed", "Parent Relationship": "Outer", "Startup Cost": 10473924.44, "Total Cost": 10473924.55, "Plan Rows": 6, "Plan Width": 36, "Actual Startup Time": 281124.166, "Actual Total Time": 281124.17, "Actual Rows": 4, "Actual Loops": 1, "Group By Key": ["l_returnflag", "l_linestatus"], "Plans": [{"Node Type": "Index Scan", "Parent Relationship": "Outer", "Scan Direction": "Forward", "Index Name": "idx_lineitem_shipdate", "Relation Name": "lineitem", "Alias": "lineitem", "Startup Cost": 0.0, "Total Cost": 8123207.08, "Plan Rows": 58767934, "Plan Width": 36, "Actual Startup Time": 0.053, "Actual Total Time": 166240.785, "Actual Rows": 58773499, "Actual Loops": 1, "Index Cond": "(l_shipdate <= '1998-08-15 00:00:00'::timestamp without time zone), (LLVM Optimized, Jit Execute)", "Rows Removed by Index Recheck": 0}]}]}, "Triggers": [], "Planner Runtime": 0.249, "Total Runtime": 281135.703, "Unique SQL Id": 177413717}}, "(1, 42)": {"explain_plan": {"Plan": {"Node Type": "Sort", "Startup Cost": 4515800.46, "Total Cost": 4515800.47, "Plan Rows": 6, "Plan Width": 36, "Sort Key": ["l_returnflag", "l_linestatus"], "Plans": [{"Node Type": "Aggregate", "Strategy": "Hashed", "Parent Relationship": "Outer", "Startup Cost": 4515800.27, "Total Cost": 4515800.38, "Plan Rows": 6, "Plan Width": 36, "Group By Key": ["l_returnflag", "l_linestatus"], "Plans": [{"Node Type": "Seq Scan", "Parent Relationship": "Outer", "Relation Name": "lineitem", "Alias": "lineitem", "Startup Cost": 3.1, "Total Cost": 2165082.91, "Plan Rows": 58767934, "Plan Width": 36, "Filter": "(l_shipdate <= '1998-08-15 00:00:00'::timestamp without time zone), (LLVM Optimized)"}]}]}, "Unique SQL Id": 177413717}, "explain_analyze_plan": {"Plan": {"Node Type": "Sort", "Startup Cost": 4515800.46, "Total Cost": 4515800.47, "Plan Rows": 6, "Plan Width": 36, "Actual Startup Time": 129733.213, "Actual Total Time": 129733.213, "Actual Rows": 4, "Actual Loops": 1, "Sort Key": ["l_returnflag", "l_linestatus"], "Sort Method": "quicksort", "Sort Space Used": 25, "Sort Space Type": "Memory", "Plans": [{"Node Type": "Aggregate", "Strategy": "Hashed", "Parent Relationship": "Outer", "Startup Cost": 4515800.27, "Total Cost": 4515800.38, "Plan Rows": 6, "Plan Width": 36, "Actual Startup Time": 129733.109, "Actual Total Time": 129733.113, "Actual Rows": 4, "Actual Loops": 1, "Group By Key": ["l_returnflag", "l_linestatus"], "Plans": [{"Node Type": "Seq Scan", "Parent Relationship": "Outer", "Relation Name": "lineitem", "Alias": "lineitem", "Startup Cost": 3.1, "Total Cost": 2165082.91, "Plan Rows": 58767934, "Plan Width": 36, "Actual Startup Time": 0.025, "Actual Total Time": 27867.532, "Actual Rows": 58773499, "Actual Loops": 1, "Filter": "(l_shipdate <= '1998-08-15 00:00:00'::timestamp without time zone), (LLVM Optimized, Jit Execute)", "Rows Removed by Filter": 1212553}]}]}, "Triggers": [], "Planner Runtime": 0.268, "Total Runtime": 129744.578, "Unique SQL Id": 177413717}}, "(1, 43)": {"explain_plan": {"Plan": {"Node Type": "Sort", "Startup Cost": 1000218859008.79, "Total Cost": 1000218859008.81, "Plan Rows": 6, "Plan Width": 36, "Sort Key": ["l_returnflag", "l_linestatus"], "Plans": [{"Node Type": "Aggregate", "Strategy": "Hashed", "Parent Relationship": "Outer", "Startup Cost": 1000218859008.61, "Total Cost": 1000218859008.72, "Plan Rows": 6, "Plan Width": 36, "Group By Key": ["l_returnflag", "l_linestatus"], "Plans": [{"Node Type": "Seq Scan", "Parent Relationship": "Outer", "Relation Name": "lineitem", "Alias": "lineitem", "Startup Cost": 10000000003.1, "Total Cost": 1000216508291.25, "Plan Rows": 58767934, "Plan Width": 36, "Filter": "(l_shipdate <= '1998-08-15 00:00:00'::timestamp without time zone), (LLVM Optimized)"}]}]}, "Unique SQL Id": 177413717}, "explain_analyze_plan": {"Plan": {"Node Type": "Sort", "Startup Cost": 1000218859008.79, "Total Cost": 1000218859008.81, "Plan Rows": 6, "Plan Width": 36, "Actual Startup Time": 132518.906, "Actual Total Time": 132518.907, "Actual Rows": 4, "Actual Loops": 1, "Sort Key": ["l_returnflag", "l_linestatus"], "Sort Method": "quicksort", "Sort Space Used": 25, "Sort Space Type": "Memory", "Plans": [{"Node Type": "Aggregate", "Strategy": "Hashed", "Parent Relationship": "Outer", "Startup Cost": 1000218859008.61, "Total Cost": 1000218859008.72, "Plan Rows": 6, "Plan Width": 36, "Actual Startup Time": 132518.825, "Actual Total Time": 132518.829, "Actual Rows": 4, "Actual Loops": 1, "Group By Key": ["l_returnflag", "l_linestatus"], "Plans": [{"Node Type": "Seq Scan", "Parent Relationship": "Outer", "Relation Name": "lineitem", "Alias": "lineitem", "Startup Cost": 10000000003.1, "Total Cost": 1000216508291.25, "Plan Rows": 58767934, "Plan Width": 36, "Actual Startup Time": 0.027, "Actual Total Time": 28059.666, "Actual Rows": 58773499, "Actual Loops": 1, "Filter": "(l_shipdate <= '1998-08-15 00:00:00'::timestamp without time zone), (LLVM Optimized, Jit Execute)", "Rows Removed by Filter": 1212553}]}]}, "Triggers": [], "Planner Runtime": 0.24, "Total Runtime": 132530.325, "Unique SQL Id": 177413717}}, "(1, 44)": {"explain_plan": {"Plan": {"Node Type": "Sort", "Startup Cost": 4515800.46, "Total Cost": 4515800.47, "Plan Rows": 6, "Plan Width": 36, "Sort Key": ["l_returnflag", "l_linestatus"], "Plans": [{"Node Type": "Aggregate", "Strategy": "Hashed", "Parent Relationship": "Outer", "Startup Cost": 4515800.27, "Total Cost": 4515800.38, "Plan Rows": 6, "Plan Width": 36, "Group By Key": ["l_returnflag", "l_linestatus"], "Plans": [{"Node Type": "Seq Scan", "Parent Relationship": "Outer", "Relation Name": "lineitem", "Alias": "lineitem", "Startup Cost": 3.1, "Total Cost": 2165082.91, "Plan Rows": 58767934, "Plan Width": 36, "Filter": "(l_shipdate <= '1998-08-15 00:00:00'::timestamp without time zone), (LLVM Optimized)"}]}]}, "Unique SQL Id": 177413717}, "explain_analyze_plan": {"Plan": {"Node Type": "Sort", "Startup Cost": 4515800.46, "Total Cost": 4515800.47, "Plan Rows": 6, "Plan Width": 36, "Actual Startup Time": 129733.213, "Actual Total Time": 129733.213, "Actual Rows": 4, "Actual Loops": 1, "Sort Key": ["l_returnflag", "l_linestatus"], "Sort Method": "quicksort", "Sort Space Used": 25, "Sort Space Type": "Memory", "Plans": [{"Node Type": "Aggregate", "Strategy": "Hashed", "Parent Relationship": "Outer", "Startup Cost": 4515800.27, "Total Cost": 4515800.38, "Plan Rows": 6, "Plan Width": 36, "Actual Startup Time": 129733.109, "Actual Total Time": 129733.113, "Actual Rows": 4, "Actual Loops": 1, "Group By Key": ["l_returnflag", "l_linestatus"], "Plans": [{"Node Type": "Seq Scan", "Parent Relationship": "Outer", "Relation Name": "lineitem", "Alias": "lineitem", "Startup Cost": 3.1, "Total Cost": 2165082.91, "Plan Rows": 58767934, "Plan Width": 36, "Actual Startup Time": 0.025, "Actual Total Time": 27867.532, "Actual Rows": 58773499, "Actual Loops": 1, "Filter": "(l_shipdate <= '1998-08-15 00:00:00'::timestamp without time zone), (LLVM Optimized, Jit Execute)", "Rows Removed by Filter": 1212553}]}]}, "Triggers": [], "Planner Runtime": 0.268, "Total Runtime": 129744.578, "Unique SQL Id": 177413717}}, "(1, 45)": {"explain_plan": {"Plan": {"Node Type": "Sort", "Startup Cost": 10473924.63, "Total Cost": 10473924.64, "Plan Rows": 6, "Plan Width": 36, "Sort Key": ["l_returnflag", "l_linestatus"], "Plans": [{"Node Type": "Aggregate", "Strategy": "Hashed", "Parent Relationship": "Outer", "Startup Cost": 10473924.44, "Total Cost": 10473924.55, "Plan Rows": 6, "Plan Width": 36, "Group By Key": ["l_returnflag", "l_linestatus"], "Plans": [{"Node Type": "Index Scan", "Parent Relationship": "Outer", "Scan Direction": "Forward", "Index Name": "idx_lineitem_shipdate", "Relation Name": "lineitem", "Alias": "lineitem", "Startup Cost": 0.0, "Total Cost": 8123207.08, "Plan Rows": 58767934, "Plan Width": 36, "Index Cond": "(l_shipdate <= '1998-08-15 00:00:00'::timestamp without time zone), (LLVM Optimized)"}]}]}, "Unique SQL Id": 177413717}, "explain_analyze_plan": {"Plan": {"Node Type": "Sort", "Startup Cost": 10473924.63, "Total Cost": 10473924.64, "Plan Rows": 6, "Plan Width": 36, "Actual Startup Time": 281124.27, "Actual Total Time": 281124.271, "Actual Rows": 4, "Actual Loops": 1, "Sort Key": ["l_returnflag", "l_linestatus"], "Sort Method": "quicksort", "Sort Space Used": 25, "Sort Space Type": "Memory", "Plans": [{"Node Type": "Aggregate", "Strategy": "Hashed", "Parent Relationship": "Outer", "Startup Cost": 10473924.44, "Total Cost": 10473924.55, "Plan Rows": 6, "Plan Width": 36, "Actual Startup Time": 281124.166, "Actual Total Time": 281124.17, "Actual Rows": 4, "Actual Loops": 1, "Group By Key": ["l_returnflag", "l_linestatus"], "Plans": [{"Node Type": "Index Scan", "Parent Relationship": "Outer", "Scan Direction": "Forward", "Index Name": "idx_lineitem_shipdate", "Relation Name": "lineitem", "Alias": "lineitem", "Startup Cost": 0.0, "Total Cost": 8123207.08, "Plan Rows": 58767934, "Plan Width": 36, "Actual Startup Time": 0.053, "Actual Total Time": 166240.785, "Actual Rows": 58773499, "Actual Loops": 1, "Index Cond": "(l_shipdate <= '1998-08-15 00:00:00'::timestamp without time zone), (LLVM Optimized, Jit Execute)", "Rows Removed by Index Recheck": 0}]}]}, "Triggers": [], "Planner Runtime": 0.249, "Total Runtime": 281135.703, "Unique SQL Id": 177413717}}, "(1, 46)": {"explain_plan": {"Plan": {"Node Type": "Sort", "Startup Cost": 4515800.46, "Total Cost": 4515800.47, "Plan Rows": 6, "Plan Width": 36, "Sort Key": ["l_returnflag", "l_linestatus"], "Plans": [{"Node Type": "Aggregate", "Strategy": "Hashed", "Parent Relationship": "Outer", "Startup Cost": 4515800.27, "Total Cost": 4515800.38, "Plan Rows": 6, "Plan Width": 36, "Group By Key": ["l_returnflag", "l_linestatus"], "Plans": [{"Node Type": "Seq Scan", "Parent Relationship": "Outer", "Relation Name": "lineitem", "Alias": "lineitem", "Startup Cost": 3.1, "Total Cost": 2165082.91, "Plan Rows": 58767934, "Plan Width": 36, "Filter": "(l_shipdate <= '1998-08-15 00:00:00'::timestamp without time zone), (LLVM Optimized)"}]}]}, "Unique SQL Id": 177413717}, "explain_analyze_plan": {"Plan": {"Node Type": "Sort", "Startup Cost": 4515800.46, "Total Cost": 4515800.47, "Plan Rows": 6, "Plan Width": 36, "Actual Startup Time": 129733.213, "Actual Total Time": 129733.213, "Actual Rows": 4, "Actual Loops": 1, "Sort Key": ["l_returnflag", "l_linestatus"], "Sort Method": "quicksort", "Sort Space Used": 25, "Sort Space Type": "Memory", "Plans": [{"Node Type": "Aggregate", "Strategy": "Hashed", "Parent Relationship": "Outer", "Startup Cost": 4515800.27, "Total Cost": 4515800.38, "Plan Rows": 6, "Plan Width": 36, "Actual Startup Time": 129733.109, "Actual Total Time": 129733.113, "Actual Rows": 4, "Actual Loops": 1, "Group By Key": ["l_returnflag", "l_linestatus"], "Plans": [{"Node Type": "Seq Scan", "Parent Relationship": "Outer", "Relation Name": "lineitem", "Alias": "lineitem", "Startup Cost": 3.1, "Total Cost": 2165082.91, "Plan Rows": 58767934, "Plan Width": 36, "Actual Startup Time": 0.025, "Actual Total Time": 27867.532, "Actual Rows": 58773499, "Actual Loops": 1, "Filter": "(l_shipdate <= '1998-08-15 00:00:00'::timestamp without time zone), (LLVM Optimized, Jit Execute)", "Rows Removed by Filter": 1212553}]}]}, "Triggers": [], "Planner Runtime": 0.268, "Total Runtime": 129744.578, "Unique SQL Id": 177413717}}, "(1, 47)": {"explain_plan": {"Plan": {"Node Type": "Sort", "Startup Cost": 1000218859008.79, "Total Cost": 1000218859008.81, "Plan Rows": 6, "Plan Width": 36, "Sort Key": ["l_returnflag", "l_linestatus"], "Plans": [{"Node Type": "Aggregate", "Strategy": "Hashed", "Parent Relationship": "Outer", "Startup Cost": 1000218859008.61, "Total Cost": 1000218859008.72, "Plan Rows": 6, "Plan Width": 36, "Group By Key": ["l_returnflag", "l_linestatus"], "Plans": [{"Node Type": "Seq Scan", "Parent Relationship": "Outer", "Relation Name": "lineitem", "Alias": "lineitem", "Startup Cost": 10000000003.1, "Total Cost": 1000216508291.25, "Plan Rows": 58767934, "Plan Width": 36, "Filter": "(l_shipdate <= '1998-08-15 00:00:00'::timestamp without time zone), (LLVM Optimized)"}]}]}, "Unique SQL Id": 177413717}, "explain_analyze_plan": {"Plan": {"Node Type": "Sort", "Startup Cost": 1000218859008.79, "Total Cost": 1000218859008.81, "Plan Rows": 6, "Plan Width": 36, "Actual Startup Time": 132518.906, "Actual Total Time": 132518.907, "Actual Rows": 4, "Actual Loops": 1, "Sort Key": ["l_returnflag", "l_linestatus"], "Sort Method": "quicksort", "Sort Space Used": 25, "Sort Space Type": "Memory", "Plans": [{"Node Type": "Aggregate", "Strategy": "Hashed", "Parent Relationship": "Outer", "Startup Cost": 1000218859008.61, "Total Cost": 1000218859008.72, "Plan Rows": 6, "Plan Width": 36, "Actual Startup Time": 132518.825, "Actual Total Time": 132518.829, "Actual Rows": 4, "Actual Loops": 1, "Group By Key": ["l_returnflag", "l_linestatus"], "Plans": [{"Node Type": "Seq Scan", "Parent Relationship": "Outer", "Relation Name": "lineitem", "Alias": "lineitem", "Startup Cost": 10000000003.1, "Total Cost": 1000216508291.25, "Plan Rows": 58767934, "Plan Width": 36, "Actual Startup Time": 0.027, "Actual Total Time": 28059.666, "Actual Rows": 58773499, "Actual Loops": 1, "Filter": "(l_shipdate <= '1998-08-15 00:00:00'::timestamp without time zone), (LLVM Optimized, Jit Execute)", "Rows Removed by Filter": 1212553}]}]}, "Triggers": [], "Planner Runtime": 0.24, "Total Runtime": 132530.325, "Unique SQL Id": 177413717}}, "(1, 48)": {"explain_plan": {"Plan": {"Node Type": "Sort", "Startup Cost": 4515800.46, "Total Cost": 4515800.47, "Plan Rows": 6, "Plan Width": 36, "Sort Key": ["l_returnflag", "l_linestatus"], "Plans": [{"Node Type": "Aggregate", "Strategy": "Hashed", "Parent Relationship": "Outer", "Startup Cost": 4515800.27, "Total Cost": 4515800.38, "Plan Rows": 6, "Plan Width": 36, "Group By Key": ["l_returnflag", "l_linestatus"], "Plans": [{"Node Type": "Seq Scan", "Parent Relationship": "Outer", "Relation Name": "lineitem", "Alias": "lineitem", "Startup Cost": 3.1, "Total Cost": 2165082.91, "Plan Rows": 58767934, "Plan Width": 36, "Filter": "(l_shipdate <= '1998-08-15 00:00:00'::timestamp without time zone), (LLVM Optimized)"}]}]}, "Unique SQL Id": 177413717}, "explain_analyze_plan": {"Plan": {"Node Type": "Sort", "Startup Cost": 4515800.46, "Total Cost": 4515800.47, "Plan Rows": 6, "Plan Width": 36, "Actual Startup Time": 129733.213, "Actual Total Time": 129733.213, "Actual Rows": 4, "Actual Loops": 1, "Sort Key": ["l_returnflag", "l_linestatus"], "Sort Method": "quicksort", "Sort Space Used": 25, "Sort Space Type": "Memory", "Plans": [{"Node Type": "Aggregate", "Strategy": "Hashed", "Parent Relationship": "Outer", "Startup Cost": 4515800.27, "Total Cost": 4515800.38, "Plan Rows": 6, "Plan Width": 36, "Actual Startup Time": 129733.109, "Actual Total Time": 129733.113, "Actual Rows": 4, "Actual Loops": 1, "Group By Key": ["l_returnflag", "l_linestatus"], "Plans": [{"Node Type": "Seq Scan", "Parent Relationship": "Outer", "Relation Name": "lineitem", "Alias": "lineitem", "Startup Cost": 3.1, "Total Cost": 2165082.91, "Plan Rows": 58767934, "Plan Width": 36, "Actual Startup Time": 0.025, "Actual Total Time": 27867.532, "Actual Rows": 58773499, "Actual Loops": 1, "Filter": "(l_shipdate <= '1998-08-15 00:00:00'::timestamp without time zone), (LLVM Optimized, Jit Execute)", "Rows Removed by Filter": 1212553}]}]}, "Triggers": [], "Planner Runtime": 0.268, "Total Runtime": 129744.578, "Unique SQL Id": 177413717}}, "(1, 49)": {"explain_plan": {"Plan": {"Node Type": "Sort", "Startup Cost": 6389801.46, "Total Cost": 6389801.47, "Plan Rows": 6, "Plan Width": 36, "Sort Key": ["l_returnflag", "l_linestatus"], "Plans": [{"Node Type": "Aggregate", "Strategy": "Hashed", "Parent Relationship": "Outer", "Startup Cost": 6389801.27, "Total Cost": 6389801.38, "Plan Rows": 6, "Plan Width": 36, "Group By Key": ["l_returnflag", "l_linestatus"], "Plans": [{"Node Type": "Bitmap Heap Scan", "Parent Relationship": "Outer", "Relation Name": "lineitem", "Alias": "lineitem", "Startup Cost": 1889239.74, "Total Cost": 4039083.91, "Plan Rows": 58767934, "Plan Width": 36, "Recheck Cond": "(l_shipdate <= '1998-08-15 00:00:00'::timestamp without time zone), (LLVM Optimized)", "Plans": [{"Node Type": "Bitmap Index Scan", "Parent Relationship": "Outer", "Index Name": "idx_lineitem_shipdate", "Startup Cost": 0.0, "Total Cost": 1874547.75, "Plan Rows": 58767934, "Plan Width": 0, "Index Cond": "(l_shipdate <= '1998-08-15 00:00:00'::timestamp without time zone)"}]}]}]}, "Unique SQL Id": 177413717}, "explain_analyze_plan": {"Plan": {"Node Type": "Sort", "Startup Cost": 6389801.46, "Total Cost": 6389801.47, "Plan Rows": 6, "Plan Width": 36, "Actual Startup Time": 155801.771, "Actual Total Time": 155801.772, "Actual Rows": 4, "Actual Loops": 1, "Sort Key": ["l_returnflag", "l_linestatus"], "Sort Method": "quicksort", "Sort Space Used": 25, "Sort Space Type": "Memory", "Plans": [{"Node Type": "Aggregate", "Strategy": "Hashed", "Parent Relationship": "Outer", "Startup Cost": 6389801.27, "Total Cost": 6389801.38, "Plan Rows": 6, "Plan Width": 36, "Actual Startup Time": 155801.701, "Actual Total Time": 155801.704, "Actual Rows": 4, "Actual Loops": 1, "Group By Key": ["l_returnflag", "l_linestatus"], "Plans": [{"Node Type": "Bitmap Heap Scan", "Parent Relationship": "Outer", "Relation Name": "lineitem", "Alias": "lineitem", "Startup Cost": 1889239.74, "Total Cost": 4039083.91, "Plan Rows": 58767934, "Plan Width": 36, "Actual Startup Time": 26508.887, "Actual Total Time": 53329.645, "Actual Rows": 58773499, "Actual Loops": 1, "Recheck Cond": "(l_shipdate <= '1998-08-15 00:00:00'::timestamp without time zone), (LLVM Optimized, Jit Execute)", "Rows Removed by Index Recheck": 0, "Exact Heap Blocks": 1415245, "Lossy Heap Blocks": 1415245, "Plans": [{"Node Type": "Bitmap Index Scan", "Parent Relationship": "Outer", "Index Name": "idx_lineitem_shipdate", "Startup Cost": 0.0, "Total Cost": 1874547.75, "Plan Rows": 58767934, "Plan Width": 0, "Actual Startup Time": 25699.74, "Actual Total Time": 25699.74, "Actual Rows": 58773499, "Actual Loops": 1, "Index Cond": "(l_shipdate <= '1998-08-15 00:00:00'::timestamp without time zone)"}]}]}]}, "Triggers": [], "Planner Runtime": 0.253, "Total Runtime": 155814.524, "Unique SQL Id": 177413717}}, "(1, 50)": {"explain_plan": {"Plan": {"Node Type": "Sort", "Startup Cost": 4515800.46, "Total Cost": 4515800.47, "Plan Rows": 6, "Plan Width": 36, "Sort Key": ["l_returnflag", "l_linestatus"], "Plans": [{"Node Type": "Aggregate", "Strategy": "Hashed", "Parent Relationship": "Outer", "Startup Cost": 4515800.27, "Total Cost": 4515800.38, "Plan Rows": 6, "Plan Width": 36, "Group By Key": ["l_returnflag", "l_linestatus"], "Plans": [{"Node Type": "Seq Scan", "Parent Relationship": "Outer", "Relation Name": "lineitem", "Alias": "lineitem", "Startup Cost": 3.1, "Total Cost": 2165082.91, "Plan Rows": 58767934, "Plan Width": 36, "Filter": "(l_shipdate <= '1998-08-15 00:00:00'::timestamp without time zone), (LLVM Optimized)"}]}]}, "Unique SQL Id": 177413717}, "explain_analyze_plan": {"Plan": {"Node Type": "Sort", "Startup Cost": 4515800.46, "Total Cost": 4515800.47, "Plan Rows": 6, "Plan Width": 36, "Actual Startup Time": 129733.213, "Actual Total Time": 129733.213, "Actual Rows": 4, "Actual Loops": 1, "Sort Key": ["l_returnflag", "l_linestatus"], "Sort Method": "quicksort", "Sort Space Used": 25, "Sort Space Type": "Memory", "Plans": [{"Node Type": "Aggregate", "Strategy": "Hashed", "Parent Relationship": "Outer", "Startup Cost": 4515800.27, "Total Cost": 4515800.38, "Plan Rows": 6, "Plan Width": 36, "Actual Startup Time": 129733.109, "Actual Total Time": 129733.113, "Actual Rows": 4, "Actual Loops": 1, "Group By Key": ["l_returnflag", "l_linestatus"], "Plans": [{"Node Type": "Seq Scan", "Parent Relationship": "Outer", "Relation Name": "lineitem", "Alias": "lineitem", "Startup Cost": 3.1, "Total Cost": 2165082.91, "Plan Rows": 58767934, "Plan Width": 36, "Actual Startup Time": 0.025, "Actual Total Time": 27867.532, "Actual Rows": 58773499, "Actual Loops": 1, "Filter": "(l_shipdate <= '1998-08-15 00:00:00'::timestamp without time zone), (LLVM Optimized, Jit Execute)", "Rows Removed by Filter": 1212553}]}]}, "Triggers": [], "Planner Runtime": 0.268, "Total Runtime": 129744.578, "Unique SQL Id": 177413717}}, "(1, 51)": {"explain_plan": {"Plan": {"Node Type": "Sort", "Startup Cost": 6389801.46, "Total Cost": 6389801.47, "Plan Rows": 6, "Plan Width": 36, "Sort Key": ["l_returnflag", "l_linestatus"], "Plans": [{"Node Type": "Aggregate", "Strategy": "Hashed", "Parent Relationship": "Outer", "Startup Cost": 6389801.27, "Total Cost": 6389801.38, "Plan Rows": 6, "Plan Width": 36, "Group By Key": ["l_returnflag", "l_linestatus"], "Plans": [{"Node Type": "Bitmap Heap Scan", "Parent Relationship": "Outer", "Relation Name": "lineitem", "Alias": "lineitem", "Startup Cost": 1889239.74, "Total Cost": 4039083.91, "Plan Rows": 58767934, "Plan Width": 36, "Recheck Cond": "(l_shipdate <= '1998-08-15 00:00:00'::timestamp without time zone), (LLVM Optimized)", "Plans": [{"Node Type": "Bitmap Index Scan", "Parent Relationship": "Outer", "Index Name": "idx_lineitem_shipdate", "Startup Cost": 0.0, "Total Cost": 1874547.75, "Plan Rows": 58767934, "Plan Width": 0, "Index Cond": "(l_shipdate <= '1998-08-15 00:00:00'::timestamp without time zone)"}]}]}]}, "Unique SQL Id": 177413717}, "explain_analyze_plan": {"Plan": {"Node Type": "Sort", "Startup Cost": 6389801.46, "Total Cost": 6389801.47, "Plan Rows": 6, "Plan Width": 36, "Actual Startup Time": 155801.771, "Actual Total Time": 155801.772, "Actual Rows": 4, "Actual Loops": 1, "Sort Key": ["l_returnflag", "l_linestatus"], "Sort Method": "quicksort", "Sort Space Used": 25, "Sort Space Type": "Memory", "Plans": [{"Node Type": "Aggregate", "Strategy": "Hashed", "Parent Relationship": "Outer", "Startup Cost": 6389801.27, "Total Cost": 6389801.38, "Plan Rows": 6, "Plan Width": 36, "Actual Startup Time": 155801.701, "Actual Total Time": 155801.704, "Actual Rows": 4, "Actual Loops": 1, "Group By Key": ["l_returnflag", "l_linestatus"], "Plans": [{"Node Type": "Bitmap Heap Scan", "Parent Relationship": "Outer", "Relation Name": "lineitem", "Alias": "lineitem", "Startup Cost": 1889239.74, "Total Cost": 4039083.91, "Plan Rows": 58767934, "Plan Width": 36, "Actual Startup Time": 26508.887, "Actual Total Time": 53329.645, "Actual Rows": 58773499, "Actual Loops": 1, "Recheck Cond": "(l_shipdate <= '1998-08-15 00:00:00'::timestamp without time zone), (LLVM Optimized, Jit Execute)", "Rows Removed by Index Recheck": 0, "Exact Heap Blocks": 1415245, "Lossy Heap Blocks": 1415245, "Plans": [{"Node Type": "Bitmap Index Scan", "Parent Relationship": "Outer", "Index Name": "idx_lineitem_shipdate", "Startup Cost": 0.0, "Total Cost": 1874547.75, "Plan Rows": 58767934, "Plan Width": 0, "Actual Startup Time": 25699.74, "Actual Total Time": 25699.74, "Actual Rows": 58773499, "Actual Loops": 1, "Index Cond": "(l_shipdate <= '1998-08-15 00:00:00'::timestamp without time zone)"}]}]}]}, "Triggers": [], "Planner Runtime": 0.253, "Total Runtime": 155814.524, "Unique SQL Id": 177413717}}, "(1, 52)": {"explain_plan": {"Plan": {"Node Type": "Sort", "Startup Cost": 4515800.46, "Total Cost": 4515800.47, "Plan Rows": 6, "Plan Width": 36, "Sort Key": ["l_returnflag", "l_linestatus"], "Plans": [{"Node Type": "Aggregate", "Strategy": "Hashed", "Parent Relationship": "Outer", "Startup Cost": 4515800.27, "Total Cost": 4515800.38, "Plan Rows": 6, "Plan Width": 36, "Group By Key": ["l_returnflag", "l_linestatus"], "Plans": [{"Node Type": "Seq Scan", "Parent Relationship": "Outer", "Relation Name": "lineitem", "Alias": "lineitem", "Startup Cost": 3.1, "Total Cost": 2165082.91, "Plan Rows": 58767934, "Plan Width": 36, "Filter": "(l_shipdate <= '1998-08-15 00:00:00'::timestamp without time zone), (LLVM Optimized)"}]}]}, "Unique SQL Id": 177413717}, "explain_analyze_plan": {"Plan": {"Node Type": "Sort", "Startup Cost": 4515800.46, "Total Cost": 4515800.47, "Plan Rows": 6, "Plan Width": 36, "Actual Startup Time": 129733.213, "Actual Total Time": 129733.213, "Actual Rows": 4, "Actual Loops": 1, "Sort Key": ["l_returnflag", "l_linestatus"], "Sort Method": "quicksort", "Sort Space Used": 25, "Sort Space Type": "Memory", "Plans": [{"Node Type": "Aggregate", "Strategy": "Hashed", "Parent Relationship": "Outer", "Startup Cost": 4515800.27, "Total Cost": 4515800.38, "Plan Rows": 6, "Plan Width": 36, "Actual Startup Time": 129733.109, "Actual Total Time": 129733.113, "Actual Rows": 4, "Actual Loops": 1, "Group By Key": ["l_returnflag", "l_linestatus"], "Plans": [{"Node Type": "Seq Scan", "Parent Relationship": "Outer", "Relation Name": "lineitem", "Alias": "lineitem", "Startup Cost": 3.1, "Total Cost": 2165082.91, "Plan Rows": 58767934, "Plan Width": 36, "Actual Startup Time": 0.025, "Actual Total Time": 27867.532, "Actual Rows": 58773499, "Actual Loops": 1, "Filter": "(l_shipdate <= '1998-08-15 00:00:00'::timestamp without time zone), (LLVM Optimized, Jit Execute)", "Rows Removed by Filter": 1212553}]}]}, "Triggers": [], "Planner Runtime": 0.268, "Total Runtime": 129744.578, "Unique SQL Id": 177413717}}, "(1, 53)": {"explain_plan": {"Plan": {"Node Type": "Sort", "Startup Cost": 6389801.46, "Total Cost": 6389801.47, "Plan Rows": 6, "Plan Width": 36, "Sort Key": ["l_returnflag", "l_linestatus"], "Plans": [{"Node Type": "Aggregate", "Strategy": "Hashed", "Parent Relationship": "Outer", "Startup Cost": 6389801.27, "Total Cost": 6389801.38, "Plan Rows": 6, "Plan Width": 36, "Group By Key": ["l_returnflag", "l_linestatus"], "Plans": [{"Node Type": "Bitmap Heap Scan", "Parent Relationship": "Outer", "Relation Name": "lineitem", "Alias": "lineitem", "Startup Cost": 1889239.74, "Total Cost": 4039083.91, "Plan Rows": 58767934, "Plan Width": 36, "Recheck Cond": "(l_shipdate <= '1998-08-15 00:00:00'::timestamp without time zone), (LLVM Optimized)", "Plans": [{"Node Type": "Bitmap Index Scan", "Parent Relationship": "Outer", "Index Name": "idx_lineitem_shipdate", "Startup Cost": 0.0, "Total Cost": 1874547.75, "Plan Rows": 58767934, "Plan Width": 0, "Index Cond": "(l_shipdate <= '1998-08-15 00:00:00'::timestamp without time zone)"}]}]}]}, "Unique SQL Id": 177413717}, "explain_analyze_plan": {"Plan": {"Node Type": "Sort", "Startup Cost": 6389801.46, "Total Cost": 6389801.47, "Plan Rows": 6, "Plan Width": 36, "Actual Startup Time": 155801.771, "Actual Total Time": 155801.772, "Actual Rows": 4, "Actual Loops": 1, "Sort Key": ["l_returnflag", "l_linestatus"], "Sort Method": "quicksort", "Sort Space Used": 25, "Sort Space Type": "Memory", "Plans": [{"Node Type": "Aggregate", "Strategy": "Hashed", "Parent Relationship": "Outer", "Startup Cost": 6389801.27, "Total Cost": 6389801.38, "Plan Rows": 6, "Plan Width": 36, "Actual Startup Time": 155801.701, "Actual Total Time": 155801.704, "Actual Rows": 4, "Actual Loops": 1, "Group By Key": ["l_returnflag", "l_linestatus"], "Plans": [{"Node Type": "Bitmap Heap Scan", "Parent Relationship": "Outer", "Relation Name": "lineitem", "Alias": "lineitem", "Startup Cost": 1889239.74, "Total Cost": 4039083.91, "Plan Rows": 58767934, "Plan Width": 36, "Actual Startup Time": 26508.887, "Actual Total Time": 53329.645, "Actual Rows": 58773499, "Actual Loops": 1, "Recheck Cond": "(l_shipdate <= '1998-08-15 00:00:00'::timestamp without time zone), (LLVM Optimized, Jit Execute)", "Rows Removed by Index Recheck": 0, "Exact Heap Blocks": 1415245, "Lossy Heap Blocks": 1415245, "Plans": [{"Node Type": "Bitmap Index Scan", "Parent Relationship": "Outer", "Index Name": "idx_lineitem_shipdate", "Startup Cost": 0.0, "Total Cost": 1874547.75, "Plan Rows": 58767934, "Plan Width": 0, "Actual Startup Time": 25699.74, "Actual Total Time": 25699.74, "Actual Rows": 58773499, "Actual Loops": 1, "Index Cond": "(l_shipdate <= '1998-08-15 00:00:00'::timestamp without time zone)"}]}]}]}, "Triggers": [], "Planner Runtime": 0.253, "Total Runtime": 155814.524, "Unique SQL Id": 177413717}}, "(1, 54)": {"explain_plan": {"Plan": {"Node Type": "Sort", "Startup Cost": 4515800.46, "Total Cost": 4515800.47, "Plan Rows": 6, "Plan Width": 36, "Sort Key": ["l_returnflag", "l_linestatus"], "Plans": [{"Node Type": "Aggregate", "Strategy": "Hashed", "Parent Relationship": "Outer", "Startup Cost": 4515800.27, "Total Cost": 4515800.38, "Plan Rows": 6, "Plan Width": 36, "Group By Key": ["l_returnflag", "l_linestatus"], "Plans": [{"Node Type": "Seq Scan", "Parent Relationship": "Outer", "Relation Name": "lineitem", "Alias": "lineitem", "Startup Cost": 3.1, "Total Cost": 2165082.91, "Plan Rows": 58767934, "Plan Width": 36, "Filter": "(l_shipdate <= '1998-08-15 00:00:00'::timestamp without time zone), (LLVM Optimized)"}]}]}, "Unique SQL Id": 177413717}, "explain_analyze_plan": {"Plan": {"Node Type": "Sort", "Startup Cost": 4515800.46, "Total Cost": 4515800.47, "Plan Rows": 6, "Plan Width": 36, "Actual Startup Time": 129733.213, "Actual Total Time": 129733.213, "Actual Rows": 4, "Actual Loops": 1, "Sort Key": ["l_returnflag", "l_linestatus"], "Sort Method": "quicksort", "Sort Space Used": 25, "Sort Space Type": "Memory", "Plans": [{"Node Type": "Aggregate", "Strategy": "Hashed", "Parent Relationship": "Outer", "Startup Cost": 4515800.27, "Total Cost": 4515800.38, "Plan Rows": 6, "Plan Width": 36, "Actual Startup Time": 129733.109, "Actual Total Time": 129733.113, "Actual Rows": 4, "Actual Loops": 1, "Group By Key": ["l_returnflag", "l_linestatus"], "Plans": [{"Node Type": "Seq Scan", "Parent Relationship": "Outer", "Relation Name": "lineitem", "Alias": "lineitem", "Startup Cost": 3.1, "Total Cost": 2165082.91, "Plan Rows": 58767934, "Plan Width": 36, "Actual Startup Time": 0.025, "Actual Total Time": 27867.532, "Actual Rows": 58773499, "Actual Loops": 1, "Filter": "(l_shipdate <= '1998-08-15 00:00:00'::timestamp without time zone), (LLVM Optimized, Jit Execute)", "Rows Removed by Filter": 1212553}]}]}, "Triggers": [], "Planner Runtime": 0.268, "Total Runtime": 129744.578, "Unique SQL Id": 177413717}}, "(1, 55)": {"explain_plan": {"Plan": {"Node Type": "Sort", "Startup Cost": 6389801.46, "Total Cost": 6389801.47, "Plan Rows": 6, "Plan Width": 36, "Sort Key": ["l_returnflag", "l_linestatus"], "Plans": [{"Node Type": "Aggregate", "Strategy": "Hashed", "Parent Relationship": "Outer", "Startup Cost": 6389801.27, "Total Cost": 6389801.38, "Plan Rows": 6, "Plan Width": 36, "Group By Key": ["l_returnflag", "l_linestatus"], "Plans": [{"Node Type": "Bitmap Heap Scan", "Parent Relationship": "Outer", "Relation Name": "lineitem", "Alias": "lineitem", "Startup Cost": 1889239.74, "Total Cost": 4039083.91, "Plan Rows": 58767934, "Plan Width": 36, "Recheck Cond": "(l_shipdate <= '1998-08-15 00:00:00'::timestamp without time zone), (LLVM Optimized)", "Plans": [{"Node Type": "Bitmap Index Scan", "Parent Relationship": "Outer", "Index Name": "idx_lineitem_shipdate", "Startup Cost": 0.0, "Total Cost": 1874547.75, "Plan Rows": 58767934, "Plan Width": 0, "Index Cond": "(l_shipdate <= '1998-08-15 00:00:00'::timestamp without time zone)"}]}]}]}, "Unique SQL Id": 177413717}, "explain_analyze_plan": {"Plan": {"Node Type": "Sort", "Startup Cost": 6389801.46, "Total Cost": 6389801.47, "Plan Rows": 6, "Plan Width": 36, "Actual Startup Time": 155801.771, "Actual Total Time": 155801.772, "Actual Rows": 4, "Actual Loops": 1, "Sort Key": ["l_returnflag", "l_linestatus"], "Sort Method": "quicksort", "Sort Space Used": 25, "Sort Space Type": "Memory", "Plans": [{"Node Type": "Aggregate", "Strategy": "Hashed", "Parent Relationship": "Outer", "Startup Cost": 6389801.27, "Total Cost": 6389801.38, "Plan Rows": 6, "Plan Width": 36, "Actual Startup Time": 155801.701, "Actual Total Time": 155801.704, "Actual Rows": 4, "Actual Loops": 1, "Group By Key": ["l_returnflag", "l_linestatus"], "Plans": [{"Node Type": "Bitmap Heap Scan", "Parent Relationship": "Outer", "Relation Name": "lineitem", "Alias": "lineitem", "Startup Cost": 1889239.74, "Total Cost": 4039083.91, "Plan Rows": 58767934, "Plan Width": 36, "Actual Startup Time": 26508.887, "Actual Total Time": 53329.645, "Actual Rows": 58773499, "Actual Loops": 1, "Recheck Cond": "(l_shipdate <= '1998-08-15 00:00:00'::timestamp without time zone), (LLVM Optimized, Jit Execute)", "Rows Removed by Index Recheck": 0, "Exact Heap Blocks": 1415245, "Lossy Heap Blocks": 1415245, "Plans": [{"Node Type": "Bitmap Index Scan", "Parent Relationship": "Outer", "Index Name": "idx_lineitem_shipdate", "Startup Cost": 0.0, "Total Cost": 1874547.75, "Plan Rows": 58767934, "Plan Width": 0, "Actual Startup Time": 25699.74, "Actual Total Time": 25699.74, "Actual Rows": 58773499, "Actual Loops": 1, "Index Cond": "(l_shipdate <= '1998-08-15 00:00:00'::timestamp without time zone)"}]}]}]}, "Triggers": [], "Planner Runtime": 0.253, "Total Runtime": 155814.524, "Unique SQL Id": 177413717}}, "(1, 56)": {"explain_plan": {"Plan": {"Node Type": "Sort", "Startup Cost": 4515800.46, "Total Cost": 4515800.47, "Plan Rows": 6, "Plan Width": 36, "Sort Key": ["l_returnflag", "l_linestatus"], "Plans": [{"Node Type": "Aggregate", "Strategy": "Hashed", "Parent Relationship": "Outer", "Startup Cost": 4515800.27, "Total Cost": 4515800.38, "Plan Rows": 6, "Plan Width": 36, "Group By Key": ["l_returnflag", "l_linestatus"], "Plans": [{"Node Type": "Seq Scan", "Parent Relationship": "Outer", "Relation Name": "lineitem", "Alias": "lineitem", "Startup Cost": 3.1, "Total Cost": 2165082.91, "Plan Rows": 58767934, "Plan Width": 36, "Filter": "(l_shipdate <= '1998-08-15 00:00:00'::timestamp without time zone), (LLVM Optimized)"}]}]}, "Unique SQL Id": 177413717}, "explain_analyze_plan": {"Plan": {"Node Type": "Sort", "Startup Cost": 4515800.46, "Total Cost": 4515800.47, "Plan Rows": 6, "Plan Width": 36, "Actual Startup Time": 129733.213, "Actual Total Time": 129733.213, "Actual Rows": 4, "Actual Loops": 1, "Sort Key": ["l_returnflag", "l_linestatus"], "Sort Method": "quicksort", "Sort Space Used": 25, "Sort Space Type": "Memory", "Plans": [{"Node Type": "Aggregate", "Strategy": "Hashed", "Parent Relationship": "Outer", "Startup Cost": 4515800.27, "Total Cost": 4515800.38, "Plan Rows": 6, "Plan Width": 36, "Actual Startup Time": 129733.109, "Actual Total Time": 129733.113, "Actual Rows": 4, "Actual Loops": 1, "Group By Key": ["l_returnflag", "l_linestatus"], "Plans": [{"Node Type": "Seq Scan", "Parent Relationship": "Outer", "Relation Name": "lineitem", "Alias": "lineitem", "Startup Cost": 3.1, "Total Cost": 2165082.91, "Plan Rows": 58767934, "Plan Width": 36, "Actual Startup Time": 0.025, "Actual Total Time": 27867.532, "Actual Rows": 58773499, "Actual Loops": 1, "Filter": "(l_shipdate <= '1998-08-15 00:00:00'::timestamp without time zone), (LLVM Optimized, Jit Execute)", "Rows Removed by Filter": 1212553}]}]}, "Triggers": [], "Planner Runtime": 0.268, "Total Runtime": 129744.578, "Unique SQL Id": 177413717}}, "(1, 57)": {"explain_plan": {"Plan": {"Node Type": "Sort", "Startup Cost": 10473924.63, "Total Cost": 10473924.64, "Plan Rows": 6, "Plan Width": 36, "Sort Key": ["l_returnflag", "l_linestatus"], "Plans": [{"Node Type": "Aggregate", "Strategy": "Hashed", "Parent Relationship": "Outer", "Startup Cost": 10473924.44, "Total Cost": 10473924.55, "Plan Rows": 6, "Plan Width": 36, "Group By Key": ["l_returnflag", "l_linestatus"], "Plans": [{"Node Type": "Index Scan", "Parent Relationship": "Outer", "Scan Direction": "Forward", "Index Name": "idx_lineitem_shipdate", "Relation Name": "lineitem", "Alias": "lineitem", "Startup Cost": 0.0, "Total Cost": 8123207.08, "Plan Rows": 58767934, "Plan Width": 36, "Index Cond": "(l_shipdate <= '1998-08-15 00:00:00'::timestamp without time zone), (LLVM Optimized)"}]}]}, "Unique SQL Id": 177413717}, "explain_analyze_plan": {"Plan": {"Node Type": "Sort", "Startup Cost": 10473924.63, "Total Cost": 10473924.64, "Plan Rows": 6, "Plan Width": 36, "Actual Startup Time": 281124.27, "Actual Total Time": 281124.271, "Actual Rows": 4, "Actual Loops": 1, "Sort Key": ["l_returnflag", "l_linestatus"], "Sort Method": "quicksort", "Sort Space Used": 25, "Sort Space Type": "Memory", "Plans": [{"Node Type": "Aggregate", "Strategy": "Hashed", "Parent Relationship": "Outer", "Startup Cost": 10473924.44, "Total Cost": 10473924.55, "Plan Rows": 6, "Plan Width": 36, "Actual Startup Time": 281124.166, "Actual Total Time": 281124.17, "Actual Rows": 4, "Actual Loops": 1, "Group By Key": ["l_returnflag", "l_linestatus"], "Plans": [{"Node Type": "Index Scan", "Parent Relationship": "Outer", "Scan Direction": "Forward", "Index Name": "idx_lineitem_shipdate", "Relation Name": "lineitem", "Alias": "lineitem", "Startup Cost": 0.0, "Total Cost": 8123207.08, "Plan Rows": 58767934, "Plan Width": 36, "Actual Startup Time": 0.053, "Actual Total Time": 166240.785, "Actual Rows": 58773499, "Actual Loops": 1, "Index Cond": "(l_shipdate <= '1998-08-15 00:00:00'::timestamp without time zone), (LLVM Optimized, Jit Execute)", "Rows Removed by Index Recheck": 0}]}]}, "Triggers": [], "Planner Runtime": 0.249, "Total Runtime": 281135.703, "Unique SQL Id": 177413717}}, "(1, 58)": {"explain_plan": {"Plan": {"Node Type": "Sort", "Startup Cost": 4515800.46, "Total Cost": 4515800.47, "Plan Rows": 6, "Plan Width": 36, "Sort Key": ["l_returnflag", "l_linestatus"], "Plans": [{"Node Type": "Aggregate", "Strategy": "Hashed", "Parent Relationship": "Outer", "Startup Cost": 4515800.27, "Total Cost": 4515800.38, "Plan Rows": 6, "Plan Width": 36, "Group By Key": ["l_returnflag", "l_linestatus"], "Plans": [{"Node Type": "Seq Scan", "Parent Relationship": "Outer", "Relation Name": "lineitem", "Alias": "lineitem", "Startup Cost": 3.1, "Total Cost": 2165082.91, "Plan Rows": 58767934, "Plan Width": 36, "Filter": "(l_shipdate <= '1998-08-15 00:00:00'::timestamp without time zone), (LLVM Optimized)"}]}]}, "Unique SQL Id": 177413717}, "explain_analyze_plan": {"Plan": {"Node Type": "Sort", "Startup Cost": 4515800.46, "Total Cost": 4515800.47, "Plan Rows": 6, "Plan Width": 36, "Actual Startup Time": 129733.213, "Actual Total Time": 129733.213, "Actual Rows": 4, "Actual Loops": 1, "Sort Key": ["l_returnflag", "l_linestatus"], "Sort Method": "quicksort", "Sort Space Used": 25, "Sort Space Type": "Memory", "Plans": [{"Node Type": "Aggregate", "Strategy": "Hashed", "Parent Relationship": "Outer", "Startup Cost": 4515800.27, "Total Cost": 4515800.38, "Plan Rows": 6, "Plan Width": 36, "Actual Startup Time": 129733.109, "Actual Total Time": 129733.113, "Actual Rows": 4, "Actual Loops": 1, "Group By Key": ["l_returnflag", "l_linestatus"], "Plans": [{"Node Type": "Seq Scan", "Parent Relationship": "Outer", "Relation Name": "lineitem", "Alias": "lineitem", "Startup Cost": 3.1, "Total Cost": 2165082.91, "Plan Rows": 58767934, "Plan Width": 36, "Actual Startup Time": 0.025, "Actual Total Time": 27867.532, "Actual Rows": 58773499, "Actual Loops": 1, "Filter": "(l_shipdate <= '1998-08-15 00:00:00'::timestamp without time zone), (LLVM Optimized, Jit Execute)", "Rows Removed by Filter": 1212553}]}]}, "Triggers": [], "Planner Runtime": 0.268, "Total Runtime": 129744.578, "Unique SQL Id": 177413717}}, "(1, 59)": {"explain_plan": {"Plan": {"Node Type": "Sort", "Startup Cost": 1000218859008.79, "Total Cost": 1000218859008.81, "Plan Rows": 6, "Plan Width": 36, "Sort Key": ["l_returnflag", "l_linestatus"], "Plans": [{"Node Type": "Aggregate", "Strategy": "Hashed", "Parent Relationship": "Outer", "Startup Cost": 1000218859008.61, "Total Cost": 1000218859008.72, "Plan Rows": 6, "Plan Width": 36, "Group By Key": ["l_returnflag", "l_linestatus"], "Plans": [{"Node Type": "Seq Scan", "Parent Relationship": "Outer", "Relation Name": "lineitem", "Alias": "lineitem", "Startup Cost": 10000000003.1, "Total Cost": 1000216508291.25, "Plan Rows": 58767934, "Plan Width": 36, "Filter": "(l_shipdate <= '1998-08-15 00:00:00'::timestamp without time zone), (LLVM Optimized)"}]}]}, "Unique SQL Id": 177413717}, "explain_analyze_plan": {"Plan": {"Node Type": "Sort", "Startup Cost": 1000218859008.79, "Total Cost": 1000218859008.81, "Plan Rows": 6, "Plan Width": 36, "Actual Startup Time": 132518.906, "Actual Total Time": 132518.907, "Actual Rows": 4, "Actual Loops": 1, "Sort Key": ["l_returnflag", "l_linestatus"], "Sort Method": "quicksort", "Sort Space Used": 25, "Sort Space Type": "Memory", "Plans": [{"Node Type": "Aggregate", "Strategy": "Hashed", "Parent Relationship": "Outer", "Startup Cost": 1000218859008.61, "Total Cost": 1000218859008.72, "Plan Rows": 6, "Plan Width": 36, "Actual Startup Time": 132518.825, "Actual Total Time": 132518.829, "Actual Rows": 4, "Actual Loops": 1, "Group By Key": ["l_returnflag", "l_linestatus"], "Plans": [{"Node Type": "Seq Scan", "Parent Relationship": "Outer", "Relation Name": "lineitem", "Alias": "lineitem", "Startup Cost": 10000000003.1, "Total Cost": 1000216508291.25, "Plan Rows": 58767934, "Plan Width": 36, "Actual Startup Time": 0.027, "Actual Total Time": 28059.666, "Actual Rows": 58773499, "Actual Loops": 1, "Filter": "(l_shipdate <= '1998-08-15 00:00:00'::timestamp without time zone), (LLVM Optimized, Jit Execute)", "Rows Removed by Filter": 1212553}]}]}, "Triggers": [], "Planner Runtime": 0.24, "Total Runtime": 132530.325, "Unique SQL Id": 177413717}}, "(1, 60)": {"explain_plan": {"Plan": {"Node Type": "Sort", "Startup Cost": 4515800.46, "Total Cost": 4515800.47, "Plan Rows": 6, "Plan Width": 36, "Sort Key": ["l_returnflag", "l_linestatus"], "Plans": [{"Node Type": "Aggregate", "Strategy": "Hashed", "Parent Relationship": "Outer", "Startup Cost": 4515800.27, "Total Cost": 4515800.38, "Plan Rows": 6, "Plan Width": 36, "Group By Key": ["l_returnflag", "l_linestatus"], "Plans": [{"Node Type": "Seq Scan", "Parent Relationship": "Outer", "Relation Name": "lineitem", "Alias": "lineitem", "Startup Cost": 3.1, "Total Cost": 2165082.91, "Plan Rows": 58767934, "Plan Width": 36, "Filter": "(l_shipdate <= '1998-08-15 00:00:00'::timestamp without time zone), (LLVM Optimized)"}]}]}, "Unique SQL Id": 177413717}, "explain_analyze_plan": {"Plan": {"Node Type": "Sort", "Startup Cost": 4515800.46, "Total Cost": 4515800.47, "Plan Rows": 6, "Plan Width": 36, "Actual Startup Time": 129733.213, "Actual Total Time": 129733.213, "Actual Rows": 4, "Actual Loops": 1, "Sort Key": ["l_returnflag", "l_linestatus"], "Sort Method": "quicksort", "Sort Space Used": 25, "Sort Space Type": "Memory", "Plans": [{"Node Type": "Aggregate", "Strategy": "Hashed", "Parent Relationship": "Outer", "Startup Cost": 4515800.27, "Total Cost": 4515800.38, "Plan Rows": 6, "Plan Width": 36, "Actual Startup Time": 129733.109, "Actual Total Time": 129733.113, "Actual Rows": 4, "Actual Loops": 1, "Group By Key": ["l_returnflag", "l_linestatus"], "Plans": [{"Node Type": "Seq Scan", "Parent Relationship": "Outer", "Relation Name": "lineitem", "Alias": "lineitem", "Startup Cost": 3.1, "Total Cost": 2165082.91, "Plan Rows": 58767934, "Plan Width": 36, "Actual Startup Time": 0.025, "Actual Total Time": 27867.532, "Actual Rows": 58773499, "Actual Loops": 1, "Filter": "(l_shipdate <= '1998-08-15 00:00:00'::timestamp without time zone), (LLVM Optimized, Jit Execute)", "Rows Removed by Filter": 1212553}]}]}, "Triggers": [], "Planner Runtime": 0.268, "Total Runtime": 129744.578, "Unique SQL Id": 177413717}}, "(1, 61)": {"explain_plan": {"Plan": {"Node Type": "Sort", "Startup Cost": 10473924.63, "Total Cost": 10473924.64, "Plan Rows": 6, "Plan Width": 36, "Sort Key": ["l_returnflag", "l_linestatus"], "Plans": [{"Node Type": "Aggregate", "Strategy": "Hashed", "Parent Relationship": "Outer", "Startup Cost": 10473924.44, "Total Cost": 10473924.55, "Plan Rows": 6, "Plan Width": 36, "Group By Key": ["l_returnflag", "l_linestatus"], "Plans": [{"Node Type": "Index Scan", "Parent Relationship": "Outer", "Scan Direction": "Forward", "Index Name": "idx_lineitem_shipdate", "Relation Name": "lineitem", "Alias": "lineitem", "Startup Cost": 0.0, "Total Cost": 8123207.08, "Plan Rows": 58767934, "Plan Width": 36, "Index Cond": "(l_shipdate <= '1998-08-15 00:00:00'::timestamp without time zone), (LLVM Optimized)"}]}]}, "Unique SQL Id": 177413717}, "explain_analyze_plan": {"Plan": {"Node Type": "Sort", "Startup Cost": 10473924.63, "Total Cost": 10473924.64, "Plan Rows": 6, "Plan Width": 36, "Actual Startup Time": 281124.27, "Actual Total Time": 281124.271, "Actual Rows": 4, "Actual Loops": 1, "Sort Key": ["l_returnflag", "l_linestatus"], "Sort Method": "quicksort", "Sort Space Used": 25, "Sort Space Type": "Memory", "Plans": [{"Node Type": "Aggregate", "Strategy": "Hashed", "Parent Relationship": "Outer", "Startup Cost": 10473924.44, "Total Cost": 10473924.55, "Plan Rows": 6, "Plan Width": 36, "Actual Startup Time": 281124.166, "Actual Total Time": 281124.17, "Actual Rows": 4, "Actual Loops": 1, "Group By Key": ["l_returnflag", "l_linestatus"], "Plans": [{"Node Type": "Index Scan", "Parent Relationship": "Outer", "Scan Direction": "Forward", "Index Name": "idx_lineitem_shipdate", "Relation Name": "lineitem", "Alias": "lineitem", "Startup Cost": 0.0, "Total Cost": 8123207.08, "Plan Rows": 58767934, "Plan Width": 36, "Actual Startup Time": 0.053, "Actual Total Time": 166240.785, "Actual Rows": 58773499, "Actual Loops": 1, "Index Cond": "(l_shipdate <= '1998-08-15 00:00:00'::timestamp without time zone), (LLVM Optimized, Jit Execute)", "Rows Removed by Index Recheck": 0}]}]}, "Triggers": [], "Planner Runtime": 0.249, "Total Runtime": 281135.703, "Unique SQL Id": 177413717}}, "(1, 62)": {"explain_plan": {"Plan": {"Node Type": "Sort", "Startup Cost": 4515800.46, "Total Cost": 4515800.47, "Plan Rows": 6, "Plan Width": 36, "Sort Key": ["l_returnflag", "l_linestatus"], "Plans": [{"Node Type": "Aggregate", "Strategy": "Hashed", "Parent Relationship": "Outer", "Startup Cost": 4515800.27, "Total Cost": 4515800.38, "Plan Rows": 6, "Plan Width": 36, "Group By Key": ["l_returnflag", "l_linestatus"], "Plans": [{"Node Type": "Seq Scan", "Parent Relationship": "Outer", "Relation Name": "lineitem", "Alias": "lineitem", "Startup Cost": 3.1, "Total Cost": 2165082.91, "Plan Rows": 58767934, "Plan Width": 36, "Filter": "(l_shipdate <= '1998-08-15 00:00:00'::timestamp without time zone), (LLVM Optimized)"}]}]}, "Unique SQL Id": 177413717}, "explain_analyze_plan": {"Plan": {"Node Type": "Sort", "Startup Cost": 4515800.46, "Total Cost": 4515800.47, "Plan Rows": 6, "Plan Width": 36, "Actual Startup Time": 129733.213, "Actual Total Time": 129733.213, "Actual Rows": 4, "Actual Loops": 1, "Sort Key": ["l_returnflag", "l_linestatus"], "Sort Method": "quicksort", "Sort Space Used": 25, "Sort Space Type": "Memory", "Plans": [{"Node Type": "Aggregate", "Strategy": "Hashed", "Parent Relationship": "Outer", "Startup Cost": 4515800.27, "Total Cost": 4515800.38, "Plan Rows": 6, "Plan Width": 36, "Actual Startup Time": 129733.109, "Actual Total Time": 129733.113, "Actual Rows": 4, "Actual Loops": 1, "Group By Key": ["l_returnflag", "l_linestatus"], "Plans": [{"Node Type": "Seq Scan", "Parent Relationship": "Outer", "Relation Name": "lineitem", "Alias": "lineitem", "Startup Cost": 3.1, "Total Cost": 2165082.91, "Plan Rows": 58767934, "Plan Width": 36, "Actual Startup Time": 0.025, "Actual Total Time": 27867.532, "Actual Rows": 58773499, "Actual Loops": 1, "Filter": "(l_shipdate <= '1998-08-15 00:00:00'::timestamp without time zone), (LLVM Optimized, Jit Execute)", "Rows Removed by Filter": 1212553}]}]}, "Triggers": [], "Planner Runtime": 0.268, "Total Runtime": 129744.578, "Unique SQL Id": 177413717}}, "(1, 63)": {"explain_plan": {"Plan": {"Node Type": "Sort", "Startup Cost": 1000218859008.79, "Total Cost": 1000218859008.81, "Plan Rows": 6, "Plan Width": 36, "Sort Key": ["l_returnflag", "l_linestatus"], "Plans": [{"Node Type": "Aggregate", "Strategy": "Hashed", "Parent Relationship": "Outer", "Startup Cost": 1000218859008.61, "Total Cost": 1000218859008.72, "Plan Rows": 6, "Plan Width": 36, "Group By Key": ["l_returnflag", "l_linestatus"], "Plans": [{"Node Type": "Seq Scan", "Parent Relationship": "Outer", "Relation Name": "lineitem", "Alias": "lineitem", "Startup Cost": 10000000003.1, "Total Cost": 1000216508291.25, "Plan Rows": 58767934, "Plan Width": 36, "Filter": "(l_shipdate <= '1998-08-15 00:00:00'::timestamp without time zone), (LLVM Optimized)"}]}]}, "Unique SQL Id": 177413717}, "explain_analyze_plan": {"Plan": {"Node Type": "Sort", "Startup Cost": 1000218859008.79, "Total Cost": 1000218859008.81, "Plan Rows": 6, "Plan Width": 36, "Actual Startup Time": 132518.906, "Actual Total Time": 132518.907, "Actual Rows": 4, "Actual Loops": 1, "Sort Key": ["l_returnflag", "l_linestatus"], "Sort Method": "quicksort", "Sort Space Used": 25, "Sort Space Type": "Memory", "Plans": [{"Node Type": "Aggregate", "Strategy": "Hashed", "Parent Relationship": "Outer", "Startup Cost": 1000218859008.61, "Total Cost": 1000218859008.72, "Plan Rows": 6, "Plan Width": 36, "Actual Startup Time": 132518.825, "Actual Total Time": 132518.829, "Actual Rows": 4, "Actual Loops": 1, "Group By Key": ["l_returnflag", "l_linestatus"], "Plans": [{"Node Type": "Seq Scan", "Parent Relationship": "Outer", "Relation Name": "lineitem", "Alias": "lineitem", "Startup Cost": 10000000003.1, "Total Cost": 1000216508291.25, "Plan Rows": 58767934, "Plan Width": 36, "Actual Startup Time": 0.027, "Actual Total Time": 28059.666, "Actual Rows": 58773499, "Actual Loops": 1, "Filter": "(l_shipdate <= '1998-08-15 00:00:00'::timestamp without time zone), (LLVM Optimized, Jit Execute)", "Rows Removed by Filter": 1212553}]}]}, "Triggers": [], "Planner Runtime": 0.24, "Total Runtime": 132530.325, "Unique SQL Id": 177413717}}, "(1, 64)": {"explain_plan": {"Plan": {"Node Type": "Sort", "Startup Cost": 4515800.46, "Total Cost": 4515800.47, "Plan Rows": 6, "Plan Width": 36, "Sort Key": ["l_returnflag", "l_linestatus"], "Plans": [{"Node Type": "Aggregate", "Strategy": "Hashed", "Parent Relationship": "Outer", "Startup Cost": 4515800.27, "Total Cost": 4515800.38, "Plan Rows": 6, "Plan Width": 36, "Group By Key": ["l_returnflag", "l_linestatus"], "Plans": [{"Node Type": "Seq Scan", "Parent Relationship": "Outer", "Relation Name": "lineitem", "Alias": "lineitem", "Startup Cost": 3.1, "Total Cost": 2165082.91, "Plan Rows": 58767934, "Plan Width": 36, "Filter": "(l_shipdate <= '1998-08-15 00:00:00'::timestamp without time zone), (LLVM Optimized)"}]}]}, "Unique SQL Id": 177413717}, "explain_analyze_plan": {"Plan": {"Node Type": "Sort", "Startup Cost": 4515800.46, "Total Cost": 4515800.47, "Plan Rows": 6, "Plan Width": 36, "Actual Startup Time": 129733.213, "Actual Total Time": 129733.213, "Actual Rows": 4, "Actual Loops": 1, "Sort Key": ["l_returnflag", "l_linestatus"], "Sort Method": "quicksort", "Sort Space Used": 25, "Sort Space Type": "Memory", "Plans": [{"Node Type": "Aggregate", "Strategy": "Hashed", "Parent Relationship": "Outer", "Startup Cost": 4515800.27, "Total Cost": 4515800.38, "Plan Rows": 6, "Plan Width": 36, "Actual Startup Time": 129733.109, "Actual Total Time": 129733.113, "Actual Rows": 4, "Actual Loops": 1, "Group By Key": ["l_returnflag", "l_linestatus"], "Plans": [{"Node Type": "Seq Scan", "Parent Relationship": "Outer", "Relation Name": "lineitem", "Alias": "lineitem", "Startup Cost": 3.1, "Total Cost": 2165082.91, "Plan Rows": 58767934, "Plan Width": 36, "Actual Startup Time": 0.025, "Actual Total Time": 27867.532, "Actual Rows": 58773499, "Actual Loops": 1, "Filter": "(l_shipdate <= '1998-08-15 00:00:00'::timestamp without time zone), (LLVM Optimized, Jit Execute)", "Rows Removed by Filter": 1212553}]}]}, "Triggers": [], "Planner Runtime": 0.268, "Total Runtime": 129744.578, "Unique SQL Id": 177413717}}, "(1, 65)": {"explain_plan": {"Plan": {"Node Type": "Sort", "Startup Cost": 6389801.46, "Total Cost": 6389801.47, "Plan Rows": 6, "Plan Width": 36, "Sort Key": ["l_returnflag", "l_linestatus"], "Plans": [{"Node Type": "Aggregate", "Strategy": "Hashed", "Parent Relationship": "Outer", "Startup Cost": 6389801.27, "Total Cost": 6389801.38, "Plan Rows": 6, "Plan Width": 36, "Group By Key": ["l_returnflag", "l_linestatus"], "Plans": [{"Node Type": "Bitmap Heap Scan", "Parent Relationship": "Outer", "Relation Name": "lineitem", "Alias": "lineitem", "Startup Cost": 1889239.74, "Total Cost": 4039083.91, "Plan Rows": 58767934, "Plan Width": 36, "Recheck Cond": "(l_shipdate <= '1998-08-15 00:00:00'::timestamp without time zone), (LLVM Optimized)", "Plans": [{"Node Type": "Bitmap Index Scan", "Parent Relationship": "Outer", "Index Name": "idx_lineitem_shipdate", "Startup Cost": 0.0, "Total Cost": 1874547.75, "Plan Rows": 58767934, "Plan Width": 0, "Index Cond": "(l_shipdate <= '1998-08-15 00:00:00'::timestamp without time zone)"}]}]}]}, "Unique SQL Id": 177413717}, "explain_analyze_plan": {"Plan": {"Node Type": "Sort", "Startup Cost": 6389801.46, "Total Cost": 6389801.47, "Plan Rows": 6, "Plan Width": 36, "Actual Startup Time": 155801.771, "Actual Total Time": 155801.772, "Actual Rows": 4, "Actual Loops": 1, "Sort Key": ["l_returnflag", "l_linestatus"], "Sort Method": "quicksort", "Sort Space Used": 25, "Sort Space Type": "Memory", "Plans": [{"Node Type": "Aggregate", "Strategy": "Hashed", "Parent Relationship": "Outer", "Startup Cost": 6389801.27, "Total Cost": 6389801.38, "Plan Rows": 6, "Plan Width": 36, "Actual Startup Time": 155801.701, "Actual Total Time": 155801.704, "Actual Rows": 4, "Actual Loops": 1, "Group By Key": ["l_returnflag", "l_linestatus"], "Plans": [{"Node Type": "Bitmap Heap Scan", "Parent Relationship": "Outer", "Relation Name": "lineitem", "Alias": "lineitem", "Startup Cost": 1889239.74, "Total Cost": 4039083.91, "Plan Rows": 58767934, "Plan Width": 36, "Actual Startup Time": 26508.887, "Actual Total Time": 53329.645, "Actual Rows": 58773499, "Actual Loops": 1, "Recheck Cond": "(l_shipdate <= '1998-08-15 00:00:00'::timestamp without time zone), (LLVM Optimized, Jit Execute)", "Rows Removed by Index Recheck": 0, "Exact Heap Blocks": 1415245, "Lossy Heap Blocks": 1415245, "Plans": [{"Node Type": "Bitmap Index Scan", "Parent Relationship": "Outer", "Index Name": "idx_lineitem_shipdate", "Startup Cost": 0.0, "Total Cost": 1874547.75, "Plan Rows": 58767934, "Plan Width": 0, "Actual Startup Time": 25699.74, "Actual Total Time": 25699.74, "Actual Rows": 58773499, "Actual Loops": 1, "Index Cond": "(l_shipdate <= '1998-08-15 00:00:00'::timestamp without time zone)"}]}]}]}, "Triggers": [], "Planner Runtime": 0.253, "Total Runtime": 155814.524, "Unique SQL Id": 177413717}}, "(1, 66)": {"explain_plan": {"Plan": {"Node Type": "Sort", "Startup Cost": 4515800.46, "Total Cost": 4515800.47, "Plan Rows": 6, "Plan Width": 36, "Sort Key": ["l_returnflag", "l_linestatus"], "Plans": [{"Node Type": "Aggregate", "Strategy": "Hashed", "Parent Relationship": "Outer", "Startup Cost": 4515800.27, "Total Cost": 4515800.38, "Plan Rows": 6, "Plan Width": 36, "Group By Key": ["l_returnflag", "l_linestatus"], "Plans": [{"Node Type": "Seq Scan", "Parent Relationship": "Outer", "Relation Name": "lineitem", "Alias": "lineitem", "Startup Cost": 3.1, "Total Cost": 2165082.91, "Plan Rows": 58767934, "Plan Width": 36, "Filter": "(l_shipdate <= '1998-08-15 00:00:00'::timestamp without time zone), (LLVM Optimized)"}]}]}, "Unique SQL Id": 177413717}, "explain_analyze_plan": {"Plan": {"Node Type": "Sort", "Startup Cost": 4515800.46, "Total Cost": 4515800.47, "Plan Rows": 6, "Plan Width": 36, "Actual Startup Time": 129733.213, "Actual Total Time": 129733.213, "Actual Rows": 4, "Actual Loops": 1, "Sort Key": ["l_returnflag", "l_linestatus"], "Sort Method": "quicksort", "Sort Space Used": 25, "Sort Space Type": "Memory", "Plans": [{"Node Type": "Aggregate", "Strategy": "Hashed", "Parent Relationship": "Outer", "Startup Cost": 4515800.27, "Total Cost": 4515800.38, "Plan Rows": 6, "Plan Width": 36, "Actual Startup Time": 129733.109, "Actual Total Time": 129733.113, "Actual Rows": 4, "Actual Loops": 1, "Group By Key": ["l_returnflag", "l_linestatus"], "Plans": [{"Node Type": "Seq Scan", "Parent Relationship": "Outer", "Relation Name": "lineitem", "Alias": "lineitem", "Startup Cost": 3.1, "Total Cost": 2165082.91, "Plan Rows": 58767934, "Plan Width": 36, "Actual Startup Time": 0.025, "Actual Total Time": 27867.532, "Actual Rows": 58773499, "Actual Loops": 1, "Filter": "(l_shipdate <= '1998-08-15 00:00:00'::timestamp without time zone), (LLVM Optimized, Jit Execute)", "Rows Removed by Filter": 1212553}]}]}, "Triggers": [], "Planner Runtime": 0.268, "Total Runtime": 129744.578, "Unique SQL Id": 177413717}}, "(1, 67)": {"explain_plan": {"Plan": {"Node Type": "Sort", "Startup Cost": 6389801.46, "Total Cost": 6389801.47, "Plan Rows": 6, "Plan Width": 36, "Sort Key": ["l_returnflag", "l_linestatus"], "Plans": [{"Node Type": "Aggregate", "Strategy": "Hashed", "Parent Relationship": "Outer", "Startup Cost": 6389801.27, "Total Cost": 6389801.38, "Plan Rows": 6, "Plan Width": 36, "Group By Key": ["l_returnflag", "l_linestatus"], "Plans": [{"Node Type": "Bitmap Heap Scan", "Parent Relationship": "Outer", "Relation Name": "lineitem", "Alias": "lineitem", "Startup Cost": 1889239.74, "Total Cost": 4039083.91, "Plan Rows": 58767934, "Plan Width": 36, "Recheck Cond": "(l_shipdate <= '1998-08-15 00:00:00'::timestamp without time zone), (LLVM Optimized)", "Plans": [{"Node Type": "Bitmap Index Scan", "Parent Relationship": "Outer", "Index Name": "idx_lineitem_shipdate", "Startup Cost": 0.0, "Total Cost": 1874547.75, "Plan Rows": 58767934, "Plan Width": 0, "Index Cond": "(l_shipdate <= '1998-08-15 00:00:00'::timestamp without time zone)"}]}]}]}, "Unique SQL Id": 177413717}, "explain_analyze_plan": {"Plan": {"Node Type": "Sort", "Startup Cost": 6389801.46, "Total Cost": 6389801.47, "Plan Rows": 6, "Plan Width": 36, "Actual Startup Time": 155801.771, "Actual Total Time": 155801.772, "Actual Rows": 4, "Actual Loops": 1, "Sort Key": ["l_returnflag", "l_linestatus"], "Sort Method": "quicksort", "Sort Space Used": 25, "Sort Space Type": "Memory", "Plans": [{"Node Type": "Aggregate", "Strategy": "Hashed", "Parent Relationship": "Outer", "Startup Cost": 6389801.27, "Total Cost": 6389801.38, "Plan Rows": 6, "Plan Width": 36, "Actual Startup Time": 155801.701, "Actual Total Time": 155801.704, "Actual Rows": 4, "Actual Loops": 1, "Group By Key": ["l_returnflag", "l_linestatus"], "Plans": [{"Node Type": "Bitmap Heap Scan", "Parent Relationship": "Outer", "Relation Name": "lineitem", "Alias": "lineitem", "Startup Cost": 1889239.74, "Total Cost": 4039083.91, "Plan Rows": 58767934, "Plan Width": 36, "Actual Startup Time": 26508.887, "Actual Total Time": 53329.645, "Actual Rows": 58773499, "Actual Loops": 1, "Recheck Cond": "(l_shipdate <= '1998-08-15 00:00:00'::timestamp without time zone), (LLVM Optimized, Jit Execute)", "Rows Removed by Index Recheck": 0, "Exact Heap Blocks": 1415245, "Lossy Heap Blocks": 1415245, "Plans": [{"Node Type": "Bitmap Index Scan", "Parent Relationship": "Outer", "Index Name": "idx_lineitem_shipdate", "Startup Cost": 0.0, "Total Cost": 1874547.75, "Plan Rows": 58767934, "Plan Width": 0, "Actual Startup Time": 25699.74, "Actual Total Time": 25699.74, "Actual Rows": 58773499, "Actual Loops": 1, "Index Cond": "(l_shipdate <= '1998-08-15 00:00:00'::timestamp without time zone)"}]}]}]}, "Triggers": [], "Planner Runtime": 0.253, "Total Runtime": 155814.524, "Unique SQL Id": 177413717}}, "(1, 68)": {"explain_plan": {"Plan": {"Node Type": "Sort", "Startup Cost": 4515800.46, "Total Cost": 4515800.47, "Plan Rows": 6, "Plan Width": 36, "Sort Key": ["l_returnflag", "l_linestatus"], "Plans": [{"Node Type": "Aggregate", "Strategy": "Hashed", "Parent Relationship": "Outer", "Startup Cost": 4515800.27, "Total Cost": 4515800.38, "Plan Rows": 6, "Plan Width": 36, "Group By Key": ["l_returnflag", "l_linestatus"], "Plans": [{"Node Type": "Seq Scan", "Parent Relationship": "Outer", "Relation Name": "lineitem", "Alias": "lineitem", "Startup Cost": 3.1, "Total Cost": 2165082.91, "Plan Rows": 58767934, "Plan Width": 36, "Filter": "(l_shipdate <= '1998-08-15 00:00:00'::timestamp without time zone), (LLVM Optimized)"}]}]}, "Unique SQL Id": 177413717}, "explain_analyze_plan": {"Plan": {"Node Type": "Sort", "Startup Cost": 4515800.46, "Total Cost": 4515800.47, "Plan Rows": 6, "Plan Width": 36, "Actual Startup Time": 129733.213, "Actual Total Time": 129733.213, "Actual Rows": 4, "Actual Loops": 1, "Sort Key": ["l_returnflag", "l_linestatus"], "Sort Method": "quicksort", "Sort Space Used": 25, "Sort Space Type": "Memory", "Plans": [{"Node Type": "Aggregate", "Strategy": "Hashed", "Parent Relationship": "Outer", "Startup Cost": 4515800.27, "Total Cost": 4515800.38, "Plan Rows": 6, "Plan Width": 36, "Actual Startup Time": 129733.109, "Actual Total Time": 129733.113, "Actual Rows": 4, "Actual Loops": 1, "Group By Key": ["l_returnflag", "l_linestatus"], "Plans": [{"Node Type": "Seq Scan", "Parent Relationship": "Outer", "Relation Name": "lineitem", "Alias": "lineitem", "Startup Cost": 3.1, "Total Cost": 2165082.91, "Plan Rows": 58767934, "Plan Width": 36, "Actual Startup Time": 0.025, "Actual Total Time": 27867.532, "Actual Rows": 58773499, "Actual Loops": 1, "Filter": "(l_shipdate <= '1998-08-15 00:00:00'::timestamp without time zone), (LLVM Optimized, Jit Execute)", "Rows Removed by Filter": 1212553}]}]}, "Triggers": [], "Planner Runtime": 0.268, "Total Runtime": 129744.578, "Unique SQL Id": 177413717}}, "(1, 69)": {"explain_plan": {"Plan": {"Node Type": "Sort", "Startup Cost": 6389801.46, "Total Cost": 6389801.47, "Plan Rows": 6, "Plan Width": 36, "Sort Key": ["l_returnflag", "l_linestatus"], "Plans": [{"Node Type": "Aggregate", "Strategy": "Hashed", "Parent Relationship": "Outer", "Startup Cost": 6389801.27, "Total Cost": 6389801.38, "Plan Rows": 6, "Plan Width": 36, "Group By Key": ["l_returnflag", "l_linestatus"], "Plans": [{"Node Type": "Bitmap Heap Scan", "Parent Relationship": "Outer", "Relation Name": "lineitem", "Alias": "lineitem", "Startup Cost": 1889239.74, "Total Cost": 4039083.91, "Plan Rows": 58767934, "Plan Width": 36, "Recheck Cond": "(l_shipdate <= '1998-08-15 00:00:00'::timestamp without time zone), (LLVM Optimized)", "Plans": [{"Node Type": "Bitmap Index Scan", "Parent Relationship": "Outer", "Index Name": "idx_lineitem_shipdate", "Startup Cost": 0.0, "Total Cost": 1874547.75, "Plan Rows": 58767934, "Plan Width": 0, "Index Cond": "(l_shipdate <= '1998-08-15 00:00:00'::timestamp without time zone)"}]}]}]}, "Unique SQL Id": 177413717}, "explain_analyze_plan": {"Plan": {"Node Type": "Sort", "Startup Cost": 6389801.46, "Total Cost": 6389801.47, "Plan Rows": 6, "Plan Width": 36, "Actual Startup Time": 155801.771, "Actual Total Time": 155801.772, "Actual Rows": 4, "Actual Loops": 1, "Sort Key": ["l_returnflag", "l_linestatus"], "Sort Method": "quicksort", "Sort Space Used": 25, "Sort Space Type": "Memory", "Plans": [{"Node Type": "Aggregate", "Strategy": "Hashed", "Parent Relationship": "Outer", "Startup Cost": 6389801.27, "Total Cost": 6389801.38, "Plan Rows": 6, "Plan Width": 36, "Actual Startup Time": 155801.701, "Actual Total Time": 155801.704, "Actual Rows": 4, "Actual Loops": 1, "Group By Key": ["l_returnflag", "l_linestatus"], "Plans": [{"Node Type": "Bitmap Heap Scan", "Parent Relationship": "Outer", "Relation Name": "lineitem", "Alias": "lineitem", "Startup Cost": 1889239.74, "Total Cost": 4039083.91, "Plan Rows": 58767934, "Plan Width": 36, "Actual Startup Time": 26508.887, "Actual Total Time": 53329.645, "Actual Rows": 58773499, "Actual Loops": 1, "Recheck Cond": "(l_shipdate <= '1998-08-15 00:00:00'::timestamp without time zone), (LLVM Optimized, Jit Execute)", "Rows Removed by Index Recheck": 0, "Exact Heap Blocks": 1415245, "Lossy Heap Blocks": 1415245, "Plans": [{"Node Type": "Bitmap Index Scan", "Parent Relationship": "Outer", "Index Name": "idx_lineitem_shipdate", "Startup Cost": 0.0, "Total Cost": 1874547.75, "Plan Rows": 58767934, "Plan Width": 0, "Actual Startup Time": 25699.74, "Actual Total Time": 25699.74, "Actual Rows": 58773499, "Actual Loops": 1, "Index Cond": "(l_shipdate <= '1998-08-15 00:00:00'::timestamp without time zone)"}]}]}]}, "Triggers": [], "Planner Runtime": 0.253, "Total Runtime": 155814.524, "Unique SQL Id": 177413717}}, "(1, 70)": {"explain_plan": {"Plan": {"Node Type": "Sort", "Startup Cost": 4515800.46, "Total Cost": 4515800.47, "Plan Rows": 6, "Plan Width": 36, "Sort Key": ["l_returnflag", "l_linestatus"], "Plans": [{"Node Type": "Aggregate", "Strategy": "Hashed", "Parent Relationship": "Outer", "Startup Cost": 4515800.27, "Total Cost": 4515800.38, "Plan Rows": 6, "Plan Width": 36, "Group By Key": ["l_returnflag", "l_linestatus"], "Plans": [{"Node Type": "Seq Scan", "Parent Relationship": "Outer", "Relation Name": "lineitem", "Alias": "lineitem", "Startup Cost": 3.1, "Total Cost": 2165082.91, "Plan Rows": 58767934, "Plan Width": 36, "Filter": "(l_shipdate <= '1998-08-15 00:00:00'::timestamp without time zone), (LLVM Optimized)"}]}]}, "Unique SQL Id": 177413717}, "explain_analyze_plan": {"Plan": {"Node Type": "Sort", "Startup Cost": 4515800.46, "Total Cost": 4515800.47, "Plan Rows": 6, "Plan Width": 36, "Actual Startup Time": 129733.213, "Actual Total Time": 129733.213, "Actual Rows": 4, "Actual Loops": 1, "Sort Key": ["l_returnflag", "l_linestatus"], "Sort Method": "quicksort", "Sort Space Used": 25, "Sort Space Type": "Memory", "Plans": [{"Node Type": "Aggregate", "Strategy": "Hashed", "Parent Relationship": "Outer", "Startup Cost": 4515800.27, "Total Cost": 4515800.38, "Plan Rows": 6, "Plan Width": 36, "Actual Startup Time": 129733.109, "Actual Total Time": 129733.113, "Actual Rows": 4, "Actual Loops": 1, "Group By Key": ["l_returnflag", "l_linestatus"], "Plans": [{"Node Type": "Seq Scan", "Parent Relationship": "Outer", "Relation Name": "lineitem", "Alias": "lineitem", "Startup Cost": 3.1, "Total Cost": 2165082.91, "Plan Rows": 58767934, "Plan Width": 36, "Actual Startup Time": 0.025, "Actual Total Time": 27867.532, "Actual Rows": 58773499, "Actual Loops": 1, "Filter": "(l_shipdate <= '1998-08-15 00:00:00'::timestamp without time zone), (LLVM Optimized, Jit Execute)", "Rows Removed by Filter": 1212553}]}]}, "Triggers": [], "Planner Runtime": 0.268, "Total Runtime": 129744.578, "Unique SQL Id": 177413717}}, "(1, 71)": {"explain_plan": {"Plan": {"Node Type": "Sort", "Startup Cost": 6389801.46, "Total Cost": 6389801.47, "Plan Rows": 6, "Plan Width": 36, "Sort Key": ["l_returnflag", "l_linestatus"], "Plans": [{"Node Type": "Aggregate", "Strategy": "Hashed", "Parent Relationship": "Outer", "Startup Cost": 6389801.27, "Total Cost": 6389801.38, "Plan Rows": 6, "Plan Width": 36, "Group By Key": ["l_returnflag", "l_linestatus"], "Plans": [{"Node Type": "Bitmap Heap Scan", "Parent Relationship": "Outer", "Relation Name": "lineitem", "Alias": "lineitem", "Startup Cost": 1889239.74, "Total Cost": 4039083.91, "Plan Rows": 58767934, "Plan Width": 36, "Recheck Cond": "(l_shipdate <= '1998-08-15 00:00:00'::timestamp without time zone), (LLVM Optimized)", "Plans": [{"Node Type": "Bitmap Index Scan", "Parent Relationship": "Outer", "Index Name": "idx_lineitem_shipdate", "Startup Cost": 0.0, "Total Cost": 1874547.75, "Plan Rows": 58767934, "Plan Width": 0, "Index Cond": "(l_shipdate <= '1998-08-15 00:00:00'::timestamp without time zone)"}]}]}]}, "Unique SQL Id": 177413717}, "explain_analyze_plan": {"Plan": {"Node Type": "Sort", "Startup Cost": 6389801.46, "Total Cost": 6389801.47, "Plan Rows": 6, "Plan Width": 36, "Actual Startup Time": 155801.771, "Actual Total Time": 155801.772, "Actual Rows": 4, "Actual Loops": 1, "Sort Key": ["l_returnflag", "l_linestatus"], "Sort Method": "quicksort", "Sort Space Used": 25, "Sort Space Type": "Memory", "Plans": [{"Node Type": "Aggregate", "Strategy": "Hashed", "Parent Relationship": "Outer", "Startup Cost": 6389801.27, "Total Cost": 6389801.38, "Plan Rows": 6, "Plan Width": 36, "Actual Startup Time": 155801.701, "Actual Total Time": 155801.704, "Actual Rows": 4, "Actual Loops": 1, "Group By Key": ["l_returnflag", "l_linestatus"], "Plans": [{"Node Type": "Bitmap Heap Scan", "Parent Relationship": "Outer", "Relation Name": "lineitem", "Alias": "lineitem", "Startup Cost": 1889239.74, "Total Cost": 4039083.91, "Plan Rows": 58767934, "Plan Width": 36, "Actual Startup Time": 26508.887, "Actual Total Time": 53329.645, "Actual Rows": 58773499, "Actual Loops": 1, "Recheck Cond": "(l_shipdate <= '1998-08-15 00:00:00'::timestamp without time zone), (LLVM Optimized, Jit Execute)", "Rows Removed by Index Recheck": 0, "Exact Heap Blocks": 1415245, "Lossy Heap Blocks": 1415245, "Plans": [{"Node Type": "Bitmap Index Scan", "Parent Relationship": "Outer", "Index Name": "idx_lineitem_shipdate", "Startup Cost": 0.0, "Total Cost": 1874547.75, "Plan Rows": 58767934, "Plan Width": 0, "Actual Startup Time": 25699.74, "Actual Total Time": 25699.74, "Actual Rows": 58773499, "Actual Loops": 1, "Index Cond": "(l_shipdate <= '1998-08-15 00:00:00'::timestamp without time zone)"}]}]}]}, "Triggers": [], "Planner Runtime": 0.253, "Total Runtime": 155814.524, "Unique SQL Id": 177413717}}, "(1, 72)": {"explain_plan": {"Plan": {"Node Type": "Sort", "Startup Cost": 4515800.46, "Total Cost": 4515800.47, "Plan Rows": 6, "Plan Width": 36, "Sort Key": ["l_returnflag", "l_linestatus"], "Plans": [{"Node Type": "Aggregate", "Strategy": "Hashed", "Parent Relationship": "Outer", "Startup Cost": 4515800.27, "Total Cost": 4515800.38, "Plan Rows": 6, "Plan Width": 36, "Group By Key": ["l_returnflag", "l_linestatus"], "Plans": [{"Node Type": "Seq Scan", "Parent Relationship": "Outer", "Relation Name": "lineitem", "Alias": "lineitem", "Startup Cost": 3.1, "Total Cost": 2165082.91, "Plan Rows": 58767934, "Plan Width": 36, "Filter": "(l_shipdate <= '1998-08-15 00:00:00'::timestamp without time zone), (LLVM Optimized)"}]}]}, "Unique SQL Id": 177413717}, "explain_analyze_plan": {"Plan": {"Node Type": "Sort", "Startup Cost": 4515800.46, "Total Cost": 4515800.47, "Plan Rows": 6, "Plan Width": 36, "Actual Startup Time": 129733.213, "Actual Total Time": 129733.213, "Actual Rows": 4, "Actual Loops": 1, "Sort Key": ["l_returnflag", "l_linestatus"], "Sort Method": "quicksort", "Sort Space Used": 25, "Sort Space Type": "Memory", "Plans": [{"Node Type": "Aggregate", "Strategy": "Hashed", "Parent Relationship": "Outer", "Startup Cost": 4515800.27, "Total Cost": 4515800.38, "Plan Rows": 6, "Plan Width": 36, "Actual Startup Time": 129733.109, "Actual Total Time": 129733.113, "Actual Rows": 4, "Actual Loops": 1, "Group By Key": ["l_returnflag", "l_linestatus"], "Plans": [{"Node Type": "Seq Scan", "Parent Relationship": "Outer", "Relation Name": "lineitem", "Alias": "lineitem", "Startup Cost": 3.1, "Total Cost": 2165082.91, "Plan Rows": 58767934, "Plan Width": 36, "Actual Startup Time": 0.025, "Actual Total Time": 27867.532, "Actual Rows": 58773499, "Actual Loops": 1, "Filter": "(l_shipdate <= '1998-08-15 00:00:00'::timestamp without time zone), (LLVM Optimized, Jit Execute)", "Rows Removed by Filter": 1212553}]}]}, "Triggers": [], "Planner Runtime": 0.268, "Total Runtime": 129744.578, "Unique SQL Id": 177413717}}, "(1, 73)": {"explain_plan": {"Plan": {"Node Type": "Sort", "Startup Cost": 10473924.63, "Total Cost": 10473924.64, "Plan Rows": 6, "Plan Width": 36, "Sort Key": ["l_returnflag", "l_linestatus"], "Plans": [{"Node Type": "Aggregate", "Strategy": "Hashed", "Parent Relationship": "Outer", "Startup Cost": 10473924.44, "Total Cost": 10473924.55, "Plan Rows": 6, "Plan Width": 36, "Group By Key": ["l_returnflag", "l_linestatus"], "Plans": [{"Node Type": "Index Scan", "Parent Relationship": "Outer", "Scan Direction": "Forward", "Index Name": "idx_lineitem_shipdate", "Relation Name": "lineitem", "Alias": "lineitem", "Startup Cost": 0.0, "Total Cost": 8123207.08, "Plan Rows": 58767934, "Plan Width": 36, "Index Cond": "(l_shipdate <= '1998-08-15 00:00:00'::timestamp without time zone), (LLVM Optimized)"}]}]}, "Unique SQL Id": 177413717}, "explain_analyze_plan": {"Plan": {"Node Type": "Sort", "Startup Cost": 10473924.63, "Total Cost": 10473924.64, "Plan Rows": 6, "Plan Width": 36, "Actual Startup Time": 281124.27, "Actual Total Time": 281124.271, "Actual Rows": 4, "Actual Loops": 1, "Sort Key": ["l_returnflag", "l_linestatus"], "Sort Method": "quicksort", "Sort Space Used": 25, "Sort Space Type": "Memory", "Plans": [{"Node Type": "Aggregate", "Strategy": "Hashed", "Parent Relationship": "Outer", "Startup Cost": 10473924.44, "Total Cost": 10473924.55, "Plan Rows": 6, "Plan Width": 36, "Actual Startup Time": 281124.166, "Actual Total Time": 281124.17, "Actual Rows": 4, "Actual Loops": 1, "Group By Key": ["l_returnflag", "l_linestatus"], "Plans": [{"Node Type": "Index Scan", "Parent Relationship": "Outer", "Scan Direction": "Forward", "Index Name": "idx_lineitem_shipdate", "Relation Name": "lineitem", "Alias": "lineitem", "Startup Cost": 0.0, "Total Cost": 8123207.08, "Plan Rows": 58767934, "Plan Width": 36, "Actual Startup Time": 0.053, "Actual Total Time": 166240.785, "Actual Rows": 58773499, "Actual Loops": 1, "Index Cond": "(l_shipdate <= '1998-08-15 00:00:00'::timestamp without time zone), (LLVM Optimized, Jit Execute)", "Rows Removed by Index Recheck": 0}]}]}, "Triggers": [], "Planner Runtime": 0.249, "Total Runtime": 281135.703, "Unique SQL Id": 177413717}}, "(1, 74)": {"explain_plan": {"Plan": {"Node Type": "Sort", "Startup Cost": 4515800.46, "Total Cost": 4515800.47, "Plan Rows": 6, "Plan Width": 36, "Sort Key": ["l_returnflag", "l_linestatus"], "Plans": [{"Node Type": "Aggregate", "Strategy": "Hashed", "Parent Relationship": "Outer", "Startup Cost": 4515800.27, "Total Cost": 4515800.38, "Plan Rows": 6, "Plan Width": 36, "Group By Key": ["l_returnflag", "l_linestatus"], "Plans": [{"Node Type": "Seq Scan", "Parent Relationship": "Outer", "Relation Name": "lineitem", "Alias": "lineitem", "Startup Cost": 3.1, "Total Cost": 2165082.91, "Plan Rows": 58767934, "Plan Width": 36, "Filter": "(l_shipdate <= '1998-08-15 00:00:00'::timestamp without time zone), (LLVM Optimized)"}]}]}, "Unique SQL Id": 177413717}, "explain_analyze_plan": {"Plan": {"Node Type": "Sort", "Startup Cost": 4515800.46, "Total Cost": 4515800.47, "Plan Rows": 6, "Plan Width": 36, "Actual Startup Time": 129733.213, "Actual Total Time": 129733.213, "Actual Rows": 4, "Actual Loops": 1, "Sort Key": ["l_returnflag", "l_linestatus"], "Sort Method": "quicksort", "Sort Space Used": 25, "Sort Space Type": "Memory", "Plans": [{"Node Type": "Aggregate", "Strategy": "Hashed", "Parent Relationship": "Outer", "Startup Cost": 4515800.27, "Total Cost": 4515800.38, "Plan Rows": 6, "Plan Width": 36, "Actual Startup Time": 129733.109, "Actual Total Time": 129733.113, "Actual Rows": 4, "Actual Loops": 1, "Group By Key": ["l_returnflag", "l_linestatus"], "Plans": [{"Node Type": "Seq Scan", "Parent Relationship": "Outer", "Relation Name": "lineitem", "Alias": "lineitem", "Startup Cost": 3.1, "Total Cost": 2165082.91, "Plan Rows": 58767934, "Plan Width": 36, "Actual Startup Time": 0.025, "Actual Total Time": 27867.532, "Actual Rows": 58773499, "Actual Loops": 1, "Filter": "(l_shipdate <= '1998-08-15 00:00:00'::timestamp without time zone), (LLVM Optimized, Jit Execute)", "Rows Removed by Filter": 1212553}]}]}, "Triggers": [], "Planner Runtime": 0.268, "Total Runtime": 129744.578, "Unique SQL Id": 177413717}}, "(1, 75)": {"explain_plan": {"Plan": {"Node Type": "Sort", "Startup Cost": 1000218859008.79, "Total Cost": 1000218859008.81, "Plan Rows": 6, "Plan Width": 36, "Sort Key": ["l_returnflag", "l_linestatus"], "Plans": [{"Node Type": "Aggregate", "Strategy": "Hashed", "Parent Relationship": "Outer", "Startup Cost": 1000218859008.61, "Total Cost": 1000218859008.72, "Plan Rows": 6, "Plan Width": 36, "Group By Key": ["l_returnflag", "l_linestatus"], "Plans": [{"Node Type": "Seq Scan", "Parent Relationship": "Outer", "Relation Name": "lineitem", "Alias": "lineitem", "Startup Cost": 10000000003.1, "Total Cost": 1000216508291.25, "Plan Rows": 58767934, "Plan Width": 36, "Filter": "(l_shipdate <= '1998-08-15 00:00:00'::timestamp without time zone), (LLVM Optimized)"}]}]}, "Unique SQL Id": 177413717}, "explain_analyze_plan": {"Plan": {"Node Type": "Sort", "Startup Cost": 1000218859008.79, "Total Cost": 1000218859008.81, "Plan Rows": 6, "Plan Width": 36, "Actual Startup Time": 132518.906, "Actual Total Time": 132518.907, "Actual Rows": 4, "Actual Loops": 1, "Sort Key": ["l_returnflag", "l_linestatus"], "Sort Method": "quicksort", "Sort Space Used": 25, "Sort Space Type": "Memory", "Plans": [{"Node Type": "Aggregate", "Strategy": "Hashed", "Parent Relationship": "Outer", "Startup Cost": 1000218859008.61, "Total Cost": 1000218859008.72, "Plan Rows": 6, "Plan Width": 36, "Actual Startup Time": 132518.825, "Actual Total Time": 132518.829, "Actual Rows": 4, "Actual Loops": 1, "Group By Key": ["l_returnflag", "l_linestatus"], "Plans": [{"Node Type": "Seq Scan", "Parent Relationship": "Outer", "Relation Name": "lineitem", "Alias": "lineitem", "Startup Cost": 10000000003.1, "Total Cost": 1000216508291.25, "Plan Rows": 58767934, "Plan Width": 36, "Actual Startup Time": 0.027, "Actual Total Time": 28059.666, "Actual Rows": 58773499, "Actual Loops": 1, "Filter": "(l_shipdate <= '1998-08-15 00:00:00'::timestamp without time zone), (LLVM Optimized, Jit Execute)", "Rows Removed by Filter": 1212553}]}]}, "Triggers": [], "Planner Runtime": 0.24, "Total Runtime": 132530.325, "Unique SQL Id": 177413717}}, "(1, 76)": {"explain_plan": {"Plan": {"Node Type": "Sort", "Startup Cost": 4515800.46, "Total Cost": 4515800.47, "Plan Rows": 6, "Plan Width": 36, "Sort Key": ["l_returnflag", "l_linestatus"], "Plans": [{"Node Type": "Aggregate", "Strategy": "Hashed", "Parent Relationship": "Outer", "Startup Cost": 4515800.27, "Total Cost": 4515800.38, "Plan Rows": 6, "Plan Width": 36, "Group By Key": ["l_returnflag", "l_linestatus"], "Plans": [{"Node Type": "Seq Scan", "Parent Relationship": "Outer", "Relation Name": "lineitem", "Alias": "lineitem", "Startup Cost": 3.1, "Total Cost": 2165082.91, "Plan Rows": 58767934, "Plan Width": 36, "Filter": "(l_shipdate <= '1998-08-15 00:00:00'::timestamp without time zone), (LLVM Optimized)"}]}]}, "Unique SQL Id": 177413717}, "explain_analyze_plan": {"Plan": {"Node Type": "Sort", "Startup Cost": 4515800.46, "Total Cost": 4515800.47, "Plan Rows": 6, "Plan Width": 36, "Actual Startup Time": 129733.213, "Actual Total Time": 129733.213, "Actual Rows": 4, "Actual Loops": 1, "Sort Key": ["l_returnflag", "l_linestatus"], "Sort Method": "quicksort", "Sort Space Used": 25, "Sort Space Type": "Memory", "Plans": [{"Node Type": "Aggregate", "Strategy": "Hashed", "Parent Relationship": "Outer", "Startup Cost": 4515800.27, "Total Cost": 4515800.38, "Plan Rows": 6, "Plan Width": 36, "Actual Startup Time": 129733.109, "Actual Total Time": 129733.113, "Actual Rows": 4, "Actual Loops": 1, "Group By Key": ["l_returnflag", "l_linestatus"], "Plans": [{"Node Type": "Seq Scan", "Parent Relationship": "Outer", "Relation Name": "lineitem", "Alias": "lineitem", "Startup Cost": 3.1, "Total Cost": 2165082.91, "Plan Rows": 58767934, "Plan Width": 36, "Actual Startup Time": 0.025, "Actual Total Time": 27867.532, "Actual Rows": 58773499, "Actual Loops": 1, "Filter": "(l_shipdate <= '1998-08-15 00:00:00'::timestamp without time zone), (LLVM Optimized, Jit Execute)", "Rows Removed by Filter": 1212553}]}]}, "Triggers": [], "Planner Runtime": 0.268, "Total Runtime": 129744.578, "Unique SQL Id": 177413717}}, "(1, 77)": {"explain_plan": {"Plan": {"Node Type": "Sort", "Startup Cost": 10473924.63, "Total Cost": 10473924.64, "Plan Rows": 6, "Plan Width": 36, "Sort Key": ["l_returnflag", "l_linestatus"], "Plans": [{"Node Type": "Aggregate", "Strategy": "Hashed", "Parent Relationship": "Outer", "Startup Cost": 10473924.44, "Total Cost": 10473924.55, "Plan Rows": 6, "Plan Width": 36, "Group By Key": ["l_returnflag", "l_linestatus"], "Plans": [{"Node Type": "Index Scan", "Parent Relationship": "Outer", "Scan Direction": "Forward", "Index Name": "idx_lineitem_shipdate", "Relation Name": "lineitem", "Alias": "lineitem", "Startup Cost": 0.0, "Total Cost": 8123207.08, "Plan Rows": 58767934, "Plan Width": 36, "Index Cond": "(l_shipdate <= '1998-08-15 00:00:00'::timestamp without time zone), (LLVM Optimized)"}]}]}, "Unique SQL Id": 177413717}, "explain_analyze_plan": {"Plan": {"Node Type": "Sort", "Startup Cost": 10473924.63, "Total Cost": 10473924.64, "Plan Rows": 6, "Plan Width": 36, "Actual Startup Time": 281124.27, "Actual Total Time": 281124.271, "Actual Rows": 4, "Actual Loops": 1, "Sort Key": ["l_returnflag", "l_linestatus"], "Sort Method": "quicksort", "Sort Space Used": 25, "Sort Space Type": "Memory", "Plans": [{"Node Type": "Aggregate", "Strategy": "Hashed", "Parent Relationship": "Outer", "Startup Cost": 10473924.44, "Total Cost": 10473924.55, "Plan Rows": 6, "Plan Width": 36, "Actual Startup Time": 281124.166, "Actual Total Time": 281124.17, "Actual Rows": 4, "Actual Loops": 1, "Group By Key": ["l_returnflag", "l_linestatus"], "Plans": [{"Node Type": "Index Scan", "Parent Relationship": "Outer", "Scan Direction": "Forward", "Index Name": "idx_lineitem_shipdate", "Relation Name": "lineitem", "Alias": "lineitem", "Startup Cost": 0.0, "Total Cost": 8123207.08, "Plan Rows": 58767934, "Plan Width": 36, "Actual Startup Time": 0.053, "Actual Total Time": 166240.785, "Actual Rows": 58773499, "Actual Loops": 1, "Index Cond": "(l_shipdate <= '1998-08-15 00:00:00'::timestamp without time zone), (LLVM Optimized, Jit Execute)", "Rows Removed by Index Recheck": 0}]}]}, "Triggers": [], "Planner Runtime": 0.249, "Total Runtime": 281135.703, "Unique SQL Id": 177413717}}, "(1, 78)": {"explain_plan": {"Plan": {"Node Type": "Sort", "Startup Cost": 4515800.46, "Total Cost": 4515800.47, "Plan Rows": 6, "Plan Width": 36, "Sort Key": ["l_returnflag", "l_linestatus"], "Plans": [{"Node Type": "Aggregate", "Strategy": "Hashed", "Parent Relationship": "Outer", "Startup Cost": 4515800.27, "Total Cost": 4515800.38, "Plan Rows": 6, "Plan Width": 36, "Group By Key": ["l_returnflag", "l_linestatus"], "Plans": [{"Node Type": "Seq Scan", "Parent Relationship": "Outer", "Relation Name": "lineitem", "Alias": "lineitem", "Startup Cost": 3.1, "Total Cost": 2165082.91, "Plan Rows": 58767934, "Plan Width": 36, "Filter": "(l_shipdate <= '1998-08-15 00:00:00'::timestamp without time zone), (LLVM Optimized)"}]}]}, "Unique SQL Id": 177413717}, "explain_analyze_plan": {"Plan": {"Node Type": "Sort", "Startup Cost": 4515800.46, "Total Cost": 4515800.47, "Plan Rows": 6, "Plan Width": 36, "Actual Startup Time": 129733.213, "Actual Total Time": 129733.213, "Actual Rows": 4, "Actual Loops": 1, "Sort Key": ["l_returnflag", "l_linestatus"], "Sort Method": "quicksort", "Sort Space Used": 25, "Sort Space Type": "Memory", "Plans": [{"Node Type": "Aggregate", "Strategy": "Hashed", "Parent Relationship": "Outer", "Startup Cost": 4515800.27, "Total Cost": 4515800.38, "Plan Rows": 6, "Plan Width": 36, "Actual Startup Time": 129733.109, "Actual Total Time": 129733.113, "Actual Rows": 4, "Actual Loops": 1, "Group By Key": ["l_returnflag", "l_linestatus"], "Plans": [{"Node Type": "Seq Scan", "Parent Relationship": "Outer", "Relation Name": "lineitem", "Alias": "lineitem", "Startup Cost": 3.1, "Total Cost": 2165082.91, "Plan Rows": 58767934, "Plan Width": 36, "Actual Startup Time": 0.025, "Actual Total Time": 27867.532, "Actual Rows": 58773499, "Actual Loops": 1, "Filter": "(l_shipdate <= '1998-08-15 00:00:00'::timestamp without time zone), (LLVM Optimized, Jit Execute)", "Rows Removed by Filter": 1212553}]}]}, "Triggers": [], "Planner Runtime": 0.268, "Total Runtime": 129744.578, "Unique SQL Id": 177413717}}, "(1, 79)": {"explain_plan": {"Plan": {"Node Type": "Sort", "Startup Cost": 1000218859008.79, "Total Cost": 1000218859008.81, "Plan Rows": 6, "Plan Width": 36, "Sort Key": ["l_returnflag", "l_linestatus"], "Plans": [{"Node Type": "Aggregate", "Strategy": "Hashed", "Parent Relationship": "Outer", "Startup Cost": 1000218859008.61, "Total Cost": 1000218859008.72, "Plan Rows": 6, "Plan Width": 36, "Group By Key": ["l_returnflag", "l_linestatus"], "Plans": [{"Node Type": "Seq Scan", "Parent Relationship": "Outer", "Relation Name": "lineitem", "Alias": "lineitem", "Startup Cost": 10000000003.1, "Total Cost": 1000216508291.25, "Plan Rows": 58767934, "Plan Width": 36, "Filter": "(l_shipdate <= '1998-08-15 00:00:00'::timestamp without time zone), (LLVM Optimized)"}]}]}, "Unique SQL Id": 177413717}, "explain_analyze_plan": {"Plan": {"Node Type": "Sort", "Startup Cost": 1000218859008.79, "Total Cost": 1000218859008.81, "Plan Rows": 6, "Plan Width": 36, "Actual Startup Time": 132518.906, "Actual Total Time": 132518.907, "Actual Rows": 4, "Actual Loops": 1, "Sort Key": ["l_returnflag", "l_linestatus"], "Sort Method": "quicksort", "Sort Space Used": 25, "Sort Space Type": "Memory", "Plans": [{"Node Type": "Aggregate", "Strategy": "Hashed", "Parent Relationship": "Outer", "Startup Cost": 1000218859008.61, "Total Cost": 1000218859008.72, "Plan Rows": 6, "Plan Width": 36, "Actual Startup Time": 132518.825, "Actual Total Time": 132518.829, "Actual Rows": 4, "Actual Loops": 1, "Group By Key": ["l_returnflag", "l_linestatus"], "Plans": [{"Node Type": "Seq Scan", "Parent Relationship": "Outer", "Relation Name": "lineitem", "Alias": "lineitem", "Startup Cost": 10000000003.1, "Total Cost": 1000216508291.25, "Plan Rows": 58767934, "Plan Width": 36, "Actual Startup Time": 0.027, "Actual Total Time": 28059.666, "Actual Rows": 58773499, "Actual Loops": 1, "Filter": "(l_shipdate <= '1998-08-15 00:00:00'::timestamp without time zone), (LLVM Optimized, Jit Execute)", "Rows Removed by Filter": 1212553}]}]}, "Triggers": [], "Planner Runtime": 0.24, "Total Runtime": 132530.325, "Unique SQL Id": 177413717}}, "(1, 80)": {"explain_plan": {"Plan": {"Node Type": "Sort", "Startup Cost": 4515800.46, "Total Cost": 4515800.47, "Plan Rows": 6, "Plan Width": 36, "Sort Key": ["l_returnflag", "l_linestatus"], "Plans": [{"Node Type": "Aggregate", "Strategy": "Hashed", "Parent Relationship": "Outer", "Startup Cost": 4515800.27, "Total Cost": 4515800.38, "Plan Rows": 6, "Plan Width": 36, "Group By Key": ["l_returnflag", "l_linestatus"], "Plans": [{"Node Type": "Seq Scan", "Parent Relationship": "Outer", "Relation Name": "lineitem", "Alias": "lineitem", "Startup Cost": 3.1, "Total Cost": 2165082.91, "Plan Rows": 58767934, "Plan Width": 36, "Filter": "(l_shipdate <= '1998-08-15 00:00:00'::timestamp without time zone), (LLVM Optimized)"}]}]}, "Unique SQL Id": 177413717}, "explain_analyze_plan": {"Plan": {"Node Type": "Sort", "Startup Cost": 4515800.46, "Total Cost": 4515800.47, "Plan Rows": 6, "Plan Width": 36, "Actual Startup Time": 129733.213, "Actual Total Time": 129733.213, "Actual Rows": 4, "Actual Loops": 1, "Sort Key": ["l_returnflag", "l_linestatus"], "Sort Method": "quicksort", "Sort Space Used": 25, "Sort Space Type": "Memory", "Plans": [{"Node Type": "Aggregate", "Strategy": "Hashed", "Parent Relationship": "Outer", "Startup Cost": 4515800.27, "Total Cost": 4515800.38, "Plan Rows": 6, "Plan Width": 36, "Actual Startup Time": 129733.109, "Actual Total Time": 129733.113, "Actual Rows": 4, "Actual Loops": 1, "Group By Key": ["l_returnflag", "l_linestatus"], "Plans": [{"Node Type": "Seq Scan", "Parent Relationship": "Outer", "Relation Name": "lineitem", "Alias": "lineitem", "Startup Cost": 3.1, "Total Cost": 2165082.91, "Plan Rows": 58767934, "Plan Width": 36, "Actual Startup Time": 0.025, "Actual Total Time": 27867.532, "Actual Rows": 58773499, "Actual Loops": 1, "Filter": "(l_shipdate <= '1998-08-15 00:00:00'::timestamp without time zone), (LLVM Optimized, Jit Execute)", "Rows Removed by Filter": 1212553}]}]}, "Triggers": [], "Planner Runtime": 0.268, "Total Runtime": 129744.578, "Unique SQL Id": 177413717}}, "(1, 81)": {"explain_plan": {"Plan": {"Node Type": "Sort", "Startup Cost": 6389801.46, "Total Cost": 6389801.47, "Plan Rows": 6, "Plan Width": 36, "Sort Key": ["l_returnflag", "l_linestatus"], "Plans": [{"Node Type": "Aggregate", "Strategy": "Hashed", "Parent Relationship": "Outer", "Startup Cost": 6389801.27, "Total Cost": 6389801.38, "Plan Rows": 6, "Plan Width": 36, "Group By Key": ["l_returnflag", "l_linestatus"], "Plans": [{"Node Type": "Bitmap Heap Scan", "Parent Relationship": "Outer", "Relation Name": "lineitem", "Alias": "lineitem", "Startup Cost": 1889239.74, "Total Cost": 4039083.91, "Plan Rows": 58767934, "Plan Width": 36, "Recheck Cond": "(l_shipdate <= '1998-08-15 00:00:00'::timestamp without time zone), (LLVM Optimized)", "Plans": [{"Node Type": "Bitmap Index Scan", "Parent Relationship": "Outer", "Index Name": "idx_lineitem_shipdate", "Startup Cost": 0.0, "Total Cost": 1874547.75, "Plan Rows": 58767934, "Plan Width": 0, "Index Cond": "(l_shipdate <= '1998-08-15 00:00:00'::timestamp without time zone)"}]}]}]}, "Unique SQL Id": 177413717}, "explain_analyze_plan": {"Plan": {"Node Type": "Sort", "Startup Cost": 6389801.46, "Total Cost": 6389801.47, "Plan Rows": 6, "Plan Width": 36, "Actual Startup Time": 155801.771, "Actual Total Time": 155801.772, "Actual Rows": 4, "Actual Loops": 1, "Sort Key": ["l_returnflag", "l_linestatus"], "Sort Method": "quicksort", "Sort Space Used": 25, "Sort Space Type": "Memory", "Plans": [{"Node Type": "Aggregate", "Strategy": "Hashed", "Parent Relationship": "Outer", "Startup Cost": 6389801.27, "Total Cost": 6389801.38, "Plan Rows": 6, "Plan Width": 36, "Actual Startup Time": 155801.701, "Actual Total Time": 155801.704, "Actual Rows": 4, "Actual Loops": 1, "Group By Key": ["l_returnflag", "l_linestatus"], "Plans": [{"Node Type": "Bitmap Heap Scan", "Parent Relationship": "Outer", "Relation Name": "lineitem", "Alias": "lineitem", "Startup Cost": 1889239.74, "Total Cost": 4039083.91, "Plan Rows": 58767934, "Plan Width": 36, "Actual Startup Time": 26508.887, "Actual Total Time": 53329.645, "Actual Rows": 58773499, "Actual Loops": 1, "Recheck Cond": "(l_shipdate <= '1998-08-15 00:00:00'::timestamp without time zone), (LLVM Optimized, Jit Execute)", "Rows Removed by Index Recheck": 0, "Exact Heap Blocks": 1415245, "Lossy Heap Blocks": 1415245, "Plans": [{"Node Type": "Bitmap Index Scan", "Parent Relationship": "Outer", "Index Name": "idx_lineitem_shipdate", "Startup Cost": 0.0, "Total Cost": 1874547.75, "Plan Rows": 58767934, "Plan Width": 0, "Actual Startup Time": 25699.74, "Actual Total Time": 25699.74, "Actual Rows": 58773499, "Actual Loops": 1, "Index Cond": "(l_shipdate <= '1998-08-15 00:00:00'::timestamp without time zone)"}]}]}]}, "Triggers": [], "Planner Runtime": 0.253, "Total Runtime": 155814.524, "Unique SQL Id": 177413717}}, "(1, 82)": {"explain_plan": {"Plan": {"Node Type": "Sort", "Startup Cost": 4515800.46, "Total Cost": 4515800.47, "Plan Rows": 6, "Plan Width": 36, "Sort Key": ["l_returnflag", "l_linestatus"], "Plans": [{"Node Type": "Aggregate", "Strategy": "Hashed", "Parent Relationship": "Outer", "Startup Cost": 4515800.27, "Total Cost": 4515800.38, "Plan Rows": 6, "Plan Width": 36, "Group By Key": ["l_returnflag", "l_linestatus"], "Plans": [{"Node Type": "Seq Scan", "Parent Relationship": "Outer", "Relation Name": "lineitem", "Alias": "lineitem", "Startup Cost": 3.1, "Total Cost": 2165082.91, "Plan Rows": 58767934, "Plan Width": 36, "Filter": "(l_shipdate <= '1998-08-15 00:00:00'::timestamp without time zone), (LLVM Optimized)"}]}]}, "Unique SQL Id": 177413717}, "explain_analyze_plan": {"Plan": {"Node Type": "Sort", "Startup Cost": 4515800.46, "Total Cost": 4515800.47, "Plan Rows": 6, "Plan Width": 36, "Actual Startup Time": 129733.213, "Actual Total Time": 129733.213, "Actual Rows": 4, "Actual Loops": 1, "Sort Key": ["l_returnflag", "l_linestatus"], "Sort Method": "quicksort", "Sort Space Used": 25, "Sort Space Type": "Memory", "Plans": [{"Node Type": "Aggregate", "Strategy": "Hashed", "Parent Relationship": "Outer", "Startup Cost": 4515800.27, "Total Cost": 4515800.38, "Plan Rows": 6, "Plan Width": 36, "Actual Startup Time": 129733.109, "Actual Total Time": 129733.113, "Actual Rows": 4, "Actual Loops": 1, "Group By Key": ["l_returnflag", "l_linestatus"], "Plans": [{"Node Type": "Seq Scan", "Parent Relationship": "Outer", "Relation Name": "lineitem", "Alias": "lineitem", "Startup Cost": 3.1, "Total Cost": 2165082.91, "Plan Rows": 58767934, "Plan Width": 36, "Actual Startup Time": 0.025, "Actual Total Time": 27867.532, "Actual Rows": 58773499, "Actual Loops": 1, "Filter": "(l_shipdate <= '1998-08-15 00:00:00'::timestamp without time zone), (LLVM Optimized, Jit Execute)", "Rows Removed by Filter": 1212553}]}]}, "Triggers": [], "Planner Runtime": 0.268, "Total Runtime": 129744.578, "Unique SQL Id": 177413717}}, "(1, 83)": {"explain_plan": {"Plan": {"Node Type": "Sort", "Startup Cost": 6389801.46, "Total Cost": 6389801.47, "Plan Rows": 6, "Plan Width": 36, "Sort Key": ["l_returnflag", "l_linestatus"], "Plans": [{"Node Type": "Aggregate", "Strategy": "Hashed", "Parent Relationship": "Outer", "Startup Cost": 6389801.27, "Total Cost": 6389801.38, "Plan Rows": 6, "Plan Width": 36, "Group By Key": ["l_returnflag", "l_linestatus"], "Plans": [{"Node Type": "Bitmap Heap Scan", "Parent Relationship": "Outer", "Relation Name": "lineitem", "Alias": "lineitem", "Startup Cost": 1889239.74, "Total Cost": 4039083.91, "Plan Rows": 58767934, "Plan Width": 36, "Recheck Cond": "(l_shipdate <= '1998-08-15 00:00:00'::timestamp without time zone), (LLVM Optimized)", "Plans": [{"Node Type": "Bitmap Index Scan", "Parent Relationship": "Outer", "Index Name": "idx_lineitem_shipdate", "Startup Cost": 0.0, "Total Cost": 1874547.75, "Plan Rows": 58767934, "Plan Width": 0, "Index Cond": "(l_shipdate <= '1998-08-15 00:00:00'::timestamp without time zone)"}]}]}]}, "Unique SQL Id": 177413717}, "explain_analyze_plan": {"Plan": {"Node Type": "Sort", "Startup Cost": 6389801.46, "Total Cost": 6389801.47, "Plan Rows": 6, "Plan Width": 36, "Actual Startup Time": 155801.771, "Actual Total Time": 155801.772, "Actual Rows": 4, "Actual Loops": 1, "Sort Key": ["l_returnflag", "l_linestatus"], "Sort Method": "quicksort", "Sort Space Used": 25, "Sort Space Type": "Memory", "Plans": [{"Node Type": "Aggregate", "Strategy": "Hashed", "Parent Relationship": "Outer", "Startup Cost": 6389801.27, "Total Cost": 6389801.38, "Plan Rows": 6, "Plan Width": 36, "Actual Startup Time": 155801.701, "Actual Total Time": 155801.704, "Actual Rows": 4, "Actual Loops": 1, "Group By Key": ["l_returnflag", "l_linestatus"], "Plans": [{"Node Type": "Bitmap Heap Scan", "Parent Relationship": "Outer", "Relation Name": "lineitem", "Alias": "lineitem", "Startup Cost": 1889239.74, "Total Cost": 4039083.91, "Plan Rows": 58767934, "Plan Width": 36, "Actual Startup Time": 26508.887, "Actual Total Time": 53329.645, "Actual Rows": 58773499, "Actual Loops": 1, "Recheck Cond": "(l_shipdate <= '1998-08-15 00:00:00'::timestamp without time zone), (LLVM Optimized, Jit Execute)", "Rows Removed by Index Recheck": 0, "Exact Heap Blocks": 1415245, "Lossy Heap Blocks": 1415245, "Plans": [{"Node Type": "Bitmap Index Scan", "Parent Relationship": "Outer", "Index Name": "idx_lineitem_shipdate", "Startup Cost": 0.0, "Total Cost": 1874547.75, "Plan Rows": 58767934, "Plan Width": 0, "Actual Startup Time": 25699.74, "Actual Total Time": 25699.74, "Actual Rows": 58773499, "Actual Loops": 1, "Index Cond": "(l_shipdate <= '1998-08-15 00:00:00'::timestamp without time zone)"}]}]}]}, "Triggers": [], "Planner Runtime": 0.253, "Total Runtime": 155814.524, "Unique SQL Id": 177413717}}, "(1, 84)": {"explain_plan": {"Plan": {"Node Type": "Sort", "Startup Cost": 4515800.46, "Total Cost": 4515800.47, "Plan Rows": 6, "Plan Width": 36, "Sort Key": ["l_returnflag", "l_linestatus"], "Plans": [{"Node Type": "Aggregate", "Strategy": "Hashed", "Parent Relationship": "Outer", "Startup Cost": 4515800.27, "Total Cost": 4515800.38, "Plan Rows": 6, "Plan Width": 36, "Group By Key": ["l_returnflag", "l_linestatus"], "Plans": [{"Node Type": "Seq Scan", "Parent Relationship": "Outer", "Relation Name": "lineitem", "Alias": "lineitem", "Startup Cost": 3.1, "Total Cost": 2165082.91, "Plan Rows": 58767934, "Plan Width": 36, "Filter": "(l_shipdate <= '1998-08-15 00:00:00'::timestamp without time zone), (LLVM Optimized)"}]}]}, "Unique SQL Id": 177413717}, "explain_analyze_plan": {"Plan": {"Node Type": "Sort", "Startup Cost": 4515800.46, "Total Cost": 4515800.47, "Plan Rows": 6, "Plan Width": 36, "Actual Startup Time": 129733.213, "Actual Total Time": 129733.213, "Actual Rows": 4, "Actual Loops": 1, "Sort Key": ["l_returnflag", "l_linestatus"], "Sort Method": "quicksort", "Sort Space Used": 25, "Sort Space Type": "Memory", "Plans": [{"Node Type": "Aggregate", "Strategy": "Hashed", "Parent Relationship": "Outer", "Startup Cost": 4515800.27, "Total Cost": 4515800.38, "Plan Rows": 6, "Plan Width": 36, "Actual Startup Time": 129733.109, "Actual Total Time": 129733.113, "Actual Rows": 4, "Actual Loops": 1, "Group By Key": ["l_returnflag", "l_linestatus"], "Plans": [{"Node Type": "Seq Scan", "Parent Relationship": "Outer", "Relation Name": "lineitem", "Alias": "lineitem", "Startup Cost": 3.1, "Total Cost": 2165082.91, "Plan Rows": 58767934, "Plan Width": 36, "Actual Startup Time": 0.025, "Actual Total Time": 27867.532, "Actual Rows": 58773499, "Actual Loops": 1, "Filter": "(l_shipdate <= '1998-08-15 00:00:00'::timestamp without time zone), (LLVM Optimized, Jit Execute)", "Rows Removed by Filter": 1212553}]}]}, "Triggers": [], "Planner Runtime": 0.268, "Total Runtime": 129744.578, "Unique SQL Id": 177413717}}, "(1, 85)": {"explain_plan": {"Plan": {"Node Type": "Sort", "Startup Cost": 6389801.46, "Total Cost": 6389801.47, "Plan Rows": 6, "Plan Width": 36, "Sort Key": ["l_returnflag", "l_linestatus"], "Plans": [{"Node Type": "Aggregate", "Strategy": "Hashed", "Parent Relationship": "Outer", "Startup Cost": 6389801.27, "Total Cost": 6389801.38, "Plan Rows": 6, "Plan Width": 36, "Group By Key": ["l_returnflag", "l_linestatus"], "Plans": [{"Node Type": "Bitmap Heap Scan", "Parent Relationship": "Outer", "Relation Name": "lineitem", "Alias": "lineitem", "Startup Cost": 1889239.74, "Total Cost": 4039083.91, "Plan Rows": 58767934, "Plan Width": 36, "Recheck Cond": "(l_shipdate <= '1998-08-15 00:00:00'::timestamp without time zone), (LLVM Optimized)", "Plans": [{"Node Type": "Bitmap Index Scan", "Parent Relationship": "Outer", "Index Name": "idx_lineitem_shipdate", "Startup Cost": 0.0, "Total Cost": 1874547.75, "Plan Rows": 58767934, "Plan Width": 0, "Index Cond": "(l_shipdate <= '1998-08-15 00:00:00'::timestamp without time zone)"}]}]}]}, "Unique SQL Id": 177413717}, "explain_analyze_plan": {"Plan": {"Node Type": "Sort", "Startup Cost": 6389801.46, "Total Cost": 6389801.47, "Plan Rows": 6, "Plan Width": 36, "Actual Startup Time": 155801.771, "Actual Total Time": 155801.772, "Actual Rows": 4, "Actual Loops": 1, "Sort Key": ["l_returnflag", "l_linestatus"], "Sort Method": "quicksort", "Sort Space Used": 25, "Sort Space Type": "Memory", "Plans": [{"Node Type": "Aggregate", "Strategy": "Hashed", "Parent Relationship": "Outer", "Startup Cost": 6389801.27, "Total Cost": 6389801.38, "Plan Rows": 6, "Plan Width": 36, "Actual Startup Time": 155801.701, "Actual Total Time": 155801.704, "Actual Rows": 4, "Actual Loops": 1, "Group By Key": ["l_returnflag", "l_linestatus"], "Plans": [{"Node Type": "Bitmap Heap Scan", "Parent Relationship": "Outer", "Relation Name": "lineitem", "Alias": "lineitem", "Startup Cost": 1889239.74, "Total Cost": 4039083.91, "Plan Rows": 58767934, "Plan Width": 36, "Actual Startup Time": 26508.887, "Actual Total Time": 53329.645, "Actual Rows": 58773499, "Actual Loops": 1, "Recheck Cond": "(l_shipdate <= '1998-08-15 00:00:00'::timestamp without time zone), (LLVM Optimized, Jit Execute)", "Rows Removed by Index Recheck": 0, "Exact Heap Blocks": 1415245, "Lossy Heap Blocks": 1415245, "Plans": [{"Node Type": "Bitmap Index Scan", "Parent Relationship": "Outer", "Index Name": "idx_lineitem_shipdate", "Startup Cost": 0.0, "Total Cost": 1874547.75, "Plan Rows": 58767934, "Plan Width": 0, "Actual Startup Time": 25699.74, "Actual Total Time": 25699.74, "Actual Rows": 58773499, "Actual Loops": 1, "Index Cond": "(l_shipdate <= '1998-08-15 00:00:00'::timestamp without time zone)"}]}]}]}, "Triggers": [], "Planner Runtime": 0.253, "Total Runtime": 155814.524, "Unique SQL Id": 177413717}}, "(1, 86)": {"explain_plan": {"Plan": {"Node Type": "Sort", "Startup Cost": 4515800.46, "Total Cost": 4515800.47, "Plan Rows": 6, "Plan Width": 36, "Sort Key": ["l_returnflag", "l_linestatus"], "Plans": [{"Node Type": "Aggregate", "Strategy": "Hashed", "Parent Relationship": "Outer", "Startup Cost": 4515800.27, "Total Cost": 4515800.38, "Plan Rows": 6, "Plan Width": 36, "Group By Key": ["l_returnflag", "l_linestatus"], "Plans": [{"Node Type": "Seq Scan", "Parent Relationship": "Outer", "Relation Name": "lineitem", "Alias": "lineitem", "Startup Cost": 3.1, "Total Cost": 2165082.91, "Plan Rows": 58767934, "Plan Width": 36, "Filter": "(l_shipdate <= '1998-08-15 00:00:00'::timestamp without time zone), (LLVM Optimized)"}]}]}, "Unique SQL Id": 177413717}, "explain_analyze_plan": {"Plan": {"Node Type": "Sort", "Startup Cost": 4515800.46, "Total Cost": 4515800.47, "Plan Rows": 6, "Plan Width": 36, "Actual Startup Time": 129733.213, "Actual Total Time": 129733.213, "Actual Rows": 4, "Actual Loops": 1, "Sort Key": ["l_returnflag", "l_linestatus"], "Sort Method": "quicksort", "Sort Space Used": 25, "Sort Space Type": "Memory", "Plans": [{"Node Type": "Aggregate", "Strategy": "Hashed", "Parent Relationship": "Outer", "Startup Cost": 4515800.27, "Total Cost": 4515800.38, "Plan Rows": 6, "Plan Width": 36, "Actual Startup Time": 129733.109, "Actual Total Time": 129733.113, "Actual Rows": 4, "Actual Loops": 1, "Group By Key": ["l_returnflag", "l_linestatus"], "Plans": [{"Node Type": "Seq Scan", "Parent Relationship": "Outer", "Relation Name": "lineitem", "Alias": "lineitem", "Startup Cost": 3.1, "Total Cost": 2165082.91, "Plan Rows": 58767934, "Plan Width": 36, "Actual Startup Time": 0.025, "Actual Total Time": 27867.532, "Actual Rows": 58773499, "Actual Loops": 1, "Filter": "(l_shipdate <= '1998-08-15 00:00:00'::timestamp without time zone), (LLVM Optimized, Jit Execute)", "Rows Removed by Filter": 1212553}]}]}, "Triggers": [], "Planner Runtime": 0.268, "Total Runtime": 129744.578, "Unique SQL Id": 177413717}}, "(1, 87)": {"explain_plan": {"Plan": {"Node Type": "Sort", "Startup Cost": 6389801.46, "Total Cost": 6389801.47, "Plan Rows": 6, "Plan Width": 36, "Sort Key": ["l_returnflag", "l_linestatus"], "Plans": [{"Node Type": "Aggregate", "Strategy": "Hashed", "Parent Relationship": "Outer", "Startup Cost": 6389801.27, "Total Cost": 6389801.38, "Plan Rows": 6, "Plan Width": 36, "Group By Key": ["l_returnflag", "l_linestatus"], "Plans": [{"Node Type": "Bitmap Heap Scan", "Parent Relationship": "Outer", "Relation Name": "lineitem", "Alias": "lineitem", "Startup Cost": 1889239.74, "Total Cost": 4039083.91, "Plan Rows": 58767934, "Plan Width": 36, "Recheck Cond": "(l_shipdate <= '1998-08-15 00:00:00'::timestamp without time zone), (LLVM Optimized)", "Plans": [{"Node Type": "Bitmap Index Scan", "Parent Relationship": "Outer", "Index Name": "idx_lineitem_shipdate", "Startup Cost": 0.0, "Total Cost": 1874547.75, "Plan Rows": 58767934, "Plan Width": 0, "Index Cond": "(l_shipdate <= '1998-08-15 00:00:00'::timestamp without time zone)"}]}]}]}, "Unique SQL Id": 177413717}, "explain_analyze_plan": {"Plan": {"Node Type": "Sort", "Startup Cost": 6389801.46, "Total Cost": 6389801.47, "Plan Rows": 6, "Plan Width": 36, "Actual Startup Time": 155801.771, "Actual Total Time": 155801.772, "Actual Rows": 4, "Actual Loops": 1, "Sort Key": ["l_returnflag", "l_linestatus"], "Sort Method": "quicksort", "Sort Space Used": 25, "Sort Space Type": "Memory", "Plans": [{"Node Type": "Aggregate", "Strategy": "Hashed", "Parent Relationship": "Outer", "Startup Cost": 6389801.27, "Total Cost": 6389801.38, "Plan Rows": 6, "Plan Width": 36, "Actual Startup Time": 155801.701, "Actual Total Time": 155801.704, "Actual Rows": 4, "Actual Loops": 1, "Group By Key": ["l_returnflag", "l_linestatus"], "Plans": [{"Node Type": "Bitmap Heap Scan", "Parent Relationship": "Outer", "Relation Name": "lineitem", "Alias": "lineitem", "Startup Cost": 1889239.74, "Total Cost": 4039083.91, "Plan Rows": 58767934, "Plan Width": 36, "Actual Startup Time": 26508.887, "Actual Total Time": 53329.645, "Actual Rows": 58773499, "Actual Loops": 1, "Recheck Cond": "(l_shipdate <= '1998-08-15 00:00:00'::timestamp without time zone), (LLVM Optimized, Jit Execute)", "Rows Removed by Index Recheck": 0, "Exact Heap Blocks": 1415245, "Lossy Heap Blocks": 1415245, "Plans": [{"Node Type": "Bitmap Index Scan", "Parent Relationship": "Outer", "Index Name": "idx_lineitem_shipdate", "Startup Cost": 0.0, "Total Cost": 1874547.75, "Plan Rows": 58767934, "Plan Width": 0, "Actual Startup Time": 25699.74, "Actual Total Time": 25699.74, "Actual Rows": 58773499, "Actual Loops": 1, "Index Cond": "(l_shipdate <= '1998-08-15 00:00:00'::timestamp without time zone)"}]}]}]}, "Triggers": [], "Planner Runtime": 0.253, "Total Runtime": 155814.524, "Unique SQL Id": 177413717}}, "(1, 88)": {"explain_plan": {"Plan": {"Node Type": "Sort", "Startup Cost": 4515800.46, "Total Cost": 4515800.47, "Plan Rows": 6, "Plan Width": 36, "Sort Key": ["l_returnflag", "l_linestatus"], "Plans": [{"Node Type": "Aggregate", "Strategy": "Hashed", "Parent Relationship": "Outer", "Startup Cost": 4515800.27, "Total Cost": 4515800.38, "Plan Rows": 6, "Plan Width": 36, "Group By Key": ["l_returnflag", "l_linestatus"], "Plans": [{"Node Type": "Seq Scan", "Parent Relationship": "Outer", "Relation Name": "lineitem", "Alias": "lineitem", "Startup Cost": 3.1, "Total Cost": 2165082.91, "Plan Rows": 58767934, "Plan Width": 36, "Filter": "(l_shipdate <= '1998-08-15 00:00:00'::timestamp without time zone), (LLVM Optimized)"}]}]}, "Unique SQL Id": 177413717}, "explain_analyze_plan": {"Plan": {"Node Type": "Sort", "Startup Cost": 4515800.46, "Total Cost": 4515800.47, "Plan Rows": 6, "Plan Width": 36, "Actual Startup Time": 129733.213, "Actual Total Time": 129733.213, "Actual Rows": 4, "Actual Loops": 1, "Sort Key": ["l_returnflag", "l_linestatus"], "Sort Method": "quicksort", "Sort Space Used": 25, "Sort Space Type": "Memory", "Plans": [{"Node Type": "Aggregate", "Strategy": "Hashed", "Parent Relationship": "Outer", "Startup Cost": 4515800.27, "Total Cost": 4515800.38, "Plan Rows": 6, "Plan Width": 36, "Actual Startup Time": 129733.109, "Actual Total Time": 129733.113, "Actual Rows": 4, "Actual Loops": 1, "Group By Key": ["l_returnflag", "l_linestatus"], "Plans": [{"Node Type": "Seq Scan", "Parent Relationship": "Outer", "Relation Name": "lineitem", "Alias": "lineitem", "Startup Cost": 3.1, "Total Cost": 2165082.91, "Plan Rows": 58767934, "Plan Width": 36, "Actual Startup Time": 0.025, "Actual Total Time": 27867.532, "Actual Rows": 58773499, "Actual Loops": 1, "Filter": "(l_shipdate <= '1998-08-15 00:00:00'::timestamp without time zone), (LLVM Optimized, Jit Execute)", "Rows Removed by Filter": 1212553}]}]}, "Triggers": [], "Planner Runtime": 0.268, "Total Runtime": 129744.578, "Unique SQL Id": 177413717}}, "(1, 89)": {"explain_plan": {"Plan": {"Node Type": "Sort", "Startup Cost": 10473924.63, "Total Cost": 10473924.64, "Plan Rows": 6, "Plan Width": 36, "Sort Key": ["l_returnflag", "l_linestatus"], "Plans": [{"Node Type": "Aggregate", "Strategy": "Hashed", "Parent Relationship": "Outer", "Startup Cost": 10473924.44, "Total Cost": 10473924.55, "Plan Rows": 6, "Plan Width": 36, "Group By Key": ["l_returnflag", "l_linestatus"], "Plans": [{"Node Type": "Index Scan", "Parent Relationship": "Outer", "Scan Direction": "Forward", "Index Name": "idx_lineitem_shipdate", "Relation Name": "lineitem", "Alias": "lineitem", "Startup Cost": 0.0, "Total Cost": 8123207.08, "Plan Rows": 58767934, "Plan Width": 36, "Index Cond": "(l_shipdate <= '1998-08-15 00:00:00'::timestamp without time zone), (LLVM Optimized)"}]}]}, "Unique SQL Id": 177413717}, "explain_analyze_plan": {"Plan": {"Node Type": "Sort", "Startup Cost": 10473924.63, "Total Cost": 10473924.64, "Plan Rows": 6, "Plan Width": 36, "Actual Startup Time": 281124.27, "Actual Total Time": 281124.271, "Actual Rows": 4, "Actual Loops": 1, "Sort Key": ["l_returnflag", "l_linestatus"], "Sort Method": "quicksort", "Sort Space Used": 25, "Sort Space Type": "Memory", "Plans": [{"Node Type": "Aggregate", "Strategy": "Hashed", "Parent Relationship": "Outer", "Startup Cost": 10473924.44, "Total Cost": 10473924.55, "Plan Rows": 6, "Plan Width": 36, "Actual Startup Time": 281124.166, "Actual Total Time": 281124.17, "Actual Rows": 4, "Actual Loops": 1, "Group By Key": ["l_returnflag", "l_linestatus"], "Plans": [{"Node Type": "Index Scan", "Parent Relationship": "Outer", "Scan Direction": "Forward", "Index Name": "idx_lineitem_shipdate", "Relation Name": "lineitem", "Alias": "lineitem", "Startup Cost": 0.0, "Total Cost": 8123207.08, "Plan Rows": 58767934, "Plan Width": 36, "Actual Startup Time": 0.053, "Actual Total Time": 166240.785, "Actual Rows": 58773499, "Actual Loops": 1, "Index Cond": "(l_shipdate <= '1998-08-15 00:00:00'::timestamp without time zone), (LLVM Optimized, Jit Execute)", "Rows Removed by Index Recheck": 0}]}]}, "Triggers": [], "Planner Runtime": 0.249, "Total Runtime": 281135.703, "Unique SQL Id": 177413717}}, "(1, 90)": {"explain_plan": {"Plan": {"Node Type": "Sort", "Startup Cost": 4515800.46, "Total Cost": 4515800.47, "Plan Rows": 6, "Plan Width": 36, "Sort Key": ["l_returnflag", "l_linestatus"], "Plans": [{"Node Type": "Aggregate", "Strategy": "Hashed", "Parent Relationship": "Outer", "Startup Cost": 4515800.27, "Total Cost": 4515800.38, "Plan Rows": 6, "Plan Width": 36, "Group By Key": ["l_returnflag", "l_linestatus"], "Plans": [{"Node Type": "Seq Scan", "Parent Relationship": "Outer", "Relation Name": "lineitem", "Alias": "lineitem", "Startup Cost": 3.1, "Total Cost": 2165082.91, "Plan Rows": 58767934, "Plan Width": 36, "Filter": "(l_shipdate <= '1998-08-15 00:00:00'::timestamp without time zone), (LLVM Optimized)"}]}]}, "Unique SQL Id": 177413717}, "explain_analyze_plan": {"Plan": {"Node Type": "Sort", "Startup Cost": 4515800.46, "Total Cost": 4515800.47, "Plan Rows": 6, "Plan Width": 36, "Actual Startup Time": 129733.213, "Actual Total Time": 129733.213, "Actual Rows": 4, "Actual Loops": 1, "Sort Key": ["l_returnflag", "l_linestatus"], "Sort Method": "quicksort", "Sort Space Used": 25, "Sort Space Type": "Memory", "Plans": [{"Node Type": "Aggregate", "Strategy": "Hashed", "Parent Relationship": "Outer", "Startup Cost": 4515800.27, "Total Cost": 4515800.38, "Plan Rows": 6, "Plan Width": 36, "Actual Startup Time": 129733.109, "Actual Total Time": 129733.113, "Actual Rows": 4, "Actual Loops": 1, "Group By Key": ["l_returnflag", "l_linestatus"], "Plans": [{"Node Type": "Seq Scan", "Parent Relationship": "Outer", "Relation Name": "lineitem", "Alias": "lineitem", "Startup Cost": 3.1, "Total Cost": 2165082.91, "Plan Rows": 58767934, "Plan Width": 36, "Actual Startup Time": 0.025, "Actual Total Time": 27867.532, "Actual Rows": 58773499, "Actual Loops": 1, "Filter": "(l_shipdate <= '1998-08-15 00:00:00'::timestamp without time zone), (LLVM Optimized, Jit Execute)", "Rows Removed by Filter": 1212553}]}]}, "Triggers": [], "Planner Runtime": 0.268, "Total Runtime": 129744.578, "Unique SQL Id": 177413717}}, "(1, 91)": {"explain_plan": {"Plan": {"Node Type": "Sort", "Startup Cost": 1000218859008.79, "Total Cost": 1000218859008.81, "Plan Rows": 6, "Plan Width": 36, "Sort Key": ["l_returnflag", "l_linestatus"], "Plans": [{"Node Type": "Aggregate", "Strategy": "Hashed", "Parent Relationship": "Outer", "Startup Cost": 1000218859008.61, "Total Cost": 1000218859008.72, "Plan Rows": 6, "Plan Width": 36, "Group By Key": ["l_returnflag", "l_linestatus"], "Plans": [{"Node Type": "Seq Scan", "Parent Relationship": "Outer", "Relation Name": "lineitem", "Alias": "lineitem", "Startup Cost": 10000000003.1, "Total Cost": 1000216508291.25, "Plan Rows": 58767934, "Plan Width": 36, "Filter": "(l_shipdate <= '1998-08-15 00:00:00'::timestamp without time zone), (LLVM Optimized)"}]}]}, "Unique SQL Id": 177413717}, "explain_analyze_plan": {"Plan": {"Node Type": "Sort", "Startup Cost": 1000218859008.79, "Total Cost": 1000218859008.81, "Plan Rows": 6, "Plan Width": 36, "Actual Startup Time": 132518.906, "Actual Total Time": 132518.907, "Actual Rows": 4, "Actual Loops": 1, "Sort Key": ["l_returnflag", "l_linestatus"], "Sort Method": "quicksort", "Sort Space Used": 25, "Sort Space Type": "Memory", "Plans": [{"Node Type": "Aggregate", "Strategy": "Hashed", "Parent Relationship": "Outer", "Startup Cost": 1000218859008.61, "Total Cost": 1000218859008.72, "Plan Rows": 6, "Plan Width": 36, "Actual Startup Time": 132518.825, "Actual Total Time": 132518.829, "Actual Rows": 4, "Actual Loops": 1, "Group By Key": ["l_returnflag", "l_linestatus"], "Plans": [{"Node Type": "Seq Scan", "Parent Relationship": "Outer", "Relation Name": "lineitem", "Alias": "lineitem", "Startup Cost": 10000000003.1, "Total Cost": 1000216508291.25, "Plan Rows": 58767934, "Plan Width": 36, "Actual Startup Time": 0.027, "Actual Total Time": 28059.666, "Actual Rows": 58773499, "Actual Loops": 1, "Filter": "(l_shipdate <= '1998-08-15 00:00:00'::timestamp without time zone), (LLVM Optimized, Jit Execute)", "Rows Removed by Filter": 1212553}]}]}, "Triggers": [], "Planner Runtime": 0.24, "Total Runtime": 132530.325, "Unique SQL Id": 177413717}}, "(1, 92)": {"explain_plan": {"Plan": {"Node Type": "Sort", "Startup Cost": 4515800.46, "Total Cost": 4515800.47, "Plan Rows": 6, "Plan Width": 36, "Sort Key": ["l_returnflag", "l_linestatus"], "Plans": [{"Node Type": "Aggregate", "Strategy": "Hashed", "Parent Relationship": "Outer", "Startup Cost": 4515800.27, "Total Cost": 4515800.38, "Plan Rows": 6, "Plan Width": 36, "Group By Key": ["l_returnflag", "l_linestatus"], "Plans": [{"Node Type": "Seq Scan", "Parent Relationship": "Outer", "Relation Name": "lineitem", "Alias": "lineitem", "Startup Cost": 3.1, "Total Cost": 2165082.91, "Plan Rows": 58767934, "Plan Width": 36, "Filter": "(l_shipdate <= '1998-08-15 00:00:00'::timestamp without time zone), (LLVM Optimized)"}]}]}, "Unique SQL Id": 177413717}, "explain_analyze_plan": {"Plan": {"Node Type": "Sort", "Startup Cost": 4515800.46, "Total Cost": 4515800.47, "Plan Rows": 6, "Plan Width": 36, "Actual Startup Time": 129733.213, "Actual Total Time": 129733.213, "Actual Rows": 4, "Actual Loops": 1, "Sort Key": ["l_returnflag", "l_linestatus"], "Sort Method": "quicksort", "Sort Space Used": 25, "Sort Space Type": "Memory", "Plans": [{"Node Type": "Aggregate", "Strategy": "Hashed", "Parent Relationship": "Outer", "Startup Cost": 4515800.27, "Total Cost": 4515800.38, "Plan Rows": 6, "Plan Width": 36, "Actual Startup Time": 129733.109, "Actual Total Time": 129733.113, "Actual Rows": 4, "Actual Loops": 1, "Group By Key": ["l_returnflag", "l_linestatus"], "Plans": [{"Node Type": "Seq Scan", "Parent Relationship": "Outer", "Relation Name": "lineitem", "Alias": "lineitem", "Startup Cost": 3.1, "Total Cost": 2165082.91, "Plan Rows": 58767934, "Plan Width": 36, "Actual Startup Time": 0.025, "Actual Total Time": 27867.532, "Actual Rows": 58773499, "Actual Loops": 1, "Filter": "(l_shipdate <= '1998-08-15 00:00:00'::timestamp without time zone), (LLVM Optimized, Jit Execute)", "Rows Removed by Filter": 1212553}]}]}, "Triggers": [], "Planner Runtime": 0.268, "Total Runtime": 129744.578, "Unique SQL Id": 177413717}}, "(1, 93)": {"explain_plan": {"Plan": {"Node Type": "Sort", "Startup Cost": 10473924.63, "Total Cost": 10473924.64, "Plan Rows": 6, "Plan Width": 36, "Sort Key": ["l_returnflag", "l_linestatus"], "Plans": [{"Node Type": "Aggregate", "Strategy": "Hashed", "Parent Relationship": "Outer", "Startup Cost": 10473924.44, "Total Cost": 10473924.55, "Plan Rows": 6, "Plan Width": 36, "Group By Key": ["l_returnflag", "l_linestatus"], "Plans": [{"Node Type": "Index Scan", "Parent Relationship": "Outer", "Scan Direction": "Forward", "Index Name": "idx_lineitem_shipdate", "Relation Name": "lineitem", "Alias": "lineitem", "Startup Cost": 0.0, "Total Cost": 8123207.08, "Plan Rows": 58767934, "Plan Width": 36, "Index Cond": "(l_shipdate <= '1998-08-15 00:00:00'::timestamp without time zone), (LLVM Optimized)"}]}]}, "Unique SQL Id": 177413717}, "explain_analyze_plan": {"Plan": {"Node Type": "Sort", "Startup Cost": 10473924.63, "Total Cost": 10473924.64, "Plan Rows": 6, "Plan Width": 36, "Actual Startup Time": 281124.27, "Actual Total Time": 281124.271, "Actual Rows": 4, "Actual Loops": 1, "Sort Key": ["l_returnflag", "l_linestatus"], "Sort Method": "quicksort", "Sort Space Used": 25, "Sort Space Type": "Memory", "Plans": [{"Node Type": "Aggregate", "Strategy": "Hashed", "Parent Relationship": "Outer", "Startup Cost": 10473924.44, "Total Cost": 10473924.55, "Plan Rows": 6, "Plan Width": 36, "Actual Startup Time": 281124.166, "Actual Total Time": 281124.17, "Actual Rows": 4, "Actual Loops": 1, "Group By Key": ["l_returnflag", "l_linestatus"], "Plans": [{"Node Type": "Index Scan", "Parent Relationship": "Outer", "Scan Direction": "Forward", "Index Name": "idx_lineitem_shipdate", "Relation Name": "lineitem", "Alias": "lineitem", "Startup Cost": 0.0, "Total Cost": 8123207.08, "Plan Rows": 58767934, "Plan Width": 36, "Actual Startup Time": 0.053, "Actual Total Time": 166240.785, "Actual Rows": 58773499, "Actual Loops": 1, "Index Cond": "(l_shipdate <= '1998-08-15 00:00:00'::timestamp without time zone), (LLVM Optimized, Jit Execute)", "Rows Removed by Index Recheck": 0}]}]}, "Triggers": [], "Planner Runtime": 0.249, "Total Runtime": 281135.703, "Unique SQL Id": 177413717}}, "(1, 94)": {"explain_plan": {"Plan": {"Node Type": "Sort", "Startup Cost": 4515800.46, "Total Cost": 4515800.47, "Plan Rows": 6, "Plan Width": 36, "Sort Key": ["l_returnflag", "l_linestatus"], "Plans": [{"Node Type": "Aggregate", "Strategy": "Hashed", "Parent Relationship": "Outer", "Startup Cost": 4515800.27, "Total Cost": 4515800.38, "Plan Rows": 6, "Plan Width": 36, "Group By Key": ["l_returnflag", "l_linestatus"], "Plans": [{"Node Type": "Seq Scan", "Parent Relationship": "Outer", "Relation Name": "lineitem", "Alias": "lineitem", "Startup Cost": 3.1, "Total Cost": 2165082.91, "Plan Rows": 58767934, "Plan Width": 36, "Filter": "(l_shipdate <= '1998-08-15 00:00:00'::timestamp without time zone), (LLVM Optimized)"}]}]}, "Unique SQL Id": 177413717}, "explain_analyze_plan": {"Plan": {"Node Type": "Sort", "Startup Cost": 4515800.46, "Total Cost": 4515800.47, "Plan Rows": 6, "Plan Width": 36, "Actual Startup Time": 129733.213, "Actual Total Time": 129733.213, "Actual Rows": 4, "Actual Loops": 1, "Sort Key": ["l_returnflag", "l_linestatus"], "Sort Method": "quicksort", "Sort Space Used": 25, "Sort Space Type": "Memory", "Plans": [{"Node Type": "Aggregate", "Strategy": "Hashed", "Parent Relationship": "Outer", "Startup Cost": 4515800.27, "Total Cost": 4515800.38, "Plan Rows": 6, "Plan Width": 36, "Actual Startup Time": 129733.109, "Actual Total Time": 129733.113, "Actual Rows": 4, "Actual Loops": 1, "Group By Key": ["l_returnflag", "l_linestatus"], "Plans": [{"Node Type": "Seq Scan", "Parent Relationship": "Outer", "Relation Name": "lineitem", "Alias": "lineitem", "Startup Cost": 3.1, "Total Cost": 2165082.91, "Plan Rows": 58767934, "Plan Width": 36, "Actual Startup Time": 0.025, "Actual Total Time": 27867.532, "Actual Rows": 58773499, "Actual Loops": 1, "Filter": "(l_shipdate <= '1998-08-15 00:00:00'::timestamp without time zone), (LLVM Optimized, Jit Execute)", "Rows Removed by Filter": 1212553}]}]}, "Triggers": [], "Planner Runtime": 0.268, "Total Runtime": 129744.578, "Unique SQL Id": 177413717}}, "(1, 95)": {"explain_plan": {"Plan": {"Node Type": "Sort", "Startup Cost": 1000218859008.79, "Total Cost": 1000218859008.81, "Plan Rows": 6, "Plan Width": 36, "Sort Key": ["l_returnflag", "l_linestatus"], "Plans": [{"Node Type": "Aggregate", "Strategy": "Hashed", "Parent Relationship": "Outer", "Startup Cost": 1000218859008.61, "Total Cost": 1000218859008.72, "Plan Rows": 6, "Plan Width": 36, "Group By Key": ["l_returnflag", "l_linestatus"], "Plans": [{"Node Type": "Seq Scan", "Parent Relationship": "Outer", "Relation Name": "lineitem", "Alias": "lineitem", "Startup Cost": 10000000003.1, "Total Cost": 1000216508291.25, "Plan Rows": 58767934, "Plan Width": 36, "Filter": "(l_shipdate <= '1998-08-15 00:00:00'::timestamp without time zone), (LLVM Optimized)"}]}]}, "Unique SQL Id": 177413717}, "explain_analyze_plan": {"Plan": {"Node Type": "Sort", "Startup Cost": 1000218859008.79, "Total Cost": 1000218859008.81, "Plan Rows": 6, "Plan Width": 36, "Actual Startup Time": 132518.906, "Actual Total Time": 132518.907, "Actual Rows": 4, "Actual Loops": 1, "Sort Key": ["l_returnflag", "l_linestatus"], "Sort Method": "quicksort", "Sort Space Used": 25, "Sort Space Type": "Memory", "Plans": [{"Node Type": "Aggregate", "Strategy": "Hashed", "Parent Relationship": "Outer", "Startup Cost": 1000218859008.61, "Total Cost": 1000218859008.72, "Plan Rows": 6, "Plan Width": 36, "Actual Startup Time": 132518.825, "Actual Total Time": 132518.829, "Actual Rows": 4, "Actual Loops": 1, "Group By Key": ["l_returnflag", "l_linestatus"], "Plans": [{"Node Type": "Seq Scan", "Parent Relationship": "Outer", "Relation Name": "lineitem", "Alias": "lineitem", "Startup Cost": 10000000003.1, "Total Cost": 1000216508291.25, "Plan Rows": 58767934, "Plan Width": 36, "Actual Startup Time": 0.027, "Actual Total Time": 28059.666, "Actual Rows": 58773499, "Actual Loops": 1, "Filter": "(l_shipdate <= '1998-08-15 00:00:00'::timestamp without time zone), (LLVM Optimized, Jit Execute)", "Rows Removed by Filter": 1212553}]}]}, "Triggers": [], "Planner Runtime": 0.24, "Total Runtime": 132530.325, "Unique SQL Id": 177413717}}, "(1, 96)": {"explain_plan": {"Plan": {"Node Type": "Sort", "Startup Cost": 4515800.46, "Total Cost": 4515800.47, "Plan Rows": 6, "Plan Width": 36, "Sort Key": ["l_returnflag", "l_linestatus"], "Plans": [{"Node Type": "Aggregate", "Strategy": "Hashed", "Parent Relationship": "Outer", "Startup Cost": 4515800.27, "Total Cost": 4515800.38, "Plan Rows": 6, "Plan Width": 36, "Group By Key": ["l_returnflag", "l_linestatus"], "Plans": [{"Node Type": "Seq Scan", "Parent Relationship": "Outer", "Relation Name": "lineitem", "Alias": "lineitem", "Startup Cost": 3.1, "Total Cost": 2165082.91, "Plan Rows": 58767934, "Plan Width": 36, "Filter": "(l_shipdate <= '1998-08-15 00:00:00'::timestamp without time zone), (LLVM Optimized)"}]}]}, "Unique SQL Id": 177413717}, "explain_analyze_plan": {"Plan": {"Node Type": "Sort", "Startup Cost": 4515800.46, "Total Cost": 4515800.47, "Plan Rows": 6, "Plan Width": 36, "Actual Startup Time": 129733.213, "Actual Total Time": 129733.213, "Actual Rows": 4, "Actual Loops": 1, "Sort Key": ["l_returnflag", "l_linestatus"], "Sort Method": "quicksort", "Sort Space Used": 25, "Sort Space Type": "Memory", "Plans": [{"Node Type": "Aggregate", "Strategy": "Hashed", "Parent Relationship": "Outer", "Startup Cost": 4515800.27, "Total Cost": 4515800.38, "Plan Rows": 6, "Plan Width": 36, "Actual Startup Time": 129733.109, "Actual Total Time": 129733.113, "Actual Rows": 4, "Actual Loops": 1, "Group By Key": ["l_returnflag", "l_linestatus"], "Plans": [{"Node Type": "Seq Scan", "Parent Relationship": "Outer", "Relation Name": "lineitem", "Alias": "lineitem", "Startup Cost": 3.1, "Total Cost": 2165082.91, "Plan Rows": 58767934, "Plan Width": 36, "Actual Startup Time": 0.025, "Actual Total Time": 27867.532, "Actual Rows": 58773499, "Actual Loops": 1, "Filter": "(l_shipdate <= '1998-08-15 00:00:00'::timestamp without time zone), (LLVM Optimized, Jit Execute)", "Rows Removed by Filter": 1212553}]}]}, "Triggers": [], "Planner Runtime": 0.268, "Total Runtime": 129744.578, "Unique SQL Id": 177413717}}, "(1, 97)": {"explain_plan": {"Plan": {"Node Type": "Sort", "Startup Cost": 6389801.46, "Total Cost": 6389801.47, "Plan Rows": 6, "Plan Width": 36, "Sort Key": ["l_returnflag", "l_linestatus"], "Plans": [{"Node Type": "Aggregate", "Strategy": "Hashed", "Parent Relationship": "Outer", "Startup Cost": 6389801.27, "Total Cost": 6389801.38, "Plan Rows": 6, "Plan Width": 36, "Group By Key": ["l_returnflag", "l_linestatus"], "Plans": [{"Node Type": "Bitmap Heap Scan", "Parent Relationship": "Outer", "Relation Name": "lineitem", "Alias": "lineitem", "Startup Cost": 1889239.74, "Total Cost": 4039083.91, "Plan Rows": 58767934, "Plan Width": 36, "Recheck Cond": "(l_shipdate <= '1998-08-15 00:00:00'::timestamp without time zone), (LLVM Optimized)", "Plans": [{"Node Type": "Bitmap Index Scan", "Parent Relationship": "Outer", "Index Name": "idx_lineitem_shipdate", "Startup Cost": 0.0, "Total Cost": 1874547.75, "Plan Rows": 58767934, "Plan Width": 0, "Index Cond": "(l_shipdate <= '1998-08-15 00:00:00'::timestamp without time zone)"}]}]}]}, "Unique SQL Id": 177413717}, "explain_analyze_plan": {"Plan": {"Node Type": "Sort", "Startup Cost": 6389801.46, "Total Cost": 6389801.47, "Plan Rows": 6, "Plan Width": 36, "Actual Startup Time": 155801.771, "Actual Total Time": 155801.772, "Actual Rows": 4, "Actual Loops": 1, "Sort Key": ["l_returnflag", "l_linestatus"], "Sort Method": "quicksort", "Sort Space Used": 25, "Sort Space Type": "Memory", "Plans": [{"Node Type": "Aggregate", "Strategy": "Hashed", "Parent Relationship": "Outer", "Startup Cost": 6389801.27, "Total Cost": 6389801.38, "Plan Rows": 6, "Plan Width": 36, "Actual Startup Time": 155801.701, "Actual Total Time": 155801.704, "Actual Rows": 4, "Actual Loops": 1, "Group By Key": ["l_returnflag", "l_linestatus"], "Plans": [{"Node Type": "Bitmap Heap Scan", "Parent Relationship": "Outer", "Relation Name": "lineitem", "Alias": "lineitem", "Startup Cost": 1889239.74, "Total Cost": 4039083.91, "Plan Rows": 58767934, "Plan Width": 36, "Actual Startup Time": 26508.887, "Actual Total Time": 53329.645, "Actual Rows": 58773499, "Actual Loops": 1, "Recheck Cond": "(l_shipdate <= '1998-08-15 00:00:00'::timestamp without time zone), (LLVM Optimized, Jit Execute)", "Rows Removed by Index Recheck": 0, "Exact Heap Blocks": 1415245, "Lossy Heap Blocks": 1415245, "Plans": [{"Node Type": "Bitmap Index Scan", "Parent Relationship": "Outer", "Index Name": "idx_lineitem_shipdate", "Startup Cost": 0.0, "Total Cost": 1874547.75, "Plan Rows": 58767934, "Plan Width": 0, "Actual Startup Time": 25699.74, "Actual Total Time": 25699.74, "Actual Rows": 58773499, "Actual Loops": 1, "Index Cond": "(l_shipdate <= '1998-08-15 00:00:00'::timestamp without time zone)"}]}]}]}, "Triggers": [], "Planner Runtime": 0.253, "Total Runtime": 155814.524, "Unique SQL Id": 177413717}}, "(1, 98)": {"explain_plan": {"Plan": {"Node Type": "Sort", "Startup Cost": 4515800.46, "Total Cost": 4515800.47, "Plan Rows": 6, "Plan Width": 36, "Sort Key": ["l_returnflag", "l_linestatus"], "Plans": [{"Node Type": "Aggregate", "Strategy": "Hashed", "Parent Relationship": "Outer", "Startup Cost": 4515800.27, "Total Cost": 4515800.38, "Plan Rows": 6, "Plan Width": 36, "Group By Key": ["l_returnflag", "l_linestatus"], "Plans": [{"Node Type": "Seq Scan", "Parent Relationship": "Outer", "Relation Name": "lineitem", "Alias": "lineitem", "Startup Cost": 3.1, "Total Cost": 2165082.91, "Plan Rows": 58767934, "Plan Width": 36, "Filter": "(l_shipdate <= '1998-08-15 00:00:00'::timestamp without time zone), (LLVM Optimized)"}]}]}, "Unique SQL Id": 177413717}, "explain_analyze_plan": {"Plan": {"Node Type": "Sort", "Startup Cost": 4515800.46, "Total Cost": 4515800.47, "Plan Rows": 6, "Plan Width": 36, "Actual Startup Time": 129733.213, "Actual Total Time": 129733.213, "Actual Rows": 4, "Actual Loops": 1, "Sort Key": ["l_returnflag", "l_linestatus"], "Sort Method": "quicksort", "Sort Space Used": 25, "Sort Space Type": "Memory", "Plans": [{"Node Type": "Aggregate", "Strategy": "Hashed", "Parent Relationship": "Outer", "Startup Cost": 4515800.27, "Total Cost": 4515800.38, "Plan Rows": 6, "Plan Width": 36, "Actual Startup Time": 129733.109, "Actual Total Time": 129733.113, "Actual Rows": 4, "Actual Loops": 1, "Group By Key": ["l_returnflag", "l_linestatus"], "Plans": [{"Node Type": "Seq Scan", "Parent Relationship": "Outer", "Relation Name": "lineitem", "Alias": "lineitem", "Startup Cost": 3.1, "Total Cost": 2165082.91, "Plan Rows": 58767934, "Plan Width": 36, "Actual Startup Time": 0.025, "Actual Total Time": 27867.532, "Actual Rows": 58773499, "Actual Loops": 1, "Filter": "(l_shipdate <= '1998-08-15 00:00:00'::timestamp without time zone), (LLVM Optimized, Jit Execute)", "Rows Removed by Filter": 1212553}]}]}, "Triggers": [], "Planner Runtime": 0.268, "Total Runtime": 129744.578, "Unique SQL Id": 177413717}}, "(1, 99)": {"explain_plan": {"Plan": {"Node Type": "Sort", "Startup Cost": 6389801.46, "Total Cost": 6389801.47, "Plan Rows": 6, "Plan Width": 36, "Sort Key": ["l_returnflag", "l_linestatus"], "Plans": [{"Node Type": "Aggregate", "Strategy": "Hashed", "Parent Relationship": "Outer", "Startup Cost": 6389801.27, "Total Cost": 6389801.38, "Plan Rows": 6, "Plan Width": 36, "Group By Key": ["l_returnflag", "l_linestatus"], "Plans": [{"Node Type": "Bitmap Heap Scan", "Parent Relationship": "Outer", "Relation Name": "lineitem", "Alias": "lineitem", "Startup Cost": 1889239.74, "Total Cost": 4039083.91, "Plan Rows": 58767934, "Plan Width": 36, "Recheck Cond": "(l_shipdate <= '1998-08-15 00:00:00'::timestamp without time zone), (LLVM Optimized)", "Plans": [{"Node Type": "Bitmap Index Scan", "Parent Relationship": "Outer", "Index Name": "idx_lineitem_shipdate", "Startup Cost": 0.0, "Total Cost": 1874547.75, "Plan Rows": 58767934, "Plan Width": 0, "Index Cond": "(l_shipdate <= '1998-08-15 00:00:00'::timestamp without time zone)"}]}]}]}, "Unique SQL Id": 177413717}, "explain_analyze_plan": {"Plan": {"Node Type": "Sort", "Startup Cost": 6389801.46, "Total Cost": 6389801.47, "Plan Rows": 6, "Plan Width": 36, "Actual Startup Time": 155801.771, "Actual Total Time": 155801.772, "Actual Rows": 4, "Actual Loops": 1, "Sort Key": ["l_returnflag", "l_linestatus"], "Sort Method": "quicksort", "Sort Space Used": 25, "Sort Space Type": "Memory", "Plans": [{"Node Type": "Aggregate", "Strategy": "Hashed", "Parent Relationship": "Outer", "Startup Cost": 6389801.27, "Total Cost": 6389801.38, "Plan Rows": 6, "Plan Width": 36, "Actual Startup Time": 155801.701, "Actual Total Time": 155801.704, "Actual Rows": 4, "Actual Loops": 1, "Group By Key": ["l_returnflag", "l_linestatus"], "Plans": [{"Node Type": "Bitmap Heap Scan", "Parent Relationship": "Outer", "Relation Name": "lineitem", "Alias": "lineitem", "Startup Cost": 1889239.74, "Total Cost": 4039083.91, "Plan Rows": 58767934, "Plan Width": 36, "Actual Startup Time": 26508.887, "Actual Total Time": 53329.645, "Actual Rows": 58773499, "Actual Loops": 1, "Recheck Cond": "(l_shipdate <= '1998-08-15 00:00:00'::timestamp without time zone), (LLVM Optimized, Jit Execute)", "Rows Removed by Index Recheck": 0, "Exact Heap Blocks": 1415245, "Lossy Heap Blocks": 1415245, "Plans": [{"Node Type": "Bitmap Index Scan", "Parent Relationship": "Outer", "Index Name": "idx_lineitem_shipdate", "Startup Cost": 0.0, "Total Cost": 1874547.75, "Plan Rows": 58767934, "Plan Width": 0, "Actual Startup Time": 25699.74, "Actual Total Time": 25699.74, "Actual Rows": 58773499, "Actual Loops": 1, "Index Cond": "(l_shipdate <= '1998-08-15 00:00:00'::timestamp without time zone)"}]}]}]}, "Triggers": [], "Planner Runtime": 0.253, "Total Runtime": 155814.524, "Unique SQL Id": 177413717}}, "(1, 100)": {"explain_plan": {"Plan": {"Node Type": "Sort", "Startup Cost": 4515800.46, "Total Cost": 4515800.47, "Plan Rows": 6, "Plan Width": 36, "Sort Key": ["l_returnflag", "l_linestatus"], "Plans": [{"Node Type": "Aggregate", "Strategy": "Hashed", "Parent Relationship": "Outer", "Startup Cost": 4515800.27, "Total Cost": 4515800.38, "Plan Rows": 6, "Plan Width": 36, "Group By Key": ["l_returnflag", "l_linestatus"], "Plans": [{"Node Type": "Seq Scan", "Parent Relationship": "Outer", "Relation Name": "lineitem", "Alias": "lineitem", "Startup Cost": 3.1, "Total Cost": 2165082.91, "Plan Rows": 58767934, "Plan Width": 36, "Filter": "(l_shipdate <= '1998-08-15 00:00:00'::timestamp without time zone), (LLVM Optimized)"}]}]}, "Unique SQL Id": 177413717}, "explain_analyze_plan": {"Plan": {"Node Type": "Sort", "Startup Cost": 4515800.46, "Total Cost": 4515800.47, "Plan Rows": 6, "Plan Width": 36, "Actual Startup Time": 129733.213, "Actual Total Time": 129733.213, "Actual Rows": 4, "Actual Loops": 1, "Sort Key": ["l_returnflag", "l_linestatus"], "Sort Method": "quicksort", "Sort Space Used": 25, "Sort Space Type": "Memory", "Plans": [{"Node Type": "Aggregate", "Strategy": "Hashed", "Parent Relationship": "Outer", "Startup Cost": 4515800.27, "Total Cost": 4515800.38, "Plan Rows": 6, "Plan Width": 36, "Actual Startup Time": 129733.109, "Actual Total Time": 129733.113, "Actual Rows": 4, "Actual Loops": 1, "Group By Key": ["l_returnflag", "l_linestatus"], "Plans": [{"Node Type": "Seq Scan", "Parent Relationship": "Outer", "Relation Name": "lineitem", "Alias": "lineitem", "Startup Cost": 3.1, "Total Cost": 2165082.91, "Plan Rows": 58767934, "Plan Width": 36, "Actual Startup Time": 0.025, "Actual Total Time": 27867.532, "Actual Rows": 58773499, "Actual Loops": 1, "Filter": "(l_shipdate <= '1998-08-15 00:00:00'::timestamp without time zone), (LLVM Optimized, Jit Execute)", "Rows Removed by Filter": 1212553}]}]}, "Triggers": [], "Planner Runtime": 0.268, "Total Runtime": 129744.578, "Unique SQL Id": 177413717}}, "(1, 101)": {"explain_plan": {"Plan": {"Node Type": "Sort", "Startup Cost": 6389801.46, "Total Cost": 6389801.47, "Plan Rows": 6, "Plan Width": 36, "Sort Key": ["l_returnflag", "l_linestatus"], "Plans": [{"Node Type": "Aggregate", "Strategy": "Hashed", "Parent Relationship": "Outer", "Startup Cost": 6389801.27, "Total Cost": 6389801.38, "Plan Rows": 6, "Plan Width": 36, "Group By Key": ["l_returnflag", "l_linestatus"], "Plans": [{"Node Type": "Bitmap Heap Scan", "Parent Relationship": "Outer", "Relation Name": "lineitem", "Alias": "lineitem", "Startup Cost": 1889239.74, "Total Cost": 4039083.91, "Plan Rows": 58767934, "Plan Width": 36, "Recheck Cond": "(l_shipdate <= '1998-08-15 00:00:00'::timestamp without time zone), (LLVM Optimized)", "Plans": [{"Node Type": "Bitmap Index Scan", "Parent Relationship": "Outer", "Index Name": "idx_lineitem_shipdate", "Startup Cost": 0.0, "Total Cost": 1874547.75, "Plan Rows": 58767934, "Plan Width": 0, "Index Cond": "(l_shipdate <= '1998-08-15 00:00:00'::timestamp without time zone)"}]}]}]}, "Unique SQL Id": 177413717}, "explain_analyze_plan": {"Plan": {"Node Type": "Sort", "Startup Cost": 6389801.46, "Total Cost": 6389801.47, "Plan Rows": 6, "Plan Width": 36, "Actual Startup Time": 155801.771, "Actual Total Time": 155801.772, "Actual Rows": 4, "Actual Loops": 1, "Sort Key": ["l_returnflag", "l_linestatus"], "Sort Method": "quicksort", "Sort Space Used": 25, "Sort Space Type": "Memory", "Plans": [{"Node Type": "Aggregate", "Strategy": "Hashed", "Parent Relationship": "Outer", "Startup Cost": 6389801.27, "Total Cost": 6389801.38, "Plan Rows": 6, "Plan Width": 36, "Actual Startup Time": 155801.701, "Actual Total Time": 155801.704, "Actual Rows": 4, "Actual Loops": 1, "Group By Key": ["l_returnflag", "l_linestatus"], "Plans": [{"Node Type": "Bitmap Heap Scan", "Parent Relationship": "Outer", "Relation Name": "lineitem", "Alias": "lineitem", "Startup Cost": 1889239.74, "Total Cost": 4039083.91, "Plan Rows": 58767934, "Plan Width": 36, "Actual Startup Time": 26508.887, "Actual Total Time": 53329.645, "Actual Rows": 58773499, "Actual Loops": 1, "Recheck Cond": "(l_shipdate <= '1998-08-15 00:00:00'::timestamp without time zone), (LLVM Optimized, Jit Execute)", "Rows Removed by Index Recheck": 0, "Exact Heap Blocks": 1415245, "Lossy Heap Blocks": 1415245, "Plans": [{"Node Type": "Bitmap Index Scan", "Parent Relationship": "Outer", "Index Name": "idx_lineitem_shipdate", "Startup Cost": 0.0, "Total Cost": 1874547.75, "Plan Rows": 58767934, "Plan Width": 0, "Actual Startup Time": 25699.74, "Actual Total Time": 25699.74, "Actual Rows": 58773499, "Actual Loops": 1, "Index Cond": "(l_shipdate <= '1998-08-15 00:00:00'::timestamp without time zone)"}]}]}]}, "Triggers": [], "Planner Runtime": 0.253, "Total Runtime": 155814.524, "Unique SQL Id": 177413717}}, "(1, 102)": {"explain_plan": {"Plan": {"Node Type": "Sort", "Startup Cost": 4515800.46, "Total Cost": 4515800.47, "Plan Rows": 6, "Plan Width": 36, "Sort Key": ["l_returnflag", "l_linestatus"], "Plans": [{"Node Type": "Aggregate", "Strategy": "Hashed", "Parent Relationship": "Outer", "Startup Cost": 4515800.27, "Total Cost": 4515800.38, "Plan Rows": 6, "Plan Width": 36, "Group By Key": ["l_returnflag", "l_linestatus"], "Plans": [{"Node Type": "Seq Scan", "Parent Relationship": "Outer", "Relation Name": "lineitem", "Alias": "lineitem", "Startup Cost": 3.1, "Total Cost": 2165082.91, "Plan Rows": 58767934, "Plan Width": 36, "Filter": "(l_shipdate <= '1998-08-15 00:00:00'::timestamp without time zone), (LLVM Optimized)"}]}]}, "Unique SQL Id": 177413717}, "explain_analyze_plan": {"Plan": {"Node Type": "Sort", "Startup Cost": 4515800.46, "Total Cost": 4515800.47, "Plan Rows": 6, "Plan Width": 36, "Actual Startup Time": 129733.213, "Actual Total Time": 129733.213, "Actual Rows": 4, "Actual Loops": 1, "Sort Key": ["l_returnflag", "l_linestatus"], "Sort Method": "quicksort", "Sort Space Used": 25, "Sort Space Type": "Memory", "Plans": [{"Node Type": "Aggregate", "Strategy": "Hashed", "Parent Relationship": "Outer", "Startup Cost": 4515800.27, "Total Cost": 4515800.38, "Plan Rows": 6, "Plan Width": 36, "Actual Startup Time": 129733.109, "Actual Total Time": 129733.113, "Actual Rows": 4, "Actual Loops": 1, "Group By Key": ["l_returnflag", "l_linestatus"], "Plans": [{"Node Type": "Seq Scan", "Parent Relationship": "Outer", "Relation Name": "lineitem", "Alias": "lineitem", "Startup Cost": 3.1, "Total Cost": 2165082.91, "Plan Rows": 58767934, "Plan Width": 36, "Actual Startup Time": 0.025, "Actual Total Time": 27867.532, "Actual Rows": 58773499, "Actual Loops": 1, "Filter": "(l_shipdate <= '1998-08-15 00:00:00'::timestamp without time zone), (LLVM Optimized, Jit Execute)", "Rows Removed by Filter": 1212553}]}]}, "Triggers": [], "Planner Runtime": 0.268, "Total Runtime": 129744.578, "Unique SQL Id": 177413717}}, "(1, 103)": {"explain_plan": {"Plan": {"Node Type": "Sort", "Startup Cost": 6389801.46, "Total Cost": 6389801.47, "Plan Rows": 6, "Plan Width": 36, "Sort Key": ["l_returnflag", "l_linestatus"], "Plans": [{"Node Type": "Aggregate", "Strategy": "Hashed", "Parent Relationship": "Outer", "Startup Cost": 6389801.27, "Total Cost": 6389801.38, "Plan Rows": 6, "Plan Width": 36, "Group By Key": ["l_returnflag", "l_linestatus"], "Plans": [{"Node Type": "Bitmap Heap Scan", "Parent Relationship": "Outer", "Relation Name": "lineitem", "Alias": "lineitem", "Startup Cost": 1889239.74, "Total Cost": 4039083.91, "Plan Rows": 58767934, "Plan Width": 36, "Recheck Cond": "(l_shipdate <= '1998-08-15 00:00:00'::timestamp without time zone), (LLVM Optimized)", "Plans": [{"Node Type": "Bitmap Index Scan", "Parent Relationship": "Outer", "Index Name": "idx_lineitem_shipdate", "Startup Cost": 0.0, "Total Cost": 1874547.75, "Plan Rows": 58767934, "Plan Width": 0, "Index Cond": "(l_shipdate <= '1998-08-15 00:00:00'::timestamp without time zone)"}]}]}]}, "Unique SQL Id": 177413717}, "explain_analyze_plan": {"Plan": {"Node Type": "Sort", "Startup Cost": 6389801.46, "Total Cost": 6389801.47, "Plan Rows": 6, "Plan Width": 36, "Actual Startup Time": 155801.771, "Actual Total Time": 155801.772, "Actual Rows": 4, "Actual Loops": 1, "Sort Key": ["l_returnflag", "l_linestatus"], "Sort Method": "quicksort", "Sort Space Used": 25, "Sort Space Type": "Memory", "Plans": [{"Node Type": "Aggregate", "Strategy": "Hashed", "Parent Relationship": "Outer", "Startup Cost": 6389801.27, "Total Cost": 6389801.38, "Plan Rows": 6, "Plan Width": 36, "Actual Startup Time": 155801.701, "Actual Total Time": 155801.704, "Actual Rows": 4, "Actual Loops": 1, "Group By Key": ["l_returnflag", "l_linestatus"], "Plans": [{"Node Type": "Bitmap Heap Scan", "Parent Relationship": "Outer", "Relation Name": "lineitem", "Alias": "lineitem", "Startup Cost": 1889239.74, "Total Cost": 4039083.91, "Plan Rows": 58767934, "Plan Width": 36, "Actual Startup Time": 26508.887, "Actual Total Time": 53329.645, "Actual Rows": 58773499, "Actual Loops": 1, "Recheck Cond": "(l_shipdate <= '1998-08-15 00:00:00'::timestamp without time zone), (LLVM Optimized, Jit Execute)", "Rows Removed by Index Recheck": 0, "Exact Heap Blocks": 1415245, "Lossy Heap Blocks": 1415245, "Plans": [{"Node Type": "Bitmap Index Scan", "Parent Relationship": "Outer", "Index Name": "idx_lineitem_shipdate", "Startup Cost": 0.0, "Total Cost": 1874547.75, "Plan Rows": 58767934, "Plan Width": 0, "Actual Startup Time": 25699.74, "Actual Total Time": 25699.74, "Actual Rows": 58773499, "Actual Loops": 1, "Index Cond": "(l_shipdate <= '1998-08-15 00:00:00'::timestamp without time zone)"}]}]}]}, "Triggers": [], "Planner Runtime": 0.253, "Total Runtime": 155814.524, "Unique SQL Id": 177413717}}, "(1, 104)": {"explain_plan": {"Plan": {"Node Type": "Sort", "Startup Cost": 4515800.46, "Total Cost": 4515800.47, "Plan Rows": 6, "Plan Width": 36, "Sort Key": ["l_returnflag", "l_linestatus"], "Plans": [{"Node Type": "Aggregate", "Strategy": "Hashed", "Parent Relationship": "Outer", "Startup Cost": 4515800.27, "Total Cost": 4515800.38, "Plan Rows": 6, "Plan Width": 36, "Group By Key": ["l_returnflag", "l_linestatus"], "Plans": [{"Node Type": "Seq Scan", "Parent Relationship": "Outer", "Relation Name": "lineitem", "Alias": "lineitem", "Startup Cost": 3.1, "Total Cost": 2165082.91, "Plan Rows": 58767934, "Plan Width": 36, "Filter": "(l_shipdate <= '1998-08-15 00:00:00'::timestamp without time zone), (LLVM Optimized)"}]}]}, "Unique SQL Id": 177413717}, "explain_analyze_plan": {"Plan": {"Node Type": "Sort", "Startup Cost": 4515800.46, "Total Cost": 4515800.47, "Plan Rows": 6, "Plan Width": 36, "Actual Startup Time": 129733.213, "Actual Total Time": 129733.213, "Actual Rows": 4, "Actual Loops": 1, "Sort Key": ["l_returnflag", "l_linestatus"], "Sort Method": "quicksort", "Sort Space Used": 25, "Sort Space Type": "Memory", "Plans": [{"Node Type": "Aggregate", "Strategy": "Hashed", "Parent Relationship": "Outer", "Startup Cost": 4515800.27, "Total Cost": 4515800.38, "Plan Rows": 6, "Plan Width": 36, "Actual Startup Time": 129733.109, "Actual Total Time": 129733.113, "Actual Rows": 4, "Actual Loops": 1, "Group By Key": ["l_returnflag", "l_linestatus"], "Plans": [{"Node Type": "Seq Scan", "Parent Relationship": "Outer", "Relation Name": "lineitem", "Alias": "lineitem", "Startup Cost": 3.1, "Total Cost": 2165082.91, "Plan Rows": 58767934, "Plan Width": 36, "Actual Startup Time": 0.025, "Actual Total Time": 27867.532, "Actual Rows": 58773499, "Actual Loops": 1, "Filter": "(l_shipdate <= '1998-08-15 00:00:00'::timestamp without time zone), (LLVM Optimized, Jit Execute)", "Rows Removed by Filter": 1212553}]}]}, "Triggers": [], "Planner Runtime": 0.268, "Total Runtime": 129744.578, "Unique SQL Id": 177413717}}, "(1, 105)": {"explain_plan": {"Plan": {"Node Type": "Sort", "Startup Cost": 10473924.63, "Total Cost": 10473924.64, "Plan Rows": 6, "Plan Width": 36, "Sort Key": ["l_returnflag", "l_linestatus"], "Plans": [{"Node Type": "Aggregate", "Strategy": "Hashed", "Parent Relationship": "Outer", "Startup Cost": 10473924.44, "Total Cost": 10473924.55, "Plan Rows": 6, "Plan Width": 36, "Group By Key": ["l_returnflag", "l_linestatus"], "Plans": [{"Node Type": "Index Scan", "Parent Relationship": "Outer", "Scan Direction": "Forward", "Index Name": "idx_lineitem_shipdate", "Relation Name": "lineitem", "Alias": "lineitem", "Startup Cost": 0.0, "Total Cost": 8123207.08, "Plan Rows": 58767934, "Plan Width": 36, "Index Cond": "(l_shipdate <= '1998-08-15 00:00:00'::timestamp without time zone), (LLVM Optimized)"}]}]}, "Unique SQL Id": 177413717}, "explain_analyze_plan": {"Plan": {"Node Type": "Sort", "Startup Cost": 10473924.63, "Total Cost": 10473924.64, "Plan Rows": 6, "Plan Width": 36, "Actual Startup Time": 281124.27, "Actual Total Time": 281124.271, "Actual Rows": 4, "Actual Loops": 1, "Sort Key": ["l_returnflag", "l_linestatus"], "Sort Method": "quicksort", "Sort Space Used": 25, "Sort Space Type": "Memory", "Plans": [{"Node Type": "Aggregate", "Strategy": "Hashed", "Parent Relationship": "Outer", "Startup Cost": 10473924.44, "Total Cost": 10473924.55, "Plan Rows": 6, "Plan Width": 36, "Actual Startup Time": 281124.166, "Actual Total Time": 281124.17, "Actual Rows": 4, "Actual Loops": 1, "Group By Key": ["l_returnflag", "l_linestatus"], "Plans": [{"Node Type": "Index Scan", "Parent Relationship": "Outer", "Scan Direction": "Forward", "Index Name": "idx_lineitem_shipdate", "Relation Name": "lineitem", "Alias": "lineitem", "Startup Cost": 0.0, "Total Cost": 8123207.08, "Plan Rows": 58767934, "Plan Width": 36, "Actual Startup Time": 0.053, "Actual Total Time": 166240.785, "Actual Rows": 58773499, "Actual Loops": 1, "Index Cond": "(l_shipdate <= '1998-08-15 00:00:00'::timestamp without time zone), (LLVM Optimized, Jit Execute)", "Rows Removed by Index Recheck": 0}]}]}, "Triggers": [], "Planner Runtime": 0.249, "Total Runtime": 281135.703, "Unique SQL Id": 177413717}}, "(1, 106)": {"explain_plan": {"Plan": {"Node Type": "Sort", "Startup Cost": 4515800.46, "Total Cost": 4515800.47, "Plan Rows": 6, "Plan Width": 36, "Sort Key": ["l_returnflag", "l_linestatus"], "Plans": [{"Node Type": "Aggregate", "Strategy": "Hashed", "Parent Relationship": "Outer", "Startup Cost": 4515800.27, "Total Cost": 4515800.38, "Plan Rows": 6, "Plan Width": 36, "Group By Key": ["l_returnflag", "l_linestatus"], "Plans": [{"Node Type": "Seq Scan", "Parent Relationship": "Outer", "Relation Name": "lineitem", "Alias": "lineitem", "Startup Cost": 3.1, "Total Cost": 2165082.91, "Plan Rows": 58767934, "Plan Width": 36, "Filter": "(l_shipdate <= '1998-08-15 00:00:00'::timestamp without time zone), (LLVM Optimized)"}]}]}, "Unique SQL Id": 177413717}, "explain_analyze_plan": {"Plan": {"Node Type": "Sort", "Startup Cost": 4515800.46, "Total Cost": 4515800.47, "Plan Rows": 6, "Plan Width": 36, "Actual Startup Time": 129733.213, "Actual Total Time": 129733.213, "Actual Rows": 4, "Actual Loops": 1, "Sort Key": ["l_returnflag", "l_linestatus"], "Sort Method": "quicksort", "Sort Space Used": 25, "Sort Space Type": "Memory", "Plans": [{"Node Type": "Aggregate", "Strategy": "Hashed", "Parent Relationship": "Outer", "Startup Cost": 4515800.27, "Total Cost": 4515800.38, "Plan Rows": 6, "Plan Width": 36, "Actual Startup Time": 129733.109, "Actual Total Time": 129733.113, "Actual Rows": 4, "Actual Loops": 1, "Group By Key": ["l_returnflag", "l_linestatus"], "Plans": [{"Node Type": "Seq Scan", "Parent Relationship": "Outer", "Relation Name": "lineitem", "Alias": "lineitem", "Startup Cost": 3.1, "Total Cost": 2165082.91, "Plan Rows": 58767934, "Plan Width": 36, "Actual Startup Time": 0.025, "Actual Total Time": 27867.532, "Actual Rows": 58773499, "Actual Loops": 1, "Filter": "(l_shipdate <= '1998-08-15 00:00:00'::timestamp without time zone), (LLVM Optimized, Jit Execute)", "Rows Removed by Filter": 1212553}]}]}, "Triggers": [], "Planner Runtime": 0.268, "Total Runtime": 129744.578, "Unique SQL Id": 177413717}}, "(1, 107)": {"explain_plan": {"Plan": {"Node Type": "Sort", "Startup Cost": 1000218859008.79, "Total Cost": 1000218859008.81, "Plan Rows": 6, "Plan Width": 36, "Sort Key": ["l_returnflag", "l_linestatus"], "Plans": [{"Node Type": "Aggregate", "Strategy": "Hashed", "Parent Relationship": "Outer", "Startup Cost": 1000218859008.61, "Total Cost": 1000218859008.72, "Plan Rows": 6, "Plan Width": 36, "Group By Key": ["l_returnflag", "l_linestatus"], "Plans": [{"Node Type": "Seq Scan", "Parent Relationship": "Outer", "Relation Name": "lineitem", "Alias": "lineitem", "Startup Cost": 10000000003.1, "Total Cost": 1000216508291.25, "Plan Rows": 58767934, "Plan Width": 36, "Filter": "(l_shipdate <= '1998-08-15 00:00:00'::timestamp without time zone), (LLVM Optimized)"}]}]}, "Unique SQL Id": 177413717}, "explain_analyze_plan": {"Plan": {"Node Type": "Sort", "Startup Cost": 1000218859008.79, "Total Cost": 1000218859008.81, "Plan Rows": 6, "Plan Width": 36, "Actual Startup Time": 132518.906, "Actual Total Time": 132518.907, "Actual Rows": 4, "Actual Loops": 1, "Sort Key": ["l_returnflag", "l_linestatus"], "Sort Method": "quicksort", "Sort Space Used": 25, "Sort Space Type": "Memory", "Plans": [{"Node Type": "Aggregate", "Strategy": "Hashed", "Parent Relationship": "Outer", "Startup Cost": 1000218859008.61, "Total Cost": 1000218859008.72, "Plan Rows": 6, "Plan Width": 36, "Actual Startup Time": 132518.825, "Actual Total Time": 132518.829, "Actual Rows": 4, "Actual Loops": 1, "Group By Key": ["l_returnflag", "l_linestatus"], "Plans": [{"Node Type": "Seq Scan", "Parent Relationship": "Outer", "Relation Name": "lineitem", "Alias": "lineitem", "Startup Cost": 10000000003.1, "Total Cost": 1000216508291.25, "Plan Rows": 58767934, "Plan Width": 36, "Actual Startup Time": 0.027, "Actual Total Time": 28059.666, "Actual Rows": 58773499, "Actual Loops": 1, "Filter": "(l_shipdate <= '1998-08-15 00:00:00'::timestamp without time zone), (LLVM Optimized, Jit Execute)", "Rows Removed by Filter": 1212553}]}]}, "Triggers": [], "Planner Runtime": 0.24, "Total Runtime": 132530.325, "Unique SQL Id": 177413717}}, "(1, 108)": {"explain_plan": {"Plan": {"Node Type": "Sort", "Startup Cost": 4515800.46, "Total Cost": 4515800.47, "Plan Rows": 6, "Plan Width": 36, "Sort Key": ["l_returnflag", "l_linestatus"], "Plans": [{"Node Type": "Aggregate", "Strategy": "Hashed", "Parent Relationship": "Outer", "Startup Cost": 4515800.27, "Total Cost": 4515800.38, "Plan Rows": 6, "Plan Width": 36, "Group By Key": ["l_returnflag", "l_linestatus"], "Plans": [{"Node Type": "Seq Scan", "Parent Relationship": "Outer", "Relation Name": "lineitem", "Alias": "lineitem", "Startup Cost": 3.1, "Total Cost": 2165082.91, "Plan Rows": 58767934, "Plan Width": 36, "Filter": "(l_shipdate <= '1998-08-15 00:00:00'::timestamp without time zone), (LLVM Optimized)"}]}]}, "Unique SQL Id": 177413717}, "explain_analyze_plan": {"Plan": {"Node Type": "Sort", "Startup Cost": 4515800.46, "Total Cost": 4515800.47, "Plan Rows": 6, "Plan Width": 36, "Actual Startup Time": 129733.213, "Actual Total Time": 129733.213, "Actual Rows": 4, "Actual Loops": 1, "Sort Key": ["l_returnflag", "l_linestatus"], "Sort Method": "quicksort", "Sort Space Used": 25, "Sort Space Type": "Memory", "Plans": [{"Node Type": "Aggregate", "Strategy": "Hashed", "Parent Relationship": "Outer", "Startup Cost": 4515800.27, "Total Cost": 4515800.38, "Plan Rows": 6, "Plan Width": 36, "Actual Startup Time": 129733.109, "Actual Total Time": 129733.113, "Actual Rows": 4, "Actual Loops": 1, "Group By Key": ["l_returnflag", "l_linestatus"], "Plans": [{"Node Type": "Seq Scan", "Parent Relationship": "Outer", "Relation Name": "lineitem", "Alias": "lineitem", "Startup Cost": 3.1, "Total Cost": 2165082.91, "Plan Rows": 58767934, "Plan Width": 36, "Actual Startup Time": 0.025, "Actual Total Time": 27867.532, "Actual Rows": 58773499, "Actual Loops": 1, "Filter": "(l_shipdate <= '1998-08-15 00:00:00'::timestamp without time zone), (LLVM Optimized, Jit Execute)", "Rows Removed by Filter": 1212553}]}]}, "Triggers": [], "Planner Runtime": 0.268, "Total Runtime": 129744.578, "Unique SQL Id": 177413717}}, "(1, 109)": {"explain_plan": {"Plan": {"Node Type": "Sort", "Startup Cost": 10473924.63, "Total Cost": 10473924.64, "Plan Rows": 6, "Plan Width": 36, "Sort Key": ["l_returnflag", "l_linestatus"], "Plans": [{"Node Type": "Aggregate", "Strategy": "Hashed", "Parent Relationship": "Outer", "Startup Cost": 10473924.44, "Total Cost": 10473924.55, "Plan Rows": 6, "Plan Width": 36, "Group By Key": ["l_returnflag", "l_linestatus"], "Plans": [{"Node Type": "Index Scan", "Parent Relationship": "Outer", "Scan Direction": "Forward", "Index Name": "idx_lineitem_shipdate", "Relation Name": "lineitem", "Alias": "lineitem", "Startup Cost": 0.0, "Total Cost": 8123207.08, "Plan Rows": 58767934, "Plan Width": 36, "Index Cond": "(l_shipdate <= '1998-08-15 00:00:00'::timestamp without time zone), (LLVM Optimized)"}]}]}, "Unique SQL Id": 177413717}, "explain_analyze_plan": {"Plan": {"Node Type": "Sort", "Startup Cost": 10473924.63, "Total Cost": 10473924.64, "Plan Rows": 6, "Plan Width": 36, "Actual Startup Time": 281124.27, "Actual Total Time": 281124.271, "Actual Rows": 4, "Actual Loops": 1, "Sort Key": ["l_returnflag", "l_linestatus"], "Sort Method": "quicksort", "Sort Space Used": 25, "Sort Space Type": "Memory", "Plans": [{"Node Type": "Aggregate", "Strategy": "Hashed", "Parent Relationship": "Outer", "Startup Cost": 10473924.44, "Total Cost": 10473924.55, "Plan Rows": 6, "Plan Width": 36, "Actual Startup Time": 281124.166, "Actual Total Time": 281124.17, "Actual Rows": 4, "Actual Loops": 1, "Group By Key": ["l_returnflag", "l_linestatus"], "Plans": [{"Node Type": "Index Scan", "Parent Relationship": "Outer", "Scan Direction": "Forward", "Index Name": "idx_lineitem_shipdate", "Relation Name": "lineitem", "Alias": "lineitem", "Startup Cost": 0.0, "Total Cost": 8123207.08, "Plan Rows": 58767934, "Plan Width": 36, "Actual Startup Time": 0.053, "Actual Total Time": 166240.785, "Actual Rows": 58773499, "Actual Loops": 1, "Index Cond": "(l_shipdate <= '1998-08-15 00:00:00'::timestamp without time zone), (LLVM Optimized, Jit Execute)", "Rows Removed by Index Recheck": 0}]}]}, "Triggers": [], "Planner Runtime": 0.249, "Total Runtime": 281135.703, "Unique SQL Id": 177413717}}, "(1, 110)": {"explain_plan": {"Plan": {"Node Type": "Sort", "Startup Cost": 4515800.46, "Total Cost": 4515800.47, "Plan Rows": 6, "Plan Width": 36, "Sort Key": ["l_returnflag", "l_linestatus"], "Plans": [{"Node Type": "Aggregate", "Strategy": "Hashed", "Parent Relationship": "Outer", "Startup Cost": 4515800.27, "Total Cost": 4515800.38, "Plan Rows": 6, "Plan Width": 36, "Group By Key": ["l_returnflag", "l_linestatus"], "Plans": [{"Node Type": "Seq Scan", "Parent Relationship": "Outer", "Relation Name": "lineitem", "Alias": "lineitem", "Startup Cost": 3.1, "Total Cost": 2165082.91, "Plan Rows": 58767934, "Plan Width": 36, "Filter": "(l_shipdate <= '1998-08-15 00:00:00'::timestamp without time zone), (LLVM Optimized)"}]}]}, "Unique SQL Id": 177413717}, "explain_analyze_plan": {"Plan": {"Node Type": "Sort", "Startup Cost": 4515800.46, "Total Cost": 4515800.47, "Plan Rows": 6, "Plan Width": 36, "Actual Startup Time": 129733.213, "Actual Total Time": 129733.213, "Actual Rows": 4, "Actual Loops": 1, "Sort Key": ["l_returnflag", "l_linestatus"], "Sort Method": "quicksort", "Sort Space Used": 25, "Sort Space Type": "Memory", "Plans": [{"Node Type": "Aggregate", "Strategy": "Hashed", "Parent Relationship": "Outer", "Startup Cost": 4515800.27, "Total Cost": 4515800.38, "Plan Rows": 6, "Plan Width": 36, "Actual Startup Time": 129733.109, "Actual Total Time": 129733.113, "Actual Rows": 4, "Actual Loops": 1, "Group By Key": ["l_returnflag", "l_linestatus"], "Plans": [{"Node Type": "Seq Scan", "Parent Relationship": "Outer", "Relation Name": "lineitem", "Alias": "lineitem", "Startup Cost": 3.1, "Total Cost": 2165082.91, "Plan Rows": 58767934, "Plan Width": 36, "Actual Startup Time": 0.025, "Actual Total Time": 27867.532, "Actual Rows": 58773499, "Actual Loops": 1, "Filter": "(l_shipdate <= '1998-08-15 00:00:00'::timestamp without time zone), (LLVM Optimized, Jit Execute)", "Rows Removed by Filter": 1212553}]}]}, "Triggers": [], "Planner Runtime": 0.268, "Total Runtime": 129744.578, "Unique SQL Id": 177413717}}, "(1, 111)": {"explain_plan": {"Plan": {"Node Type": "Sort", "Startup Cost": 1000218859008.79, "Total Cost": 1000218859008.81, "Plan Rows": 6, "Plan Width": 36, "Sort Key": ["l_returnflag", "l_linestatus"], "Plans": [{"Node Type": "Aggregate", "Strategy": "Hashed", "Parent Relationship": "Outer", "Startup Cost": 1000218859008.61, "Total Cost": 1000218859008.72, "Plan Rows": 6, "Plan Width": 36, "Group By Key": ["l_returnflag", "l_linestatus"], "Plans": [{"Node Type": "Seq Scan", "Parent Relationship": "Outer", "Relation Name": "lineitem", "Alias": "lineitem", "Startup Cost": 10000000003.1, "Total Cost": 1000216508291.25, "Plan Rows": 58767934, "Plan Width": 36, "Filter": "(l_shipdate <= '1998-08-15 00:00:00'::timestamp without time zone), (LLVM Optimized)"}]}]}, "Unique SQL Id": 177413717}, "explain_analyze_plan": {"Plan": {"Node Type": "Sort", "Startup Cost": 1000218859008.79, "Total Cost": 1000218859008.81, "Plan Rows": 6, "Plan Width": 36, "Actual Startup Time": 132518.906, "Actual Total Time": 132518.907, "Actual Rows": 4, "Actual Loops": 1, "Sort Key": ["l_returnflag", "l_linestatus"], "Sort Method": "quicksort", "Sort Space Used": 25, "Sort Space Type": "Memory", "Plans": [{"Node Type": "Aggregate", "Strategy": "Hashed", "Parent Relationship": "Outer", "Startup Cost": 1000218859008.61, "Total Cost": 1000218859008.72, "Plan Rows": 6, "Plan Width": 36, "Actual Startup Time": 132518.825, "Actual Total Time": 132518.829, "Actual Rows": 4, "Actual Loops": 1, "Group By Key": ["l_returnflag", "l_linestatus"], "Plans": [{"Node Type": "Seq Scan", "Parent Relationship": "Outer", "Relation Name": "lineitem", "Alias": "lineitem", "Startup Cost": 10000000003.1, "Total Cost": 1000216508291.25, "Plan Rows": 58767934, "Plan Width": 36, "Actual Startup Time": 0.027, "Actual Total Time": 28059.666, "Actual Rows": 58773499, "Actual Loops": 1, "Filter": "(l_shipdate <= '1998-08-15 00:00:00'::timestamp without time zone), (LLVM Optimized, Jit Execute)", "Rows Removed by Filter": 1212553}]}]}, "Triggers": [], "Planner Runtime": 0.24, "Total Runtime": 132530.325, "Unique SQL Id": 177413717}}, "(1, 112)": {"explain_plan": {"Plan": {"Node Type": "Sort", "Startup Cost": 4515800.46, "Total Cost": 4515800.47, "Plan Rows": 6, "Plan Width": 36, "Sort Key": ["l_returnflag", "l_linestatus"], "Plans": [{"Node Type": "Aggregate", "Strategy": "Hashed", "Parent Relationship": "Outer", "Startup Cost": 4515800.27, "Total Cost": 4515800.38, "Plan Rows": 6, "Plan Width": 36, "Group By Key": ["l_returnflag", "l_linestatus"], "Plans": [{"Node Type": "Seq Scan", "Parent Relationship": "Outer", "Relation Name": "lineitem", "Alias": "lineitem", "Startup Cost": 3.1, "Total Cost": 2165082.91, "Plan Rows": 58767934, "Plan Width": 36, "Filter": "(l_shipdate <= '1998-08-15 00:00:00'::timestamp without time zone), (LLVM Optimized)"}]}]}, "Unique SQL Id": 177413717}, "explain_analyze_plan": {"Plan": {"Node Type": "Sort", "Startup Cost": 4515800.46, "Total Cost": 4515800.47, "Plan Rows": 6, "Plan Width": 36, "Actual Startup Time": 129733.213, "Actual Total Time": 129733.213, "Actual Rows": 4, "Actual Loops": 1, "Sort Key": ["l_returnflag", "l_linestatus"], "Sort Method": "quicksort", "Sort Space Used": 25, "Sort Space Type": "Memory", "Plans": [{"Node Type": "Aggregate", "Strategy": "Hashed", "Parent Relationship": "Outer", "Startup Cost": 4515800.27, "Total Cost": 4515800.38, "Plan Rows": 6, "Plan Width": 36, "Actual Startup Time": 129733.109, "Actual Total Time": 129733.113, "Actual Rows": 4, "Actual Loops": 1, "Group By Key": ["l_returnflag", "l_linestatus"], "Plans": [{"Node Type": "Seq Scan", "Parent Relationship": "Outer", "Relation Name": "lineitem", "Alias": "lineitem", "Startup Cost": 3.1, "Total Cost": 2165082.91, "Plan Rows": 58767934, "Plan Width": 36, "Actual Startup Time": 0.025, "Actual Total Time": 27867.532, "Actual Rows": 58773499, "Actual Loops": 1, "Filter": "(l_shipdate <= '1998-08-15 00:00:00'::timestamp without time zone), (LLVM Optimized, Jit Execute)", "Rows Removed by Filter": 1212553}]}]}, "Triggers": [], "Planner Runtime": 0.268, "Total Runtime": 129744.578, "Unique SQL Id": 177413717}}, "(1, 113)": {"explain_plan": {"Plan": {"Node Type": "Sort", "Startup Cost": 6389801.46, "Total Cost": 6389801.47, "Plan Rows": 6, "Plan Width": 36, "Sort Key": ["l_returnflag", "l_linestatus"], "Plans": [{"Node Type": "Aggregate", "Strategy": "Hashed", "Parent Relationship": "Outer", "Startup Cost": 6389801.27, "Total Cost": 6389801.38, "Plan Rows": 6, "Plan Width": 36, "Group By Key": ["l_returnflag", "l_linestatus"], "Plans": [{"Node Type": "Bitmap Heap Scan", "Parent Relationship": "Outer", "Relation Name": "lineitem", "Alias": "lineitem", "Startup Cost": 1889239.74, "Total Cost": 4039083.91, "Plan Rows": 58767934, "Plan Width": 36, "Recheck Cond": "(l_shipdate <= '1998-08-15 00:00:00'::timestamp without time zone), (LLVM Optimized)", "Plans": [{"Node Type": "Bitmap Index Scan", "Parent Relationship": "Outer", "Index Name": "idx_lineitem_shipdate", "Startup Cost": 0.0, "Total Cost": 1874547.75, "Plan Rows": 58767934, "Plan Width": 0, "Index Cond": "(l_shipdate <= '1998-08-15 00:00:00'::timestamp without time zone)"}]}]}]}, "Unique SQL Id": 177413717}, "explain_analyze_plan": {"Plan": {"Node Type": "Sort", "Startup Cost": 6389801.46, "Total Cost": 6389801.47, "Plan Rows": 6, "Plan Width": 36, "Actual Startup Time": 155801.771, "Actual Total Time": 155801.772, "Actual Rows": 4, "Actual Loops": 1, "Sort Key": ["l_returnflag", "l_linestatus"], "Sort Method": "quicksort", "Sort Space Used": 25, "Sort Space Type": "Memory", "Plans": [{"Node Type": "Aggregate", "Strategy": "Hashed", "Parent Relationship": "Outer", "Startup Cost": 6389801.27, "Total Cost": 6389801.38, "Plan Rows": 6, "Plan Width": 36, "Actual Startup Time": 155801.701, "Actual Total Time": 155801.704, "Actual Rows": 4, "Actual Loops": 1, "Group By Key": ["l_returnflag", "l_linestatus"], "Plans": [{"Node Type": "Bitmap Heap Scan", "Parent Relationship": "Outer", "Relation Name": "lineitem", "Alias": "lineitem", "Startup Cost": 1889239.74, "Total Cost": 4039083.91, "Plan Rows": 58767934, "Plan Width": 36, "Actual Startup Time": 26508.887, "Actual Total Time": 53329.645, "Actual Rows": 58773499, "Actual Loops": 1, "Recheck Cond": "(l_shipdate <= '1998-08-15 00:00:00'::timestamp without time zone), (LLVM Optimized, Jit Execute)", "Rows Removed by Index Recheck": 0, "Exact Heap Blocks": 1415245, "Lossy Heap Blocks": 1415245, "Plans": [{"Node Type": "Bitmap Index Scan", "Parent Relationship": "Outer", "Index Name": "idx_lineitem_shipdate", "Startup Cost": 0.0, "Total Cost": 1874547.75, "Plan Rows": 58767934, "Plan Width": 0, "Actual Startup Time": 25699.74, "Actual Total Time": 25699.74, "Actual Rows": 58773499, "Actual Loops": 1, "Index Cond": "(l_shipdate <= '1998-08-15 00:00:00'::timestamp without time zone)"}]}]}]}, "Triggers": [], "Planner Runtime": 0.253, "Total Runtime": 155814.524, "Unique SQL Id": 177413717}}, "(1, 114)": {"explain_plan": {"Plan": {"Node Type": "Sort", "Startup Cost": 4515800.46, "Total Cost": 4515800.47, "Plan Rows": 6, "Plan Width": 36, "Sort Key": ["l_returnflag", "l_linestatus"], "Plans": [{"Node Type": "Aggregate", "Strategy": "Hashed", "Parent Relationship": "Outer", "Startup Cost": 4515800.27, "Total Cost": 4515800.38, "Plan Rows": 6, "Plan Width": 36, "Group By Key": ["l_returnflag", "l_linestatus"], "Plans": [{"Node Type": "Seq Scan", "Parent Relationship": "Outer", "Relation Name": "lineitem", "Alias": "lineitem", "Startup Cost": 3.1, "Total Cost": 2165082.91, "Plan Rows": 58767934, "Plan Width": 36, "Filter": "(l_shipdate <= '1998-08-15 00:00:00'::timestamp without time zone), (LLVM Optimized)"}]}]}, "Unique SQL Id": 177413717}, "explain_analyze_plan": {"Plan": {"Node Type": "Sort", "Startup Cost": 4515800.46, "Total Cost": 4515800.47, "Plan Rows": 6, "Plan Width": 36, "Actual Startup Time": 129733.213, "Actual Total Time": 129733.213, "Actual Rows": 4, "Actual Loops": 1, "Sort Key": ["l_returnflag", "l_linestatus"], "Sort Method": "quicksort", "Sort Space Used": 25, "Sort Space Type": "Memory", "Plans": [{"Node Type": "Aggregate", "Strategy": "Hashed", "Parent Relationship": "Outer", "Startup Cost": 4515800.27, "Total Cost": 4515800.38, "Plan Rows": 6, "Plan Width": 36, "Actual Startup Time": 129733.109, "Actual Total Time": 129733.113, "Actual Rows": 4, "Actual Loops": 1, "Group By Key": ["l_returnflag", "l_linestatus"], "Plans": [{"Node Type": "Seq Scan", "Parent Relationship": "Outer", "Relation Name": "lineitem", "Alias": "lineitem", "Startup Cost": 3.1, "Total Cost": 2165082.91, "Plan Rows": 58767934, "Plan Width": 36, "Actual Startup Time": 0.025, "Actual Total Time": 27867.532, "Actual Rows": 58773499, "Actual Loops": 1, "Filter": "(l_shipdate <= '1998-08-15 00:00:00'::timestamp without time zone), (LLVM Optimized, Jit Execute)", "Rows Removed by Filter": 1212553}]}]}, "Triggers": [], "Planner Runtime": 0.268, "Total Runtime": 129744.578, "Unique SQL Id": 177413717}}, "(1, 115)": {"explain_plan": {"Plan": {"Node Type": "Sort", "Startup Cost": 6389801.46, "Total Cost": 6389801.47, "Plan Rows": 6, "Plan Width": 36, "Sort Key": ["l_returnflag", "l_linestatus"], "Plans": [{"Node Type": "Aggregate", "Strategy": "Hashed", "Parent Relationship": "Outer", "Startup Cost": 6389801.27, "Total Cost": 6389801.38, "Plan Rows": 6, "Plan Width": 36, "Group By Key": ["l_returnflag", "l_linestatus"], "Plans": [{"Node Type": "Bitmap Heap Scan", "Parent Relationship": "Outer", "Relation Name": "lineitem", "Alias": "lineitem", "Startup Cost": 1889239.74, "Total Cost": 4039083.91, "Plan Rows": 58767934, "Plan Width": 36, "Recheck Cond": "(l_shipdate <= '1998-08-15 00:00:00'::timestamp without time zone), (LLVM Optimized)", "Plans": [{"Node Type": "Bitmap Index Scan", "Parent Relationship": "Outer", "Index Name": "idx_lineitem_shipdate", "Startup Cost": 0.0, "Total Cost": 1874547.75, "Plan Rows": 58767934, "Plan Width": 0, "Index Cond": "(l_shipdate <= '1998-08-15 00:00:00'::timestamp without time zone)"}]}]}]}, "Unique SQL Id": 177413717}, "explain_analyze_plan": {"Plan": {"Node Type": "Sort", "Startup Cost": 6389801.46, "Total Cost": 6389801.47, "Plan Rows": 6, "Plan Width": 36, "Actual Startup Time": 155801.771, "Actual Total Time": 155801.772, "Actual Rows": 4, "Actual Loops": 1, "Sort Key": ["l_returnflag", "l_linestatus"], "Sort Method": "quicksort", "Sort Space Used": 25, "Sort Space Type": "Memory", "Plans": [{"Node Type": "Aggregate", "Strategy": "Hashed", "Parent Relationship": "Outer", "Startup Cost": 6389801.27, "Total Cost": 6389801.38, "Plan Rows": 6, "Plan Width": 36, "Actual Startup Time": 155801.701, "Actual Total Time": 155801.704, "Actual Rows": 4, "Actual Loops": 1, "Group By Key": ["l_returnflag", "l_linestatus"], "Plans": [{"Node Type": "Bitmap Heap Scan", "Parent Relationship": "Outer", "Relation Name": "lineitem", "Alias": "lineitem", "Startup Cost": 1889239.74, "Total Cost": 4039083.91, "Plan Rows": 58767934, "Plan Width": 36, "Actual Startup Time": 26508.887, "Actual Total Time": 53329.645, "Actual Rows": 58773499, "Actual Loops": 1, "Recheck Cond": "(l_shipdate <= '1998-08-15 00:00:00'::timestamp without time zone), (LLVM Optimized, Jit Execute)", "Rows Removed by Index Recheck": 0, "Exact Heap Blocks": 1415245, "Lossy Heap Blocks": 1415245, "Plans": [{"Node Type": "Bitmap Index Scan", "Parent Relationship": "Outer", "Index Name": "idx_lineitem_shipdate", "Startup Cost": 0.0, "Total Cost": 1874547.75, "Plan Rows": 58767934, "Plan Width": 0, "Actual Startup Time": 25699.74, "Actual Total Time": 25699.74, "Actual Rows": 58773499, "Actual Loops": 1, "Index Cond": "(l_shipdate <= '1998-08-15 00:00:00'::timestamp without time zone)"}]}]}]}, "Triggers": [], "Planner Runtime": 0.253, "Total Runtime": 155814.524, "Unique SQL Id": 177413717}}, "(1, 116)": {"explain_plan": {"Plan": {"Node Type": "Sort", "Startup Cost": 4515800.46, "Total Cost": 4515800.47, "Plan Rows": 6, "Plan Width": 36, "Sort Key": ["l_returnflag", "l_linestatus"], "Plans": [{"Node Type": "Aggregate", "Strategy": "Hashed", "Parent Relationship": "Outer", "Startup Cost": 4515800.27, "Total Cost": 4515800.38, "Plan Rows": 6, "Plan Width": 36, "Group By Key": ["l_returnflag", "l_linestatus"], "Plans": [{"Node Type": "Seq Scan", "Parent Relationship": "Outer", "Relation Name": "lineitem", "Alias": "lineitem", "Startup Cost": 3.1, "Total Cost": 2165082.91, "Plan Rows": 58767934, "Plan Width": 36, "Filter": "(l_shipdate <= '1998-08-15 00:00:00'::timestamp without time zone), (LLVM Optimized)"}]}]}, "Unique SQL Id": 177413717}, "explain_analyze_plan": {"Plan": {"Node Type": "Sort", "Startup Cost": 4515800.46, "Total Cost": 4515800.47, "Plan Rows": 6, "Plan Width": 36, "Actual Startup Time": 129733.213, "Actual Total Time": 129733.213, "Actual Rows": 4, "Actual Loops": 1, "Sort Key": ["l_returnflag", "l_linestatus"], "Sort Method": "quicksort", "Sort Space Used": 25, "Sort Space Type": "Memory", "Plans": [{"Node Type": "Aggregate", "Strategy": "Hashed", "Parent Relationship": "Outer", "Startup Cost": 4515800.27, "Total Cost": 4515800.38, "Plan Rows": 6, "Plan Width": 36, "Actual Startup Time": 129733.109, "Actual Total Time": 129733.113, "Actual Rows": 4, "Actual Loops": 1, "Group By Key": ["l_returnflag", "l_linestatus"], "Plans": [{"Node Type": "Seq Scan", "Parent Relationship": "Outer", "Relation Name": "lineitem", "Alias": "lineitem", "Startup Cost": 3.1, "Total Cost": 2165082.91, "Plan Rows": 58767934, "Plan Width": 36, "Actual Startup Time": 0.025, "Actual Total Time": 27867.532, "Actual Rows": 58773499, "Actual Loops": 1, "Filter": "(l_shipdate <= '1998-08-15 00:00:00'::timestamp without time zone), (LLVM Optimized, Jit Execute)", "Rows Removed by Filter": 1212553}]}]}, "Triggers": [], "Planner Runtime": 0.268, "Total Runtime": 129744.578, "Unique SQL Id": 177413717}}, "(1, 117)": {"explain_plan": {"Plan": {"Node Type": "Sort", "Startup Cost": 6389801.46, "Total Cost": 6389801.47, "Plan Rows": 6, "Plan Width": 36, "Sort Key": ["l_returnflag", "l_linestatus"], "Plans": [{"Node Type": "Aggregate", "Strategy": "Hashed", "Parent Relationship": "Outer", "Startup Cost": 6389801.27, "Total Cost": 6389801.38, "Plan Rows": 6, "Plan Width": 36, "Group By Key": ["l_returnflag", "l_linestatus"], "Plans": [{"Node Type": "Bitmap Heap Scan", "Parent Relationship": "Outer", "Relation Name": "lineitem", "Alias": "lineitem", "Startup Cost": 1889239.74, "Total Cost": 4039083.91, "Plan Rows": 58767934, "Plan Width": 36, "Recheck Cond": "(l_shipdate <= '1998-08-15 00:00:00'::timestamp without time zone), (LLVM Optimized)", "Plans": [{"Node Type": "Bitmap Index Scan", "Parent Relationship": "Outer", "Index Name": "idx_lineitem_shipdate", "Startup Cost": 0.0, "Total Cost": 1874547.75, "Plan Rows": 58767934, "Plan Width": 0, "Index Cond": "(l_shipdate <= '1998-08-15 00:00:00'::timestamp without time zone)"}]}]}]}, "Unique SQL Id": 177413717}, "explain_analyze_plan": {"Plan": {"Node Type": "Sort", "Startup Cost": 6389801.46, "Total Cost": 6389801.47, "Plan Rows": 6, "Plan Width": 36, "Actual Startup Time": 155801.771, "Actual Total Time": 155801.772, "Actual Rows": 4, "Actual Loops": 1, "Sort Key": ["l_returnflag", "l_linestatus"], "Sort Method": "quicksort", "Sort Space Used": 25, "Sort Space Type": "Memory", "Plans": [{"Node Type": "Aggregate", "Strategy": "Hashed", "Parent Relationship": "Outer", "Startup Cost": 6389801.27, "Total Cost": 6389801.38, "Plan Rows": 6, "Plan Width": 36, "Actual Startup Time": 155801.701, "Actual Total Time": 155801.704, "Actual Rows": 4, "Actual Loops": 1, "Group By Key": ["l_returnflag", "l_linestatus"], "Plans": [{"Node Type": "Bitmap Heap Scan", "Parent Relationship": "Outer", "Relation Name": "lineitem", "Alias": "lineitem", "Startup Cost": 1889239.74, "Total Cost": 4039083.91, "Plan Rows": 58767934, "Plan Width": 36, "Actual Startup Time": 26508.887, "Actual Total Time": 53329.645, "Actual Rows": 58773499, "Actual Loops": 1, "Recheck Cond": "(l_shipdate <= '1998-08-15 00:00:00'::timestamp without time zone), (LLVM Optimized, Jit Execute)", "Rows Removed by Index Recheck": 0, "Exact Heap Blocks": 1415245, "Lossy Heap Blocks": 1415245, "Plans": [{"Node Type": "Bitmap Index Scan", "Parent Relationship": "Outer", "Index Name": "idx_lineitem_shipdate", "Startup Cost": 0.0, "Total Cost": 1874547.75, "Plan Rows": 58767934, "Plan Width": 0, "Actual Startup Time": 25699.74, "Actual Total Time": 25699.74, "Actual Rows": 58773499, "Actual Loops": 1, "Index Cond": "(l_shipdate <= '1998-08-15 00:00:00'::timestamp without time zone)"}]}]}]}, "Triggers": [], "Planner Runtime": 0.253, "Total Runtime": 155814.524, "Unique SQL Id": 177413717}}, "(1, 118)": {"explain_plan": {"Plan": {"Node Type": "Sort", "Startup Cost": 4515800.46, "Total Cost": 4515800.47, "Plan Rows": 6, "Plan Width": 36, "Sort Key": ["l_returnflag", "l_linestatus"], "Plans": [{"Node Type": "Aggregate", "Strategy": "Hashed", "Parent Relationship": "Outer", "Startup Cost": 4515800.27, "Total Cost": 4515800.38, "Plan Rows": 6, "Plan Width": 36, "Group By Key": ["l_returnflag", "l_linestatus"], "Plans": [{"Node Type": "Seq Scan", "Parent Relationship": "Outer", "Relation Name": "lineitem", "Alias": "lineitem", "Startup Cost": 3.1, "Total Cost": 2165082.91, "Plan Rows": 58767934, "Plan Width": 36, "Filter": "(l_shipdate <= '1998-08-15 00:00:00'::timestamp without time zone), (LLVM Optimized)"}]}]}, "Unique SQL Id": 177413717}, "explain_analyze_plan": {"Plan": {"Node Type": "Sort", "Startup Cost": 4515800.46, "Total Cost": 4515800.47, "Plan Rows": 6, "Plan Width": 36, "Actual Startup Time": 129733.213, "Actual Total Time": 129733.213, "Actual Rows": 4, "Actual Loops": 1, "Sort Key": ["l_returnflag", "l_linestatus"], "Sort Method": "quicksort", "Sort Space Used": 25, "Sort Space Type": "Memory", "Plans": [{"Node Type": "Aggregate", "Strategy": "Hashed", "Parent Relationship": "Outer", "Startup Cost": 4515800.27, "Total Cost": 4515800.38, "Plan Rows": 6, "Plan Width": 36, "Actual Startup Time": 129733.109, "Actual Total Time": 129733.113, "Actual Rows": 4, "Actual Loops": 1, "Group By Key": ["l_returnflag", "l_linestatus"], "Plans": [{"Node Type": "Seq Scan", "Parent Relationship": "Outer", "Relation Name": "lineitem", "Alias": "lineitem", "Startup Cost": 3.1, "Total Cost": 2165082.91, "Plan Rows": 58767934, "Plan Width": 36, "Actual Startup Time": 0.025, "Actual Total Time": 27867.532, "Actual Rows": 58773499, "Actual Loops": 1, "Filter": "(l_shipdate <= '1998-08-15 00:00:00'::timestamp without time zone), (LLVM Optimized, Jit Execute)", "Rows Removed by Filter": 1212553}]}]}, "Triggers": [], "Planner Runtime": 0.268, "Total Runtime": 129744.578, "Unique SQL Id": 177413717}}, "(1, 119)": {"explain_plan": {"Plan": {"Node Type": "Sort", "Startup Cost": 6389801.46, "Total Cost": 6389801.47, "Plan Rows": 6, "Plan Width": 36, "Sort Key": ["l_returnflag", "l_linestatus"], "Plans": [{"Node Type": "Aggregate", "Strategy": "Hashed", "Parent Relationship": "Outer", "Startup Cost": 6389801.27, "Total Cost": 6389801.38, "Plan Rows": 6, "Plan Width": 36, "Group By Key": ["l_returnflag", "l_linestatus"], "Plans": [{"Node Type": "Bitmap Heap Scan", "Parent Relationship": "Outer", "Relation Name": "lineitem", "Alias": "lineitem", "Startup Cost": 1889239.74, "Total Cost": 4039083.91, "Plan Rows": 58767934, "Plan Width": 36, "Recheck Cond": "(l_shipdate <= '1998-08-15 00:00:00'::timestamp without time zone), (LLVM Optimized)", "Plans": [{"Node Type": "Bitmap Index Scan", "Parent Relationship": "Outer", "Index Name": "idx_lineitem_shipdate", "Startup Cost": 0.0, "Total Cost": 1874547.75, "Plan Rows": 58767934, "Plan Width": 0, "Index Cond": "(l_shipdate <= '1998-08-15 00:00:00'::timestamp without time zone)"}]}]}]}, "Unique SQL Id": 177413717}, "explain_analyze_plan": {"Plan": {"Node Type": "Sort", "Startup Cost": 6389801.46, "Total Cost": 6389801.47, "Plan Rows": 6, "Plan Width": 36, "Actual Startup Time": 155801.771, "Actual Total Time": 155801.772, "Actual Rows": 4, "Actual Loops": 1, "Sort Key": ["l_returnflag", "l_linestatus"], "Sort Method": "quicksort", "Sort Space Used": 25, "Sort Space Type": "Memory", "Plans": [{"Node Type": "Aggregate", "Strategy": "Hashed", "Parent Relationship": "Outer", "Startup Cost": 6389801.27, "Total Cost": 6389801.38, "Plan Rows": 6, "Plan Width": 36, "Actual Startup Time": 155801.701, "Actual Total Time": 155801.704, "Actual Rows": 4, "Actual Loops": 1, "Group By Key": ["l_returnflag", "l_linestatus"], "Plans": [{"Node Type": "Bitmap Heap Scan", "Parent Relationship": "Outer", "Relation Name": "lineitem", "Alias": "lineitem", "Startup Cost": 1889239.74, "Total Cost": 4039083.91, "Plan Rows": 58767934, "Plan Width": 36, "Actual Startup Time": 26508.887, "Actual Total Time": 53329.645, "Actual Rows": 58773499, "Actual Loops": 1, "Recheck Cond": "(l_shipdate <= '1998-08-15 00:00:00'::timestamp without time zone), (LLVM Optimized, Jit Execute)", "Rows Removed by Index Recheck": 0, "Exact Heap Blocks": 1415245, "Lossy Heap Blocks": 1415245, "Plans": [{"Node Type": "Bitmap Index Scan", "Parent Relationship": "Outer", "Index Name": "idx_lineitem_shipdate", "Startup Cost": 0.0, "Total Cost": 1874547.75, "Plan Rows": 58767934, "Plan Width": 0, "Actual Startup Time": 25699.74, "Actual Total Time": 25699.74, "Actual Rows": 58773499, "Actual Loops": 1, "Index Cond": "(l_shipdate <= '1998-08-15 00:00:00'::timestamp without time zone)"}]}]}]}, "Triggers": [], "Planner Runtime": 0.253, "Total Runtime": 155814.524, "Unique SQL Id": 177413717}}, "(1, 120)": {"explain_plan": {"Plan": {"Node Type": "Sort", "Startup Cost": 4515800.46, "Total Cost": 4515800.47, "Plan Rows": 6, "Plan Width": 36, "Sort Key": ["l_returnflag", "l_linestatus"], "Plans": [{"Node Type": "Aggregate", "Strategy": "Hashed", "Parent Relationship": "Outer", "Startup Cost": 4515800.27, "Total Cost": 4515800.38, "Plan Rows": 6, "Plan Width": 36, "Group By Key": ["l_returnflag", "l_linestatus"], "Plans": [{"Node Type": "Seq Scan", "Parent Relationship": "Outer", "Relation Name": "lineitem", "Alias": "lineitem", "Startup Cost": 3.1, "Total Cost": 2165082.91, "Plan Rows": 58767934, "Plan Width": 36, "Filter": "(l_shipdate <= '1998-08-15 00:00:00'::timestamp without time zone), (LLVM Optimized)"}]}]}, "Unique SQL Id": 177413717}, "explain_analyze_plan": {"Plan": {"Node Type": "Sort", "Startup Cost": 4515800.46, "Total Cost": 4515800.47, "Plan Rows": 6, "Plan Width": 36, "Actual Startup Time": 129733.213, "Actual Total Time": 129733.213, "Actual Rows": 4, "Actual Loops": 1, "Sort Key": ["l_returnflag", "l_linestatus"], "Sort Method": "quicksort", "Sort Space Used": 25, "Sort Space Type": "Memory", "Plans": [{"Node Type": "Aggregate", "Strategy": "Hashed", "Parent Relationship": "Outer", "Startup Cost": 4515800.27, "Total Cost": 4515800.38, "Plan Rows": 6, "Plan Width": 36, "Actual Startup Time": 129733.109, "Actual Total Time": 129733.113, "Actual Rows": 4, "Actual Loops": 1, "Group By Key": ["l_returnflag", "l_linestatus"], "Plans": [{"Node Type": "Seq Scan", "Parent Relationship": "Outer", "Relation Name": "lineitem", "Alias": "lineitem", "Startup Cost": 3.1, "Total Cost": 2165082.91, "Plan Rows": 58767934, "Plan Width": 36, "Actual Startup Time": 0.025, "Actual Total Time": 27867.532, "Actual Rows": 58773499, "Actual Loops": 1, "Filter": "(l_shipdate <= '1998-08-15 00:00:00'::timestamp without time zone), (LLVM Optimized, Jit Execute)", "Rows Removed by Filter": 1212553}]}]}, "Triggers": [], "Planner Runtime": 0.268, "Total Runtime": 129744.578, "Unique SQL Id": 177413717}}, "(1, 121)": {"explain_plan": {"Plan": {"Node Type": "Sort", "Startup Cost": 10473924.63, "Total Cost": 10473924.64, "Plan Rows": 6, "Plan Width": 36, "Sort Key": ["l_returnflag", "l_linestatus"], "Plans": [{"Node Type": "Aggregate", "Strategy": "Hashed", "Parent Relationship": "Outer", "Startup Cost": 10473924.44, "Total Cost": 10473924.55, "Plan Rows": 6, "Plan Width": 36, "Group By Key": ["l_returnflag", "l_linestatus"], "Plans": [{"Node Type": "Index Scan", "Parent Relationship": "Outer", "Scan Direction": "Forward", "Index Name": "idx_lineitem_shipdate", "Relation Name": "lineitem", "Alias": "lineitem", "Startup Cost": 0.0, "Total Cost": 8123207.08, "Plan Rows": 58767934, "Plan Width": 36, "Index Cond": "(l_shipdate <= '1998-08-15 00:00:00'::timestamp without time zone), (LLVM Optimized)"}]}]}, "Unique SQL Id": 177413717}, "explain_analyze_plan": {"Plan": {"Node Type": "Sort", "Startup Cost": 10473924.63, "Total Cost": 10473924.64, "Plan Rows": 6, "Plan Width": 36, "Actual Startup Time": 281124.27, "Actual Total Time": 281124.271, "Actual Rows": 4, "Actual Loops": 1, "Sort Key": ["l_returnflag", "l_linestatus"], "Sort Method": "quicksort", "Sort Space Used": 25, "Sort Space Type": "Memory", "Plans": [{"Node Type": "Aggregate", "Strategy": "Hashed", "Parent Relationship": "Outer", "Startup Cost": 10473924.44, "Total Cost": 10473924.55, "Plan Rows": 6, "Plan Width": 36, "Actual Startup Time": 281124.166, "Actual Total Time": 281124.17, "Actual Rows": 4, "Actual Loops": 1, "Group By Key": ["l_returnflag", "l_linestatus"], "Plans": [{"Node Type": "Index Scan", "Parent Relationship": "Outer", "Scan Direction": "Forward", "Index Name": "idx_lineitem_shipdate", "Relation Name": "lineitem", "Alias": "lineitem", "Startup Cost": 0.0, "Total Cost": 8123207.08, "Plan Rows": 58767934, "Plan Width": 36, "Actual Startup Time": 0.053, "Actual Total Time": 166240.785, "Actual Rows": 58773499, "Actual Loops": 1, "Index Cond": "(l_shipdate <= '1998-08-15 00:00:00'::timestamp without time zone), (LLVM Optimized, Jit Execute)", "Rows Removed by Index Recheck": 0}]}]}, "Triggers": [], "Planner Runtime": 0.249, "Total Runtime": 281135.703, "Unique SQL Id": 177413717}}, "(1, 122)": {"explain_plan": {"Plan": {"Node Type": "Sort", "Startup Cost": 4515800.46, "Total Cost": 4515800.47, "Plan Rows": 6, "Plan Width": 36, "Sort Key": ["l_returnflag", "l_linestatus"], "Plans": [{"Node Type": "Aggregate", "Strategy": "Hashed", "Parent Relationship": "Outer", "Startup Cost": 4515800.27, "Total Cost": 4515800.38, "Plan Rows": 6, "Plan Width": 36, "Group By Key": ["l_returnflag", "l_linestatus"], "Plans": [{"Node Type": "Seq Scan", "Parent Relationship": "Outer", "Relation Name": "lineitem", "Alias": "lineitem", "Startup Cost": 3.1, "Total Cost": 2165082.91, "Plan Rows": 58767934, "Plan Width": 36, "Filter": "(l_shipdate <= '1998-08-15 00:00:00'::timestamp without time zone), (LLVM Optimized)"}]}]}, "Unique SQL Id": 177413717}, "explain_analyze_plan": {"Plan": {"Node Type": "Sort", "Startup Cost": 4515800.46, "Total Cost": 4515800.47, "Plan Rows": 6, "Plan Width": 36, "Actual Startup Time": 129733.213, "Actual Total Time": 129733.213, "Actual Rows": 4, "Actual Loops": 1, "Sort Key": ["l_returnflag", "l_linestatus"], "Sort Method": "quicksort", "Sort Space Used": 25, "Sort Space Type": "Memory", "Plans": [{"Node Type": "Aggregate", "Strategy": "Hashed", "Parent Relationship": "Outer", "Startup Cost": 4515800.27, "Total Cost": 4515800.38, "Plan Rows": 6, "Plan Width": 36, "Actual Startup Time": 129733.109, "Actual Total Time": 129733.113, "Actual Rows": 4, "Actual Loops": 1, "Group By Key": ["l_returnflag", "l_linestatus"], "Plans": [{"Node Type": "Seq Scan", "Parent Relationship": "Outer", "Relation Name": "lineitem", "Alias": "lineitem", "Startup Cost": 3.1, "Total Cost": 2165082.91, "Plan Rows": 58767934, "Plan Width": 36, "Actual Startup Time": 0.025, "Actual Total Time": 27867.532, "Actual Rows": 58773499, "Actual Loops": 1, "Filter": "(l_shipdate <= '1998-08-15 00:00:00'::timestamp without time zone), (LLVM Optimized, Jit Execute)", "Rows Removed by Filter": 1212553}]}]}, "Triggers": [], "Planner Runtime": 0.268, "Total Runtime": 129744.578, "Unique SQL Id": 177413717}}, "(1, 123)": {"explain_plan": {"Plan": {"Node Type": "Sort", "Startup Cost": 1000218859008.79, "Total Cost": 1000218859008.81, "Plan Rows": 6, "Plan Width": 36, "Sort Key": ["l_returnflag", "l_linestatus"], "Plans": [{"Node Type": "Aggregate", "Strategy": "Hashed", "Parent Relationship": "Outer", "Startup Cost": 1000218859008.61, "Total Cost": 1000218859008.72, "Plan Rows": 6, "Plan Width": 36, "Group By Key": ["l_returnflag", "l_linestatus"], "Plans": [{"Node Type": "Seq Scan", "Parent Relationship": "Outer", "Relation Name": "lineitem", "Alias": "lineitem", "Startup Cost": 10000000003.1, "Total Cost": 1000216508291.25, "Plan Rows": 58767934, "Plan Width": 36, "Filter": "(l_shipdate <= '1998-08-15 00:00:00'::timestamp without time zone), (LLVM Optimized)"}]}]}, "Unique SQL Id": 177413717}, "explain_analyze_plan": {"Plan": {"Node Type": "Sort", "Startup Cost": 1000218859008.79, "Total Cost": 1000218859008.81, "Plan Rows": 6, "Plan Width": 36, "Actual Startup Time": 132518.906, "Actual Total Time": 132518.907, "Actual Rows": 4, "Actual Loops": 1, "Sort Key": ["l_returnflag", "l_linestatus"], "Sort Method": "quicksort", "Sort Space Used": 25, "Sort Space Type": "Memory", "Plans": [{"Node Type": "Aggregate", "Strategy": "Hashed", "Parent Relationship": "Outer", "Startup Cost": 1000218859008.61, "Total Cost": 1000218859008.72, "Plan Rows": 6, "Plan Width": 36, "Actual Startup Time": 132518.825, "Actual Total Time": 132518.829, "Actual Rows": 4, "Actual Loops": 1, "Group By Key": ["l_returnflag", "l_linestatus"], "Plans": [{"Node Type": "Seq Scan", "Parent Relationship": "Outer", "Relation Name": "lineitem", "Alias": "lineitem", "Startup Cost": 10000000003.1, "Total Cost": 1000216508291.25, "Plan Rows": 58767934, "Plan Width": 36, "Actual Startup Time": 0.027, "Actual Total Time": 28059.666, "Actual Rows": 58773499, "Actual Loops": 1, "Filter": "(l_shipdate <= '1998-08-15 00:00:00'::timestamp without time zone), (LLVM Optimized, Jit Execute)", "Rows Removed by Filter": 1212553}]}]}, "Triggers": [], "Planner Runtime": 0.24, "Total Runtime": 132530.325, "Unique SQL Id": 177413717}}, "(1, 124)": {"explain_plan": {"Plan": {"Node Type": "Sort", "Startup Cost": 4515800.46, "Total Cost": 4515800.47, "Plan Rows": 6, "Plan Width": 36, "Sort Key": ["l_returnflag", "l_linestatus"], "Plans": [{"Node Type": "Aggregate", "Strategy": "Hashed", "Parent Relationship": "Outer", "Startup Cost": 4515800.27, "Total Cost": 4515800.38, "Plan Rows": 6, "Plan Width": 36, "Group By Key": ["l_returnflag", "l_linestatus"], "Plans": [{"Node Type": "Seq Scan", "Parent Relationship": "Outer", "Relation Name": "lineitem", "Alias": "lineitem", "Startup Cost": 3.1, "Total Cost": 2165082.91, "Plan Rows": 58767934, "Plan Width": 36, "Filter": "(l_shipdate <= '1998-08-15 00:00:00'::timestamp without time zone), (LLVM Optimized)"}]}]}, "Unique SQL Id": 177413717}, "explain_analyze_plan": {"Plan": {"Node Type": "Sort", "Startup Cost": 4515800.46, "Total Cost": 4515800.47, "Plan Rows": 6, "Plan Width": 36, "Actual Startup Time": 129733.213, "Actual Total Time": 129733.213, "Actual Rows": 4, "Actual Loops": 1, "Sort Key": ["l_returnflag", "l_linestatus"], "Sort Method": "quicksort", "Sort Space Used": 25, "Sort Space Type": "Memory", "Plans": [{"Node Type": "Aggregate", "Strategy": "Hashed", "Parent Relationship": "Outer", "Startup Cost": 4515800.27, "Total Cost": 4515800.38, "Plan Rows": 6, "Plan Width": 36, "Actual Startup Time": 129733.109, "Actual Total Time": 129733.113, "Actual Rows": 4, "Actual Loops": 1, "Group By Key": ["l_returnflag", "l_linestatus"], "Plans": [{"Node Type": "Seq Scan", "Parent Relationship": "Outer", "Relation Name": "lineitem", "Alias": "lineitem", "Startup Cost": 3.1, "Total Cost": 2165082.91, "Plan Rows": 58767934, "Plan Width": 36, "Actual Startup Time": 0.025, "Actual Total Time": 27867.532, "Actual Rows": 58773499, "Actual Loops": 1, "Filter": "(l_shipdate <= '1998-08-15 00:00:00'::timestamp without time zone), (LLVM Optimized, Jit Execute)", "Rows Removed by Filter": 1212553}]}]}, "Triggers": [], "Planner Runtime": 0.268, "Total Runtime": 129744.578, "Unique SQL Id": 177413717}}, "(1, 125)": {"explain_plan": {"Plan": {"Node Type": "Sort", "Startup Cost": 10473924.63, "Total Cost": 10473924.64, "Plan Rows": 6, "Plan Width": 36, "Sort Key": ["l_returnflag", "l_linestatus"], "Plans": [{"Node Type": "Aggregate", "Strategy": "Hashed", "Parent Relationship": "Outer", "Startup Cost": 10473924.44, "Total Cost": 10473924.55, "Plan Rows": 6, "Plan Width": 36, "Group By Key": ["l_returnflag", "l_linestatus"], "Plans": [{"Node Type": "Index Scan", "Parent Relationship": "Outer", "Scan Direction": "Forward", "Index Name": "idx_lineitem_shipdate", "Relation Name": "lineitem", "Alias": "lineitem", "Startup Cost": 0.0, "Total Cost": 8123207.08, "Plan Rows": 58767934, "Plan Width": 36, "Index Cond": "(l_shipdate <= '1998-08-15 00:00:00'::timestamp without time zone), (LLVM Optimized)"}]}]}, "Unique SQL Id": 177413717}, "explain_analyze_plan": {"Plan": {"Node Type": "Sort", "Startup Cost": 10473924.63, "Total Cost": 10473924.64, "Plan Rows": 6, "Plan Width": 36, "Actual Startup Time": 281124.27, "Actual Total Time": 281124.271, "Actual Rows": 4, "Actual Loops": 1, "Sort Key": ["l_returnflag", "l_linestatus"], "Sort Method": "quicksort", "Sort Space Used": 25, "Sort Space Type": "Memory", "Plans": [{"Node Type": "Aggregate", "Strategy": "Hashed", "Parent Relationship": "Outer", "Startup Cost": 10473924.44, "Total Cost": 10473924.55, "Plan Rows": 6, "Plan Width": 36, "Actual Startup Time": 281124.166, "Actual Total Time": 281124.17, "Actual Rows": 4, "Actual Loops": 1, "Group By Key": ["l_returnflag", "l_linestatus"], "Plans": [{"Node Type": "Index Scan", "Parent Relationship": "Outer", "Scan Direction": "Forward", "Index Name": "idx_lineitem_shipdate", "Relation Name": "lineitem", "Alias": "lineitem", "Startup Cost": 0.0, "Total Cost": 8123207.08, "Plan Rows": 58767934, "Plan Width": 36, "Actual Startup Time": 0.053, "Actual Total Time": 166240.785, "Actual Rows": 58773499, "Actual Loops": 1, "Index Cond": "(l_shipdate <= '1998-08-15 00:00:00'::timestamp without time zone), (LLVM Optimized, Jit Execute)", "Rows Removed by Index Recheck": 0}]}]}, "Triggers": [], "Planner Runtime": 0.249, "Total Runtime": 281135.703, "Unique SQL Id": 177413717}}, "(1, 126)": {"explain_plan": {"Plan": {"Node Type": "Sort", "Startup Cost": 4515800.46, "Total Cost": 4515800.47, "Plan Rows": 6, "Plan Width": 36, "Sort Key": ["l_returnflag", "l_linestatus"], "Plans": [{"Node Type": "Aggregate", "Strategy": "Hashed", "Parent Relationship": "Outer", "Startup Cost": 4515800.27, "Total Cost": 4515800.38, "Plan Rows": 6, "Plan Width": 36, "Group By Key": ["l_returnflag", "l_linestatus"], "Plans": [{"Node Type": "Seq Scan", "Parent Relationship": "Outer", "Relation Name": "lineitem", "Alias": "lineitem", "Startup Cost": 3.1, "Total Cost": 2165082.91, "Plan Rows": 58767934, "Plan Width": 36, "Filter": "(l_shipdate <= '1998-08-15 00:00:00'::timestamp without time zone), (LLVM Optimized)"}]}]}, "Unique SQL Id": 177413717}, "explain_analyze_plan": {"Plan": {"Node Type": "Sort", "Startup Cost": 4515800.46, "Total Cost": 4515800.47, "Plan Rows": 6, "Plan Width": 36, "Actual Startup Time": 129733.213, "Actual Total Time": 129733.213, "Actual Rows": 4, "Actual Loops": 1, "Sort Key": ["l_returnflag", "l_linestatus"], "Sort Method": "quicksort", "Sort Space Used": 25, "Sort Space Type": "Memory", "Plans": [{"Node Type": "Aggregate", "Strategy": "Hashed", "Parent Relationship": "Outer", "Startup Cost": 4515800.27, "Total Cost": 4515800.38, "Plan Rows": 6, "Plan Width": 36, "Actual Startup Time": 129733.109, "Actual Total Time": 129733.113, "Actual Rows": 4, "Actual Loops": 1, "Group By Key": ["l_returnflag", "l_linestatus"], "Plans": [{"Node Type": "Seq Scan", "Parent Relationship": "Outer", "Relation Name": "lineitem", "Alias": "lineitem", "Startup Cost": 3.1, "Total Cost": 2165082.91, "Plan Rows": 58767934, "Plan Width": 36, "Actual Startup Time": 0.025, "Actual Total Time": 27867.532, "Actual Rows": 58773499, "Actual Loops": 1, "Filter": "(l_shipdate <= '1998-08-15 00:00:00'::timestamp without time zone), (LLVM Optimized, Jit Execute)", "Rows Removed by Filter": 1212553}]}]}, "Triggers": [], "Planner Runtime": 0.268, "Total Runtime": 129744.578, "Unique SQL Id": 177413717}}, "(1, 127)": {"explain_plan": {"Plan": {"Node Type": "Sort", "Startup Cost": 1000218859008.79, "Total Cost": 1000218859008.81, "Plan Rows": 6, "Plan Width": 36, "Sort Key": ["l_returnflag", "l_linestatus"], "Plans": [{"Node Type": "Aggregate", "Strategy": "Hashed", "Parent Relationship": "Outer", "Startup Cost": 1000218859008.61, "Total Cost": 1000218859008.72, "Plan Rows": 6, "Plan Width": 36, "Group By Key": ["l_returnflag", "l_linestatus"], "Plans": [{"Node Type": "Seq Scan", "Parent Relationship": "Outer", "Relation Name": "lineitem", "Alias": "lineitem", "Startup Cost": 10000000003.1, "Total Cost": 1000216508291.25, "Plan Rows": 58767934, "Plan Width": 36, "Filter": "(l_shipdate <= '1998-08-15 00:00:00'::timestamp without time zone), (LLVM Optimized)"}]}]}, "Unique SQL Id": 177413717}, "explain_analyze_plan": {"Plan": {"Node Type": "Sort", "Startup Cost": 1000218859008.79, "Total Cost": 1000218859008.81, "Plan Rows": 6, "Plan Width": 36, "Actual Startup Time": 132518.906, "Actual Total Time": 132518.907, "Actual Rows": 4, "Actual Loops": 1, "Sort Key": ["l_returnflag", "l_linestatus"], "Sort Method": "quicksort", "Sort Space Used": 25, "Sort Space Type": "Memory", "Plans": [{"Node Type": "Aggregate", "Strategy": "Hashed", "Parent Relationship": "Outer", "Startup Cost": 1000218859008.61, "Total Cost": 1000218859008.72, "Plan Rows": 6, "Plan Width": 36, "Actual Startup Time": 132518.825, "Actual Total Time": 132518.829, "Actual Rows": 4, "Actual Loops": 1, "Group By Key": ["l_returnflag", "l_linestatus"], "Plans": [{"Node Type": "Seq Scan", "Parent Relationship": "Outer", "Relation Name": "lineitem", "Alias": "lineitem", "Startup Cost": 10000000003.1, "Total Cost": 1000216508291.25, "Plan Rows": 58767934, "Plan Width": 36, "Actual Startup Time": 0.027, "Actual Total Time": 28059.666, "Actual Rows": 58773499, "Actual Loops": 1, "Filter": "(l_shipdate <= '1998-08-15 00:00:00'::timestamp without time zone), (LLVM Optimized, Jit Execute)", "Rows Removed by Filter": 1212553}]}]}, "Triggers": [], "Planner Runtime": 0.24, "Total Runtime": 132530.325, "Unique SQL Id": 177413717}}, "(16, 0)": {"explain_plan": {"Plan": {"Node Type": "Sort", "Startup Cost": 4515800.46, "Total Cost": 4515800.47, "Plan Rows": 6, "Plan Width": 172, "Sort Key": ["l_returnflag", "l_linestatus"], "Plans": [{"Node Type": "Aggregate", "Strategy": "Hashed", "Parent Relationship": "Outer", "Startup Cost": 4515800.27, "Total Cost": 4515800.38, "Plan Rows": 6, "Plan Width": 172, "Group By Key": ["l_returnflag", "l_linestatus"], "Plans": [{"Node Type": "Seq Scan", "Parent Relationship": "Outer", "Relation Name": "lineitem", "Alias": "lineitem", "Startup Cost": 3.15, "Total Cost": 2165082.91, "Plan Rows": 58767934, "Plan Width": 36, "Filter": "(l_shipdate <= '1998-08-15 00:00:00'::timestamp without time zone), (LLVM Optimized)"}]}]}, "Unique SQL Id": 177413717}, "explain_analyze_plan": {"Plan": {"Node Type": "Sort", "Startup Cost": 4515800.46, "Total Cost": 4515800.47, "Plan Rows": 6, "Plan Width": 172, "Actual Startup Time": 130792.323, "Actual Total Time": 130792.324, "Actual Rows": 4, "Actual Loops": 1, "Sort Key": ["l_returnflag", "l_linestatus"], "Sort Method": "quicksort", "Sort Space Used": 25, "Sort Space Type": "Memory", "Plans": [{"Node Type": "Aggregate", "Strategy": "Hashed", "Parent Relationship": "Outer", "Startup Cost": 4515800.27, "Total Cost": 4515800.38, "Plan Rows": 6, "Plan Width": 172, "Actual Startup Time": 130792.121, "Actual Total Time": 130792.134, "Actual Rows": 4, "Actual Loops": 1, "Group By Key": ["l_returnflag", "l_linestatus"], "Plans": [{"Node Type": "Seq Scan", "Parent Relationship": "Outer", "Relation Name": "lineitem", "Alias": "lineitem", "Startup Cost": 3.15, "Total Cost": 2165082.91, "Plan Rows": 58767934, "Plan Width": 36, "Actual Startup Time": 0.022, "Actual Total Time": 28136.189, "Actual Rows": 58773499, "Actual Loops": 1, "Filter": "(l_shipdate <= '1998-08-15 00:00:00'::timestamp without time zone), (LLVM Optimized, Jit Execute)", "Rows Removed by Filter": 1212553}]}]}, "Triggers": [], "Planner Runtime": 0.344, "Total Runtime": 130803.991, "Unique SQL Id": 177413717}}, "(16, 1)": {"explain_plan": {"Plan": {"Node Type": "Sort", "Startup Cost": 6389801.46, "Total Cost": 6389801.47, "Plan Rows": 6, "Plan Width": 172, "Sort Key": ["l_returnflag", "l_linestatus"], "Plans": [{"Node Type": "Aggregate", "Strategy": "Hashed", "Parent Relationship": "Outer", "Startup Cost": 6389801.27, "Total Cost": 6389801.38, "Plan Rows": 6, "Plan Width": 172, "Group By Key": ["l_returnflag", "l_linestatus"], "Plans": [{"Node Type": "Bitmap Heap Scan", "Parent Relationship": "Outer", "Relation Name": "lineitem", "Alias": "lineitem", "Startup Cost": 1889239.74, "Total Cost": 4039083.91, "Plan Rows": 58767934, "Plan Width": 36, "Recheck Cond": "(l_shipdate <= '1998-08-15 00:00:00'::timestamp without time zone), (LLVM Optimized)", "Plans": [{"Node Type": "Bitmap Index Scan", "Parent Relationship": "Outer", "Index Name": "idx_lineitem_shipdate", "Startup Cost": 0.0, "Total Cost": 1874547.75, "Plan Rows": 58767934, "Plan Width": 0, "Index Cond": "(l_shipdate <= '1998-08-15 00:00:00'::timestamp without time zone)"}]}]}]}, "Unique SQL Id": 177413717}, "explain_analyze_plan": {"Plan": {"Node Type": "Sort", "Startup Cost": 6389801.46, "Total Cost": 6389801.47, "Plan Rows": 6, "Plan Width": 172, "Actual Startup Time": 153005.354, "Actual Total Time": 153005.354, "Actual Rows": 4, "Actual Loops": 1, "Sort Key": ["l_returnflag", "l_linestatus"], "Sort Method": "quicksort", "Sort Space Used": 25, "Sort Space Type": "Memory", "Plans": [{"Node Type": "Aggregate", "Strategy": "Hashed", "Parent Relationship": "Outer", "Startup Cost": 6389801.27, "Total Cost": 6389801.38, "Plan Rows": 6, "Plan Width": 172, "Actual Startup Time": 153005.293, "Actual Total Time": 153005.295, "Actual Rows": 4, "Actual Loops": 1, "Group By Key": ["l_returnflag", "l_linestatus"], "Plans": [{"Node Type": "Bitmap Heap Scan", "Parent Relationship": "Outer", "Relation Name": "lineitem", "Alias": "lineitem", "Startup Cost": 1889239.74, "Total Cost": 4039083.91, "Plan Rows": 58767934, "Plan Width": 36, "Actual Startup Time": 20873.158, "Actual Total Time": 51413.022, "Actual Rows": 58773499, "Actual Loops": 1, "Recheck Cond": "(l_shipdate <= '1998-08-15 00:00:00'::timestamp without time zone), (LLVM Optimized, Jit Execute)", "Rows Removed by Index Recheck": 0, "Exact Heap Blocks": 1415245, "Lossy Heap Blocks": 1415245, "Plans": [{"Node Type": "Bitmap Index Scan", "Parent Relationship": "Outer", "Index Name": "idx_lineitem_shipdate", "Startup Cost": 0.0, "Total Cost": 1874547.75, "Plan Rows": 58767934, "Plan Width": 0, "Actual Startup Time": 20269.977, "Actual Total Time": 20269.977, "Actual Rows": 58773499, "Actual Loops": 1, "Index Cond": "(l_shipdate <= '1998-08-15 00:00:00'::timestamp without time zone)"}]}]}]}, "Triggers": [], "Planner Runtime": 0.361, "Total Runtime": 153018.35, "Unique SQL Id": 177413717}}, "(16, 2)": {"explain_plan": {"Plan": {"Node Type": "Sort", "Startup Cost": 4515800.46, "Total Cost": 4515800.47, "Plan Rows": 6, "Plan Width": 172, "Sort Key": ["l_returnflag", "l_linestatus"], "Plans": [{"Node Type": "Aggregate", "Strategy": "Hashed", "Parent Relationship": "Outer", "Startup Cost": 4515800.27, "Total Cost": 4515800.38, "Plan Rows": 6, "Plan Width": 172, "Group By Key": ["l_returnflag", "l_linestatus"], "Plans": [{"Node Type": "Seq Scan", "Parent Relationship": "Outer", "Relation Name": "lineitem", "Alias": "lineitem", "Startup Cost": 3.14, "Total Cost": 2165082.91, "Plan Rows": 58767934, "Plan Width": 36, "Filter": "(l_shipdate <= '1998-08-15 00:00:00'::timestamp without time zone), (LLVM Optimized)"}]}]}, "Unique SQL Id": 177413717}, "explain_analyze_plan": {"Plan": {"Node Type": "Sort", "Startup Cost": 4515800.46, "Total Cost": 4515800.47, "Plan Rows": 6, "Plan Width": 172, "Actual Startup Time": 132406.786, "Actual Total Time": 132406.787, "Actual Rows": 4, "Actual Loops": 1, "Sort Key": ["l_returnflag", "l_linestatus"], "Sort Method": "quicksort", "Sort Space Used": 25, "Sort Space Type": "Memory", "Plans": [{"Node Type": "Aggregate", "Strategy": "Hashed", "Parent Relationship": "Outer", "Startup Cost": 4515800.27, "Total Cost": 4515800.38, "Plan Rows": 6, "Plan Width": 172, "Actual Startup Time": 132406.639, "Actual Total Time": 132406.658, "Actual Rows": 4, "Actual Loops": 1, "Group By Key": ["l_returnflag", "l_linestatus"], "Plans": [{"Node Type": "Seq Scan", "Parent Relationship": "Outer", "Relation Name": "lineitem", "Alias": "lineitem", "Startup Cost": 3.14, "Total Cost": 2165082.91, "Plan Rows": 58767934, "Plan Width": 36, "Actual Startup Time": 0.024, "Actual Total Time": 27858.823, "Actual Rows": 58773499, "Actual Loops": 1, "Filter": "(l_shipdate <= '1998-08-15 00:00:00'::timestamp without time zone), (LLVM Optimized, Jit Execute)", "Rows Removed by Filter": 1212553}]}]}, "Triggers": [], "Planner Runtime": 0.344, "Total Runtime": 132418.361, "Unique SQL Id": 177413717}}, "(16, 3)": {"explain_plan": {"Plan": {"Node Type": "Sort", "Startup Cost": 6389801.46, "Total Cost": 6389801.47, "Plan Rows": 6, "Plan Width": 172, "Sort Key": ["l_returnflag", "l_linestatus"], "Plans": [{"Node Type": "Aggregate", "Strategy": "Hashed", "Parent Relationship": "Outer", "Startup Cost": 6389801.27, "Total Cost": 6389801.38, "Plan Rows": 6, "Plan Width": 172, "Group By Key": ["l_returnflag", "l_linestatus"], "Plans": [{"Node Type": "Bitmap Heap Scan", "Parent Relationship": "Outer", "Relation Name": "lineitem", "Alias": "lineitem", "Startup Cost": 1889239.74, "Total Cost": 4039083.91, "Plan Rows": 58767934, "Plan Width": 36, "Recheck Cond": "(l_shipdate <= '1998-08-15 00:00:00'::timestamp without time zone), (LLVM Optimized)", "Plans": [{"Node Type": "Bitmap Index Scan", "Parent Relationship": "Outer", "Index Name": "idx_lineitem_shipdate", "Startup Cost": 0.0, "Total Cost": 1874547.75, "Plan Rows": 58767934, "Plan Width": 0, "Index Cond": "(l_shipdate <= '1998-08-15 00:00:00'::timestamp without time zone)"}]}]}]}, "Unique SQL Id": 177413717}, "explain_analyze_plan": {"Plan": {"Node Type": "Sort", "Startup Cost": 6389801.46, "Total Cost": 6389801.47, "Plan Rows": 6, "Plan Width": 172, "Actual Startup Time": 153005.354, "Actual Total Time": 153005.354, "Actual Rows": 4, "Actual Loops": 1, "Sort Key": ["l_returnflag", "l_linestatus"], "Sort Method": "quicksort", "Sort Space Used": 25, "Sort Space Type": "Memory", "Plans": [{"Node Type": "Aggregate", "Strategy": "Hashed", "Parent Relationship": "Outer", "Startup Cost": 6389801.27, "Total Cost": 6389801.38, "Plan Rows": 6, "Plan Width": 172, "Actual Startup Time": 153005.293, "Actual Total Time": 153005.295, "Actual Rows": 4, "Actual Loops": 1, "Group By Key": ["l_returnflag", "l_linestatus"], "Plans": [{"Node Type": "Bitmap Heap Scan", "Parent Relationship": "Outer", "Relation Name": "lineitem", "Alias": "lineitem", "Startup Cost": 1889239.74, "Total Cost": 4039083.91, "Plan Rows": 58767934, "Plan Width": 36, "Actual Startup Time": 20873.158, "Actual Total Time": 51413.022, "Actual Rows": 58773499, "Actual Loops": 1, "Recheck Cond": "(l_shipdate <= '1998-08-15 00:00:00'::timestamp without time zone), (LLVM Optimized, Jit Execute)", "Rows Removed by Index Recheck": 0, "Exact Heap Blocks": 1415245, "Lossy Heap Blocks": 1415245, "Plans": [{"Node Type": "Bitmap Index Scan", "Parent Relationship": "Outer", "Index Name": "idx_lineitem_shipdate", "Startup Cost": 0.0, "Total Cost": 1874547.75, "Plan Rows": 58767934, "Plan Width": 0, "Actual Startup Time": 20269.977, "Actual Total Time": 20269.977, "Actual Rows": 58773499, "Actual Loops": 1, "Index Cond": "(l_shipdate <= '1998-08-15 00:00:00'::timestamp without time zone)"}]}]}]}, "Triggers": [], "Planner Runtime": 0.361, "Total Runtime": 153018.35, "Unique SQL Id": 177413717}}, "(16, 4)": {"explain_plan": {"Plan": {"Node Type": "Sort", "Startup Cost": 4515800.46, "Total Cost": 4515800.47, "Plan Rows": 6, "Plan Width": 172, "Sort Key": ["l_returnflag", "l_linestatus"], "Plans": [{"Node Type": "Aggregate", "Strategy": "Hashed", "Parent Relationship": "Outer", "Startup Cost": 4515800.27, "Total Cost": 4515800.38, "Plan Rows": 6, "Plan Width": 172, "Group By Key": ["l_returnflag", "l_linestatus"], "Plans": [{"Node Type": "Seq Scan", "Parent Relationship": "Outer", "Relation Name": "lineitem", "Alias": "lineitem", "Startup Cost": 3.14, "Total Cost": 2165082.91, "Plan Rows": 58767934, "Plan Width": 36, "Filter": "(l_shipdate <= '1998-08-15 00:00:00'::timestamp without time zone), (LLVM Optimized)"}]}]}, "Unique SQL Id": 177413717}, "explain_analyze_plan": {"Plan": {"Node Type": "Sort", "Startup Cost": 4515800.46, "Total Cost": 4515800.47, "Plan Rows": 6, "Plan Width": 172, "Actual Startup Time": 132406.786, "Actual Total Time": 132406.787, "Actual Rows": 4, "Actual Loops": 1, "Sort Key": ["l_returnflag", "l_linestatus"], "Sort Method": "quicksort", "Sort Space Used": 25, "Sort Space Type": "Memory", "Plans": [{"Node Type": "Aggregate", "Strategy": "Hashed", "Parent Relationship": "Outer", "Startup Cost": 4515800.27, "Total Cost": 4515800.38, "Plan Rows": 6, "Plan Width": 172, "Actual Startup Time": 132406.639, "Actual Total Time": 132406.658, "Actual Rows": 4, "Actual Loops": 1, "Group By Key": ["l_returnflag", "l_linestatus"], "Plans": [{"Node Type": "Seq Scan", "Parent Relationship": "Outer", "Relation Name": "lineitem", "Alias": "lineitem", "Startup Cost": 3.14, "Total Cost": 2165082.91, "Plan Rows": 58767934, "Plan Width": 36, "Actual Startup Time": 0.024, "Actual Total Time": 27858.823, "Actual Rows": 58773499, "Actual Loops": 1, "Filter": "(l_shipdate <= '1998-08-15 00:00:00'::timestamp without time zone), (LLVM Optimized, Jit Execute)", "Rows Removed by Filter": 1212553}]}]}, "Triggers": [], "Planner Runtime": 0.344, "Total Runtime": 132418.361, "Unique SQL Id": 177413717}}, "(16, 5)": {"explain_plan": {"Plan": {"Node Type": "Sort", "Startup Cost": 6389801.46, "Total Cost": 6389801.47, "Plan Rows": 6, "Plan Width": 172, "Sort Key": ["l_returnflag", "l_linestatus"], "Plans": [{"Node Type": "Aggregate", "Strategy": "Hashed", "Parent Relationship": "Outer", "Startup Cost": 6389801.27, "Total Cost": 6389801.38, "Plan Rows": 6, "Plan Width": 172, "Group By Key": ["l_returnflag", "l_linestatus"], "Plans": [{"Node Type": "Bitmap Heap Scan", "Parent Relationship": "Outer", "Relation Name": "lineitem", "Alias": "lineitem", "Startup Cost": 1889239.74, "Total Cost": 4039083.91, "Plan Rows": 58767934, "Plan Width": 36, "Recheck Cond": "(l_shipdate <= '1998-08-15 00:00:00'::timestamp without time zone), (LLVM Optimized)", "Plans": [{"Node Type": "Bitmap Index Scan", "Parent Relationship": "Outer", "Index Name": "idx_lineitem_shipdate", "Startup Cost": 0.0, "Total Cost": 1874547.75, "Plan Rows": 58767934, "Plan Width": 0, "Index Cond": "(l_shipdate <= '1998-08-15 00:00:00'::timestamp without time zone)"}]}]}]}, "Unique SQL Id": 177413717}, "explain_analyze_plan": {"Plan": {"Node Type": "Sort", "Startup Cost": 6389801.46, "Total Cost": 6389801.47, "Plan Rows": 6, "Plan Width": 172, "Actual Startup Time": 153005.354, "Actual Total Time": 153005.354, "Actual Rows": 4, "Actual Loops": 1, "Sort Key": ["l_returnflag", "l_linestatus"], "Sort Method": "quicksort", "Sort Space Used": 25, "Sort Space Type": "Memory", "Plans": [{"Node Type": "Aggregate", "Strategy": "Hashed", "Parent Relationship": "Outer", "Startup Cost": 6389801.27, "Total Cost": 6389801.38, "Plan Rows": 6, "Plan Width": 172, "Actual Startup Time": 153005.293, "Actual Total Time": 153005.295, "Actual Rows": 4, "Actual Loops": 1, "Group By Key": ["l_returnflag", "l_linestatus"], "Plans": [{"Node Type": "Bitmap Heap Scan", "Parent Relationship": "Outer", "Relation Name": "lineitem", "Alias": "lineitem", "Startup Cost": 1889239.74, "Total Cost": 4039083.91, "Plan Rows": 58767934, "Plan Width": 36, "Actual Startup Time": 20873.158, "Actual Total Time": 51413.022, "Actual Rows": 58773499, "Actual Loops": 1, "Recheck Cond": "(l_shipdate <= '1998-08-15 00:00:00'::timestamp without time zone), (LLVM Optimized, Jit Execute)", "Rows Removed by Index Recheck": 0, "Exact Heap Blocks": 1415245, "Lossy Heap Blocks": 1415245, "Plans": [{"Node Type": "Bitmap Index Scan", "Parent Relationship": "Outer", "Index Name": "idx_lineitem_shipdate", "Startup Cost": 0.0, "Total Cost": 1874547.75, "Plan Rows": 58767934, "Plan Width": 0, "Actual Startup Time": 20269.977, "Actual Total Time": 20269.977, "Actual Rows": 58773499, "Actual Loops": 1, "Index Cond": "(l_shipdate <= '1998-08-15 00:00:00'::timestamp without time zone)"}]}]}]}, "Triggers": [], "Planner Runtime": 0.361, "Total Runtime": 153018.35, "Unique SQL Id": 177413717}}, "(16, 6)": {"explain_plan": {"Plan": {"Node Type": "Sort", "Startup Cost": 4515800.46, "Total Cost": 4515800.47, "Plan Rows": 6, "Plan Width": 172, "Sort Key": ["l_returnflag", "l_linestatus"], "Plans": [{"Node Type": "Aggregate", "Strategy": "Hashed", "Parent Relationship": "Outer", "Startup Cost": 4515800.27, "Total Cost": 4515800.38, "Plan Rows": 6, "Plan Width": 172, "Group By Key": ["l_returnflag", "l_linestatus"], "Plans": [{"Node Type": "Seq Scan", "Parent Relationship": "Outer", "Relation Name": "lineitem", "Alias": "lineitem", "Startup Cost": 3.14, "Total Cost": 2165082.91, "Plan Rows": 58767934, "Plan Width": 36, "Filter": "(l_shipdate <= '1998-08-15 00:00:00'::timestamp without time zone), (LLVM Optimized)"}]}]}, "Unique SQL Id": 177413717}, "explain_analyze_plan": {"Plan": {"Node Type": "Sort", "Startup Cost": 4515800.46, "Total Cost": 4515800.47, "Plan Rows": 6, "Plan Width": 172, "Actual Startup Time": 132406.786, "Actual Total Time": 132406.787, "Actual Rows": 4, "Actual Loops": 1, "Sort Key": ["l_returnflag", "l_linestatus"], "Sort Method": "quicksort", "Sort Space Used": 25, "Sort Space Type": "Memory", "Plans": [{"Node Type": "Aggregate", "Strategy": "Hashed", "Parent Relationship": "Outer", "Startup Cost": 4515800.27, "Total Cost": 4515800.38, "Plan Rows": 6, "Plan Width": 172, "Actual Startup Time": 132406.639, "Actual Total Time": 132406.658, "Actual Rows": 4, "Actual Loops": 1, "Group By Key": ["l_returnflag", "l_linestatus"], "Plans": [{"Node Type": "Seq Scan", "Parent Relationship": "Outer", "Relation Name": "lineitem", "Alias": "lineitem", "Startup Cost": 3.14, "Total Cost": 2165082.91, "Plan Rows": 58767934, "Plan Width": 36, "Actual Startup Time": 0.024, "Actual Total Time": 27858.823, "Actual Rows": 58773499, "Actual Loops": 1, "Filter": "(l_shipdate <= '1998-08-15 00:00:00'::timestamp without time zone), (LLVM Optimized, Jit Execute)", "Rows Removed by Filter": 1212553}]}]}, "Triggers": [], "Planner Runtime": 0.344, "Total Runtime": 132418.361, "Unique SQL Id": 177413717}}, "(16, 7)": {"explain_plan": {"Plan": {"Node Type": "Sort", "Startup Cost": 6389801.46, "Total Cost": 6389801.47, "Plan Rows": 6, "Plan Width": 172, "Sort Key": ["l_returnflag", "l_linestatus"], "Plans": [{"Node Type": "Aggregate", "Strategy": "Hashed", "Parent Relationship": "Outer", "Startup Cost": 6389801.27, "Total Cost": 6389801.38, "Plan Rows": 6, "Plan Width": 172, "Group By Key": ["l_returnflag", "l_linestatus"], "Plans": [{"Node Type": "Bitmap Heap Scan", "Parent Relationship": "Outer", "Relation Name": "lineitem", "Alias": "lineitem", "Startup Cost": 1889239.74, "Total Cost": 4039083.91, "Plan Rows": 58767934, "Plan Width": 36, "Recheck Cond": "(l_shipdate <= '1998-08-15 00:00:00'::timestamp without time zone), (LLVM Optimized)", "Plans": [{"Node Type": "Bitmap Index Scan", "Parent Relationship": "Outer", "Index Name": "idx_lineitem_shipdate", "Startup Cost": 0.0, "Total Cost": 1874547.75, "Plan Rows": 58767934, "Plan Width": 0, "Index Cond": "(l_shipdate <= '1998-08-15 00:00:00'::timestamp without time zone)"}]}]}]}, "Unique SQL Id": 177413717}, "explain_analyze_plan": {"Plan": {"Node Type": "Sort", "Startup Cost": 6389801.46, "Total Cost": 6389801.47, "Plan Rows": 6, "Plan Width": 172, "Actual Startup Time": 153005.354, "Actual Total Time": 153005.354, "Actual Rows": 4, "Actual Loops": 1, "Sort Key": ["l_returnflag", "l_linestatus"], "Sort Method": "quicksort", "Sort Space Used": 25, "Sort Space Type": "Memory", "Plans": [{"Node Type": "Aggregate", "Strategy": "Hashed", "Parent Relationship": "Outer", "Startup Cost": 6389801.27, "Total Cost": 6389801.38, "Plan Rows": 6, "Plan Width": 172, "Actual Startup Time": 153005.293, "Actual Total Time": 153005.295, "Actual Rows": 4, "Actual Loops": 1, "Group By Key": ["l_returnflag", "l_linestatus"], "Plans": [{"Node Type": "Bitmap Heap Scan", "Parent Relationship": "Outer", "Relation Name": "lineitem", "Alias": "lineitem", "Startup Cost": 1889239.74, "Total Cost": 4039083.91, "Plan Rows": 58767934, "Plan Width": 36, "Actual Startup Time": 20873.158, "Actual Total Time": 51413.022, "Actual Rows": 58773499, "Actual Loops": 1, "Recheck Cond": "(l_shipdate <= '1998-08-15 00:00:00'::timestamp without time zone), (LLVM Optimized, Jit Execute)", "Rows Removed by Index Recheck": 0, "Exact Heap Blocks": 1415245, "Lossy Heap Blocks": 1415245, "Plans": [{"Node Type": "Bitmap Index Scan", "Parent Relationship": "Outer", "Index Name": "idx_lineitem_shipdate", "Startup Cost": 0.0, "Total Cost": 1874547.75, "Plan Rows": 58767934, "Plan Width": 0, "Actual Startup Time": 20269.977, "Actual Total Time": 20269.977, "Actual Rows": 58773499, "Actual Loops": 1, "Index Cond": "(l_shipdate <= '1998-08-15 00:00:00'::timestamp without time zone)"}]}]}]}, "Triggers": [], "Planner Runtime": 0.361, "Total Runtime": 153018.35, "Unique SQL Id": 177413717}}, "(16, 8)": {"explain_plan": {"Plan": {"Node Type": "Sort", "Startup Cost": 4515800.46, "Total Cost": 4515800.47, "Plan Rows": 6, "Plan Width": 172, "Sort Key": ["l_returnflag", "l_linestatus"], "Plans": [{"Node Type": "Aggregate", "Strategy": "Hashed", "Parent Relationship": "Outer", "Startup Cost": 4515800.27, "Total Cost": 4515800.38, "Plan Rows": 6, "Plan Width": 172, "Group By Key": ["l_returnflag", "l_linestatus"], "Plans": [{"Node Type": "Seq Scan", "Parent Relationship": "Outer", "Relation Name": "lineitem", "Alias": "lineitem", "Startup Cost": 3.14, "Total Cost": 2165082.91, "Plan Rows": 58767934, "Plan Width": 36, "Filter": "(l_shipdate <= '1998-08-15 00:00:00'::timestamp without time zone), (LLVM Optimized)"}]}]}, "Unique SQL Id": 177413717}, "explain_analyze_plan": {"Plan": {"Node Type": "Sort", "Startup Cost": 4515800.46, "Total Cost": 4515800.47, "Plan Rows": 6, "Plan Width": 172, "Actual Startup Time": 132406.786, "Actual Total Time": 132406.787, "Actual Rows": 4, "Actual Loops": 1, "Sort Key": ["l_returnflag", "l_linestatus"], "Sort Method": "quicksort", "Sort Space Used": 25, "Sort Space Type": "Memory", "Plans": [{"Node Type": "Aggregate", "Strategy": "Hashed", "Parent Relationship": "Outer", "Startup Cost": 4515800.27, "Total Cost": 4515800.38, "Plan Rows": 6, "Plan Width": 172, "Actual Startup Time": 132406.639, "Actual Total Time": 132406.658, "Actual Rows": 4, "Actual Loops": 1, "Group By Key": ["l_returnflag", "l_linestatus"], "Plans": [{"Node Type": "Seq Scan", "Parent Relationship": "Outer", "Relation Name": "lineitem", "Alias": "lineitem", "Startup Cost": 3.14, "Total Cost": 2165082.91, "Plan Rows": 58767934, "Plan Width": 36, "Actual Startup Time": 0.024, "Actual Total Time": 27858.823, "Actual Rows": 58773499, "Actual Loops": 1, "Filter": "(l_shipdate <= '1998-08-15 00:00:00'::timestamp without time zone), (LLVM Optimized, Jit Execute)", "Rows Removed by Filter": 1212553}]}]}, "Triggers": [], "Planner Runtime": 0.344, "Total Runtime": 132418.361, "Unique SQL Id": 177413717}}, "(16, 9)": {"explain_plan": {"Plan": {"Node Type": "Sort", "Startup Cost": 10473924.63, "Total Cost": 10473924.64, "Plan Rows": 6, "Plan Width": 172, "Sort Key": ["l_returnflag", "l_linestatus"], "Plans": [{"Node Type": "Aggregate", "Strategy": "Hashed", "Parent Relationship": "Outer", "Startup Cost": 10473924.44, "Total Cost": 10473924.55, "Plan Rows": 6, "Plan Width": 172, "Group By Key": ["l_returnflag", "l_linestatus"], "Plans": [{"Node Type": "Index Scan", "Parent Relationship": "Outer", "Scan Direction": "Forward", "Index Name": "idx_lineitem_shipdate", "Relation Name": "lineitem", "Alias": "lineitem", "Startup Cost": 0.0, "Total Cost": 8123207.08, "Plan Rows": 58767934, "Plan Width": 36, "Index Cond": "(l_shipdate <= '1998-08-15 00:00:00'::timestamp without time zone), (LLVM Optimized)"}]}]}, "Unique SQL Id": 177413717}, "explain_analyze_plan": {"Plan": {"Node Type": "Sort", "Startup Cost": 10473924.63, "Total Cost": 10473924.64, "Plan Rows": 6, "Plan Width": 172, "Actual Startup Time": 269422.163, "Actual Total Time": 269422.164, "Actual Rows": 4, "Actual Loops": 1, "Sort Key": ["l_returnflag", "l_linestatus"], "Sort Method": "quicksort", "Sort Space Used": 25, "Sort Space Type": "Memory", "Plans": [{"Node Type": "Aggregate", "Strategy": "Hashed", "Parent Relationship": "Outer", "Startup Cost": 10473924.44, "Total Cost": 10473924.55, "Plan Rows": 6, "Plan Width": 172, "Actual Startup Time": 269421.997, "Actual Total Time": 269422.016, "Actual Rows": 4, "Actual Loops": 1, "Group By Key": ["l_returnflag", "l_linestatus"], "Plans": [{"Node Type": "Index Scan", "Parent Relationship": "Outer", "Scan Direction": "Forward", "Index Name": "idx_lineitem_shipdate", "Relation Name": "lineitem", "Alias": "lineitem", "Startup Cost": 0.0, "Total Cost": 8123207.08, "Plan Rows": 58767934, "Plan Width": 36, "Actual Startup Time": 0.051, "Actual Total Time": 155909.29, "Actual Rows": 58773499, "Actual Loops": 1, "Index Cond": "(l_shipdate <= '1998-08-15 00:00:00'::timestamp without time zone), (LLVM Optimized, Jit Execute)", "Rows Removed by Index Recheck": 0}]}]}, "Triggers": [], "Planner Runtime": 0.326, "Total Runtime": 269433.851, "Unique SQL Id": 177413717}}, "(16, 10)": {"explain_plan": {"Plan": {"Node Type": "Sort", "Startup Cost": 4515800.46, "Total Cost": 4515800.47, "Plan Rows": 6, "Plan Width": 172, "Sort Key": ["l_returnflag", "l_linestatus"], "Plans": [{"Node Type": "Aggregate", "Strategy": "Hashed", "Parent Relationship": "Outer", "Startup Cost": 4515800.27, "Total Cost": 4515800.38, "Plan Rows": 6, "Plan Width": 172, "Group By Key": ["l_returnflag", "l_linestatus"], "Plans": [{"Node Type": "Seq Scan", "Parent Relationship": "Outer", "Relation Name": "lineitem", "Alias": "lineitem", "Startup Cost": 3.13, "Total Cost": 2165082.91, "Plan Rows": 58767934, "Plan Width": 36, "Filter": "(l_shipdate <= '1998-08-15 00:00:00'::timestamp without time zone), (LLVM Optimized)"}]}]}, "Unique SQL Id": 177413717}, "explain_analyze_plan": {"Plan": {"Node Type": "Sort", "Startup Cost": 4515800.46, "Total Cost": 4515800.47, "Plan Rows": 6, "Plan Width": 172, "Actual Startup Time": 132656.508, "Actual Total Time": 132656.508, "Actual Rows": 4, "Actual Loops": 1, "Sort Key": ["l_returnflag", "l_linestatus"], "Sort Method": "quicksort", "Sort Space Used": 25, "Sort Space Type": "Memory", "Plans": [{"Node Type": "Aggregate", "Strategy": "Hashed", "Parent Relationship": "Outer", "Startup Cost": 4515800.27, "Total Cost": 4515800.38, "Plan Rows": 6, "Plan Width": 172, "Actual Startup Time": 132656.41, "Actual Total Time": 132656.414, "Actual Rows": 4, "Actual Loops": 1, "Group By Key": ["l_returnflag", "l_linestatus"], "Plans": [{"Node Type": "Seq Scan", "Parent Relationship": "Outer", "Relation Name": "lineitem", "Alias": "lineitem", "Startup Cost": 3.13, "Total Cost": 2165082.91, "Plan Rows": 58767934, "Plan Width": 36, "Actual Startup Time": 0.03, "Actual Total Time": 27802.259, "Actual Rows": 58773499, "Actual Loops": 1, "Filter": "(l_shipdate <= '1998-08-15 00:00:00'::timestamp without time zone), (LLVM Optimized, Jit Execute)", "Rows Removed by Filter": 1212553}]}]}, "Triggers": [], "Planner Runtime": 0.341, "Total Runtime": 132667.948, "Unique SQL Id": 177413717}}, "(16, 11)": {"explain_plan": {"Plan": {"Node Type": "Sort", "Startup Cost": 1000218859008.79, "Total Cost": 1000218859008.81, "Plan Rows": 6, "Plan Width": 172, "Sort Key": ["l_returnflag", "l_linestatus"], "Plans": [{"Node Type": "Aggregate", "Strategy": "Hashed", "Parent Relationship": "Outer", "Startup Cost": 1000218859008.61, "Total Cost": 1000218859008.72, "Plan Rows": 6, "Plan Width": 172, "Group By Key": ["l_returnflag", "l_linestatus"], "Plans": [{"Node Type": "Seq Scan", "Parent Relationship": "Outer", "Relation Name": "lineitem", "Alias": "lineitem", "Startup Cost": 10000000003.1, "Total Cost": 1000216508291.25, "Plan Rows": 58767934, "Plan Width": 36, "Filter": "(l_shipdate <= '1998-08-15 00:00:00'::timestamp without time zone), (LLVM Optimized)"}]}]}, "Unique SQL Id": 177413717}, "explain_analyze_plan": {"Plan": {"Node Type": "Sort", "Startup Cost": 1000218859008.79, "Total Cost": 1000218859008.81, "Plan Rows": 6, "Plan Width": 172, "Actual Startup Time": 134311.273, "Actual Total Time": 134311.273, "Actual Rows": 4, "Actual Loops": 1, "Sort Key": ["l_returnflag", "l_linestatus"], "Sort Method": "quicksort", "Sort Space Used": 25, "Sort Space Type": "Memory", "Plans": [{"Node Type": "Aggregate", "Strategy": "Hashed", "Parent Relationship": "Outer", "Startup Cost": 1000218859008.61, "Total Cost": 1000218859008.72, "Plan Rows": 6, "Plan Width": 172, "Actual Startup Time": 134311.085, "Actual Total Time": 134311.104, "Actual Rows": 4, "Actual Loops": 1, "Group By Key": ["l_returnflag", "l_linestatus"], "Plans": [{"Node Type": "Seq Scan", "Parent Relationship": "Outer", "Relation Name": "lineitem", "Alias": "lineitem", "Startup Cost": 10000000003.1, "Total Cost": 1000216508291.25, "Plan Rows": 58767934, "Plan Width": 36, "Actual Startup Time": 0.022, "Actual Total Time": 27834.189, "Actual Rows": 58773499, "Actual Loops": 1, "Filter": "(l_shipdate <= '1998-08-15 00:00:00'::timestamp without time zone), (LLVM Optimized, Jit Execute)", "Rows Removed by Filter": 1212553}]}]}, "Triggers": [], "Planner Runtime": 0.327, "Total Runtime": 134322.809, "Unique SQL Id": 177413717}}, "(16, 12)": {"explain_plan": {"Plan": {"Node Type": "Sort", "Startup Cost": 4515800.46, "Total Cost": 4515800.47, "Plan Rows": 6, "Plan Width": 172, "Sort Key": ["l_returnflag", "l_linestatus"], "Plans": [{"Node Type": "Aggregate", "Strategy": "Hashed", "Parent Relationship": "Outer", "Startup Cost": 4515800.27, "Total Cost": 4515800.38, "Plan Rows": 6, "Plan Width": 172, "Group By Key": ["l_returnflag", "l_linestatus"], "Plans": [{"Node Type": "Seq Scan", "Parent Relationship": "Outer", "Relation Name": "lineitem", "Alias": "lineitem", "Startup Cost": 3.13, "Total Cost": 2165082.91, "Plan Rows": 58767934, "Plan Width": 36, "Filter": "(l_shipdate <= '1998-08-15 00:00:00'::timestamp without time zone), (LLVM Optimized)"}]}]}, "Unique SQL Id": 177413717}, "explain_analyze_plan": {"Plan": {"Node Type": "Sort", "Startup Cost": 4515800.46, "Total Cost": 4515800.47, "Plan Rows": 6, "Plan Width": 172, "Actual Startup Time": 132656.508, "Actual Total Time": 132656.508, "Actual Rows": 4, "Actual Loops": 1, "Sort Key": ["l_returnflag", "l_linestatus"], "Sort Method": "quicksort", "Sort Space Used": 25, "Sort Space Type": "Memory", "Plans": [{"Node Type": "Aggregate", "Strategy": "Hashed", "Parent Relationship": "Outer", "Startup Cost": 4515800.27, "Total Cost": 4515800.38, "Plan Rows": 6, "Plan Width": 172, "Actual Startup Time": 132656.41, "Actual Total Time": 132656.414, "Actual Rows": 4, "Actual Loops": 1, "Group By Key": ["l_returnflag", "l_linestatus"], "Plans": [{"Node Type": "Seq Scan", "Parent Relationship": "Outer", "Relation Name": "lineitem", "Alias": "lineitem", "Startup Cost": 3.13, "Total Cost": 2165082.91, "Plan Rows": 58767934, "Plan Width": 36, "Actual Startup Time": 0.03, "Actual Total Time": 27802.259, "Actual Rows": 58773499, "Actual Loops": 1, "Filter": "(l_shipdate <= '1998-08-15 00:00:00'::timestamp without time zone), (LLVM Optimized, Jit Execute)", "Rows Removed by Filter": 1212553}]}]}, "Triggers": [], "Planner Runtime": 0.341, "Total Runtime": 132667.948, "Unique SQL Id": 177413717}}, "(16, 13)": {"explain_plan": {"Plan": {"Node Type": "Sort", "Startup Cost": 10473924.63, "Total Cost": 10473924.64, "Plan Rows": 6, "Plan Width": 172, "Sort Key": ["l_returnflag", "l_linestatus"], "Plans": [{"Node Type": "Aggregate", "Strategy": "Hashed", "Parent Relationship": "Outer", "Startup Cost": 10473924.44, "Total Cost": 10473924.55, "Plan Rows": 6, "Plan Width": 172, "Group By Key": ["l_returnflag", "l_linestatus"], "Plans": [{"Node Type": "Index Scan", "Parent Relationship": "Outer", "Scan Direction": "Forward", "Index Name": "idx_lineitem_shipdate", "Relation Name": "lineitem", "Alias": "lineitem", "Startup Cost": 0.0, "Total Cost": 8123207.08, "Plan Rows": 58767934, "Plan Width": 36, "Index Cond": "(l_shipdate <= '1998-08-15 00:00:00'::timestamp without time zone), (LLVM Optimized)"}]}]}, "Unique SQL Id": 177413717}, "explain_analyze_plan": {"Plan": {"Node Type": "Sort", "Startup Cost": 10473924.63, "Total Cost": 10473924.64, "Plan Rows": 6, "Plan Width": 172, "Actual Startup Time": 269422.163, "Actual Total Time": 269422.164, "Actual Rows": 4, "Actual Loops": 1, "Sort Key": ["l_returnflag", "l_linestatus"], "Sort Method": "quicksort", "Sort Space Used": 25, "Sort Space Type": "Memory", "Plans": [{"Node Type": "Aggregate", "Strategy": "Hashed", "Parent Relationship": "Outer", "Startup Cost": 10473924.44, "Total Cost": 10473924.55, "Plan Rows": 6, "Plan Width": 172, "Actual Startup Time": 269421.997, "Actual Total Time": 269422.016, "Actual Rows": 4, "Actual Loops": 1, "Group By Key": ["l_returnflag", "l_linestatus"], "Plans": [{"Node Type": "Index Scan", "Parent Relationship": "Outer", "Scan Direction": "Forward", "Index Name": "idx_lineitem_shipdate", "Relation Name": "lineitem", "Alias": "lineitem", "Startup Cost": 0.0, "Total Cost": 8123207.08, "Plan Rows": 58767934, "Plan Width": 36, "Actual Startup Time": 0.051, "Actual Total Time": 155909.29, "Actual Rows": 58773499, "Actual Loops": 1, "Index Cond": "(l_shipdate <= '1998-08-15 00:00:00'::timestamp without time zone), (LLVM Optimized, Jit Execute)", "Rows Removed by Index Recheck": 0}]}]}, "Triggers": [], "Planner Runtime": 0.326, "Total Runtime": 269433.851, "Unique SQL Id": 177413717}}, "(16, 14)": {"explain_plan": {"Plan": {"Node Type": "Sort", "Startup Cost": 4515800.46, "Total Cost": 4515800.47, "Plan Rows": 6, "Plan Width": 172, "Sort Key": ["l_returnflag", "l_linestatus"], "Plans": [{"Node Type": "Aggregate", "Strategy": "Hashed", "Parent Relationship": "Outer", "Startup Cost": 4515800.27, "Total Cost": 4515800.38, "Plan Rows": 6, "Plan Width": 172, "Group By Key": ["l_returnflag", "l_linestatus"], "Plans": [{"Node Type": "Seq Scan", "Parent Relationship": "Outer", "Relation Name": "lineitem", "Alias": "lineitem", "Startup Cost": 3.13, "Total Cost": 2165082.91, "Plan Rows": 58767934, "Plan Width": 36, "Filter": "(l_shipdate <= '1998-08-15 00:00:00'::timestamp without time zone), (LLVM Optimized)"}]}]}, "Unique SQL Id": 177413717}, "explain_analyze_plan": {"Plan": {"Node Type": "Sort", "Startup Cost": 4515800.46, "Total Cost": 4515800.47, "Plan Rows": 6, "Plan Width": 172, "Actual Startup Time": 132656.508, "Actual Total Time": 132656.508, "Actual Rows": 4, "Actual Loops": 1, "Sort Key": ["l_returnflag", "l_linestatus"], "Sort Method": "quicksort", "Sort Space Used": 25, "Sort Space Type": "Memory", "Plans": [{"Node Type": "Aggregate", "Strategy": "Hashed", "Parent Relationship": "Outer", "Startup Cost": 4515800.27, "Total Cost": 4515800.38, "Plan Rows": 6, "Plan Width": 172, "Actual Startup Time": 132656.41, "Actual Total Time": 132656.414, "Actual Rows": 4, "Actual Loops": 1, "Group By Key": ["l_returnflag", "l_linestatus"], "Plans": [{"Node Type": "Seq Scan", "Parent Relationship": "Outer", "Relation Name": "lineitem", "Alias": "lineitem", "Startup Cost": 3.13, "Total Cost": 2165082.91, "Plan Rows": 58767934, "Plan Width": 36, "Actual Startup Time": 0.03, "Actual Total Time": 27802.259, "Actual Rows": 58773499, "Actual Loops": 1, "Filter": "(l_shipdate <= '1998-08-15 00:00:00'::timestamp without time zone), (LLVM Optimized, Jit Execute)", "Rows Removed by Filter": 1212553}]}]}, "Triggers": [], "Planner Runtime": 0.341, "Total Runtime": 132667.948, "Unique SQL Id": 177413717}}, "(16, 15)": {"explain_plan": {"Plan": {"Node Type": "Sort", "Startup Cost": 1000218859008.79, "Total Cost": 1000218859008.81, "Plan Rows": 6, "Plan Width": 172, "Sort Key": ["l_returnflag", "l_linestatus"], "Plans": [{"Node Type": "Aggregate", "Strategy": "Hashed", "Parent Relationship": "Outer", "Startup Cost": 1000218859008.61, "Total Cost": 1000218859008.72, "Plan Rows": 6, "Plan Width": 172, "Group By Key": ["l_returnflag", "l_linestatus"], "Plans": [{"Node Type": "Seq Scan", "Parent Relationship": "Outer", "Relation Name": "lineitem", "Alias": "lineitem", "Startup Cost": 10000000003.1, "Total Cost": 1000216508291.25, "Plan Rows": 58767934, "Plan Width": 36, "Filter": "(l_shipdate <= '1998-08-15 00:00:00'::timestamp without time zone), (LLVM Optimized)"}]}]}, "Unique SQL Id": 177413717}, "explain_analyze_plan": {"Plan": {"Node Type": "Sort", "Startup Cost": 1000218859008.79, "Total Cost": 1000218859008.81, "Plan Rows": 6, "Plan Width": 172, "Actual Startup Time": 134311.273, "Actual Total Time": 134311.273, "Actual Rows": 4, "Actual Loops": 1, "Sort Key": ["l_returnflag", "l_linestatus"], "Sort Method": "quicksort", "Sort Space Used": 25, "Sort Space Type": "Memory", "Plans": [{"Node Type": "Aggregate", "Strategy": "Hashed", "Parent Relationship": "Outer", "Startup Cost": 1000218859008.61, "Total Cost": 1000218859008.72, "Plan Rows": 6, "Plan Width": 172, "Actual Startup Time": 134311.085, "Actual Total Time": 134311.104, "Actual Rows": 4, "Actual Loops": 1, "Group By Key": ["l_returnflag", "l_linestatus"], "Plans": [{"Node Type": "Seq Scan", "Parent Relationship": "Outer", "Relation Name": "lineitem", "Alias": "lineitem", "Startup Cost": 10000000003.1, "Total Cost": 1000216508291.25, "Plan Rows": 58767934, "Plan Width": 36, "Actual Startup Time": 0.022, "Actual Total Time": 27834.189, "Actual Rows": 58773499, "Actual Loops": 1, "Filter": "(l_shipdate <= '1998-08-15 00:00:00'::timestamp without time zone), (LLVM Optimized, Jit Execute)", "Rows Removed by Filter": 1212553}]}]}, "Triggers": [], "Planner Runtime": 0.327, "Total Runtime": 134322.809, "Unique SQL Id": 177413717}}, "(16, 16)": {"explain_plan": {"Plan": {"Node Type": "Sort", "Startup Cost": 4515800.46, "Total Cost": 4515800.47, "Plan Rows": 6, "Plan Width": 172, "Sort Key": ["l_returnflag", "l_linestatus"], "Plans": [{"Node Type": "Aggregate", "Strategy": "Hashed", "Parent Relationship": "Outer", "Startup Cost": 4515800.27, "Total Cost": 4515800.38, "Plan Rows": 6, "Plan Width": 172, "Group By Key": ["l_returnflag", "l_linestatus"], "Plans": [{"Node Type": "Seq Scan", "Parent Relationship": "Outer", "Relation Name": "lineitem", "Alias": "lineitem", "Startup Cost": 3.13, "Total Cost": 2165082.91, "Plan Rows": 58767934, "Plan Width": 36, "Filter": "(l_shipdate <= '1998-08-15 00:00:00'::timestamp without time zone), (LLVM Optimized)"}]}]}, "Unique SQL Id": 177413717}, "explain_analyze_plan": {"Plan": {"Node Type": "Sort", "Startup Cost": 4515800.46, "Total Cost": 4515800.47, "Plan Rows": 6, "Plan Width": 172, "Actual Startup Time": 132656.508, "Actual Total Time": 132656.508, "Actual Rows": 4, "Actual Loops": 1, "Sort Key": ["l_returnflag", "l_linestatus"], "Sort Method": "quicksort", "Sort Space Used": 25, "Sort Space Type": "Memory", "Plans": [{"Node Type": "Aggregate", "Strategy": "Hashed", "Parent Relationship": "Outer", "Startup Cost": 4515800.27, "Total Cost": 4515800.38, "Plan Rows": 6, "Plan Width": 172, "Actual Startup Time": 132656.41, "Actual Total Time": 132656.414, "Actual Rows": 4, "Actual Loops": 1, "Group By Key": ["l_returnflag", "l_linestatus"], "Plans": [{"Node Type": "Seq Scan", "Parent Relationship": "Outer", "Relation Name": "lineitem", "Alias": "lineitem", "Startup Cost": 3.13, "Total Cost": 2165082.91, "Plan Rows": 58767934, "Plan Width": 36, "Actual Startup Time": 0.03, "Actual Total Time": 27802.259, "Actual Rows": 58773499, "Actual Loops": 1, "Filter": "(l_shipdate <= '1998-08-15 00:00:00'::timestamp without time zone), (LLVM Optimized, Jit Execute)", "Rows Removed by Filter": 1212553}]}]}, "Triggers": [], "Planner Runtime": 0.341, "Total Runtime": 132667.948, "Unique SQL Id": 177413717}}, "(16, 17)": {"explain_plan": {"Plan": {"Node Type": "Sort", "Startup Cost": 6389801.46, "Total Cost": 6389801.47, "Plan Rows": 6, "Plan Width": 172, "Sort Key": ["l_returnflag", "l_linestatus"], "Plans": [{"Node Type": "Aggregate", "Strategy": "Hashed", "Parent Relationship": "Outer", "Startup Cost": 6389801.27, "Total Cost": 6389801.38, "Plan Rows": 6, "Plan Width": 172, "Group By Key": ["l_returnflag", "l_linestatus"], "Plans": [{"Node Type": "Bitmap Heap Scan", "Parent Relationship": "Outer", "Relation Name": "lineitem", "Alias": "lineitem", "Startup Cost": 1889239.74, "Total Cost": 4039083.91, "Plan Rows": 58767934, "Plan Width": 36, "Recheck Cond": "(l_shipdate <= '1998-08-15 00:00:00'::timestamp without time zone), (LLVM Optimized)", "Plans": [{"Node Type": "Bitmap Index Scan", "Parent Relationship": "Outer", "Index Name": "idx_lineitem_shipdate", "Startup Cost": 0.0, "Total Cost": 1874547.75, "Plan Rows": 58767934, "Plan Width": 0, "Index Cond": "(l_shipdate <= '1998-08-15 00:00:00'::timestamp without time zone)"}]}]}]}, "Unique SQL Id": 177413717}, "explain_analyze_plan": {"Plan": {"Node Type": "Sort", "Startup Cost": 6389801.46, "Total Cost": 6389801.47, "Plan Rows": 6, "Plan Width": 172, "Actual Startup Time": 153005.354, "Actual Total Time": 153005.354, "Actual Rows": 4, "Actual Loops": 1, "Sort Key": ["l_returnflag", "l_linestatus"], "Sort Method": "quicksort", "Sort Space Used": 25, "Sort Space Type": "Memory", "Plans": [{"Node Type": "Aggregate", "Strategy": "Hashed", "Parent Relationship": "Outer", "Startup Cost": 6389801.27, "Total Cost": 6389801.38, "Plan Rows": 6, "Plan Width": 172, "Actual Startup Time": 153005.293, "Actual Total Time": 153005.295, "Actual Rows": 4, "Actual Loops": 1, "Group By Key": ["l_returnflag", "l_linestatus"], "Plans": [{"Node Type": "Bitmap Heap Scan", "Parent Relationship": "Outer", "Relation Name": "lineitem", "Alias": "lineitem", "Startup Cost": 1889239.74, "Total Cost": 4039083.91, "Plan Rows": 58767934, "Plan Width": 36, "Actual Startup Time": 20873.158, "Actual Total Time": 51413.022, "Actual Rows": 58773499, "Actual Loops": 1, "Recheck Cond": "(l_shipdate <= '1998-08-15 00:00:00'::timestamp without time zone), (LLVM Optimized, Jit Execute)", "Rows Removed by Index Recheck": 0, "Exact Heap Blocks": 1415245, "Lossy Heap Blocks": 1415245, "Plans": [{"Node Type": "Bitmap Index Scan", "Parent Relationship": "Outer", "Index Name": "idx_lineitem_shipdate", "Startup Cost": 0.0, "Total Cost": 1874547.75, "Plan Rows": 58767934, "Plan Width": 0, "Actual Startup Time": 20269.977, "Actual Total Time": 20269.977, "Actual Rows": 58773499, "Actual Loops": 1, "Index Cond": "(l_shipdate <= '1998-08-15 00:00:00'::timestamp without time zone)"}]}]}]}, "Triggers": [], "Planner Runtime": 0.361, "Total Runtime": 153018.35, "Unique SQL Id": 177413717}}, "(16, 18)": {"explain_plan": {"Plan": {"Node Type": "Sort", "Startup Cost": 4515800.46, "Total Cost": 4515800.47, "Plan Rows": 6, "Plan Width": 172, "Sort Key": ["l_returnflag", "l_linestatus"], "Plans": [{"Node Type": "Aggregate", "Strategy": "Hashed", "Parent Relationship": "Outer", "Startup Cost": 4515800.27, "Total Cost": 4515800.38, "Plan Rows": 6, "Plan Width": 172, "Group By Key": ["l_returnflag", "l_linestatus"], "Plans": [{"Node Type": "Seq Scan", "Parent Relationship": "Outer", "Relation Name": "lineitem", "Alias": "lineitem", "Startup Cost": 3.13, "Total Cost": 2165082.91, "Plan Rows": 58767934, "Plan Width": 36, "Filter": "(l_shipdate <= '1998-08-15 00:00:00'::timestamp without time zone), (LLVM Optimized)"}]}]}, "Unique SQL Id": 177413717}, "explain_analyze_plan": {"Plan": {"Node Type": "Sort", "Startup Cost": 4515800.46, "Total Cost": 4515800.47, "Plan Rows": 6, "Plan Width": 172, "Actual Startup Time": 132656.508, "Actual Total Time": 132656.508, "Actual Rows": 4, "Actual Loops": 1, "Sort Key": ["l_returnflag", "l_linestatus"], "Sort Method": "quicksort", "Sort Space Used": 25, "Sort Space Type": "Memory", "Plans": [{"Node Type": "Aggregate", "Strategy": "Hashed", "Parent Relationship": "Outer", "Startup Cost": 4515800.27, "Total Cost": 4515800.38, "Plan Rows": 6, "Plan Width": 172, "Actual Startup Time": 132656.41, "Actual Total Time": 132656.414, "Actual Rows": 4, "Actual Loops": 1, "Group By Key": ["l_returnflag", "l_linestatus"], "Plans": [{"Node Type": "Seq Scan", "Parent Relationship": "Outer", "Relation Name": "lineitem", "Alias": "lineitem", "Startup Cost": 3.13, "Total Cost": 2165082.91, "Plan Rows": 58767934, "Plan Width": 36, "Actual Startup Time": 0.03, "Actual Total Time": 27802.259, "Actual Rows": 58773499, "Actual Loops": 1, "Filter": "(l_shipdate <= '1998-08-15 00:00:00'::timestamp without time zone), (LLVM Optimized, Jit Execute)", "Rows Removed by Filter": 1212553}]}]}, "Triggers": [], "Planner Runtime": 0.341, "Total Runtime": 132667.948, "Unique SQL Id": 177413717}}, "(16, 19)": {"explain_plan": {"Plan": {"Node Type": "Sort", "Startup Cost": 6389801.46, "Total Cost": 6389801.47, "Plan Rows": 6, "Plan Width": 172, "Sort Key": ["l_returnflag", "l_linestatus"], "Plans": [{"Node Type": "Aggregate", "Strategy": "Hashed", "Parent Relationship": "Outer", "Startup Cost": 6389801.27, "Total Cost": 6389801.38, "Plan Rows": 6, "Plan Width": 172, "Group By Key": ["l_returnflag", "l_linestatus"], "Plans": [{"Node Type": "Bitmap Heap Scan", "Parent Relationship": "Outer", "Relation Name": "lineitem", "Alias": "lineitem", "Startup Cost": 1889239.74, "Total Cost": 4039083.91, "Plan Rows": 58767934, "Plan Width": 36, "Recheck Cond": "(l_shipdate <= '1998-08-15 00:00:00'::timestamp without time zone), (LLVM Optimized)", "Plans": [{"Node Type": "Bitmap Index Scan", "Parent Relationship": "Outer", "Index Name": "idx_lineitem_shipdate", "Startup Cost": 0.0, "Total Cost": 1874547.75, "Plan Rows": 58767934, "Plan Width": 0, "Index Cond": "(l_shipdate <= '1998-08-15 00:00:00'::timestamp without time zone)"}]}]}]}, "Unique SQL Id": 177413717}, "explain_analyze_plan": {"Plan": {"Node Type": "Sort", "Startup Cost": 6389801.46, "Total Cost": 6389801.47, "Plan Rows": 6, "Plan Width": 172, "Actual Startup Time": 153005.354, "Actual Total Time": 153005.354, "Actual Rows": 4, "Actual Loops": 1, "Sort Key": ["l_returnflag", "l_linestatus"], "Sort Method": "quicksort", "Sort Space Used": 25, "Sort Space Type": "Memory", "Plans": [{"Node Type": "Aggregate", "Strategy": "Hashed", "Parent Relationship": "Outer", "Startup Cost": 6389801.27, "Total Cost": 6389801.38, "Plan Rows": 6, "Plan Width": 172, "Actual Startup Time": 153005.293, "Actual Total Time": 153005.295, "Actual Rows": 4, "Actual Loops": 1, "Group By Key": ["l_returnflag", "l_linestatus"], "Plans": [{"Node Type": "Bitmap Heap Scan", "Parent Relationship": "Outer", "Relation Name": "lineitem", "Alias": "lineitem", "Startup Cost": 1889239.74, "Total Cost": 4039083.91, "Plan Rows": 58767934, "Plan Width": 36, "Actual Startup Time": 20873.158, "Actual Total Time": 51413.022, "Actual Rows": 58773499, "Actual Loops": 1, "Recheck Cond": "(l_shipdate <= '1998-08-15 00:00:00'::timestamp without time zone), (LLVM Optimized, Jit Execute)", "Rows Removed by Index Recheck": 0, "Exact Heap Blocks": 1415245, "Lossy Heap Blocks": 1415245, "Plans": [{"Node Type": "Bitmap Index Scan", "Parent Relationship": "Outer", "Index Name": "idx_lineitem_shipdate", "Startup Cost": 0.0, "Total Cost": 1874547.75, "Plan Rows": 58767934, "Plan Width": 0, "Actual Startup Time": 20269.977, "Actual Total Time": 20269.977, "Actual Rows": 58773499, "Actual Loops": 1, "Index Cond": "(l_shipdate <= '1998-08-15 00:00:00'::timestamp without time zone)"}]}]}]}, "Triggers": [], "Planner Runtime": 0.361, "Total Runtime": 153018.35, "Unique SQL Id": 177413717}}, "(16, 20)": {"explain_plan": {"Plan": {"Node Type": "Sort", "Startup Cost": 4515800.46, "Total Cost": 4515800.47, "Plan Rows": 6, "Plan Width": 172, "Sort Key": ["l_returnflag", "l_linestatus"], "Plans": [{"Node Type": "Aggregate", "Strategy": "Hashed", "Parent Relationship": "Outer", "Startup Cost": 4515800.27, "Total Cost": 4515800.38, "Plan Rows": 6, "Plan Width": 172, "Group By Key": ["l_returnflag", "l_linestatus"], "Plans": [{"Node Type": "Seq Scan", "Parent Relationship": "Outer", "Relation Name": "lineitem", "Alias": "lineitem", "Startup Cost": 3.13, "Total Cost": 2165082.91, "Plan Rows": 58767934, "Plan Width": 36, "Filter": "(l_shipdate <= '1998-08-15 00:00:00'::timestamp without time zone), (LLVM Optimized)"}]}]}, "Unique SQL Id": 177413717}, "explain_analyze_plan": {"Plan": {"Node Type": "Sort", "Startup Cost": 4515800.46, "Total Cost": 4515800.47, "Plan Rows": 6, "Plan Width": 172, "Actual Startup Time": 132656.508, "Actual Total Time": 132656.508, "Actual Rows": 4, "Actual Loops": 1, "Sort Key": ["l_returnflag", "l_linestatus"], "Sort Method": "quicksort", "Sort Space Used": 25, "Sort Space Type": "Memory", "Plans": [{"Node Type": "Aggregate", "Strategy": "Hashed", "Parent Relationship": "Outer", "Startup Cost": 4515800.27, "Total Cost": 4515800.38, "Plan Rows": 6, "Plan Width": 172, "Actual Startup Time": 132656.41, "Actual Total Time": 132656.414, "Actual Rows": 4, "Actual Loops": 1, "Group By Key": ["l_returnflag", "l_linestatus"], "Plans": [{"Node Type": "Seq Scan", "Parent Relationship": "Outer", "Relation Name": "lineitem", "Alias": "lineitem", "Startup Cost": 3.13, "Total Cost": 2165082.91, "Plan Rows": 58767934, "Plan Width": 36, "Actual Startup Time": 0.03, "Actual Total Time": 27802.259, "Actual Rows": 58773499, "Actual Loops": 1, "Filter": "(l_shipdate <= '1998-08-15 00:00:00'::timestamp without time zone), (LLVM Optimized, Jit Execute)", "Rows Removed by Filter": 1212553}]}]}, "Triggers": [], "Planner Runtime": 0.341, "Total Runtime": 132667.948, "Unique SQL Id": 177413717}}, "(16, 21)": {"explain_plan": {"Plan": {"Node Type": "Sort", "Startup Cost": 6389801.46, "Total Cost": 6389801.47, "Plan Rows": 6, "Plan Width": 172, "Sort Key": ["l_returnflag", "l_linestatus"], "Plans": [{"Node Type": "Aggregate", "Strategy": "Hashed", "Parent Relationship": "Outer", "Startup Cost": 6389801.27, "Total Cost": 6389801.38, "Plan Rows": 6, "Plan Width": 172, "Group By Key": ["l_returnflag", "l_linestatus"], "Plans": [{"Node Type": "Bitmap Heap Scan", "Parent Relationship": "Outer", "Relation Name": "lineitem", "Alias": "lineitem", "Startup Cost": 1889239.74, "Total Cost": 4039083.91, "Plan Rows": 58767934, "Plan Width": 36, "Recheck Cond": "(l_shipdate <= '1998-08-15 00:00:00'::timestamp without time zone), (LLVM Optimized)", "Plans": [{"Node Type": "Bitmap Index Scan", "Parent Relationship": "Outer", "Index Name": "idx_lineitem_shipdate", "Startup Cost": 0.0, "Total Cost": 1874547.75, "Plan Rows": 58767934, "Plan Width": 0, "Index Cond": "(l_shipdate <= '1998-08-15 00:00:00'::timestamp without time zone)"}]}]}]}, "Unique SQL Id": 177413717}, "explain_analyze_plan": {"Plan": {"Node Type": "Sort", "Startup Cost": 6389801.46, "Total Cost": 6389801.47, "Plan Rows": 6, "Plan Width": 172, "Actual Startup Time": 153005.354, "Actual Total Time": 153005.354, "Actual Rows": 4, "Actual Loops": 1, "Sort Key": ["l_returnflag", "l_linestatus"], "Sort Method": "quicksort", "Sort Space Used": 25, "Sort Space Type": "Memory", "Plans": [{"Node Type": "Aggregate", "Strategy": "Hashed", "Parent Relationship": "Outer", "Startup Cost": 6389801.27, "Total Cost": 6389801.38, "Plan Rows": 6, "Plan Width": 172, "Actual Startup Time": 153005.293, "Actual Total Time": 153005.295, "Actual Rows": 4, "Actual Loops": 1, "Group By Key": ["l_returnflag", "l_linestatus"], "Plans": [{"Node Type": "Bitmap Heap Scan", "Parent Relationship": "Outer", "Relation Name": "lineitem", "Alias": "lineitem", "Startup Cost": 1889239.74, "Total Cost": 4039083.91, "Plan Rows": 58767934, "Plan Width": 36, "Actual Startup Time": 20873.158, "Actual Total Time": 51413.022, "Actual Rows": 58773499, "Actual Loops": 1, "Recheck Cond": "(l_shipdate <= '1998-08-15 00:00:00'::timestamp without time zone), (LLVM Optimized, Jit Execute)", "Rows Removed by Index Recheck": 0, "Exact Heap Blocks": 1415245, "Lossy Heap Blocks": 1415245, "Plans": [{"Node Type": "Bitmap Index Scan", "Parent Relationship": "Outer", "Index Name": "idx_lineitem_shipdate", "Startup Cost": 0.0, "Total Cost": 1874547.75, "Plan Rows": 58767934, "Plan Width": 0, "Actual Startup Time": 20269.977, "Actual Total Time": 20269.977, "Actual Rows": 58773499, "Actual Loops": 1, "Index Cond": "(l_shipdate <= '1998-08-15 00:00:00'::timestamp without time zone)"}]}]}]}, "Triggers": [], "Planner Runtime": 0.361, "Total Runtime": 153018.35, "Unique SQL Id": 177413717}}, "(16, 22)": {"explain_plan": {"Plan": {"Node Type": "Sort", "Startup Cost": 4515800.46, "Total Cost": 4515800.47, "Plan Rows": 6, "Plan Width": 172, "Sort Key": ["l_returnflag", "l_linestatus"], "Plans": [{"Node Type": "Aggregate", "Strategy": "Hashed", "Parent Relationship": "Outer", "Startup Cost": 4515800.27, "Total Cost": 4515800.38, "Plan Rows": 6, "Plan Width": 172, "Group By Key": ["l_returnflag", "l_linestatus"], "Plans": [{"Node Type": "Seq Scan", "Parent Relationship": "Outer", "Relation Name": "lineitem", "Alias": "lineitem", "Startup Cost": 3.13, "Total Cost": 2165082.91, "Plan Rows": 58767934, "Plan Width": 36, "Filter": "(l_shipdate <= '1998-08-15 00:00:00'::timestamp without time zone), (LLVM Optimized)"}]}]}, "Unique SQL Id": 177413717}, "explain_analyze_plan": {"Plan": {"Node Type": "Sort", "Startup Cost": 4515800.46, "Total Cost": 4515800.47, "Plan Rows": 6, "Plan Width": 172, "Actual Startup Time": 132656.508, "Actual Total Time": 132656.508, "Actual Rows": 4, "Actual Loops": 1, "Sort Key": ["l_returnflag", "l_linestatus"], "Sort Method": "quicksort", "Sort Space Used": 25, "Sort Space Type": "Memory", "Plans": [{"Node Type": "Aggregate", "Strategy": "Hashed", "Parent Relationship": "Outer", "Startup Cost": 4515800.27, "Total Cost": 4515800.38, "Plan Rows": 6, "Plan Width": 172, "Actual Startup Time": 132656.41, "Actual Total Time": 132656.414, "Actual Rows": 4, "Actual Loops": 1, "Group By Key": ["l_returnflag", "l_linestatus"], "Plans": [{"Node Type": "Seq Scan", "Parent Relationship": "Outer", "Relation Name": "lineitem", "Alias": "lineitem", "Startup Cost": 3.13, "Total Cost": 2165082.91, "Plan Rows": 58767934, "Plan Width": 36, "Actual Startup Time": 0.03, "Actual Total Time": 27802.259, "Actual Rows": 58773499, "Actual Loops": 1, "Filter": "(l_shipdate <= '1998-08-15 00:00:00'::timestamp without time zone), (LLVM Optimized, Jit Execute)", "Rows Removed by Filter": 1212553}]}]}, "Triggers": [], "Planner Runtime": 0.341, "Total Runtime": 132667.948, "Unique SQL Id": 177413717}}, "(16, 23)": {"explain_plan": {"Plan": {"Node Type": "Sort", "Startup Cost": 6389801.46, "Total Cost": 6389801.47, "Plan Rows": 6, "Plan Width": 172, "Sort Key": ["l_returnflag", "l_linestatus"], "Plans": [{"Node Type": "Aggregate", "Strategy": "Hashed", "Parent Relationship": "Outer", "Startup Cost": 6389801.27, "Total Cost": 6389801.38, "Plan Rows": 6, "Plan Width": 172, "Group By Key": ["l_returnflag", "l_linestatus"], "Plans": [{"Node Type": "Bitmap Heap Scan", "Parent Relationship": "Outer", "Relation Name": "lineitem", "Alias": "lineitem", "Startup Cost": 1889239.74, "Total Cost": 4039083.91, "Plan Rows": 58767934, "Plan Width": 36, "Recheck Cond": "(l_shipdate <= '1998-08-15 00:00:00'::timestamp without time zone), (LLVM Optimized)", "Plans": [{"Node Type": "Bitmap Index Scan", "Parent Relationship": "Outer", "Index Name": "idx_lineitem_shipdate", "Startup Cost": 0.0, "Total Cost": 1874547.75, "Plan Rows": 58767934, "Plan Width": 0, "Index Cond": "(l_shipdate <= '1998-08-15 00:00:00'::timestamp without time zone)"}]}]}]}, "Unique SQL Id": 177413717}, "explain_analyze_plan": {"Plan": {"Node Type": "Sort", "Startup Cost": 6389801.46, "Total Cost": 6389801.47, "Plan Rows": 6, "Plan Width": 172, "Actual Startup Time": 153005.354, "Actual Total Time": 153005.354, "Actual Rows": 4, "Actual Loops": 1, "Sort Key": ["l_returnflag", "l_linestatus"], "Sort Method": "quicksort", "Sort Space Used": 25, "Sort Space Type": "Memory", "Plans": [{"Node Type": "Aggregate", "Strategy": "Hashed", "Parent Relationship": "Outer", "Startup Cost": 6389801.27, "Total Cost": 6389801.38, "Plan Rows": 6, "Plan Width": 172, "Actual Startup Time": 153005.293, "Actual Total Time": 153005.295, "Actual Rows": 4, "Actual Loops": 1, "Group By Key": ["l_returnflag", "l_linestatus"], "Plans": [{"Node Type": "Bitmap Heap Scan", "Parent Relationship": "Outer", "Relation Name": "lineitem", "Alias": "lineitem", "Startup Cost": 1889239.74, "Total Cost": 4039083.91, "Plan Rows": 58767934, "Plan Width": 36, "Actual Startup Time": 20873.158, "Actual Total Time": 51413.022, "Actual Rows": 58773499, "Actual Loops": 1, "Recheck Cond": "(l_shipdate <= '1998-08-15 00:00:00'::timestamp without time zone), (LLVM Optimized, Jit Execute)", "Rows Removed by Index Recheck": 0, "Exact Heap Blocks": 1415245, "Lossy Heap Blocks": 1415245, "Plans": [{"Node Type": "Bitmap Index Scan", "Parent Relationship": "Outer", "Index Name": "idx_lineitem_shipdate", "Startup Cost": 0.0, "Total Cost": 1874547.75, "Plan Rows": 58767934, "Plan Width": 0, "Actual Startup Time": 20269.977, "Actual Total Time": 20269.977, "Actual Rows": 58773499, "Actual Loops": 1, "Index Cond": "(l_shipdate <= '1998-08-15 00:00:00'::timestamp without time zone)"}]}]}]}, "Triggers": [], "Planner Runtime": 0.361, "Total Runtime": 153018.35, "Unique SQL Id": 177413717}}, "(16, 24)": {"explain_plan": {"Plan": {"Node Type": "Sort", "Startup Cost": 4515800.46, "Total Cost": 4515800.47, "Plan Rows": 6, "Plan Width": 172, "Sort Key": ["l_returnflag", "l_linestatus"], "Plans": [{"Node Type": "Aggregate", "Strategy": "Hashed", "Parent Relationship": "Outer", "Startup Cost": 4515800.27, "Total Cost": 4515800.38, "Plan Rows": 6, "Plan Width": 172, "Group By Key": ["l_returnflag", "l_linestatus"], "Plans": [{"Node Type": "Seq Scan", "Parent Relationship": "Outer", "Relation Name": "lineitem", "Alias": "lineitem", "Startup Cost": 3.13, "Total Cost": 2165082.91, "Plan Rows": 58767934, "Plan Width": 36, "Filter": "(l_shipdate <= '1998-08-15 00:00:00'::timestamp without time zone), (LLVM Optimized)"}]}]}, "Unique SQL Id": 177413717}, "explain_analyze_plan": {"Plan": {"Node Type": "Sort", "Startup Cost": 4515800.46, "Total Cost": 4515800.47, "Plan Rows": 6, "Plan Width": 172, "Actual Startup Time": 132656.508, "Actual Total Time": 132656.508, "Actual Rows": 4, "Actual Loops": 1, "Sort Key": ["l_returnflag", "l_linestatus"], "Sort Method": "quicksort", "Sort Space Used": 25, "Sort Space Type": "Memory", "Plans": [{"Node Type": "Aggregate", "Strategy": "Hashed", "Parent Relationship": "Outer", "Startup Cost": 4515800.27, "Total Cost": 4515800.38, "Plan Rows": 6, "Plan Width": 172, "Actual Startup Time": 132656.41, "Actual Total Time": 132656.414, "Actual Rows": 4, "Actual Loops": 1, "Group By Key": ["l_returnflag", "l_linestatus"], "Plans": [{"Node Type": "Seq Scan", "Parent Relationship": "Outer", "Relation Name": "lineitem", "Alias": "lineitem", "Startup Cost": 3.13, "Total Cost": 2165082.91, "Plan Rows": 58767934, "Plan Width": 36, "Actual Startup Time": 0.03, "Actual Total Time": 27802.259, "Actual Rows": 58773499, "Actual Loops": 1, "Filter": "(l_shipdate <= '1998-08-15 00:00:00'::timestamp without time zone), (LLVM Optimized, Jit Execute)", "Rows Removed by Filter": 1212553}]}]}, "Triggers": [], "Planner Runtime": 0.341, "Total Runtime": 132667.948, "Unique SQL Id": 177413717}}, "(16, 25)": {"explain_plan": {"Plan": {"Node Type": "Sort", "Startup Cost": 10473924.63, "Total Cost": 10473924.64, "Plan Rows": 6, "Plan Width": 172, "Sort Key": ["l_returnflag", "l_linestatus"], "Plans": [{"Node Type": "Aggregate", "Strategy": "Hashed", "Parent Relationship": "Outer", "Startup Cost": 10473924.44, "Total Cost": 10473924.55, "Plan Rows": 6, "Plan Width": 172, "Group By Key": ["l_returnflag", "l_linestatus"], "Plans": [{"Node Type": "Index Scan", "Parent Relationship": "Outer", "Scan Direction": "Forward", "Index Name": "idx_lineitem_shipdate", "Relation Name": "lineitem", "Alias": "lineitem", "Startup Cost": 0.0, "Total Cost": 8123207.08, "Plan Rows": 58767934, "Plan Width": 36, "Index Cond": "(l_shipdate <= '1998-08-15 00:00:00'::timestamp without time zone), (LLVM Optimized)"}]}]}, "Unique SQL Id": 177413717}, "explain_analyze_plan": {"Plan": {"Node Type": "Sort", "Startup Cost": 10473924.63, "Total Cost": 10473924.64, "Plan Rows": 6, "Plan Width": 172, "Actual Startup Time": 269422.163, "Actual Total Time": 269422.164, "Actual Rows": 4, "Actual Loops": 1, "Sort Key": ["l_returnflag", "l_linestatus"], "Sort Method": "quicksort", "Sort Space Used": 25, "Sort Space Type": "Memory", "Plans": [{"Node Type": "Aggregate", "Strategy": "Hashed", "Parent Relationship": "Outer", "Startup Cost": 10473924.44, "Total Cost": 10473924.55, "Plan Rows": 6, "Plan Width": 172, "Actual Startup Time": 269421.997, "Actual Total Time": 269422.016, "Actual Rows": 4, "Actual Loops": 1, "Group By Key": ["l_returnflag", "l_linestatus"], "Plans": [{"Node Type": "Index Scan", "Parent Relationship": "Outer", "Scan Direction": "Forward", "Index Name": "idx_lineitem_shipdate", "Relation Name": "lineitem", "Alias": "lineitem", "Startup Cost": 0.0, "Total Cost": 8123207.08, "Plan Rows": 58767934, "Plan Width": 36, "Actual Startup Time": 0.051, "Actual Total Time": 155909.29, "Actual Rows": 58773499, "Actual Loops": 1, "Index Cond": "(l_shipdate <= '1998-08-15 00:00:00'::timestamp without time zone), (LLVM Optimized, Jit Execute)", "Rows Removed by Index Recheck": 0}]}]}, "Triggers": [], "Planner Runtime": 0.326, "Total Runtime": 269433.851, "Unique SQL Id": 177413717}}, "(16, 26)": {"explain_plan": {"Plan": {"Node Type": "Sort", "Startup Cost": 4515800.46, "Total Cost": 4515800.47, "Plan Rows": 6, "Plan Width": 172, "Sort Key": ["l_returnflag", "l_linestatus"], "Plans": [{"Node Type": "Aggregate", "Strategy": "Hashed", "Parent Relationship": "Outer", "Startup Cost": 4515800.27, "Total Cost": 4515800.38, "Plan Rows": 6, "Plan Width": 172, "Group By Key": ["l_returnflag", "l_linestatus"], "Plans": [{"Node Type": "Seq Scan", "Parent Relationship": "Outer", "Relation Name": "lineitem", "Alias": "lineitem", "Startup Cost": 3.13, "Total Cost": 2165082.91, "Plan Rows": 58767934, "Plan Width": 36, "Filter": "(l_shipdate <= '1998-08-15 00:00:00'::timestamp without time zone), (LLVM Optimized)"}]}]}, "Unique SQL Id": 177413717}, "explain_analyze_plan": {"Plan": {"Node Type": "Sort", "Startup Cost": 4515800.46, "Total Cost": 4515800.47, "Plan Rows": 6, "Plan Width": 172, "Actual Startup Time": 132656.508, "Actual Total Time": 132656.508, "Actual Rows": 4, "Actual Loops": 1, "Sort Key": ["l_returnflag", "l_linestatus"], "Sort Method": "quicksort", "Sort Space Used": 25, "Sort Space Type": "Memory", "Plans": [{"Node Type": "Aggregate", "Strategy": "Hashed", "Parent Relationship": "Outer", "Startup Cost": 4515800.27, "Total Cost": 4515800.38, "Plan Rows": 6, "Plan Width": 172, "Actual Startup Time": 132656.41, "Actual Total Time": 132656.414, "Actual Rows": 4, "Actual Loops": 1, "Group By Key": ["l_returnflag", "l_linestatus"], "Plans": [{"Node Type": "Seq Scan", "Parent Relationship": "Outer", "Relation Name": "lineitem", "Alias": "lineitem", "Startup Cost": 3.13, "Total Cost": 2165082.91, "Plan Rows": 58767934, "Plan Width": 36, "Actual Startup Time": 0.03, "Actual Total Time": 27802.259, "Actual Rows": 58773499, "Actual Loops": 1, "Filter": "(l_shipdate <= '1998-08-15 00:00:00'::timestamp without time zone), (LLVM Optimized, Jit Execute)", "Rows Removed by Filter": 1212553}]}]}, "Triggers": [], "Planner Runtime": 0.341, "Total Runtime": 132667.948, "Unique SQL Id": 177413717}}, "(16, 27)": {"explain_plan": {"Plan": {"Node Type": "Sort", "Startup Cost": 1000218859008.79, "Total Cost": 1000218859008.81, "Plan Rows": 6, "Plan Width": 172, "Sort Key": ["l_returnflag", "l_linestatus"], "Plans": [{"Node Type": "Aggregate", "Strategy": "Hashed", "Parent Relationship": "Outer", "Startup Cost": 1000218859008.61, "Total Cost": 1000218859008.72, "Plan Rows": 6, "Plan Width": 172, "Group By Key": ["l_returnflag", "l_linestatus"], "Plans": [{"Node Type": "Seq Scan", "Parent Relationship": "Outer", "Relation Name": "lineitem", "Alias": "lineitem", "Startup Cost": 10000000003.1, "Total Cost": 1000216508291.25, "Plan Rows": 58767934, "Plan Width": 36, "Filter": "(l_shipdate <= '1998-08-15 00:00:00'::timestamp without time zone), (LLVM Optimized)"}]}]}, "Unique SQL Id": 177413717}, "explain_analyze_plan": {"Plan": {"Node Type": "Sort", "Startup Cost": 1000218859008.79, "Total Cost": 1000218859008.81, "Plan Rows": 6, "Plan Width": 172, "Actual Startup Time": 134311.273, "Actual Total Time": 134311.273, "Actual Rows": 4, "Actual Loops": 1, "Sort Key": ["l_returnflag", "l_linestatus"], "Sort Method": "quicksort", "Sort Space Used": 25, "Sort Space Type": "Memory", "Plans": [{"Node Type": "Aggregate", "Strategy": "Hashed", "Parent Relationship": "Outer", "Startup Cost": 1000218859008.61, "Total Cost": 1000218859008.72, "Plan Rows": 6, "Plan Width": 172, "Actual Startup Time": 134311.085, "Actual Total Time": 134311.104, "Actual Rows": 4, "Actual Loops": 1, "Group By Key": ["l_returnflag", "l_linestatus"], "Plans": [{"Node Type": "Seq Scan", "Parent Relationship": "Outer", "Relation Name": "lineitem", "Alias": "lineitem", "Startup Cost": 10000000003.1, "Total Cost": 1000216508291.25, "Plan Rows": 58767934, "Plan Width": 36, "Actual Startup Time": 0.022, "Actual Total Time": 27834.189, "Actual Rows": 58773499, "Actual Loops": 1, "Filter": "(l_shipdate <= '1998-08-15 00:00:00'::timestamp without time zone), (LLVM Optimized, Jit Execute)", "Rows Removed by Filter": 1212553}]}]}, "Triggers": [], "Planner Runtime": 0.327, "Total Runtime": 134322.809, "Unique SQL Id": 177413717}}, "(16, 28)": {"explain_plan": {"Plan": {"Node Type": "Sort", "Startup Cost": 4515800.46, "Total Cost": 4515800.47, "Plan Rows": 6, "Plan Width": 172, "Sort Key": ["l_returnflag", "l_linestatus"], "Plans": [{"Node Type": "Aggregate", "Strategy": "Hashed", "Parent Relationship": "Outer", "Startup Cost": 4515800.27, "Total Cost": 4515800.38, "Plan Rows": 6, "Plan Width": 172, "Group By Key": ["l_returnflag", "l_linestatus"], "Plans": [{"Node Type": "Seq Scan", "Parent Relationship": "Outer", "Relation Name": "lineitem", "Alias": "lineitem", "Startup Cost": 3.13, "Total Cost": 2165082.91, "Plan Rows": 58767934, "Plan Width": 36, "Filter": "(l_shipdate <= '1998-08-15 00:00:00'::timestamp without time zone), (LLVM Optimized)"}]}]}, "Unique SQL Id": 177413717}, "explain_analyze_plan": {"Plan": {"Node Type": "Sort", "Startup Cost": 4515800.46, "Total Cost": 4515800.47, "Plan Rows": 6, "Plan Width": 172, "Actual Startup Time": 132656.508, "Actual Total Time": 132656.508, "Actual Rows": 4, "Actual Loops": 1, "Sort Key": ["l_returnflag", "l_linestatus"], "Sort Method": "quicksort", "Sort Space Used": 25, "Sort Space Type": "Memory", "Plans": [{"Node Type": "Aggregate", "Strategy": "Hashed", "Parent Relationship": "Outer", "Startup Cost": 4515800.27, "Total Cost": 4515800.38, "Plan Rows": 6, "Plan Width": 172, "Actual Startup Time": 132656.41, "Actual Total Time": 132656.414, "Actual Rows": 4, "Actual Loops": 1, "Group By Key": ["l_returnflag", "l_linestatus"], "Plans": [{"Node Type": "Seq Scan", "Parent Relationship": "Outer", "Relation Name": "lineitem", "Alias": "lineitem", "Startup Cost": 3.13, "Total Cost": 2165082.91, "Plan Rows": 58767934, "Plan Width": 36, "Actual Startup Time": 0.03, "Actual Total Time": 27802.259, "Actual Rows": 58773499, "Actual Loops": 1, "Filter": "(l_shipdate <= '1998-08-15 00:00:00'::timestamp without time zone), (LLVM Optimized, Jit Execute)", "Rows Removed by Filter": 1212553}]}]}, "Triggers": [], "Planner Runtime": 0.341, "Total Runtime": 132667.948, "Unique SQL Id": 177413717}}, "(16, 29)": {"explain_plan": {"Plan": {"Node Type": "Sort", "Startup Cost": 10473924.63, "Total Cost": 10473924.64, "Plan Rows": 6, "Plan Width": 172, "Sort Key": ["l_returnflag", "l_linestatus"], "Plans": [{"Node Type": "Aggregate", "Strategy": "Hashed", "Parent Relationship": "Outer", "Startup Cost": 10473924.44, "Total Cost": 10473924.55, "Plan Rows": 6, "Plan Width": 172, "Group By Key": ["l_returnflag", "l_linestatus"], "Plans": [{"Node Type": "Index Scan", "Parent Relationship": "Outer", "Scan Direction": "Forward", "Index Name": "idx_lineitem_shipdate", "Relation Name": "lineitem", "Alias": "lineitem", "Startup Cost": 0.0, "Total Cost": 8123207.08, "Plan Rows": 58767934, "Plan Width": 36, "Index Cond": "(l_shipdate <= '1998-08-15 00:00:00'::timestamp without time zone), (LLVM Optimized)"}]}]}, "Unique SQL Id": 177413717}, "explain_analyze_plan": {"Plan": {"Node Type": "Sort", "Startup Cost": 10473924.63, "Total Cost": 10473924.64, "Plan Rows": 6, "Plan Width": 172, "Actual Startup Time": 269422.163, "Actual Total Time": 269422.164, "Actual Rows": 4, "Actual Loops": 1, "Sort Key": ["l_returnflag", "l_linestatus"], "Sort Method": "quicksort", "Sort Space Used": 25, "Sort Space Type": "Memory", "Plans": [{"Node Type": "Aggregate", "Strategy": "Hashed", "Parent Relationship": "Outer", "Startup Cost": 10473924.44, "Total Cost": 10473924.55, "Plan Rows": 6, "Plan Width": 172, "Actual Startup Time": 269421.997, "Actual Total Time": 269422.016, "Actual Rows": 4, "Actual Loops": 1, "Group By Key": ["l_returnflag", "l_linestatus"], "Plans": [{"Node Type": "Index Scan", "Parent Relationship": "Outer", "Scan Direction": "Forward", "Index Name": "idx_lineitem_shipdate", "Relation Name": "lineitem", "Alias": "lineitem", "Startup Cost": 0.0, "Total Cost": 8123207.08, "Plan Rows": 58767934, "Plan Width": 36, "Actual Startup Time": 0.051, "Actual Total Time": 155909.29, "Actual Rows": 58773499, "Actual Loops": 1, "Index Cond": "(l_shipdate <= '1998-08-15 00:00:00'::timestamp without time zone), (LLVM Optimized, Jit Execute)", "Rows Removed by Index Recheck": 0}]}]}, "Triggers": [], "Planner Runtime": 0.326, "Total Runtime": 269433.851, "Unique SQL Id": 177413717}}, "(16, 30)": {"explain_plan": {"Plan": {"Node Type": "Sort", "Startup Cost": 4515800.46, "Total Cost": 4515800.47, "Plan Rows": 6, "Plan Width": 172, "Sort Key": ["l_returnflag", "l_linestatus"], "Plans": [{"Node Type": "Aggregate", "Strategy": "Hashed", "Parent Relationship": "Outer", "Startup Cost": 4515800.27, "Total Cost": 4515800.38, "Plan Rows": 6, "Plan Width": 172, "Group By Key": ["l_returnflag", "l_linestatus"], "Plans": [{"Node Type": "Seq Scan", "Parent Relationship": "Outer", "Relation Name": "lineitem", "Alias": "lineitem", "Startup Cost": 3.13, "Total Cost": 2165082.91, "Plan Rows": 58767934, "Plan Width": 36, "Filter": "(l_shipdate <= '1998-08-15 00:00:00'::timestamp without time zone), (LLVM Optimized)"}]}]}, "Unique SQL Id": 177413717}, "explain_analyze_plan": {"Plan": {"Node Type": "Sort", "Startup Cost": 4515800.46, "Total Cost": 4515800.47, "Plan Rows": 6, "Plan Width": 172, "Actual Startup Time": 132656.508, "Actual Total Time": 132656.508, "Actual Rows": 4, "Actual Loops": 1, "Sort Key": ["l_returnflag", "l_linestatus"], "Sort Method": "quicksort", "Sort Space Used": 25, "Sort Space Type": "Memory", "Plans": [{"Node Type": "Aggregate", "Strategy": "Hashed", "Parent Relationship": "Outer", "Startup Cost": 4515800.27, "Total Cost": 4515800.38, "Plan Rows": 6, "Plan Width": 172, "Actual Startup Time": 132656.41, "Actual Total Time": 132656.414, "Actual Rows": 4, "Actual Loops": 1, "Group By Key": ["l_returnflag", "l_linestatus"], "Plans": [{"Node Type": "Seq Scan", "Parent Relationship": "Outer", "Relation Name": "lineitem", "Alias": "lineitem", "Startup Cost": 3.13, "Total Cost": 2165082.91, "Plan Rows": 58767934, "Plan Width": 36, "Actual Startup Time": 0.03, "Actual Total Time": 27802.259, "Actual Rows": 58773499, "Actual Loops": 1, "Filter": "(l_shipdate <= '1998-08-15 00:00:00'::timestamp without time zone), (LLVM Optimized, Jit Execute)", "Rows Removed by Filter": 1212553}]}]}, "Triggers": [], "Planner Runtime": 0.341, "Total Runtime": 132667.948, "Unique SQL Id": 177413717}}, "(16, 31)": {"explain_plan": {"Plan": {"Node Type": "Sort", "Startup Cost": 1000218859008.79, "Total Cost": 1000218859008.81, "Plan Rows": 6, "Plan Width": 172, "Sort Key": ["l_returnflag", "l_linestatus"], "Plans": [{"Node Type": "Aggregate", "Strategy": "Hashed", "Parent Relationship": "Outer", "Startup Cost": 1000218859008.61, "Total Cost": 1000218859008.72, "Plan Rows": 6, "Plan Width": 172, "Group By Key": ["l_returnflag", "l_linestatus"], "Plans": [{"Node Type": "Seq Scan", "Parent Relationship": "Outer", "Relation Name": "lineitem", "Alias": "lineitem", "Startup Cost": 10000000003.1, "Total Cost": 1000216508291.25, "Plan Rows": 58767934, "Plan Width": 36, "Filter": "(l_shipdate <= '1998-08-15 00:00:00'::timestamp without time zone), (LLVM Optimized)"}]}]}, "Unique SQL Id": 177413717}, "explain_analyze_plan": {"Plan": {"Node Type": "Sort", "Startup Cost": 1000218859008.79, "Total Cost": 1000218859008.81, "Plan Rows": 6, "Plan Width": 172, "Actual Startup Time": 134311.273, "Actual Total Time": 134311.273, "Actual Rows": 4, "Actual Loops": 1, "Sort Key": ["l_returnflag", "l_linestatus"], "Sort Method": "quicksort", "Sort Space Used": 25, "Sort Space Type": "Memory", "Plans": [{"Node Type": "Aggregate", "Strategy": "Hashed", "Parent Relationship": "Outer", "Startup Cost": 1000218859008.61, "Total Cost": 1000218859008.72, "Plan Rows": 6, "Plan Width": 172, "Actual Startup Time": 134311.085, "Actual Total Time": 134311.104, "Actual Rows": 4, "Actual Loops": 1, "Group By Key": ["l_returnflag", "l_linestatus"], "Plans": [{"Node Type": "Seq Scan", "Parent Relationship": "Outer", "Relation Name": "lineitem", "Alias": "lineitem", "Startup Cost": 10000000003.1, "Total Cost": 1000216508291.25, "Plan Rows": 58767934, "Plan Width": 36, "Actual Startup Time": 0.022, "Actual Total Time": 27834.189, "Actual Rows": 58773499, "Actual Loops": 1, "Filter": "(l_shipdate <= '1998-08-15 00:00:00'::timestamp without time zone), (LLVM Optimized, Jit Execute)", "Rows Removed by Filter": 1212553}]}]}, "Triggers": [], "Planner Runtime": 0.327, "Total Runtime": 134322.809, "Unique SQL Id": 177413717}}, "(16, 32)": {"explain_plan": {"Plan": {"Node Type": "Sort", "Startup Cost": 4515800.46, "Total Cost": 4515800.47, "Plan Rows": 6, "Plan Width": 172, "Sort Key": ["l_returnflag", "l_linestatus"], "Plans": [{"Node Type": "Aggregate", "Strategy": "Hashed", "Parent Relationship": "Outer", "Startup Cost": 4515800.27, "Total Cost": 4515800.38, "Plan Rows": 6, "Plan Width": 172, "Group By Key": ["l_returnflag", "l_linestatus"], "Plans": [{"Node Type": "Seq Scan", "Parent Relationship": "Outer", "Relation Name": "lineitem", "Alias": "lineitem", "Startup Cost": 3.13, "Total Cost": 2165082.91, "Plan Rows": 58767934, "Plan Width": 36, "Filter": "(l_shipdate <= '1998-08-15 00:00:00'::timestamp without time zone), (LLVM Optimized)"}]}]}, "Unique SQL Id": 177413717}, "explain_analyze_plan": {"Plan": {"Node Type": "Sort", "Startup Cost": 4515800.46, "Total Cost": 4515800.47, "Plan Rows": 6, "Plan Width": 172, "Actual Startup Time": 132656.508, "Actual Total Time": 132656.508, "Actual Rows": 4, "Actual Loops": 1, "Sort Key": ["l_returnflag", "l_linestatus"], "Sort Method": "quicksort", "Sort Space Used": 25, "Sort Space Type": "Memory", "Plans": [{"Node Type": "Aggregate", "Strategy": "Hashed", "Parent Relationship": "Outer", "Startup Cost": 4515800.27, "Total Cost": 4515800.38, "Plan Rows": 6, "Plan Width": 172, "Actual Startup Time": 132656.41, "Actual Total Time": 132656.414, "Actual Rows": 4, "Actual Loops": 1, "Group By Key": ["l_returnflag", "l_linestatus"], "Plans": [{"Node Type": "Seq Scan", "Parent Relationship": "Outer", "Relation Name": "lineitem", "Alias": "lineitem", "Startup Cost": 3.13, "Total Cost": 2165082.91, "Plan Rows": 58767934, "Plan Width": 36, "Actual Startup Time": 0.03, "Actual Total Time": 27802.259, "Actual Rows": 58773499, "Actual Loops": 1, "Filter": "(l_shipdate <= '1998-08-15 00:00:00'::timestamp without time zone), (LLVM Optimized, Jit Execute)", "Rows Removed by Filter": 1212553}]}]}, "Triggers": [], "Planner Runtime": 0.341, "Total Runtime": 132667.948, "Unique SQL Id": 177413717}}, "(16, 33)": {"explain_plan": {"Plan": {"Node Type": "Sort", "Startup Cost": 6389801.46, "Total Cost": 6389801.47, "Plan Rows": 6, "Plan Width": 172, "Sort Key": ["l_returnflag", "l_linestatus"], "Plans": [{"Node Type": "Aggregate", "Strategy": "Hashed", "Parent Relationship": "Outer", "Startup Cost": 6389801.27, "Total Cost": 6389801.38, "Plan Rows": 6, "Plan Width": 172, "Group By Key": ["l_returnflag", "l_linestatus"], "Plans": [{"Node Type": "Bitmap Heap Scan", "Parent Relationship": "Outer", "Relation Name": "lineitem", "Alias": "lineitem", "Startup Cost": 1889239.74, "Total Cost": 4039083.91, "Plan Rows": 58767934, "Plan Width": 36, "Recheck Cond": "(l_shipdate <= '1998-08-15 00:00:00'::timestamp without time zone), (LLVM Optimized)", "Plans": [{"Node Type": "Bitmap Index Scan", "Parent Relationship": "Outer", "Index Name": "idx_lineitem_shipdate", "Startup Cost": 0.0, "Total Cost": 1874547.75, "Plan Rows": 58767934, "Plan Width": 0, "Index Cond": "(l_shipdate <= '1998-08-15 00:00:00'::timestamp without time zone)"}]}]}]}, "Unique SQL Id": 177413717}, "explain_analyze_plan": {"Plan": {"Node Type": "Sort", "Startup Cost": 6389801.46, "Total Cost": 6389801.47, "Plan Rows": 6, "Plan Width": 172, "Actual Startup Time": 153005.354, "Actual Total Time": 153005.354, "Actual Rows": 4, "Actual Loops": 1, "Sort Key": ["l_returnflag", "l_linestatus"], "Sort Method": "quicksort", "Sort Space Used": 25, "Sort Space Type": "Memory", "Plans": [{"Node Type": "Aggregate", "Strategy": "Hashed", "Parent Relationship": "Outer", "Startup Cost": 6389801.27, "Total Cost": 6389801.38, "Plan Rows": 6, "Plan Width": 172, "Actual Startup Time": 153005.293, "Actual Total Time": 153005.295, "Actual Rows": 4, "Actual Loops": 1, "Group By Key": ["l_returnflag", "l_linestatus"], "Plans": [{"Node Type": "Bitmap Heap Scan", "Parent Relationship": "Outer", "Relation Name": "lineitem", "Alias": "lineitem", "Startup Cost": 1889239.74, "Total Cost": 4039083.91, "Plan Rows": 58767934, "Plan Width": 36, "Actual Startup Time": 20873.158, "Actual Total Time": 51413.022, "Actual Rows": 58773499, "Actual Loops": 1, "Recheck Cond": "(l_shipdate <= '1998-08-15 00:00:00'::timestamp without time zone), (LLVM Optimized, Jit Execute)", "Rows Removed by Index Recheck": 0, "Exact Heap Blocks": 1415245, "Lossy Heap Blocks": 1415245, "Plans": [{"Node Type": "Bitmap Index Scan", "Parent Relationship": "Outer", "Index Name": "idx_lineitem_shipdate", "Startup Cost": 0.0, "Total Cost": 1874547.75, "Plan Rows": 58767934, "Plan Width": 0, "Actual Startup Time": 20269.977, "Actual Total Time": 20269.977, "Actual Rows": 58773499, "Actual Loops": 1, "Index Cond": "(l_shipdate <= '1998-08-15 00:00:00'::timestamp without time zone)"}]}]}]}, "Triggers": [], "Planner Runtime": 0.361, "Total Runtime": 153018.35, "Unique SQL Id": 177413717}}, "(16, 34)": {"explain_plan": {"Plan": {"Node Type": "Sort", "Startup Cost": 4515800.46, "Total Cost": 4515800.47, "Plan Rows": 6, "Plan Width": 172, "Sort Key": ["l_returnflag", "l_linestatus"], "Plans": [{"Node Type": "Aggregate", "Strategy": "Hashed", "Parent Relationship": "Outer", "Startup Cost": 4515800.27, "Total Cost": 4515800.38, "Plan Rows": 6, "Plan Width": 172, "Group By Key": ["l_returnflag", "l_linestatus"], "Plans": [{"Node Type": "Seq Scan", "Parent Relationship": "Outer", "Relation Name": "lineitem", "Alias": "lineitem", "Startup Cost": 3.13, "Total Cost": 2165082.91, "Plan Rows": 58767934, "Plan Width": 36, "Filter": "(l_shipdate <= '1998-08-15 00:00:00'::timestamp without time zone), (LLVM Optimized)"}]}]}, "Unique SQL Id": 177413717}, "explain_analyze_plan": {"Plan": {"Node Type": "Sort", "Startup Cost": 4515800.46, "Total Cost": 4515800.47, "Plan Rows": 6, "Plan Width": 172, "Actual Startup Time": 132656.508, "Actual Total Time": 132656.508, "Actual Rows": 4, "Actual Loops": 1, "Sort Key": ["l_returnflag", "l_linestatus"], "Sort Method": "quicksort", "Sort Space Used": 25, "Sort Space Type": "Memory", "Plans": [{"Node Type": "Aggregate", "Strategy": "Hashed", "Parent Relationship": "Outer", "Startup Cost": 4515800.27, "Total Cost": 4515800.38, "Plan Rows": 6, "Plan Width": 172, "Actual Startup Time": 132656.41, "Actual Total Time": 132656.414, "Actual Rows": 4, "Actual Loops": 1, "Group By Key": ["l_returnflag", "l_linestatus"], "Plans": [{"Node Type": "Seq Scan", "Parent Relationship": "Outer", "Relation Name": "lineitem", "Alias": "lineitem", "Startup Cost": 3.13, "Total Cost": 2165082.91, "Plan Rows": 58767934, "Plan Width": 36, "Actual Startup Time": 0.03, "Actual Total Time": 27802.259, "Actual Rows": 58773499, "Actual Loops": 1, "Filter": "(l_shipdate <= '1998-08-15 00:00:00'::timestamp without time zone), (LLVM Optimized, Jit Execute)", "Rows Removed by Filter": 1212553}]}]}, "Triggers": [], "Planner Runtime": 0.341, "Total Runtime": 132667.948, "Unique SQL Id": 177413717}}, "(16, 35)": {"explain_plan": {"Plan": {"Node Type": "Sort", "Startup Cost": 6389801.46, "Total Cost": 6389801.47, "Plan Rows": 6, "Plan Width": 172, "Sort Key": ["l_returnflag", "l_linestatus"], "Plans": [{"Node Type": "Aggregate", "Strategy": "Hashed", "Parent Relationship": "Outer", "Startup Cost": 6389801.27, "Total Cost": 6389801.38, "Plan Rows": 6, "Plan Width": 172, "Group By Key": ["l_returnflag", "l_linestatus"], "Plans": [{"Node Type": "Bitmap Heap Scan", "Parent Relationship": "Outer", "Relation Name": "lineitem", "Alias": "lineitem", "Startup Cost": 1889239.74, "Total Cost": 4039083.91, "Plan Rows": 58767934, "Plan Width": 36, "Recheck Cond": "(l_shipdate <= '1998-08-15 00:00:00'::timestamp without time zone), (LLVM Optimized)", "Plans": [{"Node Type": "Bitmap Index Scan", "Parent Relationship": "Outer", "Index Name": "idx_lineitem_shipdate", "Startup Cost": 0.0, "Total Cost": 1874547.75, "Plan Rows": 58767934, "Plan Width": 0, "Index Cond": "(l_shipdate <= '1998-08-15 00:00:00'::timestamp without time zone)"}]}]}]}, "Unique SQL Id": 177413717}, "explain_analyze_plan": {"Plan": {"Node Type": "Sort", "Startup Cost": 6389801.46, "Total Cost": 6389801.47, "Plan Rows": 6, "Plan Width": 172, "Actual Startup Time": 153005.354, "Actual Total Time": 153005.354, "Actual Rows": 4, "Actual Loops": 1, "Sort Key": ["l_returnflag", "l_linestatus"], "Sort Method": "quicksort", "Sort Space Used": 25, "Sort Space Type": "Memory", "Plans": [{"Node Type": "Aggregate", "Strategy": "Hashed", "Parent Relationship": "Outer", "Startup Cost": 6389801.27, "Total Cost": 6389801.38, "Plan Rows": 6, "Plan Width": 172, "Actual Startup Time": 153005.293, "Actual Total Time": 153005.295, "Actual Rows": 4, "Actual Loops": 1, "Group By Key": ["l_returnflag", "l_linestatus"], "Plans": [{"Node Type": "Bitmap Heap Scan", "Parent Relationship": "Outer", "Relation Name": "lineitem", "Alias": "lineitem", "Startup Cost": 1889239.74, "Total Cost": 4039083.91, "Plan Rows": 58767934, "Plan Width": 36, "Actual Startup Time": 20873.158, "Actual Total Time": 51413.022, "Actual Rows": 58773499, "Actual Loops": 1, "Recheck Cond": "(l_shipdate <= '1998-08-15 00:00:00'::timestamp without time zone), (LLVM Optimized, Jit Execute)", "Rows Removed by Index Recheck": 0, "Exact Heap Blocks": 1415245, "Lossy Heap Blocks": 1415245, "Plans": [{"Node Type": "Bitmap Index Scan", "Parent Relationship": "Outer", "Index Name": "idx_lineitem_shipdate", "Startup Cost": 0.0, "Total Cost": 1874547.75, "Plan Rows": 58767934, "Plan Width": 0, "Actual Startup Time": 20269.977, "Actual Total Time": 20269.977, "Actual Rows": 58773499, "Actual Loops": 1, "Index Cond": "(l_shipdate <= '1998-08-15 00:00:00'::timestamp without time zone)"}]}]}]}, "Triggers": [], "Planner Runtime": 0.361, "Total Runtime": 153018.35, "Unique SQL Id": 177413717}}, "(16, 36)": {"explain_plan": {"Plan": {"Node Type": "Sort", "Startup Cost": 4515800.46, "Total Cost": 4515800.47, "Plan Rows": 6, "Plan Width": 172, "Sort Key": ["l_returnflag", "l_linestatus"], "Plans": [{"Node Type": "Aggregate", "Strategy": "Hashed", "Parent Relationship": "Outer", "Startup Cost": 4515800.27, "Total Cost": 4515800.38, "Plan Rows": 6, "Plan Width": 172, "Group By Key": ["l_returnflag", "l_linestatus"], "Plans": [{"Node Type": "Seq Scan", "Parent Relationship": "Outer", "Relation Name": "lineitem", "Alias": "lineitem", "Startup Cost": 3.13, "Total Cost": 2165082.91, "Plan Rows": 58767934, "Plan Width": 36, "Filter": "(l_shipdate <= '1998-08-15 00:00:00'::timestamp without time zone), (LLVM Optimized)"}]}]}, "Unique SQL Id": 177413717}, "explain_analyze_plan": {"Plan": {"Node Type": "Sort", "Startup Cost": 4515800.46, "Total Cost": 4515800.47, "Plan Rows": 6, "Plan Width": 172, "Actual Startup Time": 132656.508, "Actual Total Time": 132656.508, "Actual Rows": 4, "Actual Loops": 1, "Sort Key": ["l_returnflag", "l_linestatus"], "Sort Method": "quicksort", "Sort Space Used": 25, "Sort Space Type": "Memory", "Plans": [{"Node Type": "Aggregate", "Strategy": "Hashed", "Parent Relationship": "Outer", "Startup Cost": 4515800.27, "Total Cost": 4515800.38, "Plan Rows": 6, "Plan Width": 172, "Actual Startup Time": 132656.41, "Actual Total Time": 132656.414, "Actual Rows": 4, "Actual Loops": 1, "Group By Key": ["l_returnflag", "l_linestatus"], "Plans": [{"Node Type": "Seq Scan", "Parent Relationship": "Outer", "Relation Name": "lineitem", "Alias": "lineitem", "Startup Cost": 3.13, "Total Cost": 2165082.91, "Plan Rows": 58767934, "Plan Width": 36, "Actual Startup Time": 0.03, "Actual Total Time": 27802.259, "Actual Rows": 58773499, "Actual Loops": 1, "Filter": "(l_shipdate <= '1998-08-15 00:00:00'::timestamp without time zone), (LLVM Optimized, Jit Execute)", "Rows Removed by Filter": 1212553}]}]}, "Triggers": [], "Planner Runtime": 0.341, "Total Runtime": 132667.948, "Unique SQL Id": 177413717}}, "(16, 37)": {"explain_plan": {"Plan": {"Node Type": "Sort", "Startup Cost": 6389801.46, "Total Cost": 6389801.47, "Plan Rows": 6, "Plan Width": 172, "Sort Key": ["l_returnflag", "l_linestatus"], "Plans": [{"Node Type": "Aggregate", "Strategy": "Hashed", "Parent Relationship": "Outer", "Startup Cost": 6389801.27, "Total Cost": 6389801.38, "Plan Rows": 6, "Plan Width": 172, "Group By Key": ["l_returnflag", "l_linestatus"], "Plans": [{"Node Type": "Bitmap Heap Scan", "Parent Relationship": "Outer", "Relation Name": "lineitem", "Alias": "lineitem", "Startup Cost": 1889239.74, "Total Cost": 4039083.91, "Plan Rows": 58767934, "Plan Width": 36, "Recheck Cond": "(l_shipdate <= '1998-08-15 00:00:00'::timestamp without time zone), (LLVM Optimized)", "Plans": [{"Node Type": "Bitmap Index Scan", "Parent Relationship": "Outer", "Index Name": "idx_lineitem_shipdate", "Startup Cost": 0.0, "Total Cost": 1874547.75, "Plan Rows": 58767934, "Plan Width": 0, "Index Cond": "(l_shipdate <= '1998-08-15 00:00:00'::timestamp without time zone)"}]}]}]}, "Unique SQL Id": 177413717}, "explain_analyze_plan": {"Plan": {"Node Type": "Sort", "Startup Cost": 6389801.46, "Total Cost": 6389801.47, "Plan Rows": 6, "Plan Width": 172, "Actual Startup Time": 153005.354, "Actual Total Time": 153005.354, "Actual Rows": 4, "Actual Loops": 1, "Sort Key": ["l_returnflag", "l_linestatus"], "Sort Method": "quicksort", "Sort Space Used": 25, "Sort Space Type": "Memory", "Plans": [{"Node Type": "Aggregate", "Strategy": "Hashed", "Parent Relationship": "Outer", "Startup Cost": 6389801.27, "Total Cost": 6389801.38, "Plan Rows": 6, "Plan Width": 172, "Actual Startup Time": 153005.293, "Actual Total Time": 153005.295, "Actual Rows": 4, "Actual Loops": 1, "Group By Key": ["l_returnflag", "l_linestatus"], "Plans": [{"Node Type": "Bitmap Heap Scan", "Parent Relationship": "Outer", "Relation Name": "lineitem", "Alias": "lineitem", "Startup Cost": 1889239.74, "Total Cost": 4039083.91, "Plan Rows": 58767934, "Plan Width": 36, "Actual Startup Time": 20873.158, "Actual Total Time": 51413.022, "Actual Rows": 58773499, "Actual Loops": 1, "Recheck Cond": "(l_shipdate <= '1998-08-15 00:00:00'::timestamp without time zone), (LLVM Optimized, Jit Execute)", "Rows Removed by Index Recheck": 0, "Exact Heap Blocks": 1415245, "Lossy Heap Blocks": 1415245, "Plans": [{"Node Type": "Bitmap Index Scan", "Parent Relationship": "Outer", "Index Name": "idx_lineitem_shipdate", "Startup Cost": 0.0, "Total Cost": 1874547.75, "Plan Rows": 58767934, "Plan Width": 0, "Actual Startup Time": 20269.977, "Actual Total Time": 20269.977, "Actual Rows": 58773499, "Actual Loops": 1, "Index Cond": "(l_shipdate <= '1998-08-15 00:00:00'::timestamp without time zone)"}]}]}]}, "Triggers": [], "Planner Runtime": 0.361, "Total Runtime": 153018.35, "Unique SQL Id": 177413717}}, "(16, 38)": {"explain_plan": {"Plan": {"Node Type": "Sort", "Startup Cost": 4515800.46, "Total Cost": 4515800.47, "Plan Rows": 6, "Plan Width": 172, "Sort Key": ["l_returnflag", "l_linestatus"], "Plans": [{"Node Type": "Aggregate", "Strategy": "Hashed", "Parent Relationship": "Outer", "Startup Cost": 4515800.27, "Total Cost": 4515800.38, "Plan Rows": 6, "Plan Width": 172, "Group By Key": ["l_returnflag", "l_linestatus"], "Plans": [{"Node Type": "Seq Scan", "Parent Relationship": "Outer", "Relation Name": "lineitem", "Alias": "lineitem", "Startup Cost": 3.13, "Total Cost": 2165082.91, "Plan Rows": 58767934, "Plan Width": 36, "Filter": "(l_shipdate <= '1998-08-15 00:00:00'::timestamp without time zone), (LLVM Optimized)"}]}]}, "Unique SQL Id": 177413717}, "explain_analyze_plan": {"Plan": {"Node Type": "Sort", "Startup Cost": 4515800.46, "Total Cost": 4515800.47, "Plan Rows": 6, "Plan Width": 172, "Actual Startup Time": 132656.508, "Actual Total Time": 132656.508, "Actual Rows": 4, "Actual Loops": 1, "Sort Key": ["l_returnflag", "l_linestatus"], "Sort Method": "quicksort", "Sort Space Used": 25, "Sort Space Type": "Memory", "Plans": [{"Node Type": "Aggregate", "Strategy": "Hashed", "Parent Relationship": "Outer", "Startup Cost": 4515800.27, "Total Cost": 4515800.38, "Plan Rows": 6, "Plan Width": 172, "Actual Startup Time": 132656.41, "Actual Total Time": 132656.414, "Actual Rows": 4, "Actual Loops": 1, "Group By Key": ["l_returnflag", "l_linestatus"], "Plans": [{"Node Type": "Seq Scan", "Parent Relationship": "Outer", "Relation Name": "lineitem", "Alias": "lineitem", "Startup Cost": 3.13, "Total Cost": 2165082.91, "Plan Rows": 58767934, "Plan Width": 36, "Actual Startup Time": 0.03, "Actual Total Time": 27802.259, "Actual Rows": 58773499, "Actual Loops": 1, "Filter": "(l_shipdate <= '1998-08-15 00:00:00'::timestamp without time zone), (LLVM Optimized, Jit Execute)", "Rows Removed by Filter": 1212553}]}]}, "Triggers": [], "Planner Runtime": 0.341, "Total Runtime": 132667.948, "Unique SQL Id": 177413717}}, "(16, 39)": {"explain_plan": {"Plan": {"Node Type": "Sort", "Startup Cost": 6389801.46, "Total Cost": 6389801.47, "Plan Rows": 6, "Plan Width": 172, "Sort Key": ["l_returnflag", "l_linestatus"], "Plans": [{"Node Type": "Aggregate", "Strategy": "Hashed", "Parent Relationship": "Outer", "Startup Cost": 6389801.27, "Total Cost": 6389801.38, "Plan Rows": 6, "Plan Width": 172, "Group By Key": ["l_returnflag", "l_linestatus"], "Plans": [{"Node Type": "Bitmap Heap Scan", "Parent Relationship": "Outer", "Relation Name": "lineitem", "Alias": "lineitem", "Startup Cost": 1889239.74, "Total Cost": 4039083.91, "Plan Rows": 58767934, "Plan Width": 36, "Recheck Cond": "(l_shipdate <= '1998-08-15 00:00:00'::timestamp without time zone), (LLVM Optimized)", "Plans": [{"Node Type": "Bitmap Index Scan", "Parent Relationship": "Outer", "Index Name": "idx_lineitem_shipdate", "Startup Cost": 0.0, "Total Cost": 1874547.75, "Plan Rows": 58767934, "Plan Width": 0, "Index Cond": "(l_shipdate <= '1998-08-15 00:00:00'::timestamp without time zone)"}]}]}]}, "Unique SQL Id": 177413717}, "explain_analyze_plan": {"Plan": {"Node Type": "Sort", "Startup Cost": 6389801.46, "Total Cost": 6389801.47, "Plan Rows": 6, "Plan Width": 172, "Actual Startup Time": 153005.354, "Actual Total Time": 153005.354, "Actual Rows": 4, "Actual Loops": 1, "Sort Key": ["l_returnflag", "l_linestatus"], "Sort Method": "quicksort", "Sort Space Used": 25, "Sort Space Type": "Memory", "Plans": [{"Node Type": "Aggregate", "Strategy": "Hashed", "Parent Relationship": "Outer", "Startup Cost": 6389801.27, "Total Cost": 6389801.38, "Plan Rows": 6, "Plan Width": 172, "Actual Startup Time": 153005.293, "Actual Total Time": 153005.295, "Actual Rows": 4, "Actual Loops": 1, "Group By Key": ["l_returnflag", "l_linestatus"], "Plans": [{"Node Type": "Bitmap Heap Scan", "Parent Relationship": "Outer", "Relation Name": "lineitem", "Alias": "lineitem", "Startup Cost": 1889239.74, "Total Cost": 4039083.91, "Plan Rows": 58767934, "Plan Width": 36, "Actual Startup Time": 20873.158, "Actual Total Time": 51413.022, "Actual Rows": 58773499, "Actual Loops": 1, "Recheck Cond": "(l_shipdate <= '1998-08-15 00:00:00'::timestamp without time zone), (LLVM Optimized, Jit Execute)", "Rows Removed by Index Recheck": 0, "Exact Heap Blocks": 1415245, "Lossy Heap Blocks": 1415245, "Plans": [{"Node Type": "Bitmap Index Scan", "Parent Relationship": "Outer", "Index Name": "idx_lineitem_shipdate", "Startup Cost": 0.0, "Total Cost": 1874547.75, "Plan Rows": 58767934, "Plan Width": 0, "Actual Startup Time": 20269.977, "Actual Total Time": 20269.977, "Actual Rows": 58773499, "Actual Loops": 1, "Index Cond": "(l_shipdate <= '1998-08-15 00:00:00'::timestamp without time zone)"}]}]}]}, "Triggers": [], "Planner Runtime": 0.361, "Total Runtime": 153018.35, "Unique SQL Id": 177413717}}, "(16, 40)": {"explain_plan": {"Plan": {"Node Type": "Sort", "Startup Cost": 4515800.46, "Total Cost": 4515800.47, "Plan Rows": 6, "Plan Width": 172, "Sort Key": ["l_returnflag", "l_linestatus"], "Plans": [{"Node Type": "Aggregate", "Strategy": "Hashed", "Parent Relationship": "Outer", "Startup Cost": 4515800.27, "Total Cost": 4515800.38, "Plan Rows": 6, "Plan Width": 172, "Group By Key": ["l_returnflag", "l_linestatus"], "Plans": [{"Node Type": "Seq Scan", "Parent Relationship": "Outer", "Relation Name": "lineitem", "Alias": "lineitem", "Startup Cost": 3.13, "Total Cost": 2165082.91, "Plan Rows": 58767934, "Plan Width": 36, "Filter": "(l_shipdate <= '1998-08-15 00:00:00'::timestamp without time zone), (LLVM Optimized)"}]}]}, "Unique SQL Id": 177413717}, "explain_analyze_plan": {"Plan": {"Node Type": "Sort", "Startup Cost": 4515800.46, "Total Cost": 4515800.47, "Plan Rows": 6, "Plan Width": 172, "Actual Startup Time": 132656.508, "Actual Total Time": 132656.508, "Actual Rows": 4, "Actual Loops": 1, "Sort Key": ["l_returnflag", "l_linestatus"], "Sort Method": "quicksort", "Sort Space Used": 25, "Sort Space Type": "Memory", "Plans": [{"Node Type": "Aggregate", "Strategy": "Hashed", "Parent Relationship": "Outer", "Startup Cost": 4515800.27, "Total Cost": 4515800.38, "Plan Rows": 6, "Plan Width": 172, "Actual Startup Time": 132656.41, "Actual Total Time": 132656.414, "Actual Rows": 4, "Actual Loops": 1, "Group By Key": ["l_returnflag", "l_linestatus"], "Plans": [{"Node Type": "Seq Scan", "Parent Relationship": "Outer", "Relation Name": "lineitem", "Alias": "lineitem", "Startup Cost": 3.13, "Total Cost": 2165082.91, "Plan Rows": 58767934, "Plan Width": 36, "Actual Startup Time": 0.03, "Actual Total Time": 27802.259, "Actual Rows": 58773499, "Actual Loops": 1, "Filter": "(l_shipdate <= '1998-08-15 00:00:00'::timestamp without time zone), (LLVM Optimized, Jit Execute)", "Rows Removed by Filter": 1212553}]}]}, "Triggers": [], "Planner Runtime": 0.341, "Total Runtime": 132667.948, "Unique SQL Id": 177413717}}, "(16, 41)": {"explain_plan": {"Plan": {"Node Type": "Sort", "Startup Cost": 10473924.63, "Total Cost": 10473924.64, "Plan Rows": 6, "Plan Width": 172, "Sort Key": ["l_returnflag", "l_linestatus"], "Plans": [{"Node Type": "Aggregate", "Strategy": "Hashed", "Parent Relationship": "Outer", "Startup Cost": 10473924.44, "Total Cost": 10473924.55, "Plan Rows": 6, "Plan Width": 172, "Group By Key": ["l_returnflag", "l_linestatus"], "Plans": [{"Node Type": "Index Scan", "Parent Relationship": "Outer", "Scan Direction": "Forward", "Index Name": "idx_lineitem_shipdate", "Relation Name": "lineitem", "Alias": "lineitem", "Startup Cost": 0.0, "Total Cost": 8123207.08, "Plan Rows": 58767934, "Plan Width": 36, "Index Cond": "(l_shipdate <= '1998-08-15 00:00:00'::timestamp without time zone), (LLVM Optimized)"}]}]}, "Unique SQL Id": 177413717}, "explain_analyze_plan": {"Plan": {"Node Type": "Sort", "Startup Cost": 10473924.63, "Total Cost": 10473924.64, "Plan Rows": 6, "Plan Width": 172, "Actual Startup Time": 269422.163, "Actual Total Time": 269422.164, "Actual Rows": 4, "Actual Loops": 1, "Sort Key": ["l_returnflag", "l_linestatus"], "Sort Method": "quicksort", "Sort Space Used": 25, "Sort Space Type": "Memory", "Plans": [{"Node Type": "Aggregate", "Strategy": "Hashed", "Parent Relationship": "Outer", "Startup Cost": 10473924.44, "Total Cost": 10473924.55, "Plan Rows": 6, "Plan Width": 172, "Actual Startup Time": 269421.997, "Actual Total Time": 269422.016, "Actual Rows": 4, "Actual Loops": 1, "Group By Key": ["l_returnflag", "l_linestatus"], "Plans": [{"Node Type": "Index Scan", "Parent Relationship": "Outer", "Scan Direction": "Forward", "Index Name": "idx_lineitem_shipdate", "Relation Name": "lineitem", "Alias": "lineitem", "Startup Cost": 0.0, "Total Cost": 8123207.08, "Plan Rows": 58767934, "Plan Width": 36, "Actual Startup Time": 0.051, "Actual Total Time": 155909.29, "Actual Rows": 58773499, "Actual Loops": 1, "Index Cond": "(l_shipdate <= '1998-08-15 00:00:00'::timestamp without time zone), (LLVM Optimized, Jit Execute)", "Rows Removed by Index Recheck": 0}]}]}, "Triggers": [], "Planner Runtime": 0.326, "Total Runtime": 269433.851, "Unique SQL Id": 177413717}}, "(16, 42)": {"explain_plan": {"Plan": {"Node Type": "Sort", "Startup Cost": 4515800.46, "Total Cost": 4515800.47, "Plan Rows": 6, "Plan Width": 172, "Sort Key": ["l_returnflag", "l_linestatus"], "Plans": [{"Node Type": "Aggregate", "Strategy": "Hashed", "Parent Relationship": "Outer", "Startup Cost": 4515800.27, "Total Cost": 4515800.38, "Plan Rows": 6, "Plan Width": 172, "Group By Key": ["l_returnflag", "l_linestatus"], "Plans": [{"Node Type": "Seq Scan", "Parent Relationship": "Outer", "Relation Name": "lineitem", "Alias": "lineitem", "Startup Cost": 3.13, "Total Cost": 2165082.91, "Plan Rows": 58767934, "Plan Width": 36, "Filter": "(l_shipdate <= '1998-08-15 00:00:00'::timestamp without time zone), (LLVM Optimized)"}]}]}, "Unique SQL Id": 177413717}, "explain_analyze_plan": {"Plan": {"Node Type": "Sort", "Startup Cost": 4515800.46, "Total Cost": 4515800.47, "Plan Rows": 6, "Plan Width": 172, "Actual Startup Time": 132656.508, "Actual Total Time": 132656.508, "Actual Rows": 4, "Actual Loops": 1, "Sort Key": ["l_returnflag", "l_linestatus"], "Sort Method": "quicksort", "Sort Space Used": 25, "Sort Space Type": "Memory", "Plans": [{"Node Type": "Aggregate", "Strategy": "Hashed", "Parent Relationship": "Outer", "Startup Cost": 4515800.27, "Total Cost": 4515800.38, "Plan Rows": 6, "Plan Width": 172, "Actual Startup Time": 132656.41, "Actual Total Time": 132656.414, "Actual Rows": 4, "Actual Loops": 1, "Group By Key": ["l_returnflag", "l_linestatus"], "Plans": [{"Node Type": "Seq Scan", "Parent Relationship": "Outer", "Relation Name": "lineitem", "Alias": "lineitem", "Startup Cost": 3.13, "Total Cost": 2165082.91, "Plan Rows": 58767934, "Plan Width": 36, "Actual Startup Time": 0.03, "Actual Total Time": 27802.259, "Actual Rows": 58773499, "Actual Loops": 1, "Filter": "(l_shipdate <= '1998-08-15 00:00:00'::timestamp without time zone), (LLVM Optimized, Jit Execute)", "Rows Removed by Filter": 1212553}]}]}, "Triggers": [], "Planner Runtime": 0.341, "Total Runtime": 132667.948, "Unique SQL Id": 177413717}}, "(16, 43)": {"explain_plan": {"Plan": {"Node Type": "Sort", "Startup Cost": 1000218859008.79, "Total Cost": 1000218859008.81, "Plan Rows": 6, "Plan Width": 172, "Sort Key": ["l_returnflag", "l_linestatus"], "Plans": [{"Node Type": "Aggregate", "Strategy": "Hashed", "Parent Relationship": "Outer", "Startup Cost": 1000218859008.61, "Total Cost": 1000218859008.72, "Plan Rows": 6, "Plan Width": 172, "Group By Key": ["l_returnflag", "l_linestatus"], "Plans": [{"Node Type": "Seq Scan", "Parent Relationship": "Outer", "Relation Name": "lineitem", "Alias": "lineitem", "Startup Cost": 10000000003.1, "Total Cost": 1000216508291.25, "Plan Rows": 58767934, "Plan Width": 36, "Filter": "(l_shipdate <= '1998-08-15 00:00:00'::timestamp without time zone), (LLVM Optimized)"}]}]}, "Unique SQL Id": 177413717}, "explain_analyze_plan": {"Plan": {"Node Type": "Sort", "Startup Cost": 1000218859008.79, "Total Cost": 1000218859008.81, "Plan Rows": 6, "Plan Width": 172, "Actual Startup Time": 134311.273, "Actual Total Time": 134311.273, "Actual Rows": 4, "Actual Loops": 1, "Sort Key": ["l_returnflag", "l_linestatus"], "Sort Method": "quicksort", "Sort Space Used": 25, "Sort Space Type": "Memory", "Plans": [{"Node Type": "Aggregate", "Strategy": "Hashed", "Parent Relationship": "Outer", "Startup Cost": 1000218859008.61, "Total Cost": 1000218859008.72, "Plan Rows": 6, "Plan Width": 172, "Actual Startup Time": 134311.085, "Actual Total Time": 134311.104, "Actual Rows": 4, "Actual Loops": 1, "Group By Key": ["l_returnflag", "l_linestatus"], "Plans": [{"Node Type": "Seq Scan", "Parent Relationship": "Outer", "Relation Name": "lineitem", "Alias": "lineitem", "Startup Cost": 10000000003.1, "Total Cost": 1000216508291.25, "Plan Rows": 58767934, "Plan Width": 36, "Actual Startup Time": 0.022, "Actual Total Time": 27834.189, "Actual Rows": 58773499, "Actual Loops": 1, "Filter": "(l_shipdate <= '1998-08-15 00:00:00'::timestamp without time zone), (LLVM Optimized, Jit Execute)", "Rows Removed by Filter": 1212553}]}]}, "Triggers": [], "Planner Runtime": 0.327, "Total Runtime": 134322.809, "Unique SQL Id": 177413717}}, "(16, 44)": {"explain_plan": {"Plan": {"Node Type": "Sort", "Startup Cost": 4515800.46, "Total Cost": 4515800.47, "Plan Rows": 6, "Plan Width": 172, "Sort Key": ["l_returnflag", "l_linestatus"], "Plans": [{"Node Type": "Aggregate", "Strategy": "Hashed", "Parent Relationship": "Outer", "Startup Cost": 4515800.27, "Total Cost": 4515800.38, "Plan Rows": 6, "Plan Width": 172, "Group By Key": ["l_returnflag", "l_linestatus"], "Plans": [{"Node Type": "Seq Scan", "Parent Relationship": "Outer", "Relation Name": "lineitem", "Alias": "lineitem", "Startup Cost": 3.13, "Total Cost": 2165082.91, "Plan Rows": 58767934, "Plan Width": 36, "Filter": "(l_shipdate <= '1998-08-15 00:00:00'::timestamp without time zone), (LLVM Optimized)"}]}]}, "Unique SQL Id": 177413717}, "explain_analyze_plan": {"Plan": {"Node Type": "Sort", "Startup Cost": 4515800.46, "Total Cost": 4515800.47, "Plan Rows": 6, "Plan Width": 172, "Actual Startup Time": 132656.508, "Actual Total Time": 132656.508, "Actual Rows": 4, "Actual Loops": 1, "Sort Key": ["l_returnflag", "l_linestatus"], "Sort Method": "quicksort", "Sort Space Used": 25, "Sort Space Type": "Memory", "Plans": [{"Node Type": "Aggregate", "Strategy": "Hashed", "Parent Relationship": "Outer", "Startup Cost": 4515800.27, "Total Cost": 4515800.38, "Plan Rows": 6, "Plan Width": 172, "Actual Startup Time": 132656.41, "Actual Total Time": 132656.414, "Actual Rows": 4, "Actual Loops": 1, "Group By Key": ["l_returnflag", "l_linestatus"], "Plans": [{"Node Type": "Seq Scan", "Parent Relationship": "Outer", "Relation Name": "lineitem", "Alias": "lineitem", "Startup Cost": 3.13, "Total Cost": 2165082.91, "Plan Rows": 58767934, "Plan Width": 36, "Actual Startup Time": 0.03, "Actual Total Time": 27802.259, "Actual Rows": 58773499, "Actual Loops": 1, "Filter": "(l_shipdate <= '1998-08-15 00:00:00'::timestamp without time zone), (LLVM Optimized, Jit Execute)", "Rows Removed by Filter": 1212553}]}]}, "Triggers": [], "Planner Runtime": 0.341, "Total Runtime": 132667.948, "Unique SQL Id": 177413717}}, "(16, 45)": {"explain_plan": {"Plan": {"Node Type": "Sort", "Startup Cost": 10473924.63, "Total Cost": 10473924.64, "Plan Rows": 6, "Plan Width": 172, "Sort Key": ["l_returnflag", "l_linestatus"], "Plans": [{"Node Type": "Aggregate", "Strategy": "Hashed", "Parent Relationship": "Outer", "Startup Cost": 10473924.44, "Total Cost": 10473924.55, "Plan Rows": 6, "Plan Width": 172, "Group By Key": ["l_returnflag", "l_linestatus"], "Plans": [{"Node Type": "Index Scan", "Parent Relationship": "Outer", "Scan Direction": "Forward", "Index Name": "idx_lineitem_shipdate", "Relation Name": "lineitem", "Alias": "lineitem", "Startup Cost": 0.0, "Total Cost": 8123207.08, "Plan Rows": 58767934, "Plan Width": 36, "Index Cond": "(l_shipdate <= '1998-08-15 00:00:00'::timestamp without time zone), (LLVM Optimized)"}]}]}, "Unique SQL Id": 177413717}, "explain_analyze_plan": {"Plan": {"Node Type": "Sort", "Startup Cost": 10473924.63, "Total Cost": 10473924.64, "Plan Rows": 6, "Plan Width": 172, "Actual Startup Time": 269422.163, "Actual Total Time": 269422.164, "Actual Rows": 4, "Actual Loops": 1, "Sort Key": ["l_returnflag", "l_linestatus"], "Sort Method": "quicksort", "Sort Space Used": 25, "Sort Space Type": "Memory", "Plans": [{"Node Type": "Aggregate", "Strategy": "Hashed", "Parent Relationship": "Outer", "Startup Cost": 10473924.44, "Total Cost": 10473924.55, "Plan Rows": 6, "Plan Width": 172, "Actual Startup Time": 269421.997, "Actual Total Time": 269422.016, "Actual Rows": 4, "Actual Loops": 1, "Group By Key": ["l_returnflag", "l_linestatus"], "Plans": [{"Node Type": "Index Scan", "Parent Relationship": "Outer", "Scan Direction": "Forward", "Index Name": "idx_lineitem_shipdate", "Relation Name": "lineitem", "Alias": "lineitem", "Startup Cost": 0.0, "Total Cost": 8123207.08, "Plan Rows": 58767934, "Plan Width": 36, "Actual Startup Time": 0.051, "Actual Total Time": 155909.29, "Actual Rows": 58773499, "Actual Loops": 1, "Index Cond": "(l_shipdate <= '1998-08-15 00:00:00'::timestamp without time zone), (LLVM Optimized, Jit Execute)", "Rows Removed by Index Recheck": 0}]}]}, "Triggers": [], "Planner Runtime": 0.326, "Total Runtime": 269433.851, "Unique SQL Id": 177413717}}, "(16, 46)": {"explain_plan": {"Plan": {"Node Type": "Sort", "Startup Cost": 4515800.46, "Total Cost": 4515800.47, "Plan Rows": 6, "Plan Width": 172, "Sort Key": ["l_returnflag", "l_linestatus"], "Plans": [{"Node Type": "Aggregate", "Strategy": "Hashed", "Parent Relationship": "Outer", "Startup Cost": 4515800.27, "Total Cost": 4515800.38, "Plan Rows": 6, "Plan Width": 172, "Group By Key": ["l_returnflag", "l_linestatus"], "Plans": [{"Node Type": "Seq Scan", "Parent Relationship": "Outer", "Relation Name": "lineitem", "Alias": "lineitem", "Startup Cost": 3.13, "Total Cost": 2165082.91, "Plan Rows": 58767934, "Plan Width": 36, "Filter": "(l_shipdate <= '1998-08-15 00:00:00'::timestamp without time zone), (LLVM Optimized)"}]}]}, "Unique SQL Id": 177413717}, "explain_analyze_plan": {"Plan": {"Node Type": "Sort", "Startup Cost": 4515800.46, "Total Cost": 4515800.47, "Plan Rows": 6, "Plan Width": 172, "Actual Startup Time": 132656.508, "Actual Total Time": 132656.508, "Actual Rows": 4, "Actual Loops": 1, "Sort Key": ["l_returnflag", "l_linestatus"], "Sort Method": "quicksort", "Sort Space Used": 25, "Sort Space Type": "Memory", "Plans": [{"Node Type": "Aggregate", "Strategy": "Hashed", "Parent Relationship": "Outer", "Startup Cost": 4515800.27, "Total Cost": 4515800.38, "Plan Rows": 6, "Plan Width": 172, "Actual Startup Time": 132656.41, "Actual Total Time": 132656.414, "Actual Rows": 4, "Actual Loops": 1, "Group By Key": ["l_returnflag", "l_linestatus"], "Plans": [{"Node Type": "Seq Scan", "Parent Relationship": "Outer", "Relation Name": "lineitem", "Alias": "lineitem", "Startup Cost": 3.13, "Total Cost": 2165082.91, "Plan Rows": 58767934, "Plan Width": 36, "Actual Startup Time": 0.03, "Actual Total Time": 27802.259, "Actual Rows": 58773499, "Actual Loops": 1, "Filter": "(l_shipdate <= '1998-08-15 00:00:00'::timestamp without time zone), (LLVM Optimized, Jit Execute)", "Rows Removed by Filter": 1212553}]}]}, "Triggers": [], "Planner Runtime": 0.341, "Total Runtime": 132667.948, "Unique SQL Id": 177413717}}, "(16, 47)": {"explain_plan": {"Plan": {"Node Type": "Sort", "Startup Cost": 1000218859008.79, "Total Cost": 1000218859008.81, "Plan Rows": 6, "Plan Width": 172, "Sort Key": ["l_returnflag", "l_linestatus"], "Plans": [{"Node Type": "Aggregate", "Strategy": "Hashed", "Parent Relationship": "Outer", "Startup Cost": 1000218859008.61, "Total Cost": 1000218859008.72, "Plan Rows": 6, "Plan Width": 172, "Group By Key": ["l_returnflag", "l_linestatus"], "Plans": [{"Node Type": "Seq Scan", "Parent Relationship": "Outer", "Relation Name": "lineitem", "Alias": "lineitem", "Startup Cost": 10000000003.1, "Total Cost": 1000216508291.25, "Plan Rows": 58767934, "Plan Width": 36, "Filter": "(l_shipdate <= '1998-08-15 00:00:00'::timestamp without time zone), (LLVM Optimized)"}]}]}, "Unique SQL Id": 177413717}, "explain_analyze_plan": {"Plan": {"Node Type": "Sort", "Startup Cost": 1000218859008.79, "Total Cost": 1000218859008.81, "Plan Rows": 6, "Plan Width": 172, "Actual Startup Time": 134311.273, "Actual Total Time": 134311.273, "Actual Rows": 4, "Actual Loops": 1, "Sort Key": ["l_returnflag", "l_linestatus"], "Sort Method": "quicksort", "Sort Space Used": 25, "Sort Space Type": "Memory", "Plans": [{"Node Type": "Aggregate", "Strategy": "Hashed", "Parent Relationship": "Outer", "Startup Cost": 1000218859008.61, "Total Cost": 1000218859008.72, "Plan Rows": 6, "Plan Width": 172, "Actual Startup Time": 134311.085, "Actual Total Time": 134311.104, "Actual Rows": 4, "Actual Loops": 1, "Group By Key": ["l_returnflag", "l_linestatus"], "Plans": [{"Node Type": "Seq Scan", "Parent Relationship": "Outer", "Relation Name": "lineitem", "Alias": "lineitem", "Startup Cost": 10000000003.1, "Total Cost": 1000216508291.25, "Plan Rows": 58767934, "Plan Width": 36, "Actual Startup Time": 0.022, "Actual Total Time": 27834.189, "Actual Rows": 58773499, "Actual Loops": 1, "Filter": "(l_shipdate <= '1998-08-15 00:00:00'::timestamp without time zone), (LLVM Optimized, Jit Execute)", "Rows Removed by Filter": 1212553}]}]}, "Triggers": [], "Planner Runtime": 0.327, "Total Runtime": 134322.809, "Unique SQL Id": 177413717}}, "(16, 48)": {"explain_plan": {"Plan": {"Node Type": "Sort", "Startup Cost": 4515800.46, "Total Cost": 4515800.47, "Plan Rows": 6, "Plan Width": 172, "Sort Key": ["l_returnflag", "l_linestatus"], "Plans": [{"Node Type": "Aggregate", "Strategy": "Hashed", "Parent Relationship": "Outer", "Startup Cost": 4515800.27, "Total Cost": 4515800.38, "Plan Rows": 6, "Plan Width": 172, "Group By Key": ["l_returnflag", "l_linestatus"], "Plans": [{"Node Type": "Seq Scan", "Parent Relationship": "Outer", "Relation Name": "lineitem", "Alias": "lineitem", "Startup Cost": 3.13, "Total Cost": 2165082.91, "Plan Rows": 58767934, "Plan Width": 36, "Filter": "(l_shipdate <= '1998-08-15 00:00:00'::timestamp without time zone), (LLVM Optimized)"}]}]}, "Unique SQL Id": 177413717}, "explain_analyze_plan": {"Plan": {"Node Type": "Sort", "Startup Cost": 4515800.46, "Total Cost": 4515800.47, "Plan Rows": 6, "Plan Width": 172, "Actual Startup Time": 132656.508, "Actual Total Time": 132656.508, "Actual Rows": 4, "Actual Loops": 1, "Sort Key": ["l_returnflag", "l_linestatus"], "Sort Method": "quicksort", "Sort Space Used": 25, "Sort Space Type": "Memory", "Plans": [{"Node Type": "Aggregate", "Strategy": "Hashed", "Parent Relationship": "Outer", "Startup Cost": 4515800.27, "Total Cost": 4515800.38, "Plan Rows": 6, "Plan Width": 172, "Actual Startup Time": 132656.41, "Actual Total Time": 132656.414, "Actual Rows": 4, "Actual Loops": 1, "Group By Key": ["l_returnflag", "l_linestatus"], "Plans": [{"Node Type": "Seq Scan", "Parent Relationship": "Outer", "Relation Name": "lineitem", "Alias": "lineitem", "Startup Cost": 3.13, "Total Cost": 2165082.91, "Plan Rows": 58767934, "Plan Width": 36, "Actual Startup Time": 0.03, "Actual Total Time": 27802.259, "Actual Rows": 58773499, "Actual Loops": 1, "Filter": "(l_shipdate <= '1998-08-15 00:00:00'::timestamp without time zone), (LLVM Optimized, Jit Execute)", "Rows Removed by Filter": 1212553}]}]}, "Triggers": [], "Planner Runtime": 0.341, "Total Runtime": 132667.948, "Unique SQL Id": 177413717}}, "(16, 49)": {"explain_plan": {"Plan": {"Node Type": "Sort", "Startup Cost": 6389801.46, "Total Cost": 6389801.47, "Plan Rows": 6, "Plan Width": 172, "Sort Key": ["l_returnflag", "l_linestatus"], "Plans": [{"Node Type": "Aggregate", "Strategy": "Hashed", "Parent Relationship": "Outer", "Startup Cost": 6389801.27, "Total Cost": 6389801.38, "Plan Rows": 6, "Plan Width": 172, "Group By Key": ["l_returnflag", "l_linestatus"], "Plans": [{"Node Type": "Bitmap Heap Scan", "Parent Relationship": "Outer", "Relation Name": "lineitem", "Alias": "lineitem", "Startup Cost": 1889239.74, "Total Cost": 4039083.91, "Plan Rows": 58767934, "Plan Width": 36, "Recheck Cond": "(l_shipdate <= '1998-08-15 00:00:00'::timestamp without time zone), (LLVM Optimized)", "Plans": [{"Node Type": "Bitmap Index Scan", "Parent Relationship": "Outer", "Index Name": "idx_lineitem_shipdate", "Startup Cost": 0.0, "Total Cost": 1874547.75, "Plan Rows": 58767934, "Plan Width": 0, "Index Cond": "(l_shipdate <= '1998-08-15 00:00:00'::timestamp without time zone)"}]}]}]}, "Unique SQL Id": 177413717}, "explain_analyze_plan": {"Plan": {"Node Type": "Sort", "Startup Cost": 6389801.46, "Total Cost": 6389801.47, "Plan Rows": 6, "Plan Width": 172, "Actual Startup Time": 153005.354, "Actual Total Time": 153005.354, "Actual Rows": 4, "Actual Loops": 1, "Sort Key": ["l_returnflag", "l_linestatus"], "Sort Method": "quicksort", "Sort Space Used": 25, "Sort Space Type": "Memory", "Plans": [{"Node Type": "Aggregate", "Strategy": "Hashed", "Parent Relationship": "Outer", "Startup Cost": 6389801.27, "Total Cost": 6389801.38, "Plan Rows": 6, "Plan Width": 172, "Actual Startup Time": 153005.293, "Actual Total Time": 153005.295, "Actual Rows": 4, "Actual Loops": 1, "Group By Key": ["l_returnflag", "l_linestatus"], "Plans": [{"Node Type": "Bitmap Heap Scan", "Parent Relationship": "Outer", "Relation Name": "lineitem", "Alias": "lineitem", "Startup Cost": 1889239.74, "Total Cost": 4039083.91, "Plan Rows": 58767934, "Plan Width": 36, "Actual Startup Time": 20873.158, "Actual Total Time": 51413.022, "Actual Rows": 58773499, "Actual Loops": 1, "Recheck Cond": "(l_shipdate <= '1998-08-15 00:00:00'::timestamp without time zone), (LLVM Optimized, Jit Execute)", "Rows Removed by Index Recheck": 0, "Exact Heap Blocks": 1415245, "Lossy Heap Blocks": 1415245, "Plans": [{"Node Type": "Bitmap Index Scan", "Parent Relationship": "Outer", "Index Name": "idx_lineitem_shipdate", "Startup Cost": 0.0, "Total Cost": 1874547.75, "Plan Rows": 58767934, "Plan Width": 0, "Actual Startup Time": 20269.977, "Actual Total Time": 20269.977, "Actual Rows": 58773499, "Actual Loops": 1, "Index Cond": "(l_shipdate <= '1998-08-15 00:00:00'::timestamp without time zone)"}]}]}]}, "Triggers": [], "Planner Runtime": 0.361, "Total Runtime": 153018.35, "Unique SQL Id": 177413717}}, "(16, 50)": {"explain_plan": {"Plan": {"Node Type": "Sort", "Startup Cost": 4515800.46, "Total Cost": 4515800.47, "Plan Rows": 6, "Plan Width": 172, "Sort Key": ["l_returnflag", "l_linestatus"], "Plans": [{"Node Type": "Aggregate", "Strategy": "Hashed", "Parent Relationship": "Outer", "Startup Cost": 4515800.27, "Total Cost": 4515800.38, "Plan Rows": 6, "Plan Width": 172, "Group By Key": ["l_returnflag", "l_linestatus"], "Plans": [{"Node Type": "Seq Scan", "Parent Relationship": "Outer", "Relation Name": "lineitem", "Alias": "lineitem", "Startup Cost": 3.13, "Total Cost": 2165082.91, "Plan Rows": 58767934, "Plan Width": 36, "Filter": "(l_shipdate <= '1998-08-15 00:00:00'::timestamp without time zone), (LLVM Optimized)"}]}]}, "Unique SQL Id": 177413717}, "explain_analyze_plan": {"Plan": {"Node Type": "Sort", "Startup Cost": 4515800.46, "Total Cost": 4515800.47, "Plan Rows": 6, "Plan Width": 172, "Actual Startup Time": 132656.508, "Actual Total Time": 132656.508, "Actual Rows": 4, "Actual Loops": 1, "Sort Key": ["l_returnflag", "l_linestatus"], "Sort Method": "quicksort", "Sort Space Used": 25, "Sort Space Type": "Memory", "Plans": [{"Node Type": "Aggregate", "Strategy": "Hashed", "Parent Relationship": "Outer", "Startup Cost": 4515800.27, "Total Cost": 4515800.38, "Plan Rows": 6, "Plan Width": 172, "Actual Startup Time": 132656.41, "Actual Total Time": 132656.414, "Actual Rows": 4, "Actual Loops": 1, "Group By Key": ["l_returnflag", "l_linestatus"], "Plans": [{"Node Type": "Seq Scan", "Parent Relationship": "Outer", "Relation Name": "lineitem", "Alias": "lineitem", "Startup Cost": 3.13, "Total Cost": 2165082.91, "Plan Rows": 58767934, "Plan Width": 36, "Actual Startup Time": 0.03, "Actual Total Time": 27802.259, "Actual Rows": 58773499, "Actual Loops": 1, "Filter": "(l_shipdate <= '1998-08-15 00:00:00'::timestamp without time zone), (LLVM Optimized, Jit Execute)", "Rows Removed by Filter": 1212553}]}]}, "Triggers": [], "Planner Runtime": 0.341, "Total Runtime": 132667.948, "Unique SQL Id": 177413717}}, "(16, 51)": {"explain_plan": {"Plan": {"Node Type": "Sort", "Startup Cost": 6389801.46, "Total Cost": 6389801.47, "Plan Rows": 6, "Plan Width": 172, "Sort Key": ["l_returnflag", "l_linestatus"], "Plans": [{"Node Type": "Aggregate", "Strategy": "Hashed", "Parent Relationship": "Outer", "Startup Cost": 6389801.27, "Total Cost": 6389801.38, "Plan Rows": 6, "Plan Width": 172, "Group By Key": ["l_returnflag", "l_linestatus"], "Plans": [{"Node Type": "Bitmap Heap Scan", "Parent Relationship": "Outer", "Relation Name": "lineitem", "Alias": "lineitem", "Startup Cost": 1889239.74, "Total Cost": 4039083.91, "Plan Rows": 58767934, "Plan Width": 36, "Recheck Cond": "(l_shipdate <= '1998-08-15 00:00:00'::timestamp without time zone), (LLVM Optimized)", "Plans": [{"Node Type": "Bitmap Index Scan", "Parent Relationship": "Outer", "Index Name": "idx_lineitem_shipdate", "Startup Cost": 0.0, "Total Cost": 1874547.75, "Plan Rows": 58767934, "Plan Width": 0, "Index Cond": "(l_shipdate <= '1998-08-15 00:00:00'::timestamp without time zone)"}]}]}]}, "Unique SQL Id": 177413717}, "explain_analyze_plan": {"Plan": {"Node Type": "Sort", "Startup Cost": 6389801.46, "Total Cost": 6389801.47, "Plan Rows": 6, "Plan Width": 172, "Actual Startup Time": 153005.354, "Actual Total Time": 153005.354, "Actual Rows": 4, "Actual Loops": 1, "Sort Key": ["l_returnflag", "l_linestatus"], "Sort Method": "quicksort", "Sort Space Used": 25, "Sort Space Type": "Memory", "Plans": [{"Node Type": "Aggregate", "Strategy": "Hashed", "Parent Relationship": "Outer", "Startup Cost": 6389801.27, "Total Cost": 6389801.38, "Plan Rows": 6, "Plan Width": 172, "Actual Startup Time": 153005.293, "Actual Total Time": 153005.295, "Actual Rows": 4, "Actual Loops": 1, "Group By Key": ["l_returnflag", "l_linestatus"], "Plans": [{"Node Type": "Bitmap Heap Scan", "Parent Relationship": "Outer", "Relation Name": "lineitem", "Alias": "lineitem", "Startup Cost": 1889239.74, "Total Cost": 4039083.91, "Plan Rows": 58767934, "Plan Width": 36, "Actual Startup Time": 20873.158, "Actual Total Time": 51413.022, "Actual Rows": 58773499, "Actual Loops": 1, "Recheck Cond": "(l_shipdate <= '1998-08-15 00:00:00'::timestamp without time zone), (LLVM Optimized, Jit Execute)", "Rows Removed by Index Recheck": 0, "Exact Heap Blocks": 1415245, "Lossy Heap Blocks": 1415245, "Plans": [{"Node Type": "Bitmap Index Scan", "Parent Relationship": "Outer", "Index Name": "idx_lineitem_shipdate", "Startup Cost": 0.0, "Total Cost": 1874547.75, "Plan Rows": 58767934, "Plan Width": 0, "Actual Startup Time": 20269.977, "Actual Total Time": 20269.977, "Actual Rows": 58773499, "Actual Loops": 1, "Index Cond": "(l_shipdate <= '1998-08-15 00:00:00'::timestamp without time zone)"}]}]}]}, "Triggers": [], "Planner Runtime": 0.361, "Total Runtime": 153018.35, "Unique SQL Id": 177413717}}, "(16, 52)": {"explain_plan": {"Plan": {"Node Type": "Sort", "Startup Cost": 4515800.46, "Total Cost": 4515800.47, "Plan Rows": 6, "Plan Width": 172, "Sort Key": ["l_returnflag", "l_linestatus"], "Plans": [{"Node Type": "Aggregate", "Strategy": "Hashed", "Parent Relationship": "Outer", "Startup Cost": 4515800.27, "Total Cost": 4515800.38, "Plan Rows": 6, "Plan Width": 172, "Group By Key": ["l_returnflag", "l_linestatus"], "Plans": [{"Node Type": "Seq Scan", "Parent Relationship": "Outer", "Relation Name": "lineitem", "Alias": "lineitem", "Startup Cost": 3.13, "Total Cost": 2165082.91, "Plan Rows": 58767934, "Plan Width": 36, "Filter": "(l_shipdate <= '1998-08-15 00:00:00'::timestamp without time zone), (LLVM Optimized)"}]}]}, "Unique SQL Id": 177413717}, "explain_analyze_plan": {"Plan": {"Node Type": "Sort", "Startup Cost": 4515800.46, "Total Cost": 4515800.47, "Plan Rows": 6, "Plan Width": 172, "Actual Startup Time": 132656.508, "Actual Total Time": 132656.508, "Actual Rows": 4, "Actual Loops": 1, "Sort Key": ["l_returnflag", "l_linestatus"], "Sort Method": "quicksort", "Sort Space Used": 25, "Sort Space Type": "Memory", "Plans": [{"Node Type": "Aggregate", "Strategy": "Hashed", "Parent Relationship": "Outer", "Startup Cost": 4515800.27, "Total Cost": 4515800.38, "Plan Rows": 6, "Plan Width": 172, "Actual Startup Time": 132656.41, "Actual Total Time": 132656.414, "Actual Rows": 4, "Actual Loops": 1, "Group By Key": ["l_returnflag", "l_linestatus"], "Plans": [{"Node Type": "Seq Scan", "Parent Relationship": "Outer", "Relation Name": "lineitem", "Alias": "lineitem", "Startup Cost": 3.13, "Total Cost": 2165082.91, "Plan Rows": 58767934, "Plan Width": 36, "Actual Startup Time": 0.03, "Actual Total Time": 27802.259, "Actual Rows": 58773499, "Actual Loops": 1, "Filter": "(l_shipdate <= '1998-08-15 00:00:00'::timestamp without time zone), (LLVM Optimized, Jit Execute)", "Rows Removed by Filter": 1212553}]}]}, "Triggers": [], "Planner Runtime": 0.341, "Total Runtime": 132667.948, "Unique SQL Id": 177413717}}, "(16, 53)": {"explain_plan": {"Plan": {"Node Type": "Sort", "Startup Cost": 6389801.46, "Total Cost": 6389801.47, "Plan Rows": 6, "Plan Width": 172, "Sort Key": ["l_returnflag", "l_linestatus"], "Plans": [{"Node Type": "Aggregate", "Strategy": "Hashed", "Parent Relationship": "Outer", "Startup Cost": 6389801.27, "Total Cost": 6389801.38, "Plan Rows": 6, "Plan Width": 172, "Group By Key": ["l_returnflag", "l_linestatus"], "Plans": [{"Node Type": "Bitmap Heap Scan", "Parent Relationship": "Outer", "Relation Name": "lineitem", "Alias": "lineitem", "Startup Cost": 1889239.74, "Total Cost": 4039083.91, "Plan Rows": 58767934, "Plan Width": 36, "Recheck Cond": "(l_shipdate <= '1998-08-15 00:00:00'::timestamp without time zone), (LLVM Optimized)", "Plans": [{"Node Type": "Bitmap Index Scan", "Parent Relationship": "Outer", "Index Name": "idx_lineitem_shipdate", "Startup Cost": 0.0, "Total Cost": 1874547.75, "Plan Rows": 58767934, "Plan Width": 0, "Index Cond": "(l_shipdate <= '1998-08-15 00:00:00'::timestamp without time zone)"}]}]}]}, "Unique SQL Id": 177413717}, "explain_analyze_plan": {"Plan": {"Node Type": "Sort", "Startup Cost": 6389801.46, "Total Cost": 6389801.47, "Plan Rows": 6, "Plan Width": 172, "Actual Startup Time": 153005.354, "Actual Total Time": 153005.354, "Actual Rows": 4, "Actual Loops": 1, "Sort Key": ["l_returnflag", "l_linestatus"], "Sort Method": "quicksort", "Sort Space Used": 25, "Sort Space Type": "Memory", "Plans": [{"Node Type": "Aggregate", "Strategy": "Hashed", "Parent Relationship": "Outer", "Startup Cost": 6389801.27, "Total Cost": 6389801.38, "Plan Rows": 6, "Plan Width": 172, "Actual Startup Time": 153005.293, "Actual Total Time": 153005.295, "Actual Rows": 4, "Actual Loops": 1, "Group By Key": ["l_returnflag", "l_linestatus"], "Plans": [{"Node Type": "Bitmap Heap Scan", "Parent Relationship": "Outer", "Relation Name": "lineitem", "Alias": "lineitem", "Startup Cost": 1889239.74, "Total Cost": 4039083.91, "Plan Rows": 58767934, "Plan Width": 36, "Actual Startup Time": 20873.158, "Actual Total Time": 51413.022, "Actual Rows": 58773499, "Actual Loops": 1, "Recheck Cond": "(l_shipdate <= '1998-08-15 00:00:00'::timestamp without time zone), (LLVM Optimized, Jit Execute)", "Rows Removed by Index Recheck": 0, "Exact Heap Blocks": 1415245, "Lossy Heap Blocks": 1415245, "Plans": [{"Node Type": "Bitmap Index Scan", "Parent Relationship": "Outer", "Index Name": "idx_lineitem_shipdate", "Startup Cost": 0.0, "Total Cost": 1874547.75, "Plan Rows": 58767934, "Plan Width": 0, "Actual Startup Time": 20269.977, "Actual Total Time": 20269.977, "Actual Rows": 58773499, "Actual Loops": 1, "Index Cond": "(l_shipdate <= '1998-08-15 00:00:00'::timestamp without time zone)"}]}]}]}, "Triggers": [], "Planner Runtime": 0.361, "Total Runtime": 153018.35, "Unique SQL Id": 177413717}}, "(16, 54)": {"explain_plan": {"Plan": {"Node Type": "Sort", "Startup Cost": 4515800.46, "Total Cost": 4515800.47, "Plan Rows": 6, "Plan Width": 172, "Sort Key": ["l_returnflag", "l_linestatus"], "Plans": [{"Node Type": "Aggregate", "Strategy": "Hashed", "Parent Relationship": "Outer", "Startup Cost": 4515800.27, "Total Cost": 4515800.38, "Plan Rows": 6, "Plan Width": 172, "Group By Key": ["l_returnflag", "l_linestatus"], "Plans": [{"Node Type": "Seq Scan", "Parent Relationship": "Outer", "Relation Name": "lineitem", "Alias": "lineitem", "Startup Cost": 3.13, "Total Cost": 2165082.91, "Plan Rows": 58767934, "Plan Width": 36, "Filter": "(l_shipdate <= '1998-08-15 00:00:00'::timestamp without time zone), (LLVM Optimized)"}]}]}, "Unique SQL Id": 177413717}, "explain_analyze_plan": {"Plan": {"Node Type": "Sort", "Startup Cost": 4515800.46, "Total Cost": 4515800.47, "Plan Rows": 6, "Plan Width": 172, "Actual Startup Time": 132656.508, "Actual Total Time": 132656.508, "Actual Rows": 4, "Actual Loops": 1, "Sort Key": ["l_returnflag", "l_linestatus"], "Sort Method": "quicksort", "Sort Space Used": 25, "Sort Space Type": "Memory", "Plans": [{"Node Type": "Aggregate", "Strategy": "Hashed", "Parent Relationship": "Outer", "Startup Cost": 4515800.27, "Total Cost": 4515800.38, "Plan Rows": 6, "Plan Width": 172, "Actual Startup Time": 132656.41, "Actual Total Time": 132656.414, "Actual Rows": 4, "Actual Loops": 1, "Group By Key": ["l_returnflag", "l_linestatus"], "Plans": [{"Node Type": "Seq Scan", "Parent Relationship": "Outer", "Relation Name": "lineitem", "Alias": "lineitem", "Startup Cost": 3.13, "Total Cost": 2165082.91, "Plan Rows": 58767934, "Plan Width": 36, "Actual Startup Time": 0.03, "Actual Total Time": 27802.259, "Actual Rows": 58773499, "Actual Loops": 1, "Filter": "(l_shipdate <= '1998-08-15 00:00:00'::timestamp without time zone), (LLVM Optimized, Jit Execute)", "Rows Removed by Filter": 1212553}]}]}, "Triggers": [], "Planner Runtime": 0.341, "Total Runtime": 132667.948, "Unique SQL Id": 177413717}}, "(16, 55)": {"explain_plan": {"Plan": {"Node Type": "Sort", "Startup Cost": 6389801.46, "Total Cost": 6389801.47, "Plan Rows": 6, "Plan Width": 172, "Sort Key": ["l_returnflag", "l_linestatus"], "Plans": [{"Node Type": "Aggregate", "Strategy": "Hashed", "Parent Relationship": "Outer", "Startup Cost": 6389801.27, "Total Cost": 6389801.38, "Plan Rows": 6, "Plan Width": 172, "Group By Key": ["l_returnflag", "l_linestatus"], "Plans": [{"Node Type": "Bitmap Heap Scan", "Parent Relationship": "Outer", "Relation Name": "lineitem", "Alias": "lineitem", "Startup Cost": 1889239.74, "Total Cost": 4039083.91, "Plan Rows": 58767934, "Plan Width": 36, "Recheck Cond": "(l_shipdate <= '1998-08-15 00:00:00'::timestamp without time zone), (LLVM Optimized)", "Plans": [{"Node Type": "Bitmap Index Scan", "Parent Relationship": "Outer", "Index Name": "idx_lineitem_shipdate", "Startup Cost": 0.0, "Total Cost": 1874547.75, "Plan Rows": 58767934, "Plan Width": 0, "Index Cond": "(l_shipdate <= '1998-08-15 00:00:00'::timestamp without time zone)"}]}]}]}, "Unique SQL Id": 177413717}, "explain_analyze_plan": {"Plan": {"Node Type": "Sort", "Startup Cost": 6389801.46, "Total Cost": 6389801.47, "Plan Rows": 6, "Plan Width": 172, "Actual Startup Time": 153005.354, "Actual Total Time": 153005.354, "Actual Rows": 4, "Actual Loops": 1, "Sort Key": ["l_returnflag", "l_linestatus"], "Sort Method": "quicksort", "Sort Space Used": 25, "Sort Space Type": "Memory", "Plans": [{"Node Type": "Aggregate", "Strategy": "Hashed", "Parent Relationship": "Outer", "Startup Cost": 6389801.27, "Total Cost": 6389801.38, "Plan Rows": 6, "Plan Width": 172, "Actual Startup Time": 153005.293, "Actual Total Time": 153005.295, "Actual Rows": 4, "Actual Loops": 1, "Group By Key": ["l_returnflag", "l_linestatus"], "Plans": [{"Node Type": "Bitmap Heap Scan", "Parent Relationship": "Outer", "Relation Name": "lineitem", "Alias": "lineitem", "Startup Cost": 1889239.74, "Total Cost": 4039083.91, "Plan Rows": 58767934, "Plan Width": 36, "Actual Startup Time": 20873.158, "Actual Total Time": 51413.022, "Actual Rows": 58773499, "Actual Loops": 1, "Recheck Cond": "(l_shipdate <= '1998-08-15 00:00:00'::timestamp without time zone), (LLVM Optimized, Jit Execute)", "Rows Removed by Index Recheck": 0, "Exact Heap Blocks": 1415245, "Lossy Heap Blocks": 1415245, "Plans": [{"Node Type": "Bitmap Index Scan", "Parent Relationship": "Outer", "Index Name": "idx_lineitem_shipdate", "Startup Cost": 0.0, "Total Cost": 1874547.75, "Plan Rows": 58767934, "Plan Width": 0, "Actual Startup Time": 20269.977, "Actual Total Time": 20269.977, "Actual Rows": 58773499, "Actual Loops": 1, "Index Cond": "(l_shipdate <= '1998-08-15 00:00:00'::timestamp without time zone)"}]}]}]}, "Triggers": [], "Planner Runtime": 0.361, "Total Runtime": 153018.35, "Unique SQL Id": 177413717}}, "(16, 56)": {"explain_plan": {"Plan": {"Node Type": "Sort", "Startup Cost": 4515800.46, "Total Cost": 4515800.47, "Plan Rows": 6, "Plan Width": 172, "Sort Key": ["l_returnflag", "l_linestatus"], "Plans": [{"Node Type": "Aggregate", "Strategy": "Hashed", "Parent Relationship": "Outer", "Startup Cost": 4515800.27, "Total Cost": 4515800.38, "Plan Rows": 6, "Plan Width": 172, "Group By Key": ["l_returnflag", "l_linestatus"], "Plans": [{"Node Type": "Seq Scan", "Parent Relationship": "Outer", "Relation Name": "lineitem", "Alias": "lineitem", "Startup Cost": 3.13, "Total Cost": 2165082.91, "Plan Rows": 58767934, "Plan Width": 36, "Filter": "(l_shipdate <= '1998-08-15 00:00:00'::timestamp without time zone), (LLVM Optimized)"}]}]}, "Unique SQL Id": 177413717}, "explain_analyze_plan": {"Plan": {"Node Type": "Sort", "Startup Cost": 4515800.46, "Total Cost": 4515800.47, "Plan Rows": 6, "Plan Width": 172, "Actual Startup Time": 132656.508, "Actual Total Time": 132656.508, "Actual Rows": 4, "Actual Loops": 1, "Sort Key": ["l_returnflag", "l_linestatus"], "Sort Method": "quicksort", "Sort Space Used": 25, "Sort Space Type": "Memory", "Plans": [{"Node Type": "Aggregate", "Strategy": "Hashed", "Parent Relationship": "Outer", "Startup Cost": 4515800.27, "Total Cost": 4515800.38, "Plan Rows": 6, "Plan Width": 172, "Actual Startup Time": 132656.41, "Actual Total Time": 132656.414, "Actual Rows": 4, "Actual Loops": 1, "Group By Key": ["l_returnflag", "l_linestatus"], "Plans": [{"Node Type": "Seq Scan", "Parent Relationship": "Outer", "Relation Name": "lineitem", "Alias": "lineitem", "Startup Cost": 3.13, "Total Cost": 2165082.91, "Plan Rows": 58767934, "Plan Width": 36, "Actual Startup Time": 0.03, "Actual Total Time": 27802.259, "Actual Rows": 58773499, "Actual Loops": 1, "Filter": "(l_shipdate <= '1998-08-15 00:00:00'::timestamp without time zone), (LLVM Optimized, Jit Execute)", "Rows Removed by Filter": 1212553}]}]}, "Triggers": [], "Planner Runtime": 0.341, "Total Runtime": 132667.948, "Unique SQL Id": 177413717}}, "(16, 57)": {"explain_plan": {"Plan": {"Node Type": "Sort", "Startup Cost": 10473924.63, "Total Cost": 10473924.64, "Plan Rows": 6, "Plan Width": 172, "Sort Key": ["l_returnflag", "l_linestatus"], "Plans": [{"Node Type": "Aggregate", "Strategy": "Hashed", "Parent Relationship": "Outer", "Startup Cost": 10473924.44, "Total Cost": 10473924.55, "Plan Rows": 6, "Plan Width": 172, "Group By Key": ["l_returnflag", "l_linestatus"], "Plans": [{"Node Type": "Index Scan", "Parent Relationship": "Outer", "Scan Direction": "Forward", "Index Name": "idx_lineitem_shipdate", "Relation Name": "lineitem", "Alias": "lineitem", "Startup Cost": 0.0, "Total Cost": 8123207.08, "Plan Rows": 58767934, "Plan Width": 36, "Index Cond": "(l_shipdate <= '1998-08-15 00:00:00'::timestamp without time zone), (LLVM Optimized)"}]}]}, "Unique SQL Id": 177413717}, "explain_analyze_plan": {"Plan": {"Node Type": "Sort", "Startup Cost": 10473924.63, "Total Cost": 10473924.64, "Plan Rows": 6, "Plan Width": 172, "Actual Startup Time": 269422.163, "Actual Total Time": 269422.164, "Actual Rows": 4, "Actual Loops": 1, "Sort Key": ["l_returnflag", "l_linestatus"], "Sort Method": "quicksort", "Sort Space Used": 25, "Sort Space Type": "Memory", "Plans": [{"Node Type": "Aggregate", "Strategy": "Hashed", "Parent Relationship": "Outer", "Startup Cost": 10473924.44, "Total Cost": 10473924.55, "Plan Rows": 6, "Plan Width": 172, "Actual Startup Time": 269421.997, "Actual Total Time": 269422.016, "Actual Rows": 4, "Actual Loops": 1, "Group By Key": ["l_returnflag", "l_linestatus"], "Plans": [{"Node Type": "Index Scan", "Parent Relationship": "Outer", "Scan Direction": "Forward", "Index Name": "idx_lineitem_shipdate", "Relation Name": "lineitem", "Alias": "lineitem", "Startup Cost": 0.0, "Total Cost": 8123207.08, "Plan Rows": 58767934, "Plan Width": 36, "Actual Startup Time": 0.051, "Actual Total Time": 155909.29, "Actual Rows": 58773499, "Actual Loops": 1, "Index Cond": "(l_shipdate <= '1998-08-15 00:00:00'::timestamp without time zone), (LLVM Optimized, Jit Execute)", "Rows Removed by Index Recheck": 0}]}]}, "Triggers": [], "Planner Runtime": 0.326, "Total Runtime": 269433.851, "Unique SQL Id": 177413717}}, "(16, 58)": {"explain_plan": {"Plan": {"Node Type": "Sort", "Startup Cost": 4515800.46, "Total Cost": 4515800.47, "Plan Rows": 6, "Plan Width": 172, "Sort Key": ["l_returnflag", "l_linestatus"], "Plans": [{"Node Type": "Aggregate", "Strategy": "Hashed", "Parent Relationship": "Outer", "Startup Cost": 4515800.27, "Total Cost": 4515800.38, "Plan Rows": 6, "Plan Width": 172, "Group By Key": ["l_returnflag", "l_linestatus"], "Plans": [{"Node Type": "Seq Scan", "Parent Relationship": "Outer", "Relation Name": "lineitem", "Alias": "lineitem", "Startup Cost": 3.13, "Total Cost": 2165082.91, "Plan Rows": 58767934, "Plan Width": 36, "Filter": "(l_shipdate <= '1998-08-15 00:00:00'::timestamp without time zone), (LLVM Optimized)"}]}]}, "Unique SQL Id": 177413717}, "explain_analyze_plan": {"Plan": {"Node Type": "Sort", "Startup Cost": 4515800.46, "Total Cost": 4515800.47, "Plan Rows": 6, "Plan Width": 172, "Actual Startup Time": 132656.508, "Actual Total Time": 132656.508, "Actual Rows": 4, "Actual Loops": 1, "Sort Key": ["l_returnflag", "l_linestatus"], "Sort Method": "quicksort", "Sort Space Used": 25, "Sort Space Type": "Memory", "Plans": [{"Node Type": "Aggregate", "Strategy": "Hashed", "Parent Relationship": "Outer", "Startup Cost": 4515800.27, "Total Cost": 4515800.38, "Plan Rows": 6, "Plan Width": 172, "Actual Startup Time": 132656.41, "Actual Total Time": 132656.414, "Actual Rows": 4, "Actual Loops": 1, "Group By Key": ["l_returnflag", "l_linestatus"], "Plans": [{"Node Type": "Seq Scan", "Parent Relationship": "Outer", "Relation Name": "lineitem", "Alias": "lineitem", "Startup Cost": 3.13, "Total Cost": 2165082.91, "Plan Rows": 58767934, "Plan Width": 36, "Actual Startup Time": 0.03, "Actual Total Time": 27802.259, "Actual Rows": 58773499, "Actual Loops": 1, "Filter": "(l_shipdate <= '1998-08-15 00:00:00'::timestamp without time zone), (LLVM Optimized, Jit Execute)", "Rows Removed by Filter": 1212553}]}]}, "Triggers": [], "Planner Runtime": 0.341, "Total Runtime": 132667.948, "Unique SQL Id": 177413717}}, "(16, 59)": {"explain_plan": {"Plan": {"Node Type": "Sort", "Startup Cost": 1000218859008.79, "Total Cost": 1000218859008.81, "Plan Rows": 6, "Plan Width": 172, "Sort Key": ["l_returnflag", "l_linestatus"], "Plans": [{"Node Type": "Aggregate", "Strategy": "Hashed", "Parent Relationship": "Outer", "Startup Cost": 1000218859008.61, "Total Cost": 1000218859008.72, "Plan Rows": 6, "Plan Width": 172, "Group By Key": ["l_returnflag", "l_linestatus"], "Plans": [{"Node Type": "Seq Scan", "Parent Relationship": "Outer", "Relation Name": "lineitem", "Alias": "lineitem", "Startup Cost": 10000000003.1, "Total Cost": 1000216508291.25, "Plan Rows": 58767934, "Plan Width": 36, "Filter": "(l_shipdate <= '1998-08-15 00:00:00'::timestamp without time zone), (LLVM Optimized)"}]}]}, "Unique SQL Id": 177413717}, "explain_analyze_plan": {"Plan": {"Node Type": "Sort", "Startup Cost": 1000218859008.79, "Total Cost": 1000218859008.81, "Plan Rows": 6, "Plan Width": 172, "Actual Startup Time": 134311.273, "Actual Total Time": 134311.273, "Actual Rows": 4, "Actual Loops": 1, "Sort Key": ["l_returnflag", "l_linestatus"], "Sort Method": "quicksort", "Sort Space Used": 25, "Sort Space Type": "Memory", "Plans": [{"Node Type": "Aggregate", "Strategy": "Hashed", "Parent Relationship": "Outer", "Startup Cost": 1000218859008.61, "Total Cost": 1000218859008.72, "Plan Rows": 6, "Plan Width": 172, "Actual Startup Time": 134311.085, "Actual Total Time": 134311.104, "Actual Rows": 4, "Actual Loops": 1, "Group By Key": ["l_returnflag", "l_linestatus"], "Plans": [{"Node Type": "Seq Scan", "Parent Relationship": "Outer", "Relation Name": "lineitem", "Alias": "lineitem", "Startup Cost": 10000000003.1, "Total Cost": 1000216508291.25, "Plan Rows": 58767934, "Plan Width": 36, "Actual Startup Time": 0.022, "Actual Total Time": 27834.189, "Actual Rows": 58773499, "Actual Loops": 1, "Filter": "(l_shipdate <= '1998-08-15 00:00:00'::timestamp without time zone), (LLVM Optimized, Jit Execute)", "Rows Removed by Filter": 1212553}]}]}, "Triggers": [], "Planner Runtime": 0.327, "Total Runtime": 134322.809, "Unique SQL Id": 177413717}}, "(16, 60)": {"explain_plan": {"Plan": {"Node Type": "Sort", "Startup Cost": 4515800.46, "Total Cost": 4515800.47, "Plan Rows": 6, "Plan Width": 172, "Sort Key": ["l_returnflag", "l_linestatus"], "Plans": [{"Node Type": "Aggregate", "Strategy": "Hashed", "Parent Relationship": "Outer", "Startup Cost": 4515800.27, "Total Cost": 4515800.38, "Plan Rows": 6, "Plan Width": 172, "Group By Key": ["l_returnflag", "l_linestatus"], "Plans": [{"Node Type": "Seq Scan", "Parent Relationship": "Outer", "Relation Name": "lineitem", "Alias": "lineitem", "Startup Cost": 3.13, "Total Cost": 2165082.91, "Plan Rows": 58767934, "Plan Width": 36, "Filter": "(l_shipdate <= '1998-08-15 00:00:00'::timestamp without time zone), (LLVM Optimized)"}]}]}, "Unique SQL Id": 177413717}, "explain_analyze_plan": {"Plan": {"Node Type": "Sort", "Startup Cost": 4515800.46, "Total Cost": 4515800.47, "Plan Rows": 6, "Plan Width": 172, "Actual Startup Time": 132656.508, "Actual Total Time": 132656.508, "Actual Rows": 4, "Actual Loops": 1, "Sort Key": ["l_returnflag", "l_linestatus"], "Sort Method": "quicksort", "Sort Space Used": 25, "Sort Space Type": "Memory", "Plans": [{"Node Type": "Aggregate", "Strategy": "Hashed", "Parent Relationship": "Outer", "Startup Cost": 4515800.27, "Total Cost": 4515800.38, "Plan Rows": 6, "Plan Width": 172, "Actual Startup Time": 132656.41, "Actual Total Time": 132656.414, "Actual Rows": 4, "Actual Loops": 1, "Group By Key": ["l_returnflag", "l_linestatus"], "Plans": [{"Node Type": "Seq Scan", "Parent Relationship": "Outer", "Relation Name": "lineitem", "Alias": "lineitem", "Startup Cost": 3.13, "Total Cost": 2165082.91, "Plan Rows": 58767934, "Plan Width": 36, "Actual Startup Time": 0.03, "Actual Total Time": 27802.259, "Actual Rows": 58773499, "Actual Loops": 1, "Filter": "(l_shipdate <= '1998-08-15 00:00:00'::timestamp without time zone), (LLVM Optimized, Jit Execute)", "Rows Removed by Filter": 1212553}]}]}, "Triggers": [], "Planner Runtime": 0.341, "Total Runtime": 132667.948, "Unique SQL Id": 177413717}}, "(16, 61)": {"explain_plan": {"Plan": {"Node Type": "Sort", "Startup Cost": 10473924.63, "Total Cost": 10473924.64, "Plan Rows": 6, "Plan Width": 172, "Sort Key": ["l_returnflag", "l_linestatus"], "Plans": [{"Node Type": "Aggregate", "Strategy": "Hashed", "Parent Relationship": "Outer", "Startup Cost": 10473924.44, "Total Cost": 10473924.55, "Plan Rows": 6, "Plan Width": 172, "Group By Key": ["l_returnflag", "l_linestatus"], "Plans": [{"Node Type": "Index Scan", "Parent Relationship": "Outer", "Scan Direction": "Forward", "Index Name": "idx_lineitem_shipdate", "Relation Name": "lineitem", "Alias": "lineitem", "Startup Cost": 0.0, "Total Cost": 8123207.08, "Plan Rows": 58767934, "Plan Width": 36, "Index Cond": "(l_shipdate <= '1998-08-15 00:00:00'::timestamp without time zone), (LLVM Optimized)"}]}]}, "Unique SQL Id": 177413717}, "explain_analyze_plan": {"Plan": {"Node Type": "Sort", "Startup Cost": 10473924.63, "Total Cost": 10473924.64, "Plan Rows": 6, "Plan Width": 172, "Actual Startup Time": 269422.163, "Actual Total Time": 269422.164, "Actual Rows": 4, "Actual Loops": 1, "Sort Key": ["l_returnflag", "l_linestatus"], "Sort Method": "quicksort", "Sort Space Used": 25, "Sort Space Type": "Memory", "Plans": [{"Node Type": "Aggregate", "Strategy": "Hashed", "Parent Relationship": "Outer", "Startup Cost": 10473924.44, "Total Cost": 10473924.55, "Plan Rows": 6, "Plan Width": 172, "Actual Startup Time": 269421.997, "Actual Total Time": 269422.016, "Actual Rows": 4, "Actual Loops": 1, "Group By Key": ["l_returnflag", "l_linestatus"], "Plans": [{"Node Type": "Index Scan", "Parent Relationship": "Outer", "Scan Direction": "Forward", "Index Name": "idx_lineitem_shipdate", "Relation Name": "lineitem", "Alias": "lineitem", "Startup Cost": 0.0, "Total Cost": 8123207.08, "Plan Rows": 58767934, "Plan Width": 36, "Actual Startup Time": 0.051, "Actual Total Time": 155909.29, "Actual Rows": 58773499, "Actual Loops": 1, "Index Cond": "(l_shipdate <= '1998-08-15 00:00:00'::timestamp without time zone), (LLVM Optimized, Jit Execute)", "Rows Removed by Index Recheck": 0}]}]}, "Triggers": [], "Planner Runtime": 0.326, "Total Runtime": 269433.851, "Unique SQL Id": 177413717}}, "(16, 62)": {"explain_plan": {"Plan": {"Node Type": "Sort", "Startup Cost": 4515800.46, "Total Cost": 4515800.47, "Plan Rows": 6, "Plan Width": 172, "Sort Key": ["l_returnflag", "l_linestatus"], "Plans": [{"Node Type": "Aggregate", "Strategy": "Hashed", "Parent Relationship": "Outer", "Startup Cost": 4515800.27, "Total Cost": 4515800.38, "Plan Rows": 6, "Plan Width": 172, "Group By Key": ["l_returnflag", "l_linestatus"], "Plans": [{"Node Type": "Seq Scan", "Parent Relationship": "Outer", "Relation Name": "lineitem", "Alias": "lineitem", "Startup Cost": 3.13, "Total Cost": 2165082.91, "Plan Rows": 58767934, "Plan Width": 36, "Filter": "(l_shipdate <= '1998-08-15 00:00:00'::timestamp without time zone), (LLVM Optimized)"}]}]}, "Unique SQL Id": 177413717}, "explain_analyze_plan": {"Plan": {"Node Type": "Sort", "Startup Cost": 4515800.46, "Total Cost": 4515800.47, "Plan Rows": 6, "Plan Width": 172, "Actual Startup Time": 132656.508, "Actual Total Time": 132656.508, "Actual Rows": 4, "Actual Loops": 1, "Sort Key": ["l_returnflag", "l_linestatus"], "Sort Method": "quicksort", "Sort Space Used": 25, "Sort Space Type": "Memory", "Plans": [{"Node Type": "Aggregate", "Strategy": "Hashed", "Parent Relationship": "Outer", "Startup Cost": 4515800.27, "Total Cost": 4515800.38, "Plan Rows": 6, "Plan Width": 172, "Actual Startup Time": 132656.41, "Actual Total Time": 132656.414, "Actual Rows": 4, "Actual Loops": 1, "Group By Key": ["l_returnflag", "l_linestatus"], "Plans": [{"Node Type": "Seq Scan", "Parent Relationship": "Outer", "Relation Name": "lineitem", "Alias": "lineitem", "Startup Cost": 3.13, "Total Cost": 2165082.91, "Plan Rows": 58767934, "Plan Width": 36, "Actual Startup Time": 0.03, "Actual Total Time": 27802.259, "Actual Rows": 58773499, "Actual Loops": 1, "Filter": "(l_shipdate <= '1998-08-15 00:00:00'::timestamp without time zone), (LLVM Optimized, Jit Execute)", "Rows Removed by Filter": 1212553}]}]}, "Triggers": [], "Planner Runtime": 0.341, "Total Runtime": 132667.948, "Unique SQL Id": 177413717}}, "(16, 63)": {"explain_plan": {"Plan": {"Node Type": "Sort", "Startup Cost": 1000218859008.79, "Total Cost": 1000218859008.81, "Plan Rows": 6, "Plan Width": 172, "Sort Key": ["l_returnflag", "l_linestatus"], "Plans": [{"Node Type": "Aggregate", "Strategy": "Hashed", "Parent Relationship": "Outer", "Startup Cost": 1000218859008.61, "Total Cost": 1000218859008.72, "Plan Rows": 6, "Plan Width": 172, "Group By Key": ["l_returnflag", "l_linestatus"], "Plans": [{"Node Type": "Seq Scan", "Parent Relationship": "Outer", "Relation Name": "lineitem", "Alias": "lineitem", "Startup Cost": 10000000003.1, "Total Cost": 1000216508291.25, "Plan Rows": 58767934, "Plan Width": 36, "Filter": "(l_shipdate <= '1998-08-15 00:00:00'::timestamp without time zone), (LLVM Optimized)"}]}]}, "Unique SQL Id": 177413717}, "explain_analyze_plan": {"Plan": {"Node Type": "Sort", "Startup Cost": 1000218859008.79, "Total Cost": 1000218859008.81, "Plan Rows": 6, "Plan Width": 172, "Actual Startup Time": 134311.273, "Actual Total Time": 134311.273, "Actual Rows": 4, "Actual Loops": 1, "Sort Key": ["l_returnflag", "l_linestatus"], "Sort Method": "quicksort", "Sort Space Used": 25, "Sort Space Type": "Memory", "Plans": [{"Node Type": "Aggregate", "Strategy": "Hashed", "Parent Relationship": "Outer", "Startup Cost": 1000218859008.61, "Total Cost": 1000218859008.72, "Plan Rows": 6, "Plan Width": 172, "Actual Startup Time": 134311.085, "Actual Total Time": 134311.104, "Actual Rows": 4, "Actual Loops": 1, "Group By Key": ["l_returnflag", "l_linestatus"], "Plans": [{"Node Type": "Seq Scan", "Parent Relationship": "Outer", "Relation Name": "lineitem", "Alias": "lineitem", "Startup Cost": 10000000003.1, "Total Cost": 1000216508291.25, "Plan Rows": 58767934, "Plan Width": 36, "Actual Startup Time": 0.022, "Actual Total Time": 27834.189, "Actual Rows": 58773499, "Actual Loops": 1, "Filter": "(l_shipdate <= '1998-08-15 00:00:00'::timestamp without time zone), (LLVM Optimized, Jit Execute)", "Rows Removed by Filter": 1212553}]}]}, "Triggers": [], "Planner Runtime": 0.327, "Total Runtime": 134322.809, "Unique SQL Id": 177413717}}, "(16, 64)": {"explain_plan": {"Plan": {"Node Type": "Sort", "Startup Cost": 4515800.46, "Total Cost": 4515800.47, "Plan Rows": 6, "Plan Width": 172, "Sort Key": ["l_returnflag", "l_linestatus"], "Plans": [{"Node Type": "Aggregate", "Strategy": "Hashed", "Parent Relationship": "Outer", "Startup Cost": 4515800.27, "Total Cost": 4515800.38, "Plan Rows": 6, "Plan Width": 172, "Group By Key": ["l_returnflag", "l_linestatus"], "Plans": [{"Node Type": "Seq Scan", "Parent Relationship": "Outer", "Relation Name": "lineitem", "Alias": "lineitem", "Startup Cost": 3.13, "Total Cost": 2165082.91, "Plan Rows": 58767934, "Plan Width": 36, "Filter": "(l_shipdate <= '1998-08-15 00:00:00'::timestamp without time zone), (LLVM Optimized)"}]}]}, "Unique SQL Id": 177413717}, "explain_analyze_plan": {"Plan": {"Node Type": "Sort", "Startup Cost": 4515800.46, "Total Cost": 4515800.47, "Plan Rows": 6, "Plan Width": 172, "Actual Startup Time": 132656.508, "Actual Total Time": 132656.508, "Actual Rows": 4, "Actual Loops": 1, "Sort Key": ["l_returnflag", "l_linestatus"], "Sort Method": "quicksort", "Sort Space Used": 25, "Sort Space Type": "Memory", "Plans": [{"Node Type": "Aggregate", "Strategy": "Hashed", "Parent Relationship": "Outer", "Startup Cost": 4515800.27, "Total Cost": 4515800.38, "Plan Rows": 6, "Plan Width": 172, "Actual Startup Time": 132656.41, "Actual Total Time": 132656.414, "Actual Rows": 4, "Actual Loops": 1, "Group By Key": ["l_returnflag", "l_linestatus"], "Plans": [{"Node Type": "Seq Scan", "Parent Relationship": "Outer", "Relation Name": "lineitem", "Alias": "lineitem", "Startup Cost": 3.13, "Total Cost": 2165082.91, "Plan Rows": 58767934, "Plan Width": 36, "Actual Startup Time": 0.03, "Actual Total Time": 27802.259, "Actual Rows": 58773499, "Actual Loops": 1, "Filter": "(l_shipdate <= '1998-08-15 00:00:00'::timestamp without time zone), (LLVM Optimized, Jit Execute)", "Rows Removed by Filter": 1212553}]}]}, "Triggers": [], "Planner Runtime": 0.341, "Total Runtime": 132667.948, "Unique SQL Id": 177413717}}, "(16, 65)": {"explain_plan": {"Plan": {"Node Type": "Sort", "Startup Cost": 6389801.46, "Total Cost": 6389801.47, "Plan Rows": 6, "Plan Width": 172, "Sort Key": ["l_returnflag", "l_linestatus"], "Plans": [{"Node Type": "Aggregate", "Strategy": "Hashed", "Parent Relationship": "Outer", "Startup Cost": 6389801.27, "Total Cost": 6389801.38, "Plan Rows": 6, "Plan Width": 172, "Group By Key": ["l_returnflag", "l_linestatus"], "Plans": [{"Node Type": "Bitmap Heap Scan", "Parent Relationship": "Outer", "Relation Name": "lineitem", "Alias": "lineitem", "Startup Cost": 1889239.74, "Total Cost": 4039083.91, "Plan Rows": 58767934, "Plan Width": 36, "Recheck Cond": "(l_shipdate <= '1998-08-15 00:00:00'::timestamp without time zone), (LLVM Optimized)", "Plans": [{"Node Type": "Bitmap Index Scan", "Parent Relationship": "Outer", "Index Name": "idx_lineitem_shipdate", "Startup Cost": 0.0, "Total Cost": 1874547.75, "Plan Rows": 58767934, "Plan Width": 0, "Index Cond": "(l_shipdate <= '1998-08-15 00:00:00'::timestamp without time zone)"}]}]}]}, "Unique SQL Id": 177413717}, "explain_analyze_plan": {"Plan": {"Node Type": "Sort", "Startup Cost": 6389801.46, "Total Cost": 6389801.47, "Plan Rows": 6, "Plan Width": 172, "Actual Startup Time": 153005.354, "Actual Total Time": 153005.354, "Actual Rows": 4, "Actual Loops": 1, "Sort Key": ["l_returnflag", "l_linestatus"], "Sort Method": "quicksort", "Sort Space Used": 25, "Sort Space Type": "Memory", "Plans": [{"Node Type": "Aggregate", "Strategy": "Hashed", "Parent Relationship": "Outer", "Startup Cost": 6389801.27, "Total Cost": 6389801.38, "Plan Rows": 6, "Plan Width": 172, "Actual Startup Time": 153005.293, "Actual Total Time": 153005.295, "Actual Rows": 4, "Actual Loops": 1, "Group By Key": ["l_returnflag", "l_linestatus"], "Plans": [{"Node Type": "Bitmap Heap Scan", "Parent Relationship": "Outer", "Relation Name": "lineitem", "Alias": "lineitem", "Startup Cost": 1889239.74, "Total Cost": 4039083.91, "Plan Rows": 58767934, "Plan Width": 36, "Actual Startup Time": 20873.158, "Actual Total Time": 51413.022, "Actual Rows": 58773499, "Actual Loops": 1, "Recheck Cond": "(l_shipdate <= '1998-08-15 00:00:00'::timestamp without time zone), (LLVM Optimized, Jit Execute)", "Rows Removed by Index Recheck": 0, "Exact Heap Blocks": 1415245, "Lossy Heap Blocks": 1415245, "Plans": [{"Node Type": "Bitmap Index Scan", "Parent Relationship": "Outer", "Index Name": "idx_lineitem_shipdate", "Startup Cost": 0.0, "Total Cost": 1874547.75, "Plan Rows": 58767934, "Plan Width": 0, "Actual Startup Time": 20269.977, "Actual Total Time": 20269.977, "Actual Rows": 58773499, "Actual Loops": 1, "Index Cond": "(l_shipdate <= '1998-08-15 00:00:00'::timestamp without time zone)"}]}]}]}, "Triggers": [], "Planner Runtime": 0.361, "Total Runtime": 153018.35, "Unique SQL Id": 177413717}}, "(16, 66)": {"explain_plan": {"Plan": {"Node Type": "Sort", "Startup Cost": 4515800.46, "Total Cost": 4515800.47, "Plan Rows": 6, "Plan Width": 172, "Sort Key": ["l_returnflag", "l_linestatus"], "Plans": [{"Node Type": "Aggregate", "Strategy": "Hashed", "Parent Relationship": "Outer", "Startup Cost": 4515800.27, "Total Cost": 4515800.38, "Plan Rows": 6, "Plan Width": 172, "Group By Key": ["l_returnflag", "l_linestatus"], "Plans": [{"Node Type": "Seq Scan", "Parent Relationship": "Outer", "Relation Name": "lineitem", "Alias": "lineitem", "Startup Cost": 3.13, "Total Cost": 2165082.91, "Plan Rows": 58767934, "Plan Width": 36, "Filter": "(l_shipdate <= '1998-08-15 00:00:00'::timestamp without time zone), (LLVM Optimized)"}]}]}, "Unique SQL Id": 177413717}, "explain_analyze_plan": {"Plan": {"Node Type": "Sort", "Startup Cost": 4515800.46, "Total Cost": 4515800.47, "Plan Rows": 6, "Plan Width": 172, "Actual Startup Time": 132656.508, "Actual Total Time": 132656.508, "Actual Rows": 4, "Actual Loops": 1, "Sort Key": ["l_returnflag", "l_linestatus"], "Sort Method": "quicksort", "Sort Space Used": 25, "Sort Space Type": "Memory", "Plans": [{"Node Type": "Aggregate", "Strategy": "Hashed", "Parent Relationship": "Outer", "Startup Cost": 4515800.27, "Total Cost": 4515800.38, "Plan Rows": 6, "Plan Width": 172, "Actual Startup Time": 132656.41, "Actual Total Time": 132656.414, "Actual Rows": 4, "Actual Loops": 1, "Group By Key": ["l_returnflag", "l_linestatus"], "Plans": [{"Node Type": "Seq Scan", "Parent Relationship": "Outer", "Relation Name": "lineitem", "Alias": "lineitem", "Startup Cost": 3.13, "Total Cost": 2165082.91, "Plan Rows": 58767934, "Plan Width": 36, "Actual Startup Time": 0.03, "Actual Total Time": 27802.259, "Actual Rows": 58773499, "Actual Loops": 1, "Filter": "(l_shipdate <= '1998-08-15 00:00:00'::timestamp without time zone), (LLVM Optimized, Jit Execute)", "Rows Removed by Filter": 1212553}]}]}, "Triggers": [], "Planner Runtime": 0.341, "Total Runtime": 132667.948, "Unique SQL Id": 177413717}}, "(16, 67)": {"explain_plan": {"Plan": {"Node Type": "Sort", "Startup Cost": 6389801.46, "Total Cost": 6389801.47, "Plan Rows": 6, "Plan Width": 172, "Sort Key": ["l_returnflag", "l_linestatus"], "Plans": [{"Node Type": "Aggregate", "Strategy": "Hashed", "Parent Relationship": "Outer", "Startup Cost": 6389801.27, "Total Cost": 6389801.38, "Plan Rows": 6, "Plan Width": 172, "Group By Key": ["l_returnflag", "l_linestatus"], "Plans": [{"Node Type": "Bitmap Heap Scan", "Parent Relationship": "Outer", "Relation Name": "lineitem", "Alias": "lineitem", "Startup Cost": 1889239.74, "Total Cost": 4039083.91, "Plan Rows": 58767934, "Plan Width": 36, "Recheck Cond": "(l_shipdate <= '1998-08-15 00:00:00'::timestamp without time zone), (LLVM Optimized)", "Plans": [{"Node Type": "Bitmap Index Scan", "Parent Relationship": "Outer", "Index Name": "idx_lineitem_shipdate", "Startup Cost": 0.0, "Total Cost": 1874547.75, "Plan Rows": 58767934, "Plan Width": 0, "Index Cond": "(l_shipdate <= '1998-08-15 00:00:00'::timestamp without time zone)"}]}]}]}, "Unique SQL Id": 177413717}, "explain_analyze_plan": {"Plan": {"Node Type": "Sort", "Startup Cost": 6389801.46, "Total Cost": 6389801.47, "Plan Rows": 6, "Plan Width": 172, "Actual Startup Time": 153005.354, "Actual Total Time": 153005.354, "Actual Rows": 4, "Actual Loops": 1, "Sort Key": ["l_returnflag", "l_linestatus"], "Sort Method": "quicksort", "Sort Space Used": 25, "Sort Space Type": "Memory", "Plans": [{"Node Type": "Aggregate", "Strategy": "Hashed", "Parent Relationship": "Outer", "Startup Cost": 6389801.27, "Total Cost": 6389801.38, "Plan Rows": 6, "Plan Width": 172, "Actual Startup Time": 153005.293, "Actual Total Time": 153005.295, "Actual Rows": 4, "Actual Loops": 1, "Group By Key": ["l_returnflag", "l_linestatus"], "Plans": [{"Node Type": "Bitmap Heap Scan", "Parent Relationship": "Outer", "Relation Name": "lineitem", "Alias": "lineitem", "Startup Cost": 1889239.74, "Total Cost": 4039083.91, "Plan Rows": 58767934, "Plan Width": 36, "Actual Startup Time": 20873.158, "Actual Total Time": 51413.022, "Actual Rows": 58773499, "Actual Loops": 1, "Recheck Cond": "(l_shipdate <= '1998-08-15 00:00:00'::timestamp without time zone), (LLVM Optimized, Jit Execute)", "Rows Removed by Index Recheck": 0, "Exact Heap Blocks": 1415245, "Lossy Heap Blocks": 1415245, "Plans": [{"Node Type": "Bitmap Index Scan", "Parent Relationship": "Outer", "Index Name": "idx_lineitem_shipdate", "Startup Cost": 0.0, "Total Cost": 1874547.75, "Plan Rows": 58767934, "Plan Width": 0, "Actual Startup Time": 20269.977, "Actual Total Time": 20269.977, "Actual Rows": 58773499, "Actual Loops": 1, "Index Cond": "(l_shipdate <= '1998-08-15 00:00:00'::timestamp without time zone)"}]}]}]}, "Triggers": [], "Planner Runtime": 0.361, "Total Runtime": 153018.35, "Unique SQL Id": 177413717}}, "(16, 68)": {"explain_plan": {"Plan": {"Node Type": "Sort", "Startup Cost": 4515800.46, "Total Cost": 4515800.47, "Plan Rows": 6, "Plan Width": 172, "Sort Key": ["l_returnflag", "l_linestatus"], "Plans": [{"Node Type": "Aggregate", "Strategy": "Hashed", "Parent Relationship": "Outer", "Startup Cost": 4515800.27, "Total Cost": 4515800.38, "Plan Rows": 6, "Plan Width": 172, "Group By Key": ["l_returnflag", "l_linestatus"], "Plans": [{"Node Type": "Seq Scan", "Parent Relationship": "Outer", "Relation Name": "lineitem", "Alias": "lineitem", "Startup Cost": 3.13, "Total Cost": 2165082.91, "Plan Rows": 58767934, "Plan Width": 36, "Filter": "(l_shipdate <= '1998-08-15 00:00:00'::timestamp without time zone), (LLVM Optimized)"}]}]}, "Unique SQL Id": 177413717}, "explain_analyze_plan": {"Plan": {"Node Type": "Sort", "Startup Cost": 4515800.46, "Total Cost": 4515800.47, "Plan Rows": 6, "Plan Width": 172, "Actual Startup Time": 132656.508, "Actual Total Time": 132656.508, "Actual Rows": 4, "Actual Loops": 1, "Sort Key": ["l_returnflag", "l_linestatus"], "Sort Method": "quicksort", "Sort Space Used": 25, "Sort Space Type": "Memory", "Plans": [{"Node Type": "Aggregate", "Strategy": "Hashed", "Parent Relationship": "Outer", "Startup Cost": 4515800.27, "Total Cost": 4515800.38, "Plan Rows": 6, "Plan Width": 172, "Actual Startup Time": 132656.41, "Actual Total Time": 132656.414, "Actual Rows": 4, "Actual Loops": 1, "Group By Key": ["l_returnflag", "l_linestatus"], "Plans": [{"Node Type": "Seq Scan", "Parent Relationship": "Outer", "Relation Name": "lineitem", "Alias": "lineitem", "Startup Cost": 3.13, "Total Cost": 2165082.91, "Plan Rows": 58767934, "Plan Width": 36, "Actual Startup Time": 0.03, "Actual Total Time": 27802.259, "Actual Rows": 58773499, "Actual Loops": 1, "Filter": "(l_shipdate <= '1998-08-15 00:00:00'::timestamp without time zone), (LLVM Optimized, Jit Execute)", "Rows Removed by Filter": 1212553}]}]}, "Triggers": [], "Planner Runtime": 0.341, "Total Runtime": 132667.948, "Unique SQL Id": 177413717}}, "(16, 69)": {"explain_plan": {"Plan": {"Node Type": "Sort", "Startup Cost": 6389801.46, "Total Cost": 6389801.47, "Plan Rows": 6, "Plan Width": 172, "Sort Key": ["l_returnflag", "l_linestatus"], "Plans": [{"Node Type": "Aggregate", "Strategy": "Hashed", "Parent Relationship": "Outer", "Startup Cost": 6389801.27, "Total Cost": 6389801.38, "Plan Rows": 6, "Plan Width": 172, "Group By Key": ["l_returnflag", "l_linestatus"], "Plans": [{"Node Type": "Bitmap Heap Scan", "Parent Relationship": "Outer", "Relation Name": "lineitem", "Alias": "lineitem", "Startup Cost": 1889239.74, "Total Cost": 4039083.91, "Plan Rows": 58767934, "Plan Width": 36, "Recheck Cond": "(l_shipdate <= '1998-08-15 00:00:00'::timestamp without time zone), (LLVM Optimized)", "Plans": [{"Node Type": "Bitmap Index Scan", "Parent Relationship": "Outer", "Index Name": "idx_lineitem_shipdate", "Startup Cost": 0.0, "Total Cost": 1874547.75, "Plan Rows": 58767934, "Plan Width": 0, "Index Cond": "(l_shipdate <= '1998-08-15 00:00:00'::timestamp without time zone)"}]}]}]}, "Unique SQL Id": 177413717}, "explain_analyze_plan": {"Plan": {"Node Type": "Sort", "Startup Cost": 6389801.46, "Total Cost": 6389801.47, "Plan Rows": 6, "Plan Width": 172, "Actual Startup Time": 153005.354, "Actual Total Time": 153005.354, "Actual Rows": 4, "Actual Loops": 1, "Sort Key": ["l_returnflag", "l_linestatus"], "Sort Method": "quicksort", "Sort Space Used": 25, "Sort Space Type": "Memory", "Plans": [{"Node Type": "Aggregate", "Strategy": "Hashed", "Parent Relationship": "Outer", "Startup Cost": 6389801.27, "Total Cost": 6389801.38, "Plan Rows": 6, "Plan Width": 172, "Actual Startup Time": 153005.293, "Actual Total Time": 153005.295, "Actual Rows": 4, "Actual Loops": 1, "Group By Key": ["l_returnflag", "l_linestatus"], "Plans": [{"Node Type": "Bitmap Heap Scan", "Parent Relationship": "Outer", "Relation Name": "lineitem", "Alias": "lineitem", "Startup Cost": 1889239.74, "Total Cost": 4039083.91, "Plan Rows": 58767934, "Plan Width": 36, "Actual Startup Time": 20873.158, "Actual Total Time": 51413.022, "Actual Rows": 58773499, "Actual Loops": 1, "Recheck Cond": "(l_shipdate <= '1998-08-15 00:00:00'::timestamp without time zone), (LLVM Optimized, Jit Execute)", "Rows Removed by Index Recheck": 0, "Exact Heap Blocks": 1415245, "Lossy Heap Blocks": 1415245, "Plans": [{"Node Type": "Bitmap Index Scan", "Parent Relationship": "Outer", "Index Name": "idx_lineitem_shipdate", "Startup Cost": 0.0, "Total Cost": 1874547.75, "Plan Rows": 58767934, "Plan Width": 0, "Actual Startup Time": 20269.977, "Actual Total Time": 20269.977, "Actual Rows": 58773499, "Actual Loops": 1, "Index Cond": "(l_shipdate <= '1998-08-15 00:00:00'::timestamp without time zone)"}]}]}]}, "Triggers": [], "Planner Runtime": 0.361, "Total Runtime": 153018.35, "Unique SQL Id": 177413717}}, "(16, 70)": {"explain_plan": {"Plan": {"Node Type": "Sort", "Startup Cost": 4515800.46, "Total Cost": 4515800.47, "Plan Rows": 6, "Plan Width": 172, "Sort Key": ["l_returnflag", "l_linestatus"], "Plans": [{"Node Type": "Aggregate", "Strategy": "Hashed", "Parent Relationship": "Outer", "Startup Cost": 4515800.27, "Total Cost": 4515800.38, "Plan Rows": 6, "Plan Width": 172, "Group By Key": ["l_returnflag", "l_linestatus"], "Plans": [{"Node Type": "Seq Scan", "Parent Relationship": "Outer", "Relation Name": "lineitem", "Alias": "lineitem", "Startup Cost": 3.13, "Total Cost": 2165082.91, "Plan Rows": 58767934, "Plan Width": 36, "Filter": "(l_shipdate <= '1998-08-15 00:00:00'::timestamp without time zone), (LLVM Optimized)"}]}]}, "Unique SQL Id": 177413717}, "explain_analyze_plan": {"Plan": {"Node Type": "Sort", "Startup Cost": 4515800.46, "Total Cost": 4515800.47, "Plan Rows": 6, "Plan Width": 172, "Actual Startup Time": 132656.508, "Actual Total Time": 132656.508, "Actual Rows": 4, "Actual Loops": 1, "Sort Key": ["l_returnflag", "l_linestatus"], "Sort Method": "quicksort", "Sort Space Used": 25, "Sort Space Type": "Memory", "Plans": [{"Node Type": "Aggregate", "Strategy": "Hashed", "Parent Relationship": "Outer", "Startup Cost": 4515800.27, "Total Cost": 4515800.38, "Plan Rows": 6, "Plan Width": 172, "Actual Startup Time": 132656.41, "Actual Total Time": 132656.414, "Actual Rows": 4, "Actual Loops": 1, "Group By Key": ["l_returnflag", "l_linestatus"], "Plans": [{"Node Type": "Seq Scan", "Parent Relationship": "Outer", "Relation Name": "lineitem", "Alias": "lineitem", "Startup Cost": 3.13, "Total Cost": 2165082.91, "Plan Rows": 58767934, "Plan Width": 36, "Actual Startup Time": 0.03, "Actual Total Time": 27802.259, "Actual Rows": 58773499, "Actual Loops": 1, "Filter": "(l_shipdate <= '1998-08-15 00:00:00'::timestamp without time zone), (LLVM Optimized, Jit Execute)", "Rows Removed by Filter": 1212553}]}]}, "Triggers": [], "Planner Runtime": 0.341, "Total Runtime": 132667.948, "Unique SQL Id": 177413717}}, "(16, 71)": {"explain_plan": {"Plan": {"Node Type": "Sort", "Startup Cost": 6389801.46, "Total Cost": 6389801.47, "Plan Rows": 6, "Plan Width": 172, "Sort Key": ["l_returnflag", "l_linestatus"], "Plans": [{"Node Type": "Aggregate", "Strategy": "Hashed", "Parent Relationship": "Outer", "Startup Cost": 6389801.27, "Total Cost": 6389801.38, "Plan Rows": 6, "Plan Width": 172, "Group By Key": ["l_returnflag", "l_linestatus"], "Plans": [{"Node Type": "Bitmap Heap Scan", "Parent Relationship": "Outer", "Relation Name": "lineitem", "Alias": "lineitem", "Startup Cost": 1889239.74, "Total Cost": 4039083.91, "Plan Rows": 58767934, "Plan Width": 36, "Recheck Cond": "(l_shipdate <= '1998-08-15 00:00:00'::timestamp without time zone), (LLVM Optimized)", "Plans": [{"Node Type": "Bitmap Index Scan", "Parent Relationship": "Outer", "Index Name": "idx_lineitem_shipdate", "Startup Cost": 0.0, "Total Cost": 1874547.75, "Plan Rows": 58767934, "Plan Width": 0, "Index Cond": "(l_shipdate <= '1998-08-15 00:00:00'::timestamp without time zone)"}]}]}]}, "Unique SQL Id": 177413717}, "explain_analyze_plan": {"Plan": {"Node Type": "Sort", "Startup Cost": 6389801.46, "Total Cost": 6389801.47, "Plan Rows": 6, "Plan Width": 172, "Actual Startup Time": 153005.354, "Actual Total Time": 153005.354, "Actual Rows": 4, "Actual Loops": 1, "Sort Key": ["l_returnflag", "l_linestatus"], "Sort Method": "quicksort", "Sort Space Used": 25, "Sort Space Type": "Memory", "Plans": [{"Node Type": "Aggregate", "Strategy": "Hashed", "Parent Relationship": "Outer", "Startup Cost": 6389801.27, "Total Cost": 6389801.38, "Plan Rows": 6, "Plan Width": 172, "Actual Startup Time": 153005.293, "Actual Total Time": 153005.295, "Actual Rows": 4, "Actual Loops": 1, "Group By Key": ["l_returnflag", "l_linestatus"], "Plans": [{"Node Type": "Bitmap Heap Scan", "Parent Relationship": "Outer", "Relation Name": "lineitem", "Alias": "lineitem", "Startup Cost": 1889239.74, "Total Cost": 4039083.91, "Plan Rows": 58767934, "Plan Width": 36, "Actual Startup Time": 20873.158, "Actual Total Time": 51413.022, "Actual Rows": 58773499, "Actual Loops": 1, "Recheck Cond": "(l_shipdate <= '1998-08-15 00:00:00'::timestamp without time zone), (LLVM Optimized, Jit Execute)", "Rows Removed by Index Recheck": 0, "Exact Heap Blocks": 1415245, "Lossy Heap Blocks": 1415245, "Plans": [{"Node Type": "Bitmap Index Scan", "Parent Relationship": "Outer", "Index Name": "idx_lineitem_shipdate", "Startup Cost": 0.0, "Total Cost": 1874547.75, "Plan Rows": 58767934, "Plan Width": 0, "Actual Startup Time": 20269.977, "Actual Total Time": 20269.977, "Actual Rows": 58773499, "Actual Loops": 1, "Index Cond": "(l_shipdate <= '1998-08-15 00:00:00'::timestamp without time zone)"}]}]}]}, "Triggers": [], "Planner Runtime": 0.361, "Total Runtime": 153018.35, "Unique SQL Id": 177413717}}, "(16, 72)": {"explain_plan": {"Plan": {"Node Type": "Sort", "Startup Cost": 4515800.46, "Total Cost": 4515800.47, "Plan Rows": 6, "Plan Width": 172, "Sort Key": ["l_returnflag", "l_linestatus"], "Plans": [{"Node Type": "Aggregate", "Strategy": "Hashed", "Parent Relationship": "Outer", "Startup Cost": 4515800.27, "Total Cost": 4515800.38, "Plan Rows": 6, "Plan Width": 172, "Group By Key": ["l_returnflag", "l_linestatus"], "Plans": [{"Node Type": "Seq Scan", "Parent Relationship": "Outer", "Relation Name": "lineitem", "Alias": "lineitem", "Startup Cost": 3.13, "Total Cost": 2165082.91, "Plan Rows": 58767934, "Plan Width": 36, "Filter": "(l_shipdate <= '1998-08-15 00:00:00'::timestamp without time zone), (LLVM Optimized)"}]}]}, "Unique SQL Id": 177413717}, "explain_analyze_plan": {"Plan": {"Node Type": "Sort", "Startup Cost": 4515800.46, "Total Cost": 4515800.47, "Plan Rows": 6, "Plan Width": 172, "Actual Startup Time": 132656.508, "Actual Total Time": 132656.508, "Actual Rows": 4, "Actual Loops": 1, "Sort Key": ["l_returnflag", "l_linestatus"], "Sort Method": "quicksort", "Sort Space Used": 25, "Sort Space Type": "Memory", "Plans": [{"Node Type": "Aggregate", "Strategy": "Hashed", "Parent Relationship": "Outer", "Startup Cost": 4515800.27, "Total Cost": 4515800.38, "Plan Rows": 6, "Plan Width": 172, "Actual Startup Time": 132656.41, "Actual Total Time": 132656.414, "Actual Rows": 4, "Actual Loops": 1, "Group By Key": ["l_returnflag", "l_linestatus"], "Plans": [{"Node Type": "Seq Scan", "Parent Relationship": "Outer", "Relation Name": "lineitem", "Alias": "lineitem", "Startup Cost": 3.13, "Total Cost": 2165082.91, "Plan Rows": 58767934, "Plan Width": 36, "Actual Startup Time": 0.03, "Actual Total Time": 27802.259, "Actual Rows": 58773499, "Actual Loops": 1, "Filter": "(l_shipdate <= '1998-08-15 00:00:00'::timestamp without time zone), (LLVM Optimized, Jit Execute)", "Rows Removed by Filter": 1212553}]}]}, "Triggers": [], "Planner Runtime": 0.341, "Total Runtime": 132667.948, "Unique SQL Id": 177413717}}, "(16, 73)": {"explain_plan": {"Plan": {"Node Type": "Sort", "Startup Cost": 10473924.63, "Total Cost": 10473924.64, "Plan Rows": 6, "Plan Width": 172, "Sort Key": ["l_returnflag", "l_linestatus"], "Plans": [{"Node Type": "Aggregate", "Strategy": "Hashed", "Parent Relationship": "Outer", "Startup Cost": 10473924.44, "Total Cost": 10473924.55, "Plan Rows": 6, "Plan Width": 172, "Group By Key": ["l_returnflag", "l_linestatus"], "Plans": [{"Node Type": "Index Scan", "Parent Relationship": "Outer", "Scan Direction": "Forward", "Index Name": "idx_lineitem_shipdate", "Relation Name": "lineitem", "Alias": "lineitem", "Startup Cost": 0.0, "Total Cost": 8123207.08, "Plan Rows": 58767934, "Plan Width": 36, "Index Cond": "(l_shipdate <= '1998-08-15 00:00:00'::timestamp without time zone), (LLVM Optimized)"}]}]}, "Unique SQL Id": 177413717}, "explain_analyze_plan": {"Plan": {"Node Type": "Sort", "Startup Cost": 10473924.63, "Total Cost": 10473924.64, "Plan Rows": 6, "Plan Width": 172, "Actual Startup Time": 269422.163, "Actual Total Time": 269422.164, "Actual Rows": 4, "Actual Loops": 1, "Sort Key": ["l_returnflag", "l_linestatus"], "Sort Method": "quicksort", "Sort Space Used": 25, "Sort Space Type": "Memory", "Plans": [{"Node Type": "Aggregate", "Strategy": "Hashed", "Parent Relationship": "Outer", "Startup Cost": 10473924.44, "Total Cost": 10473924.55, "Plan Rows": 6, "Plan Width": 172, "Actual Startup Time": 269421.997, "Actual Total Time": 269422.016, "Actual Rows": 4, "Actual Loops": 1, "Group By Key": ["l_returnflag", "l_linestatus"], "Plans": [{"Node Type": "Index Scan", "Parent Relationship": "Outer", "Scan Direction": "Forward", "Index Name": "idx_lineitem_shipdate", "Relation Name": "lineitem", "Alias": "lineitem", "Startup Cost": 0.0, "Total Cost": 8123207.08, "Plan Rows": 58767934, "Plan Width": 36, "Actual Startup Time": 0.051, "Actual Total Time": 155909.29, "Actual Rows": 58773499, "Actual Loops": 1, "Index Cond": "(l_shipdate <= '1998-08-15 00:00:00'::timestamp without time zone), (LLVM Optimized, Jit Execute)", "Rows Removed by Index Recheck": 0}]}]}, "Triggers": [], "Planner Runtime": 0.326, "Total Runtime": 269433.851, "Unique SQL Id": 177413717}}, "(16, 74)": {"explain_plan": {"Plan": {"Node Type": "Sort", "Startup Cost": 4515800.46, "Total Cost": 4515800.47, "Plan Rows": 6, "Plan Width": 172, "Sort Key": ["l_returnflag", "l_linestatus"], "Plans": [{"Node Type": "Aggregate", "Strategy": "Hashed", "Parent Relationship": "Outer", "Startup Cost": 4515800.27, "Total Cost": 4515800.38, "Plan Rows": 6, "Plan Width": 172, "Group By Key": ["l_returnflag", "l_linestatus"], "Plans": [{"Node Type": "Seq Scan", "Parent Relationship": "Outer", "Relation Name": "lineitem", "Alias": "lineitem", "Startup Cost": 3.13, "Total Cost": 2165082.91, "Plan Rows": 58767934, "Plan Width": 36, "Filter": "(l_shipdate <= '1998-08-15 00:00:00'::timestamp without time zone), (LLVM Optimized)"}]}]}, "Unique SQL Id": 177413717}, "explain_analyze_plan": {"Plan": {"Node Type": "Sort", "Startup Cost": 4515800.46, "Total Cost": 4515800.47, "Plan Rows": 6, "Plan Width": 172, "Actual Startup Time": 132656.508, "Actual Total Time": 132656.508, "Actual Rows": 4, "Actual Loops": 1, "Sort Key": ["l_returnflag", "l_linestatus"], "Sort Method": "quicksort", "Sort Space Used": 25, "Sort Space Type": "Memory", "Plans": [{"Node Type": "Aggregate", "Strategy": "Hashed", "Parent Relationship": "Outer", "Startup Cost": 4515800.27, "Total Cost": 4515800.38, "Plan Rows": 6, "Plan Width": 172, "Actual Startup Time": 132656.41, "Actual Total Time": 132656.414, "Actual Rows": 4, "Actual Loops": 1, "Group By Key": ["l_returnflag", "l_linestatus"], "Plans": [{"Node Type": "Seq Scan", "Parent Relationship": "Outer", "Relation Name": "lineitem", "Alias": "lineitem", "Startup Cost": 3.13, "Total Cost": 2165082.91, "Plan Rows": 58767934, "Plan Width": 36, "Actual Startup Time": 0.03, "Actual Total Time": 27802.259, "Actual Rows": 58773499, "Actual Loops": 1, "Filter": "(l_shipdate <= '1998-08-15 00:00:00'::timestamp without time zone), (LLVM Optimized, Jit Execute)", "Rows Removed by Filter": 1212553}]}]}, "Triggers": [], "Planner Runtime": 0.341, "Total Runtime": 132667.948, "Unique SQL Id": 177413717}}, "(16, 75)": {"explain_plan": {"Plan": {"Node Type": "Sort", "Startup Cost": 1000218859008.79, "Total Cost": 1000218859008.81, "Plan Rows": 6, "Plan Width": 172, "Sort Key": ["l_returnflag", "l_linestatus"], "Plans": [{"Node Type": "Aggregate", "Strategy": "Hashed", "Parent Relationship": "Outer", "Startup Cost": 1000218859008.61, "Total Cost": 1000218859008.72, "Plan Rows": 6, "Plan Width": 172, "Group By Key": ["l_returnflag", "l_linestatus"], "Plans": [{"Node Type": "Seq Scan", "Parent Relationship": "Outer", "Relation Name": "lineitem", "Alias": "lineitem", "Startup Cost": 10000000003.1, "Total Cost": 1000216508291.25, "Plan Rows": 58767934, "Plan Width": 36, "Filter": "(l_shipdate <= '1998-08-15 00:00:00'::timestamp without time zone), (LLVM Optimized)"}]}]}, "Unique SQL Id": 177413717}, "explain_analyze_plan": {"Plan": {"Node Type": "Sort", "Startup Cost": 1000218859008.79, "Total Cost": 1000218859008.81, "Plan Rows": 6, "Plan Width": 172, "Actual Startup Time": 134311.273, "Actual Total Time": 134311.273, "Actual Rows": 4, "Actual Loops": 1, "Sort Key": ["l_returnflag", "l_linestatus"], "Sort Method": "quicksort", "Sort Space Used": 25, "Sort Space Type": "Memory", "Plans": [{"Node Type": "Aggregate", "Strategy": "Hashed", "Parent Relationship": "Outer", "Startup Cost": 1000218859008.61, "Total Cost": 1000218859008.72, "Plan Rows": 6, "Plan Width": 172, "Actual Startup Time": 134311.085, "Actual Total Time": 134311.104, "Actual Rows": 4, "Actual Loops": 1, "Group By Key": ["l_returnflag", "l_linestatus"], "Plans": [{"Node Type": "Seq Scan", "Parent Relationship": "Outer", "Relation Name": "lineitem", "Alias": "lineitem", "Startup Cost": 10000000003.1, "Total Cost": 1000216508291.25, "Plan Rows": 58767934, "Plan Width": 36, "Actual Startup Time": 0.022, "Actual Total Time": 27834.189, "Actual Rows": 58773499, "Actual Loops": 1, "Filter": "(l_shipdate <= '1998-08-15 00:00:00'::timestamp without time zone), (LLVM Optimized, Jit Execute)", "Rows Removed by Filter": 1212553}]}]}, "Triggers": [], "Planner Runtime": 0.327, "Total Runtime": 134322.809, "Unique SQL Id": 177413717}}, "(16, 76)": {"explain_plan": {"Plan": {"Node Type": "Sort", "Startup Cost": 4515800.46, "Total Cost": 4515800.47, "Plan Rows": 6, "Plan Width": 172, "Sort Key": ["l_returnflag", "l_linestatus"], "Plans": [{"Node Type": "Aggregate", "Strategy": "Hashed", "Parent Relationship": "Outer", "Startup Cost": 4515800.27, "Total Cost": 4515800.38, "Plan Rows": 6, "Plan Width": 172, "Group By Key": ["l_returnflag", "l_linestatus"], "Plans": [{"Node Type": "Seq Scan", "Parent Relationship": "Outer", "Relation Name": "lineitem", "Alias": "lineitem", "Startup Cost": 3.13, "Total Cost": 2165082.91, "Plan Rows": 58767934, "Plan Width": 36, "Filter": "(l_shipdate <= '1998-08-15 00:00:00'::timestamp without time zone), (LLVM Optimized)"}]}]}, "Unique SQL Id": 177413717}, "explain_analyze_plan": {"Plan": {"Node Type": "Sort", "Startup Cost": 4515800.46, "Total Cost": 4515800.47, "Plan Rows": 6, "Plan Width": 172, "Actual Startup Time": 132656.508, "Actual Total Time": 132656.508, "Actual Rows": 4, "Actual Loops": 1, "Sort Key": ["l_returnflag", "l_linestatus"], "Sort Method": "quicksort", "Sort Space Used": 25, "Sort Space Type": "Memory", "Plans": [{"Node Type": "Aggregate", "Strategy": "Hashed", "Parent Relationship": "Outer", "Startup Cost": 4515800.27, "Total Cost": 4515800.38, "Plan Rows": 6, "Plan Width": 172, "Actual Startup Time": 132656.41, "Actual Total Time": 132656.414, "Actual Rows": 4, "Actual Loops": 1, "Group By Key": ["l_returnflag", "l_linestatus"], "Plans": [{"Node Type": "Seq Scan", "Parent Relationship": "Outer", "Relation Name": "lineitem", "Alias": "lineitem", "Startup Cost": 3.13, "Total Cost": 2165082.91, "Plan Rows": 58767934, "Plan Width": 36, "Actual Startup Time": 0.03, "Actual Total Time": 27802.259, "Actual Rows": 58773499, "Actual Loops": 1, "Filter": "(l_shipdate <= '1998-08-15 00:00:00'::timestamp without time zone), (LLVM Optimized, Jit Execute)", "Rows Removed by Filter": 1212553}]}]}, "Triggers": [], "Planner Runtime": 0.341, "Total Runtime": 132667.948, "Unique SQL Id": 177413717}}, "(16, 77)": {"explain_plan": {"Plan": {"Node Type": "Sort", "Startup Cost": 10473924.63, "Total Cost": 10473924.64, "Plan Rows": 6, "Plan Width": 172, "Sort Key": ["l_returnflag", "l_linestatus"], "Plans": [{"Node Type": "Aggregate", "Strategy": "Hashed", "Parent Relationship": "Outer", "Startup Cost": 10473924.44, "Total Cost": 10473924.55, "Plan Rows": 6, "Plan Width": 172, "Group By Key": ["l_returnflag", "l_linestatus"], "Plans": [{"Node Type": "Index Scan", "Parent Relationship": "Outer", "Scan Direction": "Forward", "Index Name": "idx_lineitem_shipdate", "Relation Name": "lineitem", "Alias": "lineitem", "Startup Cost": 0.0, "Total Cost": 8123207.08, "Plan Rows": 58767934, "Plan Width": 36, "Index Cond": "(l_shipdate <= '1998-08-15 00:00:00'::timestamp without time zone), (LLVM Optimized)"}]}]}, "Unique SQL Id": 177413717}, "explain_analyze_plan": {"Plan": {"Node Type": "Sort", "Startup Cost": 10473924.63, "Total Cost": 10473924.64, "Plan Rows": 6, "Plan Width": 172, "Actual Startup Time": 269422.163, "Actual Total Time": 269422.164, "Actual Rows": 4, "Actual Loops": 1, "Sort Key": ["l_returnflag", "l_linestatus"], "Sort Method": "quicksort", "Sort Space Used": 25, "Sort Space Type": "Memory", "Plans": [{"Node Type": "Aggregate", "Strategy": "Hashed", "Parent Relationship": "Outer", "Startup Cost": 10473924.44, "Total Cost": 10473924.55, "Plan Rows": 6, "Plan Width": 172, "Actual Startup Time": 269421.997, "Actual Total Time": 269422.016, "Actual Rows": 4, "Actual Loops": 1, "Group By Key": ["l_returnflag", "l_linestatus"], "Plans": [{"Node Type": "Index Scan", "Parent Relationship": "Outer", "Scan Direction": "Forward", "Index Name": "idx_lineitem_shipdate", "Relation Name": "lineitem", "Alias": "lineitem", "Startup Cost": 0.0, "Total Cost": 8123207.08, "Plan Rows": 58767934, "Plan Width": 36, "Actual Startup Time": 0.051, "Actual Total Time": 155909.29, "Actual Rows": 58773499, "Actual Loops": 1, "Index Cond": "(l_shipdate <= '1998-08-15 00:00:00'::timestamp without time zone), (LLVM Optimized, Jit Execute)", "Rows Removed by Index Recheck": 0}]}]}, "Triggers": [], "Planner Runtime": 0.326, "Total Runtime": 269433.851, "Unique SQL Id": 177413717}}, "(16, 78)": {"explain_plan": {"Plan": {"Node Type": "Sort", "Startup Cost": 4515800.46, "Total Cost": 4515800.47, "Plan Rows": 6, "Plan Width": 172, "Sort Key": ["l_returnflag", "l_linestatus"], "Plans": [{"Node Type": "Aggregate", "Strategy": "Hashed", "Parent Relationship": "Outer", "Startup Cost": 4515800.27, "Total Cost": 4515800.38, "Plan Rows": 6, "Plan Width": 172, "Group By Key": ["l_returnflag", "l_linestatus"], "Plans": [{"Node Type": "Seq Scan", "Parent Relationship": "Outer", "Relation Name": "lineitem", "Alias": "lineitem", "Startup Cost": 3.13, "Total Cost": 2165082.91, "Plan Rows": 58767934, "Plan Width": 36, "Filter": "(l_shipdate <= '1998-08-15 00:00:00'::timestamp without time zone), (LLVM Optimized)"}]}]}, "Unique SQL Id": 177413717}, "explain_analyze_plan": {"Plan": {"Node Type": "Sort", "Startup Cost": 4515800.46, "Total Cost": 4515800.47, "Plan Rows": 6, "Plan Width": 172, "Actual Startup Time": 132656.508, "Actual Total Time": 132656.508, "Actual Rows": 4, "Actual Loops": 1, "Sort Key": ["l_returnflag", "l_linestatus"], "Sort Method": "quicksort", "Sort Space Used": 25, "Sort Space Type": "Memory", "Plans": [{"Node Type": "Aggregate", "Strategy": "Hashed", "Parent Relationship": "Outer", "Startup Cost": 4515800.27, "Total Cost": 4515800.38, "Plan Rows": 6, "Plan Width": 172, "Actual Startup Time": 132656.41, "Actual Total Time": 132656.414, "Actual Rows": 4, "Actual Loops": 1, "Group By Key": ["l_returnflag", "l_linestatus"], "Plans": [{"Node Type": "Seq Scan", "Parent Relationship": "Outer", "Relation Name": "lineitem", "Alias": "lineitem", "Startup Cost": 3.13, "Total Cost": 2165082.91, "Plan Rows": 58767934, "Plan Width": 36, "Actual Startup Time": 0.03, "Actual Total Time": 27802.259, "Actual Rows": 58773499, "Actual Loops": 1, "Filter": "(l_shipdate <= '1998-08-15 00:00:00'::timestamp without time zone), (LLVM Optimized, Jit Execute)", "Rows Removed by Filter": 1212553}]}]}, "Triggers": [], "Planner Runtime": 0.341, "Total Runtime": 132667.948, "Unique SQL Id": 177413717}}, "(16, 79)": {"explain_plan": {"Plan": {"Node Type": "Sort", "Startup Cost": 1000218859008.79, "Total Cost": 1000218859008.81, "Plan Rows": 6, "Plan Width": 172, "Sort Key": ["l_returnflag", "l_linestatus"], "Plans": [{"Node Type": "Aggregate", "Strategy": "Hashed", "Parent Relationship": "Outer", "Startup Cost": 1000218859008.61, "Total Cost": 1000218859008.72, "Plan Rows": 6, "Plan Width": 172, "Group By Key": ["l_returnflag", "l_linestatus"], "Plans": [{"Node Type": "Seq Scan", "Parent Relationship": "Outer", "Relation Name": "lineitem", "Alias": "lineitem", "Startup Cost": 10000000003.1, "Total Cost": 1000216508291.25, "Plan Rows": 58767934, "Plan Width": 36, "Filter": "(l_shipdate <= '1998-08-15 00:00:00'::timestamp without time zone), (LLVM Optimized)"}]}]}, "Unique SQL Id": 177413717}, "explain_analyze_plan": {"Plan": {"Node Type": "Sort", "Startup Cost": 1000218859008.79, "Total Cost": 1000218859008.81, "Plan Rows": 6, "Plan Width": 172, "Actual Startup Time": 134311.273, "Actual Total Time": 134311.273, "Actual Rows": 4, "Actual Loops": 1, "Sort Key": ["l_returnflag", "l_linestatus"], "Sort Method": "quicksort", "Sort Space Used": 25, "Sort Space Type": "Memory", "Plans": [{"Node Type": "Aggregate", "Strategy": "Hashed", "Parent Relationship": "Outer", "Startup Cost": 1000218859008.61, "Total Cost": 1000218859008.72, "Plan Rows": 6, "Plan Width": 172, "Actual Startup Time": 134311.085, "Actual Total Time": 134311.104, "Actual Rows": 4, "Actual Loops": 1, "Group By Key": ["l_returnflag", "l_linestatus"], "Plans": [{"Node Type": "Seq Scan", "Parent Relationship": "Outer", "Relation Name": "lineitem", "Alias": "lineitem", "Startup Cost": 10000000003.1, "Total Cost": 1000216508291.25, "Plan Rows": 58767934, "Plan Width": 36, "Actual Startup Time": 0.022, "Actual Total Time": 27834.189, "Actual Rows": 58773499, "Actual Loops": 1, "Filter": "(l_shipdate <= '1998-08-15 00:00:00'::timestamp without time zone), (LLVM Optimized, Jit Execute)", "Rows Removed by Filter": 1212553}]}]}, "Triggers": [], "Planner Runtime": 0.327, "Total Runtime": 134322.809, "Unique SQL Id": 177413717}}, "(16, 80)": {"explain_plan": {"Plan": {"Node Type": "Sort", "Startup Cost": 4515800.46, "Total Cost": 4515800.47, "Plan Rows": 6, "Plan Width": 172, "Sort Key": ["l_returnflag", "l_linestatus"], "Plans": [{"Node Type": "Aggregate", "Strategy": "Hashed", "Parent Relationship": "Outer", "Startup Cost": 4515800.27, "Total Cost": 4515800.38, "Plan Rows": 6, "Plan Width": 172, "Group By Key": ["l_returnflag", "l_linestatus"], "Plans": [{"Node Type": "Seq Scan", "Parent Relationship": "Outer", "Relation Name": "lineitem", "Alias": "lineitem", "Startup Cost": 3.13, "Total Cost": 2165082.91, "Plan Rows": 58767934, "Plan Width": 36, "Filter": "(l_shipdate <= '1998-08-15 00:00:00'::timestamp without time zone), (LLVM Optimized)"}]}]}, "Unique SQL Id": 177413717}, "explain_analyze_plan": {"Plan": {"Node Type": "Sort", "Startup Cost": 4515800.46, "Total Cost": 4515800.47, "Plan Rows": 6, "Plan Width": 172, "Actual Startup Time": 132656.508, "Actual Total Time": 132656.508, "Actual Rows": 4, "Actual Loops": 1, "Sort Key": ["l_returnflag", "l_linestatus"], "Sort Method": "quicksort", "Sort Space Used": 25, "Sort Space Type": "Memory", "Plans": [{"Node Type": "Aggregate", "Strategy": "Hashed", "Parent Relationship": "Outer", "Startup Cost": 4515800.27, "Total Cost": 4515800.38, "Plan Rows": 6, "Plan Width": 172, "Actual Startup Time": 132656.41, "Actual Total Time": 132656.414, "Actual Rows": 4, "Actual Loops": 1, "Group By Key": ["l_returnflag", "l_linestatus"], "Plans": [{"Node Type": "Seq Scan", "Parent Relationship": "Outer", "Relation Name": "lineitem", "Alias": "lineitem", "Startup Cost": 3.13, "Total Cost": 2165082.91, "Plan Rows": 58767934, "Plan Width": 36, "Actual Startup Time": 0.03, "Actual Total Time": 27802.259, "Actual Rows": 58773499, "Actual Loops": 1, "Filter": "(l_shipdate <= '1998-08-15 00:00:00'::timestamp without time zone), (LLVM Optimized, Jit Execute)", "Rows Removed by Filter": 1212553}]}]}, "Triggers": [], "Planner Runtime": 0.341, "Total Runtime": 132667.948, "Unique SQL Id": 177413717}}, "(16, 81)": {"explain_plan": {"Plan": {"Node Type": "Sort", "Startup Cost": 6389801.46, "Total Cost": 6389801.47, "Plan Rows": 6, "Plan Width": 172, "Sort Key": ["l_returnflag", "l_linestatus"], "Plans": [{"Node Type": "Aggregate", "Strategy": "Hashed", "Parent Relationship": "Outer", "Startup Cost": 6389801.27, "Total Cost": 6389801.38, "Plan Rows": 6, "Plan Width": 172, "Group By Key": ["l_returnflag", "l_linestatus"], "Plans": [{"Node Type": "Bitmap Heap Scan", "Parent Relationship": "Outer", "Relation Name": "lineitem", "Alias": "lineitem", "Startup Cost": 1889239.74, "Total Cost": 4039083.91, "Plan Rows": 58767934, "Plan Width": 36, "Recheck Cond": "(l_shipdate <= '1998-08-15 00:00:00'::timestamp without time zone), (LLVM Optimized)", "Plans": [{"Node Type": "Bitmap Index Scan", "Parent Relationship": "Outer", "Index Name": "idx_lineitem_shipdate", "Startup Cost": 0.0, "Total Cost": 1874547.75, "Plan Rows": 58767934, "Plan Width": 0, "Index Cond": "(l_shipdate <= '1998-08-15 00:00:00'::timestamp without time zone)"}]}]}]}, "Unique SQL Id": 177413717}, "explain_analyze_plan": {"Plan": {"Node Type": "Sort", "Startup Cost": 6389801.46, "Total Cost": 6389801.47, "Plan Rows": 6, "Plan Width": 172, "Actual Startup Time": 153005.354, "Actual Total Time": 153005.354, "Actual Rows": 4, "Actual Loops": 1, "Sort Key": ["l_returnflag", "l_linestatus"], "Sort Method": "quicksort", "Sort Space Used": 25, "Sort Space Type": "Memory", "Plans": [{"Node Type": "Aggregate", "Strategy": "Hashed", "Parent Relationship": "Outer", "Startup Cost": 6389801.27, "Total Cost": 6389801.38, "Plan Rows": 6, "Plan Width": 172, "Actual Startup Time": 153005.293, "Actual Total Time": 153005.295, "Actual Rows": 4, "Actual Loops": 1, "Group By Key": ["l_returnflag", "l_linestatus"], "Plans": [{"Node Type": "Bitmap Heap Scan", "Parent Relationship": "Outer", "Relation Name": "lineitem", "Alias": "lineitem", "Startup Cost": 1889239.74, "Total Cost": 4039083.91, "Plan Rows": 58767934, "Plan Width": 36, "Actual Startup Time": 20873.158, "Actual Total Time": 51413.022, "Actual Rows": 58773499, "Actual Loops": 1, "Recheck Cond": "(l_shipdate <= '1998-08-15 00:00:00'::timestamp without time zone), (LLVM Optimized, Jit Execute)", "Rows Removed by Index Recheck": 0, "Exact Heap Blocks": 1415245, "Lossy Heap Blocks": 1415245, "Plans": [{"Node Type": "Bitmap Index Scan", "Parent Relationship": "Outer", "Index Name": "idx_lineitem_shipdate", "Startup Cost": 0.0, "Total Cost": 1874547.75, "Plan Rows": 58767934, "Plan Width": 0, "Actual Startup Time": 20269.977, "Actual Total Time": 20269.977, "Actual Rows": 58773499, "Actual Loops": 1, "Index Cond": "(l_shipdate <= '1998-08-15 00:00:00'::timestamp without time zone)"}]}]}]}, "Triggers": [], "Planner Runtime": 0.361, "Total Runtime": 153018.35, "Unique SQL Id": 177413717}}, "(16, 82)": {"explain_plan": {"Plan": {"Node Type": "Sort", "Startup Cost": 4515800.46, "Total Cost": 4515800.47, "Plan Rows": 6, "Plan Width": 172, "Sort Key": ["l_returnflag", "l_linestatus"], "Plans": [{"Node Type": "Aggregate", "Strategy": "Hashed", "Parent Relationship": "Outer", "Startup Cost": 4515800.27, "Total Cost": 4515800.38, "Plan Rows": 6, "Plan Width": 172, "Group By Key": ["l_returnflag", "l_linestatus"], "Plans": [{"Node Type": "Seq Scan", "Parent Relationship": "Outer", "Relation Name": "lineitem", "Alias": "lineitem", "Startup Cost": 3.13, "Total Cost": 2165082.91, "Plan Rows": 58767934, "Plan Width": 36, "Filter": "(l_shipdate <= '1998-08-15 00:00:00'::timestamp without time zone), (LLVM Optimized)"}]}]}, "Unique SQL Id": 177413717}, "explain_analyze_plan": {"Plan": {"Node Type": "Sort", "Startup Cost": 4515800.46, "Total Cost": 4515800.47, "Plan Rows": 6, "Plan Width": 172, "Actual Startup Time": 132656.508, "Actual Total Time": 132656.508, "Actual Rows": 4, "Actual Loops": 1, "Sort Key": ["l_returnflag", "l_linestatus"], "Sort Method": "quicksort", "Sort Space Used": 25, "Sort Space Type": "Memory", "Plans": [{"Node Type": "Aggregate", "Strategy": "Hashed", "Parent Relationship": "Outer", "Startup Cost": 4515800.27, "Total Cost": 4515800.38, "Plan Rows": 6, "Plan Width": 172, "Actual Startup Time": 132656.41, "Actual Total Time": 132656.414, "Actual Rows": 4, "Actual Loops": 1, "Group By Key": ["l_returnflag", "l_linestatus"], "Plans": [{"Node Type": "Seq Scan", "Parent Relationship": "Outer", "Relation Name": "lineitem", "Alias": "lineitem", "Startup Cost": 3.13, "Total Cost": 2165082.91, "Plan Rows": 58767934, "Plan Width": 36, "Actual Startup Time": 0.03, "Actual Total Time": 27802.259, "Actual Rows": 58773499, "Actual Loops": 1, "Filter": "(l_shipdate <= '1998-08-15 00:00:00'::timestamp without time zone), (LLVM Optimized, Jit Execute)", "Rows Removed by Filter": 1212553}]}]}, "Triggers": [], "Planner Runtime": 0.341, "Total Runtime": 132667.948, "Unique SQL Id": 177413717}}, "(16, 83)": {"explain_plan": {"Plan": {"Node Type": "Sort", "Startup Cost": 6389801.46, "Total Cost": 6389801.47, "Plan Rows": 6, "Plan Width": 172, "Sort Key": ["l_returnflag", "l_linestatus"], "Plans": [{"Node Type": "Aggregate", "Strategy": "Hashed", "Parent Relationship": "Outer", "Startup Cost": 6389801.27, "Total Cost": 6389801.38, "Plan Rows": 6, "Plan Width": 172, "Group By Key": ["l_returnflag", "l_linestatus"], "Plans": [{"Node Type": "Bitmap Heap Scan", "Parent Relationship": "Outer", "Relation Name": "lineitem", "Alias": "lineitem", "Startup Cost": 1889239.74, "Total Cost": 4039083.91, "Plan Rows": 58767934, "Plan Width": 36, "Recheck Cond": "(l_shipdate <= '1998-08-15 00:00:00'::timestamp without time zone), (LLVM Optimized)", "Plans": [{"Node Type": "Bitmap Index Scan", "Parent Relationship": "Outer", "Index Name": "idx_lineitem_shipdate", "Startup Cost": 0.0, "Total Cost": 1874547.75, "Plan Rows": 58767934, "Plan Width": 0, "Index Cond": "(l_shipdate <= '1998-08-15 00:00:00'::timestamp without time zone)"}]}]}]}, "Unique SQL Id": 177413717}, "explain_analyze_plan": {"Plan": {"Node Type": "Sort", "Startup Cost": 6389801.46, "Total Cost": 6389801.47, "Plan Rows": 6, "Plan Width": 172, "Actual Startup Time": 153005.354, "Actual Total Time": 153005.354, "Actual Rows": 4, "Actual Loops": 1, "Sort Key": ["l_returnflag", "l_linestatus"], "Sort Method": "quicksort", "Sort Space Used": 25, "Sort Space Type": "Memory", "Plans": [{"Node Type": "Aggregate", "Strategy": "Hashed", "Parent Relationship": "Outer", "Startup Cost": 6389801.27, "Total Cost": 6389801.38, "Plan Rows": 6, "Plan Width": 172, "Actual Startup Time": 153005.293, "Actual Total Time": 153005.295, "Actual Rows": 4, "Actual Loops": 1, "Group By Key": ["l_returnflag", "l_linestatus"], "Plans": [{"Node Type": "Bitmap Heap Scan", "Parent Relationship": "Outer", "Relation Name": "lineitem", "Alias": "lineitem", "Startup Cost": 1889239.74, "Total Cost": 4039083.91, "Plan Rows": 58767934, "Plan Width": 36, "Actual Startup Time": 20873.158, "Actual Total Time": 51413.022, "Actual Rows": 58773499, "Actual Loops": 1, "Recheck Cond": "(l_shipdate <= '1998-08-15 00:00:00'::timestamp without time zone), (LLVM Optimized, Jit Execute)", "Rows Removed by Index Recheck": 0, "Exact Heap Blocks": 1415245, "Lossy Heap Blocks": 1415245, "Plans": [{"Node Type": "Bitmap Index Scan", "Parent Relationship": "Outer", "Index Name": "idx_lineitem_shipdate", "Startup Cost": 0.0, "Total Cost": 1874547.75, "Plan Rows": 58767934, "Plan Width": 0, "Actual Startup Time": 20269.977, "Actual Total Time": 20269.977, "Actual Rows": 58773499, "Actual Loops": 1, "Index Cond": "(l_shipdate <= '1998-08-15 00:00:00'::timestamp without time zone)"}]}]}]}, "Triggers": [], "Planner Runtime": 0.361, "Total Runtime": 153018.35, "Unique SQL Id": 177413717}}, "(16, 84)": {"explain_plan": {"Plan": {"Node Type": "Sort", "Startup Cost": 4515800.46, "Total Cost": 4515800.47, "Plan Rows": 6, "Plan Width": 172, "Sort Key": ["l_returnflag", "l_linestatus"], "Plans": [{"Node Type": "Aggregate", "Strategy": "Hashed", "Parent Relationship": "Outer", "Startup Cost": 4515800.27, "Total Cost": 4515800.38, "Plan Rows": 6, "Plan Width": 172, "Group By Key": ["l_returnflag", "l_linestatus"], "Plans": [{"Node Type": "Seq Scan", "Parent Relationship": "Outer", "Relation Name": "lineitem", "Alias": "lineitem", "Startup Cost": 3.13, "Total Cost": 2165082.91, "Plan Rows": 58767934, "Plan Width": 36, "Filter": "(l_shipdate <= '1998-08-15 00:00:00'::timestamp without time zone), (LLVM Optimized)"}]}]}, "Unique SQL Id": 177413717}, "explain_analyze_plan": {"Plan": {"Node Type": "Sort", "Startup Cost": 4515800.46, "Total Cost": 4515800.47, "Plan Rows": 6, "Plan Width": 172, "Actual Startup Time": 132656.508, "Actual Total Time": 132656.508, "Actual Rows": 4, "Actual Loops": 1, "Sort Key": ["l_returnflag", "l_linestatus"], "Sort Method": "quicksort", "Sort Space Used": 25, "Sort Space Type": "Memory", "Plans": [{"Node Type": "Aggregate", "Strategy": "Hashed", "Parent Relationship": "Outer", "Startup Cost": 4515800.27, "Total Cost": 4515800.38, "Plan Rows": 6, "Plan Width": 172, "Actual Startup Time": 132656.41, "Actual Total Time": 132656.414, "Actual Rows": 4, "Actual Loops": 1, "Group By Key": ["l_returnflag", "l_linestatus"], "Plans": [{"Node Type": "Seq Scan", "Parent Relationship": "Outer", "Relation Name": "lineitem", "Alias": "lineitem", "Startup Cost": 3.13, "Total Cost": 2165082.91, "Plan Rows": 58767934, "Plan Width": 36, "Actual Startup Time": 0.03, "Actual Total Time": 27802.259, "Actual Rows": 58773499, "Actual Loops": 1, "Filter": "(l_shipdate <= '1998-08-15 00:00:00'::timestamp without time zone), (LLVM Optimized, Jit Execute)", "Rows Removed by Filter": 1212553}]}]}, "Triggers": [], "Planner Runtime": 0.341, "Total Runtime": 132667.948, "Unique SQL Id": 177413717}}, "(16, 85)": {"explain_plan": {"Plan": {"Node Type": "Sort", "Startup Cost": 6389801.46, "Total Cost": 6389801.47, "Plan Rows": 6, "Plan Width": 172, "Sort Key": ["l_returnflag", "l_linestatus"], "Plans": [{"Node Type": "Aggregate", "Strategy": "Hashed", "Parent Relationship": "Outer", "Startup Cost": 6389801.27, "Total Cost": 6389801.38, "Plan Rows": 6, "Plan Width": 172, "Group By Key": ["l_returnflag", "l_linestatus"], "Plans": [{"Node Type": "Bitmap Heap Scan", "Parent Relationship": "Outer", "Relation Name": "lineitem", "Alias": "lineitem", "Startup Cost": 1889239.74, "Total Cost": 4039083.91, "Plan Rows": 58767934, "Plan Width": 36, "Recheck Cond": "(l_shipdate <= '1998-08-15 00:00:00'::timestamp without time zone), (LLVM Optimized)", "Plans": [{"Node Type": "Bitmap Index Scan", "Parent Relationship": "Outer", "Index Name": "idx_lineitem_shipdate", "Startup Cost": 0.0, "Total Cost": 1874547.75, "Plan Rows": 58767934, "Plan Width": 0, "Index Cond": "(l_shipdate <= '1998-08-15 00:00:00'::timestamp without time zone)"}]}]}]}, "Unique SQL Id": 177413717}, "explain_analyze_plan": {"Plan": {"Node Type": "Sort", "Startup Cost": 6389801.46, "Total Cost": 6389801.47, "Plan Rows": 6, "Plan Width": 172, "Actual Startup Time": 153005.354, "Actual Total Time": 153005.354, "Actual Rows": 4, "Actual Loops": 1, "Sort Key": ["l_returnflag", "l_linestatus"], "Sort Method": "quicksort", "Sort Space Used": 25, "Sort Space Type": "Memory", "Plans": [{"Node Type": "Aggregate", "Strategy": "Hashed", "Parent Relationship": "Outer", "Startup Cost": 6389801.27, "Total Cost": 6389801.38, "Plan Rows": 6, "Plan Width": 172, "Actual Startup Time": 153005.293, "Actual Total Time": 153005.295, "Actual Rows": 4, "Actual Loops": 1, "Group By Key": ["l_returnflag", "l_linestatus"], "Plans": [{"Node Type": "Bitmap Heap Scan", "Parent Relationship": "Outer", "Relation Name": "lineitem", "Alias": "lineitem", "Startup Cost": 1889239.74, "Total Cost": 4039083.91, "Plan Rows": 58767934, "Plan Width": 36, "Actual Startup Time": 20873.158, "Actual Total Time": 51413.022, "Actual Rows": 58773499, "Actual Loops": 1, "Recheck Cond": "(l_shipdate <= '1998-08-15 00:00:00'::timestamp without time zone), (LLVM Optimized, Jit Execute)", "Rows Removed by Index Recheck": 0, "Exact Heap Blocks": 1415245, "Lossy Heap Blocks": 1415245, "Plans": [{"Node Type": "Bitmap Index Scan", "Parent Relationship": "Outer", "Index Name": "idx_lineitem_shipdate", "Startup Cost": 0.0, "Total Cost": 1874547.75, "Plan Rows": 58767934, "Plan Width": 0, "Actual Startup Time": 20269.977, "Actual Total Time": 20269.977, "Actual Rows": 58773499, "Actual Loops": 1, "Index Cond": "(l_shipdate <= '1998-08-15 00:00:00'::timestamp without time zone)"}]}]}]}, "Triggers": [], "Planner Runtime": 0.361, "Total Runtime": 153018.35, "Unique SQL Id": 177413717}}, "(16, 86)": {"explain_plan": {"Plan": {"Node Type": "Sort", "Startup Cost": 4515800.46, "Total Cost": 4515800.47, "Plan Rows": 6, "Plan Width": 172, "Sort Key": ["l_returnflag", "l_linestatus"], "Plans": [{"Node Type": "Aggregate", "Strategy": "Hashed", "Parent Relationship": "Outer", "Startup Cost": 4515800.27, "Total Cost": 4515800.38, "Plan Rows": 6, "Plan Width": 172, "Group By Key": ["l_returnflag", "l_linestatus"], "Plans": [{"Node Type": "Seq Scan", "Parent Relationship": "Outer", "Relation Name": "lineitem", "Alias": "lineitem", "Startup Cost": 3.13, "Total Cost": 2165082.91, "Plan Rows": 58767934, "Plan Width": 36, "Filter": "(l_shipdate <= '1998-08-15 00:00:00'::timestamp without time zone), (LLVM Optimized)"}]}]}, "Unique SQL Id": 177413717}, "explain_analyze_plan": {"Plan": {"Node Type": "Sort", "Startup Cost": 4515800.46, "Total Cost": 4515800.47, "Plan Rows": 6, "Plan Width": 172, "Actual Startup Time": 132656.508, "Actual Total Time": 132656.508, "Actual Rows": 4, "Actual Loops": 1, "Sort Key": ["l_returnflag", "l_linestatus"], "Sort Method": "quicksort", "Sort Space Used": 25, "Sort Space Type": "Memory", "Plans": [{"Node Type": "Aggregate", "Strategy": "Hashed", "Parent Relationship": "Outer", "Startup Cost": 4515800.27, "Total Cost": 4515800.38, "Plan Rows": 6, "Plan Width": 172, "Actual Startup Time": 132656.41, "Actual Total Time": 132656.414, "Actual Rows": 4, "Actual Loops": 1, "Group By Key": ["l_returnflag", "l_linestatus"], "Plans": [{"Node Type": "Seq Scan", "Parent Relationship": "Outer", "Relation Name": "lineitem", "Alias": "lineitem", "Startup Cost": 3.13, "Total Cost": 2165082.91, "Plan Rows": 58767934, "Plan Width": 36, "Actual Startup Time": 0.03, "Actual Total Time": 27802.259, "Actual Rows": 58773499, "Actual Loops": 1, "Filter": "(l_shipdate <= '1998-08-15 00:00:00'::timestamp without time zone), (LLVM Optimized, Jit Execute)", "Rows Removed by Filter": 1212553}]}]}, "Triggers": [], "Planner Runtime": 0.341, "Total Runtime": 132667.948, "Unique SQL Id": 177413717}}, "(16, 87)": {"explain_plan": {"Plan": {"Node Type": "Sort", "Startup Cost": 6389801.46, "Total Cost": 6389801.47, "Plan Rows": 6, "Plan Width": 172, "Sort Key": ["l_returnflag", "l_linestatus"], "Plans": [{"Node Type": "Aggregate", "Strategy": "Hashed", "Parent Relationship": "Outer", "Startup Cost": 6389801.27, "Total Cost": 6389801.38, "Plan Rows": 6, "Plan Width": 172, "Group By Key": ["l_returnflag", "l_linestatus"], "Plans": [{"Node Type": "Bitmap Heap Scan", "Parent Relationship": "Outer", "Relation Name": "lineitem", "Alias": "lineitem", "Startup Cost": 1889239.74, "Total Cost": 4039083.91, "Plan Rows": 58767934, "Plan Width": 36, "Recheck Cond": "(l_shipdate <= '1998-08-15 00:00:00'::timestamp without time zone), (LLVM Optimized)", "Plans": [{"Node Type": "Bitmap Index Scan", "Parent Relationship": "Outer", "Index Name": "idx_lineitem_shipdate", "Startup Cost": 0.0, "Total Cost": 1874547.75, "Plan Rows": 58767934, "Plan Width": 0, "Index Cond": "(l_shipdate <= '1998-08-15 00:00:00'::timestamp without time zone)"}]}]}]}, "Unique SQL Id": 177413717}, "explain_analyze_plan": {"Plan": {"Node Type": "Sort", "Startup Cost": 6389801.46, "Total Cost": 6389801.47, "Plan Rows": 6, "Plan Width": 172, "Actual Startup Time": 153005.354, "Actual Total Time": 153005.354, "Actual Rows": 4, "Actual Loops": 1, "Sort Key": ["l_returnflag", "l_linestatus"], "Sort Method": "quicksort", "Sort Space Used": 25, "Sort Space Type": "Memory", "Plans": [{"Node Type": "Aggregate", "Strategy": "Hashed", "Parent Relationship": "Outer", "Startup Cost": 6389801.27, "Total Cost": 6389801.38, "Plan Rows": 6, "Plan Width": 172, "Actual Startup Time": 153005.293, "Actual Total Time": 153005.295, "Actual Rows": 4, "Actual Loops": 1, "Group By Key": ["l_returnflag", "l_linestatus"], "Plans": [{"Node Type": "Bitmap Heap Scan", "Parent Relationship": "Outer", "Relation Name": "lineitem", "Alias": "lineitem", "Startup Cost": 1889239.74, "Total Cost": 4039083.91, "Plan Rows": 58767934, "Plan Width": 36, "Actual Startup Time": 20873.158, "Actual Total Time": 51413.022, "Actual Rows": 58773499, "Actual Loops": 1, "Recheck Cond": "(l_shipdate <= '1998-08-15 00:00:00'::timestamp without time zone), (LLVM Optimized, Jit Execute)", "Rows Removed by Index Recheck": 0, "Exact Heap Blocks": 1415245, "Lossy Heap Blocks": 1415245, "Plans": [{"Node Type": "Bitmap Index Scan", "Parent Relationship": "Outer", "Index Name": "idx_lineitem_shipdate", "Startup Cost": 0.0, "Total Cost": 1874547.75, "Plan Rows": 58767934, "Plan Width": 0, "Actual Startup Time": 20269.977, "Actual Total Time": 20269.977, "Actual Rows": 58773499, "Actual Loops": 1, "Index Cond": "(l_shipdate <= '1998-08-15 00:00:00'::timestamp without time zone)"}]}]}]}, "Triggers": [], "Planner Runtime": 0.361, "Total Runtime": 153018.35, "Unique SQL Id": 177413717}}, "(16, 88)": {"explain_plan": {"Plan": {"Node Type": "Sort", "Startup Cost": 4515800.46, "Total Cost": 4515800.47, "Plan Rows": 6, "Plan Width": 172, "Sort Key": ["l_returnflag", "l_linestatus"], "Plans": [{"Node Type": "Aggregate", "Strategy": "Hashed", "Parent Relationship": "Outer", "Startup Cost": 4515800.27, "Total Cost": 4515800.38, "Plan Rows": 6, "Plan Width": 172, "Group By Key": ["l_returnflag", "l_linestatus"], "Plans": [{"Node Type": "Seq Scan", "Parent Relationship": "Outer", "Relation Name": "lineitem", "Alias": "lineitem", "Startup Cost": 3.13, "Total Cost": 2165082.91, "Plan Rows": 58767934, "Plan Width": 36, "Filter": "(l_shipdate <= '1998-08-15 00:00:00'::timestamp without time zone), (LLVM Optimized)"}]}]}, "Unique SQL Id": 177413717}, "explain_analyze_plan": {"Plan": {"Node Type": "Sort", "Startup Cost": 4515800.46, "Total Cost": 4515800.47, "Plan Rows": 6, "Plan Width": 172, "Actual Startup Time": 132656.508, "Actual Total Time": 132656.508, "Actual Rows": 4, "Actual Loops": 1, "Sort Key": ["l_returnflag", "l_linestatus"], "Sort Method": "quicksort", "Sort Space Used": 25, "Sort Space Type": "Memory", "Plans": [{"Node Type": "Aggregate", "Strategy": "Hashed", "Parent Relationship": "Outer", "Startup Cost": 4515800.27, "Total Cost": 4515800.38, "Plan Rows": 6, "Plan Width": 172, "Actual Startup Time": 132656.41, "Actual Total Time": 132656.414, "Actual Rows": 4, "Actual Loops": 1, "Group By Key": ["l_returnflag", "l_linestatus"], "Plans": [{"Node Type": "Seq Scan", "Parent Relationship": "Outer", "Relation Name": "lineitem", "Alias": "lineitem", "Startup Cost": 3.13, "Total Cost": 2165082.91, "Plan Rows": 58767934, "Plan Width": 36, "Actual Startup Time": 0.03, "Actual Total Time": 27802.259, "Actual Rows": 58773499, "Actual Loops": 1, "Filter": "(l_shipdate <= '1998-08-15 00:00:00'::timestamp without time zone), (LLVM Optimized, Jit Execute)", "Rows Removed by Filter": 1212553}]}]}, "Triggers": [], "Planner Runtime": 0.341, "Total Runtime": 132667.948, "Unique SQL Id": 177413717}}, "(16, 89)": {"explain_plan": {"Plan": {"Node Type": "Sort", "Startup Cost": 10473924.63, "Total Cost": 10473924.64, "Plan Rows": 6, "Plan Width": 172, "Sort Key": ["l_returnflag", "l_linestatus"], "Plans": [{"Node Type": "Aggregate", "Strategy": "Hashed", "Parent Relationship": "Outer", "Startup Cost": 10473924.44, "Total Cost": 10473924.55, "Plan Rows": 6, "Plan Width": 172, "Group By Key": ["l_returnflag", "l_linestatus"], "Plans": [{"Node Type": "Index Scan", "Parent Relationship": "Outer", "Scan Direction": "Forward", "Index Name": "idx_lineitem_shipdate", "Relation Name": "lineitem", "Alias": "lineitem", "Startup Cost": 0.0, "Total Cost": 8123207.08, "Plan Rows": 58767934, "Plan Width": 36, "Index Cond": "(l_shipdate <= '1998-08-15 00:00:00'::timestamp without time zone), (LLVM Optimized)"}]}]}, "Unique SQL Id": 177413717}, "explain_analyze_plan": {"Plan": {"Node Type": "Sort", "Startup Cost": 10473924.63, "Total Cost": 10473924.64, "Plan Rows": 6, "Plan Width": 172, "Actual Startup Time": 269422.163, "Actual Total Time": 269422.164, "Actual Rows": 4, "Actual Loops": 1, "Sort Key": ["l_returnflag", "l_linestatus"], "Sort Method": "quicksort", "Sort Space Used": 25, "Sort Space Type": "Memory", "Plans": [{"Node Type": "Aggregate", "Strategy": "Hashed", "Parent Relationship": "Outer", "Startup Cost": 10473924.44, "Total Cost": 10473924.55, "Plan Rows": 6, "Plan Width": 172, "Actual Startup Time": 269421.997, "Actual Total Time": 269422.016, "Actual Rows": 4, "Actual Loops": 1, "Group By Key": ["l_returnflag", "l_linestatus"], "Plans": [{"Node Type": "Index Scan", "Parent Relationship": "Outer", "Scan Direction": "Forward", "Index Name": "idx_lineitem_shipdate", "Relation Name": "lineitem", "Alias": "lineitem", "Startup Cost": 0.0, "Total Cost": 8123207.08, "Plan Rows": 58767934, "Plan Width": 36, "Actual Startup Time": 0.051, "Actual Total Time": 155909.29, "Actual Rows": 58773499, "Actual Loops": 1, "Index Cond": "(l_shipdate <= '1998-08-15 00:00:00'::timestamp without time zone), (LLVM Optimized, Jit Execute)", "Rows Removed by Index Recheck": 0}]}]}, "Triggers": [], "Planner Runtime": 0.326, "Total Runtime": 269433.851, "Unique SQL Id": 177413717}}, "(16, 90)": {"explain_plan": {"Plan": {"Node Type": "Sort", "Startup Cost": 4515800.46, "Total Cost": 4515800.47, "Plan Rows": 6, "Plan Width": 172, "Sort Key": ["l_returnflag", "l_linestatus"], "Plans": [{"Node Type": "Aggregate", "Strategy": "Hashed", "Parent Relationship": "Outer", "Startup Cost": 4515800.27, "Total Cost": 4515800.38, "Plan Rows": 6, "Plan Width": 172, "Group By Key": ["l_returnflag", "l_linestatus"], "Plans": [{"Node Type": "Seq Scan", "Parent Relationship": "Outer", "Relation Name": "lineitem", "Alias": "lineitem", "Startup Cost": 3.13, "Total Cost": 2165082.91, "Plan Rows": 58767934, "Plan Width": 36, "Filter": "(l_shipdate <= '1998-08-15 00:00:00'::timestamp without time zone), (LLVM Optimized)"}]}]}, "Unique SQL Id": 177413717}, "explain_analyze_plan": {"Plan": {"Node Type": "Sort", "Startup Cost": 4515800.46, "Total Cost": 4515800.47, "Plan Rows": 6, "Plan Width": 172, "Actual Startup Time": 132656.508, "Actual Total Time": 132656.508, "Actual Rows": 4, "Actual Loops": 1, "Sort Key": ["l_returnflag", "l_linestatus"], "Sort Method": "quicksort", "Sort Space Used": 25, "Sort Space Type": "Memory", "Plans": [{"Node Type": "Aggregate", "Strategy": "Hashed", "Parent Relationship": "Outer", "Startup Cost": 4515800.27, "Total Cost": 4515800.38, "Plan Rows": 6, "Plan Width": 172, "Actual Startup Time": 132656.41, "Actual Total Time": 132656.414, "Actual Rows": 4, "Actual Loops": 1, "Group By Key": ["l_returnflag", "l_linestatus"], "Plans": [{"Node Type": "Seq Scan", "Parent Relationship": "Outer", "Relation Name": "lineitem", "Alias": "lineitem", "Startup Cost": 3.13, "Total Cost": 2165082.91, "Plan Rows": 58767934, "Plan Width": 36, "Actual Startup Time": 0.03, "Actual Total Time": 27802.259, "Actual Rows": 58773499, "Actual Loops": 1, "Filter": "(l_shipdate <= '1998-08-15 00:00:00'::timestamp without time zone), (LLVM Optimized, Jit Execute)", "Rows Removed by Filter": 1212553}]}]}, "Triggers": [], "Planner Runtime": 0.341, "Total Runtime": 132667.948, "Unique SQL Id": 177413717}}, "(16, 91)": {"explain_plan": {"Plan": {"Node Type": "Sort", "Startup Cost": 1000218859008.79, "Total Cost": 1000218859008.81, "Plan Rows": 6, "Plan Width": 172, "Sort Key": ["l_returnflag", "l_linestatus"], "Plans": [{"Node Type": "Aggregate", "Strategy": "Hashed", "Parent Relationship": "Outer", "Startup Cost": 1000218859008.61, "Total Cost": 1000218859008.72, "Plan Rows": 6, "Plan Width": 172, "Group By Key": ["l_returnflag", "l_linestatus"], "Plans": [{"Node Type": "Seq Scan", "Parent Relationship": "Outer", "Relation Name": "lineitem", "Alias": "lineitem", "Startup Cost": 10000000003.1, "Total Cost": 1000216508291.25, "Plan Rows": 58767934, "Plan Width": 36, "Filter": "(l_shipdate <= '1998-08-15 00:00:00'::timestamp without time zone), (LLVM Optimized)"}]}]}, "Unique SQL Id": 177413717}, "explain_analyze_plan": {"Plan": {"Node Type": "Sort", "Startup Cost": 1000218859008.79, "Total Cost": 1000218859008.81, "Plan Rows": 6, "Plan Width": 172, "Actual Startup Time": 134311.273, "Actual Total Time": 134311.273, "Actual Rows": 4, "Actual Loops": 1, "Sort Key": ["l_returnflag", "l_linestatus"], "Sort Method": "quicksort", "Sort Space Used": 25, "Sort Space Type": "Memory", "Plans": [{"Node Type": "Aggregate", "Strategy": "Hashed", "Parent Relationship": "Outer", "Startup Cost": 1000218859008.61, "Total Cost": 1000218859008.72, "Plan Rows": 6, "Plan Width": 172, "Actual Startup Time": 134311.085, "Actual Total Time": 134311.104, "Actual Rows": 4, "Actual Loops": 1, "Group By Key": ["l_returnflag", "l_linestatus"], "Plans": [{"Node Type": "Seq Scan", "Parent Relationship": "Outer", "Relation Name": "lineitem", "Alias": "lineitem", "Startup Cost": 10000000003.1, "Total Cost": 1000216508291.25, "Plan Rows": 58767934, "Plan Width": 36, "Actual Startup Time": 0.022, "Actual Total Time": 27834.189, "Actual Rows": 58773499, "Actual Loops": 1, "Filter": "(l_shipdate <= '1998-08-15 00:00:00'::timestamp without time zone), (LLVM Optimized, Jit Execute)", "Rows Removed by Filter": 1212553}]}]}, "Triggers": [], "Planner Runtime": 0.327, "Total Runtime": 134322.809, "Unique SQL Id": 177413717}}, "(16, 92)": {"explain_plan": {"Plan": {"Node Type": "Sort", "Startup Cost": 4515800.46, "Total Cost": 4515800.47, "Plan Rows": 6, "Plan Width": 172, "Sort Key": ["l_returnflag", "l_linestatus"], "Plans": [{"Node Type": "Aggregate", "Strategy": "Hashed", "Parent Relationship": "Outer", "Startup Cost": 4515800.27, "Total Cost": 4515800.38, "Plan Rows": 6, "Plan Width": 172, "Group By Key": ["l_returnflag", "l_linestatus"], "Plans": [{"Node Type": "Seq Scan", "Parent Relationship": "Outer", "Relation Name": "lineitem", "Alias": "lineitem", "Startup Cost": 3.13, "Total Cost": 2165082.91, "Plan Rows": 58767934, "Plan Width": 36, "Filter": "(l_shipdate <= '1998-08-15 00:00:00'::timestamp without time zone), (LLVM Optimized)"}]}]}, "Unique SQL Id": 177413717}, "explain_analyze_plan": {"Plan": {"Node Type": "Sort", "Startup Cost": 4515800.46, "Total Cost": 4515800.47, "Plan Rows": 6, "Plan Width": 172, "Actual Startup Time": 132656.508, "Actual Total Time": 132656.508, "Actual Rows": 4, "Actual Loops": 1, "Sort Key": ["l_returnflag", "l_linestatus"], "Sort Method": "quicksort", "Sort Space Used": 25, "Sort Space Type": "Memory", "Plans": [{"Node Type": "Aggregate", "Strategy": "Hashed", "Parent Relationship": "Outer", "Startup Cost": 4515800.27, "Total Cost": 4515800.38, "Plan Rows": 6, "Plan Width": 172, "Actual Startup Time": 132656.41, "Actual Total Time": 132656.414, "Actual Rows": 4, "Actual Loops": 1, "Group By Key": ["l_returnflag", "l_linestatus"], "Plans": [{"Node Type": "Seq Scan", "Parent Relationship": "Outer", "Relation Name": "lineitem", "Alias": "lineitem", "Startup Cost": 3.13, "Total Cost": 2165082.91, "Plan Rows": 58767934, "Plan Width": 36, "Actual Startup Time": 0.03, "Actual Total Time": 27802.259, "Actual Rows": 58773499, "Actual Loops": 1, "Filter": "(l_shipdate <= '1998-08-15 00:00:00'::timestamp without time zone), (LLVM Optimized, Jit Execute)", "Rows Removed by Filter": 1212553}]}]}, "Triggers": [], "Planner Runtime": 0.341, "Total Runtime": 132667.948, "Unique SQL Id": 177413717}}, "(16, 93)": {"explain_plan": {"Plan": {"Node Type": "Sort", "Startup Cost": 10473924.63, "Total Cost": 10473924.64, "Plan Rows": 6, "Plan Width": 172, "Sort Key": ["l_returnflag", "l_linestatus"], "Plans": [{"Node Type": "Aggregate", "Strategy": "Hashed", "Parent Relationship": "Outer", "Startup Cost": 10473924.44, "Total Cost": 10473924.55, "Plan Rows": 6, "Plan Width": 172, "Group By Key": ["l_returnflag", "l_linestatus"], "Plans": [{"Node Type": "Index Scan", "Parent Relationship": "Outer", "Scan Direction": "Forward", "Index Name": "idx_lineitem_shipdate", "Relation Name": "lineitem", "Alias": "lineitem", "Startup Cost": 0.0, "Total Cost": 8123207.08, "Plan Rows": 58767934, "Plan Width": 36, "Index Cond": "(l_shipdate <= '1998-08-15 00:00:00'::timestamp without time zone), (LLVM Optimized)"}]}]}, "Unique SQL Id": 177413717}, "explain_analyze_plan": {"Plan": {"Node Type": "Sort", "Startup Cost": 10473924.63, "Total Cost": 10473924.64, "Plan Rows": 6, "Plan Width": 172, "Actual Startup Time": 269422.163, "Actual Total Time": 269422.164, "Actual Rows": 4, "Actual Loops": 1, "Sort Key": ["l_returnflag", "l_linestatus"], "Sort Method": "quicksort", "Sort Space Used": 25, "Sort Space Type": "Memory", "Plans": [{"Node Type": "Aggregate", "Strategy": "Hashed", "Parent Relationship": "Outer", "Startup Cost": 10473924.44, "Total Cost": 10473924.55, "Plan Rows": 6, "Plan Width": 172, "Actual Startup Time": 269421.997, "Actual Total Time": 269422.016, "Actual Rows": 4, "Actual Loops": 1, "Group By Key": ["l_returnflag", "l_linestatus"], "Plans": [{"Node Type": "Index Scan", "Parent Relationship": "Outer", "Scan Direction": "Forward", "Index Name": "idx_lineitem_shipdate", "Relation Name": "lineitem", "Alias": "lineitem", "Startup Cost": 0.0, "Total Cost": 8123207.08, "Plan Rows": 58767934, "Plan Width": 36, "Actual Startup Time": 0.051, "Actual Total Time": 155909.29, "Actual Rows": 58773499, "Actual Loops": 1, "Index Cond": "(l_shipdate <= '1998-08-15 00:00:00'::timestamp without time zone), (LLVM Optimized, Jit Execute)", "Rows Removed by Index Recheck": 0}]}]}, "Triggers": [], "Planner Runtime": 0.326, "Total Runtime": 269433.851, "Unique SQL Id": 177413717}}, "(16, 94)": {"explain_plan": {"Plan": {"Node Type": "Sort", "Startup Cost": 4515800.46, "Total Cost": 4515800.47, "Plan Rows": 6, "Plan Width": 172, "Sort Key": ["l_returnflag", "l_linestatus"], "Plans": [{"Node Type": "Aggregate", "Strategy": "Hashed", "Parent Relationship": "Outer", "Startup Cost": 4515800.27, "Total Cost": 4515800.38, "Plan Rows": 6, "Plan Width": 172, "Group By Key": ["l_returnflag", "l_linestatus"], "Plans": [{"Node Type": "Seq Scan", "Parent Relationship": "Outer", "Relation Name": "lineitem", "Alias": "lineitem", "Startup Cost": 3.13, "Total Cost": 2165082.91, "Plan Rows": 58767934, "Plan Width": 36, "Filter": "(l_shipdate <= '1998-08-15 00:00:00'::timestamp without time zone), (LLVM Optimized)"}]}]}, "Unique SQL Id": 177413717}, "explain_analyze_plan": {"Plan": {"Node Type": "Sort", "Startup Cost": 4515800.46, "Total Cost": 4515800.47, "Plan Rows": 6, "Plan Width": 172, "Actual Startup Time": 132656.508, "Actual Total Time": 132656.508, "Actual Rows": 4, "Actual Loops": 1, "Sort Key": ["l_returnflag", "l_linestatus"], "Sort Method": "quicksort", "Sort Space Used": 25, "Sort Space Type": "Memory", "Plans": [{"Node Type": "Aggregate", "Strategy": "Hashed", "Parent Relationship": "Outer", "Startup Cost": 4515800.27, "Total Cost": 4515800.38, "Plan Rows": 6, "Plan Width": 172, "Actual Startup Time": 132656.41, "Actual Total Time": 132656.414, "Actual Rows": 4, "Actual Loops": 1, "Group By Key": ["l_returnflag", "l_linestatus"], "Plans": [{"Node Type": "Seq Scan", "Parent Relationship": "Outer", "Relation Name": "lineitem", "Alias": "lineitem", "Startup Cost": 3.13, "Total Cost": 2165082.91, "Plan Rows": 58767934, "Plan Width": 36, "Actual Startup Time": 0.03, "Actual Total Time": 27802.259, "Actual Rows": 58773499, "Actual Loops": 1, "Filter": "(l_shipdate <= '1998-08-15 00:00:00'::timestamp without time zone), (LLVM Optimized, Jit Execute)", "Rows Removed by Filter": 1212553}]}]}, "Triggers": [], "Planner Runtime": 0.341, "Total Runtime": 132667.948, "Unique SQL Id": 177413717}}, "(16, 95)": {"explain_plan": {"Plan": {"Node Type": "Sort", "Startup Cost": 1000218859008.79, "Total Cost": 1000218859008.81, "Plan Rows": 6, "Plan Width": 172, "Sort Key": ["l_returnflag", "l_linestatus"], "Plans": [{"Node Type": "Aggregate", "Strategy": "Hashed", "Parent Relationship": "Outer", "Startup Cost": 1000218859008.61, "Total Cost": 1000218859008.72, "Plan Rows": 6, "Plan Width": 172, "Group By Key": ["l_returnflag", "l_linestatus"], "Plans": [{"Node Type": "Seq Scan", "Parent Relationship": "Outer", "Relation Name": "lineitem", "Alias": "lineitem", "Startup Cost": 10000000003.1, "Total Cost": 1000216508291.25, "Plan Rows": 58767934, "Plan Width": 36, "Filter": "(l_shipdate <= '1998-08-15 00:00:00'::timestamp without time zone), (LLVM Optimized)"}]}]}, "Unique SQL Id": 177413717}, "explain_analyze_plan": {"Plan": {"Node Type": "Sort", "Startup Cost": 1000218859008.79, "Total Cost": 1000218859008.81, "Plan Rows": 6, "Plan Width": 172, "Actual Startup Time": 134311.273, "Actual Total Time": 134311.273, "Actual Rows": 4, "Actual Loops": 1, "Sort Key": ["l_returnflag", "l_linestatus"], "Sort Method": "quicksort", "Sort Space Used": 25, "Sort Space Type": "Memory", "Plans": [{"Node Type": "Aggregate", "Strategy": "Hashed", "Parent Relationship": "Outer", "Startup Cost": 1000218859008.61, "Total Cost": 1000218859008.72, "Plan Rows": 6, "Plan Width": 172, "Actual Startup Time": 134311.085, "Actual Total Time": 134311.104, "Actual Rows": 4, "Actual Loops": 1, "Group By Key": ["l_returnflag", "l_linestatus"], "Plans": [{"Node Type": "Seq Scan", "Parent Relationship": "Outer", "Relation Name": "lineitem", "Alias": "lineitem", "Startup Cost": 10000000003.1, "Total Cost": 1000216508291.25, "Plan Rows": 58767934, "Plan Width": 36, "Actual Startup Time": 0.022, "Actual Total Time": 27834.189, "Actual Rows": 58773499, "Actual Loops": 1, "Filter": "(l_shipdate <= '1998-08-15 00:00:00'::timestamp without time zone), (LLVM Optimized, Jit Execute)", "Rows Removed by Filter": 1212553}]}]}, "Triggers": [], "Planner Runtime": 0.327, "Total Runtime": 134322.809, "Unique SQL Id": 177413717}}, "(16, 96)": {"explain_plan": {"Plan": {"Node Type": "Sort", "Startup Cost": 4515800.46, "Total Cost": 4515800.47, "Plan Rows": 6, "Plan Width": 172, "Sort Key": ["l_returnflag", "l_linestatus"], "Plans": [{"Node Type": "Aggregate", "Strategy": "Hashed", "Parent Relationship": "Outer", "Startup Cost": 4515800.27, "Total Cost": 4515800.38, "Plan Rows": 6, "Plan Width": 172, "Group By Key": ["l_returnflag", "l_linestatus"], "Plans": [{"Node Type": "Seq Scan", "Parent Relationship": "Outer", "Relation Name": "lineitem", "Alias": "lineitem", "Startup Cost": 3.13, "Total Cost": 2165082.91, "Plan Rows": 58767934, "Plan Width": 36, "Filter": "(l_shipdate <= '1998-08-15 00:00:00'::timestamp without time zone), (LLVM Optimized)"}]}]}, "Unique SQL Id": 177413717}, "explain_analyze_plan": {"Plan": {"Node Type": "Sort", "Startup Cost": 4515800.46, "Total Cost": 4515800.47, "Plan Rows": 6, "Plan Width": 172, "Actual Startup Time": 132656.508, "Actual Total Time": 132656.508, "Actual Rows": 4, "Actual Loops": 1, "Sort Key": ["l_returnflag", "l_linestatus"], "Sort Method": "quicksort", "Sort Space Used": 25, "Sort Space Type": "Memory", "Plans": [{"Node Type": "Aggregate", "Strategy": "Hashed", "Parent Relationship": "Outer", "Startup Cost": 4515800.27, "Total Cost": 4515800.38, "Plan Rows": 6, "Plan Width": 172, "Actual Startup Time": 132656.41, "Actual Total Time": 132656.414, "Actual Rows": 4, "Actual Loops": 1, "Group By Key": ["l_returnflag", "l_linestatus"], "Plans": [{"Node Type": "Seq Scan", "Parent Relationship": "Outer", "Relation Name": "lineitem", "Alias": "lineitem", "Startup Cost": 3.13, "Total Cost": 2165082.91, "Plan Rows": 58767934, "Plan Width": 36, "Actual Startup Time": 0.03, "Actual Total Time": 27802.259, "Actual Rows": 58773499, "Actual Loops": 1, "Filter": "(l_shipdate <= '1998-08-15 00:00:00'::timestamp without time zone), (LLVM Optimized, Jit Execute)", "Rows Removed by Filter": 1212553}]}]}, "Triggers": [], "Planner Runtime": 0.341, "Total Runtime": 132667.948, "Unique SQL Id": 177413717}}, "(16, 97)": {"explain_plan": {"Plan": {"Node Type": "Sort", "Startup Cost": 6389801.46, "Total Cost": 6389801.47, "Plan Rows": 6, "Plan Width": 172, "Sort Key": ["l_returnflag", "l_linestatus"], "Plans": [{"Node Type": "Aggregate", "Strategy": "Hashed", "Parent Relationship": "Outer", "Startup Cost": 6389801.27, "Total Cost": 6389801.38, "Plan Rows": 6, "Plan Width": 172, "Group By Key": ["l_returnflag", "l_linestatus"], "Plans": [{"Node Type": "Bitmap Heap Scan", "Parent Relationship": "Outer", "Relation Name": "lineitem", "Alias": "lineitem", "Startup Cost": 1889239.74, "Total Cost": 4039083.91, "Plan Rows": 58767934, "Plan Width": 36, "Recheck Cond": "(l_shipdate <= '1998-08-15 00:00:00'::timestamp without time zone), (LLVM Optimized)", "Plans": [{"Node Type": "Bitmap Index Scan", "Parent Relationship": "Outer", "Index Name": "idx_lineitem_shipdate", "Startup Cost": 0.0, "Total Cost": 1874547.75, "Plan Rows": 58767934, "Plan Width": 0, "Index Cond": "(l_shipdate <= '1998-08-15 00:00:00'::timestamp without time zone)"}]}]}]}, "Unique SQL Id": 177413717}, "explain_analyze_plan": {"Plan": {"Node Type": "Sort", "Startup Cost": 6389801.46, "Total Cost": 6389801.47, "Plan Rows": 6, "Plan Width": 172, "Actual Startup Time": 153005.354, "Actual Total Time": 153005.354, "Actual Rows": 4, "Actual Loops": 1, "Sort Key": ["l_returnflag", "l_linestatus"], "Sort Method": "quicksort", "Sort Space Used": 25, "Sort Space Type": "Memory", "Plans": [{"Node Type": "Aggregate", "Strategy": "Hashed", "Parent Relationship": "Outer", "Startup Cost": 6389801.27, "Total Cost": 6389801.38, "Plan Rows": 6, "Plan Width": 172, "Actual Startup Time": 153005.293, "Actual Total Time": 153005.295, "Actual Rows": 4, "Actual Loops": 1, "Group By Key": ["l_returnflag", "l_linestatus"], "Plans": [{"Node Type": "Bitmap Heap Scan", "Parent Relationship": "Outer", "Relation Name": "lineitem", "Alias": "lineitem", "Startup Cost": 1889239.74, "Total Cost": 4039083.91, "Plan Rows": 58767934, "Plan Width": 36, "Actual Startup Time": 20873.158, "Actual Total Time": 51413.022, "Actual Rows": 58773499, "Actual Loops": 1, "Recheck Cond": "(l_shipdate <= '1998-08-15 00:00:00'::timestamp without time zone), (LLVM Optimized, Jit Execute)", "Rows Removed by Index Recheck": 0, "Exact Heap Blocks": 1415245, "Lossy Heap Blocks": 1415245, "Plans": [{"Node Type": "Bitmap Index Scan", "Parent Relationship": "Outer", "Index Name": "idx_lineitem_shipdate", "Startup Cost": 0.0, "Total Cost": 1874547.75, "Plan Rows": 58767934, "Plan Width": 0, "Actual Startup Time": 20269.977, "Actual Total Time": 20269.977, "Actual Rows": 58773499, "Actual Loops": 1, "Index Cond": "(l_shipdate <= '1998-08-15 00:00:00'::timestamp without time zone)"}]}]}]}, "Triggers": [], "Planner Runtime": 0.361, "Total Runtime": 153018.35, "Unique SQL Id": 177413717}}, "(16, 98)": {"explain_plan": {"Plan": {"Node Type": "Sort", "Startup Cost": 4515800.46, "Total Cost": 4515800.47, "Plan Rows": 6, "Plan Width": 172, "Sort Key": ["l_returnflag", "l_linestatus"], "Plans": [{"Node Type": "Aggregate", "Strategy": "Hashed", "Parent Relationship": "Outer", "Startup Cost": 4515800.27, "Total Cost": 4515800.38, "Plan Rows": 6, "Plan Width": 172, "Group By Key": ["l_returnflag", "l_linestatus"], "Plans": [{"Node Type": "Seq Scan", "Parent Relationship": "Outer", "Relation Name": "lineitem", "Alias": "lineitem", "Startup Cost": 3.13, "Total Cost": 2165082.91, "Plan Rows": 58767934, "Plan Width": 36, "Filter": "(l_shipdate <= '1998-08-15 00:00:00'::timestamp without time zone), (LLVM Optimized)"}]}]}, "Unique SQL Id": 177413717}, "explain_analyze_plan": {"Plan": {"Node Type": "Sort", "Startup Cost": 4515800.46, "Total Cost": 4515800.47, "Plan Rows": 6, "Plan Width": 172, "Actual Startup Time": 132656.508, "Actual Total Time": 132656.508, "Actual Rows": 4, "Actual Loops": 1, "Sort Key": ["l_returnflag", "l_linestatus"], "Sort Method": "quicksort", "Sort Space Used": 25, "Sort Space Type": "Memory", "Plans": [{"Node Type": "Aggregate", "Strategy": "Hashed", "Parent Relationship": "Outer", "Startup Cost": 4515800.27, "Total Cost": 4515800.38, "Plan Rows": 6, "Plan Width": 172, "Actual Startup Time": 132656.41, "Actual Total Time": 132656.414, "Actual Rows": 4, "Actual Loops": 1, "Group By Key": ["l_returnflag", "l_linestatus"], "Plans": [{"Node Type": "Seq Scan", "Parent Relationship": "Outer", "Relation Name": "lineitem", "Alias": "lineitem", "Startup Cost": 3.13, "Total Cost": 2165082.91, "Plan Rows": 58767934, "Plan Width": 36, "Actual Startup Time": 0.03, "Actual Total Time": 27802.259, "Actual Rows": 58773499, "Actual Loops": 1, "Filter": "(l_shipdate <= '1998-08-15 00:00:00'::timestamp without time zone), (LLVM Optimized, Jit Execute)", "Rows Removed by Filter": 1212553}]}]}, "Triggers": [], "Planner Runtime": 0.341, "Total Runtime": 132667.948, "Unique SQL Id": 177413717}}, "(16, 99)": {"explain_plan": {"Plan": {"Node Type": "Sort", "Startup Cost": 6389801.46, "Total Cost": 6389801.47, "Plan Rows": 6, "Plan Width": 172, "Sort Key": ["l_returnflag", "l_linestatus"], "Plans": [{"Node Type": "Aggregate", "Strategy": "Hashed", "Parent Relationship": "Outer", "Startup Cost": 6389801.27, "Total Cost": 6389801.38, "Plan Rows": 6, "Plan Width": 172, "Group By Key": ["l_returnflag", "l_linestatus"], "Plans": [{"Node Type": "Bitmap Heap Scan", "Parent Relationship": "Outer", "Relation Name": "lineitem", "Alias": "lineitem", "Startup Cost": 1889239.74, "Total Cost": 4039083.91, "Plan Rows": 58767934, "Plan Width": 36, "Recheck Cond": "(l_shipdate <= '1998-08-15 00:00:00'::timestamp without time zone), (LLVM Optimized)", "Plans": [{"Node Type": "Bitmap Index Scan", "Parent Relationship": "Outer", "Index Name": "idx_lineitem_shipdate", "Startup Cost": 0.0, "Total Cost": 1874547.75, "Plan Rows": 58767934, "Plan Width": 0, "Index Cond": "(l_shipdate <= '1998-08-15 00:00:00'::timestamp without time zone)"}]}]}]}, "Unique SQL Id": 177413717}, "explain_analyze_plan": {"Plan": {"Node Type": "Sort", "Startup Cost": 6389801.46, "Total Cost": 6389801.47, "Plan Rows": 6, "Plan Width": 172, "Actual Startup Time": 153005.354, "Actual Total Time": 153005.354, "Actual Rows": 4, "Actual Loops": 1, "Sort Key": ["l_returnflag", "l_linestatus"], "Sort Method": "quicksort", "Sort Space Used": 25, "Sort Space Type": "Memory", "Plans": [{"Node Type": "Aggregate", "Strategy": "Hashed", "Parent Relationship": "Outer", "Startup Cost": 6389801.27, "Total Cost": 6389801.38, "Plan Rows": 6, "Plan Width": 172, "Actual Startup Time": 153005.293, "Actual Total Time": 153005.295, "Actual Rows": 4, "Actual Loops": 1, "Group By Key": ["l_returnflag", "l_linestatus"], "Plans": [{"Node Type": "Bitmap Heap Scan", "Parent Relationship": "Outer", "Relation Name": "lineitem", "Alias": "lineitem", "Startup Cost": 1889239.74, "Total Cost": 4039083.91, "Plan Rows": 58767934, "Plan Width": 36, "Actual Startup Time": 20873.158, "Actual Total Time": 51413.022, "Actual Rows": 58773499, "Actual Loops": 1, "Recheck Cond": "(l_shipdate <= '1998-08-15 00:00:00'::timestamp without time zone), (LLVM Optimized, Jit Execute)", "Rows Removed by Index Recheck": 0, "Exact Heap Blocks": 1415245, "Lossy Heap Blocks": 1415245, "Plans": [{"Node Type": "Bitmap Index Scan", "Parent Relationship": "Outer", "Index Name": "idx_lineitem_shipdate", "Startup Cost": 0.0, "Total Cost": 1874547.75, "Plan Rows": 58767934, "Plan Width": 0, "Actual Startup Time": 20269.977, "Actual Total Time": 20269.977, "Actual Rows": 58773499, "Actual Loops": 1, "Index Cond": "(l_shipdate <= '1998-08-15 00:00:00'::timestamp without time zone)"}]}]}]}, "Triggers": [], "Planner Runtime": 0.361, "Total Runtime": 153018.35, "Unique SQL Id": 177413717}}, "(16, 100)": {"explain_plan": {"Plan": {"Node Type": "Sort", "Startup Cost": 4515800.46, "Total Cost": 4515800.47, "Plan Rows": 6, "Plan Width": 172, "Sort Key": ["l_returnflag", "l_linestatus"], "Plans": [{"Node Type": "Aggregate", "Strategy": "Hashed", "Parent Relationship": "Outer", "Startup Cost": 4515800.27, "Total Cost": 4515800.38, "Plan Rows": 6, "Plan Width": 172, "Group By Key": ["l_returnflag", "l_linestatus"], "Plans": [{"Node Type": "Seq Scan", "Parent Relationship": "Outer", "Relation Name": "lineitem", "Alias": "lineitem", "Startup Cost": 3.13, "Total Cost": 2165082.91, "Plan Rows": 58767934, "Plan Width": 36, "Filter": "(l_shipdate <= '1998-08-15 00:00:00'::timestamp without time zone), (LLVM Optimized)"}]}]}, "Unique SQL Id": 177413717}, "explain_analyze_plan": {"Plan": {"Node Type": "Sort", "Startup Cost": 4515800.46, "Total Cost": 4515800.47, "Plan Rows": 6, "Plan Width": 172, "Actual Startup Time": 132656.508, "Actual Total Time": 132656.508, "Actual Rows": 4, "Actual Loops": 1, "Sort Key": ["l_returnflag", "l_linestatus"], "Sort Method": "quicksort", "Sort Space Used": 25, "Sort Space Type": "Memory", "Plans": [{"Node Type": "Aggregate", "Strategy": "Hashed", "Parent Relationship": "Outer", "Startup Cost": 4515800.27, "Total Cost": 4515800.38, "Plan Rows": 6, "Plan Width": 172, "Actual Startup Time": 132656.41, "Actual Total Time": 132656.414, "Actual Rows": 4, "Actual Loops": 1, "Group By Key": ["l_returnflag", "l_linestatus"], "Plans": [{"Node Type": "Seq Scan", "Parent Relationship": "Outer", "Relation Name": "lineitem", "Alias": "lineitem", "Startup Cost": 3.13, "Total Cost": 2165082.91, "Plan Rows": 58767934, "Plan Width": 36, "Actual Startup Time": 0.03, "Actual Total Time": 27802.259, "Actual Rows": 58773499, "Actual Loops": 1, "Filter": "(l_shipdate <= '1998-08-15 00:00:00'::timestamp without time zone), (LLVM Optimized, Jit Execute)", "Rows Removed by Filter": 1212553}]}]}, "Triggers": [], "Planner Runtime": 0.341, "Total Runtime": 132667.948, "Unique SQL Id": 177413717}}, "(16, 101)": {"explain_plan": {"Plan": {"Node Type": "Sort", "Startup Cost": 6389801.46, "Total Cost": 6389801.47, "Plan Rows": 6, "Plan Width": 172, "Sort Key": ["l_returnflag", "l_linestatus"], "Plans": [{"Node Type": "Aggregate", "Strategy": "Hashed", "Parent Relationship": "Outer", "Startup Cost": 6389801.27, "Total Cost": 6389801.38, "Plan Rows": 6, "Plan Width": 172, "Group By Key": ["l_returnflag", "l_linestatus"], "Plans": [{"Node Type": "Bitmap Heap Scan", "Parent Relationship": "Outer", "Relation Name": "lineitem", "Alias": "lineitem", "Startup Cost": 1889239.74, "Total Cost": 4039083.91, "Plan Rows": 58767934, "Plan Width": 36, "Recheck Cond": "(l_shipdate <= '1998-08-15 00:00:00'::timestamp without time zone), (LLVM Optimized)", "Plans": [{"Node Type": "Bitmap Index Scan", "Parent Relationship": "Outer", "Index Name": "idx_lineitem_shipdate", "Startup Cost": 0.0, "Total Cost": 1874547.75, "Plan Rows": 58767934, "Plan Width": 0, "Index Cond": "(l_shipdate <= '1998-08-15 00:00:00'::timestamp without time zone)"}]}]}]}, "Unique SQL Id": 177413717}, "explain_analyze_plan": {"Plan": {"Node Type": "Sort", "Startup Cost": 6389801.46, "Total Cost": 6389801.47, "Plan Rows": 6, "Plan Width": 172, "Actual Startup Time": 153005.354, "Actual Total Time": 153005.354, "Actual Rows": 4, "Actual Loops": 1, "Sort Key": ["l_returnflag", "l_linestatus"], "Sort Method": "quicksort", "Sort Space Used": 25, "Sort Space Type": "Memory", "Plans": [{"Node Type": "Aggregate", "Strategy": "Hashed", "Parent Relationship": "Outer", "Startup Cost": 6389801.27, "Total Cost": 6389801.38, "Plan Rows": 6, "Plan Width": 172, "Actual Startup Time": 153005.293, "Actual Total Time": 153005.295, "Actual Rows": 4, "Actual Loops": 1, "Group By Key": ["l_returnflag", "l_linestatus"], "Plans": [{"Node Type": "Bitmap Heap Scan", "Parent Relationship": "Outer", "Relation Name": "lineitem", "Alias": "lineitem", "Startup Cost": 1889239.74, "Total Cost": 4039083.91, "Plan Rows": 58767934, "Plan Width": 36, "Actual Startup Time": 20873.158, "Actual Total Time": 51413.022, "Actual Rows": 58773499, "Actual Loops": 1, "Recheck Cond": "(l_shipdate <= '1998-08-15 00:00:00'::timestamp without time zone), (LLVM Optimized, Jit Execute)", "Rows Removed by Index Recheck": 0, "Exact Heap Blocks": 1415245, "Lossy Heap Blocks": 1415245, "Plans": [{"Node Type": "Bitmap Index Scan", "Parent Relationship": "Outer", "Index Name": "idx_lineitem_shipdate", "Startup Cost": 0.0, "Total Cost": 1874547.75, "Plan Rows": 58767934, "Plan Width": 0, "Actual Startup Time": 20269.977, "Actual Total Time": 20269.977, "Actual Rows": 58773499, "Actual Loops": 1, "Index Cond": "(l_shipdate <= '1998-08-15 00:00:00'::timestamp without time zone)"}]}]}]}, "Triggers": [], "Planner Runtime": 0.361, "Total Runtime": 153018.35, "Unique SQL Id": 177413717}}, "(16, 102)": {"explain_plan": {"Plan": {"Node Type": "Sort", "Startup Cost": 4515800.46, "Total Cost": 4515800.47, "Plan Rows": 6, "Plan Width": 172, "Sort Key": ["l_returnflag", "l_linestatus"], "Plans": [{"Node Type": "Aggregate", "Strategy": "Hashed", "Parent Relationship": "Outer", "Startup Cost": 4515800.27, "Total Cost": 4515800.38, "Plan Rows": 6, "Plan Width": 172, "Group By Key": ["l_returnflag", "l_linestatus"], "Plans": [{"Node Type": "Seq Scan", "Parent Relationship": "Outer", "Relation Name": "lineitem", "Alias": "lineitem", "Startup Cost": 3.13, "Total Cost": 2165082.91, "Plan Rows": 58767934, "Plan Width": 36, "Filter": "(l_shipdate <= '1998-08-15 00:00:00'::timestamp without time zone), (LLVM Optimized)"}]}]}, "Unique SQL Id": 177413717}, "explain_analyze_plan": {"Plan": {"Node Type": "Sort", "Startup Cost": 4515800.46, "Total Cost": 4515800.47, "Plan Rows": 6, "Plan Width": 172, "Actual Startup Time": 132656.508, "Actual Total Time": 132656.508, "Actual Rows": 4, "Actual Loops": 1, "Sort Key": ["l_returnflag", "l_linestatus"], "Sort Method": "quicksort", "Sort Space Used": 25, "Sort Space Type": "Memory", "Plans": [{"Node Type": "Aggregate", "Strategy": "Hashed", "Parent Relationship": "Outer", "Startup Cost": 4515800.27, "Total Cost": 4515800.38, "Plan Rows": 6, "Plan Width": 172, "Actual Startup Time": 132656.41, "Actual Total Time": 132656.414, "Actual Rows": 4, "Actual Loops": 1, "Group By Key": ["l_returnflag", "l_linestatus"], "Plans": [{"Node Type": "Seq Scan", "Parent Relationship": "Outer", "Relation Name": "lineitem", "Alias": "lineitem", "Startup Cost": 3.13, "Total Cost": 2165082.91, "Plan Rows": 58767934, "Plan Width": 36, "Actual Startup Time": 0.03, "Actual Total Time": 27802.259, "Actual Rows": 58773499, "Actual Loops": 1, "Filter": "(l_shipdate <= '1998-08-15 00:00:00'::timestamp without time zone), (LLVM Optimized, Jit Execute)", "Rows Removed by Filter": 1212553}]}]}, "Triggers": [], "Planner Runtime": 0.341, "Total Runtime": 132667.948, "Unique SQL Id": 177413717}}, "(16, 103)": {"explain_plan": {"Plan": {"Node Type": "Sort", "Startup Cost": 6389801.46, "Total Cost": 6389801.47, "Plan Rows": 6, "Plan Width": 172, "Sort Key": ["l_returnflag", "l_linestatus"], "Plans": [{"Node Type": "Aggregate", "Strategy": "Hashed", "Parent Relationship": "Outer", "Startup Cost": 6389801.27, "Total Cost": 6389801.38, "Plan Rows": 6, "Plan Width": 172, "Group By Key": ["l_returnflag", "l_linestatus"], "Plans": [{"Node Type": "Bitmap Heap Scan", "Parent Relationship": "Outer", "Relation Name": "lineitem", "Alias": "lineitem", "Startup Cost": 1889239.74, "Total Cost": 4039083.91, "Plan Rows": 58767934, "Plan Width": 36, "Recheck Cond": "(l_shipdate <= '1998-08-15 00:00:00'::timestamp without time zone), (LLVM Optimized)", "Plans": [{"Node Type": "Bitmap Index Scan", "Parent Relationship": "Outer", "Index Name": "idx_lineitem_shipdate", "Startup Cost": 0.0, "Total Cost": 1874547.75, "Plan Rows": 58767934, "Plan Width": 0, "Index Cond": "(l_shipdate <= '1998-08-15 00:00:00'::timestamp without time zone)"}]}]}]}, "Unique SQL Id": 177413717}, "explain_analyze_plan": {"Plan": {"Node Type": "Sort", "Startup Cost": 6389801.46, "Total Cost": 6389801.47, "Plan Rows": 6, "Plan Width": 172, "Actual Startup Time": 153005.354, "Actual Total Time": 153005.354, "Actual Rows": 4, "Actual Loops": 1, "Sort Key": ["l_returnflag", "l_linestatus"], "Sort Method": "quicksort", "Sort Space Used": 25, "Sort Space Type": "Memory", "Plans": [{"Node Type": "Aggregate", "Strategy": "Hashed", "Parent Relationship": "Outer", "Startup Cost": 6389801.27, "Total Cost": 6389801.38, "Plan Rows": 6, "Plan Width": 172, "Actual Startup Time": 153005.293, "Actual Total Time": 153005.295, "Actual Rows": 4, "Actual Loops": 1, "Group By Key": ["l_returnflag", "l_linestatus"], "Plans": [{"Node Type": "Bitmap Heap Scan", "Parent Relationship": "Outer", "Relation Name": "lineitem", "Alias": "lineitem", "Startup Cost": 1889239.74, "Total Cost": 4039083.91, "Plan Rows": 58767934, "Plan Width": 36, "Actual Startup Time": 20873.158, "Actual Total Time": 51413.022, "Actual Rows": 58773499, "Actual Loops": 1, "Recheck Cond": "(l_shipdate <= '1998-08-15 00:00:00'::timestamp without time zone), (LLVM Optimized, Jit Execute)", "Rows Removed by Index Recheck": 0, "Exact Heap Blocks": 1415245, "Lossy Heap Blocks": 1415245, "Plans": [{"Node Type": "Bitmap Index Scan", "Parent Relationship": "Outer", "Index Name": "idx_lineitem_shipdate", "Startup Cost": 0.0, "Total Cost": 1874547.75, "Plan Rows": 58767934, "Plan Width": 0, "Actual Startup Time": 20269.977, "Actual Total Time": 20269.977, "Actual Rows": 58773499, "Actual Loops": 1, "Index Cond": "(l_shipdate <= '1998-08-15 00:00:00'::timestamp without time zone)"}]}]}]}, "Triggers": [], "Planner Runtime": 0.361, "Total Runtime": 153018.35, "Unique SQL Id": 177413717}}, "(16, 104)": {"explain_plan": {"Plan": {"Node Type": "Sort", "Startup Cost": 4515800.46, "Total Cost": 4515800.47, "Plan Rows": 6, "Plan Width": 172, "Sort Key": ["l_returnflag", "l_linestatus"], "Plans": [{"Node Type": "Aggregate", "Strategy": "Hashed", "Parent Relationship": "Outer", "Startup Cost": 4515800.27, "Total Cost": 4515800.38, "Plan Rows": 6, "Plan Width": 172, "Group By Key": ["l_returnflag", "l_linestatus"], "Plans": [{"Node Type": "Seq Scan", "Parent Relationship": "Outer", "Relation Name": "lineitem", "Alias": "lineitem", "Startup Cost": 3.13, "Total Cost": 2165082.91, "Plan Rows": 58767934, "Plan Width": 36, "Filter": "(l_shipdate <= '1998-08-15 00:00:00'::timestamp without time zone), (LLVM Optimized)"}]}]}, "Unique SQL Id": 177413717}, "explain_analyze_plan": {"Plan": {"Node Type": "Sort", "Startup Cost": 4515800.46, "Total Cost": 4515800.47, "Plan Rows": 6, "Plan Width": 172, "Actual Startup Time": 132656.508, "Actual Total Time": 132656.508, "Actual Rows": 4, "Actual Loops": 1, "Sort Key": ["l_returnflag", "l_linestatus"], "Sort Method": "quicksort", "Sort Space Used": 25, "Sort Space Type": "Memory", "Plans": [{"Node Type": "Aggregate", "Strategy": "Hashed", "Parent Relationship": "Outer", "Startup Cost": 4515800.27, "Total Cost": 4515800.38, "Plan Rows": 6, "Plan Width": 172, "Actual Startup Time": 132656.41, "Actual Total Time": 132656.414, "Actual Rows": 4, "Actual Loops": 1, "Group By Key": ["l_returnflag", "l_linestatus"], "Plans": [{"Node Type": "Seq Scan", "Parent Relationship": "Outer", "Relation Name": "lineitem", "Alias": "lineitem", "Startup Cost": 3.13, "Total Cost": 2165082.91, "Plan Rows": 58767934, "Plan Width": 36, "Actual Startup Time": 0.03, "Actual Total Time": 27802.259, "Actual Rows": 58773499, "Actual Loops": 1, "Filter": "(l_shipdate <= '1998-08-15 00:00:00'::timestamp without time zone), (LLVM Optimized, Jit Execute)", "Rows Removed by Filter": 1212553}]}]}, "Triggers": [], "Planner Runtime": 0.341, "Total Runtime": 132667.948, "Unique SQL Id": 177413717}}, "(16, 105)": {"explain_plan": {"Plan": {"Node Type": "Sort", "Startup Cost": 10473924.63, "Total Cost": 10473924.64, "Plan Rows": 6, "Plan Width": 172, "Sort Key": ["l_returnflag", "l_linestatus"], "Plans": [{"Node Type": "Aggregate", "Strategy": "Hashed", "Parent Relationship": "Outer", "Startup Cost": 10473924.44, "Total Cost": 10473924.55, "Plan Rows": 6, "Plan Width": 172, "Group By Key": ["l_returnflag", "l_linestatus"], "Plans": [{"Node Type": "Index Scan", "Parent Relationship": "Outer", "Scan Direction": "Forward", "Index Name": "idx_lineitem_shipdate", "Relation Name": "lineitem", "Alias": "lineitem", "Startup Cost": 0.0, "Total Cost": 8123207.08, "Plan Rows": 58767934, "Plan Width": 36, "Index Cond": "(l_shipdate <= '1998-08-15 00:00:00'::timestamp without time zone), (LLVM Optimized)"}]}]}, "Unique SQL Id": 177413717}, "explain_analyze_plan": {"Plan": {"Node Type": "Sort", "Startup Cost": 10473924.63, "Total Cost": 10473924.64, "Plan Rows": 6, "Plan Width": 172, "Actual Startup Time": 269422.163, "Actual Total Time": 269422.164, "Actual Rows": 4, "Actual Loops": 1, "Sort Key": ["l_returnflag", "l_linestatus"], "Sort Method": "quicksort", "Sort Space Used": 25, "Sort Space Type": "Memory", "Plans": [{"Node Type": "Aggregate", "Strategy": "Hashed", "Parent Relationship": "Outer", "Startup Cost": 10473924.44, "Total Cost": 10473924.55, "Plan Rows": 6, "Plan Width": 172, "Actual Startup Time": 269421.997, "Actual Total Time": 269422.016, "Actual Rows": 4, "Actual Loops": 1, "Group By Key": ["l_returnflag", "l_linestatus"], "Plans": [{"Node Type": "Index Scan", "Parent Relationship": "Outer", "Scan Direction": "Forward", "Index Name": "idx_lineitem_shipdate", "Relation Name": "lineitem", "Alias": "lineitem", "Startup Cost": 0.0, "Total Cost": 8123207.08, "Plan Rows": 58767934, "Plan Width": 36, "Actual Startup Time": 0.051, "Actual Total Time": 155909.29, "Actual Rows": 58773499, "Actual Loops": 1, "Index Cond": "(l_shipdate <= '1998-08-15 00:00:00'::timestamp without time zone), (LLVM Optimized, Jit Execute)", "Rows Removed by Index Recheck": 0}]}]}, "Triggers": [], "Planner Runtime": 0.326, "Total Runtime": 269433.851, "Unique SQL Id": 177413717}}, "(16, 106)": {"explain_plan": {"Plan": {"Node Type": "Sort", "Startup Cost": 4515800.46, "Total Cost": 4515800.47, "Plan Rows": 6, "Plan Width": 172, "Sort Key": ["l_returnflag", "l_linestatus"], "Plans": [{"Node Type": "Aggregate", "Strategy": "Hashed", "Parent Relationship": "Outer", "Startup Cost": 4515800.27, "Total Cost": 4515800.38, "Plan Rows": 6, "Plan Width": 172, "Group By Key": ["l_returnflag", "l_linestatus"], "Plans": [{"Node Type": "Seq Scan", "Parent Relationship": "Outer", "Relation Name": "lineitem", "Alias": "lineitem", "Startup Cost": 3.13, "Total Cost": 2165082.91, "Plan Rows": 58767934, "Plan Width": 36, "Filter": "(l_shipdate <= '1998-08-15 00:00:00'::timestamp without time zone), (LLVM Optimized)"}]}]}, "Unique SQL Id": 177413717}, "explain_analyze_plan": {"Plan": {"Node Type": "Sort", "Startup Cost": 4515800.46, "Total Cost": 4515800.47, "Plan Rows": 6, "Plan Width": 172, "Actual Startup Time": 132656.508, "Actual Total Time": 132656.508, "Actual Rows": 4, "Actual Loops": 1, "Sort Key": ["l_returnflag", "l_linestatus"], "Sort Method": "quicksort", "Sort Space Used": 25, "Sort Space Type": "Memory", "Plans": [{"Node Type": "Aggregate", "Strategy": "Hashed", "Parent Relationship": "Outer", "Startup Cost": 4515800.27, "Total Cost": 4515800.38, "Plan Rows": 6, "Plan Width": 172, "Actual Startup Time": 132656.41, "Actual Total Time": 132656.414, "Actual Rows": 4, "Actual Loops": 1, "Group By Key": ["l_returnflag", "l_linestatus"], "Plans": [{"Node Type": "Seq Scan", "Parent Relationship": "Outer", "Relation Name": "lineitem", "Alias": "lineitem", "Startup Cost": 3.13, "Total Cost": 2165082.91, "Plan Rows": 58767934, "Plan Width": 36, "Actual Startup Time": 0.03, "Actual Total Time": 27802.259, "Actual Rows": 58773499, "Actual Loops": 1, "Filter": "(l_shipdate <= '1998-08-15 00:00:00'::timestamp without time zone), (LLVM Optimized, Jit Execute)", "Rows Removed by Filter": 1212553}]}]}, "Triggers": [], "Planner Runtime": 0.341, "Total Runtime": 132667.948, "Unique SQL Id": 177413717}}, "(16, 107)": {"explain_plan": {"Plan": {"Node Type": "Sort", "Startup Cost": 1000218859008.79, "Total Cost": 1000218859008.81, "Plan Rows": 6, "Plan Width": 172, "Sort Key": ["l_returnflag", "l_linestatus"], "Plans": [{"Node Type": "Aggregate", "Strategy": "Hashed", "Parent Relationship": "Outer", "Startup Cost": 1000218859008.61, "Total Cost": 1000218859008.72, "Plan Rows": 6, "Plan Width": 172, "Group By Key": ["l_returnflag", "l_linestatus"], "Plans": [{"Node Type": "Seq Scan", "Parent Relationship": "Outer", "Relation Name": "lineitem", "Alias": "lineitem", "Startup Cost": 10000000003.1, "Total Cost": 1000216508291.25, "Plan Rows": 58767934, "Plan Width": 36, "Filter": "(l_shipdate <= '1998-08-15 00:00:00'::timestamp without time zone), (LLVM Optimized)"}]}]}, "Unique SQL Id": 177413717}, "explain_analyze_plan": {"Plan": {"Node Type": "Sort", "Startup Cost": 1000218859008.79, "Total Cost": 1000218859008.81, "Plan Rows": 6, "Plan Width": 172, "Actual Startup Time": 134311.273, "Actual Total Time": 134311.273, "Actual Rows": 4, "Actual Loops": 1, "Sort Key": ["l_returnflag", "l_linestatus"], "Sort Method": "quicksort", "Sort Space Used": 25, "Sort Space Type": "Memory", "Plans": [{"Node Type": "Aggregate", "Strategy": "Hashed", "Parent Relationship": "Outer", "Startup Cost": 1000218859008.61, "Total Cost": 1000218859008.72, "Plan Rows": 6, "Plan Width": 172, "Actual Startup Time": 134311.085, "Actual Total Time": 134311.104, "Actual Rows": 4, "Actual Loops": 1, "Group By Key": ["l_returnflag", "l_linestatus"], "Plans": [{"Node Type": "Seq Scan", "Parent Relationship": "Outer", "Relation Name": "lineitem", "Alias": "lineitem", "Startup Cost": 10000000003.1, "Total Cost": 1000216508291.25, "Plan Rows": 58767934, "Plan Width": 36, "Actual Startup Time": 0.022, "Actual Total Time": 27834.189, "Actual Rows": 58773499, "Actual Loops": 1, "Filter": "(l_shipdate <= '1998-08-15 00:00:00'::timestamp without time zone), (LLVM Optimized, Jit Execute)", "Rows Removed by Filter": 1212553}]}]}, "Triggers": [], "Planner Runtime": 0.327, "Total Runtime": 134322.809, "Unique SQL Id": 177413717}}, "(16, 108)": {"explain_plan": {"Plan": {"Node Type": "Sort", "Startup Cost": 4515800.46, "Total Cost": 4515800.47, "Plan Rows": 6, "Plan Width": 172, "Sort Key": ["l_returnflag", "l_linestatus"], "Plans": [{"Node Type": "Aggregate", "Strategy": "Hashed", "Parent Relationship": "Outer", "Startup Cost": 4515800.27, "Total Cost": 4515800.38, "Plan Rows": 6, "Plan Width": 172, "Group By Key": ["l_returnflag", "l_linestatus"], "Plans": [{"Node Type": "Seq Scan", "Parent Relationship": "Outer", "Relation Name": "lineitem", "Alias": "lineitem", "Startup Cost": 3.13, "Total Cost": 2165082.91, "Plan Rows": 58767934, "Plan Width": 36, "Filter": "(l_shipdate <= '1998-08-15 00:00:00'::timestamp without time zone), (LLVM Optimized)"}]}]}, "Unique SQL Id": 177413717}, "explain_analyze_plan": {"Plan": {"Node Type": "Sort", "Startup Cost": 4515800.46, "Total Cost": 4515800.47, "Plan Rows": 6, "Plan Width": 172, "Actual Startup Time": 132656.508, "Actual Total Time": 132656.508, "Actual Rows": 4, "Actual Loops": 1, "Sort Key": ["l_returnflag", "l_linestatus"], "Sort Method": "quicksort", "Sort Space Used": 25, "Sort Space Type": "Memory", "Plans": [{"Node Type": "Aggregate", "Strategy": "Hashed", "Parent Relationship": "Outer", "Startup Cost": 4515800.27, "Total Cost": 4515800.38, "Plan Rows": 6, "Plan Width": 172, "Actual Startup Time": 132656.41, "Actual Total Time": 132656.414, "Actual Rows": 4, "Actual Loops": 1, "Group By Key": ["l_returnflag", "l_linestatus"], "Plans": [{"Node Type": "Seq Scan", "Parent Relationship": "Outer", "Relation Name": "lineitem", "Alias": "lineitem", "Startup Cost": 3.13, "Total Cost": 2165082.91, "Plan Rows": 58767934, "Plan Width": 36, "Actual Startup Time": 0.03, "Actual Total Time": 27802.259, "Actual Rows": 58773499, "Actual Loops": 1, "Filter": "(l_shipdate <= '1998-08-15 00:00:00'::timestamp without time zone), (LLVM Optimized, Jit Execute)", "Rows Removed by Filter": 1212553}]}]}, "Triggers": [], "Planner Runtime": 0.341, "Total Runtime": 132667.948, "Unique SQL Id": 177413717}}, "(16, 109)": {"explain_plan": {"Plan": {"Node Type": "Sort", "Startup Cost": 10473924.63, "Total Cost": 10473924.64, "Plan Rows": 6, "Plan Width": 172, "Sort Key": ["l_returnflag", "l_linestatus"], "Plans": [{"Node Type": "Aggregate", "Strategy": "Hashed", "Parent Relationship": "Outer", "Startup Cost": 10473924.44, "Total Cost": 10473924.55, "Plan Rows": 6, "Plan Width": 172, "Group By Key": ["l_returnflag", "l_linestatus"], "Plans": [{"Node Type": "Index Scan", "Parent Relationship": "Outer", "Scan Direction": "Forward", "Index Name": "idx_lineitem_shipdate", "Relation Name": "lineitem", "Alias": "lineitem", "Startup Cost": 0.0, "Total Cost": 8123207.08, "Plan Rows": 58767934, "Plan Width": 36, "Index Cond": "(l_shipdate <= '1998-08-15 00:00:00'::timestamp without time zone), (LLVM Optimized)"}]}]}, "Unique SQL Id": 177413717}, "explain_analyze_plan": {"Plan": {"Node Type": "Sort", "Startup Cost": 10473924.63, "Total Cost": 10473924.64, "Plan Rows": 6, "Plan Width": 172, "Actual Startup Time": 269422.163, "Actual Total Time": 269422.164, "Actual Rows": 4, "Actual Loops": 1, "Sort Key": ["l_returnflag", "l_linestatus"], "Sort Method": "quicksort", "Sort Space Used": 25, "Sort Space Type": "Memory", "Plans": [{"Node Type": "Aggregate", "Strategy": "Hashed", "Parent Relationship": "Outer", "Startup Cost": 10473924.44, "Total Cost": 10473924.55, "Plan Rows": 6, "Plan Width": 172, "Actual Startup Time": 269421.997, "Actual Total Time": 269422.016, "Actual Rows": 4, "Actual Loops": 1, "Group By Key": ["l_returnflag", "l_linestatus"], "Plans": [{"Node Type": "Index Scan", "Parent Relationship": "Outer", "Scan Direction": "Forward", "Index Name": "idx_lineitem_shipdate", "Relation Name": "lineitem", "Alias": "lineitem", "Startup Cost": 0.0, "Total Cost": 8123207.08, "Plan Rows": 58767934, "Plan Width": 36, "Actual Startup Time": 0.051, "Actual Total Time": 155909.29, "Actual Rows": 58773499, "Actual Loops": 1, "Index Cond": "(l_shipdate <= '1998-08-15 00:00:00'::timestamp without time zone), (LLVM Optimized, Jit Execute)", "Rows Removed by Index Recheck": 0}]}]}, "Triggers": [], "Planner Runtime": 0.326, "Total Runtime": 269433.851, "Unique SQL Id": 177413717}}, "(16, 110)": {"explain_plan": {"Plan": {"Node Type": "Sort", "Startup Cost": 4515800.46, "Total Cost": 4515800.47, "Plan Rows": 6, "Plan Width": 172, "Sort Key": ["l_returnflag", "l_linestatus"], "Plans": [{"Node Type": "Aggregate", "Strategy": "Hashed", "Parent Relationship": "Outer", "Startup Cost": 4515800.27, "Total Cost": 4515800.38, "Plan Rows": 6, "Plan Width": 172, "Group By Key": ["l_returnflag", "l_linestatus"], "Plans": [{"Node Type": "Seq Scan", "Parent Relationship": "Outer", "Relation Name": "lineitem", "Alias": "lineitem", "Startup Cost": 3.13, "Total Cost": 2165082.91, "Plan Rows": 58767934, "Plan Width": 36, "Filter": "(l_shipdate <= '1998-08-15 00:00:00'::timestamp without time zone), (LLVM Optimized)"}]}]}, "Unique SQL Id": 177413717}, "explain_analyze_plan": {"Plan": {"Node Type": "Sort", "Startup Cost": 4515800.46, "Total Cost": 4515800.47, "Plan Rows": 6, "Plan Width": 172, "Actual Startup Time": 132656.508, "Actual Total Time": 132656.508, "Actual Rows": 4, "Actual Loops": 1, "Sort Key": ["l_returnflag", "l_linestatus"], "Sort Method": "quicksort", "Sort Space Used": 25, "Sort Space Type": "Memory", "Plans": [{"Node Type": "Aggregate", "Strategy": "Hashed", "Parent Relationship": "Outer", "Startup Cost": 4515800.27, "Total Cost": 4515800.38, "Plan Rows": 6, "Plan Width": 172, "Actual Startup Time": 132656.41, "Actual Total Time": 132656.414, "Actual Rows": 4, "Actual Loops": 1, "Group By Key": ["l_returnflag", "l_linestatus"], "Plans": [{"Node Type": "Seq Scan", "Parent Relationship": "Outer", "Relation Name": "lineitem", "Alias": "lineitem", "Startup Cost": 3.13, "Total Cost": 2165082.91, "Plan Rows": 58767934, "Plan Width": 36, "Actual Startup Time": 0.03, "Actual Total Time": 27802.259, "Actual Rows": 58773499, "Actual Loops": 1, "Filter": "(l_shipdate <= '1998-08-15 00:00:00'::timestamp without time zone), (LLVM Optimized, Jit Execute)", "Rows Removed by Filter": 1212553}]}]}, "Triggers": [], "Planner Runtime": 0.341, "Total Runtime": 132667.948, "Unique SQL Id": 177413717}}, "(16, 111)": {"explain_plan": {"Plan": {"Node Type": "Sort", "Startup Cost": 1000218859008.79, "Total Cost": 1000218859008.81, "Plan Rows": 6, "Plan Width": 172, "Sort Key": ["l_returnflag", "l_linestatus"], "Plans": [{"Node Type": "Aggregate", "Strategy": "Hashed", "Parent Relationship": "Outer", "Startup Cost": 1000218859008.61, "Total Cost": 1000218859008.72, "Plan Rows": 6, "Plan Width": 172, "Group By Key": ["l_returnflag", "l_linestatus"], "Plans": [{"Node Type": "Seq Scan", "Parent Relationship": "Outer", "Relation Name": "lineitem", "Alias": "lineitem", "Startup Cost": 10000000003.1, "Total Cost": 1000216508291.25, "Plan Rows": 58767934, "Plan Width": 36, "Filter": "(l_shipdate <= '1998-08-15 00:00:00'::timestamp without time zone), (LLVM Optimized)"}]}]}, "Unique SQL Id": 177413717}, "explain_analyze_plan": {"Plan": {"Node Type": "Sort", "Startup Cost": 1000218859008.79, "Total Cost": 1000218859008.81, "Plan Rows": 6, "Plan Width": 172, "Actual Startup Time": 134311.273, "Actual Total Time": 134311.273, "Actual Rows": 4, "Actual Loops": 1, "Sort Key": ["l_returnflag", "l_linestatus"], "Sort Method": "quicksort", "Sort Space Used": 25, "Sort Space Type": "Memory", "Plans": [{"Node Type": "Aggregate", "Strategy": "Hashed", "Parent Relationship": "Outer", "Startup Cost": 1000218859008.61, "Total Cost": 1000218859008.72, "Plan Rows": 6, "Plan Width": 172, "Actual Startup Time": 134311.085, "Actual Total Time": 134311.104, "Actual Rows": 4, "Actual Loops": 1, "Group By Key": ["l_returnflag", "l_linestatus"], "Plans": [{"Node Type": "Seq Scan", "Parent Relationship": "Outer", "Relation Name": "lineitem", "Alias": "lineitem", "Startup Cost": 10000000003.1, "Total Cost": 1000216508291.25, "Plan Rows": 58767934, "Plan Width": 36, "Actual Startup Time": 0.022, "Actual Total Time": 27834.189, "Actual Rows": 58773499, "Actual Loops": 1, "Filter": "(l_shipdate <= '1998-08-15 00:00:00'::timestamp without time zone), (LLVM Optimized, Jit Execute)", "Rows Removed by Filter": 1212553}]}]}, "Triggers": [], "Planner Runtime": 0.327, "Total Runtime": 134322.809, "Unique SQL Id": 177413717}}, "(16, 112)": {"explain_plan": {"Plan": {"Node Type": "Sort", "Startup Cost": 4515800.46, "Total Cost": 4515800.47, "Plan Rows": 6, "Plan Width": 172, "Sort Key": ["l_returnflag", "l_linestatus"], "Plans": [{"Node Type": "Aggregate", "Strategy": "Hashed", "Parent Relationship": "Outer", "Startup Cost": 4515800.27, "Total Cost": 4515800.38, "Plan Rows": 6, "Plan Width": 172, "Group By Key": ["l_returnflag", "l_linestatus"], "Plans": [{"Node Type": "Seq Scan", "Parent Relationship": "Outer", "Relation Name": "lineitem", "Alias": "lineitem", "Startup Cost": 3.13, "Total Cost": 2165082.91, "Plan Rows": 58767934, "Plan Width": 36, "Filter": "(l_shipdate <= '1998-08-15 00:00:00'::timestamp without time zone), (LLVM Optimized)"}]}]}, "Unique SQL Id": 177413717}, "explain_analyze_plan": {"Plan": {"Node Type": "Sort", "Startup Cost": 4515800.46, "Total Cost": 4515800.47, "Plan Rows": 6, "Plan Width": 172, "Actual Startup Time": 132656.508, "Actual Total Time": 132656.508, "Actual Rows": 4, "Actual Loops": 1, "Sort Key": ["l_returnflag", "l_linestatus"], "Sort Method": "quicksort", "Sort Space Used": 25, "Sort Space Type": "Memory", "Plans": [{"Node Type": "Aggregate", "Strategy": "Hashed", "Parent Relationship": "Outer", "Startup Cost": 4515800.27, "Total Cost": 4515800.38, "Plan Rows": 6, "Plan Width": 172, "Actual Startup Time": 132656.41, "Actual Total Time": 132656.414, "Actual Rows": 4, "Actual Loops": 1, "Group By Key": ["l_returnflag", "l_linestatus"], "Plans": [{"Node Type": "Seq Scan", "Parent Relationship": "Outer", "Relation Name": "lineitem", "Alias": "lineitem", "Startup Cost": 3.13, "Total Cost": 2165082.91, "Plan Rows": 58767934, "Plan Width": 36, "Actual Startup Time": 0.03, "Actual Total Time": 27802.259, "Actual Rows": 58773499, "Actual Loops": 1, "Filter": "(l_shipdate <= '1998-08-15 00:00:00'::timestamp without time zone), (LLVM Optimized, Jit Execute)", "Rows Removed by Filter": 1212553}]}]}, "Triggers": [], "Planner Runtime": 0.341, "Total Runtime": 132667.948, "Unique SQL Id": 177413717}}, "(16, 113)": {"explain_plan": {"Plan": {"Node Type": "Sort", "Startup Cost": 6389801.46, "Total Cost": 6389801.47, "Plan Rows": 6, "Plan Width": 172, "Sort Key": ["l_returnflag", "l_linestatus"], "Plans": [{"Node Type": "Aggregate", "Strategy": "Hashed", "Parent Relationship": "Outer", "Startup Cost": 6389801.27, "Total Cost": 6389801.38, "Plan Rows": 6, "Plan Width": 172, "Group By Key": ["l_returnflag", "l_linestatus"], "Plans": [{"Node Type": "Bitmap Heap Scan", "Parent Relationship": "Outer", "Relation Name": "lineitem", "Alias": "lineitem", "Startup Cost": 1889239.74, "Total Cost": 4039083.91, "Plan Rows": 58767934, "Plan Width": 36, "Recheck Cond": "(l_shipdate <= '1998-08-15 00:00:00'::timestamp without time zone), (LLVM Optimized)", "Plans": [{"Node Type": "Bitmap Index Scan", "Parent Relationship": "Outer", "Index Name": "idx_lineitem_shipdate", "Startup Cost": 0.0, "Total Cost": 1874547.75, "Plan Rows": 58767934, "Plan Width": 0, "Index Cond": "(l_shipdate <= '1998-08-15 00:00:00'::timestamp without time zone)"}]}]}]}, "Unique SQL Id": 177413717}, "explain_analyze_plan": {"Plan": {"Node Type": "Sort", "Startup Cost": 6389801.46, "Total Cost": 6389801.47, "Plan Rows": 6, "Plan Width": 172, "Actual Startup Time": 153005.354, "Actual Total Time": 153005.354, "Actual Rows": 4, "Actual Loops": 1, "Sort Key": ["l_returnflag", "l_linestatus"], "Sort Method": "quicksort", "Sort Space Used": 25, "Sort Space Type": "Memory", "Plans": [{"Node Type": "Aggregate", "Strategy": "Hashed", "Parent Relationship": "Outer", "Startup Cost": 6389801.27, "Total Cost": 6389801.38, "Plan Rows": 6, "Plan Width": 172, "Actual Startup Time": 153005.293, "Actual Total Time": 153005.295, "Actual Rows": 4, "Actual Loops": 1, "Group By Key": ["l_returnflag", "l_linestatus"], "Plans": [{"Node Type": "Bitmap Heap Scan", "Parent Relationship": "Outer", "Relation Name": "lineitem", "Alias": "lineitem", "Startup Cost": 1889239.74, "Total Cost": 4039083.91, "Plan Rows": 58767934, "Plan Width": 36, "Actual Startup Time": 20873.158, "Actual Total Time": 51413.022, "Actual Rows": 58773499, "Actual Loops": 1, "Recheck Cond": "(l_shipdate <= '1998-08-15 00:00:00'::timestamp without time zone), (LLVM Optimized, Jit Execute)", "Rows Removed by Index Recheck": 0, "Exact Heap Blocks": 1415245, "Lossy Heap Blocks": 1415245, "Plans": [{"Node Type": "Bitmap Index Scan", "Parent Relationship": "Outer", "Index Name": "idx_lineitem_shipdate", "Startup Cost": 0.0, "Total Cost": 1874547.75, "Plan Rows": 58767934, "Plan Width": 0, "Actual Startup Time": 20269.977, "Actual Total Time": 20269.977, "Actual Rows": 58773499, "Actual Loops": 1, "Index Cond": "(l_shipdate <= '1998-08-15 00:00:00'::timestamp without time zone)"}]}]}]}, "Triggers": [], "Planner Runtime": 0.361, "Total Runtime": 153018.35, "Unique SQL Id": 177413717}}, "(16, 114)": {"explain_plan": {"Plan": {"Node Type": "Sort", "Startup Cost": 4515800.46, "Total Cost": 4515800.47, "Plan Rows": 6, "Plan Width": 172, "Sort Key": ["l_returnflag", "l_linestatus"], "Plans": [{"Node Type": "Aggregate", "Strategy": "Hashed", "Parent Relationship": "Outer", "Startup Cost": 4515800.27, "Total Cost": 4515800.38, "Plan Rows": 6, "Plan Width": 172, "Group By Key": ["l_returnflag", "l_linestatus"], "Plans": [{"Node Type": "Seq Scan", "Parent Relationship": "Outer", "Relation Name": "lineitem", "Alias": "lineitem", "Startup Cost": 3.13, "Total Cost": 2165082.91, "Plan Rows": 58767934, "Plan Width": 36, "Filter": "(l_shipdate <= '1998-08-15 00:00:00'::timestamp without time zone), (LLVM Optimized)"}]}]}, "Unique SQL Id": 177413717}, "explain_analyze_plan": {"Plan": {"Node Type": "Sort", "Startup Cost": 4515800.46, "Total Cost": 4515800.47, "Plan Rows": 6, "Plan Width": 172, "Actual Startup Time": 132656.508, "Actual Total Time": 132656.508, "Actual Rows": 4, "Actual Loops": 1, "Sort Key": ["l_returnflag", "l_linestatus"], "Sort Method": "quicksort", "Sort Space Used": 25, "Sort Space Type": "Memory", "Plans": [{"Node Type": "Aggregate", "Strategy": "Hashed", "Parent Relationship": "Outer", "Startup Cost": 4515800.27, "Total Cost": 4515800.38, "Plan Rows": 6, "Plan Width": 172, "Actual Startup Time": 132656.41, "Actual Total Time": 132656.414, "Actual Rows": 4, "Actual Loops": 1, "Group By Key": ["l_returnflag", "l_linestatus"], "Plans": [{"Node Type": "Seq Scan", "Parent Relationship": "Outer", "Relation Name": "lineitem", "Alias": "lineitem", "Startup Cost": 3.13, "Total Cost": 2165082.91, "Plan Rows": 58767934, "Plan Width": 36, "Actual Startup Time": 0.03, "Actual Total Time": 27802.259, "Actual Rows": 58773499, "Actual Loops": 1, "Filter": "(l_shipdate <= '1998-08-15 00:00:00'::timestamp without time zone), (LLVM Optimized, Jit Execute)", "Rows Removed by Filter": 1212553}]}]}, "Triggers": [], "Planner Runtime": 0.341, "Total Runtime": 132667.948, "Unique SQL Id": 177413717}}, "(16, 115)": {"explain_plan": {"Plan": {"Node Type": "Sort", "Startup Cost": 6389801.46, "Total Cost": 6389801.47, "Plan Rows": 6, "Plan Width": 172, "Sort Key": ["l_returnflag", "l_linestatus"], "Plans": [{"Node Type": "Aggregate", "Strategy": "Hashed", "Parent Relationship": "Outer", "Startup Cost": 6389801.27, "Total Cost": 6389801.38, "Plan Rows": 6, "Plan Width": 172, "Group By Key": ["l_returnflag", "l_linestatus"], "Plans": [{"Node Type": "Bitmap Heap Scan", "Parent Relationship": "Outer", "Relation Name": "lineitem", "Alias": "lineitem", "Startup Cost": 1889239.74, "Total Cost": 4039083.91, "Plan Rows": 58767934, "Plan Width": 36, "Recheck Cond": "(l_shipdate <= '1998-08-15 00:00:00'::timestamp without time zone), (LLVM Optimized)", "Plans": [{"Node Type": "Bitmap Index Scan", "Parent Relationship": "Outer", "Index Name": "idx_lineitem_shipdate", "Startup Cost": 0.0, "Total Cost": 1874547.75, "Plan Rows": 58767934, "Plan Width": 0, "Index Cond": "(l_shipdate <= '1998-08-15 00:00:00'::timestamp without time zone)"}]}]}]}, "Unique SQL Id": 177413717}, "explain_analyze_plan": {"Plan": {"Node Type": "Sort", "Startup Cost": 6389801.46, "Total Cost": 6389801.47, "Plan Rows": 6, "Plan Width": 172, "Actual Startup Time": 153005.354, "Actual Total Time": 153005.354, "Actual Rows": 4, "Actual Loops": 1, "Sort Key": ["l_returnflag", "l_linestatus"], "Sort Method": "quicksort", "Sort Space Used": 25, "Sort Space Type": "Memory", "Plans": [{"Node Type": "Aggregate", "Strategy": "Hashed", "Parent Relationship": "Outer", "Startup Cost": 6389801.27, "Total Cost": 6389801.38, "Plan Rows": 6, "Plan Width": 172, "Actual Startup Time": 153005.293, "Actual Total Time": 153005.295, "Actual Rows": 4, "Actual Loops": 1, "Group By Key": ["l_returnflag", "l_linestatus"], "Plans": [{"Node Type": "Bitmap Heap Scan", "Parent Relationship": "Outer", "Relation Name": "lineitem", "Alias": "lineitem", "Startup Cost": 1889239.74, "Total Cost": 4039083.91, "Plan Rows": 58767934, "Plan Width": 36, "Actual Startup Time": 20873.158, "Actual Total Time": 51413.022, "Actual Rows": 58773499, "Actual Loops": 1, "Recheck Cond": "(l_shipdate <= '1998-08-15 00:00:00'::timestamp without time zone), (LLVM Optimized, Jit Execute)", "Rows Removed by Index Recheck": 0, "Exact Heap Blocks": 1415245, "Lossy Heap Blocks": 1415245, "Plans": [{"Node Type": "Bitmap Index Scan", "Parent Relationship": "Outer", "Index Name": "idx_lineitem_shipdate", "Startup Cost": 0.0, "Total Cost": 1874547.75, "Plan Rows": 58767934, "Plan Width": 0, "Actual Startup Time": 20269.977, "Actual Total Time": 20269.977, "Actual Rows": 58773499, "Actual Loops": 1, "Index Cond": "(l_shipdate <= '1998-08-15 00:00:00'::timestamp without time zone)"}]}]}]}, "Triggers": [], "Planner Runtime": 0.361, "Total Runtime": 153018.35, "Unique SQL Id": 177413717}}, "(16, 116)": {"explain_plan": {"Plan": {"Node Type": "Sort", "Startup Cost": 4515800.46, "Total Cost": 4515800.47, "Plan Rows": 6, "Plan Width": 172, "Sort Key": ["l_returnflag", "l_linestatus"], "Plans": [{"Node Type": "Aggregate", "Strategy": "Hashed", "Parent Relationship": "Outer", "Startup Cost": 4515800.27, "Total Cost": 4515800.38, "Plan Rows": 6, "Plan Width": 172, "Group By Key": ["l_returnflag", "l_linestatus"], "Plans": [{"Node Type": "Seq Scan", "Parent Relationship": "Outer", "Relation Name": "lineitem", "Alias": "lineitem", "Startup Cost": 3.13, "Total Cost": 2165082.91, "Plan Rows": 58767934, "Plan Width": 36, "Filter": "(l_shipdate <= '1998-08-15 00:00:00'::timestamp without time zone), (LLVM Optimized)"}]}]}, "Unique SQL Id": 177413717}, "explain_analyze_plan": {"Plan": {"Node Type": "Sort", "Startup Cost": 4515800.46, "Total Cost": 4515800.47, "Plan Rows": 6, "Plan Width": 172, "Actual Startup Time": 132656.508, "Actual Total Time": 132656.508, "Actual Rows": 4, "Actual Loops": 1, "Sort Key": ["l_returnflag", "l_linestatus"], "Sort Method": "quicksort", "Sort Space Used": 25, "Sort Space Type": "Memory", "Plans": [{"Node Type": "Aggregate", "Strategy": "Hashed", "Parent Relationship": "Outer", "Startup Cost": 4515800.27, "Total Cost": 4515800.38, "Plan Rows": 6, "Plan Width": 172, "Actual Startup Time": 132656.41, "Actual Total Time": 132656.414, "Actual Rows": 4, "Actual Loops": 1, "Group By Key": ["l_returnflag", "l_linestatus"], "Plans": [{"Node Type": "Seq Scan", "Parent Relationship": "Outer", "Relation Name": "lineitem", "Alias": "lineitem", "Startup Cost": 3.13, "Total Cost": 2165082.91, "Plan Rows": 58767934, "Plan Width": 36, "Actual Startup Time": 0.03, "Actual Total Time": 27802.259, "Actual Rows": 58773499, "Actual Loops": 1, "Filter": "(l_shipdate <= '1998-08-15 00:00:00'::timestamp without time zone), (LLVM Optimized, Jit Execute)", "Rows Removed by Filter": 1212553}]}]}, "Triggers": [], "Planner Runtime": 0.341, "Total Runtime": 132667.948, "Unique SQL Id": 177413717}}, "(16, 117)": {"explain_plan": {"Plan": {"Node Type": "Sort", "Startup Cost": 6389801.46, "Total Cost": 6389801.47, "Plan Rows": 6, "Plan Width": 172, "Sort Key": ["l_returnflag", "l_linestatus"], "Plans": [{"Node Type": "Aggregate", "Strategy": "Hashed", "Parent Relationship": "Outer", "Startup Cost": 6389801.27, "Total Cost": 6389801.38, "Plan Rows": 6, "Plan Width": 172, "Group By Key": ["l_returnflag", "l_linestatus"], "Plans": [{"Node Type": "Bitmap Heap Scan", "Parent Relationship": "Outer", "Relation Name": "lineitem", "Alias": "lineitem", "Startup Cost": 1889239.74, "Total Cost": 4039083.91, "Plan Rows": 58767934, "Plan Width": 36, "Recheck Cond": "(l_shipdate <= '1998-08-15 00:00:00'::timestamp without time zone), (LLVM Optimized)", "Plans": [{"Node Type": "Bitmap Index Scan", "Parent Relationship": "Outer", "Index Name": "idx_lineitem_shipdate", "Startup Cost": 0.0, "Total Cost": 1874547.75, "Plan Rows": 58767934, "Plan Width": 0, "Index Cond": "(l_shipdate <= '1998-08-15 00:00:00'::timestamp without time zone)"}]}]}]}, "Unique SQL Id": 177413717}, "explain_analyze_plan": {"Plan": {"Node Type": "Sort", "Startup Cost": 6389801.46, "Total Cost": 6389801.47, "Plan Rows": 6, "Plan Width": 172, "Actual Startup Time": 153005.354, "Actual Total Time": 153005.354, "Actual Rows": 4, "Actual Loops": 1, "Sort Key": ["l_returnflag", "l_linestatus"], "Sort Method": "quicksort", "Sort Space Used": 25, "Sort Space Type": "Memory", "Plans": [{"Node Type": "Aggregate", "Strategy": "Hashed", "Parent Relationship": "Outer", "Startup Cost": 6389801.27, "Total Cost": 6389801.38, "Plan Rows": 6, "Plan Width": 172, "Actual Startup Time": 153005.293, "Actual Total Time": 153005.295, "Actual Rows": 4, "Actual Loops": 1, "Group By Key": ["l_returnflag", "l_linestatus"], "Plans": [{"Node Type": "Bitmap Heap Scan", "Parent Relationship": "Outer", "Relation Name": "lineitem", "Alias": "lineitem", "Startup Cost": 1889239.74, "Total Cost": 4039083.91, "Plan Rows": 58767934, "Plan Width": 36, "Actual Startup Time": 20873.158, "Actual Total Time": 51413.022, "Actual Rows": 58773499, "Actual Loops": 1, "Recheck Cond": "(l_shipdate <= '1998-08-15 00:00:00'::timestamp without time zone), (LLVM Optimized, Jit Execute)", "Rows Removed by Index Recheck": 0, "Exact Heap Blocks": 1415245, "Lossy Heap Blocks": 1415245, "Plans": [{"Node Type": "Bitmap Index Scan", "Parent Relationship": "Outer", "Index Name": "idx_lineitem_shipdate", "Startup Cost": 0.0, "Total Cost": 1874547.75, "Plan Rows": 58767934, "Plan Width": 0, "Actual Startup Time": 20269.977, "Actual Total Time": 20269.977, "Actual Rows": 58773499, "Actual Loops": 1, "Index Cond": "(l_shipdate <= '1998-08-15 00:00:00'::timestamp without time zone)"}]}]}]}, "Triggers": [], "Planner Runtime": 0.361, "Total Runtime": 153018.35, "Unique SQL Id": 177413717}}, "(16, 118)": {"explain_plan": {"Plan": {"Node Type": "Sort", "Startup Cost": 4515800.46, "Total Cost": 4515800.47, "Plan Rows": 6, "Plan Width": 172, "Sort Key": ["l_returnflag", "l_linestatus"], "Plans": [{"Node Type": "Aggregate", "Strategy": "Hashed", "Parent Relationship": "Outer", "Startup Cost": 4515800.27, "Total Cost": 4515800.38, "Plan Rows": 6, "Plan Width": 172, "Group By Key": ["l_returnflag", "l_linestatus"], "Plans": [{"Node Type": "Seq Scan", "Parent Relationship": "Outer", "Relation Name": "lineitem", "Alias": "lineitem", "Startup Cost": 3.13, "Total Cost": 2165082.91, "Plan Rows": 58767934, "Plan Width": 36, "Filter": "(l_shipdate <= '1998-08-15 00:00:00'::timestamp without time zone), (LLVM Optimized)"}]}]}, "Unique SQL Id": 177413717}, "explain_analyze_plan": {"Plan": {"Node Type": "Sort", "Startup Cost": 4515800.46, "Total Cost": 4515800.47, "Plan Rows": 6, "Plan Width": 172, "Actual Startup Time": 132656.508, "Actual Total Time": 132656.508, "Actual Rows": 4, "Actual Loops": 1, "Sort Key": ["l_returnflag", "l_linestatus"], "Sort Method": "quicksort", "Sort Space Used": 25, "Sort Space Type": "Memory", "Plans": [{"Node Type": "Aggregate", "Strategy": "Hashed", "Parent Relationship": "Outer", "Startup Cost": 4515800.27, "Total Cost": 4515800.38, "Plan Rows": 6, "Plan Width": 172, "Actual Startup Time": 132656.41, "Actual Total Time": 132656.414, "Actual Rows": 4, "Actual Loops": 1, "Group By Key": ["l_returnflag", "l_linestatus"], "Plans": [{"Node Type": "Seq Scan", "Parent Relationship": "Outer", "Relation Name": "lineitem", "Alias": "lineitem", "Startup Cost": 3.13, "Total Cost": 2165082.91, "Plan Rows": 58767934, "Plan Width": 36, "Actual Startup Time": 0.03, "Actual Total Time": 27802.259, "Actual Rows": 58773499, "Actual Loops": 1, "Filter": "(l_shipdate <= '1998-08-15 00:00:00'::timestamp without time zone), (LLVM Optimized, Jit Execute)", "Rows Removed by Filter": 1212553}]}]}, "Triggers": [], "Planner Runtime": 0.341, "Total Runtime": 132667.948, "Unique SQL Id": 177413717}}, "(16, 119)": {"explain_plan": {"Plan": {"Node Type": "Sort", "Startup Cost": 6389801.46, "Total Cost": 6389801.47, "Plan Rows": 6, "Plan Width": 172, "Sort Key": ["l_returnflag", "l_linestatus"], "Plans": [{"Node Type": "Aggregate", "Strategy": "Hashed", "Parent Relationship": "Outer", "Startup Cost": 6389801.27, "Total Cost": 6389801.38, "Plan Rows": 6, "Plan Width": 172, "Group By Key": ["l_returnflag", "l_linestatus"], "Plans": [{"Node Type": "Bitmap Heap Scan", "Parent Relationship": "Outer", "Relation Name": "lineitem", "Alias": "lineitem", "Startup Cost": 1889239.74, "Total Cost": 4039083.91, "Plan Rows": 58767934, "Plan Width": 36, "Recheck Cond": "(l_shipdate <= '1998-08-15 00:00:00'::timestamp without time zone), (LLVM Optimized)", "Plans": [{"Node Type": "Bitmap Index Scan", "Parent Relationship": "Outer", "Index Name": "idx_lineitem_shipdate", "Startup Cost": 0.0, "Total Cost": 1874547.75, "Plan Rows": 58767934, "Plan Width": 0, "Index Cond": "(l_shipdate <= '1998-08-15 00:00:00'::timestamp without time zone)"}]}]}]}, "Unique SQL Id": 177413717}, "explain_analyze_plan": {"Plan": {"Node Type": "Sort", "Startup Cost": 6389801.46, "Total Cost": 6389801.47, "Plan Rows": 6, "Plan Width": 172, "Actual Startup Time": 153005.354, "Actual Total Time": 153005.354, "Actual Rows": 4, "Actual Loops": 1, "Sort Key": ["l_returnflag", "l_linestatus"], "Sort Method": "quicksort", "Sort Space Used": 25, "Sort Space Type": "Memory", "Plans": [{"Node Type": "Aggregate", "Strategy": "Hashed", "Parent Relationship": "Outer", "Startup Cost": 6389801.27, "Total Cost": 6389801.38, "Plan Rows": 6, "Plan Width": 172, "Actual Startup Time": 153005.293, "Actual Total Time": 153005.295, "Actual Rows": 4, "Actual Loops": 1, "Group By Key": ["l_returnflag", "l_linestatus"], "Plans": [{"Node Type": "Bitmap Heap Scan", "Parent Relationship": "Outer", "Relation Name": "lineitem", "Alias": "lineitem", "Startup Cost": 1889239.74, "Total Cost": 4039083.91, "Plan Rows": 58767934, "Plan Width": 36, "Actual Startup Time": 20873.158, "Actual Total Time": 51413.022, "Actual Rows": 58773499, "Actual Loops": 1, "Recheck Cond": "(l_shipdate <= '1998-08-15 00:00:00'::timestamp without time zone), (LLVM Optimized, Jit Execute)", "Rows Removed by Index Recheck": 0, "Exact Heap Blocks": 1415245, "Lossy Heap Blocks": 1415245, "Plans": [{"Node Type": "Bitmap Index Scan", "Parent Relationship": "Outer", "Index Name": "idx_lineitem_shipdate", "Startup Cost": 0.0, "Total Cost": 1874547.75, "Plan Rows": 58767934, "Plan Width": 0, "Actual Startup Time": 20269.977, "Actual Total Time": 20269.977, "Actual Rows": 58773499, "Actual Loops": 1, "Index Cond": "(l_shipdate <= '1998-08-15 00:00:00'::timestamp without time zone)"}]}]}]}, "Triggers": [], "Planner Runtime": 0.361, "Total Runtime": 153018.35, "Unique SQL Id": 177413717}}, "(16, 120)": {"explain_plan": {"Plan": {"Node Type": "Sort", "Startup Cost": 4515800.46, "Total Cost": 4515800.47, "Plan Rows": 6, "Plan Width": 172, "Sort Key": ["l_returnflag", "l_linestatus"], "Plans": [{"Node Type": "Aggregate", "Strategy": "Hashed", "Parent Relationship": "Outer", "Startup Cost": 4515800.27, "Total Cost": 4515800.38, "Plan Rows": 6, "Plan Width": 172, "Group By Key": ["l_returnflag", "l_linestatus"], "Plans": [{"Node Type": "Seq Scan", "Parent Relationship": "Outer", "Relation Name": "lineitem", "Alias": "lineitem", "Startup Cost": 3.13, "Total Cost": 2165082.91, "Plan Rows": 58767934, "Plan Width": 36, "Filter": "(l_shipdate <= '1998-08-15 00:00:00'::timestamp without time zone), (LLVM Optimized)"}]}]}, "Unique SQL Id": 177413717}, "explain_analyze_plan": {"Plan": {"Node Type": "Sort", "Startup Cost": 4515800.46, "Total Cost": 4515800.47, "Plan Rows": 6, "Plan Width": 172, "Actual Startup Time": 132656.508, "Actual Total Time": 132656.508, "Actual Rows": 4, "Actual Loops": 1, "Sort Key": ["l_returnflag", "l_linestatus"], "Sort Method": "quicksort", "Sort Space Used": 25, "Sort Space Type": "Memory", "Plans": [{"Node Type": "Aggregate", "Strategy": "Hashed", "Parent Relationship": "Outer", "Startup Cost": 4515800.27, "Total Cost": 4515800.38, "Plan Rows": 6, "Plan Width": 172, "Actual Startup Time": 132656.41, "Actual Total Time": 132656.414, "Actual Rows": 4, "Actual Loops": 1, "Group By Key": ["l_returnflag", "l_linestatus"], "Plans": [{"Node Type": "Seq Scan", "Parent Relationship": "Outer", "Relation Name": "lineitem", "Alias": "lineitem", "Startup Cost": 3.13, "Total Cost": 2165082.91, "Plan Rows": 58767934, "Plan Width": 36, "Actual Startup Time": 0.03, "Actual Total Time": 27802.259, "Actual Rows": 58773499, "Actual Loops": 1, "Filter": "(l_shipdate <= '1998-08-15 00:00:00'::timestamp without time zone), (LLVM Optimized, Jit Execute)", "Rows Removed by Filter": 1212553}]}]}, "Triggers": [], "Planner Runtime": 0.341, "Total Runtime": 132667.948, "Unique SQL Id": 177413717}}, "(16, 121)": {"explain_plan": {"Plan": {"Node Type": "Sort", "Startup Cost": 10473924.63, "Total Cost": 10473924.64, "Plan Rows": 6, "Plan Width": 172, "Sort Key": ["l_returnflag", "l_linestatus"], "Plans": [{"Node Type": "Aggregate", "Strategy": "Hashed", "Parent Relationship": "Outer", "Startup Cost": 10473924.44, "Total Cost": 10473924.55, "Plan Rows": 6, "Plan Width": 172, "Group By Key": ["l_returnflag", "l_linestatus"], "Plans": [{"Node Type": "Index Scan", "Parent Relationship": "Outer", "Scan Direction": "Forward", "Index Name": "idx_lineitem_shipdate", "Relation Name": "lineitem", "Alias": "lineitem", "Startup Cost": 0.0, "Total Cost": 8123207.08, "Plan Rows": 58767934, "Plan Width": 36, "Index Cond": "(l_shipdate <= '1998-08-15 00:00:00'::timestamp without time zone), (LLVM Optimized)"}]}]}, "Unique SQL Id": 177413717}, "explain_analyze_plan": {"Plan": {"Node Type": "Sort", "Startup Cost": 10473924.63, "Total Cost": 10473924.64, "Plan Rows": 6, "Plan Width": 172, "Actual Startup Time": 269422.163, "Actual Total Time": 269422.164, "Actual Rows": 4, "Actual Loops": 1, "Sort Key": ["l_returnflag", "l_linestatus"], "Sort Method": "quicksort", "Sort Space Used": 25, "Sort Space Type": "Memory", "Plans": [{"Node Type": "Aggregate", "Strategy": "Hashed", "Parent Relationship": "Outer", "Startup Cost": 10473924.44, "Total Cost": 10473924.55, "Plan Rows": 6, "Plan Width": 172, "Actual Startup Time": 269421.997, "Actual Total Time": 269422.016, "Actual Rows": 4, "Actual Loops": 1, "Group By Key": ["l_returnflag", "l_linestatus"], "Plans": [{"Node Type": "Index Scan", "Parent Relationship": "Outer", "Scan Direction": "Forward", "Index Name": "idx_lineitem_shipdate", "Relation Name": "lineitem", "Alias": "lineitem", "Startup Cost": 0.0, "Total Cost": 8123207.08, "Plan Rows": 58767934, "Plan Width": 36, "Actual Startup Time": 0.051, "Actual Total Time": 155909.29, "Actual Rows": 58773499, "Actual Loops": 1, "Index Cond": "(l_shipdate <= '1998-08-15 00:00:00'::timestamp without time zone), (LLVM Optimized, Jit Execute)", "Rows Removed by Index Recheck": 0}]}]}, "Triggers": [], "Planner Runtime": 0.326, "Total Runtime": 269433.851, "Unique SQL Id": 177413717}}, "(16, 122)": {"explain_plan": {"Plan": {"Node Type": "Sort", "Startup Cost": 4515800.46, "Total Cost": 4515800.47, "Plan Rows": 6, "Plan Width": 172, "Sort Key": ["l_returnflag", "l_linestatus"], "Plans": [{"Node Type": "Aggregate", "Strategy": "Hashed", "Parent Relationship": "Outer", "Startup Cost": 4515800.27, "Total Cost": 4515800.38, "Plan Rows": 6, "Plan Width": 172, "Group By Key": ["l_returnflag", "l_linestatus"], "Plans": [{"Node Type": "Seq Scan", "Parent Relationship": "Outer", "Relation Name": "lineitem", "Alias": "lineitem", "Startup Cost": 3.13, "Total Cost": 2165082.91, "Plan Rows": 58767934, "Plan Width": 36, "Filter": "(l_shipdate <= '1998-08-15 00:00:00'::timestamp without time zone), (LLVM Optimized)"}]}]}, "Unique SQL Id": 177413717}, "explain_analyze_plan": {"Plan": {"Node Type": "Sort", "Startup Cost": 4515800.46, "Total Cost": 4515800.47, "Plan Rows": 6, "Plan Width": 172, "Actual Startup Time": 132656.508, "Actual Total Time": 132656.508, "Actual Rows": 4, "Actual Loops": 1, "Sort Key": ["l_returnflag", "l_linestatus"], "Sort Method": "quicksort", "Sort Space Used": 25, "Sort Space Type": "Memory", "Plans": [{"Node Type": "Aggregate", "Strategy": "Hashed", "Parent Relationship": "Outer", "Startup Cost": 4515800.27, "Total Cost": 4515800.38, "Plan Rows": 6, "Plan Width": 172, "Actual Startup Time": 132656.41, "Actual Total Time": 132656.414, "Actual Rows": 4, "Actual Loops": 1, "Group By Key": ["l_returnflag", "l_linestatus"], "Plans": [{"Node Type": "Seq Scan", "Parent Relationship": "Outer", "Relation Name": "lineitem", "Alias": "lineitem", "Startup Cost": 3.13, "Total Cost": 2165082.91, "Plan Rows": 58767934, "Plan Width": 36, "Actual Startup Time": 0.03, "Actual Total Time": 27802.259, "Actual Rows": 58773499, "Actual Loops": 1, "Filter": "(l_shipdate <= '1998-08-15 00:00:00'::timestamp without time zone), (LLVM Optimized, Jit Execute)", "Rows Removed by Filter": 1212553}]}]}, "Triggers": [], "Planner Runtime": 0.341, "Total Runtime": 132667.948, "Unique SQL Id": 177413717}}, "(16, 123)": {"explain_plan": {"Plan": {"Node Type": "Sort", "Startup Cost": 1000218859008.79, "Total Cost": 1000218859008.81, "Plan Rows": 6, "Plan Width": 172, "Sort Key": ["l_returnflag", "l_linestatus"], "Plans": [{"Node Type": "Aggregate", "Strategy": "Hashed", "Parent Relationship": "Outer", "Startup Cost": 1000218859008.61, "Total Cost": 1000218859008.72, "Plan Rows": 6, "Plan Width": 172, "Group By Key": ["l_returnflag", "l_linestatus"], "Plans": [{"Node Type": "Seq Scan", "Parent Relationship": "Outer", "Relation Name": "lineitem", "Alias": "lineitem", "Startup Cost": 10000000003.1, "Total Cost": 1000216508291.25, "Plan Rows": 58767934, "Plan Width": 36, "Filter": "(l_shipdate <= '1998-08-15 00:00:00'::timestamp without time zone), (LLVM Optimized)"}]}]}, "Unique SQL Id": 177413717}, "explain_analyze_plan": {"Plan": {"Node Type": "Sort", "Startup Cost": 1000218859008.79, "Total Cost": 1000218859008.81, "Plan Rows": 6, "Plan Width": 172, "Actual Startup Time": 134311.273, "Actual Total Time": 134311.273, "Actual Rows": 4, "Actual Loops": 1, "Sort Key": ["l_returnflag", "l_linestatus"], "Sort Method": "quicksort", "Sort Space Used": 25, "Sort Space Type": "Memory", "Plans": [{"Node Type": "Aggregate", "Strategy": "Hashed", "Parent Relationship": "Outer", "Startup Cost": 1000218859008.61, "Total Cost": 1000218859008.72, "Plan Rows": 6, "Plan Width": 172, "Actual Startup Time": 134311.085, "Actual Total Time": 134311.104, "Actual Rows": 4, "Actual Loops": 1, "Group By Key": ["l_returnflag", "l_linestatus"], "Plans": [{"Node Type": "Seq Scan", "Parent Relationship": "Outer", "Relation Name": "lineitem", "Alias": "lineitem", "Startup Cost": 10000000003.1, "Total Cost": 1000216508291.25, "Plan Rows": 58767934, "Plan Width": 36, "Actual Startup Time": 0.022, "Actual Total Time": 27834.189, "Actual Rows": 58773499, "Actual Loops": 1, "Filter": "(l_shipdate <= '1998-08-15 00:00:00'::timestamp without time zone), (LLVM Optimized, Jit Execute)", "Rows Removed by Filter": 1212553}]}]}, "Triggers": [], "Planner Runtime": 0.327, "Total Runtime": 134322.809, "Unique SQL Id": 177413717}}, "(16, 124)": {"explain_plan": {"Plan": {"Node Type": "Sort", "Startup Cost": 4515800.46, "Total Cost": 4515800.47, "Plan Rows": 6, "Plan Width": 172, "Sort Key": ["l_returnflag", "l_linestatus"], "Plans": [{"Node Type": "Aggregate", "Strategy": "Hashed", "Parent Relationship": "Outer", "Startup Cost": 4515800.27, "Total Cost": 4515800.38, "Plan Rows": 6, "Plan Width": 172, "Group By Key": ["l_returnflag", "l_linestatus"], "Plans": [{"Node Type": "Seq Scan", "Parent Relationship": "Outer", "Relation Name": "lineitem", "Alias": "lineitem", "Startup Cost": 3.13, "Total Cost": 2165082.91, "Plan Rows": 58767934, "Plan Width": 36, "Filter": "(l_shipdate <= '1998-08-15 00:00:00'::timestamp without time zone), (LLVM Optimized)"}]}]}, "Unique SQL Id": 177413717}, "explain_analyze_plan": {"Plan": {"Node Type": "Sort", "Startup Cost": 4515800.46, "Total Cost": 4515800.47, "Plan Rows": 6, "Plan Width": 172, "Actual Startup Time": 132656.508, "Actual Total Time": 132656.508, "Actual Rows": 4, "Actual Loops": 1, "Sort Key": ["l_returnflag", "l_linestatus"], "Sort Method": "quicksort", "Sort Space Used": 25, "Sort Space Type": "Memory", "Plans": [{"Node Type": "Aggregate", "Strategy": "Hashed", "Parent Relationship": "Outer", "Startup Cost": 4515800.27, "Total Cost": 4515800.38, "Plan Rows": 6, "Plan Width": 172, "Actual Startup Time": 132656.41, "Actual Total Time": 132656.414, "Actual Rows": 4, "Actual Loops": 1, "Group By Key": ["l_returnflag", "l_linestatus"], "Plans": [{"Node Type": "Seq Scan", "Parent Relationship": "Outer", "Relation Name": "lineitem", "Alias": "lineitem", "Startup Cost": 3.13, "Total Cost": 2165082.91, "Plan Rows": 58767934, "Plan Width": 36, "Actual Startup Time": 0.03, "Actual Total Time": 27802.259, "Actual Rows": 58773499, "Actual Loops": 1, "Filter": "(l_shipdate <= '1998-08-15 00:00:00'::timestamp without time zone), (LLVM Optimized, Jit Execute)", "Rows Removed by Filter": 1212553}]}]}, "Triggers": [], "Planner Runtime": 0.341, "Total Runtime": 132667.948, "Unique SQL Id": 177413717}}, "(16, 125)": {"explain_plan": {"Plan": {"Node Type": "Sort", "Startup Cost": 10473924.63, "Total Cost": 10473924.64, "Plan Rows": 6, "Plan Width": 172, "Sort Key": ["l_returnflag", "l_linestatus"], "Plans": [{"Node Type": "Aggregate", "Strategy": "Hashed", "Parent Relationship": "Outer", "Startup Cost": 10473924.44, "Total Cost": 10473924.55, "Plan Rows": 6, "Plan Width": 172, "Group By Key": ["l_returnflag", "l_linestatus"], "Plans": [{"Node Type": "Index Scan", "Parent Relationship": "Outer", "Scan Direction": "Forward", "Index Name": "idx_lineitem_shipdate", "Relation Name": "lineitem", "Alias": "lineitem", "Startup Cost": 0.0, "Total Cost": 8123207.08, "Plan Rows": 58767934, "Plan Width": 36, "Index Cond": "(l_shipdate <= '1998-08-15 00:00:00'::timestamp without time zone), (LLVM Optimized)"}]}]}, "Unique SQL Id": 177413717}, "explain_analyze_plan": {"Plan": {"Node Type": "Sort", "Startup Cost": 10473924.63, "Total Cost": 10473924.64, "Plan Rows": 6, "Plan Width": 172, "Actual Startup Time": 269422.163, "Actual Total Time": 269422.164, "Actual Rows": 4, "Actual Loops": 1, "Sort Key": ["l_returnflag", "l_linestatus"], "Sort Method": "quicksort", "Sort Space Used": 25, "Sort Space Type": "Memory", "Plans": [{"Node Type": "Aggregate", "Strategy": "Hashed", "Parent Relationship": "Outer", "Startup Cost": 10473924.44, "Total Cost": 10473924.55, "Plan Rows": 6, "Plan Width": 172, "Actual Startup Time": 269421.997, "Actual Total Time": 269422.016, "Actual Rows": 4, "Actual Loops": 1, "Group By Key": ["l_returnflag", "l_linestatus"], "Plans": [{"Node Type": "Index Scan", "Parent Relationship": "Outer", "Scan Direction": "Forward", "Index Name": "idx_lineitem_shipdate", "Relation Name": "lineitem", "Alias": "lineitem", "Startup Cost": 0.0, "Total Cost": 8123207.08, "Plan Rows": 58767934, "Plan Width": 36, "Actual Startup Time": 0.051, "Actual Total Time": 155909.29, "Actual Rows": 58773499, "Actual Loops": 1, "Index Cond": "(l_shipdate <= '1998-08-15 00:00:00'::timestamp without time zone), (LLVM Optimized, Jit Execute)", "Rows Removed by Index Recheck": 0}]}]}, "Triggers": [], "Planner Runtime": 0.326, "Total Runtime": 269433.851, "Unique SQL Id": 177413717}}, "(16, 126)": {"explain_plan": {"Plan": {"Node Type": "Sort", "Startup Cost": 4515800.46, "Total Cost": 4515800.47, "Plan Rows": 6, "Plan Width": 172, "Sort Key": ["l_returnflag", "l_linestatus"], "Plans": [{"Node Type": "Aggregate", "Strategy": "Hashed", "Parent Relationship": "Outer", "Startup Cost": 4515800.27, "Total Cost": 4515800.38, "Plan Rows": 6, "Plan Width": 172, "Group By Key": ["l_returnflag", "l_linestatus"], "Plans": [{"Node Type": "Seq Scan", "Parent Relationship": "Outer", "Relation Name": "lineitem", "Alias": "lineitem", "Startup Cost": 3.13, "Total Cost": 2165082.91, "Plan Rows": 58767934, "Plan Width": 36, "Filter": "(l_shipdate <= '1998-08-15 00:00:00'::timestamp without time zone), (LLVM Optimized)"}]}]}, "Unique SQL Id": 177413717}, "explain_analyze_plan": {"Plan": {"Node Type": "Sort", "Startup Cost": 4515800.46, "Total Cost": 4515800.47, "Plan Rows": 6, "Plan Width": 172, "Actual Startup Time": 132656.508, "Actual Total Time": 132656.508, "Actual Rows": 4, "Actual Loops": 1, "Sort Key": ["l_returnflag", "l_linestatus"], "Sort Method": "quicksort", "Sort Space Used": 25, "Sort Space Type": "Memory", "Plans": [{"Node Type": "Aggregate", "Strategy": "Hashed", "Parent Relationship": "Outer", "Startup Cost": 4515800.27, "Total Cost": 4515800.38, "Plan Rows": 6, "Plan Width": 172, "Actual Startup Time": 132656.41, "Actual Total Time": 132656.414, "Actual Rows": 4, "Actual Loops": 1, "Group By Key": ["l_returnflag", "l_linestatus"], "Plans": [{"Node Type": "Seq Scan", "Parent Relationship": "Outer", "Relation Name": "lineitem", "Alias": "lineitem", "Startup Cost": 3.13, "Total Cost": 2165082.91, "Plan Rows": 58767934, "Plan Width": 36, "Actual Startup Time": 0.03, "Actual Total Time": 27802.259, "Actual Rows": 58773499, "Actual Loops": 1, "Filter": "(l_shipdate <= '1998-08-15 00:00:00'::timestamp without time zone), (LLVM Optimized, Jit Execute)", "Rows Removed by Filter": 1212553}]}]}, "Triggers": [], "Planner Runtime": 0.341, "Total Runtime": 132667.948, "Unique SQL Id": 177413717}}, "(16, 127)": {"explain_plan": {"Plan": {"Node Type": "Sort", "Startup Cost": 1000218859008.79, "Total Cost": 1000218859008.81, "Plan Rows": 6, "Plan Width": 172, "Sort Key": ["l_returnflag", "l_linestatus"], "Plans": [{"Node Type": "Aggregate", "Strategy": "Hashed", "Parent Relationship": "Outer", "Startup Cost": 1000218859008.61, "Total Cost": 1000218859008.72, "Plan Rows": 6, "Plan Width": 172, "Group By Key": ["l_returnflag", "l_linestatus"], "Plans": [{"Node Type": "Seq Scan", "Parent Relationship": "Outer", "Relation Name": "lineitem", "Alias": "lineitem", "Startup Cost": 10000000003.1, "Total Cost": 1000216508291.25, "Plan Rows": 58767934, "Plan Width": 36, "Filter": "(l_shipdate <= '1998-08-15 00:00:00'::timestamp without time zone), (LLVM Optimized)"}]}]}, "Unique SQL Id": 177413717}, "explain_analyze_plan": {"Plan": {"Node Type": "Sort", "Startup Cost": 1000218859008.79, "Total Cost": 1000218859008.81, "Plan Rows": 6, "Plan Width": 172, "Actual Startup Time": 134311.273, "Actual Total Time": 134311.273, "Actual Rows": 4, "Actual Loops": 1, "Sort Key": ["l_returnflag", "l_linestatus"], "Sort Method": "quicksort", "Sort Space Used": 25, "Sort Space Type": "Memory", "Plans": [{"Node Type": "Aggregate", "Strategy": "Hashed", "Parent Relationship": "Outer", "Startup Cost": 1000218859008.61, "Total Cost": 1000218859008.72, "Plan Rows": 6, "Plan Width": 172, "Actual Startup Time": 134311.085, "Actual Total Time": 134311.104, "Actual Rows": 4, "Actual Loops": 1, "Group By Key": ["l_returnflag", "l_linestatus"], "Plans": [{"Node Type": "Seq Scan", "Parent Relationship": "Outer", "Relation Name": "lineitem", "Alias": "lineitem", "Startup Cost": 10000000003.1, "Total Cost": 1000216508291.25, "Plan Rows": 58767934, "Plan Width": 36, "Actual Startup Time": 0.022, "Actual Total Time": 27834.189, "Actual Rows": 58773499, "Actual Loops": 1, "Filter": "(l_shipdate <= '1998-08-15 00:00:00'::timestamp without time zone), (LLVM Optimized, Jit Execute)", "Rows Removed by Filter": 1212553}]}]}, "Triggers": [], "Planner Runtime": 0.327, "Total Runtime": 134322.809, "Unique SQL Id": 177413717}}, "(64, 0)": {"explain_plan": {"Plan": {"Node Type": "Sort", "Startup Cost": 4515800.46, "Total Cost": 4515800.47, "Plan Rows": 6, "Plan Width": 172, "Sort Key": ["l_returnflag", "l_linestatus"], "Plans": [{"Node Type": "Aggregate", "Strategy": "Hashed", "Parent Relationship": "Outer", "Startup Cost": 4515800.27, "Total Cost": 4515800.38, "Plan Rows": 6, "Plan Width": 172, "Group By Key": ["l_returnflag", "l_linestatus"], "Plans": [{"Node Type": "Seq Scan", "Parent Relationship": "Outer", "Relation Name": "lineitem", "Alias": "lineitem", "Startup Cost": 3.1, "Total Cost": 2165082.91, "Plan Rows": 58767934, "Plan Width": 36, "Filter": "(l_shipdate <= '1998-08-15 00:00:00'::timestamp without time zone), (LLVM Optimized)"}]}]}, "Unique SQL Id": 177413717}, "explain_analyze_plan": {"Plan": {"Node Type": "Sort", "Startup Cost": 4515800.46, "Total Cost": 4515800.47, "Plan Rows": 6, "Plan Width": 172, "Actual Startup Time": 131002.125, "Actual Total Time": 131002.126, "Actual Rows": 4, "Actual Loops": 1, "Sort Key": ["l_returnflag", "l_linestatus"], "Sort Method": "quicksort", "Sort Space Used": 25, "Sort Space Type": "Memory", "Plans": [{"Node Type": "Aggregate", "Strategy": "Hashed", "Parent Relationship": "Outer", "Startup Cost": 4515800.27, "Total Cost": 4515800.38, "Plan Rows": 6, "Plan Width": 172, "Actual Startup Time": 131002.051, "Actual Total Time": 131002.054, "Actual Rows": 4, "Actual Loops": 1, "Group By Key": ["l_returnflag", "l_linestatus"], "Plans": [{"Node Type": "Seq Scan", "Parent Relationship": "Outer", "Relation Name": "lineitem", "Alias": "lineitem", "Startup Cost": 3.1, "Total Cost": 2165082.91, "Plan Rows": 58767934, "Plan Width": 36, "Actual Startup Time": 0.023, "Actual Total Time": 27273.426, "Actual Rows": 58773499, "Actual Loops": 1, "Filter": "(l_shipdate <= '1998-08-15 00:00:00'::timestamp without time zone), (LLVM Optimized, Jit Execute)", "Rows Removed by Filter": 1212553}]}]}, "Triggers": [], "Planner Runtime": 0.395, "Total Runtime": 131013.594, "Unique SQL Id": 177413717}}, "(64, 1)": {"explain_plan": {"Plan": {"Node Type": "Sort", "Startup Cost": 6389801.46, "Total Cost": 6389801.47, "Plan Rows": 6, "Plan Width": 172, "Sort Key": ["l_returnflag", "l_linestatus"], "Plans": [{"Node Type": "Aggregate", "Strategy": "Hashed", "Parent Relationship": "Outer", "Startup Cost": 6389801.27, "Total Cost": 6389801.38, "Plan Rows": 6, "Plan Width": 172, "Group By Key": ["l_returnflag", "l_linestatus"], "Plans": [{"Node Type": "Bitmap Heap Scan", "Parent Relationship": "Outer", "Relation Name": "lineitem", "Alias": "lineitem", "Startup Cost": 1889239.74, "Total Cost": 4039083.91, "Plan Rows": 58767934, "Plan Width": 36, "Recheck Cond": "(l_shipdate <= '1998-08-15 00:00:00'::timestamp without time zone), (LLVM Optimized)", "Plans": [{"Node Type": "Bitmap Index Scan", "Parent Relationship": "Outer", "Index Name": "idx_lineitem_shipdate", "Startup Cost": 0.0, "Total Cost": 1874547.75, "Plan Rows": 58767934, "Plan Width": 0, "Index Cond": "(l_shipdate <= '1998-08-15 00:00:00'::timestamp without time zone)"}]}]}]}, "Unique SQL Id": 177413717}, "explain_analyze_plan": {"Plan": {"Node Type": "Sort", "Startup Cost": 6389801.46, "Total Cost": 6389801.47, "Plan Rows": 6, "Plan Width": 172, "Actual Startup Time": 159302.231, "Actual Total Time": 159302.232, "Actual Rows": 4, "Actual Loops": 1, "Sort Key": ["l_returnflag", "l_linestatus"], "Sort Method": "quicksort", "Sort Space Used": 25, "Sort Space Type": "Memory", "Plans": [{"Node Type": "Aggregate", "Strategy": "Hashed", "Parent Relationship": "Outer", "Startup Cost": 6389801.27, "Total Cost": 6389801.38, "Plan Rows": 6, "Plan Width": 172, "Actual Startup Time": 159302.121, "Actual Total Time": 159302.125, "Actual Rows": 4, "Actual Loops": 1, "Group By Key": ["l_returnflag", "l_linestatus"], "Plans": [{"Node Type": "Bitmap Heap Scan", "Parent Relationship": "Outer", "Relation Name": "lineitem", "Alias": "lineitem", "Startup Cost": 1889239.74, "Total Cost": 4039083.91, "Plan Rows": 58767934, "Plan Width": 36, "Actual Startup Time": 27630.539, "Actual Total Time": 56618.821, "Actual Rows": 58773499, "Actual Loops": 1, "Recheck Cond": "(l_shipdate <= '1998-08-15 00:00:00'::timestamp without time zone), (LLVM Optimized, Jit Execute)", "Rows Removed by Index Recheck": 0, "Exact Heap Blocks": 1415245, "Lossy Heap Blocks": 1415245, "Plans": [{"Node Type": "Bitmap Index Scan", "Parent Relationship": "Outer", "Index Name": "idx_lineitem_shipdate", "Startup Cost": 0.0, "Total Cost": 1874547.75, "Plan Rows": 58767934, "Plan Width": 0, "Actual Startup Time": 26819.752, "Actual Total Time": 26819.752, "Actual Rows": 58773499, "Actual Loops": 1, "Index Cond": "(l_shipdate <= '1998-08-15 00:00:00'::timestamp without time zone)"}]}]}]}, "Triggers": [], "Planner Runtime": 0.41, "Total Runtime": 159315.57, "Unique SQL Id": 177413717}}, "(64, 2)": {"explain_plan": {"Plan": {"Node Type": "Sort", "Startup Cost": 4515800.46, "Total Cost": 4515800.47, "Plan Rows": 6, "Plan Width": 172, "Sort Key": ["l_returnflag", "l_linestatus"], "Plans": [{"Node Type": "Aggregate", "Strategy": "Hashed", "Parent Relationship": "Outer", "Startup Cost": 4515800.27, "Total Cost": 4515800.38, "Plan Rows": 6, "Plan Width": 172, "Group By Key": ["l_returnflag", "l_linestatus"], "Plans": [{"Node Type": "Seq Scan", "Parent Relationship": "Outer", "Relation Name": "lineitem", "Alias": "lineitem", "Startup Cost": 3.1, "Total Cost": 2165082.91, "Plan Rows": 58767934, "Plan Width": 36, "Filter": "(l_shipdate <= '1998-08-15 00:00:00'::timestamp without time zone), (LLVM Optimized)"}]}]}, "Unique SQL Id": 177413717}, "explain_analyze_plan": {"Plan": {"Node Type": "Sort", "Startup Cost": 4515800.46, "Total Cost": 4515800.47, "Plan Rows": 6, "Plan Width": 172, "Actual Startup Time": 131002.125, "Actual Total Time": 131002.126, "Actual Rows": 4, "Actual Loops": 1, "Sort Key": ["l_returnflag", "l_linestatus"], "Sort Method": "quicksort", "Sort Space Used": 25, "Sort Space Type": "Memory", "Plans": [{"Node Type": "Aggregate", "Strategy": "Hashed", "Parent Relationship": "Outer", "Startup Cost": 4515800.27, "Total Cost": 4515800.38, "Plan Rows": 6, "Plan Width": 172, "Actual Startup Time": 131002.051, "Actual Total Time": 131002.054, "Actual Rows": 4, "Actual Loops": 1, "Group By Key": ["l_returnflag", "l_linestatus"], "Plans": [{"Node Type": "Seq Scan", "Parent Relationship": "Outer", "Relation Name": "lineitem", "Alias": "lineitem", "Startup Cost": 3.1, "Total Cost": 2165082.91, "Plan Rows": 58767934, "Plan Width": 36, "Actual Startup Time": 0.023, "Actual Total Time": 27273.426, "Actual Rows": 58773499, "Actual Loops": 1, "Filter": "(l_shipdate <= '1998-08-15 00:00:00'::timestamp without time zone), (LLVM Optimized, Jit Execute)", "Rows Removed by Filter": 1212553}]}]}, "Triggers": [], "Planner Runtime": 0.395, "Total Runtime": 131013.594, "Unique SQL Id": 177413717}}, "(64, 3)": {"explain_plan": {"Plan": {"Node Type": "Sort", "Startup Cost": 6389801.46, "Total Cost": 6389801.47, "Plan Rows": 6, "Plan Width": 172, "Sort Key": ["l_returnflag", "l_linestatus"], "Plans": [{"Node Type": "Aggregate", "Strategy": "Hashed", "Parent Relationship": "Outer", "Startup Cost": 6389801.27, "Total Cost": 6389801.38, "Plan Rows": 6, "Plan Width": 172, "Group By Key": ["l_returnflag", "l_linestatus"], "Plans": [{"Node Type": "Bitmap Heap Scan", "Parent Relationship": "Outer", "Relation Name": "lineitem", "Alias": "lineitem", "Startup Cost": 1889239.74, "Total Cost": 4039083.91, "Plan Rows": 58767934, "Plan Width": 36, "Recheck Cond": "(l_shipdate <= '1998-08-15 00:00:00'::timestamp without time zone), (LLVM Optimized)", "Plans": [{"Node Type": "Bitmap Index Scan", "Parent Relationship": "Outer", "Index Name": "idx_lineitem_shipdate", "Startup Cost": 0.0, "Total Cost": 1874547.75, "Plan Rows": 58767934, "Plan Width": 0, "Index Cond": "(l_shipdate <= '1998-08-15 00:00:00'::timestamp without time zone)"}]}]}]}, "Unique SQL Id": 177413717}, "explain_analyze_plan": {"Plan": {"Node Type": "Sort", "Startup Cost": 6389801.46, "Total Cost": 6389801.47, "Plan Rows": 6, "Plan Width": 172, "Actual Startup Time": 159302.231, "Actual Total Time": 159302.232, "Actual Rows": 4, "Actual Loops": 1, "Sort Key": ["l_returnflag", "l_linestatus"], "Sort Method": "quicksort", "Sort Space Used": 25, "Sort Space Type": "Memory", "Plans": [{"Node Type": "Aggregate", "Strategy": "Hashed", "Parent Relationship": "Outer", "Startup Cost": 6389801.27, "Total Cost": 6389801.38, "Plan Rows": 6, "Plan Width": 172, "Actual Startup Time": 159302.121, "Actual Total Time": 159302.125, "Actual Rows": 4, "Actual Loops": 1, "Group By Key": ["l_returnflag", "l_linestatus"], "Plans": [{"Node Type": "Bitmap Heap Scan", "Parent Relationship": "Outer", "Relation Name": "lineitem", "Alias": "lineitem", "Startup Cost": 1889239.74, "Total Cost": 4039083.91, "Plan Rows": 58767934, "Plan Width": 36, "Actual Startup Time": 27630.539, "Actual Total Time": 56618.821, "Actual Rows": 58773499, "Actual Loops": 1, "Recheck Cond": "(l_shipdate <= '1998-08-15 00:00:00'::timestamp without time zone), (LLVM Optimized, Jit Execute)", "Rows Removed by Index Recheck": 0, "Exact Heap Blocks": 1415245, "Lossy Heap Blocks": 1415245, "Plans": [{"Node Type": "Bitmap Index Scan", "Parent Relationship": "Outer", "Index Name": "idx_lineitem_shipdate", "Startup Cost": 0.0, "Total Cost": 1874547.75, "Plan Rows": 58767934, "Plan Width": 0, "Actual Startup Time": 26819.752, "Actual Total Time": 26819.752, "Actual Rows": 58773499, "Actual Loops": 1, "Index Cond": "(l_shipdate <= '1998-08-15 00:00:00'::timestamp without time zone)"}]}]}]}, "Triggers": [], "Planner Runtime": 0.41, "Total Runtime": 159315.57, "Unique SQL Id": 177413717}}, "(64, 4)": {"explain_plan": {"Plan": {"Node Type": "Sort", "Startup Cost": 4515800.46, "Total Cost": 4515800.47, "Plan Rows": 6, "Plan Width": 172, "Sort Key": ["l_returnflag", "l_linestatus"], "Plans": [{"Node Type": "Aggregate", "Strategy": "Hashed", "Parent Relationship": "Outer", "Startup Cost": 4515800.27, "Total Cost": 4515800.38, "Plan Rows": 6, "Plan Width": 172, "Group By Key": ["l_returnflag", "l_linestatus"], "Plans": [{"Node Type": "Seq Scan", "Parent Relationship": "Outer", "Relation Name": "lineitem", "Alias": "lineitem", "Startup Cost": 3.1, "Total Cost": 2165082.91, "Plan Rows": 58767934, "Plan Width": 36, "Filter": "(l_shipdate <= '1998-08-15 00:00:00'::timestamp without time zone), (LLVM Optimized)"}]}]}, "Unique SQL Id": 177413717}, "explain_analyze_plan": {"Plan": {"Node Type": "Sort", "Startup Cost": 4515800.46, "Total Cost": 4515800.47, "Plan Rows": 6, "Plan Width": 172, "Actual Startup Time": 131002.125, "Actual Total Time": 131002.126, "Actual Rows": 4, "Actual Loops": 1, "Sort Key": ["l_returnflag", "l_linestatus"], "Sort Method": "quicksort", "Sort Space Used": 25, "Sort Space Type": "Memory", "Plans": [{"Node Type": "Aggregate", "Strategy": "Hashed", "Parent Relationship": "Outer", "Startup Cost": 4515800.27, "Total Cost": 4515800.38, "Plan Rows": 6, "Plan Width": 172, "Actual Startup Time": 131002.051, "Actual Total Time": 131002.054, "Actual Rows": 4, "Actual Loops": 1, "Group By Key": ["l_returnflag", "l_linestatus"], "Plans": [{"Node Type": "Seq Scan", "Parent Relationship": "Outer", "Relation Name": "lineitem", "Alias": "lineitem", "Startup Cost": 3.1, "Total Cost": 2165082.91, "Plan Rows": 58767934, "Plan Width": 36, "Actual Startup Time": 0.023, "Actual Total Time": 27273.426, "Actual Rows": 58773499, "Actual Loops": 1, "Filter": "(l_shipdate <= '1998-08-15 00:00:00'::timestamp without time zone), (LLVM Optimized, Jit Execute)", "Rows Removed by Filter": 1212553}]}]}, "Triggers": [], "Planner Runtime": 0.395, "Total Runtime": 131013.594, "Unique SQL Id": 177413717}}, "(64, 5)": {"explain_plan": {"Plan": {"Node Type": "Sort", "Startup Cost": 6389801.46, "Total Cost": 6389801.47, "Plan Rows": 6, "Plan Width": 172, "Sort Key": ["l_returnflag", "l_linestatus"], "Plans": [{"Node Type": "Aggregate", "Strategy": "Hashed", "Parent Relationship": "Outer", "Startup Cost": 6389801.27, "Total Cost": 6389801.38, "Plan Rows": 6, "Plan Width": 172, "Group By Key": ["l_returnflag", "l_linestatus"], "Plans": [{"Node Type": "Bitmap Heap Scan", "Parent Relationship": "Outer", "Relation Name": "lineitem", "Alias": "lineitem", "Startup Cost": 1889239.74, "Total Cost": 4039083.91, "Plan Rows": 58767934, "Plan Width": 36, "Recheck Cond": "(l_shipdate <= '1998-08-15 00:00:00'::timestamp without time zone), (LLVM Optimized)", "Plans": [{"Node Type": "Bitmap Index Scan", "Parent Relationship": "Outer", "Index Name": "idx_lineitem_shipdate", "Startup Cost": 0.0, "Total Cost": 1874547.75, "Plan Rows": 58767934, "Plan Width": 0, "Index Cond": "(l_shipdate <= '1998-08-15 00:00:00'::timestamp without time zone)"}]}]}]}, "Unique SQL Id": 177413717}, "explain_analyze_plan": {"Plan": {"Node Type": "Sort", "Startup Cost": 6389801.46, "Total Cost": 6389801.47, "Plan Rows": 6, "Plan Width": 172, "Actual Startup Time": 159302.231, "Actual Total Time": 159302.232, "Actual Rows": 4, "Actual Loops": 1, "Sort Key": ["l_returnflag", "l_linestatus"], "Sort Method": "quicksort", "Sort Space Used": 25, "Sort Space Type": "Memory", "Plans": [{"Node Type": "Aggregate", "Strategy": "Hashed", "Parent Relationship": "Outer", "Startup Cost": 6389801.27, "Total Cost": 6389801.38, "Plan Rows": 6, "Plan Width": 172, "Actual Startup Time": 159302.121, "Actual Total Time": 159302.125, "Actual Rows": 4, "Actual Loops": 1, "Group By Key": ["l_returnflag", "l_linestatus"], "Plans": [{"Node Type": "Bitmap Heap Scan", "Parent Relationship": "Outer", "Relation Name": "lineitem", "Alias": "lineitem", "Startup Cost": 1889239.74, "Total Cost": 4039083.91, "Plan Rows": 58767934, "Plan Width": 36, "Actual Startup Time": 27630.539, "Actual Total Time": 56618.821, "Actual Rows": 58773499, "Actual Loops": 1, "Recheck Cond": "(l_shipdate <= '1998-08-15 00:00:00'::timestamp without time zone), (LLVM Optimized, Jit Execute)", "Rows Removed by Index Recheck": 0, "Exact Heap Blocks": 1415245, "Lossy Heap Blocks": 1415245, "Plans": [{"Node Type": "Bitmap Index Scan", "Parent Relationship": "Outer", "Index Name": "idx_lineitem_shipdate", "Startup Cost": 0.0, "Total Cost": 1874547.75, "Plan Rows": 58767934, "Plan Width": 0, "Actual Startup Time": 26819.752, "Actual Total Time": 26819.752, "Actual Rows": 58773499, "Actual Loops": 1, "Index Cond": "(l_shipdate <= '1998-08-15 00:00:00'::timestamp without time zone)"}]}]}]}, "Triggers": [], "Planner Runtime": 0.41, "Total Runtime": 159315.57, "Unique SQL Id": 177413717}}, "(64, 6)": {"explain_plan": {"Plan": {"Node Type": "Sort", "Startup Cost": 4515800.46, "Total Cost": 4515800.47, "Plan Rows": 6, "Plan Width": 172, "Sort Key": ["l_returnflag", "l_linestatus"], "Plans": [{"Node Type": "Aggregate", "Strategy": "Hashed", "Parent Relationship": "Outer", "Startup Cost": 4515800.27, "Total Cost": 4515800.38, "Plan Rows": 6, "Plan Width": 172, "Group By Key": ["l_returnflag", "l_linestatus"], "Plans": [{"Node Type": "Seq Scan", "Parent Relationship": "Outer", "Relation Name": "lineitem", "Alias": "lineitem", "Startup Cost": 3.1, "Total Cost": 2165082.91, "Plan Rows": 58767934, "Plan Width": 36, "Filter": "(l_shipdate <= '1998-08-15 00:00:00'::timestamp without time zone), (LLVM Optimized)"}]}]}, "Unique SQL Id": 177413717}, "explain_analyze_plan": {"Plan": {"Node Type": "Sort", "Startup Cost": 4515800.46, "Total Cost": 4515800.47, "Plan Rows": 6, "Plan Width": 172, "Actual Startup Time": 131002.125, "Actual Total Time": 131002.126, "Actual Rows": 4, "Actual Loops": 1, "Sort Key": ["l_returnflag", "l_linestatus"], "Sort Method": "quicksort", "Sort Space Used": 25, "Sort Space Type": "Memory", "Plans": [{"Node Type": "Aggregate", "Strategy": "Hashed", "Parent Relationship": "Outer", "Startup Cost": 4515800.27, "Total Cost": 4515800.38, "Plan Rows": 6, "Plan Width": 172, "Actual Startup Time": 131002.051, "Actual Total Time": 131002.054, "Actual Rows": 4, "Actual Loops": 1, "Group By Key": ["l_returnflag", "l_linestatus"], "Plans": [{"Node Type": "Seq Scan", "Parent Relationship": "Outer", "Relation Name": "lineitem", "Alias": "lineitem", "Startup Cost": 3.1, "Total Cost": 2165082.91, "Plan Rows": 58767934, "Plan Width": 36, "Actual Startup Time": 0.023, "Actual Total Time": 27273.426, "Actual Rows": 58773499, "Actual Loops": 1, "Filter": "(l_shipdate <= '1998-08-15 00:00:00'::timestamp without time zone), (LLVM Optimized, Jit Execute)", "Rows Removed by Filter": 1212553}]}]}, "Triggers": [], "Planner Runtime": 0.395, "Total Runtime": 131013.594, "Unique SQL Id": 177413717}}, "(64, 7)": {"explain_plan": {"Plan": {"Node Type": "Sort", "Startup Cost": 6389801.46, "Total Cost": 6389801.47, "Plan Rows": 6, "Plan Width": 172, "Sort Key": ["l_returnflag", "l_linestatus"], "Plans": [{"Node Type": "Aggregate", "Strategy": "Hashed", "Parent Relationship": "Outer", "Startup Cost": 6389801.27, "Total Cost": 6389801.38, "Plan Rows": 6, "Plan Width": 172, "Group By Key": ["l_returnflag", "l_linestatus"], "Plans": [{"Node Type": "Bitmap Heap Scan", "Parent Relationship": "Outer", "Relation Name": "lineitem", "Alias": "lineitem", "Startup Cost": 1889239.74, "Total Cost": 4039083.91, "Plan Rows": 58767934, "Plan Width": 36, "Recheck Cond": "(l_shipdate <= '1998-08-15 00:00:00'::timestamp without time zone), (LLVM Optimized)", "Plans": [{"Node Type": "Bitmap Index Scan", "Parent Relationship": "Outer", "Index Name": "idx_lineitem_shipdate", "Startup Cost": 0.0, "Total Cost": 1874547.75, "Plan Rows": 58767934, "Plan Width": 0, "Index Cond": "(l_shipdate <= '1998-08-15 00:00:00'::timestamp without time zone)"}]}]}]}, "Unique SQL Id": 177413717}, "explain_analyze_plan": {"Plan": {"Node Type": "Sort", "Startup Cost": 6389801.46, "Total Cost": 6389801.47, "Plan Rows": 6, "Plan Width": 172, "Actual Startup Time": 159302.231, "Actual Total Time": 159302.232, "Actual Rows": 4, "Actual Loops": 1, "Sort Key": ["l_returnflag", "l_linestatus"], "Sort Method": "quicksort", "Sort Space Used": 25, "Sort Space Type": "Memory", "Plans": [{"Node Type": "Aggregate", "Strategy": "Hashed", "Parent Relationship": "Outer", "Startup Cost": 6389801.27, "Total Cost": 6389801.38, "Plan Rows": 6, "Plan Width": 172, "Actual Startup Time": 159302.121, "Actual Total Time": 159302.125, "Actual Rows": 4, "Actual Loops": 1, "Group By Key": ["l_returnflag", "l_linestatus"], "Plans": [{"Node Type": "Bitmap Heap Scan", "Parent Relationship": "Outer", "Relation Name": "lineitem", "Alias": "lineitem", "Startup Cost": 1889239.74, "Total Cost": 4039083.91, "Plan Rows": 58767934, "Plan Width": 36, "Actual Startup Time": 27630.539, "Actual Total Time": 56618.821, "Actual Rows": 58773499, "Actual Loops": 1, "Recheck Cond": "(l_shipdate <= '1998-08-15 00:00:00'::timestamp without time zone), (LLVM Optimized, Jit Execute)", "Rows Removed by Index Recheck": 0, "Exact Heap Blocks": 1415245, "Lossy Heap Blocks": 1415245, "Plans": [{"Node Type": "Bitmap Index Scan", "Parent Relationship": "Outer", "Index Name": "idx_lineitem_shipdate", "Startup Cost": 0.0, "Total Cost": 1874547.75, "Plan Rows": 58767934, "Plan Width": 0, "Actual Startup Time": 26819.752, "Actual Total Time": 26819.752, "Actual Rows": 58773499, "Actual Loops": 1, "Index Cond": "(l_shipdate <= '1998-08-15 00:00:00'::timestamp without time zone)"}]}]}]}, "Triggers": [], "Planner Runtime": 0.41, "Total Runtime": 159315.57, "Unique SQL Id": 177413717}}, "(64, 8)": {"explain_plan": {"Plan": {"Node Type": "Sort", "Startup Cost": 4515800.46, "Total Cost": 4515800.47, "Plan Rows": 6, "Plan Width": 172, "Sort Key": ["l_returnflag", "l_linestatus"], "Plans": [{"Node Type": "Aggregate", "Strategy": "Hashed", "Parent Relationship": "Outer", "Startup Cost": 4515800.27, "Total Cost": 4515800.38, "Plan Rows": 6, "Plan Width": 172, "Group By Key": ["l_returnflag", "l_linestatus"], "Plans": [{"Node Type": "Seq Scan", "Parent Relationship": "Outer", "Relation Name": "lineitem", "Alias": "lineitem", "Startup Cost": 3.1, "Total Cost": 2165082.91, "Plan Rows": 58767934, "Plan Width": 36, "Filter": "(l_shipdate <= '1998-08-15 00:00:00'::timestamp without time zone), (LLVM Optimized)"}]}]}, "Unique SQL Id": 177413717}, "explain_analyze_plan": {"Plan": {"Node Type": "Sort", "Startup Cost": 4515800.46, "Total Cost": 4515800.47, "Plan Rows": 6, "Plan Width": 172, "Actual Startup Time": 131002.125, "Actual Total Time": 131002.126, "Actual Rows": 4, "Actual Loops": 1, "Sort Key": ["l_returnflag", "l_linestatus"], "Sort Method": "quicksort", "Sort Space Used": 25, "Sort Space Type": "Memory", "Plans": [{"Node Type": "Aggregate", "Strategy": "Hashed", "Parent Relationship": "Outer", "Startup Cost": 4515800.27, "Total Cost": 4515800.38, "Plan Rows": 6, "Plan Width": 172, "Actual Startup Time": 131002.051, "Actual Total Time": 131002.054, "Actual Rows": 4, "Actual Loops": 1, "Group By Key": ["l_returnflag", "l_linestatus"], "Plans": [{"Node Type": "Seq Scan", "Parent Relationship": "Outer", "Relation Name": "lineitem", "Alias": "lineitem", "Startup Cost": 3.1, "Total Cost": 2165082.91, "Plan Rows": 58767934, "Plan Width": 36, "Actual Startup Time": 0.023, "Actual Total Time": 27273.426, "Actual Rows": 58773499, "Actual Loops": 1, "Filter": "(l_shipdate <= '1998-08-15 00:00:00'::timestamp without time zone), (LLVM Optimized, Jit Execute)", "Rows Removed by Filter": 1212553}]}]}, "Triggers": [], "Planner Runtime": 0.395, "Total Runtime": 131013.594, "Unique SQL Id": 177413717}}, "(64, 9)": {"explain_plan": {"Plan": {"Node Type": "Sort", "Startup Cost": 10473924.63, "Total Cost": 10473924.64, "Plan Rows": 6, "Plan Width": 172, "Sort Key": ["l_returnflag", "l_linestatus"], "Plans": [{"Node Type": "Aggregate", "Strategy": "Hashed", "Parent Relationship": "Outer", "Startup Cost": 10473924.44, "Total Cost": 10473924.55, "Plan Rows": 6, "Plan Width": 172, "Group By Key": ["l_returnflag", "l_linestatus"], "Plans": [{"Node Type": "Index Scan", "Parent Relationship": "Outer", "Scan Direction": "Forward", "Index Name": "idx_lineitem_shipdate", "Relation Name": "lineitem", "Alias": "lineitem", "Startup Cost": 0.0, "Total Cost": 8123207.08, "Plan Rows": 58767934, "Plan Width": 36, "Index Cond": "(l_shipdate <= '1998-08-15 00:00:00'::timestamp without time zone), (LLVM Optimized)"}]}]}, "Unique SQL Id": 177413717}, "explain_analyze_plan": {"Plan": {"Node Type": "Sort", "Startup Cost": 10473924.63, "Total Cost": 10473924.64, "Plan Rows": 6, "Plan Width": 172, "Actual Startup Time": 268290.538, "Actual Total Time": 268290.539, "Actual Rows": 4, "Actual Loops": 1, "Sort Key": ["l_returnflag", "l_linestatus"], "Sort Method": "quicksort", "Sort Space Used": 25, "Sort Space Type": "Memory", "Plans": [{"Node Type": "Aggregate", "Strategy": "Hashed", "Parent Relationship": "Outer", "Startup Cost": 10473924.44, "Total Cost": 10473924.55, "Plan Rows": 6, "Plan Width": 172, "Actual Startup Time": 268290.3, "Actual Total Time": 268290.319, "Actual Rows": 4, "Actual Loops": 1, "Group By Key": ["l_returnflag", "l_linestatus"], "Plans": [{"Node Type": "Index Scan", "Parent Relationship": "Outer", "Scan Direction": "Forward", "Index Name": "idx_lineitem_shipdate", "Relation Name": "lineitem", "Alias": "lineitem", "Startup Cost": 0.0, "Total Cost": 8123207.08, "Plan Rows": 58767934, "Plan Width": 36, "Actual Startup Time": 0.059, "Actual Total Time": 154990.063, "Actual Rows": 58773499, "Actual Loops": 1, "Index Cond": "(l_shipdate <= '1998-08-15 00:00:00'::timestamp without time zone), (LLVM Optimized, Jit Execute)", "Rows Removed by Index Recheck": 0}]}]}, "Triggers": [], "Planner Runtime": 0.39, "Total Runtime": 268302.787, "Unique SQL Id": 177413717}}, "(64, 10)": {"explain_plan": {"Plan": {"Node Type": "Sort", "Startup Cost": 4515800.46, "Total Cost": 4515800.47, "Plan Rows": 6, "Plan Width": 172, "Sort Key": ["l_returnflag", "l_linestatus"], "Plans": [{"Node Type": "Aggregate", "Strategy": "Hashed", "Parent Relationship": "Outer", "Startup Cost": 4515800.27, "Total Cost": 4515800.38, "Plan Rows": 6, "Plan Width": 172, "Group By Key": ["l_returnflag", "l_linestatus"], "Plans": [{"Node Type": "Seq Scan", "Parent Relationship": "Outer", "Relation Name": "lineitem", "Alias": "lineitem", "Startup Cost": 3.1, "Total Cost": 2165082.91, "Plan Rows": 58767934, "Plan Width": 36, "Filter": "(l_shipdate <= '1998-08-15 00:00:00'::timestamp without time zone), (LLVM Optimized)"}]}]}, "Unique SQL Id": 177413717}, "explain_analyze_plan": {"Plan": {"Node Type": "Sort", "Startup Cost": 4515800.46, "Total Cost": 4515800.47, "Plan Rows": 6, "Plan Width": 172, "Actual Startup Time": 131002.125, "Actual Total Time": 131002.126, "Actual Rows": 4, "Actual Loops": 1, "Sort Key": ["l_returnflag", "l_linestatus"], "Sort Method": "quicksort", "Sort Space Used": 25, "Sort Space Type": "Memory", "Plans": [{"Node Type": "Aggregate", "Strategy": "Hashed", "Parent Relationship": "Outer", "Startup Cost": 4515800.27, "Total Cost": 4515800.38, "Plan Rows": 6, "Plan Width": 172, "Actual Startup Time": 131002.051, "Actual Total Time": 131002.054, "Actual Rows": 4, "Actual Loops": 1, "Group By Key": ["l_returnflag", "l_linestatus"], "Plans": [{"Node Type": "Seq Scan", "Parent Relationship": "Outer", "Relation Name": "lineitem", "Alias": "lineitem", "Startup Cost": 3.1, "Total Cost": 2165082.91, "Plan Rows": 58767934, "Plan Width": 36, "Actual Startup Time": 0.023, "Actual Total Time": 27273.426, "Actual Rows": 58773499, "Actual Loops": 1, "Filter": "(l_shipdate <= '1998-08-15 00:00:00'::timestamp without time zone), (LLVM Optimized, Jit Execute)", "Rows Removed by Filter": 1212553}]}]}, "Triggers": [], "Planner Runtime": 0.395, "Total Runtime": 131013.594, "Unique SQL Id": 177413717}}, "(64, 11)": {"explain_plan": {"Plan": {"Node Type": "Sort", "Startup Cost": 1000218859008.79, "Total Cost": 1000218859008.81, "Plan Rows": 6, "Plan Width": 172, "Sort Key": ["l_returnflag", "l_linestatus"], "Plans": [{"Node Type": "Aggregate", "Strategy": "Hashed", "Parent Relationship": "Outer", "Startup Cost": 1000218859008.61, "Total Cost": 1000218859008.72, "Plan Rows": 6, "Plan Width": 172, "Group By Key": ["l_returnflag", "l_linestatus"], "Plans": [{"Node Type": "Seq Scan", "Parent Relationship": "Outer", "Relation Name": "lineitem", "Alias": "lineitem", "Startup Cost": 10000000003.1, "Total Cost": 1000216508291.25, "Plan Rows": 58767934, "Plan Width": 36, "Filter": "(l_shipdate <= '1998-08-15 00:00:00'::timestamp without time zone), (LLVM Optimized)"}]}]}, "Unique SQL Id": 177413717}, "explain_analyze_plan": {"Plan": {"Node Type": "Sort", "Startup Cost": 1000218859008.79, "Total Cost": 1000218859008.81, "Plan Rows": 6, "Plan Width": 172, "Actual Startup Time": 131611.272, "Actual Total Time": 131611.273, "Actual Rows": 4, "Actual Loops": 1, "Sort Key": ["l_returnflag", "l_linestatus"], "Sort Method": "quicksort", "Sort Space Used": 25, "Sort Space Type": "Memory", "Plans": [{"Node Type": "Aggregate", "Strategy": "Hashed", "Parent Relationship": "Outer", "Startup Cost": 1000218859008.61, "Total Cost": 1000218859008.72, "Plan Rows": 6, "Plan Width": 172, "Actual Startup Time": 131611.063, "Actual Total Time": 131611.077, "Actual Rows": 4, "Actual Loops": 1, "Group By Key": ["l_returnflag", "l_linestatus"], "Plans": [{"Node Type": "Seq Scan", "Parent Relationship": "Outer", "Relation Name": "lineitem", "Alias": "lineitem", "Startup Cost": 10000000003.1, "Total Cost": 1000216508291.25, "Plan Rows": 58767934, "Plan Width": 36, "Actual Startup Time": 0.032, "Actual Total Time": 27406.475, "Actual Rows": 58773499, "Actual Loops": 1, "Filter": "(l_shipdate <= '1998-08-15 00:00:00'::timestamp without time zone), (LLVM Optimized, Jit Execute)", "Rows Removed by Filter": 1212553}]}]}, "Triggers": [], "Planner Runtime": 0.32, "Total Runtime": 131622.731, "Unique SQL Id": 177413717}}, "(64, 12)": {"explain_plan": {"Plan": {"Node Type": "Sort", "Startup Cost": 4515800.46, "Total Cost": 4515800.47, "Plan Rows": 6, "Plan Width": 172, "Sort Key": ["l_returnflag", "l_linestatus"], "Plans": [{"Node Type": "Aggregate", "Strategy": "Hashed", "Parent Relationship": "Outer", "Startup Cost": 4515800.27, "Total Cost": 4515800.38, "Plan Rows": 6, "Plan Width": 172, "Group By Key": ["l_returnflag", "l_linestatus"], "Plans": [{"Node Type": "Seq Scan", "Parent Relationship": "Outer", "Relation Name": "lineitem", "Alias": "lineitem", "Startup Cost": 3.1, "Total Cost": 2165082.91, "Plan Rows": 58767934, "Plan Width": 36, "Filter": "(l_shipdate <= '1998-08-15 00:00:00'::timestamp without time zone), (LLVM Optimized)"}]}]}, "Unique SQL Id": 177413717}, "explain_analyze_plan": {"Plan": {"Node Type": "Sort", "Startup Cost": 4515800.46, "Total Cost": 4515800.47, "Plan Rows": 6, "Plan Width": 172, "Actual Startup Time": 131002.125, "Actual Total Time": 131002.126, "Actual Rows": 4, "Actual Loops": 1, "Sort Key": ["l_returnflag", "l_linestatus"], "Sort Method": "quicksort", "Sort Space Used": 25, "Sort Space Type": "Memory", "Plans": [{"Node Type": "Aggregate", "Strategy": "Hashed", "Parent Relationship": "Outer", "Startup Cost": 4515800.27, "Total Cost": 4515800.38, "Plan Rows": 6, "Plan Width": 172, "Actual Startup Time": 131002.051, "Actual Total Time": 131002.054, "Actual Rows": 4, "Actual Loops": 1, "Group By Key": ["l_returnflag", "l_linestatus"], "Plans": [{"Node Type": "Seq Scan", "Parent Relationship": "Outer", "Relation Name": "lineitem", "Alias": "lineitem", "Startup Cost": 3.1, "Total Cost": 2165082.91, "Plan Rows": 58767934, "Plan Width": 36, "Actual Startup Time": 0.023, "Actual Total Time": 27273.426, "Actual Rows": 58773499, "Actual Loops": 1, "Filter": "(l_shipdate <= '1998-08-15 00:00:00'::timestamp without time zone), (LLVM Optimized, Jit Execute)", "Rows Removed by Filter": 1212553}]}]}, "Triggers": [], "Planner Runtime": 0.395, "Total Runtime": 131013.594, "Unique SQL Id": 177413717}}, "(64, 13)": {"explain_plan": {"Plan": {"Node Type": "Sort", "Startup Cost": 10473924.63, "Total Cost": 10473924.64, "Plan Rows": 6, "Plan Width": 172, "Sort Key": ["l_returnflag", "l_linestatus"], "Plans": [{"Node Type": "Aggregate", "Strategy": "Hashed", "Parent Relationship": "Outer", "Startup Cost": 10473924.44, "Total Cost": 10473924.55, "Plan Rows": 6, "Plan Width": 172, "Group By Key": ["l_returnflag", "l_linestatus"], "Plans": [{"Node Type": "Index Scan", "Parent Relationship": "Outer", "Scan Direction": "Forward", "Index Name": "idx_lineitem_shipdate", "Relation Name": "lineitem", "Alias": "lineitem", "Startup Cost": 0.0, "Total Cost": 8123207.08, "Plan Rows": 58767934, "Plan Width": 36, "Index Cond": "(l_shipdate <= '1998-08-15 00:00:00'::timestamp without time zone), (LLVM Optimized)"}]}]}, "Unique SQL Id": 177413717}, "explain_analyze_plan": {"Plan": {"Node Type": "Sort", "Startup Cost": 10473924.63, "Total Cost": 10473924.64, "Plan Rows": 6, "Plan Width": 172, "Actual Startup Time": 268290.538, "Actual Total Time": 268290.539, "Actual Rows": 4, "Actual Loops": 1, "Sort Key": ["l_returnflag", "l_linestatus"], "Sort Method": "quicksort", "Sort Space Used": 25, "Sort Space Type": "Memory", "Plans": [{"Node Type": "Aggregate", "Strategy": "Hashed", "Parent Relationship": "Outer", "Startup Cost": 10473924.44, "Total Cost": 10473924.55, "Plan Rows": 6, "Plan Width": 172, "Actual Startup Time": 268290.3, "Actual Total Time": 268290.319, "Actual Rows": 4, "Actual Loops": 1, "Group By Key": ["l_returnflag", "l_linestatus"], "Plans": [{"Node Type": "Index Scan", "Parent Relationship": "Outer", "Scan Direction": "Forward", "Index Name": "idx_lineitem_shipdate", "Relation Name": "lineitem", "Alias": "lineitem", "Startup Cost": 0.0, "Total Cost": 8123207.08, "Plan Rows": 58767934, "Plan Width": 36, "Actual Startup Time": 0.059, "Actual Total Time": 154990.063, "Actual Rows": 58773499, "Actual Loops": 1, "Index Cond": "(l_shipdate <= '1998-08-15 00:00:00'::timestamp without time zone), (LLVM Optimized, Jit Execute)", "Rows Removed by Index Recheck": 0}]}]}, "Triggers": [], "Planner Runtime": 0.39, "Total Runtime": 268302.787, "Unique SQL Id": 177413717}}, "(64, 14)": {"explain_plan": {"Plan": {"Node Type": "Sort", "Startup Cost": 4515800.46, "Total Cost": 4515800.47, "Plan Rows": 6, "Plan Width": 172, "Sort Key": ["l_returnflag", "l_linestatus"], "Plans": [{"Node Type": "Aggregate", "Strategy": "Hashed", "Parent Relationship": "Outer", "Startup Cost": 4515800.27, "Total Cost": 4515800.38, "Plan Rows": 6, "Plan Width": 172, "Group By Key": ["l_returnflag", "l_linestatus"], "Plans": [{"Node Type": "Seq Scan", "Parent Relationship": "Outer", "Relation Name": "lineitem", "Alias": "lineitem", "Startup Cost": 3.1, "Total Cost": 2165082.91, "Plan Rows": 58767934, "Plan Width": 36, "Filter": "(l_shipdate <= '1998-08-15 00:00:00'::timestamp without time zone), (LLVM Optimized)"}]}]}, "Unique SQL Id": 177413717}, "explain_analyze_plan": {"Plan": {"Node Type": "Sort", "Startup Cost": 4515800.46, "Total Cost": 4515800.47, "Plan Rows": 6, "Plan Width": 172, "Actual Startup Time": 131002.125, "Actual Total Time": 131002.126, "Actual Rows": 4, "Actual Loops": 1, "Sort Key": ["l_returnflag", "l_linestatus"], "Sort Method": "quicksort", "Sort Space Used": 25, "Sort Space Type": "Memory", "Plans": [{"Node Type": "Aggregate", "Strategy": "Hashed", "Parent Relationship": "Outer", "Startup Cost": 4515800.27, "Total Cost": 4515800.38, "Plan Rows": 6, "Plan Width": 172, "Actual Startup Time": 131002.051, "Actual Total Time": 131002.054, "Actual Rows": 4, "Actual Loops": 1, "Group By Key": ["l_returnflag", "l_linestatus"], "Plans": [{"Node Type": "Seq Scan", "Parent Relationship": "Outer", "Relation Name": "lineitem", "Alias": "lineitem", "Startup Cost": 3.1, "Total Cost": 2165082.91, "Plan Rows": 58767934, "Plan Width": 36, "Actual Startup Time": 0.023, "Actual Total Time": 27273.426, "Actual Rows": 58773499, "Actual Loops": 1, "Filter": "(l_shipdate <= '1998-08-15 00:00:00'::timestamp without time zone), (LLVM Optimized, Jit Execute)", "Rows Removed by Filter": 1212553}]}]}, "Triggers": [], "Planner Runtime": 0.395, "Total Runtime": 131013.594, "Unique SQL Id": 177413717}}, "(64, 15)": {"explain_plan": {"Plan": {"Node Type": "Sort", "Startup Cost": 1000218859008.79, "Total Cost": 1000218859008.81, "Plan Rows": 6, "Plan Width": 172, "Sort Key": ["l_returnflag", "l_linestatus"], "Plans": [{"Node Type": "Aggregate", "Strategy": "Hashed", "Parent Relationship": "Outer", "Startup Cost": 1000218859008.61, "Total Cost": 1000218859008.72, "Plan Rows": 6, "Plan Width": 172, "Group By Key": ["l_returnflag", "l_linestatus"], "Plans": [{"Node Type": "Seq Scan", "Parent Relationship": "Outer", "Relation Name": "lineitem", "Alias": "lineitem", "Startup Cost": 10000000003.1, "Total Cost": 1000216508291.25, "Plan Rows": 58767934, "Plan Width": 36, "Filter": "(l_shipdate <= '1998-08-15 00:00:00'::timestamp without time zone), (LLVM Optimized)"}]}]}, "Unique SQL Id": 177413717}, "explain_analyze_plan": {"Plan": {"Node Type": "Sort", "Startup Cost": 1000218859008.79, "Total Cost": 1000218859008.81, "Plan Rows": 6, "Plan Width": 172, "Actual Startup Time": 131611.272, "Actual Total Time": 131611.273, "Actual Rows": 4, "Actual Loops": 1, "Sort Key": ["l_returnflag", "l_linestatus"], "Sort Method": "quicksort", "Sort Space Used": 25, "Sort Space Type": "Memory", "Plans": [{"Node Type": "Aggregate", "Strategy": "Hashed", "Parent Relationship": "Outer", "Startup Cost": 1000218859008.61, "Total Cost": 1000218859008.72, "Plan Rows": 6, "Plan Width": 172, "Actual Startup Time": 131611.063, "Actual Total Time": 131611.077, "Actual Rows": 4, "Actual Loops": 1, "Group By Key": ["l_returnflag", "l_linestatus"], "Plans": [{"Node Type": "Seq Scan", "Parent Relationship": "Outer", "Relation Name": "lineitem", "Alias": "lineitem", "Startup Cost": 10000000003.1, "Total Cost": 1000216508291.25, "Plan Rows": 58767934, "Plan Width": 36, "Actual Startup Time": 0.032, "Actual Total Time": 27406.475, "Actual Rows": 58773499, "Actual Loops": 1, "Filter": "(l_shipdate <= '1998-08-15 00:00:00'::timestamp without time zone), (LLVM Optimized, Jit Execute)", "Rows Removed by Filter": 1212553}]}]}, "Triggers": [], "Planner Runtime": 0.32, "Total Runtime": 131622.731, "Unique SQL Id": 177413717}}, "(64, 16)": {"explain_plan": {"Plan": {"Node Type": "Sort", "Startup Cost": 4515800.46, "Total Cost": 4515800.47, "Plan Rows": 6, "Plan Width": 172, "Sort Key": ["l_returnflag", "l_linestatus"], "Plans": [{"Node Type": "Aggregate", "Strategy": "Hashed", "Parent Relationship": "Outer", "Startup Cost": 4515800.27, "Total Cost": 4515800.38, "Plan Rows": 6, "Plan Width": 172, "Group By Key": ["l_returnflag", "l_linestatus"], "Plans": [{"Node Type": "Seq Scan", "Parent Relationship": "Outer", "Relation Name": "lineitem", "Alias": "lineitem", "Startup Cost": 3.1, "Total Cost": 2165082.91, "Plan Rows": 58767934, "Plan Width": 36, "Filter": "(l_shipdate <= '1998-08-15 00:00:00'::timestamp without time zone), (LLVM Optimized)"}]}]}, "Unique SQL Id": 177413717}, "explain_analyze_plan": {"Plan": {"Node Type": "Sort", "Startup Cost": 4515800.46, "Total Cost": 4515800.47, "Plan Rows": 6, "Plan Width": 172, "Actual Startup Time": 131002.125, "Actual Total Time": 131002.126, "Actual Rows": 4, "Actual Loops": 1, "Sort Key": ["l_returnflag", "l_linestatus"], "Sort Method": "quicksort", "Sort Space Used": 25, "Sort Space Type": "Memory", "Plans": [{"Node Type": "Aggregate", "Strategy": "Hashed", "Parent Relationship": "Outer", "Startup Cost": 4515800.27, "Total Cost": 4515800.38, "Plan Rows": 6, "Plan Width": 172, "Actual Startup Time": 131002.051, "Actual Total Time": 131002.054, "Actual Rows": 4, "Actual Loops": 1, "Group By Key": ["l_returnflag", "l_linestatus"], "Plans": [{"Node Type": "Seq Scan", "Parent Relationship": "Outer", "Relation Name": "lineitem", "Alias": "lineitem", "Startup Cost": 3.1, "Total Cost": 2165082.91, "Plan Rows": 58767934, "Plan Width": 36, "Actual Startup Time": 0.023, "Actual Total Time": 27273.426, "Actual Rows": 58773499, "Actual Loops": 1, "Filter": "(l_shipdate <= '1998-08-15 00:00:00'::timestamp without time zone), (LLVM Optimized, Jit Execute)", "Rows Removed by Filter": 1212553}]}]}, "Triggers": [], "Planner Runtime": 0.395, "Total Runtime": 131013.594, "Unique SQL Id": 177413717}}, "(64, 17)": {"explain_plan": {"Plan": {"Node Type": "Sort", "Startup Cost": 6389801.46, "Total Cost": 6389801.47, "Plan Rows": 6, "Plan Width": 172, "Sort Key": ["l_returnflag", "l_linestatus"], "Plans": [{"Node Type": "Aggregate", "Strategy": "Hashed", "Parent Relationship": "Outer", "Startup Cost": 6389801.27, "Total Cost": 6389801.38, "Plan Rows": 6, "Plan Width": 172, "Group By Key": ["l_returnflag", "l_linestatus"], "Plans": [{"Node Type": "Bitmap Heap Scan", "Parent Relationship": "Outer", "Relation Name": "lineitem", "Alias": "lineitem", "Startup Cost": 1889239.74, "Total Cost": 4039083.91, "Plan Rows": 58767934, "Plan Width": 36, "Recheck Cond": "(l_shipdate <= '1998-08-15 00:00:00'::timestamp without time zone), (LLVM Optimized)", "Plans": [{"Node Type": "Bitmap Index Scan", "Parent Relationship": "Outer", "Index Name": "idx_lineitem_shipdate", "Startup Cost": 0.0, "Total Cost": 1874547.75, "Plan Rows": 58767934, "Plan Width": 0, "Index Cond": "(l_shipdate <= '1998-08-15 00:00:00'::timestamp without time zone)"}]}]}]}, "Unique SQL Id": 177413717}, "explain_analyze_plan": {"Plan": {"Node Type": "Sort", "Startup Cost": 6389801.46, "Total Cost": 6389801.47, "Plan Rows": 6, "Plan Width": 172, "Actual Startup Time": 159302.231, "Actual Total Time": 159302.232, "Actual Rows": 4, "Actual Loops": 1, "Sort Key": ["l_returnflag", "l_linestatus"], "Sort Method": "quicksort", "Sort Space Used": 25, "Sort Space Type": "Memory", "Plans": [{"Node Type": "Aggregate", "Strategy": "Hashed", "Parent Relationship": "Outer", "Startup Cost": 6389801.27, "Total Cost": 6389801.38, "Plan Rows": 6, "Plan Width": 172, "Actual Startup Time": 159302.121, "Actual Total Time": 159302.125, "Actual Rows": 4, "Actual Loops": 1, "Group By Key": ["l_returnflag", "l_linestatus"], "Plans": [{"Node Type": "Bitmap Heap Scan", "Parent Relationship": "Outer", "Relation Name": "lineitem", "Alias": "lineitem", "Startup Cost": 1889239.74, "Total Cost": 4039083.91, "Plan Rows": 58767934, "Plan Width": 36, "Actual Startup Time": 27630.539, "Actual Total Time": 56618.821, "Actual Rows": 58773499, "Actual Loops": 1, "Recheck Cond": "(l_shipdate <= '1998-08-15 00:00:00'::timestamp without time zone), (LLVM Optimized, Jit Execute)", "Rows Removed by Index Recheck": 0, "Exact Heap Blocks": 1415245, "Lossy Heap Blocks": 1415245, "Plans": [{"Node Type": "Bitmap Index Scan", "Parent Relationship": "Outer", "Index Name": "idx_lineitem_shipdate", "Startup Cost": 0.0, "Total Cost": 1874547.75, "Plan Rows": 58767934, "Plan Width": 0, "Actual Startup Time": 26819.752, "Actual Total Time": 26819.752, "Actual Rows": 58773499, "Actual Loops": 1, "Index Cond": "(l_shipdate <= '1998-08-15 00:00:00'::timestamp without time zone)"}]}]}]}, "Triggers": [], "Planner Runtime": 0.41, "Total Runtime": 159315.57, "Unique SQL Id": 177413717}}, "(64, 18)": {"explain_plan": {"Plan": {"Node Type": "Sort", "Startup Cost": 4515800.46, "Total Cost": 4515800.47, "Plan Rows": 6, "Plan Width": 172, "Sort Key": ["l_returnflag", "l_linestatus"], "Plans": [{"Node Type": "Aggregate", "Strategy": "Hashed", "Parent Relationship": "Outer", "Startup Cost": 4515800.27, "Total Cost": 4515800.38, "Plan Rows": 6, "Plan Width": 172, "Group By Key": ["l_returnflag", "l_linestatus"], "Plans": [{"Node Type": "Seq Scan", "Parent Relationship": "Outer", "Relation Name": "lineitem", "Alias": "lineitem", "Startup Cost": 3.1, "Total Cost": 2165082.91, "Plan Rows": 58767934, "Plan Width": 36, "Filter": "(l_shipdate <= '1998-08-15 00:00:00'::timestamp without time zone), (LLVM Optimized)"}]}]}, "Unique SQL Id": 177413717}, "explain_analyze_plan": {"Plan": {"Node Type": "Sort", "Startup Cost": 4515800.46, "Total Cost": 4515800.47, "Plan Rows": 6, "Plan Width": 172, "Actual Startup Time": 131002.125, "Actual Total Time": 131002.126, "Actual Rows": 4, "Actual Loops": 1, "Sort Key": ["l_returnflag", "l_linestatus"], "Sort Method": "quicksort", "Sort Space Used": 25, "Sort Space Type": "Memory", "Plans": [{"Node Type": "Aggregate", "Strategy": "Hashed", "Parent Relationship": "Outer", "Startup Cost": 4515800.27, "Total Cost": 4515800.38, "Plan Rows": 6, "Plan Width": 172, "Actual Startup Time": 131002.051, "Actual Total Time": 131002.054, "Actual Rows": 4, "Actual Loops": 1, "Group By Key": ["l_returnflag", "l_linestatus"], "Plans": [{"Node Type": "Seq Scan", "Parent Relationship": "Outer", "Relation Name": "lineitem", "Alias": "lineitem", "Startup Cost": 3.1, "Total Cost": 2165082.91, "Plan Rows": 58767934, "Plan Width": 36, "Actual Startup Time": 0.023, "Actual Total Time": 27273.426, "Actual Rows": 58773499, "Actual Loops": 1, "Filter": "(l_shipdate <= '1998-08-15 00:00:00'::timestamp without time zone), (LLVM Optimized, Jit Execute)", "Rows Removed by Filter": 1212553}]}]}, "Triggers": [], "Planner Runtime": 0.395, "Total Runtime": 131013.594, "Unique SQL Id": 177413717}}, "(64, 19)": {"explain_plan": {"Plan": {"Node Type": "Sort", "Startup Cost": 6389801.46, "Total Cost": 6389801.47, "Plan Rows": 6, "Plan Width": 172, "Sort Key": ["l_returnflag", "l_linestatus"], "Plans": [{"Node Type": "Aggregate", "Strategy": "Hashed", "Parent Relationship": "Outer", "Startup Cost": 6389801.27, "Total Cost": 6389801.38, "Plan Rows": 6, "Plan Width": 172, "Group By Key": ["l_returnflag", "l_linestatus"], "Plans": [{"Node Type": "Bitmap Heap Scan", "Parent Relationship": "Outer", "Relation Name": "lineitem", "Alias": "lineitem", "Startup Cost": 1889239.74, "Total Cost": 4039083.91, "Plan Rows": 58767934, "Plan Width": 36, "Recheck Cond": "(l_shipdate <= '1998-08-15 00:00:00'::timestamp without time zone), (LLVM Optimized)", "Plans": [{"Node Type": "Bitmap Index Scan", "Parent Relationship": "Outer", "Index Name": "idx_lineitem_shipdate", "Startup Cost": 0.0, "Total Cost": 1874547.75, "Plan Rows": 58767934, "Plan Width": 0, "Index Cond": "(l_shipdate <= '1998-08-15 00:00:00'::timestamp without time zone)"}]}]}]}, "Unique SQL Id": 177413717}, "explain_analyze_plan": {"Plan": {"Node Type": "Sort", "Startup Cost": 6389801.46, "Total Cost": 6389801.47, "Plan Rows": 6, "Plan Width": 172, "Actual Startup Time": 159302.231, "Actual Total Time": 159302.232, "Actual Rows": 4, "Actual Loops": 1, "Sort Key": ["l_returnflag", "l_linestatus"], "Sort Method": "quicksort", "Sort Space Used": 25, "Sort Space Type": "Memory", "Plans": [{"Node Type": "Aggregate", "Strategy": "Hashed", "Parent Relationship": "Outer", "Startup Cost": 6389801.27, "Total Cost": 6389801.38, "Plan Rows": 6, "Plan Width": 172, "Actual Startup Time": 159302.121, "Actual Total Time": 159302.125, "Actual Rows": 4, "Actual Loops": 1, "Group By Key": ["l_returnflag", "l_linestatus"], "Plans": [{"Node Type": "Bitmap Heap Scan", "Parent Relationship": "Outer", "Relation Name": "lineitem", "Alias": "lineitem", "Startup Cost": 1889239.74, "Total Cost": 4039083.91, "Plan Rows": 58767934, "Plan Width": 36, "Actual Startup Time": 27630.539, "Actual Total Time": 56618.821, "Actual Rows": 58773499, "Actual Loops": 1, "Recheck Cond": "(l_shipdate <= '1998-08-15 00:00:00'::timestamp without time zone), (LLVM Optimized, Jit Execute)", "Rows Removed by Index Recheck": 0, "Exact Heap Blocks": 1415245, "Lossy Heap Blocks": 1415245, "Plans": [{"Node Type": "Bitmap Index Scan", "Parent Relationship": "Outer", "Index Name": "idx_lineitem_shipdate", "Startup Cost": 0.0, "Total Cost": 1874547.75, "Plan Rows": 58767934, "Plan Width": 0, "Actual Startup Time": 26819.752, "Actual Total Time": 26819.752, "Actual Rows": 58773499, "Actual Loops": 1, "Index Cond": "(l_shipdate <= '1998-08-15 00:00:00'::timestamp without time zone)"}]}]}]}, "Triggers": [], "Planner Runtime": 0.41, "Total Runtime": 159315.57, "Unique SQL Id": 177413717}}, "(64, 20)": {"explain_plan": {"Plan": {"Node Type": "Sort", "Startup Cost": 4515800.46, "Total Cost": 4515800.47, "Plan Rows": 6, "Plan Width": 172, "Sort Key": ["l_returnflag", "l_linestatus"], "Plans": [{"Node Type": "Aggregate", "Strategy": "Hashed", "Parent Relationship": "Outer", "Startup Cost": 4515800.27, "Total Cost": 4515800.38, "Plan Rows": 6, "Plan Width": 172, "Group By Key": ["l_returnflag", "l_linestatus"], "Plans": [{"Node Type": "Seq Scan", "Parent Relationship": "Outer", "Relation Name": "lineitem", "Alias": "lineitem", "Startup Cost": 3.1, "Total Cost": 2165082.91, "Plan Rows": 58767934, "Plan Width": 36, "Filter": "(l_shipdate <= '1998-08-15 00:00:00'::timestamp without time zone), (LLVM Optimized)"}]}]}, "Unique SQL Id": 177413717}, "explain_analyze_plan": {"Plan": {"Node Type": "Sort", "Startup Cost": 4515800.46, "Total Cost": 4515800.47, "Plan Rows": 6, "Plan Width": 172, "Actual Startup Time": 131002.125, "Actual Total Time": 131002.126, "Actual Rows": 4, "Actual Loops": 1, "Sort Key": ["l_returnflag", "l_linestatus"], "Sort Method": "quicksort", "Sort Space Used": 25, "Sort Space Type": "Memory", "Plans": [{"Node Type": "Aggregate", "Strategy": "Hashed", "Parent Relationship": "Outer", "Startup Cost": 4515800.27, "Total Cost": 4515800.38, "Plan Rows": 6, "Plan Width": 172, "Actual Startup Time": 131002.051, "Actual Total Time": 131002.054, "Actual Rows": 4, "Actual Loops": 1, "Group By Key": ["l_returnflag", "l_linestatus"], "Plans": [{"Node Type": "Seq Scan", "Parent Relationship": "Outer", "Relation Name": "lineitem", "Alias": "lineitem", "Startup Cost": 3.1, "Total Cost": 2165082.91, "Plan Rows": 58767934, "Plan Width": 36, "Actual Startup Time": 0.023, "Actual Total Time": 27273.426, "Actual Rows": 58773499, "Actual Loops": 1, "Filter": "(l_shipdate <= '1998-08-15 00:00:00'::timestamp without time zone), (LLVM Optimized, Jit Execute)", "Rows Removed by Filter": 1212553}]}]}, "Triggers": [], "Planner Runtime": 0.395, "Total Runtime": 131013.594, "Unique SQL Id": 177413717}}, "(64, 21)": {"explain_plan": {"Plan": {"Node Type": "Sort", "Startup Cost": 6389801.46, "Total Cost": 6389801.47, "Plan Rows": 6, "Plan Width": 172, "Sort Key": ["l_returnflag", "l_linestatus"], "Plans": [{"Node Type": "Aggregate", "Strategy": "Hashed", "Parent Relationship": "Outer", "Startup Cost": 6389801.27, "Total Cost": 6389801.38, "Plan Rows": 6, "Plan Width": 172, "Group By Key": ["l_returnflag", "l_linestatus"], "Plans": [{"Node Type": "Bitmap Heap Scan", "Parent Relationship": "Outer", "Relation Name": "lineitem", "Alias": "lineitem", "Startup Cost": 1889239.74, "Total Cost": 4039083.91, "Plan Rows": 58767934, "Plan Width": 36, "Recheck Cond": "(l_shipdate <= '1998-08-15 00:00:00'::timestamp without time zone), (LLVM Optimized)", "Plans": [{"Node Type": "Bitmap Index Scan", "Parent Relationship": "Outer", "Index Name": "idx_lineitem_shipdate", "Startup Cost": 0.0, "Total Cost": 1874547.75, "Plan Rows": 58767934, "Plan Width": 0, "Index Cond": "(l_shipdate <= '1998-08-15 00:00:00'::timestamp without time zone)"}]}]}]}, "Unique SQL Id": 177413717}, "explain_analyze_plan": {"Plan": {"Node Type": "Sort", "Startup Cost": 6389801.46, "Total Cost": 6389801.47, "Plan Rows": 6, "Plan Width": 172, "Actual Startup Time": 159302.231, "Actual Total Time": 159302.232, "Actual Rows": 4, "Actual Loops": 1, "Sort Key": ["l_returnflag", "l_linestatus"], "Sort Method": "quicksort", "Sort Space Used": 25, "Sort Space Type": "Memory", "Plans": [{"Node Type": "Aggregate", "Strategy": "Hashed", "Parent Relationship": "Outer", "Startup Cost": 6389801.27, "Total Cost": 6389801.38, "Plan Rows": 6, "Plan Width": 172, "Actual Startup Time": 159302.121, "Actual Total Time": 159302.125, "Actual Rows": 4, "Actual Loops": 1, "Group By Key": ["l_returnflag", "l_linestatus"], "Plans": [{"Node Type": "Bitmap Heap Scan", "Parent Relationship": "Outer", "Relation Name": "lineitem", "Alias": "lineitem", "Startup Cost": 1889239.74, "Total Cost": 4039083.91, "Plan Rows": 58767934, "Plan Width": 36, "Actual Startup Time": 27630.539, "Actual Total Time": 56618.821, "Actual Rows": 58773499, "Actual Loops": 1, "Recheck Cond": "(l_shipdate <= '1998-08-15 00:00:00'::timestamp without time zone), (LLVM Optimized, Jit Execute)", "Rows Removed by Index Recheck": 0, "Exact Heap Blocks": 1415245, "Lossy Heap Blocks": 1415245, "Plans": [{"Node Type": "Bitmap Index Scan", "Parent Relationship": "Outer", "Index Name": "idx_lineitem_shipdate", "Startup Cost": 0.0, "Total Cost": 1874547.75, "Plan Rows": 58767934, "Plan Width": 0, "Actual Startup Time": 26819.752, "Actual Total Time": 26819.752, "Actual Rows": 58773499, "Actual Loops": 1, "Index Cond": "(l_shipdate <= '1998-08-15 00:00:00'::timestamp without time zone)"}]}]}]}, "Triggers": [], "Planner Runtime": 0.41, "Total Runtime": 159315.57, "Unique SQL Id": 177413717}}, "(64, 22)": {"explain_plan": {"Plan": {"Node Type": "Sort", "Startup Cost": 4515800.46, "Total Cost": 4515800.47, "Plan Rows": 6, "Plan Width": 172, "Sort Key": ["l_returnflag", "l_linestatus"], "Plans": [{"Node Type": "Aggregate", "Strategy": "Hashed", "Parent Relationship": "Outer", "Startup Cost": 4515800.27, "Total Cost": 4515800.38, "Plan Rows": 6, "Plan Width": 172, "Group By Key": ["l_returnflag", "l_linestatus"], "Plans": [{"Node Type": "Seq Scan", "Parent Relationship": "Outer", "Relation Name": "lineitem", "Alias": "lineitem", "Startup Cost": 3.1, "Total Cost": 2165082.91, "Plan Rows": 58767934, "Plan Width": 36, "Filter": "(l_shipdate <= '1998-08-15 00:00:00'::timestamp without time zone), (LLVM Optimized)"}]}]}, "Unique SQL Id": 177413717}, "explain_analyze_plan": {"Plan": {"Node Type": "Sort", "Startup Cost": 4515800.46, "Total Cost": 4515800.47, "Plan Rows": 6, "Plan Width": 172, "Actual Startup Time": 131002.125, "Actual Total Time": 131002.126, "Actual Rows": 4, "Actual Loops": 1, "Sort Key": ["l_returnflag", "l_linestatus"], "Sort Method": "quicksort", "Sort Space Used": 25, "Sort Space Type": "Memory", "Plans": [{"Node Type": "Aggregate", "Strategy": "Hashed", "Parent Relationship": "Outer", "Startup Cost": 4515800.27, "Total Cost": 4515800.38, "Plan Rows": 6, "Plan Width": 172, "Actual Startup Time": 131002.051, "Actual Total Time": 131002.054, "Actual Rows": 4, "Actual Loops": 1, "Group By Key": ["l_returnflag", "l_linestatus"], "Plans": [{"Node Type": "Seq Scan", "Parent Relationship": "Outer", "Relation Name": "lineitem", "Alias": "lineitem", "Startup Cost": 3.1, "Total Cost": 2165082.91, "Plan Rows": 58767934, "Plan Width": 36, "Actual Startup Time": 0.023, "Actual Total Time": 27273.426, "Actual Rows": 58773499, "Actual Loops": 1, "Filter": "(l_shipdate <= '1998-08-15 00:00:00'::timestamp without time zone), (LLVM Optimized, Jit Execute)", "Rows Removed by Filter": 1212553}]}]}, "Triggers": [], "Planner Runtime": 0.395, "Total Runtime": 131013.594, "Unique SQL Id": 177413717}}, "(64, 23)": {"explain_plan": {"Plan": {"Node Type": "Sort", "Startup Cost": 6389801.46, "Total Cost": 6389801.47, "Plan Rows": 6, "Plan Width": 172, "Sort Key": ["l_returnflag", "l_linestatus"], "Plans": [{"Node Type": "Aggregate", "Strategy": "Hashed", "Parent Relationship": "Outer", "Startup Cost": 6389801.27, "Total Cost": 6389801.38, "Plan Rows": 6, "Plan Width": 172, "Group By Key": ["l_returnflag", "l_linestatus"], "Plans": [{"Node Type": "Bitmap Heap Scan", "Parent Relationship": "Outer", "Relation Name": "lineitem", "Alias": "lineitem", "Startup Cost": 1889239.74, "Total Cost": 4039083.91, "Plan Rows": 58767934, "Plan Width": 36, "Recheck Cond": "(l_shipdate <= '1998-08-15 00:00:00'::timestamp without time zone), (LLVM Optimized)", "Plans": [{"Node Type": "Bitmap Index Scan", "Parent Relationship": "Outer", "Index Name": "idx_lineitem_shipdate", "Startup Cost": 0.0, "Total Cost": 1874547.75, "Plan Rows": 58767934, "Plan Width": 0, "Index Cond": "(l_shipdate <= '1998-08-15 00:00:00'::timestamp without time zone)"}]}]}]}, "Unique SQL Id": 177413717}, "explain_analyze_plan": {"Plan": {"Node Type": "Sort", "Startup Cost": 6389801.46, "Total Cost": 6389801.47, "Plan Rows": 6, "Plan Width": 172, "Actual Startup Time": 159302.231, "Actual Total Time": 159302.232, "Actual Rows": 4, "Actual Loops": 1, "Sort Key": ["l_returnflag", "l_linestatus"], "Sort Method": "quicksort", "Sort Space Used": 25, "Sort Space Type": "Memory", "Plans": [{"Node Type": "Aggregate", "Strategy": "Hashed", "Parent Relationship": "Outer", "Startup Cost": 6389801.27, "Total Cost": 6389801.38, "Plan Rows": 6, "Plan Width": 172, "Actual Startup Time": 159302.121, "Actual Total Time": 159302.125, "Actual Rows": 4, "Actual Loops": 1, "Group By Key": ["l_returnflag", "l_linestatus"], "Plans": [{"Node Type": "Bitmap Heap Scan", "Parent Relationship": "Outer", "Relation Name": "lineitem", "Alias": "lineitem", "Startup Cost": 1889239.74, "Total Cost": 4039083.91, "Plan Rows": 58767934, "Plan Width": 36, "Actual Startup Time": 27630.539, "Actual Total Time": 56618.821, "Actual Rows": 58773499, "Actual Loops": 1, "Recheck Cond": "(l_shipdate <= '1998-08-15 00:00:00'::timestamp without time zone), (LLVM Optimized, Jit Execute)", "Rows Removed by Index Recheck": 0, "Exact Heap Blocks": 1415245, "Lossy Heap Blocks": 1415245, "Plans": [{"Node Type": "Bitmap Index Scan", "Parent Relationship": "Outer", "Index Name": "idx_lineitem_shipdate", "Startup Cost": 0.0, "Total Cost": 1874547.75, "Plan Rows": 58767934, "Plan Width": 0, "Actual Startup Time": 26819.752, "Actual Total Time": 26819.752, "Actual Rows": 58773499, "Actual Loops": 1, "Index Cond": "(l_shipdate <= '1998-08-15 00:00:00'::timestamp without time zone)"}]}]}]}, "Triggers": [], "Planner Runtime": 0.41, "Total Runtime": 159315.57, "Unique SQL Id": 177413717}}, "(64, 24)": {"explain_plan": {"Plan": {"Node Type": "Sort", "Startup Cost": 4515800.46, "Total Cost": 4515800.47, "Plan Rows": 6, "Plan Width": 172, "Sort Key": ["l_returnflag", "l_linestatus"], "Plans": [{"Node Type": "Aggregate", "Strategy": "Hashed", "Parent Relationship": "Outer", "Startup Cost": 4515800.27, "Total Cost": 4515800.38, "Plan Rows": 6, "Plan Width": 172, "Group By Key": ["l_returnflag", "l_linestatus"], "Plans": [{"Node Type": "Seq Scan", "Parent Relationship": "Outer", "Relation Name": "lineitem", "Alias": "lineitem", "Startup Cost": 3.1, "Total Cost": 2165082.91, "Plan Rows": 58767934, "Plan Width": 36, "Filter": "(l_shipdate <= '1998-08-15 00:00:00'::timestamp without time zone), (LLVM Optimized)"}]}]}, "Unique SQL Id": 177413717}, "explain_analyze_plan": {"Plan": {"Node Type": "Sort", "Startup Cost": 4515800.46, "Total Cost": 4515800.47, "Plan Rows": 6, "Plan Width": 172, "Actual Startup Time": 131002.125, "Actual Total Time": 131002.126, "Actual Rows": 4, "Actual Loops": 1, "Sort Key": ["l_returnflag", "l_linestatus"], "Sort Method": "quicksort", "Sort Space Used": 25, "Sort Space Type": "Memory", "Plans": [{"Node Type": "Aggregate", "Strategy": "Hashed", "Parent Relationship": "Outer", "Startup Cost": 4515800.27, "Total Cost": 4515800.38, "Plan Rows": 6, "Plan Width": 172, "Actual Startup Time": 131002.051, "Actual Total Time": 131002.054, "Actual Rows": 4, "Actual Loops": 1, "Group By Key": ["l_returnflag", "l_linestatus"], "Plans": [{"Node Type": "Seq Scan", "Parent Relationship": "Outer", "Relation Name": "lineitem", "Alias": "lineitem", "Startup Cost": 3.1, "Total Cost": 2165082.91, "Plan Rows": 58767934, "Plan Width": 36, "Actual Startup Time": 0.023, "Actual Total Time": 27273.426, "Actual Rows": 58773499, "Actual Loops": 1, "Filter": "(l_shipdate <= '1998-08-15 00:00:00'::timestamp without time zone), (LLVM Optimized, Jit Execute)", "Rows Removed by Filter": 1212553}]}]}, "Triggers": [], "Planner Runtime": 0.395, "Total Runtime": 131013.594, "Unique SQL Id": 177413717}}, "(64, 25)": {"explain_plan": {"Plan": {"Node Type": "Sort", "Startup Cost": 10473924.63, "Total Cost": 10473924.64, "Plan Rows": 6, "Plan Width": 172, "Sort Key": ["l_returnflag", "l_linestatus"], "Plans": [{"Node Type": "Aggregate", "Strategy": "Hashed", "Parent Relationship": "Outer", "Startup Cost": 10473924.44, "Total Cost": 10473924.55, "Plan Rows": 6, "Plan Width": 172, "Group By Key": ["l_returnflag", "l_linestatus"], "Plans": [{"Node Type": "Index Scan", "Parent Relationship": "Outer", "Scan Direction": "Forward", "Index Name": "idx_lineitem_shipdate", "Relation Name": "lineitem", "Alias": "lineitem", "Startup Cost": 0.0, "Total Cost": 8123207.08, "Plan Rows": 58767934, "Plan Width": 36, "Index Cond": "(l_shipdate <= '1998-08-15 00:00:00'::timestamp without time zone), (LLVM Optimized)"}]}]}, "Unique SQL Id": 177413717}, "explain_analyze_plan": {"Plan": {"Node Type": "Sort", "Startup Cost": 10473924.63, "Total Cost": 10473924.64, "Plan Rows": 6, "Plan Width": 172, "Actual Startup Time": 268290.538, "Actual Total Time": 268290.539, "Actual Rows": 4, "Actual Loops": 1, "Sort Key": ["l_returnflag", "l_linestatus"], "Sort Method": "quicksort", "Sort Space Used": 25, "Sort Space Type": "Memory", "Plans": [{"Node Type": "Aggregate", "Strategy": "Hashed", "Parent Relationship": "Outer", "Startup Cost": 10473924.44, "Total Cost": 10473924.55, "Plan Rows": 6, "Plan Width": 172, "Actual Startup Time": 268290.3, "Actual Total Time": 268290.319, "Actual Rows": 4, "Actual Loops": 1, "Group By Key": ["l_returnflag", "l_linestatus"], "Plans": [{"Node Type": "Index Scan", "Parent Relationship": "Outer", "Scan Direction": "Forward", "Index Name": "idx_lineitem_shipdate", "Relation Name": "lineitem", "Alias": "lineitem", "Startup Cost": 0.0, "Total Cost": 8123207.08, "Plan Rows": 58767934, "Plan Width": 36, "Actual Startup Time": 0.059, "Actual Total Time": 154990.063, "Actual Rows": 58773499, "Actual Loops": 1, "Index Cond": "(l_shipdate <= '1998-08-15 00:00:00'::timestamp without time zone), (LLVM Optimized, Jit Execute)", "Rows Removed by Index Recheck": 0}]}]}, "Triggers": [], "Planner Runtime": 0.39, "Total Runtime": 268302.787, "Unique SQL Id": 177413717}}, "(64, 26)": {"explain_plan": {"Plan": {"Node Type": "Sort", "Startup Cost": 4515800.46, "Total Cost": 4515800.47, "Plan Rows": 6, "Plan Width": 172, "Sort Key": ["l_returnflag", "l_linestatus"], "Plans": [{"Node Type": "Aggregate", "Strategy": "Hashed", "Parent Relationship": "Outer", "Startup Cost": 4515800.27, "Total Cost": 4515800.38, "Plan Rows": 6, "Plan Width": 172, "Group By Key": ["l_returnflag", "l_linestatus"], "Plans": [{"Node Type": "Seq Scan", "Parent Relationship": "Outer", "Relation Name": "lineitem", "Alias": "lineitem", "Startup Cost": 3.1, "Total Cost": 2165082.91, "Plan Rows": 58767934, "Plan Width": 36, "Filter": "(l_shipdate <= '1998-08-15 00:00:00'::timestamp without time zone), (LLVM Optimized)"}]}]}, "Unique SQL Id": 177413717}, "explain_analyze_plan": {"Plan": {"Node Type": "Sort", "Startup Cost": 4515800.46, "Total Cost": 4515800.47, "Plan Rows": 6, "Plan Width": 172, "Actual Startup Time": 131002.125, "Actual Total Time": 131002.126, "Actual Rows": 4, "Actual Loops": 1, "Sort Key": ["l_returnflag", "l_linestatus"], "Sort Method": "quicksort", "Sort Space Used": 25, "Sort Space Type": "Memory", "Plans": [{"Node Type": "Aggregate", "Strategy": "Hashed", "Parent Relationship": "Outer", "Startup Cost": 4515800.27, "Total Cost": 4515800.38, "Plan Rows": 6, "Plan Width": 172, "Actual Startup Time": 131002.051, "Actual Total Time": 131002.054, "Actual Rows": 4, "Actual Loops": 1, "Group By Key": ["l_returnflag", "l_linestatus"], "Plans": [{"Node Type": "Seq Scan", "Parent Relationship": "Outer", "Relation Name": "lineitem", "Alias": "lineitem", "Startup Cost": 3.1, "Total Cost": 2165082.91, "Plan Rows": 58767934, "Plan Width": 36, "Actual Startup Time": 0.023, "Actual Total Time": 27273.426, "Actual Rows": 58773499, "Actual Loops": 1, "Filter": "(l_shipdate <= '1998-08-15 00:00:00'::timestamp without time zone), (LLVM Optimized, Jit Execute)", "Rows Removed by Filter": 1212553}]}]}, "Triggers": [], "Planner Runtime": 0.395, "Total Runtime": 131013.594, "Unique SQL Id": 177413717}}, "(64, 27)": {"explain_plan": {"Plan": {"Node Type": "Sort", "Startup Cost": 1000218859008.79, "Total Cost": 1000218859008.81, "Plan Rows": 6, "Plan Width": 172, "Sort Key": ["l_returnflag", "l_linestatus"], "Plans": [{"Node Type": "Aggregate", "Strategy": "Hashed", "Parent Relationship": "Outer", "Startup Cost": 1000218859008.61, "Total Cost": 1000218859008.72, "Plan Rows": 6, "Plan Width": 172, "Group By Key": ["l_returnflag", "l_linestatus"], "Plans": [{"Node Type": "Seq Scan", "Parent Relationship": "Outer", "Relation Name": "lineitem", "Alias": "lineitem", "Startup Cost": 10000000003.1, "Total Cost": 1000216508291.25, "Plan Rows": 58767934, "Plan Width": 36, "Filter": "(l_shipdate <= '1998-08-15 00:00:00'::timestamp without time zone), (LLVM Optimized)"}]}]}, "Unique SQL Id": 177413717}, "explain_analyze_plan": {"Plan": {"Node Type": "Sort", "Startup Cost": 1000218859008.79, "Total Cost": 1000218859008.81, "Plan Rows": 6, "Plan Width": 172, "Actual Startup Time": 131611.272, "Actual Total Time": 131611.273, "Actual Rows": 4, "Actual Loops": 1, "Sort Key": ["l_returnflag", "l_linestatus"], "Sort Method": "quicksort", "Sort Space Used": 25, "Sort Space Type": "Memory", "Plans": [{"Node Type": "Aggregate", "Strategy": "Hashed", "Parent Relationship": "Outer", "Startup Cost": 1000218859008.61, "Total Cost": 1000218859008.72, "Plan Rows": 6, "Plan Width": 172, "Actual Startup Time": 131611.063, "Actual Total Time": 131611.077, "Actual Rows": 4, "Actual Loops": 1, "Group By Key": ["l_returnflag", "l_linestatus"], "Plans": [{"Node Type": "Seq Scan", "Parent Relationship": "Outer", "Relation Name": "lineitem", "Alias": "lineitem", "Startup Cost": 10000000003.1, "Total Cost": 1000216508291.25, "Plan Rows": 58767934, "Plan Width": 36, "Actual Startup Time": 0.032, "Actual Total Time": 27406.475, "Actual Rows": 58773499, "Actual Loops": 1, "Filter": "(l_shipdate <= '1998-08-15 00:00:00'::timestamp without time zone), (LLVM Optimized, Jit Execute)", "Rows Removed by Filter": 1212553}]}]}, "Triggers": [], "Planner Runtime": 0.32, "Total Runtime": 131622.731, "Unique SQL Id": 177413717}}, "(64, 28)": {"explain_plan": {"Plan": {"Node Type": "Sort", "Startup Cost": 4515800.46, "Total Cost": 4515800.47, "Plan Rows": 6, "Plan Width": 172, "Sort Key": ["l_returnflag", "l_linestatus"], "Plans": [{"Node Type": "Aggregate", "Strategy": "Hashed", "Parent Relationship": "Outer", "Startup Cost": 4515800.27, "Total Cost": 4515800.38, "Plan Rows": 6, "Plan Width": 172, "Group By Key": ["l_returnflag", "l_linestatus"], "Plans": [{"Node Type": "Seq Scan", "Parent Relationship": "Outer", "Relation Name": "lineitem", "Alias": "lineitem", "Startup Cost": 3.1, "Total Cost": 2165082.91, "Plan Rows": 58767934, "Plan Width": 36, "Filter": "(l_shipdate <= '1998-08-15 00:00:00'::timestamp without time zone), (LLVM Optimized)"}]}]}, "Unique SQL Id": 177413717}, "explain_analyze_plan": {"Plan": {"Node Type": "Sort", "Startup Cost": 4515800.46, "Total Cost": 4515800.47, "Plan Rows": 6, "Plan Width": 172, "Actual Startup Time": 131002.125, "Actual Total Time": 131002.126, "Actual Rows": 4, "Actual Loops": 1, "Sort Key": ["l_returnflag", "l_linestatus"], "Sort Method": "quicksort", "Sort Space Used": 25, "Sort Space Type": "Memory", "Plans": [{"Node Type": "Aggregate", "Strategy": "Hashed", "Parent Relationship": "Outer", "Startup Cost": 4515800.27, "Total Cost": 4515800.38, "Plan Rows": 6, "Plan Width": 172, "Actual Startup Time": 131002.051, "Actual Total Time": 131002.054, "Actual Rows": 4, "Actual Loops": 1, "Group By Key": ["l_returnflag", "l_linestatus"], "Plans": [{"Node Type": "Seq Scan", "Parent Relationship": "Outer", "Relation Name": "lineitem", "Alias": "lineitem", "Startup Cost": 3.1, "Total Cost": 2165082.91, "Plan Rows": 58767934, "Plan Width": 36, "Actual Startup Time": 0.023, "Actual Total Time": 27273.426, "Actual Rows": 58773499, "Actual Loops": 1, "Filter": "(l_shipdate <= '1998-08-15 00:00:00'::timestamp without time zone), (LLVM Optimized, Jit Execute)", "Rows Removed by Filter": 1212553}]}]}, "Triggers": [], "Planner Runtime": 0.395, "Total Runtime": 131013.594, "Unique SQL Id": 177413717}}, "(64, 29)": {"explain_plan": {"Plan": {"Node Type": "Sort", "Startup Cost": 10473924.63, "Total Cost": 10473924.64, "Plan Rows": 6, "Plan Width": 172, "Sort Key": ["l_returnflag", "l_linestatus"], "Plans": [{"Node Type": "Aggregate", "Strategy": "Hashed", "Parent Relationship": "Outer", "Startup Cost": 10473924.44, "Total Cost": 10473924.55, "Plan Rows": 6, "Plan Width": 172, "Group By Key": ["l_returnflag", "l_linestatus"], "Plans": [{"Node Type": "Index Scan", "Parent Relationship": "Outer", "Scan Direction": "Forward", "Index Name": "idx_lineitem_shipdate", "Relation Name": "lineitem", "Alias": "lineitem", "Startup Cost": 0.0, "Total Cost": 8123207.08, "Plan Rows": 58767934, "Plan Width": 36, "Index Cond": "(l_shipdate <= '1998-08-15 00:00:00'::timestamp without time zone), (LLVM Optimized)"}]}]}, "Unique SQL Id": 177413717}, "explain_analyze_plan": {"Plan": {"Node Type": "Sort", "Startup Cost": 10473924.63, "Total Cost": 10473924.64, "Plan Rows": 6, "Plan Width": 172, "Actual Startup Time": 268290.538, "Actual Total Time": 268290.539, "Actual Rows": 4, "Actual Loops": 1, "Sort Key": ["l_returnflag", "l_linestatus"], "Sort Method": "quicksort", "Sort Space Used": 25, "Sort Space Type": "Memory", "Plans": [{"Node Type": "Aggregate", "Strategy": "Hashed", "Parent Relationship": "Outer", "Startup Cost": 10473924.44, "Total Cost": 10473924.55, "Plan Rows": 6, "Plan Width": 172, "Actual Startup Time": 268290.3, "Actual Total Time": 268290.319, "Actual Rows": 4, "Actual Loops": 1, "Group By Key": ["l_returnflag", "l_linestatus"], "Plans": [{"Node Type": "Index Scan", "Parent Relationship": "Outer", "Scan Direction": "Forward", "Index Name": "idx_lineitem_shipdate", "Relation Name": "lineitem", "Alias": "lineitem", "Startup Cost": 0.0, "Total Cost": 8123207.08, "Plan Rows": 58767934, "Plan Width": 36, "Actual Startup Time": 0.059, "Actual Total Time": 154990.063, "Actual Rows": 58773499, "Actual Loops": 1, "Index Cond": "(l_shipdate <= '1998-08-15 00:00:00'::timestamp without time zone), (LLVM Optimized, Jit Execute)", "Rows Removed by Index Recheck": 0}]}]}, "Triggers": [], "Planner Runtime": 0.39, "Total Runtime": 268302.787, "Unique SQL Id": 177413717}}, "(64, 30)": {"explain_plan": {"Plan": {"Node Type": "Sort", "Startup Cost": 4515800.46, "Total Cost": 4515800.47, "Plan Rows": 6, "Plan Width": 172, "Sort Key": ["l_returnflag", "l_linestatus"], "Plans": [{"Node Type": "Aggregate", "Strategy": "Hashed", "Parent Relationship": "Outer", "Startup Cost": 4515800.27, "Total Cost": 4515800.38, "Plan Rows": 6, "Plan Width": 172, "Group By Key": ["l_returnflag", "l_linestatus"], "Plans": [{"Node Type": "Seq Scan", "Parent Relationship": "Outer", "Relation Name": "lineitem", "Alias": "lineitem", "Startup Cost": 3.1, "Total Cost": 2165082.91, "Plan Rows": 58767934, "Plan Width": 36, "Filter": "(l_shipdate <= '1998-08-15 00:00:00'::timestamp without time zone), (LLVM Optimized)"}]}]}, "Unique SQL Id": 177413717}, "explain_analyze_plan": {"Plan": {"Node Type": "Sort", "Startup Cost": 4515800.46, "Total Cost": 4515800.47, "Plan Rows": 6, "Plan Width": 172, "Actual Startup Time": 131002.125, "Actual Total Time": 131002.126, "Actual Rows": 4, "Actual Loops": 1, "Sort Key": ["l_returnflag", "l_linestatus"], "Sort Method": "quicksort", "Sort Space Used": 25, "Sort Space Type": "Memory", "Plans": [{"Node Type": "Aggregate", "Strategy": "Hashed", "Parent Relationship": "Outer", "Startup Cost": 4515800.27, "Total Cost": 4515800.38, "Plan Rows": 6, "Plan Width": 172, "Actual Startup Time": 131002.051, "Actual Total Time": 131002.054, "Actual Rows": 4, "Actual Loops": 1, "Group By Key": ["l_returnflag", "l_linestatus"], "Plans": [{"Node Type": "Seq Scan", "Parent Relationship": "Outer", "Relation Name": "lineitem", "Alias": "lineitem", "Startup Cost": 3.1, "Total Cost": 2165082.91, "Plan Rows": 58767934, "Plan Width": 36, "Actual Startup Time": 0.023, "Actual Total Time": 27273.426, "Actual Rows": 58773499, "Actual Loops": 1, "Filter": "(l_shipdate <= '1998-08-15 00:00:00'::timestamp without time zone), (LLVM Optimized, Jit Execute)", "Rows Removed by Filter": 1212553}]}]}, "Triggers": [], "Planner Runtime": 0.395, "Total Runtime": 131013.594, "Unique SQL Id": 177413717}}, "(64, 31)": {"explain_plan": {"Plan": {"Node Type": "Sort", "Startup Cost": 1000218859008.79, "Total Cost": 1000218859008.81, "Plan Rows": 6, "Plan Width": 172, "Sort Key": ["l_returnflag", "l_linestatus"], "Plans": [{"Node Type": "Aggregate", "Strategy": "Hashed", "Parent Relationship": "Outer", "Startup Cost": 1000218859008.61, "Total Cost": 1000218859008.72, "Plan Rows": 6, "Plan Width": 172, "Group By Key": ["l_returnflag", "l_linestatus"], "Plans": [{"Node Type": "Seq Scan", "Parent Relationship": "Outer", "Relation Name": "lineitem", "Alias": "lineitem", "Startup Cost": 10000000003.1, "Total Cost": 1000216508291.25, "Plan Rows": 58767934, "Plan Width": 36, "Filter": "(l_shipdate <= '1998-08-15 00:00:00'::timestamp without time zone), (LLVM Optimized)"}]}]}, "Unique SQL Id": 177413717}, "explain_analyze_plan": {"Plan": {"Node Type": "Sort", "Startup Cost": 1000218859008.79, "Total Cost": 1000218859008.81, "Plan Rows": 6, "Plan Width": 172, "Actual Startup Time": 131611.272, "Actual Total Time": 131611.273, "Actual Rows": 4, "Actual Loops": 1, "Sort Key": ["l_returnflag", "l_linestatus"], "Sort Method": "quicksort", "Sort Space Used": 25, "Sort Space Type": "Memory", "Plans": [{"Node Type": "Aggregate", "Strategy": "Hashed", "Parent Relationship": "Outer", "Startup Cost": 1000218859008.61, "Total Cost": 1000218859008.72, "Plan Rows": 6, "Plan Width": 172, "Actual Startup Time": 131611.063, "Actual Total Time": 131611.077, "Actual Rows": 4, "Actual Loops": 1, "Group By Key": ["l_returnflag", "l_linestatus"], "Plans": [{"Node Type": "Seq Scan", "Parent Relationship": "Outer", "Relation Name": "lineitem", "Alias": "lineitem", "Startup Cost": 10000000003.1, "Total Cost": 1000216508291.25, "Plan Rows": 58767934, "Plan Width": 36, "Actual Startup Time": 0.032, "Actual Total Time": 27406.475, "Actual Rows": 58773499, "Actual Loops": 1, "Filter": "(l_shipdate <= '1998-08-15 00:00:00'::timestamp without time zone), (LLVM Optimized, Jit Execute)", "Rows Removed by Filter": 1212553}]}]}, "Triggers": [], "Planner Runtime": 0.32, "Total Runtime": 131622.731, "Unique SQL Id": 177413717}}, "(64, 32)": {"explain_plan": {"Plan": {"Node Type": "Sort", "Startup Cost": 4515800.46, "Total Cost": 4515800.47, "Plan Rows": 6, "Plan Width": 172, "Sort Key": ["l_returnflag", "l_linestatus"], "Plans": [{"Node Type": "Aggregate", "Strategy": "Hashed", "Parent Relationship": "Outer", "Startup Cost": 4515800.27, "Total Cost": 4515800.38, "Plan Rows": 6, "Plan Width": 172, "Group By Key": ["l_returnflag", "l_linestatus"], "Plans": [{"Node Type": "Seq Scan", "Parent Relationship": "Outer", "Relation Name": "lineitem", "Alias": "lineitem", "Startup Cost": 3.1, "Total Cost": 2165082.91, "Plan Rows": 58767934, "Plan Width": 36, "Filter": "(l_shipdate <= '1998-08-15 00:00:00'::timestamp without time zone), (LLVM Optimized)"}]}]}, "Unique SQL Id": 177413717}, "explain_analyze_plan": {"Plan": {"Node Type": "Sort", "Startup Cost": 4515800.46, "Total Cost": 4515800.47, "Plan Rows": 6, "Plan Width": 172, "Actual Startup Time": 131002.125, "Actual Total Time": 131002.126, "Actual Rows": 4, "Actual Loops": 1, "Sort Key": ["l_returnflag", "l_linestatus"], "Sort Method": "quicksort", "Sort Space Used": 25, "Sort Space Type": "Memory", "Plans": [{"Node Type": "Aggregate", "Strategy": "Hashed", "Parent Relationship": "Outer", "Startup Cost": 4515800.27, "Total Cost": 4515800.38, "Plan Rows": 6, "Plan Width": 172, "Actual Startup Time": 131002.051, "Actual Total Time": 131002.054, "Actual Rows": 4, "Actual Loops": 1, "Group By Key": ["l_returnflag", "l_linestatus"], "Plans": [{"Node Type": "Seq Scan", "Parent Relationship": "Outer", "Relation Name": "lineitem", "Alias": "lineitem", "Startup Cost": 3.1, "Total Cost": 2165082.91, "Plan Rows": 58767934, "Plan Width": 36, "Actual Startup Time": 0.023, "Actual Total Time": 27273.426, "Actual Rows": 58773499, "Actual Loops": 1, "Filter": "(l_shipdate <= '1998-08-15 00:00:00'::timestamp without time zone), (LLVM Optimized, Jit Execute)", "Rows Removed by Filter": 1212553}]}]}, "Triggers": [], "Planner Runtime": 0.395, "Total Runtime": 131013.594, "Unique SQL Id": 177413717}}, "(64, 33)": {"explain_plan": {"Plan": {"Node Type": "Sort", "Startup Cost": 6389801.46, "Total Cost": 6389801.47, "Plan Rows": 6, "Plan Width": 172, "Sort Key": ["l_returnflag", "l_linestatus"], "Plans": [{"Node Type": "Aggregate", "Strategy": "Hashed", "Parent Relationship": "Outer", "Startup Cost": 6389801.27, "Total Cost": 6389801.38, "Plan Rows": 6, "Plan Width": 172, "Group By Key": ["l_returnflag", "l_linestatus"], "Plans": [{"Node Type": "Bitmap Heap Scan", "Parent Relationship": "Outer", "Relation Name": "lineitem", "Alias": "lineitem", "Startup Cost": 1889239.74, "Total Cost": 4039083.91, "Plan Rows": 58767934, "Plan Width": 36, "Recheck Cond": "(l_shipdate <= '1998-08-15 00:00:00'::timestamp without time zone), (LLVM Optimized)", "Plans": [{"Node Type": "Bitmap Index Scan", "Parent Relationship": "Outer", "Index Name": "idx_lineitem_shipdate", "Startup Cost": 0.0, "Total Cost": 1874547.75, "Plan Rows": 58767934, "Plan Width": 0, "Index Cond": "(l_shipdate <= '1998-08-15 00:00:00'::timestamp without time zone)"}]}]}]}, "Unique SQL Id": 177413717}, "explain_analyze_plan": {"Plan": {"Node Type": "Sort", "Startup Cost": 6389801.46, "Total Cost": 6389801.47, "Plan Rows": 6, "Plan Width": 172, "Actual Startup Time": 159302.231, "Actual Total Time": 159302.232, "Actual Rows": 4, "Actual Loops": 1, "Sort Key": ["l_returnflag", "l_linestatus"], "Sort Method": "quicksort", "Sort Space Used": 25, "Sort Space Type": "Memory", "Plans": [{"Node Type": "Aggregate", "Strategy": "Hashed", "Parent Relationship": "Outer", "Startup Cost": 6389801.27, "Total Cost": 6389801.38, "Plan Rows": 6, "Plan Width": 172, "Actual Startup Time": 159302.121, "Actual Total Time": 159302.125, "Actual Rows": 4, "Actual Loops": 1, "Group By Key": ["l_returnflag", "l_linestatus"], "Plans": [{"Node Type": "Bitmap Heap Scan", "Parent Relationship": "Outer", "Relation Name": "lineitem", "Alias": "lineitem", "Startup Cost": 1889239.74, "Total Cost": 4039083.91, "Plan Rows": 58767934, "Plan Width": 36, "Actual Startup Time": 27630.539, "Actual Total Time": 56618.821, "Actual Rows": 58773499, "Actual Loops": 1, "Recheck Cond": "(l_shipdate <= '1998-08-15 00:00:00'::timestamp without time zone), (LLVM Optimized, Jit Execute)", "Rows Removed by Index Recheck": 0, "Exact Heap Blocks": 1415245, "Lossy Heap Blocks": 1415245, "Plans": [{"Node Type": "Bitmap Index Scan", "Parent Relationship": "Outer", "Index Name": "idx_lineitem_shipdate", "Startup Cost": 0.0, "Total Cost": 1874547.75, "Plan Rows": 58767934, "Plan Width": 0, "Actual Startup Time": 26819.752, "Actual Total Time": 26819.752, "Actual Rows": 58773499, "Actual Loops": 1, "Index Cond": "(l_shipdate <= '1998-08-15 00:00:00'::timestamp without time zone)"}]}]}]}, "Triggers": [], "Planner Runtime": 0.41, "Total Runtime": 159315.57, "Unique SQL Id": 177413717}}, "(64, 34)": {"explain_plan": {"Plan": {"Node Type": "Sort", "Startup Cost": 4515800.46, "Total Cost": 4515800.47, "Plan Rows": 6, "Plan Width": 172, "Sort Key": ["l_returnflag", "l_linestatus"], "Plans": [{"Node Type": "Aggregate", "Strategy": "Hashed", "Parent Relationship": "Outer", "Startup Cost": 4515800.27, "Total Cost": 4515800.38, "Plan Rows": 6, "Plan Width": 172, "Group By Key": ["l_returnflag", "l_linestatus"], "Plans": [{"Node Type": "Seq Scan", "Parent Relationship": "Outer", "Relation Name": "lineitem", "Alias": "lineitem", "Startup Cost": 3.1, "Total Cost": 2165082.91, "Plan Rows": 58767934, "Plan Width": 36, "Filter": "(l_shipdate <= '1998-08-15 00:00:00'::timestamp without time zone), (LLVM Optimized)"}]}]}, "Unique SQL Id": 177413717}, "explain_analyze_plan": {"Plan": {"Node Type": "Sort", "Startup Cost": 4515800.46, "Total Cost": 4515800.47, "Plan Rows": 6, "Plan Width": 172, "Actual Startup Time": 131002.125, "Actual Total Time": 131002.126, "Actual Rows": 4, "Actual Loops": 1, "Sort Key": ["l_returnflag", "l_linestatus"], "Sort Method": "quicksort", "Sort Space Used": 25, "Sort Space Type": "Memory", "Plans": [{"Node Type": "Aggregate", "Strategy": "Hashed", "Parent Relationship": "Outer", "Startup Cost": 4515800.27, "Total Cost": 4515800.38, "Plan Rows": 6, "Plan Width": 172, "Actual Startup Time": 131002.051, "Actual Total Time": 131002.054, "Actual Rows": 4, "Actual Loops": 1, "Group By Key": ["l_returnflag", "l_linestatus"], "Plans": [{"Node Type": "Seq Scan", "Parent Relationship": "Outer", "Relation Name": "lineitem", "Alias": "lineitem", "Startup Cost": 3.1, "Total Cost": 2165082.91, "Plan Rows": 58767934, "Plan Width": 36, "Actual Startup Time": 0.023, "Actual Total Time": 27273.426, "Actual Rows": 58773499, "Actual Loops": 1, "Filter": "(l_shipdate <= '1998-08-15 00:00:00'::timestamp without time zone), (LLVM Optimized, Jit Execute)", "Rows Removed by Filter": 1212553}]}]}, "Triggers": [], "Planner Runtime": 0.395, "Total Runtime": 131013.594, "Unique SQL Id": 177413717}}, "(64, 35)": {"explain_plan": {"Plan": {"Node Type": "Sort", "Startup Cost": 6389801.46, "Total Cost": 6389801.47, "Plan Rows": 6, "Plan Width": 172, "Sort Key": ["l_returnflag", "l_linestatus"], "Plans": [{"Node Type": "Aggregate", "Strategy": "Hashed", "Parent Relationship": "Outer", "Startup Cost": 6389801.27, "Total Cost": 6389801.38, "Plan Rows": 6, "Plan Width": 172, "Group By Key": ["l_returnflag", "l_linestatus"], "Plans": [{"Node Type": "Bitmap Heap Scan", "Parent Relationship": "Outer", "Relation Name": "lineitem", "Alias": "lineitem", "Startup Cost": 1889239.74, "Total Cost": 4039083.91, "Plan Rows": 58767934, "Plan Width": 36, "Recheck Cond": "(l_shipdate <= '1998-08-15 00:00:00'::timestamp without time zone), (LLVM Optimized)", "Plans": [{"Node Type": "Bitmap Index Scan", "Parent Relationship": "Outer", "Index Name": "idx_lineitem_shipdate", "Startup Cost": 0.0, "Total Cost": 1874547.75, "Plan Rows": 58767934, "Plan Width": 0, "Index Cond": "(l_shipdate <= '1998-08-15 00:00:00'::timestamp without time zone)"}]}]}]}, "Unique SQL Id": 177413717}, "explain_analyze_plan": {"Plan": {"Node Type": "Sort", "Startup Cost": 6389801.46, "Total Cost": 6389801.47, "Plan Rows": 6, "Plan Width": 172, "Actual Startup Time": 159302.231, "Actual Total Time": 159302.232, "Actual Rows": 4, "Actual Loops": 1, "Sort Key": ["l_returnflag", "l_linestatus"], "Sort Method": "quicksort", "Sort Space Used": 25, "Sort Space Type": "Memory", "Plans": [{"Node Type": "Aggregate", "Strategy": "Hashed", "Parent Relationship": "Outer", "Startup Cost": 6389801.27, "Total Cost": 6389801.38, "Plan Rows": 6, "Plan Width": 172, "Actual Startup Time": 159302.121, "Actual Total Time": 159302.125, "Actual Rows": 4, "Actual Loops": 1, "Group By Key": ["l_returnflag", "l_linestatus"], "Plans": [{"Node Type": "Bitmap Heap Scan", "Parent Relationship": "Outer", "Relation Name": "lineitem", "Alias": "lineitem", "Startup Cost": 1889239.74, "Total Cost": 4039083.91, "Plan Rows": 58767934, "Plan Width": 36, "Actual Startup Time": 27630.539, "Actual Total Time": 56618.821, "Actual Rows": 58773499, "Actual Loops": 1, "Recheck Cond": "(l_shipdate <= '1998-08-15 00:00:00'::timestamp without time zone), (LLVM Optimized, Jit Execute)", "Rows Removed by Index Recheck": 0, "Exact Heap Blocks": 1415245, "Lossy Heap Blocks": 1415245, "Plans": [{"Node Type": "Bitmap Index Scan", "Parent Relationship": "Outer", "Index Name": "idx_lineitem_shipdate", "Startup Cost": 0.0, "Total Cost": 1874547.75, "Plan Rows": 58767934, "Plan Width": 0, "Actual Startup Time": 26819.752, "Actual Total Time": 26819.752, "Actual Rows": 58773499, "Actual Loops": 1, "Index Cond": "(l_shipdate <= '1998-08-15 00:00:00'::timestamp without time zone)"}]}]}]}, "Triggers": [], "Planner Runtime": 0.41, "Total Runtime": 159315.57, "Unique SQL Id": 177413717}}, "(64, 36)": {"explain_plan": {"Plan": {"Node Type": "Sort", "Startup Cost": 4515800.46, "Total Cost": 4515800.47, "Plan Rows": 6, "Plan Width": 172, "Sort Key": ["l_returnflag", "l_linestatus"], "Plans": [{"Node Type": "Aggregate", "Strategy": "Hashed", "Parent Relationship": "Outer", "Startup Cost": 4515800.27, "Total Cost": 4515800.38, "Plan Rows": 6, "Plan Width": 172, "Group By Key": ["l_returnflag", "l_linestatus"], "Plans": [{"Node Type": "Seq Scan", "Parent Relationship": "Outer", "Relation Name": "lineitem", "Alias": "lineitem", "Startup Cost": 3.1, "Total Cost": 2165082.91, "Plan Rows": 58767934, "Plan Width": 36, "Filter": "(l_shipdate <= '1998-08-15 00:00:00'::timestamp without time zone), (LLVM Optimized)"}]}]}, "Unique SQL Id": 177413717}, "explain_analyze_plan": {"Plan": {"Node Type": "Sort", "Startup Cost": 4515800.46, "Total Cost": 4515800.47, "Plan Rows": 6, "Plan Width": 172, "Actual Startup Time": 131002.125, "Actual Total Time": 131002.126, "Actual Rows": 4, "Actual Loops": 1, "Sort Key": ["l_returnflag", "l_linestatus"], "Sort Method": "quicksort", "Sort Space Used": 25, "Sort Space Type": "Memory", "Plans": [{"Node Type": "Aggregate", "Strategy": "Hashed", "Parent Relationship": "Outer", "Startup Cost": 4515800.27, "Total Cost": 4515800.38, "Plan Rows": 6, "Plan Width": 172, "Actual Startup Time": 131002.051, "Actual Total Time": 131002.054, "Actual Rows": 4, "Actual Loops": 1, "Group By Key": ["l_returnflag", "l_linestatus"], "Plans": [{"Node Type": "Seq Scan", "Parent Relationship": "Outer", "Relation Name": "lineitem", "Alias": "lineitem", "Startup Cost": 3.1, "Total Cost": 2165082.91, "Plan Rows": 58767934, "Plan Width": 36, "Actual Startup Time": 0.023, "Actual Total Time": 27273.426, "Actual Rows": 58773499, "Actual Loops": 1, "Filter": "(l_shipdate <= '1998-08-15 00:00:00'::timestamp without time zone), (LLVM Optimized, Jit Execute)", "Rows Removed by Filter": 1212553}]}]}, "Triggers": [], "Planner Runtime": 0.395, "Total Runtime": 131013.594, "Unique SQL Id": 177413717}}, "(64, 37)": {"explain_plan": {"Plan": {"Node Type": "Sort", "Startup Cost": 6389801.46, "Total Cost": 6389801.47, "Plan Rows": 6, "Plan Width": 172, "Sort Key": ["l_returnflag", "l_linestatus"], "Plans": [{"Node Type": "Aggregate", "Strategy": "Hashed", "Parent Relationship": "Outer", "Startup Cost": 6389801.27, "Total Cost": 6389801.38, "Plan Rows": 6, "Plan Width": 172, "Group By Key": ["l_returnflag", "l_linestatus"], "Plans": [{"Node Type": "Bitmap Heap Scan", "Parent Relationship": "Outer", "Relation Name": "lineitem", "Alias": "lineitem", "Startup Cost": 1889239.74, "Total Cost": 4039083.91, "Plan Rows": 58767934, "Plan Width": 36, "Recheck Cond": "(l_shipdate <= '1998-08-15 00:00:00'::timestamp without time zone), (LLVM Optimized)", "Plans": [{"Node Type": "Bitmap Index Scan", "Parent Relationship": "Outer", "Index Name": "idx_lineitem_shipdate", "Startup Cost": 0.0, "Total Cost": 1874547.75, "Plan Rows": 58767934, "Plan Width": 0, "Index Cond": "(l_shipdate <= '1998-08-15 00:00:00'::timestamp without time zone)"}]}]}]}, "Unique SQL Id": 177413717}, "explain_analyze_plan": {"Plan": {"Node Type": "Sort", "Startup Cost": 6389801.46, "Total Cost": 6389801.47, "Plan Rows": 6, "Plan Width": 172, "Actual Startup Time": 159302.231, "Actual Total Time": 159302.232, "Actual Rows": 4, "Actual Loops": 1, "Sort Key": ["l_returnflag", "l_linestatus"], "Sort Method": "quicksort", "Sort Space Used": 25, "Sort Space Type": "Memory", "Plans": [{"Node Type": "Aggregate", "Strategy": "Hashed", "Parent Relationship": "Outer", "Startup Cost": 6389801.27, "Total Cost": 6389801.38, "Plan Rows": 6, "Plan Width": 172, "Actual Startup Time": 159302.121, "Actual Total Time": 159302.125, "Actual Rows": 4, "Actual Loops": 1, "Group By Key": ["l_returnflag", "l_linestatus"], "Plans": [{"Node Type": "Bitmap Heap Scan", "Parent Relationship": "Outer", "Relation Name": "lineitem", "Alias": "lineitem", "Startup Cost": 1889239.74, "Total Cost": 4039083.91, "Plan Rows": 58767934, "Plan Width": 36, "Actual Startup Time": 27630.539, "Actual Total Time": 56618.821, "Actual Rows": 58773499, "Actual Loops": 1, "Recheck Cond": "(l_shipdate <= '1998-08-15 00:00:00'::timestamp without time zone), (LLVM Optimized, Jit Execute)", "Rows Removed by Index Recheck": 0, "Exact Heap Blocks": 1415245, "Lossy Heap Blocks": 1415245, "Plans": [{"Node Type": "Bitmap Index Scan", "Parent Relationship": "Outer", "Index Name": "idx_lineitem_shipdate", "Startup Cost": 0.0, "Total Cost": 1874547.75, "Plan Rows": 58767934, "Plan Width": 0, "Actual Startup Time": 26819.752, "Actual Total Time": 26819.752, "Actual Rows": 58773499, "Actual Loops": 1, "Index Cond": "(l_shipdate <= '1998-08-15 00:00:00'::timestamp without time zone)"}]}]}]}, "Triggers": [], "Planner Runtime": 0.41, "Total Runtime": 159315.57, "Unique SQL Id": 177413717}}, "(64, 38)": {"explain_plan": {"Plan": {"Node Type": "Sort", "Startup Cost": 4515800.46, "Total Cost": 4515800.47, "Plan Rows": 6, "Plan Width": 172, "Sort Key": ["l_returnflag", "l_linestatus"], "Plans": [{"Node Type": "Aggregate", "Strategy": "Hashed", "Parent Relationship": "Outer", "Startup Cost": 4515800.27, "Total Cost": 4515800.38, "Plan Rows": 6, "Plan Width": 172, "Group By Key": ["l_returnflag", "l_linestatus"], "Plans": [{"Node Type": "Seq Scan", "Parent Relationship": "Outer", "Relation Name": "lineitem", "Alias": "lineitem", "Startup Cost": 3.1, "Total Cost": 2165082.91, "Plan Rows": 58767934, "Plan Width": 36, "Filter": "(l_shipdate <= '1998-08-15 00:00:00'::timestamp without time zone), (LLVM Optimized)"}]}]}, "Unique SQL Id": 177413717}, "explain_analyze_plan": {"Plan": {"Node Type": "Sort", "Startup Cost": 4515800.46, "Total Cost": 4515800.47, "Plan Rows": 6, "Plan Width": 172, "Actual Startup Time": 131002.125, "Actual Total Time": 131002.126, "Actual Rows": 4, "Actual Loops": 1, "Sort Key": ["l_returnflag", "l_linestatus"], "Sort Method": "quicksort", "Sort Space Used": 25, "Sort Space Type": "Memory", "Plans": [{"Node Type": "Aggregate", "Strategy": "Hashed", "Parent Relationship": "Outer", "Startup Cost": 4515800.27, "Total Cost": 4515800.38, "Plan Rows": 6, "Plan Width": 172, "Actual Startup Time": 131002.051, "Actual Total Time": 131002.054, "Actual Rows": 4, "Actual Loops": 1, "Group By Key": ["l_returnflag", "l_linestatus"], "Plans": [{"Node Type": "Seq Scan", "Parent Relationship": "Outer", "Relation Name": "lineitem", "Alias": "lineitem", "Startup Cost": 3.1, "Total Cost": 2165082.91, "Plan Rows": 58767934, "Plan Width": 36, "Actual Startup Time": 0.023, "Actual Total Time": 27273.426, "Actual Rows": 58773499, "Actual Loops": 1, "Filter": "(l_shipdate <= '1998-08-15 00:00:00'::timestamp without time zone), (LLVM Optimized, Jit Execute)", "Rows Removed by Filter": 1212553}]}]}, "Triggers": [], "Planner Runtime": 0.395, "Total Runtime": 131013.594, "Unique SQL Id": 177413717}}, "(64, 39)": {"explain_plan": {"Plan": {"Node Type": "Sort", "Startup Cost": 6389801.46, "Total Cost": 6389801.47, "Plan Rows": 6, "Plan Width": 172, "Sort Key": ["l_returnflag", "l_linestatus"], "Plans": [{"Node Type": "Aggregate", "Strategy": "Hashed", "Parent Relationship": "Outer", "Startup Cost": 6389801.27, "Total Cost": 6389801.38, "Plan Rows": 6, "Plan Width": 172, "Group By Key": ["l_returnflag", "l_linestatus"], "Plans": [{"Node Type": "Bitmap Heap Scan", "Parent Relationship": "Outer", "Relation Name": "lineitem", "Alias": "lineitem", "Startup Cost": 1889239.74, "Total Cost": 4039083.91, "Plan Rows": 58767934, "Plan Width": 36, "Recheck Cond": "(l_shipdate <= '1998-08-15 00:00:00'::timestamp without time zone), (LLVM Optimized)", "Plans": [{"Node Type": "Bitmap Index Scan", "Parent Relationship": "Outer", "Index Name": "idx_lineitem_shipdate", "Startup Cost": 0.0, "Total Cost": 1874547.75, "Plan Rows": 58767934, "Plan Width": 0, "Index Cond": "(l_shipdate <= '1998-08-15 00:00:00'::timestamp without time zone)"}]}]}]}, "Unique SQL Id": 177413717}, "explain_analyze_plan": {"Plan": {"Node Type": "Sort", "Startup Cost": 6389801.46, "Total Cost": 6389801.47, "Plan Rows": 6, "Plan Width": 172, "Actual Startup Time": 159302.231, "Actual Total Time": 159302.232, "Actual Rows": 4, "Actual Loops": 1, "Sort Key": ["l_returnflag", "l_linestatus"], "Sort Method": "quicksort", "Sort Space Used": 25, "Sort Space Type": "Memory", "Plans": [{"Node Type": "Aggregate", "Strategy": "Hashed", "Parent Relationship": "Outer", "Startup Cost": 6389801.27, "Total Cost": 6389801.38, "Plan Rows": 6, "Plan Width": 172, "Actual Startup Time": 159302.121, "Actual Total Time": 159302.125, "Actual Rows": 4, "Actual Loops": 1, "Group By Key": ["l_returnflag", "l_linestatus"], "Plans": [{"Node Type": "Bitmap Heap Scan", "Parent Relationship": "Outer", "Relation Name": "lineitem", "Alias": "lineitem", "Startup Cost": 1889239.74, "Total Cost": 4039083.91, "Plan Rows": 58767934, "Plan Width": 36, "Actual Startup Time": 27630.539, "Actual Total Time": 56618.821, "Actual Rows": 58773499, "Actual Loops": 1, "Recheck Cond": "(l_shipdate <= '1998-08-15 00:00:00'::timestamp without time zone), (LLVM Optimized, Jit Execute)", "Rows Removed by Index Recheck": 0, "Exact Heap Blocks": 1415245, "Lossy Heap Blocks": 1415245, "Plans": [{"Node Type": "Bitmap Index Scan", "Parent Relationship": "Outer", "Index Name": "idx_lineitem_shipdate", "Startup Cost": 0.0, "Total Cost": 1874547.75, "Plan Rows": 58767934, "Plan Width": 0, "Actual Startup Time": 26819.752, "Actual Total Time": 26819.752, "Actual Rows": 58773499, "Actual Loops": 1, "Index Cond": "(l_shipdate <= '1998-08-15 00:00:00'::timestamp without time zone)"}]}]}]}, "Triggers": [], "Planner Runtime": 0.41, "Total Runtime": 159315.57, "Unique SQL Id": 177413717}}, "(64, 40)": {"explain_plan": {"Plan": {"Node Type": "Sort", "Startup Cost": 4515800.46, "Total Cost": 4515800.47, "Plan Rows": 6, "Plan Width": 172, "Sort Key": ["l_returnflag", "l_linestatus"], "Plans": [{"Node Type": "Aggregate", "Strategy": "Hashed", "Parent Relationship": "Outer", "Startup Cost": 4515800.27, "Total Cost": 4515800.38, "Plan Rows": 6, "Plan Width": 172, "Group By Key": ["l_returnflag", "l_linestatus"], "Plans": [{"Node Type": "Seq Scan", "Parent Relationship": "Outer", "Relation Name": "lineitem", "Alias": "lineitem", "Startup Cost": 3.1, "Total Cost": 2165082.91, "Plan Rows": 58767934, "Plan Width": 36, "Filter": "(l_shipdate <= '1998-08-15 00:00:00'::timestamp without time zone), (LLVM Optimized)"}]}]}, "Unique SQL Id": 177413717}, "explain_analyze_plan": {"Plan": {"Node Type": "Sort", "Startup Cost": 4515800.46, "Total Cost": 4515800.47, "Plan Rows": 6, "Plan Width": 172, "Actual Startup Time": 131002.125, "Actual Total Time": 131002.126, "Actual Rows": 4, "Actual Loops": 1, "Sort Key": ["l_returnflag", "l_linestatus"], "Sort Method": "quicksort", "Sort Space Used": 25, "Sort Space Type": "Memory", "Plans": [{"Node Type": "Aggregate", "Strategy": "Hashed", "Parent Relationship": "Outer", "Startup Cost": 4515800.27, "Total Cost": 4515800.38, "Plan Rows": 6, "Plan Width": 172, "Actual Startup Time": 131002.051, "Actual Total Time": 131002.054, "Actual Rows": 4, "Actual Loops": 1, "Group By Key": ["l_returnflag", "l_linestatus"], "Plans": [{"Node Type": "Seq Scan", "Parent Relationship": "Outer", "Relation Name": "lineitem", "Alias": "lineitem", "Startup Cost": 3.1, "Total Cost": 2165082.91, "Plan Rows": 58767934, "Plan Width": 36, "Actual Startup Time": 0.023, "Actual Total Time": 27273.426, "Actual Rows": 58773499, "Actual Loops": 1, "Filter": "(l_shipdate <= '1998-08-15 00:00:00'::timestamp without time zone), (LLVM Optimized, Jit Execute)", "Rows Removed by Filter": 1212553}]}]}, "Triggers": [], "Planner Runtime": 0.395, "Total Runtime": 131013.594, "Unique SQL Id": 177413717}}, "(64, 41)": {"explain_plan": {"Plan": {"Node Type": "Sort", "Startup Cost": 10473924.63, "Total Cost": 10473924.64, "Plan Rows": 6, "Plan Width": 172, "Sort Key": ["l_returnflag", "l_linestatus"], "Plans": [{"Node Type": "Aggregate", "Strategy": "Hashed", "Parent Relationship": "Outer", "Startup Cost": 10473924.44, "Total Cost": 10473924.55, "Plan Rows": 6, "Plan Width": 172, "Group By Key": ["l_returnflag", "l_linestatus"], "Plans": [{"Node Type": "Index Scan", "Parent Relationship": "Outer", "Scan Direction": "Forward", "Index Name": "idx_lineitem_shipdate", "Relation Name": "lineitem", "Alias": "lineitem", "Startup Cost": 0.0, "Total Cost": 8123207.08, "Plan Rows": 58767934, "Plan Width": 36, "Index Cond": "(l_shipdate <= '1998-08-15 00:00:00'::timestamp without time zone), (LLVM Optimized)"}]}]}, "Unique SQL Id": 177413717}, "explain_analyze_plan": {"Plan": {"Node Type": "Sort", "Startup Cost": 10473924.63, "Total Cost": 10473924.64, "Plan Rows": 6, "Plan Width": 172, "Actual Startup Time": 268290.538, "Actual Total Time": 268290.539, "Actual Rows": 4, "Actual Loops": 1, "Sort Key": ["l_returnflag", "l_linestatus"], "Sort Method": "quicksort", "Sort Space Used": 25, "Sort Space Type": "Memory", "Plans": [{"Node Type": "Aggregate", "Strategy": "Hashed", "Parent Relationship": "Outer", "Startup Cost": 10473924.44, "Total Cost": 10473924.55, "Plan Rows": 6, "Plan Width": 172, "Actual Startup Time": 268290.3, "Actual Total Time": 268290.319, "Actual Rows": 4, "Actual Loops": 1, "Group By Key": ["l_returnflag", "l_linestatus"], "Plans": [{"Node Type": "Index Scan", "Parent Relationship": "Outer", "Scan Direction": "Forward", "Index Name": "idx_lineitem_shipdate", "Relation Name": "lineitem", "Alias": "lineitem", "Startup Cost": 0.0, "Total Cost": 8123207.08, "Plan Rows": 58767934, "Plan Width": 36, "Actual Startup Time": 0.059, "Actual Total Time": 154990.063, "Actual Rows": 58773499, "Actual Loops": 1, "Index Cond": "(l_shipdate <= '1998-08-15 00:00:00'::timestamp without time zone), (LLVM Optimized, Jit Execute)", "Rows Removed by Index Recheck": 0}]}]}, "Triggers": [], "Planner Runtime": 0.39, "Total Runtime": 268302.787, "Unique SQL Id": 177413717}}, "(64, 42)": {"explain_plan": {"Plan": {"Node Type": "Sort", "Startup Cost": 4515800.46, "Total Cost": 4515800.47, "Plan Rows": 6, "Plan Width": 172, "Sort Key": ["l_returnflag", "l_linestatus"], "Plans": [{"Node Type": "Aggregate", "Strategy": "Hashed", "Parent Relationship": "Outer", "Startup Cost": 4515800.27, "Total Cost": 4515800.38, "Plan Rows": 6, "Plan Width": 172, "Group By Key": ["l_returnflag", "l_linestatus"], "Plans": [{"Node Type": "Seq Scan", "Parent Relationship": "Outer", "Relation Name": "lineitem", "Alias": "lineitem", "Startup Cost": 3.1, "Total Cost": 2165082.91, "Plan Rows": 58767934, "Plan Width": 36, "Filter": "(l_shipdate <= '1998-08-15 00:00:00'::timestamp without time zone), (LLVM Optimized)"}]}]}, "Unique SQL Id": 177413717}, "explain_analyze_plan": {"Plan": {"Node Type": "Sort", "Startup Cost": 4515800.46, "Total Cost": 4515800.47, "Plan Rows": 6, "Plan Width": 172, "Actual Startup Time": 131002.125, "Actual Total Time": 131002.126, "Actual Rows": 4, "Actual Loops": 1, "Sort Key": ["l_returnflag", "l_linestatus"], "Sort Method": "quicksort", "Sort Space Used": 25, "Sort Space Type": "Memory", "Plans": [{"Node Type": "Aggregate", "Strategy": "Hashed", "Parent Relationship": "Outer", "Startup Cost": 4515800.27, "Total Cost": 4515800.38, "Plan Rows": 6, "Plan Width": 172, "Actual Startup Time": 131002.051, "Actual Total Time": 131002.054, "Actual Rows": 4, "Actual Loops": 1, "Group By Key": ["l_returnflag", "l_linestatus"], "Plans": [{"Node Type": "Seq Scan", "Parent Relationship": "Outer", "Relation Name": "lineitem", "Alias": "lineitem", "Startup Cost": 3.1, "Total Cost": 2165082.91, "Plan Rows": 58767934, "Plan Width": 36, "Actual Startup Time": 0.023, "Actual Total Time": 27273.426, "Actual Rows": 58773499, "Actual Loops": 1, "Filter": "(l_shipdate <= '1998-08-15 00:00:00'::timestamp without time zone), (LLVM Optimized, Jit Execute)", "Rows Removed by Filter": 1212553}]}]}, "Triggers": [], "Planner Runtime": 0.395, "Total Runtime": 131013.594, "Unique SQL Id": 177413717}}, "(64, 43)": {"explain_plan": {"Plan": {"Node Type": "Sort", "Startup Cost": 1000218859008.79, "Total Cost": 1000218859008.81, "Plan Rows": 6, "Plan Width": 172, "Sort Key": ["l_returnflag", "l_linestatus"], "Plans": [{"Node Type": "Aggregate", "Strategy": "Hashed", "Parent Relationship": "Outer", "Startup Cost": 1000218859008.61, "Total Cost": 1000218859008.72, "Plan Rows": 6, "Plan Width": 172, "Group By Key": ["l_returnflag", "l_linestatus"], "Plans": [{"Node Type": "Seq Scan", "Parent Relationship": "Outer", "Relation Name": "lineitem", "Alias": "lineitem", "Startup Cost": 10000000003.1, "Total Cost": 1000216508291.25, "Plan Rows": 58767934, "Plan Width": 36, "Filter": "(l_shipdate <= '1998-08-15 00:00:00'::timestamp without time zone), (LLVM Optimized)"}]}]}, "Unique SQL Id": 177413717}, "explain_analyze_plan": {"Plan": {"Node Type": "Sort", "Startup Cost": 1000218859008.79, "Total Cost": 1000218859008.81, "Plan Rows": 6, "Plan Width": 172, "Actual Startup Time": 131611.272, "Actual Total Time": 131611.273, "Actual Rows": 4, "Actual Loops": 1, "Sort Key": ["l_returnflag", "l_linestatus"], "Sort Method": "quicksort", "Sort Space Used": 25, "Sort Space Type": "Memory", "Plans": [{"Node Type": "Aggregate", "Strategy": "Hashed", "Parent Relationship": "Outer", "Startup Cost": 1000218859008.61, "Total Cost": 1000218859008.72, "Plan Rows": 6, "Plan Width": 172, "Actual Startup Time": 131611.063, "Actual Total Time": 131611.077, "Actual Rows": 4, "Actual Loops": 1, "Group By Key": ["l_returnflag", "l_linestatus"], "Plans": [{"Node Type": "Seq Scan", "Parent Relationship": "Outer", "Relation Name": "lineitem", "Alias": "lineitem", "Startup Cost": 10000000003.1, "Total Cost": 1000216508291.25, "Plan Rows": 58767934, "Plan Width": 36, "Actual Startup Time": 0.032, "Actual Total Time": 27406.475, "Actual Rows": 58773499, "Actual Loops": 1, "Filter": "(l_shipdate <= '1998-08-15 00:00:00'::timestamp without time zone), (LLVM Optimized, Jit Execute)", "Rows Removed by Filter": 1212553}]}]}, "Triggers": [], "Planner Runtime": 0.32, "Total Runtime": 131622.731, "Unique SQL Id": 177413717}}, "(64, 44)": {"explain_plan": {"Plan": {"Node Type": "Sort", "Startup Cost": 4515800.46, "Total Cost": 4515800.47, "Plan Rows": 6, "Plan Width": 172, "Sort Key": ["l_returnflag", "l_linestatus"], "Plans": [{"Node Type": "Aggregate", "Strategy": "Hashed", "Parent Relationship": "Outer", "Startup Cost": 4515800.27, "Total Cost": 4515800.38, "Plan Rows": 6, "Plan Width": 172, "Group By Key": ["l_returnflag", "l_linestatus"], "Plans": [{"Node Type": "Seq Scan", "Parent Relationship": "Outer", "Relation Name": "lineitem", "Alias": "lineitem", "Startup Cost": 3.1, "Total Cost": 2165082.91, "Plan Rows": 58767934, "Plan Width": 36, "Filter": "(l_shipdate <= '1998-08-15 00:00:00'::timestamp without time zone), (LLVM Optimized)"}]}]}, "Unique SQL Id": 177413717}, "explain_analyze_plan": {"Plan": {"Node Type": "Sort", "Startup Cost": 4515800.46, "Total Cost": 4515800.47, "Plan Rows": 6, "Plan Width": 172, "Actual Startup Time": 131002.125, "Actual Total Time": 131002.126, "Actual Rows": 4, "Actual Loops": 1, "Sort Key": ["l_returnflag", "l_linestatus"], "Sort Method": "quicksort", "Sort Space Used": 25, "Sort Space Type": "Memory", "Plans": [{"Node Type": "Aggregate", "Strategy": "Hashed", "Parent Relationship": "Outer", "Startup Cost": 4515800.27, "Total Cost": 4515800.38, "Plan Rows": 6, "Plan Width": 172, "Actual Startup Time": 131002.051, "Actual Total Time": 131002.054, "Actual Rows": 4, "Actual Loops": 1, "Group By Key": ["l_returnflag", "l_linestatus"], "Plans": [{"Node Type": "Seq Scan", "Parent Relationship": "Outer", "Relation Name": "lineitem", "Alias": "lineitem", "Startup Cost": 3.1, "Total Cost": 2165082.91, "Plan Rows": 58767934, "Plan Width": 36, "Actual Startup Time": 0.023, "Actual Total Time": 27273.426, "Actual Rows": 58773499, "Actual Loops": 1, "Filter": "(l_shipdate <= '1998-08-15 00:00:00'::timestamp without time zone), (LLVM Optimized, Jit Execute)", "Rows Removed by Filter": 1212553}]}]}, "Triggers": [], "Planner Runtime": 0.395, "Total Runtime": 131013.594, "Unique SQL Id": 177413717}}, "(64, 45)": {"explain_plan": {"Plan": {"Node Type": "Sort", "Startup Cost": 10473924.63, "Total Cost": 10473924.64, "Plan Rows": 6, "Plan Width": 172, "Sort Key": ["l_returnflag", "l_linestatus"], "Plans": [{"Node Type": "Aggregate", "Strategy": "Hashed", "Parent Relationship": "Outer", "Startup Cost": 10473924.44, "Total Cost": 10473924.55, "Plan Rows": 6, "Plan Width": 172, "Group By Key": ["l_returnflag", "l_linestatus"], "Plans": [{"Node Type": "Index Scan", "Parent Relationship": "Outer", "Scan Direction": "Forward", "Index Name": "idx_lineitem_shipdate", "Relation Name": "lineitem", "Alias": "lineitem", "Startup Cost": 0.0, "Total Cost": 8123207.08, "Plan Rows": 58767934, "Plan Width": 36, "Index Cond": "(l_shipdate <= '1998-08-15 00:00:00'::timestamp without time zone), (LLVM Optimized)"}]}]}, "Unique SQL Id": 177413717}, "explain_analyze_plan": {"Plan": {"Node Type": "Sort", "Startup Cost": 10473924.63, "Total Cost": 10473924.64, "Plan Rows": 6, "Plan Width": 172, "Actual Startup Time": 268290.538, "Actual Total Time": 268290.539, "Actual Rows": 4, "Actual Loops": 1, "Sort Key": ["l_returnflag", "l_linestatus"], "Sort Method": "quicksort", "Sort Space Used": 25, "Sort Space Type": "Memory", "Plans": [{"Node Type": "Aggregate", "Strategy": "Hashed", "Parent Relationship": "Outer", "Startup Cost": 10473924.44, "Total Cost": 10473924.55, "Plan Rows": 6, "Plan Width": 172, "Actual Startup Time": 268290.3, "Actual Total Time": 268290.319, "Actual Rows": 4, "Actual Loops": 1, "Group By Key": ["l_returnflag", "l_linestatus"], "Plans": [{"Node Type": "Index Scan", "Parent Relationship": "Outer", "Scan Direction": "Forward", "Index Name": "idx_lineitem_shipdate", "Relation Name": "lineitem", "Alias": "lineitem", "Startup Cost": 0.0, "Total Cost": 8123207.08, "Plan Rows": 58767934, "Plan Width": 36, "Actual Startup Time": 0.059, "Actual Total Time": 154990.063, "Actual Rows": 58773499, "Actual Loops": 1, "Index Cond": "(l_shipdate <= '1998-08-15 00:00:00'::timestamp without time zone), (LLVM Optimized, Jit Execute)", "Rows Removed by Index Recheck": 0}]}]}, "Triggers": [], "Planner Runtime": 0.39, "Total Runtime": 268302.787, "Unique SQL Id": 177413717}}, "(64, 46)": {"explain_plan": {"Plan": {"Node Type": "Sort", "Startup Cost": 4515800.46, "Total Cost": 4515800.47, "Plan Rows": 6, "Plan Width": 172, "Sort Key": ["l_returnflag", "l_linestatus"], "Plans": [{"Node Type": "Aggregate", "Strategy": "Hashed", "Parent Relationship": "Outer", "Startup Cost": 4515800.27, "Total Cost": 4515800.38, "Plan Rows": 6, "Plan Width": 172, "Group By Key": ["l_returnflag", "l_linestatus"], "Plans": [{"Node Type": "Seq Scan", "Parent Relationship": "Outer", "Relation Name": "lineitem", "Alias": "lineitem", "Startup Cost": 3.1, "Total Cost": 2165082.91, "Plan Rows": 58767934, "Plan Width": 36, "Filter": "(l_shipdate <= '1998-08-15 00:00:00'::timestamp without time zone), (LLVM Optimized)"}]}]}, "Unique SQL Id": 177413717}, "explain_analyze_plan": {"Plan": {"Node Type": "Sort", "Startup Cost": 4515800.46, "Total Cost": 4515800.47, "Plan Rows": 6, "Plan Width": 172, "Actual Startup Time": 131002.125, "Actual Total Time": 131002.126, "Actual Rows": 4, "Actual Loops": 1, "Sort Key": ["l_returnflag", "l_linestatus"], "Sort Method": "quicksort", "Sort Space Used": 25, "Sort Space Type": "Memory", "Plans": [{"Node Type": "Aggregate", "Strategy": "Hashed", "Parent Relationship": "Outer", "Startup Cost": 4515800.27, "Total Cost": 4515800.38, "Plan Rows": 6, "Plan Width": 172, "Actual Startup Time": 131002.051, "Actual Total Time": 131002.054, "Actual Rows": 4, "Actual Loops": 1, "Group By Key": ["l_returnflag", "l_linestatus"], "Plans": [{"Node Type": "Seq Scan", "Parent Relationship": "Outer", "Relation Name": "lineitem", "Alias": "lineitem", "Startup Cost": 3.1, "Total Cost": 2165082.91, "Plan Rows": 58767934, "Plan Width": 36, "Actual Startup Time": 0.023, "Actual Total Time": 27273.426, "Actual Rows": 58773499, "Actual Loops": 1, "Filter": "(l_shipdate <= '1998-08-15 00:00:00'::timestamp without time zone), (LLVM Optimized, Jit Execute)", "Rows Removed by Filter": 1212553}]}]}, "Triggers": [], "Planner Runtime": 0.395, "Total Runtime": 131013.594, "Unique SQL Id": 177413717}}, "(64, 47)": {"explain_plan": {"Plan": {"Node Type": "Sort", "Startup Cost": 1000218859008.79, "Total Cost": 1000218859008.81, "Plan Rows": 6, "Plan Width": 172, "Sort Key": ["l_returnflag", "l_linestatus"], "Plans": [{"Node Type": "Aggregate", "Strategy": "Hashed", "Parent Relationship": "Outer", "Startup Cost": 1000218859008.61, "Total Cost": 1000218859008.72, "Plan Rows": 6, "Plan Width": 172, "Group By Key": ["l_returnflag", "l_linestatus"], "Plans": [{"Node Type": "Seq Scan", "Parent Relationship": "Outer", "Relation Name": "lineitem", "Alias": "lineitem", "Startup Cost": 10000000003.1, "Total Cost": 1000216508291.25, "Plan Rows": 58767934, "Plan Width": 36, "Filter": "(l_shipdate <= '1998-08-15 00:00:00'::timestamp without time zone), (LLVM Optimized)"}]}]}, "Unique SQL Id": 177413717}, "explain_analyze_plan": {"Plan": {"Node Type": "Sort", "Startup Cost": 1000218859008.79, "Total Cost": 1000218859008.81, "Plan Rows": 6, "Plan Width": 172, "Actual Startup Time": 131611.272, "Actual Total Time": 131611.273, "Actual Rows": 4, "Actual Loops": 1, "Sort Key": ["l_returnflag", "l_linestatus"], "Sort Method": "quicksort", "Sort Space Used": 25, "Sort Space Type": "Memory", "Plans": [{"Node Type": "Aggregate", "Strategy": "Hashed", "Parent Relationship": "Outer", "Startup Cost": 1000218859008.61, "Total Cost": 1000218859008.72, "Plan Rows": 6, "Plan Width": 172, "Actual Startup Time": 131611.063, "Actual Total Time": 131611.077, "Actual Rows": 4, "Actual Loops": 1, "Group By Key": ["l_returnflag", "l_linestatus"], "Plans": [{"Node Type": "Seq Scan", "Parent Relationship": "Outer", "Relation Name": "lineitem", "Alias": "lineitem", "Startup Cost": 10000000003.1, "Total Cost": 1000216508291.25, "Plan Rows": 58767934, "Plan Width": 36, "Actual Startup Time": 0.032, "Actual Total Time": 27406.475, "Actual Rows": 58773499, "Actual Loops": 1, "Filter": "(l_shipdate <= '1998-08-15 00:00:00'::timestamp without time zone), (LLVM Optimized, Jit Execute)", "Rows Removed by Filter": 1212553}]}]}, "Triggers": [], "Planner Runtime": 0.32, "Total Runtime": 131622.731, "Unique SQL Id": 177413717}}, "(64, 48)": {"explain_plan": {"Plan": {"Node Type": "Sort", "Startup Cost": 4515800.46, "Total Cost": 4515800.47, "Plan Rows": 6, "Plan Width": 172, "Sort Key": ["l_returnflag", "l_linestatus"], "Plans": [{"Node Type": "Aggregate", "Strategy": "Hashed", "Parent Relationship": "Outer", "Startup Cost": 4515800.27, "Total Cost": 4515800.38, "Plan Rows": 6, "Plan Width": 172, "Group By Key": ["l_returnflag", "l_linestatus"], "Plans": [{"Node Type": "Seq Scan", "Parent Relationship": "Outer", "Relation Name": "lineitem", "Alias": "lineitem", "Startup Cost": 3.1, "Total Cost": 2165082.91, "Plan Rows": 58767934, "Plan Width": 36, "Filter": "(l_shipdate <= '1998-08-15 00:00:00'::timestamp without time zone), (LLVM Optimized)"}]}]}, "Unique SQL Id": 177413717}, "explain_analyze_plan": {"Plan": {"Node Type": "Sort", "Startup Cost": 4515800.46, "Total Cost": 4515800.47, "Plan Rows": 6, "Plan Width": 172, "Actual Startup Time": 131002.125, "Actual Total Time": 131002.126, "Actual Rows": 4, "Actual Loops": 1, "Sort Key": ["l_returnflag", "l_linestatus"], "Sort Method": "quicksort", "Sort Space Used": 25, "Sort Space Type": "Memory", "Plans": [{"Node Type": "Aggregate", "Strategy": "Hashed", "Parent Relationship": "Outer", "Startup Cost": 4515800.27, "Total Cost": 4515800.38, "Plan Rows": 6, "Plan Width": 172, "Actual Startup Time": 131002.051, "Actual Total Time": 131002.054, "Actual Rows": 4, "Actual Loops": 1, "Group By Key": ["l_returnflag", "l_linestatus"], "Plans": [{"Node Type": "Seq Scan", "Parent Relationship": "Outer", "Relation Name": "lineitem", "Alias": "lineitem", "Startup Cost": 3.1, "Total Cost": 2165082.91, "Plan Rows": 58767934, "Plan Width": 36, "Actual Startup Time": 0.023, "Actual Total Time": 27273.426, "Actual Rows": 58773499, "Actual Loops": 1, "Filter": "(l_shipdate <= '1998-08-15 00:00:00'::timestamp without time zone), (LLVM Optimized, Jit Execute)", "Rows Removed by Filter": 1212553}]}]}, "Triggers": [], "Planner Runtime": 0.395, "Total Runtime": 131013.594, "Unique SQL Id": 177413717}}, "(64, 49)": {"explain_plan": {"Plan": {"Node Type": "Sort", "Startup Cost": 6389801.46, "Total Cost": 6389801.47, "Plan Rows": 6, "Plan Width": 172, "Sort Key": ["l_returnflag", "l_linestatus"], "Plans": [{"Node Type": "Aggregate", "Strategy": "Hashed", "Parent Relationship": "Outer", "Startup Cost": 6389801.27, "Total Cost": 6389801.38, "Plan Rows": 6, "Plan Width": 172, "Group By Key": ["l_returnflag", "l_linestatus"], "Plans": [{"Node Type": "Bitmap Heap Scan", "Parent Relationship": "Outer", "Relation Name": "lineitem", "Alias": "lineitem", "Startup Cost": 1889239.74, "Total Cost": 4039083.91, "Plan Rows": 58767934, "Plan Width": 36, "Recheck Cond": "(l_shipdate <= '1998-08-15 00:00:00'::timestamp without time zone), (LLVM Optimized)", "Plans": [{"Node Type": "Bitmap Index Scan", "Parent Relationship": "Outer", "Index Name": "idx_lineitem_shipdate", "Startup Cost": 0.0, "Total Cost": 1874547.75, "Plan Rows": 58767934, "Plan Width": 0, "Index Cond": "(l_shipdate <= '1998-08-15 00:00:00'::timestamp without time zone)"}]}]}]}, "Unique SQL Id": 177413717}, "explain_analyze_plan": {"Plan": {"Node Type": "Sort", "Startup Cost": 6389801.46, "Total Cost": 6389801.47, "Plan Rows": 6, "Plan Width": 172, "Actual Startup Time": 159302.231, "Actual Total Time": 159302.232, "Actual Rows": 4, "Actual Loops": 1, "Sort Key": ["l_returnflag", "l_linestatus"], "Sort Method": "quicksort", "Sort Space Used": 25, "Sort Space Type": "Memory", "Plans": [{"Node Type": "Aggregate", "Strategy": "Hashed", "Parent Relationship": "Outer", "Startup Cost": 6389801.27, "Total Cost": 6389801.38, "Plan Rows": 6, "Plan Width": 172, "Actual Startup Time": 159302.121, "Actual Total Time": 159302.125, "Actual Rows": 4, "Actual Loops": 1, "Group By Key": ["l_returnflag", "l_linestatus"], "Plans": [{"Node Type": "Bitmap Heap Scan", "Parent Relationship": "Outer", "Relation Name": "lineitem", "Alias": "lineitem", "Startup Cost": 1889239.74, "Total Cost": 4039083.91, "Plan Rows": 58767934, "Plan Width": 36, "Actual Startup Time": 27630.539, "Actual Total Time": 56618.821, "Actual Rows": 58773499, "Actual Loops": 1, "Recheck Cond": "(l_shipdate <= '1998-08-15 00:00:00'::timestamp without time zone), (LLVM Optimized, Jit Execute)", "Rows Removed by Index Recheck": 0, "Exact Heap Blocks": 1415245, "Lossy Heap Blocks": 1415245, "Plans": [{"Node Type": "Bitmap Index Scan", "Parent Relationship": "Outer", "Index Name": "idx_lineitem_shipdate", "Startup Cost": 0.0, "Total Cost": 1874547.75, "Plan Rows": 58767934, "Plan Width": 0, "Actual Startup Time": 26819.752, "Actual Total Time": 26819.752, "Actual Rows": 58773499, "Actual Loops": 1, "Index Cond": "(l_shipdate <= '1998-08-15 00:00:00'::timestamp without time zone)"}]}]}]}, "Triggers": [], "Planner Runtime": 0.41, "Total Runtime": 159315.57, "Unique SQL Id": 177413717}}, "(64, 50)": {"explain_plan": {"Plan": {"Node Type": "Sort", "Startup Cost": 4515800.46, "Total Cost": 4515800.47, "Plan Rows": 6, "Plan Width": 172, "Sort Key": ["l_returnflag", "l_linestatus"], "Plans": [{"Node Type": "Aggregate", "Strategy": "Hashed", "Parent Relationship": "Outer", "Startup Cost": 4515800.27, "Total Cost": 4515800.38, "Plan Rows": 6, "Plan Width": 172, "Group By Key": ["l_returnflag", "l_linestatus"], "Plans": [{"Node Type": "Seq Scan", "Parent Relationship": "Outer", "Relation Name": "lineitem", "Alias": "lineitem", "Startup Cost": 3.1, "Total Cost": 2165082.91, "Plan Rows": 58767934, "Plan Width": 36, "Filter": "(l_shipdate <= '1998-08-15 00:00:00'::timestamp without time zone), (LLVM Optimized)"}]}]}, "Unique SQL Id": 177413717}, "explain_analyze_plan": {"Plan": {"Node Type": "Sort", "Startup Cost": 4515800.46, "Total Cost": 4515800.47, "Plan Rows": 6, "Plan Width": 172, "Actual Startup Time": 131002.125, "Actual Total Time": 131002.126, "Actual Rows": 4, "Actual Loops": 1, "Sort Key": ["l_returnflag", "l_linestatus"], "Sort Method": "quicksort", "Sort Space Used": 25, "Sort Space Type": "Memory", "Plans": [{"Node Type": "Aggregate", "Strategy": "Hashed", "Parent Relationship": "Outer", "Startup Cost": 4515800.27, "Total Cost": 4515800.38, "Plan Rows": 6, "Plan Width": 172, "Actual Startup Time": 131002.051, "Actual Total Time": 131002.054, "Actual Rows": 4, "Actual Loops": 1, "Group By Key": ["l_returnflag", "l_linestatus"], "Plans": [{"Node Type": "Seq Scan", "Parent Relationship": "Outer", "Relation Name": "lineitem", "Alias": "lineitem", "Startup Cost": 3.1, "Total Cost": 2165082.91, "Plan Rows": 58767934, "Plan Width": 36, "Actual Startup Time": 0.023, "Actual Total Time": 27273.426, "Actual Rows": 58773499, "Actual Loops": 1, "Filter": "(l_shipdate <= '1998-08-15 00:00:00'::timestamp without time zone), (LLVM Optimized, Jit Execute)", "Rows Removed by Filter": 1212553}]}]}, "Triggers": [], "Planner Runtime": 0.395, "Total Runtime": 131013.594, "Unique SQL Id": 177413717}}, "(64, 51)": {"explain_plan": {"Plan": {"Node Type": "Sort", "Startup Cost": 6389801.46, "Total Cost": 6389801.47, "Plan Rows": 6, "Plan Width": 172, "Sort Key": ["l_returnflag", "l_linestatus"], "Plans": [{"Node Type": "Aggregate", "Strategy": "Hashed", "Parent Relationship": "Outer", "Startup Cost": 6389801.27, "Total Cost": 6389801.38, "Plan Rows": 6, "Plan Width": 172, "Group By Key": ["l_returnflag", "l_linestatus"], "Plans": [{"Node Type": "Bitmap Heap Scan", "Parent Relationship": "Outer", "Relation Name": "lineitem", "Alias": "lineitem", "Startup Cost": 1889239.74, "Total Cost": 4039083.91, "Plan Rows": 58767934, "Plan Width": 36, "Recheck Cond": "(l_shipdate <= '1998-08-15 00:00:00'::timestamp without time zone), (LLVM Optimized)", "Plans": [{"Node Type": "Bitmap Index Scan", "Parent Relationship": "Outer", "Index Name": "idx_lineitem_shipdate", "Startup Cost": 0.0, "Total Cost": 1874547.75, "Plan Rows": 58767934, "Plan Width": 0, "Index Cond": "(l_shipdate <= '1998-08-15 00:00:00'::timestamp without time zone)"}]}]}]}, "Unique SQL Id": 177413717}, "explain_analyze_plan": {"Plan": {"Node Type": "Sort", "Startup Cost": 6389801.46, "Total Cost": 6389801.47, "Plan Rows": 6, "Plan Width": 172, "Actual Startup Time": 159302.231, "Actual Total Time": 159302.232, "Actual Rows": 4, "Actual Loops": 1, "Sort Key": ["l_returnflag", "l_linestatus"], "Sort Method": "quicksort", "Sort Space Used": 25, "Sort Space Type": "Memory", "Plans": [{"Node Type": "Aggregate", "Strategy": "Hashed", "Parent Relationship": "Outer", "Startup Cost": 6389801.27, "Total Cost": 6389801.38, "Plan Rows": 6, "Plan Width": 172, "Actual Startup Time": 159302.121, "Actual Total Time": 159302.125, "Actual Rows": 4, "Actual Loops": 1, "Group By Key": ["l_returnflag", "l_linestatus"], "Plans": [{"Node Type": "Bitmap Heap Scan", "Parent Relationship": "Outer", "Relation Name": "lineitem", "Alias": "lineitem", "Startup Cost": 1889239.74, "Total Cost": 4039083.91, "Plan Rows": 58767934, "Plan Width": 36, "Actual Startup Time": 27630.539, "Actual Total Time": 56618.821, "Actual Rows": 58773499, "Actual Loops": 1, "Recheck Cond": "(l_shipdate <= '1998-08-15 00:00:00'::timestamp without time zone), (LLVM Optimized, Jit Execute)", "Rows Removed by Index Recheck": 0, "Exact Heap Blocks": 1415245, "Lossy Heap Blocks": 1415245, "Plans": [{"Node Type": "Bitmap Index Scan", "Parent Relationship": "Outer", "Index Name": "idx_lineitem_shipdate", "Startup Cost": 0.0, "Total Cost": 1874547.75, "Plan Rows": 58767934, "Plan Width": 0, "Actual Startup Time": 26819.752, "Actual Total Time": 26819.752, "Actual Rows": 58773499, "Actual Loops": 1, "Index Cond": "(l_shipdate <= '1998-08-15 00:00:00'::timestamp without time zone)"}]}]}]}, "Triggers": [], "Planner Runtime": 0.41, "Total Runtime": 159315.57, "Unique SQL Id": 177413717}}, "(64, 52)": {"explain_plan": {"Plan": {"Node Type": "Sort", "Startup Cost": 4515800.46, "Total Cost": 4515800.47, "Plan Rows": 6, "Plan Width": 172, "Sort Key": ["l_returnflag", "l_linestatus"], "Plans": [{"Node Type": "Aggregate", "Strategy": "Hashed", "Parent Relationship": "Outer", "Startup Cost": 4515800.27, "Total Cost": 4515800.38, "Plan Rows": 6, "Plan Width": 172, "Group By Key": ["l_returnflag", "l_linestatus"], "Plans": [{"Node Type": "Seq Scan", "Parent Relationship": "Outer", "Relation Name": "lineitem", "Alias": "lineitem", "Startup Cost": 3.1, "Total Cost": 2165082.91, "Plan Rows": 58767934, "Plan Width": 36, "Filter": "(l_shipdate <= '1998-08-15 00:00:00'::timestamp without time zone), (LLVM Optimized)"}]}]}, "Unique SQL Id": 177413717}, "explain_analyze_plan": {"Plan": {"Node Type": "Sort", "Startup Cost": 4515800.46, "Total Cost": 4515800.47, "Plan Rows": 6, "Plan Width": 172, "Actual Startup Time": 131002.125, "Actual Total Time": 131002.126, "Actual Rows": 4, "Actual Loops": 1, "Sort Key": ["l_returnflag", "l_linestatus"], "Sort Method": "quicksort", "Sort Space Used": 25, "Sort Space Type": "Memory", "Plans": [{"Node Type": "Aggregate", "Strategy": "Hashed", "Parent Relationship": "Outer", "Startup Cost": 4515800.27, "Total Cost": 4515800.38, "Plan Rows": 6, "Plan Width": 172, "Actual Startup Time": 131002.051, "Actual Total Time": 131002.054, "Actual Rows": 4, "Actual Loops": 1, "Group By Key": ["l_returnflag", "l_linestatus"], "Plans": [{"Node Type": "Seq Scan", "Parent Relationship": "Outer", "Relation Name": "lineitem", "Alias": "lineitem", "Startup Cost": 3.1, "Total Cost": 2165082.91, "Plan Rows": 58767934, "Plan Width": 36, "Actual Startup Time": 0.023, "Actual Total Time": 27273.426, "Actual Rows": 58773499, "Actual Loops": 1, "Filter": "(l_shipdate <= '1998-08-15 00:00:00'::timestamp without time zone), (LLVM Optimized, Jit Execute)", "Rows Removed by Filter": 1212553}]}]}, "Triggers": [], "Planner Runtime": 0.395, "Total Runtime": 131013.594, "Unique SQL Id": 177413717}}, "(64, 53)": {"explain_plan": {"Plan": {"Node Type": "Sort", "Startup Cost": 6389801.46, "Total Cost": 6389801.47, "Plan Rows": 6, "Plan Width": 172, "Sort Key": ["l_returnflag", "l_linestatus"], "Plans": [{"Node Type": "Aggregate", "Strategy": "Hashed", "Parent Relationship": "Outer", "Startup Cost": 6389801.27, "Total Cost": 6389801.38, "Plan Rows": 6, "Plan Width": 172, "Group By Key": ["l_returnflag", "l_linestatus"], "Plans": [{"Node Type": "Bitmap Heap Scan", "Parent Relationship": "Outer", "Relation Name": "lineitem", "Alias": "lineitem", "Startup Cost": 1889239.74, "Total Cost": 4039083.91, "Plan Rows": 58767934, "Plan Width": 36, "Recheck Cond": "(l_shipdate <= '1998-08-15 00:00:00'::timestamp without time zone), (LLVM Optimized)", "Plans": [{"Node Type": "Bitmap Index Scan", "Parent Relationship": "Outer", "Index Name": "idx_lineitem_shipdate", "Startup Cost": 0.0, "Total Cost": 1874547.75, "Plan Rows": 58767934, "Plan Width": 0, "Index Cond": "(l_shipdate <= '1998-08-15 00:00:00'::timestamp without time zone)"}]}]}]}, "Unique SQL Id": 177413717}, "explain_analyze_plan": {"Plan": {"Node Type": "Sort", "Startup Cost": 6389801.46, "Total Cost": 6389801.47, "Plan Rows": 6, "Plan Width": 172, "Actual Startup Time": 159302.231, "Actual Total Time": 159302.232, "Actual Rows": 4, "Actual Loops": 1, "Sort Key": ["l_returnflag", "l_linestatus"], "Sort Method": "quicksort", "Sort Space Used": 25, "Sort Space Type": "Memory", "Plans": [{"Node Type": "Aggregate", "Strategy": "Hashed", "Parent Relationship": "Outer", "Startup Cost": 6389801.27, "Total Cost": 6389801.38, "Plan Rows": 6, "Plan Width": 172, "Actual Startup Time": 159302.121, "Actual Total Time": 159302.125, "Actual Rows": 4, "Actual Loops": 1, "Group By Key": ["l_returnflag", "l_linestatus"], "Plans": [{"Node Type": "Bitmap Heap Scan", "Parent Relationship": "Outer", "Relation Name": "lineitem", "Alias": "lineitem", "Startup Cost": 1889239.74, "Total Cost": 4039083.91, "Plan Rows": 58767934, "Plan Width": 36, "Actual Startup Time": 27630.539, "Actual Total Time": 56618.821, "Actual Rows": 58773499, "Actual Loops": 1, "Recheck Cond": "(l_shipdate <= '1998-08-15 00:00:00'::timestamp without time zone), (LLVM Optimized, Jit Execute)", "Rows Removed by Index Recheck": 0, "Exact Heap Blocks": 1415245, "Lossy Heap Blocks": 1415245, "Plans": [{"Node Type": "Bitmap Index Scan", "Parent Relationship": "Outer", "Index Name": "idx_lineitem_shipdate", "Startup Cost": 0.0, "Total Cost": 1874547.75, "Plan Rows": 58767934, "Plan Width": 0, "Actual Startup Time": 26819.752, "Actual Total Time": 26819.752, "Actual Rows": 58773499, "Actual Loops": 1, "Index Cond": "(l_shipdate <= '1998-08-15 00:00:00'::timestamp without time zone)"}]}]}]}, "Triggers": [], "Planner Runtime": 0.41, "Total Runtime": 159315.57, "Unique SQL Id": 177413717}}, "(64, 54)": {"explain_plan": {"Plan": {"Node Type": "Sort", "Startup Cost": 4515800.46, "Total Cost": 4515800.47, "Plan Rows": 6, "Plan Width": 172, "Sort Key": ["l_returnflag", "l_linestatus"], "Plans": [{"Node Type": "Aggregate", "Strategy": "Hashed", "Parent Relationship": "Outer", "Startup Cost": 4515800.27, "Total Cost": 4515800.38, "Plan Rows": 6, "Plan Width": 172, "Group By Key": ["l_returnflag", "l_linestatus"], "Plans": [{"Node Type": "Seq Scan", "Parent Relationship": "Outer", "Relation Name": "lineitem", "Alias": "lineitem", "Startup Cost": 3.1, "Total Cost": 2165082.91, "Plan Rows": 58767934, "Plan Width": 36, "Filter": "(l_shipdate <= '1998-08-15 00:00:00'::timestamp without time zone), (LLVM Optimized)"}]}]}, "Unique SQL Id": 177413717}, "explain_analyze_plan": {"Plan": {"Node Type": "Sort", "Startup Cost": 4515800.46, "Total Cost": 4515800.47, "Plan Rows": 6, "Plan Width": 172, "Actual Startup Time": 131002.125, "Actual Total Time": 131002.126, "Actual Rows": 4, "Actual Loops": 1, "Sort Key": ["l_returnflag", "l_linestatus"], "Sort Method": "quicksort", "Sort Space Used": 25, "Sort Space Type": "Memory", "Plans": [{"Node Type": "Aggregate", "Strategy": "Hashed", "Parent Relationship": "Outer", "Startup Cost": 4515800.27, "Total Cost": 4515800.38, "Plan Rows": 6, "Plan Width": 172, "Actual Startup Time": 131002.051, "Actual Total Time": 131002.054, "Actual Rows": 4, "Actual Loops": 1, "Group By Key": ["l_returnflag", "l_linestatus"], "Plans": [{"Node Type": "Seq Scan", "Parent Relationship": "Outer", "Relation Name": "lineitem", "Alias": "lineitem", "Startup Cost": 3.1, "Total Cost": 2165082.91, "Plan Rows": 58767934, "Plan Width": 36, "Actual Startup Time": 0.023, "Actual Total Time": 27273.426, "Actual Rows": 58773499, "Actual Loops": 1, "Filter": "(l_shipdate <= '1998-08-15 00:00:00'::timestamp without time zone), (LLVM Optimized, Jit Execute)", "Rows Removed by Filter": 1212553}]}]}, "Triggers": [], "Planner Runtime": 0.395, "Total Runtime": 131013.594, "Unique SQL Id": 177413717}}, "(64, 55)": {"explain_plan": {"Plan": {"Node Type": "Sort", "Startup Cost": 6389801.46, "Total Cost": 6389801.47, "Plan Rows": 6, "Plan Width": 172, "Sort Key": ["l_returnflag", "l_linestatus"], "Plans": [{"Node Type": "Aggregate", "Strategy": "Hashed", "Parent Relationship": "Outer", "Startup Cost": 6389801.27, "Total Cost": 6389801.38, "Plan Rows": 6, "Plan Width": 172, "Group By Key": ["l_returnflag", "l_linestatus"], "Plans": [{"Node Type": "Bitmap Heap Scan", "Parent Relationship": "Outer", "Relation Name": "lineitem", "Alias": "lineitem", "Startup Cost": 1889239.74, "Total Cost": 4039083.91, "Plan Rows": 58767934, "Plan Width": 36, "Recheck Cond": "(l_shipdate <= '1998-08-15 00:00:00'::timestamp without time zone), (LLVM Optimized)", "Plans": [{"Node Type": "Bitmap Index Scan", "Parent Relationship": "Outer", "Index Name": "idx_lineitem_shipdate", "Startup Cost": 0.0, "Total Cost": 1874547.75, "Plan Rows": 58767934, "Plan Width": 0, "Index Cond": "(l_shipdate <= '1998-08-15 00:00:00'::timestamp without time zone)"}]}]}]}, "Unique SQL Id": 177413717}, "explain_analyze_plan": {"Plan": {"Node Type": "Sort", "Startup Cost": 6389801.46, "Total Cost": 6389801.47, "Plan Rows": 6, "Plan Width": 172, "Actual Startup Time": 159302.231, "Actual Total Time": 159302.232, "Actual Rows": 4, "Actual Loops": 1, "Sort Key": ["l_returnflag", "l_linestatus"], "Sort Method": "quicksort", "Sort Space Used": 25, "Sort Space Type": "Memory", "Plans": [{"Node Type": "Aggregate", "Strategy": "Hashed", "Parent Relationship": "Outer", "Startup Cost": 6389801.27, "Total Cost": 6389801.38, "Plan Rows": 6, "Plan Width": 172, "Actual Startup Time": 159302.121, "Actual Total Time": 159302.125, "Actual Rows": 4, "Actual Loops": 1, "Group By Key": ["l_returnflag", "l_linestatus"], "Plans": [{"Node Type": "Bitmap Heap Scan", "Parent Relationship": "Outer", "Relation Name": "lineitem", "Alias": "lineitem", "Startup Cost": 1889239.74, "Total Cost": 4039083.91, "Plan Rows": 58767934, "Plan Width": 36, "Actual Startup Time": 27630.539, "Actual Total Time": 56618.821, "Actual Rows": 58773499, "Actual Loops": 1, "Recheck Cond": "(l_shipdate <= '1998-08-15 00:00:00'::timestamp without time zone), (LLVM Optimized, Jit Execute)", "Rows Removed by Index Recheck": 0, "Exact Heap Blocks": 1415245, "Lossy Heap Blocks": 1415245, "Plans": [{"Node Type": "Bitmap Index Scan", "Parent Relationship": "Outer", "Index Name": "idx_lineitem_shipdate", "Startup Cost": 0.0, "Total Cost": 1874547.75, "Plan Rows": 58767934, "Plan Width": 0, "Actual Startup Time": 26819.752, "Actual Total Time": 26819.752, "Actual Rows": 58773499, "Actual Loops": 1, "Index Cond": "(l_shipdate <= '1998-08-15 00:00:00'::timestamp without time zone)"}]}]}]}, "Triggers": [], "Planner Runtime": 0.41, "Total Runtime": 159315.57, "Unique SQL Id": 177413717}}, "(64, 56)": {"explain_plan": {"Plan": {"Node Type": "Sort", "Startup Cost": 4515800.46, "Total Cost": 4515800.47, "Plan Rows": 6, "Plan Width": 172, "Sort Key": ["l_returnflag", "l_linestatus"], "Plans": [{"Node Type": "Aggregate", "Strategy": "Hashed", "Parent Relationship": "Outer", "Startup Cost": 4515800.27, "Total Cost": 4515800.38, "Plan Rows": 6, "Plan Width": 172, "Group By Key": ["l_returnflag", "l_linestatus"], "Plans": [{"Node Type": "Seq Scan", "Parent Relationship": "Outer", "Relation Name": "lineitem", "Alias": "lineitem", "Startup Cost": 3.1, "Total Cost": 2165082.91, "Plan Rows": 58767934, "Plan Width": 36, "Filter": "(l_shipdate <= '1998-08-15 00:00:00'::timestamp without time zone), (LLVM Optimized)"}]}]}, "Unique SQL Id": 177413717}, "explain_analyze_plan": {"Plan": {"Node Type": "Sort", "Startup Cost": 4515800.46, "Total Cost": 4515800.47, "Plan Rows": 6, "Plan Width": 172, "Actual Startup Time": 131002.125, "Actual Total Time": 131002.126, "Actual Rows": 4, "Actual Loops": 1, "Sort Key": ["l_returnflag", "l_linestatus"], "Sort Method": "quicksort", "Sort Space Used": 25, "Sort Space Type": "Memory", "Plans": [{"Node Type": "Aggregate", "Strategy": "Hashed", "Parent Relationship": "Outer", "Startup Cost": 4515800.27, "Total Cost": 4515800.38, "Plan Rows": 6, "Plan Width": 172, "Actual Startup Time": 131002.051, "Actual Total Time": 131002.054, "Actual Rows": 4, "Actual Loops": 1, "Group By Key": ["l_returnflag", "l_linestatus"], "Plans": [{"Node Type": "Seq Scan", "Parent Relationship": "Outer", "Relation Name": "lineitem", "Alias": "lineitem", "Startup Cost": 3.1, "Total Cost": 2165082.91, "Plan Rows": 58767934, "Plan Width": 36, "Actual Startup Time": 0.023, "Actual Total Time": 27273.426, "Actual Rows": 58773499, "Actual Loops": 1, "Filter": "(l_shipdate <= '1998-08-15 00:00:00'::timestamp without time zone), (LLVM Optimized, Jit Execute)", "Rows Removed by Filter": 1212553}]}]}, "Triggers": [], "Planner Runtime": 0.395, "Total Runtime": 131013.594, "Unique SQL Id": 177413717}}, "(64, 57)": {"explain_plan": {"Plan": {"Node Type": "Sort", "Startup Cost": 10473924.63, "Total Cost": 10473924.64, "Plan Rows": 6, "Plan Width": 172, "Sort Key": ["l_returnflag", "l_linestatus"], "Plans": [{"Node Type": "Aggregate", "Strategy": "Hashed", "Parent Relationship": "Outer", "Startup Cost": 10473924.44, "Total Cost": 10473924.55, "Plan Rows": 6, "Plan Width": 172, "Group By Key": ["l_returnflag", "l_linestatus"], "Plans": [{"Node Type": "Index Scan", "Parent Relationship": "Outer", "Scan Direction": "Forward", "Index Name": "idx_lineitem_shipdate", "Relation Name": "lineitem", "Alias": "lineitem", "Startup Cost": 0.0, "Total Cost": 8123207.08, "Plan Rows": 58767934, "Plan Width": 36, "Index Cond": "(l_shipdate <= '1998-08-15 00:00:00'::timestamp without time zone), (LLVM Optimized)"}]}]}, "Unique SQL Id": 177413717}, "explain_analyze_plan": {"Plan": {"Node Type": "Sort", "Startup Cost": 10473924.63, "Total Cost": 10473924.64, "Plan Rows": 6, "Plan Width": 172, "Actual Startup Time": 268290.538, "Actual Total Time": 268290.539, "Actual Rows": 4, "Actual Loops": 1, "Sort Key": ["l_returnflag", "l_linestatus"], "Sort Method": "quicksort", "Sort Space Used": 25, "Sort Space Type": "Memory", "Plans": [{"Node Type": "Aggregate", "Strategy": "Hashed", "Parent Relationship": "Outer", "Startup Cost": 10473924.44, "Total Cost": 10473924.55, "Plan Rows": 6, "Plan Width": 172, "Actual Startup Time": 268290.3, "Actual Total Time": 268290.319, "Actual Rows": 4, "Actual Loops": 1, "Group By Key": ["l_returnflag", "l_linestatus"], "Plans": [{"Node Type": "Index Scan", "Parent Relationship": "Outer", "Scan Direction": "Forward", "Index Name": "idx_lineitem_shipdate", "Relation Name": "lineitem", "Alias": "lineitem", "Startup Cost": 0.0, "Total Cost": 8123207.08, "Plan Rows": 58767934, "Plan Width": 36, "Actual Startup Time": 0.059, "Actual Total Time": 154990.063, "Actual Rows": 58773499, "Actual Loops": 1, "Index Cond": "(l_shipdate <= '1998-08-15 00:00:00'::timestamp without time zone), (LLVM Optimized, Jit Execute)", "Rows Removed by Index Recheck": 0}]}]}, "Triggers": [], "Planner Runtime": 0.39, "Total Runtime": 268302.787, "Unique SQL Id": 177413717}}, "(64, 58)": {"explain_plan": {"Plan": {"Node Type": "Sort", "Startup Cost": 4515800.46, "Total Cost": 4515800.47, "Plan Rows": 6, "Plan Width": 172, "Sort Key": ["l_returnflag", "l_linestatus"], "Plans": [{"Node Type": "Aggregate", "Strategy": "Hashed", "Parent Relationship": "Outer", "Startup Cost": 4515800.27, "Total Cost": 4515800.38, "Plan Rows": 6, "Plan Width": 172, "Group By Key": ["l_returnflag", "l_linestatus"], "Plans": [{"Node Type": "Seq Scan", "Parent Relationship": "Outer", "Relation Name": "lineitem", "Alias": "lineitem", "Startup Cost": 3.1, "Total Cost": 2165082.91, "Plan Rows": 58767934, "Plan Width": 36, "Filter": "(l_shipdate <= '1998-08-15 00:00:00'::timestamp without time zone), (LLVM Optimized)"}]}]}, "Unique SQL Id": 177413717}, "explain_analyze_plan": {"Plan": {"Node Type": "Sort", "Startup Cost": 4515800.46, "Total Cost": 4515800.47, "Plan Rows": 6, "Plan Width": 172, "Actual Startup Time": 131002.125, "Actual Total Time": 131002.126, "Actual Rows": 4, "Actual Loops": 1, "Sort Key": ["l_returnflag", "l_linestatus"], "Sort Method": "quicksort", "Sort Space Used": 25, "Sort Space Type": "Memory", "Plans": [{"Node Type": "Aggregate", "Strategy": "Hashed", "Parent Relationship": "Outer", "Startup Cost": 4515800.27, "Total Cost": 4515800.38, "Plan Rows": 6, "Plan Width": 172, "Actual Startup Time": 131002.051, "Actual Total Time": 131002.054, "Actual Rows": 4, "Actual Loops": 1, "Group By Key": ["l_returnflag", "l_linestatus"], "Plans": [{"Node Type": "Seq Scan", "Parent Relationship": "Outer", "Relation Name": "lineitem", "Alias": "lineitem", "Startup Cost": 3.1, "Total Cost": 2165082.91, "Plan Rows": 58767934, "Plan Width": 36, "Actual Startup Time": 0.023, "Actual Total Time": 27273.426, "Actual Rows": 58773499, "Actual Loops": 1, "Filter": "(l_shipdate <= '1998-08-15 00:00:00'::timestamp without time zone), (LLVM Optimized, Jit Execute)", "Rows Removed by Filter": 1212553}]}]}, "Triggers": [], "Planner Runtime": 0.395, "Total Runtime": 131013.594, "Unique SQL Id": 177413717}}, "(64, 59)": {"explain_plan": {"Plan": {"Node Type": "Sort", "Startup Cost": 1000218859008.79, "Total Cost": 1000218859008.81, "Plan Rows": 6, "Plan Width": 172, "Sort Key": ["l_returnflag", "l_linestatus"], "Plans": [{"Node Type": "Aggregate", "Strategy": "Hashed", "Parent Relationship": "Outer", "Startup Cost": 1000218859008.61, "Total Cost": 1000218859008.72, "Plan Rows": 6, "Plan Width": 172, "Group By Key": ["l_returnflag", "l_linestatus"], "Plans": [{"Node Type": "Seq Scan", "Parent Relationship": "Outer", "Relation Name": "lineitem", "Alias": "lineitem", "Startup Cost": 10000000003.1, "Total Cost": 1000216508291.25, "Plan Rows": 58767934, "Plan Width": 36, "Filter": "(l_shipdate <= '1998-08-15 00:00:00'::timestamp without time zone), (LLVM Optimized)"}]}]}, "Unique SQL Id": 177413717}, "explain_analyze_plan": {"Plan": {"Node Type": "Sort", "Startup Cost": 1000218859008.79, "Total Cost": 1000218859008.81, "Plan Rows": 6, "Plan Width": 172, "Actual Startup Time": 131611.272, "Actual Total Time": 131611.273, "Actual Rows": 4, "Actual Loops": 1, "Sort Key": ["l_returnflag", "l_linestatus"], "Sort Method": "quicksort", "Sort Space Used": 25, "Sort Space Type": "Memory", "Plans": [{"Node Type": "Aggregate", "Strategy": "Hashed", "Parent Relationship": "Outer", "Startup Cost": 1000218859008.61, "Total Cost": 1000218859008.72, "Plan Rows": 6, "Plan Width": 172, "Actual Startup Time": 131611.063, "Actual Total Time": 131611.077, "Actual Rows": 4, "Actual Loops": 1, "Group By Key": ["l_returnflag", "l_linestatus"], "Plans": [{"Node Type": "Seq Scan", "Parent Relationship": "Outer", "Relation Name": "lineitem", "Alias": "lineitem", "Startup Cost": 10000000003.1, "Total Cost": 1000216508291.25, "Plan Rows": 58767934, "Plan Width": 36, "Actual Startup Time": 0.032, "Actual Total Time": 27406.475, "Actual Rows": 58773499, "Actual Loops": 1, "Filter": "(l_shipdate <= '1998-08-15 00:00:00'::timestamp without time zone), (LLVM Optimized, Jit Execute)", "Rows Removed by Filter": 1212553}]}]}, "Triggers": [], "Planner Runtime": 0.32, "Total Runtime": 131622.731, "Unique SQL Id": 177413717}}, "(64, 60)": {"explain_plan": {"Plan": {"Node Type": "Sort", "Startup Cost": 4515800.46, "Total Cost": 4515800.47, "Plan Rows": 6, "Plan Width": 172, "Sort Key": ["l_returnflag", "l_linestatus"], "Plans": [{"Node Type": "Aggregate", "Strategy": "Hashed", "Parent Relationship": "Outer", "Startup Cost": 4515800.27, "Total Cost": 4515800.38, "Plan Rows": 6, "Plan Width": 172, "Group By Key": ["l_returnflag", "l_linestatus"], "Plans": [{"Node Type": "Seq Scan", "Parent Relationship": "Outer", "Relation Name": "lineitem", "Alias": "lineitem", "Startup Cost": 3.1, "Total Cost": 2165082.91, "Plan Rows": 58767934, "Plan Width": 36, "Filter": "(l_shipdate <= '1998-08-15 00:00:00'::timestamp without time zone), (LLVM Optimized)"}]}]}, "Unique SQL Id": 177413717}, "explain_analyze_plan": {"Plan": {"Node Type": "Sort", "Startup Cost": 4515800.46, "Total Cost": 4515800.47, "Plan Rows": 6, "Plan Width": 172, "Actual Startup Time": 131002.125, "Actual Total Time": 131002.126, "Actual Rows": 4, "Actual Loops": 1, "Sort Key": ["l_returnflag", "l_linestatus"], "Sort Method": "quicksort", "Sort Space Used": 25, "Sort Space Type": "Memory", "Plans": [{"Node Type": "Aggregate", "Strategy": "Hashed", "Parent Relationship": "Outer", "Startup Cost": 4515800.27, "Total Cost": 4515800.38, "Plan Rows": 6, "Plan Width": 172, "Actual Startup Time": 131002.051, "Actual Total Time": 131002.054, "Actual Rows": 4, "Actual Loops": 1, "Group By Key": ["l_returnflag", "l_linestatus"], "Plans": [{"Node Type": "Seq Scan", "Parent Relationship": "Outer", "Relation Name": "lineitem", "Alias": "lineitem", "Startup Cost": 3.1, "Total Cost": 2165082.91, "Plan Rows": 58767934, "Plan Width": 36, "Actual Startup Time": 0.023, "Actual Total Time": 27273.426, "Actual Rows": 58773499, "Actual Loops": 1, "Filter": "(l_shipdate <= '1998-08-15 00:00:00'::timestamp without time zone), (LLVM Optimized, Jit Execute)", "Rows Removed by Filter": 1212553}]}]}, "Triggers": [], "Planner Runtime": 0.395, "Total Runtime": 131013.594, "Unique SQL Id": 177413717}}, "(64, 61)": {"explain_plan": {"Plan": {"Node Type": "Sort", "Startup Cost": 10473924.63, "Total Cost": 10473924.64, "Plan Rows": 6, "Plan Width": 172, "Sort Key": ["l_returnflag", "l_linestatus"], "Plans": [{"Node Type": "Aggregate", "Strategy": "Hashed", "Parent Relationship": "Outer", "Startup Cost": 10473924.44, "Total Cost": 10473924.55, "Plan Rows": 6, "Plan Width": 172, "Group By Key": ["l_returnflag", "l_linestatus"], "Plans": [{"Node Type": "Index Scan", "Parent Relationship": "Outer", "Scan Direction": "Forward", "Index Name": "idx_lineitem_shipdate", "Relation Name": "lineitem", "Alias": "lineitem", "Startup Cost": 0.0, "Total Cost": 8123207.08, "Plan Rows": 58767934, "Plan Width": 36, "Index Cond": "(l_shipdate <= '1998-08-15 00:00:00'::timestamp without time zone), (LLVM Optimized)"}]}]}, "Unique SQL Id": 177413717}, "explain_analyze_plan": {"Plan": {"Node Type": "Sort", "Startup Cost": 10473924.63, "Total Cost": 10473924.64, "Plan Rows": 6, "Plan Width": 172, "Actual Startup Time": 268290.538, "Actual Total Time": 268290.539, "Actual Rows": 4, "Actual Loops": 1, "Sort Key": ["l_returnflag", "l_linestatus"], "Sort Method": "quicksort", "Sort Space Used": 25, "Sort Space Type": "Memory", "Plans": [{"Node Type": "Aggregate", "Strategy": "Hashed", "Parent Relationship": "Outer", "Startup Cost": 10473924.44, "Total Cost": 10473924.55, "Plan Rows": 6, "Plan Width": 172, "Actual Startup Time": 268290.3, "Actual Total Time": 268290.319, "Actual Rows": 4, "Actual Loops": 1, "Group By Key": ["l_returnflag", "l_linestatus"], "Plans": [{"Node Type": "Index Scan", "Parent Relationship": "Outer", "Scan Direction": "Forward", "Index Name": "idx_lineitem_shipdate", "Relation Name": "lineitem", "Alias": "lineitem", "Startup Cost": 0.0, "Total Cost": 8123207.08, "Plan Rows": 58767934, "Plan Width": 36, "Actual Startup Time": 0.059, "Actual Total Time": 154990.063, "Actual Rows": 58773499, "Actual Loops": 1, "Index Cond": "(l_shipdate <= '1998-08-15 00:00:00'::timestamp without time zone), (LLVM Optimized, Jit Execute)", "Rows Removed by Index Recheck": 0}]}]}, "Triggers": [], "Planner Runtime": 0.39, "Total Runtime": 268302.787, "Unique SQL Id": 177413717}}, "(64, 62)": {"explain_plan": {"Plan": {"Node Type": "Sort", "Startup Cost": 4515800.46, "Total Cost": 4515800.47, "Plan Rows": 6, "Plan Width": 172, "Sort Key": ["l_returnflag", "l_linestatus"], "Plans": [{"Node Type": "Aggregate", "Strategy": "Hashed", "Parent Relationship": "Outer", "Startup Cost": 4515800.27, "Total Cost": 4515800.38, "Plan Rows": 6, "Plan Width": 172, "Group By Key": ["l_returnflag", "l_linestatus"], "Plans": [{"Node Type": "Seq Scan", "Parent Relationship": "Outer", "Relation Name": "lineitem", "Alias": "lineitem", "Startup Cost": 3.1, "Total Cost": 2165082.91, "Plan Rows": 58767934, "Plan Width": 36, "Filter": "(l_shipdate <= '1998-08-15 00:00:00'::timestamp without time zone), (LLVM Optimized)"}]}]}, "Unique SQL Id": 177413717}, "explain_analyze_plan": {"Plan": {"Node Type": "Sort", "Startup Cost": 4515800.46, "Total Cost": 4515800.47, "Plan Rows": 6, "Plan Width": 172, "Actual Startup Time": 131002.125, "Actual Total Time": 131002.126, "Actual Rows": 4, "Actual Loops": 1, "Sort Key": ["l_returnflag", "l_linestatus"], "Sort Method": "quicksort", "Sort Space Used": 25, "Sort Space Type": "Memory", "Plans": [{"Node Type": "Aggregate", "Strategy": "Hashed", "Parent Relationship": "Outer", "Startup Cost": 4515800.27, "Total Cost": 4515800.38, "Plan Rows": 6, "Plan Width": 172, "Actual Startup Time": 131002.051, "Actual Total Time": 131002.054, "Actual Rows": 4, "Actual Loops": 1, "Group By Key": ["l_returnflag", "l_linestatus"], "Plans": [{"Node Type": "Seq Scan", "Parent Relationship": "Outer", "Relation Name": "lineitem", "Alias": "lineitem", "Startup Cost": 3.1, "Total Cost": 2165082.91, "Plan Rows": 58767934, "Plan Width": 36, "Actual Startup Time": 0.023, "Actual Total Time": 27273.426, "Actual Rows": 58773499, "Actual Loops": 1, "Filter": "(l_shipdate <= '1998-08-15 00:00:00'::timestamp without time zone), (LLVM Optimized, Jit Execute)", "Rows Removed by Filter": 1212553}]}]}, "Triggers": [], "Planner Runtime": 0.395, "Total Runtime": 131013.594, "Unique SQL Id": 177413717}}, "(64, 63)": {"explain_plan": {"Plan": {"Node Type": "Sort", "Startup Cost": 1000218859008.79, "Total Cost": 1000218859008.81, "Plan Rows": 6, "Plan Width": 172, "Sort Key": ["l_returnflag", "l_linestatus"], "Plans": [{"Node Type": "Aggregate", "Strategy": "Hashed", "Parent Relationship": "Outer", "Startup Cost": 1000218859008.61, "Total Cost": 1000218859008.72, "Plan Rows": 6, "Plan Width": 172, "Group By Key": ["l_returnflag", "l_linestatus"], "Plans": [{"Node Type": "Seq Scan", "Parent Relationship": "Outer", "Relation Name": "lineitem", "Alias": "lineitem", "Startup Cost": 10000000003.1, "Total Cost": 1000216508291.25, "Plan Rows": 58767934, "Plan Width": 36, "Filter": "(l_shipdate <= '1998-08-15 00:00:00'::timestamp without time zone), (LLVM Optimized)"}]}]}, "Unique SQL Id": 177413717}, "explain_analyze_plan": {"Plan": {"Node Type": "Sort", "Startup Cost": 1000218859008.79, "Total Cost": 1000218859008.81, "Plan Rows": 6, "Plan Width": 172, "Actual Startup Time": 131611.272, "Actual Total Time": 131611.273, "Actual Rows": 4, "Actual Loops": 1, "Sort Key": ["l_returnflag", "l_linestatus"], "Sort Method": "quicksort", "Sort Space Used": 25, "Sort Space Type": "Memory", "Plans": [{"Node Type": "Aggregate", "Strategy": "Hashed", "Parent Relationship": "Outer", "Startup Cost": 1000218859008.61, "Total Cost": 1000218859008.72, "Plan Rows": 6, "Plan Width": 172, "Actual Startup Time": 131611.063, "Actual Total Time": 131611.077, "Actual Rows": 4, "Actual Loops": 1, "Group By Key": ["l_returnflag", "l_linestatus"], "Plans": [{"Node Type": "Seq Scan", "Parent Relationship": "Outer", "Relation Name": "lineitem", "Alias": "lineitem", "Startup Cost": 10000000003.1, "Total Cost": 1000216508291.25, "Plan Rows": 58767934, "Plan Width": 36, "Actual Startup Time": 0.032, "Actual Total Time": 27406.475, "Actual Rows": 58773499, "Actual Loops": 1, "Filter": "(l_shipdate <= '1998-08-15 00:00:00'::timestamp without time zone), (LLVM Optimized, Jit Execute)", "Rows Removed by Filter": 1212553}]}]}, "Triggers": [], "Planner Runtime": 0.32, "Total Runtime": 131622.731, "Unique SQL Id": 177413717}}, "(64, 64)": {"explain_plan": {"Plan": {"Node Type": "Sort", "Startup Cost": 4515800.46, "Total Cost": 4515800.47, "Plan Rows": 6, "Plan Width": 172, "Sort Key": ["l_returnflag", "l_linestatus"], "Plans": [{"Node Type": "Aggregate", "Strategy": "Hashed", "Parent Relationship": "Outer", "Startup Cost": 4515800.27, "Total Cost": 4515800.38, "Plan Rows": 6, "Plan Width": 172, "Group By Key": ["l_returnflag", "l_linestatus"], "Plans": [{"Node Type": "Seq Scan", "Parent Relationship": "Outer", "Relation Name": "lineitem", "Alias": "lineitem", "Startup Cost": 3.1, "Total Cost": 2165082.91, "Plan Rows": 58767934, "Plan Width": 36, "Filter": "(l_shipdate <= '1998-08-15 00:00:00'::timestamp without time zone), (LLVM Optimized)"}]}]}, "Unique SQL Id": 177413717}, "explain_analyze_plan": {"Plan": {"Node Type": "Sort", "Startup Cost": 4515800.46, "Total Cost": 4515800.47, "Plan Rows": 6, "Plan Width": 172, "Actual Startup Time": 131002.125, "Actual Total Time": 131002.126, "Actual Rows": 4, "Actual Loops": 1, "Sort Key": ["l_returnflag", "l_linestatus"], "Sort Method": "quicksort", "Sort Space Used": 25, "Sort Space Type": "Memory", "Plans": [{"Node Type": "Aggregate", "Strategy": "Hashed", "Parent Relationship": "Outer", "Startup Cost": 4515800.27, "Total Cost": 4515800.38, "Plan Rows": 6, "Plan Width": 172, "Actual Startup Time": 131002.051, "Actual Total Time": 131002.054, "Actual Rows": 4, "Actual Loops": 1, "Group By Key": ["l_returnflag", "l_linestatus"], "Plans": [{"Node Type": "Seq Scan", "Parent Relationship": "Outer", "Relation Name": "lineitem", "Alias": "lineitem", "Startup Cost": 3.1, "Total Cost": 2165082.91, "Plan Rows": 58767934, "Plan Width": 36, "Actual Startup Time": 0.023, "Actual Total Time": 27273.426, "Actual Rows": 58773499, "Actual Loops": 1, "Filter": "(l_shipdate <= '1998-08-15 00:00:00'::timestamp without time zone), (LLVM Optimized, Jit Execute)", "Rows Removed by Filter": 1212553}]}]}, "Triggers": [], "Planner Runtime": 0.395, "Total Runtime": 131013.594, "Unique SQL Id": 177413717}}, "(64, 65)": {"explain_plan": {"Plan": {"Node Type": "Sort", "Startup Cost": 6389801.46, "Total Cost": 6389801.47, "Plan Rows": 6, "Plan Width": 172, "Sort Key": ["l_returnflag", "l_linestatus"], "Plans": [{"Node Type": "Aggregate", "Strategy": "Hashed", "Parent Relationship": "Outer", "Startup Cost": 6389801.27, "Total Cost": 6389801.38, "Plan Rows": 6, "Plan Width": 172, "Group By Key": ["l_returnflag", "l_linestatus"], "Plans": [{"Node Type": "Bitmap Heap Scan", "Parent Relationship": "Outer", "Relation Name": "lineitem", "Alias": "lineitem", "Startup Cost": 1889239.74, "Total Cost": 4039083.91, "Plan Rows": 58767934, "Plan Width": 36, "Recheck Cond": "(l_shipdate <= '1998-08-15 00:00:00'::timestamp without time zone), (LLVM Optimized)", "Plans": [{"Node Type": "Bitmap Index Scan", "Parent Relationship": "Outer", "Index Name": "idx_lineitem_shipdate", "Startup Cost": 0.0, "Total Cost": 1874547.75, "Plan Rows": 58767934, "Plan Width": 0, "Index Cond": "(l_shipdate <= '1998-08-15 00:00:00'::timestamp without time zone)"}]}]}]}, "Unique SQL Id": 177413717}, "explain_analyze_plan": {"Plan": {"Node Type": "Sort", "Startup Cost": 6389801.46, "Total Cost": 6389801.47, "Plan Rows": 6, "Plan Width": 172, "Actual Startup Time": 159302.231, "Actual Total Time": 159302.232, "Actual Rows": 4, "Actual Loops": 1, "Sort Key": ["l_returnflag", "l_linestatus"], "Sort Method": "quicksort", "Sort Space Used": 25, "Sort Space Type": "Memory", "Plans": [{"Node Type": "Aggregate", "Strategy": "Hashed", "Parent Relationship": "Outer", "Startup Cost": 6389801.27, "Total Cost": 6389801.38, "Plan Rows": 6, "Plan Width": 172, "Actual Startup Time": 159302.121, "Actual Total Time": 159302.125, "Actual Rows": 4, "Actual Loops": 1, "Group By Key": ["l_returnflag", "l_linestatus"], "Plans": [{"Node Type": "Bitmap Heap Scan", "Parent Relationship": "Outer", "Relation Name": "lineitem", "Alias": "lineitem", "Startup Cost": 1889239.74, "Total Cost": 4039083.91, "Plan Rows": 58767934, "Plan Width": 36, "Actual Startup Time": 27630.539, "Actual Total Time": 56618.821, "Actual Rows": 58773499, "Actual Loops": 1, "Recheck Cond": "(l_shipdate <= '1998-08-15 00:00:00'::timestamp without time zone), (LLVM Optimized, Jit Execute)", "Rows Removed by Index Recheck": 0, "Exact Heap Blocks": 1415245, "Lossy Heap Blocks": 1415245, "Plans": [{"Node Type": "Bitmap Index Scan", "Parent Relationship": "Outer", "Index Name": "idx_lineitem_shipdate", "Startup Cost": 0.0, "Total Cost": 1874547.75, "Plan Rows": 58767934, "Plan Width": 0, "Actual Startup Time": 26819.752, "Actual Total Time": 26819.752, "Actual Rows": 58773499, "Actual Loops": 1, "Index Cond": "(l_shipdate <= '1998-08-15 00:00:00'::timestamp without time zone)"}]}]}]}, "Triggers": [], "Planner Runtime": 0.41, "Total Runtime": 159315.57, "Unique SQL Id": 177413717}}, "(64, 66)": {"explain_plan": {"Plan": {"Node Type": "Sort", "Startup Cost": 4515800.46, "Total Cost": 4515800.47, "Plan Rows": 6, "Plan Width": 172, "Sort Key": ["l_returnflag", "l_linestatus"], "Plans": [{"Node Type": "Aggregate", "Strategy": "Hashed", "Parent Relationship": "Outer", "Startup Cost": 4515800.27, "Total Cost": 4515800.38, "Plan Rows": 6, "Plan Width": 172, "Group By Key": ["l_returnflag", "l_linestatus"], "Plans": [{"Node Type": "Seq Scan", "Parent Relationship": "Outer", "Relation Name": "lineitem", "Alias": "lineitem", "Startup Cost": 3.1, "Total Cost": 2165082.91, "Plan Rows": 58767934, "Plan Width": 36, "Filter": "(l_shipdate <= '1998-08-15 00:00:00'::timestamp without time zone), (LLVM Optimized)"}]}]}, "Unique SQL Id": 177413717}, "explain_analyze_plan": {"Plan": {"Node Type": "Sort", "Startup Cost": 4515800.46, "Total Cost": 4515800.47, "Plan Rows": 6, "Plan Width": 172, "Actual Startup Time": 131002.125, "Actual Total Time": 131002.126, "Actual Rows": 4, "Actual Loops": 1, "Sort Key": ["l_returnflag", "l_linestatus"], "Sort Method": "quicksort", "Sort Space Used": 25, "Sort Space Type": "Memory", "Plans": [{"Node Type": "Aggregate", "Strategy": "Hashed", "Parent Relationship": "Outer", "Startup Cost": 4515800.27, "Total Cost": 4515800.38, "Plan Rows": 6, "Plan Width": 172, "Actual Startup Time": 131002.051, "Actual Total Time": 131002.054, "Actual Rows": 4, "Actual Loops": 1, "Group By Key": ["l_returnflag", "l_linestatus"], "Plans": [{"Node Type": "Seq Scan", "Parent Relationship": "Outer", "Relation Name": "lineitem", "Alias": "lineitem", "Startup Cost": 3.1, "Total Cost": 2165082.91, "Plan Rows": 58767934, "Plan Width": 36, "Actual Startup Time": 0.023, "Actual Total Time": 27273.426, "Actual Rows": 58773499, "Actual Loops": 1, "Filter": "(l_shipdate <= '1998-08-15 00:00:00'::timestamp without time zone), (LLVM Optimized, Jit Execute)", "Rows Removed by Filter": 1212553}]}]}, "Triggers": [], "Planner Runtime": 0.395, "Total Runtime": 131013.594, "Unique SQL Id": 177413717}}, "(64, 67)": {"explain_plan": {"Plan": {"Node Type": "Sort", "Startup Cost": 6389801.46, "Total Cost": 6389801.47, "Plan Rows": 6, "Plan Width": 172, "Sort Key": ["l_returnflag", "l_linestatus"], "Plans": [{"Node Type": "Aggregate", "Strategy": "Hashed", "Parent Relationship": "Outer", "Startup Cost": 6389801.27, "Total Cost": 6389801.38, "Plan Rows": 6, "Plan Width": 172, "Group By Key": ["l_returnflag", "l_linestatus"], "Plans": [{"Node Type": "Bitmap Heap Scan", "Parent Relationship": "Outer", "Relation Name": "lineitem", "Alias": "lineitem", "Startup Cost": 1889239.74, "Total Cost": 4039083.91, "Plan Rows": 58767934, "Plan Width": 36, "Recheck Cond": "(l_shipdate <= '1998-08-15 00:00:00'::timestamp without time zone), (LLVM Optimized)", "Plans": [{"Node Type": "Bitmap Index Scan", "Parent Relationship": "Outer", "Index Name": "idx_lineitem_shipdate", "Startup Cost": 0.0, "Total Cost": 1874547.75, "Plan Rows": 58767934, "Plan Width": 0, "Index Cond": "(l_shipdate <= '1998-08-15 00:00:00'::timestamp without time zone)"}]}]}]}, "Unique SQL Id": 177413717}, "explain_analyze_plan": {"Plan": {"Node Type": "Sort", "Startup Cost": 6389801.46, "Total Cost": 6389801.47, "Plan Rows": 6, "Plan Width": 172, "Actual Startup Time": 159302.231, "Actual Total Time": 159302.232, "Actual Rows": 4, "Actual Loops": 1, "Sort Key": ["l_returnflag", "l_linestatus"], "Sort Method": "quicksort", "Sort Space Used": 25, "Sort Space Type": "Memory", "Plans": [{"Node Type": "Aggregate", "Strategy": "Hashed", "Parent Relationship": "Outer", "Startup Cost": 6389801.27, "Total Cost": 6389801.38, "Plan Rows": 6, "Plan Width": 172, "Actual Startup Time": 159302.121, "Actual Total Time": 159302.125, "Actual Rows": 4, "Actual Loops": 1, "Group By Key": ["l_returnflag", "l_linestatus"], "Plans": [{"Node Type": "Bitmap Heap Scan", "Parent Relationship": "Outer", "Relation Name": "lineitem", "Alias": "lineitem", "Startup Cost": 1889239.74, "Total Cost": 4039083.91, "Plan Rows": 58767934, "Plan Width": 36, "Actual Startup Time": 27630.539, "Actual Total Time": 56618.821, "Actual Rows": 58773499, "Actual Loops": 1, "Recheck Cond": "(l_shipdate <= '1998-08-15 00:00:00'::timestamp without time zone), (LLVM Optimized, Jit Execute)", "Rows Removed by Index Recheck": 0, "Exact Heap Blocks": 1415245, "Lossy Heap Blocks": 1415245, "Plans": [{"Node Type": "Bitmap Index Scan", "Parent Relationship": "Outer", "Index Name": "idx_lineitem_shipdate", "Startup Cost": 0.0, "Total Cost": 1874547.75, "Plan Rows": 58767934, "Plan Width": 0, "Actual Startup Time": 26819.752, "Actual Total Time": 26819.752, "Actual Rows": 58773499, "Actual Loops": 1, "Index Cond": "(l_shipdate <= '1998-08-15 00:00:00'::timestamp without time zone)"}]}]}]}, "Triggers": [], "Planner Runtime": 0.41, "Total Runtime": 159315.57, "Unique SQL Id": 177413717}}, "(64, 68)": {"explain_plan": {"Plan": {"Node Type": "Sort", "Startup Cost": 4515800.46, "Total Cost": 4515800.47, "Plan Rows": 6, "Plan Width": 172, "Sort Key": ["l_returnflag", "l_linestatus"], "Plans": [{"Node Type": "Aggregate", "Strategy": "Hashed", "Parent Relationship": "Outer", "Startup Cost": 4515800.27, "Total Cost": 4515800.38, "Plan Rows": 6, "Plan Width": 172, "Group By Key": ["l_returnflag", "l_linestatus"], "Plans": [{"Node Type": "Seq Scan", "Parent Relationship": "Outer", "Relation Name": "lineitem", "Alias": "lineitem", "Startup Cost": 3.1, "Total Cost": 2165082.91, "Plan Rows": 58767934, "Plan Width": 36, "Filter": "(l_shipdate <= '1998-08-15 00:00:00'::timestamp without time zone), (LLVM Optimized)"}]}]}, "Unique SQL Id": 177413717}, "explain_analyze_plan": {"Plan": {"Node Type": "Sort", "Startup Cost": 4515800.46, "Total Cost": 4515800.47, "Plan Rows": 6, "Plan Width": 172, "Actual Startup Time": 131002.125, "Actual Total Time": 131002.126, "Actual Rows": 4, "Actual Loops": 1, "Sort Key": ["l_returnflag", "l_linestatus"], "Sort Method": "quicksort", "Sort Space Used": 25, "Sort Space Type": "Memory", "Plans": [{"Node Type": "Aggregate", "Strategy": "Hashed", "Parent Relationship": "Outer", "Startup Cost": 4515800.27, "Total Cost": 4515800.38, "Plan Rows": 6, "Plan Width": 172, "Actual Startup Time": 131002.051, "Actual Total Time": 131002.054, "Actual Rows": 4, "Actual Loops": 1, "Group By Key": ["l_returnflag", "l_linestatus"], "Plans": [{"Node Type": "Seq Scan", "Parent Relationship": "Outer", "Relation Name": "lineitem", "Alias": "lineitem", "Startup Cost": 3.1, "Total Cost": 2165082.91, "Plan Rows": 58767934, "Plan Width": 36, "Actual Startup Time": 0.023, "Actual Total Time": 27273.426, "Actual Rows": 58773499, "Actual Loops": 1, "Filter": "(l_shipdate <= '1998-08-15 00:00:00'::timestamp without time zone), (LLVM Optimized, Jit Execute)", "Rows Removed by Filter": 1212553}]}]}, "Triggers": [], "Planner Runtime": 0.395, "Total Runtime": 131013.594, "Unique SQL Id": 177413717}}, "(64, 69)": {"explain_plan": {"Plan": {"Node Type": "Sort", "Startup Cost": 6389801.46, "Total Cost": 6389801.47, "Plan Rows": 6, "Plan Width": 172, "Sort Key": ["l_returnflag", "l_linestatus"], "Plans": [{"Node Type": "Aggregate", "Strategy": "Hashed", "Parent Relationship": "Outer", "Startup Cost": 6389801.27, "Total Cost": 6389801.38, "Plan Rows": 6, "Plan Width": 172, "Group By Key": ["l_returnflag", "l_linestatus"], "Plans": [{"Node Type": "Bitmap Heap Scan", "Parent Relationship": "Outer", "Relation Name": "lineitem", "Alias": "lineitem", "Startup Cost": 1889239.74, "Total Cost": 4039083.91, "Plan Rows": 58767934, "Plan Width": 36, "Recheck Cond": "(l_shipdate <= '1998-08-15 00:00:00'::timestamp without time zone), (LLVM Optimized)", "Plans": [{"Node Type": "Bitmap Index Scan", "Parent Relationship": "Outer", "Index Name": "idx_lineitem_shipdate", "Startup Cost": 0.0, "Total Cost": 1874547.75, "Plan Rows": 58767934, "Plan Width": 0, "Index Cond": "(l_shipdate <= '1998-08-15 00:00:00'::timestamp without time zone)"}]}]}]}, "Unique SQL Id": 177413717}, "explain_analyze_plan": {"Plan": {"Node Type": "Sort", "Startup Cost": 6389801.46, "Total Cost": 6389801.47, "Plan Rows": 6, "Plan Width": 172, "Actual Startup Time": 159302.231, "Actual Total Time": 159302.232, "Actual Rows": 4, "Actual Loops": 1, "Sort Key": ["l_returnflag", "l_linestatus"], "Sort Method": "quicksort", "Sort Space Used": 25, "Sort Space Type": "Memory", "Plans": [{"Node Type": "Aggregate", "Strategy": "Hashed", "Parent Relationship": "Outer", "Startup Cost": 6389801.27, "Total Cost": 6389801.38, "Plan Rows": 6, "Plan Width": 172, "Actual Startup Time": 159302.121, "Actual Total Time": 159302.125, "Actual Rows": 4, "Actual Loops": 1, "Group By Key": ["l_returnflag", "l_linestatus"], "Plans": [{"Node Type": "Bitmap Heap Scan", "Parent Relationship": "Outer", "Relation Name": "lineitem", "Alias": "lineitem", "Startup Cost": 1889239.74, "Total Cost": 4039083.91, "Plan Rows": 58767934, "Plan Width": 36, "Actual Startup Time": 27630.539, "Actual Total Time": 56618.821, "Actual Rows": 58773499, "Actual Loops": 1, "Recheck Cond": "(l_shipdate <= '1998-08-15 00:00:00'::timestamp without time zone), (LLVM Optimized, Jit Execute)", "Rows Removed by Index Recheck": 0, "Exact Heap Blocks": 1415245, "Lossy Heap Blocks": 1415245, "Plans": [{"Node Type": "Bitmap Index Scan", "Parent Relationship": "Outer", "Index Name": "idx_lineitem_shipdate", "Startup Cost": 0.0, "Total Cost": 1874547.75, "Plan Rows": 58767934, "Plan Width": 0, "Actual Startup Time": 26819.752, "Actual Total Time": 26819.752, "Actual Rows": 58773499, "Actual Loops": 1, "Index Cond": "(l_shipdate <= '1998-08-15 00:00:00'::timestamp without time zone)"}]}]}]}, "Triggers": [], "Planner Runtime": 0.41, "Total Runtime": 159315.57, "Unique SQL Id": 177413717}}, "(64, 70)": {"explain_plan": {"Plan": {"Node Type": "Sort", "Startup Cost": 4515800.46, "Total Cost": 4515800.47, "Plan Rows": 6, "Plan Width": 172, "Sort Key": ["l_returnflag", "l_linestatus"], "Plans": [{"Node Type": "Aggregate", "Strategy": "Hashed", "Parent Relationship": "Outer", "Startup Cost": 4515800.27, "Total Cost": 4515800.38, "Plan Rows": 6, "Plan Width": 172, "Group By Key": ["l_returnflag", "l_linestatus"], "Plans": [{"Node Type": "Seq Scan", "Parent Relationship": "Outer", "Relation Name": "lineitem", "Alias": "lineitem", "Startup Cost": 3.1, "Total Cost": 2165082.91, "Plan Rows": 58767934, "Plan Width": 36, "Filter": "(l_shipdate <= '1998-08-15 00:00:00'::timestamp without time zone), (LLVM Optimized)"}]}]}, "Unique SQL Id": 177413717}, "explain_analyze_plan": {"Plan": {"Node Type": "Sort", "Startup Cost": 4515800.46, "Total Cost": 4515800.47, "Plan Rows": 6, "Plan Width": 172, "Actual Startup Time": 131002.125, "Actual Total Time": 131002.126, "Actual Rows": 4, "Actual Loops": 1, "Sort Key": ["l_returnflag", "l_linestatus"], "Sort Method": "quicksort", "Sort Space Used": 25, "Sort Space Type": "Memory", "Plans": [{"Node Type": "Aggregate", "Strategy": "Hashed", "Parent Relationship": "Outer", "Startup Cost": 4515800.27, "Total Cost": 4515800.38, "Plan Rows": 6, "Plan Width": 172, "Actual Startup Time": 131002.051, "Actual Total Time": 131002.054, "Actual Rows": 4, "Actual Loops": 1, "Group By Key": ["l_returnflag", "l_linestatus"], "Plans": [{"Node Type": "Seq Scan", "Parent Relationship": "Outer", "Relation Name": "lineitem", "Alias": "lineitem", "Startup Cost": 3.1, "Total Cost": 2165082.91, "Plan Rows": 58767934, "Plan Width": 36, "Actual Startup Time": 0.023, "Actual Total Time": 27273.426, "Actual Rows": 58773499, "Actual Loops": 1, "Filter": "(l_shipdate <= '1998-08-15 00:00:00'::timestamp without time zone), (LLVM Optimized, Jit Execute)", "Rows Removed by Filter": 1212553}]}]}, "Triggers": [], "Planner Runtime": 0.395, "Total Runtime": 131013.594, "Unique SQL Id": 177413717}}, "(64, 71)": {"explain_plan": {"Plan": {"Node Type": "Sort", "Startup Cost": 6389801.46, "Total Cost": 6389801.47, "Plan Rows": 6, "Plan Width": 172, "Sort Key": ["l_returnflag", "l_linestatus"], "Plans": [{"Node Type": "Aggregate", "Strategy": "Hashed", "Parent Relationship": "Outer", "Startup Cost": 6389801.27, "Total Cost": 6389801.38, "Plan Rows": 6, "Plan Width": 172, "Group By Key": ["l_returnflag", "l_linestatus"], "Plans": [{"Node Type": "Bitmap Heap Scan", "Parent Relationship": "Outer", "Relation Name": "lineitem", "Alias": "lineitem", "Startup Cost": 1889239.74, "Total Cost": 4039083.91, "Plan Rows": 58767934, "Plan Width": 36, "Recheck Cond": "(l_shipdate <= '1998-08-15 00:00:00'::timestamp without time zone), (LLVM Optimized)", "Plans": [{"Node Type": "Bitmap Index Scan", "Parent Relationship": "Outer", "Index Name": "idx_lineitem_shipdate", "Startup Cost": 0.0, "Total Cost": 1874547.75, "Plan Rows": 58767934, "Plan Width": 0, "Index Cond": "(l_shipdate <= '1998-08-15 00:00:00'::timestamp without time zone)"}]}]}]}, "Unique SQL Id": 177413717}, "explain_analyze_plan": {"Plan": {"Node Type": "Sort", "Startup Cost": 6389801.46, "Total Cost": 6389801.47, "Plan Rows": 6, "Plan Width": 172, "Actual Startup Time": 159302.231, "Actual Total Time": 159302.232, "Actual Rows": 4, "Actual Loops": 1, "Sort Key": ["l_returnflag", "l_linestatus"], "Sort Method": "quicksort", "Sort Space Used": 25, "Sort Space Type": "Memory", "Plans": [{"Node Type": "Aggregate", "Strategy": "Hashed", "Parent Relationship": "Outer", "Startup Cost": 6389801.27, "Total Cost": 6389801.38, "Plan Rows": 6, "Plan Width": 172, "Actual Startup Time": 159302.121, "Actual Total Time": 159302.125, "Actual Rows": 4, "Actual Loops": 1, "Group By Key": ["l_returnflag", "l_linestatus"], "Plans": [{"Node Type": "Bitmap Heap Scan", "Parent Relationship": "Outer", "Relation Name": "lineitem", "Alias": "lineitem", "Startup Cost": 1889239.74, "Total Cost": 4039083.91, "Plan Rows": 58767934, "Plan Width": 36, "Actual Startup Time": 27630.539, "Actual Total Time": 56618.821, "Actual Rows": 58773499, "Actual Loops": 1, "Recheck Cond": "(l_shipdate <= '1998-08-15 00:00:00'::timestamp without time zone), (LLVM Optimized, Jit Execute)", "Rows Removed by Index Recheck": 0, "Exact Heap Blocks": 1415245, "Lossy Heap Blocks": 1415245, "Plans": [{"Node Type": "Bitmap Index Scan", "Parent Relationship": "Outer", "Index Name": "idx_lineitem_shipdate", "Startup Cost": 0.0, "Total Cost": 1874547.75, "Plan Rows": 58767934, "Plan Width": 0, "Actual Startup Time": 26819.752, "Actual Total Time": 26819.752, "Actual Rows": 58773499, "Actual Loops": 1, "Index Cond": "(l_shipdate <= '1998-08-15 00:00:00'::timestamp without time zone)"}]}]}]}, "Triggers": [], "Planner Runtime": 0.41, "Total Runtime": 159315.57, "Unique SQL Id": 177413717}}, "(64, 72)": {"explain_plan": {"Plan": {"Node Type": "Sort", "Startup Cost": 4515800.46, "Total Cost": 4515800.47, "Plan Rows": 6, "Plan Width": 172, "Sort Key": ["l_returnflag", "l_linestatus"], "Plans": [{"Node Type": "Aggregate", "Strategy": "Hashed", "Parent Relationship": "Outer", "Startup Cost": 4515800.27, "Total Cost": 4515800.38, "Plan Rows": 6, "Plan Width": 172, "Group By Key": ["l_returnflag", "l_linestatus"], "Plans": [{"Node Type": "Seq Scan", "Parent Relationship": "Outer", "Relation Name": "lineitem", "Alias": "lineitem", "Startup Cost": 3.1, "Total Cost": 2165082.91, "Plan Rows": 58767934, "Plan Width": 36, "Filter": "(l_shipdate <= '1998-08-15 00:00:00'::timestamp without time zone), (LLVM Optimized)"}]}]}, "Unique SQL Id": 177413717}, "explain_analyze_plan": {"Plan": {"Node Type": "Sort", "Startup Cost": 4515800.46, "Total Cost": 4515800.47, "Plan Rows": 6, "Plan Width": 172, "Actual Startup Time": 131002.125, "Actual Total Time": 131002.126, "Actual Rows": 4, "Actual Loops": 1, "Sort Key": ["l_returnflag", "l_linestatus"], "Sort Method": "quicksort", "Sort Space Used": 25, "Sort Space Type": "Memory", "Plans": [{"Node Type": "Aggregate", "Strategy": "Hashed", "Parent Relationship": "Outer", "Startup Cost": 4515800.27, "Total Cost": 4515800.38, "Plan Rows": 6, "Plan Width": 172, "Actual Startup Time": 131002.051, "Actual Total Time": 131002.054, "Actual Rows": 4, "Actual Loops": 1, "Group By Key": ["l_returnflag", "l_linestatus"], "Plans": [{"Node Type": "Seq Scan", "Parent Relationship": "Outer", "Relation Name": "lineitem", "Alias": "lineitem", "Startup Cost": 3.1, "Total Cost": 2165082.91, "Plan Rows": 58767934, "Plan Width": 36, "Actual Startup Time": 0.023, "Actual Total Time": 27273.426, "Actual Rows": 58773499, "Actual Loops": 1, "Filter": "(l_shipdate <= '1998-08-15 00:00:00'::timestamp without time zone), (LLVM Optimized, Jit Execute)", "Rows Removed by Filter": 1212553}]}]}, "Triggers": [], "Planner Runtime": 0.395, "Total Runtime": 131013.594, "Unique SQL Id": 177413717}}, "(64, 73)": {"explain_plan": {"Plan": {"Node Type": "Sort", "Startup Cost": 10473924.63, "Total Cost": 10473924.64, "Plan Rows": 6, "Plan Width": 172, "Sort Key": ["l_returnflag", "l_linestatus"], "Plans": [{"Node Type": "Aggregate", "Strategy": "Hashed", "Parent Relationship": "Outer", "Startup Cost": 10473924.44, "Total Cost": 10473924.55, "Plan Rows": 6, "Plan Width": 172, "Group By Key": ["l_returnflag", "l_linestatus"], "Plans": [{"Node Type": "Index Scan", "Parent Relationship": "Outer", "Scan Direction": "Forward", "Index Name": "idx_lineitem_shipdate", "Relation Name": "lineitem", "Alias": "lineitem", "Startup Cost": 0.0, "Total Cost": 8123207.08, "Plan Rows": 58767934, "Plan Width": 36, "Index Cond": "(l_shipdate <= '1998-08-15 00:00:00'::timestamp without time zone), (LLVM Optimized)"}]}]}, "Unique SQL Id": 177413717}, "explain_analyze_plan": {"Plan": {"Node Type": "Sort", "Startup Cost": 10473924.63, "Total Cost": 10473924.64, "Plan Rows": 6, "Plan Width": 172, "Actual Startup Time": 268290.538, "Actual Total Time": 268290.539, "Actual Rows": 4, "Actual Loops": 1, "Sort Key": ["l_returnflag", "l_linestatus"], "Sort Method": "quicksort", "Sort Space Used": 25, "Sort Space Type": "Memory", "Plans": [{"Node Type": "Aggregate", "Strategy": "Hashed", "Parent Relationship": "Outer", "Startup Cost": 10473924.44, "Total Cost": 10473924.55, "Plan Rows": 6, "Plan Width": 172, "Actual Startup Time": 268290.3, "Actual Total Time": 268290.319, "Actual Rows": 4, "Actual Loops": 1, "Group By Key": ["l_returnflag", "l_linestatus"], "Plans": [{"Node Type": "Index Scan", "Parent Relationship": "Outer", "Scan Direction": "Forward", "Index Name": "idx_lineitem_shipdate", "Relation Name": "lineitem", "Alias": "lineitem", "Startup Cost": 0.0, "Total Cost": 8123207.08, "Plan Rows": 58767934, "Plan Width": 36, "Actual Startup Time": 0.059, "Actual Total Time": 154990.063, "Actual Rows": 58773499, "Actual Loops": 1, "Index Cond": "(l_shipdate <= '1998-08-15 00:00:00'::timestamp without time zone), (LLVM Optimized, Jit Execute)", "Rows Removed by Index Recheck": 0}]}]}, "Triggers": [], "Planner Runtime": 0.39, "Total Runtime": 268302.787, "Unique SQL Id": 177413717}}, "(64, 74)": {"explain_plan": {"Plan": {"Node Type": "Sort", "Startup Cost": 4515800.46, "Total Cost": 4515800.47, "Plan Rows": 6, "Plan Width": 172, "Sort Key": ["l_returnflag", "l_linestatus"], "Plans": [{"Node Type": "Aggregate", "Strategy": "Hashed", "Parent Relationship": "Outer", "Startup Cost": 4515800.27, "Total Cost": 4515800.38, "Plan Rows": 6, "Plan Width": 172, "Group By Key": ["l_returnflag", "l_linestatus"], "Plans": [{"Node Type": "Seq Scan", "Parent Relationship": "Outer", "Relation Name": "lineitem", "Alias": "lineitem", "Startup Cost": 3.1, "Total Cost": 2165082.91, "Plan Rows": 58767934, "Plan Width": 36, "Filter": "(l_shipdate <= '1998-08-15 00:00:00'::timestamp without time zone), (LLVM Optimized)"}]}]}, "Unique SQL Id": 177413717}, "explain_analyze_plan": {"Plan": {"Node Type": "Sort", "Startup Cost": 4515800.46, "Total Cost": 4515800.47, "Plan Rows": 6, "Plan Width": 172, "Actual Startup Time": 131002.125, "Actual Total Time": 131002.126, "Actual Rows": 4, "Actual Loops": 1, "Sort Key": ["l_returnflag", "l_linestatus"], "Sort Method": "quicksort", "Sort Space Used": 25, "Sort Space Type": "Memory", "Plans": [{"Node Type": "Aggregate", "Strategy": "Hashed", "Parent Relationship": "Outer", "Startup Cost": 4515800.27, "Total Cost": 4515800.38, "Plan Rows": 6, "Plan Width": 172, "Actual Startup Time": 131002.051, "Actual Total Time": 131002.054, "Actual Rows": 4, "Actual Loops": 1, "Group By Key": ["l_returnflag", "l_linestatus"], "Plans": [{"Node Type": "Seq Scan", "Parent Relationship": "Outer", "Relation Name": "lineitem", "Alias": "lineitem", "Startup Cost": 3.1, "Total Cost": 2165082.91, "Plan Rows": 58767934, "Plan Width": 36, "Actual Startup Time": 0.023, "Actual Total Time": 27273.426, "Actual Rows": 58773499, "Actual Loops": 1, "Filter": "(l_shipdate <= '1998-08-15 00:00:00'::timestamp without time zone), (LLVM Optimized, Jit Execute)", "Rows Removed by Filter": 1212553}]}]}, "Triggers": [], "Planner Runtime": 0.395, "Total Runtime": 131013.594, "Unique SQL Id": 177413717}}, "(64, 75)": {"explain_plan": {"Plan": {"Node Type": "Sort", "Startup Cost": 1000218859008.79, "Total Cost": 1000218859008.81, "Plan Rows": 6, "Plan Width": 172, "Sort Key": ["l_returnflag", "l_linestatus"], "Plans": [{"Node Type": "Aggregate", "Strategy": "Hashed", "Parent Relationship": "Outer", "Startup Cost": 1000218859008.61, "Total Cost": 1000218859008.72, "Plan Rows": 6, "Plan Width": 172, "Group By Key": ["l_returnflag", "l_linestatus"], "Plans": [{"Node Type": "Seq Scan", "Parent Relationship": "Outer", "Relation Name": "lineitem", "Alias": "lineitem", "Startup Cost": 10000000003.1, "Total Cost": 1000216508291.25, "Plan Rows": 58767934, "Plan Width": 36, "Filter": "(l_shipdate <= '1998-08-15 00:00:00'::timestamp without time zone), (LLVM Optimized)"}]}]}, "Unique SQL Id": 177413717}, "explain_analyze_plan": {"Plan": {"Node Type": "Sort", "Startup Cost": 1000218859008.79, "Total Cost": 1000218859008.81, "Plan Rows": 6, "Plan Width": 172, "Actual Startup Time": 131611.272, "Actual Total Time": 131611.273, "Actual Rows": 4, "Actual Loops": 1, "Sort Key": ["l_returnflag", "l_linestatus"], "Sort Method": "quicksort", "Sort Space Used": 25, "Sort Space Type": "Memory", "Plans": [{"Node Type": "Aggregate", "Strategy": "Hashed", "Parent Relationship": "Outer", "Startup Cost": 1000218859008.61, "Total Cost": 1000218859008.72, "Plan Rows": 6, "Plan Width": 172, "Actual Startup Time": 131611.063, "Actual Total Time": 131611.077, "Actual Rows": 4, "Actual Loops": 1, "Group By Key": ["l_returnflag", "l_linestatus"], "Plans": [{"Node Type": "Seq Scan", "Parent Relationship": "Outer", "Relation Name": "lineitem", "Alias": "lineitem", "Startup Cost": 10000000003.1, "Total Cost": 1000216508291.25, "Plan Rows": 58767934, "Plan Width": 36, "Actual Startup Time": 0.032, "Actual Total Time": 27406.475, "Actual Rows": 58773499, "Actual Loops": 1, "Filter": "(l_shipdate <= '1998-08-15 00:00:00'::timestamp without time zone), (LLVM Optimized, Jit Execute)", "Rows Removed by Filter": 1212553}]}]}, "Triggers": [], "Planner Runtime": 0.32, "Total Runtime": 131622.731, "Unique SQL Id": 177413717}}, "(64, 76)": {"explain_plan": {"Plan": {"Node Type": "Sort", "Startup Cost": 4515800.46, "Total Cost": 4515800.47, "Plan Rows": 6, "Plan Width": 172, "Sort Key": ["l_returnflag", "l_linestatus"], "Plans": [{"Node Type": "Aggregate", "Strategy": "Hashed", "Parent Relationship": "Outer", "Startup Cost": 4515800.27, "Total Cost": 4515800.38, "Plan Rows": 6, "Plan Width": 172, "Group By Key": ["l_returnflag", "l_linestatus"], "Plans": [{"Node Type": "Seq Scan", "Parent Relationship": "Outer", "Relation Name": "lineitem", "Alias": "lineitem", "Startup Cost": 3.1, "Total Cost": 2165082.91, "Plan Rows": 58767934, "Plan Width": 36, "Filter": "(l_shipdate <= '1998-08-15 00:00:00'::timestamp without time zone), (LLVM Optimized)"}]}]}, "Unique SQL Id": 177413717}, "explain_analyze_plan": {"Plan": {"Node Type": "Sort", "Startup Cost": 4515800.46, "Total Cost": 4515800.47, "Plan Rows": 6, "Plan Width": 172, "Actual Startup Time": 131002.125, "Actual Total Time": 131002.126, "Actual Rows": 4, "Actual Loops": 1, "Sort Key": ["l_returnflag", "l_linestatus"], "Sort Method": "quicksort", "Sort Space Used": 25, "Sort Space Type": "Memory", "Plans": [{"Node Type": "Aggregate", "Strategy": "Hashed", "Parent Relationship": "Outer", "Startup Cost": 4515800.27, "Total Cost": 4515800.38, "Plan Rows": 6, "Plan Width": 172, "Actual Startup Time": 131002.051, "Actual Total Time": 131002.054, "Actual Rows": 4, "Actual Loops": 1, "Group By Key": ["l_returnflag", "l_linestatus"], "Plans": [{"Node Type": "Seq Scan", "Parent Relationship": "Outer", "Relation Name": "lineitem", "Alias": "lineitem", "Startup Cost": 3.1, "Total Cost": 2165082.91, "Plan Rows": 58767934, "Plan Width": 36, "Actual Startup Time": 0.023, "Actual Total Time": 27273.426, "Actual Rows": 58773499, "Actual Loops": 1, "Filter": "(l_shipdate <= '1998-08-15 00:00:00'::timestamp without time zone), (LLVM Optimized, Jit Execute)", "Rows Removed by Filter": 1212553}]}]}, "Triggers": [], "Planner Runtime": 0.395, "Total Runtime": 131013.594, "Unique SQL Id": 177413717}}, "(64, 77)": {"explain_plan": {"Plan": {"Node Type": "Sort", "Startup Cost": 10473924.63, "Total Cost": 10473924.64, "Plan Rows": 6, "Plan Width": 172, "Sort Key": ["l_returnflag", "l_linestatus"], "Plans": [{"Node Type": "Aggregate", "Strategy": "Hashed", "Parent Relationship": "Outer", "Startup Cost": 10473924.44, "Total Cost": 10473924.55, "Plan Rows": 6, "Plan Width": 172, "Group By Key": ["l_returnflag", "l_linestatus"], "Plans": [{"Node Type": "Index Scan", "Parent Relationship": "Outer", "Scan Direction": "Forward", "Index Name": "idx_lineitem_shipdate", "Relation Name": "lineitem", "Alias": "lineitem", "Startup Cost": 0.0, "Total Cost": 8123207.08, "Plan Rows": 58767934, "Plan Width": 36, "Index Cond": "(l_shipdate <= '1998-08-15 00:00:00'::timestamp without time zone), (LLVM Optimized)"}]}]}, "Unique SQL Id": 177413717}, "explain_analyze_plan": {"Plan": {"Node Type": "Sort", "Startup Cost": 10473924.63, "Total Cost": 10473924.64, "Plan Rows": 6, "Plan Width": 172, "Actual Startup Time": 268290.538, "Actual Total Time": 268290.539, "Actual Rows": 4, "Actual Loops": 1, "Sort Key": ["l_returnflag", "l_linestatus"], "Sort Method": "quicksort", "Sort Space Used": 25, "Sort Space Type": "Memory", "Plans": [{"Node Type": "Aggregate", "Strategy": "Hashed", "Parent Relationship": "Outer", "Startup Cost": 10473924.44, "Total Cost": 10473924.55, "Plan Rows": 6, "Plan Width": 172, "Actual Startup Time": 268290.3, "Actual Total Time": 268290.319, "Actual Rows": 4, "Actual Loops": 1, "Group By Key": ["l_returnflag", "l_linestatus"], "Plans": [{"Node Type": "Index Scan", "Parent Relationship": "Outer", "Scan Direction": "Forward", "Index Name": "idx_lineitem_shipdate", "Relation Name": "lineitem", "Alias": "lineitem", "Startup Cost": 0.0, "Total Cost": 8123207.08, "Plan Rows": 58767934, "Plan Width": 36, "Actual Startup Time": 0.059, "Actual Total Time": 154990.063, "Actual Rows": 58773499, "Actual Loops": 1, "Index Cond": "(l_shipdate <= '1998-08-15 00:00:00'::timestamp without time zone), (LLVM Optimized, Jit Execute)", "Rows Removed by Index Recheck": 0}]}]}, "Triggers": [], "Planner Runtime": 0.39, "Total Runtime": 268302.787, "Unique SQL Id": 177413717}}, "(64, 78)": {"explain_plan": {"Plan": {"Node Type": "Sort", "Startup Cost": 4515800.46, "Total Cost": 4515800.47, "Plan Rows": 6, "Plan Width": 172, "Sort Key": ["l_returnflag", "l_linestatus"], "Plans": [{"Node Type": "Aggregate", "Strategy": "Hashed", "Parent Relationship": "Outer", "Startup Cost": 4515800.27, "Total Cost": 4515800.38, "Plan Rows": 6, "Plan Width": 172, "Group By Key": ["l_returnflag", "l_linestatus"], "Plans": [{"Node Type": "Seq Scan", "Parent Relationship": "Outer", "Relation Name": "lineitem", "Alias": "lineitem", "Startup Cost": 3.1, "Total Cost": 2165082.91, "Plan Rows": 58767934, "Plan Width": 36, "Filter": "(l_shipdate <= '1998-08-15 00:00:00'::timestamp without time zone), (LLVM Optimized)"}]}]}, "Unique SQL Id": 177413717}, "explain_analyze_plan": {"Plan": {"Node Type": "Sort", "Startup Cost": 4515800.46, "Total Cost": 4515800.47, "Plan Rows": 6, "Plan Width": 172, "Actual Startup Time": 131002.125, "Actual Total Time": 131002.126, "Actual Rows": 4, "Actual Loops": 1, "Sort Key": ["l_returnflag", "l_linestatus"], "Sort Method": "quicksort", "Sort Space Used": 25, "Sort Space Type": "Memory", "Plans": [{"Node Type": "Aggregate", "Strategy": "Hashed", "Parent Relationship": "Outer", "Startup Cost": 4515800.27, "Total Cost": 4515800.38, "Plan Rows": 6, "Plan Width": 172, "Actual Startup Time": 131002.051, "Actual Total Time": 131002.054, "Actual Rows": 4, "Actual Loops": 1, "Group By Key": ["l_returnflag", "l_linestatus"], "Plans": [{"Node Type": "Seq Scan", "Parent Relationship": "Outer", "Relation Name": "lineitem", "Alias": "lineitem", "Startup Cost": 3.1, "Total Cost": 2165082.91, "Plan Rows": 58767934, "Plan Width": 36, "Actual Startup Time": 0.023, "Actual Total Time": 27273.426, "Actual Rows": 58773499, "Actual Loops": 1, "Filter": "(l_shipdate <= '1998-08-15 00:00:00'::timestamp without time zone), (LLVM Optimized, Jit Execute)", "Rows Removed by Filter": 1212553}]}]}, "Triggers": [], "Planner Runtime": 0.395, "Total Runtime": 131013.594, "Unique SQL Id": 177413717}}, "(64, 79)": {"explain_plan": {"Plan": {"Node Type": "Sort", "Startup Cost": 1000218859008.79, "Total Cost": 1000218859008.81, "Plan Rows": 6, "Plan Width": 172, "Sort Key": ["l_returnflag", "l_linestatus"], "Plans": [{"Node Type": "Aggregate", "Strategy": "Hashed", "Parent Relationship": "Outer", "Startup Cost": 1000218859008.61, "Total Cost": 1000218859008.72, "Plan Rows": 6, "Plan Width": 172, "Group By Key": ["l_returnflag", "l_linestatus"], "Plans": [{"Node Type": "Seq Scan", "Parent Relationship": "Outer", "Relation Name": "lineitem", "Alias": "lineitem", "Startup Cost": 10000000003.1, "Total Cost": 1000216508291.25, "Plan Rows": 58767934, "Plan Width": 36, "Filter": "(l_shipdate <= '1998-08-15 00:00:00'::timestamp without time zone), (LLVM Optimized)"}]}]}, "Unique SQL Id": 177413717}, "explain_analyze_plan": {"Plan": {"Node Type": "Sort", "Startup Cost": 1000218859008.79, "Total Cost": 1000218859008.81, "Plan Rows": 6, "Plan Width": 172, "Actual Startup Time": 131611.272, "Actual Total Time": 131611.273, "Actual Rows": 4, "Actual Loops": 1, "Sort Key": ["l_returnflag", "l_linestatus"], "Sort Method": "quicksort", "Sort Space Used": 25, "Sort Space Type": "Memory", "Plans": [{"Node Type": "Aggregate", "Strategy": "Hashed", "Parent Relationship": "Outer", "Startup Cost": 1000218859008.61, "Total Cost": 1000218859008.72, "Plan Rows": 6, "Plan Width": 172, "Actual Startup Time": 131611.063, "Actual Total Time": 131611.077, "Actual Rows": 4, "Actual Loops": 1, "Group By Key": ["l_returnflag", "l_linestatus"], "Plans": [{"Node Type": "Seq Scan", "Parent Relationship": "Outer", "Relation Name": "lineitem", "Alias": "lineitem", "Startup Cost": 10000000003.1, "Total Cost": 1000216508291.25, "Plan Rows": 58767934, "Plan Width": 36, "Actual Startup Time": 0.032, "Actual Total Time": 27406.475, "Actual Rows": 58773499, "Actual Loops": 1, "Filter": "(l_shipdate <= '1998-08-15 00:00:00'::timestamp without time zone), (LLVM Optimized, Jit Execute)", "Rows Removed by Filter": 1212553}]}]}, "Triggers": [], "Planner Runtime": 0.32, "Total Runtime": 131622.731, "Unique SQL Id": 177413717}}, "(64, 80)": {"explain_plan": {"Plan": {"Node Type": "Sort", "Startup Cost": 4515800.46, "Total Cost": 4515800.47, "Plan Rows": 6, "Plan Width": 172, "Sort Key": ["l_returnflag", "l_linestatus"], "Plans": [{"Node Type": "Aggregate", "Strategy": "Hashed", "Parent Relationship": "Outer", "Startup Cost": 4515800.27, "Total Cost": 4515800.38, "Plan Rows": 6, "Plan Width": 172, "Group By Key": ["l_returnflag", "l_linestatus"], "Plans": [{"Node Type": "Seq Scan", "Parent Relationship": "Outer", "Relation Name": "lineitem", "Alias": "lineitem", "Startup Cost": 3.1, "Total Cost": 2165082.91, "Plan Rows": 58767934, "Plan Width": 36, "Filter": "(l_shipdate <= '1998-08-15 00:00:00'::timestamp without time zone), (LLVM Optimized)"}]}]}, "Unique SQL Id": 177413717}, "explain_analyze_plan": {"Plan": {"Node Type": "Sort", "Startup Cost": 4515800.46, "Total Cost": 4515800.47, "Plan Rows": 6, "Plan Width": 172, "Actual Startup Time": 131002.125, "Actual Total Time": 131002.126, "Actual Rows": 4, "Actual Loops": 1, "Sort Key": ["l_returnflag", "l_linestatus"], "Sort Method": "quicksort", "Sort Space Used": 25, "Sort Space Type": "Memory", "Plans": [{"Node Type": "Aggregate", "Strategy": "Hashed", "Parent Relationship": "Outer", "Startup Cost": 4515800.27, "Total Cost": 4515800.38, "Plan Rows": 6, "Plan Width": 172, "Actual Startup Time": 131002.051, "Actual Total Time": 131002.054, "Actual Rows": 4, "Actual Loops": 1, "Group By Key": ["l_returnflag", "l_linestatus"], "Plans": [{"Node Type": "Seq Scan", "Parent Relationship": "Outer", "Relation Name": "lineitem", "Alias": "lineitem", "Startup Cost": 3.1, "Total Cost": 2165082.91, "Plan Rows": 58767934, "Plan Width": 36, "Actual Startup Time": 0.023, "Actual Total Time": 27273.426, "Actual Rows": 58773499, "Actual Loops": 1, "Filter": "(l_shipdate <= '1998-08-15 00:00:00'::timestamp without time zone), (LLVM Optimized, Jit Execute)", "Rows Removed by Filter": 1212553}]}]}, "Triggers": [], "Planner Runtime": 0.395, "Total Runtime": 131013.594, "Unique SQL Id": 177413717}}, "(64, 81)": {"explain_plan": {"Plan": {"Node Type": "Sort", "Startup Cost": 6389801.46, "Total Cost": 6389801.47, "Plan Rows": 6, "Plan Width": 172, "Sort Key": ["l_returnflag", "l_linestatus"], "Plans": [{"Node Type": "Aggregate", "Strategy": "Hashed", "Parent Relationship": "Outer", "Startup Cost": 6389801.27, "Total Cost": 6389801.38, "Plan Rows": 6, "Plan Width": 172, "Group By Key": ["l_returnflag", "l_linestatus"], "Plans": [{"Node Type": "Bitmap Heap Scan", "Parent Relationship": "Outer", "Relation Name": "lineitem", "Alias": "lineitem", "Startup Cost": 1889239.74, "Total Cost": 4039083.91, "Plan Rows": 58767934, "Plan Width": 36, "Recheck Cond": "(l_shipdate <= '1998-08-15 00:00:00'::timestamp without time zone), (LLVM Optimized)", "Plans": [{"Node Type": "Bitmap Index Scan", "Parent Relationship": "Outer", "Index Name": "idx_lineitem_shipdate", "Startup Cost": 0.0, "Total Cost": 1874547.75, "Plan Rows": 58767934, "Plan Width": 0, "Index Cond": "(l_shipdate <= '1998-08-15 00:00:00'::timestamp without time zone)"}]}]}]}, "Unique SQL Id": 177413717}, "explain_analyze_plan": {"Plan": {"Node Type": "Sort", "Startup Cost": 6389801.46, "Total Cost": 6389801.47, "Plan Rows": 6, "Plan Width": 172, "Actual Startup Time": 159302.231, "Actual Total Time": 159302.232, "Actual Rows": 4, "Actual Loops": 1, "Sort Key": ["l_returnflag", "l_linestatus"], "Sort Method": "quicksort", "Sort Space Used": 25, "Sort Space Type": "Memory", "Plans": [{"Node Type": "Aggregate", "Strategy": "Hashed", "Parent Relationship": "Outer", "Startup Cost": 6389801.27, "Total Cost": 6389801.38, "Plan Rows": 6, "Plan Width": 172, "Actual Startup Time": 159302.121, "Actual Total Time": 159302.125, "Actual Rows": 4, "Actual Loops": 1, "Group By Key": ["l_returnflag", "l_linestatus"], "Plans": [{"Node Type": "Bitmap Heap Scan", "Parent Relationship": "Outer", "Relation Name": "lineitem", "Alias": "lineitem", "Startup Cost": 1889239.74, "Total Cost": 4039083.91, "Plan Rows": 58767934, "Plan Width": 36, "Actual Startup Time": 27630.539, "Actual Total Time": 56618.821, "Actual Rows": 58773499, "Actual Loops": 1, "Recheck Cond": "(l_shipdate <= '1998-08-15 00:00:00'::timestamp without time zone), (LLVM Optimized, Jit Execute)", "Rows Removed by Index Recheck": 0, "Exact Heap Blocks": 1415245, "Lossy Heap Blocks": 1415245, "Plans": [{"Node Type": "Bitmap Index Scan", "Parent Relationship": "Outer", "Index Name": "idx_lineitem_shipdate", "Startup Cost": 0.0, "Total Cost": 1874547.75, "Plan Rows": 58767934, "Plan Width": 0, "Actual Startup Time": 26819.752, "Actual Total Time": 26819.752, "Actual Rows": 58773499, "Actual Loops": 1, "Index Cond": "(l_shipdate <= '1998-08-15 00:00:00'::timestamp without time zone)"}]}]}]}, "Triggers": [], "Planner Runtime": 0.41, "Total Runtime": 159315.57, "Unique SQL Id": 177413717}}, "(64, 82)": {"explain_plan": {"Plan": {"Node Type": "Sort", "Startup Cost": 4515800.46, "Total Cost": 4515800.47, "Plan Rows": 6, "Plan Width": 172, "Sort Key": ["l_returnflag", "l_linestatus"], "Plans": [{"Node Type": "Aggregate", "Strategy": "Hashed", "Parent Relationship": "Outer", "Startup Cost": 4515800.27, "Total Cost": 4515800.38, "Plan Rows": 6, "Plan Width": 172, "Group By Key": ["l_returnflag", "l_linestatus"], "Plans": [{"Node Type": "Seq Scan", "Parent Relationship": "Outer", "Relation Name": "lineitem", "Alias": "lineitem", "Startup Cost": 3.1, "Total Cost": 2165082.91, "Plan Rows": 58767934, "Plan Width": 36, "Filter": "(l_shipdate <= '1998-08-15 00:00:00'::timestamp without time zone), (LLVM Optimized)"}]}]}, "Unique SQL Id": 177413717}, "explain_analyze_plan": {"Plan": {"Node Type": "Sort", "Startup Cost": 4515800.46, "Total Cost": 4515800.47, "Plan Rows": 6, "Plan Width": 172, "Actual Startup Time": 131002.125, "Actual Total Time": 131002.126, "Actual Rows": 4, "Actual Loops": 1, "Sort Key": ["l_returnflag", "l_linestatus"], "Sort Method": "quicksort", "Sort Space Used": 25, "Sort Space Type": "Memory", "Plans": [{"Node Type": "Aggregate", "Strategy": "Hashed", "Parent Relationship": "Outer", "Startup Cost": 4515800.27, "Total Cost": 4515800.38, "Plan Rows": 6, "Plan Width": 172, "Actual Startup Time": 131002.051, "Actual Total Time": 131002.054, "Actual Rows": 4, "Actual Loops": 1, "Group By Key": ["l_returnflag", "l_linestatus"], "Plans": [{"Node Type": "Seq Scan", "Parent Relationship": "Outer", "Relation Name": "lineitem", "Alias": "lineitem", "Startup Cost": 3.1, "Total Cost": 2165082.91, "Plan Rows": 58767934, "Plan Width": 36, "Actual Startup Time": 0.023, "Actual Total Time": 27273.426, "Actual Rows": 58773499, "Actual Loops": 1, "Filter": "(l_shipdate <= '1998-08-15 00:00:00'::timestamp without time zone), (LLVM Optimized, Jit Execute)", "Rows Removed by Filter": 1212553}]}]}, "Triggers": [], "Planner Runtime": 0.395, "Total Runtime": 131013.594, "Unique SQL Id": 177413717}}, "(64, 83)": {"explain_plan": {"Plan": {"Node Type": "Sort", "Startup Cost": 6389801.46, "Total Cost": 6389801.47, "Plan Rows": 6, "Plan Width": 172, "Sort Key": ["l_returnflag", "l_linestatus"], "Plans": [{"Node Type": "Aggregate", "Strategy": "Hashed", "Parent Relationship": "Outer", "Startup Cost": 6389801.27, "Total Cost": 6389801.38, "Plan Rows": 6, "Plan Width": 172, "Group By Key": ["l_returnflag", "l_linestatus"], "Plans": [{"Node Type": "Bitmap Heap Scan", "Parent Relationship": "Outer", "Relation Name": "lineitem", "Alias": "lineitem", "Startup Cost": 1889239.74, "Total Cost": 4039083.91, "Plan Rows": 58767934, "Plan Width": 36, "Recheck Cond": "(l_shipdate <= '1998-08-15 00:00:00'::timestamp without time zone), (LLVM Optimized)", "Plans": [{"Node Type": "Bitmap Index Scan", "Parent Relationship": "Outer", "Index Name": "idx_lineitem_shipdate", "Startup Cost": 0.0, "Total Cost": 1874547.75, "Plan Rows": 58767934, "Plan Width": 0, "Index Cond": "(l_shipdate <= '1998-08-15 00:00:00'::timestamp without time zone)"}]}]}]}, "Unique SQL Id": 177413717}, "explain_analyze_plan": {"Plan": {"Node Type": "Sort", "Startup Cost": 6389801.46, "Total Cost": 6389801.47, "Plan Rows": 6, "Plan Width": 172, "Actual Startup Time": 159302.231, "Actual Total Time": 159302.232, "Actual Rows": 4, "Actual Loops": 1, "Sort Key": ["l_returnflag", "l_linestatus"], "Sort Method": "quicksort", "Sort Space Used": 25, "Sort Space Type": "Memory", "Plans": [{"Node Type": "Aggregate", "Strategy": "Hashed", "Parent Relationship": "Outer", "Startup Cost": 6389801.27, "Total Cost": 6389801.38, "Plan Rows": 6, "Plan Width": 172, "Actual Startup Time": 159302.121, "Actual Total Time": 159302.125, "Actual Rows": 4, "Actual Loops": 1, "Group By Key": ["l_returnflag", "l_linestatus"], "Plans": [{"Node Type": "Bitmap Heap Scan", "Parent Relationship": "Outer", "Relation Name": "lineitem", "Alias": "lineitem", "Startup Cost": 1889239.74, "Total Cost": 4039083.91, "Plan Rows": 58767934, "Plan Width": 36, "Actual Startup Time": 27630.539, "Actual Total Time": 56618.821, "Actual Rows": 58773499, "Actual Loops": 1, "Recheck Cond": "(l_shipdate <= '1998-08-15 00:00:00'::timestamp without time zone), (LLVM Optimized, Jit Execute)", "Rows Removed by Index Recheck": 0, "Exact Heap Blocks": 1415245, "Lossy Heap Blocks": 1415245, "Plans": [{"Node Type": "Bitmap Index Scan", "Parent Relationship": "Outer", "Index Name": "idx_lineitem_shipdate", "Startup Cost": 0.0, "Total Cost": 1874547.75, "Plan Rows": 58767934, "Plan Width": 0, "Actual Startup Time": 26819.752, "Actual Total Time": 26819.752, "Actual Rows": 58773499, "Actual Loops": 1, "Index Cond": "(l_shipdate <= '1998-08-15 00:00:00'::timestamp without time zone)"}]}]}]}, "Triggers": [], "Planner Runtime": 0.41, "Total Runtime": 159315.57, "Unique SQL Id": 177413717}}, "(64, 84)": {"explain_plan": {"Plan": {"Node Type": "Sort", "Startup Cost": 4515800.46, "Total Cost": 4515800.47, "Plan Rows": 6, "Plan Width": 172, "Sort Key": ["l_returnflag", "l_linestatus"], "Plans": [{"Node Type": "Aggregate", "Strategy": "Hashed", "Parent Relationship": "Outer", "Startup Cost": 4515800.27, "Total Cost": 4515800.38, "Plan Rows": 6, "Plan Width": 172, "Group By Key": ["l_returnflag", "l_linestatus"], "Plans": [{"Node Type": "Seq Scan", "Parent Relationship": "Outer", "Relation Name": "lineitem", "Alias": "lineitem", "Startup Cost": 3.1, "Total Cost": 2165082.91, "Plan Rows": 58767934, "Plan Width": 36, "Filter": "(l_shipdate <= '1998-08-15 00:00:00'::timestamp without time zone), (LLVM Optimized)"}]}]}, "Unique SQL Id": 177413717}, "explain_analyze_plan": {"Plan": {"Node Type": "Sort", "Startup Cost": 4515800.46, "Total Cost": 4515800.47, "Plan Rows": 6, "Plan Width": 172, "Actual Startup Time": 131002.125, "Actual Total Time": 131002.126, "Actual Rows": 4, "Actual Loops": 1, "Sort Key": ["l_returnflag", "l_linestatus"], "Sort Method": "quicksort", "Sort Space Used": 25, "Sort Space Type": "Memory", "Plans": [{"Node Type": "Aggregate", "Strategy": "Hashed", "Parent Relationship": "Outer", "Startup Cost": 4515800.27, "Total Cost": 4515800.38, "Plan Rows": 6, "Plan Width": 172, "Actual Startup Time": 131002.051, "Actual Total Time": 131002.054, "Actual Rows": 4, "Actual Loops": 1, "Group By Key": ["l_returnflag", "l_linestatus"], "Plans": [{"Node Type": "Seq Scan", "Parent Relationship": "Outer", "Relation Name": "lineitem", "Alias": "lineitem", "Startup Cost": 3.1, "Total Cost": 2165082.91, "Plan Rows": 58767934, "Plan Width": 36, "Actual Startup Time": 0.023, "Actual Total Time": 27273.426, "Actual Rows": 58773499, "Actual Loops": 1, "Filter": "(l_shipdate <= '1998-08-15 00:00:00'::timestamp without time zone), (LLVM Optimized, Jit Execute)", "Rows Removed by Filter": 1212553}]}]}, "Triggers": [], "Planner Runtime": 0.395, "Total Runtime": 131013.594, "Unique SQL Id": 177413717}}, "(64, 85)": {"explain_plan": {"Plan": {"Node Type": "Sort", "Startup Cost": 6389801.46, "Total Cost": 6389801.47, "Plan Rows": 6, "Plan Width": 172, "Sort Key": ["l_returnflag", "l_linestatus"], "Plans": [{"Node Type": "Aggregate", "Strategy": "Hashed", "Parent Relationship": "Outer", "Startup Cost": 6389801.27, "Total Cost": 6389801.38, "Plan Rows": 6, "Plan Width": 172, "Group By Key": ["l_returnflag", "l_linestatus"], "Plans": [{"Node Type": "Bitmap Heap Scan", "Parent Relationship": "Outer", "Relation Name": "lineitem", "Alias": "lineitem", "Startup Cost": 1889239.74, "Total Cost": 4039083.91, "Plan Rows": 58767934, "Plan Width": 36, "Recheck Cond": "(l_shipdate <= '1998-08-15 00:00:00'::timestamp without time zone), (LLVM Optimized)", "Plans": [{"Node Type": "Bitmap Index Scan", "Parent Relationship": "Outer", "Index Name": "idx_lineitem_shipdate", "Startup Cost": 0.0, "Total Cost": 1874547.75, "Plan Rows": 58767934, "Plan Width": 0, "Index Cond": "(l_shipdate <= '1998-08-15 00:00:00'::timestamp without time zone)"}]}]}]}, "Unique SQL Id": 177413717}, "explain_analyze_plan": {"Plan": {"Node Type": "Sort", "Startup Cost": 6389801.46, "Total Cost": 6389801.47, "Plan Rows": 6, "Plan Width": 172, "Actual Startup Time": 159302.231, "Actual Total Time": 159302.232, "Actual Rows": 4, "Actual Loops": 1, "Sort Key": ["l_returnflag", "l_linestatus"], "Sort Method": "quicksort", "Sort Space Used": 25, "Sort Space Type": "Memory", "Plans": [{"Node Type": "Aggregate", "Strategy": "Hashed", "Parent Relationship": "Outer", "Startup Cost": 6389801.27, "Total Cost": 6389801.38, "Plan Rows": 6, "Plan Width": 172, "Actual Startup Time": 159302.121, "Actual Total Time": 159302.125, "Actual Rows": 4, "Actual Loops": 1, "Group By Key": ["l_returnflag", "l_linestatus"], "Plans": [{"Node Type": "Bitmap Heap Scan", "Parent Relationship": "Outer", "Relation Name": "lineitem", "Alias": "lineitem", "Startup Cost": 1889239.74, "Total Cost": 4039083.91, "Plan Rows": 58767934, "Plan Width": 36, "Actual Startup Time": 27630.539, "Actual Total Time": 56618.821, "Actual Rows": 58773499, "Actual Loops": 1, "Recheck Cond": "(l_shipdate <= '1998-08-15 00:00:00'::timestamp without time zone), (LLVM Optimized, Jit Execute)", "Rows Removed by Index Recheck": 0, "Exact Heap Blocks": 1415245, "Lossy Heap Blocks": 1415245, "Plans": [{"Node Type": "Bitmap Index Scan", "Parent Relationship": "Outer", "Index Name": "idx_lineitem_shipdate", "Startup Cost": 0.0, "Total Cost": 1874547.75, "Plan Rows": 58767934, "Plan Width": 0, "Actual Startup Time": 26819.752, "Actual Total Time": 26819.752, "Actual Rows": 58773499, "Actual Loops": 1, "Index Cond": "(l_shipdate <= '1998-08-15 00:00:00'::timestamp without time zone)"}]}]}]}, "Triggers": [], "Planner Runtime": 0.41, "Total Runtime": 159315.57, "Unique SQL Id": 177413717}}, "(64, 86)": {"explain_plan": {"Plan": {"Node Type": "Sort", "Startup Cost": 4515800.46, "Total Cost": 4515800.47, "Plan Rows": 6, "Plan Width": 172, "Sort Key": ["l_returnflag", "l_linestatus"], "Plans": [{"Node Type": "Aggregate", "Strategy": "Hashed", "Parent Relationship": "Outer", "Startup Cost": 4515800.27, "Total Cost": 4515800.38, "Plan Rows": 6, "Plan Width": 172, "Group By Key": ["l_returnflag", "l_linestatus"], "Plans": [{"Node Type": "Seq Scan", "Parent Relationship": "Outer", "Relation Name": "lineitem", "Alias": "lineitem", "Startup Cost": 3.1, "Total Cost": 2165082.91, "Plan Rows": 58767934, "Plan Width": 36, "Filter": "(l_shipdate <= '1998-08-15 00:00:00'::timestamp without time zone), (LLVM Optimized)"}]}]}, "Unique SQL Id": 177413717}, "explain_analyze_plan": {"Plan": {"Node Type": "Sort", "Startup Cost": 4515800.46, "Total Cost": 4515800.47, "Plan Rows": 6, "Plan Width": 172, "Actual Startup Time": 131002.125, "Actual Total Time": 131002.126, "Actual Rows": 4, "Actual Loops": 1, "Sort Key": ["l_returnflag", "l_linestatus"], "Sort Method": "quicksort", "Sort Space Used": 25, "Sort Space Type": "Memory", "Plans": [{"Node Type": "Aggregate", "Strategy": "Hashed", "Parent Relationship": "Outer", "Startup Cost": 4515800.27, "Total Cost": 4515800.38, "Plan Rows": 6, "Plan Width": 172, "Actual Startup Time": 131002.051, "Actual Total Time": 131002.054, "Actual Rows": 4, "Actual Loops": 1, "Group By Key": ["l_returnflag", "l_linestatus"], "Plans": [{"Node Type": "Seq Scan", "Parent Relationship": "Outer", "Relation Name": "lineitem", "Alias": "lineitem", "Startup Cost": 3.1, "Total Cost": 2165082.91, "Plan Rows": 58767934, "Plan Width": 36, "Actual Startup Time": 0.023, "Actual Total Time": 27273.426, "Actual Rows": 58773499, "Actual Loops": 1, "Filter": "(l_shipdate <= '1998-08-15 00:00:00'::timestamp without time zone), (LLVM Optimized, Jit Execute)", "Rows Removed by Filter": 1212553}]}]}, "Triggers": [], "Planner Runtime": 0.395, "Total Runtime": 131013.594, "Unique SQL Id": 177413717}}, "(64, 87)": {"explain_plan": {"Plan": {"Node Type": "Sort", "Startup Cost": 6389801.46, "Total Cost": 6389801.47, "Plan Rows": 6, "Plan Width": 172, "Sort Key": ["l_returnflag", "l_linestatus"], "Plans": [{"Node Type": "Aggregate", "Strategy": "Hashed", "Parent Relationship": "Outer", "Startup Cost": 6389801.27, "Total Cost": 6389801.38, "Plan Rows": 6, "Plan Width": 172, "Group By Key": ["l_returnflag", "l_linestatus"], "Plans": [{"Node Type": "Bitmap Heap Scan", "Parent Relationship": "Outer", "Relation Name": "lineitem", "Alias": "lineitem", "Startup Cost": 1889239.74, "Total Cost": 4039083.91, "Plan Rows": 58767934, "Plan Width": 36, "Recheck Cond": "(l_shipdate <= '1998-08-15 00:00:00'::timestamp without time zone), (LLVM Optimized)", "Plans": [{"Node Type": "Bitmap Index Scan", "Parent Relationship": "Outer", "Index Name": "idx_lineitem_shipdate", "Startup Cost": 0.0, "Total Cost": 1874547.75, "Plan Rows": 58767934, "Plan Width": 0, "Index Cond": "(l_shipdate <= '1998-08-15 00:00:00'::timestamp without time zone)"}]}]}]}, "Unique SQL Id": 177413717}, "explain_analyze_plan": {"Plan": {"Node Type": "Sort", "Startup Cost": 6389801.46, "Total Cost": 6389801.47, "Plan Rows": 6, "Plan Width": 172, "Actual Startup Time": 159302.231, "Actual Total Time": 159302.232, "Actual Rows": 4, "Actual Loops": 1, "Sort Key": ["l_returnflag", "l_linestatus"], "Sort Method": "quicksort", "Sort Space Used": 25, "Sort Space Type": "Memory", "Plans": [{"Node Type": "Aggregate", "Strategy": "Hashed", "Parent Relationship": "Outer", "Startup Cost": 6389801.27, "Total Cost": 6389801.38, "Plan Rows": 6, "Plan Width": 172, "Actual Startup Time": 159302.121, "Actual Total Time": 159302.125, "Actual Rows": 4, "Actual Loops": 1, "Group By Key": ["l_returnflag", "l_linestatus"], "Plans": [{"Node Type": "Bitmap Heap Scan", "Parent Relationship": "Outer", "Relation Name": "lineitem", "Alias": "lineitem", "Startup Cost": 1889239.74, "Total Cost": 4039083.91, "Plan Rows": 58767934, "Plan Width": 36, "Actual Startup Time": 27630.539, "Actual Total Time": 56618.821, "Actual Rows": 58773499, "Actual Loops": 1, "Recheck Cond": "(l_shipdate <= '1998-08-15 00:00:00'::timestamp without time zone), (LLVM Optimized, Jit Execute)", "Rows Removed by Index Recheck": 0, "Exact Heap Blocks": 1415245, "Lossy Heap Blocks": 1415245, "Plans": [{"Node Type": "Bitmap Index Scan", "Parent Relationship": "Outer", "Index Name": "idx_lineitem_shipdate", "Startup Cost": 0.0, "Total Cost": 1874547.75, "Plan Rows": 58767934, "Plan Width": 0, "Actual Startup Time": 26819.752, "Actual Total Time": 26819.752, "Actual Rows": 58773499, "Actual Loops": 1, "Index Cond": "(l_shipdate <= '1998-08-15 00:00:00'::timestamp without time zone)"}]}]}]}, "Triggers": [], "Planner Runtime": 0.41, "Total Runtime": 159315.57, "Unique SQL Id": 177413717}}, "(64, 88)": {"explain_plan": {"Plan": {"Node Type": "Sort", "Startup Cost": 4515800.46, "Total Cost": 4515800.47, "Plan Rows": 6, "Plan Width": 172, "Sort Key": ["l_returnflag", "l_linestatus"], "Plans": [{"Node Type": "Aggregate", "Strategy": "Hashed", "Parent Relationship": "Outer", "Startup Cost": 4515800.27, "Total Cost": 4515800.38, "Plan Rows": 6, "Plan Width": 172, "Group By Key": ["l_returnflag", "l_linestatus"], "Plans": [{"Node Type": "Seq Scan", "Parent Relationship": "Outer", "Relation Name": "lineitem", "Alias": "lineitem", "Startup Cost": 3.1, "Total Cost": 2165082.91, "Plan Rows": 58767934, "Plan Width": 36, "Filter": "(l_shipdate <= '1998-08-15 00:00:00'::timestamp without time zone), (LLVM Optimized)"}]}]}, "Unique SQL Id": 177413717}, "explain_analyze_plan": {"Plan": {"Node Type": "Sort", "Startup Cost": 4515800.46, "Total Cost": 4515800.47, "Plan Rows": 6, "Plan Width": 172, "Actual Startup Time": 131002.125, "Actual Total Time": 131002.126, "Actual Rows": 4, "Actual Loops": 1, "Sort Key": ["l_returnflag", "l_linestatus"], "Sort Method": "quicksort", "Sort Space Used": 25, "Sort Space Type": "Memory", "Plans": [{"Node Type": "Aggregate", "Strategy": "Hashed", "Parent Relationship": "Outer", "Startup Cost": 4515800.27, "Total Cost": 4515800.38, "Plan Rows": 6, "Plan Width": 172, "Actual Startup Time": 131002.051, "Actual Total Time": 131002.054, "Actual Rows": 4, "Actual Loops": 1, "Group By Key": ["l_returnflag", "l_linestatus"], "Plans": [{"Node Type": "Seq Scan", "Parent Relationship": "Outer", "Relation Name": "lineitem", "Alias": "lineitem", "Startup Cost": 3.1, "Total Cost": 2165082.91, "Plan Rows": 58767934, "Plan Width": 36, "Actual Startup Time": 0.023, "Actual Total Time": 27273.426, "Actual Rows": 58773499, "Actual Loops": 1, "Filter": "(l_shipdate <= '1998-08-15 00:00:00'::timestamp without time zone), (LLVM Optimized, Jit Execute)", "Rows Removed by Filter": 1212553}]}]}, "Triggers": [], "Planner Runtime": 0.395, "Total Runtime": 131013.594, "Unique SQL Id": 177413717}}, "(64, 89)": {"explain_plan": {"Plan": {"Node Type": "Sort", "Startup Cost": 10473924.63, "Total Cost": 10473924.64, "Plan Rows": 6, "Plan Width": 172, "Sort Key": ["l_returnflag", "l_linestatus"], "Plans": [{"Node Type": "Aggregate", "Strategy": "Hashed", "Parent Relationship": "Outer", "Startup Cost": 10473924.44, "Total Cost": 10473924.55, "Plan Rows": 6, "Plan Width": 172, "Group By Key": ["l_returnflag", "l_linestatus"], "Plans": [{"Node Type": "Index Scan", "Parent Relationship": "Outer", "Scan Direction": "Forward", "Index Name": "idx_lineitem_shipdate", "Relation Name": "lineitem", "Alias": "lineitem", "Startup Cost": 0.0, "Total Cost": 8123207.08, "Plan Rows": 58767934, "Plan Width": 36, "Index Cond": "(l_shipdate <= '1998-08-15 00:00:00'::timestamp without time zone), (LLVM Optimized)"}]}]}, "Unique SQL Id": 177413717}, "explain_analyze_plan": {"Plan": {"Node Type": "Sort", "Startup Cost": 10473924.63, "Total Cost": 10473924.64, "Plan Rows": 6, "Plan Width": 172, "Actual Startup Time": 268290.538, "Actual Total Time": 268290.539, "Actual Rows": 4, "Actual Loops": 1, "Sort Key": ["l_returnflag", "l_linestatus"], "Sort Method": "quicksort", "Sort Space Used": 25, "Sort Space Type": "Memory", "Plans": [{"Node Type": "Aggregate", "Strategy": "Hashed", "Parent Relationship": "Outer", "Startup Cost": 10473924.44, "Total Cost": 10473924.55, "Plan Rows": 6, "Plan Width": 172, "Actual Startup Time": 268290.3, "Actual Total Time": 268290.319, "Actual Rows": 4, "Actual Loops": 1, "Group By Key": ["l_returnflag", "l_linestatus"], "Plans": [{"Node Type": "Index Scan", "Parent Relationship": "Outer", "Scan Direction": "Forward", "Index Name": "idx_lineitem_shipdate", "Relation Name": "lineitem", "Alias": "lineitem", "Startup Cost": 0.0, "Total Cost": 8123207.08, "Plan Rows": 58767934, "Plan Width": 36, "Actual Startup Time": 0.059, "Actual Total Time": 154990.063, "Actual Rows": 58773499, "Actual Loops": 1, "Index Cond": "(l_shipdate <= '1998-08-15 00:00:00'::timestamp without time zone), (LLVM Optimized, Jit Execute)", "Rows Removed by Index Recheck": 0}]}]}, "Triggers": [], "Planner Runtime": 0.39, "Total Runtime": 268302.787, "Unique SQL Id": 177413717}}, "(64, 90)": {"explain_plan": {"Plan": {"Node Type": "Sort", "Startup Cost": 4515800.46, "Total Cost": 4515800.47, "Plan Rows": 6, "Plan Width": 172, "Sort Key": ["l_returnflag", "l_linestatus"], "Plans": [{"Node Type": "Aggregate", "Strategy": "Hashed", "Parent Relationship": "Outer", "Startup Cost": 4515800.27, "Total Cost": 4515800.38, "Plan Rows": 6, "Plan Width": 172, "Group By Key": ["l_returnflag", "l_linestatus"], "Plans": [{"Node Type": "Seq Scan", "Parent Relationship": "Outer", "Relation Name": "lineitem", "Alias": "lineitem", "Startup Cost": 3.1, "Total Cost": 2165082.91, "Plan Rows": 58767934, "Plan Width": 36, "Filter": "(l_shipdate <= '1998-08-15 00:00:00'::timestamp without time zone), (LLVM Optimized)"}]}]}, "Unique SQL Id": 177413717}, "explain_analyze_plan": {"Plan": {"Node Type": "Sort", "Startup Cost": 4515800.46, "Total Cost": 4515800.47, "Plan Rows": 6, "Plan Width": 172, "Actual Startup Time": 131002.125, "Actual Total Time": 131002.126, "Actual Rows": 4, "Actual Loops": 1, "Sort Key": ["l_returnflag", "l_linestatus"], "Sort Method": "quicksort", "Sort Space Used": 25, "Sort Space Type": "Memory", "Plans": [{"Node Type": "Aggregate", "Strategy": "Hashed", "Parent Relationship": "Outer", "Startup Cost": 4515800.27, "Total Cost": 4515800.38, "Plan Rows": 6, "Plan Width": 172, "Actual Startup Time": 131002.051, "Actual Total Time": 131002.054, "Actual Rows": 4, "Actual Loops": 1, "Group By Key": ["l_returnflag", "l_linestatus"], "Plans": [{"Node Type": "Seq Scan", "Parent Relationship": "Outer", "Relation Name": "lineitem", "Alias": "lineitem", "Startup Cost": 3.1, "Total Cost": 2165082.91, "Plan Rows": 58767934, "Plan Width": 36, "Actual Startup Time": 0.023, "Actual Total Time": 27273.426, "Actual Rows": 58773499, "Actual Loops": 1, "Filter": "(l_shipdate <= '1998-08-15 00:00:00'::timestamp without time zone), (LLVM Optimized, Jit Execute)", "Rows Removed by Filter": 1212553}]}]}, "Triggers": [], "Planner Runtime": 0.395, "Total Runtime": 131013.594, "Unique SQL Id": 177413717}}, "(64, 91)": {"explain_plan": {"Plan": {"Node Type": "Sort", "Startup Cost": 1000218859008.79, "Total Cost": 1000218859008.81, "Plan Rows": 6, "Plan Width": 172, "Sort Key": ["l_returnflag", "l_linestatus"], "Plans": [{"Node Type": "Aggregate", "Strategy": "Hashed", "Parent Relationship": "Outer", "Startup Cost": 1000218859008.61, "Total Cost": 1000218859008.72, "Plan Rows": 6, "Plan Width": 172, "Group By Key": ["l_returnflag", "l_linestatus"], "Plans": [{"Node Type": "Seq Scan", "Parent Relationship": "Outer", "Relation Name": "lineitem", "Alias": "lineitem", "Startup Cost": 10000000003.1, "Total Cost": 1000216508291.25, "Plan Rows": 58767934, "Plan Width": 36, "Filter": "(l_shipdate <= '1998-08-15 00:00:00'::timestamp without time zone), (LLVM Optimized)"}]}]}, "Unique SQL Id": 177413717}, "explain_analyze_plan": {"Plan": {"Node Type": "Sort", "Startup Cost": 1000218859008.79, "Total Cost": 1000218859008.81, "Plan Rows": 6, "Plan Width": 172, "Actual Startup Time": 131611.272, "Actual Total Time": 131611.273, "Actual Rows": 4, "Actual Loops": 1, "Sort Key": ["l_returnflag", "l_linestatus"], "Sort Method": "quicksort", "Sort Space Used": 25, "Sort Space Type": "Memory", "Plans": [{"Node Type": "Aggregate", "Strategy": "Hashed", "Parent Relationship": "Outer", "Startup Cost": 1000218859008.61, "Total Cost": 1000218859008.72, "Plan Rows": 6, "Plan Width": 172, "Actual Startup Time": 131611.063, "Actual Total Time": 131611.077, "Actual Rows": 4, "Actual Loops": 1, "Group By Key": ["l_returnflag", "l_linestatus"], "Plans": [{"Node Type": "Seq Scan", "Parent Relationship": "Outer", "Relation Name": "lineitem", "Alias": "lineitem", "Startup Cost": 10000000003.1, "Total Cost": 1000216508291.25, "Plan Rows": 58767934, "Plan Width": 36, "Actual Startup Time": 0.032, "Actual Total Time": 27406.475, "Actual Rows": 58773499, "Actual Loops": 1, "Filter": "(l_shipdate <= '1998-08-15 00:00:00'::timestamp without time zone), (LLVM Optimized, Jit Execute)", "Rows Removed by Filter": 1212553}]}]}, "Triggers": [], "Planner Runtime": 0.32, "Total Runtime": 131622.731, "Unique SQL Id": 177413717}}, "(64, 92)": {"explain_plan": {"Plan": {"Node Type": "Sort", "Startup Cost": 4515800.46, "Total Cost": 4515800.47, "Plan Rows": 6, "Plan Width": 172, "Sort Key": ["l_returnflag", "l_linestatus"], "Plans": [{"Node Type": "Aggregate", "Strategy": "Hashed", "Parent Relationship": "Outer", "Startup Cost": 4515800.27, "Total Cost": 4515800.38, "Plan Rows": 6, "Plan Width": 172, "Group By Key": ["l_returnflag", "l_linestatus"], "Plans": [{"Node Type": "Seq Scan", "Parent Relationship": "Outer", "Relation Name": "lineitem", "Alias": "lineitem", "Startup Cost": 3.1, "Total Cost": 2165082.91, "Plan Rows": 58767934, "Plan Width": 36, "Filter": "(l_shipdate <= '1998-08-15 00:00:00'::timestamp without time zone), (LLVM Optimized)"}]}]}, "Unique SQL Id": 177413717}, "explain_analyze_plan": {"Plan": {"Node Type": "Sort", "Startup Cost": 4515800.46, "Total Cost": 4515800.47, "Plan Rows": 6, "Plan Width": 172, "Actual Startup Time": 131002.125, "Actual Total Time": 131002.126, "Actual Rows": 4, "Actual Loops": 1, "Sort Key": ["l_returnflag", "l_linestatus"], "Sort Method": "quicksort", "Sort Space Used": 25, "Sort Space Type": "Memory", "Plans": [{"Node Type": "Aggregate", "Strategy": "Hashed", "Parent Relationship": "Outer", "Startup Cost": 4515800.27, "Total Cost": 4515800.38, "Plan Rows": 6, "Plan Width": 172, "Actual Startup Time": 131002.051, "Actual Total Time": 131002.054, "Actual Rows": 4, "Actual Loops": 1, "Group By Key": ["l_returnflag", "l_linestatus"], "Plans": [{"Node Type": "Seq Scan", "Parent Relationship": "Outer", "Relation Name": "lineitem", "Alias": "lineitem", "Startup Cost": 3.1, "Total Cost": 2165082.91, "Plan Rows": 58767934, "Plan Width": 36, "Actual Startup Time": 0.023, "Actual Total Time": 27273.426, "Actual Rows": 58773499, "Actual Loops": 1, "Filter": "(l_shipdate <= '1998-08-15 00:00:00'::timestamp without time zone), (LLVM Optimized, Jit Execute)", "Rows Removed by Filter": 1212553}]}]}, "Triggers": [], "Planner Runtime": 0.395, "Total Runtime": 131013.594, "Unique SQL Id": 177413717}}, "(64, 93)": {"explain_plan": {"Plan": {"Node Type": "Sort", "Startup Cost": 10473924.63, "Total Cost": 10473924.64, "Plan Rows": 6, "Plan Width": 172, "Sort Key": ["l_returnflag", "l_linestatus"], "Plans": [{"Node Type": "Aggregate", "Strategy": "Hashed", "Parent Relationship": "Outer", "Startup Cost": 10473924.44, "Total Cost": 10473924.55, "Plan Rows": 6, "Plan Width": 172, "Group By Key": ["l_returnflag", "l_linestatus"], "Plans": [{"Node Type": "Index Scan", "Parent Relationship": "Outer", "Scan Direction": "Forward", "Index Name": "idx_lineitem_shipdate", "Relation Name": "lineitem", "Alias": "lineitem", "Startup Cost": 0.0, "Total Cost": 8123207.08, "Plan Rows": 58767934, "Plan Width": 36, "Index Cond": "(l_shipdate <= '1998-08-15 00:00:00'::timestamp without time zone), (LLVM Optimized)"}]}]}, "Unique SQL Id": 177413717}, "explain_analyze_plan": {"Plan": {"Node Type": "Sort", "Startup Cost": 10473924.63, "Total Cost": 10473924.64, "Plan Rows": 6, "Plan Width": 172, "Actual Startup Time": 268290.538, "Actual Total Time": 268290.539, "Actual Rows": 4, "Actual Loops": 1, "Sort Key": ["l_returnflag", "l_linestatus"], "Sort Method": "quicksort", "Sort Space Used": 25, "Sort Space Type": "Memory", "Plans": [{"Node Type": "Aggregate", "Strategy": "Hashed", "Parent Relationship": "Outer", "Startup Cost": 10473924.44, "Total Cost": 10473924.55, "Plan Rows": 6, "Plan Width": 172, "Actual Startup Time": 268290.3, "Actual Total Time": 268290.319, "Actual Rows": 4, "Actual Loops": 1, "Group By Key": ["l_returnflag", "l_linestatus"], "Plans": [{"Node Type": "Index Scan", "Parent Relationship": "Outer", "Scan Direction": "Forward", "Index Name": "idx_lineitem_shipdate", "Relation Name": "lineitem", "Alias": "lineitem", "Startup Cost": 0.0, "Total Cost": 8123207.08, "Plan Rows": 58767934, "Plan Width": 36, "Actual Startup Time": 0.059, "Actual Total Time": 154990.063, "Actual Rows": 58773499, "Actual Loops": 1, "Index Cond": "(l_shipdate <= '1998-08-15 00:00:00'::timestamp without time zone), (LLVM Optimized, Jit Execute)", "Rows Removed by Index Recheck": 0}]}]}, "Triggers": [], "Planner Runtime": 0.39, "Total Runtime": 268302.787, "Unique SQL Id": 177413717}}, "(64, 94)": {"explain_plan": {"Plan": {"Node Type": "Sort", "Startup Cost": 4515800.46, "Total Cost": 4515800.47, "Plan Rows": 6, "Plan Width": 172, "Sort Key": ["l_returnflag", "l_linestatus"], "Plans": [{"Node Type": "Aggregate", "Strategy": "Hashed", "Parent Relationship": "Outer", "Startup Cost": 4515800.27, "Total Cost": 4515800.38, "Plan Rows": 6, "Plan Width": 172, "Group By Key": ["l_returnflag", "l_linestatus"], "Plans": [{"Node Type": "Seq Scan", "Parent Relationship": "Outer", "Relation Name": "lineitem", "Alias": "lineitem", "Startup Cost": 3.1, "Total Cost": 2165082.91, "Plan Rows": 58767934, "Plan Width": 36, "Filter": "(l_shipdate <= '1998-08-15 00:00:00'::timestamp without time zone), (LLVM Optimized)"}]}]}, "Unique SQL Id": 177413717}, "explain_analyze_plan": {"Plan": {"Node Type": "Sort", "Startup Cost": 4515800.46, "Total Cost": 4515800.47, "Plan Rows": 6, "Plan Width": 172, "Actual Startup Time": 131002.125, "Actual Total Time": 131002.126, "Actual Rows": 4, "Actual Loops": 1, "Sort Key": ["l_returnflag", "l_linestatus"], "Sort Method": "quicksort", "Sort Space Used": 25, "Sort Space Type": "Memory", "Plans": [{"Node Type": "Aggregate", "Strategy": "Hashed", "Parent Relationship": "Outer", "Startup Cost": 4515800.27, "Total Cost": 4515800.38, "Plan Rows": 6, "Plan Width": 172, "Actual Startup Time": 131002.051, "Actual Total Time": 131002.054, "Actual Rows": 4, "Actual Loops": 1, "Group By Key": ["l_returnflag", "l_linestatus"], "Plans": [{"Node Type": "Seq Scan", "Parent Relationship": "Outer", "Relation Name": "lineitem", "Alias": "lineitem", "Startup Cost": 3.1, "Total Cost": 2165082.91, "Plan Rows": 58767934, "Plan Width": 36, "Actual Startup Time": 0.023, "Actual Total Time": 27273.426, "Actual Rows": 58773499, "Actual Loops": 1, "Filter": "(l_shipdate <= '1998-08-15 00:00:00'::timestamp without time zone), (LLVM Optimized, Jit Execute)", "Rows Removed by Filter": 1212553}]}]}, "Triggers": [], "Planner Runtime": 0.395, "Total Runtime": 131013.594, "Unique SQL Id": 177413717}}, "(64, 95)": {"explain_plan": {"Plan": {"Node Type": "Sort", "Startup Cost": 1000218859008.79, "Total Cost": 1000218859008.81, "Plan Rows": 6, "Plan Width": 172, "Sort Key": ["l_returnflag", "l_linestatus"], "Plans": [{"Node Type": "Aggregate", "Strategy": "Hashed", "Parent Relationship": "Outer", "Startup Cost": 1000218859008.61, "Total Cost": 1000218859008.72, "Plan Rows": 6, "Plan Width": 172, "Group By Key": ["l_returnflag", "l_linestatus"], "Plans": [{"Node Type": "Seq Scan", "Parent Relationship": "Outer", "Relation Name": "lineitem", "Alias": "lineitem", "Startup Cost": 10000000003.1, "Total Cost": 1000216508291.25, "Plan Rows": 58767934, "Plan Width": 36, "Filter": "(l_shipdate <= '1998-08-15 00:00:00'::timestamp without time zone), (LLVM Optimized)"}]}]}, "Unique SQL Id": 177413717}, "explain_analyze_plan": {"Plan": {"Node Type": "Sort", "Startup Cost": 1000218859008.79, "Total Cost": 1000218859008.81, "Plan Rows": 6, "Plan Width": 172, "Actual Startup Time": 131611.272, "Actual Total Time": 131611.273, "Actual Rows": 4, "Actual Loops": 1, "Sort Key": ["l_returnflag", "l_linestatus"], "Sort Method": "quicksort", "Sort Space Used": 25, "Sort Space Type": "Memory", "Plans": [{"Node Type": "Aggregate", "Strategy": "Hashed", "Parent Relationship": "Outer", "Startup Cost": 1000218859008.61, "Total Cost": 1000218859008.72, "Plan Rows": 6, "Plan Width": 172, "Actual Startup Time": 131611.063, "Actual Total Time": 131611.077, "Actual Rows": 4, "Actual Loops": 1, "Group By Key": ["l_returnflag", "l_linestatus"], "Plans": [{"Node Type": "Seq Scan", "Parent Relationship": "Outer", "Relation Name": "lineitem", "Alias": "lineitem", "Startup Cost": 10000000003.1, "Total Cost": 1000216508291.25, "Plan Rows": 58767934, "Plan Width": 36, "Actual Startup Time": 0.032, "Actual Total Time": 27406.475, "Actual Rows": 58773499, "Actual Loops": 1, "Filter": "(l_shipdate <= '1998-08-15 00:00:00'::timestamp without time zone), (LLVM Optimized, Jit Execute)", "Rows Removed by Filter": 1212553}]}]}, "Triggers": [], "Planner Runtime": 0.32, "Total Runtime": 131622.731, "Unique SQL Id": 177413717}}, "(64, 96)": {"explain_plan": {"Plan": {"Node Type": "Sort", "Startup Cost": 4515800.46, "Total Cost": 4515800.47, "Plan Rows": 6, "Plan Width": 172, "Sort Key": ["l_returnflag", "l_linestatus"], "Plans": [{"Node Type": "Aggregate", "Strategy": "Hashed", "Parent Relationship": "Outer", "Startup Cost": 4515800.27, "Total Cost": 4515800.38, "Plan Rows": 6, "Plan Width": 172, "Group By Key": ["l_returnflag", "l_linestatus"], "Plans": [{"Node Type": "Seq Scan", "Parent Relationship": "Outer", "Relation Name": "lineitem", "Alias": "lineitem", "Startup Cost": 3.1, "Total Cost": 2165082.91, "Plan Rows": 58767934, "Plan Width": 36, "Filter": "(l_shipdate <= '1998-08-15 00:00:00'::timestamp without time zone), (LLVM Optimized)"}]}]}, "Unique SQL Id": 177413717}, "explain_analyze_plan": {"Plan": {"Node Type": "Sort", "Startup Cost": 4515800.46, "Total Cost": 4515800.47, "Plan Rows": 6, "Plan Width": 172, "Actual Startup Time": 131002.125, "Actual Total Time": 131002.126, "Actual Rows": 4, "Actual Loops": 1, "Sort Key": ["l_returnflag", "l_linestatus"], "Sort Method": "quicksort", "Sort Space Used": 25, "Sort Space Type": "Memory", "Plans": [{"Node Type": "Aggregate", "Strategy": "Hashed", "Parent Relationship": "Outer", "Startup Cost": 4515800.27, "Total Cost": 4515800.38, "Plan Rows": 6, "Plan Width": 172, "Actual Startup Time": 131002.051, "Actual Total Time": 131002.054, "Actual Rows": 4, "Actual Loops": 1, "Group By Key": ["l_returnflag", "l_linestatus"], "Plans": [{"Node Type": "Seq Scan", "Parent Relationship": "Outer", "Relation Name": "lineitem", "Alias": "lineitem", "Startup Cost": 3.1, "Total Cost": 2165082.91, "Plan Rows": 58767934, "Plan Width": 36, "Actual Startup Time": 0.023, "Actual Total Time": 27273.426, "Actual Rows": 58773499, "Actual Loops": 1, "Filter": "(l_shipdate <= '1998-08-15 00:00:00'::timestamp without time zone), (LLVM Optimized, Jit Execute)", "Rows Removed by Filter": 1212553}]}]}, "Triggers": [], "Planner Runtime": 0.395, "Total Runtime": 131013.594, "Unique SQL Id": 177413717}}, "(64, 97)": {"explain_plan": {"Plan": {"Node Type": "Sort", "Startup Cost": 6389801.46, "Total Cost": 6389801.47, "Plan Rows": 6, "Plan Width": 172, "Sort Key": ["l_returnflag", "l_linestatus"], "Plans": [{"Node Type": "Aggregate", "Strategy": "Hashed", "Parent Relationship": "Outer", "Startup Cost": 6389801.27, "Total Cost": 6389801.38, "Plan Rows": 6, "Plan Width": 172, "Group By Key": ["l_returnflag", "l_linestatus"], "Plans": [{"Node Type": "Bitmap Heap Scan", "Parent Relationship": "Outer", "Relation Name": "lineitem", "Alias": "lineitem", "Startup Cost": 1889239.74, "Total Cost": 4039083.91, "Plan Rows": 58767934, "Plan Width": 36, "Recheck Cond": "(l_shipdate <= '1998-08-15 00:00:00'::timestamp without time zone), (LLVM Optimized)", "Plans": [{"Node Type": "Bitmap Index Scan", "Parent Relationship": "Outer", "Index Name": "idx_lineitem_shipdate", "Startup Cost": 0.0, "Total Cost": 1874547.75, "Plan Rows": 58767934, "Plan Width": 0, "Index Cond": "(l_shipdate <= '1998-08-15 00:00:00'::timestamp without time zone)"}]}]}]}, "Unique SQL Id": 177413717}, "explain_analyze_plan": {"Plan": {"Node Type": "Sort", "Startup Cost": 6389801.46, "Total Cost": 6389801.47, "Plan Rows": 6, "Plan Width": 172, "Actual Startup Time": 159302.231, "Actual Total Time": 159302.232, "Actual Rows": 4, "Actual Loops": 1, "Sort Key": ["l_returnflag", "l_linestatus"], "Sort Method": "quicksort", "Sort Space Used": 25, "Sort Space Type": "Memory", "Plans": [{"Node Type": "Aggregate", "Strategy": "Hashed", "Parent Relationship": "Outer", "Startup Cost": 6389801.27, "Total Cost": 6389801.38, "Plan Rows": 6, "Plan Width": 172, "Actual Startup Time": 159302.121, "Actual Total Time": 159302.125, "Actual Rows": 4, "Actual Loops": 1, "Group By Key": ["l_returnflag", "l_linestatus"], "Plans": [{"Node Type": "Bitmap Heap Scan", "Parent Relationship": "Outer", "Relation Name": "lineitem", "Alias": "lineitem", "Startup Cost": 1889239.74, "Total Cost": 4039083.91, "Plan Rows": 58767934, "Plan Width": 36, "Actual Startup Time": 27630.539, "Actual Total Time": 56618.821, "Actual Rows": 58773499, "Actual Loops": 1, "Recheck Cond": "(l_shipdate <= '1998-08-15 00:00:00'::timestamp without time zone), (LLVM Optimized, Jit Execute)", "Rows Removed by Index Recheck": 0, "Exact Heap Blocks": 1415245, "Lossy Heap Blocks": 1415245, "Plans": [{"Node Type": "Bitmap Index Scan", "Parent Relationship": "Outer", "Index Name": "idx_lineitem_shipdate", "Startup Cost": 0.0, "Total Cost": 1874547.75, "Plan Rows": 58767934, "Plan Width": 0, "Actual Startup Time": 26819.752, "Actual Total Time": 26819.752, "Actual Rows": 58773499, "Actual Loops": 1, "Index Cond": "(l_shipdate <= '1998-08-15 00:00:00'::timestamp without time zone)"}]}]}]}, "Triggers": [], "Planner Runtime": 0.41, "Total Runtime": 159315.57, "Unique SQL Id": 177413717}}, "(64, 98)": {"explain_plan": {"Plan": {"Node Type": "Sort", "Startup Cost": 4515800.46, "Total Cost": 4515800.47, "Plan Rows": 6, "Plan Width": 172, "Sort Key": ["l_returnflag", "l_linestatus"], "Plans": [{"Node Type": "Aggregate", "Strategy": "Hashed", "Parent Relationship": "Outer", "Startup Cost": 4515800.27, "Total Cost": 4515800.38, "Plan Rows": 6, "Plan Width": 172, "Group By Key": ["l_returnflag", "l_linestatus"], "Plans": [{"Node Type": "Seq Scan", "Parent Relationship": "Outer", "Relation Name": "lineitem", "Alias": "lineitem", "Startup Cost": 3.1, "Total Cost": 2165082.91, "Plan Rows": 58767934, "Plan Width": 36, "Filter": "(l_shipdate <= '1998-08-15 00:00:00'::timestamp without time zone), (LLVM Optimized)"}]}]}, "Unique SQL Id": 177413717}, "explain_analyze_plan": {"Plan": {"Node Type": "Sort", "Startup Cost": 4515800.46, "Total Cost": 4515800.47, "Plan Rows": 6, "Plan Width": 172, "Actual Startup Time": 131002.125, "Actual Total Time": 131002.126, "Actual Rows": 4, "Actual Loops": 1, "Sort Key": ["l_returnflag", "l_linestatus"], "Sort Method": "quicksort", "Sort Space Used": 25, "Sort Space Type": "Memory", "Plans": [{"Node Type": "Aggregate", "Strategy": "Hashed", "Parent Relationship": "Outer", "Startup Cost": 4515800.27, "Total Cost": 4515800.38, "Plan Rows": 6, "Plan Width": 172, "Actual Startup Time": 131002.051, "Actual Total Time": 131002.054, "Actual Rows": 4, "Actual Loops": 1, "Group By Key": ["l_returnflag", "l_linestatus"], "Plans": [{"Node Type": "Seq Scan", "Parent Relationship": "Outer", "Relation Name": "lineitem", "Alias": "lineitem", "Startup Cost": 3.1, "Total Cost": 2165082.91, "Plan Rows": 58767934, "Plan Width": 36, "Actual Startup Time": 0.023, "Actual Total Time": 27273.426, "Actual Rows": 58773499, "Actual Loops": 1, "Filter": "(l_shipdate <= '1998-08-15 00:00:00'::timestamp without time zone), (LLVM Optimized, Jit Execute)", "Rows Removed by Filter": 1212553}]}]}, "Triggers": [], "Planner Runtime": 0.395, "Total Runtime": 131013.594, "Unique SQL Id": 177413717}}, "(64, 99)": {"explain_plan": {"Plan": {"Node Type": "Sort", "Startup Cost": 6389801.46, "Total Cost": 6389801.47, "Plan Rows": 6, "Plan Width": 172, "Sort Key": ["l_returnflag", "l_linestatus"], "Plans": [{"Node Type": "Aggregate", "Strategy": "Hashed", "Parent Relationship": "Outer", "Startup Cost": 6389801.27, "Total Cost": 6389801.38, "Plan Rows": 6, "Plan Width": 172, "Group By Key": ["l_returnflag", "l_linestatus"], "Plans": [{"Node Type": "Bitmap Heap Scan", "Parent Relationship": "Outer", "Relation Name": "lineitem", "Alias": "lineitem", "Startup Cost": 1889239.74, "Total Cost": 4039083.91, "Plan Rows": 58767934, "Plan Width": 36, "Recheck Cond": "(l_shipdate <= '1998-08-15 00:00:00'::timestamp without time zone), (LLVM Optimized)", "Plans": [{"Node Type": "Bitmap Index Scan", "Parent Relationship": "Outer", "Index Name": "idx_lineitem_shipdate", "Startup Cost": 0.0, "Total Cost": 1874547.75, "Plan Rows": 58767934, "Plan Width": 0, "Index Cond": "(l_shipdate <= '1998-08-15 00:00:00'::timestamp without time zone)"}]}]}]}, "Unique SQL Id": 177413717}, "explain_analyze_plan": {"Plan": {"Node Type": "Sort", "Startup Cost": 6389801.46, "Total Cost": 6389801.47, "Plan Rows": 6, "Plan Width": 172, "Actual Startup Time": 159302.231, "Actual Total Time": 159302.232, "Actual Rows": 4, "Actual Loops": 1, "Sort Key": ["l_returnflag", "l_linestatus"], "Sort Method": "quicksort", "Sort Space Used": 25, "Sort Space Type": "Memory", "Plans": [{"Node Type": "Aggregate", "Strategy": "Hashed", "Parent Relationship": "Outer", "Startup Cost": 6389801.27, "Total Cost": 6389801.38, "Plan Rows": 6, "Plan Width": 172, "Actual Startup Time": 159302.121, "Actual Total Time": 159302.125, "Actual Rows": 4, "Actual Loops": 1, "Group By Key": ["l_returnflag", "l_linestatus"], "Plans": [{"Node Type": "Bitmap Heap Scan", "Parent Relationship": "Outer", "Relation Name": "lineitem", "Alias": "lineitem", "Startup Cost": 1889239.74, "Total Cost": 4039083.91, "Plan Rows": 58767934, "Plan Width": 36, "Actual Startup Time": 27630.539, "Actual Total Time": 56618.821, "Actual Rows": 58773499, "Actual Loops": 1, "Recheck Cond": "(l_shipdate <= '1998-08-15 00:00:00'::timestamp without time zone), (LLVM Optimized, Jit Execute)", "Rows Removed by Index Recheck": 0, "Exact Heap Blocks": 1415245, "Lossy Heap Blocks": 1415245, "Plans": [{"Node Type": "Bitmap Index Scan", "Parent Relationship": "Outer", "Index Name": "idx_lineitem_shipdate", "Startup Cost": 0.0, "Total Cost": 1874547.75, "Plan Rows": 58767934, "Plan Width": 0, "Actual Startup Time": 26819.752, "Actual Total Time": 26819.752, "Actual Rows": 58773499, "Actual Loops": 1, "Index Cond": "(l_shipdate <= '1998-08-15 00:00:00'::timestamp without time zone)"}]}]}]}, "Triggers": [], "Planner Runtime": 0.41, "Total Runtime": 159315.57, "Unique SQL Id": 177413717}}, "(64, 100)": {"explain_plan": {"Plan": {"Node Type": "Sort", "Startup Cost": 4515800.46, "Total Cost": 4515800.47, "Plan Rows": 6, "Plan Width": 172, "Sort Key": ["l_returnflag", "l_linestatus"], "Plans": [{"Node Type": "Aggregate", "Strategy": "Hashed", "Parent Relationship": "Outer", "Startup Cost": 4515800.27, "Total Cost": 4515800.38, "Plan Rows": 6, "Plan Width": 172, "Group By Key": ["l_returnflag", "l_linestatus"], "Plans": [{"Node Type": "Seq Scan", "Parent Relationship": "Outer", "Relation Name": "lineitem", "Alias": "lineitem", "Startup Cost": 3.1, "Total Cost": 2165082.91, "Plan Rows": 58767934, "Plan Width": 36, "Filter": "(l_shipdate <= '1998-08-15 00:00:00'::timestamp without time zone), (LLVM Optimized)"}]}]}, "Unique SQL Id": 177413717}, "explain_analyze_plan": {"Plan": {"Node Type": "Sort", "Startup Cost": 4515800.46, "Total Cost": 4515800.47, "Plan Rows": 6, "Plan Width": 172, "Actual Startup Time": 131002.125, "Actual Total Time": 131002.126, "Actual Rows": 4, "Actual Loops": 1, "Sort Key": ["l_returnflag", "l_linestatus"], "Sort Method": "quicksort", "Sort Space Used": 25, "Sort Space Type": "Memory", "Plans": [{"Node Type": "Aggregate", "Strategy": "Hashed", "Parent Relationship": "Outer", "Startup Cost": 4515800.27, "Total Cost": 4515800.38, "Plan Rows": 6, "Plan Width": 172, "Actual Startup Time": 131002.051, "Actual Total Time": 131002.054, "Actual Rows": 4, "Actual Loops": 1, "Group By Key": ["l_returnflag", "l_linestatus"], "Plans": [{"Node Type": "Seq Scan", "Parent Relationship": "Outer", "Relation Name": "lineitem", "Alias": "lineitem", "Startup Cost": 3.1, "Total Cost": 2165082.91, "Plan Rows": 58767934, "Plan Width": 36, "Actual Startup Time": 0.023, "Actual Total Time": 27273.426, "Actual Rows": 58773499, "Actual Loops": 1, "Filter": "(l_shipdate <= '1998-08-15 00:00:00'::timestamp without time zone), (LLVM Optimized, Jit Execute)", "Rows Removed by Filter": 1212553}]}]}, "Triggers": [], "Planner Runtime": 0.395, "Total Runtime": 131013.594, "Unique SQL Id": 177413717}}, "(64, 101)": {"explain_plan": {"Plan": {"Node Type": "Sort", "Startup Cost": 6389801.46, "Total Cost": 6389801.47, "Plan Rows": 6, "Plan Width": 172, "Sort Key": ["l_returnflag", "l_linestatus"], "Plans": [{"Node Type": "Aggregate", "Strategy": "Hashed", "Parent Relationship": "Outer", "Startup Cost": 6389801.27, "Total Cost": 6389801.38, "Plan Rows": 6, "Plan Width": 172, "Group By Key": ["l_returnflag", "l_linestatus"], "Plans": [{"Node Type": "Bitmap Heap Scan", "Parent Relationship": "Outer", "Relation Name": "lineitem", "Alias": "lineitem", "Startup Cost": 1889239.74, "Total Cost": 4039083.91, "Plan Rows": 58767934, "Plan Width": 36, "Recheck Cond": "(l_shipdate <= '1998-08-15 00:00:00'::timestamp without time zone), (LLVM Optimized)", "Plans": [{"Node Type": "Bitmap Index Scan", "Parent Relationship": "Outer", "Index Name": "idx_lineitem_shipdate", "Startup Cost": 0.0, "Total Cost": 1874547.75, "Plan Rows": 58767934, "Plan Width": 0, "Index Cond": "(l_shipdate <= '1998-08-15 00:00:00'::timestamp without time zone)"}]}]}]}, "Unique SQL Id": 177413717}, "explain_analyze_plan": {"Plan": {"Node Type": "Sort", "Startup Cost": 6389801.46, "Total Cost": 6389801.47, "Plan Rows": 6, "Plan Width": 172, "Actual Startup Time": 159302.231, "Actual Total Time": 159302.232, "Actual Rows": 4, "Actual Loops": 1, "Sort Key": ["l_returnflag", "l_linestatus"], "Sort Method": "quicksort", "Sort Space Used": 25, "Sort Space Type": "Memory", "Plans": [{"Node Type": "Aggregate", "Strategy": "Hashed", "Parent Relationship": "Outer", "Startup Cost": 6389801.27, "Total Cost": 6389801.38, "Plan Rows": 6, "Plan Width": 172, "Actual Startup Time": 159302.121, "Actual Total Time": 159302.125, "Actual Rows": 4, "Actual Loops": 1, "Group By Key": ["l_returnflag", "l_linestatus"], "Plans": [{"Node Type": "Bitmap Heap Scan", "Parent Relationship": "Outer", "Relation Name": "lineitem", "Alias": "lineitem", "Startup Cost": 1889239.74, "Total Cost": 4039083.91, "Plan Rows": 58767934, "Plan Width": 36, "Actual Startup Time": 27630.539, "Actual Total Time": 56618.821, "Actual Rows": 58773499, "Actual Loops": 1, "Recheck Cond": "(l_shipdate <= '1998-08-15 00:00:00'::timestamp without time zone), (LLVM Optimized, Jit Execute)", "Rows Removed by Index Recheck": 0, "Exact Heap Blocks": 1415245, "Lossy Heap Blocks": 1415245, "Plans": [{"Node Type": "Bitmap Index Scan", "Parent Relationship": "Outer", "Index Name": "idx_lineitem_shipdate", "Startup Cost": 0.0, "Total Cost": 1874547.75, "Plan Rows": 58767934, "Plan Width": 0, "Actual Startup Time": 26819.752, "Actual Total Time": 26819.752, "Actual Rows": 58773499, "Actual Loops": 1, "Index Cond": "(l_shipdate <= '1998-08-15 00:00:00'::timestamp without time zone)"}]}]}]}, "Triggers": [], "Planner Runtime": 0.41, "Total Runtime": 159315.57, "Unique SQL Id": 177413717}}, "(64, 102)": {"explain_plan": {"Plan": {"Node Type": "Sort", "Startup Cost": 4515800.46, "Total Cost": 4515800.47, "Plan Rows": 6, "Plan Width": 172, "Sort Key": ["l_returnflag", "l_linestatus"], "Plans": [{"Node Type": "Aggregate", "Strategy": "Hashed", "Parent Relationship": "Outer", "Startup Cost": 4515800.27, "Total Cost": 4515800.38, "Plan Rows": 6, "Plan Width": 172, "Group By Key": ["l_returnflag", "l_linestatus"], "Plans": [{"Node Type": "Seq Scan", "Parent Relationship": "Outer", "Relation Name": "lineitem", "Alias": "lineitem", "Startup Cost": 3.1, "Total Cost": 2165082.91, "Plan Rows": 58767934, "Plan Width": 36, "Filter": "(l_shipdate <= '1998-08-15 00:00:00'::timestamp without time zone), (LLVM Optimized)"}]}]}, "Unique SQL Id": 177413717}, "explain_analyze_plan": {"Plan": {"Node Type": "Sort", "Startup Cost": 4515800.46, "Total Cost": 4515800.47, "Plan Rows": 6, "Plan Width": 172, "Actual Startup Time": 131002.125, "Actual Total Time": 131002.126, "Actual Rows": 4, "Actual Loops": 1, "Sort Key": ["l_returnflag", "l_linestatus"], "Sort Method": "quicksort", "Sort Space Used": 25, "Sort Space Type": "Memory", "Plans": [{"Node Type": "Aggregate", "Strategy": "Hashed", "Parent Relationship": "Outer", "Startup Cost": 4515800.27, "Total Cost": 4515800.38, "Plan Rows": 6, "Plan Width": 172, "Actual Startup Time": 131002.051, "Actual Total Time": 131002.054, "Actual Rows": 4, "Actual Loops": 1, "Group By Key": ["l_returnflag", "l_linestatus"], "Plans": [{"Node Type": "Seq Scan", "Parent Relationship": "Outer", "Relation Name": "lineitem", "Alias": "lineitem", "Startup Cost": 3.1, "Total Cost": 2165082.91, "Plan Rows": 58767934, "Plan Width": 36, "Actual Startup Time": 0.023, "Actual Total Time": 27273.426, "Actual Rows": 58773499, "Actual Loops": 1, "Filter": "(l_shipdate <= '1998-08-15 00:00:00'::timestamp without time zone), (LLVM Optimized, Jit Execute)", "Rows Removed by Filter": 1212553}]}]}, "Triggers": [], "Planner Runtime": 0.395, "Total Runtime": 131013.594, "Unique SQL Id": 177413717}}, "(64, 103)": {"explain_plan": {"Plan": {"Node Type": "Sort", "Startup Cost": 6389801.46, "Total Cost": 6389801.47, "Plan Rows": 6, "Plan Width": 172, "Sort Key": ["l_returnflag", "l_linestatus"], "Plans": [{"Node Type": "Aggregate", "Strategy": "Hashed", "Parent Relationship": "Outer", "Startup Cost": 6389801.27, "Total Cost": 6389801.38, "Plan Rows": 6, "Plan Width": 172, "Group By Key": ["l_returnflag", "l_linestatus"], "Plans": [{"Node Type": "Bitmap Heap Scan", "Parent Relationship": "Outer", "Relation Name": "lineitem", "Alias": "lineitem", "Startup Cost": 1889239.74, "Total Cost": 4039083.91, "Plan Rows": 58767934, "Plan Width": 36, "Recheck Cond": "(l_shipdate <= '1998-08-15 00:00:00'::timestamp without time zone), (LLVM Optimized)", "Plans": [{"Node Type": "Bitmap Index Scan", "Parent Relationship": "Outer", "Index Name": "idx_lineitem_shipdate", "Startup Cost": 0.0, "Total Cost": 1874547.75, "Plan Rows": 58767934, "Plan Width": 0, "Index Cond": "(l_shipdate <= '1998-08-15 00:00:00'::timestamp without time zone)"}]}]}]}, "Unique SQL Id": 177413717}, "explain_analyze_plan": {"Plan": {"Node Type": "Sort", "Startup Cost": 6389801.46, "Total Cost": 6389801.47, "Plan Rows": 6, "Plan Width": 172, "Actual Startup Time": 159302.231, "Actual Total Time": 159302.232, "Actual Rows": 4, "Actual Loops": 1, "Sort Key": ["l_returnflag", "l_linestatus"], "Sort Method": "quicksort", "Sort Space Used": 25, "Sort Space Type": "Memory", "Plans": [{"Node Type": "Aggregate", "Strategy": "Hashed", "Parent Relationship": "Outer", "Startup Cost": 6389801.27, "Total Cost": 6389801.38, "Plan Rows": 6, "Plan Width": 172, "Actual Startup Time": 159302.121, "Actual Total Time": 159302.125, "Actual Rows": 4, "Actual Loops": 1, "Group By Key": ["l_returnflag", "l_linestatus"], "Plans": [{"Node Type": "Bitmap Heap Scan", "Parent Relationship": "Outer", "Relation Name": "lineitem", "Alias": "lineitem", "Startup Cost": 1889239.74, "Total Cost": 4039083.91, "Plan Rows": 58767934, "Plan Width": 36, "Actual Startup Time": 27630.539, "Actual Total Time": 56618.821, "Actual Rows": 58773499, "Actual Loops": 1, "Recheck Cond": "(l_shipdate <= '1998-08-15 00:00:00'::timestamp without time zone), (LLVM Optimized, Jit Execute)", "Rows Removed by Index Recheck": 0, "Exact Heap Blocks": 1415245, "Lossy Heap Blocks": 1415245, "Plans": [{"Node Type": "Bitmap Index Scan", "Parent Relationship": "Outer", "Index Name": "idx_lineitem_shipdate", "Startup Cost": 0.0, "Total Cost": 1874547.75, "Plan Rows": 58767934, "Plan Width": 0, "Actual Startup Time": 26819.752, "Actual Total Time": 26819.752, "Actual Rows": 58773499, "Actual Loops": 1, "Index Cond": "(l_shipdate <= '1998-08-15 00:00:00'::timestamp without time zone)"}]}]}]}, "Triggers": [], "Planner Runtime": 0.41, "Total Runtime": 159315.57, "Unique SQL Id": 177413717}}, "(64, 104)": {"explain_plan": {"Plan": {"Node Type": "Sort", "Startup Cost": 4515800.46, "Total Cost": 4515800.47, "Plan Rows": 6, "Plan Width": 172, "Sort Key": ["l_returnflag", "l_linestatus"], "Plans": [{"Node Type": "Aggregate", "Strategy": "Hashed", "Parent Relationship": "Outer", "Startup Cost": 4515800.27, "Total Cost": 4515800.38, "Plan Rows": 6, "Plan Width": 172, "Group By Key": ["l_returnflag", "l_linestatus"], "Plans": [{"Node Type": "Seq Scan", "Parent Relationship": "Outer", "Relation Name": "lineitem", "Alias": "lineitem", "Startup Cost": 3.1, "Total Cost": 2165082.91, "Plan Rows": 58767934, "Plan Width": 36, "Filter": "(l_shipdate <= '1998-08-15 00:00:00'::timestamp without time zone), (LLVM Optimized)"}]}]}, "Unique SQL Id": 177413717}, "explain_analyze_plan": {"Plan": {"Node Type": "Sort", "Startup Cost": 4515800.46, "Total Cost": 4515800.47, "Plan Rows": 6, "Plan Width": 172, "Actual Startup Time": 131002.125, "Actual Total Time": 131002.126, "Actual Rows": 4, "Actual Loops": 1, "Sort Key": ["l_returnflag", "l_linestatus"], "Sort Method": "quicksort", "Sort Space Used": 25, "Sort Space Type": "Memory", "Plans": [{"Node Type": "Aggregate", "Strategy": "Hashed", "Parent Relationship": "Outer", "Startup Cost": 4515800.27, "Total Cost": 4515800.38, "Plan Rows": 6, "Plan Width": 172, "Actual Startup Time": 131002.051, "Actual Total Time": 131002.054, "Actual Rows": 4, "Actual Loops": 1, "Group By Key": ["l_returnflag", "l_linestatus"], "Plans": [{"Node Type": "Seq Scan", "Parent Relationship": "Outer", "Relation Name": "lineitem", "Alias": "lineitem", "Startup Cost": 3.1, "Total Cost": 2165082.91, "Plan Rows": 58767934, "Plan Width": 36, "Actual Startup Time": 0.023, "Actual Total Time": 27273.426, "Actual Rows": 58773499, "Actual Loops": 1, "Filter": "(l_shipdate <= '1998-08-15 00:00:00'::timestamp without time zone), (LLVM Optimized, Jit Execute)", "Rows Removed by Filter": 1212553}]}]}, "Triggers": [], "Planner Runtime": 0.395, "Total Runtime": 131013.594, "Unique SQL Id": 177413717}}, "(64, 105)": {"explain_plan": {"Plan": {"Node Type": "Sort", "Startup Cost": 10473924.63, "Total Cost": 10473924.64, "Plan Rows": 6, "Plan Width": 172, "Sort Key": ["l_returnflag", "l_linestatus"], "Plans": [{"Node Type": "Aggregate", "Strategy": "Hashed", "Parent Relationship": "Outer", "Startup Cost": 10473924.44, "Total Cost": 10473924.55, "Plan Rows": 6, "Plan Width": 172, "Group By Key": ["l_returnflag", "l_linestatus"], "Plans": [{"Node Type": "Index Scan", "Parent Relationship": "Outer", "Scan Direction": "Forward", "Index Name": "idx_lineitem_shipdate", "Relation Name": "lineitem", "Alias": "lineitem", "Startup Cost": 0.0, "Total Cost": 8123207.08, "Plan Rows": 58767934, "Plan Width": 36, "Index Cond": "(l_shipdate <= '1998-08-15 00:00:00'::timestamp without time zone), (LLVM Optimized)"}]}]}, "Unique SQL Id": 177413717}, "explain_analyze_plan": {"Plan": {"Node Type": "Sort", "Startup Cost": 10473924.63, "Total Cost": 10473924.64, "Plan Rows": 6, "Plan Width": 172, "Actual Startup Time": 268290.538, "Actual Total Time": 268290.539, "Actual Rows": 4, "Actual Loops": 1, "Sort Key": ["l_returnflag", "l_linestatus"], "Sort Method": "quicksort", "Sort Space Used": 25, "Sort Space Type": "Memory", "Plans": [{"Node Type": "Aggregate", "Strategy": "Hashed", "Parent Relationship": "Outer", "Startup Cost": 10473924.44, "Total Cost": 10473924.55, "Plan Rows": 6, "Plan Width": 172, "Actual Startup Time": 268290.3, "Actual Total Time": 268290.319, "Actual Rows": 4, "Actual Loops": 1, "Group By Key": ["l_returnflag", "l_linestatus"], "Plans": [{"Node Type": "Index Scan", "Parent Relationship": "Outer", "Scan Direction": "Forward", "Index Name": "idx_lineitem_shipdate", "Relation Name": "lineitem", "Alias": "lineitem", "Startup Cost": 0.0, "Total Cost": 8123207.08, "Plan Rows": 58767934, "Plan Width": 36, "Actual Startup Time": 0.059, "Actual Total Time": 154990.063, "Actual Rows": 58773499, "Actual Loops": 1, "Index Cond": "(l_shipdate <= '1998-08-15 00:00:00'::timestamp without time zone), (LLVM Optimized, Jit Execute)", "Rows Removed by Index Recheck": 0}]}]}, "Triggers": [], "Planner Runtime": 0.39, "Total Runtime": 268302.787, "Unique SQL Id": 177413717}}, "(64, 106)": {"explain_plan": {"Plan": {"Node Type": "Sort", "Startup Cost": 4515800.46, "Total Cost": 4515800.47, "Plan Rows": 6, "Plan Width": 172, "Sort Key": ["l_returnflag", "l_linestatus"], "Plans": [{"Node Type": "Aggregate", "Strategy": "Hashed", "Parent Relationship": "Outer", "Startup Cost": 4515800.27, "Total Cost": 4515800.38, "Plan Rows": 6, "Plan Width": 172, "Group By Key": ["l_returnflag", "l_linestatus"], "Plans": [{"Node Type": "Seq Scan", "Parent Relationship": "Outer", "Relation Name": "lineitem", "Alias": "lineitem", "Startup Cost": 3.1, "Total Cost": 2165082.91, "Plan Rows": 58767934, "Plan Width": 36, "Filter": "(l_shipdate <= '1998-08-15 00:00:00'::timestamp without time zone), (LLVM Optimized)"}]}]}, "Unique SQL Id": 177413717}, "explain_analyze_plan": {"Plan": {"Node Type": "Sort", "Startup Cost": 4515800.46, "Total Cost": 4515800.47, "Plan Rows": 6, "Plan Width": 172, "Actual Startup Time": 131002.125, "Actual Total Time": 131002.126, "Actual Rows": 4, "Actual Loops": 1, "Sort Key": ["l_returnflag", "l_linestatus"], "Sort Method": "quicksort", "Sort Space Used": 25, "Sort Space Type": "Memory", "Plans": [{"Node Type": "Aggregate", "Strategy": "Hashed", "Parent Relationship": "Outer", "Startup Cost": 4515800.27, "Total Cost": 4515800.38, "Plan Rows": 6, "Plan Width": 172, "Actual Startup Time": 131002.051, "Actual Total Time": 131002.054, "Actual Rows": 4, "Actual Loops": 1, "Group By Key": ["l_returnflag", "l_linestatus"], "Plans": [{"Node Type": "Seq Scan", "Parent Relationship": "Outer", "Relation Name": "lineitem", "Alias": "lineitem", "Startup Cost": 3.1, "Total Cost": 2165082.91, "Plan Rows": 58767934, "Plan Width": 36, "Actual Startup Time": 0.023, "Actual Total Time": 27273.426, "Actual Rows": 58773499, "Actual Loops": 1, "Filter": "(l_shipdate <= '1998-08-15 00:00:00'::timestamp without time zone), (LLVM Optimized, Jit Execute)", "Rows Removed by Filter": 1212553}]}]}, "Triggers": [], "Planner Runtime": 0.395, "Total Runtime": 131013.594, "Unique SQL Id": 177413717}}, "(64, 107)": {"explain_plan": {"Plan": {"Node Type": "Sort", "Startup Cost": 1000218859008.79, "Total Cost": 1000218859008.81, "Plan Rows": 6, "Plan Width": 172, "Sort Key": ["l_returnflag", "l_linestatus"], "Plans": [{"Node Type": "Aggregate", "Strategy": "Hashed", "Parent Relationship": "Outer", "Startup Cost": 1000218859008.61, "Total Cost": 1000218859008.72, "Plan Rows": 6, "Plan Width": 172, "Group By Key": ["l_returnflag", "l_linestatus"], "Plans": [{"Node Type": "Seq Scan", "Parent Relationship": "Outer", "Relation Name": "lineitem", "Alias": "lineitem", "Startup Cost": 10000000003.1, "Total Cost": 1000216508291.25, "Plan Rows": 58767934, "Plan Width": 36, "Filter": "(l_shipdate <= '1998-08-15 00:00:00'::timestamp without time zone), (LLVM Optimized)"}]}]}, "Unique SQL Id": 177413717}, "explain_analyze_plan": {"Plan": {"Node Type": "Sort", "Startup Cost": 1000218859008.79, "Total Cost": 1000218859008.81, "Plan Rows": 6, "Plan Width": 172, "Actual Startup Time": 131611.272, "Actual Total Time": 131611.273, "Actual Rows": 4, "Actual Loops": 1, "Sort Key": ["l_returnflag", "l_linestatus"], "Sort Method": "quicksort", "Sort Space Used": 25, "Sort Space Type": "Memory", "Plans": [{"Node Type": "Aggregate", "Strategy": "Hashed", "Parent Relationship": "Outer", "Startup Cost": 1000218859008.61, "Total Cost": 1000218859008.72, "Plan Rows": 6, "Plan Width": 172, "Actual Startup Time": 131611.063, "Actual Total Time": 131611.077, "Actual Rows": 4, "Actual Loops": 1, "Group By Key": ["l_returnflag", "l_linestatus"], "Plans": [{"Node Type": "Seq Scan", "Parent Relationship": "Outer", "Relation Name": "lineitem", "Alias": "lineitem", "Startup Cost": 10000000003.1, "Total Cost": 1000216508291.25, "Plan Rows": 58767934, "Plan Width": 36, "Actual Startup Time": 0.032, "Actual Total Time": 27406.475, "Actual Rows": 58773499, "Actual Loops": 1, "Filter": "(l_shipdate <= '1998-08-15 00:00:00'::timestamp without time zone), (LLVM Optimized, Jit Execute)", "Rows Removed by Filter": 1212553}]}]}, "Triggers": [], "Planner Runtime": 0.32, "Total Runtime": 131622.731, "Unique SQL Id": 177413717}}, "(64, 108)": {"explain_plan": {"Plan": {"Node Type": "Sort", "Startup Cost": 4515800.46, "Total Cost": 4515800.47, "Plan Rows": 6, "Plan Width": 172, "Sort Key": ["l_returnflag", "l_linestatus"], "Plans": [{"Node Type": "Aggregate", "Strategy": "Hashed", "Parent Relationship": "Outer", "Startup Cost": 4515800.27, "Total Cost": 4515800.38, "Plan Rows": 6, "Plan Width": 172, "Group By Key": ["l_returnflag", "l_linestatus"], "Plans": [{"Node Type": "Seq Scan", "Parent Relationship": "Outer", "Relation Name": "lineitem", "Alias": "lineitem", "Startup Cost": 3.1, "Total Cost": 2165082.91, "Plan Rows": 58767934, "Plan Width": 36, "Filter": "(l_shipdate <= '1998-08-15 00:00:00'::timestamp without time zone), (LLVM Optimized)"}]}]}, "Unique SQL Id": 177413717}, "explain_analyze_plan": {"Plan": {"Node Type": "Sort", "Startup Cost": 4515800.46, "Total Cost": 4515800.47, "Plan Rows": 6, "Plan Width": 172, "Actual Startup Time": 131002.125, "Actual Total Time": 131002.126, "Actual Rows": 4, "Actual Loops": 1, "Sort Key": ["l_returnflag", "l_linestatus"], "Sort Method": "quicksort", "Sort Space Used": 25, "Sort Space Type": "Memory", "Plans": [{"Node Type": "Aggregate", "Strategy": "Hashed", "Parent Relationship": "Outer", "Startup Cost": 4515800.27, "Total Cost": 4515800.38, "Plan Rows": 6, "Plan Width": 172, "Actual Startup Time": 131002.051, "Actual Total Time": 131002.054, "Actual Rows": 4, "Actual Loops": 1, "Group By Key": ["l_returnflag", "l_linestatus"], "Plans": [{"Node Type": "Seq Scan", "Parent Relationship": "Outer", "Relation Name": "lineitem", "Alias": "lineitem", "Startup Cost": 3.1, "Total Cost": 2165082.91, "Plan Rows": 58767934, "Plan Width": 36, "Actual Startup Time": 0.023, "Actual Total Time": 27273.426, "Actual Rows": 58773499, "Actual Loops": 1, "Filter": "(l_shipdate <= '1998-08-15 00:00:00'::timestamp without time zone), (LLVM Optimized, Jit Execute)", "Rows Removed by Filter": 1212553}]}]}, "Triggers": [], "Planner Runtime": 0.395, "Total Runtime": 131013.594, "Unique SQL Id": 177413717}}, "(64, 109)": {"explain_plan": {"Plan": {"Node Type": "Sort", "Startup Cost": 10473924.63, "Total Cost": 10473924.64, "Plan Rows": 6, "Plan Width": 172, "Sort Key": ["l_returnflag", "l_linestatus"], "Plans": [{"Node Type": "Aggregate", "Strategy": "Hashed", "Parent Relationship": "Outer", "Startup Cost": 10473924.44, "Total Cost": 10473924.55, "Plan Rows": 6, "Plan Width": 172, "Group By Key": ["l_returnflag", "l_linestatus"], "Plans": [{"Node Type": "Index Scan", "Parent Relationship": "Outer", "Scan Direction": "Forward", "Index Name": "idx_lineitem_shipdate", "Relation Name": "lineitem", "Alias": "lineitem", "Startup Cost": 0.0, "Total Cost": 8123207.08, "Plan Rows": 58767934, "Plan Width": 36, "Index Cond": "(l_shipdate <= '1998-08-15 00:00:00'::timestamp without time zone), (LLVM Optimized)"}]}]}, "Unique SQL Id": 177413717}, "explain_analyze_plan": {"Plan": {"Node Type": "Sort", "Startup Cost": 10473924.63, "Total Cost": 10473924.64, "Plan Rows": 6, "Plan Width": 172, "Actual Startup Time": 268290.538, "Actual Total Time": 268290.539, "Actual Rows": 4, "Actual Loops": 1, "Sort Key": ["l_returnflag", "l_linestatus"], "Sort Method": "quicksort", "Sort Space Used": 25, "Sort Space Type": "Memory", "Plans": [{"Node Type": "Aggregate", "Strategy": "Hashed", "Parent Relationship": "Outer", "Startup Cost": 10473924.44, "Total Cost": 10473924.55, "Plan Rows": 6, "Plan Width": 172, "Actual Startup Time": 268290.3, "Actual Total Time": 268290.319, "Actual Rows": 4, "Actual Loops": 1, "Group By Key": ["l_returnflag", "l_linestatus"], "Plans": [{"Node Type": "Index Scan", "Parent Relationship": "Outer", "Scan Direction": "Forward", "Index Name": "idx_lineitem_shipdate", "Relation Name": "lineitem", "Alias": "lineitem", "Startup Cost": 0.0, "Total Cost": 8123207.08, "Plan Rows": 58767934, "Plan Width": 36, "Actual Startup Time": 0.059, "Actual Total Time": 154990.063, "Actual Rows": 58773499, "Actual Loops": 1, "Index Cond": "(l_shipdate <= '1998-08-15 00:00:00'::timestamp without time zone), (LLVM Optimized, Jit Execute)", "Rows Removed by Index Recheck": 0}]}]}, "Triggers": [], "Planner Runtime": 0.39, "Total Runtime": 268302.787, "Unique SQL Id": 177413717}}, "(64, 110)": {"explain_plan": {"Plan": {"Node Type": "Sort", "Startup Cost": 4515800.46, "Total Cost": 4515800.47, "Plan Rows": 6, "Plan Width": 172, "Sort Key": ["l_returnflag", "l_linestatus"], "Plans": [{"Node Type": "Aggregate", "Strategy": "Hashed", "Parent Relationship": "Outer", "Startup Cost": 4515800.27, "Total Cost": 4515800.38, "Plan Rows": 6, "Plan Width": 172, "Group By Key": ["l_returnflag", "l_linestatus"], "Plans": [{"Node Type": "Seq Scan", "Parent Relationship": "Outer", "Relation Name": "lineitem", "Alias": "lineitem", "Startup Cost": 3.1, "Total Cost": 2165082.91, "Plan Rows": 58767934, "Plan Width": 36, "Filter": "(l_shipdate <= '1998-08-15 00:00:00'::timestamp without time zone), (LLVM Optimized)"}]}]}, "Unique SQL Id": 177413717}, "explain_analyze_plan": {"Plan": {"Node Type": "Sort", "Startup Cost": 4515800.46, "Total Cost": 4515800.47, "Plan Rows": 6, "Plan Width": 172, "Actual Startup Time": 131002.125, "Actual Total Time": 131002.126, "Actual Rows": 4, "Actual Loops": 1, "Sort Key": ["l_returnflag", "l_linestatus"], "Sort Method": "quicksort", "Sort Space Used": 25, "Sort Space Type": "Memory", "Plans": [{"Node Type": "Aggregate", "Strategy": "Hashed", "Parent Relationship": "Outer", "Startup Cost": 4515800.27, "Total Cost": 4515800.38, "Plan Rows": 6, "Plan Width": 172, "Actual Startup Time": 131002.051, "Actual Total Time": 131002.054, "Actual Rows": 4, "Actual Loops": 1, "Group By Key": ["l_returnflag", "l_linestatus"], "Plans": [{"Node Type": "Seq Scan", "Parent Relationship": "Outer", "Relation Name": "lineitem", "Alias": "lineitem", "Startup Cost": 3.1, "Total Cost": 2165082.91, "Plan Rows": 58767934, "Plan Width": 36, "Actual Startup Time": 0.023, "Actual Total Time": 27273.426, "Actual Rows": 58773499, "Actual Loops": 1, "Filter": "(l_shipdate <= '1998-08-15 00:00:00'::timestamp without time zone), (LLVM Optimized, Jit Execute)", "Rows Removed by Filter": 1212553}]}]}, "Triggers": [], "Planner Runtime": 0.395, "Total Runtime": 131013.594, "Unique SQL Id": 177413717}}, "(64, 111)": {"explain_plan": {"Plan": {"Node Type": "Sort", "Startup Cost": 1000218859008.79, "Total Cost": 1000218859008.81, "Plan Rows": 6, "Plan Width": 172, "Sort Key": ["l_returnflag", "l_linestatus"], "Plans": [{"Node Type": "Aggregate", "Strategy": "Hashed", "Parent Relationship": "Outer", "Startup Cost": 1000218859008.61, "Total Cost": 1000218859008.72, "Plan Rows": 6, "Plan Width": 172, "Group By Key": ["l_returnflag", "l_linestatus"], "Plans": [{"Node Type": "Seq Scan", "Parent Relationship": "Outer", "Relation Name": "lineitem", "Alias": "lineitem", "Startup Cost": 10000000003.1, "Total Cost": 1000216508291.25, "Plan Rows": 58767934, "Plan Width": 36, "Filter": "(l_shipdate <= '1998-08-15 00:00:00'::timestamp without time zone), (LLVM Optimized)"}]}]}, "Unique SQL Id": 177413717}, "explain_analyze_plan": {"Plan": {"Node Type": "Sort", "Startup Cost": 1000218859008.79, "Total Cost": 1000218859008.81, "Plan Rows": 6, "Plan Width": 172, "Actual Startup Time": 131611.272, "Actual Total Time": 131611.273, "Actual Rows": 4, "Actual Loops": 1, "Sort Key": ["l_returnflag", "l_linestatus"], "Sort Method": "quicksort", "Sort Space Used": 25, "Sort Space Type": "Memory", "Plans": [{"Node Type": "Aggregate", "Strategy": "Hashed", "Parent Relationship": "Outer", "Startup Cost": 1000218859008.61, "Total Cost": 1000218859008.72, "Plan Rows": 6, "Plan Width": 172, "Actual Startup Time": 131611.063, "Actual Total Time": 131611.077, "Actual Rows": 4, "Actual Loops": 1, "Group By Key": ["l_returnflag", "l_linestatus"], "Plans": [{"Node Type": "Seq Scan", "Parent Relationship": "Outer", "Relation Name": "lineitem", "Alias": "lineitem", "Startup Cost": 10000000003.1, "Total Cost": 1000216508291.25, "Plan Rows": 58767934, "Plan Width": 36, "Actual Startup Time": 0.032, "Actual Total Time": 27406.475, "Actual Rows": 58773499, "Actual Loops": 1, "Filter": "(l_shipdate <= '1998-08-15 00:00:00'::timestamp without time zone), (LLVM Optimized, Jit Execute)", "Rows Removed by Filter": 1212553}]}]}, "Triggers": [], "Planner Runtime": 0.32, "Total Runtime": 131622.731, "Unique SQL Id": 177413717}}, "(64, 112)": {"explain_plan": {"Plan": {"Node Type": "Sort", "Startup Cost": 4515800.46, "Total Cost": 4515800.47, "Plan Rows": 6, "Plan Width": 172, "Sort Key": ["l_returnflag", "l_linestatus"], "Plans": [{"Node Type": "Aggregate", "Strategy": "Hashed", "Parent Relationship": "Outer", "Startup Cost": 4515800.27, "Total Cost": 4515800.38, "Plan Rows": 6, "Plan Width": 172, "Group By Key": ["l_returnflag", "l_linestatus"], "Plans": [{"Node Type": "Seq Scan", "Parent Relationship": "Outer", "Relation Name": "lineitem", "Alias": "lineitem", "Startup Cost": 3.1, "Total Cost": 2165082.91, "Plan Rows": 58767934, "Plan Width": 36, "Filter": "(l_shipdate <= '1998-08-15 00:00:00'::timestamp without time zone), (LLVM Optimized)"}]}]}, "Unique SQL Id": 177413717}, "explain_analyze_plan": {"Plan": {"Node Type": "Sort", "Startup Cost": 4515800.46, "Total Cost": 4515800.47, "Plan Rows": 6, "Plan Width": 172, "Actual Startup Time": 131002.125, "Actual Total Time": 131002.126, "Actual Rows": 4, "Actual Loops": 1, "Sort Key": ["l_returnflag", "l_linestatus"], "Sort Method": "quicksort", "Sort Space Used": 25, "Sort Space Type": "Memory", "Plans": [{"Node Type": "Aggregate", "Strategy": "Hashed", "Parent Relationship": "Outer", "Startup Cost": 4515800.27, "Total Cost": 4515800.38, "Plan Rows": 6, "Plan Width": 172, "Actual Startup Time": 131002.051, "Actual Total Time": 131002.054, "Actual Rows": 4, "Actual Loops": 1, "Group By Key": ["l_returnflag", "l_linestatus"], "Plans": [{"Node Type": "Seq Scan", "Parent Relationship": "Outer", "Relation Name": "lineitem", "Alias": "lineitem", "Startup Cost": 3.1, "Total Cost": 2165082.91, "Plan Rows": 58767934, "Plan Width": 36, "Actual Startup Time": 0.023, "Actual Total Time": 27273.426, "Actual Rows": 58773499, "Actual Loops": 1, "Filter": "(l_shipdate <= '1998-08-15 00:00:00'::timestamp without time zone), (LLVM Optimized, Jit Execute)", "Rows Removed by Filter": 1212553}]}]}, "Triggers": [], "Planner Runtime": 0.395, "Total Runtime": 131013.594, "Unique SQL Id": 177413717}}, "(64, 113)": {"explain_plan": {"Plan": {"Node Type": "Sort", "Startup Cost": 6389801.46, "Total Cost": 6389801.47, "Plan Rows": 6, "Plan Width": 172, "Sort Key": ["l_returnflag", "l_linestatus"], "Plans": [{"Node Type": "Aggregate", "Strategy": "Hashed", "Parent Relationship": "Outer", "Startup Cost": 6389801.27, "Total Cost": 6389801.38, "Plan Rows": 6, "Plan Width": 172, "Group By Key": ["l_returnflag", "l_linestatus"], "Plans": [{"Node Type": "Bitmap Heap Scan", "Parent Relationship": "Outer", "Relation Name": "lineitem", "Alias": "lineitem", "Startup Cost": 1889239.74, "Total Cost": 4039083.91, "Plan Rows": 58767934, "Plan Width": 36, "Recheck Cond": "(l_shipdate <= '1998-08-15 00:00:00'::timestamp without time zone), (LLVM Optimized)", "Plans": [{"Node Type": "Bitmap Index Scan", "Parent Relationship": "Outer", "Index Name": "idx_lineitem_shipdate", "Startup Cost": 0.0, "Total Cost": 1874547.75, "Plan Rows": 58767934, "Plan Width": 0, "Index Cond": "(l_shipdate <= '1998-08-15 00:00:00'::timestamp without time zone)"}]}]}]}, "Unique SQL Id": 177413717}, "explain_analyze_plan": {"Plan": {"Node Type": "Sort", "Startup Cost": 6389801.46, "Total Cost": 6389801.47, "Plan Rows": 6, "Plan Width": 172, "Actual Startup Time": 159302.231, "Actual Total Time": 159302.232, "Actual Rows": 4, "Actual Loops": 1, "Sort Key": ["l_returnflag", "l_linestatus"], "Sort Method": "quicksort", "Sort Space Used": 25, "Sort Space Type": "Memory", "Plans": [{"Node Type": "Aggregate", "Strategy": "Hashed", "Parent Relationship": "Outer", "Startup Cost": 6389801.27, "Total Cost": 6389801.38, "Plan Rows": 6, "Plan Width": 172, "Actual Startup Time": 159302.121, "Actual Total Time": 159302.125, "Actual Rows": 4, "Actual Loops": 1, "Group By Key": ["l_returnflag", "l_linestatus"], "Plans": [{"Node Type": "Bitmap Heap Scan", "Parent Relationship": "Outer", "Relation Name": "lineitem", "Alias": "lineitem", "Startup Cost": 1889239.74, "Total Cost": 4039083.91, "Plan Rows": 58767934, "Plan Width": 36, "Actual Startup Time": 27630.539, "Actual Total Time": 56618.821, "Actual Rows": 58773499, "Actual Loops": 1, "Recheck Cond": "(l_shipdate <= '1998-08-15 00:00:00'::timestamp without time zone), (LLVM Optimized, Jit Execute)", "Rows Removed by Index Recheck": 0, "Exact Heap Blocks": 1415245, "Lossy Heap Blocks": 1415245, "Plans": [{"Node Type": "Bitmap Index Scan", "Parent Relationship": "Outer", "Index Name": "idx_lineitem_shipdate", "Startup Cost": 0.0, "Total Cost": 1874547.75, "Plan Rows": 58767934, "Plan Width": 0, "Actual Startup Time": 26819.752, "Actual Total Time": 26819.752, "Actual Rows": 58773499, "Actual Loops": 1, "Index Cond": "(l_shipdate <= '1998-08-15 00:00:00'::timestamp without time zone)"}]}]}]}, "Triggers": [], "Planner Runtime": 0.41, "Total Runtime": 159315.57, "Unique SQL Id": 177413717}}, "(64, 114)": {"explain_plan": {"Plan": {"Node Type": "Sort", "Startup Cost": 4515800.46, "Total Cost": 4515800.47, "Plan Rows": 6, "Plan Width": 172, "Sort Key": ["l_returnflag", "l_linestatus"], "Plans": [{"Node Type": "Aggregate", "Strategy": "Hashed", "Parent Relationship": "Outer", "Startup Cost": 4515800.27, "Total Cost": 4515800.38, "Plan Rows": 6, "Plan Width": 172, "Group By Key": ["l_returnflag", "l_linestatus"], "Plans": [{"Node Type": "Seq Scan", "Parent Relationship": "Outer", "Relation Name": "lineitem", "Alias": "lineitem", "Startup Cost": 3.1, "Total Cost": 2165082.91, "Plan Rows": 58767934, "Plan Width": 36, "Filter": "(l_shipdate <= '1998-08-15 00:00:00'::timestamp without time zone), (LLVM Optimized)"}]}]}, "Unique SQL Id": 177413717}, "explain_analyze_plan": {"Plan": {"Node Type": "Sort", "Startup Cost": 4515800.46, "Total Cost": 4515800.47, "Plan Rows": 6, "Plan Width": 172, "Actual Startup Time": 131002.125, "Actual Total Time": 131002.126, "Actual Rows": 4, "Actual Loops": 1, "Sort Key": ["l_returnflag", "l_linestatus"], "Sort Method": "quicksort", "Sort Space Used": 25, "Sort Space Type": "Memory", "Plans": [{"Node Type": "Aggregate", "Strategy": "Hashed", "Parent Relationship": "Outer", "Startup Cost": 4515800.27, "Total Cost": 4515800.38, "Plan Rows": 6, "Plan Width": 172, "Actual Startup Time": 131002.051, "Actual Total Time": 131002.054, "Actual Rows": 4, "Actual Loops": 1, "Group By Key": ["l_returnflag", "l_linestatus"], "Plans": [{"Node Type": "Seq Scan", "Parent Relationship": "Outer", "Relation Name": "lineitem", "Alias": "lineitem", "Startup Cost": 3.1, "Total Cost": 2165082.91, "Plan Rows": 58767934, "Plan Width": 36, "Actual Startup Time": 0.023, "Actual Total Time": 27273.426, "Actual Rows": 58773499, "Actual Loops": 1, "Filter": "(l_shipdate <= '1998-08-15 00:00:00'::timestamp without time zone), (LLVM Optimized, Jit Execute)", "Rows Removed by Filter": 1212553}]}]}, "Triggers": [], "Planner Runtime": 0.395, "Total Runtime": 131013.594, "Unique SQL Id": 177413717}}, "(64, 115)": {"explain_plan": {"Plan": {"Node Type": "Sort", "Startup Cost": 6389801.46, "Total Cost": 6389801.47, "Plan Rows": 6, "Plan Width": 172, "Sort Key": ["l_returnflag", "l_linestatus"], "Plans": [{"Node Type": "Aggregate", "Strategy": "Hashed", "Parent Relationship": "Outer", "Startup Cost": 6389801.27, "Total Cost": 6389801.38, "Plan Rows": 6, "Plan Width": 172, "Group By Key": ["l_returnflag", "l_linestatus"], "Plans": [{"Node Type": "Bitmap Heap Scan", "Parent Relationship": "Outer", "Relation Name": "lineitem", "Alias": "lineitem", "Startup Cost": 1889239.74, "Total Cost": 4039083.91, "Plan Rows": 58767934, "Plan Width": 36, "Recheck Cond": "(l_shipdate <= '1998-08-15 00:00:00'::timestamp without time zone), (LLVM Optimized)", "Plans": [{"Node Type": "Bitmap Index Scan", "Parent Relationship": "Outer", "Index Name": "idx_lineitem_shipdate", "Startup Cost": 0.0, "Total Cost": 1874547.75, "Plan Rows": 58767934, "Plan Width": 0, "Index Cond": "(l_shipdate <= '1998-08-15 00:00:00'::timestamp without time zone)"}]}]}]}, "Unique SQL Id": 177413717}, "explain_analyze_plan": {"Plan": {"Node Type": "Sort", "Startup Cost": 6389801.46, "Total Cost": 6389801.47, "Plan Rows": 6, "Plan Width": 172, "Actual Startup Time": 159302.231, "Actual Total Time": 159302.232, "Actual Rows": 4, "Actual Loops": 1, "Sort Key": ["l_returnflag", "l_linestatus"], "Sort Method": "quicksort", "Sort Space Used": 25, "Sort Space Type": "Memory", "Plans": [{"Node Type": "Aggregate", "Strategy": "Hashed", "Parent Relationship": "Outer", "Startup Cost": 6389801.27, "Total Cost": 6389801.38, "Plan Rows": 6, "Plan Width": 172, "Actual Startup Time": 159302.121, "Actual Total Time": 159302.125, "Actual Rows": 4, "Actual Loops": 1, "Group By Key": ["l_returnflag", "l_linestatus"], "Plans": [{"Node Type": "Bitmap Heap Scan", "Parent Relationship": "Outer", "Relation Name": "lineitem", "Alias": "lineitem", "Startup Cost": 1889239.74, "Total Cost": 4039083.91, "Plan Rows": 58767934, "Plan Width": 36, "Actual Startup Time": 27630.539, "Actual Total Time": 56618.821, "Actual Rows": 58773499, "Actual Loops": 1, "Recheck Cond": "(l_shipdate <= '1998-08-15 00:00:00'::timestamp without time zone), (LLVM Optimized, Jit Execute)", "Rows Removed by Index Recheck": 0, "Exact Heap Blocks": 1415245, "Lossy Heap Blocks": 1415245, "Plans": [{"Node Type": "Bitmap Index Scan", "Parent Relationship": "Outer", "Index Name": "idx_lineitem_shipdate", "Startup Cost": 0.0, "Total Cost": 1874547.75, "Plan Rows": 58767934, "Plan Width": 0, "Actual Startup Time": 26819.752, "Actual Total Time": 26819.752, "Actual Rows": 58773499, "Actual Loops": 1, "Index Cond": "(l_shipdate <= '1998-08-15 00:00:00'::timestamp without time zone)"}]}]}]}, "Triggers": [], "Planner Runtime": 0.41, "Total Runtime": 159315.57, "Unique SQL Id": 177413717}}, "(64, 116)": {"explain_plan": {"Plan": {"Node Type": "Sort", "Startup Cost": 4515800.46, "Total Cost": 4515800.47, "Plan Rows": 6, "Plan Width": 172, "Sort Key": ["l_returnflag", "l_linestatus"], "Plans": [{"Node Type": "Aggregate", "Strategy": "Hashed", "Parent Relationship": "Outer", "Startup Cost": 4515800.27, "Total Cost": 4515800.38, "Plan Rows": 6, "Plan Width": 172, "Group By Key": ["l_returnflag", "l_linestatus"], "Plans": [{"Node Type": "Seq Scan", "Parent Relationship": "Outer", "Relation Name": "lineitem", "Alias": "lineitem", "Startup Cost": 3.1, "Total Cost": 2165082.91, "Plan Rows": 58767934, "Plan Width": 36, "Filter": "(l_shipdate <= '1998-08-15 00:00:00'::timestamp without time zone), (LLVM Optimized)"}]}]}, "Unique SQL Id": 177413717}, "explain_analyze_plan": {"Plan": {"Node Type": "Sort", "Startup Cost": 4515800.46, "Total Cost": 4515800.47, "Plan Rows": 6, "Plan Width": 172, "Actual Startup Time": 131002.125, "Actual Total Time": 131002.126, "Actual Rows": 4, "Actual Loops": 1, "Sort Key": ["l_returnflag", "l_linestatus"], "Sort Method": "quicksort", "Sort Space Used": 25, "Sort Space Type": "Memory", "Plans": [{"Node Type": "Aggregate", "Strategy": "Hashed", "Parent Relationship": "Outer", "Startup Cost": 4515800.27, "Total Cost": 4515800.38, "Plan Rows": 6, "Plan Width": 172, "Actual Startup Time": 131002.051, "Actual Total Time": 131002.054, "Actual Rows": 4, "Actual Loops": 1, "Group By Key": ["l_returnflag", "l_linestatus"], "Plans": [{"Node Type": "Seq Scan", "Parent Relationship": "Outer", "Relation Name": "lineitem", "Alias": "lineitem", "Startup Cost": 3.1, "Total Cost": 2165082.91, "Plan Rows": 58767934, "Plan Width": 36, "Actual Startup Time": 0.023, "Actual Total Time": 27273.426, "Actual Rows": 58773499, "Actual Loops": 1, "Filter": "(l_shipdate <= '1998-08-15 00:00:00'::timestamp without time zone), (LLVM Optimized, Jit Execute)", "Rows Removed by Filter": 1212553}]}]}, "Triggers": [], "Planner Runtime": 0.395, "Total Runtime": 131013.594, "Unique SQL Id": 177413717}}, "(64, 117)": {"explain_plan": {"Plan": {"Node Type": "Sort", "Startup Cost": 6389801.46, "Total Cost": 6389801.47, "Plan Rows": 6, "Plan Width": 172, "Sort Key": ["l_returnflag", "l_linestatus"], "Plans": [{"Node Type": "Aggregate", "Strategy": "Hashed", "Parent Relationship": "Outer", "Startup Cost": 6389801.27, "Total Cost": 6389801.38, "Plan Rows": 6, "Plan Width": 172, "Group By Key": ["l_returnflag", "l_linestatus"], "Plans": [{"Node Type": "Bitmap Heap Scan", "Parent Relationship": "Outer", "Relation Name": "lineitem", "Alias": "lineitem", "Startup Cost": 1889239.74, "Total Cost": 4039083.91, "Plan Rows": 58767934, "Plan Width": 36, "Recheck Cond": "(l_shipdate <= '1998-08-15 00:00:00'::timestamp without time zone), (LLVM Optimized)", "Plans": [{"Node Type": "Bitmap Index Scan", "Parent Relationship": "Outer", "Index Name": "idx_lineitem_shipdate", "Startup Cost": 0.0, "Total Cost": 1874547.75, "Plan Rows": 58767934, "Plan Width": 0, "Index Cond": "(l_shipdate <= '1998-08-15 00:00:00'::timestamp without time zone)"}]}]}]}, "Unique SQL Id": 177413717}, "explain_analyze_plan": {"Plan": {"Node Type": "Sort", "Startup Cost": 6389801.46, "Total Cost": 6389801.47, "Plan Rows": 6, "Plan Width": 172, "Actual Startup Time": 159302.231, "Actual Total Time": 159302.232, "Actual Rows": 4, "Actual Loops": 1, "Sort Key": ["l_returnflag", "l_linestatus"], "Sort Method": "quicksort", "Sort Space Used": 25, "Sort Space Type": "Memory", "Plans": [{"Node Type": "Aggregate", "Strategy": "Hashed", "Parent Relationship": "Outer", "Startup Cost": 6389801.27, "Total Cost": 6389801.38, "Plan Rows": 6, "Plan Width": 172, "Actual Startup Time": 159302.121, "Actual Total Time": 159302.125, "Actual Rows": 4, "Actual Loops": 1, "Group By Key": ["l_returnflag", "l_linestatus"], "Plans": [{"Node Type": "Bitmap Heap Scan", "Parent Relationship": "Outer", "Relation Name": "lineitem", "Alias": "lineitem", "Startup Cost": 1889239.74, "Total Cost": 4039083.91, "Plan Rows": 58767934, "Plan Width": 36, "Actual Startup Time": 27630.539, "Actual Total Time": 56618.821, "Actual Rows": 58773499, "Actual Loops": 1, "Recheck Cond": "(l_shipdate <= '1998-08-15 00:00:00'::timestamp without time zone), (LLVM Optimized, Jit Execute)", "Rows Removed by Index Recheck": 0, "Exact Heap Blocks": 1415245, "Lossy Heap Blocks": 1415245, "Plans": [{"Node Type": "Bitmap Index Scan", "Parent Relationship": "Outer", "Index Name": "idx_lineitem_shipdate", "Startup Cost": 0.0, "Total Cost": 1874547.75, "Plan Rows": 58767934, "Plan Width": 0, "Actual Startup Time": 26819.752, "Actual Total Time": 26819.752, "Actual Rows": 58773499, "Actual Loops": 1, "Index Cond": "(l_shipdate <= '1998-08-15 00:00:00'::timestamp without time zone)"}]}]}]}, "Triggers": [], "Planner Runtime": 0.41, "Total Runtime": 159315.57, "Unique SQL Id": 177413717}}, "(64, 118)": {"explain_plan": {"Plan": {"Node Type": "Sort", "Startup Cost": 4515800.46, "Total Cost": 4515800.47, "Plan Rows": 6, "Plan Width": 172, "Sort Key": ["l_returnflag", "l_linestatus"], "Plans": [{"Node Type": "Aggregate", "Strategy": "Hashed", "Parent Relationship": "Outer", "Startup Cost": 4515800.27, "Total Cost": 4515800.38, "Plan Rows": 6, "Plan Width": 172, "Group By Key": ["l_returnflag", "l_linestatus"], "Plans": [{"Node Type": "Seq Scan", "Parent Relationship": "Outer", "Relation Name": "lineitem", "Alias": "lineitem", "Startup Cost": 3.1, "Total Cost": 2165082.91, "Plan Rows": 58767934, "Plan Width": 36, "Filter": "(l_shipdate <= '1998-08-15 00:00:00'::timestamp without time zone), (LLVM Optimized)"}]}]}, "Unique SQL Id": 177413717}, "explain_analyze_plan": {"Plan": {"Node Type": "Sort", "Startup Cost": 4515800.46, "Total Cost": 4515800.47, "Plan Rows": 6, "Plan Width": 172, "Actual Startup Time": 131002.125, "Actual Total Time": 131002.126, "Actual Rows": 4, "Actual Loops": 1, "Sort Key": ["l_returnflag", "l_linestatus"], "Sort Method": "quicksort", "Sort Space Used": 25, "Sort Space Type": "Memory", "Plans": [{"Node Type": "Aggregate", "Strategy": "Hashed", "Parent Relationship": "Outer", "Startup Cost": 4515800.27, "Total Cost": 4515800.38, "Plan Rows": 6, "Plan Width": 172, "Actual Startup Time": 131002.051, "Actual Total Time": 131002.054, "Actual Rows": 4, "Actual Loops": 1, "Group By Key": ["l_returnflag", "l_linestatus"], "Plans": [{"Node Type": "Seq Scan", "Parent Relationship": "Outer", "Relation Name": "lineitem", "Alias": "lineitem", "Startup Cost": 3.1, "Total Cost": 2165082.91, "Plan Rows": 58767934, "Plan Width": 36, "Actual Startup Time": 0.023, "Actual Total Time": 27273.426, "Actual Rows": 58773499, "Actual Loops": 1, "Filter": "(l_shipdate <= '1998-08-15 00:00:00'::timestamp without time zone), (LLVM Optimized, Jit Execute)", "Rows Removed by Filter": 1212553}]}]}, "Triggers": [], "Planner Runtime": 0.395, "Total Runtime": 131013.594, "Unique SQL Id": 177413717}}, "(64, 119)": {"explain_plan": {"Plan": {"Node Type": "Sort", "Startup Cost": 6389801.46, "Total Cost": 6389801.47, "Plan Rows": 6, "Plan Width": 172, "Sort Key": ["l_returnflag", "l_linestatus"], "Plans": [{"Node Type": "Aggregate", "Strategy": "Hashed", "Parent Relationship": "Outer", "Startup Cost": 6389801.27, "Total Cost": 6389801.38, "Plan Rows": 6, "Plan Width": 172, "Group By Key": ["l_returnflag", "l_linestatus"], "Plans": [{"Node Type": "Bitmap Heap Scan", "Parent Relationship": "Outer", "Relation Name": "lineitem", "Alias": "lineitem", "Startup Cost": 1889239.74, "Total Cost": 4039083.91, "Plan Rows": 58767934, "Plan Width": 36, "Recheck Cond": "(l_shipdate <= '1998-08-15 00:00:00'::timestamp without time zone), (LLVM Optimized)", "Plans": [{"Node Type": "Bitmap Index Scan", "Parent Relationship": "Outer", "Index Name": "idx_lineitem_shipdate", "Startup Cost": 0.0, "Total Cost": 1874547.75, "Plan Rows": 58767934, "Plan Width": 0, "Index Cond": "(l_shipdate <= '1998-08-15 00:00:00'::timestamp without time zone)"}]}]}]}, "Unique SQL Id": 177413717}, "explain_analyze_plan": {"Plan": {"Node Type": "Sort", "Startup Cost": 6389801.46, "Total Cost": 6389801.47, "Plan Rows": 6, "Plan Width": 172, "Actual Startup Time": 159302.231, "Actual Total Time": 159302.232, "Actual Rows": 4, "Actual Loops": 1, "Sort Key": ["l_returnflag", "l_linestatus"], "Sort Method": "quicksort", "Sort Space Used": 25, "Sort Space Type": "Memory", "Plans": [{"Node Type": "Aggregate", "Strategy": "Hashed", "Parent Relationship": "Outer", "Startup Cost": 6389801.27, "Total Cost": 6389801.38, "Plan Rows": 6, "Plan Width": 172, "Actual Startup Time": 159302.121, "Actual Total Time": 159302.125, "Actual Rows": 4, "Actual Loops": 1, "Group By Key": ["l_returnflag", "l_linestatus"], "Plans": [{"Node Type": "Bitmap Heap Scan", "Parent Relationship": "Outer", "Relation Name": "lineitem", "Alias": "lineitem", "Startup Cost": 1889239.74, "Total Cost": 4039083.91, "Plan Rows": 58767934, "Plan Width": 36, "Actual Startup Time": 27630.539, "Actual Total Time": 56618.821, "Actual Rows": 58773499, "Actual Loops": 1, "Recheck Cond": "(l_shipdate <= '1998-08-15 00:00:00'::timestamp without time zone), (LLVM Optimized, Jit Execute)", "Rows Removed by Index Recheck": 0, "Exact Heap Blocks": 1415245, "Lossy Heap Blocks": 1415245, "Plans": [{"Node Type": "Bitmap Index Scan", "Parent Relationship": "Outer", "Index Name": "idx_lineitem_shipdate", "Startup Cost": 0.0, "Total Cost": 1874547.75, "Plan Rows": 58767934, "Plan Width": 0, "Actual Startup Time": 26819.752, "Actual Total Time": 26819.752, "Actual Rows": 58773499, "Actual Loops": 1, "Index Cond": "(l_shipdate <= '1998-08-15 00:00:00'::timestamp without time zone)"}]}]}]}, "Triggers": [], "Planner Runtime": 0.41, "Total Runtime": 159315.57, "Unique SQL Id": 177413717}}, "(64, 120)": {"explain_plan": {"Plan": {"Node Type": "Sort", "Startup Cost": 4515800.46, "Total Cost": 4515800.47, "Plan Rows": 6, "Plan Width": 172, "Sort Key": ["l_returnflag", "l_linestatus"], "Plans": [{"Node Type": "Aggregate", "Strategy": "Hashed", "Parent Relationship": "Outer", "Startup Cost": 4515800.27, "Total Cost": 4515800.38, "Plan Rows": 6, "Plan Width": 172, "Group By Key": ["l_returnflag", "l_linestatus"], "Plans": [{"Node Type": "Seq Scan", "Parent Relationship": "Outer", "Relation Name": "lineitem", "Alias": "lineitem", "Startup Cost": 3.1, "Total Cost": 2165082.91, "Plan Rows": 58767934, "Plan Width": 36, "Filter": "(l_shipdate <= '1998-08-15 00:00:00'::timestamp without time zone), (LLVM Optimized)"}]}]}, "Unique SQL Id": 177413717}, "explain_analyze_plan": {"Plan": {"Node Type": "Sort", "Startup Cost": 4515800.46, "Total Cost": 4515800.47, "Plan Rows": 6, "Plan Width": 172, "Actual Startup Time": 131002.125, "Actual Total Time": 131002.126, "Actual Rows": 4, "Actual Loops": 1, "Sort Key": ["l_returnflag", "l_linestatus"], "Sort Method": "quicksort", "Sort Space Used": 25, "Sort Space Type": "Memory", "Plans": [{"Node Type": "Aggregate", "Strategy": "Hashed", "Parent Relationship": "Outer", "Startup Cost": 4515800.27, "Total Cost": 4515800.38, "Plan Rows": 6, "Plan Width": 172, "Actual Startup Time": 131002.051, "Actual Total Time": 131002.054, "Actual Rows": 4, "Actual Loops": 1, "Group By Key": ["l_returnflag", "l_linestatus"], "Plans": [{"Node Type": "Seq Scan", "Parent Relationship": "Outer", "Relation Name": "lineitem", "Alias": "lineitem", "Startup Cost": 3.1, "Total Cost": 2165082.91, "Plan Rows": 58767934, "Plan Width": 36, "Actual Startup Time": 0.023, "Actual Total Time": 27273.426, "Actual Rows": 58773499, "Actual Loops": 1, "Filter": "(l_shipdate <= '1998-08-15 00:00:00'::timestamp without time zone), (LLVM Optimized, Jit Execute)", "Rows Removed by Filter": 1212553}]}]}, "Triggers": [], "Planner Runtime": 0.395, "Total Runtime": 131013.594, "Unique SQL Id": 177413717}}, "(64, 121)": {"explain_plan": {"Plan": {"Node Type": "Sort", "Startup Cost": 10473924.63, "Total Cost": 10473924.64, "Plan Rows": 6, "Plan Width": 172, "Sort Key": ["l_returnflag", "l_linestatus"], "Plans": [{"Node Type": "Aggregate", "Strategy": "Hashed", "Parent Relationship": "Outer", "Startup Cost": 10473924.44, "Total Cost": 10473924.55, "Plan Rows": 6, "Plan Width": 172, "Group By Key": ["l_returnflag", "l_linestatus"], "Plans": [{"Node Type": "Index Scan", "Parent Relationship": "Outer", "Scan Direction": "Forward", "Index Name": "idx_lineitem_shipdate", "Relation Name": "lineitem", "Alias": "lineitem", "Startup Cost": 0.0, "Total Cost": 8123207.08, "Plan Rows": 58767934, "Plan Width": 36, "Index Cond": "(l_shipdate <= '1998-08-15 00:00:00'::timestamp without time zone), (LLVM Optimized)"}]}]}, "Unique SQL Id": 177413717}, "explain_analyze_plan": {"Plan": {"Node Type": "Sort", "Startup Cost": 10473924.63, "Total Cost": 10473924.64, "Plan Rows": 6, "Plan Width": 172, "Actual Startup Time": 268290.538, "Actual Total Time": 268290.539, "Actual Rows": 4, "Actual Loops": 1, "Sort Key": ["l_returnflag", "l_linestatus"], "Sort Method": "quicksort", "Sort Space Used": 25, "Sort Space Type": "Memory", "Plans": [{"Node Type": "Aggregate", "Strategy": "Hashed", "Parent Relationship": "Outer", "Startup Cost": 10473924.44, "Total Cost": 10473924.55, "Plan Rows": 6, "Plan Width": 172, "Actual Startup Time": 268290.3, "Actual Total Time": 268290.319, "Actual Rows": 4, "Actual Loops": 1, "Group By Key": ["l_returnflag", "l_linestatus"], "Plans": [{"Node Type": "Index Scan", "Parent Relationship": "Outer", "Scan Direction": "Forward", "Index Name": "idx_lineitem_shipdate", "Relation Name": "lineitem", "Alias": "lineitem", "Startup Cost": 0.0, "Total Cost": 8123207.08, "Plan Rows": 58767934, "Plan Width": 36, "Actual Startup Time": 0.059, "Actual Total Time": 154990.063, "Actual Rows": 58773499, "Actual Loops": 1, "Index Cond": "(l_shipdate <= '1998-08-15 00:00:00'::timestamp without time zone), (LLVM Optimized, Jit Execute)", "Rows Removed by Index Recheck": 0}]}]}, "Triggers": [], "Planner Runtime": 0.39, "Total Runtime": 268302.787, "Unique SQL Id": 177413717}}, "(64, 122)": {"explain_plan": {"Plan": {"Node Type": "Sort", "Startup Cost": 4515800.46, "Total Cost": 4515800.47, "Plan Rows": 6, "Plan Width": 172, "Sort Key": ["l_returnflag", "l_linestatus"], "Plans": [{"Node Type": "Aggregate", "Strategy": "Hashed", "Parent Relationship": "Outer", "Startup Cost": 4515800.27, "Total Cost": 4515800.38, "Plan Rows": 6, "Plan Width": 172, "Group By Key": ["l_returnflag", "l_linestatus"], "Plans": [{"Node Type": "Seq Scan", "Parent Relationship": "Outer", "Relation Name": "lineitem", "Alias": "lineitem", "Startup Cost": 3.1, "Total Cost": 2165082.91, "Plan Rows": 58767934, "Plan Width": 36, "Filter": "(l_shipdate <= '1998-08-15 00:00:00'::timestamp without time zone), (LLVM Optimized)"}]}]}, "Unique SQL Id": 177413717}, "explain_analyze_plan": {"Plan": {"Node Type": "Sort", "Startup Cost": 4515800.46, "Total Cost": 4515800.47, "Plan Rows": 6, "Plan Width": 172, "Actual Startup Time": 131002.125, "Actual Total Time": 131002.126, "Actual Rows": 4, "Actual Loops": 1, "Sort Key": ["l_returnflag", "l_linestatus"], "Sort Method": "quicksort", "Sort Space Used": 25, "Sort Space Type": "Memory", "Plans": [{"Node Type": "Aggregate", "Strategy": "Hashed", "Parent Relationship": "Outer", "Startup Cost": 4515800.27, "Total Cost": 4515800.38, "Plan Rows": 6, "Plan Width": 172, "Actual Startup Time": 131002.051, "Actual Total Time": 131002.054, "Actual Rows": 4, "Actual Loops": 1, "Group By Key": ["l_returnflag", "l_linestatus"], "Plans": [{"Node Type": "Seq Scan", "Parent Relationship": "Outer", "Relation Name": "lineitem", "Alias": "lineitem", "Startup Cost": 3.1, "Total Cost": 2165082.91, "Plan Rows": 58767934, "Plan Width": 36, "Actual Startup Time": 0.023, "Actual Total Time": 27273.426, "Actual Rows": 58773499, "Actual Loops": 1, "Filter": "(l_shipdate <= '1998-08-15 00:00:00'::timestamp without time zone), (LLVM Optimized, Jit Execute)", "Rows Removed by Filter": 1212553}]}]}, "Triggers": [], "Planner Runtime": 0.395, "Total Runtime": 131013.594, "Unique SQL Id": 177413717}}, "(64, 123)": {"explain_plan": {"Plan": {"Node Type": "Sort", "Startup Cost": 1000218859008.79, "Total Cost": 1000218859008.81, "Plan Rows": 6, "Plan Width": 172, "Sort Key": ["l_returnflag", "l_linestatus"], "Plans": [{"Node Type": "Aggregate", "Strategy": "Hashed", "Parent Relationship": "Outer", "Startup Cost": 1000218859008.61, "Total Cost": 1000218859008.72, "Plan Rows": 6, "Plan Width": 172, "Group By Key": ["l_returnflag", "l_linestatus"], "Plans": [{"Node Type": "Seq Scan", "Parent Relationship": "Outer", "Relation Name": "lineitem", "Alias": "lineitem", "Startup Cost": 10000000003.1, "Total Cost": 1000216508291.25, "Plan Rows": 58767934, "Plan Width": 36, "Filter": "(l_shipdate <= '1998-08-15 00:00:00'::timestamp without time zone), (LLVM Optimized)"}]}]}, "Unique SQL Id": 177413717}, "explain_analyze_plan": {"Plan": {"Node Type": "Sort", "Startup Cost": 1000218859008.79, "Total Cost": 1000218859008.81, "Plan Rows": 6, "Plan Width": 172, "Actual Startup Time": 131611.272, "Actual Total Time": 131611.273, "Actual Rows": 4, "Actual Loops": 1, "Sort Key": ["l_returnflag", "l_linestatus"], "Sort Method": "quicksort", "Sort Space Used": 25, "Sort Space Type": "Memory", "Plans": [{"Node Type": "Aggregate", "Strategy": "Hashed", "Parent Relationship": "Outer", "Startup Cost": 1000218859008.61, "Total Cost": 1000218859008.72, "Plan Rows": 6, "Plan Width": 172, "Actual Startup Time": 131611.063, "Actual Total Time": 131611.077, "Actual Rows": 4, "Actual Loops": 1, "Group By Key": ["l_returnflag", "l_linestatus"], "Plans": [{"Node Type": "Seq Scan", "Parent Relationship": "Outer", "Relation Name": "lineitem", "Alias": "lineitem", "Startup Cost": 10000000003.1, "Total Cost": 1000216508291.25, "Plan Rows": 58767934, "Plan Width": 36, "Actual Startup Time": 0.032, "Actual Total Time": 27406.475, "Actual Rows": 58773499, "Actual Loops": 1, "Filter": "(l_shipdate <= '1998-08-15 00:00:00'::timestamp without time zone), (LLVM Optimized, Jit Execute)", "Rows Removed by Filter": 1212553}]}]}, "Triggers": [], "Planner Runtime": 0.32, "Total Runtime": 131622.731, "Unique SQL Id": 177413717}}, "(64, 124)": {"explain_plan": {"Plan": {"Node Type": "Sort", "Startup Cost": 4515800.46, "Total Cost": 4515800.47, "Plan Rows": 6, "Plan Width": 172, "Sort Key": ["l_returnflag", "l_linestatus"], "Plans": [{"Node Type": "Aggregate", "Strategy": "Hashed", "Parent Relationship": "Outer", "Startup Cost": 4515800.27, "Total Cost": 4515800.38, "Plan Rows": 6, "Plan Width": 172, "Group By Key": ["l_returnflag", "l_linestatus"], "Plans": [{"Node Type": "Seq Scan", "Parent Relationship": "Outer", "Relation Name": "lineitem", "Alias": "lineitem", "Startup Cost": 3.1, "Total Cost": 2165082.91, "Plan Rows": 58767934, "Plan Width": 36, "Filter": "(l_shipdate <= '1998-08-15 00:00:00'::timestamp without time zone), (LLVM Optimized)"}]}]}, "Unique SQL Id": 177413717}, "explain_analyze_plan": {"Plan": {"Node Type": "Sort", "Startup Cost": 4515800.46, "Total Cost": 4515800.47, "Plan Rows": 6, "Plan Width": 172, "Actual Startup Time": 131002.125, "Actual Total Time": 131002.126, "Actual Rows": 4, "Actual Loops": 1, "Sort Key": ["l_returnflag", "l_linestatus"], "Sort Method": "quicksort", "Sort Space Used": 25, "Sort Space Type": "Memory", "Plans": [{"Node Type": "Aggregate", "Strategy": "Hashed", "Parent Relationship": "Outer", "Startup Cost": 4515800.27, "Total Cost": 4515800.38, "Plan Rows": 6, "Plan Width": 172, "Actual Startup Time": 131002.051, "Actual Total Time": 131002.054, "Actual Rows": 4, "Actual Loops": 1, "Group By Key": ["l_returnflag", "l_linestatus"], "Plans": [{"Node Type": "Seq Scan", "Parent Relationship": "Outer", "Relation Name": "lineitem", "Alias": "lineitem", "Startup Cost": 3.1, "Total Cost": 2165082.91, "Plan Rows": 58767934, "Plan Width": 36, "Actual Startup Time": 0.023, "Actual Total Time": 27273.426, "Actual Rows": 58773499, "Actual Loops": 1, "Filter": "(l_shipdate <= '1998-08-15 00:00:00'::timestamp without time zone), (LLVM Optimized, Jit Execute)", "Rows Removed by Filter": 1212553}]}]}, "Triggers": [], "Planner Runtime": 0.395, "Total Runtime": 131013.594, "Unique SQL Id": 177413717}}, "(64, 125)": {"explain_plan": {"Plan": {"Node Type": "Sort", "Startup Cost": 10473924.63, "Total Cost": 10473924.64, "Plan Rows": 6, "Plan Width": 172, "Sort Key": ["l_returnflag", "l_linestatus"], "Plans": [{"Node Type": "Aggregate", "Strategy": "Hashed", "Parent Relationship": "Outer", "Startup Cost": 10473924.44, "Total Cost": 10473924.55, "Plan Rows": 6, "Plan Width": 172, "Group By Key": ["l_returnflag", "l_linestatus"], "Plans": [{"Node Type": "Index Scan", "Parent Relationship": "Outer", "Scan Direction": "Forward", "Index Name": "idx_lineitem_shipdate", "Relation Name": "lineitem", "Alias": "lineitem", "Startup Cost": 0.0, "Total Cost": 8123207.08, "Plan Rows": 58767934, "Plan Width": 36, "Index Cond": "(l_shipdate <= '1998-08-15 00:00:00'::timestamp without time zone), (LLVM Optimized)"}]}]}, "Unique SQL Id": 177413717}, "explain_analyze_plan": {"Plan": {"Node Type": "Sort", "Startup Cost": 10473924.63, "Total Cost": 10473924.64, "Plan Rows": 6, "Plan Width": 172, "Actual Startup Time": 268290.538, "Actual Total Time": 268290.539, "Actual Rows": 4, "Actual Loops": 1, "Sort Key": ["l_returnflag", "l_linestatus"], "Sort Method": "quicksort", "Sort Space Used": 25, "Sort Space Type": "Memory", "Plans": [{"Node Type": "Aggregate", "Strategy": "Hashed", "Parent Relationship": "Outer", "Startup Cost": 10473924.44, "Total Cost": 10473924.55, "Plan Rows": 6, "Plan Width": 172, "Actual Startup Time": 268290.3, "Actual Total Time": 268290.319, "Actual Rows": 4, "Actual Loops": 1, "Group By Key": ["l_returnflag", "l_linestatus"], "Plans": [{"Node Type": "Index Scan", "Parent Relationship": "Outer", "Scan Direction": "Forward", "Index Name": "idx_lineitem_shipdate", "Relation Name": "lineitem", "Alias": "lineitem", "Startup Cost": 0.0, "Total Cost": 8123207.08, "Plan Rows": 58767934, "Plan Width": 36, "Actual Startup Time": 0.059, "Actual Total Time": 154990.063, "Actual Rows": 58773499, "Actual Loops": 1, "Index Cond": "(l_shipdate <= '1998-08-15 00:00:00'::timestamp without time zone), (LLVM Optimized, Jit Execute)", "Rows Removed by Index Recheck": 0}]}]}, "Triggers": [], "Planner Runtime": 0.39, "Total Runtime": 268302.787, "Unique SQL Id": 177413717}}, "(64, 126)": {"explain_plan": {"Plan": {"Node Type": "Sort", "Startup Cost": 4515800.46, "Total Cost": 4515800.47, "Plan Rows": 6, "Plan Width": 172, "Sort Key": ["l_returnflag", "l_linestatus"], "Plans": [{"Node Type": "Aggregate", "Strategy": "Hashed", "Parent Relationship": "Outer", "Startup Cost": 4515800.27, "Total Cost": 4515800.38, "Plan Rows": 6, "Plan Width": 172, "Group By Key": ["l_returnflag", "l_linestatus"], "Plans": [{"Node Type": "Seq Scan", "Parent Relationship": "Outer", "Relation Name": "lineitem", "Alias": "lineitem", "Startup Cost": 3.1, "Total Cost": 2165082.91, "Plan Rows": 58767934, "Plan Width": 36, "Filter": "(l_shipdate <= '1998-08-15 00:00:00'::timestamp without time zone), (LLVM Optimized)"}]}]}, "Unique SQL Id": 177413717}, "explain_analyze_plan": {"Plan": {"Node Type": "Sort", "Startup Cost": 4515800.46, "Total Cost": 4515800.47, "Plan Rows": 6, "Plan Width": 172, "Actual Startup Time": 131002.125, "Actual Total Time": 131002.126, "Actual Rows": 4, "Actual Loops": 1, "Sort Key": ["l_returnflag", "l_linestatus"], "Sort Method": "quicksort", "Sort Space Used": 25, "Sort Space Type": "Memory", "Plans": [{"Node Type": "Aggregate", "Strategy": "Hashed", "Parent Relationship": "Outer", "Startup Cost": 4515800.27, "Total Cost": 4515800.38, "Plan Rows": 6, "Plan Width": 172, "Actual Startup Time": 131002.051, "Actual Total Time": 131002.054, "Actual Rows": 4, "Actual Loops": 1, "Group By Key": ["l_returnflag", "l_linestatus"], "Plans": [{"Node Type": "Seq Scan", "Parent Relationship": "Outer", "Relation Name": "lineitem", "Alias": "lineitem", "Startup Cost": 3.1, "Total Cost": 2165082.91, "Plan Rows": 58767934, "Plan Width": 36, "Actual Startup Time": 0.023, "Actual Total Time": 27273.426, "Actual Rows": 58773499, "Actual Loops": 1, "Filter": "(l_shipdate <= '1998-08-15 00:00:00'::timestamp without time zone), (LLVM Optimized, Jit Execute)", "Rows Removed by Filter": 1212553}]}]}, "Triggers": [], "Planner Runtime": 0.395, "Total Runtime": 131013.594, "Unique SQL Id": 177413717}}, "(64, 127)": {"explain_plan": {"Plan": {"Node Type": "Sort", "Startup Cost": 1000218859008.79, "Total Cost": 1000218859008.81, "Plan Rows": 6, "Plan Width": 172, "Sort Key": ["l_returnflag", "l_linestatus"], "Plans": [{"Node Type": "Aggregate", "Strategy": "Hashed", "Parent Relationship": "Outer", "Startup Cost": 1000218859008.61, "Total Cost": 1000218859008.72, "Plan Rows": 6, "Plan Width": 172, "Group By Key": ["l_returnflag", "l_linestatus"], "Plans": [{"Node Type": "Seq Scan", "Parent Relationship": "Outer", "Relation Name": "lineitem", "Alias": "lineitem", "Startup Cost": 10000000003.1, "Total Cost": 1000216508291.25, "Plan Rows": 58767934, "Plan Width": 36, "Filter": "(l_shipdate <= '1998-08-15 00:00:00'::timestamp without time zone), (LLVM Optimized)"}]}]}, "Unique SQL Id": 177413717}, "explain_analyze_plan": {"Plan": {"Node Type": "Sort", "Startup Cost": 1000218859008.79, "Total Cost": 1000218859008.81, "Plan Rows": 6, "Plan Width": 172, "Actual Startup Time": 131611.272, "Actual Total Time": 131611.273, "Actual Rows": 4, "Actual Loops": 1, "Sort Key": ["l_returnflag", "l_linestatus"], "Sort Method": "quicksort", "Sort Space Used": 25, "Sort Space Type": "Memory", "Plans": [{"Node Type": "Aggregate", "Strategy": "Hashed", "Parent Relationship": "Outer", "Startup Cost": 1000218859008.61, "Total Cost": 1000218859008.72, "Plan Rows": 6, "Plan Width": 172, "Actual Startup Time": 131611.063, "Actual Total Time": 131611.077, "Actual Rows": 4, "Actual Loops": 1, "Group By Key": ["l_returnflag", "l_linestatus"], "Plans": [{"Node Type": "Seq Scan", "Parent Relationship": "Outer", "Relation Name": "lineitem", "Alias": "lineitem", "Startup Cost": 10000000003.1, "Total Cost": 1000216508291.25, "Plan Rows": 58767934, "Plan Width": 36, "Actual Startup Time": 0.032, "Actual Total Time": 27406.475, "Actual Rows": 58773499, "Actual Loops": 1, "Filter": "(l_shipdate <= '1998-08-15 00:00:00'::timestamp without time zone), (LLVM Optimized, Jit Execute)", "Rows Removed by Filter": 1212553}]}]}, "Triggers": [], "Planner Runtime": 0.32, "Total Runtime": 131622.731, "Unique SQL Id": 177413717}}}