{"(1, 0)": {"explain_plan": {"Plan": {"Node Type": "Sort", "Startup Cost": 714730.55, "Total Cost": 714731.05, "Plan Rows": 200, "Plan Width": 8, "Sort Key": ["(count(*)) DESC", "c_orders.c_count DESC"], "Plans": [{"Node Type": "Aggregate", "Strategy": "Hashed", "Parent Relationship": "Outer", "Startup Cost": 714720.91, "Total Cost": 714722.91, "Plan Rows": 200, "Plan Width": 8, "Group By Key": ["c_orders.c_count"], "Plans": [{"Node Type": "Subquery Scan", "Parent Relationship": "Outer", "Alias": "c_orders", "Startup Cost": 677220.91, "Total Cost": 707220.91, "Plan Rows": 1500000, "Plan Width": 8, "Plans": [{"Node Type": "Aggregate", "Strategy": "Hashed", "Parent Relationship": "Subquery", "Startup Cost": 677220.91, "Total Cost": 692220.91, "Plan Rows": 1500000, "Plan Width": 16, "Group By Key": ["customer.c_custkey"], "Plans": [{"Node Type": "Hash Join", "Parent Relationship": "Outer", "Join Type": "Right", "Startup Cost": 62386.25, "Total Cost": 645469.33, "Plan Rows": 6350316, "Plan Width": 16, "Inner Unique": true, "Hash Cond": "(orders.o_custkey = customer.c_custkey), (LLVM Optimized)", "Plans": [{"Node Type": "Seq Scan", "Parent Relationship": "Outer", "Relation Name": "orders", "Alias": "orders", "Startup Cost": 0.0, "Total Cost": 463912.49, "Plan Rows": 14844648, "Plan Width": 16, "Filter": "((o_comment)::text !~~ '%pending%deposits%'::text), (LLVM Optimized)"}, {"Node Type": "Hash", "Parent Relationship": "Inner", "Startup Cost": 43636.25, "Total Cost": 43636.25, "Plan Rows": 1500000, "Plan Width": 8, "Plans": [{"Node Type": "Index Only Scan", "Parent Relationship": "Outer", "Scan Direction": "Forward", "Index Name": "customer_pkey", "Relation Name": "customer", "Alias": "customer", "Startup Cost": 0.0, "Total Cost": 43636.25, "Plan Rows": 1500000, "Plan Width": 8}]}]}]}]}]}]}, "Unique SQL Id": 3026328400}, "explain_analyze_plan": {"Plan": {"Node Type": "Sort", "Startup Cost": 714730.55, "Total Cost": 714731.05, "Plan Rows": 200, "Plan Width": 8, "Actual Startup Time": 33710.374, "Actual Total Time": 33710.377, "Actual Rows": 46, "Actual Loops": 1, "Sort Key": ["(count(*)) DESC", "c_orders.c_count DESC"], "Sort Method": "quicksort", "Sort Space Used": 29, "Sort Space Type": "Memory", "Plans": [{"Node Type": "Aggregate", "Strategy": "Hashed", "Parent Relationship": "Outer", "Startup Cost": 714720.91, "Total Cost": 714722.91, "Plan Rows": 200, "Plan Width": 8, "Actual Startup Time": 33710.313, "Actual Total Time": 33710.324, "Actual Rows": 46, "Actual Loops": 1, "Group By Key": ["c_orders.c_count"], "Plans": [{"Node Type": "Subquery Scan", "Parent Relationship": "Outer", "Alias": "c_orders", "Startup Cost": 677220.91, "Total Cost": 707220.91, "Plan Rows": 1500000, "Plan Width": 8, "Actual Startup Time": 32424.744, "Actual Total Time": 33291.179, "Actual Rows": 1500000, "Actual Loops": 1, "Plans": [{"Node Type": "Aggregate", "Strategy": "Hashed", "Parent Relationship": "Subquery", "Startup Cost": 677220.91, "Total Cost": 692220.91, "Plan Rows": 1500000, "Plan Width": 16, "Actual Startup Time": 32424.74, "Actual Total Time": 33024.659, "Actual Rows": 1500000, "Actual Loops": 1, "Group By Key": ["customer.c_custkey"], "Plans": [{"Node Type": "Hash Join", "Parent Relationship": "Outer", "Join Type": "Right", "Startup Cost": 62386.25, "Total Cost": 645469.33, "Plan Rows": 6350316, "Plan Width": 16, "Actual Startup Time": 792.611, "Actual Total Time": 20268.505, "Actual Rows": 15338153, "Actual Loops": 1, "Inner Unique": true, "Hash Cond": "(orders.o_custkey = customer.c_custkey), (LLVM Optimized, Jit Execute)", "Plans": [{"Node Type": "Seq Scan", "Parent Relationship": "Outer", "Relation Name": "orders", "Alias": "orders", "Startup Cost": 0.0, "Total Cost": 463912.49, "Plan Rows": 14844648, "Plan Width": 16, "Actual Startup Time": 0.037, "Actual Total Time": 8396.151, "Actual Rows": 14838130, "Actual Loops": 1, "Filter": "((o_comment)::text !~~ '%pending%deposits%'::text), (LLVM Optimized, Jit Execute)", "Rows Removed by Filter": 161870}, {"Node Type": "Hash", "Parent Relationship": "Inner", "Startup Cost": 43636.25, "Total Cost": 43636.25, "Plan Rows": 1500000, "Plan Width": 8, "Actual Startup Time": 791.151, "Actual Total Time": 791.151, "Actual Rows": 1500000, "Actual Loops": 1, "Hash Buckets": 2097152, "Hash Batches": 1, "Original Hash Batches": 1, "Peak Memory Usage": 58594, "Plans": [{"Node Type": "Index Only Scan", "Parent Relationship": "Outer", "Scan Direction": "Forward", "Index Name": "customer_pkey", "Relation Name": "customer", "Alias": "customer", "Startup Cost": 0.0, "Total Cost": 43636.25, "Plan Rows": 1500000, "Plan Width": 8, "Actual Startup Time": 0.038, "Actual Total Time": 361.175, "Actual Rows": 1500000, "Actual Loops": 1, "Heap Fetches": 0}]}]}]}]}]}]}, "Triggers": [], "Planner Runtime": 0.742, "Total Runtime": 33719.708, "Unique SQL Id": 3026328400}}, "(1, 1)": {"explain_plan": {"Plan": {"Node Type": "Sort", "Startup Cost": 1815222.82, "Total Cost": 1815223.32, "Plan Rows": 200, "Plan Width": 8, "Sort Key": ["(count(*)) DESC", "c_orders.c_count DESC"], "Plans": [{"Node Type": "Aggregate", "Strategy": "Hashed", "Parent Relationship": "Outer", "Startup Cost": 1815213.18, "Total Cost": 1815215.18, "Plan Rows": 200, "Plan Width": 8, "Group By Key": ["c_orders.c_count"], "Plans": [{"Node Type": "Subquery Scan", "Parent Relationship": "Outer", "Alias": "c_orders", "Startup Cost": 0.0, "Total Cost": 1807713.18, "Plan Rows": 1500000, "Plan Width": 8, "Plans": [{"Node Type": "Aggregate", "Strategy": "Sorted", "Parent Relationship": "Subquery", "Startup Cost": 0.0, "Total Cost": 1792713.18, "Plan Rows": 1500000, "Plan Width": 24, "Group By Key": ["customer.c_custkey"], "Plans": [{"Node Type": "Merge Join", "Parent Relationship": "Outer", "Join Type": "Left", "Startup Cost": 0.0, "Total Cost": 1745961.6, "Plan Rows": 6350316, "Plan Width": 16, "Inner Unique": false, "Merge Cond": "(customer.c_custkey = orders.o_custkey)", "Plans": [{"Node Type": "Index Only Scan", "Parent Relationship": "Outer", "Scan Direction": "Forward", "Index Name": "customer_pkey", "Relation Name": "customer", "Alias": "customer", "Startup Cost": 0.0, "Total Cost": 43636.25, "Plan Rows": 1500000, "Plan Width": 8}, {"Node Type": "Index Scan", "Parent Relationship": "Inner", "Scan Direction": "Forward", "Index Name": "idx_orders_custkey", "Relation Name": "orders", "Alias": "orders", "Startup Cost": 0.0, "Total Cost": 1598013.99, "Plan Rows": 14844648, "Plan Width": 16, "Filter": "((o_comment)::text !~~ '%pending%deposits%'::text), (LLVM Optimized)"}]}]}]}]}]}, "Unique SQL Id": 3026328400}, "explain_analyze_plan": {"Plan": {"Node Type": "Sort", "Startup Cost": 1815222.82, "Total Cost": 1815223.32, "Plan Rows": 200, "Plan Width": 8, "Actual Startup Time": 49456.672, "Actual Total Time": 49456.675, "Actual Rows": 46, "Actual Loops": 1, "Sort Key": ["(count(*)) DESC", "c_orders.c_count DESC"], "Sort Method": "quicksort", "Sort Space Used": 29, "Sort Space Type": "Memory", "Plans": [{"Node Type": "Aggregate", "Strategy": "Hashed", "Parent Relationship": "Outer", "Startup Cost": 1815213.18, "Total Cost": 1815215.18, "Plan Rows": 200, "Plan Width": 8, "Actual Startup Time": 49456.615, "Actual Total Time": 49456.628, "Actual Rows": 46, "Actual Loops": 1, "Group By Key": ["c_orders.c_count"], "Plans": [{"Node Type": "Subquery Scan", "Parent Relationship": "Outer", "Alias": "c_orders", "Startup Cost": 0.0, "Total Cost": 1807713.18, "Plan Rows": 1500000, "Plan Width": 8, "Actual Startup Time": 0.146, "Actual Total Time": 48893.237, "Actual Rows": 1500000, "Actual Loops": 1, "Plans": [{"Node Type": "Aggregate", "Strategy": "Sorted", "Parent Relationship": "Subquery", "Startup Cost": 0.0, "Total Cost": 1792713.18, "Plan Rows": 1500000, "Plan Width": 24, "Actual Startup Time": 0.146, "Actual Total Time": 48595.012, "Actual Rows": 1500000, "Actual Loops": 1, "Group By Key": ["customer.c_custkey"], "Plans": [{"Node Type": "Merge Join", "Parent Relationship": "Outer", "Join Type": "Left", "Startup Cost": 0.0, "Total Cost": 1745961.6, "Plan Rows": 6350316, "Plan Width": 16, "Actual Startup Time": 0.073, "Actual Total Time": 44566.394, "Actual Rows": 15338153, "Actual Loops": 1, "Inner Unique": false, "Merge Cond": "(customer.c_custkey = orders.o_custkey)", "Plans": [{"Node Type": "Index Only Scan", "Parent Relationship": "Outer", "Scan Direction": "Forward", "Index Name": "customer_pkey", "Relation Name": "customer", "Alias": "customer", "Startup Cost": 0.0, "Total Cost": 43636.25, "Plan Rows": 1500000, "Plan Width": 8, "Actual Startup Time": 0.029, "Actual Total Time": 420.485, "Actual Rows": 1500000, "Actual Loops": 1, "Heap Fetches": 0}, {"Node Type": "Index Scan", "Parent Relationship": "Inner", "Scan Direction": "Forward", "Index Name": "idx_orders_custkey", "Relation Name": "orders", "Alias": "orders", "Startup Cost": 0.0, "Total Cost": 1598013.99, "Plan Rows": 14844648, "Plan Width": 16, "Actual Startup Time": 0.033, "Actual Total Time": 39523.673, "Actual Rows": 14838130, "Actual Loops": 1, "Filter": "((o_comment)::text !~~ '%pending%deposits%'::text), (LLVM Optimized, Jit Execute)", "Rows Removed by Filter": 161870}]}]}]}]}]}, "Triggers": [], "Planner Runtime": 0.791, "Total Runtime": 49465.812, "Unique SQL Id": 3026328400}}, "(1, 2)": {"explain_plan": {"Plan": {"Node Type": "Sort", "Startup Cost": 723220.3, "Total Cost": 723220.8, "Plan Rows": 200, "Plan Width": 8, "Sort Key": ["(count(*)) DESC", "c_orders.c_count DESC"], "Plans": [{"Node Type": "Aggregate", "Strategy": "Hashed", "Parent Relationship": "Outer", "Startup Cost": 723210.66, "Total Cost": 723212.66, "Plan Rows": 200, "Plan Width": 8, "Group By Key": ["c_orders.c_count"], "Plans": [{"Node Type": "Subquery Scan", "Parent Relationship": "Outer", "Alias": "c_orders", "Startup Cost": 685710.66, "Total Cost": 715710.66, "Plan Rows": 1500000, "Plan Width": 8, "Plans": [{"Node Type": "Aggregate", "Strategy": "Hashed", "Parent Relationship": "Subquery", "Startup Cost": 685710.66, "Total Cost": 700710.66, "Plan Rows": 1500000, "Plan Width": 16, "Group By Key": ["customer.c_custkey"], "Plans": [{"Node Type": "Hash Join", "Parent Relationship": "Outer", "Join Type": "Right", "Startup Cost": 70876.0, "Total Cost": 653959.08, "Plan Rows": 6350316, "Plan Width": 16, "Inner Unique": true, "Hash Cond": "(orders.o_custkey = customer.c_custkey), (LLVM Optimized)", "Plans": [{"Node Type": "Seq Scan", "Parent Relationship": "Outer", "Relation Name": "orders", "Alias": "orders", "Startup Cost": 0.0, "Total Cost": 463912.49, "Plan Rows": 14844648, "Plan Width": 16, "Filter": "((o_comment)::text !~~ '%pending%deposits%'::text), (LLVM Optimized)"}, {"Node Type": "Hash", "Parent Relationship": "Inner", "Startup Cost": 52126.0, "Total Cost": 52126.0, "Plan Rows": 1500000, "Plan Width": 8, "Plans": [{"Node Type": "Seq Scan", "Parent Relationship": "Outer", "Relation Name": "customer", "Alias": "customer", "Startup Cost": 0.0, "Total Cost": 52126.0, "Plan Rows": 1500000, "Plan Width": 8}]}]}]}]}]}]}, "Unique SQL Id": 3026328400}, "explain_analyze_plan": {"Plan": {"Node Type": "Sort", "Startup Cost": 723220.3, "Total Cost": 723220.8, "Plan Rows": 200, "Plan Width": 8, "Actual Startup Time": 34579.334, "Actual Total Time": 34579.339, "Actual Rows": 46, "Actual Loops": 1, "Sort Key": ["(count(*)) DESC", "c_orders.c_count DESC"], "Sort Method": "quicksort", "Sort Space Used": 29, "Sort Space Type": "Memory", "Plans": [{"Node Type": "Aggregate", "Strategy": "Hashed", "Parent Relationship": "Outer", "Startup Cost": 723210.66, "Total Cost": 723212.66, "Plan Rows": 200, "Plan Width": 8, "Actual Startup Time": 34579.273, "Actual Total Time": 34579.286, "Actual Rows": 46, "Actual Loops": 1, "Group By Key": ["c_orders.c_count"], "Plans": [{"Node Type": "Subquery Scan", "Parent Relationship": "Outer", "Alias": "c_orders", "Startup Cost": 685710.66, "Total Cost": 715710.66, "Plan Rows": 1500000, "Plan Width": 8, "Actual Startup Time": 33057.958, "Actual Total Time": 34158.631, "Actual Rows": 1500000, "Actual Loops": 1, "Plans": [{"Node Type": "Aggregate", "Strategy": "Hashed", "Parent Relationship": "Subquery", "Startup Cost": 685710.66, "Total Cost": 700710.66, "Plan Rows": 1500000, "Plan Width": 16, "Actual Startup Time": 33057.953, "Actual Total Time": 33892.711, "Actual Rows": 1500000, "Actual Loops": 1, "Group By Key": ["customer.c_custkey"], "Plans": [{"Node Type": "Hash Join", "Parent Relationship": "Outer", "Join Type": "Right", "Startup Cost": 70876.0, "Total Cost": 653959.08, "Plan Rows": 6350316, "Plan Width": 16, "Actual Startup Time": 1153.954, "Actual Total Time": 20827.91, "Actual Rows": 15338153, "Actual Loops": 1, "Inner Unique": true, "Hash Cond": "(orders.o_custkey = customer.c_custkey), (LLVM Optimized, Jit Execute)", "Plans": [{"Node Type": "Seq Scan", "Parent Relationship": "Outer", "Relation Name": "orders", "Alias": "orders", "Startup Cost": 0.0, "Total Cost": 463912.49, "Plan Rows": 14844648, "Plan Width": 16, "Actual Startup Time": 0.033, "Actual Total Time": 8437.356, "Actual Rows": 14838130, "Actual Loops": 1, "Filter": "((o_comment)::text !~~ '%pending%deposits%'::text), (LLVM Optimized, Jit Execute)", "Rows Removed by Filter": 161870}, {"Node Type": "Hash", "Parent Relationship": "Inner", "Startup Cost": 52126.0, "Total Cost": 52126.0, "Plan Rows": 1500000, "Plan Width": 8, "Actual Startup Time": 1152.647, "Actual Total Time": 1152.647, "Actual Rows": 1500000, "Actual Loops": 1, "Hash Buckets": 2097152, "Hash Batches": 1, "Original Hash Batches": 1, "Peak Memory Usage": 58594, "Plans": [{"Node Type": "Seq Scan", "Parent Relationship": "Outer", "Relation Name": "customer", "Alias": "customer", "Startup Cost": 0.0, "Total Cost": 52126.0, "Plan Rows": 1500000, "Plan Width": 8, "Actual Startup Time": 0.036, "Actual Total Time": 533.795, "Actual Rows": 1500000, "Actual Loops": 1}]}]}]}]}]}]}, "Triggers": [], "Planner Runtime": 0.918, "Total Runtime": 34589.144, "Unique SQL Id": 3026328400}}, "(1, 3)": {"explain_plan": {"Plan": {"Node Type": "Sort", "Startup Cost": 1000011234254.22, "Total Cost": 1000011234254.72, "Plan Rows": 200, "Plan Width": 8, "Sort Key": ["(count(*)) DESC", "c_orders.c_count DESC"], "Plans": [{"Node Type": "Aggregate", "Strategy": "Hashed", "Parent Relationship": "Outer", "Startup Cost": 1000011234244.58, "Total Cost": 1000011234246.58, "Plan Rows": 200, "Plan Width": 8, "Group By Key": ["c_orders.c_count"], "Plans": [{"Node Type": "Subquery Scan", "Parent Relationship": "Outer", "Alias": "c_orders", "Startup Cost": 10000000000.43, "Total Cost": 1000011226744.58, "Plan Rows": 1500000, "Plan Width": 8, "Plans": [{"Node Type": "Aggregate", "Strategy": "Sorted", "Parent Relationship": "Subquery", "Startup Cost": 10000000000.43, "Total Cost": 1000011211744.58, "Plan Rows": 1500000, "Plan Width": 24, "Group By Key": ["customer.c_custkey"], "Plans": [{"Node Type": "Nested Loop", "Parent Relationship": "Outer", "Join Type": "Left", "Startup Cost": 10000000000.43, "Total Cost": 1000011164993.0, "Plan Rows": 6350316, "Plan Width": 16, "Inner Unique": false, "Plans": [{"Node Type": "Index Only Scan", "Parent Relationship": "Outer", "Scan Direction": "Forward", "Index Name": "customer_pkey", "Relation Name": "customer", "Alias": "customer", "Startup Cost": 10000000000.0, "Total Cost": 1000004363625.0, "Plan Rows": 1500000, "Plan Width": 8}, {"Node Type": "Bitmap Heap Scan", "Parent Relationship": "Inner", "Relation Name": "orders", "Alias": "orders", "Startup Cost": 0.43, "Total Cost": 4.49, "Plan Rows": 4, "Plan Width": 16, "Recheck Cond": "(customer.c_custkey = o_custkey)", "Filter": "((o_comment)::text !~~ '%pending%deposits%'::text)", "Plans": [{"Node Type": "Bitmap Index Scan", "Parent Relationship": "Outer", "Index Name": "idx_orders_custkey", "Startup Cost": 0.0, "Total Cost": 0.43, "Plan Rows": 4, "Plan Width": 0, "Index Cond": "(customer.c_custkey = o_custkey)"}]}]}]}]}]}]}, "Unique SQL Id": 3026328400}, "explain_analyze_plan": {"Plan": {"Node Type": "Sort", "Startup Cost": 1000011234254.22, "Total Cost": 1000011234254.72, "Plan Rows": 200, "Plan Width": 8, "Actual Startup Time": 62555.418, "Actual Total Time": 62555.422, "Actual Rows": 46, "Actual Loops": 1, "Sort Key": ["(count(*)) DESC", "c_orders.c_count DESC"], "Sort Method": "quicksort", "Sort Space Used": 29, "Sort Space Type": "Memory", "Plans": [{"Node Type": "Aggregate", "Strategy": "Hashed", "Parent Relationship": "Outer", "Startup Cost": 1000011234244.58, "Total Cost": 1000011234246.58, "Plan Rows": 200, "Plan Width": 8, "Actual Startup Time": 62555.363, "Actual Total Time": 62555.373, "Actual Rows": 46, "Actual Loops": 1, "Group By Key": ["c_orders.c_count"], "Plans": [{"Node Type": "Subquery Scan", "Parent Relationship": "Outer", "Alias": "c_orders", "Startup Cost": 10000000000.43, "Total Cost": 1000011226744.58, "Plan Rows": 1500000, "Plan Width": 8, "Actual Startup Time": 0.177, "Actual Total Time": 61782.572, "Actual Rows": 1500000, "Actual Loops": 1, "Plans": [{"Node Type": "Aggregate", "Strategy": "Sorted", "Parent Relationship": "Subquery", "Startup Cost": 10000000000.43, "Total Cost": 1000011211744.58, "Plan Rows": 1500000, "Plan Width": 24, "Actual Startup Time": 0.176, "Actual Total Time": 61436.876, "Actual Rows": 1500000, "Actual Loops": 1, "Group By Key": ["customer.c_custkey"], "Plans": [{"Node Type": "Nested Loop", "Parent Relationship": "Outer", "Join Type": "Left", "Startup Cost": 10000000000.43, "Total Cost": 1000011164993.0, "Plan Rows": 6350316, "Plan Width": 16, "Actual Startup Time": 0.072, "Actual Total Time": 56992.363, "Actual Rows": 15338153, "Actual Loops": 1, "Inner Unique": false, "Plans": [{"Node Type": "Index Only Scan", "Parent Relationship": "Outer", "Scan Direction": "Forward", "Index Name": "customer_pkey", "Relation Name": "customer", "Alias": "customer", "Startup Cost": 10000000000.0, "Total Cost": 1000004363625.0, "Plan Rows": 1500000, "Plan Width": 8, "Actual Startup Time": 0.027, "Actual Total Time": 498.211, "Actual Rows": 1500000, "Actual Loops": 1, "Heap Fetches": 0}, {"Node Type": "Bitmap Heap Scan", "Parent Relationship": "Inner", "Relation Name": "orders", "Alias": "orders", "Startup Cost": 0.43, "Total Cost": 4.49, "Plan Rows": 4, "Plan Width": 16, "Actual Startup Time": 12057.857, "Actual Total Time": 51377.864, "Actual Rows": 14838130, "Actual Loops": 1500000, "Recheck Cond": "(customer.c_custkey = o_custkey)", "Rows Removed by Index Recheck": 0, "Filter": "((o_comment)::text !~~ '%pending%deposits%'::text)", "Rows Removed by Filter": 161870, "Exact Heap Blocks": 14999534, "Lossy Heap Blocks": 14999534, "Plans": [{"Node Type": "Bitmap Index Scan", "Parent Relationship": "Outer", "Index Name": "idx_orders_custkey", "Startup Cost": 0.0, "Total Cost": 0.43, "Plan Rows": 4, "Plan Width": 0, "Actual Startup Time": 6723.895, "Actual Total Time": 6723.895, "Actual Rows": 15000000, "Actual Loops": 1500000, "Index Cond": "(customer.c_custkey = o_custkey)"}]}]}]}]}]}]}, "Triggers": [], "Planner Runtime": 0.724, "Total Runtime": 62564.386, "Unique SQL Id": 3026328400}}, "(1, 4)": {"explain_plan": {"Plan": {"Node Type": "Sort", "Startup Cost": 723220.3, "Total Cost": 723220.8, "Plan Rows": 200, "Plan Width": 8, "Sort Key": ["(count(*)) DESC", "c_orders.c_count DESC"], "Plans": [{"Node Type": "Aggregate", "Strategy": "Hashed", "Parent Relationship": "Outer", "Startup Cost": 723210.66, "Total Cost": 723212.66, "Plan Rows": 200, "Plan Width": 8, "Group By Key": ["c_orders.c_count"], "Plans": [{"Node Type": "Subquery Scan", "Parent Relationship": "Outer", "Alias": "c_orders", "Startup Cost": 685710.66, "Total Cost": 715710.66, "Plan Rows": 1500000, "Plan Width": 8, "Plans": [{"Node Type": "Aggregate", "Strategy": "Hashed", "Parent Relationship": "Subquery", "Startup Cost": 685710.66, "Total Cost": 700710.66, "Plan Rows": 1500000, "Plan Width": 16, "Group By Key": ["customer.c_custkey"], "Plans": [{"Node Type": "Hash Join", "Parent Relationship": "Outer", "Join Type": "Right", "Startup Cost": 70876.0, "Total Cost": 653959.08, "Plan Rows": 6350316, "Plan Width": 16, "Inner Unique": true, "Hash Cond": "(orders.o_custkey = customer.c_custkey), (LLVM Optimized)", "Plans": [{"Node Type": "Seq Scan", "Parent Relationship": "Outer", "Relation Name": "orders", "Alias": "orders", "Startup Cost": 0.0, "Total Cost": 463912.49, "Plan Rows": 14844648, "Plan Width": 16, "Filter": "((o_comment)::text !~~ '%pending%deposits%'::text), (LLVM Optimized)"}, {"Node Type": "Hash", "Parent Relationship": "Inner", "Startup Cost": 52126.0, "Total Cost": 52126.0, "Plan Rows": 1500000, "Plan Width": 8, "Plans": [{"Node Type": "Seq Scan", "Parent Relationship": "Outer", "Relation Name": "customer", "Alias": "customer", "Startup Cost": 0.0, "Total Cost": 52126.0, "Plan Rows": 1500000, "Plan Width": 8}]}]}]}]}]}]}, "Unique SQL Id": 3026328400}, "explain_analyze_plan": {"Plan": {"Node Type": "Sort", "Startup Cost": 723220.3, "Total Cost": 723220.8, "Plan Rows": 200, "Plan Width": 8, "Actual Startup Time": 34579.334, "Actual Total Time": 34579.339, "Actual Rows": 46, "Actual Loops": 1, "Sort Key": ["(count(*)) DESC", "c_orders.c_count DESC"], "Sort Method": "quicksort", "Sort Space Used": 29, "Sort Space Type": "Memory", "Plans": [{"Node Type": "Aggregate", "Strategy": "Hashed", "Parent Relationship": "Outer", "Startup Cost": 723210.66, "Total Cost": 723212.66, "Plan Rows": 200, "Plan Width": 8, "Actual Startup Time": 34579.273, "Actual Total Time": 34579.286, "Actual Rows": 46, "Actual Loops": 1, "Group By Key": ["c_orders.c_count"], "Plans": [{"Node Type": "Subquery Scan", "Parent Relationship": "Outer", "Alias": "c_orders", "Startup Cost": 685710.66, "Total Cost": 715710.66, "Plan Rows": 1500000, "Plan Width": 8, "Actual Startup Time": 33057.958, "Actual Total Time": 34158.631, "Actual Rows": 1500000, "Actual Loops": 1, "Plans": [{"Node Type": "Aggregate", "Strategy": "Hashed", "Parent Relationship": "Subquery", "Startup Cost": 685710.66, "Total Cost": 700710.66, "Plan Rows": 1500000, "Plan Width": 16, "Actual Startup Time": 33057.953, "Actual Total Time": 33892.711, "Actual Rows": 1500000, "Actual Loops": 1, "Group By Key": ["customer.c_custkey"], "Plans": [{"Node Type": "Hash Join", "Parent Relationship": "Outer", "Join Type": "Right", "Startup Cost": 70876.0, "Total Cost": 653959.08, "Plan Rows": 6350316, "Plan Width": 16, "Actual Startup Time": 1153.954, "Actual Total Time": 20827.91, "Actual Rows": 15338153, "Actual Loops": 1, "Inner Unique": true, "Hash Cond": "(orders.o_custkey = customer.c_custkey), (LLVM Optimized, Jit Execute)", "Plans": [{"Node Type": "Seq Scan", "Parent Relationship": "Outer", "Relation Name": "orders", "Alias": "orders", "Startup Cost": 0.0, "Total Cost": 463912.49, "Plan Rows": 14844648, "Plan Width": 16, "Actual Startup Time": 0.033, "Actual Total Time": 8437.356, "Actual Rows": 14838130, "Actual Loops": 1, "Filter": "((o_comment)::text !~~ '%pending%deposits%'::text), (LLVM Optimized, Jit Execute)", "Rows Removed by Filter": 161870}, {"Node Type": "Hash", "Parent Relationship": "Inner", "Startup Cost": 52126.0, "Total Cost": 52126.0, "Plan Rows": 1500000, "Plan Width": 8, "Actual Startup Time": 1152.647, "Actual Total Time": 1152.647, "Actual Rows": 1500000, "Actual Loops": 1, "Hash Buckets": 2097152, "Hash Batches": 1, "Original Hash Batches": 1, "Peak Memory Usage": 58594, "Plans": [{"Node Type": "Seq Scan", "Parent Relationship": "Outer", "Relation Name": "customer", "Alias": "customer", "Startup Cost": 0.0, "Total Cost": 52126.0, "Plan Rows": 1500000, "Plan Width": 8, "Actual Startup Time": 0.036, "Actual Total Time": 533.795, "Actual Rows": 1500000, "Actual Loops": 1}]}]}]}]}]}]}, "Triggers": [], "Planner Runtime": 0.918, "Total Runtime": 34589.144, "Unique SQL Id": 3026328400}}, "(1, 5)": {"explain_plan": {"Plan": {"Node Type": "Sort", "Startup Cost": 1852351.93, "Total Cost": 1852352.43, "Plan Rows": 200, "Plan Width": 8, "Sort Key": ["(count(*)) DESC", "c_orders.c_count DESC"], "Plans": [{"Node Type": "Aggregate", "Strategy": "Hashed", "Parent Relationship": "Outer", "Startup Cost": 1852342.28, "Total Cost": 1852344.28, "Plan Rows": 200, "Plan Width": 8, "Group By Key": ["c_orders.c_count"], "Plans": [{"Node Type": "Subquery Scan", "Parent Relationship": "Outer", "Alias": "c_orders", "Startup Cost": 0.0, "Total Cost": 1844842.28, "Plan Rows": 1500000, "Plan Width": 8, "Plans": [{"Node Type": "Aggregate", "Strategy": "Sorted", "Parent Relationship": "Subquery", "Startup Cost": 0.0, "Total Cost": 1829842.28, "Plan Rows": 1500000, "Plan Width": 24, "Group By Key": ["customer.c_custkey"], "Plans": [{"Node Type": "Merge Join", "Parent Relationship": "Outer", "Join Type": "Left", "Startup Cost": 0.0, "Total Cost": 1783090.7, "Plan Rows": 6350316, "Plan Width": 16, "Inner Unique": false, "Merge Cond": "(customer.c_custkey = orders.o_custkey)", "Plans": [{"Node Type": "Index Scan", "Parent Relationship": "Outer", "Scan Direction": "Forward", "Index Name": "customer_pkey", "Relation Name": "customer", "Alias": "customer", "Startup Cost": 0.0, "Total Cost": 80765.36, "Plan Rows": 1500000, "Plan Width": 8}, {"Node Type": "Index Scan", "Parent Relationship": "Inner", "Scan Direction": "Forward", "Index Name": "idx_orders_custkey", "Relation Name": "orders", "Alias": "orders", "Startup Cost": 0.0, "Total Cost": 1598013.99, "Plan Rows": 14844648, "Plan Width": 16, "Filter": "((o_comment)::text !~~ '%pending%deposits%'::text), (LLVM Optimized)"}]}]}]}]}]}, "Unique SQL Id": 3026328400}, "explain_analyze_plan": {"Plan": {"Node Type": "Sort", "Startup Cost": 1852351.93, "Total Cost": 1852352.43, "Plan Rows": 200, "Plan Width": 8, "Actual Startup Time": 48929.354, "Actual Total Time": 48929.357, "Actual Rows": 46, "Actual Loops": 1, "Sort Key": ["(count(*)) DESC", "c_orders.c_count DESC"], "Sort Method": "quicksort", "Sort Space Used": 29, "Sort Space Type": "Memory", "Plans": [{"Node Type": "Aggregate", "Strategy": "Hashed", "Parent Relationship": "Outer", "Startup Cost": 1852342.28, "Total Cost": 1852344.28, "Plan Rows": 200, "Plan Width": 8, "Actual Startup Time": 48929.296, "Actual Total Time": 48929.305, "Actual Rows": 46, "Actual Loops": 1, "Group By Key": ["c_orders.c_count"], "Plans": [{"Node Type": "Subquery Scan", "Parent Relationship": "Outer", "Alias": "c_orders", "Startup Cost": 0.0, "Total Cost": 1844842.28, "Plan Rows": 1500000, "Plan Width": 8, "Actual Startup Time": 0.125, "Actual Total Time": 48361.113, "Actual Rows": 1500000, "Actual Loops": 1, "Plans": [{"Node Type": "Aggregate", "Strategy": "Sorted", "Parent Relationship": "Subquery", "Startup Cost": 0.0, "Total Cost": 1829842.28, "Plan Rows": 1500000, "Plan Width": 24, "Actual Startup Time": 0.124, "Actual Total Time": 48071.402, "Actual Rows": 1500000, "Actual Loops": 1, "Group By Key": ["customer.c_custkey"], "Plans": [{"Node Type": "Merge Join", "Parent Relationship": "Outer", "Join Type": "Left", "Startup Cost": 0.0, "Total Cost": 1783090.7, "Plan Rows": 6350316, "Plan Width": 16, "Actual Startup Time": 0.064, "Actual Total Time": 44016.822, "Actual Rows": 15338153, "Actual Loops": 1, "Inner Unique": false, "Merge Cond": "(customer.c_custkey = orders.o_custkey)", "Plans": [{"Node Type": "Index Scan", "Parent Relationship": "Outer", "Scan Direction": "Forward", "Index Name": "customer_pkey", "Relation Name": "customer", "Alias": "customer", "Startup Cost": 0.0, "Total Cost": 80765.36, "Plan Rows": 1500000, "Plan Width": 8, "Actual Startup Time": 0.027, "Actual Total Time": 1035.053, "Actual Rows": 1500000, "Actual Loops": 1}, {"Node Type": "Index Scan", "Parent Relationship": "Inner", "Scan Direction": "Forward", "Index Name": "idx_orders_custkey", "Relation Name": "orders", "Alias": "orders", "Startup Cost": 0.0, "Total Cost": 1598013.99, "Plan Rows": 14844648, "Plan Width": 16, "Actual Startup Time": 0.026, "Actual Total Time": 38262.505, "Actual Rows": 14838130, "Actual Loops": 1, "Filter": "((o_comment)::text !~~ '%pending%deposits%'::text), (LLVM Optimized, Jit Execute)", "Rows Removed by Filter": 161870}]}]}]}]}]}, "Triggers": [], "Planner Runtime": 0.71, "Total Runtime": 48938.448, "Unique SQL Id": 3026328400}}, "(1, 6)": {"explain_plan": {"Plan": {"Node Type": "Sort", "Startup Cost": 723220.3, "Total Cost": 723220.8, "Plan Rows": 200, "Plan Width": 8, "Sort Key": ["(count(*)) DESC", "c_orders.c_count DESC"], "Plans": [{"Node Type": "Aggregate", "Strategy": "Hashed", "Parent Relationship": "Outer", "Startup Cost": 723210.66, "Total Cost": 723212.66, "Plan Rows": 200, "Plan Width": 8, "Group By Key": ["c_orders.c_count"], "Plans": [{"Node Type": "Subquery Scan", "Parent Relationship": "Outer", "Alias": "c_orders", "Startup Cost": 685710.66, "Total Cost": 715710.66, "Plan Rows": 1500000, "Plan Width": 8, "Plans": [{"Node Type": "Aggregate", "Strategy": "Hashed", "Parent Relationship": "Subquery", "Startup Cost": 685710.66, "Total Cost": 700710.66, "Plan Rows": 1500000, "Plan Width": 16, "Group By Key": ["customer.c_custkey"], "Plans": [{"Node Type": "Hash Join", "Parent Relationship": "Outer", "Join Type": "Right", "Startup Cost": 70876.0, "Total Cost": 653959.08, "Plan Rows": 6350316, "Plan Width": 16, "Inner Unique": true, "Hash Cond": "(orders.o_custkey = customer.c_custkey), (LLVM Optimized)", "Plans": [{"Node Type": "Seq Scan", "Parent Relationship": "Outer", "Relation Name": "orders", "Alias": "orders", "Startup Cost": 0.0, "Total Cost": 463912.49, "Plan Rows": 14844648, "Plan Width": 16, "Filter": "((o_comment)::text !~~ '%pending%deposits%'::text), (LLVM Optimized)"}, {"Node Type": "Hash", "Parent Relationship": "Inner", "Startup Cost": 52126.0, "Total Cost": 52126.0, "Plan Rows": 1500000, "Plan Width": 8, "Plans": [{"Node Type": "Seq Scan", "Parent Relationship": "Outer", "Relation Name": "customer", "Alias": "customer", "Startup Cost": 0.0, "Total Cost": 52126.0, "Plan Rows": 1500000, "Plan Width": 8}]}]}]}]}]}]}, "Unique SQL Id": 3026328400}, "explain_analyze_plan": {"Plan": {"Node Type": "Sort", "Startup Cost": 723220.3, "Total Cost": 723220.8, "Plan Rows": 200, "Plan Width": 8, "Actual Startup Time": 34579.334, "Actual Total Time": 34579.339, "Actual Rows": 46, "Actual Loops": 1, "Sort Key": ["(count(*)) DESC", "c_orders.c_count DESC"], "Sort Method": "quicksort", "Sort Space Used": 29, "Sort Space Type": "Memory", "Plans": [{"Node Type": "Aggregate", "Strategy": "Hashed", "Parent Relationship": "Outer", "Startup Cost": 723210.66, "Total Cost": 723212.66, "Plan Rows": 200, "Plan Width": 8, "Actual Startup Time": 34579.273, "Actual Total Time": 34579.286, "Actual Rows": 46, "Actual Loops": 1, "Group By Key": ["c_orders.c_count"], "Plans": [{"Node Type": "Subquery Scan", "Parent Relationship": "Outer", "Alias": "c_orders", "Startup Cost": 685710.66, "Total Cost": 715710.66, "Plan Rows": 1500000, "Plan Width": 8, "Actual Startup Time": 33057.958, "Actual Total Time": 34158.631, "Actual Rows": 1500000, "Actual Loops": 1, "Plans": [{"Node Type": "Aggregate", "Strategy": "Hashed", "Parent Relationship": "Subquery", "Startup Cost": 685710.66, "Total Cost": 700710.66, "Plan Rows": 1500000, "Plan Width": 16, "Actual Startup Time": 33057.953, "Actual Total Time": 33892.711, "Actual Rows": 1500000, "Actual Loops": 1, "Group By Key": ["customer.c_custkey"], "Plans": [{"Node Type": "Hash Join", "Parent Relationship": "Outer", "Join Type": "Right", "Startup Cost": 70876.0, "Total Cost": 653959.08, "Plan Rows": 6350316, "Plan Width": 16, "Actual Startup Time": 1153.954, "Actual Total Time": 20827.91, "Actual Rows": 15338153, "Actual Loops": 1, "Inner Unique": true, "Hash Cond": "(orders.o_custkey = customer.c_custkey), (LLVM Optimized, Jit Execute)", "Plans": [{"Node Type": "Seq Scan", "Parent Relationship": "Outer", "Relation Name": "orders", "Alias": "orders", "Startup Cost": 0.0, "Total Cost": 463912.49, "Plan Rows": 14844648, "Plan Width": 16, "Actual Startup Time": 0.033, "Actual Total Time": 8437.356, "Actual Rows": 14838130, "Actual Loops": 1, "Filter": "((o_comment)::text !~~ '%pending%deposits%'::text), (LLVM Optimized, Jit Execute)", "Rows Removed by Filter": 161870}, {"Node Type": "Hash", "Parent Relationship": "Inner", "Startup Cost": 52126.0, "Total Cost": 52126.0, "Plan Rows": 1500000, "Plan Width": 8, "Actual Startup Time": 1152.647, "Actual Total Time": 1152.647, "Actual Rows": 1500000, "Actual Loops": 1, "Hash Buckets": 2097152, "Hash Batches": 1, "Original Hash Batches": 1, "Peak Memory Usage": 58594, "Plans": [{"Node Type": "Seq Scan", "Parent Relationship": "Outer", "Relation Name": "customer", "Alias": "customer", "Startup Cost": 0.0, "Total Cost": 52126.0, "Plan Rows": 1500000, "Plan Width": 8, "Actual Startup Time": 0.036, "Actual Total Time": 533.795, "Actual Rows": 1500000, "Actual Loops": 1}]}]}]}]}]}]}, "Triggers": [], "Planner Runtime": 0.918, "Total Runtime": 34589.144, "Unique SQL Id": 3026328400}}, "(1, 7)": {"explain_plan": {"Plan": {"Node Type": "Sort", "Startup Cost": 1000014947164.85, "Total Cost": 1000014947165.35, "Plan Rows": 200, "Plan Width": 8, "Sort Key": ["(count(*)) DESC", "c_orders.c_count DESC"], "Plans": [{"Node Type": "Aggregate", "Strategy": "Hashed", "Parent Relationship": "Outer", "Startup Cost": 1000014947155.2, "Total Cost": 1000014947157.2, "Plan Rows": 200, "Plan Width": 8, "Group By Key": ["c_orders.c_count"], "Plans": [{"Node Type": "Subquery Scan", "Parent Relationship": "Outer", "Alias": "c_orders", "Startup Cost": 10000000000.43, "Total Cost": 1000014939655.2, "Plan Rows": 1500000, "Plan Width": 8, "Plans": [{"Node Type": "Aggregate", "Strategy": "Sorted", "Parent Relationship": "Subquery", "Startup Cost": 10000000000.43, "Total Cost": 1000014924655.2, "Plan Rows": 1500000, "Plan Width": 24, "Group By Key": ["customer.c_custkey"], "Plans": [{"Node Type": "Nested Loop", "Parent Relationship": "Outer", "Join Type": "Left", "Startup Cost": 10000000000.43, "Total Cost": 1000014877903.62, "Plan Rows": 6350316, "Plan Width": 16, "Inner Unique": false, "Plans": [{"Node Type": "Index Scan", "Parent Relationship": "Outer", "Scan Direction": "Forward", "Index Name": "customer_pkey", "Relation Name": "customer", "Alias": "customer", "Startup Cost": 10000000000.0, "Total Cost": 1000008076535.62, "Plan Rows": 1500000, "Plan Width": 8}, {"Node Type": "Bitmap Heap Scan", "Parent Relationship": "Inner", "Relation Name": "orders", "Alias": "orders", "Startup Cost": 0.43, "Total Cost": 4.49, "Plan Rows": 4, "Plan Width": 16, "Recheck Cond": "(customer.c_custkey = o_custkey)", "Filter": "((o_comment)::text !~~ '%pending%deposits%'::text)", "Plans": [{"Node Type": "Bitmap Index Scan", "Parent Relationship": "Outer", "Index Name": "idx_orders_custkey", "Startup Cost": 0.0, "Total Cost": 0.43, "Plan Rows": 4, "Plan Width": 0, "Index Cond": "(customer.c_custkey = o_custkey)"}]}]}]}]}]}]}, "Unique SQL Id": 3026328400}, "explain_analyze_plan": null}, "(1, 8)": {"explain_plan": {"Plan": {"Node Type": "Sort", "Startup Cost": 714730.55, "Total Cost": 714731.05, "Plan Rows": 200, "Plan Width": 8, "Sort Key": ["(count(*)) DESC", "c_orders.c_count DESC"], "Plans": [{"Node Type": "Aggregate", "Strategy": "Hashed", "Parent Relationship": "Outer", "Startup Cost": 714720.91, "Total Cost": 714722.91, "Plan Rows": 200, "Plan Width": 8, "Group By Key": ["c_orders.c_count"], "Plans": [{"Node Type": "Subquery Scan", "Parent Relationship": "Outer", "Alias": "c_orders", "Startup Cost": 677220.91, "Total Cost": 707220.91, "Plan Rows": 1500000, "Plan Width": 8, "Plans": [{"Node Type": "Aggregate", "Strategy": "Hashed", "Parent Relationship": "Subquery", "Startup Cost": 677220.91, "Total Cost": 692220.91, "Plan Rows": 1500000, "Plan Width": 16, "Group By Key": ["customer.c_custkey"], "Plans": [{"Node Type": "Hash Join", "Parent Relationship": "Outer", "Join Type": "Right", "Startup Cost": 62386.25, "Total Cost": 645469.33, "Plan Rows": 6350316, "Plan Width": 16, "Inner Unique": true, "Hash Cond": "(orders.o_custkey = customer.c_custkey), (LLVM Optimized)", "Plans": [{"Node Type": "Seq Scan", "Parent Relationship": "Outer", "Relation Name": "orders", "Alias": "orders", "Startup Cost": 0.0, "Total Cost": 463912.49, "Plan Rows": 14844648, "Plan Width": 16, "Filter": "((o_comment)::text !~~ '%pending%deposits%'::text), (LLVM Optimized)"}, {"Node Type": "Hash", "Parent Relationship": "Inner", "Startup Cost": 43636.25, "Total Cost": 43636.25, "Plan Rows": 1500000, "Plan Width": 8, "Plans": [{"Node Type": "Index Only Scan", "Parent Relationship": "Outer", "Scan Direction": "Forward", "Index Name": "customer_pkey", "Relation Name": "customer", "Alias": "customer", "Startup Cost": 0.0, "Total Cost": 43636.25, "Plan Rows": 1500000, "Plan Width": 8}]}]}]}]}]}]}, "Unique SQL Id": 3026328400}, "explain_analyze_plan": {"Plan": {"Node Type": "Sort", "Startup Cost": 714730.55, "Total Cost": 714731.05, "Plan Rows": 200, "Plan Width": 8, "Actual Startup Time": 33710.374, "Actual Total Time": 33710.377, "Actual Rows": 46, "Actual Loops": 1, "Sort Key": ["(count(*)) DESC", "c_orders.c_count DESC"], "Sort Method": "quicksort", "Sort Space Used": 29, "Sort Space Type": "Memory", "Plans": [{"Node Type": "Aggregate", "Strategy": "Hashed", "Parent Relationship": "Outer", "Startup Cost": 714720.91, "Total Cost": 714722.91, "Plan Rows": 200, "Plan Width": 8, "Actual Startup Time": 33710.313, "Actual Total Time": 33710.324, "Actual Rows": 46, "Actual Loops": 1, "Group By Key": ["c_orders.c_count"], "Plans": [{"Node Type": "Subquery Scan", "Parent Relationship": "Outer", "Alias": "c_orders", "Startup Cost": 677220.91, "Total Cost": 707220.91, "Plan Rows": 1500000, "Plan Width": 8, "Actual Startup Time": 32424.744, "Actual Total Time": 33291.179, "Actual Rows": 1500000, "Actual Loops": 1, "Plans": [{"Node Type": "Aggregate", "Strategy": "Hashed", "Parent Relationship": "Subquery", "Startup Cost": 677220.91, "Total Cost": 692220.91, "Plan Rows": 1500000, "Plan Width": 16, "Actual Startup Time": 32424.74, "Actual Total Time": 33024.659, "Actual Rows": 1500000, "Actual Loops": 1, "Group By Key": ["customer.c_custkey"], "Plans": [{"Node Type": "Hash Join", "Parent Relationship": "Outer", "Join Type": "Right", "Startup Cost": 62386.25, "Total Cost": 645469.33, "Plan Rows": 6350316, "Plan Width": 16, "Actual Startup Time": 792.611, "Actual Total Time": 20268.505, "Actual Rows": 15338153, "Actual Loops": 1, "Inner Unique": true, "Hash Cond": "(orders.o_custkey = customer.c_custkey), (LLVM Optimized, Jit Execute)", "Plans": [{"Node Type": "Seq Scan", "Parent Relationship": "Outer", "Relation Name": "orders", "Alias": "orders", "Startup Cost": 0.0, "Total Cost": 463912.49, "Plan Rows": 14844648, "Plan Width": 16, "Actual Startup Time": 0.037, "Actual Total Time": 8396.151, "Actual Rows": 14838130, "Actual Loops": 1, "Filter": "((o_comment)::text !~~ '%pending%deposits%'::text), (LLVM Optimized, Jit Execute)", "Rows Removed by Filter": 161870}, {"Node Type": "Hash", "Parent Relationship": "Inner", "Startup Cost": 43636.25, "Total Cost": 43636.25, "Plan Rows": 1500000, "Plan Width": 8, "Actual Startup Time": 791.151, "Actual Total Time": 791.151, "Actual Rows": 1500000, "Actual Loops": 1, "Hash Buckets": 2097152, "Hash Batches": 1, "Original Hash Batches": 1, "Peak Memory Usage": 58594, "Plans": [{"Node Type": "Index Only Scan", "Parent Relationship": "Outer", "Scan Direction": "Forward", "Index Name": "customer_pkey", "Relation Name": "customer", "Alias": "customer", "Startup Cost": 0.0, "Total Cost": 43636.25, "Plan Rows": 1500000, "Plan Width": 8, "Actual Startup Time": 0.038, "Actual Total Time": 361.175, "Actual Rows": 1500000, "Actual Loops": 1, "Heap Fetches": 0}]}]}]}]}]}]}, "Triggers": [], "Planner Runtime": 0.742, "Total Runtime": 33719.708, "Unique SQL Id": 3026328400}}, "(1, 9)": {"explain_plan": {"Plan": {"Node Type": "Sort", "Startup Cost": 1815222.82, "Total Cost": 1815223.32, "Plan Rows": 200, "Plan Width": 8, "Sort Key": ["(count(*)) DESC", "c_orders.c_count DESC"], "Plans": [{"Node Type": "Aggregate", "Strategy": "Hashed", "Parent Relationship": "Outer", "Startup Cost": 1815213.18, "Total Cost": 1815215.18, "Plan Rows": 200, "Plan Width": 8, "Group By Key": ["c_orders.c_count"], "Plans": [{"Node Type": "Subquery Scan", "Parent Relationship": "Outer", "Alias": "c_orders", "Startup Cost": 0.0, "Total Cost": 1807713.18, "Plan Rows": 1500000, "Plan Width": 8, "Plans": [{"Node Type": "Aggregate", "Strategy": "Sorted", "Parent Relationship": "Subquery", "Startup Cost": 0.0, "Total Cost": 1792713.18, "Plan Rows": 1500000, "Plan Width": 24, "Group By Key": ["customer.c_custkey"], "Plans": [{"Node Type": "Merge Join", "Parent Relationship": "Outer", "Join Type": "Left", "Startup Cost": 0.0, "Total Cost": 1745961.6, "Plan Rows": 6350316, "Plan Width": 16, "Inner Unique": false, "Merge Cond": "(customer.c_custkey = orders.o_custkey)", "Plans": [{"Node Type": "Index Only Scan", "Parent Relationship": "Outer", "Scan Direction": "Forward", "Index Name": "customer_pkey", "Relation Name": "customer", "Alias": "customer", "Startup Cost": 0.0, "Total Cost": 43636.25, "Plan Rows": 1500000, "Plan Width": 8}, {"Node Type": "Index Scan", "Parent Relationship": "Inner", "Scan Direction": "Forward", "Index Name": "idx_orders_custkey", "Relation Name": "orders", "Alias": "orders", "Startup Cost": 0.0, "Total Cost": 1598013.99, "Plan Rows": 14844648, "Plan Width": 16, "Filter": "((o_comment)::text !~~ '%pending%deposits%'::text), (LLVM Optimized)"}]}]}]}]}]}, "Unique SQL Id": 3026328400}, "explain_analyze_plan": {"Plan": {"Node Type": "Sort", "Startup Cost": 1815222.82, "Total Cost": 1815223.32, "Plan Rows": 200, "Plan Width": 8, "Actual Startup Time": 49456.672, "Actual Total Time": 49456.675, "Actual Rows": 46, "Actual Loops": 1, "Sort Key": ["(count(*)) DESC", "c_orders.c_count DESC"], "Sort Method": "quicksort", "Sort Space Used": 29, "Sort Space Type": "Memory", "Plans": [{"Node Type": "Aggregate", "Strategy": "Hashed", "Parent Relationship": "Outer", "Startup Cost": 1815213.18, "Total Cost": 1815215.18, "Plan Rows": 200, "Plan Width": 8, "Actual Startup Time": 49456.615, "Actual Total Time": 49456.628, "Actual Rows": 46, "Actual Loops": 1, "Group By Key": ["c_orders.c_count"], "Plans": [{"Node Type": "Subquery Scan", "Parent Relationship": "Outer", "Alias": "c_orders", "Startup Cost": 0.0, "Total Cost": 1807713.18, "Plan Rows": 1500000, "Plan Width": 8, "Actual Startup Time": 0.146, "Actual Total Time": 48893.237, "Actual Rows": 1500000, "Actual Loops": 1, "Plans": [{"Node Type": "Aggregate", "Strategy": "Sorted", "Parent Relationship": "Subquery", "Startup Cost": 0.0, "Total Cost": 1792713.18, "Plan Rows": 1500000, "Plan Width": 24, "Actual Startup Time": 0.146, "Actual Total Time": 48595.012, "Actual Rows": 1500000, "Actual Loops": 1, "Group By Key": ["customer.c_custkey"], "Plans": [{"Node Type": "Merge Join", "Parent Relationship": "Outer", "Join Type": "Left", "Startup Cost": 0.0, "Total Cost": 1745961.6, "Plan Rows": 6350316, "Plan Width": 16, "Actual Startup Time": 0.073, "Actual Total Time": 44566.394, "Actual Rows": 15338153, "Actual Loops": 1, "Inner Unique": false, "Merge Cond": "(customer.c_custkey = orders.o_custkey)", "Plans": [{"Node Type": "Index Only Scan", "Parent Relationship": "Outer", "Scan Direction": "Forward", "Index Name": "customer_pkey", "Relation Name": "customer", "Alias": "customer", "Startup Cost": 0.0, "Total Cost": 43636.25, "Plan Rows": 1500000, "Plan Width": 8, "Actual Startup Time": 0.029, "Actual Total Time": 420.485, "Actual Rows": 1500000, "Actual Loops": 1, "Heap Fetches": 0}, {"Node Type": "Index Scan", "Parent Relationship": "Inner", "Scan Direction": "Forward", "Index Name": "idx_orders_custkey", "Relation Name": "orders", "Alias": "orders", "Startup Cost": 0.0, "Total Cost": 1598013.99, "Plan Rows": 14844648, "Plan Width": 16, "Actual Startup Time": 0.033, "Actual Total Time": 39523.673, "Actual Rows": 14838130, "Actual Loops": 1, "Filter": "((o_comment)::text !~~ '%pending%deposits%'::text), (LLVM Optimized, Jit Execute)", "Rows Removed by Filter": 161870}]}]}]}]}]}, "Triggers": [], "Planner Runtime": 0.791, "Total Runtime": 49465.812, "Unique SQL Id": 3026328400}}, "(1, 10)": {"explain_plan": {"Plan": {"Node Type": "Sort", "Startup Cost": 723220.3, "Total Cost": 723220.8, "Plan Rows": 200, "Plan Width": 8, "Sort Key": ["(count(*)) DESC", "c_orders.c_count DESC"], "Plans": [{"Node Type": "Aggregate", "Strategy": "Hashed", "Parent Relationship": "Outer", "Startup Cost": 723210.66, "Total Cost": 723212.66, "Plan Rows": 200, "Plan Width": 8, "Group By Key": ["c_orders.c_count"], "Plans": [{"Node Type": "Subquery Scan", "Parent Relationship": "Outer", "Alias": "c_orders", "Startup Cost": 685710.66, "Total Cost": 715710.66, "Plan Rows": 1500000, "Plan Width": 8, "Plans": [{"Node Type": "Aggregate", "Strategy": "Hashed", "Parent Relationship": "Subquery", "Startup Cost": 685710.66, "Total Cost": 700710.66, "Plan Rows": 1500000, "Plan Width": 16, "Group By Key": ["customer.c_custkey"], "Plans": [{"Node Type": "Hash Join", "Parent Relationship": "Outer", "Join Type": "Right", "Startup Cost": 70876.0, "Total Cost": 653959.08, "Plan Rows": 6350316, "Plan Width": 16, "Inner Unique": true, "Hash Cond": "(orders.o_custkey = customer.c_custkey), (LLVM Optimized)", "Plans": [{"Node Type": "Seq Scan", "Parent Relationship": "Outer", "Relation Name": "orders", "Alias": "orders", "Startup Cost": 0.0, "Total Cost": 463912.49, "Plan Rows": 14844648, "Plan Width": 16, "Filter": "((o_comment)::text !~~ '%pending%deposits%'::text), (LLVM Optimized)"}, {"Node Type": "Hash", "Parent Relationship": "Inner", "Startup Cost": 52126.0, "Total Cost": 52126.0, "Plan Rows": 1500000, "Plan Width": 8, "Plans": [{"Node Type": "Seq Scan", "Parent Relationship": "Outer", "Relation Name": "customer", "Alias": "customer", "Startup Cost": 0.0, "Total Cost": 52126.0, "Plan Rows": 1500000, "Plan Width": 8}]}]}]}]}]}]}, "Unique SQL Id": 3026328400}, "explain_analyze_plan": {"Plan": {"Node Type": "Sort", "Startup Cost": 723220.3, "Total Cost": 723220.8, "Plan Rows": 200, "Plan Width": 8, "Actual Startup Time": 34579.334, "Actual Total Time": 34579.339, "Actual Rows": 46, "Actual Loops": 1, "Sort Key": ["(count(*)) DESC", "c_orders.c_count DESC"], "Sort Method": "quicksort", "Sort Space Used": 29, "Sort Space Type": "Memory", "Plans": [{"Node Type": "Aggregate", "Strategy": "Hashed", "Parent Relationship": "Outer", "Startup Cost": 723210.66, "Total Cost": 723212.66, "Plan Rows": 200, "Plan Width": 8, "Actual Startup Time": 34579.273, "Actual Total Time": 34579.286, "Actual Rows": 46, "Actual Loops": 1, "Group By Key": ["c_orders.c_count"], "Plans": [{"Node Type": "Subquery Scan", "Parent Relationship": "Outer", "Alias": "c_orders", "Startup Cost": 685710.66, "Total Cost": 715710.66, "Plan Rows": 1500000, "Plan Width": 8, "Actual Startup Time": 33057.958, "Actual Total Time": 34158.631, "Actual Rows": 1500000, "Actual Loops": 1, "Plans": [{"Node Type": "Aggregate", "Strategy": "Hashed", "Parent Relationship": "Subquery", "Startup Cost": 685710.66, "Total Cost": 700710.66, "Plan Rows": 1500000, "Plan Width": 16, "Actual Startup Time": 33057.953, "Actual Total Time": 33892.711, "Actual Rows": 1500000, "Actual Loops": 1, "Group By Key": ["customer.c_custkey"], "Plans": [{"Node Type": "Hash Join", "Parent Relationship": "Outer", "Join Type": "Right", "Startup Cost": 70876.0, "Total Cost": 653959.08, "Plan Rows": 6350316, "Plan Width": 16, "Actual Startup Time": 1153.954, "Actual Total Time": 20827.91, "Actual Rows": 15338153, "Actual Loops": 1, "Inner Unique": true, "Hash Cond": "(orders.o_custkey = customer.c_custkey), (LLVM Optimized, Jit Execute)", "Plans": [{"Node Type": "Seq Scan", "Parent Relationship": "Outer", "Relation Name": "orders", "Alias": "orders", "Startup Cost": 0.0, "Total Cost": 463912.49, "Plan Rows": 14844648, "Plan Width": 16, "Actual Startup Time": 0.033, "Actual Total Time": 8437.356, "Actual Rows": 14838130, "Actual Loops": 1, "Filter": "((o_comment)::text !~~ '%pending%deposits%'::text), (LLVM Optimized, Jit Execute)", "Rows Removed by Filter": 161870}, {"Node Type": "Hash", "Parent Relationship": "Inner", "Startup Cost": 52126.0, "Total Cost": 52126.0, "Plan Rows": 1500000, "Plan Width": 8, "Actual Startup Time": 1152.647, "Actual Total Time": 1152.647, "Actual Rows": 1500000, "Actual Loops": 1, "Hash Buckets": 2097152, "Hash Batches": 1, "Original Hash Batches": 1, "Peak Memory Usage": 58594, "Plans": [{"Node Type": "Seq Scan", "Parent Relationship": "Outer", "Relation Name": "customer", "Alias": "customer", "Startup Cost": 0.0, "Total Cost": 52126.0, "Plan Rows": 1500000, "Plan Width": 8, "Actual Startup Time": 0.036, "Actual Total Time": 533.795, "Actual Rows": 1500000, "Actual Loops": 1}]}]}]}]}]}]}, "Triggers": [], "Planner Runtime": 0.918, "Total Runtime": 34589.144, "Unique SQL Id": 3026328400}}, "(1, 11)": {"explain_plan": {"Plan": {"Node Type": "Sort", "Startup Cost": 2000131988437.04, "Total Cost": 2000131988437.54, "Plan Rows": 200, "Plan Width": 8, "Sort Key": ["(count(*)) DESC", "c_orders.c_count DESC"], "Plans": [{"Node Type": "Aggregate", "Strategy": "Hashed", "Parent Relationship": "Outer", "Startup Cost": 2000131988427.4, "Total Cost": 2000131988429.4, "Plan Rows": 200, "Plan Width": 8, "Group By Key": ["c_orders.c_count"], "Plans": [{"Node Type": "Subquery Scan", "Parent Relationship": "Outer", "Alias": "c_orders", "Startup Cost": 20000000000.0, "Total Cost": 2000131980927.4, "Plan Rows": 1500000, "Plan Width": 8, "Plans": [{"Node Type": "Aggregate", "Strategy": "Sorted", "Parent Relationship": "Subquery", "Startup Cost": 20000000000.0, "Total Cost": 2000131965927.4, "Plan Rows": 1500000, "Plan Width": 24, "Group By Key": ["customer.c_custkey"], "Plans": [{"Node Type": "Merge Join", "Parent Relationship": "Outer", "Join Type": "Left", "Startup Cost": 20000000000.0, "Total Cost": 2000131919175.82, "Plan Rows": 6350316, "Plan Width": 16, "Inner Unique": false, "Merge Cond": "(customer.c_custkey = orders.o_custkey)", "Plans": [{"Node Type": "Index Only Scan", "Parent Relationship": "Outer", "Scan Direction": "Forward", "Index Name": "customer_pkey", "Relation Name": "customer", "Alias": "customer", "Startup Cost": 10000000000.0, "Total Cost": 1000004363625.0, "Plan Rows": 1500000, "Plan Width": 8}, {"Node Type": "Index Scan", "Parent Relationship": "Inner", "Scan Direction": "Forward", "Index Name": "idx_orders_custkey", "Relation Name": "orders", "Alias": "orders", "Startup Cost": 10000000000.0, "Total Cost": 1000159801398.83, "Plan Rows": 14844648, "Plan Width": 16, "Filter": "((o_comment)::text !~~ '%pending%deposits%'::text), (LLVM Optimized)"}]}]}]}]}]}, "Unique SQL Id": 3026328400}, "explain_analyze_plan": {"Plan": {"Node Type": "Sort", "Startup Cost": 2000131988437.04, "Total Cost": 2000131988437.54, "Plan Rows": 200, "Plan Width": 8, "Actual Startup Time": 47785.555, "Actual Total Time": 47785.559, "Actual Rows": 46, "Actual Loops": 1, "Sort Key": ["(count(*)) DESC", "c_orders.c_count DESC"], "Sort Method": "quicksort", "Sort Space Used": 29, "Sort Space Type": "Memory", "Plans": [{"Node Type": "Aggregate", "Strategy": "Hashed", "Parent Relationship": "Outer", "Startup Cost": 2000131988427.4, "Total Cost": 2000131988429.4, "Plan Rows": 200, "Plan Width": 8, "Actual Startup Time": 47785.489, "Actual Total Time": 47785.504, "Actual Rows": 46, "Actual Loops": 1, "Group By Key": ["c_orders.c_count"], "Plans": [{"Node Type": "Subquery Scan", "Parent Relationship": "Outer", "Alias": "c_orders", "Startup Cost": 20000000000.0, "Total Cost": 2000131980927.4, "Plan Rows": 1500000, "Plan Width": 8, "Actual Startup Time": 0.141, "Actual Total Time": 47223.613, "Actual Rows": 1500000, "Actual Loops": 1, "Plans": [{"Node Type": "Aggregate", "Strategy": "Sorted", "Parent Relationship": "Subquery", "Startup Cost": 20000000000.0, "Total Cost": 2000131965927.4, "Plan Rows": 1500000, "Plan Width": 24, "Actual Startup Time": 0.139, "Actual Total Time": 46925.32, "Actual Rows": 1500000, "Actual Loops": 1, "Group By Key": ["customer.c_custkey"], "Plans": [{"Node Type": "Merge Join", "Parent Relationship": "Outer", "Join Type": "Left", "Startup Cost": 20000000000.0, "Total Cost": 2000131919175.82, "Plan Rows": 6350316, "Plan Width": 16, "Actual Startup Time": 0.069, "Actual Total Time": 42907.445, "Actual Rows": 15338153, "Actual Loops": 1, "Inner Unique": false, "Merge Cond": "(customer.c_custkey = orders.o_custkey)", "Plans": [{"Node Type": "Index Only Scan", "Parent Relationship": "Outer", "Scan Direction": "Forward", "Index Name": "customer_pkey", "Relation Name": "customer", "Alias": "customer", "Startup Cost": 10000000000.0, "Total Cost": 1000004363625.0, "Plan Rows": 1500000, "Plan Width": 8, "Actual Startup Time": 0.027, "Actual Total Time": 402.119, "Actual Rows": 1500000, "Actual Loops": 1, "Heap Fetches": 0}, {"Node Type": "Index Scan", "Parent Relationship": "Inner", "Scan Direction": "Forward", "Index Name": "idx_orders_custkey", "Relation Name": "orders", "Alias": "orders", "Startup Cost": 10000000000.0, "Total Cost": 1000159801398.83, "Plan Rows": 14844648, "Plan Width": 16, "Actual Startup Time": 0.03, "Actual Total Time": 37892.011, "Actual Rows": 14838130, "Actual Loops": 1, "Filter": "((o_comment)::text !~~ '%pending%deposits%'::text), (LLVM Optimized, Jit Execute)", "Rows Removed by Filter": 161870}]}]}]}]}]}, "Triggers": [], "Planner Runtime": 0.742, "Total Runtime": 47794.697, "Unique SQL Id": 3026328400}}, "(1, 12)": {"explain_plan": {"Plan": {"Node Type": "Sort", "Startup Cost": 723220.3, "Total Cost": 723220.8, "Plan Rows": 200, "Plan Width": 8, "Sort Key": ["(count(*)) DESC", "c_orders.c_count DESC"], "Plans": [{"Node Type": "Aggregate", "Strategy": "Hashed", "Parent Relationship": "Outer", "Startup Cost": 723210.66, "Total Cost": 723212.66, "Plan Rows": 200, "Plan Width": 8, "Group By Key": ["c_orders.c_count"], "Plans": [{"Node Type": "Subquery Scan", "Parent Relationship": "Outer", "Alias": "c_orders", "Startup Cost": 685710.66, "Total Cost": 715710.66, "Plan Rows": 1500000, "Plan Width": 8, "Plans": [{"Node Type": "Aggregate", "Strategy": "Hashed", "Parent Relationship": "Subquery", "Startup Cost": 685710.66, "Total Cost": 700710.66, "Plan Rows": 1500000, "Plan Width": 16, "Group By Key": ["customer.c_custkey"], "Plans": [{"Node Type": "Hash Join", "Parent Relationship": "Outer", "Join Type": "Right", "Startup Cost": 70876.0, "Total Cost": 653959.08, "Plan Rows": 6350316, "Plan Width": 16, "Inner Unique": true, "Hash Cond": "(orders.o_custkey = customer.c_custkey), (LLVM Optimized)", "Plans": [{"Node Type": "Seq Scan", "Parent Relationship": "Outer", "Relation Name": "orders", "Alias": "orders", "Startup Cost": 0.0, "Total Cost": 463912.49, "Plan Rows": 14844648, "Plan Width": 16, "Filter": "((o_comment)::text !~~ '%pending%deposits%'::text), (LLVM Optimized)"}, {"Node Type": "Hash", "Parent Relationship": "Inner", "Startup Cost": 52126.0, "Total Cost": 52126.0, "Plan Rows": 1500000, "Plan Width": 8, "Plans": [{"Node Type": "Seq Scan", "Parent Relationship": "Outer", "Relation Name": "customer", "Alias": "customer", "Startup Cost": 0.0, "Total Cost": 52126.0, "Plan Rows": 1500000, "Plan Width": 8}]}]}]}]}]}]}, "Unique SQL Id": 3026328400}, "explain_analyze_plan": {"Plan": {"Node Type": "Sort", "Startup Cost": 723220.3, "Total Cost": 723220.8, "Plan Rows": 200, "Plan Width": 8, "Actual Startup Time": 34579.334, "Actual Total Time": 34579.339, "Actual Rows": 46, "Actual Loops": 1, "Sort Key": ["(count(*)) DESC", "c_orders.c_count DESC"], "Sort Method": "quicksort", "Sort Space Used": 29, "Sort Space Type": "Memory", "Plans": [{"Node Type": "Aggregate", "Strategy": "Hashed", "Parent Relationship": "Outer", "Startup Cost": 723210.66, "Total Cost": 723212.66, "Plan Rows": 200, "Plan Width": 8, "Actual Startup Time": 34579.273, "Actual Total Time": 34579.286, "Actual Rows": 46, "Actual Loops": 1, "Group By Key": ["c_orders.c_count"], "Plans": [{"Node Type": "Subquery Scan", "Parent Relationship": "Outer", "Alias": "c_orders", "Startup Cost": 685710.66, "Total Cost": 715710.66, "Plan Rows": 1500000, "Plan Width": 8, "Actual Startup Time": 33057.958, "Actual Total Time": 34158.631, "Actual Rows": 1500000, "Actual Loops": 1, "Plans": [{"Node Type": "Aggregate", "Strategy": "Hashed", "Parent Relationship": "Subquery", "Startup Cost": 685710.66, "Total Cost": 700710.66, "Plan Rows": 1500000, "Plan Width": 16, "Actual Startup Time": 33057.953, "Actual Total Time": 33892.711, "Actual Rows": 1500000, "Actual Loops": 1, "Group By Key": ["customer.c_custkey"], "Plans": [{"Node Type": "Hash Join", "Parent Relationship": "Outer", "Join Type": "Right", "Startup Cost": 70876.0, "Total Cost": 653959.08, "Plan Rows": 6350316, "Plan Width": 16, "Actual Startup Time": 1153.954, "Actual Total Time": 20827.91, "Actual Rows": 15338153, "Actual Loops": 1, "Inner Unique": true, "Hash Cond": "(orders.o_custkey = customer.c_custkey), (LLVM Optimized, Jit Execute)", "Plans": [{"Node Type": "Seq Scan", "Parent Relationship": "Outer", "Relation Name": "orders", "Alias": "orders", "Startup Cost": 0.0, "Total Cost": 463912.49, "Plan Rows": 14844648, "Plan Width": 16, "Actual Startup Time": 0.033, "Actual Total Time": 8437.356, "Actual Rows": 14838130, "Actual Loops": 1, "Filter": "((o_comment)::text !~~ '%pending%deposits%'::text), (LLVM Optimized, Jit Execute)", "Rows Removed by Filter": 161870}, {"Node Type": "Hash", "Parent Relationship": "Inner", "Startup Cost": 52126.0, "Total Cost": 52126.0, "Plan Rows": 1500000, "Plan Width": 8, "Actual Startup Time": 1152.647, "Actual Total Time": 1152.647, "Actual Rows": 1500000, "Actual Loops": 1, "Hash Buckets": 2097152, "Hash Batches": 1, "Original Hash Batches": 1, "Peak Memory Usage": 58594, "Plans": [{"Node Type": "Seq Scan", "Parent Relationship": "Outer", "Relation Name": "customer", "Alias": "customer", "Startup Cost": 0.0, "Total Cost": 52126.0, "Plan Rows": 1500000, "Plan Width": 8, "Actual Startup Time": 0.036, "Actual Total Time": 533.795, "Actual Rows": 1500000, "Actual Loops": 1}]}]}]}]}]}]}, "Triggers": [], "Planner Runtime": 0.918, "Total Runtime": 34589.144, "Unique SQL Id": 3026328400}}, "(1, 13)": {"explain_plan": {"Plan": {"Node Type": "Sort", "Startup Cost": 1852351.93, "Total Cost": 1852352.43, "Plan Rows": 200, "Plan Width": 8, "Sort Key": ["(count(*)) DESC", "c_orders.c_count DESC"], "Plans": [{"Node Type": "Aggregate", "Strategy": "Hashed", "Parent Relationship": "Outer", "Startup Cost": 1852342.28, "Total Cost": 1852344.28, "Plan Rows": 200, "Plan Width": 8, "Group By Key": ["c_orders.c_count"], "Plans": [{"Node Type": "Subquery Scan", "Parent Relationship": "Outer", "Alias": "c_orders", "Startup Cost": 0.0, "Total Cost": 1844842.28, "Plan Rows": 1500000, "Plan Width": 8, "Plans": [{"Node Type": "Aggregate", "Strategy": "Sorted", "Parent Relationship": "Subquery", "Startup Cost": 0.0, "Total Cost": 1829842.28, "Plan Rows": 1500000, "Plan Width": 24, "Group By Key": ["customer.c_custkey"], "Plans": [{"Node Type": "Merge Join", "Parent Relationship": "Outer", "Join Type": "Left", "Startup Cost": 0.0, "Total Cost": 1783090.7, "Plan Rows": 6350316, "Plan Width": 16, "Inner Unique": false, "Merge Cond": "(customer.c_custkey = orders.o_custkey)", "Plans": [{"Node Type": "Index Scan", "Parent Relationship": "Outer", "Scan Direction": "Forward", "Index Name": "customer_pkey", "Relation Name": "customer", "Alias": "customer", "Startup Cost": 0.0, "Total Cost": 80765.36, "Plan Rows": 1500000, "Plan Width": 8}, {"Node Type": "Index Scan", "Parent Relationship": "Inner", "Scan Direction": "Forward", "Index Name": "idx_orders_custkey", "Relation Name": "orders", "Alias": "orders", "Startup Cost": 0.0, "Total Cost": 1598013.99, "Plan Rows": 14844648, "Plan Width": 16, "Filter": "((o_comment)::text !~~ '%pending%deposits%'::text), (LLVM Optimized)"}]}]}]}]}]}, "Unique SQL Id": 3026328400}, "explain_analyze_plan": {"Plan": {"Node Type": "Sort", "Startup Cost": 1852351.93, "Total Cost": 1852352.43, "Plan Rows": 200, "Plan Width": 8, "Actual Startup Time": 48929.354, "Actual Total Time": 48929.357, "Actual Rows": 46, "Actual Loops": 1, "Sort Key": ["(count(*)) DESC", "c_orders.c_count DESC"], "Sort Method": "quicksort", "Sort Space Used": 29, "Sort Space Type": "Memory", "Plans": [{"Node Type": "Aggregate", "Strategy": "Hashed", "Parent Relationship": "Outer", "Startup Cost": 1852342.28, "Total Cost": 1852344.28, "Plan Rows": 200, "Plan Width": 8, "Actual Startup Time": 48929.296, "Actual Total Time": 48929.305, "Actual Rows": 46, "Actual Loops": 1, "Group By Key": ["c_orders.c_count"], "Plans": [{"Node Type": "Subquery Scan", "Parent Relationship": "Outer", "Alias": "c_orders", "Startup Cost": 0.0, "Total Cost": 1844842.28, "Plan Rows": 1500000, "Plan Width": 8, "Actual Startup Time": 0.125, "Actual Total Time": 48361.113, "Actual Rows": 1500000, "Actual Loops": 1, "Plans": [{"Node Type": "Aggregate", "Strategy": "Sorted", "Parent Relationship": "Subquery", "Startup Cost": 0.0, "Total Cost": 1829842.28, "Plan Rows": 1500000, "Plan Width": 24, "Actual Startup Time": 0.124, "Actual Total Time": 48071.402, "Actual Rows": 1500000, "Actual Loops": 1, "Group By Key": ["customer.c_custkey"], "Plans": [{"Node Type": "Merge Join", "Parent Relationship": "Outer", "Join Type": "Left", "Startup Cost": 0.0, "Total Cost": 1783090.7, "Plan Rows": 6350316, "Plan Width": 16, "Actual Startup Time": 0.064, "Actual Total Time": 44016.822, "Actual Rows": 15338153, "Actual Loops": 1, "Inner Unique": false, "Merge Cond": "(customer.c_custkey = orders.o_custkey)", "Plans": [{"Node Type": "Index Scan", "Parent Relationship": "Outer", "Scan Direction": "Forward", "Index Name": "customer_pkey", "Relation Name": "customer", "Alias": "customer", "Startup Cost": 0.0, "Total Cost": 80765.36, "Plan Rows": 1500000, "Plan Width": 8, "Actual Startup Time": 0.027, "Actual Total Time": 1035.053, "Actual Rows": 1500000, "Actual Loops": 1}, {"Node Type": "Index Scan", "Parent Relationship": "Inner", "Scan Direction": "Forward", "Index Name": "idx_orders_custkey", "Relation Name": "orders", "Alias": "orders", "Startup Cost": 0.0, "Total Cost": 1598013.99, "Plan Rows": 14844648, "Plan Width": 16, "Actual Startup Time": 0.026, "Actual Total Time": 38262.505, "Actual Rows": 14838130, "Actual Loops": 1, "Filter": "((o_comment)::text !~~ '%pending%deposits%'::text), (LLVM Optimized, Jit Execute)", "Rows Removed by Filter": 161870}]}]}]}]}]}, "Triggers": [], "Planner Runtime": 0.71, "Total Runtime": 48938.448, "Unique SQL Id": 3026328400}}, "(1, 14)": {"explain_plan": {"Plan": {"Node Type": "Sort", "Startup Cost": 723220.3, "Total Cost": 723220.8, "Plan Rows": 200, "Plan Width": 8, "Sort Key": ["(count(*)) DESC", "c_orders.c_count DESC"], "Plans": [{"Node Type": "Aggregate", "Strategy": "Hashed", "Parent Relationship": "Outer", "Startup Cost": 723210.66, "Total Cost": 723212.66, "Plan Rows": 200, "Plan Width": 8, "Group By Key": ["c_orders.c_count"], "Plans": [{"Node Type": "Subquery Scan", "Parent Relationship": "Outer", "Alias": "c_orders", "Startup Cost": 685710.66, "Total Cost": 715710.66, "Plan Rows": 1500000, "Plan Width": 8, "Plans": [{"Node Type": "Aggregate", "Strategy": "Hashed", "Parent Relationship": "Subquery", "Startup Cost": 685710.66, "Total Cost": 700710.66, "Plan Rows": 1500000, "Plan Width": 16, "Group By Key": ["customer.c_custkey"], "Plans": [{"Node Type": "Hash Join", "Parent Relationship": "Outer", "Join Type": "Right", "Startup Cost": 70876.0, "Total Cost": 653959.08, "Plan Rows": 6350316, "Plan Width": 16, "Inner Unique": true, "Hash Cond": "(orders.o_custkey = customer.c_custkey), (LLVM Optimized)", "Plans": [{"Node Type": "Seq Scan", "Parent Relationship": "Outer", "Relation Name": "orders", "Alias": "orders", "Startup Cost": 0.0, "Total Cost": 463912.49, "Plan Rows": 14844648, "Plan Width": 16, "Filter": "((o_comment)::text !~~ '%pending%deposits%'::text), (LLVM Optimized)"}, {"Node Type": "Hash", "Parent Relationship": "Inner", "Startup Cost": 52126.0, "Total Cost": 52126.0, "Plan Rows": 1500000, "Plan Width": 8, "Plans": [{"Node Type": "Seq Scan", "Parent Relationship": "Outer", "Relation Name": "customer", "Alias": "customer", "Startup Cost": 0.0, "Total Cost": 52126.0, "Plan Rows": 1500000, "Plan Width": 8}]}]}]}]}]}]}, "Unique SQL Id": 3026328400}, "explain_analyze_plan": {"Plan": {"Node Type": "Sort", "Startup Cost": 723220.3, "Total Cost": 723220.8, "Plan Rows": 200, "Plan Width": 8, "Actual Startup Time": 34579.334, "Actual Total Time": 34579.339, "Actual Rows": 46, "Actual Loops": 1, "Sort Key": ["(count(*)) DESC", "c_orders.c_count DESC"], "Sort Method": "quicksort", "Sort Space Used": 29, "Sort Space Type": "Memory", "Plans": [{"Node Type": "Aggregate", "Strategy": "Hashed", "Parent Relationship": "Outer", "Startup Cost": 723210.66, "Total Cost": 723212.66, "Plan Rows": 200, "Plan Width": 8, "Actual Startup Time": 34579.273, "Actual Total Time": 34579.286, "Actual Rows": 46, "Actual Loops": 1, "Group By Key": ["c_orders.c_count"], "Plans": [{"Node Type": "Subquery Scan", "Parent Relationship": "Outer", "Alias": "c_orders", "Startup Cost": 685710.66, "Total Cost": 715710.66, "Plan Rows": 1500000, "Plan Width": 8, "Actual Startup Time": 33057.958, "Actual Total Time": 34158.631, "Actual Rows": 1500000, "Actual Loops": 1, "Plans": [{"Node Type": "Aggregate", "Strategy": "Hashed", "Parent Relationship": "Subquery", "Startup Cost": 685710.66, "Total Cost": 700710.66, "Plan Rows": 1500000, "Plan Width": 16, "Actual Startup Time": 33057.953, "Actual Total Time": 33892.711, "Actual Rows": 1500000, "Actual Loops": 1, "Group By Key": ["customer.c_custkey"], "Plans": [{"Node Type": "Hash Join", "Parent Relationship": "Outer", "Join Type": "Right", "Startup Cost": 70876.0, "Total Cost": 653959.08, "Plan Rows": 6350316, "Plan Width": 16, "Actual Startup Time": 1153.954, "Actual Total Time": 20827.91, "Actual Rows": 15338153, "Actual Loops": 1, "Inner Unique": true, "Hash Cond": "(orders.o_custkey = customer.c_custkey), (LLVM Optimized, Jit Execute)", "Plans": [{"Node Type": "Seq Scan", "Parent Relationship": "Outer", "Relation Name": "orders", "Alias": "orders", "Startup Cost": 0.0, "Total Cost": 463912.49, "Plan Rows": 14844648, "Plan Width": 16, "Actual Startup Time": 0.033, "Actual Total Time": 8437.356, "Actual Rows": 14838130, "Actual Loops": 1, "Filter": "((o_comment)::text !~~ '%pending%deposits%'::text), (LLVM Optimized, Jit Execute)", "Rows Removed by Filter": 161870}, {"Node Type": "Hash", "Parent Relationship": "Inner", "Startup Cost": 52126.0, "Total Cost": 52126.0, "Plan Rows": 1500000, "Plan Width": 8, "Actual Startup Time": 1152.647, "Actual Total Time": 1152.647, "Actual Rows": 1500000, "Actual Loops": 1, "Hash Buckets": 2097152, "Hash Batches": 1, "Original Hash Batches": 1, "Peak Memory Usage": 58594, "Plans": [{"Node Type": "Seq Scan", "Parent Relationship": "Outer", "Relation Name": "customer", "Alias": "customer", "Startup Cost": 0.0, "Total Cost": 52126.0, "Plan Rows": 1500000, "Plan Width": 8, "Actual Startup Time": 0.036, "Actual Total Time": 533.795, "Actual Rows": 1500000, "Actual Loops": 1}]}]}]}]}]}]}, "Triggers": [], "Planner Runtime": 0.918, "Total Runtime": 34589.144, "Unique SQL Id": 3026328400}}, "(1, 15)": {"explain_plan": {"Plan": {"Node Type": "Sort", "Startup Cost": 2000135701347.66, "Total Cost": 2000135701348.16, "Plan Rows": 200, "Plan Width": 8, "Sort Key": ["(count(*)) DESC", "c_orders.c_count DESC"], "Plans": [{"Node Type": "Aggregate", "Strategy": "Hashed", "Parent Relationship": "Outer", "Startup Cost": 2000135701338.02, "Total Cost": 2000135701340.02, "Plan Rows": 200, "Plan Width": 8, "Group By Key": ["c_orders.c_count"], "Plans": [{"Node Type": "Subquery Scan", "Parent Relationship": "Outer", "Alias": "c_orders", "Startup Cost": 20000000000.0, "Total Cost": 2000135693838.02, "Plan Rows": 1500000, "Plan Width": 8, "Plans": [{"Node Type": "Aggregate", "Strategy": "Sorted", "Parent Relationship": "Subquery", "Startup Cost": 20000000000.0, "Total Cost": 2000135678838.02, "Plan Rows": 1500000, "Plan Width": 24, "Group By Key": ["customer.c_custkey"], "Plans": [{"Node Type": "Merge Join", "Parent Relationship": "Outer", "Join Type": "Left", "Startup Cost": 20000000000.0, "Total Cost": 2000135632086.44, "Plan Rows": 6350316, "Plan Width": 16, "Inner Unique": false, "Merge Cond": "(customer.c_custkey = orders.o_custkey)", "Plans": [{"Node Type": "Index Scan", "Parent Relationship": "Outer", "Scan Direction": "Forward", "Index Name": "customer_pkey", "Relation Name": "customer", "Alias": "customer", "Startup Cost": 10000000000.0, "Total Cost": 1000008076535.62, "Plan Rows": 1500000, "Plan Width": 8}, {"Node Type": "Index Scan", "Parent Relationship": "Inner", "Scan Direction": "Forward", "Index Name": "idx_orders_custkey", "Relation Name": "orders", "Alias": "orders", "Startup Cost": 10000000000.0, "Total Cost": 1000159801398.83, "Plan Rows": 14844648, "Plan Width": 16, "Filter": "((o_comment)::text !~~ '%pending%deposits%'::text), (LLVM Optimized)"}]}]}]}]}]}, "Unique SQL Id": 3026328400}, "explain_analyze_plan": {"Plan": {"Node Type": "Sort", "Startup Cost": 2000135701347.66, "Total Cost": 2000135701348.16, "Plan Rows": 200, "Plan Width": 8, "Actual Startup Time": 48389.313, "Actual Total Time": 48389.318, "Actual Rows": 46, "Actual Loops": 1, "Sort Key": ["(count(*)) DESC", "c_orders.c_count DESC"], "Sort Method": "quicksort", "Sort Space Used": 29, "Sort Space Type": "Memory", "Plans": [{"Node Type": "Aggregate", "Strategy": "Hashed", "Parent Relationship": "Outer", "Startup Cost": 2000135701338.02, "Total Cost": 2000135701340.02, "Plan Rows": 200, "Plan Width": 8, "Actual Startup Time": 48389.245, "Actual Total Time": 48389.261, "Actual Rows": 46, "Actual Loops": 1, "Group By Key": ["c_orders.c_count"], "Plans": [{"Node Type": "Subquery Scan", "Parent Relationship": "Outer", "Alias": "c_orders", "Startup Cost": 20000000000.0, "Total Cost": 2000135693838.02, "Plan Rows": 1500000, "Plan Width": 8, "Actual Startup Time": 0.133, "Actual Total Time": 47819.104, "Actual Rows": 1500000, "Actual Loops": 1, "Plans": [{"Node Type": "Aggregate", "Strategy": "Sorted", "Parent Relationship": "Subquery", "Startup Cost": 20000000000.0, "Total Cost": 2000135678838.02, "Plan Rows": 1500000, "Plan Width": 24, "Actual Startup Time": 0.132, "Actual Total Time": 47518.497, "Actual Rows": 1500000, "Actual Loops": 1, "Group By Key": ["customer.c_custkey"], "Plans": [{"Node Type": "Merge Join", "Parent Relationship": "Outer", "Join Type": "Left", "Startup Cost": 20000000000.0, "Total Cost": 2000135632086.44, "Plan Rows": 6350316, "Plan Width": 16, "Actual Startup Time": 0.066, "Actual Total Time": 43488.069, "Actual Rows": 15338153, "Actual Loops": 1, "Inner Unique": false, "Merge Cond": "(customer.c_custkey = orders.o_custkey)", "Plans": [{"Node Type": "Index Scan", "Parent Relationship": "Outer", "Scan Direction": "Forward", "Index Name": "customer_pkey", "Relation Name": "customer", "Alias": "customer", "Startup Cost": 10000000000.0, "Total Cost": 1000008076535.62, "Plan Rows": 1500000, "Plan Width": 8, "Actual Startup Time": 0.028, "Actual Total Time": 1025.582, "Actual Rows": 1500000, "Actual Loops": 1}, {"Node Type": "Index Scan", "Parent Relationship": "Inner", "Scan Direction": "Forward", "Index Name": "idx_orders_custkey", "Relation Name": "orders", "Alias": "orders", "Startup Cost": 10000000000.0, "Total Cost": 1000159801398.83, "Plan Rows": 14844648, "Plan Width": 16, "Actual Startup Time": 0.027, "Actual Total Time": 37756.619, "Actual Rows": 14838130, "Actual Loops": 1, "Filter": "((o_comment)::text !~~ '%pending%deposits%'::text), (LLVM Optimized, Jit Execute)", "Rows Removed by Filter": 161870}]}]}]}]}]}, "Triggers": [], "Planner Runtime": 0.695, "Total Runtime": 48398.398, "Unique SQL Id": 3026328400}}, "(1, 16)": {"explain_plan": {"Plan": {"Node Type": "Sort", "Startup Cost": 1815222.82, "Total Cost": 1815223.32, "Plan Rows": 200, "Plan Width": 8, "Sort Key": ["(count(*)) DESC", "c_orders.c_count DESC"], "Plans": [{"Node Type": "Aggregate", "Strategy": "Hashed", "Parent Relationship": "Outer", "Startup Cost": 1815213.18, "Total Cost": 1815215.18, "Plan Rows": 200, "Plan Width": 8, "Group By Key": ["c_orders.c_count"], "Plans": [{"Node Type": "Subquery Scan", "Parent Relationship": "Outer", "Alias": "c_orders", "Startup Cost": 0.0, "Total Cost": 1807713.18, "Plan Rows": 1500000, "Plan Width": 8, "Plans": [{"Node Type": "Aggregate", "Strategy": "Sorted", "Parent Relationship": "Subquery", "Startup Cost": 0.0, "Total Cost": 1792713.18, "Plan Rows": 1500000, "Plan Width": 24, "Group By Key": ["customer.c_custkey"], "Plans": [{"Node Type": "Merge Join", "Parent Relationship": "Outer", "Join Type": "Left", "Startup Cost": 0.0, "Total Cost": 1745961.6, "Plan Rows": 6350316, "Plan Width": 16, "Inner Unique": false, "Merge Cond": "(customer.c_custkey = orders.o_custkey)", "Plans": [{"Node Type": "Index Only Scan", "Parent Relationship": "Outer", "Scan Direction": "Forward", "Index Name": "customer_pkey", "Relation Name": "customer", "Alias": "customer", "Startup Cost": 0.0, "Total Cost": 43636.25, "Plan Rows": 1500000, "Plan Width": 8}, {"Node Type": "Index Scan", "Parent Relationship": "Inner", "Scan Direction": "Forward", "Index Name": "idx_orders_custkey", "Relation Name": "orders", "Alias": "orders", "Startup Cost": 0.0, "Total Cost": 1598013.99, "Plan Rows": 14844648, "Plan Width": 16, "Filter": "((o_comment)::text !~~ '%pending%deposits%'::text), (LLVM Optimized)"}]}]}]}]}]}, "Unique SQL Id": 3026328400}, "explain_analyze_plan": {"Plan": {"Node Type": "Sort", "Startup Cost": 1815222.82, "Total Cost": 1815223.32, "Plan Rows": 200, "Plan Width": 8, "Actual Startup Time": 49456.672, "Actual Total Time": 49456.675, "Actual Rows": 46, "Actual Loops": 1, "Sort Key": ["(count(*)) DESC", "c_orders.c_count DESC"], "Sort Method": "quicksort", "Sort Space Used": 29, "Sort Space Type": "Memory", "Plans": [{"Node Type": "Aggregate", "Strategy": "Hashed", "Parent Relationship": "Outer", "Startup Cost": 1815213.18, "Total Cost": 1815215.18, "Plan Rows": 200, "Plan Width": 8, "Actual Startup Time": 49456.615, "Actual Total Time": 49456.628, "Actual Rows": 46, "Actual Loops": 1, "Group By Key": ["c_orders.c_count"], "Plans": [{"Node Type": "Subquery Scan", "Parent Relationship": "Outer", "Alias": "c_orders", "Startup Cost": 0.0, "Total Cost": 1807713.18, "Plan Rows": 1500000, "Plan Width": 8, "Actual Startup Time": 0.146, "Actual Total Time": 48893.237, "Actual Rows": 1500000, "Actual Loops": 1, "Plans": [{"Node Type": "Aggregate", "Strategy": "Sorted", "Parent Relationship": "Subquery", "Startup Cost": 0.0, "Total Cost": 1792713.18, "Plan Rows": 1500000, "Plan Width": 24, "Actual Startup Time": 0.146, "Actual Total Time": 48595.012, "Actual Rows": 1500000, "Actual Loops": 1, "Group By Key": ["customer.c_custkey"], "Plans": [{"Node Type": "Merge Join", "Parent Relationship": "Outer", "Join Type": "Left", "Startup Cost": 0.0, "Total Cost": 1745961.6, "Plan Rows": 6350316, "Plan Width": 16, "Actual Startup Time": 0.073, "Actual Total Time": 44566.394, "Actual Rows": 15338153, "Actual Loops": 1, "Inner Unique": false, "Merge Cond": "(customer.c_custkey = orders.o_custkey)", "Plans": [{"Node Type": "Index Only Scan", "Parent Relationship": "Outer", "Scan Direction": "Forward", "Index Name": "customer_pkey", "Relation Name": "customer", "Alias": "customer", "Startup Cost": 0.0, "Total Cost": 43636.25, "Plan Rows": 1500000, "Plan Width": 8, "Actual Startup Time": 0.029, "Actual Total Time": 420.485, "Actual Rows": 1500000, "Actual Loops": 1, "Heap Fetches": 0}, {"Node Type": "Index Scan", "Parent Relationship": "Inner", "Scan Direction": "Forward", "Index Name": "idx_orders_custkey", "Relation Name": "orders", "Alias": "orders", "Startup Cost": 0.0, "Total Cost": 1598013.99, "Plan Rows": 14844648, "Plan Width": 16, "Actual Startup Time": 0.033, "Actual Total Time": 39523.673, "Actual Rows": 14838130, "Actual Loops": 1, "Filter": "((o_comment)::text !~~ '%pending%deposits%'::text), (LLVM Optimized, Jit Execute)", "Rows Removed by Filter": 161870}]}]}]}]}]}, "Triggers": [], "Planner Runtime": 0.791, "Total Runtime": 49465.812, "Unique SQL Id": 3026328400}}, "(1, 17)": {"explain_plan": {"Plan": {"Node Type": "Sort", "Startup Cost": 1815222.82, "Total Cost": 1815223.32, "Plan Rows": 200, "Plan Width": 8, "Sort Key": ["(count(*)) DESC", "c_orders.c_count DESC"], "Plans": [{"Node Type": "Aggregate", "Strategy": "Hashed", "Parent Relationship": "Outer", "Startup Cost": 1815213.18, "Total Cost": 1815215.18, "Plan Rows": 200, "Plan Width": 8, "Group By Key": ["c_orders.c_count"], "Plans": [{"Node Type": "Subquery Scan", "Parent Relationship": "Outer", "Alias": "c_orders", "Startup Cost": 0.0, "Total Cost": 1807713.18, "Plan Rows": 1500000, "Plan Width": 8, "Plans": [{"Node Type": "Aggregate", "Strategy": "Sorted", "Parent Relationship": "Subquery", "Startup Cost": 0.0, "Total Cost": 1792713.18, "Plan Rows": 1500000, "Plan Width": 24, "Group By Key": ["customer.c_custkey"], "Plans": [{"Node Type": "Merge Join", "Parent Relationship": "Outer", "Join Type": "Left", "Startup Cost": 0.0, "Total Cost": 1745961.6, "Plan Rows": 6350316, "Plan Width": 16, "Inner Unique": false, "Merge Cond": "(customer.c_custkey = orders.o_custkey)", "Plans": [{"Node Type": "Index Only Scan", "Parent Relationship": "Outer", "Scan Direction": "Forward", "Index Name": "customer_pkey", "Relation Name": "customer", "Alias": "customer", "Startup Cost": 0.0, "Total Cost": 43636.25, "Plan Rows": 1500000, "Plan Width": 8}, {"Node Type": "Index Scan", "Parent Relationship": "Inner", "Scan Direction": "Forward", "Index Name": "idx_orders_custkey", "Relation Name": "orders", "Alias": "orders", "Startup Cost": 0.0, "Total Cost": 1598013.99, "Plan Rows": 14844648, "Plan Width": 16, "Filter": "((o_comment)::text !~~ '%pending%deposits%'::text), (LLVM Optimized)"}]}]}]}]}]}, "Unique SQL Id": 3026328400}, "explain_analyze_plan": {"Plan": {"Node Type": "Sort", "Startup Cost": 1815222.82, "Total Cost": 1815223.32, "Plan Rows": 200, "Plan Width": 8, "Actual Startup Time": 49456.672, "Actual Total Time": 49456.675, "Actual Rows": 46, "Actual Loops": 1, "Sort Key": ["(count(*)) DESC", "c_orders.c_count DESC"], "Sort Method": "quicksort", "Sort Space Used": 29, "Sort Space Type": "Memory", "Plans": [{"Node Type": "Aggregate", "Strategy": "Hashed", "Parent Relationship": "Outer", "Startup Cost": 1815213.18, "Total Cost": 1815215.18, "Plan Rows": 200, "Plan Width": 8, "Actual Startup Time": 49456.615, "Actual Total Time": 49456.628, "Actual Rows": 46, "Actual Loops": 1, "Group By Key": ["c_orders.c_count"], "Plans": [{"Node Type": "Subquery Scan", "Parent Relationship": "Outer", "Alias": "c_orders", "Startup Cost": 0.0, "Total Cost": 1807713.18, "Plan Rows": 1500000, "Plan Width": 8, "Actual Startup Time": 0.146, "Actual Total Time": 48893.237, "Actual Rows": 1500000, "Actual Loops": 1, "Plans": [{"Node Type": "Aggregate", "Strategy": "Sorted", "Parent Relationship": "Subquery", "Startup Cost": 0.0, "Total Cost": 1792713.18, "Plan Rows": 1500000, "Plan Width": 24, "Actual Startup Time": 0.146, "Actual Total Time": 48595.012, "Actual Rows": 1500000, "Actual Loops": 1, "Group By Key": ["customer.c_custkey"], "Plans": [{"Node Type": "Merge Join", "Parent Relationship": "Outer", "Join Type": "Left", "Startup Cost": 0.0, "Total Cost": 1745961.6, "Plan Rows": 6350316, "Plan Width": 16, "Actual Startup Time": 0.073, "Actual Total Time": 44566.394, "Actual Rows": 15338153, "Actual Loops": 1, "Inner Unique": false, "Merge Cond": "(customer.c_custkey = orders.o_custkey)", "Plans": [{"Node Type": "Index Only Scan", "Parent Relationship": "Outer", "Scan Direction": "Forward", "Index Name": "customer_pkey", "Relation Name": "customer", "Alias": "customer", "Startup Cost": 0.0, "Total Cost": 43636.25, "Plan Rows": 1500000, "Plan Width": 8, "Actual Startup Time": 0.029, "Actual Total Time": 420.485, "Actual Rows": 1500000, "Actual Loops": 1, "Heap Fetches": 0}, {"Node Type": "Index Scan", "Parent Relationship": "Inner", "Scan Direction": "Forward", "Index Name": "idx_orders_custkey", "Relation Name": "orders", "Alias": "orders", "Startup Cost": 0.0, "Total Cost": 1598013.99, "Plan Rows": 14844648, "Plan Width": 16, "Actual Startup Time": 0.033, "Actual Total Time": 39523.673, "Actual Rows": 14838130, "Actual Loops": 1, "Filter": "((o_comment)::text !~~ '%pending%deposits%'::text), (LLVM Optimized, Jit Execute)", "Rows Removed by Filter": 161870}]}]}]}]}]}, "Triggers": [], "Planner Runtime": 0.791, "Total Runtime": 49465.812, "Unique SQL Id": 3026328400}}, "(1, 18)": {"explain_plan": {"Plan": {"Node Type": "Sort", "Startup Cost": 2652650.54, "Total Cost": 2652651.04, "Plan Rows": 200, "Plan Width": 8, "Sort Key": ["(count(*)) DESC", "c_orders.c_count DESC"], "Plans": [{"Node Type": "Aggregate", "Strategy": "Hashed", "Parent Relationship": "Outer", "Startup Cost": 2652640.9, "Total Cost": 2652642.9, "Plan Rows": 200, "Plan Width": 8, "Group By Key": ["c_orders.c_count"], "Plans": [{"Node Type": "Subquery Scan", "Parent Relationship": "Outer", "Alias": "c_orders", "Startup Cost": 2438165.34, "Total Cost": 2645140.9, "Plan Rows": 1500000, "Plan Width": 8, "Plans": [{"Node Type": "Aggregate", "Strategy": "Sorted", "Parent Relationship": "Subquery", "Startup Cost": 2438165.34, "Total Cost": 2630140.9, "Plan Rows": 1500000, "Plan Width": 24, "Group By Key": ["customer.c_custkey"], "Plans": [{"Node Type": "Merge Join", "Parent Relationship": "Outer", "Join Type": "Left", "Startup Cost": 2438165.34, "Total Cost": 2583389.32, "Plan Rows": 6350316, "Plan Width": 16, "Inner Unique": false, "Merge Cond": "(customer.c_custkey = orders.o_custkey)", "Plans": [{"Node Type": "Sort", "Parent Relationship": "Outer", "Startup Cost": 205999.98, "Total Cost": 209749.98, "Plan Rows": 1500000, "Plan Width": 8, "Sort Key": ["customer.c_custkey"], "Plans": [{"Node Type": "Seq Scan", "Parent Relationship": "Outer", "Relation Name": "customer", "Alias": "customer", "Startup Cost": 0.0, "Total Cost": 52126.0, "Plan Rows": 1500000, "Plan Width": 8}]}, {"Node Type": "Sort", "Parent Relationship": "Inner", "Startup Cost": 2232165.36, "Total Cost": 2269276.98, "Plan Rows": 14844648, "Plan Width": 16, "Sort Key": ["orders.o_custkey"], "Plans": [{"Node Type": "Seq Scan", "Parent Relationship": "Outer", "Relation Name": "orders", "Alias": "orders", "Startup Cost": 0.0, "Total Cost": 463912.49, "Plan Rows": 14844648, "Plan Width": 16, "Filter": "((o_comment)::text !~~ '%pending%deposits%'::text), (LLVM Optimized)"}]}]}]}]}]}]}, "Unique SQL Id": 3026328400}, "explain_analyze_plan": {"Plan": {"Node Type": "Sort", "Startup Cost": 2652650.54, "Total Cost": 2652651.04, "Plan Rows": 200, "Plan Width": 8, "Actual Startup Time": 28386.189, "Actual Total Time": 28386.192, "Actual Rows": 46, "Actual Loops": 1, "Sort Key": ["(count(*)) DESC", "c_orders.c_count DESC"], "Sort Method": "quicksort", "Sort Space Used": 29, "Sort Space Type": "Memory", "Plans": [{"Node Type": "Aggregate", "Strategy": "Hashed", "Parent Relationship": "Outer", "Startup Cost": 2652640.9, "Total Cost": 2652642.9, "Plan Rows": 200, "Plan Width": 8, "Actual Startup Time": 28386.135, "Actual Total Time": 28386.145, "Actual Rows": 46, "Actual Loops": 1, "Group By Key": ["c_orders.c_count"], "Plans": [{"Node Type": "Subquery Scan", "Parent Relationship": "Outer", "Alias": "c_orders", "Startup Cost": 2438165.34, "Total Cost": 2645140.9, "Plan Rows": 1500000, "Plan Width": 8, "Actual Startup Time": 15825.996, "Actual Total Time": 27893.621, "Actual Rows": 1500000, "Actual Loops": 1, "Plans": [{"Node Type": "Aggregate", "Strategy": "Sorted", "Parent Relationship": "Subquery", "Startup Cost": 2438165.34, "Total Cost": 2630140.9, "Plan Rows": 1500000, "Plan Width": 24, "Actual Startup Time": 15825.994, "Actual Total Time": 27618.53, "Actual Rows": 1500000, "Actual Loops": 1, "Group By Key": ["customer.c_custkey"], "Plans": [{"Node Type": "Merge Join", "Parent Relationship": "Outer", "Join Type": "Left", "Startup Cost": 2438165.34, "Total Cost": 2583389.32, "Plan Rows": 6350316, "Plan Width": 16, "Actual Startup Time": 15825.958, "Actual Total Time": 24242.037, "Actual Rows": 15338153, "Actual Loops": 1, "Inner Unique": false, "Merge Cond": "(customer.c_custkey = orders.o_custkey)", "Plans": [{"Node Type": "Sort", "Parent Relationship": "Outer", "Startup Cost": 205999.98, "Total Cost": 209749.98, "Plan Rows": 1500000, "Plan Width": 8, "Actual Startup Time": 952.755, "Actual Total Time": 1161.709, "Actual Rows": 1500000, "Actual Loops": 1, "Sort Key": ["customer.c_custkey"], "Sort Method": "quicksort", "Sort Space Used": 142903, "Sort Space Type": "Memory", "Plans": [{"Node Type": "Seq Scan", "Parent Relationship": "Outer", "Relation Name": "customer", "Alias": "customer", "Startup Cost": 0.0, "Total Cost": 52126.0, "Plan Rows": 1500000, "Plan Width": 8, "Actual Startup Time": 0.019, "Actual Total Time": 475.423, "Actual Rows": 1500000, "Actual Loops": 1}]}, {"Node Type": "Sort", "Parent Relationship": "Inner", "Startup Cost": 2232165.36, "Total Cost": 2269276.98, "Plan Rows": 14844648, "Plan Width": 16, "Actual Startup Time": 14873.179, "Actual Total Time": 19215.085, "Actual Rows": 14838130, "Actual Loops": 1, "Sort Key": ["orders.o_custkey"], "Sort Method": "quicksort", "Sort Space Used": 1784291, "Sort Space Type": "Memory", "Plans": [{"Node Type": "Seq Scan", "Parent Relationship": "Outer", "Relation Name": "orders", "Alias": "orders", "Startup Cost": 0.0, "Total Cost": 463912.49, "Plan Rows": 14844648, "Plan Width": 16, "Actual Startup Time": 0.044, "Actual Total Time": 8812.829, "Actual Rows": 14838130, "Actual Loops": 1, "Filter": "((o_comment)::text !~~ '%pending%deposits%'::text), (LLVM Optimized, Jit Execute)", "Rows Removed by Filter": 161870}]}]}]}]}]}]}, "Triggers": [], "Planner Runtime": 0.694, "Total Runtime": 28395.277, "Unique SQL Id": 3026328400}}, "(1, 19)": {"explain_plan": {"Plan": {"Node Type": "Sort", "Startup Cost": 1000011234254.22, "Total Cost": 1000011234254.72, "Plan Rows": 200, "Plan Width": 8, "Sort Key": ["(count(*)) DESC", "c_orders.c_count DESC"], "Plans": [{"Node Type": "Aggregate", "Strategy": "Hashed", "Parent Relationship": "Outer", "Startup Cost": 1000011234244.58, "Total Cost": 1000011234246.58, "Plan Rows": 200, "Plan Width": 8, "Group By Key": ["c_orders.c_count"], "Plans": [{"Node Type": "Subquery Scan", "Parent Relationship": "Outer", "Alias": "c_orders", "Startup Cost": 10000000000.43, "Total Cost": 1000011226744.58, "Plan Rows": 1500000, "Plan Width": 8, "Plans": [{"Node Type": "Aggregate", "Strategy": "Sorted", "Parent Relationship": "Subquery", "Startup Cost": 10000000000.43, "Total Cost": 1000011211744.58, "Plan Rows": 1500000, "Plan Width": 24, "Group By Key": ["customer.c_custkey"], "Plans": [{"Node Type": "Nested Loop", "Parent Relationship": "Outer", "Join Type": "Left", "Startup Cost": 10000000000.43, "Total Cost": 1000011164993.0, "Plan Rows": 6350316, "Plan Width": 16, "Inner Unique": false, "Plans": [{"Node Type": "Index Only Scan", "Parent Relationship": "Outer", "Scan Direction": "Forward", "Index Name": "customer_pkey", "Relation Name": "customer", "Alias": "customer", "Startup Cost": 10000000000.0, "Total Cost": 1000004363625.0, "Plan Rows": 1500000, "Plan Width": 8}, {"Node Type": "Bitmap Heap Scan", "Parent Relationship": "Inner", "Relation Name": "orders", "Alias": "orders", "Startup Cost": 0.43, "Total Cost": 4.49, "Plan Rows": 4, "Plan Width": 16, "Recheck Cond": "(customer.c_custkey = o_custkey)", "Filter": "((o_comment)::text !~~ '%pending%deposits%'::text)", "Plans": [{"Node Type": "Bitmap Index Scan", "Parent Relationship": "Outer", "Index Name": "idx_orders_custkey", "Startup Cost": 0.0, "Total Cost": 0.43, "Plan Rows": 4, "Plan Width": 0, "Index Cond": "(customer.c_custkey = o_custkey)"}]}]}]}]}]}]}, "Unique SQL Id": 3026328400}, "explain_analyze_plan": {"Plan": {"Node Type": "Sort", "Startup Cost": 1000011234254.22, "Total Cost": 1000011234254.72, "Plan Rows": 200, "Plan Width": 8, "Actual Startup Time": 62555.418, "Actual Total Time": 62555.422, "Actual Rows": 46, "Actual Loops": 1, "Sort Key": ["(count(*)) DESC", "c_orders.c_count DESC"], "Sort Method": "quicksort", "Sort Space Used": 29, "Sort Space Type": "Memory", "Plans": [{"Node Type": "Aggregate", "Strategy": "Hashed", "Parent Relationship": "Outer", "Startup Cost": 1000011234244.58, "Total Cost": 1000011234246.58, "Plan Rows": 200, "Plan Width": 8, "Actual Startup Time": 62555.363, "Actual Total Time": 62555.373, "Actual Rows": 46, "Actual Loops": 1, "Group By Key": ["c_orders.c_count"], "Plans": [{"Node Type": "Subquery Scan", "Parent Relationship": "Outer", "Alias": "c_orders", "Startup Cost": 10000000000.43, "Total Cost": 1000011226744.58, "Plan Rows": 1500000, "Plan Width": 8, "Actual Startup Time": 0.177, "Actual Total Time": 61782.572, "Actual Rows": 1500000, "Actual Loops": 1, "Plans": [{"Node Type": "Aggregate", "Strategy": "Sorted", "Parent Relationship": "Subquery", "Startup Cost": 10000000000.43, "Total Cost": 1000011211744.58, "Plan Rows": 1500000, "Plan Width": 24, "Actual Startup Time": 0.176, "Actual Total Time": 61436.876, "Actual Rows": 1500000, "Actual Loops": 1, "Group By Key": ["customer.c_custkey"], "Plans": [{"Node Type": "Nested Loop", "Parent Relationship": "Outer", "Join Type": "Left", "Startup Cost": 10000000000.43, "Total Cost": 1000011164993.0, "Plan Rows": 6350316, "Plan Width": 16, "Actual Startup Time": 0.072, "Actual Total Time": 56992.363, "Actual Rows": 15338153, "Actual Loops": 1, "Inner Unique": false, "Plans": [{"Node Type": "Index Only Scan", "Parent Relationship": "Outer", "Scan Direction": "Forward", "Index Name": "customer_pkey", "Relation Name": "customer", "Alias": "customer", "Startup Cost": 10000000000.0, "Total Cost": 1000004363625.0, "Plan Rows": 1500000, "Plan Width": 8, "Actual Startup Time": 0.027, "Actual Total Time": 498.211, "Actual Rows": 1500000, "Actual Loops": 1, "Heap Fetches": 0}, {"Node Type": "Bitmap Heap Scan", "Parent Relationship": "Inner", "Relation Name": "orders", "Alias": "orders", "Startup Cost": 0.43, "Total Cost": 4.49, "Plan Rows": 4, "Plan Width": 16, "Actual Startup Time": 12057.857, "Actual Total Time": 51377.864, "Actual Rows": 14838130, "Actual Loops": 1500000, "Recheck Cond": "(customer.c_custkey = o_custkey)", "Rows Removed by Index Recheck": 0, "Filter": "((o_comment)::text !~~ '%pending%deposits%'::text)", "Rows Removed by Filter": 161870, "Exact Heap Blocks": 14999534, "Lossy Heap Blocks": 14999534, "Plans": [{"Node Type": "Bitmap Index Scan", "Parent Relationship": "Outer", "Index Name": "idx_orders_custkey", "Startup Cost": 0.0, "Total Cost": 0.43, "Plan Rows": 4, "Plan Width": 0, "Actual Startup Time": 6723.895, "Actual Total Time": 6723.895, "Actual Rows": 15000000, "Actual Loops": 1500000, "Index Cond": "(customer.c_custkey = o_custkey)"}]}]}]}]}]}]}, "Triggers": [], "Planner Runtime": 0.724, "Total Runtime": 62564.386, "Unique SQL Id": 3026328400}}, "(1, 20)": {"explain_plan": {"Plan": {"Node Type": "Sort", "Startup Cost": 1852351.93, "Total Cost": 1852352.43, "Plan Rows": 200, "Plan Width": 8, "Sort Key": ["(count(*)) DESC", "c_orders.c_count DESC"], "Plans": [{"Node Type": "Aggregate", "Strategy": "Hashed", "Parent Relationship": "Outer", "Startup Cost": 1852342.28, "Total Cost": 1852344.28, "Plan Rows": 200, "Plan Width": 8, "Group By Key": ["c_orders.c_count"], "Plans": [{"Node Type": "Subquery Scan", "Parent Relationship": "Outer", "Alias": "c_orders", "Startup Cost": 0.0, "Total Cost": 1844842.28, "Plan Rows": 1500000, "Plan Width": 8, "Plans": [{"Node Type": "Aggregate", "Strategy": "Sorted", "Parent Relationship": "Subquery", "Startup Cost": 0.0, "Total Cost": 1829842.28, "Plan Rows": 1500000, "Plan Width": 24, "Group By Key": ["customer.c_custkey"], "Plans": [{"Node Type": "Merge Join", "Parent Relationship": "Outer", "Join Type": "Left", "Startup Cost": 0.0, "Total Cost": 1783090.7, "Plan Rows": 6350316, "Plan Width": 16, "Inner Unique": false, "Merge Cond": "(customer.c_custkey = orders.o_custkey)", "Plans": [{"Node Type": "Index Scan", "Parent Relationship": "Outer", "Scan Direction": "Forward", "Index Name": "customer_pkey", "Relation Name": "customer", "Alias": "customer", "Startup Cost": 0.0, "Total Cost": 80765.36, "Plan Rows": 1500000, "Plan Width": 8}, {"Node Type": "Index Scan", "Parent Relationship": "Inner", "Scan Direction": "Forward", "Index Name": "idx_orders_custkey", "Relation Name": "orders", "Alias": "orders", "Startup Cost": 0.0, "Total Cost": 1598013.99, "Plan Rows": 14844648, "Plan Width": 16, "Filter": "((o_comment)::text !~~ '%pending%deposits%'::text), (LLVM Optimized)"}]}]}]}]}]}, "Unique SQL Id": 3026328400}, "explain_analyze_plan": {"Plan": {"Node Type": "Sort", "Startup Cost": 1852351.93, "Total Cost": 1852352.43, "Plan Rows": 200, "Plan Width": 8, "Actual Startup Time": 48929.354, "Actual Total Time": 48929.357, "Actual Rows": 46, "Actual Loops": 1, "Sort Key": ["(count(*)) DESC", "c_orders.c_count DESC"], "Sort Method": "quicksort", "Sort Space Used": 29, "Sort Space Type": "Memory", "Plans": [{"Node Type": "Aggregate", "Strategy": "Hashed", "Parent Relationship": "Outer", "Startup Cost": 1852342.28, "Total Cost": 1852344.28, "Plan Rows": 200, "Plan Width": 8, "Actual Startup Time": 48929.296, "Actual Total Time": 48929.305, "Actual Rows": 46, "Actual Loops": 1, "Group By Key": ["c_orders.c_count"], "Plans": [{"Node Type": "Subquery Scan", "Parent Relationship": "Outer", "Alias": "c_orders", "Startup Cost": 0.0, "Total Cost": 1844842.28, "Plan Rows": 1500000, "Plan Width": 8, "Actual Startup Time": 0.125, "Actual Total Time": 48361.113, "Actual Rows": 1500000, "Actual Loops": 1, "Plans": [{"Node Type": "Aggregate", "Strategy": "Sorted", "Parent Relationship": "Subquery", "Startup Cost": 0.0, "Total Cost": 1829842.28, "Plan Rows": 1500000, "Plan Width": 24, "Actual Startup Time": 0.124, "Actual Total Time": 48071.402, "Actual Rows": 1500000, "Actual Loops": 1, "Group By Key": ["customer.c_custkey"], "Plans": [{"Node Type": "Merge Join", "Parent Relationship": "Outer", "Join Type": "Left", "Startup Cost": 0.0, "Total Cost": 1783090.7, "Plan Rows": 6350316, "Plan Width": 16, "Actual Startup Time": 0.064, "Actual Total Time": 44016.822, "Actual Rows": 15338153, "Actual Loops": 1, "Inner Unique": false, "Merge Cond": "(customer.c_custkey = orders.o_custkey)", "Plans": [{"Node Type": "Index Scan", "Parent Relationship": "Outer", "Scan Direction": "Forward", "Index Name": "customer_pkey", "Relation Name": "customer", "Alias": "customer", "Startup Cost": 0.0, "Total Cost": 80765.36, "Plan Rows": 1500000, "Plan Width": 8, "Actual Startup Time": 0.027, "Actual Total Time": 1035.053, "Actual Rows": 1500000, "Actual Loops": 1}, {"Node Type": "Index Scan", "Parent Relationship": "Inner", "Scan Direction": "Forward", "Index Name": "idx_orders_custkey", "Relation Name": "orders", "Alias": "orders", "Startup Cost": 0.0, "Total Cost": 1598013.99, "Plan Rows": 14844648, "Plan Width": 16, "Actual Startup Time": 0.026, "Actual Total Time": 38262.505, "Actual Rows": 14838130, "Actual Loops": 1, "Filter": "((o_comment)::text !~~ '%pending%deposits%'::text), (LLVM Optimized, Jit Execute)", "Rows Removed by Filter": 161870}]}]}]}]}]}, "Triggers": [], "Planner Runtime": 0.71, "Total Runtime": 48938.448, "Unique SQL Id": 3026328400}}, "(1, 21)": {"explain_plan": {"Plan": {"Node Type": "Sort", "Startup Cost": 1852351.93, "Total Cost": 1852352.43, "Plan Rows": 200, "Plan Width": 8, "Sort Key": ["(count(*)) DESC", "c_orders.c_count DESC"], "Plans": [{"Node Type": "Aggregate", "Strategy": "Hashed", "Parent Relationship": "Outer", "Startup Cost": 1852342.28, "Total Cost": 1852344.28, "Plan Rows": 200, "Plan Width": 8, "Group By Key": ["c_orders.c_count"], "Plans": [{"Node Type": "Subquery Scan", "Parent Relationship": "Outer", "Alias": "c_orders", "Startup Cost": 0.0, "Total Cost": 1844842.28, "Plan Rows": 1500000, "Plan Width": 8, "Plans": [{"Node Type": "Aggregate", "Strategy": "Sorted", "Parent Relationship": "Subquery", "Startup Cost": 0.0, "Total Cost": 1829842.28, "Plan Rows": 1500000, "Plan Width": 24, "Group By Key": ["customer.c_custkey"], "Plans": [{"Node Type": "Merge Join", "Parent Relationship": "Outer", "Join Type": "Left", "Startup Cost": 0.0, "Total Cost": 1783090.7, "Plan Rows": 6350316, "Plan Width": 16, "Inner Unique": false, "Merge Cond": "(customer.c_custkey = orders.o_custkey)", "Plans": [{"Node Type": "Index Scan", "Parent Relationship": "Outer", "Scan Direction": "Forward", "Index Name": "customer_pkey", "Relation Name": "customer", "Alias": "customer", "Startup Cost": 0.0, "Total Cost": 80765.36, "Plan Rows": 1500000, "Plan Width": 8}, {"Node Type": "Index Scan", "Parent Relationship": "Inner", "Scan Direction": "Forward", "Index Name": "idx_orders_custkey", "Relation Name": "orders", "Alias": "orders", "Startup Cost": 0.0, "Total Cost": 1598013.99, "Plan Rows": 14844648, "Plan Width": 16, "Filter": "((o_comment)::text !~~ '%pending%deposits%'::text), (LLVM Optimized)"}]}]}]}]}]}, "Unique SQL Id": 3026328400}, "explain_analyze_plan": {"Plan": {"Node Type": "Sort", "Startup Cost": 1852351.93, "Total Cost": 1852352.43, "Plan Rows": 200, "Plan Width": 8, "Actual Startup Time": 48929.354, "Actual Total Time": 48929.357, "Actual Rows": 46, "Actual Loops": 1, "Sort Key": ["(count(*)) DESC", "c_orders.c_count DESC"], "Sort Method": "quicksort", "Sort Space Used": 29, "Sort Space Type": "Memory", "Plans": [{"Node Type": "Aggregate", "Strategy": "Hashed", "Parent Relationship": "Outer", "Startup Cost": 1852342.28, "Total Cost": 1852344.28, "Plan Rows": 200, "Plan Width": 8, "Actual Startup Time": 48929.296, "Actual Total Time": 48929.305, "Actual Rows": 46, "Actual Loops": 1, "Group By Key": ["c_orders.c_count"], "Plans": [{"Node Type": "Subquery Scan", "Parent Relationship": "Outer", "Alias": "c_orders", "Startup Cost": 0.0, "Total Cost": 1844842.28, "Plan Rows": 1500000, "Plan Width": 8, "Actual Startup Time": 0.125, "Actual Total Time": 48361.113, "Actual Rows": 1500000, "Actual Loops": 1, "Plans": [{"Node Type": "Aggregate", "Strategy": "Sorted", "Parent Relationship": "Subquery", "Startup Cost": 0.0, "Total Cost": 1829842.28, "Plan Rows": 1500000, "Plan Width": 24, "Actual Startup Time": 0.124, "Actual Total Time": 48071.402, "Actual Rows": 1500000, "Actual Loops": 1, "Group By Key": ["customer.c_custkey"], "Plans": [{"Node Type": "Merge Join", "Parent Relationship": "Outer", "Join Type": "Left", "Startup Cost": 0.0, "Total Cost": 1783090.7, "Plan Rows": 6350316, "Plan Width": 16, "Actual Startup Time": 0.064, "Actual Total Time": 44016.822, "Actual Rows": 15338153, "Actual Loops": 1, "Inner Unique": false, "Merge Cond": "(customer.c_custkey = orders.o_custkey)", "Plans": [{"Node Type": "Index Scan", "Parent Relationship": "Outer", "Scan Direction": "Forward", "Index Name": "customer_pkey", "Relation Name": "customer", "Alias": "customer", "Startup Cost": 0.0, "Total Cost": 80765.36, "Plan Rows": 1500000, "Plan Width": 8, "Actual Startup Time": 0.027, "Actual Total Time": 1035.053, "Actual Rows": 1500000, "Actual Loops": 1}, {"Node Type": "Index Scan", "Parent Relationship": "Inner", "Scan Direction": "Forward", "Index Name": "idx_orders_custkey", "Relation Name": "orders", "Alias": "orders", "Startup Cost": 0.0, "Total Cost": 1598013.99, "Plan Rows": 14844648, "Plan Width": 16, "Actual Startup Time": 0.026, "Actual Total Time": 38262.505, "Actual Rows": 14838130, "Actual Loops": 1, "Filter": "((o_comment)::text !~~ '%pending%deposits%'::text), (LLVM Optimized, Jit Execute)", "Rows Removed by Filter": 161870}]}]}]}]}]}, "Triggers": [], "Planner Runtime": 0.71, "Total Runtime": 48938.448, "Unique SQL Id": 3026328400}}, "(1, 22)": {"explain_plan": {"Plan": {"Node Type": "Sort", "Startup Cost": 2652650.54, "Total Cost": 2652651.04, "Plan Rows": 200, "Plan Width": 8, "Sort Key": ["(count(*)) DESC", "c_orders.c_count DESC"], "Plans": [{"Node Type": "Aggregate", "Strategy": "Hashed", "Parent Relationship": "Outer", "Startup Cost": 2652640.9, "Total Cost": 2652642.9, "Plan Rows": 200, "Plan Width": 8, "Group By Key": ["c_orders.c_count"], "Plans": [{"Node Type": "Subquery Scan", "Parent Relationship": "Outer", "Alias": "c_orders", "Startup Cost": 2438165.34, "Total Cost": 2645140.9, "Plan Rows": 1500000, "Plan Width": 8, "Plans": [{"Node Type": "Aggregate", "Strategy": "Sorted", "Parent Relationship": "Subquery", "Startup Cost": 2438165.34, "Total Cost": 2630140.9, "Plan Rows": 1500000, "Plan Width": 24, "Group By Key": ["customer.c_custkey"], "Plans": [{"Node Type": "Merge Join", "Parent Relationship": "Outer", "Join Type": "Left", "Startup Cost": 2438165.34, "Total Cost": 2583389.32, "Plan Rows": 6350316, "Plan Width": 16, "Inner Unique": false, "Merge Cond": "(customer.c_custkey = orders.o_custkey)", "Plans": [{"Node Type": "Sort", "Parent Relationship": "Outer", "Startup Cost": 205999.98, "Total Cost": 209749.98, "Plan Rows": 1500000, "Plan Width": 8, "Sort Key": ["customer.c_custkey"], "Plans": [{"Node Type": "Seq Scan", "Parent Relationship": "Outer", "Relation Name": "customer", "Alias": "customer", "Startup Cost": 0.0, "Total Cost": 52126.0, "Plan Rows": 1500000, "Plan Width": 8}]}, {"Node Type": "Sort", "Parent Relationship": "Inner", "Startup Cost": 2232165.36, "Total Cost": 2269276.98, "Plan Rows": 14844648, "Plan Width": 16, "Sort Key": ["orders.o_custkey"], "Plans": [{"Node Type": "Seq Scan", "Parent Relationship": "Outer", "Relation Name": "orders", "Alias": "orders", "Startup Cost": 0.0, "Total Cost": 463912.49, "Plan Rows": 14844648, "Plan Width": 16, "Filter": "((o_comment)::text !~~ '%pending%deposits%'::text), (LLVM Optimized)"}]}]}]}]}]}]}, "Unique SQL Id": 3026328400}, "explain_analyze_plan": {"Plan": {"Node Type": "Sort", "Startup Cost": 2652650.54, "Total Cost": 2652651.04, "Plan Rows": 200, "Plan Width": 8, "Actual Startup Time": 28386.189, "Actual Total Time": 28386.192, "Actual Rows": 46, "Actual Loops": 1, "Sort Key": ["(count(*)) DESC", "c_orders.c_count DESC"], "Sort Method": "quicksort", "Sort Space Used": 29, "Sort Space Type": "Memory", "Plans": [{"Node Type": "Aggregate", "Strategy": "Hashed", "Parent Relationship": "Outer", "Startup Cost": 2652640.9, "Total Cost": 2652642.9, "Plan Rows": 200, "Plan Width": 8, "Actual Startup Time": 28386.135, "Actual Total Time": 28386.145, "Actual Rows": 46, "Actual Loops": 1, "Group By Key": ["c_orders.c_count"], "Plans": [{"Node Type": "Subquery Scan", "Parent Relationship": "Outer", "Alias": "c_orders", "Startup Cost": 2438165.34, "Total Cost": 2645140.9, "Plan Rows": 1500000, "Plan Width": 8, "Actual Startup Time": 15825.996, "Actual Total Time": 27893.621, "Actual Rows": 1500000, "Actual Loops": 1, "Plans": [{"Node Type": "Aggregate", "Strategy": "Sorted", "Parent Relationship": "Subquery", "Startup Cost": 2438165.34, "Total Cost": 2630140.9, "Plan Rows": 1500000, "Plan Width": 24, "Actual Startup Time": 15825.994, "Actual Total Time": 27618.53, "Actual Rows": 1500000, "Actual Loops": 1, "Group By Key": ["customer.c_custkey"], "Plans": [{"Node Type": "Merge Join", "Parent Relationship": "Outer", "Join Type": "Left", "Startup Cost": 2438165.34, "Total Cost": 2583389.32, "Plan Rows": 6350316, "Plan Width": 16, "Actual Startup Time": 15825.958, "Actual Total Time": 24242.037, "Actual Rows": 15338153, "Actual Loops": 1, "Inner Unique": false, "Merge Cond": "(customer.c_custkey = orders.o_custkey)", "Plans": [{"Node Type": "Sort", "Parent Relationship": "Outer", "Startup Cost": 205999.98, "Total Cost": 209749.98, "Plan Rows": 1500000, "Plan Width": 8, "Actual Startup Time": 952.755, "Actual Total Time": 1161.709, "Actual Rows": 1500000, "Actual Loops": 1, "Sort Key": ["customer.c_custkey"], "Sort Method": "quicksort", "Sort Space Used": 142903, "Sort Space Type": "Memory", "Plans": [{"Node Type": "Seq Scan", "Parent Relationship": "Outer", "Relation Name": "customer", "Alias": "customer", "Startup Cost": 0.0, "Total Cost": 52126.0, "Plan Rows": 1500000, "Plan Width": 8, "Actual Startup Time": 0.019, "Actual Total Time": 475.423, "Actual Rows": 1500000, "Actual Loops": 1}]}, {"Node Type": "Sort", "Parent Relationship": "Inner", "Startup Cost": 2232165.36, "Total Cost": 2269276.98, "Plan Rows": 14844648, "Plan Width": 16, "Actual Startup Time": 14873.179, "Actual Total Time": 19215.085, "Actual Rows": 14838130, "Actual Loops": 1, "Sort Key": ["orders.o_custkey"], "Sort Method": "quicksort", "Sort Space Used": 1784291, "Sort Space Type": "Memory", "Plans": [{"Node Type": "Seq Scan", "Parent Relationship": "Outer", "Relation Name": "orders", "Alias": "orders", "Startup Cost": 0.0, "Total Cost": 463912.49, "Plan Rows": 14844648, "Plan Width": 16, "Actual Startup Time": 0.044, "Actual Total Time": 8812.829, "Actual Rows": 14838130, "Actual Loops": 1, "Filter": "((o_comment)::text !~~ '%pending%deposits%'::text), (LLVM Optimized, Jit Execute)", "Rows Removed by Filter": 161870}]}]}]}]}]}]}, "Triggers": [], "Planner Runtime": 0.694, "Total Runtime": 28395.277, "Unique SQL Id": 3026328400}}, "(1, 23)": {"explain_plan": {"Plan": {"Node Type": "Sort", "Startup Cost": 1000014947164.85, "Total Cost": 1000014947165.35, "Plan Rows": 200, "Plan Width": 8, "Sort Key": ["(count(*)) DESC", "c_orders.c_count DESC"], "Plans": [{"Node Type": "Aggregate", "Strategy": "Hashed", "Parent Relationship": "Outer", "Startup Cost": 1000014947155.2, "Total Cost": 1000014947157.2, "Plan Rows": 200, "Plan Width": 8, "Group By Key": ["c_orders.c_count"], "Plans": [{"Node Type": "Subquery Scan", "Parent Relationship": "Outer", "Alias": "c_orders", "Startup Cost": 10000000000.43, "Total Cost": 1000014939655.2, "Plan Rows": 1500000, "Plan Width": 8, "Plans": [{"Node Type": "Aggregate", "Strategy": "Sorted", "Parent Relationship": "Subquery", "Startup Cost": 10000000000.43, "Total Cost": 1000014924655.2, "Plan Rows": 1500000, "Plan Width": 24, "Group By Key": ["customer.c_custkey"], "Plans": [{"Node Type": "Nested Loop", "Parent Relationship": "Outer", "Join Type": "Left", "Startup Cost": 10000000000.43, "Total Cost": 1000014877903.62, "Plan Rows": 6350316, "Plan Width": 16, "Inner Unique": false, "Plans": [{"Node Type": "Index Scan", "Parent Relationship": "Outer", "Scan Direction": "Forward", "Index Name": "customer_pkey", "Relation Name": "customer", "Alias": "customer", "Startup Cost": 10000000000.0, "Total Cost": 1000008076535.62, "Plan Rows": 1500000, "Plan Width": 8}, {"Node Type": "Bitmap Heap Scan", "Parent Relationship": "Inner", "Relation Name": "orders", "Alias": "orders", "Startup Cost": 0.43, "Total Cost": 4.49, "Plan Rows": 4, "Plan Width": 16, "Recheck Cond": "(customer.c_custkey = o_custkey)", "Filter": "((o_comment)::text !~~ '%pending%deposits%'::text)", "Plans": [{"Node Type": "Bitmap Index Scan", "Parent Relationship": "Outer", "Index Name": "idx_orders_custkey", "Startup Cost": 0.0, "Total Cost": 0.43, "Plan Rows": 4, "Plan Width": 0, "Index Cond": "(customer.c_custkey = o_custkey)"}]}]}]}]}]}]}, "Unique SQL Id": 3026328400}, "explain_analyze_plan": null}, "(1, 24)": {"explain_plan": {"Plan": {"Node Type": "Sort", "Startup Cost": 1815222.82, "Total Cost": 1815223.32, "Plan Rows": 200, "Plan Width": 8, "Sort Key": ["(count(*)) DESC", "c_orders.c_count DESC"], "Plans": [{"Node Type": "Aggregate", "Strategy": "Hashed", "Parent Relationship": "Outer", "Startup Cost": 1815213.18, "Total Cost": 1815215.18, "Plan Rows": 200, "Plan Width": 8, "Group By Key": ["c_orders.c_count"], "Plans": [{"Node Type": "Subquery Scan", "Parent Relationship": "Outer", "Alias": "c_orders", "Startup Cost": 0.0, "Total Cost": 1807713.18, "Plan Rows": 1500000, "Plan Width": 8, "Plans": [{"Node Type": "Aggregate", "Strategy": "Sorted", "Parent Relationship": "Subquery", "Startup Cost": 0.0, "Total Cost": 1792713.18, "Plan Rows": 1500000, "Plan Width": 24, "Group By Key": ["customer.c_custkey"], "Plans": [{"Node Type": "Merge Join", "Parent Relationship": "Outer", "Join Type": "Left", "Startup Cost": 0.0, "Total Cost": 1745961.6, "Plan Rows": 6350316, "Plan Width": 16, "Inner Unique": false, "Merge Cond": "(customer.c_custkey = orders.o_custkey)", "Plans": [{"Node Type": "Index Only Scan", "Parent Relationship": "Outer", "Scan Direction": "Forward", "Index Name": "customer_pkey", "Relation Name": "customer", "Alias": "customer", "Startup Cost": 0.0, "Total Cost": 43636.25, "Plan Rows": 1500000, "Plan Width": 8}, {"Node Type": "Index Scan", "Parent Relationship": "Inner", "Scan Direction": "Forward", "Index Name": "idx_orders_custkey", "Relation Name": "orders", "Alias": "orders", "Startup Cost": 0.0, "Total Cost": 1598013.99, "Plan Rows": 14844648, "Plan Width": 16, "Filter": "((o_comment)::text !~~ '%pending%deposits%'::text), (LLVM Optimized)"}]}]}]}]}]}, "Unique SQL Id": 3026328400}, "explain_analyze_plan": {"Plan": {"Node Type": "Sort", "Startup Cost": 1815222.82, "Total Cost": 1815223.32, "Plan Rows": 200, "Plan Width": 8, "Actual Startup Time": 49456.672, "Actual Total Time": 49456.675, "Actual Rows": 46, "Actual Loops": 1, "Sort Key": ["(count(*)) DESC", "c_orders.c_count DESC"], "Sort Method": "quicksort", "Sort Space Used": 29, "Sort Space Type": "Memory", "Plans": [{"Node Type": "Aggregate", "Strategy": "Hashed", "Parent Relationship": "Outer", "Startup Cost": 1815213.18, "Total Cost": 1815215.18, "Plan Rows": 200, "Plan Width": 8, "Actual Startup Time": 49456.615, "Actual Total Time": 49456.628, "Actual Rows": 46, "Actual Loops": 1, "Group By Key": ["c_orders.c_count"], "Plans": [{"Node Type": "Subquery Scan", "Parent Relationship": "Outer", "Alias": "c_orders", "Startup Cost": 0.0, "Total Cost": 1807713.18, "Plan Rows": 1500000, "Plan Width": 8, "Actual Startup Time": 0.146, "Actual Total Time": 48893.237, "Actual Rows": 1500000, "Actual Loops": 1, "Plans": [{"Node Type": "Aggregate", "Strategy": "Sorted", "Parent Relationship": "Subquery", "Startup Cost": 0.0, "Total Cost": 1792713.18, "Plan Rows": 1500000, "Plan Width": 24, "Actual Startup Time": 0.146, "Actual Total Time": 48595.012, "Actual Rows": 1500000, "Actual Loops": 1, "Group By Key": ["customer.c_custkey"], "Plans": [{"Node Type": "Merge Join", "Parent Relationship": "Outer", "Join Type": "Left", "Startup Cost": 0.0, "Total Cost": 1745961.6, "Plan Rows": 6350316, "Plan Width": 16, "Actual Startup Time": 0.073, "Actual Total Time": 44566.394, "Actual Rows": 15338153, "Actual Loops": 1, "Inner Unique": false, "Merge Cond": "(customer.c_custkey = orders.o_custkey)", "Plans": [{"Node Type": "Index Only Scan", "Parent Relationship": "Outer", "Scan Direction": "Forward", "Index Name": "customer_pkey", "Relation Name": "customer", "Alias": "customer", "Startup Cost": 0.0, "Total Cost": 43636.25, "Plan Rows": 1500000, "Plan Width": 8, "Actual Startup Time": 0.029, "Actual Total Time": 420.485, "Actual Rows": 1500000, "Actual Loops": 1, "Heap Fetches": 0}, {"Node Type": "Index Scan", "Parent Relationship": "Inner", "Scan Direction": "Forward", "Index Name": "idx_orders_custkey", "Relation Name": "orders", "Alias": "orders", "Startup Cost": 0.0, "Total Cost": 1598013.99, "Plan Rows": 14844648, "Plan Width": 16, "Actual Startup Time": 0.033, "Actual Total Time": 39523.673, "Actual Rows": 14838130, "Actual Loops": 1, "Filter": "((o_comment)::text !~~ '%pending%deposits%'::text), (LLVM Optimized, Jit Execute)", "Rows Removed by Filter": 161870}]}]}]}]}]}, "Triggers": [], "Planner Runtime": 0.791, "Total Runtime": 49465.812, "Unique SQL Id": 3026328400}}, "(1, 25)": {"explain_plan": {"Plan": {"Node Type": "Sort", "Startup Cost": 1815222.82, "Total Cost": 1815223.32, "Plan Rows": 200, "Plan Width": 8, "Sort Key": ["(count(*)) DESC", "c_orders.c_count DESC"], "Plans": [{"Node Type": "Aggregate", "Strategy": "Hashed", "Parent Relationship": "Outer", "Startup Cost": 1815213.18, "Total Cost": 1815215.18, "Plan Rows": 200, "Plan Width": 8, "Group By Key": ["c_orders.c_count"], "Plans": [{"Node Type": "Subquery Scan", "Parent Relationship": "Outer", "Alias": "c_orders", "Startup Cost": 0.0, "Total Cost": 1807713.18, "Plan Rows": 1500000, "Plan Width": 8, "Plans": [{"Node Type": "Aggregate", "Strategy": "Sorted", "Parent Relationship": "Subquery", "Startup Cost": 0.0, "Total Cost": 1792713.18, "Plan Rows": 1500000, "Plan Width": 24, "Group By Key": ["customer.c_custkey"], "Plans": [{"Node Type": "Merge Join", "Parent Relationship": "Outer", "Join Type": "Left", "Startup Cost": 0.0, "Total Cost": 1745961.6, "Plan Rows": 6350316, "Plan Width": 16, "Inner Unique": false, "Merge Cond": "(customer.c_custkey = orders.o_custkey)", "Plans": [{"Node Type": "Index Only Scan", "Parent Relationship": "Outer", "Scan Direction": "Forward", "Index Name": "customer_pkey", "Relation Name": "customer", "Alias": "customer", "Startup Cost": 0.0, "Total Cost": 43636.25, "Plan Rows": 1500000, "Plan Width": 8}, {"Node Type": "Index Scan", "Parent Relationship": "Inner", "Scan Direction": "Forward", "Index Name": "idx_orders_custkey", "Relation Name": "orders", "Alias": "orders", "Startup Cost": 0.0, "Total Cost": 1598013.99, "Plan Rows": 14844648, "Plan Width": 16, "Filter": "((o_comment)::text !~~ '%pending%deposits%'::text), (LLVM Optimized)"}]}]}]}]}]}, "Unique SQL Id": 3026328400}, "explain_analyze_plan": {"Plan": {"Node Type": "Sort", "Startup Cost": 1815222.82, "Total Cost": 1815223.32, "Plan Rows": 200, "Plan Width": 8, "Actual Startup Time": 49456.672, "Actual Total Time": 49456.675, "Actual Rows": 46, "Actual Loops": 1, "Sort Key": ["(count(*)) DESC", "c_orders.c_count DESC"], "Sort Method": "quicksort", "Sort Space Used": 29, "Sort Space Type": "Memory", "Plans": [{"Node Type": "Aggregate", "Strategy": "Hashed", "Parent Relationship": "Outer", "Startup Cost": 1815213.18, "Total Cost": 1815215.18, "Plan Rows": 200, "Plan Width": 8, "Actual Startup Time": 49456.615, "Actual Total Time": 49456.628, "Actual Rows": 46, "Actual Loops": 1, "Group By Key": ["c_orders.c_count"], "Plans": [{"Node Type": "Subquery Scan", "Parent Relationship": "Outer", "Alias": "c_orders", "Startup Cost": 0.0, "Total Cost": 1807713.18, "Plan Rows": 1500000, "Plan Width": 8, "Actual Startup Time": 0.146, "Actual Total Time": 48893.237, "Actual Rows": 1500000, "Actual Loops": 1, "Plans": [{"Node Type": "Aggregate", "Strategy": "Sorted", "Parent Relationship": "Subquery", "Startup Cost": 0.0, "Total Cost": 1792713.18, "Plan Rows": 1500000, "Plan Width": 24, "Actual Startup Time": 0.146, "Actual Total Time": 48595.012, "Actual Rows": 1500000, "Actual Loops": 1, "Group By Key": ["customer.c_custkey"], "Plans": [{"Node Type": "Merge Join", "Parent Relationship": "Outer", "Join Type": "Left", "Startup Cost": 0.0, "Total Cost": 1745961.6, "Plan Rows": 6350316, "Plan Width": 16, "Actual Startup Time": 0.073, "Actual Total Time": 44566.394, "Actual Rows": 15338153, "Actual Loops": 1, "Inner Unique": false, "Merge Cond": "(customer.c_custkey = orders.o_custkey)", "Plans": [{"Node Type": "Index Only Scan", "Parent Relationship": "Outer", "Scan Direction": "Forward", "Index Name": "customer_pkey", "Relation Name": "customer", "Alias": "customer", "Startup Cost": 0.0, "Total Cost": 43636.25, "Plan Rows": 1500000, "Plan Width": 8, "Actual Startup Time": 0.029, "Actual Total Time": 420.485, "Actual Rows": 1500000, "Actual Loops": 1, "Heap Fetches": 0}, {"Node Type": "Index Scan", "Parent Relationship": "Inner", "Scan Direction": "Forward", "Index Name": "idx_orders_custkey", "Relation Name": "orders", "Alias": "orders", "Startup Cost": 0.0, "Total Cost": 1598013.99, "Plan Rows": 14844648, "Plan Width": 16, "Actual Startup Time": 0.033, "Actual Total Time": 39523.673, "Actual Rows": 14838130, "Actual Loops": 1, "Filter": "((o_comment)::text !~~ '%pending%deposits%'::text), (LLVM Optimized, Jit Execute)", "Rows Removed by Filter": 161870}]}]}]}]}]}, "Triggers": [], "Planner Runtime": 0.791, "Total Runtime": 49465.812, "Unique SQL Id": 3026328400}}, "(1, 26)": {"explain_plan": {"Plan": {"Node Type": "Sort", "Startup Cost": 2652650.54, "Total Cost": 2652651.04, "Plan Rows": 200, "Plan Width": 8, "Sort Key": ["(count(*)) DESC", "c_orders.c_count DESC"], "Plans": [{"Node Type": "Aggregate", "Strategy": "Hashed", "Parent Relationship": "Outer", "Startup Cost": 2652640.9, "Total Cost": 2652642.9, "Plan Rows": 200, "Plan Width": 8, "Group By Key": ["c_orders.c_count"], "Plans": [{"Node Type": "Subquery Scan", "Parent Relationship": "Outer", "Alias": "c_orders", "Startup Cost": 2438165.34, "Total Cost": 2645140.9, "Plan Rows": 1500000, "Plan Width": 8, "Plans": [{"Node Type": "Aggregate", "Strategy": "Sorted", "Parent Relationship": "Subquery", "Startup Cost": 2438165.34, "Total Cost": 2630140.9, "Plan Rows": 1500000, "Plan Width": 24, "Group By Key": ["customer.c_custkey"], "Plans": [{"Node Type": "Merge Join", "Parent Relationship": "Outer", "Join Type": "Left", "Startup Cost": 2438165.34, "Total Cost": 2583389.32, "Plan Rows": 6350316, "Plan Width": 16, "Inner Unique": false, "Merge Cond": "(customer.c_custkey = orders.o_custkey)", "Plans": [{"Node Type": "Sort", "Parent Relationship": "Outer", "Startup Cost": 205999.98, "Total Cost": 209749.98, "Plan Rows": 1500000, "Plan Width": 8, "Sort Key": ["customer.c_custkey"], "Plans": [{"Node Type": "Seq Scan", "Parent Relationship": "Outer", "Relation Name": "customer", "Alias": "customer", "Startup Cost": 0.0, "Total Cost": 52126.0, "Plan Rows": 1500000, "Plan Width": 8}]}, {"Node Type": "Sort", "Parent Relationship": "Inner", "Startup Cost": 2232165.36, "Total Cost": 2269276.98, "Plan Rows": 14844648, "Plan Width": 16, "Sort Key": ["orders.o_custkey"], "Plans": [{"Node Type": "Seq Scan", "Parent Relationship": "Outer", "Relation Name": "orders", "Alias": "orders", "Startup Cost": 0.0, "Total Cost": 463912.49, "Plan Rows": 14844648, "Plan Width": 16, "Filter": "((o_comment)::text !~~ '%pending%deposits%'::text), (LLVM Optimized)"}]}]}]}]}]}]}, "Unique SQL Id": 3026328400}, "explain_analyze_plan": {"Plan": {"Node Type": "Sort", "Startup Cost": 2652650.54, "Total Cost": 2652651.04, "Plan Rows": 200, "Plan Width": 8, "Actual Startup Time": 28386.189, "Actual Total Time": 28386.192, "Actual Rows": 46, "Actual Loops": 1, "Sort Key": ["(count(*)) DESC", "c_orders.c_count DESC"], "Sort Method": "quicksort", "Sort Space Used": 29, "Sort Space Type": "Memory", "Plans": [{"Node Type": "Aggregate", "Strategy": "Hashed", "Parent Relationship": "Outer", "Startup Cost": 2652640.9, "Total Cost": 2652642.9, "Plan Rows": 200, "Plan Width": 8, "Actual Startup Time": 28386.135, "Actual Total Time": 28386.145, "Actual Rows": 46, "Actual Loops": 1, "Group By Key": ["c_orders.c_count"], "Plans": [{"Node Type": "Subquery Scan", "Parent Relationship": "Outer", "Alias": "c_orders", "Startup Cost": 2438165.34, "Total Cost": 2645140.9, "Plan Rows": 1500000, "Plan Width": 8, "Actual Startup Time": 15825.996, "Actual Total Time": 27893.621, "Actual Rows": 1500000, "Actual Loops": 1, "Plans": [{"Node Type": "Aggregate", "Strategy": "Sorted", "Parent Relationship": "Subquery", "Startup Cost": 2438165.34, "Total Cost": 2630140.9, "Plan Rows": 1500000, "Plan Width": 24, "Actual Startup Time": 15825.994, "Actual Total Time": 27618.53, "Actual Rows": 1500000, "Actual Loops": 1, "Group By Key": ["customer.c_custkey"], "Plans": [{"Node Type": "Merge Join", "Parent Relationship": "Outer", "Join Type": "Left", "Startup Cost": 2438165.34, "Total Cost": 2583389.32, "Plan Rows": 6350316, "Plan Width": 16, "Actual Startup Time": 15825.958, "Actual Total Time": 24242.037, "Actual Rows": 15338153, "Actual Loops": 1, "Inner Unique": false, "Merge Cond": "(customer.c_custkey = orders.o_custkey)", "Plans": [{"Node Type": "Sort", "Parent Relationship": "Outer", "Startup Cost": 205999.98, "Total Cost": 209749.98, "Plan Rows": 1500000, "Plan Width": 8, "Actual Startup Time": 952.755, "Actual Total Time": 1161.709, "Actual Rows": 1500000, "Actual Loops": 1, "Sort Key": ["customer.c_custkey"], "Sort Method": "quicksort", "Sort Space Used": 142903, "Sort Space Type": "Memory", "Plans": [{"Node Type": "Seq Scan", "Parent Relationship": "Outer", "Relation Name": "customer", "Alias": "customer", "Startup Cost": 0.0, "Total Cost": 52126.0, "Plan Rows": 1500000, "Plan Width": 8, "Actual Startup Time": 0.019, "Actual Total Time": 475.423, "Actual Rows": 1500000, "Actual Loops": 1}]}, {"Node Type": "Sort", "Parent Relationship": "Inner", "Startup Cost": 2232165.36, "Total Cost": 2269276.98, "Plan Rows": 14844648, "Plan Width": 16, "Actual Startup Time": 14873.179, "Actual Total Time": 19215.085, "Actual Rows": 14838130, "Actual Loops": 1, "Sort Key": ["orders.o_custkey"], "Sort Method": "quicksort", "Sort Space Used": 1784291, "Sort Space Type": "Memory", "Plans": [{"Node Type": "Seq Scan", "Parent Relationship": "Outer", "Relation Name": "orders", "Alias": "orders", "Startup Cost": 0.0, "Total Cost": 463912.49, "Plan Rows": 14844648, "Plan Width": 16, "Actual Startup Time": 0.044, "Actual Total Time": 8812.829, "Actual Rows": 14838130, "Actual Loops": 1, "Filter": "((o_comment)::text !~~ '%pending%deposits%'::text), (LLVM Optimized, Jit Execute)", "Rows Removed by Filter": 161870}]}]}]}]}]}]}, "Triggers": [], "Planner Runtime": 0.694, "Total Runtime": 28395.277, "Unique SQL Id": 3026328400}}, "(1, 27)": {"explain_plan": {"Plan": {"Node Type": "Sort", "Startup Cost": 2000131988437.04, "Total Cost": 2000131988437.54, "Plan Rows": 200, "Plan Width": 8, "Sort Key": ["(count(*)) DESC", "c_orders.c_count DESC"], "Plans": [{"Node Type": "Aggregate", "Strategy": "Hashed", "Parent Relationship": "Outer", "Startup Cost": 2000131988427.4, "Total Cost": 2000131988429.4, "Plan Rows": 200, "Plan Width": 8, "Group By Key": ["c_orders.c_count"], "Plans": [{"Node Type": "Subquery Scan", "Parent Relationship": "Outer", "Alias": "c_orders", "Startup Cost": 20000000000.0, "Total Cost": 2000131980927.4, "Plan Rows": 1500000, "Plan Width": 8, "Plans": [{"Node Type": "Aggregate", "Strategy": "Sorted", "Parent Relationship": "Subquery", "Startup Cost": 20000000000.0, "Total Cost": 2000131965927.4, "Plan Rows": 1500000, "Plan Width": 24, "Group By Key": ["customer.c_custkey"], "Plans": [{"Node Type": "Merge Join", "Parent Relationship": "Outer", "Join Type": "Left", "Startup Cost": 20000000000.0, "Total Cost": 2000131919175.82, "Plan Rows": 6350316, "Plan Width": 16, "Inner Unique": false, "Merge Cond": "(customer.c_custkey = orders.o_custkey)", "Plans": [{"Node Type": "Index Only Scan", "Parent Relationship": "Outer", "Scan Direction": "Forward", "Index Name": "customer_pkey", "Relation Name": "customer", "Alias": "customer", "Startup Cost": 10000000000.0, "Total Cost": 1000004363625.0, "Plan Rows": 1500000, "Plan Width": 8}, {"Node Type": "Index Scan", "Parent Relationship": "Inner", "Scan Direction": "Forward", "Index Name": "idx_orders_custkey", "Relation Name": "orders", "Alias": "orders", "Startup Cost": 10000000000.0, "Total Cost": 1000159801398.83, "Plan Rows": 14844648, "Plan Width": 16, "Filter": "((o_comment)::text !~~ '%pending%deposits%'::text), (LLVM Optimized)"}]}]}]}]}]}, "Unique SQL Id": 3026328400}, "explain_analyze_plan": {"Plan": {"Node Type": "Sort", "Startup Cost": 2000131988437.04, "Total Cost": 2000131988437.54, "Plan Rows": 200, "Plan Width": 8, "Actual Startup Time": 47785.555, "Actual Total Time": 47785.559, "Actual Rows": 46, "Actual Loops": 1, "Sort Key": ["(count(*)) DESC", "c_orders.c_count DESC"], "Sort Method": "quicksort", "Sort Space Used": 29, "Sort Space Type": "Memory", "Plans": [{"Node Type": "Aggregate", "Strategy": "Hashed", "Parent Relationship": "Outer", "Startup Cost": 2000131988427.4, "Total Cost": 2000131988429.4, "Plan Rows": 200, "Plan Width": 8, "Actual Startup Time": 47785.489, "Actual Total Time": 47785.504, "Actual Rows": 46, "Actual Loops": 1, "Group By Key": ["c_orders.c_count"], "Plans": [{"Node Type": "Subquery Scan", "Parent Relationship": "Outer", "Alias": "c_orders", "Startup Cost": 20000000000.0, "Total Cost": 2000131980927.4, "Plan Rows": 1500000, "Plan Width": 8, "Actual Startup Time": 0.141, "Actual Total Time": 47223.613, "Actual Rows": 1500000, "Actual Loops": 1, "Plans": [{"Node Type": "Aggregate", "Strategy": "Sorted", "Parent Relationship": "Subquery", "Startup Cost": 20000000000.0, "Total Cost": 2000131965927.4, "Plan Rows": 1500000, "Plan Width": 24, "Actual Startup Time": 0.139, "Actual Total Time": 46925.32, "Actual Rows": 1500000, "Actual Loops": 1, "Group By Key": ["customer.c_custkey"], "Plans": [{"Node Type": "Merge Join", "Parent Relationship": "Outer", "Join Type": "Left", "Startup Cost": 20000000000.0, "Total Cost": 2000131919175.82, "Plan Rows": 6350316, "Plan Width": 16, "Actual Startup Time": 0.069, "Actual Total Time": 42907.445, "Actual Rows": 15338153, "Actual Loops": 1, "Inner Unique": false, "Merge Cond": "(customer.c_custkey = orders.o_custkey)", "Plans": [{"Node Type": "Index Only Scan", "Parent Relationship": "Outer", "Scan Direction": "Forward", "Index Name": "customer_pkey", "Relation Name": "customer", "Alias": "customer", "Startup Cost": 10000000000.0, "Total Cost": 1000004363625.0, "Plan Rows": 1500000, "Plan Width": 8, "Actual Startup Time": 0.027, "Actual Total Time": 402.119, "Actual Rows": 1500000, "Actual Loops": 1, "Heap Fetches": 0}, {"Node Type": "Index Scan", "Parent Relationship": "Inner", "Scan Direction": "Forward", "Index Name": "idx_orders_custkey", "Relation Name": "orders", "Alias": "orders", "Startup Cost": 10000000000.0, "Total Cost": 1000159801398.83, "Plan Rows": 14844648, "Plan Width": 16, "Actual Startup Time": 0.03, "Actual Total Time": 37892.011, "Actual Rows": 14838130, "Actual Loops": 1, "Filter": "((o_comment)::text !~~ '%pending%deposits%'::text), (LLVM Optimized, Jit Execute)", "Rows Removed by Filter": 161870}]}]}]}]}]}, "Triggers": [], "Planner Runtime": 0.742, "Total Runtime": 47794.697, "Unique SQL Id": 3026328400}}, "(1, 28)": {"explain_plan": {"Plan": {"Node Type": "Sort", "Startup Cost": 1852351.93, "Total Cost": 1852352.43, "Plan Rows": 200, "Plan Width": 8, "Sort Key": ["(count(*)) DESC", "c_orders.c_count DESC"], "Plans": [{"Node Type": "Aggregate", "Strategy": "Hashed", "Parent Relationship": "Outer", "Startup Cost": 1852342.28, "Total Cost": 1852344.28, "Plan Rows": 200, "Plan Width": 8, "Group By Key": ["c_orders.c_count"], "Plans": [{"Node Type": "Subquery Scan", "Parent Relationship": "Outer", "Alias": "c_orders", "Startup Cost": 0.0, "Total Cost": 1844842.28, "Plan Rows": 1500000, "Plan Width": 8, "Plans": [{"Node Type": "Aggregate", "Strategy": "Sorted", "Parent Relationship": "Subquery", "Startup Cost": 0.0, "Total Cost": 1829842.28, "Plan Rows": 1500000, "Plan Width": 24, "Group By Key": ["customer.c_custkey"], "Plans": [{"Node Type": "Merge Join", "Parent Relationship": "Outer", "Join Type": "Left", "Startup Cost": 0.0, "Total Cost": 1783090.7, "Plan Rows": 6350316, "Plan Width": 16, "Inner Unique": false, "Merge Cond": "(customer.c_custkey = orders.o_custkey)", "Plans": [{"Node Type": "Index Scan", "Parent Relationship": "Outer", "Scan Direction": "Forward", "Index Name": "customer_pkey", "Relation Name": "customer", "Alias": "customer", "Startup Cost": 0.0, "Total Cost": 80765.36, "Plan Rows": 1500000, "Plan Width": 8}, {"Node Type": "Index Scan", "Parent Relationship": "Inner", "Scan Direction": "Forward", "Index Name": "idx_orders_custkey", "Relation Name": "orders", "Alias": "orders", "Startup Cost": 0.0, "Total Cost": 1598013.99, "Plan Rows": 14844648, "Plan Width": 16, "Filter": "((o_comment)::text !~~ '%pending%deposits%'::text), (LLVM Optimized)"}]}]}]}]}]}, "Unique SQL Id": 3026328400}, "explain_analyze_plan": {"Plan": {"Node Type": "Sort", "Startup Cost": 1852351.93, "Total Cost": 1852352.43, "Plan Rows": 200, "Plan Width": 8, "Actual Startup Time": 48929.354, "Actual Total Time": 48929.357, "Actual Rows": 46, "Actual Loops": 1, "Sort Key": ["(count(*)) DESC", "c_orders.c_count DESC"], "Sort Method": "quicksort", "Sort Space Used": 29, "Sort Space Type": "Memory", "Plans": [{"Node Type": "Aggregate", "Strategy": "Hashed", "Parent Relationship": "Outer", "Startup Cost": 1852342.28, "Total Cost": 1852344.28, "Plan Rows": 200, "Plan Width": 8, "Actual Startup Time": 48929.296, "Actual Total Time": 48929.305, "Actual Rows": 46, "Actual Loops": 1, "Group By Key": ["c_orders.c_count"], "Plans": [{"Node Type": "Subquery Scan", "Parent Relationship": "Outer", "Alias": "c_orders", "Startup Cost": 0.0, "Total Cost": 1844842.28, "Plan Rows": 1500000, "Plan Width": 8, "Actual Startup Time": 0.125, "Actual Total Time": 48361.113, "Actual Rows": 1500000, "Actual Loops": 1, "Plans": [{"Node Type": "Aggregate", "Strategy": "Sorted", "Parent Relationship": "Subquery", "Startup Cost": 0.0, "Total Cost": 1829842.28, "Plan Rows": 1500000, "Plan Width": 24, "Actual Startup Time": 0.124, "Actual Total Time": 48071.402, "Actual Rows": 1500000, "Actual Loops": 1, "Group By Key": ["customer.c_custkey"], "Plans": [{"Node Type": "Merge Join", "Parent Relationship": "Outer", "Join Type": "Left", "Startup Cost": 0.0, "Total Cost": 1783090.7, "Plan Rows": 6350316, "Plan Width": 16, "Actual Startup Time": 0.064, "Actual Total Time": 44016.822, "Actual Rows": 15338153, "Actual Loops": 1, "Inner Unique": false, "Merge Cond": "(customer.c_custkey = orders.o_custkey)", "Plans": [{"Node Type": "Index Scan", "Parent Relationship": "Outer", "Scan Direction": "Forward", "Index Name": "customer_pkey", "Relation Name": "customer", "Alias": "customer", "Startup Cost": 0.0, "Total Cost": 80765.36, "Plan Rows": 1500000, "Plan Width": 8, "Actual Startup Time": 0.027, "Actual Total Time": 1035.053, "Actual Rows": 1500000, "Actual Loops": 1}, {"Node Type": "Index Scan", "Parent Relationship": "Inner", "Scan Direction": "Forward", "Index Name": "idx_orders_custkey", "Relation Name": "orders", "Alias": "orders", "Startup Cost": 0.0, "Total Cost": 1598013.99, "Plan Rows": 14844648, "Plan Width": 16, "Actual Startup Time": 0.026, "Actual Total Time": 38262.505, "Actual Rows": 14838130, "Actual Loops": 1, "Filter": "((o_comment)::text !~~ '%pending%deposits%'::text), (LLVM Optimized, Jit Execute)", "Rows Removed by Filter": 161870}]}]}]}]}]}, "Triggers": [], "Planner Runtime": 0.71, "Total Runtime": 48938.448, "Unique SQL Id": 3026328400}}, "(1, 29)": {"explain_plan": {"Plan": {"Node Type": "Sort", "Startup Cost": 1852351.93, "Total Cost": 1852352.43, "Plan Rows": 200, "Plan Width": 8, "Sort Key": ["(count(*)) DESC", "c_orders.c_count DESC"], "Plans": [{"Node Type": "Aggregate", "Strategy": "Hashed", "Parent Relationship": "Outer", "Startup Cost": 1852342.28, "Total Cost": 1852344.28, "Plan Rows": 200, "Plan Width": 8, "Group By Key": ["c_orders.c_count"], "Plans": [{"Node Type": "Subquery Scan", "Parent Relationship": "Outer", "Alias": "c_orders", "Startup Cost": 0.0, "Total Cost": 1844842.28, "Plan Rows": 1500000, "Plan Width": 8, "Plans": [{"Node Type": "Aggregate", "Strategy": "Sorted", "Parent Relationship": "Subquery", "Startup Cost": 0.0, "Total Cost": 1829842.28, "Plan Rows": 1500000, "Plan Width": 24, "Group By Key": ["customer.c_custkey"], "Plans": [{"Node Type": "Merge Join", "Parent Relationship": "Outer", "Join Type": "Left", "Startup Cost": 0.0, "Total Cost": 1783090.7, "Plan Rows": 6350316, "Plan Width": 16, "Inner Unique": false, "Merge Cond": "(customer.c_custkey = orders.o_custkey)", "Plans": [{"Node Type": "Index Scan", "Parent Relationship": "Outer", "Scan Direction": "Forward", "Index Name": "customer_pkey", "Relation Name": "customer", "Alias": "customer", "Startup Cost": 0.0, "Total Cost": 80765.36, "Plan Rows": 1500000, "Plan Width": 8}, {"Node Type": "Index Scan", "Parent Relationship": "Inner", "Scan Direction": "Forward", "Index Name": "idx_orders_custkey", "Relation Name": "orders", "Alias": "orders", "Startup Cost": 0.0, "Total Cost": 1598013.99, "Plan Rows": 14844648, "Plan Width": 16, "Filter": "((o_comment)::text !~~ '%pending%deposits%'::text), (LLVM Optimized)"}]}]}]}]}]}, "Unique SQL Id": 3026328400}, "explain_analyze_plan": {"Plan": {"Node Type": "Sort", "Startup Cost": 1852351.93, "Total Cost": 1852352.43, "Plan Rows": 200, "Plan Width": 8, "Actual Startup Time": 48929.354, "Actual Total Time": 48929.357, "Actual Rows": 46, "Actual Loops": 1, "Sort Key": ["(count(*)) DESC", "c_orders.c_count DESC"], "Sort Method": "quicksort", "Sort Space Used": 29, "Sort Space Type": "Memory", "Plans": [{"Node Type": "Aggregate", "Strategy": "Hashed", "Parent Relationship": "Outer", "Startup Cost": 1852342.28, "Total Cost": 1852344.28, "Plan Rows": 200, "Plan Width": 8, "Actual Startup Time": 48929.296, "Actual Total Time": 48929.305, "Actual Rows": 46, "Actual Loops": 1, "Group By Key": ["c_orders.c_count"], "Plans": [{"Node Type": "Subquery Scan", "Parent Relationship": "Outer", "Alias": "c_orders", "Startup Cost": 0.0, "Total Cost": 1844842.28, "Plan Rows": 1500000, "Plan Width": 8, "Actual Startup Time": 0.125, "Actual Total Time": 48361.113, "Actual Rows": 1500000, "Actual Loops": 1, "Plans": [{"Node Type": "Aggregate", "Strategy": "Sorted", "Parent Relationship": "Subquery", "Startup Cost": 0.0, "Total Cost": 1829842.28, "Plan Rows": 1500000, "Plan Width": 24, "Actual Startup Time": 0.124, "Actual Total Time": 48071.402, "Actual Rows": 1500000, "Actual Loops": 1, "Group By Key": ["customer.c_custkey"], "Plans": [{"Node Type": "Merge Join", "Parent Relationship": "Outer", "Join Type": "Left", "Startup Cost": 0.0, "Total Cost": 1783090.7, "Plan Rows": 6350316, "Plan Width": 16, "Actual Startup Time": 0.064, "Actual Total Time": 44016.822, "Actual Rows": 15338153, "Actual Loops": 1, "Inner Unique": false, "Merge Cond": "(customer.c_custkey = orders.o_custkey)", "Plans": [{"Node Type": "Index Scan", "Parent Relationship": "Outer", "Scan Direction": "Forward", "Index Name": "customer_pkey", "Relation Name": "customer", "Alias": "customer", "Startup Cost": 0.0, "Total Cost": 80765.36, "Plan Rows": 1500000, "Plan Width": 8, "Actual Startup Time": 0.027, "Actual Total Time": 1035.053, "Actual Rows": 1500000, "Actual Loops": 1}, {"Node Type": "Index Scan", "Parent Relationship": "Inner", "Scan Direction": "Forward", "Index Name": "idx_orders_custkey", "Relation Name": "orders", "Alias": "orders", "Startup Cost": 0.0, "Total Cost": 1598013.99, "Plan Rows": 14844648, "Plan Width": 16, "Actual Startup Time": 0.026, "Actual Total Time": 38262.505, "Actual Rows": 14838130, "Actual Loops": 1, "Filter": "((o_comment)::text !~~ '%pending%deposits%'::text), (LLVM Optimized, Jit Execute)", "Rows Removed by Filter": 161870}]}]}]}]}]}, "Triggers": [], "Planner Runtime": 0.71, "Total Runtime": 48938.448, "Unique SQL Id": 3026328400}}, "(1, 30)": {"explain_plan": {"Plan": {"Node Type": "Sort", "Startup Cost": 2652650.54, "Total Cost": 2652651.04, "Plan Rows": 200, "Plan Width": 8, "Sort Key": ["(count(*)) DESC", "c_orders.c_count DESC"], "Plans": [{"Node Type": "Aggregate", "Strategy": "Hashed", "Parent Relationship": "Outer", "Startup Cost": 2652640.9, "Total Cost": 2652642.9, "Plan Rows": 200, "Plan Width": 8, "Group By Key": ["c_orders.c_count"], "Plans": [{"Node Type": "Subquery Scan", "Parent Relationship": "Outer", "Alias": "c_orders", "Startup Cost": 2438165.34, "Total Cost": 2645140.9, "Plan Rows": 1500000, "Plan Width": 8, "Plans": [{"Node Type": "Aggregate", "Strategy": "Sorted", "Parent Relationship": "Subquery", "Startup Cost": 2438165.34, "Total Cost": 2630140.9, "Plan Rows": 1500000, "Plan Width": 24, "Group By Key": ["customer.c_custkey"], "Plans": [{"Node Type": "Merge Join", "Parent Relationship": "Outer", "Join Type": "Left", "Startup Cost": 2438165.34, "Total Cost": 2583389.32, "Plan Rows": 6350316, "Plan Width": 16, "Inner Unique": false, "Merge Cond": "(customer.c_custkey = orders.o_custkey)", "Plans": [{"Node Type": "Sort", "Parent Relationship": "Outer", "Startup Cost": 205999.98, "Total Cost": 209749.98, "Plan Rows": 1500000, "Plan Width": 8, "Sort Key": ["customer.c_custkey"], "Plans": [{"Node Type": "Seq Scan", "Parent Relationship": "Outer", "Relation Name": "customer", "Alias": "customer", "Startup Cost": 0.0, "Total Cost": 52126.0, "Plan Rows": 1500000, "Plan Width": 8}]}, {"Node Type": "Sort", "Parent Relationship": "Inner", "Startup Cost": 2232165.36, "Total Cost": 2269276.98, "Plan Rows": 14844648, "Plan Width": 16, "Sort Key": ["orders.o_custkey"], "Plans": [{"Node Type": "Seq Scan", "Parent Relationship": "Outer", "Relation Name": "orders", "Alias": "orders", "Startup Cost": 0.0, "Total Cost": 463912.49, "Plan Rows": 14844648, "Plan Width": 16, "Filter": "((o_comment)::text !~~ '%pending%deposits%'::text), (LLVM Optimized)"}]}]}]}]}]}]}, "Unique SQL Id": 3026328400}, "explain_analyze_plan": {"Plan": {"Node Type": "Sort", "Startup Cost": 2652650.54, "Total Cost": 2652651.04, "Plan Rows": 200, "Plan Width": 8, "Actual Startup Time": 28386.189, "Actual Total Time": 28386.192, "Actual Rows": 46, "Actual Loops": 1, "Sort Key": ["(count(*)) DESC", "c_orders.c_count DESC"], "Sort Method": "quicksort", "Sort Space Used": 29, "Sort Space Type": "Memory", "Plans": [{"Node Type": "Aggregate", "Strategy": "Hashed", "Parent Relationship": "Outer", "Startup Cost": 2652640.9, "Total Cost": 2652642.9, "Plan Rows": 200, "Plan Width": 8, "Actual Startup Time": 28386.135, "Actual Total Time": 28386.145, "Actual Rows": 46, "Actual Loops": 1, "Group By Key": ["c_orders.c_count"], "Plans": [{"Node Type": "Subquery Scan", "Parent Relationship": "Outer", "Alias": "c_orders", "Startup Cost": 2438165.34, "Total Cost": 2645140.9, "Plan Rows": 1500000, "Plan Width": 8, "Actual Startup Time": 15825.996, "Actual Total Time": 27893.621, "Actual Rows": 1500000, "Actual Loops": 1, "Plans": [{"Node Type": "Aggregate", "Strategy": "Sorted", "Parent Relationship": "Subquery", "Startup Cost": 2438165.34, "Total Cost": 2630140.9, "Plan Rows": 1500000, "Plan Width": 24, "Actual Startup Time": 15825.994, "Actual Total Time": 27618.53, "Actual Rows": 1500000, "Actual Loops": 1, "Group By Key": ["customer.c_custkey"], "Plans": [{"Node Type": "Merge Join", "Parent Relationship": "Outer", "Join Type": "Left", "Startup Cost": 2438165.34, "Total Cost": 2583389.32, "Plan Rows": 6350316, "Plan Width": 16, "Actual Startup Time": 15825.958, "Actual Total Time": 24242.037, "Actual Rows": 15338153, "Actual Loops": 1, "Inner Unique": false, "Merge Cond": "(customer.c_custkey = orders.o_custkey)", "Plans": [{"Node Type": "Sort", "Parent Relationship": "Outer", "Startup Cost": 205999.98, "Total Cost": 209749.98, "Plan Rows": 1500000, "Plan Width": 8, "Actual Startup Time": 952.755, "Actual Total Time": 1161.709, "Actual Rows": 1500000, "Actual Loops": 1, "Sort Key": ["customer.c_custkey"], "Sort Method": "quicksort", "Sort Space Used": 142903, "Sort Space Type": "Memory", "Plans": [{"Node Type": "Seq Scan", "Parent Relationship": "Outer", "Relation Name": "customer", "Alias": "customer", "Startup Cost": 0.0, "Total Cost": 52126.0, "Plan Rows": 1500000, "Plan Width": 8, "Actual Startup Time": 0.019, "Actual Total Time": 475.423, "Actual Rows": 1500000, "Actual Loops": 1}]}, {"Node Type": "Sort", "Parent Relationship": "Inner", "Startup Cost": 2232165.36, "Total Cost": 2269276.98, "Plan Rows": 14844648, "Plan Width": 16, "Actual Startup Time": 14873.179, "Actual Total Time": 19215.085, "Actual Rows": 14838130, "Actual Loops": 1, "Sort Key": ["orders.o_custkey"], "Sort Method": "quicksort", "Sort Space Used": 1784291, "Sort Space Type": "Memory", "Plans": [{"Node Type": "Seq Scan", "Parent Relationship": "Outer", "Relation Name": "orders", "Alias": "orders", "Startup Cost": 0.0, "Total Cost": 463912.49, "Plan Rows": 14844648, "Plan Width": 16, "Actual Startup Time": 0.044, "Actual Total Time": 8812.829, "Actual Rows": 14838130, "Actual Loops": 1, "Filter": "((o_comment)::text !~~ '%pending%deposits%'::text), (LLVM Optimized, Jit Execute)", "Rows Removed by Filter": 161870}]}]}]}]}]}]}, "Triggers": [], "Planner Runtime": 0.694, "Total Runtime": 28395.277, "Unique SQL Id": 3026328400}}, "(1, 31)": {"explain_plan": {"Plan": {"Node Type": "Sort", "Startup Cost": 2000135701347.66, "Total Cost": 2000135701348.16, "Plan Rows": 200, "Plan Width": 8, "Sort Key": ["(count(*)) DESC", "c_orders.c_count DESC"], "Plans": [{"Node Type": "Aggregate", "Strategy": "Hashed", "Parent Relationship": "Outer", "Startup Cost": 2000135701338.02, "Total Cost": 2000135701340.02, "Plan Rows": 200, "Plan Width": 8, "Group By Key": ["c_orders.c_count"], "Plans": [{"Node Type": "Subquery Scan", "Parent Relationship": "Outer", "Alias": "c_orders", "Startup Cost": 20000000000.0, "Total Cost": 2000135693838.02, "Plan Rows": 1500000, "Plan Width": 8, "Plans": [{"Node Type": "Aggregate", "Strategy": "Sorted", "Parent Relationship": "Subquery", "Startup Cost": 20000000000.0, "Total Cost": 2000135678838.02, "Plan Rows": 1500000, "Plan Width": 24, "Group By Key": ["customer.c_custkey"], "Plans": [{"Node Type": "Merge Join", "Parent Relationship": "Outer", "Join Type": "Left", "Startup Cost": 20000000000.0, "Total Cost": 2000135632086.44, "Plan Rows": 6350316, "Plan Width": 16, "Inner Unique": false, "Merge Cond": "(customer.c_custkey = orders.o_custkey)", "Plans": [{"Node Type": "Index Scan", "Parent Relationship": "Outer", "Scan Direction": "Forward", "Index Name": "customer_pkey", "Relation Name": "customer", "Alias": "customer", "Startup Cost": 10000000000.0, "Total Cost": 1000008076535.62, "Plan Rows": 1500000, "Plan Width": 8}, {"Node Type": "Index Scan", "Parent Relationship": "Inner", "Scan Direction": "Forward", "Index Name": "idx_orders_custkey", "Relation Name": "orders", "Alias": "orders", "Startup Cost": 10000000000.0, "Total Cost": 1000159801398.83, "Plan Rows": 14844648, "Plan Width": 16, "Filter": "((o_comment)::text !~~ '%pending%deposits%'::text), (LLVM Optimized)"}]}]}]}]}]}, "Unique SQL Id": 3026328400}, "explain_analyze_plan": {"Plan": {"Node Type": "Sort", "Startup Cost": 2000135701347.66, "Total Cost": 2000135701348.16, "Plan Rows": 200, "Plan Width": 8, "Actual Startup Time": 48389.313, "Actual Total Time": 48389.318, "Actual Rows": 46, "Actual Loops": 1, "Sort Key": ["(count(*)) DESC", "c_orders.c_count DESC"], "Sort Method": "quicksort", "Sort Space Used": 29, "Sort Space Type": "Memory", "Plans": [{"Node Type": "Aggregate", "Strategy": "Hashed", "Parent Relationship": "Outer", "Startup Cost": 2000135701338.02, "Total Cost": 2000135701340.02, "Plan Rows": 200, "Plan Width": 8, "Actual Startup Time": 48389.245, "Actual Total Time": 48389.261, "Actual Rows": 46, "Actual Loops": 1, "Group By Key": ["c_orders.c_count"], "Plans": [{"Node Type": "Subquery Scan", "Parent Relationship": "Outer", "Alias": "c_orders", "Startup Cost": 20000000000.0, "Total Cost": 2000135693838.02, "Plan Rows": 1500000, "Plan Width": 8, "Actual Startup Time": 0.133, "Actual Total Time": 47819.104, "Actual Rows": 1500000, "Actual Loops": 1, "Plans": [{"Node Type": "Aggregate", "Strategy": "Sorted", "Parent Relationship": "Subquery", "Startup Cost": 20000000000.0, "Total Cost": 2000135678838.02, "Plan Rows": 1500000, "Plan Width": 24, "Actual Startup Time": 0.132, "Actual Total Time": 47518.497, "Actual Rows": 1500000, "Actual Loops": 1, "Group By Key": ["customer.c_custkey"], "Plans": [{"Node Type": "Merge Join", "Parent Relationship": "Outer", "Join Type": "Left", "Startup Cost": 20000000000.0, "Total Cost": 2000135632086.44, "Plan Rows": 6350316, "Plan Width": 16, "Actual Startup Time": 0.066, "Actual Total Time": 43488.069, "Actual Rows": 15338153, "Actual Loops": 1, "Inner Unique": false, "Merge Cond": "(customer.c_custkey = orders.o_custkey)", "Plans": [{"Node Type": "Index Scan", "Parent Relationship": "Outer", "Scan Direction": "Forward", "Index Name": "customer_pkey", "Relation Name": "customer", "Alias": "customer", "Startup Cost": 10000000000.0, "Total Cost": 1000008076535.62, "Plan Rows": 1500000, "Plan Width": 8, "Actual Startup Time": 0.028, "Actual Total Time": 1025.582, "Actual Rows": 1500000, "Actual Loops": 1}, {"Node Type": "Index Scan", "Parent Relationship": "Inner", "Scan Direction": "Forward", "Index Name": "idx_orders_custkey", "Relation Name": "orders", "Alias": "orders", "Startup Cost": 10000000000.0, "Total Cost": 1000159801398.83, "Plan Rows": 14844648, "Plan Width": 16, "Actual Startup Time": 0.027, "Actual Total Time": 37756.619, "Actual Rows": 14838130, "Actual Loops": 1, "Filter": "((o_comment)::text !~~ '%pending%deposits%'::text), (LLVM Optimized, Jit Execute)", "Rows Removed by Filter": 161870}]}]}]}]}]}, "Triggers": [], "Planner Runtime": 0.695, "Total Runtime": 48398.398, "Unique SQL Id": 3026328400}}, "(1, 32)": {"explain_plan": {"Plan": {"Node Type": "Sort", "Startup Cost": 714730.55, "Total Cost": 714731.05, "Plan Rows": 200, "Plan Width": 8, "Sort Key": ["(count(*)) DESC", "c_orders.c_count DESC"], "Plans": [{"Node Type": "Aggregate", "Strategy": "Hashed", "Parent Relationship": "Outer", "Startup Cost": 714720.91, "Total Cost": 714722.91, "Plan Rows": 200, "Plan Width": 8, "Group By Key": ["c_orders.c_count"], "Plans": [{"Node Type": "Subquery Scan", "Parent Relationship": "Outer", "Alias": "c_orders", "Startup Cost": 677220.91, "Total Cost": 707220.91, "Plan Rows": 1500000, "Plan Width": 8, "Plans": [{"Node Type": "Aggregate", "Strategy": "Hashed", "Parent Relationship": "Subquery", "Startup Cost": 677220.91, "Total Cost": 692220.91, "Plan Rows": 1500000, "Plan Width": 16, "Group By Key": ["customer.c_custkey"], "Plans": [{"Node Type": "Hash Join", "Parent Relationship": "Outer", "Join Type": "Right", "Startup Cost": 62386.25, "Total Cost": 645469.33, "Plan Rows": 6350316, "Plan Width": 16, "Inner Unique": true, "Hash Cond": "(orders.o_custkey = customer.c_custkey), (LLVM Optimized)", "Plans": [{"Node Type": "Seq Scan", "Parent Relationship": "Outer", "Relation Name": "orders", "Alias": "orders", "Startup Cost": 0.0, "Total Cost": 463912.49, "Plan Rows": 14844648, "Plan Width": 16, "Filter": "((o_comment)::text !~~ '%pending%deposits%'::text), (LLVM Optimized)"}, {"Node Type": "Hash", "Parent Relationship": "Inner", "Startup Cost": 43636.25, "Total Cost": 43636.25, "Plan Rows": 1500000, "Plan Width": 8, "Plans": [{"Node Type": "Index Only Scan", "Parent Relationship": "Outer", "Scan Direction": "Forward", "Index Name": "customer_pkey", "Relation Name": "customer", "Alias": "customer", "Startup Cost": 0.0, "Total Cost": 43636.25, "Plan Rows": 1500000, "Plan Width": 8}]}]}]}]}]}]}, "Unique SQL Id": 3026328400}, "explain_analyze_plan": {"Plan": {"Node Type": "Sort", "Startup Cost": 714730.55, "Total Cost": 714731.05, "Plan Rows": 200, "Plan Width": 8, "Actual Startup Time": 33710.374, "Actual Total Time": 33710.377, "Actual Rows": 46, "Actual Loops": 1, "Sort Key": ["(count(*)) DESC", "c_orders.c_count DESC"], "Sort Method": "quicksort", "Sort Space Used": 29, "Sort Space Type": "Memory", "Plans": [{"Node Type": "Aggregate", "Strategy": "Hashed", "Parent Relationship": "Outer", "Startup Cost": 714720.91, "Total Cost": 714722.91, "Plan Rows": 200, "Plan Width": 8, "Actual Startup Time": 33710.313, "Actual Total Time": 33710.324, "Actual Rows": 46, "Actual Loops": 1, "Group By Key": ["c_orders.c_count"], "Plans": [{"Node Type": "Subquery Scan", "Parent Relationship": "Outer", "Alias": "c_orders", "Startup Cost": 677220.91, "Total Cost": 707220.91, "Plan Rows": 1500000, "Plan Width": 8, "Actual Startup Time": 32424.744, "Actual Total Time": 33291.179, "Actual Rows": 1500000, "Actual Loops": 1, "Plans": [{"Node Type": "Aggregate", "Strategy": "Hashed", "Parent Relationship": "Subquery", "Startup Cost": 677220.91, "Total Cost": 692220.91, "Plan Rows": 1500000, "Plan Width": 16, "Actual Startup Time": 32424.74, "Actual Total Time": 33024.659, "Actual Rows": 1500000, "Actual Loops": 1, "Group By Key": ["customer.c_custkey"], "Plans": [{"Node Type": "Hash Join", "Parent Relationship": "Outer", "Join Type": "Right", "Startup Cost": 62386.25, "Total Cost": 645469.33, "Plan Rows": 6350316, "Plan Width": 16, "Actual Startup Time": 792.611, "Actual Total Time": 20268.505, "Actual Rows": 15338153, "Actual Loops": 1, "Inner Unique": true, "Hash Cond": "(orders.o_custkey = customer.c_custkey), (LLVM Optimized, Jit Execute)", "Plans": [{"Node Type": "Seq Scan", "Parent Relationship": "Outer", "Relation Name": "orders", "Alias": "orders", "Startup Cost": 0.0, "Total Cost": 463912.49, "Plan Rows": 14844648, "Plan Width": 16, "Actual Startup Time": 0.037, "Actual Total Time": 8396.151, "Actual Rows": 14838130, "Actual Loops": 1, "Filter": "((o_comment)::text !~~ '%pending%deposits%'::text), (LLVM Optimized, Jit Execute)", "Rows Removed by Filter": 161870}, {"Node Type": "Hash", "Parent Relationship": "Inner", "Startup Cost": 43636.25, "Total Cost": 43636.25, "Plan Rows": 1500000, "Plan Width": 8, "Actual Startup Time": 791.151, "Actual Total Time": 791.151, "Actual Rows": 1500000, "Actual Loops": 1, "Hash Buckets": 2097152, "Hash Batches": 1, "Original Hash Batches": 1, "Peak Memory Usage": 58594, "Plans": [{"Node Type": "Index Only Scan", "Parent Relationship": "Outer", "Scan Direction": "Forward", "Index Name": "customer_pkey", "Relation Name": "customer", "Alias": "customer", "Startup Cost": 0.0, "Total Cost": 43636.25, "Plan Rows": 1500000, "Plan Width": 8, "Actual Startup Time": 0.038, "Actual Total Time": 361.175, "Actual Rows": 1500000, "Actual Loops": 1, "Heap Fetches": 0}]}]}]}]}]}]}, "Triggers": [], "Planner Runtime": 0.742, "Total Runtime": 33719.708, "Unique SQL Id": 3026328400}}, "(1, 33)": {"explain_plan": {"Plan": {"Node Type": "Sort", "Startup Cost": 1848832.05, "Total Cost": 1848832.55, "Plan Rows": 200, "Plan Width": 8, "Sort Key": ["(count(*)) DESC", "c_orders.c_count DESC"], "Plans": [{"Node Type": "Aggregate", "Strategy": "Hashed", "Parent Relationship": "Outer", "Startup Cost": 1848822.41, "Total Cost": 1848824.41, "Plan Rows": 200, "Plan Width": 8, "Group By Key": ["c_orders.c_count"], "Plans": [{"Node Type": "Subquery Scan", "Parent Relationship": "Outer", "Alias": "c_orders", "Startup Cost": 1811322.41, "Total Cost": 1841322.41, "Plan Rows": 1500000, "Plan Width": 8, "Plans": [{"Node Type": "Aggregate", "Strategy": "Hashed", "Parent Relationship": "Subquery", "Startup Cost": 1811322.41, "Total Cost": 1826322.41, "Plan Rows": 1500000, "Plan Width": 16, "Group By Key": ["customer.c_custkey"], "Plans": [{"Node Type": "Hash Join", "Parent Relationship": "Outer", "Join Type": "Right", "Startup Cost": 62386.25, "Total Cost": 1779570.83, "Plan Rows": 6350316, "Plan Width": 16, "Inner Unique": true, "Hash Cond": "(orders.o_custkey = customer.c_custkey), (LLVM Optimized)", "Plans": [{"Node Type": "Index Scan", "Parent Relationship": "Outer", "Scan Direction": "Forward", "Index Name": "idx_orders_custkey", "Relation Name": "orders", "Alias": "orders", "Startup Cost": 0.0, "Total Cost": 1598013.99, "Plan Rows": 14844648, "Plan Width": 16, "Filter": "((o_comment)::text !~~ '%pending%deposits%'::text), (LLVM Optimized)"}, {"Node Type": "Hash", "Parent Relationship": "Inner", "Startup Cost": 43636.25, "Total Cost": 43636.25, "Plan Rows": 1500000, "Plan Width": 8, "Plans": [{"Node Type": "Index Only Scan", "Parent Relationship": "Outer", "Scan Direction": "Forward", "Index Name": "customer_pkey", "Relation Name": "customer", "Alias": "customer", "Startup Cost": 0.0, "Total Cost": 43636.25, "Plan Rows": 1500000, "Plan Width": 8}]}]}]}]}]}]}, "Unique SQL Id": 3026328400}, "explain_analyze_plan": {"Plan": {"Node Type": "Sort", "Startup Cost": 1848832.05, "Total Cost": 1848832.55, "Plan Rows": 200, "Plan Width": 8, "Actual Startup Time": 53807.412, "Actual Total Time": 53807.414, "Actual Rows": 46, "Actual Loops": 1, "Sort Key": ["(count(*)) DESC", "c_orders.c_count DESC"], "Sort Method": "quicksort", "Sort Space Used": 29, "Sort Space Type": "Memory", "Plans": [{"Node Type": "Aggregate", "Strategy": "Hashed", "Parent Relationship": "Outer", "Startup Cost": 1848822.41, "Total Cost": 1848824.41, "Plan Rows": 200, "Plan Width": 8, "Actual Startup Time": 53807.352, "Actual Total Time": 53807.369, "Actual Rows": 46, "Actual Loops": 1, "Group By Key": ["c_orders.c_count"], "Plans": [{"Node Type": "Subquery Scan", "Parent Relationship": "Outer", "Alias": "c_orders", "Startup Cost": 1811322.41, "Total Cost": 1841322.41, "Plan Rows": 1500000, "Plan Width": 8, "Actual Startup Time": 52520.621, "Actual Total Time": 53386.096, "Actual Rows": 1500000, "Actual Loops": 1, "Plans": [{"Node Type": "Aggregate", "Strategy": "Hashed", "Parent Relationship": "Subquery", "Startup Cost": 1811322.41, "Total Cost": 1826322.41, "Plan Rows": 1500000, "Plan Width": 16, "Actual Startup Time": 52520.617, "Actual Total Time": 53119.686, "Actual Rows": 1500000, "Actual Loops": 1, "Group By Key": ["customer.c_custkey"], "Plans": [{"Node Type": "Hash Join", "Parent Relationship": "Outer", "Join Type": "Right", "Startup Cost": 62386.25, "Total Cost": 1779570.83, "Plan Rows": 6350316, "Plan Width": 16, "Actual Startup Time": 919.387, "Actual Total Time": 46457.036, "Actual Rows": 15338153, "Actual Loops": 1, "Inner Unique": true, "Hash Cond": "(orders.o_custkey = customer.c_custkey), (LLVM Optimized, Jit Execute)", "Plans": [{"Node Type": "Index Scan", "Parent Relationship": "Outer", "Scan Direction": "Forward", "Index Name": "idx_orders_custkey", "Relation Name": "orders", "Alias": "orders", "Startup Cost": 0.0, "Total Cost": 1598013.99, "Plan Rows": 14844648, "Plan Width": 16, "Actual Startup Time": 0.069, "Actual Total Time": 38527.297, "Actual Rows": 14838130, "Actual Loops": 1, "Filter": "((o_comment)::text !~~ '%pending%deposits%'::text), (LLVM Optimized, Jit Execute)", "Rows Removed by Filter": 161870}, {"Node Type": "Hash", "Parent Relationship": "Inner", "Startup Cost": 43636.25, "Total Cost": 43636.25, "Plan Rows": 1500000, "Plan Width": 8, "Actual Startup Time": 916.795, "Actual Total Time": 916.795, "Actual Rows": 1500000, "Actual Loops": 1, "Hash Buckets": 2097152, "Hash Batches": 1, "Original Hash Batches": 1, "Peak Memory Usage": 58594, "Plans": [{"Node Type": "Index Only Scan", "Parent Relationship": "Outer", "Scan Direction": "Forward", "Index Name": "customer_pkey", "Relation Name": "customer", "Alias": "customer", "Startup Cost": 0.0, "Total Cost": 43636.25, "Plan Rows": 1500000, "Plan Width": 8, "Actual Startup Time": 0.032, "Actual Total Time": 410.439, "Actual Rows": 1500000, "Actual Loops": 1, "Heap Fetches": 0}]}]}]}]}]}]}, "Triggers": [], "Planner Runtime": 0.526, "Total Runtime": 53816.828, "Unique SQL Id": 3026328400}}, "(1, 34)": {"explain_plan": {"Plan": {"Node Type": "Sort", "Startup Cost": 723220.3, "Total Cost": 723220.8, "Plan Rows": 200, "Plan Width": 8, "Sort Key": ["(count(*)) DESC", "c_orders.c_count DESC"], "Plans": [{"Node Type": "Aggregate", "Strategy": "Hashed", "Parent Relationship": "Outer", "Startup Cost": 723210.66, "Total Cost": 723212.66, "Plan Rows": 200, "Plan Width": 8, "Group By Key": ["c_orders.c_count"], "Plans": [{"Node Type": "Subquery Scan", "Parent Relationship": "Outer", "Alias": "c_orders", "Startup Cost": 685710.66, "Total Cost": 715710.66, "Plan Rows": 1500000, "Plan Width": 8, "Plans": [{"Node Type": "Aggregate", "Strategy": "Hashed", "Parent Relationship": "Subquery", "Startup Cost": 685710.66, "Total Cost": 700710.66, "Plan Rows": 1500000, "Plan Width": 16, "Group By Key": ["customer.c_custkey"], "Plans": [{"Node Type": "Hash Join", "Parent Relationship": "Outer", "Join Type": "Right", "Startup Cost": 70876.0, "Total Cost": 653959.08, "Plan Rows": 6350316, "Plan Width": 16, "Inner Unique": true, "Hash Cond": "(orders.o_custkey = customer.c_custkey), (LLVM Optimized)", "Plans": [{"Node Type": "Seq Scan", "Parent Relationship": "Outer", "Relation Name": "orders", "Alias": "orders", "Startup Cost": 0.0, "Total Cost": 463912.49, "Plan Rows": 14844648, "Plan Width": 16, "Filter": "((o_comment)::text !~~ '%pending%deposits%'::text), (LLVM Optimized)"}, {"Node Type": "Hash", "Parent Relationship": "Inner", "Startup Cost": 52126.0, "Total Cost": 52126.0, "Plan Rows": 1500000, "Plan Width": 8, "Plans": [{"Node Type": "Seq Scan", "Parent Relationship": "Outer", "Relation Name": "customer", "Alias": "customer", "Startup Cost": 0.0, "Total Cost": 52126.0, "Plan Rows": 1500000, "Plan Width": 8}]}]}]}]}]}]}, "Unique SQL Id": 3026328400}, "explain_analyze_plan": {"Plan": {"Node Type": "Sort", "Startup Cost": 723220.3, "Total Cost": 723220.8, "Plan Rows": 200, "Plan Width": 8, "Actual Startup Time": 34579.334, "Actual Total Time": 34579.339, "Actual Rows": 46, "Actual Loops": 1, "Sort Key": ["(count(*)) DESC", "c_orders.c_count DESC"], "Sort Method": "quicksort", "Sort Space Used": 29, "Sort Space Type": "Memory", "Plans": [{"Node Type": "Aggregate", "Strategy": "Hashed", "Parent Relationship": "Outer", "Startup Cost": 723210.66, "Total Cost": 723212.66, "Plan Rows": 200, "Plan Width": 8, "Actual Startup Time": 34579.273, "Actual Total Time": 34579.286, "Actual Rows": 46, "Actual Loops": 1, "Group By Key": ["c_orders.c_count"], "Plans": [{"Node Type": "Subquery Scan", "Parent Relationship": "Outer", "Alias": "c_orders", "Startup Cost": 685710.66, "Total Cost": 715710.66, "Plan Rows": 1500000, "Plan Width": 8, "Actual Startup Time": 33057.958, "Actual Total Time": 34158.631, "Actual Rows": 1500000, "Actual Loops": 1, "Plans": [{"Node Type": "Aggregate", "Strategy": "Hashed", "Parent Relationship": "Subquery", "Startup Cost": 685710.66, "Total Cost": 700710.66, "Plan Rows": 1500000, "Plan Width": 16, "Actual Startup Time": 33057.953, "Actual Total Time": 33892.711, "Actual Rows": 1500000, "Actual Loops": 1, "Group By Key": ["customer.c_custkey"], "Plans": [{"Node Type": "Hash Join", "Parent Relationship": "Outer", "Join Type": "Right", "Startup Cost": 70876.0, "Total Cost": 653959.08, "Plan Rows": 6350316, "Plan Width": 16, "Actual Startup Time": 1153.954, "Actual Total Time": 20827.91, "Actual Rows": 15338153, "Actual Loops": 1, "Inner Unique": true, "Hash Cond": "(orders.o_custkey = customer.c_custkey), (LLVM Optimized, Jit Execute)", "Plans": [{"Node Type": "Seq Scan", "Parent Relationship": "Outer", "Relation Name": "orders", "Alias": "orders", "Startup Cost": 0.0, "Total Cost": 463912.49, "Plan Rows": 14844648, "Plan Width": 16, "Actual Startup Time": 0.033, "Actual Total Time": 8437.356, "Actual Rows": 14838130, "Actual Loops": 1, "Filter": "((o_comment)::text !~~ '%pending%deposits%'::text), (LLVM Optimized, Jit Execute)", "Rows Removed by Filter": 161870}, {"Node Type": "Hash", "Parent Relationship": "Inner", "Startup Cost": 52126.0, "Total Cost": 52126.0, "Plan Rows": 1500000, "Plan Width": 8, "Actual Startup Time": 1152.647, "Actual Total Time": 1152.647, "Actual Rows": 1500000, "Actual Loops": 1, "Hash Buckets": 2097152, "Hash Batches": 1, "Original Hash Batches": 1, "Peak Memory Usage": 58594, "Plans": [{"Node Type": "Seq Scan", "Parent Relationship": "Outer", "Relation Name": "customer", "Alias": "customer", "Startup Cost": 0.0, "Total Cost": 52126.0, "Plan Rows": 1500000, "Plan Width": 8, "Actual Startup Time": 0.036, "Actual Total Time": 533.795, "Actual Rows": 1500000, "Actual Loops": 1}]}]}]}]}]}]}, "Triggers": [], "Planner Runtime": 0.918, "Total Runtime": 34589.144, "Unique SQL Id": 3026328400}}, "(1, 35)": {"explain_plan": {"Plan": {"Node Type": "Sort", "Startup Cost": 1000011234254.22, "Total Cost": 1000011234254.72, "Plan Rows": 200, "Plan Width": 8, "Sort Key": ["(count(*)) DESC", "c_orders.c_count DESC"], "Plans": [{"Node Type": "Aggregate", "Strategy": "Hashed", "Parent Relationship": "Outer", "Startup Cost": 1000011234244.58, "Total Cost": 1000011234246.58, "Plan Rows": 200, "Plan Width": 8, "Group By Key": ["c_orders.c_count"], "Plans": [{"Node Type": "Subquery Scan", "Parent Relationship": "Outer", "Alias": "c_orders", "Startup Cost": 10000000000.43, "Total Cost": 1000011226744.58, "Plan Rows": 1500000, "Plan Width": 8, "Plans": [{"Node Type": "Aggregate", "Strategy": "Sorted", "Parent Relationship": "Subquery", "Startup Cost": 10000000000.43, "Total Cost": 1000011211744.58, "Plan Rows": 1500000, "Plan Width": 24, "Group By Key": ["customer.c_custkey"], "Plans": [{"Node Type": "Nested Loop", "Parent Relationship": "Outer", "Join Type": "Left", "Startup Cost": 10000000000.43, "Total Cost": 1000011164993.0, "Plan Rows": 6350316, "Plan Width": 16, "Inner Unique": false, "Plans": [{"Node Type": "Index Only Scan", "Parent Relationship": "Outer", "Scan Direction": "Forward", "Index Name": "customer_pkey", "Relation Name": "customer", "Alias": "customer", "Startup Cost": 10000000000.0, "Total Cost": 1000004363625.0, "Plan Rows": 1500000, "Plan Width": 8}, {"Node Type": "Bitmap Heap Scan", "Parent Relationship": "Inner", "Relation Name": "orders", "Alias": "orders", "Startup Cost": 0.43, "Total Cost": 4.49, "Plan Rows": 4, "Plan Width": 16, "Recheck Cond": "(customer.c_custkey = o_custkey)", "Filter": "((o_comment)::text !~~ '%pending%deposits%'::text)", "Plans": [{"Node Type": "Bitmap Index Scan", "Parent Relationship": "Outer", "Index Name": "idx_orders_custkey", "Startup Cost": 0.0, "Total Cost": 0.43, "Plan Rows": 4, "Plan Width": 0, "Index Cond": "(customer.c_custkey = o_custkey)"}]}]}]}]}]}]}, "Unique SQL Id": 3026328400}, "explain_analyze_plan": {"Plan": {"Node Type": "Sort", "Startup Cost": 1000011234254.22, "Total Cost": 1000011234254.72, "Plan Rows": 200, "Plan Width": 8, "Actual Startup Time": 62555.418, "Actual Total Time": 62555.422, "Actual Rows": 46, "Actual Loops": 1, "Sort Key": ["(count(*)) DESC", "c_orders.c_count DESC"], "Sort Method": "quicksort", "Sort Space Used": 29, "Sort Space Type": "Memory", "Plans": [{"Node Type": "Aggregate", "Strategy": "Hashed", "Parent Relationship": "Outer", "Startup Cost": 1000011234244.58, "Total Cost": 1000011234246.58, "Plan Rows": 200, "Plan Width": 8, "Actual Startup Time": 62555.363, "Actual Total Time": 62555.373, "Actual Rows": 46, "Actual Loops": 1, "Group By Key": ["c_orders.c_count"], "Plans": [{"Node Type": "Subquery Scan", "Parent Relationship": "Outer", "Alias": "c_orders", "Startup Cost": 10000000000.43, "Total Cost": 1000011226744.58, "Plan Rows": 1500000, "Plan Width": 8, "Actual Startup Time": 0.177, "Actual Total Time": 61782.572, "Actual Rows": 1500000, "Actual Loops": 1, "Plans": [{"Node Type": "Aggregate", "Strategy": "Sorted", "Parent Relationship": "Subquery", "Startup Cost": 10000000000.43, "Total Cost": 1000011211744.58, "Plan Rows": 1500000, "Plan Width": 24, "Actual Startup Time": 0.176, "Actual Total Time": 61436.876, "Actual Rows": 1500000, "Actual Loops": 1, "Group By Key": ["customer.c_custkey"], "Plans": [{"Node Type": "Nested Loop", "Parent Relationship": "Outer", "Join Type": "Left", "Startup Cost": 10000000000.43, "Total Cost": 1000011164993.0, "Plan Rows": 6350316, "Plan Width": 16, "Actual Startup Time": 0.072, "Actual Total Time": 56992.363, "Actual Rows": 15338153, "Actual Loops": 1, "Inner Unique": false, "Plans": [{"Node Type": "Index Only Scan", "Parent Relationship": "Outer", "Scan Direction": "Forward", "Index Name": "customer_pkey", "Relation Name": "customer", "Alias": "customer", "Startup Cost": 10000000000.0, "Total Cost": 1000004363625.0, "Plan Rows": 1500000, "Plan Width": 8, "Actual Startup Time": 0.027, "Actual Total Time": 498.211, "Actual Rows": 1500000, "Actual Loops": 1, "Heap Fetches": 0}, {"Node Type": "Bitmap Heap Scan", "Parent Relationship": "Inner", "Relation Name": "orders", "Alias": "orders", "Startup Cost": 0.43, "Total Cost": 4.49, "Plan Rows": 4, "Plan Width": 16, "Actual Startup Time": 12057.857, "Actual Total Time": 51377.864, "Actual Rows": 14838130, "Actual Loops": 1500000, "Recheck Cond": "(customer.c_custkey = o_custkey)", "Rows Removed by Index Recheck": 0, "Filter": "((o_comment)::text !~~ '%pending%deposits%'::text)", "Rows Removed by Filter": 161870, "Exact Heap Blocks": 14999534, "Lossy Heap Blocks": 14999534, "Plans": [{"Node Type": "Bitmap Index Scan", "Parent Relationship": "Outer", "Index Name": "idx_orders_custkey", "Startup Cost": 0.0, "Total Cost": 0.43, "Plan Rows": 4, "Plan Width": 0, "Actual Startup Time": 6723.895, "Actual Total Time": 6723.895, "Actual Rows": 15000000, "Actual Loops": 1500000, "Index Cond": "(customer.c_custkey = o_custkey)"}]}]}]}]}]}]}, "Triggers": [], "Planner Runtime": 0.724, "Total Runtime": 62564.386, "Unique SQL Id": 3026328400}}, "(1, 36)": {"explain_plan": {"Plan": {"Node Type": "Sort", "Startup Cost": 723220.3, "Total Cost": 723220.8, "Plan Rows": 200, "Plan Width": 8, "Sort Key": ["(count(*)) DESC", "c_orders.c_count DESC"], "Plans": [{"Node Type": "Aggregate", "Strategy": "Hashed", "Parent Relationship": "Outer", "Startup Cost": 723210.66, "Total Cost": 723212.66, "Plan Rows": 200, "Plan Width": 8, "Group By Key": ["c_orders.c_count"], "Plans": [{"Node Type": "Subquery Scan", "Parent Relationship": "Outer", "Alias": "c_orders", "Startup Cost": 685710.66, "Total Cost": 715710.66, "Plan Rows": 1500000, "Plan Width": 8, "Plans": [{"Node Type": "Aggregate", "Strategy": "Hashed", "Parent Relationship": "Subquery", "Startup Cost": 685710.66, "Total Cost": 700710.66, "Plan Rows": 1500000, "Plan Width": 16, "Group By Key": ["customer.c_custkey"], "Plans": [{"Node Type": "Hash Join", "Parent Relationship": "Outer", "Join Type": "Right", "Startup Cost": 70876.0, "Total Cost": 653959.08, "Plan Rows": 6350316, "Plan Width": 16, "Inner Unique": true, "Hash Cond": "(orders.o_custkey = customer.c_custkey), (LLVM Optimized)", "Plans": [{"Node Type": "Seq Scan", "Parent Relationship": "Outer", "Relation Name": "orders", "Alias": "orders", "Startup Cost": 0.0, "Total Cost": 463912.49, "Plan Rows": 14844648, "Plan Width": 16, "Filter": "((o_comment)::text !~~ '%pending%deposits%'::text), (LLVM Optimized)"}, {"Node Type": "Hash", "Parent Relationship": "Inner", "Startup Cost": 52126.0, "Total Cost": 52126.0, "Plan Rows": 1500000, "Plan Width": 8, "Plans": [{"Node Type": "Seq Scan", "Parent Relationship": "Outer", "Relation Name": "customer", "Alias": "customer", "Startup Cost": 0.0, "Total Cost": 52126.0, "Plan Rows": 1500000, "Plan Width": 8}]}]}]}]}]}]}, "Unique SQL Id": 3026328400}, "explain_analyze_plan": {"Plan": {"Node Type": "Sort", "Startup Cost": 723220.3, "Total Cost": 723220.8, "Plan Rows": 200, "Plan Width": 8, "Actual Startup Time": 34579.334, "Actual Total Time": 34579.339, "Actual Rows": 46, "Actual Loops": 1, "Sort Key": ["(count(*)) DESC", "c_orders.c_count DESC"], "Sort Method": "quicksort", "Sort Space Used": 29, "Sort Space Type": "Memory", "Plans": [{"Node Type": "Aggregate", "Strategy": "Hashed", "Parent Relationship": "Outer", "Startup Cost": 723210.66, "Total Cost": 723212.66, "Plan Rows": 200, "Plan Width": 8, "Actual Startup Time": 34579.273, "Actual Total Time": 34579.286, "Actual Rows": 46, "Actual Loops": 1, "Group By Key": ["c_orders.c_count"], "Plans": [{"Node Type": "Subquery Scan", "Parent Relationship": "Outer", "Alias": "c_orders", "Startup Cost": 685710.66, "Total Cost": 715710.66, "Plan Rows": 1500000, "Plan Width": 8, "Actual Startup Time": 33057.958, "Actual Total Time": 34158.631, "Actual Rows": 1500000, "Actual Loops": 1, "Plans": [{"Node Type": "Aggregate", "Strategy": "Hashed", "Parent Relationship": "Subquery", "Startup Cost": 685710.66, "Total Cost": 700710.66, "Plan Rows": 1500000, "Plan Width": 16, "Actual Startup Time": 33057.953, "Actual Total Time": 33892.711, "Actual Rows": 1500000, "Actual Loops": 1, "Group By Key": ["customer.c_custkey"], "Plans": [{"Node Type": "Hash Join", "Parent Relationship": "Outer", "Join Type": "Right", "Startup Cost": 70876.0, "Total Cost": 653959.08, "Plan Rows": 6350316, "Plan Width": 16, "Actual Startup Time": 1153.954, "Actual Total Time": 20827.91, "Actual Rows": 15338153, "Actual Loops": 1, "Inner Unique": true, "Hash Cond": "(orders.o_custkey = customer.c_custkey), (LLVM Optimized, Jit Execute)", "Plans": [{"Node Type": "Seq Scan", "Parent Relationship": "Outer", "Relation Name": "orders", "Alias": "orders", "Startup Cost": 0.0, "Total Cost": 463912.49, "Plan Rows": 14844648, "Plan Width": 16, "Actual Startup Time": 0.033, "Actual Total Time": 8437.356, "Actual Rows": 14838130, "Actual Loops": 1, "Filter": "((o_comment)::text !~~ '%pending%deposits%'::text), (LLVM Optimized, Jit Execute)", "Rows Removed by Filter": 161870}, {"Node Type": "Hash", "Parent Relationship": "Inner", "Startup Cost": 52126.0, "Total Cost": 52126.0, "Plan Rows": 1500000, "Plan Width": 8, "Actual Startup Time": 1152.647, "Actual Total Time": 1152.647, "Actual Rows": 1500000, "Actual Loops": 1, "Hash Buckets": 2097152, "Hash Batches": 1, "Original Hash Batches": 1, "Peak Memory Usage": 58594, "Plans": [{"Node Type": "Seq Scan", "Parent Relationship": "Outer", "Relation Name": "customer", "Alias": "customer", "Startup Cost": 0.0, "Total Cost": 52126.0, "Plan Rows": 1500000, "Plan Width": 8, "Actual Startup Time": 0.036, "Actual Total Time": 533.795, "Actual Rows": 1500000, "Actual Loops": 1}]}]}]}]}]}]}, "Triggers": [], "Planner Runtime": 0.918, "Total Runtime": 34589.144, "Unique SQL Id": 3026328400}}, "(1, 37)": {"explain_plan": {"Plan": {"Node Type": "Sort", "Startup Cost": 1885961.16, "Total Cost": 1885961.66, "Plan Rows": 200, "Plan Width": 8, "Sort Key": ["(count(*)) DESC", "c_orders.c_count DESC"], "Plans": [{"Node Type": "Aggregate", "Strategy": "Hashed", "Parent Relationship": "Outer", "Startup Cost": 1885951.51, "Total Cost": 1885953.51, "Plan Rows": 200, "Plan Width": 8, "Group By Key": ["c_orders.c_count"], "Plans": [{"Node Type": "Subquery Scan", "Parent Relationship": "Outer", "Alias": "c_orders", "Startup Cost": 1848451.51, "Total Cost": 1878451.51, "Plan Rows": 1500000, "Plan Width": 8, "Plans": [{"Node Type": "Aggregate", "Strategy": "Hashed", "Parent Relationship": "Subquery", "Startup Cost": 1848451.51, "Total Cost": 1863451.51, "Plan Rows": 1500000, "Plan Width": 16, "Group By Key": ["customer.c_custkey"], "Plans": [{"Node Type": "Hash Join", "Parent Relationship": "Outer", "Join Type": "Right", "Startup Cost": 99515.36, "Total Cost": 1816699.93, "Plan Rows": 6350316, "Plan Width": 16, "Inner Unique": true, "Hash Cond": "(orders.o_custkey = customer.c_custkey), (LLVM Optimized)", "Plans": [{"Node Type": "Index Scan", "Parent Relationship": "Outer", "Scan Direction": "Forward", "Index Name": "idx_orders_custkey", "Relation Name": "orders", "Alias": "orders", "Startup Cost": 0.0, "Total Cost": 1598013.99, "Plan Rows": 14844648, "Plan Width": 16, "Filter": "((o_comment)::text !~~ '%pending%deposits%'::text), (LLVM Optimized)"}, {"Node Type": "Hash", "Parent Relationship": "Inner", "Startup Cost": 80765.36, "Total Cost": 80765.36, "Plan Rows": 1500000, "Plan Width": 8, "Plans": [{"Node Type": "Index Scan", "Parent Relationship": "Outer", "Scan Direction": "Forward", "Index Name": "customer_pkey", "Relation Name": "customer", "Alias": "customer", "Startup Cost": 0.0, "Total Cost": 80765.36, "Plan Rows": 1500000, "Plan Width": 8}]}]}]}]}]}]}, "Unique SQL Id": 3026328400}, "explain_analyze_plan": {"Plan": {"Node Type": "Sort", "Startup Cost": 1885961.16, "Total Cost": 1885961.66, "Plan Rows": 200, "Plan Width": 8, "Actual Startup Time": 52072.665, "Actual Total Time": 52072.669, "Actual Rows": 46, "Actual Loops": 1, "Sort Key": ["(count(*)) DESC", "c_orders.c_count DESC"], "Sort Method": "quicksort", "Sort Space Used": 29, "Sort Space Type": "Memory", "Plans": [{"Node Type": "Aggregate", "Strategy": "Hashed", "Parent Relationship": "Outer", "Startup Cost": 1885951.51, "Total Cost": 1885953.51, "Plan Rows": 200, "Plan Width": 8, "Actual Startup Time": 52072.611, "Actual Total Time": 52072.621, "Actual Rows": 46, "Actual Loops": 1, "Group By Key": ["c_orders.c_count"], "Plans": [{"Node Type": "Subquery Scan", "Parent Relationship": "Outer", "Alias": "c_orders", "Startup Cost": 1848451.51, "Total Cost": 1878451.51, "Plan Rows": 1500000, "Plan Width": 8, "Actual Startup Time": 50754.879, "Actual Total Time": 51654.993, "Actual Rows": 1500000, "Actual Loops": 1, "Plans": [{"Node Type": "Aggregate", "Strategy": "Hashed", "Parent Relationship": "Subquery", "Startup Cost": 1848451.51, "Total Cost": 1863451.51, "Plan Rows": 1500000, "Plan Width": 16, "Actual Startup Time": 50754.876, "Actual Total Time": 51389.425, "Actual Rows": 1500000, "Actual Loops": 1, "Group By Key": ["customer.c_custkey"], "Plans": [{"Node Type": "Hash Join", "Parent Relationship": "Outer", "Join Type": "Right", "Startup Cost": 99515.36, "Total Cost": 1816699.93, "Plan Rows": 6350316, "Plan Width": 16, "Actual Startup Time": 1537.26, "Actual Total Time": 44759.763, "Actual Rows": 15338153, "Actual Loops": 1, "Inner Unique": true, "Hash Cond": "(orders.o_custkey = customer.c_custkey), (LLVM Optimized, Jit Execute)", "Plans": [{"Node Type": "Index Scan", "Parent Relationship": "Outer", "Scan Direction": "Forward", "Index Name": "idx_orders_custkey", "Relation Name": "orders", "Alias": "orders", "Startup Cost": 0.0, "Total Cost": 1598013.99, "Plan Rows": 14844648, "Plan Width": 16, "Actual Startup Time": 0.04, "Actual Total Time": 36235.85, "Actual Rows": 14838130, "Actual Loops": 1, "Filter": "((o_comment)::text !~~ '%pending%deposits%'::text), (LLVM Optimized, Jit Execute)", "Rows Removed by Filter": 161870}, {"Node Type": "Hash", "Parent Relationship": "Inner", "Startup Cost": 80765.36, "Total Cost": 80765.36, "Plan Rows": 1500000, "Plan Width": 8, "Actual Startup Time": 1535.914, "Actual Total Time": 1535.914, "Actual Rows": 1500000, "Actual Loops": 1, "Hash Buckets": 2097152, "Hash Batches": 1, "Original Hash Batches": 1, "Peak Memory Usage": 58594, "Plans": [{"Node Type": "Index Scan", "Parent Relationship": "Outer", "Scan Direction": "Forward", "Index Name": "customer_pkey", "Relation Name": "customer", "Alias": "customer", "Startup Cost": 0.0, "Total Cost": 80765.36, "Plan Rows": 1500000, "Plan Width": 8, "Actual Startup Time": 0.057, "Actual Total Time": 979.65, "Actual Rows": 1500000, "Actual Loops": 1}]}]}]}]}]}]}, "Triggers": [], "Planner Runtime": 0.543, "Total Runtime": 52081.949, "Unique SQL Id": 3026328400}}, "(1, 38)": {"explain_plan": {"Plan": {"Node Type": "Sort", "Startup Cost": 723220.3, "Total Cost": 723220.8, "Plan Rows": 200, "Plan Width": 8, "Sort Key": ["(count(*)) DESC", "c_orders.c_count DESC"], "Plans": [{"Node Type": "Aggregate", "Strategy": "Hashed", "Parent Relationship": "Outer", "Startup Cost": 723210.66, "Total Cost": 723212.66, "Plan Rows": 200, "Plan Width": 8, "Group By Key": ["c_orders.c_count"], "Plans": [{"Node Type": "Subquery Scan", "Parent Relationship": "Outer", "Alias": "c_orders", "Startup Cost": 685710.66, "Total Cost": 715710.66, "Plan Rows": 1500000, "Plan Width": 8, "Plans": [{"Node Type": "Aggregate", "Strategy": "Hashed", "Parent Relationship": "Subquery", "Startup Cost": 685710.66, "Total Cost": 700710.66, "Plan Rows": 1500000, "Plan Width": 16, "Group By Key": ["customer.c_custkey"], "Plans": [{"Node Type": "Hash Join", "Parent Relationship": "Outer", "Join Type": "Right", "Startup Cost": 70876.0, "Total Cost": 653959.08, "Plan Rows": 6350316, "Plan Width": 16, "Inner Unique": true, "Hash Cond": "(orders.o_custkey = customer.c_custkey), (LLVM Optimized)", "Plans": [{"Node Type": "Seq Scan", "Parent Relationship": "Outer", "Relation Name": "orders", "Alias": "orders", "Startup Cost": 0.0, "Total Cost": 463912.49, "Plan Rows": 14844648, "Plan Width": 16, "Filter": "((o_comment)::text !~~ '%pending%deposits%'::text), (LLVM Optimized)"}, {"Node Type": "Hash", "Parent Relationship": "Inner", "Startup Cost": 52126.0, "Total Cost": 52126.0, "Plan Rows": 1500000, "Plan Width": 8, "Plans": [{"Node Type": "Seq Scan", "Parent Relationship": "Outer", "Relation Name": "customer", "Alias": "customer", "Startup Cost": 0.0, "Total Cost": 52126.0, "Plan Rows": 1500000, "Plan Width": 8}]}]}]}]}]}]}, "Unique SQL Id": 3026328400}, "explain_analyze_plan": {"Plan": {"Node Type": "Sort", "Startup Cost": 723220.3, "Total Cost": 723220.8, "Plan Rows": 200, "Plan Width": 8, "Actual Startup Time": 34579.334, "Actual Total Time": 34579.339, "Actual Rows": 46, "Actual Loops": 1, "Sort Key": ["(count(*)) DESC", "c_orders.c_count DESC"], "Sort Method": "quicksort", "Sort Space Used": 29, "Sort Space Type": "Memory", "Plans": [{"Node Type": "Aggregate", "Strategy": "Hashed", "Parent Relationship": "Outer", "Startup Cost": 723210.66, "Total Cost": 723212.66, "Plan Rows": 200, "Plan Width": 8, "Actual Startup Time": 34579.273, "Actual Total Time": 34579.286, "Actual Rows": 46, "Actual Loops": 1, "Group By Key": ["c_orders.c_count"], "Plans": [{"Node Type": "Subquery Scan", "Parent Relationship": "Outer", "Alias": "c_orders", "Startup Cost": 685710.66, "Total Cost": 715710.66, "Plan Rows": 1500000, "Plan Width": 8, "Actual Startup Time": 33057.958, "Actual Total Time": 34158.631, "Actual Rows": 1500000, "Actual Loops": 1, "Plans": [{"Node Type": "Aggregate", "Strategy": "Hashed", "Parent Relationship": "Subquery", "Startup Cost": 685710.66, "Total Cost": 700710.66, "Plan Rows": 1500000, "Plan Width": 16, "Actual Startup Time": 33057.953, "Actual Total Time": 33892.711, "Actual Rows": 1500000, "Actual Loops": 1, "Group By Key": ["customer.c_custkey"], "Plans": [{"Node Type": "Hash Join", "Parent Relationship": "Outer", "Join Type": "Right", "Startup Cost": 70876.0, "Total Cost": 653959.08, "Plan Rows": 6350316, "Plan Width": 16, "Actual Startup Time": 1153.954, "Actual Total Time": 20827.91, "Actual Rows": 15338153, "Actual Loops": 1, "Inner Unique": true, "Hash Cond": "(orders.o_custkey = customer.c_custkey), (LLVM Optimized, Jit Execute)", "Plans": [{"Node Type": "Seq Scan", "Parent Relationship": "Outer", "Relation Name": "orders", "Alias": "orders", "Startup Cost": 0.0, "Total Cost": 463912.49, "Plan Rows": 14844648, "Plan Width": 16, "Actual Startup Time": 0.033, "Actual Total Time": 8437.356, "Actual Rows": 14838130, "Actual Loops": 1, "Filter": "((o_comment)::text !~~ '%pending%deposits%'::text), (LLVM Optimized, Jit Execute)", "Rows Removed by Filter": 161870}, {"Node Type": "Hash", "Parent Relationship": "Inner", "Startup Cost": 52126.0, "Total Cost": 52126.0, "Plan Rows": 1500000, "Plan Width": 8, "Actual Startup Time": 1152.647, "Actual Total Time": 1152.647, "Actual Rows": 1500000, "Actual Loops": 1, "Hash Buckets": 2097152, "Hash Batches": 1, "Original Hash Batches": 1, "Peak Memory Usage": 58594, "Plans": [{"Node Type": "Seq Scan", "Parent Relationship": "Outer", "Relation Name": "customer", "Alias": "customer", "Startup Cost": 0.0, "Total Cost": 52126.0, "Plan Rows": 1500000, "Plan Width": 8, "Actual Startup Time": 0.036, "Actual Total Time": 533.795, "Actual Rows": 1500000, "Actual Loops": 1}]}]}]}]}]}]}, "Triggers": [], "Planner Runtime": 0.918, "Total Runtime": 34589.144, "Unique SQL Id": 3026328400}}, "(1, 39)": {"explain_plan": {"Plan": {"Node Type": "Sort", "Startup Cost": 1000014947164.85, "Total Cost": 1000014947165.35, "Plan Rows": 200, "Plan Width": 8, "Sort Key": ["(count(*)) DESC", "c_orders.c_count DESC"], "Plans": [{"Node Type": "Aggregate", "Strategy": "Hashed", "Parent Relationship": "Outer", "Startup Cost": 1000014947155.2, "Total Cost": 1000014947157.2, "Plan Rows": 200, "Plan Width": 8, "Group By Key": ["c_orders.c_count"], "Plans": [{"Node Type": "Subquery Scan", "Parent Relationship": "Outer", "Alias": "c_orders", "Startup Cost": 10000000000.43, "Total Cost": 1000014939655.2, "Plan Rows": 1500000, "Plan Width": 8, "Plans": [{"Node Type": "Aggregate", "Strategy": "Sorted", "Parent Relationship": "Subquery", "Startup Cost": 10000000000.43, "Total Cost": 1000014924655.2, "Plan Rows": 1500000, "Plan Width": 24, "Group By Key": ["customer.c_custkey"], "Plans": [{"Node Type": "Nested Loop", "Parent Relationship": "Outer", "Join Type": "Left", "Startup Cost": 10000000000.43, "Total Cost": 1000014877903.62, "Plan Rows": 6350316, "Plan Width": 16, "Inner Unique": false, "Plans": [{"Node Type": "Index Scan", "Parent Relationship": "Outer", "Scan Direction": "Forward", "Index Name": "customer_pkey", "Relation Name": "customer", "Alias": "customer", "Startup Cost": 10000000000.0, "Total Cost": 1000008076535.62, "Plan Rows": 1500000, "Plan Width": 8}, {"Node Type": "Bitmap Heap Scan", "Parent Relationship": "Inner", "Relation Name": "orders", "Alias": "orders", "Startup Cost": 0.43, "Total Cost": 4.49, "Plan Rows": 4, "Plan Width": 16, "Recheck Cond": "(customer.c_custkey = o_custkey)", "Filter": "((o_comment)::text !~~ '%pending%deposits%'::text)", "Plans": [{"Node Type": "Bitmap Index Scan", "Parent Relationship": "Outer", "Index Name": "idx_orders_custkey", "Startup Cost": 0.0, "Total Cost": 0.43, "Plan Rows": 4, "Plan Width": 0, "Index Cond": "(customer.c_custkey = o_custkey)"}]}]}]}]}]}]}, "Unique SQL Id": 3026328400}, "explain_analyze_plan": null}, "(1, 40)": {"explain_plan": {"Plan": {"Node Type": "Sort", "Startup Cost": 714730.55, "Total Cost": 714731.05, "Plan Rows": 200, "Plan Width": 8, "Sort Key": ["(count(*)) DESC", "c_orders.c_count DESC"], "Plans": [{"Node Type": "Aggregate", "Strategy": "Hashed", "Parent Relationship": "Outer", "Startup Cost": 714720.91, "Total Cost": 714722.91, "Plan Rows": 200, "Plan Width": 8, "Group By Key": ["c_orders.c_count"], "Plans": [{"Node Type": "Subquery Scan", "Parent Relationship": "Outer", "Alias": "c_orders", "Startup Cost": 677220.91, "Total Cost": 707220.91, "Plan Rows": 1500000, "Plan Width": 8, "Plans": [{"Node Type": "Aggregate", "Strategy": "Hashed", "Parent Relationship": "Subquery", "Startup Cost": 677220.91, "Total Cost": 692220.91, "Plan Rows": 1500000, "Plan Width": 16, "Group By Key": ["customer.c_custkey"], "Plans": [{"Node Type": "Hash Join", "Parent Relationship": "Outer", "Join Type": "Right", "Startup Cost": 62386.25, "Total Cost": 645469.33, "Plan Rows": 6350316, "Plan Width": 16, "Inner Unique": true, "Hash Cond": "(orders.o_custkey = customer.c_custkey), (LLVM Optimized)", "Plans": [{"Node Type": "Seq Scan", "Parent Relationship": "Outer", "Relation Name": "orders", "Alias": "orders", "Startup Cost": 0.0, "Total Cost": 463912.49, "Plan Rows": 14844648, "Plan Width": 16, "Filter": "((o_comment)::text !~~ '%pending%deposits%'::text), (LLVM Optimized)"}, {"Node Type": "Hash", "Parent Relationship": "Inner", "Startup Cost": 43636.25, "Total Cost": 43636.25, "Plan Rows": 1500000, "Plan Width": 8, "Plans": [{"Node Type": "Index Only Scan", "Parent Relationship": "Outer", "Scan Direction": "Forward", "Index Name": "customer_pkey", "Relation Name": "customer", "Alias": "customer", "Startup Cost": 0.0, "Total Cost": 43636.25, "Plan Rows": 1500000, "Plan Width": 8}]}]}]}]}]}]}, "Unique SQL Id": 3026328400}, "explain_analyze_plan": {"Plan": {"Node Type": "Sort", "Startup Cost": 714730.55, "Total Cost": 714731.05, "Plan Rows": 200, "Plan Width": 8, "Actual Startup Time": 33710.374, "Actual Total Time": 33710.377, "Actual Rows": 46, "Actual Loops": 1, "Sort Key": ["(count(*)) DESC", "c_orders.c_count DESC"], "Sort Method": "quicksort", "Sort Space Used": 29, "Sort Space Type": "Memory", "Plans": [{"Node Type": "Aggregate", "Strategy": "Hashed", "Parent Relationship": "Outer", "Startup Cost": 714720.91, "Total Cost": 714722.91, "Plan Rows": 200, "Plan Width": 8, "Actual Startup Time": 33710.313, "Actual Total Time": 33710.324, "Actual Rows": 46, "Actual Loops": 1, "Group By Key": ["c_orders.c_count"], "Plans": [{"Node Type": "Subquery Scan", "Parent Relationship": "Outer", "Alias": "c_orders", "Startup Cost": 677220.91, "Total Cost": 707220.91, "Plan Rows": 1500000, "Plan Width": 8, "Actual Startup Time": 32424.744, "Actual Total Time": 33291.179, "Actual Rows": 1500000, "Actual Loops": 1, "Plans": [{"Node Type": "Aggregate", "Strategy": "Hashed", "Parent Relationship": "Subquery", "Startup Cost": 677220.91, "Total Cost": 692220.91, "Plan Rows": 1500000, "Plan Width": 16, "Actual Startup Time": 32424.74, "Actual Total Time": 33024.659, "Actual Rows": 1500000, "Actual Loops": 1, "Group By Key": ["customer.c_custkey"], "Plans": [{"Node Type": "Hash Join", "Parent Relationship": "Outer", "Join Type": "Right", "Startup Cost": 62386.25, "Total Cost": 645469.33, "Plan Rows": 6350316, "Plan Width": 16, "Actual Startup Time": 792.611, "Actual Total Time": 20268.505, "Actual Rows": 15338153, "Actual Loops": 1, "Inner Unique": true, "Hash Cond": "(orders.o_custkey = customer.c_custkey), (LLVM Optimized, Jit Execute)", "Plans": [{"Node Type": "Seq Scan", "Parent Relationship": "Outer", "Relation Name": "orders", "Alias": "orders", "Startup Cost": 0.0, "Total Cost": 463912.49, "Plan Rows": 14844648, "Plan Width": 16, "Actual Startup Time": 0.037, "Actual Total Time": 8396.151, "Actual Rows": 14838130, "Actual Loops": 1, "Filter": "((o_comment)::text !~~ '%pending%deposits%'::text), (LLVM Optimized, Jit Execute)", "Rows Removed by Filter": 161870}, {"Node Type": "Hash", "Parent Relationship": "Inner", "Startup Cost": 43636.25, "Total Cost": 43636.25, "Plan Rows": 1500000, "Plan Width": 8, "Actual Startup Time": 791.151, "Actual Total Time": 791.151, "Actual Rows": 1500000, "Actual Loops": 1, "Hash Buckets": 2097152, "Hash Batches": 1, "Original Hash Batches": 1, "Peak Memory Usage": 58594, "Plans": [{"Node Type": "Index Only Scan", "Parent Relationship": "Outer", "Scan Direction": "Forward", "Index Name": "customer_pkey", "Relation Name": "customer", "Alias": "customer", "Startup Cost": 0.0, "Total Cost": 43636.25, "Plan Rows": 1500000, "Plan Width": 8, "Actual Startup Time": 0.038, "Actual Total Time": 361.175, "Actual Rows": 1500000, "Actual Loops": 1, "Heap Fetches": 0}]}]}]}]}]}]}, "Triggers": [], "Planner Runtime": 0.742, "Total Runtime": 33719.708, "Unique SQL Id": 3026328400}}, "(1, 41)": {"explain_plan": {"Plan": {"Node Type": "Sort", "Startup Cost": 1848832.05, "Total Cost": 1848832.55, "Plan Rows": 200, "Plan Width": 8, "Sort Key": ["(count(*)) DESC", "c_orders.c_count DESC"], "Plans": [{"Node Type": "Aggregate", "Strategy": "Hashed", "Parent Relationship": "Outer", "Startup Cost": 1848822.41, "Total Cost": 1848824.41, "Plan Rows": 200, "Plan Width": 8, "Group By Key": ["c_orders.c_count"], "Plans": [{"Node Type": "Subquery Scan", "Parent Relationship": "Outer", "Alias": "c_orders", "Startup Cost": 1811322.41, "Total Cost": 1841322.41, "Plan Rows": 1500000, "Plan Width": 8, "Plans": [{"Node Type": "Aggregate", "Strategy": "Hashed", "Parent Relationship": "Subquery", "Startup Cost": 1811322.41, "Total Cost": 1826322.41, "Plan Rows": 1500000, "Plan Width": 16, "Group By Key": ["customer.c_custkey"], "Plans": [{"Node Type": "Hash Join", "Parent Relationship": "Outer", "Join Type": "Right", "Startup Cost": 62386.25, "Total Cost": 1779570.83, "Plan Rows": 6350316, "Plan Width": 16, "Inner Unique": true, "Hash Cond": "(orders.o_custkey = customer.c_custkey), (LLVM Optimized)", "Plans": [{"Node Type": "Index Scan", "Parent Relationship": "Outer", "Scan Direction": "Forward", "Index Name": "idx_orders_custkey", "Relation Name": "orders", "Alias": "orders", "Startup Cost": 0.0, "Total Cost": 1598013.99, "Plan Rows": 14844648, "Plan Width": 16, "Filter": "((o_comment)::text !~~ '%pending%deposits%'::text), (LLVM Optimized)"}, {"Node Type": "Hash", "Parent Relationship": "Inner", "Startup Cost": 43636.25, "Total Cost": 43636.25, "Plan Rows": 1500000, "Plan Width": 8, "Plans": [{"Node Type": "Index Only Scan", "Parent Relationship": "Outer", "Scan Direction": "Forward", "Index Name": "customer_pkey", "Relation Name": "customer", "Alias": "customer", "Startup Cost": 0.0, "Total Cost": 43636.25, "Plan Rows": 1500000, "Plan Width": 8}]}]}]}]}]}]}, "Unique SQL Id": 3026328400}, "explain_analyze_plan": {"Plan": {"Node Type": "Sort", "Startup Cost": 1848832.05, "Total Cost": 1848832.55, "Plan Rows": 200, "Plan Width": 8, "Actual Startup Time": 53807.412, "Actual Total Time": 53807.414, "Actual Rows": 46, "Actual Loops": 1, "Sort Key": ["(count(*)) DESC", "c_orders.c_count DESC"], "Sort Method": "quicksort", "Sort Space Used": 29, "Sort Space Type": "Memory", "Plans": [{"Node Type": "Aggregate", "Strategy": "Hashed", "Parent Relationship": "Outer", "Startup Cost": 1848822.41, "Total Cost": 1848824.41, "Plan Rows": 200, "Plan Width": 8, "Actual Startup Time": 53807.352, "Actual Total Time": 53807.369, "Actual Rows": 46, "Actual Loops": 1, "Group By Key": ["c_orders.c_count"], "Plans": [{"Node Type": "Subquery Scan", "Parent Relationship": "Outer", "Alias": "c_orders", "Startup Cost": 1811322.41, "Total Cost": 1841322.41, "Plan Rows": 1500000, "Plan Width": 8, "Actual Startup Time": 52520.621, "Actual Total Time": 53386.096, "Actual Rows": 1500000, "Actual Loops": 1, "Plans": [{"Node Type": "Aggregate", "Strategy": "Hashed", "Parent Relationship": "Subquery", "Startup Cost": 1811322.41, "Total Cost": 1826322.41, "Plan Rows": 1500000, "Plan Width": 16, "Actual Startup Time": 52520.617, "Actual Total Time": 53119.686, "Actual Rows": 1500000, "Actual Loops": 1, "Group By Key": ["customer.c_custkey"], "Plans": [{"Node Type": "Hash Join", "Parent Relationship": "Outer", "Join Type": "Right", "Startup Cost": 62386.25, "Total Cost": 1779570.83, "Plan Rows": 6350316, "Plan Width": 16, "Actual Startup Time": 919.387, "Actual Total Time": 46457.036, "Actual Rows": 15338153, "Actual Loops": 1, "Inner Unique": true, "Hash Cond": "(orders.o_custkey = customer.c_custkey), (LLVM Optimized, Jit Execute)", "Plans": [{"Node Type": "Index Scan", "Parent Relationship": "Outer", "Scan Direction": "Forward", "Index Name": "idx_orders_custkey", "Relation Name": "orders", "Alias": "orders", "Startup Cost": 0.0, "Total Cost": 1598013.99, "Plan Rows": 14844648, "Plan Width": 16, "Actual Startup Time": 0.069, "Actual Total Time": 38527.297, "Actual Rows": 14838130, "Actual Loops": 1, "Filter": "((o_comment)::text !~~ '%pending%deposits%'::text), (LLVM Optimized, Jit Execute)", "Rows Removed by Filter": 161870}, {"Node Type": "Hash", "Parent Relationship": "Inner", "Startup Cost": 43636.25, "Total Cost": 43636.25, "Plan Rows": 1500000, "Plan Width": 8, "Actual Startup Time": 916.795, "Actual Total Time": 916.795, "Actual Rows": 1500000, "Actual Loops": 1, "Hash Buckets": 2097152, "Hash Batches": 1, "Original Hash Batches": 1, "Peak Memory Usage": 58594, "Plans": [{"Node Type": "Index Only Scan", "Parent Relationship": "Outer", "Scan Direction": "Forward", "Index Name": "customer_pkey", "Relation Name": "customer", "Alias": "customer", "Startup Cost": 0.0, "Total Cost": 43636.25, "Plan Rows": 1500000, "Plan Width": 8, "Actual Startup Time": 0.032, "Actual Total Time": 410.439, "Actual Rows": 1500000, "Actual Loops": 1, "Heap Fetches": 0}]}]}]}]}]}]}, "Triggers": [], "Planner Runtime": 0.526, "Total Runtime": 53816.828, "Unique SQL Id": 3026328400}}, "(1, 42)": {"explain_plan": {"Plan": {"Node Type": "Sort", "Startup Cost": 723220.3, "Total Cost": 723220.8, "Plan Rows": 200, "Plan Width": 8, "Sort Key": ["(count(*)) DESC", "c_orders.c_count DESC"], "Plans": [{"Node Type": "Aggregate", "Strategy": "Hashed", "Parent Relationship": "Outer", "Startup Cost": 723210.66, "Total Cost": 723212.66, "Plan Rows": 200, "Plan Width": 8, "Group By Key": ["c_orders.c_count"], "Plans": [{"Node Type": "Subquery Scan", "Parent Relationship": "Outer", "Alias": "c_orders", "Startup Cost": 685710.66, "Total Cost": 715710.66, "Plan Rows": 1500000, "Plan Width": 8, "Plans": [{"Node Type": "Aggregate", "Strategy": "Hashed", "Parent Relationship": "Subquery", "Startup Cost": 685710.66, "Total Cost": 700710.66, "Plan Rows": 1500000, "Plan Width": 16, "Group By Key": ["customer.c_custkey"], "Plans": [{"Node Type": "Hash Join", "Parent Relationship": "Outer", "Join Type": "Right", "Startup Cost": 70876.0, "Total Cost": 653959.08, "Plan Rows": 6350316, "Plan Width": 16, "Inner Unique": true, "Hash Cond": "(orders.o_custkey = customer.c_custkey), (LLVM Optimized)", "Plans": [{"Node Type": "Seq Scan", "Parent Relationship": "Outer", "Relation Name": "orders", "Alias": "orders", "Startup Cost": 0.0, "Total Cost": 463912.49, "Plan Rows": 14844648, "Plan Width": 16, "Filter": "((o_comment)::text !~~ '%pending%deposits%'::text), (LLVM Optimized)"}, {"Node Type": "Hash", "Parent Relationship": "Inner", "Startup Cost": 52126.0, "Total Cost": 52126.0, "Plan Rows": 1500000, "Plan Width": 8, "Plans": [{"Node Type": "Seq Scan", "Parent Relationship": "Outer", "Relation Name": "customer", "Alias": "customer", "Startup Cost": 0.0, "Total Cost": 52126.0, "Plan Rows": 1500000, "Plan Width": 8}]}]}]}]}]}]}, "Unique SQL Id": 3026328400}, "explain_analyze_plan": {"Plan": {"Node Type": "Sort", "Startup Cost": 723220.3, "Total Cost": 723220.8, "Plan Rows": 200, "Plan Width": 8, "Actual Startup Time": 34579.334, "Actual Total Time": 34579.339, "Actual Rows": 46, "Actual Loops": 1, "Sort Key": ["(count(*)) DESC", "c_orders.c_count DESC"], "Sort Method": "quicksort", "Sort Space Used": 29, "Sort Space Type": "Memory", "Plans": [{"Node Type": "Aggregate", "Strategy": "Hashed", "Parent Relationship": "Outer", "Startup Cost": 723210.66, "Total Cost": 723212.66, "Plan Rows": 200, "Plan Width": 8, "Actual Startup Time": 34579.273, "Actual Total Time": 34579.286, "Actual Rows": 46, "Actual Loops": 1, "Group By Key": ["c_orders.c_count"], "Plans": [{"Node Type": "Subquery Scan", "Parent Relationship": "Outer", "Alias": "c_orders", "Startup Cost": 685710.66, "Total Cost": 715710.66, "Plan Rows": 1500000, "Plan Width": 8, "Actual Startup Time": 33057.958, "Actual Total Time": 34158.631, "Actual Rows": 1500000, "Actual Loops": 1, "Plans": [{"Node Type": "Aggregate", "Strategy": "Hashed", "Parent Relationship": "Subquery", "Startup Cost": 685710.66, "Total Cost": 700710.66, "Plan Rows": 1500000, "Plan Width": 16, "Actual Startup Time": 33057.953, "Actual Total Time": 33892.711, "Actual Rows": 1500000, "Actual Loops": 1, "Group By Key": ["customer.c_custkey"], "Plans": [{"Node Type": "Hash Join", "Parent Relationship": "Outer", "Join Type": "Right", "Startup Cost": 70876.0, "Total Cost": 653959.08, "Plan Rows": 6350316, "Plan Width": 16, "Actual Startup Time": 1153.954, "Actual Total Time": 20827.91, "Actual Rows": 15338153, "Actual Loops": 1, "Inner Unique": true, "Hash Cond": "(orders.o_custkey = customer.c_custkey), (LLVM Optimized, Jit Execute)", "Plans": [{"Node Type": "Seq Scan", "Parent Relationship": "Outer", "Relation Name": "orders", "Alias": "orders", "Startup Cost": 0.0, "Total Cost": 463912.49, "Plan Rows": 14844648, "Plan Width": 16, "Actual Startup Time": 0.033, "Actual Total Time": 8437.356, "Actual Rows": 14838130, "Actual Loops": 1, "Filter": "((o_comment)::text !~~ '%pending%deposits%'::text), (LLVM Optimized, Jit Execute)", "Rows Removed by Filter": 161870}, {"Node Type": "Hash", "Parent Relationship": "Inner", "Startup Cost": 52126.0, "Total Cost": 52126.0, "Plan Rows": 1500000, "Plan Width": 8, "Actual Startup Time": 1152.647, "Actual Total Time": 1152.647, "Actual Rows": 1500000, "Actual Loops": 1, "Hash Buckets": 2097152, "Hash Batches": 1, "Original Hash Batches": 1, "Peak Memory Usage": 58594, "Plans": [{"Node Type": "Seq Scan", "Parent Relationship": "Outer", "Relation Name": "customer", "Alias": "customer", "Startup Cost": 0.0, "Total Cost": 52126.0, "Plan Rows": 1500000, "Plan Width": 8, "Actual Startup Time": 0.036, "Actual Total Time": 533.795, "Actual Rows": 1500000, "Actual Loops": 1}]}]}]}]}]}]}, "Triggers": [], "Planner Runtime": 0.918, "Total Runtime": 34589.144, "Unique SQL Id": 3026328400}}, "(1, 43)": {"explain_plan": {"Plan": {"Node Type": "Sort", "Startup Cost": 2000164372205.65, "Total Cost": 2000164372206.15, "Plan Rows": 200, "Plan Width": 8, "Sort Key": ["(count(*)) DESC", "c_orders.c_count DESC"], "Plans": [{"Node Type": "Aggregate", "Strategy": "Hashed", "Parent Relationship": "Outer", "Startup Cost": 2000164372196.0, "Total Cost": 2000164372198.0, "Plan Rows": 200, "Plan Width": 8, "Group By Key": ["c_orders.c_count"], "Plans": [{"Node Type": "Subquery Scan", "Parent Relationship": "Outer", "Alias": "c_orders", "Startup Cost": 2000164334696.0, "Total Cost": 2000164364696.0, "Plan Rows": 1500000, "Plan Width": 8, "Plans": [{"Node Type": "Aggregate", "Strategy": "Hashed", "Parent Relationship": "Subquery", "Startup Cost": 2000164334696.0, "Total Cost": 2000164349696.0, "Plan Rows": 1500000, "Plan Width": 16, "Group By Key": ["customer.c_custkey"], "Plans": [{"Node Type": "Hash Join", "Parent Relationship": "Outer", "Join Type": "Right", "Startup Cost": 1010004382375.0, "Total Cost": 2000164302944.42, "Plan Rows": 6350316, "Plan Width": 16, "Inner Unique": true, "Hash Cond": "(orders.o_custkey = customer.c_custkey), (LLVM Optimized)", "Plans": [{"Node Type": "Index Scan", "Parent Relationship": "Outer", "Scan Direction": "Forward", "Index Name": "idx_orders_custkey", "Relation Name": "orders", "Alias": "orders", "Startup Cost": 10000000000.0, "Total Cost": 1000159801398.83, "Plan Rows": 14844648, "Plan Width": 16, "Filter": "((o_comment)::text !~~ '%pending%deposits%'::text), (LLVM Optimized)"}, {"Node Type": "Hash", "Parent Relationship": "Inner", "Startup Cost": 1000004363625.0, "Total Cost": 1000004363625.0, "Plan Rows": 1500000, "Plan Width": 8, "Plans": [{"Node Type": "Index Only Scan", "Parent Relationship": "Outer", "Scan Direction": "Forward", "Index Name": "customer_pkey", "Relation Name": "customer", "Alias": "customer", "Startup Cost": 10000000000.0, "Total Cost": 1000004363625.0, "Plan Rows": 1500000, "Plan Width": 8}]}]}]}]}]}]}, "Unique SQL Id": 3026328400}, "explain_analyze_plan": {"Plan": {"Node Type": "Sort", "Startup Cost": 2000164372205.65, "Total Cost": 2000164372206.15, "Plan Rows": 200, "Plan Width": 8, "Actual Startup Time": 54608.901, "Actual Total Time": 54608.906, "Actual Rows": 46, "Actual Loops": 1, "Sort Key": ["(count(*)) DESC", "c_orders.c_count DESC"], "Sort Method": "quicksort", "Sort Space Used": 29, "Sort Space Type": "Memory", "Plans": [{"Node Type": "Aggregate", "Strategy": "Hashed", "Parent Relationship": "Outer", "Startup Cost": 2000164372196.0, "Total Cost": 2000164372198.0, "Plan Rows": 200, "Plan Width": 8, "Actual Startup Time": 54608.837, "Actual Total Time": 54608.848, "Actual Rows": 46, "Actual Loops": 1, "Group By Key": ["c_orders.c_count"], "Plans": [{"Node Type": "Subquery Scan", "Parent Relationship": "Outer", "Alias": "c_orders", "Startup Cost": 2000164334696.0, "Total Cost": 2000164364696.0, "Plan Rows": 1500000, "Plan Width": 8, "Actual Startup Time": 53232.094, "Actual Total Time": 54192.355, "Actual Rows": 1500000, "Actual Loops": 1, "Plans": [{"Node Type": "Aggregate", "Strategy": "Hashed", "Parent Relationship": "Subquery", "Startup Cost": 2000164334696.0, "Total Cost": 2000164349696.0, "Plan Rows": 1500000, "Plan Width": 16, "Actual Startup Time": 53232.091, "Actual Total Time": 53923.695, "Actual Rows": 1500000, "Actual Loops": 1, "Group By Key": ["customer.c_custkey"], "Plans": [{"Node Type": "Hash Join", "Parent Relationship": "Outer", "Join Type": "Right", "Startup Cost": 1010004382375.0, "Total Cost": 2000164302944.42, "Plan Rows": 6350316, "Plan Width": 16, "Actual Startup Time": 790.687, "Actual Total Time": 47124.234, "Actual Rows": 15338153, "Actual Loops": 1, "Inner Unique": true, "Hash Cond": "(orders.o_custkey = customer.c_custkey), (LLVM Optimized, Jit Execute)", "Plans": [{"Node Type": "Index Scan", "Parent Relationship": "Outer", "Scan Direction": "Forward", "Index Name": "idx_orders_custkey", "Relation Name": "orders", "Alias": "orders", "Startup Cost": 10000000000.0, "Total Cost": 1000159801398.83, "Plan Rows": 14844648, "Plan Width": 16, "Actual Startup Time": 0.051, "Actual Total Time": 39379.743, "Actual Rows": 14838130, "Actual Loops": 1, "Filter": "((o_comment)::text !~~ '%pending%deposits%'::text), (LLVM Optimized, Jit Execute)", "Rows Removed by Filter": 161870}, {"Node Type": "Hash", "Parent Relationship": "Inner", "Startup Cost": 1000004363625.0, "Total Cost": 1000004363625.0, "Plan Rows": 1500000, "Plan Width": 8, "Actual Startup Time": 789.354, "Actual Total Time": 789.354, "Actual Rows": 1500000, "Actual Loops": 1, "Hash Buckets": 2097152, "Hash Batches": 1, "Original Hash Batches": 1, "Peak Memory Usage": 58594, "Plans": [{"Node Type": "Index Only Scan", "Parent Relationship": "Outer", "Scan Direction": "Forward", "Index Name": "customer_pkey", "Relation Name": "customer", "Alias": "customer", "Startup Cost": 10000000000.0, "Total Cost": 1000004363625.0, "Plan Rows": 1500000, "Plan Width": 8, "Actual Startup Time": 0.047, "Actual Total Time": 360.465, "Actual Rows": 1500000, "Actual Loops": 1, "Heap Fetches": 0}]}]}]}]}]}]}, "Triggers": [], "Planner Runtime": 0.548, "Total Runtime": 54618.254, "Unique SQL Id": 3026328400}}, "(1, 44)": {"explain_plan": {"Plan": {"Node Type": "Sort", "Startup Cost": 723220.3, "Total Cost": 723220.8, "Plan Rows": 200, "Plan Width": 8, "Sort Key": ["(count(*)) DESC", "c_orders.c_count DESC"], "Plans": [{"Node Type": "Aggregate", "Strategy": "Hashed", "Parent Relationship": "Outer", "Startup Cost": 723210.66, "Total Cost": 723212.66, "Plan Rows": 200, "Plan Width": 8, "Group By Key": ["c_orders.c_count"], "Plans": [{"Node Type": "Subquery Scan", "Parent Relationship": "Outer", "Alias": "c_orders", "Startup Cost": 685710.66, "Total Cost": 715710.66, "Plan Rows": 1500000, "Plan Width": 8, "Plans": [{"Node Type": "Aggregate", "Strategy": "Hashed", "Parent Relationship": "Subquery", "Startup Cost": 685710.66, "Total Cost": 700710.66, "Plan Rows": 1500000, "Plan Width": 16, "Group By Key": ["customer.c_custkey"], "Plans": [{"Node Type": "Hash Join", "Parent Relationship": "Outer", "Join Type": "Right", "Startup Cost": 70876.0, "Total Cost": 653959.08, "Plan Rows": 6350316, "Plan Width": 16, "Inner Unique": true, "Hash Cond": "(orders.o_custkey = customer.c_custkey), (LLVM Optimized)", "Plans": [{"Node Type": "Seq Scan", "Parent Relationship": "Outer", "Relation Name": "orders", "Alias": "orders", "Startup Cost": 0.0, "Total Cost": 463912.49, "Plan Rows": 14844648, "Plan Width": 16, "Filter": "((o_comment)::text !~~ '%pending%deposits%'::text), (LLVM Optimized)"}, {"Node Type": "Hash", "Parent Relationship": "Inner", "Startup Cost": 52126.0, "Total Cost": 52126.0, "Plan Rows": 1500000, "Plan Width": 8, "Plans": [{"Node Type": "Seq Scan", "Parent Relationship": "Outer", "Relation Name": "customer", "Alias": "customer", "Startup Cost": 0.0, "Total Cost": 52126.0, "Plan Rows": 1500000, "Plan Width": 8}]}]}]}]}]}]}, "Unique SQL Id": 3026328400}, "explain_analyze_plan": {"Plan": {"Node Type": "Sort", "Startup Cost": 723220.3, "Total Cost": 723220.8, "Plan Rows": 200, "Plan Width": 8, "Actual Startup Time": 34579.334, "Actual Total Time": 34579.339, "Actual Rows": 46, "Actual Loops": 1, "Sort Key": ["(count(*)) DESC", "c_orders.c_count DESC"], "Sort Method": "quicksort", "Sort Space Used": 29, "Sort Space Type": "Memory", "Plans": [{"Node Type": "Aggregate", "Strategy": "Hashed", "Parent Relationship": "Outer", "Startup Cost": 723210.66, "Total Cost": 723212.66, "Plan Rows": 200, "Plan Width": 8, "Actual Startup Time": 34579.273, "Actual Total Time": 34579.286, "Actual Rows": 46, "Actual Loops": 1, "Group By Key": ["c_orders.c_count"], "Plans": [{"Node Type": "Subquery Scan", "Parent Relationship": "Outer", "Alias": "c_orders", "Startup Cost": 685710.66, "Total Cost": 715710.66, "Plan Rows": 1500000, "Plan Width": 8, "Actual Startup Time": 33057.958, "Actual Total Time": 34158.631, "Actual Rows": 1500000, "Actual Loops": 1, "Plans": [{"Node Type": "Aggregate", "Strategy": "Hashed", "Parent Relationship": "Subquery", "Startup Cost": 685710.66, "Total Cost": 700710.66, "Plan Rows": 1500000, "Plan Width": 16, "Actual Startup Time": 33057.953, "Actual Total Time": 33892.711, "Actual Rows": 1500000, "Actual Loops": 1, "Group By Key": ["customer.c_custkey"], "Plans": [{"Node Type": "Hash Join", "Parent Relationship": "Outer", "Join Type": "Right", "Startup Cost": 70876.0, "Total Cost": 653959.08, "Plan Rows": 6350316, "Plan Width": 16, "Actual Startup Time": 1153.954, "Actual Total Time": 20827.91, "Actual Rows": 15338153, "Actual Loops": 1, "Inner Unique": true, "Hash Cond": "(orders.o_custkey = customer.c_custkey), (LLVM Optimized, Jit Execute)", "Plans": [{"Node Type": "Seq Scan", "Parent Relationship": "Outer", "Relation Name": "orders", "Alias": "orders", "Startup Cost": 0.0, "Total Cost": 463912.49, "Plan Rows": 14844648, "Plan Width": 16, "Actual Startup Time": 0.033, "Actual Total Time": 8437.356, "Actual Rows": 14838130, "Actual Loops": 1, "Filter": "((o_comment)::text !~~ '%pending%deposits%'::text), (LLVM Optimized, Jit Execute)", "Rows Removed by Filter": 161870}, {"Node Type": "Hash", "Parent Relationship": "Inner", "Startup Cost": 52126.0, "Total Cost": 52126.0, "Plan Rows": 1500000, "Plan Width": 8, "Actual Startup Time": 1152.647, "Actual Total Time": 1152.647, "Actual Rows": 1500000, "Actual Loops": 1, "Hash Buckets": 2097152, "Hash Batches": 1, "Original Hash Batches": 1, "Peak Memory Usage": 58594, "Plans": [{"Node Type": "Seq Scan", "Parent Relationship": "Outer", "Relation Name": "customer", "Alias": "customer", "Startup Cost": 0.0, "Total Cost": 52126.0, "Plan Rows": 1500000, "Plan Width": 8, "Actual Startup Time": 0.036, "Actual Total Time": 533.795, "Actual Rows": 1500000, "Actual Loops": 1}]}]}]}]}]}]}, "Triggers": [], "Planner Runtime": 0.918, "Total Runtime": 34589.144, "Unique SQL Id": 3026328400}}, "(1, 45)": {"explain_plan": {"Plan": {"Node Type": "Sort", "Startup Cost": 1885961.16, "Total Cost": 1885961.66, "Plan Rows": 200, "Plan Width": 8, "Sort Key": ["(count(*)) DESC", "c_orders.c_count DESC"], "Plans": [{"Node Type": "Aggregate", "Strategy": "Hashed", "Parent Relationship": "Outer", "Startup Cost": 1885951.51, "Total Cost": 1885953.51, "Plan Rows": 200, "Plan Width": 8, "Group By Key": ["c_orders.c_count"], "Plans": [{"Node Type": "Subquery Scan", "Parent Relationship": "Outer", "Alias": "c_orders", "Startup Cost": 1848451.51, "Total Cost": 1878451.51, "Plan Rows": 1500000, "Plan Width": 8, "Plans": [{"Node Type": "Aggregate", "Strategy": "Hashed", "Parent Relationship": "Subquery", "Startup Cost": 1848451.51, "Total Cost": 1863451.51, "Plan Rows": 1500000, "Plan Width": 16, "Group By Key": ["customer.c_custkey"], "Plans": [{"Node Type": "Hash Join", "Parent Relationship": "Outer", "Join Type": "Right", "Startup Cost": 99515.36, "Total Cost": 1816699.93, "Plan Rows": 6350316, "Plan Width": 16, "Inner Unique": true, "Hash Cond": "(orders.o_custkey = customer.c_custkey), (LLVM Optimized)", "Plans": [{"Node Type": "Index Scan", "Parent Relationship": "Outer", "Scan Direction": "Forward", "Index Name": "idx_orders_custkey", "Relation Name": "orders", "Alias": "orders", "Startup Cost": 0.0, "Total Cost": 1598013.99, "Plan Rows": 14844648, "Plan Width": 16, "Filter": "((o_comment)::text !~~ '%pending%deposits%'::text), (LLVM Optimized)"}, {"Node Type": "Hash", "Parent Relationship": "Inner", "Startup Cost": 80765.36, "Total Cost": 80765.36, "Plan Rows": 1500000, "Plan Width": 8, "Plans": [{"Node Type": "Index Scan", "Parent Relationship": "Outer", "Scan Direction": "Forward", "Index Name": "customer_pkey", "Relation Name": "customer", "Alias": "customer", "Startup Cost": 0.0, "Total Cost": 80765.36, "Plan Rows": 1500000, "Plan Width": 8}]}]}]}]}]}]}, "Unique SQL Id": 3026328400}, "explain_analyze_plan": {"Plan": {"Node Type": "Sort", "Startup Cost": 1885961.16, "Total Cost": 1885961.66, "Plan Rows": 200, "Plan Width": 8, "Actual Startup Time": 52072.665, "Actual Total Time": 52072.669, "Actual Rows": 46, "Actual Loops": 1, "Sort Key": ["(count(*)) DESC", "c_orders.c_count DESC"], "Sort Method": "quicksort", "Sort Space Used": 29, "Sort Space Type": "Memory", "Plans": [{"Node Type": "Aggregate", "Strategy": "Hashed", "Parent Relationship": "Outer", "Startup Cost": 1885951.51, "Total Cost": 1885953.51, "Plan Rows": 200, "Plan Width": 8, "Actual Startup Time": 52072.611, "Actual Total Time": 52072.621, "Actual Rows": 46, "Actual Loops": 1, "Group By Key": ["c_orders.c_count"], "Plans": [{"Node Type": "Subquery Scan", "Parent Relationship": "Outer", "Alias": "c_orders", "Startup Cost": 1848451.51, "Total Cost": 1878451.51, "Plan Rows": 1500000, "Plan Width": 8, "Actual Startup Time": 50754.879, "Actual Total Time": 51654.993, "Actual Rows": 1500000, "Actual Loops": 1, "Plans": [{"Node Type": "Aggregate", "Strategy": "Hashed", "Parent Relationship": "Subquery", "Startup Cost": 1848451.51, "Total Cost": 1863451.51, "Plan Rows": 1500000, "Plan Width": 16, "Actual Startup Time": 50754.876, "Actual Total Time": 51389.425, "Actual Rows": 1500000, "Actual Loops": 1, "Group By Key": ["customer.c_custkey"], "Plans": [{"Node Type": "Hash Join", "Parent Relationship": "Outer", "Join Type": "Right", "Startup Cost": 99515.36, "Total Cost": 1816699.93, "Plan Rows": 6350316, "Plan Width": 16, "Actual Startup Time": 1537.26, "Actual Total Time": 44759.763, "Actual Rows": 15338153, "Actual Loops": 1, "Inner Unique": true, "Hash Cond": "(orders.o_custkey = customer.c_custkey), (LLVM Optimized, Jit Execute)", "Plans": [{"Node Type": "Index Scan", "Parent Relationship": "Outer", "Scan Direction": "Forward", "Index Name": "idx_orders_custkey", "Relation Name": "orders", "Alias": "orders", "Startup Cost": 0.0, "Total Cost": 1598013.99, "Plan Rows": 14844648, "Plan Width": 16, "Actual Startup Time": 0.04, "Actual Total Time": 36235.85, "Actual Rows": 14838130, "Actual Loops": 1, "Filter": "((o_comment)::text !~~ '%pending%deposits%'::text), (LLVM Optimized, Jit Execute)", "Rows Removed by Filter": 161870}, {"Node Type": "Hash", "Parent Relationship": "Inner", "Startup Cost": 80765.36, "Total Cost": 80765.36, "Plan Rows": 1500000, "Plan Width": 8, "Actual Startup Time": 1535.914, "Actual Total Time": 1535.914, "Actual Rows": 1500000, "Actual Loops": 1, "Hash Buckets": 2097152, "Hash Batches": 1, "Original Hash Batches": 1, "Peak Memory Usage": 58594, "Plans": [{"Node Type": "Index Scan", "Parent Relationship": "Outer", "Scan Direction": "Forward", "Index Name": "customer_pkey", "Relation Name": "customer", "Alias": "customer", "Startup Cost": 0.0, "Total Cost": 80765.36, "Plan Rows": 1500000, "Plan Width": 8, "Actual Startup Time": 0.057, "Actual Total Time": 979.65, "Actual Rows": 1500000, "Actual Loops": 1}]}]}]}]}]}]}, "Triggers": [], "Planner Runtime": 0.543, "Total Runtime": 52081.949, "Unique SQL Id": 3026328400}}, "(1, 46)": {"explain_plan": {"Plan": {"Node Type": "Sort", "Startup Cost": 723220.3, "Total Cost": 723220.8, "Plan Rows": 200, "Plan Width": 8, "Sort Key": ["(count(*)) DESC", "c_orders.c_count DESC"], "Plans": [{"Node Type": "Aggregate", "Strategy": "Hashed", "Parent Relationship": "Outer", "Startup Cost": 723210.66, "Total Cost": 723212.66, "Plan Rows": 200, "Plan Width": 8, "Group By Key": ["c_orders.c_count"], "Plans": [{"Node Type": "Subquery Scan", "Parent Relationship": "Outer", "Alias": "c_orders", "Startup Cost": 685710.66, "Total Cost": 715710.66, "Plan Rows": 1500000, "Plan Width": 8, "Plans": [{"Node Type": "Aggregate", "Strategy": "Hashed", "Parent Relationship": "Subquery", "Startup Cost": 685710.66, "Total Cost": 700710.66, "Plan Rows": 1500000, "Plan Width": 16, "Group By Key": ["customer.c_custkey"], "Plans": [{"Node Type": "Hash Join", "Parent Relationship": "Outer", "Join Type": "Right", "Startup Cost": 70876.0, "Total Cost": 653959.08, "Plan Rows": 6350316, "Plan Width": 16, "Inner Unique": true, "Hash Cond": "(orders.o_custkey = customer.c_custkey), (LLVM Optimized)", "Plans": [{"Node Type": "Seq Scan", "Parent Relationship": "Outer", "Relation Name": "orders", "Alias": "orders", "Startup Cost": 0.0, "Total Cost": 463912.49, "Plan Rows": 14844648, "Plan Width": 16, "Filter": "((o_comment)::text !~~ '%pending%deposits%'::text), (LLVM Optimized)"}, {"Node Type": "Hash", "Parent Relationship": "Inner", "Startup Cost": 52126.0, "Total Cost": 52126.0, "Plan Rows": 1500000, "Plan Width": 8, "Plans": [{"Node Type": "Seq Scan", "Parent Relationship": "Outer", "Relation Name": "customer", "Alias": "customer", "Startup Cost": 0.0, "Total Cost": 52126.0, "Plan Rows": 1500000, "Plan Width": 8}]}]}]}]}]}]}, "Unique SQL Id": 3026328400}, "explain_analyze_plan": {"Plan": {"Node Type": "Sort", "Startup Cost": 723220.3, "Total Cost": 723220.8, "Plan Rows": 200, "Plan Width": 8, "Actual Startup Time": 34579.334, "Actual Total Time": 34579.339, "Actual Rows": 46, "Actual Loops": 1, "Sort Key": ["(count(*)) DESC", "c_orders.c_count DESC"], "Sort Method": "quicksort", "Sort Space Used": 29, "Sort Space Type": "Memory", "Plans": [{"Node Type": "Aggregate", "Strategy": "Hashed", "Parent Relationship": "Outer", "Startup Cost": 723210.66, "Total Cost": 723212.66, "Plan Rows": 200, "Plan Width": 8, "Actual Startup Time": 34579.273, "Actual Total Time": 34579.286, "Actual Rows": 46, "Actual Loops": 1, "Group By Key": ["c_orders.c_count"], "Plans": [{"Node Type": "Subquery Scan", "Parent Relationship": "Outer", "Alias": "c_orders", "Startup Cost": 685710.66, "Total Cost": 715710.66, "Plan Rows": 1500000, "Plan Width": 8, "Actual Startup Time": 33057.958, "Actual Total Time": 34158.631, "Actual Rows": 1500000, "Actual Loops": 1, "Plans": [{"Node Type": "Aggregate", "Strategy": "Hashed", "Parent Relationship": "Subquery", "Startup Cost": 685710.66, "Total Cost": 700710.66, "Plan Rows": 1500000, "Plan Width": 16, "Actual Startup Time": 33057.953, "Actual Total Time": 33892.711, "Actual Rows": 1500000, "Actual Loops": 1, "Group By Key": ["customer.c_custkey"], "Plans": [{"Node Type": "Hash Join", "Parent Relationship": "Outer", "Join Type": "Right", "Startup Cost": 70876.0, "Total Cost": 653959.08, "Plan Rows": 6350316, "Plan Width": 16, "Actual Startup Time": 1153.954, "Actual Total Time": 20827.91, "Actual Rows": 15338153, "Actual Loops": 1, "Inner Unique": true, "Hash Cond": "(orders.o_custkey = customer.c_custkey), (LLVM Optimized, Jit Execute)", "Plans": [{"Node Type": "Seq Scan", "Parent Relationship": "Outer", "Relation Name": "orders", "Alias": "orders", "Startup Cost": 0.0, "Total Cost": 463912.49, "Plan Rows": 14844648, "Plan Width": 16, "Actual Startup Time": 0.033, "Actual Total Time": 8437.356, "Actual Rows": 14838130, "Actual Loops": 1, "Filter": "((o_comment)::text !~~ '%pending%deposits%'::text), (LLVM Optimized, Jit Execute)", "Rows Removed by Filter": 161870}, {"Node Type": "Hash", "Parent Relationship": "Inner", "Startup Cost": 52126.0, "Total Cost": 52126.0, "Plan Rows": 1500000, "Plan Width": 8, "Actual Startup Time": 1152.647, "Actual Total Time": 1152.647, "Actual Rows": 1500000, "Actual Loops": 1, "Hash Buckets": 2097152, "Hash Batches": 1, "Original Hash Batches": 1, "Peak Memory Usage": 58594, "Plans": [{"Node Type": "Seq Scan", "Parent Relationship": "Outer", "Relation Name": "customer", "Alias": "customer", "Startup Cost": 0.0, "Total Cost": 52126.0, "Plan Rows": 1500000, "Plan Width": 8, "Actual Startup Time": 0.036, "Actual Total Time": 533.795, "Actual Rows": 1500000, "Actual Loops": 1}]}]}]}]}]}]}, "Triggers": [], "Planner Runtime": 0.918, "Total Runtime": 34589.144, "Unique SQL Id": 3026328400}}, "(1, 47)": {"explain_plan": {"Plan": {"Node Type": "Sort", "Startup Cost": 2000168085116.27, "Total Cost": 2000168085116.77, "Plan Rows": 200, "Plan Width": 8, "Sort Key": ["(count(*)) DESC", "c_orders.c_count DESC"], "Plans": [{"Node Type": "Aggregate", "Strategy": "Hashed", "Parent Relationship": "Outer", "Startup Cost": 2000168085106.62, "Total Cost": 2000168085108.62, "Plan Rows": 200, "Plan Width": 8, "Group By Key": ["c_orders.c_count"], "Plans": [{"Node Type": "Subquery Scan", "Parent Relationship": "Outer", "Alias": "c_orders", "Startup Cost": 2000168047606.62, "Total Cost": 2000168077606.62, "Plan Rows": 1500000, "Plan Width": 8, "Plans": [{"Node Type": "Aggregate", "Strategy": "Hashed", "Parent Relationship": "Subquery", "Startup Cost": 2000168047606.62, "Total Cost": 2000168062606.62, "Plan Rows": 1500000, "Plan Width": 16, "Group By Key": ["customer.c_custkey"], "Plans": [{"Node Type": "Hash Join", "Parent Relationship": "Outer", "Join Type": "Right", "Startup Cost": 1010008095285.62, "Total Cost": 2000168015855.04, "Plan Rows": 6350316, "Plan Width": 16, "Inner Unique": true, "Hash Cond": "(orders.o_custkey = customer.c_custkey), (LLVM Optimized)", "Plans": [{"Node Type": "Index Scan", "Parent Relationship": "Outer", "Scan Direction": "Forward", "Index Name": "idx_orders_custkey", "Relation Name": "orders", "Alias": "orders", "Startup Cost": 10000000000.0, "Total Cost": 1000159801398.83, "Plan Rows": 14844648, "Plan Width": 16, "Filter": "((o_comment)::text !~~ '%pending%deposits%'::text), (LLVM Optimized)"}, {"Node Type": "Hash", "Parent Relationship": "Inner", "Startup Cost": 1000008076535.62, "Total Cost": 1000008076535.62, "Plan Rows": 1500000, "Plan Width": 8, "Plans": [{"Node Type": "Index Scan", "Parent Relationship": "Outer", "Scan Direction": "Forward", "Index Name": "customer_pkey", "Relation Name": "customer", "Alias": "customer", "Startup Cost": 10000000000.0, "Total Cost": 1000008076535.62, "Plan Rows": 1500000, "Plan Width": 8}]}]}]}]}]}]}, "Unique SQL Id": 3026328400}, "explain_analyze_plan": {"Plan": {"Node Type": "Sort", "Startup Cost": 2000168085116.27, "Total Cost": 2000168085116.77, "Plan Rows": 200, "Plan Width": 8, "Actual Startup Time": 52703.547, "Actual Total Time": 52703.551, "Actual Rows": 46, "Actual Loops": 1, "Sort Key": ["(count(*)) DESC", "c_orders.c_count DESC"], "Sort Method": "quicksort", "Sort Space Used": 29, "Sort Space Type": "Memory", "Plans": [{"Node Type": "Aggregate", "Strategy": "Hashed", "Parent Relationship": "Outer", "Startup Cost": 2000168085106.62, "Total Cost": 2000168085108.62, "Plan Rows": 200, "Plan Width": 8, "Actual Startup Time": 52703.489, "Actual Total Time": 52703.502, "Actual Rows": 46, "Actual Loops": 1, "Group By Key": ["c_orders.c_count"], "Plans": [{"Node Type": "Subquery Scan", "Parent Relationship": "Outer", "Alias": "c_orders", "Startup Cost": 2000168047606.62, "Total Cost": 2000168077606.62, "Plan Rows": 1500000, "Plan Width": 8, "Actual Startup Time": 51493.126, "Actual Total Time": 52292.648, "Actual Rows": 1500000, "Actual Loops": 1, "Plans": [{"Node Type": "Aggregate", "Strategy": "Hashed", "Parent Relationship": "Subquery", "Startup Cost": 2000168047606.62, "Total Cost": 2000168062606.62, "Plan Rows": 1500000, "Plan Width": 16, "Actual Startup Time": 51493.123, "Actual Total Time": 52026.195, "Actual Rows": 1500000, "Actual Loops": 1, "Group By Key": ["customer.c_custkey"], "Plans": [{"Node Type": "Hash Join", "Parent Relationship": "Outer", "Join Type": "Right", "Startup Cost": 1010008095285.62, "Total Cost": 2000168015855.04, "Plan Rows": 6350316, "Plan Width": 16, "Actual Startup Time": 1544.55, "Actual Total Time": 45471.585, "Actual Rows": 15338153, "Actual Loops": 1, "Inner Unique": true, "Hash Cond": "(orders.o_custkey = customer.c_custkey), (LLVM Optimized, Jit Execute)", "Plans": [{"Node Type": "Index Scan", "Parent Relationship": "Outer", "Scan Direction": "Forward", "Index Name": "idx_orders_custkey", "Relation Name": "orders", "Alias": "orders", "Startup Cost": 10000000000.0, "Total Cost": 1000159801398.83, "Plan Rows": 14844648, "Plan Width": 16, "Actual Startup Time": 0.04, "Actual Total Time": 36934.864, "Actual Rows": 14838130, "Actual Loops": 1, "Filter": "((o_comment)::text !~~ '%pending%deposits%'::text), (LLVM Optimized, Jit Execute)", "Rows Removed by Filter": 161870}, {"Node Type": "Hash", "Parent Relationship": "Inner", "Startup Cost": 1000008076535.62, "Total Cost": 1000008076535.62, "Plan Rows": 1500000, "Plan Width": 8, "Actual Startup Time": 1543.232, "Actual Total Time": 1543.232, "Actual Rows": 1500000, "Actual Loops": 1, "Hash Buckets": 2097152, "Hash Batches": 1, "Original Hash Batches": 1, "Peak Memory Usage": 58594, "Plans": [{"Node Type": "Index Scan", "Parent Relationship": "Outer", "Scan Direction": "Forward", "Index Name": "customer_pkey", "Relation Name": "customer", "Alias": "customer", "Startup Cost": 10000000000.0, "Total Cost": 1000008076535.62, "Plan Rows": 1500000, "Plan Width": 8, "Actual Startup Time": 0.054, "Actual Total Time": 966.809, "Actual Rows": 1500000, "Actual Loops": 1}]}]}]}]}]}]}, "Triggers": [], "Planner Runtime": 0.546, "Total Runtime": 52712.875, "Unique SQL Id": 3026328400}}, "(1, 48)": {"explain_plan": {"Plan": {"Node Type": "Sort", "Startup Cost": 2003441.47, "Total Cost": 2003441.97, "Plan Rows": 200, "Plan Width": 8, "Sort Key": ["(count(*)) DESC", "c_orders.c_count DESC"], "Plans": [{"Node Type": "Aggregate", "Strategy": "Hashed", "Parent Relationship": "Outer", "Startup Cost": 2003431.83, "Total Cost": 2003433.83, "Plan Rows": 200, "Plan Width": 8, "Group By Key": ["c_orders.c_count"], "Plans": [{"Node Type": "Subquery Scan", "Parent Relationship": "Outer", "Alias": "c_orders", "Startup Cost": 0.0, "Total Cost": 1995931.83, "Plan Rows": 1500000, "Plan Width": 8, "Plans": [{"Node Type": "Aggregate", "Strategy": "Sorted", "Parent Relationship": "Subquery", "Startup Cost": 0.0, "Total Cost": 1980931.83, "Plan Rows": 1500000, "Plan Width": 24, "Group By Key": ["customer.c_custkey"], "Plans": [{"Node Type": "Nested Loop", "Parent Relationship": "Outer", "Join Type": "Left", "Startup Cost": 0.0, "Total Cost": 1934180.25, "Plan Rows": 6350316, "Plan Width": 16, "Inner Unique": false, "Plans": [{"Node Type": "Index Only Scan", "Parent Relationship": "Outer", "Scan Direction": "Forward", "Index Name": "customer_pkey", "Relation Name": "customer", "Alias": "customer", "Startup Cost": 0.0, "Total Cost": 43636.25, "Plan Rows": 1500000, "Plan Width": 8}, {"Node Type": "Index Scan", "Parent Relationship": "Inner", "Scan Direction": "Forward", "Index Name": "idx_orders_custkey", "Relation Name": "orders", "Alias": "orders", "Startup Cost": 0.0, "Total Cost": 1.22, "Plan Rows": 4, "Plan Width": 16, "Index Cond": "(customer.c_custkey = o_custkey)", "Filter": "((o_comment)::text !~~ '%pending%deposits%'::text)"}]}]}]}]}]}, "Unique SQL Id": 3026328400}, "explain_analyze_plan": {"Plan": {"Node Type": "Sort", "Startup Cost": 2003441.47, "Total Cost": 2003441.97, "Plan Rows": 200, "Plan Width": 8, "Actual Startup Time": 54057.805, "Actual Total Time": 54057.809, "Actual Rows": 46, "Actual Loops": 1, "Sort Key": ["(count(*)) DESC", "c_orders.c_count DESC"], "Sort Method": "quicksort", "Sort Space Used": 29, "Sort Space Type": "Memory", "Plans": [{"Node Type": "Aggregate", "Strategy": "Hashed", "Parent Relationship": "Outer", "Startup Cost": 2003431.83, "Total Cost": 2003433.83, "Plan Rows": 200, "Plan Width": 8, "Actual Startup Time": 54057.731, "Actual Total Time": 54057.743, "Actual Rows": 46, "Actual Loops": 1, "Group By Key": ["c_orders.c_count"], "Plans": [{"Node Type": "Subquery Scan", "Parent Relationship": "Outer", "Alias": "c_orders", "Startup Cost": 0.0, "Total Cost": 1995931.83, "Plan Rows": 1500000, "Plan Width": 8, "Actual Startup Time": 0.163, "Actual Total Time": 53402.028, "Actual Rows": 1500000, "Actual Loops": 1, "Plans": [{"Node Type": "Aggregate", "Strategy": "Sorted", "Parent Relationship": "Subquery", "Startup Cost": 0.0, "Total Cost": 1980931.83, "Plan Rows": 1500000, "Plan Width": 24, "Actual Startup Time": 0.162, "Actual Total Time": 53098.656, "Actual Rows": 1500000, "Actual Loops": 1, "Group By Key": ["customer.c_custkey"], "Plans": [{"Node Type": "Nested Loop", "Parent Relationship": "Outer", "Join Type": "Left", "Startup Cost": 0.0, "Total Cost": 1934180.25, "Plan Rows": 6350316, "Plan Width": 16, "Actual Startup Time": 0.09, "Actual Total Time": 48769.822, "Actual Rows": 15338153, "Actual Loops": 1, "Inner Unique": false, "Plans": [{"Node Type": "Index Only Scan", "Parent Relationship": "Outer", "Scan Direction": "Forward", "Index Name": "customer_pkey", "Relation Name": "customer", "Alias": "customer", "Startup Cost": 0.0, "Total Cost": 43636.25, "Plan Rows": 1500000, "Plan Width": 8, "Actual Startup Time": 0.045, "Actual Total Time": 427.775, "Actual Rows": 1500000, "Actual Loops": 1, "Heap Fetches": 0}, {"Node Type": "Index Scan", "Parent Relationship": "Inner", "Scan Direction": "Forward", "Index Name": "idx_orders_custkey", "Relation Name": "orders", "Alias": "orders", "Startup Cost": 0.0, "Total Cost": 1.22, "Plan Rows": 4, "Plan Width": 16, "Actual Startup Time": 7249.09, "Actual Total Time": 44454.385, "Actual Rows": 14838130, "Actual Loops": 1500000, "Index Cond": "(customer.c_custkey = o_custkey)", "Rows Removed by Index Recheck": 0, "Filter": "((o_comment)::text !~~ '%pending%deposits%'::text)", "Rows Removed by Filter": 161870}]}]}]}]}]}, "Triggers": [], "Planner Runtime": 0.56, "Total Runtime": 54066.693, "Unique SQL Id": 3026328400}}, "(1, 49)": {"explain_plan": {"Plan": {"Node Type": "Sort", "Startup Cost": 2003441.47, "Total Cost": 2003441.97, "Plan Rows": 200, "Plan Width": 8, "Sort Key": ["(count(*)) DESC", "c_orders.c_count DESC"], "Plans": [{"Node Type": "Aggregate", "Strategy": "Hashed", "Parent Relationship": "Outer", "Startup Cost": 2003431.83, "Total Cost": 2003433.83, "Plan Rows": 200, "Plan Width": 8, "Group By Key": ["c_orders.c_count"], "Plans": [{"Node Type": "Subquery Scan", "Parent Relationship": "Outer", "Alias": "c_orders", "Startup Cost": 0.0, "Total Cost": 1995931.83, "Plan Rows": 1500000, "Plan Width": 8, "Plans": [{"Node Type": "Aggregate", "Strategy": "Sorted", "Parent Relationship": "Subquery", "Startup Cost": 0.0, "Total Cost": 1980931.83, "Plan Rows": 1500000, "Plan Width": 24, "Group By Key": ["customer.c_custkey"], "Plans": [{"Node Type": "Nested Loop", "Parent Relationship": "Outer", "Join Type": "Left", "Startup Cost": 0.0, "Total Cost": 1934180.25, "Plan Rows": 6350316, "Plan Width": 16, "Inner Unique": false, "Plans": [{"Node Type": "Index Only Scan", "Parent Relationship": "Outer", "Scan Direction": "Forward", "Index Name": "customer_pkey", "Relation Name": "customer", "Alias": "customer", "Startup Cost": 0.0, "Total Cost": 43636.25, "Plan Rows": 1500000, "Plan Width": 8}, {"Node Type": "Index Scan", "Parent Relationship": "Inner", "Scan Direction": "Forward", "Index Name": "idx_orders_custkey", "Relation Name": "orders", "Alias": "orders", "Startup Cost": 0.0, "Total Cost": 1.22, "Plan Rows": 4, "Plan Width": 16, "Index Cond": "(customer.c_custkey = o_custkey)", "Filter": "((o_comment)::text !~~ '%pending%deposits%'::text)"}]}]}]}]}]}, "Unique SQL Id": 3026328400}, "explain_analyze_plan": {"Plan": {"Node Type": "Sort", "Startup Cost": 2003441.47, "Total Cost": 2003441.97, "Plan Rows": 200, "Plan Width": 8, "Actual Startup Time": 54057.805, "Actual Total Time": 54057.809, "Actual Rows": 46, "Actual Loops": 1, "Sort Key": ["(count(*)) DESC", "c_orders.c_count DESC"], "Sort Method": "quicksort", "Sort Space Used": 29, "Sort Space Type": "Memory", "Plans": [{"Node Type": "Aggregate", "Strategy": "Hashed", "Parent Relationship": "Outer", "Startup Cost": 2003431.83, "Total Cost": 2003433.83, "Plan Rows": 200, "Plan Width": 8, "Actual Startup Time": 54057.731, "Actual Total Time": 54057.743, "Actual Rows": 46, "Actual Loops": 1, "Group By Key": ["c_orders.c_count"], "Plans": [{"Node Type": "Subquery Scan", "Parent Relationship": "Outer", "Alias": "c_orders", "Startup Cost": 0.0, "Total Cost": 1995931.83, "Plan Rows": 1500000, "Plan Width": 8, "Actual Startup Time": 0.163, "Actual Total Time": 53402.028, "Actual Rows": 1500000, "Actual Loops": 1, "Plans": [{"Node Type": "Aggregate", "Strategy": "Sorted", "Parent Relationship": "Subquery", "Startup Cost": 0.0, "Total Cost": 1980931.83, "Plan Rows": 1500000, "Plan Width": 24, "Actual Startup Time": 0.162, "Actual Total Time": 53098.656, "Actual Rows": 1500000, "Actual Loops": 1, "Group By Key": ["customer.c_custkey"], "Plans": [{"Node Type": "Nested Loop", "Parent Relationship": "Outer", "Join Type": "Left", "Startup Cost": 0.0, "Total Cost": 1934180.25, "Plan Rows": 6350316, "Plan Width": 16, "Actual Startup Time": 0.09, "Actual Total Time": 48769.822, "Actual Rows": 15338153, "Actual Loops": 1, "Inner Unique": false, "Plans": [{"Node Type": "Index Only Scan", "Parent Relationship": "Outer", "Scan Direction": "Forward", "Index Name": "customer_pkey", "Relation Name": "customer", "Alias": "customer", "Startup Cost": 0.0, "Total Cost": 43636.25, "Plan Rows": 1500000, "Plan Width": 8, "Actual Startup Time": 0.045, "Actual Total Time": 427.775, "Actual Rows": 1500000, "Actual Loops": 1, "Heap Fetches": 0}, {"Node Type": "Index Scan", "Parent Relationship": "Inner", "Scan Direction": "Forward", "Index Name": "idx_orders_custkey", "Relation Name": "orders", "Alias": "orders", "Startup Cost": 0.0, "Total Cost": 1.22, "Plan Rows": 4, "Plan Width": 16, "Actual Startup Time": 7249.09, "Actual Total Time": 44454.385, "Actual Rows": 14838130, "Actual Loops": 1500000, "Index Cond": "(customer.c_custkey = o_custkey)", "Rows Removed by Index Recheck": 0, "Filter": "((o_comment)::text !~~ '%pending%deposits%'::text)", "Rows Removed by Filter": 161870}]}]}]}]}]}, "Triggers": [], "Planner Runtime": 0.56, "Total Runtime": 54066.693, "Unique SQL Id": 3026328400}}, "(1, 50)": {"explain_plan": {"Plan": {"Node Type": "Sort", "Startup Cost": 6922755.22, "Total Cost": 6922755.72, "Plan Rows": 200, "Plan Width": 8, "Sort Key": ["(count(*)) DESC", "c_orders.c_count DESC"], "Plans": [{"Node Type": "Aggregate", "Strategy": "Hashed", "Parent Relationship": "Outer", "Startup Cost": 6922745.58, "Total Cost": 6922747.58, "Plan Rows": 200, "Plan Width": 8, "Group By Key": ["c_orders.c_count"], "Plans": [{"Node Type": "Subquery Scan", "Parent Relationship": "Outer", "Alias": "c_orders", "Startup Cost": 6885245.58, "Total Cost": 6915245.58, "Plan Rows": 1500000, "Plan Width": 8, "Plans": [{"Node Type": "Aggregate", "Strategy": "Hashed", "Parent Relationship": "Subquery", "Startup Cost": 6885245.58, "Total Cost": 6900245.58, "Plan Rows": 1500000, "Plan Width": 16, "Group By Key": ["customer.c_custkey"], "Plans": [{"Node Type": "Nested Loop", "Parent Relationship": "Outer", "Join Type": "Left", "Startup Cost": 0.43, "Total Cost": 6853494.0, "Plan Rows": 6350316, "Plan Width": 16, "Inner Unique": false, "Plans": [{"Node Type": "Seq Scan", "Parent Relationship": "Outer", "Relation Name": "customer", "Alias": "customer", "Startup Cost": 0.0, "Total Cost": 52126.0, "Plan Rows": 1500000, "Plan Width": 8}, {"Node Type": "Bitmap Heap Scan", "Parent Relationship": "Inner", "Relation Name": "orders", "Alias": "orders", "Startup Cost": 0.43, "Total Cost": 4.49, "Plan Rows": 4, "Plan Width": 16, "Recheck Cond": "(customer.c_custkey = o_custkey)", "Filter": "((o_comment)::text !~~ '%pending%deposits%'::text)", "Plans": [{"Node Type": "Bitmap Index Scan", "Parent Relationship": "Outer", "Index Name": "idx_orders_custkey", "Startup Cost": 0.0, "Total Cost": 0.43, "Plan Rows": 4, "Plan Width": 0, "Index Cond": "(customer.c_custkey = o_custkey)"}]}]}]}]}]}]}, "Unique SQL Id": 3026328400}, "explain_analyze_plan": null}, "(1, 51)": {"explain_plan": {"Plan": {"Node Type": "Sort", "Startup Cost": 1000011234254.22, "Total Cost": 1000011234254.72, "Plan Rows": 200, "Plan Width": 8, "Sort Key": ["(count(*)) DESC", "c_orders.c_count DESC"], "Plans": [{"Node Type": "Aggregate", "Strategy": "Hashed", "Parent Relationship": "Outer", "Startup Cost": 1000011234244.58, "Total Cost": 1000011234246.58, "Plan Rows": 200, "Plan Width": 8, "Group By Key": ["c_orders.c_count"], "Plans": [{"Node Type": "Subquery Scan", "Parent Relationship": "Outer", "Alias": "c_orders", "Startup Cost": 10000000000.43, "Total Cost": 1000011226744.58, "Plan Rows": 1500000, "Plan Width": 8, "Plans": [{"Node Type": "Aggregate", "Strategy": "Sorted", "Parent Relationship": "Subquery", "Startup Cost": 10000000000.43, "Total Cost": 1000011211744.58, "Plan Rows": 1500000, "Plan Width": 24, "Group By Key": ["customer.c_custkey"], "Plans": [{"Node Type": "Nested Loop", "Parent Relationship": "Outer", "Join Type": "Left", "Startup Cost": 10000000000.43, "Total Cost": 1000011164993.0, "Plan Rows": 6350316, "Plan Width": 16, "Inner Unique": false, "Plans": [{"Node Type": "Index Only Scan", "Parent Relationship": "Outer", "Scan Direction": "Forward", "Index Name": "customer_pkey", "Relation Name": "customer", "Alias": "customer", "Startup Cost": 10000000000.0, "Total Cost": 1000004363625.0, "Plan Rows": 1500000, "Plan Width": 8}, {"Node Type": "Bitmap Heap Scan", "Parent Relationship": "Inner", "Relation Name": "orders", "Alias": "orders", "Startup Cost": 0.43, "Total Cost": 4.49, "Plan Rows": 4, "Plan Width": 16, "Recheck Cond": "(customer.c_custkey = o_custkey)", "Filter": "((o_comment)::text !~~ '%pending%deposits%'::text)", "Plans": [{"Node Type": "Bitmap Index Scan", "Parent Relationship": "Outer", "Index Name": "idx_orders_custkey", "Startup Cost": 0.0, "Total Cost": 0.43, "Plan Rows": 4, "Plan Width": 0, "Index Cond": "(customer.c_custkey = o_custkey)"}]}]}]}]}]}]}, "Unique SQL Id": 3026328400}, "explain_analyze_plan": {"Plan": {"Node Type": "Sort", "Startup Cost": 1000011234254.22, "Total Cost": 1000011234254.72, "Plan Rows": 200, "Plan Width": 8, "Actual Startup Time": 62555.418, "Actual Total Time": 62555.422, "Actual Rows": 46, "Actual Loops": 1, "Sort Key": ["(count(*)) DESC", "c_orders.c_count DESC"], "Sort Method": "quicksort", "Sort Space Used": 29, "Sort Space Type": "Memory", "Plans": [{"Node Type": "Aggregate", "Strategy": "Hashed", "Parent Relationship": "Outer", "Startup Cost": 1000011234244.58, "Total Cost": 1000011234246.58, "Plan Rows": 200, "Plan Width": 8, "Actual Startup Time": 62555.363, "Actual Total Time": 62555.373, "Actual Rows": 46, "Actual Loops": 1, "Group By Key": ["c_orders.c_count"], "Plans": [{"Node Type": "Subquery Scan", "Parent Relationship": "Outer", "Alias": "c_orders", "Startup Cost": 10000000000.43, "Total Cost": 1000011226744.58, "Plan Rows": 1500000, "Plan Width": 8, "Actual Startup Time": 0.177, "Actual Total Time": 61782.572, "Actual Rows": 1500000, "Actual Loops": 1, "Plans": [{"Node Type": "Aggregate", "Strategy": "Sorted", "Parent Relationship": "Subquery", "Startup Cost": 10000000000.43, "Total Cost": 1000011211744.58, "Plan Rows": 1500000, "Plan Width": 24, "Actual Startup Time": 0.176, "Actual Total Time": 61436.876, "Actual Rows": 1500000, "Actual Loops": 1, "Group By Key": ["customer.c_custkey"], "Plans": [{"Node Type": "Nested Loop", "Parent Relationship": "Outer", "Join Type": "Left", "Startup Cost": 10000000000.43, "Total Cost": 1000011164993.0, "Plan Rows": 6350316, "Plan Width": 16, "Actual Startup Time": 0.072, "Actual Total Time": 56992.363, "Actual Rows": 15338153, "Actual Loops": 1, "Inner Unique": false, "Plans": [{"Node Type": "Index Only Scan", "Parent Relationship": "Outer", "Scan Direction": "Forward", "Index Name": "customer_pkey", "Relation Name": "customer", "Alias": "customer", "Startup Cost": 10000000000.0, "Total Cost": 1000004363625.0, "Plan Rows": 1500000, "Plan Width": 8, "Actual Startup Time": 0.027, "Actual Total Time": 498.211, "Actual Rows": 1500000, "Actual Loops": 1, "Heap Fetches": 0}, {"Node Type": "Bitmap Heap Scan", "Parent Relationship": "Inner", "Relation Name": "orders", "Alias": "orders", "Startup Cost": 0.43, "Total Cost": 4.49, "Plan Rows": 4, "Plan Width": 16, "Actual Startup Time": 12057.857, "Actual Total Time": 51377.864, "Actual Rows": 14838130, "Actual Loops": 1500000, "Recheck Cond": "(customer.c_custkey = o_custkey)", "Rows Removed by Index Recheck": 0, "Filter": "((o_comment)::text !~~ '%pending%deposits%'::text)", "Rows Removed by Filter": 161870, "Exact Heap Blocks": 14999534, "Lossy Heap Blocks": 14999534, "Plans": [{"Node Type": "Bitmap Index Scan", "Parent Relationship": "Outer", "Index Name": "idx_orders_custkey", "Startup Cost": 0.0, "Total Cost": 0.43, "Plan Rows": 4, "Plan Width": 0, "Actual Startup Time": 6723.895, "Actual Total Time": 6723.895, "Actual Rows": 15000000, "Actual Loops": 1500000, "Index Cond": "(customer.c_custkey = o_custkey)"}]}]}]}]}]}]}, "Triggers": [], "Planner Runtime": 0.724, "Total Runtime": 62564.386, "Unique SQL Id": 3026328400}}, "(1, 52)": {"explain_plan": {"Plan": {"Node Type": "Sort", "Startup Cost": 2011931.22, "Total Cost": 2011931.72, "Plan Rows": 200, "Plan Width": 8, "Sort Key": ["(count(*)) DESC", "c_orders.c_count DESC"], "Plans": [{"Node Type": "Aggregate", "Strategy": "Hashed", "Parent Relationship": "Outer", "Startup Cost": 2011921.58, "Total Cost": 2011923.58, "Plan Rows": 200, "Plan Width": 8, "Group By Key": ["c_orders.c_count"], "Plans": [{"Node Type": "Subquery Scan", "Parent Relationship": "Outer", "Alias": "c_orders", "Startup Cost": 1974421.58, "Total Cost": 2004421.58, "Plan Rows": 1500000, "Plan Width": 8, "Plans": [{"Node Type": "Aggregate", "Strategy": "Hashed", "Parent Relationship": "Subquery", "Startup Cost": 1974421.58, "Total Cost": 1989421.58, "Plan Rows": 1500000, "Plan Width": 16, "Group By Key": ["customer.c_custkey"], "Plans": [{"Node Type": "Nested Loop", "Parent Relationship": "Outer", "Join Type": "Left", "Startup Cost": 0.0, "Total Cost": 1942670.0, "Plan Rows": 6350316, "Plan Width": 16, "Inner Unique": false, "Plans": [{"Node Type": "Seq Scan", "Parent Relationship": "Outer", "Relation Name": "customer", "Alias": "customer", "Startup Cost": 0.0, "Total Cost": 52126.0, "Plan Rows": 1500000, "Plan Width": 8}, {"Node Type": "Index Scan", "Parent Relationship": "Inner", "Scan Direction": "Forward", "Index Name": "idx_orders_custkey", "Relation Name": "orders", "Alias": "orders", "Startup Cost": 0.0, "Total Cost": 1.22, "Plan Rows": 4, "Plan Width": 16, "Index Cond": "(customer.c_custkey = o_custkey)", "Filter": "((o_comment)::text !~~ '%pending%deposits%'::text)"}]}]}]}]}]}, "Unique SQL Id": 3026328400}, "explain_analyze_plan": {"Plan": {"Node Type": "Sort", "Startup Cost": 2011931.22, "Total Cost": 2011931.72, "Plan Rows": 200, "Plan Width": 8, "Actual Startup Time": 55294.479, "Actual Total Time": 55294.483, "Actual Rows": 46, "Actual Loops": 1, "Sort Key": ["(count(*)) DESC", "c_orders.c_count DESC"], "Sort Method": "quicksort", "Sort Space Used": 29, "Sort Space Type": "Memory", "Plans": [{"Node Type": "Aggregate", "Strategy": "Hashed", "Parent Relationship": "Outer", "Startup Cost": 2011921.58, "Total Cost": 2011923.58, "Plan Rows": 200, "Plan Width": 8, "Actual Startup Time": 55294.418, "Actual Total Time": 55294.43, "Actual Rows": 46, "Actual Loops": 1, "Group By Key": ["c_orders.c_count"], "Plans": [{"Node Type": "Subquery Scan", "Parent Relationship": "Outer", "Alias": "c_orders", "Startup Cost": 1974421.58, "Total Cost": 2004421.58, "Plan Rows": 1500000, "Plan Width": 8, "Actual Startup Time": 53611.825, "Actual Total Time": 54877.212, "Actual Rows": 1500000, "Actual Loops": 1, "Plans": [{"Node Type": "Aggregate", "Strategy": "Hashed", "Parent Relationship": "Subquery", "Startup Cost": 1974421.58, "Total Cost": 1989421.58, "Plan Rows": 1500000, "Plan Width": 16, "Actual Startup Time": 53611.822, "Actual Total Time": 54609.205, "Actual Rows": 1500000, "Actual Loops": 1, "Group By Key": ["customer.c_custkey"], "Plans": [{"Node Type": "Nested Loop", "Parent Relationship": "Outer", "Join Type": "Left", "Startup Cost": 0.0, "Total Cost": 1942670.0, "Plan Rows": 6350316, "Plan Width": 16, "Actual Startup Time": 0.089, "Actual Total Time": 46716.854, "Actual Rows": 15338153, "Actual Loops": 1, "Inner Unique": false, "Plans": [{"Node Type": "Seq Scan", "Parent Relationship": "Outer", "Relation Name": "customer", "Alias": "customer", "Startup Cost": 0.0, "Total Cost": 52126.0, "Plan Rows": 1500000, "Plan Width": 8, "Actual Startup Time": 0.029, "Actual Total Time": 521.241, "Actual Rows": 1500000, "Actual Loops": 1}, {"Node Type": "Index Scan", "Parent Relationship": "Inner", "Scan Direction": "Forward", "Index Name": "idx_orders_custkey", "Relation Name": "orders", "Alias": "orders", "Startup Cost": 0.0, "Total Cost": 1.22, "Plan Rows": 4, "Plan Width": 16, "Actual Startup Time": 6989.73, "Actual Total Time": 42086.576, "Actual Rows": 14838130, "Actual Loops": 1500000, "Index Cond": "(customer.c_custkey = o_custkey)", "Rows Removed by Index Recheck": 0, "Filter": "((o_comment)::text !~~ '%pending%deposits%'::text)", "Rows Removed by Filter": 161870}]}]}]}]}]}, "Triggers": [], "Planner Runtime": 0.556, "Total Runtime": 55303.341, "Unique SQL Id": 3026328400}}, "(1, 53)": {"explain_plan": {"Plan": {"Node Type": "Sort", "Startup Cost": 2040570.58, "Total Cost": 2040571.08, "Plan Rows": 200, "Plan Width": 8, "Sort Key": ["(count(*)) DESC", "c_orders.c_count DESC"], "Plans": [{"Node Type": "Aggregate", "Strategy": "Hashed", "Parent Relationship": "Outer", "Startup Cost": 2040560.94, "Total Cost": 2040562.94, "Plan Rows": 200, "Plan Width": 8, "Group By Key": ["c_orders.c_count"], "Plans": [{"Node Type": "Subquery Scan", "Parent Relationship": "Outer", "Alias": "c_orders", "Startup Cost": 0.0, "Total Cost": 2033060.94, "Plan Rows": 1500000, "Plan Width": 8, "Plans": [{"Node Type": "Aggregate", "Strategy": "Sorted", "Parent Relationship": "Subquery", "Startup Cost": 0.0, "Total Cost": 2018060.94, "Plan Rows": 1500000, "Plan Width": 24, "Group By Key": ["customer.c_custkey"], "Plans": [{"Node Type": "Nested Loop", "Parent Relationship": "Outer", "Join Type": "Left", "Startup Cost": 0.0, "Total Cost": 1971309.36, "Plan Rows": 6350316, "Plan Width": 16, "Inner Unique": false, "Plans": [{"Node Type": "Index Scan", "Parent Relationship": "Outer", "Scan Direction": "Forward", "Index Name": "customer_pkey", "Relation Name": "customer", "Alias": "customer", "Startup Cost": 0.0, "Total Cost": 80765.36, "Plan Rows": 1500000, "Plan Width": 8}, {"Node Type": "Index Scan", "Parent Relationship": "Inner", "Scan Direction": "Forward", "Index Name": "idx_orders_custkey", "Relation Name": "orders", "Alias": "orders", "Startup Cost": 0.0, "Total Cost": 1.22, "Plan Rows": 4, "Plan Width": 16, "Index Cond": "(customer.c_custkey = o_custkey)", "Filter": "((o_comment)::text !~~ '%pending%deposits%'::text)"}]}]}]}]}]}, "Unique SQL Id": 3026328400}, "explain_analyze_plan": {"Plan": {"Node Type": "Sort", "Startup Cost": 2040570.58, "Total Cost": 2040571.08, "Plan Rows": 200, "Plan Width": 8, "Actual Startup Time": 53724.482, "Actual Total Time": 53724.485, "Actual Rows": 46, "Actual Loops": 1, "Sort Key": ["(count(*)) DESC", "c_orders.c_count DESC"], "Sort Method": "quicksort", "Sort Space Used": 29, "Sort Space Type": "Memory", "Plans": [{"Node Type": "Aggregate", "Strategy": "Hashed", "Parent Relationship": "Outer", "Startup Cost": 2040560.94, "Total Cost": 2040562.94, "Plan Rows": 200, "Plan Width": 8, "Actual Startup Time": 53724.421, "Actual Total Time": 53724.431, "Actual Rows": 46, "Actual Loops": 1, "Group By Key": ["c_orders.c_count"], "Plans": [{"Node Type": "Subquery Scan", "Parent Relationship": "Outer", "Alias": "c_orders", "Startup Cost": 0.0, "Total Cost": 2033060.94, "Plan Rows": 1500000, "Plan Width": 8, "Actual Startup Time": 0.173, "Actual Total Time": 53093.36, "Actual Rows": 1500000, "Actual Loops": 1, "Plans": [{"Node Type": "Aggregate", "Strategy": "Sorted", "Parent Relationship": "Subquery", "Startup Cost": 0.0, "Total Cost": 2018060.94, "Plan Rows": 1500000, "Plan Width": 24, "Actual Startup Time": 0.172, "Actual Total Time": 52782.296, "Actual Rows": 1500000, "Actual Loops": 1, "Group By Key": ["customer.c_custkey"], "Plans": [{"Node Type": "Nested Loop", "Parent Relationship": "Outer", "Join Type": "Left", "Startup Cost": 0.0, "Total Cost": 1971309.36, "Plan Rows": 6350316, "Plan Width": 16, "Actual Startup Time": 0.083, "Actual Total Time": 48377.295, "Actual Rows": 15338153, "Actual Loops": 1, "Inner Unique": false, "Plans": [{"Node Type": "Index Scan", "Parent Relationship": "Outer", "Scan Direction": "Forward", "Index Name": "customer_pkey", "Relation Name": "customer", "Alias": "customer", "Startup Cost": 0.0, "Total Cost": 80765.36, "Plan Rows": 1500000, "Plan Width": 8, "Actual Startup Time": 0.05, "Actual Total Time": 1074.721, "Actual Rows": 1500000, "Actual Loops": 1}, {"Node Type": "Index Scan", "Parent Relationship": "Inner", "Scan Direction": "Forward", "Index Name": "idx_orders_custkey", "Relation Name": "orders", "Alias": "orders", "Startup Cost": 0.0, "Total Cost": 1.22, "Plan Rows": 4, "Plan Width": 16, "Actual Startup Time": 7125.032, "Actual Total Time": 43386.786, "Actual Rows": 14838130, "Actual Loops": 1500000, "Index Cond": "(customer.c_custkey = o_custkey)", "Rows Removed by Index Recheck": 0, "Filter": "((o_comment)::text !~~ '%pending%deposits%'::text)", "Rows Removed by Filter": 161870}]}]}]}]}]}, "Triggers": [], "Planner Runtime": 0.569, "Total Runtime": 53733.409, "Unique SQL Id": 3026328400}}, "(1, 54)": {"explain_plan": {"Plan": {"Node Type": "Sort", "Startup Cost": 6922755.22, "Total Cost": 6922755.72, "Plan Rows": 200, "Plan Width": 8, "Sort Key": ["(count(*)) DESC", "c_orders.c_count DESC"], "Plans": [{"Node Type": "Aggregate", "Strategy": "Hashed", "Parent Relationship": "Outer", "Startup Cost": 6922745.58, "Total Cost": 6922747.58, "Plan Rows": 200, "Plan Width": 8, "Group By Key": ["c_orders.c_count"], "Plans": [{"Node Type": "Subquery Scan", "Parent Relationship": "Outer", "Alias": "c_orders", "Startup Cost": 6885245.58, "Total Cost": 6915245.58, "Plan Rows": 1500000, "Plan Width": 8, "Plans": [{"Node Type": "Aggregate", "Strategy": "Hashed", "Parent Relationship": "Subquery", "Startup Cost": 6885245.58, "Total Cost": 6900245.58, "Plan Rows": 1500000, "Plan Width": 16, "Group By Key": ["customer.c_custkey"], "Plans": [{"Node Type": "Nested Loop", "Parent Relationship": "Outer", "Join Type": "Left", "Startup Cost": 0.43, "Total Cost": 6853494.0, "Plan Rows": 6350316, "Plan Width": 16, "Inner Unique": false, "Plans": [{"Node Type": "Seq Scan", "Parent Relationship": "Outer", "Relation Name": "customer", "Alias": "customer", "Startup Cost": 0.0, "Total Cost": 52126.0, "Plan Rows": 1500000, "Plan Width": 8}, {"Node Type": "Bitmap Heap Scan", "Parent Relationship": "Inner", "Relation Name": "orders", "Alias": "orders", "Startup Cost": 0.43, "Total Cost": 4.49, "Plan Rows": 4, "Plan Width": 16, "Recheck Cond": "(customer.c_custkey = o_custkey)", "Filter": "((o_comment)::text !~~ '%pending%deposits%'::text)", "Plans": [{"Node Type": "Bitmap Index Scan", "Parent Relationship": "Outer", "Index Name": "idx_orders_custkey", "Startup Cost": 0.0, "Total Cost": 0.43, "Plan Rows": 4, "Plan Width": 0, "Index Cond": "(customer.c_custkey = o_custkey)"}]}]}]}]}]}]}, "Unique SQL Id": 3026328400}, "explain_analyze_plan": null}, "(1, 55)": {"explain_plan": {"Plan": {"Node Type": "Sort", "Startup Cost": 1000014947164.85, "Total Cost": 1000014947165.35, "Plan Rows": 200, "Plan Width": 8, "Sort Key": ["(count(*)) DESC", "c_orders.c_count DESC"], "Plans": [{"Node Type": "Aggregate", "Strategy": "Hashed", "Parent Relationship": "Outer", "Startup Cost": 1000014947155.2, "Total Cost": 1000014947157.2, "Plan Rows": 200, "Plan Width": 8, "Group By Key": ["c_orders.c_count"], "Plans": [{"Node Type": "Subquery Scan", "Parent Relationship": "Outer", "Alias": "c_orders", "Startup Cost": 10000000000.43, "Total Cost": 1000014939655.2, "Plan Rows": 1500000, "Plan Width": 8, "Plans": [{"Node Type": "Aggregate", "Strategy": "Sorted", "Parent Relationship": "Subquery", "Startup Cost": 10000000000.43, "Total Cost": 1000014924655.2, "Plan Rows": 1500000, "Plan Width": 24, "Group By Key": ["customer.c_custkey"], "Plans": [{"Node Type": "Nested Loop", "Parent Relationship": "Outer", "Join Type": "Left", "Startup Cost": 10000000000.43, "Total Cost": 1000014877903.62, "Plan Rows": 6350316, "Plan Width": 16, "Inner Unique": false, "Plans": [{"Node Type": "Index Scan", "Parent Relationship": "Outer", "Scan Direction": "Forward", "Index Name": "customer_pkey", "Relation Name": "customer", "Alias": "customer", "Startup Cost": 10000000000.0, "Total Cost": 1000008076535.62, "Plan Rows": 1500000, "Plan Width": 8}, {"Node Type": "Bitmap Heap Scan", "Parent Relationship": "Inner", "Relation Name": "orders", "Alias": "orders", "Startup Cost": 0.43, "Total Cost": 4.49, "Plan Rows": 4, "Plan Width": 16, "Recheck Cond": "(customer.c_custkey = o_custkey)", "Filter": "((o_comment)::text !~~ '%pending%deposits%'::text)", "Plans": [{"Node Type": "Bitmap Index Scan", "Parent Relationship": "Outer", "Index Name": "idx_orders_custkey", "Startup Cost": 0.0, "Total Cost": 0.43, "Plan Rows": 4, "Plan Width": 0, "Index Cond": "(customer.c_custkey = o_custkey)"}]}]}]}]}]}]}, "Unique SQL Id": 3026328400}, "explain_analyze_plan": null}, "(1, 56)": {"explain_plan": {"Plan": {"Node Type": "Sort", "Startup Cost": 2003441.47, "Total Cost": 2003441.97, "Plan Rows": 200, "Plan Width": 8, "Sort Key": ["(count(*)) DESC", "c_orders.c_count DESC"], "Plans": [{"Node Type": "Aggregate", "Strategy": "Hashed", "Parent Relationship": "Outer", "Startup Cost": 2003431.83, "Total Cost": 2003433.83, "Plan Rows": 200, "Plan Width": 8, "Group By Key": ["c_orders.c_count"], "Plans": [{"Node Type": "Subquery Scan", "Parent Relationship": "Outer", "Alias": "c_orders", "Startup Cost": 0.0, "Total Cost": 1995931.83, "Plan Rows": 1500000, "Plan Width": 8, "Plans": [{"Node Type": "Aggregate", "Strategy": "Sorted", "Parent Relationship": "Subquery", "Startup Cost": 0.0, "Total Cost": 1980931.83, "Plan Rows": 1500000, "Plan Width": 24, "Group By Key": ["customer.c_custkey"], "Plans": [{"Node Type": "Nested Loop", "Parent Relationship": "Outer", "Join Type": "Left", "Startup Cost": 0.0, "Total Cost": 1934180.25, "Plan Rows": 6350316, "Plan Width": 16, "Inner Unique": false, "Plans": [{"Node Type": "Index Only Scan", "Parent Relationship": "Outer", "Scan Direction": "Forward", "Index Name": "customer_pkey", "Relation Name": "customer", "Alias": "customer", "Startup Cost": 0.0, "Total Cost": 43636.25, "Plan Rows": 1500000, "Plan Width": 8}, {"Node Type": "Index Scan", "Parent Relationship": "Inner", "Scan Direction": "Forward", "Index Name": "idx_orders_custkey", "Relation Name": "orders", "Alias": "orders", "Startup Cost": 0.0, "Total Cost": 1.22, "Plan Rows": 4, "Plan Width": 16, "Index Cond": "(customer.c_custkey = o_custkey)", "Filter": "((o_comment)::text !~~ '%pending%deposits%'::text)"}]}]}]}]}]}, "Unique SQL Id": 3026328400}, "explain_analyze_plan": {"Plan": {"Node Type": "Sort", "Startup Cost": 2003441.47, "Total Cost": 2003441.97, "Plan Rows": 200, "Plan Width": 8, "Actual Startup Time": 54057.805, "Actual Total Time": 54057.809, "Actual Rows": 46, "Actual Loops": 1, "Sort Key": ["(count(*)) DESC", "c_orders.c_count DESC"], "Sort Method": "quicksort", "Sort Space Used": 29, "Sort Space Type": "Memory", "Plans": [{"Node Type": "Aggregate", "Strategy": "Hashed", "Parent Relationship": "Outer", "Startup Cost": 2003431.83, "Total Cost": 2003433.83, "Plan Rows": 200, "Plan Width": 8, "Actual Startup Time": 54057.731, "Actual Total Time": 54057.743, "Actual Rows": 46, "Actual Loops": 1, "Group By Key": ["c_orders.c_count"], "Plans": [{"Node Type": "Subquery Scan", "Parent Relationship": "Outer", "Alias": "c_orders", "Startup Cost": 0.0, "Total Cost": 1995931.83, "Plan Rows": 1500000, "Plan Width": 8, "Actual Startup Time": 0.163, "Actual Total Time": 53402.028, "Actual Rows": 1500000, "Actual Loops": 1, "Plans": [{"Node Type": "Aggregate", "Strategy": "Sorted", "Parent Relationship": "Subquery", "Startup Cost": 0.0, "Total Cost": 1980931.83, "Plan Rows": 1500000, "Plan Width": 24, "Actual Startup Time": 0.162, "Actual Total Time": 53098.656, "Actual Rows": 1500000, "Actual Loops": 1, "Group By Key": ["customer.c_custkey"], "Plans": [{"Node Type": "Nested Loop", "Parent Relationship": "Outer", "Join Type": "Left", "Startup Cost": 0.0, "Total Cost": 1934180.25, "Plan Rows": 6350316, "Plan Width": 16, "Actual Startup Time": 0.09, "Actual Total Time": 48769.822, "Actual Rows": 15338153, "Actual Loops": 1, "Inner Unique": false, "Plans": [{"Node Type": "Index Only Scan", "Parent Relationship": "Outer", "Scan Direction": "Forward", "Index Name": "customer_pkey", "Relation Name": "customer", "Alias": "customer", "Startup Cost": 0.0, "Total Cost": 43636.25, "Plan Rows": 1500000, "Plan Width": 8, "Actual Startup Time": 0.045, "Actual Total Time": 427.775, "Actual Rows": 1500000, "Actual Loops": 1, "Heap Fetches": 0}, {"Node Type": "Index Scan", "Parent Relationship": "Inner", "Scan Direction": "Forward", "Index Name": "idx_orders_custkey", "Relation Name": "orders", "Alias": "orders", "Startup Cost": 0.0, "Total Cost": 1.22, "Plan Rows": 4, "Plan Width": 16, "Actual Startup Time": 7249.09, "Actual Total Time": 44454.385, "Actual Rows": 14838130, "Actual Loops": 1500000, "Index Cond": "(customer.c_custkey = o_custkey)", "Rows Removed by Index Recheck": 0, "Filter": "((o_comment)::text !~~ '%pending%deposits%'::text)", "Rows Removed by Filter": 161870}]}]}]}]}]}, "Triggers": [], "Planner Runtime": 0.56, "Total Runtime": 54066.693, "Unique SQL Id": 3026328400}}, "(1, 57)": {"explain_plan": {"Plan": {"Node Type": "Sort", "Startup Cost": 2003441.47, "Total Cost": 2003441.97, "Plan Rows": 200, "Plan Width": 8, "Sort Key": ["(count(*)) DESC", "c_orders.c_count DESC"], "Plans": [{"Node Type": "Aggregate", "Strategy": "Hashed", "Parent Relationship": "Outer", "Startup Cost": 2003431.83, "Total Cost": 2003433.83, "Plan Rows": 200, "Plan Width": 8, "Group By Key": ["c_orders.c_count"], "Plans": [{"Node Type": "Subquery Scan", "Parent Relationship": "Outer", "Alias": "c_orders", "Startup Cost": 0.0, "Total Cost": 1995931.83, "Plan Rows": 1500000, "Plan Width": 8, "Plans": [{"Node Type": "Aggregate", "Strategy": "Sorted", "Parent Relationship": "Subquery", "Startup Cost": 0.0, "Total Cost": 1980931.83, "Plan Rows": 1500000, "Plan Width": 24, "Group By Key": ["customer.c_custkey"], "Plans": [{"Node Type": "Nested Loop", "Parent Relationship": "Outer", "Join Type": "Left", "Startup Cost": 0.0, "Total Cost": 1934180.25, "Plan Rows": 6350316, "Plan Width": 16, "Inner Unique": false, "Plans": [{"Node Type": "Index Only Scan", "Parent Relationship": "Outer", "Scan Direction": "Forward", "Index Name": "customer_pkey", "Relation Name": "customer", "Alias": "customer", "Startup Cost": 0.0, "Total Cost": 43636.25, "Plan Rows": 1500000, "Plan Width": 8}, {"Node Type": "Index Scan", "Parent Relationship": "Inner", "Scan Direction": "Forward", "Index Name": "idx_orders_custkey", "Relation Name": "orders", "Alias": "orders", "Startup Cost": 0.0, "Total Cost": 1.22, "Plan Rows": 4, "Plan Width": 16, "Index Cond": "(customer.c_custkey = o_custkey)", "Filter": "((o_comment)::text !~~ '%pending%deposits%'::text)"}]}]}]}]}]}, "Unique SQL Id": 3026328400}, "explain_analyze_plan": {"Plan": {"Node Type": "Sort", "Startup Cost": 2003441.47, "Total Cost": 2003441.97, "Plan Rows": 200, "Plan Width": 8, "Actual Startup Time": 54057.805, "Actual Total Time": 54057.809, "Actual Rows": 46, "Actual Loops": 1, "Sort Key": ["(count(*)) DESC", "c_orders.c_count DESC"], "Sort Method": "quicksort", "Sort Space Used": 29, "Sort Space Type": "Memory", "Plans": [{"Node Type": "Aggregate", "Strategy": "Hashed", "Parent Relationship": "Outer", "Startup Cost": 2003431.83, "Total Cost": 2003433.83, "Plan Rows": 200, "Plan Width": 8, "Actual Startup Time": 54057.731, "Actual Total Time": 54057.743, "Actual Rows": 46, "Actual Loops": 1, "Group By Key": ["c_orders.c_count"], "Plans": [{"Node Type": "Subquery Scan", "Parent Relationship": "Outer", "Alias": "c_orders", "Startup Cost": 0.0, "Total Cost": 1995931.83, "Plan Rows": 1500000, "Plan Width": 8, "Actual Startup Time": 0.163, "Actual Total Time": 53402.028, "Actual Rows": 1500000, "Actual Loops": 1, "Plans": [{"Node Type": "Aggregate", "Strategy": "Sorted", "Parent Relationship": "Subquery", "Startup Cost": 0.0, "Total Cost": 1980931.83, "Plan Rows": 1500000, "Plan Width": 24, "Actual Startup Time": 0.162, "Actual Total Time": 53098.656, "Actual Rows": 1500000, "Actual Loops": 1, "Group By Key": ["customer.c_custkey"], "Plans": [{"Node Type": "Nested Loop", "Parent Relationship": "Outer", "Join Type": "Left", "Startup Cost": 0.0, "Total Cost": 1934180.25, "Plan Rows": 6350316, "Plan Width": 16, "Actual Startup Time": 0.09, "Actual Total Time": 48769.822, "Actual Rows": 15338153, "Actual Loops": 1, "Inner Unique": false, "Plans": [{"Node Type": "Index Only Scan", "Parent Relationship": "Outer", "Scan Direction": "Forward", "Index Name": "customer_pkey", "Relation Name": "customer", "Alias": "customer", "Startup Cost": 0.0, "Total Cost": 43636.25, "Plan Rows": 1500000, "Plan Width": 8, "Actual Startup Time": 0.045, "Actual Total Time": 427.775, "Actual Rows": 1500000, "Actual Loops": 1, "Heap Fetches": 0}, {"Node Type": "Index Scan", "Parent Relationship": "Inner", "Scan Direction": "Forward", "Index Name": "idx_orders_custkey", "Relation Name": "orders", "Alias": "orders", "Startup Cost": 0.0, "Total Cost": 1.22, "Plan Rows": 4, "Plan Width": 16, "Actual Startup Time": 7249.09, "Actual Total Time": 44454.385, "Actual Rows": 14838130, "Actual Loops": 1500000, "Index Cond": "(customer.c_custkey = o_custkey)", "Rows Removed by Index Recheck": 0, "Filter": "((o_comment)::text !~~ '%pending%deposits%'::text)", "Rows Removed by Filter": 161870}]}]}]}]}]}, "Triggers": [], "Planner Runtime": 0.56, "Total Runtime": 54066.693, "Unique SQL Id": 3026328400}}, "(1, 58)": {"explain_plan": {"Plan": {"Node Type": "Sort", "Startup Cost": 334005202411.33, "Total Cost": 334005202411.83, "Plan Rows": 200, "Plan Width": 8, "Sort Key": ["(count(*)) DESC", "c_orders.c_count DESC"], "Plans": [{"Node Type": "Aggregate", "Strategy": "Hashed", "Parent Relationship": "Outer", "Startup Cost": 334005202401.69, "Total Cost": 334005202403.69, "Plan Rows": 200, "Plan Width": 8, "Group By Key": ["c_orders.c_count"], "Plans": [{"Node Type": "Subquery Scan", "Parent Relationship": "Outer", "Alias": "c_orders", "Startup Cost": 334005164901.69, "Total Cost": 334005194901.69, "Plan Rows": 1500000, "Plan Width": 8, "Plans": [{"Node Type": "Aggregate", "Strategy": "Hashed", "Parent Relationship": "Subquery", "Startup Cost": 334005164901.69, "Total Cost": 334005179901.69, "Plan Rows": 1500000, "Plan Width": 16, "Group By Key": ["customer.c_custkey"], "Plans": [{"Node Type": "Nested Loop", "Parent Relationship": "Outer", "Join Type": "Left", "Startup Cost": 0.0, "Total Cost": 334005133150.11, "Plan Rows": 6350316, "Plan Width": 16, "Inner Unique": false, "Join Filter": "(customer.c_custkey = orders.o_custkey), (LLVM Optimized)", "Plans": [{"Node Type": "Seq Scan", "Parent Relationship": "Outer", "Relation Name": "customer", "Alias": "customer", "Startup Cost": 0.0, "Total Cost": 52126.0, "Plan Rows": 1500000, "Plan Width": 8}, {"Node Type": "Materialize", "Parent Relationship": "Inner", "Startup Cost": 0.0, "Total Cost": 538135.73, "Plan Rows": 14844648, "Plan Width": 16, "Plans": [{"Node Type": "Seq Scan", "Parent Relationship": "Outer", "Relation Name": "orders", "Alias": "orders", "Startup Cost": 0.0, "Total Cost": 463912.49, "Plan Rows": 14844648, "Plan Width": 16, "Filter": "((o_comment)::text !~~ '%pending%deposits%'::text), (LLVM Optimized)"}]}]}]}]}]}]}, "Unique SQL Id": 3026328400}, "explain_analyze_plan": null}, "(1, 59)": {"explain_plan": {"Plan": {"Node Type": "Sort", "Startup Cost": 2334168851396.68, "Total Cost": 2334168851397.18, "Plan Rows": 200, "Plan Width": 8, "Sort Key": ["(count(*)) DESC", "c_orders.c_count DESC"], "Plans": [{"Node Type": "Aggregate", "Strategy": "Hashed", "Parent Relationship": "Outer", "Startup Cost": 2334168851387.03, "Total Cost": 2334168851389.03, "Plan Rows": 200, "Plan Width": 8, "Group By Key": ["c_orders.c_count"], "Plans": [{"Node Type": "Subquery Scan", "Parent Relationship": "Outer", "Alias": "c_orders", "Startup Cost": 20000000000.0, "Total Cost": 2334168843887.03, "Plan Rows": 1500000, "Plan Width": 8, "Plans": [{"Node Type": "Aggregate", "Strategy": "Sorted", "Parent Relationship": "Subquery", "Startup Cost": 20000000000.0, "Total Cost": 2334168828887.03, "Plan Rows": 1500000, "Plan Width": 24, "Group By Key": ["customer.c_custkey"], "Plans": [{"Node Type": "Nested Loop", "Parent Relationship": "Outer", "Join Type": "Left", "Startup Cost": 20000000000.0, "Total Cost": 2334168782135.45, "Plan Rows": 6350316, "Plan Width": 16, "Inner Unique": false, "Join Filter": "(customer.c_custkey = orders.o_custkey), (LLVM Optimized)", "Plans": [{"Node Type": "Index Only Scan", "Parent Relationship": "Outer", "Scan Direction": "Forward", "Index Name": "customer_pkey", "Relation Name": "customer", "Alias": "customer", "Startup Cost": 10000000000.0, "Total Cost": 1000004363625.0, "Plan Rows": 1500000, "Plan Width": 8}, {"Node Type": "Materialize", "Parent Relationship": "Inner", "Startup Cost": 10000000000.0, "Total Cost": 1000159875622.07, "Plan Rows": 14844648, "Plan Width": 16, "Plans": [{"Node Type": "Index Scan", "Parent Relationship": "Outer", "Scan Direction": "Forward", "Index Name": "idx_orders_custkey", "Relation Name": "orders", "Alias": "orders", "Startup Cost": 10000000000.0, "Total Cost": 1000159801398.83, "Plan Rows": 14844648, "Plan Width": 16, "Filter": "((o_comment)::text !~~ '%pending%deposits%'::text), (LLVM Optimized)"}]}]}]}]}]}]}, "Unique SQL Id": 3026328400}, "explain_analyze_plan": null}, "(1, 60)": {"explain_plan": {"Plan": {"Node Type": "Sort", "Startup Cost": 2011931.22, "Total Cost": 2011931.72, "Plan Rows": 200, "Plan Width": 8, "Sort Key": ["(count(*)) DESC", "c_orders.c_count DESC"], "Plans": [{"Node Type": "Aggregate", "Strategy": "Hashed", "Parent Relationship": "Outer", "Startup Cost": 2011921.58, "Total Cost": 2011923.58, "Plan Rows": 200, "Plan Width": 8, "Group By Key": ["c_orders.c_count"], "Plans": [{"Node Type": "Subquery Scan", "Parent Relationship": "Outer", "Alias": "c_orders", "Startup Cost": 1974421.58, "Total Cost": 2004421.58, "Plan Rows": 1500000, "Plan Width": 8, "Plans": [{"Node Type": "Aggregate", "Strategy": "Hashed", "Parent Relationship": "Subquery", "Startup Cost": 1974421.58, "Total Cost": 1989421.58, "Plan Rows": 1500000, "Plan Width": 16, "Group By Key": ["customer.c_custkey"], "Plans": [{"Node Type": "Nested Loop", "Parent Relationship": "Outer", "Join Type": "Left", "Startup Cost": 0.0, "Total Cost": 1942670.0, "Plan Rows": 6350316, "Plan Width": 16, "Inner Unique": false, "Plans": [{"Node Type": "Seq Scan", "Parent Relationship": "Outer", "Relation Name": "customer", "Alias": "customer", "Startup Cost": 0.0, "Total Cost": 52126.0, "Plan Rows": 1500000, "Plan Width": 8}, {"Node Type": "Index Scan", "Parent Relationship": "Inner", "Scan Direction": "Forward", "Index Name": "idx_orders_custkey", "Relation Name": "orders", "Alias": "orders", "Startup Cost": 0.0, "Total Cost": 1.22, "Plan Rows": 4, "Plan Width": 16, "Index Cond": "(customer.c_custkey = o_custkey)", "Filter": "((o_comment)::text !~~ '%pending%deposits%'::text)"}]}]}]}]}]}, "Unique SQL Id": 3026328400}, "explain_analyze_plan": {"Plan": {"Node Type": "Sort", "Startup Cost": 2011931.22, "Total Cost": 2011931.72, "Plan Rows": 200, "Plan Width": 8, "Actual Startup Time": 55294.479, "Actual Total Time": 55294.483, "Actual Rows": 46, "Actual Loops": 1, "Sort Key": ["(count(*)) DESC", "c_orders.c_count DESC"], "Sort Method": "quicksort", "Sort Space Used": 29, "Sort Space Type": "Memory", "Plans": [{"Node Type": "Aggregate", "Strategy": "Hashed", "Parent Relationship": "Outer", "Startup Cost": 2011921.58, "Total Cost": 2011923.58, "Plan Rows": 200, "Plan Width": 8, "Actual Startup Time": 55294.418, "Actual Total Time": 55294.43, "Actual Rows": 46, "Actual Loops": 1, "Group By Key": ["c_orders.c_count"], "Plans": [{"Node Type": "Subquery Scan", "Parent Relationship": "Outer", "Alias": "c_orders", "Startup Cost": 1974421.58, "Total Cost": 2004421.58, "Plan Rows": 1500000, "Plan Width": 8, "Actual Startup Time": 53611.825, "Actual Total Time": 54877.212, "Actual Rows": 1500000, "Actual Loops": 1, "Plans": [{"Node Type": "Aggregate", "Strategy": "Hashed", "Parent Relationship": "Subquery", "Startup Cost": 1974421.58, "Total Cost": 1989421.58, "Plan Rows": 1500000, "Plan Width": 16, "Actual Startup Time": 53611.822, "Actual Total Time": 54609.205, "Actual Rows": 1500000, "Actual Loops": 1, "Group By Key": ["customer.c_custkey"], "Plans": [{"Node Type": "Nested Loop", "Parent Relationship": "Outer", "Join Type": "Left", "Startup Cost": 0.0, "Total Cost": 1942670.0, "Plan Rows": 6350316, "Plan Width": 16, "Actual Startup Time": 0.089, "Actual Total Time": 46716.854, "Actual Rows": 15338153, "Actual Loops": 1, "Inner Unique": false, "Plans": [{"Node Type": "Seq Scan", "Parent Relationship": "Outer", "Relation Name": "customer", "Alias": "customer", "Startup Cost": 0.0, "Total Cost": 52126.0, "Plan Rows": 1500000, "Plan Width": 8, "Actual Startup Time": 0.029, "Actual Total Time": 521.241, "Actual Rows": 1500000, "Actual Loops": 1}, {"Node Type": "Index Scan", "Parent Relationship": "Inner", "Scan Direction": "Forward", "Index Name": "idx_orders_custkey", "Relation Name": "orders", "Alias": "orders", "Startup Cost": 0.0, "Total Cost": 1.22, "Plan Rows": 4, "Plan Width": 16, "Actual Startup Time": 6989.73, "Actual Total Time": 42086.576, "Actual Rows": 14838130, "Actual Loops": 1500000, "Index Cond": "(customer.c_custkey = o_custkey)", "Rows Removed by Index Recheck": 0, "Filter": "((o_comment)::text !~~ '%pending%deposits%'::text)", "Rows Removed by Filter": 161870}]}]}]}]}]}, "Triggers": [], "Planner Runtime": 0.556, "Total Runtime": 55303.341, "Unique SQL Id": 3026328400}}, "(1, 61)": {"explain_plan": {"Plan": {"Node Type": "Sort", "Startup Cost": 2040570.58, "Total Cost": 2040571.08, "Plan Rows": 200, "Plan Width": 8, "Sort Key": ["(count(*)) DESC", "c_orders.c_count DESC"], "Plans": [{"Node Type": "Aggregate", "Strategy": "Hashed", "Parent Relationship": "Outer", "Startup Cost": 2040560.94, "Total Cost": 2040562.94, "Plan Rows": 200, "Plan Width": 8, "Group By Key": ["c_orders.c_count"], "Plans": [{"Node Type": "Subquery Scan", "Parent Relationship": "Outer", "Alias": "c_orders", "Startup Cost": 0.0, "Total Cost": 2033060.94, "Plan Rows": 1500000, "Plan Width": 8, "Plans": [{"Node Type": "Aggregate", "Strategy": "Sorted", "Parent Relationship": "Subquery", "Startup Cost": 0.0, "Total Cost": 2018060.94, "Plan Rows": 1500000, "Plan Width": 24, "Group By Key": ["customer.c_custkey"], "Plans": [{"Node Type": "Nested Loop", "Parent Relationship": "Outer", "Join Type": "Left", "Startup Cost": 0.0, "Total Cost": 1971309.36, "Plan Rows": 6350316, "Plan Width": 16, "Inner Unique": false, "Plans": [{"Node Type": "Index Scan", "Parent Relationship": "Outer", "Scan Direction": "Forward", "Index Name": "customer_pkey", "Relation Name": "customer", "Alias": "customer", "Startup Cost": 0.0, "Total Cost": 80765.36, "Plan Rows": 1500000, "Plan Width": 8}, {"Node Type": "Index Scan", "Parent Relationship": "Inner", "Scan Direction": "Forward", "Index Name": "idx_orders_custkey", "Relation Name": "orders", "Alias": "orders", "Startup Cost": 0.0, "Total Cost": 1.22, "Plan Rows": 4, "Plan Width": 16, "Index Cond": "(customer.c_custkey = o_custkey)", "Filter": "((o_comment)::text !~~ '%pending%deposits%'::text)"}]}]}]}]}]}, "Unique SQL Id": 3026328400}, "explain_analyze_plan": {"Plan": {"Node Type": "Sort", "Startup Cost": 2040570.58, "Total Cost": 2040571.08, "Plan Rows": 200, "Plan Width": 8, "Actual Startup Time": 53724.482, "Actual Total Time": 53724.485, "Actual Rows": 46, "Actual Loops": 1, "Sort Key": ["(count(*)) DESC", "c_orders.c_count DESC"], "Sort Method": "quicksort", "Sort Space Used": 29, "Sort Space Type": "Memory", "Plans": [{"Node Type": "Aggregate", "Strategy": "Hashed", "Parent Relationship": "Outer", "Startup Cost": 2040560.94, "Total Cost": 2040562.94, "Plan Rows": 200, "Plan Width": 8, "Actual Startup Time": 53724.421, "Actual Total Time": 53724.431, "Actual Rows": 46, "Actual Loops": 1, "Group By Key": ["c_orders.c_count"], "Plans": [{"Node Type": "Subquery Scan", "Parent Relationship": "Outer", "Alias": "c_orders", "Startup Cost": 0.0, "Total Cost": 2033060.94, "Plan Rows": 1500000, "Plan Width": 8, "Actual Startup Time": 0.173, "Actual Total Time": 53093.36, "Actual Rows": 1500000, "Actual Loops": 1, "Plans": [{"Node Type": "Aggregate", "Strategy": "Sorted", "Parent Relationship": "Subquery", "Startup Cost": 0.0, "Total Cost": 2018060.94, "Plan Rows": 1500000, "Plan Width": 24, "Actual Startup Time": 0.172, "Actual Total Time": 52782.296, "Actual Rows": 1500000, "Actual Loops": 1, "Group By Key": ["customer.c_custkey"], "Plans": [{"Node Type": "Nested Loop", "Parent Relationship": "Outer", "Join Type": "Left", "Startup Cost": 0.0, "Total Cost": 1971309.36, "Plan Rows": 6350316, "Plan Width": 16, "Actual Startup Time": 0.083, "Actual Total Time": 48377.295, "Actual Rows": 15338153, "Actual Loops": 1, "Inner Unique": false, "Plans": [{"Node Type": "Index Scan", "Parent Relationship": "Outer", "Scan Direction": "Forward", "Index Name": "customer_pkey", "Relation Name": "customer", "Alias": "customer", "Startup Cost": 0.0, "Total Cost": 80765.36, "Plan Rows": 1500000, "Plan Width": 8, "Actual Startup Time": 0.05, "Actual Total Time": 1074.721, "Actual Rows": 1500000, "Actual Loops": 1}, {"Node Type": "Index Scan", "Parent Relationship": "Inner", "Scan Direction": "Forward", "Index Name": "idx_orders_custkey", "Relation Name": "orders", "Alias": "orders", "Startup Cost": 0.0, "Total Cost": 1.22, "Plan Rows": 4, "Plan Width": 16, "Actual Startup Time": 7125.032, "Actual Total Time": 43386.786, "Actual Rows": 14838130, "Actual Loops": 1500000, "Index Cond": "(customer.c_custkey = o_custkey)", "Rows Removed by Index Recheck": 0, "Filter": "((o_comment)::text !~~ '%pending%deposits%'::text)", "Rows Removed by Filter": 161870}]}]}]}]}]}, "Triggers": [], "Planner Runtime": 0.569, "Total Runtime": 53733.409, "Unique SQL Id": 3026328400}}, "(1, 62)": {"explain_plan": {"Plan": {"Node Type": "Sort", "Startup Cost": 334005202411.33, "Total Cost": 334005202411.83, "Plan Rows": 200, "Plan Width": 8, "Sort Key": ["(count(*)) DESC", "c_orders.c_count DESC"], "Plans": [{"Node Type": "Aggregate", "Strategy": "Hashed", "Parent Relationship": "Outer", "Startup Cost": 334005202401.69, "Total Cost": 334005202403.69, "Plan Rows": 200, "Plan Width": 8, "Group By Key": ["c_orders.c_count"], "Plans": [{"Node Type": "Subquery Scan", "Parent Relationship": "Outer", "Alias": "c_orders", "Startup Cost": 334005164901.69, "Total Cost": 334005194901.69, "Plan Rows": 1500000, "Plan Width": 8, "Plans": [{"Node Type": "Aggregate", "Strategy": "Hashed", "Parent Relationship": "Subquery", "Startup Cost": 334005164901.69, "Total Cost": 334005179901.69, "Plan Rows": 1500000, "Plan Width": 16, "Group By Key": ["customer.c_custkey"], "Plans": [{"Node Type": "Nested Loop", "Parent Relationship": "Outer", "Join Type": "Left", "Startup Cost": 0.0, "Total Cost": 334005133150.11, "Plan Rows": 6350316, "Plan Width": 16, "Inner Unique": false, "Join Filter": "(customer.c_custkey = orders.o_custkey), (LLVM Optimized)", "Plans": [{"Node Type": "Seq Scan", "Parent Relationship": "Outer", "Relation Name": "customer", "Alias": "customer", "Startup Cost": 0.0, "Total Cost": 52126.0, "Plan Rows": 1500000, "Plan Width": 8}, {"Node Type": "Materialize", "Parent Relationship": "Inner", "Startup Cost": 0.0, "Total Cost": 538135.73, "Plan Rows": 14844648, "Plan Width": 16, "Plans": [{"Node Type": "Seq Scan", "Parent Relationship": "Outer", "Relation Name": "orders", "Alias": "orders", "Startup Cost": 0.0, "Total Cost": 463912.49, "Plan Rows": 14844648, "Plan Width": 16, "Filter": "((o_comment)::text !~~ '%pending%deposits%'::text), (LLVM Optimized)"}]}]}]}]}]}]}, "Unique SQL Id": 3026328400}, "explain_analyze_plan": null}, "(1, 63)": {"explain_plan": {"Plan": {"Node Type": "Sort", "Startup Cost": 2334172564307.3, "Total Cost": 2334172564307.8, "Plan Rows": 200, "Plan Width": 8, "Sort Key": ["(count(*)) DESC", "c_orders.c_count DESC"], "Plans": [{"Node Type": "Aggregate", "Strategy": "Hashed", "Parent Relationship": "Outer", "Startup Cost": 2334172564297.65, "Total Cost": 2334172564299.65, "Plan Rows": 200, "Plan Width": 8, "Group By Key": ["c_orders.c_count"], "Plans": [{"Node Type": "Subquery Scan", "Parent Relationship": "Outer", "Alias": "c_orders", "Startup Cost": 20000000000.0, "Total Cost": 2334172556797.65, "Plan Rows": 1500000, "Plan Width": 8, "Plans": [{"Node Type": "Aggregate", "Strategy": "Sorted", "Parent Relationship": "Subquery", "Startup Cost": 20000000000.0, "Total Cost": 2334172541797.65, "Plan Rows": 1500000, "Plan Width": 24, "Group By Key": ["customer.c_custkey"], "Plans": [{"Node Type": "Nested Loop", "Parent Relationship": "Outer", "Join Type": "Left", "Startup Cost": 20000000000.0, "Total Cost": 2334172495046.07, "Plan Rows": 6350316, "Plan Width": 16, "Inner Unique": false, "Join Filter": "(customer.c_custkey = orders.o_custkey), (LLVM Optimized)", "Plans": [{"Node Type": "Index Scan", "Parent Relationship": "Outer", "Scan Direction": "Forward", "Index Name": "customer_pkey", "Relation Name": "customer", "Alias": "customer", "Startup Cost": 10000000000.0, "Total Cost": 1000008076535.62, "Plan Rows": 1500000, "Plan Width": 8}, {"Node Type": "Materialize", "Parent Relationship": "Inner", "Startup Cost": 10000000000.0, "Total Cost": 1000159875622.07, "Plan Rows": 14844648, "Plan Width": 16, "Plans": [{"Node Type": "Index Scan", "Parent Relationship": "Outer", "Scan Direction": "Forward", "Index Name": "idx_orders_custkey", "Relation Name": "orders", "Alias": "orders", "Startup Cost": 10000000000.0, "Total Cost": 1000159801398.83, "Plan Rows": 14844648, "Plan Width": 16, "Filter": "((o_comment)::text !~~ '%pending%deposits%'::text), (LLVM Optimized)"}]}]}]}]}]}]}, "Unique SQL Id": 3026328400}, "explain_analyze_plan": null}, "(1, 64)": {"explain_plan": {"Plan": {"Node Type": "Sort", "Startup Cost": 714730.55, "Total Cost": 714731.05, "Plan Rows": 200, "Plan Width": 8, "Sort Key": ["(count(*)) DESC", "c_orders.c_count DESC"], "Plans": [{"Node Type": "Aggregate", "Strategy": "Hashed", "Parent Relationship": "Outer", "Startup Cost": 714720.91, "Total Cost": 714722.91, "Plan Rows": 200, "Plan Width": 8, "Group By Key": ["c_orders.c_count"], "Plans": [{"Node Type": "Subquery Scan", "Parent Relationship": "Outer", "Alias": "c_orders", "Startup Cost": 677220.91, "Total Cost": 707220.91, "Plan Rows": 1500000, "Plan Width": 8, "Plans": [{"Node Type": "Aggregate", "Strategy": "Hashed", "Parent Relationship": "Subquery", "Startup Cost": 677220.91, "Total Cost": 692220.91, "Plan Rows": 1500000, "Plan Width": 16, "Group By Key": ["customer.c_custkey"], "Plans": [{"Node Type": "Hash Join", "Parent Relationship": "Outer", "Join Type": "Right", "Startup Cost": 62386.25, "Total Cost": 645469.33, "Plan Rows": 6350316, "Plan Width": 16, "Inner Unique": true, "Hash Cond": "(orders.o_custkey = customer.c_custkey), (LLVM Optimized)", "Plans": [{"Node Type": "Seq Scan", "Parent Relationship": "Outer", "Relation Name": "orders", "Alias": "orders", "Startup Cost": 0.0, "Total Cost": 463912.49, "Plan Rows": 14844648, "Plan Width": 16, "Filter": "((o_comment)::text !~~ '%pending%deposits%'::text), (LLVM Optimized)"}, {"Node Type": "Hash", "Parent Relationship": "Inner", "Startup Cost": 43636.25, "Total Cost": 43636.25, "Plan Rows": 1500000, "Plan Width": 8, "Plans": [{"Node Type": "Index Only Scan", "Parent Relationship": "Outer", "Scan Direction": "Forward", "Index Name": "customer_pkey", "Relation Name": "customer", "Alias": "customer", "Startup Cost": 0.0, "Total Cost": 43636.25, "Plan Rows": 1500000, "Plan Width": 8}]}]}]}]}]}]}, "Unique SQL Id": 3026328400}, "explain_analyze_plan": {"Plan": {"Node Type": "Sort", "Startup Cost": 714730.55, "Total Cost": 714731.05, "Plan Rows": 200, "Plan Width": 8, "Actual Startup Time": 33710.374, "Actual Total Time": 33710.377, "Actual Rows": 46, "Actual Loops": 1, "Sort Key": ["(count(*)) DESC", "c_orders.c_count DESC"], "Sort Method": "quicksort", "Sort Space Used": 29, "Sort Space Type": "Memory", "Plans": [{"Node Type": "Aggregate", "Strategy": "Hashed", "Parent Relationship": "Outer", "Startup Cost": 714720.91, "Total Cost": 714722.91, "Plan Rows": 200, "Plan Width": 8, "Actual Startup Time": 33710.313, "Actual Total Time": 33710.324, "Actual Rows": 46, "Actual Loops": 1, "Group By Key": ["c_orders.c_count"], "Plans": [{"Node Type": "Subquery Scan", "Parent Relationship": "Outer", "Alias": "c_orders", "Startup Cost": 677220.91, "Total Cost": 707220.91, "Plan Rows": 1500000, "Plan Width": 8, "Actual Startup Time": 32424.744, "Actual Total Time": 33291.179, "Actual Rows": 1500000, "Actual Loops": 1, "Plans": [{"Node Type": "Aggregate", "Strategy": "Hashed", "Parent Relationship": "Subquery", "Startup Cost": 677220.91, "Total Cost": 692220.91, "Plan Rows": 1500000, "Plan Width": 16, "Actual Startup Time": 32424.74, "Actual Total Time": 33024.659, "Actual Rows": 1500000, "Actual Loops": 1, "Group By Key": ["customer.c_custkey"], "Plans": [{"Node Type": "Hash Join", "Parent Relationship": "Outer", "Join Type": "Right", "Startup Cost": 62386.25, "Total Cost": 645469.33, "Plan Rows": 6350316, "Plan Width": 16, "Actual Startup Time": 792.611, "Actual Total Time": 20268.505, "Actual Rows": 15338153, "Actual Loops": 1, "Inner Unique": true, "Hash Cond": "(orders.o_custkey = customer.c_custkey), (LLVM Optimized, Jit Execute)", "Plans": [{"Node Type": "Seq Scan", "Parent Relationship": "Outer", "Relation Name": "orders", "Alias": "orders", "Startup Cost": 0.0, "Total Cost": 463912.49, "Plan Rows": 14844648, "Plan Width": 16, "Actual Startup Time": 0.037, "Actual Total Time": 8396.151, "Actual Rows": 14838130, "Actual Loops": 1, "Filter": "((o_comment)::text !~~ '%pending%deposits%'::text), (LLVM Optimized, Jit Execute)", "Rows Removed by Filter": 161870}, {"Node Type": "Hash", "Parent Relationship": "Inner", "Startup Cost": 43636.25, "Total Cost": 43636.25, "Plan Rows": 1500000, "Plan Width": 8, "Actual Startup Time": 791.151, "Actual Total Time": 791.151, "Actual Rows": 1500000, "Actual Loops": 1, "Hash Buckets": 2097152, "Hash Batches": 1, "Original Hash Batches": 1, "Peak Memory Usage": 58594, "Plans": [{"Node Type": "Index Only Scan", "Parent Relationship": "Outer", "Scan Direction": "Forward", "Index Name": "customer_pkey", "Relation Name": "customer", "Alias": "customer", "Startup Cost": 0.0, "Total Cost": 43636.25, "Plan Rows": 1500000, "Plan Width": 8, "Actual Startup Time": 0.038, "Actual Total Time": 361.175, "Actual Rows": 1500000, "Actual Loops": 1, "Heap Fetches": 0}]}]}]}]}]}]}, "Triggers": [], "Planner Runtime": 0.742, "Total Runtime": 33719.708, "Unique SQL Id": 3026328400}}, "(1, 65)": {"explain_plan": {"Plan": {"Node Type": "Sort", "Startup Cost": 1815222.82, "Total Cost": 1815223.32, "Plan Rows": 200, "Plan Width": 8, "Sort Key": ["(count(*)) DESC", "c_orders.c_count DESC"], "Plans": [{"Node Type": "Aggregate", "Strategy": "Hashed", "Parent Relationship": "Outer", "Startup Cost": 1815213.18, "Total Cost": 1815215.18, "Plan Rows": 200, "Plan Width": 8, "Group By Key": ["c_orders.c_count"], "Plans": [{"Node Type": "Subquery Scan", "Parent Relationship": "Outer", "Alias": "c_orders", "Startup Cost": 0.0, "Total Cost": 1807713.18, "Plan Rows": 1500000, "Plan Width": 8, "Plans": [{"Node Type": "Aggregate", "Strategy": "Sorted", "Parent Relationship": "Subquery", "Startup Cost": 0.0, "Total Cost": 1792713.18, "Plan Rows": 1500000, "Plan Width": 24, "Group By Key": ["customer.c_custkey"], "Plans": [{"Node Type": "Merge Join", "Parent Relationship": "Outer", "Join Type": "Left", "Startup Cost": 0.0, "Total Cost": 1745961.6, "Plan Rows": 6350316, "Plan Width": 16, "Inner Unique": false, "Merge Cond": "(customer.c_custkey = orders.o_custkey)", "Plans": [{"Node Type": "Index Only Scan", "Parent Relationship": "Outer", "Scan Direction": "Forward", "Index Name": "customer_pkey", "Relation Name": "customer", "Alias": "customer", "Startup Cost": 0.0, "Total Cost": 43636.25, "Plan Rows": 1500000, "Plan Width": 8}, {"Node Type": "Index Scan", "Parent Relationship": "Inner", "Scan Direction": "Forward", "Index Name": "idx_orders_custkey", "Relation Name": "orders", "Alias": "orders", "Startup Cost": 0.0, "Total Cost": 1598013.99, "Plan Rows": 14844648, "Plan Width": 16, "Filter": "((o_comment)::text !~~ '%pending%deposits%'::text), (LLVM Optimized)"}]}]}]}]}]}, "Unique SQL Id": 3026328400}, "explain_analyze_plan": {"Plan": {"Node Type": "Sort", "Startup Cost": 1815222.82, "Total Cost": 1815223.32, "Plan Rows": 200, "Plan Width": 8, "Actual Startup Time": 49456.672, "Actual Total Time": 49456.675, "Actual Rows": 46, "Actual Loops": 1, "Sort Key": ["(count(*)) DESC", "c_orders.c_count DESC"], "Sort Method": "quicksort", "Sort Space Used": 29, "Sort Space Type": "Memory", "Plans": [{"Node Type": "Aggregate", "Strategy": "Hashed", "Parent Relationship": "Outer", "Startup Cost": 1815213.18, "Total Cost": 1815215.18, "Plan Rows": 200, "Plan Width": 8, "Actual Startup Time": 49456.615, "Actual Total Time": 49456.628, "Actual Rows": 46, "Actual Loops": 1, "Group By Key": ["c_orders.c_count"], "Plans": [{"Node Type": "Subquery Scan", "Parent Relationship": "Outer", "Alias": "c_orders", "Startup Cost": 0.0, "Total Cost": 1807713.18, "Plan Rows": 1500000, "Plan Width": 8, "Actual Startup Time": 0.146, "Actual Total Time": 48893.237, "Actual Rows": 1500000, "Actual Loops": 1, "Plans": [{"Node Type": "Aggregate", "Strategy": "Sorted", "Parent Relationship": "Subquery", "Startup Cost": 0.0, "Total Cost": 1792713.18, "Plan Rows": 1500000, "Plan Width": 24, "Actual Startup Time": 0.146, "Actual Total Time": 48595.012, "Actual Rows": 1500000, "Actual Loops": 1, "Group By Key": ["customer.c_custkey"], "Plans": [{"Node Type": "Merge Join", "Parent Relationship": "Outer", "Join Type": "Left", "Startup Cost": 0.0, "Total Cost": 1745961.6, "Plan Rows": 6350316, "Plan Width": 16, "Actual Startup Time": 0.073, "Actual Total Time": 44566.394, "Actual Rows": 15338153, "Actual Loops": 1, "Inner Unique": false, "Merge Cond": "(customer.c_custkey = orders.o_custkey)", "Plans": [{"Node Type": "Index Only Scan", "Parent Relationship": "Outer", "Scan Direction": "Forward", "Index Name": "customer_pkey", "Relation Name": "customer", "Alias": "customer", "Startup Cost": 0.0, "Total Cost": 43636.25, "Plan Rows": 1500000, "Plan Width": 8, "Actual Startup Time": 0.029, "Actual Total Time": 420.485, "Actual Rows": 1500000, "Actual Loops": 1, "Heap Fetches": 0}, {"Node Type": "Index Scan", "Parent Relationship": "Inner", "Scan Direction": "Forward", "Index Name": "idx_orders_custkey", "Relation Name": "orders", "Alias": "orders", "Startup Cost": 0.0, "Total Cost": 1598013.99, "Plan Rows": 14844648, "Plan Width": 16, "Actual Startup Time": 0.033, "Actual Total Time": 39523.673, "Actual Rows": 14838130, "Actual Loops": 1, "Filter": "((o_comment)::text !~~ '%pending%deposits%'::text), (LLVM Optimized, Jit Execute)", "Rows Removed by Filter": 161870}]}]}]}]}]}, "Triggers": [], "Planner Runtime": 0.791, "Total Runtime": 49465.812, "Unique SQL Id": 3026328400}}, "(1, 66)": {"explain_plan": {"Plan": {"Node Type": "Sort", "Startup Cost": 723220.3, "Total Cost": 723220.8, "Plan Rows": 200, "Plan Width": 8, "Sort Key": ["(count(*)) DESC", "c_orders.c_count DESC"], "Plans": [{"Node Type": "Aggregate", "Strategy": "Hashed", "Parent Relationship": "Outer", "Startup Cost": 723210.66, "Total Cost": 723212.66, "Plan Rows": 200, "Plan Width": 8, "Group By Key": ["c_orders.c_count"], "Plans": [{"Node Type": "Subquery Scan", "Parent Relationship": "Outer", "Alias": "c_orders", "Startup Cost": 685710.66, "Total Cost": 715710.66, "Plan Rows": 1500000, "Plan Width": 8, "Plans": [{"Node Type": "Aggregate", "Strategy": "Hashed", "Parent Relationship": "Subquery", "Startup Cost": 685710.66, "Total Cost": 700710.66, "Plan Rows": 1500000, "Plan Width": 16, "Group By Key": ["customer.c_custkey"], "Plans": [{"Node Type": "Hash Join", "Parent Relationship": "Outer", "Join Type": "Right", "Startup Cost": 70876.0, "Total Cost": 653959.08, "Plan Rows": 6350316, "Plan Width": 16, "Inner Unique": true, "Hash Cond": "(orders.o_custkey = customer.c_custkey), (LLVM Optimized)", "Plans": [{"Node Type": "Seq Scan", "Parent Relationship": "Outer", "Relation Name": "orders", "Alias": "orders", "Startup Cost": 0.0, "Total Cost": 463912.49, "Plan Rows": 14844648, "Plan Width": 16, "Filter": "((o_comment)::text !~~ '%pending%deposits%'::text), (LLVM Optimized)"}, {"Node Type": "Hash", "Parent Relationship": "Inner", "Startup Cost": 52126.0, "Total Cost": 52126.0, "Plan Rows": 1500000, "Plan Width": 8, "Plans": [{"Node Type": "Seq Scan", "Parent Relationship": "Outer", "Relation Name": "customer", "Alias": "customer", "Startup Cost": 0.0, "Total Cost": 52126.0, "Plan Rows": 1500000, "Plan Width": 8}]}]}]}]}]}]}, "Unique SQL Id": 3026328400}, "explain_analyze_plan": {"Plan": {"Node Type": "Sort", "Startup Cost": 723220.3, "Total Cost": 723220.8, "Plan Rows": 200, "Plan Width": 8, "Actual Startup Time": 34579.334, "Actual Total Time": 34579.339, "Actual Rows": 46, "Actual Loops": 1, "Sort Key": ["(count(*)) DESC", "c_orders.c_count DESC"], "Sort Method": "quicksort", "Sort Space Used": 29, "Sort Space Type": "Memory", "Plans": [{"Node Type": "Aggregate", "Strategy": "Hashed", "Parent Relationship": "Outer", "Startup Cost": 723210.66, "Total Cost": 723212.66, "Plan Rows": 200, "Plan Width": 8, "Actual Startup Time": 34579.273, "Actual Total Time": 34579.286, "Actual Rows": 46, "Actual Loops": 1, "Group By Key": ["c_orders.c_count"], "Plans": [{"Node Type": "Subquery Scan", "Parent Relationship": "Outer", "Alias": "c_orders", "Startup Cost": 685710.66, "Total Cost": 715710.66, "Plan Rows": 1500000, "Plan Width": 8, "Actual Startup Time": 33057.958, "Actual Total Time": 34158.631, "Actual Rows": 1500000, "Actual Loops": 1, "Plans": [{"Node Type": "Aggregate", "Strategy": "Hashed", "Parent Relationship": "Subquery", "Startup Cost": 685710.66, "Total Cost": 700710.66, "Plan Rows": 1500000, "Plan Width": 16, "Actual Startup Time": 33057.953, "Actual Total Time": 33892.711, "Actual Rows": 1500000, "Actual Loops": 1, "Group By Key": ["customer.c_custkey"], "Plans": [{"Node Type": "Hash Join", "Parent Relationship": "Outer", "Join Type": "Right", "Startup Cost": 70876.0, "Total Cost": 653959.08, "Plan Rows": 6350316, "Plan Width": 16, "Actual Startup Time": 1153.954, "Actual Total Time": 20827.91, "Actual Rows": 15338153, "Actual Loops": 1, "Inner Unique": true, "Hash Cond": "(orders.o_custkey = customer.c_custkey), (LLVM Optimized, Jit Execute)", "Plans": [{"Node Type": "Seq Scan", "Parent Relationship": "Outer", "Relation Name": "orders", "Alias": "orders", "Startup Cost": 0.0, "Total Cost": 463912.49, "Plan Rows": 14844648, "Plan Width": 16, "Actual Startup Time": 0.033, "Actual Total Time": 8437.356, "Actual Rows": 14838130, "Actual Loops": 1, "Filter": "((o_comment)::text !~~ '%pending%deposits%'::text), (LLVM Optimized, Jit Execute)", "Rows Removed by Filter": 161870}, {"Node Type": "Hash", "Parent Relationship": "Inner", "Startup Cost": 52126.0, "Total Cost": 52126.0, "Plan Rows": 1500000, "Plan Width": 8, "Actual Startup Time": 1152.647, "Actual Total Time": 1152.647, "Actual Rows": 1500000, "Actual Loops": 1, "Hash Buckets": 2097152, "Hash Batches": 1, "Original Hash Batches": 1, "Peak Memory Usage": 58594, "Plans": [{"Node Type": "Seq Scan", "Parent Relationship": "Outer", "Relation Name": "customer", "Alias": "customer", "Startup Cost": 0.0, "Total Cost": 52126.0, "Plan Rows": 1500000, "Plan Width": 8, "Actual Startup Time": 0.036, "Actual Total Time": 533.795, "Actual Rows": 1500000, "Actual Loops": 1}]}]}]}]}]}]}, "Triggers": [], "Planner Runtime": 0.918, "Total Runtime": 34589.144, "Unique SQL Id": 3026328400}}, "(1, 67)": {"explain_plan": {"Plan": {"Node Type": "Sort", "Startup Cost": 1000011234254.22, "Total Cost": 1000011234254.72, "Plan Rows": 200, "Plan Width": 8, "Sort Key": ["(count(*)) DESC", "c_orders.c_count DESC"], "Plans": [{"Node Type": "Aggregate", "Strategy": "Hashed", "Parent Relationship": "Outer", "Startup Cost": 1000011234244.58, "Total Cost": 1000011234246.58, "Plan Rows": 200, "Plan Width": 8, "Group By Key": ["c_orders.c_count"], "Plans": [{"Node Type": "Subquery Scan", "Parent Relationship": "Outer", "Alias": "c_orders", "Startup Cost": 10000000000.43, "Total Cost": 1000011226744.58, "Plan Rows": 1500000, "Plan Width": 8, "Plans": [{"Node Type": "Aggregate", "Strategy": "Sorted", "Parent Relationship": "Subquery", "Startup Cost": 10000000000.43, "Total Cost": 1000011211744.58, "Plan Rows": 1500000, "Plan Width": 24, "Group By Key": ["customer.c_custkey"], "Plans": [{"Node Type": "Nested Loop", "Parent Relationship": "Outer", "Join Type": "Left", "Startup Cost": 10000000000.43, "Total Cost": 1000011164993.0, "Plan Rows": 6350316, "Plan Width": 16, "Inner Unique": false, "Plans": [{"Node Type": "Index Only Scan", "Parent Relationship": "Outer", "Scan Direction": "Forward", "Index Name": "customer_pkey", "Relation Name": "customer", "Alias": "customer", "Startup Cost": 10000000000.0, "Total Cost": 1000004363625.0, "Plan Rows": 1500000, "Plan Width": 8}, {"Node Type": "Bitmap Heap Scan", "Parent Relationship": "Inner", "Relation Name": "orders", "Alias": "orders", "Startup Cost": 0.43, "Total Cost": 4.49, "Plan Rows": 4, "Plan Width": 16, "Recheck Cond": "(customer.c_custkey = o_custkey)", "Filter": "((o_comment)::text !~~ '%pending%deposits%'::text)", "Plans": [{"Node Type": "Bitmap Index Scan", "Parent Relationship": "Outer", "Index Name": "idx_orders_custkey", "Startup Cost": 0.0, "Total Cost": 0.43, "Plan Rows": 4, "Plan Width": 0, "Index Cond": "(customer.c_custkey = o_custkey)"}]}]}]}]}]}]}, "Unique SQL Id": 3026328400}, "explain_analyze_plan": {"Plan": {"Node Type": "Sort", "Startup Cost": 1000011234254.22, "Total Cost": 1000011234254.72, "Plan Rows": 200, "Plan Width": 8, "Actual Startup Time": 62555.418, "Actual Total Time": 62555.422, "Actual Rows": 46, "Actual Loops": 1, "Sort Key": ["(count(*)) DESC", "c_orders.c_count DESC"], "Sort Method": "quicksort", "Sort Space Used": 29, "Sort Space Type": "Memory", "Plans": [{"Node Type": "Aggregate", "Strategy": "Hashed", "Parent Relationship": "Outer", "Startup Cost": 1000011234244.58, "Total Cost": 1000011234246.58, "Plan Rows": 200, "Plan Width": 8, "Actual Startup Time": 62555.363, "Actual Total Time": 62555.373, "Actual Rows": 46, "Actual Loops": 1, "Group By Key": ["c_orders.c_count"], "Plans": [{"Node Type": "Subquery Scan", "Parent Relationship": "Outer", "Alias": "c_orders", "Startup Cost": 10000000000.43, "Total Cost": 1000011226744.58, "Plan Rows": 1500000, "Plan Width": 8, "Actual Startup Time": 0.177, "Actual Total Time": 61782.572, "Actual Rows": 1500000, "Actual Loops": 1, "Plans": [{"Node Type": "Aggregate", "Strategy": "Sorted", "Parent Relationship": "Subquery", "Startup Cost": 10000000000.43, "Total Cost": 1000011211744.58, "Plan Rows": 1500000, "Plan Width": 24, "Actual Startup Time": 0.176, "Actual Total Time": 61436.876, "Actual Rows": 1500000, "Actual Loops": 1, "Group By Key": ["customer.c_custkey"], "Plans": [{"Node Type": "Nested Loop", "Parent Relationship": "Outer", "Join Type": "Left", "Startup Cost": 10000000000.43, "Total Cost": 1000011164993.0, "Plan Rows": 6350316, "Plan Width": 16, "Actual Startup Time": 0.072, "Actual Total Time": 56992.363, "Actual Rows": 15338153, "Actual Loops": 1, "Inner Unique": false, "Plans": [{"Node Type": "Index Only Scan", "Parent Relationship": "Outer", "Scan Direction": "Forward", "Index Name": "customer_pkey", "Relation Name": "customer", "Alias": "customer", "Startup Cost": 10000000000.0, "Total Cost": 1000004363625.0, "Plan Rows": 1500000, "Plan Width": 8, "Actual Startup Time": 0.027, "Actual Total Time": 498.211, "Actual Rows": 1500000, "Actual Loops": 1, "Heap Fetches": 0}, {"Node Type": "Bitmap Heap Scan", "Parent Relationship": "Inner", "Relation Name": "orders", "Alias": "orders", "Startup Cost": 0.43, "Total Cost": 4.49, "Plan Rows": 4, "Plan Width": 16, "Actual Startup Time": 12057.857, "Actual Total Time": 51377.864, "Actual Rows": 14838130, "Actual Loops": 1500000, "Recheck Cond": "(customer.c_custkey = o_custkey)", "Rows Removed by Index Recheck": 0, "Filter": "((o_comment)::text !~~ '%pending%deposits%'::text)", "Rows Removed by Filter": 161870, "Exact Heap Blocks": 14999534, "Lossy Heap Blocks": 14999534, "Plans": [{"Node Type": "Bitmap Index Scan", "Parent Relationship": "Outer", "Index Name": "idx_orders_custkey", "Startup Cost": 0.0, "Total Cost": 0.43, "Plan Rows": 4, "Plan Width": 0, "Actual Startup Time": 6723.895, "Actual Total Time": 6723.895, "Actual Rows": 15000000, "Actual Loops": 1500000, "Index Cond": "(customer.c_custkey = o_custkey)"}]}]}]}]}]}]}, "Triggers": [], "Planner Runtime": 0.724, "Total Runtime": 62564.386, "Unique SQL Id": 3026328400}}, "(1, 68)": {"explain_plan": {"Plan": {"Node Type": "Sort", "Startup Cost": 723220.3, "Total Cost": 723220.8, "Plan Rows": 200, "Plan Width": 8, "Sort Key": ["(count(*)) DESC", "c_orders.c_count DESC"], "Plans": [{"Node Type": "Aggregate", "Strategy": "Hashed", "Parent Relationship": "Outer", "Startup Cost": 723210.66, "Total Cost": 723212.66, "Plan Rows": 200, "Plan Width": 8, "Group By Key": ["c_orders.c_count"], "Plans": [{"Node Type": "Subquery Scan", "Parent Relationship": "Outer", "Alias": "c_orders", "Startup Cost": 685710.66, "Total Cost": 715710.66, "Plan Rows": 1500000, "Plan Width": 8, "Plans": [{"Node Type": "Aggregate", "Strategy": "Hashed", "Parent Relationship": "Subquery", "Startup Cost": 685710.66, "Total Cost": 700710.66, "Plan Rows": 1500000, "Plan Width": 16, "Group By Key": ["customer.c_custkey"], "Plans": [{"Node Type": "Hash Join", "Parent Relationship": "Outer", "Join Type": "Right", "Startup Cost": 70876.0, "Total Cost": 653959.08, "Plan Rows": 6350316, "Plan Width": 16, "Inner Unique": true, "Hash Cond": "(orders.o_custkey = customer.c_custkey), (LLVM Optimized)", "Plans": [{"Node Type": "Seq Scan", "Parent Relationship": "Outer", "Relation Name": "orders", "Alias": "orders", "Startup Cost": 0.0, "Total Cost": 463912.49, "Plan Rows": 14844648, "Plan Width": 16, "Filter": "((o_comment)::text !~~ '%pending%deposits%'::text), (LLVM Optimized)"}, {"Node Type": "Hash", "Parent Relationship": "Inner", "Startup Cost": 52126.0, "Total Cost": 52126.0, "Plan Rows": 1500000, "Plan Width": 8, "Plans": [{"Node Type": "Seq Scan", "Parent Relationship": "Outer", "Relation Name": "customer", "Alias": "customer", "Startup Cost": 0.0, "Total Cost": 52126.0, "Plan Rows": 1500000, "Plan Width": 8}]}]}]}]}]}]}, "Unique SQL Id": 3026328400}, "explain_analyze_plan": {"Plan": {"Node Type": "Sort", "Startup Cost": 723220.3, "Total Cost": 723220.8, "Plan Rows": 200, "Plan Width": 8, "Actual Startup Time": 34579.334, "Actual Total Time": 34579.339, "Actual Rows": 46, "Actual Loops": 1, "Sort Key": ["(count(*)) DESC", "c_orders.c_count DESC"], "Sort Method": "quicksort", "Sort Space Used": 29, "Sort Space Type": "Memory", "Plans": [{"Node Type": "Aggregate", "Strategy": "Hashed", "Parent Relationship": "Outer", "Startup Cost": 723210.66, "Total Cost": 723212.66, "Plan Rows": 200, "Plan Width": 8, "Actual Startup Time": 34579.273, "Actual Total Time": 34579.286, "Actual Rows": 46, "Actual Loops": 1, "Group By Key": ["c_orders.c_count"], "Plans": [{"Node Type": "Subquery Scan", "Parent Relationship": "Outer", "Alias": "c_orders", "Startup Cost": 685710.66, "Total Cost": 715710.66, "Plan Rows": 1500000, "Plan Width": 8, "Actual Startup Time": 33057.958, "Actual Total Time": 34158.631, "Actual Rows": 1500000, "Actual Loops": 1, "Plans": [{"Node Type": "Aggregate", "Strategy": "Hashed", "Parent Relationship": "Subquery", "Startup Cost": 685710.66, "Total Cost": 700710.66, "Plan Rows": 1500000, "Plan Width": 16, "Actual Startup Time": 33057.953, "Actual Total Time": 33892.711, "Actual Rows": 1500000, "Actual Loops": 1, "Group By Key": ["customer.c_custkey"], "Plans": [{"Node Type": "Hash Join", "Parent Relationship": "Outer", "Join Type": "Right", "Startup Cost": 70876.0, "Total Cost": 653959.08, "Plan Rows": 6350316, "Plan Width": 16, "Actual Startup Time": 1153.954, "Actual Total Time": 20827.91, "Actual Rows": 15338153, "Actual Loops": 1, "Inner Unique": true, "Hash Cond": "(orders.o_custkey = customer.c_custkey), (LLVM Optimized, Jit Execute)", "Plans": [{"Node Type": "Seq Scan", "Parent Relationship": "Outer", "Relation Name": "orders", "Alias": "orders", "Startup Cost": 0.0, "Total Cost": 463912.49, "Plan Rows": 14844648, "Plan Width": 16, "Actual Startup Time": 0.033, "Actual Total Time": 8437.356, "Actual Rows": 14838130, "Actual Loops": 1, "Filter": "((o_comment)::text !~~ '%pending%deposits%'::text), (LLVM Optimized, Jit Execute)", "Rows Removed by Filter": 161870}, {"Node Type": "Hash", "Parent Relationship": "Inner", "Startup Cost": 52126.0, "Total Cost": 52126.0, "Plan Rows": 1500000, "Plan Width": 8, "Actual Startup Time": 1152.647, "Actual Total Time": 1152.647, "Actual Rows": 1500000, "Actual Loops": 1, "Hash Buckets": 2097152, "Hash Batches": 1, "Original Hash Batches": 1, "Peak Memory Usage": 58594, "Plans": [{"Node Type": "Seq Scan", "Parent Relationship": "Outer", "Relation Name": "customer", "Alias": "customer", "Startup Cost": 0.0, "Total Cost": 52126.0, "Plan Rows": 1500000, "Plan Width": 8, "Actual Startup Time": 0.036, "Actual Total Time": 533.795, "Actual Rows": 1500000, "Actual Loops": 1}]}]}]}]}]}]}, "Triggers": [], "Planner Runtime": 0.918, "Total Runtime": 34589.144, "Unique SQL Id": 3026328400}}, "(1, 69)": {"explain_plan": {"Plan": {"Node Type": "Sort", "Startup Cost": 1852351.93, "Total Cost": 1852352.43, "Plan Rows": 200, "Plan Width": 8, "Sort Key": ["(count(*)) DESC", "c_orders.c_count DESC"], "Plans": [{"Node Type": "Aggregate", "Strategy": "Hashed", "Parent Relationship": "Outer", "Startup Cost": 1852342.28, "Total Cost": 1852344.28, "Plan Rows": 200, "Plan Width": 8, "Group By Key": ["c_orders.c_count"], "Plans": [{"Node Type": "Subquery Scan", "Parent Relationship": "Outer", "Alias": "c_orders", "Startup Cost": 0.0, "Total Cost": 1844842.28, "Plan Rows": 1500000, "Plan Width": 8, "Plans": [{"Node Type": "Aggregate", "Strategy": "Sorted", "Parent Relationship": "Subquery", "Startup Cost": 0.0, "Total Cost": 1829842.28, "Plan Rows": 1500000, "Plan Width": 24, "Group By Key": ["customer.c_custkey"], "Plans": [{"Node Type": "Merge Join", "Parent Relationship": "Outer", "Join Type": "Left", "Startup Cost": 0.0, "Total Cost": 1783090.7, "Plan Rows": 6350316, "Plan Width": 16, "Inner Unique": false, "Merge Cond": "(customer.c_custkey = orders.o_custkey)", "Plans": [{"Node Type": "Index Scan", "Parent Relationship": "Outer", "Scan Direction": "Forward", "Index Name": "customer_pkey", "Relation Name": "customer", "Alias": "customer", "Startup Cost": 0.0, "Total Cost": 80765.36, "Plan Rows": 1500000, "Plan Width": 8}, {"Node Type": "Index Scan", "Parent Relationship": "Inner", "Scan Direction": "Forward", "Index Name": "idx_orders_custkey", "Relation Name": "orders", "Alias": "orders", "Startup Cost": 0.0, "Total Cost": 1598013.99, "Plan Rows": 14844648, "Plan Width": 16, "Filter": "((o_comment)::text !~~ '%pending%deposits%'::text), (LLVM Optimized)"}]}]}]}]}]}, "Unique SQL Id": 3026328400}, "explain_analyze_plan": {"Plan": {"Node Type": "Sort", "Startup Cost": 1852351.93, "Total Cost": 1852352.43, "Plan Rows": 200, "Plan Width": 8, "Actual Startup Time": 48929.354, "Actual Total Time": 48929.357, "Actual Rows": 46, "Actual Loops": 1, "Sort Key": ["(count(*)) DESC", "c_orders.c_count DESC"], "Sort Method": "quicksort", "Sort Space Used": 29, "Sort Space Type": "Memory", "Plans": [{"Node Type": "Aggregate", "Strategy": "Hashed", "Parent Relationship": "Outer", "Startup Cost": 1852342.28, "Total Cost": 1852344.28, "Plan Rows": 200, "Plan Width": 8, "Actual Startup Time": 48929.296, "Actual Total Time": 48929.305, "Actual Rows": 46, "Actual Loops": 1, "Group By Key": ["c_orders.c_count"], "Plans": [{"Node Type": "Subquery Scan", "Parent Relationship": "Outer", "Alias": "c_orders", "Startup Cost": 0.0, "Total Cost": 1844842.28, "Plan Rows": 1500000, "Plan Width": 8, "Actual Startup Time": 0.125, "Actual Total Time": 48361.113, "Actual Rows": 1500000, "Actual Loops": 1, "Plans": [{"Node Type": "Aggregate", "Strategy": "Sorted", "Parent Relationship": "Subquery", "Startup Cost": 0.0, "Total Cost": 1829842.28, "Plan Rows": 1500000, "Plan Width": 24, "Actual Startup Time": 0.124, "Actual Total Time": 48071.402, "Actual Rows": 1500000, "Actual Loops": 1, "Group By Key": ["customer.c_custkey"], "Plans": [{"Node Type": "Merge Join", "Parent Relationship": "Outer", "Join Type": "Left", "Startup Cost": 0.0, "Total Cost": 1783090.7, "Plan Rows": 6350316, "Plan Width": 16, "Actual Startup Time": 0.064, "Actual Total Time": 44016.822, "Actual Rows": 15338153, "Actual Loops": 1, "Inner Unique": false, "Merge Cond": "(customer.c_custkey = orders.o_custkey)", "Plans": [{"Node Type": "Index Scan", "Parent Relationship": "Outer", "Scan Direction": "Forward", "Index Name": "customer_pkey", "Relation Name": "customer", "Alias": "customer", "Startup Cost": 0.0, "Total Cost": 80765.36, "Plan Rows": 1500000, "Plan Width": 8, "Actual Startup Time": 0.027, "Actual Total Time": 1035.053, "Actual Rows": 1500000, "Actual Loops": 1}, {"Node Type": "Index Scan", "Parent Relationship": "Inner", "Scan Direction": "Forward", "Index Name": "idx_orders_custkey", "Relation Name": "orders", "Alias": "orders", "Startup Cost": 0.0, "Total Cost": 1598013.99, "Plan Rows": 14844648, "Plan Width": 16, "Actual Startup Time": 0.026, "Actual Total Time": 38262.505, "Actual Rows": 14838130, "Actual Loops": 1, "Filter": "((o_comment)::text !~~ '%pending%deposits%'::text), (LLVM Optimized, Jit Execute)", "Rows Removed by Filter": 161870}]}]}]}]}]}, "Triggers": [], "Planner Runtime": 0.71, "Total Runtime": 48938.448, "Unique SQL Id": 3026328400}}, "(1, 70)": {"explain_plan": {"Plan": {"Node Type": "Sort", "Startup Cost": 723220.3, "Total Cost": 723220.8, "Plan Rows": 200, "Plan Width": 8, "Sort Key": ["(count(*)) DESC", "c_orders.c_count DESC"], "Plans": [{"Node Type": "Aggregate", "Strategy": "Hashed", "Parent Relationship": "Outer", "Startup Cost": 723210.66, "Total Cost": 723212.66, "Plan Rows": 200, "Plan Width": 8, "Group By Key": ["c_orders.c_count"], "Plans": [{"Node Type": "Subquery Scan", "Parent Relationship": "Outer", "Alias": "c_orders", "Startup Cost": 685710.66, "Total Cost": 715710.66, "Plan Rows": 1500000, "Plan Width": 8, "Plans": [{"Node Type": "Aggregate", "Strategy": "Hashed", "Parent Relationship": "Subquery", "Startup Cost": 685710.66, "Total Cost": 700710.66, "Plan Rows": 1500000, "Plan Width": 16, "Group By Key": ["customer.c_custkey"], "Plans": [{"Node Type": "Hash Join", "Parent Relationship": "Outer", "Join Type": "Right", "Startup Cost": 70876.0, "Total Cost": 653959.08, "Plan Rows": 6350316, "Plan Width": 16, "Inner Unique": true, "Hash Cond": "(orders.o_custkey = customer.c_custkey), (LLVM Optimized)", "Plans": [{"Node Type": "Seq Scan", "Parent Relationship": "Outer", "Relation Name": "orders", "Alias": "orders", "Startup Cost": 0.0, "Total Cost": 463912.49, "Plan Rows": 14844648, "Plan Width": 16, "Filter": "((o_comment)::text !~~ '%pending%deposits%'::text), (LLVM Optimized)"}, {"Node Type": "Hash", "Parent Relationship": "Inner", "Startup Cost": 52126.0, "Total Cost": 52126.0, "Plan Rows": 1500000, "Plan Width": 8, "Plans": [{"Node Type": "Seq Scan", "Parent Relationship": "Outer", "Relation Name": "customer", "Alias": "customer", "Startup Cost": 0.0, "Total Cost": 52126.0, "Plan Rows": 1500000, "Plan Width": 8}]}]}]}]}]}]}, "Unique SQL Id": 3026328400}, "explain_analyze_plan": {"Plan": {"Node Type": "Sort", "Startup Cost": 723220.3, "Total Cost": 723220.8, "Plan Rows": 200, "Plan Width": 8, "Actual Startup Time": 34579.334, "Actual Total Time": 34579.339, "Actual Rows": 46, "Actual Loops": 1, "Sort Key": ["(count(*)) DESC", "c_orders.c_count DESC"], "Sort Method": "quicksort", "Sort Space Used": 29, "Sort Space Type": "Memory", "Plans": [{"Node Type": "Aggregate", "Strategy": "Hashed", "Parent Relationship": "Outer", "Startup Cost": 723210.66, "Total Cost": 723212.66, "Plan Rows": 200, "Plan Width": 8, "Actual Startup Time": 34579.273, "Actual Total Time": 34579.286, "Actual Rows": 46, "Actual Loops": 1, "Group By Key": ["c_orders.c_count"], "Plans": [{"Node Type": "Subquery Scan", "Parent Relationship": "Outer", "Alias": "c_orders", "Startup Cost": 685710.66, "Total Cost": 715710.66, "Plan Rows": 1500000, "Plan Width": 8, "Actual Startup Time": 33057.958, "Actual Total Time": 34158.631, "Actual Rows": 1500000, "Actual Loops": 1, "Plans": [{"Node Type": "Aggregate", "Strategy": "Hashed", "Parent Relationship": "Subquery", "Startup Cost": 685710.66, "Total Cost": 700710.66, "Plan Rows": 1500000, "Plan Width": 16, "Actual Startup Time": 33057.953, "Actual Total Time": 33892.711, "Actual Rows": 1500000, "Actual Loops": 1, "Group By Key": ["customer.c_custkey"], "Plans": [{"Node Type": "Hash Join", "Parent Relationship": "Outer", "Join Type": "Right", "Startup Cost": 70876.0, "Total Cost": 653959.08, "Plan Rows": 6350316, "Plan Width": 16, "Actual Startup Time": 1153.954, "Actual Total Time": 20827.91, "Actual Rows": 15338153, "Actual Loops": 1, "Inner Unique": true, "Hash Cond": "(orders.o_custkey = customer.c_custkey), (LLVM Optimized, Jit Execute)", "Plans": [{"Node Type": "Seq Scan", "Parent Relationship": "Outer", "Relation Name": "orders", "Alias": "orders", "Startup Cost": 0.0, "Total Cost": 463912.49, "Plan Rows": 14844648, "Plan Width": 16, "Actual Startup Time": 0.033, "Actual Total Time": 8437.356, "Actual Rows": 14838130, "Actual Loops": 1, "Filter": "((o_comment)::text !~~ '%pending%deposits%'::text), (LLVM Optimized, Jit Execute)", "Rows Removed by Filter": 161870}, {"Node Type": "Hash", "Parent Relationship": "Inner", "Startup Cost": 52126.0, "Total Cost": 52126.0, "Plan Rows": 1500000, "Plan Width": 8, "Actual Startup Time": 1152.647, "Actual Total Time": 1152.647, "Actual Rows": 1500000, "Actual Loops": 1, "Hash Buckets": 2097152, "Hash Batches": 1, "Original Hash Batches": 1, "Peak Memory Usage": 58594, "Plans": [{"Node Type": "Seq Scan", "Parent Relationship": "Outer", "Relation Name": "customer", "Alias": "customer", "Startup Cost": 0.0, "Total Cost": 52126.0, "Plan Rows": 1500000, "Plan Width": 8, "Actual Startup Time": 0.036, "Actual Total Time": 533.795, "Actual Rows": 1500000, "Actual Loops": 1}]}]}]}]}]}]}, "Triggers": [], "Planner Runtime": 0.918, "Total Runtime": 34589.144, "Unique SQL Id": 3026328400}}, "(1, 71)": {"explain_plan": {"Plan": {"Node Type": "Sort", "Startup Cost": 1000014947164.85, "Total Cost": 1000014947165.35, "Plan Rows": 200, "Plan Width": 8, "Sort Key": ["(count(*)) DESC", "c_orders.c_count DESC"], "Plans": [{"Node Type": "Aggregate", "Strategy": "Hashed", "Parent Relationship": "Outer", "Startup Cost": 1000014947155.2, "Total Cost": 1000014947157.2, "Plan Rows": 200, "Plan Width": 8, "Group By Key": ["c_orders.c_count"], "Plans": [{"Node Type": "Subquery Scan", "Parent Relationship": "Outer", "Alias": "c_orders", "Startup Cost": 10000000000.43, "Total Cost": 1000014939655.2, "Plan Rows": 1500000, "Plan Width": 8, "Plans": [{"Node Type": "Aggregate", "Strategy": "Sorted", "Parent Relationship": "Subquery", "Startup Cost": 10000000000.43, "Total Cost": 1000014924655.2, "Plan Rows": 1500000, "Plan Width": 24, "Group By Key": ["customer.c_custkey"], "Plans": [{"Node Type": "Nested Loop", "Parent Relationship": "Outer", "Join Type": "Left", "Startup Cost": 10000000000.43, "Total Cost": 1000014877903.62, "Plan Rows": 6350316, "Plan Width": 16, "Inner Unique": false, "Plans": [{"Node Type": "Index Scan", "Parent Relationship": "Outer", "Scan Direction": "Forward", "Index Name": "customer_pkey", "Relation Name": "customer", "Alias": "customer", "Startup Cost": 10000000000.0, "Total Cost": 1000008076535.62, "Plan Rows": 1500000, "Plan Width": 8}, {"Node Type": "Bitmap Heap Scan", "Parent Relationship": "Inner", "Relation Name": "orders", "Alias": "orders", "Startup Cost": 0.43, "Total Cost": 4.49, "Plan Rows": 4, "Plan Width": 16, "Recheck Cond": "(customer.c_custkey = o_custkey)", "Filter": "((o_comment)::text !~~ '%pending%deposits%'::text)", "Plans": [{"Node Type": "Bitmap Index Scan", "Parent Relationship": "Outer", "Index Name": "idx_orders_custkey", "Startup Cost": 0.0, "Total Cost": 0.43, "Plan Rows": 4, "Plan Width": 0, "Index Cond": "(customer.c_custkey = o_custkey)"}]}]}]}]}]}]}, "Unique SQL Id": 3026328400}, "explain_analyze_plan": null}, "(1, 72)": {"explain_plan": {"Plan": {"Node Type": "Sort", "Startup Cost": 714730.55, "Total Cost": 714731.05, "Plan Rows": 200, "Plan Width": 8, "Sort Key": ["(count(*)) DESC", "c_orders.c_count DESC"], "Plans": [{"Node Type": "Aggregate", "Strategy": "Hashed", "Parent Relationship": "Outer", "Startup Cost": 714720.91, "Total Cost": 714722.91, "Plan Rows": 200, "Plan Width": 8, "Group By Key": ["c_orders.c_count"], "Plans": [{"Node Type": "Subquery Scan", "Parent Relationship": "Outer", "Alias": "c_orders", "Startup Cost": 677220.91, "Total Cost": 707220.91, "Plan Rows": 1500000, "Plan Width": 8, "Plans": [{"Node Type": "Aggregate", "Strategy": "Hashed", "Parent Relationship": "Subquery", "Startup Cost": 677220.91, "Total Cost": 692220.91, "Plan Rows": 1500000, "Plan Width": 16, "Group By Key": ["customer.c_custkey"], "Plans": [{"Node Type": "Hash Join", "Parent Relationship": "Outer", "Join Type": "Right", "Startup Cost": 62386.25, "Total Cost": 645469.33, "Plan Rows": 6350316, "Plan Width": 16, "Inner Unique": true, "Hash Cond": "(orders.o_custkey = customer.c_custkey), (LLVM Optimized)", "Plans": [{"Node Type": "Seq Scan", "Parent Relationship": "Outer", "Relation Name": "orders", "Alias": "orders", "Startup Cost": 0.0, "Total Cost": 463912.49, "Plan Rows": 14844648, "Plan Width": 16, "Filter": "((o_comment)::text !~~ '%pending%deposits%'::text), (LLVM Optimized)"}, {"Node Type": "Hash", "Parent Relationship": "Inner", "Startup Cost": 43636.25, "Total Cost": 43636.25, "Plan Rows": 1500000, "Plan Width": 8, "Plans": [{"Node Type": "Index Only Scan", "Parent Relationship": "Outer", "Scan Direction": "Forward", "Index Name": "customer_pkey", "Relation Name": "customer", "Alias": "customer", "Startup Cost": 0.0, "Total Cost": 43636.25, "Plan Rows": 1500000, "Plan Width": 8}]}]}]}]}]}]}, "Unique SQL Id": 3026328400}, "explain_analyze_plan": {"Plan": {"Node Type": "Sort", "Startup Cost": 714730.55, "Total Cost": 714731.05, "Plan Rows": 200, "Plan Width": 8, "Actual Startup Time": 33710.374, "Actual Total Time": 33710.377, "Actual Rows": 46, "Actual Loops": 1, "Sort Key": ["(count(*)) DESC", "c_orders.c_count DESC"], "Sort Method": "quicksort", "Sort Space Used": 29, "Sort Space Type": "Memory", "Plans": [{"Node Type": "Aggregate", "Strategy": "Hashed", "Parent Relationship": "Outer", "Startup Cost": 714720.91, "Total Cost": 714722.91, "Plan Rows": 200, "Plan Width": 8, "Actual Startup Time": 33710.313, "Actual Total Time": 33710.324, "Actual Rows": 46, "Actual Loops": 1, "Group By Key": ["c_orders.c_count"], "Plans": [{"Node Type": "Subquery Scan", "Parent Relationship": "Outer", "Alias": "c_orders", "Startup Cost": 677220.91, "Total Cost": 707220.91, "Plan Rows": 1500000, "Plan Width": 8, "Actual Startup Time": 32424.744, "Actual Total Time": 33291.179, "Actual Rows": 1500000, "Actual Loops": 1, "Plans": [{"Node Type": "Aggregate", "Strategy": "Hashed", "Parent Relationship": "Subquery", "Startup Cost": 677220.91, "Total Cost": 692220.91, "Plan Rows": 1500000, "Plan Width": 16, "Actual Startup Time": 32424.74, "Actual Total Time": 33024.659, "Actual Rows": 1500000, "Actual Loops": 1, "Group By Key": ["customer.c_custkey"], "Plans": [{"Node Type": "Hash Join", "Parent Relationship": "Outer", "Join Type": "Right", "Startup Cost": 62386.25, "Total Cost": 645469.33, "Plan Rows": 6350316, "Plan Width": 16, "Actual Startup Time": 792.611, "Actual Total Time": 20268.505, "Actual Rows": 15338153, "Actual Loops": 1, "Inner Unique": true, "Hash Cond": "(orders.o_custkey = customer.c_custkey), (LLVM Optimized, Jit Execute)", "Plans": [{"Node Type": "Seq Scan", "Parent Relationship": "Outer", "Relation Name": "orders", "Alias": "orders", "Startup Cost": 0.0, "Total Cost": 463912.49, "Plan Rows": 14844648, "Plan Width": 16, "Actual Startup Time": 0.037, "Actual Total Time": 8396.151, "Actual Rows": 14838130, "Actual Loops": 1, "Filter": "((o_comment)::text !~~ '%pending%deposits%'::text), (LLVM Optimized, Jit Execute)", "Rows Removed by Filter": 161870}, {"Node Type": "Hash", "Parent Relationship": "Inner", "Startup Cost": 43636.25, "Total Cost": 43636.25, "Plan Rows": 1500000, "Plan Width": 8, "Actual Startup Time": 791.151, "Actual Total Time": 791.151, "Actual Rows": 1500000, "Actual Loops": 1, "Hash Buckets": 2097152, "Hash Batches": 1, "Original Hash Batches": 1, "Peak Memory Usage": 58594, "Plans": [{"Node Type": "Index Only Scan", "Parent Relationship": "Outer", "Scan Direction": "Forward", "Index Name": "customer_pkey", "Relation Name": "customer", "Alias": "customer", "Startup Cost": 0.0, "Total Cost": 43636.25, "Plan Rows": 1500000, "Plan Width": 8, "Actual Startup Time": 0.038, "Actual Total Time": 361.175, "Actual Rows": 1500000, "Actual Loops": 1, "Heap Fetches": 0}]}]}]}]}]}]}, "Triggers": [], "Planner Runtime": 0.742, "Total Runtime": 33719.708, "Unique SQL Id": 3026328400}}, "(1, 73)": {"explain_plan": {"Plan": {"Node Type": "Sort", "Startup Cost": 1815222.82, "Total Cost": 1815223.32, "Plan Rows": 200, "Plan Width": 8, "Sort Key": ["(count(*)) DESC", "c_orders.c_count DESC"], "Plans": [{"Node Type": "Aggregate", "Strategy": "Hashed", "Parent Relationship": "Outer", "Startup Cost": 1815213.18, "Total Cost": 1815215.18, "Plan Rows": 200, "Plan Width": 8, "Group By Key": ["c_orders.c_count"], "Plans": [{"Node Type": "Subquery Scan", "Parent Relationship": "Outer", "Alias": "c_orders", "Startup Cost": 0.0, "Total Cost": 1807713.18, "Plan Rows": 1500000, "Plan Width": 8, "Plans": [{"Node Type": "Aggregate", "Strategy": "Sorted", "Parent Relationship": "Subquery", "Startup Cost": 0.0, "Total Cost": 1792713.18, "Plan Rows": 1500000, "Plan Width": 24, "Group By Key": ["customer.c_custkey"], "Plans": [{"Node Type": "Merge Join", "Parent Relationship": "Outer", "Join Type": "Left", "Startup Cost": 0.0, "Total Cost": 1745961.6, "Plan Rows": 6350316, "Plan Width": 16, "Inner Unique": false, "Merge Cond": "(customer.c_custkey = orders.o_custkey)", "Plans": [{"Node Type": "Index Only Scan", "Parent Relationship": "Outer", "Scan Direction": "Forward", "Index Name": "customer_pkey", "Relation Name": "customer", "Alias": "customer", "Startup Cost": 0.0, "Total Cost": 43636.25, "Plan Rows": 1500000, "Plan Width": 8}, {"Node Type": "Index Scan", "Parent Relationship": "Inner", "Scan Direction": "Forward", "Index Name": "idx_orders_custkey", "Relation Name": "orders", "Alias": "orders", "Startup Cost": 0.0, "Total Cost": 1598013.99, "Plan Rows": 14844648, "Plan Width": 16, "Filter": "((o_comment)::text !~~ '%pending%deposits%'::text), (LLVM Optimized)"}]}]}]}]}]}, "Unique SQL Id": 3026328400}, "explain_analyze_plan": {"Plan": {"Node Type": "Sort", "Startup Cost": 1815222.82, "Total Cost": 1815223.32, "Plan Rows": 200, "Plan Width": 8, "Actual Startup Time": 49456.672, "Actual Total Time": 49456.675, "Actual Rows": 46, "Actual Loops": 1, "Sort Key": ["(count(*)) DESC", "c_orders.c_count DESC"], "Sort Method": "quicksort", "Sort Space Used": 29, "Sort Space Type": "Memory", "Plans": [{"Node Type": "Aggregate", "Strategy": "Hashed", "Parent Relationship": "Outer", "Startup Cost": 1815213.18, "Total Cost": 1815215.18, "Plan Rows": 200, "Plan Width": 8, "Actual Startup Time": 49456.615, "Actual Total Time": 49456.628, "Actual Rows": 46, "Actual Loops": 1, "Group By Key": ["c_orders.c_count"], "Plans": [{"Node Type": "Subquery Scan", "Parent Relationship": "Outer", "Alias": "c_orders", "Startup Cost": 0.0, "Total Cost": 1807713.18, "Plan Rows": 1500000, "Plan Width": 8, "Actual Startup Time": 0.146, "Actual Total Time": 48893.237, "Actual Rows": 1500000, "Actual Loops": 1, "Plans": [{"Node Type": "Aggregate", "Strategy": "Sorted", "Parent Relationship": "Subquery", "Startup Cost": 0.0, "Total Cost": 1792713.18, "Plan Rows": 1500000, "Plan Width": 24, "Actual Startup Time": 0.146, "Actual Total Time": 48595.012, "Actual Rows": 1500000, "Actual Loops": 1, "Group By Key": ["customer.c_custkey"], "Plans": [{"Node Type": "Merge Join", "Parent Relationship": "Outer", "Join Type": "Left", "Startup Cost": 0.0, "Total Cost": 1745961.6, "Plan Rows": 6350316, "Plan Width": 16, "Actual Startup Time": 0.073, "Actual Total Time": 44566.394, "Actual Rows": 15338153, "Actual Loops": 1, "Inner Unique": false, "Merge Cond": "(customer.c_custkey = orders.o_custkey)", "Plans": [{"Node Type": "Index Only Scan", "Parent Relationship": "Outer", "Scan Direction": "Forward", "Index Name": "customer_pkey", "Relation Name": "customer", "Alias": "customer", "Startup Cost": 0.0, "Total Cost": 43636.25, "Plan Rows": 1500000, "Plan Width": 8, "Actual Startup Time": 0.029, "Actual Total Time": 420.485, "Actual Rows": 1500000, "Actual Loops": 1, "Heap Fetches": 0}, {"Node Type": "Index Scan", "Parent Relationship": "Inner", "Scan Direction": "Forward", "Index Name": "idx_orders_custkey", "Relation Name": "orders", "Alias": "orders", "Startup Cost": 0.0, "Total Cost": 1598013.99, "Plan Rows": 14844648, "Plan Width": 16, "Actual Startup Time": 0.033, "Actual Total Time": 39523.673, "Actual Rows": 14838130, "Actual Loops": 1, "Filter": "((o_comment)::text !~~ '%pending%deposits%'::text), (LLVM Optimized, Jit Execute)", "Rows Removed by Filter": 161870}]}]}]}]}]}, "Triggers": [], "Planner Runtime": 0.791, "Total Runtime": 49465.812, "Unique SQL Id": 3026328400}}, "(1, 74)": {"explain_plan": {"Plan": {"Node Type": "Sort", "Startup Cost": 723220.3, "Total Cost": 723220.8, "Plan Rows": 200, "Plan Width": 8, "Sort Key": ["(count(*)) DESC", "c_orders.c_count DESC"], "Plans": [{"Node Type": "Aggregate", "Strategy": "Hashed", "Parent Relationship": "Outer", "Startup Cost": 723210.66, "Total Cost": 723212.66, "Plan Rows": 200, "Plan Width": 8, "Group By Key": ["c_orders.c_count"], "Plans": [{"Node Type": "Subquery Scan", "Parent Relationship": "Outer", "Alias": "c_orders", "Startup Cost": 685710.66, "Total Cost": 715710.66, "Plan Rows": 1500000, "Plan Width": 8, "Plans": [{"Node Type": "Aggregate", "Strategy": "Hashed", "Parent Relationship": "Subquery", "Startup Cost": 685710.66, "Total Cost": 700710.66, "Plan Rows": 1500000, "Plan Width": 16, "Group By Key": ["customer.c_custkey"], "Plans": [{"Node Type": "Hash Join", "Parent Relationship": "Outer", "Join Type": "Right", "Startup Cost": 70876.0, "Total Cost": 653959.08, "Plan Rows": 6350316, "Plan Width": 16, "Inner Unique": true, "Hash Cond": "(orders.o_custkey = customer.c_custkey), (LLVM Optimized)", "Plans": [{"Node Type": "Seq Scan", "Parent Relationship": "Outer", "Relation Name": "orders", "Alias": "orders", "Startup Cost": 0.0, "Total Cost": 463912.49, "Plan Rows": 14844648, "Plan Width": 16, "Filter": "((o_comment)::text !~~ '%pending%deposits%'::text), (LLVM Optimized)"}, {"Node Type": "Hash", "Parent Relationship": "Inner", "Startup Cost": 52126.0, "Total Cost": 52126.0, "Plan Rows": 1500000, "Plan Width": 8, "Plans": [{"Node Type": "Seq Scan", "Parent Relationship": "Outer", "Relation Name": "customer", "Alias": "customer", "Startup Cost": 0.0, "Total Cost": 52126.0, "Plan Rows": 1500000, "Plan Width": 8}]}]}]}]}]}]}, "Unique SQL Id": 3026328400}, "explain_analyze_plan": {"Plan": {"Node Type": "Sort", "Startup Cost": 723220.3, "Total Cost": 723220.8, "Plan Rows": 200, "Plan Width": 8, "Actual Startup Time": 34579.334, "Actual Total Time": 34579.339, "Actual Rows": 46, "Actual Loops": 1, "Sort Key": ["(count(*)) DESC", "c_orders.c_count DESC"], "Sort Method": "quicksort", "Sort Space Used": 29, "Sort Space Type": "Memory", "Plans": [{"Node Type": "Aggregate", "Strategy": "Hashed", "Parent Relationship": "Outer", "Startup Cost": 723210.66, "Total Cost": 723212.66, "Plan Rows": 200, "Plan Width": 8, "Actual Startup Time": 34579.273, "Actual Total Time": 34579.286, "Actual Rows": 46, "Actual Loops": 1, "Group By Key": ["c_orders.c_count"], "Plans": [{"Node Type": "Subquery Scan", "Parent Relationship": "Outer", "Alias": "c_orders", "Startup Cost": 685710.66, "Total Cost": 715710.66, "Plan Rows": 1500000, "Plan Width": 8, "Actual Startup Time": 33057.958, "Actual Total Time": 34158.631, "Actual Rows": 1500000, "Actual Loops": 1, "Plans": [{"Node Type": "Aggregate", "Strategy": "Hashed", "Parent Relationship": "Subquery", "Startup Cost": 685710.66, "Total Cost": 700710.66, "Plan Rows": 1500000, "Plan Width": 16, "Actual Startup Time": 33057.953, "Actual Total Time": 33892.711, "Actual Rows": 1500000, "Actual Loops": 1, "Group By Key": ["customer.c_custkey"], "Plans": [{"Node Type": "Hash Join", "Parent Relationship": "Outer", "Join Type": "Right", "Startup Cost": 70876.0, "Total Cost": 653959.08, "Plan Rows": 6350316, "Plan Width": 16, "Actual Startup Time": 1153.954, "Actual Total Time": 20827.91, "Actual Rows": 15338153, "Actual Loops": 1, "Inner Unique": true, "Hash Cond": "(orders.o_custkey = customer.c_custkey), (LLVM Optimized, Jit Execute)", "Plans": [{"Node Type": "Seq Scan", "Parent Relationship": "Outer", "Relation Name": "orders", "Alias": "orders", "Startup Cost": 0.0, "Total Cost": 463912.49, "Plan Rows": 14844648, "Plan Width": 16, "Actual Startup Time": 0.033, "Actual Total Time": 8437.356, "Actual Rows": 14838130, "Actual Loops": 1, "Filter": "((o_comment)::text !~~ '%pending%deposits%'::text), (LLVM Optimized, Jit Execute)", "Rows Removed by Filter": 161870}, {"Node Type": "Hash", "Parent Relationship": "Inner", "Startup Cost": 52126.0, "Total Cost": 52126.0, "Plan Rows": 1500000, "Plan Width": 8, "Actual Startup Time": 1152.647, "Actual Total Time": 1152.647, "Actual Rows": 1500000, "Actual Loops": 1, "Hash Buckets": 2097152, "Hash Batches": 1, "Original Hash Batches": 1, "Peak Memory Usage": 58594, "Plans": [{"Node Type": "Seq Scan", "Parent Relationship": "Outer", "Relation Name": "customer", "Alias": "customer", "Startup Cost": 0.0, "Total Cost": 52126.0, "Plan Rows": 1500000, "Plan Width": 8, "Actual Startup Time": 0.036, "Actual Total Time": 533.795, "Actual Rows": 1500000, "Actual Loops": 1}]}]}]}]}]}]}, "Triggers": [], "Planner Runtime": 0.918, "Total Runtime": 34589.144, "Unique SQL Id": 3026328400}}, "(1, 75)": {"explain_plan": {"Plan": {"Node Type": "Sort", "Startup Cost": 2000131988437.04, "Total Cost": 2000131988437.54, "Plan Rows": 200, "Plan Width": 8, "Sort Key": ["(count(*)) DESC", "c_orders.c_count DESC"], "Plans": [{"Node Type": "Aggregate", "Strategy": "Hashed", "Parent Relationship": "Outer", "Startup Cost": 2000131988427.4, "Total Cost": 2000131988429.4, "Plan Rows": 200, "Plan Width": 8, "Group By Key": ["c_orders.c_count"], "Plans": [{"Node Type": "Subquery Scan", "Parent Relationship": "Outer", "Alias": "c_orders", "Startup Cost": 20000000000.0, "Total Cost": 2000131980927.4, "Plan Rows": 1500000, "Plan Width": 8, "Plans": [{"Node Type": "Aggregate", "Strategy": "Sorted", "Parent Relationship": "Subquery", "Startup Cost": 20000000000.0, "Total Cost": 2000131965927.4, "Plan Rows": 1500000, "Plan Width": 24, "Group By Key": ["customer.c_custkey"], "Plans": [{"Node Type": "Merge Join", "Parent Relationship": "Outer", "Join Type": "Left", "Startup Cost": 20000000000.0, "Total Cost": 2000131919175.82, "Plan Rows": 6350316, "Plan Width": 16, "Inner Unique": false, "Merge Cond": "(customer.c_custkey = orders.o_custkey)", "Plans": [{"Node Type": "Index Only Scan", "Parent Relationship": "Outer", "Scan Direction": "Forward", "Index Name": "customer_pkey", "Relation Name": "customer", "Alias": "customer", "Startup Cost": 10000000000.0, "Total Cost": 1000004363625.0, "Plan Rows": 1500000, "Plan Width": 8}, {"Node Type": "Index Scan", "Parent Relationship": "Inner", "Scan Direction": "Forward", "Index Name": "idx_orders_custkey", "Relation Name": "orders", "Alias": "orders", "Startup Cost": 10000000000.0, "Total Cost": 1000159801398.83, "Plan Rows": 14844648, "Plan Width": 16, "Filter": "((o_comment)::text !~~ '%pending%deposits%'::text), (LLVM Optimized)"}]}]}]}]}]}, "Unique SQL Id": 3026328400}, "explain_analyze_plan": {"Plan": {"Node Type": "Sort", "Startup Cost": 2000131988437.04, "Total Cost": 2000131988437.54, "Plan Rows": 200, "Plan Width": 8, "Actual Startup Time": 47785.555, "Actual Total Time": 47785.559, "Actual Rows": 46, "Actual Loops": 1, "Sort Key": ["(count(*)) DESC", "c_orders.c_count DESC"], "Sort Method": "quicksort", "Sort Space Used": 29, "Sort Space Type": "Memory", "Plans": [{"Node Type": "Aggregate", "Strategy": "Hashed", "Parent Relationship": "Outer", "Startup Cost": 2000131988427.4, "Total Cost": 2000131988429.4, "Plan Rows": 200, "Plan Width": 8, "Actual Startup Time": 47785.489, "Actual Total Time": 47785.504, "Actual Rows": 46, "Actual Loops": 1, "Group By Key": ["c_orders.c_count"], "Plans": [{"Node Type": "Subquery Scan", "Parent Relationship": "Outer", "Alias": "c_orders", "Startup Cost": 20000000000.0, "Total Cost": 2000131980927.4, "Plan Rows": 1500000, "Plan Width": 8, "Actual Startup Time": 0.141, "Actual Total Time": 47223.613, "Actual Rows": 1500000, "Actual Loops": 1, "Plans": [{"Node Type": "Aggregate", "Strategy": "Sorted", "Parent Relationship": "Subquery", "Startup Cost": 20000000000.0, "Total Cost": 2000131965927.4, "Plan Rows": 1500000, "Plan Width": 24, "Actual Startup Time": 0.139, "Actual Total Time": 46925.32, "Actual Rows": 1500000, "Actual Loops": 1, "Group By Key": ["customer.c_custkey"], "Plans": [{"Node Type": "Merge Join", "Parent Relationship": "Outer", "Join Type": "Left", "Startup Cost": 20000000000.0, "Total Cost": 2000131919175.82, "Plan Rows": 6350316, "Plan Width": 16, "Actual Startup Time": 0.069, "Actual Total Time": 42907.445, "Actual Rows": 15338153, "Actual Loops": 1, "Inner Unique": false, "Merge Cond": "(customer.c_custkey = orders.o_custkey)", "Plans": [{"Node Type": "Index Only Scan", "Parent Relationship": "Outer", "Scan Direction": "Forward", "Index Name": "customer_pkey", "Relation Name": "customer", "Alias": "customer", "Startup Cost": 10000000000.0, "Total Cost": 1000004363625.0, "Plan Rows": 1500000, "Plan Width": 8, "Actual Startup Time": 0.027, "Actual Total Time": 402.119, "Actual Rows": 1500000, "Actual Loops": 1, "Heap Fetches": 0}, {"Node Type": "Index Scan", "Parent Relationship": "Inner", "Scan Direction": "Forward", "Index Name": "idx_orders_custkey", "Relation Name": "orders", "Alias": "orders", "Startup Cost": 10000000000.0, "Total Cost": 1000159801398.83, "Plan Rows": 14844648, "Plan Width": 16, "Actual Startup Time": 0.03, "Actual Total Time": 37892.011, "Actual Rows": 14838130, "Actual Loops": 1, "Filter": "((o_comment)::text !~~ '%pending%deposits%'::text), (LLVM Optimized, Jit Execute)", "Rows Removed by Filter": 161870}]}]}]}]}]}, "Triggers": [], "Planner Runtime": 0.742, "Total Runtime": 47794.697, "Unique SQL Id": 3026328400}}, "(1, 76)": {"explain_plan": {"Plan": {"Node Type": "Sort", "Startup Cost": 723220.3, "Total Cost": 723220.8, "Plan Rows": 200, "Plan Width": 8, "Sort Key": ["(count(*)) DESC", "c_orders.c_count DESC"], "Plans": [{"Node Type": "Aggregate", "Strategy": "Hashed", "Parent Relationship": "Outer", "Startup Cost": 723210.66, "Total Cost": 723212.66, "Plan Rows": 200, "Plan Width": 8, "Group By Key": ["c_orders.c_count"], "Plans": [{"Node Type": "Subquery Scan", "Parent Relationship": "Outer", "Alias": "c_orders", "Startup Cost": 685710.66, "Total Cost": 715710.66, "Plan Rows": 1500000, "Plan Width": 8, "Plans": [{"Node Type": "Aggregate", "Strategy": "Hashed", "Parent Relationship": "Subquery", "Startup Cost": 685710.66, "Total Cost": 700710.66, "Plan Rows": 1500000, "Plan Width": 16, "Group By Key": ["customer.c_custkey"], "Plans": [{"Node Type": "Hash Join", "Parent Relationship": "Outer", "Join Type": "Right", "Startup Cost": 70876.0, "Total Cost": 653959.08, "Plan Rows": 6350316, "Plan Width": 16, "Inner Unique": true, "Hash Cond": "(orders.o_custkey = customer.c_custkey), (LLVM Optimized)", "Plans": [{"Node Type": "Seq Scan", "Parent Relationship": "Outer", "Relation Name": "orders", "Alias": "orders", "Startup Cost": 0.0, "Total Cost": 463912.49, "Plan Rows": 14844648, "Plan Width": 16, "Filter": "((o_comment)::text !~~ '%pending%deposits%'::text), (LLVM Optimized)"}, {"Node Type": "Hash", "Parent Relationship": "Inner", "Startup Cost": 52126.0, "Total Cost": 52126.0, "Plan Rows": 1500000, "Plan Width": 8, "Plans": [{"Node Type": "Seq Scan", "Parent Relationship": "Outer", "Relation Name": "customer", "Alias": "customer", "Startup Cost": 0.0, "Total Cost": 52126.0, "Plan Rows": 1500000, "Plan Width": 8}]}]}]}]}]}]}, "Unique SQL Id": 3026328400}, "explain_analyze_plan": {"Plan": {"Node Type": "Sort", "Startup Cost": 723220.3, "Total Cost": 723220.8, "Plan Rows": 200, "Plan Width": 8, "Actual Startup Time": 34579.334, "Actual Total Time": 34579.339, "Actual Rows": 46, "Actual Loops": 1, "Sort Key": ["(count(*)) DESC", "c_orders.c_count DESC"], "Sort Method": "quicksort", "Sort Space Used": 29, "Sort Space Type": "Memory", "Plans": [{"Node Type": "Aggregate", "Strategy": "Hashed", "Parent Relationship": "Outer", "Startup Cost": 723210.66, "Total Cost": 723212.66, "Plan Rows": 200, "Plan Width": 8, "Actual Startup Time": 34579.273, "Actual Total Time": 34579.286, "Actual Rows": 46, "Actual Loops": 1, "Group By Key": ["c_orders.c_count"], "Plans": [{"Node Type": "Subquery Scan", "Parent Relationship": "Outer", "Alias": "c_orders", "Startup Cost": 685710.66, "Total Cost": 715710.66, "Plan Rows": 1500000, "Plan Width": 8, "Actual Startup Time": 33057.958, "Actual Total Time": 34158.631, "Actual Rows": 1500000, "Actual Loops": 1, "Plans": [{"Node Type": "Aggregate", "Strategy": "Hashed", "Parent Relationship": "Subquery", "Startup Cost": 685710.66, "Total Cost": 700710.66, "Plan Rows": 1500000, "Plan Width": 16, "Actual Startup Time": 33057.953, "Actual Total Time": 33892.711, "Actual Rows": 1500000, "Actual Loops": 1, "Group By Key": ["customer.c_custkey"], "Plans": [{"Node Type": "Hash Join", "Parent Relationship": "Outer", "Join Type": "Right", "Startup Cost": 70876.0, "Total Cost": 653959.08, "Plan Rows": 6350316, "Plan Width": 16, "Actual Startup Time": 1153.954, "Actual Total Time": 20827.91, "Actual Rows": 15338153, "Actual Loops": 1, "Inner Unique": true, "Hash Cond": "(orders.o_custkey = customer.c_custkey), (LLVM Optimized, Jit Execute)", "Plans": [{"Node Type": "Seq Scan", "Parent Relationship": "Outer", "Relation Name": "orders", "Alias": "orders", "Startup Cost": 0.0, "Total Cost": 463912.49, "Plan Rows": 14844648, "Plan Width": 16, "Actual Startup Time": 0.033, "Actual Total Time": 8437.356, "Actual Rows": 14838130, "Actual Loops": 1, "Filter": "((o_comment)::text !~~ '%pending%deposits%'::text), (LLVM Optimized, Jit Execute)", "Rows Removed by Filter": 161870}, {"Node Type": "Hash", "Parent Relationship": "Inner", "Startup Cost": 52126.0, "Total Cost": 52126.0, "Plan Rows": 1500000, "Plan Width": 8, "Actual Startup Time": 1152.647, "Actual Total Time": 1152.647, "Actual Rows": 1500000, "Actual Loops": 1, "Hash Buckets": 2097152, "Hash Batches": 1, "Original Hash Batches": 1, "Peak Memory Usage": 58594, "Plans": [{"Node Type": "Seq Scan", "Parent Relationship": "Outer", "Relation Name": "customer", "Alias": "customer", "Startup Cost": 0.0, "Total Cost": 52126.0, "Plan Rows": 1500000, "Plan Width": 8, "Actual Startup Time": 0.036, "Actual Total Time": 533.795, "Actual Rows": 1500000, "Actual Loops": 1}]}]}]}]}]}]}, "Triggers": [], "Planner Runtime": 0.918, "Total Runtime": 34589.144, "Unique SQL Id": 3026328400}}, "(1, 77)": {"explain_plan": {"Plan": {"Node Type": "Sort", "Startup Cost": 1852351.93, "Total Cost": 1852352.43, "Plan Rows": 200, "Plan Width": 8, "Sort Key": ["(count(*)) DESC", "c_orders.c_count DESC"], "Plans": [{"Node Type": "Aggregate", "Strategy": "Hashed", "Parent Relationship": "Outer", "Startup Cost": 1852342.28, "Total Cost": 1852344.28, "Plan Rows": 200, "Plan Width": 8, "Group By Key": ["c_orders.c_count"], "Plans": [{"Node Type": "Subquery Scan", "Parent Relationship": "Outer", "Alias": "c_orders", "Startup Cost": 0.0, "Total Cost": 1844842.28, "Plan Rows": 1500000, "Plan Width": 8, "Plans": [{"Node Type": "Aggregate", "Strategy": "Sorted", "Parent Relationship": "Subquery", "Startup Cost": 0.0, "Total Cost": 1829842.28, "Plan Rows": 1500000, "Plan Width": 24, "Group By Key": ["customer.c_custkey"], "Plans": [{"Node Type": "Merge Join", "Parent Relationship": "Outer", "Join Type": "Left", "Startup Cost": 0.0, "Total Cost": 1783090.7, "Plan Rows": 6350316, "Plan Width": 16, "Inner Unique": false, "Merge Cond": "(customer.c_custkey = orders.o_custkey)", "Plans": [{"Node Type": "Index Scan", "Parent Relationship": "Outer", "Scan Direction": "Forward", "Index Name": "customer_pkey", "Relation Name": "customer", "Alias": "customer", "Startup Cost": 0.0, "Total Cost": 80765.36, "Plan Rows": 1500000, "Plan Width": 8}, {"Node Type": "Index Scan", "Parent Relationship": "Inner", "Scan Direction": "Forward", "Index Name": "idx_orders_custkey", "Relation Name": "orders", "Alias": "orders", "Startup Cost": 0.0, "Total Cost": 1598013.99, "Plan Rows": 14844648, "Plan Width": 16, "Filter": "((o_comment)::text !~~ '%pending%deposits%'::text), (LLVM Optimized)"}]}]}]}]}]}, "Unique SQL Id": 3026328400}, "explain_analyze_plan": {"Plan": {"Node Type": "Sort", "Startup Cost": 1852351.93, "Total Cost": 1852352.43, "Plan Rows": 200, "Plan Width": 8, "Actual Startup Time": 48929.354, "Actual Total Time": 48929.357, "Actual Rows": 46, "Actual Loops": 1, "Sort Key": ["(count(*)) DESC", "c_orders.c_count DESC"], "Sort Method": "quicksort", "Sort Space Used": 29, "Sort Space Type": "Memory", "Plans": [{"Node Type": "Aggregate", "Strategy": "Hashed", "Parent Relationship": "Outer", "Startup Cost": 1852342.28, "Total Cost": 1852344.28, "Plan Rows": 200, "Plan Width": 8, "Actual Startup Time": 48929.296, "Actual Total Time": 48929.305, "Actual Rows": 46, "Actual Loops": 1, "Group By Key": ["c_orders.c_count"], "Plans": [{"Node Type": "Subquery Scan", "Parent Relationship": "Outer", "Alias": "c_orders", "Startup Cost": 0.0, "Total Cost": 1844842.28, "Plan Rows": 1500000, "Plan Width": 8, "Actual Startup Time": 0.125, "Actual Total Time": 48361.113, "Actual Rows": 1500000, "Actual Loops": 1, "Plans": [{"Node Type": "Aggregate", "Strategy": "Sorted", "Parent Relationship": "Subquery", "Startup Cost": 0.0, "Total Cost": 1829842.28, "Plan Rows": 1500000, "Plan Width": 24, "Actual Startup Time": 0.124, "Actual Total Time": 48071.402, "Actual Rows": 1500000, "Actual Loops": 1, "Group By Key": ["customer.c_custkey"], "Plans": [{"Node Type": "Merge Join", "Parent Relationship": "Outer", "Join Type": "Left", "Startup Cost": 0.0, "Total Cost": 1783090.7, "Plan Rows": 6350316, "Plan Width": 16, "Actual Startup Time": 0.064, "Actual Total Time": 44016.822, "Actual Rows": 15338153, "Actual Loops": 1, "Inner Unique": false, "Merge Cond": "(customer.c_custkey = orders.o_custkey)", "Plans": [{"Node Type": "Index Scan", "Parent Relationship": "Outer", "Scan Direction": "Forward", "Index Name": "customer_pkey", "Relation Name": "customer", "Alias": "customer", "Startup Cost": 0.0, "Total Cost": 80765.36, "Plan Rows": 1500000, "Plan Width": 8, "Actual Startup Time": 0.027, "Actual Total Time": 1035.053, "Actual Rows": 1500000, "Actual Loops": 1}, {"Node Type": "Index Scan", "Parent Relationship": "Inner", "Scan Direction": "Forward", "Index Name": "idx_orders_custkey", "Relation Name": "orders", "Alias": "orders", "Startup Cost": 0.0, "Total Cost": 1598013.99, "Plan Rows": 14844648, "Plan Width": 16, "Actual Startup Time": 0.026, "Actual Total Time": 38262.505, "Actual Rows": 14838130, "Actual Loops": 1, "Filter": "((o_comment)::text !~~ '%pending%deposits%'::text), (LLVM Optimized, Jit Execute)", "Rows Removed by Filter": 161870}]}]}]}]}]}, "Triggers": [], "Planner Runtime": 0.71, "Total Runtime": 48938.448, "Unique SQL Id": 3026328400}}, "(1, 78)": {"explain_plan": {"Plan": {"Node Type": "Sort", "Startup Cost": 723220.3, "Total Cost": 723220.8, "Plan Rows": 200, "Plan Width": 8, "Sort Key": ["(count(*)) DESC", "c_orders.c_count DESC"], "Plans": [{"Node Type": "Aggregate", "Strategy": "Hashed", "Parent Relationship": "Outer", "Startup Cost": 723210.66, "Total Cost": 723212.66, "Plan Rows": 200, "Plan Width": 8, "Group By Key": ["c_orders.c_count"], "Plans": [{"Node Type": "Subquery Scan", "Parent Relationship": "Outer", "Alias": "c_orders", "Startup Cost": 685710.66, "Total Cost": 715710.66, "Plan Rows": 1500000, "Plan Width": 8, "Plans": [{"Node Type": "Aggregate", "Strategy": "Hashed", "Parent Relationship": "Subquery", "Startup Cost": 685710.66, "Total Cost": 700710.66, "Plan Rows": 1500000, "Plan Width": 16, "Group By Key": ["customer.c_custkey"], "Plans": [{"Node Type": "Hash Join", "Parent Relationship": "Outer", "Join Type": "Right", "Startup Cost": 70876.0, "Total Cost": 653959.08, "Plan Rows": 6350316, "Plan Width": 16, "Inner Unique": true, "Hash Cond": "(orders.o_custkey = customer.c_custkey), (LLVM Optimized)", "Plans": [{"Node Type": "Seq Scan", "Parent Relationship": "Outer", "Relation Name": "orders", "Alias": "orders", "Startup Cost": 0.0, "Total Cost": 463912.49, "Plan Rows": 14844648, "Plan Width": 16, "Filter": "((o_comment)::text !~~ '%pending%deposits%'::text), (LLVM Optimized)"}, {"Node Type": "Hash", "Parent Relationship": "Inner", "Startup Cost": 52126.0, "Total Cost": 52126.0, "Plan Rows": 1500000, "Plan Width": 8, "Plans": [{"Node Type": "Seq Scan", "Parent Relationship": "Outer", "Relation Name": "customer", "Alias": "customer", "Startup Cost": 0.0, "Total Cost": 52126.0, "Plan Rows": 1500000, "Plan Width": 8}]}]}]}]}]}]}, "Unique SQL Id": 3026328400}, "explain_analyze_plan": {"Plan": {"Node Type": "Sort", "Startup Cost": 723220.3, "Total Cost": 723220.8, "Plan Rows": 200, "Plan Width": 8, "Actual Startup Time": 34579.334, "Actual Total Time": 34579.339, "Actual Rows": 46, "Actual Loops": 1, "Sort Key": ["(count(*)) DESC", "c_orders.c_count DESC"], "Sort Method": "quicksort", "Sort Space Used": 29, "Sort Space Type": "Memory", "Plans": [{"Node Type": "Aggregate", "Strategy": "Hashed", "Parent Relationship": "Outer", "Startup Cost": 723210.66, "Total Cost": 723212.66, "Plan Rows": 200, "Plan Width": 8, "Actual Startup Time": 34579.273, "Actual Total Time": 34579.286, "Actual Rows": 46, "Actual Loops": 1, "Group By Key": ["c_orders.c_count"], "Plans": [{"Node Type": "Subquery Scan", "Parent Relationship": "Outer", "Alias": "c_orders", "Startup Cost": 685710.66, "Total Cost": 715710.66, "Plan Rows": 1500000, "Plan Width": 8, "Actual Startup Time": 33057.958, "Actual Total Time": 34158.631, "Actual Rows": 1500000, "Actual Loops": 1, "Plans": [{"Node Type": "Aggregate", "Strategy": "Hashed", "Parent Relationship": "Subquery", "Startup Cost": 685710.66, "Total Cost": 700710.66, "Plan Rows": 1500000, "Plan Width": 16, "Actual Startup Time": 33057.953, "Actual Total Time": 33892.711, "Actual Rows": 1500000, "Actual Loops": 1, "Group By Key": ["customer.c_custkey"], "Plans": [{"Node Type": "Hash Join", "Parent Relationship": "Outer", "Join Type": "Right", "Startup Cost": 70876.0, "Total Cost": 653959.08, "Plan Rows": 6350316, "Plan Width": 16, "Actual Startup Time": 1153.954, "Actual Total Time": 20827.91, "Actual Rows": 15338153, "Actual Loops": 1, "Inner Unique": true, "Hash Cond": "(orders.o_custkey = customer.c_custkey), (LLVM Optimized, Jit Execute)", "Plans": [{"Node Type": "Seq Scan", "Parent Relationship": "Outer", "Relation Name": "orders", "Alias": "orders", "Startup Cost": 0.0, "Total Cost": 463912.49, "Plan Rows": 14844648, "Plan Width": 16, "Actual Startup Time": 0.033, "Actual Total Time": 8437.356, "Actual Rows": 14838130, "Actual Loops": 1, "Filter": "((o_comment)::text !~~ '%pending%deposits%'::text), (LLVM Optimized, Jit Execute)", "Rows Removed by Filter": 161870}, {"Node Type": "Hash", "Parent Relationship": "Inner", "Startup Cost": 52126.0, "Total Cost": 52126.0, "Plan Rows": 1500000, "Plan Width": 8, "Actual Startup Time": 1152.647, "Actual Total Time": 1152.647, "Actual Rows": 1500000, "Actual Loops": 1, "Hash Buckets": 2097152, "Hash Batches": 1, "Original Hash Batches": 1, "Peak Memory Usage": 58594, "Plans": [{"Node Type": "Seq Scan", "Parent Relationship": "Outer", "Relation Name": "customer", "Alias": "customer", "Startup Cost": 0.0, "Total Cost": 52126.0, "Plan Rows": 1500000, "Plan Width": 8, "Actual Startup Time": 0.036, "Actual Total Time": 533.795, "Actual Rows": 1500000, "Actual Loops": 1}]}]}]}]}]}]}, "Triggers": [], "Planner Runtime": 0.918, "Total Runtime": 34589.144, "Unique SQL Id": 3026328400}}, "(1, 79)": {"explain_plan": {"Plan": {"Node Type": "Sort", "Startup Cost": 2000135701347.66, "Total Cost": 2000135701348.16, "Plan Rows": 200, "Plan Width": 8, "Sort Key": ["(count(*)) DESC", "c_orders.c_count DESC"], "Plans": [{"Node Type": "Aggregate", "Strategy": "Hashed", "Parent Relationship": "Outer", "Startup Cost": 2000135701338.02, "Total Cost": 2000135701340.02, "Plan Rows": 200, "Plan Width": 8, "Group By Key": ["c_orders.c_count"], "Plans": [{"Node Type": "Subquery Scan", "Parent Relationship": "Outer", "Alias": "c_orders", "Startup Cost": 20000000000.0, "Total Cost": 2000135693838.02, "Plan Rows": 1500000, "Plan Width": 8, "Plans": [{"Node Type": "Aggregate", "Strategy": "Sorted", "Parent Relationship": "Subquery", "Startup Cost": 20000000000.0, "Total Cost": 2000135678838.02, "Plan Rows": 1500000, "Plan Width": 24, "Group By Key": ["customer.c_custkey"], "Plans": [{"Node Type": "Merge Join", "Parent Relationship": "Outer", "Join Type": "Left", "Startup Cost": 20000000000.0, "Total Cost": 2000135632086.44, "Plan Rows": 6350316, "Plan Width": 16, "Inner Unique": false, "Merge Cond": "(customer.c_custkey = orders.o_custkey)", "Plans": [{"Node Type": "Index Scan", "Parent Relationship": "Outer", "Scan Direction": "Forward", "Index Name": "customer_pkey", "Relation Name": "customer", "Alias": "customer", "Startup Cost": 10000000000.0, "Total Cost": 1000008076535.62, "Plan Rows": 1500000, "Plan Width": 8}, {"Node Type": "Index Scan", "Parent Relationship": "Inner", "Scan Direction": "Forward", "Index Name": "idx_orders_custkey", "Relation Name": "orders", "Alias": "orders", "Startup Cost": 10000000000.0, "Total Cost": 1000159801398.83, "Plan Rows": 14844648, "Plan Width": 16, "Filter": "((o_comment)::text !~~ '%pending%deposits%'::text), (LLVM Optimized)"}]}]}]}]}]}, "Unique SQL Id": 3026328400}, "explain_analyze_plan": {"Plan": {"Node Type": "Sort", "Startup Cost": 2000135701347.66, "Total Cost": 2000135701348.16, "Plan Rows": 200, "Plan Width": 8, "Actual Startup Time": 48389.313, "Actual Total Time": 48389.318, "Actual Rows": 46, "Actual Loops": 1, "Sort Key": ["(count(*)) DESC", "c_orders.c_count DESC"], "Sort Method": "quicksort", "Sort Space Used": 29, "Sort Space Type": "Memory", "Plans": [{"Node Type": "Aggregate", "Strategy": "Hashed", "Parent Relationship": "Outer", "Startup Cost": 2000135701338.02, "Total Cost": 2000135701340.02, "Plan Rows": 200, "Plan Width": 8, "Actual Startup Time": 48389.245, "Actual Total Time": 48389.261, "Actual Rows": 46, "Actual Loops": 1, "Group By Key": ["c_orders.c_count"], "Plans": [{"Node Type": "Subquery Scan", "Parent Relationship": "Outer", "Alias": "c_orders", "Startup Cost": 20000000000.0, "Total Cost": 2000135693838.02, "Plan Rows": 1500000, "Plan Width": 8, "Actual Startup Time": 0.133, "Actual Total Time": 47819.104, "Actual Rows": 1500000, "Actual Loops": 1, "Plans": [{"Node Type": "Aggregate", "Strategy": "Sorted", "Parent Relationship": "Subquery", "Startup Cost": 20000000000.0, "Total Cost": 2000135678838.02, "Plan Rows": 1500000, "Plan Width": 24, "Actual Startup Time": 0.132, "Actual Total Time": 47518.497, "Actual Rows": 1500000, "Actual Loops": 1, "Group By Key": ["customer.c_custkey"], "Plans": [{"Node Type": "Merge Join", "Parent Relationship": "Outer", "Join Type": "Left", "Startup Cost": 20000000000.0, "Total Cost": 2000135632086.44, "Plan Rows": 6350316, "Plan Width": 16, "Actual Startup Time": 0.066, "Actual Total Time": 43488.069, "Actual Rows": 15338153, "Actual Loops": 1, "Inner Unique": false, "Merge Cond": "(customer.c_custkey = orders.o_custkey)", "Plans": [{"Node Type": "Index Scan", "Parent Relationship": "Outer", "Scan Direction": "Forward", "Index Name": "customer_pkey", "Relation Name": "customer", "Alias": "customer", "Startup Cost": 10000000000.0, "Total Cost": 1000008076535.62, "Plan Rows": 1500000, "Plan Width": 8, "Actual Startup Time": 0.028, "Actual Total Time": 1025.582, "Actual Rows": 1500000, "Actual Loops": 1}, {"Node Type": "Index Scan", "Parent Relationship": "Inner", "Scan Direction": "Forward", "Index Name": "idx_orders_custkey", "Relation Name": "orders", "Alias": "orders", "Startup Cost": 10000000000.0, "Total Cost": 1000159801398.83, "Plan Rows": 14844648, "Plan Width": 16, "Actual Startup Time": 0.027, "Actual Total Time": 37756.619, "Actual Rows": 14838130, "Actual Loops": 1, "Filter": "((o_comment)::text !~~ '%pending%deposits%'::text), (LLVM Optimized, Jit Execute)", "Rows Removed by Filter": 161870}]}]}]}]}]}, "Triggers": [], "Planner Runtime": 0.695, "Total Runtime": 48398.398, "Unique SQL Id": 3026328400}}, "(1, 80)": {"explain_plan": {"Plan": {"Node Type": "Sort", "Startup Cost": 1815222.82, "Total Cost": 1815223.32, "Plan Rows": 200, "Plan Width": 8, "Sort Key": ["(count(*)) DESC", "c_orders.c_count DESC"], "Plans": [{"Node Type": "Aggregate", "Strategy": "Hashed", "Parent Relationship": "Outer", "Startup Cost": 1815213.18, "Total Cost": 1815215.18, "Plan Rows": 200, "Plan Width": 8, "Group By Key": ["c_orders.c_count"], "Plans": [{"Node Type": "Subquery Scan", "Parent Relationship": "Outer", "Alias": "c_orders", "Startup Cost": 0.0, "Total Cost": 1807713.18, "Plan Rows": 1500000, "Plan Width": 8, "Plans": [{"Node Type": "Aggregate", "Strategy": "Sorted", "Parent Relationship": "Subquery", "Startup Cost": 0.0, "Total Cost": 1792713.18, "Plan Rows": 1500000, "Plan Width": 24, "Group By Key": ["customer.c_custkey"], "Plans": [{"Node Type": "Merge Join", "Parent Relationship": "Outer", "Join Type": "Left", "Startup Cost": 0.0, "Total Cost": 1745961.6, "Plan Rows": 6350316, "Plan Width": 16, "Inner Unique": false, "Merge Cond": "(customer.c_custkey = orders.o_custkey)", "Plans": [{"Node Type": "Index Only Scan", "Parent Relationship": "Outer", "Scan Direction": "Forward", "Index Name": "customer_pkey", "Relation Name": "customer", "Alias": "customer", "Startup Cost": 0.0, "Total Cost": 43636.25, "Plan Rows": 1500000, "Plan Width": 8}, {"Node Type": "Index Scan", "Parent Relationship": "Inner", "Scan Direction": "Forward", "Index Name": "idx_orders_custkey", "Relation Name": "orders", "Alias": "orders", "Startup Cost": 0.0, "Total Cost": 1598013.99, "Plan Rows": 14844648, "Plan Width": 16, "Filter": "((o_comment)::text !~~ '%pending%deposits%'::text), (LLVM Optimized)"}]}]}]}]}]}, "Unique SQL Id": 3026328400}, "explain_analyze_plan": {"Plan": {"Node Type": "Sort", "Startup Cost": 1815222.82, "Total Cost": 1815223.32, "Plan Rows": 200, "Plan Width": 8, "Actual Startup Time": 49456.672, "Actual Total Time": 49456.675, "Actual Rows": 46, "Actual Loops": 1, "Sort Key": ["(count(*)) DESC", "c_orders.c_count DESC"], "Sort Method": "quicksort", "Sort Space Used": 29, "Sort Space Type": "Memory", "Plans": [{"Node Type": "Aggregate", "Strategy": "Hashed", "Parent Relationship": "Outer", "Startup Cost": 1815213.18, "Total Cost": 1815215.18, "Plan Rows": 200, "Plan Width": 8, "Actual Startup Time": 49456.615, "Actual Total Time": 49456.628, "Actual Rows": 46, "Actual Loops": 1, "Group By Key": ["c_orders.c_count"], "Plans": [{"Node Type": "Subquery Scan", "Parent Relationship": "Outer", "Alias": "c_orders", "Startup Cost": 0.0, "Total Cost": 1807713.18, "Plan Rows": 1500000, "Plan Width": 8, "Actual Startup Time": 0.146, "Actual Total Time": 48893.237, "Actual Rows": 1500000, "Actual Loops": 1, "Plans": [{"Node Type": "Aggregate", "Strategy": "Sorted", "Parent Relationship": "Subquery", "Startup Cost": 0.0, "Total Cost": 1792713.18, "Plan Rows": 1500000, "Plan Width": 24, "Actual Startup Time": 0.146, "Actual Total Time": 48595.012, "Actual Rows": 1500000, "Actual Loops": 1, "Group By Key": ["customer.c_custkey"], "Plans": [{"Node Type": "Merge Join", "Parent Relationship": "Outer", "Join Type": "Left", "Startup Cost": 0.0, "Total Cost": 1745961.6, "Plan Rows": 6350316, "Plan Width": 16, "Actual Startup Time": 0.073, "Actual Total Time": 44566.394, "Actual Rows": 15338153, "Actual Loops": 1, "Inner Unique": false, "Merge Cond": "(customer.c_custkey = orders.o_custkey)", "Plans": [{"Node Type": "Index Only Scan", "Parent Relationship": "Outer", "Scan Direction": "Forward", "Index Name": "customer_pkey", "Relation Name": "customer", "Alias": "customer", "Startup Cost": 0.0, "Total Cost": 43636.25, "Plan Rows": 1500000, "Plan Width": 8, "Actual Startup Time": 0.029, "Actual Total Time": 420.485, "Actual Rows": 1500000, "Actual Loops": 1, "Heap Fetches": 0}, {"Node Type": "Index Scan", "Parent Relationship": "Inner", "Scan Direction": "Forward", "Index Name": "idx_orders_custkey", "Relation Name": "orders", "Alias": "orders", "Startup Cost": 0.0, "Total Cost": 1598013.99, "Plan Rows": 14844648, "Plan Width": 16, "Actual Startup Time": 0.033, "Actual Total Time": 39523.673, "Actual Rows": 14838130, "Actual Loops": 1, "Filter": "((o_comment)::text !~~ '%pending%deposits%'::text), (LLVM Optimized, Jit Execute)", "Rows Removed by Filter": 161870}]}]}]}]}]}, "Triggers": [], "Planner Runtime": 0.791, "Total Runtime": 49465.812, "Unique SQL Id": 3026328400}}, "(1, 81)": {"explain_plan": {"Plan": {"Node Type": "Sort", "Startup Cost": 1815222.82, "Total Cost": 1815223.32, "Plan Rows": 200, "Plan Width": 8, "Sort Key": ["(count(*)) DESC", "c_orders.c_count DESC"], "Plans": [{"Node Type": "Aggregate", "Strategy": "Hashed", "Parent Relationship": "Outer", "Startup Cost": 1815213.18, "Total Cost": 1815215.18, "Plan Rows": 200, "Plan Width": 8, "Group By Key": ["c_orders.c_count"], "Plans": [{"Node Type": "Subquery Scan", "Parent Relationship": "Outer", "Alias": "c_orders", "Startup Cost": 0.0, "Total Cost": 1807713.18, "Plan Rows": 1500000, "Plan Width": 8, "Plans": [{"Node Type": "Aggregate", "Strategy": "Sorted", "Parent Relationship": "Subquery", "Startup Cost": 0.0, "Total Cost": 1792713.18, "Plan Rows": 1500000, "Plan Width": 24, "Group By Key": ["customer.c_custkey"], "Plans": [{"Node Type": "Merge Join", "Parent Relationship": "Outer", "Join Type": "Left", "Startup Cost": 0.0, "Total Cost": 1745961.6, "Plan Rows": 6350316, "Plan Width": 16, "Inner Unique": false, "Merge Cond": "(customer.c_custkey = orders.o_custkey)", "Plans": [{"Node Type": "Index Only Scan", "Parent Relationship": "Outer", "Scan Direction": "Forward", "Index Name": "customer_pkey", "Relation Name": "customer", "Alias": "customer", "Startup Cost": 0.0, "Total Cost": 43636.25, "Plan Rows": 1500000, "Plan Width": 8}, {"Node Type": "Index Scan", "Parent Relationship": "Inner", "Scan Direction": "Forward", "Index Name": "idx_orders_custkey", "Relation Name": "orders", "Alias": "orders", "Startup Cost": 0.0, "Total Cost": 1598013.99, "Plan Rows": 14844648, "Plan Width": 16, "Filter": "((o_comment)::text !~~ '%pending%deposits%'::text), (LLVM Optimized)"}]}]}]}]}]}, "Unique SQL Id": 3026328400}, "explain_analyze_plan": {"Plan": {"Node Type": "Sort", "Startup Cost": 1815222.82, "Total Cost": 1815223.32, "Plan Rows": 200, "Plan Width": 8, "Actual Startup Time": 49456.672, "Actual Total Time": 49456.675, "Actual Rows": 46, "Actual Loops": 1, "Sort Key": ["(count(*)) DESC", "c_orders.c_count DESC"], "Sort Method": "quicksort", "Sort Space Used": 29, "Sort Space Type": "Memory", "Plans": [{"Node Type": "Aggregate", "Strategy": "Hashed", "Parent Relationship": "Outer", "Startup Cost": 1815213.18, "Total Cost": 1815215.18, "Plan Rows": 200, "Plan Width": 8, "Actual Startup Time": 49456.615, "Actual Total Time": 49456.628, "Actual Rows": 46, "Actual Loops": 1, "Group By Key": ["c_orders.c_count"], "Plans": [{"Node Type": "Subquery Scan", "Parent Relationship": "Outer", "Alias": "c_orders", "Startup Cost": 0.0, "Total Cost": 1807713.18, "Plan Rows": 1500000, "Plan Width": 8, "Actual Startup Time": 0.146, "Actual Total Time": 48893.237, "Actual Rows": 1500000, "Actual Loops": 1, "Plans": [{"Node Type": "Aggregate", "Strategy": "Sorted", "Parent Relationship": "Subquery", "Startup Cost": 0.0, "Total Cost": 1792713.18, "Plan Rows": 1500000, "Plan Width": 24, "Actual Startup Time": 0.146, "Actual Total Time": 48595.012, "Actual Rows": 1500000, "Actual Loops": 1, "Group By Key": ["customer.c_custkey"], "Plans": [{"Node Type": "Merge Join", "Parent Relationship": "Outer", "Join Type": "Left", "Startup Cost": 0.0, "Total Cost": 1745961.6, "Plan Rows": 6350316, "Plan Width": 16, "Actual Startup Time": 0.073, "Actual Total Time": 44566.394, "Actual Rows": 15338153, "Actual Loops": 1, "Inner Unique": false, "Merge Cond": "(customer.c_custkey = orders.o_custkey)", "Plans": [{"Node Type": "Index Only Scan", "Parent Relationship": "Outer", "Scan Direction": "Forward", "Index Name": "customer_pkey", "Relation Name": "customer", "Alias": "customer", "Startup Cost": 0.0, "Total Cost": 43636.25, "Plan Rows": 1500000, "Plan Width": 8, "Actual Startup Time": 0.029, "Actual Total Time": 420.485, "Actual Rows": 1500000, "Actual Loops": 1, "Heap Fetches": 0}, {"Node Type": "Index Scan", "Parent Relationship": "Inner", "Scan Direction": "Forward", "Index Name": "idx_orders_custkey", "Relation Name": "orders", "Alias": "orders", "Startup Cost": 0.0, "Total Cost": 1598013.99, "Plan Rows": 14844648, "Plan Width": 16, "Actual Startup Time": 0.033, "Actual Total Time": 39523.673, "Actual Rows": 14838130, "Actual Loops": 1, "Filter": "((o_comment)::text !~~ '%pending%deposits%'::text), (LLVM Optimized, Jit Execute)", "Rows Removed by Filter": 161870}]}]}]}]}]}, "Triggers": [], "Planner Runtime": 0.791, "Total Runtime": 49465.812, "Unique SQL Id": 3026328400}}, "(1, 82)": {"explain_plan": {"Plan": {"Node Type": "Sort", "Startup Cost": 2652650.54, "Total Cost": 2652651.04, "Plan Rows": 200, "Plan Width": 8, "Sort Key": ["(count(*)) DESC", "c_orders.c_count DESC"], "Plans": [{"Node Type": "Aggregate", "Strategy": "Hashed", "Parent Relationship": "Outer", "Startup Cost": 2652640.9, "Total Cost": 2652642.9, "Plan Rows": 200, "Plan Width": 8, "Group By Key": ["c_orders.c_count"], "Plans": [{"Node Type": "Subquery Scan", "Parent Relationship": "Outer", "Alias": "c_orders", "Startup Cost": 2438165.34, "Total Cost": 2645140.9, "Plan Rows": 1500000, "Plan Width": 8, "Plans": [{"Node Type": "Aggregate", "Strategy": "Sorted", "Parent Relationship": "Subquery", "Startup Cost": 2438165.34, "Total Cost": 2630140.9, "Plan Rows": 1500000, "Plan Width": 24, "Group By Key": ["customer.c_custkey"], "Plans": [{"Node Type": "Merge Join", "Parent Relationship": "Outer", "Join Type": "Left", "Startup Cost": 2438165.34, "Total Cost": 2583389.32, "Plan Rows": 6350316, "Plan Width": 16, "Inner Unique": false, "Merge Cond": "(customer.c_custkey = orders.o_custkey)", "Plans": [{"Node Type": "Sort", "Parent Relationship": "Outer", "Startup Cost": 205999.98, "Total Cost": 209749.98, "Plan Rows": 1500000, "Plan Width": 8, "Sort Key": ["customer.c_custkey"], "Plans": [{"Node Type": "Seq Scan", "Parent Relationship": "Outer", "Relation Name": "customer", "Alias": "customer", "Startup Cost": 0.0, "Total Cost": 52126.0, "Plan Rows": 1500000, "Plan Width": 8}]}, {"Node Type": "Sort", "Parent Relationship": "Inner", "Startup Cost": 2232165.36, "Total Cost": 2269276.98, "Plan Rows": 14844648, "Plan Width": 16, "Sort Key": ["orders.o_custkey"], "Plans": [{"Node Type": "Seq Scan", "Parent Relationship": "Outer", "Relation Name": "orders", "Alias": "orders", "Startup Cost": 0.0, "Total Cost": 463912.49, "Plan Rows": 14844648, "Plan Width": 16, "Filter": "((o_comment)::text !~~ '%pending%deposits%'::text), (LLVM Optimized)"}]}]}]}]}]}]}, "Unique SQL Id": 3026328400}, "explain_analyze_plan": {"Plan": {"Node Type": "Sort", "Startup Cost": 2652650.54, "Total Cost": 2652651.04, "Plan Rows": 200, "Plan Width": 8, "Actual Startup Time": 28386.189, "Actual Total Time": 28386.192, "Actual Rows": 46, "Actual Loops": 1, "Sort Key": ["(count(*)) DESC", "c_orders.c_count DESC"], "Sort Method": "quicksort", "Sort Space Used": 29, "Sort Space Type": "Memory", "Plans": [{"Node Type": "Aggregate", "Strategy": "Hashed", "Parent Relationship": "Outer", "Startup Cost": 2652640.9, "Total Cost": 2652642.9, "Plan Rows": 200, "Plan Width": 8, "Actual Startup Time": 28386.135, "Actual Total Time": 28386.145, "Actual Rows": 46, "Actual Loops": 1, "Group By Key": ["c_orders.c_count"], "Plans": [{"Node Type": "Subquery Scan", "Parent Relationship": "Outer", "Alias": "c_orders", "Startup Cost": 2438165.34, "Total Cost": 2645140.9, "Plan Rows": 1500000, "Plan Width": 8, "Actual Startup Time": 15825.996, "Actual Total Time": 27893.621, "Actual Rows": 1500000, "Actual Loops": 1, "Plans": [{"Node Type": "Aggregate", "Strategy": "Sorted", "Parent Relationship": "Subquery", "Startup Cost": 2438165.34, "Total Cost": 2630140.9, "Plan Rows": 1500000, "Plan Width": 24, "Actual Startup Time": 15825.994, "Actual Total Time": 27618.53, "Actual Rows": 1500000, "Actual Loops": 1, "Group By Key": ["customer.c_custkey"], "Plans": [{"Node Type": "Merge Join", "Parent Relationship": "Outer", "Join Type": "Left", "Startup Cost": 2438165.34, "Total Cost": 2583389.32, "Plan Rows": 6350316, "Plan Width": 16, "Actual Startup Time": 15825.958, "Actual Total Time": 24242.037, "Actual Rows": 15338153, "Actual Loops": 1, "Inner Unique": false, "Merge Cond": "(customer.c_custkey = orders.o_custkey)", "Plans": [{"Node Type": "Sort", "Parent Relationship": "Outer", "Startup Cost": 205999.98, "Total Cost": 209749.98, "Plan Rows": 1500000, "Plan Width": 8, "Actual Startup Time": 952.755, "Actual Total Time": 1161.709, "Actual Rows": 1500000, "Actual Loops": 1, "Sort Key": ["customer.c_custkey"], "Sort Method": "quicksort", "Sort Space Used": 142903, "Sort Space Type": "Memory", "Plans": [{"Node Type": "Seq Scan", "Parent Relationship": "Outer", "Relation Name": "customer", "Alias": "customer", "Startup Cost": 0.0, "Total Cost": 52126.0, "Plan Rows": 1500000, "Plan Width": 8, "Actual Startup Time": 0.019, "Actual Total Time": 475.423, "Actual Rows": 1500000, "Actual Loops": 1}]}, {"Node Type": "Sort", "Parent Relationship": "Inner", "Startup Cost": 2232165.36, "Total Cost": 2269276.98, "Plan Rows": 14844648, "Plan Width": 16, "Actual Startup Time": 14873.179, "Actual Total Time": 19215.085, "Actual Rows": 14838130, "Actual Loops": 1, "Sort Key": ["orders.o_custkey"], "Sort Method": "quicksort", "Sort Space Used": 1784291, "Sort Space Type": "Memory", "Plans": [{"Node Type": "Seq Scan", "Parent Relationship": "Outer", "Relation Name": "orders", "Alias": "orders", "Startup Cost": 0.0, "Total Cost": 463912.49, "Plan Rows": 14844648, "Plan Width": 16, "Actual Startup Time": 0.044, "Actual Total Time": 8812.829, "Actual Rows": 14838130, "Actual Loops": 1, "Filter": "((o_comment)::text !~~ '%pending%deposits%'::text), (LLVM Optimized, Jit Execute)", "Rows Removed by Filter": 161870}]}]}]}]}]}]}, "Triggers": [], "Planner Runtime": 0.694, "Total Runtime": 28395.277, "Unique SQL Id": 3026328400}}, "(1, 83)": {"explain_plan": {"Plan": {"Node Type": "Sort", "Startup Cost": 1000011234254.22, "Total Cost": 1000011234254.72, "Plan Rows": 200, "Plan Width": 8, "Sort Key": ["(count(*)) DESC", "c_orders.c_count DESC"], "Plans": [{"Node Type": "Aggregate", "Strategy": "Hashed", "Parent Relationship": "Outer", "Startup Cost": 1000011234244.58, "Total Cost": 1000011234246.58, "Plan Rows": 200, "Plan Width": 8, "Group By Key": ["c_orders.c_count"], "Plans": [{"Node Type": "Subquery Scan", "Parent Relationship": "Outer", "Alias": "c_orders", "Startup Cost": 10000000000.43, "Total Cost": 1000011226744.58, "Plan Rows": 1500000, "Plan Width": 8, "Plans": [{"Node Type": "Aggregate", "Strategy": "Sorted", "Parent Relationship": "Subquery", "Startup Cost": 10000000000.43, "Total Cost": 1000011211744.58, "Plan Rows": 1500000, "Plan Width": 24, "Group By Key": ["customer.c_custkey"], "Plans": [{"Node Type": "Nested Loop", "Parent Relationship": "Outer", "Join Type": "Left", "Startup Cost": 10000000000.43, "Total Cost": 1000011164993.0, "Plan Rows": 6350316, "Plan Width": 16, "Inner Unique": false, "Plans": [{"Node Type": "Index Only Scan", "Parent Relationship": "Outer", "Scan Direction": "Forward", "Index Name": "customer_pkey", "Relation Name": "customer", "Alias": "customer", "Startup Cost": 10000000000.0, "Total Cost": 1000004363625.0, "Plan Rows": 1500000, "Plan Width": 8}, {"Node Type": "Bitmap Heap Scan", "Parent Relationship": "Inner", "Relation Name": "orders", "Alias": "orders", "Startup Cost": 0.43, "Total Cost": 4.49, "Plan Rows": 4, "Plan Width": 16, "Recheck Cond": "(customer.c_custkey = o_custkey)", "Filter": "((o_comment)::text !~~ '%pending%deposits%'::text)", "Plans": [{"Node Type": "Bitmap Index Scan", "Parent Relationship": "Outer", "Index Name": "idx_orders_custkey", "Startup Cost": 0.0, "Total Cost": 0.43, "Plan Rows": 4, "Plan Width": 0, "Index Cond": "(customer.c_custkey = o_custkey)"}]}]}]}]}]}]}, "Unique SQL Id": 3026328400}, "explain_analyze_plan": {"Plan": {"Node Type": "Sort", "Startup Cost": 1000011234254.22, "Total Cost": 1000011234254.72, "Plan Rows": 200, "Plan Width": 8, "Actual Startup Time": 62555.418, "Actual Total Time": 62555.422, "Actual Rows": 46, "Actual Loops": 1, "Sort Key": ["(count(*)) DESC", "c_orders.c_count DESC"], "Sort Method": "quicksort", "Sort Space Used": 29, "Sort Space Type": "Memory", "Plans": [{"Node Type": "Aggregate", "Strategy": "Hashed", "Parent Relationship": "Outer", "Startup Cost": 1000011234244.58, "Total Cost": 1000011234246.58, "Plan Rows": 200, "Plan Width": 8, "Actual Startup Time": 62555.363, "Actual Total Time": 62555.373, "Actual Rows": 46, "Actual Loops": 1, "Group By Key": ["c_orders.c_count"], "Plans": [{"Node Type": "Subquery Scan", "Parent Relationship": "Outer", "Alias": "c_orders", "Startup Cost": 10000000000.43, "Total Cost": 1000011226744.58, "Plan Rows": 1500000, "Plan Width": 8, "Actual Startup Time": 0.177, "Actual Total Time": 61782.572, "Actual Rows": 1500000, "Actual Loops": 1, "Plans": [{"Node Type": "Aggregate", "Strategy": "Sorted", "Parent Relationship": "Subquery", "Startup Cost": 10000000000.43, "Total Cost": 1000011211744.58, "Plan Rows": 1500000, "Plan Width": 24, "Actual Startup Time": 0.176, "Actual Total Time": 61436.876, "Actual Rows": 1500000, "Actual Loops": 1, "Group By Key": ["customer.c_custkey"], "Plans": [{"Node Type": "Nested Loop", "Parent Relationship": "Outer", "Join Type": "Left", "Startup Cost": 10000000000.43, "Total Cost": 1000011164993.0, "Plan Rows": 6350316, "Plan Width": 16, "Actual Startup Time": 0.072, "Actual Total Time": 56992.363, "Actual Rows": 15338153, "Actual Loops": 1, "Inner Unique": false, "Plans": [{"Node Type": "Index Only Scan", "Parent Relationship": "Outer", "Scan Direction": "Forward", "Index Name": "customer_pkey", "Relation Name": "customer", "Alias": "customer", "Startup Cost": 10000000000.0, "Total Cost": 1000004363625.0, "Plan Rows": 1500000, "Plan Width": 8, "Actual Startup Time": 0.027, "Actual Total Time": 498.211, "Actual Rows": 1500000, "Actual Loops": 1, "Heap Fetches": 0}, {"Node Type": "Bitmap Heap Scan", "Parent Relationship": "Inner", "Relation Name": "orders", "Alias": "orders", "Startup Cost": 0.43, "Total Cost": 4.49, "Plan Rows": 4, "Plan Width": 16, "Actual Startup Time": 12057.857, "Actual Total Time": 51377.864, "Actual Rows": 14838130, "Actual Loops": 1500000, "Recheck Cond": "(customer.c_custkey = o_custkey)", "Rows Removed by Index Recheck": 0, "Filter": "((o_comment)::text !~~ '%pending%deposits%'::text)", "Rows Removed by Filter": 161870, "Exact Heap Blocks": 14999534, "Lossy Heap Blocks": 14999534, "Plans": [{"Node Type": "Bitmap Index Scan", "Parent Relationship": "Outer", "Index Name": "idx_orders_custkey", "Startup Cost": 0.0, "Total Cost": 0.43, "Plan Rows": 4, "Plan Width": 0, "Actual Startup Time": 6723.895, "Actual Total Time": 6723.895, "Actual Rows": 15000000, "Actual Loops": 1500000, "Index Cond": "(customer.c_custkey = o_custkey)"}]}]}]}]}]}]}, "Triggers": [], "Planner Runtime": 0.724, "Total Runtime": 62564.386, "Unique SQL Id": 3026328400}}, "(1, 84)": {"explain_plan": {"Plan": {"Node Type": "Sort", "Startup Cost": 1852351.93, "Total Cost": 1852352.43, "Plan Rows": 200, "Plan Width": 8, "Sort Key": ["(count(*)) DESC", "c_orders.c_count DESC"], "Plans": [{"Node Type": "Aggregate", "Strategy": "Hashed", "Parent Relationship": "Outer", "Startup Cost": 1852342.28, "Total Cost": 1852344.28, "Plan Rows": 200, "Plan Width": 8, "Group By Key": ["c_orders.c_count"], "Plans": [{"Node Type": "Subquery Scan", "Parent Relationship": "Outer", "Alias": "c_orders", "Startup Cost": 0.0, "Total Cost": 1844842.28, "Plan Rows": 1500000, "Plan Width": 8, "Plans": [{"Node Type": "Aggregate", "Strategy": "Sorted", "Parent Relationship": "Subquery", "Startup Cost": 0.0, "Total Cost": 1829842.28, "Plan Rows": 1500000, "Plan Width": 24, "Group By Key": ["customer.c_custkey"], "Plans": [{"Node Type": "Merge Join", "Parent Relationship": "Outer", "Join Type": "Left", "Startup Cost": 0.0, "Total Cost": 1783090.7, "Plan Rows": 6350316, "Plan Width": 16, "Inner Unique": false, "Merge Cond": "(customer.c_custkey = orders.o_custkey)", "Plans": [{"Node Type": "Index Scan", "Parent Relationship": "Outer", "Scan Direction": "Forward", "Index Name": "customer_pkey", "Relation Name": "customer", "Alias": "customer", "Startup Cost": 0.0, "Total Cost": 80765.36, "Plan Rows": 1500000, "Plan Width": 8}, {"Node Type": "Index Scan", "Parent Relationship": "Inner", "Scan Direction": "Forward", "Index Name": "idx_orders_custkey", "Relation Name": "orders", "Alias": "orders", "Startup Cost": 0.0, "Total Cost": 1598013.99, "Plan Rows": 14844648, "Plan Width": 16, "Filter": "((o_comment)::text !~~ '%pending%deposits%'::text), (LLVM Optimized)"}]}]}]}]}]}, "Unique SQL Id": 3026328400}, "explain_analyze_plan": {"Plan": {"Node Type": "Sort", "Startup Cost": 1852351.93, "Total Cost": 1852352.43, "Plan Rows": 200, "Plan Width": 8, "Actual Startup Time": 48929.354, "Actual Total Time": 48929.357, "Actual Rows": 46, "Actual Loops": 1, "Sort Key": ["(count(*)) DESC", "c_orders.c_count DESC"], "Sort Method": "quicksort", "Sort Space Used": 29, "Sort Space Type": "Memory", "Plans": [{"Node Type": "Aggregate", "Strategy": "Hashed", "Parent Relationship": "Outer", "Startup Cost": 1852342.28, "Total Cost": 1852344.28, "Plan Rows": 200, "Plan Width": 8, "Actual Startup Time": 48929.296, "Actual Total Time": 48929.305, "Actual Rows": 46, "Actual Loops": 1, "Group By Key": ["c_orders.c_count"], "Plans": [{"Node Type": "Subquery Scan", "Parent Relationship": "Outer", "Alias": "c_orders", "Startup Cost": 0.0, "Total Cost": 1844842.28, "Plan Rows": 1500000, "Plan Width": 8, "Actual Startup Time": 0.125, "Actual Total Time": 48361.113, "Actual Rows": 1500000, "Actual Loops": 1, "Plans": [{"Node Type": "Aggregate", "Strategy": "Sorted", "Parent Relationship": "Subquery", "Startup Cost": 0.0, "Total Cost": 1829842.28, "Plan Rows": 1500000, "Plan Width": 24, "Actual Startup Time": 0.124, "Actual Total Time": 48071.402, "Actual Rows": 1500000, "Actual Loops": 1, "Group By Key": ["customer.c_custkey"], "Plans": [{"Node Type": "Merge Join", "Parent Relationship": "Outer", "Join Type": "Left", "Startup Cost": 0.0, "Total Cost": 1783090.7, "Plan Rows": 6350316, "Plan Width": 16, "Actual Startup Time": 0.064, "Actual Total Time": 44016.822, "Actual Rows": 15338153, "Actual Loops": 1, "Inner Unique": false, "Merge Cond": "(customer.c_custkey = orders.o_custkey)", "Plans": [{"Node Type": "Index Scan", "Parent Relationship": "Outer", "Scan Direction": "Forward", "Index Name": "customer_pkey", "Relation Name": "customer", "Alias": "customer", "Startup Cost": 0.0, "Total Cost": 80765.36, "Plan Rows": 1500000, "Plan Width": 8, "Actual Startup Time": 0.027, "Actual Total Time": 1035.053, "Actual Rows": 1500000, "Actual Loops": 1}, {"Node Type": "Index Scan", "Parent Relationship": "Inner", "Scan Direction": "Forward", "Index Name": "idx_orders_custkey", "Relation Name": "orders", "Alias": "orders", "Startup Cost": 0.0, "Total Cost": 1598013.99, "Plan Rows": 14844648, "Plan Width": 16, "Actual Startup Time": 0.026, "Actual Total Time": 38262.505, "Actual Rows": 14838130, "Actual Loops": 1, "Filter": "((o_comment)::text !~~ '%pending%deposits%'::text), (LLVM Optimized, Jit Execute)", "Rows Removed by Filter": 161870}]}]}]}]}]}, "Triggers": [], "Planner Runtime": 0.71, "Total Runtime": 48938.448, "Unique SQL Id": 3026328400}}, "(1, 85)": {"explain_plan": {"Plan": {"Node Type": "Sort", "Startup Cost": 1852351.93, "Total Cost": 1852352.43, "Plan Rows": 200, "Plan Width": 8, "Sort Key": ["(count(*)) DESC", "c_orders.c_count DESC"], "Plans": [{"Node Type": "Aggregate", "Strategy": "Hashed", "Parent Relationship": "Outer", "Startup Cost": 1852342.28, "Total Cost": 1852344.28, "Plan Rows": 200, "Plan Width": 8, "Group By Key": ["c_orders.c_count"], "Plans": [{"Node Type": "Subquery Scan", "Parent Relationship": "Outer", "Alias": "c_orders", "Startup Cost": 0.0, "Total Cost": 1844842.28, "Plan Rows": 1500000, "Plan Width": 8, "Plans": [{"Node Type": "Aggregate", "Strategy": "Sorted", "Parent Relationship": "Subquery", "Startup Cost": 0.0, "Total Cost": 1829842.28, "Plan Rows": 1500000, "Plan Width": 24, "Group By Key": ["customer.c_custkey"], "Plans": [{"Node Type": "Merge Join", "Parent Relationship": "Outer", "Join Type": "Left", "Startup Cost": 0.0, "Total Cost": 1783090.7, "Plan Rows": 6350316, "Plan Width": 16, "Inner Unique": false, "Merge Cond": "(customer.c_custkey = orders.o_custkey)", "Plans": [{"Node Type": "Index Scan", "Parent Relationship": "Outer", "Scan Direction": "Forward", "Index Name": "customer_pkey", "Relation Name": "customer", "Alias": "customer", "Startup Cost": 0.0, "Total Cost": 80765.36, "Plan Rows": 1500000, "Plan Width": 8}, {"Node Type": "Index Scan", "Parent Relationship": "Inner", "Scan Direction": "Forward", "Index Name": "idx_orders_custkey", "Relation Name": "orders", "Alias": "orders", "Startup Cost": 0.0, "Total Cost": 1598013.99, "Plan Rows": 14844648, "Plan Width": 16, "Filter": "((o_comment)::text !~~ '%pending%deposits%'::text), (LLVM Optimized)"}]}]}]}]}]}, "Unique SQL Id": 3026328400}, "explain_analyze_plan": {"Plan": {"Node Type": "Sort", "Startup Cost": 1852351.93, "Total Cost": 1852352.43, "Plan Rows": 200, "Plan Width": 8, "Actual Startup Time": 48929.354, "Actual Total Time": 48929.357, "Actual Rows": 46, "Actual Loops": 1, "Sort Key": ["(count(*)) DESC", "c_orders.c_count DESC"], "Sort Method": "quicksort", "Sort Space Used": 29, "Sort Space Type": "Memory", "Plans": [{"Node Type": "Aggregate", "Strategy": "Hashed", "Parent Relationship": "Outer", "Startup Cost": 1852342.28, "Total Cost": 1852344.28, "Plan Rows": 200, "Plan Width": 8, "Actual Startup Time": 48929.296, "Actual Total Time": 48929.305, "Actual Rows": 46, "Actual Loops": 1, "Group By Key": ["c_orders.c_count"], "Plans": [{"Node Type": "Subquery Scan", "Parent Relationship": "Outer", "Alias": "c_orders", "Startup Cost": 0.0, "Total Cost": 1844842.28, "Plan Rows": 1500000, "Plan Width": 8, "Actual Startup Time": 0.125, "Actual Total Time": 48361.113, "Actual Rows": 1500000, "Actual Loops": 1, "Plans": [{"Node Type": "Aggregate", "Strategy": "Sorted", "Parent Relationship": "Subquery", "Startup Cost": 0.0, "Total Cost": 1829842.28, "Plan Rows": 1500000, "Plan Width": 24, "Actual Startup Time": 0.124, "Actual Total Time": 48071.402, "Actual Rows": 1500000, "Actual Loops": 1, "Group By Key": ["customer.c_custkey"], "Plans": [{"Node Type": "Merge Join", "Parent Relationship": "Outer", "Join Type": "Left", "Startup Cost": 0.0, "Total Cost": 1783090.7, "Plan Rows": 6350316, "Plan Width": 16, "Actual Startup Time": 0.064, "Actual Total Time": 44016.822, "Actual Rows": 15338153, "Actual Loops": 1, "Inner Unique": false, "Merge Cond": "(customer.c_custkey = orders.o_custkey)", "Plans": [{"Node Type": "Index Scan", "Parent Relationship": "Outer", "Scan Direction": "Forward", "Index Name": "customer_pkey", "Relation Name": "customer", "Alias": "customer", "Startup Cost": 0.0, "Total Cost": 80765.36, "Plan Rows": 1500000, "Plan Width": 8, "Actual Startup Time": 0.027, "Actual Total Time": 1035.053, "Actual Rows": 1500000, "Actual Loops": 1}, {"Node Type": "Index Scan", "Parent Relationship": "Inner", "Scan Direction": "Forward", "Index Name": "idx_orders_custkey", "Relation Name": "orders", "Alias": "orders", "Startup Cost": 0.0, "Total Cost": 1598013.99, "Plan Rows": 14844648, "Plan Width": 16, "Actual Startup Time": 0.026, "Actual Total Time": 38262.505, "Actual Rows": 14838130, "Actual Loops": 1, "Filter": "((o_comment)::text !~~ '%pending%deposits%'::text), (LLVM Optimized, Jit Execute)", "Rows Removed by Filter": 161870}]}]}]}]}]}, "Triggers": [], "Planner Runtime": 0.71, "Total Runtime": 48938.448, "Unique SQL Id": 3026328400}}, "(1, 86)": {"explain_plan": {"Plan": {"Node Type": "Sort", "Startup Cost": 2652650.54, "Total Cost": 2652651.04, "Plan Rows": 200, "Plan Width": 8, "Sort Key": ["(count(*)) DESC", "c_orders.c_count DESC"], "Plans": [{"Node Type": "Aggregate", "Strategy": "Hashed", "Parent Relationship": "Outer", "Startup Cost": 2652640.9, "Total Cost": 2652642.9, "Plan Rows": 200, "Plan Width": 8, "Group By Key": ["c_orders.c_count"], "Plans": [{"Node Type": "Subquery Scan", "Parent Relationship": "Outer", "Alias": "c_orders", "Startup Cost": 2438165.34, "Total Cost": 2645140.9, "Plan Rows": 1500000, "Plan Width": 8, "Plans": [{"Node Type": "Aggregate", "Strategy": "Sorted", "Parent Relationship": "Subquery", "Startup Cost": 2438165.34, "Total Cost": 2630140.9, "Plan Rows": 1500000, "Plan Width": 24, "Group By Key": ["customer.c_custkey"], "Plans": [{"Node Type": "Merge Join", "Parent Relationship": "Outer", "Join Type": "Left", "Startup Cost": 2438165.34, "Total Cost": 2583389.32, "Plan Rows": 6350316, "Plan Width": 16, "Inner Unique": false, "Merge Cond": "(customer.c_custkey = orders.o_custkey)", "Plans": [{"Node Type": "Sort", "Parent Relationship": "Outer", "Startup Cost": 205999.98, "Total Cost": 209749.98, "Plan Rows": 1500000, "Plan Width": 8, "Sort Key": ["customer.c_custkey"], "Plans": [{"Node Type": "Seq Scan", "Parent Relationship": "Outer", "Relation Name": "customer", "Alias": "customer", "Startup Cost": 0.0, "Total Cost": 52126.0, "Plan Rows": 1500000, "Plan Width": 8}]}, {"Node Type": "Sort", "Parent Relationship": "Inner", "Startup Cost": 2232165.36, "Total Cost": 2269276.98, "Plan Rows": 14844648, "Plan Width": 16, "Sort Key": ["orders.o_custkey"], "Plans": [{"Node Type": "Seq Scan", "Parent Relationship": "Outer", "Relation Name": "orders", "Alias": "orders", "Startup Cost": 0.0, "Total Cost": 463912.49, "Plan Rows": 14844648, "Plan Width": 16, "Filter": "((o_comment)::text !~~ '%pending%deposits%'::text), (LLVM Optimized)"}]}]}]}]}]}]}, "Unique SQL Id": 3026328400}, "explain_analyze_plan": {"Plan": {"Node Type": "Sort", "Startup Cost": 2652650.54, "Total Cost": 2652651.04, "Plan Rows": 200, "Plan Width": 8, "Actual Startup Time": 28386.189, "Actual Total Time": 28386.192, "Actual Rows": 46, "Actual Loops": 1, "Sort Key": ["(count(*)) DESC", "c_orders.c_count DESC"], "Sort Method": "quicksort", "Sort Space Used": 29, "Sort Space Type": "Memory", "Plans": [{"Node Type": "Aggregate", "Strategy": "Hashed", "Parent Relationship": "Outer", "Startup Cost": 2652640.9, "Total Cost": 2652642.9, "Plan Rows": 200, "Plan Width": 8, "Actual Startup Time": 28386.135, "Actual Total Time": 28386.145, "Actual Rows": 46, "Actual Loops": 1, "Group By Key": ["c_orders.c_count"], "Plans": [{"Node Type": "Subquery Scan", "Parent Relationship": "Outer", "Alias": "c_orders", "Startup Cost": 2438165.34, "Total Cost": 2645140.9, "Plan Rows": 1500000, "Plan Width": 8, "Actual Startup Time": 15825.996, "Actual Total Time": 27893.621, "Actual Rows": 1500000, "Actual Loops": 1, "Plans": [{"Node Type": "Aggregate", "Strategy": "Sorted", "Parent Relationship": "Subquery", "Startup Cost": 2438165.34, "Total Cost": 2630140.9, "Plan Rows": 1500000, "Plan Width": 24, "Actual Startup Time": 15825.994, "Actual Total Time": 27618.53, "Actual Rows": 1500000, "Actual Loops": 1, "Group By Key": ["customer.c_custkey"], "Plans": [{"Node Type": "Merge Join", "Parent Relationship": "Outer", "Join Type": "Left", "Startup Cost": 2438165.34, "Total Cost": 2583389.32, "Plan Rows": 6350316, "Plan Width": 16, "Actual Startup Time": 15825.958, "Actual Total Time": 24242.037, "Actual Rows": 15338153, "Actual Loops": 1, "Inner Unique": false, "Merge Cond": "(customer.c_custkey = orders.o_custkey)", "Plans": [{"Node Type": "Sort", "Parent Relationship": "Outer", "Startup Cost": 205999.98, "Total Cost": 209749.98, "Plan Rows": 1500000, "Plan Width": 8, "Actual Startup Time": 952.755, "Actual Total Time": 1161.709, "Actual Rows": 1500000, "Actual Loops": 1, "Sort Key": ["customer.c_custkey"], "Sort Method": "quicksort", "Sort Space Used": 142903, "Sort Space Type": "Memory", "Plans": [{"Node Type": "Seq Scan", "Parent Relationship": "Outer", "Relation Name": "customer", "Alias": "customer", "Startup Cost": 0.0, "Total Cost": 52126.0, "Plan Rows": 1500000, "Plan Width": 8, "Actual Startup Time": 0.019, "Actual Total Time": 475.423, "Actual Rows": 1500000, "Actual Loops": 1}]}, {"Node Type": "Sort", "Parent Relationship": "Inner", "Startup Cost": 2232165.36, "Total Cost": 2269276.98, "Plan Rows": 14844648, "Plan Width": 16, "Actual Startup Time": 14873.179, "Actual Total Time": 19215.085, "Actual Rows": 14838130, "Actual Loops": 1, "Sort Key": ["orders.o_custkey"], "Sort Method": "quicksort", "Sort Space Used": 1784291, "Sort Space Type": "Memory", "Plans": [{"Node Type": "Seq Scan", "Parent Relationship": "Outer", "Relation Name": "orders", "Alias": "orders", "Startup Cost": 0.0, "Total Cost": 463912.49, "Plan Rows": 14844648, "Plan Width": 16, "Actual Startup Time": 0.044, "Actual Total Time": 8812.829, "Actual Rows": 14838130, "Actual Loops": 1, "Filter": "((o_comment)::text !~~ '%pending%deposits%'::text), (LLVM Optimized, Jit Execute)", "Rows Removed by Filter": 161870}]}]}]}]}]}]}, "Triggers": [], "Planner Runtime": 0.694, "Total Runtime": 28395.277, "Unique SQL Id": 3026328400}}, "(1, 87)": {"explain_plan": {"Plan": {"Node Type": "Sort", "Startup Cost": 1000014947164.85, "Total Cost": 1000014947165.35, "Plan Rows": 200, "Plan Width": 8, "Sort Key": ["(count(*)) DESC", "c_orders.c_count DESC"], "Plans": [{"Node Type": "Aggregate", "Strategy": "Hashed", "Parent Relationship": "Outer", "Startup Cost": 1000014947155.2, "Total Cost": 1000014947157.2, "Plan Rows": 200, "Plan Width": 8, "Group By Key": ["c_orders.c_count"], "Plans": [{"Node Type": "Subquery Scan", "Parent Relationship": "Outer", "Alias": "c_orders", "Startup Cost": 10000000000.43, "Total Cost": 1000014939655.2, "Plan Rows": 1500000, "Plan Width": 8, "Plans": [{"Node Type": "Aggregate", "Strategy": "Sorted", "Parent Relationship": "Subquery", "Startup Cost": 10000000000.43, "Total Cost": 1000014924655.2, "Plan Rows": 1500000, "Plan Width": 24, "Group By Key": ["customer.c_custkey"], "Plans": [{"Node Type": "Nested Loop", "Parent Relationship": "Outer", "Join Type": "Left", "Startup Cost": 10000000000.43, "Total Cost": 1000014877903.62, "Plan Rows": 6350316, "Plan Width": 16, "Inner Unique": false, "Plans": [{"Node Type": "Index Scan", "Parent Relationship": "Outer", "Scan Direction": "Forward", "Index Name": "customer_pkey", "Relation Name": "customer", "Alias": "customer", "Startup Cost": 10000000000.0, "Total Cost": 1000008076535.62, "Plan Rows": 1500000, "Plan Width": 8}, {"Node Type": "Bitmap Heap Scan", "Parent Relationship": "Inner", "Relation Name": "orders", "Alias": "orders", "Startup Cost": 0.43, "Total Cost": 4.49, "Plan Rows": 4, "Plan Width": 16, "Recheck Cond": "(customer.c_custkey = o_custkey)", "Filter": "((o_comment)::text !~~ '%pending%deposits%'::text)", "Plans": [{"Node Type": "Bitmap Index Scan", "Parent Relationship": "Outer", "Index Name": "idx_orders_custkey", "Startup Cost": 0.0, "Total Cost": 0.43, "Plan Rows": 4, "Plan Width": 0, "Index Cond": "(customer.c_custkey = o_custkey)"}]}]}]}]}]}]}, "Unique SQL Id": 3026328400}, "explain_analyze_plan": null}, "(1, 88)": {"explain_plan": {"Plan": {"Node Type": "Sort", "Startup Cost": 1815222.82, "Total Cost": 1815223.32, "Plan Rows": 200, "Plan Width": 8, "Sort Key": ["(count(*)) DESC", "c_orders.c_count DESC"], "Plans": [{"Node Type": "Aggregate", "Strategy": "Hashed", "Parent Relationship": "Outer", "Startup Cost": 1815213.18, "Total Cost": 1815215.18, "Plan Rows": 200, "Plan Width": 8, "Group By Key": ["c_orders.c_count"], "Plans": [{"Node Type": "Subquery Scan", "Parent Relationship": "Outer", "Alias": "c_orders", "Startup Cost": 0.0, "Total Cost": 1807713.18, "Plan Rows": 1500000, "Plan Width": 8, "Plans": [{"Node Type": "Aggregate", "Strategy": "Sorted", "Parent Relationship": "Subquery", "Startup Cost": 0.0, "Total Cost": 1792713.18, "Plan Rows": 1500000, "Plan Width": 24, "Group By Key": ["customer.c_custkey"], "Plans": [{"Node Type": "Merge Join", "Parent Relationship": "Outer", "Join Type": "Left", "Startup Cost": 0.0, "Total Cost": 1745961.6, "Plan Rows": 6350316, "Plan Width": 16, "Inner Unique": false, "Merge Cond": "(customer.c_custkey = orders.o_custkey)", "Plans": [{"Node Type": "Index Only Scan", "Parent Relationship": "Outer", "Scan Direction": "Forward", "Index Name": "customer_pkey", "Relation Name": "customer", "Alias": "customer", "Startup Cost": 0.0, "Total Cost": 43636.25, "Plan Rows": 1500000, "Plan Width": 8}, {"Node Type": "Index Scan", "Parent Relationship": "Inner", "Scan Direction": "Forward", "Index Name": "idx_orders_custkey", "Relation Name": "orders", "Alias": "orders", "Startup Cost": 0.0, "Total Cost": 1598013.99, "Plan Rows": 14844648, "Plan Width": 16, "Filter": "((o_comment)::text !~~ '%pending%deposits%'::text), (LLVM Optimized)"}]}]}]}]}]}, "Unique SQL Id": 3026328400}, "explain_analyze_plan": {"Plan": {"Node Type": "Sort", "Startup Cost": 1815222.82, "Total Cost": 1815223.32, "Plan Rows": 200, "Plan Width": 8, "Actual Startup Time": 49456.672, "Actual Total Time": 49456.675, "Actual Rows": 46, "Actual Loops": 1, "Sort Key": ["(count(*)) DESC", "c_orders.c_count DESC"], "Sort Method": "quicksort", "Sort Space Used": 29, "Sort Space Type": "Memory", "Plans": [{"Node Type": "Aggregate", "Strategy": "Hashed", "Parent Relationship": "Outer", "Startup Cost": 1815213.18, "Total Cost": 1815215.18, "Plan Rows": 200, "Plan Width": 8, "Actual Startup Time": 49456.615, "Actual Total Time": 49456.628, "Actual Rows": 46, "Actual Loops": 1, "Group By Key": ["c_orders.c_count"], "Plans": [{"Node Type": "Subquery Scan", "Parent Relationship": "Outer", "Alias": "c_orders", "Startup Cost": 0.0, "Total Cost": 1807713.18, "Plan Rows": 1500000, "Plan Width": 8, "Actual Startup Time": 0.146, "Actual Total Time": 48893.237, "Actual Rows": 1500000, "Actual Loops": 1, "Plans": [{"Node Type": "Aggregate", "Strategy": "Sorted", "Parent Relationship": "Subquery", "Startup Cost": 0.0, "Total Cost": 1792713.18, "Plan Rows": 1500000, "Plan Width": 24, "Actual Startup Time": 0.146, "Actual Total Time": 48595.012, "Actual Rows": 1500000, "Actual Loops": 1, "Group By Key": ["customer.c_custkey"], "Plans": [{"Node Type": "Merge Join", "Parent Relationship": "Outer", "Join Type": "Left", "Startup Cost": 0.0, "Total Cost": 1745961.6, "Plan Rows": 6350316, "Plan Width": 16, "Actual Startup Time": 0.073, "Actual Total Time": 44566.394, "Actual Rows": 15338153, "Actual Loops": 1, "Inner Unique": false, "Merge Cond": "(customer.c_custkey = orders.o_custkey)", "Plans": [{"Node Type": "Index Only Scan", "Parent Relationship": "Outer", "Scan Direction": "Forward", "Index Name": "customer_pkey", "Relation Name": "customer", "Alias": "customer", "Startup Cost": 0.0, "Total Cost": 43636.25, "Plan Rows": 1500000, "Plan Width": 8, "Actual Startup Time": 0.029, "Actual Total Time": 420.485, "Actual Rows": 1500000, "Actual Loops": 1, "Heap Fetches": 0}, {"Node Type": "Index Scan", "Parent Relationship": "Inner", "Scan Direction": "Forward", "Index Name": "idx_orders_custkey", "Relation Name": "orders", "Alias": "orders", "Startup Cost": 0.0, "Total Cost": 1598013.99, "Plan Rows": 14844648, "Plan Width": 16, "Actual Startup Time": 0.033, "Actual Total Time": 39523.673, "Actual Rows": 14838130, "Actual Loops": 1, "Filter": "((o_comment)::text !~~ '%pending%deposits%'::text), (LLVM Optimized, Jit Execute)", "Rows Removed by Filter": 161870}]}]}]}]}]}, "Triggers": [], "Planner Runtime": 0.791, "Total Runtime": 49465.812, "Unique SQL Id": 3026328400}}, "(1, 89)": {"explain_plan": {"Plan": {"Node Type": "Sort", "Startup Cost": 1815222.82, "Total Cost": 1815223.32, "Plan Rows": 200, "Plan Width": 8, "Sort Key": ["(count(*)) DESC", "c_orders.c_count DESC"], "Plans": [{"Node Type": "Aggregate", "Strategy": "Hashed", "Parent Relationship": "Outer", "Startup Cost": 1815213.18, "Total Cost": 1815215.18, "Plan Rows": 200, "Plan Width": 8, "Group By Key": ["c_orders.c_count"], "Plans": [{"Node Type": "Subquery Scan", "Parent Relationship": "Outer", "Alias": "c_orders", "Startup Cost": 0.0, "Total Cost": 1807713.18, "Plan Rows": 1500000, "Plan Width": 8, "Plans": [{"Node Type": "Aggregate", "Strategy": "Sorted", "Parent Relationship": "Subquery", "Startup Cost": 0.0, "Total Cost": 1792713.18, "Plan Rows": 1500000, "Plan Width": 24, "Group By Key": ["customer.c_custkey"], "Plans": [{"Node Type": "Merge Join", "Parent Relationship": "Outer", "Join Type": "Left", "Startup Cost": 0.0, "Total Cost": 1745961.6, "Plan Rows": 6350316, "Plan Width": 16, "Inner Unique": false, "Merge Cond": "(customer.c_custkey = orders.o_custkey)", "Plans": [{"Node Type": "Index Only Scan", "Parent Relationship": "Outer", "Scan Direction": "Forward", "Index Name": "customer_pkey", "Relation Name": "customer", "Alias": "customer", "Startup Cost": 0.0, "Total Cost": 43636.25, "Plan Rows": 1500000, "Plan Width": 8}, {"Node Type": "Index Scan", "Parent Relationship": "Inner", "Scan Direction": "Forward", "Index Name": "idx_orders_custkey", "Relation Name": "orders", "Alias": "orders", "Startup Cost": 0.0, "Total Cost": 1598013.99, "Plan Rows": 14844648, "Plan Width": 16, "Filter": "((o_comment)::text !~~ '%pending%deposits%'::text), (LLVM Optimized)"}]}]}]}]}]}, "Unique SQL Id": 3026328400}, "explain_analyze_plan": {"Plan": {"Node Type": "Sort", "Startup Cost": 1815222.82, "Total Cost": 1815223.32, "Plan Rows": 200, "Plan Width": 8, "Actual Startup Time": 49456.672, "Actual Total Time": 49456.675, "Actual Rows": 46, "Actual Loops": 1, "Sort Key": ["(count(*)) DESC", "c_orders.c_count DESC"], "Sort Method": "quicksort", "Sort Space Used": 29, "Sort Space Type": "Memory", "Plans": [{"Node Type": "Aggregate", "Strategy": "Hashed", "Parent Relationship": "Outer", "Startup Cost": 1815213.18, "Total Cost": 1815215.18, "Plan Rows": 200, "Plan Width": 8, "Actual Startup Time": 49456.615, "Actual Total Time": 49456.628, "Actual Rows": 46, "Actual Loops": 1, "Group By Key": ["c_orders.c_count"], "Plans": [{"Node Type": "Subquery Scan", "Parent Relationship": "Outer", "Alias": "c_orders", "Startup Cost": 0.0, "Total Cost": 1807713.18, "Plan Rows": 1500000, "Plan Width": 8, "Actual Startup Time": 0.146, "Actual Total Time": 48893.237, "Actual Rows": 1500000, "Actual Loops": 1, "Plans": [{"Node Type": "Aggregate", "Strategy": "Sorted", "Parent Relationship": "Subquery", "Startup Cost": 0.0, "Total Cost": 1792713.18, "Plan Rows": 1500000, "Plan Width": 24, "Actual Startup Time": 0.146, "Actual Total Time": 48595.012, "Actual Rows": 1500000, "Actual Loops": 1, "Group By Key": ["customer.c_custkey"], "Plans": [{"Node Type": "Merge Join", "Parent Relationship": "Outer", "Join Type": "Left", "Startup Cost": 0.0, "Total Cost": 1745961.6, "Plan Rows": 6350316, "Plan Width": 16, "Actual Startup Time": 0.073, "Actual Total Time": 44566.394, "Actual Rows": 15338153, "Actual Loops": 1, "Inner Unique": false, "Merge Cond": "(customer.c_custkey = orders.o_custkey)", "Plans": [{"Node Type": "Index Only Scan", "Parent Relationship": "Outer", "Scan Direction": "Forward", "Index Name": "customer_pkey", "Relation Name": "customer", "Alias": "customer", "Startup Cost": 0.0, "Total Cost": 43636.25, "Plan Rows": 1500000, "Plan Width": 8, "Actual Startup Time": 0.029, "Actual Total Time": 420.485, "Actual Rows": 1500000, "Actual Loops": 1, "Heap Fetches": 0}, {"Node Type": "Index Scan", "Parent Relationship": "Inner", "Scan Direction": "Forward", "Index Name": "idx_orders_custkey", "Relation Name": "orders", "Alias": "orders", "Startup Cost": 0.0, "Total Cost": 1598013.99, "Plan Rows": 14844648, "Plan Width": 16, "Actual Startup Time": 0.033, "Actual Total Time": 39523.673, "Actual Rows": 14838130, "Actual Loops": 1, "Filter": "((o_comment)::text !~~ '%pending%deposits%'::text), (LLVM Optimized, Jit Execute)", "Rows Removed by Filter": 161870}]}]}]}]}]}, "Triggers": [], "Planner Runtime": 0.791, "Total Runtime": 49465.812, "Unique SQL Id": 3026328400}}, "(1, 90)": {"explain_plan": {"Plan": {"Node Type": "Sort", "Startup Cost": 2652650.54, "Total Cost": 2652651.04, "Plan Rows": 200, "Plan Width": 8, "Sort Key": ["(count(*)) DESC", "c_orders.c_count DESC"], "Plans": [{"Node Type": "Aggregate", "Strategy": "Hashed", "Parent Relationship": "Outer", "Startup Cost": 2652640.9, "Total Cost": 2652642.9, "Plan Rows": 200, "Plan Width": 8, "Group By Key": ["c_orders.c_count"], "Plans": [{"Node Type": "Subquery Scan", "Parent Relationship": "Outer", "Alias": "c_orders", "Startup Cost": 2438165.34, "Total Cost": 2645140.9, "Plan Rows": 1500000, "Plan Width": 8, "Plans": [{"Node Type": "Aggregate", "Strategy": "Sorted", "Parent Relationship": "Subquery", "Startup Cost": 2438165.34, "Total Cost": 2630140.9, "Plan Rows": 1500000, "Plan Width": 24, "Group By Key": ["customer.c_custkey"], "Plans": [{"Node Type": "Merge Join", "Parent Relationship": "Outer", "Join Type": "Left", "Startup Cost": 2438165.34, "Total Cost": 2583389.32, "Plan Rows": 6350316, "Plan Width": 16, "Inner Unique": false, "Merge Cond": "(customer.c_custkey = orders.o_custkey)", "Plans": [{"Node Type": "Sort", "Parent Relationship": "Outer", "Startup Cost": 205999.98, "Total Cost": 209749.98, "Plan Rows": 1500000, "Plan Width": 8, "Sort Key": ["customer.c_custkey"], "Plans": [{"Node Type": "Seq Scan", "Parent Relationship": "Outer", "Relation Name": "customer", "Alias": "customer", "Startup Cost": 0.0, "Total Cost": 52126.0, "Plan Rows": 1500000, "Plan Width": 8}]}, {"Node Type": "Sort", "Parent Relationship": "Inner", "Startup Cost": 2232165.36, "Total Cost": 2269276.98, "Plan Rows": 14844648, "Plan Width": 16, "Sort Key": ["orders.o_custkey"], "Plans": [{"Node Type": "Seq Scan", "Parent Relationship": "Outer", "Relation Name": "orders", "Alias": "orders", "Startup Cost": 0.0, "Total Cost": 463912.49, "Plan Rows": 14844648, "Plan Width": 16, "Filter": "((o_comment)::text !~~ '%pending%deposits%'::text), (LLVM Optimized)"}]}]}]}]}]}]}, "Unique SQL Id": 3026328400}, "explain_analyze_plan": {"Plan": {"Node Type": "Sort", "Startup Cost": 2652650.54, "Total Cost": 2652651.04, "Plan Rows": 200, "Plan Width": 8, "Actual Startup Time": 28386.189, "Actual Total Time": 28386.192, "Actual Rows": 46, "Actual Loops": 1, "Sort Key": ["(count(*)) DESC", "c_orders.c_count DESC"], "Sort Method": "quicksort", "Sort Space Used": 29, "Sort Space Type": "Memory", "Plans": [{"Node Type": "Aggregate", "Strategy": "Hashed", "Parent Relationship": "Outer", "Startup Cost": 2652640.9, "Total Cost": 2652642.9, "Plan Rows": 200, "Plan Width": 8, "Actual Startup Time": 28386.135, "Actual Total Time": 28386.145, "Actual Rows": 46, "Actual Loops": 1, "Group By Key": ["c_orders.c_count"], "Plans": [{"Node Type": "Subquery Scan", "Parent Relationship": "Outer", "Alias": "c_orders", "Startup Cost": 2438165.34, "Total Cost": 2645140.9, "Plan Rows": 1500000, "Plan Width": 8, "Actual Startup Time": 15825.996, "Actual Total Time": 27893.621, "Actual Rows": 1500000, "Actual Loops": 1, "Plans": [{"Node Type": "Aggregate", "Strategy": "Sorted", "Parent Relationship": "Subquery", "Startup Cost": 2438165.34, "Total Cost": 2630140.9, "Plan Rows": 1500000, "Plan Width": 24, "Actual Startup Time": 15825.994, "Actual Total Time": 27618.53, "Actual Rows": 1500000, "Actual Loops": 1, "Group By Key": ["customer.c_custkey"], "Plans": [{"Node Type": "Merge Join", "Parent Relationship": "Outer", "Join Type": "Left", "Startup Cost": 2438165.34, "Total Cost": 2583389.32, "Plan Rows": 6350316, "Plan Width": 16, "Actual Startup Time": 15825.958, "Actual Total Time": 24242.037, "Actual Rows": 15338153, "Actual Loops": 1, "Inner Unique": false, "Merge Cond": "(customer.c_custkey = orders.o_custkey)", "Plans": [{"Node Type": "Sort", "Parent Relationship": "Outer", "Startup Cost": 205999.98, "Total Cost": 209749.98, "Plan Rows": 1500000, "Plan Width": 8, "Actual Startup Time": 952.755, "Actual Total Time": 1161.709, "Actual Rows": 1500000, "Actual Loops": 1, "Sort Key": ["customer.c_custkey"], "Sort Method": "quicksort", "Sort Space Used": 142903, "Sort Space Type": "Memory", "Plans": [{"Node Type": "Seq Scan", "Parent Relationship": "Outer", "Relation Name": "customer", "Alias": "customer", "Startup Cost": 0.0, "Total Cost": 52126.0, "Plan Rows": 1500000, "Plan Width": 8, "Actual Startup Time": 0.019, "Actual Total Time": 475.423, "Actual Rows": 1500000, "Actual Loops": 1}]}, {"Node Type": "Sort", "Parent Relationship": "Inner", "Startup Cost": 2232165.36, "Total Cost": 2269276.98, "Plan Rows": 14844648, "Plan Width": 16, "Actual Startup Time": 14873.179, "Actual Total Time": 19215.085, "Actual Rows": 14838130, "Actual Loops": 1, "Sort Key": ["orders.o_custkey"], "Sort Method": "quicksort", "Sort Space Used": 1784291, "Sort Space Type": "Memory", "Plans": [{"Node Type": "Seq Scan", "Parent Relationship": "Outer", "Relation Name": "orders", "Alias": "orders", "Startup Cost": 0.0, "Total Cost": 463912.49, "Plan Rows": 14844648, "Plan Width": 16, "Actual Startup Time": 0.044, "Actual Total Time": 8812.829, "Actual Rows": 14838130, "Actual Loops": 1, "Filter": "((o_comment)::text !~~ '%pending%deposits%'::text), (LLVM Optimized, Jit Execute)", "Rows Removed by Filter": 161870}]}]}]}]}]}]}, "Triggers": [], "Planner Runtime": 0.694, "Total Runtime": 28395.277, "Unique SQL Id": 3026328400}}, "(1, 91)": {"explain_plan": {"Plan": {"Node Type": "Sort", "Startup Cost": 2000131988437.04, "Total Cost": 2000131988437.54, "Plan Rows": 200, "Plan Width": 8, "Sort Key": ["(count(*)) DESC", "c_orders.c_count DESC"], "Plans": [{"Node Type": "Aggregate", "Strategy": "Hashed", "Parent Relationship": "Outer", "Startup Cost": 2000131988427.4, "Total Cost": 2000131988429.4, "Plan Rows": 200, "Plan Width": 8, "Group By Key": ["c_orders.c_count"], "Plans": [{"Node Type": "Subquery Scan", "Parent Relationship": "Outer", "Alias": "c_orders", "Startup Cost": 20000000000.0, "Total Cost": 2000131980927.4, "Plan Rows": 1500000, "Plan Width": 8, "Plans": [{"Node Type": "Aggregate", "Strategy": "Sorted", "Parent Relationship": "Subquery", "Startup Cost": 20000000000.0, "Total Cost": 2000131965927.4, "Plan Rows": 1500000, "Plan Width": 24, "Group By Key": ["customer.c_custkey"], "Plans": [{"Node Type": "Merge Join", "Parent Relationship": "Outer", "Join Type": "Left", "Startup Cost": 20000000000.0, "Total Cost": 2000131919175.82, "Plan Rows": 6350316, "Plan Width": 16, "Inner Unique": false, "Merge Cond": "(customer.c_custkey = orders.o_custkey)", "Plans": [{"Node Type": "Index Only Scan", "Parent Relationship": "Outer", "Scan Direction": "Forward", "Index Name": "customer_pkey", "Relation Name": "customer", "Alias": "customer", "Startup Cost": 10000000000.0, "Total Cost": 1000004363625.0, "Plan Rows": 1500000, "Plan Width": 8}, {"Node Type": "Index Scan", "Parent Relationship": "Inner", "Scan Direction": "Forward", "Index Name": "idx_orders_custkey", "Relation Name": "orders", "Alias": "orders", "Startup Cost": 10000000000.0, "Total Cost": 1000159801398.83, "Plan Rows": 14844648, "Plan Width": 16, "Filter": "((o_comment)::text !~~ '%pending%deposits%'::text), (LLVM Optimized)"}]}]}]}]}]}, "Unique SQL Id": 3026328400}, "explain_analyze_plan": {"Plan": {"Node Type": "Sort", "Startup Cost": 2000131988437.04, "Total Cost": 2000131988437.54, "Plan Rows": 200, "Plan Width": 8, "Actual Startup Time": 47785.555, "Actual Total Time": 47785.559, "Actual Rows": 46, "Actual Loops": 1, "Sort Key": ["(count(*)) DESC", "c_orders.c_count DESC"], "Sort Method": "quicksort", "Sort Space Used": 29, "Sort Space Type": "Memory", "Plans": [{"Node Type": "Aggregate", "Strategy": "Hashed", "Parent Relationship": "Outer", "Startup Cost": 2000131988427.4, "Total Cost": 2000131988429.4, "Plan Rows": 200, "Plan Width": 8, "Actual Startup Time": 47785.489, "Actual Total Time": 47785.504, "Actual Rows": 46, "Actual Loops": 1, "Group By Key": ["c_orders.c_count"], "Plans": [{"Node Type": "Subquery Scan", "Parent Relationship": "Outer", "Alias": "c_orders", "Startup Cost": 20000000000.0, "Total Cost": 2000131980927.4, "Plan Rows": 1500000, "Plan Width": 8, "Actual Startup Time": 0.141, "Actual Total Time": 47223.613, "Actual Rows": 1500000, "Actual Loops": 1, "Plans": [{"Node Type": "Aggregate", "Strategy": "Sorted", "Parent Relationship": "Subquery", "Startup Cost": 20000000000.0, "Total Cost": 2000131965927.4, "Plan Rows": 1500000, "Plan Width": 24, "Actual Startup Time": 0.139, "Actual Total Time": 46925.32, "Actual Rows": 1500000, "Actual Loops": 1, "Group By Key": ["customer.c_custkey"], "Plans": [{"Node Type": "Merge Join", "Parent Relationship": "Outer", "Join Type": "Left", "Startup Cost": 20000000000.0, "Total Cost": 2000131919175.82, "Plan Rows": 6350316, "Plan Width": 16, "Actual Startup Time": 0.069, "Actual Total Time": 42907.445, "Actual Rows": 15338153, "Actual Loops": 1, "Inner Unique": false, "Merge Cond": "(customer.c_custkey = orders.o_custkey)", "Plans": [{"Node Type": "Index Only Scan", "Parent Relationship": "Outer", "Scan Direction": "Forward", "Index Name": "customer_pkey", "Relation Name": "customer", "Alias": "customer", "Startup Cost": 10000000000.0, "Total Cost": 1000004363625.0, "Plan Rows": 1500000, "Plan Width": 8, "Actual Startup Time": 0.027, "Actual Total Time": 402.119, "Actual Rows": 1500000, "Actual Loops": 1, "Heap Fetches": 0}, {"Node Type": "Index Scan", "Parent Relationship": "Inner", "Scan Direction": "Forward", "Index Name": "idx_orders_custkey", "Relation Name": "orders", "Alias": "orders", "Startup Cost": 10000000000.0, "Total Cost": 1000159801398.83, "Plan Rows": 14844648, "Plan Width": 16, "Actual Startup Time": 0.03, "Actual Total Time": 37892.011, "Actual Rows": 14838130, "Actual Loops": 1, "Filter": "((o_comment)::text !~~ '%pending%deposits%'::text), (LLVM Optimized, Jit Execute)", "Rows Removed by Filter": 161870}]}]}]}]}]}, "Triggers": [], "Planner Runtime": 0.742, "Total Runtime": 47794.697, "Unique SQL Id": 3026328400}}, "(1, 92)": {"explain_plan": {"Plan": {"Node Type": "Sort", "Startup Cost": 1852351.93, "Total Cost": 1852352.43, "Plan Rows": 200, "Plan Width": 8, "Sort Key": ["(count(*)) DESC", "c_orders.c_count DESC"], "Plans": [{"Node Type": "Aggregate", "Strategy": "Hashed", "Parent Relationship": "Outer", "Startup Cost": 1852342.28, "Total Cost": 1852344.28, "Plan Rows": 200, "Plan Width": 8, "Group By Key": ["c_orders.c_count"], "Plans": [{"Node Type": "Subquery Scan", "Parent Relationship": "Outer", "Alias": "c_orders", "Startup Cost": 0.0, "Total Cost": 1844842.28, "Plan Rows": 1500000, "Plan Width": 8, "Plans": [{"Node Type": "Aggregate", "Strategy": "Sorted", "Parent Relationship": "Subquery", "Startup Cost": 0.0, "Total Cost": 1829842.28, "Plan Rows": 1500000, "Plan Width": 24, "Group By Key": ["customer.c_custkey"], "Plans": [{"Node Type": "Merge Join", "Parent Relationship": "Outer", "Join Type": "Left", "Startup Cost": 0.0, "Total Cost": 1783090.7, "Plan Rows": 6350316, "Plan Width": 16, "Inner Unique": false, "Merge Cond": "(customer.c_custkey = orders.o_custkey)", "Plans": [{"Node Type": "Index Scan", "Parent Relationship": "Outer", "Scan Direction": "Forward", "Index Name": "customer_pkey", "Relation Name": "customer", "Alias": "customer", "Startup Cost": 0.0, "Total Cost": 80765.36, "Plan Rows": 1500000, "Plan Width": 8}, {"Node Type": "Index Scan", "Parent Relationship": "Inner", "Scan Direction": "Forward", "Index Name": "idx_orders_custkey", "Relation Name": "orders", "Alias": "orders", "Startup Cost": 0.0, "Total Cost": 1598013.99, "Plan Rows": 14844648, "Plan Width": 16, "Filter": "((o_comment)::text !~~ '%pending%deposits%'::text), (LLVM Optimized)"}]}]}]}]}]}, "Unique SQL Id": 3026328400}, "explain_analyze_plan": {"Plan": {"Node Type": "Sort", "Startup Cost": 1852351.93, "Total Cost": 1852352.43, "Plan Rows": 200, "Plan Width": 8, "Actual Startup Time": 48929.354, "Actual Total Time": 48929.357, "Actual Rows": 46, "Actual Loops": 1, "Sort Key": ["(count(*)) DESC", "c_orders.c_count DESC"], "Sort Method": "quicksort", "Sort Space Used": 29, "Sort Space Type": "Memory", "Plans": [{"Node Type": "Aggregate", "Strategy": "Hashed", "Parent Relationship": "Outer", "Startup Cost": 1852342.28, "Total Cost": 1852344.28, "Plan Rows": 200, "Plan Width": 8, "Actual Startup Time": 48929.296, "Actual Total Time": 48929.305, "Actual Rows": 46, "Actual Loops": 1, "Group By Key": ["c_orders.c_count"], "Plans": [{"Node Type": "Subquery Scan", "Parent Relationship": "Outer", "Alias": "c_orders", "Startup Cost": 0.0, "Total Cost": 1844842.28, "Plan Rows": 1500000, "Plan Width": 8, "Actual Startup Time": 0.125, "Actual Total Time": 48361.113, "Actual Rows": 1500000, "Actual Loops": 1, "Plans": [{"Node Type": "Aggregate", "Strategy": "Sorted", "Parent Relationship": "Subquery", "Startup Cost": 0.0, "Total Cost": 1829842.28, "Plan Rows": 1500000, "Plan Width": 24, "Actual Startup Time": 0.124, "Actual Total Time": 48071.402, "Actual Rows": 1500000, "Actual Loops": 1, "Group By Key": ["customer.c_custkey"], "Plans": [{"Node Type": "Merge Join", "Parent Relationship": "Outer", "Join Type": "Left", "Startup Cost": 0.0, "Total Cost": 1783090.7, "Plan Rows": 6350316, "Plan Width": 16, "Actual Startup Time": 0.064, "Actual Total Time": 44016.822, "Actual Rows": 15338153, "Actual Loops": 1, "Inner Unique": false, "Merge Cond": "(customer.c_custkey = orders.o_custkey)", "Plans": [{"Node Type": "Index Scan", "Parent Relationship": "Outer", "Scan Direction": "Forward", "Index Name": "customer_pkey", "Relation Name": "customer", "Alias": "customer", "Startup Cost": 0.0, "Total Cost": 80765.36, "Plan Rows": 1500000, "Plan Width": 8, "Actual Startup Time": 0.027, "Actual Total Time": 1035.053, "Actual Rows": 1500000, "Actual Loops": 1}, {"Node Type": "Index Scan", "Parent Relationship": "Inner", "Scan Direction": "Forward", "Index Name": "idx_orders_custkey", "Relation Name": "orders", "Alias": "orders", "Startup Cost": 0.0, "Total Cost": 1598013.99, "Plan Rows": 14844648, "Plan Width": 16, "Actual Startup Time": 0.026, "Actual Total Time": 38262.505, "Actual Rows": 14838130, "Actual Loops": 1, "Filter": "((o_comment)::text !~~ '%pending%deposits%'::text), (LLVM Optimized, Jit Execute)", "Rows Removed by Filter": 161870}]}]}]}]}]}, "Triggers": [], "Planner Runtime": 0.71, "Total Runtime": 48938.448, "Unique SQL Id": 3026328400}}, "(1, 93)": {"explain_plan": {"Plan": {"Node Type": "Sort", "Startup Cost": 1852351.93, "Total Cost": 1852352.43, "Plan Rows": 200, "Plan Width": 8, "Sort Key": ["(count(*)) DESC", "c_orders.c_count DESC"], "Plans": [{"Node Type": "Aggregate", "Strategy": "Hashed", "Parent Relationship": "Outer", "Startup Cost": 1852342.28, "Total Cost": 1852344.28, "Plan Rows": 200, "Plan Width": 8, "Group By Key": ["c_orders.c_count"], "Plans": [{"Node Type": "Subquery Scan", "Parent Relationship": "Outer", "Alias": "c_orders", "Startup Cost": 0.0, "Total Cost": 1844842.28, "Plan Rows": 1500000, "Plan Width": 8, "Plans": [{"Node Type": "Aggregate", "Strategy": "Sorted", "Parent Relationship": "Subquery", "Startup Cost": 0.0, "Total Cost": 1829842.28, "Plan Rows": 1500000, "Plan Width": 24, "Group By Key": ["customer.c_custkey"], "Plans": [{"Node Type": "Merge Join", "Parent Relationship": "Outer", "Join Type": "Left", "Startup Cost": 0.0, "Total Cost": 1783090.7, "Plan Rows": 6350316, "Plan Width": 16, "Inner Unique": false, "Merge Cond": "(customer.c_custkey = orders.o_custkey)", "Plans": [{"Node Type": "Index Scan", "Parent Relationship": "Outer", "Scan Direction": "Forward", "Index Name": "customer_pkey", "Relation Name": "customer", "Alias": "customer", "Startup Cost": 0.0, "Total Cost": 80765.36, "Plan Rows": 1500000, "Plan Width": 8}, {"Node Type": "Index Scan", "Parent Relationship": "Inner", "Scan Direction": "Forward", "Index Name": "idx_orders_custkey", "Relation Name": "orders", "Alias": "orders", "Startup Cost": 0.0, "Total Cost": 1598013.99, "Plan Rows": 14844648, "Plan Width": 16, "Filter": "((o_comment)::text !~~ '%pending%deposits%'::text), (LLVM Optimized)"}]}]}]}]}]}, "Unique SQL Id": 3026328400}, "explain_analyze_plan": {"Plan": {"Node Type": "Sort", "Startup Cost": 1852351.93, "Total Cost": 1852352.43, "Plan Rows": 200, "Plan Width": 8, "Actual Startup Time": 48929.354, "Actual Total Time": 48929.357, "Actual Rows": 46, "Actual Loops": 1, "Sort Key": ["(count(*)) DESC", "c_orders.c_count DESC"], "Sort Method": "quicksort", "Sort Space Used": 29, "Sort Space Type": "Memory", "Plans": [{"Node Type": "Aggregate", "Strategy": "Hashed", "Parent Relationship": "Outer", "Startup Cost": 1852342.28, "Total Cost": 1852344.28, "Plan Rows": 200, "Plan Width": 8, "Actual Startup Time": 48929.296, "Actual Total Time": 48929.305, "Actual Rows": 46, "Actual Loops": 1, "Group By Key": ["c_orders.c_count"], "Plans": [{"Node Type": "Subquery Scan", "Parent Relationship": "Outer", "Alias": "c_orders", "Startup Cost": 0.0, "Total Cost": 1844842.28, "Plan Rows": 1500000, "Plan Width": 8, "Actual Startup Time": 0.125, "Actual Total Time": 48361.113, "Actual Rows": 1500000, "Actual Loops": 1, "Plans": [{"Node Type": "Aggregate", "Strategy": "Sorted", "Parent Relationship": "Subquery", "Startup Cost": 0.0, "Total Cost": 1829842.28, "Plan Rows": 1500000, "Plan Width": 24, "Actual Startup Time": 0.124, "Actual Total Time": 48071.402, "Actual Rows": 1500000, "Actual Loops": 1, "Group By Key": ["customer.c_custkey"], "Plans": [{"Node Type": "Merge Join", "Parent Relationship": "Outer", "Join Type": "Left", "Startup Cost": 0.0, "Total Cost": 1783090.7, "Plan Rows": 6350316, "Plan Width": 16, "Actual Startup Time": 0.064, "Actual Total Time": 44016.822, "Actual Rows": 15338153, "Actual Loops": 1, "Inner Unique": false, "Merge Cond": "(customer.c_custkey = orders.o_custkey)", "Plans": [{"Node Type": "Index Scan", "Parent Relationship": "Outer", "Scan Direction": "Forward", "Index Name": "customer_pkey", "Relation Name": "customer", "Alias": "customer", "Startup Cost": 0.0, "Total Cost": 80765.36, "Plan Rows": 1500000, "Plan Width": 8, "Actual Startup Time": 0.027, "Actual Total Time": 1035.053, "Actual Rows": 1500000, "Actual Loops": 1}, {"Node Type": "Index Scan", "Parent Relationship": "Inner", "Scan Direction": "Forward", "Index Name": "idx_orders_custkey", "Relation Name": "orders", "Alias": "orders", "Startup Cost": 0.0, "Total Cost": 1598013.99, "Plan Rows": 14844648, "Plan Width": 16, "Actual Startup Time": 0.026, "Actual Total Time": 38262.505, "Actual Rows": 14838130, "Actual Loops": 1, "Filter": "((o_comment)::text !~~ '%pending%deposits%'::text), (LLVM Optimized, Jit Execute)", "Rows Removed by Filter": 161870}]}]}]}]}]}, "Triggers": [], "Planner Runtime": 0.71, "Total Runtime": 48938.448, "Unique SQL Id": 3026328400}}, "(1, 94)": {"explain_plan": {"Plan": {"Node Type": "Sort", "Startup Cost": 2652650.54, "Total Cost": 2652651.04, "Plan Rows": 200, "Plan Width": 8, "Sort Key": ["(count(*)) DESC", "c_orders.c_count DESC"], "Plans": [{"Node Type": "Aggregate", "Strategy": "Hashed", "Parent Relationship": "Outer", "Startup Cost": 2652640.9, "Total Cost": 2652642.9, "Plan Rows": 200, "Plan Width": 8, "Group By Key": ["c_orders.c_count"], "Plans": [{"Node Type": "Subquery Scan", "Parent Relationship": "Outer", "Alias": "c_orders", "Startup Cost": 2438165.34, "Total Cost": 2645140.9, "Plan Rows": 1500000, "Plan Width": 8, "Plans": [{"Node Type": "Aggregate", "Strategy": "Sorted", "Parent Relationship": "Subquery", "Startup Cost": 2438165.34, "Total Cost": 2630140.9, "Plan Rows": 1500000, "Plan Width": 24, "Group By Key": ["customer.c_custkey"], "Plans": [{"Node Type": "Merge Join", "Parent Relationship": "Outer", "Join Type": "Left", "Startup Cost": 2438165.34, "Total Cost": 2583389.32, "Plan Rows": 6350316, "Plan Width": 16, "Inner Unique": false, "Merge Cond": "(customer.c_custkey = orders.o_custkey)", "Plans": [{"Node Type": "Sort", "Parent Relationship": "Outer", "Startup Cost": 205999.98, "Total Cost": 209749.98, "Plan Rows": 1500000, "Plan Width": 8, "Sort Key": ["customer.c_custkey"], "Plans": [{"Node Type": "Seq Scan", "Parent Relationship": "Outer", "Relation Name": "customer", "Alias": "customer", "Startup Cost": 0.0, "Total Cost": 52126.0, "Plan Rows": 1500000, "Plan Width": 8}]}, {"Node Type": "Sort", "Parent Relationship": "Inner", "Startup Cost": 2232165.36, "Total Cost": 2269276.98, "Plan Rows": 14844648, "Plan Width": 16, "Sort Key": ["orders.o_custkey"], "Plans": [{"Node Type": "Seq Scan", "Parent Relationship": "Outer", "Relation Name": "orders", "Alias": "orders", "Startup Cost": 0.0, "Total Cost": 463912.49, "Plan Rows": 14844648, "Plan Width": 16, "Filter": "((o_comment)::text !~~ '%pending%deposits%'::text), (LLVM Optimized)"}]}]}]}]}]}]}, "Unique SQL Id": 3026328400}, "explain_analyze_plan": {"Plan": {"Node Type": "Sort", "Startup Cost": 2652650.54, "Total Cost": 2652651.04, "Plan Rows": 200, "Plan Width": 8, "Actual Startup Time": 28386.189, "Actual Total Time": 28386.192, "Actual Rows": 46, "Actual Loops": 1, "Sort Key": ["(count(*)) DESC", "c_orders.c_count DESC"], "Sort Method": "quicksort", "Sort Space Used": 29, "Sort Space Type": "Memory", "Plans": [{"Node Type": "Aggregate", "Strategy": "Hashed", "Parent Relationship": "Outer", "Startup Cost": 2652640.9, "Total Cost": 2652642.9, "Plan Rows": 200, "Plan Width": 8, "Actual Startup Time": 28386.135, "Actual Total Time": 28386.145, "Actual Rows": 46, "Actual Loops": 1, "Group By Key": ["c_orders.c_count"], "Plans": [{"Node Type": "Subquery Scan", "Parent Relationship": "Outer", "Alias": "c_orders", "Startup Cost": 2438165.34, "Total Cost": 2645140.9, "Plan Rows": 1500000, "Plan Width": 8, "Actual Startup Time": 15825.996, "Actual Total Time": 27893.621, "Actual Rows": 1500000, "Actual Loops": 1, "Plans": [{"Node Type": "Aggregate", "Strategy": "Sorted", "Parent Relationship": "Subquery", "Startup Cost": 2438165.34, "Total Cost": 2630140.9, "Plan Rows": 1500000, "Plan Width": 24, "Actual Startup Time": 15825.994, "Actual Total Time": 27618.53, "Actual Rows": 1500000, "Actual Loops": 1, "Group By Key": ["customer.c_custkey"], "Plans": [{"Node Type": "Merge Join", "Parent Relationship": "Outer", "Join Type": "Left", "Startup Cost": 2438165.34, "Total Cost": 2583389.32, "Plan Rows": 6350316, "Plan Width": 16, "Actual Startup Time": 15825.958, "Actual Total Time": 24242.037, "Actual Rows": 15338153, "Actual Loops": 1, "Inner Unique": false, "Merge Cond": "(customer.c_custkey = orders.o_custkey)", "Plans": [{"Node Type": "Sort", "Parent Relationship": "Outer", "Startup Cost": 205999.98, "Total Cost": 209749.98, "Plan Rows": 1500000, "Plan Width": 8, "Actual Startup Time": 952.755, "Actual Total Time": 1161.709, "Actual Rows": 1500000, "Actual Loops": 1, "Sort Key": ["customer.c_custkey"], "Sort Method": "quicksort", "Sort Space Used": 142903, "Sort Space Type": "Memory", "Plans": [{"Node Type": "Seq Scan", "Parent Relationship": "Outer", "Relation Name": "customer", "Alias": "customer", "Startup Cost": 0.0, "Total Cost": 52126.0, "Plan Rows": 1500000, "Plan Width": 8, "Actual Startup Time": 0.019, "Actual Total Time": 475.423, "Actual Rows": 1500000, "Actual Loops": 1}]}, {"Node Type": "Sort", "Parent Relationship": "Inner", "Startup Cost": 2232165.36, "Total Cost": 2269276.98, "Plan Rows": 14844648, "Plan Width": 16, "Actual Startup Time": 14873.179, "Actual Total Time": 19215.085, "Actual Rows": 14838130, "Actual Loops": 1, "Sort Key": ["orders.o_custkey"], "Sort Method": "quicksort", "Sort Space Used": 1784291, "Sort Space Type": "Memory", "Plans": [{"Node Type": "Seq Scan", "Parent Relationship": "Outer", "Relation Name": "orders", "Alias": "orders", "Startup Cost": 0.0, "Total Cost": 463912.49, "Plan Rows": 14844648, "Plan Width": 16, "Actual Startup Time": 0.044, "Actual Total Time": 8812.829, "Actual Rows": 14838130, "Actual Loops": 1, "Filter": "((o_comment)::text !~~ '%pending%deposits%'::text), (LLVM Optimized, Jit Execute)", "Rows Removed by Filter": 161870}]}]}]}]}]}]}, "Triggers": [], "Planner Runtime": 0.694, "Total Runtime": 28395.277, "Unique SQL Id": 3026328400}}, "(1, 95)": {"explain_plan": {"Plan": {"Node Type": "Sort", "Startup Cost": 2000135701347.66, "Total Cost": 2000135701348.16, "Plan Rows": 200, "Plan Width": 8, "Sort Key": ["(count(*)) DESC", "c_orders.c_count DESC"], "Plans": [{"Node Type": "Aggregate", "Strategy": "Hashed", "Parent Relationship": "Outer", "Startup Cost": 2000135701338.02, "Total Cost": 2000135701340.02, "Plan Rows": 200, "Plan Width": 8, "Group By Key": ["c_orders.c_count"], "Plans": [{"Node Type": "Subquery Scan", "Parent Relationship": "Outer", "Alias": "c_orders", "Startup Cost": 20000000000.0, "Total Cost": 2000135693838.02, "Plan Rows": 1500000, "Plan Width": 8, "Plans": [{"Node Type": "Aggregate", "Strategy": "Sorted", "Parent Relationship": "Subquery", "Startup Cost": 20000000000.0, "Total Cost": 2000135678838.02, "Plan Rows": 1500000, "Plan Width": 24, "Group By Key": ["customer.c_custkey"], "Plans": [{"Node Type": "Merge Join", "Parent Relationship": "Outer", "Join Type": "Left", "Startup Cost": 20000000000.0, "Total Cost": 2000135632086.44, "Plan Rows": 6350316, "Plan Width": 16, "Inner Unique": false, "Merge Cond": "(customer.c_custkey = orders.o_custkey)", "Plans": [{"Node Type": "Index Scan", "Parent Relationship": "Outer", "Scan Direction": "Forward", "Index Name": "customer_pkey", "Relation Name": "customer", "Alias": "customer", "Startup Cost": 10000000000.0, "Total Cost": 1000008076535.62, "Plan Rows": 1500000, "Plan Width": 8}, {"Node Type": "Index Scan", "Parent Relationship": "Inner", "Scan Direction": "Forward", "Index Name": "idx_orders_custkey", "Relation Name": "orders", "Alias": "orders", "Startup Cost": 10000000000.0, "Total Cost": 1000159801398.83, "Plan Rows": 14844648, "Plan Width": 16, "Filter": "((o_comment)::text !~~ '%pending%deposits%'::text), (LLVM Optimized)"}]}]}]}]}]}, "Unique SQL Id": 3026328400}, "explain_analyze_plan": {"Plan": {"Node Type": "Sort", "Startup Cost": 2000135701347.66, "Total Cost": 2000135701348.16, "Plan Rows": 200, "Plan Width": 8, "Actual Startup Time": 48389.313, "Actual Total Time": 48389.318, "Actual Rows": 46, "Actual Loops": 1, "Sort Key": ["(count(*)) DESC", "c_orders.c_count DESC"], "Sort Method": "quicksort", "Sort Space Used": 29, "Sort Space Type": "Memory", "Plans": [{"Node Type": "Aggregate", "Strategy": "Hashed", "Parent Relationship": "Outer", "Startup Cost": 2000135701338.02, "Total Cost": 2000135701340.02, "Plan Rows": 200, "Plan Width": 8, "Actual Startup Time": 48389.245, "Actual Total Time": 48389.261, "Actual Rows": 46, "Actual Loops": 1, "Group By Key": ["c_orders.c_count"], "Plans": [{"Node Type": "Subquery Scan", "Parent Relationship": "Outer", "Alias": "c_orders", "Startup Cost": 20000000000.0, "Total Cost": 2000135693838.02, "Plan Rows": 1500000, "Plan Width": 8, "Actual Startup Time": 0.133, "Actual Total Time": 47819.104, "Actual Rows": 1500000, "Actual Loops": 1, "Plans": [{"Node Type": "Aggregate", "Strategy": "Sorted", "Parent Relationship": "Subquery", "Startup Cost": 20000000000.0, "Total Cost": 2000135678838.02, "Plan Rows": 1500000, "Plan Width": 24, "Actual Startup Time": 0.132, "Actual Total Time": 47518.497, "Actual Rows": 1500000, "Actual Loops": 1, "Group By Key": ["customer.c_custkey"], "Plans": [{"Node Type": "Merge Join", "Parent Relationship": "Outer", "Join Type": "Left", "Startup Cost": 20000000000.0, "Total Cost": 2000135632086.44, "Plan Rows": 6350316, "Plan Width": 16, "Actual Startup Time": 0.066, "Actual Total Time": 43488.069, "Actual Rows": 15338153, "Actual Loops": 1, "Inner Unique": false, "Merge Cond": "(customer.c_custkey = orders.o_custkey)", "Plans": [{"Node Type": "Index Scan", "Parent Relationship": "Outer", "Scan Direction": "Forward", "Index Name": "customer_pkey", "Relation Name": "customer", "Alias": "customer", "Startup Cost": 10000000000.0, "Total Cost": 1000008076535.62, "Plan Rows": 1500000, "Plan Width": 8, "Actual Startup Time": 0.028, "Actual Total Time": 1025.582, "Actual Rows": 1500000, "Actual Loops": 1}, {"Node Type": "Index Scan", "Parent Relationship": "Inner", "Scan Direction": "Forward", "Index Name": "idx_orders_custkey", "Relation Name": "orders", "Alias": "orders", "Startup Cost": 10000000000.0, "Total Cost": 1000159801398.83, "Plan Rows": 14844648, "Plan Width": 16, "Actual Startup Time": 0.027, "Actual Total Time": 37756.619, "Actual Rows": 14838130, "Actual Loops": 1, "Filter": "((o_comment)::text !~~ '%pending%deposits%'::text), (LLVM Optimized, Jit Execute)", "Rows Removed by Filter": 161870}]}]}]}]}]}, "Triggers": [], "Planner Runtime": 0.695, "Total Runtime": 48398.398, "Unique SQL Id": 3026328400}}, "(1, 96)": {"explain_plan": {"Plan": {"Node Type": "Sort", "Startup Cost": 714730.55, "Total Cost": 714731.05, "Plan Rows": 200, "Plan Width": 8, "Sort Key": ["(count(*)) DESC", "c_orders.c_count DESC"], "Plans": [{"Node Type": "Aggregate", "Strategy": "Hashed", "Parent Relationship": "Outer", "Startup Cost": 714720.91, "Total Cost": 714722.91, "Plan Rows": 200, "Plan Width": 8, "Group By Key": ["c_orders.c_count"], "Plans": [{"Node Type": "Subquery Scan", "Parent Relationship": "Outer", "Alias": "c_orders", "Startup Cost": 677220.91, "Total Cost": 707220.91, "Plan Rows": 1500000, "Plan Width": 8, "Plans": [{"Node Type": "Aggregate", "Strategy": "Hashed", "Parent Relationship": "Subquery", "Startup Cost": 677220.91, "Total Cost": 692220.91, "Plan Rows": 1500000, "Plan Width": 16, "Group By Key": ["customer.c_custkey"], "Plans": [{"Node Type": "Hash Join", "Parent Relationship": "Outer", "Join Type": "Right", "Startup Cost": 62386.25, "Total Cost": 645469.33, "Plan Rows": 6350316, "Plan Width": 16, "Inner Unique": true, "Hash Cond": "(orders.o_custkey = customer.c_custkey), (LLVM Optimized)", "Plans": [{"Node Type": "Seq Scan", "Parent Relationship": "Outer", "Relation Name": "orders", "Alias": "orders", "Startup Cost": 0.0, "Total Cost": 463912.49, "Plan Rows": 14844648, "Plan Width": 16, "Filter": "((o_comment)::text !~~ '%pending%deposits%'::text), (LLVM Optimized)"}, {"Node Type": "Hash", "Parent Relationship": "Inner", "Startup Cost": 43636.25, "Total Cost": 43636.25, "Plan Rows": 1500000, "Plan Width": 8, "Plans": [{"Node Type": "Index Only Scan", "Parent Relationship": "Outer", "Scan Direction": "Forward", "Index Name": "customer_pkey", "Relation Name": "customer", "Alias": "customer", "Startup Cost": 0.0, "Total Cost": 43636.25, "Plan Rows": 1500000, "Plan Width": 8}]}]}]}]}]}]}, "Unique SQL Id": 3026328400}, "explain_analyze_plan": {"Plan": {"Node Type": "Sort", "Startup Cost": 714730.55, "Total Cost": 714731.05, "Plan Rows": 200, "Plan Width": 8, "Actual Startup Time": 33710.374, "Actual Total Time": 33710.377, "Actual Rows": 46, "Actual Loops": 1, "Sort Key": ["(count(*)) DESC", "c_orders.c_count DESC"], "Sort Method": "quicksort", "Sort Space Used": 29, "Sort Space Type": "Memory", "Plans": [{"Node Type": "Aggregate", "Strategy": "Hashed", "Parent Relationship": "Outer", "Startup Cost": 714720.91, "Total Cost": 714722.91, "Plan Rows": 200, "Plan Width": 8, "Actual Startup Time": 33710.313, "Actual Total Time": 33710.324, "Actual Rows": 46, "Actual Loops": 1, "Group By Key": ["c_orders.c_count"], "Plans": [{"Node Type": "Subquery Scan", "Parent Relationship": "Outer", "Alias": "c_orders", "Startup Cost": 677220.91, "Total Cost": 707220.91, "Plan Rows": 1500000, "Plan Width": 8, "Actual Startup Time": 32424.744, "Actual Total Time": 33291.179, "Actual Rows": 1500000, "Actual Loops": 1, "Plans": [{"Node Type": "Aggregate", "Strategy": "Hashed", "Parent Relationship": "Subquery", "Startup Cost": 677220.91, "Total Cost": 692220.91, "Plan Rows": 1500000, "Plan Width": 16, "Actual Startup Time": 32424.74, "Actual Total Time": 33024.659, "Actual Rows": 1500000, "Actual Loops": 1, "Group By Key": ["customer.c_custkey"], "Plans": [{"Node Type": "Hash Join", "Parent Relationship": "Outer", "Join Type": "Right", "Startup Cost": 62386.25, "Total Cost": 645469.33, "Plan Rows": 6350316, "Plan Width": 16, "Actual Startup Time": 792.611, "Actual Total Time": 20268.505, "Actual Rows": 15338153, "Actual Loops": 1, "Inner Unique": true, "Hash Cond": "(orders.o_custkey = customer.c_custkey), (LLVM Optimized, Jit Execute)", "Plans": [{"Node Type": "Seq Scan", "Parent Relationship": "Outer", "Relation Name": "orders", "Alias": "orders", "Startup Cost": 0.0, "Total Cost": 463912.49, "Plan Rows": 14844648, "Plan Width": 16, "Actual Startup Time": 0.037, "Actual Total Time": 8396.151, "Actual Rows": 14838130, "Actual Loops": 1, "Filter": "((o_comment)::text !~~ '%pending%deposits%'::text), (LLVM Optimized, Jit Execute)", "Rows Removed by Filter": 161870}, {"Node Type": "Hash", "Parent Relationship": "Inner", "Startup Cost": 43636.25, "Total Cost": 43636.25, "Plan Rows": 1500000, "Plan Width": 8, "Actual Startup Time": 791.151, "Actual Total Time": 791.151, "Actual Rows": 1500000, "Actual Loops": 1, "Hash Buckets": 2097152, "Hash Batches": 1, "Original Hash Batches": 1, "Peak Memory Usage": 58594, "Plans": [{"Node Type": "Index Only Scan", "Parent Relationship": "Outer", "Scan Direction": "Forward", "Index Name": "customer_pkey", "Relation Name": "customer", "Alias": "customer", "Startup Cost": 0.0, "Total Cost": 43636.25, "Plan Rows": 1500000, "Plan Width": 8, "Actual Startup Time": 0.038, "Actual Total Time": 361.175, "Actual Rows": 1500000, "Actual Loops": 1, "Heap Fetches": 0}]}]}]}]}]}]}, "Triggers": [], "Planner Runtime": 0.742, "Total Runtime": 33719.708, "Unique SQL Id": 3026328400}}, "(1, 97)": {"explain_plan": {"Plan": {"Node Type": "Sort", "Startup Cost": 1848832.05, "Total Cost": 1848832.55, "Plan Rows": 200, "Plan Width": 8, "Sort Key": ["(count(*)) DESC", "c_orders.c_count DESC"], "Plans": [{"Node Type": "Aggregate", "Strategy": "Hashed", "Parent Relationship": "Outer", "Startup Cost": 1848822.41, "Total Cost": 1848824.41, "Plan Rows": 200, "Plan Width": 8, "Group By Key": ["c_orders.c_count"], "Plans": [{"Node Type": "Subquery Scan", "Parent Relationship": "Outer", "Alias": "c_orders", "Startup Cost": 1811322.41, "Total Cost": 1841322.41, "Plan Rows": 1500000, "Plan Width": 8, "Plans": [{"Node Type": "Aggregate", "Strategy": "Hashed", "Parent Relationship": "Subquery", "Startup Cost": 1811322.41, "Total Cost": 1826322.41, "Plan Rows": 1500000, "Plan Width": 16, "Group By Key": ["customer.c_custkey"], "Plans": [{"Node Type": "Hash Join", "Parent Relationship": "Outer", "Join Type": "Right", "Startup Cost": 62386.25, "Total Cost": 1779570.83, "Plan Rows": 6350316, "Plan Width": 16, "Inner Unique": true, "Hash Cond": "(orders.o_custkey = customer.c_custkey), (LLVM Optimized)", "Plans": [{"Node Type": "Index Scan", "Parent Relationship": "Outer", "Scan Direction": "Forward", "Index Name": "idx_orders_custkey", "Relation Name": "orders", "Alias": "orders", "Startup Cost": 0.0, "Total Cost": 1598013.99, "Plan Rows": 14844648, "Plan Width": 16, "Filter": "((o_comment)::text !~~ '%pending%deposits%'::text), (LLVM Optimized)"}, {"Node Type": "Hash", "Parent Relationship": "Inner", "Startup Cost": 43636.25, "Total Cost": 43636.25, "Plan Rows": 1500000, "Plan Width": 8, "Plans": [{"Node Type": "Index Only Scan", "Parent Relationship": "Outer", "Scan Direction": "Forward", "Index Name": "customer_pkey", "Relation Name": "customer", "Alias": "customer", "Startup Cost": 0.0, "Total Cost": 43636.25, "Plan Rows": 1500000, "Plan Width": 8}]}]}]}]}]}]}, "Unique SQL Id": 3026328400}, "explain_analyze_plan": {"Plan": {"Node Type": "Sort", "Startup Cost": 1848832.05, "Total Cost": 1848832.55, "Plan Rows": 200, "Plan Width": 8, "Actual Startup Time": 53807.412, "Actual Total Time": 53807.414, "Actual Rows": 46, "Actual Loops": 1, "Sort Key": ["(count(*)) DESC", "c_orders.c_count DESC"], "Sort Method": "quicksort", "Sort Space Used": 29, "Sort Space Type": "Memory", "Plans": [{"Node Type": "Aggregate", "Strategy": "Hashed", "Parent Relationship": "Outer", "Startup Cost": 1848822.41, "Total Cost": 1848824.41, "Plan Rows": 200, "Plan Width": 8, "Actual Startup Time": 53807.352, "Actual Total Time": 53807.369, "Actual Rows": 46, "Actual Loops": 1, "Group By Key": ["c_orders.c_count"], "Plans": [{"Node Type": "Subquery Scan", "Parent Relationship": "Outer", "Alias": "c_orders", "Startup Cost": 1811322.41, "Total Cost": 1841322.41, "Plan Rows": 1500000, "Plan Width": 8, "Actual Startup Time": 52520.621, "Actual Total Time": 53386.096, "Actual Rows": 1500000, "Actual Loops": 1, "Plans": [{"Node Type": "Aggregate", "Strategy": "Hashed", "Parent Relationship": "Subquery", "Startup Cost": 1811322.41, "Total Cost": 1826322.41, "Plan Rows": 1500000, "Plan Width": 16, "Actual Startup Time": 52520.617, "Actual Total Time": 53119.686, "Actual Rows": 1500000, "Actual Loops": 1, "Group By Key": ["customer.c_custkey"], "Plans": [{"Node Type": "Hash Join", "Parent Relationship": "Outer", "Join Type": "Right", "Startup Cost": 62386.25, "Total Cost": 1779570.83, "Plan Rows": 6350316, "Plan Width": 16, "Actual Startup Time": 919.387, "Actual Total Time": 46457.036, "Actual Rows": 15338153, "Actual Loops": 1, "Inner Unique": true, "Hash Cond": "(orders.o_custkey = customer.c_custkey), (LLVM Optimized, Jit Execute)", "Plans": [{"Node Type": "Index Scan", "Parent Relationship": "Outer", "Scan Direction": "Forward", "Index Name": "idx_orders_custkey", "Relation Name": "orders", "Alias": "orders", "Startup Cost": 0.0, "Total Cost": 1598013.99, "Plan Rows": 14844648, "Plan Width": 16, "Actual Startup Time": 0.069, "Actual Total Time": 38527.297, "Actual Rows": 14838130, "Actual Loops": 1, "Filter": "((o_comment)::text !~~ '%pending%deposits%'::text), (LLVM Optimized, Jit Execute)", "Rows Removed by Filter": 161870}, {"Node Type": "Hash", "Parent Relationship": "Inner", "Startup Cost": 43636.25, "Total Cost": 43636.25, "Plan Rows": 1500000, "Plan Width": 8, "Actual Startup Time": 916.795, "Actual Total Time": 916.795, "Actual Rows": 1500000, "Actual Loops": 1, "Hash Buckets": 2097152, "Hash Batches": 1, "Original Hash Batches": 1, "Peak Memory Usage": 58594, "Plans": [{"Node Type": "Index Only Scan", "Parent Relationship": "Outer", "Scan Direction": "Forward", "Index Name": "customer_pkey", "Relation Name": "customer", "Alias": "customer", "Startup Cost": 0.0, "Total Cost": 43636.25, "Plan Rows": 1500000, "Plan Width": 8, "Actual Startup Time": 0.032, "Actual Total Time": 410.439, "Actual Rows": 1500000, "Actual Loops": 1, "Heap Fetches": 0}]}]}]}]}]}]}, "Triggers": [], "Planner Runtime": 0.526, "Total Runtime": 53816.828, "Unique SQL Id": 3026328400}}, "(1, 98)": {"explain_plan": {"Plan": {"Node Type": "Sort", "Startup Cost": 723220.3, "Total Cost": 723220.8, "Plan Rows": 200, "Plan Width": 8, "Sort Key": ["(count(*)) DESC", "c_orders.c_count DESC"], "Plans": [{"Node Type": "Aggregate", "Strategy": "Hashed", "Parent Relationship": "Outer", "Startup Cost": 723210.66, "Total Cost": 723212.66, "Plan Rows": 200, "Plan Width": 8, "Group By Key": ["c_orders.c_count"], "Plans": [{"Node Type": "Subquery Scan", "Parent Relationship": "Outer", "Alias": "c_orders", "Startup Cost": 685710.66, "Total Cost": 715710.66, "Plan Rows": 1500000, "Plan Width": 8, "Plans": [{"Node Type": "Aggregate", "Strategy": "Hashed", "Parent Relationship": "Subquery", "Startup Cost": 685710.66, "Total Cost": 700710.66, "Plan Rows": 1500000, "Plan Width": 16, "Group By Key": ["customer.c_custkey"], "Plans": [{"Node Type": "Hash Join", "Parent Relationship": "Outer", "Join Type": "Right", "Startup Cost": 70876.0, "Total Cost": 653959.08, "Plan Rows": 6350316, "Plan Width": 16, "Inner Unique": true, "Hash Cond": "(orders.o_custkey = customer.c_custkey), (LLVM Optimized)", "Plans": [{"Node Type": "Seq Scan", "Parent Relationship": "Outer", "Relation Name": "orders", "Alias": "orders", "Startup Cost": 0.0, "Total Cost": 463912.49, "Plan Rows": 14844648, "Plan Width": 16, "Filter": "((o_comment)::text !~~ '%pending%deposits%'::text), (LLVM Optimized)"}, {"Node Type": "Hash", "Parent Relationship": "Inner", "Startup Cost": 52126.0, "Total Cost": 52126.0, "Plan Rows": 1500000, "Plan Width": 8, "Plans": [{"Node Type": "Seq Scan", "Parent Relationship": "Outer", "Relation Name": "customer", "Alias": "customer", "Startup Cost": 0.0, "Total Cost": 52126.0, "Plan Rows": 1500000, "Plan Width": 8}]}]}]}]}]}]}, "Unique SQL Id": 3026328400}, "explain_analyze_plan": {"Plan": {"Node Type": "Sort", "Startup Cost": 723220.3, "Total Cost": 723220.8, "Plan Rows": 200, "Plan Width": 8, "Actual Startup Time": 34579.334, "Actual Total Time": 34579.339, "Actual Rows": 46, "Actual Loops": 1, "Sort Key": ["(count(*)) DESC", "c_orders.c_count DESC"], "Sort Method": "quicksort", "Sort Space Used": 29, "Sort Space Type": "Memory", "Plans": [{"Node Type": "Aggregate", "Strategy": "Hashed", "Parent Relationship": "Outer", "Startup Cost": 723210.66, "Total Cost": 723212.66, "Plan Rows": 200, "Plan Width": 8, "Actual Startup Time": 34579.273, "Actual Total Time": 34579.286, "Actual Rows": 46, "Actual Loops": 1, "Group By Key": ["c_orders.c_count"], "Plans": [{"Node Type": "Subquery Scan", "Parent Relationship": "Outer", "Alias": "c_orders", "Startup Cost": 685710.66, "Total Cost": 715710.66, "Plan Rows": 1500000, "Plan Width": 8, "Actual Startup Time": 33057.958, "Actual Total Time": 34158.631, "Actual Rows": 1500000, "Actual Loops": 1, "Plans": [{"Node Type": "Aggregate", "Strategy": "Hashed", "Parent Relationship": "Subquery", "Startup Cost": 685710.66, "Total Cost": 700710.66, "Plan Rows": 1500000, "Plan Width": 16, "Actual Startup Time": 33057.953, "Actual Total Time": 33892.711, "Actual Rows": 1500000, "Actual Loops": 1, "Group By Key": ["customer.c_custkey"], "Plans": [{"Node Type": "Hash Join", "Parent Relationship": "Outer", "Join Type": "Right", "Startup Cost": 70876.0, "Total Cost": 653959.08, "Plan Rows": 6350316, "Plan Width": 16, "Actual Startup Time": 1153.954, "Actual Total Time": 20827.91, "Actual Rows": 15338153, "Actual Loops": 1, "Inner Unique": true, "Hash Cond": "(orders.o_custkey = customer.c_custkey), (LLVM Optimized, Jit Execute)", "Plans": [{"Node Type": "Seq Scan", "Parent Relationship": "Outer", "Relation Name": "orders", "Alias": "orders", "Startup Cost": 0.0, "Total Cost": 463912.49, "Plan Rows": 14844648, "Plan Width": 16, "Actual Startup Time": 0.033, "Actual Total Time": 8437.356, "Actual Rows": 14838130, "Actual Loops": 1, "Filter": "((o_comment)::text !~~ '%pending%deposits%'::text), (LLVM Optimized, Jit Execute)", "Rows Removed by Filter": 161870}, {"Node Type": "Hash", "Parent Relationship": "Inner", "Startup Cost": 52126.0, "Total Cost": 52126.0, "Plan Rows": 1500000, "Plan Width": 8, "Actual Startup Time": 1152.647, "Actual Total Time": 1152.647, "Actual Rows": 1500000, "Actual Loops": 1, "Hash Buckets": 2097152, "Hash Batches": 1, "Original Hash Batches": 1, "Peak Memory Usage": 58594, "Plans": [{"Node Type": "Seq Scan", "Parent Relationship": "Outer", "Relation Name": "customer", "Alias": "customer", "Startup Cost": 0.0, "Total Cost": 52126.0, "Plan Rows": 1500000, "Plan Width": 8, "Actual Startup Time": 0.036, "Actual Total Time": 533.795, "Actual Rows": 1500000, "Actual Loops": 1}]}]}]}]}]}]}, "Triggers": [], "Planner Runtime": 0.918, "Total Runtime": 34589.144, "Unique SQL Id": 3026328400}}, "(1, 99)": {"explain_plan": {"Plan": {"Node Type": "Sort", "Startup Cost": 1000011234254.22, "Total Cost": 1000011234254.72, "Plan Rows": 200, "Plan Width": 8, "Sort Key": ["(count(*)) DESC", "c_orders.c_count DESC"], "Plans": [{"Node Type": "Aggregate", "Strategy": "Hashed", "Parent Relationship": "Outer", "Startup Cost": 1000011234244.58, "Total Cost": 1000011234246.58, "Plan Rows": 200, "Plan Width": 8, "Group By Key": ["c_orders.c_count"], "Plans": [{"Node Type": "Subquery Scan", "Parent Relationship": "Outer", "Alias": "c_orders", "Startup Cost": 10000000000.43, "Total Cost": 1000011226744.58, "Plan Rows": 1500000, "Plan Width": 8, "Plans": [{"Node Type": "Aggregate", "Strategy": "Sorted", "Parent Relationship": "Subquery", "Startup Cost": 10000000000.43, "Total Cost": 1000011211744.58, "Plan Rows": 1500000, "Plan Width": 24, "Group By Key": ["customer.c_custkey"], "Plans": [{"Node Type": "Nested Loop", "Parent Relationship": "Outer", "Join Type": "Left", "Startup Cost": 10000000000.43, "Total Cost": 1000011164993.0, "Plan Rows": 6350316, "Plan Width": 16, "Inner Unique": false, "Plans": [{"Node Type": "Index Only Scan", "Parent Relationship": "Outer", "Scan Direction": "Forward", "Index Name": "customer_pkey", "Relation Name": "customer", "Alias": "customer", "Startup Cost": 10000000000.0, "Total Cost": 1000004363625.0, "Plan Rows": 1500000, "Plan Width": 8}, {"Node Type": "Bitmap Heap Scan", "Parent Relationship": "Inner", "Relation Name": "orders", "Alias": "orders", "Startup Cost": 0.43, "Total Cost": 4.49, "Plan Rows": 4, "Plan Width": 16, "Recheck Cond": "(customer.c_custkey = o_custkey)", "Filter": "((o_comment)::text !~~ '%pending%deposits%'::text)", "Plans": [{"Node Type": "Bitmap Index Scan", "Parent Relationship": "Outer", "Index Name": "idx_orders_custkey", "Startup Cost": 0.0, "Total Cost": 0.43, "Plan Rows": 4, "Plan Width": 0, "Index Cond": "(customer.c_custkey = o_custkey)"}]}]}]}]}]}]}, "Unique SQL Id": 3026328400}, "explain_analyze_plan": {"Plan": {"Node Type": "Sort", "Startup Cost": 1000011234254.22, "Total Cost": 1000011234254.72, "Plan Rows": 200, "Plan Width": 8, "Actual Startup Time": 62555.418, "Actual Total Time": 62555.422, "Actual Rows": 46, "Actual Loops": 1, "Sort Key": ["(count(*)) DESC", "c_orders.c_count DESC"], "Sort Method": "quicksort", "Sort Space Used": 29, "Sort Space Type": "Memory", "Plans": [{"Node Type": "Aggregate", "Strategy": "Hashed", "Parent Relationship": "Outer", "Startup Cost": 1000011234244.58, "Total Cost": 1000011234246.58, "Plan Rows": 200, "Plan Width": 8, "Actual Startup Time": 62555.363, "Actual Total Time": 62555.373, "Actual Rows": 46, "Actual Loops": 1, "Group By Key": ["c_orders.c_count"], "Plans": [{"Node Type": "Subquery Scan", "Parent Relationship": "Outer", "Alias": "c_orders", "Startup Cost": 10000000000.43, "Total Cost": 1000011226744.58, "Plan Rows": 1500000, "Plan Width": 8, "Actual Startup Time": 0.177, "Actual Total Time": 61782.572, "Actual Rows": 1500000, "Actual Loops": 1, "Plans": [{"Node Type": "Aggregate", "Strategy": "Sorted", "Parent Relationship": "Subquery", "Startup Cost": 10000000000.43, "Total Cost": 1000011211744.58, "Plan Rows": 1500000, "Plan Width": 24, "Actual Startup Time": 0.176, "Actual Total Time": 61436.876, "Actual Rows": 1500000, "Actual Loops": 1, "Group By Key": ["customer.c_custkey"], "Plans": [{"Node Type": "Nested Loop", "Parent Relationship": "Outer", "Join Type": "Left", "Startup Cost": 10000000000.43, "Total Cost": 1000011164993.0, "Plan Rows": 6350316, "Plan Width": 16, "Actual Startup Time": 0.072, "Actual Total Time": 56992.363, "Actual Rows": 15338153, "Actual Loops": 1, "Inner Unique": false, "Plans": [{"Node Type": "Index Only Scan", "Parent Relationship": "Outer", "Scan Direction": "Forward", "Index Name": "customer_pkey", "Relation Name": "customer", "Alias": "customer", "Startup Cost": 10000000000.0, "Total Cost": 1000004363625.0, "Plan Rows": 1500000, "Plan Width": 8, "Actual Startup Time": 0.027, "Actual Total Time": 498.211, "Actual Rows": 1500000, "Actual Loops": 1, "Heap Fetches": 0}, {"Node Type": "Bitmap Heap Scan", "Parent Relationship": "Inner", "Relation Name": "orders", "Alias": "orders", "Startup Cost": 0.43, "Total Cost": 4.49, "Plan Rows": 4, "Plan Width": 16, "Actual Startup Time": 12057.857, "Actual Total Time": 51377.864, "Actual Rows": 14838130, "Actual Loops": 1500000, "Recheck Cond": "(customer.c_custkey = o_custkey)", "Rows Removed by Index Recheck": 0, "Filter": "((o_comment)::text !~~ '%pending%deposits%'::text)", "Rows Removed by Filter": 161870, "Exact Heap Blocks": 14999534, "Lossy Heap Blocks": 14999534, "Plans": [{"Node Type": "Bitmap Index Scan", "Parent Relationship": "Outer", "Index Name": "idx_orders_custkey", "Startup Cost": 0.0, "Total Cost": 0.43, "Plan Rows": 4, "Plan Width": 0, "Actual Startup Time": 6723.895, "Actual Total Time": 6723.895, "Actual Rows": 15000000, "Actual Loops": 1500000, "Index Cond": "(customer.c_custkey = o_custkey)"}]}]}]}]}]}]}, "Triggers": [], "Planner Runtime": 0.724, "Total Runtime": 62564.386, "Unique SQL Id": 3026328400}}, "(1, 100)": {"explain_plan": {"Plan": {"Node Type": "Sort", "Startup Cost": 723220.3, "Total Cost": 723220.8, "Plan Rows": 200, "Plan Width": 8, "Sort Key": ["(count(*)) DESC", "c_orders.c_count DESC"], "Plans": [{"Node Type": "Aggregate", "Strategy": "Hashed", "Parent Relationship": "Outer", "Startup Cost": 723210.66, "Total Cost": 723212.66, "Plan Rows": 200, "Plan Width": 8, "Group By Key": ["c_orders.c_count"], "Plans": [{"Node Type": "Subquery Scan", "Parent Relationship": "Outer", "Alias": "c_orders", "Startup Cost": 685710.66, "Total Cost": 715710.66, "Plan Rows": 1500000, "Plan Width": 8, "Plans": [{"Node Type": "Aggregate", "Strategy": "Hashed", "Parent Relationship": "Subquery", "Startup Cost": 685710.66, "Total Cost": 700710.66, "Plan Rows": 1500000, "Plan Width": 16, "Group By Key": ["customer.c_custkey"], "Plans": [{"Node Type": "Hash Join", "Parent Relationship": "Outer", "Join Type": "Right", "Startup Cost": 70876.0, "Total Cost": 653959.08, "Plan Rows": 6350316, "Plan Width": 16, "Inner Unique": true, "Hash Cond": "(orders.o_custkey = customer.c_custkey), (LLVM Optimized)", "Plans": [{"Node Type": "Seq Scan", "Parent Relationship": "Outer", "Relation Name": "orders", "Alias": "orders", "Startup Cost": 0.0, "Total Cost": 463912.49, "Plan Rows": 14844648, "Plan Width": 16, "Filter": "((o_comment)::text !~~ '%pending%deposits%'::text), (LLVM Optimized)"}, {"Node Type": "Hash", "Parent Relationship": "Inner", "Startup Cost": 52126.0, "Total Cost": 52126.0, "Plan Rows": 1500000, "Plan Width": 8, "Plans": [{"Node Type": "Seq Scan", "Parent Relationship": "Outer", "Relation Name": "customer", "Alias": "customer", "Startup Cost": 0.0, "Total Cost": 52126.0, "Plan Rows": 1500000, "Plan Width": 8}]}]}]}]}]}]}, "Unique SQL Id": 3026328400}, "explain_analyze_plan": {"Plan": {"Node Type": "Sort", "Startup Cost": 723220.3, "Total Cost": 723220.8, "Plan Rows": 200, "Plan Width": 8, "Actual Startup Time": 34579.334, "Actual Total Time": 34579.339, "Actual Rows": 46, "Actual Loops": 1, "Sort Key": ["(count(*)) DESC", "c_orders.c_count DESC"], "Sort Method": "quicksort", "Sort Space Used": 29, "Sort Space Type": "Memory", "Plans": [{"Node Type": "Aggregate", "Strategy": "Hashed", "Parent Relationship": "Outer", "Startup Cost": 723210.66, "Total Cost": 723212.66, "Plan Rows": 200, "Plan Width": 8, "Actual Startup Time": 34579.273, "Actual Total Time": 34579.286, "Actual Rows": 46, "Actual Loops": 1, "Group By Key": ["c_orders.c_count"], "Plans": [{"Node Type": "Subquery Scan", "Parent Relationship": "Outer", "Alias": "c_orders", "Startup Cost": 685710.66, "Total Cost": 715710.66, "Plan Rows": 1500000, "Plan Width": 8, "Actual Startup Time": 33057.958, "Actual Total Time": 34158.631, "Actual Rows": 1500000, "Actual Loops": 1, "Plans": [{"Node Type": "Aggregate", "Strategy": "Hashed", "Parent Relationship": "Subquery", "Startup Cost": 685710.66, "Total Cost": 700710.66, "Plan Rows": 1500000, "Plan Width": 16, "Actual Startup Time": 33057.953, "Actual Total Time": 33892.711, "Actual Rows": 1500000, "Actual Loops": 1, "Group By Key": ["customer.c_custkey"], "Plans": [{"Node Type": "Hash Join", "Parent Relationship": "Outer", "Join Type": "Right", "Startup Cost": 70876.0, "Total Cost": 653959.08, "Plan Rows": 6350316, "Plan Width": 16, "Actual Startup Time": 1153.954, "Actual Total Time": 20827.91, "Actual Rows": 15338153, "Actual Loops": 1, "Inner Unique": true, "Hash Cond": "(orders.o_custkey = customer.c_custkey), (LLVM Optimized, Jit Execute)", "Plans": [{"Node Type": "Seq Scan", "Parent Relationship": "Outer", "Relation Name": "orders", "Alias": "orders", "Startup Cost": 0.0, "Total Cost": 463912.49, "Plan Rows": 14844648, "Plan Width": 16, "Actual Startup Time": 0.033, "Actual Total Time": 8437.356, "Actual Rows": 14838130, "Actual Loops": 1, "Filter": "((o_comment)::text !~~ '%pending%deposits%'::text), (LLVM Optimized, Jit Execute)", "Rows Removed by Filter": 161870}, {"Node Type": "Hash", "Parent Relationship": "Inner", "Startup Cost": 52126.0, "Total Cost": 52126.0, "Plan Rows": 1500000, "Plan Width": 8, "Actual Startup Time": 1152.647, "Actual Total Time": 1152.647, "Actual Rows": 1500000, "Actual Loops": 1, "Hash Buckets": 2097152, "Hash Batches": 1, "Original Hash Batches": 1, "Peak Memory Usage": 58594, "Plans": [{"Node Type": "Seq Scan", "Parent Relationship": "Outer", "Relation Name": "customer", "Alias": "customer", "Startup Cost": 0.0, "Total Cost": 52126.0, "Plan Rows": 1500000, "Plan Width": 8, "Actual Startup Time": 0.036, "Actual Total Time": 533.795, "Actual Rows": 1500000, "Actual Loops": 1}]}]}]}]}]}]}, "Triggers": [], "Planner Runtime": 0.918, "Total Runtime": 34589.144, "Unique SQL Id": 3026328400}}, "(1, 101)": {"explain_plan": {"Plan": {"Node Type": "Sort", "Startup Cost": 1885961.16, "Total Cost": 1885961.66, "Plan Rows": 200, "Plan Width": 8, "Sort Key": ["(count(*)) DESC", "c_orders.c_count DESC"], "Plans": [{"Node Type": "Aggregate", "Strategy": "Hashed", "Parent Relationship": "Outer", "Startup Cost": 1885951.51, "Total Cost": 1885953.51, "Plan Rows": 200, "Plan Width": 8, "Group By Key": ["c_orders.c_count"], "Plans": [{"Node Type": "Subquery Scan", "Parent Relationship": "Outer", "Alias": "c_orders", "Startup Cost": 1848451.51, "Total Cost": 1878451.51, "Plan Rows": 1500000, "Plan Width": 8, "Plans": [{"Node Type": "Aggregate", "Strategy": "Hashed", "Parent Relationship": "Subquery", "Startup Cost": 1848451.51, "Total Cost": 1863451.51, "Plan Rows": 1500000, "Plan Width": 16, "Group By Key": ["customer.c_custkey"], "Plans": [{"Node Type": "Hash Join", "Parent Relationship": "Outer", "Join Type": "Right", "Startup Cost": 99515.36, "Total Cost": 1816699.93, "Plan Rows": 6350316, "Plan Width": 16, "Inner Unique": true, "Hash Cond": "(orders.o_custkey = customer.c_custkey), (LLVM Optimized)", "Plans": [{"Node Type": "Index Scan", "Parent Relationship": "Outer", "Scan Direction": "Forward", "Index Name": "idx_orders_custkey", "Relation Name": "orders", "Alias": "orders", "Startup Cost": 0.0, "Total Cost": 1598013.99, "Plan Rows": 14844648, "Plan Width": 16, "Filter": "((o_comment)::text !~~ '%pending%deposits%'::text), (LLVM Optimized)"}, {"Node Type": "Hash", "Parent Relationship": "Inner", "Startup Cost": 80765.36, "Total Cost": 80765.36, "Plan Rows": 1500000, "Plan Width": 8, "Plans": [{"Node Type": "Index Scan", "Parent Relationship": "Outer", "Scan Direction": "Forward", "Index Name": "customer_pkey", "Relation Name": "customer", "Alias": "customer", "Startup Cost": 0.0, "Total Cost": 80765.36, "Plan Rows": 1500000, "Plan Width": 8}]}]}]}]}]}]}, "Unique SQL Id": 3026328400}, "explain_analyze_plan": {"Plan": {"Node Type": "Sort", "Startup Cost": 1885961.16, "Total Cost": 1885961.66, "Plan Rows": 200, "Plan Width": 8, "Actual Startup Time": 52072.665, "Actual Total Time": 52072.669, "Actual Rows": 46, "Actual Loops": 1, "Sort Key": ["(count(*)) DESC", "c_orders.c_count DESC"], "Sort Method": "quicksort", "Sort Space Used": 29, "Sort Space Type": "Memory", "Plans": [{"Node Type": "Aggregate", "Strategy": "Hashed", "Parent Relationship": "Outer", "Startup Cost": 1885951.51, "Total Cost": 1885953.51, "Plan Rows": 200, "Plan Width": 8, "Actual Startup Time": 52072.611, "Actual Total Time": 52072.621, "Actual Rows": 46, "Actual Loops": 1, "Group By Key": ["c_orders.c_count"], "Plans": [{"Node Type": "Subquery Scan", "Parent Relationship": "Outer", "Alias": "c_orders", "Startup Cost": 1848451.51, "Total Cost": 1878451.51, "Plan Rows": 1500000, "Plan Width": 8, "Actual Startup Time": 50754.879, "Actual Total Time": 51654.993, "Actual Rows": 1500000, "Actual Loops": 1, "Plans": [{"Node Type": "Aggregate", "Strategy": "Hashed", "Parent Relationship": "Subquery", "Startup Cost": 1848451.51, "Total Cost": 1863451.51, "Plan Rows": 1500000, "Plan Width": 16, "Actual Startup Time": 50754.876, "Actual Total Time": 51389.425, "Actual Rows": 1500000, "Actual Loops": 1, "Group By Key": ["customer.c_custkey"], "Plans": [{"Node Type": "Hash Join", "Parent Relationship": "Outer", "Join Type": "Right", "Startup Cost": 99515.36, "Total Cost": 1816699.93, "Plan Rows": 6350316, "Plan Width": 16, "Actual Startup Time": 1537.26, "Actual Total Time": 44759.763, "Actual Rows": 15338153, "Actual Loops": 1, "Inner Unique": true, "Hash Cond": "(orders.o_custkey = customer.c_custkey), (LLVM Optimized, Jit Execute)", "Plans": [{"Node Type": "Index Scan", "Parent Relationship": "Outer", "Scan Direction": "Forward", "Index Name": "idx_orders_custkey", "Relation Name": "orders", "Alias": "orders", "Startup Cost": 0.0, "Total Cost": 1598013.99, "Plan Rows": 14844648, "Plan Width": 16, "Actual Startup Time": 0.04, "Actual Total Time": 36235.85, "Actual Rows": 14838130, "Actual Loops": 1, "Filter": "((o_comment)::text !~~ '%pending%deposits%'::text), (LLVM Optimized, Jit Execute)", "Rows Removed by Filter": 161870}, {"Node Type": "Hash", "Parent Relationship": "Inner", "Startup Cost": 80765.36, "Total Cost": 80765.36, "Plan Rows": 1500000, "Plan Width": 8, "Actual Startup Time": 1535.914, "Actual Total Time": 1535.914, "Actual Rows": 1500000, "Actual Loops": 1, "Hash Buckets": 2097152, "Hash Batches": 1, "Original Hash Batches": 1, "Peak Memory Usage": 58594, "Plans": [{"Node Type": "Index Scan", "Parent Relationship": "Outer", "Scan Direction": "Forward", "Index Name": "customer_pkey", "Relation Name": "customer", "Alias": "customer", "Startup Cost": 0.0, "Total Cost": 80765.36, "Plan Rows": 1500000, "Plan Width": 8, "Actual Startup Time": 0.057, "Actual Total Time": 979.65, "Actual Rows": 1500000, "Actual Loops": 1}]}]}]}]}]}]}, "Triggers": [], "Planner Runtime": 0.543, "Total Runtime": 52081.949, "Unique SQL Id": 3026328400}}, "(1, 102)": {"explain_plan": {"Plan": {"Node Type": "Sort", "Startup Cost": 723220.3, "Total Cost": 723220.8, "Plan Rows": 200, "Plan Width": 8, "Sort Key": ["(count(*)) DESC", "c_orders.c_count DESC"], "Plans": [{"Node Type": "Aggregate", "Strategy": "Hashed", "Parent Relationship": "Outer", "Startup Cost": 723210.66, "Total Cost": 723212.66, "Plan Rows": 200, "Plan Width": 8, "Group By Key": ["c_orders.c_count"], "Plans": [{"Node Type": "Subquery Scan", "Parent Relationship": "Outer", "Alias": "c_orders", "Startup Cost": 685710.66, "Total Cost": 715710.66, "Plan Rows": 1500000, "Plan Width": 8, "Plans": [{"Node Type": "Aggregate", "Strategy": "Hashed", "Parent Relationship": "Subquery", "Startup Cost": 685710.66, "Total Cost": 700710.66, "Plan Rows": 1500000, "Plan Width": 16, "Group By Key": ["customer.c_custkey"], "Plans": [{"Node Type": "Hash Join", "Parent Relationship": "Outer", "Join Type": "Right", "Startup Cost": 70876.0, "Total Cost": 653959.08, "Plan Rows": 6350316, "Plan Width": 16, "Inner Unique": true, "Hash Cond": "(orders.o_custkey = customer.c_custkey), (LLVM Optimized)", "Plans": [{"Node Type": "Seq Scan", "Parent Relationship": "Outer", "Relation Name": "orders", "Alias": "orders", "Startup Cost": 0.0, "Total Cost": 463912.49, "Plan Rows": 14844648, "Plan Width": 16, "Filter": "((o_comment)::text !~~ '%pending%deposits%'::text), (LLVM Optimized)"}, {"Node Type": "Hash", "Parent Relationship": "Inner", "Startup Cost": 52126.0, "Total Cost": 52126.0, "Plan Rows": 1500000, "Plan Width": 8, "Plans": [{"Node Type": "Seq Scan", "Parent Relationship": "Outer", "Relation Name": "customer", "Alias": "customer", "Startup Cost": 0.0, "Total Cost": 52126.0, "Plan Rows": 1500000, "Plan Width": 8}]}]}]}]}]}]}, "Unique SQL Id": 3026328400}, "explain_analyze_plan": {"Plan": {"Node Type": "Sort", "Startup Cost": 723220.3, "Total Cost": 723220.8, "Plan Rows": 200, "Plan Width": 8, "Actual Startup Time": 34579.334, "Actual Total Time": 34579.339, "Actual Rows": 46, "Actual Loops": 1, "Sort Key": ["(count(*)) DESC", "c_orders.c_count DESC"], "Sort Method": "quicksort", "Sort Space Used": 29, "Sort Space Type": "Memory", "Plans": [{"Node Type": "Aggregate", "Strategy": "Hashed", "Parent Relationship": "Outer", "Startup Cost": 723210.66, "Total Cost": 723212.66, "Plan Rows": 200, "Plan Width": 8, "Actual Startup Time": 34579.273, "Actual Total Time": 34579.286, "Actual Rows": 46, "Actual Loops": 1, "Group By Key": ["c_orders.c_count"], "Plans": [{"Node Type": "Subquery Scan", "Parent Relationship": "Outer", "Alias": "c_orders", "Startup Cost": 685710.66, "Total Cost": 715710.66, "Plan Rows": 1500000, "Plan Width": 8, "Actual Startup Time": 33057.958, "Actual Total Time": 34158.631, "Actual Rows": 1500000, "Actual Loops": 1, "Plans": [{"Node Type": "Aggregate", "Strategy": "Hashed", "Parent Relationship": "Subquery", "Startup Cost": 685710.66, "Total Cost": 700710.66, "Plan Rows": 1500000, "Plan Width": 16, "Actual Startup Time": 33057.953, "Actual Total Time": 33892.711, "Actual Rows": 1500000, "Actual Loops": 1, "Group By Key": ["customer.c_custkey"], "Plans": [{"Node Type": "Hash Join", "Parent Relationship": "Outer", "Join Type": "Right", "Startup Cost": 70876.0, "Total Cost": 653959.08, "Plan Rows": 6350316, "Plan Width": 16, "Actual Startup Time": 1153.954, "Actual Total Time": 20827.91, "Actual Rows": 15338153, "Actual Loops": 1, "Inner Unique": true, "Hash Cond": "(orders.o_custkey = customer.c_custkey), (LLVM Optimized, Jit Execute)", "Plans": [{"Node Type": "Seq Scan", "Parent Relationship": "Outer", "Relation Name": "orders", "Alias": "orders", "Startup Cost": 0.0, "Total Cost": 463912.49, "Plan Rows": 14844648, "Plan Width": 16, "Actual Startup Time": 0.033, "Actual Total Time": 8437.356, "Actual Rows": 14838130, "Actual Loops": 1, "Filter": "((o_comment)::text !~~ '%pending%deposits%'::text), (LLVM Optimized, Jit Execute)", "Rows Removed by Filter": 161870}, {"Node Type": "Hash", "Parent Relationship": "Inner", "Startup Cost": 52126.0, "Total Cost": 52126.0, "Plan Rows": 1500000, "Plan Width": 8, "Actual Startup Time": 1152.647, "Actual Total Time": 1152.647, "Actual Rows": 1500000, "Actual Loops": 1, "Hash Buckets": 2097152, "Hash Batches": 1, "Original Hash Batches": 1, "Peak Memory Usage": 58594, "Plans": [{"Node Type": "Seq Scan", "Parent Relationship": "Outer", "Relation Name": "customer", "Alias": "customer", "Startup Cost": 0.0, "Total Cost": 52126.0, "Plan Rows": 1500000, "Plan Width": 8, "Actual Startup Time": 0.036, "Actual Total Time": 533.795, "Actual Rows": 1500000, "Actual Loops": 1}]}]}]}]}]}]}, "Triggers": [], "Planner Runtime": 0.918, "Total Runtime": 34589.144, "Unique SQL Id": 3026328400}}, "(1, 103)": {"explain_plan": {"Plan": {"Node Type": "Sort", "Startup Cost": 1000014947164.85, "Total Cost": 1000014947165.35, "Plan Rows": 200, "Plan Width": 8, "Sort Key": ["(count(*)) DESC", "c_orders.c_count DESC"], "Plans": [{"Node Type": "Aggregate", "Strategy": "Hashed", "Parent Relationship": "Outer", "Startup Cost": 1000014947155.2, "Total Cost": 1000014947157.2, "Plan Rows": 200, "Plan Width": 8, "Group By Key": ["c_orders.c_count"], "Plans": [{"Node Type": "Subquery Scan", "Parent Relationship": "Outer", "Alias": "c_orders", "Startup Cost": 10000000000.43, "Total Cost": 1000014939655.2, "Plan Rows": 1500000, "Plan Width": 8, "Plans": [{"Node Type": "Aggregate", "Strategy": "Sorted", "Parent Relationship": "Subquery", "Startup Cost": 10000000000.43, "Total Cost": 1000014924655.2, "Plan Rows": 1500000, "Plan Width": 24, "Group By Key": ["customer.c_custkey"], "Plans": [{"Node Type": "Nested Loop", "Parent Relationship": "Outer", "Join Type": "Left", "Startup Cost": 10000000000.43, "Total Cost": 1000014877903.62, "Plan Rows": 6350316, "Plan Width": 16, "Inner Unique": false, "Plans": [{"Node Type": "Index Scan", "Parent Relationship": "Outer", "Scan Direction": "Forward", "Index Name": "customer_pkey", "Relation Name": "customer", "Alias": "customer", "Startup Cost": 10000000000.0, "Total Cost": 1000008076535.62, "Plan Rows": 1500000, "Plan Width": 8}, {"Node Type": "Bitmap Heap Scan", "Parent Relationship": "Inner", "Relation Name": "orders", "Alias": "orders", "Startup Cost": 0.43, "Total Cost": 4.49, "Plan Rows": 4, "Plan Width": 16, "Recheck Cond": "(customer.c_custkey = o_custkey)", "Filter": "((o_comment)::text !~~ '%pending%deposits%'::text)", "Plans": [{"Node Type": "Bitmap Index Scan", "Parent Relationship": "Outer", "Index Name": "idx_orders_custkey", "Startup Cost": 0.0, "Total Cost": 0.43, "Plan Rows": 4, "Plan Width": 0, "Index Cond": "(customer.c_custkey = o_custkey)"}]}]}]}]}]}]}, "Unique SQL Id": 3026328400}, "explain_analyze_plan": null}, "(1, 104)": {"explain_plan": {"Plan": {"Node Type": "Sort", "Startup Cost": 714730.55, "Total Cost": 714731.05, "Plan Rows": 200, "Plan Width": 8, "Sort Key": ["(count(*)) DESC", "c_orders.c_count DESC"], "Plans": [{"Node Type": "Aggregate", "Strategy": "Hashed", "Parent Relationship": "Outer", "Startup Cost": 714720.91, "Total Cost": 714722.91, "Plan Rows": 200, "Plan Width": 8, "Group By Key": ["c_orders.c_count"], "Plans": [{"Node Type": "Subquery Scan", "Parent Relationship": "Outer", "Alias": "c_orders", "Startup Cost": 677220.91, "Total Cost": 707220.91, "Plan Rows": 1500000, "Plan Width": 8, "Plans": [{"Node Type": "Aggregate", "Strategy": "Hashed", "Parent Relationship": "Subquery", "Startup Cost": 677220.91, "Total Cost": 692220.91, "Plan Rows": 1500000, "Plan Width": 16, "Group By Key": ["customer.c_custkey"], "Plans": [{"Node Type": "Hash Join", "Parent Relationship": "Outer", "Join Type": "Right", "Startup Cost": 62386.25, "Total Cost": 645469.33, "Plan Rows": 6350316, "Plan Width": 16, "Inner Unique": true, "Hash Cond": "(orders.o_custkey = customer.c_custkey), (LLVM Optimized)", "Plans": [{"Node Type": "Seq Scan", "Parent Relationship": "Outer", "Relation Name": "orders", "Alias": "orders", "Startup Cost": 0.0, "Total Cost": 463912.49, "Plan Rows": 14844648, "Plan Width": 16, "Filter": "((o_comment)::text !~~ '%pending%deposits%'::text), (LLVM Optimized)"}, {"Node Type": "Hash", "Parent Relationship": "Inner", "Startup Cost": 43636.25, "Total Cost": 43636.25, "Plan Rows": 1500000, "Plan Width": 8, "Plans": [{"Node Type": "Index Only Scan", "Parent Relationship": "Outer", "Scan Direction": "Forward", "Index Name": "customer_pkey", "Relation Name": "customer", "Alias": "customer", "Startup Cost": 0.0, "Total Cost": 43636.25, "Plan Rows": 1500000, "Plan Width": 8}]}]}]}]}]}]}, "Unique SQL Id": 3026328400}, "explain_analyze_plan": {"Plan": {"Node Type": "Sort", "Startup Cost": 714730.55, "Total Cost": 714731.05, "Plan Rows": 200, "Plan Width": 8, "Actual Startup Time": 33710.374, "Actual Total Time": 33710.377, "Actual Rows": 46, "Actual Loops": 1, "Sort Key": ["(count(*)) DESC", "c_orders.c_count DESC"], "Sort Method": "quicksort", "Sort Space Used": 29, "Sort Space Type": "Memory", "Plans": [{"Node Type": "Aggregate", "Strategy": "Hashed", "Parent Relationship": "Outer", "Startup Cost": 714720.91, "Total Cost": 714722.91, "Plan Rows": 200, "Plan Width": 8, "Actual Startup Time": 33710.313, "Actual Total Time": 33710.324, "Actual Rows": 46, "Actual Loops": 1, "Group By Key": ["c_orders.c_count"], "Plans": [{"Node Type": "Subquery Scan", "Parent Relationship": "Outer", "Alias": "c_orders", "Startup Cost": 677220.91, "Total Cost": 707220.91, "Plan Rows": 1500000, "Plan Width": 8, "Actual Startup Time": 32424.744, "Actual Total Time": 33291.179, "Actual Rows": 1500000, "Actual Loops": 1, "Plans": [{"Node Type": "Aggregate", "Strategy": "Hashed", "Parent Relationship": "Subquery", "Startup Cost": 677220.91, "Total Cost": 692220.91, "Plan Rows": 1500000, "Plan Width": 16, "Actual Startup Time": 32424.74, "Actual Total Time": 33024.659, "Actual Rows": 1500000, "Actual Loops": 1, "Group By Key": ["customer.c_custkey"], "Plans": [{"Node Type": "Hash Join", "Parent Relationship": "Outer", "Join Type": "Right", "Startup Cost": 62386.25, "Total Cost": 645469.33, "Plan Rows": 6350316, "Plan Width": 16, "Actual Startup Time": 792.611, "Actual Total Time": 20268.505, "Actual Rows": 15338153, "Actual Loops": 1, "Inner Unique": true, "Hash Cond": "(orders.o_custkey = customer.c_custkey), (LLVM Optimized, Jit Execute)", "Plans": [{"Node Type": "Seq Scan", "Parent Relationship": "Outer", "Relation Name": "orders", "Alias": "orders", "Startup Cost": 0.0, "Total Cost": 463912.49, "Plan Rows": 14844648, "Plan Width": 16, "Actual Startup Time": 0.037, "Actual Total Time": 8396.151, "Actual Rows": 14838130, "Actual Loops": 1, "Filter": "((o_comment)::text !~~ '%pending%deposits%'::text), (LLVM Optimized, Jit Execute)", "Rows Removed by Filter": 161870}, {"Node Type": "Hash", "Parent Relationship": "Inner", "Startup Cost": 43636.25, "Total Cost": 43636.25, "Plan Rows": 1500000, "Plan Width": 8, "Actual Startup Time": 791.151, "Actual Total Time": 791.151, "Actual Rows": 1500000, "Actual Loops": 1, "Hash Buckets": 2097152, "Hash Batches": 1, "Original Hash Batches": 1, "Peak Memory Usage": 58594, "Plans": [{"Node Type": "Index Only Scan", "Parent Relationship": "Outer", "Scan Direction": "Forward", "Index Name": "customer_pkey", "Relation Name": "customer", "Alias": "customer", "Startup Cost": 0.0, "Total Cost": 43636.25, "Plan Rows": 1500000, "Plan Width": 8, "Actual Startup Time": 0.038, "Actual Total Time": 361.175, "Actual Rows": 1500000, "Actual Loops": 1, "Heap Fetches": 0}]}]}]}]}]}]}, "Triggers": [], "Planner Runtime": 0.742, "Total Runtime": 33719.708, "Unique SQL Id": 3026328400}}, "(1, 105)": {"explain_plan": {"Plan": {"Node Type": "Sort", "Startup Cost": 1848832.05, "Total Cost": 1848832.55, "Plan Rows": 200, "Plan Width": 8, "Sort Key": ["(count(*)) DESC", "c_orders.c_count DESC"], "Plans": [{"Node Type": "Aggregate", "Strategy": "Hashed", "Parent Relationship": "Outer", "Startup Cost": 1848822.41, "Total Cost": 1848824.41, "Plan Rows": 200, "Plan Width": 8, "Group By Key": ["c_orders.c_count"], "Plans": [{"Node Type": "Subquery Scan", "Parent Relationship": "Outer", "Alias": "c_orders", "Startup Cost": 1811322.41, "Total Cost": 1841322.41, "Plan Rows": 1500000, "Plan Width": 8, "Plans": [{"Node Type": "Aggregate", "Strategy": "Hashed", "Parent Relationship": "Subquery", "Startup Cost": 1811322.41, "Total Cost": 1826322.41, "Plan Rows": 1500000, "Plan Width": 16, "Group By Key": ["customer.c_custkey"], "Plans": [{"Node Type": "Hash Join", "Parent Relationship": "Outer", "Join Type": "Right", "Startup Cost": 62386.25, "Total Cost": 1779570.83, "Plan Rows": 6350316, "Plan Width": 16, "Inner Unique": true, "Hash Cond": "(orders.o_custkey = customer.c_custkey), (LLVM Optimized)", "Plans": [{"Node Type": "Index Scan", "Parent Relationship": "Outer", "Scan Direction": "Forward", "Index Name": "idx_orders_custkey", "Relation Name": "orders", "Alias": "orders", "Startup Cost": 0.0, "Total Cost": 1598013.99, "Plan Rows": 14844648, "Plan Width": 16, "Filter": "((o_comment)::text !~~ '%pending%deposits%'::text), (LLVM Optimized)"}, {"Node Type": "Hash", "Parent Relationship": "Inner", "Startup Cost": 43636.25, "Total Cost": 43636.25, "Plan Rows": 1500000, "Plan Width": 8, "Plans": [{"Node Type": "Index Only Scan", "Parent Relationship": "Outer", "Scan Direction": "Forward", "Index Name": "customer_pkey", "Relation Name": "customer", "Alias": "customer", "Startup Cost": 0.0, "Total Cost": 43636.25, "Plan Rows": 1500000, "Plan Width": 8}]}]}]}]}]}]}, "Unique SQL Id": 3026328400}, "explain_analyze_plan": {"Plan": {"Node Type": "Sort", "Startup Cost": 1848832.05, "Total Cost": 1848832.55, "Plan Rows": 200, "Plan Width": 8, "Actual Startup Time": 53807.412, "Actual Total Time": 53807.414, "Actual Rows": 46, "Actual Loops": 1, "Sort Key": ["(count(*)) DESC", "c_orders.c_count DESC"], "Sort Method": "quicksort", "Sort Space Used": 29, "Sort Space Type": "Memory", "Plans": [{"Node Type": "Aggregate", "Strategy": "Hashed", "Parent Relationship": "Outer", "Startup Cost": 1848822.41, "Total Cost": 1848824.41, "Plan Rows": 200, "Plan Width": 8, "Actual Startup Time": 53807.352, "Actual Total Time": 53807.369, "Actual Rows": 46, "Actual Loops": 1, "Group By Key": ["c_orders.c_count"], "Plans": [{"Node Type": "Subquery Scan", "Parent Relationship": "Outer", "Alias": "c_orders", "Startup Cost": 1811322.41, "Total Cost": 1841322.41, "Plan Rows": 1500000, "Plan Width": 8, "Actual Startup Time": 52520.621, "Actual Total Time": 53386.096, "Actual Rows": 1500000, "Actual Loops": 1, "Plans": [{"Node Type": "Aggregate", "Strategy": "Hashed", "Parent Relationship": "Subquery", "Startup Cost": 1811322.41, "Total Cost": 1826322.41, "Plan Rows": 1500000, "Plan Width": 16, "Actual Startup Time": 52520.617, "Actual Total Time": 53119.686, "Actual Rows": 1500000, "Actual Loops": 1, "Group By Key": ["customer.c_custkey"], "Plans": [{"Node Type": "Hash Join", "Parent Relationship": "Outer", "Join Type": "Right", "Startup Cost": 62386.25, "Total Cost": 1779570.83, "Plan Rows": 6350316, "Plan Width": 16, "Actual Startup Time": 919.387, "Actual Total Time": 46457.036, "Actual Rows": 15338153, "Actual Loops": 1, "Inner Unique": true, "Hash Cond": "(orders.o_custkey = customer.c_custkey), (LLVM Optimized, Jit Execute)", "Plans": [{"Node Type": "Index Scan", "Parent Relationship": "Outer", "Scan Direction": "Forward", "Index Name": "idx_orders_custkey", "Relation Name": "orders", "Alias": "orders", "Startup Cost": 0.0, "Total Cost": 1598013.99, "Plan Rows": 14844648, "Plan Width": 16, "Actual Startup Time": 0.069, "Actual Total Time": 38527.297, "Actual Rows": 14838130, "Actual Loops": 1, "Filter": "((o_comment)::text !~~ '%pending%deposits%'::text), (LLVM Optimized, Jit Execute)", "Rows Removed by Filter": 161870}, {"Node Type": "Hash", "Parent Relationship": "Inner", "Startup Cost": 43636.25, "Total Cost": 43636.25, "Plan Rows": 1500000, "Plan Width": 8, "Actual Startup Time": 916.795, "Actual Total Time": 916.795, "Actual Rows": 1500000, "Actual Loops": 1, "Hash Buckets": 2097152, "Hash Batches": 1, "Original Hash Batches": 1, "Peak Memory Usage": 58594, "Plans": [{"Node Type": "Index Only Scan", "Parent Relationship": "Outer", "Scan Direction": "Forward", "Index Name": "customer_pkey", "Relation Name": "customer", "Alias": "customer", "Startup Cost": 0.0, "Total Cost": 43636.25, "Plan Rows": 1500000, "Plan Width": 8, "Actual Startup Time": 0.032, "Actual Total Time": 410.439, "Actual Rows": 1500000, "Actual Loops": 1, "Heap Fetches": 0}]}]}]}]}]}]}, "Triggers": [], "Planner Runtime": 0.526, "Total Runtime": 53816.828, "Unique SQL Id": 3026328400}}, "(1, 106)": {"explain_plan": {"Plan": {"Node Type": "Sort", "Startup Cost": 723220.3, "Total Cost": 723220.8, "Plan Rows": 200, "Plan Width": 8, "Sort Key": ["(count(*)) DESC", "c_orders.c_count DESC"], "Plans": [{"Node Type": "Aggregate", "Strategy": "Hashed", "Parent Relationship": "Outer", "Startup Cost": 723210.66, "Total Cost": 723212.66, "Plan Rows": 200, "Plan Width": 8, "Group By Key": ["c_orders.c_count"], "Plans": [{"Node Type": "Subquery Scan", "Parent Relationship": "Outer", "Alias": "c_orders", "Startup Cost": 685710.66, "Total Cost": 715710.66, "Plan Rows": 1500000, "Plan Width": 8, "Plans": [{"Node Type": "Aggregate", "Strategy": "Hashed", "Parent Relationship": "Subquery", "Startup Cost": 685710.66, "Total Cost": 700710.66, "Plan Rows": 1500000, "Plan Width": 16, "Group By Key": ["customer.c_custkey"], "Plans": [{"Node Type": "Hash Join", "Parent Relationship": "Outer", "Join Type": "Right", "Startup Cost": 70876.0, "Total Cost": 653959.08, "Plan Rows": 6350316, "Plan Width": 16, "Inner Unique": true, "Hash Cond": "(orders.o_custkey = customer.c_custkey), (LLVM Optimized)", "Plans": [{"Node Type": "Seq Scan", "Parent Relationship": "Outer", "Relation Name": "orders", "Alias": "orders", "Startup Cost": 0.0, "Total Cost": 463912.49, "Plan Rows": 14844648, "Plan Width": 16, "Filter": "((o_comment)::text !~~ '%pending%deposits%'::text), (LLVM Optimized)"}, {"Node Type": "Hash", "Parent Relationship": "Inner", "Startup Cost": 52126.0, "Total Cost": 52126.0, "Plan Rows": 1500000, "Plan Width": 8, "Plans": [{"Node Type": "Seq Scan", "Parent Relationship": "Outer", "Relation Name": "customer", "Alias": "customer", "Startup Cost": 0.0, "Total Cost": 52126.0, "Plan Rows": 1500000, "Plan Width": 8}]}]}]}]}]}]}, "Unique SQL Id": 3026328400}, "explain_analyze_plan": {"Plan": {"Node Type": "Sort", "Startup Cost": 723220.3, "Total Cost": 723220.8, "Plan Rows": 200, "Plan Width": 8, "Actual Startup Time": 34579.334, "Actual Total Time": 34579.339, "Actual Rows": 46, "Actual Loops": 1, "Sort Key": ["(count(*)) DESC", "c_orders.c_count DESC"], "Sort Method": "quicksort", "Sort Space Used": 29, "Sort Space Type": "Memory", "Plans": [{"Node Type": "Aggregate", "Strategy": "Hashed", "Parent Relationship": "Outer", "Startup Cost": 723210.66, "Total Cost": 723212.66, "Plan Rows": 200, "Plan Width": 8, "Actual Startup Time": 34579.273, "Actual Total Time": 34579.286, "Actual Rows": 46, "Actual Loops": 1, "Group By Key": ["c_orders.c_count"], "Plans": [{"Node Type": "Subquery Scan", "Parent Relationship": "Outer", "Alias": "c_orders", "Startup Cost": 685710.66, "Total Cost": 715710.66, "Plan Rows": 1500000, "Plan Width": 8, "Actual Startup Time": 33057.958, "Actual Total Time": 34158.631, "Actual Rows": 1500000, "Actual Loops": 1, "Plans": [{"Node Type": "Aggregate", "Strategy": "Hashed", "Parent Relationship": "Subquery", "Startup Cost": 685710.66, "Total Cost": 700710.66, "Plan Rows": 1500000, "Plan Width": 16, "Actual Startup Time": 33057.953, "Actual Total Time": 33892.711, "Actual Rows": 1500000, "Actual Loops": 1, "Group By Key": ["customer.c_custkey"], "Plans": [{"Node Type": "Hash Join", "Parent Relationship": "Outer", "Join Type": "Right", "Startup Cost": 70876.0, "Total Cost": 653959.08, "Plan Rows": 6350316, "Plan Width": 16, "Actual Startup Time": 1153.954, "Actual Total Time": 20827.91, "Actual Rows": 15338153, "Actual Loops": 1, "Inner Unique": true, "Hash Cond": "(orders.o_custkey = customer.c_custkey), (LLVM Optimized, Jit Execute)", "Plans": [{"Node Type": "Seq Scan", "Parent Relationship": "Outer", "Relation Name": "orders", "Alias": "orders", "Startup Cost": 0.0, "Total Cost": 463912.49, "Plan Rows": 14844648, "Plan Width": 16, "Actual Startup Time": 0.033, "Actual Total Time": 8437.356, "Actual Rows": 14838130, "Actual Loops": 1, "Filter": "((o_comment)::text !~~ '%pending%deposits%'::text), (LLVM Optimized, Jit Execute)", "Rows Removed by Filter": 161870}, {"Node Type": "Hash", "Parent Relationship": "Inner", "Startup Cost": 52126.0, "Total Cost": 52126.0, "Plan Rows": 1500000, "Plan Width": 8, "Actual Startup Time": 1152.647, "Actual Total Time": 1152.647, "Actual Rows": 1500000, "Actual Loops": 1, "Hash Buckets": 2097152, "Hash Batches": 1, "Original Hash Batches": 1, "Peak Memory Usage": 58594, "Plans": [{"Node Type": "Seq Scan", "Parent Relationship": "Outer", "Relation Name": "customer", "Alias": "customer", "Startup Cost": 0.0, "Total Cost": 52126.0, "Plan Rows": 1500000, "Plan Width": 8, "Actual Startup Time": 0.036, "Actual Total Time": 533.795, "Actual Rows": 1500000, "Actual Loops": 1}]}]}]}]}]}]}, "Triggers": [], "Planner Runtime": 0.918, "Total Runtime": 34589.144, "Unique SQL Id": 3026328400}}, "(1, 107)": {"explain_plan": {"Plan": {"Node Type": "Sort", "Startup Cost": 2000164372205.65, "Total Cost": 2000164372206.15, "Plan Rows": 200, "Plan Width": 8, "Sort Key": ["(count(*)) DESC", "c_orders.c_count DESC"], "Plans": [{"Node Type": "Aggregate", "Strategy": "Hashed", "Parent Relationship": "Outer", "Startup Cost": 2000164372196.0, "Total Cost": 2000164372198.0, "Plan Rows": 200, "Plan Width": 8, "Group By Key": ["c_orders.c_count"], "Plans": [{"Node Type": "Subquery Scan", "Parent Relationship": "Outer", "Alias": "c_orders", "Startup Cost": 2000164334696.0, "Total Cost": 2000164364696.0, "Plan Rows": 1500000, "Plan Width": 8, "Plans": [{"Node Type": "Aggregate", "Strategy": "Hashed", "Parent Relationship": "Subquery", "Startup Cost": 2000164334696.0, "Total Cost": 2000164349696.0, "Plan Rows": 1500000, "Plan Width": 16, "Group By Key": ["customer.c_custkey"], "Plans": [{"Node Type": "Hash Join", "Parent Relationship": "Outer", "Join Type": "Right", "Startup Cost": 1010004382375.0, "Total Cost": 2000164302944.42, "Plan Rows": 6350316, "Plan Width": 16, "Inner Unique": true, "Hash Cond": "(orders.o_custkey = customer.c_custkey), (LLVM Optimized)", "Plans": [{"Node Type": "Index Scan", "Parent Relationship": "Outer", "Scan Direction": "Forward", "Index Name": "idx_orders_custkey", "Relation Name": "orders", "Alias": "orders", "Startup Cost": 10000000000.0, "Total Cost": 1000159801398.83, "Plan Rows": 14844648, "Plan Width": 16, "Filter": "((o_comment)::text !~~ '%pending%deposits%'::text), (LLVM Optimized)"}, {"Node Type": "Hash", "Parent Relationship": "Inner", "Startup Cost": 1000004363625.0, "Total Cost": 1000004363625.0, "Plan Rows": 1500000, "Plan Width": 8, "Plans": [{"Node Type": "Index Only Scan", "Parent Relationship": "Outer", "Scan Direction": "Forward", "Index Name": "customer_pkey", "Relation Name": "customer", "Alias": "customer", "Startup Cost": 10000000000.0, "Total Cost": 1000004363625.0, "Plan Rows": 1500000, "Plan Width": 8}]}]}]}]}]}]}, "Unique SQL Id": 3026328400}, "explain_analyze_plan": {"Plan": {"Node Type": "Sort", "Startup Cost": 2000164372205.65, "Total Cost": 2000164372206.15, "Plan Rows": 200, "Plan Width": 8, "Actual Startup Time": 54608.901, "Actual Total Time": 54608.906, "Actual Rows": 46, "Actual Loops": 1, "Sort Key": ["(count(*)) DESC", "c_orders.c_count DESC"], "Sort Method": "quicksort", "Sort Space Used": 29, "Sort Space Type": "Memory", "Plans": [{"Node Type": "Aggregate", "Strategy": "Hashed", "Parent Relationship": "Outer", "Startup Cost": 2000164372196.0, "Total Cost": 2000164372198.0, "Plan Rows": 200, "Plan Width": 8, "Actual Startup Time": 54608.837, "Actual Total Time": 54608.848, "Actual Rows": 46, "Actual Loops": 1, "Group By Key": ["c_orders.c_count"], "Plans": [{"Node Type": "Subquery Scan", "Parent Relationship": "Outer", "Alias": "c_orders", "Startup Cost": 2000164334696.0, "Total Cost": 2000164364696.0, "Plan Rows": 1500000, "Plan Width": 8, "Actual Startup Time": 53232.094, "Actual Total Time": 54192.355, "Actual Rows": 1500000, "Actual Loops": 1, "Plans": [{"Node Type": "Aggregate", "Strategy": "Hashed", "Parent Relationship": "Subquery", "Startup Cost": 2000164334696.0, "Total Cost": 2000164349696.0, "Plan Rows": 1500000, "Plan Width": 16, "Actual Startup Time": 53232.091, "Actual Total Time": 53923.695, "Actual Rows": 1500000, "Actual Loops": 1, "Group By Key": ["customer.c_custkey"], "Plans": [{"Node Type": "Hash Join", "Parent Relationship": "Outer", "Join Type": "Right", "Startup Cost": 1010004382375.0, "Total Cost": 2000164302944.42, "Plan Rows": 6350316, "Plan Width": 16, "Actual Startup Time": 790.687, "Actual Total Time": 47124.234, "Actual Rows": 15338153, "Actual Loops": 1, "Inner Unique": true, "Hash Cond": "(orders.o_custkey = customer.c_custkey), (LLVM Optimized, Jit Execute)", "Plans": [{"Node Type": "Index Scan", "Parent Relationship": "Outer", "Scan Direction": "Forward", "Index Name": "idx_orders_custkey", "Relation Name": "orders", "Alias": "orders", "Startup Cost": 10000000000.0, "Total Cost": 1000159801398.83, "Plan Rows": 14844648, "Plan Width": 16, "Actual Startup Time": 0.051, "Actual Total Time": 39379.743, "Actual Rows": 14838130, "Actual Loops": 1, "Filter": "((o_comment)::text !~~ '%pending%deposits%'::text), (LLVM Optimized, Jit Execute)", "Rows Removed by Filter": 161870}, {"Node Type": "Hash", "Parent Relationship": "Inner", "Startup Cost": 1000004363625.0, "Total Cost": 1000004363625.0, "Plan Rows": 1500000, "Plan Width": 8, "Actual Startup Time": 789.354, "Actual Total Time": 789.354, "Actual Rows": 1500000, "Actual Loops": 1, "Hash Buckets": 2097152, "Hash Batches": 1, "Original Hash Batches": 1, "Peak Memory Usage": 58594, "Plans": [{"Node Type": "Index Only Scan", "Parent Relationship": "Outer", "Scan Direction": "Forward", "Index Name": "customer_pkey", "Relation Name": "customer", "Alias": "customer", "Startup Cost": 10000000000.0, "Total Cost": 1000004363625.0, "Plan Rows": 1500000, "Plan Width": 8, "Actual Startup Time": 0.047, "Actual Total Time": 360.465, "Actual Rows": 1500000, "Actual Loops": 1, "Heap Fetches": 0}]}]}]}]}]}]}, "Triggers": [], "Planner Runtime": 0.548, "Total Runtime": 54618.254, "Unique SQL Id": 3026328400}}, "(1, 108)": {"explain_plan": {"Plan": {"Node Type": "Sort", "Startup Cost": 723220.3, "Total Cost": 723220.8, "Plan Rows": 200, "Plan Width": 8, "Sort Key": ["(count(*)) DESC", "c_orders.c_count DESC"], "Plans": [{"Node Type": "Aggregate", "Strategy": "Hashed", "Parent Relationship": "Outer", "Startup Cost": 723210.66, "Total Cost": 723212.66, "Plan Rows": 200, "Plan Width": 8, "Group By Key": ["c_orders.c_count"], "Plans": [{"Node Type": "Subquery Scan", "Parent Relationship": "Outer", "Alias": "c_orders", "Startup Cost": 685710.66, "Total Cost": 715710.66, "Plan Rows": 1500000, "Plan Width": 8, "Plans": [{"Node Type": "Aggregate", "Strategy": "Hashed", "Parent Relationship": "Subquery", "Startup Cost": 685710.66, "Total Cost": 700710.66, "Plan Rows": 1500000, "Plan Width": 16, "Group By Key": ["customer.c_custkey"], "Plans": [{"Node Type": "Hash Join", "Parent Relationship": "Outer", "Join Type": "Right", "Startup Cost": 70876.0, "Total Cost": 653959.08, "Plan Rows": 6350316, "Plan Width": 16, "Inner Unique": true, "Hash Cond": "(orders.o_custkey = customer.c_custkey), (LLVM Optimized)", "Plans": [{"Node Type": "Seq Scan", "Parent Relationship": "Outer", "Relation Name": "orders", "Alias": "orders", "Startup Cost": 0.0, "Total Cost": 463912.49, "Plan Rows": 14844648, "Plan Width": 16, "Filter": "((o_comment)::text !~~ '%pending%deposits%'::text), (LLVM Optimized)"}, {"Node Type": "Hash", "Parent Relationship": "Inner", "Startup Cost": 52126.0, "Total Cost": 52126.0, "Plan Rows": 1500000, "Plan Width": 8, "Plans": [{"Node Type": "Seq Scan", "Parent Relationship": "Outer", "Relation Name": "customer", "Alias": "customer", "Startup Cost": 0.0, "Total Cost": 52126.0, "Plan Rows": 1500000, "Plan Width": 8}]}]}]}]}]}]}, "Unique SQL Id": 3026328400}, "explain_analyze_plan": {"Plan": {"Node Type": "Sort", "Startup Cost": 723220.3, "Total Cost": 723220.8, "Plan Rows": 200, "Plan Width": 8, "Actual Startup Time": 34579.334, "Actual Total Time": 34579.339, "Actual Rows": 46, "Actual Loops": 1, "Sort Key": ["(count(*)) DESC", "c_orders.c_count DESC"], "Sort Method": "quicksort", "Sort Space Used": 29, "Sort Space Type": "Memory", "Plans": [{"Node Type": "Aggregate", "Strategy": "Hashed", "Parent Relationship": "Outer", "Startup Cost": 723210.66, "Total Cost": 723212.66, "Plan Rows": 200, "Plan Width": 8, "Actual Startup Time": 34579.273, "Actual Total Time": 34579.286, "Actual Rows": 46, "Actual Loops": 1, "Group By Key": ["c_orders.c_count"], "Plans": [{"Node Type": "Subquery Scan", "Parent Relationship": "Outer", "Alias": "c_orders", "Startup Cost": 685710.66, "Total Cost": 715710.66, "Plan Rows": 1500000, "Plan Width": 8, "Actual Startup Time": 33057.958, "Actual Total Time": 34158.631, "Actual Rows": 1500000, "Actual Loops": 1, "Plans": [{"Node Type": "Aggregate", "Strategy": "Hashed", "Parent Relationship": "Subquery", "Startup Cost": 685710.66, "Total Cost": 700710.66, "Plan Rows": 1500000, "Plan Width": 16, "Actual Startup Time": 33057.953, "Actual Total Time": 33892.711, "Actual Rows": 1500000, "Actual Loops": 1, "Group By Key": ["customer.c_custkey"], "Plans": [{"Node Type": "Hash Join", "Parent Relationship": "Outer", "Join Type": "Right", "Startup Cost": 70876.0, "Total Cost": 653959.08, "Plan Rows": 6350316, "Plan Width": 16, "Actual Startup Time": 1153.954, "Actual Total Time": 20827.91, "Actual Rows": 15338153, "Actual Loops": 1, "Inner Unique": true, "Hash Cond": "(orders.o_custkey = customer.c_custkey), (LLVM Optimized, Jit Execute)", "Plans": [{"Node Type": "Seq Scan", "Parent Relationship": "Outer", "Relation Name": "orders", "Alias": "orders", "Startup Cost": 0.0, "Total Cost": 463912.49, "Plan Rows": 14844648, "Plan Width": 16, "Actual Startup Time": 0.033, "Actual Total Time": 8437.356, "Actual Rows": 14838130, "Actual Loops": 1, "Filter": "((o_comment)::text !~~ '%pending%deposits%'::text), (LLVM Optimized, Jit Execute)", "Rows Removed by Filter": 161870}, {"Node Type": "Hash", "Parent Relationship": "Inner", "Startup Cost": 52126.0, "Total Cost": 52126.0, "Plan Rows": 1500000, "Plan Width": 8, "Actual Startup Time": 1152.647, "Actual Total Time": 1152.647, "Actual Rows": 1500000, "Actual Loops": 1, "Hash Buckets": 2097152, "Hash Batches": 1, "Original Hash Batches": 1, "Peak Memory Usage": 58594, "Plans": [{"Node Type": "Seq Scan", "Parent Relationship": "Outer", "Relation Name": "customer", "Alias": "customer", "Startup Cost": 0.0, "Total Cost": 52126.0, "Plan Rows": 1500000, "Plan Width": 8, "Actual Startup Time": 0.036, "Actual Total Time": 533.795, "Actual Rows": 1500000, "Actual Loops": 1}]}]}]}]}]}]}, "Triggers": [], "Planner Runtime": 0.918, "Total Runtime": 34589.144, "Unique SQL Id": 3026328400}}, "(1, 109)": {"explain_plan": {"Plan": {"Node Type": "Sort", "Startup Cost": 1885961.16, "Total Cost": 1885961.66, "Plan Rows": 200, "Plan Width": 8, "Sort Key": ["(count(*)) DESC", "c_orders.c_count DESC"], "Plans": [{"Node Type": "Aggregate", "Strategy": "Hashed", "Parent Relationship": "Outer", "Startup Cost": 1885951.51, "Total Cost": 1885953.51, "Plan Rows": 200, "Plan Width": 8, "Group By Key": ["c_orders.c_count"], "Plans": [{"Node Type": "Subquery Scan", "Parent Relationship": "Outer", "Alias": "c_orders", "Startup Cost": 1848451.51, "Total Cost": 1878451.51, "Plan Rows": 1500000, "Plan Width": 8, "Plans": [{"Node Type": "Aggregate", "Strategy": "Hashed", "Parent Relationship": "Subquery", "Startup Cost": 1848451.51, "Total Cost": 1863451.51, "Plan Rows": 1500000, "Plan Width": 16, "Group By Key": ["customer.c_custkey"], "Plans": [{"Node Type": "Hash Join", "Parent Relationship": "Outer", "Join Type": "Right", "Startup Cost": 99515.36, "Total Cost": 1816699.93, "Plan Rows": 6350316, "Plan Width": 16, "Inner Unique": true, "Hash Cond": "(orders.o_custkey = customer.c_custkey), (LLVM Optimized)", "Plans": [{"Node Type": "Index Scan", "Parent Relationship": "Outer", "Scan Direction": "Forward", "Index Name": "idx_orders_custkey", "Relation Name": "orders", "Alias": "orders", "Startup Cost": 0.0, "Total Cost": 1598013.99, "Plan Rows": 14844648, "Plan Width": 16, "Filter": "((o_comment)::text !~~ '%pending%deposits%'::text), (LLVM Optimized)"}, {"Node Type": "Hash", "Parent Relationship": "Inner", "Startup Cost": 80765.36, "Total Cost": 80765.36, "Plan Rows": 1500000, "Plan Width": 8, "Plans": [{"Node Type": "Index Scan", "Parent Relationship": "Outer", "Scan Direction": "Forward", "Index Name": "customer_pkey", "Relation Name": "customer", "Alias": "customer", "Startup Cost": 0.0, "Total Cost": 80765.36, "Plan Rows": 1500000, "Plan Width": 8}]}]}]}]}]}]}, "Unique SQL Id": 3026328400}, "explain_analyze_plan": {"Plan": {"Node Type": "Sort", "Startup Cost": 1885961.16, "Total Cost": 1885961.66, "Plan Rows": 200, "Plan Width": 8, "Actual Startup Time": 52072.665, "Actual Total Time": 52072.669, "Actual Rows": 46, "Actual Loops": 1, "Sort Key": ["(count(*)) DESC", "c_orders.c_count DESC"], "Sort Method": "quicksort", "Sort Space Used": 29, "Sort Space Type": "Memory", "Plans": [{"Node Type": "Aggregate", "Strategy": "Hashed", "Parent Relationship": "Outer", "Startup Cost": 1885951.51, "Total Cost": 1885953.51, "Plan Rows": 200, "Plan Width": 8, "Actual Startup Time": 52072.611, "Actual Total Time": 52072.621, "Actual Rows": 46, "Actual Loops": 1, "Group By Key": ["c_orders.c_count"], "Plans": [{"Node Type": "Subquery Scan", "Parent Relationship": "Outer", "Alias": "c_orders", "Startup Cost": 1848451.51, "Total Cost": 1878451.51, "Plan Rows": 1500000, "Plan Width": 8, "Actual Startup Time": 50754.879, "Actual Total Time": 51654.993, "Actual Rows": 1500000, "Actual Loops": 1, "Plans": [{"Node Type": "Aggregate", "Strategy": "Hashed", "Parent Relationship": "Subquery", "Startup Cost": 1848451.51, "Total Cost": 1863451.51, "Plan Rows": 1500000, "Plan Width": 16, "Actual Startup Time": 50754.876, "Actual Total Time": 51389.425, "Actual Rows": 1500000, "Actual Loops": 1, "Group By Key": ["customer.c_custkey"], "Plans": [{"Node Type": "Hash Join", "Parent Relationship": "Outer", "Join Type": "Right", "Startup Cost": 99515.36, "Total Cost": 1816699.93, "Plan Rows": 6350316, "Plan Width": 16, "Actual Startup Time": 1537.26, "Actual Total Time": 44759.763, "Actual Rows": 15338153, "Actual Loops": 1, "Inner Unique": true, "Hash Cond": "(orders.o_custkey = customer.c_custkey), (LLVM Optimized, Jit Execute)", "Plans": [{"Node Type": "Index Scan", "Parent Relationship": "Outer", "Scan Direction": "Forward", "Index Name": "idx_orders_custkey", "Relation Name": "orders", "Alias": "orders", "Startup Cost": 0.0, "Total Cost": 1598013.99, "Plan Rows": 14844648, "Plan Width": 16, "Actual Startup Time": 0.04, "Actual Total Time": 36235.85, "Actual Rows": 14838130, "Actual Loops": 1, "Filter": "((o_comment)::text !~~ '%pending%deposits%'::text), (LLVM Optimized, Jit Execute)", "Rows Removed by Filter": 161870}, {"Node Type": "Hash", "Parent Relationship": "Inner", "Startup Cost": 80765.36, "Total Cost": 80765.36, "Plan Rows": 1500000, "Plan Width": 8, "Actual Startup Time": 1535.914, "Actual Total Time": 1535.914, "Actual Rows": 1500000, "Actual Loops": 1, "Hash Buckets": 2097152, "Hash Batches": 1, "Original Hash Batches": 1, "Peak Memory Usage": 58594, "Plans": [{"Node Type": "Index Scan", "Parent Relationship": "Outer", "Scan Direction": "Forward", "Index Name": "customer_pkey", "Relation Name": "customer", "Alias": "customer", "Startup Cost": 0.0, "Total Cost": 80765.36, "Plan Rows": 1500000, "Plan Width": 8, "Actual Startup Time": 0.057, "Actual Total Time": 979.65, "Actual Rows": 1500000, "Actual Loops": 1}]}]}]}]}]}]}, "Triggers": [], "Planner Runtime": 0.543, "Total Runtime": 52081.949, "Unique SQL Id": 3026328400}}, "(1, 110)": {"explain_plan": {"Plan": {"Node Type": "Sort", "Startup Cost": 723220.3, "Total Cost": 723220.8, "Plan Rows": 200, "Plan Width": 8, "Sort Key": ["(count(*)) DESC", "c_orders.c_count DESC"], "Plans": [{"Node Type": "Aggregate", "Strategy": "Hashed", "Parent Relationship": "Outer", "Startup Cost": 723210.66, "Total Cost": 723212.66, "Plan Rows": 200, "Plan Width": 8, "Group By Key": ["c_orders.c_count"], "Plans": [{"Node Type": "Subquery Scan", "Parent Relationship": "Outer", "Alias": "c_orders", "Startup Cost": 685710.66, "Total Cost": 715710.66, "Plan Rows": 1500000, "Plan Width": 8, "Plans": [{"Node Type": "Aggregate", "Strategy": "Hashed", "Parent Relationship": "Subquery", "Startup Cost": 685710.66, "Total Cost": 700710.66, "Plan Rows": 1500000, "Plan Width": 16, "Group By Key": ["customer.c_custkey"], "Plans": [{"Node Type": "Hash Join", "Parent Relationship": "Outer", "Join Type": "Right", "Startup Cost": 70876.0, "Total Cost": 653959.08, "Plan Rows": 6350316, "Plan Width": 16, "Inner Unique": true, "Hash Cond": "(orders.o_custkey = customer.c_custkey), (LLVM Optimized)", "Plans": [{"Node Type": "Seq Scan", "Parent Relationship": "Outer", "Relation Name": "orders", "Alias": "orders", "Startup Cost": 0.0, "Total Cost": 463912.49, "Plan Rows": 14844648, "Plan Width": 16, "Filter": "((o_comment)::text !~~ '%pending%deposits%'::text), (LLVM Optimized)"}, {"Node Type": "Hash", "Parent Relationship": "Inner", "Startup Cost": 52126.0, "Total Cost": 52126.0, "Plan Rows": 1500000, "Plan Width": 8, "Plans": [{"Node Type": "Seq Scan", "Parent Relationship": "Outer", "Relation Name": "customer", "Alias": "customer", "Startup Cost": 0.0, "Total Cost": 52126.0, "Plan Rows": 1500000, "Plan Width": 8}]}]}]}]}]}]}, "Unique SQL Id": 3026328400}, "explain_analyze_plan": {"Plan": {"Node Type": "Sort", "Startup Cost": 723220.3, "Total Cost": 723220.8, "Plan Rows": 200, "Plan Width": 8, "Actual Startup Time": 34579.334, "Actual Total Time": 34579.339, "Actual Rows": 46, "Actual Loops": 1, "Sort Key": ["(count(*)) DESC", "c_orders.c_count DESC"], "Sort Method": "quicksort", "Sort Space Used": 29, "Sort Space Type": "Memory", "Plans": [{"Node Type": "Aggregate", "Strategy": "Hashed", "Parent Relationship": "Outer", "Startup Cost": 723210.66, "Total Cost": 723212.66, "Plan Rows": 200, "Plan Width": 8, "Actual Startup Time": 34579.273, "Actual Total Time": 34579.286, "Actual Rows": 46, "Actual Loops": 1, "Group By Key": ["c_orders.c_count"], "Plans": [{"Node Type": "Subquery Scan", "Parent Relationship": "Outer", "Alias": "c_orders", "Startup Cost": 685710.66, "Total Cost": 715710.66, "Plan Rows": 1500000, "Plan Width": 8, "Actual Startup Time": 33057.958, "Actual Total Time": 34158.631, "Actual Rows": 1500000, "Actual Loops": 1, "Plans": [{"Node Type": "Aggregate", "Strategy": "Hashed", "Parent Relationship": "Subquery", "Startup Cost": 685710.66, "Total Cost": 700710.66, "Plan Rows": 1500000, "Plan Width": 16, "Actual Startup Time": 33057.953, "Actual Total Time": 33892.711, "Actual Rows": 1500000, "Actual Loops": 1, "Group By Key": ["customer.c_custkey"], "Plans": [{"Node Type": "Hash Join", "Parent Relationship": "Outer", "Join Type": "Right", "Startup Cost": 70876.0, "Total Cost": 653959.08, "Plan Rows": 6350316, "Plan Width": 16, "Actual Startup Time": 1153.954, "Actual Total Time": 20827.91, "Actual Rows": 15338153, "Actual Loops": 1, "Inner Unique": true, "Hash Cond": "(orders.o_custkey = customer.c_custkey), (LLVM Optimized, Jit Execute)", "Plans": [{"Node Type": "Seq Scan", "Parent Relationship": "Outer", "Relation Name": "orders", "Alias": "orders", "Startup Cost": 0.0, "Total Cost": 463912.49, "Plan Rows": 14844648, "Plan Width": 16, "Actual Startup Time": 0.033, "Actual Total Time": 8437.356, "Actual Rows": 14838130, "Actual Loops": 1, "Filter": "((o_comment)::text !~~ '%pending%deposits%'::text), (LLVM Optimized, Jit Execute)", "Rows Removed by Filter": 161870}, {"Node Type": "Hash", "Parent Relationship": "Inner", "Startup Cost": 52126.0, "Total Cost": 52126.0, "Plan Rows": 1500000, "Plan Width": 8, "Actual Startup Time": 1152.647, "Actual Total Time": 1152.647, "Actual Rows": 1500000, "Actual Loops": 1, "Hash Buckets": 2097152, "Hash Batches": 1, "Original Hash Batches": 1, "Peak Memory Usage": 58594, "Plans": [{"Node Type": "Seq Scan", "Parent Relationship": "Outer", "Relation Name": "customer", "Alias": "customer", "Startup Cost": 0.0, "Total Cost": 52126.0, "Plan Rows": 1500000, "Plan Width": 8, "Actual Startup Time": 0.036, "Actual Total Time": 533.795, "Actual Rows": 1500000, "Actual Loops": 1}]}]}]}]}]}]}, "Triggers": [], "Planner Runtime": 0.918, "Total Runtime": 34589.144, "Unique SQL Id": 3026328400}}, "(1, 111)": {"explain_plan": {"Plan": {"Node Type": "Sort", "Startup Cost": 2000168085116.27, "Total Cost": 2000168085116.77, "Plan Rows": 200, "Plan Width": 8, "Sort Key": ["(count(*)) DESC", "c_orders.c_count DESC"], "Plans": [{"Node Type": "Aggregate", "Strategy": "Hashed", "Parent Relationship": "Outer", "Startup Cost": 2000168085106.62, "Total Cost": 2000168085108.62, "Plan Rows": 200, "Plan Width": 8, "Group By Key": ["c_orders.c_count"], "Plans": [{"Node Type": "Subquery Scan", "Parent Relationship": "Outer", "Alias": "c_orders", "Startup Cost": 2000168047606.62, "Total Cost": 2000168077606.62, "Plan Rows": 1500000, "Plan Width": 8, "Plans": [{"Node Type": "Aggregate", "Strategy": "Hashed", "Parent Relationship": "Subquery", "Startup Cost": 2000168047606.62, "Total Cost": 2000168062606.62, "Plan Rows": 1500000, "Plan Width": 16, "Group By Key": ["customer.c_custkey"], "Plans": [{"Node Type": "Hash Join", "Parent Relationship": "Outer", "Join Type": "Right", "Startup Cost": 1010008095285.62, "Total Cost": 2000168015855.04, "Plan Rows": 6350316, "Plan Width": 16, "Inner Unique": true, "Hash Cond": "(orders.o_custkey = customer.c_custkey), (LLVM Optimized)", "Plans": [{"Node Type": "Index Scan", "Parent Relationship": "Outer", "Scan Direction": "Forward", "Index Name": "idx_orders_custkey", "Relation Name": "orders", "Alias": "orders", "Startup Cost": 10000000000.0, "Total Cost": 1000159801398.83, "Plan Rows": 14844648, "Plan Width": 16, "Filter": "((o_comment)::text !~~ '%pending%deposits%'::text), (LLVM Optimized)"}, {"Node Type": "Hash", "Parent Relationship": "Inner", "Startup Cost": 1000008076535.62, "Total Cost": 1000008076535.62, "Plan Rows": 1500000, "Plan Width": 8, "Plans": [{"Node Type": "Index Scan", "Parent Relationship": "Outer", "Scan Direction": "Forward", "Index Name": "customer_pkey", "Relation Name": "customer", "Alias": "customer", "Startup Cost": 10000000000.0, "Total Cost": 1000008076535.62, "Plan Rows": 1500000, "Plan Width": 8}]}]}]}]}]}]}, "Unique SQL Id": 3026328400}, "explain_analyze_plan": {"Plan": {"Node Type": "Sort", "Startup Cost": 2000168085116.27, "Total Cost": 2000168085116.77, "Plan Rows": 200, "Plan Width": 8, "Actual Startup Time": 52703.547, "Actual Total Time": 52703.551, "Actual Rows": 46, "Actual Loops": 1, "Sort Key": ["(count(*)) DESC", "c_orders.c_count DESC"], "Sort Method": "quicksort", "Sort Space Used": 29, "Sort Space Type": "Memory", "Plans": [{"Node Type": "Aggregate", "Strategy": "Hashed", "Parent Relationship": "Outer", "Startup Cost": 2000168085106.62, "Total Cost": 2000168085108.62, "Plan Rows": 200, "Plan Width": 8, "Actual Startup Time": 52703.489, "Actual Total Time": 52703.502, "Actual Rows": 46, "Actual Loops": 1, "Group By Key": ["c_orders.c_count"], "Plans": [{"Node Type": "Subquery Scan", "Parent Relationship": "Outer", "Alias": "c_orders", "Startup Cost": 2000168047606.62, "Total Cost": 2000168077606.62, "Plan Rows": 1500000, "Plan Width": 8, "Actual Startup Time": 51493.126, "Actual Total Time": 52292.648, "Actual Rows": 1500000, "Actual Loops": 1, "Plans": [{"Node Type": "Aggregate", "Strategy": "Hashed", "Parent Relationship": "Subquery", "Startup Cost": 2000168047606.62, "Total Cost": 2000168062606.62, "Plan Rows": 1500000, "Plan Width": 16, "Actual Startup Time": 51493.123, "Actual Total Time": 52026.195, "Actual Rows": 1500000, "Actual Loops": 1, "Group By Key": ["customer.c_custkey"], "Plans": [{"Node Type": "Hash Join", "Parent Relationship": "Outer", "Join Type": "Right", "Startup Cost": 1010008095285.62, "Total Cost": 2000168015855.04, "Plan Rows": 6350316, "Plan Width": 16, "Actual Startup Time": 1544.55, "Actual Total Time": 45471.585, "Actual Rows": 15338153, "Actual Loops": 1, "Inner Unique": true, "Hash Cond": "(orders.o_custkey = customer.c_custkey), (LLVM Optimized, Jit Execute)", "Plans": [{"Node Type": "Index Scan", "Parent Relationship": "Outer", "Scan Direction": "Forward", "Index Name": "idx_orders_custkey", "Relation Name": "orders", "Alias": "orders", "Startup Cost": 10000000000.0, "Total Cost": 1000159801398.83, "Plan Rows": 14844648, "Plan Width": 16, "Actual Startup Time": 0.04, "Actual Total Time": 36934.864, "Actual Rows": 14838130, "Actual Loops": 1, "Filter": "((o_comment)::text !~~ '%pending%deposits%'::text), (LLVM Optimized, Jit Execute)", "Rows Removed by Filter": 161870}, {"Node Type": "Hash", "Parent Relationship": "Inner", "Startup Cost": 1000008076535.62, "Total Cost": 1000008076535.62, "Plan Rows": 1500000, "Plan Width": 8, "Actual Startup Time": 1543.232, "Actual Total Time": 1543.232, "Actual Rows": 1500000, "Actual Loops": 1, "Hash Buckets": 2097152, "Hash Batches": 1, "Original Hash Batches": 1, "Peak Memory Usage": 58594, "Plans": [{"Node Type": "Index Scan", "Parent Relationship": "Outer", "Scan Direction": "Forward", "Index Name": "customer_pkey", "Relation Name": "customer", "Alias": "customer", "Startup Cost": 10000000000.0, "Total Cost": 1000008076535.62, "Plan Rows": 1500000, "Plan Width": 8, "Actual Startup Time": 0.054, "Actual Total Time": 966.809, "Actual Rows": 1500000, "Actual Loops": 1}]}]}]}]}]}]}, "Triggers": [], "Planner Runtime": 0.546, "Total Runtime": 52712.875, "Unique SQL Id": 3026328400}}, "(1, 112)": {"explain_plan": {"Plan": {"Node Type": "Sort", "Startup Cost": 2003441.47, "Total Cost": 2003441.97, "Plan Rows": 200, "Plan Width": 8, "Sort Key": ["(count(*)) DESC", "c_orders.c_count DESC"], "Plans": [{"Node Type": "Aggregate", "Strategy": "Hashed", "Parent Relationship": "Outer", "Startup Cost": 2003431.83, "Total Cost": 2003433.83, "Plan Rows": 200, "Plan Width": 8, "Group By Key": ["c_orders.c_count"], "Plans": [{"Node Type": "Subquery Scan", "Parent Relationship": "Outer", "Alias": "c_orders", "Startup Cost": 0.0, "Total Cost": 1995931.83, "Plan Rows": 1500000, "Plan Width": 8, "Plans": [{"Node Type": "Aggregate", "Strategy": "Sorted", "Parent Relationship": "Subquery", "Startup Cost": 0.0, "Total Cost": 1980931.83, "Plan Rows": 1500000, "Plan Width": 24, "Group By Key": ["customer.c_custkey"], "Plans": [{"Node Type": "Nested Loop", "Parent Relationship": "Outer", "Join Type": "Left", "Startup Cost": 0.0, "Total Cost": 1934180.25, "Plan Rows": 6350316, "Plan Width": 16, "Inner Unique": false, "Plans": [{"Node Type": "Index Only Scan", "Parent Relationship": "Outer", "Scan Direction": "Forward", "Index Name": "customer_pkey", "Relation Name": "customer", "Alias": "customer", "Startup Cost": 0.0, "Total Cost": 43636.25, "Plan Rows": 1500000, "Plan Width": 8}, {"Node Type": "Index Scan", "Parent Relationship": "Inner", "Scan Direction": "Forward", "Index Name": "idx_orders_custkey", "Relation Name": "orders", "Alias": "orders", "Startup Cost": 0.0, "Total Cost": 1.22, "Plan Rows": 4, "Plan Width": 16, "Index Cond": "(customer.c_custkey = o_custkey)", "Filter": "((o_comment)::text !~~ '%pending%deposits%'::text)"}]}]}]}]}]}, "Unique SQL Id": 3026328400}, "explain_analyze_plan": {"Plan": {"Node Type": "Sort", "Startup Cost": 2003441.47, "Total Cost": 2003441.97, "Plan Rows": 200, "Plan Width": 8, "Actual Startup Time": 54057.805, "Actual Total Time": 54057.809, "Actual Rows": 46, "Actual Loops": 1, "Sort Key": ["(count(*)) DESC", "c_orders.c_count DESC"], "Sort Method": "quicksort", "Sort Space Used": 29, "Sort Space Type": "Memory", "Plans": [{"Node Type": "Aggregate", "Strategy": "Hashed", "Parent Relationship": "Outer", "Startup Cost": 2003431.83, "Total Cost": 2003433.83, "Plan Rows": 200, "Plan Width": 8, "Actual Startup Time": 54057.731, "Actual Total Time": 54057.743, "Actual Rows": 46, "Actual Loops": 1, "Group By Key": ["c_orders.c_count"], "Plans": [{"Node Type": "Subquery Scan", "Parent Relationship": "Outer", "Alias": "c_orders", "Startup Cost": 0.0, "Total Cost": 1995931.83, "Plan Rows": 1500000, "Plan Width": 8, "Actual Startup Time": 0.163, "Actual Total Time": 53402.028, "Actual Rows": 1500000, "Actual Loops": 1, "Plans": [{"Node Type": "Aggregate", "Strategy": "Sorted", "Parent Relationship": "Subquery", "Startup Cost": 0.0, "Total Cost": 1980931.83, "Plan Rows": 1500000, "Plan Width": 24, "Actual Startup Time": 0.162, "Actual Total Time": 53098.656, "Actual Rows": 1500000, "Actual Loops": 1, "Group By Key": ["customer.c_custkey"], "Plans": [{"Node Type": "Nested Loop", "Parent Relationship": "Outer", "Join Type": "Left", "Startup Cost": 0.0, "Total Cost": 1934180.25, "Plan Rows": 6350316, "Plan Width": 16, "Actual Startup Time": 0.09, "Actual Total Time": 48769.822, "Actual Rows": 15338153, "Actual Loops": 1, "Inner Unique": false, "Plans": [{"Node Type": "Index Only Scan", "Parent Relationship": "Outer", "Scan Direction": "Forward", "Index Name": "customer_pkey", "Relation Name": "customer", "Alias": "customer", "Startup Cost": 0.0, "Total Cost": 43636.25, "Plan Rows": 1500000, "Plan Width": 8, "Actual Startup Time": 0.045, "Actual Total Time": 427.775, "Actual Rows": 1500000, "Actual Loops": 1, "Heap Fetches": 0}, {"Node Type": "Index Scan", "Parent Relationship": "Inner", "Scan Direction": "Forward", "Index Name": "idx_orders_custkey", "Relation Name": "orders", "Alias": "orders", "Startup Cost": 0.0, "Total Cost": 1.22, "Plan Rows": 4, "Plan Width": 16, "Actual Startup Time": 7249.09, "Actual Total Time": 44454.385, "Actual Rows": 14838130, "Actual Loops": 1500000, "Index Cond": "(customer.c_custkey = o_custkey)", "Rows Removed by Index Recheck": 0, "Filter": "((o_comment)::text !~~ '%pending%deposits%'::text)", "Rows Removed by Filter": 161870}]}]}]}]}]}, "Triggers": [], "Planner Runtime": 0.56, "Total Runtime": 54066.693, "Unique SQL Id": 3026328400}}, "(1, 113)": {"explain_plan": {"Plan": {"Node Type": "Sort", "Startup Cost": 2003441.47, "Total Cost": 2003441.97, "Plan Rows": 200, "Plan Width": 8, "Sort Key": ["(count(*)) DESC", "c_orders.c_count DESC"], "Plans": [{"Node Type": "Aggregate", "Strategy": "Hashed", "Parent Relationship": "Outer", "Startup Cost": 2003431.83, "Total Cost": 2003433.83, "Plan Rows": 200, "Plan Width": 8, "Group By Key": ["c_orders.c_count"], "Plans": [{"Node Type": "Subquery Scan", "Parent Relationship": "Outer", "Alias": "c_orders", "Startup Cost": 0.0, "Total Cost": 1995931.83, "Plan Rows": 1500000, "Plan Width": 8, "Plans": [{"Node Type": "Aggregate", "Strategy": "Sorted", "Parent Relationship": "Subquery", "Startup Cost": 0.0, "Total Cost": 1980931.83, "Plan Rows": 1500000, "Plan Width": 24, "Group By Key": ["customer.c_custkey"], "Plans": [{"Node Type": "Nested Loop", "Parent Relationship": "Outer", "Join Type": "Left", "Startup Cost": 0.0, "Total Cost": 1934180.25, "Plan Rows": 6350316, "Plan Width": 16, "Inner Unique": false, "Plans": [{"Node Type": "Index Only Scan", "Parent Relationship": "Outer", "Scan Direction": "Forward", "Index Name": "customer_pkey", "Relation Name": "customer", "Alias": "customer", "Startup Cost": 0.0, "Total Cost": 43636.25, "Plan Rows": 1500000, "Plan Width": 8}, {"Node Type": "Index Scan", "Parent Relationship": "Inner", "Scan Direction": "Forward", "Index Name": "idx_orders_custkey", "Relation Name": "orders", "Alias": "orders", "Startup Cost": 0.0, "Total Cost": 1.22, "Plan Rows": 4, "Plan Width": 16, "Index Cond": "(customer.c_custkey = o_custkey)", "Filter": "((o_comment)::text !~~ '%pending%deposits%'::text)"}]}]}]}]}]}, "Unique SQL Id": 3026328400}, "explain_analyze_plan": {"Plan": {"Node Type": "Sort", "Startup Cost": 2003441.47, "Total Cost": 2003441.97, "Plan Rows": 200, "Plan Width": 8, "Actual Startup Time": 54057.805, "Actual Total Time": 54057.809, "Actual Rows": 46, "Actual Loops": 1, "Sort Key": ["(count(*)) DESC", "c_orders.c_count DESC"], "Sort Method": "quicksort", "Sort Space Used": 29, "Sort Space Type": "Memory", "Plans": [{"Node Type": "Aggregate", "Strategy": "Hashed", "Parent Relationship": "Outer", "Startup Cost": 2003431.83, "Total Cost": 2003433.83, "Plan Rows": 200, "Plan Width": 8, "Actual Startup Time": 54057.731, "Actual Total Time": 54057.743, "Actual Rows": 46, "Actual Loops": 1, "Group By Key": ["c_orders.c_count"], "Plans": [{"Node Type": "Subquery Scan", "Parent Relationship": "Outer", "Alias": "c_orders", "Startup Cost": 0.0, "Total Cost": 1995931.83, "Plan Rows": 1500000, "Plan Width": 8, "Actual Startup Time": 0.163, "Actual Total Time": 53402.028, "Actual Rows": 1500000, "Actual Loops": 1, "Plans": [{"Node Type": "Aggregate", "Strategy": "Sorted", "Parent Relationship": "Subquery", "Startup Cost": 0.0, "Total Cost": 1980931.83, "Plan Rows": 1500000, "Plan Width": 24, "Actual Startup Time": 0.162, "Actual Total Time": 53098.656, "Actual Rows": 1500000, "Actual Loops": 1, "Group By Key": ["customer.c_custkey"], "Plans": [{"Node Type": "Nested Loop", "Parent Relationship": "Outer", "Join Type": "Left", "Startup Cost": 0.0, "Total Cost": 1934180.25, "Plan Rows": 6350316, "Plan Width": 16, "Actual Startup Time": 0.09, "Actual Total Time": 48769.822, "Actual Rows": 15338153, "Actual Loops": 1, "Inner Unique": false, "Plans": [{"Node Type": "Index Only Scan", "Parent Relationship": "Outer", "Scan Direction": "Forward", "Index Name": "customer_pkey", "Relation Name": "customer", "Alias": "customer", "Startup Cost": 0.0, "Total Cost": 43636.25, "Plan Rows": 1500000, "Plan Width": 8, "Actual Startup Time": 0.045, "Actual Total Time": 427.775, "Actual Rows": 1500000, "Actual Loops": 1, "Heap Fetches": 0}, {"Node Type": "Index Scan", "Parent Relationship": "Inner", "Scan Direction": "Forward", "Index Name": "idx_orders_custkey", "Relation Name": "orders", "Alias": "orders", "Startup Cost": 0.0, "Total Cost": 1.22, "Plan Rows": 4, "Plan Width": 16, "Actual Startup Time": 7249.09, "Actual Total Time": 44454.385, "Actual Rows": 14838130, "Actual Loops": 1500000, "Index Cond": "(customer.c_custkey = o_custkey)", "Rows Removed by Index Recheck": 0, "Filter": "((o_comment)::text !~~ '%pending%deposits%'::text)", "Rows Removed by Filter": 161870}]}]}]}]}]}, "Triggers": [], "Planner Runtime": 0.56, "Total Runtime": 54066.693, "Unique SQL Id": 3026328400}}, "(1, 114)": {"explain_plan": {"Plan": {"Node Type": "Sort", "Startup Cost": 6922755.22, "Total Cost": 6922755.72, "Plan Rows": 200, "Plan Width": 8, "Sort Key": ["(count(*)) DESC", "c_orders.c_count DESC"], "Plans": [{"Node Type": "Aggregate", "Strategy": "Hashed", "Parent Relationship": "Outer", "Startup Cost": 6922745.58, "Total Cost": 6922747.58, "Plan Rows": 200, "Plan Width": 8, "Group By Key": ["c_orders.c_count"], "Plans": [{"Node Type": "Subquery Scan", "Parent Relationship": "Outer", "Alias": "c_orders", "Startup Cost": 6885245.58, "Total Cost": 6915245.58, "Plan Rows": 1500000, "Plan Width": 8, "Plans": [{"Node Type": "Aggregate", "Strategy": "Hashed", "Parent Relationship": "Subquery", "Startup Cost": 6885245.58, "Total Cost": 6900245.58, "Plan Rows": 1500000, "Plan Width": 16, "Group By Key": ["customer.c_custkey"], "Plans": [{"Node Type": "Nested Loop", "Parent Relationship": "Outer", "Join Type": "Left", "Startup Cost": 0.43, "Total Cost": 6853494.0, "Plan Rows": 6350316, "Plan Width": 16, "Inner Unique": false, "Plans": [{"Node Type": "Seq Scan", "Parent Relationship": "Outer", "Relation Name": "customer", "Alias": "customer", "Startup Cost": 0.0, "Total Cost": 52126.0, "Plan Rows": 1500000, "Plan Width": 8}, {"Node Type": "Bitmap Heap Scan", "Parent Relationship": "Inner", "Relation Name": "orders", "Alias": "orders", "Startup Cost": 0.43, "Total Cost": 4.49, "Plan Rows": 4, "Plan Width": 16, "Recheck Cond": "(customer.c_custkey = o_custkey)", "Filter": "((o_comment)::text !~~ '%pending%deposits%'::text)", "Plans": [{"Node Type": "Bitmap Index Scan", "Parent Relationship": "Outer", "Index Name": "idx_orders_custkey", "Startup Cost": 0.0, "Total Cost": 0.43, "Plan Rows": 4, "Plan Width": 0, "Index Cond": "(customer.c_custkey = o_custkey)"}]}]}]}]}]}]}, "Unique SQL Id": 3026328400}, "explain_analyze_plan": null}, "(1, 115)": {"explain_plan": {"Plan": {"Node Type": "Sort", "Startup Cost": 1000011234254.22, "Total Cost": 1000011234254.72, "Plan Rows": 200, "Plan Width": 8, "Sort Key": ["(count(*)) DESC", "c_orders.c_count DESC"], "Plans": [{"Node Type": "Aggregate", "Strategy": "Hashed", "Parent Relationship": "Outer", "Startup Cost": 1000011234244.58, "Total Cost": 1000011234246.58, "Plan Rows": 200, "Plan Width": 8, "Group By Key": ["c_orders.c_count"], "Plans": [{"Node Type": "Subquery Scan", "Parent Relationship": "Outer", "Alias": "c_orders", "Startup Cost": 10000000000.43, "Total Cost": 1000011226744.58, "Plan Rows": 1500000, "Plan Width": 8, "Plans": [{"Node Type": "Aggregate", "Strategy": "Sorted", "Parent Relationship": "Subquery", "Startup Cost": 10000000000.43, "Total Cost": 1000011211744.58, "Plan Rows": 1500000, "Plan Width": 24, "Group By Key": ["customer.c_custkey"], "Plans": [{"Node Type": "Nested Loop", "Parent Relationship": "Outer", "Join Type": "Left", "Startup Cost": 10000000000.43, "Total Cost": 1000011164993.0, "Plan Rows": 6350316, "Plan Width": 16, "Inner Unique": false, "Plans": [{"Node Type": "Index Only Scan", "Parent Relationship": "Outer", "Scan Direction": "Forward", "Index Name": "customer_pkey", "Relation Name": "customer", "Alias": "customer", "Startup Cost": 10000000000.0, "Total Cost": 1000004363625.0, "Plan Rows": 1500000, "Plan Width": 8}, {"Node Type": "Bitmap Heap Scan", "Parent Relationship": "Inner", "Relation Name": "orders", "Alias": "orders", "Startup Cost": 0.43, "Total Cost": 4.49, "Plan Rows": 4, "Plan Width": 16, "Recheck Cond": "(customer.c_custkey = o_custkey)", "Filter": "((o_comment)::text !~~ '%pending%deposits%'::text)", "Plans": [{"Node Type": "Bitmap Index Scan", "Parent Relationship": "Outer", "Index Name": "idx_orders_custkey", "Startup Cost": 0.0, "Total Cost": 0.43, "Plan Rows": 4, "Plan Width": 0, "Index Cond": "(customer.c_custkey = o_custkey)"}]}]}]}]}]}]}, "Unique SQL Id": 3026328400}, "explain_analyze_plan": {"Plan": {"Node Type": "Sort", "Startup Cost": 1000011234254.22, "Total Cost": 1000011234254.72, "Plan Rows": 200, "Plan Width": 8, "Actual Startup Time": 62555.418, "Actual Total Time": 62555.422, "Actual Rows": 46, "Actual Loops": 1, "Sort Key": ["(count(*)) DESC", "c_orders.c_count DESC"], "Sort Method": "quicksort", "Sort Space Used": 29, "Sort Space Type": "Memory", "Plans": [{"Node Type": "Aggregate", "Strategy": "Hashed", "Parent Relationship": "Outer", "Startup Cost": 1000011234244.58, "Total Cost": 1000011234246.58, "Plan Rows": 200, "Plan Width": 8, "Actual Startup Time": 62555.363, "Actual Total Time": 62555.373, "Actual Rows": 46, "Actual Loops": 1, "Group By Key": ["c_orders.c_count"], "Plans": [{"Node Type": "Subquery Scan", "Parent Relationship": "Outer", "Alias": "c_orders", "Startup Cost": 10000000000.43, "Total Cost": 1000011226744.58, "Plan Rows": 1500000, "Plan Width": 8, "Actual Startup Time": 0.177, "Actual Total Time": 61782.572, "Actual Rows": 1500000, "Actual Loops": 1, "Plans": [{"Node Type": "Aggregate", "Strategy": "Sorted", "Parent Relationship": "Subquery", "Startup Cost": 10000000000.43, "Total Cost": 1000011211744.58, "Plan Rows": 1500000, "Plan Width": 24, "Actual Startup Time": 0.176, "Actual Total Time": 61436.876, "Actual Rows": 1500000, "Actual Loops": 1, "Group By Key": ["customer.c_custkey"], "Plans": [{"Node Type": "Nested Loop", "Parent Relationship": "Outer", "Join Type": "Left", "Startup Cost": 10000000000.43, "Total Cost": 1000011164993.0, "Plan Rows": 6350316, "Plan Width": 16, "Actual Startup Time": 0.072, "Actual Total Time": 56992.363, "Actual Rows": 15338153, "Actual Loops": 1, "Inner Unique": false, "Plans": [{"Node Type": "Index Only Scan", "Parent Relationship": "Outer", "Scan Direction": "Forward", "Index Name": "customer_pkey", "Relation Name": "customer", "Alias": "customer", "Startup Cost": 10000000000.0, "Total Cost": 1000004363625.0, "Plan Rows": 1500000, "Plan Width": 8, "Actual Startup Time": 0.027, "Actual Total Time": 498.211, "Actual Rows": 1500000, "Actual Loops": 1, "Heap Fetches": 0}, {"Node Type": "Bitmap Heap Scan", "Parent Relationship": "Inner", "Relation Name": "orders", "Alias": "orders", "Startup Cost": 0.43, "Total Cost": 4.49, "Plan Rows": 4, "Plan Width": 16, "Actual Startup Time": 12057.857, "Actual Total Time": 51377.864, "Actual Rows": 14838130, "Actual Loops": 1500000, "Recheck Cond": "(customer.c_custkey = o_custkey)", "Rows Removed by Index Recheck": 0, "Filter": "((o_comment)::text !~~ '%pending%deposits%'::text)", "Rows Removed by Filter": 161870, "Exact Heap Blocks": 14999534, "Lossy Heap Blocks": 14999534, "Plans": [{"Node Type": "Bitmap Index Scan", "Parent Relationship": "Outer", "Index Name": "idx_orders_custkey", "Startup Cost": 0.0, "Total Cost": 0.43, "Plan Rows": 4, "Plan Width": 0, "Actual Startup Time": 6723.895, "Actual Total Time": 6723.895, "Actual Rows": 15000000, "Actual Loops": 1500000, "Index Cond": "(customer.c_custkey = o_custkey)"}]}]}]}]}]}]}, "Triggers": [], "Planner Runtime": 0.724, "Total Runtime": 62564.386, "Unique SQL Id": 3026328400}}, "(1, 116)": {"explain_plan": {"Plan": {"Node Type": "Sort", "Startup Cost": 2011931.22, "Total Cost": 2011931.72, "Plan Rows": 200, "Plan Width": 8, "Sort Key": ["(count(*)) DESC", "c_orders.c_count DESC"], "Plans": [{"Node Type": "Aggregate", "Strategy": "Hashed", "Parent Relationship": "Outer", "Startup Cost": 2011921.58, "Total Cost": 2011923.58, "Plan Rows": 200, "Plan Width": 8, "Group By Key": ["c_orders.c_count"], "Plans": [{"Node Type": "Subquery Scan", "Parent Relationship": "Outer", "Alias": "c_orders", "Startup Cost": 1974421.58, "Total Cost": 2004421.58, "Plan Rows": 1500000, "Plan Width": 8, "Plans": [{"Node Type": "Aggregate", "Strategy": "Hashed", "Parent Relationship": "Subquery", "Startup Cost": 1974421.58, "Total Cost": 1989421.58, "Plan Rows": 1500000, "Plan Width": 16, "Group By Key": ["customer.c_custkey"], "Plans": [{"Node Type": "Nested Loop", "Parent Relationship": "Outer", "Join Type": "Left", "Startup Cost": 0.0, "Total Cost": 1942670.0, "Plan Rows": 6350316, "Plan Width": 16, "Inner Unique": false, "Plans": [{"Node Type": "Seq Scan", "Parent Relationship": "Outer", "Relation Name": "customer", "Alias": "customer", "Startup Cost": 0.0, "Total Cost": 52126.0, "Plan Rows": 1500000, "Plan Width": 8}, {"Node Type": "Index Scan", "Parent Relationship": "Inner", "Scan Direction": "Forward", "Index Name": "idx_orders_custkey", "Relation Name": "orders", "Alias": "orders", "Startup Cost": 0.0, "Total Cost": 1.22, "Plan Rows": 4, "Plan Width": 16, "Index Cond": "(customer.c_custkey = o_custkey)", "Filter": "((o_comment)::text !~~ '%pending%deposits%'::text)"}]}]}]}]}]}, "Unique SQL Id": 3026328400}, "explain_analyze_plan": {"Plan": {"Node Type": "Sort", "Startup Cost": 2011931.22, "Total Cost": 2011931.72, "Plan Rows": 200, "Plan Width": 8, "Actual Startup Time": 55294.479, "Actual Total Time": 55294.483, "Actual Rows": 46, "Actual Loops": 1, "Sort Key": ["(count(*)) DESC", "c_orders.c_count DESC"], "Sort Method": "quicksort", "Sort Space Used": 29, "Sort Space Type": "Memory", "Plans": [{"Node Type": "Aggregate", "Strategy": "Hashed", "Parent Relationship": "Outer", "Startup Cost": 2011921.58, "Total Cost": 2011923.58, "Plan Rows": 200, "Plan Width": 8, "Actual Startup Time": 55294.418, "Actual Total Time": 55294.43, "Actual Rows": 46, "Actual Loops": 1, "Group By Key": ["c_orders.c_count"], "Plans": [{"Node Type": "Subquery Scan", "Parent Relationship": "Outer", "Alias": "c_orders", "Startup Cost": 1974421.58, "Total Cost": 2004421.58, "Plan Rows": 1500000, "Plan Width": 8, "Actual Startup Time": 53611.825, "Actual Total Time": 54877.212, "Actual Rows": 1500000, "Actual Loops": 1, "Plans": [{"Node Type": "Aggregate", "Strategy": "Hashed", "Parent Relationship": "Subquery", "Startup Cost": 1974421.58, "Total Cost": 1989421.58, "Plan Rows": 1500000, "Plan Width": 16, "Actual Startup Time": 53611.822, "Actual Total Time": 54609.205, "Actual Rows": 1500000, "Actual Loops": 1, "Group By Key": ["customer.c_custkey"], "Plans": [{"Node Type": "Nested Loop", "Parent Relationship": "Outer", "Join Type": "Left", "Startup Cost": 0.0, "Total Cost": 1942670.0, "Plan Rows": 6350316, "Plan Width": 16, "Actual Startup Time": 0.089, "Actual Total Time": 46716.854, "Actual Rows": 15338153, "Actual Loops": 1, "Inner Unique": false, "Plans": [{"Node Type": "Seq Scan", "Parent Relationship": "Outer", "Relation Name": "customer", "Alias": "customer", "Startup Cost": 0.0, "Total Cost": 52126.0, "Plan Rows": 1500000, "Plan Width": 8, "Actual Startup Time": 0.029, "Actual Total Time": 521.241, "Actual Rows": 1500000, "Actual Loops": 1}, {"Node Type": "Index Scan", "Parent Relationship": "Inner", "Scan Direction": "Forward", "Index Name": "idx_orders_custkey", "Relation Name": "orders", "Alias": "orders", "Startup Cost": 0.0, "Total Cost": 1.22, "Plan Rows": 4, "Plan Width": 16, "Actual Startup Time": 6989.73, "Actual Total Time": 42086.576, "Actual Rows": 14838130, "Actual Loops": 1500000, "Index Cond": "(customer.c_custkey = o_custkey)", "Rows Removed by Index Recheck": 0, "Filter": "((o_comment)::text !~~ '%pending%deposits%'::text)", "Rows Removed by Filter": 161870}]}]}]}]}]}, "Triggers": [], "Planner Runtime": 0.556, "Total Runtime": 55303.341, "Unique SQL Id": 3026328400}}, "(1, 117)": {"explain_plan": {"Plan": {"Node Type": "Sort", "Startup Cost": 2040570.58, "Total Cost": 2040571.08, "Plan Rows": 200, "Plan Width": 8, "Sort Key": ["(count(*)) DESC", "c_orders.c_count DESC"], "Plans": [{"Node Type": "Aggregate", "Strategy": "Hashed", "Parent Relationship": "Outer", "Startup Cost": 2040560.94, "Total Cost": 2040562.94, "Plan Rows": 200, "Plan Width": 8, "Group By Key": ["c_orders.c_count"], "Plans": [{"Node Type": "Subquery Scan", "Parent Relationship": "Outer", "Alias": "c_orders", "Startup Cost": 0.0, "Total Cost": 2033060.94, "Plan Rows": 1500000, "Plan Width": 8, "Plans": [{"Node Type": "Aggregate", "Strategy": "Sorted", "Parent Relationship": "Subquery", "Startup Cost": 0.0, "Total Cost": 2018060.94, "Plan Rows": 1500000, "Plan Width": 24, "Group By Key": ["customer.c_custkey"], "Plans": [{"Node Type": "Nested Loop", "Parent Relationship": "Outer", "Join Type": "Left", "Startup Cost": 0.0, "Total Cost": 1971309.36, "Plan Rows": 6350316, "Plan Width": 16, "Inner Unique": false, "Plans": [{"Node Type": "Index Scan", "Parent Relationship": "Outer", "Scan Direction": "Forward", "Index Name": "customer_pkey", "Relation Name": "customer", "Alias": "customer", "Startup Cost": 0.0, "Total Cost": 80765.36, "Plan Rows": 1500000, "Plan Width": 8}, {"Node Type": "Index Scan", "Parent Relationship": "Inner", "Scan Direction": "Forward", "Index Name": "idx_orders_custkey", "Relation Name": "orders", "Alias": "orders", "Startup Cost": 0.0, "Total Cost": 1.22, "Plan Rows": 4, "Plan Width": 16, "Index Cond": "(customer.c_custkey = o_custkey)", "Filter": "((o_comment)::text !~~ '%pending%deposits%'::text)"}]}]}]}]}]}, "Unique SQL Id": 3026328400}, "explain_analyze_plan": {"Plan": {"Node Type": "Sort", "Startup Cost": 2040570.58, "Total Cost": 2040571.08, "Plan Rows": 200, "Plan Width": 8, "Actual Startup Time": 53724.482, "Actual Total Time": 53724.485, "Actual Rows": 46, "Actual Loops": 1, "Sort Key": ["(count(*)) DESC", "c_orders.c_count DESC"], "Sort Method": "quicksort", "Sort Space Used": 29, "Sort Space Type": "Memory", "Plans": [{"Node Type": "Aggregate", "Strategy": "Hashed", "Parent Relationship": "Outer", "Startup Cost": 2040560.94, "Total Cost": 2040562.94, "Plan Rows": 200, "Plan Width": 8, "Actual Startup Time": 53724.421, "Actual Total Time": 53724.431, "Actual Rows": 46, "Actual Loops": 1, "Group By Key": ["c_orders.c_count"], "Plans": [{"Node Type": "Subquery Scan", "Parent Relationship": "Outer", "Alias": "c_orders", "Startup Cost": 0.0, "Total Cost": 2033060.94, "Plan Rows": 1500000, "Plan Width": 8, "Actual Startup Time": 0.173, "Actual Total Time": 53093.36, "Actual Rows": 1500000, "Actual Loops": 1, "Plans": [{"Node Type": "Aggregate", "Strategy": "Sorted", "Parent Relationship": "Subquery", "Startup Cost": 0.0, "Total Cost": 2018060.94, "Plan Rows": 1500000, "Plan Width": 24, "Actual Startup Time": 0.172, "Actual Total Time": 52782.296, "Actual Rows": 1500000, "Actual Loops": 1, "Group By Key": ["customer.c_custkey"], "Plans": [{"Node Type": "Nested Loop", "Parent Relationship": "Outer", "Join Type": "Left", "Startup Cost": 0.0, "Total Cost": 1971309.36, "Plan Rows": 6350316, "Plan Width": 16, "Actual Startup Time": 0.083, "Actual Total Time": 48377.295, "Actual Rows": 15338153, "Actual Loops": 1, "Inner Unique": false, "Plans": [{"Node Type": "Index Scan", "Parent Relationship": "Outer", "Scan Direction": "Forward", "Index Name": "customer_pkey", "Relation Name": "customer", "Alias": "customer", "Startup Cost": 0.0, "Total Cost": 80765.36, "Plan Rows": 1500000, "Plan Width": 8, "Actual Startup Time": 0.05, "Actual Total Time": 1074.721, "Actual Rows": 1500000, "Actual Loops": 1}, {"Node Type": "Index Scan", "Parent Relationship": "Inner", "Scan Direction": "Forward", "Index Name": "idx_orders_custkey", "Relation Name": "orders", "Alias": "orders", "Startup Cost": 0.0, "Total Cost": 1.22, "Plan Rows": 4, "Plan Width": 16, "Actual Startup Time": 7125.032, "Actual Total Time": 43386.786, "Actual Rows": 14838130, "Actual Loops": 1500000, "Index Cond": "(customer.c_custkey = o_custkey)", "Rows Removed by Index Recheck": 0, "Filter": "((o_comment)::text !~~ '%pending%deposits%'::text)", "Rows Removed by Filter": 161870}]}]}]}]}]}, "Triggers": [], "Planner Runtime": 0.569, "Total Runtime": 53733.409, "Unique SQL Id": 3026328400}}, "(1, 118)": {"explain_plan": {"Plan": {"Node Type": "Sort", "Startup Cost": 6922755.22, "Total Cost": 6922755.72, "Plan Rows": 200, "Plan Width": 8, "Sort Key": ["(count(*)) DESC", "c_orders.c_count DESC"], "Plans": [{"Node Type": "Aggregate", "Strategy": "Hashed", "Parent Relationship": "Outer", "Startup Cost": 6922745.58, "Total Cost": 6922747.58, "Plan Rows": 200, "Plan Width": 8, "Group By Key": ["c_orders.c_count"], "Plans": [{"Node Type": "Subquery Scan", "Parent Relationship": "Outer", "Alias": "c_orders", "Startup Cost": 6885245.58, "Total Cost": 6915245.58, "Plan Rows": 1500000, "Plan Width": 8, "Plans": [{"Node Type": "Aggregate", "Strategy": "Hashed", "Parent Relationship": "Subquery", "Startup Cost": 6885245.58, "Total Cost": 6900245.58, "Plan Rows": 1500000, "Plan Width": 16, "Group By Key": ["customer.c_custkey"], "Plans": [{"Node Type": "Nested Loop", "Parent Relationship": "Outer", "Join Type": "Left", "Startup Cost": 0.43, "Total Cost": 6853494.0, "Plan Rows": 6350316, "Plan Width": 16, "Inner Unique": false, "Plans": [{"Node Type": "Seq Scan", "Parent Relationship": "Outer", "Relation Name": "customer", "Alias": "customer", "Startup Cost": 0.0, "Total Cost": 52126.0, "Plan Rows": 1500000, "Plan Width": 8}, {"Node Type": "Bitmap Heap Scan", "Parent Relationship": "Inner", "Relation Name": "orders", "Alias": "orders", "Startup Cost": 0.43, "Total Cost": 4.49, "Plan Rows": 4, "Plan Width": 16, "Recheck Cond": "(customer.c_custkey = o_custkey)", "Filter": "((o_comment)::text !~~ '%pending%deposits%'::text)", "Plans": [{"Node Type": "Bitmap Index Scan", "Parent Relationship": "Outer", "Index Name": "idx_orders_custkey", "Startup Cost": 0.0, "Total Cost": 0.43, "Plan Rows": 4, "Plan Width": 0, "Index Cond": "(customer.c_custkey = o_custkey)"}]}]}]}]}]}]}, "Unique SQL Id": 3026328400}, "explain_analyze_plan": null}, "(1, 119)": {"explain_plan": {"Plan": {"Node Type": "Sort", "Startup Cost": 1000014947164.85, "Total Cost": 1000014947165.35, "Plan Rows": 200, "Plan Width": 8, "Sort Key": ["(count(*)) DESC", "c_orders.c_count DESC"], "Plans": [{"Node Type": "Aggregate", "Strategy": "Hashed", "Parent Relationship": "Outer", "Startup Cost": 1000014947155.2, "Total Cost": 1000014947157.2, "Plan Rows": 200, "Plan Width": 8, "Group By Key": ["c_orders.c_count"], "Plans": [{"Node Type": "Subquery Scan", "Parent Relationship": "Outer", "Alias": "c_orders", "Startup Cost": 10000000000.43, "Total Cost": 1000014939655.2, "Plan Rows": 1500000, "Plan Width": 8, "Plans": [{"Node Type": "Aggregate", "Strategy": "Sorted", "Parent Relationship": "Subquery", "Startup Cost": 10000000000.43, "Total Cost": 1000014924655.2, "Plan Rows": 1500000, "Plan Width": 24, "Group By Key": ["customer.c_custkey"], "Plans": [{"Node Type": "Nested Loop", "Parent Relationship": "Outer", "Join Type": "Left", "Startup Cost": 10000000000.43, "Total Cost": 1000014877903.62, "Plan Rows": 6350316, "Plan Width": 16, "Inner Unique": false, "Plans": [{"Node Type": "Index Scan", "Parent Relationship": "Outer", "Scan Direction": "Forward", "Index Name": "customer_pkey", "Relation Name": "customer", "Alias": "customer", "Startup Cost": 10000000000.0, "Total Cost": 1000008076535.62, "Plan Rows": 1500000, "Plan Width": 8}, {"Node Type": "Bitmap Heap Scan", "Parent Relationship": "Inner", "Relation Name": "orders", "Alias": "orders", "Startup Cost": 0.43, "Total Cost": 4.49, "Plan Rows": 4, "Plan Width": 16, "Recheck Cond": "(customer.c_custkey = o_custkey)", "Filter": "((o_comment)::text !~~ '%pending%deposits%'::text)", "Plans": [{"Node Type": "Bitmap Index Scan", "Parent Relationship": "Outer", "Index Name": "idx_orders_custkey", "Startup Cost": 0.0, "Total Cost": 0.43, "Plan Rows": 4, "Plan Width": 0, "Index Cond": "(customer.c_custkey = o_custkey)"}]}]}]}]}]}]}, "Unique SQL Id": 3026328400}, "explain_analyze_plan": null}, "(1, 120)": {"explain_plan": {"Plan": {"Node Type": "Sort", "Startup Cost": 2003441.47, "Total Cost": 2003441.97, "Plan Rows": 200, "Plan Width": 8, "Sort Key": ["(count(*)) DESC", "c_orders.c_count DESC"], "Plans": [{"Node Type": "Aggregate", "Strategy": "Hashed", "Parent Relationship": "Outer", "Startup Cost": 2003431.83, "Total Cost": 2003433.83, "Plan Rows": 200, "Plan Width": 8, "Group By Key": ["c_orders.c_count"], "Plans": [{"Node Type": "Subquery Scan", "Parent Relationship": "Outer", "Alias": "c_orders", "Startup Cost": 0.0, "Total Cost": 1995931.83, "Plan Rows": 1500000, "Plan Width": 8, "Plans": [{"Node Type": "Aggregate", "Strategy": "Sorted", "Parent Relationship": "Subquery", "Startup Cost": 0.0, "Total Cost": 1980931.83, "Plan Rows": 1500000, "Plan Width": 24, "Group By Key": ["customer.c_custkey"], "Plans": [{"Node Type": "Nested Loop", "Parent Relationship": "Outer", "Join Type": "Left", "Startup Cost": 0.0, "Total Cost": 1934180.25, "Plan Rows": 6350316, "Plan Width": 16, "Inner Unique": false, "Plans": [{"Node Type": "Index Only Scan", "Parent Relationship": "Outer", "Scan Direction": "Forward", "Index Name": "customer_pkey", "Relation Name": "customer", "Alias": "customer", "Startup Cost": 0.0, "Total Cost": 43636.25, "Plan Rows": 1500000, "Plan Width": 8}, {"Node Type": "Index Scan", "Parent Relationship": "Inner", "Scan Direction": "Forward", "Index Name": "idx_orders_custkey", "Relation Name": "orders", "Alias": "orders", "Startup Cost": 0.0, "Total Cost": 1.22, "Plan Rows": 4, "Plan Width": 16, "Index Cond": "(customer.c_custkey = o_custkey)", "Filter": "((o_comment)::text !~~ '%pending%deposits%'::text)"}]}]}]}]}]}, "Unique SQL Id": 3026328400}, "explain_analyze_plan": {"Plan": {"Node Type": "Sort", "Startup Cost": 2003441.47, "Total Cost": 2003441.97, "Plan Rows": 200, "Plan Width": 8, "Actual Startup Time": 54057.805, "Actual Total Time": 54057.809, "Actual Rows": 46, "Actual Loops": 1, "Sort Key": ["(count(*)) DESC", "c_orders.c_count DESC"], "Sort Method": "quicksort", "Sort Space Used": 29, "Sort Space Type": "Memory", "Plans": [{"Node Type": "Aggregate", "Strategy": "Hashed", "Parent Relationship": "Outer", "Startup Cost": 2003431.83, "Total Cost": 2003433.83, "Plan Rows": 200, "Plan Width": 8, "Actual Startup Time": 54057.731, "Actual Total Time": 54057.743, "Actual Rows": 46, "Actual Loops": 1, "Group By Key": ["c_orders.c_count"], "Plans": [{"Node Type": "Subquery Scan", "Parent Relationship": "Outer", "Alias": "c_orders", "Startup Cost": 0.0, "Total Cost": 1995931.83, "Plan Rows": 1500000, "Plan Width": 8, "Actual Startup Time": 0.163, "Actual Total Time": 53402.028, "Actual Rows": 1500000, "Actual Loops": 1, "Plans": [{"Node Type": "Aggregate", "Strategy": "Sorted", "Parent Relationship": "Subquery", "Startup Cost": 0.0, "Total Cost": 1980931.83, "Plan Rows": 1500000, "Plan Width": 24, "Actual Startup Time": 0.162, "Actual Total Time": 53098.656, "Actual Rows": 1500000, "Actual Loops": 1, "Group By Key": ["customer.c_custkey"], "Plans": [{"Node Type": "Nested Loop", "Parent Relationship": "Outer", "Join Type": "Left", "Startup Cost": 0.0, "Total Cost": 1934180.25, "Plan Rows": 6350316, "Plan Width": 16, "Actual Startup Time": 0.09, "Actual Total Time": 48769.822, "Actual Rows": 15338153, "Actual Loops": 1, "Inner Unique": false, "Plans": [{"Node Type": "Index Only Scan", "Parent Relationship": "Outer", "Scan Direction": "Forward", "Index Name": "customer_pkey", "Relation Name": "customer", "Alias": "customer", "Startup Cost": 0.0, "Total Cost": 43636.25, "Plan Rows": 1500000, "Plan Width": 8, "Actual Startup Time": 0.045, "Actual Total Time": 427.775, "Actual Rows": 1500000, "Actual Loops": 1, "Heap Fetches": 0}, {"Node Type": "Index Scan", "Parent Relationship": "Inner", "Scan Direction": "Forward", "Index Name": "idx_orders_custkey", "Relation Name": "orders", "Alias": "orders", "Startup Cost": 0.0, "Total Cost": 1.22, "Plan Rows": 4, "Plan Width": 16, "Actual Startup Time": 7249.09, "Actual Total Time": 44454.385, "Actual Rows": 14838130, "Actual Loops": 1500000, "Index Cond": "(customer.c_custkey = o_custkey)", "Rows Removed by Index Recheck": 0, "Filter": "((o_comment)::text !~~ '%pending%deposits%'::text)", "Rows Removed by Filter": 161870}]}]}]}]}]}, "Triggers": [], "Planner Runtime": 0.56, "Total Runtime": 54066.693, "Unique SQL Id": 3026328400}}, "(1, 121)": {"explain_plan": {"Plan": {"Node Type": "Sort", "Startup Cost": 2003441.47, "Total Cost": 2003441.97, "Plan Rows": 200, "Plan Width": 8, "Sort Key": ["(count(*)) DESC", "c_orders.c_count DESC"], "Plans": [{"Node Type": "Aggregate", "Strategy": "Hashed", "Parent Relationship": "Outer", "Startup Cost": 2003431.83, "Total Cost": 2003433.83, "Plan Rows": 200, "Plan Width": 8, "Group By Key": ["c_orders.c_count"], "Plans": [{"Node Type": "Subquery Scan", "Parent Relationship": "Outer", "Alias": "c_orders", "Startup Cost": 0.0, "Total Cost": 1995931.83, "Plan Rows": 1500000, "Plan Width": 8, "Plans": [{"Node Type": "Aggregate", "Strategy": "Sorted", "Parent Relationship": "Subquery", "Startup Cost": 0.0, "Total Cost": 1980931.83, "Plan Rows": 1500000, "Plan Width": 24, "Group By Key": ["customer.c_custkey"], "Plans": [{"Node Type": "Nested Loop", "Parent Relationship": "Outer", "Join Type": "Left", "Startup Cost": 0.0, "Total Cost": 1934180.25, "Plan Rows": 6350316, "Plan Width": 16, "Inner Unique": false, "Plans": [{"Node Type": "Index Only Scan", "Parent Relationship": "Outer", "Scan Direction": "Forward", "Index Name": "customer_pkey", "Relation Name": "customer", "Alias": "customer", "Startup Cost": 0.0, "Total Cost": 43636.25, "Plan Rows": 1500000, "Plan Width": 8}, {"Node Type": "Index Scan", "Parent Relationship": "Inner", "Scan Direction": "Forward", "Index Name": "idx_orders_custkey", "Relation Name": "orders", "Alias": "orders", "Startup Cost": 0.0, "Total Cost": 1.22, "Plan Rows": 4, "Plan Width": 16, "Index Cond": "(customer.c_custkey = o_custkey)", "Filter": "((o_comment)::text !~~ '%pending%deposits%'::text)"}]}]}]}]}]}, "Unique SQL Id": 3026328400}, "explain_analyze_plan": {"Plan": {"Node Type": "Sort", "Startup Cost": 2003441.47, "Total Cost": 2003441.97, "Plan Rows": 200, "Plan Width": 8, "Actual Startup Time": 54057.805, "Actual Total Time": 54057.809, "Actual Rows": 46, "Actual Loops": 1, "Sort Key": ["(count(*)) DESC", "c_orders.c_count DESC"], "Sort Method": "quicksort", "Sort Space Used": 29, "Sort Space Type": "Memory", "Plans": [{"Node Type": "Aggregate", "Strategy": "Hashed", "Parent Relationship": "Outer", "Startup Cost": 2003431.83, "Total Cost": 2003433.83, "Plan Rows": 200, "Plan Width": 8, "Actual Startup Time": 54057.731, "Actual Total Time": 54057.743, "Actual Rows": 46, "Actual Loops": 1, "Group By Key": ["c_orders.c_count"], "Plans": [{"Node Type": "Subquery Scan", "Parent Relationship": "Outer", "Alias": "c_orders", "Startup Cost": 0.0, "Total Cost": 1995931.83, "Plan Rows": 1500000, "Plan Width": 8, "Actual Startup Time": 0.163, "Actual Total Time": 53402.028, "Actual Rows": 1500000, "Actual Loops": 1, "Plans": [{"Node Type": "Aggregate", "Strategy": "Sorted", "Parent Relationship": "Subquery", "Startup Cost": 0.0, "Total Cost": 1980931.83, "Plan Rows": 1500000, "Plan Width": 24, "Actual Startup Time": 0.162, "Actual Total Time": 53098.656, "Actual Rows": 1500000, "Actual Loops": 1, "Group By Key": ["customer.c_custkey"], "Plans": [{"Node Type": "Nested Loop", "Parent Relationship": "Outer", "Join Type": "Left", "Startup Cost": 0.0, "Total Cost": 1934180.25, "Plan Rows": 6350316, "Plan Width": 16, "Actual Startup Time": 0.09, "Actual Total Time": 48769.822, "Actual Rows": 15338153, "Actual Loops": 1, "Inner Unique": false, "Plans": [{"Node Type": "Index Only Scan", "Parent Relationship": "Outer", "Scan Direction": "Forward", "Index Name": "customer_pkey", "Relation Name": "customer", "Alias": "customer", "Startup Cost": 0.0, "Total Cost": 43636.25, "Plan Rows": 1500000, "Plan Width": 8, "Actual Startup Time": 0.045, "Actual Total Time": 427.775, "Actual Rows": 1500000, "Actual Loops": 1, "Heap Fetches": 0}, {"Node Type": "Index Scan", "Parent Relationship": "Inner", "Scan Direction": "Forward", "Index Name": "idx_orders_custkey", "Relation Name": "orders", "Alias": "orders", "Startup Cost": 0.0, "Total Cost": 1.22, "Plan Rows": 4, "Plan Width": 16, "Actual Startup Time": 7249.09, "Actual Total Time": 44454.385, "Actual Rows": 14838130, "Actual Loops": 1500000, "Index Cond": "(customer.c_custkey = o_custkey)", "Rows Removed by Index Recheck": 0, "Filter": "((o_comment)::text !~~ '%pending%deposits%'::text)", "Rows Removed by Filter": 161870}]}]}]}]}]}, "Triggers": [], "Planner Runtime": 0.56, "Total Runtime": 54066.693, "Unique SQL Id": 3026328400}}, "(1, 122)": {"explain_plan": {"Plan": {"Node Type": "Sort", "Startup Cost": 334005202411.33, "Total Cost": 334005202411.83, "Plan Rows": 200, "Plan Width": 8, "Sort Key": ["(count(*)) DESC", "c_orders.c_count DESC"], "Plans": [{"Node Type": "Aggregate", "Strategy": "Hashed", "Parent Relationship": "Outer", "Startup Cost": 334005202401.69, "Total Cost": 334005202403.69, "Plan Rows": 200, "Plan Width": 8, "Group By Key": ["c_orders.c_count"], "Plans": [{"Node Type": "Subquery Scan", "Parent Relationship": "Outer", "Alias": "c_orders", "Startup Cost": 334005164901.69, "Total Cost": 334005194901.69, "Plan Rows": 1500000, "Plan Width": 8, "Plans": [{"Node Type": "Aggregate", "Strategy": "Hashed", "Parent Relationship": "Subquery", "Startup Cost": 334005164901.69, "Total Cost": 334005179901.69, "Plan Rows": 1500000, "Plan Width": 16, "Group By Key": ["customer.c_custkey"], "Plans": [{"Node Type": "Nested Loop", "Parent Relationship": "Outer", "Join Type": "Left", "Startup Cost": 0.0, "Total Cost": 334005133150.11, "Plan Rows": 6350316, "Plan Width": 16, "Inner Unique": false, "Join Filter": "(customer.c_custkey = orders.o_custkey), (LLVM Optimized)", "Plans": [{"Node Type": "Seq Scan", "Parent Relationship": "Outer", "Relation Name": "customer", "Alias": "customer", "Startup Cost": 0.0, "Total Cost": 52126.0, "Plan Rows": 1500000, "Plan Width": 8}, {"Node Type": "Materialize", "Parent Relationship": "Inner", "Startup Cost": 0.0, "Total Cost": 538135.73, "Plan Rows": 14844648, "Plan Width": 16, "Plans": [{"Node Type": "Seq Scan", "Parent Relationship": "Outer", "Relation Name": "orders", "Alias": "orders", "Startup Cost": 0.0, "Total Cost": 463912.49, "Plan Rows": 14844648, "Plan Width": 16, "Filter": "((o_comment)::text !~~ '%pending%deposits%'::text), (LLVM Optimized)"}]}]}]}]}]}]}, "Unique SQL Id": 3026328400}, "explain_analyze_plan": null}, "(1, 123)": {"explain_plan": {"Plan": {"Node Type": "Sort", "Startup Cost": 2334168851396.68, "Total Cost": 2334168851397.18, "Plan Rows": 200, "Plan Width": 8, "Sort Key": ["(count(*)) DESC", "c_orders.c_count DESC"], "Plans": [{"Node Type": "Aggregate", "Strategy": "Hashed", "Parent Relationship": "Outer", "Startup Cost": 2334168851387.03, "Total Cost": 2334168851389.03, "Plan Rows": 200, "Plan Width": 8, "Group By Key": ["c_orders.c_count"], "Plans": [{"Node Type": "Subquery Scan", "Parent Relationship": "Outer", "Alias": "c_orders", "Startup Cost": 20000000000.0, "Total Cost": 2334168843887.03, "Plan Rows": 1500000, "Plan Width": 8, "Plans": [{"Node Type": "Aggregate", "Strategy": "Sorted", "Parent Relationship": "Subquery", "Startup Cost": 20000000000.0, "Total Cost": 2334168828887.03, "Plan Rows": 1500000, "Plan Width": 24, "Group By Key": ["customer.c_custkey"], "Plans": [{"Node Type": "Nested Loop", "Parent Relationship": "Outer", "Join Type": "Left", "Startup Cost": 20000000000.0, "Total Cost": 2334168782135.45, "Plan Rows": 6350316, "Plan Width": 16, "Inner Unique": false, "Join Filter": "(customer.c_custkey = orders.o_custkey), (LLVM Optimized)", "Plans": [{"Node Type": "Index Only Scan", "Parent Relationship": "Outer", "Scan Direction": "Forward", "Index Name": "customer_pkey", "Relation Name": "customer", "Alias": "customer", "Startup Cost": 10000000000.0, "Total Cost": 1000004363625.0, "Plan Rows": 1500000, "Plan Width": 8}, {"Node Type": "Materialize", "Parent Relationship": "Inner", "Startup Cost": 10000000000.0, "Total Cost": 1000159875622.07, "Plan Rows": 14844648, "Plan Width": 16, "Plans": [{"Node Type": "Index Scan", "Parent Relationship": "Outer", "Scan Direction": "Forward", "Index Name": "idx_orders_custkey", "Relation Name": "orders", "Alias": "orders", "Startup Cost": 10000000000.0, "Total Cost": 1000159801398.83, "Plan Rows": 14844648, "Plan Width": 16, "Filter": "((o_comment)::text !~~ '%pending%deposits%'::text), (LLVM Optimized)"}]}]}]}]}]}]}, "Unique SQL Id": 3026328400}, "explain_analyze_plan": null}, "(1, 124)": {"explain_plan": {"Plan": {"Node Type": "Sort", "Startup Cost": 2011931.22, "Total Cost": 2011931.72, "Plan Rows": 200, "Plan Width": 8, "Sort Key": ["(count(*)) DESC", "c_orders.c_count DESC"], "Plans": [{"Node Type": "Aggregate", "Strategy": "Hashed", "Parent Relationship": "Outer", "Startup Cost": 2011921.58, "Total Cost": 2011923.58, "Plan Rows": 200, "Plan Width": 8, "Group By Key": ["c_orders.c_count"], "Plans": [{"Node Type": "Subquery Scan", "Parent Relationship": "Outer", "Alias": "c_orders", "Startup Cost": 1974421.58, "Total Cost": 2004421.58, "Plan Rows": 1500000, "Plan Width": 8, "Plans": [{"Node Type": "Aggregate", "Strategy": "Hashed", "Parent Relationship": "Subquery", "Startup Cost": 1974421.58, "Total Cost": 1989421.58, "Plan Rows": 1500000, "Plan Width": 16, "Group By Key": ["customer.c_custkey"], "Plans": [{"Node Type": "Nested Loop", "Parent Relationship": "Outer", "Join Type": "Left", "Startup Cost": 0.0, "Total Cost": 1942670.0, "Plan Rows": 6350316, "Plan Width": 16, "Inner Unique": false, "Plans": [{"Node Type": "Seq Scan", "Parent Relationship": "Outer", "Relation Name": "customer", "Alias": "customer", "Startup Cost": 0.0, "Total Cost": 52126.0, "Plan Rows": 1500000, "Plan Width": 8}, {"Node Type": "Index Scan", "Parent Relationship": "Inner", "Scan Direction": "Forward", "Index Name": "idx_orders_custkey", "Relation Name": "orders", "Alias": "orders", "Startup Cost": 0.0, "Total Cost": 1.22, "Plan Rows": 4, "Plan Width": 16, "Index Cond": "(customer.c_custkey = o_custkey)", "Filter": "((o_comment)::text !~~ '%pending%deposits%'::text)"}]}]}]}]}]}, "Unique SQL Id": 3026328400}, "explain_analyze_plan": {"Plan": {"Node Type": "Sort", "Startup Cost": 2011931.22, "Total Cost": 2011931.72, "Plan Rows": 200, "Plan Width": 8, "Actual Startup Time": 55294.479, "Actual Total Time": 55294.483, "Actual Rows": 46, "Actual Loops": 1, "Sort Key": ["(count(*)) DESC", "c_orders.c_count DESC"], "Sort Method": "quicksort", "Sort Space Used": 29, "Sort Space Type": "Memory", "Plans": [{"Node Type": "Aggregate", "Strategy": "Hashed", "Parent Relationship": "Outer", "Startup Cost": 2011921.58, "Total Cost": 2011923.58, "Plan Rows": 200, "Plan Width": 8, "Actual Startup Time": 55294.418, "Actual Total Time": 55294.43, "Actual Rows": 46, "Actual Loops": 1, "Group By Key": ["c_orders.c_count"], "Plans": [{"Node Type": "Subquery Scan", "Parent Relationship": "Outer", "Alias": "c_orders", "Startup Cost": 1974421.58, "Total Cost": 2004421.58, "Plan Rows": 1500000, "Plan Width": 8, "Actual Startup Time": 53611.825, "Actual Total Time": 54877.212, "Actual Rows": 1500000, "Actual Loops": 1, "Plans": [{"Node Type": "Aggregate", "Strategy": "Hashed", "Parent Relationship": "Subquery", "Startup Cost": 1974421.58, "Total Cost": 1989421.58, "Plan Rows": 1500000, "Plan Width": 16, "Actual Startup Time": 53611.822, "Actual Total Time": 54609.205, "Actual Rows": 1500000, "Actual Loops": 1, "Group By Key": ["customer.c_custkey"], "Plans": [{"Node Type": "Nested Loop", "Parent Relationship": "Outer", "Join Type": "Left", "Startup Cost": 0.0, "Total Cost": 1942670.0, "Plan Rows": 6350316, "Plan Width": 16, "Actual Startup Time": 0.089, "Actual Total Time": 46716.854, "Actual Rows": 15338153, "Actual Loops": 1, "Inner Unique": false, "Plans": [{"Node Type": "Seq Scan", "Parent Relationship": "Outer", "Relation Name": "customer", "Alias": "customer", "Startup Cost": 0.0, "Total Cost": 52126.0, "Plan Rows": 1500000, "Plan Width": 8, "Actual Startup Time": 0.029, "Actual Total Time": 521.241, "Actual Rows": 1500000, "Actual Loops": 1}, {"Node Type": "Index Scan", "Parent Relationship": "Inner", "Scan Direction": "Forward", "Index Name": "idx_orders_custkey", "Relation Name": "orders", "Alias": "orders", "Startup Cost": 0.0, "Total Cost": 1.22, "Plan Rows": 4, "Plan Width": 16, "Actual Startup Time": 6989.73, "Actual Total Time": 42086.576, "Actual Rows": 14838130, "Actual Loops": 1500000, "Index Cond": "(customer.c_custkey = o_custkey)", "Rows Removed by Index Recheck": 0, "Filter": "((o_comment)::text !~~ '%pending%deposits%'::text)", "Rows Removed by Filter": 161870}]}]}]}]}]}, "Triggers": [], "Planner Runtime": 0.556, "Total Runtime": 55303.341, "Unique SQL Id": 3026328400}}, "(1, 125)": {"explain_plan": {"Plan": {"Node Type": "Sort", "Startup Cost": 2040570.58, "Total Cost": 2040571.08, "Plan Rows": 200, "Plan Width": 8, "Sort Key": ["(count(*)) DESC", "c_orders.c_count DESC"], "Plans": [{"Node Type": "Aggregate", "Strategy": "Hashed", "Parent Relationship": "Outer", "Startup Cost": 2040560.94, "Total Cost": 2040562.94, "Plan Rows": 200, "Plan Width": 8, "Group By Key": ["c_orders.c_count"], "Plans": [{"Node Type": "Subquery Scan", "Parent Relationship": "Outer", "Alias": "c_orders", "Startup Cost": 0.0, "Total Cost": 2033060.94, "Plan Rows": 1500000, "Plan Width": 8, "Plans": [{"Node Type": "Aggregate", "Strategy": "Sorted", "Parent Relationship": "Subquery", "Startup Cost": 0.0, "Total Cost": 2018060.94, "Plan Rows": 1500000, "Plan Width": 24, "Group By Key": ["customer.c_custkey"], "Plans": [{"Node Type": "Nested Loop", "Parent Relationship": "Outer", "Join Type": "Left", "Startup Cost": 0.0, "Total Cost": 1971309.36, "Plan Rows": 6350316, "Plan Width": 16, "Inner Unique": false, "Plans": [{"Node Type": "Index Scan", "Parent Relationship": "Outer", "Scan Direction": "Forward", "Index Name": "customer_pkey", "Relation Name": "customer", "Alias": "customer", "Startup Cost": 0.0, "Total Cost": 80765.36, "Plan Rows": 1500000, "Plan Width": 8}, {"Node Type": "Index Scan", "Parent Relationship": "Inner", "Scan Direction": "Forward", "Index Name": "idx_orders_custkey", "Relation Name": "orders", "Alias": "orders", "Startup Cost": 0.0, "Total Cost": 1.22, "Plan Rows": 4, "Plan Width": 16, "Index Cond": "(customer.c_custkey = o_custkey)", "Filter": "((o_comment)::text !~~ '%pending%deposits%'::text)"}]}]}]}]}]}, "Unique SQL Id": 3026328400}, "explain_analyze_plan": {"Plan": {"Node Type": "Sort", "Startup Cost": 2040570.58, "Total Cost": 2040571.08, "Plan Rows": 200, "Plan Width": 8, "Actual Startup Time": 53724.482, "Actual Total Time": 53724.485, "Actual Rows": 46, "Actual Loops": 1, "Sort Key": ["(count(*)) DESC", "c_orders.c_count DESC"], "Sort Method": "quicksort", "Sort Space Used": 29, "Sort Space Type": "Memory", "Plans": [{"Node Type": "Aggregate", "Strategy": "Hashed", "Parent Relationship": "Outer", "Startup Cost": 2040560.94, "Total Cost": 2040562.94, "Plan Rows": 200, "Plan Width": 8, "Actual Startup Time": 53724.421, "Actual Total Time": 53724.431, "Actual Rows": 46, "Actual Loops": 1, "Group By Key": ["c_orders.c_count"], "Plans": [{"Node Type": "Subquery Scan", "Parent Relationship": "Outer", "Alias": "c_orders", "Startup Cost": 0.0, "Total Cost": 2033060.94, "Plan Rows": 1500000, "Plan Width": 8, "Actual Startup Time": 0.173, "Actual Total Time": 53093.36, "Actual Rows": 1500000, "Actual Loops": 1, "Plans": [{"Node Type": "Aggregate", "Strategy": "Sorted", "Parent Relationship": "Subquery", "Startup Cost": 0.0, "Total Cost": 2018060.94, "Plan Rows": 1500000, "Plan Width": 24, "Actual Startup Time": 0.172, "Actual Total Time": 52782.296, "Actual Rows": 1500000, "Actual Loops": 1, "Group By Key": ["customer.c_custkey"], "Plans": [{"Node Type": "Nested Loop", "Parent Relationship": "Outer", "Join Type": "Left", "Startup Cost": 0.0, "Total Cost": 1971309.36, "Plan Rows": 6350316, "Plan Width": 16, "Actual Startup Time": 0.083, "Actual Total Time": 48377.295, "Actual Rows": 15338153, "Actual Loops": 1, "Inner Unique": false, "Plans": [{"Node Type": "Index Scan", "Parent Relationship": "Outer", "Scan Direction": "Forward", "Index Name": "customer_pkey", "Relation Name": "customer", "Alias": "customer", "Startup Cost": 0.0, "Total Cost": 80765.36, "Plan Rows": 1500000, "Plan Width": 8, "Actual Startup Time": 0.05, "Actual Total Time": 1074.721, "Actual Rows": 1500000, "Actual Loops": 1}, {"Node Type": "Index Scan", "Parent Relationship": "Inner", "Scan Direction": "Forward", "Index Name": "idx_orders_custkey", "Relation Name": "orders", "Alias": "orders", "Startup Cost": 0.0, "Total Cost": 1.22, "Plan Rows": 4, "Plan Width": 16, "Actual Startup Time": 7125.032, "Actual Total Time": 43386.786, "Actual Rows": 14838130, "Actual Loops": 1500000, "Index Cond": "(customer.c_custkey = o_custkey)", "Rows Removed by Index Recheck": 0, "Filter": "((o_comment)::text !~~ '%pending%deposits%'::text)", "Rows Removed by Filter": 161870}]}]}]}]}]}, "Triggers": [], "Planner Runtime": 0.569, "Total Runtime": 53733.409, "Unique SQL Id": 3026328400}}, "(1, 126)": {"explain_plan": {"Plan": {"Node Type": "Sort", "Startup Cost": 334005202411.33, "Total Cost": 334005202411.83, "Plan Rows": 200, "Plan Width": 8, "Sort Key": ["(count(*)) DESC", "c_orders.c_count DESC"], "Plans": [{"Node Type": "Aggregate", "Strategy": "Hashed", "Parent Relationship": "Outer", "Startup Cost": 334005202401.69, "Total Cost": 334005202403.69, "Plan Rows": 200, "Plan Width": 8, "Group By Key": ["c_orders.c_count"], "Plans": [{"Node Type": "Subquery Scan", "Parent Relationship": "Outer", "Alias": "c_orders", "Startup Cost": 334005164901.69, "Total Cost": 334005194901.69, "Plan Rows": 1500000, "Plan Width": 8, "Plans": [{"Node Type": "Aggregate", "Strategy": "Hashed", "Parent Relationship": "Subquery", "Startup Cost": 334005164901.69, "Total Cost": 334005179901.69, "Plan Rows": 1500000, "Plan Width": 16, "Group By Key": ["customer.c_custkey"], "Plans": [{"Node Type": "Nested Loop", "Parent Relationship": "Outer", "Join Type": "Left", "Startup Cost": 0.0, "Total Cost": 334005133150.11, "Plan Rows": 6350316, "Plan Width": 16, "Inner Unique": false, "Join Filter": "(customer.c_custkey = orders.o_custkey), (LLVM Optimized)", "Plans": [{"Node Type": "Seq Scan", "Parent Relationship": "Outer", "Relation Name": "customer", "Alias": "customer", "Startup Cost": 0.0, "Total Cost": 52126.0, "Plan Rows": 1500000, "Plan Width": 8}, {"Node Type": "Materialize", "Parent Relationship": "Inner", "Startup Cost": 0.0, "Total Cost": 538135.73, "Plan Rows": 14844648, "Plan Width": 16, "Plans": [{"Node Type": "Seq Scan", "Parent Relationship": "Outer", "Relation Name": "orders", "Alias": "orders", "Startup Cost": 0.0, "Total Cost": 463912.49, "Plan Rows": 14844648, "Plan Width": 16, "Filter": "((o_comment)::text !~~ '%pending%deposits%'::text), (LLVM Optimized)"}]}]}]}]}]}]}, "Unique SQL Id": 3026328400}, "explain_analyze_plan": null}, "(1, 127)": {"explain_plan": {"Plan": {"Node Type": "Sort", "Startup Cost": 2334172564307.3, "Total Cost": 2334172564307.8, "Plan Rows": 200, "Plan Width": 8, "Sort Key": ["(count(*)) DESC", "c_orders.c_count DESC"], "Plans": [{"Node Type": "Aggregate", "Strategy": "Hashed", "Parent Relationship": "Outer", "Startup Cost": 2334172564297.65, "Total Cost": 2334172564299.65, "Plan Rows": 200, "Plan Width": 8, "Group By Key": ["c_orders.c_count"], "Plans": [{"Node Type": "Subquery Scan", "Parent Relationship": "Outer", "Alias": "c_orders", "Startup Cost": 20000000000.0, "Total Cost": 2334172556797.65, "Plan Rows": 1500000, "Plan Width": 8, "Plans": [{"Node Type": "Aggregate", "Strategy": "Sorted", "Parent Relationship": "Subquery", "Startup Cost": 20000000000.0, "Total Cost": 2334172541797.65, "Plan Rows": 1500000, "Plan Width": 24, "Group By Key": ["customer.c_custkey"], "Plans": [{"Node Type": "Nested Loop", "Parent Relationship": "Outer", "Join Type": "Left", "Startup Cost": 20000000000.0, "Total Cost": 2334172495046.07, "Plan Rows": 6350316, "Plan Width": 16, "Inner Unique": false, "Join Filter": "(customer.c_custkey = orders.o_custkey), (LLVM Optimized)", "Plans": [{"Node Type": "Index Scan", "Parent Relationship": "Outer", "Scan Direction": "Forward", "Index Name": "customer_pkey", "Relation Name": "customer", "Alias": "customer", "Startup Cost": 10000000000.0, "Total Cost": 1000008076535.62, "Plan Rows": 1500000, "Plan Width": 8}, {"Node Type": "Materialize", "Parent Relationship": "Inner", "Startup Cost": 10000000000.0, "Total Cost": 1000159875622.07, "Plan Rows": 14844648, "Plan Width": 16, "Plans": [{"Node Type": "Index Scan", "Parent Relationship": "Outer", "Scan Direction": "Forward", "Index Name": "idx_orders_custkey", "Relation Name": "orders", "Alias": "orders", "Startup Cost": 10000000000.0, "Total Cost": 1000159801398.83, "Plan Rows": 14844648, "Plan Width": 16, "Filter": "((o_comment)::text !~~ '%pending%deposits%'::text), (LLVM Optimized)"}]}]}]}]}]}]}, "Unique SQL Id": 3026328400}, "explain_analyze_plan": null}, "(16, 0)": {"explain_plan": {"Plan": {"Node Type": "Sort", "Startup Cost": 181208.12, "Total Cost": 181208.62, "Plan Rows": 200, "Plan Width": 16, "Sort Key": ["(pg_catalog.count(*)) DESC", "c_orders.c_count DESC"], "Plans": [{"Node Type": "Streaming(type: LOCAL GATHER dop: 1/16)", "Parent Relationship": "Outer", "Startup Cost": 181199.81, "Total Cost": 181200.48, "Plan Rows": 200, "Plan Width": 16, "Plans": [{"Node Type": "Aggregate", "Strategy": "Hashed", "Parent Relationship": "Outer", "Startup Cost": 181199.81, "Total Cost": 181199.94, "Plan Rows": 200, "Plan Width": 16, "Group By Key": ["c_orders.c_count"], "Plans": [{"Node Type": "Streaming(type: LOCAL REDISTRIBUTE dop: 16/16)", "Parent Relationship": "Outer", "Startup Cost": 181194.06, "Total Cost": 181199.75, "Plan Rows": 200, "Plan Width": 16, "Plans": [{"Node Type": "Aggregate", "Strategy": "Hashed", "Parent Relationship": "Outer", "Startup Cost": 181194.06, "Total Cost": 181194.19, "Plan Rows": 200, "Plan Width": 16, "Group By Key": ["c_orders.c_count"], "Plans": [{"Node Type": "Subquery Scan", "Parent Relationship": "Outer", "Alias": "c_orders", "Startup Cost": 164787.81, "Total Cost": 180725.31, "Plan Rows": 1500000, "Plan Width": 8, "Plans": [{"Node Type": "Aggregate", "Strategy": "Hashed", "Parent Relationship": "Subquery", "Startup Cost": 164787.81, "Total Cost": 165725.31, "Plan Rows": 1500000, "Plan Width": 24, "Group By Key": ["customer.c_custkey"], "Plans": [{"Node Type": "Hash Join", "Parent Relationship": "Outer", "Join Type": "Right", "Startup Cost": 40113.34, "Total Cost": 162803.34, "Plan Rows": 6350316, "Plan Width": 16, "Inner Unique": true, "Hash Cond": "(orders.o_custkey = customer.c_custkey), (LLVM Optimized)", "Plans": [{"Node Type": "Streaming(type: LOCAL REDISTRIBUTE dop: 16/16)", "Parent Relationship": "Outer", "Startup Cost": 0.0, "Total Cost": 115241.83, "Plan Rows": 14844648, "Plan Width": 16, "Plans": [{"Node Type": "Seq Scan", "Parent Relationship": "Outer", "Relation Name": "orders", "Alias": "orders", "Startup Cost": 0.0, "Total Cost": 43994.53, "Plan Rows": 14844648, "Plan Width": 16, "Filter": "((o_comment)::text !~~ '%pending%deposits%'::text), (LLVM Optimized)"}]}, {"Node Type": "Hash", "Parent Relationship": "Inner", "Startup Cost": 38941.47, "Total Cost": 38941.47, "Plan Rows": 1500000, "Plan Width": 8, "Plans": [{"Node Type": "Streaming(type: LOCAL REDISTRIBUTE dop: 16/16)", "Parent Relationship": "Outer", "Startup Cost": 0.0, "Total Cost": 38941.47, "Plan Rows": 1500000, "Plan Width": 8, "Plans": [{"Node Type": "Index Only Scan", "Parent Relationship": "Outer", "Scan Direction": "Forward", "Index Name": "customer_pkey", "Relation Name": "customer", "Alias": "customer", "Startup Cost": 0.0, "Total Cost": 18257.88, "Plan Rows": 1500000, "Plan Width": 8}]}]}]}]}]}]}]}]}]}]}, "Unique SQL Id": 3026328400}, "explain_analyze_plan": {"Plan": {"Node Type": "Sort", "Startup Cost": 181208.12, "Total Cost": 181208.62, "Plan Rows": 200, "Plan Width": 16, "Actual Min Startup Time": 4548.504, "Actual Max Startup Time": 4548.504, "Actual Min Total Time": 4548.507, "Actual Max Total Time": 4548.507, "Actual Total Rows": 46, "Sort Key": ["(pg_catalog.count(*)) DESC", "c_orders.c_count DESC"], "Sort Method": "quicksort", "Sort Space Min Used": 27, "Sort Space Max Used": 27, "Sort Space Type": "Memory", "Plans": [{"Node Type": "Streaming(type: LOCAL GATHER dop: 1/16)", "Parent Relationship": "Outer", "Startup Cost": 181199.81, "Total Cost": 181200.48, "Plan Rows": 200, "Plan Width": 16, "Actual Min Startup Time": 4548.233, "Actual Max Startup Time": 4548.233, "Actual Min Total Time": 4548.452, "Actual Max Total Time": 4548.452, "Actual Total Rows": 46, "Plans": [{"Node Type": "Aggregate", "Strategy": "Hashed", "Parent Relationship": "Outer", "Startup Cost": 181199.81, "Total Cost": 181199.94, "Plan Rows": 200, "Plan Width": 16, "Actual Min Startup Time": 4471.003, "Actual Max Startup Time": 4477.586, "Actual Min Total Time": 4471.005, "Actual Max Total Time": 4477.587, "Actual Total Rows": 46, "Group By Key": ["c_orders.c_count"], "Plans": [{"Node Type": "Streaming(type: LOCAL REDISTRIBUTE dop: 16/16)", "Parent Relationship": "Outer", "Startup Cost": 181194.06, "Total Cost": 181199.75, "Plan Rows": 200, "Plan Width": 16, "Actual Min Startup Time": 4465.562, "Actual Max Startup Time": 4474.555, "Actual Min Total Time": 4470.913, "Actual Max Total Time": 4477.506, "Actual Total Rows": 655, "Plans": [{"Node Type": "Aggregate", "Strategy": "Hashed", "Parent Relationship": "Outer", "Startup Cost": 181194.06, "Total Cost": 181194.19, "Plan Rows": 200, "Plan Width": 16, "Actual Min Startup Time": 4425.181, "Actual Max Startup Time": 4457.546, "Actual Min Total Time": 4425.191, "Actual Max Total Time": 4457.556, "Actual Total Rows": 655, "Group By Key": ["c_orders.c_count"], "Plans": [{"Node Type": "Subquery Scan", "Parent Relationship": "Outer", "Alias": "c_orders", "Startup Cost": 164787.81, "Total Cost": 180725.31, "Plan Rows": 1500000, "Plan Width": 8, "Actual Min Startup Time": 4353.839, "Actual Max Startup Time": 4383.884, "Actual Min Total Time": 4398.272, "Actual Max Total Time": 4430.94, "Actual Total Rows": 1500000, "Plans": [{"Node Type": "Aggregate", "Strategy": "Hashed", "Parent Relationship": "Subquery", "Startup Cost": 164787.81, "Total Cost": 165725.31, "Plan Rows": 1500000, "Plan Width": 24, "Actual Min Startup Time": 4353.837, "Actual Max Startup Time": 4383.881, "Actual Min Total Time": 4381.29, "Actual Max Total Time": 4413.938, "Actual Total Rows": 1500000, "Group By Key": ["customer.c_custkey"], "Plans": [{"Node Type": "Hash Join", "Parent Relationship": "Outer", "Join Type": "Right", "Startup Cost": 40113.34, "Total Cost": 162803.34, "Plan Rows": 6350316, "Plan Width": 16, "Actual Min Startup Time": 110.827, "Actual Max Startup Time": 140.674, "Actual Min Total Time": 3791.064, "Actual Max Total Time": 3878.06, "Actual Total Rows": 15338153, "Inner Unique": true, "Hash Cond": "(orders.o_custkey = customer.c_custkey), (LLVM Optimized, Jit Execute)", "Plans": [{"Node Type": "Streaming(type: LOCAL REDISTRIBUTE dop: 16/16)", "Parent Relationship": "Outer", "Startup Cost": 0.0, "Total Cost": 115241.83, "Plan Rows": 14844648, "Plan Width": 16, "Actual Min Startup Time": 0.079, "Actual Max Startup Time": 0.357, "Actual Min Total Time": 3129.215, "Actual Max Total Time": 3281.683, "Actual Total Rows": 14838130, "Plans": [{"Node Type": "Seq Scan", "Parent Relationship": "Outer", "Relation Name": "orders", "Alias": "orders", "Startup Cost": 0.0, "Total Cost": 43994.53, "Plan Rows": 14844648, "Plan Width": 16, "Actual Min Startup Time": 0.027, "Actual Max Startup Time": 0.059, "Actual Min Total Time": 585.839, "Actual Max Total Time": 614.123, "Actual Total Rows": 14838130, "Filter": "((o_comment)::text !~~ '%pending%deposits%'::text), (LLVM Optimized, Jit Execute)", "Rows Removed by Filter": 161870}]}, {"Node Type": "Hash", "Parent Relationship": "Inner", "Startup Cost": 38941.47, "Total Cost": 38941.47, "Plan Rows": 1500000, "Plan Width": 8, "Actual Min Startup Time": 110.499, "Actual Max Startup Time": 140.458, "Actual Min Total Time": 110.499, "Actual Max Total Time": 140.458, "Actual Total Rows": 1500000, "Max Hash Buckets": 131072, "Min Hash Buckets": 131072, "Max Hash Batches": 1, "Min Hash Batches": 1, "Max Original Hash Batches": 1, "Min Original Hash Batches": 1, "Max Peak Memory Usage": 3670, "min Peak Memory Usage": 3670, "Plans": [{"Node Type": "Streaming(type: LOCAL REDISTRIBUTE dop: 16/16)", "Parent Relationship": "Outer", "Startup Cost": 0.0, "Total Cost": 38941.47, "Plan Rows": 1500000, "Plan Width": 8, "Actual Min Startup Time": 0.049, "Actual Max Startup Time": 26.908, "Actual Min Total Time": 88.181, "Actual Max Total Time": 117.208, "Actual Total Rows": 1500000, "Plans": [{"Node Type": "Index Only Scan", "Parent Relationship": "Outer", "Scan Direction": "Forward", "Index Name": "customer_pkey", "Relation Name": "customer", "Alias": "customer", "Startup Cost": 0.0, "Total Cost": 18257.88, "Plan Rows": 1500000, "Plan Width": 8, "Actual Min Startup Time": 0.046, "Actual Max Startup Time": 50.533, "Actual Min Total Time": 21.776, "Actual Max Total Time": 72.693, "Actual Total Rows": 1500000, "Heap Fetches": 0}]}]}]}]}]}]}]}]}]}]}, "Triggers": [], "Planner Runtime": 0.944, "Total Runtime": 4569.915, "Unique SQL Id": 3026328400}}, "(16, 1)": {"explain_plan": {"Plan": {"Node Type": "Sort", "Startup Cost": 1023307.36, "Total Cost": 1023307.86, "Plan Rows": 200, "Plan Width": 16, "Sort Key": ["(count(*)) DESC", "c_orders.c_count DESC"], "Plans": [{"Node Type": "Aggregate", "Strategy": "Hashed", "Parent Relationship": "Outer", "Startup Cost": 1023297.71, "Total Cost": 1023299.71, "Plan Rows": 200, "Plan Width": 16, "Group By Key": ["c_orders.c_count"], "Plans": [{"Node Type": "Subquery Scan", "Parent Relationship": "Outer", "Alias": "c_orders", "Startup Cost": 985797.71, "Total Cost": 1015797.71, "Plan Rows": 1500000, "Plan Width": 8, "Plans": [{"Node Type": "Aggregate", "Strategy": "Hashed", "Parent Relationship": "Subquery", "Startup Cost": 985797.71, "Total Cost": 1000797.71, "Plan Rows": 1500000, "Plan Width": 24, "Group By Key": ["customer.c_custkey"], "Plans": [{"Node Type": "Hash Join", "Parent Relationship": "Outer", "Join Type": "Right", "Startup Cost": 370963.06, "Total Cost": 954046.13, "Plan Rows": 6350316, "Plan Width": 16, "Inner Unique": true, "Hash Cond": "(orders.o_custkey = customer.c_custkey), (LLVM Optimized)", "Plans": [{"Node Type": "Bitmap Heap Scan", "Parent Relationship": "Outer", "Relation Name": "orders", "Alias": "orders", "Startup Cost": 308576.81, "Total Cost": 772489.29, "Plan Rows": 14844648, "Plan Width": 16, "Filter": "((o_comment)::text !~~ '%pending%deposits%'::text), (LLVM Optimized)", "Plans": [{"Node Type": "Bitmap Index Scan", "Parent Relationship": "Outer", "Index Name": "idx_orders_custkey", "Startup Cost": 0.0, "Total Cost": 304865.65, "Plan Rows": 14999479, "Plan Width": 0}]}, {"Node Type": "Hash", "Parent Relationship": "Inner", "Startup Cost": 43636.25, "Total Cost": 43636.25, "Plan Rows": 1500000, "Plan Width": 8, "Plans": [{"Node Type": "Index Only Scan", "Parent Relationship": "Outer", "Scan Direction": "Forward", "Index Name": "customer_pkey", "Relation Name": "customer", "Alias": "customer", "Startup Cost": 0.0, "Total Cost": 43636.25, "Plan Rows": 1500000, "Plan Width": 8}]}]}]}]}]}]}, "Unique SQL Id": 3026328400}, "explain_analyze_plan": null}, "(16, 2)": {"explain_plan": {"Plan": {"Node Type": "Sort", "Startup Cost": 181208.12, "Total Cost": 181208.62, "Plan Rows": 200, "Plan Width": 16, "Sort Key": ["(pg_catalog.count(*)) DESC", "c_orders.c_count DESC"], "Plans": [{"Node Type": "Streaming(type: LOCAL GATHER dop: 1/16)", "Parent Relationship": "Outer", "Startup Cost": 181199.81, "Total Cost": 181200.48, "Plan Rows": 200, "Plan Width": 16, "Plans": [{"Node Type": "Aggregate", "Strategy": "Hashed", "Parent Relationship": "Outer", "Startup Cost": 181199.81, "Total Cost": 181199.94, "Plan Rows": 200, "Plan Width": 16, "Group By Key": ["c_orders.c_count"], "Plans": [{"Node Type": "Streaming(type: LOCAL REDISTRIBUTE dop: 16/16)", "Parent Relationship": "Outer", "Startup Cost": 181194.06, "Total Cost": 181199.75, "Plan Rows": 200, "Plan Width": 16, "Plans": [{"Node Type": "Aggregate", "Strategy": "Hashed", "Parent Relationship": "Outer", "Startup Cost": 181194.06, "Total Cost": 181194.19, "Plan Rows": 200, "Plan Width": 16, "Group By Key": ["c_orders.c_count"], "Plans": [{"Node Type": "Subquery Scan", "Parent Relationship": "Outer", "Alias": "c_orders", "Startup Cost": 164787.81, "Total Cost": 180725.31, "Plan Rows": 1500000, "Plan Width": 8, "Plans": [{"Node Type": "Aggregate", "Strategy": "Hashed", "Parent Relationship": "Subquery", "Startup Cost": 164787.81, "Total Cost": 165725.31, "Plan Rows": 1500000, "Plan Width": 24, "Group By Key": ["customer.c_custkey"], "Plans": [{"Node Type": "Hash Join", "Parent Relationship": "Outer", "Join Type": "Right", "Startup Cost": 40113.34, "Total Cost": 162803.34, "Plan Rows": 6350316, "Plan Width": 16, "Inner Unique": true, "Hash Cond": "(orders.o_custkey = customer.c_custkey), (LLVM Optimized)", "Plans": [{"Node Type": "Streaming(type: LOCAL REDISTRIBUTE dop: 16/16)", "Parent Relationship": "Outer", "Startup Cost": 0.0, "Total Cost": 115241.83, "Plan Rows": 14844648, "Plan Width": 16, "Plans": [{"Node Type": "Seq Scan", "Parent Relationship": "Outer", "Relation Name": "orders", "Alias": "orders", "Startup Cost": 0.0, "Total Cost": 43994.53, "Plan Rows": 14844648, "Plan Width": 16, "Filter": "((o_comment)::text !~~ '%pending%deposits%'::text), (LLVM Optimized)"}]}, {"Node Type": "Hash", "Parent Relationship": "Inner", "Startup Cost": 38941.47, "Total Cost": 38941.47, "Plan Rows": 1500000, "Plan Width": 8, "Plans": [{"Node Type": "Streaming(type: LOCAL REDISTRIBUTE dop: 16/16)", "Parent Relationship": "Outer", "Startup Cost": 0.0, "Total Cost": 38941.47, "Plan Rows": 1500000, "Plan Width": 8, "Plans": [{"Node Type": "Seq Scan", "Parent Relationship": "Outer", "Relation Name": "customer", "Alias": "customer", "Startup Cost": 0.0, "Total Cost": 18257.88, "Plan Rows": 1500000, "Plan Width": 8}]}]}]}]}]}]}]}]}]}]}, "Unique SQL Id": 3026328400}, "explain_analyze_plan": {"Plan": {"Node Type": "Sort", "Startup Cost": 181208.12, "Total Cost": 181208.62, "Plan Rows": 200, "Plan Width": 16, "Actual Min Startup Time": 5326.787, "Actual Max Startup Time": 5326.787, "Actual Min Total Time": 5326.791, "Actual Max Total Time": 5326.791, "Actual Total Rows": 46, "Sort Key": ["(pg_catalog.count(*)) DESC", "c_orders.c_count DESC"], "Sort Method": "quicksort", "Sort Space Min Used": 27, "Sort Space Max Used": 27, "Sort Space Type": "Memory", "Plans": [{"Node Type": "Streaming(type: LOCAL GATHER dop: 1/16)", "Parent Relationship": "Outer", "Startup Cost": 181199.81, "Total Cost": 181200.48, "Plan Rows": 200, "Plan Width": 16, "Actual Min Startup Time": 5326.566, "Actual Max Startup Time": 5326.566, "Actual Min Total Time": 5326.733, "Actual Max Total Time": 5326.733, "Actual Total Rows": 46, "Plans": [{"Node Type": "Aggregate", "Strategy": "Hashed", "Parent Relationship": "Outer", "Startup Cost": 181199.81, "Total Cost": 181199.94, "Plan Rows": 200, "Plan Width": 16, "Actual Min Startup Time": 5227.186, "Actual Max Startup Time": 5248.484, "Actual Min Total Time": 5227.186, "Actual Max Total Time": 5248.485, "Actual Total Rows": 46, "Group By Key": ["c_orders.c_count"], "Plans": [{"Node Type": "Streaming(type: LOCAL REDISTRIBUTE dop: 16/16)", "Parent Relationship": "Outer", "Startup Cost": 181194.06, "Total Cost": 181199.75, "Plan Rows": 200, "Plan Width": 16, "Actual Min Startup Time": 5208.963, "Actual Max Startup Time": 5235.167, "Actual Min Total Time": 5227.054, "Actual Max Total Time": 5248.321, "Actual Total Rows": 655, "Plans": [{"Node Type": "Aggregate", "Strategy": "Hashed", "Parent Relationship": "Outer", "Startup Cost": 181194.06, "Total Cost": 181194.19, "Plan Rows": 200, "Plan Width": 16, "Actual Min Startup Time": 5164.415, "Actual Max Startup Time": 5242.866, "Actual Min Total Time": 5164.423, "Actual Max Total Time": 5242.875, "Actual Total Rows": 655, "Group By Key": ["c_orders.c_count"], "Plans": [{"Node Type": "Subquery Scan", "Parent Relationship": "Outer", "Alias": "c_orders", "Startup Cost": 164787.81, "Total Cost": 180725.31, "Plan Rows": 1500000, "Plan Width": 8, "Actual Min Startup Time": 5090.346, "Actual Max Startup Time": 5157.9, "Actual Min Total Time": 5137.583, "Actual Max Total Time": 5215.936, "Actual Total Rows": 1500000, "Plans": [{"Node Type": "Aggregate", "Strategy": "Hashed", "Parent Relationship": "Subquery", "Startup Cost": 164787.81, "Total Cost": 165725.31, "Plan Rows": 1500000, "Plan Width": 24, "Actual Min Startup Time": 5090.345, "Actual Max Startup Time": 5157.898, "Actual Min Total Time": 5120.636, "Actual Max Total Time": 5199.243, "Actual Total Rows": 1500000, "Group By Key": ["customer.c_custkey"], "Plans": [{"Node Type": "Hash Join", "Parent Relationship": "Outer", "Join Type": "Right", "Startup Cost": 40113.34, "Total Cost": 162803.34, "Plan Rows": 6350316, "Plan Width": 16, "Actual Min Startup Time": 140.725, "Actual Max Startup Time": 208.973, "Actual Min Total Time": 4462.349, "Actual Max Total Time": 4679.611, "Actual Total Rows": 15338153, "Inner Unique": true, "Hash Cond": "(orders.o_custkey = customer.c_custkey), (LLVM Optimized, Jit Execute)", "Plans": [{"Node Type": "Streaming(type: LOCAL REDISTRIBUTE dop: 16/16)", "Parent Relationship": "Outer", "Startup Cost": 0.0, "Total Cost": 115241.83, "Plan Rows": 14844648, "Plan Width": 16, "Actual Min Startup Time": 0.073, "Actual Max Startup Time": 0.41, "Actual Min Total Time": 3726.549, "Actual Max Total Time": 4061.024, "Actual Total Rows": 14838130, "Plans": [{"Node Type": "Seq Scan", "Parent Relationship": "Outer", "Relation Name": "orders", "Alias": "orders", "Startup Cost": 0.0, "Total Cost": 43994.53, "Plan Rows": 14844648, "Plan Width": 16, "Actual Min Startup Time": 0.028, "Actual Max Startup Time": 0.056, "Actual Min Total Time": 577.565, "Actual Max Total Time": 615.405, "Actual Total Rows": 14838130, "Filter": "((o_comment)::text !~~ '%pending%deposits%'::text), (LLVM Optimized, Jit Execute)", "Rows Removed by Filter": 161870}]}, {"Node Type": "Hash", "Parent Relationship": "Inner", "Startup Cost": 38941.47, "Total Cost": 38941.47, "Plan Rows": 1500000, "Plan Width": 8, "Actual Min Startup Time": 140.485, "Actual Max Startup Time": 208.721, "Actual Min Total Time": 140.485, "Actual Max Total Time": 208.721, "Actual Total Rows": 1500000, "Max Hash Buckets": 131072, "Min Hash Buckets": 131072, "Max Hash Batches": 1, "Min Hash Batches": 1, "Max Original Hash Batches": 1, "Min Original Hash Batches": 1, "Max Peak Memory Usage": 3670, "min Peak Memory Usage": 3670, "Plans": [{"Node Type": "Streaming(type: LOCAL REDISTRIBUTE dop: 16/16)", "Parent Relationship": "Outer", "Startup Cost": 0.0, "Total Cost": 38941.47, "Plan Rows": 1500000, "Plan Width": 8, "Actual Min Startup Time": 0.049, "Actual Max Startup Time": 56.373, "Actual Min Total Time": 115.611, "Actual Max Total Time": 187.631, "Actual Total Rows": 1500000, "Plans": [{"Node Type": "Seq Scan", "Parent Relationship": "Outer", "Relation Name": "customer", "Alias": "customer", "Startup Cost": 0.0, "Total Cost": 18257.88, "Plan Rows": 1500000, "Plan Width": 8, "Actual Min Startup Time": 0.014, "Actual Max Startup Time": 0.032, "Actual Min Total Time": 31.257, "Actual Max Total Time": 33.274, "Actual Total Rows": 1500000}]}]}]}]}]}]}]}]}]}]}, "Triggers": [], "Planner Runtime": 0.979, "Total Runtime": 5349.088, "Unique SQL Id": 3026328400}}, "(16, 3)": {"explain_plan": {"Plan": {"Node Type": "Sort", "Startup Cost": 1060808.36, "Total Cost": 1060808.86, "Plan Rows": 200, "Plan Width": 16, "Sort Key": ["(count(*)) DESC", "c_orders.c_count DESC"], "Plans": [{"Node Type": "Aggregate", "Strategy": "Hashed", "Parent Relationship": "Outer", "Startup Cost": 1060798.71, "Total Cost": 1060800.71, "Plan Rows": 200, "Plan Width": 16, "Group By Key": ["c_orders.c_count"], "Plans": [{"Node Type": "Subquery Scan", "Parent Relationship": "Outer", "Alias": "c_orders", "Startup Cost": 1023298.71, "Total Cost": 1053298.71, "Plan Rows": 1500000, "Plan Width": 8, "Plans": [{"Node Type": "Aggregate", "Strategy": "Hashed", "Parent Relationship": "Subquery", "Startup Cost": 1023298.71, "Total Cost": 1038298.71, "Plan Rows": 1500000, "Plan Width": 24, "Group By Key": ["customer.c_custkey"], "Plans": [{"Node Type": "Hash Join", "Parent Relationship": "Outer", "Join Type": "Right", "Startup Cost": 408464.06, "Total Cost": 991547.13, "Plan Rows": 6350316, "Plan Width": 16, "Inner Unique": true, "Hash Cond": "(orders.o_custkey = customer.c_custkey), (LLVM Optimized)", "Plans": [{"Node Type": "Bitmap Heap Scan", "Parent Relationship": "Outer", "Relation Name": "orders", "Alias": "orders", "Startup Cost": 308576.81, "Total Cost": 772489.29, "Plan Rows": 14844648, "Plan Width": 16, "Filter": "((o_comment)::text !~~ '%pending%deposits%'::text), (LLVM Optimized)", "Plans": [{"Node Type": "Bitmap Index Scan", "Parent Relationship": "Outer", "Index Name": "idx_orders_custkey", "Startup Cost": 0.0, "Total Cost": 304865.65, "Plan Rows": 14999479, "Plan Width": 0}]}, {"Node Type": "Hash", "Parent Relationship": "Inner", "Startup Cost": 81137.25, "Total Cost": 81137.25, "Plan Rows": 1500000, "Plan Width": 8, "Plans": [{"Node Type": "Bitmap Heap Scan", "Parent Relationship": "Outer", "Relation Name": "customer", "Alias": "customer", "Startup Cost": 29011.25, "Total Cost": 81137.25, "Plan Rows": 1500000, "Plan Width": 8, "Plans": [{"Node Type": "Bitmap Index Scan", "Parent Relationship": "Outer", "Index Name": "customer_pkey", "Startup Cost": 0.0, "Total Cost": 28636.25, "Plan Rows": 1500000, "Plan Width": 0}]}]}]}]}]}]}]}, "Unique SQL Id": 3026328400}, "explain_analyze_plan": null}, "(16, 4)": {"explain_plan": {"Plan": {"Node Type": "Sort", "Startup Cost": 181208.12, "Total Cost": 181208.62, "Plan Rows": 200, "Plan Width": 16, "Sort Key": ["(pg_catalog.count(*)) DESC", "c_orders.c_count DESC"], "Plans": [{"Node Type": "Streaming(type: LOCAL GATHER dop: 1/16)", "Parent Relationship": "Outer", "Startup Cost": 181199.81, "Total Cost": 181200.48, "Plan Rows": 200, "Plan Width": 16, "Plans": [{"Node Type": "Aggregate", "Strategy": "Hashed", "Parent Relationship": "Outer", "Startup Cost": 181199.81, "Total Cost": 181199.94, "Plan Rows": 200, "Plan Width": 16, "Group By Key": ["c_orders.c_count"], "Plans": [{"Node Type": "Streaming(type: LOCAL REDISTRIBUTE dop: 16/16)", "Parent Relationship": "Outer", "Startup Cost": 181194.06, "Total Cost": 181199.75, "Plan Rows": 200, "Plan Width": 16, "Plans": [{"Node Type": "Aggregate", "Strategy": "Hashed", "Parent Relationship": "Outer", "Startup Cost": 181194.06, "Total Cost": 181194.19, "Plan Rows": 200, "Plan Width": 16, "Group By Key": ["c_orders.c_count"], "Plans": [{"Node Type": "Subquery Scan", "Parent Relationship": "Outer", "Alias": "c_orders", "Startup Cost": 164787.81, "Total Cost": 180725.31, "Plan Rows": 1500000, "Plan Width": 8, "Plans": [{"Node Type": "Aggregate", "Strategy": "Hashed", "Parent Relationship": "Subquery", "Startup Cost": 164787.81, "Total Cost": 165725.31, "Plan Rows": 1500000, "Plan Width": 24, "Group By Key": ["customer.c_custkey"], "Plans": [{"Node Type": "Hash Join", "Parent Relationship": "Outer", "Join Type": "Right", "Startup Cost": 40113.34, "Total Cost": 162803.34, "Plan Rows": 6350316, "Plan Width": 16, "Inner Unique": true, "Hash Cond": "(orders.o_custkey = customer.c_custkey), (LLVM Optimized)", "Plans": [{"Node Type": "Streaming(type: LOCAL REDISTRIBUTE dop: 16/16)", "Parent Relationship": "Outer", "Startup Cost": 0.0, "Total Cost": 115241.83, "Plan Rows": 14844648, "Plan Width": 16, "Plans": [{"Node Type": "Seq Scan", "Parent Relationship": "Outer", "Relation Name": "orders", "Alias": "orders", "Startup Cost": 0.0, "Total Cost": 43994.53, "Plan Rows": 14844648, "Plan Width": 16, "Filter": "((o_comment)::text !~~ '%pending%deposits%'::text), (LLVM Optimized)"}]}, {"Node Type": "Hash", "Parent Relationship": "Inner", "Startup Cost": 38941.47, "Total Cost": 38941.47, "Plan Rows": 1500000, "Plan Width": 8, "Plans": [{"Node Type": "Streaming(type: LOCAL REDISTRIBUTE dop: 16/16)", "Parent Relationship": "Outer", "Startup Cost": 0.0, "Total Cost": 38941.47, "Plan Rows": 1500000, "Plan Width": 8, "Plans": [{"Node Type": "Seq Scan", "Parent Relationship": "Outer", "Relation Name": "customer", "Alias": "customer", "Startup Cost": 0.0, "Total Cost": 18257.88, "Plan Rows": 1500000, "Plan Width": 8}]}]}]}]}]}]}]}]}]}]}, "Unique SQL Id": 3026328400}, "explain_analyze_plan": {"Plan": {"Node Type": "Sort", "Startup Cost": 181208.12, "Total Cost": 181208.62, "Plan Rows": 200, "Plan Width": 16, "Actual Min Startup Time": 5326.787, "Actual Max Startup Time": 5326.787, "Actual Min Total Time": 5326.791, "Actual Max Total Time": 5326.791, "Actual Total Rows": 46, "Sort Key": ["(pg_catalog.count(*)) DESC", "c_orders.c_count DESC"], "Sort Method": "quicksort", "Sort Space Min Used": 27, "Sort Space Max Used": 27, "Sort Space Type": "Memory", "Plans": [{"Node Type": "Streaming(type: LOCAL GATHER dop: 1/16)", "Parent Relationship": "Outer", "Startup Cost": 181199.81, "Total Cost": 181200.48, "Plan Rows": 200, "Plan Width": 16, "Actual Min Startup Time": 5326.566, "Actual Max Startup Time": 5326.566, "Actual Min Total Time": 5326.733, "Actual Max Total Time": 5326.733, "Actual Total Rows": 46, "Plans": [{"Node Type": "Aggregate", "Strategy": "Hashed", "Parent Relationship": "Outer", "Startup Cost": 181199.81, "Total Cost": 181199.94, "Plan Rows": 200, "Plan Width": 16, "Actual Min Startup Time": 5227.186, "Actual Max Startup Time": 5248.484, "Actual Min Total Time": 5227.186, "Actual Max Total Time": 5248.485, "Actual Total Rows": 46, "Group By Key": ["c_orders.c_count"], "Plans": [{"Node Type": "Streaming(type: LOCAL REDISTRIBUTE dop: 16/16)", "Parent Relationship": "Outer", "Startup Cost": 181194.06, "Total Cost": 181199.75, "Plan Rows": 200, "Plan Width": 16, "Actual Min Startup Time": 5208.963, "Actual Max Startup Time": 5235.167, "Actual Min Total Time": 5227.054, "Actual Max Total Time": 5248.321, "Actual Total Rows": 655, "Plans": [{"Node Type": "Aggregate", "Strategy": "Hashed", "Parent Relationship": "Outer", "Startup Cost": 181194.06, "Total Cost": 181194.19, "Plan Rows": 200, "Plan Width": 16, "Actual Min Startup Time": 5164.415, "Actual Max Startup Time": 5242.866, "Actual Min Total Time": 5164.423, "Actual Max Total Time": 5242.875, "Actual Total Rows": 655, "Group By Key": ["c_orders.c_count"], "Plans": [{"Node Type": "Subquery Scan", "Parent Relationship": "Outer", "Alias": "c_orders", "Startup Cost": 164787.81, "Total Cost": 180725.31, "Plan Rows": 1500000, "Plan Width": 8, "Actual Min Startup Time": 5090.346, "Actual Max Startup Time": 5157.9, "Actual Min Total Time": 5137.583, "Actual Max Total Time": 5215.936, "Actual Total Rows": 1500000, "Plans": [{"Node Type": "Aggregate", "Strategy": "Hashed", "Parent Relationship": "Subquery", "Startup Cost": 164787.81, "Total Cost": 165725.31, "Plan Rows": 1500000, "Plan Width": 24, "Actual Min Startup Time": 5090.345, "Actual Max Startup Time": 5157.898, "Actual Min Total Time": 5120.636, "Actual Max Total Time": 5199.243, "Actual Total Rows": 1500000, "Group By Key": ["customer.c_custkey"], "Plans": [{"Node Type": "Hash Join", "Parent Relationship": "Outer", "Join Type": "Right", "Startup Cost": 40113.34, "Total Cost": 162803.34, "Plan Rows": 6350316, "Plan Width": 16, "Actual Min Startup Time": 140.725, "Actual Max Startup Time": 208.973, "Actual Min Total Time": 4462.349, "Actual Max Total Time": 4679.611, "Actual Total Rows": 15338153, "Inner Unique": true, "Hash Cond": "(orders.o_custkey = customer.c_custkey), (LLVM Optimized, Jit Execute)", "Plans": [{"Node Type": "Streaming(type: LOCAL REDISTRIBUTE dop: 16/16)", "Parent Relationship": "Outer", "Startup Cost": 0.0, "Total Cost": 115241.83, "Plan Rows": 14844648, "Plan Width": 16, "Actual Min Startup Time": 0.073, "Actual Max Startup Time": 0.41, "Actual Min Total Time": 3726.549, "Actual Max Total Time": 4061.024, "Actual Total Rows": 14838130, "Plans": [{"Node Type": "Seq Scan", "Parent Relationship": "Outer", "Relation Name": "orders", "Alias": "orders", "Startup Cost": 0.0, "Total Cost": 43994.53, "Plan Rows": 14844648, "Plan Width": 16, "Actual Min Startup Time": 0.028, "Actual Max Startup Time": 0.056, "Actual Min Total Time": 577.565, "Actual Max Total Time": 615.405, "Actual Total Rows": 14838130, "Filter": "((o_comment)::text !~~ '%pending%deposits%'::text), (LLVM Optimized, Jit Execute)", "Rows Removed by Filter": 161870}]}, {"Node Type": "Hash", "Parent Relationship": "Inner", "Startup Cost": 38941.47, "Total Cost": 38941.47, "Plan Rows": 1500000, "Plan Width": 8, "Actual Min Startup Time": 140.485, "Actual Max Startup Time": 208.721, "Actual Min Total Time": 140.485, "Actual Max Total Time": 208.721, "Actual Total Rows": 1500000, "Max Hash Buckets": 131072, "Min Hash Buckets": 131072, "Max Hash Batches": 1, "Min Hash Batches": 1, "Max Original Hash Batches": 1, "Min Original Hash Batches": 1, "Max Peak Memory Usage": 3670, "min Peak Memory Usage": 3670, "Plans": [{"Node Type": "Streaming(type: LOCAL REDISTRIBUTE dop: 16/16)", "Parent Relationship": "Outer", "Startup Cost": 0.0, "Total Cost": 38941.47, "Plan Rows": 1500000, "Plan Width": 8, "Actual Min Startup Time": 0.049, "Actual Max Startup Time": 56.373, "Actual Min Total Time": 115.611, "Actual Max Total Time": 187.631, "Actual Total Rows": 1500000, "Plans": [{"Node Type": "Seq Scan", "Parent Relationship": "Outer", "Relation Name": "customer", "Alias": "customer", "Startup Cost": 0.0, "Total Cost": 18257.88, "Plan Rows": 1500000, "Plan Width": 8, "Actual Min Startup Time": 0.014, "Actual Max Startup Time": 0.032, "Actual Min Total Time": 31.257, "Actual Max Total Time": 33.274, "Actual Total Rows": 1500000}]}]}]}]}]}]}]}]}]}]}, "Triggers": [], "Planner Runtime": 0.979, "Total Runtime": 5349.088, "Unique SQL Id": 3026328400}}, "(16, 5)": {"explain_plan": {"Plan": {"Node Type": "Sort", "Startup Cost": 1060436.46, "Total Cost": 1060436.96, "Plan Rows": 200, "Plan Width": 16, "Sort Key": ["(count(*)) DESC", "c_orders.c_count DESC"], "Plans": [{"Node Type": "Aggregate", "Strategy": "Hashed", "Parent Relationship": "Outer", "Startup Cost": 1060426.82, "Total Cost": 1060428.82, "Plan Rows": 200, "Plan Width": 16, "Group By Key": ["c_orders.c_count"], "Plans": [{"Node Type": "Subquery Scan", "Parent Relationship": "Outer", "Alias": "c_orders", "Startup Cost": 1022926.82, "Total Cost": 1052926.82, "Plan Rows": 1500000, "Plan Width": 8, "Plans": [{"Node Type": "Aggregate", "Strategy": "Hashed", "Parent Relationship": "Subquery", "Startup Cost": 1022926.82, "Total Cost": 1037926.82, "Plan Rows": 1500000, "Plan Width": 24, "Group By Key": ["customer.c_custkey"], "Plans": [{"Node Type": "Hash Join", "Parent Relationship": "Outer", "Join Type": "Right", "Startup Cost": 408092.16, "Total Cost": 991175.24, "Plan Rows": 6350316, "Plan Width": 16, "Inner Unique": true, "Hash Cond": "(orders.o_custkey = customer.c_custkey), (LLVM Optimized)", "Plans": [{"Node Type": "Bitmap Heap Scan", "Parent Relationship": "Outer", "Relation Name": "orders", "Alias": "orders", "Startup Cost": 308576.81, "Total Cost": 772489.29, "Plan Rows": 14844648, "Plan Width": 16, "Filter": "((o_comment)::text !~~ '%pending%deposits%'::text), (LLVM Optimized)", "Plans": [{"Node Type": "Bitmap Index Scan", "Parent Relationship": "Outer", "Index Name": "idx_orders_custkey", "Startup Cost": 0.0, "Total Cost": 304865.65, "Plan Rows": 14999479, "Plan Width": 0}]}, {"Node Type": "Hash", "Parent Relationship": "Inner", "Startup Cost": 80765.36, "Total Cost": 80765.36, "Plan Rows": 1500000, "Plan Width": 8, "Plans": [{"Node Type": "Index Scan", "Parent Relationship": "Outer", "Scan Direction": "Forward", "Index Name": "customer_pkey", "Relation Name": "customer", "Alias": "customer", "Startup Cost": 0.0, "Total Cost": 80765.36, "Plan Rows": 1500000, "Plan Width": 8}]}]}]}]}]}]}, "Unique SQL Id": 3026328400}, "explain_analyze_plan": null}, "(16, 6)": {"explain_plan": {"Plan": {"Node Type": "Sort", "Startup Cost": 181208.12, "Total Cost": 181208.62, "Plan Rows": 200, "Plan Width": 16, "Sort Key": ["(pg_catalog.count(*)) DESC", "c_orders.c_count DESC"], "Plans": [{"Node Type": "Streaming(type: LOCAL GATHER dop: 1/16)", "Parent Relationship": "Outer", "Startup Cost": 181199.81, "Total Cost": 181200.48, "Plan Rows": 200, "Plan Width": 16, "Plans": [{"Node Type": "Aggregate", "Strategy": "Hashed", "Parent Relationship": "Outer", "Startup Cost": 181199.81, "Total Cost": 181199.94, "Plan Rows": 200, "Plan Width": 16, "Group By Key": ["c_orders.c_count"], "Plans": [{"Node Type": "Streaming(type: LOCAL REDISTRIBUTE dop: 16/16)", "Parent Relationship": "Outer", "Startup Cost": 181194.06, "Total Cost": 181199.75, "Plan Rows": 200, "Plan Width": 16, "Plans": [{"Node Type": "Aggregate", "Strategy": "Hashed", "Parent Relationship": "Outer", "Startup Cost": 181194.06, "Total Cost": 181194.19, "Plan Rows": 200, "Plan Width": 16, "Group By Key": ["c_orders.c_count"], "Plans": [{"Node Type": "Subquery Scan", "Parent Relationship": "Outer", "Alias": "c_orders", "Startup Cost": 164787.81, "Total Cost": 180725.31, "Plan Rows": 1500000, "Plan Width": 8, "Plans": [{"Node Type": "Aggregate", "Strategy": "Hashed", "Parent Relationship": "Subquery", "Startup Cost": 164787.81, "Total Cost": 165725.31, "Plan Rows": 1500000, "Plan Width": 24, "Group By Key": ["customer.c_custkey"], "Plans": [{"Node Type": "Hash Join", "Parent Relationship": "Outer", "Join Type": "Right", "Startup Cost": 40113.34, "Total Cost": 162803.34, "Plan Rows": 6350316, "Plan Width": 16, "Inner Unique": true, "Hash Cond": "(orders.o_custkey = customer.c_custkey), (LLVM Optimized)", "Plans": [{"Node Type": "Streaming(type: LOCAL REDISTRIBUTE dop: 16/16)", "Parent Relationship": "Outer", "Startup Cost": 0.0, "Total Cost": 115241.83, "Plan Rows": 14844648, "Plan Width": 16, "Plans": [{"Node Type": "Seq Scan", "Parent Relationship": "Outer", "Relation Name": "orders", "Alias": "orders", "Startup Cost": 0.0, "Total Cost": 43994.53, "Plan Rows": 14844648, "Plan Width": 16, "Filter": "((o_comment)::text !~~ '%pending%deposits%'::text), (LLVM Optimized)"}]}, {"Node Type": "Hash", "Parent Relationship": "Inner", "Startup Cost": 38941.47, "Total Cost": 38941.47, "Plan Rows": 1500000, "Plan Width": 8, "Plans": [{"Node Type": "Streaming(type: LOCAL REDISTRIBUTE dop: 16/16)", "Parent Relationship": "Outer", "Startup Cost": 0.0, "Total Cost": 38941.47, "Plan Rows": 1500000, "Plan Width": 8, "Plans": [{"Node Type": "Seq Scan", "Parent Relationship": "Outer", "Relation Name": "customer", "Alias": "customer", "Startup Cost": 0.0, "Total Cost": 18257.88, "Plan Rows": 1500000, "Plan Width": 8}]}]}]}]}]}]}]}]}]}]}, "Unique SQL Id": 3026328400}, "explain_analyze_plan": {"Plan": {"Node Type": "Sort", "Startup Cost": 181208.12, "Total Cost": 181208.62, "Plan Rows": 200, "Plan Width": 16, "Actual Min Startup Time": 5326.787, "Actual Max Startup Time": 5326.787, "Actual Min Total Time": 5326.791, "Actual Max Total Time": 5326.791, "Actual Total Rows": 46, "Sort Key": ["(pg_catalog.count(*)) DESC", "c_orders.c_count DESC"], "Sort Method": "quicksort", "Sort Space Min Used": 27, "Sort Space Max Used": 27, "Sort Space Type": "Memory", "Plans": [{"Node Type": "Streaming(type: LOCAL GATHER dop: 1/16)", "Parent Relationship": "Outer", "Startup Cost": 181199.81, "Total Cost": 181200.48, "Plan Rows": 200, "Plan Width": 16, "Actual Min Startup Time": 5326.566, "Actual Max Startup Time": 5326.566, "Actual Min Total Time": 5326.733, "Actual Max Total Time": 5326.733, "Actual Total Rows": 46, "Plans": [{"Node Type": "Aggregate", "Strategy": "Hashed", "Parent Relationship": "Outer", "Startup Cost": 181199.81, "Total Cost": 181199.94, "Plan Rows": 200, "Plan Width": 16, "Actual Min Startup Time": 5227.186, "Actual Max Startup Time": 5248.484, "Actual Min Total Time": 5227.186, "Actual Max Total Time": 5248.485, "Actual Total Rows": 46, "Group By Key": ["c_orders.c_count"], "Plans": [{"Node Type": "Streaming(type: LOCAL REDISTRIBUTE dop: 16/16)", "Parent Relationship": "Outer", "Startup Cost": 181194.06, "Total Cost": 181199.75, "Plan Rows": 200, "Plan Width": 16, "Actual Min Startup Time": 5208.963, "Actual Max Startup Time": 5235.167, "Actual Min Total Time": 5227.054, "Actual Max Total Time": 5248.321, "Actual Total Rows": 655, "Plans": [{"Node Type": "Aggregate", "Strategy": "Hashed", "Parent Relationship": "Outer", "Startup Cost": 181194.06, "Total Cost": 181194.19, "Plan Rows": 200, "Plan Width": 16, "Actual Min Startup Time": 5164.415, "Actual Max Startup Time": 5242.866, "Actual Min Total Time": 5164.423, "Actual Max Total Time": 5242.875, "Actual Total Rows": 655, "Group By Key": ["c_orders.c_count"], "Plans": [{"Node Type": "Subquery Scan", "Parent Relationship": "Outer", "Alias": "c_orders", "Startup Cost": 164787.81, "Total Cost": 180725.31, "Plan Rows": 1500000, "Plan Width": 8, "Actual Min Startup Time": 5090.346, "Actual Max Startup Time": 5157.9, "Actual Min Total Time": 5137.583, "Actual Max Total Time": 5215.936, "Actual Total Rows": 1500000, "Plans": [{"Node Type": "Aggregate", "Strategy": "Hashed", "Parent Relationship": "Subquery", "Startup Cost": 164787.81, "Total Cost": 165725.31, "Plan Rows": 1500000, "Plan Width": 24, "Actual Min Startup Time": 5090.345, "Actual Max Startup Time": 5157.898, "Actual Min Total Time": 5120.636, "Actual Max Total Time": 5199.243, "Actual Total Rows": 1500000, "Group By Key": ["customer.c_custkey"], "Plans": [{"Node Type": "Hash Join", "Parent Relationship": "Outer", "Join Type": "Right", "Startup Cost": 40113.34, "Total Cost": 162803.34, "Plan Rows": 6350316, "Plan Width": 16, "Actual Min Startup Time": 140.725, "Actual Max Startup Time": 208.973, "Actual Min Total Time": 4462.349, "Actual Max Total Time": 4679.611, "Actual Total Rows": 15338153, "Inner Unique": true, "Hash Cond": "(orders.o_custkey = customer.c_custkey), (LLVM Optimized, Jit Execute)", "Plans": [{"Node Type": "Streaming(type: LOCAL REDISTRIBUTE dop: 16/16)", "Parent Relationship": "Outer", "Startup Cost": 0.0, "Total Cost": 115241.83, "Plan Rows": 14844648, "Plan Width": 16, "Actual Min Startup Time": 0.073, "Actual Max Startup Time": 0.41, "Actual Min Total Time": 3726.549, "Actual Max Total Time": 4061.024, "Actual Total Rows": 14838130, "Plans": [{"Node Type": "Seq Scan", "Parent Relationship": "Outer", "Relation Name": "orders", "Alias": "orders", "Startup Cost": 0.0, "Total Cost": 43994.53, "Plan Rows": 14844648, "Plan Width": 16, "Actual Min Startup Time": 0.028, "Actual Max Startup Time": 0.056, "Actual Min Total Time": 577.565, "Actual Max Total Time": 615.405, "Actual Total Rows": 14838130, "Filter": "((o_comment)::text !~~ '%pending%deposits%'::text), (LLVM Optimized, Jit Execute)", "Rows Removed by Filter": 161870}]}, {"Node Type": "Hash", "Parent Relationship": "Inner", "Startup Cost": 38941.47, "Total Cost": 38941.47, "Plan Rows": 1500000, "Plan Width": 8, "Actual Min Startup Time": 140.485, "Actual Max Startup Time": 208.721, "Actual Min Total Time": 140.485, "Actual Max Total Time": 208.721, "Actual Total Rows": 1500000, "Max Hash Buckets": 131072, "Min Hash Buckets": 131072, "Max Hash Batches": 1, "Min Hash Batches": 1, "Max Original Hash Batches": 1, "Min Original Hash Batches": 1, "Max Peak Memory Usage": 3670, "min Peak Memory Usage": 3670, "Plans": [{"Node Type": "Streaming(type: LOCAL REDISTRIBUTE dop: 16/16)", "Parent Relationship": "Outer", "Startup Cost": 0.0, "Total Cost": 38941.47, "Plan Rows": 1500000, "Plan Width": 8, "Actual Min Startup Time": 0.049, "Actual Max Startup Time": 56.373, "Actual Min Total Time": 115.611, "Actual Max Total Time": 187.631, "Actual Total Rows": 1500000, "Plans": [{"Node Type": "Seq Scan", "Parent Relationship": "Outer", "Relation Name": "customer", "Alias": "customer", "Startup Cost": 0.0, "Total Cost": 18257.88, "Plan Rows": 1500000, "Plan Width": 8, "Actual Min Startup Time": 0.014, "Actual Max Startup Time": 0.032, "Actual Min Total Time": 31.257, "Actual Max Total Time": 33.274, "Actual Total Rows": 1500000}]}]}]}]}]}]}]}]}]}]}, "Triggers": [], "Planner Runtime": 0.979, "Total Runtime": 5349.088, "Unique SQL Id": 3026328400}}, "(16, 7)": {"explain_plan": {"Plan": {"Node Type": "Sort", "Startup Cost": 1060808.36, "Total Cost": 1060808.86, "Plan Rows": 200, "Plan Width": 16, "Sort Key": ["(count(*)) DESC", "c_orders.c_count DESC"], "Plans": [{"Node Type": "Aggregate", "Strategy": "Hashed", "Parent Relationship": "Outer", "Startup Cost": 1060798.71, "Total Cost": 1060800.71, "Plan Rows": 200, "Plan Width": 16, "Group By Key": ["c_orders.c_count"], "Plans": [{"Node Type": "Subquery Scan", "Parent Relationship": "Outer", "Alias": "c_orders", "Startup Cost": 1023298.71, "Total Cost": 1053298.71, "Plan Rows": 1500000, "Plan Width": 8, "Plans": [{"Node Type": "Aggregate", "Strategy": "Hashed", "Parent Relationship": "Subquery", "Startup Cost": 1023298.71, "Total Cost": 1038298.71, "Plan Rows": 1500000, "Plan Width": 24, "Group By Key": ["customer.c_custkey"], "Plans": [{"Node Type": "Hash Join", "Parent Relationship": "Outer", "Join Type": "Right", "Startup Cost": 408464.06, "Total Cost": 991547.13, "Plan Rows": 6350316, "Plan Width": 16, "Inner Unique": true, "Hash Cond": "(orders.o_custkey = customer.c_custkey), (LLVM Optimized)", "Plans": [{"Node Type": "Bitmap Heap Scan", "Parent Relationship": "Outer", "Relation Name": "orders", "Alias": "orders", "Startup Cost": 308576.81, "Total Cost": 772489.29, "Plan Rows": 14844648, "Plan Width": 16, "Filter": "((o_comment)::text !~~ '%pending%deposits%'::text), (LLVM Optimized)", "Plans": [{"Node Type": "Bitmap Index Scan", "Parent Relationship": "Outer", "Index Name": "idx_orders_custkey", "Startup Cost": 0.0, "Total Cost": 304865.65, "Plan Rows": 14999479, "Plan Width": 0}]}, {"Node Type": "Hash", "Parent Relationship": "Inner", "Startup Cost": 81137.25, "Total Cost": 81137.25, "Plan Rows": 1500000, "Plan Width": 8, "Plans": [{"Node Type": "Bitmap Heap Scan", "Parent Relationship": "Outer", "Relation Name": "customer", "Alias": "customer", "Startup Cost": 29011.25, "Total Cost": 81137.25, "Plan Rows": 1500000, "Plan Width": 8, "Plans": [{"Node Type": "Bitmap Index Scan", "Parent Relationship": "Outer", "Index Name": "customer_pkey", "Startup Cost": 0.0, "Total Cost": 28636.25, "Plan Rows": 1500000, "Plan Width": 0}]}]}]}]}]}]}]}, "Unique SQL Id": 3026328400}, "explain_analyze_plan": null}, "(16, 8)": {"explain_plan": {"Plan": {"Node Type": "Sort", "Startup Cost": 181208.12, "Total Cost": 181208.62, "Plan Rows": 200, "Plan Width": 16, "Sort Key": ["(pg_catalog.count(*)) DESC", "c_orders.c_count DESC"], "Plans": [{"Node Type": "Streaming(type: LOCAL GATHER dop: 1/16)", "Parent Relationship": "Outer", "Startup Cost": 181199.81, "Total Cost": 181200.48, "Plan Rows": 200, "Plan Width": 16, "Plans": [{"Node Type": "Aggregate", "Strategy": "Hashed", "Parent Relationship": "Outer", "Startup Cost": 181199.81, "Total Cost": 181199.94, "Plan Rows": 200, "Plan Width": 16, "Group By Key": ["c_orders.c_count"], "Plans": [{"Node Type": "Streaming(type: LOCAL REDISTRIBUTE dop: 16/16)", "Parent Relationship": "Outer", "Startup Cost": 181194.06, "Total Cost": 181199.75, "Plan Rows": 200, "Plan Width": 16, "Plans": [{"Node Type": "Aggregate", "Strategy": "Hashed", "Parent Relationship": "Outer", "Startup Cost": 181194.06, "Total Cost": 181194.19, "Plan Rows": 200, "Plan Width": 16, "Group By Key": ["c_orders.c_count"], "Plans": [{"Node Type": "Subquery Scan", "Parent Relationship": "Outer", "Alias": "c_orders", "Startup Cost": 164787.81, "Total Cost": 180725.31, "Plan Rows": 1500000, "Plan Width": 8, "Plans": [{"Node Type": "Aggregate", "Strategy": "Hashed", "Parent Relationship": "Subquery", "Startup Cost": 164787.81, "Total Cost": 165725.31, "Plan Rows": 1500000, "Plan Width": 24, "Group By Key": ["customer.c_custkey"], "Plans": [{"Node Type": "Hash Join", "Parent Relationship": "Outer", "Join Type": "Right", "Startup Cost": 40113.34, "Total Cost": 162803.34, "Plan Rows": 6350316, "Plan Width": 16, "Inner Unique": true, "Hash Cond": "(orders.o_custkey = customer.c_custkey), (LLVM Optimized)", "Plans": [{"Node Type": "Streaming(type: LOCAL REDISTRIBUTE dop: 16/16)", "Parent Relationship": "Outer", "Startup Cost": 0.0, "Total Cost": 115241.83, "Plan Rows": 14844648, "Plan Width": 16, "Plans": [{"Node Type": "Seq Scan", "Parent Relationship": "Outer", "Relation Name": "orders", "Alias": "orders", "Startup Cost": 0.0, "Total Cost": 43994.53, "Plan Rows": 14844648, "Plan Width": 16, "Filter": "((o_comment)::text !~~ '%pending%deposits%'::text), (LLVM Optimized)"}]}, {"Node Type": "Hash", "Parent Relationship": "Inner", "Startup Cost": 38941.47, "Total Cost": 38941.47, "Plan Rows": 1500000, "Plan Width": 8, "Plans": [{"Node Type": "Streaming(type: LOCAL REDISTRIBUTE dop: 16/16)", "Parent Relationship": "Outer", "Startup Cost": 0.0, "Total Cost": 38941.47, "Plan Rows": 1500000, "Plan Width": 8, "Plans": [{"Node Type": "Index Only Scan", "Parent Relationship": "Outer", "Scan Direction": "Forward", "Index Name": "customer_pkey", "Relation Name": "customer", "Alias": "customer", "Startup Cost": 0.0, "Total Cost": 18257.88, "Plan Rows": 1500000, "Plan Width": 8}]}]}]}]}]}]}]}]}]}]}, "Unique SQL Id": 3026328400}, "explain_analyze_plan": {"Plan": {"Node Type": "Sort", "Startup Cost": 181208.12, "Total Cost": 181208.62, "Plan Rows": 200, "Plan Width": 16, "Actual Min Startup Time": 4548.504, "Actual Max Startup Time": 4548.504, "Actual Min Total Time": 4548.507, "Actual Max Total Time": 4548.507, "Actual Total Rows": 46, "Sort Key": ["(pg_catalog.count(*)) DESC", "c_orders.c_count DESC"], "Sort Method": "quicksort", "Sort Space Min Used": 27, "Sort Space Max Used": 27, "Sort Space Type": "Memory", "Plans": [{"Node Type": "Streaming(type: LOCAL GATHER dop: 1/16)", "Parent Relationship": "Outer", "Startup Cost": 181199.81, "Total Cost": 181200.48, "Plan Rows": 200, "Plan Width": 16, "Actual Min Startup Time": 4548.233, "Actual Max Startup Time": 4548.233, "Actual Min Total Time": 4548.452, "Actual Max Total Time": 4548.452, "Actual Total Rows": 46, "Plans": [{"Node Type": "Aggregate", "Strategy": "Hashed", "Parent Relationship": "Outer", "Startup Cost": 181199.81, "Total Cost": 181199.94, "Plan Rows": 200, "Plan Width": 16, "Actual Min Startup Time": 4471.003, "Actual Max Startup Time": 4477.586, "Actual Min Total Time": 4471.005, "Actual Max Total Time": 4477.587, "Actual Total Rows": 46, "Group By Key": ["c_orders.c_count"], "Plans": [{"Node Type": "Streaming(type: LOCAL REDISTRIBUTE dop: 16/16)", "Parent Relationship": "Outer", "Startup Cost": 181194.06, "Total Cost": 181199.75, "Plan Rows": 200, "Plan Width": 16, "Actual Min Startup Time": 4465.562, "Actual Max Startup Time": 4474.555, "Actual Min Total Time": 4470.913, "Actual Max Total Time": 4477.506, "Actual Total Rows": 655, "Plans": [{"Node Type": "Aggregate", "Strategy": "Hashed", "Parent Relationship": "Outer", "Startup Cost": 181194.06, "Total Cost": 181194.19, "Plan Rows": 200, "Plan Width": 16, "Actual Min Startup Time": 4425.181, "Actual Max Startup Time": 4457.546, "Actual Min Total Time": 4425.191, "Actual Max Total Time": 4457.556, "Actual Total Rows": 655, "Group By Key": ["c_orders.c_count"], "Plans": [{"Node Type": "Subquery Scan", "Parent Relationship": "Outer", "Alias": "c_orders", "Startup Cost": 164787.81, "Total Cost": 180725.31, "Plan Rows": 1500000, "Plan Width": 8, "Actual Min Startup Time": 4353.839, "Actual Max Startup Time": 4383.884, "Actual Min Total Time": 4398.272, "Actual Max Total Time": 4430.94, "Actual Total Rows": 1500000, "Plans": [{"Node Type": "Aggregate", "Strategy": "Hashed", "Parent Relationship": "Subquery", "Startup Cost": 164787.81, "Total Cost": 165725.31, "Plan Rows": 1500000, "Plan Width": 24, "Actual Min Startup Time": 4353.837, "Actual Max Startup Time": 4383.881, "Actual Min Total Time": 4381.29, "Actual Max Total Time": 4413.938, "Actual Total Rows": 1500000, "Group By Key": ["customer.c_custkey"], "Plans": [{"Node Type": "Hash Join", "Parent Relationship": "Outer", "Join Type": "Right", "Startup Cost": 40113.34, "Total Cost": 162803.34, "Plan Rows": 6350316, "Plan Width": 16, "Actual Min Startup Time": 110.827, "Actual Max Startup Time": 140.674, "Actual Min Total Time": 3791.064, "Actual Max Total Time": 3878.06, "Actual Total Rows": 15338153, "Inner Unique": true, "Hash Cond": "(orders.o_custkey = customer.c_custkey), (LLVM Optimized, Jit Execute)", "Plans": [{"Node Type": "Streaming(type: LOCAL REDISTRIBUTE dop: 16/16)", "Parent Relationship": "Outer", "Startup Cost": 0.0, "Total Cost": 115241.83, "Plan Rows": 14844648, "Plan Width": 16, "Actual Min Startup Time": 0.079, "Actual Max Startup Time": 0.357, "Actual Min Total Time": 3129.215, "Actual Max Total Time": 3281.683, "Actual Total Rows": 14838130, "Plans": [{"Node Type": "Seq Scan", "Parent Relationship": "Outer", "Relation Name": "orders", "Alias": "orders", "Startup Cost": 0.0, "Total Cost": 43994.53, "Plan Rows": 14844648, "Plan Width": 16, "Actual Min Startup Time": 0.027, "Actual Max Startup Time": 0.059, "Actual Min Total Time": 585.839, "Actual Max Total Time": 614.123, "Actual Total Rows": 14838130, "Filter": "((o_comment)::text !~~ '%pending%deposits%'::text), (LLVM Optimized, Jit Execute)", "Rows Removed by Filter": 161870}]}, {"Node Type": "Hash", "Parent Relationship": "Inner", "Startup Cost": 38941.47, "Total Cost": 38941.47, "Plan Rows": 1500000, "Plan Width": 8, "Actual Min Startup Time": 110.499, "Actual Max Startup Time": 140.458, "Actual Min Total Time": 110.499, "Actual Max Total Time": 140.458, "Actual Total Rows": 1500000, "Max Hash Buckets": 131072, "Min Hash Buckets": 131072, "Max Hash Batches": 1, "Min Hash Batches": 1, "Max Original Hash Batches": 1, "Min Original Hash Batches": 1, "Max Peak Memory Usage": 3670, "min Peak Memory Usage": 3670, "Plans": [{"Node Type": "Streaming(type: LOCAL REDISTRIBUTE dop: 16/16)", "Parent Relationship": "Outer", "Startup Cost": 0.0, "Total Cost": 38941.47, "Plan Rows": 1500000, "Plan Width": 8, "Actual Min Startup Time": 0.049, "Actual Max Startup Time": 26.908, "Actual Min Total Time": 88.181, "Actual Max Total Time": 117.208, "Actual Total Rows": 1500000, "Plans": [{"Node Type": "Index Only Scan", "Parent Relationship": "Outer", "Scan Direction": "Forward", "Index Name": "customer_pkey", "Relation Name": "customer", "Alias": "customer", "Startup Cost": 0.0, "Total Cost": 18257.88, "Plan Rows": 1500000, "Plan Width": 8, "Actual Min Startup Time": 0.046, "Actual Max Startup Time": 50.533, "Actual Min Total Time": 21.776, "Actual Max Total Time": 72.693, "Actual Total Rows": 1500000, "Heap Fetches": 0}]}]}]}]}]}]}]}]}]}]}, "Triggers": [], "Planner Runtime": 0.944, "Total Runtime": 4569.915, "Unique SQL Id": 3026328400}}, "(16, 9)": {"explain_plan": {"Plan": {"Node Type": "Sort", "Startup Cost": 1656520.26, "Total Cost": 1656520.76, "Plan Rows": 200, "Plan Width": 16, "Sort Key": ["(pg_catalog.count(*)) DESC", "c_orders.c_count DESC"], "Plans": [{"Node Type": "Streaming(type: LOCAL GATHER dop: 1/16)", "Parent Relationship": "Outer", "Startup Cost": 1656511.95, "Total Cost": 1656512.62, "Plan Rows": 200, "Plan Width": 16, "Plans": [{"Node Type": "Aggregate", "Strategy": "Hashed", "Parent Relationship": "Outer", "Startup Cost": 1656511.95, "Total Cost": 1656512.08, "Plan Rows": 200, "Plan Width": 16, "Group By Key": ["c_orders.c_count"], "Plans": [{"Node Type": "Streaming(type: LOCAL REDISTRIBUTE dop: 16/16)", "Parent Relationship": "Outer", "Startup Cost": 1656506.2, "Total Cost": 1656511.89, "Plan Rows": 200, "Plan Width": 16, "Plans": [{"Node Type": "Aggregate", "Strategy": "Hashed", "Parent Relationship": "Outer", "Startup Cost": 1656506.2, "Total Cost": 1656506.33, "Plan Rows": 200, "Plan Width": 16, "Group By Key": ["c_orders.c_count"], "Plans": [{"Node Type": "Subquery Scan", "Parent Relationship": "Outer", "Alias": "c_orders", "Startup Cost": 1640099.95, "Total Cost": 1656037.45, "Plan Rows": 1500000, "Plan Width": 8, "Plans": [{"Node Type": "Aggregate", "Strategy": "Hashed", "Parent Relationship": "Subquery", "Startup Cost": 1640099.95, "Total Cost": 1641037.45, "Plan Rows": 1500000, "Plan Width": 24, "Group By Key": ["customer.c_custkey"], "Plans": [{"Node Type": "Hash Join", "Parent Relationship": "Outer", "Join Type": "Right", "Startup Cost": 122181.17, "Total Cost": 1638115.48, "Plan Rows": 6350316, "Plan Width": 16, "Inner Unique": true, "Hash Cond": "(orders.o_custkey = customer.c_custkey), (LLVM Optimized)", "Plans": [{"Node Type": "Streaming(type: LOCAL REDISTRIBUTE dop: 16/16)", "Parent Relationship": "Outer", "Startup Cost": 0.0, "Total Cost": 1508486.14, "Plan Rows": 14844648, "Plan Width": 16, "Plans": [{"Node Type": "Index Scan", "Parent Relationship": "Outer", "Scan Direction": "Forward", "Index Name": "idx_orders_custkey", "Relation Name": "orders", "Alias": "orders", "Startup Cost": 0.0, "Total Cost": 1437238.84, "Plan Rows": 14844648, "Plan Width": 16, "Filter": "((o_comment)::text !~~ '%pending%deposits%'::text), (LLVM Optimized)"}]}, {"Node Type": "Hash", "Parent Relationship": "Inner", "Startup Cost": 121009.3, "Total Cost": 121009.3, "Plan Rows": 1500000, "Plan Width": 8, "Plans": [{"Node Type": "Streaming(type: LOCAL REDISTRIBUTE dop: 16/1)", "Parent Relationship": "Outer", "Startup Cost": 0.0, "Total Cost": 121009.3, "Plan Rows": 1500000, "Plan Width": 8, "Plans": [{"Node Type": "Index Only Scan", "Parent Relationship": "Outer", "Scan Direction": "Forward", "Index Name": "customer_pkey", "Relation Name": "customer", "Alias": "customer", "Startup Cost": 0.0, "Total Cost": 43636.25, "Plan Rows": 1500000, "Plan Width": 8}]}]}]}]}]}]}]}]}]}]}, "Unique SQL Id": 3026328400}, "explain_analyze_plan": null}, "(16, 10)": {"explain_plan": {"Plan": {"Node Type": "Sort", "Startup Cost": 181208.12, "Total Cost": 181208.62, "Plan Rows": 200, "Plan Width": 16, "Sort Key": ["(pg_catalog.count(*)) DESC", "c_orders.c_count DESC"], "Plans": [{"Node Type": "Streaming(type: LOCAL GATHER dop: 1/16)", "Parent Relationship": "Outer", "Startup Cost": 181199.81, "Total Cost": 181200.48, "Plan Rows": 200, "Plan Width": 16, "Plans": [{"Node Type": "Aggregate", "Strategy": "Hashed", "Parent Relationship": "Outer", "Startup Cost": 181199.81, "Total Cost": 181199.94, "Plan Rows": 200, "Plan Width": 16, "Group By Key": ["c_orders.c_count"], "Plans": [{"Node Type": "Streaming(type: LOCAL REDISTRIBUTE dop: 16/16)", "Parent Relationship": "Outer", "Startup Cost": 181194.06, "Total Cost": 181199.75, "Plan Rows": 200, "Plan Width": 16, "Plans": [{"Node Type": "Aggregate", "Strategy": "Hashed", "Parent Relationship": "Outer", "Startup Cost": 181194.06, "Total Cost": 181194.19, "Plan Rows": 200, "Plan Width": 16, "Group By Key": ["c_orders.c_count"], "Plans": [{"Node Type": "Subquery Scan", "Parent Relationship": "Outer", "Alias": "c_orders", "Startup Cost": 164787.81, "Total Cost": 180725.31, "Plan Rows": 1500000, "Plan Width": 8, "Plans": [{"Node Type": "Aggregate", "Strategy": "Hashed", "Parent Relationship": "Subquery", "Startup Cost": 164787.81, "Total Cost": 165725.31, "Plan Rows": 1500000, "Plan Width": 24, "Group By Key": ["customer.c_custkey"], "Plans": [{"Node Type": "Hash Join", "Parent Relationship": "Outer", "Join Type": "Right", "Startup Cost": 40113.34, "Total Cost": 162803.34, "Plan Rows": 6350316, "Plan Width": 16, "Inner Unique": true, "Hash Cond": "(orders.o_custkey = customer.c_custkey), (LLVM Optimized)", "Plans": [{"Node Type": "Streaming(type: LOCAL REDISTRIBUTE dop: 16/16)", "Parent Relationship": "Outer", "Startup Cost": 0.0, "Total Cost": 115241.83, "Plan Rows": 14844648, "Plan Width": 16, "Plans": [{"Node Type": "Seq Scan", "Parent Relationship": "Outer", "Relation Name": "orders", "Alias": "orders", "Startup Cost": 0.0, "Total Cost": 43994.53, "Plan Rows": 14844648, "Plan Width": 16, "Filter": "((o_comment)::text !~~ '%pending%deposits%'::text), (LLVM Optimized)"}]}, {"Node Type": "Hash", "Parent Relationship": "Inner", "Startup Cost": 38941.47, "Total Cost": 38941.47, "Plan Rows": 1500000, "Plan Width": 8, "Plans": [{"Node Type": "Streaming(type: LOCAL REDISTRIBUTE dop: 16/16)", "Parent Relationship": "Outer", "Startup Cost": 0.0, "Total Cost": 38941.47, "Plan Rows": 1500000, "Plan Width": 8, "Plans": [{"Node Type": "Seq Scan", "Parent Relationship": "Outer", "Relation Name": "customer", "Alias": "customer", "Startup Cost": 0.0, "Total Cost": 18257.88, "Plan Rows": 1500000, "Plan Width": 8}]}]}]}]}]}]}]}]}]}]}, "Unique SQL Id": 3026328400}, "explain_analyze_plan": {"Plan": {"Node Type": "Sort", "Startup Cost": 181208.12, "Total Cost": 181208.62, "Plan Rows": 200, "Plan Width": 16, "Actual Min Startup Time": 5326.787, "Actual Max Startup Time": 5326.787, "Actual Min Total Time": 5326.791, "Actual Max Total Time": 5326.791, "Actual Total Rows": 46, "Sort Key": ["(pg_catalog.count(*)) DESC", "c_orders.c_count DESC"], "Sort Method": "quicksort", "Sort Space Min Used": 27, "Sort Space Max Used": 27, "Sort Space Type": "Memory", "Plans": [{"Node Type": "Streaming(type: LOCAL GATHER dop: 1/16)", "Parent Relationship": "Outer", "Startup Cost": 181199.81, "Total Cost": 181200.48, "Plan Rows": 200, "Plan Width": 16, "Actual Min Startup Time": 5326.566, "Actual Max Startup Time": 5326.566, "Actual Min Total Time": 5326.733, "Actual Max Total Time": 5326.733, "Actual Total Rows": 46, "Plans": [{"Node Type": "Aggregate", "Strategy": "Hashed", "Parent Relationship": "Outer", "Startup Cost": 181199.81, "Total Cost": 181199.94, "Plan Rows": 200, "Plan Width": 16, "Actual Min Startup Time": 5227.186, "Actual Max Startup Time": 5248.484, "Actual Min Total Time": 5227.186, "Actual Max Total Time": 5248.485, "Actual Total Rows": 46, "Group By Key": ["c_orders.c_count"], "Plans": [{"Node Type": "Streaming(type: LOCAL REDISTRIBUTE dop: 16/16)", "Parent Relationship": "Outer", "Startup Cost": 181194.06, "Total Cost": 181199.75, "Plan Rows": 200, "Plan Width": 16, "Actual Min Startup Time": 5208.963, "Actual Max Startup Time": 5235.167, "Actual Min Total Time": 5227.054, "Actual Max Total Time": 5248.321, "Actual Total Rows": 655, "Plans": [{"Node Type": "Aggregate", "Strategy": "Hashed", "Parent Relationship": "Outer", "Startup Cost": 181194.06, "Total Cost": 181194.19, "Plan Rows": 200, "Plan Width": 16, "Actual Min Startup Time": 5164.415, "Actual Max Startup Time": 5242.866, "Actual Min Total Time": 5164.423, "Actual Max Total Time": 5242.875, "Actual Total Rows": 655, "Group By Key": ["c_orders.c_count"], "Plans": [{"Node Type": "Subquery Scan", "Parent Relationship": "Outer", "Alias": "c_orders", "Startup Cost": 164787.81, "Total Cost": 180725.31, "Plan Rows": 1500000, "Plan Width": 8, "Actual Min Startup Time": 5090.346, "Actual Max Startup Time": 5157.9, "Actual Min Total Time": 5137.583, "Actual Max Total Time": 5215.936, "Actual Total Rows": 1500000, "Plans": [{"Node Type": "Aggregate", "Strategy": "Hashed", "Parent Relationship": "Subquery", "Startup Cost": 164787.81, "Total Cost": 165725.31, "Plan Rows": 1500000, "Plan Width": 24, "Actual Min Startup Time": 5090.345, "Actual Max Startup Time": 5157.898, "Actual Min Total Time": 5120.636, "Actual Max Total Time": 5199.243, "Actual Total Rows": 1500000, "Group By Key": ["customer.c_custkey"], "Plans": [{"Node Type": "Hash Join", "Parent Relationship": "Outer", "Join Type": "Right", "Startup Cost": 40113.34, "Total Cost": 162803.34, "Plan Rows": 6350316, "Plan Width": 16, "Actual Min Startup Time": 140.725, "Actual Max Startup Time": 208.973, "Actual Min Total Time": 4462.349, "Actual Max Total Time": 4679.611, "Actual Total Rows": 15338153, "Inner Unique": true, "Hash Cond": "(orders.o_custkey = customer.c_custkey), (LLVM Optimized, Jit Execute)", "Plans": [{"Node Type": "Streaming(type: LOCAL REDISTRIBUTE dop: 16/16)", "Parent Relationship": "Outer", "Startup Cost": 0.0, "Total Cost": 115241.83, "Plan Rows": 14844648, "Plan Width": 16, "Actual Min Startup Time": 0.073, "Actual Max Startup Time": 0.41, "Actual Min Total Time": 3726.549, "Actual Max Total Time": 4061.024, "Actual Total Rows": 14838130, "Plans": [{"Node Type": "Seq Scan", "Parent Relationship": "Outer", "Relation Name": "orders", "Alias": "orders", "Startup Cost": 0.0, "Total Cost": 43994.53, "Plan Rows": 14844648, "Plan Width": 16, "Actual Min Startup Time": 0.028, "Actual Max Startup Time": 0.056, "Actual Min Total Time": 577.565, "Actual Max Total Time": 615.405, "Actual Total Rows": 14838130, "Filter": "((o_comment)::text !~~ '%pending%deposits%'::text), (LLVM Optimized, Jit Execute)", "Rows Removed by Filter": 161870}]}, {"Node Type": "Hash", "Parent Relationship": "Inner", "Startup Cost": 38941.47, "Total Cost": 38941.47, "Plan Rows": 1500000, "Plan Width": 8, "Actual Min Startup Time": 140.485, "Actual Max Startup Time": 208.721, "Actual Min Total Time": 140.485, "Actual Max Total Time": 208.721, "Actual Total Rows": 1500000, "Max Hash Buckets": 131072, "Min Hash Buckets": 131072, "Max Hash Batches": 1, "Min Hash Batches": 1, "Max Original Hash Batches": 1, "Min Original Hash Batches": 1, "Max Peak Memory Usage": 3670, "min Peak Memory Usage": 3670, "Plans": [{"Node Type": "Streaming(type: LOCAL REDISTRIBUTE dop: 16/16)", "Parent Relationship": "Outer", "Startup Cost": 0.0, "Total Cost": 38941.47, "Plan Rows": 1500000, "Plan Width": 8, "Actual Min Startup Time": 0.049, "Actual Max Startup Time": 56.373, "Actual Min Total Time": 115.611, "Actual Max Total Time": 187.631, "Actual Total Rows": 1500000, "Plans": [{"Node Type": "Seq Scan", "Parent Relationship": "Outer", "Relation Name": "customer", "Alias": "customer", "Startup Cost": 0.0, "Total Cost": 18257.88, "Plan Rows": 1500000, "Plan Width": 8, "Actual Min Startup Time": 0.014, "Actual Max Startup Time": 0.032, "Actual Min Total Time": 31.257, "Actual Max Total Time": 33.274, "Actual Total Rows": 1500000}]}]}]}]}]}]}]}]}]}]}, "Triggers": [], "Planner Runtime": 0.979, "Total Runtime": 5349.088, "Unique SQL Id": 3026328400}}, "(16, 11)": {"explain_plan": {"Plan": {"Node Type": "Sort", "Startup Cost": 2000131988437.04, "Total Cost": 2000131988437.54, "Plan Rows": 200, "Plan Width": 16, "Sort Key": ["(count(*)) DESC", "c_orders.c_count DESC"], "Plans": [{"Node Type": "Aggregate", "Strategy": "Hashed", "Parent Relationship": "Outer", "Startup Cost": 2000131988427.4, "Total Cost": 2000131988429.4, "Plan Rows": 200, "Plan Width": 16, "Group By Key": ["c_orders.c_count"], "Plans": [{"Node Type": "Subquery Scan", "Parent Relationship": "Outer", "Alias": "c_orders", "Startup Cost": 2000131950927.4, "Total Cost": 2000131980927.4, "Plan Rows": 1500000, "Plan Width": 8, "Plans": [{"Node Type": "Aggregate", "Strategy": "Hashed", "Parent Relationship": "Subquery", "Startup Cost": 2000131950927.4, "Total Cost": 2000131965927.4, "Plan Rows": 1500000, "Plan Width": 24, "Group By Key": ["customer.c_custkey"], "Plans": [{"Node Type": "Merge Join", "Parent Relationship": "Outer", "Join Type": "Left", "Startup Cost": 20000000000.0, "Total Cost": 2000131919175.82, "Plan Rows": 6350316, "Plan Width": 16, "Inner Unique": false, "Merge Cond": "(customer.c_custkey = orders.o_custkey)", "Plans": [{"Node Type": "Index Only Scan", "Parent Relationship": "Outer", "Scan Direction": "Forward", "Index Name": "customer_pkey", "Relation Name": "customer", "Alias": "customer", "Startup Cost": 10000000000.0, "Total Cost": 1000004363625.0, "Plan Rows": 1500000, "Plan Width": 8}, {"Node Type": "Index Scan", "Parent Relationship": "Inner", "Scan Direction": "Forward", "Index Name": "idx_orders_custkey", "Relation Name": "orders", "Alias": "orders", "Startup Cost": 10000000000.0, "Total Cost": 1000159801398.83, "Plan Rows": 14844648, "Plan Width": 16, "Filter": "((o_comment)::text !~~ '%pending%deposits%'::text), (LLVM Optimized)"}]}]}]}]}]}, "Unique SQL Id": 3026328400}, "explain_analyze_plan": null}, "(16, 12)": {"explain_plan": {"Plan": {"Node Type": "Sort", "Startup Cost": 181208.12, "Total Cost": 181208.62, "Plan Rows": 200, "Plan Width": 16, "Sort Key": ["(pg_catalog.count(*)) DESC", "c_orders.c_count DESC"], "Plans": [{"Node Type": "Streaming(type: LOCAL GATHER dop: 1/16)", "Parent Relationship": "Outer", "Startup Cost": 181199.81, "Total Cost": 181200.48, "Plan Rows": 200, "Plan Width": 16, "Plans": [{"Node Type": "Aggregate", "Strategy": "Hashed", "Parent Relationship": "Outer", "Startup Cost": 181199.81, "Total Cost": 181199.94, "Plan Rows": 200, "Plan Width": 16, "Group By Key": ["c_orders.c_count"], "Plans": [{"Node Type": "Streaming(type: LOCAL REDISTRIBUTE dop: 16/16)", "Parent Relationship": "Outer", "Startup Cost": 181194.06, "Total Cost": 181199.75, "Plan Rows": 200, "Plan Width": 16, "Plans": [{"Node Type": "Aggregate", "Strategy": "Hashed", "Parent Relationship": "Outer", "Startup Cost": 181194.06, "Total Cost": 181194.19, "Plan Rows": 200, "Plan Width": 16, "Group By Key": ["c_orders.c_count"], "Plans": [{"Node Type": "Subquery Scan", "Parent Relationship": "Outer", "Alias": "c_orders", "Startup Cost": 164787.81, "Total Cost": 180725.31, "Plan Rows": 1500000, "Plan Width": 8, "Plans": [{"Node Type": "Aggregate", "Strategy": "Hashed", "Parent Relationship": "Subquery", "Startup Cost": 164787.81, "Total Cost": 165725.31, "Plan Rows": 1500000, "Plan Width": 24, "Group By Key": ["customer.c_custkey"], "Plans": [{"Node Type": "Hash Join", "Parent Relationship": "Outer", "Join Type": "Right", "Startup Cost": 40113.34, "Total Cost": 162803.34, "Plan Rows": 6350316, "Plan Width": 16, "Inner Unique": true, "Hash Cond": "(orders.o_custkey = customer.c_custkey), (LLVM Optimized)", "Plans": [{"Node Type": "Streaming(type: LOCAL REDISTRIBUTE dop: 16/16)", "Parent Relationship": "Outer", "Startup Cost": 0.0, "Total Cost": 115241.83, "Plan Rows": 14844648, "Plan Width": 16, "Plans": [{"Node Type": "Seq Scan", "Parent Relationship": "Outer", "Relation Name": "orders", "Alias": "orders", "Startup Cost": 0.0, "Total Cost": 43994.53, "Plan Rows": 14844648, "Plan Width": 16, "Filter": "((o_comment)::text !~~ '%pending%deposits%'::text), (LLVM Optimized)"}]}, {"Node Type": "Hash", "Parent Relationship": "Inner", "Startup Cost": 38941.47, "Total Cost": 38941.47, "Plan Rows": 1500000, "Plan Width": 8, "Plans": [{"Node Type": "Streaming(type: LOCAL REDISTRIBUTE dop: 16/16)", "Parent Relationship": "Outer", "Startup Cost": 0.0, "Total Cost": 38941.47, "Plan Rows": 1500000, "Plan Width": 8, "Plans": [{"Node Type": "Seq Scan", "Parent Relationship": "Outer", "Relation Name": "customer", "Alias": "customer", "Startup Cost": 0.0, "Total Cost": 18257.88, "Plan Rows": 1500000, "Plan Width": 8}]}]}]}]}]}]}]}]}]}]}, "Unique SQL Id": 3026328400}, "explain_analyze_plan": {"Plan": {"Node Type": "Sort", "Startup Cost": 181208.12, "Total Cost": 181208.62, "Plan Rows": 200, "Plan Width": 16, "Actual Min Startup Time": 5326.787, "Actual Max Startup Time": 5326.787, "Actual Min Total Time": 5326.791, "Actual Max Total Time": 5326.791, "Actual Total Rows": 46, "Sort Key": ["(pg_catalog.count(*)) DESC", "c_orders.c_count DESC"], "Sort Method": "quicksort", "Sort Space Min Used": 27, "Sort Space Max Used": 27, "Sort Space Type": "Memory", "Plans": [{"Node Type": "Streaming(type: LOCAL GATHER dop: 1/16)", "Parent Relationship": "Outer", "Startup Cost": 181199.81, "Total Cost": 181200.48, "Plan Rows": 200, "Plan Width": 16, "Actual Min Startup Time": 5326.566, "Actual Max Startup Time": 5326.566, "Actual Min Total Time": 5326.733, "Actual Max Total Time": 5326.733, "Actual Total Rows": 46, "Plans": [{"Node Type": "Aggregate", "Strategy": "Hashed", "Parent Relationship": "Outer", "Startup Cost": 181199.81, "Total Cost": 181199.94, "Plan Rows": 200, "Plan Width": 16, "Actual Min Startup Time": 5227.186, "Actual Max Startup Time": 5248.484, "Actual Min Total Time": 5227.186, "Actual Max Total Time": 5248.485, "Actual Total Rows": 46, "Group By Key": ["c_orders.c_count"], "Plans": [{"Node Type": "Streaming(type: LOCAL REDISTRIBUTE dop: 16/16)", "Parent Relationship": "Outer", "Startup Cost": 181194.06, "Total Cost": 181199.75, "Plan Rows": 200, "Plan Width": 16, "Actual Min Startup Time": 5208.963, "Actual Max Startup Time": 5235.167, "Actual Min Total Time": 5227.054, "Actual Max Total Time": 5248.321, "Actual Total Rows": 655, "Plans": [{"Node Type": "Aggregate", "Strategy": "Hashed", "Parent Relationship": "Outer", "Startup Cost": 181194.06, "Total Cost": 181194.19, "Plan Rows": 200, "Plan Width": 16, "Actual Min Startup Time": 5164.415, "Actual Max Startup Time": 5242.866, "Actual Min Total Time": 5164.423, "Actual Max Total Time": 5242.875, "Actual Total Rows": 655, "Group By Key": ["c_orders.c_count"], "Plans": [{"Node Type": "Subquery Scan", "Parent Relationship": "Outer", "Alias": "c_orders", "Startup Cost": 164787.81, "Total Cost": 180725.31, "Plan Rows": 1500000, "Plan Width": 8, "Actual Min Startup Time": 5090.346, "Actual Max Startup Time": 5157.9, "Actual Min Total Time": 5137.583, "Actual Max Total Time": 5215.936, "Actual Total Rows": 1500000, "Plans": [{"Node Type": "Aggregate", "Strategy": "Hashed", "Parent Relationship": "Subquery", "Startup Cost": 164787.81, "Total Cost": 165725.31, "Plan Rows": 1500000, "Plan Width": 24, "Actual Min Startup Time": 5090.345, "Actual Max Startup Time": 5157.898, "Actual Min Total Time": 5120.636, "Actual Max Total Time": 5199.243, "Actual Total Rows": 1500000, "Group By Key": ["customer.c_custkey"], "Plans": [{"Node Type": "Hash Join", "Parent Relationship": "Outer", "Join Type": "Right", "Startup Cost": 40113.34, "Total Cost": 162803.34, "Plan Rows": 6350316, "Plan Width": 16, "Actual Min Startup Time": 140.725, "Actual Max Startup Time": 208.973, "Actual Min Total Time": 4462.349, "Actual Max Total Time": 4679.611, "Actual Total Rows": 15338153, "Inner Unique": true, "Hash Cond": "(orders.o_custkey = customer.c_custkey), (LLVM Optimized, Jit Execute)", "Plans": [{"Node Type": "Streaming(type: LOCAL REDISTRIBUTE dop: 16/16)", "Parent Relationship": "Outer", "Startup Cost": 0.0, "Total Cost": 115241.83, "Plan Rows": 14844648, "Plan Width": 16, "Actual Min Startup Time": 0.073, "Actual Max Startup Time": 0.41, "Actual Min Total Time": 3726.549, "Actual Max Total Time": 4061.024, "Actual Total Rows": 14838130, "Plans": [{"Node Type": "Seq Scan", "Parent Relationship": "Outer", "Relation Name": "orders", "Alias": "orders", "Startup Cost": 0.0, "Total Cost": 43994.53, "Plan Rows": 14844648, "Plan Width": 16, "Actual Min Startup Time": 0.028, "Actual Max Startup Time": 0.056, "Actual Min Total Time": 577.565, "Actual Max Total Time": 615.405, "Actual Total Rows": 14838130, "Filter": "((o_comment)::text !~~ '%pending%deposits%'::text), (LLVM Optimized, Jit Execute)", "Rows Removed by Filter": 161870}]}, {"Node Type": "Hash", "Parent Relationship": "Inner", "Startup Cost": 38941.47, "Total Cost": 38941.47, "Plan Rows": 1500000, "Plan Width": 8, "Actual Min Startup Time": 140.485, "Actual Max Startup Time": 208.721, "Actual Min Total Time": 140.485, "Actual Max Total Time": 208.721, "Actual Total Rows": 1500000, "Max Hash Buckets": 131072, "Min Hash Buckets": 131072, "Max Hash Batches": 1, "Min Hash Batches": 1, "Max Original Hash Batches": 1, "Min Original Hash Batches": 1, "Max Peak Memory Usage": 3670, "min Peak Memory Usage": 3670, "Plans": [{"Node Type": "Streaming(type: LOCAL REDISTRIBUTE dop: 16/16)", "Parent Relationship": "Outer", "Startup Cost": 0.0, "Total Cost": 38941.47, "Plan Rows": 1500000, "Plan Width": 8, "Actual Min Startup Time": 0.049, "Actual Max Startup Time": 56.373, "Actual Min Total Time": 115.611, "Actual Max Total Time": 187.631, "Actual Total Rows": 1500000, "Plans": [{"Node Type": "Seq Scan", "Parent Relationship": "Outer", "Relation Name": "customer", "Alias": "customer", "Startup Cost": 0.0, "Total Cost": 18257.88, "Plan Rows": 1500000, "Plan Width": 8, "Actual Min Startup Time": 0.014, "Actual Max Startup Time": 0.032, "Actual Min Total Time": 31.257, "Actual Max Total Time": 33.274, "Actual Total Rows": 1500000}]}]}]}]}]}]}]}]}]}]}, "Triggers": [], "Planner Runtime": 0.979, "Total Runtime": 5349.088, "Unique SQL Id": 3026328400}}, "(16, 13)": {"explain_plan": {"Plan": {"Node Type": "Sort", "Startup Cost": 1693649.37, "Total Cost": 1693649.87, "Plan Rows": 200, "Plan Width": 16, "Sort Key": ["(pg_catalog.count(*)) DESC", "c_orders.c_count DESC"], "Plans": [{"Node Type": "Streaming(type: LOCAL GATHER dop: 1/16)", "Parent Relationship": "Outer", "Startup Cost": 1693641.06, "Total Cost": 1693641.72, "Plan Rows": 200, "Plan Width": 16, "Plans": [{"Node Type": "Aggregate", "Strategy": "Hashed", "Parent Relationship": "Outer", "Startup Cost": 1693641.06, "Total Cost": 1693641.18, "Plan Rows": 200, "Plan Width": 16, "Group By Key": ["c_orders.c_count"], "Plans": [{"Node Type": "Streaming(type: LOCAL REDISTRIBUTE dop: 16/16)", "Parent Relationship": "Outer", "Startup Cost": 1693635.31, "Total Cost": 1693641.0, "Plan Rows": 200, "Plan Width": 16, "Plans": [{"Node Type": "Aggregate", "Strategy": "Hashed", "Parent Relationship": "Outer", "Startup Cost": 1693635.31, "Total Cost": 1693635.43, "Plan Rows": 200, "Plan Width": 16, "Group By Key": ["c_orders.c_count"], "Plans": [{"Node Type": "Subquery Scan", "Parent Relationship": "Outer", "Alias": "c_orders", "Startup Cost": 1677229.06, "Total Cost": 1693166.56, "Plan Rows": 1500000, "Plan Width": 8, "Plans": [{"Node Type": "Aggregate", "Strategy": "Hashed", "Parent Relationship": "Subquery", "Startup Cost": 1677229.06, "Total Cost": 1678166.56, "Plan Rows": 1500000, "Plan Width": 24, "Group By Key": ["customer.c_custkey"], "Plans": [{"Node Type": "Hash Join", "Parent Relationship": "Outer", "Join Type": "Right", "Startup Cost": 159310.28, "Total Cost": 1675244.58, "Plan Rows": 6350316, "Plan Width": 16, "Inner Unique": true, "Hash Cond": "(orders.o_custkey = customer.c_custkey), (LLVM Optimized)", "Plans": [{"Node Type": "Streaming(type: LOCAL REDISTRIBUTE dop: 16/16)", "Parent Relationship": "Outer", "Startup Cost": 0.0, "Total Cost": 1508486.14, "Plan Rows": 14844648, "Plan Width": 16, "Plans": [{"Node Type": "Index Scan", "Parent Relationship": "Outer", "Scan Direction": "Forward", "Index Name": "idx_orders_custkey", "Relation Name": "orders", "Alias": "orders", "Startup Cost": 0.0, "Total Cost": 1437238.84, "Plan Rows": 14844648, "Plan Width": 16, "Filter": "((o_comment)::text !~~ '%pending%deposits%'::text), (LLVM Optimized)"}]}, {"Node Type": "Hash", "Parent Relationship": "Inner", "Startup Cost": 158138.4, "Total Cost": 158138.4, "Plan Rows": 1500000, "Plan Width": 8, "Plans": [{"Node Type": "Streaming(type: LOCAL REDISTRIBUTE dop: 16/1)", "Parent Relationship": "Outer", "Startup Cost": 0.0, "Total Cost": 158138.4, "Plan Rows": 1500000, "Plan Width": 8, "Plans": [{"Node Type": "Index Scan", "Parent Relationship": "Outer", "Scan Direction": "Forward", "Index Name": "customer_pkey", "Relation Name": "customer", "Alias": "customer", "Startup Cost": 0.0, "Total Cost": 80765.36, "Plan Rows": 1500000, "Plan Width": 8}]}]}]}]}]}]}]}]}]}]}, "Unique SQL Id": 3026328400}, "explain_analyze_plan": null}, "(16, 14)": {"explain_plan": {"Plan": {"Node Type": "Sort", "Startup Cost": 181208.12, "Total Cost": 181208.62, "Plan Rows": 200, "Plan Width": 16, "Sort Key": ["(pg_catalog.count(*)) DESC", "c_orders.c_count DESC"], "Plans": [{"Node Type": "Streaming(type: LOCAL GATHER dop: 1/16)", "Parent Relationship": "Outer", "Startup Cost": 181199.81, "Total Cost": 181200.48, "Plan Rows": 200, "Plan Width": 16, "Plans": [{"Node Type": "Aggregate", "Strategy": "Hashed", "Parent Relationship": "Outer", "Startup Cost": 181199.81, "Total Cost": 181199.94, "Plan Rows": 200, "Plan Width": 16, "Group By Key": ["c_orders.c_count"], "Plans": [{"Node Type": "Streaming(type: LOCAL REDISTRIBUTE dop: 16/16)", "Parent Relationship": "Outer", "Startup Cost": 181194.06, "Total Cost": 181199.75, "Plan Rows": 200, "Plan Width": 16, "Plans": [{"Node Type": "Aggregate", "Strategy": "Hashed", "Parent Relationship": "Outer", "Startup Cost": 181194.06, "Total Cost": 181194.19, "Plan Rows": 200, "Plan Width": 16, "Group By Key": ["c_orders.c_count"], "Plans": [{"Node Type": "Subquery Scan", "Parent Relationship": "Outer", "Alias": "c_orders", "Startup Cost": 164787.81, "Total Cost": 180725.31, "Plan Rows": 1500000, "Plan Width": 8, "Plans": [{"Node Type": "Aggregate", "Strategy": "Hashed", "Parent Relationship": "Subquery", "Startup Cost": 164787.81, "Total Cost": 165725.31, "Plan Rows": 1500000, "Plan Width": 24, "Group By Key": ["customer.c_custkey"], "Plans": [{"Node Type": "Hash Join", "Parent Relationship": "Outer", "Join Type": "Right", "Startup Cost": 40113.34, "Total Cost": 162803.34, "Plan Rows": 6350316, "Plan Width": 16, "Inner Unique": true, "Hash Cond": "(orders.o_custkey = customer.c_custkey), (LLVM Optimized)", "Plans": [{"Node Type": "Streaming(type: LOCAL REDISTRIBUTE dop: 16/16)", "Parent Relationship": "Outer", "Startup Cost": 0.0, "Total Cost": 115241.83, "Plan Rows": 14844648, "Plan Width": 16, "Plans": [{"Node Type": "Seq Scan", "Parent Relationship": "Outer", "Relation Name": "orders", "Alias": "orders", "Startup Cost": 0.0, "Total Cost": 43994.53, "Plan Rows": 14844648, "Plan Width": 16, "Filter": "((o_comment)::text !~~ '%pending%deposits%'::text), (LLVM Optimized)"}]}, {"Node Type": "Hash", "Parent Relationship": "Inner", "Startup Cost": 38941.47, "Total Cost": 38941.47, "Plan Rows": 1500000, "Plan Width": 8, "Plans": [{"Node Type": "Streaming(type: LOCAL REDISTRIBUTE dop: 16/16)", "Parent Relationship": "Outer", "Startup Cost": 0.0, "Total Cost": 38941.47, "Plan Rows": 1500000, "Plan Width": 8, "Plans": [{"Node Type": "Seq Scan", "Parent Relationship": "Outer", "Relation Name": "customer", "Alias": "customer", "Startup Cost": 0.0, "Total Cost": 18257.88, "Plan Rows": 1500000, "Plan Width": 8}]}]}]}]}]}]}]}]}]}]}, "Unique SQL Id": 3026328400}, "explain_analyze_plan": {"Plan": {"Node Type": "Sort", "Startup Cost": 181208.12, "Total Cost": 181208.62, "Plan Rows": 200, "Plan Width": 16, "Actual Min Startup Time": 5326.787, "Actual Max Startup Time": 5326.787, "Actual Min Total Time": 5326.791, "Actual Max Total Time": 5326.791, "Actual Total Rows": 46, "Sort Key": ["(pg_catalog.count(*)) DESC", "c_orders.c_count DESC"], "Sort Method": "quicksort", "Sort Space Min Used": 27, "Sort Space Max Used": 27, "Sort Space Type": "Memory", "Plans": [{"Node Type": "Streaming(type: LOCAL GATHER dop: 1/16)", "Parent Relationship": "Outer", "Startup Cost": 181199.81, "Total Cost": 181200.48, "Plan Rows": 200, "Plan Width": 16, "Actual Min Startup Time": 5326.566, "Actual Max Startup Time": 5326.566, "Actual Min Total Time": 5326.733, "Actual Max Total Time": 5326.733, "Actual Total Rows": 46, "Plans": [{"Node Type": "Aggregate", "Strategy": "Hashed", "Parent Relationship": "Outer", "Startup Cost": 181199.81, "Total Cost": 181199.94, "Plan Rows": 200, "Plan Width": 16, "Actual Min Startup Time": 5227.186, "Actual Max Startup Time": 5248.484, "Actual Min Total Time": 5227.186, "Actual Max Total Time": 5248.485, "Actual Total Rows": 46, "Group By Key": ["c_orders.c_count"], "Plans": [{"Node Type": "Streaming(type: LOCAL REDISTRIBUTE dop: 16/16)", "Parent Relationship": "Outer", "Startup Cost": 181194.06, "Total Cost": 181199.75, "Plan Rows": 200, "Plan Width": 16, "Actual Min Startup Time": 5208.963, "Actual Max Startup Time": 5235.167, "Actual Min Total Time": 5227.054, "Actual Max Total Time": 5248.321, "Actual Total Rows": 655, "Plans": [{"Node Type": "Aggregate", "Strategy": "Hashed", "Parent Relationship": "Outer", "Startup Cost": 181194.06, "Total Cost": 181194.19, "Plan Rows": 200, "Plan Width": 16, "Actual Min Startup Time": 5164.415, "Actual Max Startup Time": 5242.866, "Actual Min Total Time": 5164.423, "Actual Max Total Time": 5242.875, "Actual Total Rows": 655, "Group By Key": ["c_orders.c_count"], "Plans": [{"Node Type": "Subquery Scan", "Parent Relationship": "Outer", "Alias": "c_orders", "Startup Cost": 164787.81, "Total Cost": 180725.31, "Plan Rows": 1500000, "Plan Width": 8, "Actual Min Startup Time": 5090.346, "Actual Max Startup Time": 5157.9, "Actual Min Total Time": 5137.583, "Actual Max Total Time": 5215.936, "Actual Total Rows": 1500000, "Plans": [{"Node Type": "Aggregate", "Strategy": "Hashed", "Parent Relationship": "Subquery", "Startup Cost": 164787.81, "Total Cost": 165725.31, "Plan Rows": 1500000, "Plan Width": 24, "Actual Min Startup Time": 5090.345, "Actual Max Startup Time": 5157.898, "Actual Min Total Time": 5120.636, "Actual Max Total Time": 5199.243, "Actual Total Rows": 1500000, "Group By Key": ["customer.c_custkey"], "Plans": [{"Node Type": "Hash Join", "Parent Relationship": "Outer", "Join Type": "Right", "Startup Cost": 40113.34, "Total Cost": 162803.34, "Plan Rows": 6350316, "Plan Width": 16, "Actual Min Startup Time": 140.725, "Actual Max Startup Time": 208.973, "Actual Min Total Time": 4462.349, "Actual Max Total Time": 4679.611, "Actual Total Rows": 15338153, "Inner Unique": true, "Hash Cond": "(orders.o_custkey = customer.c_custkey), (LLVM Optimized, Jit Execute)", "Plans": [{"Node Type": "Streaming(type: LOCAL REDISTRIBUTE dop: 16/16)", "Parent Relationship": "Outer", "Startup Cost": 0.0, "Total Cost": 115241.83, "Plan Rows": 14844648, "Plan Width": 16, "Actual Min Startup Time": 0.073, "Actual Max Startup Time": 0.41, "Actual Min Total Time": 3726.549, "Actual Max Total Time": 4061.024, "Actual Total Rows": 14838130, "Plans": [{"Node Type": "Seq Scan", "Parent Relationship": "Outer", "Relation Name": "orders", "Alias": "orders", "Startup Cost": 0.0, "Total Cost": 43994.53, "Plan Rows": 14844648, "Plan Width": 16, "Actual Min Startup Time": 0.028, "Actual Max Startup Time": 0.056, "Actual Min Total Time": 577.565, "Actual Max Total Time": 615.405, "Actual Total Rows": 14838130, "Filter": "((o_comment)::text !~~ '%pending%deposits%'::text), (LLVM Optimized, Jit Execute)", "Rows Removed by Filter": 161870}]}, {"Node Type": "Hash", "Parent Relationship": "Inner", "Startup Cost": 38941.47, "Total Cost": 38941.47, "Plan Rows": 1500000, "Plan Width": 8, "Actual Min Startup Time": 140.485, "Actual Max Startup Time": 208.721, "Actual Min Total Time": 140.485, "Actual Max Total Time": 208.721, "Actual Total Rows": 1500000, "Max Hash Buckets": 131072, "Min Hash Buckets": 131072, "Max Hash Batches": 1, "Min Hash Batches": 1, "Max Original Hash Batches": 1, "Min Original Hash Batches": 1, "Max Peak Memory Usage": 3670, "min Peak Memory Usage": 3670, "Plans": [{"Node Type": "Streaming(type: LOCAL REDISTRIBUTE dop: 16/16)", "Parent Relationship": "Outer", "Startup Cost": 0.0, "Total Cost": 38941.47, "Plan Rows": 1500000, "Plan Width": 8, "Actual Min Startup Time": 0.049, "Actual Max Startup Time": 56.373, "Actual Min Total Time": 115.611, "Actual Max Total Time": 187.631, "Actual Total Rows": 1500000, "Plans": [{"Node Type": "Seq Scan", "Parent Relationship": "Outer", "Relation Name": "customer", "Alias": "customer", "Startup Cost": 0.0, "Total Cost": 18257.88, "Plan Rows": 1500000, "Plan Width": 8, "Actual Min Startup Time": 0.014, "Actual Max Startup Time": 0.032, "Actual Min Total Time": 31.257, "Actual Max Total Time": 33.274, "Actual Total Rows": 1500000}]}]}]}]}]}]}]}]}]}]}, "Triggers": [], "Planner Runtime": 0.979, "Total Runtime": 5349.088, "Unique SQL Id": 3026328400}}, "(16, 15)": {"explain_plan": {"Plan": {"Node Type": "Sort", "Startup Cost": 2000135701347.66, "Total Cost": 2000135701348.16, "Plan Rows": 200, "Plan Width": 16, "Sort Key": ["(count(*)) DESC", "c_orders.c_count DESC"], "Plans": [{"Node Type": "Aggregate", "Strategy": "Hashed", "Parent Relationship": "Outer", "Startup Cost": 2000135701338.02, "Total Cost": 2000135701340.02, "Plan Rows": 200, "Plan Width": 16, "Group By Key": ["c_orders.c_count"], "Plans": [{"Node Type": "Subquery Scan", "Parent Relationship": "Outer", "Alias": "c_orders", "Startup Cost": 2000135663838.02, "Total Cost": 2000135693838.02, "Plan Rows": 1500000, "Plan Width": 8, "Plans": [{"Node Type": "Aggregate", "Strategy": "Hashed", "Parent Relationship": "Subquery", "Startup Cost": 2000135663838.02, "Total Cost": 2000135678838.02, "Plan Rows": 1500000, "Plan Width": 24, "Group By Key": ["customer.c_custkey"], "Plans": [{"Node Type": "Merge Join", "Parent Relationship": "Outer", "Join Type": "Left", "Startup Cost": 20000000000.0, "Total Cost": 2000135632086.44, "Plan Rows": 6350316, "Plan Width": 16, "Inner Unique": false, "Merge Cond": "(customer.c_custkey = orders.o_custkey)", "Plans": [{"Node Type": "Index Scan", "Parent Relationship": "Outer", "Scan Direction": "Forward", "Index Name": "customer_pkey", "Relation Name": "customer", "Alias": "customer", "Startup Cost": 10000000000.0, "Total Cost": 1000008076535.62, "Plan Rows": 1500000, "Plan Width": 8}, {"Node Type": "Index Scan", "Parent Relationship": "Inner", "Scan Direction": "Forward", "Index Name": "idx_orders_custkey", "Relation Name": "orders", "Alias": "orders", "Startup Cost": 10000000000.0, "Total Cost": 1000159801398.83, "Plan Rows": 14844648, "Plan Width": 16, "Filter": "((o_comment)::text !~~ '%pending%deposits%'::text), (LLVM Optimized)"}]}]}]}]}]}, "Unique SQL Id": 3026328400}, "explain_analyze_plan": null}, "(16, 16)": {"explain_plan": {"Plan": {"Node Type": "Sort", "Startup Cost": 1815222.82, "Total Cost": 1815223.32, "Plan Rows": 200, "Plan Width": 16, "Sort Key": ["(count(*)) DESC", "c_orders.c_count DESC"], "Plans": [{"Node Type": "Aggregate", "Strategy": "Hashed", "Parent Relationship": "Outer", "Startup Cost": 1815213.18, "Total Cost": 1815215.18, "Plan Rows": 200, "Plan Width": 16, "Group By Key": ["c_orders.c_count"], "Plans": [{"Node Type": "Subquery Scan", "Parent Relationship": "Outer", "Alias": "c_orders", "Startup Cost": 1777713.18, "Total Cost": 1807713.18, "Plan Rows": 1500000, "Plan Width": 8, "Plans": [{"Node Type": "Aggregate", "Strategy": "Hashed", "Parent Relationship": "Subquery", "Startup Cost": 1777713.18, "Total Cost": 1792713.18, "Plan Rows": 1500000, "Plan Width": 24, "Group By Key": ["customer.c_custkey"], "Plans": [{"Node Type": "Merge Join", "Parent Relationship": "Outer", "Join Type": "Left", "Startup Cost": 0.0, "Total Cost": 1745961.6, "Plan Rows": 6350316, "Plan Width": 16, "Inner Unique": false, "Merge Cond": "(customer.c_custkey = orders.o_custkey)", "Plans": [{"Node Type": "Index Only Scan", "Parent Relationship": "Outer", "Scan Direction": "Forward", "Index Name": "customer_pkey", "Relation Name": "customer", "Alias": "customer", "Startup Cost": 0.0, "Total Cost": 43636.25, "Plan Rows": 1500000, "Plan Width": 8}, {"Node Type": "Index Scan", "Parent Relationship": "Inner", "Scan Direction": "Forward", "Index Name": "idx_orders_custkey", "Relation Name": "orders", "Alias": "orders", "Startup Cost": 0.0, "Total Cost": 1598013.99, "Plan Rows": 14844648, "Plan Width": 16, "Filter": "((o_comment)::text !~~ '%pending%deposits%'::text), (LLVM Optimized)"}]}]}]}]}]}, "Unique SQL Id": 3026328400}, "explain_analyze_plan": null}, "(16, 17)": {"explain_plan": {"Plan": {"Node Type": "Sort", "Startup Cost": 1815222.82, "Total Cost": 1815223.32, "Plan Rows": 200, "Plan Width": 16, "Sort Key": ["(count(*)) DESC", "c_orders.c_count DESC"], "Plans": [{"Node Type": "Aggregate", "Strategy": "Hashed", "Parent Relationship": "Outer", "Startup Cost": 1815213.18, "Total Cost": 1815215.18, "Plan Rows": 200, "Plan Width": 16, "Group By Key": ["c_orders.c_count"], "Plans": [{"Node Type": "Subquery Scan", "Parent Relationship": "Outer", "Alias": "c_orders", "Startup Cost": 1777713.18, "Total Cost": 1807713.18, "Plan Rows": 1500000, "Plan Width": 8, "Plans": [{"Node Type": "Aggregate", "Strategy": "Hashed", "Parent Relationship": "Subquery", "Startup Cost": 1777713.18, "Total Cost": 1792713.18, "Plan Rows": 1500000, "Plan Width": 24, "Group By Key": ["customer.c_custkey"], "Plans": [{"Node Type": "Merge Join", "Parent Relationship": "Outer", "Join Type": "Left", "Startup Cost": 0.0, "Total Cost": 1745961.6, "Plan Rows": 6350316, "Plan Width": 16, "Inner Unique": false, "Merge Cond": "(customer.c_custkey = orders.o_custkey)", "Plans": [{"Node Type": "Index Only Scan", "Parent Relationship": "Outer", "Scan Direction": "Forward", "Index Name": "customer_pkey", "Relation Name": "customer", "Alias": "customer", "Startup Cost": 0.0, "Total Cost": 43636.25, "Plan Rows": 1500000, "Plan Width": 8}, {"Node Type": "Index Scan", "Parent Relationship": "Inner", "Scan Direction": "Forward", "Index Name": "idx_orders_custkey", "Relation Name": "orders", "Alias": "orders", "Startup Cost": 0.0, "Total Cost": 1598013.99, "Plan Rows": 14844648, "Plan Width": 16, "Filter": "((o_comment)::text !~~ '%pending%deposits%'::text), (LLVM Optimized)"}]}]}]}]}]}, "Unique SQL Id": 3026328400}, "explain_analyze_plan": null}, "(16, 18)": {"explain_plan": {"Plan": {"Node Type": "Sort", "Startup Cost": 6921260.15, "Total Cost": 6921260.65, "Plan Rows": 200, "Plan Width": 16, "Sort Key": ["(count(*)) DESC", "c_orders.c_count DESC"], "Plans": [{"Node Type": "Aggregate", "Strategy": "Hashed", "Parent Relationship": "Outer", "Startup Cost": 6921250.5, "Total Cost": 6921252.5, "Plan Rows": 200, "Plan Width": 16, "Group By Key": ["c_orders.c_count"], "Plans": [{"Node Type": "Subquery Scan", "Parent Relationship": "Outer", "Alias": "c_orders", "Startup Cost": 6883750.5, "Total Cost": 6913750.5, "Plan Rows": 1500000, "Plan Width": 8, "Plans": [{"Node Type": "Aggregate", "Strategy": "Hashed", "Parent Relationship": "Subquery", "Startup Cost": 6883750.5, "Total Cost": 6898750.5, "Plan Rows": 1500000, "Plan Width": 24, "Group By Key": ["customer.c_custkey"], "Plans": [{"Node Type": "Nested Loop", "Parent Relationship": "Outer", "Join Type": "Left", "Startup Cost": 0.43, "Total Cost": 6851998.92, "Plan Rows": 6350316, "Plan Width": 16, "Inner Unique": false, "Plans": [{"Node Type": "Streaming(type: LOCAL GATHER dop: 1/16)", "Parent Relationship": "Outer", "Startup Cost": 0.0, "Total Cost": 50630.92, "Plan Rows": 1500000, "Plan Width": 8, "Plans": [{"Node Type": "Seq Scan", "Parent Relationship": "Outer", "Relation Name": "customer", "Alias": "customer", "Startup Cost": 0.0, "Total Cost": 18257.88, "Plan Rows": 1500000, "Plan Width": 8}]}, {"Node Type": "Bitmap Heap Scan", "Parent Relationship": "Inner", "Relation Name": "orders", "Alias": "orders", "Startup Cost": 0.43, "Total Cost": 4.49, "Plan Rows": 4, "Plan Width": 16, "Recheck Cond": "(customer.c_custkey = o_custkey)", "Filter": "((o_comment)::text !~~ '%pending%deposits%'::text)", "Plans": [{"Node Type": "Bitmap Index Scan", "Parent Relationship": "Outer", "Index Name": "idx_orders_custkey", "Startup Cost": 0.0, "Total Cost": 0.43, "Plan Rows": 4, "Plan Width": 0, "Index Cond": "(customer.c_custkey = o_custkey)"}]}]}]}]}]}]}, "Unique SQL Id": 3026328400}, "explain_analyze_plan": null}, "(16, 19)": {"explain_plan": {"Plan": {"Node Type": "Sort", "Startup Cost": 2990238.6, "Total Cost": 2990239.1, "Plan Rows": 200, "Plan Width": 16, "Sort Key": ["(count(*)) DESC", "c_orders.c_count DESC"], "Plans": [{"Node Type": "Aggregate", "Strategy": "Hashed", "Parent Relationship": "Outer", "Startup Cost": 2990228.95, "Total Cost": 2990230.95, "Plan Rows": 200, "Plan Width": 16, "Group By Key": ["c_orders.c_count"], "Plans": [{"Node Type": "Subquery Scan", "Parent Relationship": "Outer", "Alias": "c_orders", "Startup Cost": 2952728.95, "Total Cost": 2982728.95, "Plan Rows": 1500000, "Plan Width": 8, "Plans": [{"Node Type": "Aggregate", "Strategy": "Hashed", "Parent Relationship": "Subquery", "Startup Cost": 2952728.95, "Total Cost": 2967728.95, "Plan Rows": 1500000, "Plan Width": 24, "Group By Key": ["customer.c_custkey"], "Plans": [{"Node Type": "Merge Join", "Parent Relationship": "Outer", "Join Type": "Left", "Startup Cost": 2775753.4, "Total Cost": 2920977.37, "Plan Rows": 6350316, "Plan Width": 16, "Inner Unique": false, "Merge Cond": "(customer.c_custkey = orders.o_custkey)", "Plans": [{"Node Type": "Sort", "Parent Relationship": "Outer", "Startup Cost": 235011.23, "Total Cost": 238761.23, "Plan Rows": 1500000, "Plan Width": 8, "Sort Key": ["customer.c_custkey"], "Plans": [{"Node Type": "Bitmap Heap Scan", "Parent Relationship": "Outer", "Relation Name": "customer", "Alias": "customer", "Startup Cost": 29011.25, "Total Cost": 81137.25, "Plan Rows": 1500000, "Plan Width": 8, "Plans": [{"Node Type": "Bitmap Index Scan", "Parent Relationship": "Outer", "Index Name": "customer_pkey", "Startup Cost": 0.0, "Total Cost": 28636.25, "Plan Rows": 1500000, "Plan Width": 0}]}]}, {"Node Type": "Sort", "Parent Relationship": "Inner", "Startup Cost": 2540742.17, "Total Cost": 2577853.79, "Plan Rows": 14844648, "Plan Width": 16, "Sort Key": ["orders.o_custkey"], "Plans": [{"Node Type": "Bitmap Heap Scan", "Parent Relationship": "Outer", "Relation Name": "orders", "Alias": "orders", "Startup Cost": 308576.81, "Total Cost": 772489.29, "Plan Rows": 14844648, "Plan Width": 16, "Filter": "((o_comment)::text !~~ '%pending%deposits%'::text), (LLVM Optimized)", "Plans": [{"Node Type": "Bitmap Index Scan", "Parent Relationship": "Outer", "Index Name": "idx_orders_custkey", "Startup Cost": 0.0, "Total Cost": 304865.65, "Plan Rows": 14999479, "Plan Width": 0}]}]}]}]}]}]}]}, "Unique SQL Id": 3026328400}, "explain_analyze_plan": null}, "(16, 20)": {"explain_plan": {"Plan": {"Node Type": "Sort", "Startup Cost": 1852351.93, "Total Cost": 1852352.43, "Plan Rows": 200, "Plan Width": 16, "Sort Key": ["(count(*)) DESC", "c_orders.c_count DESC"], "Plans": [{"Node Type": "Aggregate", "Strategy": "Hashed", "Parent Relationship": "Outer", "Startup Cost": 1852342.28, "Total Cost": 1852344.28, "Plan Rows": 200, "Plan Width": 16, "Group By Key": ["c_orders.c_count"], "Plans": [{"Node Type": "Subquery Scan", "Parent Relationship": "Outer", "Alias": "c_orders", "Startup Cost": 1814842.28, "Total Cost": 1844842.28, "Plan Rows": 1500000, "Plan Width": 8, "Plans": [{"Node Type": "Aggregate", "Strategy": "Hashed", "Parent Relationship": "Subquery", "Startup Cost": 1814842.28, "Total Cost": 1829842.28, "Plan Rows": 1500000, "Plan Width": 24, "Group By Key": ["customer.c_custkey"], "Plans": [{"Node Type": "Merge Join", "Parent Relationship": "Outer", "Join Type": "Left", "Startup Cost": 0.0, "Total Cost": 1783090.7, "Plan Rows": 6350316, "Plan Width": 16, "Inner Unique": false, "Merge Cond": "(customer.c_custkey = orders.o_custkey)", "Plans": [{"Node Type": "Index Scan", "Parent Relationship": "Outer", "Scan Direction": "Forward", "Index Name": "customer_pkey", "Relation Name": "customer", "Alias": "customer", "Startup Cost": 0.0, "Total Cost": 80765.36, "Plan Rows": 1500000, "Plan Width": 8}, {"Node Type": "Index Scan", "Parent Relationship": "Inner", "Scan Direction": "Forward", "Index Name": "idx_orders_custkey", "Relation Name": "orders", "Alias": "orders", "Startup Cost": 0.0, "Total Cost": 1598013.99, "Plan Rows": 14844648, "Plan Width": 16, "Filter": "((o_comment)::text !~~ '%pending%deposits%'::text), (LLVM Optimized)"}]}]}]}]}]}, "Unique SQL Id": 3026328400}, "explain_analyze_plan": null}, "(16, 21)": {"explain_plan": {"Plan": {"Node Type": "Sort", "Startup Cost": 1852351.93, "Total Cost": 1852352.43, "Plan Rows": 200, "Plan Width": 16, "Sort Key": ["(count(*)) DESC", "c_orders.c_count DESC"], "Plans": [{"Node Type": "Aggregate", "Strategy": "Hashed", "Parent Relationship": "Outer", "Startup Cost": 1852342.28, "Total Cost": 1852344.28, "Plan Rows": 200, "Plan Width": 16, "Group By Key": ["c_orders.c_count"], "Plans": [{"Node Type": "Subquery Scan", "Parent Relationship": "Outer", "Alias": "c_orders", "Startup Cost": 1814842.28, "Total Cost": 1844842.28, "Plan Rows": 1500000, "Plan Width": 8, "Plans": [{"Node Type": "Aggregate", "Strategy": "Hashed", "Parent Relationship": "Subquery", "Startup Cost": 1814842.28, "Total Cost": 1829842.28, "Plan Rows": 1500000, "Plan Width": 24, "Group By Key": ["customer.c_custkey"], "Plans": [{"Node Type": "Merge Join", "Parent Relationship": "Outer", "Join Type": "Left", "Startup Cost": 0.0, "Total Cost": 1783090.7, "Plan Rows": 6350316, "Plan Width": 16, "Inner Unique": false, "Merge Cond": "(customer.c_custkey = orders.o_custkey)", "Plans": [{"Node Type": "Index Scan", "Parent Relationship": "Outer", "Scan Direction": "Forward", "Index Name": "customer_pkey", "Relation Name": "customer", "Alias": "customer", "Startup Cost": 0.0, "Total Cost": 80765.36, "Plan Rows": 1500000, "Plan Width": 8}, {"Node Type": "Index Scan", "Parent Relationship": "Inner", "Scan Direction": "Forward", "Index Name": "idx_orders_custkey", "Relation Name": "orders", "Alias": "orders", "Startup Cost": 0.0, "Total Cost": 1598013.99, "Plan Rows": 14844648, "Plan Width": 16, "Filter": "((o_comment)::text !~~ '%pending%deposits%'::text), (LLVM Optimized)"}]}]}]}]}]}, "Unique SQL Id": 3026328400}, "explain_analyze_plan": null}, "(16, 22)": {"explain_plan": {"Plan": {"Node Type": "Sort", "Startup Cost": 6921260.15, "Total Cost": 6921260.65, "Plan Rows": 200, "Plan Width": 16, "Sort Key": ["(count(*)) DESC", "c_orders.c_count DESC"], "Plans": [{"Node Type": "Aggregate", "Strategy": "Hashed", "Parent Relationship": "Outer", "Startup Cost": 6921250.5, "Total Cost": 6921252.5, "Plan Rows": 200, "Plan Width": 16, "Group By Key": ["c_orders.c_count"], "Plans": [{"Node Type": "Subquery Scan", "Parent Relationship": "Outer", "Alias": "c_orders", "Startup Cost": 6883750.5, "Total Cost": 6913750.5, "Plan Rows": 1500000, "Plan Width": 8, "Plans": [{"Node Type": "Aggregate", "Strategy": "Hashed", "Parent Relationship": "Subquery", "Startup Cost": 6883750.5, "Total Cost": 6898750.5, "Plan Rows": 1500000, "Plan Width": 24, "Group By Key": ["customer.c_custkey"], "Plans": [{"Node Type": "Nested Loop", "Parent Relationship": "Outer", "Join Type": "Left", "Startup Cost": 0.43, "Total Cost": 6851998.92, "Plan Rows": 6350316, "Plan Width": 16, "Inner Unique": false, "Plans": [{"Node Type": "Streaming(type: LOCAL GATHER dop: 1/16)", "Parent Relationship": "Outer", "Startup Cost": 0.0, "Total Cost": 50630.92, "Plan Rows": 1500000, "Plan Width": 8, "Plans": [{"Node Type": "Seq Scan", "Parent Relationship": "Outer", "Relation Name": "customer", "Alias": "customer", "Startup Cost": 0.0, "Total Cost": 18257.88, "Plan Rows": 1500000, "Plan Width": 8}]}, {"Node Type": "Bitmap Heap Scan", "Parent Relationship": "Inner", "Relation Name": "orders", "Alias": "orders", "Startup Cost": 0.43, "Total Cost": 4.49, "Plan Rows": 4, "Plan Width": 16, "Recheck Cond": "(customer.c_custkey = o_custkey)", "Filter": "((o_comment)::text !~~ '%pending%deposits%'::text)", "Plans": [{"Node Type": "Bitmap Index Scan", "Parent Relationship": "Outer", "Index Name": "idx_orders_custkey", "Startup Cost": 0.0, "Total Cost": 0.43, "Plan Rows": 4, "Plan Width": 0, "Index Cond": "(customer.c_custkey = o_custkey)"}]}]}]}]}]}]}, "Unique SQL Id": 3026328400}, "explain_analyze_plan": null}, "(16, 23)": {"explain_plan": {"Plan": {"Node Type": "Sort", "Startup Cost": 2990238.6, "Total Cost": 2990239.1, "Plan Rows": 200, "Plan Width": 16, "Sort Key": ["(count(*)) DESC", "c_orders.c_count DESC"], "Plans": [{"Node Type": "Aggregate", "Strategy": "Hashed", "Parent Relationship": "Outer", "Startup Cost": 2990228.95, "Total Cost": 2990230.95, "Plan Rows": 200, "Plan Width": 16, "Group By Key": ["c_orders.c_count"], "Plans": [{"Node Type": "Subquery Scan", "Parent Relationship": "Outer", "Alias": "c_orders", "Startup Cost": 2952728.95, "Total Cost": 2982728.95, "Plan Rows": 1500000, "Plan Width": 8, "Plans": [{"Node Type": "Aggregate", "Strategy": "Hashed", "Parent Relationship": "Subquery", "Startup Cost": 2952728.95, "Total Cost": 2967728.95, "Plan Rows": 1500000, "Plan Width": 24, "Group By Key": ["customer.c_custkey"], "Plans": [{"Node Type": "Merge Join", "Parent Relationship": "Outer", "Join Type": "Left", "Startup Cost": 2775753.4, "Total Cost": 2920977.37, "Plan Rows": 6350316, "Plan Width": 16, "Inner Unique": false, "Merge Cond": "(customer.c_custkey = orders.o_custkey)", "Plans": [{"Node Type": "Sort", "Parent Relationship": "Outer", "Startup Cost": 235011.23, "Total Cost": 238761.23, "Plan Rows": 1500000, "Plan Width": 8, "Sort Key": ["customer.c_custkey"], "Plans": [{"Node Type": "Bitmap Heap Scan", "Parent Relationship": "Outer", "Relation Name": "customer", "Alias": "customer", "Startup Cost": 29011.25, "Total Cost": 81137.25, "Plan Rows": 1500000, "Plan Width": 8, "Plans": [{"Node Type": "Bitmap Index Scan", "Parent Relationship": "Outer", "Index Name": "customer_pkey", "Startup Cost": 0.0, "Total Cost": 28636.25, "Plan Rows": 1500000, "Plan Width": 0}]}]}, {"Node Type": "Sort", "Parent Relationship": "Inner", "Startup Cost": 2540742.17, "Total Cost": 2577853.79, "Plan Rows": 14844648, "Plan Width": 16, "Sort Key": ["orders.o_custkey"], "Plans": [{"Node Type": "Bitmap Heap Scan", "Parent Relationship": "Outer", "Relation Name": "orders", "Alias": "orders", "Startup Cost": 308576.81, "Total Cost": 772489.29, "Plan Rows": 14844648, "Plan Width": 16, "Filter": "((o_comment)::text !~~ '%pending%deposits%'::text), (LLVM Optimized)", "Plans": [{"Node Type": "Bitmap Index Scan", "Parent Relationship": "Outer", "Index Name": "idx_orders_custkey", "Startup Cost": 0.0, "Total Cost": 304865.65, "Plan Rows": 14999479, "Plan Width": 0}]}]}]}]}]}]}]}, "Unique SQL Id": 3026328400}, "explain_analyze_plan": null}, "(16, 24)": {"explain_plan": {"Plan": {"Node Type": "Sort", "Startup Cost": 1815222.82, "Total Cost": 1815223.32, "Plan Rows": 200, "Plan Width": 16, "Sort Key": ["(count(*)) DESC", "c_orders.c_count DESC"], "Plans": [{"Node Type": "Aggregate", "Strategy": "Hashed", "Parent Relationship": "Outer", "Startup Cost": 1815213.18, "Total Cost": 1815215.18, "Plan Rows": 200, "Plan Width": 16, "Group By Key": ["c_orders.c_count"], "Plans": [{"Node Type": "Subquery Scan", "Parent Relationship": "Outer", "Alias": "c_orders", "Startup Cost": 1777713.18, "Total Cost": 1807713.18, "Plan Rows": 1500000, "Plan Width": 8, "Plans": [{"Node Type": "Aggregate", "Strategy": "Hashed", "Parent Relationship": "Subquery", "Startup Cost": 1777713.18, "Total Cost": 1792713.18, "Plan Rows": 1500000, "Plan Width": 24, "Group By Key": ["customer.c_custkey"], "Plans": [{"Node Type": "Merge Join", "Parent Relationship": "Outer", "Join Type": "Left", "Startup Cost": 0.0, "Total Cost": 1745961.6, "Plan Rows": 6350316, "Plan Width": 16, "Inner Unique": false, "Merge Cond": "(customer.c_custkey = orders.o_custkey)", "Plans": [{"Node Type": "Index Only Scan", "Parent Relationship": "Outer", "Scan Direction": "Forward", "Index Name": "customer_pkey", "Relation Name": "customer", "Alias": "customer", "Startup Cost": 0.0, "Total Cost": 43636.25, "Plan Rows": 1500000, "Plan Width": 8}, {"Node Type": "Index Scan", "Parent Relationship": "Inner", "Scan Direction": "Forward", "Index Name": "idx_orders_custkey", "Relation Name": "orders", "Alias": "orders", "Startup Cost": 0.0, "Total Cost": 1598013.99, "Plan Rows": 14844648, "Plan Width": 16, "Filter": "((o_comment)::text !~~ '%pending%deposits%'::text), (LLVM Optimized)"}]}]}]}]}]}, "Unique SQL Id": 3026328400}, "explain_analyze_plan": null}, "(16, 25)": {"explain_plan": {"Plan": {"Node Type": "Sort", "Startup Cost": 1815222.82, "Total Cost": 1815223.32, "Plan Rows": 200, "Plan Width": 16, "Sort Key": ["(count(*)) DESC", "c_orders.c_count DESC"], "Plans": [{"Node Type": "Aggregate", "Strategy": "Hashed", "Parent Relationship": "Outer", "Startup Cost": 1815213.18, "Total Cost": 1815215.18, "Plan Rows": 200, "Plan Width": 16, "Group By Key": ["c_orders.c_count"], "Plans": [{"Node Type": "Subquery Scan", "Parent Relationship": "Outer", "Alias": "c_orders", "Startup Cost": 1777713.18, "Total Cost": 1807713.18, "Plan Rows": 1500000, "Plan Width": 8, "Plans": [{"Node Type": "Aggregate", "Strategy": "Hashed", "Parent Relationship": "Subquery", "Startup Cost": 1777713.18, "Total Cost": 1792713.18, "Plan Rows": 1500000, "Plan Width": 24, "Group By Key": ["customer.c_custkey"], "Plans": [{"Node Type": "Merge Join", "Parent Relationship": "Outer", "Join Type": "Left", "Startup Cost": 0.0, "Total Cost": 1745961.6, "Plan Rows": 6350316, "Plan Width": 16, "Inner Unique": false, "Merge Cond": "(customer.c_custkey = orders.o_custkey)", "Plans": [{"Node Type": "Index Only Scan", "Parent Relationship": "Outer", "Scan Direction": "Forward", "Index Name": "customer_pkey", "Relation Name": "customer", "Alias": "customer", "Startup Cost": 0.0, "Total Cost": 43636.25, "Plan Rows": 1500000, "Plan Width": 8}, {"Node Type": "Index Scan", "Parent Relationship": "Inner", "Scan Direction": "Forward", "Index Name": "idx_orders_custkey", "Relation Name": "orders", "Alias": "orders", "Startup Cost": 0.0, "Total Cost": 1598013.99, "Plan Rows": 14844648, "Plan Width": 16, "Filter": "((o_comment)::text !~~ '%pending%deposits%'::text), (LLVM Optimized)"}]}]}]}]}]}, "Unique SQL Id": 3026328400}, "explain_analyze_plan": null}, "(16, 26)": {"explain_plan": {"Plan": {"Node Type": "Sort", "Startup Cost": 1304880298.18, "Total Cost": 1304880298.68, "Plan Rows": 200, "Plan Width": 16, "Sort Key": ["(pg_catalog.count(*)) DESC", "c_orders.c_count DESC"], "Plans": [{"Node Type": "Streaming(type: LOCAL GATHER dop: 1/16)", "Parent Relationship": "Outer", "Startup Cost": 1304880289.87, "Total Cost": 1304880290.54, "Plan Rows": 200, "Plan Width": 16, "Plans": [{"Node Type": "Aggregate", "Strategy": "Hashed", "Parent Relationship": "Outer", "Startup Cost": 1304880289.87, "Total Cost": 1304880290.0, "Plan Rows": 200, "Plan Width": 16, "Group By Key": ["c_orders.c_count"], "Plans": [{"Node Type": "Streaming(type: LOCAL REDISTRIBUTE dop: 16/16)", "Parent Relationship": "Outer", "Startup Cost": 1304880284.12, "Total Cost": 1304880289.81, "Plan Rows": 200, "Plan Width": 16, "Plans": [{"Node Type": "Aggregate", "Strategy": "Hashed", "Parent Relationship": "Outer", "Startup Cost": 1304880284.12, "Total Cost": 1304880284.25, "Plan Rows": 200, "Plan Width": 16, "Group By Key": ["c_orders.c_count"], "Plans": [{"Node Type": "Subquery Scan", "Parent Relationship": "Outer", "Alias": "c_orders", "Startup Cost": 1304863877.87, "Total Cost": 1304879815.37, "Plan Rows": 1500000, "Plan Width": 8, "Plans": [{"Node Type": "Aggregate", "Strategy": "Hashed", "Parent Relationship": "Subquery", "Startup Cost": 1304863877.87, "Total Cost": 1304864815.37, "Plan Rows": 1500000, "Plan Width": 24, "Group By Key": ["customer.c_custkey"], "Plans": [{"Node Type": "Nested Loop", "Parent Relationship": "Outer", "Join Type": "Left", "Startup Cost": 0.0, "Total Cost": 1304861893.4, "Plan Rows": 6350316, "Plan Width": 16, "Inner Unique": false, "Join Filter": "(customer.c_custkey = orders.o_custkey), (LLVM Optimized)", "Plans": [{"Node Type": "Streaming(type: LOCAL REDISTRIBUTE dop: 16/16)", "Parent Relationship": "Outer", "Startup Cost": 0.0, "Total Cost": 38941.47, "Plan Rows": 1500000, "Plan Width": 8, "Plans": [{"Node Type": "Seq Scan", "Parent Relationship": "Outer", "Relation Name": "customer", "Alias": "customer", "Startup Cost": 0.0, "Total Cost": 18257.88, "Plan Rows": 1500000, "Plan Width": 8}]}, {"Node Type": "Materialize", "Parent Relationship": "Inner", "Startup Cost": 0.0, "Total Cost": 119880.78, "Plan Rows": 14844648, "Plan Width": 16, "Plans": [{"Node Type": "Streaming(type: LOCAL REDISTRIBUTE dop: 16/16)", "Parent Relationship": "Outer", "Startup Cost": 0.0, "Total Cost": 115241.83, "Plan Rows": 14844648, "Plan Width": 16, "Plans": [{"Node Type": "Seq Scan", "Parent Relationship": "Outer", "Relation Name": "orders", "Alias": "orders", "Startup Cost": 0.0, "Total Cost": 43994.53, "Plan Rows": 14844648, "Plan Width": 16, "Filter": "((o_comment)::text !~~ '%pending%deposits%'::text), (LLVM Optimized)"}]}]}]}]}]}]}]}]}]}]}, "Unique SQL Id": 3026328400}, "explain_analyze_plan": null}, "(16, 27)": {"explain_plan": {"Plan": {"Node Type": "Sort", "Startup Cost": 2000131988437.04, "Total Cost": 2000131988437.54, "Plan Rows": 200, "Plan Width": 16, "Sort Key": ["(count(*)) DESC", "c_orders.c_count DESC"], "Plans": [{"Node Type": "Aggregate", "Strategy": "Hashed", "Parent Relationship": "Outer", "Startup Cost": 2000131988427.4, "Total Cost": 2000131988429.4, "Plan Rows": 200, "Plan Width": 16, "Group By Key": ["c_orders.c_count"], "Plans": [{"Node Type": "Subquery Scan", "Parent Relationship": "Outer", "Alias": "c_orders", "Startup Cost": 2000131950927.4, "Total Cost": 2000131980927.4, "Plan Rows": 1500000, "Plan Width": 8, "Plans": [{"Node Type": "Aggregate", "Strategy": "Hashed", "Parent Relationship": "Subquery", "Startup Cost": 2000131950927.4, "Total Cost": 2000131965927.4, "Plan Rows": 1500000, "Plan Width": 24, "Group By Key": ["customer.c_custkey"], "Plans": [{"Node Type": "Merge Join", "Parent Relationship": "Outer", "Join Type": "Left", "Startup Cost": 20000000000.0, "Total Cost": 2000131919175.82, "Plan Rows": 6350316, "Plan Width": 16, "Inner Unique": false, "Merge Cond": "(customer.c_custkey = orders.o_custkey)", "Plans": [{"Node Type": "Index Only Scan", "Parent Relationship": "Outer", "Scan Direction": "Forward", "Index Name": "customer_pkey", "Relation Name": "customer", "Alias": "customer", "Startup Cost": 10000000000.0, "Total Cost": 1000004363625.0, "Plan Rows": 1500000, "Plan Width": 8}, {"Node Type": "Index Scan", "Parent Relationship": "Inner", "Scan Direction": "Forward", "Index Name": "idx_orders_custkey", "Relation Name": "orders", "Alias": "orders", "Startup Cost": 10000000000.0, "Total Cost": 1000159801398.83, "Plan Rows": 14844648, "Plan Width": 16, "Filter": "((o_comment)::text !~~ '%pending%deposits%'::text), (LLVM Optimized)"}]}]}]}]}]}, "Unique SQL Id": 3026328400}, "explain_analyze_plan": null}, "(16, 28)": {"explain_plan": {"Plan": {"Node Type": "Sort", "Startup Cost": 1852351.93, "Total Cost": 1852352.43, "Plan Rows": 200, "Plan Width": 16, "Sort Key": ["(count(*)) DESC", "c_orders.c_count DESC"], "Plans": [{"Node Type": "Aggregate", "Strategy": "Hashed", "Parent Relationship": "Outer", "Startup Cost": 1852342.28, "Total Cost": 1852344.28, "Plan Rows": 200, "Plan Width": 16, "Group By Key": ["c_orders.c_count"], "Plans": [{"Node Type": "Subquery Scan", "Parent Relationship": "Outer", "Alias": "c_orders", "Startup Cost": 1814842.28, "Total Cost": 1844842.28, "Plan Rows": 1500000, "Plan Width": 8, "Plans": [{"Node Type": "Aggregate", "Strategy": "Hashed", "Parent Relationship": "Subquery", "Startup Cost": 1814842.28, "Total Cost": 1829842.28, "Plan Rows": 1500000, "Plan Width": 24, "Group By Key": ["customer.c_custkey"], "Plans": [{"Node Type": "Merge Join", "Parent Relationship": "Outer", "Join Type": "Left", "Startup Cost": 0.0, "Total Cost": 1783090.7, "Plan Rows": 6350316, "Plan Width": 16, "Inner Unique": false, "Merge Cond": "(customer.c_custkey = orders.o_custkey)", "Plans": [{"Node Type": "Index Scan", "Parent Relationship": "Outer", "Scan Direction": "Forward", "Index Name": "customer_pkey", "Relation Name": "customer", "Alias": "customer", "Startup Cost": 0.0, "Total Cost": 80765.36, "Plan Rows": 1500000, "Plan Width": 8}, {"Node Type": "Index Scan", "Parent Relationship": "Inner", "Scan Direction": "Forward", "Index Name": "idx_orders_custkey", "Relation Name": "orders", "Alias": "orders", "Startup Cost": 0.0, "Total Cost": 1598013.99, "Plan Rows": 14844648, "Plan Width": 16, "Filter": "((o_comment)::text !~~ '%pending%deposits%'::text), (LLVM Optimized)"}]}]}]}]}]}, "Unique SQL Id": 3026328400}, "explain_analyze_plan": null}, "(16, 29)": {"explain_plan": {"Plan": {"Node Type": "Sort", "Startup Cost": 1852351.93, "Total Cost": 1852352.43, "Plan Rows": 200, "Plan Width": 16, "Sort Key": ["(count(*)) DESC", "c_orders.c_count DESC"], "Plans": [{"Node Type": "Aggregate", "Strategy": "Hashed", "Parent Relationship": "Outer", "Startup Cost": 1852342.28, "Total Cost": 1852344.28, "Plan Rows": 200, "Plan Width": 16, "Group By Key": ["c_orders.c_count"], "Plans": [{"Node Type": "Subquery Scan", "Parent Relationship": "Outer", "Alias": "c_orders", "Startup Cost": 1814842.28, "Total Cost": 1844842.28, "Plan Rows": 1500000, "Plan Width": 8, "Plans": [{"Node Type": "Aggregate", "Strategy": "Hashed", "Parent Relationship": "Subquery", "Startup Cost": 1814842.28, "Total Cost": 1829842.28, "Plan Rows": 1500000, "Plan Width": 24, "Group By Key": ["customer.c_custkey"], "Plans": [{"Node Type": "Merge Join", "Parent Relationship": "Outer", "Join Type": "Left", "Startup Cost": 0.0, "Total Cost": 1783090.7, "Plan Rows": 6350316, "Plan Width": 16, "Inner Unique": false, "Merge Cond": "(customer.c_custkey = orders.o_custkey)", "Plans": [{"Node Type": "Index Scan", "Parent Relationship": "Outer", "Scan Direction": "Forward", "Index Name": "customer_pkey", "Relation Name": "customer", "Alias": "customer", "Startup Cost": 0.0, "Total Cost": 80765.36, "Plan Rows": 1500000, "Plan Width": 8}, {"Node Type": "Index Scan", "Parent Relationship": "Inner", "Scan Direction": "Forward", "Index Name": "idx_orders_custkey", "Relation Name": "orders", "Alias": "orders", "Startup Cost": 0.0, "Total Cost": 1598013.99, "Plan Rows": 14844648, "Plan Width": 16, "Filter": "((o_comment)::text !~~ '%pending%deposits%'::text), (LLVM Optimized)"}]}]}]}]}]}, "Unique SQL Id": 3026328400}, "explain_analyze_plan": null}, "(16, 30)": {"explain_plan": {"Plan": {"Node Type": "Sort", "Startup Cost": 1304880298.18, "Total Cost": 1304880298.68, "Plan Rows": 200, "Plan Width": 16, "Sort Key": ["(pg_catalog.count(*)) DESC", "c_orders.c_count DESC"], "Plans": [{"Node Type": "Streaming(type: LOCAL GATHER dop: 1/16)", "Parent Relationship": "Outer", "Startup Cost": 1304880289.87, "Total Cost": 1304880290.54, "Plan Rows": 200, "Plan Width": 16, "Plans": [{"Node Type": "Aggregate", "Strategy": "Hashed", "Parent Relationship": "Outer", "Startup Cost": 1304880289.87, "Total Cost": 1304880290.0, "Plan Rows": 200, "Plan Width": 16, "Group By Key": ["c_orders.c_count"], "Plans": [{"Node Type": "Streaming(type: LOCAL REDISTRIBUTE dop: 16/16)", "Parent Relationship": "Outer", "Startup Cost": 1304880284.12, "Total Cost": 1304880289.81, "Plan Rows": 200, "Plan Width": 16, "Plans": [{"Node Type": "Aggregate", "Strategy": "Hashed", "Parent Relationship": "Outer", "Startup Cost": 1304880284.12, "Total Cost": 1304880284.25, "Plan Rows": 200, "Plan Width": 16, "Group By Key": ["c_orders.c_count"], "Plans": [{"Node Type": "Subquery Scan", "Parent Relationship": "Outer", "Alias": "c_orders", "Startup Cost": 1304863877.87, "Total Cost": 1304879815.37, "Plan Rows": 1500000, "Plan Width": 8, "Plans": [{"Node Type": "Aggregate", "Strategy": "Hashed", "Parent Relationship": "Subquery", "Startup Cost": 1304863877.87, "Total Cost": 1304864815.37, "Plan Rows": 1500000, "Plan Width": 24, "Group By Key": ["customer.c_custkey"], "Plans": [{"Node Type": "Nested Loop", "Parent Relationship": "Outer", "Join Type": "Left", "Startup Cost": 0.0, "Total Cost": 1304861893.4, "Plan Rows": 6350316, "Plan Width": 16, "Inner Unique": false, "Join Filter": "(customer.c_custkey = orders.o_custkey), (LLVM Optimized)", "Plans": [{"Node Type": "Streaming(type: LOCAL REDISTRIBUTE dop: 16/16)", "Parent Relationship": "Outer", "Startup Cost": 0.0, "Total Cost": 38941.47, "Plan Rows": 1500000, "Plan Width": 8, "Plans": [{"Node Type": "Seq Scan", "Parent Relationship": "Outer", "Relation Name": "customer", "Alias": "customer", "Startup Cost": 0.0, "Total Cost": 18257.88, "Plan Rows": 1500000, "Plan Width": 8}]}, {"Node Type": "Materialize", "Parent Relationship": "Inner", "Startup Cost": 0.0, "Total Cost": 119880.78, "Plan Rows": 14844648, "Plan Width": 16, "Plans": [{"Node Type": "Streaming(type: LOCAL REDISTRIBUTE dop: 16/16)", "Parent Relationship": "Outer", "Startup Cost": 0.0, "Total Cost": 115241.83, "Plan Rows": 14844648, "Plan Width": 16, "Plans": [{"Node Type": "Seq Scan", "Parent Relationship": "Outer", "Relation Name": "orders", "Alias": "orders", "Startup Cost": 0.0, "Total Cost": 43994.53, "Plan Rows": 14844648, "Plan Width": 16, "Filter": "((o_comment)::text !~~ '%pending%deposits%'::text), (LLVM Optimized)"}]}]}]}]}]}]}]}]}]}]}, "Unique SQL Id": 3026328400}, "explain_analyze_plan": null}, "(16, 31)": {"explain_plan": {"Plan": {"Node Type": "Sort", "Startup Cost": 2000135701347.66, "Total Cost": 2000135701348.16, "Plan Rows": 200, "Plan Width": 16, "Sort Key": ["(count(*)) DESC", "c_orders.c_count DESC"], "Plans": [{"Node Type": "Aggregate", "Strategy": "Hashed", "Parent Relationship": "Outer", "Startup Cost": 2000135701338.02, "Total Cost": 2000135701340.02, "Plan Rows": 200, "Plan Width": 16, "Group By Key": ["c_orders.c_count"], "Plans": [{"Node Type": "Subquery Scan", "Parent Relationship": "Outer", "Alias": "c_orders", "Startup Cost": 2000135663838.02, "Total Cost": 2000135693838.02, "Plan Rows": 1500000, "Plan Width": 8, "Plans": [{"Node Type": "Aggregate", "Strategy": "Hashed", "Parent Relationship": "Subquery", "Startup Cost": 2000135663838.02, "Total Cost": 2000135678838.02, "Plan Rows": 1500000, "Plan Width": 24, "Group By Key": ["customer.c_custkey"], "Plans": [{"Node Type": "Merge Join", "Parent Relationship": "Outer", "Join Type": "Left", "Startup Cost": 20000000000.0, "Total Cost": 2000135632086.44, "Plan Rows": 6350316, "Plan Width": 16, "Inner Unique": false, "Merge Cond": "(customer.c_custkey = orders.o_custkey)", "Plans": [{"Node Type": "Index Scan", "Parent Relationship": "Outer", "Scan Direction": "Forward", "Index Name": "customer_pkey", "Relation Name": "customer", "Alias": "customer", "Startup Cost": 10000000000.0, "Total Cost": 1000008076535.62, "Plan Rows": 1500000, "Plan Width": 8}, {"Node Type": "Index Scan", "Parent Relationship": "Inner", "Scan Direction": "Forward", "Index Name": "idx_orders_custkey", "Relation Name": "orders", "Alias": "orders", "Startup Cost": 10000000000.0, "Total Cost": 1000159801398.83, "Plan Rows": 14844648, "Plan Width": 16, "Filter": "((o_comment)::text !~~ '%pending%deposits%'::text), (LLVM Optimized)"}]}]}]}]}]}, "Unique SQL Id": 3026328400}, "explain_analyze_plan": null}, "(16, 32)": {"explain_plan": {"Plan": {"Node Type": "Sort", "Startup Cost": 181208.12, "Total Cost": 181208.62, "Plan Rows": 200, "Plan Width": 16, "Sort Key": ["(pg_catalog.count(*)) DESC", "c_orders.c_count DESC"], "Plans": [{"Node Type": "Streaming(type: LOCAL GATHER dop: 1/16)", "Parent Relationship": "Outer", "Startup Cost": 181199.81, "Total Cost": 181200.48, "Plan Rows": 200, "Plan Width": 16, "Plans": [{"Node Type": "Aggregate", "Strategy": "Hashed", "Parent Relationship": "Outer", "Startup Cost": 181199.81, "Total Cost": 181199.94, "Plan Rows": 200, "Plan Width": 16, "Group By Key": ["c_orders.c_count"], "Plans": [{"Node Type": "Streaming(type: LOCAL REDISTRIBUTE dop: 16/16)", "Parent Relationship": "Outer", "Startup Cost": 181194.06, "Total Cost": 181199.75, "Plan Rows": 200, "Plan Width": 16, "Plans": [{"Node Type": "Aggregate", "Strategy": "Hashed", "Parent Relationship": "Outer", "Startup Cost": 181194.06, "Total Cost": 181194.19, "Plan Rows": 200, "Plan Width": 16, "Group By Key": ["c_orders.c_count"], "Plans": [{"Node Type": "Subquery Scan", "Parent Relationship": "Outer", "Alias": "c_orders", "Startup Cost": 164787.81, "Total Cost": 180725.31, "Plan Rows": 1500000, "Plan Width": 8, "Plans": [{"Node Type": "Aggregate", "Strategy": "Hashed", "Parent Relationship": "Subquery", "Startup Cost": 164787.81, "Total Cost": 165725.31, "Plan Rows": 1500000, "Plan Width": 24, "Group By Key": ["customer.c_custkey"], "Plans": [{"Node Type": "Hash Join", "Parent Relationship": "Outer", "Join Type": "Right", "Startup Cost": 40113.34, "Total Cost": 162803.34, "Plan Rows": 6350316, "Plan Width": 16, "Inner Unique": true, "Hash Cond": "(orders.o_custkey = customer.c_custkey), (LLVM Optimized)", "Plans": [{"Node Type": "Streaming(type: LOCAL REDISTRIBUTE dop: 16/16)", "Parent Relationship": "Outer", "Startup Cost": 0.0, "Total Cost": 115241.83, "Plan Rows": 14844648, "Plan Width": 16, "Plans": [{"Node Type": "Seq Scan", "Parent Relationship": "Outer", "Relation Name": "orders", "Alias": "orders", "Startup Cost": 0.0, "Total Cost": 43994.53, "Plan Rows": 14844648, "Plan Width": 16, "Filter": "((o_comment)::text !~~ '%pending%deposits%'::text), (LLVM Optimized)"}]}, {"Node Type": "Hash", "Parent Relationship": "Inner", "Startup Cost": 38941.47, "Total Cost": 38941.47, "Plan Rows": 1500000, "Plan Width": 8, "Plans": [{"Node Type": "Streaming(type: LOCAL REDISTRIBUTE dop: 16/16)", "Parent Relationship": "Outer", "Startup Cost": 0.0, "Total Cost": 38941.47, "Plan Rows": 1500000, "Plan Width": 8, "Plans": [{"Node Type": "Index Only Scan", "Parent Relationship": "Outer", "Scan Direction": "Forward", "Index Name": "customer_pkey", "Relation Name": "customer", "Alias": "customer", "Startup Cost": 0.0, "Total Cost": 18257.88, "Plan Rows": 1500000, "Plan Width": 8}]}]}]}]}]}]}]}]}]}]}, "Unique SQL Id": 3026328400}, "explain_analyze_plan": {"Plan": {"Node Type": "Sort", "Startup Cost": 181208.12, "Total Cost": 181208.62, "Plan Rows": 200, "Plan Width": 16, "Actual Min Startup Time": 4548.504, "Actual Max Startup Time": 4548.504, "Actual Min Total Time": 4548.507, "Actual Max Total Time": 4548.507, "Actual Total Rows": 46, "Sort Key": ["(pg_catalog.count(*)) DESC", "c_orders.c_count DESC"], "Sort Method": "quicksort", "Sort Space Min Used": 27, "Sort Space Max Used": 27, "Sort Space Type": "Memory", "Plans": [{"Node Type": "Streaming(type: LOCAL GATHER dop: 1/16)", "Parent Relationship": "Outer", "Startup Cost": 181199.81, "Total Cost": 181200.48, "Plan Rows": 200, "Plan Width": 16, "Actual Min Startup Time": 4548.233, "Actual Max Startup Time": 4548.233, "Actual Min Total Time": 4548.452, "Actual Max Total Time": 4548.452, "Actual Total Rows": 46, "Plans": [{"Node Type": "Aggregate", "Strategy": "Hashed", "Parent Relationship": "Outer", "Startup Cost": 181199.81, "Total Cost": 181199.94, "Plan Rows": 200, "Plan Width": 16, "Actual Min Startup Time": 4471.003, "Actual Max Startup Time": 4477.586, "Actual Min Total Time": 4471.005, "Actual Max Total Time": 4477.587, "Actual Total Rows": 46, "Group By Key": ["c_orders.c_count"], "Plans": [{"Node Type": "Streaming(type: LOCAL REDISTRIBUTE dop: 16/16)", "Parent Relationship": "Outer", "Startup Cost": 181194.06, "Total Cost": 181199.75, "Plan Rows": 200, "Plan Width": 16, "Actual Min Startup Time": 4465.562, "Actual Max Startup Time": 4474.555, "Actual Min Total Time": 4470.913, "Actual Max Total Time": 4477.506, "Actual Total Rows": 655, "Plans": [{"Node Type": "Aggregate", "Strategy": "Hashed", "Parent Relationship": "Outer", "Startup Cost": 181194.06, "Total Cost": 181194.19, "Plan Rows": 200, "Plan Width": 16, "Actual Min Startup Time": 4425.181, "Actual Max Startup Time": 4457.546, "Actual Min Total Time": 4425.191, "Actual Max Total Time": 4457.556, "Actual Total Rows": 655, "Group By Key": ["c_orders.c_count"], "Plans": [{"Node Type": "Subquery Scan", "Parent Relationship": "Outer", "Alias": "c_orders", "Startup Cost": 164787.81, "Total Cost": 180725.31, "Plan Rows": 1500000, "Plan Width": 8, "Actual Min Startup Time": 4353.839, "Actual Max Startup Time": 4383.884, "Actual Min Total Time": 4398.272, "Actual Max Total Time": 4430.94, "Actual Total Rows": 1500000, "Plans": [{"Node Type": "Aggregate", "Strategy": "Hashed", "Parent Relationship": "Subquery", "Startup Cost": 164787.81, "Total Cost": 165725.31, "Plan Rows": 1500000, "Plan Width": 24, "Actual Min Startup Time": 4353.837, "Actual Max Startup Time": 4383.881, "Actual Min Total Time": 4381.29, "Actual Max Total Time": 4413.938, "Actual Total Rows": 1500000, "Group By Key": ["customer.c_custkey"], "Plans": [{"Node Type": "Hash Join", "Parent Relationship": "Outer", "Join Type": "Right", "Startup Cost": 40113.34, "Total Cost": 162803.34, "Plan Rows": 6350316, "Plan Width": 16, "Actual Min Startup Time": 110.827, "Actual Max Startup Time": 140.674, "Actual Min Total Time": 3791.064, "Actual Max Total Time": 3878.06, "Actual Total Rows": 15338153, "Inner Unique": true, "Hash Cond": "(orders.o_custkey = customer.c_custkey), (LLVM Optimized, Jit Execute)", "Plans": [{"Node Type": "Streaming(type: LOCAL REDISTRIBUTE dop: 16/16)", "Parent Relationship": "Outer", "Startup Cost": 0.0, "Total Cost": 115241.83, "Plan Rows": 14844648, "Plan Width": 16, "Actual Min Startup Time": 0.079, "Actual Max Startup Time": 0.357, "Actual Min Total Time": 3129.215, "Actual Max Total Time": 3281.683, "Actual Total Rows": 14838130, "Plans": [{"Node Type": "Seq Scan", "Parent Relationship": "Outer", "Relation Name": "orders", "Alias": "orders", "Startup Cost": 0.0, "Total Cost": 43994.53, "Plan Rows": 14844648, "Plan Width": 16, "Actual Min Startup Time": 0.027, "Actual Max Startup Time": 0.059, "Actual Min Total Time": 585.839, "Actual Max Total Time": 614.123, "Actual Total Rows": 14838130, "Filter": "((o_comment)::text !~~ '%pending%deposits%'::text), (LLVM Optimized, Jit Execute)", "Rows Removed by Filter": 161870}]}, {"Node Type": "Hash", "Parent Relationship": "Inner", "Startup Cost": 38941.47, "Total Cost": 38941.47, "Plan Rows": 1500000, "Plan Width": 8, "Actual Min Startup Time": 110.499, "Actual Max Startup Time": 140.458, "Actual Min Total Time": 110.499, "Actual Max Total Time": 140.458, "Actual Total Rows": 1500000, "Max Hash Buckets": 131072, "Min Hash Buckets": 131072, "Max Hash Batches": 1, "Min Hash Batches": 1, "Max Original Hash Batches": 1, "Min Original Hash Batches": 1, "Max Peak Memory Usage": 3670, "min Peak Memory Usage": 3670, "Plans": [{"Node Type": "Streaming(type: LOCAL REDISTRIBUTE dop: 16/16)", "Parent Relationship": "Outer", "Startup Cost": 0.0, "Total Cost": 38941.47, "Plan Rows": 1500000, "Plan Width": 8, "Actual Min Startup Time": 0.049, "Actual Max Startup Time": 26.908, "Actual Min Total Time": 88.181, "Actual Max Total Time": 117.208, "Actual Total Rows": 1500000, "Plans": [{"Node Type": "Index Only Scan", "Parent Relationship": "Outer", "Scan Direction": "Forward", "Index Name": "customer_pkey", "Relation Name": "customer", "Alias": "customer", "Startup Cost": 0.0, "Total Cost": 18257.88, "Plan Rows": 1500000, "Plan Width": 8, "Actual Min Startup Time": 0.046, "Actual Max Startup Time": 50.533, "Actual Min Total Time": 21.776, "Actual Max Total Time": 72.693, "Actual Total Rows": 1500000, "Heap Fetches": 0}]}]}]}]}]}]}]}]}]}]}, "Triggers": [], "Planner Runtime": 0.944, "Total Runtime": 4569.915, "Unique SQL Id": 3026328400}}, "(16, 33)": {"explain_plan": {"Plan": {"Node Type": "Sort", "Startup Cost": 1023307.36, "Total Cost": 1023307.86, "Plan Rows": 200, "Plan Width": 16, "Sort Key": ["(count(*)) DESC", "c_orders.c_count DESC"], "Plans": [{"Node Type": "Aggregate", "Strategy": "Hashed", "Parent Relationship": "Outer", "Startup Cost": 1023297.71, "Total Cost": 1023299.71, "Plan Rows": 200, "Plan Width": 16, "Group By Key": ["c_orders.c_count"], "Plans": [{"Node Type": "Subquery Scan", "Parent Relationship": "Outer", "Alias": "c_orders", "Startup Cost": 985797.71, "Total Cost": 1015797.71, "Plan Rows": 1500000, "Plan Width": 8, "Plans": [{"Node Type": "Aggregate", "Strategy": "Hashed", "Parent Relationship": "Subquery", "Startup Cost": 985797.71, "Total Cost": 1000797.71, "Plan Rows": 1500000, "Plan Width": 24, "Group By Key": ["customer.c_custkey"], "Plans": [{"Node Type": "Hash Join", "Parent Relationship": "Outer", "Join Type": "Right", "Startup Cost": 370963.06, "Total Cost": 954046.13, "Plan Rows": 6350316, "Plan Width": 16, "Inner Unique": true, "Hash Cond": "(orders.o_custkey = customer.c_custkey), (LLVM Optimized)", "Plans": [{"Node Type": "Bitmap Heap Scan", "Parent Relationship": "Outer", "Relation Name": "orders", "Alias": "orders", "Startup Cost": 308576.81, "Total Cost": 772489.29, "Plan Rows": 14844648, "Plan Width": 16, "Filter": "((o_comment)::text !~~ '%pending%deposits%'::text), (LLVM Optimized)", "Plans": [{"Node Type": "Bitmap Index Scan", "Parent Relationship": "Outer", "Index Name": "idx_orders_custkey", "Startup Cost": 0.0, "Total Cost": 304865.65, "Plan Rows": 14999479, "Plan Width": 0}]}, {"Node Type": "Hash", "Parent Relationship": "Inner", "Startup Cost": 43636.25, "Total Cost": 43636.25, "Plan Rows": 1500000, "Plan Width": 8, "Plans": [{"Node Type": "Index Only Scan", "Parent Relationship": "Outer", "Scan Direction": "Forward", "Index Name": "customer_pkey", "Relation Name": "customer", "Alias": "customer", "Startup Cost": 0.0, "Total Cost": 43636.25, "Plan Rows": 1500000, "Plan Width": 8}]}]}]}]}]}]}, "Unique SQL Id": 3026328400}, "explain_analyze_plan": null}, "(16, 34)": {"explain_plan": {"Plan": {"Node Type": "Sort", "Startup Cost": 181208.12, "Total Cost": 181208.62, "Plan Rows": 200, "Plan Width": 16, "Sort Key": ["(pg_catalog.count(*)) DESC", "c_orders.c_count DESC"], "Plans": [{"Node Type": "Streaming(type: LOCAL GATHER dop: 1/16)", "Parent Relationship": "Outer", "Startup Cost": 181199.81, "Total Cost": 181200.48, "Plan Rows": 200, "Plan Width": 16, "Plans": [{"Node Type": "Aggregate", "Strategy": "Hashed", "Parent Relationship": "Outer", "Startup Cost": 181199.81, "Total Cost": 181199.94, "Plan Rows": 200, "Plan Width": 16, "Group By Key": ["c_orders.c_count"], "Plans": [{"Node Type": "Streaming(type: LOCAL REDISTRIBUTE dop: 16/16)", "Parent Relationship": "Outer", "Startup Cost": 181194.06, "Total Cost": 181199.75, "Plan Rows": 200, "Plan Width": 16, "Plans": [{"Node Type": "Aggregate", "Strategy": "Hashed", "Parent Relationship": "Outer", "Startup Cost": 181194.06, "Total Cost": 181194.19, "Plan Rows": 200, "Plan Width": 16, "Group By Key": ["c_orders.c_count"], "Plans": [{"Node Type": "Subquery Scan", "Parent Relationship": "Outer", "Alias": "c_orders", "Startup Cost": 164787.81, "Total Cost": 180725.31, "Plan Rows": 1500000, "Plan Width": 8, "Plans": [{"Node Type": "Aggregate", "Strategy": "Hashed", "Parent Relationship": "Subquery", "Startup Cost": 164787.81, "Total Cost": 165725.31, "Plan Rows": 1500000, "Plan Width": 24, "Group By Key": ["customer.c_custkey"], "Plans": [{"Node Type": "Hash Join", "Parent Relationship": "Outer", "Join Type": "Right", "Startup Cost": 40113.34, "Total Cost": 162803.34, "Plan Rows": 6350316, "Plan Width": 16, "Inner Unique": true, "Hash Cond": "(orders.o_custkey = customer.c_custkey), (LLVM Optimized)", "Plans": [{"Node Type": "Streaming(type: LOCAL REDISTRIBUTE dop: 16/16)", "Parent Relationship": "Outer", "Startup Cost": 0.0, "Total Cost": 115241.83, "Plan Rows": 14844648, "Plan Width": 16, "Plans": [{"Node Type": "Seq Scan", "Parent Relationship": "Outer", "Relation Name": "orders", "Alias": "orders", "Startup Cost": 0.0, "Total Cost": 43994.53, "Plan Rows": 14844648, "Plan Width": 16, "Filter": "((o_comment)::text !~~ '%pending%deposits%'::text), (LLVM Optimized)"}]}, {"Node Type": "Hash", "Parent Relationship": "Inner", "Startup Cost": 38941.47, "Total Cost": 38941.47, "Plan Rows": 1500000, "Plan Width": 8, "Plans": [{"Node Type": "Streaming(type: LOCAL REDISTRIBUTE dop: 16/16)", "Parent Relationship": "Outer", "Startup Cost": 0.0, "Total Cost": 38941.47, "Plan Rows": 1500000, "Plan Width": 8, "Plans": [{"Node Type": "Seq Scan", "Parent Relationship": "Outer", "Relation Name": "customer", "Alias": "customer", "Startup Cost": 0.0, "Total Cost": 18257.88, "Plan Rows": 1500000, "Plan Width": 8}]}]}]}]}]}]}]}]}]}]}, "Unique SQL Id": 3026328400}, "explain_analyze_plan": {"Plan": {"Node Type": "Sort", "Startup Cost": 181208.12, "Total Cost": 181208.62, "Plan Rows": 200, "Plan Width": 16, "Actual Min Startup Time": 5326.787, "Actual Max Startup Time": 5326.787, "Actual Min Total Time": 5326.791, "Actual Max Total Time": 5326.791, "Actual Total Rows": 46, "Sort Key": ["(pg_catalog.count(*)) DESC", "c_orders.c_count DESC"], "Sort Method": "quicksort", "Sort Space Min Used": 27, "Sort Space Max Used": 27, "Sort Space Type": "Memory", "Plans": [{"Node Type": "Streaming(type: LOCAL GATHER dop: 1/16)", "Parent Relationship": "Outer", "Startup Cost": 181199.81, "Total Cost": 181200.48, "Plan Rows": 200, "Plan Width": 16, "Actual Min Startup Time": 5326.566, "Actual Max Startup Time": 5326.566, "Actual Min Total Time": 5326.733, "Actual Max Total Time": 5326.733, "Actual Total Rows": 46, "Plans": [{"Node Type": "Aggregate", "Strategy": "Hashed", "Parent Relationship": "Outer", "Startup Cost": 181199.81, "Total Cost": 181199.94, "Plan Rows": 200, "Plan Width": 16, "Actual Min Startup Time": 5227.186, "Actual Max Startup Time": 5248.484, "Actual Min Total Time": 5227.186, "Actual Max Total Time": 5248.485, "Actual Total Rows": 46, "Group By Key": ["c_orders.c_count"], "Plans": [{"Node Type": "Streaming(type: LOCAL REDISTRIBUTE dop: 16/16)", "Parent Relationship": "Outer", "Startup Cost": 181194.06, "Total Cost": 181199.75, "Plan Rows": 200, "Plan Width": 16, "Actual Min Startup Time": 5208.963, "Actual Max Startup Time": 5235.167, "Actual Min Total Time": 5227.054, "Actual Max Total Time": 5248.321, "Actual Total Rows": 655, "Plans": [{"Node Type": "Aggregate", "Strategy": "Hashed", "Parent Relationship": "Outer", "Startup Cost": 181194.06, "Total Cost": 181194.19, "Plan Rows": 200, "Plan Width": 16, "Actual Min Startup Time": 5164.415, "Actual Max Startup Time": 5242.866, "Actual Min Total Time": 5164.423, "Actual Max Total Time": 5242.875, "Actual Total Rows": 655, "Group By Key": ["c_orders.c_count"], "Plans": [{"Node Type": "Subquery Scan", "Parent Relationship": "Outer", "Alias": "c_orders", "Startup Cost": 164787.81, "Total Cost": 180725.31, "Plan Rows": 1500000, "Plan Width": 8, "Actual Min Startup Time": 5090.346, "Actual Max Startup Time": 5157.9, "Actual Min Total Time": 5137.583, "Actual Max Total Time": 5215.936, "Actual Total Rows": 1500000, "Plans": [{"Node Type": "Aggregate", "Strategy": "Hashed", "Parent Relationship": "Subquery", "Startup Cost": 164787.81, "Total Cost": 165725.31, "Plan Rows": 1500000, "Plan Width": 24, "Actual Min Startup Time": 5090.345, "Actual Max Startup Time": 5157.898, "Actual Min Total Time": 5120.636, "Actual Max Total Time": 5199.243, "Actual Total Rows": 1500000, "Group By Key": ["customer.c_custkey"], "Plans": [{"Node Type": "Hash Join", "Parent Relationship": "Outer", "Join Type": "Right", "Startup Cost": 40113.34, "Total Cost": 162803.34, "Plan Rows": 6350316, "Plan Width": 16, "Actual Min Startup Time": 140.725, "Actual Max Startup Time": 208.973, "Actual Min Total Time": 4462.349, "Actual Max Total Time": 4679.611, "Actual Total Rows": 15338153, "Inner Unique": true, "Hash Cond": "(orders.o_custkey = customer.c_custkey), (LLVM Optimized, Jit Execute)", "Plans": [{"Node Type": "Streaming(type: LOCAL REDISTRIBUTE dop: 16/16)", "Parent Relationship": "Outer", "Startup Cost": 0.0, "Total Cost": 115241.83, "Plan Rows": 14844648, "Plan Width": 16, "Actual Min Startup Time": 0.073, "Actual Max Startup Time": 0.41, "Actual Min Total Time": 3726.549, "Actual Max Total Time": 4061.024, "Actual Total Rows": 14838130, "Plans": [{"Node Type": "Seq Scan", "Parent Relationship": "Outer", "Relation Name": "orders", "Alias": "orders", "Startup Cost": 0.0, "Total Cost": 43994.53, "Plan Rows": 14844648, "Plan Width": 16, "Actual Min Startup Time": 0.028, "Actual Max Startup Time": 0.056, "Actual Min Total Time": 577.565, "Actual Max Total Time": 615.405, "Actual Total Rows": 14838130, "Filter": "((o_comment)::text !~~ '%pending%deposits%'::text), (LLVM Optimized, Jit Execute)", "Rows Removed by Filter": 161870}]}, {"Node Type": "Hash", "Parent Relationship": "Inner", "Startup Cost": 38941.47, "Total Cost": 38941.47, "Plan Rows": 1500000, "Plan Width": 8, "Actual Min Startup Time": 140.485, "Actual Max Startup Time": 208.721, "Actual Min Total Time": 140.485, "Actual Max Total Time": 208.721, "Actual Total Rows": 1500000, "Max Hash Buckets": 131072, "Min Hash Buckets": 131072, "Max Hash Batches": 1, "Min Hash Batches": 1, "Max Original Hash Batches": 1, "Min Original Hash Batches": 1, "Max Peak Memory Usage": 3670, "min Peak Memory Usage": 3670, "Plans": [{"Node Type": "Streaming(type: LOCAL REDISTRIBUTE dop: 16/16)", "Parent Relationship": "Outer", "Startup Cost": 0.0, "Total Cost": 38941.47, "Plan Rows": 1500000, "Plan Width": 8, "Actual Min Startup Time": 0.049, "Actual Max Startup Time": 56.373, "Actual Min Total Time": 115.611, "Actual Max Total Time": 187.631, "Actual Total Rows": 1500000, "Plans": [{"Node Type": "Seq Scan", "Parent Relationship": "Outer", "Relation Name": "customer", "Alias": "customer", "Startup Cost": 0.0, "Total Cost": 18257.88, "Plan Rows": 1500000, "Plan Width": 8, "Actual Min Startup Time": 0.014, "Actual Max Startup Time": 0.032, "Actual Min Total Time": 31.257, "Actual Max Total Time": 33.274, "Actual Total Rows": 1500000}]}]}]}]}]}]}]}]}]}]}, "Triggers": [], "Planner Runtime": 0.979, "Total Runtime": 5349.088, "Unique SQL Id": 3026328400}}, "(16, 35)": {"explain_plan": {"Plan": {"Node Type": "Sort", "Startup Cost": 1060808.36, "Total Cost": 1060808.86, "Plan Rows": 200, "Plan Width": 16, "Sort Key": ["(count(*)) DESC", "c_orders.c_count DESC"], "Plans": [{"Node Type": "Aggregate", "Strategy": "Hashed", "Parent Relationship": "Outer", "Startup Cost": 1060798.71, "Total Cost": 1060800.71, "Plan Rows": 200, "Plan Width": 16, "Group By Key": ["c_orders.c_count"], "Plans": [{"Node Type": "Subquery Scan", "Parent Relationship": "Outer", "Alias": "c_orders", "Startup Cost": 1023298.71, "Total Cost": 1053298.71, "Plan Rows": 1500000, "Plan Width": 8, "Plans": [{"Node Type": "Aggregate", "Strategy": "Hashed", "Parent Relationship": "Subquery", "Startup Cost": 1023298.71, "Total Cost": 1038298.71, "Plan Rows": 1500000, "Plan Width": 24, "Group By Key": ["customer.c_custkey"], "Plans": [{"Node Type": "Hash Join", "Parent Relationship": "Outer", "Join Type": "Right", "Startup Cost": 408464.06, "Total Cost": 991547.13, "Plan Rows": 6350316, "Plan Width": 16, "Inner Unique": true, "Hash Cond": "(orders.o_custkey = customer.c_custkey), (LLVM Optimized)", "Plans": [{"Node Type": "Bitmap Heap Scan", "Parent Relationship": "Outer", "Relation Name": "orders", "Alias": "orders", "Startup Cost": 308576.81, "Total Cost": 772489.29, "Plan Rows": 14844648, "Plan Width": 16, "Filter": "((o_comment)::text !~~ '%pending%deposits%'::text), (LLVM Optimized)", "Plans": [{"Node Type": "Bitmap Index Scan", "Parent Relationship": "Outer", "Index Name": "idx_orders_custkey", "Startup Cost": 0.0, "Total Cost": 304865.65, "Plan Rows": 14999479, "Plan Width": 0}]}, {"Node Type": "Hash", "Parent Relationship": "Inner", "Startup Cost": 81137.25, "Total Cost": 81137.25, "Plan Rows": 1500000, "Plan Width": 8, "Plans": [{"Node Type": "Bitmap Heap Scan", "Parent Relationship": "Outer", "Relation Name": "customer", "Alias": "customer", "Startup Cost": 29011.25, "Total Cost": 81137.25, "Plan Rows": 1500000, "Plan Width": 8, "Plans": [{"Node Type": "Bitmap Index Scan", "Parent Relationship": "Outer", "Index Name": "customer_pkey", "Startup Cost": 0.0, "Total Cost": 28636.25, "Plan Rows": 1500000, "Plan Width": 0}]}]}]}]}]}]}]}, "Unique SQL Id": 3026328400}, "explain_analyze_plan": null}, "(16, 36)": {"explain_plan": {"Plan": {"Node Type": "Sort", "Startup Cost": 181208.12, "Total Cost": 181208.62, "Plan Rows": 200, "Plan Width": 16, "Sort Key": ["(pg_catalog.count(*)) DESC", "c_orders.c_count DESC"], "Plans": [{"Node Type": "Streaming(type: LOCAL GATHER dop: 1/16)", "Parent Relationship": "Outer", "Startup Cost": 181199.81, "Total Cost": 181200.48, "Plan Rows": 200, "Plan Width": 16, "Plans": [{"Node Type": "Aggregate", "Strategy": "Hashed", "Parent Relationship": "Outer", "Startup Cost": 181199.81, "Total Cost": 181199.94, "Plan Rows": 200, "Plan Width": 16, "Group By Key": ["c_orders.c_count"], "Plans": [{"Node Type": "Streaming(type: LOCAL REDISTRIBUTE dop: 16/16)", "Parent Relationship": "Outer", "Startup Cost": 181194.06, "Total Cost": 181199.75, "Plan Rows": 200, "Plan Width": 16, "Plans": [{"Node Type": "Aggregate", "Strategy": "Hashed", "Parent Relationship": "Outer", "Startup Cost": 181194.06, "Total Cost": 181194.19, "Plan Rows": 200, "Plan Width": 16, "Group By Key": ["c_orders.c_count"], "Plans": [{"Node Type": "Subquery Scan", "Parent Relationship": "Outer", "Alias": "c_orders", "Startup Cost": 164787.81, "Total Cost": 180725.31, "Plan Rows": 1500000, "Plan Width": 8, "Plans": [{"Node Type": "Aggregate", "Strategy": "Hashed", "Parent Relationship": "Subquery", "Startup Cost": 164787.81, "Total Cost": 165725.31, "Plan Rows": 1500000, "Plan Width": 24, "Group By Key": ["customer.c_custkey"], "Plans": [{"Node Type": "Hash Join", "Parent Relationship": "Outer", "Join Type": "Right", "Startup Cost": 40113.34, "Total Cost": 162803.34, "Plan Rows": 6350316, "Plan Width": 16, "Inner Unique": true, "Hash Cond": "(orders.o_custkey = customer.c_custkey), (LLVM Optimized)", "Plans": [{"Node Type": "Streaming(type: LOCAL REDISTRIBUTE dop: 16/16)", "Parent Relationship": "Outer", "Startup Cost": 0.0, "Total Cost": 115241.83, "Plan Rows": 14844648, "Plan Width": 16, "Plans": [{"Node Type": "Seq Scan", "Parent Relationship": "Outer", "Relation Name": "orders", "Alias": "orders", "Startup Cost": 0.0, "Total Cost": 43994.53, "Plan Rows": 14844648, "Plan Width": 16, "Filter": "((o_comment)::text !~~ '%pending%deposits%'::text), (LLVM Optimized)"}]}, {"Node Type": "Hash", "Parent Relationship": "Inner", "Startup Cost": 38941.47, "Total Cost": 38941.47, "Plan Rows": 1500000, "Plan Width": 8, "Plans": [{"Node Type": "Streaming(type: LOCAL REDISTRIBUTE dop: 16/16)", "Parent Relationship": "Outer", "Startup Cost": 0.0, "Total Cost": 38941.47, "Plan Rows": 1500000, "Plan Width": 8, "Plans": [{"Node Type": "Seq Scan", "Parent Relationship": "Outer", "Relation Name": "customer", "Alias": "customer", "Startup Cost": 0.0, "Total Cost": 18257.88, "Plan Rows": 1500000, "Plan Width": 8}]}]}]}]}]}]}]}]}]}]}, "Unique SQL Id": 3026328400}, "explain_analyze_plan": {"Plan": {"Node Type": "Sort", "Startup Cost": 181208.12, "Total Cost": 181208.62, "Plan Rows": 200, "Plan Width": 16, "Actual Min Startup Time": 5326.787, "Actual Max Startup Time": 5326.787, "Actual Min Total Time": 5326.791, "Actual Max Total Time": 5326.791, "Actual Total Rows": 46, "Sort Key": ["(pg_catalog.count(*)) DESC", "c_orders.c_count DESC"], "Sort Method": "quicksort", "Sort Space Min Used": 27, "Sort Space Max Used": 27, "Sort Space Type": "Memory", "Plans": [{"Node Type": "Streaming(type: LOCAL GATHER dop: 1/16)", "Parent Relationship": "Outer", "Startup Cost": 181199.81, "Total Cost": 181200.48, "Plan Rows": 200, "Plan Width": 16, "Actual Min Startup Time": 5326.566, "Actual Max Startup Time": 5326.566, "Actual Min Total Time": 5326.733, "Actual Max Total Time": 5326.733, "Actual Total Rows": 46, "Plans": [{"Node Type": "Aggregate", "Strategy": "Hashed", "Parent Relationship": "Outer", "Startup Cost": 181199.81, "Total Cost": 181199.94, "Plan Rows": 200, "Plan Width": 16, "Actual Min Startup Time": 5227.186, "Actual Max Startup Time": 5248.484, "Actual Min Total Time": 5227.186, "Actual Max Total Time": 5248.485, "Actual Total Rows": 46, "Group By Key": ["c_orders.c_count"], "Plans": [{"Node Type": "Streaming(type: LOCAL REDISTRIBUTE dop: 16/16)", "Parent Relationship": "Outer", "Startup Cost": 181194.06, "Total Cost": 181199.75, "Plan Rows": 200, "Plan Width": 16, "Actual Min Startup Time": 5208.963, "Actual Max Startup Time": 5235.167, "Actual Min Total Time": 5227.054, "Actual Max Total Time": 5248.321, "Actual Total Rows": 655, "Plans": [{"Node Type": "Aggregate", "Strategy": "Hashed", "Parent Relationship": "Outer", "Startup Cost": 181194.06, "Total Cost": 181194.19, "Plan Rows": 200, "Plan Width": 16, "Actual Min Startup Time": 5164.415, "Actual Max Startup Time": 5242.866, "Actual Min Total Time": 5164.423, "Actual Max Total Time": 5242.875, "Actual Total Rows": 655, "Group By Key": ["c_orders.c_count"], "Plans": [{"Node Type": "Subquery Scan", "Parent Relationship": "Outer", "Alias": "c_orders", "Startup Cost": 164787.81, "Total Cost": 180725.31, "Plan Rows": 1500000, "Plan Width": 8, "Actual Min Startup Time": 5090.346, "Actual Max Startup Time": 5157.9, "Actual Min Total Time": 5137.583, "Actual Max Total Time": 5215.936, "Actual Total Rows": 1500000, "Plans": [{"Node Type": "Aggregate", "Strategy": "Hashed", "Parent Relationship": "Subquery", "Startup Cost": 164787.81, "Total Cost": 165725.31, "Plan Rows": 1500000, "Plan Width": 24, "Actual Min Startup Time": 5090.345, "Actual Max Startup Time": 5157.898, "Actual Min Total Time": 5120.636, "Actual Max Total Time": 5199.243, "Actual Total Rows": 1500000, "Group By Key": ["customer.c_custkey"], "Plans": [{"Node Type": "Hash Join", "Parent Relationship": "Outer", "Join Type": "Right", "Startup Cost": 40113.34, "Total Cost": 162803.34, "Plan Rows": 6350316, "Plan Width": 16, "Actual Min Startup Time": 140.725, "Actual Max Startup Time": 208.973, "Actual Min Total Time": 4462.349, "Actual Max Total Time": 4679.611, "Actual Total Rows": 15338153, "Inner Unique": true, "Hash Cond": "(orders.o_custkey = customer.c_custkey), (LLVM Optimized, Jit Execute)", "Plans": [{"Node Type": "Streaming(type: LOCAL REDISTRIBUTE dop: 16/16)", "Parent Relationship": "Outer", "Startup Cost": 0.0, "Total Cost": 115241.83, "Plan Rows": 14844648, "Plan Width": 16, "Actual Min Startup Time": 0.073, "Actual Max Startup Time": 0.41, "Actual Min Total Time": 3726.549, "Actual Max Total Time": 4061.024, "Actual Total Rows": 14838130, "Plans": [{"Node Type": "Seq Scan", "Parent Relationship": "Outer", "Relation Name": "orders", "Alias": "orders", "Startup Cost": 0.0, "Total Cost": 43994.53, "Plan Rows": 14844648, "Plan Width": 16, "Actual Min Startup Time": 0.028, "Actual Max Startup Time": 0.056, "Actual Min Total Time": 577.565, "Actual Max Total Time": 615.405, "Actual Total Rows": 14838130, "Filter": "((o_comment)::text !~~ '%pending%deposits%'::text), (LLVM Optimized, Jit Execute)", "Rows Removed by Filter": 161870}]}, {"Node Type": "Hash", "Parent Relationship": "Inner", "Startup Cost": 38941.47, "Total Cost": 38941.47, "Plan Rows": 1500000, "Plan Width": 8, "Actual Min Startup Time": 140.485, "Actual Max Startup Time": 208.721, "Actual Min Total Time": 140.485, "Actual Max Total Time": 208.721, "Actual Total Rows": 1500000, "Max Hash Buckets": 131072, "Min Hash Buckets": 131072, "Max Hash Batches": 1, "Min Hash Batches": 1, "Max Original Hash Batches": 1, "Min Original Hash Batches": 1, "Max Peak Memory Usage": 3670, "min Peak Memory Usage": 3670, "Plans": [{"Node Type": "Streaming(type: LOCAL REDISTRIBUTE dop: 16/16)", "Parent Relationship": "Outer", "Startup Cost": 0.0, "Total Cost": 38941.47, "Plan Rows": 1500000, "Plan Width": 8, "Actual Min Startup Time": 0.049, "Actual Max Startup Time": 56.373, "Actual Min Total Time": 115.611, "Actual Max Total Time": 187.631, "Actual Total Rows": 1500000, "Plans": [{"Node Type": "Seq Scan", "Parent Relationship": "Outer", "Relation Name": "customer", "Alias": "customer", "Startup Cost": 0.0, "Total Cost": 18257.88, "Plan Rows": 1500000, "Plan Width": 8, "Actual Min Startup Time": 0.014, "Actual Max Startup Time": 0.032, "Actual Min Total Time": 31.257, "Actual Max Total Time": 33.274, "Actual Total Rows": 1500000}]}]}]}]}]}]}]}]}]}]}, "Triggers": [], "Planner Runtime": 0.979, "Total Runtime": 5349.088, "Unique SQL Id": 3026328400}}, "(16, 37)": {"explain_plan": {"Plan": {"Node Type": "Sort", "Startup Cost": 1060436.46, "Total Cost": 1060436.96, "Plan Rows": 200, "Plan Width": 16, "Sort Key": ["(count(*)) DESC", "c_orders.c_count DESC"], "Plans": [{"Node Type": "Aggregate", "Strategy": "Hashed", "Parent Relationship": "Outer", "Startup Cost": 1060426.82, "Total Cost": 1060428.82, "Plan Rows": 200, "Plan Width": 16, "Group By Key": ["c_orders.c_count"], "Plans": [{"Node Type": "Subquery Scan", "Parent Relationship": "Outer", "Alias": "c_orders", "Startup Cost": 1022926.82, "Total Cost": 1052926.82, "Plan Rows": 1500000, "Plan Width": 8, "Plans": [{"Node Type": "Aggregate", "Strategy": "Hashed", "Parent Relationship": "Subquery", "Startup Cost": 1022926.82, "Total Cost": 1037926.82, "Plan Rows": 1500000, "Plan Width": 24, "Group By Key": ["customer.c_custkey"], "Plans": [{"Node Type": "Hash Join", "Parent Relationship": "Outer", "Join Type": "Right", "Startup Cost": 408092.16, "Total Cost": 991175.24, "Plan Rows": 6350316, "Plan Width": 16, "Inner Unique": true, "Hash Cond": "(orders.o_custkey = customer.c_custkey), (LLVM Optimized)", "Plans": [{"Node Type": "Bitmap Heap Scan", "Parent Relationship": "Outer", "Relation Name": "orders", "Alias": "orders", "Startup Cost": 308576.81, "Total Cost": 772489.29, "Plan Rows": 14844648, "Plan Width": 16, "Filter": "((o_comment)::text !~~ '%pending%deposits%'::text), (LLVM Optimized)", "Plans": [{"Node Type": "Bitmap Index Scan", "Parent Relationship": "Outer", "Index Name": "idx_orders_custkey", "Startup Cost": 0.0, "Total Cost": 304865.65, "Plan Rows": 14999479, "Plan Width": 0}]}, {"Node Type": "Hash", "Parent Relationship": "Inner", "Startup Cost": 80765.36, "Total Cost": 80765.36, "Plan Rows": 1500000, "Plan Width": 8, "Plans": [{"Node Type": "Index Scan", "Parent Relationship": "Outer", "Scan Direction": "Forward", "Index Name": "customer_pkey", "Relation Name": "customer", "Alias": "customer", "Startup Cost": 0.0, "Total Cost": 80765.36, "Plan Rows": 1500000, "Plan Width": 8}]}]}]}]}]}]}, "Unique SQL Id": 3026328400}, "explain_analyze_plan": null}, "(16, 38)": {"explain_plan": {"Plan": {"Node Type": "Sort", "Startup Cost": 181208.12, "Total Cost": 181208.62, "Plan Rows": 200, "Plan Width": 16, "Sort Key": ["(pg_catalog.count(*)) DESC", "c_orders.c_count DESC"], "Plans": [{"Node Type": "Streaming(type: LOCAL GATHER dop: 1/16)", "Parent Relationship": "Outer", "Startup Cost": 181199.81, "Total Cost": 181200.48, "Plan Rows": 200, "Plan Width": 16, "Plans": [{"Node Type": "Aggregate", "Strategy": "Hashed", "Parent Relationship": "Outer", "Startup Cost": 181199.81, "Total Cost": 181199.94, "Plan Rows": 200, "Plan Width": 16, "Group By Key": ["c_orders.c_count"], "Plans": [{"Node Type": "Streaming(type: LOCAL REDISTRIBUTE dop: 16/16)", "Parent Relationship": "Outer", "Startup Cost": 181194.06, "Total Cost": 181199.75, "Plan Rows": 200, "Plan Width": 16, "Plans": [{"Node Type": "Aggregate", "Strategy": "Hashed", "Parent Relationship": "Outer", "Startup Cost": 181194.06, "Total Cost": 181194.19, "Plan Rows": 200, "Plan Width": 16, "Group By Key": ["c_orders.c_count"], "Plans": [{"Node Type": "Subquery Scan", "Parent Relationship": "Outer", "Alias": "c_orders", "Startup Cost": 164787.81, "Total Cost": 180725.31, "Plan Rows": 1500000, "Plan Width": 8, "Plans": [{"Node Type": "Aggregate", "Strategy": "Hashed", "Parent Relationship": "Subquery", "Startup Cost": 164787.81, "Total Cost": 165725.31, "Plan Rows": 1500000, "Plan Width": 24, "Group By Key": ["customer.c_custkey"], "Plans": [{"Node Type": "Hash Join", "Parent Relationship": "Outer", "Join Type": "Right", "Startup Cost": 40113.34, "Total Cost": 162803.34, "Plan Rows": 6350316, "Plan Width": 16, "Inner Unique": true, "Hash Cond": "(orders.o_custkey = customer.c_custkey), (LLVM Optimized)", "Plans": [{"Node Type": "Streaming(type: LOCAL REDISTRIBUTE dop: 16/16)", "Parent Relationship": "Outer", "Startup Cost": 0.0, "Total Cost": 115241.83, "Plan Rows": 14844648, "Plan Width": 16, "Plans": [{"Node Type": "Seq Scan", "Parent Relationship": "Outer", "Relation Name": "orders", "Alias": "orders", "Startup Cost": 0.0, "Total Cost": 43994.53, "Plan Rows": 14844648, "Plan Width": 16, "Filter": "((o_comment)::text !~~ '%pending%deposits%'::text), (LLVM Optimized)"}]}, {"Node Type": "Hash", "Parent Relationship": "Inner", "Startup Cost": 38941.47, "Total Cost": 38941.47, "Plan Rows": 1500000, "Plan Width": 8, "Plans": [{"Node Type": "Streaming(type: LOCAL REDISTRIBUTE dop: 16/16)", "Parent Relationship": "Outer", "Startup Cost": 0.0, "Total Cost": 38941.47, "Plan Rows": 1500000, "Plan Width": 8, "Plans": [{"Node Type": "Seq Scan", "Parent Relationship": "Outer", "Relation Name": "customer", "Alias": "customer", "Startup Cost": 0.0, "Total Cost": 18257.88, "Plan Rows": 1500000, "Plan Width": 8}]}]}]}]}]}]}]}]}]}]}, "Unique SQL Id": 3026328400}, "explain_analyze_plan": {"Plan": {"Node Type": "Sort", "Startup Cost": 181208.12, "Total Cost": 181208.62, "Plan Rows": 200, "Plan Width": 16, "Actual Min Startup Time": 5326.787, "Actual Max Startup Time": 5326.787, "Actual Min Total Time": 5326.791, "Actual Max Total Time": 5326.791, "Actual Total Rows": 46, "Sort Key": ["(pg_catalog.count(*)) DESC", "c_orders.c_count DESC"], "Sort Method": "quicksort", "Sort Space Min Used": 27, "Sort Space Max Used": 27, "Sort Space Type": "Memory", "Plans": [{"Node Type": "Streaming(type: LOCAL GATHER dop: 1/16)", "Parent Relationship": "Outer", "Startup Cost": 181199.81, "Total Cost": 181200.48, "Plan Rows": 200, "Plan Width": 16, "Actual Min Startup Time": 5326.566, "Actual Max Startup Time": 5326.566, "Actual Min Total Time": 5326.733, "Actual Max Total Time": 5326.733, "Actual Total Rows": 46, "Plans": [{"Node Type": "Aggregate", "Strategy": "Hashed", "Parent Relationship": "Outer", "Startup Cost": 181199.81, "Total Cost": 181199.94, "Plan Rows": 200, "Plan Width": 16, "Actual Min Startup Time": 5227.186, "Actual Max Startup Time": 5248.484, "Actual Min Total Time": 5227.186, "Actual Max Total Time": 5248.485, "Actual Total Rows": 46, "Group By Key": ["c_orders.c_count"], "Plans": [{"Node Type": "Streaming(type: LOCAL REDISTRIBUTE dop: 16/16)", "Parent Relationship": "Outer", "Startup Cost": 181194.06, "Total Cost": 181199.75, "Plan Rows": 200, "Plan Width": 16, "Actual Min Startup Time": 5208.963, "Actual Max Startup Time": 5235.167, "Actual Min Total Time": 5227.054, "Actual Max Total Time": 5248.321, "Actual Total Rows": 655, "Plans": [{"Node Type": "Aggregate", "Strategy": "Hashed", "Parent Relationship": "Outer", "Startup Cost": 181194.06, "Total Cost": 181194.19, "Plan Rows": 200, "Plan Width": 16, "Actual Min Startup Time": 5164.415, "Actual Max Startup Time": 5242.866, "Actual Min Total Time": 5164.423, "Actual Max Total Time": 5242.875, "Actual Total Rows": 655, "Group By Key": ["c_orders.c_count"], "Plans": [{"Node Type": "Subquery Scan", "Parent Relationship": "Outer", "Alias": "c_orders", "Startup Cost": 164787.81, "Total Cost": 180725.31, "Plan Rows": 1500000, "Plan Width": 8, "Actual Min Startup Time": 5090.346, "Actual Max Startup Time": 5157.9, "Actual Min Total Time": 5137.583, "Actual Max Total Time": 5215.936, "Actual Total Rows": 1500000, "Plans": [{"Node Type": "Aggregate", "Strategy": "Hashed", "Parent Relationship": "Subquery", "Startup Cost": 164787.81, "Total Cost": 165725.31, "Plan Rows": 1500000, "Plan Width": 24, "Actual Min Startup Time": 5090.345, "Actual Max Startup Time": 5157.898, "Actual Min Total Time": 5120.636, "Actual Max Total Time": 5199.243, "Actual Total Rows": 1500000, "Group By Key": ["customer.c_custkey"], "Plans": [{"Node Type": "Hash Join", "Parent Relationship": "Outer", "Join Type": "Right", "Startup Cost": 40113.34, "Total Cost": 162803.34, "Plan Rows": 6350316, "Plan Width": 16, "Actual Min Startup Time": 140.725, "Actual Max Startup Time": 208.973, "Actual Min Total Time": 4462.349, "Actual Max Total Time": 4679.611, "Actual Total Rows": 15338153, "Inner Unique": true, "Hash Cond": "(orders.o_custkey = customer.c_custkey), (LLVM Optimized, Jit Execute)", "Plans": [{"Node Type": "Streaming(type: LOCAL REDISTRIBUTE dop: 16/16)", "Parent Relationship": "Outer", "Startup Cost": 0.0, "Total Cost": 115241.83, "Plan Rows": 14844648, "Plan Width": 16, "Actual Min Startup Time": 0.073, "Actual Max Startup Time": 0.41, "Actual Min Total Time": 3726.549, "Actual Max Total Time": 4061.024, "Actual Total Rows": 14838130, "Plans": [{"Node Type": "Seq Scan", "Parent Relationship": "Outer", "Relation Name": "orders", "Alias": "orders", "Startup Cost": 0.0, "Total Cost": 43994.53, "Plan Rows": 14844648, "Plan Width": 16, "Actual Min Startup Time": 0.028, "Actual Max Startup Time": 0.056, "Actual Min Total Time": 577.565, "Actual Max Total Time": 615.405, "Actual Total Rows": 14838130, "Filter": "((o_comment)::text !~~ '%pending%deposits%'::text), (LLVM Optimized, Jit Execute)", "Rows Removed by Filter": 161870}]}, {"Node Type": "Hash", "Parent Relationship": "Inner", "Startup Cost": 38941.47, "Total Cost": 38941.47, "Plan Rows": 1500000, "Plan Width": 8, "Actual Min Startup Time": 140.485, "Actual Max Startup Time": 208.721, "Actual Min Total Time": 140.485, "Actual Max Total Time": 208.721, "Actual Total Rows": 1500000, "Max Hash Buckets": 131072, "Min Hash Buckets": 131072, "Max Hash Batches": 1, "Min Hash Batches": 1, "Max Original Hash Batches": 1, "Min Original Hash Batches": 1, "Max Peak Memory Usage": 3670, "min Peak Memory Usage": 3670, "Plans": [{"Node Type": "Streaming(type: LOCAL REDISTRIBUTE dop: 16/16)", "Parent Relationship": "Outer", "Startup Cost": 0.0, "Total Cost": 38941.47, "Plan Rows": 1500000, "Plan Width": 8, "Actual Min Startup Time": 0.049, "Actual Max Startup Time": 56.373, "Actual Min Total Time": 115.611, "Actual Max Total Time": 187.631, "Actual Total Rows": 1500000, "Plans": [{"Node Type": "Seq Scan", "Parent Relationship": "Outer", "Relation Name": "customer", "Alias": "customer", "Startup Cost": 0.0, "Total Cost": 18257.88, "Plan Rows": 1500000, "Plan Width": 8, "Actual Min Startup Time": 0.014, "Actual Max Startup Time": 0.032, "Actual Min Total Time": 31.257, "Actual Max Total Time": 33.274, "Actual Total Rows": 1500000}]}]}]}]}]}]}]}]}]}]}, "Triggers": [], "Planner Runtime": 0.979, "Total Runtime": 5349.088, "Unique SQL Id": 3026328400}}, "(16, 39)": {"explain_plan": {"Plan": {"Node Type": "Sort", "Startup Cost": 1060808.36, "Total Cost": 1060808.86, "Plan Rows": 200, "Plan Width": 16, "Sort Key": ["(count(*)) DESC", "c_orders.c_count DESC"], "Plans": [{"Node Type": "Aggregate", "Strategy": "Hashed", "Parent Relationship": "Outer", "Startup Cost": 1060798.71, "Total Cost": 1060800.71, "Plan Rows": 200, "Plan Width": 16, "Group By Key": ["c_orders.c_count"], "Plans": [{"Node Type": "Subquery Scan", "Parent Relationship": "Outer", "Alias": "c_orders", "Startup Cost": 1023298.71, "Total Cost": 1053298.71, "Plan Rows": 1500000, "Plan Width": 8, "Plans": [{"Node Type": "Aggregate", "Strategy": "Hashed", "Parent Relationship": "Subquery", "Startup Cost": 1023298.71, "Total Cost": 1038298.71, "Plan Rows": 1500000, "Plan Width": 24, "Group By Key": ["customer.c_custkey"], "Plans": [{"Node Type": "Hash Join", "Parent Relationship": "Outer", "Join Type": "Right", "Startup Cost": 408464.06, "Total Cost": 991547.13, "Plan Rows": 6350316, "Plan Width": 16, "Inner Unique": true, "Hash Cond": "(orders.o_custkey = customer.c_custkey), (LLVM Optimized)", "Plans": [{"Node Type": "Bitmap Heap Scan", "Parent Relationship": "Outer", "Relation Name": "orders", "Alias": "orders", "Startup Cost": 308576.81, "Total Cost": 772489.29, "Plan Rows": 14844648, "Plan Width": 16, "Filter": "((o_comment)::text !~~ '%pending%deposits%'::text), (LLVM Optimized)", "Plans": [{"Node Type": "Bitmap Index Scan", "Parent Relationship": "Outer", "Index Name": "idx_orders_custkey", "Startup Cost": 0.0, "Total Cost": 304865.65, "Plan Rows": 14999479, "Plan Width": 0}]}, {"Node Type": "Hash", "Parent Relationship": "Inner", "Startup Cost": 81137.25, "Total Cost": 81137.25, "Plan Rows": 1500000, "Plan Width": 8, "Plans": [{"Node Type": "Bitmap Heap Scan", "Parent Relationship": "Outer", "Relation Name": "customer", "Alias": "customer", "Startup Cost": 29011.25, "Total Cost": 81137.25, "Plan Rows": 1500000, "Plan Width": 8, "Plans": [{"Node Type": "Bitmap Index Scan", "Parent Relationship": "Outer", "Index Name": "customer_pkey", "Startup Cost": 0.0, "Total Cost": 28636.25, "Plan Rows": 1500000, "Plan Width": 0}]}]}]}]}]}]}]}, "Unique SQL Id": 3026328400}, "explain_analyze_plan": null}, "(16, 40)": {"explain_plan": {"Plan": {"Node Type": "Sort", "Startup Cost": 181208.12, "Total Cost": 181208.62, "Plan Rows": 200, "Plan Width": 16, "Sort Key": ["(pg_catalog.count(*)) DESC", "c_orders.c_count DESC"], "Plans": [{"Node Type": "Streaming(type: LOCAL GATHER dop: 1/16)", "Parent Relationship": "Outer", "Startup Cost": 181199.81, "Total Cost": 181200.48, "Plan Rows": 200, "Plan Width": 16, "Plans": [{"Node Type": "Aggregate", "Strategy": "Hashed", "Parent Relationship": "Outer", "Startup Cost": 181199.81, "Total Cost": 181199.94, "Plan Rows": 200, "Plan Width": 16, "Group By Key": ["c_orders.c_count"], "Plans": [{"Node Type": "Streaming(type: LOCAL REDISTRIBUTE dop: 16/16)", "Parent Relationship": "Outer", "Startup Cost": 181194.06, "Total Cost": 181199.75, "Plan Rows": 200, "Plan Width": 16, "Plans": [{"Node Type": "Aggregate", "Strategy": "Hashed", "Parent Relationship": "Outer", "Startup Cost": 181194.06, "Total Cost": 181194.19, "Plan Rows": 200, "Plan Width": 16, "Group By Key": ["c_orders.c_count"], "Plans": [{"Node Type": "Subquery Scan", "Parent Relationship": "Outer", "Alias": "c_orders", "Startup Cost": 164787.81, "Total Cost": 180725.31, "Plan Rows": 1500000, "Plan Width": 8, "Plans": [{"Node Type": "Aggregate", "Strategy": "Hashed", "Parent Relationship": "Subquery", "Startup Cost": 164787.81, "Total Cost": 165725.31, "Plan Rows": 1500000, "Plan Width": 24, "Group By Key": ["customer.c_custkey"], "Plans": [{"Node Type": "Hash Join", "Parent Relationship": "Outer", "Join Type": "Right", "Startup Cost": 40113.34, "Total Cost": 162803.34, "Plan Rows": 6350316, "Plan Width": 16, "Inner Unique": true, "Hash Cond": "(orders.o_custkey = customer.c_custkey), (LLVM Optimized)", "Plans": [{"Node Type": "Streaming(type: LOCAL REDISTRIBUTE dop: 16/16)", "Parent Relationship": "Outer", "Startup Cost": 0.0, "Total Cost": 115241.83, "Plan Rows": 14844648, "Plan Width": 16, "Plans": [{"Node Type": "Seq Scan", "Parent Relationship": "Outer", "Relation Name": "orders", "Alias": "orders", "Startup Cost": 0.0, "Total Cost": 43994.53, "Plan Rows": 14844648, "Plan Width": 16, "Filter": "((o_comment)::text !~~ '%pending%deposits%'::text), (LLVM Optimized)"}]}, {"Node Type": "Hash", "Parent Relationship": "Inner", "Startup Cost": 38941.47, "Total Cost": 38941.47, "Plan Rows": 1500000, "Plan Width": 8, "Plans": [{"Node Type": "Streaming(type: LOCAL REDISTRIBUTE dop: 16/16)", "Parent Relationship": "Outer", "Startup Cost": 0.0, "Total Cost": 38941.47, "Plan Rows": 1500000, "Plan Width": 8, "Plans": [{"Node Type": "Index Only Scan", "Parent Relationship": "Outer", "Scan Direction": "Forward", "Index Name": "customer_pkey", "Relation Name": "customer", "Alias": "customer", "Startup Cost": 0.0, "Total Cost": 18257.88, "Plan Rows": 1500000, "Plan Width": 8}]}]}]}]}]}]}]}]}]}]}, "Unique SQL Id": 3026328400}, "explain_analyze_plan": {"Plan": {"Node Type": "Sort", "Startup Cost": 181208.12, "Total Cost": 181208.62, "Plan Rows": 200, "Plan Width": 16, "Actual Min Startup Time": 4548.504, "Actual Max Startup Time": 4548.504, "Actual Min Total Time": 4548.507, "Actual Max Total Time": 4548.507, "Actual Total Rows": 46, "Sort Key": ["(pg_catalog.count(*)) DESC", "c_orders.c_count DESC"], "Sort Method": "quicksort", "Sort Space Min Used": 27, "Sort Space Max Used": 27, "Sort Space Type": "Memory", "Plans": [{"Node Type": "Streaming(type: LOCAL GATHER dop: 1/16)", "Parent Relationship": "Outer", "Startup Cost": 181199.81, "Total Cost": 181200.48, "Plan Rows": 200, "Plan Width": 16, "Actual Min Startup Time": 4548.233, "Actual Max Startup Time": 4548.233, "Actual Min Total Time": 4548.452, "Actual Max Total Time": 4548.452, "Actual Total Rows": 46, "Plans": [{"Node Type": "Aggregate", "Strategy": "Hashed", "Parent Relationship": "Outer", "Startup Cost": 181199.81, "Total Cost": 181199.94, "Plan Rows": 200, "Plan Width": 16, "Actual Min Startup Time": 4471.003, "Actual Max Startup Time": 4477.586, "Actual Min Total Time": 4471.005, "Actual Max Total Time": 4477.587, "Actual Total Rows": 46, "Group By Key": ["c_orders.c_count"], "Plans": [{"Node Type": "Streaming(type: LOCAL REDISTRIBUTE dop: 16/16)", "Parent Relationship": "Outer", "Startup Cost": 181194.06, "Total Cost": 181199.75, "Plan Rows": 200, "Plan Width": 16, "Actual Min Startup Time": 4465.562, "Actual Max Startup Time": 4474.555, "Actual Min Total Time": 4470.913, "Actual Max Total Time": 4477.506, "Actual Total Rows": 655, "Plans": [{"Node Type": "Aggregate", "Strategy": "Hashed", "Parent Relationship": "Outer", "Startup Cost": 181194.06, "Total Cost": 181194.19, "Plan Rows": 200, "Plan Width": 16, "Actual Min Startup Time": 4425.181, "Actual Max Startup Time": 4457.546, "Actual Min Total Time": 4425.191, "Actual Max Total Time": 4457.556, "Actual Total Rows": 655, "Group By Key": ["c_orders.c_count"], "Plans": [{"Node Type": "Subquery Scan", "Parent Relationship": "Outer", "Alias": "c_orders", "Startup Cost": 164787.81, "Total Cost": 180725.31, "Plan Rows": 1500000, "Plan Width": 8, "Actual Min Startup Time": 4353.839, "Actual Max Startup Time": 4383.884, "Actual Min Total Time": 4398.272, "Actual Max Total Time": 4430.94, "Actual Total Rows": 1500000, "Plans": [{"Node Type": "Aggregate", "Strategy": "Hashed", "Parent Relationship": "Subquery", "Startup Cost": 164787.81, "Total Cost": 165725.31, "Plan Rows": 1500000, "Plan Width": 24, "Actual Min Startup Time": 4353.837, "Actual Max Startup Time": 4383.881, "Actual Min Total Time": 4381.29, "Actual Max Total Time": 4413.938, "Actual Total Rows": 1500000, "Group By Key": ["customer.c_custkey"], "Plans": [{"Node Type": "Hash Join", "Parent Relationship": "Outer", "Join Type": "Right", "Startup Cost": 40113.34, "Total Cost": 162803.34, "Plan Rows": 6350316, "Plan Width": 16, "Actual Min Startup Time": 110.827, "Actual Max Startup Time": 140.674, "Actual Min Total Time": 3791.064, "Actual Max Total Time": 3878.06, "Actual Total Rows": 15338153, "Inner Unique": true, "Hash Cond": "(orders.o_custkey = customer.c_custkey), (LLVM Optimized, Jit Execute)", "Plans": [{"Node Type": "Streaming(type: LOCAL REDISTRIBUTE dop: 16/16)", "Parent Relationship": "Outer", "Startup Cost": 0.0, "Total Cost": 115241.83, "Plan Rows": 14844648, "Plan Width": 16, "Actual Min Startup Time": 0.079, "Actual Max Startup Time": 0.357, "Actual Min Total Time": 3129.215, "Actual Max Total Time": 3281.683, "Actual Total Rows": 14838130, "Plans": [{"Node Type": "Seq Scan", "Parent Relationship": "Outer", "Relation Name": "orders", "Alias": "orders", "Startup Cost": 0.0, "Total Cost": 43994.53, "Plan Rows": 14844648, "Plan Width": 16, "Actual Min Startup Time": 0.027, "Actual Max Startup Time": 0.059, "Actual Min Total Time": 585.839, "Actual Max Total Time": 614.123, "Actual Total Rows": 14838130, "Filter": "((o_comment)::text !~~ '%pending%deposits%'::text), (LLVM Optimized, Jit Execute)", "Rows Removed by Filter": 161870}]}, {"Node Type": "Hash", "Parent Relationship": "Inner", "Startup Cost": 38941.47, "Total Cost": 38941.47, "Plan Rows": 1500000, "Plan Width": 8, "Actual Min Startup Time": 110.499, "Actual Max Startup Time": 140.458, "Actual Min Total Time": 110.499, "Actual Max Total Time": 140.458, "Actual Total Rows": 1500000, "Max Hash Buckets": 131072, "Min Hash Buckets": 131072, "Max Hash Batches": 1, "Min Hash Batches": 1, "Max Original Hash Batches": 1, "Min Original Hash Batches": 1, "Max Peak Memory Usage": 3670, "min Peak Memory Usage": 3670, "Plans": [{"Node Type": "Streaming(type: LOCAL REDISTRIBUTE dop: 16/16)", "Parent Relationship": "Outer", "Startup Cost": 0.0, "Total Cost": 38941.47, "Plan Rows": 1500000, "Plan Width": 8, "Actual Min Startup Time": 0.049, "Actual Max Startup Time": 26.908, "Actual Min Total Time": 88.181, "Actual Max Total Time": 117.208, "Actual Total Rows": 1500000, "Plans": [{"Node Type": "Index Only Scan", "Parent Relationship": "Outer", "Scan Direction": "Forward", "Index Name": "customer_pkey", "Relation Name": "customer", "Alias": "customer", "Startup Cost": 0.0, "Total Cost": 18257.88, "Plan Rows": 1500000, "Plan Width": 8, "Actual Min Startup Time": 0.046, "Actual Max Startup Time": 50.533, "Actual Min Total Time": 21.776, "Actual Max Total Time": 72.693, "Actual Total Rows": 1500000, "Heap Fetches": 0}]}]}]}]}]}]}]}]}]}]}, "Triggers": [], "Planner Runtime": 0.944, "Total Runtime": 4569.915, "Unique SQL Id": 3026328400}}, "(16, 41)": {"explain_plan": {"Plan": {"Node Type": "Sort", "Startup Cost": 1656520.26, "Total Cost": 1656520.76, "Plan Rows": 200, "Plan Width": 16, "Sort Key": ["(pg_catalog.count(*)) DESC", "c_orders.c_count DESC"], "Plans": [{"Node Type": "Streaming(type: LOCAL GATHER dop: 1/16)", "Parent Relationship": "Outer", "Startup Cost": 1656511.95, "Total Cost": 1656512.62, "Plan Rows": 200, "Plan Width": 16, "Plans": [{"Node Type": "Aggregate", "Strategy": "Hashed", "Parent Relationship": "Outer", "Startup Cost": 1656511.95, "Total Cost": 1656512.08, "Plan Rows": 200, "Plan Width": 16, "Group By Key": ["c_orders.c_count"], "Plans": [{"Node Type": "Streaming(type: LOCAL REDISTRIBUTE dop: 16/16)", "Parent Relationship": "Outer", "Startup Cost": 1656506.2, "Total Cost": 1656511.89, "Plan Rows": 200, "Plan Width": 16, "Plans": [{"Node Type": "Aggregate", "Strategy": "Hashed", "Parent Relationship": "Outer", "Startup Cost": 1656506.2, "Total Cost": 1656506.33, "Plan Rows": 200, "Plan Width": 16, "Group By Key": ["c_orders.c_count"], "Plans": [{"Node Type": "Subquery Scan", "Parent Relationship": "Outer", "Alias": "c_orders", "Startup Cost": 1640099.95, "Total Cost": 1656037.45, "Plan Rows": 1500000, "Plan Width": 8, "Plans": [{"Node Type": "Aggregate", "Strategy": "Hashed", "Parent Relationship": "Subquery", "Startup Cost": 1640099.95, "Total Cost": 1641037.45, "Plan Rows": 1500000, "Plan Width": 24, "Group By Key": ["customer.c_custkey"], "Plans": [{"Node Type": "Hash Join", "Parent Relationship": "Outer", "Join Type": "Right", "Startup Cost": 122181.17, "Total Cost": 1638115.48, "Plan Rows": 6350316, "Plan Width": 16, "Inner Unique": true, "Hash Cond": "(orders.o_custkey = customer.c_custkey), (LLVM Optimized)", "Plans": [{"Node Type": "Streaming(type: LOCAL REDISTRIBUTE dop: 16/16)", "Parent Relationship": "Outer", "Startup Cost": 0.0, "Total Cost": 1508486.14, "Plan Rows": 14844648, "Plan Width": 16, "Plans": [{"Node Type": "Index Scan", "Parent Relationship": "Outer", "Scan Direction": "Forward", "Index Name": "idx_orders_custkey", "Relation Name": "orders", "Alias": "orders", "Startup Cost": 0.0, "Total Cost": 1437238.84, "Plan Rows": 14844648, "Plan Width": 16, "Filter": "((o_comment)::text !~~ '%pending%deposits%'::text), (LLVM Optimized)"}]}, {"Node Type": "Hash", "Parent Relationship": "Inner", "Startup Cost": 121009.3, "Total Cost": 121009.3, "Plan Rows": 1500000, "Plan Width": 8, "Plans": [{"Node Type": "Streaming(type: LOCAL REDISTRIBUTE dop: 16/1)", "Parent Relationship": "Outer", "Startup Cost": 0.0, "Total Cost": 121009.3, "Plan Rows": 1500000, "Plan Width": 8, "Plans": [{"Node Type": "Index Only Scan", "Parent Relationship": "Outer", "Scan Direction": "Forward", "Index Name": "customer_pkey", "Relation Name": "customer", "Alias": "customer", "Startup Cost": 0.0, "Total Cost": 43636.25, "Plan Rows": 1500000, "Plan Width": 8}]}]}]}]}]}]}]}]}]}]}, "Unique SQL Id": 3026328400}, "explain_analyze_plan": null}, "(16, 42)": {"explain_plan": {"Plan": {"Node Type": "Sort", "Startup Cost": 181208.12, "Total Cost": 181208.62, "Plan Rows": 200, "Plan Width": 16, "Sort Key": ["(pg_catalog.count(*)) DESC", "c_orders.c_count DESC"], "Plans": [{"Node Type": "Streaming(type: LOCAL GATHER dop: 1/16)", "Parent Relationship": "Outer", "Startup Cost": 181199.81, "Total Cost": 181200.48, "Plan Rows": 200, "Plan Width": 16, "Plans": [{"Node Type": "Aggregate", "Strategy": "Hashed", "Parent Relationship": "Outer", "Startup Cost": 181199.81, "Total Cost": 181199.94, "Plan Rows": 200, "Plan Width": 16, "Group By Key": ["c_orders.c_count"], "Plans": [{"Node Type": "Streaming(type: LOCAL REDISTRIBUTE dop: 16/16)", "Parent Relationship": "Outer", "Startup Cost": 181194.06, "Total Cost": 181199.75, "Plan Rows": 200, "Plan Width": 16, "Plans": [{"Node Type": "Aggregate", "Strategy": "Hashed", "Parent Relationship": "Outer", "Startup Cost": 181194.06, "Total Cost": 181194.19, "Plan Rows": 200, "Plan Width": 16, "Group By Key": ["c_orders.c_count"], "Plans": [{"Node Type": "Subquery Scan", "Parent Relationship": "Outer", "Alias": "c_orders", "Startup Cost": 164787.81, "Total Cost": 180725.31, "Plan Rows": 1500000, "Plan Width": 8, "Plans": [{"Node Type": "Aggregate", "Strategy": "Hashed", "Parent Relationship": "Subquery", "Startup Cost": 164787.81, "Total Cost": 165725.31, "Plan Rows": 1500000, "Plan Width": 24, "Group By Key": ["customer.c_custkey"], "Plans": [{"Node Type": "Hash Join", "Parent Relationship": "Outer", "Join Type": "Right", "Startup Cost": 40113.34, "Total Cost": 162803.34, "Plan Rows": 6350316, "Plan Width": 16, "Inner Unique": true, "Hash Cond": "(orders.o_custkey = customer.c_custkey), (LLVM Optimized)", "Plans": [{"Node Type": "Streaming(type: LOCAL REDISTRIBUTE dop: 16/16)", "Parent Relationship": "Outer", "Startup Cost": 0.0, "Total Cost": 115241.83, "Plan Rows": 14844648, "Plan Width": 16, "Plans": [{"Node Type": "Seq Scan", "Parent Relationship": "Outer", "Relation Name": "orders", "Alias": "orders", "Startup Cost": 0.0, "Total Cost": 43994.53, "Plan Rows": 14844648, "Plan Width": 16, "Filter": "((o_comment)::text !~~ '%pending%deposits%'::text), (LLVM Optimized)"}]}, {"Node Type": "Hash", "Parent Relationship": "Inner", "Startup Cost": 38941.47, "Total Cost": 38941.47, "Plan Rows": 1500000, "Plan Width": 8, "Plans": [{"Node Type": "Streaming(type: LOCAL REDISTRIBUTE dop: 16/16)", "Parent Relationship": "Outer", "Startup Cost": 0.0, "Total Cost": 38941.47, "Plan Rows": 1500000, "Plan Width": 8, "Plans": [{"Node Type": "Seq Scan", "Parent Relationship": "Outer", "Relation Name": "customer", "Alias": "customer", "Startup Cost": 0.0, "Total Cost": 18257.88, "Plan Rows": 1500000, "Plan Width": 8}]}]}]}]}]}]}]}]}]}]}, "Unique SQL Id": 3026328400}, "explain_analyze_plan": {"Plan": {"Node Type": "Sort", "Startup Cost": 181208.12, "Total Cost": 181208.62, "Plan Rows": 200, "Plan Width": 16, "Actual Min Startup Time": 5326.787, "Actual Max Startup Time": 5326.787, "Actual Min Total Time": 5326.791, "Actual Max Total Time": 5326.791, "Actual Total Rows": 46, "Sort Key": ["(pg_catalog.count(*)) DESC", "c_orders.c_count DESC"], "Sort Method": "quicksort", "Sort Space Min Used": 27, "Sort Space Max Used": 27, "Sort Space Type": "Memory", "Plans": [{"Node Type": "Streaming(type: LOCAL GATHER dop: 1/16)", "Parent Relationship": "Outer", "Startup Cost": 181199.81, "Total Cost": 181200.48, "Plan Rows": 200, "Plan Width": 16, "Actual Min Startup Time": 5326.566, "Actual Max Startup Time": 5326.566, "Actual Min Total Time": 5326.733, "Actual Max Total Time": 5326.733, "Actual Total Rows": 46, "Plans": [{"Node Type": "Aggregate", "Strategy": "Hashed", "Parent Relationship": "Outer", "Startup Cost": 181199.81, "Total Cost": 181199.94, "Plan Rows": 200, "Plan Width": 16, "Actual Min Startup Time": 5227.186, "Actual Max Startup Time": 5248.484, "Actual Min Total Time": 5227.186, "Actual Max Total Time": 5248.485, "Actual Total Rows": 46, "Group By Key": ["c_orders.c_count"], "Plans": [{"Node Type": "Streaming(type: LOCAL REDISTRIBUTE dop: 16/16)", "Parent Relationship": "Outer", "Startup Cost": 181194.06, "Total Cost": 181199.75, "Plan Rows": 200, "Plan Width": 16, "Actual Min Startup Time": 5208.963, "Actual Max Startup Time": 5235.167, "Actual Min Total Time": 5227.054, "Actual Max Total Time": 5248.321, "Actual Total Rows": 655, "Plans": [{"Node Type": "Aggregate", "Strategy": "Hashed", "Parent Relationship": "Outer", "Startup Cost": 181194.06, "Total Cost": 181194.19, "Plan Rows": 200, "Plan Width": 16, "Actual Min Startup Time": 5164.415, "Actual Max Startup Time": 5242.866, "Actual Min Total Time": 5164.423, "Actual Max Total Time": 5242.875, "Actual Total Rows": 655, "Group By Key": ["c_orders.c_count"], "Plans": [{"Node Type": "Subquery Scan", "Parent Relationship": "Outer", "Alias": "c_orders", "Startup Cost": 164787.81, "Total Cost": 180725.31, "Plan Rows": 1500000, "Plan Width": 8, "Actual Min Startup Time": 5090.346, "Actual Max Startup Time": 5157.9, "Actual Min Total Time": 5137.583, "Actual Max Total Time": 5215.936, "Actual Total Rows": 1500000, "Plans": [{"Node Type": "Aggregate", "Strategy": "Hashed", "Parent Relationship": "Subquery", "Startup Cost": 164787.81, "Total Cost": 165725.31, "Plan Rows": 1500000, "Plan Width": 24, "Actual Min Startup Time": 5090.345, "Actual Max Startup Time": 5157.898, "Actual Min Total Time": 5120.636, "Actual Max Total Time": 5199.243, "Actual Total Rows": 1500000, "Group By Key": ["customer.c_custkey"], "Plans": [{"Node Type": "Hash Join", "Parent Relationship": "Outer", "Join Type": "Right", "Startup Cost": 40113.34, "Total Cost": 162803.34, "Plan Rows": 6350316, "Plan Width": 16, "Actual Min Startup Time": 140.725, "Actual Max Startup Time": 208.973, "Actual Min Total Time": 4462.349, "Actual Max Total Time": 4679.611, "Actual Total Rows": 15338153, "Inner Unique": true, "Hash Cond": "(orders.o_custkey = customer.c_custkey), (LLVM Optimized, Jit Execute)", "Plans": [{"Node Type": "Streaming(type: LOCAL REDISTRIBUTE dop: 16/16)", "Parent Relationship": "Outer", "Startup Cost": 0.0, "Total Cost": 115241.83, "Plan Rows": 14844648, "Plan Width": 16, "Actual Min Startup Time": 0.073, "Actual Max Startup Time": 0.41, "Actual Min Total Time": 3726.549, "Actual Max Total Time": 4061.024, "Actual Total Rows": 14838130, "Plans": [{"Node Type": "Seq Scan", "Parent Relationship": "Outer", "Relation Name": "orders", "Alias": "orders", "Startup Cost": 0.0, "Total Cost": 43994.53, "Plan Rows": 14844648, "Plan Width": 16, "Actual Min Startup Time": 0.028, "Actual Max Startup Time": 0.056, "Actual Min Total Time": 577.565, "Actual Max Total Time": 615.405, "Actual Total Rows": 14838130, "Filter": "((o_comment)::text !~~ '%pending%deposits%'::text), (LLVM Optimized, Jit Execute)", "Rows Removed by Filter": 161870}]}, {"Node Type": "Hash", "Parent Relationship": "Inner", "Startup Cost": 38941.47, "Total Cost": 38941.47, "Plan Rows": 1500000, "Plan Width": 8, "Actual Min Startup Time": 140.485, "Actual Max Startup Time": 208.721, "Actual Min Total Time": 140.485, "Actual Max Total Time": 208.721, "Actual Total Rows": 1500000, "Max Hash Buckets": 131072, "Min Hash Buckets": 131072, "Max Hash Batches": 1, "Min Hash Batches": 1, "Max Original Hash Batches": 1, "Min Original Hash Batches": 1, "Max Peak Memory Usage": 3670, "min Peak Memory Usage": 3670, "Plans": [{"Node Type": "Streaming(type: LOCAL REDISTRIBUTE dop: 16/16)", "Parent Relationship": "Outer", "Startup Cost": 0.0, "Total Cost": 38941.47, "Plan Rows": 1500000, "Plan Width": 8, "Actual Min Startup Time": 0.049, "Actual Max Startup Time": 56.373, "Actual Min Total Time": 115.611, "Actual Max Total Time": 187.631, "Actual Total Rows": 1500000, "Plans": [{"Node Type": "Seq Scan", "Parent Relationship": "Outer", "Relation Name": "customer", "Alias": "customer", "Startup Cost": 0.0, "Total Cost": 18257.88, "Plan Rows": 1500000, "Plan Width": 8, "Actual Min Startup Time": 0.014, "Actual Max Startup Time": 0.032, "Actual Min Total Time": 31.257, "Actual Max Total Time": 33.274, "Actual Total Rows": 1500000}]}]}]}]}]}]}]}]}]}]}, "Triggers": [], "Planner Runtime": 0.979, "Total Runtime": 5349.088, "Unique SQL Id": 3026328400}}, "(16, 43)": {"explain_plan": {"Plan": {"Node Type": "Sort", "Startup Cost": 2000164372205.65, "Total Cost": 2000164372206.15, "Plan Rows": 200, "Plan Width": 16, "Sort Key": ["(count(*)) DESC", "c_orders.c_count DESC"], "Plans": [{"Node Type": "Aggregate", "Strategy": "Hashed", "Parent Relationship": "Outer", "Startup Cost": 2000164372196.0, "Total Cost": 2000164372198.0, "Plan Rows": 200, "Plan Width": 16, "Group By Key": ["c_orders.c_count"], "Plans": [{"Node Type": "Subquery Scan", "Parent Relationship": "Outer", "Alias": "c_orders", "Startup Cost": 2000164334696.0, "Total Cost": 2000164364696.0, "Plan Rows": 1500000, "Plan Width": 8, "Plans": [{"Node Type": "Aggregate", "Strategy": "Hashed", "Parent Relationship": "Subquery", "Startup Cost": 2000164334696.0, "Total Cost": 2000164349696.0, "Plan Rows": 1500000, "Plan Width": 24, "Group By Key": ["customer.c_custkey"], "Plans": [{"Node Type": "Hash Join", "Parent Relationship": "Outer", "Join Type": "Right", "Startup Cost": 1010004382375.0, "Total Cost": 2000164302944.42, "Plan Rows": 6350316, "Plan Width": 16, "Inner Unique": true, "Hash Cond": "(orders.o_custkey = customer.c_custkey), (LLVM Optimized)", "Plans": [{"Node Type": "Index Scan", "Parent Relationship": "Outer", "Scan Direction": "Forward", "Index Name": "idx_orders_custkey", "Relation Name": "orders", "Alias": "orders", "Startup Cost": 10000000000.0, "Total Cost": 1000159801398.83, "Plan Rows": 14844648, "Plan Width": 16, "Filter": "((o_comment)::text !~~ '%pending%deposits%'::text), (LLVM Optimized)"}, {"Node Type": "Hash", "Parent Relationship": "Inner", "Startup Cost": 1000004363625.0, "Total Cost": 1000004363625.0, "Plan Rows": 1500000, "Plan Width": 8, "Plans": [{"Node Type": "Index Only Scan", "Parent Relationship": "Outer", "Scan Direction": "Forward", "Index Name": "customer_pkey", "Relation Name": "customer", "Alias": "customer", "Startup Cost": 10000000000.0, "Total Cost": 1000004363625.0, "Plan Rows": 1500000, "Plan Width": 8}]}]}]}]}]}]}, "Unique SQL Id": 3026328400}, "explain_analyze_plan": null}, "(16, 44)": {"explain_plan": {"Plan": {"Node Type": "Sort", "Startup Cost": 181208.12, "Total Cost": 181208.62, "Plan Rows": 200, "Plan Width": 16, "Sort Key": ["(pg_catalog.count(*)) DESC", "c_orders.c_count DESC"], "Plans": [{"Node Type": "Streaming(type: LOCAL GATHER dop: 1/16)", "Parent Relationship": "Outer", "Startup Cost": 181199.81, "Total Cost": 181200.48, "Plan Rows": 200, "Plan Width": 16, "Plans": [{"Node Type": "Aggregate", "Strategy": "Hashed", "Parent Relationship": "Outer", "Startup Cost": 181199.81, "Total Cost": 181199.94, "Plan Rows": 200, "Plan Width": 16, "Group By Key": ["c_orders.c_count"], "Plans": [{"Node Type": "Streaming(type: LOCAL REDISTRIBUTE dop: 16/16)", "Parent Relationship": "Outer", "Startup Cost": 181194.06, "Total Cost": 181199.75, "Plan Rows": 200, "Plan Width": 16, "Plans": [{"Node Type": "Aggregate", "Strategy": "Hashed", "Parent Relationship": "Outer", "Startup Cost": 181194.06, "Total Cost": 181194.19, "Plan Rows": 200, "Plan Width": 16, "Group By Key": ["c_orders.c_count"], "Plans": [{"Node Type": "Subquery Scan", "Parent Relationship": "Outer", "Alias": "c_orders", "Startup Cost": 164787.81, "Total Cost": 180725.31, "Plan Rows": 1500000, "Plan Width": 8, "Plans": [{"Node Type": "Aggregate", "Strategy": "Hashed", "Parent Relationship": "Subquery", "Startup Cost": 164787.81, "Total Cost": 165725.31, "Plan Rows": 1500000, "Plan Width": 24, "Group By Key": ["customer.c_custkey"], "Plans": [{"Node Type": "Hash Join", "Parent Relationship": "Outer", "Join Type": "Right", "Startup Cost": 40113.34, "Total Cost": 162803.34, "Plan Rows": 6350316, "Plan Width": 16, "Inner Unique": true, "Hash Cond": "(orders.o_custkey = customer.c_custkey), (LLVM Optimized)", "Plans": [{"Node Type": "Streaming(type: LOCAL REDISTRIBUTE dop: 16/16)", "Parent Relationship": "Outer", "Startup Cost": 0.0, "Total Cost": 115241.83, "Plan Rows": 14844648, "Plan Width": 16, "Plans": [{"Node Type": "Seq Scan", "Parent Relationship": "Outer", "Relation Name": "orders", "Alias": "orders", "Startup Cost": 0.0, "Total Cost": 43994.53, "Plan Rows": 14844648, "Plan Width": 16, "Filter": "((o_comment)::text !~~ '%pending%deposits%'::text), (LLVM Optimized)"}]}, {"Node Type": "Hash", "Parent Relationship": "Inner", "Startup Cost": 38941.47, "Total Cost": 38941.47, "Plan Rows": 1500000, "Plan Width": 8, "Plans": [{"Node Type": "Streaming(type: LOCAL REDISTRIBUTE dop: 16/16)", "Parent Relationship": "Outer", "Startup Cost": 0.0, "Total Cost": 38941.47, "Plan Rows": 1500000, "Plan Width": 8, "Plans": [{"Node Type": "Seq Scan", "Parent Relationship": "Outer", "Relation Name": "customer", "Alias": "customer", "Startup Cost": 0.0, "Total Cost": 18257.88, "Plan Rows": 1500000, "Plan Width": 8}]}]}]}]}]}]}]}]}]}]}, "Unique SQL Id": 3026328400}, "explain_analyze_plan": {"Plan": {"Node Type": "Sort", "Startup Cost": 181208.12, "Total Cost": 181208.62, "Plan Rows": 200, "Plan Width": 16, "Actual Min Startup Time": 5326.787, "Actual Max Startup Time": 5326.787, "Actual Min Total Time": 5326.791, "Actual Max Total Time": 5326.791, "Actual Total Rows": 46, "Sort Key": ["(pg_catalog.count(*)) DESC", "c_orders.c_count DESC"], "Sort Method": "quicksort", "Sort Space Min Used": 27, "Sort Space Max Used": 27, "Sort Space Type": "Memory", "Plans": [{"Node Type": "Streaming(type: LOCAL GATHER dop: 1/16)", "Parent Relationship": "Outer", "Startup Cost": 181199.81, "Total Cost": 181200.48, "Plan Rows": 200, "Plan Width": 16, "Actual Min Startup Time": 5326.566, "Actual Max Startup Time": 5326.566, "Actual Min Total Time": 5326.733, "Actual Max Total Time": 5326.733, "Actual Total Rows": 46, "Plans": [{"Node Type": "Aggregate", "Strategy": "Hashed", "Parent Relationship": "Outer", "Startup Cost": 181199.81, "Total Cost": 181199.94, "Plan Rows": 200, "Plan Width": 16, "Actual Min Startup Time": 5227.186, "Actual Max Startup Time": 5248.484, "Actual Min Total Time": 5227.186, "Actual Max Total Time": 5248.485, "Actual Total Rows": 46, "Group By Key": ["c_orders.c_count"], "Plans": [{"Node Type": "Streaming(type: LOCAL REDISTRIBUTE dop: 16/16)", "Parent Relationship": "Outer", "Startup Cost": 181194.06, "Total Cost": 181199.75, "Plan Rows": 200, "Plan Width": 16, "Actual Min Startup Time": 5208.963, "Actual Max Startup Time": 5235.167, "Actual Min Total Time": 5227.054, "Actual Max Total Time": 5248.321, "Actual Total Rows": 655, "Plans": [{"Node Type": "Aggregate", "Strategy": "Hashed", "Parent Relationship": "Outer", "Startup Cost": 181194.06, "Total Cost": 181194.19, "Plan Rows": 200, "Plan Width": 16, "Actual Min Startup Time": 5164.415, "Actual Max Startup Time": 5242.866, "Actual Min Total Time": 5164.423, "Actual Max Total Time": 5242.875, "Actual Total Rows": 655, "Group By Key": ["c_orders.c_count"], "Plans": [{"Node Type": "Subquery Scan", "Parent Relationship": "Outer", "Alias": "c_orders", "Startup Cost": 164787.81, "Total Cost": 180725.31, "Plan Rows": 1500000, "Plan Width": 8, "Actual Min Startup Time": 5090.346, "Actual Max Startup Time": 5157.9, "Actual Min Total Time": 5137.583, "Actual Max Total Time": 5215.936, "Actual Total Rows": 1500000, "Plans": [{"Node Type": "Aggregate", "Strategy": "Hashed", "Parent Relationship": "Subquery", "Startup Cost": 164787.81, "Total Cost": 165725.31, "Plan Rows": 1500000, "Plan Width": 24, "Actual Min Startup Time": 5090.345, "Actual Max Startup Time": 5157.898, "Actual Min Total Time": 5120.636, "Actual Max Total Time": 5199.243, "Actual Total Rows": 1500000, "Group By Key": ["customer.c_custkey"], "Plans": [{"Node Type": "Hash Join", "Parent Relationship": "Outer", "Join Type": "Right", "Startup Cost": 40113.34, "Total Cost": 162803.34, "Plan Rows": 6350316, "Plan Width": 16, "Actual Min Startup Time": 140.725, "Actual Max Startup Time": 208.973, "Actual Min Total Time": 4462.349, "Actual Max Total Time": 4679.611, "Actual Total Rows": 15338153, "Inner Unique": true, "Hash Cond": "(orders.o_custkey = customer.c_custkey), (LLVM Optimized, Jit Execute)", "Plans": [{"Node Type": "Streaming(type: LOCAL REDISTRIBUTE dop: 16/16)", "Parent Relationship": "Outer", "Startup Cost": 0.0, "Total Cost": 115241.83, "Plan Rows": 14844648, "Plan Width": 16, "Actual Min Startup Time": 0.073, "Actual Max Startup Time": 0.41, "Actual Min Total Time": 3726.549, "Actual Max Total Time": 4061.024, "Actual Total Rows": 14838130, "Plans": [{"Node Type": "Seq Scan", "Parent Relationship": "Outer", "Relation Name": "orders", "Alias": "orders", "Startup Cost": 0.0, "Total Cost": 43994.53, "Plan Rows": 14844648, "Plan Width": 16, "Actual Min Startup Time": 0.028, "Actual Max Startup Time": 0.056, "Actual Min Total Time": 577.565, "Actual Max Total Time": 615.405, "Actual Total Rows": 14838130, "Filter": "((o_comment)::text !~~ '%pending%deposits%'::text), (LLVM Optimized, Jit Execute)", "Rows Removed by Filter": 161870}]}, {"Node Type": "Hash", "Parent Relationship": "Inner", "Startup Cost": 38941.47, "Total Cost": 38941.47, "Plan Rows": 1500000, "Plan Width": 8, "Actual Min Startup Time": 140.485, "Actual Max Startup Time": 208.721, "Actual Min Total Time": 140.485, "Actual Max Total Time": 208.721, "Actual Total Rows": 1500000, "Max Hash Buckets": 131072, "Min Hash Buckets": 131072, "Max Hash Batches": 1, "Min Hash Batches": 1, "Max Original Hash Batches": 1, "Min Original Hash Batches": 1, "Max Peak Memory Usage": 3670, "min Peak Memory Usage": 3670, "Plans": [{"Node Type": "Streaming(type: LOCAL REDISTRIBUTE dop: 16/16)", "Parent Relationship": "Outer", "Startup Cost": 0.0, "Total Cost": 38941.47, "Plan Rows": 1500000, "Plan Width": 8, "Actual Min Startup Time": 0.049, "Actual Max Startup Time": 56.373, "Actual Min Total Time": 115.611, "Actual Max Total Time": 187.631, "Actual Total Rows": 1500000, "Plans": [{"Node Type": "Seq Scan", "Parent Relationship": "Outer", "Relation Name": "customer", "Alias": "customer", "Startup Cost": 0.0, "Total Cost": 18257.88, "Plan Rows": 1500000, "Plan Width": 8, "Actual Min Startup Time": 0.014, "Actual Max Startup Time": 0.032, "Actual Min Total Time": 31.257, "Actual Max Total Time": 33.274, "Actual Total Rows": 1500000}]}]}]}]}]}]}]}]}]}]}, "Triggers": [], "Planner Runtime": 0.979, "Total Runtime": 5349.088, "Unique SQL Id": 3026328400}}, "(16, 45)": {"explain_plan": {"Plan": {"Node Type": "Sort", "Startup Cost": 1693649.37, "Total Cost": 1693649.87, "Plan Rows": 200, "Plan Width": 16, "Sort Key": ["(pg_catalog.count(*)) DESC", "c_orders.c_count DESC"], "Plans": [{"Node Type": "Streaming(type: LOCAL GATHER dop: 1/16)", "Parent Relationship": "Outer", "Startup Cost": 1693641.06, "Total Cost": 1693641.72, "Plan Rows": 200, "Plan Width": 16, "Plans": [{"Node Type": "Aggregate", "Strategy": "Hashed", "Parent Relationship": "Outer", "Startup Cost": 1693641.06, "Total Cost": 1693641.18, "Plan Rows": 200, "Plan Width": 16, "Group By Key": ["c_orders.c_count"], "Plans": [{"Node Type": "Streaming(type: LOCAL REDISTRIBUTE dop: 16/16)", "Parent Relationship": "Outer", "Startup Cost": 1693635.31, "Total Cost": 1693641.0, "Plan Rows": 200, "Plan Width": 16, "Plans": [{"Node Type": "Aggregate", "Strategy": "Hashed", "Parent Relationship": "Outer", "Startup Cost": 1693635.31, "Total Cost": 1693635.43, "Plan Rows": 200, "Plan Width": 16, "Group By Key": ["c_orders.c_count"], "Plans": [{"Node Type": "Subquery Scan", "Parent Relationship": "Outer", "Alias": "c_orders", "Startup Cost": 1677229.06, "Total Cost": 1693166.56, "Plan Rows": 1500000, "Plan Width": 8, "Plans": [{"Node Type": "Aggregate", "Strategy": "Hashed", "Parent Relationship": "Subquery", "Startup Cost": 1677229.06, "Total Cost": 1678166.56, "Plan Rows": 1500000, "Plan Width": 24, "Group By Key": ["customer.c_custkey"], "Plans": [{"Node Type": "Hash Join", "Parent Relationship": "Outer", "Join Type": "Right", "Startup Cost": 159310.28, "Total Cost": 1675244.58, "Plan Rows": 6350316, "Plan Width": 16, "Inner Unique": true, "Hash Cond": "(orders.o_custkey = customer.c_custkey), (LLVM Optimized)", "Plans": [{"Node Type": "Streaming(type: LOCAL REDISTRIBUTE dop: 16/16)", "Parent Relationship": "Outer", "Startup Cost": 0.0, "Total Cost": 1508486.14, "Plan Rows": 14844648, "Plan Width": 16, "Plans": [{"Node Type": "Index Scan", "Parent Relationship": "Outer", "Scan Direction": "Forward", "Index Name": "idx_orders_custkey", "Relation Name": "orders", "Alias": "orders", "Startup Cost": 0.0, "Total Cost": 1437238.84, "Plan Rows": 14844648, "Plan Width": 16, "Filter": "((o_comment)::text !~~ '%pending%deposits%'::text), (LLVM Optimized)"}]}, {"Node Type": "Hash", "Parent Relationship": "Inner", "Startup Cost": 158138.4, "Total Cost": 158138.4, "Plan Rows": 1500000, "Plan Width": 8, "Plans": [{"Node Type": "Streaming(type: LOCAL REDISTRIBUTE dop: 16/1)", "Parent Relationship": "Outer", "Startup Cost": 0.0, "Total Cost": 158138.4, "Plan Rows": 1500000, "Plan Width": 8, "Plans": [{"Node Type": "Index Scan", "Parent Relationship": "Outer", "Scan Direction": "Forward", "Index Name": "customer_pkey", "Relation Name": "customer", "Alias": "customer", "Startup Cost": 0.0, "Total Cost": 80765.36, "Plan Rows": 1500000, "Plan Width": 8}]}]}]}]}]}]}]}]}]}]}, "Unique SQL Id": 3026328400}, "explain_analyze_plan": null}, "(16, 46)": {"explain_plan": {"Plan": {"Node Type": "Sort", "Startup Cost": 181208.12, "Total Cost": 181208.62, "Plan Rows": 200, "Plan Width": 16, "Sort Key": ["(pg_catalog.count(*)) DESC", "c_orders.c_count DESC"], "Plans": [{"Node Type": "Streaming(type: LOCAL GATHER dop: 1/16)", "Parent Relationship": "Outer", "Startup Cost": 181199.81, "Total Cost": 181200.48, "Plan Rows": 200, "Plan Width": 16, "Plans": [{"Node Type": "Aggregate", "Strategy": "Hashed", "Parent Relationship": "Outer", "Startup Cost": 181199.81, "Total Cost": 181199.94, "Plan Rows": 200, "Plan Width": 16, "Group By Key": ["c_orders.c_count"], "Plans": [{"Node Type": "Streaming(type: LOCAL REDISTRIBUTE dop: 16/16)", "Parent Relationship": "Outer", "Startup Cost": 181194.06, "Total Cost": 181199.75, "Plan Rows": 200, "Plan Width": 16, "Plans": [{"Node Type": "Aggregate", "Strategy": "Hashed", "Parent Relationship": "Outer", "Startup Cost": 181194.06, "Total Cost": 181194.19, "Plan Rows": 200, "Plan Width": 16, "Group By Key": ["c_orders.c_count"], "Plans": [{"Node Type": "Subquery Scan", "Parent Relationship": "Outer", "Alias": "c_orders", "Startup Cost": 164787.81, "Total Cost": 180725.31, "Plan Rows": 1500000, "Plan Width": 8, "Plans": [{"Node Type": "Aggregate", "Strategy": "Hashed", "Parent Relationship": "Subquery", "Startup Cost": 164787.81, "Total Cost": 165725.31, "Plan Rows": 1500000, "Plan Width": 24, "Group By Key": ["customer.c_custkey"], "Plans": [{"Node Type": "Hash Join", "Parent Relationship": "Outer", "Join Type": "Right", "Startup Cost": 40113.34, "Total Cost": 162803.34, "Plan Rows": 6350316, "Plan Width": 16, "Inner Unique": true, "Hash Cond": "(orders.o_custkey = customer.c_custkey), (LLVM Optimized)", "Plans": [{"Node Type": "Streaming(type: LOCAL REDISTRIBUTE dop: 16/16)", "Parent Relationship": "Outer", "Startup Cost": 0.0, "Total Cost": 115241.83, "Plan Rows": 14844648, "Plan Width": 16, "Plans": [{"Node Type": "Seq Scan", "Parent Relationship": "Outer", "Relation Name": "orders", "Alias": "orders", "Startup Cost": 0.0, "Total Cost": 43994.53, "Plan Rows": 14844648, "Plan Width": 16, "Filter": "((o_comment)::text !~~ '%pending%deposits%'::text), (LLVM Optimized)"}]}, {"Node Type": "Hash", "Parent Relationship": "Inner", "Startup Cost": 38941.47, "Total Cost": 38941.47, "Plan Rows": 1500000, "Plan Width": 8, "Plans": [{"Node Type": "Streaming(type: LOCAL REDISTRIBUTE dop: 16/16)", "Parent Relationship": "Outer", "Startup Cost": 0.0, "Total Cost": 38941.47, "Plan Rows": 1500000, "Plan Width": 8, "Plans": [{"Node Type": "Seq Scan", "Parent Relationship": "Outer", "Relation Name": "customer", "Alias": "customer", "Startup Cost": 0.0, "Total Cost": 18257.88, "Plan Rows": 1500000, "Plan Width": 8}]}]}]}]}]}]}]}]}]}]}, "Unique SQL Id": 3026328400}, "explain_analyze_plan": {"Plan": {"Node Type": "Sort", "Startup Cost": 181208.12, "Total Cost": 181208.62, "Plan Rows": 200, "Plan Width": 16, "Actual Min Startup Time": 5326.787, "Actual Max Startup Time": 5326.787, "Actual Min Total Time": 5326.791, "Actual Max Total Time": 5326.791, "Actual Total Rows": 46, "Sort Key": ["(pg_catalog.count(*)) DESC", "c_orders.c_count DESC"], "Sort Method": "quicksort", "Sort Space Min Used": 27, "Sort Space Max Used": 27, "Sort Space Type": "Memory", "Plans": [{"Node Type": "Streaming(type: LOCAL GATHER dop: 1/16)", "Parent Relationship": "Outer", "Startup Cost": 181199.81, "Total Cost": 181200.48, "Plan Rows": 200, "Plan Width": 16, "Actual Min Startup Time": 5326.566, "Actual Max Startup Time": 5326.566, "Actual Min Total Time": 5326.733, "Actual Max Total Time": 5326.733, "Actual Total Rows": 46, "Plans": [{"Node Type": "Aggregate", "Strategy": "Hashed", "Parent Relationship": "Outer", "Startup Cost": 181199.81, "Total Cost": 181199.94, "Plan Rows": 200, "Plan Width": 16, "Actual Min Startup Time": 5227.186, "Actual Max Startup Time": 5248.484, "Actual Min Total Time": 5227.186, "Actual Max Total Time": 5248.485, "Actual Total Rows": 46, "Group By Key": ["c_orders.c_count"], "Plans": [{"Node Type": "Streaming(type: LOCAL REDISTRIBUTE dop: 16/16)", "Parent Relationship": "Outer", "Startup Cost": 181194.06, "Total Cost": 181199.75, "Plan Rows": 200, "Plan Width": 16, "Actual Min Startup Time": 5208.963, "Actual Max Startup Time": 5235.167, "Actual Min Total Time": 5227.054, "Actual Max Total Time": 5248.321, "Actual Total Rows": 655, "Plans": [{"Node Type": "Aggregate", "Strategy": "Hashed", "Parent Relationship": "Outer", "Startup Cost": 181194.06, "Total Cost": 181194.19, "Plan Rows": 200, "Plan Width": 16, "Actual Min Startup Time": 5164.415, "Actual Max Startup Time": 5242.866, "Actual Min Total Time": 5164.423, "Actual Max Total Time": 5242.875, "Actual Total Rows": 655, "Group By Key": ["c_orders.c_count"], "Plans": [{"Node Type": "Subquery Scan", "Parent Relationship": "Outer", "Alias": "c_orders", "Startup Cost": 164787.81, "Total Cost": 180725.31, "Plan Rows": 1500000, "Plan Width": 8, "Actual Min Startup Time": 5090.346, "Actual Max Startup Time": 5157.9, "Actual Min Total Time": 5137.583, "Actual Max Total Time": 5215.936, "Actual Total Rows": 1500000, "Plans": [{"Node Type": "Aggregate", "Strategy": "Hashed", "Parent Relationship": "Subquery", "Startup Cost": 164787.81, "Total Cost": 165725.31, "Plan Rows": 1500000, "Plan Width": 24, "Actual Min Startup Time": 5090.345, "Actual Max Startup Time": 5157.898, "Actual Min Total Time": 5120.636, "Actual Max Total Time": 5199.243, "Actual Total Rows": 1500000, "Group By Key": ["customer.c_custkey"], "Plans": [{"Node Type": "Hash Join", "Parent Relationship": "Outer", "Join Type": "Right", "Startup Cost": 40113.34, "Total Cost": 162803.34, "Plan Rows": 6350316, "Plan Width": 16, "Actual Min Startup Time": 140.725, "Actual Max Startup Time": 208.973, "Actual Min Total Time": 4462.349, "Actual Max Total Time": 4679.611, "Actual Total Rows": 15338153, "Inner Unique": true, "Hash Cond": "(orders.o_custkey = customer.c_custkey), (LLVM Optimized, Jit Execute)", "Plans": [{"Node Type": "Streaming(type: LOCAL REDISTRIBUTE dop: 16/16)", "Parent Relationship": "Outer", "Startup Cost": 0.0, "Total Cost": 115241.83, "Plan Rows": 14844648, "Plan Width": 16, "Actual Min Startup Time": 0.073, "Actual Max Startup Time": 0.41, "Actual Min Total Time": 3726.549, "Actual Max Total Time": 4061.024, "Actual Total Rows": 14838130, "Plans": [{"Node Type": "Seq Scan", "Parent Relationship": "Outer", "Relation Name": "orders", "Alias": "orders", "Startup Cost": 0.0, "Total Cost": 43994.53, "Plan Rows": 14844648, "Plan Width": 16, "Actual Min Startup Time": 0.028, "Actual Max Startup Time": 0.056, "Actual Min Total Time": 577.565, "Actual Max Total Time": 615.405, "Actual Total Rows": 14838130, "Filter": "((o_comment)::text !~~ '%pending%deposits%'::text), (LLVM Optimized, Jit Execute)", "Rows Removed by Filter": 161870}]}, {"Node Type": "Hash", "Parent Relationship": "Inner", "Startup Cost": 38941.47, "Total Cost": 38941.47, "Plan Rows": 1500000, "Plan Width": 8, "Actual Min Startup Time": 140.485, "Actual Max Startup Time": 208.721, "Actual Min Total Time": 140.485, "Actual Max Total Time": 208.721, "Actual Total Rows": 1500000, "Max Hash Buckets": 131072, "Min Hash Buckets": 131072, "Max Hash Batches": 1, "Min Hash Batches": 1, "Max Original Hash Batches": 1, "Min Original Hash Batches": 1, "Max Peak Memory Usage": 3670, "min Peak Memory Usage": 3670, "Plans": [{"Node Type": "Streaming(type: LOCAL REDISTRIBUTE dop: 16/16)", "Parent Relationship": "Outer", "Startup Cost": 0.0, "Total Cost": 38941.47, "Plan Rows": 1500000, "Plan Width": 8, "Actual Min Startup Time": 0.049, "Actual Max Startup Time": 56.373, "Actual Min Total Time": 115.611, "Actual Max Total Time": 187.631, "Actual Total Rows": 1500000, "Plans": [{"Node Type": "Seq Scan", "Parent Relationship": "Outer", "Relation Name": "customer", "Alias": "customer", "Startup Cost": 0.0, "Total Cost": 18257.88, "Plan Rows": 1500000, "Plan Width": 8, "Actual Min Startup Time": 0.014, "Actual Max Startup Time": 0.032, "Actual Min Total Time": 31.257, "Actual Max Total Time": 33.274, "Actual Total Rows": 1500000}]}]}]}]}]}]}]}]}]}]}, "Triggers": [], "Planner Runtime": 0.979, "Total Runtime": 5349.088, "Unique SQL Id": 3026328400}}, "(16, 47)": {"explain_plan": {"Plan": {"Node Type": "Sort", "Startup Cost": 2000168085116.27, "Total Cost": 2000168085116.77, "Plan Rows": 200, "Plan Width": 16, "Sort Key": ["(count(*)) DESC", "c_orders.c_count DESC"], "Plans": [{"Node Type": "Aggregate", "Strategy": "Hashed", "Parent Relationship": "Outer", "Startup Cost": 2000168085106.62, "Total Cost": 2000168085108.62, "Plan Rows": 200, "Plan Width": 16, "Group By Key": ["c_orders.c_count"], "Plans": [{"Node Type": "Subquery Scan", "Parent Relationship": "Outer", "Alias": "c_orders", "Startup Cost": 2000168047606.62, "Total Cost": 2000168077606.62, "Plan Rows": 1500000, "Plan Width": 8, "Plans": [{"Node Type": "Aggregate", "Strategy": "Hashed", "Parent Relationship": "Subquery", "Startup Cost": 2000168047606.62, "Total Cost": 2000168062606.62, "Plan Rows": 1500000, "Plan Width": 24, "Group By Key": ["customer.c_custkey"], "Plans": [{"Node Type": "Hash Join", "Parent Relationship": "Outer", "Join Type": "Right", "Startup Cost": 1010008095285.62, "Total Cost": 2000168015855.04, "Plan Rows": 6350316, "Plan Width": 16, "Inner Unique": true, "Hash Cond": "(orders.o_custkey = customer.c_custkey), (LLVM Optimized)", "Plans": [{"Node Type": "Index Scan", "Parent Relationship": "Outer", "Scan Direction": "Forward", "Index Name": "idx_orders_custkey", "Relation Name": "orders", "Alias": "orders", "Startup Cost": 10000000000.0, "Total Cost": 1000159801398.83, "Plan Rows": 14844648, "Plan Width": 16, "Filter": "((o_comment)::text !~~ '%pending%deposits%'::text), (LLVM Optimized)"}, {"Node Type": "Hash", "Parent Relationship": "Inner", "Startup Cost": 1000008076535.62, "Total Cost": 1000008076535.62, "Plan Rows": 1500000, "Plan Width": 8, "Plans": [{"Node Type": "Index Scan", "Parent Relationship": "Outer", "Scan Direction": "Forward", "Index Name": "customer_pkey", "Relation Name": "customer", "Alias": "customer", "Startup Cost": 10000000000.0, "Total Cost": 1000008076535.62, "Plan Rows": 1500000, "Plan Width": 8}]}]}]}]}]}]}, "Unique SQL Id": 3026328400}, "explain_analyze_plan": null}, "(16, 48)": {"explain_plan": {"Plan": {"Node Type": "Sort", "Startup Cost": 2003441.47, "Total Cost": 2003441.97, "Plan Rows": 200, "Plan Width": 16, "Sort Key": ["(count(*)) DESC", "c_orders.c_count DESC"], "Plans": [{"Node Type": "Aggregate", "Strategy": "Hashed", "Parent Relationship": "Outer", "Startup Cost": 2003431.83, "Total Cost": 2003433.83, "Plan Rows": 200, "Plan Width": 16, "Group By Key": ["c_orders.c_count"], "Plans": [{"Node Type": "Subquery Scan", "Parent Relationship": "Outer", "Alias": "c_orders", "Startup Cost": 1965931.83, "Total Cost": 1995931.83, "Plan Rows": 1500000, "Plan Width": 8, "Plans": [{"Node Type": "Aggregate", "Strategy": "Hashed", "Parent Relationship": "Subquery", "Startup Cost": 1965931.83, "Total Cost": 1980931.83, "Plan Rows": 1500000, "Plan Width": 24, "Group By Key": ["customer.c_custkey"], "Plans": [{"Node Type": "Nested Loop", "Parent Relationship": "Outer", "Join Type": "Left", "Startup Cost": 0.0, "Total Cost": 1934180.25, "Plan Rows": 6350316, "Plan Width": 16, "Inner Unique": false, "Plans": [{"Node Type": "Index Only Scan", "Parent Relationship": "Outer", "Scan Direction": "Forward", "Index Name": "customer_pkey", "Relation Name": "customer", "Alias": "customer", "Startup Cost": 0.0, "Total Cost": 43636.25, "Plan Rows": 1500000, "Plan Width": 8}, {"Node Type": "Index Scan", "Parent Relationship": "Inner", "Scan Direction": "Forward", "Index Name": "idx_orders_custkey", "Relation Name": "orders", "Alias": "orders", "Startup Cost": 0.0, "Total Cost": 1.22, "Plan Rows": 4, "Plan Width": 16, "Index Cond": "(customer.c_custkey = o_custkey)", "Filter": "((o_comment)::text !~~ '%pending%deposits%'::text)"}]}]}]}]}]}, "Unique SQL Id": 3026328400}, "explain_analyze_plan": null}, "(16, 49)": {"explain_plan": {"Plan": {"Node Type": "Sort", "Startup Cost": 2003441.47, "Total Cost": 2003441.97, "Plan Rows": 200, "Plan Width": 16, "Sort Key": ["(count(*)) DESC", "c_orders.c_count DESC"], "Plans": [{"Node Type": "Aggregate", "Strategy": "Hashed", "Parent Relationship": "Outer", "Startup Cost": 2003431.83, "Total Cost": 2003433.83, "Plan Rows": 200, "Plan Width": 16, "Group By Key": ["c_orders.c_count"], "Plans": [{"Node Type": "Subquery Scan", "Parent Relationship": "Outer", "Alias": "c_orders", "Startup Cost": 1965931.83, "Total Cost": 1995931.83, "Plan Rows": 1500000, "Plan Width": 8, "Plans": [{"Node Type": "Aggregate", "Strategy": "Hashed", "Parent Relationship": "Subquery", "Startup Cost": 1965931.83, "Total Cost": 1980931.83, "Plan Rows": 1500000, "Plan Width": 24, "Group By Key": ["customer.c_custkey"], "Plans": [{"Node Type": "Nested Loop", "Parent Relationship": "Outer", "Join Type": "Left", "Startup Cost": 0.0, "Total Cost": 1934180.25, "Plan Rows": 6350316, "Plan Width": 16, "Inner Unique": false, "Plans": [{"Node Type": "Index Only Scan", "Parent Relationship": "Outer", "Scan Direction": "Forward", "Index Name": "customer_pkey", "Relation Name": "customer", "Alias": "customer", "Startup Cost": 0.0, "Total Cost": 43636.25, "Plan Rows": 1500000, "Plan Width": 8}, {"Node Type": "Index Scan", "Parent Relationship": "Inner", "Scan Direction": "Forward", "Index Name": "idx_orders_custkey", "Relation Name": "orders", "Alias": "orders", "Startup Cost": 0.0, "Total Cost": 1.22, "Plan Rows": 4, "Plan Width": 16, "Index Cond": "(customer.c_custkey = o_custkey)", "Filter": "((o_comment)::text !~~ '%pending%deposits%'::text)"}]}]}]}]}]}, "Unique SQL Id": 3026328400}, "explain_analyze_plan": null}, "(16, 50)": {"explain_plan": {"Plan": {"Node Type": "Sort", "Startup Cost": 6921260.15, "Total Cost": 6921260.65, "Plan Rows": 200, "Plan Width": 16, "Sort Key": ["(count(*)) DESC", "c_orders.c_count DESC"], "Plans": [{"Node Type": "Aggregate", "Strategy": "Hashed", "Parent Relationship": "Outer", "Startup Cost": 6921250.5, "Total Cost": 6921252.5, "Plan Rows": 200, "Plan Width": 16, "Group By Key": ["c_orders.c_count"], "Plans": [{"Node Type": "Subquery Scan", "Parent Relationship": "Outer", "Alias": "c_orders", "Startup Cost": 6883750.5, "Total Cost": 6913750.5, "Plan Rows": 1500000, "Plan Width": 8, "Plans": [{"Node Type": "Aggregate", "Strategy": "Hashed", "Parent Relationship": "Subquery", "Startup Cost": 6883750.5, "Total Cost": 6898750.5, "Plan Rows": 1500000, "Plan Width": 24, "Group By Key": ["customer.c_custkey"], "Plans": [{"Node Type": "Nested Loop", "Parent Relationship": "Outer", "Join Type": "Left", "Startup Cost": 0.43, "Total Cost": 6851998.92, "Plan Rows": 6350316, "Plan Width": 16, "Inner Unique": false, "Plans": [{"Node Type": "Streaming(type: LOCAL GATHER dop: 1/16)", "Parent Relationship": "Outer", "Startup Cost": 0.0, "Total Cost": 50630.92, "Plan Rows": 1500000, "Plan Width": 8, "Plans": [{"Node Type": "Seq Scan", "Parent Relationship": "Outer", "Relation Name": "customer", "Alias": "customer", "Startup Cost": 0.0, "Total Cost": 18257.88, "Plan Rows": 1500000, "Plan Width": 8}]}, {"Node Type": "Bitmap Heap Scan", "Parent Relationship": "Inner", "Relation Name": "orders", "Alias": "orders", "Startup Cost": 0.43, "Total Cost": 4.49, "Plan Rows": 4, "Plan Width": 16, "Recheck Cond": "(customer.c_custkey = o_custkey)", "Filter": "((o_comment)::text !~~ '%pending%deposits%'::text)", "Plans": [{"Node Type": "Bitmap Index Scan", "Parent Relationship": "Outer", "Index Name": "idx_orders_custkey", "Startup Cost": 0.0, "Total Cost": 0.43, "Plan Rows": 4, "Plan Width": 0, "Index Cond": "(customer.c_custkey = o_custkey)"}]}]}]}]}]}]}, "Unique SQL Id": 3026328400}, "explain_analyze_plan": null}, "(16, 51)": {"explain_plan": {"Plan": {"Node Type": "Sort", "Startup Cost": 6951766.47, "Total Cost": 6951766.97, "Plan Rows": 200, "Plan Width": 16, "Sort Key": ["(count(*)) DESC", "c_orders.c_count DESC"], "Plans": [{"Node Type": "Aggregate", "Strategy": "Hashed", "Parent Relationship": "Outer", "Startup Cost": 6951756.83, "Total Cost": 6951758.83, "Plan Rows": 200, "Plan Width": 16, "Group By Key": ["c_orders.c_count"], "Plans": [{"Node Type": "Subquery Scan", "Parent Relationship": "Outer", "Alias": "c_orders", "Startup Cost": 6914256.83, "Total Cost": 6944256.83, "Plan Rows": 1500000, "Plan Width": 8, "Plans": [{"Node Type": "Aggregate", "Strategy": "Hashed", "Parent Relationship": "Subquery", "Startup Cost": 6914256.83, "Total Cost": 6929256.83, "Plan Rows": 1500000, "Plan Width": 24, "Group By Key": ["customer.c_custkey"], "Plans": [{"Node Type": "Nested Loop", "Parent Relationship": "Outer", "Join Type": "Left", "Startup Cost": 29011.68, "Total Cost": 6882505.25, "Plan Rows": 6350316, "Plan Width": 16, "Inner Unique": false, "Plans": [{"Node Type": "Bitmap Heap Scan", "Parent Relationship": "Outer", "Relation Name": "customer", "Alias": "customer", "Startup Cost": 29011.25, "Total Cost": 81137.25, "Plan Rows": 1500000, "Plan Width": 8, "Plans": [{"Node Type": "Bitmap Index Scan", "Parent Relationship": "Outer", "Index Name": "customer_pkey", "Startup Cost": 0.0, "Total Cost": 28636.25, "Plan Rows": 1500000, "Plan Width": 0}]}, {"Node Type": "Bitmap Heap Scan", "Parent Relationship": "Inner", "Relation Name": "orders", "Alias": "orders", "Startup Cost": 0.43, "Total Cost": 4.49, "Plan Rows": 4, "Plan Width": 16, "Recheck Cond": "(customer.c_custkey = o_custkey)", "Filter": "((o_comment)::text !~~ '%pending%deposits%'::text)", "Plans": [{"Node Type": "Bitmap Index Scan", "Parent Relationship": "Outer", "Index Name": "idx_orders_custkey", "Startup Cost": 0.0, "Total Cost": 0.43, "Plan Rows": 4, "Plan Width": 0, "Index Cond": "(customer.c_custkey = o_custkey)"}]}]}]}]}]}]}, "Unique SQL Id": 3026328400}, "explain_analyze_plan": null}, "(16, 52)": {"explain_plan": {"Plan": {"Node Type": "Sort", "Startup Cost": 2010436.15, "Total Cost": 2010436.65, "Plan Rows": 200, "Plan Width": 16, "Sort Key": ["(count(*)) DESC", "c_orders.c_count DESC"], "Plans": [{"Node Type": "Aggregate", "Strategy": "Hashed", "Parent Relationship": "Outer", "Startup Cost": 2010426.5, "Total Cost": 2010428.5, "Plan Rows": 200, "Plan Width": 16, "Group By Key": ["c_orders.c_count"], "Plans": [{"Node Type": "Subquery Scan", "Parent Relationship": "Outer", "Alias": "c_orders", "Startup Cost": 1972926.5, "Total Cost": 2002926.5, "Plan Rows": 1500000, "Plan Width": 8, "Plans": [{"Node Type": "Aggregate", "Strategy": "Hashed", "Parent Relationship": "Subquery", "Startup Cost": 1972926.5, "Total Cost": 1987926.5, "Plan Rows": 1500000, "Plan Width": 24, "Group By Key": ["customer.c_custkey"], "Plans": [{"Node Type": "Nested Loop", "Parent Relationship": "Outer", "Join Type": "Left", "Startup Cost": 0.0, "Total Cost": 1941174.92, "Plan Rows": 6350316, "Plan Width": 16, "Inner Unique": false, "Plans": [{"Node Type": "Streaming(type: LOCAL GATHER dop: 1/16)", "Parent Relationship": "Outer", "Startup Cost": 0.0, "Total Cost": 50630.92, "Plan Rows": 1500000, "Plan Width": 8, "Plans": [{"Node Type": "Seq Scan", "Parent Relationship": "Outer", "Relation Name": "customer", "Alias": "customer", "Startup Cost": 0.0, "Total Cost": 18257.88, "Plan Rows": 1500000, "Plan Width": 8}]}, {"Node Type": "Index Scan", "Parent Relationship": "Inner", "Scan Direction": "Forward", "Index Name": "idx_orders_custkey", "Relation Name": "orders", "Alias": "orders", "Startup Cost": 0.0, "Total Cost": 1.22, "Plan Rows": 4, "Plan Width": 16, "Index Cond": "(customer.c_custkey = o_custkey)", "Filter": "((o_comment)::text !~~ '%pending%deposits%'::text)"}]}]}]}]}]}, "Unique SQL Id": 3026328400}, "explain_analyze_plan": null}, "(16, 53)": {"explain_plan": {"Plan": {"Node Type": "Sort", "Startup Cost": 2040570.58, "Total Cost": 2040571.08, "Plan Rows": 200, "Plan Width": 16, "Sort Key": ["(count(*)) DESC", "c_orders.c_count DESC"], "Plans": [{"Node Type": "Aggregate", "Strategy": "Hashed", "Parent Relationship": "Outer", "Startup Cost": 2040560.94, "Total Cost": 2040562.94, "Plan Rows": 200, "Plan Width": 16, "Group By Key": ["c_orders.c_count"], "Plans": [{"Node Type": "Subquery Scan", "Parent Relationship": "Outer", "Alias": "c_orders", "Startup Cost": 2003060.94, "Total Cost": 2033060.94, "Plan Rows": 1500000, "Plan Width": 8, "Plans": [{"Node Type": "Aggregate", "Strategy": "Hashed", "Parent Relationship": "Subquery", "Startup Cost": 2003060.94, "Total Cost": 2018060.94, "Plan Rows": 1500000, "Plan Width": 24, "Group By Key": ["customer.c_custkey"], "Plans": [{"Node Type": "Nested Loop", "Parent Relationship": "Outer", "Join Type": "Left", "Startup Cost": 0.0, "Total Cost": 1971309.36, "Plan Rows": 6350316, "Plan Width": 16, "Inner Unique": false, "Plans": [{"Node Type": "Index Scan", "Parent Relationship": "Outer", "Scan Direction": "Forward", "Index Name": "customer_pkey", "Relation Name": "customer", "Alias": "customer", "Startup Cost": 0.0, "Total Cost": 80765.36, "Plan Rows": 1500000, "Plan Width": 8}, {"Node Type": "Index Scan", "Parent Relationship": "Inner", "Scan Direction": "Forward", "Index Name": "idx_orders_custkey", "Relation Name": "orders", "Alias": "orders", "Startup Cost": 0.0, "Total Cost": 1.22, "Plan Rows": 4, "Plan Width": 16, "Index Cond": "(customer.c_custkey = o_custkey)", "Filter": "((o_comment)::text !~~ '%pending%deposits%'::text)"}]}]}]}]}]}, "Unique SQL Id": 3026328400}, "explain_analyze_plan": null}, "(16, 54)": {"explain_plan": {"Plan": {"Node Type": "Sort", "Startup Cost": 6921260.15, "Total Cost": 6921260.65, "Plan Rows": 200, "Plan Width": 16, "Sort Key": ["(count(*)) DESC", "c_orders.c_count DESC"], "Plans": [{"Node Type": "Aggregate", "Strategy": "Hashed", "Parent Relationship": "Outer", "Startup Cost": 6921250.5, "Total Cost": 6921252.5, "Plan Rows": 200, "Plan Width": 16, "Group By Key": ["c_orders.c_count"], "Plans": [{"Node Type": "Subquery Scan", "Parent Relationship": "Outer", "Alias": "c_orders", "Startup Cost": 6883750.5, "Total Cost": 6913750.5, "Plan Rows": 1500000, "Plan Width": 8, "Plans": [{"Node Type": "Aggregate", "Strategy": "Hashed", "Parent Relationship": "Subquery", "Startup Cost": 6883750.5, "Total Cost": 6898750.5, "Plan Rows": 1500000, "Plan Width": 24, "Group By Key": ["customer.c_custkey"], "Plans": [{"Node Type": "Nested Loop", "Parent Relationship": "Outer", "Join Type": "Left", "Startup Cost": 0.43, "Total Cost": 6851998.92, "Plan Rows": 6350316, "Plan Width": 16, "Inner Unique": false, "Plans": [{"Node Type": "Streaming(type: LOCAL GATHER dop: 1/16)", "Parent Relationship": "Outer", "Startup Cost": 0.0, "Total Cost": 50630.92, "Plan Rows": 1500000, "Plan Width": 8, "Plans": [{"Node Type": "Seq Scan", "Parent Relationship": "Outer", "Relation Name": "customer", "Alias": "customer", "Startup Cost": 0.0, "Total Cost": 18257.88, "Plan Rows": 1500000, "Plan Width": 8}]}, {"Node Type": "Bitmap Heap Scan", "Parent Relationship": "Inner", "Relation Name": "orders", "Alias": "orders", "Startup Cost": 0.43, "Total Cost": 4.49, "Plan Rows": 4, "Plan Width": 16, "Recheck Cond": "(customer.c_custkey = o_custkey)", "Filter": "((o_comment)::text !~~ '%pending%deposits%'::text)", "Plans": [{"Node Type": "Bitmap Index Scan", "Parent Relationship": "Outer", "Index Name": "idx_orders_custkey", "Startup Cost": 0.0, "Total Cost": 0.43, "Plan Rows": 4, "Plan Width": 0, "Index Cond": "(customer.c_custkey = o_custkey)"}]}]}]}]}]}]}, "Unique SQL Id": 3026328400}, "explain_analyze_plan": null}, "(16, 55)": {"explain_plan": {"Plan": {"Node Type": "Sort", "Startup Cost": 6951766.47, "Total Cost": 6951766.97, "Plan Rows": 200, "Plan Width": 16, "Sort Key": ["(count(*)) DESC", "c_orders.c_count DESC"], "Plans": [{"Node Type": "Aggregate", "Strategy": "Hashed", "Parent Relationship": "Outer", "Startup Cost": 6951756.83, "Total Cost": 6951758.83, "Plan Rows": 200, "Plan Width": 16, "Group By Key": ["c_orders.c_count"], "Plans": [{"Node Type": "Subquery Scan", "Parent Relationship": "Outer", "Alias": "c_orders", "Startup Cost": 6914256.83, "Total Cost": 6944256.83, "Plan Rows": 1500000, "Plan Width": 8, "Plans": [{"Node Type": "Aggregate", "Strategy": "Hashed", "Parent Relationship": "Subquery", "Startup Cost": 6914256.83, "Total Cost": 6929256.83, "Plan Rows": 1500000, "Plan Width": 24, "Group By Key": ["customer.c_custkey"], "Plans": [{"Node Type": "Nested Loop", "Parent Relationship": "Outer", "Join Type": "Left", "Startup Cost": 29011.68, "Total Cost": 6882505.25, "Plan Rows": 6350316, "Plan Width": 16, "Inner Unique": false, "Plans": [{"Node Type": "Bitmap Heap Scan", "Parent Relationship": "Outer", "Relation Name": "customer", "Alias": "customer", "Startup Cost": 29011.25, "Total Cost": 81137.25, "Plan Rows": 1500000, "Plan Width": 8, "Plans": [{"Node Type": "Bitmap Index Scan", "Parent Relationship": "Outer", "Index Name": "customer_pkey", "Startup Cost": 0.0, "Total Cost": 28636.25, "Plan Rows": 1500000, "Plan Width": 0}]}, {"Node Type": "Bitmap Heap Scan", "Parent Relationship": "Inner", "Relation Name": "orders", "Alias": "orders", "Startup Cost": 0.43, "Total Cost": 4.49, "Plan Rows": 4, "Plan Width": 16, "Recheck Cond": "(customer.c_custkey = o_custkey)", "Filter": "((o_comment)::text !~~ '%pending%deposits%'::text)", "Plans": [{"Node Type": "Bitmap Index Scan", "Parent Relationship": "Outer", "Index Name": "idx_orders_custkey", "Startup Cost": 0.0, "Total Cost": 0.43, "Plan Rows": 4, "Plan Width": 0, "Index Cond": "(customer.c_custkey = o_custkey)"}]}]}]}]}]}]}, "Unique SQL Id": 3026328400}, "explain_analyze_plan": null}, "(16, 56)": {"explain_plan": {"Plan": {"Node Type": "Sort", "Startup Cost": 2003441.47, "Total Cost": 2003441.97, "Plan Rows": 200, "Plan Width": 16, "Sort Key": ["(count(*)) DESC", "c_orders.c_count DESC"], "Plans": [{"Node Type": "Aggregate", "Strategy": "Hashed", "Parent Relationship": "Outer", "Startup Cost": 2003431.83, "Total Cost": 2003433.83, "Plan Rows": 200, "Plan Width": 16, "Group By Key": ["c_orders.c_count"], "Plans": [{"Node Type": "Subquery Scan", "Parent Relationship": "Outer", "Alias": "c_orders", "Startup Cost": 1965931.83, "Total Cost": 1995931.83, "Plan Rows": 1500000, "Plan Width": 8, "Plans": [{"Node Type": "Aggregate", "Strategy": "Hashed", "Parent Relationship": "Subquery", "Startup Cost": 1965931.83, "Total Cost": 1980931.83, "Plan Rows": 1500000, "Plan Width": 24, "Group By Key": ["customer.c_custkey"], "Plans": [{"Node Type": "Nested Loop", "Parent Relationship": "Outer", "Join Type": "Left", "Startup Cost": 0.0, "Total Cost": 1934180.25, "Plan Rows": 6350316, "Plan Width": 16, "Inner Unique": false, "Plans": [{"Node Type": "Index Only Scan", "Parent Relationship": "Outer", "Scan Direction": "Forward", "Index Name": "customer_pkey", "Relation Name": "customer", "Alias": "customer", "Startup Cost": 0.0, "Total Cost": 43636.25, "Plan Rows": 1500000, "Plan Width": 8}, {"Node Type": "Index Scan", "Parent Relationship": "Inner", "Scan Direction": "Forward", "Index Name": "idx_orders_custkey", "Relation Name": "orders", "Alias": "orders", "Startup Cost": 0.0, "Total Cost": 1.22, "Plan Rows": 4, "Plan Width": 16, "Index Cond": "(customer.c_custkey = o_custkey)", "Filter": "((o_comment)::text !~~ '%pending%deposits%'::text)"}]}]}]}]}]}, "Unique SQL Id": 3026328400}, "explain_analyze_plan": null}, "(16, 57)": {"explain_plan": {"Plan": {"Node Type": "Sort", "Startup Cost": 2003441.47, "Total Cost": 2003441.97, "Plan Rows": 200, "Plan Width": 16, "Sort Key": ["(count(*)) DESC", "c_orders.c_count DESC"], "Plans": [{"Node Type": "Aggregate", "Strategy": "Hashed", "Parent Relationship": "Outer", "Startup Cost": 2003431.83, "Total Cost": 2003433.83, "Plan Rows": 200, "Plan Width": 16, "Group By Key": ["c_orders.c_count"], "Plans": [{"Node Type": "Subquery Scan", "Parent Relationship": "Outer", "Alias": "c_orders", "Startup Cost": 1965931.83, "Total Cost": 1995931.83, "Plan Rows": 1500000, "Plan Width": 8, "Plans": [{"Node Type": "Aggregate", "Strategy": "Hashed", "Parent Relationship": "Subquery", "Startup Cost": 1965931.83, "Total Cost": 1980931.83, "Plan Rows": 1500000, "Plan Width": 24, "Group By Key": ["customer.c_custkey"], "Plans": [{"Node Type": "Nested Loop", "Parent Relationship": "Outer", "Join Type": "Left", "Startup Cost": 0.0, "Total Cost": 1934180.25, "Plan Rows": 6350316, "Plan Width": 16, "Inner Unique": false, "Plans": [{"Node Type": "Index Only Scan", "Parent Relationship": "Outer", "Scan Direction": "Forward", "Index Name": "customer_pkey", "Relation Name": "customer", "Alias": "customer", "Startup Cost": 0.0, "Total Cost": 43636.25, "Plan Rows": 1500000, "Plan Width": 8}, {"Node Type": "Index Scan", "Parent Relationship": "Inner", "Scan Direction": "Forward", "Index Name": "idx_orders_custkey", "Relation Name": "orders", "Alias": "orders", "Startup Cost": 0.0, "Total Cost": 1.22, "Plan Rows": 4, "Plan Width": 16, "Index Cond": "(customer.c_custkey = o_custkey)", "Filter": "((o_comment)::text !~~ '%pending%deposits%'::text)"}]}]}]}]}]}, "Unique SQL Id": 3026328400}, "explain_analyze_plan": null}, "(16, 58)": {"explain_plan": {"Plan": {"Node Type": "Sort", "Startup Cost": 1304880298.18, "Total Cost": 1304880298.68, "Plan Rows": 200, "Plan Width": 16, "Sort Key": ["(pg_catalog.count(*)) DESC", "c_orders.c_count DESC"], "Plans": [{"Node Type": "Streaming(type: LOCAL GATHER dop: 1/16)", "Parent Relationship": "Outer", "Startup Cost": 1304880289.87, "Total Cost": 1304880290.54, "Plan Rows": 200, "Plan Width": 16, "Plans": [{"Node Type": "Aggregate", "Strategy": "Hashed", "Parent Relationship": "Outer", "Startup Cost": 1304880289.87, "Total Cost": 1304880290.0, "Plan Rows": 200, "Plan Width": 16, "Group By Key": ["c_orders.c_count"], "Plans": [{"Node Type": "Streaming(type: LOCAL REDISTRIBUTE dop: 16/16)", "Parent Relationship": "Outer", "Startup Cost": 1304880284.12, "Total Cost": 1304880289.81, "Plan Rows": 200, "Plan Width": 16, "Plans": [{"Node Type": "Aggregate", "Strategy": "Hashed", "Parent Relationship": "Outer", "Startup Cost": 1304880284.12, "Total Cost": 1304880284.25, "Plan Rows": 200, "Plan Width": 16, "Group By Key": ["c_orders.c_count"], "Plans": [{"Node Type": "Subquery Scan", "Parent Relationship": "Outer", "Alias": "c_orders", "Startup Cost": 1304863877.87, "Total Cost": 1304879815.37, "Plan Rows": 1500000, "Plan Width": 8, "Plans": [{"Node Type": "Aggregate", "Strategy": "Hashed", "Parent Relationship": "Subquery", "Startup Cost": 1304863877.87, "Total Cost": 1304864815.37, "Plan Rows": 1500000, "Plan Width": 24, "Group By Key": ["customer.c_custkey"], "Plans": [{"Node Type": "Nested Loop", "Parent Relationship": "Outer", "Join Type": "Left", "Startup Cost": 0.0, "Total Cost": 1304861893.4, "Plan Rows": 6350316, "Plan Width": 16, "Inner Unique": false, "Join Filter": "(customer.c_custkey = orders.o_custkey), (LLVM Optimized)", "Plans": [{"Node Type": "Streaming(type: LOCAL REDISTRIBUTE dop: 16/16)", "Parent Relationship": "Outer", "Startup Cost": 0.0, "Total Cost": 38941.47, "Plan Rows": 1500000, "Plan Width": 8, "Plans": [{"Node Type": "Seq Scan", "Parent Relationship": "Outer", "Relation Name": "customer", "Alias": "customer", "Startup Cost": 0.0, "Total Cost": 18257.88, "Plan Rows": 1500000, "Plan Width": 8}]}, {"Node Type": "Materialize", "Parent Relationship": "Inner", "Startup Cost": 0.0, "Total Cost": 119880.78, "Plan Rows": 14844648, "Plan Width": 16, "Plans": [{"Node Type": "Streaming(type: LOCAL REDISTRIBUTE dop: 16/16)", "Parent Relationship": "Outer", "Startup Cost": 0.0, "Total Cost": 115241.83, "Plan Rows": 14844648, "Plan Width": 16, "Plans": [{"Node Type": "Seq Scan", "Parent Relationship": "Outer", "Relation Name": "orders", "Alias": "orders", "Startup Cost": 0.0, "Total Cost": 43994.53, "Plan Rows": 14844648, "Plan Width": 16, "Filter": "((o_comment)::text !~~ '%pending%deposits%'::text), (LLVM Optimized)"}]}]}]}]}]}]}]}]}]}]}, "Unique SQL Id": 3026328400}, "explain_analyze_plan": null}, "(16, 59)": {"explain_plan": {"Plan": {"Node Type": "Sort", "Startup Cost": 2334168851396.68, "Total Cost": 2334168851397.18, "Plan Rows": 200, "Plan Width": 16, "Sort Key": ["(count(*)) DESC", "c_orders.c_count DESC"], "Plans": [{"Node Type": "Aggregate", "Strategy": "Hashed", "Parent Relationship": "Outer", "Startup Cost": 2334168851387.03, "Total Cost": 2334168851389.03, "Plan Rows": 200, "Plan Width": 16, "Group By Key": ["c_orders.c_count"], "Plans": [{"Node Type": "Subquery Scan", "Parent Relationship": "Outer", "Alias": "c_orders", "Startup Cost": 2334168813887.03, "Total Cost": 2334168843887.03, "Plan Rows": 1500000, "Plan Width": 8, "Plans": [{"Node Type": "Aggregate", "Strategy": "Hashed", "Parent Relationship": "Subquery", "Startup Cost": 2334168813887.03, "Total Cost": 2334168828887.03, "Plan Rows": 1500000, "Plan Width": 24, "Group By Key": ["customer.c_custkey"], "Plans": [{"Node Type": "Nested Loop", "Parent Relationship": "Outer", "Join Type": "Left", "Startup Cost": 20000000000.0, "Total Cost": 2334168782135.45, "Plan Rows": 6350316, "Plan Width": 16, "Inner Unique": false, "Join Filter": "(customer.c_custkey = orders.o_custkey), (LLVM Optimized)", "Plans": [{"Node Type": "Index Only Scan", "Parent Relationship": "Outer", "Scan Direction": "Forward", "Index Name": "customer_pkey", "Relation Name": "customer", "Alias": "customer", "Startup Cost": 10000000000.0, "Total Cost": 1000004363625.0, "Plan Rows": 1500000, "Plan Width": 8}, {"Node Type": "Materialize", "Parent Relationship": "Inner", "Startup Cost": 10000000000.0, "Total Cost": 1000159875622.07, "Plan Rows": 14844648, "Plan Width": 16, "Plans": [{"Node Type": "Index Scan", "Parent Relationship": "Outer", "Scan Direction": "Forward", "Index Name": "idx_orders_custkey", "Relation Name": "orders", "Alias": "orders", "Startup Cost": 10000000000.0, "Total Cost": 1000159801398.83, "Plan Rows": 14844648, "Plan Width": 16, "Filter": "((o_comment)::text !~~ '%pending%deposits%'::text), (LLVM Optimized)"}]}]}]}]}]}]}, "Unique SQL Id": 3026328400}, "explain_analyze_plan": null}, "(16, 60)": {"explain_plan": {"Plan": {"Node Type": "Sort", "Startup Cost": 2010436.15, "Total Cost": 2010436.65, "Plan Rows": 200, "Plan Width": 16, "Sort Key": ["(count(*)) DESC", "c_orders.c_count DESC"], "Plans": [{"Node Type": "Aggregate", "Strategy": "Hashed", "Parent Relationship": "Outer", "Startup Cost": 2010426.5, "Total Cost": 2010428.5, "Plan Rows": 200, "Plan Width": 16, "Group By Key": ["c_orders.c_count"], "Plans": [{"Node Type": "Subquery Scan", "Parent Relationship": "Outer", "Alias": "c_orders", "Startup Cost": 1972926.5, "Total Cost": 2002926.5, "Plan Rows": 1500000, "Plan Width": 8, "Plans": [{"Node Type": "Aggregate", "Strategy": "Hashed", "Parent Relationship": "Subquery", "Startup Cost": 1972926.5, "Total Cost": 1987926.5, "Plan Rows": 1500000, "Plan Width": 24, "Group By Key": ["customer.c_custkey"], "Plans": [{"Node Type": "Nested Loop", "Parent Relationship": "Outer", "Join Type": "Left", "Startup Cost": 0.0, "Total Cost": 1941174.92, "Plan Rows": 6350316, "Plan Width": 16, "Inner Unique": false, "Plans": [{"Node Type": "Streaming(type: LOCAL GATHER dop: 1/16)", "Parent Relationship": "Outer", "Startup Cost": 0.0, "Total Cost": 50630.92, "Plan Rows": 1500000, "Plan Width": 8, "Plans": [{"Node Type": "Seq Scan", "Parent Relationship": "Outer", "Relation Name": "customer", "Alias": "customer", "Startup Cost": 0.0, "Total Cost": 18257.88, "Plan Rows": 1500000, "Plan Width": 8}]}, {"Node Type": "Index Scan", "Parent Relationship": "Inner", "Scan Direction": "Forward", "Index Name": "idx_orders_custkey", "Relation Name": "orders", "Alias": "orders", "Startup Cost": 0.0, "Total Cost": 1.22, "Plan Rows": 4, "Plan Width": 16, "Index Cond": "(customer.c_custkey = o_custkey)", "Filter": "((o_comment)::text !~~ '%pending%deposits%'::text)"}]}]}]}]}]}, "Unique SQL Id": 3026328400}, "explain_analyze_plan": null}, "(16, 61)": {"explain_plan": {"Plan": {"Node Type": "Sort", "Startup Cost": 2040570.58, "Total Cost": 2040571.08, "Plan Rows": 200, "Plan Width": 16, "Sort Key": ["(count(*)) DESC", "c_orders.c_count DESC"], "Plans": [{"Node Type": "Aggregate", "Strategy": "Hashed", "Parent Relationship": "Outer", "Startup Cost": 2040560.94, "Total Cost": 2040562.94, "Plan Rows": 200, "Plan Width": 16, "Group By Key": ["c_orders.c_count"], "Plans": [{"Node Type": "Subquery Scan", "Parent Relationship": "Outer", "Alias": "c_orders", "Startup Cost": 2003060.94, "Total Cost": 2033060.94, "Plan Rows": 1500000, "Plan Width": 8, "Plans": [{"Node Type": "Aggregate", "Strategy": "Hashed", "Parent Relationship": "Subquery", "Startup Cost": 2003060.94, "Total Cost": 2018060.94, "Plan Rows": 1500000, "Plan Width": 24, "Group By Key": ["customer.c_custkey"], "Plans": [{"Node Type": "Nested Loop", "Parent Relationship": "Outer", "Join Type": "Left", "Startup Cost": 0.0, "Total Cost": 1971309.36, "Plan Rows": 6350316, "Plan Width": 16, "Inner Unique": false, "Plans": [{"Node Type": "Index Scan", "Parent Relationship": "Outer", "Scan Direction": "Forward", "Index Name": "customer_pkey", "Relation Name": "customer", "Alias": "customer", "Startup Cost": 0.0, "Total Cost": 80765.36, "Plan Rows": 1500000, "Plan Width": 8}, {"Node Type": "Index Scan", "Parent Relationship": "Inner", "Scan Direction": "Forward", "Index Name": "idx_orders_custkey", "Relation Name": "orders", "Alias": "orders", "Startup Cost": 0.0, "Total Cost": 1.22, "Plan Rows": 4, "Plan Width": 16, "Index Cond": "(customer.c_custkey = o_custkey)", "Filter": "((o_comment)::text !~~ '%pending%deposits%'::text)"}]}]}]}]}]}, "Unique SQL Id": 3026328400}, "explain_analyze_plan": null}, "(16, 62)": {"explain_plan": {"Plan": {"Node Type": "Sort", "Startup Cost": 1304880298.18, "Total Cost": 1304880298.68, "Plan Rows": 200, "Plan Width": 16, "Sort Key": ["(pg_catalog.count(*)) DESC", "c_orders.c_count DESC"], "Plans": [{"Node Type": "Streaming(type: LOCAL GATHER dop: 1/16)", "Parent Relationship": "Outer", "Startup Cost": 1304880289.87, "Total Cost": 1304880290.54, "Plan Rows": 200, "Plan Width": 16, "Plans": [{"Node Type": "Aggregate", "Strategy": "Hashed", "Parent Relationship": "Outer", "Startup Cost": 1304880289.87, "Total Cost": 1304880290.0, "Plan Rows": 200, "Plan Width": 16, "Group By Key": ["c_orders.c_count"], "Plans": [{"Node Type": "Streaming(type: LOCAL REDISTRIBUTE dop: 16/16)", "Parent Relationship": "Outer", "Startup Cost": 1304880284.12, "Total Cost": 1304880289.81, "Plan Rows": 200, "Plan Width": 16, "Plans": [{"Node Type": "Aggregate", "Strategy": "Hashed", "Parent Relationship": "Outer", "Startup Cost": 1304880284.12, "Total Cost": 1304880284.25, "Plan Rows": 200, "Plan Width": 16, "Group By Key": ["c_orders.c_count"], "Plans": [{"Node Type": "Subquery Scan", "Parent Relationship": "Outer", "Alias": "c_orders", "Startup Cost": 1304863877.87, "Total Cost": 1304879815.37, "Plan Rows": 1500000, "Plan Width": 8, "Plans": [{"Node Type": "Aggregate", "Strategy": "Hashed", "Parent Relationship": "Subquery", "Startup Cost": 1304863877.87, "Total Cost": 1304864815.37, "Plan Rows": 1500000, "Plan Width": 24, "Group By Key": ["customer.c_custkey"], "Plans": [{"Node Type": "Nested Loop", "Parent Relationship": "Outer", "Join Type": "Left", "Startup Cost": 0.0, "Total Cost": 1304861893.4, "Plan Rows": 6350316, "Plan Width": 16, "Inner Unique": false, "Join Filter": "(customer.c_custkey = orders.o_custkey), (LLVM Optimized)", "Plans": [{"Node Type": "Streaming(type: LOCAL REDISTRIBUTE dop: 16/16)", "Parent Relationship": "Outer", "Startup Cost": 0.0, "Total Cost": 38941.47, "Plan Rows": 1500000, "Plan Width": 8, "Plans": [{"Node Type": "Seq Scan", "Parent Relationship": "Outer", "Relation Name": "customer", "Alias": "customer", "Startup Cost": 0.0, "Total Cost": 18257.88, "Plan Rows": 1500000, "Plan Width": 8}]}, {"Node Type": "Materialize", "Parent Relationship": "Inner", "Startup Cost": 0.0, "Total Cost": 119880.78, "Plan Rows": 14844648, "Plan Width": 16, "Plans": [{"Node Type": "Streaming(type: LOCAL REDISTRIBUTE dop: 16/16)", "Parent Relationship": "Outer", "Startup Cost": 0.0, "Total Cost": 115241.83, "Plan Rows": 14844648, "Plan Width": 16, "Plans": [{"Node Type": "Seq Scan", "Parent Relationship": "Outer", "Relation Name": "orders", "Alias": "orders", "Startup Cost": 0.0, "Total Cost": 43994.53, "Plan Rows": 14844648, "Plan Width": 16, "Filter": "((o_comment)::text !~~ '%pending%deposits%'::text), (LLVM Optimized)"}]}]}]}]}]}]}]}]}]}]}, "Unique SQL Id": 3026328400}, "explain_analyze_plan": null}, "(16, 63)": {"explain_plan": {"Plan": {"Node Type": "Sort", "Startup Cost": 2334172564307.3, "Total Cost": 2334172564307.8, "Plan Rows": 200, "Plan Width": 16, "Sort Key": ["(count(*)) DESC", "c_orders.c_count DESC"], "Plans": [{"Node Type": "Aggregate", "Strategy": "Hashed", "Parent Relationship": "Outer", "Startup Cost": 2334172564297.65, "Total Cost": 2334172564299.65, "Plan Rows": 200, "Plan Width": 16, "Group By Key": ["c_orders.c_count"], "Plans": [{"Node Type": "Subquery Scan", "Parent Relationship": "Outer", "Alias": "c_orders", "Startup Cost": 2334172526797.65, "Total Cost": 2334172556797.65, "Plan Rows": 1500000, "Plan Width": 8, "Plans": [{"Node Type": "Aggregate", "Strategy": "Hashed", "Parent Relationship": "Subquery", "Startup Cost": 2334172526797.65, "Total Cost": 2334172541797.65, "Plan Rows": 1500000, "Plan Width": 24, "Group By Key": ["customer.c_custkey"], "Plans": [{"Node Type": "Nested Loop", "Parent Relationship": "Outer", "Join Type": "Left", "Startup Cost": 20000000000.0, "Total Cost": 2334172495046.07, "Plan Rows": 6350316, "Plan Width": 16, "Inner Unique": false, "Join Filter": "(customer.c_custkey = orders.o_custkey), (LLVM Optimized)", "Plans": [{"Node Type": "Index Scan", "Parent Relationship": "Outer", "Scan Direction": "Forward", "Index Name": "customer_pkey", "Relation Name": "customer", "Alias": "customer", "Startup Cost": 10000000000.0, "Total Cost": 1000008076535.62, "Plan Rows": 1500000, "Plan Width": 8}, {"Node Type": "Materialize", "Parent Relationship": "Inner", "Startup Cost": 10000000000.0, "Total Cost": 1000159875622.07, "Plan Rows": 14844648, "Plan Width": 16, "Plans": [{"Node Type": "Index Scan", "Parent Relationship": "Outer", "Scan Direction": "Forward", "Index Name": "idx_orders_custkey", "Relation Name": "orders", "Alias": "orders", "Startup Cost": 10000000000.0, "Total Cost": 1000159801398.83, "Plan Rows": 14844648, "Plan Width": 16, "Filter": "((o_comment)::text !~~ '%pending%deposits%'::text), (LLVM Optimized)"}]}]}]}]}]}]}, "Unique SQL Id": 3026328400}, "explain_analyze_plan": null}, "(16, 64)": {"explain_plan": {"Plan": {"Node Type": "Sort", "Startup Cost": 181208.12, "Total Cost": 181208.62, "Plan Rows": 200, "Plan Width": 16, "Sort Key": ["(pg_catalog.count(*)) DESC", "c_orders.c_count DESC"], "Plans": [{"Node Type": "Streaming(type: LOCAL GATHER dop: 1/16)", "Parent Relationship": "Outer", "Startup Cost": 181199.81, "Total Cost": 181200.48, "Plan Rows": 200, "Plan Width": 16, "Plans": [{"Node Type": "Aggregate", "Strategy": "Hashed", "Parent Relationship": "Outer", "Startup Cost": 181199.81, "Total Cost": 181199.94, "Plan Rows": 200, "Plan Width": 16, "Group By Key": ["c_orders.c_count"], "Plans": [{"Node Type": "Streaming(type: LOCAL REDISTRIBUTE dop: 16/16)", "Parent Relationship": "Outer", "Startup Cost": 181194.06, "Total Cost": 181199.75, "Plan Rows": 200, "Plan Width": 16, "Plans": [{"Node Type": "Aggregate", "Strategy": "Hashed", "Parent Relationship": "Outer", "Startup Cost": 181194.06, "Total Cost": 181194.19, "Plan Rows": 200, "Plan Width": 16, "Group By Key": ["c_orders.c_count"], "Plans": [{"Node Type": "Subquery Scan", "Parent Relationship": "Outer", "Alias": "c_orders", "Startup Cost": 164787.81, "Total Cost": 180725.31, "Plan Rows": 1500000, "Plan Width": 8, "Plans": [{"Node Type": "Aggregate", "Strategy": "Hashed", "Parent Relationship": "Subquery", "Startup Cost": 164787.81, "Total Cost": 165725.31, "Plan Rows": 1500000, "Plan Width": 24, "Group By Key": ["customer.c_custkey"], "Plans": [{"Node Type": "Hash Join", "Parent Relationship": "Outer", "Join Type": "Right", "Startup Cost": 40113.34, "Total Cost": 162803.34, "Plan Rows": 6350316, "Plan Width": 16, "Inner Unique": true, "Hash Cond": "(orders.o_custkey = customer.c_custkey), (LLVM Optimized)", "Plans": [{"Node Type": "Streaming(type: LOCAL REDISTRIBUTE dop: 16/16)", "Parent Relationship": "Outer", "Startup Cost": 0.0, "Total Cost": 115241.83, "Plan Rows": 14844648, "Plan Width": 16, "Plans": [{"Node Type": "Seq Scan", "Parent Relationship": "Outer", "Relation Name": "orders", "Alias": "orders", "Startup Cost": 0.0, "Total Cost": 43994.53, "Plan Rows": 14844648, "Plan Width": 16, "Filter": "((o_comment)::text !~~ '%pending%deposits%'::text), (LLVM Optimized)"}]}, {"Node Type": "Hash", "Parent Relationship": "Inner", "Startup Cost": 38941.47, "Total Cost": 38941.47, "Plan Rows": 1500000, "Plan Width": 8, "Plans": [{"Node Type": "Streaming(type: LOCAL REDISTRIBUTE dop: 16/16)", "Parent Relationship": "Outer", "Startup Cost": 0.0, "Total Cost": 38941.47, "Plan Rows": 1500000, "Plan Width": 8, "Plans": [{"Node Type": "Index Only Scan", "Parent Relationship": "Outer", "Scan Direction": "Forward", "Index Name": "customer_pkey", "Relation Name": "customer", "Alias": "customer", "Startup Cost": 0.0, "Total Cost": 18257.88, "Plan Rows": 1500000, "Plan Width": 8}]}]}]}]}]}]}]}]}]}]}, "Unique SQL Id": 3026328400}, "explain_analyze_plan": {"Plan": {"Node Type": "Sort", "Startup Cost": 181208.12, "Total Cost": 181208.62, "Plan Rows": 200, "Plan Width": 16, "Actual Min Startup Time": 4548.504, "Actual Max Startup Time": 4548.504, "Actual Min Total Time": 4548.507, "Actual Max Total Time": 4548.507, "Actual Total Rows": 46, "Sort Key": ["(pg_catalog.count(*)) DESC", "c_orders.c_count DESC"], "Sort Method": "quicksort", "Sort Space Min Used": 27, "Sort Space Max Used": 27, "Sort Space Type": "Memory", "Plans": [{"Node Type": "Streaming(type: LOCAL GATHER dop: 1/16)", "Parent Relationship": "Outer", "Startup Cost": 181199.81, "Total Cost": 181200.48, "Plan Rows": 200, "Plan Width": 16, "Actual Min Startup Time": 4548.233, "Actual Max Startup Time": 4548.233, "Actual Min Total Time": 4548.452, "Actual Max Total Time": 4548.452, "Actual Total Rows": 46, "Plans": [{"Node Type": "Aggregate", "Strategy": "Hashed", "Parent Relationship": "Outer", "Startup Cost": 181199.81, "Total Cost": 181199.94, "Plan Rows": 200, "Plan Width": 16, "Actual Min Startup Time": 4471.003, "Actual Max Startup Time": 4477.586, "Actual Min Total Time": 4471.005, "Actual Max Total Time": 4477.587, "Actual Total Rows": 46, "Group By Key": ["c_orders.c_count"], "Plans": [{"Node Type": "Streaming(type: LOCAL REDISTRIBUTE dop: 16/16)", "Parent Relationship": "Outer", "Startup Cost": 181194.06, "Total Cost": 181199.75, "Plan Rows": 200, "Plan Width": 16, "Actual Min Startup Time": 4465.562, "Actual Max Startup Time": 4474.555, "Actual Min Total Time": 4470.913, "Actual Max Total Time": 4477.506, "Actual Total Rows": 655, "Plans": [{"Node Type": "Aggregate", "Strategy": "Hashed", "Parent Relationship": "Outer", "Startup Cost": 181194.06, "Total Cost": 181194.19, "Plan Rows": 200, "Plan Width": 16, "Actual Min Startup Time": 4425.181, "Actual Max Startup Time": 4457.546, "Actual Min Total Time": 4425.191, "Actual Max Total Time": 4457.556, "Actual Total Rows": 655, "Group By Key": ["c_orders.c_count"], "Plans": [{"Node Type": "Subquery Scan", "Parent Relationship": "Outer", "Alias": "c_orders", "Startup Cost": 164787.81, "Total Cost": 180725.31, "Plan Rows": 1500000, "Plan Width": 8, "Actual Min Startup Time": 4353.839, "Actual Max Startup Time": 4383.884, "Actual Min Total Time": 4398.272, "Actual Max Total Time": 4430.94, "Actual Total Rows": 1500000, "Plans": [{"Node Type": "Aggregate", "Strategy": "Hashed", "Parent Relationship": "Subquery", "Startup Cost": 164787.81, "Total Cost": 165725.31, "Plan Rows": 1500000, "Plan Width": 24, "Actual Min Startup Time": 4353.837, "Actual Max Startup Time": 4383.881, "Actual Min Total Time": 4381.29, "Actual Max Total Time": 4413.938, "Actual Total Rows": 1500000, "Group By Key": ["customer.c_custkey"], "Plans": [{"Node Type": "Hash Join", "Parent Relationship": "Outer", "Join Type": "Right", "Startup Cost": 40113.34, "Total Cost": 162803.34, "Plan Rows": 6350316, "Plan Width": 16, "Actual Min Startup Time": 110.827, "Actual Max Startup Time": 140.674, "Actual Min Total Time": 3791.064, "Actual Max Total Time": 3878.06, "Actual Total Rows": 15338153, "Inner Unique": true, "Hash Cond": "(orders.o_custkey = customer.c_custkey), (LLVM Optimized, Jit Execute)", "Plans": [{"Node Type": "Streaming(type: LOCAL REDISTRIBUTE dop: 16/16)", "Parent Relationship": "Outer", "Startup Cost": 0.0, "Total Cost": 115241.83, "Plan Rows": 14844648, "Plan Width": 16, "Actual Min Startup Time": 0.079, "Actual Max Startup Time": 0.357, "Actual Min Total Time": 3129.215, "Actual Max Total Time": 3281.683, "Actual Total Rows": 14838130, "Plans": [{"Node Type": "Seq Scan", "Parent Relationship": "Outer", "Relation Name": "orders", "Alias": "orders", "Startup Cost": 0.0, "Total Cost": 43994.53, "Plan Rows": 14844648, "Plan Width": 16, "Actual Min Startup Time": 0.027, "Actual Max Startup Time": 0.059, "Actual Min Total Time": 585.839, "Actual Max Total Time": 614.123, "Actual Total Rows": 14838130, "Filter": "((o_comment)::text !~~ '%pending%deposits%'::text), (LLVM Optimized, Jit Execute)", "Rows Removed by Filter": 161870}]}, {"Node Type": "Hash", "Parent Relationship": "Inner", "Startup Cost": 38941.47, "Total Cost": 38941.47, "Plan Rows": 1500000, "Plan Width": 8, "Actual Min Startup Time": 110.499, "Actual Max Startup Time": 140.458, "Actual Min Total Time": 110.499, "Actual Max Total Time": 140.458, "Actual Total Rows": 1500000, "Max Hash Buckets": 131072, "Min Hash Buckets": 131072, "Max Hash Batches": 1, "Min Hash Batches": 1, "Max Original Hash Batches": 1, "Min Original Hash Batches": 1, "Max Peak Memory Usage": 3670, "min Peak Memory Usage": 3670, "Plans": [{"Node Type": "Streaming(type: LOCAL REDISTRIBUTE dop: 16/16)", "Parent Relationship": "Outer", "Startup Cost": 0.0, "Total Cost": 38941.47, "Plan Rows": 1500000, "Plan Width": 8, "Actual Min Startup Time": 0.049, "Actual Max Startup Time": 26.908, "Actual Min Total Time": 88.181, "Actual Max Total Time": 117.208, "Actual Total Rows": 1500000, "Plans": [{"Node Type": "Index Only Scan", "Parent Relationship": "Outer", "Scan Direction": "Forward", "Index Name": "customer_pkey", "Relation Name": "customer", "Alias": "customer", "Startup Cost": 0.0, "Total Cost": 18257.88, "Plan Rows": 1500000, "Plan Width": 8, "Actual Min Startup Time": 0.046, "Actual Max Startup Time": 50.533, "Actual Min Total Time": 21.776, "Actual Max Total Time": 72.693, "Actual Total Rows": 1500000, "Heap Fetches": 0}]}]}]}]}]}]}]}]}]}]}, "Triggers": [], "Planner Runtime": 0.944, "Total Runtime": 4569.915, "Unique SQL Id": 3026328400}}, "(16, 65)": {"explain_plan": {"Plan": {"Node Type": "Sort", "Startup Cost": 1023307.36, "Total Cost": 1023307.86, "Plan Rows": 200, "Plan Width": 16, "Sort Key": ["(count(*)) DESC", "c_orders.c_count DESC"], "Plans": [{"Node Type": "Aggregate", "Strategy": "Hashed", "Parent Relationship": "Outer", "Startup Cost": 1023297.71, "Total Cost": 1023299.71, "Plan Rows": 200, "Plan Width": 16, "Group By Key": ["c_orders.c_count"], "Plans": [{"Node Type": "Subquery Scan", "Parent Relationship": "Outer", "Alias": "c_orders", "Startup Cost": 985797.71, "Total Cost": 1015797.71, "Plan Rows": 1500000, "Plan Width": 8, "Plans": [{"Node Type": "Aggregate", "Strategy": "Hashed", "Parent Relationship": "Subquery", "Startup Cost": 985797.71, "Total Cost": 1000797.71, "Plan Rows": 1500000, "Plan Width": 24, "Group By Key": ["customer.c_custkey"], "Plans": [{"Node Type": "Hash Join", "Parent Relationship": "Outer", "Join Type": "Right", "Startup Cost": 370963.06, "Total Cost": 954046.13, "Plan Rows": 6350316, "Plan Width": 16, "Inner Unique": true, "Hash Cond": "(orders.o_custkey = customer.c_custkey), (LLVM Optimized)", "Plans": [{"Node Type": "Bitmap Heap Scan", "Parent Relationship": "Outer", "Relation Name": "orders", "Alias": "orders", "Startup Cost": 308576.81, "Total Cost": 772489.29, "Plan Rows": 14844648, "Plan Width": 16, "Filter": "((o_comment)::text !~~ '%pending%deposits%'::text), (LLVM Optimized)", "Plans": [{"Node Type": "Bitmap Index Scan", "Parent Relationship": "Outer", "Index Name": "idx_orders_custkey", "Startup Cost": 0.0, "Total Cost": 304865.65, "Plan Rows": 14999479, "Plan Width": 0}]}, {"Node Type": "Hash", "Parent Relationship": "Inner", "Startup Cost": 43636.25, "Total Cost": 43636.25, "Plan Rows": 1500000, "Plan Width": 8, "Plans": [{"Node Type": "Index Only Scan", "Parent Relationship": "Outer", "Scan Direction": "Forward", "Index Name": "customer_pkey", "Relation Name": "customer", "Alias": "customer", "Startup Cost": 0.0, "Total Cost": 43636.25, "Plan Rows": 1500000, "Plan Width": 8}]}]}]}]}]}]}, "Unique SQL Id": 3026328400}, "explain_analyze_plan": null}, "(16, 66)": {"explain_plan": {"Plan": {"Node Type": "Sort", "Startup Cost": 181208.12, "Total Cost": 181208.62, "Plan Rows": 200, "Plan Width": 16, "Sort Key": ["(pg_catalog.count(*)) DESC", "c_orders.c_count DESC"], "Plans": [{"Node Type": "Streaming(type: LOCAL GATHER dop: 1/16)", "Parent Relationship": "Outer", "Startup Cost": 181199.81, "Total Cost": 181200.48, "Plan Rows": 200, "Plan Width": 16, "Plans": [{"Node Type": "Aggregate", "Strategy": "Hashed", "Parent Relationship": "Outer", "Startup Cost": 181199.81, "Total Cost": 181199.94, "Plan Rows": 200, "Plan Width": 16, "Group By Key": ["c_orders.c_count"], "Plans": [{"Node Type": "Streaming(type: LOCAL REDISTRIBUTE dop: 16/16)", "Parent Relationship": "Outer", "Startup Cost": 181194.06, "Total Cost": 181199.75, "Plan Rows": 200, "Plan Width": 16, "Plans": [{"Node Type": "Aggregate", "Strategy": "Hashed", "Parent Relationship": "Outer", "Startup Cost": 181194.06, "Total Cost": 181194.19, "Plan Rows": 200, "Plan Width": 16, "Group By Key": ["c_orders.c_count"], "Plans": [{"Node Type": "Subquery Scan", "Parent Relationship": "Outer", "Alias": "c_orders", "Startup Cost": 164787.81, "Total Cost": 180725.31, "Plan Rows": 1500000, "Plan Width": 8, "Plans": [{"Node Type": "Aggregate", "Strategy": "Hashed", "Parent Relationship": "Subquery", "Startup Cost": 164787.81, "Total Cost": 165725.31, "Plan Rows": 1500000, "Plan Width": 24, "Group By Key": ["customer.c_custkey"], "Plans": [{"Node Type": "Hash Join", "Parent Relationship": "Outer", "Join Type": "Right", "Startup Cost": 40113.34, "Total Cost": 162803.34, "Plan Rows": 6350316, "Plan Width": 16, "Inner Unique": true, "Hash Cond": "(orders.o_custkey = customer.c_custkey), (LLVM Optimized)", "Plans": [{"Node Type": "Streaming(type: LOCAL REDISTRIBUTE dop: 16/16)", "Parent Relationship": "Outer", "Startup Cost": 0.0, "Total Cost": 115241.83, "Plan Rows": 14844648, "Plan Width": 16, "Plans": [{"Node Type": "Seq Scan", "Parent Relationship": "Outer", "Relation Name": "orders", "Alias": "orders", "Startup Cost": 0.0, "Total Cost": 43994.53, "Plan Rows": 14844648, "Plan Width": 16, "Filter": "((o_comment)::text !~~ '%pending%deposits%'::text), (LLVM Optimized)"}]}, {"Node Type": "Hash", "Parent Relationship": "Inner", "Startup Cost": 38941.47, "Total Cost": 38941.47, "Plan Rows": 1500000, "Plan Width": 8, "Plans": [{"Node Type": "Streaming(type: LOCAL REDISTRIBUTE dop: 16/16)", "Parent Relationship": "Outer", "Startup Cost": 0.0, "Total Cost": 38941.47, "Plan Rows": 1500000, "Plan Width": 8, "Plans": [{"Node Type": "Seq Scan", "Parent Relationship": "Outer", "Relation Name": "customer", "Alias": "customer", "Startup Cost": 0.0, "Total Cost": 18257.88, "Plan Rows": 1500000, "Plan Width": 8}]}]}]}]}]}]}]}]}]}]}, "Unique SQL Id": 3026328400}, "explain_analyze_plan": {"Plan": {"Node Type": "Sort", "Startup Cost": 181208.12, "Total Cost": 181208.62, "Plan Rows": 200, "Plan Width": 16, "Actual Min Startup Time": 5326.787, "Actual Max Startup Time": 5326.787, "Actual Min Total Time": 5326.791, "Actual Max Total Time": 5326.791, "Actual Total Rows": 46, "Sort Key": ["(pg_catalog.count(*)) DESC", "c_orders.c_count DESC"], "Sort Method": "quicksort", "Sort Space Min Used": 27, "Sort Space Max Used": 27, "Sort Space Type": "Memory", "Plans": [{"Node Type": "Streaming(type: LOCAL GATHER dop: 1/16)", "Parent Relationship": "Outer", "Startup Cost": 181199.81, "Total Cost": 181200.48, "Plan Rows": 200, "Plan Width": 16, "Actual Min Startup Time": 5326.566, "Actual Max Startup Time": 5326.566, "Actual Min Total Time": 5326.733, "Actual Max Total Time": 5326.733, "Actual Total Rows": 46, "Plans": [{"Node Type": "Aggregate", "Strategy": "Hashed", "Parent Relationship": "Outer", "Startup Cost": 181199.81, "Total Cost": 181199.94, "Plan Rows": 200, "Plan Width": 16, "Actual Min Startup Time": 5227.186, "Actual Max Startup Time": 5248.484, "Actual Min Total Time": 5227.186, "Actual Max Total Time": 5248.485, "Actual Total Rows": 46, "Group By Key": ["c_orders.c_count"], "Plans": [{"Node Type": "Streaming(type: LOCAL REDISTRIBUTE dop: 16/16)", "Parent Relationship": "Outer", "Startup Cost": 181194.06, "Total Cost": 181199.75, "Plan Rows": 200, "Plan Width": 16, "Actual Min Startup Time": 5208.963, "Actual Max Startup Time": 5235.167, "Actual Min Total Time": 5227.054, "Actual Max Total Time": 5248.321, "Actual Total Rows": 655, "Plans": [{"Node Type": "Aggregate", "Strategy": "Hashed", "Parent Relationship": "Outer", "Startup Cost": 181194.06, "Total Cost": 181194.19, "Plan Rows": 200, "Plan Width": 16, "Actual Min Startup Time": 5164.415, "Actual Max Startup Time": 5242.866, "Actual Min Total Time": 5164.423, "Actual Max Total Time": 5242.875, "Actual Total Rows": 655, "Group By Key": ["c_orders.c_count"], "Plans": [{"Node Type": "Subquery Scan", "Parent Relationship": "Outer", "Alias": "c_orders", "Startup Cost": 164787.81, "Total Cost": 180725.31, "Plan Rows": 1500000, "Plan Width": 8, "Actual Min Startup Time": 5090.346, "Actual Max Startup Time": 5157.9, "Actual Min Total Time": 5137.583, "Actual Max Total Time": 5215.936, "Actual Total Rows": 1500000, "Plans": [{"Node Type": "Aggregate", "Strategy": "Hashed", "Parent Relationship": "Subquery", "Startup Cost": 164787.81, "Total Cost": 165725.31, "Plan Rows": 1500000, "Plan Width": 24, "Actual Min Startup Time": 5090.345, "Actual Max Startup Time": 5157.898, "Actual Min Total Time": 5120.636, "Actual Max Total Time": 5199.243, "Actual Total Rows": 1500000, "Group By Key": ["customer.c_custkey"], "Plans": [{"Node Type": "Hash Join", "Parent Relationship": "Outer", "Join Type": "Right", "Startup Cost": 40113.34, "Total Cost": 162803.34, "Plan Rows": 6350316, "Plan Width": 16, "Actual Min Startup Time": 140.725, "Actual Max Startup Time": 208.973, "Actual Min Total Time": 4462.349, "Actual Max Total Time": 4679.611, "Actual Total Rows": 15338153, "Inner Unique": true, "Hash Cond": "(orders.o_custkey = customer.c_custkey), (LLVM Optimized, Jit Execute)", "Plans": [{"Node Type": "Streaming(type: LOCAL REDISTRIBUTE dop: 16/16)", "Parent Relationship": "Outer", "Startup Cost": 0.0, "Total Cost": 115241.83, "Plan Rows": 14844648, "Plan Width": 16, "Actual Min Startup Time": 0.073, "Actual Max Startup Time": 0.41, "Actual Min Total Time": 3726.549, "Actual Max Total Time": 4061.024, "Actual Total Rows": 14838130, "Plans": [{"Node Type": "Seq Scan", "Parent Relationship": "Outer", "Relation Name": "orders", "Alias": "orders", "Startup Cost": 0.0, "Total Cost": 43994.53, "Plan Rows": 14844648, "Plan Width": 16, "Actual Min Startup Time": 0.028, "Actual Max Startup Time": 0.056, "Actual Min Total Time": 577.565, "Actual Max Total Time": 615.405, "Actual Total Rows": 14838130, "Filter": "((o_comment)::text !~~ '%pending%deposits%'::text), (LLVM Optimized, Jit Execute)", "Rows Removed by Filter": 161870}]}, {"Node Type": "Hash", "Parent Relationship": "Inner", "Startup Cost": 38941.47, "Total Cost": 38941.47, "Plan Rows": 1500000, "Plan Width": 8, "Actual Min Startup Time": 140.485, "Actual Max Startup Time": 208.721, "Actual Min Total Time": 140.485, "Actual Max Total Time": 208.721, "Actual Total Rows": 1500000, "Max Hash Buckets": 131072, "Min Hash Buckets": 131072, "Max Hash Batches": 1, "Min Hash Batches": 1, "Max Original Hash Batches": 1, "Min Original Hash Batches": 1, "Max Peak Memory Usage": 3670, "min Peak Memory Usage": 3670, "Plans": [{"Node Type": "Streaming(type: LOCAL REDISTRIBUTE dop: 16/16)", "Parent Relationship": "Outer", "Startup Cost": 0.0, "Total Cost": 38941.47, "Plan Rows": 1500000, "Plan Width": 8, "Actual Min Startup Time": 0.049, "Actual Max Startup Time": 56.373, "Actual Min Total Time": 115.611, "Actual Max Total Time": 187.631, "Actual Total Rows": 1500000, "Plans": [{"Node Type": "Seq Scan", "Parent Relationship": "Outer", "Relation Name": "customer", "Alias": "customer", "Startup Cost": 0.0, "Total Cost": 18257.88, "Plan Rows": 1500000, "Plan Width": 8, "Actual Min Startup Time": 0.014, "Actual Max Startup Time": 0.032, "Actual Min Total Time": 31.257, "Actual Max Total Time": 33.274, "Actual Total Rows": 1500000}]}]}]}]}]}]}]}]}]}]}, "Triggers": [], "Planner Runtime": 0.979, "Total Runtime": 5349.088, "Unique SQL Id": 3026328400}}, "(16, 67)": {"explain_plan": {"Plan": {"Node Type": "Sort", "Startup Cost": 1060808.36, "Total Cost": 1060808.86, "Plan Rows": 200, "Plan Width": 16, "Sort Key": ["(count(*)) DESC", "c_orders.c_count DESC"], "Plans": [{"Node Type": "Aggregate", "Strategy": "Hashed", "Parent Relationship": "Outer", "Startup Cost": 1060798.71, "Total Cost": 1060800.71, "Plan Rows": 200, "Plan Width": 16, "Group By Key": ["c_orders.c_count"], "Plans": [{"Node Type": "Subquery Scan", "Parent Relationship": "Outer", "Alias": "c_orders", "Startup Cost": 1023298.71, "Total Cost": 1053298.71, "Plan Rows": 1500000, "Plan Width": 8, "Plans": [{"Node Type": "Aggregate", "Strategy": "Hashed", "Parent Relationship": "Subquery", "Startup Cost": 1023298.71, "Total Cost": 1038298.71, "Plan Rows": 1500000, "Plan Width": 24, "Group By Key": ["customer.c_custkey"], "Plans": [{"Node Type": "Hash Join", "Parent Relationship": "Outer", "Join Type": "Right", "Startup Cost": 408464.06, "Total Cost": 991547.13, "Plan Rows": 6350316, "Plan Width": 16, "Inner Unique": true, "Hash Cond": "(orders.o_custkey = customer.c_custkey), (LLVM Optimized)", "Plans": [{"Node Type": "Bitmap Heap Scan", "Parent Relationship": "Outer", "Relation Name": "orders", "Alias": "orders", "Startup Cost": 308576.81, "Total Cost": 772489.29, "Plan Rows": 14844648, "Plan Width": 16, "Filter": "((o_comment)::text !~~ '%pending%deposits%'::text), (LLVM Optimized)", "Plans": [{"Node Type": "Bitmap Index Scan", "Parent Relationship": "Outer", "Index Name": "idx_orders_custkey", "Startup Cost": 0.0, "Total Cost": 304865.65, "Plan Rows": 14999479, "Plan Width": 0}]}, {"Node Type": "Hash", "Parent Relationship": "Inner", "Startup Cost": 81137.25, "Total Cost": 81137.25, "Plan Rows": 1500000, "Plan Width": 8, "Plans": [{"Node Type": "Bitmap Heap Scan", "Parent Relationship": "Outer", "Relation Name": "customer", "Alias": "customer", "Startup Cost": 29011.25, "Total Cost": 81137.25, "Plan Rows": 1500000, "Plan Width": 8, "Plans": [{"Node Type": "Bitmap Index Scan", "Parent Relationship": "Outer", "Index Name": "customer_pkey", "Startup Cost": 0.0, "Total Cost": 28636.25, "Plan Rows": 1500000, "Plan Width": 0}]}]}]}]}]}]}]}, "Unique SQL Id": 3026328400}, "explain_analyze_plan": null}, "(16, 68)": {"explain_plan": {"Plan": {"Node Type": "Sort", "Startup Cost": 181208.12, "Total Cost": 181208.62, "Plan Rows": 200, "Plan Width": 16, "Sort Key": ["(pg_catalog.count(*)) DESC", "c_orders.c_count DESC"], "Plans": [{"Node Type": "Streaming(type: LOCAL GATHER dop: 1/16)", "Parent Relationship": "Outer", "Startup Cost": 181199.81, "Total Cost": 181200.48, "Plan Rows": 200, "Plan Width": 16, "Plans": [{"Node Type": "Aggregate", "Strategy": "Hashed", "Parent Relationship": "Outer", "Startup Cost": 181199.81, "Total Cost": 181199.94, "Plan Rows": 200, "Plan Width": 16, "Group By Key": ["c_orders.c_count"], "Plans": [{"Node Type": "Streaming(type: LOCAL REDISTRIBUTE dop: 16/16)", "Parent Relationship": "Outer", "Startup Cost": 181194.06, "Total Cost": 181199.75, "Plan Rows": 200, "Plan Width": 16, "Plans": [{"Node Type": "Aggregate", "Strategy": "Hashed", "Parent Relationship": "Outer", "Startup Cost": 181194.06, "Total Cost": 181194.19, "Plan Rows": 200, "Plan Width": 16, "Group By Key": ["c_orders.c_count"], "Plans": [{"Node Type": "Subquery Scan", "Parent Relationship": "Outer", "Alias": "c_orders", "Startup Cost": 164787.81, "Total Cost": 180725.31, "Plan Rows": 1500000, "Plan Width": 8, "Plans": [{"Node Type": "Aggregate", "Strategy": "Hashed", "Parent Relationship": "Subquery", "Startup Cost": 164787.81, "Total Cost": 165725.31, "Plan Rows": 1500000, "Plan Width": 24, "Group By Key": ["customer.c_custkey"], "Plans": [{"Node Type": "Hash Join", "Parent Relationship": "Outer", "Join Type": "Right", "Startup Cost": 40113.34, "Total Cost": 162803.34, "Plan Rows": 6350316, "Plan Width": 16, "Inner Unique": true, "Hash Cond": "(orders.o_custkey = customer.c_custkey), (LLVM Optimized)", "Plans": [{"Node Type": "Streaming(type: LOCAL REDISTRIBUTE dop: 16/16)", "Parent Relationship": "Outer", "Startup Cost": 0.0, "Total Cost": 115241.83, "Plan Rows": 14844648, "Plan Width": 16, "Plans": [{"Node Type": "Seq Scan", "Parent Relationship": "Outer", "Relation Name": "orders", "Alias": "orders", "Startup Cost": 0.0, "Total Cost": 43994.53, "Plan Rows": 14844648, "Plan Width": 16, "Filter": "((o_comment)::text !~~ '%pending%deposits%'::text), (LLVM Optimized)"}]}, {"Node Type": "Hash", "Parent Relationship": "Inner", "Startup Cost": 38941.47, "Total Cost": 38941.47, "Plan Rows": 1500000, "Plan Width": 8, "Plans": [{"Node Type": "Streaming(type: LOCAL REDISTRIBUTE dop: 16/16)", "Parent Relationship": "Outer", "Startup Cost": 0.0, "Total Cost": 38941.47, "Plan Rows": 1500000, "Plan Width": 8, "Plans": [{"Node Type": "Seq Scan", "Parent Relationship": "Outer", "Relation Name": "customer", "Alias": "customer", "Startup Cost": 0.0, "Total Cost": 18257.88, "Plan Rows": 1500000, "Plan Width": 8}]}]}]}]}]}]}]}]}]}]}, "Unique SQL Id": 3026328400}, "explain_analyze_plan": {"Plan": {"Node Type": "Sort", "Startup Cost": 181208.12, "Total Cost": 181208.62, "Plan Rows": 200, "Plan Width": 16, "Actual Min Startup Time": 5326.787, "Actual Max Startup Time": 5326.787, "Actual Min Total Time": 5326.791, "Actual Max Total Time": 5326.791, "Actual Total Rows": 46, "Sort Key": ["(pg_catalog.count(*)) DESC", "c_orders.c_count DESC"], "Sort Method": "quicksort", "Sort Space Min Used": 27, "Sort Space Max Used": 27, "Sort Space Type": "Memory", "Plans": [{"Node Type": "Streaming(type: LOCAL GATHER dop: 1/16)", "Parent Relationship": "Outer", "Startup Cost": 181199.81, "Total Cost": 181200.48, "Plan Rows": 200, "Plan Width": 16, "Actual Min Startup Time": 5326.566, "Actual Max Startup Time": 5326.566, "Actual Min Total Time": 5326.733, "Actual Max Total Time": 5326.733, "Actual Total Rows": 46, "Plans": [{"Node Type": "Aggregate", "Strategy": "Hashed", "Parent Relationship": "Outer", "Startup Cost": 181199.81, "Total Cost": 181199.94, "Plan Rows": 200, "Plan Width": 16, "Actual Min Startup Time": 5227.186, "Actual Max Startup Time": 5248.484, "Actual Min Total Time": 5227.186, "Actual Max Total Time": 5248.485, "Actual Total Rows": 46, "Group By Key": ["c_orders.c_count"], "Plans": [{"Node Type": "Streaming(type: LOCAL REDISTRIBUTE dop: 16/16)", "Parent Relationship": "Outer", "Startup Cost": 181194.06, "Total Cost": 181199.75, "Plan Rows": 200, "Plan Width": 16, "Actual Min Startup Time": 5208.963, "Actual Max Startup Time": 5235.167, "Actual Min Total Time": 5227.054, "Actual Max Total Time": 5248.321, "Actual Total Rows": 655, "Plans": [{"Node Type": "Aggregate", "Strategy": "Hashed", "Parent Relationship": "Outer", "Startup Cost": 181194.06, "Total Cost": 181194.19, "Plan Rows": 200, "Plan Width": 16, "Actual Min Startup Time": 5164.415, "Actual Max Startup Time": 5242.866, "Actual Min Total Time": 5164.423, "Actual Max Total Time": 5242.875, "Actual Total Rows": 655, "Group By Key": ["c_orders.c_count"], "Plans": [{"Node Type": "Subquery Scan", "Parent Relationship": "Outer", "Alias": "c_orders", "Startup Cost": 164787.81, "Total Cost": 180725.31, "Plan Rows": 1500000, "Plan Width": 8, "Actual Min Startup Time": 5090.346, "Actual Max Startup Time": 5157.9, "Actual Min Total Time": 5137.583, "Actual Max Total Time": 5215.936, "Actual Total Rows": 1500000, "Plans": [{"Node Type": "Aggregate", "Strategy": "Hashed", "Parent Relationship": "Subquery", "Startup Cost": 164787.81, "Total Cost": 165725.31, "Plan Rows": 1500000, "Plan Width": 24, "Actual Min Startup Time": 5090.345, "Actual Max Startup Time": 5157.898, "Actual Min Total Time": 5120.636, "Actual Max Total Time": 5199.243, "Actual Total Rows": 1500000, "Group By Key": ["customer.c_custkey"], "Plans": [{"Node Type": "Hash Join", "Parent Relationship": "Outer", "Join Type": "Right", "Startup Cost": 40113.34, "Total Cost": 162803.34, "Plan Rows": 6350316, "Plan Width": 16, "Actual Min Startup Time": 140.725, "Actual Max Startup Time": 208.973, "Actual Min Total Time": 4462.349, "Actual Max Total Time": 4679.611, "Actual Total Rows": 15338153, "Inner Unique": true, "Hash Cond": "(orders.o_custkey = customer.c_custkey), (LLVM Optimized, Jit Execute)", "Plans": [{"Node Type": "Streaming(type: LOCAL REDISTRIBUTE dop: 16/16)", "Parent Relationship": "Outer", "Startup Cost": 0.0, "Total Cost": 115241.83, "Plan Rows": 14844648, "Plan Width": 16, "Actual Min Startup Time": 0.073, "Actual Max Startup Time": 0.41, "Actual Min Total Time": 3726.549, "Actual Max Total Time": 4061.024, "Actual Total Rows": 14838130, "Plans": [{"Node Type": "Seq Scan", "Parent Relationship": "Outer", "Relation Name": "orders", "Alias": "orders", "Startup Cost": 0.0, "Total Cost": 43994.53, "Plan Rows": 14844648, "Plan Width": 16, "Actual Min Startup Time": 0.028, "Actual Max Startup Time": 0.056, "Actual Min Total Time": 577.565, "Actual Max Total Time": 615.405, "Actual Total Rows": 14838130, "Filter": "((o_comment)::text !~~ '%pending%deposits%'::text), (LLVM Optimized, Jit Execute)", "Rows Removed by Filter": 161870}]}, {"Node Type": "Hash", "Parent Relationship": "Inner", "Startup Cost": 38941.47, "Total Cost": 38941.47, "Plan Rows": 1500000, "Plan Width": 8, "Actual Min Startup Time": 140.485, "Actual Max Startup Time": 208.721, "Actual Min Total Time": 140.485, "Actual Max Total Time": 208.721, "Actual Total Rows": 1500000, "Max Hash Buckets": 131072, "Min Hash Buckets": 131072, "Max Hash Batches": 1, "Min Hash Batches": 1, "Max Original Hash Batches": 1, "Min Original Hash Batches": 1, "Max Peak Memory Usage": 3670, "min Peak Memory Usage": 3670, "Plans": [{"Node Type": "Streaming(type: LOCAL REDISTRIBUTE dop: 16/16)", "Parent Relationship": "Outer", "Startup Cost": 0.0, "Total Cost": 38941.47, "Plan Rows": 1500000, "Plan Width": 8, "Actual Min Startup Time": 0.049, "Actual Max Startup Time": 56.373, "Actual Min Total Time": 115.611, "Actual Max Total Time": 187.631, "Actual Total Rows": 1500000, "Plans": [{"Node Type": "Seq Scan", "Parent Relationship": "Outer", "Relation Name": "customer", "Alias": "customer", "Startup Cost": 0.0, "Total Cost": 18257.88, "Plan Rows": 1500000, "Plan Width": 8, "Actual Min Startup Time": 0.014, "Actual Max Startup Time": 0.032, "Actual Min Total Time": 31.257, "Actual Max Total Time": 33.274, "Actual Total Rows": 1500000}]}]}]}]}]}]}]}]}]}]}, "Triggers": [], "Planner Runtime": 0.979, "Total Runtime": 5349.088, "Unique SQL Id": 3026328400}}, "(16, 69)": {"explain_plan": {"Plan": {"Node Type": "Sort", "Startup Cost": 1060436.46, "Total Cost": 1060436.96, "Plan Rows": 200, "Plan Width": 16, "Sort Key": ["(count(*)) DESC", "c_orders.c_count DESC"], "Plans": [{"Node Type": "Aggregate", "Strategy": "Hashed", "Parent Relationship": "Outer", "Startup Cost": 1060426.82, "Total Cost": 1060428.82, "Plan Rows": 200, "Plan Width": 16, "Group By Key": ["c_orders.c_count"], "Plans": [{"Node Type": "Subquery Scan", "Parent Relationship": "Outer", "Alias": "c_orders", "Startup Cost": 1022926.82, "Total Cost": 1052926.82, "Plan Rows": 1500000, "Plan Width": 8, "Plans": [{"Node Type": "Aggregate", "Strategy": "Hashed", "Parent Relationship": "Subquery", "Startup Cost": 1022926.82, "Total Cost": 1037926.82, "Plan Rows": 1500000, "Plan Width": 24, "Group By Key": ["customer.c_custkey"], "Plans": [{"Node Type": "Hash Join", "Parent Relationship": "Outer", "Join Type": "Right", "Startup Cost": 408092.16, "Total Cost": 991175.24, "Plan Rows": 6350316, "Plan Width": 16, "Inner Unique": true, "Hash Cond": "(orders.o_custkey = customer.c_custkey), (LLVM Optimized)", "Plans": [{"Node Type": "Bitmap Heap Scan", "Parent Relationship": "Outer", "Relation Name": "orders", "Alias": "orders", "Startup Cost": 308576.81, "Total Cost": 772489.29, "Plan Rows": 14844648, "Plan Width": 16, "Filter": "((o_comment)::text !~~ '%pending%deposits%'::text), (LLVM Optimized)", "Plans": [{"Node Type": "Bitmap Index Scan", "Parent Relationship": "Outer", "Index Name": "idx_orders_custkey", "Startup Cost": 0.0, "Total Cost": 304865.65, "Plan Rows": 14999479, "Plan Width": 0}]}, {"Node Type": "Hash", "Parent Relationship": "Inner", "Startup Cost": 80765.36, "Total Cost": 80765.36, "Plan Rows": 1500000, "Plan Width": 8, "Plans": [{"Node Type": "Index Scan", "Parent Relationship": "Outer", "Scan Direction": "Forward", "Index Name": "customer_pkey", "Relation Name": "customer", "Alias": "customer", "Startup Cost": 0.0, "Total Cost": 80765.36, "Plan Rows": 1500000, "Plan Width": 8}]}]}]}]}]}]}, "Unique SQL Id": 3026328400}, "explain_analyze_plan": null}, "(16, 70)": {"explain_plan": {"Plan": {"Node Type": "Sort", "Startup Cost": 181208.12, "Total Cost": 181208.62, "Plan Rows": 200, "Plan Width": 16, "Sort Key": ["(pg_catalog.count(*)) DESC", "c_orders.c_count DESC"], "Plans": [{"Node Type": "Streaming(type: LOCAL GATHER dop: 1/16)", "Parent Relationship": "Outer", "Startup Cost": 181199.81, "Total Cost": 181200.48, "Plan Rows": 200, "Plan Width": 16, "Plans": [{"Node Type": "Aggregate", "Strategy": "Hashed", "Parent Relationship": "Outer", "Startup Cost": 181199.81, "Total Cost": 181199.94, "Plan Rows": 200, "Plan Width": 16, "Group By Key": ["c_orders.c_count"], "Plans": [{"Node Type": "Streaming(type: LOCAL REDISTRIBUTE dop: 16/16)", "Parent Relationship": "Outer", "Startup Cost": 181194.06, "Total Cost": 181199.75, "Plan Rows": 200, "Plan Width": 16, "Plans": [{"Node Type": "Aggregate", "Strategy": "Hashed", "Parent Relationship": "Outer", "Startup Cost": 181194.06, "Total Cost": 181194.19, "Plan Rows": 200, "Plan Width": 16, "Group By Key": ["c_orders.c_count"], "Plans": [{"Node Type": "Subquery Scan", "Parent Relationship": "Outer", "Alias": "c_orders", "Startup Cost": 164787.81, "Total Cost": 180725.31, "Plan Rows": 1500000, "Plan Width": 8, "Plans": [{"Node Type": "Aggregate", "Strategy": "Hashed", "Parent Relationship": "Subquery", "Startup Cost": 164787.81, "Total Cost": 165725.31, "Plan Rows": 1500000, "Plan Width": 24, "Group By Key": ["customer.c_custkey"], "Plans": [{"Node Type": "Hash Join", "Parent Relationship": "Outer", "Join Type": "Right", "Startup Cost": 40113.34, "Total Cost": 162803.34, "Plan Rows": 6350316, "Plan Width": 16, "Inner Unique": true, "Hash Cond": "(orders.o_custkey = customer.c_custkey), (LLVM Optimized)", "Plans": [{"Node Type": "Streaming(type: LOCAL REDISTRIBUTE dop: 16/16)", "Parent Relationship": "Outer", "Startup Cost": 0.0, "Total Cost": 115241.83, "Plan Rows": 14844648, "Plan Width": 16, "Plans": [{"Node Type": "Seq Scan", "Parent Relationship": "Outer", "Relation Name": "orders", "Alias": "orders", "Startup Cost": 0.0, "Total Cost": 43994.53, "Plan Rows": 14844648, "Plan Width": 16, "Filter": "((o_comment)::text !~~ '%pending%deposits%'::text), (LLVM Optimized)"}]}, {"Node Type": "Hash", "Parent Relationship": "Inner", "Startup Cost": 38941.47, "Total Cost": 38941.47, "Plan Rows": 1500000, "Plan Width": 8, "Plans": [{"Node Type": "Streaming(type: LOCAL REDISTRIBUTE dop: 16/16)", "Parent Relationship": "Outer", "Startup Cost": 0.0, "Total Cost": 38941.47, "Plan Rows": 1500000, "Plan Width": 8, "Plans": [{"Node Type": "Seq Scan", "Parent Relationship": "Outer", "Relation Name": "customer", "Alias": "customer", "Startup Cost": 0.0, "Total Cost": 18257.88, "Plan Rows": 1500000, "Plan Width": 8}]}]}]}]}]}]}]}]}]}]}, "Unique SQL Id": 3026328400}, "explain_analyze_plan": {"Plan": {"Node Type": "Sort", "Startup Cost": 181208.12, "Total Cost": 181208.62, "Plan Rows": 200, "Plan Width": 16, "Actual Min Startup Time": 5326.787, "Actual Max Startup Time": 5326.787, "Actual Min Total Time": 5326.791, "Actual Max Total Time": 5326.791, "Actual Total Rows": 46, "Sort Key": ["(pg_catalog.count(*)) DESC", "c_orders.c_count DESC"], "Sort Method": "quicksort", "Sort Space Min Used": 27, "Sort Space Max Used": 27, "Sort Space Type": "Memory", "Plans": [{"Node Type": "Streaming(type: LOCAL GATHER dop: 1/16)", "Parent Relationship": "Outer", "Startup Cost": 181199.81, "Total Cost": 181200.48, "Plan Rows": 200, "Plan Width": 16, "Actual Min Startup Time": 5326.566, "Actual Max Startup Time": 5326.566, "Actual Min Total Time": 5326.733, "Actual Max Total Time": 5326.733, "Actual Total Rows": 46, "Plans": [{"Node Type": "Aggregate", "Strategy": "Hashed", "Parent Relationship": "Outer", "Startup Cost": 181199.81, "Total Cost": 181199.94, "Plan Rows": 200, "Plan Width": 16, "Actual Min Startup Time": 5227.186, "Actual Max Startup Time": 5248.484, "Actual Min Total Time": 5227.186, "Actual Max Total Time": 5248.485, "Actual Total Rows": 46, "Group By Key": ["c_orders.c_count"], "Plans": [{"Node Type": "Streaming(type: LOCAL REDISTRIBUTE dop: 16/16)", "Parent Relationship": "Outer", "Startup Cost": 181194.06, "Total Cost": 181199.75, "Plan Rows": 200, "Plan Width": 16, "Actual Min Startup Time": 5208.963, "Actual Max Startup Time": 5235.167, "Actual Min Total Time": 5227.054, "Actual Max Total Time": 5248.321, "Actual Total Rows": 655, "Plans": [{"Node Type": "Aggregate", "Strategy": "Hashed", "Parent Relationship": "Outer", "Startup Cost": 181194.06, "Total Cost": 181194.19, "Plan Rows": 200, "Plan Width": 16, "Actual Min Startup Time": 5164.415, "Actual Max Startup Time": 5242.866, "Actual Min Total Time": 5164.423, "Actual Max Total Time": 5242.875, "Actual Total Rows": 655, "Group By Key": ["c_orders.c_count"], "Plans": [{"Node Type": "Subquery Scan", "Parent Relationship": "Outer", "Alias": "c_orders", "Startup Cost": 164787.81, "Total Cost": 180725.31, "Plan Rows": 1500000, "Plan Width": 8, "Actual Min Startup Time": 5090.346, "Actual Max Startup Time": 5157.9, "Actual Min Total Time": 5137.583, "Actual Max Total Time": 5215.936, "Actual Total Rows": 1500000, "Plans": [{"Node Type": "Aggregate", "Strategy": "Hashed", "Parent Relationship": "Subquery", "Startup Cost": 164787.81, "Total Cost": 165725.31, "Plan Rows": 1500000, "Plan Width": 24, "Actual Min Startup Time": 5090.345, "Actual Max Startup Time": 5157.898, "Actual Min Total Time": 5120.636, "Actual Max Total Time": 5199.243, "Actual Total Rows": 1500000, "Group By Key": ["customer.c_custkey"], "Plans": [{"Node Type": "Hash Join", "Parent Relationship": "Outer", "Join Type": "Right", "Startup Cost": 40113.34, "Total Cost": 162803.34, "Plan Rows": 6350316, "Plan Width": 16, "Actual Min Startup Time": 140.725, "Actual Max Startup Time": 208.973, "Actual Min Total Time": 4462.349, "Actual Max Total Time": 4679.611, "Actual Total Rows": 15338153, "Inner Unique": true, "Hash Cond": "(orders.o_custkey = customer.c_custkey), (LLVM Optimized, Jit Execute)", "Plans": [{"Node Type": "Streaming(type: LOCAL REDISTRIBUTE dop: 16/16)", "Parent Relationship": "Outer", "Startup Cost": 0.0, "Total Cost": 115241.83, "Plan Rows": 14844648, "Plan Width": 16, "Actual Min Startup Time": 0.073, "Actual Max Startup Time": 0.41, "Actual Min Total Time": 3726.549, "Actual Max Total Time": 4061.024, "Actual Total Rows": 14838130, "Plans": [{"Node Type": "Seq Scan", "Parent Relationship": "Outer", "Relation Name": "orders", "Alias": "orders", "Startup Cost": 0.0, "Total Cost": 43994.53, "Plan Rows": 14844648, "Plan Width": 16, "Actual Min Startup Time": 0.028, "Actual Max Startup Time": 0.056, "Actual Min Total Time": 577.565, "Actual Max Total Time": 615.405, "Actual Total Rows": 14838130, "Filter": "((o_comment)::text !~~ '%pending%deposits%'::text), (LLVM Optimized, Jit Execute)", "Rows Removed by Filter": 161870}]}, {"Node Type": "Hash", "Parent Relationship": "Inner", "Startup Cost": 38941.47, "Total Cost": 38941.47, "Plan Rows": 1500000, "Plan Width": 8, "Actual Min Startup Time": 140.485, "Actual Max Startup Time": 208.721, "Actual Min Total Time": 140.485, "Actual Max Total Time": 208.721, "Actual Total Rows": 1500000, "Max Hash Buckets": 131072, "Min Hash Buckets": 131072, "Max Hash Batches": 1, "Min Hash Batches": 1, "Max Original Hash Batches": 1, "Min Original Hash Batches": 1, "Max Peak Memory Usage": 3670, "min Peak Memory Usage": 3670, "Plans": [{"Node Type": "Streaming(type: LOCAL REDISTRIBUTE dop: 16/16)", "Parent Relationship": "Outer", "Startup Cost": 0.0, "Total Cost": 38941.47, "Plan Rows": 1500000, "Plan Width": 8, "Actual Min Startup Time": 0.049, "Actual Max Startup Time": 56.373, "Actual Min Total Time": 115.611, "Actual Max Total Time": 187.631, "Actual Total Rows": 1500000, "Plans": [{"Node Type": "Seq Scan", "Parent Relationship": "Outer", "Relation Name": "customer", "Alias": "customer", "Startup Cost": 0.0, "Total Cost": 18257.88, "Plan Rows": 1500000, "Plan Width": 8, "Actual Min Startup Time": 0.014, "Actual Max Startup Time": 0.032, "Actual Min Total Time": 31.257, "Actual Max Total Time": 33.274, "Actual Total Rows": 1500000}]}]}]}]}]}]}]}]}]}]}, "Triggers": [], "Planner Runtime": 0.979, "Total Runtime": 5349.088, "Unique SQL Id": 3026328400}}, "(16, 71)": {"explain_plan": {"Plan": {"Node Type": "Sort", "Startup Cost": 1060808.36, "Total Cost": 1060808.86, "Plan Rows": 200, "Plan Width": 16, "Sort Key": ["(count(*)) DESC", "c_orders.c_count DESC"], "Plans": [{"Node Type": "Aggregate", "Strategy": "Hashed", "Parent Relationship": "Outer", "Startup Cost": 1060798.71, "Total Cost": 1060800.71, "Plan Rows": 200, "Plan Width": 16, "Group By Key": ["c_orders.c_count"], "Plans": [{"Node Type": "Subquery Scan", "Parent Relationship": "Outer", "Alias": "c_orders", "Startup Cost": 1023298.71, "Total Cost": 1053298.71, "Plan Rows": 1500000, "Plan Width": 8, "Plans": [{"Node Type": "Aggregate", "Strategy": "Hashed", "Parent Relationship": "Subquery", "Startup Cost": 1023298.71, "Total Cost": 1038298.71, "Plan Rows": 1500000, "Plan Width": 24, "Group By Key": ["customer.c_custkey"], "Plans": [{"Node Type": "Hash Join", "Parent Relationship": "Outer", "Join Type": "Right", "Startup Cost": 408464.06, "Total Cost": 991547.13, "Plan Rows": 6350316, "Plan Width": 16, "Inner Unique": true, "Hash Cond": "(orders.o_custkey = customer.c_custkey), (LLVM Optimized)", "Plans": [{"Node Type": "Bitmap Heap Scan", "Parent Relationship": "Outer", "Relation Name": "orders", "Alias": "orders", "Startup Cost": 308576.81, "Total Cost": 772489.29, "Plan Rows": 14844648, "Plan Width": 16, "Filter": "((o_comment)::text !~~ '%pending%deposits%'::text), (LLVM Optimized)", "Plans": [{"Node Type": "Bitmap Index Scan", "Parent Relationship": "Outer", "Index Name": "idx_orders_custkey", "Startup Cost": 0.0, "Total Cost": 304865.65, "Plan Rows": 14999479, "Plan Width": 0}]}, {"Node Type": "Hash", "Parent Relationship": "Inner", "Startup Cost": 81137.25, "Total Cost": 81137.25, "Plan Rows": 1500000, "Plan Width": 8, "Plans": [{"Node Type": "Bitmap Heap Scan", "Parent Relationship": "Outer", "Relation Name": "customer", "Alias": "customer", "Startup Cost": 29011.25, "Total Cost": 81137.25, "Plan Rows": 1500000, "Plan Width": 8, "Plans": [{"Node Type": "Bitmap Index Scan", "Parent Relationship": "Outer", "Index Name": "customer_pkey", "Startup Cost": 0.0, "Total Cost": 28636.25, "Plan Rows": 1500000, "Plan Width": 0}]}]}]}]}]}]}]}, "Unique SQL Id": 3026328400}, "explain_analyze_plan": null}, "(16, 72)": {"explain_plan": {"Plan": {"Node Type": "Sort", "Startup Cost": 181208.12, "Total Cost": 181208.62, "Plan Rows": 200, "Plan Width": 16, "Sort Key": ["(pg_catalog.count(*)) DESC", "c_orders.c_count DESC"], "Plans": [{"Node Type": "Streaming(type: LOCAL GATHER dop: 1/16)", "Parent Relationship": "Outer", "Startup Cost": 181199.81, "Total Cost": 181200.48, "Plan Rows": 200, "Plan Width": 16, "Plans": [{"Node Type": "Aggregate", "Strategy": "Hashed", "Parent Relationship": "Outer", "Startup Cost": 181199.81, "Total Cost": 181199.94, "Plan Rows": 200, "Plan Width": 16, "Group By Key": ["c_orders.c_count"], "Plans": [{"Node Type": "Streaming(type: LOCAL REDISTRIBUTE dop: 16/16)", "Parent Relationship": "Outer", "Startup Cost": 181194.06, "Total Cost": 181199.75, "Plan Rows": 200, "Plan Width": 16, "Plans": [{"Node Type": "Aggregate", "Strategy": "Hashed", "Parent Relationship": "Outer", "Startup Cost": 181194.06, "Total Cost": 181194.19, "Plan Rows": 200, "Plan Width": 16, "Group By Key": ["c_orders.c_count"], "Plans": [{"Node Type": "Subquery Scan", "Parent Relationship": "Outer", "Alias": "c_orders", "Startup Cost": 164787.81, "Total Cost": 180725.31, "Plan Rows": 1500000, "Plan Width": 8, "Plans": [{"Node Type": "Aggregate", "Strategy": "Hashed", "Parent Relationship": "Subquery", "Startup Cost": 164787.81, "Total Cost": 165725.31, "Plan Rows": 1500000, "Plan Width": 24, "Group By Key": ["customer.c_custkey"], "Plans": [{"Node Type": "Hash Join", "Parent Relationship": "Outer", "Join Type": "Right", "Startup Cost": 40113.34, "Total Cost": 162803.34, "Plan Rows": 6350316, "Plan Width": 16, "Inner Unique": true, "Hash Cond": "(orders.o_custkey = customer.c_custkey), (LLVM Optimized)", "Plans": [{"Node Type": "Streaming(type: LOCAL REDISTRIBUTE dop: 16/16)", "Parent Relationship": "Outer", "Startup Cost": 0.0, "Total Cost": 115241.83, "Plan Rows": 14844648, "Plan Width": 16, "Plans": [{"Node Type": "Seq Scan", "Parent Relationship": "Outer", "Relation Name": "orders", "Alias": "orders", "Startup Cost": 0.0, "Total Cost": 43994.53, "Plan Rows": 14844648, "Plan Width": 16, "Filter": "((o_comment)::text !~~ '%pending%deposits%'::text), (LLVM Optimized)"}]}, {"Node Type": "Hash", "Parent Relationship": "Inner", "Startup Cost": 38941.47, "Total Cost": 38941.47, "Plan Rows": 1500000, "Plan Width": 8, "Plans": [{"Node Type": "Streaming(type: LOCAL REDISTRIBUTE dop: 16/16)", "Parent Relationship": "Outer", "Startup Cost": 0.0, "Total Cost": 38941.47, "Plan Rows": 1500000, "Plan Width": 8, "Plans": [{"Node Type": "Index Only Scan", "Parent Relationship": "Outer", "Scan Direction": "Forward", "Index Name": "customer_pkey", "Relation Name": "customer", "Alias": "customer", "Startup Cost": 0.0, "Total Cost": 18257.88, "Plan Rows": 1500000, "Plan Width": 8}]}]}]}]}]}]}]}]}]}]}, "Unique SQL Id": 3026328400}, "explain_analyze_plan": {"Plan": {"Node Type": "Sort", "Startup Cost": 181208.12, "Total Cost": 181208.62, "Plan Rows": 200, "Plan Width": 16, "Actual Min Startup Time": 4548.504, "Actual Max Startup Time": 4548.504, "Actual Min Total Time": 4548.507, "Actual Max Total Time": 4548.507, "Actual Total Rows": 46, "Sort Key": ["(pg_catalog.count(*)) DESC", "c_orders.c_count DESC"], "Sort Method": "quicksort", "Sort Space Min Used": 27, "Sort Space Max Used": 27, "Sort Space Type": "Memory", "Plans": [{"Node Type": "Streaming(type: LOCAL GATHER dop: 1/16)", "Parent Relationship": "Outer", "Startup Cost": 181199.81, "Total Cost": 181200.48, "Plan Rows": 200, "Plan Width": 16, "Actual Min Startup Time": 4548.233, "Actual Max Startup Time": 4548.233, "Actual Min Total Time": 4548.452, "Actual Max Total Time": 4548.452, "Actual Total Rows": 46, "Plans": [{"Node Type": "Aggregate", "Strategy": "Hashed", "Parent Relationship": "Outer", "Startup Cost": 181199.81, "Total Cost": 181199.94, "Plan Rows": 200, "Plan Width": 16, "Actual Min Startup Time": 4471.003, "Actual Max Startup Time": 4477.586, "Actual Min Total Time": 4471.005, "Actual Max Total Time": 4477.587, "Actual Total Rows": 46, "Group By Key": ["c_orders.c_count"], "Plans": [{"Node Type": "Streaming(type: LOCAL REDISTRIBUTE dop: 16/16)", "Parent Relationship": "Outer", "Startup Cost": 181194.06, "Total Cost": 181199.75, "Plan Rows": 200, "Plan Width": 16, "Actual Min Startup Time": 4465.562, "Actual Max Startup Time": 4474.555, "Actual Min Total Time": 4470.913, "Actual Max Total Time": 4477.506, "Actual Total Rows": 655, "Plans": [{"Node Type": "Aggregate", "Strategy": "Hashed", "Parent Relationship": "Outer", "Startup Cost": 181194.06, "Total Cost": 181194.19, "Plan Rows": 200, "Plan Width": 16, "Actual Min Startup Time": 4425.181, "Actual Max Startup Time": 4457.546, "Actual Min Total Time": 4425.191, "Actual Max Total Time": 4457.556, "Actual Total Rows": 655, "Group By Key": ["c_orders.c_count"], "Plans": [{"Node Type": "Subquery Scan", "Parent Relationship": "Outer", "Alias": "c_orders", "Startup Cost": 164787.81, "Total Cost": 180725.31, "Plan Rows": 1500000, "Plan Width": 8, "Actual Min Startup Time": 4353.839, "Actual Max Startup Time": 4383.884, "Actual Min Total Time": 4398.272, "Actual Max Total Time": 4430.94, "Actual Total Rows": 1500000, "Plans": [{"Node Type": "Aggregate", "Strategy": "Hashed", "Parent Relationship": "Subquery", "Startup Cost": 164787.81, "Total Cost": 165725.31, "Plan Rows": 1500000, "Plan Width": 24, "Actual Min Startup Time": 4353.837, "Actual Max Startup Time": 4383.881, "Actual Min Total Time": 4381.29, "Actual Max Total Time": 4413.938, "Actual Total Rows": 1500000, "Group By Key": ["customer.c_custkey"], "Plans": [{"Node Type": "Hash Join", "Parent Relationship": "Outer", "Join Type": "Right", "Startup Cost": 40113.34, "Total Cost": 162803.34, "Plan Rows": 6350316, "Plan Width": 16, "Actual Min Startup Time": 110.827, "Actual Max Startup Time": 140.674, "Actual Min Total Time": 3791.064, "Actual Max Total Time": 3878.06, "Actual Total Rows": 15338153, "Inner Unique": true, "Hash Cond": "(orders.o_custkey = customer.c_custkey), (LLVM Optimized, Jit Execute)", "Plans": [{"Node Type": "Streaming(type: LOCAL REDISTRIBUTE dop: 16/16)", "Parent Relationship": "Outer", "Startup Cost": 0.0, "Total Cost": 115241.83, "Plan Rows": 14844648, "Plan Width": 16, "Actual Min Startup Time": 0.079, "Actual Max Startup Time": 0.357, "Actual Min Total Time": 3129.215, "Actual Max Total Time": 3281.683, "Actual Total Rows": 14838130, "Plans": [{"Node Type": "Seq Scan", "Parent Relationship": "Outer", "Relation Name": "orders", "Alias": "orders", "Startup Cost": 0.0, "Total Cost": 43994.53, "Plan Rows": 14844648, "Plan Width": 16, "Actual Min Startup Time": 0.027, "Actual Max Startup Time": 0.059, "Actual Min Total Time": 585.839, "Actual Max Total Time": 614.123, "Actual Total Rows": 14838130, "Filter": "((o_comment)::text !~~ '%pending%deposits%'::text), (LLVM Optimized, Jit Execute)", "Rows Removed by Filter": 161870}]}, {"Node Type": "Hash", "Parent Relationship": "Inner", "Startup Cost": 38941.47, "Total Cost": 38941.47, "Plan Rows": 1500000, "Plan Width": 8, "Actual Min Startup Time": 110.499, "Actual Max Startup Time": 140.458, "Actual Min Total Time": 110.499, "Actual Max Total Time": 140.458, "Actual Total Rows": 1500000, "Max Hash Buckets": 131072, "Min Hash Buckets": 131072, "Max Hash Batches": 1, "Min Hash Batches": 1, "Max Original Hash Batches": 1, "Min Original Hash Batches": 1, "Max Peak Memory Usage": 3670, "min Peak Memory Usage": 3670, "Plans": [{"Node Type": "Streaming(type: LOCAL REDISTRIBUTE dop: 16/16)", "Parent Relationship": "Outer", "Startup Cost": 0.0, "Total Cost": 38941.47, "Plan Rows": 1500000, "Plan Width": 8, "Actual Min Startup Time": 0.049, "Actual Max Startup Time": 26.908, "Actual Min Total Time": 88.181, "Actual Max Total Time": 117.208, "Actual Total Rows": 1500000, "Plans": [{"Node Type": "Index Only Scan", "Parent Relationship": "Outer", "Scan Direction": "Forward", "Index Name": "customer_pkey", "Relation Name": "customer", "Alias": "customer", "Startup Cost": 0.0, "Total Cost": 18257.88, "Plan Rows": 1500000, "Plan Width": 8, "Actual Min Startup Time": 0.046, "Actual Max Startup Time": 50.533, "Actual Min Total Time": 21.776, "Actual Max Total Time": 72.693, "Actual Total Rows": 1500000, "Heap Fetches": 0}]}]}]}]}]}]}]}]}]}]}, "Triggers": [], "Planner Runtime": 0.944, "Total Runtime": 4569.915, "Unique SQL Id": 3026328400}}, "(16, 73)": {"explain_plan": {"Plan": {"Node Type": "Sort", "Startup Cost": 1656520.26, "Total Cost": 1656520.76, "Plan Rows": 200, "Plan Width": 16, "Sort Key": ["(pg_catalog.count(*)) DESC", "c_orders.c_count DESC"], "Plans": [{"Node Type": "Streaming(type: LOCAL GATHER dop: 1/16)", "Parent Relationship": "Outer", "Startup Cost": 1656511.95, "Total Cost": 1656512.62, "Plan Rows": 200, "Plan Width": 16, "Plans": [{"Node Type": "Aggregate", "Strategy": "Hashed", "Parent Relationship": "Outer", "Startup Cost": 1656511.95, "Total Cost": 1656512.08, "Plan Rows": 200, "Plan Width": 16, "Group By Key": ["c_orders.c_count"], "Plans": [{"Node Type": "Streaming(type: LOCAL REDISTRIBUTE dop: 16/16)", "Parent Relationship": "Outer", "Startup Cost": 1656506.2, "Total Cost": 1656511.89, "Plan Rows": 200, "Plan Width": 16, "Plans": [{"Node Type": "Aggregate", "Strategy": "Hashed", "Parent Relationship": "Outer", "Startup Cost": 1656506.2, "Total Cost": 1656506.33, "Plan Rows": 200, "Plan Width": 16, "Group By Key": ["c_orders.c_count"], "Plans": [{"Node Type": "Subquery Scan", "Parent Relationship": "Outer", "Alias": "c_orders", "Startup Cost": 1640099.95, "Total Cost": 1656037.45, "Plan Rows": 1500000, "Plan Width": 8, "Plans": [{"Node Type": "Aggregate", "Strategy": "Hashed", "Parent Relationship": "Subquery", "Startup Cost": 1640099.95, "Total Cost": 1641037.45, "Plan Rows": 1500000, "Plan Width": 24, "Group By Key": ["customer.c_custkey"], "Plans": [{"Node Type": "Hash Join", "Parent Relationship": "Outer", "Join Type": "Right", "Startup Cost": 122181.17, "Total Cost": 1638115.48, "Plan Rows": 6350316, "Plan Width": 16, "Inner Unique": true, "Hash Cond": "(orders.o_custkey = customer.c_custkey), (LLVM Optimized)", "Plans": [{"Node Type": "Streaming(type: LOCAL REDISTRIBUTE dop: 16/16)", "Parent Relationship": "Outer", "Startup Cost": 0.0, "Total Cost": 1508486.14, "Plan Rows": 14844648, "Plan Width": 16, "Plans": [{"Node Type": "Index Scan", "Parent Relationship": "Outer", "Scan Direction": "Forward", "Index Name": "idx_orders_custkey", "Relation Name": "orders", "Alias": "orders", "Startup Cost": 0.0, "Total Cost": 1437238.84, "Plan Rows": 14844648, "Plan Width": 16, "Filter": "((o_comment)::text !~~ '%pending%deposits%'::text), (LLVM Optimized)"}]}, {"Node Type": "Hash", "Parent Relationship": "Inner", "Startup Cost": 121009.3, "Total Cost": 121009.3, "Plan Rows": 1500000, "Plan Width": 8, "Plans": [{"Node Type": "Streaming(type: LOCAL REDISTRIBUTE dop: 16/1)", "Parent Relationship": "Outer", "Startup Cost": 0.0, "Total Cost": 121009.3, "Plan Rows": 1500000, "Plan Width": 8, "Plans": [{"Node Type": "Index Only Scan", "Parent Relationship": "Outer", "Scan Direction": "Forward", "Index Name": "customer_pkey", "Relation Name": "customer", "Alias": "customer", "Startup Cost": 0.0, "Total Cost": 43636.25, "Plan Rows": 1500000, "Plan Width": 8}]}]}]}]}]}]}]}]}]}]}, "Unique SQL Id": 3026328400}, "explain_analyze_plan": null}, "(16, 74)": {"explain_plan": {"Plan": {"Node Type": "Sort", "Startup Cost": 181208.12, "Total Cost": 181208.62, "Plan Rows": 200, "Plan Width": 16, "Sort Key": ["(pg_catalog.count(*)) DESC", "c_orders.c_count DESC"], "Plans": [{"Node Type": "Streaming(type: LOCAL GATHER dop: 1/16)", "Parent Relationship": "Outer", "Startup Cost": 181199.81, "Total Cost": 181200.48, "Plan Rows": 200, "Plan Width": 16, "Plans": [{"Node Type": "Aggregate", "Strategy": "Hashed", "Parent Relationship": "Outer", "Startup Cost": 181199.81, "Total Cost": 181199.94, "Plan Rows": 200, "Plan Width": 16, "Group By Key": ["c_orders.c_count"], "Plans": [{"Node Type": "Streaming(type: LOCAL REDISTRIBUTE dop: 16/16)", "Parent Relationship": "Outer", "Startup Cost": 181194.06, "Total Cost": 181199.75, "Plan Rows": 200, "Plan Width": 16, "Plans": [{"Node Type": "Aggregate", "Strategy": "Hashed", "Parent Relationship": "Outer", "Startup Cost": 181194.06, "Total Cost": 181194.19, "Plan Rows": 200, "Plan Width": 16, "Group By Key": ["c_orders.c_count"], "Plans": [{"Node Type": "Subquery Scan", "Parent Relationship": "Outer", "Alias": "c_orders", "Startup Cost": 164787.81, "Total Cost": 180725.31, "Plan Rows": 1500000, "Plan Width": 8, "Plans": [{"Node Type": "Aggregate", "Strategy": "Hashed", "Parent Relationship": "Subquery", "Startup Cost": 164787.81, "Total Cost": 165725.31, "Plan Rows": 1500000, "Plan Width": 24, "Group By Key": ["customer.c_custkey"], "Plans": [{"Node Type": "Hash Join", "Parent Relationship": "Outer", "Join Type": "Right", "Startup Cost": 40113.34, "Total Cost": 162803.34, "Plan Rows": 6350316, "Plan Width": 16, "Inner Unique": true, "Hash Cond": "(orders.o_custkey = customer.c_custkey), (LLVM Optimized)", "Plans": [{"Node Type": "Streaming(type: LOCAL REDISTRIBUTE dop: 16/16)", "Parent Relationship": "Outer", "Startup Cost": 0.0, "Total Cost": 115241.83, "Plan Rows": 14844648, "Plan Width": 16, "Plans": [{"Node Type": "Seq Scan", "Parent Relationship": "Outer", "Relation Name": "orders", "Alias": "orders", "Startup Cost": 0.0, "Total Cost": 43994.53, "Plan Rows": 14844648, "Plan Width": 16, "Filter": "((o_comment)::text !~~ '%pending%deposits%'::text), (LLVM Optimized)"}]}, {"Node Type": "Hash", "Parent Relationship": "Inner", "Startup Cost": 38941.47, "Total Cost": 38941.47, "Plan Rows": 1500000, "Plan Width": 8, "Plans": [{"Node Type": "Streaming(type: LOCAL REDISTRIBUTE dop: 16/16)", "Parent Relationship": "Outer", "Startup Cost": 0.0, "Total Cost": 38941.47, "Plan Rows": 1500000, "Plan Width": 8, "Plans": [{"Node Type": "Seq Scan", "Parent Relationship": "Outer", "Relation Name": "customer", "Alias": "customer", "Startup Cost": 0.0, "Total Cost": 18257.88, "Plan Rows": 1500000, "Plan Width": 8}]}]}]}]}]}]}]}]}]}]}, "Unique SQL Id": 3026328400}, "explain_analyze_plan": {"Plan": {"Node Type": "Sort", "Startup Cost": 181208.12, "Total Cost": 181208.62, "Plan Rows": 200, "Plan Width": 16, "Actual Min Startup Time": 5326.787, "Actual Max Startup Time": 5326.787, "Actual Min Total Time": 5326.791, "Actual Max Total Time": 5326.791, "Actual Total Rows": 46, "Sort Key": ["(pg_catalog.count(*)) DESC", "c_orders.c_count DESC"], "Sort Method": "quicksort", "Sort Space Min Used": 27, "Sort Space Max Used": 27, "Sort Space Type": "Memory", "Plans": [{"Node Type": "Streaming(type: LOCAL GATHER dop: 1/16)", "Parent Relationship": "Outer", "Startup Cost": 181199.81, "Total Cost": 181200.48, "Plan Rows": 200, "Plan Width": 16, "Actual Min Startup Time": 5326.566, "Actual Max Startup Time": 5326.566, "Actual Min Total Time": 5326.733, "Actual Max Total Time": 5326.733, "Actual Total Rows": 46, "Plans": [{"Node Type": "Aggregate", "Strategy": "Hashed", "Parent Relationship": "Outer", "Startup Cost": 181199.81, "Total Cost": 181199.94, "Plan Rows": 200, "Plan Width": 16, "Actual Min Startup Time": 5227.186, "Actual Max Startup Time": 5248.484, "Actual Min Total Time": 5227.186, "Actual Max Total Time": 5248.485, "Actual Total Rows": 46, "Group By Key": ["c_orders.c_count"], "Plans": [{"Node Type": "Streaming(type: LOCAL REDISTRIBUTE dop: 16/16)", "Parent Relationship": "Outer", "Startup Cost": 181194.06, "Total Cost": 181199.75, "Plan Rows": 200, "Plan Width": 16, "Actual Min Startup Time": 5208.963, "Actual Max Startup Time": 5235.167, "Actual Min Total Time": 5227.054, "Actual Max Total Time": 5248.321, "Actual Total Rows": 655, "Plans": [{"Node Type": "Aggregate", "Strategy": "Hashed", "Parent Relationship": "Outer", "Startup Cost": 181194.06, "Total Cost": 181194.19, "Plan Rows": 200, "Plan Width": 16, "Actual Min Startup Time": 5164.415, "Actual Max Startup Time": 5242.866, "Actual Min Total Time": 5164.423, "Actual Max Total Time": 5242.875, "Actual Total Rows": 655, "Group By Key": ["c_orders.c_count"], "Plans": [{"Node Type": "Subquery Scan", "Parent Relationship": "Outer", "Alias": "c_orders", "Startup Cost": 164787.81, "Total Cost": 180725.31, "Plan Rows": 1500000, "Plan Width": 8, "Actual Min Startup Time": 5090.346, "Actual Max Startup Time": 5157.9, "Actual Min Total Time": 5137.583, "Actual Max Total Time": 5215.936, "Actual Total Rows": 1500000, "Plans": [{"Node Type": "Aggregate", "Strategy": "Hashed", "Parent Relationship": "Subquery", "Startup Cost": 164787.81, "Total Cost": 165725.31, "Plan Rows": 1500000, "Plan Width": 24, "Actual Min Startup Time": 5090.345, "Actual Max Startup Time": 5157.898, "Actual Min Total Time": 5120.636, "Actual Max Total Time": 5199.243, "Actual Total Rows": 1500000, "Group By Key": ["customer.c_custkey"], "Plans": [{"Node Type": "Hash Join", "Parent Relationship": "Outer", "Join Type": "Right", "Startup Cost": 40113.34, "Total Cost": 162803.34, "Plan Rows": 6350316, "Plan Width": 16, "Actual Min Startup Time": 140.725, "Actual Max Startup Time": 208.973, "Actual Min Total Time": 4462.349, "Actual Max Total Time": 4679.611, "Actual Total Rows": 15338153, "Inner Unique": true, "Hash Cond": "(orders.o_custkey = customer.c_custkey), (LLVM Optimized, Jit Execute)", "Plans": [{"Node Type": "Streaming(type: LOCAL REDISTRIBUTE dop: 16/16)", "Parent Relationship": "Outer", "Startup Cost": 0.0, "Total Cost": 115241.83, "Plan Rows": 14844648, "Plan Width": 16, "Actual Min Startup Time": 0.073, "Actual Max Startup Time": 0.41, "Actual Min Total Time": 3726.549, "Actual Max Total Time": 4061.024, "Actual Total Rows": 14838130, "Plans": [{"Node Type": "Seq Scan", "Parent Relationship": "Outer", "Relation Name": "orders", "Alias": "orders", "Startup Cost": 0.0, "Total Cost": 43994.53, "Plan Rows": 14844648, "Plan Width": 16, "Actual Min Startup Time": 0.028, "Actual Max Startup Time": 0.056, "Actual Min Total Time": 577.565, "Actual Max Total Time": 615.405, "Actual Total Rows": 14838130, "Filter": "((o_comment)::text !~~ '%pending%deposits%'::text), (LLVM Optimized, Jit Execute)", "Rows Removed by Filter": 161870}]}, {"Node Type": "Hash", "Parent Relationship": "Inner", "Startup Cost": 38941.47, "Total Cost": 38941.47, "Plan Rows": 1500000, "Plan Width": 8, "Actual Min Startup Time": 140.485, "Actual Max Startup Time": 208.721, "Actual Min Total Time": 140.485, "Actual Max Total Time": 208.721, "Actual Total Rows": 1500000, "Max Hash Buckets": 131072, "Min Hash Buckets": 131072, "Max Hash Batches": 1, "Min Hash Batches": 1, "Max Original Hash Batches": 1, "Min Original Hash Batches": 1, "Max Peak Memory Usage": 3670, "min Peak Memory Usage": 3670, "Plans": [{"Node Type": "Streaming(type: LOCAL REDISTRIBUTE dop: 16/16)", "Parent Relationship": "Outer", "Startup Cost": 0.0, "Total Cost": 38941.47, "Plan Rows": 1500000, "Plan Width": 8, "Actual Min Startup Time": 0.049, "Actual Max Startup Time": 56.373, "Actual Min Total Time": 115.611, "Actual Max Total Time": 187.631, "Actual Total Rows": 1500000, "Plans": [{"Node Type": "Seq Scan", "Parent Relationship": "Outer", "Relation Name": "customer", "Alias": "customer", "Startup Cost": 0.0, "Total Cost": 18257.88, "Plan Rows": 1500000, "Plan Width": 8, "Actual Min Startup Time": 0.014, "Actual Max Startup Time": 0.032, "Actual Min Total Time": 31.257, "Actual Max Total Time": 33.274, "Actual Total Rows": 1500000}]}]}]}]}]}]}]}]}]}]}, "Triggers": [], "Planner Runtime": 0.979, "Total Runtime": 5349.088, "Unique SQL Id": 3026328400}}, "(16, 75)": {"explain_plan": {"Plan": {"Node Type": "Sort", "Startup Cost": 2000131988437.04, "Total Cost": 2000131988437.54, "Plan Rows": 200, "Plan Width": 16, "Sort Key": ["(count(*)) DESC", "c_orders.c_count DESC"], "Plans": [{"Node Type": "Aggregate", "Strategy": "Hashed", "Parent Relationship": "Outer", "Startup Cost": 2000131988427.4, "Total Cost": 2000131988429.4, "Plan Rows": 200, "Plan Width": 16, "Group By Key": ["c_orders.c_count"], "Plans": [{"Node Type": "Subquery Scan", "Parent Relationship": "Outer", "Alias": "c_orders", "Startup Cost": 2000131950927.4, "Total Cost": 2000131980927.4, "Plan Rows": 1500000, "Plan Width": 8, "Plans": [{"Node Type": "Aggregate", "Strategy": "Hashed", "Parent Relationship": "Subquery", "Startup Cost": 2000131950927.4, "Total Cost": 2000131965927.4, "Plan Rows": 1500000, "Plan Width": 24, "Group By Key": ["customer.c_custkey"], "Plans": [{"Node Type": "Merge Join", "Parent Relationship": "Outer", "Join Type": "Left", "Startup Cost": 20000000000.0, "Total Cost": 2000131919175.82, "Plan Rows": 6350316, "Plan Width": 16, "Inner Unique": false, "Merge Cond": "(customer.c_custkey = orders.o_custkey)", "Plans": [{"Node Type": "Index Only Scan", "Parent Relationship": "Outer", "Scan Direction": "Forward", "Index Name": "customer_pkey", "Relation Name": "customer", "Alias": "customer", "Startup Cost": 10000000000.0, "Total Cost": 1000004363625.0, "Plan Rows": 1500000, "Plan Width": 8}, {"Node Type": "Index Scan", "Parent Relationship": "Inner", "Scan Direction": "Forward", "Index Name": "idx_orders_custkey", "Relation Name": "orders", "Alias": "orders", "Startup Cost": 10000000000.0, "Total Cost": 1000159801398.83, "Plan Rows": 14844648, "Plan Width": 16, "Filter": "((o_comment)::text !~~ '%pending%deposits%'::text), (LLVM Optimized)"}]}]}]}]}]}, "Unique SQL Id": 3026328400}, "explain_analyze_plan": null}, "(16, 76)": {"explain_plan": {"Plan": {"Node Type": "Sort", "Startup Cost": 181208.12, "Total Cost": 181208.62, "Plan Rows": 200, "Plan Width": 16, "Sort Key": ["(pg_catalog.count(*)) DESC", "c_orders.c_count DESC"], "Plans": [{"Node Type": "Streaming(type: LOCAL GATHER dop: 1/16)", "Parent Relationship": "Outer", "Startup Cost": 181199.81, "Total Cost": 181200.48, "Plan Rows": 200, "Plan Width": 16, "Plans": [{"Node Type": "Aggregate", "Strategy": "Hashed", "Parent Relationship": "Outer", "Startup Cost": 181199.81, "Total Cost": 181199.94, "Plan Rows": 200, "Plan Width": 16, "Group By Key": ["c_orders.c_count"], "Plans": [{"Node Type": "Streaming(type: LOCAL REDISTRIBUTE dop: 16/16)", "Parent Relationship": "Outer", "Startup Cost": 181194.06, "Total Cost": 181199.75, "Plan Rows": 200, "Plan Width": 16, "Plans": [{"Node Type": "Aggregate", "Strategy": "Hashed", "Parent Relationship": "Outer", "Startup Cost": 181194.06, "Total Cost": 181194.19, "Plan Rows": 200, "Plan Width": 16, "Group By Key": ["c_orders.c_count"], "Plans": [{"Node Type": "Subquery Scan", "Parent Relationship": "Outer", "Alias": "c_orders", "Startup Cost": 164787.81, "Total Cost": 180725.31, "Plan Rows": 1500000, "Plan Width": 8, "Plans": [{"Node Type": "Aggregate", "Strategy": "Hashed", "Parent Relationship": "Subquery", "Startup Cost": 164787.81, "Total Cost": 165725.31, "Plan Rows": 1500000, "Plan Width": 24, "Group By Key": ["customer.c_custkey"], "Plans": [{"Node Type": "Hash Join", "Parent Relationship": "Outer", "Join Type": "Right", "Startup Cost": 40113.34, "Total Cost": 162803.34, "Plan Rows": 6350316, "Plan Width": 16, "Inner Unique": true, "Hash Cond": "(orders.o_custkey = customer.c_custkey), (LLVM Optimized)", "Plans": [{"Node Type": "Streaming(type: LOCAL REDISTRIBUTE dop: 16/16)", "Parent Relationship": "Outer", "Startup Cost": 0.0, "Total Cost": 115241.83, "Plan Rows": 14844648, "Plan Width": 16, "Plans": [{"Node Type": "Seq Scan", "Parent Relationship": "Outer", "Relation Name": "orders", "Alias": "orders", "Startup Cost": 0.0, "Total Cost": 43994.53, "Plan Rows": 14844648, "Plan Width": 16, "Filter": "((o_comment)::text !~~ '%pending%deposits%'::text), (LLVM Optimized)"}]}, {"Node Type": "Hash", "Parent Relationship": "Inner", "Startup Cost": 38941.47, "Total Cost": 38941.47, "Plan Rows": 1500000, "Plan Width": 8, "Plans": [{"Node Type": "Streaming(type: LOCAL REDISTRIBUTE dop: 16/16)", "Parent Relationship": "Outer", "Startup Cost": 0.0, "Total Cost": 38941.47, "Plan Rows": 1500000, "Plan Width": 8, "Plans": [{"Node Type": "Seq Scan", "Parent Relationship": "Outer", "Relation Name": "customer", "Alias": "customer", "Startup Cost": 0.0, "Total Cost": 18257.88, "Plan Rows": 1500000, "Plan Width": 8}]}]}]}]}]}]}]}]}]}]}, "Unique SQL Id": 3026328400}, "explain_analyze_plan": {"Plan": {"Node Type": "Sort", "Startup Cost": 181208.12, "Total Cost": 181208.62, "Plan Rows": 200, "Plan Width": 16, "Actual Min Startup Time": 5326.787, "Actual Max Startup Time": 5326.787, "Actual Min Total Time": 5326.791, "Actual Max Total Time": 5326.791, "Actual Total Rows": 46, "Sort Key": ["(pg_catalog.count(*)) DESC", "c_orders.c_count DESC"], "Sort Method": "quicksort", "Sort Space Min Used": 27, "Sort Space Max Used": 27, "Sort Space Type": "Memory", "Plans": [{"Node Type": "Streaming(type: LOCAL GATHER dop: 1/16)", "Parent Relationship": "Outer", "Startup Cost": 181199.81, "Total Cost": 181200.48, "Plan Rows": 200, "Plan Width": 16, "Actual Min Startup Time": 5326.566, "Actual Max Startup Time": 5326.566, "Actual Min Total Time": 5326.733, "Actual Max Total Time": 5326.733, "Actual Total Rows": 46, "Plans": [{"Node Type": "Aggregate", "Strategy": "Hashed", "Parent Relationship": "Outer", "Startup Cost": 181199.81, "Total Cost": 181199.94, "Plan Rows": 200, "Plan Width": 16, "Actual Min Startup Time": 5227.186, "Actual Max Startup Time": 5248.484, "Actual Min Total Time": 5227.186, "Actual Max Total Time": 5248.485, "Actual Total Rows": 46, "Group By Key": ["c_orders.c_count"], "Plans": [{"Node Type": "Streaming(type: LOCAL REDISTRIBUTE dop: 16/16)", "Parent Relationship": "Outer", "Startup Cost": 181194.06, "Total Cost": 181199.75, "Plan Rows": 200, "Plan Width": 16, "Actual Min Startup Time": 5208.963, "Actual Max Startup Time": 5235.167, "Actual Min Total Time": 5227.054, "Actual Max Total Time": 5248.321, "Actual Total Rows": 655, "Plans": [{"Node Type": "Aggregate", "Strategy": "Hashed", "Parent Relationship": "Outer", "Startup Cost": 181194.06, "Total Cost": 181194.19, "Plan Rows": 200, "Plan Width": 16, "Actual Min Startup Time": 5164.415, "Actual Max Startup Time": 5242.866, "Actual Min Total Time": 5164.423, "Actual Max Total Time": 5242.875, "Actual Total Rows": 655, "Group By Key": ["c_orders.c_count"], "Plans": [{"Node Type": "Subquery Scan", "Parent Relationship": "Outer", "Alias": "c_orders", "Startup Cost": 164787.81, "Total Cost": 180725.31, "Plan Rows": 1500000, "Plan Width": 8, "Actual Min Startup Time": 5090.346, "Actual Max Startup Time": 5157.9, "Actual Min Total Time": 5137.583, "Actual Max Total Time": 5215.936, "Actual Total Rows": 1500000, "Plans": [{"Node Type": "Aggregate", "Strategy": "Hashed", "Parent Relationship": "Subquery", "Startup Cost": 164787.81, "Total Cost": 165725.31, "Plan Rows": 1500000, "Plan Width": 24, "Actual Min Startup Time": 5090.345, "Actual Max Startup Time": 5157.898, "Actual Min Total Time": 5120.636, "Actual Max Total Time": 5199.243, "Actual Total Rows": 1500000, "Group By Key": ["customer.c_custkey"], "Plans": [{"Node Type": "Hash Join", "Parent Relationship": "Outer", "Join Type": "Right", "Startup Cost": 40113.34, "Total Cost": 162803.34, "Plan Rows": 6350316, "Plan Width": 16, "Actual Min Startup Time": 140.725, "Actual Max Startup Time": 208.973, "Actual Min Total Time": 4462.349, "Actual Max Total Time": 4679.611, "Actual Total Rows": 15338153, "Inner Unique": true, "Hash Cond": "(orders.o_custkey = customer.c_custkey), (LLVM Optimized, Jit Execute)", "Plans": [{"Node Type": "Streaming(type: LOCAL REDISTRIBUTE dop: 16/16)", "Parent Relationship": "Outer", "Startup Cost": 0.0, "Total Cost": 115241.83, "Plan Rows": 14844648, "Plan Width": 16, "Actual Min Startup Time": 0.073, "Actual Max Startup Time": 0.41, "Actual Min Total Time": 3726.549, "Actual Max Total Time": 4061.024, "Actual Total Rows": 14838130, "Plans": [{"Node Type": "Seq Scan", "Parent Relationship": "Outer", "Relation Name": "orders", "Alias": "orders", "Startup Cost": 0.0, "Total Cost": 43994.53, "Plan Rows": 14844648, "Plan Width": 16, "Actual Min Startup Time": 0.028, "Actual Max Startup Time": 0.056, "Actual Min Total Time": 577.565, "Actual Max Total Time": 615.405, "Actual Total Rows": 14838130, "Filter": "((o_comment)::text !~~ '%pending%deposits%'::text), (LLVM Optimized, Jit Execute)", "Rows Removed by Filter": 161870}]}, {"Node Type": "Hash", "Parent Relationship": "Inner", "Startup Cost": 38941.47, "Total Cost": 38941.47, "Plan Rows": 1500000, "Plan Width": 8, "Actual Min Startup Time": 140.485, "Actual Max Startup Time": 208.721, "Actual Min Total Time": 140.485, "Actual Max Total Time": 208.721, "Actual Total Rows": 1500000, "Max Hash Buckets": 131072, "Min Hash Buckets": 131072, "Max Hash Batches": 1, "Min Hash Batches": 1, "Max Original Hash Batches": 1, "Min Original Hash Batches": 1, "Max Peak Memory Usage": 3670, "min Peak Memory Usage": 3670, "Plans": [{"Node Type": "Streaming(type: LOCAL REDISTRIBUTE dop: 16/16)", "Parent Relationship": "Outer", "Startup Cost": 0.0, "Total Cost": 38941.47, "Plan Rows": 1500000, "Plan Width": 8, "Actual Min Startup Time": 0.049, "Actual Max Startup Time": 56.373, "Actual Min Total Time": 115.611, "Actual Max Total Time": 187.631, "Actual Total Rows": 1500000, "Plans": [{"Node Type": "Seq Scan", "Parent Relationship": "Outer", "Relation Name": "customer", "Alias": "customer", "Startup Cost": 0.0, "Total Cost": 18257.88, "Plan Rows": 1500000, "Plan Width": 8, "Actual Min Startup Time": 0.014, "Actual Max Startup Time": 0.032, "Actual Min Total Time": 31.257, "Actual Max Total Time": 33.274, "Actual Total Rows": 1500000}]}]}]}]}]}]}]}]}]}]}, "Triggers": [], "Planner Runtime": 0.979, "Total Runtime": 5349.088, "Unique SQL Id": 3026328400}}, "(16, 77)": {"explain_plan": {"Plan": {"Node Type": "Sort", "Startup Cost": 1693649.37, "Total Cost": 1693649.87, "Plan Rows": 200, "Plan Width": 16, "Sort Key": ["(pg_catalog.count(*)) DESC", "c_orders.c_count DESC"], "Plans": [{"Node Type": "Streaming(type: LOCAL GATHER dop: 1/16)", "Parent Relationship": "Outer", "Startup Cost": 1693641.06, "Total Cost": 1693641.72, "Plan Rows": 200, "Plan Width": 16, "Plans": [{"Node Type": "Aggregate", "Strategy": "Hashed", "Parent Relationship": "Outer", "Startup Cost": 1693641.06, "Total Cost": 1693641.18, "Plan Rows": 200, "Plan Width": 16, "Group By Key": ["c_orders.c_count"], "Plans": [{"Node Type": "Streaming(type: LOCAL REDISTRIBUTE dop: 16/16)", "Parent Relationship": "Outer", "Startup Cost": 1693635.31, "Total Cost": 1693641.0, "Plan Rows": 200, "Plan Width": 16, "Plans": [{"Node Type": "Aggregate", "Strategy": "Hashed", "Parent Relationship": "Outer", "Startup Cost": 1693635.31, "Total Cost": 1693635.43, "Plan Rows": 200, "Plan Width": 16, "Group By Key": ["c_orders.c_count"], "Plans": [{"Node Type": "Subquery Scan", "Parent Relationship": "Outer", "Alias": "c_orders", "Startup Cost": 1677229.06, "Total Cost": 1693166.56, "Plan Rows": 1500000, "Plan Width": 8, "Plans": [{"Node Type": "Aggregate", "Strategy": "Hashed", "Parent Relationship": "Subquery", "Startup Cost": 1677229.06, "Total Cost": 1678166.56, "Plan Rows": 1500000, "Plan Width": 24, "Group By Key": ["customer.c_custkey"], "Plans": [{"Node Type": "Hash Join", "Parent Relationship": "Outer", "Join Type": "Right", "Startup Cost": 159310.28, "Total Cost": 1675244.58, "Plan Rows": 6350316, "Plan Width": 16, "Inner Unique": true, "Hash Cond": "(orders.o_custkey = customer.c_custkey), (LLVM Optimized)", "Plans": [{"Node Type": "Streaming(type: LOCAL REDISTRIBUTE dop: 16/16)", "Parent Relationship": "Outer", "Startup Cost": 0.0, "Total Cost": 1508486.14, "Plan Rows": 14844648, "Plan Width": 16, "Plans": [{"Node Type": "Index Scan", "Parent Relationship": "Outer", "Scan Direction": "Forward", "Index Name": "idx_orders_custkey", "Relation Name": "orders", "Alias": "orders", "Startup Cost": 0.0, "Total Cost": 1437238.84, "Plan Rows": 14844648, "Plan Width": 16, "Filter": "((o_comment)::text !~~ '%pending%deposits%'::text), (LLVM Optimized)"}]}, {"Node Type": "Hash", "Parent Relationship": "Inner", "Startup Cost": 158138.4, "Total Cost": 158138.4, "Plan Rows": 1500000, "Plan Width": 8, "Plans": [{"Node Type": "Streaming(type: LOCAL REDISTRIBUTE dop: 16/1)", "Parent Relationship": "Outer", "Startup Cost": 0.0, "Total Cost": 158138.4, "Plan Rows": 1500000, "Plan Width": 8, "Plans": [{"Node Type": "Index Scan", "Parent Relationship": "Outer", "Scan Direction": "Forward", "Index Name": "customer_pkey", "Relation Name": "customer", "Alias": "customer", "Startup Cost": 0.0, "Total Cost": 80765.36, "Plan Rows": 1500000, "Plan Width": 8}]}]}]}]}]}]}]}]}]}]}, "Unique SQL Id": 3026328400}, "explain_analyze_plan": null}, "(16, 78)": {"explain_plan": {"Plan": {"Node Type": "Sort", "Startup Cost": 181208.12, "Total Cost": 181208.62, "Plan Rows": 200, "Plan Width": 16, "Sort Key": ["(pg_catalog.count(*)) DESC", "c_orders.c_count DESC"], "Plans": [{"Node Type": "Streaming(type: LOCAL GATHER dop: 1/16)", "Parent Relationship": "Outer", "Startup Cost": 181199.81, "Total Cost": 181200.48, "Plan Rows": 200, "Plan Width": 16, "Plans": [{"Node Type": "Aggregate", "Strategy": "Hashed", "Parent Relationship": "Outer", "Startup Cost": 181199.81, "Total Cost": 181199.94, "Plan Rows": 200, "Plan Width": 16, "Group By Key": ["c_orders.c_count"], "Plans": [{"Node Type": "Streaming(type: LOCAL REDISTRIBUTE dop: 16/16)", "Parent Relationship": "Outer", "Startup Cost": 181194.06, "Total Cost": 181199.75, "Plan Rows": 200, "Plan Width": 16, "Plans": [{"Node Type": "Aggregate", "Strategy": "Hashed", "Parent Relationship": "Outer", "Startup Cost": 181194.06, "Total Cost": 181194.19, "Plan Rows": 200, "Plan Width": 16, "Group By Key": ["c_orders.c_count"], "Plans": [{"Node Type": "Subquery Scan", "Parent Relationship": "Outer", "Alias": "c_orders", "Startup Cost": 164787.81, "Total Cost": 180725.31, "Plan Rows": 1500000, "Plan Width": 8, "Plans": [{"Node Type": "Aggregate", "Strategy": "Hashed", "Parent Relationship": "Subquery", "Startup Cost": 164787.81, "Total Cost": 165725.31, "Plan Rows": 1500000, "Plan Width": 24, "Group By Key": ["customer.c_custkey"], "Plans": [{"Node Type": "Hash Join", "Parent Relationship": "Outer", "Join Type": "Right", "Startup Cost": 40113.34, "Total Cost": 162803.34, "Plan Rows": 6350316, "Plan Width": 16, "Inner Unique": true, "Hash Cond": "(orders.o_custkey = customer.c_custkey), (LLVM Optimized)", "Plans": [{"Node Type": "Streaming(type: LOCAL REDISTRIBUTE dop: 16/16)", "Parent Relationship": "Outer", "Startup Cost": 0.0, "Total Cost": 115241.83, "Plan Rows": 14844648, "Plan Width": 16, "Plans": [{"Node Type": "Seq Scan", "Parent Relationship": "Outer", "Relation Name": "orders", "Alias": "orders", "Startup Cost": 0.0, "Total Cost": 43994.53, "Plan Rows": 14844648, "Plan Width": 16, "Filter": "((o_comment)::text !~~ '%pending%deposits%'::text), (LLVM Optimized)"}]}, {"Node Type": "Hash", "Parent Relationship": "Inner", "Startup Cost": 38941.47, "Total Cost": 38941.47, "Plan Rows": 1500000, "Plan Width": 8, "Plans": [{"Node Type": "Streaming(type: LOCAL REDISTRIBUTE dop: 16/16)", "Parent Relationship": "Outer", "Startup Cost": 0.0, "Total Cost": 38941.47, "Plan Rows": 1500000, "Plan Width": 8, "Plans": [{"Node Type": "Seq Scan", "Parent Relationship": "Outer", "Relation Name": "customer", "Alias": "customer", "Startup Cost": 0.0, "Total Cost": 18257.88, "Plan Rows": 1500000, "Plan Width": 8}]}]}]}]}]}]}]}]}]}]}, "Unique SQL Id": 3026328400}, "explain_analyze_plan": {"Plan": {"Node Type": "Sort", "Startup Cost": 181208.12, "Total Cost": 181208.62, "Plan Rows": 200, "Plan Width": 16, "Actual Min Startup Time": 5326.787, "Actual Max Startup Time": 5326.787, "Actual Min Total Time": 5326.791, "Actual Max Total Time": 5326.791, "Actual Total Rows": 46, "Sort Key": ["(pg_catalog.count(*)) DESC", "c_orders.c_count DESC"], "Sort Method": "quicksort", "Sort Space Min Used": 27, "Sort Space Max Used": 27, "Sort Space Type": "Memory", "Plans": [{"Node Type": "Streaming(type: LOCAL GATHER dop: 1/16)", "Parent Relationship": "Outer", "Startup Cost": 181199.81, "Total Cost": 181200.48, "Plan Rows": 200, "Plan Width": 16, "Actual Min Startup Time": 5326.566, "Actual Max Startup Time": 5326.566, "Actual Min Total Time": 5326.733, "Actual Max Total Time": 5326.733, "Actual Total Rows": 46, "Plans": [{"Node Type": "Aggregate", "Strategy": "Hashed", "Parent Relationship": "Outer", "Startup Cost": 181199.81, "Total Cost": 181199.94, "Plan Rows": 200, "Plan Width": 16, "Actual Min Startup Time": 5227.186, "Actual Max Startup Time": 5248.484, "Actual Min Total Time": 5227.186, "Actual Max Total Time": 5248.485, "Actual Total Rows": 46, "Group By Key": ["c_orders.c_count"], "Plans": [{"Node Type": "Streaming(type: LOCAL REDISTRIBUTE dop: 16/16)", "Parent Relationship": "Outer", "Startup Cost": 181194.06, "Total Cost": 181199.75, "Plan Rows": 200, "Plan Width": 16, "Actual Min Startup Time": 5208.963, "Actual Max Startup Time": 5235.167, "Actual Min Total Time": 5227.054, "Actual Max Total Time": 5248.321, "Actual Total Rows": 655, "Plans": [{"Node Type": "Aggregate", "Strategy": "Hashed", "Parent Relationship": "Outer", "Startup Cost": 181194.06, "Total Cost": 181194.19, "Plan Rows": 200, "Plan Width": 16, "Actual Min Startup Time": 5164.415, "Actual Max Startup Time": 5242.866, "Actual Min Total Time": 5164.423, "Actual Max Total Time": 5242.875, "Actual Total Rows": 655, "Group By Key": ["c_orders.c_count"], "Plans": [{"Node Type": "Subquery Scan", "Parent Relationship": "Outer", "Alias": "c_orders", "Startup Cost": 164787.81, "Total Cost": 180725.31, "Plan Rows": 1500000, "Plan Width": 8, "Actual Min Startup Time": 5090.346, "Actual Max Startup Time": 5157.9, "Actual Min Total Time": 5137.583, "Actual Max Total Time": 5215.936, "Actual Total Rows": 1500000, "Plans": [{"Node Type": "Aggregate", "Strategy": "Hashed", "Parent Relationship": "Subquery", "Startup Cost": 164787.81, "Total Cost": 165725.31, "Plan Rows": 1500000, "Plan Width": 24, "Actual Min Startup Time": 5090.345, "Actual Max Startup Time": 5157.898, "Actual Min Total Time": 5120.636, "Actual Max Total Time": 5199.243, "Actual Total Rows": 1500000, "Group By Key": ["customer.c_custkey"], "Plans": [{"Node Type": "Hash Join", "Parent Relationship": "Outer", "Join Type": "Right", "Startup Cost": 40113.34, "Total Cost": 162803.34, "Plan Rows": 6350316, "Plan Width": 16, "Actual Min Startup Time": 140.725, "Actual Max Startup Time": 208.973, "Actual Min Total Time": 4462.349, "Actual Max Total Time": 4679.611, "Actual Total Rows": 15338153, "Inner Unique": true, "Hash Cond": "(orders.o_custkey = customer.c_custkey), (LLVM Optimized, Jit Execute)", "Plans": [{"Node Type": "Streaming(type: LOCAL REDISTRIBUTE dop: 16/16)", "Parent Relationship": "Outer", "Startup Cost": 0.0, "Total Cost": 115241.83, "Plan Rows": 14844648, "Plan Width": 16, "Actual Min Startup Time": 0.073, "Actual Max Startup Time": 0.41, "Actual Min Total Time": 3726.549, "Actual Max Total Time": 4061.024, "Actual Total Rows": 14838130, "Plans": [{"Node Type": "Seq Scan", "Parent Relationship": "Outer", "Relation Name": "orders", "Alias": "orders", "Startup Cost": 0.0, "Total Cost": 43994.53, "Plan Rows": 14844648, "Plan Width": 16, "Actual Min Startup Time": 0.028, "Actual Max Startup Time": 0.056, "Actual Min Total Time": 577.565, "Actual Max Total Time": 615.405, "Actual Total Rows": 14838130, "Filter": "((o_comment)::text !~~ '%pending%deposits%'::text), (LLVM Optimized, Jit Execute)", "Rows Removed by Filter": 161870}]}, {"Node Type": "Hash", "Parent Relationship": "Inner", "Startup Cost": 38941.47, "Total Cost": 38941.47, "Plan Rows": 1500000, "Plan Width": 8, "Actual Min Startup Time": 140.485, "Actual Max Startup Time": 208.721, "Actual Min Total Time": 140.485, "Actual Max Total Time": 208.721, "Actual Total Rows": 1500000, "Max Hash Buckets": 131072, "Min Hash Buckets": 131072, "Max Hash Batches": 1, "Min Hash Batches": 1, "Max Original Hash Batches": 1, "Min Original Hash Batches": 1, "Max Peak Memory Usage": 3670, "min Peak Memory Usage": 3670, "Plans": [{"Node Type": "Streaming(type: LOCAL REDISTRIBUTE dop: 16/16)", "Parent Relationship": "Outer", "Startup Cost": 0.0, "Total Cost": 38941.47, "Plan Rows": 1500000, "Plan Width": 8, "Actual Min Startup Time": 0.049, "Actual Max Startup Time": 56.373, "Actual Min Total Time": 115.611, "Actual Max Total Time": 187.631, "Actual Total Rows": 1500000, "Plans": [{"Node Type": "Seq Scan", "Parent Relationship": "Outer", "Relation Name": "customer", "Alias": "customer", "Startup Cost": 0.0, "Total Cost": 18257.88, "Plan Rows": 1500000, "Plan Width": 8, "Actual Min Startup Time": 0.014, "Actual Max Startup Time": 0.032, "Actual Min Total Time": 31.257, "Actual Max Total Time": 33.274, "Actual Total Rows": 1500000}]}]}]}]}]}]}]}]}]}]}, "Triggers": [], "Planner Runtime": 0.979, "Total Runtime": 5349.088, "Unique SQL Id": 3026328400}}, "(16, 79)": {"explain_plan": {"Plan": {"Node Type": "Sort", "Startup Cost": 2000135701347.66, "Total Cost": 2000135701348.16, "Plan Rows": 200, "Plan Width": 16, "Sort Key": ["(count(*)) DESC", "c_orders.c_count DESC"], "Plans": [{"Node Type": "Aggregate", "Strategy": "Hashed", "Parent Relationship": "Outer", "Startup Cost": 2000135701338.02, "Total Cost": 2000135701340.02, "Plan Rows": 200, "Plan Width": 16, "Group By Key": ["c_orders.c_count"], "Plans": [{"Node Type": "Subquery Scan", "Parent Relationship": "Outer", "Alias": "c_orders", "Startup Cost": 2000135663838.02, "Total Cost": 2000135693838.02, "Plan Rows": 1500000, "Plan Width": 8, "Plans": [{"Node Type": "Aggregate", "Strategy": "Hashed", "Parent Relationship": "Subquery", "Startup Cost": 2000135663838.02, "Total Cost": 2000135678838.02, "Plan Rows": 1500000, "Plan Width": 24, "Group By Key": ["customer.c_custkey"], "Plans": [{"Node Type": "Merge Join", "Parent Relationship": "Outer", "Join Type": "Left", "Startup Cost": 20000000000.0, "Total Cost": 2000135632086.44, "Plan Rows": 6350316, "Plan Width": 16, "Inner Unique": false, "Merge Cond": "(customer.c_custkey = orders.o_custkey)", "Plans": [{"Node Type": "Index Scan", "Parent Relationship": "Outer", "Scan Direction": "Forward", "Index Name": "customer_pkey", "Relation Name": "customer", "Alias": "customer", "Startup Cost": 10000000000.0, "Total Cost": 1000008076535.62, "Plan Rows": 1500000, "Plan Width": 8}, {"Node Type": "Index Scan", "Parent Relationship": "Inner", "Scan Direction": "Forward", "Index Name": "idx_orders_custkey", "Relation Name": "orders", "Alias": "orders", "Startup Cost": 10000000000.0, "Total Cost": 1000159801398.83, "Plan Rows": 14844648, "Plan Width": 16, "Filter": "((o_comment)::text !~~ '%pending%deposits%'::text), (LLVM Optimized)"}]}]}]}]}]}, "Unique SQL Id": 3026328400}, "explain_analyze_plan": null}, "(16, 80)": {"explain_plan": {"Plan": {"Node Type": "Sort", "Startup Cost": 1815222.82, "Total Cost": 1815223.32, "Plan Rows": 200, "Plan Width": 16, "Sort Key": ["(count(*)) DESC", "c_orders.c_count DESC"], "Plans": [{"Node Type": "Aggregate", "Strategy": "Hashed", "Parent Relationship": "Outer", "Startup Cost": 1815213.18, "Total Cost": 1815215.18, "Plan Rows": 200, "Plan Width": 16, "Group By Key": ["c_orders.c_count"], "Plans": [{"Node Type": "Subquery Scan", "Parent Relationship": "Outer", "Alias": "c_orders", "Startup Cost": 1777713.18, "Total Cost": 1807713.18, "Plan Rows": 1500000, "Plan Width": 8, "Plans": [{"Node Type": "Aggregate", "Strategy": "Hashed", "Parent Relationship": "Subquery", "Startup Cost": 1777713.18, "Total Cost": 1792713.18, "Plan Rows": 1500000, "Plan Width": 24, "Group By Key": ["customer.c_custkey"], "Plans": [{"Node Type": "Merge Join", "Parent Relationship": "Outer", "Join Type": "Left", "Startup Cost": 0.0, "Total Cost": 1745961.6, "Plan Rows": 6350316, "Plan Width": 16, "Inner Unique": false, "Merge Cond": "(customer.c_custkey = orders.o_custkey)", "Plans": [{"Node Type": "Index Only Scan", "Parent Relationship": "Outer", "Scan Direction": "Forward", "Index Name": "customer_pkey", "Relation Name": "customer", "Alias": "customer", "Startup Cost": 0.0, "Total Cost": 43636.25, "Plan Rows": 1500000, "Plan Width": 8}, {"Node Type": "Index Scan", "Parent Relationship": "Inner", "Scan Direction": "Forward", "Index Name": "idx_orders_custkey", "Relation Name": "orders", "Alias": "orders", "Startup Cost": 0.0, "Total Cost": 1598013.99, "Plan Rows": 14844648, "Plan Width": 16, "Filter": "((o_comment)::text !~~ '%pending%deposits%'::text), (LLVM Optimized)"}]}]}]}]}]}, "Unique SQL Id": 3026328400}, "explain_analyze_plan": null}, "(16, 81)": {"explain_plan": {"Plan": {"Node Type": "Sort", "Startup Cost": 1815222.82, "Total Cost": 1815223.32, "Plan Rows": 200, "Plan Width": 16, "Sort Key": ["(count(*)) DESC", "c_orders.c_count DESC"], "Plans": [{"Node Type": "Aggregate", "Strategy": "Hashed", "Parent Relationship": "Outer", "Startup Cost": 1815213.18, "Total Cost": 1815215.18, "Plan Rows": 200, "Plan Width": 16, "Group By Key": ["c_orders.c_count"], "Plans": [{"Node Type": "Subquery Scan", "Parent Relationship": "Outer", "Alias": "c_orders", "Startup Cost": 1777713.18, "Total Cost": 1807713.18, "Plan Rows": 1500000, "Plan Width": 8, "Plans": [{"Node Type": "Aggregate", "Strategy": "Hashed", "Parent Relationship": "Subquery", "Startup Cost": 1777713.18, "Total Cost": 1792713.18, "Plan Rows": 1500000, "Plan Width": 24, "Group By Key": ["customer.c_custkey"], "Plans": [{"Node Type": "Merge Join", "Parent Relationship": "Outer", "Join Type": "Left", "Startup Cost": 0.0, "Total Cost": 1745961.6, "Plan Rows": 6350316, "Plan Width": 16, "Inner Unique": false, "Merge Cond": "(customer.c_custkey = orders.o_custkey)", "Plans": [{"Node Type": "Index Only Scan", "Parent Relationship": "Outer", "Scan Direction": "Forward", "Index Name": "customer_pkey", "Relation Name": "customer", "Alias": "customer", "Startup Cost": 0.0, "Total Cost": 43636.25, "Plan Rows": 1500000, "Plan Width": 8}, {"Node Type": "Index Scan", "Parent Relationship": "Inner", "Scan Direction": "Forward", "Index Name": "idx_orders_custkey", "Relation Name": "orders", "Alias": "orders", "Startup Cost": 0.0, "Total Cost": 1598013.99, "Plan Rows": 14844648, "Plan Width": 16, "Filter": "((o_comment)::text !~~ '%pending%deposits%'::text), (LLVM Optimized)"}]}]}]}]}]}, "Unique SQL Id": 3026328400}, "explain_analyze_plan": null}, "(16, 82)": {"explain_plan": {"Plan": {"Node Type": "Sort", "Startup Cost": 6921260.15, "Total Cost": 6921260.65, "Plan Rows": 200, "Plan Width": 16, "Sort Key": ["(count(*)) DESC", "c_orders.c_count DESC"], "Plans": [{"Node Type": "Aggregate", "Strategy": "Hashed", "Parent Relationship": "Outer", "Startup Cost": 6921250.5, "Total Cost": 6921252.5, "Plan Rows": 200, "Plan Width": 16, "Group By Key": ["c_orders.c_count"], "Plans": [{"Node Type": "Subquery Scan", "Parent Relationship": "Outer", "Alias": "c_orders", "Startup Cost": 6883750.5, "Total Cost": 6913750.5, "Plan Rows": 1500000, "Plan Width": 8, "Plans": [{"Node Type": "Aggregate", "Strategy": "Hashed", "Parent Relationship": "Subquery", "Startup Cost": 6883750.5, "Total Cost": 6898750.5, "Plan Rows": 1500000, "Plan Width": 24, "Group By Key": ["customer.c_custkey"], "Plans": [{"Node Type": "Nested Loop", "Parent Relationship": "Outer", "Join Type": "Left", "Startup Cost": 0.43, "Total Cost": 6851998.92, "Plan Rows": 6350316, "Plan Width": 16, "Inner Unique": false, "Plans": [{"Node Type": "Streaming(type: LOCAL GATHER dop: 1/16)", "Parent Relationship": "Outer", "Startup Cost": 0.0, "Total Cost": 50630.92, "Plan Rows": 1500000, "Plan Width": 8, "Plans": [{"Node Type": "Seq Scan", "Parent Relationship": "Outer", "Relation Name": "customer", "Alias": "customer", "Startup Cost": 0.0, "Total Cost": 18257.88, "Plan Rows": 1500000, "Plan Width": 8}]}, {"Node Type": "Bitmap Heap Scan", "Parent Relationship": "Inner", "Relation Name": "orders", "Alias": "orders", "Startup Cost": 0.43, "Total Cost": 4.49, "Plan Rows": 4, "Plan Width": 16, "Recheck Cond": "(customer.c_custkey = o_custkey)", "Filter": "((o_comment)::text !~~ '%pending%deposits%'::text)", "Plans": [{"Node Type": "Bitmap Index Scan", "Parent Relationship": "Outer", "Index Name": "idx_orders_custkey", "Startup Cost": 0.0, "Total Cost": 0.43, "Plan Rows": 4, "Plan Width": 0, "Index Cond": "(customer.c_custkey = o_custkey)"}]}]}]}]}]}]}, "Unique SQL Id": 3026328400}, "explain_analyze_plan": null}, "(16, 83)": {"explain_plan": {"Plan": {"Node Type": "Sort", "Startup Cost": 2990238.6, "Total Cost": 2990239.1, "Plan Rows": 200, "Plan Width": 16, "Sort Key": ["(count(*)) DESC", "c_orders.c_count DESC"], "Plans": [{"Node Type": "Aggregate", "Strategy": "Hashed", "Parent Relationship": "Outer", "Startup Cost": 2990228.95, "Total Cost": 2990230.95, "Plan Rows": 200, "Plan Width": 16, "Group By Key": ["c_orders.c_count"], "Plans": [{"Node Type": "Subquery Scan", "Parent Relationship": "Outer", "Alias": "c_orders", "Startup Cost": 2952728.95, "Total Cost": 2982728.95, "Plan Rows": 1500000, "Plan Width": 8, "Plans": [{"Node Type": "Aggregate", "Strategy": "Hashed", "Parent Relationship": "Subquery", "Startup Cost": 2952728.95, "Total Cost": 2967728.95, "Plan Rows": 1500000, "Plan Width": 24, "Group By Key": ["customer.c_custkey"], "Plans": [{"Node Type": "Merge Join", "Parent Relationship": "Outer", "Join Type": "Left", "Startup Cost": 2775753.4, "Total Cost": 2920977.37, "Plan Rows": 6350316, "Plan Width": 16, "Inner Unique": false, "Merge Cond": "(customer.c_custkey = orders.o_custkey)", "Plans": [{"Node Type": "Sort", "Parent Relationship": "Outer", "Startup Cost": 235011.23, "Total Cost": 238761.23, "Plan Rows": 1500000, "Plan Width": 8, "Sort Key": ["customer.c_custkey"], "Plans": [{"Node Type": "Bitmap Heap Scan", "Parent Relationship": "Outer", "Relation Name": "customer", "Alias": "customer", "Startup Cost": 29011.25, "Total Cost": 81137.25, "Plan Rows": 1500000, "Plan Width": 8, "Plans": [{"Node Type": "Bitmap Index Scan", "Parent Relationship": "Outer", "Index Name": "customer_pkey", "Startup Cost": 0.0, "Total Cost": 28636.25, "Plan Rows": 1500000, "Plan Width": 0}]}]}, {"Node Type": "Sort", "Parent Relationship": "Inner", "Startup Cost": 2540742.17, "Total Cost": 2577853.79, "Plan Rows": 14844648, "Plan Width": 16, "Sort Key": ["orders.o_custkey"], "Plans": [{"Node Type": "Bitmap Heap Scan", "Parent Relationship": "Outer", "Relation Name": "orders", "Alias": "orders", "Startup Cost": 308576.81, "Total Cost": 772489.29, "Plan Rows": 14844648, "Plan Width": 16, "Filter": "((o_comment)::text !~~ '%pending%deposits%'::text), (LLVM Optimized)", "Plans": [{"Node Type": "Bitmap Index Scan", "Parent Relationship": "Outer", "Index Name": "idx_orders_custkey", "Startup Cost": 0.0, "Total Cost": 304865.65, "Plan Rows": 14999479, "Plan Width": 0}]}]}]}]}]}]}]}, "Unique SQL Id": 3026328400}, "explain_analyze_plan": null}, "(16, 84)": {"explain_plan": {"Plan": {"Node Type": "Sort", "Startup Cost": 1852351.93, "Total Cost": 1852352.43, "Plan Rows": 200, "Plan Width": 16, "Sort Key": ["(count(*)) DESC", "c_orders.c_count DESC"], "Plans": [{"Node Type": "Aggregate", "Strategy": "Hashed", "Parent Relationship": "Outer", "Startup Cost": 1852342.28, "Total Cost": 1852344.28, "Plan Rows": 200, "Plan Width": 16, "Group By Key": ["c_orders.c_count"], "Plans": [{"Node Type": "Subquery Scan", "Parent Relationship": "Outer", "Alias": "c_orders", "Startup Cost": 1814842.28, "Total Cost": 1844842.28, "Plan Rows": 1500000, "Plan Width": 8, "Plans": [{"Node Type": "Aggregate", "Strategy": "Hashed", "Parent Relationship": "Subquery", "Startup Cost": 1814842.28, "Total Cost": 1829842.28, "Plan Rows": 1500000, "Plan Width": 24, "Group By Key": ["customer.c_custkey"], "Plans": [{"Node Type": "Merge Join", "Parent Relationship": "Outer", "Join Type": "Left", "Startup Cost": 0.0, "Total Cost": 1783090.7, "Plan Rows": 6350316, "Plan Width": 16, "Inner Unique": false, "Merge Cond": "(customer.c_custkey = orders.o_custkey)", "Plans": [{"Node Type": "Index Scan", "Parent Relationship": "Outer", "Scan Direction": "Forward", "Index Name": "customer_pkey", "Relation Name": "customer", "Alias": "customer", "Startup Cost": 0.0, "Total Cost": 80765.36, "Plan Rows": 1500000, "Plan Width": 8}, {"Node Type": "Index Scan", "Parent Relationship": "Inner", "Scan Direction": "Forward", "Index Name": "idx_orders_custkey", "Relation Name": "orders", "Alias": "orders", "Startup Cost": 0.0, "Total Cost": 1598013.99, "Plan Rows": 14844648, "Plan Width": 16, "Filter": "((o_comment)::text !~~ '%pending%deposits%'::text), (LLVM Optimized)"}]}]}]}]}]}, "Unique SQL Id": 3026328400}, "explain_analyze_plan": null}, "(16, 85)": {"explain_plan": {"Plan": {"Node Type": "Sort", "Startup Cost": 1852351.93, "Total Cost": 1852352.43, "Plan Rows": 200, "Plan Width": 16, "Sort Key": ["(count(*)) DESC", "c_orders.c_count DESC"], "Plans": [{"Node Type": "Aggregate", "Strategy": "Hashed", "Parent Relationship": "Outer", "Startup Cost": 1852342.28, "Total Cost": 1852344.28, "Plan Rows": 200, "Plan Width": 16, "Group By Key": ["c_orders.c_count"], "Plans": [{"Node Type": "Subquery Scan", "Parent Relationship": "Outer", "Alias": "c_orders", "Startup Cost": 1814842.28, "Total Cost": 1844842.28, "Plan Rows": 1500000, "Plan Width": 8, "Plans": [{"Node Type": "Aggregate", "Strategy": "Hashed", "Parent Relationship": "Subquery", "Startup Cost": 1814842.28, "Total Cost": 1829842.28, "Plan Rows": 1500000, "Plan Width": 24, "Group By Key": ["customer.c_custkey"], "Plans": [{"Node Type": "Merge Join", "Parent Relationship": "Outer", "Join Type": "Left", "Startup Cost": 0.0, "Total Cost": 1783090.7, "Plan Rows": 6350316, "Plan Width": 16, "Inner Unique": false, "Merge Cond": "(customer.c_custkey = orders.o_custkey)", "Plans": [{"Node Type": "Index Scan", "Parent Relationship": "Outer", "Scan Direction": "Forward", "Index Name": "customer_pkey", "Relation Name": "customer", "Alias": "customer", "Startup Cost": 0.0, "Total Cost": 80765.36, "Plan Rows": 1500000, "Plan Width": 8}, {"Node Type": "Index Scan", "Parent Relationship": "Inner", "Scan Direction": "Forward", "Index Name": "idx_orders_custkey", "Relation Name": "orders", "Alias": "orders", "Startup Cost": 0.0, "Total Cost": 1598013.99, "Plan Rows": 14844648, "Plan Width": 16, "Filter": "((o_comment)::text !~~ '%pending%deposits%'::text), (LLVM Optimized)"}]}]}]}]}]}, "Unique SQL Id": 3026328400}, "explain_analyze_plan": null}, "(16, 86)": {"explain_plan": {"Plan": {"Node Type": "Sort", "Startup Cost": 6921260.15, "Total Cost": 6921260.65, "Plan Rows": 200, "Plan Width": 16, "Sort Key": ["(count(*)) DESC", "c_orders.c_count DESC"], "Plans": [{"Node Type": "Aggregate", "Strategy": "Hashed", "Parent Relationship": "Outer", "Startup Cost": 6921250.5, "Total Cost": 6921252.5, "Plan Rows": 200, "Plan Width": 16, "Group By Key": ["c_orders.c_count"], "Plans": [{"Node Type": "Subquery Scan", "Parent Relationship": "Outer", "Alias": "c_orders", "Startup Cost": 6883750.5, "Total Cost": 6913750.5, "Plan Rows": 1500000, "Plan Width": 8, "Plans": [{"Node Type": "Aggregate", "Strategy": "Hashed", "Parent Relationship": "Subquery", "Startup Cost": 6883750.5, "Total Cost": 6898750.5, "Plan Rows": 1500000, "Plan Width": 24, "Group By Key": ["customer.c_custkey"], "Plans": [{"Node Type": "Nested Loop", "Parent Relationship": "Outer", "Join Type": "Left", "Startup Cost": 0.43, "Total Cost": 6851998.92, "Plan Rows": 6350316, "Plan Width": 16, "Inner Unique": false, "Plans": [{"Node Type": "Streaming(type: LOCAL GATHER dop: 1/16)", "Parent Relationship": "Outer", "Startup Cost": 0.0, "Total Cost": 50630.92, "Plan Rows": 1500000, "Plan Width": 8, "Plans": [{"Node Type": "Seq Scan", "Parent Relationship": "Outer", "Relation Name": "customer", "Alias": "customer", "Startup Cost": 0.0, "Total Cost": 18257.88, "Plan Rows": 1500000, "Plan Width": 8}]}, {"Node Type": "Bitmap Heap Scan", "Parent Relationship": "Inner", "Relation Name": "orders", "Alias": "orders", "Startup Cost": 0.43, "Total Cost": 4.49, "Plan Rows": 4, "Plan Width": 16, "Recheck Cond": "(customer.c_custkey = o_custkey)", "Filter": "((o_comment)::text !~~ '%pending%deposits%'::text)", "Plans": [{"Node Type": "Bitmap Index Scan", "Parent Relationship": "Outer", "Index Name": "idx_orders_custkey", "Startup Cost": 0.0, "Total Cost": 0.43, "Plan Rows": 4, "Plan Width": 0, "Index Cond": "(customer.c_custkey = o_custkey)"}]}]}]}]}]}]}, "Unique SQL Id": 3026328400}, "explain_analyze_plan": null}, "(16, 87)": {"explain_plan": {"Plan": {"Node Type": "Sort", "Startup Cost": 2990238.6, "Total Cost": 2990239.1, "Plan Rows": 200, "Plan Width": 16, "Sort Key": ["(count(*)) DESC", "c_orders.c_count DESC"], "Plans": [{"Node Type": "Aggregate", "Strategy": "Hashed", "Parent Relationship": "Outer", "Startup Cost": 2990228.95, "Total Cost": 2990230.95, "Plan Rows": 200, "Plan Width": 16, "Group By Key": ["c_orders.c_count"], "Plans": [{"Node Type": "Subquery Scan", "Parent Relationship": "Outer", "Alias": "c_orders", "Startup Cost": 2952728.95, "Total Cost": 2982728.95, "Plan Rows": 1500000, "Plan Width": 8, "Plans": [{"Node Type": "Aggregate", "Strategy": "Hashed", "Parent Relationship": "Subquery", "Startup Cost": 2952728.95, "Total Cost": 2967728.95, "Plan Rows": 1500000, "Plan Width": 24, "Group By Key": ["customer.c_custkey"], "Plans": [{"Node Type": "Merge Join", "Parent Relationship": "Outer", "Join Type": "Left", "Startup Cost": 2775753.4, "Total Cost": 2920977.37, "Plan Rows": 6350316, "Plan Width": 16, "Inner Unique": false, "Merge Cond": "(customer.c_custkey = orders.o_custkey)", "Plans": [{"Node Type": "Sort", "Parent Relationship": "Outer", "Startup Cost": 235011.23, "Total Cost": 238761.23, "Plan Rows": 1500000, "Plan Width": 8, "Sort Key": ["customer.c_custkey"], "Plans": [{"Node Type": "Bitmap Heap Scan", "Parent Relationship": "Outer", "Relation Name": "customer", "Alias": "customer", "Startup Cost": 29011.25, "Total Cost": 81137.25, "Plan Rows": 1500000, "Plan Width": 8, "Plans": [{"Node Type": "Bitmap Index Scan", "Parent Relationship": "Outer", "Index Name": "customer_pkey", "Startup Cost": 0.0, "Total Cost": 28636.25, "Plan Rows": 1500000, "Plan Width": 0}]}]}, {"Node Type": "Sort", "Parent Relationship": "Inner", "Startup Cost": 2540742.17, "Total Cost": 2577853.79, "Plan Rows": 14844648, "Plan Width": 16, "Sort Key": ["orders.o_custkey"], "Plans": [{"Node Type": "Bitmap Heap Scan", "Parent Relationship": "Outer", "Relation Name": "orders", "Alias": "orders", "Startup Cost": 308576.81, "Total Cost": 772489.29, "Plan Rows": 14844648, "Plan Width": 16, "Filter": "((o_comment)::text !~~ '%pending%deposits%'::text), (LLVM Optimized)", "Plans": [{"Node Type": "Bitmap Index Scan", "Parent Relationship": "Outer", "Index Name": "idx_orders_custkey", "Startup Cost": 0.0, "Total Cost": 304865.65, "Plan Rows": 14999479, "Plan Width": 0}]}]}]}]}]}]}]}, "Unique SQL Id": 3026328400}, "explain_analyze_plan": null}, "(16, 88)": {"explain_plan": {"Plan": {"Node Type": "Sort", "Startup Cost": 1815222.82, "Total Cost": 1815223.32, "Plan Rows": 200, "Plan Width": 16, "Sort Key": ["(count(*)) DESC", "c_orders.c_count DESC"], "Plans": [{"Node Type": "Aggregate", "Strategy": "Hashed", "Parent Relationship": "Outer", "Startup Cost": 1815213.18, "Total Cost": 1815215.18, "Plan Rows": 200, "Plan Width": 16, "Group By Key": ["c_orders.c_count"], "Plans": [{"Node Type": "Subquery Scan", "Parent Relationship": "Outer", "Alias": "c_orders", "Startup Cost": 1777713.18, "Total Cost": 1807713.18, "Plan Rows": 1500000, "Plan Width": 8, "Plans": [{"Node Type": "Aggregate", "Strategy": "Hashed", "Parent Relationship": "Subquery", "Startup Cost": 1777713.18, "Total Cost": 1792713.18, "Plan Rows": 1500000, "Plan Width": 24, "Group By Key": ["customer.c_custkey"], "Plans": [{"Node Type": "Merge Join", "Parent Relationship": "Outer", "Join Type": "Left", "Startup Cost": 0.0, "Total Cost": 1745961.6, "Plan Rows": 6350316, "Plan Width": 16, "Inner Unique": false, "Merge Cond": "(customer.c_custkey = orders.o_custkey)", "Plans": [{"Node Type": "Index Only Scan", "Parent Relationship": "Outer", "Scan Direction": "Forward", "Index Name": "customer_pkey", "Relation Name": "customer", "Alias": "customer", "Startup Cost": 0.0, "Total Cost": 43636.25, "Plan Rows": 1500000, "Plan Width": 8}, {"Node Type": "Index Scan", "Parent Relationship": "Inner", "Scan Direction": "Forward", "Index Name": "idx_orders_custkey", "Relation Name": "orders", "Alias": "orders", "Startup Cost": 0.0, "Total Cost": 1598013.99, "Plan Rows": 14844648, "Plan Width": 16, "Filter": "((o_comment)::text !~~ '%pending%deposits%'::text), (LLVM Optimized)"}]}]}]}]}]}, "Unique SQL Id": 3026328400}, "explain_analyze_plan": null}, "(16, 89)": {"explain_plan": {"Plan": {"Node Type": "Sort", "Startup Cost": 1815222.82, "Total Cost": 1815223.32, "Plan Rows": 200, "Plan Width": 16, "Sort Key": ["(count(*)) DESC", "c_orders.c_count DESC"], "Plans": [{"Node Type": "Aggregate", "Strategy": "Hashed", "Parent Relationship": "Outer", "Startup Cost": 1815213.18, "Total Cost": 1815215.18, "Plan Rows": 200, "Plan Width": 16, "Group By Key": ["c_orders.c_count"], "Plans": [{"Node Type": "Subquery Scan", "Parent Relationship": "Outer", "Alias": "c_orders", "Startup Cost": 1777713.18, "Total Cost": 1807713.18, "Plan Rows": 1500000, "Plan Width": 8, "Plans": [{"Node Type": "Aggregate", "Strategy": "Hashed", "Parent Relationship": "Subquery", "Startup Cost": 1777713.18, "Total Cost": 1792713.18, "Plan Rows": 1500000, "Plan Width": 24, "Group By Key": ["customer.c_custkey"], "Plans": [{"Node Type": "Merge Join", "Parent Relationship": "Outer", "Join Type": "Left", "Startup Cost": 0.0, "Total Cost": 1745961.6, "Plan Rows": 6350316, "Plan Width": 16, "Inner Unique": false, "Merge Cond": "(customer.c_custkey = orders.o_custkey)", "Plans": [{"Node Type": "Index Only Scan", "Parent Relationship": "Outer", "Scan Direction": "Forward", "Index Name": "customer_pkey", "Relation Name": "customer", "Alias": "customer", "Startup Cost": 0.0, "Total Cost": 43636.25, "Plan Rows": 1500000, "Plan Width": 8}, {"Node Type": "Index Scan", "Parent Relationship": "Inner", "Scan Direction": "Forward", "Index Name": "idx_orders_custkey", "Relation Name": "orders", "Alias": "orders", "Startup Cost": 0.0, "Total Cost": 1598013.99, "Plan Rows": 14844648, "Plan Width": 16, "Filter": "((o_comment)::text !~~ '%pending%deposits%'::text), (LLVM Optimized)"}]}]}]}]}]}, "Unique SQL Id": 3026328400}, "explain_analyze_plan": null}, "(16, 90)": {"explain_plan": {"Plan": {"Node Type": "Sort", "Startup Cost": 113048637338.78, "Total Cost": 113048637339.28, "Plan Rows": 200, "Plan Width": 16, "Sort Key": ["(pg_catalog.count(*)) DESC", "c_orders.c_count DESC"], "Plans": [{"Node Type": "Streaming(type: LOCAL GATHER dop: 1/16)", "Parent Relationship": "Outer", "Startup Cost": 113048637330.47, "Total Cost": 113048637331.13, "Plan Rows": 200, "Plan Width": 16, "Plans": [{"Node Type": "Aggregate", "Strategy": "Hashed", "Parent Relationship": "Outer", "Startup Cost": 113048637330.47, "Total Cost": 113048637330.59, "Plan Rows": 200, "Plan Width": 16, "Group By Key": ["c_orders.c_count"], "Plans": [{"Node Type": "Streaming(type: LOCAL REDISTRIBUTE dop: 16/16)", "Parent Relationship": "Outer", "Startup Cost": 113048637324.72, "Total Cost": 113048637330.41, "Plan Rows": 200, "Plan Width": 16, "Plans": [{"Node Type": "Aggregate", "Strategy": "Hashed", "Parent Relationship": "Outer", "Startup Cost": 113048637324.72, "Total Cost": 113048637324.84, "Plan Rows": 200, "Plan Width": 16, "Group By Key": ["c_orders.c_count"], "Plans": [{"Node Type": "Subquery Scan", "Parent Relationship": "Outer", "Alias": "c_orders", "Startup Cost": 113048620918.47, "Total Cost": 113048636855.97, "Plan Rows": 1500000, "Plan Width": 8, "Plans": [{"Node Type": "Aggregate", "Strategy": "Hashed", "Parent Relationship": "Subquery", "Startup Cost": 113048620918.47, "Total Cost": 113048621855.97, "Plan Rows": 1500000, "Plan Width": 24, "Group By Key": ["customer.c_custkey"], "Plans": [{"Node Type": "Nested Loop", "Parent Relationship": "Outer", "Join Type": "Left", "Startup Cost": 10000000000.0, "Total Cost": 113048618934.0, "Plan Rows": 6350316, "Plan Width": 16, "Inner Unique": false, "Join Filter": "(customer.c_custkey = orders.o_custkey), (LLVM Optimized)", "Plans": [{"Node Type": "Streaming(type: LOCAL REDISTRIBUTE dop: 16/16)", "Parent Relationship": "Outer", "Startup Cost": 0.0, "Total Cost": 38941.47, "Plan Rows": 1500000, "Plan Width": 8, "Plans": [{"Node Type": "Seq Scan", "Parent Relationship": "Outer", "Relation Name": "customer", "Alias": "customer", "Startup Cost": 0.0, "Total Cost": 18257.88, "Plan Rows": 1500000, "Plan Width": 8}]}, {"Node Type": "Materialize", "Parent Relationship": "Inner", "Startup Cost": 0.0, "Total Cost": 119880.78, "Plan Rows": 14844648, "Plan Width": 16, "Plans": [{"Node Type": "Streaming(type: LOCAL REDISTRIBUTE dop: 16/16)", "Parent Relationship": "Outer", "Startup Cost": 0.0, "Total Cost": 115241.83, "Plan Rows": 14844648, "Plan Width": 16, "Plans": [{"Node Type": "Seq Scan", "Parent Relationship": "Outer", "Relation Name": "orders", "Alias": "orders", "Startup Cost": 0.0, "Total Cost": 43994.53, "Plan Rows": 14844648, "Plan Width": 16, "Filter": "((o_comment)::text !~~ '%pending%deposits%'::text), (LLVM Optimized)"}]}]}]}]}]}]}]}]}]}]}, "Unique SQL Id": 3026328400}, "explain_analyze_plan": null}, "(16, 91)": {"explain_plan": {"Plan": {"Node Type": "Sort", "Startup Cost": 2000131988437.04, "Total Cost": 2000131988437.54, "Plan Rows": 200, "Plan Width": 16, "Sort Key": ["(count(*)) DESC", "c_orders.c_count DESC"], "Plans": [{"Node Type": "Aggregate", "Strategy": "Hashed", "Parent Relationship": "Outer", "Startup Cost": 2000131988427.4, "Total Cost": 2000131988429.4, "Plan Rows": 200, "Plan Width": 16, "Group By Key": ["c_orders.c_count"], "Plans": [{"Node Type": "Subquery Scan", "Parent Relationship": "Outer", "Alias": "c_orders", "Startup Cost": 2000131950927.4, "Total Cost": 2000131980927.4, "Plan Rows": 1500000, "Plan Width": 8, "Plans": [{"Node Type": "Aggregate", "Strategy": "Hashed", "Parent Relationship": "Subquery", "Startup Cost": 2000131950927.4, "Total Cost": 2000131965927.4, "Plan Rows": 1500000, "Plan Width": 24, "Group By Key": ["customer.c_custkey"], "Plans": [{"Node Type": "Merge Join", "Parent Relationship": "Outer", "Join Type": "Left", "Startup Cost": 20000000000.0, "Total Cost": 2000131919175.82, "Plan Rows": 6350316, "Plan Width": 16, "Inner Unique": false, "Merge Cond": "(customer.c_custkey = orders.o_custkey)", "Plans": [{"Node Type": "Index Only Scan", "Parent Relationship": "Outer", "Scan Direction": "Forward", "Index Name": "customer_pkey", "Relation Name": "customer", "Alias": "customer", "Startup Cost": 10000000000.0, "Total Cost": 1000004363625.0, "Plan Rows": 1500000, "Plan Width": 8}, {"Node Type": "Index Scan", "Parent Relationship": "Inner", "Scan Direction": "Forward", "Index Name": "idx_orders_custkey", "Relation Name": "orders", "Alias": "orders", "Startup Cost": 10000000000.0, "Total Cost": 1000159801398.83, "Plan Rows": 14844648, "Plan Width": 16, "Filter": "((o_comment)::text !~~ '%pending%deposits%'::text), (LLVM Optimized)"}]}]}]}]}]}, "Unique SQL Id": 3026328400}, "explain_analyze_plan": null}, "(16, 92)": {"explain_plan": {"Plan": {"Node Type": "Sort", "Startup Cost": 1852351.93, "Total Cost": 1852352.43, "Plan Rows": 200, "Plan Width": 16, "Sort Key": ["(count(*)) DESC", "c_orders.c_count DESC"], "Plans": [{"Node Type": "Aggregate", "Strategy": "Hashed", "Parent Relationship": "Outer", "Startup Cost": 1852342.28, "Total Cost": 1852344.28, "Plan Rows": 200, "Plan Width": 16, "Group By Key": ["c_orders.c_count"], "Plans": [{"Node Type": "Subquery Scan", "Parent Relationship": "Outer", "Alias": "c_orders", "Startup Cost": 1814842.28, "Total Cost": 1844842.28, "Plan Rows": 1500000, "Plan Width": 8, "Plans": [{"Node Type": "Aggregate", "Strategy": "Hashed", "Parent Relationship": "Subquery", "Startup Cost": 1814842.28, "Total Cost": 1829842.28, "Plan Rows": 1500000, "Plan Width": 24, "Group By Key": ["customer.c_custkey"], "Plans": [{"Node Type": "Merge Join", "Parent Relationship": "Outer", "Join Type": "Left", "Startup Cost": 0.0, "Total Cost": 1783090.7, "Plan Rows": 6350316, "Plan Width": 16, "Inner Unique": false, "Merge Cond": "(customer.c_custkey = orders.o_custkey)", "Plans": [{"Node Type": "Index Scan", "Parent Relationship": "Outer", "Scan Direction": "Forward", "Index Name": "customer_pkey", "Relation Name": "customer", "Alias": "customer", "Startup Cost": 0.0, "Total Cost": 80765.36, "Plan Rows": 1500000, "Plan Width": 8}, {"Node Type": "Index Scan", "Parent Relationship": "Inner", "Scan Direction": "Forward", "Index Name": "idx_orders_custkey", "Relation Name": "orders", "Alias": "orders", "Startup Cost": 0.0, "Total Cost": 1598013.99, "Plan Rows": 14844648, "Plan Width": 16, "Filter": "((o_comment)::text !~~ '%pending%deposits%'::text), (LLVM Optimized)"}]}]}]}]}]}, "Unique SQL Id": 3026328400}, "explain_analyze_plan": null}, "(16, 93)": {"explain_plan": {"Plan": {"Node Type": "Sort", "Startup Cost": 1852351.93, "Total Cost": 1852352.43, "Plan Rows": 200, "Plan Width": 16, "Sort Key": ["(count(*)) DESC", "c_orders.c_count DESC"], "Plans": [{"Node Type": "Aggregate", "Strategy": "Hashed", "Parent Relationship": "Outer", "Startup Cost": 1852342.28, "Total Cost": 1852344.28, "Plan Rows": 200, "Plan Width": 16, "Group By Key": ["c_orders.c_count"], "Plans": [{"Node Type": "Subquery Scan", "Parent Relationship": "Outer", "Alias": "c_orders", "Startup Cost": 1814842.28, "Total Cost": 1844842.28, "Plan Rows": 1500000, "Plan Width": 8, "Plans": [{"Node Type": "Aggregate", "Strategy": "Hashed", "Parent Relationship": "Subquery", "Startup Cost": 1814842.28, "Total Cost": 1829842.28, "Plan Rows": 1500000, "Plan Width": 24, "Group By Key": ["customer.c_custkey"], "Plans": [{"Node Type": "Merge Join", "Parent Relationship": "Outer", "Join Type": "Left", "Startup Cost": 0.0, "Total Cost": 1783090.7, "Plan Rows": 6350316, "Plan Width": 16, "Inner Unique": false, "Merge Cond": "(customer.c_custkey = orders.o_custkey)", "Plans": [{"Node Type": "Index Scan", "Parent Relationship": "Outer", "Scan Direction": "Forward", "Index Name": "customer_pkey", "Relation Name": "customer", "Alias": "customer", "Startup Cost": 0.0, "Total Cost": 80765.36, "Plan Rows": 1500000, "Plan Width": 8}, {"Node Type": "Index Scan", "Parent Relationship": "Inner", "Scan Direction": "Forward", "Index Name": "idx_orders_custkey", "Relation Name": "orders", "Alias": "orders", "Startup Cost": 0.0, "Total Cost": 1598013.99, "Plan Rows": 14844648, "Plan Width": 16, "Filter": "((o_comment)::text !~~ '%pending%deposits%'::text), (LLVM Optimized)"}]}]}]}]}]}, "Unique SQL Id": 3026328400}, "explain_analyze_plan": null}, "(16, 94)": {"explain_plan": {"Plan": {"Node Type": "Sort", "Startup Cost": 113048637338.78, "Total Cost": 113048637339.28, "Plan Rows": 200, "Plan Width": 16, "Sort Key": ["(pg_catalog.count(*)) DESC", "c_orders.c_count DESC"], "Plans": [{"Node Type": "Streaming(type: LOCAL GATHER dop: 1/16)", "Parent Relationship": "Outer", "Startup Cost": 113048637330.47, "Total Cost": 113048637331.13, "Plan Rows": 200, "Plan Width": 16, "Plans": [{"Node Type": "Aggregate", "Strategy": "Hashed", "Parent Relationship": "Outer", "Startup Cost": 113048637330.47, "Total Cost": 113048637330.59, "Plan Rows": 200, "Plan Width": 16, "Group By Key": ["c_orders.c_count"], "Plans": [{"Node Type": "Streaming(type: LOCAL REDISTRIBUTE dop: 16/16)", "Parent Relationship": "Outer", "Startup Cost": 113048637324.72, "Total Cost": 113048637330.41, "Plan Rows": 200, "Plan Width": 16, "Plans": [{"Node Type": "Aggregate", "Strategy": "Hashed", "Parent Relationship": "Outer", "Startup Cost": 113048637324.72, "Total Cost": 113048637324.84, "Plan Rows": 200, "Plan Width": 16, "Group By Key": ["c_orders.c_count"], "Plans": [{"Node Type": "Subquery Scan", "Parent Relationship": "Outer", "Alias": "c_orders", "Startup Cost": 113048620918.47, "Total Cost": 113048636855.97, "Plan Rows": 1500000, "Plan Width": 8, "Plans": [{"Node Type": "Aggregate", "Strategy": "Hashed", "Parent Relationship": "Subquery", "Startup Cost": 113048620918.47, "Total Cost": 113048621855.97, "Plan Rows": 1500000, "Plan Width": 24, "Group By Key": ["customer.c_custkey"], "Plans": [{"Node Type": "Nested Loop", "Parent Relationship": "Outer", "Join Type": "Left", "Startup Cost": 10000000000.0, "Total Cost": 113048618934.0, "Plan Rows": 6350316, "Plan Width": 16, "Inner Unique": false, "Join Filter": "(customer.c_custkey = orders.o_custkey), (LLVM Optimized)", "Plans": [{"Node Type": "Streaming(type: LOCAL REDISTRIBUTE dop: 16/16)", "Parent Relationship": "Outer", "Startup Cost": 0.0, "Total Cost": 38941.47, "Plan Rows": 1500000, "Plan Width": 8, "Plans": [{"Node Type": "Seq Scan", "Parent Relationship": "Outer", "Relation Name": "customer", "Alias": "customer", "Startup Cost": 0.0, "Total Cost": 18257.88, "Plan Rows": 1500000, "Plan Width": 8}]}, {"Node Type": "Materialize", "Parent Relationship": "Inner", "Startup Cost": 0.0, "Total Cost": 119880.78, "Plan Rows": 14844648, "Plan Width": 16, "Plans": [{"Node Type": "Streaming(type: LOCAL REDISTRIBUTE dop: 16/16)", "Parent Relationship": "Outer", "Startup Cost": 0.0, "Total Cost": 115241.83, "Plan Rows": 14844648, "Plan Width": 16, "Plans": [{"Node Type": "Seq Scan", "Parent Relationship": "Outer", "Relation Name": "orders", "Alias": "orders", "Startup Cost": 0.0, "Total Cost": 43994.53, "Plan Rows": 14844648, "Plan Width": 16, "Filter": "((o_comment)::text !~~ '%pending%deposits%'::text), (LLVM Optimized)"}]}]}]}]}]}]}]}]}]}]}, "Unique SQL Id": 3026328400}, "explain_analyze_plan": null}, "(16, 95)": {"explain_plan": {"Plan": {"Node Type": "Sort", "Startup Cost": 2000135701347.66, "Total Cost": 2000135701348.16, "Plan Rows": 200, "Plan Width": 16, "Sort Key": ["(count(*)) DESC", "c_orders.c_count DESC"], "Plans": [{"Node Type": "Aggregate", "Strategy": "Hashed", "Parent Relationship": "Outer", "Startup Cost": 2000135701338.02, "Total Cost": 2000135701340.02, "Plan Rows": 200, "Plan Width": 16, "Group By Key": ["c_orders.c_count"], "Plans": [{"Node Type": "Subquery Scan", "Parent Relationship": "Outer", "Alias": "c_orders", "Startup Cost": 2000135663838.02, "Total Cost": 2000135693838.02, "Plan Rows": 1500000, "Plan Width": 8, "Plans": [{"Node Type": "Aggregate", "Strategy": "Hashed", "Parent Relationship": "Subquery", "Startup Cost": 2000135663838.02, "Total Cost": 2000135678838.02, "Plan Rows": 1500000, "Plan Width": 24, "Group By Key": ["customer.c_custkey"], "Plans": [{"Node Type": "Merge Join", "Parent Relationship": "Outer", "Join Type": "Left", "Startup Cost": 20000000000.0, "Total Cost": 2000135632086.44, "Plan Rows": 6350316, "Plan Width": 16, "Inner Unique": false, "Merge Cond": "(customer.c_custkey = orders.o_custkey)", "Plans": [{"Node Type": "Index Scan", "Parent Relationship": "Outer", "Scan Direction": "Forward", "Index Name": "customer_pkey", "Relation Name": "customer", "Alias": "customer", "Startup Cost": 10000000000.0, "Total Cost": 1000008076535.62, "Plan Rows": 1500000, "Plan Width": 8}, {"Node Type": "Index Scan", "Parent Relationship": "Inner", "Scan Direction": "Forward", "Index Name": "idx_orders_custkey", "Relation Name": "orders", "Alias": "orders", "Startup Cost": 10000000000.0, "Total Cost": 1000159801398.83, "Plan Rows": 14844648, "Plan Width": 16, "Filter": "((o_comment)::text !~~ '%pending%deposits%'::text), (LLVM Optimized)"}]}]}]}]}]}, "Unique SQL Id": 3026328400}, "explain_analyze_plan": null}, "(16, 96)": {"explain_plan": {"Plan": {"Node Type": "Sort", "Startup Cost": 181208.12, "Total Cost": 181208.62, "Plan Rows": 200, "Plan Width": 16, "Sort Key": ["(pg_catalog.count(*)) DESC", "c_orders.c_count DESC"], "Plans": [{"Node Type": "Streaming(type: LOCAL GATHER dop: 1/16)", "Parent Relationship": "Outer", "Startup Cost": 181199.81, "Total Cost": 181200.48, "Plan Rows": 200, "Plan Width": 16, "Plans": [{"Node Type": "Aggregate", "Strategy": "Hashed", "Parent Relationship": "Outer", "Startup Cost": 181199.81, "Total Cost": 181199.94, "Plan Rows": 200, "Plan Width": 16, "Group By Key": ["c_orders.c_count"], "Plans": [{"Node Type": "Streaming(type: LOCAL REDISTRIBUTE dop: 16/16)", "Parent Relationship": "Outer", "Startup Cost": 181194.06, "Total Cost": 181199.75, "Plan Rows": 200, "Plan Width": 16, "Plans": [{"Node Type": "Aggregate", "Strategy": "Hashed", "Parent Relationship": "Outer", "Startup Cost": 181194.06, "Total Cost": 181194.19, "Plan Rows": 200, "Plan Width": 16, "Group By Key": ["c_orders.c_count"], "Plans": [{"Node Type": "Subquery Scan", "Parent Relationship": "Outer", "Alias": "c_orders", "Startup Cost": 164787.81, "Total Cost": 180725.31, "Plan Rows": 1500000, "Plan Width": 8, "Plans": [{"Node Type": "Aggregate", "Strategy": "Hashed", "Parent Relationship": "Subquery", "Startup Cost": 164787.81, "Total Cost": 165725.31, "Plan Rows": 1500000, "Plan Width": 24, "Group By Key": ["customer.c_custkey"], "Plans": [{"Node Type": "Hash Join", "Parent Relationship": "Outer", "Join Type": "Right", "Startup Cost": 40113.34, "Total Cost": 162803.34, "Plan Rows": 6350316, "Plan Width": 16, "Inner Unique": true, "Hash Cond": "(orders.o_custkey = customer.c_custkey), (LLVM Optimized)", "Plans": [{"Node Type": "Streaming(type: LOCAL REDISTRIBUTE dop: 16/16)", "Parent Relationship": "Outer", "Startup Cost": 0.0, "Total Cost": 115241.83, "Plan Rows": 14844648, "Plan Width": 16, "Plans": [{"Node Type": "Seq Scan", "Parent Relationship": "Outer", "Relation Name": "orders", "Alias": "orders", "Startup Cost": 0.0, "Total Cost": 43994.53, "Plan Rows": 14844648, "Plan Width": 16, "Filter": "((o_comment)::text !~~ '%pending%deposits%'::text), (LLVM Optimized)"}]}, {"Node Type": "Hash", "Parent Relationship": "Inner", "Startup Cost": 38941.47, "Total Cost": 38941.47, "Plan Rows": 1500000, "Plan Width": 8, "Plans": [{"Node Type": "Streaming(type: LOCAL REDISTRIBUTE dop: 16/16)", "Parent Relationship": "Outer", "Startup Cost": 0.0, "Total Cost": 38941.47, "Plan Rows": 1500000, "Plan Width": 8, "Plans": [{"Node Type": "Index Only Scan", "Parent Relationship": "Outer", "Scan Direction": "Forward", "Index Name": "customer_pkey", "Relation Name": "customer", "Alias": "customer", "Startup Cost": 0.0, "Total Cost": 18257.88, "Plan Rows": 1500000, "Plan Width": 8}]}]}]}]}]}]}]}]}]}]}, "Unique SQL Id": 3026328400}, "explain_analyze_plan": {"Plan": {"Node Type": "Sort", "Startup Cost": 181208.12, "Total Cost": 181208.62, "Plan Rows": 200, "Plan Width": 16, "Actual Min Startup Time": 4548.504, "Actual Max Startup Time": 4548.504, "Actual Min Total Time": 4548.507, "Actual Max Total Time": 4548.507, "Actual Total Rows": 46, "Sort Key": ["(pg_catalog.count(*)) DESC", "c_orders.c_count DESC"], "Sort Method": "quicksort", "Sort Space Min Used": 27, "Sort Space Max Used": 27, "Sort Space Type": "Memory", "Plans": [{"Node Type": "Streaming(type: LOCAL GATHER dop: 1/16)", "Parent Relationship": "Outer", "Startup Cost": 181199.81, "Total Cost": 181200.48, "Plan Rows": 200, "Plan Width": 16, "Actual Min Startup Time": 4548.233, "Actual Max Startup Time": 4548.233, "Actual Min Total Time": 4548.452, "Actual Max Total Time": 4548.452, "Actual Total Rows": 46, "Plans": [{"Node Type": "Aggregate", "Strategy": "Hashed", "Parent Relationship": "Outer", "Startup Cost": 181199.81, "Total Cost": 181199.94, "Plan Rows": 200, "Plan Width": 16, "Actual Min Startup Time": 4471.003, "Actual Max Startup Time": 4477.586, "Actual Min Total Time": 4471.005, "Actual Max Total Time": 4477.587, "Actual Total Rows": 46, "Group By Key": ["c_orders.c_count"], "Plans": [{"Node Type": "Streaming(type: LOCAL REDISTRIBUTE dop: 16/16)", "Parent Relationship": "Outer", "Startup Cost": 181194.06, "Total Cost": 181199.75, "Plan Rows": 200, "Plan Width": 16, "Actual Min Startup Time": 4465.562, "Actual Max Startup Time": 4474.555, "Actual Min Total Time": 4470.913, "Actual Max Total Time": 4477.506, "Actual Total Rows": 655, "Plans": [{"Node Type": "Aggregate", "Strategy": "Hashed", "Parent Relationship": "Outer", "Startup Cost": 181194.06, "Total Cost": 181194.19, "Plan Rows": 200, "Plan Width": 16, "Actual Min Startup Time": 4425.181, "Actual Max Startup Time": 4457.546, "Actual Min Total Time": 4425.191, "Actual Max Total Time": 4457.556, "Actual Total Rows": 655, "Group By Key": ["c_orders.c_count"], "Plans": [{"Node Type": "Subquery Scan", "Parent Relationship": "Outer", "Alias": "c_orders", "Startup Cost": 164787.81, "Total Cost": 180725.31, "Plan Rows": 1500000, "Plan Width": 8, "Actual Min Startup Time": 4353.839, "Actual Max Startup Time": 4383.884, "Actual Min Total Time": 4398.272, "Actual Max Total Time": 4430.94, "Actual Total Rows": 1500000, "Plans": [{"Node Type": "Aggregate", "Strategy": "Hashed", "Parent Relationship": "Subquery", "Startup Cost": 164787.81, "Total Cost": 165725.31, "Plan Rows": 1500000, "Plan Width": 24, "Actual Min Startup Time": 4353.837, "Actual Max Startup Time": 4383.881, "Actual Min Total Time": 4381.29, "Actual Max Total Time": 4413.938, "Actual Total Rows": 1500000, "Group By Key": ["customer.c_custkey"], "Plans": [{"Node Type": "Hash Join", "Parent Relationship": "Outer", "Join Type": "Right", "Startup Cost": 40113.34, "Total Cost": 162803.34, "Plan Rows": 6350316, "Plan Width": 16, "Actual Min Startup Time": 110.827, "Actual Max Startup Time": 140.674, "Actual Min Total Time": 3791.064, "Actual Max Total Time": 3878.06, "Actual Total Rows": 15338153, "Inner Unique": true, "Hash Cond": "(orders.o_custkey = customer.c_custkey), (LLVM Optimized, Jit Execute)", "Plans": [{"Node Type": "Streaming(type: LOCAL REDISTRIBUTE dop: 16/16)", "Parent Relationship": "Outer", "Startup Cost": 0.0, "Total Cost": 115241.83, "Plan Rows": 14844648, "Plan Width": 16, "Actual Min Startup Time": 0.079, "Actual Max Startup Time": 0.357, "Actual Min Total Time": 3129.215, "Actual Max Total Time": 3281.683, "Actual Total Rows": 14838130, "Plans": [{"Node Type": "Seq Scan", "Parent Relationship": "Outer", "Relation Name": "orders", "Alias": "orders", "Startup Cost": 0.0, "Total Cost": 43994.53, "Plan Rows": 14844648, "Plan Width": 16, "Actual Min Startup Time": 0.027, "Actual Max Startup Time": 0.059, "Actual Min Total Time": 585.839, "Actual Max Total Time": 614.123, "Actual Total Rows": 14838130, "Filter": "((o_comment)::text !~~ '%pending%deposits%'::text), (LLVM Optimized, Jit Execute)", "Rows Removed by Filter": 161870}]}, {"Node Type": "Hash", "Parent Relationship": "Inner", "Startup Cost": 38941.47, "Total Cost": 38941.47, "Plan Rows": 1500000, "Plan Width": 8, "Actual Min Startup Time": 110.499, "Actual Max Startup Time": 140.458, "Actual Min Total Time": 110.499, "Actual Max Total Time": 140.458, "Actual Total Rows": 1500000, "Max Hash Buckets": 131072, "Min Hash Buckets": 131072, "Max Hash Batches": 1, "Min Hash Batches": 1, "Max Original Hash Batches": 1, "Min Original Hash Batches": 1, "Max Peak Memory Usage": 3670, "min Peak Memory Usage": 3670, "Plans": [{"Node Type": "Streaming(type: LOCAL REDISTRIBUTE dop: 16/16)", "Parent Relationship": "Outer", "Startup Cost": 0.0, "Total Cost": 38941.47, "Plan Rows": 1500000, "Plan Width": 8, "Actual Min Startup Time": 0.049, "Actual Max Startup Time": 26.908, "Actual Min Total Time": 88.181, "Actual Max Total Time": 117.208, "Actual Total Rows": 1500000, "Plans": [{"Node Type": "Index Only Scan", "Parent Relationship": "Outer", "Scan Direction": "Forward", "Index Name": "customer_pkey", "Relation Name": "customer", "Alias": "customer", "Startup Cost": 0.0, "Total Cost": 18257.88, "Plan Rows": 1500000, "Plan Width": 8, "Actual Min Startup Time": 0.046, "Actual Max Startup Time": 50.533, "Actual Min Total Time": 21.776, "Actual Max Total Time": 72.693, "Actual Total Rows": 1500000, "Heap Fetches": 0}]}]}]}]}]}]}]}]}]}]}, "Triggers": [], "Planner Runtime": 0.944, "Total Runtime": 4569.915, "Unique SQL Id": 3026328400}}, "(16, 97)": {"explain_plan": {"Plan": {"Node Type": "Sort", "Startup Cost": 1023307.36, "Total Cost": 1023307.86, "Plan Rows": 200, "Plan Width": 16, "Sort Key": ["(count(*)) DESC", "c_orders.c_count DESC"], "Plans": [{"Node Type": "Aggregate", "Strategy": "Hashed", "Parent Relationship": "Outer", "Startup Cost": 1023297.71, "Total Cost": 1023299.71, "Plan Rows": 200, "Plan Width": 16, "Group By Key": ["c_orders.c_count"], "Plans": [{"Node Type": "Subquery Scan", "Parent Relationship": "Outer", "Alias": "c_orders", "Startup Cost": 985797.71, "Total Cost": 1015797.71, "Plan Rows": 1500000, "Plan Width": 8, "Plans": [{"Node Type": "Aggregate", "Strategy": "Hashed", "Parent Relationship": "Subquery", "Startup Cost": 985797.71, "Total Cost": 1000797.71, "Plan Rows": 1500000, "Plan Width": 24, "Group By Key": ["customer.c_custkey"], "Plans": [{"Node Type": "Hash Join", "Parent Relationship": "Outer", "Join Type": "Right", "Startup Cost": 370963.06, "Total Cost": 954046.13, "Plan Rows": 6350316, "Plan Width": 16, "Inner Unique": true, "Hash Cond": "(orders.o_custkey = customer.c_custkey), (LLVM Optimized)", "Plans": [{"Node Type": "Bitmap Heap Scan", "Parent Relationship": "Outer", "Relation Name": "orders", "Alias": "orders", "Startup Cost": 308576.81, "Total Cost": 772489.29, "Plan Rows": 14844648, "Plan Width": 16, "Filter": "((o_comment)::text !~~ '%pending%deposits%'::text), (LLVM Optimized)", "Plans": [{"Node Type": "Bitmap Index Scan", "Parent Relationship": "Outer", "Index Name": "idx_orders_custkey", "Startup Cost": 0.0, "Total Cost": 304865.65, "Plan Rows": 14999479, "Plan Width": 0}]}, {"Node Type": "Hash", "Parent Relationship": "Inner", "Startup Cost": 43636.25, "Total Cost": 43636.25, "Plan Rows": 1500000, "Plan Width": 8, "Plans": [{"Node Type": "Index Only Scan", "Parent Relationship": "Outer", "Scan Direction": "Forward", "Index Name": "customer_pkey", "Relation Name": "customer", "Alias": "customer", "Startup Cost": 0.0, "Total Cost": 43636.25, "Plan Rows": 1500000, "Plan Width": 8}]}]}]}]}]}]}, "Unique SQL Id": 3026328400}, "explain_analyze_plan": null}, "(16, 98)": {"explain_plan": {"Plan": {"Node Type": "Sort", "Startup Cost": 181208.12, "Total Cost": 181208.62, "Plan Rows": 200, "Plan Width": 16, "Sort Key": ["(pg_catalog.count(*)) DESC", "c_orders.c_count DESC"], "Plans": [{"Node Type": "Streaming(type: LOCAL GATHER dop: 1/16)", "Parent Relationship": "Outer", "Startup Cost": 181199.81, "Total Cost": 181200.48, "Plan Rows": 200, "Plan Width": 16, "Plans": [{"Node Type": "Aggregate", "Strategy": "Hashed", "Parent Relationship": "Outer", "Startup Cost": 181199.81, "Total Cost": 181199.94, "Plan Rows": 200, "Plan Width": 16, "Group By Key": ["c_orders.c_count"], "Plans": [{"Node Type": "Streaming(type: LOCAL REDISTRIBUTE dop: 16/16)", "Parent Relationship": "Outer", "Startup Cost": 181194.06, "Total Cost": 181199.75, "Plan Rows": 200, "Plan Width": 16, "Plans": [{"Node Type": "Aggregate", "Strategy": "Hashed", "Parent Relationship": "Outer", "Startup Cost": 181194.06, "Total Cost": 181194.19, "Plan Rows": 200, "Plan Width": 16, "Group By Key": ["c_orders.c_count"], "Plans": [{"Node Type": "Subquery Scan", "Parent Relationship": "Outer", "Alias": "c_orders", "Startup Cost": 164787.81, "Total Cost": 180725.31, "Plan Rows": 1500000, "Plan Width": 8, "Plans": [{"Node Type": "Aggregate", "Strategy": "Hashed", "Parent Relationship": "Subquery", "Startup Cost": 164787.81, "Total Cost": 165725.31, "Plan Rows": 1500000, "Plan Width": 24, "Group By Key": ["customer.c_custkey"], "Plans": [{"Node Type": "Hash Join", "Parent Relationship": "Outer", "Join Type": "Right", "Startup Cost": 40113.34, "Total Cost": 162803.34, "Plan Rows": 6350316, "Plan Width": 16, "Inner Unique": true, "Hash Cond": "(orders.o_custkey = customer.c_custkey), (LLVM Optimized)", "Plans": [{"Node Type": "Streaming(type: LOCAL REDISTRIBUTE dop: 16/16)", "Parent Relationship": "Outer", "Startup Cost": 0.0, "Total Cost": 115241.83, "Plan Rows": 14844648, "Plan Width": 16, "Plans": [{"Node Type": "Seq Scan", "Parent Relationship": "Outer", "Relation Name": "orders", "Alias": "orders", "Startup Cost": 0.0, "Total Cost": 43994.53, "Plan Rows": 14844648, "Plan Width": 16, "Filter": "((o_comment)::text !~~ '%pending%deposits%'::text), (LLVM Optimized)"}]}, {"Node Type": "Hash", "Parent Relationship": "Inner", "Startup Cost": 38941.47, "Total Cost": 38941.47, "Plan Rows": 1500000, "Plan Width": 8, "Plans": [{"Node Type": "Streaming(type: LOCAL REDISTRIBUTE dop: 16/16)", "Parent Relationship": "Outer", "Startup Cost": 0.0, "Total Cost": 38941.47, "Plan Rows": 1500000, "Plan Width": 8, "Plans": [{"Node Type": "Seq Scan", "Parent Relationship": "Outer", "Relation Name": "customer", "Alias": "customer", "Startup Cost": 0.0, "Total Cost": 18257.88, "Plan Rows": 1500000, "Plan Width": 8}]}]}]}]}]}]}]}]}]}]}, "Unique SQL Id": 3026328400}, "explain_analyze_plan": {"Plan": {"Node Type": "Sort", "Startup Cost": 181208.12, "Total Cost": 181208.62, "Plan Rows": 200, "Plan Width": 16, "Actual Min Startup Time": 5326.787, "Actual Max Startup Time": 5326.787, "Actual Min Total Time": 5326.791, "Actual Max Total Time": 5326.791, "Actual Total Rows": 46, "Sort Key": ["(pg_catalog.count(*)) DESC", "c_orders.c_count DESC"], "Sort Method": "quicksort", "Sort Space Min Used": 27, "Sort Space Max Used": 27, "Sort Space Type": "Memory", "Plans": [{"Node Type": "Streaming(type: LOCAL GATHER dop: 1/16)", "Parent Relationship": "Outer", "Startup Cost": 181199.81, "Total Cost": 181200.48, "Plan Rows": 200, "Plan Width": 16, "Actual Min Startup Time": 5326.566, "Actual Max Startup Time": 5326.566, "Actual Min Total Time": 5326.733, "Actual Max Total Time": 5326.733, "Actual Total Rows": 46, "Plans": [{"Node Type": "Aggregate", "Strategy": "Hashed", "Parent Relationship": "Outer", "Startup Cost": 181199.81, "Total Cost": 181199.94, "Plan Rows": 200, "Plan Width": 16, "Actual Min Startup Time": 5227.186, "Actual Max Startup Time": 5248.484, "Actual Min Total Time": 5227.186, "Actual Max Total Time": 5248.485, "Actual Total Rows": 46, "Group By Key": ["c_orders.c_count"], "Plans": [{"Node Type": "Streaming(type: LOCAL REDISTRIBUTE dop: 16/16)", "Parent Relationship": "Outer", "Startup Cost": 181194.06, "Total Cost": 181199.75, "Plan Rows": 200, "Plan Width": 16, "Actual Min Startup Time": 5208.963, "Actual Max Startup Time": 5235.167, "Actual Min Total Time": 5227.054, "Actual Max Total Time": 5248.321, "Actual Total Rows": 655, "Plans": [{"Node Type": "Aggregate", "Strategy": "Hashed", "Parent Relationship": "Outer", "Startup Cost": 181194.06, "Total Cost": 181194.19, "Plan Rows": 200, "Plan Width": 16, "Actual Min Startup Time": 5164.415, "Actual Max Startup Time": 5242.866, "Actual Min Total Time": 5164.423, "Actual Max Total Time": 5242.875, "Actual Total Rows": 655, "Group By Key": ["c_orders.c_count"], "Plans": [{"Node Type": "Subquery Scan", "Parent Relationship": "Outer", "Alias": "c_orders", "Startup Cost": 164787.81, "Total Cost": 180725.31, "Plan Rows": 1500000, "Plan Width": 8, "Actual Min Startup Time": 5090.346, "Actual Max Startup Time": 5157.9, "Actual Min Total Time": 5137.583, "Actual Max Total Time": 5215.936, "Actual Total Rows": 1500000, "Plans": [{"Node Type": "Aggregate", "Strategy": "Hashed", "Parent Relationship": "Subquery", "Startup Cost": 164787.81, "Total Cost": 165725.31, "Plan Rows": 1500000, "Plan Width": 24, "Actual Min Startup Time": 5090.345, "Actual Max Startup Time": 5157.898, "Actual Min Total Time": 5120.636, "Actual Max Total Time": 5199.243, "Actual Total Rows": 1500000, "Group By Key": ["customer.c_custkey"], "Plans": [{"Node Type": "Hash Join", "Parent Relationship": "Outer", "Join Type": "Right", "Startup Cost": 40113.34, "Total Cost": 162803.34, "Plan Rows": 6350316, "Plan Width": 16, "Actual Min Startup Time": 140.725, "Actual Max Startup Time": 208.973, "Actual Min Total Time": 4462.349, "Actual Max Total Time": 4679.611, "Actual Total Rows": 15338153, "Inner Unique": true, "Hash Cond": "(orders.o_custkey = customer.c_custkey), (LLVM Optimized, Jit Execute)", "Plans": [{"Node Type": "Streaming(type: LOCAL REDISTRIBUTE dop: 16/16)", "Parent Relationship": "Outer", "Startup Cost": 0.0, "Total Cost": 115241.83, "Plan Rows": 14844648, "Plan Width": 16, "Actual Min Startup Time": 0.073, "Actual Max Startup Time": 0.41, "Actual Min Total Time": 3726.549, "Actual Max Total Time": 4061.024, "Actual Total Rows": 14838130, "Plans": [{"Node Type": "Seq Scan", "Parent Relationship": "Outer", "Relation Name": "orders", "Alias": "orders", "Startup Cost": 0.0, "Total Cost": 43994.53, "Plan Rows": 14844648, "Plan Width": 16, "Actual Min Startup Time": 0.028, "Actual Max Startup Time": 0.056, "Actual Min Total Time": 577.565, "Actual Max Total Time": 615.405, "Actual Total Rows": 14838130, "Filter": "((o_comment)::text !~~ '%pending%deposits%'::text), (LLVM Optimized, Jit Execute)", "Rows Removed by Filter": 161870}]}, {"Node Type": "Hash", "Parent Relationship": "Inner", "Startup Cost": 38941.47, "Total Cost": 38941.47, "Plan Rows": 1500000, "Plan Width": 8, "Actual Min Startup Time": 140.485, "Actual Max Startup Time": 208.721, "Actual Min Total Time": 140.485, "Actual Max Total Time": 208.721, "Actual Total Rows": 1500000, "Max Hash Buckets": 131072, "Min Hash Buckets": 131072, "Max Hash Batches": 1, "Min Hash Batches": 1, "Max Original Hash Batches": 1, "Min Original Hash Batches": 1, "Max Peak Memory Usage": 3670, "min Peak Memory Usage": 3670, "Plans": [{"Node Type": "Streaming(type: LOCAL REDISTRIBUTE dop: 16/16)", "Parent Relationship": "Outer", "Startup Cost": 0.0, "Total Cost": 38941.47, "Plan Rows": 1500000, "Plan Width": 8, "Actual Min Startup Time": 0.049, "Actual Max Startup Time": 56.373, "Actual Min Total Time": 115.611, "Actual Max Total Time": 187.631, "Actual Total Rows": 1500000, "Plans": [{"Node Type": "Seq Scan", "Parent Relationship": "Outer", "Relation Name": "customer", "Alias": "customer", "Startup Cost": 0.0, "Total Cost": 18257.88, "Plan Rows": 1500000, "Plan Width": 8, "Actual Min Startup Time": 0.014, "Actual Max Startup Time": 0.032, "Actual Min Total Time": 31.257, "Actual Max Total Time": 33.274, "Actual Total Rows": 1500000}]}]}]}]}]}]}]}]}]}]}, "Triggers": [], "Planner Runtime": 0.979, "Total Runtime": 5349.088, "Unique SQL Id": 3026328400}}, "(16, 99)": {"explain_plan": {"Plan": {"Node Type": "Sort", "Startup Cost": 1060808.36, "Total Cost": 1060808.86, "Plan Rows": 200, "Plan Width": 16, "Sort Key": ["(count(*)) DESC", "c_orders.c_count DESC"], "Plans": [{"Node Type": "Aggregate", "Strategy": "Hashed", "Parent Relationship": "Outer", "Startup Cost": 1060798.71, "Total Cost": 1060800.71, "Plan Rows": 200, "Plan Width": 16, "Group By Key": ["c_orders.c_count"], "Plans": [{"Node Type": "Subquery Scan", "Parent Relationship": "Outer", "Alias": "c_orders", "Startup Cost": 1023298.71, "Total Cost": 1053298.71, "Plan Rows": 1500000, "Plan Width": 8, "Plans": [{"Node Type": "Aggregate", "Strategy": "Hashed", "Parent Relationship": "Subquery", "Startup Cost": 1023298.71, "Total Cost": 1038298.71, "Plan Rows": 1500000, "Plan Width": 24, "Group By Key": ["customer.c_custkey"], "Plans": [{"Node Type": "Hash Join", "Parent Relationship": "Outer", "Join Type": "Right", "Startup Cost": 408464.06, "Total Cost": 991547.13, "Plan Rows": 6350316, "Plan Width": 16, "Inner Unique": true, "Hash Cond": "(orders.o_custkey = customer.c_custkey), (LLVM Optimized)", "Plans": [{"Node Type": "Bitmap Heap Scan", "Parent Relationship": "Outer", "Relation Name": "orders", "Alias": "orders", "Startup Cost": 308576.81, "Total Cost": 772489.29, "Plan Rows": 14844648, "Plan Width": 16, "Filter": "((o_comment)::text !~~ '%pending%deposits%'::text), (LLVM Optimized)", "Plans": [{"Node Type": "Bitmap Index Scan", "Parent Relationship": "Outer", "Index Name": "idx_orders_custkey", "Startup Cost": 0.0, "Total Cost": 304865.65, "Plan Rows": 14999479, "Plan Width": 0}]}, {"Node Type": "Hash", "Parent Relationship": "Inner", "Startup Cost": 81137.25, "Total Cost": 81137.25, "Plan Rows": 1500000, "Plan Width": 8, "Plans": [{"Node Type": "Bitmap Heap Scan", "Parent Relationship": "Outer", "Relation Name": "customer", "Alias": "customer", "Startup Cost": 29011.25, "Total Cost": 81137.25, "Plan Rows": 1500000, "Plan Width": 8, "Plans": [{"Node Type": "Bitmap Index Scan", "Parent Relationship": "Outer", "Index Name": "customer_pkey", "Startup Cost": 0.0, "Total Cost": 28636.25, "Plan Rows": 1500000, "Plan Width": 0}]}]}]}]}]}]}]}, "Unique SQL Id": 3026328400}, "explain_analyze_plan": null}, "(16, 100)": {"explain_plan": {"Plan": {"Node Type": "Sort", "Startup Cost": 181208.12, "Total Cost": 181208.62, "Plan Rows": 200, "Plan Width": 16, "Sort Key": ["(pg_catalog.count(*)) DESC", "c_orders.c_count DESC"], "Plans": [{"Node Type": "Streaming(type: LOCAL GATHER dop: 1/16)", "Parent Relationship": "Outer", "Startup Cost": 181199.81, "Total Cost": 181200.48, "Plan Rows": 200, "Plan Width": 16, "Plans": [{"Node Type": "Aggregate", "Strategy": "Hashed", "Parent Relationship": "Outer", "Startup Cost": 181199.81, "Total Cost": 181199.94, "Plan Rows": 200, "Plan Width": 16, "Group By Key": ["c_orders.c_count"], "Plans": [{"Node Type": "Streaming(type: LOCAL REDISTRIBUTE dop: 16/16)", "Parent Relationship": "Outer", "Startup Cost": 181194.06, "Total Cost": 181199.75, "Plan Rows": 200, "Plan Width": 16, "Plans": [{"Node Type": "Aggregate", "Strategy": "Hashed", "Parent Relationship": "Outer", "Startup Cost": 181194.06, "Total Cost": 181194.19, "Plan Rows": 200, "Plan Width": 16, "Group By Key": ["c_orders.c_count"], "Plans": [{"Node Type": "Subquery Scan", "Parent Relationship": "Outer", "Alias": "c_orders", "Startup Cost": 164787.81, "Total Cost": 180725.31, "Plan Rows": 1500000, "Plan Width": 8, "Plans": [{"Node Type": "Aggregate", "Strategy": "Hashed", "Parent Relationship": "Subquery", "Startup Cost": 164787.81, "Total Cost": 165725.31, "Plan Rows": 1500000, "Plan Width": 24, "Group By Key": ["customer.c_custkey"], "Plans": [{"Node Type": "Hash Join", "Parent Relationship": "Outer", "Join Type": "Right", "Startup Cost": 40113.34, "Total Cost": 162803.34, "Plan Rows": 6350316, "Plan Width": 16, "Inner Unique": true, "Hash Cond": "(orders.o_custkey = customer.c_custkey), (LLVM Optimized)", "Plans": [{"Node Type": "Streaming(type: LOCAL REDISTRIBUTE dop: 16/16)", "Parent Relationship": "Outer", "Startup Cost": 0.0, "Total Cost": 115241.83, "Plan Rows": 14844648, "Plan Width": 16, "Plans": [{"Node Type": "Seq Scan", "Parent Relationship": "Outer", "Relation Name": "orders", "Alias": "orders", "Startup Cost": 0.0, "Total Cost": 43994.53, "Plan Rows": 14844648, "Plan Width": 16, "Filter": "((o_comment)::text !~~ '%pending%deposits%'::text), (LLVM Optimized)"}]}, {"Node Type": "Hash", "Parent Relationship": "Inner", "Startup Cost": 38941.47, "Total Cost": 38941.47, "Plan Rows": 1500000, "Plan Width": 8, "Plans": [{"Node Type": "Streaming(type: LOCAL REDISTRIBUTE dop: 16/16)", "Parent Relationship": "Outer", "Startup Cost": 0.0, "Total Cost": 38941.47, "Plan Rows": 1500000, "Plan Width": 8, "Plans": [{"Node Type": "Seq Scan", "Parent Relationship": "Outer", "Relation Name": "customer", "Alias": "customer", "Startup Cost": 0.0, "Total Cost": 18257.88, "Plan Rows": 1500000, "Plan Width": 8}]}]}]}]}]}]}]}]}]}]}, "Unique SQL Id": 3026328400}, "explain_analyze_plan": {"Plan": {"Node Type": "Sort", "Startup Cost": 181208.12, "Total Cost": 181208.62, "Plan Rows": 200, "Plan Width": 16, "Actual Min Startup Time": 5326.787, "Actual Max Startup Time": 5326.787, "Actual Min Total Time": 5326.791, "Actual Max Total Time": 5326.791, "Actual Total Rows": 46, "Sort Key": ["(pg_catalog.count(*)) DESC", "c_orders.c_count DESC"], "Sort Method": "quicksort", "Sort Space Min Used": 27, "Sort Space Max Used": 27, "Sort Space Type": "Memory", "Plans": [{"Node Type": "Streaming(type: LOCAL GATHER dop: 1/16)", "Parent Relationship": "Outer", "Startup Cost": 181199.81, "Total Cost": 181200.48, "Plan Rows": 200, "Plan Width": 16, "Actual Min Startup Time": 5326.566, "Actual Max Startup Time": 5326.566, "Actual Min Total Time": 5326.733, "Actual Max Total Time": 5326.733, "Actual Total Rows": 46, "Plans": [{"Node Type": "Aggregate", "Strategy": "Hashed", "Parent Relationship": "Outer", "Startup Cost": 181199.81, "Total Cost": 181199.94, "Plan Rows": 200, "Plan Width": 16, "Actual Min Startup Time": 5227.186, "Actual Max Startup Time": 5248.484, "Actual Min Total Time": 5227.186, "Actual Max Total Time": 5248.485, "Actual Total Rows": 46, "Group By Key": ["c_orders.c_count"], "Plans": [{"Node Type": "Streaming(type: LOCAL REDISTRIBUTE dop: 16/16)", "Parent Relationship": "Outer", "Startup Cost": 181194.06, "Total Cost": 181199.75, "Plan Rows": 200, "Plan Width": 16, "Actual Min Startup Time": 5208.963, "Actual Max Startup Time": 5235.167, "Actual Min Total Time": 5227.054, "Actual Max Total Time": 5248.321, "Actual Total Rows": 655, "Plans": [{"Node Type": "Aggregate", "Strategy": "Hashed", "Parent Relationship": "Outer", "Startup Cost": 181194.06, "Total Cost": 181194.19, "Plan Rows": 200, "Plan Width": 16, "Actual Min Startup Time": 5164.415, "Actual Max Startup Time": 5242.866, "Actual Min Total Time": 5164.423, "Actual Max Total Time": 5242.875, "Actual Total Rows": 655, "Group By Key": ["c_orders.c_count"], "Plans": [{"Node Type": "Subquery Scan", "Parent Relationship": "Outer", "Alias": "c_orders", "Startup Cost": 164787.81, "Total Cost": 180725.31, "Plan Rows": 1500000, "Plan Width": 8, "Actual Min Startup Time": 5090.346, "Actual Max Startup Time": 5157.9, "Actual Min Total Time": 5137.583, "Actual Max Total Time": 5215.936, "Actual Total Rows": 1500000, "Plans": [{"Node Type": "Aggregate", "Strategy": "Hashed", "Parent Relationship": "Subquery", "Startup Cost": 164787.81, "Total Cost": 165725.31, "Plan Rows": 1500000, "Plan Width": 24, "Actual Min Startup Time": 5090.345, "Actual Max Startup Time": 5157.898, "Actual Min Total Time": 5120.636, "Actual Max Total Time": 5199.243, "Actual Total Rows": 1500000, "Group By Key": ["customer.c_custkey"], "Plans": [{"Node Type": "Hash Join", "Parent Relationship": "Outer", "Join Type": "Right", "Startup Cost": 40113.34, "Total Cost": 162803.34, "Plan Rows": 6350316, "Plan Width": 16, "Actual Min Startup Time": 140.725, "Actual Max Startup Time": 208.973, "Actual Min Total Time": 4462.349, "Actual Max Total Time": 4679.611, "Actual Total Rows": 15338153, "Inner Unique": true, "Hash Cond": "(orders.o_custkey = customer.c_custkey), (LLVM Optimized, Jit Execute)", "Plans": [{"Node Type": "Streaming(type: LOCAL REDISTRIBUTE dop: 16/16)", "Parent Relationship": "Outer", "Startup Cost": 0.0, "Total Cost": 115241.83, "Plan Rows": 14844648, "Plan Width": 16, "Actual Min Startup Time": 0.073, "Actual Max Startup Time": 0.41, "Actual Min Total Time": 3726.549, "Actual Max Total Time": 4061.024, "Actual Total Rows": 14838130, "Plans": [{"Node Type": "Seq Scan", "Parent Relationship": "Outer", "Relation Name": "orders", "Alias": "orders", "Startup Cost": 0.0, "Total Cost": 43994.53, "Plan Rows": 14844648, "Plan Width": 16, "Actual Min Startup Time": 0.028, "Actual Max Startup Time": 0.056, "Actual Min Total Time": 577.565, "Actual Max Total Time": 615.405, "Actual Total Rows": 14838130, "Filter": "((o_comment)::text !~~ '%pending%deposits%'::text), (LLVM Optimized, Jit Execute)", "Rows Removed by Filter": 161870}]}, {"Node Type": "Hash", "Parent Relationship": "Inner", "Startup Cost": 38941.47, "Total Cost": 38941.47, "Plan Rows": 1500000, "Plan Width": 8, "Actual Min Startup Time": 140.485, "Actual Max Startup Time": 208.721, "Actual Min Total Time": 140.485, "Actual Max Total Time": 208.721, "Actual Total Rows": 1500000, "Max Hash Buckets": 131072, "Min Hash Buckets": 131072, "Max Hash Batches": 1, "Min Hash Batches": 1, "Max Original Hash Batches": 1, "Min Original Hash Batches": 1, "Max Peak Memory Usage": 3670, "min Peak Memory Usage": 3670, "Plans": [{"Node Type": "Streaming(type: LOCAL REDISTRIBUTE dop: 16/16)", "Parent Relationship": "Outer", "Startup Cost": 0.0, "Total Cost": 38941.47, "Plan Rows": 1500000, "Plan Width": 8, "Actual Min Startup Time": 0.049, "Actual Max Startup Time": 56.373, "Actual Min Total Time": 115.611, "Actual Max Total Time": 187.631, "Actual Total Rows": 1500000, "Plans": [{"Node Type": "Seq Scan", "Parent Relationship": "Outer", "Relation Name": "customer", "Alias": "customer", "Startup Cost": 0.0, "Total Cost": 18257.88, "Plan Rows": 1500000, "Plan Width": 8, "Actual Min Startup Time": 0.014, "Actual Max Startup Time": 0.032, "Actual Min Total Time": 31.257, "Actual Max Total Time": 33.274, "Actual Total Rows": 1500000}]}]}]}]}]}]}]}]}]}]}, "Triggers": [], "Planner Runtime": 0.979, "Total Runtime": 5349.088, "Unique SQL Id": 3026328400}}, "(16, 101)": {"explain_plan": {"Plan": {"Node Type": "Sort", "Startup Cost": 1060436.46, "Total Cost": 1060436.96, "Plan Rows": 200, "Plan Width": 16, "Sort Key": ["(count(*)) DESC", "c_orders.c_count DESC"], "Plans": [{"Node Type": "Aggregate", "Strategy": "Hashed", "Parent Relationship": "Outer", "Startup Cost": 1060426.82, "Total Cost": 1060428.82, "Plan Rows": 200, "Plan Width": 16, "Group By Key": ["c_orders.c_count"], "Plans": [{"Node Type": "Subquery Scan", "Parent Relationship": "Outer", "Alias": "c_orders", "Startup Cost": 1022926.82, "Total Cost": 1052926.82, "Plan Rows": 1500000, "Plan Width": 8, "Plans": [{"Node Type": "Aggregate", "Strategy": "Hashed", "Parent Relationship": "Subquery", "Startup Cost": 1022926.82, "Total Cost": 1037926.82, "Plan Rows": 1500000, "Plan Width": 24, "Group By Key": ["customer.c_custkey"], "Plans": [{"Node Type": "Hash Join", "Parent Relationship": "Outer", "Join Type": "Right", "Startup Cost": 408092.16, "Total Cost": 991175.24, "Plan Rows": 6350316, "Plan Width": 16, "Inner Unique": true, "Hash Cond": "(orders.o_custkey = customer.c_custkey), (LLVM Optimized)", "Plans": [{"Node Type": "Bitmap Heap Scan", "Parent Relationship": "Outer", "Relation Name": "orders", "Alias": "orders", "Startup Cost": 308576.81, "Total Cost": 772489.29, "Plan Rows": 14844648, "Plan Width": 16, "Filter": "((o_comment)::text !~~ '%pending%deposits%'::text), (LLVM Optimized)", "Plans": [{"Node Type": "Bitmap Index Scan", "Parent Relationship": "Outer", "Index Name": "idx_orders_custkey", "Startup Cost": 0.0, "Total Cost": 304865.65, "Plan Rows": 14999479, "Plan Width": 0}]}, {"Node Type": "Hash", "Parent Relationship": "Inner", "Startup Cost": 80765.36, "Total Cost": 80765.36, "Plan Rows": 1500000, "Plan Width": 8, "Plans": [{"Node Type": "Index Scan", "Parent Relationship": "Outer", "Scan Direction": "Forward", "Index Name": "customer_pkey", "Relation Name": "customer", "Alias": "customer", "Startup Cost": 0.0, "Total Cost": 80765.36, "Plan Rows": 1500000, "Plan Width": 8}]}]}]}]}]}]}, "Unique SQL Id": 3026328400}, "explain_analyze_plan": null}, "(16, 102)": {"explain_plan": {"Plan": {"Node Type": "Sort", "Startup Cost": 181208.12, "Total Cost": 181208.62, "Plan Rows": 200, "Plan Width": 16, "Sort Key": ["(pg_catalog.count(*)) DESC", "c_orders.c_count DESC"], "Plans": [{"Node Type": "Streaming(type: LOCAL GATHER dop: 1/16)", "Parent Relationship": "Outer", "Startup Cost": 181199.81, "Total Cost": 181200.48, "Plan Rows": 200, "Plan Width": 16, "Plans": [{"Node Type": "Aggregate", "Strategy": "Hashed", "Parent Relationship": "Outer", "Startup Cost": 181199.81, "Total Cost": 181199.94, "Plan Rows": 200, "Plan Width": 16, "Group By Key": ["c_orders.c_count"], "Plans": [{"Node Type": "Streaming(type: LOCAL REDISTRIBUTE dop: 16/16)", "Parent Relationship": "Outer", "Startup Cost": 181194.06, "Total Cost": 181199.75, "Plan Rows": 200, "Plan Width": 16, "Plans": [{"Node Type": "Aggregate", "Strategy": "Hashed", "Parent Relationship": "Outer", "Startup Cost": 181194.06, "Total Cost": 181194.19, "Plan Rows": 200, "Plan Width": 16, "Group By Key": ["c_orders.c_count"], "Plans": [{"Node Type": "Subquery Scan", "Parent Relationship": "Outer", "Alias": "c_orders", "Startup Cost": 164787.81, "Total Cost": 180725.31, "Plan Rows": 1500000, "Plan Width": 8, "Plans": [{"Node Type": "Aggregate", "Strategy": "Hashed", "Parent Relationship": "Subquery", "Startup Cost": 164787.81, "Total Cost": 165725.31, "Plan Rows": 1500000, "Plan Width": 24, "Group By Key": ["customer.c_custkey"], "Plans": [{"Node Type": "Hash Join", "Parent Relationship": "Outer", "Join Type": "Right", "Startup Cost": 40113.34, "Total Cost": 162803.34, "Plan Rows": 6350316, "Plan Width": 16, "Inner Unique": true, "Hash Cond": "(orders.o_custkey = customer.c_custkey), (LLVM Optimized)", "Plans": [{"Node Type": "Streaming(type: LOCAL REDISTRIBUTE dop: 16/16)", "Parent Relationship": "Outer", "Startup Cost": 0.0, "Total Cost": 115241.83, "Plan Rows": 14844648, "Plan Width": 16, "Plans": [{"Node Type": "Seq Scan", "Parent Relationship": "Outer", "Relation Name": "orders", "Alias": "orders", "Startup Cost": 0.0, "Total Cost": 43994.53, "Plan Rows": 14844648, "Plan Width": 16, "Filter": "((o_comment)::text !~~ '%pending%deposits%'::text), (LLVM Optimized)"}]}, {"Node Type": "Hash", "Parent Relationship": "Inner", "Startup Cost": 38941.47, "Total Cost": 38941.47, "Plan Rows": 1500000, "Plan Width": 8, "Plans": [{"Node Type": "Streaming(type: LOCAL REDISTRIBUTE dop: 16/16)", "Parent Relationship": "Outer", "Startup Cost": 0.0, "Total Cost": 38941.47, "Plan Rows": 1500000, "Plan Width": 8, "Plans": [{"Node Type": "Seq Scan", "Parent Relationship": "Outer", "Relation Name": "customer", "Alias": "customer", "Startup Cost": 0.0, "Total Cost": 18257.88, "Plan Rows": 1500000, "Plan Width": 8}]}]}]}]}]}]}]}]}]}]}, "Unique SQL Id": 3026328400}, "explain_analyze_plan": {"Plan": {"Node Type": "Sort", "Startup Cost": 181208.12, "Total Cost": 181208.62, "Plan Rows": 200, "Plan Width": 16, "Actual Min Startup Time": 5326.787, "Actual Max Startup Time": 5326.787, "Actual Min Total Time": 5326.791, "Actual Max Total Time": 5326.791, "Actual Total Rows": 46, "Sort Key": ["(pg_catalog.count(*)) DESC", "c_orders.c_count DESC"], "Sort Method": "quicksort", "Sort Space Min Used": 27, "Sort Space Max Used": 27, "Sort Space Type": "Memory", "Plans": [{"Node Type": "Streaming(type: LOCAL GATHER dop: 1/16)", "Parent Relationship": "Outer", "Startup Cost": 181199.81, "Total Cost": 181200.48, "Plan Rows": 200, "Plan Width": 16, "Actual Min Startup Time": 5326.566, "Actual Max Startup Time": 5326.566, "Actual Min Total Time": 5326.733, "Actual Max Total Time": 5326.733, "Actual Total Rows": 46, "Plans": [{"Node Type": "Aggregate", "Strategy": "Hashed", "Parent Relationship": "Outer", "Startup Cost": 181199.81, "Total Cost": 181199.94, "Plan Rows": 200, "Plan Width": 16, "Actual Min Startup Time": 5227.186, "Actual Max Startup Time": 5248.484, "Actual Min Total Time": 5227.186, "Actual Max Total Time": 5248.485, "Actual Total Rows": 46, "Group By Key": ["c_orders.c_count"], "Plans": [{"Node Type": "Streaming(type: LOCAL REDISTRIBUTE dop: 16/16)", "Parent Relationship": "Outer", "Startup Cost": 181194.06, "Total Cost": 181199.75, "Plan Rows": 200, "Plan Width": 16, "Actual Min Startup Time": 5208.963, "Actual Max Startup Time": 5235.167, "Actual Min Total Time": 5227.054, "Actual Max Total Time": 5248.321, "Actual Total Rows": 655, "Plans": [{"Node Type": "Aggregate", "Strategy": "Hashed", "Parent Relationship": "Outer", "Startup Cost": 181194.06, "Total Cost": 181194.19, "Plan Rows": 200, "Plan Width": 16, "Actual Min Startup Time": 5164.415, "Actual Max Startup Time": 5242.866, "Actual Min Total Time": 5164.423, "Actual Max Total Time": 5242.875, "Actual Total Rows": 655, "Group By Key": ["c_orders.c_count"], "Plans": [{"Node Type": "Subquery Scan", "Parent Relationship": "Outer", "Alias": "c_orders", "Startup Cost": 164787.81, "Total Cost": 180725.31, "Plan Rows": 1500000, "Plan Width": 8, "Actual Min Startup Time": 5090.346, "Actual Max Startup Time": 5157.9, "Actual Min Total Time": 5137.583, "Actual Max Total Time": 5215.936, "Actual Total Rows": 1500000, "Plans": [{"Node Type": "Aggregate", "Strategy": "Hashed", "Parent Relationship": "Subquery", "Startup Cost": 164787.81, "Total Cost": 165725.31, "Plan Rows": 1500000, "Plan Width": 24, "Actual Min Startup Time": 5090.345, "Actual Max Startup Time": 5157.898, "Actual Min Total Time": 5120.636, "Actual Max Total Time": 5199.243, "Actual Total Rows": 1500000, "Group By Key": ["customer.c_custkey"], "Plans": [{"Node Type": "Hash Join", "Parent Relationship": "Outer", "Join Type": "Right", "Startup Cost": 40113.34, "Total Cost": 162803.34, "Plan Rows": 6350316, "Plan Width": 16, "Actual Min Startup Time": 140.725, "Actual Max Startup Time": 208.973, "Actual Min Total Time": 4462.349, "Actual Max Total Time": 4679.611, "Actual Total Rows": 15338153, "Inner Unique": true, "Hash Cond": "(orders.o_custkey = customer.c_custkey), (LLVM Optimized, Jit Execute)", "Plans": [{"Node Type": "Streaming(type: LOCAL REDISTRIBUTE dop: 16/16)", "Parent Relationship": "Outer", "Startup Cost": 0.0, "Total Cost": 115241.83, "Plan Rows": 14844648, "Plan Width": 16, "Actual Min Startup Time": 0.073, "Actual Max Startup Time": 0.41, "Actual Min Total Time": 3726.549, "Actual Max Total Time": 4061.024, "Actual Total Rows": 14838130, "Plans": [{"Node Type": "Seq Scan", "Parent Relationship": "Outer", "Relation Name": "orders", "Alias": "orders", "Startup Cost": 0.0, "Total Cost": 43994.53, "Plan Rows": 14844648, "Plan Width": 16, "Actual Min Startup Time": 0.028, "Actual Max Startup Time": 0.056, "Actual Min Total Time": 577.565, "Actual Max Total Time": 615.405, "Actual Total Rows": 14838130, "Filter": "((o_comment)::text !~~ '%pending%deposits%'::text), (LLVM Optimized, Jit Execute)", "Rows Removed by Filter": 161870}]}, {"Node Type": "Hash", "Parent Relationship": "Inner", "Startup Cost": 38941.47, "Total Cost": 38941.47, "Plan Rows": 1500000, "Plan Width": 8, "Actual Min Startup Time": 140.485, "Actual Max Startup Time": 208.721, "Actual Min Total Time": 140.485, "Actual Max Total Time": 208.721, "Actual Total Rows": 1500000, "Max Hash Buckets": 131072, "Min Hash Buckets": 131072, "Max Hash Batches": 1, "Min Hash Batches": 1, "Max Original Hash Batches": 1, "Min Original Hash Batches": 1, "Max Peak Memory Usage": 3670, "min Peak Memory Usage": 3670, "Plans": [{"Node Type": "Streaming(type: LOCAL REDISTRIBUTE dop: 16/16)", "Parent Relationship": "Outer", "Startup Cost": 0.0, "Total Cost": 38941.47, "Plan Rows": 1500000, "Plan Width": 8, "Actual Min Startup Time": 0.049, "Actual Max Startup Time": 56.373, "Actual Min Total Time": 115.611, "Actual Max Total Time": 187.631, "Actual Total Rows": 1500000, "Plans": [{"Node Type": "Seq Scan", "Parent Relationship": "Outer", "Relation Name": "customer", "Alias": "customer", "Startup Cost": 0.0, "Total Cost": 18257.88, "Plan Rows": 1500000, "Plan Width": 8, "Actual Min Startup Time": 0.014, "Actual Max Startup Time": 0.032, "Actual Min Total Time": 31.257, "Actual Max Total Time": 33.274, "Actual Total Rows": 1500000}]}]}]}]}]}]}]}]}]}]}, "Triggers": [], "Planner Runtime": 0.979, "Total Runtime": 5349.088, "Unique SQL Id": 3026328400}}, "(16, 103)": {"explain_plan": {"Plan": {"Node Type": "Sort", "Startup Cost": 1060808.36, "Total Cost": 1060808.86, "Plan Rows": 200, "Plan Width": 16, "Sort Key": ["(count(*)) DESC", "c_orders.c_count DESC"], "Plans": [{"Node Type": "Aggregate", "Strategy": "Hashed", "Parent Relationship": "Outer", "Startup Cost": 1060798.71, "Total Cost": 1060800.71, "Plan Rows": 200, "Plan Width": 16, "Group By Key": ["c_orders.c_count"], "Plans": [{"Node Type": "Subquery Scan", "Parent Relationship": "Outer", "Alias": "c_orders", "Startup Cost": 1023298.71, "Total Cost": 1053298.71, "Plan Rows": 1500000, "Plan Width": 8, "Plans": [{"Node Type": "Aggregate", "Strategy": "Hashed", "Parent Relationship": "Subquery", "Startup Cost": 1023298.71, "Total Cost": 1038298.71, "Plan Rows": 1500000, "Plan Width": 24, "Group By Key": ["customer.c_custkey"], "Plans": [{"Node Type": "Hash Join", "Parent Relationship": "Outer", "Join Type": "Right", "Startup Cost": 408464.06, "Total Cost": 991547.13, "Plan Rows": 6350316, "Plan Width": 16, "Inner Unique": true, "Hash Cond": "(orders.o_custkey = customer.c_custkey), (LLVM Optimized)", "Plans": [{"Node Type": "Bitmap Heap Scan", "Parent Relationship": "Outer", "Relation Name": "orders", "Alias": "orders", "Startup Cost": 308576.81, "Total Cost": 772489.29, "Plan Rows": 14844648, "Plan Width": 16, "Filter": "((o_comment)::text !~~ '%pending%deposits%'::text), (LLVM Optimized)", "Plans": [{"Node Type": "Bitmap Index Scan", "Parent Relationship": "Outer", "Index Name": "idx_orders_custkey", "Startup Cost": 0.0, "Total Cost": 304865.65, "Plan Rows": 14999479, "Plan Width": 0}]}, {"Node Type": "Hash", "Parent Relationship": "Inner", "Startup Cost": 81137.25, "Total Cost": 81137.25, "Plan Rows": 1500000, "Plan Width": 8, "Plans": [{"Node Type": "Bitmap Heap Scan", "Parent Relationship": "Outer", "Relation Name": "customer", "Alias": "customer", "Startup Cost": 29011.25, "Total Cost": 81137.25, "Plan Rows": 1500000, "Plan Width": 8, "Plans": [{"Node Type": "Bitmap Index Scan", "Parent Relationship": "Outer", "Index Name": "customer_pkey", "Startup Cost": 0.0, "Total Cost": 28636.25, "Plan Rows": 1500000, "Plan Width": 0}]}]}]}]}]}]}]}, "Unique SQL Id": 3026328400}, "explain_analyze_plan": null}, "(16, 104)": {"explain_plan": {"Plan": {"Node Type": "Sort", "Startup Cost": 181208.12, "Total Cost": 181208.62, "Plan Rows": 200, "Plan Width": 16, "Sort Key": ["(pg_catalog.count(*)) DESC", "c_orders.c_count DESC"], "Plans": [{"Node Type": "Streaming(type: LOCAL GATHER dop: 1/16)", "Parent Relationship": "Outer", "Startup Cost": 181199.81, "Total Cost": 181200.48, "Plan Rows": 200, "Plan Width": 16, "Plans": [{"Node Type": "Aggregate", "Strategy": "Hashed", "Parent Relationship": "Outer", "Startup Cost": 181199.81, "Total Cost": 181199.94, "Plan Rows": 200, "Plan Width": 16, "Group By Key": ["c_orders.c_count"], "Plans": [{"Node Type": "Streaming(type: LOCAL REDISTRIBUTE dop: 16/16)", "Parent Relationship": "Outer", "Startup Cost": 181194.06, "Total Cost": 181199.75, "Plan Rows": 200, "Plan Width": 16, "Plans": [{"Node Type": "Aggregate", "Strategy": "Hashed", "Parent Relationship": "Outer", "Startup Cost": 181194.06, "Total Cost": 181194.19, "Plan Rows": 200, "Plan Width": 16, "Group By Key": ["c_orders.c_count"], "Plans": [{"Node Type": "Subquery Scan", "Parent Relationship": "Outer", "Alias": "c_orders", "Startup Cost": 164787.81, "Total Cost": 180725.31, "Plan Rows": 1500000, "Plan Width": 8, "Plans": [{"Node Type": "Aggregate", "Strategy": "Hashed", "Parent Relationship": "Subquery", "Startup Cost": 164787.81, "Total Cost": 165725.31, "Plan Rows": 1500000, "Plan Width": 24, "Group By Key": ["customer.c_custkey"], "Plans": [{"Node Type": "Hash Join", "Parent Relationship": "Outer", "Join Type": "Right", "Startup Cost": 40113.34, "Total Cost": 162803.34, "Plan Rows": 6350316, "Plan Width": 16, "Inner Unique": true, "Hash Cond": "(orders.o_custkey = customer.c_custkey), (LLVM Optimized)", "Plans": [{"Node Type": "Streaming(type: LOCAL REDISTRIBUTE dop: 16/16)", "Parent Relationship": "Outer", "Startup Cost": 0.0, "Total Cost": 115241.83, "Plan Rows": 14844648, "Plan Width": 16, "Plans": [{"Node Type": "Seq Scan", "Parent Relationship": "Outer", "Relation Name": "orders", "Alias": "orders", "Startup Cost": 0.0, "Total Cost": 43994.53, "Plan Rows": 14844648, "Plan Width": 16, "Filter": "((o_comment)::text !~~ '%pending%deposits%'::text), (LLVM Optimized)"}]}, {"Node Type": "Hash", "Parent Relationship": "Inner", "Startup Cost": 38941.47, "Total Cost": 38941.47, "Plan Rows": 1500000, "Plan Width": 8, "Plans": [{"Node Type": "Streaming(type: LOCAL REDISTRIBUTE dop: 16/16)", "Parent Relationship": "Outer", "Startup Cost": 0.0, "Total Cost": 38941.47, "Plan Rows": 1500000, "Plan Width": 8, "Plans": [{"Node Type": "Index Only Scan", "Parent Relationship": "Outer", "Scan Direction": "Forward", "Index Name": "customer_pkey", "Relation Name": "customer", "Alias": "customer", "Startup Cost": 0.0, "Total Cost": 18257.88, "Plan Rows": 1500000, "Plan Width": 8}]}]}]}]}]}]}]}]}]}]}, "Unique SQL Id": 3026328400}, "explain_analyze_plan": {"Plan": {"Node Type": "Sort", "Startup Cost": 181208.12, "Total Cost": 181208.62, "Plan Rows": 200, "Plan Width": 16, "Actual Min Startup Time": 4548.504, "Actual Max Startup Time": 4548.504, "Actual Min Total Time": 4548.507, "Actual Max Total Time": 4548.507, "Actual Total Rows": 46, "Sort Key": ["(pg_catalog.count(*)) DESC", "c_orders.c_count DESC"], "Sort Method": "quicksort", "Sort Space Min Used": 27, "Sort Space Max Used": 27, "Sort Space Type": "Memory", "Plans": [{"Node Type": "Streaming(type: LOCAL GATHER dop: 1/16)", "Parent Relationship": "Outer", "Startup Cost": 181199.81, "Total Cost": 181200.48, "Plan Rows": 200, "Plan Width": 16, "Actual Min Startup Time": 4548.233, "Actual Max Startup Time": 4548.233, "Actual Min Total Time": 4548.452, "Actual Max Total Time": 4548.452, "Actual Total Rows": 46, "Plans": [{"Node Type": "Aggregate", "Strategy": "Hashed", "Parent Relationship": "Outer", "Startup Cost": 181199.81, "Total Cost": 181199.94, "Plan Rows": 200, "Plan Width": 16, "Actual Min Startup Time": 4471.003, "Actual Max Startup Time": 4477.586, "Actual Min Total Time": 4471.005, "Actual Max Total Time": 4477.587, "Actual Total Rows": 46, "Group By Key": ["c_orders.c_count"], "Plans": [{"Node Type": "Streaming(type: LOCAL REDISTRIBUTE dop: 16/16)", "Parent Relationship": "Outer", "Startup Cost": 181194.06, "Total Cost": 181199.75, "Plan Rows": 200, "Plan Width": 16, "Actual Min Startup Time": 4465.562, "Actual Max Startup Time": 4474.555, "Actual Min Total Time": 4470.913, "Actual Max Total Time": 4477.506, "Actual Total Rows": 655, "Plans": [{"Node Type": "Aggregate", "Strategy": "Hashed", "Parent Relationship": "Outer", "Startup Cost": 181194.06, "Total Cost": 181194.19, "Plan Rows": 200, "Plan Width": 16, "Actual Min Startup Time": 4425.181, "Actual Max Startup Time": 4457.546, "Actual Min Total Time": 4425.191, "Actual Max Total Time": 4457.556, "Actual Total Rows": 655, "Group By Key": ["c_orders.c_count"], "Plans": [{"Node Type": "Subquery Scan", "Parent Relationship": "Outer", "Alias": "c_orders", "Startup Cost": 164787.81, "Total Cost": 180725.31, "Plan Rows": 1500000, "Plan Width": 8, "Actual Min Startup Time": 4353.839, "Actual Max Startup Time": 4383.884, "Actual Min Total Time": 4398.272, "Actual Max Total Time": 4430.94, "Actual Total Rows": 1500000, "Plans": [{"Node Type": "Aggregate", "Strategy": "Hashed", "Parent Relationship": "Subquery", "Startup Cost": 164787.81, "Total Cost": 165725.31, "Plan Rows": 1500000, "Plan Width": 24, "Actual Min Startup Time": 4353.837, "Actual Max Startup Time": 4383.881, "Actual Min Total Time": 4381.29, "Actual Max Total Time": 4413.938, "Actual Total Rows": 1500000, "Group By Key": ["customer.c_custkey"], "Plans": [{"Node Type": "Hash Join", "Parent Relationship": "Outer", "Join Type": "Right", "Startup Cost": 40113.34, "Total Cost": 162803.34, "Plan Rows": 6350316, "Plan Width": 16, "Actual Min Startup Time": 110.827, "Actual Max Startup Time": 140.674, "Actual Min Total Time": 3791.064, "Actual Max Total Time": 3878.06, "Actual Total Rows": 15338153, "Inner Unique": true, "Hash Cond": "(orders.o_custkey = customer.c_custkey), (LLVM Optimized, Jit Execute)", "Plans": [{"Node Type": "Streaming(type: LOCAL REDISTRIBUTE dop: 16/16)", "Parent Relationship": "Outer", "Startup Cost": 0.0, "Total Cost": 115241.83, "Plan Rows": 14844648, "Plan Width": 16, "Actual Min Startup Time": 0.079, "Actual Max Startup Time": 0.357, "Actual Min Total Time": 3129.215, "Actual Max Total Time": 3281.683, "Actual Total Rows": 14838130, "Plans": [{"Node Type": "Seq Scan", "Parent Relationship": "Outer", "Relation Name": "orders", "Alias": "orders", "Startup Cost": 0.0, "Total Cost": 43994.53, "Plan Rows": 14844648, "Plan Width": 16, "Actual Min Startup Time": 0.027, "Actual Max Startup Time": 0.059, "Actual Min Total Time": 585.839, "Actual Max Total Time": 614.123, "Actual Total Rows": 14838130, "Filter": "((o_comment)::text !~~ '%pending%deposits%'::text), (LLVM Optimized, Jit Execute)", "Rows Removed by Filter": 161870}]}, {"Node Type": "Hash", "Parent Relationship": "Inner", "Startup Cost": 38941.47, "Total Cost": 38941.47, "Plan Rows": 1500000, "Plan Width": 8, "Actual Min Startup Time": 110.499, "Actual Max Startup Time": 140.458, "Actual Min Total Time": 110.499, "Actual Max Total Time": 140.458, "Actual Total Rows": 1500000, "Max Hash Buckets": 131072, "Min Hash Buckets": 131072, "Max Hash Batches": 1, "Min Hash Batches": 1, "Max Original Hash Batches": 1, "Min Original Hash Batches": 1, "Max Peak Memory Usage": 3670, "min Peak Memory Usage": 3670, "Plans": [{"Node Type": "Streaming(type: LOCAL REDISTRIBUTE dop: 16/16)", "Parent Relationship": "Outer", "Startup Cost": 0.0, "Total Cost": 38941.47, "Plan Rows": 1500000, "Plan Width": 8, "Actual Min Startup Time": 0.049, "Actual Max Startup Time": 26.908, "Actual Min Total Time": 88.181, "Actual Max Total Time": 117.208, "Actual Total Rows": 1500000, "Plans": [{"Node Type": "Index Only Scan", "Parent Relationship": "Outer", "Scan Direction": "Forward", "Index Name": "customer_pkey", "Relation Name": "customer", "Alias": "customer", "Startup Cost": 0.0, "Total Cost": 18257.88, "Plan Rows": 1500000, "Plan Width": 8, "Actual Min Startup Time": 0.046, "Actual Max Startup Time": 50.533, "Actual Min Total Time": 21.776, "Actual Max Total Time": 72.693, "Actual Total Rows": 1500000, "Heap Fetches": 0}]}]}]}]}]}]}]}]}]}]}, "Triggers": [], "Planner Runtime": 0.944, "Total Runtime": 4569.915, "Unique SQL Id": 3026328400}}, "(16, 105)": {"explain_plan": {"Plan": {"Node Type": "Sort", "Startup Cost": 1656520.26, "Total Cost": 1656520.76, "Plan Rows": 200, "Plan Width": 16, "Sort Key": ["(pg_catalog.count(*)) DESC", "c_orders.c_count DESC"], "Plans": [{"Node Type": "Streaming(type: LOCAL GATHER dop: 1/16)", "Parent Relationship": "Outer", "Startup Cost": 1656511.95, "Total Cost": 1656512.62, "Plan Rows": 200, "Plan Width": 16, "Plans": [{"Node Type": "Aggregate", "Strategy": "Hashed", "Parent Relationship": "Outer", "Startup Cost": 1656511.95, "Total Cost": 1656512.08, "Plan Rows": 200, "Plan Width": 16, "Group By Key": ["c_orders.c_count"], "Plans": [{"Node Type": "Streaming(type: LOCAL REDISTRIBUTE dop: 16/16)", "Parent Relationship": "Outer", "Startup Cost": 1656506.2, "Total Cost": 1656511.89, "Plan Rows": 200, "Plan Width": 16, "Plans": [{"Node Type": "Aggregate", "Strategy": "Hashed", "Parent Relationship": "Outer", "Startup Cost": 1656506.2, "Total Cost": 1656506.33, "Plan Rows": 200, "Plan Width": 16, "Group By Key": ["c_orders.c_count"], "Plans": [{"Node Type": "Subquery Scan", "Parent Relationship": "Outer", "Alias": "c_orders", "Startup Cost": 1640099.95, "Total Cost": 1656037.45, "Plan Rows": 1500000, "Plan Width": 8, "Plans": [{"Node Type": "Aggregate", "Strategy": "Hashed", "Parent Relationship": "Subquery", "Startup Cost": 1640099.95, "Total Cost": 1641037.45, "Plan Rows": 1500000, "Plan Width": 24, "Group By Key": ["customer.c_custkey"], "Plans": [{"Node Type": "Hash Join", "Parent Relationship": "Outer", "Join Type": "Right", "Startup Cost": 122181.17, "Total Cost": 1638115.48, "Plan Rows": 6350316, "Plan Width": 16, "Inner Unique": true, "Hash Cond": "(orders.o_custkey = customer.c_custkey), (LLVM Optimized)", "Plans": [{"Node Type": "Streaming(type: LOCAL REDISTRIBUTE dop: 16/16)", "Parent Relationship": "Outer", "Startup Cost": 0.0, "Total Cost": 1508486.14, "Plan Rows": 14844648, "Plan Width": 16, "Plans": [{"Node Type": "Index Scan", "Parent Relationship": "Outer", "Scan Direction": "Forward", "Index Name": "idx_orders_custkey", "Relation Name": "orders", "Alias": "orders", "Startup Cost": 0.0, "Total Cost": 1437238.84, "Plan Rows": 14844648, "Plan Width": 16, "Filter": "((o_comment)::text !~~ '%pending%deposits%'::text), (LLVM Optimized)"}]}, {"Node Type": "Hash", "Parent Relationship": "Inner", "Startup Cost": 121009.3, "Total Cost": 121009.3, "Plan Rows": 1500000, "Plan Width": 8, "Plans": [{"Node Type": "Streaming(type: LOCAL REDISTRIBUTE dop: 16/1)", "Parent Relationship": "Outer", "Startup Cost": 0.0, "Total Cost": 121009.3, "Plan Rows": 1500000, "Plan Width": 8, "Plans": [{"Node Type": "Index Only Scan", "Parent Relationship": "Outer", "Scan Direction": "Forward", "Index Name": "customer_pkey", "Relation Name": "customer", "Alias": "customer", "Startup Cost": 0.0, "Total Cost": 43636.25, "Plan Rows": 1500000, "Plan Width": 8}]}]}]}]}]}]}]}]}]}]}, "Unique SQL Id": 3026328400}, "explain_analyze_plan": null}, "(16, 106)": {"explain_plan": {"Plan": {"Node Type": "Sort", "Startup Cost": 181208.12, "Total Cost": 181208.62, "Plan Rows": 200, "Plan Width": 16, "Sort Key": ["(pg_catalog.count(*)) DESC", "c_orders.c_count DESC"], "Plans": [{"Node Type": "Streaming(type: LOCAL GATHER dop: 1/16)", "Parent Relationship": "Outer", "Startup Cost": 181199.81, "Total Cost": 181200.48, "Plan Rows": 200, "Plan Width": 16, "Plans": [{"Node Type": "Aggregate", "Strategy": "Hashed", "Parent Relationship": "Outer", "Startup Cost": 181199.81, "Total Cost": 181199.94, "Plan Rows": 200, "Plan Width": 16, "Group By Key": ["c_orders.c_count"], "Plans": [{"Node Type": "Streaming(type: LOCAL REDISTRIBUTE dop: 16/16)", "Parent Relationship": "Outer", "Startup Cost": 181194.06, "Total Cost": 181199.75, "Plan Rows": 200, "Plan Width": 16, "Plans": [{"Node Type": "Aggregate", "Strategy": "Hashed", "Parent Relationship": "Outer", "Startup Cost": 181194.06, "Total Cost": 181194.19, "Plan Rows": 200, "Plan Width": 16, "Group By Key": ["c_orders.c_count"], "Plans": [{"Node Type": "Subquery Scan", "Parent Relationship": "Outer", "Alias": "c_orders", "Startup Cost": 164787.81, "Total Cost": 180725.31, "Plan Rows": 1500000, "Plan Width": 8, "Plans": [{"Node Type": "Aggregate", "Strategy": "Hashed", "Parent Relationship": "Subquery", "Startup Cost": 164787.81, "Total Cost": 165725.31, "Plan Rows": 1500000, "Plan Width": 24, "Group By Key": ["customer.c_custkey"], "Plans": [{"Node Type": "Hash Join", "Parent Relationship": "Outer", "Join Type": "Right", "Startup Cost": 40113.34, "Total Cost": 162803.34, "Plan Rows": 6350316, "Plan Width": 16, "Inner Unique": true, "Hash Cond": "(orders.o_custkey = customer.c_custkey), (LLVM Optimized)", "Plans": [{"Node Type": "Streaming(type: LOCAL REDISTRIBUTE dop: 16/16)", "Parent Relationship": "Outer", "Startup Cost": 0.0, "Total Cost": 115241.83, "Plan Rows": 14844648, "Plan Width": 16, "Plans": [{"Node Type": "Seq Scan", "Parent Relationship": "Outer", "Relation Name": "orders", "Alias": "orders", "Startup Cost": 0.0, "Total Cost": 43994.53, "Plan Rows": 14844648, "Plan Width": 16, "Filter": "((o_comment)::text !~~ '%pending%deposits%'::text), (LLVM Optimized)"}]}, {"Node Type": "Hash", "Parent Relationship": "Inner", "Startup Cost": 38941.47, "Total Cost": 38941.47, "Plan Rows": 1500000, "Plan Width": 8, "Plans": [{"Node Type": "Streaming(type: LOCAL REDISTRIBUTE dop: 16/16)", "Parent Relationship": "Outer", "Startup Cost": 0.0, "Total Cost": 38941.47, "Plan Rows": 1500000, "Plan Width": 8, "Plans": [{"Node Type": "Seq Scan", "Parent Relationship": "Outer", "Relation Name": "customer", "Alias": "customer", "Startup Cost": 0.0, "Total Cost": 18257.88, "Plan Rows": 1500000, "Plan Width": 8}]}]}]}]}]}]}]}]}]}]}, "Unique SQL Id": 3026328400}, "explain_analyze_plan": {"Plan": {"Node Type": "Sort", "Startup Cost": 181208.12, "Total Cost": 181208.62, "Plan Rows": 200, "Plan Width": 16, "Actual Min Startup Time": 5326.787, "Actual Max Startup Time": 5326.787, "Actual Min Total Time": 5326.791, "Actual Max Total Time": 5326.791, "Actual Total Rows": 46, "Sort Key": ["(pg_catalog.count(*)) DESC", "c_orders.c_count DESC"], "Sort Method": "quicksort", "Sort Space Min Used": 27, "Sort Space Max Used": 27, "Sort Space Type": "Memory", "Plans": [{"Node Type": "Streaming(type: LOCAL GATHER dop: 1/16)", "Parent Relationship": "Outer", "Startup Cost": 181199.81, "Total Cost": 181200.48, "Plan Rows": 200, "Plan Width": 16, "Actual Min Startup Time": 5326.566, "Actual Max Startup Time": 5326.566, "Actual Min Total Time": 5326.733, "Actual Max Total Time": 5326.733, "Actual Total Rows": 46, "Plans": [{"Node Type": "Aggregate", "Strategy": "Hashed", "Parent Relationship": "Outer", "Startup Cost": 181199.81, "Total Cost": 181199.94, "Plan Rows": 200, "Plan Width": 16, "Actual Min Startup Time": 5227.186, "Actual Max Startup Time": 5248.484, "Actual Min Total Time": 5227.186, "Actual Max Total Time": 5248.485, "Actual Total Rows": 46, "Group By Key": ["c_orders.c_count"], "Plans": [{"Node Type": "Streaming(type: LOCAL REDISTRIBUTE dop: 16/16)", "Parent Relationship": "Outer", "Startup Cost": 181194.06, "Total Cost": 181199.75, "Plan Rows": 200, "Plan Width": 16, "Actual Min Startup Time": 5208.963, "Actual Max Startup Time": 5235.167, "Actual Min Total Time": 5227.054, "Actual Max Total Time": 5248.321, "Actual Total Rows": 655, "Plans": [{"Node Type": "Aggregate", "Strategy": "Hashed", "Parent Relationship": "Outer", "Startup Cost": 181194.06, "Total Cost": 181194.19, "Plan Rows": 200, "Plan Width": 16, "Actual Min Startup Time": 5164.415, "Actual Max Startup Time": 5242.866, "Actual Min Total Time": 5164.423, "Actual Max Total Time": 5242.875, "Actual Total Rows": 655, "Group By Key": ["c_orders.c_count"], "Plans": [{"Node Type": "Subquery Scan", "Parent Relationship": "Outer", "Alias": "c_orders", "Startup Cost": 164787.81, "Total Cost": 180725.31, "Plan Rows": 1500000, "Plan Width": 8, "Actual Min Startup Time": 5090.346, "Actual Max Startup Time": 5157.9, "Actual Min Total Time": 5137.583, "Actual Max Total Time": 5215.936, "Actual Total Rows": 1500000, "Plans": [{"Node Type": "Aggregate", "Strategy": "Hashed", "Parent Relationship": "Subquery", "Startup Cost": 164787.81, "Total Cost": 165725.31, "Plan Rows": 1500000, "Plan Width": 24, "Actual Min Startup Time": 5090.345, "Actual Max Startup Time": 5157.898, "Actual Min Total Time": 5120.636, "Actual Max Total Time": 5199.243, "Actual Total Rows": 1500000, "Group By Key": ["customer.c_custkey"], "Plans": [{"Node Type": "Hash Join", "Parent Relationship": "Outer", "Join Type": "Right", "Startup Cost": 40113.34, "Total Cost": 162803.34, "Plan Rows": 6350316, "Plan Width": 16, "Actual Min Startup Time": 140.725, "Actual Max Startup Time": 208.973, "Actual Min Total Time": 4462.349, "Actual Max Total Time": 4679.611, "Actual Total Rows": 15338153, "Inner Unique": true, "Hash Cond": "(orders.o_custkey = customer.c_custkey), (LLVM Optimized, Jit Execute)", "Plans": [{"Node Type": "Streaming(type: LOCAL REDISTRIBUTE dop: 16/16)", "Parent Relationship": "Outer", "Startup Cost": 0.0, "Total Cost": 115241.83, "Plan Rows": 14844648, "Plan Width": 16, "Actual Min Startup Time": 0.073, "Actual Max Startup Time": 0.41, "Actual Min Total Time": 3726.549, "Actual Max Total Time": 4061.024, "Actual Total Rows": 14838130, "Plans": [{"Node Type": "Seq Scan", "Parent Relationship": "Outer", "Relation Name": "orders", "Alias": "orders", "Startup Cost": 0.0, "Total Cost": 43994.53, "Plan Rows": 14844648, "Plan Width": 16, "Actual Min Startup Time": 0.028, "Actual Max Startup Time": 0.056, "Actual Min Total Time": 577.565, "Actual Max Total Time": 615.405, "Actual Total Rows": 14838130, "Filter": "((o_comment)::text !~~ '%pending%deposits%'::text), (LLVM Optimized, Jit Execute)", "Rows Removed by Filter": 161870}]}, {"Node Type": "Hash", "Parent Relationship": "Inner", "Startup Cost": 38941.47, "Total Cost": 38941.47, "Plan Rows": 1500000, "Plan Width": 8, "Actual Min Startup Time": 140.485, "Actual Max Startup Time": 208.721, "Actual Min Total Time": 140.485, "Actual Max Total Time": 208.721, "Actual Total Rows": 1500000, "Max Hash Buckets": 131072, "Min Hash Buckets": 131072, "Max Hash Batches": 1, "Min Hash Batches": 1, "Max Original Hash Batches": 1, "Min Original Hash Batches": 1, "Max Peak Memory Usage": 3670, "min Peak Memory Usage": 3670, "Plans": [{"Node Type": "Streaming(type: LOCAL REDISTRIBUTE dop: 16/16)", "Parent Relationship": "Outer", "Startup Cost": 0.0, "Total Cost": 38941.47, "Plan Rows": 1500000, "Plan Width": 8, "Actual Min Startup Time": 0.049, "Actual Max Startup Time": 56.373, "Actual Min Total Time": 115.611, "Actual Max Total Time": 187.631, "Actual Total Rows": 1500000, "Plans": [{"Node Type": "Seq Scan", "Parent Relationship": "Outer", "Relation Name": "customer", "Alias": "customer", "Startup Cost": 0.0, "Total Cost": 18257.88, "Plan Rows": 1500000, "Plan Width": 8, "Actual Min Startup Time": 0.014, "Actual Max Startup Time": 0.032, "Actual Min Total Time": 31.257, "Actual Max Total Time": 33.274, "Actual Total Rows": 1500000}]}]}]}]}]}]}]}]}]}]}, "Triggers": [], "Planner Runtime": 0.979, "Total Runtime": 5349.088, "Unique SQL Id": 3026328400}}, "(16, 107)": {"explain_plan": {"Plan": {"Node Type": "Sort", "Startup Cost": 2000164372205.65, "Total Cost": 2000164372206.15, "Plan Rows": 200, "Plan Width": 16, "Sort Key": ["(count(*)) DESC", "c_orders.c_count DESC"], "Plans": [{"Node Type": "Aggregate", "Strategy": "Hashed", "Parent Relationship": "Outer", "Startup Cost": 2000164372196.0, "Total Cost": 2000164372198.0, "Plan Rows": 200, "Plan Width": 16, "Group By Key": ["c_orders.c_count"], "Plans": [{"Node Type": "Subquery Scan", "Parent Relationship": "Outer", "Alias": "c_orders", "Startup Cost": 2000164334696.0, "Total Cost": 2000164364696.0, "Plan Rows": 1500000, "Plan Width": 8, "Plans": [{"Node Type": "Aggregate", "Strategy": "Hashed", "Parent Relationship": "Subquery", "Startup Cost": 2000164334696.0, "Total Cost": 2000164349696.0, "Plan Rows": 1500000, "Plan Width": 24, "Group By Key": ["customer.c_custkey"], "Plans": [{"Node Type": "Hash Join", "Parent Relationship": "Outer", "Join Type": "Right", "Startup Cost": 1010004382375.0, "Total Cost": 2000164302944.42, "Plan Rows": 6350316, "Plan Width": 16, "Inner Unique": true, "Hash Cond": "(orders.o_custkey = customer.c_custkey), (LLVM Optimized)", "Plans": [{"Node Type": "Index Scan", "Parent Relationship": "Outer", "Scan Direction": "Forward", "Index Name": "idx_orders_custkey", "Relation Name": "orders", "Alias": "orders", "Startup Cost": 10000000000.0, "Total Cost": 1000159801398.83, "Plan Rows": 14844648, "Plan Width": 16, "Filter": "((o_comment)::text !~~ '%pending%deposits%'::text), (LLVM Optimized)"}, {"Node Type": "Hash", "Parent Relationship": "Inner", "Startup Cost": 1000004363625.0, "Total Cost": 1000004363625.0, "Plan Rows": 1500000, "Plan Width": 8, "Plans": [{"Node Type": "Index Only Scan", "Parent Relationship": "Outer", "Scan Direction": "Forward", "Index Name": "customer_pkey", "Relation Name": "customer", "Alias": "customer", "Startup Cost": 10000000000.0, "Total Cost": 1000004363625.0, "Plan Rows": 1500000, "Plan Width": 8}]}]}]}]}]}]}, "Unique SQL Id": 3026328400}, "explain_analyze_plan": null}, "(16, 108)": {"explain_plan": {"Plan": {"Node Type": "Sort", "Startup Cost": 181208.12, "Total Cost": 181208.62, "Plan Rows": 200, "Plan Width": 16, "Sort Key": ["(pg_catalog.count(*)) DESC", "c_orders.c_count DESC"], "Plans": [{"Node Type": "Streaming(type: LOCAL GATHER dop: 1/16)", "Parent Relationship": "Outer", "Startup Cost": 181199.81, "Total Cost": 181200.48, "Plan Rows": 200, "Plan Width": 16, "Plans": [{"Node Type": "Aggregate", "Strategy": "Hashed", "Parent Relationship": "Outer", "Startup Cost": 181199.81, "Total Cost": 181199.94, "Plan Rows": 200, "Plan Width": 16, "Group By Key": ["c_orders.c_count"], "Plans": [{"Node Type": "Streaming(type: LOCAL REDISTRIBUTE dop: 16/16)", "Parent Relationship": "Outer", "Startup Cost": 181194.06, "Total Cost": 181199.75, "Plan Rows": 200, "Plan Width": 16, "Plans": [{"Node Type": "Aggregate", "Strategy": "Hashed", "Parent Relationship": "Outer", "Startup Cost": 181194.06, "Total Cost": 181194.19, "Plan Rows": 200, "Plan Width": 16, "Group By Key": ["c_orders.c_count"], "Plans": [{"Node Type": "Subquery Scan", "Parent Relationship": "Outer", "Alias": "c_orders", "Startup Cost": 164787.81, "Total Cost": 180725.31, "Plan Rows": 1500000, "Plan Width": 8, "Plans": [{"Node Type": "Aggregate", "Strategy": "Hashed", "Parent Relationship": "Subquery", "Startup Cost": 164787.81, "Total Cost": 165725.31, "Plan Rows": 1500000, "Plan Width": 24, "Group By Key": ["customer.c_custkey"], "Plans": [{"Node Type": "Hash Join", "Parent Relationship": "Outer", "Join Type": "Right", "Startup Cost": 40113.34, "Total Cost": 162803.34, "Plan Rows": 6350316, "Plan Width": 16, "Inner Unique": true, "Hash Cond": "(orders.o_custkey = customer.c_custkey), (LLVM Optimized)", "Plans": [{"Node Type": "Streaming(type: LOCAL REDISTRIBUTE dop: 16/16)", "Parent Relationship": "Outer", "Startup Cost": 0.0, "Total Cost": 115241.83, "Plan Rows": 14844648, "Plan Width": 16, "Plans": [{"Node Type": "Seq Scan", "Parent Relationship": "Outer", "Relation Name": "orders", "Alias": "orders", "Startup Cost": 0.0, "Total Cost": 43994.53, "Plan Rows": 14844648, "Plan Width": 16, "Filter": "((o_comment)::text !~~ '%pending%deposits%'::text), (LLVM Optimized)"}]}, {"Node Type": "Hash", "Parent Relationship": "Inner", "Startup Cost": 38941.47, "Total Cost": 38941.47, "Plan Rows": 1500000, "Plan Width": 8, "Plans": [{"Node Type": "Streaming(type: LOCAL REDISTRIBUTE dop: 16/16)", "Parent Relationship": "Outer", "Startup Cost": 0.0, "Total Cost": 38941.47, "Plan Rows": 1500000, "Plan Width": 8, "Plans": [{"Node Type": "Seq Scan", "Parent Relationship": "Outer", "Relation Name": "customer", "Alias": "customer", "Startup Cost": 0.0, "Total Cost": 18257.88, "Plan Rows": 1500000, "Plan Width": 8}]}]}]}]}]}]}]}]}]}]}, "Unique SQL Id": 3026328400}, "explain_analyze_plan": {"Plan": {"Node Type": "Sort", "Startup Cost": 181208.12, "Total Cost": 181208.62, "Plan Rows": 200, "Plan Width": 16, "Actual Min Startup Time": 5326.787, "Actual Max Startup Time": 5326.787, "Actual Min Total Time": 5326.791, "Actual Max Total Time": 5326.791, "Actual Total Rows": 46, "Sort Key": ["(pg_catalog.count(*)) DESC", "c_orders.c_count DESC"], "Sort Method": "quicksort", "Sort Space Min Used": 27, "Sort Space Max Used": 27, "Sort Space Type": "Memory", "Plans": [{"Node Type": "Streaming(type: LOCAL GATHER dop: 1/16)", "Parent Relationship": "Outer", "Startup Cost": 181199.81, "Total Cost": 181200.48, "Plan Rows": 200, "Plan Width": 16, "Actual Min Startup Time": 5326.566, "Actual Max Startup Time": 5326.566, "Actual Min Total Time": 5326.733, "Actual Max Total Time": 5326.733, "Actual Total Rows": 46, "Plans": [{"Node Type": "Aggregate", "Strategy": "Hashed", "Parent Relationship": "Outer", "Startup Cost": 181199.81, "Total Cost": 181199.94, "Plan Rows": 200, "Plan Width": 16, "Actual Min Startup Time": 5227.186, "Actual Max Startup Time": 5248.484, "Actual Min Total Time": 5227.186, "Actual Max Total Time": 5248.485, "Actual Total Rows": 46, "Group By Key": ["c_orders.c_count"], "Plans": [{"Node Type": "Streaming(type: LOCAL REDISTRIBUTE dop: 16/16)", "Parent Relationship": "Outer", "Startup Cost": 181194.06, "Total Cost": 181199.75, "Plan Rows": 200, "Plan Width": 16, "Actual Min Startup Time": 5208.963, "Actual Max Startup Time": 5235.167, "Actual Min Total Time": 5227.054, "Actual Max Total Time": 5248.321, "Actual Total Rows": 655, "Plans": [{"Node Type": "Aggregate", "Strategy": "Hashed", "Parent Relationship": "Outer", "Startup Cost": 181194.06, "Total Cost": 181194.19, "Plan Rows": 200, "Plan Width": 16, "Actual Min Startup Time": 5164.415, "Actual Max Startup Time": 5242.866, "Actual Min Total Time": 5164.423, "Actual Max Total Time": 5242.875, "Actual Total Rows": 655, "Group By Key": ["c_orders.c_count"], "Plans": [{"Node Type": "Subquery Scan", "Parent Relationship": "Outer", "Alias": "c_orders", "Startup Cost": 164787.81, "Total Cost": 180725.31, "Plan Rows": 1500000, "Plan Width": 8, "Actual Min Startup Time": 5090.346, "Actual Max Startup Time": 5157.9, "Actual Min Total Time": 5137.583, "Actual Max Total Time": 5215.936, "Actual Total Rows": 1500000, "Plans": [{"Node Type": "Aggregate", "Strategy": "Hashed", "Parent Relationship": "Subquery", "Startup Cost": 164787.81, "Total Cost": 165725.31, "Plan Rows": 1500000, "Plan Width": 24, "Actual Min Startup Time": 5090.345, "Actual Max Startup Time": 5157.898, "Actual Min Total Time": 5120.636, "Actual Max Total Time": 5199.243, "Actual Total Rows": 1500000, "Group By Key": ["customer.c_custkey"], "Plans": [{"Node Type": "Hash Join", "Parent Relationship": "Outer", "Join Type": "Right", "Startup Cost": 40113.34, "Total Cost": 162803.34, "Plan Rows": 6350316, "Plan Width": 16, "Actual Min Startup Time": 140.725, "Actual Max Startup Time": 208.973, "Actual Min Total Time": 4462.349, "Actual Max Total Time": 4679.611, "Actual Total Rows": 15338153, "Inner Unique": true, "Hash Cond": "(orders.o_custkey = customer.c_custkey), (LLVM Optimized, Jit Execute)", "Plans": [{"Node Type": "Streaming(type: LOCAL REDISTRIBUTE dop: 16/16)", "Parent Relationship": "Outer", "Startup Cost": 0.0, "Total Cost": 115241.83, "Plan Rows": 14844648, "Plan Width": 16, "Actual Min Startup Time": 0.073, "Actual Max Startup Time": 0.41, "Actual Min Total Time": 3726.549, "Actual Max Total Time": 4061.024, "Actual Total Rows": 14838130, "Plans": [{"Node Type": "Seq Scan", "Parent Relationship": "Outer", "Relation Name": "orders", "Alias": "orders", "Startup Cost": 0.0, "Total Cost": 43994.53, "Plan Rows": 14844648, "Plan Width": 16, "Actual Min Startup Time": 0.028, "Actual Max Startup Time": 0.056, "Actual Min Total Time": 577.565, "Actual Max Total Time": 615.405, "Actual Total Rows": 14838130, "Filter": "((o_comment)::text !~~ '%pending%deposits%'::text), (LLVM Optimized, Jit Execute)", "Rows Removed by Filter": 161870}]}, {"Node Type": "Hash", "Parent Relationship": "Inner", "Startup Cost": 38941.47, "Total Cost": 38941.47, "Plan Rows": 1500000, "Plan Width": 8, "Actual Min Startup Time": 140.485, "Actual Max Startup Time": 208.721, "Actual Min Total Time": 140.485, "Actual Max Total Time": 208.721, "Actual Total Rows": 1500000, "Max Hash Buckets": 131072, "Min Hash Buckets": 131072, "Max Hash Batches": 1, "Min Hash Batches": 1, "Max Original Hash Batches": 1, "Min Original Hash Batches": 1, "Max Peak Memory Usage": 3670, "min Peak Memory Usage": 3670, "Plans": [{"Node Type": "Streaming(type: LOCAL REDISTRIBUTE dop: 16/16)", "Parent Relationship": "Outer", "Startup Cost": 0.0, "Total Cost": 38941.47, "Plan Rows": 1500000, "Plan Width": 8, "Actual Min Startup Time": 0.049, "Actual Max Startup Time": 56.373, "Actual Min Total Time": 115.611, "Actual Max Total Time": 187.631, "Actual Total Rows": 1500000, "Plans": [{"Node Type": "Seq Scan", "Parent Relationship": "Outer", "Relation Name": "customer", "Alias": "customer", "Startup Cost": 0.0, "Total Cost": 18257.88, "Plan Rows": 1500000, "Plan Width": 8, "Actual Min Startup Time": 0.014, "Actual Max Startup Time": 0.032, "Actual Min Total Time": 31.257, "Actual Max Total Time": 33.274, "Actual Total Rows": 1500000}]}]}]}]}]}]}]}]}]}]}, "Triggers": [], "Planner Runtime": 0.979, "Total Runtime": 5349.088, "Unique SQL Id": 3026328400}}, "(16, 109)": {"explain_plan": {"Plan": {"Node Type": "Sort", "Startup Cost": 1693649.37, "Total Cost": 1693649.87, "Plan Rows": 200, "Plan Width": 16, "Sort Key": ["(pg_catalog.count(*)) DESC", "c_orders.c_count DESC"], "Plans": [{"Node Type": "Streaming(type: LOCAL GATHER dop: 1/16)", "Parent Relationship": "Outer", "Startup Cost": 1693641.06, "Total Cost": 1693641.72, "Plan Rows": 200, "Plan Width": 16, "Plans": [{"Node Type": "Aggregate", "Strategy": "Hashed", "Parent Relationship": "Outer", "Startup Cost": 1693641.06, "Total Cost": 1693641.18, "Plan Rows": 200, "Plan Width": 16, "Group By Key": ["c_orders.c_count"], "Plans": [{"Node Type": "Streaming(type: LOCAL REDISTRIBUTE dop: 16/16)", "Parent Relationship": "Outer", "Startup Cost": 1693635.31, "Total Cost": 1693641.0, "Plan Rows": 200, "Plan Width": 16, "Plans": [{"Node Type": "Aggregate", "Strategy": "Hashed", "Parent Relationship": "Outer", "Startup Cost": 1693635.31, "Total Cost": 1693635.43, "Plan Rows": 200, "Plan Width": 16, "Group By Key": ["c_orders.c_count"], "Plans": [{"Node Type": "Subquery Scan", "Parent Relationship": "Outer", "Alias": "c_orders", "Startup Cost": 1677229.06, "Total Cost": 1693166.56, "Plan Rows": 1500000, "Plan Width": 8, "Plans": [{"Node Type": "Aggregate", "Strategy": "Hashed", "Parent Relationship": "Subquery", "Startup Cost": 1677229.06, "Total Cost": 1678166.56, "Plan Rows": 1500000, "Plan Width": 24, "Group By Key": ["customer.c_custkey"], "Plans": [{"Node Type": "Hash Join", "Parent Relationship": "Outer", "Join Type": "Right", "Startup Cost": 159310.28, "Total Cost": 1675244.58, "Plan Rows": 6350316, "Plan Width": 16, "Inner Unique": true, "Hash Cond": "(orders.o_custkey = customer.c_custkey), (LLVM Optimized)", "Plans": [{"Node Type": "Streaming(type: LOCAL REDISTRIBUTE dop: 16/16)", "Parent Relationship": "Outer", "Startup Cost": 0.0, "Total Cost": 1508486.14, "Plan Rows": 14844648, "Plan Width": 16, "Plans": [{"Node Type": "Index Scan", "Parent Relationship": "Outer", "Scan Direction": "Forward", "Index Name": "idx_orders_custkey", "Relation Name": "orders", "Alias": "orders", "Startup Cost": 0.0, "Total Cost": 1437238.84, "Plan Rows": 14844648, "Plan Width": 16, "Filter": "((o_comment)::text !~~ '%pending%deposits%'::text), (LLVM Optimized)"}]}, {"Node Type": "Hash", "Parent Relationship": "Inner", "Startup Cost": 158138.4, "Total Cost": 158138.4, "Plan Rows": 1500000, "Plan Width": 8, "Plans": [{"Node Type": "Streaming(type: LOCAL REDISTRIBUTE dop: 16/1)", "Parent Relationship": "Outer", "Startup Cost": 0.0, "Total Cost": 158138.4, "Plan Rows": 1500000, "Plan Width": 8, "Plans": [{"Node Type": "Index Scan", "Parent Relationship": "Outer", "Scan Direction": "Forward", "Index Name": "customer_pkey", "Relation Name": "customer", "Alias": "customer", "Startup Cost": 0.0, "Total Cost": 80765.36, "Plan Rows": 1500000, "Plan Width": 8}]}]}]}]}]}]}]}]}]}]}, "Unique SQL Id": 3026328400}, "explain_analyze_plan": null}, "(16, 110)": {"explain_plan": {"Plan": {"Node Type": "Sort", "Startup Cost": 181208.12, "Total Cost": 181208.62, "Plan Rows": 200, "Plan Width": 16, "Sort Key": ["(pg_catalog.count(*)) DESC", "c_orders.c_count DESC"], "Plans": [{"Node Type": "Streaming(type: LOCAL GATHER dop: 1/16)", "Parent Relationship": "Outer", "Startup Cost": 181199.81, "Total Cost": 181200.48, "Plan Rows": 200, "Plan Width": 16, "Plans": [{"Node Type": "Aggregate", "Strategy": "Hashed", "Parent Relationship": "Outer", "Startup Cost": 181199.81, "Total Cost": 181199.94, "Plan Rows": 200, "Plan Width": 16, "Group By Key": ["c_orders.c_count"], "Plans": [{"Node Type": "Streaming(type: LOCAL REDISTRIBUTE dop: 16/16)", "Parent Relationship": "Outer", "Startup Cost": 181194.06, "Total Cost": 181199.75, "Plan Rows": 200, "Plan Width": 16, "Plans": [{"Node Type": "Aggregate", "Strategy": "Hashed", "Parent Relationship": "Outer", "Startup Cost": 181194.06, "Total Cost": 181194.19, "Plan Rows": 200, "Plan Width": 16, "Group By Key": ["c_orders.c_count"], "Plans": [{"Node Type": "Subquery Scan", "Parent Relationship": "Outer", "Alias": "c_orders", "Startup Cost": 164787.81, "Total Cost": 180725.31, "Plan Rows": 1500000, "Plan Width": 8, "Plans": [{"Node Type": "Aggregate", "Strategy": "Hashed", "Parent Relationship": "Subquery", "Startup Cost": 164787.81, "Total Cost": 165725.31, "Plan Rows": 1500000, "Plan Width": 24, "Group By Key": ["customer.c_custkey"], "Plans": [{"Node Type": "Hash Join", "Parent Relationship": "Outer", "Join Type": "Right", "Startup Cost": 40113.34, "Total Cost": 162803.34, "Plan Rows": 6350316, "Plan Width": 16, "Inner Unique": true, "Hash Cond": "(orders.o_custkey = customer.c_custkey), (LLVM Optimized)", "Plans": [{"Node Type": "Streaming(type: LOCAL REDISTRIBUTE dop: 16/16)", "Parent Relationship": "Outer", "Startup Cost": 0.0, "Total Cost": 115241.83, "Plan Rows": 14844648, "Plan Width": 16, "Plans": [{"Node Type": "Seq Scan", "Parent Relationship": "Outer", "Relation Name": "orders", "Alias": "orders", "Startup Cost": 0.0, "Total Cost": 43994.53, "Plan Rows": 14844648, "Plan Width": 16, "Filter": "((o_comment)::text !~~ '%pending%deposits%'::text), (LLVM Optimized)"}]}, {"Node Type": "Hash", "Parent Relationship": "Inner", "Startup Cost": 38941.47, "Total Cost": 38941.47, "Plan Rows": 1500000, "Plan Width": 8, "Plans": [{"Node Type": "Streaming(type: LOCAL REDISTRIBUTE dop: 16/16)", "Parent Relationship": "Outer", "Startup Cost": 0.0, "Total Cost": 38941.47, "Plan Rows": 1500000, "Plan Width": 8, "Plans": [{"Node Type": "Seq Scan", "Parent Relationship": "Outer", "Relation Name": "customer", "Alias": "customer", "Startup Cost": 0.0, "Total Cost": 18257.88, "Plan Rows": 1500000, "Plan Width": 8}]}]}]}]}]}]}]}]}]}]}, "Unique SQL Id": 3026328400}, "explain_analyze_plan": {"Plan": {"Node Type": "Sort", "Startup Cost": 181208.12, "Total Cost": 181208.62, "Plan Rows": 200, "Plan Width": 16, "Actual Min Startup Time": 5326.787, "Actual Max Startup Time": 5326.787, "Actual Min Total Time": 5326.791, "Actual Max Total Time": 5326.791, "Actual Total Rows": 46, "Sort Key": ["(pg_catalog.count(*)) DESC", "c_orders.c_count DESC"], "Sort Method": "quicksort", "Sort Space Min Used": 27, "Sort Space Max Used": 27, "Sort Space Type": "Memory", "Plans": [{"Node Type": "Streaming(type: LOCAL GATHER dop: 1/16)", "Parent Relationship": "Outer", "Startup Cost": 181199.81, "Total Cost": 181200.48, "Plan Rows": 200, "Plan Width": 16, "Actual Min Startup Time": 5326.566, "Actual Max Startup Time": 5326.566, "Actual Min Total Time": 5326.733, "Actual Max Total Time": 5326.733, "Actual Total Rows": 46, "Plans": [{"Node Type": "Aggregate", "Strategy": "Hashed", "Parent Relationship": "Outer", "Startup Cost": 181199.81, "Total Cost": 181199.94, "Plan Rows": 200, "Plan Width": 16, "Actual Min Startup Time": 5227.186, "Actual Max Startup Time": 5248.484, "Actual Min Total Time": 5227.186, "Actual Max Total Time": 5248.485, "Actual Total Rows": 46, "Group By Key": ["c_orders.c_count"], "Plans": [{"Node Type": "Streaming(type: LOCAL REDISTRIBUTE dop: 16/16)", "Parent Relationship": "Outer", "Startup Cost": 181194.06, "Total Cost": 181199.75, "Plan Rows": 200, "Plan Width": 16, "Actual Min Startup Time": 5208.963, "Actual Max Startup Time": 5235.167, "Actual Min Total Time": 5227.054, "Actual Max Total Time": 5248.321, "Actual Total Rows": 655, "Plans": [{"Node Type": "Aggregate", "Strategy": "Hashed", "Parent Relationship": "Outer", "Startup Cost": 181194.06, "Total Cost": 181194.19, "Plan Rows": 200, "Plan Width": 16, "Actual Min Startup Time": 5164.415, "Actual Max Startup Time": 5242.866, "Actual Min Total Time": 5164.423, "Actual Max Total Time": 5242.875, "Actual Total Rows": 655, "Group By Key": ["c_orders.c_count"], "Plans": [{"Node Type": "Subquery Scan", "Parent Relationship": "Outer", "Alias": "c_orders", "Startup Cost": 164787.81, "Total Cost": 180725.31, "Plan Rows": 1500000, "Plan Width": 8, "Actual Min Startup Time": 5090.346, "Actual Max Startup Time": 5157.9, "Actual Min Total Time": 5137.583, "Actual Max Total Time": 5215.936, "Actual Total Rows": 1500000, "Plans": [{"Node Type": "Aggregate", "Strategy": "Hashed", "Parent Relationship": "Subquery", "Startup Cost": 164787.81, "Total Cost": 165725.31, "Plan Rows": 1500000, "Plan Width": 24, "Actual Min Startup Time": 5090.345, "Actual Max Startup Time": 5157.898, "Actual Min Total Time": 5120.636, "Actual Max Total Time": 5199.243, "Actual Total Rows": 1500000, "Group By Key": ["customer.c_custkey"], "Plans": [{"Node Type": "Hash Join", "Parent Relationship": "Outer", "Join Type": "Right", "Startup Cost": 40113.34, "Total Cost": 162803.34, "Plan Rows": 6350316, "Plan Width": 16, "Actual Min Startup Time": 140.725, "Actual Max Startup Time": 208.973, "Actual Min Total Time": 4462.349, "Actual Max Total Time": 4679.611, "Actual Total Rows": 15338153, "Inner Unique": true, "Hash Cond": "(orders.o_custkey = customer.c_custkey), (LLVM Optimized, Jit Execute)", "Plans": [{"Node Type": "Streaming(type: LOCAL REDISTRIBUTE dop: 16/16)", "Parent Relationship": "Outer", "Startup Cost": 0.0, "Total Cost": 115241.83, "Plan Rows": 14844648, "Plan Width": 16, "Actual Min Startup Time": 0.073, "Actual Max Startup Time": 0.41, "Actual Min Total Time": 3726.549, "Actual Max Total Time": 4061.024, "Actual Total Rows": 14838130, "Plans": [{"Node Type": "Seq Scan", "Parent Relationship": "Outer", "Relation Name": "orders", "Alias": "orders", "Startup Cost": 0.0, "Total Cost": 43994.53, "Plan Rows": 14844648, "Plan Width": 16, "Actual Min Startup Time": 0.028, "Actual Max Startup Time": 0.056, "Actual Min Total Time": 577.565, "Actual Max Total Time": 615.405, "Actual Total Rows": 14838130, "Filter": "((o_comment)::text !~~ '%pending%deposits%'::text), (LLVM Optimized, Jit Execute)", "Rows Removed by Filter": 161870}]}, {"Node Type": "Hash", "Parent Relationship": "Inner", "Startup Cost": 38941.47, "Total Cost": 38941.47, "Plan Rows": 1500000, "Plan Width": 8, "Actual Min Startup Time": 140.485, "Actual Max Startup Time": 208.721, "Actual Min Total Time": 140.485, "Actual Max Total Time": 208.721, "Actual Total Rows": 1500000, "Max Hash Buckets": 131072, "Min Hash Buckets": 131072, "Max Hash Batches": 1, "Min Hash Batches": 1, "Max Original Hash Batches": 1, "Min Original Hash Batches": 1, "Max Peak Memory Usage": 3670, "min Peak Memory Usage": 3670, "Plans": [{"Node Type": "Streaming(type: LOCAL REDISTRIBUTE dop: 16/16)", "Parent Relationship": "Outer", "Startup Cost": 0.0, "Total Cost": 38941.47, "Plan Rows": 1500000, "Plan Width": 8, "Actual Min Startup Time": 0.049, "Actual Max Startup Time": 56.373, "Actual Min Total Time": 115.611, "Actual Max Total Time": 187.631, "Actual Total Rows": 1500000, "Plans": [{"Node Type": "Seq Scan", "Parent Relationship": "Outer", "Relation Name": "customer", "Alias": "customer", "Startup Cost": 0.0, "Total Cost": 18257.88, "Plan Rows": 1500000, "Plan Width": 8, "Actual Min Startup Time": 0.014, "Actual Max Startup Time": 0.032, "Actual Min Total Time": 31.257, "Actual Max Total Time": 33.274, "Actual Total Rows": 1500000}]}]}]}]}]}]}]}]}]}]}, "Triggers": [], "Planner Runtime": 0.979, "Total Runtime": 5349.088, "Unique SQL Id": 3026328400}}, "(16, 111)": {"explain_plan": {"Plan": {"Node Type": "Sort", "Startup Cost": 2000168085116.27, "Total Cost": 2000168085116.77, "Plan Rows": 200, "Plan Width": 16, "Sort Key": ["(count(*)) DESC", "c_orders.c_count DESC"], "Plans": [{"Node Type": "Aggregate", "Strategy": "Hashed", "Parent Relationship": "Outer", "Startup Cost": 2000168085106.62, "Total Cost": 2000168085108.62, "Plan Rows": 200, "Plan Width": 16, "Group By Key": ["c_orders.c_count"], "Plans": [{"Node Type": "Subquery Scan", "Parent Relationship": "Outer", "Alias": "c_orders", "Startup Cost": 2000168047606.62, "Total Cost": 2000168077606.62, "Plan Rows": 1500000, "Plan Width": 8, "Plans": [{"Node Type": "Aggregate", "Strategy": "Hashed", "Parent Relationship": "Subquery", "Startup Cost": 2000168047606.62, "Total Cost": 2000168062606.62, "Plan Rows": 1500000, "Plan Width": 24, "Group By Key": ["customer.c_custkey"], "Plans": [{"Node Type": "Hash Join", "Parent Relationship": "Outer", "Join Type": "Right", "Startup Cost": 1010008095285.62, "Total Cost": 2000168015855.04, "Plan Rows": 6350316, "Plan Width": 16, "Inner Unique": true, "Hash Cond": "(orders.o_custkey = customer.c_custkey), (LLVM Optimized)", "Plans": [{"Node Type": "Index Scan", "Parent Relationship": "Outer", "Scan Direction": "Forward", "Index Name": "idx_orders_custkey", "Relation Name": "orders", "Alias": "orders", "Startup Cost": 10000000000.0, "Total Cost": 1000159801398.83, "Plan Rows": 14844648, "Plan Width": 16, "Filter": "((o_comment)::text !~~ '%pending%deposits%'::text), (LLVM Optimized)"}, {"Node Type": "Hash", "Parent Relationship": "Inner", "Startup Cost": 1000008076535.62, "Total Cost": 1000008076535.62, "Plan Rows": 1500000, "Plan Width": 8, "Plans": [{"Node Type": "Index Scan", "Parent Relationship": "Outer", "Scan Direction": "Forward", "Index Name": "customer_pkey", "Relation Name": "customer", "Alias": "customer", "Startup Cost": 10000000000.0, "Total Cost": 1000008076535.62, "Plan Rows": 1500000, "Plan Width": 8}]}]}]}]}]}]}, "Unique SQL Id": 3026328400}, "explain_analyze_plan": null}, "(16, 112)": {"explain_plan": {"Plan": {"Node Type": "Sort", "Startup Cost": 2003441.47, "Total Cost": 2003441.97, "Plan Rows": 200, "Plan Width": 16, "Sort Key": ["(count(*)) DESC", "c_orders.c_count DESC"], "Plans": [{"Node Type": "Aggregate", "Strategy": "Hashed", "Parent Relationship": "Outer", "Startup Cost": 2003431.83, "Total Cost": 2003433.83, "Plan Rows": 200, "Plan Width": 16, "Group By Key": ["c_orders.c_count"], "Plans": [{"Node Type": "Subquery Scan", "Parent Relationship": "Outer", "Alias": "c_orders", "Startup Cost": 1965931.83, "Total Cost": 1995931.83, "Plan Rows": 1500000, "Plan Width": 8, "Plans": [{"Node Type": "Aggregate", "Strategy": "Hashed", "Parent Relationship": "Subquery", "Startup Cost": 1965931.83, "Total Cost": 1980931.83, "Plan Rows": 1500000, "Plan Width": 24, "Group By Key": ["customer.c_custkey"], "Plans": [{"Node Type": "Nested Loop", "Parent Relationship": "Outer", "Join Type": "Left", "Startup Cost": 0.0, "Total Cost": 1934180.25, "Plan Rows": 6350316, "Plan Width": 16, "Inner Unique": false, "Plans": [{"Node Type": "Index Only Scan", "Parent Relationship": "Outer", "Scan Direction": "Forward", "Index Name": "customer_pkey", "Relation Name": "customer", "Alias": "customer", "Startup Cost": 0.0, "Total Cost": 43636.25, "Plan Rows": 1500000, "Plan Width": 8}, {"Node Type": "Index Scan", "Parent Relationship": "Inner", "Scan Direction": "Forward", "Index Name": "idx_orders_custkey", "Relation Name": "orders", "Alias": "orders", "Startup Cost": 0.0, "Total Cost": 1.22, "Plan Rows": 4, "Plan Width": 16, "Index Cond": "(customer.c_custkey = o_custkey)", "Filter": "((o_comment)::text !~~ '%pending%deposits%'::text)"}]}]}]}]}]}, "Unique SQL Id": 3026328400}, "explain_analyze_plan": null}, "(16, 113)": {"explain_plan": {"Plan": {"Node Type": "Sort", "Startup Cost": 2003441.47, "Total Cost": 2003441.97, "Plan Rows": 200, "Plan Width": 16, "Sort Key": ["(count(*)) DESC", "c_orders.c_count DESC"], "Plans": [{"Node Type": "Aggregate", "Strategy": "Hashed", "Parent Relationship": "Outer", "Startup Cost": 2003431.83, "Total Cost": 2003433.83, "Plan Rows": 200, "Plan Width": 16, "Group By Key": ["c_orders.c_count"], "Plans": [{"Node Type": "Subquery Scan", "Parent Relationship": "Outer", "Alias": "c_orders", "Startup Cost": 1965931.83, "Total Cost": 1995931.83, "Plan Rows": 1500000, "Plan Width": 8, "Plans": [{"Node Type": "Aggregate", "Strategy": "Hashed", "Parent Relationship": "Subquery", "Startup Cost": 1965931.83, "Total Cost": 1980931.83, "Plan Rows": 1500000, "Plan Width": 24, "Group By Key": ["customer.c_custkey"], "Plans": [{"Node Type": "Nested Loop", "Parent Relationship": "Outer", "Join Type": "Left", "Startup Cost": 0.0, "Total Cost": 1934180.25, "Plan Rows": 6350316, "Plan Width": 16, "Inner Unique": false, "Plans": [{"Node Type": "Index Only Scan", "Parent Relationship": "Outer", "Scan Direction": "Forward", "Index Name": "customer_pkey", "Relation Name": "customer", "Alias": "customer", "Startup Cost": 0.0, "Total Cost": 43636.25, "Plan Rows": 1500000, "Plan Width": 8}, {"Node Type": "Index Scan", "Parent Relationship": "Inner", "Scan Direction": "Forward", "Index Name": "idx_orders_custkey", "Relation Name": "orders", "Alias": "orders", "Startup Cost": 0.0, "Total Cost": 1.22, "Plan Rows": 4, "Plan Width": 16, "Index Cond": "(customer.c_custkey = o_custkey)", "Filter": "((o_comment)::text !~~ '%pending%deposits%'::text)"}]}]}]}]}]}, "Unique SQL Id": 3026328400}, "explain_analyze_plan": null}, "(16, 114)": {"explain_plan": {"Plan": {"Node Type": "Sort", "Startup Cost": 6921260.15, "Total Cost": 6921260.65, "Plan Rows": 200, "Plan Width": 16, "Sort Key": ["(count(*)) DESC", "c_orders.c_count DESC"], "Plans": [{"Node Type": "Aggregate", "Strategy": "Hashed", "Parent Relationship": "Outer", "Startup Cost": 6921250.5, "Total Cost": 6921252.5, "Plan Rows": 200, "Plan Width": 16, "Group By Key": ["c_orders.c_count"], "Plans": [{"Node Type": "Subquery Scan", "Parent Relationship": "Outer", "Alias": "c_orders", "Startup Cost": 6883750.5, "Total Cost": 6913750.5, "Plan Rows": 1500000, "Plan Width": 8, "Plans": [{"Node Type": "Aggregate", "Strategy": "Hashed", "Parent Relationship": "Subquery", "Startup Cost": 6883750.5, "Total Cost": 6898750.5, "Plan Rows": 1500000, "Plan Width": 24, "Group By Key": ["customer.c_custkey"], "Plans": [{"Node Type": "Nested Loop", "Parent Relationship": "Outer", "Join Type": "Left", "Startup Cost": 0.43, "Total Cost": 6851998.92, "Plan Rows": 6350316, "Plan Width": 16, "Inner Unique": false, "Plans": [{"Node Type": "Streaming(type: LOCAL GATHER dop: 1/16)", "Parent Relationship": "Outer", "Startup Cost": 0.0, "Total Cost": 50630.92, "Plan Rows": 1500000, "Plan Width": 8, "Plans": [{"Node Type": "Seq Scan", "Parent Relationship": "Outer", "Relation Name": "customer", "Alias": "customer", "Startup Cost": 0.0, "Total Cost": 18257.88, "Plan Rows": 1500000, "Plan Width": 8}]}, {"Node Type": "Bitmap Heap Scan", "Parent Relationship": "Inner", "Relation Name": "orders", "Alias": "orders", "Startup Cost": 0.43, "Total Cost": 4.49, "Plan Rows": 4, "Plan Width": 16, "Recheck Cond": "(customer.c_custkey = o_custkey)", "Filter": "((o_comment)::text !~~ '%pending%deposits%'::text)", "Plans": [{"Node Type": "Bitmap Index Scan", "Parent Relationship": "Outer", "Index Name": "idx_orders_custkey", "Startup Cost": 0.0, "Total Cost": 0.43, "Plan Rows": 4, "Plan Width": 0, "Index Cond": "(customer.c_custkey = o_custkey)"}]}]}]}]}]}]}, "Unique SQL Id": 3026328400}, "explain_analyze_plan": null}, "(16, 115)": {"explain_plan": {"Plan": {"Node Type": "Sort", "Startup Cost": 6951766.47, "Total Cost": 6951766.97, "Plan Rows": 200, "Plan Width": 16, "Sort Key": ["(count(*)) DESC", "c_orders.c_count DESC"], "Plans": [{"Node Type": "Aggregate", "Strategy": "Hashed", "Parent Relationship": "Outer", "Startup Cost": 6951756.83, "Total Cost": 6951758.83, "Plan Rows": 200, "Plan Width": 16, "Group By Key": ["c_orders.c_count"], "Plans": [{"Node Type": "Subquery Scan", "Parent Relationship": "Outer", "Alias": "c_orders", "Startup Cost": 6914256.83, "Total Cost": 6944256.83, "Plan Rows": 1500000, "Plan Width": 8, "Plans": [{"Node Type": "Aggregate", "Strategy": "Hashed", "Parent Relationship": "Subquery", "Startup Cost": 6914256.83, "Total Cost": 6929256.83, "Plan Rows": 1500000, "Plan Width": 24, "Group By Key": ["customer.c_custkey"], "Plans": [{"Node Type": "Nested Loop", "Parent Relationship": "Outer", "Join Type": "Left", "Startup Cost": 29011.68, "Total Cost": 6882505.25, "Plan Rows": 6350316, "Plan Width": 16, "Inner Unique": false, "Plans": [{"Node Type": "Bitmap Heap Scan", "Parent Relationship": "Outer", "Relation Name": "customer", "Alias": "customer", "Startup Cost": 29011.25, "Total Cost": 81137.25, "Plan Rows": 1500000, "Plan Width": 8, "Plans": [{"Node Type": "Bitmap Index Scan", "Parent Relationship": "Outer", "Index Name": "customer_pkey", "Startup Cost": 0.0, "Total Cost": 28636.25, "Plan Rows": 1500000, "Plan Width": 0}]}, {"Node Type": "Bitmap Heap Scan", "Parent Relationship": "Inner", "Relation Name": "orders", "Alias": "orders", "Startup Cost": 0.43, "Total Cost": 4.49, "Plan Rows": 4, "Plan Width": 16, "Recheck Cond": "(customer.c_custkey = o_custkey)", "Filter": "((o_comment)::text !~~ '%pending%deposits%'::text)", "Plans": [{"Node Type": "Bitmap Index Scan", "Parent Relationship": "Outer", "Index Name": "idx_orders_custkey", "Startup Cost": 0.0, "Total Cost": 0.43, "Plan Rows": 4, "Plan Width": 0, "Index Cond": "(customer.c_custkey = o_custkey)"}]}]}]}]}]}]}, "Unique SQL Id": 3026328400}, "explain_analyze_plan": null}, "(16, 116)": {"explain_plan": {"Plan": {"Node Type": "Sort", "Startup Cost": 2010436.15, "Total Cost": 2010436.65, "Plan Rows": 200, "Plan Width": 16, "Sort Key": ["(count(*)) DESC", "c_orders.c_count DESC"], "Plans": [{"Node Type": "Aggregate", "Strategy": "Hashed", "Parent Relationship": "Outer", "Startup Cost": 2010426.5, "Total Cost": 2010428.5, "Plan Rows": 200, "Plan Width": 16, "Group By Key": ["c_orders.c_count"], "Plans": [{"Node Type": "Subquery Scan", "Parent Relationship": "Outer", "Alias": "c_orders", "Startup Cost": 1972926.5, "Total Cost": 2002926.5, "Plan Rows": 1500000, "Plan Width": 8, "Plans": [{"Node Type": "Aggregate", "Strategy": "Hashed", "Parent Relationship": "Subquery", "Startup Cost": 1972926.5, "Total Cost": 1987926.5, "Plan Rows": 1500000, "Plan Width": 24, "Group By Key": ["customer.c_custkey"], "Plans": [{"Node Type": "Nested Loop", "Parent Relationship": "Outer", "Join Type": "Left", "Startup Cost": 0.0, "Total Cost": 1941174.92, "Plan Rows": 6350316, "Plan Width": 16, "Inner Unique": false, "Plans": [{"Node Type": "Streaming(type: LOCAL GATHER dop: 1/16)", "Parent Relationship": "Outer", "Startup Cost": 0.0, "Total Cost": 50630.92, "Plan Rows": 1500000, "Plan Width": 8, "Plans": [{"Node Type": "Seq Scan", "Parent Relationship": "Outer", "Relation Name": "customer", "Alias": "customer", "Startup Cost": 0.0, "Total Cost": 18257.88, "Plan Rows": 1500000, "Plan Width": 8}]}, {"Node Type": "Index Scan", "Parent Relationship": "Inner", "Scan Direction": "Forward", "Index Name": "idx_orders_custkey", "Relation Name": "orders", "Alias": "orders", "Startup Cost": 0.0, "Total Cost": 1.22, "Plan Rows": 4, "Plan Width": 16, "Index Cond": "(customer.c_custkey = o_custkey)", "Filter": "((o_comment)::text !~~ '%pending%deposits%'::text)"}]}]}]}]}]}, "Unique SQL Id": 3026328400}, "explain_analyze_plan": null}, "(16, 117)": {"explain_plan": {"Plan": {"Node Type": "Sort", "Startup Cost": 2040570.58, "Total Cost": 2040571.08, "Plan Rows": 200, "Plan Width": 16, "Sort Key": ["(count(*)) DESC", "c_orders.c_count DESC"], "Plans": [{"Node Type": "Aggregate", "Strategy": "Hashed", "Parent Relationship": "Outer", "Startup Cost": 2040560.94, "Total Cost": 2040562.94, "Plan Rows": 200, "Plan Width": 16, "Group By Key": ["c_orders.c_count"], "Plans": [{"Node Type": "Subquery Scan", "Parent Relationship": "Outer", "Alias": "c_orders", "Startup Cost": 2003060.94, "Total Cost": 2033060.94, "Plan Rows": 1500000, "Plan Width": 8, "Plans": [{"Node Type": "Aggregate", "Strategy": "Hashed", "Parent Relationship": "Subquery", "Startup Cost": 2003060.94, "Total Cost": 2018060.94, "Plan Rows": 1500000, "Plan Width": 24, "Group By Key": ["customer.c_custkey"], "Plans": [{"Node Type": "Nested Loop", "Parent Relationship": "Outer", "Join Type": "Left", "Startup Cost": 0.0, "Total Cost": 1971309.36, "Plan Rows": 6350316, "Plan Width": 16, "Inner Unique": false, "Plans": [{"Node Type": "Index Scan", "Parent Relationship": "Outer", "Scan Direction": "Forward", "Index Name": "customer_pkey", "Relation Name": "customer", "Alias": "customer", "Startup Cost": 0.0, "Total Cost": 80765.36, "Plan Rows": 1500000, "Plan Width": 8}, {"Node Type": "Index Scan", "Parent Relationship": "Inner", "Scan Direction": "Forward", "Index Name": "idx_orders_custkey", "Relation Name": "orders", "Alias": "orders", "Startup Cost": 0.0, "Total Cost": 1.22, "Plan Rows": 4, "Plan Width": 16, "Index Cond": "(customer.c_custkey = o_custkey)", "Filter": "((o_comment)::text !~~ '%pending%deposits%'::text)"}]}]}]}]}]}, "Unique SQL Id": 3026328400}, "explain_analyze_plan": null}, "(16, 118)": {"explain_plan": {"Plan": {"Node Type": "Sort", "Startup Cost": 6921260.15, "Total Cost": 6921260.65, "Plan Rows": 200, "Plan Width": 16, "Sort Key": ["(count(*)) DESC", "c_orders.c_count DESC"], "Plans": [{"Node Type": "Aggregate", "Strategy": "Hashed", "Parent Relationship": "Outer", "Startup Cost": 6921250.5, "Total Cost": 6921252.5, "Plan Rows": 200, "Plan Width": 16, "Group By Key": ["c_orders.c_count"], "Plans": [{"Node Type": "Subquery Scan", "Parent Relationship": "Outer", "Alias": "c_orders", "Startup Cost": 6883750.5, "Total Cost": 6913750.5, "Plan Rows": 1500000, "Plan Width": 8, "Plans": [{"Node Type": "Aggregate", "Strategy": "Hashed", "Parent Relationship": "Subquery", "Startup Cost": 6883750.5, "Total Cost": 6898750.5, "Plan Rows": 1500000, "Plan Width": 24, "Group By Key": ["customer.c_custkey"], "Plans": [{"Node Type": "Nested Loop", "Parent Relationship": "Outer", "Join Type": "Left", "Startup Cost": 0.43, "Total Cost": 6851998.92, "Plan Rows": 6350316, "Plan Width": 16, "Inner Unique": false, "Plans": [{"Node Type": "Streaming(type: LOCAL GATHER dop: 1/16)", "Parent Relationship": "Outer", "Startup Cost": 0.0, "Total Cost": 50630.92, "Plan Rows": 1500000, "Plan Width": 8, "Plans": [{"Node Type": "Seq Scan", "Parent Relationship": "Outer", "Relation Name": "customer", "Alias": "customer", "Startup Cost": 0.0, "Total Cost": 18257.88, "Plan Rows": 1500000, "Plan Width": 8}]}, {"Node Type": "Bitmap Heap Scan", "Parent Relationship": "Inner", "Relation Name": "orders", "Alias": "orders", "Startup Cost": 0.43, "Total Cost": 4.49, "Plan Rows": 4, "Plan Width": 16, "Recheck Cond": "(customer.c_custkey = o_custkey)", "Filter": "((o_comment)::text !~~ '%pending%deposits%'::text)", "Plans": [{"Node Type": "Bitmap Index Scan", "Parent Relationship": "Outer", "Index Name": "idx_orders_custkey", "Startup Cost": 0.0, "Total Cost": 0.43, "Plan Rows": 4, "Plan Width": 0, "Index Cond": "(customer.c_custkey = o_custkey)"}]}]}]}]}]}]}, "Unique SQL Id": 3026328400}, "explain_analyze_plan": null}, "(16, 119)": {"explain_plan": {"Plan": {"Node Type": "Sort", "Startup Cost": 6951766.47, "Total Cost": 6951766.97, "Plan Rows": 200, "Plan Width": 16, "Sort Key": ["(count(*)) DESC", "c_orders.c_count DESC"], "Plans": [{"Node Type": "Aggregate", "Strategy": "Hashed", "Parent Relationship": "Outer", "Startup Cost": 6951756.83, "Total Cost": 6951758.83, "Plan Rows": 200, "Plan Width": 16, "Group By Key": ["c_orders.c_count"], "Plans": [{"Node Type": "Subquery Scan", "Parent Relationship": "Outer", "Alias": "c_orders", "Startup Cost": 6914256.83, "Total Cost": 6944256.83, "Plan Rows": 1500000, "Plan Width": 8, "Plans": [{"Node Type": "Aggregate", "Strategy": "Hashed", "Parent Relationship": "Subquery", "Startup Cost": 6914256.83, "Total Cost": 6929256.83, "Plan Rows": 1500000, "Plan Width": 24, "Group By Key": ["customer.c_custkey"], "Plans": [{"Node Type": "Nested Loop", "Parent Relationship": "Outer", "Join Type": "Left", "Startup Cost": 29011.68, "Total Cost": 6882505.25, "Plan Rows": 6350316, "Plan Width": 16, "Inner Unique": false, "Plans": [{"Node Type": "Bitmap Heap Scan", "Parent Relationship": "Outer", "Relation Name": "customer", "Alias": "customer", "Startup Cost": 29011.25, "Total Cost": 81137.25, "Plan Rows": 1500000, "Plan Width": 8, "Plans": [{"Node Type": "Bitmap Index Scan", "Parent Relationship": "Outer", "Index Name": "customer_pkey", "Startup Cost": 0.0, "Total Cost": 28636.25, "Plan Rows": 1500000, "Plan Width": 0}]}, {"Node Type": "Bitmap Heap Scan", "Parent Relationship": "Inner", "Relation Name": "orders", "Alias": "orders", "Startup Cost": 0.43, "Total Cost": 4.49, "Plan Rows": 4, "Plan Width": 16, "Recheck Cond": "(customer.c_custkey = o_custkey)", "Filter": "((o_comment)::text !~~ '%pending%deposits%'::text)", "Plans": [{"Node Type": "Bitmap Index Scan", "Parent Relationship": "Outer", "Index Name": "idx_orders_custkey", "Startup Cost": 0.0, "Total Cost": 0.43, "Plan Rows": 4, "Plan Width": 0, "Index Cond": "(customer.c_custkey = o_custkey)"}]}]}]}]}]}]}, "Unique SQL Id": 3026328400}, "explain_analyze_plan": null}, "(16, 120)": {"explain_plan": {"Plan": {"Node Type": "Sort", "Startup Cost": 2003441.47, "Total Cost": 2003441.97, "Plan Rows": 200, "Plan Width": 16, "Sort Key": ["(count(*)) DESC", "c_orders.c_count DESC"], "Plans": [{"Node Type": "Aggregate", "Strategy": "Hashed", "Parent Relationship": "Outer", "Startup Cost": 2003431.83, "Total Cost": 2003433.83, "Plan Rows": 200, "Plan Width": 16, "Group By Key": ["c_orders.c_count"], "Plans": [{"Node Type": "Subquery Scan", "Parent Relationship": "Outer", "Alias": "c_orders", "Startup Cost": 1965931.83, "Total Cost": 1995931.83, "Plan Rows": 1500000, "Plan Width": 8, "Plans": [{"Node Type": "Aggregate", "Strategy": "Hashed", "Parent Relationship": "Subquery", "Startup Cost": 1965931.83, "Total Cost": 1980931.83, "Plan Rows": 1500000, "Plan Width": 24, "Group By Key": ["customer.c_custkey"], "Plans": [{"Node Type": "Nested Loop", "Parent Relationship": "Outer", "Join Type": "Left", "Startup Cost": 0.0, "Total Cost": 1934180.25, "Plan Rows": 6350316, "Plan Width": 16, "Inner Unique": false, "Plans": [{"Node Type": "Index Only Scan", "Parent Relationship": "Outer", "Scan Direction": "Forward", "Index Name": "customer_pkey", "Relation Name": "customer", "Alias": "customer", "Startup Cost": 0.0, "Total Cost": 43636.25, "Plan Rows": 1500000, "Plan Width": 8}, {"Node Type": "Index Scan", "Parent Relationship": "Inner", "Scan Direction": "Forward", "Index Name": "idx_orders_custkey", "Relation Name": "orders", "Alias": "orders", "Startup Cost": 0.0, "Total Cost": 1.22, "Plan Rows": 4, "Plan Width": 16, "Index Cond": "(customer.c_custkey = o_custkey)", "Filter": "((o_comment)::text !~~ '%pending%deposits%'::text)"}]}]}]}]}]}, "Unique SQL Id": 3026328400}, "explain_analyze_plan": null}, "(16, 121)": {"explain_plan": {"Plan": {"Node Type": "Sort", "Startup Cost": 2003441.47, "Total Cost": 2003441.97, "Plan Rows": 200, "Plan Width": 16, "Sort Key": ["(count(*)) DESC", "c_orders.c_count DESC"], "Plans": [{"Node Type": "Aggregate", "Strategy": "Hashed", "Parent Relationship": "Outer", "Startup Cost": 2003431.83, "Total Cost": 2003433.83, "Plan Rows": 200, "Plan Width": 16, "Group By Key": ["c_orders.c_count"], "Plans": [{"Node Type": "Subquery Scan", "Parent Relationship": "Outer", "Alias": "c_orders", "Startup Cost": 1965931.83, "Total Cost": 1995931.83, "Plan Rows": 1500000, "Plan Width": 8, "Plans": [{"Node Type": "Aggregate", "Strategy": "Hashed", "Parent Relationship": "Subquery", "Startup Cost": 1965931.83, "Total Cost": 1980931.83, "Plan Rows": 1500000, "Plan Width": 24, "Group By Key": ["customer.c_custkey"], "Plans": [{"Node Type": "Nested Loop", "Parent Relationship": "Outer", "Join Type": "Left", "Startup Cost": 0.0, "Total Cost": 1934180.25, "Plan Rows": 6350316, "Plan Width": 16, "Inner Unique": false, "Plans": [{"Node Type": "Index Only Scan", "Parent Relationship": "Outer", "Scan Direction": "Forward", "Index Name": "customer_pkey", "Relation Name": "customer", "Alias": "customer", "Startup Cost": 0.0, "Total Cost": 43636.25, "Plan Rows": 1500000, "Plan Width": 8}, {"Node Type": "Index Scan", "Parent Relationship": "Inner", "Scan Direction": "Forward", "Index Name": "idx_orders_custkey", "Relation Name": "orders", "Alias": "orders", "Startup Cost": 0.0, "Total Cost": 1.22, "Plan Rows": 4, "Plan Width": 16, "Index Cond": "(customer.c_custkey = o_custkey)", "Filter": "((o_comment)::text !~~ '%pending%deposits%'::text)"}]}]}]}]}]}, "Unique SQL Id": 3026328400}, "explain_analyze_plan": null}, "(16, 122)": {"explain_plan": {"Plan": {"Node Type": "Sort", "Startup Cost": 1304880298.18, "Total Cost": 1304880298.68, "Plan Rows": 200, "Plan Width": 16, "Sort Key": ["(pg_catalog.count(*)) DESC", "c_orders.c_count DESC"], "Plans": [{"Node Type": "Streaming(type: LOCAL GATHER dop: 1/16)", "Parent Relationship": "Outer", "Startup Cost": 1304880289.87, "Total Cost": 1304880290.54, "Plan Rows": 200, "Plan Width": 16, "Plans": [{"Node Type": "Aggregate", "Strategy": "Hashed", "Parent Relationship": "Outer", "Startup Cost": 1304880289.87, "Total Cost": 1304880290.0, "Plan Rows": 200, "Plan Width": 16, "Group By Key": ["c_orders.c_count"], "Plans": [{"Node Type": "Streaming(type: LOCAL REDISTRIBUTE dop: 16/16)", "Parent Relationship": "Outer", "Startup Cost": 1304880284.12, "Total Cost": 1304880289.81, "Plan Rows": 200, "Plan Width": 16, "Plans": [{"Node Type": "Aggregate", "Strategy": "Hashed", "Parent Relationship": "Outer", "Startup Cost": 1304880284.12, "Total Cost": 1304880284.25, "Plan Rows": 200, "Plan Width": 16, "Group By Key": ["c_orders.c_count"], "Plans": [{"Node Type": "Subquery Scan", "Parent Relationship": "Outer", "Alias": "c_orders", "Startup Cost": 1304863877.87, "Total Cost": 1304879815.37, "Plan Rows": 1500000, "Plan Width": 8, "Plans": [{"Node Type": "Aggregate", "Strategy": "Hashed", "Parent Relationship": "Subquery", "Startup Cost": 1304863877.87, "Total Cost": 1304864815.37, "Plan Rows": 1500000, "Plan Width": 24, "Group By Key": ["customer.c_custkey"], "Plans": [{"Node Type": "Nested Loop", "Parent Relationship": "Outer", "Join Type": "Left", "Startup Cost": 0.0, "Total Cost": 1304861893.4, "Plan Rows": 6350316, "Plan Width": 16, "Inner Unique": false, "Join Filter": "(customer.c_custkey = orders.o_custkey), (LLVM Optimized)", "Plans": [{"Node Type": "Streaming(type: LOCAL REDISTRIBUTE dop: 16/16)", "Parent Relationship": "Outer", "Startup Cost": 0.0, "Total Cost": 38941.47, "Plan Rows": 1500000, "Plan Width": 8, "Plans": [{"Node Type": "Seq Scan", "Parent Relationship": "Outer", "Relation Name": "customer", "Alias": "customer", "Startup Cost": 0.0, "Total Cost": 18257.88, "Plan Rows": 1500000, "Plan Width": 8}]}, {"Node Type": "Materialize", "Parent Relationship": "Inner", "Startup Cost": 0.0, "Total Cost": 119880.78, "Plan Rows": 14844648, "Plan Width": 16, "Plans": [{"Node Type": "Streaming(type: LOCAL REDISTRIBUTE dop: 16/16)", "Parent Relationship": "Outer", "Startup Cost": 0.0, "Total Cost": 115241.83, "Plan Rows": 14844648, "Plan Width": 16, "Plans": [{"Node Type": "Seq Scan", "Parent Relationship": "Outer", "Relation Name": "orders", "Alias": "orders", "Startup Cost": 0.0, "Total Cost": 43994.53, "Plan Rows": 14844648, "Plan Width": 16, "Filter": "((o_comment)::text !~~ '%pending%deposits%'::text), (LLVM Optimized)"}]}]}]}]}]}]}]}]}]}]}, "Unique SQL Id": 3026328400}, "explain_analyze_plan": null}, "(16, 123)": {"explain_plan": {"Plan": {"Node Type": "Sort", "Startup Cost": 2334168851396.68, "Total Cost": 2334168851397.18, "Plan Rows": 200, "Plan Width": 16, "Sort Key": ["(count(*)) DESC", "c_orders.c_count DESC"], "Plans": [{"Node Type": "Aggregate", "Strategy": "Hashed", "Parent Relationship": "Outer", "Startup Cost": 2334168851387.03, "Total Cost": 2334168851389.03, "Plan Rows": 200, "Plan Width": 16, "Group By Key": ["c_orders.c_count"], "Plans": [{"Node Type": "Subquery Scan", "Parent Relationship": "Outer", "Alias": "c_orders", "Startup Cost": 2334168813887.03, "Total Cost": 2334168843887.03, "Plan Rows": 1500000, "Plan Width": 8, "Plans": [{"Node Type": "Aggregate", "Strategy": "Hashed", "Parent Relationship": "Subquery", "Startup Cost": 2334168813887.03, "Total Cost": 2334168828887.03, "Plan Rows": 1500000, "Plan Width": 24, "Group By Key": ["customer.c_custkey"], "Plans": [{"Node Type": "Nested Loop", "Parent Relationship": "Outer", "Join Type": "Left", "Startup Cost": 20000000000.0, "Total Cost": 2334168782135.45, "Plan Rows": 6350316, "Plan Width": 16, "Inner Unique": false, "Join Filter": "(customer.c_custkey = orders.o_custkey), (LLVM Optimized)", "Plans": [{"Node Type": "Index Only Scan", "Parent Relationship": "Outer", "Scan Direction": "Forward", "Index Name": "customer_pkey", "Relation Name": "customer", "Alias": "customer", "Startup Cost": 10000000000.0, "Total Cost": 1000004363625.0, "Plan Rows": 1500000, "Plan Width": 8}, {"Node Type": "Materialize", "Parent Relationship": "Inner", "Startup Cost": 10000000000.0, "Total Cost": 1000159875622.07, "Plan Rows": 14844648, "Plan Width": 16, "Plans": [{"Node Type": "Index Scan", "Parent Relationship": "Outer", "Scan Direction": "Forward", "Index Name": "idx_orders_custkey", "Relation Name": "orders", "Alias": "orders", "Startup Cost": 10000000000.0, "Total Cost": 1000159801398.83, "Plan Rows": 14844648, "Plan Width": 16, "Filter": "((o_comment)::text !~~ '%pending%deposits%'::text), (LLVM Optimized)"}]}]}]}]}]}]}, "Unique SQL Id": 3026328400}, "explain_analyze_plan": null}, "(16, 124)": {"explain_plan": {"Plan": {"Node Type": "Sort", "Startup Cost": 2010436.15, "Total Cost": 2010436.65, "Plan Rows": 200, "Plan Width": 16, "Sort Key": ["(count(*)) DESC", "c_orders.c_count DESC"], "Plans": [{"Node Type": "Aggregate", "Strategy": "Hashed", "Parent Relationship": "Outer", "Startup Cost": 2010426.5, "Total Cost": 2010428.5, "Plan Rows": 200, "Plan Width": 16, "Group By Key": ["c_orders.c_count"], "Plans": [{"Node Type": "Subquery Scan", "Parent Relationship": "Outer", "Alias": "c_orders", "Startup Cost": 1972926.5, "Total Cost": 2002926.5, "Plan Rows": 1500000, "Plan Width": 8, "Plans": [{"Node Type": "Aggregate", "Strategy": "Hashed", "Parent Relationship": "Subquery", "Startup Cost": 1972926.5, "Total Cost": 1987926.5, "Plan Rows": 1500000, "Plan Width": 24, "Group By Key": ["customer.c_custkey"], "Plans": [{"Node Type": "Nested Loop", "Parent Relationship": "Outer", "Join Type": "Left", "Startup Cost": 0.0, "Total Cost": 1941174.92, "Plan Rows": 6350316, "Plan Width": 16, "Inner Unique": false, "Plans": [{"Node Type": "Streaming(type: LOCAL GATHER dop: 1/16)", "Parent Relationship": "Outer", "Startup Cost": 0.0, "Total Cost": 50630.92, "Plan Rows": 1500000, "Plan Width": 8, "Plans": [{"Node Type": "Seq Scan", "Parent Relationship": "Outer", "Relation Name": "customer", "Alias": "customer", "Startup Cost": 0.0, "Total Cost": 18257.88, "Plan Rows": 1500000, "Plan Width": 8}]}, {"Node Type": "Index Scan", "Parent Relationship": "Inner", "Scan Direction": "Forward", "Index Name": "idx_orders_custkey", "Relation Name": "orders", "Alias": "orders", "Startup Cost": 0.0, "Total Cost": 1.22, "Plan Rows": 4, "Plan Width": 16, "Index Cond": "(customer.c_custkey = o_custkey)", "Filter": "((o_comment)::text !~~ '%pending%deposits%'::text)"}]}]}]}]}]}, "Unique SQL Id": 3026328400}, "explain_analyze_plan": null}, "(16, 125)": {"explain_plan": {"Plan": {"Node Type": "Sort", "Startup Cost": 2040570.58, "Total Cost": 2040571.08, "Plan Rows": 200, "Plan Width": 16, "Sort Key": ["(count(*)) DESC", "c_orders.c_count DESC"], "Plans": [{"Node Type": "Aggregate", "Strategy": "Hashed", "Parent Relationship": "Outer", "Startup Cost": 2040560.94, "Total Cost": 2040562.94, "Plan Rows": 200, "Plan Width": 16, "Group By Key": ["c_orders.c_count"], "Plans": [{"Node Type": "Subquery Scan", "Parent Relationship": "Outer", "Alias": "c_orders", "Startup Cost": 2003060.94, "Total Cost": 2033060.94, "Plan Rows": 1500000, "Plan Width": 8, "Plans": [{"Node Type": "Aggregate", "Strategy": "Hashed", "Parent Relationship": "Subquery", "Startup Cost": 2003060.94, "Total Cost": 2018060.94, "Plan Rows": 1500000, "Plan Width": 24, "Group By Key": ["customer.c_custkey"], "Plans": [{"Node Type": "Nested Loop", "Parent Relationship": "Outer", "Join Type": "Left", "Startup Cost": 0.0, "Total Cost": 1971309.36, "Plan Rows": 6350316, "Plan Width": 16, "Inner Unique": false, "Plans": [{"Node Type": "Index Scan", "Parent Relationship": "Outer", "Scan Direction": "Forward", "Index Name": "customer_pkey", "Relation Name": "customer", "Alias": "customer", "Startup Cost": 0.0, "Total Cost": 80765.36, "Plan Rows": 1500000, "Plan Width": 8}, {"Node Type": "Index Scan", "Parent Relationship": "Inner", "Scan Direction": "Forward", "Index Name": "idx_orders_custkey", "Relation Name": "orders", "Alias": "orders", "Startup Cost": 0.0, "Total Cost": 1.22, "Plan Rows": 4, "Plan Width": 16, "Index Cond": "(customer.c_custkey = o_custkey)", "Filter": "((o_comment)::text !~~ '%pending%deposits%'::text)"}]}]}]}]}]}, "Unique SQL Id": 3026328400}, "explain_analyze_plan": null}, "(16, 126)": {"explain_plan": {"Plan": {"Node Type": "Sort", "Startup Cost": 1304880298.18, "Total Cost": 1304880298.68, "Plan Rows": 200, "Plan Width": 16, "Sort Key": ["(pg_catalog.count(*)) DESC", "c_orders.c_count DESC"], "Plans": [{"Node Type": "Streaming(type: LOCAL GATHER dop: 1/16)", "Parent Relationship": "Outer", "Startup Cost": 1304880289.87, "Total Cost": 1304880290.54, "Plan Rows": 200, "Plan Width": 16, "Plans": [{"Node Type": "Aggregate", "Strategy": "Hashed", "Parent Relationship": "Outer", "Startup Cost": 1304880289.87, "Total Cost": 1304880290.0, "Plan Rows": 200, "Plan Width": 16, "Group By Key": ["c_orders.c_count"], "Plans": [{"Node Type": "Streaming(type: LOCAL REDISTRIBUTE dop: 16/16)", "Parent Relationship": "Outer", "Startup Cost": 1304880284.12, "Total Cost": 1304880289.81, "Plan Rows": 200, "Plan Width": 16, "Plans": [{"Node Type": "Aggregate", "Strategy": "Hashed", "Parent Relationship": "Outer", "Startup Cost": 1304880284.12, "Total Cost": 1304880284.25, "Plan Rows": 200, "Plan Width": 16, "Group By Key": ["c_orders.c_count"], "Plans": [{"Node Type": "Subquery Scan", "Parent Relationship": "Outer", "Alias": "c_orders", "Startup Cost": 1304863877.87, "Total Cost": 1304879815.37, "Plan Rows": 1500000, "Plan Width": 8, "Plans": [{"Node Type": "Aggregate", "Strategy": "Hashed", "Parent Relationship": "Subquery", "Startup Cost": 1304863877.87, "Total Cost": 1304864815.37, "Plan Rows": 1500000, "Plan Width": 24, "Group By Key": ["customer.c_custkey"], "Plans": [{"Node Type": "Nested Loop", "Parent Relationship": "Outer", "Join Type": "Left", "Startup Cost": 0.0, "Total Cost": 1304861893.4, "Plan Rows": 6350316, "Plan Width": 16, "Inner Unique": false, "Join Filter": "(customer.c_custkey = orders.o_custkey), (LLVM Optimized)", "Plans": [{"Node Type": "Streaming(type: LOCAL REDISTRIBUTE dop: 16/16)", "Parent Relationship": "Outer", "Startup Cost": 0.0, "Total Cost": 38941.47, "Plan Rows": 1500000, "Plan Width": 8, "Plans": [{"Node Type": "Seq Scan", "Parent Relationship": "Outer", "Relation Name": "customer", "Alias": "customer", "Startup Cost": 0.0, "Total Cost": 18257.88, "Plan Rows": 1500000, "Plan Width": 8}]}, {"Node Type": "Materialize", "Parent Relationship": "Inner", "Startup Cost": 0.0, "Total Cost": 119880.78, "Plan Rows": 14844648, "Plan Width": 16, "Plans": [{"Node Type": "Streaming(type: LOCAL REDISTRIBUTE dop: 16/16)", "Parent Relationship": "Outer", "Startup Cost": 0.0, "Total Cost": 115241.83, "Plan Rows": 14844648, "Plan Width": 16, "Plans": [{"Node Type": "Seq Scan", "Parent Relationship": "Outer", "Relation Name": "orders", "Alias": "orders", "Startup Cost": 0.0, "Total Cost": 43994.53, "Plan Rows": 14844648, "Plan Width": 16, "Filter": "((o_comment)::text !~~ '%pending%deposits%'::text), (LLVM Optimized)"}]}]}]}]}]}]}]}]}]}]}, "Unique SQL Id": 3026328400}, "explain_analyze_plan": null}, "(16, 127)": {"explain_plan": {"Plan": {"Node Type": "Sort", "Startup Cost": 2334172564307.3, "Total Cost": 2334172564307.8, "Plan Rows": 200, "Plan Width": 16, "Sort Key": ["(count(*)) DESC", "c_orders.c_count DESC"], "Plans": [{"Node Type": "Aggregate", "Strategy": "Hashed", "Parent Relationship": "Outer", "Startup Cost": 2334172564297.65, "Total Cost": 2334172564299.65, "Plan Rows": 200, "Plan Width": 16, "Group By Key": ["c_orders.c_count"], "Plans": [{"Node Type": "Subquery Scan", "Parent Relationship": "Outer", "Alias": "c_orders", "Startup Cost": 2334172526797.65, "Total Cost": 2334172556797.65, "Plan Rows": 1500000, "Plan Width": 8, "Plans": [{"Node Type": "Aggregate", "Strategy": "Hashed", "Parent Relationship": "Subquery", "Startup Cost": 2334172526797.65, "Total Cost": 2334172541797.65, "Plan Rows": 1500000, "Plan Width": 24, "Group By Key": ["customer.c_custkey"], "Plans": [{"Node Type": "Nested Loop", "Parent Relationship": "Outer", "Join Type": "Left", "Startup Cost": 20000000000.0, "Total Cost": 2334172495046.07, "Plan Rows": 6350316, "Plan Width": 16, "Inner Unique": false, "Join Filter": "(customer.c_custkey = orders.o_custkey), (LLVM Optimized)", "Plans": [{"Node Type": "Index Scan", "Parent Relationship": "Outer", "Scan Direction": "Forward", "Index Name": "customer_pkey", "Relation Name": "customer", "Alias": "customer", "Startup Cost": 10000000000.0, "Total Cost": 1000008076535.62, "Plan Rows": 1500000, "Plan Width": 8}, {"Node Type": "Materialize", "Parent Relationship": "Inner", "Startup Cost": 10000000000.0, "Total Cost": 1000159875622.07, "Plan Rows": 14844648, "Plan Width": 16, "Plans": [{"Node Type": "Index Scan", "Parent Relationship": "Outer", "Scan Direction": "Forward", "Index Name": "idx_orders_custkey", "Relation Name": "orders", "Alias": "orders", "Startup Cost": 10000000000.0, "Total Cost": 1000159801398.83, "Plan Rows": 14844648, "Plan Width": 16, "Filter": "((o_comment)::text !~~ '%pending%deposits%'::text), (LLVM Optimized)"}]}]}]}]}]}]}, "Unique SQL Id": 3026328400}, "explain_analyze_plan": null}, "(64, 0)": {"explain_plan": {"Plan": {"Node Type": "Sort", "Startup Cost": 335025.46, "Total Cost": 335025.96, "Plan Rows": 200, "Plan Width": 16, "Sort Key": ["(pg_catalog.count(*)) DESC", "c_orders.c_count DESC"], "Plans": [{"Node Type": "Streaming(type: LOCAL GATHER dop: 1/64)", "Parent Relationship": "Outer", "Startup Cost": 335017.27, "Total Cost": 335017.82, "Plan Rows": 200, "Plan Width": 16, "Plans": [{"Node Type": "Aggregate", "Strategy": "Hashed", "Parent Relationship": "Outer", "Startup Cost": 335017.27, "Total Cost": 335017.3, "Plan Rows": 200, "Plan Width": 16, "Group By Key": ["c_orders.c_count"], "Plans": [{"Node Type": "Streaming(type: LOCAL REDISTRIBUTE dop: 64/64)", "Parent Relationship": "Outer", "Startup Cost": 335011.66, "Total Cost": 335017.26, "Plan Rows": 200, "Plan Width": 16, "Plans": [{"Node Type": "Aggregate", "Strategy": "Hashed", "Parent Relationship": "Outer", "Startup Cost": 335011.66, "Total Cost": 335011.7, "Plan Rows": 200, "Plan Width": 16, "Group By Key": ["c_orders.c_count"], "Plans": [{"Node Type": "Subquery Scan", "Parent Relationship": "Outer", "Alias": "c_orders", "Startup Cost": 319660.1, "Total Cost": 334894.48, "Plan Rows": 1500000, "Plan Width": 8, "Plans": [{"Node Type": "Aggregate", "Strategy": "Hashed", "Parent Relationship": "Subquery", "Startup Cost": 319660.1, "Total Cost": 319894.48, "Plan Rows": 1500000, "Plan Width": 24, "Group By Key": ["customer.c_custkey"], "Plans": [{"Node Type": "Hash Join", "Parent Relationship": "Outer", "Join Type": "Left", "Startup Cost": 150209.8, "Total Cost": 319163.98, "Plan Rows": 6350316, "Plan Width": 16, "Inner Unique": false, "Hash Cond": "(customer.c_custkey = orders.o_custkey), (LLVM Optimized)", "Plans": [{"Node Type": "Streaming(type: LOCAL REDISTRIBUTE dop: 64/1)", "Parent Relationship": "Outer", "Startup Cost": 0.0, "Total Cost": 167581.07, "Plan Rows": 1500000, "Plan Width": 8, "Plans": [{"Node Type": "Index Only Scan", "Parent Relationship": "Outer", "Scan Direction": "Forward", "Index Name": "customer_pkey", "Relation Name": "customer", "Alias": "customer", "Startup Cost": 0.0, "Total Cost": 43636.25, "Plan Rows": 1500000, "Plan Width": 8}]}, {"Node Type": "Hash", "Parent Relationship": "Inner", "Startup Cost": 147310.46, "Total Cost": 147310.46, "Plan Rows": 14844648, "Plan Width": 16, "Plans": [{"Node Type": "Streaming(type: LOCAL REDISTRIBUTE dop: 64/64)", "Parent Relationship": "Outer", "Startup Cost": 0.0, "Total Cost": 147310.46, "Plan Rows": 14844648, "Plan Width": 16, "Plans": [{"Node Type": "Seq Scan", "Parent Relationship": "Outer", "Relation Name": "orders", "Alias": "orders", "Startup Cost": 0.0, "Total Cost": 70248.63, "Plan Rows": 14844648, "Plan Width": 16, "Filter": "((o_comment)::text !~~ '%pending%deposits%'::text), (LLVM Optimized)"}]}]}]}]}]}]}]}]}]}]}, "Unique SQL Id": 3026328400}, "explain_analyze_plan": {"Plan": {"Node Type": "Sort", "Startup Cost": 335025.46, "Total Cost": 335025.96, "Plan Rows": 200, "Plan Width": 16, "Actual Min Startup Time": 2750.584, "Actual Max Startup Time": 2750.584, "Actual Min Total Time": 2750.589, "Actual Max Total Time": 2750.589, "Actual Total Rows": 46, "Sort Key": ["(pg_catalog.count(*)) DESC", "c_orders.c_count DESC"], "Sort Method": "quicksort", "Sort Space Min Used": 27, "Sort Space Max Used": 27, "Sort Space Type": "Memory", "Plans": [{"Node Type": "Streaming(type: LOCAL GATHER dop: 1/64)", "Parent Relationship": "Outer", "Startup Cost": 335017.27, "Total Cost": 335017.82, "Plan Rows": 200, "Plan Width": 16, "Actual Min Startup Time": 2749.258, "Actual Max Startup Time": 2749.258, "Actual Min Total Time": 2750.528, "Actual Max Total Time": 2750.528, "Actual Total Rows": 46, "Plans": [{"Node Type": "Aggregate", "Strategy": "Hashed", "Parent Relationship": "Outer", "Startup Cost": 335017.27, "Total Cost": 335017.3, "Plan Rows": 200, "Plan Width": 16, "Actual Min Startup Time": 2431.645, "Actual Max Startup Time": 2514.215, "Actual Min Total Time": 2431.646, "Actual Max Total Time": 2514.215, "Actual Total Rows": 46, "Group By Key": ["c_orders.c_count"], "Plans": [{"Node Type": "Streaming(type: LOCAL REDISTRIBUTE dop: 64/64)", "Parent Relationship": "Outer", "Startup Cost": 335011.66, "Total Cost": 335017.26, "Plan Rows": 200, "Plan Width": 16, "Actual Min Startup Time": 2425.312, "Actual Max Startup Time": 2514.208, "Actual Min Total Time": 2431.542, "Actual Max Total Time": 2514.208, "Actual Total Rows": 2480, "Plans": [{"Node Type": "Aggregate", "Strategy": "Hashed", "Parent Relationship": "Outer", "Startup Cost": 335011.66, "Total Cost": 335011.7, "Plan Rows": 200, "Plan Width": 16, "Actual Min Startup Time": 2241.851, "Actual Max Startup Time": 2525.81, "Actual Min Total Time": 2241.859, "Actual Max Total Time": 2525.818, "Actual Total Rows": 2480, "Group By Key": ["c_orders.c_count"], "Plans": [{"Node Type": "Subquery Scan", "Parent Relationship": "Outer", "Alias": "c_orders", "Startup Cost": 319660.1, "Total Cost": 334894.48, "Plan Rows": 1500000, "Plan Width": 8, "Actual Min Startup Time": 2221.676, "Actual Max Startup Time": 2506.536, "Actual Min Total Time": 2234.332, "Actual Max Total Time": 2519.008, "Actual Total Rows": 1500000, "Plans": [{"Node Type": "Aggregate", "Strategy": "Hashed", "Parent Relationship": "Subquery", "Startup Cost": 319660.1, "Total Cost": 319894.48, "Plan Rows": 1500000, "Plan Width": 24, "Actual Min Startup Time": 2221.673, "Actual Max Startup Time": 2506.533, "Actual Min Total Time": 2230.128, "Actual Max Total Time": 2514.786, "Actual Total Rows": 1500000, "Group By Key": ["customer.c_custkey"], "Plans": [{"Node Type": "Hash Join", "Parent Relationship": "Outer", "Join Type": "Left", "Startup Cost": 150209.8, "Total Cost": 319163.98, "Plan Rows": 6350316, "Plan Width": 16, "Actual Min Startup Time": 636.606, "Actual Max Startup Time": 919.507, "Actual Min Total Time": 2138.845, "Actual Max Total Time": 2429.894, "Actual Total Rows": 15338153, "Inner Unique": false, "Hash Cond": "(customer.c_custkey = orders.o_custkey), (LLVM Optimized, Jit Execute)", "Plans": [{"Node Type": "Streaming(type: LOCAL REDISTRIBUTE dop: 64/1)", "Parent Relationship": "Outer", "Startup Cost": 0.0, "Total Cost": 167581.07, "Plan Rows": 1500000, "Plan Width": 8, "Actual Min Startup Time": 0.052, "Actual Max Startup Time": 4.628, "Actual Min Total Time": 1389.836, "Actual Max Total Time": 1441.594, "Actual Total Rows": 1500000, "Plans": [{"Node Type": "Index Only Scan", "Parent Relationship": "Outer", "Scan Direction": "Forward", "Index Name": "customer_pkey", "Relation Name": "customer", "Alias": "customer", "Startup Cost": 0.0, "Total Cost": 43636.25, "Plan Rows": 1500000, "Plan Width": 8, "Actual Min Startup Time": 0.064, "Actual Max Startup Time": 0.064, "Actual Min Total Time": 315.094, "Actual Max Total Time": 315.094, "Actual Total Rows": 1500000, "Heap Fetches": 0}]}, {"Node Type": "Hash", "Parent Relationship": "Inner", "Startup Cost": 147310.46, "Total Cost": 147310.46, "Plan Rows": 14844648, "Plan Width": 16, "Actual Min Startup Time": 633.821, "Actual Max Startup Time": 918.378, "Actual Min Total Time": 633.821, "Actual Max Total Time": 918.378, "Actual Total Rows": 14838130, "Max Hash Buckets": 262144, "Min Hash Buckets": 262144, "Max Hash Batches": 1, "Min Hash Batches": 1, "Max Original Hash Batches": 1, "Min Original Hash Batches": 1, "Max Peak Memory Usage": 10904, "min Peak Memory Usage": 10904, "Plans": [{"Node Type": "Streaming(type: LOCAL REDISTRIBUTE dop: 64/64)", "Parent Relationship": "Outer", "Startup Cost": 0.0, "Total Cost": 147310.46, "Plan Rows": 14844648, "Plan Width": 16, "Actual Min Startup Time": 0.102, "Actual Max Startup Time": 238.229, "Actual Min Total Time": 515.107, "Actual Max Total Time": 842.333, "Actual Total Rows": 14838130, "Plans": [{"Node Type": "Seq Scan", "Parent Relationship": "Outer", "Relation Name": "orders", "Alias": "orders", "Startup Cost": 0.0, "Total Cost": 70248.63, "Plan Rows": 14844648, "Plan Width": 16, "Actual Min Startup Time": 0.028, "Actual Max Startup Time": 0.058, "Actual Min Total Time": 156.616, "Actual Max Total Time": 179.011, "Actual Total Rows": 14838130, "Filter": "((o_comment)::text !~~ '%pending%deposits%'::text), (LLVM Optimized, Jit Execute)", "Rows Removed by Filter": 161870}]}]}]}]}]}]}]}]}]}]}, "Triggers": [], "Planner Runtime": 1.246, "Total Runtime": 2803.417, "Unique SQL Id": 3026328400}}, "(64, 1)": {"explain_plan": {"Plan": {"Node Type": "Sort", "Startup Cost": 1023307.36, "Total Cost": 1023307.86, "Plan Rows": 200, "Plan Width": 16, "Sort Key": ["(count(*)) DESC", "c_orders.c_count DESC"], "Plans": [{"Node Type": "Aggregate", "Strategy": "Hashed", "Parent Relationship": "Outer", "Startup Cost": 1023297.71, "Total Cost": 1023299.71, "Plan Rows": 200, "Plan Width": 16, "Group By Key": ["c_orders.c_count"], "Plans": [{"Node Type": "Subquery Scan", "Parent Relationship": "Outer", "Alias": "c_orders", "Startup Cost": 985797.71, "Total Cost": 1015797.71, "Plan Rows": 1500000, "Plan Width": 8, "Plans": [{"Node Type": "Aggregate", "Strategy": "Hashed", "Parent Relationship": "Subquery", "Startup Cost": 985797.71, "Total Cost": 1000797.71, "Plan Rows": 1500000, "Plan Width": 24, "Group By Key": ["customer.c_custkey"], "Plans": [{"Node Type": "Hash Join", "Parent Relationship": "Outer", "Join Type": "Right", "Startup Cost": 370963.06, "Total Cost": 954046.13, "Plan Rows": 6350316, "Plan Width": 16, "Inner Unique": true, "Hash Cond": "(orders.o_custkey = customer.c_custkey), (LLVM Optimized)", "Plans": [{"Node Type": "Bitmap Heap Scan", "Parent Relationship": "Outer", "Relation Name": "orders", "Alias": "orders", "Startup Cost": 308576.81, "Total Cost": 772489.29, "Plan Rows": 14844648, "Plan Width": 16, "Filter": "((o_comment)::text !~~ '%pending%deposits%'::text), (LLVM Optimized)", "Plans": [{"Node Type": "Bitmap Index Scan", "Parent Relationship": "Outer", "Index Name": "idx_orders_custkey", "Startup Cost": 0.0, "Total Cost": 304865.65, "Plan Rows": 14999479, "Plan Width": 0}]}, {"Node Type": "Hash", "Parent Relationship": "Inner", "Startup Cost": 43636.25, "Total Cost": 43636.25, "Plan Rows": 1500000, "Plan Width": 8, "Plans": [{"Node Type": "Index Only Scan", "Parent Relationship": "Outer", "Scan Direction": "Forward", "Index Name": "customer_pkey", "Relation Name": "customer", "Alias": "customer", "Startup Cost": 0.0, "Total Cost": 43636.25, "Plan Rows": 1500000, "Plan Width": 8}]}]}]}]}]}]}, "Unique SQL Id": 3026328400}, "explain_analyze_plan": null}, "(64, 2)": {"explain_plan": {"Plan": {"Node Type": "Sort", "Startup Cost": 343515.21, "Total Cost": 343515.71, "Plan Rows": 200, "Plan Width": 16, "Sort Key": ["(pg_catalog.count(*)) DESC", "c_orders.c_count DESC"], "Plans": [{"Node Type": "Streaming(type: LOCAL GATHER dop: 1/64)", "Parent Relationship": "Outer", "Startup Cost": 343507.02, "Total Cost": 343507.57, "Plan Rows": 200, "Plan Width": 16, "Plans": [{"Node Type": "Aggregate", "Strategy": "Hashed", "Parent Relationship": "Outer", "Startup Cost": 343507.02, "Total Cost": 343507.05, "Plan Rows": 200, "Plan Width": 16, "Group By Key": ["c_orders.c_count"], "Plans": [{"Node Type": "Streaming(type: LOCAL REDISTRIBUTE dop: 64/64)", "Parent Relationship": "Outer", "Startup Cost": 343501.41, "Total Cost": 343507.01, "Plan Rows": 200, "Plan Width": 16, "Plans": [{"Node Type": "Aggregate", "Strategy": "Hashed", "Parent Relationship": "Outer", "Startup Cost": 343501.41, "Total Cost": 343501.45, "Plan Rows": 200, "Plan Width": 16, "Group By Key": ["c_orders.c_count"], "Plans": [{"Node Type": "Subquery Scan", "Parent Relationship": "Outer", "Alias": "c_orders", "Startup Cost": 328149.85, "Total Cost": 343384.23, "Plan Rows": 1500000, "Plan Width": 8, "Plans": [{"Node Type": "Aggregate", "Strategy": "Hashed", "Parent Relationship": "Subquery", "Startup Cost": 328149.85, "Total Cost": 328384.23, "Plan Rows": 1500000, "Plan Width": 24, "Group By Key": ["customer.c_custkey"], "Plans": [{"Node Type": "Hash Join", "Parent Relationship": "Outer", "Join Type": "Left", "Startup Cost": 150209.8, "Total Cost": 327653.73, "Plan Rows": 6350316, "Plan Width": 16, "Inner Unique": false, "Hash Cond": "(customer.c_custkey = orders.o_custkey), (LLVM Optimized)", "Plans": [{"Node Type": "Streaming(type: LOCAL REDISTRIBUTE dop: 64/1)", "Parent Relationship": "Outer", "Startup Cost": 0.0, "Total Cost": 176070.82, "Plan Rows": 1500000, "Plan Width": 8, "Plans": [{"Node Type": "Seq Scan", "Parent Relationship": "Outer", "Relation Name": "customer", "Alias": "customer", "Startup Cost": 0.0, "Total Cost": 52126.0, "Plan Rows": 1500000, "Plan Width": 8}]}, {"Node Type": "Hash", "Parent Relationship": "Inner", "Startup Cost": 147310.46, "Total Cost": 147310.46, "Plan Rows": 14844648, "Plan Width": 16, "Plans": [{"Node Type": "Streaming(type: LOCAL REDISTRIBUTE dop: 64/64)", "Parent Relationship": "Outer", "Startup Cost": 0.0, "Total Cost": 147310.46, "Plan Rows": 14844648, "Plan Width": 16, "Plans": [{"Node Type": "Seq Scan", "Parent Relationship": "Outer", "Relation Name": "orders", "Alias": "orders", "Startup Cost": 0.0, "Total Cost": 70248.63, "Plan Rows": 14844648, "Plan Width": 16, "Filter": "((o_comment)::text !~~ '%pending%deposits%'::text), (LLVM Optimized)"}]}]}]}]}]}]}]}]}]}]}, "Unique SQL Id": 3026328400}, "explain_analyze_plan": null}, "(64, 3)": {"explain_plan": {"Plan": {"Node Type": "Sort", "Startup Cost": 1060808.36, "Total Cost": 1060808.86, "Plan Rows": 200, "Plan Width": 16, "Sort Key": ["(count(*)) DESC", "c_orders.c_count DESC"], "Plans": [{"Node Type": "Aggregate", "Strategy": "Hashed", "Parent Relationship": "Outer", "Startup Cost": 1060798.71, "Total Cost": 1060800.71, "Plan Rows": 200, "Plan Width": 16, "Group By Key": ["c_orders.c_count"], "Plans": [{"Node Type": "Subquery Scan", "Parent Relationship": "Outer", "Alias": "c_orders", "Startup Cost": 1023298.71, "Total Cost": 1053298.71, "Plan Rows": 1500000, "Plan Width": 8, "Plans": [{"Node Type": "Aggregate", "Strategy": "Hashed", "Parent Relationship": "Subquery", "Startup Cost": 1023298.71, "Total Cost": 1038298.71, "Plan Rows": 1500000, "Plan Width": 24, "Group By Key": ["customer.c_custkey"], "Plans": [{"Node Type": "Hash Join", "Parent Relationship": "Outer", "Join Type": "Right", "Startup Cost": 408464.06, "Total Cost": 991547.13, "Plan Rows": 6350316, "Plan Width": 16, "Inner Unique": true, "Hash Cond": "(orders.o_custkey = customer.c_custkey), (LLVM Optimized)", "Plans": [{"Node Type": "Bitmap Heap Scan", "Parent Relationship": "Outer", "Relation Name": "orders", "Alias": "orders", "Startup Cost": 308576.81, "Total Cost": 772489.29, "Plan Rows": 14844648, "Plan Width": 16, "Filter": "((o_comment)::text !~~ '%pending%deposits%'::text), (LLVM Optimized)", "Plans": [{"Node Type": "Bitmap Index Scan", "Parent Relationship": "Outer", "Index Name": "idx_orders_custkey", "Startup Cost": 0.0, "Total Cost": 304865.65, "Plan Rows": 14999479, "Plan Width": 0}]}, {"Node Type": "Hash", "Parent Relationship": "Inner", "Startup Cost": 81137.25, "Total Cost": 81137.25, "Plan Rows": 1500000, "Plan Width": 8, "Plans": [{"Node Type": "Bitmap Heap Scan", "Parent Relationship": "Outer", "Relation Name": "customer", "Alias": "customer", "Startup Cost": 29011.25, "Total Cost": 81137.25, "Plan Rows": 1500000, "Plan Width": 8, "Plans": [{"Node Type": "Bitmap Index Scan", "Parent Relationship": "Outer", "Index Name": "customer_pkey", "Startup Cost": 0.0, "Total Cost": 28636.25, "Plan Rows": 1500000, "Plan Width": 0}]}]}]}]}]}]}]}, "Unique SQL Id": 3026328400}, "explain_analyze_plan": null}, "(64, 4)": {"explain_plan": {"Plan": {"Node Type": "Sort", "Startup Cost": 343515.21, "Total Cost": 343515.71, "Plan Rows": 200, "Plan Width": 16, "Sort Key": ["(pg_catalog.count(*)) DESC", "c_orders.c_count DESC"], "Plans": [{"Node Type": "Streaming(type: LOCAL GATHER dop: 1/64)", "Parent Relationship": "Outer", "Startup Cost": 343507.02, "Total Cost": 343507.57, "Plan Rows": 200, "Plan Width": 16, "Plans": [{"Node Type": "Aggregate", "Strategy": "Hashed", "Parent Relationship": "Outer", "Startup Cost": 343507.02, "Total Cost": 343507.05, "Plan Rows": 200, "Plan Width": 16, "Group By Key": ["c_orders.c_count"], "Plans": [{"Node Type": "Streaming(type: LOCAL REDISTRIBUTE dop: 64/64)", "Parent Relationship": "Outer", "Startup Cost": 343501.41, "Total Cost": 343507.01, "Plan Rows": 200, "Plan Width": 16, "Plans": [{"Node Type": "Aggregate", "Strategy": "Hashed", "Parent Relationship": "Outer", "Startup Cost": 343501.41, "Total Cost": 343501.45, "Plan Rows": 200, "Plan Width": 16, "Group By Key": ["c_orders.c_count"], "Plans": [{"Node Type": "Subquery Scan", "Parent Relationship": "Outer", "Alias": "c_orders", "Startup Cost": 328149.85, "Total Cost": 343384.23, "Plan Rows": 1500000, "Plan Width": 8, "Plans": [{"Node Type": "Aggregate", "Strategy": "Hashed", "Parent Relationship": "Subquery", "Startup Cost": 328149.85, "Total Cost": 328384.23, "Plan Rows": 1500000, "Plan Width": 24, "Group By Key": ["customer.c_custkey"], "Plans": [{"Node Type": "Hash Join", "Parent Relationship": "Outer", "Join Type": "Left", "Startup Cost": 150209.8, "Total Cost": 327653.73, "Plan Rows": 6350316, "Plan Width": 16, "Inner Unique": false, "Hash Cond": "(customer.c_custkey = orders.o_custkey), (LLVM Optimized)", "Plans": [{"Node Type": "Streaming(type: LOCAL REDISTRIBUTE dop: 64/1)", "Parent Relationship": "Outer", "Startup Cost": 0.0, "Total Cost": 176070.82, "Plan Rows": 1500000, "Plan Width": 8, "Plans": [{"Node Type": "Seq Scan", "Parent Relationship": "Outer", "Relation Name": "customer", "Alias": "customer", "Startup Cost": 0.0, "Total Cost": 52126.0, "Plan Rows": 1500000, "Plan Width": 8}]}, {"Node Type": "Hash", "Parent Relationship": "Inner", "Startup Cost": 147310.46, "Total Cost": 147310.46, "Plan Rows": 14844648, "Plan Width": 16, "Plans": [{"Node Type": "Streaming(type: LOCAL REDISTRIBUTE dop: 64/64)", "Parent Relationship": "Outer", "Startup Cost": 0.0, "Total Cost": 147310.46, "Plan Rows": 14844648, "Plan Width": 16, "Plans": [{"Node Type": "Seq Scan", "Parent Relationship": "Outer", "Relation Name": "orders", "Alias": "orders", "Startup Cost": 0.0, "Total Cost": 70248.63, "Plan Rows": 14844648, "Plan Width": 16, "Filter": "((o_comment)::text !~~ '%pending%deposits%'::text), (LLVM Optimized)"}]}]}]}]}]}]}]}]}]}]}, "Unique SQL Id": 3026328400}, "explain_analyze_plan": null}, "(64, 5)": {"explain_plan": {"Plan": {"Node Type": "Sort", "Startup Cost": 1060436.46, "Total Cost": 1060436.96, "Plan Rows": 200, "Plan Width": 16, "Sort Key": ["(count(*)) DESC", "c_orders.c_count DESC"], "Plans": [{"Node Type": "Aggregate", "Strategy": "Hashed", "Parent Relationship": "Outer", "Startup Cost": 1060426.82, "Total Cost": 1060428.82, "Plan Rows": 200, "Plan Width": 16, "Group By Key": ["c_orders.c_count"], "Plans": [{"Node Type": "Subquery Scan", "Parent Relationship": "Outer", "Alias": "c_orders", "Startup Cost": 1022926.82, "Total Cost": 1052926.82, "Plan Rows": 1500000, "Plan Width": 8, "Plans": [{"Node Type": "Aggregate", "Strategy": "Hashed", "Parent Relationship": "Subquery", "Startup Cost": 1022926.82, "Total Cost": 1037926.82, "Plan Rows": 1500000, "Plan Width": 24, "Group By Key": ["customer.c_custkey"], "Plans": [{"Node Type": "Hash Join", "Parent Relationship": "Outer", "Join Type": "Right", "Startup Cost": 408092.16, "Total Cost": 991175.24, "Plan Rows": 6350316, "Plan Width": 16, "Inner Unique": true, "Hash Cond": "(orders.o_custkey = customer.c_custkey), (LLVM Optimized)", "Plans": [{"Node Type": "Bitmap Heap Scan", "Parent Relationship": "Outer", "Relation Name": "orders", "Alias": "orders", "Startup Cost": 308576.81, "Total Cost": 772489.29, "Plan Rows": 14844648, "Plan Width": 16, "Filter": "((o_comment)::text !~~ '%pending%deposits%'::text), (LLVM Optimized)", "Plans": [{"Node Type": "Bitmap Index Scan", "Parent Relationship": "Outer", "Index Name": "idx_orders_custkey", "Startup Cost": 0.0, "Total Cost": 304865.65, "Plan Rows": 14999479, "Plan Width": 0}]}, {"Node Type": "Hash", "Parent Relationship": "Inner", "Startup Cost": 80765.36, "Total Cost": 80765.36, "Plan Rows": 1500000, "Plan Width": 8, "Plans": [{"Node Type": "Index Scan", "Parent Relationship": "Outer", "Scan Direction": "Forward", "Index Name": "customer_pkey", "Relation Name": "customer", "Alias": "customer", "Startup Cost": 0.0, "Total Cost": 80765.36, "Plan Rows": 1500000, "Plan Width": 8}]}]}]}]}]}]}, "Unique SQL Id": 3026328400}, "explain_analyze_plan": null}, "(64, 6)": {"explain_plan": {"Plan": {"Node Type": "Sort", "Startup Cost": 343515.21, "Total Cost": 343515.71, "Plan Rows": 200, "Plan Width": 16, "Sort Key": ["(pg_catalog.count(*)) DESC", "c_orders.c_count DESC"], "Plans": [{"Node Type": "Streaming(type: LOCAL GATHER dop: 1/64)", "Parent Relationship": "Outer", "Startup Cost": 343507.02, "Total Cost": 343507.57, "Plan Rows": 200, "Plan Width": 16, "Plans": [{"Node Type": "Aggregate", "Strategy": "Hashed", "Parent Relationship": "Outer", "Startup Cost": 343507.02, "Total Cost": 343507.05, "Plan Rows": 200, "Plan Width": 16, "Group By Key": ["c_orders.c_count"], "Plans": [{"Node Type": "Streaming(type: LOCAL REDISTRIBUTE dop: 64/64)", "Parent Relationship": "Outer", "Startup Cost": 343501.41, "Total Cost": 343507.01, "Plan Rows": 200, "Plan Width": 16, "Plans": [{"Node Type": "Aggregate", "Strategy": "Hashed", "Parent Relationship": "Outer", "Startup Cost": 343501.41, "Total Cost": 343501.45, "Plan Rows": 200, "Plan Width": 16, "Group By Key": ["c_orders.c_count"], "Plans": [{"Node Type": "Subquery Scan", "Parent Relationship": "Outer", "Alias": "c_orders", "Startup Cost": 328149.85, "Total Cost": 343384.23, "Plan Rows": 1500000, "Plan Width": 8, "Plans": [{"Node Type": "Aggregate", "Strategy": "Hashed", "Parent Relationship": "Subquery", "Startup Cost": 328149.85, "Total Cost": 328384.23, "Plan Rows": 1500000, "Plan Width": 24, "Group By Key": ["customer.c_custkey"], "Plans": [{"Node Type": "Hash Join", "Parent Relationship": "Outer", "Join Type": "Left", "Startup Cost": 150209.8, "Total Cost": 327653.73, "Plan Rows": 6350316, "Plan Width": 16, "Inner Unique": false, "Hash Cond": "(customer.c_custkey = orders.o_custkey), (LLVM Optimized)", "Plans": [{"Node Type": "Streaming(type: LOCAL REDISTRIBUTE dop: 64/1)", "Parent Relationship": "Outer", "Startup Cost": 0.0, "Total Cost": 176070.82, "Plan Rows": 1500000, "Plan Width": 8, "Plans": [{"Node Type": "Seq Scan", "Parent Relationship": "Outer", "Relation Name": "customer", "Alias": "customer", "Startup Cost": 0.0, "Total Cost": 52126.0, "Plan Rows": 1500000, "Plan Width": 8}]}, {"Node Type": "Hash", "Parent Relationship": "Inner", "Startup Cost": 147310.46, "Total Cost": 147310.46, "Plan Rows": 14844648, "Plan Width": 16, "Plans": [{"Node Type": "Streaming(type: LOCAL REDISTRIBUTE dop: 64/64)", "Parent Relationship": "Outer", "Startup Cost": 0.0, "Total Cost": 147310.46, "Plan Rows": 14844648, "Plan Width": 16, "Plans": [{"Node Type": "Seq Scan", "Parent Relationship": "Outer", "Relation Name": "orders", "Alias": "orders", "Startup Cost": 0.0, "Total Cost": 70248.63, "Plan Rows": 14844648, "Plan Width": 16, "Filter": "((o_comment)::text !~~ '%pending%deposits%'::text), (LLVM Optimized)"}]}]}]}]}]}]}]}]}]}]}, "Unique SQL Id": 3026328400}, "explain_analyze_plan": null}, "(64, 7)": {"explain_plan": {"Plan": {"Node Type": "Sort", "Startup Cost": 1060808.36, "Total Cost": 1060808.86, "Plan Rows": 200, "Plan Width": 16, "Sort Key": ["(count(*)) DESC", "c_orders.c_count DESC"], "Plans": [{"Node Type": "Aggregate", "Strategy": "Hashed", "Parent Relationship": "Outer", "Startup Cost": 1060798.71, "Total Cost": 1060800.71, "Plan Rows": 200, "Plan Width": 16, "Group By Key": ["c_orders.c_count"], "Plans": [{"Node Type": "Subquery Scan", "Parent Relationship": "Outer", "Alias": "c_orders", "Startup Cost": 1023298.71, "Total Cost": 1053298.71, "Plan Rows": 1500000, "Plan Width": 8, "Plans": [{"Node Type": "Aggregate", "Strategy": "Hashed", "Parent Relationship": "Subquery", "Startup Cost": 1023298.71, "Total Cost": 1038298.71, "Plan Rows": 1500000, "Plan Width": 24, "Group By Key": ["customer.c_custkey"], "Plans": [{"Node Type": "Hash Join", "Parent Relationship": "Outer", "Join Type": "Right", "Startup Cost": 408464.06, "Total Cost": 991547.13, "Plan Rows": 6350316, "Plan Width": 16, "Inner Unique": true, "Hash Cond": "(orders.o_custkey = customer.c_custkey), (LLVM Optimized)", "Plans": [{"Node Type": "Bitmap Heap Scan", "Parent Relationship": "Outer", "Relation Name": "orders", "Alias": "orders", "Startup Cost": 308576.81, "Total Cost": 772489.29, "Plan Rows": 14844648, "Plan Width": 16, "Filter": "((o_comment)::text !~~ '%pending%deposits%'::text), (LLVM Optimized)", "Plans": [{"Node Type": "Bitmap Index Scan", "Parent Relationship": "Outer", "Index Name": "idx_orders_custkey", "Startup Cost": 0.0, "Total Cost": 304865.65, "Plan Rows": 14999479, "Plan Width": 0}]}, {"Node Type": "Hash", "Parent Relationship": "Inner", "Startup Cost": 81137.25, "Total Cost": 81137.25, "Plan Rows": 1500000, "Plan Width": 8, "Plans": [{"Node Type": "Bitmap Heap Scan", "Parent Relationship": "Outer", "Relation Name": "customer", "Alias": "customer", "Startup Cost": 29011.25, "Total Cost": 81137.25, "Plan Rows": 1500000, "Plan Width": 8, "Plans": [{"Node Type": "Bitmap Index Scan", "Parent Relationship": "Outer", "Index Name": "customer_pkey", "Startup Cost": 0.0, "Total Cost": 28636.25, "Plan Rows": 1500000, "Plan Width": 0}]}]}]}]}]}]}]}, "Unique SQL Id": 3026328400}, "explain_analyze_plan": null}, "(64, 8)": {"explain_plan": {"Plan": {"Node Type": "Sort", "Startup Cost": 335025.46, "Total Cost": 335025.96, "Plan Rows": 200, "Plan Width": 16, "Sort Key": ["(pg_catalog.count(*)) DESC", "c_orders.c_count DESC"], "Plans": [{"Node Type": "Streaming(type: LOCAL GATHER dop: 1/64)", "Parent Relationship": "Outer", "Startup Cost": 335017.27, "Total Cost": 335017.82, "Plan Rows": 200, "Plan Width": 16, "Plans": [{"Node Type": "Aggregate", "Strategy": "Hashed", "Parent Relationship": "Outer", "Startup Cost": 335017.27, "Total Cost": 335017.3, "Plan Rows": 200, "Plan Width": 16, "Group By Key": ["c_orders.c_count"], "Plans": [{"Node Type": "Streaming(type: LOCAL REDISTRIBUTE dop: 64/64)", "Parent Relationship": "Outer", "Startup Cost": 335011.66, "Total Cost": 335017.26, "Plan Rows": 200, "Plan Width": 16, "Plans": [{"Node Type": "Aggregate", "Strategy": "Hashed", "Parent Relationship": "Outer", "Startup Cost": 335011.66, "Total Cost": 335011.7, "Plan Rows": 200, "Plan Width": 16, "Group By Key": ["c_orders.c_count"], "Plans": [{"Node Type": "Subquery Scan", "Parent Relationship": "Outer", "Alias": "c_orders", "Startup Cost": 319660.1, "Total Cost": 334894.48, "Plan Rows": 1500000, "Plan Width": 8, "Plans": [{"Node Type": "Aggregate", "Strategy": "Hashed", "Parent Relationship": "Subquery", "Startup Cost": 319660.1, "Total Cost": 319894.48, "Plan Rows": 1500000, "Plan Width": 24, "Group By Key": ["customer.c_custkey"], "Plans": [{"Node Type": "Hash Join", "Parent Relationship": "Outer", "Join Type": "Left", "Startup Cost": 150209.8, "Total Cost": 319163.98, "Plan Rows": 6350316, "Plan Width": 16, "Inner Unique": false, "Hash Cond": "(customer.c_custkey = orders.o_custkey), (LLVM Optimized)", "Plans": [{"Node Type": "Streaming(type: LOCAL REDISTRIBUTE dop: 64/1)", "Parent Relationship": "Outer", "Startup Cost": 0.0, "Total Cost": 167581.07, "Plan Rows": 1500000, "Plan Width": 8, "Plans": [{"Node Type": "Index Only Scan", "Parent Relationship": "Outer", "Scan Direction": "Forward", "Index Name": "customer_pkey", "Relation Name": "customer", "Alias": "customer", "Startup Cost": 0.0, "Total Cost": 43636.25, "Plan Rows": 1500000, "Plan Width": 8}]}, {"Node Type": "Hash", "Parent Relationship": "Inner", "Startup Cost": 147310.46, "Total Cost": 147310.46, "Plan Rows": 14844648, "Plan Width": 16, "Plans": [{"Node Type": "Streaming(type: LOCAL REDISTRIBUTE dop: 64/64)", "Parent Relationship": "Outer", "Startup Cost": 0.0, "Total Cost": 147310.46, "Plan Rows": 14844648, "Plan Width": 16, "Plans": [{"Node Type": "Seq Scan", "Parent Relationship": "Outer", "Relation Name": "orders", "Alias": "orders", "Startup Cost": 0.0, "Total Cost": 70248.63, "Plan Rows": 14844648, "Plan Width": 16, "Filter": "((o_comment)::text !~~ '%pending%deposits%'::text), (LLVM Optimized)"}]}]}]}]}]}]}]}]}]}]}, "Unique SQL Id": 3026328400}, "explain_analyze_plan": {"Plan": {"Node Type": "Sort", "Startup Cost": 335025.46, "Total Cost": 335025.96, "Plan Rows": 200, "Plan Width": 16, "Actual Min Startup Time": 2750.584, "Actual Max Startup Time": 2750.584, "Actual Min Total Time": 2750.589, "Actual Max Total Time": 2750.589, "Actual Total Rows": 46, "Sort Key": ["(pg_catalog.count(*)) DESC", "c_orders.c_count DESC"], "Sort Method": "quicksort", "Sort Space Min Used": 27, "Sort Space Max Used": 27, "Sort Space Type": "Memory", "Plans": [{"Node Type": "Streaming(type: LOCAL GATHER dop: 1/64)", "Parent Relationship": "Outer", "Startup Cost": 335017.27, "Total Cost": 335017.82, "Plan Rows": 200, "Plan Width": 16, "Actual Min Startup Time": 2749.258, "Actual Max Startup Time": 2749.258, "Actual Min Total Time": 2750.528, "Actual Max Total Time": 2750.528, "Actual Total Rows": 46, "Plans": [{"Node Type": "Aggregate", "Strategy": "Hashed", "Parent Relationship": "Outer", "Startup Cost": 335017.27, "Total Cost": 335017.3, "Plan Rows": 200, "Plan Width": 16, "Actual Min Startup Time": 2431.645, "Actual Max Startup Time": 2514.215, "Actual Min Total Time": 2431.646, "Actual Max Total Time": 2514.215, "Actual Total Rows": 46, "Group By Key": ["c_orders.c_count"], "Plans": [{"Node Type": "Streaming(type: LOCAL REDISTRIBUTE dop: 64/64)", "Parent Relationship": "Outer", "Startup Cost": 335011.66, "Total Cost": 335017.26, "Plan Rows": 200, "Plan Width": 16, "Actual Min Startup Time": 2425.312, "Actual Max Startup Time": 2514.208, "Actual Min Total Time": 2431.542, "Actual Max Total Time": 2514.208, "Actual Total Rows": 2480, "Plans": [{"Node Type": "Aggregate", "Strategy": "Hashed", "Parent Relationship": "Outer", "Startup Cost": 335011.66, "Total Cost": 335011.7, "Plan Rows": 200, "Plan Width": 16, "Actual Min Startup Time": 2241.851, "Actual Max Startup Time": 2525.81, "Actual Min Total Time": 2241.859, "Actual Max Total Time": 2525.818, "Actual Total Rows": 2480, "Group By Key": ["c_orders.c_count"], "Plans": [{"Node Type": "Subquery Scan", "Parent Relationship": "Outer", "Alias": "c_orders", "Startup Cost": 319660.1, "Total Cost": 334894.48, "Plan Rows": 1500000, "Plan Width": 8, "Actual Min Startup Time": 2221.676, "Actual Max Startup Time": 2506.536, "Actual Min Total Time": 2234.332, "Actual Max Total Time": 2519.008, "Actual Total Rows": 1500000, "Plans": [{"Node Type": "Aggregate", "Strategy": "Hashed", "Parent Relationship": "Subquery", "Startup Cost": 319660.1, "Total Cost": 319894.48, "Plan Rows": 1500000, "Plan Width": 24, "Actual Min Startup Time": 2221.673, "Actual Max Startup Time": 2506.533, "Actual Min Total Time": 2230.128, "Actual Max Total Time": 2514.786, "Actual Total Rows": 1500000, "Group By Key": ["customer.c_custkey"], "Plans": [{"Node Type": "Hash Join", "Parent Relationship": "Outer", "Join Type": "Left", "Startup Cost": 150209.8, "Total Cost": 319163.98, "Plan Rows": 6350316, "Plan Width": 16, "Actual Min Startup Time": 636.606, "Actual Max Startup Time": 919.507, "Actual Min Total Time": 2138.845, "Actual Max Total Time": 2429.894, "Actual Total Rows": 15338153, "Inner Unique": false, "Hash Cond": "(customer.c_custkey = orders.o_custkey), (LLVM Optimized, Jit Execute)", "Plans": [{"Node Type": "Streaming(type: LOCAL REDISTRIBUTE dop: 64/1)", "Parent Relationship": "Outer", "Startup Cost": 0.0, "Total Cost": 167581.07, "Plan Rows": 1500000, "Plan Width": 8, "Actual Min Startup Time": 0.052, "Actual Max Startup Time": 4.628, "Actual Min Total Time": 1389.836, "Actual Max Total Time": 1441.594, "Actual Total Rows": 1500000, "Plans": [{"Node Type": "Index Only Scan", "Parent Relationship": "Outer", "Scan Direction": "Forward", "Index Name": "customer_pkey", "Relation Name": "customer", "Alias": "customer", "Startup Cost": 0.0, "Total Cost": 43636.25, "Plan Rows": 1500000, "Plan Width": 8, "Actual Min Startup Time": 0.064, "Actual Max Startup Time": 0.064, "Actual Min Total Time": 315.094, "Actual Max Total Time": 315.094, "Actual Total Rows": 1500000, "Heap Fetches": 0}]}, {"Node Type": "Hash", "Parent Relationship": "Inner", "Startup Cost": 147310.46, "Total Cost": 147310.46, "Plan Rows": 14844648, "Plan Width": 16, "Actual Min Startup Time": 633.821, "Actual Max Startup Time": 918.378, "Actual Min Total Time": 633.821, "Actual Max Total Time": 918.378, "Actual Total Rows": 14838130, "Max Hash Buckets": 262144, "Min Hash Buckets": 262144, "Max Hash Batches": 1, "Min Hash Batches": 1, "Max Original Hash Batches": 1, "Min Original Hash Batches": 1, "Max Peak Memory Usage": 10904, "min Peak Memory Usage": 10904, "Plans": [{"Node Type": "Streaming(type: LOCAL REDISTRIBUTE dop: 64/64)", "Parent Relationship": "Outer", "Startup Cost": 0.0, "Total Cost": 147310.46, "Plan Rows": 14844648, "Plan Width": 16, "Actual Min Startup Time": 0.102, "Actual Max Startup Time": 238.229, "Actual Min Total Time": 515.107, "Actual Max Total Time": 842.333, "Actual Total Rows": 14838130, "Plans": [{"Node Type": "Seq Scan", "Parent Relationship": "Outer", "Relation Name": "orders", "Alias": "orders", "Startup Cost": 0.0, "Total Cost": 70248.63, "Plan Rows": 14844648, "Plan Width": 16, "Actual Min Startup Time": 0.028, "Actual Max Startup Time": 0.058, "Actual Min Total Time": 156.616, "Actual Max Total Time": 179.011, "Actual Total Rows": 14838130, "Filter": "((o_comment)::text !~~ '%pending%deposits%'::text), (LLVM Optimized, Jit Execute)", "Rows Removed by Filter": 161870}]}]}]}]}]}]}]}]}]}]}, "Triggers": [], "Planner Runtime": 1.246, "Total Runtime": 2803.417, "Unique SQL Id": 3026328400}}, "(64, 9)": {"explain_plan": {"Plan": {"Node Type": "Sort", "Startup Cost": 1739109.48, "Total Cost": 1739109.98, "Plan Rows": 200, "Plan Width": 16, "Sort Key": ["(pg_catalog.count(*)) DESC", "c_orders.c_count DESC"], "Plans": [{"Node Type": "Streaming(type: LOCAL GATHER dop: 1/64)", "Parent Relationship": "Outer", "Startup Cost": 1739101.29, "Total Cost": 1739101.84, "Plan Rows": 200, "Plan Width": 16, "Plans": [{"Node Type": "Aggregate", "Strategy": "Hashed", "Parent Relationship": "Outer", "Startup Cost": 1739101.29, "Total Cost": 1739101.32, "Plan Rows": 200, "Plan Width": 16, "Group By Key": ["c_orders.c_count"], "Plans": [{"Node Type": "Streaming(type: LOCAL REDISTRIBUTE dop: 64/64)", "Parent Relationship": "Outer", "Startup Cost": 1739095.68, "Total Cost": 1739101.27, "Plan Rows": 200, "Plan Width": 16, "Plans": [{"Node Type": "Aggregate", "Strategy": "Hashed", "Parent Relationship": "Outer", "Startup Cost": 1739095.68, "Total Cost": 1739095.71, "Plan Rows": 200, "Plan Width": 16, "Group By Key": ["c_orders.c_count"], "Plans": [{"Node Type": "Subquery Scan", "Parent Relationship": "Outer", "Alias": "c_orders", "Startup Cost": 1723744.12, "Total Cost": 1738978.49, "Plan Rows": 1500000, "Plan Width": 8, "Plans": [{"Node Type": "Aggregate", "Strategy": "Hashed", "Parent Relationship": "Subquery", "Startup Cost": 1723744.12, "Total Cost": 1723978.49, "Plan Rows": 1500000, "Plan Width": 24, "Group By Key": ["customer.c_custkey"], "Plans": [{"Node Type": "Hash Join", "Parent Relationship": "Outer", "Join Type": "Right", "Startup Cost": 167874.04, "Total Cost": 1723248.0, "Plan Rows": 6350316, "Plan Width": 16, "Inner Unique": true, "Hash Cond": "(orders.o_custkey = customer.c_custkey), (LLVM Optimized)", "Plans": [{"Node Type": "Streaming(type: LOCAL REDISTRIBUTE dop: 64/64)", "Parent Relationship": "Outer", "Startup Cost": 0.0, "Total Cost": 1553511.91, "Plan Rows": 14844648, "Plan Width": 16, "Plans": [{"Node Type": "Index Scan", "Parent Relationship": "Outer", "Scan Direction": "Forward", "Index Name": "idx_orders_custkey", "Relation Name": "orders", "Alias": "orders", "Startup Cost": 0.0, "Total Cost": 1476450.09, "Plan Rows": 14844648, "Plan Width": 16, "Filter": "((o_comment)::text !~~ '%pending%deposits%'::text), (LLVM Optimized)"}]}, {"Node Type": "Hash", "Parent Relationship": "Inner", "Startup Cost": 167581.07, "Total Cost": 167581.07, "Plan Rows": 1500000, "Plan Width": 8, "Plans": [{"Node Type": "Streaming(type: LOCAL REDISTRIBUTE dop: 64/1)", "Parent Relationship": "Outer", "Startup Cost": 0.0, "Total Cost": 167581.07, "Plan Rows": 1500000, "Plan Width": 8, "Plans": [{"Node Type": "Index Only Scan", "Parent Relationship": "Outer", "Scan Direction": "Forward", "Index Name": "customer_pkey", "Relation Name": "customer", "Alias": "customer", "Startup Cost": 0.0, "Total Cost": 43636.25, "Plan Rows": 1500000, "Plan Width": 8}]}]}]}]}]}]}]}]}]}]}, "Unique SQL Id": 3026328400}, "explain_analyze_plan": {"Plan": {"Node Type": "Sort", "Startup Cost": 1739109.48, "Total Cost": 1739109.98, "Plan Rows": 200, "Plan Width": 16, "Actual Min Startup Time": 3538.406, "Actual Max Startup Time": 3538.406, "Actual Min Total Time": 3538.409, "Actual Max Total Time": 3538.409, "Actual Total Rows": 46, "Sort Key": ["(pg_catalog.count(*)) DESC", "c_orders.c_count DESC"], "Sort Method": "quicksort", "Sort Space Min Used": 27, "Sort Space Max Used": 27, "Sort Space Type": "Memory", "Plans": [{"Node Type": "Streaming(type: LOCAL GATHER dop: 1/64)", "Parent Relationship": "Outer", "Startup Cost": 1739101.29, "Total Cost": 1739101.84, "Plan Rows": 200, "Plan Width": 16, "Actual Min Startup Time": 3536.504, "Actual Max Startup Time": 3536.504, "Actual Min Total Time": 3538.35, "Actual Max Total Time": 3538.35, "Actual Total Rows": 46, "Plans": [{"Node Type": "Aggregate", "Strategy": "Hashed", "Parent Relationship": "Outer", "Startup Cost": 1739101.29, "Total Cost": 1739101.32, "Plan Rows": 200, "Plan Width": 16, "Actual Min Startup Time": 3180.223, "Actual Max Startup Time": 3333.288, "Actual Min Total Time": 3180.223, "Actual Max Total Time": 3333.288, "Actual Total Rows": 46, "Group By Key": ["c_orders.c_count"], "Plans": [{"Node Type": "Streaming(type: LOCAL REDISTRIBUTE dop: 64/64)", "Parent Relationship": "Outer", "Startup Cost": 1739095.68, "Total Cost": 1739101.27, "Plan Rows": 200, "Plan Width": 16, "Actual Min Startup Time": 3173.909, "Actual Max Startup Time": 3333.282, "Actual Min Total Time": 3179.866, "Actual Max Total Time": 3333.282, "Actual Total Rows": 2480, "Plans": [{"Node Type": "Aggregate", "Strategy": "Hashed", "Parent Relationship": "Outer", "Startup Cost": 1739095.68, "Total Cost": 1739095.71, "Plan Rows": 200, "Plan Width": 16, "Actual Min Startup Time": 2997.609, "Actual Max Startup Time": 3300.7, "Actual Min Total Time": 2997.627, "Actual Max Total Time": 3300.708, "Actual Total Rows": 2480, "Group By Key": ["c_orders.c_count"], "Plans": [{"Node Type": "Subquery Scan", "Parent Relationship": "Outer", "Alias": "c_orders", "Startup Cost": 1723744.12, "Total Cost": 1738978.49, "Plan Rows": 1500000, "Plan Width": 8, "Actual Min Startup Time": 2977.383, "Actual Max Startup Time": 3279.953, "Actual Min Total Time": 2989.881, "Actual Max Total Time": 3293.935, "Actual Total Rows": 1500000, "Plans": [{"Node Type": "Aggregate", "Strategy": "Hashed", "Parent Relationship": "Subquery", "Startup Cost": 1723744.12, "Total Cost": 1723978.49, "Plan Rows": 1500000, "Plan Width": 24, "Actual Min Startup Time": 2977.381, "Actual Max Startup Time": 3279.949, "Actual Min Total Time": 2985.759, "Actual Max Total Time": 3289.659, "Actual Total Rows": 1500000, "Group By Key": ["customer.c_custkey"], "Plans": [{"Node Type": "Hash Join", "Parent Relationship": "Outer", "Join Type": "Right", "Startup Cost": 167874.04, "Total Cost": 1723248.0, "Plan Rows": 6350316, "Plan Width": 16, "Actual Min Startup Time": 1509.467, "Actual Max Startup Time": 1811.336, "Actual Min Total Time": 2891.603, "Actual Max Total Time": 3201.686, "Actual Total Rows": 15338153, "Inner Unique": true, "Hash Cond": "(orders.o_custkey = customer.c_custkey), (LLVM Optimized, Jit Execute)", "Plans": [{"Node Type": "Streaming(type: LOCAL REDISTRIBUTE dop: 64/64)", "Parent Relationship": "Outer", "Startup Cost": 0.0, "Total Cost": 1553511.91, "Plan Rows": 14844648, "Plan Width": 16, "Actual Min Startup Time": 0.181, "Actual Max Startup Time": 5.255, "Actual Min Total Time": 1271.738, "Actual Max Total Time": 1309.573, "Actual Total Rows": 14838130, "Plans": [{"Node Type": "Index Scan", "Parent Relationship": "Outer", "Scan Direction": "Forward", "Index Name": "idx_orders_custkey", "Relation Name": "orders", "Alias": "orders", "Startup Cost": 0.0, "Total Cost": 1476450.09, "Plan Rows": 14844648, "Plan Width": 16, "Actual Min Startup Time": 0.045, "Actual Max Startup Time": 248.628, "Actual Min Total Time": 685.027, "Actual Max Total Time": 1152.522, "Actual Total Rows": 14838130, "Filter": "((o_comment)::text !~~ '%pending%deposits%'::text), (LLVM Optimized, Jit Execute)", "Rows Removed by Filter": 161870}]}, {"Node Type": "Hash", "Parent Relationship": "Inner", "Startup Cost": 167581.07, "Total Cost": 167581.07, "Plan Rows": 1500000, "Plan Width": 8, "Actual Min Startup Time": 1509.117, "Actual Max Startup Time": 1810.726, "Actual Min Total Time": 1509.117, "Actual Max Total Time": 1810.726, "Actual Total Rows": 1500000, "Max Hash Buckets": 32768, "Min Hash Buckets": 32768, "Max Hash Batches": 1, "Min Hash Batches": 1, "Max Original Hash Batches": 1, "Min Original Hash Batches": 1, "Max Peak Memory Usage": 915, "min Peak Memory Usage": 915, "Plans": [{"Node Type": "Streaming(type: LOCAL REDISTRIBUTE dop: 64/1)", "Parent Relationship": "Outer", "Startup Cost": 0.0, "Total Cost": 167581.07, "Plan Rows": 1500000, "Plan Width": 8, "Actual Min Startup Time": 0.035, "Actual Max Startup Time": 298.583, "Actual Min Total Time": 1503.219, "Actual Max Total Time": 1802.948, "Actual Total Rows": 1500000, "Plans": [{"Node Type": "Index Only Scan", "Parent Relationship": "Outer", "Scan Direction": "Forward", "Index Name": "customer_pkey", "Relation Name": "customer", "Alias": "customer", "Startup Cost": 0.0, "Total Cost": 43636.25, "Plan Rows": 1500000, "Plan Width": 8, "Actual Min Startup Time": 0.04, "Actual Max Startup Time": 0.04, "Actual Min Total Time": 317.004, "Actual Max Total Time": 317.004, "Actual Total Rows": 1500000, "Heap Fetches": 0}]}]}]}]}]}]}]}]}]}]}, "Triggers": [], "Planner Runtime": 0.987, "Total Runtime": 3591.537, "Unique SQL Id": 3026328400}}, "(64, 10)": {"explain_plan": {"Plan": {"Node Type": "Sort", "Startup Cost": 343515.21, "Total Cost": 343515.71, "Plan Rows": 200, "Plan Width": 16, "Sort Key": ["(pg_catalog.count(*)) DESC", "c_orders.c_count DESC"], "Plans": [{"Node Type": "Streaming(type: LOCAL GATHER dop: 1/64)", "Parent Relationship": "Outer", "Startup Cost": 343507.02, "Total Cost": 343507.57, "Plan Rows": 200, "Plan Width": 16, "Plans": [{"Node Type": "Aggregate", "Strategy": "Hashed", "Parent Relationship": "Outer", "Startup Cost": 343507.02, "Total Cost": 343507.05, "Plan Rows": 200, "Plan Width": 16, "Group By Key": ["c_orders.c_count"], "Plans": [{"Node Type": "Streaming(type: LOCAL REDISTRIBUTE dop: 64/64)", "Parent Relationship": "Outer", "Startup Cost": 343501.41, "Total Cost": 343507.01, "Plan Rows": 200, "Plan Width": 16, "Plans": [{"Node Type": "Aggregate", "Strategy": "Hashed", "Parent Relationship": "Outer", "Startup Cost": 343501.41, "Total Cost": 343501.45, "Plan Rows": 200, "Plan Width": 16, "Group By Key": ["c_orders.c_count"], "Plans": [{"Node Type": "Subquery Scan", "Parent Relationship": "Outer", "Alias": "c_orders", "Startup Cost": 328149.85, "Total Cost": 343384.23, "Plan Rows": 1500000, "Plan Width": 8, "Plans": [{"Node Type": "Aggregate", "Strategy": "Hashed", "Parent Relationship": "Subquery", "Startup Cost": 328149.85, "Total Cost": 328384.23, "Plan Rows": 1500000, "Plan Width": 24, "Group By Key": ["customer.c_custkey"], "Plans": [{"Node Type": "Hash Join", "Parent Relationship": "Outer", "Join Type": "Left", "Startup Cost": 150209.8, "Total Cost": 327653.73, "Plan Rows": 6350316, "Plan Width": 16, "Inner Unique": false, "Hash Cond": "(customer.c_custkey = orders.o_custkey), (LLVM Optimized)", "Plans": [{"Node Type": "Streaming(type: LOCAL REDISTRIBUTE dop: 64/1)", "Parent Relationship": "Outer", "Startup Cost": 0.0, "Total Cost": 176070.82, "Plan Rows": 1500000, "Plan Width": 8, "Plans": [{"Node Type": "Seq Scan", "Parent Relationship": "Outer", "Relation Name": "customer", "Alias": "customer", "Startup Cost": 0.0, "Total Cost": 52126.0, "Plan Rows": 1500000, "Plan Width": 8}]}, {"Node Type": "Hash", "Parent Relationship": "Inner", "Startup Cost": 147310.46, "Total Cost": 147310.46, "Plan Rows": 14844648, "Plan Width": 16, "Plans": [{"Node Type": "Streaming(type: LOCAL REDISTRIBUTE dop: 64/64)", "Parent Relationship": "Outer", "Startup Cost": 0.0, "Total Cost": 147310.46, "Plan Rows": 14844648, "Plan Width": 16, "Plans": [{"Node Type": "Seq Scan", "Parent Relationship": "Outer", "Relation Name": "orders", "Alias": "orders", "Startup Cost": 0.0, "Total Cost": 70248.63, "Plan Rows": 14844648, "Plan Width": 16, "Filter": "((o_comment)::text !~~ '%pending%deposits%'::text), (LLVM Optimized)"}]}]}]}]}]}]}]}]}]}]}, "Unique SQL Id": 3026328400}, "explain_analyze_plan": null}, "(64, 11)": {"explain_plan": {"Plan": {"Node Type": "Sort", "Startup Cost": 2000131988437.04, "Total Cost": 2000131988437.54, "Plan Rows": 200, "Plan Width": 16, "Sort Key": ["(count(*)) DESC", "c_orders.c_count DESC"], "Plans": [{"Node Type": "Aggregate", "Strategy": "Hashed", "Parent Relationship": "Outer", "Startup Cost": 2000131988427.4, "Total Cost": 2000131988429.4, "Plan Rows": 200, "Plan Width": 16, "Group By Key": ["c_orders.c_count"], "Plans": [{"Node Type": "Subquery Scan", "Parent Relationship": "Outer", "Alias": "c_orders", "Startup Cost": 2000131950927.4, "Total Cost": 2000131980927.4, "Plan Rows": 1500000, "Plan Width": 8, "Plans": [{"Node Type": "Aggregate", "Strategy": "Hashed", "Parent Relationship": "Subquery", "Startup Cost": 2000131950927.4, "Total Cost": 2000131965927.4, "Plan Rows": 1500000, "Plan Width": 24, "Group By Key": ["customer.c_custkey"], "Plans": [{"Node Type": "Merge Join", "Parent Relationship": "Outer", "Join Type": "Left", "Startup Cost": 20000000000.0, "Total Cost": 2000131919175.82, "Plan Rows": 6350316, "Plan Width": 16, "Inner Unique": false, "Merge Cond": "(customer.c_custkey = orders.o_custkey)", "Plans": [{"Node Type": "Index Only Scan", "Parent Relationship": "Outer", "Scan Direction": "Forward", "Index Name": "customer_pkey", "Relation Name": "customer", "Alias": "customer", "Startup Cost": 10000000000.0, "Total Cost": 1000004363625.0, "Plan Rows": 1500000, "Plan Width": 8}, {"Node Type": "Index Scan", "Parent Relationship": "Inner", "Scan Direction": "Forward", "Index Name": "idx_orders_custkey", "Relation Name": "orders", "Alias": "orders", "Startup Cost": 10000000000.0, "Total Cost": 1000159801398.83, "Plan Rows": 14844648, "Plan Width": 16, "Filter": "((o_comment)::text !~~ '%pending%deposits%'::text), (LLVM Optimized)"}]}]}]}]}]}, "Unique SQL Id": 3026328400}, "explain_analyze_plan": null}, "(64, 12)": {"explain_plan": {"Plan": {"Node Type": "Sort", "Startup Cost": 343515.21, "Total Cost": 343515.71, "Plan Rows": 200, "Plan Width": 16, "Sort Key": ["(pg_catalog.count(*)) DESC", "c_orders.c_count DESC"], "Plans": [{"Node Type": "Streaming(type: LOCAL GATHER dop: 1/64)", "Parent Relationship": "Outer", "Startup Cost": 343507.02, "Total Cost": 343507.57, "Plan Rows": 200, "Plan Width": 16, "Plans": [{"Node Type": "Aggregate", "Strategy": "Hashed", "Parent Relationship": "Outer", "Startup Cost": 343507.02, "Total Cost": 343507.05, "Plan Rows": 200, "Plan Width": 16, "Group By Key": ["c_orders.c_count"], "Plans": [{"Node Type": "Streaming(type: LOCAL REDISTRIBUTE dop: 64/64)", "Parent Relationship": "Outer", "Startup Cost": 343501.41, "Total Cost": 343507.01, "Plan Rows": 200, "Plan Width": 16, "Plans": [{"Node Type": "Aggregate", "Strategy": "Hashed", "Parent Relationship": "Outer", "Startup Cost": 343501.41, "Total Cost": 343501.45, "Plan Rows": 200, "Plan Width": 16, "Group By Key": ["c_orders.c_count"], "Plans": [{"Node Type": "Subquery Scan", "Parent Relationship": "Outer", "Alias": "c_orders", "Startup Cost": 328149.85, "Total Cost": 343384.23, "Plan Rows": 1500000, "Plan Width": 8, "Plans": [{"Node Type": "Aggregate", "Strategy": "Hashed", "Parent Relationship": "Subquery", "Startup Cost": 328149.85, "Total Cost": 328384.23, "Plan Rows": 1500000, "Plan Width": 24, "Group By Key": ["customer.c_custkey"], "Plans": [{"Node Type": "Hash Join", "Parent Relationship": "Outer", "Join Type": "Left", "Startup Cost": 150209.8, "Total Cost": 327653.73, "Plan Rows": 6350316, "Plan Width": 16, "Inner Unique": false, "Hash Cond": "(customer.c_custkey = orders.o_custkey), (LLVM Optimized)", "Plans": [{"Node Type": "Streaming(type: LOCAL REDISTRIBUTE dop: 64/1)", "Parent Relationship": "Outer", "Startup Cost": 0.0, "Total Cost": 176070.82, "Plan Rows": 1500000, "Plan Width": 8, "Plans": [{"Node Type": "Seq Scan", "Parent Relationship": "Outer", "Relation Name": "customer", "Alias": "customer", "Startup Cost": 0.0, "Total Cost": 52126.0, "Plan Rows": 1500000, "Plan Width": 8}]}, {"Node Type": "Hash", "Parent Relationship": "Inner", "Startup Cost": 147310.46, "Total Cost": 147310.46, "Plan Rows": 14844648, "Plan Width": 16, "Plans": [{"Node Type": "Streaming(type: LOCAL REDISTRIBUTE dop: 64/64)", "Parent Relationship": "Outer", "Startup Cost": 0.0, "Total Cost": 147310.46, "Plan Rows": 14844648, "Plan Width": 16, "Plans": [{"Node Type": "Seq Scan", "Parent Relationship": "Outer", "Relation Name": "orders", "Alias": "orders", "Startup Cost": 0.0, "Total Cost": 70248.63, "Plan Rows": 14844648, "Plan Width": 16, "Filter": "((o_comment)::text !~~ '%pending%deposits%'::text), (LLVM Optimized)"}]}]}]}]}]}]}]}]}]}]}, "Unique SQL Id": 3026328400}, "explain_analyze_plan": null}, "(64, 13)": {"explain_plan": {"Plan": {"Node Type": "Sort", "Startup Cost": 1776238.59, "Total Cost": 1776239.09, "Plan Rows": 200, "Plan Width": 16, "Sort Key": ["(pg_catalog.count(*)) DESC", "c_orders.c_count DESC"], "Plans": [{"Node Type": "Streaming(type: LOCAL GATHER dop: 1/64)", "Parent Relationship": "Outer", "Startup Cost": 1776230.39, "Total Cost": 1776230.94, "Plan Rows": 200, "Plan Width": 16, "Plans": [{"Node Type": "Aggregate", "Strategy": "Hashed", "Parent Relationship": "Outer", "Startup Cost": 1776230.39, "Total Cost": 1776230.43, "Plan Rows": 200, "Plan Width": 16, "Group By Key": ["c_orders.c_count"], "Plans": [{"Node Type": "Streaming(type: LOCAL REDISTRIBUTE dop: 64/64)", "Parent Relationship": "Outer", "Startup Cost": 1776224.79, "Total Cost": 1776230.38, "Plan Rows": 200, "Plan Width": 16, "Plans": [{"Node Type": "Aggregate", "Strategy": "Hashed", "Parent Relationship": "Outer", "Startup Cost": 1776224.79, "Total Cost": 1776224.82, "Plan Rows": 200, "Plan Width": 16, "Group By Key": ["c_orders.c_count"], "Plans": [{"Node Type": "Subquery Scan", "Parent Relationship": "Outer", "Alias": "c_orders", "Startup Cost": 1760873.22, "Total Cost": 1776107.6, "Plan Rows": 1500000, "Plan Width": 8, "Plans": [{"Node Type": "Aggregate", "Strategy": "Hashed", "Parent Relationship": "Subquery", "Startup Cost": 1760873.22, "Total Cost": 1761107.6, "Plan Rows": 1500000, "Plan Width": 24, "Group By Key": ["customer.c_custkey"], "Plans": [{"Node Type": "Hash Join", "Parent Relationship": "Outer", "Join Type": "Right", "Startup Cost": 205003.15, "Total Cost": 1760377.1, "Plan Rows": 6350316, "Plan Width": 16, "Inner Unique": true, "Hash Cond": "(orders.o_custkey = customer.c_custkey), (LLVM Optimized)", "Plans": [{"Node Type": "Streaming(type: LOCAL REDISTRIBUTE dop: 64/64)", "Parent Relationship": "Outer", "Startup Cost": 0.0, "Total Cost": 1553511.91, "Plan Rows": 14844648, "Plan Width": 16, "Plans": [{"Node Type": "Index Scan", "Parent Relationship": "Outer", "Scan Direction": "Forward", "Index Name": "idx_orders_custkey", "Relation Name": "orders", "Alias": "orders", "Startup Cost": 0.0, "Total Cost": 1476450.09, "Plan Rows": 14844648, "Plan Width": 16, "Filter": "((o_comment)::text !~~ '%pending%deposits%'::text), (LLVM Optimized)"}]}, {"Node Type": "Hash", "Parent Relationship": "Inner", "Startup Cost": 204710.18, "Total Cost": 204710.18, "Plan Rows": 1500000, "Plan Width": 8, "Plans": [{"Node Type": "Streaming(type: LOCAL REDISTRIBUTE dop: 64/1)", "Parent Relationship": "Outer", "Startup Cost": 0.0, "Total Cost": 204710.18, "Plan Rows": 1500000, "Plan Width": 8, "Plans": [{"Node Type": "Index Scan", "Parent Relationship": "Outer", "Scan Direction": "Forward", "Index Name": "customer_pkey", "Relation Name": "customer", "Alias": "customer", "Startup Cost": 0.0, "Total Cost": 80765.36, "Plan Rows": 1500000, "Plan Width": 8}]}]}]}]}]}]}]}]}]}]}, "Unique SQL Id": 3026328400}, "explain_analyze_plan": {"Plan": {"Node Type": "Sort", "Startup Cost": 1776238.59, "Total Cost": 1776239.09, "Plan Rows": 200, "Plan Width": 16, "Actual Min Startup Time": 3958.152, "Actual Max Startup Time": 3958.152, "Actual Min Total Time": 3958.156, "Actual Max Total Time": 3958.156, "Actual Total Rows": 46, "Sort Key": ["(pg_catalog.count(*)) DESC", "c_orders.c_count DESC"], "Sort Method": "quicksort", "Sort Space Min Used": 27, "Sort Space Max Used": 27, "Sort Space Type": "Memory", "Plans": [{"Node Type": "Streaming(type: LOCAL GATHER dop: 1/64)", "Parent Relationship": "Outer", "Startup Cost": 1776230.39, "Total Cost": 1776230.94, "Plan Rows": 200, "Plan Width": 16, "Actual Min Startup Time": 3957.212, "Actual Max Startup Time": 3957.212, "Actual Min Total Time": 3958.088, "Actual Max Total Time": 3958.088, "Actual Total Rows": 46, "Plans": [{"Node Type": "Aggregate", "Strategy": "Hashed", "Parent Relationship": "Outer", "Startup Cost": 1776230.39, "Total Cost": 1776230.43, "Plan Rows": 200, "Plan Width": 16, "Actual Min Startup Time": 3630.203, "Actual Max Startup Time": 3743.844, "Actual Min Total Time": 3630.203, "Actual Max Total Time": 3743.844, "Actual Total Rows": 46, "Group By Key": ["c_orders.c_count"], "Plans": [{"Node Type": "Streaming(type: LOCAL REDISTRIBUTE dop: 64/64)", "Parent Relationship": "Outer", "Startup Cost": 1776224.79, "Total Cost": 1776230.38, "Plan Rows": 200, "Plan Width": 16, "Actual Min Startup Time": 3623.72, "Actual Max Startup Time": 3741.366, "Actual Min Total Time": 3630.11, "Actual Max Total Time": 3743.692, "Actual Total Rows": 2480, "Plans": [{"Node Type": "Aggregate", "Strategy": "Hashed", "Parent Relationship": "Outer", "Startup Cost": 1776224.79, "Total Cost": 1776224.82, "Plan Rows": 200, "Plan Width": 16, "Actual Min Startup Time": 3439.367, "Actual Max Startup Time": 3710.831, "Actual Min Total Time": 3439.375, "Actual Max Total Time": 3710.834, "Actual Total Rows": 2480, "Group By Key": ["c_orders.c_count"], "Plans": [{"Node Type": "Subquery Scan", "Parent Relationship": "Outer", "Alias": "c_orders", "Startup Cost": 1760873.22, "Total Cost": 1776107.6, "Plan Rows": 1500000, "Plan Width": 8, "Actual Min Startup Time": 3421.319, "Actual Max Startup Time": 3690.394, "Actual Min Total Time": 3432.328, "Actual Max Total Time": 3703.959, "Actual Total Rows": 1500000, "Plans": [{"Node Type": "Aggregate", "Strategy": "Hashed", "Parent Relationship": "Subquery", "Startup Cost": 1760873.22, "Total Cost": 1761107.6, "Plan Rows": 1500000, "Plan Width": 24, "Actual Min Startup Time": 3421.317, "Actual Max Startup Time": 3690.392, "Actual Min Total Time": 3428.3, "Actual Max Total Time": 3699.713, "Actual Total Rows": 1500000, "Group By Key": ["customer.c_custkey"], "Plans": [{"Node Type": "Hash Join", "Parent Relationship": "Outer", "Join Type": "Right", "Startup Cost": 205003.15, "Total Cost": 1760377.1, "Plan Rows": 6350316, "Plan Width": 16, "Actual Min Startup Time": 1944.419, "Actual Max Startup Time": 2213.485, "Actual Min Total Time": 3336.705, "Actual Max Total Time": 3610.647, "Actual Total Rows": 15338153, "Inner Unique": true, "Hash Cond": "(orders.o_custkey = customer.c_custkey), (LLVM Optimized, Jit Execute)", "Plans": [{"Node Type": "Streaming(type: LOCAL REDISTRIBUTE dop: 64/64)", "Parent Relationship": "Outer", "Startup Cost": 0.0, "Total Cost": 1553511.91, "Plan Rows": 14844648, "Plan Width": 16, "Actual Min Startup Time": 0.178, "Actual Max Startup Time": 5.51, "Actual Min Total Time": 1282.665, "Actual Max Total Time": 1313.983, "Actual Total Rows": 14838130, "Plans": [{"Node Type": "Index Scan", "Parent Relationship": "Outer", "Scan Direction": "Forward", "Index Name": "idx_orders_custkey", "Relation Name": "orders", "Alias": "orders", "Startup Cost": 0.0, "Total Cost": 1476450.09, "Plan Rows": 14844648, "Plan Width": 16, "Actual Min Startup Time": 14.315, "Actual Max Startup Time": 493.281, "Actual Min Total Time": 753.669, "Actual Max Total Time": 1460.27, "Actual Total Rows": 14838130, "Filter": "((o_comment)::text !~~ '%pending%deposits%'::text), (LLVM Optimized, Jit Execute)", "Rows Removed by Filter": 161870}]}, {"Node Type": "Hash", "Parent Relationship": "Inner", "Startup Cost": 204710.18, "Total Cost": 204710.18, "Plan Rows": 1500000, "Plan Width": 8, "Actual Min Startup Time": 1944.008, "Actual Max Startup Time": 2213.155, "Actual Min Total Time": 1944.008, "Actual Max Total Time": 2213.155, "Actual Total Rows": 1500000, "Max Hash Buckets": 32768, "Min Hash Buckets": 32768, "Max Hash Batches": 1, "Min Hash Batches": 1, "Max Original Hash Batches": 1, "Min Original Hash Batches": 1, "Max Peak Memory Usage": 915, "min Peak Memory Usage": 915, "Plans": [{"Node Type": "Streaming(type: LOCAL REDISTRIBUTE dop: 64/1)", "Parent Relationship": "Outer", "Startup Cost": 0.0, "Total Cost": 204710.18, "Plan Rows": 1500000, "Plan Width": 8, "Actual Min Startup Time": 0.037, "Actual Max Startup Time": 268.0, "Actual Min Total Time": 1937.533, "Actual Max Total Time": 2206.398, "Actual Total Rows": 1500000, "Plans": [{"Node Type": "Index Scan", "Parent Relationship": "Outer", "Scan Direction": "Forward", "Index Name": "customer_pkey", "Relation Name": "customer", "Alias": "customer", "Startup Cost": 0.0, "Total Cost": 80765.36, "Plan Rows": 1500000, "Plan Width": 8, "Actual Min Startup Time": 0.046, "Actual Max Startup Time": 0.046, "Actual Min Total Time": 842.206, "Actual Max Total Time": 842.206, "Actual Total Rows": 1500000}]}]}]}]}]}]}]}]}]}]}, "Triggers": [], "Planner Runtime": 0.977, "Total Runtime": 4013.912, "Unique SQL Id": 3026328400}}, "(64, 14)": {"explain_plan": {"Plan": {"Node Type": "Sort", "Startup Cost": 343515.21, "Total Cost": 343515.71, "Plan Rows": 200, "Plan Width": 16, "Sort Key": ["(pg_catalog.count(*)) DESC", "c_orders.c_count DESC"], "Plans": [{"Node Type": "Streaming(type: LOCAL GATHER dop: 1/64)", "Parent Relationship": "Outer", "Startup Cost": 343507.02, "Total Cost": 343507.57, "Plan Rows": 200, "Plan Width": 16, "Plans": [{"Node Type": "Aggregate", "Strategy": "Hashed", "Parent Relationship": "Outer", "Startup Cost": 343507.02, "Total Cost": 343507.05, "Plan Rows": 200, "Plan Width": 16, "Group By Key": ["c_orders.c_count"], "Plans": [{"Node Type": "Streaming(type: LOCAL REDISTRIBUTE dop: 64/64)", "Parent Relationship": "Outer", "Startup Cost": 343501.41, "Total Cost": 343507.01, "Plan Rows": 200, "Plan Width": 16, "Plans": [{"Node Type": "Aggregate", "Strategy": "Hashed", "Parent Relationship": "Outer", "Startup Cost": 343501.41, "Total Cost": 343501.45, "Plan Rows": 200, "Plan Width": 16, "Group By Key": ["c_orders.c_count"], "Plans": [{"Node Type": "Subquery Scan", "Parent Relationship": "Outer", "Alias": "c_orders", "Startup Cost": 328149.85, "Total Cost": 343384.23, "Plan Rows": 1500000, "Plan Width": 8, "Plans": [{"Node Type": "Aggregate", "Strategy": "Hashed", "Parent Relationship": "Subquery", "Startup Cost": 328149.85, "Total Cost": 328384.23, "Plan Rows": 1500000, "Plan Width": 24, "Group By Key": ["customer.c_custkey"], "Plans": [{"Node Type": "Hash Join", "Parent Relationship": "Outer", "Join Type": "Left", "Startup Cost": 150209.8, "Total Cost": 327653.73, "Plan Rows": 6350316, "Plan Width": 16, "Inner Unique": false, "Hash Cond": "(customer.c_custkey = orders.o_custkey), (LLVM Optimized)", "Plans": [{"Node Type": "Streaming(type: LOCAL REDISTRIBUTE dop: 64/1)", "Parent Relationship": "Outer", "Startup Cost": 0.0, "Total Cost": 176070.82, "Plan Rows": 1500000, "Plan Width": 8, "Plans": [{"Node Type": "Seq Scan", "Parent Relationship": "Outer", "Relation Name": "customer", "Alias": "customer", "Startup Cost": 0.0, "Total Cost": 52126.0, "Plan Rows": 1500000, "Plan Width": 8}]}, {"Node Type": "Hash", "Parent Relationship": "Inner", "Startup Cost": 147310.46, "Total Cost": 147310.46, "Plan Rows": 14844648, "Plan Width": 16, "Plans": [{"Node Type": "Streaming(type: LOCAL REDISTRIBUTE dop: 64/64)", "Parent Relationship": "Outer", "Startup Cost": 0.0, "Total Cost": 147310.46, "Plan Rows": 14844648, "Plan Width": 16, "Plans": [{"Node Type": "Seq Scan", "Parent Relationship": "Outer", "Relation Name": "orders", "Alias": "orders", "Startup Cost": 0.0, "Total Cost": 70248.63, "Plan Rows": 14844648, "Plan Width": 16, "Filter": "((o_comment)::text !~~ '%pending%deposits%'::text), (LLVM Optimized)"}]}]}]}]}]}]}]}]}]}]}, "Unique SQL Id": 3026328400}, "explain_analyze_plan": null}, "(64, 15)": {"explain_plan": {"Plan": {"Node Type": "Sort", "Startup Cost": 2000135701347.66, "Total Cost": 2000135701348.16, "Plan Rows": 200, "Plan Width": 16, "Sort Key": ["(count(*)) DESC", "c_orders.c_count DESC"], "Plans": [{"Node Type": "Aggregate", "Strategy": "Hashed", "Parent Relationship": "Outer", "Startup Cost": 2000135701338.02, "Total Cost": 2000135701340.02, "Plan Rows": 200, "Plan Width": 16, "Group By Key": ["c_orders.c_count"], "Plans": [{"Node Type": "Subquery Scan", "Parent Relationship": "Outer", "Alias": "c_orders", "Startup Cost": 2000135663838.02, "Total Cost": 2000135693838.02, "Plan Rows": 1500000, "Plan Width": 8, "Plans": [{"Node Type": "Aggregate", "Strategy": "Hashed", "Parent Relationship": "Subquery", "Startup Cost": 2000135663838.02, "Total Cost": 2000135678838.02, "Plan Rows": 1500000, "Plan Width": 24, "Group By Key": ["customer.c_custkey"], "Plans": [{"Node Type": "Merge Join", "Parent Relationship": "Outer", "Join Type": "Left", "Startup Cost": 20000000000.0, "Total Cost": 2000135632086.44, "Plan Rows": 6350316, "Plan Width": 16, "Inner Unique": false, "Merge Cond": "(customer.c_custkey = orders.o_custkey)", "Plans": [{"Node Type": "Index Scan", "Parent Relationship": "Outer", "Scan Direction": "Forward", "Index Name": "customer_pkey", "Relation Name": "customer", "Alias": "customer", "Startup Cost": 10000000000.0, "Total Cost": 1000008076535.62, "Plan Rows": 1500000, "Plan Width": 8}, {"Node Type": "Index Scan", "Parent Relationship": "Inner", "Scan Direction": "Forward", "Index Name": "idx_orders_custkey", "Relation Name": "orders", "Alias": "orders", "Startup Cost": 10000000000.0, "Total Cost": 1000159801398.83, "Plan Rows": 14844648, "Plan Width": 16, "Filter": "((o_comment)::text !~~ '%pending%deposits%'::text), (LLVM Optimized)"}]}]}]}]}]}, "Unique SQL Id": 3026328400}, "explain_analyze_plan": null}, "(64, 16)": {"explain_plan": {"Plan": {"Node Type": "Sort", "Startup Cost": 1815222.82, "Total Cost": 1815223.32, "Plan Rows": 200, "Plan Width": 16, "Sort Key": ["(count(*)) DESC", "c_orders.c_count DESC"], "Plans": [{"Node Type": "Aggregate", "Strategy": "Hashed", "Parent Relationship": "Outer", "Startup Cost": 1815213.18, "Total Cost": 1815215.18, "Plan Rows": 200, "Plan Width": 16, "Group By Key": ["c_orders.c_count"], "Plans": [{"Node Type": "Subquery Scan", "Parent Relationship": "Outer", "Alias": "c_orders", "Startup Cost": 1777713.18, "Total Cost": 1807713.18, "Plan Rows": 1500000, "Plan Width": 8, "Plans": [{"Node Type": "Aggregate", "Strategy": "Hashed", "Parent Relationship": "Subquery", "Startup Cost": 1777713.18, "Total Cost": 1792713.18, "Plan Rows": 1500000, "Plan Width": 24, "Group By Key": ["customer.c_custkey"], "Plans": [{"Node Type": "Merge Join", "Parent Relationship": "Outer", "Join Type": "Left", "Startup Cost": 0.0, "Total Cost": 1745961.6, "Plan Rows": 6350316, "Plan Width": 16, "Inner Unique": false, "Merge Cond": "(customer.c_custkey = orders.o_custkey)", "Plans": [{"Node Type": "Index Only Scan", "Parent Relationship": "Outer", "Scan Direction": "Forward", "Index Name": "customer_pkey", "Relation Name": "customer", "Alias": "customer", "Startup Cost": 0.0, "Total Cost": 43636.25, "Plan Rows": 1500000, "Plan Width": 8}, {"Node Type": "Index Scan", "Parent Relationship": "Inner", "Scan Direction": "Forward", "Index Name": "idx_orders_custkey", "Relation Name": "orders", "Alias": "orders", "Startup Cost": 0.0, "Total Cost": 1598013.99, "Plan Rows": 14844648, "Plan Width": 16, "Filter": "((o_comment)::text !~~ '%pending%deposits%'::text), (LLVM Optimized)"}]}]}]}]}]}, "Unique SQL Id": 3026328400}, "explain_analyze_plan": null}, "(64, 17)": {"explain_plan": {"Plan": {"Node Type": "Sort", "Startup Cost": 1815222.82, "Total Cost": 1815223.32, "Plan Rows": 200, "Plan Width": 16, "Sort Key": ["(count(*)) DESC", "c_orders.c_count DESC"], "Plans": [{"Node Type": "Aggregate", "Strategy": "Hashed", "Parent Relationship": "Outer", "Startup Cost": 1815213.18, "Total Cost": 1815215.18, "Plan Rows": 200, "Plan Width": 16, "Group By Key": ["c_orders.c_count"], "Plans": [{"Node Type": "Subquery Scan", "Parent Relationship": "Outer", "Alias": "c_orders", "Startup Cost": 1777713.18, "Total Cost": 1807713.18, "Plan Rows": 1500000, "Plan Width": 8, "Plans": [{"Node Type": "Aggregate", "Strategy": "Hashed", "Parent Relationship": "Subquery", "Startup Cost": 1777713.18, "Total Cost": 1792713.18, "Plan Rows": 1500000, "Plan Width": 24, "Group By Key": ["customer.c_custkey"], "Plans": [{"Node Type": "Merge Join", "Parent Relationship": "Outer", "Join Type": "Left", "Startup Cost": 0.0, "Total Cost": 1745961.6, "Plan Rows": 6350316, "Plan Width": 16, "Inner Unique": false, "Merge Cond": "(customer.c_custkey = orders.o_custkey)", "Plans": [{"Node Type": "Index Only Scan", "Parent Relationship": "Outer", "Scan Direction": "Forward", "Index Name": "customer_pkey", "Relation Name": "customer", "Alias": "customer", "Startup Cost": 0.0, "Total Cost": 43636.25, "Plan Rows": 1500000, "Plan Width": 8}, {"Node Type": "Index Scan", "Parent Relationship": "Inner", "Scan Direction": "Forward", "Index Name": "idx_orders_custkey", "Relation Name": "orders", "Alias": "orders", "Startup Cost": 0.0, "Total Cost": 1598013.99, "Plan Rows": 14844648, "Plan Width": 16, "Filter": "((o_comment)::text !~~ '%pending%deposits%'::text), (LLVM Optimized)"}]}]}]}]}]}, "Unique SQL Id": 3026328400}, "explain_analyze_plan": null}, "(64, 18)": {"explain_plan": {"Plan": {"Node Type": "Sort", "Startup Cost": 6922755.22, "Total Cost": 6922755.72, "Plan Rows": 200, "Plan Width": 16, "Sort Key": ["(count(*)) DESC", "c_orders.c_count DESC"], "Plans": [{"Node Type": "Aggregate", "Strategy": "Hashed", "Parent Relationship": "Outer", "Startup Cost": 6922745.58, "Total Cost": 6922747.58, "Plan Rows": 200, "Plan Width": 16, "Group By Key": ["c_orders.c_count"], "Plans": [{"Node Type": "Subquery Scan", "Parent Relationship": "Outer", "Alias": "c_orders", "Startup Cost": 6885245.58, "Total Cost": 6915245.58, "Plan Rows": 1500000, "Plan Width": 8, "Plans": [{"Node Type": "Aggregate", "Strategy": "Hashed", "Parent Relationship": "Subquery", "Startup Cost": 6885245.58, "Total Cost": 6900245.58, "Plan Rows": 1500000, "Plan Width": 24, "Group By Key": ["customer.c_custkey"], "Plans": [{"Node Type": "Nested Loop", "Parent Relationship": "Outer", "Join Type": "Left", "Startup Cost": 0.43, "Total Cost": 6853494.0, "Plan Rows": 6350316, "Plan Width": 16, "Inner Unique": false, "Plans": [{"Node Type": "Seq Scan", "Parent Relationship": "Outer", "Relation Name": "customer", "Alias": "customer", "Startup Cost": 0.0, "Total Cost": 52126.0, "Plan Rows": 1500000, "Plan Width": 8}, {"Node Type": "Bitmap Heap Scan", "Parent Relationship": "Inner", "Relation Name": "orders", "Alias": "orders", "Startup Cost": 0.43, "Total Cost": 4.49, "Plan Rows": 4, "Plan Width": 16, "Recheck Cond": "(customer.c_custkey = o_custkey)", "Filter": "((o_comment)::text !~~ '%pending%deposits%'::text)", "Plans": [{"Node Type": "Bitmap Index Scan", "Parent Relationship": "Outer", "Index Name": "idx_orders_custkey", "Startup Cost": 0.0, "Total Cost": 0.43, "Plan Rows": 4, "Plan Width": 0, "Index Cond": "(customer.c_custkey = o_custkey)"}]}]}]}]}]}]}, "Unique SQL Id": 3026328400}, "explain_analyze_plan": null}, "(64, 19)": {"explain_plan": {"Plan": {"Node Type": "Sort", "Startup Cost": 2990238.6, "Total Cost": 2990239.1, "Plan Rows": 200, "Plan Width": 16, "Sort Key": ["(count(*)) DESC", "c_orders.c_count DESC"], "Plans": [{"Node Type": "Aggregate", "Strategy": "Hashed", "Parent Relationship": "Outer", "Startup Cost": 2990228.95, "Total Cost": 2990230.95, "Plan Rows": 200, "Plan Width": 16, "Group By Key": ["c_orders.c_count"], "Plans": [{"Node Type": "Subquery Scan", "Parent Relationship": "Outer", "Alias": "c_orders", "Startup Cost": 2952728.95, "Total Cost": 2982728.95, "Plan Rows": 1500000, "Plan Width": 8, "Plans": [{"Node Type": "Aggregate", "Strategy": "Hashed", "Parent Relationship": "Subquery", "Startup Cost": 2952728.95, "Total Cost": 2967728.95, "Plan Rows": 1500000, "Plan Width": 24, "Group By Key": ["customer.c_custkey"], "Plans": [{"Node Type": "Merge Join", "Parent Relationship": "Outer", "Join Type": "Left", "Startup Cost": 2775753.4, "Total Cost": 2920977.37, "Plan Rows": 6350316, "Plan Width": 16, "Inner Unique": false, "Merge Cond": "(customer.c_custkey = orders.o_custkey)", "Plans": [{"Node Type": "Sort", "Parent Relationship": "Outer", "Startup Cost": 235011.23, "Total Cost": 238761.23, "Plan Rows": 1500000, "Plan Width": 8, "Sort Key": ["customer.c_custkey"], "Plans": [{"Node Type": "Bitmap Heap Scan", "Parent Relationship": "Outer", "Relation Name": "customer", "Alias": "customer", "Startup Cost": 29011.25, "Total Cost": 81137.25, "Plan Rows": 1500000, "Plan Width": 8, "Plans": [{"Node Type": "Bitmap Index Scan", "Parent Relationship": "Outer", "Index Name": "customer_pkey", "Startup Cost": 0.0, "Total Cost": 28636.25, "Plan Rows": 1500000, "Plan Width": 0}]}]}, {"Node Type": "Sort", "Parent Relationship": "Inner", "Startup Cost": 2540742.17, "Total Cost": 2577853.79, "Plan Rows": 14844648, "Plan Width": 16, "Sort Key": ["orders.o_custkey"], "Plans": [{"Node Type": "Bitmap Heap Scan", "Parent Relationship": "Outer", "Relation Name": "orders", "Alias": "orders", "Startup Cost": 308576.81, "Total Cost": 772489.29, "Plan Rows": 14844648, "Plan Width": 16, "Filter": "((o_comment)::text !~~ '%pending%deposits%'::text), (LLVM Optimized)", "Plans": [{"Node Type": "Bitmap Index Scan", "Parent Relationship": "Outer", "Index Name": "idx_orders_custkey", "Startup Cost": 0.0, "Total Cost": 304865.65, "Plan Rows": 14999479, "Plan Width": 0}]}]}]}]}]}]}]}, "Unique SQL Id": 3026328400}, "explain_analyze_plan": null}, "(64, 20)": {"explain_plan": {"Plan": {"Node Type": "Sort", "Startup Cost": 1852351.93, "Total Cost": 1852352.43, "Plan Rows": 200, "Plan Width": 16, "Sort Key": ["(count(*)) DESC", "c_orders.c_count DESC"], "Plans": [{"Node Type": "Aggregate", "Strategy": "Hashed", "Parent Relationship": "Outer", "Startup Cost": 1852342.28, "Total Cost": 1852344.28, "Plan Rows": 200, "Plan Width": 16, "Group By Key": ["c_orders.c_count"], "Plans": [{"Node Type": "Subquery Scan", "Parent Relationship": "Outer", "Alias": "c_orders", "Startup Cost": 1814842.28, "Total Cost": 1844842.28, "Plan Rows": 1500000, "Plan Width": 8, "Plans": [{"Node Type": "Aggregate", "Strategy": "Hashed", "Parent Relationship": "Subquery", "Startup Cost": 1814842.28, "Total Cost": 1829842.28, "Plan Rows": 1500000, "Plan Width": 24, "Group By Key": ["customer.c_custkey"], "Plans": [{"Node Type": "Merge Join", "Parent Relationship": "Outer", "Join Type": "Left", "Startup Cost": 0.0, "Total Cost": 1783090.7, "Plan Rows": 6350316, "Plan Width": 16, "Inner Unique": false, "Merge Cond": "(customer.c_custkey = orders.o_custkey)", "Plans": [{"Node Type": "Index Scan", "Parent Relationship": "Outer", "Scan Direction": "Forward", "Index Name": "customer_pkey", "Relation Name": "customer", "Alias": "customer", "Startup Cost": 0.0, "Total Cost": 80765.36, "Plan Rows": 1500000, "Plan Width": 8}, {"Node Type": "Index Scan", "Parent Relationship": "Inner", "Scan Direction": "Forward", "Index Name": "idx_orders_custkey", "Relation Name": "orders", "Alias": "orders", "Startup Cost": 0.0, "Total Cost": 1598013.99, "Plan Rows": 14844648, "Plan Width": 16, "Filter": "((o_comment)::text !~~ '%pending%deposits%'::text), (LLVM Optimized)"}]}]}]}]}]}, "Unique SQL Id": 3026328400}, "explain_analyze_plan": null}, "(64, 21)": {"explain_plan": {"Plan": {"Node Type": "Sort", "Startup Cost": 1852351.93, "Total Cost": 1852352.43, "Plan Rows": 200, "Plan Width": 16, "Sort Key": ["(count(*)) DESC", "c_orders.c_count DESC"], "Plans": [{"Node Type": "Aggregate", "Strategy": "Hashed", "Parent Relationship": "Outer", "Startup Cost": 1852342.28, "Total Cost": 1852344.28, "Plan Rows": 200, "Plan Width": 16, "Group By Key": ["c_orders.c_count"], "Plans": [{"Node Type": "Subquery Scan", "Parent Relationship": "Outer", "Alias": "c_orders", "Startup Cost": 1814842.28, "Total Cost": 1844842.28, "Plan Rows": 1500000, "Plan Width": 8, "Plans": [{"Node Type": "Aggregate", "Strategy": "Hashed", "Parent Relationship": "Subquery", "Startup Cost": 1814842.28, "Total Cost": 1829842.28, "Plan Rows": 1500000, "Plan Width": 24, "Group By Key": ["customer.c_custkey"], "Plans": [{"Node Type": "Merge Join", "Parent Relationship": "Outer", "Join Type": "Left", "Startup Cost": 0.0, "Total Cost": 1783090.7, "Plan Rows": 6350316, "Plan Width": 16, "Inner Unique": false, "Merge Cond": "(customer.c_custkey = orders.o_custkey)", "Plans": [{"Node Type": "Index Scan", "Parent Relationship": "Outer", "Scan Direction": "Forward", "Index Name": "customer_pkey", "Relation Name": "customer", "Alias": "customer", "Startup Cost": 0.0, "Total Cost": 80765.36, "Plan Rows": 1500000, "Plan Width": 8}, {"Node Type": "Index Scan", "Parent Relationship": "Inner", "Scan Direction": "Forward", "Index Name": "idx_orders_custkey", "Relation Name": "orders", "Alias": "orders", "Startup Cost": 0.0, "Total Cost": 1598013.99, "Plan Rows": 14844648, "Plan Width": 16, "Filter": "((o_comment)::text !~~ '%pending%deposits%'::text), (LLVM Optimized)"}]}]}]}]}]}, "Unique SQL Id": 3026328400}, "explain_analyze_plan": null}, "(64, 22)": {"explain_plan": {"Plan": {"Node Type": "Sort", "Startup Cost": 6922755.22, "Total Cost": 6922755.72, "Plan Rows": 200, "Plan Width": 16, "Sort Key": ["(count(*)) DESC", "c_orders.c_count DESC"], "Plans": [{"Node Type": "Aggregate", "Strategy": "Hashed", "Parent Relationship": "Outer", "Startup Cost": 6922745.58, "Total Cost": 6922747.58, "Plan Rows": 200, "Plan Width": 16, "Group By Key": ["c_orders.c_count"], "Plans": [{"Node Type": "Subquery Scan", "Parent Relationship": "Outer", "Alias": "c_orders", "Startup Cost": 6885245.58, "Total Cost": 6915245.58, "Plan Rows": 1500000, "Plan Width": 8, "Plans": [{"Node Type": "Aggregate", "Strategy": "Hashed", "Parent Relationship": "Subquery", "Startup Cost": 6885245.58, "Total Cost": 6900245.58, "Plan Rows": 1500000, "Plan Width": 24, "Group By Key": ["customer.c_custkey"], "Plans": [{"Node Type": "Nested Loop", "Parent Relationship": "Outer", "Join Type": "Left", "Startup Cost": 0.43, "Total Cost": 6853494.0, "Plan Rows": 6350316, "Plan Width": 16, "Inner Unique": false, "Plans": [{"Node Type": "Seq Scan", "Parent Relationship": "Outer", "Relation Name": "customer", "Alias": "customer", "Startup Cost": 0.0, "Total Cost": 52126.0, "Plan Rows": 1500000, "Plan Width": 8}, {"Node Type": "Bitmap Heap Scan", "Parent Relationship": "Inner", "Relation Name": "orders", "Alias": "orders", "Startup Cost": 0.43, "Total Cost": 4.49, "Plan Rows": 4, "Plan Width": 16, "Recheck Cond": "(customer.c_custkey = o_custkey)", "Filter": "((o_comment)::text !~~ '%pending%deposits%'::text)", "Plans": [{"Node Type": "Bitmap Index Scan", "Parent Relationship": "Outer", "Index Name": "idx_orders_custkey", "Startup Cost": 0.0, "Total Cost": 0.43, "Plan Rows": 4, "Plan Width": 0, "Index Cond": "(customer.c_custkey = o_custkey)"}]}]}]}]}]}]}, "Unique SQL Id": 3026328400}, "explain_analyze_plan": null}, "(64, 23)": {"explain_plan": {"Plan": {"Node Type": "Sort", "Startup Cost": 2990238.6, "Total Cost": 2990239.1, "Plan Rows": 200, "Plan Width": 16, "Sort Key": ["(count(*)) DESC", "c_orders.c_count DESC"], "Plans": [{"Node Type": "Aggregate", "Strategy": "Hashed", "Parent Relationship": "Outer", "Startup Cost": 2990228.95, "Total Cost": 2990230.95, "Plan Rows": 200, "Plan Width": 16, "Group By Key": ["c_orders.c_count"], "Plans": [{"Node Type": "Subquery Scan", "Parent Relationship": "Outer", "Alias": "c_orders", "Startup Cost": 2952728.95, "Total Cost": 2982728.95, "Plan Rows": 1500000, "Plan Width": 8, "Plans": [{"Node Type": "Aggregate", "Strategy": "Hashed", "Parent Relationship": "Subquery", "Startup Cost": 2952728.95, "Total Cost": 2967728.95, "Plan Rows": 1500000, "Plan Width": 24, "Group By Key": ["customer.c_custkey"], "Plans": [{"Node Type": "Merge Join", "Parent Relationship": "Outer", "Join Type": "Left", "Startup Cost": 2775753.4, "Total Cost": 2920977.37, "Plan Rows": 6350316, "Plan Width": 16, "Inner Unique": false, "Merge Cond": "(customer.c_custkey = orders.o_custkey)", "Plans": [{"Node Type": "Sort", "Parent Relationship": "Outer", "Startup Cost": 235011.23, "Total Cost": 238761.23, "Plan Rows": 1500000, "Plan Width": 8, "Sort Key": ["customer.c_custkey"], "Plans": [{"Node Type": "Bitmap Heap Scan", "Parent Relationship": "Outer", "Relation Name": "customer", "Alias": "customer", "Startup Cost": 29011.25, "Total Cost": 81137.25, "Plan Rows": 1500000, "Plan Width": 8, "Plans": [{"Node Type": "Bitmap Index Scan", "Parent Relationship": "Outer", "Index Name": "customer_pkey", "Startup Cost": 0.0, "Total Cost": 28636.25, "Plan Rows": 1500000, "Plan Width": 0}]}]}, {"Node Type": "Sort", "Parent Relationship": "Inner", "Startup Cost": 2540742.17, "Total Cost": 2577853.79, "Plan Rows": 14844648, "Plan Width": 16, "Sort Key": ["orders.o_custkey"], "Plans": [{"Node Type": "Bitmap Heap Scan", "Parent Relationship": "Outer", "Relation Name": "orders", "Alias": "orders", "Startup Cost": 308576.81, "Total Cost": 772489.29, "Plan Rows": 14844648, "Plan Width": 16, "Filter": "((o_comment)::text !~~ '%pending%deposits%'::text), (LLVM Optimized)", "Plans": [{"Node Type": "Bitmap Index Scan", "Parent Relationship": "Outer", "Index Name": "idx_orders_custkey", "Startup Cost": 0.0, "Total Cost": 304865.65, "Plan Rows": 14999479, "Plan Width": 0}]}]}]}]}]}]}]}, "Unique SQL Id": 3026328400}, "explain_analyze_plan": null}, "(64, 24)": {"explain_plan": {"Plan": {"Node Type": "Sort", "Startup Cost": 1815222.82, "Total Cost": 1815223.32, "Plan Rows": 200, "Plan Width": 16, "Sort Key": ["(count(*)) DESC", "c_orders.c_count DESC"], "Plans": [{"Node Type": "Aggregate", "Strategy": "Hashed", "Parent Relationship": "Outer", "Startup Cost": 1815213.18, "Total Cost": 1815215.18, "Plan Rows": 200, "Plan Width": 16, "Group By Key": ["c_orders.c_count"], "Plans": [{"Node Type": "Subquery Scan", "Parent Relationship": "Outer", "Alias": "c_orders", "Startup Cost": 1777713.18, "Total Cost": 1807713.18, "Plan Rows": 1500000, "Plan Width": 8, "Plans": [{"Node Type": "Aggregate", "Strategy": "Hashed", "Parent Relationship": "Subquery", "Startup Cost": 1777713.18, "Total Cost": 1792713.18, "Plan Rows": 1500000, "Plan Width": 24, "Group By Key": ["customer.c_custkey"], "Plans": [{"Node Type": "Merge Join", "Parent Relationship": "Outer", "Join Type": "Left", "Startup Cost": 0.0, "Total Cost": 1745961.6, "Plan Rows": 6350316, "Plan Width": 16, "Inner Unique": false, "Merge Cond": "(customer.c_custkey = orders.o_custkey)", "Plans": [{"Node Type": "Index Only Scan", "Parent Relationship": "Outer", "Scan Direction": "Forward", "Index Name": "customer_pkey", "Relation Name": "customer", "Alias": "customer", "Startup Cost": 0.0, "Total Cost": 43636.25, "Plan Rows": 1500000, "Plan Width": 8}, {"Node Type": "Index Scan", "Parent Relationship": "Inner", "Scan Direction": "Forward", "Index Name": "idx_orders_custkey", "Relation Name": "orders", "Alias": "orders", "Startup Cost": 0.0, "Total Cost": 1598013.99, "Plan Rows": 14844648, "Plan Width": 16, "Filter": "((o_comment)::text !~~ '%pending%deposits%'::text), (LLVM Optimized)"}]}]}]}]}]}, "Unique SQL Id": 3026328400}, "explain_analyze_plan": null}, "(64, 25)": {"explain_plan": {"Plan": {"Node Type": "Sort", "Startup Cost": 1815222.82, "Total Cost": 1815223.32, "Plan Rows": 200, "Plan Width": 16, "Sort Key": ["(count(*)) DESC", "c_orders.c_count DESC"], "Plans": [{"Node Type": "Aggregate", "Strategy": "Hashed", "Parent Relationship": "Outer", "Startup Cost": 1815213.18, "Total Cost": 1815215.18, "Plan Rows": 200, "Plan Width": 16, "Group By Key": ["c_orders.c_count"], "Plans": [{"Node Type": "Subquery Scan", "Parent Relationship": "Outer", "Alias": "c_orders", "Startup Cost": 1777713.18, "Total Cost": 1807713.18, "Plan Rows": 1500000, "Plan Width": 8, "Plans": [{"Node Type": "Aggregate", "Strategy": "Hashed", "Parent Relationship": "Subquery", "Startup Cost": 1777713.18, "Total Cost": 1792713.18, "Plan Rows": 1500000, "Plan Width": 24, "Group By Key": ["customer.c_custkey"], "Plans": [{"Node Type": "Merge Join", "Parent Relationship": "Outer", "Join Type": "Left", "Startup Cost": 0.0, "Total Cost": 1745961.6, "Plan Rows": 6350316, "Plan Width": 16, "Inner Unique": false, "Merge Cond": "(customer.c_custkey = orders.o_custkey)", "Plans": [{"Node Type": "Index Only Scan", "Parent Relationship": "Outer", "Scan Direction": "Forward", "Index Name": "customer_pkey", "Relation Name": "customer", "Alias": "customer", "Startup Cost": 0.0, "Total Cost": 43636.25, "Plan Rows": 1500000, "Plan Width": 8}, {"Node Type": "Index Scan", "Parent Relationship": "Inner", "Scan Direction": "Forward", "Index Name": "idx_orders_custkey", "Relation Name": "orders", "Alias": "orders", "Startup Cost": 0.0, "Total Cost": 1598013.99, "Plan Rows": 14844648, "Plan Width": 16, "Filter": "((o_comment)::text !~~ '%pending%deposits%'::text), (LLVM Optimized)"}]}]}]}]}]}, "Unique SQL Id": 3026328400}, "explain_analyze_plan": null}, "(64, 26)": {"explain_plan": {"Plan": {"Node Type": "Sort", "Startup Cost": 81883909.55, "Total Cost": 81883910.05, "Plan Rows": 200, "Plan Width": 16, "Sort Key": ["(pg_catalog.count(*)) DESC", "c_orders.c_count DESC"], "Plans": [{"Node Type": "Streaming(type: LOCAL GATHER dop: 1/64)", "Parent Relationship": "Outer", "Startup Cost": 81883901.36, "Total Cost": 81883901.9, "Plan Rows": 200, "Plan Width": 16, "Plans": [{"Node Type": "Aggregate", "Strategy": "Hashed", "Parent Relationship": "Outer", "Startup Cost": 81883901.36, "Total Cost": 81883901.39, "Plan Rows": 200, "Plan Width": 16, "Group By Key": ["c_orders.c_count"], "Plans": [{"Node Type": "Streaming(type: LOCAL REDISTRIBUTE dop: 64/64)", "Parent Relationship": "Outer", "Startup Cost": 81883895.75, "Total Cost": 81883901.34, "Plan Rows": 200, "Plan Width": 16, "Plans": [{"Node Type": "Aggregate", "Strategy": "Hashed", "Parent Relationship": "Outer", "Startup Cost": 81883895.75, "Total Cost": 81883895.78, "Plan Rows": 200, "Plan Width": 16, "Group By Key": ["c_orders.c_count"], "Plans": [{"Node Type": "Subquery Scan", "Parent Relationship": "Outer", "Alias": "c_orders", "Startup Cost": 81868544.18, "Total Cost": 81883778.56, "Plan Rows": 1500000, "Plan Width": 8, "Plans": [{"Node Type": "Aggregate", "Strategy": "Hashed", "Parent Relationship": "Subquery", "Startup Cost": 81868544.18, "Total Cost": 81868778.56, "Plan Rows": 1500000, "Plan Width": 24, "Group By Key": ["customer.c_custkey"], "Plans": [{"Node Type": "Nested Loop", "Parent Relationship": "Outer", "Join Type": "Left", "Startup Cost": 0.0, "Total Cost": 81868048.06, "Plan Rows": 6350316, "Plan Width": 16, "Inner Unique": false, "Join Filter": "(customer.c_custkey = orders.o_custkey), (LLVM Optimized)", "Plans": [{"Node Type": "Streaming(type: LOCAL REDISTRIBUTE dop: 64/1)", "Parent Relationship": "Outer", "Startup Cost": 0.0, "Total Cost": 176070.82, "Plan Rows": 1500000, "Plan Width": 8, "Plans": [{"Node Type": "Seq Scan", "Parent Relationship": "Outer", "Relation Name": "customer", "Alias": "customer", "Startup Cost": 0.0, "Total Cost": 52126.0, "Plan Rows": 1500000, "Plan Width": 8}]}, {"Node Type": "Materialize", "Parent Relationship": "Inner", "Startup Cost": 0.0, "Total Cost": 148470.2, "Plan Rows": 14844648, "Plan Width": 16, "Plans": [{"Node Type": "Streaming(type: LOCAL REDISTRIBUTE dop: 64/64)", "Parent Relationship": "Outer", "Startup Cost": 0.0, "Total Cost": 147310.46, "Plan Rows": 14844648, "Plan Width": 16, "Plans": [{"Node Type": "Seq Scan", "Parent Relationship": "Outer", "Relation Name": "orders", "Alias": "orders", "Startup Cost": 0.0, "Total Cost": 70248.63, "Plan Rows": 14844648, "Plan Width": 16, "Filter": "((o_comment)::text !~~ '%pending%deposits%'::text), (LLVM Optimized)"}]}]}]}]}]}]}]}]}]}]}, "Unique SQL Id": 3026328400}, "explain_analyze_plan": null}, "(64, 27)": {"explain_plan": {"Plan": {"Node Type": "Sort", "Startup Cost": 2000131988437.04, "Total Cost": 2000131988437.54, "Plan Rows": 200, "Plan Width": 16, "Sort Key": ["(count(*)) DESC", "c_orders.c_count DESC"], "Plans": [{"Node Type": "Aggregate", "Strategy": "Hashed", "Parent Relationship": "Outer", "Startup Cost": 2000131988427.4, "Total Cost": 2000131988429.4, "Plan Rows": 200, "Plan Width": 16, "Group By Key": ["c_orders.c_count"], "Plans": [{"Node Type": "Subquery Scan", "Parent Relationship": "Outer", "Alias": "c_orders", "Startup Cost": 2000131950927.4, "Total Cost": 2000131980927.4, "Plan Rows": 1500000, "Plan Width": 8, "Plans": [{"Node Type": "Aggregate", "Strategy": "Hashed", "Parent Relationship": "Subquery", "Startup Cost": 2000131950927.4, "Total Cost": 2000131965927.4, "Plan Rows": 1500000, "Plan Width": 24, "Group By Key": ["customer.c_custkey"], "Plans": [{"Node Type": "Merge Join", "Parent Relationship": "Outer", "Join Type": "Left", "Startup Cost": 20000000000.0, "Total Cost": 2000131919175.82, "Plan Rows": 6350316, "Plan Width": 16, "Inner Unique": false, "Merge Cond": "(customer.c_custkey = orders.o_custkey)", "Plans": [{"Node Type": "Index Only Scan", "Parent Relationship": "Outer", "Scan Direction": "Forward", "Index Name": "customer_pkey", "Relation Name": "customer", "Alias": "customer", "Startup Cost": 10000000000.0, "Total Cost": 1000004363625.0, "Plan Rows": 1500000, "Plan Width": 8}, {"Node Type": "Index Scan", "Parent Relationship": "Inner", "Scan Direction": "Forward", "Index Name": "idx_orders_custkey", "Relation Name": "orders", "Alias": "orders", "Startup Cost": 10000000000.0, "Total Cost": 1000159801398.83, "Plan Rows": 14844648, "Plan Width": 16, "Filter": "((o_comment)::text !~~ '%pending%deposits%'::text), (LLVM Optimized)"}]}]}]}]}]}, "Unique SQL Id": 3026328400}, "explain_analyze_plan": null}, "(64, 28)": {"explain_plan": {"Plan": {"Node Type": "Sort", "Startup Cost": 1852351.93, "Total Cost": 1852352.43, "Plan Rows": 200, "Plan Width": 16, "Sort Key": ["(count(*)) DESC", "c_orders.c_count DESC"], "Plans": [{"Node Type": "Aggregate", "Strategy": "Hashed", "Parent Relationship": "Outer", "Startup Cost": 1852342.28, "Total Cost": 1852344.28, "Plan Rows": 200, "Plan Width": 16, "Group By Key": ["c_orders.c_count"], "Plans": [{"Node Type": "Subquery Scan", "Parent Relationship": "Outer", "Alias": "c_orders", "Startup Cost": 1814842.28, "Total Cost": 1844842.28, "Plan Rows": 1500000, "Plan Width": 8, "Plans": [{"Node Type": "Aggregate", "Strategy": "Hashed", "Parent Relationship": "Subquery", "Startup Cost": 1814842.28, "Total Cost": 1829842.28, "Plan Rows": 1500000, "Plan Width": 24, "Group By Key": ["customer.c_custkey"], "Plans": [{"Node Type": "Merge Join", "Parent Relationship": "Outer", "Join Type": "Left", "Startup Cost": 0.0, "Total Cost": 1783090.7, "Plan Rows": 6350316, "Plan Width": 16, "Inner Unique": false, "Merge Cond": "(customer.c_custkey = orders.o_custkey)", "Plans": [{"Node Type": "Index Scan", "Parent Relationship": "Outer", "Scan Direction": "Forward", "Index Name": "customer_pkey", "Relation Name": "customer", "Alias": "customer", "Startup Cost": 0.0, "Total Cost": 80765.36, "Plan Rows": 1500000, "Plan Width": 8}, {"Node Type": "Index Scan", "Parent Relationship": "Inner", "Scan Direction": "Forward", "Index Name": "idx_orders_custkey", "Relation Name": "orders", "Alias": "orders", "Startup Cost": 0.0, "Total Cost": 1598013.99, "Plan Rows": 14844648, "Plan Width": 16, "Filter": "((o_comment)::text !~~ '%pending%deposits%'::text), (LLVM Optimized)"}]}]}]}]}]}, "Unique SQL Id": 3026328400}, "explain_analyze_plan": null}, "(64, 29)": {"explain_plan": {"Plan": {"Node Type": "Sort", "Startup Cost": 1852351.93, "Total Cost": 1852352.43, "Plan Rows": 200, "Plan Width": 16, "Sort Key": ["(count(*)) DESC", "c_orders.c_count DESC"], "Plans": [{"Node Type": "Aggregate", "Strategy": "Hashed", "Parent Relationship": "Outer", "Startup Cost": 1852342.28, "Total Cost": 1852344.28, "Plan Rows": 200, "Plan Width": 16, "Group By Key": ["c_orders.c_count"], "Plans": [{"Node Type": "Subquery Scan", "Parent Relationship": "Outer", "Alias": "c_orders", "Startup Cost": 1814842.28, "Total Cost": 1844842.28, "Plan Rows": 1500000, "Plan Width": 8, "Plans": [{"Node Type": "Aggregate", "Strategy": "Hashed", "Parent Relationship": "Subquery", "Startup Cost": 1814842.28, "Total Cost": 1829842.28, "Plan Rows": 1500000, "Plan Width": 24, "Group By Key": ["customer.c_custkey"], "Plans": [{"Node Type": "Merge Join", "Parent Relationship": "Outer", "Join Type": "Left", "Startup Cost": 0.0, "Total Cost": 1783090.7, "Plan Rows": 6350316, "Plan Width": 16, "Inner Unique": false, "Merge Cond": "(customer.c_custkey = orders.o_custkey)", "Plans": [{"Node Type": "Index Scan", "Parent Relationship": "Outer", "Scan Direction": "Forward", "Index Name": "customer_pkey", "Relation Name": "customer", "Alias": "customer", "Startup Cost": 0.0, "Total Cost": 80765.36, "Plan Rows": 1500000, "Plan Width": 8}, {"Node Type": "Index Scan", "Parent Relationship": "Inner", "Scan Direction": "Forward", "Index Name": "idx_orders_custkey", "Relation Name": "orders", "Alias": "orders", "Startup Cost": 0.0, "Total Cost": 1598013.99, "Plan Rows": 14844648, "Plan Width": 16, "Filter": "((o_comment)::text !~~ '%pending%deposits%'::text), (LLVM Optimized)"}]}]}]}]}]}, "Unique SQL Id": 3026328400}, "explain_analyze_plan": null}, "(64, 30)": {"explain_plan": {"Plan": {"Node Type": "Sort", "Startup Cost": 81883909.55, "Total Cost": 81883910.05, "Plan Rows": 200, "Plan Width": 16, "Sort Key": ["(pg_catalog.count(*)) DESC", "c_orders.c_count DESC"], "Plans": [{"Node Type": "Streaming(type: LOCAL GATHER dop: 1/64)", "Parent Relationship": "Outer", "Startup Cost": 81883901.36, "Total Cost": 81883901.9, "Plan Rows": 200, "Plan Width": 16, "Plans": [{"Node Type": "Aggregate", "Strategy": "Hashed", "Parent Relationship": "Outer", "Startup Cost": 81883901.36, "Total Cost": 81883901.39, "Plan Rows": 200, "Plan Width": 16, "Group By Key": ["c_orders.c_count"], "Plans": [{"Node Type": "Streaming(type: LOCAL REDISTRIBUTE dop: 64/64)", "Parent Relationship": "Outer", "Startup Cost": 81883895.75, "Total Cost": 81883901.34, "Plan Rows": 200, "Plan Width": 16, "Plans": [{"Node Type": "Aggregate", "Strategy": "Hashed", "Parent Relationship": "Outer", "Startup Cost": 81883895.75, "Total Cost": 81883895.78, "Plan Rows": 200, "Plan Width": 16, "Group By Key": ["c_orders.c_count"], "Plans": [{"Node Type": "Subquery Scan", "Parent Relationship": "Outer", "Alias": "c_orders", "Startup Cost": 81868544.18, "Total Cost": 81883778.56, "Plan Rows": 1500000, "Plan Width": 8, "Plans": [{"Node Type": "Aggregate", "Strategy": "Hashed", "Parent Relationship": "Subquery", "Startup Cost": 81868544.18, "Total Cost": 81868778.56, "Plan Rows": 1500000, "Plan Width": 24, "Group By Key": ["customer.c_custkey"], "Plans": [{"Node Type": "Nested Loop", "Parent Relationship": "Outer", "Join Type": "Left", "Startup Cost": 0.0, "Total Cost": 81868048.06, "Plan Rows": 6350316, "Plan Width": 16, "Inner Unique": false, "Join Filter": "(customer.c_custkey = orders.o_custkey), (LLVM Optimized)", "Plans": [{"Node Type": "Streaming(type: LOCAL REDISTRIBUTE dop: 64/1)", "Parent Relationship": "Outer", "Startup Cost": 0.0, "Total Cost": 176070.82, "Plan Rows": 1500000, "Plan Width": 8, "Plans": [{"Node Type": "Seq Scan", "Parent Relationship": "Outer", "Relation Name": "customer", "Alias": "customer", "Startup Cost": 0.0, "Total Cost": 52126.0, "Plan Rows": 1500000, "Plan Width": 8}]}, {"Node Type": "Materialize", "Parent Relationship": "Inner", "Startup Cost": 0.0, "Total Cost": 148470.2, "Plan Rows": 14844648, "Plan Width": 16, "Plans": [{"Node Type": "Streaming(type: LOCAL REDISTRIBUTE dop: 64/64)", "Parent Relationship": "Outer", "Startup Cost": 0.0, "Total Cost": 147310.46, "Plan Rows": 14844648, "Plan Width": 16, "Plans": [{"Node Type": "Seq Scan", "Parent Relationship": "Outer", "Relation Name": "orders", "Alias": "orders", "Startup Cost": 0.0, "Total Cost": 70248.63, "Plan Rows": 14844648, "Plan Width": 16, "Filter": "((o_comment)::text !~~ '%pending%deposits%'::text), (LLVM Optimized)"}]}]}]}]}]}]}]}]}]}]}, "Unique SQL Id": 3026328400}, "explain_analyze_plan": null}, "(64, 31)": {"explain_plan": {"Plan": {"Node Type": "Sort", "Startup Cost": 2000135701347.66, "Total Cost": 2000135701348.16, "Plan Rows": 200, "Plan Width": 16, "Sort Key": ["(count(*)) DESC", "c_orders.c_count DESC"], "Plans": [{"Node Type": "Aggregate", "Strategy": "Hashed", "Parent Relationship": "Outer", "Startup Cost": 2000135701338.02, "Total Cost": 2000135701340.02, "Plan Rows": 200, "Plan Width": 16, "Group By Key": ["c_orders.c_count"], "Plans": [{"Node Type": "Subquery Scan", "Parent Relationship": "Outer", "Alias": "c_orders", "Startup Cost": 2000135663838.02, "Total Cost": 2000135693838.02, "Plan Rows": 1500000, "Plan Width": 8, "Plans": [{"Node Type": "Aggregate", "Strategy": "Hashed", "Parent Relationship": "Subquery", "Startup Cost": 2000135663838.02, "Total Cost": 2000135678838.02, "Plan Rows": 1500000, "Plan Width": 24, "Group By Key": ["customer.c_custkey"], "Plans": [{"Node Type": "Merge Join", "Parent Relationship": "Outer", "Join Type": "Left", "Startup Cost": 20000000000.0, "Total Cost": 2000135632086.44, "Plan Rows": 6350316, "Plan Width": 16, "Inner Unique": false, "Merge Cond": "(customer.c_custkey = orders.o_custkey)", "Plans": [{"Node Type": "Index Scan", "Parent Relationship": "Outer", "Scan Direction": "Forward", "Index Name": "customer_pkey", "Relation Name": "customer", "Alias": "customer", "Startup Cost": 10000000000.0, "Total Cost": 1000008076535.62, "Plan Rows": 1500000, "Plan Width": 8}, {"Node Type": "Index Scan", "Parent Relationship": "Inner", "Scan Direction": "Forward", "Index Name": "idx_orders_custkey", "Relation Name": "orders", "Alias": "orders", "Startup Cost": 10000000000.0, "Total Cost": 1000159801398.83, "Plan Rows": 14844648, "Plan Width": 16, "Filter": "((o_comment)::text !~~ '%pending%deposits%'::text), (LLVM Optimized)"}]}]}]}]}]}, "Unique SQL Id": 3026328400}, "explain_analyze_plan": null}, "(64, 32)": {"explain_plan": {"Plan": {"Node Type": "Sort", "Startup Cost": 335025.46, "Total Cost": 335025.96, "Plan Rows": 200, "Plan Width": 16, "Sort Key": ["(pg_catalog.count(*)) DESC", "c_orders.c_count DESC"], "Plans": [{"Node Type": "Streaming(type: LOCAL GATHER dop: 1/64)", "Parent Relationship": "Outer", "Startup Cost": 335017.27, "Total Cost": 335017.82, "Plan Rows": 200, "Plan Width": 16, "Plans": [{"Node Type": "Aggregate", "Strategy": "Hashed", "Parent Relationship": "Outer", "Startup Cost": 335017.27, "Total Cost": 335017.3, "Plan Rows": 200, "Plan Width": 16, "Group By Key": ["c_orders.c_count"], "Plans": [{"Node Type": "Streaming(type: LOCAL REDISTRIBUTE dop: 64/64)", "Parent Relationship": "Outer", "Startup Cost": 335011.66, "Total Cost": 335017.26, "Plan Rows": 200, "Plan Width": 16, "Plans": [{"Node Type": "Aggregate", "Strategy": "Hashed", "Parent Relationship": "Outer", "Startup Cost": 335011.66, "Total Cost": 335011.7, "Plan Rows": 200, "Plan Width": 16, "Group By Key": ["c_orders.c_count"], "Plans": [{"Node Type": "Subquery Scan", "Parent Relationship": "Outer", "Alias": "c_orders", "Startup Cost": 319660.1, "Total Cost": 334894.48, "Plan Rows": 1500000, "Plan Width": 8, "Plans": [{"Node Type": "Aggregate", "Strategy": "Hashed", "Parent Relationship": "Subquery", "Startup Cost": 319660.1, "Total Cost": 319894.48, "Plan Rows": 1500000, "Plan Width": 24, "Group By Key": ["customer.c_custkey"], "Plans": [{"Node Type": "Hash Join", "Parent Relationship": "Outer", "Join Type": "Left", "Startup Cost": 150209.8, "Total Cost": 319163.98, "Plan Rows": 6350316, "Plan Width": 16, "Inner Unique": false, "Hash Cond": "(customer.c_custkey = orders.o_custkey), (LLVM Optimized)", "Plans": [{"Node Type": "Streaming(type: LOCAL REDISTRIBUTE dop: 64/1)", "Parent Relationship": "Outer", "Startup Cost": 0.0, "Total Cost": 167581.07, "Plan Rows": 1500000, "Plan Width": 8, "Plans": [{"Node Type": "Index Only Scan", "Parent Relationship": "Outer", "Scan Direction": "Forward", "Index Name": "customer_pkey", "Relation Name": "customer", "Alias": "customer", "Startup Cost": 0.0, "Total Cost": 43636.25, "Plan Rows": 1500000, "Plan Width": 8}]}, {"Node Type": "Hash", "Parent Relationship": "Inner", "Startup Cost": 147310.46, "Total Cost": 147310.46, "Plan Rows": 14844648, "Plan Width": 16, "Plans": [{"Node Type": "Streaming(type: LOCAL REDISTRIBUTE dop: 64/64)", "Parent Relationship": "Outer", "Startup Cost": 0.0, "Total Cost": 147310.46, "Plan Rows": 14844648, "Plan Width": 16, "Plans": [{"Node Type": "Seq Scan", "Parent Relationship": "Outer", "Relation Name": "orders", "Alias": "orders", "Startup Cost": 0.0, "Total Cost": 70248.63, "Plan Rows": 14844648, "Plan Width": 16, "Filter": "((o_comment)::text !~~ '%pending%deposits%'::text), (LLVM Optimized)"}]}]}]}]}]}]}]}]}]}]}, "Unique SQL Id": 3026328400}, "explain_analyze_plan": {"Plan": {"Node Type": "Sort", "Startup Cost": 335025.46, "Total Cost": 335025.96, "Plan Rows": 200, "Plan Width": 16, "Actual Min Startup Time": 2750.584, "Actual Max Startup Time": 2750.584, "Actual Min Total Time": 2750.589, "Actual Max Total Time": 2750.589, "Actual Total Rows": 46, "Sort Key": ["(pg_catalog.count(*)) DESC", "c_orders.c_count DESC"], "Sort Method": "quicksort", "Sort Space Min Used": 27, "Sort Space Max Used": 27, "Sort Space Type": "Memory", "Plans": [{"Node Type": "Streaming(type: LOCAL GATHER dop: 1/64)", "Parent Relationship": "Outer", "Startup Cost": 335017.27, "Total Cost": 335017.82, "Plan Rows": 200, "Plan Width": 16, "Actual Min Startup Time": 2749.258, "Actual Max Startup Time": 2749.258, "Actual Min Total Time": 2750.528, "Actual Max Total Time": 2750.528, "Actual Total Rows": 46, "Plans": [{"Node Type": "Aggregate", "Strategy": "Hashed", "Parent Relationship": "Outer", "Startup Cost": 335017.27, "Total Cost": 335017.3, "Plan Rows": 200, "Plan Width": 16, "Actual Min Startup Time": 2431.645, "Actual Max Startup Time": 2514.215, "Actual Min Total Time": 2431.646, "Actual Max Total Time": 2514.215, "Actual Total Rows": 46, "Group By Key": ["c_orders.c_count"], "Plans": [{"Node Type": "Streaming(type: LOCAL REDISTRIBUTE dop: 64/64)", "Parent Relationship": "Outer", "Startup Cost": 335011.66, "Total Cost": 335017.26, "Plan Rows": 200, "Plan Width": 16, "Actual Min Startup Time": 2425.312, "Actual Max Startup Time": 2514.208, "Actual Min Total Time": 2431.542, "Actual Max Total Time": 2514.208, "Actual Total Rows": 2480, "Plans": [{"Node Type": "Aggregate", "Strategy": "Hashed", "Parent Relationship": "Outer", "Startup Cost": 335011.66, "Total Cost": 335011.7, "Plan Rows": 200, "Plan Width": 16, "Actual Min Startup Time": 2241.851, "Actual Max Startup Time": 2525.81, "Actual Min Total Time": 2241.859, "Actual Max Total Time": 2525.818, "Actual Total Rows": 2480, "Group By Key": ["c_orders.c_count"], "Plans": [{"Node Type": "Subquery Scan", "Parent Relationship": "Outer", "Alias": "c_orders", "Startup Cost": 319660.1, "Total Cost": 334894.48, "Plan Rows": 1500000, "Plan Width": 8, "Actual Min Startup Time": 2221.676, "Actual Max Startup Time": 2506.536, "Actual Min Total Time": 2234.332, "Actual Max Total Time": 2519.008, "Actual Total Rows": 1500000, "Plans": [{"Node Type": "Aggregate", "Strategy": "Hashed", "Parent Relationship": "Subquery", "Startup Cost": 319660.1, "Total Cost": 319894.48, "Plan Rows": 1500000, "Plan Width": 24, "Actual Min Startup Time": 2221.673, "Actual Max Startup Time": 2506.533, "Actual Min Total Time": 2230.128, "Actual Max Total Time": 2514.786, "Actual Total Rows": 1500000, "Group By Key": ["customer.c_custkey"], "Plans": [{"Node Type": "Hash Join", "Parent Relationship": "Outer", "Join Type": "Left", "Startup Cost": 150209.8, "Total Cost": 319163.98, "Plan Rows": 6350316, "Plan Width": 16, "Actual Min Startup Time": 636.606, "Actual Max Startup Time": 919.507, "Actual Min Total Time": 2138.845, "Actual Max Total Time": 2429.894, "Actual Total Rows": 15338153, "Inner Unique": false, "Hash Cond": "(customer.c_custkey = orders.o_custkey), (LLVM Optimized, Jit Execute)", "Plans": [{"Node Type": "Streaming(type: LOCAL REDISTRIBUTE dop: 64/1)", "Parent Relationship": "Outer", "Startup Cost": 0.0, "Total Cost": 167581.07, "Plan Rows": 1500000, "Plan Width": 8, "Actual Min Startup Time": 0.052, "Actual Max Startup Time": 4.628, "Actual Min Total Time": 1389.836, "Actual Max Total Time": 1441.594, "Actual Total Rows": 1500000, "Plans": [{"Node Type": "Index Only Scan", "Parent Relationship": "Outer", "Scan Direction": "Forward", "Index Name": "customer_pkey", "Relation Name": "customer", "Alias": "customer", "Startup Cost": 0.0, "Total Cost": 43636.25, "Plan Rows": 1500000, "Plan Width": 8, "Actual Min Startup Time": 0.064, "Actual Max Startup Time": 0.064, "Actual Min Total Time": 315.094, "Actual Max Total Time": 315.094, "Actual Total Rows": 1500000, "Heap Fetches": 0}]}, {"Node Type": "Hash", "Parent Relationship": "Inner", "Startup Cost": 147310.46, "Total Cost": 147310.46, "Plan Rows": 14844648, "Plan Width": 16, "Actual Min Startup Time": 633.821, "Actual Max Startup Time": 918.378, "Actual Min Total Time": 633.821, "Actual Max Total Time": 918.378, "Actual Total Rows": 14838130, "Max Hash Buckets": 262144, "Min Hash Buckets": 262144, "Max Hash Batches": 1, "Min Hash Batches": 1, "Max Original Hash Batches": 1, "Min Original Hash Batches": 1, "Max Peak Memory Usage": 10904, "min Peak Memory Usage": 10904, "Plans": [{"Node Type": "Streaming(type: LOCAL REDISTRIBUTE dop: 64/64)", "Parent Relationship": "Outer", "Startup Cost": 0.0, "Total Cost": 147310.46, "Plan Rows": 14844648, "Plan Width": 16, "Actual Min Startup Time": 0.102, "Actual Max Startup Time": 238.229, "Actual Min Total Time": 515.107, "Actual Max Total Time": 842.333, "Actual Total Rows": 14838130, "Plans": [{"Node Type": "Seq Scan", "Parent Relationship": "Outer", "Relation Name": "orders", "Alias": "orders", "Startup Cost": 0.0, "Total Cost": 70248.63, "Plan Rows": 14844648, "Plan Width": 16, "Actual Min Startup Time": 0.028, "Actual Max Startup Time": 0.058, "Actual Min Total Time": 156.616, "Actual Max Total Time": 179.011, "Actual Total Rows": 14838130, "Filter": "((o_comment)::text !~~ '%pending%deposits%'::text), (LLVM Optimized, Jit Execute)", "Rows Removed by Filter": 161870}]}]}]}]}]}]}]}]}]}]}, "Triggers": [], "Planner Runtime": 1.246, "Total Runtime": 2803.417, "Unique SQL Id": 3026328400}}, "(64, 33)": {"explain_plan": {"Plan": {"Node Type": "Sort", "Startup Cost": 1023307.36, "Total Cost": 1023307.86, "Plan Rows": 200, "Plan Width": 16, "Sort Key": ["(count(*)) DESC", "c_orders.c_count DESC"], "Plans": [{"Node Type": "Aggregate", "Strategy": "Hashed", "Parent Relationship": "Outer", "Startup Cost": 1023297.71, "Total Cost": 1023299.71, "Plan Rows": 200, "Plan Width": 16, "Group By Key": ["c_orders.c_count"], "Plans": [{"Node Type": "Subquery Scan", "Parent Relationship": "Outer", "Alias": "c_orders", "Startup Cost": 985797.71, "Total Cost": 1015797.71, "Plan Rows": 1500000, "Plan Width": 8, "Plans": [{"Node Type": "Aggregate", "Strategy": "Hashed", "Parent Relationship": "Subquery", "Startup Cost": 985797.71, "Total Cost": 1000797.71, "Plan Rows": 1500000, "Plan Width": 24, "Group By Key": ["customer.c_custkey"], "Plans": [{"Node Type": "Hash Join", "Parent Relationship": "Outer", "Join Type": "Right", "Startup Cost": 370963.06, "Total Cost": 954046.13, "Plan Rows": 6350316, "Plan Width": 16, "Inner Unique": true, "Hash Cond": "(orders.o_custkey = customer.c_custkey), (LLVM Optimized)", "Plans": [{"Node Type": "Bitmap Heap Scan", "Parent Relationship": "Outer", "Relation Name": "orders", "Alias": "orders", "Startup Cost": 308576.81, "Total Cost": 772489.29, "Plan Rows": 14844648, "Plan Width": 16, "Filter": "((o_comment)::text !~~ '%pending%deposits%'::text), (LLVM Optimized)", "Plans": [{"Node Type": "Bitmap Index Scan", "Parent Relationship": "Outer", "Index Name": "idx_orders_custkey", "Startup Cost": 0.0, "Total Cost": 304865.65, "Plan Rows": 14999479, "Plan Width": 0}]}, {"Node Type": "Hash", "Parent Relationship": "Inner", "Startup Cost": 43636.25, "Total Cost": 43636.25, "Plan Rows": 1500000, "Plan Width": 8, "Plans": [{"Node Type": "Index Only Scan", "Parent Relationship": "Outer", "Scan Direction": "Forward", "Index Name": "customer_pkey", "Relation Name": "customer", "Alias": "customer", "Startup Cost": 0.0, "Total Cost": 43636.25, "Plan Rows": 1500000, "Plan Width": 8}]}]}]}]}]}]}, "Unique SQL Id": 3026328400}, "explain_analyze_plan": null}, "(64, 34)": {"explain_plan": {"Plan": {"Node Type": "Sort", "Startup Cost": 343515.21, "Total Cost": 343515.71, "Plan Rows": 200, "Plan Width": 16, "Sort Key": ["(pg_catalog.count(*)) DESC", "c_orders.c_count DESC"], "Plans": [{"Node Type": "Streaming(type: LOCAL GATHER dop: 1/64)", "Parent Relationship": "Outer", "Startup Cost": 343507.02, "Total Cost": 343507.57, "Plan Rows": 200, "Plan Width": 16, "Plans": [{"Node Type": "Aggregate", "Strategy": "Hashed", "Parent Relationship": "Outer", "Startup Cost": 343507.02, "Total Cost": 343507.05, "Plan Rows": 200, "Plan Width": 16, "Group By Key": ["c_orders.c_count"], "Plans": [{"Node Type": "Streaming(type: LOCAL REDISTRIBUTE dop: 64/64)", "Parent Relationship": "Outer", "Startup Cost": 343501.41, "Total Cost": 343507.01, "Plan Rows": 200, "Plan Width": 16, "Plans": [{"Node Type": "Aggregate", "Strategy": "Hashed", "Parent Relationship": "Outer", "Startup Cost": 343501.41, "Total Cost": 343501.45, "Plan Rows": 200, "Plan Width": 16, "Group By Key": ["c_orders.c_count"], "Plans": [{"Node Type": "Subquery Scan", "Parent Relationship": "Outer", "Alias": "c_orders", "Startup Cost": 328149.85, "Total Cost": 343384.23, "Plan Rows": 1500000, "Plan Width": 8, "Plans": [{"Node Type": "Aggregate", "Strategy": "Hashed", "Parent Relationship": "Subquery", "Startup Cost": 328149.85, "Total Cost": 328384.23, "Plan Rows": 1500000, "Plan Width": 24, "Group By Key": ["customer.c_custkey"], "Plans": [{"Node Type": "Hash Join", "Parent Relationship": "Outer", "Join Type": "Left", "Startup Cost": 150209.8, "Total Cost": 327653.73, "Plan Rows": 6350316, "Plan Width": 16, "Inner Unique": false, "Hash Cond": "(customer.c_custkey = orders.o_custkey), (LLVM Optimized)", "Plans": [{"Node Type": "Streaming(type: LOCAL REDISTRIBUTE dop: 64/1)", "Parent Relationship": "Outer", "Startup Cost": 0.0, "Total Cost": 176070.82, "Plan Rows": 1500000, "Plan Width": 8, "Plans": [{"Node Type": "Seq Scan", "Parent Relationship": "Outer", "Relation Name": "customer", "Alias": "customer", "Startup Cost": 0.0, "Total Cost": 52126.0, "Plan Rows": 1500000, "Plan Width": 8}]}, {"Node Type": "Hash", "Parent Relationship": "Inner", "Startup Cost": 147310.46, "Total Cost": 147310.46, "Plan Rows": 14844648, "Plan Width": 16, "Plans": [{"Node Type": "Streaming(type: LOCAL REDISTRIBUTE dop: 64/64)", "Parent Relationship": "Outer", "Startup Cost": 0.0, "Total Cost": 147310.46, "Plan Rows": 14844648, "Plan Width": 16, "Plans": [{"Node Type": "Seq Scan", "Parent Relationship": "Outer", "Relation Name": "orders", "Alias": "orders", "Startup Cost": 0.0, "Total Cost": 70248.63, "Plan Rows": 14844648, "Plan Width": 16, "Filter": "((o_comment)::text !~~ '%pending%deposits%'::text), (LLVM Optimized)"}]}]}]}]}]}]}]}]}]}]}, "Unique SQL Id": 3026328400}, "explain_analyze_plan": null}, "(64, 35)": {"explain_plan": {"Plan": {"Node Type": "Sort", "Startup Cost": 1060808.36, "Total Cost": 1060808.86, "Plan Rows": 200, "Plan Width": 16, "Sort Key": ["(count(*)) DESC", "c_orders.c_count DESC"], "Plans": [{"Node Type": "Aggregate", "Strategy": "Hashed", "Parent Relationship": "Outer", "Startup Cost": 1060798.71, "Total Cost": 1060800.71, "Plan Rows": 200, "Plan Width": 16, "Group By Key": ["c_orders.c_count"], "Plans": [{"Node Type": "Subquery Scan", "Parent Relationship": "Outer", "Alias": "c_orders", "Startup Cost": 1023298.71, "Total Cost": 1053298.71, "Plan Rows": 1500000, "Plan Width": 8, "Plans": [{"Node Type": "Aggregate", "Strategy": "Hashed", "Parent Relationship": "Subquery", "Startup Cost": 1023298.71, "Total Cost": 1038298.71, "Plan Rows": 1500000, "Plan Width": 24, "Group By Key": ["customer.c_custkey"], "Plans": [{"Node Type": "Hash Join", "Parent Relationship": "Outer", "Join Type": "Right", "Startup Cost": 408464.06, "Total Cost": 991547.13, "Plan Rows": 6350316, "Plan Width": 16, "Inner Unique": true, "Hash Cond": "(orders.o_custkey = customer.c_custkey), (LLVM Optimized)", "Plans": [{"Node Type": "Bitmap Heap Scan", "Parent Relationship": "Outer", "Relation Name": "orders", "Alias": "orders", "Startup Cost": 308576.81, "Total Cost": 772489.29, "Plan Rows": 14844648, "Plan Width": 16, "Filter": "((o_comment)::text !~~ '%pending%deposits%'::text), (LLVM Optimized)", "Plans": [{"Node Type": "Bitmap Index Scan", "Parent Relationship": "Outer", "Index Name": "idx_orders_custkey", "Startup Cost": 0.0, "Total Cost": 304865.65, "Plan Rows": 14999479, "Plan Width": 0}]}, {"Node Type": "Hash", "Parent Relationship": "Inner", "Startup Cost": 81137.25, "Total Cost": 81137.25, "Plan Rows": 1500000, "Plan Width": 8, "Plans": [{"Node Type": "Bitmap Heap Scan", "Parent Relationship": "Outer", "Relation Name": "customer", "Alias": "customer", "Startup Cost": 29011.25, "Total Cost": 81137.25, "Plan Rows": 1500000, "Plan Width": 8, "Plans": [{"Node Type": "Bitmap Index Scan", "Parent Relationship": "Outer", "Index Name": "customer_pkey", "Startup Cost": 0.0, "Total Cost": 28636.25, "Plan Rows": 1500000, "Plan Width": 0}]}]}]}]}]}]}]}, "Unique SQL Id": 3026328400}, "explain_analyze_plan": null}, "(64, 36)": {"explain_plan": {"Plan": {"Node Type": "Sort", "Startup Cost": 343515.21, "Total Cost": 343515.71, "Plan Rows": 200, "Plan Width": 16, "Sort Key": ["(pg_catalog.count(*)) DESC", "c_orders.c_count DESC"], "Plans": [{"Node Type": "Streaming(type: LOCAL GATHER dop: 1/64)", "Parent Relationship": "Outer", "Startup Cost": 343507.02, "Total Cost": 343507.57, "Plan Rows": 200, "Plan Width": 16, "Plans": [{"Node Type": "Aggregate", "Strategy": "Hashed", "Parent Relationship": "Outer", "Startup Cost": 343507.02, "Total Cost": 343507.05, "Plan Rows": 200, "Plan Width": 16, "Group By Key": ["c_orders.c_count"], "Plans": [{"Node Type": "Streaming(type: LOCAL REDISTRIBUTE dop: 64/64)", "Parent Relationship": "Outer", "Startup Cost": 343501.41, "Total Cost": 343507.01, "Plan Rows": 200, "Plan Width": 16, "Plans": [{"Node Type": "Aggregate", "Strategy": "Hashed", "Parent Relationship": "Outer", "Startup Cost": 343501.41, "Total Cost": 343501.45, "Plan Rows": 200, "Plan Width": 16, "Group By Key": ["c_orders.c_count"], "Plans": [{"Node Type": "Subquery Scan", "Parent Relationship": "Outer", "Alias": "c_orders", "Startup Cost": 328149.85, "Total Cost": 343384.23, "Plan Rows": 1500000, "Plan Width": 8, "Plans": [{"Node Type": "Aggregate", "Strategy": "Hashed", "Parent Relationship": "Subquery", "Startup Cost": 328149.85, "Total Cost": 328384.23, "Plan Rows": 1500000, "Plan Width": 24, "Group By Key": ["customer.c_custkey"], "Plans": [{"Node Type": "Hash Join", "Parent Relationship": "Outer", "Join Type": "Left", "Startup Cost": 150209.8, "Total Cost": 327653.73, "Plan Rows": 6350316, "Plan Width": 16, "Inner Unique": false, "Hash Cond": "(customer.c_custkey = orders.o_custkey), (LLVM Optimized)", "Plans": [{"Node Type": "Streaming(type: LOCAL REDISTRIBUTE dop: 64/1)", "Parent Relationship": "Outer", "Startup Cost": 0.0, "Total Cost": 176070.82, "Plan Rows": 1500000, "Plan Width": 8, "Plans": [{"Node Type": "Seq Scan", "Parent Relationship": "Outer", "Relation Name": "customer", "Alias": "customer", "Startup Cost": 0.0, "Total Cost": 52126.0, "Plan Rows": 1500000, "Plan Width": 8}]}, {"Node Type": "Hash", "Parent Relationship": "Inner", "Startup Cost": 147310.46, "Total Cost": 147310.46, "Plan Rows": 14844648, "Plan Width": 16, "Plans": [{"Node Type": "Streaming(type: LOCAL REDISTRIBUTE dop: 64/64)", "Parent Relationship": "Outer", "Startup Cost": 0.0, "Total Cost": 147310.46, "Plan Rows": 14844648, "Plan Width": 16, "Plans": [{"Node Type": "Seq Scan", "Parent Relationship": "Outer", "Relation Name": "orders", "Alias": "orders", "Startup Cost": 0.0, "Total Cost": 70248.63, "Plan Rows": 14844648, "Plan Width": 16, "Filter": "((o_comment)::text !~~ '%pending%deposits%'::text), (LLVM Optimized)"}]}]}]}]}]}]}]}]}]}]}, "Unique SQL Id": 3026328400}, "explain_analyze_plan": null}, "(64, 37)": {"explain_plan": {"Plan": {"Node Type": "Sort", "Startup Cost": 1060436.46, "Total Cost": 1060436.96, "Plan Rows": 200, "Plan Width": 16, "Sort Key": ["(count(*)) DESC", "c_orders.c_count DESC"], "Plans": [{"Node Type": "Aggregate", "Strategy": "Hashed", "Parent Relationship": "Outer", "Startup Cost": 1060426.82, "Total Cost": 1060428.82, "Plan Rows": 200, "Plan Width": 16, "Group By Key": ["c_orders.c_count"], "Plans": [{"Node Type": "Subquery Scan", "Parent Relationship": "Outer", "Alias": "c_orders", "Startup Cost": 1022926.82, "Total Cost": 1052926.82, "Plan Rows": 1500000, "Plan Width": 8, "Plans": [{"Node Type": "Aggregate", "Strategy": "Hashed", "Parent Relationship": "Subquery", "Startup Cost": 1022926.82, "Total Cost": 1037926.82, "Plan Rows": 1500000, "Plan Width": 24, "Group By Key": ["customer.c_custkey"], "Plans": [{"Node Type": "Hash Join", "Parent Relationship": "Outer", "Join Type": "Right", "Startup Cost": 408092.16, "Total Cost": 991175.24, "Plan Rows": 6350316, "Plan Width": 16, "Inner Unique": true, "Hash Cond": "(orders.o_custkey = customer.c_custkey), (LLVM Optimized)", "Plans": [{"Node Type": "Bitmap Heap Scan", "Parent Relationship": "Outer", "Relation Name": "orders", "Alias": "orders", "Startup Cost": 308576.81, "Total Cost": 772489.29, "Plan Rows": 14844648, "Plan Width": 16, "Filter": "((o_comment)::text !~~ '%pending%deposits%'::text), (LLVM Optimized)", "Plans": [{"Node Type": "Bitmap Index Scan", "Parent Relationship": "Outer", "Index Name": "idx_orders_custkey", "Startup Cost": 0.0, "Total Cost": 304865.65, "Plan Rows": 14999479, "Plan Width": 0}]}, {"Node Type": "Hash", "Parent Relationship": "Inner", "Startup Cost": 80765.36, "Total Cost": 80765.36, "Plan Rows": 1500000, "Plan Width": 8, "Plans": [{"Node Type": "Index Scan", "Parent Relationship": "Outer", "Scan Direction": "Forward", "Index Name": "customer_pkey", "Relation Name": "customer", "Alias": "customer", "Startup Cost": 0.0, "Total Cost": 80765.36, "Plan Rows": 1500000, "Plan Width": 8}]}]}]}]}]}]}, "Unique SQL Id": 3026328400}, "explain_analyze_plan": null}, "(64, 38)": {"explain_plan": {"Plan": {"Node Type": "Sort", "Startup Cost": 343515.21, "Total Cost": 343515.71, "Plan Rows": 200, "Plan Width": 16, "Sort Key": ["(pg_catalog.count(*)) DESC", "c_orders.c_count DESC"], "Plans": [{"Node Type": "Streaming(type: LOCAL GATHER dop: 1/64)", "Parent Relationship": "Outer", "Startup Cost": 343507.02, "Total Cost": 343507.57, "Plan Rows": 200, "Plan Width": 16, "Plans": [{"Node Type": "Aggregate", "Strategy": "Hashed", "Parent Relationship": "Outer", "Startup Cost": 343507.02, "Total Cost": 343507.05, "Plan Rows": 200, "Plan Width": 16, "Group By Key": ["c_orders.c_count"], "Plans": [{"Node Type": "Streaming(type: LOCAL REDISTRIBUTE dop: 64/64)", "Parent Relationship": "Outer", "Startup Cost": 343501.41, "Total Cost": 343507.01, "Plan Rows": 200, "Plan Width": 16, "Plans": [{"Node Type": "Aggregate", "Strategy": "Hashed", "Parent Relationship": "Outer", "Startup Cost": 343501.41, "Total Cost": 343501.45, "Plan Rows": 200, "Plan Width": 16, "Group By Key": ["c_orders.c_count"], "Plans": [{"Node Type": "Subquery Scan", "Parent Relationship": "Outer", "Alias": "c_orders", "Startup Cost": 328149.85, "Total Cost": 343384.23, "Plan Rows": 1500000, "Plan Width": 8, "Plans": [{"Node Type": "Aggregate", "Strategy": "Hashed", "Parent Relationship": "Subquery", "Startup Cost": 328149.85, "Total Cost": 328384.23, "Plan Rows": 1500000, "Plan Width": 24, "Group By Key": ["customer.c_custkey"], "Plans": [{"Node Type": "Hash Join", "Parent Relationship": "Outer", "Join Type": "Left", "Startup Cost": 150209.8, "Total Cost": 327653.73, "Plan Rows": 6350316, "Plan Width": 16, "Inner Unique": false, "Hash Cond": "(customer.c_custkey = orders.o_custkey), (LLVM Optimized)", "Plans": [{"Node Type": "Streaming(type: LOCAL REDISTRIBUTE dop: 64/1)", "Parent Relationship": "Outer", "Startup Cost": 0.0, "Total Cost": 176070.82, "Plan Rows": 1500000, "Plan Width": 8, "Plans": [{"Node Type": "Seq Scan", "Parent Relationship": "Outer", "Relation Name": "customer", "Alias": "customer", "Startup Cost": 0.0, "Total Cost": 52126.0, "Plan Rows": 1500000, "Plan Width": 8}]}, {"Node Type": "Hash", "Parent Relationship": "Inner", "Startup Cost": 147310.46, "Total Cost": 147310.46, "Plan Rows": 14844648, "Plan Width": 16, "Plans": [{"Node Type": "Streaming(type: LOCAL REDISTRIBUTE dop: 64/64)", "Parent Relationship": "Outer", "Startup Cost": 0.0, "Total Cost": 147310.46, "Plan Rows": 14844648, "Plan Width": 16, "Plans": [{"Node Type": "Seq Scan", "Parent Relationship": "Outer", "Relation Name": "orders", "Alias": "orders", "Startup Cost": 0.0, "Total Cost": 70248.63, "Plan Rows": 14844648, "Plan Width": 16, "Filter": "((o_comment)::text !~~ '%pending%deposits%'::text), (LLVM Optimized)"}]}]}]}]}]}]}]}]}]}]}, "Unique SQL Id": 3026328400}, "explain_analyze_plan": null}, "(64, 39)": {"explain_plan": {"Plan": {"Node Type": "Sort", "Startup Cost": 1060808.36, "Total Cost": 1060808.86, "Plan Rows": 200, "Plan Width": 16, "Sort Key": ["(count(*)) DESC", "c_orders.c_count DESC"], "Plans": [{"Node Type": "Aggregate", "Strategy": "Hashed", "Parent Relationship": "Outer", "Startup Cost": 1060798.71, "Total Cost": 1060800.71, "Plan Rows": 200, "Plan Width": 16, "Group By Key": ["c_orders.c_count"], "Plans": [{"Node Type": "Subquery Scan", "Parent Relationship": "Outer", "Alias": "c_orders", "Startup Cost": 1023298.71, "Total Cost": 1053298.71, "Plan Rows": 1500000, "Plan Width": 8, "Plans": [{"Node Type": "Aggregate", "Strategy": "Hashed", "Parent Relationship": "Subquery", "Startup Cost": 1023298.71, "Total Cost": 1038298.71, "Plan Rows": 1500000, "Plan Width": 24, "Group By Key": ["customer.c_custkey"], "Plans": [{"Node Type": "Hash Join", "Parent Relationship": "Outer", "Join Type": "Right", "Startup Cost": 408464.06, "Total Cost": 991547.13, "Plan Rows": 6350316, "Plan Width": 16, "Inner Unique": true, "Hash Cond": "(orders.o_custkey = customer.c_custkey), (LLVM Optimized)", "Plans": [{"Node Type": "Bitmap Heap Scan", "Parent Relationship": "Outer", "Relation Name": "orders", "Alias": "orders", "Startup Cost": 308576.81, "Total Cost": 772489.29, "Plan Rows": 14844648, "Plan Width": 16, "Filter": "((o_comment)::text !~~ '%pending%deposits%'::text), (LLVM Optimized)", "Plans": [{"Node Type": "Bitmap Index Scan", "Parent Relationship": "Outer", "Index Name": "idx_orders_custkey", "Startup Cost": 0.0, "Total Cost": 304865.65, "Plan Rows": 14999479, "Plan Width": 0}]}, {"Node Type": "Hash", "Parent Relationship": "Inner", "Startup Cost": 81137.25, "Total Cost": 81137.25, "Plan Rows": 1500000, "Plan Width": 8, "Plans": [{"Node Type": "Bitmap Heap Scan", "Parent Relationship": "Outer", "Relation Name": "customer", "Alias": "customer", "Startup Cost": 29011.25, "Total Cost": 81137.25, "Plan Rows": 1500000, "Plan Width": 8, "Plans": [{"Node Type": "Bitmap Index Scan", "Parent Relationship": "Outer", "Index Name": "customer_pkey", "Startup Cost": 0.0, "Total Cost": 28636.25, "Plan Rows": 1500000, "Plan Width": 0}]}]}]}]}]}]}]}, "Unique SQL Id": 3026328400}, "explain_analyze_plan": null}, "(64, 40)": {"explain_plan": {"Plan": {"Node Type": "Sort", "Startup Cost": 335025.46, "Total Cost": 335025.96, "Plan Rows": 200, "Plan Width": 16, "Sort Key": ["(pg_catalog.count(*)) DESC", "c_orders.c_count DESC"], "Plans": [{"Node Type": "Streaming(type: LOCAL GATHER dop: 1/64)", "Parent Relationship": "Outer", "Startup Cost": 335017.27, "Total Cost": 335017.82, "Plan Rows": 200, "Plan Width": 16, "Plans": [{"Node Type": "Aggregate", "Strategy": "Hashed", "Parent Relationship": "Outer", "Startup Cost": 335017.27, "Total Cost": 335017.3, "Plan Rows": 200, "Plan Width": 16, "Group By Key": ["c_orders.c_count"], "Plans": [{"Node Type": "Streaming(type: LOCAL REDISTRIBUTE dop: 64/64)", "Parent Relationship": "Outer", "Startup Cost": 335011.66, "Total Cost": 335017.26, "Plan Rows": 200, "Plan Width": 16, "Plans": [{"Node Type": "Aggregate", "Strategy": "Hashed", "Parent Relationship": "Outer", "Startup Cost": 335011.66, "Total Cost": 335011.7, "Plan Rows": 200, "Plan Width": 16, "Group By Key": ["c_orders.c_count"], "Plans": [{"Node Type": "Subquery Scan", "Parent Relationship": "Outer", "Alias": "c_orders", "Startup Cost": 319660.1, "Total Cost": 334894.48, "Plan Rows": 1500000, "Plan Width": 8, "Plans": [{"Node Type": "Aggregate", "Strategy": "Hashed", "Parent Relationship": "Subquery", "Startup Cost": 319660.1, "Total Cost": 319894.48, "Plan Rows": 1500000, "Plan Width": 24, "Group By Key": ["customer.c_custkey"], "Plans": [{"Node Type": "Hash Join", "Parent Relationship": "Outer", "Join Type": "Left", "Startup Cost": 150209.8, "Total Cost": 319163.98, "Plan Rows": 6350316, "Plan Width": 16, "Inner Unique": false, "Hash Cond": "(customer.c_custkey = orders.o_custkey), (LLVM Optimized)", "Plans": [{"Node Type": "Streaming(type: LOCAL REDISTRIBUTE dop: 64/1)", "Parent Relationship": "Outer", "Startup Cost": 0.0, "Total Cost": 167581.07, "Plan Rows": 1500000, "Plan Width": 8, "Plans": [{"Node Type": "Index Only Scan", "Parent Relationship": "Outer", "Scan Direction": "Forward", "Index Name": "customer_pkey", "Relation Name": "customer", "Alias": "customer", "Startup Cost": 0.0, "Total Cost": 43636.25, "Plan Rows": 1500000, "Plan Width": 8}]}, {"Node Type": "Hash", "Parent Relationship": "Inner", "Startup Cost": 147310.46, "Total Cost": 147310.46, "Plan Rows": 14844648, "Plan Width": 16, "Plans": [{"Node Type": "Streaming(type: LOCAL REDISTRIBUTE dop: 64/64)", "Parent Relationship": "Outer", "Startup Cost": 0.0, "Total Cost": 147310.46, "Plan Rows": 14844648, "Plan Width": 16, "Plans": [{"Node Type": "Seq Scan", "Parent Relationship": "Outer", "Relation Name": "orders", "Alias": "orders", "Startup Cost": 0.0, "Total Cost": 70248.63, "Plan Rows": 14844648, "Plan Width": 16, "Filter": "((o_comment)::text !~~ '%pending%deposits%'::text), (LLVM Optimized)"}]}]}]}]}]}]}]}]}]}]}, "Unique SQL Id": 3026328400}, "explain_analyze_plan": {"Plan": {"Node Type": "Sort", "Startup Cost": 335025.46, "Total Cost": 335025.96, "Plan Rows": 200, "Plan Width": 16, "Actual Min Startup Time": 2750.584, "Actual Max Startup Time": 2750.584, "Actual Min Total Time": 2750.589, "Actual Max Total Time": 2750.589, "Actual Total Rows": 46, "Sort Key": ["(pg_catalog.count(*)) DESC", "c_orders.c_count DESC"], "Sort Method": "quicksort", "Sort Space Min Used": 27, "Sort Space Max Used": 27, "Sort Space Type": "Memory", "Plans": [{"Node Type": "Streaming(type: LOCAL GATHER dop: 1/64)", "Parent Relationship": "Outer", "Startup Cost": 335017.27, "Total Cost": 335017.82, "Plan Rows": 200, "Plan Width": 16, "Actual Min Startup Time": 2749.258, "Actual Max Startup Time": 2749.258, "Actual Min Total Time": 2750.528, "Actual Max Total Time": 2750.528, "Actual Total Rows": 46, "Plans": [{"Node Type": "Aggregate", "Strategy": "Hashed", "Parent Relationship": "Outer", "Startup Cost": 335017.27, "Total Cost": 335017.3, "Plan Rows": 200, "Plan Width": 16, "Actual Min Startup Time": 2431.645, "Actual Max Startup Time": 2514.215, "Actual Min Total Time": 2431.646, "Actual Max Total Time": 2514.215, "Actual Total Rows": 46, "Group By Key": ["c_orders.c_count"], "Plans": [{"Node Type": "Streaming(type: LOCAL REDISTRIBUTE dop: 64/64)", "Parent Relationship": "Outer", "Startup Cost": 335011.66, "Total Cost": 335017.26, "Plan Rows": 200, "Plan Width": 16, "Actual Min Startup Time": 2425.312, "Actual Max Startup Time": 2514.208, "Actual Min Total Time": 2431.542, "Actual Max Total Time": 2514.208, "Actual Total Rows": 2480, "Plans": [{"Node Type": "Aggregate", "Strategy": "Hashed", "Parent Relationship": "Outer", "Startup Cost": 335011.66, "Total Cost": 335011.7, "Plan Rows": 200, "Plan Width": 16, "Actual Min Startup Time": 2241.851, "Actual Max Startup Time": 2525.81, "Actual Min Total Time": 2241.859, "Actual Max Total Time": 2525.818, "Actual Total Rows": 2480, "Group By Key": ["c_orders.c_count"], "Plans": [{"Node Type": "Subquery Scan", "Parent Relationship": "Outer", "Alias": "c_orders", "Startup Cost": 319660.1, "Total Cost": 334894.48, "Plan Rows": 1500000, "Plan Width": 8, "Actual Min Startup Time": 2221.676, "Actual Max Startup Time": 2506.536, "Actual Min Total Time": 2234.332, "Actual Max Total Time": 2519.008, "Actual Total Rows": 1500000, "Plans": [{"Node Type": "Aggregate", "Strategy": "Hashed", "Parent Relationship": "Subquery", "Startup Cost": 319660.1, "Total Cost": 319894.48, "Plan Rows": 1500000, "Plan Width": 24, "Actual Min Startup Time": 2221.673, "Actual Max Startup Time": 2506.533, "Actual Min Total Time": 2230.128, "Actual Max Total Time": 2514.786, "Actual Total Rows": 1500000, "Group By Key": ["customer.c_custkey"], "Plans": [{"Node Type": "Hash Join", "Parent Relationship": "Outer", "Join Type": "Left", "Startup Cost": 150209.8, "Total Cost": 319163.98, "Plan Rows": 6350316, "Plan Width": 16, "Actual Min Startup Time": 636.606, "Actual Max Startup Time": 919.507, "Actual Min Total Time": 2138.845, "Actual Max Total Time": 2429.894, "Actual Total Rows": 15338153, "Inner Unique": false, "Hash Cond": "(customer.c_custkey = orders.o_custkey), (LLVM Optimized, Jit Execute)", "Plans": [{"Node Type": "Streaming(type: LOCAL REDISTRIBUTE dop: 64/1)", "Parent Relationship": "Outer", "Startup Cost": 0.0, "Total Cost": 167581.07, "Plan Rows": 1500000, "Plan Width": 8, "Actual Min Startup Time": 0.052, "Actual Max Startup Time": 4.628, "Actual Min Total Time": 1389.836, "Actual Max Total Time": 1441.594, "Actual Total Rows": 1500000, "Plans": [{"Node Type": "Index Only Scan", "Parent Relationship": "Outer", "Scan Direction": "Forward", "Index Name": "customer_pkey", "Relation Name": "customer", "Alias": "customer", "Startup Cost": 0.0, "Total Cost": 43636.25, "Plan Rows": 1500000, "Plan Width": 8, "Actual Min Startup Time": 0.064, "Actual Max Startup Time": 0.064, "Actual Min Total Time": 315.094, "Actual Max Total Time": 315.094, "Actual Total Rows": 1500000, "Heap Fetches": 0}]}, {"Node Type": "Hash", "Parent Relationship": "Inner", "Startup Cost": 147310.46, "Total Cost": 147310.46, "Plan Rows": 14844648, "Plan Width": 16, "Actual Min Startup Time": 633.821, "Actual Max Startup Time": 918.378, "Actual Min Total Time": 633.821, "Actual Max Total Time": 918.378, "Actual Total Rows": 14838130, "Max Hash Buckets": 262144, "Min Hash Buckets": 262144, "Max Hash Batches": 1, "Min Hash Batches": 1, "Max Original Hash Batches": 1, "Min Original Hash Batches": 1, "Max Peak Memory Usage": 10904, "min Peak Memory Usage": 10904, "Plans": [{"Node Type": "Streaming(type: LOCAL REDISTRIBUTE dop: 64/64)", "Parent Relationship": "Outer", "Startup Cost": 0.0, "Total Cost": 147310.46, "Plan Rows": 14844648, "Plan Width": 16, "Actual Min Startup Time": 0.102, "Actual Max Startup Time": 238.229, "Actual Min Total Time": 515.107, "Actual Max Total Time": 842.333, "Actual Total Rows": 14838130, "Plans": [{"Node Type": "Seq Scan", "Parent Relationship": "Outer", "Relation Name": "orders", "Alias": "orders", "Startup Cost": 0.0, "Total Cost": 70248.63, "Plan Rows": 14844648, "Plan Width": 16, "Actual Min Startup Time": 0.028, "Actual Max Startup Time": 0.058, "Actual Min Total Time": 156.616, "Actual Max Total Time": 179.011, "Actual Total Rows": 14838130, "Filter": "((o_comment)::text !~~ '%pending%deposits%'::text), (LLVM Optimized, Jit Execute)", "Rows Removed by Filter": 161870}]}]}]}]}]}]}]}]}]}]}, "Triggers": [], "Planner Runtime": 1.246, "Total Runtime": 2803.417, "Unique SQL Id": 3026328400}}, "(64, 41)": {"explain_plan": {"Plan": {"Node Type": "Sort", "Startup Cost": 1739109.48, "Total Cost": 1739109.98, "Plan Rows": 200, "Plan Width": 16, "Sort Key": ["(pg_catalog.count(*)) DESC", "c_orders.c_count DESC"], "Plans": [{"Node Type": "Streaming(type: LOCAL GATHER dop: 1/64)", "Parent Relationship": "Outer", "Startup Cost": 1739101.29, "Total Cost": 1739101.84, "Plan Rows": 200, "Plan Width": 16, "Plans": [{"Node Type": "Aggregate", "Strategy": "Hashed", "Parent Relationship": "Outer", "Startup Cost": 1739101.29, "Total Cost": 1739101.32, "Plan Rows": 200, "Plan Width": 16, "Group By Key": ["c_orders.c_count"], "Plans": [{"Node Type": "Streaming(type: LOCAL REDISTRIBUTE dop: 64/64)", "Parent Relationship": "Outer", "Startup Cost": 1739095.68, "Total Cost": 1739101.27, "Plan Rows": 200, "Plan Width": 16, "Plans": [{"Node Type": "Aggregate", "Strategy": "Hashed", "Parent Relationship": "Outer", "Startup Cost": 1739095.68, "Total Cost": 1739095.71, "Plan Rows": 200, "Plan Width": 16, "Group By Key": ["c_orders.c_count"], "Plans": [{"Node Type": "Subquery Scan", "Parent Relationship": "Outer", "Alias": "c_orders", "Startup Cost": 1723744.12, "Total Cost": 1738978.49, "Plan Rows": 1500000, "Plan Width": 8, "Plans": [{"Node Type": "Aggregate", "Strategy": "Hashed", "Parent Relationship": "Subquery", "Startup Cost": 1723744.12, "Total Cost": 1723978.49, "Plan Rows": 1500000, "Plan Width": 24, "Group By Key": ["customer.c_custkey"], "Plans": [{"Node Type": "Hash Join", "Parent Relationship": "Outer", "Join Type": "Right", "Startup Cost": 167874.04, "Total Cost": 1723248.0, "Plan Rows": 6350316, "Plan Width": 16, "Inner Unique": true, "Hash Cond": "(orders.o_custkey = customer.c_custkey), (LLVM Optimized)", "Plans": [{"Node Type": "Streaming(type: LOCAL REDISTRIBUTE dop: 64/64)", "Parent Relationship": "Outer", "Startup Cost": 0.0, "Total Cost": 1553511.91, "Plan Rows": 14844648, "Plan Width": 16, "Plans": [{"Node Type": "Index Scan", "Parent Relationship": "Outer", "Scan Direction": "Forward", "Index Name": "idx_orders_custkey", "Relation Name": "orders", "Alias": "orders", "Startup Cost": 0.0, "Total Cost": 1476450.09, "Plan Rows": 14844648, "Plan Width": 16, "Filter": "((o_comment)::text !~~ '%pending%deposits%'::text), (LLVM Optimized)"}]}, {"Node Type": "Hash", "Parent Relationship": "Inner", "Startup Cost": 167581.07, "Total Cost": 167581.07, "Plan Rows": 1500000, "Plan Width": 8, "Plans": [{"Node Type": "Streaming(type: LOCAL REDISTRIBUTE dop: 64/1)", "Parent Relationship": "Outer", "Startup Cost": 0.0, "Total Cost": 167581.07, "Plan Rows": 1500000, "Plan Width": 8, "Plans": [{"Node Type": "Index Only Scan", "Parent Relationship": "Outer", "Scan Direction": "Forward", "Index Name": "customer_pkey", "Relation Name": "customer", "Alias": "customer", "Startup Cost": 0.0, "Total Cost": 43636.25, "Plan Rows": 1500000, "Plan Width": 8}]}]}]}]}]}]}]}]}]}]}, "Unique SQL Id": 3026328400}, "explain_analyze_plan": {"Plan": {"Node Type": "Sort", "Startup Cost": 1739109.48, "Total Cost": 1739109.98, "Plan Rows": 200, "Plan Width": 16, "Actual Min Startup Time": 3538.406, "Actual Max Startup Time": 3538.406, "Actual Min Total Time": 3538.409, "Actual Max Total Time": 3538.409, "Actual Total Rows": 46, "Sort Key": ["(pg_catalog.count(*)) DESC", "c_orders.c_count DESC"], "Sort Method": "quicksort", "Sort Space Min Used": 27, "Sort Space Max Used": 27, "Sort Space Type": "Memory", "Plans": [{"Node Type": "Streaming(type: LOCAL GATHER dop: 1/64)", "Parent Relationship": "Outer", "Startup Cost": 1739101.29, "Total Cost": 1739101.84, "Plan Rows": 200, "Plan Width": 16, "Actual Min Startup Time": 3536.504, "Actual Max Startup Time": 3536.504, "Actual Min Total Time": 3538.35, "Actual Max Total Time": 3538.35, "Actual Total Rows": 46, "Plans": [{"Node Type": "Aggregate", "Strategy": "Hashed", "Parent Relationship": "Outer", "Startup Cost": 1739101.29, "Total Cost": 1739101.32, "Plan Rows": 200, "Plan Width": 16, "Actual Min Startup Time": 3180.223, "Actual Max Startup Time": 3333.288, "Actual Min Total Time": 3180.223, "Actual Max Total Time": 3333.288, "Actual Total Rows": 46, "Group By Key": ["c_orders.c_count"], "Plans": [{"Node Type": "Streaming(type: LOCAL REDISTRIBUTE dop: 64/64)", "Parent Relationship": "Outer", "Startup Cost": 1739095.68, "Total Cost": 1739101.27, "Plan Rows": 200, "Plan Width": 16, "Actual Min Startup Time": 3173.909, "Actual Max Startup Time": 3333.282, "Actual Min Total Time": 3179.866, "Actual Max Total Time": 3333.282, "Actual Total Rows": 2480, "Plans": [{"Node Type": "Aggregate", "Strategy": "Hashed", "Parent Relationship": "Outer", "Startup Cost": 1739095.68, "Total Cost": 1739095.71, "Plan Rows": 200, "Plan Width": 16, "Actual Min Startup Time": 2997.609, "Actual Max Startup Time": 3300.7, "Actual Min Total Time": 2997.627, "Actual Max Total Time": 3300.708, "Actual Total Rows": 2480, "Group By Key": ["c_orders.c_count"], "Plans": [{"Node Type": "Subquery Scan", "Parent Relationship": "Outer", "Alias": "c_orders", "Startup Cost": 1723744.12, "Total Cost": 1738978.49, "Plan Rows": 1500000, "Plan Width": 8, "Actual Min Startup Time": 2977.383, "Actual Max Startup Time": 3279.953, "Actual Min Total Time": 2989.881, "Actual Max Total Time": 3293.935, "Actual Total Rows": 1500000, "Plans": [{"Node Type": "Aggregate", "Strategy": "Hashed", "Parent Relationship": "Subquery", "Startup Cost": 1723744.12, "Total Cost": 1723978.49, "Plan Rows": 1500000, "Plan Width": 24, "Actual Min Startup Time": 2977.381, "Actual Max Startup Time": 3279.949, "Actual Min Total Time": 2985.759, "Actual Max Total Time": 3289.659, "Actual Total Rows": 1500000, "Group By Key": ["customer.c_custkey"], "Plans": [{"Node Type": "Hash Join", "Parent Relationship": "Outer", "Join Type": "Right", "Startup Cost": 167874.04, "Total Cost": 1723248.0, "Plan Rows": 6350316, "Plan Width": 16, "Actual Min Startup Time": 1509.467, "Actual Max Startup Time": 1811.336, "Actual Min Total Time": 2891.603, "Actual Max Total Time": 3201.686, "Actual Total Rows": 15338153, "Inner Unique": true, "Hash Cond": "(orders.o_custkey = customer.c_custkey), (LLVM Optimized, Jit Execute)", "Plans": [{"Node Type": "Streaming(type: LOCAL REDISTRIBUTE dop: 64/64)", "Parent Relationship": "Outer", "Startup Cost": 0.0, "Total Cost": 1553511.91, "Plan Rows": 14844648, "Plan Width": 16, "Actual Min Startup Time": 0.181, "Actual Max Startup Time": 5.255, "Actual Min Total Time": 1271.738, "Actual Max Total Time": 1309.573, "Actual Total Rows": 14838130, "Plans": [{"Node Type": "Index Scan", "Parent Relationship": "Outer", "Scan Direction": "Forward", "Index Name": "idx_orders_custkey", "Relation Name": "orders", "Alias": "orders", "Startup Cost": 0.0, "Total Cost": 1476450.09, "Plan Rows": 14844648, "Plan Width": 16, "Actual Min Startup Time": 0.045, "Actual Max Startup Time": 248.628, "Actual Min Total Time": 685.027, "Actual Max Total Time": 1152.522, "Actual Total Rows": 14838130, "Filter": "((o_comment)::text !~~ '%pending%deposits%'::text), (LLVM Optimized, Jit Execute)", "Rows Removed by Filter": 161870}]}, {"Node Type": "Hash", "Parent Relationship": "Inner", "Startup Cost": 167581.07, "Total Cost": 167581.07, "Plan Rows": 1500000, "Plan Width": 8, "Actual Min Startup Time": 1509.117, "Actual Max Startup Time": 1810.726, "Actual Min Total Time": 1509.117, "Actual Max Total Time": 1810.726, "Actual Total Rows": 1500000, "Max Hash Buckets": 32768, "Min Hash Buckets": 32768, "Max Hash Batches": 1, "Min Hash Batches": 1, "Max Original Hash Batches": 1, "Min Original Hash Batches": 1, "Max Peak Memory Usage": 915, "min Peak Memory Usage": 915, "Plans": [{"Node Type": "Streaming(type: LOCAL REDISTRIBUTE dop: 64/1)", "Parent Relationship": "Outer", "Startup Cost": 0.0, "Total Cost": 167581.07, "Plan Rows": 1500000, "Plan Width": 8, "Actual Min Startup Time": 0.035, "Actual Max Startup Time": 298.583, "Actual Min Total Time": 1503.219, "Actual Max Total Time": 1802.948, "Actual Total Rows": 1500000, "Plans": [{"Node Type": "Index Only Scan", "Parent Relationship": "Outer", "Scan Direction": "Forward", "Index Name": "customer_pkey", "Relation Name": "customer", "Alias": "customer", "Startup Cost": 0.0, "Total Cost": 43636.25, "Plan Rows": 1500000, "Plan Width": 8, "Actual Min Startup Time": 0.04, "Actual Max Startup Time": 0.04, "Actual Min Total Time": 317.004, "Actual Max Total Time": 317.004, "Actual Total Rows": 1500000, "Heap Fetches": 0}]}]}]}]}]}]}]}]}]}]}, "Triggers": [], "Planner Runtime": 0.987, "Total Runtime": 3591.537, "Unique SQL Id": 3026328400}}, "(64, 42)": {"explain_plan": {"Plan": {"Node Type": "Sort", "Startup Cost": 343515.21, "Total Cost": 343515.71, "Plan Rows": 200, "Plan Width": 16, "Sort Key": ["(pg_catalog.count(*)) DESC", "c_orders.c_count DESC"], "Plans": [{"Node Type": "Streaming(type: LOCAL GATHER dop: 1/64)", "Parent Relationship": "Outer", "Startup Cost": 343507.02, "Total Cost": 343507.57, "Plan Rows": 200, "Plan Width": 16, "Plans": [{"Node Type": "Aggregate", "Strategy": "Hashed", "Parent Relationship": "Outer", "Startup Cost": 343507.02, "Total Cost": 343507.05, "Plan Rows": 200, "Plan Width": 16, "Group By Key": ["c_orders.c_count"], "Plans": [{"Node Type": "Streaming(type: LOCAL REDISTRIBUTE dop: 64/64)", "Parent Relationship": "Outer", "Startup Cost": 343501.41, "Total Cost": 343507.01, "Plan Rows": 200, "Plan Width": 16, "Plans": [{"Node Type": "Aggregate", "Strategy": "Hashed", "Parent Relationship": "Outer", "Startup Cost": 343501.41, "Total Cost": 343501.45, "Plan Rows": 200, "Plan Width": 16, "Group By Key": ["c_orders.c_count"], "Plans": [{"Node Type": "Subquery Scan", "Parent Relationship": "Outer", "Alias": "c_orders", "Startup Cost": 328149.85, "Total Cost": 343384.23, "Plan Rows": 1500000, "Plan Width": 8, "Plans": [{"Node Type": "Aggregate", "Strategy": "Hashed", "Parent Relationship": "Subquery", "Startup Cost": 328149.85, "Total Cost": 328384.23, "Plan Rows": 1500000, "Plan Width": 24, "Group By Key": ["customer.c_custkey"], "Plans": [{"Node Type": "Hash Join", "Parent Relationship": "Outer", "Join Type": "Left", "Startup Cost": 150209.8, "Total Cost": 327653.73, "Plan Rows": 6350316, "Plan Width": 16, "Inner Unique": false, "Hash Cond": "(customer.c_custkey = orders.o_custkey), (LLVM Optimized)", "Plans": [{"Node Type": "Streaming(type: LOCAL REDISTRIBUTE dop: 64/1)", "Parent Relationship": "Outer", "Startup Cost": 0.0, "Total Cost": 176070.82, "Plan Rows": 1500000, "Plan Width": 8, "Plans": [{"Node Type": "Seq Scan", "Parent Relationship": "Outer", "Relation Name": "customer", "Alias": "customer", "Startup Cost": 0.0, "Total Cost": 52126.0, "Plan Rows": 1500000, "Plan Width": 8}]}, {"Node Type": "Hash", "Parent Relationship": "Inner", "Startup Cost": 147310.46, "Total Cost": 147310.46, "Plan Rows": 14844648, "Plan Width": 16, "Plans": [{"Node Type": "Streaming(type: LOCAL REDISTRIBUTE dop: 64/64)", "Parent Relationship": "Outer", "Startup Cost": 0.0, "Total Cost": 147310.46, "Plan Rows": 14844648, "Plan Width": 16, "Plans": [{"Node Type": "Seq Scan", "Parent Relationship": "Outer", "Relation Name": "orders", "Alias": "orders", "Startup Cost": 0.0, "Total Cost": 70248.63, "Plan Rows": 14844648, "Plan Width": 16, "Filter": "((o_comment)::text !~~ '%pending%deposits%'::text), (LLVM Optimized)"}]}]}]}]}]}]}]}]}]}]}, "Unique SQL Id": 3026328400}, "explain_analyze_plan": null}, "(64, 43)": {"explain_plan": {"Plan": {"Node Type": "Sort", "Startup Cost": 2000164372205.65, "Total Cost": 2000164372206.15, "Plan Rows": 200, "Plan Width": 16, "Sort Key": ["(count(*)) DESC", "c_orders.c_count DESC"], "Plans": [{"Node Type": "Aggregate", "Strategy": "Hashed", "Parent Relationship": "Outer", "Startup Cost": 2000164372196.0, "Total Cost": 2000164372198.0, "Plan Rows": 200, "Plan Width": 16, "Group By Key": ["c_orders.c_count"], "Plans": [{"Node Type": "Subquery Scan", "Parent Relationship": "Outer", "Alias": "c_orders", "Startup Cost": 2000164334696.0, "Total Cost": 2000164364696.0, "Plan Rows": 1500000, "Plan Width": 8, "Plans": [{"Node Type": "Aggregate", "Strategy": "Hashed", "Parent Relationship": "Subquery", "Startup Cost": 2000164334696.0, "Total Cost": 2000164349696.0, "Plan Rows": 1500000, "Plan Width": 24, "Group By Key": ["customer.c_custkey"], "Plans": [{"Node Type": "Hash Join", "Parent Relationship": "Outer", "Join Type": "Right", "Startup Cost": 1010004382375.0, "Total Cost": 2000164302944.42, "Plan Rows": 6350316, "Plan Width": 16, "Inner Unique": true, "Hash Cond": "(orders.o_custkey = customer.c_custkey), (LLVM Optimized)", "Plans": [{"Node Type": "Index Scan", "Parent Relationship": "Outer", "Scan Direction": "Forward", "Index Name": "idx_orders_custkey", "Relation Name": "orders", "Alias": "orders", "Startup Cost": 10000000000.0, "Total Cost": 1000159801398.83, "Plan Rows": 14844648, "Plan Width": 16, "Filter": "((o_comment)::text !~~ '%pending%deposits%'::text), (LLVM Optimized)"}, {"Node Type": "Hash", "Parent Relationship": "Inner", "Startup Cost": 1000004363625.0, "Total Cost": 1000004363625.0, "Plan Rows": 1500000, "Plan Width": 8, "Plans": [{"Node Type": "Index Only Scan", "Parent Relationship": "Outer", "Scan Direction": "Forward", "Index Name": "customer_pkey", "Relation Name": "customer", "Alias": "customer", "Startup Cost": 10000000000.0, "Total Cost": 1000004363625.0, "Plan Rows": 1500000, "Plan Width": 8}]}]}]}]}]}]}, "Unique SQL Id": 3026328400}, "explain_analyze_plan": null}, "(64, 44)": {"explain_plan": {"Plan": {"Node Type": "Sort", "Startup Cost": 343515.21, "Total Cost": 343515.71, "Plan Rows": 200, "Plan Width": 16, "Sort Key": ["(pg_catalog.count(*)) DESC", "c_orders.c_count DESC"], "Plans": [{"Node Type": "Streaming(type: LOCAL GATHER dop: 1/64)", "Parent Relationship": "Outer", "Startup Cost": 343507.02, "Total Cost": 343507.57, "Plan Rows": 200, "Plan Width": 16, "Plans": [{"Node Type": "Aggregate", "Strategy": "Hashed", "Parent Relationship": "Outer", "Startup Cost": 343507.02, "Total Cost": 343507.05, "Plan Rows": 200, "Plan Width": 16, "Group By Key": ["c_orders.c_count"], "Plans": [{"Node Type": "Streaming(type: LOCAL REDISTRIBUTE dop: 64/64)", "Parent Relationship": "Outer", "Startup Cost": 343501.41, "Total Cost": 343507.01, "Plan Rows": 200, "Plan Width": 16, "Plans": [{"Node Type": "Aggregate", "Strategy": "Hashed", "Parent Relationship": "Outer", "Startup Cost": 343501.41, "Total Cost": 343501.45, "Plan Rows": 200, "Plan Width": 16, "Group By Key": ["c_orders.c_count"], "Plans": [{"Node Type": "Subquery Scan", "Parent Relationship": "Outer", "Alias": "c_orders", "Startup Cost": 328149.85, "Total Cost": 343384.23, "Plan Rows": 1500000, "Plan Width": 8, "Plans": [{"Node Type": "Aggregate", "Strategy": "Hashed", "Parent Relationship": "Subquery", "Startup Cost": 328149.85, "Total Cost": 328384.23, "Plan Rows": 1500000, "Plan Width": 24, "Group By Key": ["customer.c_custkey"], "Plans": [{"Node Type": "Hash Join", "Parent Relationship": "Outer", "Join Type": "Left", "Startup Cost": 150209.8, "Total Cost": 327653.73, "Plan Rows": 6350316, "Plan Width": 16, "Inner Unique": false, "Hash Cond": "(customer.c_custkey = orders.o_custkey), (LLVM Optimized)", "Plans": [{"Node Type": "Streaming(type: LOCAL REDISTRIBUTE dop: 64/1)", "Parent Relationship": "Outer", "Startup Cost": 0.0, "Total Cost": 176070.82, "Plan Rows": 1500000, "Plan Width": 8, "Plans": [{"Node Type": "Seq Scan", "Parent Relationship": "Outer", "Relation Name": "customer", "Alias": "customer", "Startup Cost": 0.0, "Total Cost": 52126.0, "Plan Rows": 1500000, "Plan Width": 8}]}, {"Node Type": "Hash", "Parent Relationship": "Inner", "Startup Cost": 147310.46, "Total Cost": 147310.46, "Plan Rows": 14844648, "Plan Width": 16, "Plans": [{"Node Type": "Streaming(type: LOCAL REDISTRIBUTE dop: 64/64)", "Parent Relationship": "Outer", "Startup Cost": 0.0, "Total Cost": 147310.46, "Plan Rows": 14844648, "Plan Width": 16, "Plans": [{"Node Type": "Seq Scan", "Parent Relationship": "Outer", "Relation Name": "orders", "Alias": "orders", "Startup Cost": 0.0, "Total Cost": 70248.63, "Plan Rows": 14844648, "Plan Width": 16, "Filter": "((o_comment)::text !~~ '%pending%deposits%'::text), (LLVM Optimized)"}]}]}]}]}]}]}]}]}]}]}, "Unique SQL Id": 3026328400}, "explain_analyze_plan": null}, "(64, 45)": {"explain_plan": {"Plan": {"Node Type": "Sort", "Startup Cost": 1776238.59, "Total Cost": 1776239.09, "Plan Rows": 200, "Plan Width": 16, "Sort Key": ["(pg_catalog.count(*)) DESC", "c_orders.c_count DESC"], "Plans": [{"Node Type": "Streaming(type: LOCAL GATHER dop: 1/64)", "Parent Relationship": "Outer", "Startup Cost": 1776230.39, "Total Cost": 1776230.94, "Plan Rows": 200, "Plan Width": 16, "Plans": [{"Node Type": "Aggregate", "Strategy": "Hashed", "Parent Relationship": "Outer", "Startup Cost": 1776230.39, "Total Cost": 1776230.43, "Plan Rows": 200, "Plan Width": 16, "Group By Key": ["c_orders.c_count"], "Plans": [{"Node Type": "Streaming(type: LOCAL REDISTRIBUTE dop: 64/64)", "Parent Relationship": "Outer", "Startup Cost": 1776224.79, "Total Cost": 1776230.38, "Plan Rows": 200, "Plan Width": 16, "Plans": [{"Node Type": "Aggregate", "Strategy": "Hashed", "Parent Relationship": "Outer", "Startup Cost": 1776224.79, "Total Cost": 1776224.82, "Plan Rows": 200, "Plan Width": 16, "Group By Key": ["c_orders.c_count"], "Plans": [{"Node Type": "Subquery Scan", "Parent Relationship": "Outer", "Alias": "c_orders", "Startup Cost": 1760873.22, "Total Cost": 1776107.6, "Plan Rows": 1500000, "Plan Width": 8, "Plans": [{"Node Type": "Aggregate", "Strategy": "Hashed", "Parent Relationship": "Subquery", "Startup Cost": 1760873.22, "Total Cost": 1761107.6, "Plan Rows": 1500000, "Plan Width": 24, "Group By Key": ["customer.c_custkey"], "Plans": [{"Node Type": "Hash Join", "Parent Relationship": "Outer", "Join Type": "Right", "Startup Cost": 205003.15, "Total Cost": 1760377.1, "Plan Rows": 6350316, "Plan Width": 16, "Inner Unique": true, "Hash Cond": "(orders.o_custkey = customer.c_custkey), (LLVM Optimized)", "Plans": [{"Node Type": "Streaming(type: LOCAL REDISTRIBUTE dop: 64/64)", "Parent Relationship": "Outer", "Startup Cost": 0.0, "Total Cost": 1553511.91, "Plan Rows": 14844648, "Plan Width": 16, "Plans": [{"Node Type": "Index Scan", "Parent Relationship": "Outer", "Scan Direction": "Forward", "Index Name": "idx_orders_custkey", "Relation Name": "orders", "Alias": "orders", "Startup Cost": 0.0, "Total Cost": 1476450.09, "Plan Rows": 14844648, "Plan Width": 16, "Filter": "((o_comment)::text !~~ '%pending%deposits%'::text), (LLVM Optimized)"}]}, {"Node Type": "Hash", "Parent Relationship": "Inner", "Startup Cost": 204710.18, "Total Cost": 204710.18, "Plan Rows": 1500000, "Plan Width": 8, "Plans": [{"Node Type": "Streaming(type: LOCAL REDISTRIBUTE dop: 64/1)", "Parent Relationship": "Outer", "Startup Cost": 0.0, "Total Cost": 204710.18, "Plan Rows": 1500000, "Plan Width": 8, "Plans": [{"Node Type": "Index Scan", "Parent Relationship": "Outer", "Scan Direction": "Forward", "Index Name": "customer_pkey", "Relation Name": "customer", "Alias": "customer", "Startup Cost": 0.0, "Total Cost": 80765.36, "Plan Rows": 1500000, "Plan Width": 8}]}]}]}]}]}]}]}]}]}]}, "Unique SQL Id": 3026328400}, "explain_analyze_plan": {"Plan": {"Node Type": "Sort", "Startup Cost": 1776238.59, "Total Cost": 1776239.09, "Plan Rows": 200, "Plan Width": 16, "Actual Min Startup Time": 3958.152, "Actual Max Startup Time": 3958.152, "Actual Min Total Time": 3958.156, "Actual Max Total Time": 3958.156, "Actual Total Rows": 46, "Sort Key": ["(pg_catalog.count(*)) DESC", "c_orders.c_count DESC"], "Sort Method": "quicksort", "Sort Space Min Used": 27, "Sort Space Max Used": 27, "Sort Space Type": "Memory", "Plans": [{"Node Type": "Streaming(type: LOCAL GATHER dop: 1/64)", "Parent Relationship": "Outer", "Startup Cost": 1776230.39, "Total Cost": 1776230.94, "Plan Rows": 200, "Plan Width": 16, "Actual Min Startup Time": 3957.212, "Actual Max Startup Time": 3957.212, "Actual Min Total Time": 3958.088, "Actual Max Total Time": 3958.088, "Actual Total Rows": 46, "Plans": [{"Node Type": "Aggregate", "Strategy": "Hashed", "Parent Relationship": "Outer", "Startup Cost": 1776230.39, "Total Cost": 1776230.43, "Plan Rows": 200, "Plan Width": 16, "Actual Min Startup Time": 3630.203, "Actual Max Startup Time": 3743.844, "Actual Min Total Time": 3630.203, "Actual Max Total Time": 3743.844, "Actual Total Rows": 46, "Group By Key": ["c_orders.c_count"], "Plans": [{"Node Type": "Streaming(type: LOCAL REDISTRIBUTE dop: 64/64)", "Parent Relationship": "Outer", "Startup Cost": 1776224.79, "Total Cost": 1776230.38, "Plan Rows": 200, "Plan Width": 16, "Actual Min Startup Time": 3623.72, "Actual Max Startup Time": 3741.366, "Actual Min Total Time": 3630.11, "Actual Max Total Time": 3743.692, "Actual Total Rows": 2480, "Plans": [{"Node Type": "Aggregate", "Strategy": "Hashed", "Parent Relationship": "Outer", "Startup Cost": 1776224.79, "Total Cost": 1776224.82, "Plan Rows": 200, "Plan Width": 16, "Actual Min Startup Time": 3439.367, "Actual Max Startup Time": 3710.831, "Actual Min Total Time": 3439.375, "Actual Max Total Time": 3710.834, "Actual Total Rows": 2480, "Group By Key": ["c_orders.c_count"], "Plans": [{"Node Type": "Subquery Scan", "Parent Relationship": "Outer", "Alias": "c_orders", "Startup Cost": 1760873.22, "Total Cost": 1776107.6, "Plan Rows": 1500000, "Plan Width": 8, "Actual Min Startup Time": 3421.319, "Actual Max Startup Time": 3690.394, "Actual Min Total Time": 3432.328, "Actual Max Total Time": 3703.959, "Actual Total Rows": 1500000, "Plans": [{"Node Type": "Aggregate", "Strategy": "Hashed", "Parent Relationship": "Subquery", "Startup Cost": 1760873.22, "Total Cost": 1761107.6, "Plan Rows": 1500000, "Plan Width": 24, "Actual Min Startup Time": 3421.317, "Actual Max Startup Time": 3690.392, "Actual Min Total Time": 3428.3, "Actual Max Total Time": 3699.713, "Actual Total Rows": 1500000, "Group By Key": ["customer.c_custkey"], "Plans": [{"Node Type": "Hash Join", "Parent Relationship": "Outer", "Join Type": "Right", "Startup Cost": 205003.15, "Total Cost": 1760377.1, "Plan Rows": 6350316, "Plan Width": 16, "Actual Min Startup Time": 1944.419, "Actual Max Startup Time": 2213.485, "Actual Min Total Time": 3336.705, "Actual Max Total Time": 3610.647, "Actual Total Rows": 15338153, "Inner Unique": true, "Hash Cond": "(orders.o_custkey = customer.c_custkey), (LLVM Optimized, Jit Execute)", "Plans": [{"Node Type": "Streaming(type: LOCAL REDISTRIBUTE dop: 64/64)", "Parent Relationship": "Outer", "Startup Cost": 0.0, "Total Cost": 1553511.91, "Plan Rows": 14844648, "Plan Width": 16, "Actual Min Startup Time": 0.178, "Actual Max Startup Time": 5.51, "Actual Min Total Time": 1282.665, "Actual Max Total Time": 1313.983, "Actual Total Rows": 14838130, "Plans": [{"Node Type": "Index Scan", "Parent Relationship": "Outer", "Scan Direction": "Forward", "Index Name": "idx_orders_custkey", "Relation Name": "orders", "Alias": "orders", "Startup Cost": 0.0, "Total Cost": 1476450.09, "Plan Rows": 14844648, "Plan Width": 16, "Actual Min Startup Time": 14.315, "Actual Max Startup Time": 493.281, "Actual Min Total Time": 753.669, "Actual Max Total Time": 1460.27, "Actual Total Rows": 14838130, "Filter": "((o_comment)::text !~~ '%pending%deposits%'::text), (LLVM Optimized, Jit Execute)", "Rows Removed by Filter": 161870}]}, {"Node Type": "Hash", "Parent Relationship": "Inner", "Startup Cost": 204710.18, "Total Cost": 204710.18, "Plan Rows": 1500000, "Plan Width": 8, "Actual Min Startup Time": 1944.008, "Actual Max Startup Time": 2213.155, "Actual Min Total Time": 1944.008, "Actual Max Total Time": 2213.155, "Actual Total Rows": 1500000, "Max Hash Buckets": 32768, "Min Hash Buckets": 32768, "Max Hash Batches": 1, "Min Hash Batches": 1, "Max Original Hash Batches": 1, "Min Original Hash Batches": 1, "Max Peak Memory Usage": 915, "min Peak Memory Usage": 915, "Plans": [{"Node Type": "Streaming(type: LOCAL REDISTRIBUTE dop: 64/1)", "Parent Relationship": "Outer", "Startup Cost": 0.0, "Total Cost": 204710.18, "Plan Rows": 1500000, "Plan Width": 8, "Actual Min Startup Time": 0.037, "Actual Max Startup Time": 268.0, "Actual Min Total Time": 1937.533, "Actual Max Total Time": 2206.398, "Actual Total Rows": 1500000, "Plans": [{"Node Type": "Index Scan", "Parent Relationship": "Outer", "Scan Direction": "Forward", "Index Name": "customer_pkey", "Relation Name": "customer", "Alias": "customer", "Startup Cost": 0.0, "Total Cost": 80765.36, "Plan Rows": 1500000, "Plan Width": 8, "Actual Min Startup Time": 0.046, "Actual Max Startup Time": 0.046, "Actual Min Total Time": 842.206, "Actual Max Total Time": 842.206, "Actual Total Rows": 1500000}]}]}]}]}]}]}]}]}]}]}, "Triggers": [], "Planner Runtime": 0.977, "Total Runtime": 4013.912, "Unique SQL Id": 3026328400}}, "(64, 46)": {"explain_plan": {"Plan": {"Node Type": "Sort", "Startup Cost": 343515.21, "Total Cost": 343515.71, "Plan Rows": 200, "Plan Width": 16, "Sort Key": ["(pg_catalog.count(*)) DESC", "c_orders.c_count DESC"], "Plans": [{"Node Type": "Streaming(type: LOCAL GATHER dop: 1/64)", "Parent Relationship": "Outer", "Startup Cost": 343507.02, "Total Cost": 343507.57, "Plan Rows": 200, "Plan Width": 16, "Plans": [{"Node Type": "Aggregate", "Strategy": "Hashed", "Parent Relationship": "Outer", "Startup Cost": 343507.02, "Total Cost": 343507.05, "Plan Rows": 200, "Plan Width": 16, "Group By Key": ["c_orders.c_count"], "Plans": [{"Node Type": "Streaming(type: LOCAL REDISTRIBUTE dop: 64/64)", "Parent Relationship": "Outer", "Startup Cost": 343501.41, "Total Cost": 343507.01, "Plan Rows": 200, "Plan Width": 16, "Plans": [{"Node Type": "Aggregate", "Strategy": "Hashed", "Parent Relationship": "Outer", "Startup Cost": 343501.41, "Total Cost": 343501.45, "Plan Rows": 200, "Plan Width": 16, "Group By Key": ["c_orders.c_count"], "Plans": [{"Node Type": "Subquery Scan", "Parent Relationship": "Outer", "Alias": "c_orders", "Startup Cost": 328149.85, "Total Cost": 343384.23, "Plan Rows": 1500000, "Plan Width": 8, "Plans": [{"Node Type": "Aggregate", "Strategy": "Hashed", "Parent Relationship": "Subquery", "Startup Cost": 328149.85, "Total Cost": 328384.23, "Plan Rows": 1500000, "Plan Width": 24, "Group By Key": ["customer.c_custkey"], "Plans": [{"Node Type": "Hash Join", "Parent Relationship": "Outer", "Join Type": "Left", "Startup Cost": 150209.8, "Total Cost": 327653.73, "Plan Rows": 6350316, "Plan Width": 16, "Inner Unique": false, "Hash Cond": "(customer.c_custkey = orders.o_custkey), (LLVM Optimized)", "Plans": [{"Node Type": "Streaming(type: LOCAL REDISTRIBUTE dop: 64/1)", "Parent Relationship": "Outer", "Startup Cost": 0.0, "Total Cost": 176070.82, "Plan Rows": 1500000, "Plan Width": 8, "Plans": [{"Node Type": "Seq Scan", "Parent Relationship": "Outer", "Relation Name": "customer", "Alias": "customer", "Startup Cost": 0.0, "Total Cost": 52126.0, "Plan Rows": 1500000, "Plan Width": 8}]}, {"Node Type": "Hash", "Parent Relationship": "Inner", "Startup Cost": 147310.46, "Total Cost": 147310.46, "Plan Rows": 14844648, "Plan Width": 16, "Plans": [{"Node Type": "Streaming(type: LOCAL REDISTRIBUTE dop: 64/64)", "Parent Relationship": "Outer", "Startup Cost": 0.0, "Total Cost": 147310.46, "Plan Rows": 14844648, "Plan Width": 16, "Plans": [{"Node Type": "Seq Scan", "Parent Relationship": "Outer", "Relation Name": "orders", "Alias": "orders", "Startup Cost": 0.0, "Total Cost": 70248.63, "Plan Rows": 14844648, "Plan Width": 16, "Filter": "((o_comment)::text !~~ '%pending%deposits%'::text), (LLVM Optimized)"}]}]}]}]}]}]}]}]}]}]}, "Unique SQL Id": 3026328400}, "explain_analyze_plan": null}, "(64, 47)": {"explain_plan": {"Plan": {"Node Type": "Sort", "Startup Cost": 2000168085116.27, "Total Cost": 2000168085116.77, "Plan Rows": 200, "Plan Width": 16, "Sort Key": ["(count(*)) DESC", "c_orders.c_count DESC"], "Plans": [{"Node Type": "Aggregate", "Strategy": "Hashed", "Parent Relationship": "Outer", "Startup Cost": 2000168085106.62, "Total Cost": 2000168085108.62, "Plan Rows": 200, "Plan Width": 16, "Group By Key": ["c_orders.c_count"], "Plans": [{"Node Type": "Subquery Scan", "Parent Relationship": "Outer", "Alias": "c_orders", "Startup Cost": 2000168047606.62, "Total Cost": 2000168077606.62, "Plan Rows": 1500000, "Plan Width": 8, "Plans": [{"Node Type": "Aggregate", "Strategy": "Hashed", "Parent Relationship": "Subquery", "Startup Cost": 2000168047606.62, "Total Cost": 2000168062606.62, "Plan Rows": 1500000, "Plan Width": 24, "Group By Key": ["customer.c_custkey"], "Plans": [{"Node Type": "Hash Join", "Parent Relationship": "Outer", "Join Type": "Right", "Startup Cost": 1010008095285.62, "Total Cost": 2000168015855.04, "Plan Rows": 6350316, "Plan Width": 16, "Inner Unique": true, "Hash Cond": "(orders.o_custkey = customer.c_custkey), (LLVM Optimized)", "Plans": [{"Node Type": "Index Scan", "Parent Relationship": "Outer", "Scan Direction": "Forward", "Index Name": "idx_orders_custkey", "Relation Name": "orders", "Alias": "orders", "Startup Cost": 10000000000.0, "Total Cost": 1000159801398.83, "Plan Rows": 14844648, "Plan Width": 16, "Filter": "((o_comment)::text !~~ '%pending%deposits%'::text), (LLVM Optimized)"}, {"Node Type": "Hash", "Parent Relationship": "Inner", "Startup Cost": 1000008076535.62, "Total Cost": 1000008076535.62, "Plan Rows": 1500000, "Plan Width": 8, "Plans": [{"Node Type": "Index Scan", "Parent Relationship": "Outer", "Scan Direction": "Forward", "Index Name": "customer_pkey", "Relation Name": "customer", "Alias": "customer", "Startup Cost": 10000000000.0, "Total Cost": 1000008076535.62, "Plan Rows": 1500000, "Plan Width": 8}]}]}]}]}]}]}, "Unique SQL Id": 3026328400}, "explain_analyze_plan": null}, "(64, 48)": {"explain_plan": {"Plan": {"Node Type": "Sort", "Startup Cost": 2003441.47, "Total Cost": 2003441.97, "Plan Rows": 200, "Plan Width": 16, "Sort Key": ["(count(*)) DESC", "c_orders.c_count DESC"], "Plans": [{"Node Type": "Aggregate", "Strategy": "Hashed", "Parent Relationship": "Outer", "Startup Cost": 2003431.83, "Total Cost": 2003433.83, "Plan Rows": 200, "Plan Width": 16, "Group By Key": ["c_orders.c_count"], "Plans": [{"Node Type": "Subquery Scan", "Parent Relationship": "Outer", "Alias": "c_orders", "Startup Cost": 1965931.83, "Total Cost": 1995931.83, "Plan Rows": 1500000, "Plan Width": 8, "Plans": [{"Node Type": "Aggregate", "Strategy": "Hashed", "Parent Relationship": "Subquery", "Startup Cost": 1965931.83, "Total Cost": 1980931.83, "Plan Rows": 1500000, "Plan Width": 24, "Group By Key": ["customer.c_custkey"], "Plans": [{"Node Type": "Nested Loop", "Parent Relationship": "Outer", "Join Type": "Left", "Startup Cost": 0.0, "Total Cost": 1934180.25, "Plan Rows": 6350316, "Plan Width": 16, "Inner Unique": false, "Plans": [{"Node Type": "Index Only Scan", "Parent Relationship": "Outer", "Scan Direction": "Forward", "Index Name": "customer_pkey", "Relation Name": "customer", "Alias": "customer", "Startup Cost": 0.0, "Total Cost": 43636.25, "Plan Rows": 1500000, "Plan Width": 8}, {"Node Type": "Index Scan", "Parent Relationship": "Inner", "Scan Direction": "Forward", "Index Name": "idx_orders_custkey", "Relation Name": "orders", "Alias": "orders", "Startup Cost": 0.0, "Total Cost": 1.22, "Plan Rows": 4, "Plan Width": 16, "Index Cond": "(customer.c_custkey = o_custkey)", "Filter": "((o_comment)::text !~~ '%pending%deposits%'::text)"}]}]}]}]}]}, "Unique SQL Id": 3026328400}, "explain_analyze_plan": null}, "(64, 49)": {"explain_plan": {"Plan": {"Node Type": "Sort", "Startup Cost": 2003441.47, "Total Cost": 2003441.97, "Plan Rows": 200, "Plan Width": 16, "Sort Key": ["(count(*)) DESC", "c_orders.c_count DESC"], "Plans": [{"Node Type": "Aggregate", "Strategy": "Hashed", "Parent Relationship": "Outer", "Startup Cost": 2003431.83, "Total Cost": 2003433.83, "Plan Rows": 200, "Plan Width": 16, "Group By Key": ["c_orders.c_count"], "Plans": [{"Node Type": "Subquery Scan", "Parent Relationship": "Outer", "Alias": "c_orders", "Startup Cost": 1965931.83, "Total Cost": 1995931.83, "Plan Rows": 1500000, "Plan Width": 8, "Plans": [{"Node Type": "Aggregate", "Strategy": "Hashed", "Parent Relationship": "Subquery", "Startup Cost": 1965931.83, "Total Cost": 1980931.83, "Plan Rows": 1500000, "Plan Width": 24, "Group By Key": ["customer.c_custkey"], "Plans": [{"Node Type": "Nested Loop", "Parent Relationship": "Outer", "Join Type": "Left", "Startup Cost": 0.0, "Total Cost": 1934180.25, "Plan Rows": 6350316, "Plan Width": 16, "Inner Unique": false, "Plans": [{"Node Type": "Index Only Scan", "Parent Relationship": "Outer", "Scan Direction": "Forward", "Index Name": "customer_pkey", "Relation Name": "customer", "Alias": "customer", "Startup Cost": 0.0, "Total Cost": 43636.25, "Plan Rows": 1500000, "Plan Width": 8}, {"Node Type": "Index Scan", "Parent Relationship": "Inner", "Scan Direction": "Forward", "Index Name": "idx_orders_custkey", "Relation Name": "orders", "Alias": "orders", "Startup Cost": 0.0, "Total Cost": 1.22, "Plan Rows": 4, "Plan Width": 16, "Index Cond": "(customer.c_custkey = o_custkey)", "Filter": "((o_comment)::text !~~ '%pending%deposits%'::text)"}]}]}]}]}]}, "Unique SQL Id": 3026328400}, "explain_analyze_plan": null}, "(64, 50)": {"explain_plan": {"Plan": {"Node Type": "Sort", "Startup Cost": 6922755.22, "Total Cost": 6922755.72, "Plan Rows": 200, "Plan Width": 16, "Sort Key": ["(count(*)) DESC", "c_orders.c_count DESC"], "Plans": [{"Node Type": "Aggregate", "Strategy": "Hashed", "Parent Relationship": "Outer", "Startup Cost": 6922745.58, "Total Cost": 6922747.58, "Plan Rows": 200, "Plan Width": 16, "Group By Key": ["c_orders.c_count"], "Plans": [{"Node Type": "Subquery Scan", "Parent Relationship": "Outer", "Alias": "c_orders", "Startup Cost": 6885245.58, "Total Cost": 6915245.58, "Plan Rows": 1500000, "Plan Width": 8, "Plans": [{"Node Type": "Aggregate", "Strategy": "Hashed", "Parent Relationship": "Subquery", "Startup Cost": 6885245.58, "Total Cost": 6900245.58, "Plan Rows": 1500000, "Plan Width": 24, "Group By Key": ["customer.c_custkey"], "Plans": [{"Node Type": "Nested Loop", "Parent Relationship": "Outer", "Join Type": "Left", "Startup Cost": 0.43, "Total Cost": 6853494.0, "Plan Rows": 6350316, "Plan Width": 16, "Inner Unique": false, "Plans": [{"Node Type": "Seq Scan", "Parent Relationship": "Outer", "Relation Name": "customer", "Alias": "customer", "Startup Cost": 0.0, "Total Cost": 52126.0, "Plan Rows": 1500000, "Plan Width": 8}, {"Node Type": "Bitmap Heap Scan", "Parent Relationship": "Inner", "Relation Name": "orders", "Alias": "orders", "Startup Cost": 0.43, "Total Cost": 4.49, "Plan Rows": 4, "Plan Width": 16, "Recheck Cond": "(customer.c_custkey = o_custkey)", "Filter": "((o_comment)::text !~~ '%pending%deposits%'::text)", "Plans": [{"Node Type": "Bitmap Index Scan", "Parent Relationship": "Outer", "Index Name": "idx_orders_custkey", "Startup Cost": 0.0, "Total Cost": 0.43, "Plan Rows": 4, "Plan Width": 0, "Index Cond": "(customer.c_custkey = o_custkey)"}]}]}]}]}]}]}, "Unique SQL Id": 3026328400}, "explain_analyze_plan": null}, "(64, 51)": {"explain_plan": {"Plan": {"Node Type": "Sort", "Startup Cost": 6951766.47, "Total Cost": 6951766.97, "Plan Rows": 200, "Plan Width": 16, "Sort Key": ["(count(*)) DESC", "c_orders.c_count DESC"], "Plans": [{"Node Type": "Aggregate", "Strategy": "Hashed", "Parent Relationship": "Outer", "Startup Cost": 6951756.83, "Total Cost": 6951758.83, "Plan Rows": 200, "Plan Width": 16, "Group By Key": ["c_orders.c_count"], "Plans": [{"Node Type": "Subquery Scan", "Parent Relationship": "Outer", "Alias": "c_orders", "Startup Cost": 6914256.83, "Total Cost": 6944256.83, "Plan Rows": 1500000, "Plan Width": 8, "Plans": [{"Node Type": "Aggregate", "Strategy": "Hashed", "Parent Relationship": "Subquery", "Startup Cost": 6914256.83, "Total Cost": 6929256.83, "Plan Rows": 1500000, "Plan Width": 24, "Group By Key": ["customer.c_custkey"], "Plans": [{"Node Type": "Nested Loop", "Parent Relationship": "Outer", "Join Type": "Left", "Startup Cost": 29011.68, "Total Cost": 6882505.25, "Plan Rows": 6350316, "Plan Width": 16, "Inner Unique": false, "Plans": [{"Node Type": "Bitmap Heap Scan", "Parent Relationship": "Outer", "Relation Name": "customer", "Alias": "customer", "Startup Cost": 29011.25, "Total Cost": 81137.25, "Plan Rows": 1500000, "Plan Width": 8, "Plans": [{"Node Type": "Bitmap Index Scan", "Parent Relationship": "Outer", "Index Name": "customer_pkey", "Startup Cost": 0.0, "Total Cost": 28636.25, "Plan Rows": 1500000, "Plan Width": 0}]}, {"Node Type": "Bitmap Heap Scan", "Parent Relationship": "Inner", "Relation Name": "orders", "Alias": "orders", "Startup Cost": 0.43, "Total Cost": 4.49, "Plan Rows": 4, "Plan Width": 16, "Recheck Cond": "(customer.c_custkey = o_custkey)", "Filter": "((o_comment)::text !~~ '%pending%deposits%'::text)", "Plans": [{"Node Type": "Bitmap Index Scan", "Parent Relationship": "Outer", "Index Name": "idx_orders_custkey", "Startup Cost": 0.0, "Total Cost": 0.43, "Plan Rows": 4, "Plan Width": 0, "Index Cond": "(customer.c_custkey = o_custkey)"}]}]}]}]}]}]}, "Unique SQL Id": 3026328400}, "explain_analyze_plan": null}, "(64, 52)": {"explain_plan": {"Plan": {"Node Type": "Sort", "Startup Cost": 2011931.22, "Total Cost": 2011931.72, "Plan Rows": 200, "Plan Width": 16, "Sort Key": ["(count(*)) DESC", "c_orders.c_count DESC"], "Plans": [{"Node Type": "Aggregate", "Strategy": "Hashed", "Parent Relationship": "Outer", "Startup Cost": 2011921.58, "Total Cost": 2011923.58, "Plan Rows": 200, "Plan Width": 16, "Group By Key": ["c_orders.c_count"], "Plans": [{"Node Type": "Subquery Scan", "Parent Relationship": "Outer", "Alias": "c_orders", "Startup Cost": 1974421.58, "Total Cost": 2004421.58, "Plan Rows": 1500000, "Plan Width": 8, "Plans": [{"Node Type": "Aggregate", "Strategy": "Hashed", "Parent Relationship": "Subquery", "Startup Cost": 1974421.58, "Total Cost": 1989421.58, "Plan Rows": 1500000, "Plan Width": 24, "Group By Key": ["customer.c_custkey"], "Plans": [{"Node Type": "Nested Loop", "Parent Relationship": "Outer", "Join Type": "Left", "Startup Cost": 0.0, "Total Cost": 1942670.0, "Plan Rows": 6350316, "Plan Width": 16, "Inner Unique": false, "Plans": [{"Node Type": "Seq Scan", "Parent Relationship": "Outer", "Relation Name": "customer", "Alias": "customer", "Startup Cost": 0.0, "Total Cost": 52126.0, "Plan Rows": 1500000, "Plan Width": 8}, {"Node Type": "Index Scan", "Parent Relationship": "Inner", "Scan Direction": "Forward", "Index Name": "idx_orders_custkey", "Relation Name": "orders", "Alias": "orders", "Startup Cost": 0.0, "Total Cost": 1.22, "Plan Rows": 4, "Plan Width": 16, "Index Cond": "(customer.c_custkey = o_custkey)", "Filter": "((o_comment)::text !~~ '%pending%deposits%'::text)"}]}]}]}]}]}, "Unique SQL Id": 3026328400}, "explain_analyze_plan": null}, "(64, 53)": {"explain_plan": {"Plan": {"Node Type": "Sort", "Startup Cost": 2040570.58, "Total Cost": 2040571.08, "Plan Rows": 200, "Plan Width": 16, "Sort Key": ["(count(*)) DESC", "c_orders.c_count DESC"], "Plans": [{"Node Type": "Aggregate", "Strategy": "Hashed", "Parent Relationship": "Outer", "Startup Cost": 2040560.94, "Total Cost": 2040562.94, "Plan Rows": 200, "Plan Width": 16, "Group By Key": ["c_orders.c_count"], "Plans": [{"Node Type": "Subquery Scan", "Parent Relationship": "Outer", "Alias": "c_orders", "Startup Cost": 2003060.94, "Total Cost": 2033060.94, "Plan Rows": 1500000, "Plan Width": 8, "Plans": [{"Node Type": "Aggregate", "Strategy": "Hashed", "Parent Relationship": "Subquery", "Startup Cost": 2003060.94, "Total Cost": 2018060.94, "Plan Rows": 1500000, "Plan Width": 24, "Group By Key": ["customer.c_custkey"], "Plans": [{"Node Type": "Nested Loop", "Parent Relationship": "Outer", "Join Type": "Left", "Startup Cost": 0.0, "Total Cost": 1971309.36, "Plan Rows": 6350316, "Plan Width": 16, "Inner Unique": false, "Plans": [{"Node Type": "Index Scan", "Parent Relationship": "Outer", "Scan Direction": "Forward", "Index Name": "customer_pkey", "Relation Name": "customer", "Alias": "customer", "Startup Cost": 0.0, "Total Cost": 80765.36, "Plan Rows": 1500000, "Plan Width": 8}, {"Node Type": "Index Scan", "Parent Relationship": "Inner", "Scan Direction": "Forward", "Index Name": "idx_orders_custkey", "Relation Name": "orders", "Alias": "orders", "Startup Cost": 0.0, "Total Cost": 1.22, "Plan Rows": 4, "Plan Width": 16, "Index Cond": "(customer.c_custkey = o_custkey)", "Filter": "((o_comment)::text !~~ '%pending%deposits%'::text)"}]}]}]}]}]}, "Unique SQL Id": 3026328400}, "explain_analyze_plan": null}, "(64, 54)": {"explain_plan": {"Plan": {"Node Type": "Sort", "Startup Cost": 6922755.22, "Total Cost": 6922755.72, "Plan Rows": 200, "Plan Width": 16, "Sort Key": ["(count(*)) DESC", "c_orders.c_count DESC"], "Plans": [{"Node Type": "Aggregate", "Strategy": "Hashed", "Parent Relationship": "Outer", "Startup Cost": 6922745.58, "Total Cost": 6922747.58, "Plan Rows": 200, "Plan Width": 16, "Group By Key": ["c_orders.c_count"], "Plans": [{"Node Type": "Subquery Scan", "Parent Relationship": "Outer", "Alias": "c_orders", "Startup Cost": 6885245.58, "Total Cost": 6915245.58, "Plan Rows": 1500000, "Plan Width": 8, "Plans": [{"Node Type": "Aggregate", "Strategy": "Hashed", "Parent Relationship": "Subquery", "Startup Cost": 6885245.58, "Total Cost": 6900245.58, "Plan Rows": 1500000, "Plan Width": 24, "Group By Key": ["customer.c_custkey"], "Plans": [{"Node Type": "Nested Loop", "Parent Relationship": "Outer", "Join Type": "Left", "Startup Cost": 0.43, "Total Cost": 6853494.0, "Plan Rows": 6350316, "Plan Width": 16, "Inner Unique": false, "Plans": [{"Node Type": "Seq Scan", "Parent Relationship": "Outer", "Relation Name": "customer", "Alias": "customer", "Startup Cost": 0.0, "Total Cost": 52126.0, "Plan Rows": 1500000, "Plan Width": 8}, {"Node Type": "Bitmap Heap Scan", "Parent Relationship": "Inner", "Relation Name": "orders", "Alias": "orders", "Startup Cost": 0.43, "Total Cost": 4.49, "Plan Rows": 4, "Plan Width": 16, "Recheck Cond": "(customer.c_custkey = o_custkey)", "Filter": "((o_comment)::text !~~ '%pending%deposits%'::text)", "Plans": [{"Node Type": "Bitmap Index Scan", "Parent Relationship": "Outer", "Index Name": "idx_orders_custkey", "Startup Cost": 0.0, "Total Cost": 0.43, "Plan Rows": 4, "Plan Width": 0, "Index Cond": "(customer.c_custkey = o_custkey)"}]}]}]}]}]}]}, "Unique SQL Id": 3026328400}, "explain_analyze_plan": null}, "(64, 55)": {"explain_plan": {"Plan": {"Node Type": "Sort", "Startup Cost": 6951766.47, "Total Cost": 6951766.97, "Plan Rows": 200, "Plan Width": 16, "Sort Key": ["(count(*)) DESC", "c_orders.c_count DESC"], "Plans": [{"Node Type": "Aggregate", "Strategy": "Hashed", "Parent Relationship": "Outer", "Startup Cost": 6951756.83, "Total Cost": 6951758.83, "Plan Rows": 200, "Plan Width": 16, "Group By Key": ["c_orders.c_count"], "Plans": [{"Node Type": "Subquery Scan", "Parent Relationship": "Outer", "Alias": "c_orders", "Startup Cost": 6914256.83, "Total Cost": 6944256.83, "Plan Rows": 1500000, "Plan Width": 8, "Plans": [{"Node Type": "Aggregate", "Strategy": "Hashed", "Parent Relationship": "Subquery", "Startup Cost": 6914256.83, "Total Cost": 6929256.83, "Plan Rows": 1500000, "Plan Width": 24, "Group By Key": ["customer.c_custkey"], "Plans": [{"Node Type": "Nested Loop", "Parent Relationship": "Outer", "Join Type": "Left", "Startup Cost": 29011.68, "Total Cost": 6882505.25, "Plan Rows": 6350316, "Plan Width": 16, "Inner Unique": false, "Plans": [{"Node Type": "Bitmap Heap Scan", "Parent Relationship": "Outer", "Relation Name": "customer", "Alias": "customer", "Startup Cost": 29011.25, "Total Cost": 81137.25, "Plan Rows": 1500000, "Plan Width": 8, "Plans": [{"Node Type": "Bitmap Index Scan", "Parent Relationship": "Outer", "Index Name": "customer_pkey", "Startup Cost": 0.0, "Total Cost": 28636.25, "Plan Rows": 1500000, "Plan Width": 0}]}, {"Node Type": "Bitmap Heap Scan", "Parent Relationship": "Inner", "Relation Name": "orders", "Alias": "orders", "Startup Cost": 0.43, "Total Cost": 4.49, "Plan Rows": 4, "Plan Width": 16, "Recheck Cond": "(customer.c_custkey = o_custkey)", "Filter": "((o_comment)::text !~~ '%pending%deposits%'::text)", "Plans": [{"Node Type": "Bitmap Index Scan", "Parent Relationship": "Outer", "Index Name": "idx_orders_custkey", "Startup Cost": 0.0, "Total Cost": 0.43, "Plan Rows": 4, "Plan Width": 0, "Index Cond": "(customer.c_custkey = o_custkey)"}]}]}]}]}]}]}, "Unique SQL Id": 3026328400}, "explain_analyze_plan": null}, "(64, 56)": {"explain_plan": {"Plan": {"Node Type": "Sort", "Startup Cost": 2003441.47, "Total Cost": 2003441.97, "Plan Rows": 200, "Plan Width": 16, "Sort Key": ["(count(*)) DESC", "c_orders.c_count DESC"], "Plans": [{"Node Type": "Aggregate", "Strategy": "Hashed", "Parent Relationship": "Outer", "Startup Cost": 2003431.83, "Total Cost": 2003433.83, "Plan Rows": 200, "Plan Width": 16, "Group By Key": ["c_orders.c_count"], "Plans": [{"Node Type": "Subquery Scan", "Parent Relationship": "Outer", "Alias": "c_orders", "Startup Cost": 1965931.83, "Total Cost": 1995931.83, "Plan Rows": 1500000, "Plan Width": 8, "Plans": [{"Node Type": "Aggregate", "Strategy": "Hashed", "Parent Relationship": "Subquery", "Startup Cost": 1965931.83, "Total Cost": 1980931.83, "Plan Rows": 1500000, "Plan Width": 24, "Group By Key": ["customer.c_custkey"], "Plans": [{"Node Type": "Nested Loop", "Parent Relationship": "Outer", "Join Type": "Left", "Startup Cost": 0.0, "Total Cost": 1934180.25, "Plan Rows": 6350316, "Plan Width": 16, "Inner Unique": false, "Plans": [{"Node Type": "Index Only Scan", "Parent Relationship": "Outer", "Scan Direction": "Forward", "Index Name": "customer_pkey", "Relation Name": "customer", "Alias": "customer", "Startup Cost": 0.0, "Total Cost": 43636.25, "Plan Rows": 1500000, "Plan Width": 8}, {"Node Type": "Index Scan", "Parent Relationship": "Inner", "Scan Direction": "Forward", "Index Name": "idx_orders_custkey", "Relation Name": "orders", "Alias": "orders", "Startup Cost": 0.0, "Total Cost": 1.22, "Plan Rows": 4, "Plan Width": 16, "Index Cond": "(customer.c_custkey = o_custkey)", "Filter": "((o_comment)::text !~~ '%pending%deposits%'::text)"}]}]}]}]}]}, "Unique SQL Id": 3026328400}, "explain_analyze_plan": null}, "(64, 57)": {"explain_plan": {"Plan": {"Node Type": "Sort", "Startup Cost": 2003441.47, "Total Cost": 2003441.97, "Plan Rows": 200, "Plan Width": 16, "Sort Key": ["(count(*)) DESC", "c_orders.c_count DESC"], "Plans": [{"Node Type": "Aggregate", "Strategy": "Hashed", "Parent Relationship": "Outer", "Startup Cost": 2003431.83, "Total Cost": 2003433.83, "Plan Rows": 200, "Plan Width": 16, "Group By Key": ["c_orders.c_count"], "Plans": [{"Node Type": "Subquery Scan", "Parent Relationship": "Outer", "Alias": "c_orders", "Startup Cost": 1965931.83, "Total Cost": 1995931.83, "Plan Rows": 1500000, "Plan Width": 8, "Plans": [{"Node Type": "Aggregate", "Strategy": "Hashed", "Parent Relationship": "Subquery", "Startup Cost": 1965931.83, "Total Cost": 1980931.83, "Plan Rows": 1500000, "Plan Width": 24, "Group By Key": ["customer.c_custkey"], "Plans": [{"Node Type": "Nested Loop", "Parent Relationship": "Outer", "Join Type": "Left", "Startup Cost": 0.0, "Total Cost": 1934180.25, "Plan Rows": 6350316, "Plan Width": 16, "Inner Unique": false, "Plans": [{"Node Type": "Index Only Scan", "Parent Relationship": "Outer", "Scan Direction": "Forward", "Index Name": "customer_pkey", "Relation Name": "customer", "Alias": "customer", "Startup Cost": 0.0, "Total Cost": 43636.25, "Plan Rows": 1500000, "Plan Width": 8}, {"Node Type": "Index Scan", "Parent Relationship": "Inner", "Scan Direction": "Forward", "Index Name": "idx_orders_custkey", "Relation Name": "orders", "Alias": "orders", "Startup Cost": 0.0, "Total Cost": 1.22, "Plan Rows": 4, "Plan Width": 16, "Index Cond": "(customer.c_custkey = o_custkey)", "Filter": "((o_comment)::text !~~ '%pending%deposits%'::text)"}]}]}]}]}]}, "Unique SQL Id": 3026328400}, "explain_analyze_plan": null}, "(64, 58)": {"explain_plan": {"Plan": {"Node Type": "Sort", "Startup Cost": 81883909.55, "Total Cost": 81883910.05, "Plan Rows": 200, "Plan Width": 16, "Sort Key": ["(pg_catalog.count(*)) DESC", "c_orders.c_count DESC"], "Plans": [{"Node Type": "Streaming(type: LOCAL GATHER dop: 1/64)", "Parent Relationship": "Outer", "Startup Cost": 81883901.36, "Total Cost": 81883901.9, "Plan Rows": 200, "Plan Width": 16, "Plans": [{"Node Type": "Aggregate", "Strategy": "Hashed", "Parent Relationship": "Outer", "Startup Cost": 81883901.36, "Total Cost": 81883901.39, "Plan Rows": 200, "Plan Width": 16, "Group By Key": ["c_orders.c_count"], "Plans": [{"Node Type": "Streaming(type: LOCAL REDISTRIBUTE dop: 64/64)", "Parent Relationship": "Outer", "Startup Cost": 81883895.75, "Total Cost": 81883901.34, "Plan Rows": 200, "Plan Width": 16, "Plans": [{"Node Type": "Aggregate", "Strategy": "Hashed", "Parent Relationship": "Outer", "Startup Cost": 81883895.75, "Total Cost": 81883895.78, "Plan Rows": 200, "Plan Width": 16, "Group By Key": ["c_orders.c_count"], "Plans": [{"Node Type": "Subquery Scan", "Parent Relationship": "Outer", "Alias": "c_orders", "Startup Cost": 81868544.18, "Total Cost": 81883778.56, "Plan Rows": 1500000, "Plan Width": 8, "Plans": [{"Node Type": "Aggregate", "Strategy": "Hashed", "Parent Relationship": "Subquery", "Startup Cost": 81868544.18, "Total Cost": 81868778.56, "Plan Rows": 1500000, "Plan Width": 24, "Group By Key": ["customer.c_custkey"], "Plans": [{"Node Type": "Nested Loop", "Parent Relationship": "Outer", "Join Type": "Left", "Startup Cost": 0.0, "Total Cost": 81868048.06, "Plan Rows": 6350316, "Plan Width": 16, "Inner Unique": false, "Join Filter": "(customer.c_custkey = orders.o_custkey), (LLVM Optimized)", "Plans": [{"Node Type": "Streaming(type: LOCAL REDISTRIBUTE dop: 64/1)", "Parent Relationship": "Outer", "Startup Cost": 0.0, "Total Cost": 176070.82, "Plan Rows": 1500000, "Plan Width": 8, "Plans": [{"Node Type": "Seq Scan", "Parent Relationship": "Outer", "Relation Name": "customer", "Alias": "customer", "Startup Cost": 0.0, "Total Cost": 52126.0, "Plan Rows": 1500000, "Plan Width": 8}]}, {"Node Type": "Materialize", "Parent Relationship": "Inner", "Startup Cost": 0.0, "Total Cost": 148470.2, "Plan Rows": 14844648, "Plan Width": 16, "Plans": [{"Node Type": "Streaming(type: LOCAL REDISTRIBUTE dop: 64/64)", "Parent Relationship": "Outer", "Startup Cost": 0.0, "Total Cost": 147310.46, "Plan Rows": 14844648, "Plan Width": 16, "Plans": [{"Node Type": "Seq Scan", "Parent Relationship": "Outer", "Relation Name": "orders", "Alias": "orders", "Startup Cost": 0.0, "Total Cost": 70248.63, "Plan Rows": 14844648, "Plan Width": 16, "Filter": "((o_comment)::text !~~ '%pending%deposits%'::text), (LLVM Optimized)"}]}]}]}]}]}]}]}]}]}]}, "Unique SQL Id": 3026328400}, "explain_analyze_plan": null}, "(64, 59)": {"explain_plan": {"Plan": {"Node Type": "Sort", "Startup Cost": 2334168851396.68, "Total Cost": 2334168851397.18, "Plan Rows": 200, "Plan Width": 16, "Sort Key": ["(count(*)) DESC", "c_orders.c_count DESC"], "Plans": [{"Node Type": "Aggregate", "Strategy": "Hashed", "Parent Relationship": "Outer", "Startup Cost": 2334168851387.03, "Total Cost": 2334168851389.03, "Plan Rows": 200, "Plan Width": 16, "Group By Key": ["c_orders.c_count"], "Plans": [{"Node Type": "Subquery Scan", "Parent Relationship": "Outer", "Alias": "c_orders", "Startup Cost": 2334168813887.03, "Total Cost": 2334168843887.03, "Plan Rows": 1500000, "Plan Width": 8, "Plans": [{"Node Type": "Aggregate", "Strategy": "Hashed", "Parent Relationship": "Subquery", "Startup Cost": 2334168813887.03, "Total Cost": 2334168828887.03, "Plan Rows": 1500000, "Plan Width": 24, "Group By Key": ["customer.c_custkey"], "Plans": [{"Node Type": "Nested Loop", "Parent Relationship": "Outer", "Join Type": "Left", "Startup Cost": 20000000000.0, "Total Cost": 2334168782135.45, "Plan Rows": 6350316, "Plan Width": 16, "Inner Unique": false, "Join Filter": "(customer.c_custkey = orders.o_custkey), (LLVM Optimized)", "Plans": [{"Node Type": "Index Only Scan", "Parent Relationship": "Outer", "Scan Direction": "Forward", "Index Name": "customer_pkey", "Relation Name": "customer", "Alias": "customer", "Startup Cost": 10000000000.0, "Total Cost": 1000004363625.0, "Plan Rows": 1500000, "Plan Width": 8}, {"Node Type": "Materialize", "Parent Relationship": "Inner", "Startup Cost": 10000000000.0, "Total Cost": 1000159875622.07, "Plan Rows": 14844648, "Plan Width": 16, "Plans": [{"Node Type": "Index Scan", "Parent Relationship": "Outer", "Scan Direction": "Forward", "Index Name": "idx_orders_custkey", "Relation Name": "orders", "Alias": "orders", "Startup Cost": 10000000000.0, "Total Cost": 1000159801398.83, "Plan Rows": 14844648, "Plan Width": 16, "Filter": "((o_comment)::text !~~ '%pending%deposits%'::text), (LLVM Optimized)"}]}]}]}]}]}]}, "Unique SQL Id": 3026328400}, "explain_analyze_plan": null}, "(64, 60)": {"explain_plan": {"Plan": {"Node Type": "Sort", "Startup Cost": 2011931.22, "Total Cost": 2011931.72, "Plan Rows": 200, "Plan Width": 16, "Sort Key": ["(count(*)) DESC", "c_orders.c_count DESC"], "Plans": [{"Node Type": "Aggregate", "Strategy": "Hashed", "Parent Relationship": "Outer", "Startup Cost": 2011921.58, "Total Cost": 2011923.58, "Plan Rows": 200, "Plan Width": 16, "Group By Key": ["c_orders.c_count"], "Plans": [{"Node Type": "Subquery Scan", "Parent Relationship": "Outer", "Alias": "c_orders", "Startup Cost": 1974421.58, "Total Cost": 2004421.58, "Plan Rows": 1500000, "Plan Width": 8, "Plans": [{"Node Type": "Aggregate", "Strategy": "Hashed", "Parent Relationship": "Subquery", "Startup Cost": 1974421.58, "Total Cost": 1989421.58, "Plan Rows": 1500000, "Plan Width": 24, "Group By Key": ["customer.c_custkey"], "Plans": [{"Node Type": "Nested Loop", "Parent Relationship": "Outer", "Join Type": "Left", "Startup Cost": 0.0, "Total Cost": 1942670.0, "Plan Rows": 6350316, "Plan Width": 16, "Inner Unique": false, "Plans": [{"Node Type": "Seq Scan", "Parent Relationship": "Outer", "Relation Name": "customer", "Alias": "customer", "Startup Cost": 0.0, "Total Cost": 52126.0, "Plan Rows": 1500000, "Plan Width": 8}, {"Node Type": "Index Scan", "Parent Relationship": "Inner", "Scan Direction": "Forward", "Index Name": "idx_orders_custkey", "Relation Name": "orders", "Alias": "orders", "Startup Cost": 0.0, "Total Cost": 1.22, "Plan Rows": 4, "Plan Width": 16, "Index Cond": "(customer.c_custkey = o_custkey)", "Filter": "((o_comment)::text !~~ '%pending%deposits%'::text)"}]}]}]}]}]}, "Unique SQL Id": 3026328400}, "explain_analyze_plan": null}, "(64, 61)": {"explain_plan": {"Plan": {"Node Type": "Sort", "Startup Cost": 2040570.58, "Total Cost": 2040571.08, "Plan Rows": 200, "Plan Width": 16, "Sort Key": ["(count(*)) DESC", "c_orders.c_count DESC"], "Plans": [{"Node Type": "Aggregate", "Strategy": "Hashed", "Parent Relationship": "Outer", "Startup Cost": 2040560.94, "Total Cost": 2040562.94, "Plan Rows": 200, "Plan Width": 16, "Group By Key": ["c_orders.c_count"], "Plans": [{"Node Type": "Subquery Scan", "Parent Relationship": "Outer", "Alias": "c_orders", "Startup Cost": 2003060.94, "Total Cost": 2033060.94, "Plan Rows": 1500000, "Plan Width": 8, "Plans": [{"Node Type": "Aggregate", "Strategy": "Hashed", "Parent Relationship": "Subquery", "Startup Cost": 2003060.94, "Total Cost": 2018060.94, "Plan Rows": 1500000, "Plan Width": 24, "Group By Key": ["customer.c_custkey"], "Plans": [{"Node Type": "Nested Loop", "Parent Relationship": "Outer", "Join Type": "Left", "Startup Cost": 0.0, "Total Cost": 1971309.36, "Plan Rows": 6350316, "Plan Width": 16, "Inner Unique": false, "Plans": [{"Node Type": "Index Scan", "Parent Relationship": "Outer", "Scan Direction": "Forward", "Index Name": "customer_pkey", "Relation Name": "customer", "Alias": "customer", "Startup Cost": 0.0, "Total Cost": 80765.36, "Plan Rows": 1500000, "Plan Width": 8}, {"Node Type": "Index Scan", "Parent Relationship": "Inner", "Scan Direction": "Forward", "Index Name": "idx_orders_custkey", "Relation Name": "orders", "Alias": "orders", "Startup Cost": 0.0, "Total Cost": 1.22, "Plan Rows": 4, "Plan Width": 16, "Index Cond": "(customer.c_custkey = o_custkey)", "Filter": "((o_comment)::text !~~ '%pending%deposits%'::text)"}]}]}]}]}]}, "Unique SQL Id": 3026328400}, "explain_analyze_plan": null}, "(64, 62)": {"explain_plan": {"Plan": {"Node Type": "Sort", "Startup Cost": 81883909.55, "Total Cost": 81883910.05, "Plan Rows": 200, "Plan Width": 16, "Sort Key": ["(pg_catalog.count(*)) DESC", "c_orders.c_count DESC"], "Plans": [{"Node Type": "Streaming(type: LOCAL GATHER dop: 1/64)", "Parent Relationship": "Outer", "Startup Cost": 81883901.36, "Total Cost": 81883901.9, "Plan Rows": 200, "Plan Width": 16, "Plans": [{"Node Type": "Aggregate", "Strategy": "Hashed", "Parent Relationship": "Outer", "Startup Cost": 81883901.36, "Total Cost": 81883901.39, "Plan Rows": 200, "Plan Width": 16, "Group By Key": ["c_orders.c_count"], "Plans": [{"Node Type": "Streaming(type: LOCAL REDISTRIBUTE dop: 64/64)", "Parent Relationship": "Outer", "Startup Cost": 81883895.75, "Total Cost": 81883901.34, "Plan Rows": 200, "Plan Width": 16, "Plans": [{"Node Type": "Aggregate", "Strategy": "Hashed", "Parent Relationship": "Outer", "Startup Cost": 81883895.75, "Total Cost": 81883895.78, "Plan Rows": 200, "Plan Width": 16, "Group By Key": ["c_orders.c_count"], "Plans": [{"Node Type": "Subquery Scan", "Parent Relationship": "Outer", "Alias": "c_orders", "Startup Cost": 81868544.18, "Total Cost": 81883778.56, "Plan Rows": 1500000, "Plan Width": 8, "Plans": [{"Node Type": "Aggregate", "Strategy": "Hashed", "Parent Relationship": "Subquery", "Startup Cost": 81868544.18, "Total Cost": 81868778.56, "Plan Rows": 1500000, "Plan Width": 24, "Group By Key": ["customer.c_custkey"], "Plans": [{"Node Type": "Nested Loop", "Parent Relationship": "Outer", "Join Type": "Left", "Startup Cost": 0.0, "Total Cost": 81868048.06, "Plan Rows": 6350316, "Plan Width": 16, "Inner Unique": false, "Join Filter": "(customer.c_custkey = orders.o_custkey), (LLVM Optimized)", "Plans": [{"Node Type": "Streaming(type: LOCAL REDISTRIBUTE dop: 64/1)", "Parent Relationship": "Outer", "Startup Cost": 0.0, "Total Cost": 176070.82, "Plan Rows": 1500000, "Plan Width": 8, "Plans": [{"Node Type": "Seq Scan", "Parent Relationship": "Outer", "Relation Name": "customer", "Alias": "customer", "Startup Cost": 0.0, "Total Cost": 52126.0, "Plan Rows": 1500000, "Plan Width": 8}]}, {"Node Type": "Materialize", "Parent Relationship": "Inner", "Startup Cost": 0.0, "Total Cost": 148470.2, "Plan Rows": 14844648, "Plan Width": 16, "Plans": [{"Node Type": "Streaming(type: LOCAL REDISTRIBUTE dop: 64/64)", "Parent Relationship": "Outer", "Startup Cost": 0.0, "Total Cost": 147310.46, "Plan Rows": 14844648, "Plan Width": 16, "Plans": [{"Node Type": "Seq Scan", "Parent Relationship": "Outer", "Relation Name": "orders", "Alias": "orders", "Startup Cost": 0.0, "Total Cost": 70248.63, "Plan Rows": 14844648, "Plan Width": 16, "Filter": "((o_comment)::text !~~ '%pending%deposits%'::text), (LLVM Optimized)"}]}]}]}]}]}]}]}]}]}]}, "Unique SQL Id": 3026328400}, "explain_analyze_plan": null}, "(64, 63)": {"explain_plan": {"Plan": {"Node Type": "Sort", "Startup Cost": 2334172564307.3, "Total Cost": 2334172564307.8, "Plan Rows": 200, "Plan Width": 16, "Sort Key": ["(count(*)) DESC", "c_orders.c_count DESC"], "Plans": [{"Node Type": "Aggregate", "Strategy": "Hashed", "Parent Relationship": "Outer", "Startup Cost": 2334172564297.65, "Total Cost": 2334172564299.65, "Plan Rows": 200, "Plan Width": 16, "Group By Key": ["c_orders.c_count"], "Plans": [{"Node Type": "Subquery Scan", "Parent Relationship": "Outer", "Alias": "c_orders", "Startup Cost": 2334172526797.65, "Total Cost": 2334172556797.65, "Plan Rows": 1500000, "Plan Width": 8, "Plans": [{"Node Type": "Aggregate", "Strategy": "Hashed", "Parent Relationship": "Subquery", "Startup Cost": 2334172526797.65, "Total Cost": 2334172541797.65, "Plan Rows": 1500000, "Plan Width": 24, "Group By Key": ["customer.c_custkey"], "Plans": [{"Node Type": "Nested Loop", "Parent Relationship": "Outer", "Join Type": "Left", "Startup Cost": 20000000000.0, "Total Cost": 2334172495046.07, "Plan Rows": 6350316, "Plan Width": 16, "Inner Unique": false, "Join Filter": "(customer.c_custkey = orders.o_custkey), (LLVM Optimized)", "Plans": [{"Node Type": "Index Scan", "Parent Relationship": "Outer", "Scan Direction": "Forward", "Index Name": "customer_pkey", "Relation Name": "customer", "Alias": "customer", "Startup Cost": 10000000000.0, "Total Cost": 1000008076535.62, "Plan Rows": 1500000, "Plan Width": 8}, {"Node Type": "Materialize", "Parent Relationship": "Inner", "Startup Cost": 10000000000.0, "Total Cost": 1000159875622.07, "Plan Rows": 14844648, "Plan Width": 16, "Plans": [{"Node Type": "Index Scan", "Parent Relationship": "Outer", "Scan Direction": "Forward", "Index Name": "idx_orders_custkey", "Relation Name": "orders", "Alias": "orders", "Startup Cost": 10000000000.0, "Total Cost": 1000159801398.83, "Plan Rows": 14844648, "Plan Width": 16, "Filter": "((o_comment)::text !~~ '%pending%deposits%'::text), (LLVM Optimized)"}]}]}]}]}]}]}, "Unique SQL Id": 3026328400}, "explain_analyze_plan": null}, "(64, 64)": {"explain_plan": {"Plan": {"Node Type": "Sort", "Startup Cost": 335025.46, "Total Cost": 335025.96, "Plan Rows": 200, "Plan Width": 16, "Sort Key": ["(pg_catalog.count(*)) DESC", "c_orders.c_count DESC"], "Plans": [{"Node Type": "Streaming(type: LOCAL GATHER dop: 1/64)", "Parent Relationship": "Outer", "Startup Cost": 335017.27, "Total Cost": 335017.82, "Plan Rows": 200, "Plan Width": 16, "Plans": [{"Node Type": "Aggregate", "Strategy": "Hashed", "Parent Relationship": "Outer", "Startup Cost": 335017.27, "Total Cost": 335017.3, "Plan Rows": 200, "Plan Width": 16, "Group By Key": ["c_orders.c_count"], "Plans": [{"Node Type": "Streaming(type: LOCAL REDISTRIBUTE dop: 64/64)", "Parent Relationship": "Outer", "Startup Cost": 335011.66, "Total Cost": 335017.26, "Plan Rows": 200, "Plan Width": 16, "Plans": [{"Node Type": "Aggregate", "Strategy": "Hashed", "Parent Relationship": "Outer", "Startup Cost": 335011.66, "Total Cost": 335011.7, "Plan Rows": 200, "Plan Width": 16, "Group By Key": ["c_orders.c_count"], "Plans": [{"Node Type": "Subquery Scan", "Parent Relationship": "Outer", "Alias": "c_orders", "Startup Cost": 319660.1, "Total Cost": 334894.48, "Plan Rows": 1500000, "Plan Width": 8, "Plans": [{"Node Type": "Aggregate", "Strategy": "Hashed", "Parent Relationship": "Subquery", "Startup Cost": 319660.1, "Total Cost": 319894.48, "Plan Rows": 1500000, "Plan Width": 24, "Group By Key": ["customer.c_custkey"], "Plans": [{"Node Type": "Hash Join", "Parent Relationship": "Outer", "Join Type": "Left", "Startup Cost": 150209.8, "Total Cost": 319163.98, "Plan Rows": 6350316, "Plan Width": 16, "Inner Unique": false, "Hash Cond": "(customer.c_custkey = orders.o_custkey), (LLVM Optimized)", "Plans": [{"Node Type": "Streaming(type: LOCAL REDISTRIBUTE dop: 64/1)", "Parent Relationship": "Outer", "Startup Cost": 0.0, "Total Cost": 167581.07, "Plan Rows": 1500000, "Plan Width": 8, "Plans": [{"Node Type": "Index Only Scan", "Parent Relationship": "Outer", "Scan Direction": "Forward", "Index Name": "customer_pkey", "Relation Name": "customer", "Alias": "customer", "Startup Cost": 0.0, "Total Cost": 43636.25, "Plan Rows": 1500000, "Plan Width": 8}]}, {"Node Type": "Hash", "Parent Relationship": "Inner", "Startup Cost": 147310.46, "Total Cost": 147310.46, "Plan Rows": 14844648, "Plan Width": 16, "Plans": [{"Node Type": "Streaming(type: LOCAL REDISTRIBUTE dop: 64/64)", "Parent Relationship": "Outer", "Startup Cost": 0.0, "Total Cost": 147310.46, "Plan Rows": 14844648, "Plan Width": 16, "Plans": [{"Node Type": "Seq Scan", "Parent Relationship": "Outer", "Relation Name": "orders", "Alias": "orders", "Startup Cost": 0.0, "Total Cost": 70248.63, "Plan Rows": 14844648, "Plan Width": 16, "Filter": "((o_comment)::text !~~ '%pending%deposits%'::text), (LLVM Optimized)"}]}]}]}]}]}]}]}]}]}]}, "Unique SQL Id": 3026328400}, "explain_analyze_plan": {"Plan": {"Node Type": "Sort", "Startup Cost": 335025.46, "Total Cost": 335025.96, "Plan Rows": 200, "Plan Width": 16, "Actual Min Startup Time": 2750.584, "Actual Max Startup Time": 2750.584, "Actual Min Total Time": 2750.589, "Actual Max Total Time": 2750.589, "Actual Total Rows": 46, "Sort Key": ["(pg_catalog.count(*)) DESC", "c_orders.c_count DESC"], "Sort Method": "quicksort", "Sort Space Min Used": 27, "Sort Space Max Used": 27, "Sort Space Type": "Memory", "Plans": [{"Node Type": "Streaming(type: LOCAL GATHER dop: 1/64)", "Parent Relationship": "Outer", "Startup Cost": 335017.27, "Total Cost": 335017.82, "Plan Rows": 200, "Plan Width": 16, "Actual Min Startup Time": 2749.258, "Actual Max Startup Time": 2749.258, "Actual Min Total Time": 2750.528, "Actual Max Total Time": 2750.528, "Actual Total Rows": 46, "Plans": [{"Node Type": "Aggregate", "Strategy": "Hashed", "Parent Relationship": "Outer", "Startup Cost": 335017.27, "Total Cost": 335017.3, "Plan Rows": 200, "Plan Width": 16, "Actual Min Startup Time": 2431.645, "Actual Max Startup Time": 2514.215, "Actual Min Total Time": 2431.646, "Actual Max Total Time": 2514.215, "Actual Total Rows": 46, "Group By Key": ["c_orders.c_count"], "Plans": [{"Node Type": "Streaming(type: LOCAL REDISTRIBUTE dop: 64/64)", "Parent Relationship": "Outer", "Startup Cost": 335011.66, "Total Cost": 335017.26, "Plan Rows": 200, "Plan Width": 16, "Actual Min Startup Time": 2425.312, "Actual Max Startup Time": 2514.208, "Actual Min Total Time": 2431.542, "Actual Max Total Time": 2514.208, "Actual Total Rows": 2480, "Plans": [{"Node Type": "Aggregate", "Strategy": "Hashed", "Parent Relationship": "Outer", "Startup Cost": 335011.66, "Total Cost": 335011.7, "Plan Rows": 200, "Plan Width": 16, "Actual Min Startup Time": 2241.851, "Actual Max Startup Time": 2525.81, "Actual Min Total Time": 2241.859, "Actual Max Total Time": 2525.818, "Actual Total Rows": 2480, "Group By Key": ["c_orders.c_count"], "Plans": [{"Node Type": "Subquery Scan", "Parent Relationship": "Outer", "Alias": "c_orders", "Startup Cost": 319660.1, "Total Cost": 334894.48, "Plan Rows": 1500000, "Plan Width": 8, "Actual Min Startup Time": 2221.676, "Actual Max Startup Time": 2506.536, "Actual Min Total Time": 2234.332, "Actual Max Total Time": 2519.008, "Actual Total Rows": 1500000, "Plans": [{"Node Type": "Aggregate", "Strategy": "Hashed", "Parent Relationship": "Subquery", "Startup Cost": 319660.1, "Total Cost": 319894.48, "Plan Rows": 1500000, "Plan Width": 24, "Actual Min Startup Time": 2221.673, "Actual Max Startup Time": 2506.533, "Actual Min Total Time": 2230.128, "Actual Max Total Time": 2514.786, "Actual Total Rows": 1500000, "Group By Key": ["customer.c_custkey"], "Plans": [{"Node Type": "Hash Join", "Parent Relationship": "Outer", "Join Type": "Left", "Startup Cost": 150209.8, "Total Cost": 319163.98, "Plan Rows": 6350316, "Plan Width": 16, "Actual Min Startup Time": 636.606, "Actual Max Startup Time": 919.507, "Actual Min Total Time": 2138.845, "Actual Max Total Time": 2429.894, "Actual Total Rows": 15338153, "Inner Unique": false, "Hash Cond": "(customer.c_custkey = orders.o_custkey), (LLVM Optimized, Jit Execute)", "Plans": [{"Node Type": "Streaming(type: LOCAL REDISTRIBUTE dop: 64/1)", "Parent Relationship": "Outer", "Startup Cost": 0.0, "Total Cost": 167581.07, "Plan Rows": 1500000, "Plan Width": 8, "Actual Min Startup Time": 0.052, "Actual Max Startup Time": 4.628, "Actual Min Total Time": 1389.836, "Actual Max Total Time": 1441.594, "Actual Total Rows": 1500000, "Plans": [{"Node Type": "Index Only Scan", "Parent Relationship": "Outer", "Scan Direction": "Forward", "Index Name": "customer_pkey", "Relation Name": "customer", "Alias": "customer", "Startup Cost": 0.0, "Total Cost": 43636.25, "Plan Rows": 1500000, "Plan Width": 8, "Actual Min Startup Time": 0.064, "Actual Max Startup Time": 0.064, "Actual Min Total Time": 315.094, "Actual Max Total Time": 315.094, "Actual Total Rows": 1500000, "Heap Fetches": 0}]}, {"Node Type": "Hash", "Parent Relationship": "Inner", "Startup Cost": 147310.46, "Total Cost": 147310.46, "Plan Rows": 14844648, "Plan Width": 16, "Actual Min Startup Time": 633.821, "Actual Max Startup Time": 918.378, "Actual Min Total Time": 633.821, "Actual Max Total Time": 918.378, "Actual Total Rows": 14838130, "Max Hash Buckets": 262144, "Min Hash Buckets": 262144, "Max Hash Batches": 1, "Min Hash Batches": 1, "Max Original Hash Batches": 1, "Min Original Hash Batches": 1, "Max Peak Memory Usage": 10904, "min Peak Memory Usage": 10904, "Plans": [{"Node Type": "Streaming(type: LOCAL REDISTRIBUTE dop: 64/64)", "Parent Relationship": "Outer", "Startup Cost": 0.0, "Total Cost": 147310.46, "Plan Rows": 14844648, "Plan Width": 16, "Actual Min Startup Time": 0.102, "Actual Max Startup Time": 238.229, "Actual Min Total Time": 515.107, "Actual Max Total Time": 842.333, "Actual Total Rows": 14838130, "Plans": [{"Node Type": "Seq Scan", "Parent Relationship": "Outer", "Relation Name": "orders", "Alias": "orders", "Startup Cost": 0.0, "Total Cost": 70248.63, "Plan Rows": 14844648, "Plan Width": 16, "Actual Min Startup Time": 0.028, "Actual Max Startup Time": 0.058, "Actual Min Total Time": 156.616, "Actual Max Total Time": 179.011, "Actual Total Rows": 14838130, "Filter": "((o_comment)::text !~~ '%pending%deposits%'::text), (LLVM Optimized, Jit Execute)", "Rows Removed by Filter": 161870}]}]}]}]}]}]}]}]}]}]}, "Triggers": [], "Planner Runtime": 1.246, "Total Runtime": 2803.417, "Unique SQL Id": 3026328400}}, "(64, 65)": {"explain_plan": {"Plan": {"Node Type": "Sort", "Startup Cost": 1023307.36, "Total Cost": 1023307.86, "Plan Rows": 200, "Plan Width": 16, "Sort Key": ["(count(*)) DESC", "c_orders.c_count DESC"], "Plans": [{"Node Type": "Aggregate", "Strategy": "Hashed", "Parent Relationship": "Outer", "Startup Cost": 1023297.71, "Total Cost": 1023299.71, "Plan Rows": 200, "Plan Width": 16, "Group By Key": ["c_orders.c_count"], "Plans": [{"Node Type": "Subquery Scan", "Parent Relationship": "Outer", "Alias": "c_orders", "Startup Cost": 985797.71, "Total Cost": 1015797.71, "Plan Rows": 1500000, "Plan Width": 8, "Plans": [{"Node Type": "Aggregate", "Strategy": "Hashed", "Parent Relationship": "Subquery", "Startup Cost": 985797.71, "Total Cost": 1000797.71, "Plan Rows": 1500000, "Plan Width": 24, "Group By Key": ["customer.c_custkey"], "Plans": [{"Node Type": "Hash Join", "Parent Relationship": "Outer", "Join Type": "Right", "Startup Cost": 370963.06, "Total Cost": 954046.13, "Plan Rows": 6350316, "Plan Width": 16, "Inner Unique": true, "Hash Cond": "(orders.o_custkey = customer.c_custkey), (LLVM Optimized)", "Plans": [{"Node Type": "Bitmap Heap Scan", "Parent Relationship": "Outer", "Relation Name": "orders", "Alias": "orders", "Startup Cost": 308576.81, "Total Cost": 772489.29, "Plan Rows": 14844648, "Plan Width": 16, "Filter": "((o_comment)::text !~~ '%pending%deposits%'::text), (LLVM Optimized)", "Plans": [{"Node Type": "Bitmap Index Scan", "Parent Relationship": "Outer", "Index Name": "idx_orders_custkey", "Startup Cost": 0.0, "Total Cost": 304865.65, "Plan Rows": 14999479, "Plan Width": 0}]}, {"Node Type": "Hash", "Parent Relationship": "Inner", "Startup Cost": 43636.25, "Total Cost": 43636.25, "Plan Rows": 1500000, "Plan Width": 8, "Plans": [{"Node Type": "Index Only Scan", "Parent Relationship": "Outer", "Scan Direction": "Forward", "Index Name": "customer_pkey", "Relation Name": "customer", "Alias": "customer", "Startup Cost": 0.0, "Total Cost": 43636.25, "Plan Rows": 1500000, "Plan Width": 8}]}]}]}]}]}]}, "Unique SQL Id": 3026328400}, "explain_analyze_plan": null}, "(64, 66)": {"explain_plan": {"Plan": {"Node Type": "Sort", "Startup Cost": 343515.21, "Total Cost": 343515.71, "Plan Rows": 200, "Plan Width": 16, "Sort Key": ["(pg_catalog.count(*)) DESC", "c_orders.c_count DESC"], "Plans": [{"Node Type": "Streaming(type: LOCAL GATHER dop: 1/64)", "Parent Relationship": "Outer", "Startup Cost": 343507.02, "Total Cost": 343507.57, "Plan Rows": 200, "Plan Width": 16, "Plans": [{"Node Type": "Aggregate", "Strategy": "Hashed", "Parent Relationship": "Outer", "Startup Cost": 343507.02, "Total Cost": 343507.05, "Plan Rows": 200, "Plan Width": 16, "Group By Key": ["c_orders.c_count"], "Plans": [{"Node Type": "Streaming(type: LOCAL REDISTRIBUTE dop: 64/64)", "Parent Relationship": "Outer", "Startup Cost": 343501.41, "Total Cost": 343507.01, "Plan Rows": 200, "Plan Width": 16, "Plans": [{"Node Type": "Aggregate", "Strategy": "Hashed", "Parent Relationship": "Outer", "Startup Cost": 343501.41, "Total Cost": 343501.45, "Plan Rows": 200, "Plan Width": 16, "Group By Key": ["c_orders.c_count"], "Plans": [{"Node Type": "Subquery Scan", "Parent Relationship": "Outer", "Alias": "c_orders", "Startup Cost": 328149.85, "Total Cost": 343384.23, "Plan Rows": 1500000, "Plan Width": 8, "Plans": [{"Node Type": "Aggregate", "Strategy": "Hashed", "Parent Relationship": "Subquery", "Startup Cost": 328149.85, "Total Cost": 328384.23, "Plan Rows": 1500000, "Plan Width": 24, "Group By Key": ["customer.c_custkey"], "Plans": [{"Node Type": "Hash Join", "Parent Relationship": "Outer", "Join Type": "Left", "Startup Cost": 150209.8, "Total Cost": 327653.73, "Plan Rows": 6350316, "Plan Width": 16, "Inner Unique": false, "Hash Cond": "(customer.c_custkey = orders.o_custkey), (LLVM Optimized)", "Plans": [{"Node Type": "Streaming(type: LOCAL REDISTRIBUTE dop: 64/1)", "Parent Relationship": "Outer", "Startup Cost": 0.0, "Total Cost": 176070.82, "Plan Rows": 1500000, "Plan Width": 8, "Plans": [{"Node Type": "Seq Scan", "Parent Relationship": "Outer", "Relation Name": "customer", "Alias": "customer", "Startup Cost": 0.0, "Total Cost": 52126.0, "Plan Rows": 1500000, "Plan Width": 8}]}, {"Node Type": "Hash", "Parent Relationship": "Inner", "Startup Cost": 147310.46, "Total Cost": 147310.46, "Plan Rows": 14844648, "Plan Width": 16, "Plans": [{"Node Type": "Streaming(type: LOCAL REDISTRIBUTE dop: 64/64)", "Parent Relationship": "Outer", "Startup Cost": 0.0, "Total Cost": 147310.46, "Plan Rows": 14844648, "Plan Width": 16, "Plans": [{"Node Type": "Seq Scan", "Parent Relationship": "Outer", "Relation Name": "orders", "Alias": "orders", "Startup Cost": 0.0, "Total Cost": 70248.63, "Plan Rows": 14844648, "Plan Width": 16, "Filter": "((o_comment)::text !~~ '%pending%deposits%'::text), (LLVM Optimized)"}]}]}]}]}]}]}]}]}]}]}, "Unique SQL Id": 3026328400}, "explain_analyze_plan": null}, "(64, 67)": {"explain_plan": {"Plan": {"Node Type": "Sort", "Startup Cost": 1060808.36, "Total Cost": 1060808.86, "Plan Rows": 200, "Plan Width": 16, "Sort Key": ["(count(*)) DESC", "c_orders.c_count DESC"], "Plans": [{"Node Type": "Aggregate", "Strategy": "Hashed", "Parent Relationship": "Outer", "Startup Cost": 1060798.71, "Total Cost": 1060800.71, "Plan Rows": 200, "Plan Width": 16, "Group By Key": ["c_orders.c_count"], "Plans": [{"Node Type": "Subquery Scan", "Parent Relationship": "Outer", "Alias": "c_orders", "Startup Cost": 1023298.71, "Total Cost": 1053298.71, "Plan Rows": 1500000, "Plan Width": 8, "Plans": [{"Node Type": "Aggregate", "Strategy": "Hashed", "Parent Relationship": "Subquery", "Startup Cost": 1023298.71, "Total Cost": 1038298.71, "Plan Rows": 1500000, "Plan Width": 24, "Group By Key": ["customer.c_custkey"], "Plans": [{"Node Type": "Hash Join", "Parent Relationship": "Outer", "Join Type": "Right", "Startup Cost": 408464.06, "Total Cost": 991547.13, "Plan Rows": 6350316, "Plan Width": 16, "Inner Unique": true, "Hash Cond": "(orders.o_custkey = customer.c_custkey), (LLVM Optimized)", "Plans": [{"Node Type": "Bitmap Heap Scan", "Parent Relationship": "Outer", "Relation Name": "orders", "Alias": "orders", "Startup Cost": 308576.81, "Total Cost": 772489.29, "Plan Rows": 14844648, "Plan Width": 16, "Filter": "((o_comment)::text !~~ '%pending%deposits%'::text), (LLVM Optimized)", "Plans": [{"Node Type": "Bitmap Index Scan", "Parent Relationship": "Outer", "Index Name": "idx_orders_custkey", "Startup Cost": 0.0, "Total Cost": 304865.65, "Plan Rows": 14999479, "Plan Width": 0}]}, {"Node Type": "Hash", "Parent Relationship": "Inner", "Startup Cost": 81137.25, "Total Cost": 81137.25, "Plan Rows": 1500000, "Plan Width": 8, "Plans": [{"Node Type": "Bitmap Heap Scan", "Parent Relationship": "Outer", "Relation Name": "customer", "Alias": "customer", "Startup Cost": 29011.25, "Total Cost": 81137.25, "Plan Rows": 1500000, "Plan Width": 8, "Plans": [{"Node Type": "Bitmap Index Scan", "Parent Relationship": "Outer", "Index Name": "customer_pkey", "Startup Cost": 0.0, "Total Cost": 28636.25, "Plan Rows": 1500000, "Plan Width": 0}]}]}]}]}]}]}]}, "Unique SQL Id": 3026328400}, "explain_analyze_plan": null}, "(64, 68)": {"explain_plan": {"Plan": {"Node Type": "Sort", "Startup Cost": 343515.21, "Total Cost": 343515.71, "Plan Rows": 200, "Plan Width": 16, "Sort Key": ["(pg_catalog.count(*)) DESC", "c_orders.c_count DESC"], "Plans": [{"Node Type": "Streaming(type: LOCAL GATHER dop: 1/64)", "Parent Relationship": "Outer", "Startup Cost": 343507.02, "Total Cost": 343507.57, "Plan Rows": 200, "Plan Width": 16, "Plans": [{"Node Type": "Aggregate", "Strategy": "Hashed", "Parent Relationship": "Outer", "Startup Cost": 343507.02, "Total Cost": 343507.05, "Plan Rows": 200, "Plan Width": 16, "Group By Key": ["c_orders.c_count"], "Plans": [{"Node Type": "Streaming(type: LOCAL REDISTRIBUTE dop: 64/64)", "Parent Relationship": "Outer", "Startup Cost": 343501.41, "Total Cost": 343507.01, "Plan Rows": 200, "Plan Width": 16, "Plans": [{"Node Type": "Aggregate", "Strategy": "Hashed", "Parent Relationship": "Outer", "Startup Cost": 343501.41, "Total Cost": 343501.45, "Plan Rows": 200, "Plan Width": 16, "Group By Key": ["c_orders.c_count"], "Plans": [{"Node Type": "Subquery Scan", "Parent Relationship": "Outer", "Alias": "c_orders", "Startup Cost": 328149.85, "Total Cost": 343384.23, "Plan Rows": 1500000, "Plan Width": 8, "Plans": [{"Node Type": "Aggregate", "Strategy": "Hashed", "Parent Relationship": "Subquery", "Startup Cost": 328149.85, "Total Cost": 328384.23, "Plan Rows": 1500000, "Plan Width": 24, "Group By Key": ["customer.c_custkey"], "Plans": [{"Node Type": "Hash Join", "Parent Relationship": "Outer", "Join Type": "Left", "Startup Cost": 150209.8, "Total Cost": 327653.73, "Plan Rows": 6350316, "Plan Width": 16, "Inner Unique": false, "Hash Cond": "(customer.c_custkey = orders.o_custkey), (LLVM Optimized)", "Plans": [{"Node Type": "Streaming(type: LOCAL REDISTRIBUTE dop: 64/1)", "Parent Relationship": "Outer", "Startup Cost": 0.0, "Total Cost": 176070.82, "Plan Rows": 1500000, "Plan Width": 8, "Plans": [{"Node Type": "Seq Scan", "Parent Relationship": "Outer", "Relation Name": "customer", "Alias": "customer", "Startup Cost": 0.0, "Total Cost": 52126.0, "Plan Rows": 1500000, "Plan Width": 8}]}, {"Node Type": "Hash", "Parent Relationship": "Inner", "Startup Cost": 147310.46, "Total Cost": 147310.46, "Plan Rows": 14844648, "Plan Width": 16, "Plans": [{"Node Type": "Streaming(type: LOCAL REDISTRIBUTE dop: 64/64)", "Parent Relationship": "Outer", "Startup Cost": 0.0, "Total Cost": 147310.46, "Plan Rows": 14844648, "Plan Width": 16, "Plans": [{"Node Type": "Seq Scan", "Parent Relationship": "Outer", "Relation Name": "orders", "Alias": "orders", "Startup Cost": 0.0, "Total Cost": 70248.63, "Plan Rows": 14844648, "Plan Width": 16, "Filter": "((o_comment)::text !~~ '%pending%deposits%'::text), (LLVM Optimized)"}]}]}]}]}]}]}]}]}]}]}, "Unique SQL Id": 3026328400}, "explain_analyze_plan": null}, "(64, 69)": {"explain_plan": {"Plan": {"Node Type": "Sort", "Startup Cost": 1060436.46, "Total Cost": 1060436.96, "Plan Rows": 200, "Plan Width": 16, "Sort Key": ["(count(*)) DESC", "c_orders.c_count DESC"], "Plans": [{"Node Type": "Aggregate", "Strategy": "Hashed", "Parent Relationship": "Outer", "Startup Cost": 1060426.82, "Total Cost": 1060428.82, "Plan Rows": 200, "Plan Width": 16, "Group By Key": ["c_orders.c_count"], "Plans": [{"Node Type": "Subquery Scan", "Parent Relationship": "Outer", "Alias": "c_orders", "Startup Cost": 1022926.82, "Total Cost": 1052926.82, "Plan Rows": 1500000, "Plan Width": 8, "Plans": [{"Node Type": "Aggregate", "Strategy": "Hashed", "Parent Relationship": "Subquery", "Startup Cost": 1022926.82, "Total Cost": 1037926.82, "Plan Rows": 1500000, "Plan Width": 24, "Group By Key": ["customer.c_custkey"], "Plans": [{"Node Type": "Hash Join", "Parent Relationship": "Outer", "Join Type": "Right", "Startup Cost": 408092.16, "Total Cost": 991175.24, "Plan Rows": 6350316, "Plan Width": 16, "Inner Unique": true, "Hash Cond": "(orders.o_custkey = customer.c_custkey), (LLVM Optimized)", "Plans": [{"Node Type": "Bitmap Heap Scan", "Parent Relationship": "Outer", "Relation Name": "orders", "Alias": "orders", "Startup Cost": 308576.81, "Total Cost": 772489.29, "Plan Rows": 14844648, "Plan Width": 16, "Filter": "((o_comment)::text !~~ '%pending%deposits%'::text), (LLVM Optimized)", "Plans": [{"Node Type": "Bitmap Index Scan", "Parent Relationship": "Outer", "Index Name": "idx_orders_custkey", "Startup Cost": 0.0, "Total Cost": 304865.65, "Plan Rows": 14999479, "Plan Width": 0}]}, {"Node Type": "Hash", "Parent Relationship": "Inner", "Startup Cost": 80765.36, "Total Cost": 80765.36, "Plan Rows": 1500000, "Plan Width": 8, "Plans": [{"Node Type": "Index Scan", "Parent Relationship": "Outer", "Scan Direction": "Forward", "Index Name": "customer_pkey", "Relation Name": "customer", "Alias": "customer", "Startup Cost": 0.0, "Total Cost": 80765.36, "Plan Rows": 1500000, "Plan Width": 8}]}]}]}]}]}]}, "Unique SQL Id": 3026328400}, "explain_analyze_plan": null}, "(64, 70)": {"explain_plan": {"Plan": {"Node Type": "Sort", "Startup Cost": 343515.21, "Total Cost": 343515.71, "Plan Rows": 200, "Plan Width": 16, "Sort Key": ["(pg_catalog.count(*)) DESC", "c_orders.c_count DESC"], "Plans": [{"Node Type": "Streaming(type: LOCAL GATHER dop: 1/64)", "Parent Relationship": "Outer", "Startup Cost": 343507.02, "Total Cost": 343507.57, "Plan Rows": 200, "Plan Width": 16, "Plans": [{"Node Type": "Aggregate", "Strategy": "Hashed", "Parent Relationship": "Outer", "Startup Cost": 343507.02, "Total Cost": 343507.05, "Plan Rows": 200, "Plan Width": 16, "Group By Key": ["c_orders.c_count"], "Plans": [{"Node Type": "Streaming(type: LOCAL REDISTRIBUTE dop: 64/64)", "Parent Relationship": "Outer", "Startup Cost": 343501.41, "Total Cost": 343507.01, "Plan Rows": 200, "Plan Width": 16, "Plans": [{"Node Type": "Aggregate", "Strategy": "Hashed", "Parent Relationship": "Outer", "Startup Cost": 343501.41, "Total Cost": 343501.45, "Plan Rows": 200, "Plan Width": 16, "Group By Key": ["c_orders.c_count"], "Plans": [{"Node Type": "Subquery Scan", "Parent Relationship": "Outer", "Alias": "c_orders", "Startup Cost": 328149.85, "Total Cost": 343384.23, "Plan Rows": 1500000, "Plan Width": 8, "Plans": [{"Node Type": "Aggregate", "Strategy": "Hashed", "Parent Relationship": "Subquery", "Startup Cost": 328149.85, "Total Cost": 328384.23, "Plan Rows": 1500000, "Plan Width": 24, "Group By Key": ["customer.c_custkey"], "Plans": [{"Node Type": "Hash Join", "Parent Relationship": "Outer", "Join Type": "Left", "Startup Cost": 150209.8, "Total Cost": 327653.73, "Plan Rows": 6350316, "Plan Width": 16, "Inner Unique": false, "Hash Cond": "(customer.c_custkey = orders.o_custkey), (LLVM Optimized)", "Plans": [{"Node Type": "Streaming(type: LOCAL REDISTRIBUTE dop: 64/1)", "Parent Relationship": "Outer", "Startup Cost": 0.0, "Total Cost": 176070.82, "Plan Rows": 1500000, "Plan Width": 8, "Plans": [{"Node Type": "Seq Scan", "Parent Relationship": "Outer", "Relation Name": "customer", "Alias": "customer", "Startup Cost": 0.0, "Total Cost": 52126.0, "Plan Rows": 1500000, "Plan Width": 8}]}, {"Node Type": "Hash", "Parent Relationship": "Inner", "Startup Cost": 147310.46, "Total Cost": 147310.46, "Plan Rows": 14844648, "Plan Width": 16, "Plans": [{"Node Type": "Streaming(type: LOCAL REDISTRIBUTE dop: 64/64)", "Parent Relationship": "Outer", "Startup Cost": 0.0, "Total Cost": 147310.46, "Plan Rows": 14844648, "Plan Width": 16, "Plans": [{"Node Type": "Seq Scan", "Parent Relationship": "Outer", "Relation Name": "orders", "Alias": "orders", "Startup Cost": 0.0, "Total Cost": 70248.63, "Plan Rows": 14844648, "Plan Width": 16, "Filter": "((o_comment)::text !~~ '%pending%deposits%'::text), (LLVM Optimized)"}]}]}]}]}]}]}]}]}]}]}, "Unique SQL Id": 3026328400}, "explain_analyze_plan": null}, "(64, 71)": {"explain_plan": {"Plan": {"Node Type": "Sort", "Startup Cost": 1060808.36, "Total Cost": 1060808.86, "Plan Rows": 200, "Plan Width": 16, "Sort Key": ["(count(*)) DESC", "c_orders.c_count DESC"], "Plans": [{"Node Type": "Aggregate", "Strategy": "Hashed", "Parent Relationship": "Outer", "Startup Cost": 1060798.71, "Total Cost": 1060800.71, "Plan Rows": 200, "Plan Width": 16, "Group By Key": ["c_orders.c_count"], "Plans": [{"Node Type": "Subquery Scan", "Parent Relationship": "Outer", "Alias": "c_orders", "Startup Cost": 1023298.71, "Total Cost": 1053298.71, "Plan Rows": 1500000, "Plan Width": 8, "Plans": [{"Node Type": "Aggregate", "Strategy": "Hashed", "Parent Relationship": "Subquery", "Startup Cost": 1023298.71, "Total Cost": 1038298.71, "Plan Rows": 1500000, "Plan Width": 24, "Group By Key": ["customer.c_custkey"], "Plans": [{"Node Type": "Hash Join", "Parent Relationship": "Outer", "Join Type": "Right", "Startup Cost": 408464.06, "Total Cost": 991547.13, "Plan Rows": 6350316, "Plan Width": 16, "Inner Unique": true, "Hash Cond": "(orders.o_custkey = customer.c_custkey), (LLVM Optimized)", "Plans": [{"Node Type": "Bitmap Heap Scan", "Parent Relationship": "Outer", "Relation Name": "orders", "Alias": "orders", "Startup Cost": 308576.81, "Total Cost": 772489.29, "Plan Rows": 14844648, "Plan Width": 16, "Filter": "((o_comment)::text !~~ '%pending%deposits%'::text), (LLVM Optimized)", "Plans": [{"Node Type": "Bitmap Index Scan", "Parent Relationship": "Outer", "Index Name": "idx_orders_custkey", "Startup Cost": 0.0, "Total Cost": 304865.65, "Plan Rows": 14999479, "Plan Width": 0}]}, {"Node Type": "Hash", "Parent Relationship": "Inner", "Startup Cost": 81137.25, "Total Cost": 81137.25, "Plan Rows": 1500000, "Plan Width": 8, "Plans": [{"Node Type": "Bitmap Heap Scan", "Parent Relationship": "Outer", "Relation Name": "customer", "Alias": "customer", "Startup Cost": 29011.25, "Total Cost": 81137.25, "Plan Rows": 1500000, "Plan Width": 8, "Plans": [{"Node Type": "Bitmap Index Scan", "Parent Relationship": "Outer", "Index Name": "customer_pkey", "Startup Cost": 0.0, "Total Cost": 28636.25, "Plan Rows": 1500000, "Plan Width": 0}]}]}]}]}]}]}]}, "Unique SQL Id": 3026328400}, "explain_analyze_plan": null}, "(64, 72)": {"explain_plan": {"Plan": {"Node Type": "Sort", "Startup Cost": 335025.46, "Total Cost": 335025.96, "Plan Rows": 200, "Plan Width": 16, "Sort Key": ["(pg_catalog.count(*)) DESC", "c_orders.c_count DESC"], "Plans": [{"Node Type": "Streaming(type: LOCAL GATHER dop: 1/64)", "Parent Relationship": "Outer", "Startup Cost": 335017.27, "Total Cost": 335017.82, "Plan Rows": 200, "Plan Width": 16, "Plans": [{"Node Type": "Aggregate", "Strategy": "Hashed", "Parent Relationship": "Outer", "Startup Cost": 335017.27, "Total Cost": 335017.3, "Plan Rows": 200, "Plan Width": 16, "Group By Key": ["c_orders.c_count"], "Plans": [{"Node Type": "Streaming(type: LOCAL REDISTRIBUTE dop: 64/64)", "Parent Relationship": "Outer", "Startup Cost": 335011.66, "Total Cost": 335017.26, "Plan Rows": 200, "Plan Width": 16, "Plans": [{"Node Type": "Aggregate", "Strategy": "Hashed", "Parent Relationship": "Outer", "Startup Cost": 335011.66, "Total Cost": 335011.7, "Plan Rows": 200, "Plan Width": 16, "Group By Key": ["c_orders.c_count"], "Plans": [{"Node Type": "Subquery Scan", "Parent Relationship": "Outer", "Alias": "c_orders", "Startup Cost": 319660.1, "Total Cost": 334894.48, "Plan Rows": 1500000, "Plan Width": 8, "Plans": [{"Node Type": "Aggregate", "Strategy": "Hashed", "Parent Relationship": "Subquery", "Startup Cost": 319660.1, "Total Cost": 319894.48, "Plan Rows": 1500000, "Plan Width": 24, "Group By Key": ["customer.c_custkey"], "Plans": [{"Node Type": "Hash Join", "Parent Relationship": "Outer", "Join Type": "Left", "Startup Cost": 150209.8, "Total Cost": 319163.98, "Plan Rows": 6350316, "Plan Width": 16, "Inner Unique": false, "Hash Cond": "(customer.c_custkey = orders.o_custkey), (LLVM Optimized)", "Plans": [{"Node Type": "Streaming(type: LOCAL REDISTRIBUTE dop: 64/1)", "Parent Relationship": "Outer", "Startup Cost": 0.0, "Total Cost": 167581.07, "Plan Rows": 1500000, "Plan Width": 8, "Plans": [{"Node Type": "Index Only Scan", "Parent Relationship": "Outer", "Scan Direction": "Forward", "Index Name": "customer_pkey", "Relation Name": "customer", "Alias": "customer", "Startup Cost": 0.0, "Total Cost": 43636.25, "Plan Rows": 1500000, "Plan Width": 8}]}, {"Node Type": "Hash", "Parent Relationship": "Inner", "Startup Cost": 147310.46, "Total Cost": 147310.46, "Plan Rows": 14844648, "Plan Width": 16, "Plans": [{"Node Type": "Streaming(type: LOCAL REDISTRIBUTE dop: 64/64)", "Parent Relationship": "Outer", "Startup Cost": 0.0, "Total Cost": 147310.46, "Plan Rows": 14844648, "Plan Width": 16, "Plans": [{"Node Type": "Seq Scan", "Parent Relationship": "Outer", "Relation Name": "orders", "Alias": "orders", "Startup Cost": 0.0, "Total Cost": 70248.63, "Plan Rows": 14844648, "Plan Width": 16, "Filter": "((o_comment)::text !~~ '%pending%deposits%'::text), (LLVM Optimized)"}]}]}]}]}]}]}]}]}]}]}, "Unique SQL Id": 3026328400}, "explain_analyze_plan": {"Plan": {"Node Type": "Sort", "Startup Cost": 335025.46, "Total Cost": 335025.96, "Plan Rows": 200, "Plan Width": 16, "Actual Min Startup Time": 2750.584, "Actual Max Startup Time": 2750.584, "Actual Min Total Time": 2750.589, "Actual Max Total Time": 2750.589, "Actual Total Rows": 46, "Sort Key": ["(pg_catalog.count(*)) DESC", "c_orders.c_count DESC"], "Sort Method": "quicksort", "Sort Space Min Used": 27, "Sort Space Max Used": 27, "Sort Space Type": "Memory", "Plans": [{"Node Type": "Streaming(type: LOCAL GATHER dop: 1/64)", "Parent Relationship": "Outer", "Startup Cost": 335017.27, "Total Cost": 335017.82, "Plan Rows": 200, "Plan Width": 16, "Actual Min Startup Time": 2749.258, "Actual Max Startup Time": 2749.258, "Actual Min Total Time": 2750.528, "Actual Max Total Time": 2750.528, "Actual Total Rows": 46, "Plans": [{"Node Type": "Aggregate", "Strategy": "Hashed", "Parent Relationship": "Outer", "Startup Cost": 335017.27, "Total Cost": 335017.3, "Plan Rows": 200, "Plan Width": 16, "Actual Min Startup Time": 2431.645, "Actual Max Startup Time": 2514.215, "Actual Min Total Time": 2431.646, "Actual Max Total Time": 2514.215, "Actual Total Rows": 46, "Group By Key": ["c_orders.c_count"], "Plans": [{"Node Type": "Streaming(type: LOCAL REDISTRIBUTE dop: 64/64)", "Parent Relationship": "Outer", "Startup Cost": 335011.66, "Total Cost": 335017.26, "Plan Rows": 200, "Plan Width": 16, "Actual Min Startup Time": 2425.312, "Actual Max Startup Time": 2514.208, "Actual Min Total Time": 2431.542, "Actual Max Total Time": 2514.208, "Actual Total Rows": 2480, "Plans": [{"Node Type": "Aggregate", "Strategy": "Hashed", "Parent Relationship": "Outer", "Startup Cost": 335011.66, "Total Cost": 335011.7, "Plan Rows": 200, "Plan Width": 16, "Actual Min Startup Time": 2241.851, "Actual Max Startup Time": 2525.81, "Actual Min Total Time": 2241.859, "Actual Max Total Time": 2525.818, "Actual Total Rows": 2480, "Group By Key": ["c_orders.c_count"], "Plans": [{"Node Type": "Subquery Scan", "Parent Relationship": "Outer", "Alias": "c_orders", "Startup Cost": 319660.1, "Total Cost": 334894.48, "Plan Rows": 1500000, "Plan Width": 8, "Actual Min Startup Time": 2221.676, "Actual Max Startup Time": 2506.536, "Actual Min Total Time": 2234.332, "Actual Max Total Time": 2519.008, "Actual Total Rows": 1500000, "Plans": [{"Node Type": "Aggregate", "Strategy": "Hashed", "Parent Relationship": "Subquery", "Startup Cost": 319660.1, "Total Cost": 319894.48, "Plan Rows": 1500000, "Plan Width": 24, "Actual Min Startup Time": 2221.673, "Actual Max Startup Time": 2506.533, "Actual Min Total Time": 2230.128, "Actual Max Total Time": 2514.786, "Actual Total Rows": 1500000, "Group By Key": ["customer.c_custkey"], "Plans": [{"Node Type": "Hash Join", "Parent Relationship": "Outer", "Join Type": "Left", "Startup Cost": 150209.8, "Total Cost": 319163.98, "Plan Rows": 6350316, "Plan Width": 16, "Actual Min Startup Time": 636.606, "Actual Max Startup Time": 919.507, "Actual Min Total Time": 2138.845, "Actual Max Total Time": 2429.894, "Actual Total Rows": 15338153, "Inner Unique": false, "Hash Cond": "(customer.c_custkey = orders.o_custkey), (LLVM Optimized, Jit Execute)", "Plans": [{"Node Type": "Streaming(type: LOCAL REDISTRIBUTE dop: 64/1)", "Parent Relationship": "Outer", "Startup Cost": 0.0, "Total Cost": 167581.07, "Plan Rows": 1500000, "Plan Width": 8, "Actual Min Startup Time": 0.052, "Actual Max Startup Time": 4.628, "Actual Min Total Time": 1389.836, "Actual Max Total Time": 1441.594, "Actual Total Rows": 1500000, "Plans": [{"Node Type": "Index Only Scan", "Parent Relationship": "Outer", "Scan Direction": "Forward", "Index Name": "customer_pkey", "Relation Name": "customer", "Alias": "customer", "Startup Cost": 0.0, "Total Cost": 43636.25, "Plan Rows": 1500000, "Plan Width": 8, "Actual Min Startup Time": 0.064, "Actual Max Startup Time": 0.064, "Actual Min Total Time": 315.094, "Actual Max Total Time": 315.094, "Actual Total Rows": 1500000, "Heap Fetches": 0}]}, {"Node Type": "Hash", "Parent Relationship": "Inner", "Startup Cost": 147310.46, "Total Cost": 147310.46, "Plan Rows": 14844648, "Plan Width": 16, "Actual Min Startup Time": 633.821, "Actual Max Startup Time": 918.378, "Actual Min Total Time": 633.821, "Actual Max Total Time": 918.378, "Actual Total Rows": 14838130, "Max Hash Buckets": 262144, "Min Hash Buckets": 262144, "Max Hash Batches": 1, "Min Hash Batches": 1, "Max Original Hash Batches": 1, "Min Original Hash Batches": 1, "Max Peak Memory Usage": 10904, "min Peak Memory Usage": 10904, "Plans": [{"Node Type": "Streaming(type: LOCAL REDISTRIBUTE dop: 64/64)", "Parent Relationship": "Outer", "Startup Cost": 0.0, "Total Cost": 147310.46, "Plan Rows": 14844648, "Plan Width": 16, "Actual Min Startup Time": 0.102, "Actual Max Startup Time": 238.229, "Actual Min Total Time": 515.107, "Actual Max Total Time": 842.333, "Actual Total Rows": 14838130, "Plans": [{"Node Type": "Seq Scan", "Parent Relationship": "Outer", "Relation Name": "orders", "Alias": "orders", "Startup Cost": 0.0, "Total Cost": 70248.63, "Plan Rows": 14844648, "Plan Width": 16, "Actual Min Startup Time": 0.028, "Actual Max Startup Time": 0.058, "Actual Min Total Time": 156.616, "Actual Max Total Time": 179.011, "Actual Total Rows": 14838130, "Filter": "((o_comment)::text !~~ '%pending%deposits%'::text), (LLVM Optimized, Jit Execute)", "Rows Removed by Filter": 161870}]}]}]}]}]}]}]}]}]}]}, "Triggers": [], "Planner Runtime": 1.246, "Total Runtime": 2803.417, "Unique SQL Id": 3026328400}}, "(64, 73)": {"explain_plan": {"Plan": {"Node Type": "Sort", "Startup Cost": 1739109.48, "Total Cost": 1739109.98, "Plan Rows": 200, "Plan Width": 16, "Sort Key": ["(pg_catalog.count(*)) DESC", "c_orders.c_count DESC"], "Plans": [{"Node Type": "Streaming(type: LOCAL GATHER dop: 1/64)", "Parent Relationship": "Outer", "Startup Cost": 1739101.29, "Total Cost": 1739101.84, "Plan Rows": 200, "Plan Width": 16, "Plans": [{"Node Type": "Aggregate", "Strategy": "Hashed", "Parent Relationship": "Outer", "Startup Cost": 1739101.29, "Total Cost": 1739101.32, "Plan Rows": 200, "Plan Width": 16, "Group By Key": ["c_orders.c_count"], "Plans": [{"Node Type": "Streaming(type: LOCAL REDISTRIBUTE dop: 64/64)", "Parent Relationship": "Outer", "Startup Cost": 1739095.68, "Total Cost": 1739101.27, "Plan Rows": 200, "Plan Width": 16, "Plans": [{"Node Type": "Aggregate", "Strategy": "Hashed", "Parent Relationship": "Outer", "Startup Cost": 1739095.68, "Total Cost": 1739095.71, "Plan Rows": 200, "Plan Width": 16, "Group By Key": ["c_orders.c_count"], "Plans": [{"Node Type": "Subquery Scan", "Parent Relationship": "Outer", "Alias": "c_orders", "Startup Cost": 1723744.12, "Total Cost": 1738978.49, "Plan Rows": 1500000, "Plan Width": 8, "Plans": [{"Node Type": "Aggregate", "Strategy": "Hashed", "Parent Relationship": "Subquery", "Startup Cost": 1723744.12, "Total Cost": 1723978.49, "Plan Rows": 1500000, "Plan Width": 24, "Group By Key": ["customer.c_custkey"], "Plans": [{"Node Type": "Hash Join", "Parent Relationship": "Outer", "Join Type": "Right", "Startup Cost": 167874.04, "Total Cost": 1723248.0, "Plan Rows": 6350316, "Plan Width": 16, "Inner Unique": true, "Hash Cond": "(orders.o_custkey = customer.c_custkey), (LLVM Optimized)", "Plans": [{"Node Type": "Streaming(type: LOCAL REDISTRIBUTE dop: 64/64)", "Parent Relationship": "Outer", "Startup Cost": 0.0, "Total Cost": 1553511.91, "Plan Rows": 14844648, "Plan Width": 16, "Plans": [{"Node Type": "Index Scan", "Parent Relationship": "Outer", "Scan Direction": "Forward", "Index Name": "idx_orders_custkey", "Relation Name": "orders", "Alias": "orders", "Startup Cost": 0.0, "Total Cost": 1476450.09, "Plan Rows": 14844648, "Plan Width": 16, "Filter": "((o_comment)::text !~~ '%pending%deposits%'::text), (LLVM Optimized)"}]}, {"Node Type": "Hash", "Parent Relationship": "Inner", "Startup Cost": 167581.07, "Total Cost": 167581.07, "Plan Rows": 1500000, "Plan Width": 8, "Plans": [{"Node Type": "Streaming(type: LOCAL REDISTRIBUTE dop: 64/1)", "Parent Relationship": "Outer", "Startup Cost": 0.0, "Total Cost": 167581.07, "Plan Rows": 1500000, "Plan Width": 8, "Plans": [{"Node Type": "Index Only Scan", "Parent Relationship": "Outer", "Scan Direction": "Forward", "Index Name": "customer_pkey", "Relation Name": "customer", "Alias": "customer", "Startup Cost": 0.0, "Total Cost": 43636.25, "Plan Rows": 1500000, "Plan Width": 8}]}]}]}]}]}]}]}]}]}]}, "Unique SQL Id": 3026328400}, "explain_analyze_plan": {"Plan": {"Node Type": "Sort", "Startup Cost": 1739109.48, "Total Cost": 1739109.98, "Plan Rows": 200, "Plan Width": 16, "Actual Min Startup Time": 3538.406, "Actual Max Startup Time": 3538.406, "Actual Min Total Time": 3538.409, "Actual Max Total Time": 3538.409, "Actual Total Rows": 46, "Sort Key": ["(pg_catalog.count(*)) DESC", "c_orders.c_count DESC"], "Sort Method": "quicksort", "Sort Space Min Used": 27, "Sort Space Max Used": 27, "Sort Space Type": "Memory", "Plans": [{"Node Type": "Streaming(type: LOCAL GATHER dop: 1/64)", "Parent Relationship": "Outer", "Startup Cost": 1739101.29, "Total Cost": 1739101.84, "Plan Rows": 200, "Plan Width": 16, "Actual Min Startup Time": 3536.504, "Actual Max Startup Time": 3536.504, "Actual Min Total Time": 3538.35, "Actual Max Total Time": 3538.35, "Actual Total Rows": 46, "Plans": [{"Node Type": "Aggregate", "Strategy": "Hashed", "Parent Relationship": "Outer", "Startup Cost": 1739101.29, "Total Cost": 1739101.32, "Plan Rows": 200, "Plan Width": 16, "Actual Min Startup Time": 3180.223, "Actual Max Startup Time": 3333.288, "Actual Min Total Time": 3180.223, "Actual Max Total Time": 3333.288, "Actual Total Rows": 46, "Group By Key": ["c_orders.c_count"], "Plans": [{"Node Type": "Streaming(type: LOCAL REDISTRIBUTE dop: 64/64)", "Parent Relationship": "Outer", "Startup Cost": 1739095.68, "Total Cost": 1739101.27, "Plan Rows": 200, "Plan Width": 16, "Actual Min Startup Time": 3173.909, "Actual Max Startup Time": 3333.282, "Actual Min Total Time": 3179.866, "Actual Max Total Time": 3333.282, "Actual Total Rows": 2480, "Plans": [{"Node Type": "Aggregate", "Strategy": "Hashed", "Parent Relationship": "Outer", "Startup Cost": 1739095.68, "Total Cost": 1739095.71, "Plan Rows": 200, "Plan Width": 16, "Actual Min Startup Time": 2997.609, "Actual Max Startup Time": 3300.7, "Actual Min Total Time": 2997.627, "Actual Max Total Time": 3300.708, "Actual Total Rows": 2480, "Group By Key": ["c_orders.c_count"], "Plans": [{"Node Type": "Subquery Scan", "Parent Relationship": "Outer", "Alias": "c_orders", "Startup Cost": 1723744.12, "Total Cost": 1738978.49, "Plan Rows": 1500000, "Plan Width": 8, "Actual Min Startup Time": 2977.383, "Actual Max Startup Time": 3279.953, "Actual Min Total Time": 2989.881, "Actual Max Total Time": 3293.935, "Actual Total Rows": 1500000, "Plans": [{"Node Type": "Aggregate", "Strategy": "Hashed", "Parent Relationship": "Subquery", "Startup Cost": 1723744.12, "Total Cost": 1723978.49, "Plan Rows": 1500000, "Plan Width": 24, "Actual Min Startup Time": 2977.381, "Actual Max Startup Time": 3279.949, "Actual Min Total Time": 2985.759, "Actual Max Total Time": 3289.659, "Actual Total Rows": 1500000, "Group By Key": ["customer.c_custkey"], "Plans": [{"Node Type": "Hash Join", "Parent Relationship": "Outer", "Join Type": "Right", "Startup Cost": 167874.04, "Total Cost": 1723248.0, "Plan Rows": 6350316, "Plan Width": 16, "Actual Min Startup Time": 1509.467, "Actual Max Startup Time": 1811.336, "Actual Min Total Time": 2891.603, "Actual Max Total Time": 3201.686, "Actual Total Rows": 15338153, "Inner Unique": true, "Hash Cond": "(orders.o_custkey = customer.c_custkey), (LLVM Optimized, Jit Execute)", "Plans": [{"Node Type": "Streaming(type: LOCAL REDISTRIBUTE dop: 64/64)", "Parent Relationship": "Outer", "Startup Cost": 0.0, "Total Cost": 1553511.91, "Plan Rows": 14844648, "Plan Width": 16, "Actual Min Startup Time": 0.181, "Actual Max Startup Time": 5.255, "Actual Min Total Time": 1271.738, "Actual Max Total Time": 1309.573, "Actual Total Rows": 14838130, "Plans": [{"Node Type": "Index Scan", "Parent Relationship": "Outer", "Scan Direction": "Forward", "Index Name": "idx_orders_custkey", "Relation Name": "orders", "Alias": "orders", "Startup Cost": 0.0, "Total Cost": 1476450.09, "Plan Rows": 14844648, "Plan Width": 16, "Actual Min Startup Time": 0.045, "Actual Max Startup Time": 248.628, "Actual Min Total Time": 685.027, "Actual Max Total Time": 1152.522, "Actual Total Rows": 14838130, "Filter": "((o_comment)::text !~~ '%pending%deposits%'::text), (LLVM Optimized, Jit Execute)", "Rows Removed by Filter": 161870}]}, {"Node Type": "Hash", "Parent Relationship": "Inner", "Startup Cost": 167581.07, "Total Cost": 167581.07, "Plan Rows": 1500000, "Plan Width": 8, "Actual Min Startup Time": 1509.117, "Actual Max Startup Time": 1810.726, "Actual Min Total Time": 1509.117, "Actual Max Total Time": 1810.726, "Actual Total Rows": 1500000, "Max Hash Buckets": 32768, "Min Hash Buckets": 32768, "Max Hash Batches": 1, "Min Hash Batches": 1, "Max Original Hash Batches": 1, "Min Original Hash Batches": 1, "Max Peak Memory Usage": 915, "min Peak Memory Usage": 915, "Plans": [{"Node Type": "Streaming(type: LOCAL REDISTRIBUTE dop: 64/1)", "Parent Relationship": "Outer", "Startup Cost": 0.0, "Total Cost": 167581.07, "Plan Rows": 1500000, "Plan Width": 8, "Actual Min Startup Time": 0.035, "Actual Max Startup Time": 298.583, "Actual Min Total Time": 1503.219, "Actual Max Total Time": 1802.948, "Actual Total Rows": 1500000, "Plans": [{"Node Type": "Index Only Scan", "Parent Relationship": "Outer", "Scan Direction": "Forward", "Index Name": "customer_pkey", "Relation Name": "customer", "Alias": "customer", "Startup Cost": 0.0, "Total Cost": 43636.25, "Plan Rows": 1500000, "Plan Width": 8, "Actual Min Startup Time": 0.04, "Actual Max Startup Time": 0.04, "Actual Min Total Time": 317.004, "Actual Max Total Time": 317.004, "Actual Total Rows": 1500000, "Heap Fetches": 0}]}]}]}]}]}]}]}]}]}]}, "Triggers": [], "Planner Runtime": 0.987, "Total Runtime": 3591.537, "Unique SQL Id": 3026328400}}, "(64, 74)": {"explain_plan": {"Plan": {"Node Type": "Sort", "Startup Cost": 343515.21, "Total Cost": 343515.71, "Plan Rows": 200, "Plan Width": 16, "Sort Key": ["(pg_catalog.count(*)) DESC", "c_orders.c_count DESC"], "Plans": [{"Node Type": "Streaming(type: LOCAL GATHER dop: 1/64)", "Parent Relationship": "Outer", "Startup Cost": 343507.02, "Total Cost": 343507.57, "Plan Rows": 200, "Plan Width": 16, "Plans": [{"Node Type": "Aggregate", "Strategy": "Hashed", "Parent Relationship": "Outer", "Startup Cost": 343507.02, "Total Cost": 343507.05, "Plan Rows": 200, "Plan Width": 16, "Group By Key": ["c_orders.c_count"], "Plans": [{"Node Type": "Streaming(type: LOCAL REDISTRIBUTE dop: 64/64)", "Parent Relationship": "Outer", "Startup Cost": 343501.41, "Total Cost": 343507.01, "Plan Rows": 200, "Plan Width": 16, "Plans": [{"Node Type": "Aggregate", "Strategy": "Hashed", "Parent Relationship": "Outer", "Startup Cost": 343501.41, "Total Cost": 343501.45, "Plan Rows": 200, "Plan Width": 16, "Group By Key": ["c_orders.c_count"], "Plans": [{"Node Type": "Subquery Scan", "Parent Relationship": "Outer", "Alias": "c_orders", "Startup Cost": 328149.85, "Total Cost": 343384.23, "Plan Rows": 1500000, "Plan Width": 8, "Plans": [{"Node Type": "Aggregate", "Strategy": "Hashed", "Parent Relationship": "Subquery", "Startup Cost": 328149.85, "Total Cost": 328384.23, "Plan Rows": 1500000, "Plan Width": 24, "Group By Key": ["customer.c_custkey"], "Plans": [{"Node Type": "Hash Join", "Parent Relationship": "Outer", "Join Type": "Left", "Startup Cost": 150209.8, "Total Cost": 327653.73, "Plan Rows": 6350316, "Plan Width": 16, "Inner Unique": false, "Hash Cond": "(customer.c_custkey = orders.o_custkey), (LLVM Optimized)", "Plans": [{"Node Type": "Streaming(type: LOCAL REDISTRIBUTE dop: 64/1)", "Parent Relationship": "Outer", "Startup Cost": 0.0, "Total Cost": 176070.82, "Plan Rows": 1500000, "Plan Width": 8, "Plans": [{"Node Type": "Seq Scan", "Parent Relationship": "Outer", "Relation Name": "customer", "Alias": "customer", "Startup Cost": 0.0, "Total Cost": 52126.0, "Plan Rows": 1500000, "Plan Width": 8}]}, {"Node Type": "Hash", "Parent Relationship": "Inner", "Startup Cost": 147310.46, "Total Cost": 147310.46, "Plan Rows": 14844648, "Plan Width": 16, "Plans": [{"Node Type": "Streaming(type: LOCAL REDISTRIBUTE dop: 64/64)", "Parent Relationship": "Outer", "Startup Cost": 0.0, "Total Cost": 147310.46, "Plan Rows": 14844648, "Plan Width": 16, "Plans": [{"Node Type": "Seq Scan", "Parent Relationship": "Outer", "Relation Name": "orders", "Alias": "orders", "Startup Cost": 0.0, "Total Cost": 70248.63, "Plan Rows": 14844648, "Plan Width": 16, "Filter": "((o_comment)::text !~~ '%pending%deposits%'::text), (LLVM Optimized)"}]}]}]}]}]}]}]}]}]}]}, "Unique SQL Id": 3026328400}, "explain_analyze_plan": null}, "(64, 75)": {"explain_plan": {"Plan": {"Node Type": "Sort", "Startup Cost": 2000131988437.04, "Total Cost": 2000131988437.54, "Plan Rows": 200, "Plan Width": 16, "Sort Key": ["(count(*)) DESC", "c_orders.c_count DESC"], "Plans": [{"Node Type": "Aggregate", "Strategy": "Hashed", "Parent Relationship": "Outer", "Startup Cost": 2000131988427.4, "Total Cost": 2000131988429.4, "Plan Rows": 200, "Plan Width": 16, "Group By Key": ["c_orders.c_count"], "Plans": [{"Node Type": "Subquery Scan", "Parent Relationship": "Outer", "Alias": "c_orders", "Startup Cost": 2000131950927.4, "Total Cost": 2000131980927.4, "Plan Rows": 1500000, "Plan Width": 8, "Plans": [{"Node Type": "Aggregate", "Strategy": "Hashed", "Parent Relationship": "Subquery", "Startup Cost": 2000131950927.4, "Total Cost": 2000131965927.4, "Plan Rows": 1500000, "Plan Width": 24, "Group By Key": ["customer.c_custkey"], "Plans": [{"Node Type": "Merge Join", "Parent Relationship": "Outer", "Join Type": "Left", "Startup Cost": 20000000000.0, "Total Cost": 2000131919175.82, "Plan Rows": 6350316, "Plan Width": 16, "Inner Unique": false, "Merge Cond": "(customer.c_custkey = orders.o_custkey)", "Plans": [{"Node Type": "Index Only Scan", "Parent Relationship": "Outer", "Scan Direction": "Forward", "Index Name": "customer_pkey", "Relation Name": "customer", "Alias": "customer", "Startup Cost": 10000000000.0, "Total Cost": 1000004363625.0, "Plan Rows": 1500000, "Plan Width": 8}, {"Node Type": "Index Scan", "Parent Relationship": "Inner", "Scan Direction": "Forward", "Index Name": "idx_orders_custkey", "Relation Name": "orders", "Alias": "orders", "Startup Cost": 10000000000.0, "Total Cost": 1000159801398.83, "Plan Rows": 14844648, "Plan Width": 16, "Filter": "((o_comment)::text !~~ '%pending%deposits%'::text), (LLVM Optimized)"}]}]}]}]}]}, "Unique SQL Id": 3026328400}, "explain_analyze_plan": null}, "(64, 76)": {"explain_plan": {"Plan": {"Node Type": "Sort", "Startup Cost": 343515.21, "Total Cost": 343515.71, "Plan Rows": 200, "Plan Width": 16, "Sort Key": ["(pg_catalog.count(*)) DESC", "c_orders.c_count DESC"], "Plans": [{"Node Type": "Streaming(type: LOCAL GATHER dop: 1/64)", "Parent Relationship": "Outer", "Startup Cost": 343507.02, "Total Cost": 343507.57, "Plan Rows": 200, "Plan Width": 16, "Plans": [{"Node Type": "Aggregate", "Strategy": "Hashed", "Parent Relationship": "Outer", "Startup Cost": 343507.02, "Total Cost": 343507.05, "Plan Rows": 200, "Plan Width": 16, "Group By Key": ["c_orders.c_count"], "Plans": [{"Node Type": "Streaming(type: LOCAL REDISTRIBUTE dop: 64/64)", "Parent Relationship": "Outer", "Startup Cost": 343501.41, "Total Cost": 343507.01, "Plan Rows": 200, "Plan Width": 16, "Plans": [{"Node Type": "Aggregate", "Strategy": "Hashed", "Parent Relationship": "Outer", "Startup Cost": 343501.41, "Total Cost": 343501.45, "Plan Rows": 200, "Plan Width": 16, "Group By Key": ["c_orders.c_count"], "Plans": [{"Node Type": "Subquery Scan", "Parent Relationship": "Outer", "Alias": "c_orders", "Startup Cost": 328149.85, "Total Cost": 343384.23, "Plan Rows": 1500000, "Plan Width": 8, "Plans": [{"Node Type": "Aggregate", "Strategy": "Hashed", "Parent Relationship": "Subquery", "Startup Cost": 328149.85, "Total Cost": 328384.23, "Plan Rows": 1500000, "Plan Width": 24, "Group By Key": ["customer.c_custkey"], "Plans": [{"Node Type": "Hash Join", "Parent Relationship": "Outer", "Join Type": "Left", "Startup Cost": 150209.8, "Total Cost": 327653.73, "Plan Rows": 6350316, "Plan Width": 16, "Inner Unique": false, "Hash Cond": "(customer.c_custkey = orders.o_custkey), (LLVM Optimized)", "Plans": [{"Node Type": "Streaming(type: LOCAL REDISTRIBUTE dop: 64/1)", "Parent Relationship": "Outer", "Startup Cost": 0.0, "Total Cost": 176070.82, "Plan Rows": 1500000, "Plan Width": 8, "Plans": [{"Node Type": "Seq Scan", "Parent Relationship": "Outer", "Relation Name": "customer", "Alias": "customer", "Startup Cost": 0.0, "Total Cost": 52126.0, "Plan Rows": 1500000, "Plan Width": 8}]}, {"Node Type": "Hash", "Parent Relationship": "Inner", "Startup Cost": 147310.46, "Total Cost": 147310.46, "Plan Rows": 14844648, "Plan Width": 16, "Plans": [{"Node Type": "Streaming(type: LOCAL REDISTRIBUTE dop: 64/64)", "Parent Relationship": "Outer", "Startup Cost": 0.0, "Total Cost": 147310.46, "Plan Rows": 14844648, "Plan Width": 16, "Plans": [{"Node Type": "Seq Scan", "Parent Relationship": "Outer", "Relation Name": "orders", "Alias": "orders", "Startup Cost": 0.0, "Total Cost": 70248.63, "Plan Rows": 14844648, "Plan Width": 16, "Filter": "((o_comment)::text !~~ '%pending%deposits%'::text), (LLVM Optimized)"}]}]}]}]}]}]}]}]}]}]}, "Unique SQL Id": 3026328400}, "explain_analyze_plan": null}, "(64, 77)": {"explain_plan": {"Plan": {"Node Type": "Sort", "Startup Cost": 1776238.59, "Total Cost": 1776239.09, "Plan Rows": 200, "Plan Width": 16, "Sort Key": ["(pg_catalog.count(*)) DESC", "c_orders.c_count DESC"], "Plans": [{"Node Type": "Streaming(type: LOCAL GATHER dop: 1/64)", "Parent Relationship": "Outer", "Startup Cost": 1776230.39, "Total Cost": 1776230.94, "Plan Rows": 200, "Plan Width": 16, "Plans": [{"Node Type": "Aggregate", "Strategy": "Hashed", "Parent Relationship": "Outer", "Startup Cost": 1776230.39, "Total Cost": 1776230.43, "Plan Rows": 200, "Plan Width": 16, "Group By Key": ["c_orders.c_count"], "Plans": [{"Node Type": "Streaming(type: LOCAL REDISTRIBUTE dop: 64/64)", "Parent Relationship": "Outer", "Startup Cost": 1776224.79, "Total Cost": 1776230.38, "Plan Rows": 200, "Plan Width": 16, "Plans": [{"Node Type": "Aggregate", "Strategy": "Hashed", "Parent Relationship": "Outer", "Startup Cost": 1776224.79, "Total Cost": 1776224.82, "Plan Rows": 200, "Plan Width": 16, "Group By Key": ["c_orders.c_count"], "Plans": [{"Node Type": "Subquery Scan", "Parent Relationship": "Outer", "Alias": "c_orders", "Startup Cost": 1760873.22, "Total Cost": 1776107.6, "Plan Rows": 1500000, "Plan Width": 8, "Plans": [{"Node Type": "Aggregate", "Strategy": "Hashed", "Parent Relationship": "Subquery", "Startup Cost": 1760873.22, "Total Cost": 1761107.6, "Plan Rows": 1500000, "Plan Width": 24, "Group By Key": ["customer.c_custkey"], "Plans": [{"Node Type": "Hash Join", "Parent Relationship": "Outer", "Join Type": "Right", "Startup Cost": 205003.15, "Total Cost": 1760377.1, "Plan Rows": 6350316, "Plan Width": 16, "Inner Unique": true, "Hash Cond": "(orders.o_custkey = customer.c_custkey), (LLVM Optimized)", "Plans": [{"Node Type": "Streaming(type: LOCAL REDISTRIBUTE dop: 64/64)", "Parent Relationship": "Outer", "Startup Cost": 0.0, "Total Cost": 1553511.91, "Plan Rows": 14844648, "Plan Width": 16, "Plans": [{"Node Type": "Index Scan", "Parent Relationship": "Outer", "Scan Direction": "Forward", "Index Name": "idx_orders_custkey", "Relation Name": "orders", "Alias": "orders", "Startup Cost": 0.0, "Total Cost": 1476450.09, "Plan Rows": 14844648, "Plan Width": 16, "Filter": "((o_comment)::text !~~ '%pending%deposits%'::text), (LLVM Optimized)"}]}, {"Node Type": "Hash", "Parent Relationship": "Inner", "Startup Cost": 204710.18, "Total Cost": 204710.18, "Plan Rows": 1500000, "Plan Width": 8, "Plans": [{"Node Type": "Streaming(type: LOCAL REDISTRIBUTE dop: 64/1)", "Parent Relationship": "Outer", "Startup Cost": 0.0, "Total Cost": 204710.18, "Plan Rows": 1500000, "Plan Width": 8, "Plans": [{"Node Type": "Index Scan", "Parent Relationship": "Outer", "Scan Direction": "Forward", "Index Name": "customer_pkey", "Relation Name": "customer", "Alias": "customer", "Startup Cost": 0.0, "Total Cost": 80765.36, "Plan Rows": 1500000, "Plan Width": 8}]}]}]}]}]}]}]}]}]}]}, "Unique SQL Id": 3026328400}, "explain_analyze_plan": {"Plan": {"Node Type": "Sort", "Startup Cost": 1776238.59, "Total Cost": 1776239.09, "Plan Rows": 200, "Plan Width": 16, "Actual Min Startup Time": 3958.152, "Actual Max Startup Time": 3958.152, "Actual Min Total Time": 3958.156, "Actual Max Total Time": 3958.156, "Actual Total Rows": 46, "Sort Key": ["(pg_catalog.count(*)) DESC", "c_orders.c_count DESC"], "Sort Method": "quicksort", "Sort Space Min Used": 27, "Sort Space Max Used": 27, "Sort Space Type": "Memory", "Plans": [{"Node Type": "Streaming(type: LOCAL GATHER dop: 1/64)", "Parent Relationship": "Outer", "Startup Cost": 1776230.39, "Total Cost": 1776230.94, "Plan Rows": 200, "Plan Width": 16, "Actual Min Startup Time": 3957.212, "Actual Max Startup Time": 3957.212, "Actual Min Total Time": 3958.088, "Actual Max Total Time": 3958.088, "Actual Total Rows": 46, "Plans": [{"Node Type": "Aggregate", "Strategy": "Hashed", "Parent Relationship": "Outer", "Startup Cost": 1776230.39, "Total Cost": 1776230.43, "Plan Rows": 200, "Plan Width": 16, "Actual Min Startup Time": 3630.203, "Actual Max Startup Time": 3743.844, "Actual Min Total Time": 3630.203, "Actual Max Total Time": 3743.844, "Actual Total Rows": 46, "Group By Key": ["c_orders.c_count"], "Plans": [{"Node Type": "Streaming(type: LOCAL REDISTRIBUTE dop: 64/64)", "Parent Relationship": "Outer", "Startup Cost": 1776224.79, "Total Cost": 1776230.38, "Plan Rows": 200, "Plan Width": 16, "Actual Min Startup Time": 3623.72, "Actual Max Startup Time": 3741.366, "Actual Min Total Time": 3630.11, "Actual Max Total Time": 3743.692, "Actual Total Rows": 2480, "Plans": [{"Node Type": "Aggregate", "Strategy": "Hashed", "Parent Relationship": "Outer", "Startup Cost": 1776224.79, "Total Cost": 1776224.82, "Plan Rows": 200, "Plan Width": 16, "Actual Min Startup Time": 3439.367, "Actual Max Startup Time": 3710.831, "Actual Min Total Time": 3439.375, "Actual Max Total Time": 3710.834, "Actual Total Rows": 2480, "Group By Key": ["c_orders.c_count"], "Plans": [{"Node Type": "Subquery Scan", "Parent Relationship": "Outer", "Alias": "c_orders", "Startup Cost": 1760873.22, "Total Cost": 1776107.6, "Plan Rows": 1500000, "Plan Width": 8, "Actual Min Startup Time": 3421.319, "Actual Max Startup Time": 3690.394, "Actual Min Total Time": 3432.328, "Actual Max Total Time": 3703.959, "Actual Total Rows": 1500000, "Plans": [{"Node Type": "Aggregate", "Strategy": "Hashed", "Parent Relationship": "Subquery", "Startup Cost": 1760873.22, "Total Cost": 1761107.6, "Plan Rows": 1500000, "Plan Width": 24, "Actual Min Startup Time": 3421.317, "Actual Max Startup Time": 3690.392, "Actual Min Total Time": 3428.3, "Actual Max Total Time": 3699.713, "Actual Total Rows": 1500000, "Group By Key": ["customer.c_custkey"], "Plans": [{"Node Type": "Hash Join", "Parent Relationship": "Outer", "Join Type": "Right", "Startup Cost": 205003.15, "Total Cost": 1760377.1, "Plan Rows": 6350316, "Plan Width": 16, "Actual Min Startup Time": 1944.419, "Actual Max Startup Time": 2213.485, "Actual Min Total Time": 3336.705, "Actual Max Total Time": 3610.647, "Actual Total Rows": 15338153, "Inner Unique": true, "Hash Cond": "(orders.o_custkey = customer.c_custkey), (LLVM Optimized, Jit Execute)", "Plans": [{"Node Type": "Streaming(type: LOCAL REDISTRIBUTE dop: 64/64)", "Parent Relationship": "Outer", "Startup Cost": 0.0, "Total Cost": 1553511.91, "Plan Rows": 14844648, "Plan Width": 16, "Actual Min Startup Time": 0.178, "Actual Max Startup Time": 5.51, "Actual Min Total Time": 1282.665, "Actual Max Total Time": 1313.983, "Actual Total Rows": 14838130, "Plans": [{"Node Type": "Index Scan", "Parent Relationship": "Outer", "Scan Direction": "Forward", "Index Name": "idx_orders_custkey", "Relation Name": "orders", "Alias": "orders", "Startup Cost": 0.0, "Total Cost": 1476450.09, "Plan Rows": 14844648, "Plan Width": 16, "Actual Min Startup Time": 14.315, "Actual Max Startup Time": 493.281, "Actual Min Total Time": 753.669, "Actual Max Total Time": 1460.27, "Actual Total Rows": 14838130, "Filter": "((o_comment)::text !~~ '%pending%deposits%'::text), (LLVM Optimized, Jit Execute)", "Rows Removed by Filter": 161870}]}, {"Node Type": "Hash", "Parent Relationship": "Inner", "Startup Cost": 204710.18, "Total Cost": 204710.18, "Plan Rows": 1500000, "Plan Width": 8, "Actual Min Startup Time": 1944.008, "Actual Max Startup Time": 2213.155, "Actual Min Total Time": 1944.008, "Actual Max Total Time": 2213.155, "Actual Total Rows": 1500000, "Max Hash Buckets": 32768, "Min Hash Buckets": 32768, "Max Hash Batches": 1, "Min Hash Batches": 1, "Max Original Hash Batches": 1, "Min Original Hash Batches": 1, "Max Peak Memory Usage": 915, "min Peak Memory Usage": 915, "Plans": [{"Node Type": "Streaming(type: LOCAL REDISTRIBUTE dop: 64/1)", "Parent Relationship": "Outer", "Startup Cost": 0.0, "Total Cost": 204710.18, "Plan Rows": 1500000, "Plan Width": 8, "Actual Min Startup Time": 0.037, "Actual Max Startup Time": 268.0, "Actual Min Total Time": 1937.533, "Actual Max Total Time": 2206.398, "Actual Total Rows": 1500000, "Plans": [{"Node Type": "Index Scan", "Parent Relationship": "Outer", "Scan Direction": "Forward", "Index Name": "customer_pkey", "Relation Name": "customer", "Alias": "customer", "Startup Cost": 0.0, "Total Cost": 80765.36, "Plan Rows": 1500000, "Plan Width": 8, "Actual Min Startup Time": 0.046, "Actual Max Startup Time": 0.046, "Actual Min Total Time": 842.206, "Actual Max Total Time": 842.206, "Actual Total Rows": 1500000}]}]}]}]}]}]}]}]}]}]}, "Triggers": [], "Planner Runtime": 0.977, "Total Runtime": 4013.912, "Unique SQL Id": 3026328400}}, "(64, 78)": {"explain_plan": {"Plan": {"Node Type": "Sort", "Startup Cost": 343515.21, "Total Cost": 343515.71, "Plan Rows": 200, "Plan Width": 16, "Sort Key": ["(pg_catalog.count(*)) DESC", "c_orders.c_count DESC"], "Plans": [{"Node Type": "Streaming(type: LOCAL GATHER dop: 1/64)", "Parent Relationship": "Outer", "Startup Cost": 343507.02, "Total Cost": 343507.57, "Plan Rows": 200, "Plan Width": 16, "Plans": [{"Node Type": "Aggregate", "Strategy": "Hashed", "Parent Relationship": "Outer", "Startup Cost": 343507.02, "Total Cost": 343507.05, "Plan Rows": 200, "Plan Width": 16, "Group By Key": ["c_orders.c_count"], "Plans": [{"Node Type": "Streaming(type: LOCAL REDISTRIBUTE dop: 64/64)", "Parent Relationship": "Outer", "Startup Cost": 343501.41, "Total Cost": 343507.01, "Plan Rows": 200, "Plan Width": 16, "Plans": [{"Node Type": "Aggregate", "Strategy": "Hashed", "Parent Relationship": "Outer", "Startup Cost": 343501.41, "Total Cost": 343501.45, "Plan Rows": 200, "Plan Width": 16, "Group By Key": ["c_orders.c_count"], "Plans": [{"Node Type": "Subquery Scan", "Parent Relationship": "Outer", "Alias": "c_orders", "Startup Cost": 328149.85, "Total Cost": 343384.23, "Plan Rows": 1500000, "Plan Width": 8, "Plans": [{"Node Type": "Aggregate", "Strategy": "Hashed", "Parent Relationship": "Subquery", "Startup Cost": 328149.85, "Total Cost": 328384.23, "Plan Rows": 1500000, "Plan Width": 24, "Group By Key": ["customer.c_custkey"], "Plans": [{"Node Type": "Hash Join", "Parent Relationship": "Outer", "Join Type": "Left", "Startup Cost": 150209.8, "Total Cost": 327653.73, "Plan Rows": 6350316, "Plan Width": 16, "Inner Unique": false, "Hash Cond": "(customer.c_custkey = orders.o_custkey), (LLVM Optimized)", "Plans": [{"Node Type": "Streaming(type: LOCAL REDISTRIBUTE dop: 64/1)", "Parent Relationship": "Outer", "Startup Cost": 0.0, "Total Cost": 176070.82, "Plan Rows": 1500000, "Plan Width": 8, "Plans": [{"Node Type": "Seq Scan", "Parent Relationship": "Outer", "Relation Name": "customer", "Alias": "customer", "Startup Cost": 0.0, "Total Cost": 52126.0, "Plan Rows": 1500000, "Plan Width": 8}]}, {"Node Type": "Hash", "Parent Relationship": "Inner", "Startup Cost": 147310.46, "Total Cost": 147310.46, "Plan Rows": 14844648, "Plan Width": 16, "Plans": [{"Node Type": "Streaming(type: LOCAL REDISTRIBUTE dop: 64/64)", "Parent Relationship": "Outer", "Startup Cost": 0.0, "Total Cost": 147310.46, "Plan Rows": 14844648, "Plan Width": 16, "Plans": [{"Node Type": "Seq Scan", "Parent Relationship": "Outer", "Relation Name": "orders", "Alias": "orders", "Startup Cost": 0.0, "Total Cost": 70248.63, "Plan Rows": 14844648, "Plan Width": 16, "Filter": "((o_comment)::text !~~ '%pending%deposits%'::text), (LLVM Optimized)"}]}]}]}]}]}]}]}]}]}]}, "Unique SQL Id": 3026328400}, "explain_analyze_plan": null}, "(64, 79)": {"explain_plan": {"Plan": {"Node Type": "Sort", "Startup Cost": 2000135701347.66, "Total Cost": 2000135701348.16, "Plan Rows": 200, "Plan Width": 16, "Sort Key": ["(count(*)) DESC", "c_orders.c_count DESC"], "Plans": [{"Node Type": "Aggregate", "Strategy": "Hashed", "Parent Relationship": "Outer", "Startup Cost": 2000135701338.02, "Total Cost": 2000135701340.02, "Plan Rows": 200, "Plan Width": 16, "Group By Key": ["c_orders.c_count"], "Plans": [{"Node Type": "Subquery Scan", "Parent Relationship": "Outer", "Alias": "c_orders", "Startup Cost": 2000135663838.02, "Total Cost": 2000135693838.02, "Plan Rows": 1500000, "Plan Width": 8, "Plans": [{"Node Type": "Aggregate", "Strategy": "Hashed", "Parent Relationship": "Subquery", "Startup Cost": 2000135663838.02, "Total Cost": 2000135678838.02, "Plan Rows": 1500000, "Plan Width": 24, "Group By Key": ["customer.c_custkey"], "Plans": [{"Node Type": "Merge Join", "Parent Relationship": "Outer", "Join Type": "Left", "Startup Cost": 20000000000.0, "Total Cost": 2000135632086.44, "Plan Rows": 6350316, "Plan Width": 16, "Inner Unique": false, "Merge Cond": "(customer.c_custkey = orders.o_custkey)", "Plans": [{"Node Type": "Index Scan", "Parent Relationship": "Outer", "Scan Direction": "Forward", "Index Name": "customer_pkey", "Relation Name": "customer", "Alias": "customer", "Startup Cost": 10000000000.0, "Total Cost": 1000008076535.62, "Plan Rows": 1500000, "Plan Width": 8}, {"Node Type": "Index Scan", "Parent Relationship": "Inner", "Scan Direction": "Forward", "Index Name": "idx_orders_custkey", "Relation Name": "orders", "Alias": "orders", "Startup Cost": 10000000000.0, "Total Cost": 1000159801398.83, "Plan Rows": 14844648, "Plan Width": 16, "Filter": "((o_comment)::text !~~ '%pending%deposits%'::text), (LLVM Optimized)"}]}]}]}]}]}, "Unique SQL Id": 3026328400}, "explain_analyze_plan": null}, "(64, 80)": {"explain_plan": {"Plan": {"Node Type": "Sort", "Startup Cost": 1815222.82, "Total Cost": 1815223.32, "Plan Rows": 200, "Plan Width": 16, "Sort Key": ["(count(*)) DESC", "c_orders.c_count DESC"], "Plans": [{"Node Type": "Aggregate", "Strategy": "Hashed", "Parent Relationship": "Outer", "Startup Cost": 1815213.18, "Total Cost": 1815215.18, "Plan Rows": 200, "Plan Width": 16, "Group By Key": ["c_orders.c_count"], "Plans": [{"Node Type": "Subquery Scan", "Parent Relationship": "Outer", "Alias": "c_orders", "Startup Cost": 1777713.18, "Total Cost": 1807713.18, "Plan Rows": 1500000, "Plan Width": 8, "Plans": [{"Node Type": "Aggregate", "Strategy": "Hashed", "Parent Relationship": "Subquery", "Startup Cost": 1777713.18, "Total Cost": 1792713.18, "Plan Rows": 1500000, "Plan Width": 24, "Group By Key": ["customer.c_custkey"], "Plans": [{"Node Type": "Merge Join", "Parent Relationship": "Outer", "Join Type": "Left", "Startup Cost": 0.0, "Total Cost": 1745961.6, "Plan Rows": 6350316, "Plan Width": 16, "Inner Unique": false, "Merge Cond": "(customer.c_custkey = orders.o_custkey)", "Plans": [{"Node Type": "Index Only Scan", "Parent Relationship": "Outer", "Scan Direction": "Forward", "Index Name": "customer_pkey", "Relation Name": "customer", "Alias": "customer", "Startup Cost": 0.0, "Total Cost": 43636.25, "Plan Rows": 1500000, "Plan Width": 8}, {"Node Type": "Index Scan", "Parent Relationship": "Inner", "Scan Direction": "Forward", "Index Name": "idx_orders_custkey", "Relation Name": "orders", "Alias": "orders", "Startup Cost": 0.0, "Total Cost": 1598013.99, "Plan Rows": 14844648, "Plan Width": 16, "Filter": "((o_comment)::text !~~ '%pending%deposits%'::text), (LLVM Optimized)"}]}]}]}]}]}, "Unique SQL Id": 3026328400}, "explain_analyze_plan": null}, "(64, 81)": {"explain_plan": {"Plan": {"Node Type": "Sort", "Startup Cost": 1815222.82, "Total Cost": 1815223.32, "Plan Rows": 200, "Plan Width": 16, "Sort Key": ["(count(*)) DESC", "c_orders.c_count DESC"], "Plans": [{"Node Type": "Aggregate", "Strategy": "Hashed", "Parent Relationship": "Outer", "Startup Cost": 1815213.18, "Total Cost": 1815215.18, "Plan Rows": 200, "Plan Width": 16, "Group By Key": ["c_orders.c_count"], "Plans": [{"Node Type": "Subquery Scan", "Parent Relationship": "Outer", "Alias": "c_orders", "Startup Cost": 1777713.18, "Total Cost": 1807713.18, "Plan Rows": 1500000, "Plan Width": 8, "Plans": [{"Node Type": "Aggregate", "Strategy": "Hashed", "Parent Relationship": "Subquery", "Startup Cost": 1777713.18, "Total Cost": 1792713.18, "Plan Rows": 1500000, "Plan Width": 24, "Group By Key": ["customer.c_custkey"], "Plans": [{"Node Type": "Merge Join", "Parent Relationship": "Outer", "Join Type": "Left", "Startup Cost": 0.0, "Total Cost": 1745961.6, "Plan Rows": 6350316, "Plan Width": 16, "Inner Unique": false, "Merge Cond": "(customer.c_custkey = orders.o_custkey)", "Plans": [{"Node Type": "Index Only Scan", "Parent Relationship": "Outer", "Scan Direction": "Forward", "Index Name": "customer_pkey", "Relation Name": "customer", "Alias": "customer", "Startup Cost": 0.0, "Total Cost": 43636.25, "Plan Rows": 1500000, "Plan Width": 8}, {"Node Type": "Index Scan", "Parent Relationship": "Inner", "Scan Direction": "Forward", "Index Name": "idx_orders_custkey", "Relation Name": "orders", "Alias": "orders", "Startup Cost": 0.0, "Total Cost": 1598013.99, "Plan Rows": 14844648, "Plan Width": 16, "Filter": "((o_comment)::text !~~ '%pending%deposits%'::text), (LLVM Optimized)"}]}]}]}]}]}, "Unique SQL Id": 3026328400}, "explain_analyze_plan": null}, "(64, 82)": {"explain_plan": {"Plan": {"Node Type": "Sort", "Startup Cost": 6922755.22, "Total Cost": 6922755.72, "Plan Rows": 200, "Plan Width": 16, "Sort Key": ["(count(*)) DESC", "c_orders.c_count DESC"], "Plans": [{"Node Type": "Aggregate", "Strategy": "Hashed", "Parent Relationship": "Outer", "Startup Cost": 6922745.58, "Total Cost": 6922747.58, "Plan Rows": 200, "Plan Width": 16, "Group By Key": ["c_orders.c_count"], "Plans": [{"Node Type": "Subquery Scan", "Parent Relationship": "Outer", "Alias": "c_orders", "Startup Cost": 6885245.58, "Total Cost": 6915245.58, "Plan Rows": 1500000, "Plan Width": 8, "Plans": [{"Node Type": "Aggregate", "Strategy": "Hashed", "Parent Relationship": "Subquery", "Startup Cost": 6885245.58, "Total Cost": 6900245.58, "Plan Rows": 1500000, "Plan Width": 24, "Group By Key": ["customer.c_custkey"], "Plans": [{"Node Type": "Nested Loop", "Parent Relationship": "Outer", "Join Type": "Left", "Startup Cost": 0.43, "Total Cost": 6853494.0, "Plan Rows": 6350316, "Plan Width": 16, "Inner Unique": false, "Plans": [{"Node Type": "Seq Scan", "Parent Relationship": "Outer", "Relation Name": "customer", "Alias": "customer", "Startup Cost": 0.0, "Total Cost": 52126.0, "Plan Rows": 1500000, "Plan Width": 8}, {"Node Type": "Bitmap Heap Scan", "Parent Relationship": "Inner", "Relation Name": "orders", "Alias": "orders", "Startup Cost": 0.43, "Total Cost": 4.49, "Plan Rows": 4, "Plan Width": 16, "Recheck Cond": "(customer.c_custkey = o_custkey)", "Filter": "((o_comment)::text !~~ '%pending%deposits%'::text)", "Plans": [{"Node Type": "Bitmap Index Scan", "Parent Relationship": "Outer", "Index Name": "idx_orders_custkey", "Startup Cost": 0.0, "Total Cost": 0.43, "Plan Rows": 4, "Plan Width": 0, "Index Cond": "(customer.c_custkey = o_custkey)"}]}]}]}]}]}]}, "Unique SQL Id": 3026328400}, "explain_analyze_plan": null}, "(64, 83)": {"explain_plan": {"Plan": {"Node Type": "Sort", "Startup Cost": 2990238.6, "Total Cost": 2990239.1, "Plan Rows": 200, "Plan Width": 16, "Sort Key": ["(count(*)) DESC", "c_orders.c_count DESC"], "Plans": [{"Node Type": "Aggregate", "Strategy": "Hashed", "Parent Relationship": "Outer", "Startup Cost": 2990228.95, "Total Cost": 2990230.95, "Plan Rows": 200, "Plan Width": 16, "Group By Key": ["c_orders.c_count"], "Plans": [{"Node Type": "Subquery Scan", "Parent Relationship": "Outer", "Alias": "c_orders", "Startup Cost": 2952728.95, "Total Cost": 2982728.95, "Plan Rows": 1500000, "Plan Width": 8, "Plans": [{"Node Type": "Aggregate", "Strategy": "Hashed", "Parent Relationship": "Subquery", "Startup Cost": 2952728.95, "Total Cost": 2967728.95, "Plan Rows": 1500000, "Plan Width": 24, "Group By Key": ["customer.c_custkey"], "Plans": [{"Node Type": "Merge Join", "Parent Relationship": "Outer", "Join Type": "Left", "Startup Cost": 2775753.4, "Total Cost": 2920977.37, "Plan Rows": 6350316, "Plan Width": 16, "Inner Unique": false, "Merge Cond": "(customer.c_custkey = orders.o_custkey)", "Plans": [{"Node Type": "Sort", "Parent Relationship": "Outer", "Startup Cost": 235011.23, "Total Cost": 238761.23, "Plan Rows": 1500000, "Plan Width": 8, "Sort Key": ["customer.c_custkey"], "Plans": [{"Node Type": "Bitmap Heap Scan", "Parent Relationship": "Outer", "Relation Name": "customer", "Alias": "customer", "Startup Cost": 29011.25, "Total Cost": 81137.25, "Plan Rows": 1500000, "Plan Width": 8, "Plans": [{"Node Type": "Bitmap Index Scan", "Parent Relationship": "Outer", "Index Name": "customer_pkey", "Startup Cost": 0.0, "Total Cost": 28636.25, "Plan Rows": 1500000, "Plan Width": 0}]}]}, {"Node Type": "Sort", "Parent Relationship": "Inner", "Startup Cost": 2540742.17, "Total Cost": 2577853.79, "Plan Rows": 14844648, "Plan Width": 16, "Sort Key": ["orders.o_custkey"], "Plans": [{"Node Type": "Bitmap Heap Scan", "Parent Relationship": "Outer", "Relation Name": "orders", "Alias": "orders", "Startup Cost": 308576.81, "Total Cost": 772489.29, "Plan Rows": 14844648, "Plan Width": 16, "Filter": "((o_comment)::text !~~ '%pending%deposits%'::text), (LLVM Optimized)", "Plans": [{"Node Type": "Bitmap Index Scan", "Parent Relationship": "Outer", "Index Name": "idx_orders_custkey", "Startup Cost": 0.0, "Total Cost": 304865.65, "Plan Rows": 14999479, "Plan Width": 0}]}]}]}]}]}]}]}, "Unique SQL Id": 3026328400}, "explain_analyze_plan": null}, "(64, 84)": {"explain_plan": {"Plan": {"Node Type": "Sort", "Startup Cost": 1852351.93, "Total Cost": 1852352.43, "Plan Rows": 200, "Plan Width": 16, "Sort Key": ["(count(*)) DESC", "c_orders.c_count DESC"], "Plans": [{"Node Type": "Aggregate", "Strategy": "Hashed", "Parent Relationship": "Outer", "Startup Cost": 1852342.28, "Total Cost": 1852344.28, "Plan Rows": 200, "Plan Width": 16, "Group By Key": ["c_orders.c_count"], "Plans": [{"Node Type": "Subquery Scan", "Parent Relationship": "Outer", "Alias": "c_orders", "Startup Cost": 1814842.28, "Total Cost": 1844842.28, "Plan Rows": 1500000, "Plan Width": 8, "Plans": [{"Node Type": "Aggregate", "Strategy": "Hashed", "Parent Relationship": "Subquery", "Startup Cost": 1814842.28, "Total Cost": 1829842.28, "Plan Rows": 1500000, "Plan Width": 24, "Group By Key": ["customer.c_custkey"], "Plans": [{"Node Type": "Merge Join", "Parent Relationship": "Outer", "Join Type": "Left", "Startup Cost": 0.0, "Total Cost": 1783090.7, "Plan Rows": 6350316, "Plan Width": 16, "Inner Unique": false, "Merge Cond": "(customer.c_custkey = orders.o_custkey)", "Plans": [{"Node Type": "Index Scan", "Parent Relationship": "Outer", "Scan Direction": "Forward", "Index Name": "customer_pkey", "Relation Name": "customer", "Alias": "customer", "Startup Cost": 0.0, "Total Cost": 80765.36, "Plan Rows": 1500000, "Plan Width": 8}, {"Node Type": "Index Scan", "Parent Relationship": "Inner", "Scan Direction": "Forward", "Index Name": "idx_orders_custkey", "Relation Name": "orders", "Alias": "orders", "Startup Cost": 0.0, "Total Cost": 1598013.99, "Plan Rows": 14844648, "Plan Width": 16, "Filter": "((o_comment)::text !~~ '%pending%deposits%'::text), (LLVM Optimized)"}]}]}]}]}]}, "Unique SQL Id": 3026328400}, "explain_analyze_plan": null}, "(64, 85)": {"explain_plan": {"Plan": {"Node Type": "Sort", "Startup Cost": 1852351.93, "Total Cost": 1852352.43, "Plan Rows": 200, "Plan Width": 16, "Sort Key": ["(count(*)) DESC", "c_orders.c_count DESC"], "Plans": [{"Node Type": "Aggregate", "Strategy": "Hashed", "Parent Relationship": "Outer", "Startup Cost": 1852342.28, "Total Cost": 1852344.28, "Plan Rows": 200, "Plan Width": 16, "Group By Key": ["c_orders.c_count"], "Plans": [{"Node Type": "Subquery Scan", "Parent Relationship": "Outer", "Alias": "c_orders", "Startup Cost": 1814842.28, "Total Cost": 1844842.28, "Plan Rows": 1500000, "Plan Width": 8, "Plans": [{"Node Type": "Aggregate", "Strategy": "Hashed", "Parent Relationship": "Subquery", "Startup Cost": 1814842.28, "Total Cost": 1829842.28, "Plan Rows": 1500000, "Plan Width": 24, "Group By Key": ["customer.c_custkey"], "Plans": [{"Node Type": "Merge Join", "Parent Relationship": "Outer", "Join Type": "Left", "Startup Cost": 0.0, "Total Cost": 1783090.7, "Plan Rows": 6350316, "Plan Width": 16, "Inner Unique": false, "Merge Cond": "(customer.c_custkey = orders.o_custkey)", "Plans": [{"Node Type": "Index Scan", "Parent Relationship": "Outer", "Scan Direction": "Forward", "Index Name": "customer_pkey", "Relation Name": "customer", "Alias": "customer", "Startup Cost": 0.0, "Total Cost": 80765.36, "Plan Rows": 1500000, "Plan Width": 8}, {"Node Type": "Index Scan", "Parent Relationship": "Inner", "Scan Direction": "Forward", "Index Name": "idx_orders_custkey", "Relation Name": "orders", "Alias": "orders", "Startup Cost": 0.0, "Total Cost": 1598013.99, "Plan Rows": 14844648, "Plan Width": 16, "Filter": "((o_comment)::text !~~ '%pending%deposits%'::text), (LLVM Optimized)"}]}]}]}]}]}, "Unique SQL Id": 3026328400}, "explain_analyze_plan": null}, "(64, 86)": {"explain_plan": {"Plan": {"Node Type": "Sort", "Startup Cost": 6922755.22, "Total Cost": 6922755.72, "Plan Rows": 200, "Plan Width": 16, "Sort Key": ["(count(*)) DESC", "c_orders.c_count DESC"], "Plans": [{"Node Type": "Aggregate", "Strategy": "Hashed", "Parent Relationship": "Outer", "Startup Cost": 6922745.58, "Total Cost": 6922747.58, "Plan Rows": 200, "Plan Width": 16, "Group By Key": ["c_orders.c_count"], "Plans": [{"Node Type": "Subquery Scan", "Parent Relationship": "Outer", "Alias": "c_orders", "Startup Cost": 6885245.58, "Total Cost": 6915245.58, "Plan Rows": 1500000, "Plan Width": 8, "Plans": [{"Node Type": "Aggregate", "Strategy": "Hashed", "Parent Relationship": "Subquery", "Startup Cost": 6885245.58, "Total Cost": 6900245.58, "Plan Rows": 1500000, "Plan Width": 24, "Group By Key": ["customer.c_custkey"], "Plans": [{"Node Type": "Nested Loop", "Parent Relationship": "Outer", "Join Type": "Left", "Startup Cost": 0.43, "Total Cost": 6853494.0, "Plan Rows": 6350316, "Plan Width": 16, "Inner Unique": false, "Plans": [{"Node Type": "Seq Scan", "Parent Relationship": "Outer", "Relation Name": "customer", "Alias": "customer", "Startup Cost": 0.0, "Total Cost": 52126.0, "Plan Rows": 1500000, "Plan Width": 8}, {"Node Type": "Bitmap Heap Scan", "Parent Relationship": "Inner", "Relation Name": "orders", "Alias": "orders", "Startup Cost": 0.43, "Total Cost": 4.49, "Plan Rows": 4, "Plan Width": 16, "Recheck Cond": "(customer.c_custkey = o_custkey)", "Filter": "((o_comment)::text !~~ '%pending%deposits%'::text)", "Plans": [{"Node Type": "Bitmap Index Scan", "Parent Relationship": "Outer", "Index Name": "idx_orders_custkey", "Startup Cost": 0.0, "Total Cost": 0.43, "Plan Rows": 4, "Plan Width": 0, "Index Cond": "(customer.c_custkey = o_custkey)"}]}]}]}]}]}]}, "Unique SQL Id": 3026328400}, "explain_analyze_plan": null}, "(64, 87)": {"explain_plan": {"Plan": {"Node Type": "Sort", "Startup Cost": 2990238.6, "Total Cost": 2990239.1, "Plan Rows": 200, "Plan Width": 16, "Sort Key": ["(count(*)) DESC", "c_orders.c_count DESC"], "Plans": [{"Node Type": "Aggregate", "Strategy": "Hashed", "Parent Relationship": "Outer", "Startup Cost": 2990228.95, "Total Cost": 2990230.95, "Plan Rows": 200, "Plan Width": 16, "Group By Key": ["c_orders.c_count"], "Plans": [{"Node Type": "Subquery Scan", "Parent Relationship": "Outer", "Alias": "c_orders", "Startup Cost": 2952728.95, "Total Cost": 2982728.95, "Plan Rows": 1500000, "Plan Width": 8, "Plans": [{"Node Type": "Aggregate", "Strategy": "Hashed", "Parent Relationship": "Subquery", "Startup Cost": 2952728.95, "Total Cost": 2967728.95, "Plan Rows": 1500000, "Plan Width": 24, "Group By Key": ["customer.c_custkey"], "Plans": [{"Node Type": "Merge Join", "Parent Relationship": "Outer", "Join Type": "Left", "Startup Cost": 2775753.4, "Total Cost": 2920977.37, "Plan Rows": 6350316, "Plan Width": 16, "Inner Unique": false, "Merge Cond": "(customer.c_custkey = orders.o_custkey)", "Plans": [{"Node Type": "Sort", "Parent Relationship": "Outer", "Startup Cost": 235011.23, "Total Cost": 238761.23, "Plan Rows": 1500000, "Plan Width": 8, "Sort Key": ["customer.c_custkey"], "Plans": [{"Node Type": "Bitmap Heap Scan", "Parent Relationship": "Outer", "Relation Name": "customer", "Alias": "customer", "Startup Cost": 29011.25, "Total Cost": 81137.25, "Plan Rows": 1500000, "Plan Width": 8, "Plans": [{"Node Type": "Bitmap Index Scan", "Parent Relationship": "Outer", "Index Name": "customer_pkey", "Startup Cost": 0.0, "Total Cost": 28636.25, "Plan Rows": 1500000, "Plan Width": 0}]}]}, {"Node Type": "Sort", "Parent Relationship": "Inner", "Startup Cost": 2540742.17, "Total Cost": 2577853.79, "Plan Rows": 14844648, "Plan Width": 16, "Sort Key": ["orders.o_custkey"], "Plans": [{"Node Type": "Bitmap Heap Scan", "Parent Relationship": "Outer", "Relation Name": "orders", "Alias": "orders", "Startup Cost": 308576.81, "Total Cost": 772489.29, "Plan Rows": 14844648, "Plan Width": 16, "Filter": "((o_comment)::text !~~ '%pending%deposits%'::text), (LLVM Optimized)", "Plans": [{"Node Type": "Bitmap Index Scan", "Parent Relationship": "Outer", "Index Name": "idx_orders_custkey", "Startup Cost": 0.0, "Total Cost": 304865.65, "Plan Rows": 14999479, "Plan Width": 0}]}]}]}]}]}]}]}, "Unique SQL Id": 3026328400}, "explain_analyze_plan": null}, "(64, 88)": {"explain_plan": {"Plan": {"Node Type": "Sort", "Startup Cost": 1815222.82, "Total Cost": 1815223.32, "Plan Rows": 200, "Plan Width": 16, "Sort Key": ["(count(*)) DESC", "c_orders.c_count DESC"], "Plans": [{"Node Type": "Aggregate", "Strategy": "Hashed", "Parent Relationship": "Outer", "Startup Cost": 1815213.18, "Total Cost": 1815215.18, "Plan Rows": 200, "Plan Width": 16, "Group By Key": ["c_orders.c_count"], "Plans": [{"Node Type": "Subquery Scan", "Parent Relationship": "Outer", "Alias": "c_orders", "Startup Cost": 1777713.18, "Total Cost": 1807713.18, "Plan Rows": 1500000, "Plan Width": 8, "Plans": [{"Node Type": "Aggregate", "Strategy": "Hashed", "Parent Relationship": "Subquery", "Startup Cost": 1777713.18, "Total Cost": 1792713.18, "Plan Rows": 1500000, "Plan Width": 24, "Group By Key": ["customer.c_custkey"], "Plans": [{"Node Type": "Merge Join", "Parent Relationship": "Outer", "Join Type": "Left", "Startup Cost": 0.0, "Total Cost": 1745961.6, "Plan Rows": 6350316, "Plan Width": 16, "Inner Unique": false, "Merge Cond": "(customer.c_custkey = orders.o_custkey)", "Plans": [{"Node Type": "Index Only Scan", "Parent Relationship": "Outer", "Scan Direction": "Forward", "Index Name": "customer_pkey", "Relation Name": "customer", "Alias": "customer", "Startup Cost": 0.0, "Total Cost": 43636.25, "Plan Rows": 1500000, "Plan Width": 8}, {"Node Type": "Index Scan", "Parent Relationship": "Inner", "Scan Direction": "Forward", "Index Name": "idx_orders_custkey", "Relation Name": "orders", "Alias": "orders", "Startup Cost": 0.0, "Total Cost": 1598013.99, "Plan Rows": 14844648, "Plan Width": 16, "Filter": "((o_comment)::text !~~ '%pending%deposits%'::text), (LLVM Optimized)"}]}]}]}]}]}, "Unique SQL Id": 3026328400}, "explain_analyze_plan": null}, "(64, 89)": {"explain_plan": {"Plan": {"Node Type": "Sort", "Startup Cost": 1815222.82, "Total Cost": 1815223.32, "Plan Rows": 200, "Plan Width": 16, "Sort Key": ["(count(*)) DESC", "c_orders.c_count DESC"], "Plans": [{"Node Type": "Aggregate", "Strategy": "Hashed", "Parent Relationship": "Outer", "Startup Cost": 1815213.18, "Total Cost": 1815215.18, "Plan Rows": 200, "Plan Width": 16, "Group By Key": ["c_orders.c_count"], "Plans": [{"Node Type": "Subquery Scan", "Parent Relationship": "Outer", "Alias": "c_orders", "Startup Cost": 1777713.18, "Total Cost": 1807713.18, "Plan Rows": 1500000, "Plan Width": 8, "Plans": [{"Node Type": "Aggregate", "Strategy": "Hashed", "Parent Relationship": "Subquery", "Startup Cost": 1777713.18, "Total Cost": 1792713.18, "Plan Rows": 1500000, "Plan Width": 24, "Group By Key": ["customer.c_custkey"], "Plans": [{"Node Type": "Merge Join", "Parent Relationship": "Outer", "Join Type": "Left", "Startup Cost": 0.0, "Total Cost": 1745961.6, "Plan Rows": 6350316, "Plan Width": 16, "Inner Unique": false, "Merge Cond": "(customer.c_custkey = orders.o_custkey)", "Plans": [{"Node Type": "Index Only Scan", "Parent Relationship": "Outer", "Scan Direction": "Forward", "Index Name": "customer_pkey", "Relation Name": "customer", "Alias": "customer", "Startup Cost": 0.0, "Total Cost": 43636.25, "Plan Rows": 1500000, "Plan Width": 8}, {"Node Type": "Index Scan", "Parent Relationship": "Inner", "Scan Direction": "Forward", "Index Name": "idx_orders_custkey", "Relation Name": "orders", "Alias": "orders", "Startup Cost": 0.0, "Total Cost": 1598013.99, "Plan Rows": 14844648, "Plan Width": 16, "Filter": "((o_comment)::text !~~ '%pending%deposits%'::text), (LLVM Optimized)"}]}]}]}]}]}, "Unique SQL Id": 3026328400}, "explain_analyze_plan": null}, "(64, 90)": {"explain_plan": {"Plan": {"Node Type": "Sort", "Startup Cost": 100818696342.13, "Total Cost": 100818696342.63, "Plan Rows": 200, "Plan Width": 16, "Sort Key": ["(pg_catalog.count(*)) DESC", "c_orders.c_count DESC"], "Plans": [{"Node Type": "Streaming(type: LOCAL GATHER dop: 1/64)", "Parent Relationship": "Outer", "Startup Cost": 100818696333.94, "Total Cost": 100818696334.48, "Plan Rows": 200, "Plan Width": 16, "Plans": [{"Node Type": "Aggregate", "Strategy": "Hashed", "Parent Relationship": "Outer", "Startup Cost": 100818696333.94, "Total Cost": 100818696333.97, "Plan Rows": 200, "Plan Width": 16, "Group By Key": ["c_orders.c_count"], "Plans": [{"Node Type": "Streaming(type: LOCAL REDISTRIBUTE dop: 64/64)", "Parent Relationship": "Outer", "Startup Cost": 100818696328.33, "Total Cost": 100818696333.92, "Plan Rows": 200, "Plan Width": 16, "Plans": [{"Node Type": "Aggregate", "Strategy": "Hashed", "Parent Relationship": "Outer", "Startup Cost": 100818696328.33, "Total Cost": 100818696328.36, "Plan Rows": 200, "Plan Width": 16, "Group By Key": ["c_orders.c_count"], "Plans": [{"Node Type": "Subquery Scan", "Parent Relationship": "Outer", "Alias": "c_orders", "Startup Cost": 100818680976.77, "Total Cost": 100818696211.14, "Plan Rows": 1500000, "Plan Width": 8, "Plans": [{"Node Type": "Aggregate", "Strategy": "Hashed", "Parent Relationship": "Subquery", "Startup Cost": 100818680976.77, "Total Cost": 100818681211.14, "Plan Rows": 1500000, "Plan Width": 24, "Group By Key": ["customer.c_custkey"], "Plans": [{"Node Type": "Nested Loop", "Parent Relationship": "Outer", "Join Type": "Left", "Startup Cost": 10000000000.0, "Total Cost": 100818680480.65, "Plan Rows": 6350316, "Plan Width": 16, "Inner Unique": false, "Join Filter": "(customer.c_custkey = orders.o_custkey), (LLVM Optimized)", "Plans": [{"Node Type": "Streaming(type: LOCAL REDISTRIBUTE dop: 64/1)", "Parent Relationship": "Outer", "Startup Cost": 0.0, "Total Cost": 176070.82, "Plan Rows": 1500000, "Plan Width": 8, "Plans": [{"Node Type": "Seq Scan", "Parent Relationship": "Outer", "Relation Name": "customer", "Alias": "customer", "Startup Cost": 0.0, "Total Cost": 52126.0, "Plan Rows": 1500000, "Plan Width": 8}]}, {"Node Type": "Materialize", "Parent Relationship": "Inner", "Startup Cost": 0.0, "Total Cost": 148470.2, "Plan Rows": 14844648, "Plan Width": 16, "Plans": [{"Node Type": "Streaming(type: LOCAL REDISTRIBUTE dop: 64/64)", "Parent Relationship": "Outer", "Startup Cost": 0.0, "Total Cost": 147310.46, "Plan Rows": 14844648, "Plan Width": 16, "Plans": [{"Node Type": "Seq Scan", "Parent Relationship": "Outer", "Relation Name": "orders", "Alias": "orders", "Startup Cost": 0.0, "Total Cost": 70248.63, "Plan Rows": 14844648, "Plan Width": 16, "Filter": "((o_comment)::text !~~ '%pending%deposits%'::text), (LLVM Optimized)"}]}]}]}]}]}]}]}]}]}]}, "Unique SQL Id": 3026328400}, "explain_analyze_plan": null}, "(64, 91)": {"explain_plan": {"Plan": {"Node Type": "Sort", "Startup Cost": 2000131988437.04, "Total Cost": 2000131988437.54, "Plan Rows": 200, "Plan Width": 16, "Sort Key": ["(count(*)) DESC", "c_orders.c_count DESC"], "Plans": [{"Node Type": "Aggregate", "Strategy": "Hashed", "Parent Relationship": "Outer", "Startup Cost": 2000131988427.4, "Total Cost": 2000131988429.4, "Plan Rows": 200, "Plan Width": 16, "Group By Key": ["c_orders.c_count"], "Plans": [{"Node Type": "Subquery Scan", "Parent Relationship": "Outer", "Alias": "c_orders", "Startup Cost": 2000131950927.4, "Total Cost": 2000131980927.4, "Plan Rows": 1500000, "Plan Width": 8, "Plans": [{"Node Type": "Aggregate", "Strategy": "Hashed", "Parent Relationship": "Subquery", "Startup Cost": 2000131950927.4, "Total Cost": 2000131965927.4, "Plan Rows": 1500000, "Plan Width": 24, "Group By Key": ["customer.c_custkey"], "Plans": [{"Node Type": "Merge Join", "Parent Relationship": "Outer", "Join Type": "Left", "Startup Cost": 20000000000.0, "Total Cost": 2000131919175.82, "Plan Rows": 6350316, "Plan Width": 16, "Inner Unique": false, "Merge Cond": "(customer.c_custkey = orders.o_custkey)", "Plans": [{"Node Type": "Index Only Scan", "Parent Relationship": "Outer", "Scan Direction": "Forward", "Index Name": "customer_pkey", "Relation Name": "customer", "Alias": "customer", "Startup Cost": 10000000000.0, "Total Cost": 1000004363625.0, "Plan Rows": 1500000, "Plan Width": 8}, {"Node Type": "Index Scan", "Parent Relationship": "Inner", "Scan Direction": "Forward", "Index Name": "idx_orders_custkey", "Relation Name": "orders", "Alias": "orders", "Startup Cost": 10000000000.0, "Total Cost": 1000159801398.83, "Plan Rows": 14844648, "Plan Width": 16, "Filter": "((o_comment)::text !~~ '%pending%deposits%'::text), (LLVM Optimized)"}]}]}]}]}]}, "Unique SQL Id": 3026328400}, "explain_analyze_plan": null}, "(64, 92)": {"explain_plan": {"Plan": {"Node Type": "Sort", "Startup Cost": 1852351.93, "Total Cost": 1852352.43, "Plan Rows": 200, "Plan Width": 16, "Sort Key": ["(count(*)) DESC", "c_orders.c_count DESC"], "Plans": [{"Node Type": "Aggregate", "Strategy": "Hashed", "Parent Relationship": "Outer", "Startup Cost": 1852342.28, "Total Cost": 1852344.28, "Plan Rows": 200, "Plan Width": 16, "Group By Key": ["c_orders.c_count"], "Plans": [{"Node Type": "Subquery Scan", "Parent Relationship": "Outer", "Alias": "c_orders", "Startup Cost": 1814842.28, "Total Cost": 1844842.28, "Plan Rows": 1500000, "Plan Width": 8, "Plans": [{"Node Type": "Aggregate", "Strategy": "Hashed", "Parent Relationship": "Subquery", "Startup Cost": 1814842.28, "Total Cost": 1829842.28, "Plan Rows": 1500000, "Plan Width": 24, "Group By Key": ["customer.c_custkey"], "Plans": [{"Node Type": "Merge Join", "Parent Relationship": "Outer", "Join Type": "Left", "Startup Cost": 0.0, "Total Cost": 1783090.7, "Plan Rows": 6350316, "Plan Width": 16, "Inner Unique": false, "Merge Cond": "(customer.c_custkey = orders.o_custkey)", "Plans": [{"Node Type": "Index Scan", "Parent Relationship": "Outer", "Scan Direction": "Forward", "Index Name": "customer_pkey", "Relation Name": "customer", "Alias": "customer", "Startup Cost": 0.0, "Total Cost": 80765.36, "Plan Rows": 1500000, "Plan Width": 8}, {"Node Type": "Index Scan", "Parent Relationship": "Inner", "Scan Direction": "Forward", "Index Name": "idx_orders_custkey", "Relation Name": "orders", "Alias": "orders", "Startup Cost": 0.0, "Total Cost": 1598013.99, "Plan Rows": 14844648, "Plan Width": 16, "Filter": "((o_comment)::text !~~ '%pending%deposits%'::text), (LLVM Optimized)"}]}]}]}]}]}, "Unique SQL Id": 3026328400}, "explain_analyze_plan": null}, "(64, 93)": {"explain_plan": {"Plan": {"Node Type": "Sort", "Startup Cost": 1852351.93, "Total Cost": 1852352.43, "Plan Rows": 200, "Plan Width": 16, "Sort Key": ["(count(*)) DESC", "c_orders.c_count DESC"], "Plans": [{"Node Type": "Aggregate", "Strategy": "Hashed", "Parent Relationship": "Outer", "Startup Cost": 1852342.28, "Total Cost": 1852344.28, "Plan Rows": 200, "Plan Width": 16, "Group By Key": ["c_orders.c_count"], "Plans": [{"Node Type": "Subquery Scan", "Parent Relationship": "Outer", "Alias": "c_orders", "Startup Cost": 1814842.28, "Total Cost": 1844842.28, "Plan Rows": 1500000, "Plan Width": 8, "Plans": [{"Node Type": "Aggregate", "Strategy": "Hashed", "Parent Relationship": "Subquery", "Startup Cost": 1814842.28, "Total Cost": 1829842.28, "Plan Rows": 1500000, "Plan Width": 24, "Group By Key": ["customer.c_custkey"], "Plans": [{"Node Type": "Merge Join", "Parent Relationship": "Outer", "Join Type": "Left", "Startup Cost": 0.0, "Total Cost": 1783090.7, "Plan Rows": 6350316, "Plan Width": 16, "Inner Unique": false, "Merge Cond": "(customer.c_custkey = orders.o_custkey)", "Plans": [{"Node Type": "Index Scan", "Parent Relationship": "Outer", "Scan Direction": "Forward", "Index Name": "customer_pkey", "Relation Name": "customer", "Alias": "customer", "Startup Cost": 0.0, "Total Cost": 80765.36, "Plan Rows": 1500000, "Plan Width": 8}, {"Node Type": "Index Scan", "Parent Relationship": "Inner", "Scan Direction": "Forward", "Index Name": "idx_orders_custkey", "Relation Name": "orders", "Alias": "orders", "Startup Cost": 0.0, "Total Cost": 1598013.99, "Plan Rows": 14844648, "Plan Width": 16, "Filter": "((o_comment)::text !~~ '%pending%deposits%'::text), (LLVM Optimized)"}]}]}]}]}]}, "Unique SQL Id": 3026328400}, "explain_analyze_plan": null}, "(64, 94)": {"explain_plan": {"Plan": {"Node Type": "Sort", "Startup Cost": 100818696342.13, "Total Cost": 100818696342.63, "Plan Rows": 200, "Plan Width": 16, "Sort Key": ["(pg_catalog.count(*)) DESC", "c_orders.c_count DESC"], "Plans": [{"Node Type": "Streaming(type: LOCAL GATHER dop: 1/64)", "Parent Relationship": "Outer", "Startup Cost": 100818696333.94, "Total Cost": 100818696334.48, "Plan Rows": 200, "Plan Width": 16, "Plans": [{"Node Type": "Aggregate", "Strategy": "Hashed", "Parent Relationship": "Outer", "Startup Cost": 100818696333.94, "Total Cost": 100818696333.97, "Plan Rows": 200, "Plan Width": 16, "Group By Key": ["c_orders.c_count"], "Plans": [{"Node Type": "Streaming(type: LOCAL REDISTRIBUTE dop: 64/64)", "Parent Relationship": "Outer", "Startup Cost": 100818696328.33, "Total Cost": 100818696333.92, "Plan Rows": 200, "Plan Width": 16, "Plans": [{"Node Type": "Aggregate", "Strategy": "Hashed", "Parent Relationship": "Outer", "Startup Cost": 100818696328.33, "Total Cost": 100818696328.36, "Plan Rows": 200, "Plan Width": 16, "Group By Key": ["c_orders.c_count"], "Plans": [{"Node Type": "Subquery Scan", "Parent Relationship": "Outer", "Alias": "c_orders", "Startup Cost": 100818680976.77, "Total Cost": 100818696211.14, "Plan Rows": 1500000, "Plan Width": 8, "Plans": [{"Node Type": "Aggregate", "Strategy": "Hashed", "Parent Relationship": "Subquery", "Startup Cost": 100818680976.77, "Total Cost": 100818681211.14, "Plan Rows": 1500000, "Plan Width": 24, "Group By Key": ["customer.c_custkey"], "Plans": [{"Node Type": "Nested Loop", "Parent Relationship": "Outer", "Join Type": "Left", "Startup Cost": 10000000000.0, "Total Cost": 100818680480.65, "Plan Rows": 6350316, "Plan Width": 16, "Inner Unique": false, "Join Filter": "(customer.c_custkey = orders.o_custkey), (LLVM Optimized)", "Plans": [{"Node Type": "Streaming(type: LOCAL REDISTRIBUTE dop: 64/1)", "Parent Relationship": "Outer", "Startup Cost": 0.0, "Total Cost": 176070.82, "Plan Rows": 1500000, "Plan Width": 8, "Plans": [{"Node Type": "Seq Scan", "Parent Relationship": "Outer", "Relation Name": "customer", "Alias": "customer", "Startup Cost": 0.0, "Total Cost": 52126.0, "Plan Rows": 1500000, "Plan Width": 8}]}, {"Node Type": "Materialize", "Parent Relationship": "Inner", "Startup Cost": 0.0, "Total Cost": 148470.2, "Plan Rows": 14844648, "Plan Width": 16, "Plans": [{"Node Type": "Streaming(type: LOCAL REDISTRIBUTE dop: 64/64)", "Parent Relationship": "Outer", "Startup Cost": 0.0, "Total Cost": 147310.46, "Plan Rows": 14844648, "Plan Width": 16, "Plans": [{"Node Type": "Seq Scan", "Parent Relationship": "Outer", "Relation Name": "orders", "Alias": "orders", "Startup Cost": 0.0, "Total Cost": 70248.63, "Plan Rows": 14844648, "Plan Width": 16, "Filter": "((o_comment)::text !~~ '%pending%deposits%'::text), (LLVM Optimized)"}]}]}]}]}]}]}]}]}]}]}, "Unique SQL Id": 3026328400}, "explain_analyze_plan": null}, "(64, 95)": {"explain_plan": {"Plan": {"Node Type": "Sort", "Startup Cost": 2000135701347.66, "Total Cost": 2000135701348.16, "Plan Rows": 200, "Plan Width": 16, "Sort Key": ["(count(*)) DESC", "c_orders.c_count DESC"], "Plans": [{"Node Type": "Aggregate", "Strategy": "Hashed", "Parent Relationship": "Outer", "Startup Cost": 2000135701338.02, "Total Cost": 2000135701340.02, "Plan Rows": 200, "Plan Width": 16, "Group By Key": ["c_orders.c_count"], "Plans": [{"Node Type": "Subquery Scan", "Parent Relationship": "Outer", "Alias": "c_orders", "Startup Cost": 2000135663838.02, "Total Cost": 2000135693838.02, "Plan Rows": 1500000, "Plan Width": 8, "Plans": [{"Node Type": "Aggregate", "Strategy": "Hashed", "Parent Relationship": "Subquery", "Startup Cost": 2000135663838.02, "Total Cost": 2000135678838.02, "Plan Rows": 1500000, "Plan Width": 24, "Group By Key": ["customer.c_custkey"], "Plans": [{"Node Type": "Merge Join", "Parent Relationship": "Outer", "Join Type": "Left", "Startup Cost": 20000000000.0, "Total Cost": 2000135632086.44, "Plan Rows": 6350316, "Plan Width": 16, "Inner Unique": false, "Merge Cond": "(customer.c_custkey = orders.o_custkey)", "Plans": [{"Node Type": "Index Scan", "Parent Relationship": "Outer", "Scan Direction": "Forward", "Index Name": "customer_pkey", "Relation Name": "customer", "Alias": "customer", "Startup Cost": 10000000000.0, "Total Cost": 1000008076535.62, "Plan Rows": 1500000, "Plan Width": 8}, {"Node Type": "Index Scan", "Parent Relationship": "Inner", "Scan Direction": "Forward", "Index Name": "idx_orders_custkey", "Relation Name": "orders", "Alias": "orders", "Startup Cost": 10000000000.0, "Total Cost": 1000159801398.83, "Plan Rows": 14844648, "Plan Width": 16, "Filter": "((o_comment)::text !~~ '%pending%deposits%'::text), (LLVM Optimized)"}]}]}]}]}]}, "Unique SQL Id": 3026328400}, "explain_analyze_plan": null}, "(64, 96)": {"explain_plan": {"Plan": {"Node Type": "Sort", "Startup Cost": 335025.46, "Total Cost": 335025.96, "Plan Rows": 200, "Plan Width": 16, "Sort Key": ["(pg_catalog.count(*)) DESC", "c_orders.c_count DESC"], "Plans": [{"Node Type": "Streaming(type: LOCAL GATHER dop: 1/64)", "Parent Relationship": "Outer", "Startup Cost": 335017.27, "Total Cost": 335017.82, "Plan Rows": 200, "Plan Width": 16, "Plans": [{"Node Type": "Aggregate", "Strategy": "Hashed", "Parent Relationship": "Outer", "Startup Cost": 335017.27, "Total Cost": 335017.3, "Plan Rows": 200, "Plan Width": 16, "Group By Key": ["c_orders.c_count"], "Plans": [{"Node Type": "Streaming(type: LOCAL REDISTRIBUTE dop: 64/64)", "Parent Relationship": "Outer", "Startup Cost": 335011.66, "Total Cost": 335017.26, "Plan Rows": 200, "Plan Width": 16, "Plans": [{"Node Type": "Aggregate", "Strategy": "Hashed", "Parent Relationship": "Outer", "Startup Cost": 335011.66, "Total Cost": 335011.7, "Plan Rows": 200, "Plan Width": 16, "Group By Key": ["c_orders.c_count"], "Plans": [{"Node Type": "Subquery Scan", "Parent Relationship": "Outer", "Alias": "c_orders", "Startup Cost": 319660.1, "Total Cost": 334894.48, "Plan Rows": 1500000, "Plan Width": 8, "Plans": [{"Node Type": "Aggregate", "Strategy": "Hashed", "Parent Relationship": "Subquery", "Startup Cost": 319660.1, "Total Cost": 319894.48, "Plan Rows": 1500000, "Plan Width": 24, "Group By Key": ["customer.c_custkey"], "Plans": [{"Node Type": "Hash Join", "Parent Relationship": "Outer", "Join Type": "Left", "Startup Cost": 150209.8, "Total Cost": 319163.98, "Plan Rows": 6350316, "Plan Width": 16, "Inner Unique": false, "Hash Cond": "(customer.c_custkey = orders.o_custkey), (LLVM Optimized)", "Plans": [{"Node Type": "Streaming(type: LOCAL REDISTRIBUTE dop: 64/1)", "Parent Relationship": "Outer", "Startup Cost": 0.0, "Total Cost": 167581.07, "Plan Rows": 1500000, "Plan Width": 8, "Plans": [{"Node Type": "Index Only Scan", "Parent Relationship": "Outer", "Scan Direction": "Forward", "Index Name": "customer_pkey", "Relation Name": "customer", "Alias": "customer", "Startup Cost": 0.0, "Total Cost": 43636.25, "Plan Rows": 1500000, "Plan Width": 8}]}, {"Node Type": "Hash", "Parent Relationship": "Inner", "Startup Cost": 147310.46, "Total Cost": 147310.46, "Plan Rows": 14844648, "Plan Width": 16, "Plans": [{"Node Type": "Streaming(type: LOCAL REDISTRIBUTE dop: 64/64)", "Parent Relationship": "Outer", "Startup Cost": 0.0, "Total Cost": 147310.46, "Plan Rows": 14844648, "Plan Width": 16, "Plans": [{"Node Type": "Seq Scan", "Parent Relationship": "Outer", "Relation Name": "orders", "Alias": "orders", "Startup Cost": 0.0, "Total Cost": 70248.63, "Plan Rows": 14844648, "Plan Width": 16, "Filter": "((o_comment)::text !~~ '%pending%deposits%'::text), (LLVM Optimized)"}]}]}]}]}]}]}]}]}]}]}, "Unique SQL Id": 3026328400}, "explain_analyze_plan": {"Plan": {"Node Type": "Sort", "Startup Cost": 335025.46, "Total Cost": 335025.96, "Plan Rows": 200, "Plan Width": 16, "Actual Min Startup Time": 2750.584, "Actual Max Startup Time": 2750.584, "Actual Min Total Time": 2750.589, "Actual Max Total Time": 2750.589, "Actual Total Rows": 46, "Sort Key": ["(pg_catalog.count(*)) DESC", "c_orders.c_count DESC"], "Sort Method": "quicksort", "Sort Space Min Used": 27, "Sort Space Max Used": 27, "Sort Space Type": "Memory", "Plans": [{"Node Type": "Streaming(type: LOCAL GATHER dop: 1/64)", "Parent Relationship": "Outer", "Startup Cost": 335017.27, "Total Cost": 335017.82, "Plan Rows": 200, "Plan Width": 16, "Actual Min Startup Time": 2749.258, "Actual Max Startup Time": 2749.258, "Actual Min Total Time": 2750.528, "Actual Max Total Time": 2750.528, "Actual Total Rows": 46, "Plans": [{"Node Type": "Aggregate", "Strategy": "Hashed", "Parent Relationship": "Outer", "Startup Cost": 335017.27, "Total Cost": 335017.3, "Plan Rows": 200, "Plan Width": 16, "Actual Min Startup Time": 2431.645, "Actual Max Startup Time": 2514.215, "Actual Min Total Time": 2431.646, "Actual Max Total Time": 2514.215, "Actual Total Rows": 46, "Group By Key": ["c_orders.c_count"], "Plans": [{"Node Type": "Streaming(type: LOCAL REDISTRIBUTE dop: 64/64)", "Parent Relationship": "Outer", "Startup Cost": 335011.66, "Total Cost": 335017.26, "Plan Rows": 200, "Plan Width": 16, "Actual Min Startup Time": 2425.312, "Actual Max Startup Time": 2514.208, "Actual Min Total Time": 2431.542, "Actual Max Total Time": 2514.208, "Actual Total Rows": 2480, "Plans": [{"Node Type": "Aggregate", "Strategy": "Hashed", "Parent Relationship": "Outer", "Startup Cost": 335011.66, "Total Cost": 335011.7, "Plan Rows": 200, "Plan Width": 16, "Actual Min Startup Time": 2241.851, "Actual Max Startup Time": 2525.81, "Actual Min Total Time": 2241.859, "Actual Max Total Time": 2525.818, "Actual Total Rows": 2480, "Group By Key": ["c_orders.c_count"], "Plans": [{"Node Type": "Subquery Scan", "Parent Relationship": "Outer", "Alias": "c_orders", "Startup Cost": 319660.1, "Total Cost": 334894.48, "Plan Rows": 1500000, "Plan Width": 8, "Actual Min Startup Time": 2221.676, "Actual Max Startup Time": 2506.536, "Actual Min Total Time": 2234.332, "Actual Max Total Time": 2519.008, "Actual Total Rows": 1500000, "Plans": [{"Node Type": "Aggregate", "Strategy": "Hashed", "Parent Relationship": "Subquery", "Startup Cost": 319660.1, "Total Cost": 319894.48, "Plan Rows": 1500000, "Plan Width": 24, "Actual Min Startup Time": 2221.673, "Actual Max Startup Time": 2506.533, "Actual Min Total Time": 2230.128, "Actual Max Total Time": 2514.786, "Actual Total Rows": 1500000, "Group By Key": ["customer.c_custkey"], "Plans": [{"Node Type": "Hash Join", "Parent Relationship": "Outer", "Join Type": "Left", "Startup Cost": 150209.8, "Total Cost": 319163.98, "Plan Rows": 6350316, "Plan Width": 16, "Actual Min Startup Time": 636.606, "Actual Max Startup Time": 919.507, "Actual Min Total Time": 2138.845, "Actual Max Total Time": 2429.894, "Actual Total Rows": 15338153, "Inner Unique": false, "Hash Cond": "(customer.c_custkey = orders.o_custkey), (LLVM Optimized, Jit Execute)", "Plans": [{"Node Type": "Streaming(type: LOCAL REDISTRIBUTE dop: 64/1)", "Parent Relationship": "Outer", "Startup Cost": 0.0, "Total Cost": 167581.07, "Plan Rows": 1500000, "Plan Width": 8, "Actual Min Startup Time": 0.052, "Actual Max Startup Time": 4.628, "Actual Min Total Time": 1389.836, "Actual Max Total Time": 1441.594, "Actual Total Rows": 1500000, "Plans": [{"Node Type": "Index Only Scan", "Parent Relationship": "Outer", "Scan Direction": "Forward", "Index Name": "customer_pkey", "Relation Name": "customer", "Alias": "customer", "Startup Cost": 0.0, "Total Cost": 43636.25, "Plan Rows": 1500000, "Plan Width": 8, "Actual Min Startup Time": 0.064, "Actual Max Startup Time": 0.064, "Actual Min Total Time": 315.094, "Actual Max Total Time": 315.094, "Actual Total Rows": 1500000, "Heap Fetches": 0}]}, {"Node Type": "Hash", "Parent Relationship": "Inner", "Startup Cost": 147310.46, "Total Cost": 147310.46, "Plan Rows": 14844648, "Plan Width": 16, "Actual Min Startup Time": 633.821, "Actual Max Startup Time": 918.378, "Actual Min Total Time": 633.821, "Actual Max Total Time": 918.378, "Actual Total Rows": 14838130, "Max Hash Buckets": 262144, "Min Hash Buckets": 262144, "Max Hash Batches": 1, "Min Hash Batches": 1, "Max Original Hash Batches": 1, "Min Original Hash Batches": 1, "Max Peak Memory Usage": 10904, "min Peak Memory Usage": 10904, "Plans": [{"Node Type": "Streaming(type: LOCAL REDISTRIBUTE dop: 64/64)", "Parent Relationship": "Outer", "Startup Cost": 0.0, "Total Cost": 147310.46, "Plan Rows": 14844648, "Plan Width": 16, "Actual Min Startup Time": 0.102, "Actual Max Startup Time": 238.229, "Actual Min Total Time": 515.107, "Actual Max Total Time": 842.333, "Actual Total Rows": 14838130, "Plans": [{"Node Type": "Seq Scan", "Parent Relationship": "Outer", "Relation Name": "orders", "Alias": "orders", "Startup Cost": 0.0, "Total Cost": 70248.63, "Plan Rows": 14844648, "Plan Width": 16, "Actual Min Startup Time": 0.028, "Actual Max Startup Time": 0.058, "Actual Min Total Time": 156.616, "Actual Max Total Time": 179.011, "Actual Total Rows": 14838130, "Filter": "((o_comment)::text !~~ '%pending%deposits%'::text), (LLVM Optimized, Jit Execute)", "Rows Removed by Filter": 161870}]}]}]}]}]}]}]}]}]}]}, "Triggers": [], "Planner Runtime": 1.246, "Total Runtime": 2803.417, "Unique SQL Id": 3026328400}}, "(64, 97)": {"explain_plan": {"Plan": {"Node Type": "Sort", "Startup Cost": 1023307.36, "Total Cost": 1023307.86, "Plan Rows": 200, "Plan Width": 16, "Sort Key": ["(count(*)) DESC", "c_orders.c_count DESC"], "Plans": [{"Node Type": "Aggregate", "Strategy": "Hashed", "Parent Relationship": "Outer", "Startup Cost": 1023297.71, "Total Cost": 1023299.71, "Plan Rows": 200, "Plan Width": 16, "Group By Key": ["c_orders.c_count"], "Plans": [{"Node Type": "Subquery Scan", "Parent Relationship": "Outer", "Alias": "c_orders", "Startup Cost": 985797.71, "Total Cost": 1015797.71, "Plan Rows": 1500000, "Plan Width": 8, "Plans": [{"Node Type": "Aggregate", "Strategy": "Hashed", "Parent Relationship": "Subquery", "Startup Cost": 985797.71, "Total Cost": 1000797.71, "Plan Rows": 1500000, "Plan Width": 24, "Group By Key": ["customer.c_custkey"], "Plans": [{"Node Type": "Hash Join", "Parent Relationship": "Outer", "Join Type": "Right", "Startup Cost": 370963.06, "Total Cost": 954046.13, "Plan Rows": 6350316, "Plan Width": 16, "Inner Unique": true, "Hash Cond": "(orders.o_custkey = customer.c_custkey), (LLVM Optimized)", "Plans": [{"Node Type": "Bitmap Heap Scan", "Parent Relationship": "Outer", "Relation Name": "orders", "Alias": "orders", "Startup Cost": 308576.81, "Total Cost": 772489.29, "Plan Rows": 14844648, "Plan Width": 16, "Filter": "((o_comment)::text !~~ '%pending%deposits%'::text), (LLVM Optimized)", "Plans": [{"Node Type": "Bitmap Index Scan", "Parent Relationship": "Outer", "Index Name": "idx_orders_custkey", "Startup Cost": 0.0, "Total Cost": 304865.65, "Plan Rows": 14999479, "Plan Width": 0}]}, {"Node Type": "Hash", "Parent Relationship": "Inner", "Startup Cost": 43636.25, "Total Cost": 43636.25, "Plan Rows": 1500000, "Plan Width": 8, "Plans": [{"Node Type": "Index Only Scan", "Parent Relationship": "Outer", "Scan Direction": "Forward", "Index Name": "customer_pkey", "Relation Name": "customer", "Alias": "customer", "Startup Cost": 0.0, "Total Cost": 43636.25, "Plan Rows": 1500000, "Plan Width": 8}]}]}]}]}]}]}, "Unique SQL Id": 3026328400}, "explain_analyze_plan": null}, "(64, 98)": {"explain_plan": {"Plan": {"Node Type": "Sort", "Startup Cost": 343515.21, "Total Cost": 343515.71, "Plan Rows": 200, "Plan Width": 16, "Sort Key": ["(pg_catalog.count(*)) DESC", "c_orders.c_count DESC"], "Plans": [{"Node Type": "Streaming(type: LOCAL GATHER dop: 1/64)", "Parent Relationship": "Outer", "Startup Cost": 343507.02, "Total Cost": 343507.57, "Plan Rows": 200, "Plan Width": 16, "Plans": [{"Node Type": "Aggregate", "Strategy": "Hashed", "Parent Relationship": "Outer", "Startup Cost": 343507.02, "Total Cost": 343507.05, "Plan Rows": 200, "Plan Width": 16, "Group By Key": ["c_orders.c_count"], "Plans": [{"Node Type": "Streaming(type: LOCAL REDISTRIBUTE dop: 64/64)", "Parent Relationship": "Outer", "Startup Cost": 343501.41, "Total Cost": 343507.01, "Plan Rows": 200, "Plan Width": 16, "Plans": [{"Node Type": "Aggregate", "Strategy": "Hashed", "Parent Relationship": "Outer", "Startup Cost": 343501.41, "Total Cost": 343501.45, "Plan Rows": 200, "Plan Width": 16, "Group By Key": ["c_orders.c_count"], "Plans": [{"Node Type": "Subquery Scan", "Parent Relationship": "Outer", "Alias": "c_orders", "Startup Cost": 328149.85, "Total Cost": 343384.23, "Plan Rows": 1500000, "Plan Width": 8, "Plans": [{"Node Type": "Aggregate", "Strategy": "Hashed", "Parent Relationship": "Subquery", "Startup Cost": 328149.85, "Total Cost": 328384.23, "Plan Rows": 1500000, "Plan Width": 24, "Group By Key": ["customer.c_custkey"], "Plans": [{"Node Type": "Hash Join", "Parent Relationship": "Outer", "Join Type": "Left", "Startup Cost": 150209.8, "Total Cost": 327653.73, "Plan Rows": 6350316, "Plan Width": 16, "Inner Unique": false, "Hash Cond": "(customer.c_custkey = orders.o_custkey), (LLVM Optimized)", "Plans": [{"Node Type": "Streaming(type: LOCAL REDISTRIBUTE dop: 64/1)", "Parent Relationship": "Outer", "Startup Cost": 0.0, "Total Cost": 176070.82, "Plan Rows": 1500000, "Plan Width": 8, "Plans": [{"Node Type": "Seq Scan", "Parent Relationship": "Outer", "Relation Name": "customer", "Alias": "customer", "Startup Cost": 0.0, "Total Cost": 52126.0, "Plan Rows": 1500000, "Plan Width": 8}]}, {"Node Type": "Hash", "Parent Relationship": "Inner", "Startup Cost": 147310.46, "Total Cost": 147310.46, "Plan Rows": 14844648, "Plan Width": 16, "Plans": [{"Node Type": "Streaming(type: LOCAL REDISTRIBUTE dop: 64/64)", "Parent Relationship": "Outer", "Startup Cost": 0.0, "Total Cost": 147310.46, "Plan Rows": 14844648, "Plan Width": 16, "Plans": [{"Node Type": "Seq Scan", "Parent Relationship": "Outer", "Relation Name": "orders", "Alias": "orders", "Startup Cost": 0.0, "Total Cost": 70248.63, "Plan Rows": 14844648, "Plan Width": 16, "Filter": "((o_comment)::text !~~ '%pending%deposits%'::text), (LLVM Optimized)"}]}]}]}]}]}]}]}]}]}]}, "Unique SQL Id": 3026328400}, "explain_analyze_plan": null}, "(64, 99)": {"explain_plan": {"Plan": {"Node Type": "Sort", "Startup Cost": 1060808.36, "Total Cost": 1060808.86, "Plan Rows": 200, "Plan Width": 16, "Sort Key": ["(count(*)) DESC", "c_orders.c_count DESC"], "Plans": [{"Node Type": "Aggregate", "Strategy": "Hashed", "Parent Relationship": "Outer", "Startup Cost": 1060798.71, "Total Cost": 1060800.71, "Plan Rows": 200, "Plan Width": 16, "Group By Key": ["c_orders.c_count"], "Plans": [{"Node Type": "Subquery Scan", "Parent Relationship": "Outer", "Alias": "c_orders", "Startup Cost": 1023298.71, "Total Cost": 1053298.71, "Plan Rows": 1500000, "Plan Width": 8, "Plans": [{"Node Type": "Aggregate", "Strategy": "Hashed", "Parent Relationship": "Subquery", "Startup Cost": 1023298.71, "Total Cost": 1038298.71, "Plan Rows": 1500000, "Plan Width": 24, "Group By Key": ["customer.c_custkey"], "Plans": [{"Node Type": "Hash Join", "Parent Relationship": "Outer", "Join Type": "Right", "Startup Cost": 408464.06, "Total Cost": 991547.13, "Plan Rows": 6350316, "Plan Width": 16, "Inner Unique": true, "Hash Cond": "(orders.o_custkey = customer.c_custkey), (LLVM Optimized)", "Plans": [{"Node Type": "Bitmap Heap Scan", "Parent Relationship": "Outer", "Relation Name": "orders", "Alias": "orders", "Startup Cost": 308576.81, "Total Cost": 772489.29, "Plan Rows": 14844648, "Plan Width": 16, "Filter": "((o_comment)::text !~~ '%pending%deposits%'::text), (LLVM Optimized)", "Plans": [{"Node Type": "Bitmap Index Scan", "Parent Relationship": "Outer", "Index Name": "idx_orders_custkey", "Startup Cost": 0.0, "Total Cost": 304865.65, "Plan Rows": 14999479, "Plan Width": 0}]}, {"Node Type": "Hash", "Parent Relationship": "Inner", "Startup Cost": 81137.25, "Total Cost": 81137.25, "Plan Rows": 1500000, "Plan Width": 8, "Plans": [{"Node Type": "Bitmap Heap Scan", "Parent Relationship": "Outer", "Relation Name": "customer", "Alias": "customer", "Startup Cost": 29011.25, "Total Cost": 81137.25, "Plan Rows": 1500000, "Plan Width": 8, "Plans": [{"Node Type": "Bitmap Index Scan", "Parent Relationship": "Outer", "Index Name": "customer_pkey", "Startup Cost": 0.0, "Total Cost": 28636.25, "Plan Rows": 1500000, "Plan Width": 0}]}]}]}]}]}]}]}, "Unique SQL Id": 3026328400}, "explain_analyze_plan": null}, "(64, 100)": {"explain_plan": {"Plan": {"Node Type": "Sort", "Startup Cost": 343515.21, "Total Cost": 343515.71, "Plan Rows": 200, "Plan Width": 16, "Sort Key": ["(pg_catalog.count(*)) DESC", "c_orders.c_count DESC"], "Plans": [{"Node Type": "Streaming(type: LOCAL GATHER dop: 1/64)", "Parent Relationship": "Outer", "Startup Cost": 343507.02, "Total Cost": 343507.57, "Plan Rows": 200, "Plan Width": 16, "Plans": [{"Node Type": "Aggregate", "Strategy": "Hashed", "Parent Relationship": "Outer", "Startup Cost": 343507.02, "Total Cost": 343507.05, "Plan Rows": 200, "Plan Width": 16, "Group By Key": ["c_orders.c_count"], "Plans": [{"Node Type": "Streaming(type: LOCAL REDISTRIBUTE dop: 64/64)", "Parent Relationship": "Outer", "Startup Cost": 343501.41, "Total Cost": 343507.01, "Plan Rows": 200, "Plan Width": 16, "Plans": [{"Node Type": "Aggregate", "Strategy": "Hashed", "Parent Relationship": "Outer", "Startup Cost": 343501.41, "Total Cost": 343501.45, "Plan Rows": 200, "Plan Width": 16, "Group By Key": ["c_orders.c_count"], "Plans": [{"Node Type": "Subquery Scan", "Parent Relationship": "Outer", "Alias": "c_orders", "Startup Cost": 328149.85, "Total Cost": 343384.23, "Plan Rows": 1500000, "Plan Width": 8, "Plans": [{"Node Type": "Aggregate", "Strategy": "Hashed", "Parent Relationship": "Subquery", "Startup Cost": 328149.85, "Total Cost": 328384.23, "Plan Rows": 1500000, "Plan Width": 24, "Group By Key": ["customer.c_custkey"], "Plans": [{"Node Type": "Hash Join", "Parent Relationship": "Outer", "Join Type": "Left", "Startup Cost": 150209.8, "Total Cost": 327653.73, "Plan Rows": 6350316, "Plan Width": 16, "Inner Unique": false, "Hash Cond": "(customer.c_custkey = orders.o_custkey), (LLVM Optimized)", "Plans": [{"Node Type": "Streaming(type: LOCAL REDISTRIBUTE dop: 64/1)", "Parent Relationship": "Outer", "Startup Cost": 0.0, "Total Cost": 176070.82, "Plan Rows": 1500000, "Plan Width": 8, "Plans": [{"Node Type": "Seq Scan", "Parent Relationship": "Outer", "Relation Name": "customer", "Alias": "customer", "Startup Cost": 0.0, "Total Cost": 52126.0, "Plan Rows": 1500000, "Plan Width": 8}]}, {"Node Type": "Hash", "Parent Relationship": "Inner", "Startup Cost": 147310.46, "Total Cost": 147310.46, "Plan Rows": 14844648, "Plan Width": 16, "Plans": [{"Node Type": "Streaming(type: LOCAL REDISTRIBUTE dop: 64/64)", "Parent Relationship": "Outer", "Startup Cost": 0.0, "Total Cost": 147310.46, "Plan Rows": 14844648, "Plan Width": 16, "Plans": [{"Node Type": "Seq Scan", "Parent Relationship": "Outer", "Relation Name": "orders", "Alias": "orders", "Startup Cost": 0.0, "Total Cost": 70248.63, "Plan Rows": 14844648, "Plan Width": 16, "Filter": "((o_comment)::text !~~ '%pending%deposits%'::text), (LLVM Optimized)"}]}]}]}]}]}]}]}]}]}]}, "Unique SQL Id": 3026328400}, "explain_analyze_plan": null}, "(64, 101)": {"explain_plan": {"Plan": {"Node Type": "Sort", "Startup Cost": 1060436.46, "Total Cost": 1060436.96, "Plan Rows": 200, "Plan Width": 16, "Sort Key": ["(count(*)) DESC", "c_orders.c_count DESC"], "Plans": [{"Node Type": "Aggregate", "Strategy": "Hashed", "Parent Relationship": "Outer", "Startup Cost": 1060426.82, "Total Cost": 1060428.82, "Plan Rows": 200, "Plan Width": 16, "Group By Key": ["c_orders.c_count"], "Plans": [{"Node Type": "Subquery Scan", "Parent Relationship": "Outer", "Alias": "c_orders", "Startup Cost": 1022926.82, "Total Cost": 1052926.82, "Plan Rows": 1500000, "Plan Width": 8, "Plans": [{"Node Type": "Aggregate", "Strategy": "Hashed", "Parent Relationship": "Subquery", "Startup Cost": 1022926.82, "Total Cost": 1037926.82, "Plan Rows": 1500000, "Plan Width": 24, "Group By Key": ["customer.c_custkey"], "Plans": [{"Node Type": "Hash Join", "Parent Relationship": "Outer", "Join Type": "Right", "Startup Cost": 408092.16, "Total Cost": 991175.24, "Plan Rows": 6350316, "Plan Width": 16, "Inner Unique": true, "Hash Cond": "(orders.o_custkey = customer.c_custkey), (LLVM Optimized)", "Plans": [{"Node Type": "Bitmap Heap Scan", "Parent Relationship": "Outer", "Relation Name": "orders", "Alias": "orders", "Startup Cost": 308576.81, "Total Cost": 772489.29, "Plan Rows": 14844648, "Plan Width": 16, "Filter": "((o_comment)::text !~~ '%pending%deposits%'::text), (LLVM Optimized)", "Plans": [{"Node Type": "Bitmap Index Scan", "Parent Relationship": "Outer", "Index Name": "idx_orders_custkey", "Startup Cost": 0.0, "Total Cost": 304865.65, "Plan Rows": 14999479, "Plan Width": 0}]}, {"Node Type": "Hash", "Parent Relationship": "Inner", "Startup Cost": 80765.36, "Total Cost": 80765.36, "Plan Rows": 1500000, "Plan Width": 8, "Plans": [{"Node Type": "Index Scan", "Parent Relationship": "Outer", "Scan Direction": "Forward", "Index Name": "customer_pkey", "Relation Name": "customer", "Alias": "customer", "Startup Cost": 0.0, "Total Cost": 80765.36, "Plan Rows": 1500000, "Plan Width": 8}]}]}]}]}]}]}, "Unique SQL Id": 3026328400}, "explain_analyze_plan": null}, "(64, 102)": {"explain_plan": {"Plan": {"Node Type": "Sort", "Startup Cost": 343515.21, "Total Cost": 343515.71, "Plan Rows": 200, "Plan Width": 16, "Sort Key": ["(pg_catalog.count(*)) DESC", "c_orders.c_count DESC"], "Plans": [{"Node Type": "Streaming(type: LOCAL GATHER dop: 1/64)", "Parent Relationship": "Outer", "Startup Cost": 343507.02, "Total Cost": 343507.57, "Plan Rows": 200, "Plan Width": 16, "Plans": [{"Node Type": "Aggregate", "Strategy": "Hashed", "Parent Relationship": "Outer", "Startup Cost": 343507.02, "Total Cost": 343507.05, "Plan Rows": 200, "Plan Width": 16, "Group By Key": ["c_orders.c_count"], "Plans": [{"Node Type": "Streaming(type: LOCAL REDISTRIBUTE dop: 64/64)", "Parent Relationship": "Outer", "Startup Cost": 343501.41, "Total Cost": 343507.01, "Plan Rows": 200, "Plan Width": 16, "Plans": [{"Node Type": "Aggregate", "Strategy": "Hashed", "Parent Relationship": "Outer", "Startup Cost": 343501.41, "Total Cost": 343501.45, "Plan Rows": 200, "Plan Width": 16, "Group By Key": ["c_orders.c_count"], "Plans": [{"Node Type": "Subquery Scan", "Parent Relationship": "Outer", "Alias": "c_orders", "Startup Cost": 328149.85, "Total Cost": 343384.23, "Plan Rows": 1500000, "Plan Width": 8, "Plans": [{"Node Type": "Aggregate", "Strategy": "Hashed", "Parent Relationship": "Subquery", "Startup Cost": 328149.85, "Total Cost": 328384.23, "Plan Rows": 1500000, "Plan Width": 24, "Group By Key": ["customer.c_custkey"], "Plans": [{"Node Type": "Hash Join", "Parent Relationship": "Outer", "Join Type": "Left", "Startup Cost": 150209.8, "Total Cost": 327653.73, "Plan Rows": 6350316, "Plan Width": 16, "Inner Unique": false, "Hash Cond": "(customer.c_custkey = orders.o_custkey), (LLVM Optimized)", "Plans": [{"Node Type": "Streaming(type: LOCAL REDISTRIBUTE dop: 64/1)", "Parent Relationship": "Outer", "Startup Cost": 0.0, "Total Cost": 176070.82, "Plan Rows": 1500000, "Plan Width": 8, "Plans": [{"Node Type": "Seq Scan", "Parent Relationship": "Outer", "Relation Name": "customer", "Alias": "customer", "Startup Cost": 0.0, "Total Cost": 52126.0, "Plan Rows": 1500000, "Plan Width": 8}]}, {"Node Type": "Hash", "Parent Relationship": "Inner", "Startup Cost": 147310.46, "Total Cost": 147310.46, "Plan Rows": 14844648, "Plan Width": 16, "Plans": [{"Node Type": "Streaming(type: LOCAL REDISTRIBUTE dop: 64/64)", "Parent Relationship": "Outer", "Startup Cost": 0.0, "Total Cost": 147310.46, "Plan Rows": 14844648, "Plan Width": 16, "Plans": [{"Node Type": "Seq Scan", "Parent Relationship": "Outer", "Relation Name": "orders", "Alias": "orders", "Startup Cost": 0.0, "Total Cost": 70248.63, "Plan Rows": 14844648, "Plan Width": 16, "Filter": "((o_comment)::text !~~ '%pending%deposits%'::text), (LLVM Optimized)"}]}]}]}]}]}]}]}]}]}]}, "Unique SQL Id": 3026328400}, "explain_analyze_plan": null}, "(64, 103)": {"explain_plan": {"Plan": {"Node Type": "Sort", "Startup Cost": 1060808.36, "Total Cost": 1060808.86, "Plan Rows": 200, "Plan Width": 16, "Sort Key": ["(count(*)) DESC", "c_orders.c_count DESC"], "Plans": [{"Node Type": "Aggregate", "Strategy": "Hashed", "Parent Relationship": "Outer", "Startup Cost": 1060798.71, "Total Cost": 1060800.71, "Plan Rows": 200, "Plan Width": 16, "Group By Key": ["c_orders.c_count"], "Plans": [{"Node Type": "Subquery Scan", "Parent Relationship": "Outer", "Alias": "c_orders", "Startup Cost": 1023298.71, "Total Cost": 1053298.71, "Plan Rows": 1500000, "Plan Width": 8, "Plans": [{"Node Type": "Aggregate", "Strategy": "Hashed", "Parent Relationship": "Subquery", "Startup Cost": 1023298.71, "Total Cost": 1038298.71, "Plan Rows": 1500000, "Plan Width": 24, "Group By Key": ["customer.c_custkey"], "Plans": [{"Node Type": "Hash Join", "Parent Relationship": "Outer", "Join Type": "Right", "Startup Cost": 408464.06, "Total Cost": 991547.13, "Plan Rows": 6350316, "Plan Width": 16, "Inner Unique": true, "Hash Cond": "(orders.o_custkey = customer.c_custkey), (LLVM Optimized)", "Plans": [{"Node Type": "Bitmap Heap Scan", "Parent Relationship": "Outer", "Relation Name": "orders", "Alias": "orders", "Startup Cost": 308576.81, "Total Cost": 772489.29, "Plan Rows": 14844648, "Plan Width": 16, "Filter": "((o_comment)::text !~~ '%pending%deposits%'::text), (LLVM Optimized)", "Plans": [{"Node Type": "Bitmap Index Scan", "Parent Relationship": "Outer", "Index Name": "idx_orders_custkey", "Startup Cost": 0.0, "Total Cost": 304865.65, "Plan Rows": 14999479, "Plan Width": 0}]}, {"Node Type": "Hash", "Parent Relationship": "Inner", "Startup Cost": 81137.25, "Total Cost": 81137.25, "Plan Rows": 1500000, "Plan Width": 8, "Plans": [{"Node Type": "Bitmap Heap Scan", "Parent Relationship": "Outer", "Relation Name": "customer", "Alias": "customer", "Startup Cost": 29011.25, "Total Cost": 81137.25, "Plan Rows": 1500000, "Plan Width": 8, "Plans": [{"Node Type": "Bitmap Index Scan", "Parent Relationship": "Outer", "Index Name": "customer_pkey", "Startup Cost": 0.0, "Total Cost": 28636.25, "Plan Rows": 1500000, "Plan Width": 0}]}]}]}]}]}]}]}, "Unique SQL Id": 3026328400}, "explain_analyze_plan": null}, "(64, 104)": {"explain_plan": {"Plan": {"Node Type": "Sort", "Startup Cost": 335025.46, "Total Cost": 335025.96, "Plan Rows": 200, "Plan Width": 16, "Sort Key": ["(pg_catalog.count(*)) DESC", "c_orders.c_count DESC"], "Plans": [{"Node Type": "Streaming(type: LOCAL GATHER dop: 1/64)", "Parent Relationship": "Outer", "Startup Cost": 335017.27, "Total Cost": 335017.82, "Plan Rows": 200, "Plan Width": 16, "Plans": [{"Node Type": "Aggregate", "Strategy": "Hashed", "Parent Relationship": "Outer", "Startup Cost": 335017.27, "Total Cost": 335017.3, "Plan Rows": 200, "Plan Width": 16, "Group By Key": ["c_orders.c_count"], "Plans": [{"Node Type": "Streaming(type: LOCAL REDISTRIBUTE dop: 64/64)", "Parent Relationship": "Outer", "Startup Cost": 335011.66, "Total Cost": 335017.26, "Plan Rows": 200, "Plan Width": 16, "Plans": [{"Node Type": "Aggregate", "Strategy": "Hashed", "Parent Relationship": "Outer", "Startup Cost": 335011.66, "Total Cost": 335011.7, "Plan Rows": 200, "Plan Width": 16, "Group By Key": ["c_orders.c_count"], "Plans": [{"Node Type": "Subquery Scan", "Parent Relationship": "Outer", "Alias": "c_orders", "Startup Cost": 319660.1, "Total Cost": 334894.48, "Plan Rows": 1500000, "Plan Width": 8, "Plans": [{"Node Type": "Aggregate", "Strategy": "Hashed", "Parent Relationship": "Subquery", "Startup Cost": 319660.1, "Total Cost": 319894.48, "Plan Rows": 1500000, "Plan Width": 24, "Group By Key": ["customer.c_custkey"], "Plans": [{"Node Type": "Hash Join", "Parent Relationship": "Outer", "Join Type": "Left", "Startup Cost": 150209.8, "Total Cost": 319163.98, "Plan Rows": 6350316, "Plan Width": 16, "Inner Unique": false, "Hash Cond": "(customer.c_custkey = orders.o_custkey), (LLVM Optimized)", "Plans": [{"Node Type": "Streaming(type: LOCAL REDISTRIBUTE dop: 64/1)", "Parent Relationship": "Outer", "Startup Cost": 0.0, "Total Cost": 167581.07, "Plan Rows": 1500000, "Plan Width": 8, "Plans": [{"Node Type": "Index Only Scan", "Parent Relationship": "Outer", "Scan Direction": "Forward", "Index Name": "customer_pkey", "Relation Name": "customer", "Alias": "customer", "Startup Cost": 0.0, "Total Cost": 43636.25, "Plan Rows": 1500000, "Plan Width": 8}]}, {"Node Type": "Hash", "Parent Relationship": "Inner", "Startup Cost": 147310.46, "Total Cost": 147310.46, "Plan Rows": 14844648, "Plan Width": 16, "Plans": [{"Node Type": "Streaming(type: LOCAL REDISTRIBUTE dop: 64/64)", "Parent Relationship": "Outer", "Startup Cost": 0.0, "Total Cost": 147310.46, "Plan Rows": 14844648, "Plan Width": 16, "Plans": [{"Node Type": "Seq Scan", "Parent Relationship": "Outer", "Relation Name": "orders", "Alias": "orders", "Startup Cost": 0.0, "Total Cost": 70248.63, "Plan Rows": 14844648, "Plan Width": 16, "Filter": "((o_comment)::text !~~ '%pending%deposits%'::text), (LLVM Optimized)"}]}]}]}]}]}]}]}]}]}]}, "Unique SQL Id": 3026328400}, "explain_analyze_plan": {"Plan": {"Node Type": "Sort", "Startup Cost": 335025.46, "Total Cost": 335025.96, "Plan Rows": 200, "Plan Width": 16, "Actual Min Startup Time": 2750.584, "Actual Max Startup Time": 2750.584, "Actual Min Total Time": 2750.589, "Actual Max Total Time": 2750.589, "Actual Total Rows": 46, "Sort Key": ["(pg_catalog.count(*)) DESC", "c_orders.c_count DESC"], "Sort Method": "quicksort", "Sort Space Min Used": 27, "Sort Space Max Used": 27, "Sort Space Type": "Memory", "Plans": [{"Node Type": "Streaming(type: LOCAL GATHER dop: 1/64)", "Parent Relationship": "Outer", "Startup Cost": 335017.27, "Total Cost": 335017.82, "Plan Rows": 200, "Plan Width": 16, "Actual Min Startup Time": 2749.258, "Actual Max Startup Time": 2749.258, "Actual Min Total Time": 2750.528, "Actual Max Total Time": 2750.528, "Actual Total Rows": 46, "Plans": [{"Node Type": "Aggregate", "Strategy": "Hashed", "Parent Relationship": "Outer", "Startup Cost": 335017.27, "Total Cost": 335017.3, "Plan Rows": 200, "Plan Width": 16, "Actual Min Startup Time": 2431.645, "Actual Max Startup Time": 2514.215, "Actual Min Total Time": 2431.646, "Actual Max Total Time": 2514.215, "Actual Total Rows": 46, "Group By Key": ["c_orders.c_count"], "Plans": [{"Node Type": "Streaming(type: LOCAL REDISTRIBUTE dop: 64/64)", "Parent Relationship": "Outer", "Startup Cost": 335011.66, "Total Cost": 335017.26, "Plan Rows": 200, "Plan Width": 16, "Actual Min Startup Time": 2425.312, "Actual Max Startup Time": 2514.208, "Actual Min Total Time": 2431.542, "Actual Max Total Time": 2514.208, "Actual Total Rows": 2480, "Plans": [{"Node Type": "Aggregate", "Strategy": "Hashed", "Parent Relationship": "Outer", "Startup Cost": 335011.66, "Total Cost": 335011.7, "Plan Rows": 200, "Plan Width": 16, "Actual Min Startup Time": 2241.851, "Actual Max Startup Time": 2525.81, "Actual Min Total Time": 2241.859, "Actual Max Total Time": 2525.818, "Actual Total Rows": 2480, "Group By Key": ["c_orders.c_count"], "Plans": [{"Node Type": "Subquery Scan", "Parent Relationship": "Outer", "Alias": "c_orders", "Startup Cost": 319660.1, "Total Cost": 334894.48, "Plan Rows": 1500000, "Plan Width": 8, "Actual Min Startup Time": 2221.676, "Actual Max Startup Time": 2506.536, "Actual Min Total Time": 2234.332, "Actual Max Total Time": 2519.008, "Actual Total Rows": 1500000, "Plans": [{"Node Type": "Aggregate", "Strategy": "Hashed", "Parent Relationship": "Subquery", "Startup Cost": 319660.1, "Total Cost": 319894.48, "Plan Rows": 1500000, "Plan Width": 24, "Actual Min Startup Time": 2221.673, "Actual Max Startup Time": 2506.533, "Actual Min Total Time": 2230.128, "Actual Max Total Time": 2514.786, "Actual Total Rows": 1500000, "Group By Key": ["customer.c_custkey"], "Plans": [{"Node Type": "Hash Join", "Parent Relationship": "Outer", "Join Type": "Left", "Startup Cost": 150209.8, "Total Cost": 319163.98, "Plan Rows": 6350316, "Plan Width": 16, "Actual Min Startup Time": 636.606, "Actual Max Startup Time": 919.507, "Actual Min Total Time": 2138.845, "Actual Max Total Time": 2429.894, "Actual Total Rows": 15338153, "Inner Unique": false, "Hash Cond": "(customer.c_custkey = orders.o_custkey), (LLVM Optimized, Jit Execute)", "Plans": [{"Node Type": "Streaming(type: LOCAL REDISTRIBUTE dop: 64/1)", "Parent Relationship": "Outer", "Startup Cost": 0.0, "Total Cost": 167581.07, "Plan Rows": 1500000, "Plan Width": 8, "Actual Min Startup Time": 0.052, "Actual Max Startup Time": 4.628, "Actual Min Total Time": 1389.836, "Actual Max Total Time": 1441.594, "Actual Total Rows": 1500000, "Plans": [{"Node Type": "Index Only Scan", "Parent Relationship": "Outer", "Scan Direction": "Forward", "Index Name": "customer_pkey", "Relation Name": "customer", "Alias": "customer", "Startup Cost": 0.0, "Total Cost": 43636.25, "Plan Rows": 1500000, "Plan Width": 8, "Actual Min Startup Time": 0.064, "Actual Max Startup Time": 0.064, "Actual Min Total Time": 315.094, "Actual Max Total Time": 315.094, "Actual Total Rows": 1500000, "Heap Fetches": 0}]}, {"Node Type": "Hash", "Parent Relationship": "Inner", "Startup Cost": 147310.46, "Total Cost": 147310.46, "Plan Rows": 14844648, "Plan Width": 16, "Actual Min Startup Time": 633.821, "Actual Max Startup Time": 918.378, "Actual Min Total Time": 633.821, "Actual Max Total Time": 918.378, "Actual Total Rows": 14838130, "Max Hash Buckets": 262144, "Min Hash Buckets": 262144, "Max Hash Batches": 1, "Min Hash Batches": 1, "Max Original Hash Batches": 1, "Min Original Hash Batches": 1, "Max Peak Memory Usage": 10904, "min Peak Memory Usage": 10904, "Plans": [{"Node Type": "Streaming(type: LOCAL REDISTRIBUTE dop: 64/64)", "Parent Relationship": "Outer", "Startup Cost": 0.0, "Total Cost": 147310.46, "Plan Rows": 14844648, "Plan Width": 16, "Actual Min Startup Time": 0.102, "Actual Max Startup Time": 238.229, "Actual Min Total Time": 515.107, "Actual Max Total Time": 842.333, "Actual Total Rows": 14838130, "Plans": [{"Node Type": "Seq Scan", "Parent Relationship": "Outer", "Relation Name": "orders", "Alias": "orders", "Startup Cost": 0.0, "Total Cost": 70248.63, "Plan Rows": 14844648, "Plan Width": 16, "Actual Min Startup Time": 0.028, "Actual Max Startup Time": 0.058, "Actual Min Total Time": 156.616, "Actual Max Total Time": 179.011, "Actual Total Rows": 14838130, "Filter": "((o_comment)::text !~~ '%pending%deposits%'::text), (LLVM Optimized, Jit Execute)", "Rows Removed by Filter": 161870}]}]}]}]}]}]}]}]}]}]}, "Triggers": [], "Planner Runtime": 1.246, "Total Runtime": 2803.417, "Unique SQL Id": 3026328400}}, "(64, 105)": {"explain_plan": {"Plan": {"Node Type": "Sort", "Startup Cost": 1739109.48, "Total Cost": 1739109.98, "Plan Rows": 200, "Plan Width": 16, "Sort Key": ["(pg_catalog.count(*)) DESC", "c_orders.c_count DESC"], "Plans": [{"Node Type": "Streaming(type: LOCAL GATHER dop: 1/64)", "Parent Relationship": "Outer", "Startup Cost": 1739101.29, "Total Cost": 1739101.84, "Plan Rows": 200, "Plan Width": 16, "Plans": [{"Node Type": "Aggregate", "Strategy": "Hashed", "Parent Relationship": "Outer", "Startup Cost": 1739101.29, "Total Cost": 1739101.32, "Plan Rows": 200, "Plan Width": 16, "Group By Key": ["c_orders.c_count"], "Plans": [{"Node Type": "Streaming(type: LOCAL REDISTRIBUTE dop: 64/64)", "Parent Relationship": "Outer", "Startup Cost": 1739095.68, "Total Cost": 1739101.27, "Plan Rows": 200, "Plan Width": 16, "Plans": [{"Node Type": "Aggregate", "Strategy": "Hashed", "Parent Relationship": "Outer", "Startup Cost": 1739095.68, "Total Cost": 1739095.71, "Plan Rows": 200, "Plan Width": 16, "Group By Key": ["c_orders.c_count"], "Plans": [{"Node Type": "Subquery Scan", "Parent Relationship": "Outer", "Alias": "c_orders", "Startup Cost": 1723744.12, "Total Cost": 1738978.49, "Plan Rows": 1500000, "Plan Width": 8, "Plans": [{"Node Type": "Aggregate", "Strategy": "Hashed", "Parent Relationship": "Subquery", "Startup Cost": 1723744.12, "Total Cost": 1723978.49, "Plan Rows": 1500000, "Plan Width": 24, "Group By Key": ["customer.c_custkey"], "Plans": [{"Node Type": "Hash Join", "Parent Relationship": "Outer", "Join Type": "Right", "Startup Cost": 167874.04, "Total Cost": 1723248.0, "Plan Rows": 6350316, "Plan Width": 16, "Inner Unique": true, "Hash Cond": "(orders.o_custkey = customer.c_custkey), (LLVM Optimized)", "Plans": [{"Node Type": "Streaming(type: LOCAL REDISTRIBUTE dop: 64/64)", "Parent Relationship": "Outer", "Startup Cost": 0.0, "Total Cost": 1553511.91, "Plan Rows": 14844648, "Plan Width": 16, "Plans": [{"Node Type": "Index Scan", "Parent Relationship": "Outer", "Scan Direction": "Forward", "Index Name": "idx_orders_custkey", "Relation Name": "orders", "Alias": "orders", "Startup Cost": 0.0, "Total Cost": 1476450.09, "Plan Rows": 14844648, "Plan Width": 16, "Filter": "((o_comment)::text !~~ '%pending%deposits%'::text), (LLVM Optimized)"}]}, {"Node Type": "Hash", "Parent Relationship": "Inner", "Startup Cost": 167581.07, "Total Cost": 167581.07, "Plan Rows": 1500000, "Plan Width": 8, "Plans": [{"Node Type": "Streaming(type: LOCAL REDISTRIBUTE dop: 64/1)", "Parent Relationship": "Outer", "Startup Cost": 0.0, "Total Cost": 167581.07, "Plan Rows": 1500000, "Plan Width": 8, "Plans": [{"Node Type": "Index Only Scan", "Parent Relationship": "Outer", "Scan Direction": "Forward", "Index Name": "customer_pkey", "Relation Name": "customer", "Alias": "customer", "Startup Cost": 0.0, "Total Cost": 43636.25, "Plan Rows": 1500000, "Plan Width": 8}]}]}]}]}]}]}]}]}]}]}, "Unique SQL Id": 3026328400}, "explain_analyze_plan": {"Plan": {"Node Type": "Sort", "Startup Cost": 1739109.48, "Total Cost": 1739109.98, "Plan Rows": 200, "Plan Width": 16, "Actual Min Startup Time": 3538.406, "Actual Max Startup Time": 3538.406, "Actual Min Total Time": 3538.409, "Actual Max Total Time": 3538.409, "Actual Total Rows": 46, "Sort Key": ["(pg_catalog.count(*)) DESC", "c_orders.c_count DESC"], "Sort Method": "quicksort", "Sort Space Min Used": 27, "Sort Space Max Used": 27, "Sort Space Type": "Memory", "Plans": [{"Node Type": "Streaming(type: LOCAL GATHER dop: 1/64)", "Parent Relationship": "Outer", "Startup Cost": 1739101.29, "Total Cost": 1739101.84, "Plan Rows": 200, "Plan Width": 16, "Actual Min Startup Time": 3536.504, "Actual Max Startup Time": 3536.504, "Actual Min Total Time": 3538.35, "Actual Max Total Time": 3538.35, "Actual Total Rows": 46, "Plans": [{"Node Type": "Aggregate", "Strategy": "Hashed", "Parent Relationship": "Outer", "Startup Cost": 1739101.29, "Total Cost": 1739101.32, "Plan Rows": 200, "Plan Width": 16, "Actual Min Startup Time": 3180.223, "Actual Max Startup Time": 3333.288, "Actual Min Total Time": 3180.223, "Actual Max Total Time": 3333.288, "Actual Total Rows": 46, "Group By Key": ["c_orders.c_count"], "Plans": [{"Node Type": "Streaming(type: LOCAL REDISTRIBUTE dop: 64/64)", "Parent Relationship": "Outer", "Startup Cost": 1739095.68, "Total Cost": 1739101.27, "Plan Rows": 200, "Plan Width": 16, "Actual Min Startup Time": 3173.909, "Actual Max Startup Time": 3333.282, "Actual Min Total Time": 3179.866, "Actual Max Total Time": 3333.282, "Actual Total Rows": 2480, "Plans": [{"Node Type": "Aggregate", "Strategy": "Hashed", "Parent Relationship": "Outer", "Startup Cost": 1739095.68, "Total Cost": 1739095.71, "Plan Rows": 200, "Plan Width": 16, "Actual Min Startup Time": 2997.609, "Actual Max Startup Time": 3300.7, "Actual Min Total Time": 2997.627, "Actual Max Total Time": 3300.708, "Actual Total Rows": 2480, "Group By Key": ["c_orders.c_count"], "Plans": [{"Node Type": "Subquery Scan", "Parent Relationship": "Outer", "Alias": "c_orders", "Startup Cost": 1723744.12, "Total Cost": 1738978.49, "Plan Rows": 1500000, "Plan Width": 8, "Actual Min Startup Time": 2977.383, "Actual Max Startup Time": 3279.953, "Actual Min Total Time": 2989.881, "Actual Max Total Time": 3293.935, "Actual Total Rows": 1500000, "Plans": [{"Node Type": "Aggregate", "Strategy": "Hashed", "Parent Relationship": "Subquery", "Startup Cost": 1723744.12, "Total Cost": 1723978.49, "Plan Rows": 1500000, "Plan Width": 24, "Actual Min Startup Time": 2977.381, "Actual Max Startup Time": 3279.949, "Actual Min Total Time": 2985.759, "Actual Max Total Time": 3289.659, "Actual Total Rows": 1500000, "Group By Key": ["customer.c_custkey"], "Plans": [{"Node Type": "Hash Join", "Parent Relationship": "Outer", "Join Type": "Right", "Startup Cost": 167874.04, "Total Cost": 1723248.0, "Plan Rows": 6350316, "Plan Width": 16, "Actual Min Startup Time": 1509.467, "Actual Max Startup Time": 1811.336, "Actual Min Total Time": 2891.603, "Actual Max Total Time": 3201.686, "Actual Total Rows": 15338153, "Inner Unique": true, "Hash Cond": "(orders.o_custkey = customer.c_custkey), (LLVM Optimized, Jit Execute)", "Plans": [{"Node Type": "Streaming(type: LOCAL REDISTRIBUTE dop: 64/64)", "Parent Relationship": "Outer", "Startup Cost": 0.0, "Total Cost": 1553511.91, "Plan Rows": 14844648, "Plan Width": 16, "Actual Min Startup Time": 0.181, "Actual Max Startup Time": 5.255, "Actual Min Total Time": 1271.738, "Actual Max Total Time": 1309.573, "Actual Total Rows": 14838130, "Plans": [{"Node Type": "Index Scan", "Parent Relationship": "Outer", "Scan Direction": "Forward", "Index Name": "idx_orders_custkey", "Relation Name": "orders", "Alias": "orders", "Startup Cost": 0.0, "Total Cost": 1476450.09, "Plan Rows": 14844648, "Plan Width": 16, "Actual Min Startup Time": 0.045, "Actual Max Startup Time": 248.628, "Actual Min Total Time": 685.027, "Actual Max Total Time": 1152.522, "Actual Total Rows": 14838130, "Filter": "((o_comment)::text !~~ '%pending%deposits%'::text), (LLVM Optimized, Jit Execute)", "Rows Removed by Filter": 161870}]}, {"Node Type": "Hash", "Parent Relationship": "Inner", "Startup Cost": 167581.07, "Total Cost": 167581.07, "Plan Rows": 1500000, "Plan Width": 8, "Actual Min Startup Time": 1509.117, "Actual Max Startup Time": 1810.726, "Actual Min Total Time": 1509.117, "Actual Max Total Time": 1810.726, "Actual Total Rows": 1500000, "Max Hash Buckets": 32768, "Min Hash Buckets": 32768, "Max Hash Batches": 1, "Min Hash Batches": 1, "Max Original Hash Batches": 1, "Min Original Hash Batches": 1, "Max Peak Memory Usage": 915, "min Peak Memory Usage": 915, "Plans": [{"Node Type": "Streaming(type: LOCAL REDISTRIBUTE dop: 64/1)", "Parent Relationship": "Outer", "Startup Cost": 0.0, "Total Cost": 167581.07, "Plan Rows": 1500000, "Plan Width": 8, "Actual Min Startup Time": 0.035, "Actual Max Startup Time": 298.583, "Actual Min Total Time": 1503.219, "Actual Max Total Time": 1802.948, "Actual Total Rows": 1500000, "Plans": [{"Node Type": "Index Only Scan", "Parent Relationship": "Outer", "Scan Direction": "Forward", "Index Name": "customer_pkey", "Relation Name": "customer", "Alias": "customer", "Startup Cost": 0.0, "Total Cost": 43636.25, "Plan Rows": 1500000, "Plan Width": 8, "Actual Min Startup Time": 0.04, "Actual Max Startup Time": 0.04, "Actual Min Total Time": 317.004, "Actual Max Total Time": 317.004, "Actual Total Rows": 1500000, "Heap Fetches": 0}]}]}]}]}]}]}]}]}]}]}, "Triggers": [], "Planner Runtime": 0.987, "Total Runtime": 3591.537, "Unique SQL Id": 3026328400}}, "(64, 106)": {"explain_plan": {"Plan": {"Node Type": "Sort", "Startup Cost": 343515.21, "Total Cost": 343515.71, "Plan Rows": 200, "Plan Width": 16, "Sort Key": ["(pg_catalog.count(*)) DESC", "c_orders.c_count DESC"], "Plans": [{"Node Type": "Streaming(type: LOCAL GATHER dop: 1/64)", "Parent Relationship": "Outer", "Startup Cost": 343507.02, "Total Cost": 343507.57, "Plan Rows": 200, "Plan Width": 16, "Plans": [{"Node Type": "Aggregate", "Strategy": "Hashed", "Parent Relationship": "Outer", "Startup Cost": 343507.02, "Total Cost": 343507.05, "Plan Rows": 200, "Plan Width": 16, "Group By Key": ["c_orders.c_count"], "Plans": [{"Node Type": "Streaming(type: LOCAL REDISTRIBUTE dop: 64/64)", "Parent Relationship": "Outer", "Startup Cost": 343501.41, "Total Cost": 343507.01, "Plan Rows": 200, "Plan Width": 16, "Plans": [{"Node Type": "Aggregate", "Strategy": "Hashed", "Parent Relationship": "Outer", "Startup Cost": 343501.41, "Total Cost": 343501.45, "Plan Rows": 200, "Plan Width": 16, "Group By Key": ["c_orders.c_count"], "Plans": [{"Node Type": "Subquery Scan", "Parent Relationship": "Outer", "Alias": "c_orders", "Startup Cost": 328149.85, "Total Cost": 343384.23, "Plan Rows": 1500000, "Plan Width": 8, "Plans": [{"Node Type": "Aggregate", "Strategy": "Hashed", "Parent Relationship": "Subquery", "Startup Cost": 328149.85, "Total Cost": 328384.23, "Plan Rows": 1500000, "Plan Width": 24, "Group By Key": ["customer.c_custkey"], "Plans": [{"Node Type": "Hash Join", "Parent Relationship": "Outer", "Join Type": "Left", "Startup Cost": 150209.8, "Total Cost": 327653.73, "Plan Rows": 6350316, "Plan Width": 16, "Inner Unique": false, "Hash Cond": "(customer.c_custkey = orders.o_custkey), (LLVM Optimized)", "Plans": [{"Node Type": "Streaming(type: LOCAL REDISTRIBUTE dop: 64/1)", "Parent Relationship": "Outer", "Startup Cost": 0.0, "Total Cost": 176070.82, "Plan Rows": 1500000, "Plan Width": 8, "Plans": [{"Node Type": "Seq Scan", "Parent Relationship": "Outer", "Relation Name": "customer", "Alias": "customer", "Startup Cost": 0.0, "Total Cost": 52126.0, "Plan Rows": 1500000, "Plan Width": 8}]}, {"Node Type": "Hash", "Parent Relationship": "Inner", "Startup Cost": 147310.46, "Total Cost": 147310.46, "Plan Rows": 14844648, "Plan Width": 16, "Plans": [{"Node Type": "Streaming(type: LOCAL REDISTRIBUTE dop: 64/64)", "Parent Relationship": "Outer", "Startup Cost": 0.0, "Total Cost": 147310.46, "Plan Rows": 14844648, "Plan Width": 16, "Plans": [{"Node Type": "Seq Scan", "Parent Relationship": "Outer", "Relation Name": "orders", "Alias": "orders", "Startup Cost": 0.0, "Total Cost": 70248.63, "Plan Rows": 14844648, "Plan Width": 16, "Filter": "((o_comment)::text !~~ '%pending%deposits%'::text), (LLVM Optimized)"}]}]}]}]}]}]}]}]}]}]}, "Unique SQL Id": 3026328400}, "explain_analyze_plan": null}, "(64, 107)": {"explain_plan": {"Plan": {"Node Type": "Sort", "Startup Cost": 2000164372205.65, "Total Cost": 2000164372206.15, "Plan Rows": 200, "Plan Width": 16, "Sort Key": ["(count(*)) DESC", "c_orders.c_count DESC"], "Plans": [{"Node Type": "Aggregate", "Strategy": "Hashed", "Parent Relationship": "Outer", "Startup Cost": 2000164372196.0, "Total Cost": 2000164372198.0, "Plan Rows": 200, "Plan Width": 16, "Group By Key": ["c_orders.c_count"], "Plans": [{"Node Type": "Subquery Scan", "Parent Relationship": "Outer", "Alias": "c_orders", "Startup Cost": 2000164334696.0, "Total Cost": 2000164364696.0, "Plan Rows": 1500000, "Plan Width": 8, "Plans": [{"Node Type": "Aggregate", "Strategy": "Hashed", "Parent Relationship": "Subquery", "Startup Cost": 2000164334696.0, "Total Cost": 2000164349696.0, "Plan Rows": 1500000, "Plan Width": 24, "Group By Key": ["customer.c_custkey"], "Plans": [{"Node Type": "Hash Join", "Parent Relationship": "Outer", "Join Type": "Right", "Startup Cost": 1010004382375.0, "Total Cost": 2000164302944.42, "Plan Rows": 6350316, "Plan Width": 16, "Inner Unique": true, "Hash Cond": "(orders.o_custkey = customer.c_custkey), (LLVM Optimized)", "Plans": [{"Node Type": "Index Scan", "Parent Relationship": "Outer", "Scan Direction": "Forward", "Index Name": "idx_orders_custkey", "Relation Name": "orders", "Alias": "orders", "Startup Cost": 10000000000.0, "Total Cost": 1000159801398.83, "Plan Rows": 14844648, "Plan Width": 16, "Filter": "((o_comment)::text !~~ '%pending%deposits%'::text), (LLVM Optimized)"}, {"Node Type": "Hash", "Parent Relationship": "Inner", "Startup Cost": 1000004363625.0, "Total Cost": 1000004363625.0, "Plan Rows": 1500000, "Plan Width": 8, "Plans": [{"Node Type": "Index Only Scan", "Parent Relationship": "Outer", "Scan Direction": "Forward", "Index Name": "customer_pkey", "Relation Name": "customer", "Alias": "customer", "Startup Cost": 10000000000.0, "Total Cost": 1000004363625.0, "Plan Rows": 1500000, "Plan Width": 8}]}]}]}]}]}]}, "Unique SQL Id": 3026328400}, "explain_analyze_plan": null}, "(64, 108)": {"explain_plan": {"Plan": {"Node Type": "Sort", "Startup Cost": 343515.21, "Total Cost": 343515.71, "Plan Rows": 200, "Plan Width": 16, "Sort Key": ["(pg_catalog.count(*)) DESC", "c_orders.c_count DESC"], "Plans": [{"Node Type": "Streaming(type: LOCAL GATHER dop: 1/64)", "Parent Relationship": "Outer", "Startup Cost": 343507.02, "Total Cost": 343507.57, "Plan Rows": 200, "Plan Width": 16, "Plans": [{"Node Type": "Aggregate", "Strategy": "Hashed", "Parent Relationship": "Outer", "Startup Cost": 343507.02, "Total Cost": 343507.05, "Plan Rows": 200, "Plan Width": 16, "Group By Key": ["c_orders.c_count"], "Plans": [{"Node Type": "Streaming(type: LOCAL REDISTRIBUTE dop: 64/64)", "Parent Relationship": "Outer", "Startup Cost": 343501.41, "Total Cost": 343507.01, "Plan Rows": 200, "Plan Width": 16, "Plans": [{"Node Type": "Aggregate", "Strategy": "Hashed", "Parent Relationship": "Outer", "Startup Cost": 343501.41, "Total Cost": 343501.45, "Plan Rows": 200, "Plan Width": 16, "Group By Key": ["c_orders.c_count"], "Plans": [{"Node Type": "Subquery Scan", "Parent Relationship": "Outer", "Alias": "c_orders", "Startup Cost": 328149.85, "Total Cost": 343384.23, "Plan Rows": 1500000, "Plan Width": 8, "Plans": [{"Node Type": "Aggregate", "Strategy": "Hashed", "Parent Relationship": "Subquery", "Startup Cost": 328149.85, "Total Cost": 328384.23, "Plan Rows": 1500000, "Plan Width": 24, "Group By Key": ["customer.c_custkey"], "Plans": [{"Node Type": "Hash Join", "Parent Relationship": "Outer", "Join Type": "Left", "Startup Cost": 150209.8, "Total Cost": 327653.73, "Plan Rows": 6350316, "Plan Width": 16, "Inner Unique": false, "Hash Cond": "(customer.c_custkey = orders.o_custkey), (LLVM Optimized)", "Plans": [{"Node Type": "Streaming(type: LOCAL REDISTRIBUTE dop: 64/1)", "Parent Relationship": "Outer", "Startup Cost": 0.0, "Total Cost": 176070.82, "Plan Rows": 1500000, "Plan Width": 8, "Plans": [{"Node Type": "Seq Scan", "Parent Relationship": "Outer", "Relation Name": "customer", "Alias": "customer", "Startup Cost": 0.0, "Total Cost": 52126.0, "Plan Rows": 1500000, "Plan Width": 8}]}, {"Node Type": "Hash", "Parent Relationship": "Inner", "Startup Cost": 147310.46, "Total Cost": 147310.46, "Plan Rows": 14844648, "Plan Width": 16, "Plans": [{"Node Type": "Streaming(type: LOCAL REDISTRIBUTE dop: 64/64)", "Parent Relationship": "Outer", "Startup Cost": 0.0, "Total Cost": 147310.46, "Plan Rows": 14844648, "Plan Width": 16, "Plans": [{"Node Type": "Seq Scan", "Parent Relationship": "Outer", "Relation Name": "orders", "Alias": "orders", "Startup Cost": 0.0, "Total Cost": 70248.63, "Plan Rows": 14844648, "Plan Width": 16, "Filter": "((o_comment)::text !~~ '%pending%deposits%'::text), (LLVM Optimized)"}]}]}]}]}]}]}]}]}]}]}, "Unique SQL Id": 3026328400}, "explain_analyze_plan": null}, "(64, 109)": {"explain_plan": {"Plan": {"Node Type": "Sort", "Startup Cost": 1776238.59, "Total Cost": 1776239.09, "Plan Rows": 200, "Plan Width": 16, "Sort Key": ["(pg_catalog.count(*)) DESC", "c_orders.c_count DESC"], "Plans": [{"Node Type": "Streaming(type: LOCAL GATHER dop: 1/64)", "Parent Relationship": "Outer", "Startup Cost": 1776230.39, "Total Cost": 1776230.94, "Plan Rows": 200, "Plan Width": 16, "Plans": [{"Node Type": "Aggregate", "Strategy": "Hashed", "Parent Relationship": "Outer", "Startup Cost": 1776230.39, "Total Cost": 1776230.43, "Plan Rows": 200, "Plan Width": 16, "Group By Key": ["c_orders.c_count"], "Plans": [{"Node Type": "Streaming(type: LOCAL REDISTRIBUTE dop: 64/64)", "Parent Relationship": "Outer", "Startup Cost": 1776224.79, "Total Cost": 1776230.38, "Plan Rows": 200, "Plan Width": 16, "Plans": [{"Node Type": "Aggregate", "Strategy": "Hashed", "Parent Relationship": "Outer", "Startup Cost": 1776224.79, "Total Cost": 1776224.82, "Plan Rows": 200, "Plan Width": 16, "Group By Key": ["c_orders.c_count"], "Plans": [{"Node Type": "Subquery Scan", "Parent Relationship": "Outer", "Alias": "c_orders", "Startup Cost": 1760873.22, "Total Cost": 1776107.6, "Plan Rows": 1500000, "Plan Width": 8, "Plans": [{"Node Type": "Aggregate", "Strategy": "Hashed", "Parent Relationship": "Subquery", "Startup Cost": 1760873.22, "Total Cost": 1761107.6, "Plan Rows": 1500000, "Plan Width": 24, "Group By Key": ["customer.c_custkey"], "Plans": [{"Node Type": "Hash Join", "Parent Relationship": "Outer", "Join Type": "Right", "Startup Cost": 205003.15, "Total Cost": 1760377.1, "Plan Rows": 6350316, "Plan Width": 16, "Inner Unique": true, "Hash Cond": "(orders.o_custkey = customer.c_custkey), (LLVM Optimized)", "Plans": [{"Node Type": "Streaming(type: LOCAL REDISTRIBUTE dop: 64/64)", "Parent Relationship": "Outer", "Startup Cost": 0.0, "Total Cost": 1553511.91, "Plan Rows": 14844648, "Plan Width": 16, "Plans": [{"Node Type": "Index Scan", "Parent Relationship": "Outer", "Scan Direction": "Forward", "Index Name": "idx_orders_custkey", "Relation Name": "orders", "Alias": "orders", "Startup Cost": 0.0, "Total Cost": 1476450.09, "Plan Rows": 14844648, "Plan Width": 16, "Filter": "((o_comment)::text !~~ '%pending%deposits%'::text), (LLVM Optimized)"}]}, {"Node Type": "Hash", "Parent Relationship": "Inner", "Startup Cost": 204710.18, "Total Cost": 204710.18, "Plan Rows": 1500000, "Plan Width": 8, "Plans": [{"Node Type": "Streaming(type: LOCAL REDISTRIBUTE dop: 64/1)", "Parent Relationship": "Outer", "Startup Cost": 0.0, "Total Cost": 204710.18, "Plan Rows": 1500000, "Plan Width": 8, "Plans": [{"Node Type": "Index Scan", "Parent Relationship": "Outer", "Scan Direction": "Forward", "Index Name": "customer_pkey", "Relation Name": "customer", "Alias": "customer", "Startup Cost": 0.0, "Total Cost": 80765.36, "Plan Rows": 1500000, "Plan Width": 8}]}]}]}]}]}]}]}]}]}]}, "Unique SQL Id": 3026328400}, "explain_analyze_plan": {"Plan": {"Node Type": "Sort", "Startup Cost": 1776238.59, "Total Cost": 1776239.09, "Plan Rows": 200, "Plan Width": 16, "Actual Min Startup Time": 3958.152, "Actual Max Startup Time": 3958.152, "Actual Min Total Time": 3958.156, "Actual Max Total Time": 3958.156, "Actual Total Rows": 46, "Sort Key": ["(pg_catalog.count(*)) DESC", "c_orders.c_count DESC"], "Sort Method": "quicksort", "Sort Space Min Used": 27, "Sort Space Max Used": 27, "Sort Space Type": "Memory", "Plans": [{"Node Type": "Streaming(type: LOCAL GATHER dop: 1/64)", "Parent Relationship": "Outer", "Startup Cost": 1776230.39, "Total Cost": 1776230.94, "Plan Rows": 200, "Plan Width": 16, "Actual Min Startup Time": 3957.212, "Actual Max Startup Time": 3957.212, "Actual Min Total Time": 3958.088, "Actual Max Total Time": 3958.088, "Actual Total Rows": 46, "Plans": [{"Node Type": "Aggregate", "Strategy": "Hashed", "Parent Relationship": "Outer", "Startup Cost": 1776230.39, "Total Cost": 1776230.43, "Plan Rows": 200, "Plan Width": 16, "Actual Min Startup Time": 3630.203, "Actual Max Startup Time": 3743.844, "Actual Min Total Time": 3630.203, "Actual Max Total Time": 3743.844, "Actual Total Rows": 46, "Group By Key": ["c_orders.c_count"], "Plans": [{"Node Type": "Streaming(type: LOCAL REDISTRIBUTE dop: 64/64)", "Parent Relationship": "Outer", "Startup Cost": 1776224.79, "Total Cost": 1776230.38, "Plan Rows": 200, "Plan Width": 16, "Actual Min Startup Time": 3623.72, "Actual Max Startup Time": 3741.366, "Actual Min Total Time": 3630.11, "Actual Max Total Time": 3743.692, "Actual Total Rows": 2480, "Plans": [{"Node Type": "Aggregate", "Strategy": "Hashed", "Parent Relationship": "Outer", "Startup Cost": 1776224.79, "Total Cost": 1776224.82, "Plan Rows": 200, "Plan Width": 16, "Actual Min Startup Time": 3439.367, "Actual Max Startup Time": 3710.831, "Actual Min Total Time": 3439.375, "Actual Max Total Time": 3710.834, "Actual Total Rows": 2480, "Group By Key": ["c_orders.c_count"], "Plans": [{"Node Type": "Subquery Scan", "Parent Relationship": "Outer", "Alias": "c_orders", "Startup Cost": 1760873.22, "Total Cost": 1776107.6, "Plan Rows": 1500000, "Plan Width": 8, "Actual Min Startup Time": 3421.319, "Actual Max Startup Time": 3690.394, "Actual Min Total Time": 3432.328, "Actual Max Total Time": 3703.959, "Actual Total Rows": 1500000, "Plans": [{"Node Type": "Aggregate", "Strategy": "Hashed", "Parent Relationship": "Subquery", "Startup Cost": 1760873.22, "Total Cost": 1761107.6, "Plan Rows": 1500000, "Plan Width": 24, "Actual Min Startup Time": 3421.317, "Actual Max Startup Time": 3690.392, "Actual Min Total Time": 3428.3, "Actual Max Total Time": 3699.713, "Actual Total Rows": 1500000, "Group By Key": ["customer.c_custkey"], "Plans": [{"Node Type": "Hash Join", "Parent Relationship": "Outer", "Join Type": "Right", "Startup Cost": 205003.15, "Total Cost": 1760377.1, "Plan Rows": 6350316, "Plan Width": 16, "Actual Min Startup Time": 1944.419, "Actual Max Startup Time": 2213.485, "Actual Min Total Time": 3336.705, "Actual Max Total Time": 3610.647, "Actual Total Rows": 15338153, "Inner Unique": true, "Hash Cond": "(orders.o_custkey = customer.c_custkey), (LLVM Optimized, Jit Execute)", "Plans": [{"Node Type": "Streaming(type: LOCAL REDISTRIBUTE dop: 64/64)", "Parent Relationship": "Outer", "Startup Cost": 0.0, "Total Cost": 1553511.91, "Plan Rows": 14844648, "Plan Width": 16, "Actual Min Startup Time": 0.178, "Actual Max Startup Time": 5.51, "Actual Min Total Time": 1282.665, "Actual Max Total Time": 1313.983, "Actual Total Rows": 14838130, "Plans": [{"Node Type": "Index Scan", "Parent Relationship": "Outer", "Scan Direction": "Forward", "Index Name": "idx_orders_custkey", "Relation Name": "orders", "Alias": "orders", "Startup Cost": 0.0, "Total Cost": 1476450.09, "Plan Rows": 14844648, "Plan Width": 16, "Actual Min Startup Time": 14.315, "Actual Max Startup Time": 493.281, "Actual Min Total Time": 753.669, "Actual Max Total Time": 1460.27, "Actual Total Rows": 14838130, "Filter": "((o_comment)::text !~~ '%pending%deposits%'::text), (LLVM Optimized, Jit Execute)", "Rows Removed by Filter": 161870}]}, {"Node Type": "Hash", "Parent Relationship": "Inner", "Startup Cost": 204710.18, "Total Cost": 204710.18, "Plan Rows": 1500000, "Plan Width": 8, "Actual Min Startup Time": 1944.008, "Actual Max Startup Time": 2213.155, "Actual Min Total Time": 1944.008, "Actual Max Total Time": 2213.155, "Actual Total Rows": 1500000, "Max Hash Buckets": 32768, "Min Hash Buckets": 32768, "Max Hash Batches": 1, "Min Hash Batches": 1, "Max Original Hash Batches": 1, "Min Original Hash Batches": 1, "Max Peak Memory Usage": 915, "min Peak Memory Usage": 915, "Plans": [{"Node Type": "Streaming(type: LOCAL REDISTRIBUTE dop: 64/1)", "Parent Relationship": "Outer", "Startup Cost": 0.0, "Total Cost": 204710.18, "Plan Rows": 1500000, "Plan Width": 8, "Actual Min Startup Time": 0.037, "Actual Max Startup Time": 268.0, "Actual Min Total Time": 1937.533, "Actual Max Total Time": 2206.398, "Actual Total Rows": 1500000, "Plans": [{"Node Type": "Index Scan", "Parent Relationship": "Outer", "Scan Direction": "Forward", "Index Name": "customer_pkey", "Relation Name": "customer", "Alias": "customer", "Startup Cost": 0.0, "Total Cost": 80765.36, "Plan Rows": 1500000, "Plan Width": 8, "Actual Min Startup Time": 0.046, "Actual Max Startup Time": 0.046, "Actual Min Total Time": 842.206, "Actual Max Total Time": 842.206, "Actual Total Rows": 1500000}]}]}]}]}]}]}]}]}]}]}, "Triggers": [], "Planner Runtime": 0.977, "Total Runtime": 4013.912, "Unique SQL Id": 3026328400}}, "(64, 110)": {"explain_plan": {"Plan": {"Node Type": "Sort", "Startup Cost": 343515.21, "Total Cost": 343515.71, "Plan Rows": 200, "Plan Width": 16, "Sort Key": ["(pg_catalog.count(*)) DESC", "c_orders.c_count DESC"], "Plans": [{"Node Type": "Streaming(type: LOCAL GATHER dop: 1/64)", "Parent Relationship": "Outer", "Startup Cost": 343507.02, "Total Cost": 343507.57, "Plan Rows": 200, "Plan Width": 16, "Plans": [{"Node Type": "Aggregate", "Strategy": "Hashed", "Parent Relationship": "Outer", "Startup Cost": 343507.02, "Total Cost": 343507.05, "Plan Rows": 200, "Plan Width": 16, "Group By Key": ["c_orders.c_count"], "Plans": [{"Node Type": "Streaming(type: LOCAL REDISTRIBUTE dop: 64/64)", "Parent Relationship": "Outer", "Startup Cost": 343501.41, "Total Cost": 343507.01, "Plan Rows": 200, "Plan Width": 16, "Plans": [{"Node Type": "Aggregate", "Strategy": "Hashed", "Parent Relationship": "Outer", "Startup Cost": 343501.41, "Total Cost": 343501.45, "Plan Rows": 200, "Plan Width": 16, "Group By Key": ["c_orders.c_count"], "Plans": [{"Node Type": "Subquery Scan", "Parent Relationship": "Outer", "Alias": "c_orders", "Startup Cost": 328149.85, "Total Cost": 343384.23, "Plan Rows": 1500000, "Plan Width": 8, "Plans": [{"Node Type": "Aggregate", "Strategy": "Hashed", "Parent Relationship": "Subquery", "Startup Cost": 328149.85, "Total Cost": 328384.23, "Plan Rows": 1500000, "Plan Width": 24, "Group By Key": ["customer.c_custkey"], "Plans": [{"Node Type": "Hash Join", "Parent Relationship": "Outer", "Join Type": "Left", "Startup Cost": 150209.8, "Total Cost": 327653.73, "Plan Rows": 6350316, "Plan Width": 16, "Inner Unique": false, "Hash Cond": "(customer.c_custkey = orders.o_custkey), (LLVM Optimized)", "Plans": [{"Node Type": "Streaming(type: LOCAL REDISTRIBUTE dop: 64/1)", "Parent Relationship": "Outer", "Startup Cost": 0.0, "Total Cost": 176070.82, "Plan Rows": 1500000, "Plan Width": 8, "Plans": [{"Node Type": "Seq Scan", "Parent Relationship": "Outer", "Relation Name": "customer", "Alias": "customer", "Startup Cost": 0.0, "Total Cost": 52126.0, "Plan Rows": 1500000, "Plan Width": 8}]}, {"Node Type": "Hash", "Parent Relationship": "Inner", "Startup Cost": 147310.46, "Total Cost": 147310.46, "Plan Rows": 14844648, "Plan Width": 16, "Plans": [{"Node Type": "Streaming(type: LOCAL REDISTRIBUTE dop: 64/64)", "Parent Relationship": "Outer", "Startup Cost": 0.0, "Total Cost": 147310.46, "Plan Rows": 14844648, "Plan Width": 16, "Plans": [{"Node Type": "Seq Scan", "Parent Relationship": "Outer", "Relation Name": "orders", "Alias": "orders", "Startup Cost": 0.0, "Total Cost": 70248.63, "Plan Rows": 14844648, "Plan Width": 16, "Filter": "((o_comment)::text !~~ '%pending%deposits%'::text), (LLVM Optimized)"}]}]}]}]}]}]}]}]}]}]}, "Unique SQL Id": 3026328400}, "explain_analyze_plan": null}, "(64, 111)": {"explain_plan": {"Plan": {"Node Type": "Sort", "Startup Cost": 2000168085116.27, "Total Cost": 2000168085116.77, "Plan Rows": 200, "Plan Width": 16, "Sort Key": ["(count(*)) DESC", "c_orders.c_count DESC"], "Plans": [{"Node Type": "Aggregate", "Strategy": "Hashed", "Parent Relationship": "Outer", "Startup Cost": 2000168085106.62, "Total Cost": 2000168085108.62, "Plan Rows": 200, "Plan Width": 16, "Group By Key": ["c_orders.c_count"], "Plans": [{"Node Type": "Subquery Scan", "Parent Relationship": "Outer", "Alias": "c_orders", "Startup Cost": 2000168047606.62, "Total Cost": 2000168077606.62, "Plan Rows": 1500000, "Plan Width": 8, "Plans": [{"Node Type": "Aggregate", "Strategy": "Hashed", "Parent Relationship": "Subquery", "Startup Cost": 2000168047606.62, "Total Cost": 2000168062606.62, "Plan Rows": 1500000, "Plan Width": 24, "Group By Key": ["customer.c_custkey"], "Plans": [{"Node Type": "Hash Join", "Parent Relationship": "Outer", "Join Type": "Right", "Startup Cost": 1010008095285.62, "Total Cost": 2000168015855.04, "Plan Rows": 6350316, "Plan Width": 16, "Inner Unique": true, "Hash Cond": "(orders.o_custkey = customer.c_custkey), (LLVM Optimized)", "Plans": [{"Node Type": "Index Scan", "Parent Relationship": "Outer", "Scan Direction": "Forward", "Index Name": "idx_orders_custkey", "Relation Name": "orders", "Alias": "orders", "Startup Cost": 10000000000.0, "Total Cost": 1000159801398.83, "Plan Rows": 14844648, "Plan Width": 16, "Filter": "((o_comment)::text !~~ '%pending%deposits%'::text), (LLVM Optimized)"}, {"Node Type": "Hash", "Parent Relationship": "Inner", "Startup Cost": 1000008076535.62, "Total Cost": 1000008076535.62, "Plan Rows": 1500000, "Plan Width": 8, "Plans": [{"Node Type": "Index Scan", "Parent Relationship": "Outer", "Scan Direction": "Forward", "Index Name": "customer_pkey", "Relation Name": "customer", "Alias": "customer", "Startup Cost": 10000000000.0, "Total Cost": 1000008076535.62, "Plan Rows": 1500000, "Plan Width": 8}]}]}]}]}]}]}, "Unique SQL Id": 3026328400}, "explain_analyze_plan": null}, "(64, 112)": {"explain_plan": {"Plan": {"Node Type": "Sort", "Startup Cost": 2003441.47, "Total Cost": 2003441.97, "Plan Rows": 200, "Plan Width": 16, "Sort Key": ["(count(*)) DESC", "c_orders.c_count DESC"], "Plans": [{"Node Type": "Aggregate", "Strategy": "Hashed", "Parent Relationship": "Outer", "Startup Cost": 2003431.83, "Total Cost": 2003433.83, "Plan Rows": 200, "Plan Width": 16, "Group By Key": ["c_orders.c_count"], "Plans": [{"Node Type": "Subquery Scan", "Parent Relationship": "Outer", "Alias": "c_orders", "Startup Cost": 1965931.83, "Total Cost": 1995931.83, "Plan Rows": 1500000, "Plan Width": 8, "Plans": [{"Node Type": "Aggregate", "Strategy": "Hashed", "Parent Relationship": "Subquery", "Startup Cost": 1965931.83, "Total Cost": 1980931.83, "Plan Rows": 1500000, "Plan Width": 24, "Group By Key": ["customer.c_custkey"], "Plans": [{"Node Type": "Nested Loop", "Parent Relationship": "Outer", "Join Type": "Left", "Startup Cost": 0.0, "Total Cost": 1934180.25, "Plan Rows": 6350316, "Plan Width": 16, "Inner Unique": false, "Plans": [{"Node Type": "Index Only Scan", "Parent Relationship": "Outer", "Scan Direction": "Forward", "Index Name": "customer_pkey", "Relation Name": "customer", "Alias": "customer", "Startup Cost": 0.0, "Total Cost": 43636.25, "Plan Rows": 1500000, "Plan Width": 8}, {"Node Type": "Index Scan", "Parent Relationship": "Inner", "Scan Direction": "Forward", "Index Name": "idx_orders_custkey", "Relation Name": "orders", "Alias": "orders", "Startup Cost": 0.0, "Total Cost": 1.22, "Plan Rows": 4, "Plan Width": 16, "Index Cond": "(customer.c_custkey = o_custkey)", "Filter": "((o_comment)::text !~~ '%pending%deposits%'::text)"}]}]}]}]}]}, "Unique SQL Id": 3026328400}, "explain_analyze_plan": null}, "(64, 113)": {"explain_plan": {"Plan": {"Node Type": "Sort", "Startup Cost": 2003441.47, "Total Cost": 2003441.97, "Plan Rows": 200, "Plan Width": 16, "Sort Key": ["(count(*)) DESC", "c_orders.c_count DESC"], "Plans": [{"Node Type": "Aggregate", "Strategy": "Hashed", "Parent Relationship": "Outer", "Startup Cost": 2003431.83, "Total Cost": 2003433.83, "Plan Rows": 200, "Plan Width": 16, "Group By Key": ["c_orders.c_count"], "Plans": [{"Node Type": "Subquery Scan", "Parent Relationship": "Outer", "Alias": "c_orders", "Startup Cost": 1965931.83, "Total Cost": 1995931.83, "Plan Rows": 1500000, "Plan Width": 8, "Plans": [{"Node Type": "Aggregate", "Strategy": "Hashed", "Parent Relationship": "Subquery", "Startup Cost": 1965931.83, "Total Cost": 1980931.83, "Plan Rows": 1500000, "Plan Width": 24, "Group By Key": ["customer.c_custkey"], "Plans": [{"Node Type": "Nested Loop", "Parent Relationship": "Outer", "Join Type": "Left", "Startup Cost": 0.0, "Total Cost": 1934180.25, "Plan Rows": 6350316, "Plan Width": 16, "Inner Unique": false, "Plans": [{"Node Type": "Index Only Scan", "Parent Relationship": "Outer", "Scan Direction": "Forward", "Index Name": "customer_pkey", "Relation Name": "customer", "Alias": "customer", "Startup Cost": 0.0, "Total Cost": 43636.25, "Plan Rows": 1500000, "Plan Width": 8}, {"Node Type": "Index Scan", "Parent Relationship": "Inner", "Scan Direction": "Forward", "Index Name": "idx_orders_custkey", "Relation Name": "orders", "Alias": "orders", "Startup Cost": 0.0, "Total Cost": 1.22, "Plan Rows": 4, "Plan Width": 16, "Index Cond": "(customer.c_custkey = o_custkey)", "Filter": "((o_comment)::text !~~ '%pending%deposits%'::text)"}]}]}]}]}]}, "Unique SQL Id": 3026328400}, "explain_analyze_plan": null}, "(64, 114)": {"explain_plan": {"Plan": {"Node Type": "Sort", "Startup Cost": 6922755.22, "Total Cost": 6922755.72, "Plan Rows": 200, "Plan Width": 16, "Sort Key": ["(count(*)) DESC", "c_orders.c_count DESC"], "Plans": [{"Node Type": "Aggregate", "Strategy": "Hashed", "Parent Relationship": "Outer", "Startup Cost": 6922745.58, "Total Cost": 6922747.58, "Plan Rows": 200, "Plan Width": 16, "Group By Key": ["c_orders.c_count"], "Plans": [{"Node Type": "Subquery Scan", "Parent Relationship": "Outer", "Alias": "c_orders", "Startup Cost": 6885245.58, "Total Cost": 6915245.58, "Plan Rows": 1500000, "Plan Width": 8, "Plans": [{"Node Type": "Aggregate", "Strategy": "Hashed", "Parent Relationship": "Subquery", "Startup Cost": 6885245.58, "Total Cost": 6900245.58, "Plan Rows": 1500000, "Plan Width": 24, "Group By Key": ["customer.c_custkey"], "Plans": [{"Node Type": "Nested Loop", "Parent Relationship": "Outer", "Join Type": "Left", "Startup Cost": 0.43, "Total Cost": 6853494.0, "Plan Rows": 6350316, "Plan Width": 16, "Inner Unique": false, "Plans": [{"Node Type": "Seq Scan", "Parent Relationship": "Outer", "Relation Name": "customer", "Alias": "customer", "Startup Cost": 0.0, "Total Cost": 52126.0, "Plan Rows": 1500000, "Plan Width": 8}, {"Node Type": "Bitmap Heap Scan", "Parent Relationship": "Inner", "Relation Name": "orders", "Alias": "orders", "Startup Cost": 0.43, "Total Cost": 4.49, "Plan Rows": 4, "Plan Width": 16, "Recheck Cond": "(customer.c_custkey = o_custkey)", "Filter": "((o_comment)::text !~~ '%pending%deposits%'::text)", "Plans": [{"Node Type": "Bitmap Index Scan", "Parent Relationship": "Outer", "Index Name": "idx_orders_custkey", "Startup Cost": 0.0, "Total Cost": 0.43, "Plan Rows": 4, "Plan Width": 0, "Index Cond": "(customer.c_custkey = o_custkey)"}]}]}]}]}]}]}, "Unique SQL Id": 3026328400}, "explain_analyze_plan": null}, "(64, 115)": {"explain_plan": {"Plan": {"Node Type": "Sort", "Startup Cost": 6951766.47, "Total Cost": 6951766.97, "Plan Rows": 200, "Plan Width": 16, "Sort Key": ["(count(*)) DESC", "c_orders.c_count DESC"], "Plans": [{"Node Type": "Aggregate", "Strategy": "Hashed", "Parent Relationship": "Outer", "Startup Cost": 6951756.83, "Total Cost": 6951758.83, "Plan Rows": 200, "Plan Width": 16, "Group By Key": ["c_orders.c_count"], "Plans": [{"Node Type": "Subquery Scan", "Parent Relationship": "Outer", "Alias": "c_orders", "Startup Cost": 6914256.83, "Total Cost": 6944256.83, "Plan Rows": 1500000, "Plan Width": 8, "Plans": [{"Node Type": "Aggregate", "Strategy": "Hashed", "Parent Relationship": "Subquery", "Startup Cost": 6914256.83, "Total Cost": 6929256.83, "Plan Rows": 1500000, "Plan Width": 24, "Group By Key": ["customer.c_custkey"], "Plans": [{"Node Type": "Nested Loop", "Parent Relationship": "Outer", "Join Type": "Left", "Startup Cost": 29011.68, "Total Cost": 6882505.25, "Plan Rows": 6350316, "Plan Width": 16, "Inner Unique": false, "Plans": [{"Node Type": "Bitmap Heap Scan", "Parent Relationship": "Outer", "Relation Name": "customer", "Alias": "customer", "Startup Cost": 29011.25, "Total Cost": 81137.25, "Plan Rows": 1500000, "Plan Width": 8, "Plans": [{"Node Type": "Bitmap Index Scan", "Parent Relationship": "Outer", "Index Name": "customer_pkey", "Startup Cost": 0.0, "Total Cost": 28636.25, "Plan Rows": 1500000, "Plan Width": 0}]}, {"Node Type": "Bitmap Heap Scan", "Parent Relationship": "Inner", "Relation Name": "orders", "Alias": "orders", "Startup Cost": 0.43, "Total Cost": 4.49, "Plan Rows": 4, "Plan Width": 16, "Recheck Cond": "(customer.c_custkey = o_custkey)", "Filter": "((o_comment)::text !~~ '%pending%deposits%'::text)", "Plans": [{"Node Type": "Bitmap Index Scan", "Parent Relationship": "Outer", "Index Name": "idx_orders_custkey", "Startup Cost": 0.0, "Total Cost": 0.43, "Plan Rows": 4, "Plan Width": 0, "Index Cond": "(customer.c_custkey = o_custkey)"}]}]}]}]}]}]}, "Unique SQL Id": 3026328400}, "explain_analyze_plan": null}, "(64, 116)": {"explain_plan": {"Plan": {"Node Type": "Sort", "Startup Cost": 2011931.22, "Total Cost": 2011931.72, "Plan Rows": 200, "Plan Width": 16, "Sort Key": ["(count(*)) DESC", "c_orders.c_count DESC"], "Plans": [{"Node Type": "Aggregate", "Strategy": "Hashed", "Parent Relationship": "Outer", "Startup Cost": 2011921.58, "Total Cost": 2011923.58, "Plan Rows": 200, "Plan Width": 16, "Group By Key": ["c_orders.c_count"], "Plans": [{"Node Type": "Subquery Scan", "Parent Relationship": "Outer", "Alias": "c_orders", "Startup Cost": 1974421.58, "Total Cost": 2004421.58, "Plan Rows": 1500000, "Plan Width": 8, "Plans": [{"Node Type": "Aggregate", "Strategy": "Hashed", "Parent Relationship": "Subquery", "Startup Cost": 1974421.58, "Total Cost": 1989421.58, "Plan Rows": 1500000, "Plan Width": 24, "Group By Key": ["customer.c_custkey"], "Plans": [{"Node Type": "Nested Loop", "Parent Relationship": "Outer", "Join Type": "Left", "Startup Cost": 0.0, "Total Cost": 1942670.0, "Plan Rows": 6350316, "Plan Width": 16, "Inner Unique": false, "Plans": [{"Node Type": "Seq Scan", "Parent Relationship": "Outer", "Relation Name": "customer", "Alias": "customer", "Startup Cost": 0.0, "Total Cost": 52126.0, "Plan Rows": 1500000, "Plan Width": 8}, {"Node Type": "Index Scan", "Parent Relationship": "Inner", "Scan Direction": "Forward", "Index Name": "idx_orders_custkey", "Relation Name": "orders", "Alias": "orders", "Startup Cost": 0.0, "Total Cost": 1.22, "Plan Rows": 4, "Plan Width": 16, "Index Cond": "(customer.c_custkey = o_custkey)", "Filter": "((o_comment)::text !~~ '%pending%deposits%'::text)"}]}]}]}]}]}, "Unique SQL Id": 3026328400}, "explain_analyze_plan": null}, "(64, 117)": {"explain_plan": {"Plan": {"Node Type": "Sort", "Startup Cost": 2040570.58, "Total Cost": 2040571.08, "Plan Rows": 200, "Plan Width": 16, "Sort Key": ["(count(*)) DESC", "c_orders.c_count DESC"], "Plans": [{"Node Type": "Aggregate", "Strategy": "Hashed", "Parent Relationship": "Outer", "Startup Cost": 2040560.94, "Total Cost": 2040562.94, "Plan Rows": 200, "Plan Width": 16, "Group By Key": ["c_orders.c_count"], "Plans": [{"Node Type": "Subquery Scan", "Parent Relationship": "Outer", "Alias": "c_orders", "Startup Cost": 2003060.94, "Total Cost": 2033060.94, "Plan Rows": 1500000, "Plan Width": 8, "Plans": [{"Node Type": "Aggregate", "Strategy": "Hashed", "Parent Relationship": "Subquery", "Startup Cost": 2003060.94, "Total Cost": 2018060.94, "Plan Rows": 1500000, "Plan Width": 24, "Group By Key": ["customer.c_custkey"], "Plans": [{"Node Type": "Nested Loop", "Parent Relationship": "Outer", "Join Type": "Left", "Startup Cost": 0.0, "Total Cost": 1971309.36, "Plan Rows": 6350316, "Plan Width": 16, "Inner Unique": false, "Plans": [{"Node Type": "Index Scan", "Parent Relationship": "Outer", "Scan Direction": "Forward", "Index Name": "customer_pkey", "Relation Name": "customer", "Alias": "customer", "Startup Cost": 0.0, "Total Cost": 80765.36, "Plan Rows": 1500000, "Plan Width": 8}, {"Node Type": "Index Scan", "Parent Relationship": "Inner", "Scan Direction": "Forward", "Index Name": "idx_orders_custkey", "Relation Name": "orders", "Alias": "orders", "Startup Cost": 0.0, "Total Cost": 1.22, "Plan Rows": 4, "Plan Width": 16, "Index Cond": "(customer.c_custkey = o_custkey)", "Filter": "((o_comment)::text !~~ '%pending%deposits%'::text)"}]}]}]}]}]}, "Unique SQL Id": 3026328400}, "explain_analyze_plan": null}, "(64, 118)": {"explain_plan": {"Plan": {"Node Type": "Sort", "Startup Cost": 6922755.22, "Total Cost": 6922755.72, "Plan Rows": 200, "Plan Width": 16, "Sort Key": ["(count(*)) DESC", "c_orders.c_count DESC"], "Plans": [{"Node Type": "Aggregate", "Strategy": "Hashed", "Parent Relationship": "Outer", "Startup Cost": 6922745.58, "Total Cost": 6922747.58, "Plan Rows": 200, "Plan Width": 16, "Group By Key": ["c_orders.c_count"], "Plans": [{"Node Type": "Subquery Scan", "Parent Relationship": "Outer", "Alias": "c_orders", "Startup Cost": 6885245.58, "Total Cost": 6915245.58, "Plan Rows": 1500000, "Plan Width": 8, "Plans": [{"Node Type": "Aggregate", "Strategy": "Hashed", "Parent Relationship": "Subquery", "Startup Cost": 6885245.58, "Total Cost": 6900245.58, "Plan Rows": 1500000, "Plan Width": 24, "Group By Key": ["customer.c_custkey"], "Plans": [{"Node Type": "Nested Loop", "Parent Relationship": "Outer", "Join Type": "Left", "Startup Cost": 0.43, "Total Cost": 6853494.0, "Plan Rows": 6350316, "Plan Width": 16, "Inner Unique": false, "Plans": [{"Node Type": "Seq Scan", "Parent Relationship": "Outer", "Relation Name": "customer", "Alias": "customer", "Startup Cost": 0.0, "Total Cost": 52126.0, "Plan Rows": 1500000, "Plan Width": 8}, {"Node Type": "Bitmap Heap Scan", "Parent Relationship": "Inner", "Relation Name": "orders", "Alias": "orders", "Startup Cost": 0.43, "Total Cost": 4.49, "Plan Rows": 4, "Plan Width": 16, "Recheck Cond": "(customer.c_custkey = o_custkey)", "Filter": "((o_comment)::text !~~ '%pending%deposits%'::text)", "Plans": [{"Node Type": "Bitmap Index Scan", "Parent Relationship": "Outer", "Index Name": "idx_orders_custkey", "Startup Cost": 0.0, "Total Cost": 0.43, "Plan Rows": 4, "Plan Width": 0, "Index Cond": "(customer.c_custkey = o_custkey)"}]}]}]}]}]}]}, "Unique SQL Id": 3026328400}, "explain_analyze_plan": null}, "(64, 119)": {"explain_plan": {"Plan": {"Node Type": "Sort", "Startup Cost": 6951766.47, "Total Cost": 6951766.97, "Plan Rows": 200, "Plan Width": 16, "Sort Key": ["(count(*)) DESC", "c_orders.c_count DESC"], "Plans": [{"Node Type": "Aggregate", "Strategy": "Hashed", "Parent Relationship": "Outer", "Startup Cost": 6951756.83, "Total Cost": 6951758.83, "Plan Rows": 200, "Plan Width": 16, "Group By Key": ["c_orders.c_count"], "Plans": [{"Node Type": "Subquery Scan", "Parent Relationship": "Outer", "Alias": "c_orders", "Startup Cost": 6914256.83, "Total Cost": 6944256.83, "Plan Rows": 1500000, "Plan Width": 8, "Plans": [{"Node Type": "Aggregate", "Strategy": "Hashed", "Parent Relationship": "Subquery", "Startup Cost": 6914256.83, "Total Cost": 6929256.83, "Plan Rows": 1500000, "Plan Width": 24, "Group By Key": ["customer.c_custkey"], "Plans": [{"Node Type": "Nested Loop", "Parent Relationship": "Outer", "Join Type": "Left", "Startup Cost": 29011.68, "Total Cost": 6882505.25, "Plan Rows": 6350316, "Plan Width": 16, "Inner Unique": false, "Plans": [{"Node Type": "Bitmap Heap Scan", "Parent Relationship": "Outer", "Relation Name": "customer", "Alias": "customer", "Startup Cost": 29011.25, "Total Cost": 81137.25, "Plan Rows": 1500000, "Plan Width": 8, "Plans": [{"Node Type": "Bitmap Index Scan", "Parent Relationship": "Outer", "Index Name": "customer_pkey", "Startup Cost": 0.0, "Total Cost": 28636.25, "Plan Rows": 1500000, "Plan Width": 0}]}, {"Node Type": "Bitmap Heap Scan", "Parent Relationship": "Inner", "Relation Name": "orders", "Alias": "orders", "Startup Cost": 0.43, "Total Cost": 4.49, "Plan Rows": 4, "Plan Width": 16, "Recheck Cond": "(customer.c_custkey = o_custkey)", "Filter": "((o_comment)::text !~~ '%pending%deposits%'::text)", "Plans": [{"Node Type": "Bitmap Index Scan", "Parent Relationship": "Outer", "Index Name": "idx_orders_custkey", "Startup Cost": 0.0, "Total Cost": 0.43, "Plan Rows": 4, "Plan Width": 0, "Index Cond": "(customer.c_custkey = o_custkey)"}]}]}]}]}]}]}, "Unique SQL Id": 3026328400}, "explain_analyze_plan": null}, "(64, 120)": {"explain_plan": {"Plan": {"Node Type": "Sort", "Startup Cost": 2003441.47, "Total Cost": 2003441.97, "Plan Rows": 200, "Plan Width": 16, "Sort Key": ["(count(*)) DESC", "c_orders.c_count DESC"], "Plans": [{"Node Type": "Aggregate", "Strategy": "Hashed", "Parent Relationship": "Outer", "Startup Cost": 2003431.83, "Total Cost": 2003433.83, "Plan Rows": 200, "Plan Width": 16, "Group By Key": ["c_orders.c_count"], "Plans": [{"Node Type": "Subquery Scan", "Parent Relationship": "Outer", "Alias": "c_orders", "Startup Cost": 1965931.83, "Total Cost": 1995931.83, "Plan Rows": 1500000, "Plan Width": 8, "Plans": [{"Node Type": "Aggregate", "Strategy": "Hashed", "Parent Relationship": "Subquery", "Startup Cost": 1965931.83, "Total Cost": 1980931.83, "Plan Rows": 1500000, "Plan Width": 24, "Group By Key": ["customer.c_custkey"], "Plans": [{"Node Type": "Nested Loop", "Parent Relationship": "Outer", "Join Type": "Left", "Startup Cost": 0.0, "Total Cost": 1934180.25, "Plan Rows": 6350316, "Plan Width": 16, "Inner Unique": false, "Plans": [{"Node Type": "Index Only Scan", "Parent Relationship": "Outer", "Scan Direction": "Forward", "Index Name": "customer_pkey", "Relation Name": "customer", "Alias": "customer", "Startup Cost": 0.0, "Total Cost": 43636.25, "Plan Rows": 1500000, "Plan Width": 8}, {"Node Type": "Index Scan", "Parent Relationship": "Inner", "Scan Direction": "Forward", "Index Name": "idx_orders_custkey", "Relation Name": "orders", "Alias": "orders", "Startup Cost": 0.0, "Total Cost": 1.22, "Plan Rows": 4, "Plan Width": 16, "Index Cond": "(customer.c_custkey = o_custkey)", "Filter": "((o_comment)::text !~~ '%pending%deposits%'::text)"}]}]}]}]}]}, "Unique SQL Id": 3026328400}, "explain_analyze_plan": null}, "(64, 121)": {"explain_plan": {"Plan": {"Node Type": "Sort", "Startup Cost": 2003441.47, "Total Cost": 2003441.97, "Plan Rows": 200, "Plan Width": 16, "Sort Key": ["(count(*)) DESC", "c_orders.c_count DESC"], "Plans": [{"Node Type": "Aggregate", "Strategy": "Hashed", "Parent Relationship": "Outer", "Startup Cost": 2003431.83, "Total Cost": 2003433.83, "Plan Rows": 200, "Plan Width": 16, "Group By Key": ["c_orders.c_count"], "Plans": [{"Node Type": "Subquery Scan", "Parent Relationship": "Outer", "Alias": "c_orders", "Startup Cost": 1965931.83, "Total Cost": 1995931.83, "Plan Rows": 1500000, "Plan Width": 8, "Plans": [{"Node Type": "Aggregate", "Strategy": "Hashed", "Parent Relationship": "Subquery", "Startup Cost": 1965931.83, "Total Cost": 1980931.83, "Plan Rows": 1500000, "Plan Width": 24, "Group By Key": ["customer.c_custkey"], "Plans": [{"Node Type": "Nested Loop", "Parent Relationship": "Outer", "Join Type": "Left", "Startup Cost": 0.0, "Total Cost": 1934180.25, "Plan Rows": 6350316, "Plan Width": 16, "Inner Unique": false, "Plans": [{"Node Type": "Index Only Scan", "Parent Relationship": "Outer", "Scan Direction": "Forward", "Index Name": "customer_pkey", "Relation Name": "customer", "Alias": "customer", "Startup Cost": 0.0, "Total Cost": 43636.25, "Plan Rows": 1500000, "Plan Width": 8}, {"Node Type": "Index Scan", "Parent Relationship": "Inner", "Scan Direction": "Forward", "Index Name": "idx_orders_custkey", "Relation Name": "orders", "Alias": "orders", "Startup Cost": 0.0, "Total Cost": 1.22, "Plan Rows": 4, "Plan Width": 16, "Index Cond": "(customer.c_custkey = o_custkey)", "Filter": "((o_comment)::text !~~ '%pending%deposits%'::text)"}]}]}]}]}]}, "Unique SQL Id": 3026328400}, "explain_analyze_plan": null}, "(64, 122)": {"explain_plan": {"Plan": {"Node Type": "Sort", "Startup Cost": 81883909.55, "Total Cost": 81883910.05, "Plan Rows": 200, "Plan Width": 16, "Sort Key": ["(pg_catalog.count(*)) DESC", "c_orders.c_count DESC"], "Plans": [{"Node Type": "Streaming(type: LOCAL GATHER dop: 1/64)", "Parent Relationship": "Outer", "Startup Cost": 81883901.36, "Total Cost": 81883901.9, "Plan Rows": 200, "Plan Width": 16, "Plans": [{"Node Type": "Aggregate", "Strategy": "Hashed", "Parent Relationship": "Outer", "Startup Cost": 81883901.36, "Total Cost": 81883901.39, "Plan Rows": 200, "Plan Width": 16, "Group By Key": ["c_orders.c_count"], "Plans": [{"Node Type": "Streaming(type: LOCAL REDISTRIBUTE dop: 64/64)", "Parent Relationship": "Outer", "Startup Cost": 81883895.75, "Total Cost": 81883901.34, "Plan Rows": 200, "Plan Width": 16, "Plans": [{"Node Type": "Aggregate", "Strategy": "Hashed", "Parent Relationship": "Outer", "Startup Cost": 81883895.75, "Total Cost": 81883895.78, "Plan Rows": 200, "Plan Width": 16, "Group By Key": ["c_orders.c_count"], "Plans": [{"Node Type": "Subquery Scan", "Parent Relationship": "Outer", "Alias": "c_orders", "Startup Cost": 81868544.18, "Total Cost": 81883778.56, "Plan Rows": 1500000, "Plan Width": 8, "Plans": [{"Node Type": "Aggregate", "Strategy": "Hashed", "Parent Relationship": "Subquery", "Startup Cost": 81868544.18, "Total Cost": 81868778.56, "Plan Rows": 1500000, "Plan Width": 24, "Group By Key": ["customer.c_custkey"], "Plans": [{"Node Type": "Nested Loop", "Parent Relationship": "Outer", "Join Type": "Left", "Startup Cost": 0.0, "Total Cost": 81868048.06, "Plan Rows": 6350316, "Plan Width": 16, "Inner Unique": false, "Join Filter": "(customer.c_custkey = orders.o_custkey), (LLVM Optimized)", "Plans": [{"Node Type": "Streaming(type: LOCAL REDISTRIBUTE dop: 64/1)", "Parent Relationship": "Outer", "Startup Cost": 0.0, "Total Cost": 176070.82, "Plan Rows": 1500000, "Plan Width": 8, "Plans": [{"Node Type": "Seq Scan", "Parent Relationship": "Outer", "Relation Name": "customer", "Alias": "customer", "Startup Cost": 0.0, "Total Cost": 52126.0, "Plan Rows": 1500000, "Plan Width": 8}]}, {"Node Type": "Materialize", "Parent Relationship": "Inner", "Startup Cost": 0.0, "Total Cost": 148470.2, "Plan Rows": 14844648, "Plan Width": 16, "Plans": [{"Node Type": "Streaming(type: LOCAL REDISTRIBUTE dop: 64/64)", "Parent Relationship": "Outer", "Startup Cost": 0.0, "Total Cost": 147310.46, "Plan Rows": 14844648, "Plan Width": 16, "Plans": [{"Node Type": "Seq Scan", "Parent Relationship": "Outer", "Relation Name": "orders", "Alias": "orders", "Startup Cost": 0.0, "Total Cost": 70248.63, "Plan Rows": 14844648, "Plan Width": 16, "Filter": "((o_comment)::text !~~ '%pending%deposits%'::text), (LLVM Optimized)"}]}]}]}]}]}]}]}]}]}]}, "Unique SQL Id": 3026328400}, "explain_analyze_plan": null}, "(64, 123)": {"explain_plan": {"Plan": {"Node Type": "Sort", "Startup Cost": 2334168851396.68, "Total Cost": 2334168851397.18, "Plan Rows": 200, "Plan Width": 16, "Sort Key": ["(count(*)) DESC", "c_orders.c_count DESC"], "Plans": [{"Node Type": "Aggregate", "Strategy": "Hashed", "Parent Relationship": "Outer", "Startup Cost": 2334168851387.03, "Total Cost": 2334168851389.03, "Plan Rows": 200, "Plan Width": 16, "Group By Key": ["c_orders.c_count"], "Plans": [{"Node Type": "Subquery Scan", "Parent Relationship": "Outer", "Alias": "c_orders", "Startup Cost": 2334168813887.03, "Total Cost": 2334168843887.03, "Plan Rows": 1500000, "Plan Width": 8, "Plans": [{"Node Type": "Aggregate", "Strategy": "Hashed", "Parent Relationship": "Subquery", "Startup Cost": 2334168813887.03, "Total Cost": 2334168828887.03, "Plan Rows": 1500000, "Plan Width": 24, "Group By Key": ["customer.c_custkey"], "Plans": [{"Node Type": "Nested Loop", "Parent Relationship": "Outer", "Join Type": "Left", "Startup Cost": 20000000000.0, "Total Cost": 2334168782135.45, "Plan Rows": 6350316, "Plan Width": 16, "Inner Unique": false, "Join Filter": "(customer.c_custkey = orders.o_custkey), (LLVM Optimized)", "Plans": [{"Node Type": "Index Only Scan", "Parent Relationship": "Outer", "Scan Direction": "Forward", "Index Name": "customer_pkey", "Relation Name": "customer", "Alias": "customer", "Startup Cost": 10000000000.0, "Total Cost": 1000004363625.0, "Plan Rows": 1500000, "Plan Width": 8}, {"Node Type": "Materialize", "Parent Relationship": "Inner", "Startup Cost": 10000000000.0, "Total Cost": 1000159875622.07, "Plan Rows": 14844648, "Plan Width": 16, "Plans": [{"Node Type": "Index Scan", "Parent Relationship": "Outer", "Scan Direction": "Forward", "Index Name": "idx_orders_custkey", "Relation Name": "orders", "Alias": "orders", "Startup Cost": 10000000000.0, "Total Cost": 1000159801398.83, "Plan Rows": 14844648, "Plan Width": 16, "Filter": "((o_comment)::text !~~ '%pending%deposits%'::text), (LLVM Optimized)"}]}]}]}]}]}]}, "Unique SQL Id": 3026328400}, "explain_analyze_plan": null}, "(64, 124)": {"explain_plan": {"Plan": {"Node Type": "Sort", "Startup Cost": 2011931.22, "Total Cost": 2011931.72, "Plan Rows": 200, "Plan Width": 16, "Sort Key": ["(count(*)) DESC", "c_orders.c_count DESC"], "Plans": [{"Node Type": "Aggregate", "Strategy": "Hashed", "Parent Relationship": "Outer", "Startup Cost": 2011921.58, "Total Cost": 2011923.58, "Plan Rows": 200, "Plan Width": 16, "Group By Key": ["c_orders.c_count"], "Plans": [{"Node Type": "Subquery Scan", "Parent Relationship": "Outer", "Alias": "c_orders", "Startup Cost": 1974421.58, "Total Cost": 2004421.58, "Plan Rows": 1500000, "Plan Width": 8, "Plans": [{"Node Type": "Aggregate", "Strategy": "Hashed", "Parent Relationship": "Subquery", "Startup Cost": 1974421.58, "Total Cost": 1989421.58, "Plan Rows": 1500000, "Plan Width": 24, "Group By Key": ["customer.c_custkey"], "Plans": [{"Node Type": "Nested Loop", "Parent Relationship": "Outer", "Join Type": "Left", "Startup Cost": 0.0, "Total Cost": 1942670.0, "Plan Rows": 6350316, "Plan Width": 16, "Inner Unique": false, "Plans": [{"Node Type": "Seq Scan", "Parent Relationship": "Outer", "Relation Name": "customer", "Alias": "customer", "Startup Cost": 0.0, "Total Cost": 52126.0, "Plan Rows": 1500000, "Plan Width": 8}, {"Node Type": "Index Scan", "Parent Relationship": "Inner", "Scan Direction": "Forward", "Index Name": "idx_orders_custkey", "Relation Name": "orders", "Alias": "orders", "Startup Cost": 0.0, "Total Cost": 1.22, "Plan Rows": 4, "Plan Width": 16, "Index Cond": "(customer.c_custkey = o_custkey)", "Filter": "((o_comment)::text !~~ '%pending%deposits%'::text)"}]}]}]}]}]}, "Unique SQL Id": 3026328400}, "explain_analyze_plan": null}, "(64, 125)": {"explain_plan": {"Plan": {"Node Type": "Sort", "Startup Cost": 2040570.58, "Total Cost": 2040571.08, "Plan Rows": 200, "Plan Width": 16, "Sort Key": ["(count(*)) DESC", "c_orders.c_count DESC"], "Plans": [{"Node Type": "Aggregate", "Strategy": "Hashed", "Parent Relationship": "Outer", "Startup Cost": 2040560.94, "Total Cost": 2040562.94, "Plan Rows": 200, "Plan Width": 16, "Group By Key": ["c_orders.c_count"], "Plans": [{"Node Type": "Subquery Scan", "Parent Relationship": "Outer", "Alias": "c_orders", "Startup Cost": 2003060.94, "Total Cost": 2033060.94, "Plan Rows": 1500000, "Plan Width": 8, "Plans": [{"Node Type": "Aggregate", "Strategy": "Hashed", "Parent Relationship": "Subquery", "Startup Cost": 2003060.94, "Total Cost": 2018060.94, "Plan Rows": 1500000, "Plan Width": 24, "Group By Key": ["customer.c_custkey"], "Plans": [{"Node Type": "Nested Loop", "Parent Relationship": "Outer", "Join Type": "Left", "Startup Cost": 0.0, "Total Cost": 1971309.36, "Plan Rows": 6350316, "Plan Width": 16, "Inner Unique": false, "Plans": [{"Node Type": "Index Scan", "Parent Relationship": "Outer", "Scan Direction": "Forward", "Index Name": "customer_pkey", "Relation Name": "customer", "Alias": "customer", "Startup Cost": 0.0, "Total Cost": 80765.36, "Plan Rows": 1500000, "Plan Width": 8}, {"Node Type": "Index Scan", "Parent Relationship": "Inner", "Scan Direction": "Forward", "Index Name": "idx_orders_custkey", "Relation Name": "orders", "Alias": "orders", "Startup Cost": 0.0, "Total Cost": 1.22, "Plan Rows": 4, "Plan Width": 16, "Index Cond": "(customer.c_custkey = o_custkey)", "Filter": "((o_comment)::text !~~ '%pending%deposits%'::text)"}]}]}]}]}]}, "Unique SQL Id": 3026328400}, "explain_analyze_plan": null}, "(64, 126)": {"explain_plan": {"Plan": {"Node Type": "Sort", "Startup Cost": 81883909.55, "Total Cost": 81883910.05, "Plan Rows": 200, "Plan Width": 16, "Sort Key": ["(pg_catalog.count(*)) DESC", "c_orders.c_count DESC"], "Plans": [{"Node Type": "Streaming(type: LOCAL GATHER dop: 1/64)", "Parent Relationship": "Outer", "Startup Cost": 81883901.36, "Total Cost": 81883901.9, "Plan Rows": 200, "Plan Width": 16, "Plans": [{"Node Type": "Aggregate", "Strategy": "Hashed", "Parent Relationship": "Outer", "Startup Cost": 81883901.36, "Total Cost": 81883901.39, "Plan Rows": 200, "Plan Width": 16, "Group By Key": ["c_orders.c_count"], "Plans": [{"Node Type": "Streaming(type: LOCAL REDISTRIBUTE dop: 64/64)", "Parent Relationship": "Outer", "Startup Cost": 81883895.75, "Total Cost": 81883901.34, "Plan Rows": 200, "Plan Width": 16, "Plans": [{"Node Type": "Aggregate", "Strategy": "Hashed", "Parent Relationship": "Outer", "Startup Cost": 81883895.75, "Total Cost": 81883895.78, "Plan Rows": 200, "Plan Width": 16, "Group By Key": ["c_orders.c_count"], "Plans": [{"Node Type": "Subquery Scan", "Parent Relationship": "Outer", "Alias": "c_orders", "Startup Cost": 81868544.18, "Total Cost": 81883778.56, "Plan Rows": 1500000, "Plan Width": 8, "Plans": [{"Node Type": "Aggregate", "Strategy": "Hashed", "Parent Relationship": "Subquery", "Startup Cost": 81868544.18, "Total Cost": 81868778.56, "Plan Rows": 1500000, "Plan Width": 24, "Group By Key": ["customer.c_custkey"], "Plans": [{"Node Type": "Nested Loop", "Parent Relationship": "Outer", "Join Type": "Left", "Startup Cost": 0.0, "Total Cost": 81868048.06, "Plan Rows": 6350316, "Plan Width": 16, "Inner Unique": false, "Join Filter": "(customer.c_custkey = orders.o_custkey), (LLVM Optimized)", "Plans": [{"Node Type": "Streaming(type: LOCAL REDISTRIBUTE dop: 64/1)", "Parent Relationship": "Outer", "Startup Cost": 0.0, "Total Cost": 176070.82, "Plan Rows": 1500000, "Plan Width": 8, "Plans": [{"Node Type": "Seq Scan", "Parent Relationship": "Outer", "Relation Name": "customer", "Alias": "customer", "Startup Cost": 0.0, "Total Cost": 52126.0, "Plan Rows": 1500000, "Plan Width": 8}]}, {"Node Type": "Materialize", "Parent Relationship": "Inner", "Startup Cost": 0.0, "Total Cost": 148470.2, "Plan Rows": 14844648, "Plan Width": 16, "Plans": [{"Node Type": "Streaming(type: LOCAL REDISTRIBUTE dop: 64/64)", "Parent Relationship": "Outer", "Startup Cost": 0.0, "Total Cost": 147310.46, "Plan Rows": 14844648, "Plan Width": 16, "Plans": [{"Node Type": "Seq Scan", "Parent Relationship": "Outer", "Relation Name": "orders", "Alias": "orders", "Startup Cost": 0.0, "Total Cost": 70248.63, "Plan Rows": 14844648, "Plan Width": 16, "Filter": "((o_comment)::text !~~ '%pending%deposits%'::text), (LLVM Optimized)"}]}]}]}]}]}]}]}]}]}]}, "Unique SQL Id": 3026328400}, "explain_analyze_plan": null}, "(64, 127)": {"explain_plan": {"Plan": {"Node Type": "Sort", "Startup Cost": 2334172564307.3, "Total Cost": 2334172564307.8, "Plan Rows": 200, "Plan Width": 16, "Sort Key": ["(count(*)) DESC", "c_orders.c_count DESC"], "Plans": [{"Node Type": "Aggregate", "Strategy": "Hashed", "Parent Relationship": "Outer", "Startup Cost": 2334172564297.65, "Total Cost": 2334172564299.65, "Plan Rows": 200, "Plan Width": 16, "Group By Key": ["c_orders.c_count"], "Plans": [{"Node Type": "Subquery Scan", "Parent Relationship": "Outer", "Alias": "c_orders", "Startup Cost": 2334172526797.65, "Total Cost": 2334172556797.65, "Plan Rows": 1500000, "Plan Width": 8, "Plans": [{"Node Type": "Aggregate", "Strategy": "Hashed", "Parent Relationship": "Subquery", "Startup Cost": 2334172526797.65, "Total Cost": 2334172541797.65, "Plan Rows": 1500000, "Plan Width": 24, "Group By Key": ["customer.c_custkey"], "Plans": [{"Node Type": "Nested Loop", "Parent Relationship": "Outer", "Join Type": "Left", "Startup Cost": 20000000000.0, "Total Cost": 2334172495046.07, "Plan Rows": 6350316, "Plan Width": 16, "Inner Unique": false, "Join Filter": "(customer.c_custkey = orders.o_custkey), (LLVM Optimized)", "Plans": [{"Node Type": "Index Scan", "Parent Relationship": "Outer", "Scan Direction": "Forward", "Index Name": "customer_pkey", "Relation Name": "customer", "Alias": "customer", "Startup Cost": 10000000000.0, "Total Cost": 1000008076535.62, "Plan Rows": 1500000, "Plan Width": 8}, {"Node Type": "Materialize", "Parent Relationship": "Inner", "Startup Cost": 10000000000.0, "Total Cost": 1000159875622.07, "Plan Rows": 14844648, "Plan Width": 16, "Plans": [{"Node Type": "Index Scan", "Parent Relationship": "Outer", "Scan Direction": "Forward", "Index Name": "idx_orders_custkey", "Relation Name": "orders", "Alias": "orders", "Startup Cost": 10000000000.0, "Total Cost": 1000159801398.83, "Plan Rows": 14844648, "Plan Width": 16, "Filter": "((o_comment)::text !~~ '%pending%deposits%'::text), (LLVM Optimized)"}]}]}]}]}]}]}, "Unique SQL Id": 3026328400}, "explain_analyze_plan": null}}