{"(1, 0)": {"explain_plan": {"Plan": {"Node Type": "Sort", "Startup Cost": 461023.1, "Total Cost": 461092.44, "Plan Rows": 27736, "Plan Width": 52, "Sort Key": ["(count(DISTINCT partsupp.ps_suppkey)) DESC", "part.p_brand", "part.p_type", "part.p_size"], "Plans": [{"Node Type": "Aggregate", "Strategy": "Sorted", "Parent Relationship": "Outer", "Startup Cost": 448016.26, "Total Cost": 458976.25, "Plan Rows": 27736, "Plan Width": 52, "Group By Key": ["part.p_brand", "part.p_type", "part.p_size"], "Plans": [{"Node Type": "Sort", "Parent Relationship": "Outer", "Startup Cost": 448016.26, "Total Cost": 450152.78, "Plan Rows": 854611, "Plan Width": 44, "Sort Key": ["part.p_brand", "part.p_type", "part.p_size"], "Plans": [{"Node Type": "Hash Join", "Parent Relationship": "Outer", "Join Type": "Anti", "Startup Cost": 3533.12, "Total Cost": 363816.1, "Plan Rows": 854611, "Plan Width": 44, "Inner Unique": false, "Hash Cond": "(partsupp.ps_suppkey = supplier.s_suppkey), (LLVM Optimized)", "Plans": [{"Node Type": "Nested Loop", "Parent Relationship": "Outer", "Join Type": "Inner", "Startup Cost": 0.0, "Total Cost": 349594.96, "Plan Rows": 854625, "Plan Width": 44, "Inner Unique": false, "Plans": [{"Node Type": "Seq Scan", "Parent Relationship": "Outer", "Relation Name": "part", "Alias": "part", "Startup Cost": 0.0, "Total Cost": 91944.0, "Plan Rows": 295844, "Plan Width": 44, "Filter": "((p_brand <> 'Brand#34'::bpchar) AND ((p_type)::text !~~ 'LARGE BRUSHED%'::text) AND (p_size = ANY ('{48,19,12,4,41,7,21,39}'::integer[]))), (LLVM Optimized)"}, {"Node Type": "Index Only Scan", "Parent Relationship": "Inner", "Scan Direction": "Forward", "Index Name": "partsupp_pkey", "Relation Name": "partsupp", "Alias": "partsupp", "Startup Cost": 0.0, "Total Cost": 0.84, "Plan Rows": 3, "Plan Width": 16, "Index Cond": "(ps_partkey = part.p_partkey)"}]}, {"Node Type": "Hash", "Parent Relationship": "Inner", "Startup Cost": 3533.0, "Total Cost": 3533.0, "Plan Rows": 10, "Plan Width": 8, "Plans": [{"Node Type": "Seq Scan", "Parent Relationship": "Outer", "Relation Name": "supplier", "Alias": "supplier", "Startup Cost": 0.0, "Total Cost": 3533.0, "Plan Rows": 10, "Plan Width": 8, "Filter": "((s_comment)::text ~~ '%Customer%Complaints%'::text)"}]}]}]}]}]}, "Unique SQL Id": 1437012347}, "explain_analyze_plan": {"Plan": {"Node Type": "Sort", "Startup Cost": 461023.1, "Total Cost": 461092.44, "Plan Rows": 27736, "Plan Width": 52, "Actual Startup Time": 8347.857, "Actual Total Time": 8350.782, "Actual Rows": 27838, "Actual Loops": 1, "Sort Key": ["(count(DISTINCT partsupp.ps_suppkey)) DESC", "part.p_brand", "part.p_type", "part.p_size"], "Sort Method": "quicksort", "Sort Space Used": 5082, "Sort Space Type": "Memory", "Plans": [{"Node Type": "Aggregate", "Strategy": "Sorted", "Parent Relationship": "Outer", "Startup Cost": 448016.26, "Total Cost": 458976.25, "Plan Rows": 27736, "Plan Width": 52, "Actual Startup Time": 7455.228, "Actual Total Time": 8254.354, "Actual Rows": 27838, "Actual Loops": 1, "Group By Key": ["part.p_brand", "part.p_type", "part.p_size"], "Plans": [{"Node Type": "Sort", "Parent Relationship": "Outer", "Startup Cost": 448016.26, "Total Cost": 450152.78, "Plan Rows": 854611, "Plan Width": 44, "Actual Startup Time": 7455.136, "Actual Total Time": 7658.094, "Actual Rows": 1188666, "Actual Loops": 1, "Sort Key": ["part.p_brand", "part.p_type", "part.p_size"], "Sort Method": "quicksort", "Sort Space Used": 233373, "Sort Space Type": "Memory", "Plans": [{"Node Type": "Hash Join", "Parent Relationship": "Outer", "Join Type": "Anti", "Startup Cost": 3533.12, "Total Cost": 363816.1, "Plan Rows": 854611, "Plan Width": 44, "Actual Startup Time": 52.417, "Actual Total Time": 3059.066, "Actual Rows": 1188666, "Actual Loops": 1, "Inner Unique": false, "Hash Cond": "(partsupp.ps_suppkey = supplier.s_suppkey), (LLVM Optimized, Jit Execute)", "Plans": [{"Node Type": "Nested Loop", "Parent Relationship": "Outer", "Join Type": "Inner", "Startup Cost": 0.0, "Total Cost": 349594.96, "Plan Rows": 854625, "Plan Width": 44, "Actual Startup Time": 0.066, "Actual Total Time": 2675.909, "Actual Rows": 1189344, "Actual Loops": 1, "Inner Unique": false, "Plans": [{"Node Type": "Seq Scan", "Parent Relationship": "Outer", "Relation Name": "part", "Alias": "part", "Startup Cost": 0.0, "Total Cost": 91944.0, "Plan Rows": 295844, "Plan Width": 44, "Actual Startup Time": 0.041, "Actual Total Time": 1182.877, "Actual Rows": 297336, "Actual Loops": 1, "Filter": "((p_brand <> 'Brand#34'::bpchar) AND ((p_type)::text !~~ 'LARGE BRUSHED%'::text) AND (p_size = ANY ('{48,19,12,4,41,7,21,39}'::integer[]))), (LLVM Optimized, Jit Execute)", "Rows Removed by Filter": 1702664}, {"Node Type": "Index Only Scan", "Parent Relationship": "Inner", "Scan Direction": "Forward", "Index Name": "partsupp_pkey", "Relation Name": "partsupp", "Alias": "partsupp", "Startup Cost": 0.0, "Total Cost": 0.84, "Plan Rows": 3, "Plan Width": 16, "Actual Startup Time": 847.589, "Actual Total Time": 1080.648, "Actual Rows": 1189344, "Actual Loops": 297336, "Index Cond": "(ps_partkey = part.p_partkey)", "Rows Removed by Index Recheck": 0, "Heap Fetches": 0}]}, {"Node Type": "Hash", "Parent Relationship": "Inner", "Startup Cost": 3533.0, "Total Cost": 3533.0, "Plan Rows": 10, "Plan Width": 8, "Actual Startup Time": 52.297, "Actual Total Time": 52.297, "Actual Rows": 56, "Actual Loops": 1, "Hash Buckets": 32768, "Hash Batches": 1, "Original Hash Batches": 1, "Peak Memory Usage": 3, "Plans": [{"Node Type": "Seq Scan", "Parent Relationship": "Outer", "Relation Name": "supplier", "Alias": "supplier", "Startup Cost": 0.0, "Total Cost": 3533.0, "Plan Rows": 10, "Plan Width": 8, "Actual Startup Time": 0.21, "Actual Total Time": 52.243, "Actual Rows": 56, "Actual Loops": 1, "Filter": "((s_comment)::text ~~ '%Customer%Complaints%'::text)", "Rows Removed by Filter": 99944}]}]}]}]}]}, "Triggers": [], "Planner Runtime": 1.141, "Total Runtime": 8363.004, "Unique SQL Id": 1437012347}}, "(1, 1)": {"explain_plan": {"Plan": {"Node Type": "Sort", "Startup Cost": 501933.89, "Total Cost": 502003.23, "Plan Rows": 27736, "Plan Width": 52, "Sort Key": ["(count(DISTINCT partsupp.ps_suppkey)) DESC", "part.p_brand", "part.p_type", "part.p_size"], "Plans": [{"Node Type": "Aggregate", "Strategy": "Sorted", "Parent Relationship": "Outer", "Startup Cost": 488927.05, "Total Cost": 499887.05, "Plan Rows": 27736, "Plan Width": 52, "Group By Key": ["part.p_brand", "part.p_type", "part.p_size"], "Plans": [{"Node Type": "Sort", "Parent Relationship": "Outer", "Startup Cost": 488927.05, "Total Cost": 491063.58, "Plan Rows": 854611, "Plan Width": 44, "Sort Key": ["part.p_brand", "part.p_type", "part.p_size"], "Plans": [{"Node Type": "Hash Join", "Parent Relationship": "Outer", "Join Type": "Anti", "Startup Cost": 5584.67, "Total Cost": 404726.89, "Plan Rows": 854611, "Plan Width": 44, "Inner Unique": false, "Hash Cond": "(partsupp.ps_suppkey = supplier.s_suppkey), (LLVM Optimized)", "Plans": [{"Node Type": "Nested Loop", "Parent Relationship": "Outer", "Join Type": "Inner", "Startup Cost": 0.0, "Total Cost": 388454.21, "Plan Rows": 854625, "Plan Width": 44, "Inner Unique": false, "Plans": [{"Node Type": "Index Scan", "Parent Relationship": "Outer", "Scan Direction": "Forward", "Index Name": "part_kpey", "Relation Name": "part", "Alias": "part", "Startup Cost": 0.0, "Total Cost": 130803.25, "Plan Rows": 295844, "Plan Width": 44, "Filter": "((p_brand <> 'Brand#34'::bpchar) AND ((p_type)::text !~~ 'LARGE BRUSHED%'::text) AND (p_size = ANY ('{48,19,12,4,41,7,21,39}'::integer[]))), (LLVM Optimized)"}, {"Node Type": "Index Only Scan", "Parent Relationship": "Inner", "Scan Direction": "Forward", "Index Name": "partsupp_pkey", "Relation Name": "partsupp", "Alias": "partsupp", "Startup Cost": 0.0, "Total Cost": 0.84, "Plan Rows": 3, "Plan Width": 16, "Index Cond": "(ps_partkey = part.p_partkey)"}]}, {"Node Type": "Hash", "Parent Relationship": "Inner", "Startup Cost": 5584.54, "Total Cost": 5584.54, "Plan Rows": 10, "Plan Width": 8, "Plans": [{"Node Type": "Index Scan", "Parent Relationship": "Outer", "Scan Direction": "Forward", "Index Name": "supplier_pkey", "Relation Name": "supplier", "Alias": "supplier", "Startup Cost": 0.0, "Total Cost": 5584.54, "Plan Rows": 10, "Plan Width": 8, "Filter": "((s_comment)::text ~~ '%Customer%Complaints%'::text)"}]}]}]}]}]}, "Unique SQL Id": 1437012347}, "explain_analyze_plan": {"Plan": {"Node Type": "Sort", "Startup Cost": 501933.89, "Total Cost": 502003.23, "Plan Rows": 27736, "Plan Width": 52, "Actual Startup Time": 9276.147, "Actual Total Time": 9279.091, "Actual Rows": 27838, "Actual Loops": 1, "Sort Key": ["(count(DISTINCT partsupp.ps_suppkey)) DESC", "part.p_brand", "part.p_type", "part.p_size"], "Sort Method": "quicksort", "Sort Space Used": 5082, "Sort Space Type": "Memory", "Plans": [{"Node Type": "Aggregate", "Strategy": "Sorted", "Parent Relationship": "Outer", "Startup Cost": 488927.05, "Total Cost": 499887.05, "Plan Rows": 27736, "Plan Width": 52, "Actual Startup Time": 8174.969, "Actual Total Time": 9178.461, "Actual Rows": 27838, "Actual Loops": 1, "Group By Key": ["part.p_brand", "part.p_type", "part.p_size"], "Plans": [{"Node Type": "Sort", "Parent Relationship": "Outer", "Startup Cost": 488927.05, "Total Cost": 491063.58, "Plan Rows": 854611, "Plan Width": 44, "Actual Startup Time": 8174.884, "Actual Total Time": 8529.299, "Actual Rows": 1188666, "Actual Loops": 1, "Sort Key": ["part.p_brand", "part.p_type", "part.p_size"], "Sort Method": "quicksort", "Sort Space Used": 233373, "Sort Space Type": "Memory", "Plans": [{"Node Type": "Hash Join", "Parent Relationship": "Outer", "Join Type": "Anti", "Startup Cost": 5584.67, "Total Cost": 404726.89, "Plan Rows": 854611, "Plan Width": 44, "Actual Startup Time": 75.296, "Actual Total Time": 3920.806, "Actual Rows": 1188666, "Actual Loops": 1, "Inner Unique": false, "Hash Cond": "(partsupp.ps_suppkey = supplier.s_suppkey), (LLVM Optimized, Jit Execute)", "Plans": [{"Node Type": "Nested Loop", "Parent Relationship": "Outer", "Join Type": "Inner", "Startup Cost": 0.0, "Total Cost": 388454.21, "Plan Rows": 854625, "Plan Width": 44, "Actual Startup Time": 0.065, "Actual Total Time": 3515.424, "Actual Rows": 1189344, "Actual Loops": 1, "Inner Unique": false, "Plans": [{"Node Type": "Index Scan", "Parent Relationship": "Outer", "Scan Direction": "Forward", "Index Name": "part_kpey", "Relation Name": "part", "Alias": "part", "Startup Cost": 0.0, "Total Cost": 130803.25, "Plan Rows": 295844, "Plan Width": 44, "Actual Startup Time": 0.046, "Actual Total Time": 1974.121, "Actual Rows": 297336, "Actual Loops": 1, "Filter": "((p_brand <> 'Brand#34'::bpchar) AND ((p_type)::text !~~ 'LARGE BRUSHED%'::text) AND (p_size = ANY ('{48,19,12,4,41,7,21,39}'::integer[]))), (LLVM Optimized, Jit Execute)", "Rows Removed by Filter": 1702664}, {"Node Type": "Index Only Scan", "Parent Relationship": "Inner", "Scan Direction": "Forward", "Index Name": "partsupp_pkey", "Relation Name": "partsupp", "Alias": "partsupp", "Startup Cost": 0.0, "Total Cost": 0.84, "Plan Rows": 3, "Plan Width": 16, "Actual Startup Time": 904.578, "Actual Total Time": 1129.474, "Actual Rows": 1189344, "Actual Loops": 297336, "Index Cond": "(ps_partkey = part.p_partkey)", "Rows Removed by Index Recheck": 0, "Heap Fetches": 0}]}, {"Node Type": "Hash", "Parent Relationship": "Inner", "Startup Cost": 5584.54, "Total Cost": 5584.54, "Plan Rows": 10, "Plan Width": 8, "Actual Startup Time": 75.185, "Actual Total Time": 75.185, "Actual Rows": 56, "Actual Loops": 1, "Hash Buckets": 32768, "Hash Batches": 1, "Original Hash Batches": 1, "Peak Memory Usage": 3, "Plans": [{"Node Type": "Index Scan", "Parent Relationship": "Outer", "Scan Direction": "Forward", "Index Name": "supplier_pkey", "Relation Name": "supplier", "Alias": "supplier", "Startup Cost": 0.0, "Total Cost": 5584.54, "Plan Rows": 10, "Plan Width": 8, "Actual Startup Time": 0.294, "Actual Total Time": 75.114, "Actual Rows": 56, "Actual Loops": 1, "Filter": "((s_comment)::text ~~ '%Customer%Complaints%'::text)", "Rows Removed by Filter": 99944}]}]}]}]}]}, "Triggers": [], "Planner Runtime": 1.153, "Total Runtime": 9290.89, "Unique SQL Id": 1437012347}}, "(1, 2)": {"explain_plan": {"Plan": {"Node Type": "Sort", "Startup Cost": 515600.3, "Total Cost": 515669.64, "Plan Rows": 27736, "Plan Width": 52, "Sort Key": ["(count(DISTINCT partsupp.ps_suppkey)) DESC", "part.p_brand", "part.p_type", "part.p_size"], "Plans": [{"Node Type": "Aggregate", "Strategy": "Sorted", "Parent Relationship": "Outer", "Startup Cost": 502593.46, "Total Cost": 513553.46, "Plan Rows": 27736, "Plan Width": 52, "Group By Key": ["part.p_brand", "part.p_type", "part.p_size"], "Plans": [{"Node Type": "Sort", "Parent Relationship": "Outer", "Startup Cost": 502593.46, "Total Cost": 504729.99, "Plan Rows": 854611, "Plan Width": 44, "Sort Key": ["part.p_brand", "part.p_type", "part.p_size"], "Plans": [{"Node Type": "Hash Join", "Parent Relationship": "Outer", "Join Type": "Anti", "Startup Cost": 99175.18, "Total Cost": 418393.3, "Plan Rows": 854611, "Plan Width": 44, "Inner Unique": false, "Hash Cond": "(partsupp.ps_suppkey = supplier.s_suppkey), (LLVM Optimized)", "Plans": [{"Node Type": "Hash Join", "Parent Relationship": "Outer", "Join Type": "Inner", "Startup Cost": 95642.05, "Total Cost": 404177.41, "Plan Rows": 854625, "Plan Width": 44, "Inner Unique": true, "Hash Cond": "(partsupp.ps_partkey = part.p_partkey), (LLVM Optimized)", "Plans": [{"Node Type": "Seq Scan", "Parent Relationship": "Outer", "Relation Name": "partsupp", "Alias": "partsupp", "Startup Cost": 0.0, "Total Cost": 269987.72, "Plan Rows": 8000372, "Plan Width": 16}, {"Node Type": "Hash", "Parent Relationship": "Inner", "Startup Cost": 91944.0, "Total Cost": 91944.0, "Plan Rows": 295844, "Plan Width": 44, "Plans": [{"Node Type": "Seq Scan", "Parent Relationship": "Outer", "Relation Name": "part", "Alias": "part", "Startup Cost": 0.0, "Total Cost": 91944.0, "Plan Rows": 295844, "Plan Width": 44, "Filter": "((p_brand <> 'Brand#34'::bpchar) AND ((p_type)::text !~~ 'LARGE BRUSHED%'::text) AND (p_size = ANY ('{48,19,12,4,41,7,21,39}'::integer[]))), (LLVM Optimized)"}]}]}, {"Node Type": "Hash", "Parent Relationship": "Inner", "Startup Cost": 3533.0, "Total Cost": 3533.0, "Plan Rows": 10, "Plan Width": 8, "Plans": [{"Node Type": "Seq Scan", "Parent Relationship": "Outer", "Relation Name": "supplier", "Alias": "supplier", "Startup Cost": 0.0, "Total Cost": 3533.0, "Plan Rows": 10, "Plan Width": 8, "Filter": "((s_comment)::text ~~ '%Customer%Complaints%'::text)"}]}]}]}]}]}, "Unique SQL Id": 1437012347}, "explain_analyze_plan": {"Plan": {"Node Type": "Sort", "Startup Cost": 515600.3, "Total Cost": 515669.64, "Plan Rows": 27736, "Plan Width": 52, "Actual Startup Time": 11497.658, "Actual Total Time": 11500.717, "Actual Rows": 27838, "Actual Loops": 1, "Sort Key": ["(count(DISTINCT partsupp.ps_suppkey)) DESC", "part.p_brand", "part.p_type", "part.p_size"], "Sort Method": "quicksort", "Sort Space Used": 5082, "Sort Space Type": "Memory", "Plans": [{"Node Type": "Aggregate", "Strategy": "Sorted", "Parent Relationship": "Outer", "Startup Cost": 502593.46, "Total Cost": 513553.46, "Plan Rows": 27736, "Plan Width": 52, "Actual Startup Time": 10600.832, "Actual Total Time": 11403.77, "Actual Rows": 27838, "Actual Loops": 1, "Group By Key": ["part.p_brand", "part.p_type", "part.p_size"], "Plans": [{"Node Type": "Sort", "Parent Relationship": "Outer", "Startup Cost": 502593.46, "Total Cost": 504729.99, "Plan Rows": 854611, "Plan Width": 44, "Actual Startup Time": 10600.662, "Actual Total Time": 10805.964, "Actual Rows": 1188666, "Actual Loops": 1, "Sort Key": ["part.p_brand", "part.p_type", "part.p_size"], "Sort Method": "quicksort", "Sort Space Used": 233373, "Sort Space Type": "Memory", "Plans": [{"Node Type": "Hash Join", "Parent Relationship": "Outer", "Join Type": "Anti", "Startup Cost": 99175.18, "Total Cost": 418393.3, "Plan Rows": 854611, "Plan Width": 44, "Actual Startup Time": 1364.023, "Actual Total Time": 6195.986, "Actual Rows": 1188666, "Actual Loops": 1, "Inner Unique": false, "Hash Cond": "(partsupp.ps_suppkey = supplier.s_suppkey), (LLVM Optimized, Jit Execute)", "Plans": [{"Node Type": "Hash Join", "Parent Relationship": "Outer", "Join Type": "Inner", "Startup Cost": 95642.05, "Total Cost": 404177.41, "Plan Rows": 854625, "Plan Width": 44, "Actual Startup Time": 1311.723, "Actual Total Time": 5817.919, "Actual Rows": 1189344, "Actual Loops": 1, "Inner Unique": true, "Hash Cond": "(partsupp.ps_partkey = part.p_partkey), (LLVM Optimized, Jit Execute)", "Plans": [{"Node Type": "Seq Scan", "Parent Relationship": "Outer", "Relation Name": "partsupp", "Alias": "partsupp", "Startup Cost": 0.0, "Total Cost": 269987.72, "Plan Rows": 8000372, "Plan Width": 16, "Actual Startup Time": 0.018, "Actual Total Time": 2435.195, "Actual Rows": 8000000, "Actual Loops": 1}, {"Node Type": "Hash", "Parent Relationship": "Inner", "Startup Cost": 91944.0, "Total Cost": 91944.0, "Plan Rows": 295844, "Plan Width": 44, "Actual Startup Time": 1310.915, "Actual Total Time": 1310.915, "Actual Rows": 297336, "Actual Loops": 1, "Hash Buckets": 524288, "Hash Batches": 1, "Original Hash Batches": 1, "Peak Memory Usage": 23216, "Plans": [{"Node Type": "Seq Scan", "Parent Relationship": "Outer", "Relation Name": "part", "Alias": "part", "Startup Cost": 0.0, "Total Cost": 91944.0, "Plan Rows": 295844, "Plan Width": 44, "Actual Startup Time": 0.025, "Actual Total Time": 1163.672, "Actual Rows": 297336, "Actual Loops": 1, "Filter": "((p_brand <> 'Brand#34'::bpchar) AND ((p_type)::text !~~ 'LARGE BRUSHED%'::text) AND (p_size = ANY ('{48,19,12,4,41,7,21,39}'::integer[]))), (LLVM Optimized, Jit Execute)", "Rows Removed by Filter": 1702664}]}]}, {"Node Type": "Hash", "Parent Relationship": "Inner", "Startup Cost": 3533.0, "Total Cost": 3533.0, "Plan Rows": 10, "Plan Width": 8, "Actual Startup Time": 52.21, "Actual Total Time": 52.21, "Actual Rows": 56, "Actual Loops": 1, "Hash Buckets": 32768, "Hash Batches": 1, "Original Hash Batches": 1, "Peak Memory Usage": 3, "Plans": [{"Node Type": "Seq Scan", "Parent Relationship": "Outer", "Relation Name": "supplier", "Alias": "supplier", "Startup Cost": 0.0, "Total Cost": 3533.0, "Plan Rows": 10, "Plan Width": 8, "Actual Startup Time": 0.239, "Actual Total Time": 52.158, "Actual Rows": 56, "Actual Loops": 1, "Filter": "((s_comment)::text ~~ '%Customer%Complaints%'::text)", "Rows Removed by Filter": 99944}]}]}]}]}]}, "Triggers": [], "Planner Runtime": 1.122, "Total Runtime": 11512.885, "Unique SQL Id": 1437012347}}, "(1, 3)": {"explain_plan": {"Plan": {"Node Type": "Sort", "Startup Cost": 1000096381206.59, "Total Cost": 1000096381275.93, "Plan Rows": 27736, "Plan Width": 52, "Sort Key": ["(count(DISTINCT partsupp.ps_suppkey)) DESC", "part.p_brand", "part.p_type", "part.p_size"], "Plans": [{"Node Type": "Aggregate", "Strategy": "Sorted", "Parent Relationship": "Outer", "Startup Cost": 1000096368199.75, "Total Cost": 1000096379159.74, "Plan Rows": 27736, "Plan Width": 52, "Group By Key": ["part.p_brand", "part.p_type", "part.p_size"], "Plans": [{"Node Type": "Sort", "Parent Relationship": "Outer", "Startup Cost": 1000096368199.75, "Total Cost": 1000096370336.27, "Plan Rows": 854611, "Plan Width": 44, "Sort Key": ["part.p_brand", "part.p_type", "part.p_size"], "Plans": [{"Node Type": "Nested Loop", "Parent Relationship": "Outer", "Join Type": "Inner", "Startup Cost": 10000000000.52, "Total Cost": 1000096283999.59, "Plan Rows": 854611, "Plan Width": 44, "Inner Unique": true, "Plans": [{"Node Type": "Nested Loop", "Parent Relationship": "Outer", "Join Type": "Anti", "Startup Cost": 10000000000.26, "Total Cost": 1000061892121.8, "Plan Rows": 8000238, "Plan Width": 16, "Inner Unique": false, "Plans": [{"Node Type": "Index Only Scan", "Parent Relationship": "Outer", "Scan Direction": "Forward", "Index Name": "partsupp_pkey", "Relation Name": "partsupp", "Alias": "partsupp", "Startup Cost": 10000000000.0, "Total Cost": 1000027706983.0, "Plan Rows": 8000372, "Plan Width": 16}, {"Node Type": "Bitmap Heap Scan", "Parent Relationship": "Inner", "Relation Name": "supplier", "Alias": "supplier", "Startup Cost": 0.26, "Total Cost": 4.27, "Plan Rows": 1, "Plan Width": 8, "Recheck Cond": "(partsupp.ps_suppkey = s_suppkey)", "Filter": "((s_comment)::text ~~ '%Customer%Complaints%'::text)", "Plans": [{"Node Type": "Bitmap Index Scan", "Parent Relationship": "Outer", "Index Name": "supplier_pkey", "Startup Cost": 0.0, "Total Cost": 0.26, "Plan Rows": 1, "Plan Width": 0, "Index Cond": "(partsupp.ps_suppkey = s_suppkey)"}]}]}, {"Node Type": "Bitmap Heap Scan", "Parent Relationship": "Inner", "Relation Name": "part", "Alias": "part", "Startup Cost": 0.26, "Total Cost": 4.29, "Plan Rows": 1, "Plan Width": 44, "Recheck Cond": "(p_partkey = partsupp.ps_partkey)", "Filter": "((p_brand <> 'Brand#34'::bpchar) AND ((p_type)::text !~~ 'LARGE BRUSHED%'::text) AND (p_size = ANY ('{48,19,12,4,41,7,21,39}'::integer[])))", "Plans": [{"Node Type": "Bitmap Index Scan", "Parent Relationship": "Outer", "Index Name": "part_kpey", "Startup Cost": 0.0, "Total Cost": 0.26, "Plan Rows": 1, "Plan Width": 0, "Index Cond": "(p_partkey = partsupp.ps_partkey)"}]}]}]}]}]}, "Unique SQL Id": 1437012347}, "explain_analyze_plan": null}, "(1, 4)": {"explain_plan": {"Plan": {"Node Type": "Sort", "Startup Cost": 515600.3, "Total Cost": 515669.64, "Plan Rows": 27736, "Plan Width": 52, "Sort Key": ["(count(DISTINCT partsupp.ps_suppkey)) DESC", "part.p_brand", "part.p_type", "part.p_size"], "Plans": [{"Node Type": "Aggregate", "Strategy": "Sorted", "Parent Relationship": "Outer", "Startup Cost": 502593.46, "Total Cost": 513553.46, "Plan Rows": 27736, "Plan Width": 52, "Group By Key": ["part.p_brand", "part.p_type", "part.p_size"], "Plans": [{"Node Type": "Sort", "Parent Relationship": "Outer", "Startup Cost": 502593.46, "Total Cost": 504729.99, "Plan Rows": 854611, "Plan Width": 44, "Sort Key": ["part.p_brand", "part.p_type", "part.p_size"], "Plans": [{"Node Type": "Hash Join", "Parent Relationship": "Outer", "Join Type": "Anti", "Startup Cost": 99175.18, "Total Cost": 418393.3, "Plan Rows": 854611, "Plan Width": 44, "Inner Unique": false, "Hash Cond": "(partsupp.ps_suppkey = supplier.s_suppkey), (LLVM Optimized)", "Plans": [{"Node Type": "Hash Join", "Parent Relationship": "Outer", "Join Type": "Inner", "Startup Cost": 95642.05, "Total Cost": 404177.41, "Plan Rows": 854625, "Plan Width": 44, "Inner Unique": true, "Hash Cond": "(partsupp.ps_partkey = part.p_partkey), (LLVM Optimized)", "Plans": [{"Node Type": "Seq Scan", "Parent Relationship": "Outer", "Relation Name": "partsupp", "Alias": "partsupp", "Startup Cost": 0.0, "Total Cost": 269987.72, "Plan Rows": 8000372, "Plan Width": 16}, {"Node Type": "Hash", "Parent Relationship": "Inner", "Startup Cost": 91944.0, "Total Cost": 91944.0, "Plan Rows": 295844, "Plan Width": 44, "Plans": [{"Node Type": "Seq Scan", "Parent Relationship": "Outer", "Relation Name": "part", "Alias": "part", "Startup Cost": 0.0, "Total Cost": 91944.0, "Plan Rows": 295844, "Plan Width": 44, "Filter": "((p_brand <> 'Brand#34'::bpchar) AND ((p_type)::text !~~ 'LARGE BRUSHED%'::text) AND (p_size = ANY ('{48,19,12,4,41,7,21,39}'::integer[]))), (LLVM Optimized)"}]}]}, {"Node Type": "Hash", "Parent Relationship": "Inner", "Startup Cost": 3533.0, "Total Cost": 3533.0, "Plan Rows": 10, "Plan Width": 8, "Plans": [{"Node Type": "Seq Scan", "Parent Relationship": "Outer", "Relation Name": "supplier", "Alias": "supplier", "Startup Cost": 0.0, "Total Cost": 3533.0, "Plan Rows": 10, "Plan Width": 8, "Filter": "((s_comment)::text ~~ '%Customer%Complaints%'::text)"}]}]}]}]}]}, "Unique SQL Id": 1437012347}, "explain_analyze_plan": {"Plan": {"Node Type": "Sort", "Startup Cost": 515600.3, "Total Cost": 515669.64, "Plan Rows": 27736, "Plan Width": 52, "Actual Startup Time": 11497.658, "Actual Total Time": 11500.717, "Actual Rows": 27838, "Actual Loops": 1, "Sort Key": ["(count(DISTINCT partsupp.ps_suppkey)) DESC", "part.p_brand", "part.p_type", "part.p_size"], "Sort Method": "quicksort", "Sort Space Used": 5082, "Sort Space Type": "Memory", "Plans": [{"Node Type": "Aggregate", "Strategy": "Sorted", "Parent Relationship": "Outer", "Startup Cost": 502593.46, "Total Cost": 513553.46, "Plan Rows": 27736, "Plan Width": 52, "Actual Startup Time": 10600.832, "Actual Total Time": 11403.77, "Actual Rows": 27838, "Actual Loops": 1, "Group By Key": ["part.p_brand", "part.p_type", "part.p_size"], "Plans": [{"Node Type": "Sort", "Parent Relationship": "Outer", "Startup Cost": 502593.46, "Total Cost": 504729.99, "Plan Rows": 854611, "Plan Width": 44, "Actual Startup Time": 10600.662, "Actual Total Time": 10805.964, "Actual Rows": 1188666, "Actual Loops": 1, "Sort Key": ["part.p_brand", "part.p_type", "part.p_size"], "Sort Method": "quicksort", "Sort Space Used": 233373, "Sort Space Type": "Memory", "Plans": [{"Node Type": "Hash Join", "Parent Relationship": "Outer", "Join Type": "Anti", "Startup Cost": 99175.18, "Total Cost": 418393.3, "Plan Rows": 854611, "Plan Width": 44, "Actual Startup Time": 1364.023, "Actual Total Time": 6195.986, "Actual Rows": 1188666, "Actual Loops": 1, "Inner Unique": false, "Hash Cond": "(partsupp.ps_suppkey = supplier.s_suppkey), (LLVM Optimized, Jit Execute)", "Plans": [{"Node Type": "Hash Join", "Parent Relationship": "Outer", "Join Type": "Inner", "Startup Cost": 95642.05, "Total Cost": 404177.41, "Plan Rows": 854625, "Plan Width": 44, "Actual Startup Time": 1311.723, "Actual Total Time": 5817.919, "Actual Rows": 1189344, "Actual Loops": 1, "Inner Unique": true, "Hash Cond": "(partsupp.ps_partkey = part.p_partkey), (LLVM Optimized, Jit Execute)", "Plans": [{"Node Type": "Seq Scan", "Parent Relationship": "Outer", "Relation Name": "partsupp", "Alias": "partsupp", "Startup Cost": 0.0, "Total Cost": 269987.72, "Plan Rows": 8000372, "Plan Width": 16, "Actual Startup Time": 0.018, "Actual Total Time": 2435.195, "Actual Rows": 8000000, "Actual Loops": 1}, {"Node Type": "Hash", "Parent Relationship": "Inner", "Startup Cost": 91944.0, "Total Cost": 91944.0, "Plan Rows": 295844, "Plan Width": 44, "Actual Startup Time": 1310.915, "Actual Total Time": 1310.915, "Actual Rows": 297336, "Actual Loops": 1, "Hash Buckets": 524288, "Hash Batches": 1, "Original Hash Batches": 1, "Peak Memory Usage": 23216, "Plans": [{"Node Type": "Seq Scan", "Parent Relationship": "Outer", "Relation Name": "part", "Alias": "part", "Startup Cost": 0.0, "Total Cost": 91944.0, "Plan Rows": 295844, "Plan Width": 44, "Actual Startup Time": 0.025, "Actual Total Time": 1163.672, "Actual Rows": 297336, "Actual Loops": 1, "Filter": "((p_brand <> 'Brand#34'::bpchar) AND ((p_type)::text !~~ 'LARGE BRUSHED%'::text) AND (p_size = ANY ('{48,19,12,4,41,7,21,39}'::integer[]))), (LLVM Optimized, Jit Execute)", "Rows Removed by Filter": 1702664}]}]}, {"Node Type": "Hash", "Parent Relationship": "Inner", "Startup Cost": 3533.0, "Total Cost": 3533.0, "Plan Rows": 10, "Plan Width": 8, "Actual Startup Time": 52.21, "Actual Total Time": 52.21, "Actual Rows": 56, "Actual Loops": 1, "Hash Buckets": 32768, "Hash Batches": 1, "Original Hash Batches": 1, "Peak Memory Usage": 3, "Plans": [{"Node Type": "Seq Scan", "Parent Relationship": "Outer", "Relation Name": "supplier", "Alias": "supplier", "Startup Cost": 0.0, "Total Cost": 3533.0, "Plan Rows": 10, "Plan Width": 8, "Actual Startup Time": 0.239, "Actual Total Time": 52.158, "Actual Rows": 56, "Actual Loops": 1, "Filter": "((s_comment)::text ~~ '%Customer%Complaints%'::text)", "Rows Removed by Filter": 99944}]}]}]}]}]}, "Triggers": [], "Planner Runtime": 1.122, "Total Runtime": 11512.885, "Unique SQL Id": 1437012347}}, "(1, 5)": {"explain_plan": {"Plan": {"Node Type": "Sort", "Startup Cost": 705048.1, "Total Cost": 705117.44, "Plan Rows": 27736, "Plan Width": 52, "Sort Key": ["(count(DISTINCT partsupp.ps_suppkey)) DESC", "part.p_brand", "part.p_type", "part.p_size"], "Plans": [{"Node Type": "Aggregate", "Strategy": "Sorted", "Parent Relationship": "Outer", "Startup Cost": 692041.26, "Total Cost": 703001.25, "Plan Rows": 27736, "Plan Width": 52, "Group By Key": ["part.p_brand", "part.p_type", "part.p_size"], "Plans": [{"Node Type": "Sort", "Parent Relationship": "Outer", "Startup Cost": 692041.26, "Total Cost": 694177.78, "Plan Rows": 854611, "Plan Width": 44, "Sort Key": ["part.p_brand", "part.p_type", "part.p_size"], "Plans": [{"Node Type": "Hash Join", "Parent Relationship": "Outer", "Join Type": "Anti", "Startup Cost": 5592.57, "Total Cost": 607841.1, "Plan Rows": 854611, "Plan Width": 44, "Inner Unique": false, "Hash Cond": "(partsupp.ps_suppkey = supplier.s_suppkey), (LLVM Optimized)", "Plans": [{"Node Type": "Merge Join", "Parent Relationship": "Outer", "Join Type": "Inner", "Startup Cost": 7.9, "Total Cost": 591568.41, "Plan Rows": 854625, "Plan Width": 44, "Inner Unique": false, "Merge Cond": "(part.p_partkey = partsupp.ps_partkey)", "Plans": [{"Node Type": "Index Scan", "Parent Relationship": "Outer", "Scan Direction": "Forward", "Index Name": "part_kpey", "Relation Name": "part", "Alias": "part", "Startup Cost": 0.0, "Total Cost": 130803.25, "Plan Rows": 295844, "Plan Width": 44, "Filter": "((p_brand <> 'Brand#34'::bpchar) AND ((p_type)::text !~~ 'LARGE BRUSHED%'::text) AND (p_size = ANY ('{48,19,12,4,41,7,21,39}'::integer[]))), (LLVM Optimized)"}, {"Node Type": "Index Scan", "Parent Relationship": "Inner", "Scan Direction": "Forward", "Index Name": "idx_partsupp_partkey", "Relation Name": "partsupp", "Alias": "partsupp", "Startup Cost": 0.0, "Total Cost": 431485.03, "Plan Rows": 8000372, "Plan Width": 16}]}, {"Node Type": "Hash", "Parent Relationship": "Inner", "Startup Cost": 5584.54, "Total Cost": 5584.54, "Plan Rows": 10, "Plan Width": 8, "Plans": [{"Node Type": "Index Scan", "Parent Relationship": "Outer", "Scan Direction": "Forward", "Index Name": "supplier_pkey", "Relation Name": "supplier", "Alias": "supplier", "Startup Cost": 0.0, "Total Cost": 5584.54, "Plan Rows": 10, "Plan Width": 8, "Filter": "((s_comment)::text ~~ '%Customer%Complaints%'::text)"}]}]}]}]}]}, "Unique SQL Id": 1437012347}, "explain_analyze_plan": {"Plan": {"Node Type": "Sort", "Startup Cost": 705048.1, "Total Cost": 705117.44, "Plan Rows": 27736, "Plan Width": 52, "Actual Startup Time": 13581.652, "Actual Total Time": 13584.606, "Actual Rows": 27838, "Actual Loops": 1, "Sort Key": ["(count(DISTINCT partsupp.ps_suppkey)) DESC", "part.p_brand", "part.p_type", "part.p_size"], "Sort Method": "quicksort", "Sort Space Used": 5082, "Sort Space Type": "Memory", "Plans": [{"Node Type": "Aggregate", "Strategy": "Sorted", "Parent Relationship": "Outer", "Startup Cost": 692041.26, "Total Cost": 703001.25, "Plan Rows": 27736, "Plan Width": 52, "Actual Startup Time": 12658.0, "Actual Total Time": 13487.868, "Actual Rows": 27838, "Actual Loops": 1, "Group By Key": ["part.p_brand", "part.p_type", "part.p_size"], "Plans": [{"Node Type": "Sort", "Parent Relationship": "Outer", "Startup Cost": 692041.26, "Total Cost": 694177.78, "Plan Rows": 854611, "Plan Width": 44, "Actual Startup Time": 12657.902, "Actual Total Time": 12888.288, "Actual Rows": 1188666, "Actual Loops": 1, "Sort Key": ["part.p_brand", "part.p_type", "part.p_size"], "Sort Method": "quicksort", "Sort Space Used": 233373, "Sort Space Type": "Memory", "Plans": [{"Node Type": "Hash Join", "Parent Relationship": "Outer", "Join Type": "Anti", "Startup Cost": 5592.57, "Total Cost": 607841.1, "Plan Rows": 854611, "Plan Width": 44, "Actual Startup Time": 75.534, "Actual Total Time": 8522.73, "Actual Rows": 1188666, "Actual Loops": 1, "Inner Unique": false, "Hash Cond": "(partsupp.ps_suppkey = supplier.s_suppkey), (LLVM Optimized, Jit Execute)", "Plans": [{"Node Type": "Merge Join", "Parent Relationship": "Outer", "Join Type": "Inner", "Startup Cost": 7.9, "Total Cost": 591568.41, "Plan Rows": 854625, "Plan Width": 44, "Actual Startup Time": 0.072, "Actual Total Time": 8091.136, "Actual Rows": 1189344, "Actual Loops": 1, "Inner Unique": false, "Merge Cond": "(part.p_partkey = partsupp.ps_partkey)", "Plans": [{"Node Type": "Index Scan", "Parent Relationship": "Outer", "Scan Direction": "Forward", "Index Name": "part_kpey", "Relation Name": "part", "Alias": "part", "Startup Cost": 0.0, "Total Cost": 130803.25, "Plan Rows": 295844, "Plan Width": 44, "Actual Startup Time": 0.044, "Actual Total Time": 1785.479, "Actual Rows": 297336, "Actual Loops": 1, "Filter": "((p_brand <> 'Brand#34'::bpchar) AND ((p_type)::text !~~ 'LARGE BRUSHED%'::text) AND (p_size = ANY ('{48,19,12,4,41,7,21,39}'::integer[]))), (LLVM Optimized, Jit Execute)", "Rows Removed by Filter": 1702664}, {"Node Type": "Index Scan", "Parent Relationship": "Inner", "Scan Direction": "Forward", "Index Name": "idx_partsupp_partkey", "Relation Name": "partsupp", "Alias": "partsupp", "Startup Cost": 0.0, "Total Cost": 431485.03, "Plan Rows": 8000372, "Plan Width": 16, "Actual Startup Time": 0.018, "Actual Total Time": 4828.711, "Actual Rows": 7999985, "Actual Loops": 1}]}, {"Node Type": "Hash", "Parent Relationship": "Inner", "Startup Cost": 5584.54, "Total Cost": 5584.54, "Plan Rows": 10, "Plan Width": 8, "Actual Startup Time": 75.415, "Actual Total Time": 75.415, "Actual Rows": 56, "Actual Loops": 1, "Hash Buckets": 32768, "Hash Batches": 1, "Original Hash Batches": 1, "Peak Memory Usage": 3, "Plans": [{"Node Type": "Index Scan", "Parent Relationship": "Outer", "Scan Direction": "Forward", "Index Name": "supplier_pkey", "Relation Name": "supplier", "Alias": "supplier", "Startup Cost": 0.0, "Total Cost": 5584.54, "Plan Rows": 10, "Plan Width": 8, "Actual Startup Time": 0.29, "Actual Total Time": 75.363, "Actual Rows": 56, "Actual Loops": 1, "Filter": "((s_comment)::text ~~ '%Customer%Complaints%'::text)", "Rows Removed by Filter": 99944}]}]}]}]}]}, "Triggers": [], "Planner Runtime": 1.109, "Total Runtime": 13596.397, "Unique SQL Id": 1437012347}}, "(1, 6)": {"explain_plan": {"Plan": {"Node Type": "Sort", "Startup Cost": 515600.3, "Total Cost": 515669.64, "Plan Rows": 27736, "Plan Width": 52, "Sort Key": ["(count(DISTINCT partsupp.ps_suppkey)) DESC", "part.p_brand", "part.p_type", "part.p_size"], "Plans": [{"Node Type": "Aggregate", "Strategy": "Sorted", "Parent Relationship": "Outer", "Startup Cost": 502593.46, "Total Cost": 513553.46, "Plan Rows": 27736, "Plan Width": 52, "Group By Key": ["part.p_brand", "part.p_type", "part.p_size"], "Plans": [{"Node Type": "Sort", "Parent Relationship": "Outer", "Startup Cost": 502593.46, "Total Cost": 504729.99, "Plan Rows": 854611, "Plan Width": 44, "Sort Key": ["part.p_brand", "part.p_type", "part.p_size"], "Plans": [{"Node Type": "Hash Join", "Parent Relationship": "Outer", "Join Type": "Anti", "Startup Cost": 99175.18, "Total Cost": 418393.3, "Plan Rows": 854611, "Plan Width": 44, "Inner Unique": false, "Hash Cond": "(partsupp.ps_suppkey = supplier.s_suppkey), (LLVM Optimized)", "Plans": [{"Node Type": "Hash Join", "Parent Relationship": "Outer", "Join Type": "Inner", "Startup Cost": 95642.05, "Total Cost": 404177.41, "Plan Rows": 854625, "Plan Width": 44, "Inner Unique": true, "Hash Cond": "(partsupp.ps_partkey = part.p_partkey), (LLVM Optimized)", "Plans": [{"Node Type": "Seq Scan", "Parent Relationship": "Outer", "Relation Name": "partsupp", "Alias": "partsupp", "Startup Cost": 0.0, "Total Cost": 269987.72, "Plan Rows": 8000372, "Plan Width": 16}, {"Node Type": "Hash", "Parent Relationship": "Inner", "Startup Cost": 91944.0, "Total Cost": 91944.0, "Plan Rows": 295844, "Plan Width": 44, "Plans": [{"Node Type": "Seq Scan", "Parent Relationship": "Outer", "Relation Name": "part", "Alias": "part", "Startup Cost": 0.0, "Total Cost": 91944.0, "Plan Rows": 295844, "Plan Width": 44, "Filter": "((p_brand <> 'Brand#34'::bpchar) AND ((p_type)::text !~~ 'LARGE BRUSHED%'::text) AND (p_size = ANY ('{48,19,12,4,41,7,21,39}'::integer[]))), (LLVM Optimized)"}]}]}, {"Node Type": "Hash", "Parent Relationship": "Inner", "Startup Cost": 3533.0, "Total Cost": 3533.0, "Plan Rows": 10, "Plan Width": 8, "Plans": [{"Node Type": "Seq Scan", "Parent Relationship": "Outer", "Relation Name": "supplier", "Alias": "supplier", "Startup Cost": 0.0, "Total Cost": 3533.0, "Plan Rows": 10, "Plan Width": 8, "Filter": "((s_comment)::text ~~ '%Customer%Complaints%'::text)"}]}]}]}]}]}, "Unique SQL Id": 1437012347}, "explain_analyze_plan": {"Plan": {"Node Type": "Sort", "Startup Cost": 515600.3, "Total Cost": 515669.64, "Plan Rows": 27736, "Plan Width": 52, "Actual Startup Time": 11497.658, "Actual Total Time": 11500.717, "Actual Rows": 27838, "Actual Loops": 1, "Sort Key": ["(count(DISTINCT partsupp.ps_suppkey)) DESC", "part.p_brand", "part.p_type", "part.p_size"], "Sort Method": "quicksort", "Sort Space Used": 5082, "Sort Space Type": "Memory", "Plans": [{"Node Type": "Aggregate", "Strategy": "Sorted", "Parent Relationship": "Outer", "Startup Cost": 502593.46, "Total Cost": 513553.46, "Plan Rows": 27736, "Plan Width": 52, "Actual Startup Time": 10600.832, "Actual Total Time": 11403.77, "Actual Rows": 27838, "Actual Loops": 1, "Group By Key": ["part.p_brand", "part.p_type", "part.p_size"], "Plans": [{"Node Type": "Sort", "Parent Relationship": "Outer", "Startup Cost": 502593.46, "Total Cost": 504729.99, "Plan Rows": 854611, "Plan Width": 44, "Actual Startup Time": 10600.662, "Actual Total Time": 10805.964, "Actual Rows": 1188666, "Actual Loops": 1, "Sort Key": ["part.p_brand", "part.p_type", "part.p_size"], "Sort Method": "quicksort", "Sort Space Used": 233373, "Sort Space Type": "Memory", "Plans": [{"Node Type": "Hash Join", "Parent Relationship": "Outer", "Join Type": "Anti", "Startup Cost": 99175.18, "Total Cost": 418393.3, "Plan Rows": 854611, "Plan Width": 44, "Actual Startup Time": 1364.023, "Actual Total Time": 6195.986, "Actual Rows": 1188666, "Actual Loops": 1, "Inner Unique": false, "Hash Cond": "(partsupp.ps_suppkey = supplier.s_suppkey), (LLVM Optimized, Jit Execute)", "Plans": [{"Node Type": "Hash Join", "Parent Relationship": "Outer", "Join Type": "Inner", "Startup Cost": 95642.05, "Total Cost": 404177.41, "Plan Rows": 854625, "Plan Width": 44, "Actual Startup Time": 1311.723, "Actual Total Time": 5817.919, "Actual Rows": 1189344, "Actual Loops": 1, "Inner Unique": true, "Hash Cond": "(partsupp.ps_partkey = part.p_partkey), (LLVM Optimized, Jit Execute)", "Plans": [{"Node Type": "Seq Scan", "Parent Relationship": "Outer", "Relation Name": "partsupp", "Alias": "partsupp", "Startup Cost": 0.0, "Total Cost": 269987.72, "Plan Rows": 8000372, "Plan Width": 16, "Actual Startup Time": 0.018, "Actual Total Time": 2435.195, "Actual Rows": 8000000, "Actual Loops": 1}, {"Node Type": "Hash", "Parent Relationship": "Inner", "Startup Cost": 91944.0, "Total Cost": 91944.0, "Plan Rows": 295844, "Plan Width": 44, "Actual Startup Time": 1310.915, "Actual Total Time": 1310.915, "Actual Rows": 297336, "Actual Loops": 1, "Hash Buckets": 524288, "Hash Batches": 1, "Original Hash Batches": 1, "Peak Memory Usage": 23216, "Plans": [{"Node Type": "Seq Scan", "Parent Relationship": "Outer", "Relation Name": "part", "Alias": "part", "Startup Cost": 0.0, "Total Cost": 91944.0, "Plan Rows": 295844, "Plan Width": 44, "Actual Startup Time": 0.025, "Actual Total Time": 1163.672, "Actual Rows": 297336, "Actual Loops": 1, "Filter": "((p_brand <> 'Brand#34'::bpchar) AND ((p_type)::text !~~ 'LARGE BRUSHED%'::text) AND (p_size = ANY ('{48,19,12,4,41,7,21,39}'::integer[]))), (LLVM Optimized, Jit Execute)", "Rows Removed by Filter": 1702664}]}]}, {"Node Type": "Hash", "Parent Relationship": "Inner", "Startup Cost": 3533.0, "Total Cost": 3533.0, "Plan Rows": 10, "Plan Width": 8, "Actual Startup Time": 52.21, "Actual Total Time": 52.21, "Actual Rows": 56, "Actual Loops": 1, "Hash Buckets": 32768, "Hash Batches": 1, "Original Hash Batches": 1, "Peak Memory Usage": 3, "Plans": [{"Node Type": "Seq Scan", "Parent Relationship": "Outer", "Relation Name": "supplier", "Alias": "supplier", "Startup Cost": 0.0, "Total Cost": 3533.0, "Plan Rows": 10, "Plan Width": 8, "Actual Startup Time": 0.239, "Actual Total Time": 52.158, "Actual Rows": 56, "Actual Loops": 1, "Filter": "((s_comment)::text ~~ '%Customer%Complaints%'::text)", "Rows Removed by Filter": 99944}]}]}]}]}]}, "Triggers": [], "Planner Runtime": 1.122, "Total Runtime": 11512.885, "Unique SQL Id": 1437012347}}, "(1, 7)": {"explain_plan": {"Plan": {"Node Type": "Sort", "Startup Cost": 1000138301898.4, "Total Cost": 1000138301967.74, "Plan Rows": 27736, "Plan Width": 52, "Sort Key": ["(count(DISTINCT partsupp.ps_suppkey)) DESC", "part.p_brand", "part.p_type", "part.p_size"], "Plans": [{"Node Type": "Aggregate", "Strategy": "Sorted", "Parent Relationship": "Outer", "Startup Cost": 1000138288891.56, "Total Cost": 1000138299851.56, "Plan Rows": 27736, "Plan Width": 52, "Group By Key": ["part.p_brand", "part.p_type", "part.p_size"], "Plans": [{"Node Type": "Sort", "Parent Relationship": "Outer", "Startup Cost": 1000138288891.56, "Total Cost": 1000138291028.09, "Plan Rows": 854611, "Plan Width": 44, "Sort Key": ["part.p_brand", "part.p_type", "part.p_size"], "Plans": [{"Node Type": "Nested Loop", "Parent Relationship": "Outer", "Join Type": "Anti", "Startup Cost": 10000000000.52, "Total Cost": 1000138204691.41, "Plan Rows": 854611, "Plan Width": 44, "Inner Unique": false, "Plans": [{"Node Type": "Nested Loop", "Parent Relationship": "Outer", "Join Type": "Inner", "Startup Cost": 10000000000.26, "Total Cost": 1000134552934.61, "Plan Rows": 854625, "Plan Width": 44, "Inner Unique": true, "Plans": [{"Node Type": "Index Scan", "Parent Relationship": "Outer", "Scan Direction": "Forward", "Index Name": "idx_partsupp_suppkey", "Relation Name": "partsupp", "Alias": "partsupp", "Startup Cost": 10000000000.0, "Total Cost": 1000100160480.77, "Plan Rows": 8000372, "Plan Width": 16}, {"Node Type": "Bitmap Heap Scan", "Parent Relationship": "Inner", "Relation Name": "part", "Alias": "part", "Startup Cost": 0.26, "Total Cost": 4.29, "Plan Rows": 1, "Plan Width": 44, "Recheck Cond": "(p_partkey = partsupp.ps_partkey)", "Filter": "((p_brand <> 'Brand#34'::bpchar) AND ((p_type)::text !~~ 'LARGE BRUSHED%'::text) AND (p_size = ANY ('{48,19,12,4,41,7,21,39}'::integer[])))", "Plans": [{"Node Type": "Bitmap Index Scan", "Parent Relationship": "Outer", "Index Name": "part_kpey", "Startup Cost": 0.0, "Total Cost": 0.26, "Plan Rows": 1, "Plan Width": 0, "Index Cond": "(p_partkey = partsupp.ps_partkey)"}]}]}, {"Node Type": "Bitmap Heap Scan", "Parent Relationship": "Inner", "Relation Name": "supplier", "Alias": "supplier", "Startup Cost": 0.26, "Total Cost": 4.27, "Plan Rows": 1, "Plan Width": 8, "Recheck Cond": "(partsupp.ps_suppkey = s_suppkey)", "Filter": "((s_comment)::text ~~ '%Customer%Complaints%'::text)", "Plans": [{"Node Type": "Bitmap Index Scan", "Parent Relationship": "Outer", "Index Name": "supplier_pkey", "Startup Cost": 0.0, "Total Cost": 0.26, "Plan Rows": 1, "Plan Width": 0, "Index Cond": "(partsupp.ps_suppkey = s_suppkey)"}]}]}]}]}]}, "Unique SQL Id": 1437012347}, "explain_analyze_plan": null}, "(1, 8)": {"explain_plan": {"Plan": {"Node Type": "Sort", "Startup Cost": 461023.1, "Total Cost": 461092.44, "Plan Rows": 27736, "Plan Width": 52, "Sort Key": ["(count(DISTINCT partsupp.ps_suppkey)) DESC", "part.p_brand", "part.p_type", "part.p_size"], "Plans": [{"Node Type": "Aggregate", "Strategy": "Sorted", "Parent Relationship": "Outer", "Startup Cost": 448016.26, "Total Cost": 458976.25, "Plan Rows": 27736, "Plan Width": 52, "Group By Key": ["part.p_brand", "part.p_type", "part.p_size"], "Plans": [{"Node Type": "Sort", "Parent Relationship": "Outer", "Startup Cost": 448016.26, "Total Cost": 450152.78, "Plan Rows": 854611, "Plan Width": 44, "Sort Key": ["part.p_brand", "part.p_type", "part.p_size"], "Plans": [{"Node Type": "Hash Join", "Parent Relationship": "Outer", "Join Type": "Anti", "Startup Cost": 3533.12, "Total Cost": 363816.1, "Plan Rows": 854611, "Plan Width": 44, "Inner Unique": false, "Hash Cond": "(partsupp.ps_suppkey = supplier.s_suppkey), (LLVM Optimized)", "Plans": [{"Node Type": "Nested Loop", "Parent Relationship": "Outer", "Join Type": "Inner", "Startup Cost": 0.0, "Total Cost": 349594.96, "Plan Rows": 854625, "Plan Width": 44, "Inner Unique": false, "Plans": [{"Node Type": "Seq Scan", "Parent Relationship": "Outer", "Relation Name": "part", "Alias": "part", "Startup Cost": 0.0, "Total Cost": 91944.0, "Plan Rows": 295844, "Plan Width": 44, "Filter": "((p_brand <> 'Brand#34'::bpchar) AND ((p_type)::text !~~ 'LARGE BRUSHED%'::text) AND (p_size = ANY ('{48,19,12,4,41,7,21,39}'::integer[]))), (LLVM Optimized)"}, {"Node Type": "Index Only Scan", "Parent Relationship": "Inner", "Scan Direction": "Forward", "Index Name": "partsupp_pkey", "Relation Name": "partsupp", "Alias": "partsupp", "Startup Cost": 0.0, "Total Cost": 0.84, "Plan Rows": 3, "Plan Width": 16, "Index Cond": "(ps_partkey = part.p_partkey)"}]}, {"Node Type": "Hash", "Parent Relationship": "Inner", "Startup Cost": 3533.0, "Total Cost": 3533.0, "Plan Rows": 10, "Plan Width": 8, "Plans": [{"Node Type": "Seq Scan", "Parent Relationship": "Outer", "Relation Name": "supplier", "Alias": "supplier", "Startup Cost": 0.0, "Total Cost": 3533.0, "Plan Rows": 10, "Plan Width": 8, "Filter": "((s_comment)::text ~~ '%Customer%Complaints%'::text)"}]}]}]}]}]}, "Unique SQL Id": 1437012347}, "explain_analyze_plan": {"Plan": {"Node Type": "Sort", "Startup Cost": 461023.1, "Total Cost": 461092.44, "Plan Rows": 27736, "Plan Width": 52, "Actual Startup Time": 8347.857, "Actual Total Time": 8350.782, "Actual Rows": 27838, "Actual Loops": 1, "Sort Key": ["(count(DISTINCT partsupp.ps_suppkey)) DESC", "part.p_brand", "part.p_type", "part.p_size"], "Sort Method": "quicksort", "Sort Space Used": 5082, "Sort Space Type": "Memory", "Plans": [{"Node Type": "Aggregate", "Strategy": "Sorted", "Parent Relationship": "Outer", "Startup Cost": 448016.26, "Total Cost": 458976.25, "Plan Rows": 27736, "Plan Width": 52, "Actual Startup Time": 7455.228, "Actual Total Time": 8254.354, "Actual Rows": 27838, "Actual Loops": 1, "Group By Key": ["part.p_brand", "part.p_type", "part.p_size"], "Plans": [{"Node Type": "Sort", "Parent Relationship": "Outer", "Startup Cost": 448016.26, "Total Cost": 450152.78, "Plan Rows": 854611, "Plan Width": 44, "Actual Startup Time": 7455.136, "Actual Total Time": 7658.094, "Actual Rows": 1188666, "Actual Loops": 1, "Sort Key": ["part.p_brand", "part.p_type", "part.p_size"], "Sort Method": "quicksort", "Sort Space Used": 233373, "Sort Space Type": "Memory", "Plans": [{"Node Type": "Hash Join", "Parent Relationship": "Outer", "Join Type": "Anti", "Startup Cost": 3533.12, "Total Cost": 363816.1, "Plan Rows": 854611, "Plan Width": 44, "Actual Startup Time": 52.417, "Actual Total Time": 3059.066, "Actual Rows": 1188666, "Actual Loops": 1, "Inner Unique": false, "Hash Cond": "(partsupp.ps_suppkey = supplier.s_suppkey), (LLVM Optimized, Jit Execute)", "Plans": [{"Node Type": "Nested Loop", "Parent Relationship": "Outer", "Join Type": "Inner", "Startup Cost": 0.0, "Total Cost": 349594.96, "Plan Rows": 854625, "Plan Width": 44, "Actual Startup Time": 0.066, "Actual Total Time": 2675.909, "Actual Rows": 1189344, "Actual Loops": 1, "Inner Unique": false, "Plans": [{"Node Type": "Seq Scan", "Parent Relationship": "Outer", "Relation Name": "part", "Alias": "part", "Startup Cost": 0.0, "Total Cost": 91944.0, "Plan Rows": 295844, "Plan Width": 44, "Actual Startup Time": 0.041, "Actual Total Time": 1182.877, "Actual Rows": 297336, "Actual Loops": 1, "Filter": "((p_brand <> 'Brand#34'::bpchar) AND ((p_type)::text !~~ 'LARGE BRUSHED%'::text) AND (p_size = ANY ('{48,19,12,4,41,7,21,39}'::integer[]))), (LLVM Optimized, Jit Execute)", "Rows Removed by Filter": 1702664}, {"Node Type": "Index Only Scan", "Parent Relationship": "Inner", "Scan Direction": "Forward", "Index Name": "partsupp_pkey", "Relation Name": "partsupp", "Alias": "partsupp", "Startup Cost": 0.0, "Total Cost": 0.84, "Plan Rows": 3, "Plan Width": 16, "Actual Startup Time": 847.589, "Actual Total Time": 1080.648, "Actual Rows": 1189344, "Actual Loops": 297336, "Index Cond": "(ps_partkey = part.p_partkey)", "Rows Removed by Index Recheck": 0, "Heap Fetches": 0}]}, {"Node Type": "Hash", "Parent Relationship": "Inner", "Startup Cost": 3533.0, "Total Cost": 3533.0, "Plan Rows": 10, "Plan Width": 8, "Actual Startup Time": 52.297, "Actual Total Time": 52.297, "Actual Rows": 56, "Actual Loops": 1, "Hash Buckets": 32768, "Hash Batches": 1, "Original Hash Batches": 1, "Peak Memory Usage": 3, "Plans": [{"Node Type": "Seq Scan", "Parent Relationship": "Outer", "Relation Name": "supplier", "Alias": "supplier", "Startup Cost": 0.0, "Total Cost": 3533.0, "Plan Rows": 10, "Plan Width": 8, "Actual Startup Time": 0.21, "Actual Total Time": 52.243, "Actual Rows": 56, "Actual Loops": 1, "Filter": "((s_comment)::text ~~ '%Customer%Complaints%'::text)", "Rows Removed by Filter": 99944}]}]}]}]}]}, "Triggers": [], "Planner Runtime": 1.141, "Total Runtime": 8363.004, "Unique SQL Id": 1437012347}}, "(1, 9)": {"explain_plan": {"Plan": {"Node Type": "Sort", "Startup Cost": 501933.89, "Total Cost": 502003.23, "Plan Rows": 27736, "Plan Width": 52, "Sort Key": ["(count(DISTINCT partsupp.ps_suppkey)) DESC", "part.p_brand", "part.p_type", "part.p_size"], "Plans": [{"Node Type": "Aggregate", "Strategy": "Sorted", "Parent Relationship": "Outer", "Startup Cost": 488927.05, "Total Cost": 499887.05, "Plan Rows": 27736, "Plan Width": 52, "Group By Key": ["part.p_brand", "part.p_type", "part.p_size"], "Plans": [{"Node Type": "Sort", "Parent Relationship": "Outer", "Startup Cost": 488927.05, "Total Cost": 491063.58, "Plan Rows": 854611, "Plan Width": 44, "Sort Key": ["part.p_brand", "part.p_type", "part.p_size"], "Plans": [{"Node Type": "Hash Join", "Parent Relationship": "Outer", "Join Type": "Anti", "Startup Cost": 5584.67, "Total Cost": 404726.89, "Plan Rows": 854611, "Plan Width": 44, "Inner Unique": false, "Hash Cond": "(partsupp.ps_suppkey = supplier.s_suppkey), (LLVM Optimized)", "Plans": [{"Node Type": "Nested Loop", "Parent Relationship": "Outer", "Join Type": "Inner", "Startup Cost": 0.0, "Total Cost": 388454.21, "Plan Rows": 854625, "Plan Width": 44, "Inner Unique": false, "Plans": [{"Node Type": "Index Scan", "Parent Relationship": "Outer", "Scan Direction": "Forward", "Index Name": "part_kpey", "Relation Name": "part", "Alias": "part", "Startup Cost": 0.0, "Total Cost": 130803.25, "Plan Rows": 295844, "Plan Width": 44, "Filter": "((p_brand <> 'Brand#34'::bpchar) AND ((p_type)::text !~~ 'LARGE BRUSHED%'::text) AND (p_size = ANY ('{48,19,12,4,41,7,21,39}'::integer[]))), (LLVM Optimized)"}, {"Node Type": "Index Only Scan", "Parent Relationship": "Inner", "Scan Direction": "Forward", "Index Name": "partsupp_pkey", "Relation Name": "partsupp", "Alias": "partsupp", "Startup Cost": 0.0, "Total Cost": 0.84, "Plan Rows": 3, "Plan Width": 16, "Index Cond": "(ps_partkey = part.p_partkey)"}]}, {"Node Type": "Hash", "Parent Relationship": "Inner", "Startup Cost": 5584.54, "Total Cost": 5584.54, "Plan Rows": 10, "Plan Width": 8, "Plans": [{"Node Type": "Index Scan", "Parent Relationship": "Outer", "Scan Direction": "Forward", "Index Name": "supplier_pkey", "Relation Name": "supplier", "Alias": "supplier", "Startup Cost": 0.0, "Total Cost": 5584.54, "Plan Rows": 10, "Plan Width": 8, "Filter": "((s_comment)::text ~~ '%Customer%Complaints%'::text)"}]}]}]}]}]}, "Unique SQL Id": 1437012347}, "explain_analyze_plan": {"Plan": {"Node Type": "Sort", "Startup Cost": 501933.89, "Total Cost": 502003.23, "Plan Rows": 27736, "Plan Width": 52, "Actual Startup Time": 9276.147, "Actual Total Time": 9279.091, "Actual Rows": 27838, "Actual Loops": 1, "Sort Key": ["(count(DISTINCT partsupp.ps_suppkey)) DESC", "part.p_brand", "part.p_type", "part.p_size"], "Sort Method": "quicksort", "Sort Space Used": 5082, "Sort Space Type": "Memory", "Plans": [{"Node Type": "Aggregate", "Strategy": "Sorted", "Parent Relationship": "Outer", "Startup Cost": 488927.05, "Total Cost": 499887.05, "Plan Rows": 27736, "Plan Width": 52, "Actual Startup Time": 8174.969, "Actual Total Time": 9178.461, "Actual Rows": 27838, "Actual Loops": 1, "Group By Key": ["part.p_brand", "part.p_type", "part.p_size"], "Plans": [{"Node Type": "Sort", "Parent Relationship": "Outer", "Startup Cost": 488927.05, "Total Cost": 491063.58, "Plan Rows": 854611, "Plan Width": 44, "Actual Startup Time": 8174.884, "Actual Total Time": 8529.299, "Actual Rows": 1188666, "Actual Loops": 1, "Sort Key": ["part.p_brand", "part.p_type", "part.p_size"], "Sort Method": "quicksort", "Sort Space Used": 233373, "Sort Space Type": "Memory", "Plans": [{"Node Type": "Hash Join", "Parent Relationship": "Outer", "Join Type": "Anti", "Startup Cost": 5584.67, "Total Cost": 404726.89, "Plan Rows": 854611, "Plan Width": 44, "Actual Startup Time": 75.296, "Actual Total Time": 3920.806, "Actual Rows": 1188666, "Actual Loops": 1, "Inner Unique": false, "Hash Cond": "(partsupp.ps_suppkey = supplier.s_suppkey), (LLVM Optimized, Jit Execute)", "Plans": [{"Node Type": "Nested Loop", "Parent Relationship": "Outer", "Join Type": "Inner", "Startup Cost": 0.0, "Total Cost": 388454.21, "Plan Rows": 854625, "Plan Width": 44, "Actual Startup Time": 0.065, "Actual Total Time": 3515.424, "Actual Rows": 1189344, "Actual Loops": 1, "Inner Unique": false, "Plans": [{"Node Type": "Index Scan", "Parent Relationship": "Outer", "Scan Direction": "Forward", "Index Name": "part_kpey", "Relation Name": "part", "Alias": "part", "Startup Cost": 0.0, "Total Cost": 130803.25, "Plan Rows": 295844, "Plan Width": 44, "Actual Startup Time": 0.046, "Actual Total Time": 1974.121, "Actual Rows": 297336, "Actual Loops": 1, "Filter": "((p_brand <> 'Brand#34'::bpchar) AND ((p_type)::text !~~ 'LARGE BRUSHED%'::text) AND (p_size = ANY ('{48,19,12,4,41,7,21,39}'::integer[]))), (LLVM Optimized, Jit Execute)", "Rows Removed by Filter": 1702664}, {"Node Type": "Index Only Scan", "Parent Relationship": "Inner", "Scan Direction": "Forward", "Index Name": "partsupp_pkey", "Relation Name": "partsupp", "Alias": "partsupp", "Startup Cost": 0.0, "Total Cost": 0.84, "Plan Rows": 3, "Plan Width": 16, "Actual Startup Time": 904.578, "Actual Total Time": 1129.474, "Actual Rows": 1189344, "Actual Loops": 297336, "Index Cond": "(ps_partkey = part.p_partkey)", "Rows Removed by Index Recheck": 0, "Heap Fetches": 0}]}, {"Node Type": "Hash", "Parent Relationship": "Inner", "Startup Cost": 5584.54, "Total Cost": 5584.54, "Plan Rows": 10, "Plan Width": 8, "Actual Startup Time": 75.185, "Actual Total Time": 75.185, "Actual Rows": 56, "Actual Loops": 1, "Hash Buckets": 32768, "Hash Batches": 1, "Original Hash Batches": 1, "Peak Memory Usage": 3, "Plans": [{"Node Type": "Index Scan", "Parent Relationship": "Outer", "Scan Direction": "Forward", "Index Name": "supplier_pkey", "Relation Name": "supplier", "Alias": "supplier", "Startup Cost": 0.0, "Total Cost": 5584.54, "Plan Rows": 10, "Plan Width": 8, "Actual Startup Time": 0.294, "Actual Total Time": 75.114, "Actual Rows": 56, "Actual Loops": 1, "Filter": "((s_comment)::text ~~ '%Customer%Complaints%'::text)", "Rows Removed by Filter": 99944}]}]}]}]}]}, "Triggers": [], "Planner Runtime": 1.153, "Total Runtime": 9290.89, "Unique SQL Id": 1437012347}}, "(1, 10)": {"explain_plan": {"Plan": {"Node Type": "Sort", "Startup Cost": 515600.3, "Total Cost": 515669.64, "Plan Rows": 27736, "Plan Width": 52, "Sort Key": ["(count(DISTINCT partsupp.ps_suppkey)) DESC", "part.p_brand", "part.p_type", "part.p_size"], "Plans": [{"Node Type": "Aggregate", "Strategy": "Sorted", "Parent Relationship": "Outer", "Startup Cost": 502593.46, "Total Cost": 513553.46, "Plan Rows": 27736, "Plan Width": 52, "Group By Key": ["part.p_brand", "part.p_type", "part.p_size"], "Plans": [{"Node Type": "Sort", "Parent Relationship": "Outer", "Startup Cost": 502593.46, "Total Cost": 504729.99, "Plan Rows": 854611, "Plan Width": 44, "Sort Key": ["part.p_brand", "part.p_type", "part.p_size"], "Plans": [{"Node Type": "Hash Join", "Parent Relationship": "Outer", "Join Type": "Anti", "Startup Cost": 99175.18, "Total Cost": 418393.3, "Plan Rows": 854611, "Plan Width": 44, "Inner Unique": false, "Hash Cond": "(partsupp.ps_suppkey = supplier.s_suppkey), (LLVM Optimized)", "Plans": [{"Node Type": "Hash Join", "Parent Relationship": "Outer", "Join Type": "Inner", "Startup Cost": 95642.05, "Total Cost": 404177.41, "Plan Rows": 854625, "Plan Width": 44, "Inner Unique": true, "Hash Cond": "(partsupp.ps_partkey = part.p_partkey), (LLVM Optimized)", "Plans": [{"Node Type": "Seq Scan", "Parent Relationship": "Outer", "Relation Name": "partsupp", "Alias": "partsupp", "Startup Cost": 0.0, "Total Cost": 269987.72, "Plan Rows": 8000372, "Plan Width": 16}, {"Node Type": "Hash", "Parent Relationship": "Inner", "Startup Cost": 91944.0, "Total Cost": 91944.0, "Plan Rows": 295844, "Plan Width": 44, "Plans": [{"Node Type": "Seq Scan", "Parent Relationship": "Outer", "Relation Name": "part", "Alias": "part", "Startup Cost": 0.0, "Total Cost": 91944.0, "Plan Rows": 295844, "Plan Width": 44, "Filter": "((p_brand <> 'Brand#34'::bpchar) AND ((p_type)::text !~~ 'LARGE BRUSHED%'::text) AND (p_size = ANY ('{48,19,12,4,41,7,21,39}'::integer[]))), (LLVM Optimized)"}]}]}, {"Node Type": "Hash", "Parent Relationship": "Inner", "Startup Cost": 3533.0, "Total Cost": 3533.0, "Plan Rows": 10, "Plan Width": 8, "Plans": [{"Node Type": "Seq Scan", "Parent Relationship": "Outer", "Relation Name": "supplier", "Alias": "supplier", "Startup Cost": 0.0, "Total Cost": 3533.0, "Plan Rows": 10, "Plan Width": 8, "Filter": "((s_comment)::text ~~ '%Customer%Complaints%'::text)"}]}]}]}]}]}, "Unique SQL Id": 1437012347}, "explain_analyze_plan": {"Plan": {"Node Type": "Sort", "Startup Cost": 515600.3, "Total Cost": 515669.64, "Plan Rows": 27736, "Plan Width": 52, "Actual Startup Time": 11497.658, "Actual Total Time": 11500.717, "Actual Rows": 27838, "Actual Loops": 1, "Sort Key": ["(count(DISTINCT partsupp.ps_suppkey)) DESC", "part.p_brand", "part.p_type", "part.p_size"], "Sort Method": "quicksort", "Sort Space Used": 5082, "Sort Space Type": "Memory", "Plans": [{"Node Type": "Aggregate", "Strategy": "Sorted", "Parent Relationship": "Outer", "Startup Cost": 502593.46, "Total Cost": 513553.46, "Plan Rows": 27736, "Plan Width": 52, "Actual Startup Time": 10600.832, "Actual Total Time": 11403.77, "Actual Rows": 27838, "Actual Loops": 1, "Group By Key": ["part.p_brand", "part.p_type", "part.p_size"], "Plans": [{"Node Type": "Sort", "Parent Relationship": "Outer", "Startup Cost": 502593.46, "Total Cost": 504729.99, "Plan Rows": 854611, "Plan Width": 44, "Actual Startup Time": 10600.662, "Actual Total Time": 10805.964, "Actual Rows": 1188666, "Actual Loops": 1, "Sort Key": ["part.p_brand", "part.p_type", "part.p_size"], "Sort Method": "quicksort", "Sort Space Used": 233373, "Sort Space Type": "Memory", "Plans": [{"Node Type": "Hash Join", "Parent Relationship": "Outer", "Join Type": "Anti", "Startup Cost": 99175.18, "Total Cost": 418393.3, "Plan Rows": 854611, "Plan Width": 44, "Actual Startup Time": 1364.023, "Actual Total Time": 6195.986, "Actual Rows": 1188666, "Actual Loops": 1, "Inner Unique": false, "Hash Cond": "(partsupp.ps_suppkey = supplier.s_suppkey), (LLVM Optimized, Jit Execute)", "Plans": [{"Node Type": "Hash Join", "Parent Relationship": "Outer", "Join Type": "Inner", "Startup Cost": 95642.05, "Total Cost": 404177.41, "Plan Rows": 854625, "Plan Width": 44, "Actual Startup Time": 1311.723, "Actual Total Time": 5817.919, "Actual Rows": 1189344, "Actual Loops": 1, "Inner Unique": true, "Hash Cond": "(partsupp.ps_partkey = part.p_partkey), (LLVM Optimized, Jit Execute)", "Plans": [{"Node Type": "Seq Scan", "Parent Relationship": "Outer", "Relation Name": "partsupp", "Alias": "partsupp", "Startup Cost": 0.0, "Total Cost": 269987.72, "Plan Rows": 8000372, "Plan Width": 16, "Actual Startup Time": 0.018, "Actual Total Time": 2435.195, "Actual Rows": 8000000, "Actual Loops": 1}, {"Node Type": "Hash", "Parent Relationship": "Inner", "Startup Cost": 91944.0, "Total Cost": 91944.0, "Plan Rows": 295844, "Plan Width": 44, "Actual Startup Time": 1310.915, "Actual Total Time": 1310.915, "Actual Rows": 297336, "Actual Loops": 1, "Hash Buckets": 524288, "Hash Batches": 1, "Original Hash Batches": 1, "Peak Memory Usage": 23216, "Plans": [{"Node Type": "Seq Scan", "Parent Relationship": "Outer", "Relation Name": "part", "Alias": "part", "Startup Cost": 0.0, "Total Cost": 91944.0, "Plan Rows": 295844, "Plan Width": 44, "Actual Startup Time": 0.025, "Actual Total Time": 1163.672, "Actual Rows": 297336, "Actual Loops": 1, "Filter": "((p_brand <> 'Brand#34'::bpchar) AND ((p_type)::text !~~ 'LARGE BRUSHED%'::text) AND (p_size = ANY ('{48,19,12,4,41,7,21,39}'::integer[]))), (LLVM Optimized, Jit Execute)", "Rows Removed by Filter": 1702664}]}]}, {"Node Type": "Hash", "Parent Relationship": "Inner", "Startup Cost": 3533.0, "Total Cost": 3533.0, "Plan Rows": 10, "Plan Width": 8, "Actual Startup Time": 52.21, "Actual Total Time": 52.21, "Actual Rows": 56, "Actual Loops": 1, "Hash Buckets": 32768, "Hash Batches": 1, "Original Hash Batches": 1, "Peak Memory Usage": 3, "Plans": [{"Node Type": "Seq Scan", "Parent Relationship": "Outer", "Relation Name": "supplier", "Alias": "supplier", "Startup Cost": 0.0, "Total Cost": 3533.0, "Plan Rows": 10, "Plan Width": 8, "Actual Startup Time": 0.239, "Actual Total Time": 52.158, "Actual Rows": 56, "Actual Loops": 1, "Filter": "((s_comment)::text ~~ '%Customer%Complaints%'::text)", "Rows Removed by Filter": 99944}]}]}]}]}]}, "Triggers": [], "Planner Runtime": 1.122, "Total Runtime": 11512.885, "Unique SQL Id": 1437012347}}, "(1, 11)": {"explain_plan": {"Plan": {"Node Type": "Sort", "Startup Cost": 3000026998219.69, "Total Cost": 3000026998289.03, "Plan Rows": 27736, "Plan Width": 52, "Sort Key": ["(count(DISTINCT partsupp.ps_suppkey)) DESC", "part.p_brand", "part.p_type", "part.p_size"], "Plans": [{"Node Type": "Aggregate", "Strategy": "Sorted", "Parent Relationship": "Outer", "Startup Cost": 3000026985212.85, "Total Cost": 3000026996172.85, "Plan Rows": 27736, "Plan Width": 52, "Group By Key": ["part.p_brand", "part.p_type", "part.p_size"], "Plans": [{"Node Type": "Sort", "Parent Relationship": "Outer", "Startup Cost": 3000026985212.85, "Total Cost": 3000026987349.38, "Plan Rows": 854611, "Plan Width": 44, "Sort Key": ["part.p_brand", "part.p_type", "part.p_size"], "Plans": [{"Node Type": "Nested Loop", "Parent Relationship": "Outer", "Join Type": "Anti", "Startup Cost": 30017324679.62, "Total Cost": 3000026901012.69, "Plan Rows": 854611, "Plan Width": 44, "Inner Unique": false, "Join Filter": "(partsupp.ps_suppkey = supplier.s_suppkey), (LLVM Optimized)", "Plans": [{"Node Type": "Merge Join", "Parent Relationship": "Outer", "Join Type": "Inner", "Startup Cost": 20017324679.62, "Total Cost": 2000026214364.82, "Plan Rows": 854625, "Plan Width": 44, "Inner Unique": false, "Merge Cond": "(part.p_partkey = partsupp.ps_partkey)", "Plans": [{"Node Type": "Index Scan", "Parent Relationship": "Outer", "Scan Direction": "Forward", "Index Name": "part_kpey", "Relation Name": "part", "Alias": "part", "Startup Cost": 10000000000.0, "Total Cost": 1000013080325.0, "Plan Rows": 295844, "Plan Width": 44, "Filter": "((p_brand <> 'Brand#34'::bpchar) AND ((p_type)::text !~~ 'LARGE BRUSHED%'::text) AND (p_size = ANY ('{48,19,12,4,41,7,21,39}'::integer[]))), (LLVM Optimized)"}, {"Node Type": "Index Only Scan", "Parent Relationship": "Inner", "Scan Direction": "Forward", "Index Name": "partsupp_pkey", "Relation Name": "partsupp", "Alias": "partsupp", "Startup Cost": 10000000000.0, "Total Cost": 1000027706983.0, "Plan Rows": 8000372, "Plan Width": 16}]}, {"Node Type": "Materialize", "Parent Relationship": "Inner", "Startup Cost": 10000000000.0, "Total Cost": 1000000558454.43, "Plan Rows": 10, "Plan Width": 8, "Plans": [{"Node Type": "Index Scan", "Parent Relationship": "Outer", "Scan Direction": "Forward", "Index Name": "supplier_pkey", "Relation Name": "supplier", "Alias": "supplier", "Startup Cost": 10000000000.0, "Total Cost": 1000000558454.38, "Plan Rows": 10, "Plan Width": 8, "Filter": "((s_comment)::text ~~ '%Customer%Complaints%'::text)"}]}]}]}]}]}, "Unique SQL Id": 1437012347}, "explain_analyze_plan": null}, "(1, 12)": {"explain_plan": {"Plan": {"Node Type": "Sort", "Startup Cost": 515600.3, "Total Cost": 515669.64, "Plan Rows": 27736, "Plan Width": 52, "Sort Key": ["(count(DISTINCT partsupp.ps_suppkey)) DESC", "part.p_brand", "part.p_type", "part.p_size"], "Plans": [{"Node Type": "Aggregate", "Strategy": "Sorted", "Parent Relationship": "Outer", "Startup Cost": 502593.46, "Total Cost": 513553.46, "Plan Rows": 27736, "Plan Width": 52, "Group By Key": ["part.p_brand", "part.p_type", "part.p_size"], "Plans": [{"Node Type": "Sort", "Parent Relationship": "Outer", "Startup Cost": 502593.46, "Total Cost": 504729.99, "Plan Rows": 854611, "Plan Width": 44, "Sort Key": ["part.p_brand", "part.p_type", "part.p_size"], "Plans": [{"Node Type": "Hash Join", "Parent Relationship": "Outer", "Join Type": "Anti", "Startup Cost": 99175.18, "Total Cost": 418393.3, "Plan Rows": 854611, "Plan Width": 44, "Inner Unique": false, "Hash Cond": "(partsupp.ps_suppkey = supplier.s_suppkey), (LLVM Optimized)", "Plans": [{"Node Type": "Hash Join", "Parent Relationship": "Outer", "Join Type": "Inner", "Startup Cost": 95642.05, "Total Cost": 404177.41, "Plan Rows": 854625, "Plan Width": 44, "Inner Unique": true, "Hash Cond": "(partsupp.ps_partkey = part.p_partkey), (LLVM Optimized)", "Plans": [{"Node Type": "Seq Scan", "Parent Relationship": "Outer", "Relation Name": "partsupp", "Alias": "partsupp", "Startup Cost": 0.0, "Total Cost": 269987.72, "Plan Rows": 8000372, "Plan Width": 16}, {"Node Type": "Hash", "Parent Relationship": "Inner", "Startup Cost": 91944.0, "Total Cost": 91944.0, "Plan Rows": 295844, "Plan Width": 44, "Plans": [{"Node Type": "Seq Scan", "Parent Relationship": "Outer", "Relation Name": "part", "Alias": "part", "Startup Cost": 0.0, "Total Cost": 91944.0, "Plan Rows": 295844, "Plan Width": 44, "Filter": "((p_brand <> 'Brand#34'::bpchar) AND ((p_type)::text !~~ 'LARGE BRUSHED%'::text) AND (p_size = ANY ('{48,19,12,4,41,7,21,39}'::integer[]))), (LLVM Optimized)"}]}]}, {"Node Type": "Hash", "Parent Relationship": "Inner", "Startup Cost": 3533.0, "Total Cost": 3533.0, "Plan Rows": 10, "Plan Width": 8, "Plans": [{"Node Type": "Seq Scan", "Parent Relationship": "Outer", "Relation Name": "supplier", "Alias": "supplier", "Startup Cost": 0.0, "Total Cost": 3533.0, "Plan Rows": 10, "Plan Width": 8, "Filter": "((s_comment)::text ~~ '%Customer%Complaints%'::text)"}]}]}]}]}]}, "Unique SQL Id": 1437012347}, "explain_analyze_plan": {"Plan": {"Node Type": "Sort", "Startup Cost": 515600.3, "Total Cost": 515669.64, "Plan Rows": 27736, "Plan Width": 52, "Actual Startup Time": 11497.658, "Actual Total Time": 11500.717, "Actual Rows": 27838, "Actual Loops": 1, "Sort Key": ["(count(DISTINCT partsupp.ps_suppkey)) DESC", "part.p_brand", "part.p_type", "part.p_size"], "Sort Method": "quicksort", "Sort Space Used": 5082, "Sort Space Type": "Memory", "Plans": [{"Node Type": "Aggregate", "Strategy": "Sorted", "Parent Relationship": "Outer", "Startup Cost": 502593.46, "Total Cost": 513553.46, "Plan Rows": 27736, "Plan Width": 52, "Actual Startup Time": 10600.832, "Actual Total Time": 11403.77, "Actual Rows": 27838, "Actual Loops": 1, "Group By Key": ["part.p_brand", "part.p_type", "part.p_size"], "Plans": [{"Node Type": "Sort", "Parent Relationship": "Outer", "Startup Cost": 502593.46, "Total Cost": 504729.99, "Plan Rows": 854611, "Plan Width": 44, "Actual Startup Time": 10600.662, "Actual Total Time": 10805.964, "Actual Rows": 1188666, "Actual Loops": 1, "Sort Key": ["part.p_brand", "part.p_type", "part.p_size"], "Sort Method": "quicksort", "Sort Space Used": 233373, "Sort Space Type": "Memory", "Plans": [{"Node Type": "Hash Join", "Parent Relationship": "Outer", "Join Type": "Anti", "Startup Cost": 99175.18, "Total Cost": 418393.3, "Plan Rows": 854611, "Plan Width": 44, "Actual Startup Time": 1364.023, "Actual Total Time": 6195.986, "Actual Rows": 1188666, "Actual Loops": 1, "Inner Unique": false, "Hash Cond": "(partsupp.ps_suppkey = supplier.s_suppkey), (LLVM Optimized, Jit Execute)", "Plans": [{"Node Type": "Hash Join", "Parent Relationship": "Outer", "Join Type": "Inner", "Startup Cost": 95642.05, "Total Cost": 404177.41, "Plan Rows": 854625, "Plan Width": 44, "Actual Startup Time": 1311.723, "Actual Total Time": 5817.919, "Actual Rows": 1189344, "Actual Loops": 1, "Inner Unique": true, "Hash Cond": "(partsupp.ps_partkey = part.p_partkey), (LLVM Optimized, Jit Execute)", "Plans": [{"Node Type": "Seq Scan", "Parent Relationship": "Outer", "Relation Name": "partsupp", "Alias": "partsupp", "Startup Cost": 0.0, "Total Cost": 269987.72, "Plan Rows": 8000372, "Plan Width": 16, "Actual Startup Time": 0.018, "Actual Total Time": 2435.195, "Actual Rows": 8000000, "Actual Loops": 1}, {"Node Type": "Hash", "Parent Relationship": "Inner", "Startup Cost": 91944.0, "Total Cost": 91944.0, "Plan Rows": 295844, "Plan Width": 44, "Actual Startup Time": 1310.915, "Actual Total Time": 1310.915, "Actual Rows": 297336, "Actual Loops": 1, "Hash Buckets": 524288, "Hash Batches": 1, "Original Hash Batches": 1, "Peak Memory Usage": 23216, "Plans": [{"Node Type": "Seq Scan", "Parent Relationship": "Outer", "Relation Name": "part", "Alias": "part", "Startup Cost": 0.0, "Total Cost": 91944.0, "Plan Rows": 295844, "Plan Width": 44, "Actual Startup Time": 0.025, "Actual Total Time": 1163.672, "Actual Rows": 297336, "Actual Loops": 1, "Filter": "((p_brand <> 'Brand#34'::bpchar) AND ((p_type)::text !~~ 'LARGE BRUSHED%'::text) AND (p_size = ANY ('{48,19,12,4,41,7,21,39}'::integer[]))), (LLVM Optimized, Jit Execute)", "Rows Removed by Filter": 1702664}]}]}, {"Node Type": "Hash", "Parent Relationship": "Inner", "Startup Cost": 3533.0, "Total Cost": 3533.0, "Plan Rows": 10, "Plan Width": 8, "Actual Startup Time": 52.21, "Actual Total Time": 52.21, "Actual Rows": 56, "Actual Loops": 1, "Hash Buckets": 32768, "Hash Batches": 1, "Original Hash Batches": 1, "Peak Memory Usage": 3, "Plans": [{"Node Type": "Seq Scan", "Parent Relationship": "Outer", "Relation Name": "supplier", "Alias": "supplier", "Startup Cost": 0.0, "Total Cost": 3533.0, "Plan Rows": 10, "Plan Width": 8, "Actual Startup Time": 0.239, "Actual Total Time": 52.158, "Actual Rows": 56, "Actual Loops": 1, "Filter": "((s_comment)::text ~~ '%Customer%Complaints%'::text)", "Rows Removed by Filter": 99944}]}]}]}]}]}, "Triggers": [], "Planner Runtime": 1.122, "Total Runtime": 11512.885, "Unique SQL Id": 1437012347}}, "(1, 13)": {"explain_plan": {"Plan": {"Node Type": "Sort", "Startup Cost": 705048.1, "Total Cost": 705117.44, "Plan Rows": 27736, "Plan Width": 52, "Sort Key": ["(count(DISTINCT partsupp.ps_suppkey)) DESC", "part.p_brand", "part.p_type", "part.p_size"], "Plans": [{"Node Type": "Aggregate", "Strategy": "Sorted", "Parent Relationship": "Outer", "Startup Cost": 692041.26, "Total Cost": 703001.25, "Plan Rows": 27736, "Plan Width": 52, "Group By Key": ["part.p_brand", "part.p_type", "part.p_size"], "Plans": [{"Node Type": "Sort", "Parent Relationship": "Outer", "Startup Cost": 692041.26, "Total Cost": 694177.78, "Plan Rows": 854611, "Plan Width": 44, "Sort Key": ["part.p_brand", "part.p_type", "part.p_size"], "Plans": [{"Node Type": "Hash Join", "Parent Relationship": "Outer", "Join Type": "Anti", "Startup Cost": 5592.57, "Total Cost": 607841.1, "Plan Rows": 854611, "Plan Width": 44, "Inner Unique": false, "Hash Cond": "(partsupp.ps_suppkey = supplier.s_suppkey), (LLVM Optimized)", "Plans": [{"Node Type": "Merge Join", "Parent Relationship": "Outer", "Join Type": "Inner", "Startup Cost": 7.9, "Total Cost": 591568.41, "Plan Rows": 854625, "Plan Width": 44, "Inner Unique": false, "Merge Cond": "(part.p_partkey = partsupp.ps_partkey)", "Plans": [{"Node Type": "Index Scan", "Parent Relationship": "Outer", "Scan Direction": "Forward", "Index Name": "part_kpey", "Relation Name": "part", "Alias": "part", "Startup Cost": 0.0, "Total Cost": 130803.25, "Plan Rows": 295844, "Plan Width": 44, "Filter": "((p_brand <> 'Brand#34'::bpchar) AND ((p_type)::text !~~ 'LARGE BRUSHED%'::text) AND (p_size = ANY ('{48,19,12,4,41,7,21,39}'::integer[]))), (LLVM Optimized)"}, {"Node Type": "Index Scan", "Parent Relationship": "Inner", "Scan Direction": "Forward", "Index Name": "idx_partsupp_partkey", "Relation Name": "partsupp", "Alias": "partsupp", "Startup Cost": 0.0, "Total Cost": 431485.03, "Plan Rows": 8000372, "Plan Width": 16}]}, {"Node Type": "Hash", "Parent Relationship": "Inner", "Startup Cost": 5584.54, "Total Cost": 5584.54, "Plan Rows": 10, "Plan Width": 8, "Plans": [{"Node Type": "Index Scan", "Parent Relationship": "Outer", "Scan Direction": "Forward", "Index Name": "supplier_pkey", "Relation Name": "supplier", "Alias": "supplier", "Startup Cost": 0.0, "Total Cost": 5584.54, "Plan Rows": 10, "Plan Width": 8, "Filter": "((s_comment)::text ~~ '%Customer%Complaints%'::text)"}]}]}]}]}]}, "Unique SQL Id": 1437012347}, "explain_analyze_plan": {"Plan": {"Node Type": "Sort", "Startup Cost": 705048.1, "Total Cost": 705117.44, "Plan Rows": 27736, "Plan Width": 52, "Actual Startup Time": 13581.652, "Actual Total Time": 13584.606, "Actual Rows": 27838, "Actual Loops": 1, "Sort Key": ["(count(DISTINCT partsupp.ps_suppkey)) DESC", "part.p_brand", "part.p_type", "part.p_size"], "Sort Method": "quicksort", "Sort Space Used": 5082, "Sort Space Type": "Memory", "Plans": [{"Node Type": "Aggregate", "Strategy": "Sorted", "Parent Relationship": "Outer", "Startup Cost": 692041.26, "Total Cost": 703001.25, "Plan Rows": 27736, "Plan Width": 52, "Actual Startup Time": 12658.0, "Actual Total Time": 13487.868, "Actual Rows": 27838, "Actual Loops": 1, "Group By Key": ["part.p_brand", "part.p_type", "part.p_size"], "Plans": [{"Node Type": "Sort", "Parent Relationship": "Outer", "Startup Cost": 692041.26, "Total Cost": 694177.78, "Plan Rows": 854611, "Plan Width": 44, "Actual Startup Time": 12657.902, "Actual Total Time": 12888.288, "Actual Rows": 1188666, "Actual Loops": 1, "Sort Key": ["part.p_brand", "part.p_type", "part.p_size"], "Sort Method": "quicksort", "Sort Space Used": 233373, "Sort Space Type": "Memory", "Plans": [{"Node Type": "Hash Join", "Parent Relationship": "Outer", "Join Type": "Anti", "Startup Cost": 5592.57, "Total Cost": 607841.1, "Plan Rows": 854611, "Plan Width": 44, "Actual Startup Time": 75.534, "Actual Total Time": 8522.73, "Actual Rows": 1188666, "Actual Loops": 1, "Inner Unique": false, "Hash Cond": "(partsupp.ps_suppkey = supplier.s_suppkey), (LLVM Optimized, Jit Execute)", "Plans": [{"Node Type": "Merge Join", "Parent Relationship": "Outer", "Join Type": "Inner", "Startup Cost": 7.9, "Total Cost": 591568.41, "Plan Rows": 854625, "Plan Width": 44, "Actual Startup Time": 0.072, "Actual Total Time": 8091.136, "Actual Rows": 1189344, "Actual Loops": 1, "Inner Unique": false, "Merge Cond": "(part.p_partkey = partsupp.ps_partkey)", "Plans": [{"Node Type": "Index Scan", "Parent Relationship": "Outer", "Scan Direction": "Forward", "Index Name": "part_kpey", "Relation Name": "part", "Alias": "part", "Startup Cost": 0.0, "Total Cost": 130803.25, "Plan Rows": 295844, "Plan Width": 44, "Actual Startup Time": 0.044, "Actual Total Time": 1785.479, "Actual Rows": 297336, "Actual Loops": 1, "Filter": "((p_brand <> 'Brand#34'::bpchar) AND ((p_type)::text !~~ 'LARGE BRUSHED%'::text) AND (p_size = ANY ('{48,19,12,4,41,7,21,39}'::integer[]))), (LLVM Optimized, Jit Execute)", "Rows Removed by Filter": 1702664}, {"Node Type": "Index Scan", "Parent Relationship": "Inner", "Scan Direction": "Forward", "Index Name": "idx_partsupp_partkey", "Relation Name": "partsupp", "Alias": "partsupp", "Startup Cost": 0.0, "Total Cost": 431485.03, "Plan Rows": 8000372, "Plan Width": 16, "Actual Startup Time": 0.018, "Actual Total Time": 4828.711, "Actual Rows": 7999985, "Actual Loops": 1}]}, {"Node Type": "Hash", "Parent Relationship": "Inner", "Startup Cost": 5584.54, "Total Cost": 5584.54, "Plan Rows": 10, "Plan Width": 8, "Actual Startup Time": 75.415, "Actual Total Time": 75.415, "Actual Rows": 56, "Actual Loops": 1, "Hash Buckets": 32768, "Hash Batches": 1, "Original Hash Batches": 1, "Peak Memory Usage": 3, "Plans": [{"Node Type": "Index Scan", "Parent Relationship": "Outer", "Scan Direction": "Forward", "Index Name": "supplier_pkey", "Relation Name": "supplier", "Alias": "supplier", "Startup Cost": 0.0, "Total Cost": 5584.54, "Plan Rows": 10, "Plan Width": 8, "Actual Startup Time": 0.29, "Actual Total Time": 75.363, "Actual Rows": 56, "Actual Loops": 1, "Filter": "((s_comment)::text ~~ '%Customer%Complaints%'::text)", "Rows Removed by Filter": 99944}]}]}]}]}]}, "Triggers": [], "Planner Runtime": 1.109, "Total Runtime": 13596.397, "Unique SQL Id": 1437012347}}, "(1, 14)": {"explain_plan": {"Plan": {"Node Type": "Sort", "Startup Cost": 515600.3, "Total Cost": 515669.64, "Plan Rows": 27736, "Plan Width": 52, "Sort Key": ["(count(DISTINCT partsupp.ps_suppkey)) DESC", "part.p_brand", "part.p_type", "part.p_size"], "Plans": [{"Node Type": "Aggregate", "Strategy": "Sorted", "Parent Relationship": "Outer", "Startup Cost": 502593.46, "Total Cost": 513553.46, "Plan Rows": 27736, "Plan Width": 52, "Group By Key": ["part.p_brand", "part.p_type", "part.p_size"], "Plans": [{"Node Type": "Sort", "Parent Relationship": "Outer", "Startup Cost": 502593.46, "Total Cost": 504729.99, "Plan Rows": 854611, "Plan Width": 44, "Sort Key": ["part.p_brand", "part.p_type", "part.p_size"], "Plans": [{"Node Type": "Hash Join", "Parent Relationship": "Outer", "Join Type": "Anti", "Startup Cost": 99175.18, "Total Cost": 418393.3, "Plan Rows": 854611, "Plan Width": 44, "Inner Unique": false, "Hash Cond": "(partsupp.ps_suppkey = supplier.s_suppkey), (LLVM Optimized)", "Plans": [{"Node Type": "Hash Join", "Parent Relationship": "Outer", "Join Type": "Inner", "Startup Cost": 95642.05, "Total Cost": 404177.41, "Plan Rows": 854625, "Plan Width": 44, "Inner Unique": true, "Hash Cond": "(partsupp.ps_partkey = part.p_partkey), (LLVM Optimized)", "Plans": [{"Node Type": "Seq Scan", "Parent Relationship": "Outer", "Relation Name": "partsupp", "Alias": "partsupp", "Startup Cost": 0.0, "Total Cost": 269987.72, "Plan Rows": 8000372, "Plan Width": 16}, {"Node Type": "Hash", "Parent Relationship": "Inner", "Startup Cost": 91944.0, "Total Cost": 91944.0, "Plan Rows": 295844, "Plan Width": 44, "Plans": [{"Node Type": "Seq Scan", "Parent Relationship": "Outer", "Relation Name": "part", "Alias": "part", "Startup Cost": 0.0, "Total Cost": 91944.0, "Plan Rows": 295844, "Plan Width": 44, "Filter": "((p_brand <> 'Brand#34'::bpchar) AND ((p_type)::text !~~ 'LARGE BRUSHED%'::text) AND (p_size = ANY ('{48,19,12,4,41,7,21,39}'::integer[]))), (LLVM Optimized)"}]}]}, {"Node Type": "Hash", "Parent Relationship": "Inner", "Startup Cost": 3533.0, "Total Cost": 3533.0, "Plan Rows": 10, "Plan Width": 8, "Plans": [{"Node Type": "Seq Scan", "Parent Relationship": "Outer", "Relation Name": "supplier", "Alias": "supplier", "Startup Cost": 0.0, "Total Cost": 3533.0, "Plan Rows": 10, "Plan Width": 8, "Filter": "((s_comment)::text ~~ '%Customer%Complaints%'::text)"}]}]}]}]}]}, "Unique SQL Id": 1437012347}, "explain_analyze_plan": {"Plan": {"Node Type": "Sort", "Startup Cost": 515600.3, "Total Cost": 515669.64, "Plan Rows": 27736, "Plan Width": 52, "Actual Startup Time": 11497.658, "Actual Total Time": 11500.717, "Actual Rows": 27838, "Actual Loops": 1, "Sort Key": ["(count(DISTINCT partsupp.ps_suppkey)) DESC", "part.p_brand", "part.p_type", "part.p_size"], "Sort Method": "quicksort", "Sort Space Used": 5082, "Sort Space Type": "Memory", "Plans": [{"Node Type": "Aggregate", "Strategy": "Sorted", "Parent Relationship": "Outer", "Startup Cost": 502593.46, "Total Cost": 513553.46, "Plan Rows": 27736, "Plan Width": 52, "Actual Startup Time": 10600.832, "Actual Total Time": 11403.77, "Actual Rows": 27838, "Actual Loops": 1, "Group By Key": ["part.p_brand", "part.p_type", "part.p_size"], "Plans": [{"Node Type": "Sort", "Parent Relationship": "Outer", "Startup Cost": 502593.46, "Total Cost": 504729.99, "Plan Rows": 854611, "Plan Width": 44, "Actual Startup Time": 10600.662, "Actual Total Time": 10805.964, "Actual Rows": 1188666, "Actual Loops": 1, "Sort Key": ["part.p_brand", "part.p_type", "part.p_size"], "Sort Method": "quicksort", "Sort Space Used": 233373, "Sort Space Type": "Memory", "Plans": [{"Node Type": "Hash Join", "Parent Relationship": "Outer", "Join Type": "Anti", "Startup Cost": 99175.18, "Total Cost": 418393.3, "Plan Rows": 854611, "Plan Width": 44, "Actual Startup Time": 1364.023, "Actual Total Time": 6195.986, "Actual Rows": 1188666, "Actual Loops": 1, "Inner Unique": false, "Hash Cond": "(partsupp.ps_suppkey = supplier.s_suppkey), (LLVM Optimized, Jit Execute)", "Plans": [{"Node Type": "Hash Join", "Parent Relationship": "Outer", "Join Type": "Inner", "Startup Cost": 95642.05, "Total Cost": 404177.41, "Plan Rows": 854625, "Plan Width": 44, "Actual Startup Time": 1311.723, "Actual Total Time": 5817.919, "Actual Rows": 1189344, "Actual Loops": 1, "Inner Unique": true, "Hash Cond": "(partsupp.ps_partkey = part.p_partkey), (LLVM Optimized, Jit Execute)", "Plans": [{"Node Type": "Seq Scan", "Parent Relationship": "Outer", "Relation Name": "partsupp", "Alias": "partsupp", "Startup Cost": 0.0, "Total Cost": 269987.72, "Plan Rows": 8000372, "Plan Width": 16, "Actual Startup Time": 0.018, "Actual Total Time": 2435.195, "Actual Rows": 8000000, "Actual Loops": 1}, {"Node Type": "Hash", "Parent Relationship": "Inner", "Startup Cost": 91944.0, "Total Cost": 91944.0, "Plan Rows": 295844, "Plan Width": 44, "Actual Startup Time": 1310.915, "Actual Total Time": 1310.915, "Actual Rows": 297336, "Actual Loops": 1, "Hash Buckets": 524288, "Hash Batches": 1, "Original Hash Batches": 1, "Peak Memory Usage": 23216, "Plans": [{"Node Type": "Seq Scan", "Parent Relationship": "Outer", "Relation Name": "part", "Alias": "part", "Startup Cost": 0.0, "Total Cost": 91944.0, "Plan Rows": 295844, "Plan Width": 44, "Actual Startup Time": 0.025, "Actual Total Time": 1163.672, "Actual Rows": 297336, "Actual Loops": 1, "Filter": "((p_brand <> 'Brand#34'::bpchar) AND ((p_type)::text !~~ 'LARGE BRUSHED%'::text) AND (p_size = ANY ('{48,19,12,4,41,7,21,39}'::integer[]))), (LLVM Optimized, Jit Execute)", "Rows Removed by Filter": 1702664}]}]}, {"Node Type": "Hash", "Parent Relationship": "Inner", "Startup Cost": 3533.0, "Total Cost": 3533.0, "Plan Rows": 10, "Plan Width": 8, "Actual Startup Time": 52.21, "Actual Total Time": 52.21, "Actual Rows": 56, "Actual Loops": 1, "Hash Buckets": 32768, "Hash Batches": 1, "Original Hash Batches": 1, "Peak Memory Usage": 3, "Plans": [{"Node Type": "Seq Scan", "Parent Relationship": "Outer", "Relation Name": "supplier", "Alias": "supplier", "Startup Cost": 0.0, "Total Cost": 3533.0, "Plan Rows": 10, "Plan Width": 8, "Actual Startup Time": 0.239, "Actual Total Time": 52.158, "Actual Rows": 56, "Actual Loops": 1, "Filter": "((s_comment)::text ~~ '%Customer%Complaints%'::text)", "Rows Removed by Filter": 99944}]}]}]}]}]}, "Triggers": [], "Planner Runtime": 1.122, "Total Runtime": 11512.885, "Unique SQL Id": 1437012347}}, "(1, 15)": {"explain_plan": {"Plan": {"Node Type": "Sort", "Startup Cost": 3000070931551.91, "Total Cost": 3000070931621.25, "Plan Rows": 27736, "Plan Width": 52, "Sort Key": ["(count(DISTINCT partsupp.ps_suppkey)) DESC", "part.p_brand", "part.p_type", "part.p_size"], "Plans": [{"Node Type": "Aggregate", "Strategy": "Sorted", "Parent Relationship": "Outer", "Startup Cost": 3000070918545.07, "Total Cost": 3000070929505.07, "Plan Rows": 27736, "Plan Width": 52, "Group By Key": ["part.p_brand", "part.p_type", "part.p_size"], "Plans": [{"Node Type": "Sort", "Parent Relationship": "Outer", "Startup Cost": 3000070918545.07, "Total Cost": 3000070920681.6, "Plan Rows": 854611, "Plan Width": 44, "Sort Key": ["part.p_brand", "part.p_type", "part.p_size"], "Plans": [{"Node Type": "Nested Loop", "Parent Relationship": "Outer", "Join Type": "Anti", "Startup Cost": 30017325448.43, "Total Cost": 3000070834344.91, "Plan Rows": 854611, "Plan Width": 44, "Inner Unique": false, "Join Filter": "(partsupp.ps_suppkey = supplier.s_suppkey), (LLVM Optimized)", "Plans": [{"Node Type": "Merge Join", "Parent Relationship": "Outer", "Join Type": "Inner", "Startup Cost": 20017325448.43, "Total Cost": 2000070147697.04, "Plan Rows": 854625, "Plan Width": 44, "Inner Unique": false, "Merge Cond": "(part.p_partkey = partsupp.ps_partkey)", "Plans": [{"Node Type": "Index Scan", "Parent Relationship": "Outer", "Scan Direction": "Forward", "Index Name": "part_kpey", "Relation Name": "part", "Alias": "part", "Startup Cost": 10000000000.0, "Total Cost": 1000013080325.0, "Plan Rows": 295844, "Plan Width": 44, "Filter": "((p_brand <> 'Brand#34'::bpchar) AND ((p_type)::text !~~ 'LARGE BRUSHED%'::text) AND (p_size = ANY ('{48,19,12,4,41,7,21,39}'::integer[]))), (LLVM Optimized)"}, {"Node Type": "Index Scan", "Parent Relationship": "Inner", "Scan Direction": "Forward", "Index Name": "partsupp_pkey", "Relation Name": "partsupp", "Alias": "partsupp", "Startup Cost": 10000000000.0, "Total Cost": 1000071640963.22, "Plan Rows": 8000372, "Plan Width": 16}]}, {"Node Type": "Materialize", "Parent Relationship": "Inner", "Startup Cost": 10000000000.0, "Total Cost": 1000000558454.43, "Plan Rows": 10, "Plan Width": 8, "Plans": [{"Node Type": "Index Scan", "Parent Relationship": "Outer", "Scan Direction": "Forward", "Index Name": "supplier_pkey", "Relation Name": "supplier", "Alias": "supplier", "Startup Cost": 10000000000.0, "Total Cost": 1000000558454.38, "Plan Rows": 10, "Plan Width": 8, "Filter": "((s_comment)::text ~~ '%Customer%Complaints%'::text)"}]}]}]}]}]}, "Unique SQL Id": 1437012347}, "explain_analyze_plan": null}, "(1, 16)": {"explain_plan": {"Plan": {"Node Type": "Sort", "Startup Cost": 538810.17, "Total Cost": 538879.51, "Plan Rows": 27736, "Plan Width": 52, "Sort Key": ["(count(DISTINCT partsupp.ps_suppkey)) DESC", "part.p_brand", "part.p_type", "part.p_size"], "Plans": [{"Node Type": "Aggregate", "Strategy": "Sorted", "Parent Relationship": "Outer", "Startup Cost": 525803.33, "Total Cost": 536763.33, "Plan Rows": 27736, "Plan Width": 52, "Group By Key": ["part.p_brand", "part.p_type", "part.p_size"], "Plans": [{"Node Type": "Sort", "Parent Relationship": "Outer", "Startup Cost": 525803.33, "Total Cost": 527939.86, "Plan Rows": 854611, "Plan Width": 44, "Sort Key": ["part.p_brand", "part.p_type", "part.p_size"], "Plans": [{"Node Type": "Merge Join", "Parent Relationship": "Outer", "Join Type": "Anti", "Startup Cost": 437329.76, "Total Cost": 441603.17, "Plan Rows": 854611, "Plan Width": 44, "Inner Unique": false, "Merge Cond": "(partsupp.ps_suppkey = supplier.s_suppkey)", "Plans": [{"Node Type": "Sort", "Parent Relationship": "Outer", "Startup Cost": 433796.6, "Total Cost": 435933.16, "Plan Rows": 854625, "Plan Width": 44, "Sort Key": ["partsupp.ps_suppkey"], "Plans": [{"Node Type": "Nested Loop", "Parent Relationship": "Outer", "Join Type": "Inner", "Startup Cost": 0.0, "Total Cost": 349594.96, "Plan Rows": 854625, "Plan Width": 44, "Inner Unique": false, "Plans": [{"Node Type": "Seq Scan", "Parent Relationship": "Outer", "Relation Name": "part", "Alias": "part", "Startup Cost": 0.0, "Total Cost": 91944.0, "Plan Rows": 295844, "Plan Width": 44, "Filter": "((p_brand <> 'Brand#34'::bpchar) AND ((p_type)::text !~~ 'LARGE BRUSHED%'::text) AND (p_size = ANY ('{48,19,12,4,41,7,21,39}'::integer[]))), (LLVM Optimized)"}, {"Node Type": "Index Only Scan", "Parent Relationship": "Inner", "Scan Direction": "Forward", "Index Name": "partsupp_pkey", "Relation Name": "partsupp", "Alias": "partsupp", "Startup Cost": 0.0, "Total Cost": 0.84, "Plan Rows": 3, "Plan Width": 16, "Index Cond": "(ps_partkey = part.p_partkey)"}]}]}, {"Node Type": "Sort", "Parent Relationship": "Inner", "Startup Cost": 3533.17, "Total Cost": 3533.19, "Plan Rows": 10, "Plan Width": 8, "Sort Key": ["supplier.s_suppkey"], "Plans": [{"Node Type": "Seq Scan", "Parent Relationship": "Outer", "Relation Name": "supplier", "Alias": "supplier", "Startup Cost": 0.0, "Total Cost": 3533.0, "Plan Rows": 10, "Plan Width": 8, "Filter": "((s_comment)::text ~~ '%Customer%Complaints%'::text)"}]}]}]}]}]}, "Unique SQL Id": 1437012347}, "explain_analyze_plan": {"Plan": {"Node Type": "Sort", "Startup Cost": 538810.17, "Total Cost": 538879.51, "Plan Rows": 27736, "Plan Width": 52, "Actual Startup Time": 9808.726, "Actual Total Time": 9811.644, "Actual Rows": 27838, "Actual Loops": 1, "Sort Key": ["(count(DISTINCT partsupp.ps_suppkey)) DESC", "part.p_brand", "part.p_type", "part.p_size"], "Sort Method": "quicksort", "Sort Space Used": 5082, "Sort Space Type": "Memory", "Plans": [{"Node Type": "Aggregate", "Strategy": "Sorted", "Parent Relationship": "Outer", "Startup Cost": 525803.33, "Total Cost": 536763.33, "Plan Rows": 27736, "Plan Width": 52, "Actual Startup Time": 8712.223, "Actual Total Time": 9711.732, "Actual Rows": 27838, "Actual Loops": 1, "Group By Key": ["part.p_brand", "part.p_type", "part.p_size"], "Plans": [{"Node Type": "Sort", "Parent Relationship": "Outer", "Startup Cost": 525803.33, "Total Cost": 527939.86, "Plan Rows": 854611, "Plan Width": 44, "Actual Startup Time": 8712.14, "Actual Total Time": 9111.556, "Actual Rows": 1188666, "Actual Loops": 1, "Sort Key": ["part.p_brand", "part.p_type", "part.p_size"], "Sort Method": "quicksort", "Sort Space Used": 233373, "Sort Space Type": "Memory", "Plans": [{"Node Type": "Merge Join", "Parent Relationship": "Outer", "Join Type": "Anti", "Startup Cost": 437329.76, "Total Cost": 441603.17, "Plan Rows": 854611, "Plan Width": 44, "Actual Startup Time": 3237.241, "Actual Total Time": 3857.933, "Actual Rows": 1188666, "Actual Loops": 1, "Inner Unique": false, "Merge Cond": "(partsupp.ps_suppkey = supplier.s_suppkey)", "Plans": [{"Node Type": "Sort", "Parent Relationship": "Outer", "Startup Cost": 433796.6, "Total Cost": 435933.16, "Plan Rows": 854625, "Plan Width": 44, "Actual Startup Time": 3181.142, "Actual Total Time": 3486.523, "Actual Rows": 1189344, "Actual Loops": 1, "Sort Key": ["partsupp.ps_suppkey"], "Sort Method": "quicksort", "Sort Space Used": 233478, "Sort Space Type": "Memory", "Plans": [{"Node Type": "Nested Loop", "Parent Relationship": "Outer", "Join Type": "Inner", "Startup Cost": 0.0, "Total Cost": 349594.96, "Plan Rows": 854625, "Plan Width": 44, "Actual Startup Time": 0.058, "Actual Total Time": 2670.229, "Actual Rows": 1189344, "Actual Loops": 1, "Inner Unique": false, "Plans": [{"Node Type": "Seq Scan", "Parent Relationship": "Outer", "Relation Name": "part", "Alias": "part", "Startup Cost": 0.0, "Total Cost": 91944.0, "Plan Rows": 295844, "Plan Width": 44, "Actual Startup Time": 0.035, "Actual Total Time": 1183.494, "Actual Rows": 297336, "Actual Loops": 1, "Filter": "((p_brand <> 'Brand#34'::bpchar) AND ((p_type)::text !~~ 'LARGE BRUSHED%'::text) AND (p_size = ANY ('{48,19,12,4,41,7,21,39}'::integer[]))), (LLVM Optimized, Jit Execute)", "Rows Removed by Filter": 1702664}, {"Node Type": "Index Only Scan", "Parent Relationship": "Inner", "Scan Direction": "Forward", "Index Name": "partsupp_pkey", "Relation Name": "partsupp", "Alias": "partsupp", "Startup Cost": 0.0, "Total Cost": 0.84, "Plan Rows": 3, "Plan Width": 16, "Actual Startup Time": 862.108, "Actual Total Time": 1075.711, "Actual Rows": 1189344, "Actual Loops": 297336, "Index Cond": "(ps_partkey = part.p_partkey)", "Rows Removed by Index Recheck": 0, "Heap Fetches": 0}]}]}, {"Node Type": "Sort", "Parent Relationship": "Inner", "Startup Cost": 3533.17, "Total Cost": 3533.19, "Plan Rows": 10, "Plan Width": 8, "Actual Startup Time": 56.087, "Actual Total Time": 56.101, "Actual Rows": 56, "Actual Loops": 1, "Sort Key": ["supplier.s_suppkey"], "Sort Method": "quicksort", "Sort Space Used": 28, "Sort Space Type": "Memory", "Plans": [{"Node Type": "Seq Scan", "Parent Relationship": "Outer", "Relation Name": "supplier", "Alias": "supplier", "Startup Cost": 0.0, "Total Cost": 3533.0, "Plan Rows": 10, "Plan Width": 8, "Actual Startup Time": 0.298, "Actual Total Time": 55.929, "Actual Rows": 56, "Actual Loops": 1, "Filter": "((s_comment)::text ~~ '%Customer%Complaints%'::text)", "Rows Removed by Filter": 99944}]}]}]}]}]}, "Triggers": [], "Planner Runtime": 1.207, "Total Runtime": 9823.385, "Unique SQL Id": 1437012347}}, "(1, 17)": {"explain_plan": {"Plan": {"Node Type": "Sort", "Startup Cost": 579720.8, "Total Cost": 579790.14, "Plan Rows": 27736, "Plan Width": 52, "Sort Key": ["(count(DISTINCT partsupp.ps_suppkey)) DESC", "part.p_brand", "part.p_type", "part.p_size"], "Plans": [{"Node Type": "Aggregate", "Strategy": "Sorted", "Parent Relationship": "Outer", "Startup Cost": 566713.96, "Total Cost": 577673.96, "Plan Rows": 27736, "Plan Width": 52, "Group By Key": ["part.p_brand", "part.p_type", "part.p_size"], "Plans": [{"Node Type": "Sort", "Parent Relationship": "Outer", "Startup Cost": 566713.96, "Total Cost": 568850.49, "Plan Rows": 854611, "Plan Width": 44, "Sort Key": ["part.p_brand", "part.p_type", "part.p_size"], "Plans": [{"Node Type": "Merge Join", "Parent Relationship": "Outer", "Join Type": "Anti", "Startup Cost": 472655.85, "Total Cost": 482513.8, "Plan Rows": 854611, "Plan Width": 44, "Inner Unique": false, "Merge Cond": "(partsupp.ps_suppkey = supplier.s_suppkey)", "Plans": [{"Node Type": "Sort", "Parent Relationship": "Outer", "Startup Cost": 472655.85, "Total Cost": 474792.41, "Plan Rows": 854625, "Plan Width": 44, "Sort Key": ["partsupp.ps_suppkey"], "Plans": [{"Node Type": "Nested Loop", "Parent Relationship": "Outer", "Join Type": "Inner", "Startup Cost": 0.0, "Total Cost": 388454.21, "Plan Rows": 854625, "Plan Width": 44, "Inner Unique": false, "Plans": [{"Node Type": "Index Scan", "Parent Relationship": "Outer", "Scan Direction": "Forward", "Index Name": "part_kpey", "Relation Name": "part", "Alias": "part", "Startup Cost": 0.0, "Total Cost": 130803.25, "Plan Rows": 295844, "Plan Width": 44, "Filter": "((p_brand <> 'Brand#34'::bpchar) AND ((p_type)::text !~~ 'LARGE BRUSHED%'::text) AND (p_size = ANY ('{48,19,12,4,41,7,21,39}'::integer[]))), (LLVM Optimized)"}, {"Node Type": "Index Only Scan", "Parent Relationship": "Inner", "Scan Direction": "Forward", "Index Name": "partsupp_pkey", "Relation Name": "partsupp", "Alias": "partsupp", "Startup Cost": 0.0, "Total Cost": 0.84, "Plan Rows": 3, "Plan Width": 16, "Index Cond": "(ps_partkey = part.p_partkey)"}]}]}, {"Node Type": "Materialize", "Parent Relationship": "Inner", "Startup Cost": 0.0, "Total Cost": 5584.57, "Plan Rows": 10, "Plan Width": 8, "Plans": [{"Node Type": "Index Scan", "Parent Relationship": "Outer", "Scan Direction": "Forward", "Index Name": "supplier_pkey", "Relation Name": "supplier", "Alias": "supplier", "Startup Cost": 0.0, "Total Cost": 5584.54, "Plan Rows": 10, "Plan Width": 8, "Filter": "((s_comment)::text ~~ '%Customer%Complaints%'::text)"}]}]}]}]}]}, "Unique SQL Id": 1437012347}, "explain_analyze_plan": {"Plan": {"Node Type": "Sort", "Startup Cost": 579720.8, "Total Cost": 579790.14, "Plan Rows": 27736, "Plan Width": 52, "Actual Startup Time": 10124.492, "Actual Total Time": 10127.4, "Actual Rows": 27838, "Actual Loops": 1, "Sort Key": ["(count(DISTINCT partsupp.ps_suppkey)) DESC", "part.p_brand", "part.p_type", "part.p_size"], "Sort Method": "quicksort", "Sort Space Used": 5082, "Sort Space Type": "Memory", "Plans": [{"Node Type": "Aggregate", "Strategy": "Sorted", "Parent Relationship": "Outer", "Startup Cost": 566713.96, "Total Cost": 577673.96, "Plan Rows": 27736, "Plan Width": 52, "Actual Startup Time": 9212.765, "Actual Total Time": 10031.455, "Actual Rows": 27838, "Actual Loops": 1, "Group By Key": ["part.p_brand", "part.p_type", "part.p_size"], "Plans": [{"Node Type": "Sort", "Parent Relationship": "Outer", "Startup Cost": 566713.96, "Total Cost": 568850.49, "Plan Rows": 854611, "Plan Width": 44, "Actual Startup Time": 9212.663, "Actual Total Time": 9434.446, "Actual Rows": 1188666, "Actual Loops": 1, "Sort Key": ["part.p_brand", "part.p_type", "part.p_size"], "Sort Method": "quicksort", "Sort Space Used": 233373, "Sort Space Type": "Memory", "Plans": [{"Node Type": "Merge Join", "Parent Relationship": "Outer", "Join Type": "Anti", "Startup Cost": 472655.85, "Total Cost": 482513.8, "Plan Rows": 854611, "Plan Width": 44, "Actual Startup Time": 3974.217, "Actual Total Time": 4566.554, "Actual Rows": 1188666, "Actual Loops": 1, "Inner Unique": false, "Merge Cond": "(partsupp.ps_suppkey = supplier.s_suppkey)", "Plans": [{"Node Type": "Sort", "Parent Relationship": "Outer", "Startup Cost": 472655.85, "Total Cost": 474792.41, "Plan Rows": 854625, "Plan Width": 44, "Actual Startup Time": 3973.83, "Actual Total Time": 4173.815, "Actual Rows": 1189344, "Actual Loops": 1, "Sort Key": ["partsupp.ps_suppkey"], "Sort Method": "quicksort", "Sort Space Used": 233478, "Sort Space Type": "Memory", "Plans": [{"Node Type": "Nested Loop", "Parent Relationship": "Outer", "Join Type": "Inner", "Startup Cost": 0.0, "Total Cost": 388454.21, "Plan Rows": 854625, "Plan Width": 44, "Actual Startup Time": 0.065, "Actual Total Time": 3468.37, "Actual Rows": 1189344, "Actual Loops": 1, "Inner Unique": false, "Plans": [{"Node Type": "Index Scan", "Parent Relationship": "Outer", "Scan Direction": "Forward", "Index Name": "part_kpey", "Relation Name": "part", "Alias": "part", "Startup Cost": 0.0, "Total Cost": 130803.25, "Plan Rows": 295844, "Plan Width": 44, "Actual Startup Time": 0.046, "Actual Total Time": 1970.226, "Actual Rows": 297336, "Actual Loops": 1, "Filter": "((p_brand <> 'Brand#34'::bpchar) AND ((p_type)::text !~~ 'LARGE BRUSHED%'::text) AND (p_size = ANY ('{48,19,12,4,41,7,21,39}'::integer[]))), (LLVM Optimized, Jit Execute)", "Rows Removed by Filter": 1702664}, {"Node Type": "Index Only Scan", "Parent Relationship": "Inner", "Scan Direction": "Forward", "Index Name": "partsupp_pkey", "Relation Name": "partsupp", "Alias": "partsupp", "Startup Cost": 0.0, "Total Cost": 0.84, "Plan Rows": 3, "Plan Width": 16, "Actual Startup Time": 872.97, "Actual Total Time": 1090.023, "Actual Rows": 1189344, "Actual Loops": 297336, "Index Cond": "(ps_partkey = part.p_partkey)", "Rows Removed by Index Recheck": 0, "Heap Fetches": 0}]}]}, {"Node Type": "Materialize", "Parent Relationship": "Inner", "Startup Cost": 0.0, "Total Cost": 5584.57, "Plan Rows": 10, "Plan Width": 8, "Actual Startup Time": 0.375, "Actual Total Time": 77.548, "Actual Rows": 56, "Actual Loops": 1, "Plans": [{"Node Type": "Index Scan", "Parent Relationship": "Outer", "Scan Direction": "Forward", "Index Name": "supplier_pkey", "Relation Name": "supplier", "Alias": "supplier", "Startup Cost": 0.0, "Total Cost": 5584.54, "Plan Rows": 10, "Plan Width": 8, "Actual Startup Time": 0.372, "Actual Total Time": 77.516, "Actual Rows": 56, "Actual Loops": 1, "Filter": "((s_comment)::text ~~ '%Customer%Complaints%'::text)", "Rows Removed by Filter": 99944}]}]}]}]}]}, "Triggers": [], "Planner Runtime": 1.221, "Total Runtime": 10139.135, "Unique SQL Id": 1437012347}}, "(1, 18)": {"explain_plan": {"Plan": {"Node Type": "Sort", "Startup Cost": 1545365.8, "Total Cost": 1545435.14, "Plan Rows": 27736, "Plan Width": 52, "Sort Key": ["(count(DISTINCT partsupp.ps_suppkey)) DESC", "part.p_brand", "part.p_type", "part.p_size"], "Plans": [{"Node Type": "Aggregate", "Strategy": "Sorted", "Parent Relationship": "Outer", "Startup Cost": 1532358.96, "Total Cost": 1543318.96, "Plan Rows": 27736, "Plan Width": 52, "Group By Key": ["part.p_brand", "part.p_type", "part.p_size"], "Plans": [{"Node Type": "Sort", "Parent Relationship": "Outer", "Startup Cost": 1532358.96, "Total Cost": 1534495.49, "Plan Rows": 854611, "Plan Width": 44, "Sort Key": ["part.p_brand", "part.p_type", "part.p_size"], "Plans": [{"Node Type": "Merge Join", "Parent Relationship": "Outer", "Join Type": "Anti", "Startup Cost": 1443885.39, "Total Cost": 1448158.8, "Plan Rows": 854611, "Plan Width": 44, "Inner Unique": false, "Merge Cond": "(partsupp.ps_suppkey = supplier.s_suppkey)", "Plans": [{"Node Type": "Sort", "Parent Relationship": "Outer", "Startup Cost": 1440352.23, "Total Cost": 1442488.79, "Plan Rows": 854625, "Plan Width": 44, "Sort Key": ["partsupp.ps_suppkey"], "Plans": [{"Node Type": "Merge Join", "Parent Relationship": "Outer", "Join Type": "Inner", "Startup Cost": 1306124.55, "Total Cost": 1356150.59, "Plan Rows": 854625, "Plan Width": 44, "Inner Unique": false, "Merge Cond": "(part.p_partkey = partsupp.ps_partkey)", "Plans": [{"Node Type": "Sort", "Parent Relationship": "Outer", "Startup Cost": 118828.05, "Total Cost": 119567.66, "Plan Rows": 295844, "Plan Width": 44, "Sort Key": ["part.p_partkey"], "Plans": [{"Node Type": "Seq Scan", "Parent Relationship": "Outer", "Relation Name": "part", "Alias": "part", "Startup Cost": 0.0, "Total Cost": 91944.0, "Plan Rows": 295844, "Plan Width": 44, "Filter": "((p_brand <> 'Brand#34'::bpchar) AND ((p_type)::text !~~ 'LARGE BRUSHED%'::text) AND (p_size = ANY ('{48,19,12,4,41,7,21,39}'::integer[]))), (LLVM Optimized)"}]}, {"Node Type": "Sort", "Parent Relationship": "Inner", "Startup Cost": 1187295.8, "Total Cost": 1207296.73, "Plan Rows": 8000372, "Plan Width": 16, "Sort Key": ["partsupp.ps_partkey"], "Plans": [{"Node Type": "Seq Scan", "Parent Relationship": "Outer", "Relation Name": "partsupp", "Alias": "partsupp", "Startup Cost": 0.0, "Total Cost": 269987.72, "Plan Rows": 8000372, "Plan Width": 16}]}]}]}, {"Node Type": "Sort", "Parent Relationship": "Inner", "Startup Cost": 3533.17, "Total Cost": 3533.19, "Plan Rows": 10, "Plan Width": 8, "Sort Key": ["supplier.s_suppkey"], "Plans": [{"Node Type": "Seq Scan", "Parent Relationship": "Outer", "Relation Name": "supplier", "Alias": "supplier", "Startup Cost": 0.0, "Total Cost": 3533.0, "Plan Rows": 10, "Plan Width": 8, "Filter": "((s_comment)::text ~~ '%Customer%Complaints%'::text)"}]}]}]}]}]}, "Unique SQL Id": 1437012347}, "explain_analyze_plan": {"Plan": {"Node Type": "Sort", "Startup Cost": 1545365.8, "Total Cost": 1545435.14, "Plan Rows": 27736, "Plan Width": 52, "Actual Startup Time": 16613.189, "Actual Total Time": 16616.083, "Actual Rows": 27838, "Actual Loops": 1, "Sort Key": ["(count(DISTINCT partsupp.ps_suppkey)) DESC", "part.p_brand", "part.p_type", "part.p_size"], "Sort Method": "quicksort", "Sort Space Used": 5082, "Sort Space Type": "Memory", "Plans": [{"Node Type": "Aggregate", "Strategy": "Sorted", "Parent Relationship": "Outer", "Startup Cost": 1532358.96, "Total Cost": 1543318.96, "Plan Rows": 27736, "Plan Width": 52, "Actual Startup Time": 15699.419, "Actual Total Time": 16519.682, "Actual Rows": 27838, "Actual Loops": 1, "Group By Key": ["part.p_brand", "part.p_type", "part.p_size"], "Plans": [{"Node Type": "Sort", "Parent Relationship": "Outer", "Startup Cost": 1532358.96, "Total Cost": 1534495.49, "Plan Rows": 854611, "Plan Width": 44, "Actual Startup Time": 15699.201, "Actual Total Time": 15922.042, "Actual Rows": 1188666, "Actual Loops": 1, "Sort Key": ["part.p_brand", "part.p_type", "part.p_size"], "Sort Method": "quicksort", "Sort Space Used": 233373, "Sort Space Type": "Memory", "Plans": [{"Node Type": "Merge Join", "Parent Relationship": "Outer", "Join Type": "Anti", "Startup Cost": 1443885.39, "Total Cost": 1448158.8, "Plan Rows": 854611, "Plan Width": 44, "Actual Startup Time": 9861.117, "Actual Total Time": 10520.767, "Actual Rows": 1188666, "Actual Loops": 1, "Inner Unique": false, "Merge Cond": "(partsupp.ps_suppkey = supplier.s_suppkey)", "Plans": [{"Node Type": "Sort", "Parent Relationship": "Outer", "Startup Cost": 1440352.23, "Total Cost": 1442488.79, "Plan Rows": 854625, "Plan Width": 44, "Actual Startup Time": 9808.54, "Actual Total Time": 10147.13, "Actual Rows": 1189344, "Actual Loops": 1, "Sort Key": ["partsupp.ps_suppkey"], "Sort Method": "quicksort", "Sort Space Used": 233478, "Sort Space Type": "Memory", "Plans": [{"Node Type": "Merge Join", "Parent Relationship": "Outer", "Join Type": "Inner", "Startup Cost": 1306124.55, "Total Cost": 1356150.59, "Plan Rows": 854625, "Plan Width": 44, "Actual Startup Time": 6903.113, "Actual Total Time": 9320.876, "Actual Rows": 1189344, "Actual Loops": 1, "Inner Unique": false, "Merge Cond": "(part.p_partkey = partsupp.ps_partkey)", "Plans": [{"Node Type": "Sort", "Parent Relationship": "Outer", "Startup Cost": 118828.05, "Total Cost": 119567.66, "Plan Rows": 295844, "Plan Width": 44, "Actual Startup Time": 1465.983, "Actual Total Time": 1507.93, "Actual Rows": 297336, "Actual Loops": 1, "Sort Key": ["part.p_partkey"], "Sort Method": "quicksort", "Sort Space Used": 58370, "Sort Space Type": "Memory", "Plans": [{"Node Type": "Seq Scan", "Parent Relationship": "Outer", "Relation Name": "part", "Alias": "part", "Startup Cost": 0.0, "Total Cost": 91944.0, "Plan Rows": 295844, "Plan Width": 44, "Actual Startup Time": 0.035, "Actual Total Time": 1348.639, "Actual Rows": 297336, "Actual Loops": 1, "Filter": "((p_brand <> 'Brand#34'::bpchar) AND ((p_type)::text !~~ 'LARGE BRUSHED%'::text) AND (p_size = ANY ('{48,19,12,4,41,7,21,39}'::integer[]))), (LLVM Optimized, Jit Execute)", "Rows Removed by Filter": 1702664}]}, {"Node Type": "Sort", "Parent Relationship": "Inner", "Startup Cost": 1187295.8, "Total Cost": 1207296.73, "Plan Rows": 8000372, "Plan Width": 16, "Actual Startup Time": 5437.114, "Actual Total Time": 6421.114, "Actual Rows": 7999985, "Actual Loops": 1, "Sort Key": ["partsupp.ps_partkey"], "Sort Method": "quicksort", "Sort Space Used": 946609, "Sort Space Type": "Memory", "Plans": [{"Node Type": "Seq Scan", "Parent Relationship": "Outer", "Relation Name": "partsupp", "Alias": "partsupp", "Startup Cost": 0.0, "Total Cost": 269987.72, "Plan Rows": 8000372, "Plan Width": 16, "Actual Startup Time": 0.02, "Actual Total Time": 2648.399, "Actual Rows": 8000000, "Actual Loops": 1}]}]}]}, {"Node Type": "Sort", "Parent Relationship": "Inner", "Startup Cost": 3533.17, "Total Cost": 3533.19, "Plan Rows": 10, "Plan Width": 8, "Actual Startup Time": 52.563, "Actual Total Time": 52.585, "Actual Rows": 56, "Actual Loops": 1, "Sort Key": ["supplier.s_suppkey"], "Sort Method": "quicksort", "Sort Space Used": 28, "Sort Space Type": "Memory", "Plans": [{"Node Type": "Seq Scan", "Parent Relationship": "Outer", "Relation Name": "supplier", "Alias": "supplier", "Startup Cost": 0.0, "Total Cost": 3533.0, "Plan Rows": 10, "Plan Width": 8, "Actual Startup Time": 0.256, "Actual Total Time": 52.483, "Actual Rows": 56, "Actual Loops": 1, "Filter": "((s_comment)::text ~~ '%Customer%Complaints%'::text)", "Rows Removed by Filter": 99944}]}]}]}]}]}, "Triggers": [], "Planner Runtime": 1.167, "Total Runtime": 16627.736, "Unique SQL Id": 1437012347}}, "(1, 19)": {"explain_plan": {"Plan": {"Node Type": "Sort", "Startup Cost": 1000096381206.59, "Total Cost": 1000096381275.93, "Plan Rows": 27736, "Plan Width": 52, "Sort Key": ["(count(DISTINCT partsupp.ps_suppkey)) DESC", "part.p_brand", "part.p_type", "part.p_size"], "Plans": [{"Node Type": "Aggregate", "Strategy": "Sorted", "Parent Relationship": "Outer", "Startup Cost": 1000096368199.75, "Total Cost": 1000096379159.74, "Plan Rows": 27736, "Plan Width": 52, "Group By Key": ["part.p_brand", "part.p_type", "part.p_size"], "Plans": [{"Node Type": "Sort", "Parent Relationship": "Outer", "Startup Cost": 1000096368199.75, "Total Cost": 1000096370336.27, "Plan Rows": 854611, "Plan Width": 44, "Sort Key": ["part.p_brand", "part.p_type", "part.p_size"], "Plans": [{"Node Type": "Nested Loop", "Parent Relationship": "Outer", "Join Type": "Inner", "Startup Cost": 10000000000.52, "Total Cost": 1000096283999.59, "Plan Rows": 854611, "Plan Width": 44, "Inner Unique": true, "Plans": [{"Node Type": "Nested Loop", "Parent Relationship": "Outer", "Join Type": "Anti", "Startup Cost": 10000000000.26, "Total Cost": 1000061892121.8, "Plan Rows": 8000238, "Plan Width": 16, "Inner Unique": false, "Plans": [{"Node Type": "Index Only Scan", "Parent Relationship": "Outer", "Scan Direction": "Forward", "Index Name": "partsupp_pkey", "Relation Name": "partsupp", "Alias": "partsupp", "Startup Cost": 10000000000.0, "Total Cost": 1000027706983.0, "Plan Rows": 8000372, "Plan Width": 16}, {"Node Type": "Bitmap Heap Scan", "Parent Relationship": "Inner", "Relation Name": "supplier", "Alias": "supplier", "Startup Cost": 0.26, "Total Cost": 4.27, "Plan Rows": 1, "Plan Width": 8, "Recheck Cond": "(partsupp.ps_suppkey = s_suppkey)", "Filter": "((s_comment)::text ~~ '%Customer%Complaints%'::text)", "Plans": [{"Node Type": "Bitmap Index Scan", "Parent Relationship": "Outer", "Index Name": "supplier_pkey", "Startup Cost": 0.0, "Total Cost": 0.26, "Plan Rows": 1, "Plan Width": 0, "Index Cond": "(partsupp.ps_suppkey = s_suppkey)"}]}]}, {"Node Type": "Bitmap Heap Scan", "Parent Relationship": "Inner", "Relation Name": "part", "Alias": "part", "Startup Cost": 0.26, "Total Cost": 4.29, "Plan Rows": 1, "Plan Width": 44, "Recheck Cond": "(p_partkey = partsupp.ps_partkey)", "Filter": "((p_brand <> 'Brand#34'::bpchar) AND ((p_type)::text !~~ 'LARGE BRUSHED%'::text) AND (p_size = ANY ('{48,19,12,4,41,7,21,39}'::integer[])))", "Plans": [{"Node Type": "Bitmap Index Scan", "Parent Relationship": "Outer", "Index Name": "part_kpey", "Startup Cost": 0.0, "Total Cost": 0.26, "Plan Rows": 1, "Plan Width": 0, "Index Cond": "(p_partkey = partsupp.ps_partkey)"}]}]}]}]}]}, "Unique SQL Id": 1437012347}, "explain_analyze_plan": null}, "(1, 20)": {"explain_plan": {"Plan": {"Node Type": "Sort", "Startup Cost": 772341.94, "Total Cost": 772411.28, "Plan Rows": 27736, "Plan Width": 52, "Sort Key": ["(count(DISTINCT partsupp.ps_suppkey)) DESC", "part.p_brand", "part.p_type", "part.p_size"], "Plans": [{"Node Type": "Aggregate", "Strategy": "Sorted", "Parent Relationship": "Outer", "Startup Cost": 759335.1, "Total Cost": 770295.1, "Plan Rows": 27736, "Plan Width": 52, "Group By Key": ["part.p_brand", "part.p_type", "part.p_size"], "Plans": [{"Node Type": "Sort", "Parent Relationship": "Outer", "Startup Cost": 759335.1, "Total Cost": 761471.63, "Plan Rows": 854611, "Plan Width": 44, "Sort Key": ["part.p_brand", "part.p_type", "part.p_size"], "Plans": [{"Node Type": "Merge Join", "Parent Relationship": "Outer", "Join Type": "Anti", "Startup Cost": 670861.53, "Total Cost": 675134.94, "Plan Rows": 854611, "Plan Width": 44, "Inner Unique": false, "Merge Cond": "(partsupp.ps_suppkey = supplier.s_suppkey)", "Plans": [{"Node Type": "Sort", "Parent Relationship": "Outer", "Startup Cost": 667328.37, "Total Cost": 669464.93, "Plan Rows": 854625, "Plan Width": 44, "Sort Key": ["partsupp.ps_suppkey"], "Plans": [{"Node Type": "Merge Join", "Parent Relationship": "Outer", "Join Type": "Inner", "Startup Cost": 118835.95, "Total Cost": 583126.73, "Plan Rows": 854625, "Plan Width": 44, "Inner Unique": true, "Merge Cond": "(partsupp.ps_partkey = part.p_partkey)", "Plans": [{"Node Type": "Index Scan", "Parent Relationship": "Outer", "Scan Direction": "Forward", "Index Name": "idx_partsupp_partkey", "Relation Name": "partsupp", "Alias": "partsupp", "Startup Cost": 0.0, "Total Cost": 431485.03, "Plan Rows": 8000372, "Plan Width": 16}, {"Node Type": "Sort", "Parent Relationship": "Inner", "Startup Cost": 118828.05, "Total Cost": 119567.66, "Plan Rows": 295844, "Plan Width": 44, "Sort Key": ["part.p_partkey"], "Plans": [{"Node Type": "Seq Scan", "Parent Relationship": "Outer", "Relation Name": "part", "Alias": "part", "Startup Cost": 0.0, "Total Cost": 91944.0, "Plan Rows": 295844, "Plan Width": 44, "Filter": "((p_brand <> 'Brand#34'::bpchar) AND ((p_type)::text !~~ 'LARGE BRUSHED%'::text) AND (p_size = ANY ('{48,19,12,4,41,7,21,39}'::integer[]))), (LLVM Optimized)"}]}]}]}, {"Node Type": "Sort", "Parent Relationship": "Inner", "Startup Cost": 3533.17, "Total Cost": 3533.19, "Plan Rows": 10, "Plan Width": 8, "Sort Key": ["supplier.s_suppkey"], "Plans": [{"Node Type": "Seq Scan", "Parent Relationship": "Outer", "Relation Name": "supplier", "Alias": "supplier", "Startup Cost": 0.0, "Total Cost": 3533.0, "Plan Rows": 10, "Plan Width": 8, "Filter": "((s_comment)::text ~~ '%Customer%Complaints%'::text)"}]}]}]}]}]}, "Unique SQL Id": 1437012347}, "explain_analyze_plan": {"Plan": {"Node Type": "Sort", "Startup Cost": 772341.94, "Total Cost": 772411.28, "Plan Rows": 27736, "Plan Width": 52, "Actual Startup Time": 14110.602, "Actual Total Time": 14113.638, "Actual Rows": 27838, "Actual Loops": 1, "Sort Key": ["(count(DISTINCT partsupp.ps_suppkey)) DESC", "part.p_brand", "part.p_type", "part.p_size"], "Sort Method": "quicksort", "Sort Space Used": 5082, "Sort Space Type": "Memory", "Plans": [{"Node Type": "Aggregate", "Strategy": "Sorted", "Parent Relationship": "Outer", "Startup Cost": 759335.1, "Total Cost": 770295.1, "Plan Rows": 27736, "Plan Width": 52, "Actual Startup Time": 13116.146, "Actual Total Time": 14016.171, "Actual Rows": 27838, "Actual Loops": 1, "Group By Key": ["part.p_brand", "part.p_type", "part.p_size"], "Plans": [{"Node Type": "Sort", "Parent Relationship": "Outer", "Startup Cost": 759335.1, "Total Cost": 761471.63, "Plan Rows": 854611, "Plan Width": 44, "Actual Startup Time": 13116.037, "Actual Total Time": 13417.21, "Actual Rows": 1188666, "Actual Loops": 1, "Sort Key": ["part.p_brand", "part.p_type", "part.p_size"], "Sort Method": "quicksort", "Sort Space Used": 233373, "Sort Space Type": "Memory", "Plans": [{"Node Type": "Merge Join", "Parent Relationship": "Outer", "Join Type": "Anti", "Startup Cost": 670861.53, "Total Cost": 675134.94, "Plan Rows": 854611, "Plan Width": 44, "Actual Startup Time": 7608.099, "Actual Total Time": 8127.29, "Actual Rows": 1188666, "Actual Loops": 1, "Inner Unique": false, "Merge Cond": "(partsupp.ps_suppkey = supplier.s_suppkey)", "Plans": [{"Node Type": "Sort", "Parent Relationship": "Outer", "Startup Cost": 667328.37, "Total Cost": 669464.93, "Plan Rows": 854625, "Plan Width": 44, "Actual Startup Time": 7555.798, "Actual Total Time": 7760.272, "Actual Rows": 1189344, "Actual Loops": 1, "Sort Key": ["partsupp.ps_suppkey"], "Sort Method": "quicksort", "Sort Space Used": 233478, "Sort Space Type": "Memory", "Plans": [{"Node Type": "Merge Join", "Parent Relationship": "Outer", "Join Type": "Inner", "Startup Cost": 118835.95, "Total Cost": 583126.73, "Plan Rows": 854625, "Plan Width": 44, "Actual Startup Time": 1266.311, "Actual Total Time": 7034.181, "Actual Rows": 1189344, "Actual Loops": 1, "Inner Unique": true, "Merge Cond": "(partsupp.ps_partkey = part.p_partkey)", "Plans": [{"Node Type": "Index Scan", "Parent Relationship": "Outer", "Scan Direction": "Forward", "Index Name": "idx_partsupp_partkey", "Relation Name": "partsupp", "Alias": "partsupp", "Startup Cost": 0.0, "Total Cost": 431485.03, "Plan Rows": 8000372, "Plan Width": 16, "Actual Startup Time": 0.029, "Actual Total Time": 4321.425, "Actual Rows": 7999985, "Actual Loops": 1}, {"Node Type": "Sort", "Parent Relationship": "Inner", "Startup Cost": 118828.05, "Total Cost": 119567.66, "Plan Rows": 295844, "Plan Width": 44, "Actual Startup Time": 1266.265, "Actual Total Time": 1314.669, "Actual Rows": 297336, "Actual Loops": 1, "Sort Key": ["part.p_partkey"], "Sort Method": "quicksort", "Sort Space Used": 58370, "Sort Space Type": "Memory", "Plans": [{"Node Type": "Seq Scan", "Parent Relationship": "Outer", "Relation Name": "part", "Alias": "part", "Startup Cost": 0.0, "Total Cost": 91944.0, "Plan Rows": 295844, "Plan Width": 44, "Actual Startup Time": 0.029, "Actual Total Time": 1152.847, "Actual Rows": 297336, "Actual Loops": 1, "Filter": "((p_brand <> 'Brand#34'::bpchar) AND ((p_type)::text !~~ 'LARGE BRUSHED%'::text) AND (p_size = ANY ('{48,19,12,4,41,7,21,39}'::integer[]))), (LLVM Optimized, Jit Execute)", "Rows Removed by Filter": 1702664}]}]}]}, {"Node Type": "Sort", "Parent Relationship": "Inner", "Startup Cost": 3533.17, "Total Cost": 3533.19, "Plan Rows": 10, "Plan Width": 8, "Actual Startup Time": 52.286, "Actual Total Time": 52.304, "Actual Rows": 56, "Actual Loops": 1, "Sort Key": ["supplier.s_suppkey"], "Sort Method": "quicksort", "Sort Space Used": 28, "Sort Space Type": "Memory", "Plans": [{"Node Type": "Seq Scan", "Parent Relationship": "Outer", "Relation Name": "supplier", "Alias": "supplier", "Startup Cost": 0.0, "Total Cost": 3533.0, "Plan Rows": 10, "Plan Width": 8, "Actual Startup Time": 0.263, "Actual Total Time": 52.196, "Actual Rows": 56, "Actual Loops": 1, "Filter": "((s_comment)::text ~~ '%Customer%Complaints%'::text)", "Rows Removed by Filter": 99944}]}]}]}]}]}, "Triggers": [], "Planner Runtime": 1.118, "Total Runtime": 14125.229, "Unique SQL Id": 1437012347}}, "(1, 21)": {"explain_plan": {"Plan": {"Node Type": "Sort", "Startup Cost": 782835.0, "Total Cost": 782904.34, "Plan Rows": 27736, "Plan Width": 52, "Sort Key": ["(count(DISTINCT partsupp.ps_suppkey)) DESC", "part.p_brand", "part.p_type", "part.p_size"], "Plans": [{"Node Type": "Aggregate", "Strategy": "Sorted", "Parent Relationship": "Outer", "Startup Cost": 769828.16, "Total Cost": 780788.16, "Plan Rows": 27736, "Plan Width": 52, "Group By Key": ["part.p_brand", "part.p_type", "part.p_size"], "Plans": [{"Node Type": "Sort", "Parent Relationship": "Outer", "Startup Cost": 769828.16, "Total Cost": 771964.69, "Plan Rows": 854611, "Plan Width": 44, "Sort Key": ["part.p_brand", "part.p_type", "part.p_size"], "Plans": [{"Node Type": "Merge Join", "Parent Relationship": "Outer", "Join Type": "Anti", "Startup Cost": 675770.05, "Total Cost": 685628.01, "Plan Rows": 854611, "Plan Width": 44, "Inner Unique": false, "Merge Cond": "(partsupp.ps_suppkey = supplier.s_suppkey)", "Plans": [{"Node Type": "Sort", "Parent Relationship": "Outer", "Startup Cost": 675770.05, "Total Cost": 677906.61, "Plan Rows": 854625, "Plan Width": 44, "Sort Key": ["partsupp.ps_suppkey"], "Plans": [{"Node Type": "Merge Join", "Parent Relationship": "Outer", "Join Type": "Inner", "Startup Cost": 7.9, "Total Cost": 591568.41, "Plan Rows": 854625, "Plan Width": 44, "Inner Unique": false, "Merge Cond": "(part.p_partkey = partsupp.ps_partkey)", "Plans": [{"Node Type": "Index Scan", "Parent Relationship": "Outer", "Scan Direction": "Forward", "Index Name": "part_kpey", "Relation Name": "part", "Alias": "part", "Startup Cost": 0.0, "Total Cost": 130803.25, "Plan Rows": 295844, "Plan Width": 44, "Filter": "((p_brand <> 'Brand#34'::bpchar) AND ((p_type)::text !~~ 'LARGE BRUSHED%'::text) AND (p_size = ANY ('{48,19,12,4,41,7,21,39}'::integer[]))), (LLVM Optimized)"}, {"Node Type": "Index Scan", "Parent Relationship": "Inner", "Scan Direction": "Forward", "Index Name": "idx_partsupp_partkey", "Relation Name": "partsupp", "Alias": "partsupp", "Startup Cost": 0.0, "Total Cost": 431485.03, "Plan Rows": 8000372, "Plan Width": 16}]}]}, {"Node Type": "Materialize", "Parent Relationship": "Inner", "Startup Cost": 0.0, "Total Cost": 5584.57, "Plan Rows": 10, "Plan Width": 8, "Plans": [{"Node Type": "Index Scan", "Parent Relationship": "Outer", "Scan Direction": "Forward", "Index Name": "supplier_pkey", "Relation Name": "supplier", "Alias": "supplier", "Startup Cost": 0.0, "Total Cost": 5584.54, "Plan Rows": 10, "Plan Width": 8, "Filter": "((s_comment)::text ~~ '%Customer%Complaints%'::text)"}]}]}]}]}]}, "Unique SQL Id": 1437012347}, "explain_analyze_plan": {"Plan": {"Node Type": "Sort", "Startup Cost": 782835.0, "Total Cost": 782904.34, "Plan Rows": 27736, "Plan Width": 52, "Actual Startup Time": 15130.385, "Actual Total Time": 15133.279, "Actual Rows": 27838, "Actual Loops": 1, "Sort Key": ["(count(DISTINCT partsupp.ps_suppkey)) DESC", "part.p_brand", "part.p_type", "part.p_size"], "Sort Method": "quicksort", "Sort Space Used": 5082, "Sort Space Type": "Memory", "Plans": [{"Node Type": "Aggregate", "Strategy": "Sorted", "Parent Relationship": "Outer", "Startup Cost": 769828.16, "Total Cost": 780788.16, "Plan Rows": 27736, "Plan Width": 52, "Actual Startup Time": 14211.128, "Actual Total Time": 15036.99, "Actual Rows": 27838, "Actual Loops": 1, "Group By Key": ["part.p_brand", "part.p_type", "part.p_size"], "Plans": [{"Node Type": "Sort", "Parent Relationship": "Outer", "Startup Cost": 769828.16, "Total Cost": 771964.69, "Plan Rows": 854611, "Plan Width": 44, "Actual Startup Time": 14211.026, "Actual Total Time": 14438.864, "Actual Rows": 1188666, "Actual Loops": 1, "Sort Key": ["part.p_brand", "part.p_type", "part.p_size"], "Sort Method": "quicksort", "Sort Space Used": 233373, "Sort Space Type": "Memory", "Plans": [{"Node Type": "Merge Join", "Parent Relationship": "Outer", "Join Type": "Anti", "Startup Cost": 675770.05, "Total Cost": 685628.01, "Plan Rows": 854611, "Plan Width": 44, "Actual Startup Time": 8454.784, "Actual Total Time": 9052.022, "Actual Rows": 1188666, "Actual Loops": 1, "Inner Unique": false, "Merge Cond": "(partsupp.ps_suppkey = supplier.s_suppkey)", "Plans": [{"Node Type": "Sort", "Parent Relationship": "Outer", "Startup Cost": 675770.05, "Total Cost": 677906.61, "Plan Rows": 854625, "Plan Width": 44, "Actual Startup Time": 8454.398, "Actual Total Time": 8655.518, "Actual Rows": 1189344, "Actual Loops": 1, "Sort Key": ["partsupp.ps_suppkey"], "Sort Method": "quicksort", "Sort Space Used": 233478, "Sort Space Type": "Memory", "Plans": [{"Node Type": "Merge Join", "Parent Relationship": "Outer", "Join Type": "Inner", "Startup Cost": 7.9, "Total Cost": 591568.41, "Plan Rows": 854625, "Plan Width": 44, "Actual Startup Time": 0.075, "Actual Total Time": 7926.73, "Actual Rows": 1189344, "Actual Loops": 1, "Inner Unique": false, "Merge Cond": "(part.p_partkey = partsupp.ps_partkey)", "Plans": [{"Node Type": "Index Scan", "Parent Relationship": "Outer", "Scan Direction": "Forward", "Index Name": "part_kpey", "Relation Name": "part", "Alias": "part", "Startup Cost": 0.0, "Total Cost": 130803.25, "Plan Rows": 295844, "Plan Width": 44, "Actual Startup Time": 0.047, "Actual Total Time": 1726.009, "Actual Rows": 297336, "Actual Loops": 1, "Filter": "((p_brand <> 'Brand#34'::bpchar) AND ((p_type)::text !~~ 'LARGE BRUSHED%'::text) AND (p_size = ANY ('{48,19,12,4,41,7,21,39}'::integer[]))), (LLVM Optimized, Jit Execute)", "Rows Removed by Filter": 1702664}, {"Node Type": "Index Scan", "Parent Relationship": "Inner", "Scan Direction": "Forward", "Index Name": "idx_partsupp_partkey", "Relation Name": "partsupp", "Alias": "partsupp", "Startup Cost": 0.0, "Total Cost": 431485.03, "Plan Rows": 8000372, "Plan Width": 16, "Actual Startup Time": 0.02, "Actual Total Time": 4722.053, "Actual Rows": 7999985, "Actual Loops": 1}]}]}, {"Node Type": "Materialize", "Parent Relationship": "Inner", "Startup Cost": 0.0, "Total Cost": 5584.57, "Plan Rows": 10, "Plan Width": 8, "Actual Startup Time": 0.374, "Actual Total Time": 77.141, "Actual Rows": 56, "Actual Loops": 1, "Plans": [{"Node Type": "Index Scan", "Parent Relationship": "Outer", "Scan Direction": "Forward", "Index Name": "supplier_pkey", "Relation Name": "supplier", "Alias": "supplier", "Startup Cost": 0.0, "Total Cost": 5584.54, "Plan Rows": 10, "Plan Width": 8, "Actual Startup Time": 0.371, "Actual Total Time": 77.105, "Actual Rows": 56, "Actual Loops": 1, "Filter": "((s_comment)::text ~~ '%Customer%Complaints%'::text)", "Rows Removed by Filter": 99944}]}]}]}]}]}, "Triggers": [], "Planner Runtime": 1.109, "Total Runtime": 15145.68, "Unique SQL Id": 1437012347}}, "(1, 22)": {"explain_plan": {"Plan": {"Node Type": "Sort", "Startup Cost": 1545365.8, "Total Cost": 1545435.14, "Plan Rows": 27736, "Plan Width": 52, "Sort Key": ["(count(DISTINCT partsupp.ps_suppkey)) DESC", "part.p_brand", "part.p_type", "part.p_size"], "Plans": [{"Node Type": "Aggregate", "Strategy": "Sorted", "Parent Relationship": "Outer", "Startup Cost": 1532358.96, "Total Cost": 1543318.96, "Plan Rows": 27736, "Plan Width": 52, "Group By Key": ["part.p_brand", "part.p_type", "part.p_size"], "Plans": [{"Node Type": "Sort", "Parent Relationship": "Outer", "Startup Cost": 1532358.96, "Total Cost": 1534495.49, "Plan Rows": 854611, "Plan Width": 44, "Sort Key": ["part.p_brand", "part.p_type", "part.p_size"], "Plans": [{"Node Type": "Merge Join", "Parent Relationship": "Outer", "Join Type": "Anti", "Startup Cost": 1443885.39, "Total Cost": 1448158.8, "Plan Rows": 854611, "Plan Width": 44, "Inner Unique": false, "Merge Cond": "(partsupp.ps_suppkey = supplier.s_suppkey)", "Plans": [{"Node Type": "Sort", "Parent Relationship": "Outer", "Startup Cost": 1440352.23, "Total Cost": 1442488.79, "Plan Rows": 854625, "Plan Width": 44, "Sort Key": ["partsupp.ps_suppkey"], "Plans": [{"Node Type": "Merge Join", "Parent Relationship": "Outer", "Join Type": "Inner", "Startup Cost": 1306124.55, "Total Cost": 1356150.59, "Plan Rows": 854625, "Plan Width": 44, "Inner Unique": false, "Merge Cond": "(part.p_partkey = partsupp.ps_partkey)", "Plans": [{"Node Type": "Sort", "Parent Relationship": "Outer", "Startup Cost": 118828.05, "Total Cost": 119567.66, "Plan Rows": 295844, "Plan Width": 44, "Sort Key": ["part.p_partkey"], "Plans": [{"Node Type": "Seq Scan", "Parent Relationship": "Outer", "Relation Name": "part", "Alias": "part", "Startup Cost": 0.0, "Total Cost": 91944.0, "Plan Rows": 295844, "Plan Width": 44, "Filter": "((p_brand <> 'Brand#34'::bpchar) AND ((p_type)::text !~~ 'LARGE BRUSHED%'::text) AND (p_size = ANY ('{48,19,12,4,41,7,21,39}'::integer[]))), (LLVM Optimized)"}]}, {"Node Type": "Sort", "Parent Relationship": "Inner", "Startup Cost": 1187295.8, "Total Cost": 1207296.73, "Plan Rows": 8000372, "Plan Width": 16, "Sort Key": ["partsupp.ps_partkey"], "Plans": [{"Node Type": "Seq Scan", "Parent Relationship": "Outer", "Relation Name": "partsupp", "Alias": "partsupp", "Startup Cost": 0.0, "Total Cost": 269987.72, "Plan Rows": 8000372, "Plan Width": 16}]}]}]}, {"Node Type": "Sort", "Parent Relationship": "Inner", "Startup Cost": 3533.17, "Total Cost": 3533.19, "Plan Rows": 10, "Plan Width": 8, "Sort Key": ["supplier.s_suppkey"], "Plans": [{"Node Type": "Seq Scan", "Parent Relationship": "Outer", "Relation Name": "supplier", "Alias": "supplier", "Startup Cost": 0.0, "Total Cost": 3533.0, "Plan Rows": 10, "Plan Width": 8, "Filter": "((s_comment)::text ~~ '%Customer%Complaints%'::text)"}]}]}]}]}]}, "Unique SQL Id": 1437012347}, "explain_analyze_plan": {"Plan": {"Node Type": "Sort", "Startup Cost": 1545365.8, "Total Cost": 1545435.14, "Plan Rows": 27736, "Plan Width": 52, "Actual Startup Time": 16613.189, "Actual Total Time": 16616.083, "Actual Rows": 27838, "Actual Loops": 1, "Sort Key": ["(count(DISTINCT partsupp.ps_suppkey)) DESC", "part.p_brand", "part.p_type", "part.p_size"], "Sort Method": "quicksort", "Sort Space Used": 5082, "Sort Space Type": "Memory", "Plans": [{"Node Type": "Aggregate", "Strategy": "Sorted", "Parent Relationship": "Outer", "Startup Cost": 1532358.96, "Total Cost": 1543318.96, "Plan Rows": 27736, "Plan Width": 52, "Actual Startup Time": 15699.419, "Actual Total Time": 16519.682, "Actual Rows": 27838, "Actual Loops": 1, "Group By Key": ["part.p_brand", "part.p_type", "part.p_size"], "Plans": [{"Node Type": "Sort", "Parent Relationship": "Outer", "Startup Cost": 1532358.96, "Total Cost": 1534495.49, "Plan Rows": 854611, "Plan Width": 44, "Actual Startup Time": 15699.201, "Actual Total Time": 15922.042, "Actual Rows": 1188666, "Actual Loops": 1, "Sort Key": ["part.p_brand", "part.p_type", "part.p_size"], "Sort Method": "quicksort", "Sort Space Used": 233373, "Sort Space Type": "Memory", "Plans": [{"Node Type": "Merge Join", "Parent Relationship": "Outer", "Join Type": "Anti", "Startup Cost": 1443885.39, "Total Cost": 1448158.8, "Plan Rows": 854611, "Plan Width": 44, "Actual Startup Time": 9861.117, "Actual Total Time": 10520.767, "Actual Rows": 1188666, "Actual Loops": 1, "Inner Unique": false, "Merge Cond": "(partsupp.ps_suppkey = supplier.s_suppkey)", "Plans": [{"Node Type": "Sort", "Parent Relationship": "Outer", "Startup Cost": 1440352.23, "Total Cost": 1442488.79, "Plan Rows": 854625, "Plan Width": 44, "Actual Startup Time": 9808.54, "Actual Total Time": 10147.13, "Actual Rows": 1189344, "Actual Loops": 1, "Sort Key": ["partsupp.ps_suppkey"], "Sort Method": "quicksort", "Sort Space Used": 233478, "Sort Space Type": "Memory", "Plans": [{"Node Type": "Merge Join", "Parent Relationship": "Outer", "Join Type": "Inner", "Startup Cost": 1306124.55, "Total Cost": 1356150.59, "Plan Rows": 854625, "Plan Width": 44, "Actual Startup Time": 6903.113, "Actual Total Time": 9320.876, "Actual Rows": 1189344, "Actual Loops": 1, "Inner Unique": false, "Merge Cond": "(part.p_partkey = partsupp.ps_partkey)", "Plans": [{"Node Type": "Sort", "Parent Relationship": "Outer", "Startup Cost": 118828.05, "Total Cost": 119567.66, "Plan Rows": 295844, "Plan Width": 44, "Actual Startup Time": 1465.983, "Actual Total Time": 1507.93, "Actual Rows": 297336, "Actual Loops": 1, "Sort Key": ["part.p_partkey"], "Sort Method": "quicksort", "Sort Space Used": 58370, "Sort Space Type": "Memory", "Plans": [{"Node Type": "Seq Scan", "Parent Relationship": "Outer", "Relation Name": "part", "Alias": "part", "Startup Cost": 0.0, "Total Cost": 91944.0, "Plan Rows": 295844, "Plan Width": 44, "Actual Startup Time": 0.035, "Actual Total Time": 1348.639, "Actual Rows": 297336, "Actual Loops": 1, "Filter": "((p_brand <> 'Brand#34'::bpchar) AND ((p_type)::text !~~ 'LARGE BRUSHED%'::text) AND (p_size = ANY ('{48,19,12,4,41,7,21,39}'::integer[]))), (LLVM Optimized, Jit Execute)", "Rows Removed by Filter": 1702664}]}, {"Node Type": "Sort", "Parent Relationship": "Inner", "Startup Cost": 1187295.8, "Total Cost": 1207296.73, "Plan Rows": 8000372, "Plan Width": 16, "Actual Startup Time": 5437.114, "Actual Total Time": 6421.114, "Actual Rows": 7999985, "Actual Loops": 1, "Sort Key": ["partsupp.ps_partkey"], "Sort Method": "quicksort", "Sort Space Used": 946609, "Sort Space Type": "Memory", "Plans": [{"Node Type": "Seq Scan", "Parent Relationship": "Outer", "Relation Name": "partsupp", "Alias": "partsupp", "Startup Cost": 0.0, "Total Cost": 269987.72, "Plan Rows": 8000372, "Plan Width": 16, "Actual Startup Time": 0.02, "Actual Total Time": 2648.399, "Actual Rows": 8000000, "Actual Loops": 1}]}]}]}, {"Node Type": "Sort", "Parent Relationship": "Inner", "Startup Cost": 3533.17, "Total Cost": 3533.19, "Plan Rows": 10, "Plan Width": 8, "Actual Startup Time": 52.563, "Actual Total Time": 52.585, "Actual Rows": 56, "Actual Loops": 1, "Sort Key": ["supplier.s_suppkey"], "Sort Method": "quicksort", "Sort Space Used": 28, "Sort Space Type": "Memory", "Plans": [{"Node Type": "Seq Scan", "Parent Relationship": "Outer", "Relation Name": "supplier", "Alias": "supplier", "Startup Cost": 0.0, "Total Cost": 3533.0, "Plan Rows": 10, "Plan Width": 8, "Actual Startup Time": 0.256, "Actual Total Time": 52.483, "Actual Rows": 56, "Actual Loops": 1, "Filter": "((s_comment)::text ~~ '%Customer%Complaints%'::text)", "Rows Removed by Filter": 99944}]}]}]}]}]}, "Triggers": [], "Planner Runtime": 1.167, "Total Runtime": 16627.736, "Unique SQL Id": 1437012347}}, "(1, 23)": {"explain_plan": {"Plan": {"Node Type": "Sort", "Startup Cost": 1000138301898.4, "Total Cost": 1000138301967.74, "Plan Rows": 27736, "Plan Width": 52, "Sort Key": ["(count(DISTINCT partsupp.ps_suppkey)) DESC", "part.p_brand", "part.p_type", "part.p_size"], "Plans": [{"Node Type": "Aggregate", "Strategy": "Sorted", "Parent Relationship": "Outer", "Startup Cost": 1000138288891.56, "Total Cost": 1000138299851.56, "Plan Rows": 27736, "Plan Width": 52, "Group By Key": ["part.p_brand", "part.p_type", "part.p_size"], "Plans": [{"Node Type": "Sort", "Parent Relationship": "Outer", "Startup Cost": 1000138288891.56, "Total Cost": 1000138291028.09, "Plan Rows": 854611, "Plan Width": 44, "Sort Key": ["part.p_brand", "part.p_type", "part.p_size"], "Plans": [{"Node Type": "Nested Loop", "Parent Relationship": "Outer", "Join Type": "Anti", "Startup Cost": 10000000000.52, "Total Cost": 1000138204691.41, "Plan Rows": 854611, "Plan Width": 44, "Inner Unique": false, "Plans": [{"Node Type": "Nested Loop", "Parent Relationship": "Outer", "Join Type": "Inner", "Startup Cost": 10000000000.26, "Total Cost": 1000134552934.61, "Plan Rows": 854625, "Plan Width": 44, "Inner Unique": true, "Plans": [{"Node Type": "Index Scan", "Parent Relationship": "Outer", "Scan Direction": "Forward", "Index Name": "idx_partsupp_suppkey", "Relation Name": "partsupp", "Alias": "partsupp", "Startup Cost": 10000000000.0, "Total Cost": 1000100160480.77, "Plan Rows": 8000372, "Plan Width": 16}, {"Node Type": "Bitmap Heap Scan", "Parent Relationship": "Inner", "Relation Name": "part", "Alias": "part", "Startup Cost": 0.26, "Total Cost": 4.29, "Plan Rows": 1, "Plan Width": 44, "Recheck Cond": "(p_partkey = partsupp.ps_partkey)", "Filter": "((p_brand <> 'Brand#34'::bpchar) AND ((p_type)::text !~~ 'LARGE BRUSHED%'::text) AND (p_size = ANY ('{48,19,12,4,41,7,21,39}'::integer[])))", "Plans": [{"Node Type": "Bitmap Index Scan", "Parent Relationship": "Outer", "Index Name": "part_kpey", "Startup Cost": 0.0, "Total Cost": 0.26, "Plan Rows": 1, "Plan Width": 0, "Index Cond": "(p_partkey = partsupp.ps_partkey)"}]}]}, {"Node Type": "Bitmap Heap Scan", "Parent Relationship": "Inner", "Relation Name": "supplier", "Alias": "supplier", "Startup Cost": 0.26, "Total Cost": 4.27, "Plan Rows": 1, "Plan Width": 8, "Recheck Cond": "(partsupp.ps_suppkey = s_suppkey)", "Filter": "((s_comment)::text ~~ '%Customer%Complaints%'::text)", "Plans": [{"Node Type": "Bitmap Index Scan", "Parent Relationship": "Outer", "Index Name": "supplier_pkey", "Startup Cost": 0.0, "Total Cost": 0.26, "Plan Rows": 1, "Plan Width": 0, "Index Cond": "(partsupp.ps_suppkey = s_suppkey)"}]}]}]}]}]}, "Unique SQL Id": 1437012347}, "explain_analyze_plan": null}, "(1, 24)": {"explain_plan": {"Plan": {"Node Type": "Sort", "Startup Cost": 538810.17, "Total Cost": 538879.51, "Plan Rows": 27736, "Plan Width": 52, "Sort Key": ["(count(DISTINCT partsupp.ps_suppkey)) DESC", "part.p_brand", "part.p_type", "part.p_size"], "Plans": [{"Node Type": "Aggregate", "Strategy": "Sorted", "Parent Relationship": "Outer", "Startup Cost": 525803.33, "Total Cost": 536763.33, "Plan Rows": 27736, "Plan Width": 52, "Group By Key": ["part.p_brand", "part.p_type", "part.p_size"], "Plans": [{"Node Type": "Sort", "Parent Relationship": "Outer", "Startup Cost": 525803.33, "Total Cost": 527939.86, "Plan Rows": 854611, "Plan Width": 44, "Sort Key": ["part.p_brand", "part.p_type", "part.p_size"], "Plans": [{"Node Type": "Merge Join", "Parent Relationship": "Outer", "Join Type": "Anti", "Startup Cost": 437329.76, "Total Cost": 441603.17, "Plan Rows": 854611, "Plan Width": 44, "Inner Unique": false, "Merge Cond": "(partsupp.ps_suppkey = supplier.s_suppkey)", "Plans": [{"Node Type": "Sort", "Parent Relationship": "Outer", "Startup Cost": 433796.6, "Total Cost": 435933.16, "Plan Rows": 854625, "Plan Width": 44, "Sort Key": ["partsupp.ps_suppkey"], "Plans": [{"Node Type": "Nested Loop", "Parent Relationship": "Outer", "Join Type": "Inner", "Startup Cost": 0.0, "Total Cost": 349594.96, "Plan Rows": 854625, "Plan Width": 44, "Inner Unique": false, "Plans": [{"Node Type": "Seq Scan", "Parent Relationship": "Outer", "Relation Name": "part", "Alias": "part", "Startup Cost": 0.0, "Total Cost": 91944.0, "Plan Rows": 295844, "Plan Width": 44, "Filter": "((p_brand <> 'Brand#34'::bpchar) AND ((p_type)::text !~~ 'LARGE BRUSHED%'::text) AND (p_size = ANY ('{48,19,12,4,41,7,21,39}'::integer[]))), (LLVM Optimized)"}, {"Node Type": "Index Only Scan", "Parent Relationship": "Inner", "Scan Direction": "Forward", "Index Name": "partsupp_pkey", "Relation Name": "partsupp", "Alias": "partsupp", "Startup Cost": 0.0, "Total Cost": 0.84, "Plan Rows": 3, "Plan Width": 16, "Index Cond": "(ps_partkey = part.p_partkey)"}]}]}, {"Node Type": "Sort", "Parent Relationship": "Inner", "Startup Cost": 3533.17, "Total Cost": 3533.19, "Plan Rows": 10, "Plan Width": 8, "Sort Key": ["supplier.s_suppkey"], "Plans": [{"Node Type": "Seq Scan", "Parent Relationship": "Outer", "Relation Name": "supplier", "Alias": "supplier", "Startup Cost": 0.0, "Total Cost": 3533.0, "Plan Rows": 10, "Plan Width": 8, "Filter": "((s_comment)::text ~~ '%Customer%Complaints%'::text)"}]}]}]}]}]}, "Unique SQL Id": 1437012347}, "explain_analyze_plan": {"Plan": {"Node Type": "Sort", "Startup Cost": 538810.17, "Total Cost": 538879.51, "Plan Rows": 27736, "Plan Width": 52, "Actual Startup Time": 9808.726, "Actual Total Time": 9811.644, "Actual Rows": 27838, "Actual Loops": 1, "Sort Key": ["(count(DISTINCT partsupp.ps_suppkey)) DESC", "part.p_brand", "part.p_type", "part.p_size"], "Sort Method": "quicksort", "Sort Space Used": 5082, "Sort Space Type": "Memory", "Plans": [{"Node Type": "Aggregate", "Strategy": "Sorted", "Parent Relationship": "Outer", "Startup Cost": 525803.33, "Total Cost": 536763.33, "Plan Rows": 27736, "Plan Width": 52, "Actual Startup Time": 8712.223, "Actual Total Time": 9711.732, "Actual Rows": 27838, "Actual Loops": 1, "Group By Key": ["part.p_brand", "part.p_type", "part.p_size"], "Plans": [{"Node Type": "Sort", "Parent Relationship": "Outer", "Startup Cost": 525803.33, "Total Cost": 527939.86, "Plan Rows": 854611, "Plan Width": 44, "Actual Startup Time": 8712.14, "Actual Total Time": 9111.556, "Actual Rows": 1188666, "Actual Loops": 1, "Sort Key": ["part.p_brand", "part.p_type", "part.p_size"], "Sort Method": "quicksort", "Sort Space Used": 233373, "Sort Space Type": "Memory", "Plans": [{"Node Type": "Merge Join", "Parent Relationship": "Outer", "Join Type": "Anti", "Startup Cost": 437329.76, "Total Cost": 441603.17, "Plan Rows": 854611, "Plan Width": 44, "Actual Startup Time": 3237.241, "Actual Total Time": 3857.933, "Actual Rows": 1188666, "Actual Loops": 1, "Inner Unique": false, "Merge Cond": "(partsupp.ps_suppkey = supplier.s_suppkey)", "Plans": [{"Node Type": "Sort", "Parent Relationship": "Outer", "Startup Cost": 433796.6, "Total Cost": 435933.16, "Plan Rows": 854625, "Plan Width": 44, "Actual Startup Time": 3181.142, "Actual Total Time": 3486.523, "Actual Rows": 1189344, "Actual Loops": 1, "Sort Key": ["partsupp.ps_suppkey"], "Sort Method": "quicksort", "Sort Space Used": 233478, "Sort Space Type": "Memory", "Plans": [{"Node Type": "Nested Loop", "Parent Relationship": "Outer", "Join Type": "Inner", "Startup Cost": 0.0, "Total Cost": 349594.96, "Plan Rows": 854625, "Plan Width": 44, "Actual Startup Time": 0.058, "Actual Total Time": 2670.229, "Actual Rows": 1189344, "Actual Loops": 1, "Inner Unique": false, "Plans": [{"Node Type": "Seq Scan", "Parent Relationship": "Outer", "Relation Name": "part", "Alias": "part", "Startup Cost": 0.0, "Total Cost": 91944.0, "Plan Rows": 295844, "Plan Width": 44, "Actual Startup Time": 0.035, "Actual Total Time": 1183.494, "Actual Rows": 297336, "Actual Loops": 1, "Filter": "((p_brand <> 'Brand#34'::bpchar) AND ((p_type)::text !~~ 'LARGE BRUSHED%'::text) AND (p_size = ANY ('{48,19,12,4,41,7,21,39}'::integer[]))), (LLVM Optimized, Jit Execute)", "Rows Removed by Filter": 1702664}, {"Node Type": "Index Only Scan", "Parent Relationship": "Inner", "Scan Direction": "Forward", "Index Name": "partsupp_pkey", "Relation Name": "partsupp", "Alias": "partsupp", "Startup Cost": 0.0, "Total Cost": 0.84, "Plan Rows": 3, "Plan Width": 16, "Actual Startup Time": 862.108, "Actual Total Time": 1075.711, "Actual Rows": 1189344, "Actual Loops": 297336, "Index Cond": "(ps_partkey = part.p_partkey)", "Rows Removed by Index Recheck": 0, "Heap Fetches": 0}]}]}, {"Node Type": "Sort", "Parent Relationship": "Inner", "Startup Cost": 3533.17, "Total Cost": 3533.19, "Plan Rows": 10, "Plan Width": 8, "Actual Startup Time": 56.087, "Actual Total Time": 56.101, "Actual Rows": 56, "Actual Loops": 1, "Sort Key": ["supplier.s_suppkey"], "Sort Method": "quicksort", "Sort Space Used": 28, "Sort Space Type": "Memory", "Plans": [{"Node Type": "Seq Scan", "Parent Relationship": "Outer", "Relation Name": "supplier", "Alias": "supplier", "Startup Cost": 0.0, "Total Cost": 3533.0, "Plan Rows": 10, "Plan Width": 8, "Actual Startup Time": 0.298, "Actual Total Time": 55.929, "Actual Rows": 56, "Actual Loops": 1, "Filter": "((s_comment)::text ~~ '%Customer%Complaints%'::text)", "Rows Removed by Filter": 99944}]}]}]}]}]}, "Triggers": [], "Planner Runtime": 1.207, "Total Runtime": 9823.385, "Unique SQL Id": 1437012347}}, "(1, 25)": {"explain_plan": {"Plan": {"Node Type": "Sort", "Startup Cost": 579720.8, "Total Cost": 579790.14, "Plan Rows": 27736, "Plan Width": 52, "Sort Key": ["(count(DISTINCT partsupp.ps_suppkey)) DESC", "part.p_brand", "part.p_type", "part.p_size"], "Plans": [{"Node Type": "Aggregate", "Strategy": "Sorted", "Parent Relationship": "Outer", "Startup Cost": 566713.96, "Total Cost": 577673.96, "Plan Rows": 27736, "Plan Width": 52, "Group By Key": ["part.p_brand", "part.p_type", "part.p_size"], "Plans": [{"Node Type": "Sort", "Parent Relationship": "Outer", "Startup Cost": 566713.96, "Total Cost": 568850.49, "Plan Rows": 854611, "Plan Width": 44, "Sort Key": ["part.p_brand", "part.p_type", "part.p_size"], "Plans": [{"Node Type": "Merge Join", "Parent Relationship": "Outer", "Join Type": "Anti", "Startup Cost": 472655.85, "Total Cost": 482513.8, "Plan Rows": 854611, "Plan Width": 44, "Inner Unique": false, "Merge Cond": "(partsupp.ps_suppkey = supplier.s_suppkey)", "Plans": [{"Node Type": "Sort", "Parent Relationship": "Outer", "Startup Cost": 472655.85, "Total Cost": 474792.41, "Plan Rows": 854625, "Plan Width": 44, "Sort Key": ["partsupp.ps_suppkey"], "Plans": [{"Node Type": "Nested Loop", "Parent Relationship": "Outer", "Join Type": "Inner", "Startup Cost": 0.0, "Total Cost": 388454.21, "Plan Rows": 854625, "Plan Width": 44, "Inner Unique": false, "Plans": [{"Node Type": "Index Scan", "Parent Relationship": "Outer", "Scan Direction": "Forward", "Index Name": "part_kpey", "Relation Name": "part", "Alias": "part", "Startup Cost": 0.0, "Total Cost": 130803.25, "Plan Rows": 295844, "Plan Width": 44, "Filter": "((p_brand <> 'Brand#34'::bpchar) AND ((p_type)::text !~~ 'LARGE BRUSHED%'::text) AND (p_size = ANY ('{48,19,12,4,41,7,21,39}'::integer[]))), (LLVM Optimized)"}, {"Node Type": "Index Only Scan", "Parent Relationship": "Inner", "Scan Direction": "Forward", "Index Name": "partsupp_pkey", "Relation Name": "partsupp", "Alias": "partsupp", "Startup Cost": 0.0, "Total Cost": 0.84, "Plan Rows": 3, "Plan Width": 16, "Index Cond": "(ps_partkey = part.p_partkey)"}]}]}, {"Node Type": "Materialize", "Parent Relationship": "Inner", "Startup Cost": 0.0, "Total Cost": 5584.57, "Plan Rows": 10, "Plan Width": 8, "Plans": [{"Node Type": "Index Scan", "Parent Relationship": "Outer", "Scan Direction": "Forward", "Index Name": "supplier_pkey", "Relation Name": "supplier", "Alias": "supplier", "Startup Cost": 0.0, "Total Cost": 5584.54, "Plan Rows": 10, "Plan Width": 8, "Filter": "((s_comment)::text ~~ '%Customer%Complaints%'::text)"}]}]}]}]}]}, "Unique SQL Id": 1437012347}, "explain_analyze_plan": {"Plan": {"Node Type": "Sort", "Startup Cost": 579720.8, "Total Cost": 579790.14, "Plan Rows": 27736, "Plan Width": 52, "Actual Startup Time": 10124.492, "Actual Total Time": 10127.4, "Actual Rows": 27838, "Actual Loops": 1, "Sort Key": ["(count(DISTINCT partsupp.ps_suppkey)) DESC", "part.p_brand", "part.p_type", "part.p_size"], "Sort Method": "quicksort", "Sort Space Used": 5082, "Sort Space Type": "Memory", "Plans": [{"Node Type": "Aggregate", "Strategy": "Sorted", "Parent Relationship": "Outer", "Startup Cost": 566713.96, "Total Cost": 577673.96, "Plan Rows": 27736, "Plan Width": 52, "Actual Startup Time": 9212.765, "Actual Total Time": 10031.455, "Actual Rows": 27838, "Actual Loops": 1, "Group By Key": ["part.p_brand", "part.p_type", "part.p_size"], "Plans": [{"Node Type": "Sort", "Parent Relationship": "Outer", "Startup Cost": 566713.96, "Total Cost": 568850.49, "Plan Rows": 854611, "Plan Width": 44, "Actual Startup Time": 9212.663, "Actual Total Time": 9434.446, "Actual Rows": 1188666, "Actual Loops": 1, "Sort Key": ["part.p_brand", "part.p_type", "part.p_size"], "Sort Method": "quicksort", "Sort Space Used": 233373, "Sort Space Type": "Memory", "Plans": [{"Node Type": "Merge Join", "Parent Relationship": "Outer", "Join Type": "Anti", "Startup Cost": 472655.85, "Total Cost": 482513.8, "Plan Rows": 854611, "Plan Width": 44, "Actual Startup Time": 3974.217, "Actual Total Time": 4566.554, "Actual Rows": 1188666, "Actual Loops": 1, "Inner Unique": false, "Merge Cond": "(partsupp.ps_suppkey = supplier.s_suppkey)", "Plans": [{"Node Type": "Sort", "Parent Relationship": "Outer", "Startup Cost": 472655.85, "Total Cost": 474792.41, "Plan Rows": 854625, "Plan Width": 44, "Actual Startup Time": 3973.83, "Actual Total Time": 4173.815, "Actual Rows": 1189344, "Actual Loops": 1, "Sort Key": ["partsupp.ps_suppkey"], "Sort Method": "quicksort", "Sort Space Used": 233478, "Sort Space Type": "Memory", "Plans": [{"Node Type": "Nested Loop", "Parent Relationship": "Outer", "Join Type": "Inner", "Startup Cost": 0.0, "Total Cost": 388454.21, "Plan Rows": 854625, "Plan Width": 44, "Actual Startup Time": 0.065, "Actual Total Time": 3468.37, "Actual Rows": 1189344, "Actual Loops": 1, "Inner Unique": false, "Plans": [{"Node Type": "Index Scan", "Parent Relationship": "Outer", "Scan Direction": "Forward", "Index Name": "part_kpey", "Relation Name": "part", "Alias": "part", "Startup Cost": 0.0, "Total Cost": 130803.25, "Plan Rows": 295844, "Plan Width": 44, "Actual Startup Time": 0.046, "Actual Total Time": 1970.226, "Actual Rows": 297336, "Actual Loops": 1, "Filter": "((p_brand <> 'Brand#34'::bpchar) AND ((p_type)::text !~~ 'LARGE BRUSHED%'::text) AND (p_size = ANY ('{48,19,12,4,41,7,21,39}'::integer[]))), (LLVM Optimized, Jit Execute)", "Rows Removed by Filter": 1702664}, {"Node Type": "Index Only Scan", "Parent Relationship": "Inner", "Scan Direction": "Forward", "Index Name": "partsupp_pkey", "Relation Name": "partsupp", "Alias": "partsupp", "Startup Cost": 0.0, "Total Cost": 0.84, "Plan Rows": 3, "Plan Width": 16, "Actual Startup Time": 872.97, "Actual Total Time": 1090.023, "Actual Rows": 1189344, "Actual Loops": 297336, "Index Cond": "(ps_partkey = part.p_partkey)", "Rows Removed by Index Recheck": 0, "Heap Fetches": 0}]}]}, {"Node Type": "Materialize", "Parent Relationship": "Inner", "Startup Cost": 0.0, "Total Cost": 5584.57, "Plan Rows": 10, "Plan Width": 8, "Actual Startup Time": 0.375, "Actual Total Time": 77.548, "Actual Rows": 56, "Actual Loops": 1, "Plans": [{"Node Type": "Index Scan", "Parent Relationship": "Outer", "Scan Direction": "Forward", "Index Name": "supplier_pkey", "Relation Name": "supplier", "Alias": "supplier", "Startup Cost": 0.0, "Total Cost": 5584.54, "Plan Rows": 10, "Plan Width": 8, "Actual Startup Time": 0.372, "Actual Total Time": 77.516, "Actual Rows": 56, "Actual Loops": 1, "Filter": "((s_comment)::text ~~ '%Customer%Complaints%'::text)", "Rows Removed by Filter": 99944}]}]}]}]}]}, "Triggers": [], "Planner Runtime": 1.221, "Total Runtime": 10139.135, "Unique SQL Id": 1437012347}}, "(1, 26)": {"explain_plan": {"Plan": {"Node Type": "Sort", "Startup Cost": 1545365.8, "Total Cost": 1545435.14, "Plan Rows": 27736, "Plan Width": 52, "Sort Key": ["(count(DISTINCT partsupp.ps_suppkey)) DESC", "part.p_brand", "part.p_type", "part.p_size"], "Plans": [{"Node Type": "Aggregate", "Strategy": "Sorted", "Parent Relationship": "Outer", "Startup Cost": 1532358.96, "Total Cost": 1543318.96, "Plan Rows": 27736, "Plan Width": 52, "Group By Key": ["part.p_brand", "part.p_type", "part.p_size"], "Plans": [{"Node Type": "Sort", "Parent Relationship": "Outer", "Startup Cost": 1532358.96, "Total Cost": 1534495.49, "Plan Rows": 854611, "Plan Width": 44, "Sort Key": ["part.p_brand", "part.p_type", "part.p_size"], "Plans": [{"Node Type": "Merge Join", "Parent Relationship": "Outer", "Join Type": "Anti", "Startup Cost": 1443885.39, "Total Cost": 1448158.8, "Plan Rows": 854611, "Plan Width": 44, "Inner Unique": false, "Merge Cond": "(partsupp.ps_suppkey = supplier.s_suppkey)", "Plans": [{"Node Type": "Sort", "Parent Relationship": "Outer", "Startup Cost": 1440352.23, "Total Cost": 1442488.79, "Plan Rows": 854625, "Plan Width": 44, "Sort Key": ["partsupp.ps_suppkey"], "Plans": [{"Node Type": "Merge Join", "Parent Relationship": "Outer", "Join Type": "Inner", "Startup Cost": 1306124.55, "Total Cost": 1356150.59, "Plan Rows": 854625, "Plan Width": 44, "Inner Unique": false, "Merge Cond": "(part.p_partkey = partsupp.ps_partkey)", "Plans": [{"Node Type": "Sort", "Parent Relationship": "Outer", "Startup Cost": 118828.05, "Total Cost": 119567.66, "Plan Rows": 295844, "Plan Width": 44, "Sort Key": ["part.p_partkey"], "Plans": [{"Node Type": "Seq Scan", "Parent Relationship": "Outer", "Relation Name": "part", "Alias": "part", "Startup Cost": 0.0, "Total Cost": 91944.0, "Plan Rows": 295844, "Plan Width": 44, "Filter": "((p_brand <> 'Brand#34'::bpchar) AND ((p_type)::text !~~ 'LARGE BRUSHED%'::text) AND (p_size = ANY ('{48,19,12,4,41,7,21,39}'::integer[]))), (LLVM Optimized)"}]}, {"Node Type": "Sort", "Parent Relationship": "Inner", "Startup Cost": 1187295.8, "Total Cost": 1207296.73, "Plan Rows": 8000372, "Plan Width": 16, "Sort Key": ["partsupp.ps_partkey"], "Plans": [{"Node Type": "Seq Scan", "Parent Relationship": "Outer", "Relation Name": "partsupp", "Alias": "partsupp", "Startup Cost": 0.0, "Total Cost": 269987.72, "Plan Rows": 8000372, "Plan Width": 16}]}]}]}, {"Node Type": "Sort", "Parent Relationship": "Inner", "Startup Cost": 3533.17, "Total Cost": 3533.19, "Plan Rows": 10, "Plan Width": 8, "Sort Key": ["supplier.s_suppkey"], "Plans": [{"Node Type": "Seq Scan", "Parent Relationship": "Outer", "Relation Name": "supplier", "Alias": "supplier", "Startup Cost": 0.0, "Total Cost": 3533.0, "Plan Rows": 10, "Plan Width": 8, "Filter": "((s_comment)::text ~~ '%Customer%Complaints%'::text)"}]}]}]}]}]}, "Unique SQL Id": 1437012347}, "explain_analyze_plan": {"Plan": {"Node Type": "Sort", "Startup Cost": 1545365.8, "Total Cost": 1545435.14, "Plan Rows": 27736, "Plan Width": 52, "Actual Startup Time": 16613.189, "Actual Total Time": 16616.083, "Actual Rows": 27838, "Actual Loops": 1, "Sort Key": ["(count(DISTINCT partsupp.ps_suppkey)) DESC", "part.p_brand", "part.p_type", "part.p_size"], "Sort Method": "quicksort", "Sort Space Used": 5082, "Sort Space Type": "Memory", "Plans": [{"Node Type": "Aggregate", "Strategy": "Sorted", "Parent Relationship": "Outer", "Startup Cost": 1532358.96, "Total Cost": 1543318.96, "Plan Rows": 27736, "Plan Width": 52, "Actual Startup Time": 15699.419, "Actual Total Time": 16519.682, "Actual Rows": 27838, "Actual Loops": 1, "Group By Key": ["part.p_brand", "part.p_type", "part.p_size"], "Plans": [{"Node Type": "Sort", "Parent Relationship": "Outer", "Startup Cost": 1532358.96, "Total Cost": 1534495.49, "Plan Rows": 854611, "Plan Width": 44, "Actual Startup Time": 15699.201, "Actual Total Time": 15922.042, "Actual Rows": 1188666, "Actual Loops": 1, "Sort Key": ["part.p_brand", "part.p_type", "part.p_size"], "Sort Method": "quicksort", "Sort Space Used": 233373, "Sort Space Type": "Memory", "Plans": [{"Node Type": "Merge Join", "Parent Relationship": "Outer", "Join Type": "Anti", "Startup Cost": 1443885.39, "Total Cost": 1448158.8, "Plan Rows": 854611, "Plan Width": 44, "Actual Startup Time": 9861.117, "Actual Total Time": 10520.767, "Actual Rows": 1188666, "Actual Loops": 1, "Inner Unique": false, "Merge Cond": "(partsupp.ps_suppkey = supplier.s_suppkey)", "Plans": [{"Node Type": "Sort", "Parent Relationship": "Outer", "Startup Cost": 1440352.23, "Total Cost": 1442488.79, "Plan Rows": 854625, "Plan Width": 44, "Actual Startup Time": 9808.54, "Actual Total Time": 10147.13, "Actual Rows": 1189344, "Actual Loops": 1, "Sort Key": ["partsupp.ps_suppkey"], "Sort Method": "quicksort", "Sort Space Used": 233478, "Sort Space Type": "Memory", "Plans": [{"Node Type": "Merge Join", "Parent Relationship": "Outer", "Join Type": "Inner", "Startup Cost": 1306124.55, "Total Cost": 1356150.59, "Plan Rows": 854625, "Plan Width": 44, "Actual Startup Time": 6903.113, "Actual Total Time": 9320.876, "Actual Rows": 1189344, "Actual Loops": 1, "Inner Unique": false, "Merge Cond": "(part.p_partkey = partsupp.ps_partkey)", "Plans": [{"Node Type": "Sort", "Parent Relationship": "Outer", "Startup Cost": 118828.05, "Total Cost": 119567.66, "Plan Rows": 295844, "Plan Width": 44, "Actual Startup Time": 1465.983, "Actual Total Time": 1507.93, "Actual Rows": 297336, "Actual Loops": 1, "Sort Key": ["part.p_partkey"], "Sort Method": "quicksort", "Sort Space Used": 58370, "Sort Space Type": "Memory", "Plans": [{"Node Type": "Seq Scan", "Parent Relationship": "Outer", "Relation Name": "part", "Alias": "part", "Startup Cost": 0.0, "Total Cost": 91944.0, "Plan Rows": 295844, "Plan Width": 44, "Actual Startup Time": 0.035, "Actual Total Time": 1348.639, "Actual Rows": 297336, "Actual Loops": 1, "Filter": "((p_brand <> 'Brand#34'::bpchar) AND ((p_type)::text !~~ 'LARGE BRUSHED%'::text) AND (p_size = ANY ('{48,19,12,4,41,7,21,39}'::integer[]))), (LLVM Optimized, Jit Execute)", "Rows Removed by Filter": 1702664}]}, {"Node Type": "Sort", "Parent Relationship": "Inner", "Startup Cost": 1187295.8, "Total Cost": 1207296.73, "Plan Rows": 8000372, "Plan Width": 16, "Actual Startup Time": 5437.114, "Actual Total Time": 6421.114, "Actual Rows": 7999985, "Actual Loops": 1, "Sort Key": ["partsupp.ps_partkey"], "Sort Method": "quicksort", "Sort Space Used": 946609, "Sort Space Type": "Memory", "Plans": [{"Node Type": "Seq Scan", "Parent Relationship": "Outer", "Relation Name": "partsupp", "Alias": "partsupp", "Startup Cost": 0.0, "Total Cost": 269987.72, "Plan Rows": 8000372, "Plan Width": 16, "Actual Startup Time": 0.02, "Actual Total Time": 2648.399, "Actual Rows": 8000000, "Actual Loops": 1}]}]}]}, {"Node Type": "Sort", "Parent Relationship": "Inner", "Startup Cost": 3533.17, "Total Cost": 3533.19, "Plan Rows": 10, "Plan Width": 8, "Actual Startup Time": 52.563, "Actual Total Time": 52.585, "Actual Rows": 56, "Actual Loops": 1, "Sort Key": ["supplier.s_suppkey"], "Sort Method": "quicksort", "Sort Space Used": 28, "Sort Space Type": "Memory", "Plans": [{"Node Type": "Seq Scan", "Parent Relationship": "Outer", "Relation Name": "supplier", "Alias": "supplier", "Startup Cost": 0.0, "Total Cost": 3533.0, "Plan Rows": 10, "Plan Width": 8, "Actual Startup Time": 0.256, "Actual Total Time": 52.483, "Actual Rows": 56, "Actual Loops": 1, "Filter": "((s_comment)::text ~~ '%Customer%Complaints%'::text)", "Rows Removed by Filter": 99944}]}]}]}]}]}, "Triggers": [], "Planner Runtime": 1.167, "Total Runtime": 16627.736, "Unique SQL Id": 1437012347}}, "(1, 27)": {"explain_plan": {"Plan": {"Node Type": "Sort", "Startup Cost": 3000026998219.69, "Total Cost": 3000026998289.03, "Plan Rows": 27736, "Plan Width": 52, "Sort Key": ["(count(DISTINCT partsupp.ps_suppkey)) DESC", "part.p_brand", "part.p_type", "part.p_size"], "Plans": [{"Node Type": "Aggregate", "Strategy": "Sorted", "Parent Relationship": "Outer", "Startup Cost": 3000026985212.85, "Total Cost": 3000026996172.85, "Plan Rows": 27736, "Plan Width": 52, "Group By Key": ["part.p_brand", "part.p_type", "part.p_size"], "Plans": [{"Node Type": "Sort", "Parent Relationship": "Outer", "Startup Cost": 3000026985212.85, "Total Cost": 3000026987349.38, "Plan Rows": 854611, "Plan Width": 44, "Sort Key": ["part.p_brand", "part.p_type", "part.p_size"], "Plans": [{"Node Type": "Nested Loop", "Parent Relationship": "Outer", "Join Type": "Anti", "Startup Cost": 30017324679.62, "Total Cost": 3000026901012.69, "Plan Rows": 854611, "Plan Width": 44, "Inner Unique": false, "Join Filter": "(partsupp.ps_suppkey = supplier.s_suppkey), (LLVM Optimized)", "Plans": [{"Node Type": "Merge Join", "Parent Relationship": "Outer", "Join Type": "Inner", "Startup Cost": 20017324679.62, "Total Cost": 2000026214364.82, "Plan Rows": 854625, "Plan Width": 44, "Inner Unique": false, "Merge Cond": "(part.p_partkey = partsupp.ps_partkey)", "Plans": [{"Node Type": "Index Scan", "Parent Relationship": "Outer", "Scan Direction": "Forward", "Index Name": "part_kpey", "Relation Name": "part", "Alias": "part", "Startup Cost": 10000000000.0, "Total Cost": 1000013080325.0, "Plan Rows": 295844, "Plan Width": 44, "Filter": "((p_brand <> 'Brand#34'::bpchar) AND ((p_type)::text !~~ 'LARGE BRUSHED%'::text) AND (p_size = ANY ('{48,19,12,4,41,7,21,39}'::integer[]))), (LLVM Optimized)"}, {"Node Type": "Index Only Scan", "Parent Relationship": "Inner", "Scan Direction": "Forward", "Index Name": "partsupp_pkey", "Relation Name": "partsupp", "Alias": "partsupp", "Startup Cost": 10000000000.0, "Total Cost": 1000027706983.0, "Plan Rows": 8000372, "Plan Width": 16}]}, {"Node Type": "Materialize", "Parent Relationship": "Inner", "Startup Cost": 10000000000.0, "Total Cost": 1000000558454.43, "Plan Rows": 10, "Plan Width": 8, "Plans": [{"Node Type": "Index Scan", "Parent Relationship": "Outer", "Scan Direction": "Forward", "Index Name": "supplier_pkey", "Relation Name": "supplier", "Alias": "supplier", "Startup Cost": 10000000000.0, "Total Cost": 1000000558454.38, "Plan Rows": 10, "Plan Width": 8, "Filter": "((s_comment)::text ~~ '%Customer%Complaints%'::text)"}]}]}]}]}]}, "Unique SQL Id": 1437012347}, "explain_analyze_plan": null}, "(1, 28)": {"explain_plan": {"Plan": {"Node Type": "Sort", "Startup Cost": 772341.94, "Total Cost": 772411.28, "Plan Rows": 27736, "Plan Width": 52, "Sort Key": ["(count(DISTINCT partsupp.ps_suppkey)) DESC", "part.p_brand", "part.p_type", "part.p_size"], "Plans": [{"Node Type": "Aggregate", "Strategy": "Sorted", "Parent Relationship": "Outer", "Startup Cost": 759335.1, "Total Cost": 770295.1, "Plan Rows": 27736, "Plan Width": 52, "Group By Key": ["part.p_brand", "part.p_type", "part.p_size"], "Plans": [{"Node Type": "Sort", "Parent Relationship": "Outer", "Startup Cost": 759335.1, "Total Cost": 761471.63, "Plan Rows": 854611, "Plan Width": 44, "Sort Key": ["part.p_brand", "part.p_type", "part.p_size"], "Plans": [{"Node Type": "Merge Join", "Parent Relationship": "Outer", "Join Type": "Anti", "Startup Cost": 670861.53, "Total Cost": 675134.94, "Plan Rows": 854611, "Plan Width": 44, "Inner Unique": false, "Merge Cond": "(partsupp.ps_suppkey = supplier.s_suppkey)", "Plans": [{"Node Type": "Sort", "Parent Relationship": "Outer", "Startup Cost": 667328.37, "Total Cost": 669464.93, "Plan Rows": 854625, "Plan Width": 44, "Sort Key": ["partsupp.ps_suppkey"], "Plans": [{"Node Type": "Merge Join", "Parent Relationship": "Outer", "Join Type": "Inner", "Startup Cost": 118835.95, "Total Cost": 583126.73, "Plan Rows": 854625, "Plan Width": 44, "Inner Unique": true, "Merge Cond": "(partsupp.ps_partkey = part.p_partkey)", "Plans": [{"Node Type": "Index Scan", "Parent Relationship": "Outer", "Scan Direction": "Forward", "Index Name": "idx_partsupp_partkey", "Relation Name": "partsupp", "Alias": "partsupp", "Startup Cost": 0.0, "Total Cost": 431485.03, "Plan Rows": 8000372, "Plan Width": 16}, {"Node Type": "Sort", "Parent Relationship": "Inner", "Startup Cost": 118828.05, "Total Cost": 119567.66, "Plan Rows": 295844, "Plan Width": 44, "Sort Key": ["part.p_partkey"], "Plans": [{"Node Type": "Seq Scan", "Parent Relationship": "Outer", "Relation Name": "part", "Alias": "part", "Startup Cost": 0.0, "Total Cost": 91944.0, "Plan Rows": 295844, "Plan Width": 44, "Filter": "((p_brand <> 'Brand#34'::bpchar) AND ((p_type)::text !~~ 'LARGE BRUSHED%'::text) AND (p_size = ANY ('{48,19,12,4,41,7,21,39}'::integer[]))), (LLVM Optimized)"}]}]}]}, {"Node Type": "Sort", "Parent Relationship": "Inner", "Startup Cost": 3533.17, "Total Cost": 3533.19, "Plan Rows": 10, "Plan Width": 8, "Sort Key": ["supplier.s_suppkey"], "Plans": [{"Node Type": "Seq Scan", "Parent Relationship": "Outer", "Relation Name": "supplier", "Alias": "supplier", "Startup Cost": 0.0, "Total Cost": 3533.0, "Plan Rows": 10, "Plan Width": 8, "Filter": "((s_comment)::text ~~ '%Customer%Complaints%'::text)"}]}]}]}]}]}, "Unique SQL Id": 1437012347}, "explain_analyze_plan": {"Plan": {"Node Type": "Sort", "Startup Cost": 772341.94, "Total Cost": 772411.28, "Plan Rows": 27736, "Plan Width": 52, "Actual Startup Time": 14110.602, "Actual Total Time": 14113.638, "Actual Rows": 27838, "Actual Loops": 1, "Sort Key": ["(count(DISTINCT partsupp.ps_suppkey)) DESC", "part.p_brand", "part.p_type", "part.p_size"], "Sort Method": "quicksort", "Sort Space Used": 5082, "Sort Space Type": "Memory", "Plans": [{"Node Type": "Aggregate", "Strategy": "Sorted", "Parent Relationship": "Outer", "Startup Cost": 759335.1, "Total Cost": 770295.1, "Plan Rows": 27736, "Plan Width": 52, "Actual Startup Time": 13116.146, "Actual Total Time": 14016.171, "Actual Rows": 27838, "Actual Loops": 1, "Group By Key": ["part.p_brand", "part.p_type", "part.p_size"], "Plans": [{"Node Type": "Sort", "Parent Relationship": "Outer", "Startup Cost": 759335.1, "Total Cost": 761471.63, "Plan Rows": 854611, "Plan Width": 44, "Actual Startup Time": 13116.037, "Actual Total Time": 13417.21, "Actual Rows": 1188666, "Actual Loops": 1, "Sort Key": ["part.p_brand", "part.p_type", "part.p_size"], "Sort Method": "quicksort", "Sort Space Used": 233373, "Sort Space Type": "Memory", "Plans": [{"Node Type": "Merge Join", "Parent Relationship": "Outer", "Join Type": "Anti", "Startup Cost": 670861.53, "Total Cost": 675134.94, "Plan Rows": 854611, "Plan Width": 44, "Actual Startup Time": 7608.099, "Actual Total Time": 8127.29, "Actual Rows": 1188666, "Actual Loops": 1, "Inner Unique": false, "Merge Cond": "(partsupp.ps_suppkey = supplier.s_suppkey)", "Plans": [{"Node Type": "Sort", "Parent Relationship": "Outer", "Startup Cost": 667328.37, "Total Cost": 669464.93, "Plan Rows": 854625, "Plan Width": 44, "Actual Startup Time": 7555.798, "Actual Total Time": 7760.272, "Actual Rows": 1189344, "Actual Loops": 1, "Sort Key": ["partsupp.ps_suppkey"], "Sort Method": "quicksort", "Sort Space Used": 233478, "Sort Space Type": "Memory", "Plans": [{"Node Type": "Merge Join", "Parent Relationship": "Outer", "Join Type": "Inner", "Startup Cost": 118835.95, "Total Cost": 583126.73, "Plan Rows": 854625, "Plan Width": 44, "Actual Startup Time": 1266.311, "Actual Total Time": 7034.181, "Actual Rows": 1189344, "Actual Loops": 1, "Inner Unique": true, "Merge Cond": "(partsupp.ps_partkey = part.p_partkey)", "Plans": [{"Node Type": "Index Scan", "Parent Relationship": "Outer", "Scan Direction": "Forward", "Index Name": "idx_partsupp_partkey", "Relation Name": "partsupp", "Alias": "partsupp", "Startup Cost": 0.0, "Total Cost": 431485.03, "Plan Rows": 8000372, "Plan Width": 16, "Actual Startup Time": 0.029, "Actual Total Time": 4321.425, "Actual Rows": 7999985, "Actual Loops": 1}, {"Node Type": "Sort", "Parent Relationship": "Inner", "Startup Cost": 118828.05, "Total Cost": 119567.66, "Plan Rows": 295844, "Plan Width": 44, "Actual Startup Time": 1266.265, "Actual Total Time": 1314.669, "Actual Rows": 297336, "Actual Loops": 1, "Sort Key": ["part.p_partkey"], "Sort Method": "quicksort", "Sort Space Used": 58370, "Sort Space Type": "Memory", "Plans": [{"Node Type": "Seq Scan", "Parent Relationship": "Outer", "Relation Name": "part", "Alias": "part", "Startup Cost": 0.0, "Total Cost": 91944.0, "Plan Rows": 295844, "Plan Width": 44, "Actual Startup Time": 0.029, "Actual Total Time": 1152.847, "Actual Rows": 297336, "Actual Loops": 1, "Filter": "((p_brand <> 'Brand#34'::bpchar) AND ((p_type)::text !~~ 'LARGE BRUSHED%'::text) AND (p_size = ANY ('{48,19,12,4,41,7,21,39}'::integer[]))), (LLVM Optimized, Jit Execute)", "Rows Removed by Filter": 1702664}]}]}]}, {"Node Type": "Sort", "Parent Relationship": "Inner", "Startup Cost": 3533.17, "Total Cost": 3533.19, "Plan Rows": 10, "Plan Width": 8, "Actual Startup Time": 52.286, "Actual Total Time": 52.304, "Actual Rows": 56, "Actual Loops": 1, "Sort Key": ["supplier.s_suppkey"], "Sort Method": "quicksort", "Sort Space Used": 28, "Sort Space Type": "Memory", "Plans": [{"Node Type": "Seq Scan", "Parent Relationship": "Outer", "Relation Name": "supplier", "Alias": "supplier", "Startup Cost": 0.0, "Total Cost": 3533.0, "Plan Rows": 10, "Plan Width": 8, "Actual Startup Time": 0.263, "Actual Total Time": 52.196, "Actual Rows": 56, "Actual Loops": 1, "Filter": "((s_comment)::text ~~ '%Customer%Complaints%'::text)", "Rows Removed by Filter": 99944}]}]}]}]}]}, "Triggers": [], "Planner Runtime": 1.118, "Total Runtime": 14125.229, "Unique SQL Id": 1437012347}}, "(1, 29)": {"explain_plan": {"Plan": {"Node Type": "Sort", "Startup Cost": 782835.0, "Total Cost": 782904.34, "Plan Rows": 27736, "Plan Width": 52, "Sort Key": ["(count(DISTINCT partsupp.ps_suppkey)) DESC", "part.p_brand", "part.p_type", "part.p_size"], "Plans": [{"Node Type": "Aggregate", "Strategy": "Sorted", "Parent Relationship": "Outer", "Startup Cost": 769828.16, "Total Cost": 780788.16, "Plan Rows": 27736, "Plan Width": 52, "Group By Key": ["part.p_brand", "part.p_type", "part.p_size"], "Plans": [{"Node Type": "Sort", "Parent Relationship": "Outer", "Startup Cost": 769828.16, "Total Cost": 771964.69, "Plan Rows": 854611, "Plan Width": 44, "Sort Key": ["part.p_brand", "part.p_type", "part.p_size"], "Plans": [{"Node Type": "Merge Join", "Parent Relationship": "Outer", "Join Type": "Anti", "Startup Cost": 675770.05, "Total Cost": 685628.01, "Plan Rows": 854611, "Plan Width": 44, "Inner Unique": false, "Merge Cond": "(partsupp.ps_suppkey = supplier.s_suppkey)", "Plans": [{"Node Type": "Sort", "Parent Relationship": "Outer", "Startup Cost": 675770.05, "Total Cost": 677906.61, "Plan Rows": 854625, "Plan Width": 44, "Sort Key": ["partsupp.ps_suppkey"], "Plans": [{"Node Type": "Merge Join", "Parent Relationship": "Outer", "Join Type": "Inner", "Startup Cost": 7.9, "Total Cost": 591568.41, "Plan Rows": 854625, "Plan Width": 44, "Inner Unique": false, "Merge Cond": "(part.p_partkey = partsupp.ps_partkey)", "Plans": [{"Node Type": "Index Scan", "Parent Relationship": "Outer", "Scan Direction": "Forward", "Index Name": "part_kpey", "Relation Name": "part", "Alias": "part", "Startup Cost": 0.0, "Total Cost": 130803.25, "Plan Rows": 295844, "Plan Width": 44, "Filter": "((p_brand <> 'Brand#34'::bpchar) AND ((p_type)::text !~~ 'LARGE BRUSHED%'::text) AND (p_size = ANY ('{48,19,12,4,41,7,21,39}'::integer[]))), (LLVM Optimized)"}, {"Node Type": "Index Scan", "Parent Relationship": "Inner", "Scan Direction": "Forward", "Index Name": "idx_partsupp_partkey", "Relation Name": "partsupp", "Alias": "partsupp", "Startup Cost": 0.0, "Total Cost": 431485.03, "Plan Rows": 8000372, "Plan Width": 16}]}]}, {"Node Type": "Materialize", "Parent Relationship": "Inner", "Startup Cost": 0.0, "Total Cost": 5584.57, "Plan Rows": 10, "Plan Width": 8, "Plans": [{"Node Type": "Index Scan", "Parent Relationship": "Outer", "Scan Direction": "Forward", "Index Name": "supplier_pkey", "Relation Name": "supplier", "Alias": "supplier", "Startup Cost": 0.0, "Total Cost": 5584.54, "Plan Rows": 10, "Plan Width": 8, "Filter": "((s_comment)::text ~~ '%Customer%Complaints%'::text)"}]}]}]}]}]}, "Unique SQL Id": 1437012347}, "explain_analyze_plan": {"Plan": {"Node Type": "Sort", "Startup Cost": 782835.0, "Total Cost": 782904.34, "Plan Rows": 27736, "Plan Width": 52, "Actual Startup Time": 15130.385, "Actual Total Time": 15133.279, "Actual Rows": 27838, "Actual Loops": 1, "Sort Key": ["(count(DISTINCT partsupp.ps_suppkey)) DESC", "part.p_brand", "part.p_type", "part.p_size"], "Sort Method": "quicksort", "Sort Space Used": 5082, "Sort Space Type": "Memory", "Plans": [{"Node Type": "Aggregate", "Strategy": "Sorted", "Parent Relationship": "Outer", "Startup Cost": 769828.16, "Total Cost": 780788.16, "Plan Rows": 27736, "Plan Width": 52, "Actual Startup Time": 14211.128, "Actual Total Time": 15036.99, "Actual Rows": 27838, "Actual Loops": 1, "Group By Key": ["part.p_brand", "part.p_type", "part.p_size"], "Plans": [{"Node Type": "Sort", "Parent Relationship": "Outer", "Startup Cost": 769828.16, "Total Cost": 771964.69, "Plan Rows": 854611, "Plan Width": 44, "Actual Startup Time": 14211.026, "Actual Total Time": 14438.864, "Actual Rows": 1188666, "Actual Loops": 1, "Sort Key": ["part.p_brand", "part.p_type", "part.p_size"], "Sort Method": "quicksort", "Sort Space Used": 233373, "Sort Space Type": "Memory", "Plans": [{"Node Type": "Merge Join", "Parent Relationship": "Outer", "Join Type": "Anti", "Startup Cost": 675770.05, "Total Cost": 685628.01, "Plan Rows": 854611, "Plan Width": 44, "Actual Startup Time": 8454.784, "Actual Total Time": 9052.022, "Actual Rows": 1188666, "Actual Loops": 1, "Inner Unique": false, "Merge Cond": "(partsupp.ps_suppkey = supplier.s_suppkey)", "Plans": [{"Node Type": "Sort", "Parent Relationship": "Outer", "Startup Cost": 675770.05, "Total Cost": 677906.61, "Plan Rows": 854625, "Plan Width": 44, "Actual Startup Time": 8454.398, "Actual Total Time": 8655.518, "Actual Rows": 1189344, "Actual Loops": 1, "Sort Key": ["partsupp.ps_suppkey"], "Sort Method": "quicksort", "Sort Space Used": 233478, "Sort Space Type": "Memory", "Plans": [{"Node Type": "Merge Join", "Parent Relationship": "Outer", "Join Type": "Inner", "Startup Cost": 7.9, "Total Cost": 591568.41, "Plan Rows": 854625, "Plan Width": 44, "Actual Startup Time": 0.075, "Actual Total Time": 7926.73, "Actual Rows": 1189344, "Actual Loops": 1, "Inner Unique": false, "Merge Cond": "(part.p_partkey = partsupp.ps_partkey)", "Plans": [{"Node Type": "Index Scan", "Parent Relationship": "Outer", "Scan Direction": "Forward", "Index Name": "part_kpey", "Relation Name": "part", "Alias": "part", "Startup Cost": 0.0, "Total Cost": 130803.25, "Plan Rows": 295844, "Plan Width": 44, "Actual Startup Time": 0.047, "Actual Total Time": 1726.009, "Actual Rows": 297336, "Actual Loops": 1, "Filter": "((p_brand <> 'Brand#34'::bpchar) AND ((p_type)::text !~~ 'LARGE BRUSHED%'::text) AND (p_size = ANY ('{48,19,12,4,41,7,21,39}'::integer[]))), (LLVM Optimized, Jit Execute)", "Rows Removed by Filter": 1702664}, {"Node Type": "Index Scan", "Parent Relationship": "Inner", "Scan Direction": "Forward", "Index Name": "idx_partsupp_partkey", "Relation Name": "partsupp", "Alias": "partsupp", "Startup Cost": 0.0, "Total Cost": 431485.03, "Plan Rows": 8000372, "Plan Width": 16, "Actual Startup Time": 0.02, "Actual Total Time": 4722.053, "Actual Rows": 7999985, "Actual Loops": 1}]}]}, {"Node Type": "Materialize", "Parent Relationship": "Inner", "Startup Cost": 0.0, "Total Cost": 5584.57, "Plan Rows": 10, "Plan Width": 8, "Actual Startup Time": 0.374, "Actual Total Time": 77.141, "Actual Rows": 56, "Actual Loops": 1, "Plans": [{"Node Type": "Index Scan", "Parent Relationship": "Outer", "Scan Direction": "Forward", "Index Name": "supplier_pkey", "Relation Name": "supplier", "Alias": "supplier", "Startup Cost": 0.0, "Total Cost": 5584.54, "Plan Rows": 10, "Plan Width": 8, "Actual Startup Time": 0.371, "Actual Total Time": 77.105, "Actual Rows": 56, "Actual Loops": 1, "Filter": "((s_comment)::text ~~ '%Customer%Complaints%'::text)", "Rows Removed by Filter": 99944}]}]}]}]}]}, "Triggers": [], "Planner Runtime": 1.109, "Total Runtime": 15145.68, "Unique SQL Id": 1437012347}}, "(1, 30)": {"explain_plan": {"Plan": {"Node Type": "Sort", "Startup Cost": 1545365.8, "Total Cost": 1545435.14, "Plan Rows": 27736, "Plan Width": 52, "Sort Key": ["(count(DISTINCT partsupp.ps_suppkey)) DESC", "part.p_brand", "part.p_type", "part.p_size"], "Plans": [{"Node Type": "Aggregate", "Strategy": "Sorted", "Parent Relationship": "Outer", "Startup Cost": 1532358.96, "Total Cost": 1543318.96, "Plan Rows": 27736, "Plan Width": 52, "Group By Key": ["part.p_brand", "part.p_type", "part.p_size"], "Plans": [{"Node Type": "Sort", "Parent Relationship": "Outer", "Startup Cost": 1532358.96, "Total Cost": 1534495.49, "Plan Rows": 854611, "Plan Width": 44, "Sort Key": ["part.p_brand", "part.p_type", "part.p_size"], "Plans": [{"Node Type": "Merge Join", "Parent Relationship": "Outer", "Join Type": "Anti", "Startup Cost": 1443885.39, "Total Cost": 1448158.8, "Plan Rows": 854611, "Plan Width": 44, "Inner Unique": false, "Merge Cond": "(partsupp.ps_suppkey = supplier.s_suppkey)", "Plans": [{"Node Type": "Sort", "Parent Relationship": "Outer", "Startup Cost": 1440352.23, "Total Cost": 1442488.79, "Plan Rows": 854625, "Plan Width": 44, "Sort Key": ["partsupp.ps_suppkey"], "Plans": [{"Node Type": "Merge Join", "Parent Relationship": "Outer", "Join Type": "Inner", "Startup Cost": 1306124.55, "Total Cost": 1356150.59, "Plan Rows": 854625, "Plan Width": 44, "Inner Unique": false, "Merge Cond": "(part.p_partkey = partsupp.ps_partkey)", "Plans": [{"Node Type": "Sort", "Parent Relationship": "Outer", "Startup Cost": 118828.05, "Total Cost": 119567.66, "Plan Rows": 295844, "Plan Width": 44, "Sort Key": ["part.p_partkey"], "Plans": [{"Node Type": "Seq Scan", "Parent Relationship": "Outer", "Relation Name": "part", "Alias": "part", "Startup Cost": 0.0, "Total Cost": 91944.0, "Plan Rows": 295844, "Plan Width": 44, "Filter": "((p_brand <> 'Brand#34'::bpchar) AND ((p_type)::text !~~ 'LARGE BRUSHED%'::text) AND (p_size = ANY ('{48,19,12,4,41,7,21,39}'::integer[]))), (LLVM Optimized)"}]}, {"Node Type": "Sort", "Parent Relationship": "Inner", "Startup Cost": 1187295.8, "Total Cost": 1207296.73, "Plan Rows": 8000372, "Plan Width": 16, "Sort Key": ["partsupp.ps_partkey"], "Plans": [{"Node Type": "Seq Scan", "Parent Relationship": "Outer", "Relation Name": "partsupp", "Alias": "partsupp", "Startup Cost": 0.0, "Total Cost": 269987.72, "Plan Rows": 8000372, "Plan Width": 16}]}]}]}, {"Node Type": "Sort", "Parent Relationship": "Inner", "Startup Cost": 3533.17, "Total Cost": 3533.19, "Plan Rows": 10, "Plan Width": 8, "Sort Key": ["supplier.s_suppkey"], "Plans": [{"Node Type": "Seq Scan", "Parent Relationship": "Outer", "Relation Name": "supplier", "Alias": "supplier", "Startup Cost": 0.0, "Total Cost": 3533.0, "Plan Rows": 10, "Plan Width": 8, "Filter": "((s_comment)::text ~~ '%Customer%Complaints%'::text)"}]}]}]}]}]}, "Unique SQL Id": 1437012347}, "explain_analyze_plan": {"Plan": {"Node Type": "Sort", "Startup Cost": 1545365.8, "Total Cost": 1545435.14, "Plan Rows": 27736, "Plan Width": 52, "Actual Startup Time": 16613.189, "Actual Total Time": 16616.083, "Actual Rows": 27838, "Actual Loops": 1, "Sort Key": ["(count(DISTINCT partsupp.ps_suppkey)) DESC", "part.p_brand", "part.p_type", "part.p_size"], "Sort Method": "quicksort", "Sort Space Used": 5082, "Sort Space Type": "Memory", "Plans": [{"Node Type": "Aggregate", "Strategy": "Sorted", "Parent Relationship": "Outer", "Startup Cost": 1532358.96, "Total Cost": 1543318.96, "Plan Rows": 27736, "Plan Width": 52, "Actual Startup Time": 15699.419, "Actual Total Time": 16519.682, "Actual Rows": 27838, "Actual Loops": 1, "Group By Key": ["part.p_brand", "part.p_type", "part.p_size"], "Plans": [{"Node Type": "Sort", "Parent Relationship": "Outer", "Startup Cost": 1532358.96, "Total Cost": 1534495.49, "Plan Rows": 854611, "Plan Width": 44, "Actual Startup Time": 15699.201, "Actual Total Time": 15922.042, "Actual Rows": 1188666, "Actual Loops": 1, "Sort Key": ["part.p_brand", "part.p_type", "part.p_size"], "Sort Method": "quicksort", "Sort Space Used": 233373, "Sort Space Type": "Memory", "Plans": [{"Node Type": "Merge Join", "Parent Relationship": "Outer", "Join Type": "Anti", "Startup Cost": 1443885.39, "Total Cost": 1448158.8, "Plan Rows": 854611, "Plan Width": 44, "Actual Startup Time": 9861.117, "Actual Total Time": 10520.767, "Actual Rows": 1188666, "Actual Loops": 1, "Inner Unique": false, "Merge Cond": "(partsupp.ps_suppkey = supplier.s_suppkey)", "Plans": [{"Node Type": "Sort", "Parent Relationship": "Outer", "Startup Cost": 1440352.23, "Total Cost": 1442488.79, "Plan Rows": 854625, "Plan Width": 44, "Actual Startup Time": 9808.54, "Actual Total Time": 10147.13, "Actual Rows": 1189344, "Actual Loops": 1, "Sort Key": ["partsupp.ps_suppkey"], "Sort Method": "quicksort", "Sort Space Used": 233478, "Sort Space Type": "Memory", "Plans": [{"Node Type": "Merge Join", "Parent Relationship": "Outer", "Join Type": "Inner", "Startup Cost": 1306124.55, "Total Cost": 1356150.59, "Plan Rows": 854625, "Plan Width": 44, "Actual Startup Time": 6903.113, "Actual Total Time": 9320.876, "Actual Rows": 1189344, "Actual Loops": 1, "Inner Unique": false, "Merge Cond": "(part.p_partkey = partsupp.ps_partkey)", "Plans": [{"Node Type": "Sort", "Parent Relationship": "Outer", "Startup Cost": 118828.05, "Total Cost": 119567.66, "Plan Rows": 295844, "Plan Width": 44, "Actual Startup Time": 1465.983, "Actual Total Time": 1507.93, "Actual Rows": 297336, "Actual Loops": 1, "Sort Key": ["part.p_partkey"], "Sort Method": "quicksort", "Sort Space Used": 58370, "Sort Space Type": "Memory", "Plans": [{"Node Type": "Seq Scan", "Parent Relationship": "Outer", "Relation Name": "part", "Alias": "part", "Startup Cost": 0.0, "Total Cost": 91944.0, "Plan Rows": 295844, "Plan Width": 44, "Actual Startup Time": 0.035, "Actual Total Time": 1348.639, "Actual Rows": 297336, "Actual Loops": 1, "Filter": "((p_brand <> 'Brand#34'::bpchar) AND ((p_type)::text !~~ 'LARGE BRUSHED%'::text) AND (p_size = ANY ('{48,19,12,4,41,7,21,39}'::integer[]))), (LLVM Optimized, Jit Execute)", "Rows Removed by Filter": 1702664}]}, {"Node Type": "Sort", "Parent Relationship": "Inner", "Startup Cost": 1187295.8, "Total Cost": 1207296.73, "Plan Rows": 8000372, "Plan Width": 16, "Actual Startup Time": 5437.114, "Actual Total Time": 6421.114, "Actual Rows": 7999985, "Actual Loops": 1, "Sort Key": ["partsupp.ps_partkey"], "Sort Method": "quicksort", "Sort Space Used": 946609, "Sort Space Type": "Memory", "Plans": [{"Node Type": "Seq Scan", "Parent Relationship": "Outer", "Relation Name": "partsupp", "Alias": "partsupp", "Startup Cost": 0.0, "Total Cost": 269987.72, "Plan Rows": 8000372, "Plan Width": 16, "Actual Startup Time": 0.02, "Actual Total Time": 2648.399, "Actual Rows": 8000000, "Actual Loops": 1}]}]}]}, {"Node Type": "Sort", "Parent Relationship": "Inner", "Startup Cost": 3533.17, "Total Cost": 3533.19, "Plan Rows": 10, "Plan Width": 8, "Actual Startup Time": 52.563, "Actual Total Time": 52.585, "Actual Rows": 56, "Actual Loops": 1, "Sort Key": ["supplier.s_suppkey"], "Sort Method": "quicksort", "Sort Space Used": 28, "Sort Space Type": "Memory", "Plans": [{"Node Type": "Seq Scan", "Parent Relationship": "Outer", "Relation Name": "supplier", "Alias": "supplier", "Startup Cost": 0.0, "Total Cost": 3533.0, "Plan Rows": 10, "Plan Width": 8, "Actual Startup Time": 0.256, "Actual Total Time": 52.483, "Actual Rows": 56, "Actual Loops": 1, "Filter": "((s_comment)::text ~~ '%Customer%Complaints%'::text)", "Rows Removed by Filter": 99944}]}]}]}]}]}, "Triggers": [], "Planner Runtime": 1.167, "Total Runtime": 16627.736, "Unique SQL Id": 1437012347}}, "(1, 31)": {"explain_plan": {"Plan": {"Node Type": "Sort", "Startup Cost": 3000070931551.91, "Total Cost": 3000070931621.25, "Plan Rows": 27736, "Plan Width": 52, "Sort Key": ["(count(DISTINCT partsupp.ps_suppkey)) DESC", "part.p_brand", "part.p_type", "part.p_size"], "Plans": [{"Node Type": "Aggregate", "Strategy": "Sorted", "Parent Relationship": "Outer", "Startup Cost": 3000070918545.07, "Total Cost": 3000070929505.07, "Plan Rows": 27736, "Plan Width": 52, "Group By Key": ["part.p_brand", "part.p_type", "part.p_size"], "Plans": [{"Node Type": "Sort", "Parent Relationship": "Outer", "Startup Cost": 3000070918545.07, "Total Cost": 3000070920681.6, "Plan Rows": 854611, "Plan Width": 44, "Sort Key": ["part.p_brand", "part.p_type", "part.p_size"], "Plans": [{"Node Type": "Nested Loop", "Parent Relationship": "Outer", "Join Type": "Anti", "Startup Cost": 30017325448.43, "Total Cost": 3000070834344.91, "Plan Rows": 854611, "Plan Width": 44, "Inner Unique": false, "Join Filter": "(partsupp.ps_suppkey = supplier.s_suppkey), (LLVM Optimized)", "Plans": [{"Node Type": "Merge Join", "Parent Relationship": "Outer", "Join Type": "Inner", "Startup Cost": 20017325448.43, "Total Cost": 2000070147697.04, "Plan Rows": 854625, "Plan Width": 44, "Inner Unique": false, "Merge Cond": "(part.p_partkey = partsupp.ps_partkey)", "Plans": [{"Node Type": "Index Scan", "Parent Relationship": "Outer", "Scan Direction": "Forward", "Index Name": "part_kpey", "Relation Name": "part", "Alias": "part", "Startup Cost": 10000000000.0, "Total Cost": 1000013080325.0, "Plan Rows": 295844, "Plan Width": 44, "Filter": "((p_brand <> 'Brand#34'::bpchar) AND ((p_type)::text !~~ 'LARGE BRUSHED%'::text) AND (p_size = ANY ('{48,19,12,4,41,7,21,39}'::integer[]))), (LLVM Optimized)"}, {"Node Type": "Index Scan", "Parent Relationship": "Inner", "Scan Direction": "Forward", "Index Name": "partsupp_pkey", "Relation Name": "partsupp", "Alias": "partsupp", "Startup Cost": 10000000000.0, "Total Cost": 1000071640963.22, "Plan Rows": 8000372, "Plan Width": 16}]}, {"Node Type": "Materialize", "Parent Relationship": "Inner", "Startup Cost": 10000000000.0, "Total Cost": 1000000558454.43, "Plan Rows": 10, "Plan Width": 8, "Plans": [{"Node Type": "Index Scan", "Parent Relationship": "Outer", "Scan Direction": "Forward", "Index Name": "supplier_pkey", "Relation Name": "supplier", "Alias": "supplier", "Startup Cost": 10000000000.0, "Total Cost": 1000000558454.38, "Plan Rows": 10, "Plan Width": 8, "Filter": "((s_comment)::text ~~ '%Customer%Complaints%'::text)"}]}]}]}]}]}, "Unique SQL Id": 1437012347}, "explain_analyze_plan": null}, "(1, 32)": {"explain_plan": {"Plan": {"Node Type": "Sort", "Startup Cost": 461023.1, "Total Cost": 461092.44, "Plan Rows": 27736, "Plan Width": 52, "Sort Key": ["(count(DISTINCT partsupp.ps_suppkey)) DESC", "part.p_brand", "part.p_type", "part.p_size"], "Plans": [{"Node Type": "Aggregate", "Strategy": "Sorted", "Parent Relationship": "Outer", "Startup Cost": 448016.26, "Total Cost": 458976.25, "Plan Rows": 27736, "Plan Width": 52, "Group By Key": ["part.p_brand", "part.p_type", "part.p_size"], "Plans": [{"Node Type": "Sort", "Parent Relationship": "Outer", "Startup Cost": 448016.26, "Total Cost": 450152.78, "Plan Rows": 854611, "Plan Width": 44, "Sort Key": ["part.p_brand", "part.p_type", "part.p_size"], "Plans": [{"Node Type": "Hash Join", "Parent Relationship": "Outer", "Join Type": "Anti", "Startup Cost": 3533.12, "Total Cost": 363816.1, "Plan Rows": 854611, "Plan Width": 44, "Inner Unique": false, "Hash Cond": "(partsupp.ps_suppkey = supplier.s_suppkey), (LLVM Optimized)", "Plans": [{"Node Type": "Nested Loop", "Parent Relationship": "Outer", "Join Type": "Inner", "Startup Cost": 0.0, "Total Cost": 349594.96, "Plan Rows": 854625, "Plan Width": 44, "Inner Unique": false, "Plans": [{"Node Type": "Seq Scan", "Parent Relationship": "Outer", "Relation Name": "part", "Alias": "part", "Startup Cost": 0.0, "Total Cost": 91944.0, "Plan Rows": 295844, "Plan Width": 44, "Filter": "((p_brand <> 'Brand#34'::bpchar) AND ((p_type)::text !~~ 'LARGE BRUSHED%'::text) AND (p_size = ANY ('{48,19,12,4,41,7,21,39}'::integer[]))), (LLVM Optimized)"}, {"Node Type": "Index Only Scan", "Parent Relationship": "Inner", "Scan Direction": "Forward", "Index Name": "partsupp_pkey", "Relation Name": "partsupp", "Alias": "partsupp", "Startup Cost": 0.0, "Total Cost": 0.84, "Plan Rows": 3, "Plan Width": 16, "Index Cond": "(ps_partkey = part.p_partkey)"}]}, {"Node Type": "Hash", "Parent Relationship": "Inner", "Startup Cost": 3533.0, "Total Cost": 3533.0, "Plan Rows": 10, "Plan Width": 8, "Plans": [{"Node Type": "Seq Scan", "Parent Relationship": "Outer", "Relation Name": "supplier", "Alias": "supplier", "Startup Cost": 0.0, "Total Cost": 3533.0, "Plan Rows": 10, "Plan Width": 8, "Filter": "((s_comment)::text ~~ '%Customer%Complaints%'::text)"}]}]}]}]}]}, "Unique SQL Id": 1437012347}, "explain_analyze_plan": {"Plan": {"Node Type": "Sort", "Startup Cost": 461023.1, "Total Cost": 461092.44, "Plan Rows": 27736, "Plan Width": 52, "Actual Startup Time": 8347.857, "Actual Total Time": 8350.782, "Actual Rows": 27838, "Actual Loops": 1, "Sort Key": ["(count(DISTINCT partsupp.ps_suppkey)) DESC", "part.p_brand", "part.p_type", "part.p_size"], "Sort Method": "quicksort", "Sort Space Used": 5082, "Sort Space Type": "Memory", "Plans": [{"Node Type": "Aggregate", "Strategy": "Sorted", "Parent Relationship": "Outer", "Startup Cost": 448016.26, "Total Cost": 458976.25, "Plan Rows": 27736, "Plan Width": 52, "Actual Startup Time": 7455.228, "Actual Total Time": 8254.354, "Actual Rows": 27838, "Actual Loops": 1, "Group By Key": ["part.p_brand", "part.p_type", "part.p_size"], "Plans": [{"Node Type": "Sort", "Parent Relationship": "Outer", "Startup Cost": 448016.26, "Total Cost": 450152.78, "Plan Rows": 854611, "Plan Width": 44, "Actual Startup Time": 7455.136, "Actual Total Time": 7658.094, "Actual Rows": 1188666, "Actual Loops": 1, "Sort Key": ["part.p_brand", "part.p_type", "part.p_size"], "Sort Method": "quicksort", "Sort Space Used": 233373, "Sort Space Type": "Memory", "Plans": [{"Node Type": "Hash Join", "Parent Relationship": "Outer", "Join Type": "Anti", "Startup Cost": 3533.12, "Total Cost": 363816.1, "Plan Rows": 854611, "Plan Width": 44, "Actual Startup Time": 52.417, "Actual Total Time": 3059.066, "Actual Rows": 1188666, "Actual Loops": 1, "Inner Unique": false, "Hash Cond": "(partsupp.ps_suppkey = supplier.s_suppkey), (LLVM Optimized, Jit Execute)", "Plans": [{"Node Type": "Nested Loop", "Parent Relationship": "Outer", "Join Type": "Inner", "Startup Cost": 0.0, "Total Cost": 349594.96, "Plan Rows": 854625, "Plan Width": 44, "Actual Startup Time": 0.066, "Actual Total Time": 2675.909, "Actual Rows": 1189344, "Actual Loops": 1, "Inner Unique": false, "Plans": [{"Node Type": "Seq Scan", "Parent Relationship": "Outer", "Relation Name": "part", "Alias": "part", "Startup Cost": 0.0, "Total Cost": 91944.0, "Plan Rows": 295844, "Plan Width": 44, "Actual Startup Time": 0.041, "Actual Total Time": 1182.877, "Actual Rows": 297336, "Actual Loops": 1, "Filter": "((p_brand <> 'Brand#34'::bpchar) AND ((p_type)::text !~~ 'LARGE BRUSHED%'::text) AND (p_size = ANY ('{48,19,12,4,41,7,21,39}'::integer[]))), (LLVM Optimized, Jit Execute)", "Rows Removed by Filter": 1702664}, {"Node Type": "Index Only Scan", "Parent Relationship": "Inner", "Scan Direction": "Forward", "Index Name": "partsupp_pkey", "Relation Name": "partsupp", "Alias": "partsupp", "Startup Cost": 0.0, "Total Cost": 0.84, "Plan Rows": 3, "Plan Width": 16, "Actual Startup Time": 847.589, "Actual Total Time": 1080.648, "Actual Rows": 1189344, "Actual Loops": 297336, "Index Cond": "(ps_partkey = part.p_partkey)", "Rows Removed by Index Recheck": 0, "Heap Fetches": 0}]}, {"Node Type": "Hash", "Parent Relationship": "Inner", "Startup Cost": 3533.0, "Total Cost": 3533.0, "Plan Rows": 10, "Plan Width": 8, "Actual Startup Time": 52.297, "Actual Total Time": 52.297, "Actual Rows": 56, "Actual Loops": 1, "Hash Buckets": 32768, "Hash Batches": 1, "Original Hash Batches": 1, "Peak Memory Usage": 3, "Plans": [{"Node Type": "Seq Scan", "Parent Relationship": "Outer", "Relation Name": "supplier", "Alias": "supplier", "Startup Cost": 0.0, "Total Cost": 3533.0, "Plan Rows": 10, "Plan Width": 8, "Actual Startup Time": 0.21, "Actual Total Time": 52.243, "Actual Rows": 56, "Actual Loops": 1, "Filter": "((s_comment)::text ~~ '%Customer%Complaints%'::text)", "Rows Removed by Filter": 99944}]}]}]}]}]}, "Triggers": [], "Planner Runtime": 1.141, "Total Runtime": 8363.004, "Unique SQL Id": 1437012347}}, "(1, 33)": {"explain_plan": {"Plan": {"Node Type": "Sort", "Startup Cost": 501933.89, "Total Cost": 502003.23, "Plan Rows": 27736, "Plan Width": 52, "Sort Key": ["(count(DISTINCT partsupp.ps_suppkey)) DESC", "part.p_brand", "part.p_type", "part.p_size"], "Plans": [{"Node Type": "Aggregate", "Strategy": "Sorted", "Parent Relationship": "Outer", "Startup Cost": 488927.05, "Total Cost": 499887.05, "Plan Rows": 27736, "Plan Width": 52, "Group By Key": ["part.p_brand", "part.p_type", "part.p_size"], "Plans": [{"Node Type": "Sort", "Parent Relationship": "Outer", "Startup Cost": 488927.05, "Total Cost": 491063.58, "Plan Rows": 854611, "Plan Width": 44, "Sort Key": ["part.p_brand", "part.p_type", "part.p_size"], "Plans": [{"Node Type": "Hash Join", "Parent Relationship": "Outer", "Join Type": "Anti", "Startup Cost": 5584.67, "Total Cost": 404726.89, "Plan Rows": 854611, "Plan Width": 44, "Inner Unique": false, "Hash Cond": "(partsupp.ps_suppkey = supplier.s_suppkey), (LLVM Optimized)", "Plans": [{"Node Type": "Nested Loop", "Parent Relationship": "Outer", "Join Type": "Inner", "Startup Cost": 0.0, "Total Cost": 388454.21, "Plan Rows": 854625, "Plan Width": 44, "Inner Unique": false, "Plans": [{"Node Type": "Index Scan", "Parent Relationship": "Outer", "Scan Direction": "Forward", "Index Name": "part_kpey", "Relation Name": "part", "Alias": "part", "Startup Cost": 0.0, "Total Cost": 130803.25, "Plan Rows": 295844, "Plan Width": 44, "Filter": "((p_brand <> 'Brand#34'::bpchar) AND ((p_type)::text !~~ 'LARGE BRUSHED%'::text) AND (p_size = ANY ('{48,19,12,4,41,7,21,39}'::integer[]))), (LLVM Optimized)"}, {"Node Type": "Index Only Scan", "Parent Relationship": "Inner", "Scan Direction": "Forward", "Index Name": "partsupp_pkey", "Relation Name": "partsupp", "Alias": "partsupp", "Startup Cost": 0.0, "Total Cost": 0.84, "Plan Rows": 3, "Plan Width": 16, "Index Cond": "(ps_partkey = part.p_partkey)"}]}, {"Node Type": "Hash", "Parent Relationship": "Inner", "Startup Cost": 5584.54, "Total Cost": 5584.54, "Plan Rows": 10, "Plan Width": 8, "Plans": [{"Node Type": "Index Scan", "Parent Relationship": "Outer", "Scan Direction": "Forward", "Index Name": "supplier_pkey", "Relation Name": "supplier", "Alias": "supplier", "Startup Cost": 0.0, "Total Cost": 5584.54, "Plan Rows": 10, "Plan Width": 8, "Filter": "((s_comment)::text ~~ '%Customer%Complaints%'::text)"}]}]}]}]}]}, "Unique SQL Id": 1437012347}, "explain_analyze_plan": {"Plan": {"Node Type": "Sort", "Startup Cost": 501933.89, "Total Cost": 502003.23, "Plan Rows": 27736, "Plan Width": 52, "Actual Startup Time": 9276.147, "Actual Total Time": 9279.091, "Actual Rows": 27838, "Actual Loops": 1, "Sort Key": ["(count(DISTINCT partsupp.ps_suppkey)) DESC", "part.p_brand", "part.p_type", "part.p_size"], "Sort Method": "quicksort", "Sort Space Used": 5082, "Sort Space Type": "Memory", "Plans": [{"Node Type": "Aggregate", "Strategy": "Sorted", "Parent Relationship": "Outer", "Startup Cost": 488927.05, "Total Cost": 499887.05, "Plan Rows": 27736, "Plan Width": 52, "Actual Startup Time": 8174.969, "Actual Total Time": 9178.461, "Actual Rows": 27838, "Actual Loops": 1, "Group By Key": ["part.p_brand", "part.p_type", "part.p_size"], "Plans": [{"Node Type": "Sort", "Parent Relationship": "Outer", "Startup Cost": 488927.05, "Total Cost": 491063.58, "Plan Rows": 854611, "Plan Width": 44, "Actual Startup Time": 8174.884, "Actual Total Time": 8529.299, "Actual Rows": 1188666, "Actual Loops": 1, "Sort Key": ["part.p_brand", "part.p_type", "part.p_size"], "Sort Method": "quicksort", "Sort Space Used": 233373, "Sort Space Type": "Memory", "Plans": [{"Node Type": "Hash Join", "Parent Relationship": "Outer", "Join Type": "Anti", "Startup Cost": 5584.67, "Total Cost": 404726.89, "Plan Rows": 854611, "Plan Width": 44, "Actual Startup Time": 75.296, "Actual Total Time": 3920.806, "Actual Rows": 1188666, "Actual Loops": 1, "Inner Unique": false, "Hash Cond": "(partsupp.ps_suppkey = supplier.s_suppkey), (LLVM Optimized, Jit Execute)", "Plans": [{"Node Type": "Nested Loop", "Parent Relationship": "Outer", "Join Type": "Inner", "Startup Cost": 0.0, "Total Cost": 388454.21, "Plan Rows": 854625, "Plan Width": 44, "Actual Startup Time": 0.065, "Actual Total Time": 3515.424, "Actual Rows": 1189344, "Actual Loops": 1, "Inner Unique": false, "Plans": [{"Node Type": "Index Scan", "Parent Relationship": "Outer", "Scan Direction": "Forward", "Index Name": "part_kpey", "Relation Name": "part", "Alias": "part", "Startup Cost": 0.0, "Total Cost": 130803.25, "Plan Rows": 295844, "Plan Width": 44, "Actual Startup Time": 0.046, "Actual Total Time": 1974.121, "Actual Rows": 297336, "Actual Loops": 1, "Filter": "((p_brand <> 'Brand#34'::bpchar) AND ((p_type)::text !~~ 'LARGE BRUSHED%'::text) AND (p_size = ANY ('{48,19,12,4,41,7,21,39}'::integer[]))), (LLVM Optimized, Jit Execute)", "Rows Removed by Filter": 1702664}, {"Node Type": "Index Only Scan", "Parent Relationship": "Inner", "Scan Direction": "Forward", "Index Name": "partsupp_pkey", "Relation Name": "partsupp", "Alias": "partsupp", "Startup Cost": 0.0, "Total Cost": 0.84, "Plan Rows": 3, "Plan Width": 16, "Actual Startup Time": 904.578, "Actual Total Time": 1129.474, "Actual Rows": 1189344, "Actual Loops": 297336, "Index Cond": "(ps_partkey = part.p_partkey)", "Rows Removed by Index Recheck": 0, "Heap Fetches": 0}]}, {"Node Type": "Hash", "Parent Relationship": "Inner", "Startup Cost": 5584.54, "Total Cost": 5584.54, "Plan Rows": 10, "Plan Width": 8, "Actual Startup Time": 75.185, "Actual Total Time": 75.185, "Actual Rows": 56, "Actual Loops": 1, "Hash Buckets": 32768, "Hash Batches": 1, "Original Hash Batches": 1, "Peak Memory Usage": 3, "Plans": [{"Node Type": "Index Scan", "Parent Relationship": "Outer", "Scan Direction": "Forward", "Index Name": "supplier_pkey", "Relation Name": "supplier", "Alias": "supplier", "Startup Cost": 0.0, "Total Cost": 5584.54, "Plan Rows": 10, "Plan Width": 8, "Actual Startup Time": 0.294, "Actual Total Time": 75.114, "Actual Rows": 56, "Actual Loops": 1, "Filter": "((s_comment)::text ~~ '%Customer%Complaints%'::text)", "Rows Removed by Filter": 99944}]}]}]}]}]}, "Triggers": [], "Planner Runtime": 1.153, "Total Runtime": 9290.89, "Unique SQL Id": 1437012347}}, "(1, 34)": {"explain_plan": {"Plan": {"Node Type": "Sort", "Startup Cost": 515600.3, "Total Cost": 515669.64, "Plan Rows": 27736, "Plan Width": 52, "Sort Key": ["(count(DISTINCT partsupp.ps_suppkey)) DESC", "part.p_brand", "part.p_type", "part.p_size"], "Plans": [{"Node Type": "Aggregate", "Strategy": "Sorted", "Parent Relationship": "Outer", "Startup Cost": 502593.46, "Total Cost": 513553.46, "Plan Rows": 27736, "Plan Width": 52, "Group By Key": ["part.p_brand", "part.p_type", "part.p_size"], "Plans": [{"Node Type": "Sort", "Parent Relationship": "Outer", "Startup Cost": 502593.46, "Total Cost": 504729.99, "Plan Rows": 854611, "Plan Width": 44, "Sort Key": ["part.p_brand", "part.p_type", "part.p_size"], "Plans": [{"Node Type": "Hash Join", "Parent Relationship": "Outer", "Join Type": "Anti", "Startup Cost": 99175.18, "Total Cost": 418393.3, "Plan Rows": 854611, "Plan Width": 44, "Inner Unique": false, "Hash Cond": "(partsupp.ps_suppkey = supplier.s_suppkey), (LLVM Optimized)", "Plans": [{"Node Type": "Hash Join", "Parent Relationship": "Outer", "Join Type": "Inner", "Startup Cost": 95642.05, "Total Cost": 404177.41, "Plan Rows": 854625, "Plan Width": 44, "Inner Unique": true, "Hash Cond": "(partsupp.ps_partkey = part.p_partkey), (LLVM Optimized)", "Plans": [{"Node Type": "Seq Scan", "Parent Relationship": "Outer", "Relation Name": "partsupp", "Alias": "partsupp", "Startup Cost": 0.0, "Total Cost": 269987.72, "Plan Rows": 8000372, "Plan Width": 16}, {"Node Type": "Hash", "Parent Relationship": "Inner", "Startup Cost": 91944.0, "Total Cost": 91944.0, "Plan Rows": 295844, "Plan Width": 44, "Plans": [{"Node Type": "Seq Scan", "Parent Relationship": "Outer", "Relation Name": "part", "Alias": "part", "Startup Cost": 0.0, "Total Cost": 91944.0, "Plan Rows": 295844, "Plan Width": 44, "Filter": "((p_brand <> 'Brand#34'::bpchar) AND ((p_type)::text !~~ 'LARGE BRUSHED%'::text) AND (p_size = ANY ('{48,19,12,4,41,7,21,39}'::integer[]))), (LLVM Optimized)"}]}]}, {"Node Type": "Hash", "Parent Relationship": "Inner", "Startup Cost": 3533.0, "Total Cost": 3533.0, "Plan Rows": 10, "Plan Width": 8, "Plans": [{"Node Type": "Seq Scan", "Parent Relationship": "Outer", "Relation Name": "supplier", "Alias": "supplier", "Startup Cost": 0.0, "Total Cost": 3533.0, "Plan Rows": 10, "Plan Width": 8, "Filter": "((s_comment)::text ~~ '%Customer%Complaints%'::text)"}]}]}]}]}]}, "Unique SQL Id": 1437012347}, "explain_analyze_plan": {"Plan": {"Node Type": "Sort", "Startup Cost": 515600.3, "Total Cost": 515669.64, "Plan Rows": 27736, "Plan Width": 52, "Actual Startup Time": 11497.658, "Actual Total Time": 11500.717, "Actual Rows": 27838, "Actual Loops": 1, "Sort Key": ["(count(DISTINCT partsupp.ps_suppkey)) DESC", "part.p_brand", "part.p_type", "part.p_size"], "Sort Method": "quicksort", "Sort Space Used": 5082, "Sort Space Type": "Memory", "Plans": [{"Node Type": "Aggregate", "Strategy": "Sorted", "Parent Relationship": "Outer", "Startup Cost": 502593.46, "Total Cost": 513553.46, "Plan Rows": 27736, "Plan Width": 52, "Actual Startup Time": 10600.832, "Actual Total Time": 11403.77, "Actual Rows": 27838, "Actual Loops": 1, "Group By Key": ["part.p_brand", "part.p_type", "part.p_size"], "Plans": [{"Node Type": "Sort", "Parent Relationship": "Outer", "Startup Cost": 502593.46, "Total Cost": 504729.99, "Plan Rows": 854611, "Plan Width": 44, "Actual Startup Time": 10600.662, "Actual Total Time": 10805.964, "Actual Rows": 1188666, "Actual Loops": 1, "Sort Key": ["part.p_brand", "part.p_type", "part.p_size"], "Sort Method": "quicksort", "Sort Space Used": 233373, "Sort Space Type": "Memory", "Plans": [{"Node Type": "Hash Join", "Parent Relationship": "Outer", "Join Type": "Anti", "Startup Cost": 99175.18, "Total Cost": 418393.3, "Plan Rows": 854611, "Plan Width": 44, "Actual Startup Time": 1364.023, "Actual Total Time": 6195.986, "Actual Rows": 1188666, "Actual Loops": 1, "Inner Unique": false, "Hash Cond": "(partsupp.ps_suppkey = supplier.s_suppkey), (LLVM Optimized, Jit Execute)", "Plans": [{"Node Type": "Hash Join", "Parent Relationship": "Outer", "Join Type": "Inner", "Startup Cost": 95642.05, "Total Cost": 404177.41, "Plan Rows": 854625, "Plan Width": 44, "Actual Startup Time": 1311.723, "Actual Total Time": 5817.919, "Actual Rows": 1189344, "Actual Loops": 1, "Inner Unique": true, "Hash Cond": "(partsupp.ps_partkey = part.p_partkey), (LLVM Optimized, Jit Execute)", "Plans": [{"Node Type": "Seq Scan", "Parent Relationship": "Outer", "Relation Name": "partsupp", "Alias": "partsupp", "Startup Cost": 0.0, "Total Cost": 269987.72, "Plan Rows": 8000372, "Plan Width": 16, "Actual Startup Time": 0.018, "Actual Total Time": 2435.195, "Actual Rows": 8000000, "Actual Loops": 1}, {"Node Type": "Hash", "Parent Relationship": "Inner", "Startup Cost": 91944.0, "Total Cost": 91944.0, "Plan Rows": 295844, "Plan Width": 44, "Actual Startup Time": 1310.915, "Actual Total Time": 1310.915, "Actual Rows": 297336, "Actual Loops": 1, "Hash Buckets": 524288, "Hash Batches": 1, "Original Hash Batches": 1, "Peak Memory Usage": 23216, "Plans": [{"Node Type": "Seq Scan", "Parent Relationship": "Outer", "Relation Name": "part", "Alias": "part", "Startup Cost": 0.0, "Total Cost": 91944.0, "Plan Rows": 295844, "Plan Width": 44, "Actual Startup Time": 0.025, "Actual Total Time": 1163.672, "Actual Rows": 297336, "Actual Loops": 1, "Filter": "((p_brand <> 'Brand#34'::bpchar) AND ((p_type)::text !~~ 'LARGE BRUSHED%'::text) AND (p_size = ANY ('{48,19,12,4,41,7,21,39}'::integer[]))), (LLVM Optimized, Jit Execute)", "Rows Removed by Filter": 1702664}]}]}, {"Node Type": "Hash", "Parent Relationship": "Inner", "Startup Cost": 3533.0, "Total Cost": 3533.0, "Plan Rows": 10, "Plan Width": 8, "Actual Startup Time": 52.21, "Actual Total Time": 52.21, "Actual Rows": 56, "Actual Loops": 1, "Hash Buckets": 32768, "Hash Batches": 1, "Original Hash Batches": 1, "Peak Memory Usage": 3, "Plans": [{"Node Type": "Seq Scan", "Parent Relationship": "Outer", "Relation Name": "supplier", "Alias": "supplier", "Startup Cost": 0.0, "Total Cost": 3533.0, "Plan Rows": 10, "Plan Width": 8, "Actual Startup Time": 0.239, "Actual Total Time": 52.158, "Actual Rows": 56, "Actual Loops": 1, "Filter": "((s_comment)::text ~~ '%Customer%Complaints%'::text)", "Rows Removed by Filter": 99944}]}]}]}]}]}, "Triggers": [], "Planner Runtime": 1.122, "Total Runtime": 11512.885, "Unique SQL Id": 1437012347}}, "(1, 35)": {"explain_plan": {"Plan": {"Node Type": "Sort", "Startup Cost": 1000096381206.59, "Total Cost": 1000096381275.93, "Plan Rows": 27736, "Plan Width": 52, "Sort Key": ["(count(DISTINCT partsupp.ps_suppkey)) DESC", "part.p_brand", "part.p_type", "part.p_size"], "Plans": [{"Node Type": "Aggregate", "Strategy": "Sorted", "Parent Relationship": "Outer", "Startup Cost": 1000096368199.75, "Total Cost": 1000096379159.74, "Plan Rows": 27736, "Plan Width": 52, "Group By Key": ["part.p_brand", "part.p_type", "part.p_size"], "Plans": [{"Node Type": "Sort", "Parent Relationship": "Outer", "Startup Cost": 1000096368199.75, "Total Cost": 1000096370336.27, "Plan Rows": 854611, "Plan Width": 44, "Sort Key": ["part.p_brand", "part.p_type", "part.p_size"], "Plans": [{"Node Type": "Nested Loop", "Parent Relationship": "Outer", "Join Type": "Inner", "Startup Cost": 10000000000.52, "Total Cost": 1000096283999.59, "Plan Rows": 854611, "Plan Width": 44, "Inner Unique": true, "Plans": [{"Node Type": "Nested Loop", "Parent Relationship": "Outer", "Join Type": "Anti", "Startup Cost": 10000000000.26, "Total Cost": 1000061892121.8, "Plan Rows": 8000238, "Plan Width": 16, "Inner Unique": false, "Plans": [{"Node Type": "Index Only Scan", "Parent Relationship": "Outer", "Scan Direction": "Forward", "Index Name": "partsupp_pkey", "Relation Name": "partsupp", "Alias": "partsupp", "Startup Cost": 10000000000.0, "Total Cost": 1000027706983.0, "Plan Rows": 8000372, "Plan Width": 16}, {"Node Type": "Bitmap Heap Scan", "Parent Relationship": "Inner", "Relation Name": "supplier", "Alias": "supplier", "Startup Cost": 0.26, "Total Cost": 4.27, "Plan Rows": 1, "Plan Width": 8, "Recheck Cond": "(partsupp.ps_suppkey = s_suppkey)", "Filter": "((s_comment)::text ~~ '%Customer%Complaints%'::text)", "Plans": [{"Node Type": "Bitmap Index Scan", "Parent Relationship": "Outer", "Index Name": "supplier_pkey", "Startup Cost": 0.0, "Total Cost": 0.26, "Plan Rows": 1, "Plan Width": 0, "Index Cond": "(partsupp.ps_suppkey = s_suppkey)"}]}]}, {"Node Type": "Bitmap Heap Scan", "Parent Relationship": "Inner", "Relation Name": "part", "Alias": "part", "Startup Cost": 0.26, "Total Cost": 4.29, "Plan Rows": 1, "Plan Width": 44, "Recheck Cond": "(p_partkey = partsupp.ps_partkey)", "Filter": "((p_brand <> 'Brand#34'::bpchar) AND ((p_type)::text !~~ 'LARGE BRUSHED%'::text) AND (p_size = ANY ('{48,19,12,4,41,7,21,39}'::integer[])))", "Plans": [{"Node Type": "Bitmap Index Scan", "Parent Relationship": "Outer", "Index Name": "part_kpey", "Startup Cost": 0.0, "Total Cost": 0.26, "Plan Rows": 1, "Plan Width": 0, "Index Cond": "(p_partkey = partsupp.ps_partkey)"}]}]}]}]}]}, "Unique SQL Id": 1437012347}, "explain_analyze_plan": null}, "(1, 36)": {"explain_plan": {"Plan": {"Node Type": "Sort", "Startup Cost": 515600.3, "Total Cost": 515669.64, "Plan Rows": 27736, "Plan Width": 52, "Sort Key": ["(count(DISTINCT partsupp.ps_suppkey)) DESC", "part.p_brand", "part.p_type", "part.p_size"], "Plans": [{"Node Type": "Aggregate", "Strategy": "Sorted", "Parent Relationship": "Outer", "Startup Cost": 502593.46, "Total Cost": 513553.46, "Plan Rows": 27736, "Plan Width": 52, "Group By Key": ["part.p_brand", "part.p_type", "part.p_size"], "Plans": [{"Node Type": "Sort", "Parent Relationship": "Outer", "Startup Cost": 502593.46, "Total Cost": 504729.99, "Plan Rows": 854611, "Plan Width": 44, "Sort Key": ["part.p_brand", "part.p_type", "part.p_size"], "Plans": [{"Node Type": "Hash Join", "Parent Relationship": "Outer", "Join Type": "Anti", "Startup Cost": 99175.18, "Total Cost": 418393.3, "Plan Rows": 854611, "Plan Width": 44, "Inner Unique": false, "Hash Cond": "(partsupp.ps_suppkey = supplier.s_suppkey), (LLVM Optimized)", "Plans": [{"Node Type": "Hash Join", "Parent Relationship": "Outer", "Join Type": "Inner", "Startup Cost": 95642.05, "Total Cost": 404177.41, "Plan Rows": 854625, "Plan Width": 44, "Inner Unique": true, "Hash Cond": "(partsupp.ps_partkey = part.p_partkey), (LLVM Optimized)", "Plans": [{"Node Type": "Seq Scan", "Parent Relationship": "Outer", "Relation Name": "partsupp", "Alias": "partsupp", "Startup Cost": 0.0, "Total Cost": 269987.72, "Plan Rows": 8000372, "Plan Width": 16}, {"Node Type": "Hash", "Parent Relationship": "Inner", "Startup Cost": 91944.0, "Total Cost": 91944.0, "Plan Rows": 295844, "Plan Width": 44, "Plans": [{"Node Type": "Seq Scan", "Parent Relationship": "Outer", "Relation Name": "part", "Alias": "part", "Startup Cost": 0.0, "Total Cost": 91944.0, "Plan Rows": 295844, "Plan Width": 44, "Filter": "((p_brand <> 'Brand#34'::bpchar) AND ((p_type)::text !~~ 'LARGE BRUSHED%'::text) AND (p_size = ANY ('{48,19,12,4,41,7,21,39}'::integer[]))), (LLVM Optimized)"}]}]}, {"Node Type": "Hash", "Parent Relationship": "Inner", "Startup Cost": 3533.0, "Total Cost": 3533.0, "Plan Rows": 10, "Plan Width": 8, "Plans": [{"Node Type": "Seq Scan", "Parent Relationship": "Outer", "Relation Name": "supplier", "Alias": "supplier", "Startup Cost": 0.0, "Total Cost": 3533.0, "Plan Rows": 10, "Plan Width": 8, "Filter": "((s_comment)::text ~~ '%Customer%Complaints%'::text)"}]}]}]}]}]}, "Unique SQL Id": 1437012347}, "explain_analyze_plan": {"Plan": {"Node Type": "Sort", "Startup Cost": 515600.3, "Total Cost": 515669.64, "Plan Rows": 27736, "Plan Width": 52, "Actual Startup Time": 11497.658, "Actual Total Time": 11500.717, "Actual Rows": 27838, "Actual Loops": 1, "Sort Key": ["(count(DISTINCT partsupp.ps_suppkey)) DESC", "part.p_brand", "part.p_type", "part.p_size"], "Sort Method": "quicksort", "Sort Space Used": 5082, "Sort Space Type": "Memory", "Plans": [{"Node Type": "Aggregate", "Strategy": "Sorted", "Parent Relationship": "Outer", "Startup Cost": 502593.46, "Total Cost": 513553.46, "Plan Rows": 27736, "Plan Width": 52, "Actual Startup Time": 10600.832, "Actual Total Time": 11403.77, "Actual Rows": 27838, "Actual Loops": 1, "Group By Key": ["part.p_brand", "part.p_type", "part.p_size"], "Plans": [{"Node Type": "Sort", "Parent Relationship": "Outer", "Startup Cost": 502593.46, "Total Cost": 504729.99, "Plan Rows": 854611, "Plan Width": 44, "Actual Startup Time": 10600.662, "Actual Total Time": 10805.964, "Actual Rows": 1188666, "Actual Loops": 1, "Sort Key": ["part.p_brand", "part.p_type", "part.p_size"], "Sort Method": "quicksort", "Sort Space Used": 233373, "Sort Space Type": "Memory", "Plans": [{"Node Type": "Hash Join", "Parent Relationship": "Outer", "Join Type": "Anti", "Startup Cost": 99175.18, "Total Cost": 418393.3, "Plan Rows": 854611, "Plan Width": 44, "Actual Startup Time": 1364.023, "Actual Total Time": 6195.986, "Actual Rows": 1188666, "Actual Loops": 1, "Inner Unique": false, "Hash Cond": "(partsupp.ps_suppkey = supplier.s_suppkey), (LLVM Optimized, Jit Execute)", "Plans": [{"Node Type": "Hash Join", "Parent Relationship": "Outer", "Join Type": "Inner", "Startup Cost": 95642.05, "Total Cost": 404177.41, "Plan Rows": 854625, "Plan Width": 44, "Actual Startup Time": 1311.723, "Actual Total Time": 5817.919, "Actual Rows": 1189344, "Actual Loops": 1, "Inner Unique": true, "Hash Cond": "(partsupp.ps_partkey = part.p_partkey), (LLVM Optimized, Jit Execute)", "Plans": [{"Node Type": "Seq Scan", "Parent Relationship": "Outer", "Relation Name": "partsupp", "Alias": "partsupp", "Startup Cost": 0.0, "Total Cost": 269987.72, "Plan Rows": 8000372, "Plan Width": 16, "Actual Startup Time": 0.018, "Actual Total Time": 2435.195, "Actual Rows": 8000000, "Actual Loops": 1}, {"Node Type": "Hash", "Parent Relationship": "Inner", "Startup Cost": 91944.0, "Total Cost": 91944.0, "Plan Rows": 295844, "Plan Width": 44, "Actual Startup Time": 1310.915, "Actual Total Time": 1310.915, "Actual Rows": 297336, "Actual Loops": 1, "Hash Buckets": 524288, "Hash Batches": 1, "Original Hash Batches": 1, "Peak Memory Usage": 23216, "Plans": [{"Node Type": "Seq Scan", "Parent Relationship": "Outer", "Relation Name": "part", "Alias": "part", "Startup Cost": 0.0, "Total Cost": 91944.0, "Plan Rows": 295844, "Plan Width": 44, "Actual Startup Time": 0.025, "Actual Total Time": 1163.672, "Actual Rows": 297336, "Actual Loops": 1, "Filter": "((p_brand <> 'Brand#34'::bpchar) AND ((p_type)::text !~~ 'LARGE BRUSHED%'::text) AND (p_size = ANY ('{48,19,12,4,41,7,21,39}'::integer[]))), (LLVM Optimized, Jit Execute)", "Rows Removed by Filter": 1702664}]}]}, {"Node Type": "Hash", "Parent Relationship": "Inner", "Startup Cost": 3533.0, "Total Cost": 3533.0, "Plan Rows": 10, "Plan Width": 8, "Actual Startup Time": 52.21, "Actual Total Time": 52.21, "Actual Rows": 56, "Actual Loops": 1, "Hash Buckets": 32768, "Hash Batches": 1, "Original Hash Batches": 1, "Peak Memory Usage": 3, "Plans": [{"Node Type": "Seq Scan", "Parent Relationship": "Outer", "Relation Name": "supplier", "Alias": "supplier", "Startup Cost": 0.0, "Total Cost": 3533.0, "Plan Rows": 10, "Plan Width": 8, "Actual Startup Time": 0.239, "Actual Total Time": 52.158, "Actual Rows": 56, "Actual Loops": 1, "Filter": "((s_comment)::text ~~ '%Customer%Complaints%'::text)", "Rows Removed by Filter": 99944}]}]}]}]}]}, "Triggers": [], "Planner Runtime": 1.122, "Total Runtime": 11512.885, "Unique SQL Id": 1437012347}}, "(1, 37)": {"explain_plan": {"Plan": {"Node Type": "Sort", "Startup Cost": 718008.41, "Total Cost": 718077.75, "Plan Rows": 27736, "Plan Width": 52, "Sort Key": ["(count(DISTINCT partsupp.ps_suppkey)) DESC", "part.p_brand", "part.p_type", "part.p_size"], "Plans": [{"Node Type": "Aggregate", "Strategy": "Sorted", "Parent Relationship": "Outer", "Startup Cost": 705001.57, "Total Cost": 715961.56, "Plan Rows": 27736, "Plan Width": 52, "Group By Key": ["part.p_brand", "part.p_type", "part.p_size"], "Plans": [{"Node Type": "Sort", "Parent Relationship": "Outer", "Startup Cost": 705001.57, "Total Cost": 707138.09, "Plan Rows": 854611, "Plan Width": 44, "Sort Key": ["part.p_brand", "part.p_type", "part.p_size"], "Plans": [{"Node Type": "Hash Join", "Parent Relationship": "Outer", "Join Type": "Anti", "Startup Cost": 140085.97, "Total Cost": 620801.41, "Plan Rows": 854611, "Plan Width": 44, "Inner Unique": false, "Hash Cond": "(partsupp.ps_suppkey = supplier.s_suppkey), (LLVM Optimized)", "Plans": [{"Node Type": "Hash Join", "Parent Relationship": "Outer", "Join Type": "Inner", "Startup Cost": 134501.3, "Total Cost": 604533.98, "Plan Rows": 854625, "Plan Width": 44, "Inner Unique": true, "Hash Cond": "(partsupp.ps_partkey = part.p_partkey), (LLVM Optimized)", "Plans": [{"Node Type": "Index Scan", "Parent Relationship": "Outer", "Scan Direction": "Forward", "Index Name": "idx_partsupp_partkey", "Relation Name": "partsupp", "Alias": "partsupp", "Startup Cost": 0.0, "Total Cost": 431485.03, "Plan Rows": 8000372, "Plan Width": 16}, {"Node Type": "Hash", "Parent Relationship": "Inner", "Startup Cost": 130803.25, "Total Cost": 130803.25, "Plan Rows": 295844, "Plan Width": 44, "Plans": [{"Node Type": "Index Scan", "Parent Relationship": "Outer", "Scan Direction": "Forward", "Index Name": "part_kpey", "Relation Name": "part", "Alias": "part", "Startup Cost": 0.0, "Total Cost": 130803.25, "Plan Rows": 295844, "Plan Width": 44, "Filter": "((p_brand <> 'Brand#34'::bpchar) AND ((p_type)::text !~~ 'LARGE BRUSHED%'::text) AND (p_size = ANY ('{48,19,12,4,41,7,21,39}'::integer[]))), (LLVM Optimized)"}]}]}, {"Node Type": "Hash", "Parent Relationship": "Inner", "Startup Cost": 5584.54, "Total Cost": 5584.54, "Plan Rows": 10, "Plan Width": 8, "Plans": [{"Node Type": "Index Scan", "Parent Relationship": "Outer", "Scan Direction": "Forward", "Index Name": "supplier_pkey", "Relation Name": "supplier", "Alias": "supplier", "Startup Cost": 0.0, "Total Cost": 5584.54, "Plan Rows": 10, "Plan Width": 8, "Filter": "((s_comment)::text ~~ '%Customer%Complaints%'::text)"}]}]}]}]}]}, "Unique SQL Id": 1437012347}, "explain_analyze_plan": {"Plan": {"Node Type": "Sort", "Startup Cost": 718008.41, "Total Cost": 718077.75, "Plan Rows": 27736, "Plan Width": 52, "Actual Startup Time": 14805.12, "Actual Total Time": 14808.062, "Actual Rows": 27838, "Actual Loops": 1, "Sort Key": ["(count(DISTINCT partsupp.ps_suppkey)) DESC", "part.p_brand", "part.p_type", "part.p_size"], "Sort Method": "quicksort", "Sort Space Used": 5082, "Sort Space Type": "Memory", "Plans": [{"Node Type": "Aggregate", "Strategy": "Sorted", "Parent Relationship": "Outer", "Startup Cost": 705001.57, "Total Cost": 715961.56, "Plan Rows": 27736, "Plan Width": 52, "Actual Startup Time": 13727.69, "Actual Total Time": 14707.093, "Actual Rows": 27838, "Actual Loops": 1, "Group By Key": ["part.p_brand", "part.p_type", "part.p_size"], "Plans": [{"Node Type": "Sort", "Parent Relationship": "Outer", "Startup Cost": 705001.57, "Total Cost": 707138.09, "Plan Rows": 854611, "Plan Width": 44, "Actual Startup Time": 13727.584, "Actual Total Time": 14061.121, "Actual Rows": 1188666, "Actual Loops": 1, "Sort Key": ["part.p_brand", "part.p_type", "part.p_size"], "Sort Method": "quicksort", "Sort Space Used": 233373, "Sort Space Type": "Memory", "Plans": [{"Node Type": "Hash Join", "Parent Relationship": "Outer", "Join Type": "Anti", "Startup Cost": 140085.97, "Total Cost": 620801.41, "Plan Rows": 854611, "Plan Width": 44, "Actual Startup Time": 2265.616, "Actual Total Time": 9684.509, "Actual Rows": 1188666, "Actual Loops": 1, "Inner Unique": false, "Hash Cond": "(partsupp.ps_suppkey = supplier.s_suppkey), (LLVM Optimized, Jit Execute)", "Plans": [{"Node Type": "Hash Join", "Parent Relationship": "Outer", "Join Type": "Inner", "Startup Cost": 134501.3, "Total Cost": 604533.98, "Plan Rows": 854625, "Plan Width": 44, "Actual Startup Time": 2190.529, "Actual Total Time": 9284.484, "Actual Rows": 1189344, "Actual Loops": 1, "Inner Unique": true, "Hash Cond": "(partsupp.ps_partkey = part.p_partkey), (LLVM Optimized, Jit Execute)", "Plans": [{"Node Type": "Index Scan", "Parent Relationship": "Outer", "Scan Direction": "Forward", "Index Name": "idx_partsupp_partkey", "Relation Name": "partsupp", "Alias": "partsupp", "Startup Cost": 0.0, "Total Cost": 431485.03, "Plan Rows": 8000372, "Plan Width": 16, "Actual Startup Time": 0.035, "Actual Total Time": 4966.306, "Actual Rows": 8000000, "Actual Loops": 1}, {"Node Type": "Hash", "Parent Relationship": "Inner", "Startup Cost": 130803.25, "Total Cost": 130803.25, "Plan Rows": 295844, "Plan Width": 44, "Actual Startup Time": 2190.14, "Actual Total Time": 2190.14, "Actual Rows": 297336, "Actual Loops": 1, "Hash Buckets": 524288, "Hash Batches": 1, "Original Hash Batches": 1, "Peak Memory Usage": 23216, "Plans": [{"Node Type": "Index Scan", "Parent Relationship": "Outer", "Scan Direction": "Forward", "Index Name": "part_kpey", "Relation Name": "part", "Alias": "part", "Startup Cost": 0.0, "Total Cost": 130803.25, "Plan Rows": 295844, "Plan Width": 44, "Actual Startup Time": 0.042, "Actual Total Time": 2040.217, "Actual Rows": 297336, "Actual Loops": 1, "Filter": "((p_brand <> 'Brand#34'::bpchar) AND ((p_type)::text !~~ 'LARGE BRUSHED%'::text) AND (p_size = ANY ('{48,19,12,4,41,7,21,39}'::integer[]))), (LLVM Optimized, Jit Execute)", "Rows Removed by Filter": 1702664}]}]}, {"Node Type": "Hash", "Parent Relationship": "Inner", "Startup Cost": 5584.54, "Total Cost": 5584.54, "Plan Rows": 10, "Plan Width": 8, "Actual Startup Time": 75.018, "Actual Total Time": 75.018, "Actual Rows": 56, "Actual Loops": 1, "Hash Buckets": 32768, "Hash Batches": 1, "Original Hash Batches": 1, "Peak Memory Usage": 3, "Plans": [{"Node Type": "Index Scan", "Parent Relationship": "Outer", "Scan Direction": "Forward", "Index Name": "supplier_pkey", "Relation Name": "supplier", "Alias": "supplier", "Startup Cost": 0.0, "Total Cost": 5584.54, "Plan Rows": 10, "Plan Width": 8, "Actual Startup Time": 0.32, "Actual Total Time": 74.952, "Actual Rows": 56, "Actual Loops": 1, "Filter": "((s_comment)::text ~~ '%Customer%Complaints%'::text)", "Rows Removed by Filter": 99944}]}]}]}]}]}, "Triggers": [], "Planner Runtime": 0.835, "Total Runtime": 14820.181, "Unique SQL Id": 1437012347}}, "(1, 38)": {"explain_plan": {"Plan": {"Node Type": "Sort", "Startup Cost": 515600.3, "Total Cost": 515669.64, "Plan Rows": 27736, "Plan Width": 52, "Sort Key": ["(count(DISTINCT partsupp.ps_suppkey)) DESC", "part.p_brand", "part.p_type", "part.p_size"], "Plans": [{"Node Type": "Aggregate", "Strategy": "Sorted", "Parent Relationship": "Outer", "Startup Cost": 502593.46, "Total Cost": 513553.46, "Plan Rows": 27736, "Plan Width": 52, "Group By Key": ["part.p_brand", "part.p_type", "part.p_size"], "Plans": [{"Node Type": "Sort", "Parent Relationship": "Outer", "Startup Cost": 502593.46, "Total Cost": 504729.99, "Plan Rows": 854611, "Plan Width": 44, "Sort Key": ["part.p_brand", "part.p_type", "part.p_size"], "Plans": [{"Node Type": "Hash Join", "Parent Relationship": "Outer", "Join Type": "Anti", "Startup Cost": 99175.18, "Total Cost": 418393.3, "Plan Rows": 854611, "Plan Width": 44, "Inner Unique": false, "Hash Cond": "(partsupp.ps_suppkey = supplier.s_suppkey), (LLVM Optimized)", "Plans": [{"Node Type": "Hash Join", "Parent Relationship": "Outer", "Join Type": "Inner", "Startup Cost": 95642.05, "Total Cost": 404177.41, "Plan Rows": 854625, "Plan Width": 44, "Inner Unique": true, "Hash Cond": "(partsupp.ps_partkey = part.p_partkey), (LLVM Optimized)", "Plans": [{"Node Type": "Seq Scan", "Parent Relationship": "Outer", "Relation Name": "partsupp", "Alias": "partsupp", "Startup Cost": 0.0, "Total Cost": 269987.72, "Plan Rows": 8000372, "Plan Width": 16}, {"Node Type": "Hash", "Parent Relationship": "Inner", "Startup Cost": 91944.0, "Total Cost": 91944.0, "Plan Rows": 295844, "Plan Width": 44, "Plans": [{"Node Type": "Seq Scan", "Parent Relationship": "Outer", "Relation Name": "part", "Alias": "part", "Startup Cost": 0.0, "Total Cost": 91944.0, "Plan Rows": 295844, "Plan Width": 44, "Filter": "((p_brand <> 'Brand#34'::bpchar) AND ((p_type)::text !~~ 'LARGE BRUSHED%'::text) AND (p_size = ANY ('{48,19,12,4,41,7,21,39}'::integer[]))), (LLVM Optimized)"}]}]}, {"Node Type": "Hash", "Parent Relationship": "Inner", "Startup Cost": 3533.0, "Total Cost": 3533.0, "Plan Rows": 10, "Plan Width": 8, "Plans": [{"Node Type": "Seq Scan", "Parent Relationship": "Outer", "Relation Name": "supplier", "Alias": "supplier", "Startup Cost": 0.0, "Total Cost": 3533.0, "Plan Rows": 10, "Plan Width": 8, "Filter": "((s_comment)::text ~~ '%Customer%Complaints%'::text)"}]}]}]}]}]}, "Unique SQL Id": 1437012347}, "explain_analyze_plan": {"Plan": {"Node Type": "Sort", "Startup Cost": 515600.3, "Total Cost": 515669.64, "Plan Rows": 27736, "Plan Width": 52, "Actual Startup Time": 11497.658, "Actual Total Time": 11500.717, "Actual Rows": 27838, "Actual Loops": 1, "Sort Key": ["(count(DISTINCT partsupp.ps_suppkey)) DESC", "part.p_brand", "part.p_type", "part.p_size"], "Sort Method": "quicksort", "Sort Space Used": 5082, "Sort Space Type": "Memory", "Plans": [{"Node Type": "Aggregate", "Strategy": "Sorted", "Parent Relationship": "Outer", "Startup Cost": 502593.46, "Total Cost": 513553.46, "Plan Rows": 27736, "Plan Width": 52, "Actual Startup Time": 10600.832, "Actual Total Time": 11403.77, "Actual Rows": 27838, "Actual Loops": 1, "Group By Key": ["part.p_brand", "part.p_type", "part.p_size"], "Plans": [{"Node Type": "Sort", "Parent Relationship": "Outer", "Startup Cost": 502593.46, "Total Cost": 504729.99, "Plan Rows": 854611, "Plan Width": 44, "Actual Startup Time": 10600.662, "Actual Total Time": 10805.964, "Actual Rows": 1188666, "Actual Loops": 1, "Sort Key": ["part.p_brand", "part.p_type", "part.p_size"], "Sort Method": "quicksort", "Sort Space Used": 233373, "Sort Space Type": "Memory", "Plans": [{"Node Type": "Hash Join", "Parent Relationship": "Outer", "Join Type": "Anti", "Startup Cost": 99175.18, "Total Cost": 418393.3, "Plan Rows": 854611, "Plan Width": 44, "Actual Startup Time": 1364.023, "Actual Total Time": 6195.986, "Actual Rows": 1188666, "Actual Loops": 1, "Inner Unique": false, "Hash Cond": "(partsupp.ps_suppkey = supplier.s_suppkey), (LLVM Optimized, Jit Execute)", "Plans": [{"Node Type": "Hash Join", "Parent Relationship": "Outer", "Join Type": "Inner", "Startup Cost": 95642.05, "Total Cost": 404177.41, "Plan Rows": 854625, "Plan Width": 44, "Actual Startup Time": 1311.723, "Actual Total Time": 5817.919, "Actual Rows": 1189344, "Actual Loops": 1, "Inner Unique": true, "Hash Cond": "(partsupp.ps_partkey = part.p_partkey), (LLVM Optimized, Jit Execute)", "Plans": [{"Node Type": "Seq Scan", "Parent Relationship": "Outer", "Relation Name": "partsupp", "Alias": "partsupp", "Startup Cost": 0.0, "Total Cost": 269987.72, "Plan Rows": 8000372, "Plan Width": 16, "Actual Startup Time": 0.018, "Actual Total Time": 2435.195, "Actual Rows": 8000000, "Actual Loops": 1}, {"Node Type": "Hash", "Parent Relationship": "Inner", "Startup Cost": 91944.0, "Total Cost": 91944.0, "Plan Rows": 295844, "Plan Width": 44, "Actual Startup Time": 1310.915, "Actual Total Time": 1310.915, "Actual Rows": 297336, "Actual Loops": 1, "Hash Buckets": 524288, "Hash Batches": 1, "Original Hash Batches": 1, "Peak Memory Usage": 23216, "Plans": [{"Node Type": "Seq Scan", "Parent Relationship": "Outer", "Relation Name": "part", "Alias": "part", "Startup Cost": 0.0, "Total Cost": 91944.0, "Plan Rows": 295844, "Plan Width": 44, "Actual Startup Time": 0.025, "Actual Total Time": 1163.672, "Actual Rows": 297336, "Actual Loops": 1, "Filter": "((p_brand <> 'Brand#34'::bpchar) AND ((p_type)::text !~~ 'LARGE BRUSHED%'::text) AND (p_size = ANY ('{48,19,12,4,41,7,21,39}'::integer[]))), (LLVM Optimized, Jit Execute)", "Rows Removed by Filter": 1702664}]}]}, {"Node Type": "Hash", "Parent Relationship": "Inner", "Startup Cost": 3533.0, "Total Cost": 3533.0, "Plan Rows": 10, "Plan Width": 8, "Actual Startup Time": 52.21, "Actual Total Time": 52.21, "Actual Rows": 56, "Actual Loops": 1, "Hash Buckets": 32768, "Hash Batches": 1, "Original Hash Batches": 1, "Peak Memory Usage": 3, "Plans": [{"Node Type": "Seq Scan", "Parent Relationship": "Outer", "Relation Name": "supplier", "Alias": "supplier", "Startup Cost": 0.0, "Total Cost": 3533.0, "Plan Rows": 10, "Plan Width": 8, "Actual Startup Time": 0.239, "Actual Total Time": 52.158, "Actual Rows": 56, "Actual Loops": 1, "Filter": "((s_comment)::text ~~ '%Customer%Complaints%'::text)", "Rows Removed by Filter": 99944}]}]}]}]}]}, "Triggers": [], "Planner Runtime": 1.122, "Total Runtime": 11512.885, "Unique SQL Id": 1437012347}}, "(1, 39)": {"explain_plan": {"Plan": {"Node Type": "Sort", "Startup Cost": 1000138301898.4, "Total Cost": 1000138301967.74, "Plan Rows": 27736, "Plan Width": 52, "Sort Key": ["(count(DISTINCT partsupp.ps_suppkey)) DESC", "part.p_brand", "part.p_type", "part.p_size"], "Plans": [{"Node Type": "Aggregate", "Strategy": "Sorted", "Parent Relationship": "Outer", "Startup Cost": 1000138288891.56, "Total Cost": 1000138299851.56, "Plan Rows": 27736, "Plan Width": 52, "Group By Key": ["part.p_brand", "part.p_type", "part.p_size"], "Plans": [{"Node Type": "Sort", "Parent Relationship": "Outer", "Startup Cost": 1000138288891.56, "Total Cost": 1000138291028.09, "Plan Rows": 854611, "Plan Width": 44, "Sort Key": ["part.p_brand", "part.p_type", "part.p_size"], "Plans": [{"Node Type": "Nested Loop", "Parent Relationship": "Outer", "Join Type": "Anti", "Startup Cost": 10000000000.52, "Total Cost": 1000138204691.41, "Plan Rows": 854611, "Plan Width": 44, "Inner Unique": false, "Plans": [{"Node Type": "Nested Loop", "Parent Relationship": "Outer", "Join Type": "Inner", "Startup Cost": 10000000000.26, "Total Cost": 1000134552934.61, "Plan Rows": 854625, "Plan Width": 44, "Inner Unique": true, "Plans": [{"Node Type": "Index Scan", "Parent Relationship": "Outer", "Scan Direction": "Forward", "Index Name": "idx_partsupp_suppkey", "Relation Name": "partsupp", "Alias": "partsupp", "Startup Cost": 10000000000.0, "Total Cost": 1000100160480.77, "Plan Rows": 8000372, "Plan Width": 16}, {"Node Type": "Bitmap Heap Scan", "Parent Relationship": "Inner", "Relation Name": "part", "Alias": "part", "Startup Cost": 0.26, "Total Cost": 4.29, "Plan Rows": 1, "Plan Width": 44, "Recheck Cond": "(p_partkey = partsupp.ps_partkey)", "Filter": "((p_brand <> 'Brand#34'::bpchar) AND ((p_type)::text !~~ 'LARGE BRUSHED%'::text) AND (p_size = ANY ('{48,19,12,4,41,7,21,39}'::integer[])))", "Plans": [{"Node Type": "Bitmap Index Scan", "Parent Relationship": "Outer", "Index Name": "part_kpey", "Startup Cost": 0.0, "Total Cost": 0.26, "Plan Rows": 1, "Plan Width": 0, "Index Cond": "(p_partkey = partsupp.ps_partkey)"}]}]}, {"Node Type": "Bitmap Heap Scan", "Parent Relationship": "Inner", "Relation Name": "supplier", "Alias": "supplier", "Startup Cost": 0.26, "Total Cost": 4.27, "Plan Rows": 1, "Plan Width": 8, "Recheck Cond": "(partsupp.ps_suppkey = s_suppkey)", "Filter": "((s_comment)::text ~~ '%Customer%Complaints%'::text)", "Plans": [{"Node Type": "Bitmap Index Scan", "Parent Relationship": "Outer", "Index Name": "supplier_pkey", "Startup Cost": 0.0, "Total Cost": 0.26, "Plan Rows": 1, "Plan Width": 0, "Index Cond": "(partsupp.ps_suppkey = s_suppkey)"}]}]}]}]}]}, "Unique SQL Id": 1437012347}, "explain_analyze_plan": null}, "(1, 40)": {"explain_plan": {"Plan": {"Node Type": "Sort", "Startup Cost": 461023.1, "Total Cost": 461092.44, "Plan Rows": 27736, "Plan Width": 52, "Sort Key": ["(count(DISTINCT partsupp.ps_suppkey)) DESC", "part.p_brand", "part.p_type", "part.p_size"], "Plans": [{"Node Type": "Aggregate", "Strategy": "Sorted", "Parent Relationship": "Outer", "Startup Cost": 448016.26, "Total Cost": 458976.25, "Plan Rows": 27736, "Plan Width": 52, "Group By Key": ["part.p_brand", "part.p_type", "part.p_size"], "Plans": [{"Node Type": "Sort", "Parent Relationship": "Outer", "Startup Cost": 448016.26, "Total Cost": 450152.78, "Plan Rows": 854611, "Plan Width": 44, "Sort Key": ["part.p_brand", "part.p_type", "part.p_size"], "Plans": [{"Node Type": "Hash Join", "Parent Relationship": "Outer", "Join Type": "Anti", "Startup Cost": 3533.12, "Total Cost": 363816.1, "Plan Rows": 854611, "Plan Width": 44, "Inner Unique": false, "Hash Cond": "(partsupp.ps_suppkey = supplier.s_suppkey), (LLVM Optimized)", "Plans": [{"Node Type": "Nested Loop", "Parent Relationship": "Outer", "Join Type": "Inner", "Startup Cost": 0.0, "Total Cost": 349594.96, "Plan Rows": 854625, "Plan Width": 44, "Inner Unique": false, "Plans": [{"Node Type": "Seq Scan", "Parent Relationship": "Outer", "Relation Name": "part", "Alias": "part", "Startup Cost": 0.0, "Total Cost": 91944.0, "Plan Rows": 295844, "Plan Width": 44, "Filter": "((p_brand <> 'Brand#34'::bpchar) AND ((p_type)::text !~~ 'LARGE BRUSHED%'::text) AND (p_size = ANY ('{48,19,12,4,41,7,21,39}'::integer[]))), (LLVM Optimized)"}, {"Node Type": "Index Only Scan", "Parent Relationship": "Inner", "Scan Direction": "Forward", "Index Name": "partsupp_pkey", "Relation Name": "partsupp", "Alias": "partsupp", "Startup Cost": 0.0, "Total Cost": 0.84, "Plan Rows": 3, "Plan Width": 16, "Index Cond": "(ps_partkey = part.p_partkey)"}]}, {"Node Type": "Hash", "Parent Relationship": "Inner", "Startup Cost": 3533.0, "Total Cost": 3533.0, "Plan Rows": 10, "Plan Width": 8, "Plans": [{"Node Type": "Seq Scan", "Parent Relationship": "Outer", "Relation Name": "supplier", "Alias": "supplier", "Startup Cost": 0.0, "Total Cost": 3533.0, "Plan Rows": 10, "Plan Width": 8, "Filter": "((s_comment)::text ~~ '%Customer%Complaints%'::text)"}]}]}]}]}]}, "Unique SQL Id": 1437012347}, "explain_analyze_plan": {"Plan": {"Node Type": "Sort", "Startup Cost": 461023.1, "Total Cost": 461092.44, "Plan Rows": 27736, "Plan Width": 52, "Actual Startup Time": 8347.857, "Actual Total Time": 8350.782, "Actual Rows": 27838, "Actual Loops": 1, "Sort Key": ["(count(DISTINCT partsupp.ps_suppkey)) DESC", "part.p_brand", "part.p_type", "part.p_size"], "Sort Method": "quicksort", "Sort Space Used": 5082, "Sort Space Type": "Memory", "Plans": [{"Node Type": "Aggregate", "Strategy": "Sorted", "Parent Relationship": "Outer", "Startup Cost": 448016.26, "Total Cost": 458976.25, "Plan Rows": 27736, "Plan Width": 52, "Actual Startup Time": 7455.228, "Actual Total Time": 8254.354, "Actual Rows": 27838, "Actual Loops": 1, "Group By Key": ["part.p_brand", "part.p_type", "part.p_size"], "Plans": [{"Node Type": "Sort", "Parent Relationship": "Outer", "Startup Cost": 448016.26, "Total Cost": 450152.78, "Plan Rows": 854611, "Plan Width": 44, "Actual Startup Time": 7455.136, "Actual Total Time": 7658.094, "Actual Rows": 1188666, "Actual Loops": 1, "Sort Key": ["part.p_brand", "part.p_type", "part.p_size"], "Sort Method": "quicksort", "Sort Space Used": 233373, "Sort Space Type": "Memory", "Plans": [{"Node Type": "Hash Join", "Parent Relationship": "Outer", "Join Type": "Anti", "Startup Cost": 3533.12, "Total Cost": 363816.1, "Plan Rows": 854611, "Plan Width": 44, "Actual Startup Time": 52.417, "Actual Total Time": 3059.066, "Actual Rows": 1188666, "Actual Loops": 1, "Inner Unique": false, "Hash Cond": "(partsupp.ps_suppkey = supplier.s_suppkey), (LLVM Optimized, Jit Execute)", "Plans": [{"Node Type": "Nested Loop", "Parent Relationship": "Outer", "Join Type": "Inner", "Startup Cost": 0.0, "Total Cost": 349594.96, "Plan Rows": 854625, "Plan Width": 44, "Actual Startup Time": 0.066, "Actual Total Time": 2675.909, "Actual Rows": 1189344, "Actual Loops": 1, "Inner Unique": false, "Plans": [{"Node Type": "Seq Scan", "Parent Relationship": "Outer", "Relation Name": "part", "Alias": "part", "Startup Cost": 0.0, "Total Cost": 91944.0, "Plan Rows": 295844, "Plan Width": 44, "Actual Startup Time": 0.041, "Actual Total Time": 1182.877, "Actual Rows": 297336, "Actual Loops": 1, "Filter": "((p_brand <> 'Brand#34'::bpchar) AND ((p_type)::text !~~ 'LARGE BRUSHED%'::text) AND (p_size = ANY ('{48,19,12,4,41,7,21,39}'::integer[]))), (LLVM Optimized, Jit Execute)", "Rows Removed by Filter": 1702664}, {"Node Type": "Index Only Scan", "Parent Relationship": "Inner", "Scan Direction": "Forward", "Index Name": "partsupp_pkey", "Relation Name": "partsupp", "Alias": "partsupp", "Startup Cost": 0.0, "Total Cost": 0.84, "Plan Rows": 3, "Plan Width": 16, "Actual Startup Time": 847.589, "Actual Total Time": 1080.648, "Actual Rows": 1189344, "Actual Loops": 297336, "Index Cond": "(ps_partkey = part.p_partkey)", "Rows Removed by Index Recheck": 0, "Heap Fetches": 0}]}, {"Node Type": "Hash", "Parent Relationship": "Inner", "Startup Cost": 3533.0, "Total Cost": 3533.0, "Plan Rows": 10, "Plan Width": 8, "Actual Startup Time": 52.297, "Actual Total Time": 52.297, "Actual Rows": 56, "Actual Loops": 1, "Hash Buckets": 32768, "Hash Batches": 1, "Original Hash Batches": 1, "Peak Memory Usage": 3, "Plans": [{"Node Type": "Seq Scan", "Parent Relationship": "Outer", "Relation Name": "supplier", "Alias": "supplier", "Startup Cost": 0.0, "Total Cost": 3533.0, "Plan Rows": 10, "Plan Width": 8, "Actual Startup Time": 0.21, "Actual Total Time": 52.243, "Actual Rows": 56, "Actual Loops": 1, "Filter": "((s_comment)::text ~~ '%Customer%Complaints%'::text)", "Rows Removed by Filter": 99944}]}]}]}]}]}, "Triggers": [], "Planner Runtime": 1.141, "Total Runtime": 8363.004, "Unique SQL Id": 1437012347}}, "(1, 41)": {"explain_plan": {"Plan": {"Node Type": "Sort", "Startup Cost": 501933.89, "Total Cost": 502003.23, "Plan Rows": 27736, "Plan Width": 52, "Sort Key": ["(count(DISTINCT partsupp.ps_suppkey)) DESC", "part.p_brand", "part.p_type", "part.p_size"], "Plans": [{"Node Type": "Aggregate", "Strategy": "Sorted", "Parent Relationship": "Outer", "Startup Cost": 488927.05, "Total Cost": 499887.05, "Plan Rows": 27736, "Plan Width": 52, "Group By Key": ["part.p_brand", "part.p_type", "part.p_size"], "Plans": [{"Node Type": "Sort", "Parent Relationship": "Outer", "Startup Cost": 488927.05, "Total Cost": 491063.58, "Plan Rows": 854611, "Plan Width": 44, "Sort Key": ["part.p_brand", "part.p_type", "part.p_size"], "Plans": [{"Node Type": "Hash Join", "Parent Relationship": "Outer", "Join Type": "Anti", "Startup Cost": 5584.67, "Total Cost": 404726.89, "Plan Rows": 854611, "Plan Width": 44, "Inner Unique": false, "Hash Cond": "(partsupp.ps_suppkey = supplier.s_suppkey), (LLVM Optimized)", "Plans": [{"Node Type": "Nested Loop", "Parent Relationship": "Outer", "Join Type": "Inner", "Startup Cost": 0.0, "Total Cost": 388454.21, "Plan Rows": 854625, "Plan Width": 44, "Inner Unique": false, "Plans": [{"Node Type": "Index Scan", "Parent Relationship": "Outer", "Scan Direction": "Forward", "Index Name": "part_kpey", "Relation Name": "part", "Alias": "part", "Startup Cost": 0.0, "Total Cost": 130803.25, "Plan Rows": 295844, "Plan Width": 44, "Filter": "((p_brand <> 'Brand#34'::bpchar) AND ((p_type)::text !~~ 'LARGE BRUSHED%'::text) AND (p_size = ANY ('{48,19,12,4,41,7,21,39}'::integer[]))), (LLVM Optimized)"}, {"Node Type": "Index Only Scan", "Parent Relationship": "Inner", "Scan Direction": "Forward", "Index Name": "partsupp_pkey", "Relation Name": "partsupp", "Alias": "partsupp", "Startup Cost": 0.0, "Total Cost": 0.84, "Plan Rows": 3, "Plan Width": 16, "Index Cond": "(ps_partkey = part.p_partkey)"}]}, {"Node Type": "Hash", "Parent Relationship": "Inner", "Startup Cost": 5584.54, "Total Cost": 5584.54, "Plan Rows": 10, "Plan Width": 8, "Plans": [{"Node Type": "Index Scan", "Parent Relationship": "Outer", "Scan Direction": "Forward", "Index Name": "supplier_pkey", "Relation Name": "supplier", "Alias": "supplier", "Startup Cost": 0.0, "Total Cost": 5584.54, "Plan Rows": 10, "Plan Width": 8, "Filter": "((s_comment)::text ~~ '%Customer%Complaints%'::text)"}]}]}]}]}]}, "Unique SQL Id": 1437012347}, "explain_analyze_plan": {"Plan": {"Node Type": "Sort", "Startup Cost": 501933.89, "Total Cost": 502003.23, "Plan Rows": 27736, "Plan Width": 52, "Actual Startup Time": 9276.147, "Actual Total Time": 9279.091, "Actual Rows": 27838, "Actual Loops": 1, "Sort Key": ["(count(DISTINCT partsupp.ps_suppkey)) DESC", "part.p_brand", "part.p_type", "part.p_size"], "Sort Method": "quicksort", "Sort Space Used": 5082, "Sort Space Type": "Memory", "Plans": [{"Node Type": "Aggregate", "Strategy": "Sorted", "Parent Relationship": "Outer", "Startup Cost": 488927.05, "Total Cost": 499887.05, "Plan Rows": 27736, "Plan Width": 52, "Actual Startup Time": 8174.969, "Actual Total Time": 9178.461, "Actual Rows": 27838, "Actual Loops": 1, "Group By Key": ["part.p_brand", "part.p_type", "part.p_size"], "Plans": [{"Node Type": "Sort", "Parent Relationship": "Outer", "Startup Cost": 488927.05, "Total Cost": 491063.58, "Plan Rows": 854611, "Plan Width": 44, "Actual Startup Time": 8174.884, "Actual Total Time": 8529.299, "Actual Rows": 1188666, "Actual Loops": 1, "Sort Key": ["part.p_brand", "part.p_type", "part.p_size"], "Sort Method": "quicksort", "Sort Space Used": 233373, "Sort Space Type": "Memory", "Plans": [{"Node Type": "Hash Join", "Parent Relationship": "Outer", "Join Type": "Anti", "Startup Cost": 5584.67, "Total Cost": 404726.89, "Plan Rows": 854611, "Plan Width": 44, "Actual Startup Time": 75.296, "Actual Total Time": 3920.806, "Actual Rows": 1188666, "Actual Loops": 1, "Inner Unique": false, "Hash Cond": "(partsupp.ps_suppkey = supplier.s_suppkey), (LLVM Optimized, Jit Execute)", "Plans": [{"Node Type": "Nested Loop", "Parent Relationship": "Outer", "Join Type": "Inner", "Startup Cost": 0.0, "Total Cost": 388454.21, "Plan Rows": 854625, "Plan Width": 44, "Actual Startup Time": 0.065, "Actual Total Time": 3515.424, "Actual Rows": 1189344, "Actual Loops": 1, "Inner Unique": false, "Plans": [{"Node Type": "Index Scan", "Parent Relationship": "Outer", "Scan Direction": "Forward", "Index Name": "part_kpey", "Relation Name": "part", "Alias": "part", "Startup Cost": 0.0, "Total Cost": 130803.25, "Plan Rows": 295844, "Plan Width": 44, "Actual Startup Time": 0.046, "Actual Total Time": 1974.121, "Actual Rows": 297336, "Actual Loops": 1, "Filter": "((p_brand <> 'Brand#34'::bpchar) AND ((p_type)::text !~~ 'LARGE BRUSHED%'::text) AND (p_size = ANY ('{48,19,12,4,41,7,21,39}'::integer[]))), (LLVM Optimized, Jit Execute)", "Rows Removed by Filter": 1702664}, {"Node Type": "Index Only Scan", "Parent Relationship": "Inner", "Scan Direction": "Forward", "Index Name": "partsupp_pkey", "Relation Name": "partsupp", "Alias": "partsupp", "Startup Cost": 0.0, "Total Cost": 0.84, "Plan Rows": 3, "Plan Width": 16, "Actual Startup Time": 904.578, "Actual Total Time": 1129.474, "Actual Rows": 1189344, "Actual Loops": 297336, "Index Cond": "(ps_partkey = part.p_partkey)", "Rows Removed by Index Recheck": 0, "Heap Fetches": 0}]}, {"Node Type": "Hash", "Parent Relationship": "Inner", "Startup Cost": 5584.54, "Total Cost": 5584.54, "Plan Rows": 10, "Plan Width": 8, "Actual Startup Time": 75.185, "Actual Total Time": 75.185, "Actual Rows": 56, "Actual Loops": 1, "Hash Buckets": 32768, "Hash Batches": 1, "Original Hash Batches": 1, "Peak Memory Usage": 3, "Plans": [{"Node Type": "Index Scan", "Parent Relationship": "Outer", "Scan Direction": "Forward", "Index Name": "supplier_pkey", "Relation Name": "supplier", "Alias": "supplier", "Startup Cost": 0.0, "Total Cost": 5584.54, "Plan Rows": 10, "Plan Width": 8, "Actual Startup Time": 0.294, "Actual Total Time": 75.114, "Actual Rows": 56, "Actual Loops": 1, "Filter": "((s_comment)::text ~~ '%Customer%Complaints%'::text)", "Rows Removed by Filter": 99944}]}]}]}]}]}, "Triggers": [], "Planner Runtime": 1.153, "Total Runtime": 9290.89, "Unique SQL Id": 1437012347}}, "(1, 42)": {"explain_plan": {"Plan": {"Node Type": "Sort", "Startup Cost": 515600.3, "Total Cost": 515669.64, "Plan Rows": 27736, "Plan Width": 52, "Sort Key": ["(count(DISTINCT partsupp.ps_suppkey)) DESC", "part.p_brand", "part.p_type", "part.p_size"], "Plans": [{"Node Type": "Aggregate", "Strategy": "Sorted", "Parent Relationship": "Outer", "Startup Cost": 502593.46, "Total Cost": 513553.46, "Plan Rows": 27736, "Plan Width": 52, "Group By Key": ["part.p_brand", "part.p_type", "part.p_size"], "Plans": [{"Node Type": "Sort", "Parent Relationship": "Outer", "Startup Cost": 502593.46, "Total Cost": 504729.99, "Plan Rows": 854611, "Plan Width": 44, "Sort Key": ["part.p_brand", "part.p_type", "part.p_size"], "Plans": [{"Node Type": "Hash Join", "Parent Relationship": "Outer", "Join Type": "Anti", "Startup Cost": 99175.18, "Total Cost": 418393.3, "Plan Rows": 854611, "Plan Width": 44, "Inner Unique": false, "Hash Cond": "(partsupp.ps_suppkey = supplier.s_suppkey), (LLVM Optimized)", "Plans": [{"Node Type": "Hash Join", "Parent Relationship": "Outer", "Join Type": "Inner", "Startup Cost": 95642.05, "Total Cost": 404177.41, "Plan Rows": 854625, "Plan Width": 44, "Inner Unique": true, "Hash Cond": "(partsupp.ps_partkey = part.p_partkey), (LLVM Optimized)", "Plans": [{"Node Type": "Seq Scan", "Parent Relationship": "Outer", "Relation Name": "partsupp", "Alias": "partsupp", "Startup Cost": 0.0, "Total Cost": 269987.72, "Plan Rows": 8000372, "Plan Width": 16}, {"Node Type": "Hash", "Parent Relationship": "Inner", "Startup Cost": 91944.0, "Total Cost": 91944.0, "Plan Rows": 295844, "Plan Width": 44, "Plans": [{"Node Type": "Seq Scan", "Parent Relationship": "Outer", "Relation Name": "part", "Alias": "part", "Startup Cost": 0.0, "Total Cost": 91944.0, "Plan Rows": 295844, "Plan Width": 44, "Filter": "((p_brand <> 'Brand#34'::bpchar) AND ((p_type)::text !~~ 'LARGE BRUSHED%'::text) AND (p_size = ANY ('{48,19,12,4,41,7,21,39}'::integer[]))), (LLVM Optimized)"}]}]}, {"Node Type": "Hash", "Parent Relationship": "Inner", "Startup Cost": 3533.0, "Total Cost": 3533.0, "Plan Rows": 10, "Plan Width": 8, "Plans": [{"Node Type": "Seq Scan", "Parent Relationship": "Outer", "Relation Name": "supplier", "Alias": "supplier", "Startup Cost": 0.0, "Total Cost": 3533.0, "Plan Rows": 10, "Plan Width": 8, "Filter": "((s_comment)::text ~~ '%Customer%Complaints%'::text)"}]}]}]}]}]}, "Unique SQL Id": 1437012347}, "explain_analyze_plan": {"Plan": {"Node Type": "Sort", "Startup Cost": 515600.3, "Total Cost": 515669.64, "Plan Rows": 27736, "Plan Width": 52, "Actual Startup Time": 11497.658, "Actual Total Time": 11500.717, "Actual Rows": 27838, "Actual Loops": 1, "Sort Key": ["(count(DISTINCT partsupp.ps_suppkey)) DESC", "part.p_brand", "part.p_type", "part.p_size"], "Sort Method": "quicksort", "Sort Space Used": 5082, "Sort Space Type": "Memory", "Plans": [{"Node Type": "Aggregate", "Strategy": "Sorted", "Parent Relationship": "Outer", "Startup Cost": 502593.46, "Total Cost": 513553.46, "Plan Rows": 27736, "Plan Width": 52, "Actual Startup Time": 10600.832, "Actual Total Time": 11403.77, "Actual Rows": 27838, "Actual Loops": 1, "Group By Key": ["part.p_brand", "part.p_type", "part.p_size"], "Plans": [{"Node Type": "Sort", "Parent Relationship": "Outer", "Startup Cost": 502593.46, "Total Cost": 504729.99, "Plan Rows": 854611, "Plan Width": 44, "Actual Startup Time": 10600.662, "Actual Total Time": 10805.964, "Actual Rows": 1188666, "Actual Loops": 1, "Sort Key": ["part.p_brand", "part.p_type", "part.p_size"], "Sort Method": "quicksort", "Sort Space Used": 233373, "Sort Space Type": "Memory", "Plans": [{"Node Type": "Hash Join", "Parent Relationship": "Outer", "Join Type": "Anti", "Startup Cost": 99175.18, "Total Cost": 418393.3, "Plan Rows": 854611, "Plan Width": 44, "Actual Startup Time": 1364.023, "Actual Total Time": 6195.986, "Actual Rows": 1188666, "Actual Loops": 1, "Inner Unique": false, "Hash Cond": "(partsupp.ps_suppkey = supplier.s_suppkey), (LLVM Optimized, Jit Execute)", "Plans": [{"Node Type": "Hash Join", "Parent Relationship": "Outer", "Join Type": "Inner", "Startup Cost": 95642.05, "Total Cost": 404177.41, "Plan Rows": 854625, "Plan Width": 44, "Actual Startup Time": 1311.723, "Actual Total Time": 5817.919, "Actual Rows": 1189344, "Actual Loops": 1, "Inner Unique": true, "Hash Cond": "(partsupp.ps_partkey = part.p_partkey), (LLVM Optimized, Jit Execute)", "Plans": [{"Node Type": "Seq Scan", "Parent Relationship": "Outer", "Relation Name": "partsupp", "Alias": "partsupp", "Startup Cost": 0.0, "Total Cost": 269987.72, "Plan Rows": 8000372, "Plan Width": 16, "Actual Startup Time": 0.018, "Actual Total Time": 2435.195, "Actual Rows": 8000000, "Actual Loops": 1}, {"Node Type": "Hash", "Parent Relationship": "Inner", "Startup Cost": 91944.0, "Total Cost": 91944.0, "Plan Rows": 295844, "Plan Width": 44, "Actual Startup Time": 1310.915, "Actual Total Time": 1310.915, "Actual Rows": 297336, "Actual Loops": 1, "Hash Buckets": 524288, "Hash Batches": 1, "Original Hash Batches": 1, "Peak Memory Usage": 23216, "Plans": [{"Node Type": "Seq Scan", "Parent Relationship": "Outer", "Relation Name": "part", "Alias": "part", "Startup Cost": 0.0, "Total Cost": 91944.0, "Plan Rows": 295844, "Plan Width": 44, "Actual Startup Time": 0.025, "Actual Total Time": 1163.672, "Actual Rows": 297336, "Actual Loops": 1, "Filter": "((p_brand <> 'Brand#34'::bpchar) AND ((p_type)::text !~~ 'LARGE BRUSHED%'::text) AND (p_size = ANY ('{48,19,12,4,41,7,21,39}'::integer[]))), (LLVM Optimized, Jit Execute)", "Rows Removed by Filter": 1702664}]}]}, {"Node Type": "Hash", "Parent Relationship": "Inner", "Startup Cost": 3533.0, "Total Cost": 3533.0, "Plan Rows": 10, "Plan Width": 8, "Actual Startup Time": 52.21, "Actual Total Time": 52.21, "Actual Rows": 56, "Actual Loops": 1, "Hash Buckets": 32768, "Hash Batches": 1, "Original Hash Batches": 1, "Peak Memory Usage": 3, "Plans": [{"Node Type": "Seq Scan", "Parent Relationship": "Outer", "Relation Name": "supplier", "Alias": "supplier", "Startup Cost": 0.0, "Total Cost": 3533.0, "Plan Rows": 10, "Plan Width": 8, "Actual Startup Time": 0.239, "Actual Total Time": 52.158, "Actual Rows": 56, "Actual Loops": 1, "Filter": "((s_comment)::text ~~ '%Customer%Complaints%'::text)", "Rows Removed by Filter": 99944}]}]}]}]}]}, "Triggers": [], "Planner Runtime": 1.122, "Total Runtime": 11512.885, "Unique SQL Id": 1437012347}}, "(1, 43)": {"explain_plan": {"Plan": {"Node Type": "Sort", "Startup Cost": 3000041613408.57, "Total Cost": 3000041613477.91, "Plan Rows": 27736, "Plan Width": 52, "Sort Key": ["(count(DISTINCT partsupp.ps_suppkey)) DESC", "part.p_brand", "part.p_type", "part.p_size"], "Plans": [{"Node Type": "Aggregate", "Strategy": "Sorted", "Parent Relationship": "Outer", "Startup Cost": 3000041600401.72, "Total Cost": 3000041611361.72, "Plan Rows": 27736, "Plan Width": 52, "Group By Key": ["part.p_brand", "part.p_type", "part.p_size"], "Plans": [{"Node Type": "Sort", "Parent Relationship": "Outer", "Startup Cost": 3000041600401.72, "Total Cost": 3000041602538.25, "Plan Rows": 854611, "Plan Width": 44, "Sort Key": ["part.p_brand", "part.p_type", "part.p_size"], "Plans": [{"Node Type": "Nested Loop", "Parent Relationship": "Outer", "Join Type": "Anti", "Startup Cost": 1020013084023.05, "Total Cost": 3000041516201.57, "Plan Rows": 854611, "Plan Width": 44, "Inner Unique": false, "Join Filter": "(partsupp.ps_suppkey = supplier.s_suppkey), (LLVM Optimized)", "Plans": [{"Node Type": "Hash Join", "Parent Relationship": "Outer", "Join Type": "Inner", "Startup Cost": 1010013084023.05, "Total Cost": 2000040829553.7, "Plan Rows": 854625, "Plan Width": 44, "Inner Unique": true, "Hash Cond": "(partsupp.ps_partkey = part.p_partkey), (LLVM Optimized)", "Plans": [{"Node Type": "Index Only Scan", "Parent Relationship": "Outer", "Scan Direction": "Forward", "Index Name": "partsupp_pkey", "Relation Name": "partsupp", "Alias": "partsupp", "Startup Cost": 10000000000.0, "Total Cost": 1000027706983.0, "Plan Rows": 8000372, "Plan Width": 16}, {"Node Type": "Hash", "Parent Relationship": "Inner", "Startup Cost": 1000013080325.0, "Total Cost": 1000013080325.0, "Plan Rows": 295844, "Plan Width": 44, "Plans": [{"Node Type": "Index Scan", "Parent Relationship": "Outer", "Scan Direction": "Forward", "Index Name": "part_kpey", "Relation Name": "part", "Alias": "part", "Startup Cost": 10000000000.0, "Total Cost": 1000013080325.0, "Plan Rows": 295844, "Plan Width": 44, "Filter": "((p_brand <> 'Brand#34'::bpchar) AND ((p_type)::text !~~ 'LARGE BRUSHED%'::text) AND (p_size = ANY ('{48,19,12,4,41,7,21,39}'::integer[]))), (LLVM Optimized)"}]}]}, {"Node Type": "Materialize", "Parent Relationship": "Inner", "Startup Cost": 10000000000.0, "Total Cost": 1000000558454.43, "Plan Rows": 10, "Plan Width": 8, "Plans": [{"Node Type": "Index Scan", "Parent Relationship": "Outer", "Scan Direction": "Forward", "Index Name": "supplier_pkey", "Relation Name": "supplier", "Alias": "supplier", "Startup Cost": 10000000000.0, "Total Cost": 1000000558454.38, "Plan Rows": 10, "Plan Width": 8, "Filter": "((s_comment)::text ~~ '%Customer%Complaints%'::text)"}]}]}]}]}]}, "Unique SQL Id": 1437012347}, "explain_analyze_plan": null}, "(1, 44)": {"explain_plan": {"Plan": {"Node Type": "Sort", "Startup Cost": 515600.3, "Total Cost": 515669.64, "Plan Rows": 27736, "Plan Width": 52, "Sort Key": ["(count(DISTINCT partsupp.ps_suppkey)) DESC", "part.p_brand", "part.p_type", "part.p_size"], "Plans": [{"Node Type": "Aggregate", "Strategy": "Sorted", "Parent Relationship": "Outer", "Startup Cost": 502593.46, "Total Cost": 513553.46, "Plan Rows": 27736, "Plan Width": 52, "Group By Key": ["part.p_brand", "part.p_type", "part.p_size"], "Plans": [{"Node Type": "Sort", "Parent Relationship": "Outer", "Startup Cost": 502593.46, "Total Cost": 504729.99, "Plan Rows": 854611, "Plan Width": 44, "Sort Key": ["part.p_brand", "part.p_type", "part.p_size"], "Plans": [{"Node Type": "Hash Join", "Parent Relationship": "Outer", "Join Type": "Anti", "Startup Cost": 99175.18, "Total Cost": 418393.3, "Plan Rows": 854611, "Plan Width": 44, "Inner Unique": false, "Hash Cond": "(partsupp.ps_suppkey = supplier.s_suppkey), (LLVM Optimized)", "Plans": [{"Node Type": "Hash Join", "Parent Relationship": "Outer", "Join Type": "Inner", "Startup Cost": 95642.05, "Total Cost": 404177.41, "Plan Rows": 854625, "Plan Width": 44, "Inner Unique": true, "Hash Cond": "(partsupp.ps_partkey = part.p_partkey), (LLVM Optimized)", "Plans": [{"Node Type": "Seq Scan", "Parent Relationship": "Outer", "Relation Name": "partsupp", "Alias": "partsupp", "Startup Cost": 0.0, "Total Cost": 269987.72, "Plan Rows": 8000372, "Plan Width": 16}, {"Node Type": "Hash", "Parent Relationship": "Inner", "Startup Cost": 91944.0, "Total Cost": 91944.0, "Plan Rows": 295844, "Plan Width": 44, "Plans": [{"Node Type": "Seq Scan", "Parent Relationship": "Outer", "Relation Name": "part", "Alias": "part", "Startup Cost": 0.0, "Total Cost": 91944.0, "Plan Rows": 295844, "Plan Width": 44, "Filter": "((p_brand <> 'Brand#34'::bpchar) AND ((p_type)::text !~~ 'LARGE BRUSHED%'::text) AND (p_size = ANY ('{48,19,12,4,41,7,21,39}'::integer[]))), (LLVM Optimized)"}]}]}, {"Node Type": "Hash", "Parent Relationship": "Inner", "Startup Cost": 3533.0, "Total Cost": 3533.0, "Plan Rows": 10, "Plan Width": 8, "Plans": [{"Node Type": "Seq Scan", "Parent Relationship": "Outer", "Relation Name": "supplier", "Alias": "supplier", "Startup Cost": 0.0, "Total Cost": 3533.0, "Plan Rows": 10, "Plan Width": 8, "Filter": "((s_comment)::text ~~ '%Customer%Complaints%'::text)"}]}]}]}]}]}, "Unique SQL Id": 1437012347}, "explain_analyze_plan": {"Plan": {"Node Type": "Sort", "Startup Cost": 515600.3, "Total Cost": 515669.64, "Plan Rows": 27736, "Plan Width": 52, "Actual Startup Time": 11497.658, "Actual Total Time": 11500.717, "Actual Rows": 27838, "Actual Loops": 1, "Sort Key": ["(count(DISTINCT partsupp.ps_suppkey)) DESC", "part.p_brand", "part.p_type", "part.p_size"], "Sort Method": "quicksort", "Sort Space Used": 5082, "Sort Space Type": "Memory", "Plans": [{"Node Type": "Aggregate", "Strategy": "Sorted", "Parent Relationship": "Outer", "Startup Cost": 502593.46, "Total Cost": 513553.46, "Plan Rows": 27736, "Plan Width": 52, "Actual Startup Time": 10600.832, "Actual Total Time": 11403.77, "Actual Rows": 27838, "Actual Loops": 1, "Group By Key": ["part.p_brand", "part.p_type", "part.p_size"], "Plans": [{"Node Type": "Sort", "Parent Relationship": "Outer", "Startup Cost": 502593.46, "Total Cost": 504729.99, "Plan Rows": 854611, "Plan Width": 44, "Actual Startup Time": 10600.662, "Actual Total Time": 10805.964, "Actual Rows": 1188666, "Actual Loops": 1, "Sort Key": ["part.p_brand", "part.p_type", "part.p_size"], "Sort Method": "quicksort", "Sort Space Used": 233373, "Sort Space Type": "Memory", "Plans": [{"Node Type": "Hash Join", "Parent Relationship": "Outer", "Join Type": "Anti", "Startup Cost": 99175.18, "Total Cost": 418393.3, "Plan Rows": 854611, "Plan Width": 44, "Actual Startup Time": 1364.023, "Actual Total Time": 6195.986, "Actual Rows": 1188666, "Actual Loops": 1, "Inner Unique": false, "Hash Cond": "(partsupp.ps_suppkey = supplier.s_suppkey), (LLVM Optimized, Jit Execute)", "Plans": [{"Node Type": "Hash Join", "Parent Relationship": "Outer", "Join Type": "Inner", "Startup Cost": 95642.05, "Total Cost": 404177.41, "Plan Rows": 854625, "Plan Width": 44, "Actual Startup Time": 1311.723, "Actual Total Time": 5817.919, "Actual Rows": 1189344, "Actual Loops": 1, "Inner Unique": true, "Hash Cond": "(partsupp.ps_partkey = part.p_partkey), (LLVM Optimized, Jit Execute)", "Plans": [{"Node Type": "Seq Scan", "Parent Relationship": "Outer", "Relation Name": "partsupp", "Alias": "partsupp", "Startup Cost": 0.0, "Total Cost": 269987.72, "Plan Rows": 8000372, "Plan Width": 16, "Actual Startup Time": 0.018, "Actual Total Time": 2435.195, "Actual Rows": 8000000, "Actual Loops": 1}, {"Node Type": "Hash", "Parent Relationship": "Inner", "Startup Cost": 91944.0, "Total Cost": 91944.0, "Plan Rows": 295844, "Plan Width": 44, "Actual Startup Time": 1310.915, "Actual Total Time": 1310.915, "Actual Rows": 297336, "Actual Loops": 1, "Hash Buckets": 524288, "Hash Batches": 1, "Original Hash Batches": 1, "Peak Memory Usage": 23216, "Plans": [{"Node Type": "Seq Scan", "Parent Relationship": "Outer", "Relation Name": "part", "Alias": "part", "Startup Cost": 0.0, "Total Cost": 91944.0, "Plan Rows": 295844, "Plan Width": 44, "Actual Startup Time": 0.025, "Actual Total Time": 1163.672, "Actual Rows": 297336, "Actual Loops": 1, "Filter": "((p_brand <> 'Brand#34'::bpchar) AND ((p_type)::text !~~ 'LARGE BRUSHED%'::text) AND (p_size = ANY ('{48,19,12,4,41,7,21,39}'::integer[]))), (LLVM Optimized, Jit Execute)", "Rows Removed by Filter": 1702664}]}]}, {"Node Type": "Hash", "Parent Relationship": "Inner", "Startup Cost": 3533.0, "Total Cost": 3533.0, "Plan Rows": 10, "Plan Width": 8, "Actual Startup Time": 52.21, "Actual Total Time": 52.21, "Actual Rows": 56, "Actual Loops": 1, "Hash Buckets": 32768, "Hash Batches": 1, "Original Hash Batches": 1, "Peak Memory Usage": 3, "Plans": [{"Node Type": "Seq Scan", "Parent Relationship": "Outer", "Relation Name": "supplier", "Alias": "supplier", "Startup Cost": 0.0, "Total Cost": 3533.0, "Plan Rows": 10, "Plan Width": 8, "Actual Startup Time": 0.239, "Actual Total Time": 52.158, "Actual Rows": 56, "Actual Loops": 1, "Filter": "((s_comment)::text ~~ '%Customer%Complaints%'::text)", "Rows Removed by Filter": 99944}]}]}]}]}]}, "Triggers": [], "Planner Runtime": 1.122, "Total Runtime": 11512.885, "Unique SQL Id": 1437012347}}, "(1, 45)": {"explain_plan": {"Plan": {"Node Type": "Sort", "Startup Cost": 718008.41, "Total Cost": 718077.75, "Plan Rows": 27736, "Plan Width": 52, "Sort Key": ["(count(DISTINCT partsupp.ps_suppkey)) DESC", "part.p_brand", "part.p_type", "part.p_size"], "Plans": [{"Node Type": "Aggregate", "Strategy": "Sorted", "Parent Relationship": "Outer", "Startup Cost": 705001.57, "Total Cost": 715961.56, "Plan Rows": 27736, "Plan Width": 52, "Group By Key": ["part.p_brand", "part.p_type", "part.p_size"], "Plans": [{"Node Type": "Sort", "Parent Relationship": "Outer", "Startup Cost": 705001.57, "Total Cost": 707138.09, "Plan Rows": 854611, "Plan Width": 44, "Sort Key": ["part.p_brand", "part.p_type", "part.p_size"], "Plans": [{"Node Type": "Hash Join", "Parent Relationship": "Outer", "Join Type": "Anti", "Startup Cost": 140085.97, "Total Cost": 620801.41, "Plan Rows": 854611, "Plan Width": 44, "Inner Unique": false, "Hash Cond": "(partsupp.ps_suppkey = supplier.s_suppkey), (LLVM Optimized)", "Plans": [{"Node Type": "Hash Join", "Parent Relationship": "Outer", "Join Type": "Inner", "Startup Cost": 134501.3, "Total Cost": 604533.98, "Plan Rows": 854625, "Plan Width": 44, "Inner Unique": true, "Hash Cond": "(partsupp.ps_partkey = part.p_partkey), (LLVM Optimized)", "Plans": [{"Node Type": "Index Scan", "Parent Relationship": "Outer", "Scan Direction": "Forward", "Index Name": "idx_partsupp_partkey", "Relation Name": "partsupp", "Alias": "partsupp", "Startup Cost": 0.0, "Total Cost": 431485.03, "Plan Rows": 8000372, "Plan Width": 16}, {"Node Type": "Hash", "Parent Relationship": "Inner", "Startup Cost": 130803.25, "Total Cost": 130803.25, "Plan Rows": 295844, "Plan Width": 44, "Plans": [{"Node Type": "Index Scan", "Parent Relationship": "Outer", "Scan Direction": "Forward", "Index Name": "part_kpey", "Relation Name": "part", "Alias": "part", "Startup Cost": 0.0, "Total Cost": 130803.25, "Plan Rows": 295844, "Plan Width": 44, "Filter": "((p_brand <> 'Brand#34'::bpchar) AND ((p_type)::text !~~ 'LARGE BRUSHED%'::text) AND (p_size = ANY ('{48,19,12,4,41,7,21,39}'::integer[]))), (LLVM Optimized)"}]}]}, {"Node Type": "Hash", "Parent Relationship": "Inner", "Startup Cost": 5584.54, "Total Cost": 5584.54, "Plan Rows": 10, "Plan Width": 8, "Plans": [{"Node Type": "Index Scan", "Parent Relationship": "Outer", "Scan Direction": "Forward", "Index Name": "supplier_pkey", "Relation Name": "supplier", "Alias": "supplier", "Startup Cost": 0.0, "Total Cost": 5584.54, "Plan Rows": 10, "Plan Width": 8, "Filter": "((s_comment)::text ~~ '%Customer%Complaints%'::text)"}]}]}]}]}]}, "Unique SQL Id": 1437012347}, "explain_analyze_plan": {"Plan": {"Node Type": "Sort", "Startup Cost": 718008.41, "Total Cost": 718077.75, "Plan Rows": 27736, "Plan Width": 52, "Actual Startup Time": 14805.12, "Actual Total Time": 14808.062, "Actual Rows": 27838, "Actual Loops": 1, "Sort Key": ["(count(DISTINCT partsupp.ps_suppkey)) DESC", "part.p_brand", "part.p_type", "part.p_size"], "Sort Method": "quicksort", "Sort Space Used": 5082, "Sort Space Type": "Memory", "Plans": [{"Node Type": "Aggregate", "Strategy": "Sorted", "Parent Relationship": "Outer", "Startup Cost": 705001.57, "Total Cost": 715961.56, "Plan Rows": 27736, "Plan Width": 52, "Actual Startup Time": 13727.69, "Actual Total Time": 14707.093, "Actual Rows": 27838, "Actual Loops": 1, "Group By Key": ["part.p_brand", "part.p_type", "part.p_size"], "Plans": [{"Node Type": "Sort", "Parent Relationship": "Outer", "Startup Cost": 705001.57, "Total Cost": 707138.09, "Plan Rows": 854611, "Plan Width": 44, "Actual Startup Time": 13727.584, "Actual Total Time": 14061.121, "Actual Rows": 1188666, "Actual Loops": 1, "Sort Key": ["part.p_brand", "part.p_type", "part.p_size"], "Sort Method": "quicksort", "Sort Space Used": 233373, "Sort Space Type": "Memory", "Plans": [{"Node Type": "Hash Join", "Parent Relationship": "Outer", "Join Type": "Anti", "Startup Cost": 140085.97, "Total Cost": 620801.41, "Plan Rows": 854611, "Plan Width": 44, "Actual Startup Time": 2265.616, "Actual Total Time": 9684.509, "Actual Rows": 1188666, "Actual Loops": 1, "Inner Unique": false, "Hash Cond": "(partsupp.ps_suppkey = supplier.s_suppkey), (LLVM Optimized, Jit Execute)", "Plans": [{"Node Type": "Hash Join", "Parent Relationship": "Outer", "Join Type": "Inner", "Startup Cost": 134501.3, "Total Cost": 604533.98, "Plan Rows": 854625, "Plan Width": 44, "Actual Startup Time": 2190.529, "Actual Total Time": 9284.484, "Actual Rows": 1189344, "Actual Loops": 1, "Inner Unique": true, "Hash Cond": "(partsupp.ps_partkey = part.p_partkey), (LLVM Optimized, Jit Execute)", "Plans": [{"Node Type": "Index Scan", "Parent Relationship": "Outer", "Scan Direction": "Forward", "Index Name": "idx_partsupp_partkey", "Relation Name": "partsupp", "Alias": "partsupp", "Startup Cost": 0.0, "Total Cost": 431485.03, "Plan Rows": 8000372, "Plan Width": 16, "Actual Startup Time": 0.035, "Actual Total Time": 4966.306, "Actual Rows": 8000000, "Actual Loops": 1}, {"Node Type": "Hash", "Parent Relationship": "Inner", "Startup Cost": 130803.25, "Total Cost": 130803.25, "Plan Rows": 295844, "Plan Width": 44, "Actual Startup Time": 2190.14, "Actual Total Time": 2190.14, "Actual Rows": 297336, "Actual Loops": 1, "Hash Buckets": 524288, "Hash Batches": 1, "Original Hash Batches": 1, "Peak Memory Usage": 23216, "Plans": [{"Node Type": "Index Scan", "Parent Relationship": "Outer", "Scan Direction": "Forward", "Index Name": "part_kpey", "Relation Name": "part", "Alias": "part", "Startup Cost": 0.0, "Total Cost": 130803.25, "Plan Rows": 295844, "Plan Width": 44, "Actual Startup Time": 0.042, "Actual Total Time": 2040.217, "Actual Rows": 297336, "Actual Loops": 1, "Filter": "((p_brand <> 'Brand#34'::bpchar) AND ((p_type)::text !~~ 'LARGE BRUSHED%'::text) AND (p_size = ANY ('{48,19,12,4,41,7,21,39}'::integer[]))), (LLVM Optimized, Jit Execute)", "Rows Removed by Filter": 1702664}]}]}, {"Node Type": "Hash", "Parent Relationship": "Inner", "Startup Cost": 5584.54, "Total Cost": 5584.54, "Plan Rows": 10, "Plan Width": 8, "Actual Startup Time": 75.018, "Actual Total Time": 75.018, "Actual Rows": 56, "Actual Loops": 1, "Hash Buckets": 32768, "Hash Batches": 1, "Original Hash Batches": 1, "Peak Memory Usage": 3, "Plans": [{"Node Type": "Index Scan", "Parent Relationship": "Outer", "Scan Direction": "Forward", "Index Name": "supplier_pkey", "Relation Name": "supplier", "Alias": "supplier", "Startup Cost": 0.0, "Total Cost": 5584.54, "Plan Rows": 10, "Plan Width": 8, "Actual Startup Time": 0.32, "Actual Total Time": 74.952, "Actual Rows": 56, "Actual Loops": 1, "Filter": "((s_comment)::text ~~ '%Customer%Complaints%'::text)", "Rows Removed by Filter": 99944}]}]}]}]}]}, "Triggers": [], "Planner Runtime": 0.835, "Total Runtime": 14820.181, "Unique SQL Id": 1437012347}}, "(1, 46)": {"explain_plan": {"Plan": {"Node Type": "Sort", "Startup Cost": 515600.3, "Total Cost": 515669.64, "Plan Rows": 27736, "Plan Width": 52, "Sort Key": ["(count(DISTINCT partsupp.ps_suppkey)) DESC", "part.p_brand", "part.p_type", "part.p_size"], "Plans": [{"Node Type": "Aggregate", "Strategy": "Sorted", "Parent Relationship": "Outer", "Startup Cost": 502593.46, "Total Cost": 513553.46, "Plan Rows": 27736, "Plan Width": 52, "Group By Key": ["part.p_brand", "part.p_type", "part.p_size"], "Plans": [{"Node Type": "Sort", "Parent Relationship": "Outer", "Startup Cost": 502593.46, "Total Cost": 504729.99, "Plan Rows": 854611, "Plan Width": 44, "Sort Key": ["part.p_brand", "part.p_type", "part.p_size"], "Plans": [{"Node Type": "Hash Join", "Parent Relationship": "Outer", "Join Type": "Anti", "Startup Cost": 99175.18, "Total Cost": 418393.3, "Plan Rows": 854611, "Plan Width": 44, "Inner Unique": false, "Hash Cond": "(partsupp.ps_suppkey = supplier.s_suppkey), (LLVM Optimized)", "Plans": [{"Node Type": "Hash Join", "Parent Relationship": "Outer", "Join Type": "Inner", "Startup Cost": 95642.05, "Total Cost": 404177.41, "Plan Rows": 854625, "Plan Width": 44, "Inner Unique": true, "Hash Cond": "(partsupp.ps_partkey = part.p_partkey), (LLVM Optimized)", "Plans": [{"Node Type": "Seq Scan", "Parent Relationship": "Outer", "Relation Name": "partsupp", "Alias": "partsupp", "Startup Cost": 0.0, "Total Cost": 269987.72, "Plan Rows": 8000372, "Plan Width": 16}, {"Node Type": "Hash", "Parent Relationship": "Inner", "Startup Cost": 91944.0, "Total Cost": 91944.0, "Plan Rows": 295844, "Plan Width": 44, "Plans": [{"Node Type": "Seq Scan", "Parent Relationship": "Outer", "Relation Name": "part", "Alias": "part", "Startup Cost": 0.0, "Total Cost": 91944.0, "Plan Rows": 295844, "Plan Width": 44, "Filter": "((p_brand <> 'Brand#34'::bpchar) AND ((p_type)::text !~~ 'LARGE BRUSHED%'::text) AND (p_size = ANY ('{48,19,12,4,41,7,21,39}'::integer[]))), (LLVM Optimized)"}]}]}, {"Node Type": "Hash", "Parent Relationship": "Inner", "Startup Cost": 3533.0, "Total Cost": 3533.0, "Plan Rows": 10, "Plan Width": 8, "Plans": [{"Node Type": "Seq Scan", "Parent Relationship": "Outer", "Relation Name": "supplier", "Alias": "supplier", "Startup Cost": 0.0, "Total Cost": 3533.0, "Plan Rows": 10, "Plan Width": 8, "Filter": "((s_comment)::text ~~ '%Customer%Complaints%'::text)"}]}]}]}]}]}, "Unique SQL Id": 1437012347}, "explain_analyze_plan": {"Plan": {"Node Type": "Sort", "Startup Cost": 515600.3, "Total Cost": 515669.64, "Plan Rows": 27736, "Plan Width": 52, "Actual Startup Time": 11497.658, "Actual Total Time": 11500.717, "Actual Rows": 27838, "Actual Loops": 1, "Sort Key": ["(count(DISTINCT partsupp.ps_suppkey)) DESC", "part.p_brand", "part.p_type", "part.p_size"], "Sort Method": "quicksort", "Sort Space Used": 5082, "Sort Space Type": "Memory", "Plans": [{"Node Type": "Aggregate", "Strategy": "Sorted", "Parent Relationship": "Outer", "Startup Cost": 502593.46, "Total Cost": 513553.46, "Plan Rows": 27736, "Plan Width": 52, "Actual Startup Time": 10600.832, "Actual Total Time": 11403.77, "Actual Rows": 27838, "Actual Loops": 1, "Group By Key": ["part.p_brand", "part.p_type", "part.p_size"], "Plans": [{"Node Type": "Sort", "Parent Relationship": "Outer", "Startup Cost": 502593.46, "Total Cost": 504729.99, "Plan Rows": 854611, "Plan Width": 44, "Actual Startup Time": 10600.662, "Actual Total Time": 10805.964, "Actual Rows": 1188666, "Actual Loops": 1, "Sort Key": ["part.p_brand", "part.p_type", "part.p_size"], "Sort Method": "quicksort", "Sort Space Used": 233373, "Sort Space Type": "Memory", "Plans": [{"Node Type": "Hash Join", "Parent Relationship": "Outer", "Join Type": "Anti", "Startup Cost": 99175.18, "Total Cost": 418393.3, "Plan Rows": 854611, "Plan Width": 44, "Actual Startup Time": 1364.023, "Actual Total Time": 6195.986, "Actual Rows": 1188666, "Actual Loops": 1, "Inner Unique": false, "Hash Cond": "(partsupp.ps_suppkey = supplier.s_suppkey), (LLVM Optimized, Jit Execute)", "Plans": [{"Node Type": "Hash Join", "Parent Relationship": "Outer", "Join Type": "Inner", "Startup Cost": 95642.05, "Total Cost": 404177.41, "Plan Rows": 854625, "Plan Width": 44, "Actual Startup Time": 1311.723, "Actual Total Time": 5817.919, "Actual Rows": 1189344, "Actual Loops": 1, "Inner Unique": true, "Hash Cond": "(partsupp.ps_partkey = part.p_partkey), (LLVM Optimized, Jit Execute)", "Plans": [{"Node Type": "Seq Scan", "Parent Relationship": "Outer", "Relation Name": "partsupp", "Alias": "partsupp", "Startup Cost": 0.0, "Total Cost": 269987.72, "Plan Rows": 8000372, "Plan Width": 16, "Actual Startup Time": 0.018, "Actual Total Time": 2435.195, "Actual Rows": 8000000, "Actual Loops": 1}, {"Node Type": "Hash", "Parent Relationship": "Inner", "Startup Cost": 91944.0, "Total Cost": 91944.0, "Plan Rows": 295844, "Plan Width": 44, "Actual Startup Time": 1310.915, "Actual Total Time": 1310.915, "Actual Rows": 297336, "Actual Loops": 1, "Hash Buckets": 524288, "Hash Batches": 1, "Original Hash Batches": 1, "Peak Memory Usage": 23216, "Plans": [{"Node Type": "Seq Scan", "Parent Relationship": "Outer", "Relation Name": "part", "Alias": "part", "Startup Cost": 0.0, "Total Cost": 91944.0, "Plan Rows": 295844, "Plan Width": 44, "Actual Startup Time": 0.025, "Actual Total Time": 1163.672, "Actual Rows": 297336, "Actual Loops": 1, "Filter": "((p_brand <> 'Brand#34'::bpchar) AND ((p_type)::text !~~ 'LARGE BRUSHED%'::text) AND (p_size = ANY ('{48,19,12,4,41,7,21,39}'::integer[]))), (LLVM Optimized, Jit Execute)", "Rows Removed by Filter": 1702664}]}]}, {"Node Type": "Hash", "Parent Relationship": "Inner", "Startup Cost": 3533.0, "Total Cost": 3533.0, "Plan Rows": 10, "Plan Width": 8, "Actual Startup Time": 52.21, "Actual Total Time": 52.21, "Actual Rows": 56, "Actual Loops": 1, "Hash Buckets": 32768, "Hash Batches": 1, "Original Hash Batches": 1, "Peak Memory Usage": 3, "Plans": [{"Node Type": "Seq Scan", "Parent Relationship": "Outer", "Relation Name": "supplier", "Alias": "supplier", "Startup Cost": 0.0, "Total Cost": 3533.0, "Plan Rows": 10, "Plan Width": 8, "Actual Startup Time": 0.239, "Actual Total Time": 52.158, "Actual Rows": 56, "Actual Loops": 1, "Filter": "((s_comment)::text ~~ '%Customer%Complaints%'::text)", "Rows Removed by Filter": 99944}]}]}]}]}]}, "Triggers": [], "Planner Runtime": 1.122, "Total Runtime": 11512.885, "Unique SQL Id": 1437012347}}, "(1, 47)": {"explain_plan": {"Plan": {"Node Type": "Sort", "Startup Cost": 3000085547388.78, "Total Cost": 3000085547458.12, "Plan Rows": 27736, "Plan Width": 52, "Sort Key": ["(count(DISTINCT partsupp.ps_suppkey)) DESC", "part.p_brand", "part.p_type", "part.p_size"], "Plans": [{"Node Type": "Aggregate", "Strategy": "Sorted", "Parent Relationship": "Outer", "Startup Cost": 3000085534381.94, "Total Cost": 3000085545341.94, "Plan Rows": 27736, "Plan Width": 52, "Group By Key": ["part.p_brand", "part.p_type", "part.p_size"], "Plans": [{"Node Type": "Sort", "Parent Relationship": "Outer", "Startup Cost": 3000085534381.94, "Total Cost": 3000085536518.47, "Plan Rows": 854611, "Plan Width": 44, "Sort Key": ["part.p_brand", "part.p_type", "part.p_size"], "Plans": [{"Node Type": "Nested Loop", "Parent Relationship": "Outer", "Join Type": "Anti", "Startup Cost": 1020013084023.05, "Total Cost": 3000085450181.78, "Plan Rows": 854611, "Plan Width": 44, "Inner Unique": false, "Join Filter": "(partsupp.ps_suppkey = supplier.s_suppkey), (LLVM Optimized)", "Plans": [{"Node Type": "Hash Join", "Parent Relationship": "Outer", "Join Type": "Inner", "Startup Cost": 1010013084023.05, "Total Cost": 2000084763533.91, "Plan Rows": 854625, "Plan Width": 44, "Inner Unique": true, "Hash Cond": "(partsupp.ps_partkey = part.p_partkey), (LLVM Optimized)", "Plans": [{"Node Type": "Index Scan", "Parent Relationship": "Outer", "Scan Direction": "Forward", "Index Name": "partsupp_pkey", "Relation Name": "partsupp", "Alias": "partsupp", "Startup Cost": 10000000000.0, "Total Cost": 1000071640963.22, "Plan Rows": 8000372, "Plan Width": 16}, {"Node Type": "Hash", "Parent Relationship": "Inner", "Startup Cost": 1000013080325.0, "Total Cost": 1000013080325.0, "Plan Rows": 295844, "Plan Width": 44, "Plans": [{"Node Type": "Index Scan", "Parent Relationship": "Outer", "Scan Direction": "Forward", "Index Name": "part_kpey", "Relation Name": "part", "Alias": "part", "Startup Cost": 10000000000.0, "Total Cost": 1000013080325.0, "Plan Rows": 295844, "Plan Width": 44, "Filter": "((p_brand <> 'Brand#34'::bpchar) AND ((p_type)::text !~~ 'LARGE BRUSHED%'::text) AND (p_size = ANY ('{48,19,12,4,41,7,21,39}'::integer[]))), (LLVM Optimized)"}]}]}, {"Node Type": "Materialize", "Parent Relationship": "Inner", "Startup Cost": 10000000000.0, "Total Cost": 1000000558454.43, "Plan Rows": 10, "Plan Width": 8, "Plans": [{"Node Type": "Index Scan", "Parent Relationship": "Outer", "Scan Direction": "Forward", "Index Name": "supplier_pkey", "Relation Name": "supplier", "Alias": "supplier", "Startup Cost": 10000000000.0, "Total Cost": 1000000558454.38, "Plan Rows": 10, "Plan Width": 8, "Filter": "((s_comment)::text ~~ '%Customer%Complaints%'::text)"}]}]}]}]}]}, "Unique SQL Id": 1437012347}, "explain_analyze_plan": null}, "(1, 48)": {"explain_plan": {"Plan": {"Node Type": "Sort", "Startup Cost": 578528.45, "Total Cost": 578597.79, "Plan Rows": 27736, "Plan Width": 52, "Sort Key": ["(count(DISTINCT partsupp.ps_suppkey)) DESC", "part.p_brand", "part.p_type", "part.p_size"], "Plans": [{"Node Type": "Aggregate", "Strategy": "Sorted", "Parent Relationship": "Outer", "Startup Cost": 565521.61, "Total Cost": 576481.61, "Plan Rows": 27736, "Plan Width": 52, "Group By Key": ["part.p_brand", "part.p_type", "part.p_size"], "Plans": [{"Node Type": "Sort", "Parent Relationship": "Outer", "Startup Cost": 565521.61, "Total Cost": 567658.14, "Plan Rows": 854611, "Plan Width": 44, "Sort Key": ["part.p_brand", "part.p_type", "part.p_size"], "Plans": [{"Node Type": "Nested Loop", "Parent Relationship": "Outer", "Join Type": "Anti", "Startup Cost": 0.0, "Total Cost": 481321.45, "Plan Rows": 854611, "Plan Width": 44, "Inner Unique": false, "Join Filter": "(partsupp.ps_suppkey = supplier.s_suppkey), (LLVM Optimized)", "Plans": [{"Node Type": "Nested Loop", "Parent Relationship": "Outer", "Join Type": "Inner", "Startup Cost": 0.0, "Total Cost": 349594.96, "Plan Rows": 854625, "Plan Width": 44, "Inner Unique": false, "Plans": [{"Node Type": "Seq Scan", "Parent Relationship": "Outer", "Relation Name": "part", "Alias": "part", "Startup Cost": 0.0, "Total Cost": 91944.0, "Plan Rows": 295844, "Plan Width": 44, "Filter": "((p_brand <> 'Brand#34'::bpchar) AND ((p_type)::text !~~ 'LARGE BRUSHED%'::text) AND (p_size = ANY ('{48,19,12,4,41,7,21,39}'::integer[]))), (LLVM Optimized)"}, {"Node Type": "Index Only Scan", "Parent Relationship": "Inner", "Scan Direction": "Forward", "Index Name": "partsupp_pkey", "Relation Name": "partsupp", "Alias": "partsupp", "Startup Cost": 0.0, "Total Cost": 0.84, "Plan Rows": 3, "Plan Width": 16, "Index Cond": "(ps_partkey = part.p_partkey)"}]}, {"Node Type": "Materialize", "Parent Relationship": "Inner", "Startup Cost": 0.0, "Total Cost": 3533.05, "Plan Rows": 10, "Plan Width": 8, "Plans": [{"Node Type": "Seq Scan", "Parent Relationship": "Outer", "Relation Name": "supplier", "Alias": "supplier", "Startup Cost": 0.0, "Total Cost": 3533.0, "Plan Rows": 10, "Plan Width": 8, "Filter": "((s_comment)::text ~~ '%Customer%Complaints%'::text)"}]}]}]}]}]}, "Unique SQL Id": 1437012347}, "explain_analyze_plan": null}, "(1, 49)": {"explain_plan": {"Plan": {"Node Type": "Sort", "Startup Cost": 619439.24, "Total Cost": 619508.58, "Plan Rows": 27736, "Plan Width": 52, "Sort Key": ["(count(DISTINCT partsupp.ps_suppkey)) DESC", "part.p_brand", "part.p_type", "part.p_size"], "Plans": [{"Node Type": "Aggregate", "Strategy": "Sorted", "Parent Relationship": "Outer", "Startup Cost": 606432.4, "Total Cost": 617392.4, "Plan Rows": 27736, "Plan Width": 52, "Group By Key": ["part.p_brand", "part.p_type", "part.p_size"], "Plans": [{"Node Type": "Sort", "Parent Relationship": "Outer", "Startup Cost": 606432.4, "Total Cost": 608568.93, "Plan Rows": 854611, "Plan Width": 44, "Sort Key": ["part.p_brand", "part.p_type", "part.p_size"], "Plans": [{"Node Type": "Nested Loop", "Parent Relationship": "Outer", "Join Type": "Anti", "Startup Cost": 0.0, "Total Cost": 522232.25, "Plan Rows": 854611, "Plan Width": 44, "Inner Unique": false, "Join Filter": "(partsupp.ps_suppkey = supplier.s_suppkey), (LLVM Optimized)", "Plans": [{"Node Type": "Nested Loop", "Parent Relationship": "Outer", "Join Type": "Inner", "Startup Cost": 0.0, "Total Cost": 388454.21, "Plan Rows": 854625, "Plan Width": 44, "Inner Unique": false, "Plans": [{"Node Type": "Index Scan", "Parent Relationship": "Outer", "Scan Direction": "Forward", "Index Name": "part_kpey", "Relation Name": "part", "Alias": "part", "Startup Cost": 0.0, "Total Cost": 130803.25, "Plan Rows": 295844, "Plan Width": 44, "Filter": "((p_brand <> 'Brand#34'::bpchar) AND ((p_type)::text !~~ 'LARGE BRUSHED%'::text) AND (p_size = ANY ('{48,19,12,4,41,7,21,39}'::integer[]))), (LLVM Optimized)"}, {"Node Type": "Index Only Scan", "Parent Relationship": "Inner", "Scan Direction": "Forward", "Index Name": "partsupp_pkey", "Relation Name": "partsupp", "Alias": "partsupp", "Startup Cost": 0.0, "Total Cost": 0.84, "Plan Rows": 3, "Plan Width": 16, "Index Cond": "(ps_partkey = part.p_partkey)"}]}, {"Node Type": "Materialize", "Parent Relationship": "Inner", "Startup Cost": 0.0, "Total Cost": 5584.59, "Plan Rows": 10, "Plan Width": 8, "Plans": [{"Node Type": "Index Scan", "Parent Relationship": "Outer", "Scan Direction": "Forward", "Index Name": "supplier_pkey", "Relation Name": "supplier", "Alias": "supplier", "Startup Cost": 0.0, "Total Cost": 5584.54, "Plan Rows": 10, "Plan Width": 8, "Filter": "((s_comment)::text ~~ '%Customer%Complaints%'::text)"}]}]}]}]}]}, "Unique SQL Id": 1437012347}, "explain_analyze_plan": null}, "(1, 50)": {"explain_plan": {"Plan": {"Node Type": "Sort", "Startup Cost": 1726554.33, "Total Cost": 1726623.67, "Plan Rows": 27736, "Plan Width": 52, "Sort Key": ["(count(DISTINCT partsupp.ps_suppkey)) DESC", "part.p_brand", "part.p_type", "part.p_size"], "Plans": [{"Node Type": "Aggregate", "Strategy": "Sorted", "Parent Relationship": "Outer", "Startup Cost": 1713547.49, "Total Cost": 1724507.49, "Plan Rows": 27736, "Plan Width": 52, "Group By Key": ["part.p_brand", "part.p_type", "part.p_size"], "Plans": [{"Node Type": "Sort", "Parent Relationship": "Outer", "Startup Cost": 1713547.49, "Total Cost": 1715684.02, "Plan Rows": 854611, "Plan Width": 44, "Sort Key": ["part.p_brand", "part.p_type", "part.p_size"], "Plans": [{"Node Type": "Nested Loop", "Parent Relationship": "Outer", "Join Type": "Anti", "Startup Cost": 0.68, "Total Cost": 1629347.34, "Plan Rows": 854611, "Plan Width": 44, "Inner Unique": false, "Join Filter": "(partsupp.ps_suppkey = supplier.s_suppkey), (LLVM Optimized)", "Plans": [{"Node Type": "Nested Loop", "Parent Relationship": "Outer", "Join Type": "Inner", "Startup Cost": 0.68, "Total Cost": 1497620.84, "Plan Rows": 854625, "Plan Width": 44, "Inner Unique": false, "Plans": [{"Node Type": "Seq Scan", "Parent Relationship": "Outer", "Relation Name": "part", "Alias": "part", "Startup Cost": 0.0, "Total Cost": 91944.0, "Plan Rows": 295844, "Plan Width": 44, "Filter": "((p_brand <> 'Brand#34'::bpchar) AND ((p_type)::text !~~ 'LARGE BRUSHED%'::text) AND (p_size = ANY ('{48,19,12,4,41,7,21,39}'::integer[]))), (LLVM Optimized)"}, {"Node Type": "Bitmap Heap Scan", "Parent Relationship": "Inner", "Relation Name": "partsupp", "Alias": "partsupp", "Startup Cost": 0.68, "Total Cost": 4.72, "Plan Rows": 3, "Plan Width": 16, "Recheck Cond": "(ps_partkey = part.p_partkey)", "Plans": [{"Node Type": "Bitmap Index Scan", "Parent Relationship": "Outer", "Index Name": "idx_partsupp_partkey", "Startup Cost": 0.0, "Total Cost": 0.68, "Plan Rows": 3, "Plan Width": 0, "Index Cond": "(ps_partkey = part.p_partkey)"}]}]}, {"Node Type": "Materialize", "Parent Relationship": "Inner", "Startup Cost": 0.0, "Total Cost": 3533.05, "Plan Rows": 10, "Plan Width": 8, "Plans": [{"Node Type": "Seq Scan", "Parent Relationship": "Outer", "Relation Name": "supplier", "Alias": "supplier", "Startup Cost": 0.0, "Total Cost": 3533.0, "Plan Rows": 10, "Plan Width": 8, "Filter": "((s_comment)::text ~~ '%Customer%Complaints%'::text)"}]}]}]}]}]}, "Unique SQL Id": 1437012347}, "explain_analyze_plan": null}, "(1, 51)": {"explain_plan": {"Plan": {"Node Type": "Sort", "Startup Cost": 1000096381206.59, "Total Cost": 1000096381275.93, "Plan Rows": 27736, "Plan Width": 52, "Sort Key": ["(count(DISTINCT partsupp.ps_suppkey)) DESC", "part.p_brand", "part.p_type", "part.p_size"], "Plans": [{"Node Type": "Aggregate", "Strategy": "Sorted", "Parent Relationship": "Outer", "Startup Cost": 1000096368199.75, "Total Cost": 1000096379159.74, "Plan Rows": 27736, "Plan Width": 52, "Group By Key": ["part.p_brand", "part.p_type", "part.p_size"], "Plans": [{"Node Type": "Sort", "Parent Relationship": "Outer", "Startup Cost": 1000096368199.75, "Total Cost": 1000096370336.27, "Plan Rows": 854611, "Plan Width": 44, "Sort Key": ["part.p_brand", "part.p_type", "part.p_size"], "Plans": [{"Node Type": "Nested Loop", "Parent Relationship": "Outer", "Join Type": "Inner", "Startup Cost": 10000000000.52, "Total Cost": 1000096283999.59, "Plan Rows": 854611, "Plan Width": 44, "Inner Unique": true, "Plans": [{"Node Type": "Nested Loop", "Parent Relationship": "Outer", "Join Type": "Anti", "Startup Cost": 10000000000.26, "Total Cost": 1000061892121.8, "Plan Rows": 8000238, "Plan Width": 16, "Inner Unique": false, "Plans": [{"Node Type": "Index Only Scan", "Parent Relationship": "Outer", "Scan Direction": "Forward", "Index Name": "partsupp_pkey", "Relation Name": "partsupp", "Alias": "partsupp", "Startup Cost": 10000000000.0, "Total Cost": 1000027706983.0, "Plan Rows": 8000372, "Plan Width": 16}, {"Node Type": "Bitmap Heap Scan", "Parent Relationship": "Inner", "Relation Name": "supplier", "Alias": "supplier", "Startup Cost": 0.26, "Total Cost": 4.27, "Plan Rows": 1, "Plan Width": 8, "Recheck Cond": "(partsupp.ps_suppkey = s_suppkey)", "Filter": "((s_comment)::text ~~ '%Customer%Complaints%'::text)", "Plans": [{"Node Type": "Bitmap Index Scan", "Parent Relationship": "Outer", "Index Name": "supplier_pkey", "Startup Cost": 0.0, "Total Cost": 0.26, "Plan Rows": 1, "Plan Width": 0, "Index Cond": "(partsupp.ps_suppkey = s_suppkey)"}]}]}, {"Node Type": "Bitmap Heap Scan", "Parent Relationship": "Inner", "Relation Name": "part", "Alias": "part", "Startup Cost": 0.26, "Total Cost": 4.29, "Plan Rows": 1, "Plan Width": 44, "Recheck Cond": "(p_partkey = partsupp.ps_partkey)", "Filter": "((p_brand <> 'Brand#34'::bpchar) AND ((p_type)::text !~~ 'LARGE BRUSHED%'::text) AND (p_size = ANY ('{48,19,12,4,41,7,21,39}'::integer[])))", "Plans": [{"Node Type": "Bitmap Index Scan", "Parent Relationship": "Outer", "Index Name": "part_kpey", "Startup Cost": 0.0, "Total Cost": 0.26, "Plan Rows": 1, "Plan Width": 0, "Index Cond": "(p_partkey = partsupp.ps_partkey)"}]}]}]}]}]}, "Unique SQL Id": 1437012347}, "explain_analyze_plan": null}, "(1, 52)": {"explain_plan": {"Plan": {"Node Type": "Sort", "Startup Cost": 1208300.48, "Total Cost": 1208369.82, "Plan Rows": 27736, "Plan Width": 52, "Sort Key": ["(count(DISTINCT partsupp.ps_suppkey)) DESC", "part.p_brand", "part.p_type", "part.p_size"], "Plans": [{"Node Type": "Aggregate", "Strategy": "Sorted", "Parent Relationship": "Outer", "Startup Cost": 1195293.64, "Total Cost": 1206253.64, "Plan Rows": 27736, "Plan Width": 52, "Group By Key": ["part.p_brand", "part.p_type", "part.p_size"], "Plans": [{"Node Type": "Sort", "Parent Relationship": "Outer", "Startup Cost": 1195293.64, "Total Cost": 1197430.17, "Plan Rows": 854611, "Plan Width": 44, "Sort Key": ["part.p_brand", "part.p_type", "part.p_size"], "Plans": [{"Node Type": "Nested Loop", "Parent Relationship": "Outer", "Join Type": "Anti", "Startup Cost": 0.0, "Total Cost": 1111093.49, "Plan Rows": 854611, "Plan Width": 44, "Inner Unique": false, "Join Filter": "(partsupp.ps_suppkey = supplier.s_suppkey), (LLVM Optimized)", "Plans": [{"Node Type": "Nested Loop", "Parent Relationship": "Outer", "Join Type": "Inner", "Startup Cost": 0.0, "Total Cost": 979366.99, "Plan Rows": 854625, "Plan Width": 44, "Inner Unique": false, "Plans": [{"Node Type": "Seq Scan", "Parent Relationship": "Outer", "Relation Name": "part", "Alias": "part", "Startup Cost": 0.0, "Total Cost": 91944.0, "Plan Rows": 295844, "Plan Width": 44, "Filter": "((p_brand <> 'Brand#34'::bpchar) AND ((p_type)::text !~~ 'LARGE BRUSHED%'::text) AND (p_size = ANY ('{48,19,12,4,41,7,21,39}'::integer[]))), (LLVM Optimized)"}, {"Node Type": "Index Scan", "Parent Relationship": "Inner", "Scan Direction": "Forward", "Index Name": "idx_partsupp_partkey", "Relation Name": "partsupp", "Alias": "partsupp", "Startup Cost": 0.0, "Total Cost": 2.97, "Plan Rows": 3, "Plan Width": 16, "Index Cond": "(ps_partkey = part.p_partkey)"}]}, {"Node Type": "Materialize", "Parent Relationship": "Inner", "Startup Cost": 0.0, "Total Cost": 3533.05, "Plan Rows": 10, "Plan Width": 8, "Plans": [{"Node Type": "Seq Scan", "Parent Relationship": "Outer", "Relation Name": "supplier", "Alias": "supplier", "Startup Cost": 0.0, "Total Cost": 3533.0, "Plan Rows": 10, "Plan Width": 8, "Filter": "((s_comment)::text ~~ '%Customer%Complaints%'::text)"}]}]}]}]}]}, "Unique SQL Id": 1437012347}, "explain_analyze_plan": null}, "(1, 53)": {"explain_plan": {"Plan": {"Node Type": "Sort", "Startup Cost": 1249211.28, "Total Cost": 1249280.62, "Plan Rows": 27736, "Plan Width": 52, "Sort Key": ["(count(DISTINCT partsupp.ps_suppkey)) DESC", "part.p_brand", "part.p_type", "part.p_size"], "Plans": [{"Node Type": "Aggregate", "Strategy": "Sorted", "Parent Relationship": "Outer", "Startup Cost": 1236204.44, "Total Cost": 1247164.43, "Plan Rows": 27736, "Plan Width": 52, "Group By Key": ["part.p_brand", "part.p_type", "part.p_size"], "Plans": [{"Node Type": "Sort", "Parent Relationship": "Outer", "Startup Cost": 1236204.44, "Total Cost": 1238340.96, "Plan Rows": 854611, "Plan Width": 44, "Sort Key": ["part.p_brand", "part.p_type", "part.p_size"], "Plans": [{"Node Type": "Nested Loop", "Parent Relationship": "Outer", "Join Type": "Anti", "Startup Cost": 0.0, "Total Cost": 1152004.28, "Plan Rows": 854611, "Plan Width": 44, "Inner Unique": false, "Join Filter": "(partsupp.ps_suppkey = supplier.s_suppkey), (LLVM Optimized)", "Plans": [{"Node Type": "Nested Loop", "Parent Relationship": "Outer", "Join Type": "Inner", "Startup Cost": 0.0, "Total Cost": 1018226.24, "Plan Rows": 854625, "Plan Width": 44, "Inner Unique": false, "Plans": [{"Node Type": "Index Scan", "Parent Relationship": "Outer", "Scan Direction": "Forward", "Index Name": "part_kpey", "Relation Name": "part", "Alias": "part", "Startup Cost": 0.0, "Total Cost": 130803.25, "Plan Rows": 295844, "Plan Width": 44, "Filter": "((p_brand <> 'Brand#34'::bpchar) AND ((p_type)::text !~~ 'LARGE BRUSHED%'::text) AND (p_size = ANY ('{48,19,12,4,41,7,21,39}'::integer[]))), (LLVM Optimized)"}, {"Node Type": "Index Scan", "Parent Relationship": "Inner", "Scan Direction": "Forward", "Index Name": "idx_partsupp_partkey", "Relation Name": "partsupp", "Alias": "partsupp", "Startup Cost": 0.0, "Total Cost": 2.97, "Plan Rows": 3, "Plan Width": 16, "Index Cond": "(ps_partkey = part.p_partkey)"}]}, {"Node Type": "Materialize", "Parent Relationship": "Inner", "Startup Cost": 0.0, "Total Cost": 5584.59, "Plan Rows": 10, "Plan Width": 8, "Plans": [{"Node Type": "Index Scan", "Parent Relationship": "Outer", "Scan Direction": "Forward", "Index Name": "supplier_pkey", "Relation Name": "supplier", "Alias": "supplier", "Startup Cost": 0.0, "Total Cost": 5584.54, "Plan Rows": 10, "Plan Width": 8, "Filter": "((s_comment)::text ~~ '%Customer%Complaints%'::text)"}]}]}]}]}]}, "Unique SQL Id": 1437012347}, "explain_analyze_plan": null}, "(1, 54)": {"explain_plan": {"Plan": {"Node Type": "Sort", "Startup Cost": 1726554.33, "Total Cost": 1726623.67, "Plan Rows": 27736, "Plan Width": 52, "Sort Key": ["(count(DISTINCT partsupp.ps_suppkey)) DESC", "part.p_brand", "part.p_type", "part.p_size"], "Plans": [{"Node Type": "Aggregate", "Strategy": "Sorted", "Parent Relationship": "Outer", "Startup Cost": 1713547.49, "Total Cost": 1724507.49, "Plan Rows": 27736, "Plan Width": 52, "Group By Key": ["part.p_brand", "part.p_type", "part.p_size"], "Plans": [{"Node Type": "Sort", "Parent Relationship": "Outer", "Startup Cost": 1713547.49, "Total Cost": 1715684.02, "Plan Rows": 854611, "Plan Width": 44, "Sort Key": ["part.p_brand", "part.p_type", "part.p_size"], "Plans": [{"Node Type": "Nested Loop", "Parent Relationship": "Outer", "Join Type": "Anti", "Startup Cost": 0.68, "Total Cost": 1629347.34, "Plan Rows": 854611, "Plan Width": 44, "Inner Unique": false, "Join Filter": "(partsupp.ps_suppkey = supplier.s_suppkey), (LLVM Optimized)", "Plans": [{"Node Type": "Nested Loop", "Parent Relationship": "Outer", "Join Type": "Inner", "Startup Cost": 0.68, "Total Cost": 1497620.84, "Plan Rows": 854625, "Plan Width": 44, "Inner Unique": false, "Plans": [{"Node Type": "Seq Scan", "Parent Relationship": "Outer", "Relation Name": "part", "Alias": "part", "Startup Cost": 0.0, "Total Cost": 91944.0, "Plan Rows": 295844, "Plan Width": 44, "Filter": "((p_brand <> 'Brand#34'::bpchar) AND ((p_type)::text !~~ 'LARGE BRUSHED%'::text) AND (p_size = ANY ('{48,19,12,4,41,7,21,39}'::integer[]))), (LLVM Optimized)"}, {"Node Type": "Bitmap Heap Scan", "Parent Relationship": "Inner", "Relation Name": "partsupp", "Alias": "partsupp", "Startup Cost": 0.68, "Total Cost": 4.72, "Plan Rows": 3, "Plan Width": 16, "Recheck Cond": "(ps_partkey = part.p_partkey)", "Plans": [{"Node Type": "Bitmap Index Scan", "Parent Relationship": "Outer", "Index Name": "idx_partsupp_partkey", "Startup Cost": 0.0, "Total Cost": 0.68, "Plan Rows": 3, "Plan Width": 0, "Index Cond": "(ps_partkey = part.p_partkey)"}]}]}, {"Node Type": "Materialize", "Parent Relationship": "Inner", "Startup Cost": 0.0, "Total Cost": 3533.05, "Plan Rows": 10, "Plan Width": 8, "Plans": [{"Node Type": "Seq Scan", "Parent Relationship": "Outer", "Relation Name": "supplier", "Alias": "supplier", "Startup Cost": 0.0, "Total Cost": 3533.0, "Plan Rows": 10, "Plan Width": 8, "Filter": "((s_comment)::text ~~ '%Customer%Complaints%'::text)"}]}]}]}]}]}, "Unique SQL Id": 1437012347}, "explain_analyze_plan": null}, "(1, 55)": {"explain_plan": {"Plan": {"Node Type": "Sort", "Startup Cost": 1000138301898.4, "Total Cost": 1000138301967.74, "Plan Rows": 27736, "Plan Width": 52, "Sort Key": ["(count(DISTINCT partsupp.ps_suppkey)) DESC", "part.p_brand", "part.p_type", "part.p_size"], "Plans": [{"Node Type": "Aggregate", "Strategy": "Sorted", "Parent Relationship": "Outer", "Startup Cost": 1000138288891.56, "Total Cost": 1000138299851.56, "Plan Rows": 27736, "Plan Width": 52, "Group By Key": ["part.p_brand", "part.p_type", "part.p_size"], "Plans": [{"Node Type": "Sort", "Parent Relationship": "Outer", "Startup Cost": 1000138288891.56, "Total Cost": 1000138291028.09, "Plan Rows": 854611, "Plan Width": 44, "Sort Key": ["part.p_brand", "part.p_type", "part.p_size"], "Plans": [{"Node Type": "Nested Loop", "Parent Relationship": "Outer", "Join Type": "Anti", "Startup Cost": 10000000000.52, "Total Cost": 1000138204691.41, "Plan Rows": 854611, "Plan Width": 44, "Inner Unique": false, "Plans": [{"Node Type": "Nested Loop", "Parent Relationship": "Outer", "Join Type": "Inner", "Startup Cost": 10000000000.26, "Total Cost": 1000134552934.61, "Plan Rows": 854625, "Plan Width": 44, "Inner Unique": true, "Plans": [{"Node Type": "Index Scan", "Parent Relationship": "Outer", "Scan Direction": "Forward", "Index Name": "idx_partsupp_suppkey", "Relation Name": "partsupp", "Alias": "partsupp", "Startup Cost": 10000000000.0, "Total Cost": 1000100160480.77, "Plan Rows": 8000372, "Plan Width": 16}, {"Node Type": "Bitmap Heap Scan", "Parent Relationship": "Inner", "Relation Name": "part", "Alias": "part", "Startup Cost": 0.26, "Total Cost": 4.29, "Plan Rows": 1, "Plan Width": 44, "Recheck Cond": "(p_partkey = partsupp.ps_partkey)", "Filter": "((p_brand <> 'Brand#34'::bpchar) AND ((p_type)::text !~~ 'LARGE BRUSHED%'::text) AND (p_size = ANY ('{48,19,12,4,41,7,21,39}'::integer[])))", "Plans": [{"Node Type": "Bitmap Index Scan", "Parent Relationship": "Outer", "Index Name": "part_kpey", "Startup Cost": 0.0, "Total Cost": 0.26, "Plan Rows": 1, "Plan Width": 0, "Index Cond": "(p_partkey = partsupp.ps_partkey)"}]}]}, {"Node Type": "Bitmap Heap Scan", "Parent Relationship": "Inner", "Relation Name": "supplier", "Alias": "supplier", "Startup Cost": 0.26, "Total Cost": 4.27, "Plan Rows": 1, "Plan Width": 8, "Recheck Cond": "(partsupp.ps_suppkey = s_suppkey)", "Filter": "((s_comment)::text ~~ '%Customer%Complaints%'::text)", "Plans": [{"Node Type": "Bitmap Index Scan", "Parent Relationship": "Outer", "Index Name": "supplier_pkey", "Startup Cost": 0.0, "Total Cost": 0.26, "Plan Rows": 1, "Plan Width": 0, "Index Cond": "(partsupp.ps_suppkey = s_suppkey)"}]}]}]}]}]}, "Unique SQL Id": 1437012347}, "explain_analyze_plan": null}, "(1, 56)": {"explain_plan": {"Plan": {"Node Type": "Sort", "Startup Cost": 578528.45, "Total Cost": 578597.79, "Plan Rows": 27736, "Plan Width": 52, "Sort Key": ["(count(DISTINCT partsupp.ps_suppkey)) DESC", "part.p_brand", "part.p_type", "part.p_size"], "Plans": [{"Node Type": "Aggregate", "Strategy": "Sorted", "Parent Relationship": "Outer", "Startup Cost": 565521.61, "Total Cost": 576481.61, "Plan Rows": 27736, "Plan Width": 52, "Group By Key": ["part.p_brand", "part.p_type", "part.p_size"], "Plans": [{"Node Type": "Sort", "Parent Relationship": "Outer", "Startup Cost": 565521.61, "Total Cost": 567658.14, "Plan Rows": 854611, "Plan Width": 44, "Sort Key": ["part.p_brand", "part.p_type", "part.p_size"], "Plans": [{"Node Type": "Nested Loop", "Parent Relationship": "Outer", "Join Type": "Anti", "Startup Cost": 0.0, "Total Cost": 481321.45, "Plan Rows": 854611, "Plan Width": 44, "Inner Unique": false, "Join Filter": "(partsupp.ps_suppkey = supplier.s_suppkey), (LLVM Optimized)", "Plans": [{"Node Type": "Nested Loop", "Parent Relationship": "Outer", "Join Type": "Inner", "Startup Cost": 0.0, "Total Cost": 349594.96, "Plan Rows": 854625, "Plan Width": 44, "Inner Unique": false, "Plans": [{"Node Type": "Seq Scan", "Parent Relationship": "Outer", "Relation Name": "part", "Alias": "part", "Startup Cost": 0.0, "Total Cost": 91944.0, "Plan Rows": 295844, "Plan Width": 44, "Filter": "((p_brand <> 'Brand#34'::bpchar) AND ((p_type)::text !~~ 'LARGE BRUSHED%'::text) AND (p_size = ANY ('{48,19,12,4,41,7,21,39}'::integer[]))), (LLVM Optimized)"}, {"Node Type": "Index Only Scan", "Parent Relationship": "Inner", "Scan Direction": "Forward", "Index Name": "partsupp_pkey", "Relation Name": "partsupp", "Alias": "partsupp", "Startup Cost": 0.0, "Total Cost": 0.84, "Plan Rows": 3, "Plan Width": 16, "Index Cond": "(ps_partkey = part.p_partkey)"}]}, {"Node Type": "Materialize", "Parent Relationship": "Inner", "Startup Cost": 0.0, "Total Cost": 3533.05, "Plan Rows": 10, "Plan Width": 8, "Plans": [{"Node Type": "Seq Scan", "Parent Relationship": "Outer", "Relation Name": "supplier", "Alias": "supplier", "Startup Cost": 0.0, "Total Cost": 3533.0, "Plan Rows": 10, "Plan Width": 8, "Filter": "((s_comment)::text ~~ '%Customer%Complaints%'::text)"}]}]}]}]}]}, "Unique SQL Id": 1437012347}, "explain_analyze_plan": null}, "(1, 57)": {"explain_plan": {"Plan": {"Node Type": "Sort", "Startup Cost": 619439.24, "Total Cost": 619508.58, "Plan Rows": 27736, "Plan Width": 52, "Sort Key": ["(count(DISTINCT partsupp.ps_suppkey)) DESC", "part.p_brand", "part.p_type", "part.p_size"], "Plans": [{"Node Type": "Aggregate", "Strategy": "Sorted", "Parent Relationship": "Outer", "Startup Cost": 606432.4, "Total Cost": 617392.4, "Plan Rows": 27736, "Plan Width": 52, "Group By Key": ["part.p_brand", "part.p_type", "part.p_size"], "Plans": [{"Node Type": "Sort", "Parent Relationship": "Outer", "Startup Cost": 606432.4, "Total Cost": 608568.93, "Plan Rows": 854611, "Plan Width": 44, "Sort Key": ["part.p_brand", "part.p_type", "part.p_size"], "Plans": [{"Node Type": "Nested Loop", "Parent Relationship": "Outer", "Join Type": "Anti", "Startup Cost": 0.0, "Total Cost": 522232.25, "Plan Rows": 854611, "Plan Width": 44, "Inner Unique": false, "Join Filter": "(partsupp.ps_suppkey = supplier.s_suppkey), (LLVM Optimized)", "Plans": [{"Node Type": "Nested Loop", "Parent Relationship": "Outer", "Join Type": "Inner", "Startup Cost": 0.0, "Total Cost": 388454.21, "Plan Rows": 854625, "Plan Width": 44, "Inner Unique": false, "Plans": [{"Node Type": "Index Scan", "Parent Relationship": "Outer", "Scan Direction": "Forward", "Index Name": "part_kpey", "Relation Name": "part", "Alias": "part", "Startup Cost": 0.0, "Total Cost": 130803.25, "Plan Rows": 295844, "Plan Width": 44, "Filter": "((p_brand <> 'Brand#34'::bpchar) AND ((p_type)::text !~~ 'LARGE BRUSHED%'::text) AND (p_size = ANY ('{48,19,12,4,41,7,21,39}'::integer[]))), (LLVM Optimized)"}, {"Node Type": "Index Only Scan", "Parent Relationship": "Inner", "Scan Direction": "Forward", "Index Name": "partsupp_pkey", "Relation Name": "partsupp", "Alias": "partsupp", "Startup Cost": 0.0, "Total Cost": 0.84, "Plan Rows": 3, "Plan Width": 16, "Index Cond": "(ps_partkey = part.p_partkey)"}]}, {"Node Type": "Materialize", "Parent Relationship": "Inner", "Startup Cost": 0.0, "Total Cost": 5584.59, "Plan Rows": 10, "Plan Width": 8, "Plans": [{"Node Type": "Index Scan", "Parent Relationship": "Outer", "Scan Direction": "Forward", "Index Name": "supplier_pkey", "Relation Name": "supplier", "Alias": "supplier", "Startup Cost": 0.0, "Total Cost": 5584.54, "Plan Rows": 10, "Plan Width": 8, "Filter": "((s_comment)::text ~~ '%Customer%Complaints%'::text)"}]}]}]}]}]}, "Unique SQL Id": 1437012347}, "explain_analyze_plan": null}, "(1, 58)": {"explain_plan": {"Plan": {"Node Type": "Sort", "Startup Cost": 35503522414.34, "Total Cost": 35503522483.68, "Plan Rows": 27736, "Plan Width": 52, "Sort Key": ["(count(DISTINCT partsupp.ps_suppkey)) DESC", "part.p_brand", "part.p_type", "part.p_size"], "Plans": [{"Node Type": "Aggregate", "Strategy": "Sorted", "Parent Relationship": "Outer", "Startup Cost": 35503509407.5, "Total Cost": 35503520367.5, "Plan Rows": 27736, "Plan Width": 52, "Group By Key": ["part.p_brand", "part.p_type", "part.p_size"], "Plans": [{"Node Type": "Sort", "Parent Relationship": "Outer", "Startup Cost": 35503509407.5, "Total Cost": 35503511544.03, "Plan Rows": 854611, "Plan Width": 44, "Sort Key": ["part.p_brand", "part.p_type", "part.p_size"], "Plans": [{"Node Type": "Nested Loop", "Parent Relationship": "Outer", "Join Type": "Anti", "Startup Cost": 0.0, "Total Cost": 35503425207.34, "Plan Rows": 854611, "Plan Width": 44, "Inner Unique": false, "Join Filter": "(partsupp.ps_suppkey = supplier.s_suppkey), (LLVM Optimized)", "Plans": [{"Node Type": "Nested Loop", "Parent Relationship": "Outer", "Join Type": "Inner", "Startup Cost": 0.0, "Total Cost": 35503293480.85, "Plan Rows": 854625, "Plan Width": 44, "Inner Unique": true, "Join Filter": "(partsupp.ps_partkey = part.p_partkey), (LLVM Optimized)", "Plans": [{"Node Type": "Seq Scan", "Parent Relationship": "Outer", "Relation Name": "partsupp", "Alias": "partsupp", "Startup Cost": 0.0, "Total Cost": 269987.72, "Plan Rows": 8000372, "Plan Width": 16}, {"Node Type": "Materialize", "Parent Relationship": "Inner", "Startup Cost": 0.0, "Total Cost": 93423.22, "Plan Rows": 295844, "Plan Width": 44, "Plans": [{"Node Type": "Seq Scan", "Parent Relationship": "Outer", "Relation Name": "part", "Alias": "part", "Startup Cost": 0.0, "Total Cost": 91944.0, "Plan Rows": 295844, "Plan Width": 44, "Filter": "((p_brand <> 'Brand#34'::bpchar) AND ((p_type)::text !~~ 'LARGE BRUSHED%'::text) AND (p_size = ANY ('{48,19,12,4,41,7,21,39}'::integer[]))), (LLVM Optimized)"}]}]}, {"Node Type": "Materialize", "Parent Relationship": "Inner", "Startup Cost": 0.0, "Total Cost": 3533.05, "Plan Rows": 10, "Plan Width": 8, "Plans": [{"Node Type": "Seq Scan", "Parent Relationship": "Outer", "Relation Name": "supplier", "Alias": "supplier", "Startup Cost": 0.0, "Total Cost": 3533.0, "Plan Rows": 10, "Plan Width": 8, "Filter": "((s_comment)::text ~~ '%Customer%Complaints%'::text)"}]}]}]}]}]}, "Unique SQL Id": 1437012347}, "explain_analyze_plan": null}, "(1, 59)": {"explain_plan": {"Plan": {"Node Type": "Sort", "Startup Cost": 3035544979927.89, "Total Cost": 3035544979997.23, "Plan Rows": 27736, "Plan Width": 52, "Sort Key": ["(count(DISTINCT partsupp.ps_suppkey)) DESC", "part.p_brand", "part.p_type", "part.p_size"], "Plans": [{"Node Type": "Aggregate", "Strategy": "Sorted", "Parent Relationship": "Outer", "Startup Cost": 3035544966921.05, "Total Cost": 3035544977881.05, "Plan Rows": 27736, "Plan Width": 52, "Group By Key": ["part.p_brand", "part.p_type", "part.p_size"], "Plans": [{"Node Type": "Sort", "Parent Relationship": "Outer", "Startup Cost": 3035544966921.05, "Total Cost": 3035544969057.58, "Plan Rows": 854611, "Plan Width": 44, "Sort Key": ["part.p_brand", "part.p_type", "part.p_size"], "Plans": [{"Node Type": "Nested Loop", "Parent Relationship": "Outer", "Join Type": "Inner", "Startup Cost": 30000000000.0, "Total Cost": 3035544882720.89, "Plan Rows": 854611, "Plan Width": 44, "Inner Unique": true, "Join Filter": "(partsupp.ps_partkey = part.p_partkey), (LLVM Optimized)", "Plans": [{"Node Type": "Nested Loop", "Parent Relationship": "Outer", "Join Type": "Anti", "Startup Cost": 20000000000.0, "Total Cost": 2000029465493.2, "Plan Rows": 8000238, "Plan Width": 16, "Inner Unique": false, "Join Filter": "(partsupp.ps_suppkey = supplier.s_suppkey), (LLVM Optimized)", "Plans": [{"Node Type": "Index Only Scan", "Parent Relationship": "Outer", "Scan Direction": "Forward", "Index Name": "partsupp_pkey", "Relation Name": "partsupp", "Alias": "partsupp", "Startup Cost": 10000000000.0, "Total Cost": 1000027706983.0, "Plan Rows": 8000372, "Plan Width": 16}, {"Node Type": "Materialize", "Parent Relationship": "Inner", "Startup Cost": 10000000000.0, "Total Cost": 1000000558454.43, "Plan Rows": 10, "Plan Width": 8, "Plans": [{"Node Type": "Index Scan", "Parent Relationship": "Outer", "Scan Direction": "Forward", "Index Name": "supplier_pkey", "Relation Name": "supplier", "Alias": "supplier", "Startup Cost": 10000000000.0, "Total Cost": 1000000558454.38, "Plan Rows": 10, "Plan Width": 8, "Filter": "((s_comment)::text ~~ '%Customer%Complaints%'::text)"}]}]}, {"Node Type": "Materialize", "Parent Relationship": "Inner", "Startup Cost": 10000000000.0, "Total Cost": 1000013081804.22, "Plan Rows": 295844, "Plan Width": 44, "Plans": [{"Node Type": "Index Scan", "Parent Relationship": "Outer", "Scan Direction": "Forward", "Index Name": "part_kpey", "Relation Name": "part", "Alias": "part", "Startup Cost": 10000000000.0, "Total Cost": 1000013080325.0, "Plan Rows": 295844, "Plan Width": 44, "Filter": "((p_brand <> 'Brand#34'::bpchar) AND ((p_type)::text !~~ 'LARGE BRUSHED%'::text) AND (p_size = ANY ('{48,19,12,4,41,7,21,39}'::integer[]))), (LLVM Optimized)"}]}]}]}]}]}, "Unique SQL Id": 1437012347}, "explain_analyze_plan": null}, "(1, 60)": {"explain_plan": {"Plan": {"Node Type": "Sort", "Startup Cost": 1208300.48, "Total Cost": 1208369.82, "Plan Rows": 27736, "Plan Width": 52, "Sort Key": ["(count(DISTINCT partsupp.ps_suppkey)) DESC", "part.p_brand", "part.p_type", "part.p_size"], "Plans": [{"Node Type": "Aggregate", "Strategy": "Sorted", "Parent Relationship": "Outer", "Startup Cost": 1195293.64, "Total Cost": 1206253.64, "Plan Rows": 27736, "Plan Width": 52, "Group By Key": ["part.p_brand", "part.p_type", "part.p_size"], "Plans": [{"Node Type": "Sort", "Parent Relationship": "Outer", "Startup Cost": 1195293.64, "Total Cost": 1197430.17, "Plan Rows": 854611, "Plan Width": 44, "Sort Key": ["part.p_brand", "part.p_type", "part.p_size"], "Plans": [{"Node Type": "Nested Loop", "Parent Relationship": "Outer", "Join Type": "Anti", "Startup Cost": 0.0, "Total Cost": 1111093.49, "Plan Rows": 854611, "Plan Width": 44, "Inner Unique": false, "Join Filter": "(partsupp.ps_suppkey = supplier.s_suppkey), (LLVM Optimized)", "Plans": [{"Node Type": "Nested Loop", "Parent Relationship": "Outer", "Join Type": "Inner", "Startup Cost": 0.0, "Total Cost": 979366.99, "Plan Rows": 854625, "Plan Width": 44, "Inner Unique": false, "Plans": [{"Node Type": "Seq Scan", "Parent Relationship": "Outer", "Relation Name": "part", "Alias": "part", "Startup Cost": 0.0, "Total Cost": 91944.0, "Plan Rows": 295844, "Plan Width": 44, "Filter": "((p_brand <> 'Brand#34'::bpchar) AND ((p_type)::text !~~ 'LARGE BRUSHED%'::text) AND (p_size = ANY ('{48,19,12,4,41,7,21,39}'::integer[]))), (LLVM Optimized)"}, {"Node Type": "Index Scan", "Parent Relationship": "Inner", "Scan Direction": "Forward", "Index Name": "idx_partsupp_partkey", "Relation Name": "partsupp", "Alias": "partsupp", "Startup Cost": 0.0, "Total Cost": 2.97, "Plan Rows": 3, "Plan Width": 16, "Index Cond": "(ps_partkey = part.p_partkey)"}]}, {"Node Type": "Materialize", "Parent Relationship": "Inner", "Startup Cost": 0.0, "Total Cost": 3533.05, "Plan Rows": 10, "Plan Width": 8, "Plans": [{"Node Type": "Seq Scan", "Parent Relationship": "Outer", "Relation Name": "supplier", "Alias": "supplier", "Startup Cost": 0.0, "Total Cost": 3533.0, "Plan Rows": 10, "Plan Width": 8, "Filter": "((s_comment)::text ~~ '%Customer%Complaints%'::text)"}]}]}]}]}]}, "Unique SQL Id": 1437012347}, "explain_analyze_plan": null}, "(1, 61)": {"explain_plan": {"Plan": {"Node Type": "Sort", "Startup Cost": 1249211.28, "Total Cost": 1249280.62, "Plan Rows": 27736, "Plan Width": 52, "Sort Key": ["(count(DISTINCT partsupp.ps_suppkey)) DESC", "part.p_brand", "part.p_type", "part.p_size"], "Plans": [{"Node Type": "Aggregate", "Strategy": "Sorted", "Parent Relationship": "Outer", "Startup Cost": 1236204.44, "Total Cost": 1247164.43, "Plan Rows": 27736, "Plan Width": 52, "Group By Key": ["part.p_brand", "part.p_type", "part.p_size"], "Plans": [{"Node Type": "Sort", "Parent Relationship": "Outer", "Startup Cost": 1236204.44, "Total Cost": 1238340.96, "Plan Rows": 854611, "Plan Width": 44, "Sort Key": ["part.p_brand", "part.p_type", "part.p_size"], "Plans": [{"Node Type": "Nested Loop", "Parent Relationship": "Outer", "Join Type": "Anti", "Startup Cost": 0.0, "Total Cost": 1152004.28, "Plan Rows": 854611, "Plan Width": 44, "Inner Unique": false, "Join Filter": "(partsupp.ps_suppkey = supplier.s_suppkey), (LLVM Optimized)", "Plans": [{"Node Type": "Nested Loop", "Parent Relationship": "Outer", "Join Type": "Inner", "Startup Cost": 0.0, "Total Cost": 1018226.24, "Plan Rows": 854625, "Plan Width": 44, "Inner Unique": false, "Plans": [{"Node Type": "Index Scan", "Parent Relationship": "Outer", "Scan Direction": "Forward", "Index Name": "part_kpey", "Relation Name": "part", "Alias": "part", "Startup Cost": 0.0, "Total Cost": 130803.25, "Plan Rows": 295844, "Plan Width": 44, "Filter": "((p_brand <> 'Brand#34'::bpchar) AND ((p_type)::text !~~ 'LARGE BRUSHED%'::text) AND (p_size = ANY ('{48,19,12,4,41,7,21,39}'::integer[]))), (LLVM Optimized)"}, {"Node Type": "Index Scan", "Parent Relationship": "Inner", "Scan Direction": "Forward", "Index Name": "idx_partsupp_partkey", "Relation Name": "partsupp", "Alias": "partsupp", "Startup Cost": 0.0, "Total Cost": 2.97, "Plan Rows": 3, "Plan Width": 16, "Index Cond": "(ps_partkey = part.p_partkey)"}]}, {"Node Type": "Materialize", "Parent Relationship": "Inner", "Startup Cost": 0.0, "Total Cost": 5584.59, "Plan Rows": 10, "Plan Width": 8, "Plans": [{"Node Type": "Index Scan", "Parent Relationship": "Outer", "Scan Direction": "Forward", "Index Name": "supplier_pkey", "Relation Name": "supplier", "Alias": "supplier", "Startup Cost": 0.0, "Total Cost": 5584.54, "Plan Rows": 10, "Plan Width": 8, "Filter": "((s_comment)::text ~~ '%Customer%Complaints%'::text)"}]}]}]}]}]}, "Unique SQL Id": 1437012347}, "explain_analyze_plan": null}, "(1, 62)": {"explain_plan": {"Plan": {"Node Type": "Sort", "Startup Cost": 35503522414.34, "Total Cost": 35503522483.68, "Plan Rows": 27736, "Plan Width": 52, "Sort Key": ["(count(DISTINCT partsupp.ps_suppkey)) DESC", "part.p_brand", "part.p_type", "part.p_size"], "Plans": [{"Node Type": "Aggregate", "Strategy": "Sorted", "Parent Relationship": "Outer", "Startup Cost": 35503509407.5, "Total Cost": 35503520367.5, "Plan Rows": 27736, "Plan Width": 52, "Group By Key": ["part.p_brand", "part.p_type", "part.p_size"], "Plans": [{"Node Type": "Sort", "Parent Relationship": "Outer", "Startup Cost": 35503509407.5, "Total Cost": 35503511544.03, "Plan Rows": 854611, "Plan Width": 44, "Sort Key": ["part.p_brand", "part.p_type", "part.p_size"], "Plans": [{"Node Type": "Nested Loop", "Parent Relationship": "Outer", "Join Type": "Anti", "Startup Cost": 0.0, "Total Cost": 35503425207.34, "Plan Rows": 854611, "Plan Width": 44, "Inner Unique": false, "Join Filter": "(partsupp.ps_suppkey = supplier.s_suppkey), (LLVM Optimized)", "Plans": [{"Node Type": "Nested Loop", "Parent Relationship": "Outer", "Join Type": "Inner", "Startup Cost": 0.0, "Total Cost": 35503293480.85, "Plan Rows": 854625, "Plan Width": 44, "Inner Unique": true, "Join Filter": "(partsupp.ps_partkey = part.p_partkey), (LLVM Optimized)", "Plans": [{"Node Type": "Seq Scan", "Parent Relationship": "Outer", "Relation Name": "partsupp", "Alias": "partsupp", "Startup Cost": 0.0, "Total Cost": 269987.72, "Plan Rows": 8000372, "Plan Width": 16}, {"Node Type": "Materialize", "Parent Relationship": "Inner", "Startup Cost": 0.0, "Total Cost": 93423.22, "Plan Rows": 295844, "Plan Width": 44, "Plans": [{"Node Type": "Seq Scan", "Parent Relationship": "Outer", "Relation Name": "part", "Alias": "part", "Startup Cost": 0.0, "Total Cost": 91944.0, "Plan Rows": 295844, "Plan Width": 44, "Filter": "((p_brand <> 'Brand#34'::bpchar) AND ((p_type)::text !~~ 'LARGE BRUSHED%'::text) AND (p_size = ANY ('{48,19,12,4,41,7,21,39}'::integer[]))), (LLVM Optimized)"}]}]}, {"Node Type": "Materialize", "Parent Relationship": "Inner", "Startup Cost": 0.0, "Total Cost": 3533.05, "Plan Rows": 10, "Plan Width": 8, "Plans": [{"Node Type": "Seq Scan", "Parent Relationship": "Outer", "Relation Name": "supplier", "Alias": "supplier", "Startup Cost": 0.0, "Total Cost": 3533.0, "Plan Rows": 10, "Plan Width": 8, "Filter": "((s_comment)::text ~~ '%Customer%Complaints%'::text)"}]}]}]}]}]}, "Unique SQL Id": 1437012347}, "explain_analyze_plan": null}, "(1, 63)": {"explain_plan": {"Plan": {"Node Type": "Sort", "Startup Cost": 3035588913908.11, "Total Cost": 3035588913977.45, "Plan Rows": 27736, "Plan Width": 52, "Sort Key": ["(count(DISTINCT partsupp.ps_suppkey)) DESC", "part.p_brand", "part.p_type", "part.p_size"], "Plans": [{"Node Type": "Aggregate", "Strategy": "Sorted", "Parent Relationship": "Outer", "Startup Cost": 3035588900901.27, "Total Cost": 3035588911861.26, "Plan Rows": 27736, "Plan Width": 52, "Group By Key": ["part.p_brand", "part.p_type", "part.p_size"], "Plans": [{"Node Type": "Sort", "Parent Relationship": "Outer", "Startup Cost": 3035588900901.27, "Total Cost": 3035588903037.79, "Plan Rows": 854611, "Plan Width": 44, "Sort Key": ["part.p_brand", "part.p_type", "part.p_size"], "Plans": [{"Node Type": "Nested Loop", "Parent Relationship": "Outer", "Join Type": "Inner", "Startup Cost": 30000000000.0, "Total Cost": 3035588816701.11, "Plan Rows": 854611, "Plan Width": 44, "Inner Unique": true, "Join Filter": "(partsupp.ps_partkey = part.p_partkey), (LLVM Optimized)", "Plans": [{"Node Type": "Nested Loop", "Parent Relationship": "Outer", "Join Type": "Anti", "Startup Cost": 20000000000.0, "Total Cost": 2000073399473.42, "Plan Rows": 8000238, "Plan Width": 16, "Inner Unique": false, "Join Filter": "(partsupp.ps_suppkey = supplier.s_suppkey), (LLVM Optimized)", "Plans": [{"Node Type": "Index Scan", "Parent Relationship": "Outer", "Scan Direction": "Forward", "Index Name": "partsupp_pkey", "Relation Name": "partsupp", "Alias": "partsupp", "Startup Cost": 10000000000.0, "Total Cost": 1000071640963.22, "Plan Rows": 8000372, "Plan Width": 16}, {"Node Type": "Materialize", "Parent Relationship": "Inner", "Startup Cost": 10000000000.0, "Total Cost": 1000000558454.43, "Plan Rows": 10, "Plan Width": 8, "Plans": [{"Node Type": "Index Scan", "Parent Relationship": "Outer", "Scan Direction": "Forward", "Index Name": "supplier_pkey", "Relation Name": "supplier", "Alias": "supplier", "Startup Cost": 10000000000.0, "Total Cost": 1000000558454.38, "Plan Rows": 10, "Plan Width": 8, "Filter": "((s_comment)::text ~~ '%Customer%Complaints%'::text)"}]}]}, {"Node Type": "Materialize", "Parent Relationship": "Inner", "Startup Cost": 10000000000.0, "Total Cost": 1000013081804.22, "Plan Rows": 295844, "Plan Width": 44, "Plans": [{"Node Type": "Index Scan", "Parent Relationship": "Outer", "Scan Direction": "Forward", "Index Name": "part_kpey", "Relation Name": "part", "Alias": "part", "Startup Cost": 10000000000.0, "Total Cost": 1000013080325.0, "Plan Rows": 295844, "Plan Width": 44, "Filter": "((p_brand <> 'Brand#34'::bpchar) AND ((p_type)::text !~~ 'LARGE BRUSHED%'::text) AND (p_size = ANY ('{48,19,12,4,41,7,21,39}'::integer[]))), (LLVM Optimized)"}]}]}]}]}]}, "Unique SQL Id": 1437012347}, "explain_analyze_plan": null}, "(1, 64)": {"explain_plan": {"Plan": {"Node Type": "Sort", "Startup Cost": 461023.1, "Total Cost": 461092.44, "Plan Rows": 27736, "Plan Width": 52, "Sort Key": ["(count(DISTINCT partsupp.ps_suppkey)) DESC", "part.p_brand", "part.p_type", "part.p_size"], "Plans": [{"Node Type": "Aggregate", "Strategy": "Sorted", "Parent Relationship": "Outer", "Startup Cost": 448016.26, "Total Cost": 458976.25, "Plan Rows": 27736, "Plan Width": 52, "Group By Key": ["part.p_brand", "part.p_type", "part.p_size"], "Plans": [{"Node Type": "Sort", "Parent Relationship": "Outer", "Startup Cost": 448016.26, "Total Cost": 450152.78, "Plan Rows": 854611, "Plan Width": 44, "Sort Key": ["part.p_brand", "part.p_type", "part.p_size"], "Plans": [{"Node Type": "Hash Join", "Parent Relationship": "Outer", "Join Type": "Anti", "Startup Cost": 3533.12, "Total Cost": 363816.1, "Plan Rows": 854611, "Plan Width": 44, "Inner Unique": false, "Hash Cond": "(partsupp.ps_suppkey = supplier.s_suppkey), (LLVM Optimized)", "Plans": [{"Node Type": "Nested Loop", "Parent Relationship": "Outer", "Join Type": "Inner", "Startup Cost": 0.0, "Total Cost": 349594.96, "Plan Rows": 854625, "Plan Width": 44, "Inner Unique": false, "Plans": [{"Node Type": "Seq Scan", "Parent Relationship": "Outer", "Relation Name": "part", "Alias": "part", "Startup Cost": 0.0, "Total Cost": 91944.0, "Plan Rows": 295844, "Plan Width": 44, "Filter": "((p_brand <> 'Brand#34'::bpchar) AND ((p_type)::text !~~ 'LARGE BRUSHED%'::text) AND (p_size = ANY ('{48,19,12,4,41,7,21,39}'::integer[]))), (LLVM Optimized)"}, {"Node Type": "Index Only Scan", "Parent Relationship": "Inner", "Scan Direction": "Forward", "Index Name": "partsupp_pkey", "Relation Name": "partsupp", "Alias": "partsupp", "Startup Cost": 0.0, "Total Cost": 0.84, "Plan Rows": 3, "Plan Width": 16, "Index Cond": "(ps_partkey = part.p_partkey)"}]}, {"Node Type": "Hash", "Parent Relationship": "Inner", "Startup Cost": 3533.0, "Total Cost": 3533.0, "Plan Rows": 10, "Plan Width": 8, "Plans": [{"Node Type": "Seq Scan", "Parent Relationship": "Outer", "Relation Name": "supplier", "Alias": "supplier", "Startup Cost": 0.0, "Total Cost": 3533.0, "Plan Rows": 10, "Plan Width": 8, "Filter": "((s_comment)::text ~~ '%Customer%Complaints%'::text)"}]}]}]}]}]}, "Unique SQL Id": 1437012347}, "explain_analyze_plan": {"Plan": {"Node Type": "Sort", "Startup Cost": 461023.1, "Total Cost": 461092.44, "Plan Rows": 27736, "Plan Width": 52, "Actual Startup Time": 8347.857, "Actual Total Time": 8350.782, "Actual Rows": 27838, "Actual Loops": 1, "Sort Key": ["(count(DISTINCT partsupp.ps_suppkey)) DESC", "part.p_brand", "part.p_type", "part.p_size"], "Sort Method": "quicksort", "Sort Space Used": 5082, "Sort Space Type": "Memory", "Plans": [{"Node Type": "Aggregate", "Strategy": "Sorted", "Parent Relationship": "Outer", "Startup Cost": 448016.26, "Total Cost": 458976.25, "Plan Rows": 27736, "Plan Width": 52, "Actual Startup Time": 7455.228, "Actual Total Time": 8254.354, "Actual Rows": 27838, "Actual Loops": 1, "Group By Key": ["part.p_brand", "part.p_type", "part.p_size"], "Plans": [{"Node Type": "Sort", "Parent Relationship": "Outer", "Startup Cost": 448016.26, "Total Cost": 450152.78, "Plan Rows": 854611, "Plan Width": 44, "Actual Startup Time": 7455.136, "Actual Total Time": 7658.094, "Actual Rows": 1188666, "Actual Loops": 1, "Sort Key": ["part.p_brand", "part.p_type", "part.p_size"], "Sort Method": "quicksort", "Sort Space Used": 233373, "Sort Space Type": "Memory", "Plans": [{"Node Type": "Hash Join", "Parent Relationship": "Outer", "Join Type": "Anti", "Startup Cost": 3533.12, "Total Cost": 363816.1, "Plan Rows": 854611, "Plan Width": 44, "Actual Startup Time": 52.417, "Actual Total Time": 3059.066, "Actual Rows": 1188666, "Actual Loops": 1, "Inner Unique": false, "Hash Cond": "(partsupp.ps_suppkey = supplier.s_suppkey), (LLVM Optimized, Jit Execute)", "Plans": [{"Node Type": "Nested Loop", "Parent Relationship": "Outer", "Join Type": "Inner", "Startup Cost": 0.0, "Total Cost": 349594.96, "Plan Rows": 854625, "Plan Width": 44, "Actual Startup Time": 0.066, "Actual Total Time": 2675.909, "Actual Rows": 1189344, "Actual Loops": 1, "Inner Unique": false, "Plans": [{"Node Type": "Seq Scan", "Parent Relationship": "Outer", "Relation Name": "part", "Alias": "part", "Startup Cost": 0.0, "Total Cost": 91944.0, "Plan Rows": 295844, "Plan Width": 44, "Actual Startup Time": 0.041, "Actual Total Time": 1182.877, "Actual Rows": 297336, "Actual Loops": 1, "Filter": "((p_brand <> 'Brand#34'::bpchar) AND ((p_type)::text !~~ 'LARGE BRUSHED%'::text) AND (p_size = ANY ('{48,19,12,4,41,7,21,39}'::integer[]))), (LLVM Optimized, Jit Execute)", "Rows Removed by Filter": 1702664}, {"Node Type": "Index Only Scan", "Parent Relationship": "Inner", "Scan Direction": "Forward", "Index Name": "partsupp_pkey", "Relation Name": "partsupp", "Alias": "partsupp", "Startup Cost": 0.0, "Total Cost": 0.84, "Plan Rows": 3, "Plan Width": 16, "Actual Startup Time": 847.589, "Actual Total Time": 1080.648, "Actual Rows": 1189344, "Actual Loops": 297336, "Index Cond": "(ps_partkey = part.p_partkey)", "Rows Removed by Index Recheck": 0, "Heap Fetches": 0}]}, {"Node Type": "Hash", "Parent Relationship": "Inner", "Startup Cost": 3533.0, "Total Cost": 3533.0, "Plan Rows": 10, "Plan Width": 8, "Actual Startup Time": 52.297, "Actual Total Time": 52.297, "Actual Rows": 56, "Actual Loops": 1, "Hash Buckets": 32768, "Hash Batches": 1, "Original Hash Batches": 1, "Peak Memory Usage": 3, "Plans": [{"Node Type": "Seq Scan", "Parent Relationship": "Outer", "Relation Name": "supplier", "Alias": "supplier", "Startup Cost": 0.0, "Total Cost": 3533.0, "Plan Rows": 10, "Plan Width": 8, "Actual Startup Time": 0.21, "Actual Total Time": 52.243, "Actual Rows": 56, "Actual Loops": 1, "Filter": "((s_comment)::text ~~ '%Customer%Complaints%'::text)", "Rows Removed by Filter": 99944}]}]}]}]}]}, "Triggers": [], "Planner Runtime": 1.141, "Total Runtime": 8363.004, "Unique SQL Id": 1437012347}}, "(1, 65)": {"explain_plan": {"Plan": {"Node Type": "Sort", "Startup Cost": 501933.89, "Total Cost": 502003.23, "Plan Rows": 27736, "Plan Width": 52, "Sort Key": ["(count(DISTINCT partsupp.ps_suppkey)) DESC", "part.p_brand", "part.p_type", "part.p_size"], "Plans": [{"Node Type": "Aggregate", "Strategy": "Sorted", "Parent Relationship": "Outer", "Startup Cost": 488927.05, "Total Cost": 499887.05, "Plan Rows": 27736, "Plan Width": 52, "Group By Key": ["part.p_brand", "part.p_type", "part.p_size"], "Plans": [{"Node Type": "Sort", "Parent Relationship": "Outer", "Startup Cost": 488927.05, "Total Cost": 491063.58, "Plan Rows": 854611, "Plan Width": 44, "Sort Key": ["part.p_brand", "part.p_type", "part.p_size"], "Plans": [{"Node Type": "Hash Join", "Parent Relationship": "Outer", "Join Type": "Anti", "Startup Cost": 5584.67, "Total Cost": 404726.89, "Plan Rows": 854611, "Plan Width": 44, "Inner Unique": false, "Hash Cond": "(partsupp.ps_suppkey = supplier.s_suppkey), (LLVM Optimized)", "Plans": [{"Node Type": "Nested Loop", "Parent Relationship": "Outer", "Join Type": "Inner", "Startup Cost": 0.0, "Total Cost": 388454.21, "Plan Rows": 854625, "Plan Width": 44, "Inner Unique": false, "Plans": [{"Node Type": "Index Scan", "Parent Relationship": "Outer", "Scan Direction": "Forward", "Index Name": "part_kpey", "Relation Name": "part", "Alias": "part", "Startup Cost": 0.0, "Total Cost": 130803.25, "Plan Rows": 295844, "Plan Width": 44, "Filter": "((p_brand <> 'Brand#34'::bpchar) AND ((p_type)::text !~~ 'LARGE BRUSHED%'::text) AND (p_size = ANY ('{48,19,12,4,41,7,21,39}'::integer[]))), (LLVM Optimized)"}, {"Node Type": "Index Only Scan", "Parent Relationship": "Inner", "Scan Direction": "Forward", "Index Name": "partsupp_pkey", "Relation Name": "partsupp", "Alias": "partsupp", "Startup Cost": 0.0, "Total Cost": 0.84, "Plan Rows": 3, "Plan Width": 16, "Index Cond": "(ps_partkey = part.p_partkey)"}]}, {"Node Type": "Hash", "Parent Relationship": "Inner", "Startup Cost": 5584.54, "Total Cost": 5584.54, "Plan Rows": 10, "Plan Width": 8, "Plans": [{"Node Type": "Index Scan", "Parent Relationship": "Outer", "Scan Direction": "Forward", "Index Name": "supplier_pkey", "Relation Name": "supplier", "Alias": "supplier", "Startup Cost": 0.0, "Total Cost": 5584.54, "Plan Rows": 10, "Plan Width": 8, "Filter": "((s_comment)::text ~~ '%Customer%Complaints%'::text)"}]}]}]}]}]}, "Unique SQL Id": 1437012347}, "explain_analyze_plan": {"Plan": {"Node Type": "Sort", "Startup Cost": 501933.89, "Total Cost": 502003.23, "Plan Rows": 27736, "Plan Width": 52, "Actual Startup Time": 9276.147, "Actual Total Time": 9279.091, "Actual Rows": 27838, "Actual Loops": 1, "Sort Key": ["(count(DISTINCT partsupp.ps_suppkey)) DESC", "part.p_brand", "part.p_type", "part.p_size"], "Sort Method": "quicksort", "Sort Space Used": 5082, "Sort Space Type": "Memory", "Plans": [{"Node Type": "Aggregate", "Strategy": "Sorted", "Parent Relationship": "Outer", "Startup Cost": 488927.05, "Total Cost": 499887.05, "Plan Rows": 27736, "Plan Width": 52, "Actual Startup Time": 8174.969, "Actual Total Time": 9178.461, "Actual Rows": 27838, "Actual Loops": 1, "Group By Key": ["part.p_brand", "part.p_type", "part.p_size"], "Plans": [{"Node Type": "Sort", "Parent Relationship": "Outer", "Startup Cost": 488927.05, "Total Cost": 491063.58, "Plan Rows": 854611, "Plan Width": 44, "Actual Startup Time": 8174.884, "Actual Total Time": 8529.299, "Actual Rows": 1188666, "Actual Loops": 1, "Sort Key": ["part.p_brand", "part.p_type", "part.p_size"], "Sort Method": "quicksort", "Sort Space Used": 233373, "Sort Space Type": "Memory", "Plans": [{"Node Type": "Hash Join", "Parent Relationship": "Outer", "Join Type": "Anti", "Startup Cost": 5584.67, "Total Cost": 404726.89, "Plan Rows": 854611, "Plan Width": 44, "Actual Startup Time": 75.296, "Actual Total Time": 3920.806, "Actual Rows": 1188666, "Actual Loops": 1, "Inner Unique": false, "Hash Cond": "(partsupp.ps_suppkey = supplier.s_suppkey), (LLVM Optimized, Jit Execute)", "Plans": [{"Node Type": "Nested Loop", "Parent Relationship": "Outer", "Join Type": "Inner", "Startup Cost": 0.0, "Total Cost": 388454.21, "Plan Rows": 854625, "Plan Width": 44, "Actual Startup Time": 0.065, "Actual Total Time": 3515.424, "Actual Rows": 1189344, "Actual Loops": 1, "Inner Unique": false, "Plans": [{"Node Type": "Index Scan", "Parent Relationship": "Outer", "Scan Direction": "Forward", "Index Name": "part_kpey", "Relation Name": "part", "Alias": "part", "Startup Cost": 0.0, "Total Cost": 130803.25, "Plan Rows": 295844, "Plan Width": 44, "Actual Startup Time": 0.046, "Actual Total Time": 1974.121, "Actual Rows": 297336, "Actual Loops": 1, "Filter": "((p_brand <> 'Brand#34'::bpchar) AND ((p_type)::text !~~ 'LARGE BRUSHED%'::text) AND (p_size = ANY ('{48,19,12,4,41,7,21,39}'::integer[]))), (LLVM Optimized, Jit Execute)", "Rows Removed by Filter": 1702664}, {"Node Type": "Index Only Scan", "Parent Relationship": "Inner", "Scan Direction": "Forward", "Index Name": "partsupp_pkey", "Relation Name": "partsupp", "Alias": "partsupp", "Startup Cost": 0.0, "Total Cost": 0.84, "Plan Rows": 3, "Plan Width": 16, "Actual Startup Time": 904.578, "Actual Total Time": 1129.474, "Actual Rows": 1189344, "Actual Loops": 297336, "Index Cond": "(ps_partkey = part.p_partkey)", "Rows Removed by Index Recheck": 0, "Heap Fetches": 0}]}, {"Node Type": "Hash", "Parent Relationship": "Inner", "Startup Cost": 5584.54, "Total Cost": 5584.54, "Plan Rows": 10, "Plan Width": 8, "Actual Startup Time": 75.185, "Actual Total Time": 75.185, "Actual Rows": 56, "Actual Loops": 1, "Hash Buckets": 32768, "Hash Batches": 1, "Original Hash Batches": 1, "Peak Memory Usage": 3, "Plans": [{"Node Type": "Index Scan", "Parent Relationship": "Outer", "Scan Direction": "Forward", "Index Name": "supplier_pkey", "Relation Name": "supplier", "Alias": "supplier", "Startup Cost": 0.0, "Total Cost": 5584.54, "Plan Rows": 10, "Plan Width": 8, "Actual Startup Time": 0.294, "Actual Total Time": 75.114, "Actual Rows": 56, "Actual Loops": 1, "Filter": "((s_comment)::text ~~ '%Customer%Complaints%'::text)", "Rows Removed by Filter": 99944}]}]}]}]}]}, "Triggers": [], "Planner Runtime": 1.153, "Total Runtime": 9290.89, "Unique SQL Id": 1437012347}}, "(1, 66)": {"explain_plan": {"Plan": {"Node Type": "Sort", "Startup Cost": 515600.3, "Total Cost": 515669.64, "Plan Rows": 27736, "Plan Width": 52, "Sort Key": ["(count(DISTINCT partsupp.ps_suppkey)) DESC", "part.p_brand", "part.p_type", "part.p_size"], "Plans": [{"Node Type": "Aggregate", "Strategy": "Sorted", "Parent Relationship": "Outer", "Startup Cost": 502593.46, "Total Cost": 513553.46, "Plan Rows": 27736, "Plan Width": 52, "Group By Key": ["part.p_brand", "part.p_type", "part.p_size"], "Plans": [{"Node Type": "Sort", "Parent Relationship": "Outer", "Startup Cost": 502593.46, "Total Cost": 504729.99, "Plan Rows": 854611, "Plan Width": 44, "Sort Key": ["part.p_brand", "part.p_type", "part.p_size"], "Plans": [{"Node Type": "Hash Join", "Parent Relationship": "Outer", "Join Type": "Anti", "Startup Cost": 99175.18, "Total Cost": 418393.3, "Plan Rows": 854611, "Plan Width": 44, "Inner Unique": false, "Hash Cond": "(partsupp.ps_suppkey = supplier.s_suppkey), (LLVM Optimized)", "Plans": [{"Node Type": "Hash Join", "Parent Relationship": "Outer", "Join Type": "Inner", "Startup Cost": 95642.05, "Total Cost": 404177.41, "Plan Rows": 854625, "Plan Width": 44, "Inner Unique": true, "Hash Cond": "(partsupp.ps_partkey = part.p_partkey), (LLVM Optimized)", "Plans": [{"Node Type": "Seq Scan", "Parent Relationship": "Outer", "Relation Name": "partsupp", "Alias": "partsupp", "Startup Cost": 0.0, "Total Cost": 269987.72, "Plan Rows": 8000372, "Plan Width": 16}, {"Node Type": "Hash", "Parent Relationship": "Inner", "Startup Cost": 91944.0, "Total Cost": 91944.0, "Plan Rows": 295844, "Plan Width": 44, "Plans": [{"Node Type": "Seq Scan", "Parent Relationship": "Outer", "Relation Name": "part", "Alias": "part", "Startup Cost": 0.0, "Total Cost": 91944.0, "Plan Rows": 295844, "Plan Width": 44, "Filter": "((p_brand <> 'Brand#34'::bpchar) AND ((p_type)::text !~~ 'LARGE BRUSHED%'::text) AND (p_size = ANY ('{48,19,12,4,41,7,21,39}'::integer[]))), (LLVM Optimized)"}]}]}, {"Node Type": "Hash", "Parent Relationship": "Inner", "Startup Cost": 3533.0, "Total Cost": 3533.0, "Plan Rows": 10, "Plan Width": 8, "Plans": [{"Node Type": "Seq Scan", "Parent Relationship": "Outer", "Relation Name": "supplier", "Alias": "supplier", "Startup Cost": 0.0, "Total Cost": 3533.0, "Plan Rows": 10, "Plan Width": 8, "Filter": "((s_comment)::text ~~ '%Customer%Complaints%'::text)"}]}]}]}]}]}, "Unique SQL Id": 1437012347}, "explain_analyze_plan": {"Plan": {"Node Type": "Sort", "Startup Cost": 515600.3, "Total Cost": 515669.64, "Plan Rows": 27736, "Plan Width": 52, "Actual Startup Time": 11497.658, "Actual Total Time": 11500.717, "Actual Rows": 27838, "Actual Loops": 1, "Sort Key": ["(count(DISTINCT partsupp.ps_suppkey)) DESC", "part.p_brand", "part.p_type", "part.p_size"], "Sort Method": "quicksort", "Sort Space Used": 5082, "Sort Space Type": "Memory", "Plans": [{"Node Type": "Aggregate", "Strategy": "Sorted", "Parent Relationship": "Outer", "Startup Cost": 502593.46, "Total Cost": 513553.46, "Plan Rows": 27736, "Plan Width": 52, "Actual Startup Time": 10600.832, "Actual Total Time": 11403.77, "Actual Rows": 27838, "Actual Loops": 1, "Group By Key": ["part.p_brand", "part.p_type", "part.p_size"], "Plans": [{"Node Type": "Sort", "Parent Relationship": "Outer", "Startup Cost": 502593.46, "Total Cost": 504729.99, "Plan Rows": 854611, "Plan Width": 44, "Actual Startup Time": 10600.662, "Actual Total Time": 10805.964, "Actual Rows": 1188666, "Actual Loops": 1, "Sort Key": ["part.p_brand", "part.p_type", "part.p_size"], "Sort Method": "quicksort", "Sort Space Used": 233373, "Sort Space Type": "Memory", "Plans": [{"Node Type": "Hash Join", "Parent Relationship": "Outer", "Join Type": "Anti", "Startup Cost": 99175.18, "Total Cost": 418393.3, "Plan Rows": 854611, "Plan Width": 44, "Actual Startup Time": 1364.023, "Actual Total Time": 6195.986, "Actual Rows": 1188666, "Actual Loops": 1, "Inner Unique": false, "Hash Cond": "(partsupp.ps_suppkey = supplier.s_suppkey), (LLVM Optimized, Jit Execute)", "Plans": [{"Node Type": "Hash Join", "Parent Relationship": "Outer", "Join Type": "Inner", "Startup Cost": 95642.05, "Total Cost": 404177.41, "Plan Rows": 854625, "Plan Width": 44, "Actual Startup Time": 1311.723, "Actual Total Time": 5817.919, "Actual Rows": 1189344, "Actual Loops": 1, "Inner Unique": true, "Hash Cond": "(partsupp.ps_partkey = part.p_partkey), (LLVM Optimized, Jit Execute)", "Plans": [{"Node Type": "Seq Scan", "Parent Relationship": "Outer", "Relation Name": "partsupp", "Alias": "partsupp", "Startup Cost": 0.0, "Total Cost": 269987.72, "Plan Rows": 8000372, "Plan Width": 16, "Actual Startup Time": 0.018, "Actual Total Time": 2435.195, "Actual Rows": 8000000, "Actual Loops": 1}, {"Node Type": "Hash", "Parent Relationship": "Inner", "Startup Cost": 91944.0, "Total Cost": 91944.0, "Plan Rows": 295844, "Plan Width": 44, "Actual Startup Time": 1310.915, "Actual Total Time": 1310.915, "Actual Rows": 297336, "Actual Loops": 1, "Hash Buckets": 524288, "Hash Batches": 1, "Original Hash Batches": 1, "Peak Memory Usage": 23216, "Plans": [{"Node Type": "Seq Scan", "Parent Relationship": "Outer", "Relation Name": "part", "Alias": "part", "Startup Cost": 0.0, "Total Cost": 91944.0, "Plan Rows": 295844, "Plan Width": 44, "Actual Startup Time": 0.025, "Actual Total Time": 1163.672, "Actual Rows": 297336, "Actual Loops": 1, "Filter": "((p_brand <> 'Brand#34'::bpchar) AND ((p_type)::text !~~ 'LARGE BRUSHED%'::text) AND (p_size = ANY ('{48,19,12,4,41,7,21,39}'::integer[]))), (LLVM Optimized, Jit Execute)", "Rows Removed by Filter": 1702664}]}]}, {"Node Type": "Hash", "Parent Relationship": "Inner", "Startup Cost": 3533.0, "Total Cost": 3533.0, "Plan Rows": 10, "Plan Width": 8, "Actual Startup Time": 52.21, "Actual Total Time": 52.21, "Actual Rows": 56, "Actual Loops": 1, "Hash Buckets": 32768, "Hash Batches": 1, "Original Hash Batches": 1, "Peak Memory Usage": 3, "Plans": [{"Node Type": "Seq Scan", "Parent Relationship": "Outer", "Relation Name": "supplier", "Alias": "supplier", "Startup Cost": 0.0, "Total Cost": 3533.0, "Plan Rows": 10, "Plan Width": 8, "Actual Startup Time": 0.239, "Actual Total Time": 52.158, "Actual Rows": 56, "Actual Loops": 1, "Filter": "((s_comment)::text ~~ '%Customer%Complaints%'::text)", "Rows Removed by Filter": 99944}]}]}]}]}]}, "Triggers": [], "Planner Runtime": 1.122, "Total Runtime": 11512.885, "Unique SQL Id": 1437012347}}, "(1, 67)": {"explain_plan": {"Plan": {"Node Type": "Sort", "Startup Cost": 1000096381206.59, "Total Cost": 1000096381275.93, "Plan Rows": 27736, "Plan Width": 52, "Sort Key": ["(count(DISTINCT partsupp.ps_suppkey)) DESC", "part.p_brand", "part.p_type", "part.p_size"], "Plans": [{"Node Type": "Aggregate", "Strategy": "Sorted", "Parent Relationship": "Outer", "Startup Cost": 1000096368199.75, "Total Cost": 1000096379159.74, "Plan Rows": 27736, "Plan Width": 52, "Group By Key": ["part.p_brand", "part.p_type", "part.p_size"], "Plans": [{"Node Type": "Sort", "Parent Relationship": "Outer", "Startup Cost": 1000096368199.75, "Total Cost": 1000096370336.27, "Plan Rows": 854611, "Plan Width": 44, "Sort Key": ["part.p_brand", "part.p_type", "part.p_size"], "Plans": [{"Node Type": "Nested Loop", "Parent Relationship": "Outer", "Join Type": "Inner", "Startup Cost": 10000000000.52, "Total Cost": 1000096283999.59, "Plan Rows": 854611, "Plan Width": 44, "Inner Unique": true, "Plans": [{"Node Type": "Nested Loop", "Parent Relationship": "Outer", "Join Type": "Anti", "Startup Cost": 10000000000.26, "Total Cost": 1000061892121.8, "Plan Rows": 8000238, "Plan Width": 16, "Inner Unique": false, "Plans": [{"Node Type": "Index Only Scan", "Parent Relationship": "Outer", "Scan Direction": "Forward", "Index Name": "partsupp_pkey", "Relation Name": "partsupp", "Alias": "partsupp", "Startup Cost": 10000000000.0, "Total Cost": 1000027706983.0, "Plan Rows": 8000372, "Plan Width": 16}, {"Node Type": "Bitmap Heap Scan", "Parent Relationship": "Inner", "Relation Name": "supplier", "Alias": "supplier", "Startup Cost": 0.26, "Total Cost": 4.27, "Plan Rows": 1, "Plan Width": 8, "Recheck Cond": "(partsupp.ps_suppkey = s_suppkey)", "Filter": "((s_comment)::text ~~ '%Customer%Complaints%'::text)", "Plans": [{"Node Type": "Bitmap Index Scan", "Parent Relationship": "Outer", "Index Name": "supplier_pkey", "Startup Cost": 0.0, "Total Cost": 0.26, "Plan Rows": 1, "Plan Width": 0, "Index Cond": "(partsupp.ps_suppkey = s_suppkey)"}]}]}, {"Node Type": "Bitmap Heap Scan", "Parent Relationship": "Inner", "Relation Name": "part", "Alias": "part", "Startup Cost": 0.26, "Total Cost": 4.29, "Plan Rows": 1, "Plan Width": 44, "Recheck Cond": "(p_partkey = partsupp.ps_partkey)", "Filter": "((p_brand <> 'Brand#34'::bpchar) AND ((p_type)::text !~~ 'LARGE BRUSHED%'::text) AND (p_size = ANY ('{48,19,12,4,41,7,21,39}'::integer[])))", "Plans": [{"Node Type": "Bitmap Index Scan", "Parent Relationship": "Outer", "Index Name": "part_kpey", "Startup Cost": 0.0, "Total Cost": 0.26, "Plan Rows": 1, "Plan Width": 0, "Index Cond": "(p_partkey = partsupp.ps_partkey)"}]}]}]}]}]}, "Unique SQL Id": 1437012347}, "explain_analyze_plan": null}, "(1, 68)": {"explain_plan": {"Plan": {"Node Type": "Sort", "Startup Cost": 515600.3, "Total Cost": 515669.64, "Plan Rows": 27736, "Plan Width": 52, "Sort Key": ["(count(DISTINCT partsupp.ps_suppkey)) DESC", "part.p_brand", "part.p_type", "part.p_size"], "Plans": [{"Node Type": "Aggregate", "Strategy": "Sorted", "Parent Relationship": "Outer", "Startup Cost": 502593.46, "Total Cost": 513553.46, "Plan Rows": 27736, "Plan Width": 52, "Group By Key": ["part.p_brand", "part.p_type", "part.p_size"], "Plans": [{"Node Type": "Sort", "Parent Relationship": "Outer", "Startup Cost": 502593.46, "Total Cost": 504729.99, "Plan Rows": 854611, "Plan Width": 44, "Sort Key": ["part.p_brand", "part.p_type", "part.p_size"], "Plans": [{"Node Type": "Hash Join", "Parent Relationship": "Outer", "Join Type": "Anti", "Startup Cost": 99175.18, "Total Cost": 418393.3, "Plan Rows": 854611, "Plan Width": 44, "Inner Unique": false, "Hash Cond": "(partsupp.ps_suppkey = supplier.s_suppkey), (LLVM Optimized)", "Plans": [{"Node Type": "Hash Join", "Parent Relationship": "Outer", "Join Type": "Inner", "Startup Cost": 95642.05, "Total Cost": 404177.41, "Plan Rows": 854625, "Plan Width": 44, "Inner Unique": true, "Hash Cond": "(partsupp.ps_partkey = part.p_partkey), (LLVM Optimized)", "Plans": [{"Node Type": "Seq Scan", "Parent Relationship": "Outer", "Relation Name": "partsupp", "Alias": "partsupp", "Startup Cost": 0.0, "Total Cost": 269987.72, "Plan Rows": 8000372, "Plan Width": 16}, {"Node Type": "Hash", "Parent Relationship": "Inner", "Startup Cost": 91944.0, "Total Cost": 91944.0, "Plan Rows": 295844, "Plan Width": 44, "Plans": [{"Node Type": "Seq Scan", "Parent Relationship": "Outer", "Relation Name": "part", "Alias": "part", "Startup Cost": 0.0, "Total Cost": 91944.0, "Plan Rows": 295844, "Plan Width": 44, "Filter": "((p_brand <> 'Brand#34'::bpchar) AND ((p_type)::text !~~ 'LARGE BRUSHED%'::text) AND (p_size = ANY ('{48,19,12,4,41,7,21,39}'::integer[]))), (LLVM Optimized)"}]}]}, {"Node Type": "Hash", "Parent Relationship": "Inner", "Startup Cost": 3533.0, "Total Cost": 3533.0, "Plan Rows": 10, "Plan Width": 8, "Plans": [{"Node Type": "Seq Scan", "Parent Relationship": "Outer", "Relation Name": "supplier", "Alias": "supplier", "Startup Cost": 0.0, "Total Cost": 3533.0, "Plan Rows": 10, "Plan Width": 8, "Filter": "((s_comment)::text ~~ '%Customer%Complaints%'::text)"}]}]}]}]}]}, "Unique SQL Id": 1437012347}, "explain_analyze_plan": {"Plan": {"Node Type": "Sort", "Startup Cost": 515600.3, "Total Cost": 515669.64, "Plan Rows": 27736, "Plan Width": 52, "Actual Startup Time": 11497.658, "Actual Total Time": 11500.717, "Actual Rows": 27838, "Actual Loops": 1, "Sort Key": ["(count(DISTINCT partsupp.ps_suppkey)) DESC", "part.p_brand", "part.p_type", "part.p_size"], "Sort Method": "quicksort", "Sort Space Used": 5082, "Sort Space Type": "Memory", "Plans": [{"Node Type": "Aggregate", "Strategy": "Sorted", "Parent Relationship": "Outer", "Startup Cost": 502593.46, "Total Cost": 513553.46, "Plan Rows": 27736, "Plan Width": 52, "Actual Startup Time": 10600.832, "Actual Total Time": 11403.77, "Actual Rows": 27838, "Actual Loops": 1, "Group By Key": ["part.p_brand", "part.p_type", "part.p_size"], "Plans": [{"Node Type": "Sort", "Parent Relationship": "Outer", "Startup Cost": 502593.46, "Total Cost": 504729.99, "Plan Rows": 854611, "Plan Width": 44, "Actual Startup Time": 10600.662, "Actual Total Time": 10805.964, "Actual Rows": 1188666, "Actual Loops": 1, "Sort Key": ["part.p_brand", "part.p_type", "part.p_size"], "Sort Method": "quicksort", "Sort Space Used": 233373, "Sort Space Type": "Memory", "Plans": [{"Node Type": "Hash Join", "Parent Relationship": "Outer", "Join Type": "Anti", "Startup Cost": 99175.18, "Total Cost": 418393.3, "Plan Rows": 854611, "Plan Width": 44, "Actual Startup Time": 1364.023, "Actual Total Time": 6195.986, "Actual Rows": 1188666, "Actual Loops": 1, "Inner Unique": false, "Hash Cond": "(partsupp.ps_suppkey = supplier.s_suppkey), (LLVM Optimized, Jit Execute)", "Plans": [{"Node Type": "Hash Join", "Parent Relationship": "Outer", "Join Type": "Inner", "Startup Cost": 95642.05, "Total Cost": 404177.41, "Plan Rows": 854625, "Plan Width": 44, "Actual Startup Time": 1311.723, "Actual Total Time": 5817.919, "Actual Rows": 1189344, "Actual Loops": 1, "Inner Unique": true, "Hash Cond": "(partsupp.ps_partkey = part.p_partkey), (LLVM Optimized, Jit Execute)", "Plans": [{"Node Type": "Seq Scan", "Parent Relationship": "Outer", "Relation Name": "partsupp", "Alias": "partsupp", "Startup Cost": 0.0, "Total Cost": 269987.72, "Plan Rows": 8000372, "Plan Width": 16, "Actual Startup Time": 0.018, "Actual Total Time": 2435.195, "Actual Rows": 8000000, "Actual Loops": 1}, {"Node Type": "Hash", "Parent Relationship": "Inner", "Startup Cost": 91944.0, "Total Cost": 91944.0, "Plan Rows": 295844, "Plan Width": 44, "Actual Startup Time": 1310.915, "Actual Total Time": 1310.915, "Actual Rows": 297336, "Actual Loops": 1, "Hash Buckets": 524288, "Hash Batches": 1, "Original Hash Batches": 1, "Peak Memory Usage": 23216, "Plans": [{"Node Type": "Seq Scan", "Parent Relationship": "Outer", "Relation Name": "part", "Alias": "part", "Startup Cost": 0.0, "Total Cost": 91944.0, "Plan Rows": 295844, "Plan Width": 44, "Actual Startup Time": 0.025, "Actual Total Time": 1163.672, "Actual Rows": 297336, "Actual Loops": 1, "Filter": "((p_brand <> 'Brand#34'::bpchar) AND ((p_type)::text !~~ 'LARGE BRUSHED%'::text) AND (p_size = ANY ('{48,19,12,4,41,7,21,39}'::integer[]))), (LLVM Optimized, Jit Execute)", "Rows Removed by Filter": 1702664}]}]}, {"Node Type": "Hash", "Parent Relationship": "Inner", "Startup Cost": 3533.0, "Total Cost": 3533.0, "Plan Rows": 10, "Plan Width": 8, "Actual Startup Time": 52.21, "Actual Total Time": 52.21, "Actual Rows": 56, "Actual Loops": 1, "Hash Buckets": 32768, "Hash Batches": 1, "Original Hash Batches": 1, "Peak Memory Usage": 3, "Plans": [{"Node Type": "Seq Scan", "Parent Relationship": "Outer", "Relation Name": "supplier", "Alias": "supplier", "Startup Cost": 0.0, "Total Cost": 3533.0, "Plan Rows": 10, "Plan Width": 8, "Actual Startup Time": 0.239, "Actual Total Time": 52.158, "Actual Rows": 56, "Actual Loops": 1, "Filter": "((s_comment)::text ~~ '%Customer%Complaints%'::text)", "Rows Removed by Filter": 99944}]}]}]}]}]}, "Triggers": [], "Planner Runtime": 1.122, "Total Runtime": 11512.885, "Unique SQL Id": 1437012347}}, "(1, 69)": {"explain_plan": {"Plan": {"Node Type": "Sort", "Startup Cost": 705048.1, "Total Cost": 705117.44, "Plan Rows": 27736, "Plan Width": 52, "Sort Key": ["(count(DISTINCT partsupp.ps_suppkey)) DESC", "part.p_brand", "part.p_type", "part.p_size"], "Plans": [{"Node Type": "Aggregate", "Strategy": "Sorted", "Parent Relationship": "Outer", "Startup Cost": 692041.26, "Total Cost": 703001.25, "Plan Rows": 27736, "Plan Width": 52, "Group By Key": ["part.p_brand", "part.p_type", "part.p_size"], "Plans": [{"Node Type": "Sort", "Parent Relationship": "Outer", "Startup Cost": 692041.26, "Total Cost": 694177.78, "Plan Rows": 854611, "Plan Width": 44, "Sort Key": ["part.p_brand", "part.p_type", "part.p_size"], "Plans": [{"Node Type": "Hash Join", "Parent Relationship": "Outer", "Join Type": "Anti", "Startup Cost": 5592.57, "Total Cost": 607841.1, "Plan Rows": 854611, "Plan Width": 44, "Inner Unique": false, "Hash Cond": "(partsupp.ps_suppkey = supplier.s_suppkey), (LLVM Optimized)", "Plans": [{"Node Type": "Merge Join", "Parent Relationship": "Outer", "Join Type": "Inner", "Startup Cost": 7.9, "Total Cost": 591568.41, "Plan Rows": 854625, "Plan Width": 44, "Inner Unique": false, "Merge Cond": "(part.p_partkey = partsupp.ps_partkey)", "Plans": [{"Node Type": "Index Scan", "Parent Relationship": "Outer", "Scan Direction": "Forward", "Index Name": "part_kpey", "Relation Name": "part", "Alias": "part", "Startup Cost": 0.0, "Total Cost": 130803.25, "Plan Rows": 295844, "Plan Width": 44, "Filter": "((p_brand <> 'Brand#34'::bpchar) AND ((p_type)::text !~~ 'LARGE BRUSHED%'::text) AND (p_size = ANY ('{48,19,12,4,41,7,21,39}'::integer[]))), (LLVM Optimized)"}, {"Node Type": "Index Scan", "Parent Relationship": "Inner", "Scan Direction": "Forward", "Index Name": "idx_partsupp_partkey", "Relation Name": "partsupp", "Alias": "partsupp", "Startup Cost": 0.0, "Total Cost": 431485.03, "Plan Rows": 8000372, "Plan Width": 16}]}, {"Node Type": "Hash", "Parent Relationship": "Inner", "Startup Cost": 5584.54, "Total Cost": 5584.54, "Plan Rows": 10, "Plan Width": 8, "Plans": [{"Node Type": "Index Scan", "Parent Relationship": "Outer", "Scan Direction": "Forward", "Index Name": "supplier_pkey", "Relation Name": "supplier", "Alias": "supplier", "Startup Cost": 0.0, "Total Cost": 5584.54, "Plan Rows": 10, "Plan Width": 8, "Filter": "((s_comment)::text ~~ '%Customer%Complaints%'::text)"}]}]}]}]}]}, "Unique SQL Id": 1437012347}, "explain_analyze_plan": {"Plan": {"Node Type": "Sort", "Startup Cost": 705048.1, "Total Cost": 705117.44, "Plan Rows": 27736, "Plan Width": 52, "Actual Startup Time": 13581.652, "Actual Total Time": 13584.606, "Actual Rows": 27838, "Actual Loops": 1, "Sort Key": ["(count(DISTINCT partsupp.ps_suppkey)) DESC", "part.p_brand", "part.p_type", "part.p_size"], "Sort Method": "quicksort", "Sort Space Used": 5082, "Sort Space Type": "Memory", "Plans": [{"Node Type": "Aggregate", "Strategy": "Sorted", "Parent Relationship": "Outer", "Startup Cost": 692041.26, "Total Cost": 703001.25, "Plan Rows": 27736, "Plan Width": 52, "Actual Startup Time": 12658.0, "Actual Total Time": 13487.868, "Actual Rows": 27838, "Actual Loops": 1, "Group By Key": ["part.p_brand", "part.p_type", "part.p_size"], "Plans": [{"Node Type": "Sort", "Parent Relationship": "Outer", "Startup Cost": 692041.26, "Total Cost": 694177.78, "Plan Rows": 854611, "Plan Width": 44, "Actual Startup Time": 12657.902, "Actual Total Time": 12888.288, "Actual Rows": 1188666, "Actual Loops": 1, "Sort Key": ["part.p_brand", "part.p_type", "part.p_size"], "Sort Method": "quicksort", "Sort Space Used": 233373, "Sort Space Type": "Memory", "Plans": [{"Node Type": "Hash Join", "Parent Relationship": "Outer", "Join Type": "Anti", "Startup Cost": 5592.57, "Total Cost": 607841.1, "Plan Rows": 854611, "Plan Width": 44, "Actual Startup Time": 75.534, "Actual Total Time": 8522.73, "Actual Rows": 1188666, "Actual Loops": 1, "Inner Unique": false, "Hash Cond": "(partsupp.ps_suppkey = supplier.s_suppkey), (LLVM Optimized, Jit Execute)", "Plans": [{"Node Type": "Merge Join", "Parent Relationship": "Outer", "Join Type": "Inner", "Startup Cost": 7.9, "Total Cost": 591568.41, "Plan Rows": 854625, "Plan Width": 44, "Actual Startup Time": 0.072, "Actual Total Time": 8091.136, "Actual Rows": 1189344, "Actual Loops": 1, "Inner Unique": false, "Merge Cond": "(part.p_partkey = partsupp.ps_partkey)", "Plans": [{"Node Type": "Index Scan", "Parent Relationship": "Outer", "Scan Direction": "Forward", "Index Name": "part_kpey", "Relation Name": "part", "Alias": "part", "Startup Cost": 0.0, "Total Cost": 130803.25, "Plan Rows": 295844, "Plan Width": 44, "Actual Startup Time": 0.044, "Actual Total Time": 1785.479, "Actual Rows": 297336, "Actual Loops": 1, "Filter": "((p_brand <> 'Brand#34'::bpchar) AND ((p_type)::text !~~ 'LARGE BRUSHED%'::text) AND (p_size = ANY ('{48,19,12,4,41,7,21,39}'::integer[]))), (LLVM Optimized, Jit Execute)", "Rows Removed by Filter": 1702664}, {"Node Type": "Index Scan", "Parent Relationship": "Inner", "Scan Direction": "Forward", "Index Name": "idx_partsupp_partkey", "Relation Name": "partsupp", "Alias": "partsupp", "Startup Cost": 0.0, "Total Cost": 431485.03, "Plan Rows": 8000372, "Plan Width": 16, "Actual Startup Time": 0.018, "Actual Total Time": 4828.711, "Actual Rows": 7999985, "Actual Loops": 1}]}, {"Node Type": "Hash", "Parent Relationship": "Inner", "Startup Cost": 5584.54, "Total Cost": 5584.54, "Plan Rows": 10, "Plan Width": 8, "Actual Startup Time": 75.415, "Actual Total Time": 75.415, "Actual Rows": 56, "Actual Loops": 1, "Hash Buckets": 32768, "Hash Batches": 1, "Original Hash Batches": 1, "Peak Memory Usage": 3, "Plans": [{"Node Type": "Index Scan", "Parent Relationship": "Outer", "Scan Direction": "Forward", "Index Name": "supplier_pkey", "Relation Name": "supplier", "Alias": "supplier", "Startup Cost": 0.0, "Total Cost": 5584.54, "Plan Rows": 10, "Plan Width": 8, "Actual Startup Time": 0.29, "Actual Total Time": 75.363, "Actual Rows": 56, "Actual Loops": 1, "Filter": "((s_comment)::text ~~ '%Customer%Complaints%'::text)", "Rows Removed by Filter": 99944}]}]}]}]}]}, "Triggers": [], "Planner Runtime": 1.109, "Total Runtime": 13596.397, "Unique SQL Id": 1437012347}}, "(1, 70)": {"explain_plan": {"Plan": {"Node Type": "Sort", "Startup Cost": 515600.3, "Total Cost": 515669.64, "Plan Rows": 27736, "Plan Width": 52, "Sort Key": ["(count(DISTINCT partsupp.ps_suppkey)) DESC", "part.p_brand", "part.p_type", "part.p_size"], "Plans": [{"Node Type": "Aggregate", "Strategy": "Sorted", "Parent Relationship": "Outer", "Startup Cost": 502593.46, "Total Cost": 513553.46, "Plan Rows": 27736, "Plan Width": 52, "Group By Key": ["part.p_brand", "part.p_type", "part.p_size"], "Plans": [{"Node Type": "Sort", "Parent Relationship": "Outer", "Startup Cost": 502593.46, "Total Cost": 504729.99, "Plan Rows": 854611, "Plan Width": 44, "Sort Key": ["part.p_brand", "part.p_type", "part.p_size"], "Plans": [{"Node Type": "Hash Join", "Parent Relationship": "Outer", "Join Type": "Anti", "Startup Cost": 99175.18, "Total Cost": 418393.3, "Plan Rows": 854611, "Plan Width": 44, "Inner Unique": false, "Hash Cond": "(partsupp.ps_suppkey = supplier.s_suppkey), (LLVM Optimized)", "Plans": [{"Node Type": "Hash Join", "Parent Relationship": "Outer", "Join Type": "Inner", "Startup Cost": 95642.05, "Total Cost": 404177.41, "Plan Rows": 854625, "Plan Width": 44, "Inner Unique": true, "Hash Cond": "(partsupp.ps_partkey = part.p_partkey), (LLVM Optimized)", "Plans": [{"Node Type": "Seq Scan", "Parent Relationship": "Outer", "Relation Name": "partsupp", "Alias": "partsupp", "Startup Cost": 0.0, "Total Cost": 269987.72, "Plan Rows": 8000372, "Plan Width": 16}, {"Node Type": "Hash", "Parent Relationship": "Inner", "Startup Cost": 91944.0, "Total Cost": 91944.0, "Plan Rows": 295844, "Plan Width": 44, "Plans": [{"Node Type": "Seq Scan", "Parent Relationship": "Outer", "Relation Name": "part", "Alias": "part", "Startup Cost": 0.0, "Total Cost": 91944.0, "Plan Rows": 295844, "Plan Width": 44, "Filter": "((p_brand <> 'Brand#34'::bpchar) AND ((p_type)::text !~~ 'LARGE BRUSHED%'::text) AND (p_size = ANY ('{48,19,12,4,41,7,21,39}'::integer[]))), (LLVM Optimized)"}]}]}, {"Node Type": "Hash", "Parent Relationship": "Inner", "Startup Cost": 3533.0, "Total Cost": 3533.0, "Plan Rows": 10, "Plan Width": 8, "Plans": [{"Node Type": "Seq Scan", "Parent Relationship": "Outer", "Relation Name": "supplier", "Alias": "supplier", "Startup Cost": 0.0, "Total Cost": 3533.0, "Plan Rows": 10, "Plan Width": 8, "Filter": "((s_comment)::text ~~ '%Customer%Complaints%'::text)"}]}]}]}]}]}, "Unique SQL Id": 1437012347}, "explain_analyze_plan": {"Plan": {"Node Type": "Sort", "Startup Cost": 515600.3, "Total Cost": 515669.64, "Plan Rows": 27736, "Plan Width": 52, "Actual Startup Time": 11497.658, "Actual Total Time": 11500.717, "Actual Rows": 27838, "Actual Loops": 1, "Sort Key": ["(count(DISTINCT partsupp.ps_suppkey)) DESC", "part.p_brand", "part.p_type", "part.p_size"], "Sort Method": "quicksort", "Sort Space Used": 5082, "Sort Space Type": "Memory", "Plans": [{"Node Type": "Aggregate", "Strategy": "Sorted", "Parent Relationship": "Outer", "Startup Cost": 502593.46, "Total Cost": 513553.46, "Plan Rows": 27736, "Plan Width": 52, "Actual Startup Time": 10600.832, "Actual Total Time": 11403.77, "Actual Rows": 27838, "Actual Loops": 1, "Group By Key": ["part.p_brand", "part.p_type", "part.p_size"], "Plans": [{"Node Type": "Sort", "Parent Relationship": "Outer", "Startup Cost": 502593.46, "Total Cost": 504729.99, "Plan Rows": 854611, "Plan Width": 44, "Actual Startup Time": 10600.662, "Actual Total Time": 10805.964, "Actual Rows": 1188666, "Actual Loops": 1, "Sort Key": ["part.p_brand", "part.p_type", "part.p_size"], "Sort Method": "quicksort", "Sort Space Used": 233373, "Sort Space Type": "Memory", "Plans": [{"Node Type": "Hash Join", "Parent Relationship": "Outer", "Join Type": "Anti", "Startup Cost": 99175.18, "Total Cost": 418393.3, "Plan Rows": 854611, "Plan Width": 44, "Actual Startup Time": 1364.023, "Actual Total Time": 6195.986, "Actual Rows": 1188666, "Actual Loops": 1, "Inner Unique": false, "Hash Cond": "(partsupp.ps_suppkey = supplier.s_suppkey), (LLVM Optimized, Jit Execute)", "Plans": [{"Node Type": "Hash Join", "Parent Relationship": "Outer", "Join Type": "Inner", "Startup Cost": 95642.05, "Total Cost": 404177.41, "Plan Rows": 854625, "Plan Width": 44, "Actual Startup Time": 1311.723, "Actual Total Time": 5817.919, "Actual Rows": 1189344, "Actual Loops": 1, "Inner Unique": true, "Hash Cond": "(partsupp.ps_partkey = part.p_partkey), (LLVM Optimized, Jit Execute)", "Plans": [{"Node Type": "Seq Scan", "Parent Relationship": "Outer", "Relation Name": "partsupp", "Alias": "partsupp", "Startup Cost": 0.0, "Total Cost": 269987.72, "Plan Rows": 8000372, "Plan Width": 16, "Actual Startup Time": 0.018, "Actual Total Time": 2435.195, "Actual Rows": 8000000, "Actual Loops": 1}, {"Node Type": "Hash", "Parent Relationship": "Inner", "Startup Cost": 91944.0, "Total Cost": 91944.0, "Plan Rows": 295844, "Plan Width": 44, "Actual Startup Time": 1310.915, "Actual Total Time": 1310.915, "Actual Rows": 297336, "Actual Loops": 1, "Hash Buckets": 524288, "Hash Batches": 1, "Original Hash Batches": 1, "Peak Memory Usage": 23216, "Plans": [{"Node Type": "Seq Scan", "Parent Relationship": "Outer", "Relation Name": "part", "Alias": "part", "Startup Cost": 0.0, "Total Cost": 91944.0, "Plan Rows": 295844, "Plan Width": 44, "Actual Startup Time": 0.025, "Actual Total Time": 1163.672, "Actual Rows": 297336, "Actual Loops": 1, "Filter": "((p_brand <> 'Brand#34'::bpchar) AND ((p_type)::text !~~ 'LARGE BRUSHED%'::text) AND (p_size = ANY ('{48,19,12,4,41,7,21,39}'::integer[]))), (LLVM Optimized, Jit Execute)", "Rows Removed by Filter": 1702664}]}]}, {"Node Type": "Hash", "Parent Relationship": "Inner", "Startup Cost": 3533.0, "Total Cost": 3533.0, "Plan Rows": 10, "Plan Width": 8, "Actual Startup Time": 52.21, "Actual Total Time": 52.21, "Actual Rows": 56, "Actual Loops": 1, "Hash Buckets": 32768, "Hash Batches": 1, "Original Hash Batches": 1, "Peak Memory Usage": 3, "Plans": [{"Node Type": "Seq Scan", "Parent Relationship": "Outer", "Relation Name": "supplier", "Alias": "supplier", "Startup Cost": 0.0, "Total Cost": 3533.0, "Plan Rows": 10, "Plan Width": 8, "Actual Startup Time": 0.239, "Actual Total Time": 52.158, "Actual Rows": 56, "Actual Loops": 1, "Filter": "((s_comment)::text ~~ '%Customer%Complaints%'::text)", "Rows Removed by Filter": 99944}]}]}]}]}]}, "Triggers": [], "Planner Runtime": 1.122, "Total Runtime": 11512.885, "Unique SQL Id": 1437012347}}, "(1, 71)": {"explain_plan": {"Plan": {"Node Type": "Sort", "Startup Cost": 1000138301898.4, "Total Cost": 1000138301967.74, "Plan Rows": 27736, "Plan Width": 52, "Sort Key": ["(count(DISTINCT partsupp.ps_suppkey)) DESC", "part.p_brand", "part.p_type", "part.p_size"], "Plans": [{"Node Type": "Aggregate", "Strategy": "Sorted", "Parent Relationship": "Outer", "Startup Cost": 1000138288891.56, "Total Cost": 1000138299851.56, "Plan Rows": 27736, "Plan Width": 52, "Group By Key": ["part.p_brand", "part.p_type", "part.p_size"], "Plans": [{"Node Type": "Sort", "Parent Relationship": "Outer", "Startup Cost": 1000138288891.56, "Total Cost": 1000138291028.09, "Plan Rows": 854611, "Plan Width": 44, "Sort Key": ["part.p_brand", "part.p_type", "part.p_size"], "Plans": [{"Node Type": "Nested Loop", "Parent Relationship": "Outer", "Join Type": "Anti", "Startup Cost": 10000000000.52, "Total Cost": 1000138204691.41, "Plan Rows": 854611, "Plan Width": 44, "Inner Unique": false, "Plans": [{"Node Type": "Nested Loop", "Parent Relationship": "Outer", "Join Type": "Inner", "Startup Cost": 10000000000.26, "Total Cost": 1000134552934.61, "Plan Rows": 854625, "Plan Width": 44, "Inner Unique": true, "Plans": [{"Node Type": "Index Scan", "Parent Relationship": "Outer", "Scan Direction": "Forward", "Index Name": "idx_partsupp_suppkey", "Relation Name": "partsupp", "Alias": "partsupp", "Startup Cost": 10000000000.0, "Total Cost": 1000100160480.77, "Plan Rows": 8000372, "Plan Width": 16}, {"Node Type": "Bitmap Heap Scan", "Parent Relationship": "Inner", "Relation Name": "part", "Alias": "part", "Startup Cost": 0.26, "Total Cost": 4.29, "Plan Rows": 1, "Plan Width": 44, "Recheck Cond": "(p_partkey = partsupp.ps_partkey)", "Filter": "((p_brand <> 'Brand#34'::bpchar) AND ((p_type)::text !~~ 'LARGE BRUSHED%'::text) AND (p_size = ANY ('{48,19,12,4,41,7,21,39}'::integer[])))", "Plans": [{"Node Type": "Bitmap Index Scan", "Parent Relationship": "Outer", "Index Name": "part_kpey", "Startup Cost": 0.0, "Total Cost": 0.26, "Plan Rows": 1, "Plan Width": 0, "Index Cond": "(p_partkey = partsupp.ps_partkey)"}]}]}, {"Node Type": "Bitmap Heap Scan", "Parent Relationship": "Inner", "Relation Name": "supplier", "Alias": "supplier", "Startup Cost": 0.26, "Total Cost": 4.27, "Plan Rows": 1, "Plan Width": 8, "Recheck Cond": "(partsupp.ps_suppkey = s_suppkey)", "Filter": "((s_comment)::text ~~ '%Customer%Complaints%'::text)", "Plans": [{"Node Type": "Bitmap Index Scan", "Parent Relationship": "Outer", "Index Name": "supplier_pkey", "Startup Cost": 0.0, "Total Cost": 0.26, "Plan Rows": 1, "Plan Width": 0, "Index Cond": "(partsupp.ps_suppkey = s_suppkey)"}]}]}]}]}]}, "Unique SQL Id": 1437012347}, "explain_analyze_plan": null}, "(1, 72)": {"explain_plan": {"Plan": {"Node Type": "Sort", "Startup Cost": 461023.1, "Total Cost": 461092.44, "Plan Rows": 27736, "Plan Width": 52, "Sort Key": ["(count(DISTINCT partsupp.ps_suppkey)) DESC", "part.p_brand", "part.p_type", "part.p_size"], "Plans": [{"Node Type": "Aggregate", "Strategy": "Sorted", "Parent Relationship": "Outer", "Startup Cost": 448016.26, "Total Cost": 458976.25, "Plan Rows": 27736, "Plan Width": 52, "Group By Key": ["part.p_brand", "part.p_type", "part.p_size"], "Plans": [{"Node Type": "Sort", "Parent Relationship": "Outer", "Startup Cost": 448016.26, "Total Cost": 450152.78, "Plan Rows": 854611, "Plan Width": 44, "Sort Key": ["part.p_brand", "part.p_type", "part.p_size"], "Plans": [{"Node Type": "Hash Join", "Parent Relationship": "Outer", "Join Type": "Anti", "Startup Cost": 3533.12, "Total Cost": 363816.1, "Plan Rows": 854611, "Plan Width": 44, "Inner Unique": false, "Hash Cond": "(partsupp.ps_suppkey = supplier.s_suppkey), (LLVM Optimized)", "Plans": [{"Node Type": "Nested Loop", "Parent Relationship": "Outer", "Join Type": "Inner", "Startup Cost": 0.0, "Total Cost": 349594.96, "Plan Rows": 854625, "Plan Width": 44, "Inner Unique": false, "Plans": [{"Node Type": "Seq Scan", "Parent Relationship": "Outer", "Relation Name": "part", "Alias": "part", "Startup Cost": 0.0, "Total Cost": 91944.0, "Plan Rows": 295844, "Plan Width": 44, "Filter": "((p_brand <> 'Brand#34'::bpchar) AND ((p_type)::text !~~ 'LARGE BRUSHED%'::text) AND (p_size = ANY ('{48,19,12,4,41,7,21,39}'::integer[]))), (LLVM Optimized)"}, {"Node Type": "Index Only Scan", "Parent Relationship": "Inner", "Scan Direction": "Forward", "Index Name": "partsupp_pkey", "Relation Name": "partsupp", "Alias": "partsupp", "Startup Cost": 0.0, "Total Cost": 0.84, "Plan Rows": 3, "Plan Width": 16, "Index Cond": "(ps_partkey = part.p_partkey)"}]}, {"Node Type": "Hash", "Parent Relationship": "Inner", "Startup Cost": 3533.0, "Total Cost": 3533.0, "Plan Rows": 10, "Plan Width": 8, "Plans": [{"Node Type": "Seq Scan", "Parent Relationship": "Outer", "Relation Name": "supplier", "Alias": "supplier", "Startup Cost": 0.0, "Total Cost": 3533.0, "Plan Rows": 10, "Plan Width": 8, "Filter": "((s_comment)::text ~~ '%Customer%Complaints%'::text)"}]}]}]}]}]}, "Unique SQL Id": 1437012347}, "explain_analyze_plan": {"Plan": {"Node Type": "Sort", "Startup Cost": 461023.1, "Total Cost": 461092.44, "Plan Rows": 27736, "Plan Width": 52, "Actual Startup Time": 8347.857, "Actual Total Time": 8350.782, "Actual Rows": 27838, "Actual Loops": 1, "Sort Key": ["(count(DISTINCT partsupp.ps_suppkey)) DESC", "part.p_brand", "part.p_type", "part.p_size"], "Sort Method": "quicksort", "Sort Space Used": 5082, "Sort Space Type": "Memory", "Plans": [{"Node Type": "Aggregate", "Strategy": "Sorted", "Parent Relationship": "Outer", "Startup Cost": 448016.26, "Total Cost": 458976.25, "Plan Rows": 27736, "Plan Width": 52, "Actual Startup Time": 7455.228, "Actual Total Time": 8254.354, "Actual Rows": 27838, "Actual Loops": 1, "Group By Key": ["part.p_brand", "part.p_type", "part.p_size"], "Plans": [{"Node Type": "Sort", "Parent Relationship": "Outer", "Startup Cost": 448016.26, "Total Cost": 450152.78, "Plan Rows": 854611, "Plan Width": 44, "Actual Startup Time": 7455.136, "Actual Total Time": 7658.094, "Actual Rows": 1188666, "Actual Loops": 1, "Sort Key": ["part.p_brand", "part.p_type", "part.p_size"], "Sort Method": "quicksort", "Sort Space Used": 233373, "Sort Space Type": "Memory", "Plans": [{"Node Type": "Hash Join", "Parent Relationship": "Outer", "Join Type": "Anti", "Startup Cost": 3533.12, "Total Cost": 363816.1, "Plan Rows": 854611, "Plan Width": 44, "Actual Startup Time": 52.417, "Actual Total Time": 3059.066, "Actual Rows": 1188666, "Actual Loops": 1, "Inner Unique": false, "Hash Cond": "(partsupp.ps_suppkey = supplier.s_suppkey), (LLVM Optimized, Jit Execute)", "Plans": [{"Node Type": "Nested Loop", "Parent Relationship": "Outer", "Join Type": "Inner", "Startup Cost": 0.0, "Total Cost": 349594.96, "Plan Rows": 854625, "Plan Width": 44, "Actual Startup Time": 0.066, "Actual Total Time": 2675.909, "Actual Rows": 1189344, "Actual Loops": 1, "Inner Unique": false, "Plans": [{"Node Type": "Seq Scan", "Parent Relationship": "Outer", "Relation Name": "part", "Alias": "part", "Startup Cost": 0.0, "Total Cost": 91944.0, "Plan Rows": 295844, "Plan Width": 44, "Actual Startup Time": 0.041, "Actual Total Time": 1182.877, "Actual Rows": 297336, "Actual Loops": 1, "Filter": "((p_brand <> 'Brand#34'::bpchar) AND ((p_type)::text !~~ 'LARGE BRUSHED%'::text) AND (p_size = ANY ('{48,19,12,4,41,7,21,39}'::integer[]))), (LLVM Optimized, Jit Execute)", "Rows Removed by Filter": 1702664}, {"Node Type": "Index Only Scan", "Parent Relationship": "Inner", "Scan Direction": "Forward", "Index Name": "partsupp_pkey", "Relation Name": "partsupp", "Alias": "partsupp", "Startup Cost": 0.0, "Total Cost": 0.84, "Plan Rows": 3, "Plan Width": 16, "Actual Startup Time": 847.589, "Actual Total Time": 1080.648, "Actual Rows": 1189344, "Actual Loops": 297336, "Index Cond": "(ps_partkey = part.p_partkey)", "Rows Removed by Index Recheck": 0, "Heap Fetches": 0}]}, {"Node Type": "Hash", "Parent Relationship": "Inner", "Startup Cost": 3533.0, "Total Cost": 3533.0, "Plan Rows": 10, "Plan Width": 8, "Actual Startup Time": 52.297, "Actual Total Time": 52.297, "Actual Rows": 56, "Actual Loops": 1, "Hash Buckets": 32768, "Hash Batches": 1, "Original Hash Batches": 1, "Peak Memory Usage": 3, "Plans": [{"Node Type": "Seq Scan", "Parent Relationship": "Outer", "Relation Name": "supplier", "Alias": "supplier", "Startup Cost": 0.0, "Total Cost": 3533.0, "Plan Rows": 10, "Plan Width": 8, "Actual Startup Time": 0.21, "Actual Total Time": 52.243, "Actual Rows": 56, "Actual Loops": 1, "Filter": "((s_comment)::text ~~ '%Customer%Complaints%'::text)", "Rows Removed by Filter": 99944}]}]}]}]}]}, "Triggers": [], "Planner Runtime": 1.141, "Total Runtime": 8363.004, "Unique SQL Id": 1437012347}}, "(1, 73)": {"explain_plan": {"Plan": {"Node Type": "Sort", "Startup Cost": 501933.89, "Total Cost": 502003.23, "Plan Rows": 27736, "Plan Width": 52, "Sort Key": ["(count(DISTINCT partsupp.ps_suppkey)) DESC", "part.p_brand", "part.p_type", "part.p_size"], "Plans": [{"Node Type": "Aggregate", "Strategy": "Sorted", "Parent Relationship": "Outer", "Startup Cost": 488927.05, "Total Cost": 499887.05, "Plan Rows": 27736, "Plan Width": 52, "Group By Key": ["part.p_brand", "part.p_type", "part.p_size"], "Plans": [{"Node Type": "Sort", "Parent Relationship": "Outer", "Startup Cost": 488927.05, "Total Cost": 491063.58, "Plan Rows": 854611, "Plan Width": 44, "Sort Key": ["part.p_brand", "part.p_type", "part.p_size"], "Plans": [{"Node Type": "Hash Join", "Parent Relationship": "Outer", "Join Type": "Anti", "Startup Cost": 5584.67, "Total Cost": 404726.89, "Plan Rows": 854611, "Plan Width": 44, "Inner Unique": false, "Hash Cond": "(partsupp.ps_suppkey = supplier.s_suppkey), (LLVM Optimized)", "Plans": [{"Node Type": "Nested Loop", "Parent Relationship": "Outer", "Join Type": "Inner", "Startup Cost": 0.0, "Total Cost": 388454.21, "Plan Rows": 854625, "Plan Width": 44, "Inner Unique": false, "Plans": [{"Node Type": "Index Scan", "Parent Relationship": "Outer", "Scan Direction": "Forward", "Index Name": "part_kpey", "Relation Name": "part", "Alias": "part", "Startup Cost": 0.0, "Total Cost": 130803.25, "Plan Rows": 295844, "Plan Width": 44, "Filter": "((p_brand <> 'Brand#34'::bpchar) AND ((p_type)::text !~~ 'LARGE BRUSHED%'::text) AND (p_size = ANY ('{48,19,12,4,41,7,21,39}'::integer[]))), (LLVM Optimized)"}, {"Node Type": "Index Only Scan", "Parent Relationship": "Inner", "Scan Direction": "Forward", "Index Name": "partsupp_pkey", "Relation Name": "partsupp", "Alias": "partsupp", "Startup Cost": 0.0, "Total Cost": 0.84, "Plan Rows": 3, "Plan Width": 16, "Index Cond": "(ps_partkey = part.p_partkey)"}]}, {"Node Type": "Hash", "Parent Relationship": "Inner", "Startup Cost": 5584.54, "Total Cost": 5584.54, "Plan Rows": 10, "Plan Width": 8, "Plans": [{"Node Type": "Index Scan", "Parent Relationship": "Outer", "Scan Direction": "Forward", "Index Name": "supplier_pkey", "Relation Name": "supplier", "Alias": "supplier", "Startup Cost": 0.0, "Total Cost": 5584.54, "Plan Rows": 10, "Plan Width": 8, "Filter": "((s_comment)::text ~~ '%Customer%Complaints%'::text)"}]}]}]}]}]}, "Unique SQL Id": 1437012347}, "explain_analyze_plan": {"Plan": {"Node Type": "Sort", "Startup Cost": 501933.89, "Total Cost": 502003.23, "Plan Rows": 27736, "Plan Width": 52, "Actual Startup Time": 9276.147, "Actual Total Time": 9279.091, "Actual Rows": 27838, "Actual Loops": 1, "Sort Key": ["(count(DISTINCT partsupp.ps_suppkey)) DESC", "part.p_brand", "part.p_type", "part.p_size"], "Sort Method": "quicksort", "Sort Space Used": 5082, "Sort Space Type": "Memory", "Plans": [{"Node Type": "Aggregate", "Strategy": "Sorted", "Parent Relationship": "Outer", "Startup Cost": 488927.05, "Total Cost": 499887.05, "Plan Rows": 27736, "Plan Width": 52, "Actual Startup Time": 8174.969, "Actual Total Time": 9178.461, "Actual Rows": 27838, "Actual Loops": 1, "Group By Key": ["part.p_brand", "part.p_type", "part.p_size"], "Plans": [{"Node Type": "Sort", "Parent Relationship": "Outer", "Startup Cost": 488927.05, "Total Cost": 491063.58, "Plan Rows": 854611, "Plan Width": 44, "Actual Startup Time": 8174.884, "Actual Total Time": 8529.299, "Actual Rows": 1188666, "Actual Loops": 1, "Sort Key": ["part.p_brand", "part.p_type", "part.p_size"], "Sort Method": "quicksort", "Sort Space Used": 233373, "Sort Space Type": "Memory", "Plans": [{"Node Type": "Hash Join", "Parent Relationship": "Outer", "Join Type": "Anti", "Startup Cost": 5584.67, "Total Cost": 404726.89, "Plan Rows": 854611, "Plan Width": 44, "Actual Startup Time": 75.296, "Actual Total Time": 3920.806, "Actual Rows": 1188666, "Actual Loops": 1, "Inner Unique": false, "Hash Cond": "(partsupp.ps_suppkey = supplier.s_suppkey), (LLVM Optimized, Jit Execute)", "Plans": [{"Node Type": "Nested Loop", "Parent Relationship": "Outer", "Join Type": "Inner", "Startup Cost": 0.0, "Total Cost": 388454.21, "Plan Rows": 854625, "Plan Width": 44, "Actual Startup Time": 0.065, "Actual Total Time": 3515.424, "Actual Rows": 1189344, "Actual Loops": 1, "Inner Unique": false, "Plans": [{"Node Type": "Index Scan", "Parent Relationship": "Outer", "Scan Direction": "Forward", "Index Name": "part_kpey", "Relation Name": "part", "Alias": "part", "Startup Cost": 0.0, "Total Cost": 130803.25, "Plan Rows": 295844, "Plan Width": 44, "Actual Startup Time": 0.046, "Actual Total Time": 1974.121, "Actual Rows": 297336, "Actual Loops": 1, "Filter": "((p_brand <> 'Brand#34'::bpchar) AND ((p_type)::text !~~ 'LARGE BRUSHED%'::text) AND (p_size = ANY ('{48,19,12,4,41,7,21,39}'::integer[]))), (LLVM Optimized, Jit Execute)", "Rows Removed by Filter": 1702664}, {"Node Type": "Index Only Scan", "Parent Relationship": "Inner", "Scan Direction": "Forward", "Index Name": "partsupp_pkey", "Relation Name": "partsupp", "Alias": "partsupp", "Startup Cost": 0.0, "Total Cost": 0.84, "Plan Rows": 3, "Plan Width": 16, "Actual Startup Time": 904.578, "Actual Total Time": 1129.474, "Actual Rows": 1189344, "Actual Loops": 297336, "Index Cond": "(ps_partkey = part.p_partkey)", "Rows Removed by Index Recheck": 0, "Heap Fetches": 0}]}, {"Node Type": "Hash", "Parent Relationship": "Inner", "Startup Cost": 5584.54, "Total Cost": 5584.54, "Plan Rows": 10, "Plan Width": 8, "Actual Startup Time": 75.185, "Actual Total Time": 75.185, "Actual Rows": 56, "Actual Loops": 1, "Hash Buckets": 32768, "Hash Batches": 1, "Original Hash Batches": 1, "Peak Memory Usage": 3, "Plans": [{"Node Type": "Index Scan", "Parent Relationship": "Outer", "Scan Direction": "Forward", "Index Name": "supplier_pkey", "Relation Name": "supplier", "Alias": "supplier", "Startup Cost": 0.0, "Total Cost": 5584.54, "Plan Rows": 10, "Plan Width": 8, "Actual Startup Time": 0.294, "Actual Total Time": 75.114, "Actual Rows": 56, "Actual Loops": 1, "Filter": "((s_comment)::text ~~ '%Customer%Complaints%'::text)", "Rows Removed by Filter": 99944}]}]}]}]}]}, "Triggers": [], "Planner Runtime": 1.153, "Total Runtime": 9290.89, "Unique SQL Id": 1437012347}}, "(1, 74)": {"explain_plan": {"Plan": {"Node Type": "Sort", "Startup Cost": 515600.3, "Total Cost": 515669.64, "Plan Rows": 27736, "Plan Width": 52, "Sort Key": ["(count(DISTINCT partsupp.ps_suppkey)) DESC", "part.p_brand", "part.p_type", "part.p_size"], "Plans": [{"Node Type": "Aggregate", "Strategy": "Sorted", "Parent Relationship": "Outer", "Startup Cost": 502593.46, "Total Cost": 513553.46, "Plan Rows": 27736, "Plan Width": 52, "Group By Key": ["part.p_brand", "part.p_type", "part.p_size"], "Plans": [{"Node Type": "Sort", "Parent Relationship": "Outer", "Startup Cost": 502593.46, "Total Cost": 504729.99, "Plan Rows": 854611, "Plan Width": 44, "Sort Key": ["part.p_brand", "part.p_type", "part.p_size"], "Plans": [{"Node Type": "Hash Join", "Parent Relationship": "Outer", "Join Type": "Anti", "Startup Cost": 99175.18, "Total Cost": 418393.3, "Plan Rows": 854611, "Plan Width": 44, "Inner Unique": false, "Hash Cond": "(partsupp.ps_suppkey = supplier.s_suppkey), (LLVM Optimized)", "Plans": [{"Node Type": "Hash Join", "Parent Relationship": "Outer", "Join Type": "Inner", "Startup Cost": 95642.05, "Total Cost": 404177.41, "Plan Rows": 854625, "Plan Width": 44, "Inner Unique": true, "Hash Cond": "(partsupp.ps_partkey = part.p_partkey), (LLVM Optimized)", "Plans": [{"Node Type": "Seq Scan", "Parent Relationship": "Outer", "Relation Name": "partsupp", "Alias": "partsupp", "Startup Cost": 0.0, "Total Cost": 269987.72, "Plan Rows": 8000372, "Plan Width": 16}, {"Node Type": "Hash", "Parent Relationship": "Inner", "Startup Cost": 91944.0, "Total Cost": 91944.0, "Plan Rows": 295844, "Plan Width": 44, "Plans": [{"Node Type": "Seq Scan", "Parent Relationship": "Outer", "Relation Name": "part", "Alias": "part", "Startup Cost": 0.0, "Total Cost": 91944.0, "Plan Rows": 295844, "Plan Width": 44, "Filter": "((p_brand <> 'Brand#34'::bpchar) AND ((p_type)::text !~~ 'LARGE BRUSHED%'::text) AND (p_size = ANY ('{48,19,12,4,41,7,21,39}'::integer[]))), (LLVM Optimized)"}]}]}, {"Node Type": "Hash", "Parent Relationship": "Inner", "Startup Cost": 3533.0, "Total Cost": 3533.0, "Plan Rows": 10, "Plan Width": 8, "Plans": [{"Node Type": "Seq Scan", "Parent Relationship": "Outer", "Relation Name": "supplier", "Alias": "supplier", "Startup Cost": 0.0, "Total Cost": 3533.0, "Plan Rows": 10, "Plan Width": 8, "Filter": "((s_comment)::text ~~ '%Customer%Complaints%'::text)"}]}]}]}]}]}, "Unique SQL Id": 1437012347}, "explain_analyze_plan": {"Plan": {"Node Type": "Sort", "Startup Cost": 515600.3, "Total Cost": 515669.64, "Plan Rows": 27736, "Plan Width": 52, "Actual Startup Time": 11497.658, "Actual Total Time": 11500.717, "Actual Rows": 27838, "Actual Loops": 1, "Sort Key": ["(count(DISTINCT partsupp.ps_suppkey)) DESC", "part.p_brand", "part.p_type", "part.p_size"], "Sort Method": "quicksort", "Sort Space Used": 5082, "Sort Space Type": "Memory", "Plans": [{"Node Type": "Aggregate", "Strategy": "Sorted", "Parent Relationship": "Outer", "Startup Cost": 502593.46, "Total Cost": 513553.46, "Plan Rows": 27736, "Plan Width": 52, "Actual Startup Time": 10600.832, "Actual Total Time": 11403.77, "Actual Rows": 27838, "Actual Loops": 1, "Group By Key": ["part.p_brand", "part.p_type", "part.p_size"], "Plans": [{"Node Type": "Sort", "Parent Relationship": "Outer", "Startup Cost": 502593.46, "Total Cost": 504729.99, "Plan Rows": 854611, "Plan Width": 44, "Actual Startup Time": 10600.662, "Actual Total Time": 10805.964, "Actual Rows": 1188666, "Actual Loops": 1, "Sort Key": ["part.p_brand", "part.p_type", "part.p_size"], "Sort Method": "quicksort", "Sort Space Used": 233373, "Sort Space Type": "Memory", "Plans": [{"Node Type": "Hash Join", "Parent Relationship": "Outer", "Join Type": "Anti", "Startup Cost": 99175.18, "Total Cost": 418393.3, "Plan Rows": 854611, "Plan Width": 44, "Actual Startup Time": 1364.023, "Actual Total Time": 6195.986, "Actual Rows": 1188666, "Actual Loops": 1, "Inner Unique": false, "Hash Cond": "(partsupp.ps_suppkey = supplier.s_suppkey), (LLVM Optimized, Jit Execute)", "Plans": [{"Node Type": "Hash Join", "Parent Relationship": "Outer", "Join Type": "Inner", "Startup Cost": 95642.05, "Total Cost": 404177.41, "Plan Rows": 854625, "Plan Width": 44, "Actual Startup Time": 1311.723, "Actual Total Time": 5817.919, "Actual Rows": 1189344, "Actual Loops": 1, "Inner Unique": true, "Hash Cond": "(partsupp.ps_partkey = part.p_partkey), (LLVM Optimized, Jit Execute)", "Plans": [{"Node Type": "Seq Scan", "Parent Relationship": "Outer", "Relation Name": "partsupp", "Alias": "partsupp", "Startup Cost": 0.0, "Total Cost": 269987.72, "Plan Rows": 8000372, "Plan Width": 16, "Actual Startup Time": 0.018, "Actual Total Time": 2435.195, "Actual Rows": 8000000, "Actual Loops": 1}, {"Node Type": "Hash", "Parent Relationship": "Inner", "Startup Cost": 91944.0, "Total Cost": 91944.0, "Plan Rows": 295844, "Plan Width": 44, "Actual Startup Time": 1310.915, "Actual Total Time": 1310.915, "Actual Rows": 297336, "Actual Loops": 1, "Hash Buckets": 524288, "Hash Batches": 1, "Original Hash Batches": 1, "Peak Memory Usage": 23216, "Plans": [{"Node Type": "Seq Scan", "Parent Relationship": "Outer", "Relation Name": "part", "Alias": "part", "Startup Cost": 0.0, "Total Cost": 91944.0, "Plan Rows": 295844, "Plan Width": 44, "Actual Startup Time": 0.025, "Actual Total Time": 1163.672, "Actual Rows": 297336, "Actual Loops": 1, "Filter": "((p_brand <> 'Brand#34'::bpchar) AND ((p_type)::text !~~ 'LARGE BRUSHED%'::text) AND (p_size = ANY ('{48,19,12,4,41,7,21,39}'::integer[]))), (LLVM Optimized, Jit Execute)", "Rows Removed by Filter": 1702664}]}]}, {"Node Type": "Hash", "Parent Relationship": "Inner", "Startup Cost": 3533.0, "Total Cost": 3533.0, "Plan Rows": 10, "Plan Width": 8, "Actual Startup Time": 52.21, "Actual Total Time": 52.21, "Actual Rows": 56, "Actual Loops": 1, "Hash Buckets": 32768, "Hash Batches": 1, "Original Hash Batches": 1, "Peak Memory Usage": 3, "Plans": [{"Node Type": "Seq Scan", "Parent Relationship": "Outer", "Relation Name": "supplier", "Alias": "supplier", "Startup Cost": 0.0, "Total Cost": 3533.0, "Plan Rows": 10, "Plan Width": 8, "Actual Startup Time": 0.239, "Actual Total Time": 52.158, "Actual Rows": 56, "Actual Loops": 1, "Filter": "((s_comment)::text ~~ '%Customer%Complaints%'::text)", "Rows Removed by Filter": 99944}]}]}]}]}]}, "Triggers": [], "Planner Runtime": 1.122, "Total Runtime": 11512.885, "Unique SQL Id": 1437012347}}, "(1, 75)": {"explain_plan": {"Plan": {"Node Type": "Sort", "Startup Cost": 3000026880714.34, "Total Cost": 3000026880783.68, "Plan Rows": 27736, "Plan Width": 52, "Sort Key": ["(count(DISTINCT partsupp.ps_suppkey)) DESC", "part.p_brand", "part.p_type", "part.p_size"], "Plans": [{"Node Type": "Aggregate", "Strategy": "Sorted", "Parent Relationship": "Outer", "Startup Cost": 3000026867707.5, "Total Cost": 3000026878667.5, "Plan Rows": 27736, "Plan Width": 52, "Group By Key": ["part.p_brand", "part.p_type", "part.p_size"], "Plans": [{"Node Type": "Sort", "Parent Relationship": "Outer", "Startup Cost": 3000026867707.5, "Total Cost": 3000026869844.03, "Plan Rows": 854611, "Plan Width": 44, "Sort Key": ["part.p_brand", "part.p_type", "part.p_size"], "Plans": [{"Node Type": "Hash Join", "Parent Relationship": "Outer", "Join Type": "Anti", "Startup Cost": 1020017883134.13, "Total Cost": 3000026783507.34, "Plan Rows": 854611, "Plan Width": 44, "Inner Unique": false, "Hash Cond": "(partsupp.ps_suppkey = supplier.s_suppkey), (LLVM Optimized)", "Plans": [{"Node Type": "Merge Join", "Parent Relationship": "Outer", "Join Type": "Inner", "Startup Cost": 20017324679.62, "Total Cost": 2000026214364.82, "Plan Rows": 854625, "Plan Width": 44, "Inner Unique": false, "Merge Cond": "(part.p_partkey = partsupp.ps_partkey)", "Plans": [{"Node Type": "Index Scan", "Parent Relationship": "Outer", "Scan Direction": "Forward", "Index Name": "part_kpey", "Relation Name": "part", "Alias": "part", "Startup Cost": 10000000000.0, "Total Cost": 1000013080325.0, "Plan Rows": 295844, "Plan Width": 44, "Filter": "((p_brand <> 'Brand#34'::bpchar) AND ((p_type)::text !~~ 'LARGE BRUSHED%'::text) AND (p_size = ANY ('{48,19,12,4,41,7,21,39}'::integer[]))), (LLVM Optimized)"}, {"Node Type": "Index Only Scan", "Parent Relationship": "Inner", "Scan Direction": "Forward", "Index Name": "partsupp_pkey", "Relation Name": "partsupp", "Alias": "partsupp", "Startup Cost": 10000000000.0, "Total Cost": 1000027706983.0, "Plan Rows": 8000372, "Plan Width": 16}]}, {"Node Type": "Hash", "Parent Relationship": "Inner", "Startup Cost": 1000000558454.38, "Total Cost": 1000000558454.38, "Plan Rows": 10, "Plan Width": 8, "Plans": [{"Node Type": "Index Scan", "Parent Relationship": "Outer", "Scan Direction": "Forward", "Index Name": "supplier_pkey", "Relation Name": "supplier", "Alias": "supplier", "Startup Cost": 10000000000.0, "Total Cost": 1000000558454.38, "Plan Rows": 10, "Plan Width": 8, "Filter": "((s_comment)::text ~~ '%Customer%Complaints%'::text)"}]}]}]}]}]}, "Unique SQL Id": 1437012347}, "explain_analyze_plan": {"Plan": {"Node Type": "Sort", "Startup Cost": 3000026880714.34, "Total Cost": 3000026880783.68, "Plan Rows": 27736, "Plan Width": 52, "Actual Startup Time": 10574.307, "Actual Total Time": 10577.174, "Actual Rows": 27838, "Actual Loops": 1, "Sort Key": ["(count(DISTINCT partsupp.ps_suppkey)) DESC", "part.p_brand", "part.p_type", "part.p_size"], "Sort Method": "quicksort", "Sort Space Used": 5082, "Sort Space Type": "Memory", "Plans": [{"Node Type": "Aggregate", "Strategy": "Sorted", "Parent Relationship": "Outer", "Startup Cost": 3000026867707.5, "Total Cost": 3000026878667.5, "Plan Rows": 27736, "Plan Width": 52, "Actual Startup Time": 9659.363, "Actual Total Time": 10479.91, "Actual Rows": 27838, "Actual Loops": 1, "Group By Key": ["part.p_brand", "part.p_type", "part.p_size"], "Plans": [{"Node Type": "Sort", "Parent Relationship": "Outer", "Startup Cost": 3000026867707.5, "Total Cost": 3000026869844.03, "Plan Rows": 854611, "Plan Width": 44, "Actual Startup Time": 9659.152, "Actual Total Time": 9882.694, "Actual Rows": 1188666, "Actual Loops": 1, "Sort Key": ["part.p_brand", "part.p_type", "part.p_size"], "Sort Method": "quicksort", "Sort Space Used": 233373, "Sort Space Type": "Memory", "Plans": [{"Node Type": "Hash Join", "Parent Relationship": "Outer", "Join Type": "Anti", "Startup Cost": 1020017883134.13, "Total Cost": 3000026783507.34, "Plan Rows": 854611, "Plan Width": 44, "Actual Startup Time": 96.288, "Actual Total Time": 5409.802, "Actual Rows": 1188666, "Actual Loops": 1, "Inner Unique": false, "Hash Cond": "(partsupp.ps_suppkey = supplier.s_suppkey), (LLVM Optimized, Jit Execute)", "Plans": [{"Node Type": "Merge Join", "Parent Relationship": "Outer", "Join Type": "Inner", "Startup Cost": 20017324679.62, "Total Cost": 2000026214364.82, "Plan Rows": 854625, "Plan Width": 44, "Actual Startup Time": 0.076, "Actual Total Time": 4977.142, "Actual Rows": 1189344, "Actual Loops": 1, "Inner Unique": false, "Merge Cond": "(part.p_partkey = partsupp.ps_partkey)", "Plans": [{"Node Type": "Index Scan", "Parent Relationship": "Outer", "Scan Direction": "Forward", "Index Name": "part_kpey", "Relation Name": "part", "Alias": "part", "Startup Cost": 10000000000.0, "Total Cost": 1000013080325.0, "Plan Rows": 295844, "Plan Width": 44, "Actual Startup Time": 0.035, "Actual Total Time": 1739.708, "Actual Rows": 297336, "Actual Loops": 1, "Filter": "((p_brand <> 'Brand#34'::bpchar) AND ((p_type)::text !~~ 'LARGE BRUSHED%'::text) AND (p_size = ANY ('{48,19,12,4,41,7,21,39}'::integer[]))), (LLVM Optimized, Jit Execute)", "Rows Removed by Filter": 1702664}, {"Node Type": "Index Only Scan", "Parent Relationship": "Inner", "Scan Direction": "Forward", "Index Name": "partsupp_pkey", "Relation Name": "partsupp", "Alias": "partsupp", "Startup Cost": 10000000000.0, "Total Cost": 1000027706983.0, "Plan Rows": 8000372, "Plan Width": 16, "Actual Startup Time": 0.035, "Actual Total Time": 1937.132, "Actual Rows": 7999985, "Actual Loops": 1, "Heap Fetches": 0}]}, {"Node Type": "Hash", "Parent Relationship": "Inner", "Startup Cost": 1000000558454.38, "Total Cost": 1000000558454.38, "Plan Rows": 10, "Plan Width": 8, "Actual Startup Time": 96.01, "Actual Total Time": 96.01, "Actual Rows": 56, "Actual Loops": 1, "Hash Buckets": 32768, "Hash Batches": 1, "Original Hash Batches": 1, "Peak Memory Usage": 3, "Plans": [{"Node Type": "Index Scan", "Parent Relationship": "Outer", "Scan Direction": "Forward", "Index Name": "supplier_pkey", "Relation Name": "supplier", "Alias": "supplier", "Startup Cost": 10000000000.0, "Total Cost": 1000000558454.38, "Plan Rows": 10, "Plan Width": 8, "Actual Startup Time": 0.436, "Actual Total Time": 95.954, "Actual Rows": 56, "Actual Loops": 1, "Filter": "((s_comment)::text ~~ '%Customer%Complaints%'::text)", "Rows Removed by Filter": 99944}]}]}]}]}]}, "Triggers": [], "Planner Runtime": 1.125, "Total Runtime": 10589.093, "Unique SQL Id": 1437012347}}, "(1, 76)": {"explain_plan": {"Plan": {"Node Type": "Sort", "Startup Cost": 515600.3, "Total Cost": 515669.64, "Plan Rows": 27736, "Plan Width": 52, "Sort Key": ["(count(DISTINCT partsupp.ps_suppkey)) DESC", "part.p_brand", "part.p_type", "part.p_size"], "Plans": [{"Node Type": "Aggregate", "Strategy": "Sorted", "Parent Relationship": "Outer", "Startup Cost": 502593.46, "Total Cost": 513553.46, "Plan Rows": 27736, "Plan Width": 52, "Group By Key": ["part.p_brand", "part.p_type", "part.p_size"], "Plans": [{"Node Type": "Sort", "Parent Relationship": "Outer", "Startup Cost": 502593.46, "Total Cost": 504729.99, "Plan Rows": 854611, "Plan Width": 44, "Sort Key": ["part.p_brand", "part.p_type", "part.p_size"], "Plans": [{"Node Type": "Hash Join", "Parent Relationship": "Outer", "Join Type": "Anti", "Startup Cost": 99175.18, "Total Cost": 418393.3, "Plan Rows": 854611, "Plan Width": 44, "Inner Unique": false, "Hash Cond": "(partsupp.ps_suppkey = supplier.s_suppkey), (LLVM Optimized)", "Plans": [{"Node Type": "Hash Join", "Parent Relationship": "Outer", "Join Type": "Inner", "Startup Cost": 95642.05, "Total Cost": 404177.41, "Plan Rows": 854625, "Plan Width": 44, "Inner Unique": true, "Hash Cond": "(partsupp.ps_partkey = part.p_partkey), (LLVM Optimized)", "Plans": [{"Node Type": "Seq Scan", "Parent Relationship": "Outer", "Relation Name": "partsupp", "Alias": "partsupp", "Startup Cost": 0.0, "Total Cost": 269987.72, "Plan Rows": 8000372, "Plan Width": 16}, {"Node Type": "Hash", "Parent Relationship": "Inner", "Startup Cost": 91944.0, "Total Cost": 91944.0, "Plan Rows": 295844, "Plan Width": 44, "Plans": [{"Node Type": "Seq Scan", "Parent Relationship": "Outer", "Relation Name": "part", "Alias": "part", "Startup Cost": 0.0, "Total Cost": 91944.0, "Plan Rows": 295844, "Plan Width": 44, "Filter": "((p_brand <> 'Brand#34'::bpchar) AND ((p_type)::text !~~ 'LARGE BRUSHED%'::text) AND (p_size = ANY ('{48,19,12,4,41,7,21,39}'::integer[]))), (LLVM Optimized)"}]}]}, {"Node Type": "Hash", "Parent Relationship": "Inner", "Startup Cost": 3533.0, "Total Cost": 3533.0, "Plan Rows": 10, "Plan Width": 8, "Plans": [{"Node Type": "Seq Scan", "Parent Relationship": "Outer", "Relation Name": "supplier", "Alias": "supplier", "Startup Cost": 0.0, "Total Cost": 3533.0, "Plan Rows": 10, "Plan Width": 8, "Filter": "((s_comment)::text ~~ '%Customer%Complaints%'::text)"}]}]}]}]}]}, "Unique SQL Id": 1437012347}, "explain_analyze_plan": {"Plan": {"Node Type": "Sort", "Startup Cost": 515600.3, "Total Cost": 515669.64, "Plan Rows": 27736, "Plan Width": 52, "Actual Startup Time": 11497.658, "Actual Total Time": 11500.717, "Actual Rows": 27838, "Actual Loops": 1, "Sort Key": ["(count(DISTINCT partsupp.ps_suppkey)) DESC", "part.p_brand", "part.p_type", "part.p_size"], "Sort Method": "quicksort", "Sort Space Used": 5082, "Sort Space Type": "Memory", "Plans": [{"Node Type": "Aggregate", "Strategy": "Sorted", "Parent Relationship": "Outer", "Startup Cost": 502593.46, "Total Cost": 513553.46, "Plan Rows": 27736, "Plan Width": 52, "Actual Startup Time": 10600.832, "Actual Total Time": 11403.77, "Actual Rows": 27838, "Actual Loops": 1, "Group By Key": ["part.p_brand", "part.p_type", "part.p_size"], "Plans": [{"Node Type": "Sort", "Parent Relationship": "Outer", "Startup Cost": 502593.46, "Total Cost": 504729.99, "Plan Rows": 854611, "Plan Width": 44, "Actual Startup Time": 10600.662, "Actual Total Time": 10805.964, "Actual Rows": 1188666, "Actual Loops": 1, "Sort Key": ["part.p_brand", "part.p_type", "part.p_size"], "Sort Method": "quicksort", "Sort Space Used": 233373, "Sort Space Type": "Memory", "Plans": [{"Node Type": "Hash Join", "Parent Relationship": "Outer", "Join Type": "Anti", "Startup Cost": 99175.18, "Total Cost": 418393.3, "Plan Rows": 854611, "Plan Width": 44, "Actual Startup Time": 1364.023, "Actual Total Time": 6195.986, "Actual Rows": 1188666, "Actual Loops": 1, "Inner Unique": false, "Hash Cond": "(partsupp.ps_suppkey = supplier.s_suppkey), (LLVM Optimized, Jit Execute)", "Plans": [{"Node Type": "Hash Join", "Parent Relationship": "Outer", "Join Type": "Inner", "Startup Cost": 95642.05, "Total Cost": 404177.41, "Plan Rows": 854625, "Plan Width": 44, "Actual Startup Time": 1311.723, "Actual Total Time": 5817.919, "Actual Rows": 1189344, "Actual Loops": 1, "Inner Unique": true, "Hash Cond": "(partsupp.ps_partkey = part.p_partkey), (LLVM Optimized, Jit Execute)", "Plans": [{"Node Type": "Seq Scan", "Parent Relationship": "Outer", "Relation Name": "partsupp", "Alias": "partsupp", "Startup Cost": 0.0, "Total Cost": 269987.72, "Plan Rows": 8000372, "Plan Width": 16, "Actual Startup Time": 0.018, "Actual Total Time": 2435.195, "Actual Rows": 8000000, "Actual Loops": 1}, {"Node Type": "Hash", "Parent Relationship": "Inner", "Startup Cost": 91944.0, "Total Cost": 91944.0, "Plan Rows": 295844, "Plan Width": 44, "Actual Startup Time": 1310.915, "Actual Total Time": 1310.915, "Actual Rows": 297336, "Actual Loops": 1, "Hash Buckets": 524288, "Hash Batches": 1, "Original Hash Batches": 1, "Peak Memory Usage": 23216, "Plans": [{"Node Type": "Seq Scan", "Parent Relationship": "Outer", "Relation Name": "part", "Alias": "part", "Startup Cost": 0.0, "Total Cost": 91944.0, "Plan Rows": 295844, "Plan Width": 44, "Actual Startup Time": 0.025, "Actual Total Time": 1163.672, "Actual Rows": 297336, "Actual Loops": 1, "Filter": "((p_brand <> 'Brand#34'::bpchar) AND ((p_type)::text !~~ 'LARGE BRUSHED%'::text) AND (p_size = ANY ('{48,19,12,4,41,7,21,39}'::integer[]))), (LLVM Optimized, Jit Execute)", "Rows Removed by Filter": 1702664}]}]}, {"Node Type": "Hash", "Parent Relationship": "Inner", "Startup Cost": 3533.0, "Total Cost": 3533.0, "Plan Rows": 10, "Plan Width": 8, "Actual Startup Time": 52.21, "Actual Total Time": 52.21, "Actual Rows": 56, "Actual Loops": 1, "Hash Buckets": 32768, "Hash Batches": 1, "Original Hash Batches": 1, "Peak Memory Usage": 3, "Plans": [{"Node Type": "Seq Scan", "Parent Relationship": "Outer", "Relation Name": "supplier", "Alias": "supplier", "Startup Cost": 0.0, "Total Cost": 3533.0, "Plan Rows": 10, "Plan Width": 8, "Actual Startup Time": 0.239, "Actual Total Time": 52.158, "Actual Rows": 56, "Actual Loops": 1, "Filter": "((s_comment)::text ~~ '%Customer%Complaints%'::text)", "Rows Removed by Filter": 99944}]}]}]}]}]}, "Triggers": [], "Planner Runtime": 1.122, "Total Runtime": 11512.885, "Unique SQL Id": 1437012347}}, "(1, 77)": {"explain_plan": {"Plan": {"Node Type": "Sort", "Startup Cost": 705048.1, "Total Cost": 705117.44, "Plan Rows": 27736, "Plan Width": 52, "Sort Key": ["(count(DISTINCT partsupp.ps_suppkey)) DESC", "part.p_brand", "part.p_type", "part.p_size"], "Plans": [{"Node Type": "Aggregate", "Strategy": "Sorted", "Parent Relationship": "Outer", "Startup Cost": 692041.26, "Total Cost": 703001.25, "Plan Rows": 27736, "Plan Width": 52, "Group By Key": ["part.p_brand", "part.p_type", "part.p_size"], "Plans": [{"Node Type": "Sort", "Parent Relationship": "Outer", "Startup Cost": 692041.26, "Total Cost": 694177.78, "Plan Rows": 854611, "Plan Width": 44, "Sort Key": ["part.p_brand", "part.p_type", "part.p_size"], "Plans": [{"Node Type": "Hash Join", "Parent Relationship": "Outer", "Join Type": "Anti", "Startup Cost": 5592.57, "Total Cost": 607841.1, "Plan Rows": 854611, "Plan Width": 44, "Inner Unique": false, "Hash Cond": "(partsupp.ps_suppkey = supplier.s_suppkey), (LLVM Optimized)", "Plans": [{"Node Type": "Merge Join", "Parent Relationship": "Outer", "Join Type": "Inner", "Startup Cost": 7.9, "Total Cost": 591568.41, "Plan Rows": 854625, "Plan Width": 44, "Inner Unique": false, "Merge Cond": "(part.p_partkey = partsupp.ps_partkey)", "Plans": [{"Node Type": "Index Scan", "Parent Relationship": "Outer", "Scan Direction": "Forward", "Index Name": "part_kpey", "Relation Name": "part", "Alias": "part", "Startup Cost": 0.0, "Total Cost": 130803.25, "Plan Rows": 295844, "Plan Width": 44, "Filter": "((p_brand <> 'Brand#34'::bpchar) AND ((p_type)::text !~~ 'LARGE BRUSHED%'::text) AND (p_size = ANY ('{48,19,12,4,41,7,21,39}'::integer[]))), (LLVM Optimized)"}, {"Node Type": "Index Scan", "Parent Relationship": "Inner", "Scan Direction": "Forward", "Index Name": "idx_partsupp_partkey", "Relation Name": "partsupp", "Alias": "partsupp", "Startup Cost": 0.0, "Total Cost": 431485.03, "Plan Rows": 8000372, "Plan Width": 16}]}, {"Node Type": "Hash", "Parent Relationship": "Inner", "Startup Cost": 5584.54, "Total Cost": 5584.54, "Plan Rows": 10, "Plan Width": 8, "Plans": [{"Node Type": "Index Scan", "Parent Relationship": "Outer", "Scan Direction": "Forward", "Index Name": "supplier_pkey", "Relation Name": "supplier", "Alias": "supplier", "Startup Cost": 0.0, "Total Cost": 5584.54, "Plan Rows": 10, "Plan Width": 8, "Filter": "((s_comment)::text ~~ '%Customer%Complaints%'::text)"}]}]}]}]}]}, "Unique SQL Id": 1437012347}, "explain_analyze_plan": {"Plan": {"Node Type": "Sort", "Startup Cost": 705048.1, "Total Cost": 705117.44, "Plan Rows": 27736, "Plan Width": 52, "Actual Startup Time": 13581.652, "Actual Total Time": 13584.606, "Actual Rows": 27838, "Actual Loops": 1, "Sort Key": ["(count(DISTINCT partsupp.ps_suppkey)) DESC", "part.p_brand", "part.p_type", "part.p_size"], "Sort Method": "quicksort", "Sort Space Used": 5082, "Sort Space Type": "Memory", "Plans": [{"Node Type": "Aggregate", "Strategy": "Sorted", "Parent Relationship": "Outer", "Startup Cost": 692041.26, "Total Cost": 703001.25, "Plan Rows": 27736, "Plan Width": 52, "Actual Startup Time": 12658.0, "Actual Total Time": 13487.868, "Actual Rows": 27838, "Actual Loops": 1, "Group By Key": ["part.p_brand", "part.p_type", "part.p_size"], "Plans": [{"Node Type": "Sort", "Parent Relationship": "Outer", "Startup Cost": 692041.26, "Total Cost": 694177.78, "Plan Rows": 854611, "Plan Width": 44, "Actual Startup Time": 12657.902, "Actual Total Time": 12888.288, "Actual Rows": 1188666, "Actual Loops": 1, "Sort Key": ["part.p_brand", "part.p_type", "part.p_size"], "Sort Method": "quicksort", "Sort Space Used": 233373, "Sort Space Type": "Memory", "Plans": [{"Node Type": "Hash Join", "Parent Relationship": "Outer", "Join Type": "Anti", "Startup Cost": 5592.57, "Total Cost": 607841.1, "Plan Rows": 854611, "Plan Width": 44, "Actual Startup Time": 75.534, "Actual Total Time": 8522.73, "Actual Rows": 1188666, "Actual Loops": 1, "Inner Unique": false, "Hash Cond": "(partsupp.ps_suppkey = supplier.s_suppkey), (LLVM Optimized, Jit Execute)", "Plans": [{"Node Type": "Merge Join", "Parent Relationship": "Outer", "Join Type": "Inner", "Startup Cost": 7.9, "Total Cost": 591568.41, "Plan Rows": 854625, "Plan Width": 44, "Actual Startup Time": 0.072, "Actual Total Time": 8091.136, "Actual Rows": 1189344, "Actual Loops": 1, "Inner Unique": false, "Merge Cond": "(part.p_partkey = partsupp.ps_partkey)", "Plans": [{"Node Type": "Index Scan", "Parent Relationship": "Outer", "Scan Direction": "Forward", "Index Name": "part_kpey", "Relation Name": "part", "Alias": "part", "Startup Cost": 0.0, "Total Cost": 130803.25, "Plan Rows": 295844, "Plan Width": 44, "Actual Startup Time": 0.044, "Actual Total Time": 1785.479, "Actual Rows": 297336, "Actual Loops": 1, "Filter": "((p_brand <> 'Brand#34'::bpchar) AND ((p_type)::text !~~ 'LARGE BRUSHED%'::text) AND (p_size = ANY ('{48,19,12,4,41,7,21,39}'::integer[]))), (LLVM Optimized, Jit Execute)", "Rows Removed by Filter": 1702664}, {"Node Type": "Index Scan", "Parent Relationship": "Inner", "Scan Direction": "Forward", "Index Name": "idx_partsupp_partkey", "Relation Name": "partsupp", "Alias": "partsupp", "Startup Cost": 0.0, "Total Cost": 431485.03, "Plan Rows": 8000372, "Plan Width": 16, "Actual Startup Time": 0.018, "Actual Total Time": 4828.711, "Actual Rows": 7999985, "Actual Loops": 1}]}, {"Node Type": "Hash", "Parent Relationship": "Inner", "Startup Cost": 5584.54, "Total Cost": 5584.54, "Plan Rows": 10, "Plan Width": 8, "Actual Startup Time": 75.415, "Actual Total Time": 75.415, "Actual Rows": 56, "Actual Loops": 1, "Hash Buckets": 32768, "Hash Batches": 1, "Original Hash Batches": 1, "Peak Memory Usage": 3, "Plans": [{"Node Type": "Index Scan", "Parent Relationship": "Outer", "Scan Direction": "Forward", "Index Name": "supplier_pkey", "Relation Name": "supplier", "Alias": "supplier", "Startup Cost": 0.0, "Total Cost": 5584.54, "Plan Rows": 10, "Plan Width": 8, "Actual Startup Time": 0.29, "Actual Total Time": 75.363, "Actual Rows": 56, "Actual Loops": 1, "Filter": "((s_comment)::text ~~ '%Customer%Complaints%'::text)", "Rows Removed by Filter": 99944}]}]}]}]}]}, "Triggers": [], "Planner Runtime": 1.109, "Total Runtime": 13596.397, "Unique SQL Id": 1437012347}}, "(1, 78)": {"explain_plan": {"Plan": {"Node Type": "Sort", "Startup Cost": 515600.3, "Total Cost": 515669.64, "Plan Rows": 27736, "Plan Width": 52, "Sort Key": ["(count(DISTINCT partsupp.ps_suppkey)) DESC", "part.p_brand", "part.p_type", "part.p_size"], "Plans": [{"Node Type": "Aggregate", "Strategy": "Sorted", "Parent Relationship": "Outer", "Startup Cost": 502593.46, "Total Cost": 513553.46, "Plan Rows": 27736, "Plan Width": 52, "Group By Key": ["part.p_brand", "part.p_type", "part.p_size"], "Plans": [{"Node Type": "Sort", "Parent Relationship": "Outer", "Startup Cost": 502593.46, "Total Cost": 504729.99, "Plan Rows": 854611, "Plan Width": 44, "Sort Key": ["part.p_brand", "part.p_type", "part.p_size"], "Plans": [{"Node Type": "Hash Join", "Parent Relationship": "Outer", "Join Type": "Anti", "Startup Cost": 99175.18, "Total Cost": 418393.3, "Plan Rows": 854611, "Plan Width": 44, "Inner Unique": false, "Hash Cond": "(partsupp.ps_suppkey = supplier.s_suppkey), (LLVM Optimized)", "Plans": [{"Node Type": "Hash Join", "Parent Relationship": "Outer", "Join Type": "Inner", "Startup Cost": 95642.05, "Total Cost": 404177.41, "Plan Rows": 854625, "Plan Width": 44, "Inner Unique": true, "Hash Cond": "(partsupp.ps_partkey = part.p_partkey), (LLVM Optimized)", "Plans": [{"Node Type": "Seq Scan", "Parent Relationship": "Outer", "Relation Name": "partsupp", "Alias": "partsupp", "Startup Cost": 0.0, "Total Cost": 269987.72, "Plan Rows": 8000372, "Plan Width": 16}, {"Node Type": "Hash", "Parent Relationship": "Inner", "Startup Cost": 91944.0, "Total Cost": 91944.0, "Plan Rows": 295844, "Plan Width": 44, "Plans": [{"Node Type": "Seq Scan", "Parent Relationship": "Outer", "Relation Name": "part", "Alias": "part", "Startup Cost": 0.0, "Total Cost": 91944.0, "Plan Rows": 295844, "Plan Width": 44, "Filter": "((p_brand <> 'Brand#34'::bpchar) AND ((p_type)::text !~~ 'LARGE BRUSHED%'::text) AND (p_size = ANY ('{48,19,12,4,41,7,21,39}'::integer[]))), (LLVM Optimized)"}]}]}, {"Node Type": "Hash", "Parent Relationship": "Inner", "Startup Cost": 3533.0, "Total Cost": 3533.0, "Plan Rows": 10, "Plan Width": 8, "Plans": [{"Node Type": "Seq Scan", "Parent Relationship": "Outer", "Relation Name": "supplier", "Alias": "supplier", "Startup Cost": 0.0, "Total Cost": 3533.0, "Plan Rows": 10, "Plan Width": 8, "Filter": "((s_comment)::text ~~ '%Customer%Complaints%'::text)"}]}]}]}]}]}, "Unique SQL Id": 1437012347}, "explain_analyze_plan": {"Plan": {"Node Type": "Sort", "Startup Cost": 515600.3, "Total Cost": 515669.64, "Plan Rows": 27736, "Plan Width": 52, "Actual Startup Time": 11497.658, "Actual Total Time": 11500.717, "Actual Rows": 27838, "Actual Loops": 1, "Sort Key": ["(count(DISTINCT partsupp.ps_suppkey)) DESC", "part.p_brand", "part.p_type", "part.p_size"], "Sort Method": "quicksort", "Sort Space Used": 5082, "Sort Space Type": "Memory", "Plans": [{"Node Type": "Aggregate", "Strategy": "Sorted", "Parent Relationship": "Outer", "Startup Cost": 502593.46, "Total Cost": 513553.46, "Plan Rows": 27736, "Plan Width": 52, "Actual Startup Time": 10600.832, "Actual Total Time": 11403.77, "Actual Rows": 27838, "Actual Loops": 1, "Group By Key": ["part.p_brand", "part.p_type", "part.p_size"], "Plans": [{"Node Type": "Sort", "Parent Relationship": "Outer", "Startup Cost": 502593.46, "Total Cost": 504729.99, "Plan Rows": 854611, "Plan Width": 44, "Actual Startup Time": 10600.662, "Actual Total Time": 10805.964, "Actual Rows": 1188666, "Actual Loops": 1, "Sort Key": ["part.p_brand", "part.p_type", "part.p_size"], "Sort Method": "quicksort", "Sort Space Used": 233373, "Sort Space Type": "Memory", "Plans": [{"Node Type": "Hash Join", "Parent Relationship": "Outer", "Join Type": "Anti", "Startup Cost": 99175.18, "Total Cost": 418393.3, "Plan Rows": 854611, "Plan Width": 44, "Actual Startup Time": 1364.023, "Actual Total Time": 6195.986, "Actual Rows": 1188666, "Actual Loops": 1, "Inner Unique": false, "Hash Cond": "(partsupp.ps_suppkey = supplier.s_suppkey), (LLVM Optimized, Jit Execute)", "Plans": [{"Node Type": "Hash Join", "Parent Relationship": "Outer", "Join Type": "Inner", "Startup Cost": 95642.05, "Total Cost": 404177.41, "Plan Rows": 854625, "Plan Width": 44, "Actual Startup Time": 1311.723, "Actual Total Time": 5817.919, "Actual Rows": 1189344, "Actual Loops": 1, "Inner Unique": true, "Hash Cond": "(partsupp.ps_partkey = part.p_partkey), (LLVM Optimized, Jit Execute)", "Plans": [{"Node Type": "Seq Scan", "Parent Relationship": "Outer", "Relation Name": "partsupp", "Alias": "partsupp", "Startup Cost": 0.0, "Total Cost": 269987.72, "Plan Rows": 8000372, "Plan Width": 16, "Actual Startup Time": 0.018, "Actual Total Time": 2435.195, "Actual Rows": 8000000, "Actual Loops": 1}, {"Node Type": "Hash", "Parent Relationship": "Inner", "Startup Cost": 91944.0, "Total Cost": 91944.0, "Plan Rows": 295844, "Plan Width": 44, "Actual Startup Time": 1310.915, "Actual Total Time": 1310.915, "Actual Rows": 297336, "Actual Loops": 1, "Hash Buckets": 524288, "Hash Batches": 1, "Original Hash Batches": 1, "Peak Memory Usage": 23216, "Plans": [{"Node Type": "Seq Scan", "Parent Relationship": "Outer", "Relation Name": "part", "Alias": "part", "Startup Cost": 0.0, "Total Cost": 91944.0, "Plan Rows": 295844, "Plan Width": 44, "Actual Startup Time": 0.025, "Actual Total Time": 1163.672, "Actual Rows": 297336, "Actual Loops": 1, "Filter": "((p_brand <> 'Brand#34'::bpchar) AND ((p_type)::text !~~ 'LARGE BRUSHED%'::text) AND (p_size = ANY ('{48,19,12,4,41,7,21,39}'::integer[]))), (LLVM Optimized, Jit Execute)", "Rows Removed by Filter": 1702664}]}]}, {"Node Type": "Hash", "Parent Relationship": "Inner", "Startup Cost": 3533.0, "Total Cost": 3533.0, "Plan Rows": 10, "Plan Width": 8, "Actual Startup Time": 52.21, "Actual Total Time": 52.21, "Actual Rows": 56, "Actual Loops": 1, "Hash Buckets": 32768, "Hash Batches": 1, "Original Hash Batches": 1, "Peak Memory Usage": 3, "Plans": [{"Node Type": "Seq Scan", "Parent Relationship": "Outer", "Relation Name": "supplier", "Alias": "supplier", "Startup Cost": 0.0, "Total Cost": 3533.0, "Plan Rows": 10, "Plan Width": 8, "Actual Startup Time": 0.239, "Actual Total Time": 52.158, "Actual Rows": 56, "Actual Loops": 1, "Filter": "((s_comment)::text ~~ '%Customer%Complaints%'::text)", "Rows Removed by Filter": 99944}]}]}]}]}]}, "Triggers": [], "Planner Runtime": 1.122, "Total Runtime": 11512.885, "Unique SQL Id": 1437012347}}, "(1, 79)": {"explain_plan": {"Plan": {"Node Type": "Sort", "Startup Cost": 3000070814046.56, "Total Cost": 3000070814115.9, "Plan Rows": 27736, "Plan Width": 52, "Sort Key": ["(count(DISTINCT partsupp.ps_suppkey)) DESC", "part.p_brand", "part.p_type", "part.p_size"], "Plans": [{"Node Type": "Aggregate", "Strategy": "Sorted", "Parent Relationship": "Outer", "Startup Cost": 3000070801039.72, "Total Cost": 3000070811999.71, "Plan Rows": 27736, "Plan Width": 52, "Group By Key": ["part.p_brand", "part.p_type", "part.p_size"], "Plans": [{"Node Type": "Sort", "Parent Relationship": "Outer", "Startup Cost": 3000070801039.72, "Total Cost": 3000070803176.24, "Plan Rows": 854611, "Plan Width": 44, "Sort Key": ["part.p_brand", "part.p_type", "part.p_size"], "Plans": [{"Node Type": "Hash Join", "Parent Relationship": "Outer", "Join Type": "Anti", "Startup Cost": 1020017883902.94, "Total Cost": 3000070716839.56, "Plan Rows": 854611, "Plan Width": 44, "Inner Unique": false, "Hash Cond": "(partsupp.ps_suppkey = supplier.s_suppkey), (LLVM Optimized)", "Plans": [{"Node Type": "Merge Join", "Parent Relationship": "Outer", "Join Type": "Inner", "Startup Cost": 20017325448.43, "Total Cost": 2000070147697.04, "Plan Rows": 854625, "Plan Width": 44, "Inner Unique": false, "Merge Cond": "(part.p_partkey = partsupp.ps_partkey)", "Plans": [{"Node Type": "Index Scan", "Parent Relationship": "Outer", "Scan Direction": "Forward", "Index Name": "part_kpey", "Relation Name": "part", "Alias": "part", "Startup Cost": 10000000000.0, "Total Cost": 1000013080325.0, "Plan Rows": 295844, "Plan Width": 44, "Filter": "((p_brand <> 'Brand#34'::bpchar) AND ((p_type)::text !~~ 'LARGE BRUSHED%'::text) AND (p_size = ANY ('{48,19,12,4,41,7,21,39}'::integer[]))), (LLVM Optimized)"}, {"Node Type": "Index Scan", "Parent Relationship": "Inner", "Scan Direction": "Forward", "Index Name": "partsupp_pkey", "Relation Name": "partsupp", "Alias": "partsupp", "Startup Cost": 10000000000.0, "Total Cost": 1000071640963.22, "Plan Rows": 8000372, "Plan Width": 16}]}, {"Node Type": "Hash", "Parent Relationship": "Inner", "Startup Cost": 1000000558454.38, "Total Cost": 1000000558454.38, "Plan Rows": 10, "Plan Width": 8, "Plans": [{"Node Type": "Index Scan", "Parent Relationship": "Outer", "Scan Direction": "Forward", "Index Name": "supplier_pkey", "Relation Name": "supplier", "Alias": "supplier", "Startup Cost": 10000000000.0, "Total Cost": 1000000558454.38, "Plan Rows": 10, "Plan Width": 8, "Filter": "((s_comment)::text ~~ '%Customer%Complaints%'::text)"}]}]}]}]}]}, "Unique SQL Id": 1437012347}, "explain_analyze_plan": {"Plan": {"Node Type": "Sort", "Startup Cost": 3000070814046.56, "Total Cost": 3000070814115.9, "Plan Rows": 27736, "Plan Width": 52, "Actual Startup Time": 13718.39, "Actual Total Time": 13721.433, "Actual Rows": 27838, "Actual Loops": 1, "Sort Key": ["(count(DISTINCT partsupp.ps_suppkey)) DESC", "part.p_brand", "part.p_type", "part.p_size"], "Sort Method": "quicksort", "Sort Space Used": 5082, "Sort Space Type": "Memory", "Plans": [{"Node Type": "Aggregate", "Strategy": "Sorted", "Parent Relationship": "Outer", "Startup Cost": 3000070801039.72, "Total Cost": 3000070811999.71, "Plan Rows": 27736, "Plan Width": 52, "Actual Startup Time": 12813.308, "Actual Total Time": 13625.092, "Actual Rows": 27838, "Actual Loops": 1, "Group By Key": ["part.p_brand", "part.p_type", "part.p_size"], "Plans": [{"Node Type": "Sort", "Parent Relationship": "Outer", "Startup Cost": 3000070801039.72, "Total Cost": 3000070803176.24, "Plan Rows": 854611, "Plan Width": 44, "Actual Startup Time": 12813.128, "Actual Total Time": 13012.827, "Actual Rows": 1188666, "Actual Loops": 1, "Sort Key": ["part.p_brand", "part.p_type", "part.p_size"], "Sort Method": "quicksort", "Sort Space Used": 233373, "Sort Space Type": "Memory", "Plans": [{"Node Type": "Hash Join", "Parent Relationship": "Outer", "Join Type": "Anti", "Startup Cost": 1020017883902.94, "Total Cost": 3000070716839.56, "Plan Rows": 854611, "Plan Width": 44, "Actual Startup Time": 75.458, "Actual Total Time": 8555.691, "Actual Rows": 1188666, "Actual Loops": 1, "Inner Unique": false, "Hash Cond": "(partsupp.ps_suppkey = supplier.s_suppkey), (LLVM Optimized, Jit Execute)", "Plans": [{"Node Type": "Merge Join", "Parent Relationship": "Outer", "Join Type": "Inner", "Startup Cost": 20017325448.43, "Total Cost": 2000070147697.04, "Plan Rows": 854625, "Plan Width": 44, "Actual Startup Time": 0.075, "Actual Total Time": 8116.417, "Actual Rows": 1189344, "Actual Loops": 1, "Inner Unique": false, "Merge Cond": "(part.p_partkey = partsupp.ps_partkey)", "Plans": [{"Node Type": "Index Scan", "Parent Relationship": "Outer", "Scan Direction": "Forward", "Index Name": "part_kpey", "Relation Name": "part", "Alias": "part", "Startup Cost": 10000000000.0, "Total Cost": 1000013080325.0, "Plan Rows": 295844, "Plan Width": 44, "Actual Startup Time": 0.047, "Actual Total Time": 1808.804, "Actual Rows": 297336, "Actual Loops": 1, "Filter": "((p_brand <> 'Brand#34'::bpchar) AND ((p_type)::text !~~ 'LARGE BRUSHED%'::text) AND (p_size = ANY ('{48,19,12,4,41,7,21,39}'::integer[]))), (LLVM Optimized, Jit Execute)", "Rows Removed by Filter": 1702664}, {"Node Type": "Index Scan", "Parent Relationship": "Inner", "Scan Direction": "Forward", "Index Name": "partsupp_pkey", "Relation Name": "partsupp", "Alias": "partsupp", "Startup Cost": 10000000000.0, "Total Cost": 1000071640963.22, "Plan Rows": 8000372, "Plan Width": 16, "Actual Startup Time": 0.019, "Actual Total Time": 4834.753, "Actual Rows": 7999985, "Actual Loops": 1}]}, {"Node Type": "Hash", "Parent Relationship": "Inner", "Startup Cost": 1000000558454.38, "Total Cost": 1000000558454.38, "Plan Rows": 10, "Plan Width": 8, "Actual Startup Time": 75.335, "Actual Total Time": 75.335, "Actual Rows": 56, "Actual Loops": 1, "Hash Buckets": 32768, "Hash Batches": 1, "Original Hash Batches": 1, "Peak Memory Usage": 3, "Plans": [{"Node Type": "Index Scan", "Parent Relationship": "Outer", "Scan Direction": "Forward", "Index Name": "supplier_pkey", "Relation Name": "supplier", "Alias": "supplier", "Startup Cost": 10000000000.0, "Total Cost": 1000000558454.38, "Plan Rows": 10, "Plan Width": 8, "Actual Startup Time": 0.292, "Actual Total Time": 75.274, "Actual Rows": 56, "Actual Loops": 1, "Filter": "((s_comment)::text ~~ '%Customer%Complaints%'::text)", "Rows Removed by Filter": 99944}]}]}]}]}]}, "Triggers": [], "Planner Runtime": 1.122, "Total Runtime": 13733.243, "Unique SQL Id": 1437012347}}, "(1, 80)": {"explain_plan": {"Plan": {"Node Type": "Sort", "Startup Cost": 538810.17, "Total Cost": 538879.51, "Plan Rows": 27736, "Plan Width": 52, "Sort Key": ["(count(DISTINCT partsupp.ps_suppkey)) DESC", "part.p_brand", "part.p_type", "part.p_size"], "Plans": [{"Node Type": "Aggregate", "Strategy": "Sorted", "Parent Relationship": "Outer", "Startup Cost": 525803.33, "Total Cost": 536763.33, "Plan Rows": 27736, "Plan Width": 52, "Group By Key": ["part.p_brand", "part.p_type", "part.p_size"], "Plans": [{"Node Type": "Sort", "Parent Relationship": "Outer", "Startup Cost": 525803.33, "Total Cost": 527939.86, "Plan Rows": 854611, "Plan Width": 44, "Sort Key": ["part.p_brand", "part.p_type", "part.p_size"], "Plans": [{"Node Type": "Merge Join", "Parent Relationship": "Outer", "Join Type": "Anti", "Startup Cost": 437329.76, "Total Cost": 441603.17, "Plan Rows": 854611, "Plan Width": 44, "Inner Unique": false, "Merge Cond": "(partsupp.ps_suppkey = supplier.s_suppkey)", "Plans": [{"Node Type": "Sort", "Parent Relationship": "Outer", "Startup Cost": 433796.6, "Total Cost": 435933.16, "Plan Rows": 854625, "Plan Width": 44, "Sort Key": ["partsupp.ps_suppkey"], "Plans": [{"Node Type": "Nested Loop", "Parent Relationship": "Outer", "Join Type": "Inner", "Startup Cost": 0.0, "Total Cost": 349594.96, "Plan Rows": 854625, "Plan Width": 44, "Inner Unique": false, "Plans": [{"Node Type": "Seq Scan", "Parent Relationship": "Outer", "Relation Name": "part", "Alias": "part", "Startup Cost": 0.0, "Total Cost": 91944.0, "Plan Rows": 295844, "Plan Width": 44, "Filter": "((p_brand <> 'Brand#34'::bpchar) AND ((p_type)::text !~~ 'LARGE BRUSHED%'::text) AND (p_size = ANY ('{48,19,12,4,41,7,21,39}'::integer[]))), (LLVM Optimized)"}, {"Node Type": "Index Only Scan", "Parent Relationship": "Inner", "Scan Direction": "Forward", "Index Name": "partsupp_pkey", "Relation Name": "partsupp", "Alias": "partsupp", "Startup Cost": 0.0, "Total Cost": 0.84, "Plan Rows": 3, "Plan Width": 16, "Index Cond": "(ps_partkey = part.p_partkey)"}]}]}, {"Node Type": "Sort", "Parent Relationship": "Inner", "Startup Cost": 3533.17, "Total Cost": 3533.19, "Plan Rows": 10, "Plan Width": 8, "Sort Key": ["supplier.s_suppkey"], "Plans": [{"Node Type": "Seq Scan", "Parent Relationship": "Outer", "Relation Name": "supplier", "Alias": "supplier", "Startup Cost": 0.0, "Total Cost": 3533.0, "Plan Rows": 10, "Plan Width": 8, "Filter": "((s_comment)::text ~~ '%Customer%Complaints%'::text)"}]}]}]}]}]}, "Unique SQL Id": 1437012347}, "explain_analyze_plan": {"Plan": {"Node Type": "Sort", "Startup Cost": 538810.17, "Total Cost": 538879.51, "Plan Rows": 27736, "Plan Width": 52, "Actual Startup Time": 9808.726, "Actual Total Time": 9811.644, "Actual Rows": 27838, "Actual Loops": 1, "Sort Key": ["(count(DISTINCT partsupp.ps_suppkey)) DESC", "part.p_brand", "part.p_type", "part.p_size"], "Sort Method": "quicksort", "Sort Space Used": 5082, "Sort Space Type": "Memory", "Plans": [{"Node Type": "Aggregate", "Strategy": "Sorted", "Parent Relationship": "Outer", "Startup Cost": 525803.33, "Total Cost": 536763.33, "Plan Rows": 27736, "Plan Width": 52, "Actual Startup Time": 8712.223, "Actual Total Time": 9711.732, "Actual Rows": 27838, "Actual Loops": 1, "Group By Key": ["part.p_brand", "part.p_type", "part.p_size"], "Plans": [{"Node Type": "Sort", "Parent Relationship": "Outer", "Startup Cost": 525803.33, "Total Cost": 527939.86, "Plan Rows": 854611, "Plan Width": 44, "Actual Startup Time": 8712.14, "Actual Total Time": 9111.556, "Actual Rows": 1188666, "Actual Loops": 1, "Sort Key": ["part.p_brand", "part.p_type", "part.p_size"], "Sort Method": "quicksort", "Sort Space Used": 233373, "Sort Space Type": "Memory", "Plans": [{"Node Type": "Merge Join", "Parent Relationship": "Outer", "Join Type": "Anti", "Startup Cost": 437329.76, "Total Cost": 441603.17, "Plan Rows": 854611, "Plan Width": 44, "Actual Startup Time": 3237.241, "Actual Total Time": 3857.933, "Actual Rows": 1188666, "Actual Loops": 1, "Inner Unique": false, "Merge Cond": "(partsupp.ps_suppkey = supplier.s_suppkey)", "Plans": [{"Node Type": "Sort", "Parent Relationship": "Outer", "Startup Cost": 433796.6, "Total Cost": 435933.16, "Plan Rows": 854625, "Plan Width": 44, "Actual Startup Time": 3181.142, "Actual Total Time": 3486.523, "Actual Rows": 1189344, "Actual Loops": 1, "Sort Key": ["partsupp.ps_suppkey"], "Sort Method": "quicksort", "Sort Space Used": 233478, "Sort Space Type": "Memory", "Plans": [{"Node Type": "Nested Loop", "Parent Relationship": "Outer", "Join Type": "Inner", "Startup Cost": 0.0, "Total Cost": 349594.96, "Plan Rows": 854625, "Plan Width": 44, "Actual Startup Time": 0.058, "Actual Total Time": 2670.229, "Actual Rows": 1189344, "Actual Loops": 1, "Inner Unique": false, "Plans": [{"Node Type": "Seq Scan", "Parent Relationship": "Outer", "Relation Name": "part", "Alias": "part", "Startup Cost": 0.0, "Total Cost": 91944.0, "Plan Rows": 295844, "Plan Width": 44, "Actual Startup Time": 0.035, "Actual Total Time": 1183.494, "Actual Rows": 297336, "Actual Loops": 1, "Filter": "((p_brand <> 'Brand#34'::bpchar) AND ((p_type)::text !~~ 'LARGE BRUSHED%'::text) AND (p_size = ANY ('{48,19,12,4,41,7,21,39}'::integer[]))), (LLVM Optimized, Jit Execute)", "Rows Removed by Filter": 1702664}, {"Node Type": "Index Only Scan", "Parent Relationship": "Inner", "Scan Direction": "Forward", "Index Name": "partsupp_pkey", "Relation Name": "partsupp", "Alias": "partsupp", "Startup Cost": 0.0, "Total Cost": 0.84, "Plan Rows": 3, "Plan Width": 16, "Actual Startup Time": 862.108, "Actual Total Time": 1075.711, "Actual Rows": 1189344, "Actual Loops": 297336, "Index Cond": "(ps_partkey = part.p_partkey)", "Rows Removed by Index Recheck": 0, "Heap Fetches": 0}]}]}, {"Node Type": "Sort", "Parent Relationship": "Inner", "Startup Cost": 3533.17, "Total Cost": 3533.19, "Plan Rows": 10, "Plan Width": 8, "Actual Startup Time": 56.087, "Actual Total Time": 56.101, "Actual Rows": 56, "Actual Loops": 1, "Sort Key": ["supplier.s_suppkey"], "Sort Method": "quicksort", "Sort Space Used": 28, "Sort Space Type": "Memory", "Plans": [{"Node Type": "Seq Scan", "Parent Relationship": "Outer", "Relation Name": "supplier", "Alias": "supplier", "Startup Cost": 0.0, "Total Cost": 3533.0, "Plan Rows": 10, "Plan Width": 8, "Actual Startup Time": 0.298, "Actual Total Time": 55.929, "Actual Rows": 56, "Actual Loops": 1, "Filter": "((s_comment)::text ~~ '%Customer%Complaints%'::text)", "Rows Removed by Filter": 99944}]}]}]}]}]}, "Triggers": [], "Planner Runtime": 1.207, "Total Runtime": 9823.385, "Unique SQL Id": 1437012347}}, "(1, 81)": {"explain_plan": {"Plan": {"Node Type": "Sort", "Startup Cost": 579720.8, "Total Cost": 579790.14, "Plan Rows": 27736, "Plan Width": 52, "Sort Key": ["(count(DISTINCT partsupp.ps_suppkey)) DESC", "part.p_brand", "part.p_type", "part.p_size"], "Plans": [{"Node Type": "Aggregate", "Strategy": "Sorted", "Parent Relationship": "Outer", "Startup Cost": 566713.96, "Total Cost": 577673.96, "Plan Rows": 27736, "Plan Width": 52, "Group By Key": ["part.p_brand", "part.p_type", "part.p_size"], "Plans": [{"Node Type": "Sort", "Parent Relationship": "Outer", "Startup Cost": 566713.96, "Total Cost": 568850.49, "Plan Rows": 854611, "Plan Width": 44, "Sort Key": ["part.p_brand", "part.p_type", "part.p_size"], "Plans": [{"Node Type": "Merge Join", "Parent Relationship": "Outer", "Join Type": "Anti", "Startup Cost": 472655.85, "Total Cost": 482513.8, "Plan Rows": 854611, "Plan Width": 44, "Inner Unique": false, "Merge Cond": "(partsupp.ps_suppkey = supplier.s_suppkey)", "Plans": [{"Node Type": "Sort", "Parent Relationship": "Outer", "Startup Cost": 472655.85, "Total Cost": 474792.41, "Plan Rows": 854625, "Plan Width": 44, "Sort Key": ["partsupp.ps_suppkey"], "Plans": [{"Node Type": "Nested Loop", "Parent Relationship": "Outer", "Join Type": "Inner", "Startup Cost": 0.0, "Total Cost": 388454.21, "Plan Rows": 854625, "Plan Width": 44, "Inner Unique": false, "Plans": [{"Node Type": "Index Scan", "Parent Relationship": "Outer", "Scan Direction": "Forward", "Index Name": "part_kpey", "Relation Name": "part", "Alias": "part", "Startup Cost": 0.0, "Total Cost": 130803.25, "Plan Rows": 295844, "Plan Width": 44, "Filter": "((p_brand <> 'Brand#34'::bpchar) AND ((p_type)::text !~~ 'LARGE BRUSHED%'::text) AND (p_size = ANY ('{48,19,12,4,41,7,21,39}'::integer[]))), (LLVM Optimized)"}, {"Node Type": "Index Only Scan", "Parent Relationship": "Inner", "Scan Direction": "Forward", "Index Name": "partsupp_pkey", "Relation Name": "partsupp", "Alias": "partsupp", "Startup Cost": 0.0, "Total Cost": 0.84, "Plan Rows": 3, "Plan Width": 16, "Index Cond": "(ps_partkey = part.p_partkey)"}]}]}, {"Node Type": "Materialize", "Parent Relationship": "Inner", "Startup Cost": 0.0, "Total Cost": 5584.57, "Plan Rows": 10, "Plan Width": 8, "Plans": [{"Node Type": "Index Scan", "Parent Relationship": "Outer", "Scan Direction": "Forward", "Index Name": "supplier_pkey", "Relation Name": "supplier", "Alias": "supplier", "Startup Cost": 0.0, "Total Cost": 5584.54, "Plan Rows": 10, "Plan Width": 8, "Filter": "((s_comment)::text ~~ '%Customer%Complaints%'::text)"}]}]}]}]}]}, "Unique SQL Id": 1437012347}, "explain_analyze_plan": {"Plan": {"Node Type": "Sort", "Startup Cost": 579720.8, "Total Cost": 579790.14, "Plan Rows": 27736, "Plan Width": 52, "Actual Startup Time": 10124.492, "Actual Total Time": 10127.4, "Actual Rows": 27838, "Actual Loops": 1, "Sort Key": ["(count(DISTINCT partsupp.ps_suppkey)) DESC", "part.p_brand", "part.p_type", "part.p_size"], "Sort Method": "quicksort", "Sort Space Used": 5082, "Sort Space Type": "Memory", "Plans": [{"Node Type": "Aggregate", "Strategy": "Sorted", "Parent Relationship": "Outer", "Startup Cost": 566713.96, "Total Cost": 577673.96, "Plan Rows": 27736, "Plan Width": 52, "Actual Startup Time": 9212.765, "Actual Total Time": 10031.455, "Actual Rows": 27838, "Actual Loops": 1, "Group By Key": ["part.p_brand", "part.p_type", "part.p_size"], "Plans": [{"Node Type": "Sort", "Parent Relationship": "Outer", "Startup Cost": 566713.96, "Total Cost": 568850.49, "Plan Rows": 854611, "Plan Width": 44, "Actual Startup Time": 9212.663, "Actual Total Time": 9434.446, "Actual Rows": 1188666, "Actual Loops": 1, "Sort Key": ["part.p_brand", "part.p_type", "part.p_size"], "Sort Method": "quicksort", "Sort Space Used": 233373, "Sort Space Type": "Memory", "Plans": [{"Node Type": "Merge Join", "Parent Relationship": "Outer", "Join Type": "Anti", "Startup Cost": 472655.85, "Total Cost": 482513.8, "Plan Rows": 854611, "Plan Width": 44, "Actual Startup Time": 3974.217, "Actual Total Time": 4566.554, "Actual Rows": 1188666, "Actual Loops": 1, "Inner Unique": false, "Merge Cond": "(partsupp.ps_suppkey = supplier.s_suppkey)", "Plans": [{"Node Type": "Sort", "Parent Relationship": "Outer", "Startup Cost": 472655.85, "Total Cost": 474792.41, "Plan Rows": 854625, "Plan Width": 44, "Actual Startup Time": 3973.83, "Actual Total Time": 4173.815, "Actual Rows": 1189344, "Actual Loops": 1, "Sort Key": ["partsupp.ps_suppkey"], "Sort Method": "quicksort", "Sort Space Used": 233478, "Sort Space Type": "Memory", "Plans": [{"Node Type": "Nested Loop", "Parent Relationship": "Outer", "Join Type": "Inner", "Startup Cost": 0.0, "Total Cost": 388454.21, "Plan Rows": 854625, "Plan Width": 44, "Actual Startup Time": 0.065, "Actual Total Time": 3468.37, "Actual Rows": 1189344, "Actual Loops": 1, "Inner Unique": false, "Plans": [{"Node Type": "Index Scan", "Parent Relationship": "Outer", "Scan Direction": "Forward", "Index Name": "part_kpey", "Relation Name": "part", "Alias": "part", "Startup Cost": 0.0, "Total Cost": 130803.25, "Plan Rows": 295844, "Plan Width": 44, "Actual Startup Time": 0.046, "Actual Total Time": 1970.226, "Actual Rows": 297336, "Actual Loops": 1, "Filter": "((p_brand <> 'Brand#34'::bpchar) AND ((p_type)::text !~~ 'LARGE BRUSHED%'::text) AND (p_size = ANY ('{48,19,12,4,41,7,21,39}'::integer[]))), (LLVM Optimized, Jit Execute)", "Rows Removed by Filter": 1702664}, {"Node Type": "Index Only Scan", "Parent Relationship": "Inner", "Scan Direction": "Forward", "Index Name": "partsupp_pkey", "Relation Name": "partsupp", "Alias": "partsupp", "Startup Cost": 0.0, "Total Cost": 0.84, "Plan Rows": 3, "Plan Width": 16, "Actual Startup Time": 872.97, "Actual Total Time": 1090.023, "Actual Rows": 1189344, "Actual Loops": 297336, "Index Cond": "(ps_partkey = part.p_partkey)", "Rows Removed by Index Recheck": 0, "Heap Fetches": 0}]}]}, {"Node Type": "Materialize", "Parent Relationship": "Inner", "Startup Cost": 0.0, "Total Cost": 5584.57, "Plan Rows": 10, "Plan Width": 8, "Actual Startup Time": 0.375, "Actual Total Time": 77.548, "Actual Rows": 56, "Actual Loops": 1, "Plans": [{"Node Type": "Index Scan", "Parent Relationship": "Outer", "Scan Direction": "Forward", "Index Name": "supplier_pkey", "Relation Name": "supplier", "Alias": "supplier", "Startup Cost": 0.0, "Total Cost": 5584.54, "Plan Rows": 10, "Plan Width": 8, "Actual Startup Time": 0.372, "Actual Total Time": 77.516, "Actual Rows": 56, "Actual Loops": 1, "Filter": "((s_comment)::text ~~ '%Customer%Complaints%'::text)", "Rows Removed by Filter": 99944}]}]}]}]}]}, "Triggers": [], "Planner Runtime": 1.221, "Total Runtime": 10139.135, "Unique SQL Id": 1437012347}}, "(1, 82)": {"explain_plan": {"Plan": {"Node Type": "Sort", "Startup Cost": 1545365.8, "Total Cost": 1545435.14, "Plan Rows": 27736, "Plan Width": 52, "Sort Key": ["(count(DISTINCT partsupp.ps_suppkey)) DESC", "part.p_brand", "part.p_type", "part.p_size"], "Plans": [{"Node Type": "Aggregate", "Strategy": "Sorted", "Parent Relationship": "Outer", "Startup Cost": 1532358.96, "Total Cost": 1543318.96, "Plan Rows": 27736, "Plan Width": 52, "Group By Key": ["part.p_brand", "part.p_type", "part.p_size"], "Plans": [{"Node Type": "Sort", "Parent Relationship": "Outer", "Startup Cost": 1532358.96, "Total Cost": 1534495.49, "Plan Rows": 854611, "Plan Width": 44, "Sort Key": ["part.p_brand", "part.p_type", "part.p_size"], "Plans": [{"Node Type": "Merge Join", "Parent Relationship": "Outer", "Join Type": "Anti", "Startup Cost": 1443885.39, "Total Cost": 1448158.8, "Plan Rows": 854611, "Plan Width": 44, "Inner Unique": false, "Merge Cond": "(partsupp.ps_suppkey = supplier.s_suppkey)", "Plans": [{"Node Type": "Sort", "Parent Relationship": "Outer", "Startup Cost": 1440352.23, "Total Cost": 1442488.79, "Plan Rows": 854625, "Plan Width": 44, "Sort Key": ["partsupp.ps_suppkey"], "Plans": [{"Node Type": "Merge Join", "Parent Relationship": "Outer", "Join Type": "Inner", "Startup Cost": 1306124.55, "Total Cost": 1356150.59, "Plan Rows": 854625, "Plan Width": 44, "Inner Unique": false, "Merge Cond": "(part.p_partkey = partsupp.ps_partkey)", "Plans": [{"Node Type": "Sort", "Parent Relationship": "Outer", "Startup Cost": 118828.05, "Total Cost": 119567.66, "Plan Rows": 295844, "Plan Width": 44, "Sort Key": ["part.p_partkey"], "Plans": [{"Node Type": "Seq Scan", "Parent Relationship": "Outer", "Relation Name": "part", "Alias": "part", "Startup Cost": 0.0, "Total Cost": 91944.0, "Plan Rows": 295844, "Plan Width": 44, "Filter": "((p_brand <> 'Brand#34'::bpchar) AND ((p_type)::text !~~ 'LARGE BRUSHED%'::text) AND (p_size = ANY ('{48,19,12,4,41,7,21,39}'::integer[]))), (LLVM Optimized)"}]}, {"Node Type": "Sort", "Parent Relationship": "Inner", "Startup Cost": 1187295.8, "Total Cost": 1207296.73, "Plan Rows": 8000372, "Plan Width": 16, "Sort Key": ["partsupp.ps_partkey"], "Plans": [{"Node Type": "Seq Scan", "Parent Relationship": "Outer", "Relation Name": "partsupp", "Alias": "partsupp", "Startup Cost": 0.0, "Total Cost": 269987.72, "Plan Rows": 8000372, "Plan Width": 16}]}]}]}, {"Node Type": "Sort", "Parent Relationship": "Inner", "Startup Cost": 3533.17, "Total Cost": 3533.19, "Plan Rows": 10, "Plan Width": 8, "Sort Key": ["supplier.s_suppkey"], "Plans": [{"Node Type": "Seq Scan", "Parent Relationship": "Outer", "Relation Name": "supplier", "Alias": "supplier", "Startup Cost": 0.0, "Total Cost": 3533.0, "Plan Rows": 10, "Plan Width": 8, "Filter": "((s_comment)::text ~~ '%Customer%Complaints%'::text)"}]}]}]}]}]}, "Unique SQL Id": 1437012347}, "explain_analyze_plan": {"Plan": {"Node Type": "Sort", "Startup Cost": 1545365.8, "Total Cost": 1545435.14, "Plan Rows": 27736, "Plan Width": 52, "Actual Startup Time": 16613.189, "Actual Total Time": 16616.083, "Actual Rows": 27838, "Actual Loops": 1, "Sort Key": ["(count(DISTINCT partsupp.ps_suppkey)) DESC", "part.p_brand", "part.p_type", "part.p_size"], "Sort Method": "quicksort", "Sort Space Used": 5082, "Sort Space Type": "Memory", "Plans": [{"Node Type": "Aggregate", "Strategy": "Sorted", "Parent Relationship": "Outer", "Startup Cost": 1532358.96, "Total Cost": 1543318.96, "Plan Rows": 27736, "Plan Width": 52, "Actual Startup Time": 15699.419, "Actual Total Time": 16519.682, "Actual Rows": 27838, "Actual Loops": 1, "Group By Key": ["part.p_brand", "part.p_type", "part.p_size"], "Plans": [{"Node Type": "Sort", "Parent Relationship": "Outer", "Startup Cost": 1532358.96, "Total Cost": 1534495.49, "Plan Rows": 854611, "Plan Width": 44, "Actual Startup Time": 15699.201, "Actual Total Time": 15922.042, "Actual Rows": 1188666, "Actual Loops": 1, "Sort Key": ["part.p_brand", "part.p_type", "part.p_size"], "Sort Method": "quicksort", "Sort Space Used": 233373, "Sort Space Type": "Memory", "Plans": [{"Node Type": "Merge Join", "Parent Relationship": "Outer", "Join Type": "Anti", "Startup Cost": 1443885.39, "Total Cost": 1448158.8, "Plan Rows": 854611, "Plan Width": 44, "Actual Startup Time": 9861.117, "Actual Total Time": 10520.767, "Actual Rows": 1188666, "Actual Loops": 1, "Inner Unique": false, "Merge Cond": "(partsupp.ps_suppkey = supplier.s_suppkey)", "Plans": [{"Node Type": "Sort", "Parent Relationship": "Outer", "Startup Cost": 1440352.23, "Total Cost": 1442488.79, "Plan Rows": 854625, "Plan Width": 44, "Actual Startup Time": 9808.54, "Actual Total Time": 10147.13, "Actual Rows": 1189344, "Actual Loops": 1, "Sort Key": ["partsupp.ps_suppkey"], "Sort Method": "quicksort", "Sort Space Used": 233478, "Sort Space Type": "Memory", "Plans": [{"Node Type": "Merge Join", "Parent Relationship": "Outer", "Join Type": "Inner", "Startup Cost": 1306124.55, "Total Cost": 1356150.59, "Plan Rows": 854625, "Plan Width": 44, "Actual Startup Time": 6903.113, "Actual Total Time": 9320.876, "Actual Rows": 1189344, "Actual Loops": 1, "Inner Unique": false, "Merge Cond": "(part.p_partkey = partsupp.ps_partkey)", "Plans": [{"Node Type": "Sort", "Parent Relationship": "Outer", "Startup Cost": 118828.05, "Total Cost": 119567.66, "Plan Rows": 295844, "Plan Width": 44, "Actual Startup Time": 1465.983, "Actual Total Time": 1507.93, "Actual Rows": 297336, "Actual Loops": 1, "Sort Key": ["part.p_partkey"], "Sort Method": "quicksort", "Sort Space Used": 58370, "Sort Space Type": "Memory", "Plans": [{"Node Type": "Seq Scan", "Parent Relationship": "Outer", "Relation Name": "part", "Alias": "part", "Startup Cost": 0.0, "Total Cost": 91944.0, "Plan Rows": 295844, "Plan Width": 44, "Actual Startup Time": 0.035, "Actual Total Time": 1348.639, "Actual Rows": 297336, "Actual Loops": 1, "Filter": "((p_brand <> 'Brand#34'::bpchar) AND ((p_type)::text !~~ 'LARGE BRUSHED%'::text) AND (p_size = ANY ('{48,19,12,4,41,7,21,39}'::integer[]))), (LLVM Optimized, Jit Execute)", "Rows Removed by Filter": 1702664}]}, {"Node Type": "Sort", "Parent Relationship": "Inner", "Startup Cost": 1187295.8, "Total Cost": 1207296.73, "Plan Rows": 8000372, "Plan Width": 16, "Actual Startup Time": 5437.114, "Actual Total Time": 6421.114, "Actual Rows": 7999985, "Actual Loops": 1, "Sort Key": ["partsupp.ps_partkey"], "Sort Method": "quicksort", "Sort Space Used": 946609, "Sort Space Type": "Memory", "Plans": [{"Node Type": "Seq Scan", "Parent Relationship": "Outer", "Relation Name": "partsupp", "Alias": "partsupp", "Startup Cost": 0.0, "Total Cost": 269987.72, "Plan Rows": 8000372, "Plan Width": 16, "Actual Startup Time": 0.02, "Actual Total Time": 2648.399, "Actual Rows": 8000000, "Actual Loops": 1}]}]}]}, {"Node Type": "Sort", "Parent Relationship": "Inner", "Startup Cost": 3533.17, "Total Cost": 3533.19, "Plan Rows": 10, "Plan Width": 8, "Actual Startup Time": 52.563, "Actual Total Time": 52.585, "Actual Rows": 56, "Actual Loops": 1, "Sort Key": ["supplier.s_suppkey"], "Sort Method": "quicksort", "Sort Space Used": 28, "Sort Space Type": "Memory", "Plans": [{"Node Type": "Seq Scan", "Parent Relationship": "Outer", "Relation Name": "supplier", "Alias": "supplier", "Startup Cost": 0.0, "Total Cost": 3533.0, "Plan Rows": 10, "Plan Width": 8, "Actual Startup Time": 0.256, "Actual Total Time": 52.483, "Actual Rows": 56, "Actual Loops": 1, "Filter": "((s_comment)::text ~~ '%Customer%Complaints%'::text)", "Rows Removed by Filter": 99944}]}]}]}]}]}, "Triggers": [], "Planner Runtime": 1.167, "Total Runtime": 16627.736, "Unique SQL Id": 1437012347}}, "(1, 83)": {"explain_plan": {"Plan": {"Node Type": "Sort", "Startup Cost": 1000096381206.59, "Total Cost": 1000096381275.93, "Plan Rows": 27736, "Plan Width": 52, "Sort Key": ["(count(DISTINCT partsupp.ps_suppkey)) DESC", "part.p_brand", "part.p_type", "part.p_size"], "Plans": [{"Node Type": "Aggregate", "Strategy": "Sorted", "Parent Relationship": "Outer", "Startup Cost": 1000096368199.75, "Total Cost": 1000096379159.74, "Plan Rows": 27736, "Plan Width": 52, "Group By Key": ["part.p_brand", "part.p_type", "part.p_size"], "Plans": [{"Node Type": "Sort", "Parent Relationship": "Outer", "Startup Cost": 1000096368199.75, "Total Cost": 1000096370336.27, "Plan Rows": 854611, "Plan Width": 44, "Sort Key": ["part.p_brand", "part.p_type", "part.p_size"], "Plans": [{"Node Type": "Nested Loop", "Parent Relationship": "Outer", "Join Type": "Inner", "Startup Cost": 10000000000.52, "Total Cost": 1000096283999.59, "Plan Rows": 854611, "Plan Width": 44, "Inner Unique": true, "Plans": [{"Node Type": "Nested Loop", "Parent Relationship": "Outer", "Join Type": "Anti", "Startup Cost": 10000000000.26, "Total Cost": 1000061892121.8, "Plan Rows": 8000238, "Plan Width": 16, "Inner Unique": false, "Plans": [{"Node Type": "Index Only Scan", "Parent Relationship": "Outer", "Scan Direction": "Forward", "Index Name": "partsupp_pkey", "Relation Name": "partsupp", "Alias": "partsupp", "Startup Cost": 10000000000.0, "Total Cost": 1000027706983.0, "Plan Rows": 8000372, "Plan Width": 16}, {"Node Type": "Bitmap Heap Scan", "Parent Relationship": "Inner", "Relation Name": "supplier", "Alias": "supplier", "Startup Cost": 0.26, "Total Cost": 4.27, "Plan Rows": 1, "Plan Width": 8, "Recheck Cond": "(partsupp.ps_suppkey = s_suppkey)", "Filter": "((s_comment)::text ~~ '%Customer%Complaints%'::text)", "Plans": [{"Node Type": "Bitmap Index Scan", "Parent Relationship": "Outer", "Index Name": "supplier_pkey", "Startup Cost": 0.0, "Total Cost": 0.26, "Plan Rows": 1, "Plan Width": 0, "Index Cond": "(partsupp.ps_suppkey = s_suppkey)"}]}]}, {"Node Type": "Bitmap Heap Scan", "Parent Relationship": "Inner", "Relation Name": "part", "Alias": "part", "Startup Cost": 0.26, "Total Cost": 4.29, "Plan Rows": 1, "Plan Width": 44, "Recheck Cond": "(p_partkey = partsupp.ps_partkey)", "Filter": "((p_brand <> 'Brand#34'::bpchar) AND ((p_type)::text !~~ 'LARGE BRUSHED%'::text) AND (p_size = ANY ('{48,19,12,4,41,7,21,39}'::integer[])))", "Plans": [{"Node Type": "Bitmap Index Scan", "Parent Relationship": "Outer", "Index Name": "part_kpey", "Startup Cost": 0.0, "Total Cost": 0.26, "Plan Rows": 1, "Plan Width": 0, "Index Cond": "(p_partkey = partsupp.ps_partkey)"}]}]}]}]}]}, "Unique SQL Id": 1437012347}, "explain_analyze_plan": null}, "(1, 84)": {"explain_plan": {"Plan": {"Node Type": "Sort", "Startup Cost": 772341.94, "Total Cost": 772411.28, "Plan Rows": 27736, "Plan Width": 52, "Sort Key": ["(count(DISTINCT partsupp.ps_suppkey)) DESC", "part.p_brand", "part.p_type", "part.p_size"], "Plans": [{"Node Type": "Aggregate", "Strategy": "Sorted", "Parent Relationship": "Outer", "Startup Cost": 759335.1, "Total Cost": 770295.1, "Plan Rows": 27736, "Plan Width": 52, "Group By Key": ["part.p_brand", "part.p_type", "part.p_size"], "Plans": [{"Node Type": "Sort", "Parent Relationship": "Outer", "Startup Cost": 759335.1, "Total Cost": 761471.63, "Plan Rows": 854611, "Plan Width": 44, "Sort Key": ["part.p_brand", "part.p_type", "part.p_size"], "Plans": [{"Node Type": "Merge Join", "Parent Relationship": "Outer", "Join Type": "Anti", "Startup Cost": 670861.53, "Total Cost": 675134.94, "Plan Rows": 854611, "Plan Width": 44, "Inner Unique": false, "Merge Cond": "(partsupp.ps_suppkey = supplier.s_suppkey)", "Plans": [{"Node Type": "Sort", "Parent Relationship": "Outer", "Startup Cost": 667328.37, "Total Cost": 669464.93, "Plan Rows": 854625, "Plan Width": 44, "Sort Key": ["partsupp.ps_suppkey"], "Plans": [{"Node Type": "Merge Join", "Parent Relationship": "Outer", "Join Type": "Inner", "Startup Cost": 118835.95, "Total Cost": 583126.73, "Plan Rows": 854625, "Plan Width": 44, "Inner Unique": true, "Merge Cond": "(partsupp.ps_partkey = part.p_partkey)", "Plans": [{"Node Type": "Index Scan", "Parent Relationship": "Outer", "Scan Direction": "Forward", "Index Name": "idx_partsupp_partkey", "Relation Name": "partsupp", "Alias": "partsupp", "Startup Cost": 0.0, "Total Cost": 431485.03, "Plan Rows": 8000372, "Plan Width": 16}, {"Node Type": "Sort", "Parent Relationship": "Inner", "Startup Cost": 118828.05, "Total Cost": 119567.66, "Plan Rows": 295844, "Plan Width": 44, "Sort Key": ["part.p_partkey"], "Plans": [{"Node Type": "Seq Scan", "Parent Relationship": "Outer", "Relation Name": "part", "Alias": "part", "Startup Cost": 0.0, "Total Cost": 91944.0, "Plan Rows": 295844, "Plan Width": 44, "Filter": "((p_brand <> 'Brand#34'::bpchar) AND ((p_type)::text !~~ 'LARGE BRUSHED%'::text) AND (p_size = ANY ('{48,19,12,4,41,7,21,39}'::integer[]))), (LLVM Optimized)"}]}]}]}, {"Node Type": "Sort", "Parent Relationship": "Inner", "Startup Cost": 3533.17, "Total Cost": 3533.19, "Plan Rows": 10, "Plan Width": 8, "Sort Key": ["supplier.s_suppkey"], "Plans": [{"Node Type": "Seq Scan", "Parent Relationship": "Outer", "Relation Name": "supplier", "Alias": "supplier", "Startup Cost": 0.0, "Total Cost": 3533.0, "Plan Rows": 10, "Plan Width": 8, "Filter": "((s_comment)::text ~~ '%Customer%Complaints%'::text)"}]}]}]}]}]}, "Unique SQL Id": 1437012347}, "explain_analyze_plan": {"Plan": {"Node Type": "Sort", "Startup Cost": 772341.94, "Total Cost": 772411.28, "Plan Rows": 27736, "Plan Width": 52, "Actual Startup Time": 14110.602, "Actual Total Time": 14113.638, "Actual Rows": 27838, "Actual Loops": 1, "Sort Key": ["(count(DISTINCT partsupp.ps_suppkey)) DESC", "part.p_brand", "part.p_type", "part.p_size"], "Sort Method": "quicksort", "Sort Space Used": 5082, "Sort Space Type": "Memory", "Plans": [{"Node Type": "Aggregate", "Strategy": "Sorted", "Parent Relationship": "Outer", "Startup Cost": 759335.1, "Total Cost": 770295.1, "Plan Rows": 27736, "Plan Width": 52, "Actual Startup Time": 13116.146, "Actual Total Time": 14016.171, "Actual Rows": 27838, "Actual Loops": 1, "Group By Key": ["part.p_brand", "part.p_type", "part.p_size"], "Plans": [{"Node Type": "Sort", "Parent Relationship": "Outer", "Startup Cost": 759335.1, "Total Cost": 761471.63, "Plan Rows": 854611, "Plan Width": 44, "Actual Startup Time": 13116.037, "Actual Total Time": 13417.21, "Actual Rows": 1188666, "Actual Loops": 1, "Sort Key": ["part.p_brand", "part.p_type", "part.p_size"], "Sort Method": "quicksort", "Sort Space Used": 233373, "Sort Space Type": "Memory", "Plans": [{"Node Type": "Merge Join", "Parent Relationship": "Outer", "Join Type": "Anti", "Startup Cost": 670861.53, "Total Cost": 675134.94, "Plan Rows": 854611, "Plan Width": 44, "Actual Startup Time": 7608.099, "Actual Total Time": 8127.29, "Actual Rows": 1188666, "Actual Loops": 1, "Inner Unique": false, "Merge Cond": "(partsupp.ps_suppkey = supplier.s_suppkey)", "Plans": [{"Node Type": "Sort", "Parent Relationship": "Outer", "Startup Cost": 667328.37, "Total Cost": 669464.93, "Plan Rows": 854625, "Plan Width": 44, "Actual Startup Time": 7555.798, "Actual Total Time": 7760.272, "Actual Rows": 1189344, "Actual Loops": 1, "Sort Key": ["partsupp.ps_suppkey"], "Sort Method": "quicksort", "Sort Space Used": 233478, "Sort Space Type": "Memory", "Plans": [{"Node Type": "Merge Join", "Parent Relationship": "Outer", "Join Type": "Inner", "Startup Cost": 118835.95, "Total Cost": 583126.73, "Plan Rows": 854625, "Plan Width": 44, "Actual Startup Time": 1266.311, "Actual Total Time": 7034.181, "Actual Rows": 1189344, "Actual Loops": 1, "Inner Unique": true, "Merge Cond": "(partsupp.ps_partkey = part.p_partkey)", "Plans": [{"Node Type": "Index Scan", "Parent Relationship": "Outer", "Scan Direction": "Forward", "Index Name": "idx_partsupp_partkey", "Relation Name": "partsupp", "Alias": "partsupp", "Startup Cost": 0.0, "Total Cost": 431485.03, "Plan Rows": 8000372, "Plan Width": 16, "Actual Startup Time": 0.029, "Actual Total Time": 4321.425, "Actual Rows": 7999985, "Actual Loops": 1}, {"Node Type": "Sort", "Parent Relationship": "Inner", "Startup Cost": 118828.05, "Total Cost": 119567.66, "Plan Rows": 295844, "Plan Width": 44, "Actual Startup Time": 1266.265, "Actual Total Time": 1314.669, "Actual Rows": 297336, "Actual Loops": 1, "Sort Key": ["part.p_partkey"], "Sort Method": "quicksort", "Sort Space Used": 58370, "Sort Space Type": "Memory", "Plans": [{"Node Type": "Seq Scan", "Parent Relationship": "Outer", "Relation Name": "part", "Alias": "part", "Startup Cost": 0.0, "Total Cost": 91944.0, "Plan Rows": 295844, "Plan Width": 44, "Actual Startup Time": 0.029, "Actual Total Time": 1152.847, "Actual Rows": 297336, "Actual Loops": 1, "Filter": "((p_brand <> 'Brand#34'::bpchar) AND ((p_type)::text !~~ 'LARGE BRUSHED%'::text) AND (p_size = ANY ('{48,19,12,4,41,7,21,39}'::integer[]))), (LLVM Optimized, Jit Execute)", "Rows Removed by Filter": 1702664}]}]}]}, {"Node Type": "Sort", "Parent Relationship": "Inner", "Startup Cost": 3533.17, "Total Cost": 3533.19, "Plan Rows": 10, "Plan Width": 8, "Actual Startup Time": 52.286, "Actual Total Time": 52.304, "Actual Rows": 56, "Actual Loops": 1, "Sort Key": ["supplier.s_suppkey"], "Sort Method": "quicksort", "Sort Space Used": 28, "Sort Space Type": "Memory", "Plans": [{"Node Type": "Seq Scan", "Parent Relationship": "Outer", "Relation Name": "supplier", "Alias": "supplier", "Startup Cost": 0.0, "Total Cost": 3533.0, "Plan Rows": 10, "Plan Width": 8, "Actual Startup Time": 0.263, "Actual Total Time": 52.196, "Actual Rows": 56, "Actual Loops": 1, "Filter": "((s_comment)::text ~~ '%Customer%Complaints%'::text)", "Rows Removed by Filter": 99944}]}]}]}]}]}, "Triggers": [], "Planner Runtime": 1.118, "Total Runtime": 14125.229, "Unique SQL Id": 1437012347}}, "(1, 85)": {"explain_plan": {"Plan": {"Node Type": "Sort", "Startup Cost": 782835.0, "Total Cost": 782904.34, "Plan Rows": 27736, "Plan Width": 52, "Sort Key": ["(count(DISTINCT partsupp.ps_suppkey)) DESC", "part.p_brand", "part.p_type", "part.p_size"], "Plans": [{"Node Type": "Aggregate", "Strategy": "Sorted", "Parent Relationship": "Outer", "Startup Cost": 769828.16, "Total Cost": 780788.16, "Plan Rows": 27736, "Plan Width": 52, "Group By Key": ["part.p_brand", "part.p_type", "part.p_size"], "Plans": [{"Node Type": "Sort", "Parent Relationship": "Outer", "Startup Cost": 769828.16, "Total Cost": 771964.69, "Plan Rows": 854611, "Plan Width": 44, "Sort Key": ["part.p_brand", "part.p_type", "part.p_size"], "Plans": [{"Node Type": "Merge Join", "Parent Relationship": "Outer", "Join Type": "Anti", "Startup Cost": 675770.05, "Total Cost": 685628.01, "Plan Rows": 854611, "Plan Width": 44, "Inner Unique": false, "Merge Cond": "(partsupp.ps_suppkey = supplier.s_suppkey)", "Plans": [{"Node Type": "Sort", "Parent Relationship": "Outer", "Startup Cost": 675770.05, "Total Cost": 677906.61, "Plan Rows": 854625, "Plan Width": 44, "Sort Key": ["partsupp.ps_suppkey"], "Plans": [{"Node Type": "Merge Join", "Parent Relationship": "Outer", "Join Type": "Inner", "Startup Cost": 7.9, "Total Cost": 591568.41, "Plan Rows": 854625, "Plan Width": 44, "Inner Unique": false, "Merge Cond": "(part.p_partkey = partsupp.ps_partkey)", "Plans": [{"Node Type": "Index Scan", "Parent Relationship": "Outer", "Scan Direction": "Forward", "Index Name": "part_kpey", "Relation Name": "part", "Alias": "part", "Startup Cost": 0.0, "Total Cost": 130803.25, "Plan Rows": 295844, "Plan Width": 44, "Filter": "((p_brand <> 'Brand#34'::bpchar) AND ((p_type)::text !~~ 'LARGE BRUSHED%'::text) AND (p_size = ANY ('{48,19,12,4,41,7,21,39}'::integer[]))), (LLVM Optimized)"}, {"Node Type": "Index Scan", "Parent Relationship": "Inner", "Scan Direction": "Forward", "Index Name": "idx_partsupp_partkey", "Relation Name": "partsupp", "Alias": "partsupp", "Startup Cost": 0.0, "Total Cost": 431485.03, "Plan Rows": 8000372, "Plan Width": 16}]}]}, {"Node Type": "Materialize", "Parent Relationship": "Inner", "Startup Cost": 0.0, "Total Cost": 5584.57, "Plan Rows": 10, "Plan Width": 8, "Plans": [{"Node Type": "Index Scan", "Parent Relationship": "Outer", "Scan Direction": "Forward", "Index Name": "supplier_pkey", "Relation Name": "supplier", "Alias": "supplier", "Startup Cost": 0.0, "Total Cost": 5584.54, "Plan Rows": 10, "Plan Width": 8, "Filter": "((s_comment)::text ~~ '%Customer%Complaints%'::text)"}]}]}]}]}]}, "Unique SQL Id": 1437012347}, "explain_analyze_plan": {"Plan": {"Node Type": "Sort", "Startup Cost": 782835.0, "Total Cost": 782904.34, "Plan Rows": 27736, "Plan Width": 52, "Actual Startup Time": 15130.385, "Actual Total Time": 15133.279, "Actual Rows": 27838, "Actual Loops": 1, "Sort Key": ["(count(DISTINCT partsupp.ps_suppkey)) DESC", "part.p_brand", "part.p_type", "part.p_size"], "Sort Method": "quicksort", "Sort Space Used": 5082, "Sort Space Type": "Memory", "Plans": [{"Node Type": "Aggregate", "Strategy": "Sorted", "Parent Relationship": "Outer", "Startup Cost": 769828.16, "Total Cost": 780788.16, "Plan Rows": 27736, "Plan Width": 52, "Actual Startup Time": 14211.128, "Actual Total Time": 15036.99, "Actual Rows": 27838, "Actual Loops": 1, "Group By Key": ["part.p_brand", "part.p_type", "part.p_size"], "Plans": [{"Node Type": "Sort", "Parent Relationship": "Outer", "Startup Cost": 769828.16, "Total Cost": 771964.69, "Plan Rows": 854611, "Plan Width": 44, "Actual Startup Time": 14211.026, "Actual Total Time": 14438.864, "Actual Rows": 1188666, "Actual Loops": 1, "Sort Key": ["part.p_brand", "part.p_type", "part.p_size"], "Sort Method": "quicksort", "Sort Space Used": 233373, "Sort Space Type": "Memory", "Plans": [{"Node Type": "Merge Join", "Parent Relationship": "Outer", "Join Type": "Anti", "Startup Cost": 675770.05, "Total Cost": 685628.01, "Plan Rows": 854611, "Plan Width": 44, "Actual Startup Time": 8454.784, "Actual Total Time": 9052.022, "Actual Rows": 1188666, "Actual Loops": 1, "Inner Unique": false, "Merge Cond": "(partsupp.ps_suppkey = supplier.s_suppkey)", "Plans": [{"Node Type": "Sort", "Parent Relationship": "Outer", "Startup Cost": 675770.05, "Total Cost": 677906.61, "Plan Rows": 854625, "Plan Width": 44, "Actual Startup Time": 8454.398, "Actual Total Time": 8655.518, "Actual Rows": 1189344, "Actual Loops": 1, "Sort Key": ["partsupp.ps_suppkey"], "Sort Method": "quicksort", "Sort Space Used": 233478, "Sort Space Type": "Memory", "Plans": [{"Node Type": "Merge Join", "Parent Relationship": "Outer", "Join Type": "Inner", "Startup Cost": 7.9, "Total Cost": 591568.41, "Plan Rows": 854625, "Plan Width": 44, "Actual Startup Time": 0.075, "Actual Total Time": 7926.73, "Actual Rows": 1189344, "Actual Loops": 1, "Inner Unique": false, "Merge Cond": "(part.p_partkey = partsupp.ps_partkey)", "Plans": [{"Node Type": "Index Scan", "Parent Relationship": "Outer", "Scan Direction": "Forward", "Index Name": "part_kpey", "Relation Name": "part", "Alias": "part", "Startup Cost": 0.0, "Total Cost": 130803.25, "Plan Rows": 295844, "Plan Width": 44, "Actual Startup Time": 0.047, "Actual Total Time": 1726.009, "Actual Rows": 297336, "Actual Loops": 1, "Filter": "((p_brand <> 'Brand#34'::bpchar) AND ((p_type)::text !~~ 'LARGE BRUSHED%'::text) AND (p_size = ANY ('{48,19,12,4,41,7,21,39}'::integer[]))), (LLVM Optimized, Jit Execute)", "Rows Removed by Filter": 1702664}, {"Node Type": "Index Scan", "Parent Relationship": "Inner", "Scan Direction": "Forward", "Index Name": "idx_partsupp_partkey", "Relation Name": "partsupp", "Alias": "partsupp", "Startup Cost": 0.0, "Total Cost": 431485.03, "Plan Rows": 8000372, "Plan Width": 16, "Actual Startup Time": 0.02, "Actual Total Time": 4722.053, "Actual Rows": 7999985, "Actual Loops": 1}]}]}, {"Node Type": "Materialize", "Parent Relationship": "Inner", "Startup Cost": 0.0, "Total Cost": 5584.57, "Plan Rows": 10, "Plan Width": 8, "Actual Startup Time": 0.374, "Actual Total Time": 77.141, "Actual Rows": 56, "Actual Loops": 1, "Plans": [{"Node Type": "Index Scan", "Parent Relationship": "Outer", "Scan Direction": "Forward", "Index Name": "supplier_pkey", "Relation Name": "supplier", "Alias": "supplier", "Startup Cost": 0.0, "Total Cost": 5584.54, "Plan Rows": 10, "Plan Width": 8, "Actual Startup Time": 0.371, "Actual Total Time": 77.105, "Actual Rows": 56, "Actual Loops": 1, "Filter": "((s_comment)::text ~~ '%Customer%Complaints%'::text)", "Rows Removed by Filter": 99944}]}]}]}]}]}, "Triggers": [], "Planner Runtime": 1.109, "Total Runtime": 15145.68, "Unique SQL Id": 1437012347}}, "(1, 86)": {"explain_plan": {"Plan": {"Node Type": "Sort", "Startup Cost": 1545365.8, "Total Cost": 1545435.14, "Plan Rows": 27736, "Plan Width": 52, "Sort Key": ["(count(DISTINCT partsupp.ps_suppkey)) DESC", "part.p_brand", "part.p_type", "part.p_size"], "Plans": [{"Node Type": "Aggregate", "Strategy": "Sorted", "Parent Relationship": "Outer", "Startup Cost": 1532358.96, "Total Cost": 1543318.96, "Plan Rows": 27736, "Plan Width": 52, "Group By Key": ["part.p_brand", "part.p_type", "part.p_size"], "Plans": [{"Node Type": "Sort", "Parent Relationship": "Outer", "Startup Cost": 1532358.96, "Total Cost": 1534495.49, "Plan Rows": 854611, "Plan Width": 44, "Sort Key": ["part.p_brand", "part.p_type", "part.p_size"], "Plans": [{"Node Type": "Merge Join", "Parent Relationship": "Outer", "Join Type": "Anti", "Startup Cost": 1443885.39, "Total Cost": 1448158.8, "Plan Rows": 854611, "Plan Width": 44, "Inner Unique": false, "Merge Cond": "(partsupp.ps_suppkey = supplier.s_suppkey)", "Plans": [{"Node Type": "Sort", "Parent Relationship": "Outer", "Startup Cost": 1440352.23, "Total Cost": 1442488.79, "Plan Rows": 854625, "Plan Width": 44, "Sort Key": ["partsupp.ps_suppkey"], "Plans": [{"Node Type": "Merge Join", "Parent Relationship": "Outer", "Join Type": "Inner", "Startup Cost": 1306124.55, "Total Cost": 1356150.59, "Plan Rows": 854625, "Plan Width": 44, "Inner Unique": false, "Merge Cond": "(part.p_partkey = partsupp.ps_partkey)", "Plans": [{"Node Type": "Sort", "Parent Relationship": "Outer", "Startup Cost": 118828.05, "Total Cost": 119567.66, "Plan Rows": 295844, "Plan Width": 44, "Sort Key": ["part.p_partkey"], "Plans": [{"Node Type": "Seq Scan", "Parent Relationship": "Outer", "Relation Name": "part", "Alias": "part", "Startup Cost": 0.0, "Total Cost": 91944.0, "Plan Rows": 295844, "Plan Width": 44, "Filter": "((p_brand <> 'Brand#34'::bpchar) AND ((p_type)::text !~~ 'LARGE BRUSHED%'::text) AND (p_size = ANY ('{48,19,12,4,41,7,21,39}'::integer[]))), (LLVM Optimized)"}]}, {"Node Type": "Sort", "Parent Relationship": "Inner", "Startup Cost": 1187295.8, "Total Cost": 1207296.73, "Plan Rows": 8000372, "Plan Width": 16, "Sort Key": ["partsupp.ps_partkey"], "Plans": [{"Node Type": "Seq Scan", "Parent Relationship": "Outer", "Relation Name": "partsupp", "Alias": "partsupp", "Startup Cost": 0.0, "Total Cost": 269987.72, "Plan Rows": 8000372, "Plan Width": 16}]}]}]}, {"Node Type": "Sort", "Parent Relationship": "Inner", "Startup Cost": 3533.17, "Total Cost": 3533.19, "Plan Rows": 10, "Plan Width": 8, "Sort Key": ["supplier.s_suppkey"], "Plans": [{"Node Type": "Seq Scan", "Parent Relationship": "Outer", "Relation Name": "supplier", "Alias": "supplier", "Startup Cost": 0.0, "Total Cost": 3533.0, "Plan Rows": 10, "Plan Width": 8, "Filter": "((s_comment)::text ~~ '%Customer%Complaints%'::text)"}]}]}]}]}]}, "Unique SQL Id": 1437012347}, "explain_analyze_plan": {"Plan": {"Node Type": "Sort", "Startup Cost": 1545365.8, "Total Cost": 1545435.14, "Plan Rows": 27736, "Plan Width": 52, "Actual Startup Time": 16613.189, "Actual Total Time": 16616.083, "Actual Rows": 27838, "Actual Loops": 1, "Sort Key": ["(count(DISTINCT partsupp.ps_suppkey)) DESC", "part.p_brand", "part.p_type", "part.p_size"], "Sort Method": "quicksort", "Sort Space Used": 5082, "Sort Space Type": "Memory", "Plans": [{"Node Type": "Aggregate", "Strategy": "Sorted", "Parent Relationship": "Outer", "Startup Cost": 1532358.96, "Total Cost": 1543318.96, "Plan Rows": 27736, "Plan Width": 52, "Actual Startup Time": 15699.419, "Actual Total Time": 16519.682, "Actual Rows": 27838, "Actual Loops": 1, "Group By Key": ["part.p_brand", "part.p_type", "part.p_size"], "Plans": [{"Node Type": "Sort", "Parent Relationship": "Outer", "Startup Cost": 1532358.96, "Total Cost": 1534495.49, "Plan Rows": 854611, "Plan Width": 44, "Actual Startup Time": 15699.201, "Actual Total Time": 15922.042, "Actual Rows": 1188666, "Actual Loops": 1, "Sort Key": ["part.p_brand", "part.p_type", "part.p_size"], "Sort Method": "quicksort", "Sort Space Used": 233373, "Sort Space Type": "Memory", "Plans": [{"Node Type": "Merge Join", "Parent Relationship": "Outer", "Join Type": "Anti", "Startup Cost": 1443885.39, "Total Cost": 1448158.8, "Plan Rows": 854611, "Plan Width": 44, "Actual Startup Time": 9861.117, "Actual Total Time": 10520.767, "Actual Rows": 1188666, "Actual Loops": 1, "Inner Unique": false, "Merge Cond": "(partsupp.ps_suppkey = supplier.s_suppkey)", "Plans": [{"Node Type": "Sort", "Parent Relationship": "Outer", "Startup Cost": 1440352.23, "Total Cost": 1442488.79, "Plan Rows": 854625, "Plan Width": 44, "Actual Startup Time": 9808.54, "Actual Total Time": 10147.13, "Actual Rows": 1189344, "Actual Loops": 1, "Sort Key": ["partsupp.ps_suppkey"], "Sort Method": "quicksort", "Sort Space Used": 233478, "Sort Space Type": "Memory", "Plans": [{"Node Type": "Merge Join", "Parent Relationship": "Outer", "Join Type": "Inner", "Startup Cost": 1306124.55, "Total Cost": 1356150.59, "Plan Rows": 854625, "Plan Width": 44, "Actual Startup Time": 6903.113, "Actual Total Time": 9320.876, "Actual Rows": 1189344, "Actual Loops": 1, "Inner Unique": false, "Merge Cond": "(part.p_partkey = partsupp.ps_partkey)", "Plans": [{"Node Type": "Sort", "Parent Relationship": "Outer", "Startup Cost": 118828.05, "Total Cost": 119567.66, "Plan Rows": 295844, "Plan Width": 44, "Actual Startup Time": 1465.983, "Actual Total Time": 1507.93, "Actual Rows": 297336, "Actual Loops": 1, "Sort Key": ["part.p_partkey"], "Sort Method": "quicksort", "Sort Space Used": 58370, "Sort Space Type": "Memory", "Plans": [{"Node Type": "Seq Scan", "Parent Relationship": "Outer", "Relation Name": "part", "Alias": "part", "Startup Cost": 0.0, "Total Cost": 91944.0, "Plan Rows": 295844, "Plan Width": 44, "Actual Startup Time": 0.035, "Actual Total Time": 1348.639, "Actual Rows": 297336, "Actual Loops": 1, "Filter": "((p_brand <> 'Brand#34'::bpchar) AND ((p_type)::text !~~ 'LARGE BRUSHED%'::text) AND (p_size = ANY ('{48,19,12,4,41,7,21,39}'::integer[]))), (LLVM Optimized, Jit Execute)", "Rows Removed by Filter": 1702664}]}, {"Node Type": "Sort", "Parent Relationship": "Inner", "Startup Cost": 1187295.8, "Total Cost": 1207296.73, "Plan Rows": 8000372, "Plan Width": 16, "Actual Startup Time": 5437.114, "Actual Total Time": 6421.114, "Actual Rows": 7999985, "Actual Loops": 1, "Sort Key": ["partsupp.ps_partkey"], "Sort Method": "quicksort", "Sort Space Used": 946609, "Sort Space Type": "Memory", "Plans": [{"Node Type": "Seq Scan", "Parent Relationship": "Outer", "Relation Name": "partsupp", "Alias": "partsupp", "Startup Cost": 0.0, "Total Cost": 269987.72, "Plan Rows": 8000372, "Plan Width": 16, "Actual Startup Time": 0.02, "Actual Total Time": 2648.399, "Actual Rows": 8000000, "Actual Loops": 1}]}]}]}, {"Node Type": "Sort", "Parent Relationship": "Inner", "Startup Cost": 3533.17, "Total Cost": 3533.19, "Plan Rows": 10, "Plan Width": 8, "Actual Startup Time": 52.563, "Actual Total Time": 52.585, "Actual Rows": 56, "Actual Loops": 1, "Sort Key": ["supplier.s_suppkey"], "Sort Method": "quicksort", "Sort Space Used": 28, "Sort Space Type": "Memory", "Plans": [{"Node Type": "Seq Scan", "Parent Relationship": "Outer", "Relation Name": "supplier", "Alias": "supplier", "Startup Cost": 0.0, "Total Cost": 3533.0, "Plan Rows": 10, "Plan Width": 8, "Actual Startup Time": 0.256, "Actual Total Time": 52.483, "Actual Rows": 56, "Actual Loops": 1, "Filter": "((s_comment)::text ~~ '%Customer%Complaints%'::text)", "Rows Removed by Filter": 99944}]}]}]}]}]}, "Triggers": [], "Planner Runtime": 1.167, "Total Runtime": 16627.736, "Unique SQL Id": 1437012347}}, "(1, 87)": {"explain_plan": {"Plan": {"Node Type": "Sort", "Startup Cost": 1000138301898.4, "Total Cost": 1000138301967.74, "Plan Rows": 27736, "Plan Width": 52, "Sort Key": ["(count(DISTINCT partsupp.ps_suppkey)) DESC", "part.p_brand", "part.p_type", "part.p_size"], "Plans": [{"Node Type": "Aggregate", "Strategy": "Sorted", "Parent Relationship": "Outer", "Startup Cost": 1000138288891.56, "Total Cost": 1000138299851.56, "Plan Rows": 27736, "Plan Width": 52, "Group By Key": ["part.p_brand", "part.p_type", "part.p_size"], "Plans": [{"Node Type": "Sort", "Parent Relationship": "Outer", "Startup Cost": 1000138288891.56, "Total Cost": 1000138291028.09, "Plan Rows": 854611, "Plan Width": 44, "Sort Key": ["part.p_brand", "part.p_type", "part.p_size"], "Plans": [{"Node Type": "Nested Loop", "Parent Relationship": "Outer", "Join Type": "Anti", "Startup Cost": 10000000000.52, "Total Cost": 1000138204691.41, "Plan Rows": 854611, "Plan Width": 44, "Inner Unique": false, "Plans": [{"Node Type": "Nested Loop", "Parent Relationship": "Outer", "Join Type": "Inner", "Startup Cost": 10000000000.26, "Total Cost": 1000134552934.61, "Plan Rows": 854625, "Plan Width": 44, "Inner Unique": true, "Plans": [{"Node Type": "Index Scan", "Parent Relationship": "Outer", "Scan Direction": "Forward", "Index Name": "idx_partsupp_suppkey", "Relation Name": "partsupp", "Alias": "partsupp", "Startup Cost": 10000000000.0, "Total Cost": 1000100160480.77, "Plan Rows": 8000372, "Plan Width": 16}, {"Node Type": "Bitmap Heap Scan", "Parent Relationship": "Inner", "Relation Name": "part", "Alias": "part", "Startup Cost": 0.26, "Total Cost": 4.29, "Plan Rows": 1, "Plan Width": 44, "Recheck Cond": "(p_partkey = partsupp.ps_partkey)", "Filter": "((p_brand <> 'Brand#34'::bpchar) AND ((p_type)::text !~~ 'LARGE BRUSHED%'::text) AND (p_size = ANY ('{48,19,12,4,41,7,21,39}'::integer[])))", "Plans": [{"Node Type": "Bitmap Index Scan", "Parent Relationship": "Outer", "Index Name": "part_kpey", "Startup Cost": 0.0, "Total Cost": 0.26, "Plan Rows": 1, "Plan Width": 0, "Index Cond": "(p_partkey = partsupp.ps_partkey)"}]}]}, {"Node Type": "Bitmap Heap Scan", "Parent Relationship": "Inner", "Relation Name": "supplier", "Alias": "supplier", "Startup Cost": 0.26, "Total Cost": 4.27, "Plan Rows": 1, "Plan Width": 8, "Recheck Cond": "(partsupp.ps_suppkey = s_suppkey)", "Filter": "((s_comment)::text ~~ '%Customer%Complaints%'::text)", "Plans": [{"Node Type": "Bitmap Index Scan", "Parent Relationship": "Outer", "Index Name": "supplier_pkey", "Startup Cost": 0.0, "Total Cost": 0.26, "Plan Rows": 1, "Plan Width": 0, "Index Cond": "(partsupp.ps_suppkey = s_suppkey)"}]}]}]}]}]}, "Unique SQL Id": 1437012347}, "explain_analyze_plan": null}, "(1, 88)": {"explain_plan": {"Plan": {"Node Type": "Sort", "Startup Cost": 538810.17, "Total Cost": 538879.51, "Plan Rows": 27736, "Plan Width": 52, "Sort Key": ["(count(DISTINCT partsupp.ps_suppkey)) DESC", "part.p_brand", "part.p_type", "part.p_size"], "Plans": [{"Node Type": "Aggregate", "Strategy": "Sorted", "Parent Relationship": "Outer", "Startup Cost": 525803.33, "Total Cost": 536763.33, "Plan Rows": 27736, "Plan Width": 52, "Group By Key": ["part.p_brand", "part.p_type", "part.p_size"], "Plans": [{"Node Type": "Sort", "Parent Relationship": "Outer", "Startup Cost": 525803.33, "Total Cost": 527939.86, "Plan Rows": 854611, "Plan Width": 44, "Sort Key": ["part.p_brand", "part.p_type", "part.p_size"], "Plans": [{"Node Type": "Merge Join", "Parent Relationship": "Outer", "Join Type": "Anti", "Startup Cost": 437329.76, "Total Cost": 441603.17, "Plan Rows": 854611, "Plan Width": 44, "Inner Unique": false, "Merge Cond": "(partsupp.ps_suppkey = supplier.s_suppkey)", "Plans": [{"Node Type": "Sort", "Parent Relationship": "Outer", "Startup Cost": 433796.6, "Total Cost": 435933.16, "Plan Rows": 854625, "Plan Width": 44, "Sort Key": ["partsupp.ps_suppkey"], "Plans": [{"Node Type": "Nested Loop", "Parent Relationship": "Outer", "Join Type": "Inner", "Startup Cost": 0.0, "Total Cost": 349594.96, "Plan Rows": 854625, "Plan Width": 44, "Inner Unique": false, "Plans": [{"Node Type": "Seq Scan", "Parent Relationship": "Outer", "Relation Name": "part", "Alias": "part", "Startup Cost": 0.0, "Total Cost": 91944.0, "Plan Rows": 295844, "Plan Width": 44, "Filter": "((p_brand <> 'Brand#34'::bpchar) AND ((p_type)::text !~~ 'LARGE BRUSHED%'::text) AND (p_size = ANY ('{48,19,12,4,41,7,21,39}'::integer[]))), (LLVM Optimized)"}, {"Node Type": "Index Only Scan", "Parent Relationship": "Inner", "Scan Direction": "Forward", "Index Name": "partsupp_pkey", "Relation Name": "partsupp", "Alias": "partsupp", "Startup Cost": 0.0, "Total Cost": 0.84, "Plan Rows": 3, "Plan Width": 16, "Index Cond": "(ps_partkey = part.p_partkey)"}]}]}, {"Node Type": "Sort", "Parent Relationship": "Inner", "Startup Cost": 3533.17, "Total Cost": 3533.19, "Plan Rows": 10, "Plan Width": 8, "Sort Key": ["supplier.s_suppkey"], "Plans": [{"Node Type": "Seq Scan", "Parent Relationship": "Outer", "Relation Name": "supplier", "Alias": "supplier", "Startup Cost": 0.0, "Total Cost": 3533.0, "Plan Rows": 10, "Plan Width": 8, "Filter": "((s_comment)::text ~~ '%Customer%Complaints%'::text)"}]}]}]}]}]}, "Unique SQL Id": 1437012347}, "explain_analyze_plan": {"Plan": {"Node Type": "Sort", "Startup Cost": 538810.17, "Total Cost": 538879.51, "Plan Rows": 27736, "Plan Width": 52, "Actual Startup Time": 9808.726, "Actual Total Time": 9811.644, "Actual Rows": 27838, "Actual Loops": 1, "Sort Key": ["(count(DISTINCT partsupp.ps_suppkey)) DESC", "part.p_brand", "part.p_type", "part.p_size"], "Sort Method": "quicksort", "Sort Space Used": 5082, "Sort Space Type": "Memory", "Plans": [{"Node Type": "Aggregate", "Strategy": "Sorted", "Parent Relationship": "Outer", "Startup Cost": 525803.33, "Total Cost": 536763.33, "Plan Rows": 27736, "Plan Width": 52, "Actual Startup Time": 8712.223, "Actual Total Time": 9711.732, "Actual Rows": 27838, "Actual Loops": 1, "Group By Key": ["part.p_brand", "part.p_type", "part.p_size"], "Plans": [{"Node Type": "Sort", "Parent Relationship": "Outer", "Startup Cost": 525803.33, "Total Cost": 527939.86, "Plan Rows": 854611, "Plan Width": 44, "Actual Startup Time": 8712.14, "Actual Total Time": 9111.556, "Actual Rows": 1188666, "Actual Loops": 1, "Sort Key": ["part.p_brand", "part.p_type", "part.p_size"], "Sort Method": "quicksort", "Sort Space Used": 233373, "Sort Space Type": "Memory", "Plans": [{"Node Type": "Merge Join", "Parent Relationship": "Outer", "Join Type": "Anti", "Startup Cost": 437329.76, "Total Cost": 441603.17, "Plan Rows": 854611, "Plan Width": 44, "Actual Startup Time": 3237.241, "Actual Total Time": 3857.933, "Actual Rows": 1188666, "Actual Loops": 1, "Inner Unique": false, "Merge Cond": "(partsupp.ps_suppkey = supplier.s_suppkey)", "Plans": [{"Node Type": "Sort", "Parent Relationship": "Outer", "Startup Cost": 433796.6, "Total Cost": 435933.16, "Plan Rows": 854625, "Plan Width": 44, "Actual Startup Time": 3181.142, "Actual Total Time": 3486.523, "Actual Rows": 1189344, "Actual Loops": 1, "Sort Key": ["partsupp.ps_suppkey"], "Sort Method": "quicksort", "Sort Space Used": 233478, "Sort Space Type": "Memory", "Plans": [{"Node Type": "Nested Loop", "Parent Relationship": "Outer", "Join Type": "Inner", "Startup Cost": 0.0, "Total Cost": 349594.96, "Plan Rows": 854625, "Plan Width": 44, "Actual Startup Time": 0.058, "Actual Total Time": 2670.229, "Actual Rows": 1189344, "Actual Loops": 1, "Inner Unique": false, "Plans": [{"Node Type": "Seq Scan", "Parent Relationship": "Outer", "Relation Name": "part", "Alias": "part", "Startup Cost": 0.0, "Total Cost": 91944.0, "Plan Rows": 295844, "Plan Width": 44, "Actual Startup Time": 0.035, "Actual Total Time": 1183.494, "Actual Rows": 297336, "Actual Loops": 1, "Filter": "((p_brand <> 'Brand#34'::bpchar) AND ((p_type)::text !~~ 'LARGE BRUSHED%'::text) AND (p_size = ANY ('{48,19,12,4,41,7,21,39}'::integer[]))), (LLVM Optimized, Jit Execute)", "Rows Removed by Filter": 1702664}, {"Node Type": "Index Only Scan", "Parent Relationship": "Inner", "Scan Direction": "Forward", "Index Name": "partsupp_pkey", "Relation Name": "partsupp", "Alias": "partsupp", "Startup Cost": 0.0, "Total Cost": 0.84, "Plan Rows": 3, "Plan Width": 16, "Actual Startup Time": 862.108, "Actual Total Time": 1075.711, "Actual Rows": 1189344, "Actual Loops": 297336, "Index Cond": "(ps_partkey = part.p_partkey)", "Rows Removed by Index Recheck": 0, "Heap Fetches": 0}]}]}, {"Node Type": "Sort", "Parent Relationship": "Inner", "Startup Cost": 3533.17, "Total Cost": 3533.19, "Plan Rows": 10, "Plan Width": 8, "Actual Startup Time": 56.087, "Actual Total Time": 56.101, "Actual Rows": 56, "Actual Loops": 1, "Sort Key": ["supplier.s_suppkey"], "Sort Method": "quicksort", "Sort Space Used": 28, "Sort Space Type": "Memory", "Plans": [{"Node Type": "Seq Scan", "Parent Relationship": "Outer", "Relation Name": "supplier", "Alias": "supplier", "Startup Cost": 0.0, "Total Cost": 3533.0, "Plan Rows": 10, "Plan Width": 8, "Actual Startup Time": 0.298, "Actual Total Time": 55.929, "Actual Rows": 56, "Actual Loops": 1, "Filter": "((s_comment)::text ~~ '%Customer%Complaints%'::text)", "Rows Removed by Filter": 99944}]}]}]}]}]}, "Triggers": [], "Planner Runtime": 1.207, "Total Runtime": 9823.385, "Unique SQL Id": 1437012347}}, "(1, 89)": {"explain_plan": {"Plan": {"Node Type": "Sort", "Startup Cost": 579720.8, "Total Cost": 579790.14, "Plan Rows": 27736, "Plan Width": 52, "Sort Key": ["(count(DISTINCT partsupp.ps_suppkey)) DESC", "part.p_brand", "part.p_type", "part.p_size"], "Plans": [{"Node Type": "Aggregate", "Strategy": "Sorted", "Parent Relationship": "Outer", "Startup Cost": 566713.96, "Total Cost": 577673.96, "Plan Rows": 27736, "Plan Width": 52, "Group By Key": ["part.p_brand", "part.p_type", "part.p_size"], "Plans": [{"Node Type": "Sort", "Parent Relationship": "Outer", "Startup Cost": 566713.96, "Total Cost": 568850.49, "Plan Rows": 854611, "Plan Width": 44, "Sort Key": ["part.p_brand", "part.p_type", "part.p_size"], "Plans": [{"Node Type": "Merge Join", "Parent Relationship": "Outer", "Join Type": "Anti", "Startup Cost": 472655.85, "Total Cost": 482513.8, "Plan Rows": 854611, "Plan Width": 44, "Inner Unique": false, "Merge Cond": "(partsupp.ps_suppkey = supplier.s_suppkey)", "Plans": [{"Node Type": "Sort", "Parent Relationship": "Outer", "Startup Cost": 472655.85, "Total Cost": 474792.41, "Plan Rows": 854625, "Plan Width": 44, "Sort Key": ["partsupp.ps_suppkey"], "Plans": [{"Node Type": "Nested Loop", "Parent Relationship": "Outer", "Join Type": "Inner", "Startup Cost": 0.0, "Total Cost": 388454.21, "Plan Rows": 854625, "Plan Width": 44, "Inner Unique": false, "Plans": [{"Node Type": "Index Scan", "Parent Relationship": "Outer", "Scan Direction": "Forward", "Index Name": "part_kpey", "Relation Name": "part", "Alias": "part", "Startup Cost": 0.0, "Total Cost": 130803.25, "Plan Rows": 295844, "Plan Width": 44, "Filter": "((p_brand <> 'Brand#34'::bpchar) AND ((p_type)::text !~~ 'LARGE BRUSHED%'::text) AND (p_size = ANY ('{48,19,12,4,41,7,21,39}'::integer[]))), (LLVM Optimized)"}, {"Node Type": "Index Only Scan", "Parent Relationship": "Inner", "Scan Direction": "Forward", "Index Name": "partsupp_pkey", "Relation Name": "partsupp", "Alias": "partsupp", "Startup Cost": 0.0, "Total Cost": 0.84, "Plan Rows": 3, "Plan Width": 16, "Index Cond": "(ps_partkey = part.p_partkey)"}]}]}, {"Node Type": "Materialize", "Parent Relationship": "Inner", "Startup Cost": 0.0, "Total Cost": 5584.57, "Plan Rows": 10, "Plan Width": 8, "Plans": [{"Node Type": "Index Scan", "Parent Relationship": "Outer", "Scan Direction": "Forward", "Index Name": "supplier_pkey", "Relation Name": "supplier", "Alias": "supplier", "Startup Cost": 0.0, "Total Cost": 5584.54, "Plan Rows": 10, "Plan Width": 8, "Filter": "((s_comment)::text ~~ '%Customer%Complaints%'::text)"}]}]}]}]}]}, "Unique SQL Id": 1437012347}, "explain_analyze_plan": {"Plan": {"Node Type": "Sort", "Startup Cost": 579720.8, "Total Cost": 579790.14, "Plan Rows": 27736, "Plan Width": 52, "Actual Startup Time": 10124.492, "Actual Total Time": 10127.4, "Actual Rows": 27838, "Actual Loops": 1, "Sort Key": ["(count(DISTINCT partsupp.ps_suppkey)) DESC", "part.p_brand", "part.p_type", "part.p_size"], "Sort Method": "quicksort", "Sort Space Used": 5082, "Sort Space Type": "Memory", "Plans": [{"Node Type": "Aggregate", "Strategy": "Sorted", "Parent Relationship": "Outer", "Startup Cost": 566713.96, "Total Cost": 577673.96, "Plan Rows": 27736, "Plan Width": 52, "Actual Startup Time": 9212.765, "Actual Total Time": 10031.455, "Actual Rows": 27838, "Actual Loops": 1, "Group By Key": ["part.p_brand", "part.p_type", "part.p_size"], "Plans": [{"Node Type": "Sort", "Parent Relationship": "Outer", "Startup Cost": 566713.96, "Total Cost": 568850.49, "Plan Rows": 854611, "Plan Width": 44, "Actual Startup Time": 9212.663, "Actual Total Time": 9434.446, "Actual Rows": 1188666, "Actual Loops": 1, "Sort Key": ["part.p_brand", "part.p_type", "part.p_size"], "Sort Method": "quicksort", "Sort Space Used": 233373, "Sort Space Type": "Memory", "Plans": [{"Node Type": "Merge Join", "Parent Relationship": "Outer", "Join Type": "Anti", "Startup Cost": 472655.85, "Total Cost": 482513.8, "Plan Rows": 854611, "Plan Width": 44, "Actual Startup Time": 3974.217, "Actual Total Time": 4566.554, "Actual Rows": 1188666, "Actual Loops": 1, "Inner Unique": false, "Merge Cond": "(partsupp.ps_suppkey = supplier.s_suppkey)", "Plans": [{"Node Type": "Sort", "Parent Relationship": "Outer", "Startup Cost": 472655.85, "Total Cost": 474792.41, "Plan Rows": 854625, "Plan Width": 44, "Actual Startup Time": 3973.83, "Actual Total Time": 4173.815, "Actual Rows": 1189344, "Actual Loops": 1, "Sort Key": ["partsupp.ps_suppkey"], "Sort Method": "quicksort", "Sort Space Used": 233478, "Sort Space Type": "Memory", "Plans": [{"Node Type": "Nested Loop", "Parent Relationship": "Outer", "Join Type": "Inner", "Startup Cost": 0.0, "Total Cost": 388454.21, "Plan Rows": 854625, "Plan Width": 44, "Actual Startup Time": 0.065, "Actual Total Time": 3468.37, "Actual Rows": 1189344, "Actual Loops": 1, "Inner Unique": false, "Plans": [{"Node Type": "Index Scan", "Parent Relationship": "Outer", "Scan Direction": "Forward", "Index Name": "part_kpey", "Relation Name": "part", "Alias": "part", "Startup Cost": 0.0, "Total Cost": 130803.25, "Plan Rows": 295844, "Plan Width": 44, "Actual Startup Time": 0.046, "Actual Total Time": 1970.226, "Actual Rows": 297336, "Actual Loops": 1, "Filter": "((p_brand <> 'Brand#34'::bpchar) AND ((p_type)::text !~~ 'LARGE BRUSHED%'::text) AND (p_size = ANY ('{48,19,12,4,41,7,21,39}'::integer[]))), (LLVM Optimized, Jit Execute)", "Rows Removed by Filter": 1702664}, {"Node Type": "Index Only Scan", "Parent Relationship": "Inner", "Scan Direction": "Forward", "Index Name": "partsupp_pkey", "Relation Name": "partsupp", "Alias": "partsupp", "Startup Cost": 0.0, "Total Cost": 0.84, "Plan Rows": 3, "Plan Width": 16, "Actual Startup Time": 872.97, "Actual Total Time": 1090.023, "Actual Rows": 1189344, "Actual Loops": 297336, "Index Cond": "(ps_partkey = part.p_partkey)", "Rows Removed by Index Recheck": 0, "Heap Fetches": 0}]}]}, {"Node Type": "Materialize", "Parent Relationship": "Inner", "Startup Cost": 0.0, "Total Cost": 5584.57, "Plan Rows": 10, "Plan Width": 8, "Actual Startup Time": 0.375, "Actual Total Time": 77.548, "Actual Rows": 56, "Actual Loops": 1, "Plans": [{"Node Type": "Index Scan", "Parent Relationship": "Outer", "Scan Direction": "Forward", "Index Name": "supplier_pkey", "Relation Name": "supplier", "Alias": "supplier", "Startup Cost": 0.0, "Total Cost": 5584.54, "Plan Rows": 10, "Plan Width": 8, "Actual Startup Time": 0.372, "Actual Total Time": 77.516, "Actual Rows": 56, "Actual Loops": 1, "Filter": "((s_comment)::text ~~ '%Customer%Complaints%'::text)", "Rows Removed by Filter": 99944}]}]}]}]}]}, "Triggers": [], "Planner Runtime": 1.221, "Total Runtime": 10139.135, "Unique SQL Id": 1437012347}}, "(1, 90)": {"explain_plan": {"Plan": {"Node Type": "Sort", "Startup Cost": 1545365.8, "Total Cost": 1545435.14, "Plan Rows": 27736, "Plan Width": 52, "Sort Key": ["(count(DISTINCT partsupp.ps_suppkey)) DESC", "part.p_brand", "part.p_type", "part.p_size"], "Plans": [{"Node Type": "Aggregate", "Strategy": "Sorted", "Parent Relationship": "Outer", "Startup Cost": 1532358.96, "Total Cost": 1543318.96, "Plan Rows": 27736, "Plan Width": 52, "Group By Key": ["part.p_brand", "part.p_type", "part.p_size"], "Plans": [{"Node Type": "Sort", "Parent Relationship": "Outer", "Startup Cost": 1532358.96, "Total Cost": 1534495.49, "Plan Rows": 854611, "Plan Width": 44, "Sort Key": ["part.p_brand", "part.p_type", "part.p_size"], "Plans": [{"Node Type": "Merge Join", "Parent Relationship": "Outer", "Join Type": "Anti", "Startup Cost": 1443885.39, "Total Cost": 1448158.8, "Plan Rows": 854611, "Plan Width": 44, "Inner Unique": false, "Merge Cond": "(partsupp.ps_suppkey = supplier.s_suppkey)", "Plans": [{"Node Type": "Sort", "Parent Relationship": "Outer", "Startup Cost": 1440352.23, "Total Cost": 1442488.79, "Plan Rows": 854625, "Plan Width": 44, "Sort Key": ["partsupp.ps_suppkey"], "Plans": [{"Node Type": "Merge Join", "Parent Relationship": "Outer", "Join Type": "Inner", "Startup Cost": 1306124.55, "Total Cost": 1356150.59, "Plan Rows": 854625, "Plan Width": 44, "Inner Unique": false, "Merge Cond": "(part.p_partkey = partsupp.ps_partkey)", "Plans": [{"Node Type": "Sort", "Parent Relationship": "Outer", "Startup Cost": 118828.05, "Total Cost": 119567.66, "Plan Rows": 295844, "Plan Width": 44, "Sort Key": ["part.p_partkey"], "Plans": [{"Node Type": "Seq Scan", "Parent Relationship": "Outer", "Relation Name": "part", "Alias": "part", "Startup Cost": 0.0, "Total Cost": 91944.0, "Plan Rows": 295844, "Plan Width": 44, "Filter": "((p_brand <> 'Brand#34'::bpchar) AND ((p_type)::text !~~ 'LARGE BRUSHED%'::text) AND (p_size = ANY ('{48,19,12,4,41,7,21,39}'::integer[]))), (LLVM Optimized)"}]}, {"Node Type": "Sort", "Parent Relationship": "Inner", "Startup Cost": 1187295.8, "Total Cost": 1207296.73, "Plan Rows": 8000372, "Plan Width": 16, "Sort Key": ["partsupp.ps_partkey"], "Plans": [{"Node Type": "Seq Scan", "Parent Relationship": "Outer", "Relation Name": "partsupp", "Alias": "partsupp", "Startup Cost": 0.0, "Total Cost": 269987.72, "Plan Rows": 8000372, "Plan Width": 16}]}]}]}, {"Node Type": "Sort", "Parent Relationship": "Inner", "Startup Cost": 3533.17, "Total Cost": 3533.19, "Plan Rows": 10, "Plan Width": 8, "Sort Key": ["supplier.s_suppkey"], "Plans": [{"Node Type": "Seq Scan", "Parent Relationship": "Outer", "Relation Name": "supplier", "Alias": "supplier", "Startup Cost": 0.0, "Total Cost": 3533.0, "Plan Rows": 10, "Plan Width": 8, "Filter": "((s_comment)::text ~~ '%Customer%Complaints%'::text)"}]}]}]}]}]}, "Unique SQL Id": 1437012347}, "explain_analyze_plan": {"Plan": {"Node Type": "Sort", "Startup Cost": 1545365.8, "Total Cost": 1545435.14, "Plan Rows": 27736, "Plan Width": 52, "Actual Startup Time": 16613.189, "Actual Total Time": 16616.083, "Actual Rows": 27838, "Actual Loops": 1, "Sort Key": ["(count(DISTINCT partsupp.ps_suppkey)) DESC", "part.p_brand", "part.p_type", "part.p_size"], "Sort Method": "quicksort", "Sort Space Used": 5082, "Sort Space Type": "Memory", "Plans": [{"Node Type": "Aggregate", "Strategy": "Sorted", "Parent Relationship": "Outer", "Startup Cost": 1532358.96, "Total Cost": 1543318.96, "Plan Rows": 27736, "Plan Width": 52, "Actual Startup Time": 15699.419, "Actual Total Time": 16519.682, "Actual Rows": 27838, "Actual Loops": 1, "Group By Key": ["part.p_brand", "part.p_type", "part.p_size"], "Plans": [{"Node Type": "Sort", "Parent Relationship": "Outer", "Startup Cost": 1532358.96, "Total Cost": 1534495.49, "Plan Rows": 854611, "Plan Width": 44, "Actual Startup Time": 15699.201, "Actual Total Time": 15922.042, "Actual Rows": 1188666, "Actual Loops": 1, "Sort Key": ["part.p_brand", "part.p_type", "part.p_size"], "Sort Method": "quicksort", "Sort Space Used": 233373, "Sort Space Type": "Memory", "Plans": [{"Node Type": "Merge Join", "Parent Relationship": "Outer", "Join Type": "Anti", "Startup Cost": 1443885.39, "Total Cost": 1448158.8, "Plan Rows": 854611, "Plan Width": 44, "Actual Startup Time": 9861.117, "Actual Total Time": 10520.767, "Actual Rows": 1188666, "Actual Loops": 1, "Inner Unique": false, "Merge Cond": "(partsupp.ps_suppkey = supplier.s_suppkey)", "Plans": [{"Node Type": "Sort", "Parent Relationship": "Outer", "Startup Cost": 1440352.23, "Total Cost": 1442488.79, "Plan Rows": 854625, "Plan Width": 44, "Actual Startup Time": 9808.54, "Actual Total Time": 10147.13, "Actual Rows": 1189344, "Actual Loops": 1, "Sort Key": ["partsupp.ps_suppkey"], "Sort Method": "quicksort", "Sort Space Used": 233478, "Sort Space Type": "Memory", "Plans": [{"Node Type": "Merge Join", "Parent Relationship": "Outer", "Join Type": "Inner", "Startup Cost": 1306124.55, "Total Cost": 1356150.59, "Plan Rows": 854625, "Plan Width": 44, "Actual Startup Time": 6903.113, "Actual Total Time": 9320.876, "Actual Rows": 1189344, "Actual Loops": 1, "Inner Unique": false, "Merge Cond": "(part.p_partkey = partsupp.ps_partkey)", "Plans": [{"Node Type": "Sort", "Parent Relationship": "Outer", "Startup Cost": 118828.05, "Total Cost": 119567.66, "Plan Rows": 295844, "Plan Width": 44, "Actual Startup Time": 1465.983, "Actual Total Time": 1507.93, "Actual Rows": 297336, "Actual Loops": 1, "Sort Key": ["part.p_partkey"], "Sort Method": "quicksort", "Sort Space Used": 58370, "Sort Space Type": "Memory", "Plans": [{"Node Type": "Seq Scan", "Parent Relationship": "Outer", "Relation Name": "part", "Alias": "part", "Startup Cost": 0.0, "Total Cost": 91944.0, "Plan Rows": 295844, "Plan Width": 44, "Actual Startup Time": 0.035, "Actual Total Time": 1348.639, "Actual Rows": 297336, "Actual Loops": 1, "Filter": "((p_brand <> 'Brand#34'::bpchar) AND ((p_type)::text !~~ 'LARGE BRUSHED%'::text) AND (p_size = ANY ('{48,19,12,4,41,7,21,39}'::integer[]))), (LLVM Optimized, Jit Execute)", "Rows Removed by Filter": 1702664}]}, {"Node Type": "Sort", "Parent Relationship": "Inner", "Startup Cost": 1187295.8, "Total Cost": 1207296.73, "Plan Rows": 8000372, "Plan Width": 16, "Actual Startup Time": 5437.114, "Actual Total Time": 6421.114, "Actual Rows": 7999985, "Actual Loops": 1, "Sort Key": ["partsupp.ps_partkey"], "Sort Method": "quicksort", "Sort Space Used": 946609, "Sort Space Type": "Memory", "Plans": [{"Node Type": "Seq Scan", "Parent Relationship": "Outer", "Relation Name": "partsupp", "Alias": "partsupp", "Startup Cost": 0.0, "Total Cost": 269987.72, "Plan Rows": 8000372, "Plan Width": 16, "Actual Startup Time": 0.02, "Actual Total Time": 2648.399, "Actual Rows": 8000000, "Actual Loops": 1}]}]}]}, {"Node Type": "Sort", "Parent Relationship": "Inner", "Startup Cost": 3533.17, "Total Cost": 3533.19, "Plan Rows": 10, "Plan Width": 8, "Actual Startup Time": 52.563, "Actual Total Time": 52.585, "Actual Rows": 56, "Actual Loops": 1, "Sort Key": ["supplier.s_suppkey"], "Sort Method": "quicksort", "Sort Space Used": 28, "Sort Space Type": "Memory", "Plans": [{"Node Type": "Seq Scan", "Parent Relationship": "Outer", "Relation Name": "supplier", "Alias": "supplier", "Startup Cost": 0.0, "Total Cost": 3533.0, "Plan Rows": 10, "Plan Width": 8, "Actual Startup Time": 0.256, "Actual Total Time": 52.483, "Actual Rows": 56, "Actual Loops": 1, "Filter": "((s_comment)::text ~~ '%Customer%Complaints%'::text)", "Rows Removed by Filter": 99944}]}]}]}]}]}, "Triggers": [], "Planner Runtime": 1.167, "Total Runtime": 16627.736, "Unique SQL Id": 1437012347}}, "(1, 91)": {"explain_plan": {"Plan": {"Node Type": "Sort", "Startup Cost": 3000026958501.25, "Total Cost": 3000026958570.59, "Plan Rows": 27736, "Plan Width": 52, "Sort Key": ["(count(DISTINCT partsupp.ps_suppkey)) DESC", "part.p_brand", "part.p_type", "part.p_size"], "Plans": [{"Node Type": "Aggregate", "Strategy": "Sorted", "Parent Relationship": "Outer", "Startup Cost": 3000026945494.4, "Total Cost": 3000026956454.4, "Plan Rows": 27736, "Plan Width": 52, "Group By Key": ["part.p_brand", "part.p_type", "part.p_size"], "Plans": [{"Node Type": "Sort", "Parent Relationship": "Outer", "Startup Cost": 3000026945494.4, "Total Cost": 3000026947630.93, "Plan Rows": 854611, "Plan Width": 44, "Sort Key": ["part.p_brand", "part.p_type", "part.p_size"], "Plans": [{"Node Type": "Merge Join", "Parent Relationship": "Outer", "Join Type": "Anti", "Startup Cost": 2010026298566.46, "Total Cost": 3000026861294.25, "Plan Rows": 854611, "Plan Width": 44, "Inner Unique": false, "Merge Cond": "(partsupp.ps_suppkey = supplier.s_suppkey)", "Plans": [{"Node Type": "Sort", "Parent Relationship": "Outer", "Startup Cost": 2000026298566.46, "Total Cost": 2000026300703.02, "Plan Rows": 854625, "Plan Width": 44, "Sort Key": ["partsupp.ps_suppkey"], "Plans": [{"Node Type": "Merge Join", "Parent Relationship": "Outer", "Join Type": "Inner", "Startup Cost": 20017324679.62, "Total Cost": 2000026214364.82, "Plan Rows": 854625, "Plan Width": 44, "Inner Unique": false, "Merge Cond": "(part.p_partkey = partsupp.ps_partkey)", "Plans": [{"Node Type": "Index Scan", "Parent Relationship": "Outer", "Scan Direction": "Forward", "Index Name": "part_kpey", "Relation Name": "part", "Alias": "part", "Startup Cost": 10000000000.0, "Total Cost": 1000013080325.0, "Plan Rows": 295844, "Plan Width": 44, "Filter": "((p_brand <> 'Brand#34'::bpchar) AND ((p_type)::text !~~ 'LARGE BRUSHED%'::text) AND (p_size = ANY ('{48,19,12,4,41,7,21,39}'::integer[]))), (LLVM Optimized)"}, {"Node Type": "Index Only Scan", "Parent Relationship": "Inner", "Scan Direction": "Forward", "Index Name": "partsupp_pkey", "Relation Name": "partsupp", "Alias": "partsupp", "Startup Cost": 10000000000.0, "Total Cost": 1000027706983.0, "Plan Rows": 8000372, "Plan Width": 16}]}]}, {"Node Type": "Materialize", "Parent Relationship": "Inner", "Startup Cost": 10000000000.0, "Total Cost": 1000000558454.4, "Plan Rows": 10, "Plan Width": 8, "Plans": [{"Node Type": "Index Scan", "Parent Relationship": "Outer", "Scan Direction": "Forward", "Index Name": "supplier_pkey", "Relation Name": "supplier", "Alias": "supplier", "Startup Cost": 10000000000.0, "Total Cost": 1000000558454.38, "Plan Rows": 10, "Plan Width": 8, "Filter": "((s_comment)::text ~~ '%Customer%Complaints%'::text)"}]}]}]}]}]}, "Unique SQL Id": 1437012347}, "explain_analyze_plan": {"Plan": {"Node Type": "Sort", "Startup Cost": 3000026958501.25, "Total Cost": 3000026958570.59, "Plan Rows": 27736, "Plan Width": 52, "Actual Startup Time": 11911.736, "Actual Total Time": 11914.723, "Actual Rows": 27838, "Actual Loops": 1, "Sort Key": ["(count(DISTINCT partsupp.ps_suppkey)) DESC", "part.p_brand", "part.p_type", "part.p_size"], "Sort Method": "quicksort", "Sort Space Used": 5082, "Sort Space Type": "Memory", "Plans": [{"Node Type": "Aggregate", "Strategy": "Sorted", "Parent Relationship": "Outer", "Startup Cost": 3000026945494.4, "Total Cost": 3000026956454.4, "Plan Rows": 27736, "Plan Width": 52, "Actual Startup Time": 10987.667, "Actual Total Time": 11818.092, "Actual Rows": 27838, "Actual Loops": 1, "Group By Key": ["part.p_brand", "part.p_type", "part.p_size"], "Plans": [{"Node Type": "Sort", "Parent Relationship": "Outer", "Startup Cost": 3000026945494.4, "Total Cost": 3000026947630.93, "Plan Rows": 854611, "Plan Width": 44, "Actual Startup Time": 10987.567, "Actual Total Time": 11221.878, "Actual Rows": 1188666, "Actual Loops": 1, "Sort Key": ["part.p_brand", "part.p_type", "part.p_size"], "Sort Method": "quicksort", "Sort Space Used": 233373, "Sort Space Type": "Memory", "Plans": [{"Node Type": "Merge Join", "Parent Relationship": "Outer", "Join Type": "Anti", "Startup Cost": 2010026298566.46, "Total Cost": 3000026861294.25, "Plan Rows": 854611, "Plan Width": 44, "Actual Startup Time": 5427.703, "Actual Total Time": 6227.719, "Actual Rows": 1188666, "Actual Loops": 1, "Inner Unique": false, "Merge Cond": "(partsupp.ps_suppkey = supplier.s_suppkey)", "Plans": [{"Node Type": "Sort", "Parent Relationship": "Outer", "Startup Cost": 2000026298566.46, "Total Cost": 2000026300703.02, "Plan Rows": 854625, "Plan Width": 44, "Actual Startup Time": 5427.258, "Actual Total Time": 5809.972, "Actual Rows": 1189344, "Actual Loops": 1, "Sort Key": ["partsupp.ps_suppkey"], "Sort Method": "quicksort", "Sort Space Used": 233478, "Sort Space Type": "Memory", "Plans": [{"Node Type": "Merge Join", "Parent Relationship": "Outer", "Join Type": "Inner", "Startup Cost": 20017324679.62, "Total Cost": 2000026214364.82, "Plan Rows": 854625, "Plan Width": 44, "Actual Startup Time": 0.073, "Actual Total Time": 4918.993, "Actual Rows": 1189344, "Actual Loops": 1, "Inner Unique": false, "Merge Cond": "(part.p_partkey = partsupp.ps_partkey)", "Plans": [{"Node Type": "Index Scan", "Parent Relationship": "Outer", "Scan Direction": "Forward", "Index Name": "part_kpey", "Relation Name": "part", "Alias": "part", "Startup Cost": 10000000000.0, "Total Cost": 1000013080325.0, "Plan Rows": 295844, "Plan Width": 44, "Actual Startup Time": 0.043, "Actual Total Time": 1731.951, "Actual Rows": 297336, "Actual Loops": 1, "Filter": "((p_brand <> 'Brand#34'::bpchar) AND ((p_type)::text !~~ 'LARGE BRUSHED%'::text) AND (p_size = ANY ('{48,19,12,4,41,7,21,39}'::integer[]))), (LLVM Optimized, Jit Execute)", "Rows Removed by Filter": 1702664}, {"Node Type": "Index Only Scan", "Parent Relationship": "Inner", "Scan Direction": "Forward", "Index Name": "partsupp_pkey", "Relation Name": "partsupp", "Alias": "partsupp", "Startup Cost": 10000000000.0, "Total Cost": 1000027706983.0, "Plan Rows": 8000372, "Plan Width": 16, "Actual Startup Time": 0.023, "Actual Total Time": 1890.332, "Actual Rows": 7999985, "Actual Loops": 1, "Heap Fetches": 0}]}]}, {"Node Type": "Materialize", "Parent Relationship": "Inner", "Startup Cost": 10000000000.0, "Total Cost": 1000000558454.4, "Plan Rows": 10, "Plan Width": 8, "Actual Startup Time": 0.435, "Actual Total Time": 99.025, "Actual Rows": 56, "Actual Loops": 1, "Plans": [{"Node Type": "Index Scan", "Parent Relationship": "Outer", "Scan Direction": "Forward", "Index Name": "supplier_pkey", "Relation Name": "supplier", "Alias": "supplier", "Startup Cost": 10000000000.0, "Total Cost": 1000000558454.38, "Plan Rows": 10, "Plan Width": 8, "Actual Startup Time": 0.433, "Actual Total Time": 98.996, "Actual Rows": 56, "Actual Loops": 1, "Filter": "((s_comment)::text ~~ '%Customer%Complaints%'::text)", "Rows Removed by Filter": 99944}]}]}]}]}]}, "Triggers": [], "Planner Runtime": 1.119, "Total Runtime": 11926.181, "Unique SQL Id": 1437012347}}, "(1, 92)": {"explain_plan": {"Plan": {"Node Type": "Sort", "Startup Cost": 772341.94, "Total Cost": 772411.28, "Plan Rows": 27736, "Plan Width": 52, "Sort Key": ["(count(DISTINCT partsupp.ps_suppkey)) DESC", "part.p_brand", "part.p_type", "part.p_size"], "Plans": [{"Node Type": "Aggregate", "Strategy": "Sorted", "Parent Relationship": "Outer", "Startup Cost": 759335.1, "Total Cost": 770295.1, "Plan Rows": 27736, "Plan Width": 52, "Group By Key": ["part.p_brand", "part.p_type", "part.p_size"], "Plans": [{"Node Type": "Sort", "Parent Relationship": "Outer", "Startup Cost": 759335.1, "Total Cost": 761471.63, "Plan Rows": 854611, "Plan Width": 44, "Sort Key": ["part.p_brand", "part.p_type", "part.p_size"], "Plans": [{"Node Type": "Merge Join", "Parent Relationship": "Outer", "Join Type": "Anti", "Startup Cost": 670861.53, "Total Cost": 675134.94, "Plan Rows": 854611, "Plan Width": 44, "Inner Unique": false, "Merge Cond": "(partsupp.ps_suppkey = supplier.s_suppkey)", "Plans": [{"Node Type": "Sort", "Parent Relationship": "Outer", "Startup Cost": 667328.37, "Total Cost": 669464.93, "Plan Rows": 854625, "Plan Width": 44, "Sort Key": ["partsupp.ps_suppkey"], "Plans": [{"Node Type": "Merge Join", "Parent Relationship": "Outer", "Join Type": "Inner", "Startup Cost": 118835.95, "Total Cost": 583126.73, "Plan Rows": 854625, "Plan Width": 44, "Inner Unique": true, "Merge Cond": "(partsupp.ps_partkey = part.p_partkey)", "Plans": [{"Node Type": "Index Scan", "Parent Relationship": "Outer", "Scan Direction": "Forward", "Index Name": "idx_partsupp_partkey", "Relation Name": "partsupp", "Alias": "partsupp", "Startup Cost": 0.0, "Total Cost": 431485.03, "Plan Rows": 8000372, "Plan Width": 16}, {"Node Type": "Sort", "Parent Relationship": "Inner", "Startup Cost": 118828.05, "Total Cost": 119567.66, "Plan Rows": 295844, "Plan Width": 44, "Sort Key": ["part.p_partkey"], "Plans": [{"Node Type": "Seq Scan", "Parent Relationship": "Outer", "Relation Name": "part", "Alias": "part", "Startup Cost": 0.0, "Total Cost": 91944.0, "Plan Rows": 295844, "Plan Width": 44, "Filter": "((p_brand <> 'Brand#34'::bpchar) AND ((p_type)::text !~~ 'LARGE BRUSHED%'::text) AND (p_size = ANY ('{48,19,12,4,41,7,21,39}'::integer[]))), (LLVM Optimized)"}]}]}]}, {"Node Type": "Sort", "Parent Relationship": "Inner", "Startup Cost": 3533.17, "Total Cost": 3533.19, "Plan Rows": 10, "Plan Width": 8, "Sort Key": ["supplier.s_suppkey"], "Plans": [{"Node Type": "Seq Scan", "Parent Relationship": "Outer", "Relation Name": "supplier", "Alias": "supplier", "Startup Cost": 0.0, "Total Cost": 3533.0, "Plan Rows": 10, "Plan Width": 8, "Filter": "((s_comment)::text ~~ '%Customer%Complaints%'::text)"}]}]}]}]}]}, "Unique SQL Id": 1437012347}, "explain_analyze_plan": {"Plan": {"Node Type": "Sort", "Startup Cost": 772341.94, "Total Cost": 772411.28, "Plan Rows": 27736, "Plan Width": 52, "Actual Startup Time": 14110.602, "Actual Total Time": 14113.638, "Actual Rows": 27838, "Actual Loops": 1, "Sort Key": ["(count(DISTINCT partsupp.ps_suppkey)) DESC", "part.p_brand", "part.p_type", "part.p_size"], "Sort Method": "quicksort", "Sort Space Used": 5082, "Sort Space Type": "Memory", "Plans": [{"Node Type": "Aggregate", "Strategy": "Sorted", "Parent Relationship": "Outer", "Startup Cost": 759335.1, "Total Cost": 770295.1, "Plan Rows": 27736, "Plan Width": 52, "Actual Startup Time": 13116.146, "Actual Total Time": 14016.171, "Actual Rows": 27838, "Actual Loops": 1, "Group By Key": ["part.p_brand", "part.p_type", "part.p_size"], "Plans": [{"Node Type": "Sort", "Parent Relationship": "Outer", "Startup Cost": 759335.1, "Total Cost": 761471.63, "Plan Rows": 854611, "Plan Width": 44, "Actual Startup Time": 13116.037, "Actual Total Time": 13417.21, "Actual Rows": 1188666, "Actual Loops": 1, "Sort Key": ["part.p_brand", "part.p_type", "part.p_size"], "Sort Method": "quicksort", "Sort Space Used": 233373, "Sort Space Type": "Memory", "Plans": [{"Node Type": "Merge Join", "Parent Relationship": "Outer", "Join Type": "Anti", "Startup Cost": 670861.53, "Total Cost": 675134.94, "Plan Rows": 854611, "Plan Width": 44, "Actual Startup Time": 7608.099, "Actual Total Time": 8127.29, "Actual Rows": 1188666, "Actual Loops": 1, "Inner Unique": false, "Merge Cond": "(partsupp.ps_suppkey = supplier.s_suppkey)", "Plans": [{"Node Type": "Sort", "Parent Relationship": "Outer", "Startup Cost": 667328.37, "Total Cost": 669464.93, "Plan Rows": 854625, "Plan Width": 44, "Actual Startup Time": 7555.798, "Actual Total Time": 7760.272, "Actual Rows": 1189344, "Actual Loops": 1, "Sort Key": ["partsupp.ps_suppkey"], "Sort Method": "quicksort", "Sort Space Used": 233478, "Sort Space Type": "Memory", "Plans": [{"Node Type": "Merge Join", "Parent Relationship": "Outer", "Join Type": "Inner", "Startup Cost": 118835.95, "Total Cost": 583126.73, "Plan Rows": 854625, "Plan Width": 44, "Actual Startup Time": 1266.311, "Actual Total Time": 7034.181, "Actual Rows": 1189344, "Actual Loops": 1, "Inner Unique": true, "Merge Cond": "(partsupp.ps_partkey = part.p_partkey)", "Plans": [{"Node Type": "Index Scan", "Parent Relationship": "Outer", "Scan Direction": "Forward", "Index Name": "idx_partsupp_partkey", "Relation Name": "partsupp", "Alias": "partsupp", "Startup Cost": 0.0, "Total Cost": 431485.03, "Plan Rows": 8000372, "Plan Width": 16, "Actual Startup Time": 0.029, "Actual Total Time": 4321.425, "Actual Rows": 7999985, "Actual Loops": 1}, {"Node Type": "Sort", "Parent Relationship": "Inner", "Startup Cost": 118828.05, "Total Cost": 119567.66, "Plan Rows": 295844, "Plan Width": 44, "Actual Startup Time": 1266.265, "Actual Total Time": 1314.669, "Actual Rows": 297336, "Actual Loops": 1, "Sort Key": ["part.p_partkey"], "Sort Method": "quicksort", "Sort Space Used": 58370, "Sort Space Type": "Memory", "Plans": [{"Node Type": "Seq Scan", "Parent Relationship": "Outer", "Relation Name": "part", "Alias": "part", "Startup Cost": 0.0, "Total Cost": 91944.0, "Plan Rows": 295844, "Plan Width": 44, "Actual Startup Time": 0.029, "Actual Total Time": 1152.847, "Actual Rows": 297336, "Actual Loops": 1, "Filter": "((p_brand <> 'Brand#34'::bpchar) AND ((p_type)::text !~~ 'LARGE BRUSHED%'::text) AND (p_size = ANY ('{48,19,12,4,41,7,21,39}'::integer[]))), (LLVM Optimized, Jit Execute)", "Rows Removed by Filter": 1702664}]}]}]}, {"Node Type": "Sort", "Parent Relationship": "Inner", "Startup Cost": 3533.17, "Total Cost": 3533.19, "Plan Rows": 10, "Plan Width": 8, "Actual Startup Time": 52.286, "Actual Total Time": 52.304, "Actual Rows": 56, "Actual Loops": 1, "Sort Key": ["supplier.s_suppkey"], "Sort Method": "quicksort", "Sort Space Used": 28, "Sort Space Type": "Memory", "Plans": [{"Node Type": "Seq Scan", "Parent Relationship": "Outer", "Relation Name": "supplier", "Alias": "supplier", "Startup Cost": 0.0, "Total Cost": 3533.0, "Plan Rows": 10, "Plan Width": 8, "Actual Startup Time": 0.263, "Actual Total Time": 52.196, "Actual Rows": 56, "Actual Loops": 1, "Filter": "((s_comment)::text ~~ '%Customer%Complaints%'::text)", "Rows Removed by Filter": 99944}]}]}]}]}]}, "Triggers": [], "Planner Runtime": 1.118, "Total Runtime": 14125.229, "Unique SQL Id": 1437012347}}, "(1, 93)": {"explain_plan": {"Plan": {"Node Type": "Sort", "Startup Cost": 782835.0, "Total Cost": 782904.34, "Plan Rows": 27736, "Plan Width": 52, "Sort Key": ["(count(DISTINCT partsupp.ps_suppkey)) DESC", "part.p_brand", "part.p_type", "part.p_size"], "Plans": [{"Node Type": "Aggregate", "Strategy": "Sorted", "Parent Relationship": "Outer", "Startup Cost": 769828.16, "Total Cost": 780788.16, "Plan Rows": 27736, "Plan Width": 52, "Group By Key": ["part.p_brand", "part.p_type", "part.p_size"], "Plans": [{"Node Type": "Sort", "Parent Relationship": "Outer", "Startup Cost": 769828.16, "Total Cost": 771964.69, "Plan Rows": 854611, "Plan Width": 44, "Sort Key": ["part.p_brand", "part.p_type", "part.p_size"], "Plans": [{"Node Type": "Merge Join", "Parent Relationship": "Outer", "Join Type": "Anti", "Startup Cost": 675770.05, "Total Cost": 685628.01, "Plan Rows": 854611, "Plan Width": 44, "Inner Unique": false, "Merge Cond": "(partsupp.ps_suppkey = supplier.s_suppkey)", "Plans": [{"Node Type": "Sort", "Parent Relationship": "Outer", "Startup Cost": 675770.05, "Total Cost": 677906.61, "Plan Rows": 854625, "Plan Width": 44, "Sort Key": ["partsupp.ps_suppkey"], "Plans": [{"Node Type": "Merge Join", "Parent Relationship": "Outer", "Join Type": "Inner", "Startup Cost": 7.9, "Total Cost": 591568.41, "Plan Rows": 854625, "Plan Width": 44, "Inner Unique": false, "Merge Cond": "(part.p_partkey = partsupp.ps_partkey)", "Plans": [{"Node Type": "Index Scan", "Parent Relationship": "Outer", "Scan Direction": "Forward", "Index Name": "part_kpey", "Relation Name": "part", "Alias": "part", "Startup Cost": 0.0, "Total Cost": 130803.25, "Plan Rows": 295844, "Plan Width": 44, "Filter": "((p_brand <> 'Brand#34'::bpchar) AND ((p_type)::text !~~ 'LARGE BRUSHED%'::text) AND (p_size = ANY ('{48,19,12,4,41,7,21,39}'::integer[]))), (LLVM Optimized)"}, {"Node Type": "Index Scan", "Parent Relationship": "Inner", "Scan Direction": "Forward", "Index Name": "idx_partsupp_partkey", "Relation Name": "partsupp", "Alias": "partsupp", "Startup Cost": 0.0, "Total Cost": 431485.03, "Plan Rows": 8000372, "Plan Width": 16}]}]}, {"Node Type": "Materialize", "Parent Relationship": "Inner", "Startup Cost": 0.0, "Total Cost": 5584.57, "Plan Rows": 10, "Plan Width": 8, "Plans": [{"Node Type": "Index Scan", "Parent Relationship": "Outer", "Scan Direction": "Forward", "Index Name": "supplier_pkey", "Relation Name": "supplier", "Alias": "supplier", "Startup Cost": 0.0, "Total Cost": 5584.54, "Plan Rows": 10, "Plan Width": 8, "Filter": "((s_comment)::text ~~ '%Customer%Complaints%'::text)"}]}]}]}]}]}, "Unique SQL Id": 1437012347}, "explain_analyze_plan": {"Plan": {"Node Type": "Sort", "Startup Cost": 782835.0, "Total Cost": 782904.34, "Plan Rows": 27736, "Plan Width": 52, "Actual Startup Time": 15130.385, "Actual Total Time": 15133.279, "Actual Rows": 27838, "Actual Loops": 1, "Sort Key": ["(count(DISTINCT partsupp.ps_suppkey)) DESC", "part.p_brand", "part.p_type", "part.p_size"], "Sort Method": "quicksort", "Sort Space Used": 5082, "Sort Space Type": "Memory", "Plans": [{"Node Type": "Aggregate", "Strategy": "Sorted", "Parent Relationship": "Outer", "Startup Cost": 769828.16, "Total Cost": 780788.16, "Plan Rows": 27736, "Plan Width": 52, "Actual Startup Time": 14211.128, "Actual Total Time": 15036.99, "Actual Rows": 27838, "Actual Loops": 1, "Group By Key": ["part.p_brand", "part.p_type", "part.p_size"], "Plans": [{"Node Type": "Sort", "Parent Relationship": "Outer", "Startup Cost": 769828.16, "Total Cost": 771964.69, "Plan Rows": 854611, "Plan Width": 44, "Actual Startup Time": 14211.026, "Actual Total Time": 14438.864, "Actual Rows": 1188666, "Actual Loops": 1, "Sort Key": ["part.p_brand", "part.p_type", "part.p_size"], "Sort Method": "quicksort", "Sort Space Used": 233373, "Sort Space Type": "Memory", "Plans": [{"Node Type": "Merge Join", "Parent Relationship": "Outer", "Join Type": "Anti", "Startup Cost": 675770.05, "Total Cost": 685628.01, "Plan Rows": 854611, "Plan Width": 44, "Actual Startup Time": 8454.784, "Actual Total Time": 9052.022, "Actual Rows": 1188666, "Actual Loops": 1, "Inner Unique": false, "Merge Cond": "(partsupp.ps_suppkey = supplier.s_suppkey)", "Plans": [{"Node Type": "Sort", "Parent Relationship": "Outer", "Startup Cost": 675770.05, "Total Cost": 677906.61, "Plan Rows": 854625, "Plan Width": 44, "Actual Startup Time": 8454.398, "Actual Total Time": 8655.518, "Actual Rows": 1189344, "Actual Loops": 1, "Sort Key": ["partsupp.ps_suppkey"], "Sort Method": "quicksort", "Sort Space Used": 233478, "Sort Space Type": "Memory", "Plans": [{"Node Type": "Merge Join", "Parent Relationship": "Outer", "Join Type": "Inner", "Startup Cost": 7.9, "Total Cost": 591568.41, "Plan Rows": 854625, "Plan Width": 44, "Actual Startup Time": 0.075, "Actual Total Time": 7926.73, "Actual Rows": 1189344, "Actual Loops": 1, "Inner Unique": false, "Merge Cond": "(part.p_partkey = partsupp.ps_partkey)", "Plans": [{"Node Type": "Index Scan", "Parent Relationship": "Outer", "Scan Direction": "Forward", "Index Name": "part_kpey", "Relation Name": "part", "Alias": "part", "Startup Cost": 0.0, "Total Cost": 130803.25, "Plan Rows": 295844, "Plan Width": 44, "Actual Startup Time": 0.047, "Actual Total Time": 1726.009, "Actual Rows": 297336, "Actual Loops": 1, "Filter": "((p_brand <> 'Brand#34'::bpchar) AND ((p_type)::text !~~ 'LARGE BRUSHED%'::text) AND (p_size = ANY ('{48,19,12,4,41,7,21,39}'::integer[]))), (LLVM Optimized, Jit Execute)", "Rows Removed by Filter": 1702664}, {"Node Type": "Index Scan", "Parent Relationship": "Inner", "Scan Direction": "Forward", "Index Name": "idx_partsupp_partkey", "Relation Name": "partsupp", "Alias": "partsupp", "Startup Cost": 0.0, "Total Cost": 431485.03, "Plan Rows": 8000372, "Plan Width": 16, "Actual Startup Time": 0.02, "Actual Total Time": 4722.053, "Actual Rows": 7999985, "Actual Loops": 1}]}]}, {"Node Type": "Materialize", "Parent Relationship": "Inner", "Startup Cost": 0.0, "Total Cost": 5584.57, "Plan Rows": 10, "Plan Width": 8, "Actual Startup Time": 0.374, "Actual Total Time": 77.141, "Actual Rows": 56, "Actual Loops": 1, "Plans": [{"Node Type": "Index Scan", "Parent Relationship": "Outer", "Scan Direction": "Forward", "Index Name": "supplier_pkey", "Relation Name": "supplier", "Alias": "supplier", "Startup Cost": 0.0, "Total Cost": 5584.54, "Plan Rows": 10, "Plan Width": 8, "Actual Startup Time": 0.371, "Actual Total Time": 77.105, "Actual Rows": 56, "Actual Loops": 1, "Filter": "((s_comment)::text ~~ '%Customer%Complaints%'::text)", "Rows Removed by Filter": 99944}]}]}]}]}]}, "Triggers": [], "Planner Runtime": 1.109, "Total Runtime": 15145.68, "Unique SQL Id": 1437012347}}, "(1, 94)": {"explain_plan": {"Plan": {"Node Type": "Sort", "Startup Cost": 1545365.8, "Total Cost": 1545435.14, "Plan Rows": 27736, "Plan Width": 52, "Sort Key": ["(count(DISTINCT partsupp.ps_suppkey)) DESC", "part.p_brand", "part.p_type", "part.p_size"], "Plans": [{"Node Type": "Aggregate", "Strategy": "Sorted", "Parent Relationship": "Outer", "Startup Cost": 1532358.96, "Total Cost": 1543318.96, "Plan Rows": 27736, "Plan Width": 52, "Group By Key": ["part.p_brand", "part.p_type", "part.p_size"], "Plans": [{"Node Type": "Sort", "Parent Relationship": "Outer", "Startup Cost": 1532358.96, "Total Cost": 1534495.49, "Plan Rows": 854611, "Plan Width": 44, "Sort Key": ["part.p_brand", "part.p_type", "part.p_size"], "Plans": [{"Node Type": "Merge Join", "Parent Relationship": "Outer", "Join Type": "Anti", "Startup Cost": 1443885.39, "Total Cost": 1448158.8, "Plan Rows": 854611, "Plan Width": 44, "Inner Unique": false, "Merge Cond": "(partsupp.ps_suppkey = supplier.s_suppkey)", "Plans": [{"Node Type": "Sort", "Parent Relationship": "Outer", "Startup Cost": 1440352.23, "Total Cost": 1442488.79, "Plan Rows": 854625, "Plan Width": 44, "Sort Key": ["partsupp.ps_suppkey"], "Plans": [{"Node Type": "Merge Join", "Parent Relationship": "Outer", "Join Type": "Inner", "Startup Cost": 1306124.55, "Total Cost": 1356150.59, "Plan Rows": 854625, "Plan Width": 44, "Inner Unique": false, "Merge Cond": "(part.p_partkey = partsupp.ps_partkey)", "Plans": [{"Node Type": "Sort", "Parent Relationship": "Outer", "Startup Cost": 118828.05, "Total Cost": 119567.66, "Plan Rows": 295844, "Plan Width": 44, "Sort Key": ["part.p_partkey"], "Plans": [{"Node Type": "Seq Scan", "Parent Relationship": "Outer", "Relation Name": "part", "Alias": "part", "Startup Cost": 0.0, "Total Cost": 91944.0, "Plan Rows": 295844, "Plan Width": 44, "Filter": "((p_brand <> 'Brand#34'::bpchar) AND ((p_type)::text !~~ 'LARGE BRUSHED%'::text) AND (p_size = ANY ('{48,19,12,4,41,7,21,39}'::integer[]))), (LLVM Optimized)"}]}, {"Node Type": "Sort", "Parent Relationship": "Inner", "Startup Cost": 1187295.8, "Total Cost": 1207296.73, "Plan Rows": 8000372, "Plan Width": 16, "Sort Key": ["partsupp.ps_partkey"], "Plans": [{"Node Type": "Seq Scan", "Parent Relationship": "Outer", "Relation Name": "partsupp", "Alias": "partsupp", "Startup Cost": 0.0, "Total Cost": 269987.72, "Plan Rows": 8000372, "Plan Width": 16}]}]}]}, {"Node Type": "Sort", "Parent Relationship": "Inner", "Startup Cost": 3533.17, "Total Cost": 3533.19, "Plan Rows": 10, "Plan Width": 8, "Sort Key": ["supplier.s_suppkey"], "Plans": [{"Node Type": "Seq Scan", "Parent Relationship": "Outer", "Relation Name": "supplier", "Alias": "supplier", "Startup Cost": 0.0, "Total Cost": 3533.0, "Plan Rows": 10, "Plan Width": 8, "Filter": "((s_comment)::text ~~ '%Customer%Complaints%'::text)"}]}]}]}]}]}, "Unique SQL Id": 1437012347}, "explain_analyze_plan": {"Plan": {"Node Type": "Sort", "Startup Cost": 1545365.8, "Total Cost": 1545435.14, "Plan Rows": 27736, "Plan Width": 52, "Actual Startup Time": 16613.189, "Actual Total Time": 16616.083, "Actual Rows": 27838, "Actual Loops": 1, "Sort Key": ["(count(DISTINCT partsupp.ps_suppkey)) DESC", "part.p_brand", "part.p_type", "part.p_size"], "Sort Method": "quicksort", "Sort Space Used": 5082, "Sort Space Type": "Memory", "Plans": [{"Node Type": "Aggregate", "Strategy": "Sorted", "Parent Relationship": "Outer", "Startup Cost": 1532358.96, "Total Cost": 1543318.96, "Plan Rows": 27736, "Plan Width": 52, "Actual Startup Time": 15699.419, "Actual Total Time": 16519.682, "Actual Rows": 27838, "Actual Loops": 1, "Group By Key": ["part.p_brand", "part.p_type", "part.p_size"], "Plans": [{"Node Type": "Sort", "Parent Relationship": "Outer", "Startup Cost": 1532358.96, "Total Cost": 1534495.49, "Plan Rows": 854611, "Plan Width": 44, "Actual Startup Time": 15699.201, "Actual Total Time": 15922.042, "Actual Rows": 1188666, "Actual Loops": 1, "Sort Key": ["part.p_brand", "part.p_type", "part.p_size"], "Sort Method": "quicksort", "Sort Space Used": 233373, "Sort Space Type": "Memory", "Plans": [{"Node Type": "Merge Join", "Parent Relationship": "Outer", "Join Type": "Anti", "Startup Cost": 1443885.39, "Total Cost": 1448158.8, "Plan Rows": 854611, "Plan Width": 44, "Actual Startup Time": 9861.117, "Actual Total Time": 10520.767, "Actual Rows": 1188666, "Actual Loops": 1, "Inner Unique": false, "Merge Cond": "(partsupp.ps_suppkey = supplier.s_suppkey)", "Plans": [{"Node Type": "Sort", "Parent Relationship": "Outer", "Startup Cost": 1440352.23, "Total Cost": 1442488.79, "Plan Rows": 854625, "Plan Width": 44, "Actual Startup Time": 9808.54, "Actual Total Time": 10147.13, "Actual Rows": 1189344, "Actual Loops": 1, "Sort Key": ["partsupp.ps_suppkey"], "Sort Method": "quicksort", "Sort Space Used": 233478, "Sort Space Type": "Memory", "Plans": [{"Node Type": "Merge Join", "Parent Relationship": "Outer", "Join Type": "Inner", "Startup Cost": 1306124.55, "Total Cost": 1356150.59, "Plan Rows": 854625, "Plan Width": 44, "Actual Startup Time": 6903.113, "Actual Total Time": 9320.876, "Actual Rows": 1189344, "Actual Loops": 1, "Inner Unique": false, "Merge Cond": "(part.p_partkey = partsupp.ps_partkey)", "Plans": [{"Node Type": "Sort", "Parent Relationship": "Outer", "Startup Cost": 118828.05, "Total Cost": 119567.66, "Plan Rows": 295844, "Plan Width": 44, "Actual Startup Time": 1465.983, "Actual Total Time": 1507.93, "Actual Rows": 297336, "Actual Loops": 1, "Sort Key": ["part.p_partkey"], "Sort Method": "quicksort", "Sort Space Used": 58370, "Sort Space Type": "Memory", "Plans": [{"Node Type": "Seq Scan", "Parent Relationship": "Outer", "Relation Name": "part", "Alias": "part", "Startup Cost": 0.0, "Total Cost": 91944.0, "Plan Rows": 295844, "Plan Width": 44, "Actual Startup Time": 0.035, "Actual Total Time": 1348.639, "Actual Rows": 297336, "Actual Loops": 1, "Filter": "((p_brand <> 'Brand#34'::bpchar) AND ((p_type)::text !~~ 'LARGE BRUSHED%'::text) AND (p_size = ANY ('{48,19,12,4,41,7,21,39}'::integer[]))), (LLVM Optimized, Jit Execute)", "Rows Removed by Filter": 1702664}]}, {"Node Type": "Sort", "Parent Relationship": "Inner", "Startup Cost": 1187295.8, "Total Cost": 1207296.73, "Plan Rows": 8000372, "Plan Width": 16, "Actual Startup Time": 5437.114, "Actual Total Time": 6421.114, "Actual Rows": 7999985, "Actual Loops": 1, "Sort Key": ["partsupp.ps_partkey"], "Sort Method": "quicksort", "Sort Space Used": 946609, "Sort Space Type": "Memory", "Plans": [{"Node Type": "Seq Scan", "Parent Relationship": "Outer", "Relation Name": "partsupp", "Alias": "partsupp", "Startup Cost": 0.0, "Total Cost": 269987.72, "Plan Rows": 8000372, "Plan Width": 16, "Actual Startup Time": 0.02, "Actual Total Time": 2648.399, "Actual Rows": 8000000, "Actual Loops": 1}]}]}]}, {"Node Type": "Sort", "Parent Relationship": "Inner", "Startup Cost": 3533.17, "Total Cost": 3533.19, "Plan Rows": 10, "Plan Width": 8, "Actual Startup Time": 52.563, "Actual Total Time": 52.585, "Actual Rows": 56, "Actual Loops": 1, "Sort Key": ["supplier.s_suppkey"], "Sort Method": "quicksort", "Sort Space Used": 28, "Sort Space Type": "Memory", "Plans": [{"Node Type": "Seq Scan", "Parent Relationship": "Outer", "Relation Name": "supplier", "Alias": "supplier", "Startup Cost": 0.0, "Total Cost": 3533.0, "Plan Rows": 10, "Plan Width": 8, "Actual Startup Time": 0.256, "Actual Total Time": 52.483, "Actual Rows": 56, "Actual Loops": 1, "Filter": "((s_comment)::text ~~ '%Customer%Complaints%'::text)", "Rows Removed by Filter": 99944}]}]}]}]}]}, "Triggers": [], "Planner Runtime": 1.167, "Total Runtime": 16627.736, "Unique SQL Id": 1437012347}}, "(1, 95)": {"explain_plan": {"Plan": {"Node Type": "Sort", "Startup Cost": 3000070891833.46, "Total Cost": 3000070891902.8, "Plan Rows": 27736, "Plan Width": 52, "Sort Key": ["(count(DISTINCT partsupp.ps_suppkey)) DESC", "part.p_brand", "part.p_type", "part.p_size"], "Plans": [{"Node Type": "Aggregate", "Strategy": "Sorted", "Parent Relationship": "Outer", "Startup Cost": 3000070878826.62, "Total Cost": 3000070889786.62, "Plan Rows": 27736, "Plan Width": 52, "Group By Key": ["part.p_brand", "part.p_type", "part.p_size"], "Plans": [{"Node Type": "Sort", "Parent Relationship": "Outer", "Startup Cost": 3000070878826.62, "Total Cost": 3000070880963.15, "Plan Rows": 854611, "Plan Width": 44, "Sort Key": ["part.p_brand", "part.p_type", "part.p_size"], "Plans": [{"Node Type": "Merge Join", "Parent Relationship": "Outer", "Join Type": "Anti", "Startup Cost": 2010070231898.68, "Total Cost": 3000070794626.47, "Plan Rows": 854611, "Plan Width": 44, "Inner Unique": false, "Merge Cond": "(partsupp.ps_suppkey = supplier.s_suppkey)", "Plans": [{"Node Type": "Sort", "Parent Relationship": "Outer", "Startup Cost": 2000070231898.68, "Total Cost": 2000070234035.24, "Plan Rows": 854625, "Plan Width": 44, "Sort Key": ["partsupp.ps_suppkey"], "Plans": [{"Node Type": "Merge Join", "Parent Relationship": "Outer", "Join Type": "Inner", "Startup Cost": 20017325448.43, "Total Cost": 2000070147697.04, "Plan Rows": 854625, "Plan Width": 44, "Inner Unique": false, "Merge Cond": "(part.p_partkey = partsupp.ps_partkey)", "Plans": [{"Node Type": "Index Scan", "Parent Relationship": "Outer", "Scan Direction": "Forward", "Index Name": "part_kpey", "Relation Name": "part", "Alias": "part", "Startup Cost": 10000000000.0, "Total Cost": 1000013080325.0, "Plan Rows": 295844, "Plan Width": 44, "Filter": "((p_brand <> 'Brand#34'::bpchar) AND ((p_type)::text !~~ 'LARGE BRUSHED%'::text) AND (p_size = ANY ('{48,19,12,4,41,7,21,39}'::integer[]))), (LLVM Optimized)"}, {"Node Type": "Index Scan", "Parent Relationship": "Inner", "Scan Direction": "Forward", "Index Name": "partsupp_pkey", "Relation Name": "partsupp", "Alias": "partsupp", "Startup Cost": 10000000000.0, "Total Cost": 1000071640963.22, "Plan Rows": 8000372, "Plan Width": 16}]}]}, {"Node Type": "Materialize", "Parent Relationship": "Inner", "Startup Cost": 10000000000.0, "Total Cost": 1000000558454.4, "Plan Rows": 10, "Plan Width": 8, "Plans": [{"Node Type": "Index Scan", "Parent Relationship": "Outer", "Scan Direction": "Forward", "Index Name": "supplier_pkey", "Relation Name": "supplier", "Alias": "supplier", "Startup Cost": 10000000000.0, "Total Cost": 1000000558454.38, "Plan Rows": 10, "Plan Width": 8, "Filter": "((s_comment)::text ~~ '%Customer%Complaints%'::text)"}]}]}]}]}]}, "Unique SQL Id": 1437012347}, "explain_analyze_plan": {"Plan": {"Node Type": "Sort", "Startup Cost": 3000070891833.46, "Total Cost": 3000070891902.8, "Plan Rows": 27736, "Plan Width": 52, "Actual Startup Time": 15448.387, "Actual Total Time": 15453.608, "Actual Rows": 27838, "Actual Loops": 1, "Sort Key": ["(count(DISTINCT partsupp.ps_suppkey)) DESC", "part.p_brand", "part.p_type", "part.p_size"], "Sort Method": "quicksort", "Sort Space Used": 5082, "Sort Space Type": "Memory", "Plans": [{"Node Type": "Aggregate", "Strategy": "Sorted", "Parent Relationship": "Outer", "Startup Cost": 3000070878826.62, "Total Cost": 3000070889786.62, "Plan Rows": 27736, "Plan Width": 52, "Actual Startup Time": 14506.836, "Actual Total Time": 15353.357, "Actual Rows": 27838, "Actual Loops": 1, "Group By Key": ["part.p_brand", "part.p_type", "part.p_size"], "Plans": [{"Node Type": "Sort", "Parent Relationship": "Outer", "Startup Cost": 3000070878826.62, "Total Cost": 3000070880963.15, "Plan Rows": 854611, "Plan Width": 44, "Actual Startup Time": 14506.752, "Actual Total Time": 14754.519, "Actual Rows": 1188666, "Actual Loops": 1, "Sort Key": ["part.p_brand", "part.p_type", "part.p_size"], "Sort Method": "quicksort", "Sort Space Used": 233373, "Sort Space Type": "Memory", "Plans": [{"Node Type": "Merge Join", "Parent Relationship": "Outer", "Join Type": "Anti", "Startup Cost": 2010070231898.68, "Total Cost": 3000070794626.47, "Plan Rows": 854611, "Plan Width": 44, "Actual Startup Time": 8915.775, "Actual Total Time": 9507.94, "Actual Rows": 1188666, "Actual Loops": 1, "Inner Unique": false, "Merge Cond": "(partsupp.ps_suppkey = supplier.s_suppkey)", "Plans": [{"Node Type": "Sort", "Parent Relationship": "Outer", "Startup Cost": 2000070231898.68, "Total Cost": 2000070234035.24, "Plan Rows": 854625, "Plan Width": 44, "Actual Startup Time": 8915.285, "Actual Total Time": 9115.29, "Actual Rows": 1189344, "Actual Loops": 1, "Sort Key": ["partsupp.ps_suppkey"], "Sort Method": "quicksort", "Sort Space Used": 233478, "Sort Space Type": "Memory", "Plans": [{"Node Type": "Merge Join", "Parent Relationship": "Outer", "Join Type": "Inner", "Startup Cost": 20017325448.43, "Total Cost": 2000070147697.04, "Plan Rows": 854625, "Plan Width": 44, "Actual Startup Time": 0.072, "Actual Total Time": 8378.276, "Actual Rows": 1189344, "Actual Loops": 1, "Inner Unique": false, "Merge Cond": "(part.p_partkey = partsupp.ps_partkey)", "Plans": [{"Node Type": "Index Scan", "Parent Relationship": "Outer", "Scan Direction": "Forward", "Index Name": "part_kpey", "Relation Name": "part", "Alias": "part", "Startup Cost": 10000000000.0, "Total Cost": 1000013080325.0, "Plan Rows": 295844, "Plan Width": 44, "Actual Startup Time": 0.045, "Actual Total Time": 1820.952, "Actual Rows": 297336, "Actual Loops": 1, "Filter": "((p_brand <> 'Brand#34'::bpchar) AND ((p_type)::text !~~ 'LARGE BRUSHED%'::text) AND (p_size = ANY ('{48,19,12,4,41,7,21,39}'::integer[]))), (LLVM Optimized, Jit Execute)", "Rows Removed by Filter": 1702664}, {"Node Type": "Index Scan", "Parent Relationship": "Inner", "Scan Direction": "Forward", "Index Name": "partsupp_pkey", "Relation Name": "partsupp", "Alias": "partsupp", "Startup Cost": 10000000000.0, "Total Cost": 1000071640963.22, "Plan Rows": 8000372, "Plan Width": 16, "Actual Startup Time": 0.019, "Actual Total Time": 5074.407, "Actual Rows": 7999985, "Actual Loops": 1}]}]}, {"Node Type": "Materialize", "Parent Relationship": "Inner", "Startup Cost": 10000000000.0, "Total Cost": 1000000558454.4, "Plan Rows": 10, "Plan Width": 8, "Actual Startup Time": 0.478, "Actual Total Time": 77.324, "Actual Rows": 56, "Actual Loops": 1, "Plans": [{"Node Type": "Index Scan", "Parent Relationship": "Outer", "Scan Direction": "Forward", "Index Name": "supplier_pkey", "Relation Name": "supplier", "Alias": "supplier", "Startup Cost": 10000000000.0, "Total Cost": 1000000558454.38, "Plan Rows": 10, "Plan Width": 8, "Actual Startup Time": 0.474, "Actual Total Time": 77.286, "Actual Rows": 56, "Actual Loops": 1, "Filter": "((s_comment)::text ~~ '%Customer%Complaints%'::text)", "Rows Removed by Filter": 99944}]}]}]}]}]}, "Triggers": [], "Planner Runtime": 1.121, "Total Runtime": 15465.002, "Unique SQL Id": 1437012347}}, "(1, 96)": {"explain_plan": {"Plan": {"Node Type": "Sort", "Startup Cost": 461023.1, "Total Cost": 461092.44, "Plan Rows": 27736, "Plan Width": 52, "Sort Key": ["(count(DISTINCT partsupp.ps_suppkey)) DESC", "part.p_brand", "part.p_type", "part.p_size"], "Plans": [{"Node Type": "Aggregate", "Strategy": "Sorted", "Parent Relationship": "Outer", "Startup Cost": 448016.26, "Total Cost": 458976.25, "Plan Rows": 27736, "Plan Width": 52, "Group By Key": ["part.p_brand", "part.p_type", "part.p_size"], "Plans": [{"Node Type": "Sort", "Parent Relationship": "Outer", "Startup Cost": 448016.26, "Total Cost": 450152.78, "Plan Rows": 854611, "Plan Width": 44, "Sort Key": ["part.p_brand", "part.p_type", "part.p_size"], "Plans": [{"Node Type": "Hash Join", "Parent Relationship": "Outer", "Join Type": "Anti", "Startup Cost": 3533.12, "Total Cost": 363816.1, "Plan Rows": 854611, "Plan Width": 44, "Inner Unique": false, "Hash Cond": "(partsupp.ps_suppkey = supplier.s_suppkey), (LLVM Optimized)", "Plans": [{"Node Type": "Nested Loop", "Parent Relationship": "Outer", "Join Type": "Inner", "Startup Cost": 0.0, "Total Cost": 349594.96, "Plan Rows": 854625, "Plan Width": 44, "Inner Unique": false, "Plans": [{"Node Type": "Seq Scan", "Parent Relationship": "Outer", "Relation Name": "part", "Alias": "part", "Startup Cost": 0.0, "Total Cost": 91944.0, "Plan Rows": 295844, "Plan Width": 44, "Filter": "((p_brand <> 'Brand#34'::bpchar) AND ((p_type)::text !~~ 'LARGE BRUSHED%'::text) AND (p_size = ANY ('{48,19,12,4,41,7,21,39}'::integer[]))), (LLVM Optimized)"}, {"Node Type": "Index Only Scan", "Parent Relationship": "Inner", "Scan Direction": "Forward", "Index Name": "partsupp_pkey", "Relation Name": "partsupp", "Alias": "partsupp", "Startup Cost": 0.0, "Total Cost": 0.84, "Plan Rows": 3, "Plan Width": 16, "Index Cond": "(ps_partkey = part.p_partkey)"}]}, {"Node Type": "Hash", "Parent Relationship": "Inner", "Startup Cost": 3533.0, "Total Cost": 3533.0, "Plan Rows": 10, "Plan Width": 8, "Plans": [{"Node Type": "Seq Scan", "Parent Relationship": "Outer", "Relation Name": "supplier", "Alias": "supplier", "Startup Cost": 0.0, "Total Cost": 3533.0, "Plan Rows": 10, "Plan Width": 8, "Filter": "((s_comment)::text ~~ '%Customer%Complaints%'::text)"}]}]}]}]}]}, "Unique SQL Id": 1437012347}, "explain_analyze_plan": {"Plan": {"Node Type": "Sort", "Startup Cost": 461023.1, "Total Cost": 461092.44, "Plan Rows": 27736, "Plan Width": 52, "Actual Startup Time": 8347.857, "Actual Total Time": 8350.782, "Actual Rows": 27838, "Actual Loops": 1, "Sort Key": ["(count(DISTINCT partsupp.ps_suppkey)) DESC", "part.p_brand", "part.p_type", "part.p_size"], "Sort Method": "quicksort", "Sort Space Used": 5082, "Sort Space Type": "Memory", "Plans": [{"Node Type": "Aggregate", "Strategy": "Sorted", "Parent Relationship": "Outer", "Startup Cost": 448016.26, "Total Cost": 458976.25, "Plan Rows": 27736, "Plan Width": 52, "Actual Startup Time": 7455.228, "Actual Total Time": 8254.354, "Actual Rows": 27838, "Actual Loops": 1, "Group By Key": ["part.p_brand", "part.p_type", "part.p_size"], "Plans": [{"Node Type": "Sort", "Parent Relationship": "Outer", "Startup Cost": 448016.26, "Total Cost": 450152.78, "Plan Rows": 854611, "Plan Width": 44, "Actual Startup Time": 7455.136, "Actual Total Time": 7658.094, "Actual Rows": 1188666, "Actual Loops": 1, "Sort Key": ["part.p_brand", "part.p_type", "part.p_size"], "Sort Method": "quicksort", "Sort Space Used": 233373, "Sort Space Type": "Memory", "Plans": [{"Node Type": "Hash Join", "Parent Relationship": "Outer", "Join Type": "Anti", "Startup Cost": 3533.12, "Total Cost": 363816.1, "Plan Rows": 854611, "Plan Width": 44, "Actual Startup Time": 52.417, "Actual Total Time": 3059.066, "Actual Rows": 1188666, "Actual Loops": 1, "Inner Unique": false, "Hash Cond": "(partsupp.ps_suppkey = supplier.s_suppkey), (LLVM Optimized, Jit Execute)", "Plans": [{"Node Type": "Nested Loop", "Parent Relationship": "Outer", "Join Type": "Inner", "Startup Cost": 0.0, "Total Cost": 349594.96, "Plan Rows": 854625, "Plan Width": 44, "Actual Startup Time": 0.066, "Actual Total Time": 2675.909, "Actual Rows": 1189344, "Actual Loops": 1, "Inner Unique": false, "Plans": [{"Node Type": "Seq Scan", "Parent Relationship": "Outer", "Relation Name": "part", "Alias": "part", "Startup Cost": 0.0, "Total Cost": 91944.0, "Plan Rows": 295844, "Plan Width": 44, "Actual Startup Time": 0.041, "Actual Total Time": 1182.877, "Actual Rows": 297336, "Actual Loops": 1, "Filter": "((p_brand <> 'Brand#34'::bpchar) AND ((p_type)::text !~~ 'LARGE BRUSHED%'::text) AND (p_size = ANY ('{48,19,12,4,41,7,21,39}'::integer[]))), (LLVM Optimized, Jit Execute)", "Rows Removed by Filter": 1702664}, {"Node Type": "Index Only Scan", "Parent Relationship": "Inner", "Scan Direction": "Forward", "Index Name": "partsupp_pkey", "Relation Name": "partsupp", "Alias": "partsupp", "Startup Cost": 0.0, "Total Cost": 0.84, "Plan Rows": 3, "Plan Width": 16, "Actual Startup Time": 847.589, "Actual Total Time": 1080.648, "Actual Rows": 1189344, "Actual Loops": 297336, "Index Cond": "(ps_partkey = part.p_partkey)", "Rows Removed by Index Recheck": 0, "Heap Fetches": 0}]}, {"Node Type": "Hash", "Parent Relationship": "Inner", "Startup Cost": 3533.0, "Total Cost": 3533.0, "Plan Rows": 10, "Plan Width": 8, "Actual Startup Time": 52.297, "Actual Total Time": 52.297, "Actual Rows": 56, "Actual Loops": 1, "Hash Buckets": 32768, "Hash Batches": 1, "Original Hash Batches": 1, "Peak Memory Usage": 3, "Plans": [{"Node Type": "Seq Scan", "Parent Relationship": "Outer", "Relation Name": "supplier", "Alias": "supplier", "Startup Cost": 0.0, "Total Cost": 3533.0, "Plan Rows": 10, "Plan Width": 8, "Actual Startup Time": 0.21, "Actual Total Time": 52.243, "Actual Rows": 56, "Actual Loops": 1, "Filter": "((s_comment)::text ~~ '%Customer%Complaints%'::text)", "Rows Removed by Filter": 99944}]}]}]}]}]}, "Triggers": [], "Planner Runtime": 1.141, "Total Runtime": 8363.004, "Unique SQL Id": 1437012347}}, "(1, 97)": {"explain_plan": {"Plan": {"Node Type": "Sort", "Startup Cost": 501933.89, "Total Cost": 502003.23, "Plan Rows": 27736, "Plan Width": 52, "Sort Key": ["(count(DISTINCT partsupp.ps_suppkey)) DESC", "part.p_brand", "part.p_type", "part.p_size"], "Plans": [{"Node Type": "Aggregate", "Strategy": "Sorted", "Parent Relationship": "Outer", "Startup Cost": 488927.05, "Total Cost": 499887.05, "Plan Rows": 27736, "Plan Width": 52, "Group By Key": ["part.p_brand", "part.p_type", "part.p_size"], "Plans": [{"Node Type": "Sort", "Parent Relationship": "Outer", "Startup Cost": 488927.05, "Total Cost": 491063.58, "Plan Rows": 854611, "Plan Width": 44, "Sort Key": ["part.p_brand", "part.p_type", "part.p_size"], "Plans": [{"Node Type": "Hash Join", "Parent Relationship": "Outer", "Join Type": "Anti", "Startup Cost": 5584.67, "Total Cost": 404726.89, "Plan Rows": 854611, "Plan Width": 44, "Inner Unique": false, "Hash Cond": "(partsupp.ps_suppkey = supplier.s_suppkey), (LLVM Optimized)", "Plans": [{"Node Type": "Nested Loop", "Parent Relationship": "Outer", "Join Type": "Inner", "Startup Cost": 0.0, "Total Cost": 388454.21, "Plan Rows": 854625, "Plan Width": 44, "Inner Unique": false, "Plans": [{"Node Type": "Index Scan", "Parent Relationship": "Outer", "Scan Direction": "Forward", "Index Name": "part_kpey", "Relation Name": "part", "Alias": "part", "Startup Cost": 0.0, "Total Cost": 130803.25, "Plan Rows": 295844, "Plan Width": 44, "Filter": "((p_brand <> 'Brand#34'::bpchar) AND ((p_type)::text !~~ 'LARGE BRUSHED%'::text) AND (p_size = ANY ('{48,19,12,4,41,7,21,39}'::integer[]))), (LLVM Optimized)"}, {"Node Type": "Index Only Scan", "Parent Relationship": "Inner", "Scan Direction": "Forward", "Index Name": "partsupp_pkey", "Relation Name": "partsupp", "Alias": "partsupp", "Startup Cost": 0.0, "Total Cost": 0.84, "Plan Rows": 3, "Plan Width": 16, "Index Cond": "(ps_partkey = part.p_partkey)"}]}, {"Node Type": "Hash", "Parent Relationship": "Inner", "Startup Cost": 5584.54, "Total Cost": 5584.54, "Plan Rows": 10, "Plan Width": 8, "Plans": [{"Node Type": "Index Scan", "Parent Relationship": "Outer", "Scan Direction": "Forward", "Index Name": "supplier_pkey", "Relation Name": "supplier", "Alias": "supplier", "Startup Cost": 0.0, "Total Cost": 5584.54, "Plan Rows": 10, "Plan Width": 8, "Filter": "((s_comment)::text ~~ '%Customer%Complaints%'::text)"}]}]}]}]}]}, "Unique SQL Id": 1437012347}, "explain_analyze_plan": {"Plan": {"Node Type": "Sort", "Startup Cost": 501933.89, "Total Cost": 502003.23, "Plan Rows": 27736, "Plan Width": 52, "Actual Startup Time": 9276.147, "Actual Total Time": 9279.091, "Actual Rows": 27838, "Actual Loops": 1, "Sort Key": ["(count(DISTINCT partsupp.ps_suppkey)) DESC", "part.p_brand", "part.p_type", "part.p_size"], "Sort Method": "quicksort", "Sort Space Used": 5082, "Sort Space Type": "Memory", "Plans": [{"Node Type": "Aggregate", "Strategy": "Sorted", "Parent Relationship": "Outer", "Startup Cost": 488927.05, "Total Cost": 499887.05, "Plan Rows": 27736, "Plan Width": 52, "Actual Startup Time": 8174.969, "Actual Total Time": 9178.461, "Actual Rows": 27838, "Actual Loops": 1, "Group By Key": ["part.p_brand", "part.p_type", "part.p_size"], "Plans": [{"Node Type": "Sort", "Parent Relationship": "Outer", "Startup Cost": 488927.05, "Total Cost": 491063.58, "Plan Rows": 854611, "Plan Width": 44, "Actual Startup Time": 8174.884, "Actual Total Time": 8529.299, "Actual Rows": 1188666, "Actual Loops": 1, "Sort Key": ["part.p_brand", "part.p_type", "part.p_size"], "Sort Method": "quicksort", "Sort Space Used": 233373, "Sort Space Type": "Memory", "Plans": [{"Node Type": "Hash Join", "Parent Relationship": "Outer", "Join Type": "Anti", "Startup Cost": 5584.67, "Total Cost": 404726.89, "Plan Rows": 854611, "Plan Width": 44, "Actual Startup Time": 75.296, "Actual Total Time": 3920.806, "Actual Rows": 1188666, "Actual Loops": 1, "Inner Unique": false, "Hash Cond": "(partsupp.ps_suppkey = supplier.s_suppkey), (LLVM Optimized, Jit Execute)", "Plans": [{"Node Type": "Nested Loop", "Parent Relationship": "Outer", "Join Type": "Inner", "Startup Cost": 0.0, "Total Cost": 388454.21, "Plan Rows": 854625, "Plan Width": 44, "Actual Startup Time": 0.065, "Actual Total Time": 3515.424, "Actual Rows": 1189344, "Actual Loops": 1, "Inner Unique": false, "Plans": [{"Node Type": "Index Scan", "Parent Relationship": "Outer", "Scan Direction": "Forward", "Index Name": "part_kpey", "Relation Name": "part", "Alias": "part", "Startup Cost": 0.0, "Total Cost": 130803.25, "Plan Rows": 295844, "Plan Width": 44, "Actual Startup Time": 0.046, "Actual Total Time": 1974.121, "Actual Rows": 297336, "Actual Loops": 1, "Filter": "((p_brand <> 'Brand#34'::bpchar) AND ((p_type)::text !~~ 'LARGE BRUSHED%'::text) AND (p_size = ANY ('{48,19,12,4,41,7,21,39}'::integer[]))), (LLVM Optimized, Jit Execute)", "Rows Removed by Filter": 1702664}, {"Node Type": "Index Only Scan", "Parent Relationship": "Inner", "Scan Direction": "Forward", "Index Name": "partsupp_pkey", "Relation Name": "partsupp", "Alias": "partsupp", "Startup Cost": 0.0, "Total Cost": 0.84, "Plan Rows": 3, "Plan Width": 16, "Actual Startup Time": 904.578, "Actual Total Time": 1129.474, "Actual Rows": 1189344, "Actual Loops": 297336, "Index Cond": "(ps_partkey = part.p_partkey)", "Rows Removed by Index Recheck": 0, "Heap Fetches": 0}]}, {"Node Type": "Hash", "Parent Relationship": "Inner", "Startup Cost": 5584.54, "Total Cost": 5584.54, "Plan Rows": 10, "Plan Width": 8, "Actual Startup Time": 75.185, "Actual Total Time": 75.185, "Actual Rows": 56, "Actual Loops": 1, "Hash Buckets": 32768, "Hash Batches": 1, "Original Hash Batches": 1, "Peak Memory Usage": 3, "Plans": [{"Node Type": "Index Scan", "Parent Relationship": "Outer", "Scan Direction": "Forward", "Index Name": "supplier_pkey", "Relation Name": "supplier", "Alias": "supplier", "Startup Cost": 0.0, "Total Cost": 5584.54, "Plan Rows": 10, "Plan Width": 8, "Actual Startup Time": 0.294, "Actual Total Time": 75.114, "Actual Rows": 56, "Actual Loops": 1, "Filter": "((s_comment)::text ~~ '%Customer%Complaints%'::text)", "Rows Removed by Filter": 99944}]}]}]}]}]}, "Triggers": [], "Planner Runtime": 1.153, "Total Runtime": 9290.89, "Unique SQL Id": 1437012347}}, "(1, 98)": {"explain_plan": {"Plan": {"Node Type": "Sort", "Startup Cost": 515600.3, "Total Cost": 515669.64, "Plan Rows": 27736, "Plan Width": 52, "Sort Key": ["(count(DISTINCT partsupp.ps_suppkey)) DESC", "part.p_brand", "part.p_type", "part.p_size"], "Plans": [{"Node Type": "Aggregate", "Strategy": "Sorted", "Parent Relationship": "Outer", "Startup Cost": 502593.46, "Total Cost": 513553.46, "Plan Rows": 27736, "Plan Width": 52, "Group By Key": ["part.p_brand", "part.p_type", "part.p_size"], "Plans": [{"Node Type": "Sort", "Parent Relationship": "Outer", "Startup Cost": 502593.46, "Total Cost": 504729.99, "Plan Rows": 854611, "Plan Width": 44, "Sort Key": ["part.p_brand", "part.p_type", "part.p_size"], "Plans": [{"Node Type": "Hash Join", "Parent Relationship": "Outer", "Join Type": "Anti", "Startup Cost": 99175.18, "Total Cost": 418393.3, "Plan Rows": 854611, "Plan Width": 44, "Inner Unique": false, "Hash Cond": "(partsupp.ps_suppkey = supplier.s_suppkey), (LLVM Optimized)", "Plans": [{"Node Type": "Hash Join", "Parent Relationship": "Outer", "Join Type": "Inner", "Startup Cost": 95642.05, "Total Cost": 404177.41, "Plan Rows": 854625, "Plan Width": 44, "Inner Unique": true, "Hash Cond": "(partsupp.ps_partkey = part.p_partkey), (LLVM Optimized)", "Plans": [{"Node Type": "Seq Scan", "Parent Relationship": "Outer", "Relation Name": "partsupp", "Alias": "partsupp", "Startup Cost": 0.0, "Total Cost": 269987.72, "Plan Rows": 8000372, "Plan Width": 16}, {"Node Type": "Hash", "Parent Relationship": "Inner", "Startup Cost": 91944.0, "Total Cost": 91944.0, "Plan Rows": 295844, "Plan Width": 44, "Plans": [{"Node Type": "Seq Scan", "Parent Relationship": "Outer", "Relation Name": "part", "Alias": "part", "Startup Cost": 0.0, "Total Cost": 91944.0, "Plan Rows": 295844, "Plan Width": 44, "Filter": "((p_brand <> 'Brand#34'::bpchar) AND ((p_type)::text !~~ 'LARGE BRUSHED%'::text) AND (p_size = ANY ('{48,19,12,4,41,7,21,39}'::integer[]))), (LLVM Optimized)"}]}]}, {"Node Type": "Hash", "Parent Relationship": "Inner", "Startup Cost": 3533.0, "Total Cost": 3533.0, "Plan Rows": 10, "Plan Width": 8, "Plans": [{"Node Type": "Seq Scan", "Parent Relationship": "Outer", "Relation Name": "supplier", "Alias": "supplier", "Startup Cost": 0.0, "Total Cost": 3533.0, "Plan Rows": 10, "Plan Width": 8, "Filter": "((s_comment)::text ~~ '%Customer%Complaints%'::text)"}]}]}]}]}]}, "Unique SQL Id": 1437012347}, "explain_analyze_plan": {"Plan": {"Node Type": "Sort", "Startup Cost": 515600.3, "Total Cost": 515669.64, "Plan Rows": 27736, "Plan Width": 52, "Actual Startup Time": 11497.658, "Actual Total Time": 11500.717, "Actual Rows": 27838, "Actual Loops": 1, "Sort Key": ["(count(DISTINCT partsupp.ps_suppkey)) DESC", "part.p_brand", "part.p_type", "part.p_size"], "Sort Method": "quicksort", "Sort Space Used": 5082, "Sort Space Type": "Memory", "Plans": [{"Node Type": "Aggregate", "Strategy": "Sorted", "Parent Relationship": "Outer", "Startup Cost": 502593.46, "Total Cost": 513553.46, "Plan Rows": 27736, "Plan Width": 52, "Actual Startup Time": 10600.832, "Actual Total Time": 11403.77, "Actual Rows": 27838, "Actual Loops": 1, "Group By Key": ["part.p_brand", "part.p_type", "part.p_size"], "Plans": [{"Node Type": "Sort", "Parent Relationship": "Outer", "Startup Cost": 502593.46, "Total Cost": 504729.99, "Plan Rows": 854611, "Plan Width": 44, "Actual Startup Time": 10600.662, "Actual Total Time": 10805.964, "Actual Rows": 1188666, "Actual Loops": 1, "Sort Key": ["part.p_brand", "part.p_type", "part.p_size"], "Sort Method": "quicksort", "Sort Space Used": 233373, "Sort Space Type": "Memory", "Plans": [{"Node Type": "Hash Join", "Parent Relationship": "Outer", "Join Type": "Anti", "Startup Cost": 99175.18, "Total Cost": 418393.3, "Plan Rows": 854611, "Plan Width": 44, "Actual Startup Time": 1364.023, "Actual Total Time": 6195.986, "Actual Rows": 1188666, "Actual Loops": 1, "Inner Unique": false, "Hash Cond": "(partsupp.ps_suppkey = supplier.s_suppkey), (LLVM Optimized, Jit Execute)", "Plans": [{"Node Type": "Hash Join", "Parent Relationship": "Outer", "Join Type": "Inner", "Startup Cost": 95642.05, "Total Cost": 404177.41, "Plan Rows": 854625, "Plan Width": 44, "Actual Startup Time": 1311.723, "Actual Total Time": 5817.919, "Actual Rows": 1189344, "Actual Loops": 1, "Inner Unique": true, "Hash Cond": "(partsupp.ps_partkey = part.p_partkey), (LLVM Optimized, Jit Execute)", "Plans": [{"Node Type": "Seq Scan", "Parent Relationship": "Outer", "Relation Name": "partsupp", "Alias": "partsupp", "Startup Cost": 0.0, "Total Cost": 269987.72, "Plan Rows": 8000372, "Plan Width": 16, "Actual Startup Time": 0.018, "Actual Total Time": 2435.195, "Actual Rows": 8000000, "Actual Loops": 1}, {"Node Type": "Hash", "Parent Relationship": "Inner", "Startup Cost": 91944.0, "Total Cost": 91944.0, "Plan Rows": 295844, "Plan Width": 44, "Actual Startup Time": 1310.915, "Actual Total Time": 1310.915, "Actual Rows": 297336, "Actual Loops": 1, "Hash Buckets": 524288, "Hash Batches": 1, "Original Hash Batches": 1, "Peak Memory Usage": 23216, "Plans": [{"Node Type": "Seq Scan", "Parent Relationship": "Outer", "Relation Name": "part", "Alias": "part", "Startup Cost": 0.0, "Total Cost": 91944.0, "Plan Rows": 295844, "Plan Width": 44, "Actual Startup Time": 0.025, "Actual Total Time": 1163.672, "Actual Rows": 297336, "Actual Loops": 1, "Filter": "((p_brand <> 'Brand#34'::bpchar) AND ((p_type)::text !~~ 'LARGE BRUSHED%'::text) AND (p_size = ANY ('{48,19,12,4,41,7,21,39}'::integer[]))), (LLVM Optimized, Jit Execute)", "Rows Removed by Filter": 1702664}]}]}, {"Node Type": "Hash", "Parent Relationship": "Inner", "Startup Cost": 3533.0, "Total Cost": 3533.0, "Plan Rows": 10, "Plan Width": 8, "Actual Startup Time": 52.21, "Actual Total Time": 52.21, "Actual Rows": 56, "Actual Loops": 1, "Hash Buckets": 32768, "Hash Batches": 1, "Original Hash Batches": 1, "Peak Memory Usage": 3, "Plans": [{"Node Type": "Seq Scan", "Parent Relationship": "Outer", "Relation Name": "supplier", "Alias": "supplier", "Startup Cost": 0.0, "Total Cost": 3533.0, "Plan Rows": 10, "Plan Width": 8, "Actual Startup Time": 0.239, "Actual Total Time": 52.158, "Actual Rows": 56, "Actual Loops": 1, "Filter": "((s_comment)::text ~~ '%Customer%Complaints%'::text)", "Rows Removed by Filter": 99944}]}]}]}]}]}, "Triggers": [], "Planner Runtime": 1.122, "Total Runtime": 11512.885, "Unique SQL Id": 1437012347}}, "(1, 99)": {"explain_plan": {"Plan": {"Node Type": "Sort", "Startup Cost": 1000096381206.59, "Total Cost": 1000096381275.93, "Plan Rows": 27736, "Plan Width": 52, "Sort Key": ["(count(DISTINCT partsupp.ps_suppkey)) DESC", "part.p_brand", "part.p_type", "part.p_size"], "Plans": [{"Node Type": "Aggregate", "Strategy": "Sorted", "Parent Relationship": "Outer", "Startup Cost": 1000096368199.75, "Total Cost": 1000096379159.74, "Plan Rows": 27736, "Plan Width": 52, "Group By Key": ["part.p_brand", "part.p_type", "part.p_size"], "Plans": [{"Node Type": "Sort", "Parent Relationship": "Outer", "Startup Cost": 1000096368199.75, "Total Cost": 1000096370336.27, "Plan Rows": 854611, "Plan Width": 44, "Sort Key": ["part.p_brand", "part.p_type", "part.p_size"], "Plans": [{"Node Type": "Nested Loop", "Parent Relationship": "Outer", "Join Type": "Inner", "Startup Cost": 10000000000.52, "Total Cost": 1000096283999.59, "Plan Rows": 854611, "Plan Width": 44, "Inner Unique": true, "Plans": [{"Node Type": "Nested Loop", "Parent Relationship": "Outer", "Join Type": "Anti", "Startup Cost": 10000000000.26, "Total Cost": 1000061892121.8, "Plan Rows": 8000238, "Plan Width": 16, "Inner Unique": false, "Plans": [{"Node Type": "Index Only Scan", "Parent Relationship": "Outer", "Scan Direction": "Forward", "Index Name": "partsupp_pkey", "Relation Name": "partsupp", "Alias": "partsupp", "Startup Cost": 10000000000.0, "Total Cost": 1000027706983.0, "Plan Rows": 8000372, "Plan Width": 16}, {"Node Type": "Bitmap Heap Scan", "Parent Relationship": "Inner", "Relation Name": "supplier", "Alias": "supplier", "Startup Cost": 0.26, "Total Cost": 4.27, "Plan Rows": 1, "Plan Width": 8, "Recheck Cond": "(partsupp.ps_suppkey = s_suppkey)", "Filter": "((s_comment)::text ~~ '%Customer%Complaints%'::text)", "Plans": [{"Node Type": "Bitmap Index Scan", "Parent Relationship": "Outer", "Index Name": "supplier_pkey", "Startup Cost": 0.0, "Total Cost": 0.26, "Plan Rows": 1, "Plan Width": 0, "Index Cond": "(partsupp.ps_suppkey = s_suppkey)"}]}]}, {"Node Type": "Bitmap Heap Scan", "Parent Relationship": "Inner", "Relation Name": "part", "Alias": "part", "Startup Cost": 0.26, "Total Cost": 4.29, "Plan Rows": 1, "Plan Width": 44, "Recheck Cond": "(p_partkey = partsupp.ps_partkey)", "Filter": "((p_brand <> 'Brand#34'::bpchar) AND ((p_type)::text !~~ 'LARGE BRUSHED%'::text) AND (p_size = ANY ('{48,19,12,4,41,7,21,39}'::integer[])))", "Plans": [{"Node Type": "Bitmap Index Scan", "Parent Relationship": "Outer", "Index Name": "part_kpey", "Startup Cost": 0.0, "Total Cost": 0.26, "Plan Rows": 1, "Plan Width": 0, "Index Cond": "(p_partkey = partsupp.ps_partkey)"}]}]}]}]}]}, "Unique SQL Id": 1437012347}, "explain_analyze_plan": null}, "(1, 100)": {"explain_plan": {"Plan": {"Node Type": "Sort", "Startup Cost": 515600.3, "Total Cost": 515669.64, "Plan Rows": 27736, "Plan Width": 52, "Sort Key": ["(count(DISTINCT partsupp.ps_suppkey)) DESC", "part.p_brand", "part.p_type", "part.p_size"], "Plans": [{"Node Type": "Aggregate", "Strategy": "Sorted", "Parent Relationship": "Outer", "Startup Cost": 502593.46, "Total Cost": 513553.46, "Plan Rows": 27736, "Plan Width": 52, "Group By Key": ["part.p_brand", "part.p_type", "part.p_size"], "Plans": [{"Node Type": "Sort", "Parent Relationship": "Outer", "Startup Cost": 502593.46, "Total Cost": 504729.99, "Plan Rows": 854611, "Plan Width": 44, "Sort Key": ["part.p_brand", "part.p_type", "part.p_size"], "Plans": [{"Node Type": "Hash Join", "Parent Relationship": "Outer", "Join Type": "Anti", "Startup Cost": 99175.18, "Total Cost": 418393.3, "Plan Rows": 854611, "Plan Width": 44, "Inner Unique": false, "Hash Cond": "(partsupp.ps_suppkey = supplier.s_suppkey), (LLVM Optimized)", "Plans": [{"Node Type": "Hash Join", "Parent Relationship": "Outer", "Join Type": "Inner", "Startup Cost": 95642.05, "Total Cost": 404177.41, "Plan Rows": 854625, "Plan Width": 44, "Inner Unique": true, "Hash Cond": "(partsupp.ps_partkey = part.p_partkey), (LLVM Optimized)", "Plans": [{"Node Type": "Seq Scan", "Parent Relationship": "Outer", "Relation Name": "partsupp", "Alias": "partsupp", "Startup Cost": 0.0, "Total Cost": 269987.72, "Plan Rows": 8000372, "Plan Width": 16}, {"Node Type": "Hash", "Parent Relationship": "Inner", "Startup Cost": 91944.0, "Total Cost": 91944.0, "Plan Rows": 295844, "Plan Width": 44, "Plans": [{"Node Type": "Seq Scan", "Parent Relationship": "Outer", "Relation Name": "part", "Alias": "part", "Startup Cost": 0.0, "Total Cost": 91944.0, "Plan Rows": 295844, "Plan Width": 44, "Filter": "((p_brand <> 'Brand#34'::bpchar) AND ((p_type)::text !~~ 'LARGE BRUSHED%'::text) AND (p_size = ANY ('{48,19,12,4,41,7,21,39}'::integer[]))), (LLVM Optimized)"}]}]}, {"Node Type": "Hash", "Parent Relationship": "Inner", "Startup Cost": 3533.0, "Total Cost": 3533.0, "Plan Rows": 10, "Plan Width": 8, "Plans": [{"Node Type": "Seq Scan", "Parent Relationship": "Outer", "Relation Name": "supplier", "Alias": "supplier", "Startup Cost": 0.0, "Total Cost": 3533.0, "Plan Rows": 10, "Plan Width": 8, "Filter": "((s_comment)::text ~~ '%Customer%Complaints%'::text)"}]}]}]}]}]}, "Unique SQL Id": 1437012347}, "explain_analyze_plan": {"Plan": {"Node Type": "Sort", "Startup Cost": 515600.3, "Total Cost": 515669.64, "Plan Rows": 27736, "Plan Width": 52, "Actual Startup Time": 11497.658, "Actual Total Time": 11500.717, "Actual Rows": 27838, "Actual Loops": 1, "Sort Key": ["(count(DISTINCT partsupp.ps_suppkey)) DESC", "part.p_brand", "part.p_type", "part.p_size"], "Sort Method": "quicksort", "Sort Space Used": 5082, "Sort Space Type": "Memory", "Plans": [{"Node Type": "Aggregate", "Strategy": "Sorted", "Parent Relationship": "Outer", "Startup Cost": 502593.46, "Total Cost": 513553.46, "Plan Rows": 27736, "Plan Width": 52, "Actual Startup Time": 10600.832, "Actual Total Time": 11403.77, "Actual Rows": 27838, "Actual Loops": 1, "Group By Key": ["part.p_brand", "part.p_type", "part.p_size"], "Plans": [{"Node Type": "Sort", "Parent Relationship": "Outer", "Startup Cost": 502593.46, "Total Cost": 504729.99, "Plan Rows": 854611, "Plan Width": 44, "Actual Startup Time": 10600.662, "Actual Total Time": 10805.964, "Actual Rows": 1188666, "Actual Loops": 1, "Sort Key": ["part.p_brand", "part.p_type", "part.p_size"], "Sort Method": "quicksort", "Sort Space Used": 233373, "Sort Space Type": "Memory", "Plans": [{"Node Type": "Hash Join", "Parent Relationship": "Outer", "Join Type": "Anti", "Startup Cost": 99175.18, "Total Cost": 418393.3, "Plan Rows": 854611, "Plan Width": 44, "Actual Startup Time": 1364.023, "Actual Total Time": 6195.986, "Actual Rows": 1188666, "Actual Loops": 1, "Inner Unique": false, "Hash Cond": "(partsupp.ps_suppkey = supplier.s_suppkey), (LLVM Optimized, Jit Execute)", "Plans": [{"Node Type": "Hash Join", "Parent Relationship": "Outer", "Join Type": "Inner", "Startup Cost": 95642.05, "Total Cost": 404177.41, "Plan Rows": 854625, "Plan Width": 44, "Actual Startup Time": 1311.723, "Actual Total Time": 5817.919, "Actual Rows": 1189344, "Actual Loops": 1, "Inner Unique": true, "Hash Cond": "(partsupp.ps_partkey = part.p_partkey), (LLVM Optimized, Jit Execute)", "Plans": [{"Node Type": "Seq Scan", "Parent Relationship": "Outer", "Relation Name": "partsupp", "Alias": "partsupp", "Startup Cost": 0.0, "Total Cost": 269987.72, "Plan Rows": 8000372, "Plan Width": 16, "Actual Startup Time": 0.018, "Actual Total Time": 2435.195, "Actual Rows": 8000000, "Actual Loops": 1}, {"Node Type": "Hash", "Parent Relationship": "Inner", "Startup Cost": 91944.0, "Total Cost": 91944.0, "Plan Rows": 295844, "Plan Width": 44, "Actual Startup Time": 1310.915, "Actual Total Time": 1310.915, "Actual Rows": 297336, "Actual Loops": 1, "Hash Buckets": 524288, "Hash Batches": 1, "Original Hash Batches": 1, "Peak Memory Usage": 23216, "Plans": [{"Node Type": "Seq Scan", "Parent Relationship": "Outer", "Relation Name": "part", "Alias": "part", "Startup Cost": 0.0, "Total Cost": 91944.0, "Plan Rows": 295844, "Plan Width": 44, "Actual Startup Time": 0.025, "Actual Total Time": 1163.672, "Actual Rows": 297336, "Actual Loops": 1, "Filter": "((p_brand <> 'Brand#34'::bpchar) AND ((p_type)::text !~~ 'LARGE BRUSHED%'::text) AND (p_size = ANY ('{48,19,12,4,41,7,21,39}'::integer[]))), (LLVM Optimized, Jit Execute)", "Rows Removed by Filter": 1702664}]}]}, {"Node Type": "Hash", "Parent Relationship": "Inner", "Startup Cost": 3533.0, "Total Cost": 3533.0, "Plan Rows": 10, "Plan Width": 8, "Actual Startup Time": 52.21, "Actual Total Time": 52.21, "Actual Rows": 56, "Actual Loops": 1, "Hash Buckets": 32768, "Hash Batches": 1, "Original Hash Batches": 1, "Peak Memory Usage": 3, "Plans": [{"Node Type": "Seq Scan", "Parent Relationship": "Outer", "Relation Name": "supplier", "Alias": "supplier", "Startup Cost": 0.0, "Total Cost": 3533.0, "Plan Rows": 10, "Plan Width": 8, "Actual Startup Time": 0.239, "Actual Total Time": 52.158, "Actual Rows": 56, "Actual Loops": 1, "Filter": "((s_comment)::text ~~ '%Customer%Complaints%'::text)", "Rows Removed by Filter": 99944}]}]}]}]}]}, "Triggers": [], "Planner Runtime": 1.122, "Total Runtime": 11512.885, "Unique SQL Id": 1437012347}}, "(1, 101)": {"explain_plan": {"Plan": {"Node Type": "Sort", "Startup Cost": 718008.41, "Total Cost": 718077.75, "Plan Rows": 27736, "Plan Width": 52, "Sort Key": ["(count(DISTINCT partsupp.ps_suppkey)) DESC", "part.p_brand", "part.p_type", "part.p_size"], "Plans": [{"Node Type": "Aggregate", "Strategy": "Sorted", "Parent Relationship": "Outer", "Startup Cost": 705001.57, "Total Cost": 715961.56, "Plan Rows": 27736, "Plan Width": 52, "Group By Key": ["part.p_brand", "part.p_type", "part.p_size"], "Plans": [{"Node Type": "Sort", "Parent Relationship": "Outer", "Startup Cost": 705001.57, "Total Cost": 707138.09, "Plan Rows": 854611, "Plan Width": 44, "Sort Key": ["part.p_brand", "part.p_type", "part.p_size"], "Plans": [{"Node Type": "Hash Join", "Parent Relationship": "Outer", "Join Type": "Anti", "Startup Cost": 140085.97, "Total Cost": 620801.41, "Plan Rows": 854611, "Plan Width": 44, "Inner Unique": false, "Hash Cond": "(partsupp.ps_suppkey = supplier.s_suppkey), (LLVM Optimized)", "Plans": [{"Node Type": "Hash Join", "Parent Relationship": "Outer", "Join Type": "Inner", "Startup Cost": 134501.3, "Total Cost": 604533.98, "Plan Rows": 854625, "Plan Width": 44, "Inner Unique": true, "Hash Cond": "(partsupp.ps_partkey = part.p_partkey), (LLVM Optimized)", "Plans": [{"Node Type": "Index Scan", "Parent Relationship": "Outer", "Scan Direction": "Forward", "Index Name": "idx_partsupp_partkey", "Relation Name": "partsupp", "Alias": "partsupp", "Startup Cost": 0.0, "Total Cost": 431485.03, "Plan Rows": 8000372, "Plan Width": 16}, {"Node Type": "Hash", "Parent Relationship": "Inner", "Startup Cost": 130803.25, "Total Cost": 130803.25, "Plan Rows": 295844, "Plan Width": 44, "Plans": [{"Node Type": "Index Scan", "Parent Relationship": "Outer", "Scan Direction": "Forward", "Index Name": "part_kpey", "Relation Name": "part", "Alias": "part", "Startup Cost": 0.0, "Total Cost": 130803.25, "Plan Rows": 295844, "Plan Width": 44, "Filter": "((p_brand <> 'Brand#34'::bpchar) AND ((p_type)::text !~~ 'LARGE BRUSHED%'::text) AND (p_size = ANY ('{48,19,12,4,41,7,21,39}'::integer[]))), (LLVM Optimized)"}]}]}, {"Node Type": "Hash", "Parent Relationship": "Inner", "Startup Cost": 5584.54, "Total Cost": 5584.54, "Plan Rows": 10, "Plan Width": 8, "Plans": [{"Node Type": "Index Scan", "Parent Relationship": "Outer", "Scan Direction": "Forward", "Index Name": "supplier_pkey", "Relation Name": "supplier", "Alias": "supplier", "Startup Cost": 0.0, "Total Cost": 5584.54, "Plan Rows": 10, "Plan Width": 8, "Filter": "((s_comment)::text ~~ '%Customer%Complaints%'::text)"}]}]}]}]}]}, "Unique SQL Id": 1437012347}, "explain_analyze_plan": {"Plan": {"Node Type": "Sort", "Startup Cost": 718008.41, "Total Cost": 718077.75, "Plan Rows": 27736, "Plan Width": 52, "Actual Startup Time": 14805.12, "Actual Total Time": 14808.062, "Actual Rows": 27838, "Actual Loops": 1, "Sort Key": ["(count(DISTINCT partsupp.ps_suppkey)) DESC", "part.p_brand", "part.p_type", "part.p_size"], "Sort Method": "quicksort", "Sort Space Used": 5082, "Sort Space Type": "Memory", "Plans": [{"Node Type": "Aggregate", "Strategy": "Sorted", "Parent Relationship": "Outer", "Startup Cost": 705001.57, "Total Cost": 715961.56, "Plan Rows": 27736, "Plan Width": 52, "Actual Startup Time": 13727.69, "Actual Total Time": 14707.093, "Actual Rows": 27838, "Actual Loops": 1, "Group By Key": ["part.p_brand", "part.p_type", "part.p_size"], "Plans": [{"Node Type": "Sort", "Parent Relationship": "Outer", "Startup Cost": 705001.57, "Total Cost": 707138.09, "Plan Rows": 854611, "Plan Width": 44, "Actual Startup Time": 13727.584, "Actual Total Time": 14061.121, "Actual Rows": 1188666, "Actual Loops": 1, "Sort Key": ["part.p_brand", "part.p_type", "part.p_size"], "Sort Method": "quicksort", "Sort Space Used": 233373, "Sort Space Type": "Memory", "Plans": [{"Node Type": "Hash Join", "Parent Relationship": "Outer", "Join Type": "Anti", "Startup Cost": 140085.97, "Total Cost": 620801.41, "Plan Rows": 854611, "Plan Width": 44, "Actual Startup Time": 2265.616, "Actual Total Time": 9684.509, "Actual Rows": 1188666, "Actual Loops": 1, "Inner Unique": false, "Hash Cond": "(partsupp.ps_suppkey = supplier.s_suppkey), (LLVM Optimized, Jit Execute)", "Plans": [{"Node Type": "Hash Join", "Parent Relationship": "Outer", "Join Type": "Inner", "Startup Cost": 134501.3, "Total Cost": 604533.98, "Plan Rows": 854625, "Plan Width": 44, "Actual Startup Time": 2190.529, "Actual Total Time": 9284.484, "Actual Rows": 1189344, "Actual Loops": 1, "Inner Unique": true, "Hash Cond": "(partsupp.ps_partkey = part.p_partkey), (LLVM Optimized, Jit Execute)", "Plans": [{"Node Type": "Index Scan", "Parent Relationship": "Outer", "Scan Direction": "Forward", "Index Name": "idx_partsupp_partkey", "Relation Name": "partsupp", "Alias": "partsupp", "Startup Cost": 0.0, "Total Cost": 431485.03, "Plan Rows": 8000372, "Plan Width": 16, "Actual Startup Time": 0.035, "Actual Total Time": 4966.306, "Actual Rows": 8000000, "Actual Loops": 1}, {"Node Type": "Hash", "Parent Relationship": "Inner", "Startup Cost": 130803.25, "Total Cost": 130803.25, "Plan Rows": 295844, "Plan Width": 44, "Actual Startup Time": 2190.14, "Actual Total Time": 2190.14, "Actual Rows": 297336, "Actual Loops": 1, "Hash Buckets": 524288, "Hash Batches": 1, "Original Hash Batches": 1, "Peak Memory Usage": 23216, "Plans": [{"Node Type": "Index Scan", "Parent Relationship": "Outer", "Scan Direction": "Forward", "Index Name": "part_kpey", "Relation Name": "part", "Alias": "part", "Startup Cost": 0.0, "Total Cost": 130803.25, "Plan Rows": 295844, "Plan Width": 44, "Actual Startup Time": 0.042, "Actual Total Time": 2040.217, "Actual Rows": 297336, "Actual Loops": 1, "Filter": "((p_brand <> 'Brand#34'::bpchar) AND ((p_type)::text !~~ 'LARGE BRUSHED%'::text) AND (p_size = ANY ('{48,19,12,4,41,7,21,39}'::integer[]))), (LLVM Optimized, Jit Execute)", "Rows Removed by Filter": 1702664}]}]}, {"Node Type": "Hash", "Parent Relationship": "Inner", "Startup Cost": 5584.54, "Total Cost": 5584.54, "Plan Rows": 10, "Plan Width": 8, "Actual Startup Time": 75.018, "Actual Total Time": 75.018, "Actual Rows": 56, "Actual Loops": 1, "Hash Buckets": 32768, "Hash Batches": 1, "Original Hash Batches": 1, "Peak Memory Usage": 3, "Plans": [{"Node Type": "Index Scan", "Parent Relationship": "Outer", "Scan Direction": "Forward", "Index Name": "supplier_pkey", "Relation Name": "supplier", "Alias": "supplier", "Startup Cost": 0.0, "Total Cost": 5584.54, "Plan Rows": 10, "Plan Width": 8, "Actual Startup Time": 0.32, "Actual Total Time": 74.952, "Actual Rows": 56, "Actual Loops": 1, "Filter": "((s_comment)::text ~~ '%Customer%Complaints%'::text)", "Rows Removed by Filter": 99944}]}]}]}]}]}, "Triggers": [], "Planner Runtime": 0.835, "Total Runtime": 14820.181, "Unique SQL Id": 1437012347}}, "(1, 102)": {"explain_plan": {"Plan": {"Node Type": "Sort", "Startup Cost": 515600.3, "Total Cost": 515669.64, "Plan Rows": 27736, "Plan Width": 52, "Sort Key": ["(count(DISTINCT partsupp.ps_suppkey)) DESC", "part.p_brand", "part.p_type", "part.p_size"], "Plans": [{"Node Type": "Aggregate", "Strategy": "Sorted", "Parent Relationship": "Outer", "Startup Cost": 502593.46, "Total Cost": 513553.46, "Plan Rows": 27736, "Plan Width": 52, "Group By Key": ["part.p_brand", "part.p_type", "part.p_size"], "Plans": [{"Node Type": "Sort", "Parent Relationship": "Outer", "Startup Cost": 502593.46, "Total Cost": 504729.99, "Plan Rows": 854611, "Plan Width": 44, "Sort Key": ["part.p_brand", "part.p_type", "part.p_size"], "Plans": [{"Node Type": "Hash Join", "Parent Relationship": "Outer", "Join Type": "Anti", "Startup Cost": 99175.18, "Total Cost": 418393.3, "Plan Rows": 854611, "Plan Width": 44, "Inner Unique": false, "Hash Cond": "(partsupp.ps_suppkey = supplier.s_suppkey), (LLVM Optimized)", "Plans": [{"Node Type": "Hash Join", "Parent Relationship": "Outer", "Join Type": "Inner", "Startup Cost": 95642.05, "Total Cost": 404177.41, "Plan Rows": 854625, "Plan Width": 44, "Inner Unique": true, "Hash Cond": "(partsupp.ps_partkey = part.p_partkey), (LLVM Optimized)", "Plans": [{"Node Type": "Seq Scan", "Parent Relationship": "Outer", "Relation Name": "partsupp", "Alias": "partsupp", "Startup Cost": 0.0, "Total Cost": 269987.72, "Plan Rows": 8000372, "Plan Width": 16}, {"Node Type": "Hash", "Parent Relationship": "Inner", "Startup Cost": 91944.0, "Total Cost": 91944.0, "Plan Rows": 295844, "Plan Width": 44, "Plans": [{"Node Type": "Seq Scan", "Parent Relationship": "Outer", "Relation Name": "part", "Alias": "part", "Startup Cost": 0.0, "Total Cost": 91944.0, "Plan Rows": 295844, "Plan Width": 44, "Filter": "((p_brand <> 'Brand#34'::bpchar) AND ((p_type)::text !~~ 'LARGE BRUSHED%'::text) AND (p_size = ANY ('{48,19,12,4,41,7,21,39}'::integer[]))), (LLVM Optimized)"}]}]}, {"Node Type": "Hash", "Parent Relationship": "Inner", "Startup Cost": 3533.0, "Total Cost": 3533.0, "Plan Rows": 10, "Plan Width": 8, "Plans": [{"Node Type": "Seq Scan", "Parent Relationship": "Outer", "Relation Name": "supplier", "Alias": "supplier", "Startup Cost": 0.0, "Total Cost": 3533.0, "Plan Rows": 10, "Plan Width": 8, "Filter": "((s_comment)::text ~~ '%Customer%Complaints%'::text)"}]}]}]}]}]}, "Unique SQL Id": 1437012347}, "explain_analyze_plan": {"Plan": {"Node Type": "Sort", "Startup Cost": 515600.3, "Total Cost": 515669.64, "Plan Rows": 27736, "Plan Width": 52, "Actual Startup Time": 11497.658, "Actual Total Time": 11500.717, "Actual Rows": 27838, "Actual Loops": 1, "Sort Key": ["(count(DISTINCT partsupp.ps_suppkey)) DESC", "part.p_brand", "part.p_type", "part.p_size"], "Sort Method": "quicksort", "Sort Space Used": 5082, "Sort Space Type": "Memory", "Plans": [{"Node Type": "Aggregate", "Strategy": "Sorted", "Parent Relationship": "Outer", "Startup Cost": 502593.46, "Total Cost": 513553.46, "Plan Rows": 27736, "Plan Width": 52, "Actual Startup Time": 10600.832, "Actual Total Time": 11403.77, "Actual Rows": 27838, "Actual Loops": 1, "Group By Key": ["part.p_brand", "part.p_type", "part.p_size"], "Plans": [{"Node Type": "Sort", "Parent Relationship": "Outer", "Startup Cost": 502593.46, "Total Cost": 504729.99, "Plan Rows": 854611, "Plan Width": 44, "Actual Startup Time": 10600.662, "Actual Total Time": 10805.964, "Actual Rows": 1188666, "Actual Loops": 1, "Sort Key": ["part.p_brand", "part.p_type", "part.p_size"], "Sort Method": "quicksort", "Sort Space Used": 233373, "Sort Space Type": "Memory", "Plans": [{"Node Type": "Hash Join", "Parent Relationship": "Outer", "Join Type": "Anti", "Startup Cost": 99175.18, "Total Cost": 418393.3, "Plan Rows": 854611, "Plan Width": 44, "Actual Startup Time": 1364.023, "Actual Total Time": 6195.986, "Actual Rows": 1188666, "Actual Loops": 1, "Inner Unique": false, "Hash Cond": "(partsupp.ps_suppkey = supplier.s_suppkey), (LLVM Optimized, Jit Execute)", "Plans": [{"Node Type": "Hash Join", "Parent Relationship": "Outer", "Join Type": "Inner", "Startup Cost": 95642.05, "Total Cost": 404177.41, "Plan Rows": 854625, "Plan Width": 44, "Actual Startup Time": 1311.723, "Actual Total Time": 5817.919, "Actual Rows": 1189344, "Actual Loops": 1, "Inner Unique": true, "Hash Cond": "(partsupp.ps_partkey = part.p_partkey), (LLVM Optimized, Jit Execute)", "Plans": [{"Node Type": "Seq Scan", "Parent Relationship": "Outer", "Relation Name": "partsupp", "Alias": "partsupp", "Startup Cost": 0.0, "Total Cost": 269987.72, "Plan Rows": 8000372, "Plan Width": 16, "Actual Startup Time": 0.018, "Actual Total Time": 2435.195, "Actual Rows": 8000000, "Actual Loops": 1}, {"Node Type": "Hash", "Parent Relationship": "Inner", "Startup Cost": 91944.0, "Total Cost": 91944.0, "Plan Rows": 295844, "Plan Width": 44, "Actual Startup Time": 1310.915, "Actual Total Time": 1310.915, "Actual Rows": 297336, "Actual Loops": 1, "Hash Buckets": 524288, "Hash Batches": 1, "Original Hash Batches": 1, "Peak Memory Usage": 23216, "Plans": [{"Node Type": "Seq Scan", "Parent Relationship": "Outer", "Relation Name": "part", "Alias": "part", "Startup Cost": 0.0, "Total Cost": 91944.0, "Plan Rows": 295844, "Plan Width": 44, "Actual Startup Time": 0.025, "Actual Total Time": 1163.672, "Actual Rows": 297336, "Actual Loops": 1, "Filter": "((p_brand <> 'Brand#34'::bpchar) AND ((p_type)::text !~~ 'LARGE BRUSHED%'::text) AND (p_size = ANY ('{48,19,12,4,41,7,21,39}'::integer[]))), (LLVM Optimized, Jit Execute)", "Rows Removed by Filter": 1702664}]}]}, {"Node Type": "Hash", "Parent Relationship": "Inner", "Startup Cost": 3533.0, "Total Cost": 3533.0, "Plan Rows": 10, "Plan Width": 8, "Actual Startup Time": 52.21, "Actual Total Time": 52.21, "Actual Rows": 56, "Actual Loops": 1, "Hash Buckets": 32768, "Hash Batches": 1, "Original Hash Batches": 1, "Peak Memory Usage": 3, "Plans": [{"Node Type": "Seq Scan", "Parent Relationship": "Outer", "Relation Name": "supplier", "Alias": "supplier", "Startup Cost": 0.0, "Total Cost": 3533.0, "Plan Rows": 10, "Plan Width": 8, "Actual Startup Time": 0.239, "Actual Total Time": 52.158, "Actual Rows": 56, "Actual Loops": 1, "Filter": "((s_comment)::text ~~ '%Customer%Complaints%'::text)", "Rows Removed by Filter": 99944}]}]}]}]}]}, "Triggers": [], "Planner Runtime": 1.122, "Total Runtime": 11512.885, "Unique SQL Id": 1437012347}}, "(1, 103)": {"explain_plan": {"Plan": {"Node Type": "Sort", "Startup Cost": 1000138301898.4, "Total Cost": 1000138301967.74, "Plan Rows": 27736, "Plan Width": 52, "Sort Key": ["(count(DISTINCT partsupp.ps_suppkey)) DESC", "part.p_brand", "part.p_type", "part.p_size"], "Plans": [{"Node Type": "Aggregate", "Strategy": "Sorted", "Parent Relationship": "Outer", "Startup Cost": 1000138288891.56, "Total Cost": 1000138299851.56, "Plan Rows": 27736, "Plan Width": 52, "Group By Key": ["part.p_brand", "part.p_type", "part.p_size"], "Plans": [{"Node Type": "Sort", "Parent Relationship": "Outer", "Startup Cost": 1000138288891.56, "Total Cost": 1000138291028.09, "Plan Rows": 854611, "Plan Width": 44, "Sort Key": ["part.p_brand", "part.p_type", "part.p_size"], "Plans": [{"Node Type": "Nested Loop", "Parent Relationship": "Outer", "Join Type": "Anti", "Startup Cost": 10000000000.52, "Total Cost": 1000138204691.41, "Plan Rows": 854611, "Plan Width": 44, "Inner Unique": false, "Plans": [{"Node Type": "Nested Loop", "Parent Relationship": "Outer", "Join Type": "Inner", "Startup Cost": 10000000000.26, "Total Cost": 1000134552934.61, "Plan Rows": 854625, "Plan Width": 44, "Inner Unique": true, "Plans": [{"Node Type": "Index Scan", "Parent Relationship": "Outer", "Scan Direction": "Forward", "Index Name": "idx_partsupp_suppkey", "Relation Name": "partsupp", "Alias": "partsupp", "Startup Cost": 10000000000.0, "Total Cost": 1000100160480.77, "Plan Rows": 8000372, "Plan Width": 16}, {"Node Type": "Bitmap Heap Scan", "Parent Relationship": "Inner", "Relation Name": "part", "Alias": "part", "Startup Cost": 0.26, "Total Cost": 4.29, "Plan Rows": 1, "Plan Width": 44, "Recheck Cond": "(p_partkey = partsupp.ps_partkey)", "Filter": "((p_brand <> 'Brand#34'::bpchar) AND ((p_type)::text !~~ 'LARGE BRUSHED%'::text) AND (p_size = ANY ('{48,19,12,4,41,7,21,39}'::integer[])))", "Plans": [{"Node Type": "Bitmap Index Scan", "Parent Relationship": "Outer", "Index Name": "part_kpey", "Startup Cost": 0.0, "Total Cost": 0.26, "Plan Rows": 1, "Plan Width": 0, "Index Cond": "(p_partkey = partsupp.ps_partkey)"}]}]}, {"Node Type": "Bitmap Heap Scan", "Parent Relationship": "Inner", "Relation Name": "supplier", "Alias": "supplier", "Startup Cost": 0.26, "Total Cost": 4.27, "Plan Rows": 1, "Plan Width": 8, "Recheck Cond": "(partsupp.ps_suppkey = s_suppkey)", "Filter": "((s_comment)::text ~~ '%Customer%Complaints%'::text)", "Plans": [{"Node Type": "Bitmap Index Scan", "Parent Relationship": "Outer", "Index Name": "supplier_pkey", "Startup Cost": 0.0, "Total Cost": 0.26, "Plan Rows": 1, "Plan Width": 0, "Index Cond": "(partsupp.ps_suppkey = s_suppkey)"}]}]}]}]}]}, "Unique SQL Id": 1437012347}, "explain_analyze_plan": null}, "(1, 104)": {"explain_plan": {"Plan": {"Node Type": "Sort", "Startup Cost": 461023.1, "Total Cost": 461092.44, "Plan Rows": 27736, "Plan Width": 52, "Sort Key": ["(count(DISTINCT partsupp.ps_suppkey)) DESC", "part.p_brand", "part.p_type", "part.p_size"], "Plans": [{"Node Type": "Aggregate", "Strategy": "Sorted", "Parent Relationship": "Outer", "Startup Cost": 448016.26, "Total Cost": 458976.25, "Plan Rows": 27736, "Plan Width": 52, "Group By Key": ["part.p_brand", "part.p_type", "part.p_size"], "Plans": [{"Node Type": "Sort", "Parent Relationship": "Outer", "Startup Cost": 448016.26, "Total Cost": 450152.78, "Plan Rows": 854611, "Plan Width": 44, "Sort Key": ["part.p_brand", "part.p_type", "part.p_size"], "Plans": [{"Node Type": "Hash Join", "Parent Relationship": "Outer", "Join Type": "Anti", "Startup Cost": 3533.12, "Total Cost": 363816.1, "Plan Rows": 854611, "Plan Width": 44, "Inner Unique": false, "Hash Cond": "(partsupp.ps_suppkey = supplier.s_suppkey), (LLVM Optimized)", "Plans": [{"Node Type": "Nested Loop", "Parent Relationship": "Outer", "Join Type": "Inner", "Startup Cost": 0.0, "Total Cost": 349594.96, "Plan Rows": 854625, "Plan Width": 44, "Inner Unique": false, "Plans": [{"Node Type": "Seq Scan", "Parent Relationship": "Outer", "Relation Name": "part", "Alias": "part", "Startup Cost": 0.0, "Total Cost": 91944.0, "Plan Rows": 295844, "Plan Width": 44, "Filter": "((p_brand <> 'Brand#34'::bpchar) AND ((p_type)::text !~~ 'LARGE BRUSHED%'::text) AND (p_size = ANY ('{48,19,12,4,41,7,21,39}'::integer[]))), (LLVM Optimized)"}, {"Node Type": "Index Only Scan", "Parent Relationship": "Inner", "Scan Direction": "Forward", "Index Name": "partsupp_pkey", "Relation Name": "partsupp", "Alias": "partsupp", "Startup Cost": 0.0, "Total Cost": 0.84, "Plan Rows": 3, "Plan Width": 16, "Index Cond": "(ps_partkey = part.p_partkey)"}]}, {"Node Type": "Hash", "Parent Relationship": "Inner", "Startup Cost": 3533.0, "Total Cost": 3533.0, "Plan Rows": 10, "Plan Width": 8, "Plans": [{"Node Type": "Seq Scan", "Parent Relationship": "Outer", "Relation Name": "supplier", "Alias": "supplier", "Startup Cost": 0.0, "Total Cost": 3533.0, "Plan Rows": 10, "Plan Width": 8, "Filter": "((s_comment)::text ~~ '%Customer%Complaints%'::text)"}]}]}]}]}]}, "Unique SQL Id": 1437012347}, "explain_analyze_plan": {"Plan": {"Node Type": "Sort", "Startup Cost": 461023.1, "Total Cost": 461092.44, "Plan Rows": 27736, "Plan Width": 52, "Actual Startup Time": 8347.857, "Actual Total Time": 8350.782, "Actual Rows": 27838, "Actual Loops": 1, "Sort Key": ["(count(DISTINCT partsupp.ps_suppkey)) DESC", "part.p_brand", "part.p_type", "part.p_size"], "Sort Method": "quicksort", "Sort Space Used": 5082, "Sort Space Type": "Memory", "Plans": [{"Node Type": "Aggregate", "Strategy": "Sorted", "Parent Relationship": "Outer", "Startup Cost": 448016.26, "Total Cost": 458976.25, "Plan Rows": 27736, "Plan Width": 52, "Actual Startup Time": 7455.228, "Actual Total Time": 8254.354, "Actual Rows": 27838, "Actual Loops": 1, "Group By Key": ["part.p_brand", "part.p_type", "part.p_size"], "Plans": [{"Node Type": "Sort", "Parent Relationship": "Outer", "Startup Cost": 448016.26, "Total Cost": 450152.78, "Plan Rows": 854611, "Plan Width": 44, "Actual Startup Time": 7455.136, "Actual Total Time": 7658.094, "Actual Rows": 1188666, "Actual Loops": 1, "Sort Key": ["part.p_brand", "part.p_type", "part.p_size"], "Sort Method": "quicksort", "Sort Space Used": 233373, "Sort Space Type": "Memory", "Plans": [{"Node Type": "Hash Join", "Parent Relationship": "Outer", "Join Type": "Anti", "Startup Cost": 3533.12, "Total Cost": 363816.1, "Plan Rows": 854611, "Plan Width": 44, "Actual Startup Time": 52.417, "Actual Total Time": 3059.066, "Actual Rows": 1188666, "Actual Loops": 1, "Inner Unique": false, "Hash Cond": "(partsupp.ps_suppkey = supplier.s_suppkey), (LLVM Optimized, Jit Execute)", "Plans": [{"Node Type": "Nested Loop", "Parent Relationship": "Outer", "Join Type": "Inner", "Startup Cost": 0.0, "Total Cost": 349594.96, "Plan Rows": 854625, "Plan Width": 44, "Actual Startup Time": 0.066, "Actual Total Time": 2675.909, "Actual Rows": 1189344, "Actual Loops": 1, "Inner Unique": false, "Plans": [{"Node Type": "Seq Scan", "Parent Relationship": "Outer", "Relation Name": "part", "Alias": "part", "Startup Cost": 0.0, "Total Cost": 91944.0, "Plan Rows": 295844, "Plan Width": 44, "Actual Startup Time": 0.041, "Actual Total Time": 1182.877, "Actual Rows": 297336, "Actual Loops": 1, "Filter": "((p_brand <> 'Brand#34'::bpchar) AND ((p_type)::text !~~ 'LARGE BRUSHED%'::text) AND (p_size = ANY ('{48,19,12,4,41,7,21,39}'::integer[]))), (LLVM Optimized, Jit Execute)", "Rows Removed by Filter": 1702664}, {"Node Type": "Index Only Scan", "Parent Relationship": "Inner", "Scan Direction": "Forward", "Index Name": "partsupp_pkey", "Relation Name": "partsupp", "Alias": "partsupp", "Startup Cost": 0.0, "Total Cost": 0.84, "Plan Rows": 3, "Plan Width": 16, "Actual Startup Time": 847.589, "Actual Total Time": 1080.648, "Actual Rows": 1189344, "Actual Loops": 297336, "Index Cond": "(ps_partkey = part.p_partkey)", "Rows Removed by Index Recheck": 0, "Heap Fetches": 0}]}, {"Node Type": "Hash", "Parent Relationship": "Inner", "Startup Cost": 3533.0, "Total Cost": 3533.0, "Plan Rows": 10, "Plan Width": 8, "Actual Startup Time": 52.297, "Actual Total Time": 52.297, "Actual Rows": 56, "Actual Loops": 1, "Hash Buckets": 32768, "Hash Batches": 1, "Original Hash Batches": 1, "Peak Memory Usage": 3, "Plans": [{"Node Type": "Seq Scan", "Parent Relationship": "Outer", "Relation Name": "supplier", "Alias": "supplier", "Startup Cost": 0.0, "Total Cost": 3533.0, "Plan Rows": 10, "Plan Width": 8, "Actual Startup Time": 0.21, "Actual Total Time": 52.243, "Actual Rows": 56, "Actual Loops": 1, "Filter": "((s_comment)::text ~~ '%Customer%Complaints%'::text)", "Rows Removed by Filter": 99944}]}]}]}]}]}, "Triggers": [], "Planner Runtime": 1.141, "Total Runtime": 8363.004, "Unique SQL Id": 1437012347}}, "(1, 105)": {"explain_plan": {"Plan": {"Node Type": "Sort", "Startup Cost": 501933.89, "Total Cost": 502003.23, "Plan Rows": 27736, "Plan Width": 52, "Sort Key": ["(count(DISTINCT partsupp.ps_suppkey)) DESC", "part.p_brand", "part.p_type", "part.p_size"], "Plans": [{"Node Type": "Aggregate", "Strategy": "Sorted", "Parent Relationship": "Outer", "Startup Cost": 488927.05, "Total Cost": 499887.05, "Plan Rows": 27736, "Plan Width": 52, "Group By Key": ["part.p_brand", "part.p_type", "part.p_size"], "Plans": [{"Node Type": "Sort", "Parent Relationship": "Outer", "Startup Cost": 488927.05, "Total Cost": 491063.58, "Plan Rows": 854611, "Plan Width": 44, "Sort Key": ["part.p_brand", "part.p_type", "part.p_size"], "Plans": [{"Node Type": "Hash Join", "Parent Relationship": "Outer", "Join Type": "Anti", "Startup Cost": 5584.67, "Total Cost": 404726.89, "Plan Rows": 854611, "Plan Width": 44, "Inner Unique": false, "Hash Cond": "(partsupp.ps_suppkey = supplier.s_suppkey), (LLVM Optimized)", "Plans": [{"Node Type": "Nested Loop", "Parent Relationship": "Outer", "Join Type": "Inner", "Startup Cost": 0.0, "Total Cost": 388454.21, "Plan Rows": 854625, "Plan Width": 44, "Inner Unique": false, "Plans": [{"Node Type": "Index Scan", "Parent Relationship": "Outer", "Scan Direction": "Forward", "Index Name": "part_kpey", "Relation Name": "part", "Alias": "part", "Startup Cost": 0.0, "Total Cost": 130803.25, "Plan Rows": 295844, "Plan Width": 44, "Filter": "((p_brand <> 'Brand#34'::bpchar) AND ((p_type)::text !~~ 'LARGE BRUSHED%'::text) AND (p_size = ANY ('{48,19,12,4,41,7,21,39}'::integer[]))), (LLVM Optimized)"}, {"Node Type": "Index Only Scan", "Parent Relationship": "Inner", "Scan Direction": "Forward", "Index Name": "partsupp_pkey", "Relation Name": "partsupp", "Alias": "partsupp", "Startup Cost": 0.0, "Total Cost": 0.84, "Plan Rows": 3, "Plan Width": 16, "Index Cond": "(ps_partkey = part.p_partkey)"}]}, {"Node Type": "Hash", "Parent Relationship": "Inner", "Startup Cost": 5584.54, "Total Cost": 5584.54, "Plan Rows": 10, "Plan Width": 8, "Plans": [{"Node Type": "Index Scan", "Parent Relationship": "Outer", "Scan Direction": "Forward", "Index Name": "supplier_pkey", "Relation Name": "supplier", "Alias": "supplier", "Startup Cost": 0.0, "Total Cost": 5584.54, "Plan Rows": 10, "Plan Width": 8, "Filter": "((s_comment)::text ~~ '%Customer%Complaints%'::text)"}]}]}]}]}]}, "Unique SQL Id": 1437012347}, "explain_analyze_plan": {"Plan": {"Node Type": "Sort", "Startup Cost": 501933.89, "Total Cost": 502003.23, "Plan Rows": 27736, "Plan Width": 52, "Actual Startup Time": 9276.147, "Actual Total Time": 9279.091, "Actual Rows": 27838, "Actual Loops": 1, "Sort Key": ["(count(DISTINCT partsupp.ps_suppkey)) DESC", "part.p_brand", "part.p_type", "part.p_size"], "Sort Method": "quicksort", "Sort Space Used": 5082, "Sort Space Type": "Memory", "Plans": [{"Node Type": "Aggregate", "Strategy": "Sorted", "Parent Relationship": "Outer", "Startup Cost": 488927.05, "Total Cost": 499887.05, "Plan Rows": 27736, "Plan Width": 52, "Actual Startup Time": 8174.969, "Actual Total Time": 9178.461, "Actual Rows": 27838, "Actual Loops": 1, "Group By Key": ["part.p_brand", "part.p_type", "part.p_size"], "Plans": [{"Node Type": "Sort", "Parent Relationship": "Outer", "Startup Cost": 488927.05, "Total Cost": 491063.58, "Plan Rows": 854611, "Plan Width": 44, "Actual Startup Time": 8174.884, "Actual Total Time": 8529.299, "Actual Rows": 1188666, "Actual Loops": 1, "Sort Key": ["part.p_brand", "part.p_type", "part.p_size"], "Sort Method": "quicksort", "Sort Space Used": 233373, "Sort Space Type": "Memory", "Plans": [{"Node Type": "Hash Join", "Parent Relationship": "Outer", "Join Type": "Anti", "Startup Cost": 5584.67, "Total Cost": 404726.89, "Plan Rows": 854611, "Plan Width": 44, "Actual Startup Time": 75.296, "Actual Total Time": 3920.806, "Actual Rows": 1188666, "Actual Loops": 1, "Inner Unique": false, "Hash Cond": "(partsupp.ps_suppkey = supplier.s_suppkey), (LLVM Optimized, Jit Execute)", "Plans": [{"Node Type": "Nested Loop", "Parent Relationship": "Outer", "Join Type": "Inner", "Startup Cost": 0.0, "Total Cost": 388454.21, "Plan Rows": 854625, "Plan Width": 44, "Actual Startup Time": 0.065, "Actual Total Time": 3515.424, "Actual Rows": 1189344, "Actual Loops": 1, "Inner Unique": false, "Plans": [{"Node Type": "Index Scan", "Parent Relationship": "Outer", "Scan Direction": "Forward", "Index Name": "part_kpey", "Relation Name": "part", "Alias": "part", "Startup Cost": 0.0, "Total Cost": 130803.25, "Plan Rows": 295844, "Plan Width": 44, "Actual Startup Time": 0.046, "Actual Total Time": 1974.121, "Actual Rows": 297336, "Actual Loops": 1, "Filter": "((p_brand <> 'Brand#34'::bpchar) AND ((p_type)::text !~~ 'LARGE BRUSHED%'::text) AND (p_size = ANY ('{48,19,12,4,41,7,21,39}'::integer[]))), (LLVM Optimized, Jit Execute)", "Rows Removed by Filter": 1702664}, {"Node Type": "Index Only Scan", "Parent Relationship": "Inner", "Scan Direction": "Forward", "Index Name": "partsupp_pkey", "Relation Name": "partsupp", "Alias": "partsupp", "Startup Cost": 0.0, "Total Cost": 0.84, "Plan Rows": 3, "Plan Width": 16, "Actual Startup Time": 904.578, "Actual Total Time": 1129.474, "Actual Rows": 1189344, "Actual Loops": 297336, "Index Cond": "(ps_partkey = part.p_partkey)", "Rows Removed by Index Recheck": 0, "Heap Fetches": 0}]}, {"Node Type": "Hash", "Parent Relationship": "Inner", "Startup Cost": 5584.54, "Total Cost": 5584.54, "Plan Rows": 10, "Plan Width": 8, "Actual Startup Time": 75.185, "Actual Total Time": 75.185, "Actual Rows": 56, "Actual Loops": 1, "Hash Buckets": 32768, "Hash Batches": 1, "Original Hash Batches": 1, "Peak Memory Usage": 3, "Plans": [{"Node Type": "Index Scan", "Parent Relationship": "Outer", "Scan Direction": "Forward", "Index Name": "supplier_pkey", "Relation Name": "supplier", "Alias": "supplier", "Startup Cost": 0.0, "Total Cost": 5584.54, "Plan Rows": 10, "Plan Width": 8, "Actual Startup Time": 0.294, "Actual Total Time": 75.114, "Actual Rows": 56, "Actual Loops": 1, "Filter": "((s_comment)::text ~~ '%Customer%Complaints%'::text)", "Rows Removed by Filter": 99944}]}]}]}]}]}, "Triggers": [], "Planner Runtime": 1.153, "Total Runtime": 9290.89, "Unique SQL Id": 1437012347}}, "(1, 106)": {"explain_plan": {"Plan": {"Node Type": "Sort", "Startup Cost": 515600.3, "Total Cost": 515669.64, "Plan Rows": 27736, "Plan Width": 52, "Sort Key": ["(count(DISTINCT partsupp.ps_suppkey)) DESC", "part.p_brand", "part.p_type", "part.p_size"], "Plans": [{"Node Type": "Aggregate", "Strategy": "Sorted", "Parent Relationship": "Outer", "Startup Cost": 502593.46, "Total Cost": 513553.46, "Plan Rows": 27736, "Plan Width": 52, "Group By Key": ["part.p_brand", "part.p_type", "part.p_size"], "Plans": [{"Node Type": "Sort", "Parent Relationship": "Outer", "Startup Cost": 502593.46, "Total Cost": 504729.99, "Plan Rows": 854611, "Plan Width": 44, "Sort Key": ["part.p_brand", "part.p_type", "part.p_size"], "Plans": [{"Node Type": "Hash Join", "Parent Relationship": "Outer", "Join Type": "Anti", "Startup Cost": 99175.18, "Total Cost": 418393.3, "Plan Rows": 854611, "Plan Width": 44, "Inner Unique": false, "Hash Cond": "(partsupp.ps_suppkey = supplier.s_suppkey), (LLVM Optimized)", "Plans": [{"Node Type": "Hash Join", "Parent Relationship": "Outer", "Join Type": "Inner", "Startup Cost": 95642.05, "Total Cost": 404177.41, "Plan Rows": 854625, "Plan Width": 44, "Inner Unique": true, "Hash Cond": "(partsupp.ps_partkey = part.p_partkey), (LLVM Optimized)", "Plans": [{"Node Type": "Seq Scan", "Parent Relationship": "Outer", "Relation Name": "partsupp", "Alias": "partsupp", "Startup Cost": 0.0, "Total Cost": 269987.72, "Plan Rows": 8000372, "Plan Width": 16}, {"Node Type": "Hash", "Parent Relationship": "Inner", "Startup Cost": 91944.0, "Total Cost": 91944.0, "Plan Rows": 295844, "Plan Width": 44, "Plans": [{"Node Type": "Seq Scan", "Parent Relationship": "Outer", "Relation Name": "part", "Alias": "part", "Startup Cost": 0.0, "Total Cost": 91944.0, "Plan Rows": 295844, "Plan Width": 44, "Filter": "((p_brand <> 'Brand#34'::bpchar) AND ((p_type)::text !~~ 'LARGE BRUSHED%'::text) AND (p_size = ANY ('{48,19,12,4,41,7,21,39}'::integer[]))), (LLVM Optimized)"}]}]}, {"Node Type": "Hash", "Parent Relationship": "Inner", "Startup Cost": 3533.0, "Total Cost": 3533.0, "Plan Rows": 10, "Plan Width": 8, "Plans": [{"Node Type": "Seq Scan", "Parent Relationship": "Outer", "Relation Name": "supplier", "Alias": "supplier", "Startup Cost": 0.0, "Total Cost": 3533.0, "Plan Rows": 10, "Plan Width": 8, "Filter": "((s_comment)::text ~~ '%Customer%Complaints%'::text)"}]}]}]}]}]}, "Unique SQL Id": 1437012347}, "explain_analyze_plan": {"Plan": {"Node Type": "Sort", "Startup Cost": 515600.3, "Total Cost": 515669.64, "Plan Rows": 27736, "Plan Width": 52, "Actual Startup Time": 11497.658, "Actual Total Time": 11500.717, "Actual Rows": 27838, "Actual Loops": 1, "Sort Key": ["(count(DISTINCT partsupp.ps_suppkey)) DESC", "part.p_brand", "part.p_type", "part.p_size"], "Sort Method": "quicksort", "Sort Space Used": 5082, "Sort Space Type": "Memory", "Plans": [{"Node Type": "Aggregate", "Strategy": "Sorted", "Parent Relationship": "Outer", "Startup Cost": 502593.46, "Total Cost": 513553.46, "Plan Rows": 27736, "Plan Width": 52, "Actual Startup Time": 10600.832, "Actual Total Time": 11403.77, "Actual Rows": 27838, "Actual Loops": 1, "Group By Key": ["part.p_brand", "part.p_type", "part.p_size"], "Plans": [{"Node Type": "Sort", "Parent Relationship": "Outer", "Startup Cost": 502593.46, "Total Cost": 504729.99, "Plan Rows": 854611, "Plan Width": 44, "Actual Startup Time": 10600.662, "Actual Total Time": 10805.964, "Actual Rows": 1188666, "Actual Loops": 1, "Sort Key": ["part.p_brand", "part.p_type", "part.p_size"], "Sort Method": "quicksort", "Sort Space Used": 233373, "Sort Space Type": "Memory", "Plans": [{"Node Type": "Hash Join", "Parent Relationship": "Outer", "Join Type": "Anti", "Startup Cost": 99175.18, "Total Cost": 418393.3, "Plan Rows": 854611, "Plan Width": 44, "Actual Startup Time": 1364.023, "Actual Total Time": 6195.986, "Actual Rows": 1188666, "Actual Loops": 1, "Inner Unique": false, "Hash Cond": "(partsupp.ps_suppkey = supplier.s_suppkey), (LLVM Optimized, Jit Execute)", "Plans": [{"Node Type": "Hash Join", "Parent Relationship": "Outer", "Join Type": "Inner", "Startup Cost": 95642.05, "Total Cost": 404177.41, "Plan Rows": 854625, "Plan Width": 44, "Actual Startup Time": 1311.723, "Actual Total Time": 5817.919, "Actual Rows": 1189344, "Actual Loops": 1, "Inner Unique": true, "Hash Cond": "(partsupp.ps_partkey = part.p_partkey), (LLVM Optimized, Jit Execute)", "Plans": [{"Node Type": "Seq Scan", "Parent Relationship": "Outer", "Relation Name": "partsupp", "Alias": "partsupp", "Startup Cost": 0.0, "Total Cost": 269987.72, "Plan Rows": 8000372, "Plan Width": 16, "Actual Startup Time": 0.018, "Actual Total Time": 2435.195, "Actual Rows": 8000000, "Actual Loops": 1}, {"Node Type": "Hash", "Parent Relationship": "Inner", "Startup Cost": 91944.0, "Total Cost": 91944.0, "Plan Rows": 295844, "Plan Width": 44, "Actual Startup Time": 1310.915, "Actual Total Time": 1310.915, "Actual Rows": 297336, "Actual Loops": 1, "Hash Buckets": 524288, "Hash Batches": 1, "Original Hash Batches": 1, "Peak Memory Usage": 23216, "Plans": [{"Node Type": "Seq Scan", "Parent Relationship": "Outer", "Relation Name": "part", "Alias": "part", "Startup Cost": 0.0, "Total Cost": 91944.0, "Plan Rows": 295844, "Plan Width": 44, "Actual Startup Time": 0.025, "Actual Total Time": 1163.672, "Actual Rows": 297336, "Actual Loops": 1, "Filter": "((p_brand <> 'Brand#34'::bpchar) AND ((p_type)::text !~~ 'LARGE BRUSHED%'::text) AND (p_size = ANY ('{48,19,12,4,41,7,21,39}'::integer[]))), (LLVM Optimized, Jit Execute)", "Rows Removed by Filter": 1702664}]}]}, {"Node Type": "Hash", "Parent Relationship": "Inner", "Startup Cost": 3533.0, "Total Cost": 3533.0, "Plan Rows": 10, "Plan Width": 8, "Actual Startup Time": 52.21, "Actual Total Time": 52.21, "Actual Rows": 56, "Actual Loops": 1, "Hash Buckets": 32768, "Hash Batches": 1, "Original Hash Batches": 1, "Peak Memory Usage": 3, "Plans": [{"Node Type": "Seq Scan", "Parent Relationship": "Outer", "Relation Name": "supplier", "Alias": "supplier", "Startup Cost": 0.0, "Total Cost": 3533.0, "Plan Rows": 10, "Plan Width": 8, "Actual Startup Time": 0.239, "Actual Total Time": 52.158, "Actual Rows": 56, "Actual Loops": 1, "Filter": "((s_comment)::text ~~ '%Customer%Complaints%'::text)", "Rows Removed by Filter": 99944}]}]}]}]}]}, "Triggers": [], "Planner Runtime": 1.122, "Total Runtime": 11512.885, "Unique SQL Id": 1437012347}}, "(1, 107)": {"explain_plan": {"Plan": {"Node Type": "Sort", "Startup Cost": 3000041495897.96, "Total Cost": 3000041495967.3, "Plan Rows": 27736, "Plan Width": 52, "Sort Key": ["(count(DISTINCT partsupp.ps_suppkey)) DESC", "part.p_brand", "part.p_type", "part.p_size"], "Plans": [{"Node Type": "Aggregate", "Strategy": "Sorted", "Parent Relationship": "Outer", "Startup Cost": 3000041482891.12, "Total Cost": 3000041493851.12, "Plan Rows": 27736, "Plan Width": 52, "Group By Key": ["part.p_brand", "part.p_type", "part.p_size"], "Plans": [{"Node Type": "Sort", "Parent Relationship": "Outer", "Startup Cost": 3000041482891.12, "Total Cost": 3000041485027.65, "Plan Rows": 854611, "Plan Width": 44, "Sort Key": ["part.p_brand", "part.p_type", "part.p_size"], "Plans": [{"Node Type": "Hash Join", "Parent Relationship": "Outer", "Join Type": "Anti", "Startup Cost": 2010013642477.55, "Total Cost": 3000041398690.96, "Plan Rows": 854611, "Plan Width": 44, "Inner Unique": false, "Hash Cond": "(partsupp.ps_suppkey = supplier.s_suppkey), (LLVM Optimized)", "Plans": [{"Node Type": "Hash Join", "Parent Relationship": "Outer", "Join Type": "Inner", "Startup Cost": 1010013084023.05, "Total Cost": 2000040829553.7, "Plan Rows": 854625, "Plan Width": 44, "Inner Unique": true, "Hash Cond": "(partsupp.ps_partkey = part.p_partkey), (LLVM Optimized)", "Plans": [{"Node Type": "Index Only Scan", "Parent Relationship": "Outer", "Scan Direction": "Forward", "Index Name": "partsupp_pkey", "Relation Name": "partsupp", "Alias": "partsupp", "Startup Cost": 10000000000.0, "Total Cost": 1000027706983.0, "Plan Rows": 8000372, "Plan Width": 16}, {"Node Type": "Hash", "Parent Relationship": "Inner", "Startup Cost": 1000013080325.0, "Total Cost": 1000013080325.0, "Plan Rows": 295844, "Plan Width": 44, "Plans": [{"Node Type": "Index Scan", "Parent Relationship": "Outer", "Scan Direction": "Forward", "Index Name": "part_kpey", "Relation Name": "part", "Alias": "part", "Startup Cost": 10000000000.0, "Total Cost": 1000013080325.0, "Plan Rows": 295844, "Plan Width": 44, "Filter": "((p_brand <> 'Brand#34'::bpchar) AND ((p_type)::text !~~ 'LARGE BRUSHED%'::text) AND (p_size = ANY ('{48,19,12,4,41,7,21,39}'::integer[]))), (LLVM Optimized)"}]}]}, {"Node Type": "Hash", "Parent Relationship": "Inner", "Startup Cost": 1000000558454.38, "Total Cost": 1000000558454.38, "Plan Rows": 10, "Plan Width": 8, "Plans": [{"Node Type": "Index Scan", "Parent Relationship": "Outer", "Scan Direction": "Forward", "Index Name": "supplier_pkey", "Relation Name": "supplier", "Alias": "supplier", "Startup Cost": 10000000000.0, "Total Cost": 1000000558454.38, "Plan Rows": 10, "Plan Width": 8, "Filter": "((s_comment)::text ~~ '%Customer%Complaints%'::text)"}]}]}]}]}]}, "Unique SQL Id": 1437012347}, "explain_analyze_plan": {"Plan": {"Node Type": "Sort", "Startup Cost": 3000041495897.96, "Total Cost": 3000041495967.3, "Plan Rows": 27736, "Plan Width": 52, "Actual Startup Time": 11388.201, "Actual Total Time": 11391.937, "Actual Rows": 27838, "Actual Loops": 1, "Sort Key": ["(count(DISTINCT partsupp.ps_suppkey)) DESC", "part.p_brand", "part.p_type", "part.p_size"], "Sort Method": "quicksort", "Sort Space Used": 5082, "Sort Space Type": "Memory", "Plans": [{"Node Type": "Aggregate", "Strategy": "Sorted", "Parent Relationship": "Outer", "Startup Cost": 3000041482891.12, "Total Cost": 3000041493851.12, "Plan Rows": 27736, "Plan Width": 52, "Actual Startup Time": 10405.759, "Actual Total Time": 11293.848, "Actual Rows": 27838, "Actual Loops": 1, "Group By Key": ["part.p_brand", "part.p_type", "part.p_size"], "Plans": [{"Node Type": "Sort", "Parent Relationship": "Outer", "Startup Cost": 3000041482891.12, "Total Cost": 3000041485027.65, "Plan Rows": 854611, "Plan Width": 44, "Actual Startup Time": 10405.613, "Actual Total Time": 10690.181, "Actual Rows": 1188666, "Actual Loops": 1, "Sort Key": ["part.p_brand", "part.p_type", "part.p_size"], "Sort Method": "quicksort", "Sort Space Used": 233373, "Sort Space Type": "Memory", "Plans": [{"Node Type": "Hash Join", "Parent Relationship": "Outer", "Join Type": "Anti", "Startup Cost": 2010013642477.55, "Total Cost": 3000041398690.96, "Plan Rows": 854611, "Plan Width": 44, "Actual Startup Time": 2116.834, "Actual Total Time": 6289.384, "Actual Rows": 1188666, "Actual Loops": 1, "Inner Unique": false, "Hash Cond": "(partsupp.ps_suppkey = supplier.s_suppkey), (LLVM Optimized, Jit Execute)", "Plans": [{"Node Type": "Hash Join", "Parent Relationship": "Outer", "Join Type": "Inner", "Startup Cost": 1010013084023.05, "Total Cost": 2000040829553.7, "Plan Rows": 854625, "Plan Width": 44, "Actual Startup Time": 2020.85, "Actual Total Time": 5881.352, "Actual Rows": 1189344, "Actual Loops": 1, "Inner Unique": true, "Hash Cond": "(partsupp.ps_partkey = part.p_partkey), (LLVM Optimized, Jit Execute)", "Plans": [{"Node Type": "Index Only Scan", "Parent Relationship": "Outer", "Scan Direction": "Forward", "Index Name": "partsupp_pkey", "Relation Name": "partsupp", "Alias": "partsupp", "Startup Cost": 10000000000.0, "Total Cost": 1000027706983.0, "Plan Rows": 8000372, "Plan Width": 16, "Actual Startup Time": 0.038, "Actual Total Time": 2039.91, "Actual Rows": 8000000, "Actual Loops": 1, "Heap Fetches": 0}, {"Node Type": "Hash", "Parent Relationship": "Inner", "Startup Cost": 1000013080325.0, "Total Cost": 1000013080325.0, "Plan Rows": 295844, "Plan Width": 44, "Actual Startup Time": 2020.268, "Actual Total Time": 2020.268, "Actual Rows": 297336, "Actual Loops": 1, "Hash Buckets": 524288, "Hash Batches": 1, "Original Hash Batches": 1, "Peak Memory Usage": 23216, "Plans": [{"Node Type": "Index Scan", "Parent Relationship": "Outer", "Scan Direction": "Forward", "Index Name": "part_kpey", "Relation Name": "part", "Alias": "part", "Startup Cost": 10000000000.0, "Total Cost": 1000013080325.0, "Plan Rows": 295844, "Plan Width": 44, "Actual Startup Time": 0.052, "Actual Total Time": 1888.641, "Actual Rows": 297336, "Actual Loops": 1, "Filter": "((p_brand <> 'Brand#34'::bpchar) AND ((p_type)::text !~~ 'LARGE BRUSHED%'::text) AND (p_size = ANY ('{48,19,12,4,41,7,21,39}'::integer[]))), (LLVM Optimized, Jit Execute)", "Rows Removed by Filter": 1702664}]}]}, {"Node Type": "Hash", "Parent Relationship": "Inner", "Startup Cost": 1000000558454.38, "Total Cost": 1000000558454.38, "Plan Rows": 10, "Plan Width": 8, "Actual Startup Time": 95.893, "Actual Total Time": 95.893, "Actual Rows": 56, "Actual Loops": 1, "Hash Buckets": 32768, "Hash Batches": 1, "Original Hash Batches": 1, "Peak Memory Usage": 3, "Plans": [{"Node Type": "Index Scan", "Parent Relationship": "Outer", "Scan Direction": "Forward", "Index Name": "supplier_pkey", "Relation Name": "supplier", "Alias": "supplier", "Startup Cost": 10000000000.0, "Total Cost": 1000000558454.38, "Plan Rows": 10, "Plan Width": 8, "Actual Startup Time": 0.382, "Actual Total Time": 95.835, "Actual Rows": 56, "Actual Loops": 1, "Filter": "((s_comment)::text ~~ '%Customer%Complaints%'::text)", "Rows Removed by Filter": 99944}]}]}]}]}]}, "Triggers": [], "Planner Runtime": 0.807, "Total Runtime": 11403.874, "Unique SQL Id": 1437012347}}, "(1, 108)": {"explain_plan": {"Plan": {"Node Type": "Sort", "Startup Cost": 515600.3, "Total Cost": 515669.64, "Plan Rows": 27736, "Plan Width": 52, "Sort Key": ["(count(DISTINCT partsupp.ps_suppkey)) DESC", "part.p_brand", "part.p_type", "part.p_size"], "Plans": [{"Node Type": "Aggregate", "Strategy": "Sorted", "Parent Relationship": "Outer", "Startup Cost": 502593.46, "Total Cost": 513553.46, "Plan Rows": 27736, "Plan Width": 52, "Group By Key": ["part.p_brand", "part.p_type", "part.p_size"], "Plans": [{"Node Type": "Sort", "Parent Relationship": "Outer", "Startup Cost": 502593.46, "Total Cost": 504729.99, "Plan Rows": 854611, "Plan Width": 44, "Sort Key": ["part.p_brand", "part.p_type", "part.p_size"], "Plans": [{"Node Type": "Hash Join", "Parent Relationship": "Outer", "Join Type": "Anti", "Startup Cost": 99175.18, "Total Cost": 418393.3, "Plan Rows": 854611, "Plan Width": 44, "Inner Unique": false, "Hash Cond": "(partsupp.ps_suppkey = supplier.s_suppkey), (LLVM Optimized)", "Plans": [{"Node Type": "Hash Join", "Parent Relationship": "Outer", "Join Type": "Inner", "Startup Cost": 95642.05, "Total Cost": 404177.41, "Plan Rows": 854625, "Plan Width": 44, "Inner Unique": true, "Hash Cond": "(partsupp.ps_partkey = part.p_partkey), (LLVM Optimized)", "Plans": [{"Node Type": "Seq Scan", "Parent Relationship": "Outer", "Relation Name": "partsupp", "Alias": "partsupp", "Startup Cost": 0.0, "Total Cost": 269987.72, "Plan Rows": 8000372, "Plan Width": 16}, {"Node Type": "Hash", "Parent Relationship": "Inner", "Startup Cost": 91944.0, "Total Cost": 91944.0, "Plan Rows": 295844, "Plan Width": 44, "Plans": [{"Node Type": "Seq Scan", "Parent Relationship": "Outer", "Relation Name": "part", "Alias": "part", "Startup Cost": 0.0, "Total Cost": 91944.0, "Plan Rows": 295844, "Plan Width": 44, "Filter": "((p_brand <> 'Brand#34'::bpchar) AND ((p_type)::text !~~ 'LARGE BRUSHED%'::text) AND (p_size = ANY ('{48,19,12,4,41,7,21,39}'::integer[]))), (LLVM Optimized)"}]}]}, {"Node Type": "Hash", "Parent Relationship": "Inner", "Startup Cost": 3533.0, "Total Cost": 3533.0, "Plan Rows": 10, "Plan Width": 8, "Plans": [{"Node Type": "Seq Scan", "Parent Relationship": "Outer", "Relation Name": "supplier", "Alias": "supplier", "Startup Cost": 0.0, "Total Cost": 3533.0, "Plan Rows": 10, "Plan Width": 8, "Filter": "((s_comment)::text ~~ '%Customer%Complaints%'::text)"}]}]}]}]}]}, "Unique SQL Id": 1437012347}, "explain_analyze_plan": {"Plan": {"Node Type": "Sort", "Startup Cost": 515600.3, "Total Cost": 515669.64, "Plan Rows": 27736, "Plan Width": 52, "Actual Startup Time": 11497.658, "Actual Total Time": 11500.717, "Actual Rows": 27838, "Actual Loops": 1, "Sort Key": ["(count(DISTINCT partsupp.ps_suppkey)) DESC", "part.p_brand", "part.p_type", "part.p_size"], "Sort Method": "quicksort", "Sort Space Used": 5082, "Sort Space Type": "Memory", "Plans": [{"Node Type": "Aggregate", "Strategy": "Sorted", "Parent Relationship": "Outer", "Startup Cost": 502593.46, "Total Cost": 513553.46, "Plan Rows": 27736, "Plan Width": 52, "Actual Startup Time": 10600.832, "Actual Total Time": 11403.77, "Actual Rows": 27838, "Actual Loops": 1, "Group By Key": ["part.p_brand", "part.p_type", "part.p_size"], "Plans": [{"Node Type": "Sort", "Parent Relationship": "Outer", "Startup Cost": 502593.46, "Total Cost": 504729.99, "Plan Rows": 854611, "Plan Width": 44, "Actual Startup Time": 10600.662, "Actual Total Time": 10805.964, "Actual Rows": 1188666, "Actual Loops": 1, "Sort Key": ["part.p_brand", "part.p_type", "part.p_size"], "Sort Method": "quicksort", "Sort Space Used": 233373, "Sort Space Type": "Memory", "Plans": [{"Node Type": "Hash Join", "Parent Relationship": "Outer", "Join Type": "Anti", "Startup Cost": 99175.18, "Total Cost": 418393.3, "Plan Rows": 854611, "Plan Width": 44, "Actual Startup Time": 1364.023, "Actual Total Time": 6195.986, "Actual Rows": 1188666, "Actual Loops": 1, "Inner Unique": false, "Hash Cond": "(partsupp.ps_suppkey = supplier.s_suppkey), (LLVM Optimized, Jit Execute)", "Plans": [{"Node Type": "Hash Join", "Parent Relationship": "Outer", "Join Type": "Inner", "Startup Cost": 95642.05, "Total Cost": 404177.41, "Plan Rows": 854625, "Plan Width": 44, "Actual Startup Time": 1311.723, "Actual Total Time": 5817.919, "Actual Rows": 1189344, "Actual Loops": 1, "Inner Unique": true, "Hash Cond": "(partsupp.ps_partkey = part.p_partkey), (LLVM Optimized, Jit Execute)", "Plans": [{"Node Type": "Seq Scan", "Parent Relationship": "Outer", "Relation Name": "partsupp", "Alias": "partsupp", "Startup Cost": 0.0, "Total Cost": 269987.72, "Plan Rows": 8000372, "Plan Width": 16, "Actual Startup Time": 0.018, "Actual Total Time": 2435.195, "Actual Rows": 8000000, "Actual Loops": 1}, {"Node Type": "Hash", "Parent Relationship": "Inner", "Startup Cost": 91944.0, "Total Cost": 91944.0, "Plan Rows": 295844, "Plan Width": 44, "Actual Startup Time": 1310.915, "Actual Total Time": 1310.915, "Actual Rows": 297336, "Actual Loops": 1, "Hash Buckets": 524288, "Hash Batches": 1, "Original Hash Batches": 1, "Peak Memory Usage": 23216, "Plans": [{"Node Type": "Seq Scan", "Parent Relationship": "Outer", "Relation Name": "part", "Alias": "part", "Startup Cost": 0.0, "Total Cost": 91944.0, "Plan Rows": 295844, "Plan Width": 44, "Actual Startup Time": 0.025, "Actual Total Time": 1163.672, "Actual Rows": 297336, "Actual Loops": 1, "Filter": "((p_brand <> 'Brand#34'::bpchar) AND ((p_type)::text !~~ 'LARGE BRUSHED%'::text) AND (p_size = ANY ('{48,19,12,4,41,7,21,39}'::integer[]))), (LLVM Optimized, Jit Execute)", "Rows Removed by Filter": 1702664}]}]}, {"Node Type": "Hash", "Parent Relationship": "Inner", "Startup Cost": 3533.0, "Total Cost": 3533.0, "Plan Rows": 10, "Plan Width": 8, "Actual Startup Time": 52.21, "Actual Total Time": 52.21, "Actual Rows": 56, "Actual Loops": 1, "Hash Buckets": 32768, "Hash Batches": 1, "Original Hash Batches": 1, "Peak Memory Usage": 3, "Plans": [{"Node Type": "Seq Scan", "Parent Relationship": "Outer", "Relation Name": "supplier", "Alias": "supplier", "Startup Cost": 0.0, "Total Cost": 3533.0, "Plan Rows": 10, "Plan Width": 8, "Actual Startup Time": 0.239, "Actual Total Time": 52.158, "Actual Rows": 56, "Actual Loops": 1, "Filter": "((s_comment)::text ~~ '%Customer%Complaints%'::text)", "Rows Removed by Filter": 99944}]}]}]}]}]}, "Triggers": [], "Planner Runtime": 1.122, "Total Runtime": 11512.885, "Unique SQL Id": 1437012347}}, "(1, 109)": {"explain_plan": {"Plan": {"Node Type": "Sort", "Startup Cost": 718008.41, "Total Cost": 718077.75, "Plan Rows": 27736, "Plan Width": 52, "Sort Key": ["(count(DISTINCT partsupp.ps_suppkey)) DESC", "part.p_brand", "part.p_type", "part.p_size"], "Plans": [{"Node Type": "Aggregate", "Strategy": "Sorted", "Parent Relationship": "Outer", "Startup Cost": 705001.57, "Total Cost": 715961.56, "Plan Rows": 27736, "Plan Width": 52, "Group By Key": ["part.p_brand", "part.p_type", "part.p_size"], "Plans": [{"Node Type": "Sort", "Parent Relationship": "Outer", "Startup Cost": 705001.57, "Total Cost": 707138.09, "Plan Rows": 854611, "Plan Width": 44, "Sort Key": ["part.p_brand", "part.p_type", "part.p_size"], "Plans": [{"Node Type": "Hash Join", "Parent Relationship": "Outer", "Join Type": "Anti", "Startup Cost": 140085.97, "Total Cost": 620801.41, "Plan Rows": 854611, "Plan Width": 44, "Inner Unique": false, "Hash Cond": "(partsupp.ps_suppkey = supplier.s_suppkey), (LLVM Optimized)", "Plans": [{"Node Type": "Hash Join", "Parent Relationship": "Outer", "Join Type": "Inner", "Startup Cost": 134501.3, "Total Cost": 604533.98, "Plan Rows": 854625, "Plan Width": 44, "Inner Unique": true, "Hash Cond": "(partsupp.ps_partkey = part.p_partkey), (LLVM Optimized)", "Plans": [{"Node Type": "Index Scan", "Parent Relationship": "Outer", "Scan Direction": "Forward", "Index Name": "idx_partsupp_partkey", "Relation Name": "partsupp", "Alias": "partsupp", "Startup Cost": 0.0, "Total Cost": 431485.03, "Plan Rows": 8000372, "Plan Width": 16}, {"Node Type": "Hash", "Parent Relationship": "Inner", "Startup Cost": 130803.25, "Total Cost": 130803.25, "Plan Rows": 295844, "Plan Width": 44, "Plans": [{"Node Type": "Index Scan", "Parent Relationship": "Outer", "Scan Direction": "Forward", "Index Name": "part_kpey", "Relation Name": "part", "Alias": "part", "Startup Cost": 0.0, "Total Cost": 130803.25, "Plan Rows": 295844, "Plan Width": 44, "Filter": "((p_brand <> 'Brand#34'::bpchar) AND ((p_type)::text !~~ 'LARGE BRUSHED%'::text) AND (p_size = ANY ('{48,19,12,4,41,7,21,39}'::integer[]))), (LLVM Optimized)"}]}]}, {"Node Type": "Hash", "Parent Relationship": "Inner", "Startup Cost": 5584.54, "Total Cost": 5584.54, "Plan Rows": 10, "Plan Width": 8, "Plans": [{"Node Type": "Index Scan", "Parent Relationship": "Outer", "Scan Direction": "Forward", "Index Name": "supplier_pkey", "Relation Name": "supplier", "Alias": "supplier", "Startup Cost": 0.0, "Total Cost": 5584.54, "Plan Rows": 10, "Plan Width": 8, "Filter": "((s_comment)::text ~~ '%Customer%Complaints%'::text)"}]}]}]}]}]}, "Unique SQL Id": 1437012347}, "explain_analyze_plan": {"Plan": {"Node Type": "Sort", "Startup Cost": 718008.41, "Total Cost": 718077.75, "Plan Rows": 27736, "Plan Width": 52, "Actual Startup Time": 14805.12, "Actual Total Time": 14808.062, "Actual Rows": 27838, "Actual Loops": 1, "Sort Key": ["(count(DISTINCT partsupp.ps_suppkey)) DESC", "part.p_brand", "part.p_type", "part.p_size"], "Sort Method": "quicksort", "Sort Space Used": 5082, "Sort Space Type": "Memory", "Plans": [{"Node Type": "Aggregate", "Strategy": "Sorted", "Parent Relationship": "Outer", "Startup Cost": 705001.57, "Total Cost": 715961.56, "Plan Rows": 27736, "Plan Width": 52, "Actual Startup Time": 13727.69, "Actual Total Time": 14707.093, "Actual Rows": 27838, "Actual Loops": 1, "Group By Key": ["part.p_brand", "part.p_type", "part.p_size"], "Plans": [{"Node Type": "Sort", "Parent Relationship": "Outer", "Startup Cost": 705001.57, "Total Cost": 707138.09, "Plan Rows": 854611, "Plan Width": 44, "Actual Startup Time": 13727.584, "Actual Total Time": 14061.121, "Actual Rows": 1188666, "Actual Loops": 1, "Sort Key": ["part.p_brand", "part.p_type", "part.p_size"], "Sort Method": "quicksort", "Sort Space Used": 233373, "Sort Space Type": "Memory", "Plans": [{"Node Type": "Hash Join", "Parent Relationship": "Outer", "Join Type": "Anti", "Startup Cost": 140085.97, "Total Cost": 620801.41, "Plan Rows": 854611, "Plan Width": 44, "Actual Startup Time": 2265.616, "Actual Total Time": 9684.509, "Actual Rows": 1188666, "Actual Loops": 1, "Inner Unique": false, "Hash Cond": "(partsupp.ps_suppkey = supplier.s_suppkey), (LLVM Optimized, Jit Execute)", "Plans": [{"Node Type": "Hash Join", "Parent Relationship": "Outer", "Join Type": "Inner", "Startup Cost": 134501.3, "Total Cost": 604533.98, "Plan Rows": 854625, "Plan Width": 44, "Actual Startup Time": 2190.529, "Actual Total Time": 9284.484, "Actual Rows": 1189344, "Actual Loops": 1, "Inner Unique": true, "Hash Cond": "(partsupp.ps_partkey = part.p_partkey), (LLVM Optimized, Jit Execute)", "Plans": [{"Node Type": "Index Scan", "Parent Relationship": "Outer", "Scan Direction": "Forward", "Index Name": "idx_partsupp_partkey", "Relation Name": "partsupp", "Alias": "partsupp", "Startup Cost": 0.0, "Total Cost": 431485.03, "Plan Rows": 8000372, "Plan Width": 16, "Actual Startup Time": 0.035, "Actual Total Time": 4966.306, "Actual Rows": 8000000, "Actual Loops": 1}, {"Node Type": "Hash", "Parent Relationship": "Inner", "Startup Cost": 130803.25, "Total Cost": 130803.25, "Plan Rows": 295844, "Plan Width": 44, "Actual Startup Time": 2190.14, "Actual Total Time": 2190.14, "Actual Rows": 297336, "Actual Loops": 1, "Hash Buckets": 524288, "Hash Batches": 1, "Original Hash Batches": 1, "Peak Memory Usage": 23216, "Plans": [{"Node Type": "Index Scan", "Parent Relationship": "Outer", "Scan Direction": "Forward", "Index Name": "part_kpey", "Relation Name": "part", "Alias": "part", "Startup Cost": 0.0, "Total Cost": 130803.25, "Plan Rows": 295844, "Plan Width": 44, "Actual Startup Time": 0.042, "Actual Total Time": 2040.217, "Actual Rows": 297336, "Actual Loops": 1, "Filter": "((p_brand <> 'Brand#34'::bpchar) AND ((p_type)::text !~~ 'LARGE BRUSHED%'::text) AND (p_size = ANY ('{48,19,12,4,41,7,21,39}'::integer[]))), (LLVM Optimized, Jit Execute)", "Rows Removed by Filter": 1702664}]}]}, {"Node Type": "Hash", "Parent Relationship": "Inner", "Startup Cost": 5584.54, "Total Cost": 5584.54, "Plan Rows": 10, "Plan Width": 8, "Actual Startup Time": 75.018, "Actual Total Time": 75.018, "Actual Rows": 56, "Actual Loops": 1, "Hash Buckets": 32768, "Hash Batches": 1, "Original Hash Batches": 1, "Peak Memory Usage": 3, "Plans": [{"Node Type": "Index Scan", "Parent Relationship": "Outer", "Scan Direction": "Forward", "Index Name": "supplier_pkey", "Relation Name": "supplier", "Alias": "supplier", "Startup Cost": 0.0, "Total Cost": 5584.54, "Plan Rows": 10, "Plan Width": 8, "Actual Startup Time": 0.32, "Actual Total Time": 74.952, "Actual Rows": 56, "Actual Loops": 1, "Filter": "((s_comment)::text ~~ '%Customer%Complaints%'::text)", "Rows Removed by Filter": 99944}]}]}]}]}]}, "Triggers": [], "Planner Runtime": 0.835, "Total Runtime": 14820.181, "Unique SQL Id": 1437012347}}, "(1, 110)": {"explain_plan": {"Plan": {"Node Type": "Sort", "Startup Cost": 515600.3, "Total Cost": 515669.64, "Plan Rows": 27736, "Plan Width": 52, "Sort Key": ["(count(DISTINCT partsupp.ps_suppkey)) DESC", "part.p_brand", "part.p_type", "part.p_size"], "Plans": [{"Node Type": "Aggregate", "Strategy": "Sorted", "Parent Relationship": "Outer", "Startup Cost": 502593.46, "Total Cost": 513553.46, "Plan Rows": 27736, "Plan Width": 52, "Group By Key": ["part.p_brand", "part.p_type", "part.p_size"], "Plans": [{"Node Type": "Sort", "Parent Relationship": "Outer", "Startup Cost": 502593.46, "Total Cost": 504729.99, "Plan Rows": 854611, "Plan Width": 44, "Sort Key": ["part.p_brand", "part.p_type", "part.p_size"], "Plans": [{"Node Type": "Hash Join", "Parent Relationship": "Outer", "Join Type": "Anti", "Startup Cost": 99175.18, "Total Cost": 418393.3, "Plan Rows": 854611, "Plan Width": 44, "Inner Unique": false, "Hash Cond": "(partsupp.ps_suppkey = supplier.s_suppkey), (LLVM Optimized)", "Plans": [{"Node Type": "Hash Join", "Parent Relationship": "Outer", "Join Type": "Inner", "Startup Cost": 95642.05, "Total Cost": 404177.41, "Plan Rows": 854625, "Plan Width": 44, "Inner Unique": true, "Hash Cond": "(partsupp.ps_partkey = part.p_partkey), (LLVM Optimized)", "Plans": [{"Node Type": "Seq Scan", "Parent Relationship": "Outer", "Relation Name": "partsupp", "Alias": "partsupp", "Startup Cost": 0.0, "Total Cost": 269987.72, "Plan Rows": 8000372, "Plan Width": 16}, {"Node Type": "Hash", "Parent Relationship": "Inner", "Startup Cost": 91944.0, "Total Cost": 91944.0, "Plan Rows": 295844, "Plan Width": 44, "Plans": [{"Node Type": "Seq Scan", "Parent Relationship": "Outer", "Relation Name": "part", "Alias": "part", "Startup Cost": 0.0, "Total Cost": 91944.0, "Plan Rows": 295844, "Plan Width": 44, "Filter": "((p_brand <> 'Brand#34'::bpchar) AND ((p_type)::text !~~ 'LARGE BRUSHED%'::text) AND (p_size = ANY ('{48,19,12,4,41,7,21,39}'::integer[]))), (LLVM Optimized)"}]}]}, {"Node Type": "Hash", "Parent Relationship": "Inner", "Startup Cost": 3533.0, "Total Cost": 3533.0, "Plan Rows": 10, "Plan Width": 8, "Plans": [{"Node Type": "Seq Scan", "Parent Relationship": "Outer", "Relation Name": "supplier", "Alias": "supplier", "Startup Cost": 0.0, "Total Cost": 3533.0, "Plan Rows": 10, "Plan Width": 8, "Filter": "((s_comment)::text ~~ '%Customer%Complaints%'::text)"}]}]}]}]}]}, "Unique SQL Id": 1437012347}, "explain_analyze_plan": {"Plan": {"Node Type": "Sort", "Startup Cost": 515600.3, "Total Cost": 515669.64, "Plan Rows": 27736, "Plan Width": 52, "Actual Startup Time": 11497.658, "Actual Total Time": 11500.717, "Actual Rows": 27838, "Actual Loops": 1, "Sort Key": ["(count(DISTINCT partsupp.ps_suppkey)) DESC", "part.p_brand", "part.p_type", "part.p_size"], "Sort Method": "quicksort", "Sort Space Used": 5082, "Sort Space Type": "Memory", "Plans": [{"Node Type": "Aggregate", "Strategy": "Sorted", "Parent Relationship": "Outer", "Startup Cost": 502593.46, "Total Cost": 513553.46, "Plan Rows": 27736, "Plan Width": 52, "Actual Startup Time": 10600.832, "Actual Total Time": 11403.77, "Actual Rows": 27838, "Actual Loops": 1, "Group By Key": ["part.p_brand", "part.p_type", "part.p_size"], "Plans": [{"Node Type": "Sort", "Parent Relationship": "Outer", "Startup Cost": 502593.46, "Total Cost": 504729.99, "Plan Rows": 854611, "Plan Width": 44, "Actual Startup Time": 10600.662, "Actual Total Time": 10805.964, "Actual Rows": 1188666, "Actual Loops": 1, "Sort Key": ["part.p_brand", "part.p_type", "part.p_size"], "Sort Method": "quicksort", "Sort Space Used": 233373, "Sort Space Type": "Memory", "Plans": [{"Node Type": "Hash Join", "Parent Relationship": "Outer", "Join Type": "Anti", "Startup Cost": 99175.18, "Total Cost": 418393.3, "Plan Rows": 854611, "Plan Width": 44, "Actual Startup Time": 1364.023, "Actual Total Time": 6195.986, "Actual Rows": 1188666, "Actual Loops": 1, "Inner Unique": false, "Hash Cond": "(partsupp.ps_suppkey = supplier.s_suppkey), (LLVM Optimized, Jit Execute)", "Plans": [{"Node Type": "Hash Join", "Parent Relationship": "Outer", "Join Type": "Inner", "Startup Cost": 95642.05, "Total Cost": 404177.41, "Plan Rows": 854625, "Plan Width": 44, "Actual Startup Time": 1311.723, "Actual Total Time": 5817.919, "Actual Rows": 1189344, "Actual Loops": 1, "Inner Unique": true, "Hash Cond": "(partsupp.ps_partkey = part.p_partkey), (LLVM Optimized, Jit Execute)", "Plans": [{"Node Type": "Seq Scan", "Parent Relationship": "Outer", "Relation Name": "partsupp", "Alias": "partsupp", "Startup Cost": 0.0, "Total Cost": 269987.72, "Plan Rows": 8000372, "Plan Width": 16, "Actual Startup Time": 0.018, "Actual Total Time": 2435.195, "Actual Rows": 8000000, "Actual Loops": 1}, {"Node Type": "Hash", "Parent Relationship": "Inner", "Startup Cost": 91944.0, "Total Cost": 91944.0, "Plan Rows": 295844, "Plan Width": 44, "Actual Startup Time": 1310.915, "Actual Total Time": 1310.915, "Actual Rows": 297336, "Actual Loops": 1, "Hash Buckets": 524288, "Hash Batches": 1, "Original Hash Batches": 1, "Peak Memory Usage": 23216, "Plans": [{"Node Type": "Seq Scan", "Parent Relationship": "Outer", "Relation Name": "part", "Alias": "part", "Startup Cost": 0.0, "Total Cost": 91944.0, "Plan Rows": 295844, "Plan Width": 44, "Actual Startup Time": 0.025, "Actual Total Time": 1163.672, "Actual Rows": 297336, "Actual Loops": 1, "Filter": "((p_brand <> 'Brand#34'::bpchar) AND ((p_type)::text !~~ 'LARGE BRUSHED%'::text) AND (p_size = ANY ('{48,19,12,4,41,7,21,39}'::integer[]))), (LLVM Optimized, Jit Execute)", "Rows Removed by Filter": 1702664}]}]}, {"Node Type": "Hash", "Parent Relationship": "Inner", "Startup Cost": 3533.0, "Total Cost": 3533.0, "Plan Rows": 10, "Plan Width": 8, "Actual Startup Time": 52.21, "Actual Total Time": 52.21, "Actual Rows": 56, "Actual Loops": 1, "Hash Buckets": 32768, "Hash Batches": 1, "Original Hash Batches": 1, "Peak Memory Usage": 3, "Plans": [{"Node Type": "Seq Scan", "Parent Relationship": "Outer", "Relation Name": "supplier", "Alias": "supplier", "Startup Cost": 0.0, "Total Cost": 3533.0, "Plan Rows": 10, "Plan Width": 8, "Actual Startup Time": 0.239, "Actual Total Time": 52.158, "Actual Rows": 56, "Actual Loops": 1, "Filter": "((s_comment)::text ~~ '%Customer%Complaints%'::text)", "Rows Removed by Filter": 99944}]}]}]}]}]}, "Triggers": [], "Planner Runtime": 1.122, "Total Runtime": 11512.885, "Unique SQL Id": 1437012347}}, "(1, 111)": {"explain_plan": {"Plan": {"Node Type": "Sort", "Startup Cost": 3000085429878.18, "Total Cost": 3000085429947.52, "Plan Rows": 27736, "Plan Width": 52, "Sort Key": ["(count(DISTINCT partsupp.ps_suppkey)) DESC", "part.p_brand", "part.p_type", "part.p_size"], "Plans": [{"Node Type": "Aggregate", "Strategy": "Sorted", "Parent Relationship": "Outer", "Startup Cost": 3000085416871.33, "Total Cost": 3000085427831.33, "Plan Rows": 27736, "Plan Width": 52, "Group By Key": ["part.p_brand", "part.p_type", "part.p_size"], "Plans": [{"Node Type": "Sort", "Parent Relationship": "Outer", "Startup Cost": 3000085416871.33, "Total Cost": 3000085419007.86, "Plan Rows": 854611, "Plan Width": 44, "Sort Key": ["part.p_brand", "part.p_type", "part.p_size"], "Plans": [{"Node Type": "Hash Join", "Parent Relationship": "Outer", "Join Type": "Anti", "Startup Cost": 2010013642477.55, "Total Cost": 3000085332671.18, "Plan Rows": 854611, "Plan Width": 44, "Inner Unique": false, "Hash Cond": "(partsupp.ps_suppkey = supplier.s_suppkey), (LLVM Optimized)", "Plans": [{"Node Type": "Hash Join", "Parent Relationship": "Outer", "Join Type": "Inner", "Startup Cost": 1010013084023.05, "Total Cost": 2000084763533.91, "Plan Rows": 854625, "Plan Width": 44, "Inner Unique": true, "Hash Cond": "(partsupp.ps_partkey = part.p_partkey), (LLVM Optimized)", "Plans": [{"Node Type": "Index Scan", "Parent Relationship": "Outer", "Scan Direction": "Forward", "Index Name": "partsupp_pkey", "Relation Name": "partsupp", "Alias": "partsupp", "Startup Cost": 10000000000.0, "Total Cost": 1000071640963.22, "Plan Rows": 8000372, "Plan Width": 16}, {"Node Type": "Hash", "Parent Relationship": "Inner", "Startup Cost": 1000013080325.0, "Total Cost": 1000013080325.0, "Plan Rows": 295844, "Plan Width": 44, "Plans": [{"Node Type": "Index Scan", "Parent Relationship": "Outer", "Scan Direction": "Forward", "Index Name": "part_kpey", "Relation Name": "part", "Alias": "part", "Startup Cost": 10000000000.0, "Total Cost": 1000013080325.0, "Plan Rows": 295844, "Plan Width": 44, "Filter": "((p_brand <> 'Brand#34'::bpchar) AND ((p_type)::text !~~ 'LARGE BRUSHED%'::text) AND (p_size = ANY ('{48,19,12,4,41,7,21,39}'::integer[]))), (LLVM Optimized)"}]}]}, {"Node Type": "Hash", "Parent Relationship": "Inner", "Startup Cost": 1000000558454.38, "Total Cost": 1000000558454.38, "Plan Rows": 10, "Plan Width": 8, "Plans": [{"Node Type": "Index Scan", "Parent Relationship": "Outer", "Scan Direction": "Forward", "Index Name": "supplier_pkey", "Relation Name": "supplier", "Alias": "supplier", "Startup Cost": 10000000000.0, "Total Cost": 1000000558454.38, "Plan Rows": 10, "Plan Width": 8, "Filter": "((s_comment)::text ~~ '%Customer%Complaints%'::text)"}]}]}]}]}]}, "Unique SQL Id": 1437012347}, "explain_analyze_plan": {"Plan": {"Node Type": "Sort", "Startup Cost": 3000085429878.18, "Total Cost": 3000085429947.52, "Plan Rows": 27736, "Plan Width": 52, "Actual Startup Time": 14773.505, "Actual Total Time": 14776.484, "Actual Rows": 27838, "Actual Loops": 1, "Sort Key": ["(count(DISTINCT partsupp.ps_suppkey)) DESC", "part.p_brand", "part.p_type", "part.p_size"], "Sort Method": "quicksort", "Sort Space Used": 5082, "Sort Space Type": "Memory", "Plans": [{"Node Type": "Aggregate", "Strategy": "Sorted", "Parent Relationship": "Outer", "Startup Cost": 3000085416871.33, "Total Cost": 3000085427831.33, "Plan Rows": 27736, "Plan Width": 52, "Actual Startup Time": 13759.87, "Actual Total Time": 14676.519, "Actual Rows": 27838, "Actual Loops": 1, "Group By Key": ["part.p_brand", "part.p_type", "part.p_size"], "Plans": [{"Node Type": "Sort", "Parent Relationship": "Outer", "Startup Cost": 3000085416871.33, "Total Cost": 3000085419007.86, "Plan Rows": 854611, "Plan Width": 44, "Actual Startup Time": 13759.766, "Actual Total Time": 14070.988, "Actual Rows": 1188666, "Actual Loops": 1, "Sort Key": ["part.p_brand", "part.p_type", "part.p_size"], "Sort Method": "quicksort", "Sort Space Used": 233373, "Sort Space Type": "Memory", "Plans": [{"Node Type": "Hash Join", "Parent Relationship": "Outer", "Join Type": "Anti", "Startup Cost": 2010013642477.55, "Total Cost": 3000085332671.18, "Plan Rows": 854611, "Plan Width": 44, "Actual Startup Time": 2191.781, "Actual Total Time": 9522.499, "Actual Rows": 1188666, "Actual Loops": 1, "Inner Unique": false, "Hash Cond": "(partsupp.ps_suppkey = supplier.s_suppkey), (LLVM Optimized, Jit Execute)", "Plans": [{"Node Type": "Hash Join", "Parent Relationship": "Outer", "Join Type": "Inner", "Startup Cost": 1010013084023.05, "Total Cost": 2000084763533.91, "Plan Rows": 854625, "Plan Width": 44, "Actual Startup Time": 2117.243, "Actual Total Time": 9126.645, "Actual Rows": 1189344, "Actual Loops": 1, "Inner Unique": true, "Hash Cond": "(partsupp.ps_partkey = part.p_partkey), (LLVM Optimized, Jit Execute)", "Plans": [{"Node Type": "Index Scan", "Parent Relationship": "Outer", "Scan Direction": "Forward", "Index Name": "partsupp_pkey", "Relation Name": "partsupp", "Alias": "partsupp", "Startup Cost": 10000000000.0, "Total Cost": 1000071640963.22, "Plan Rows": 8000372, "Plan Width": 16, "Actual Startup Time": 0.042, "Actual Total Time": 4868.686, "Actual Rows": 8000000, "Actual Loops": 1}, {"Node Type": "Hash", "Parent Relationship": "Inner", "Startup Cost": 1000013080325.0, "Total Cost": 1000013080325.0, "Plan Rows": 295844, "Plan Width": 44, "Actual Startup Time": 2116.824, "Actual Total Time": 2116.824, "Actual Rows": 297336, "Actual Loops": 1, "Hash Buckets": 524288, "Hash Batches": 1, "Original Hash Batches": 1, "Peak Memory Usage": 23216, "Plans": [{"Node Type": "Index Scan", "Parent Relationship": "Outer", "Scan Direction": "Forward", "Index Name": "part_kpey", "Relation Name": "part", "Alias": "part", "Startup Cost": 10000000000.0, "Total Cost": 1000013080325.0, "Plan Rows": 295844, "Plan Width": 44, "Actual Startup Time": 0.045, "Actual Total Time": 1963.513, "Actual Rows": 297336, "Actual Loops": 1, "Filter": "((p_brand <> 'Brand#34'::bpchar) AND ((p_type)::text !~~ 'LARGE BRUSHED%'::text) AND (p_size = ANY ('{48,19,12,4,41,7,21,39}'::integer[]))), (LLVM Optimized, Jit Execute)", "Rows Removed by Filter": 1702664}]}]}, {"Node Type": "Hash", "Parent Relationship": "Inner", "Startup Cost": 1000000558454.38, "Total Cost": 1000000558454.38, "Plan Rows": 10, "Plan Width": 8, "Actual Startup Time": 74.462, "Actual Total Time": 74.462, "Actual Rows": 56, "Actual Loops": 1, "Hash Buckets": 32768, "Hash Batches": 1, "Original Hash Batches": 1, "Peak Memory Usage": 3, "Plans": [{"Node Type": "Index Scan", "Parent Relationship": "Outer", "Scan Direction": "Forward", "Index Name": "supplier_pkey", "Relation Name": "supplier", "Alias": "supplier", "Startup Cost": 10000000000.0, "Total Cost": 1000000558454.38, "Plan Rows": 10, "Plan Width": 8, "Actual Startup Time": 0.331, "Actual Total Time": 74.406, "Actual Rows": 56, "Actual Loops": 1, "Filter": "((s_comment)::text ~~ '%Customer%Complaints%'::text)", "Rows Removed by Filter": 99944}]}]}]}]}]}, "Triggers": [], "Planner Runtime": 0.796, "Total Runtime": 14788.587, "Unique SQL Id": 1437012347}}, "(1, 112)": {"explain_plan": {"Plan": {"Node Type": "Sort", "Startup Cost": 578528.45, "Total Cost": 578597.79, "Plan Rows": 27736, "Plan Width": 52, "Sort Key": ["(count(DISTINCT partsupp.ps_suppkey)) DESC", "part.p_brand", "part.p_type", "part.p_size"], "Plans": [{"Node Type": "Aggregate", "Strategy": "Sorted", "Parent Relationship": "Outer", "Startup Cost": 565521.61, "Total Cost": 576481.61, "Plan Rows": 27736, "Plan Width": 52, "Group By Key": ["part.p_brand", "part.p_type", "part.p_size"], "Plans": [{"Node Type": "Sort", "Parent Relationship": "Outer", "Startup Cost": 565521.61, "Total Cost": 567658.14, "Plan Rows": 854611, "Plan Width": 44, "Sort Key": ["part.p_brand", "part.p_type", "part.p_size"], "Plans": [{"Node Type": "Nested Loop", "Parent Relationship": "Outer", "Join Type": "Anti", "Startup Cost": 0.0, "Total Cost": 481321.45, "Plan Rows": 854611, "Plan Width": 44, "Inner Unique": false, "Join Filter": "(partsupp.ps_suppkey = supplier.s_suppkey), (LLVM Optimized)", "Plans": [{"Node Type": "Nested Loop", "Parent Relationship": "Outer", "Join Type": "Inner", "Startup Cost": 0.0, "Total Cost": 349594.96, "Plan Rows": 854625, "Plan Width": 44, "Inner Unique": false, "Plans": [{"Node Type": "Seq Scan", "Parent Relationship": "Outer", "Relation Name": "part", "Alias": "part", "Startup Cost": 0.0, "Total Cost": 91944.0, "Plan Rows": 295844, "Plan Width": 44, "Filter": "((p_brand <> 'Brand#34'::bpchar) AND ((p_type)::text !~~ 'LARGE BRUSHED%'::text) AND (p_size = ANY ('{48,19,12,4,41,7,21,39}'::integer[]))), (LLVM Optimized)"}, {"Node Type": "Index Only Scan", "Parent Relationship": "Inner", "Scan Direction": "Forward", "Index Name": "partsupp_pkey", "Relation Name": "partsupp", "Alias": "partsupp", "Startup Cost": 0.0, "Total Cost": 0.84, "Plan Rows": 3, "Plan Width": 16, "Index Cond": "(ps_partkey = part.p_partkey)"}]}, {"Node Type": "Materialize", "Parent Relationship": "Inner", "Startup Cost": 0.0, "Total Cost": 3533.05, "Plan Rows": 10, "Plan Width": 8, "Plans": [{"Node Type": "Seq Scan", "Parent Relationship": "Outer", "Relation Name": "supplier", "Alias": "supplier", "Startup Cost": 0.0, "Total Cost": 3533.0, "Plan Rows": 10, "Plan Width": 8, "Filter": "((s_comment)::text ~~ '%Customer%Complaints%'::text)"}]}]}]}]}]}, "Unique SQL Id": 1437012347}, "explain_analyze_plan": null}, "(1, 113)": {"explain_plan": {"Plan": {"Node Type": "Sort", "Startup Cost": 619439.24, "Total Cost": 619508.58, "Plan Rows": 27736, "Plan Width": 52, "Sort Key": ["(count(DISTINCT partsupp.ps_suppkey)) DESC", "part.p_brand", "part.p_type", "part.p_size"], "Plans": [{"Node Type": "Aggregate", "Strategy": "Sorted", "Parent Relationship": "Outer", "Startup Cost": 606432.4, "Total Cost": 617392.4, "Plan Rows": 27736, "Plan Width": 52, "Group By Key": ["part.p_brand", "part.p_type", "part.p_size"], "Plans": [{"Node Type": "Sort", "Parent Relationship": "Outer", "Startup Cost": 606432.4, "Total Cost": 608568.93, "Plan Rows": 854611, "Plan Width": 44, "Sort Key": ["part.p_brand", "part.p_type", "part.p_size"], "Plans": [{"Node Type": "Nested Loop", "Parent Relationship": "Outer", "Join Type": "Anti", "Startup Cost": 0.0, "Total Cost": 522232.25, "Plan Rows": 854611, "Plan Width": 44, "Inner Unique": false, "Join Filter": "(partsupp.ps_suppkey = supplier.s_suppkey), (LLVM Optimized)", "Plans": [{"Node Type": "Nested Loop", "Parent Relationship": "Outer", "Join Type": "Inner", "Startup Cost": 0.0, "Total Cost": 388454.21, "Plan Rows": 854625, "Plan Width": 44, "Inner Unique": false, "Plans": [{"Node Type": "Index Scan", "Parent Relationship": "Outer", "Scan Direction": "Forward", "Index Name": "part_kpey", "Relation Name": "part", "Alias": "part", "Startup Cost": 0.0, "Total Cost": 130803.25, "Plan Rows": 295844, "Plan Width": 44, "Filter": "((p_brand <> 'Brand#34'::bpchar) AND ((p_type)::text !~~ 'LARGE BRUSHED%'::text) AND (p_size = ANY ('{48,19,12,4,41,7,21,39}'::integer[]))), (LLVM Optimized)"}, {"Node Type": "Index Only Scan", "Parent Relationship": "Inner", "Scan Direction": "Forward", "Index Name": "partsupp_pkey", "Relation Name": "partsupp", "Alias": "partsupp", "Startup Cost": 0.0, "Total Cost": 0.84, "Plan Rows": 3, "Plan Width": 16, "Index Cond": "(ps_partkey = part.p_partkey)"}]}, {"Node Type": "Materialize", "Parent Relationship": "Inner", "Startup Cost": 0.0, "Total Cost": 5584.59, "Plan Rows": 10, "Plan Width": 8, "Plans": [{"Node Type": "Index Scan", "Parent Relationship": "Outer", "Scan Direction": "Forward", "Index Name": "supplier_pkey", "Relation Name": "supplier", "Alias": "supplier", "Startup Cost": 0.0, "Total Cost": 5584.54, "Plan Rows": 10, "Plan Width": 8, "Filter": "((s_comment)::text ~~ '%Customer%Complaints%'::text)"}]}]}]}]}]}, "Unique SQL Id": 1437012347}, "explain_analyze_plan": null}, "(1, 114)": {"explain_plan": {"Plan": {"Node Type": "Sort", "Startup Cost": 1726554.33, "Total Cost": 1726623.67, "Plan Rows": 27736, "Plan Width": 52, "Sort Key": ["(count(DISTINCT partsupp.ps_suppkey)) DESC", "part.p_brand", "part.p_type", "part.p_size"], "Plans": [{"Node Type": "Aggregate", "Strategy": "Sorted", "Parent Relationship": "Outer", "Startup Cost": 1713547.49, "Total Cost": 1724507.49, "Plan Rows": 27736, "Plan Width": 52, "Group By Key": ["part.p_brand", "part.p_type", "part.p_size"], "Plans": [{"Node Type": "Sort", "Parent Relationship": "Outer", "Startup Cost": 1713547.49, "Total Cost": 1715684.02, "Plan Rows": 854611, "Plan Width": 44, "Sort Key": ["part.p_brand", "part.p_type", "part.p_size"], "Plans": [{"Node Type": "Nested Loop", "Parent Relationship": "Outer", "Join Type": "Anti", "Startup Cost": 0.68, "Total Cost": 1629347.34, "Plan Rows": 854611, "Plan Width": 44, "Inner Unique": false, "Join Filter": "(partsupp.ps_suppkey = supplier.s_suppkey), (LLVM Optimized)", "Plans": [{"Node Type": "Nested Loop", "Parent Relationship": "Outer", "Join Type": "Inner", "Startup Cost": 0.68, "Total Cost": 1497620.84, "Plan Rows": 854625, "Plan Width": 44, "Inner Unique": false, "Plans": [{"Node Type": "Seq Scan", "Parent Relationship": "Outer", "Relation Name": "part", "Alias": "part", "Startup Cost": 0.0, "Total Cost": 91944.0, "Plan Rows": 295844, "Plan Width": 44, "Filter": "((p_brand <> 'Brand#34'::bpchar) AND ((p_type)::text !~~ 'LARGE BRUSHED%'::text) AND (p_size = ANY ('{48,19,12,4,41,7,21,39}'::integer[]))), (LLVM Optimized)"}, {"Node Type": "Bitmap Heap Scan", "Parent Relationship": "Inner", "Relation Name": "partsupp", "Alias": "partsupp", "Startup Cost": 0.68, "Total Cost": 4.72, "Plan Rows": 3, "Plan Width": 16, "Recheck Cond": "(ps_partkey = part.p_partkey)", "Plans": [{"Node Type": "Bitmap Index Scan", "Parent Relationship": "Outer", "Index Name": "idx_partsupp_partkey", "Startup Cost": 0.0, "Total Cost": 0.68, "Plan Rows": 3, "Plan Width": 0, "Index Cond": "(ps_partkey = part.p_partkey)"}]}]}, {"Node Type": "Materialize", "Parent Relationship": "Inner", "Startup Cost": 0.0, "Total Cost": 3533.05, "Plan Rows": 10, "Plan Width": 8, "Plans": [{"Node Type": "Seq Scan", "Parent Relationship": "Outer", "Relation Name": "supplier", "Alias": "supplier", "Startup Cost": 0.0, "Total Cost": 3533.0, "Plan Rows": 10, "Plan Width": 8, "Filter": "((s_comment)::text ~~ '%Customer%Complaints%'::text)"}]}]}]}]}]}, "Unique SQL Id": 1437012347}, "explain_analyze_plan": null}, "(1, 115)": {"explain_plan": {"Plan": {"Node Type": "Sort", "Startup Cost": 1000096381206.59, "Total Cost": 1000096381275.93, "Plan Rows": 27736, "Plan Width": 52, "Sort Key": ["(count(DISTINCT partsupp.ps_suppkey)) DESC", "part.p_brand", "part.p_type", "part.p_size"], "Plans": [{"Node Type": "Aggregate", "Strategy": "Sorted", "Parent Relationship": "Outer", "Startup Cost": 1000096368199.75, "Total Cost": 1000096379159.74, "Plan Rows": 27736, "Plan Width": 52, "Group By Key": ["part.p_brand", "part.p_type", "part.p_size"], "Plans": [{"Node Type": "Sort", "Parent Relationship": "Outer", "Startup Cost": 1000096368199.75, "Total Cost": 1000096370336.27, "Plan Rows": 854611, "Plan Width": 44, "Sort Key": ["part.p_brand", "part.p_type", "part.p_size"], "Plans": [{"Node Type": "Nested Loop", "Parent Relationship": "Outer", "Join Type": "Inner", "Startup Cost": 10000000000.52, "Total Cost": 1000096283999.59, "Plan Rows": 854611, "Plan Width": 44, "Inner Unique": true, "Plans": [{"Node Type": "Nested Loop", "Parent Relationship": "Outer", "Join Type": "Anti", "Startup Cost": 10000000000.26, "Total Cost": 1000061892121.8, "Plan Rows": 8000238, "Plan Width": 16, "Inner Unique": false, "Plans": [{"Node Type": "Index Only Scan", "Parent Relationship": "Outer", "Scan Direction": "Forward", "Index Name": "partsupp_pkey", "Relation Name": "partsupp", "Alias": "partsupp", "Startup Cost": 10000000000.0, "Total Cost": 1000027706983.0, "Plan Rows": 8000372, "Plan Width": 16}, {"Node Type": "Bitmap Heap Scan", "Parent Relationship": "Inner", "Relation Name": "supplier", "Alias": "supplier", "Startup Cost": 0.26, "Total Cost": 4.27, "Plan Rows": 1, "Plan Width": 8, "Recheck Cond": "(partsupp.ps_suppkey = s_suppkey)", "Filter": "((s_comment)::text ~~ '%Customer%Complaints%'::text)", "Plans": [{"Node Type": "Bitmap Index Scan", "Parent Relationship": "Outer", "Index Name": "supplier_pkey", "Startup Cost": 0.0, "Total Cost": 0.26, "Plan Rows": 1, "Plan Width": 0, "Index Cond": "(partsupp.ps_suppkey = s_suppkey)"}]}]}, {"Node Type": "Bitmap Heap Scan", "Parent Relationship": "Inner", "Relation Name": "part", "Alias": "part", "Startup Cost": 0.26, "Total Cost": 4.29, "Plan Rows": 1, "Plan Width": 44, "Recheck Cond": "(p_partkey = partsupp.ps_partkey)", "Filter": "((p_brand <> 'Brand#34'::bpchar) AND ((p_type)::text !~~ 'LARGE BRUSHED%'::text) AND (p_size = ANY ('{48,19,12,4,41,7,21,39}'::integer[])))", "Plans": [{"Node Type": "Bitmap Index Scan", "Parent Relationship": "Outer", "Index Name": "part_kpey", "Startup Cost": 0.0, "Total Cost": 0.26, "Plan Rows": 1, "Plan Width": 0, "Index Cond": "(p_partkey = partsupp.ps_partkey)"}]}]}]}]}]}, "Unique SQL Id": 1437012347}, "explain_analyze_plan": null}, "(1, 116)": {"explain_plan": {"Plan": {"Node Type": "Sort", "Startup Cost": 1208300.48, "Total Cost": 1208369.82, "Plan Rows": 27736, "Plan Width": 52, "Sort Key": ["(count(DISTINCT partsupp.ps_suppkey)) DESC", "part.p_brand", "part.p_type", "part.p_size"], "Plans": [{"Node Type": "Aggregate", "Strategy": "Sorted", "Parent Relationship": "Outer", "Startup Cost": 1195293.64, "Total Cost": 1206253.64, "Plan Rows": 27736, "Plan Width": 52, "Group By Key": ["part.p_brand", "part.p_type", "part.p_size"], "Plans": [{"Node Type": "Sort", "Parent Relationship": "Outer", "Startup Cost": 1195293.64, "Total Cost": 1197430.17, "Plan Rows": 854611, "Plan Width": 44, "Sort Key": ["part.p_brand", "part.p_type", "part.p_size"], "Plans": [{"Node Type": "Nested Loop", "Parent Relationship": "Outer", "Join Type": "Anti", "Startup Cost": 0.0, "Total Cost": 1111093.49, "Plan Rows": 854611, "Plan Width": 44, "Inner Unique": false, "Join Filter": "(partsupp.ps_suppkey = supplier.s_suppkey), (LLVM Optimized)", "Plans": [{"Node Type": "Nested Loop", "Parent Relationship": "Outer", "Join Type": "Inner", "Startup Cost": 0.0, "Total Cost": 979366.99, "Plan Rows": 854625, "Plan Width": 44, "Inner Unique": false, "Plans": [{"Node Type": "Seq Scan", "Parent Relationship": "Outer", "Relation Name": "part", "Alias": "part", "Startup Cost": 0.0, "Total Cost": 91944.0, "Plan Rows": 295844, "Plan Width": 44, "Filter": "((p_brand <> 'Brand#34'::bpchar) AND ((p_type)::text !~~ 'LARGE BRUSHED%'::text) AND (p_size = ANY ('{48,19,12,4,41,7,21,39}'::integer[]))), (LLVM Optimized)"}, {"Node Type": "Index Scan", "Parent Relationship": "Inner", "Scan Direction": "Forward", "Index Name": "idx_partsupp_partkey", "Relation Name": "partsupp", "Alias": "partsupp", "Startup Cost": 0.0, "Total Cost": 2.97, "Plan Rows": 3, "Plan Width": 16, "Index Cond": "(ps_partkey = part.p_partkey)"}]}, {"Node Type": "Materialize", "Parent Relationship": "Inner", "Startup Cost": 0.0, "Total Cost": 3533.05, "Plan Rows": 10, "Plan Width": 8, "Plans": [{"Node Type": "Seq Scan", "Parent Relationship": "Outer", "Relation Name": "supplier", "Alias": "supplier", "Startup Cost": 0.0, "Total Cost": 3533.0, "Plan Rows": 10, "Plan Width": 8, "Filter": "((s_comment)::text ~~ '%Customer%Complaints%'::text)"}]}]}]}]}]}, "Unique SQL Id": 1437012347}, "explain_analyze_plan": null}, "(1, 117)": {"explain_plan": {"Plan": {"Node Type": "Sort", "Startup Cost": 1249211.28, "Total Cost": 1249280.62, "Plan Rows": 27736, "Plan Width": 52, "Sort Key": ["(count(DISTINCT partsupp.ps_suppkey)) DESC", "part.p_brand", "part.p_type", "part.p_size"], "Plans": [{"Node Type": "Aggregate", "Strategy": "Sorted", "Parent Relationship": "Outer", "Startup Cost": 1236204.44, "Total Cost": 1247164.43, "Plan Rows": 27736, "Plan Width": 52, "Group By Key": ["part.p_brand", "part.p_type", "part.p_size"], "Plans": [{"Node Type": "Sort", "Parent Relationship": "Outer", "Startup Cost": 1236204.44, "Total Cost": 1238340.96, "Plan Rows": 854611, "Plan Width": 44, "Sort Key": ["part.p_brand", "part.p_type", "part.p_size"], "Plans": [{"Node Type": "Nested Loop", "Parent Relationship": "Outer", "Join Type": "Anti", "Startup Cost": 0.0, "Total Cost": 1152004.28, "Plan Rows": 854611, "Plan Width": 44, "Inner Unique": false, "Join Filter": "(partsupp.ps_suppkey = supplier.s_suppkey), (LLVM Optimized)", "Plans": [{"Node Type": "Nested Loop", "Parent Relationship": "Outer", "Join Type": "Inner", "Startup Cost": 0.0, "Total Cost": 1018226.24, "Plan Rows": 854625, "Plan Width": 44, "Inner Unique": false, "Plans": [{"Node Type": "Index Scan", "Parent Relationship": "Outer", "Scan Direction": "Forward", "Index Name": "part_kpey", "Relation Name": "part", "Alias": "part", "Startup Cost": 0.0, "Total Cost": 130803.25, "Plan Rows": 295844, "Plan Width": 44, "Filter": "((p_brand <> 'Brand#34'::bpchar) AND ((p_type)::text !~~ 'LARGE BRUSHED%'::text) AND (p_size = ANY ('{48,19,12,4,41,7,21,39}'::integer[]))), (LLVM Optimized)"}, {"Node Type": "Index Scan", "Parent Relationship": "Inner", "Scan Direction": "Forward", "Index Name": "idx_partsupp_partkey", "Relation Name": "partsupp", "Alias": "partsupp", "Startup Cost": 0.0, "Total Cost": 2.97, "Plan Rows": 3, "Plan Width": 16, "Index Cond": "(ps_partkey = part.p_partkey)"}]}, {"Node Type": "Materialize", "Parent Relationship": "Inner", "Startup Cost": 0.0, "Total Cost": 5584.59, "Plan Rows": 10, "Plan Width": 8, "Plans": [{"Node Type": "Index Scan", "Parent Relationship": "Outer", "Scan Direction": "Forward", "Index Name": "supplier_pkey", "Relation Name": "supplier", "Alias": "supplier", "Startup Cost": 0.0, "Total Cost": 5584.54, "Plan Rows": 10, "Plan Width": 8, "Filter": "((s_comment)::text ~~ '%Customer%Complaints%'::text)"}]}]}]}]}]}, "Unique SQL Id": 1437012347}, "explain_analyze_plan": null}, "(1, 118)": {"explain_plan": {"Plan": {"Node Type": "Sort", "Startup Cost": 1726554.33, "Total Cost": 1726623.67, "Plan Rows": 27736, "Plan Width": 52, "Sort Key": ["(count(DISTINCT partsupp.ps_suppkey)) DESC", "part.p_brand", "part.p_type", "part.p_size"], "Plans": [{"Node Type": "Aggregate", "Strategy": "Sorted", "Parent Relationship": "Outer", "Startup Cost": 1713547.49, "Total Cost": 1724507.49, "Plan Rows": 27736, "Plan Width": 52, "Group By Key": ["part.p_brand", "part.p_type", "part.p_size"], "Plans": [{"Node Type": "Sort", "Parent Relationship": "Outer", "Startup Cost": 1713547.49, "Total Cost": 1715684.02, "Plan Rows": 854611, "Plan Width": 44, "Sort Key": ["part.p_brand", "part.p_type", "part.p_size"], "Plans": [{"Node Type": "Nested Loop", "Parent Relationship": "Outer", "Join Type": "Anti", "Startup Cost": 0.68, "Total Cost": 1629347.34, "Plan Rows": 854611, "Plan Width": 44, "Inner Unique": false, "Join Filter": "(partsupp.ps_suppkey = supplier.s_suppkey), (LLVM Optimized)", "Plans": [{"Node Type": "Nested Loop", "Parent Relationship": "Outer", "Join Type": "Inner", "Startup Cost": 0.68, "Total Cost": 1497620.84, "Plan Rows": 854625, "Plan Width": 44, "Inner Unique": false, "Plans": [{"Node Type": "Seq Scan", "Parent Relationship": "Outer", "Relation Name": "part", "Alias": "part", "Startup Cost": 0.0, "Total Cost": 91944.0, "Plan Rows": 295844, "Plan Width": 44, "Filter": "((p_brand <> 'Brand#34'::bpchar) AND ((p_type)::text !~~ 'LARGE BRUSHED%'::text) AND (p_size = ANY ('{48,19,12,4,41,7,21,39}'::integer[]))), (LLVM Optimized)"}, {"Node Type": "Bitmap Heap Scan", "Parent Relationship": "Inner", "Relation Name": "partsupp", "Alias": "partsupp", "Startup Cost": 0.68, "Total Cost": 4.72, "Plan Rows": 3, "Plan Width": 16, "Recheck Cond": "(ps_partkey = part.p_partkey)", "Plans": [{"Node Type": "Bitmap Index Scan", "Parent Relationship": "Outer", "Index Name": "idx_partsupp_partkey", "Startup Cost": 0.0, "Total Cost": 0.68, "Plan Rows": 3, "Plan Width": 0, "Index Cond": "(ps_partkey = part.p_partkey)"}]}]}, {"Node Type": "Materialize", "Parent Relationship": "Inner", "Startup Cost": 0.0, "Total Cost": 3533.05, "Plan Rows": 10, "Plan Width": 8, "Plans": [{"Node Type": "Seq Scan", "Parent Relationship": "Outer", "Relation Name": "supplier", "Alias": "supplier", "Startup Cost": 0.0, "Total Cost": 3533.0, "Plan Rows": 10, "Plan Width": 8, "Filter": "((s_comment)::text ~~ '%Customer%Complaints%'::text)"}]}]}]}]}]}, "Unique SQL Id": 1437012347}, "explain_analyze_plan": null}, "(1, 119)": {"explain_plan": {"Plan": {"Node Type": "Sort", "Startup Cost": 1000138301898.4, "Total Cost": 1000138301967.74, "Plan Rows": 27736, "Plan Width": 52, "Sort Key": ["(count(DISTINCT partsupp.ps_suppkey)) DESC", "part.p_brand", "part.p_type", "part.p_size"], "Plans": [{"Node Type": "Aggregate", "Strategy": "Sorted", "Parent Relationship": "Outer", "Startup Cost": 1000138288891.56, "Total Cost": 1000138299851.56, "Plan Rows": 27736, "Plan Width": 52, "Group By Key": ["part.p_brand", "part.p_type", "part.p_size"], "Plans": [{"Node Type": "Sort", "Parent Relationship": "Outer", "Startup Cost": 1000138288891.56, "Total Cost": 1000138291028.09, "Plan Rows": 854611, "Plan Width": 44, "Sort Key": ["part.p_brand", "part.p_type", "part.p_size"], "Plans": [{"Node Type": "Nested Loop", "Parent Relationship": "Outer", "Join Type": "Anti", "Startup Cost": 10000000000.52, "Total Cost": 1000138204691.41, "Plan Rows": 854611, "Plan Width": 44, "Inner Unique": false, "Plans": [{"Node Type": "Nested Loop", "Parent Relationship": "Outer", "Join Type": "Inner", "Startup Cost": 10000000000.26, "Total Cost": 1000134552934.61, "Plan Rows": 854625, "Plan Width": 44, "Inner Unique": true, "Plans": [{"Node Type": "Index Scan", "Parent Relationship": "Outer", "Scan Direction": "Forward", "Index Name": "idx_partsupp_suppkey", "Relation Name": "partsupp", "Alias": "partsupp", "Startup Cost": 10000000000.0, "Total Cost": 1000100160480.77, "Plan Rows": 8000372, "Plan Width": 16}, {"Node Type": "Bitmap Heap Scan", "Parent Relationship": "Inner", "Relation Name": "part", "Alias": "part", "Startup Cost": 0.26, "Total Cost": 4.29, "Plan Rows": 1, "Plan Width": 44, "Recheck Cond": "(p_partkey = partsupp.ps_partkey)", "Filter": "((p_brand <> 'Brand#34'::bpchar) AND ((p_type)::text !~~ 'LARGE BRUSHED%'::text) AND (p_size = ANY ('{48,19,12,4,41,7,21,39}'::integer[])))", "Plans": [{"Node Type": "Bitmap Index Scan", "Parent Relationship": "Outer", "Index Name": "part_kpey", "Startup Cost": 0.0, "Total Cost": 0.26, "Plan Rows": 1, "Plan Width": 0, "Index Cond": "(p_partkey = partsupp.ps_partkey)"}]}]}, {"Node Type": "Bitmap Heap Scan", "Parent Relationship": "Inner", "Relation Name": "supplier", "Alias": "supplier", "Startup Cost": 0.26, "Total Cost": 4.27, "Plan Rows": 1, "Plan Width": 8, "Recheck Cond": "(partsupp.ps_suppkey = s_suppkey)", "Filter": "((s_comment)::text ~~ '%Customer%Complaints%'::text)", "Plans": [{"Node Type": "Bitmap Index Scan", "Parent Relationship": "Outer", "Index Name": "supplier_pkey", "Startup Cost": 0.0, "Total Cost": 0.26, "Plan Rows": 1, "Plan Width": 0, "Index Cond": "(partsupp.ps_suppkey = s_suppkey)"}]}]}]}]}]}, "Unique SQL Id": 1437012347}, "explain_analyze_plan": null}, "(1, 120)": {"explain_plan": {"Plan": {"Node Type": "Sort", "Startup Cost": 578528.45, "Total Cost": 578597.79, "Plan Rows": 27736, "Plan Width": 52, "Sort Key": ["(count(DISTINCT partsupp.ps_suppkey)) DESC", "part.p_brand", "part.p_type", "part.p_size"], "Plans": [{"Node Type": "Aggregate", "Strategy": "Sorted", "Parent Relationship": "Outer", "Startup Cost": 565521.61, "Total Cost": 576481.61, "Plan Rows": 27736, "Plan Width": 52, "Group By Key": ["part.p_brand", "part.p_type", "part.p_size"], "Plans": [{"Node Type": "Sort", "Parent Relationship": "Outer", "Startup Cost": 565521.61, "Total Cost": 567658.14, "Plan Rows": 854611, "Plan Width": 44, "Sort Key": ["part.p_brand", "part.p_type", "part.p_size"], "Plans": [{"Node Type": "Nested Loop", "Parent Relationship": "Outer", "Join Type": "Anti", "Startup Cost": 0.0, "Total Cost": 481321.45, "Plan Rows": 854611, "Plan Width": 44, "Inner Unique": false, "Join Filter": "(partsupp.ps_suppkey = supplier.s_suppkey), (LLVM Optimized)", "Plans": [{"Node Type": "Nested Loop", "Parent Relationship": "Outer", "Join Type": "Inner", "Startup Cost": 0.0, "Total Cost": 349594.96, "Plan Rows": 854625, "Plan Width": 44, "Inner Unique": false, "Plans": [{"Node Type": "Seq Scan", "Parent Relationship": "Outer", "Relation Name": "part", "Alias": "part", "Startup Cost": 0.0, "Total Cost": 91944.0, "Plan Rows": 295844, "Plan Width": 44, "Filter": "((p_brand <> 'Brand#34'::bpchar) AND ((p_type)::text !~~ 'LARGE BRUSHED%'::text) AND (p_size = ANY ('{48,19,12,4,41,7,21,39}'::integer[]))), (LLVM Optimized)"}, {"Node Type": "Index Only Scan", "Parent Relationship": "Inner", "Scan Direction": "Forward", "Index Name": "partsupp_pkey", "Relation Name": "partsupp", "Alias": "partsupp", "Startup Cost": 0.0, "Total Cost": 0.84, "Plan Rows": 3, "Plan Width": 16, "Index Cond": "(ps_partkey = part.p_partkey)"}]}, {"Node Type": "Materialize", "Parent Relationship": "Inner", "Startup Cost": 0.0, "Total Cost": 3533.05, "Plan Rows": 10, "Plan Width": 8, "Plans": [{"Node Type": "Seq Scan", "Parent Relationship": "Outer", "Relation Name": "supplier", "Alias": "supplier", "Startup Cost": 0.0, "Total Cost": 3533.0, "Plan Rows": 10, "Plan Width": 8, "Filter": "((s_comment)::text ~~ '%Customer%Complaints%'::text)"}]}]}]}]}]}, "Unique SQL Id": 1437012347}, "explain_analyze_plan": null}, "(1, 121)": {"explain_plan": {"Plan": {"Node Type": "Sort", "Startup Cost": 619439.24, "Total Cost": 619508.58, "Plan Rows": 27736, "Plan Width": 52, "Sort Key": ["(count(DISTINCT partsupp.ps_suppkey)) DESC", "part.p_brand", "part.p_type", "part.p_size"], "Plans": [{"Node Type": "Aggregate", "Strategy": "Sorted", "Parent Relationship": "Outer", "Startup Cost": 606432.4, "Total Cost": 617392.4, "Plan Rows": 27736, "Plan Width": 52, "Group By Key": ["part.p_brand", "part.p_type", "part.p_size"], "Plans": [{"Node Type": "Sort", "Parent Relationship": "Outer", "Startup Cost": 606432.4, "Total Cost": 608568.93, "Plan Rows": 854611, "Plan Width": 44, "Sort Key": ["part.p_brand", "part.p_type", "part.p_size"], "Plans": [{"Node Type": "Nested Loop", "Parent Relationship": "Outer", "Join Type": "Anti", "Startup Cost": 0.0, "Total Cost": 522232.25, "Plan Rows": 854611, "Plan Width": 44, "Inner Unique": false, "Join Filter": "(partsupp.ps_suppkey = supplier.s_suppkey), (LLVM Optimized)", "Plans": [{"Node Type": "Nested Loop", "Parent Relationship": "Outer", "Join Type": "Inner", "Startup Cost": 0.0, "Total Cost": 388454.21, "Plan Rows": 854625, "Plan Width": 44, "Inner Unique": false, "Plans": [{"Node Type": "Index Scan", "Parent Relationship": "Outer", "Scan Direction": "Forward", "Index Name": "part_kpey", "Relation Name": "part", "Alias": "part", "Startup Cost": 0.0, "Total Cost": 130803.25, "Plan Rows": 295844, "Plan Width": 44, "Filter": "((p_brand <> 'Brand#34'::bpchar) AND ((p_type)::text !~~ 'LARGE BRUSHED%'::text) AND (p_size = ANY ('{48,19,12,4,41,7,21,39}'::integer[]))), (LLVM Optimized)"}, {"Node Type": "Index Only Scan", "Parent Relationship": "Inner", "Scan Direction": "Forward", "Index Name": "partsupp_pkey", "Relation Name": "partsupp", "Alias": "partsupp", "Startup Cost": 0.0, "Total Cost": 0.84, "Plan Rows": 3, "Plan Width": 16, "Index Cond": "(ps_partkey = part.p_partkey)"}]}, {"Node Type": "Materialize", "Parent Relationship": "Inner", "Startup Cost": 0.0, "Total Cost": 5584.59, "Plan Rows": 10, "Plan Width": 8, "Plans": [{"Node Type": "Index Scan", "Parent Relationship": "Outer", "Scan Direction": "Forward", "Index Name": "supplier_pkey", "Relation Name": "supplier", "Alias": "supplier", "Startup Cost": 0.0, "Total Cost": 5584.54, "Plan Rows": 10, "Plan Width": 8, "Filter": "((s_comment)::text ~~ '%Customer%Complaints%'::text)"}]}]}]}]}]}, "Unique SQL Id": 1437012347}, "explain_analyze_plan": null}, "(1, 122)": {"explain_plan": {"Plan": {"Node Type": "Sort", "Startup Cost": 35503522414.34, "Total Cost": 35503522483.68, "Plan Rows": 27736, "Plan Width": 52, "Sort Key": ["(count(DISTINCT partsupp.ps_suppkey)) DESC", "part.p_brand", "part.p_type", "part.p_size"], "Plans": [{"Node Type": "Aggregate", "Strategy": "Sorted", "Parent Relationship": "Outer", "Startup Cost": 35503509407.5, "Total Cost": 35503520367.5, "Plan Rows": 27736, "Plan Width": 52, "Group By Key": ["part.p_brand", "part.p_type", "part.p_size"], "Plans": [{"Node Type": "Sort", "Parent Relationship": "Outer", "Startup Cost": 35503509407.5, "Total Cost": 35503511544.03, "Plan Rows": 854611, "Plan Width": 44, "Sort Key": ["part.p_brand", "part.p_type", "part.p_size"], "Plans": [{"Node Type": "Nested Loop", "Parent Relationship": "Outer", "Join Type": "Anti", "Startup Cost": 0.0, "Total Cost": 35503425207.34, "Plan Rows": 854611, "Plan Width": 44, "Inner Unique": false, "Join Filter": "(partsupp.ps_suppkey = supplier.s_suppkey), (LLVM Optimized)", "Plans": [{"Node Type": "Nested Loop", "Parent Relationship": "Outer", "Join Type": "Inner", "Startup Cost": 0.0, "Total Cost": 35503293480.85, "Plan Rows": 854625, "Plan Width": 44, "Inner Unique": true, "Join Filter": "(partsupp.ps_partkey = part.p_partkey), (LLVM Optimized)", "Plans": [{"Node Type": "Seq Scan", "Parent Relationship": "Outer", "Relation Name": "partsupp", "Alias": "partsupp", "Startup Cost": 0.0, "Total Cost": 269987.72, "Plan Rows": 8000372, "Plan Width": 16}, {"Node Type": "Materialize", "Parent Relationship": "Inner", "Startup Cost": 0.0, "Total Cost": 93423.22, "Plan Rows": 295844, "Plan Width": 44, "Plans": [{"Node Type": "Seq Scan", "Parent Relationship": "Outer", "Relation Name": "part", "Alias": "part", "Startup Cost": 0.0, "Total Cost": 91944.0, "Plan Rows": 295844, "Plan Width": 44, "Filter": "((p_brand <> 'Brand#34'::bpchar) AND ((p_type)::text !~~ 'LARGE BRUSHED%'::text) AND (p_size = ANY ('{48,19,12,4,41,7,21,39}'::integer[]))), (LLVM Optimized)"}]}]}, {"Node Type": "Materialize", "Parent Relationship": "Inner", "Startup Cost": 0.0, "Total Cost": 3533.05, "Plan Rows": 10, "Plan Width": 8, "Plans": [{"Node Type": "Seq Scan", "Parent Relationship": "Outer", "Relation Name": "supplier", "Alias": "supplier", "Startup Cost": 0.0, "Total Cost": 3533.0, "Plan Rows": 10, "Plan Width": 8, "Filter": "((s_comment)::text ~~ '%Customer%Complaints%'::text)"}]}]}]}]}]}, "Unique SQL Id": 1437012347}, "explain_analyze_plan": null}, "(1, 123)": {"explain_plan": {"Plan": {"Node Type": "Sort", "Startup Cost": 3035544979927.89, "Total Cost": 3035544979997.23, "Plan Rows": 27736, "Plan Width": 52, "Sort Key": ["(count(DISTINCT partsupp.ps_suppkey)) DESC", "part.p_brand", "part.p_type", "part.p_size"], "Plans": [{"Node Type": "Aggregate", "Strategy": "Sorted", "Parent Relationship": "Outer", "Startup Cost": 3035544966921.05, "Total Cost": 3035544977881.05, "Plan Rows": 27736, "Plan Width": 52, "Group By Key": ["part.p_brand", "part.p_type", "part.p_size"], "Plans": [{"Node Type": "Sort", "Parent Relationship": "Outer", "Startup Cost": 3035544966921.05, "Total Cost": 3035544969057.58, "Plan Rows": 854611, "Plan Width": 44, "Sort Key": ["part.p_brand", "part.p_type", "part.p_size"], "Plans": [{"Node Type": "Nested Loop", "Parent Relationship": "Outer", "Join Type": "Inner", "Startup Cost": 30000000000.0, "Total Cost": 3035544882720.89, "Plan Rows": 854611, "Plan Width": 44, "Inner Unique": true, "Join Filter": "(partsupp.ps_partkey = part.p_partkey), (LLVM Optimized)", "Plans": [{"Node Type": "Nested Loop", "Parent Relationship": "Outer", "Join Type": "Anti", "Startup Cost": 20000000000.0, "Total Cost": 2000029465493.2, "Plan Rows": 8000238, "Plan Width": 16, "Inner Unique": false, "Join Filter": "(partsupp.ps_suppkey = supplier.s_suppkey), (LLVM Optimized)", "Plans": [{"Node Type": "Index Only Scan", "Parent Relationship": "Outer", "Scan Direction": "Forward", "Index Name": "partsupp_pkey", "Relation Name": "partsupp", "Alias": "partsupp", "Startup Cost": 10000000000.0, "Total Cost": 1000027706983.0, "Plan Rows": 8000372, "Plan Width": 16}, {"Node Type": "Materialize", "Parent Relationship": "Inner", "Startup Cost": 10000000000.0, "Total Cost": 1000000558454.43, "Plan Rows": 10, "Plan Width": 8, "Plans": [{"Node Type": "Index Scan", "Parent Relationship": "Outer", "Scan Direction": "Forward", "Index Name": "supplier_pkey", "Relation Name": "supplier", "Alias": "supplier", "Startup Cost": 10000000000.0, "Total Cost": 1000000558454.38, "Plan Rows": 10, "Plan Width": 8, "Filter": "((s_comment)::text ~~ '%Customer%Complaints%'::text)"}]}]}, {"Node Type": "Materialize", "Parent Relationship": "Inner", "Startup Cost": 10000000000.0, "Total Cost": 1000013081804.22, "Plan Rows": 295844, "Plan Width": 44, "Plans": [{"Node Type": "Index Scan", "Parent Relationship": "Outer", "Scan Direction": "Forward", "Index Name": "part_kpey", "Relation Name": "part", "Alias": "part", "Startup Cost": 10000000000.0, "Total Cost": 1000013080325.0, "Plan Rows": 295844, "Plan Width": 44, "Filter": "((p_brand <> 'Brand#34'::bpchar) AND ((p_type)::text !~~ 'LARGE BRUSHED%'::text) AND (p_size = ANY ('{48,19,12,4,41,7,21,39}'::integer[]))), (LLVM Optimized)"}]}]}]}]}]}, "Unique SQL Id": 1437012347}, "explain_analyze_plan": null}, "(1, 124)": {"explain_plan": {"Plan": {"Node Type": "Sort", "Startup Cost": 1208300.48, "Total Cost": 1208369.82, "Plan Rows": 27736, "Plan Width": 52, "Sort Key": ["(count(DISTINCT partsupp.ps_suppkey)) DESC", "part.p_brand", "part.p_type", "part.p_size"], "Plans": [{"Node Type": "Aggregate", "Strategy": "Sorted", "Parent Relationship": "Outer", "Startup Cost": 1195293.64, "Total Cost": 1206253.64, "Plan Rows": 27736, "Plan Width": 52, "Group By Key": ["part.p_brand", "part.p_type", "part.p_size"], "Plans": [{"Node Type": "Sort", "Parent Relationship": "Outer", "Startup Cost": 1195293.64, "Total Cost": 1197430.17, "Plan Rows": 854611, "Plan Width": 44, "Sort Key": ["part.p_brand", "part.p_type", "part.p_size"], "Plans": [{"Node Type": "Nested Loop", "Parent Relationship": "Outer", "Join Type": "Anti", "Startup Cost": 0.0, "Total Cost": 1111093.49, "Plan Rows": 854611, "Plan Width": 44, "Inner Unique": false, "Join Filter": "(partsupp.ps_suppkey = supplier.s_suppkey), (LLVM Optimized)", "Plans": [{"Node Type": "Nested Loop", "Parent Relationship": "Outer", "Join Type": "Inner", "Startup Cost": 0.0, "Total Cost": 979366.99, "Plan Rows": 854625, "Plan Width": 44, "Inner Unique": false, "Plans": [{"Node Type": "Seq Scan", "Parent Relationship": "Outer", "Relation Name": "part", "Alias": "part", "Startup Cost": 0.0, "Total Cost": 91944.0, "Plan Rows": 295844, "Plan Width": 44, "Filter": "((p_brand <> 'Brand#34'::bpchar) AND ((p_type)::text !~~ 'LARGE BRUSHED%'::text) AND (p_size = ANY ('{48,19,12,4,41,7,21,39}'::integer[]))), (LLVM Optimized)"}, {"Node Type": "Index Scan", "Parent Relationship": "Inner", "Scan Direction": "Forward", "Index Name": "idx_partsupp_partkey", "Relation Name": "partsupp", "Alias": "partsupp", "Startup Cost": 0.0, "Total Cost": 2.97, "Plan Rows": 3, "Plan Width": 16, "Index Cond": "(ps_partkey = part.p_partkey)"}]}, {"Node Type": "Materialize", "Parent Relationship": "Inner", "Startup Cost": 0.0, "Total Cost": 3533.05, "Plan Rows": 10, "Plan Width": 8, "Plans": [{"Node Type": "Seq Scan", "Parent Relationship": "Outer", "Relation Name": "supplier", "Alias": "supplier", "Startup Cost": 0.0, "Total Cost": 3533.0, "Plan Rows": 10, "Plan Width": 8, "Filter": "((s_comment)::text ~~ '%Customer%Complaints%'::text)"}]}]}]}]}]}, "Unique SQL Id": 1437012347}, "explain_analyze_plan": null}, "(1, 125)": {"explain_plan": {"Plan": {"Node Type": "Sort", "Startup Cost": 1249211.28, "Total Cost": 1249280.62, "Plan Rows": 27736, "Plan Width": 52, "Sort Key": ["(count(DISTINCT partsupp.ps_suppkey)) DESC", "part.p_brand", "part.p_type", "part.p_size"], "Plans": [{"Node Type": "Aggregate", "Strategy": "Sorted", "Parent Relationship": "Outer", "Startup Cost": 1236204.44, "Total Cost": 1247164.43, "Plan Rows": 27736, "Plan Width": 52, "Group By Key": ["part.p_brand", "part.p_type", "part.p_size"], "Plans": [{"Node Type": "Sort", "Parent Relationship": "Outer", "Startup Cost": 1236204.44, "Total Cost": 1238340.96, "Plan Rows": 854611, "Plan Width": 44, "Sort Key": ["part.p_brand", "part.p_type", "part.p_size"], "Plans": [{"Node Type": "Nested Loop", "Parent Relationship": "Outer", "Join Type": "Anti", "Startup Cost": 0.0, "Total Cost": 1152004.28, "Plan Rows": 854611, "Plan Width": 44, "Inner Unique": false, "Join Filter": "(partsupp.ps_suppkey = supplier.s_suppkey), (LLVM Optimized)", "Plans": [{"Node Type": "Nested Loop", "Parent Relationship": "Outer", "Join Type": "Inner", "Startup Cost": 0.0, "Total Cost": 1018226.24, "Plan Rows": 854625, "Plan Width": 44, "Inner Unique": false, "Plans": [{"Node Type": "Index Scan", "Parent Relationship": "Outer", "Scan Direction": "Forward", "Index Name": "part_kpey", "Relation Name": "part", "Alias": "part", "Startup Cost": 0.0, "Total Cost": 130803.25, "Plan Rows": 295844, "Plan Width": 44, "Filter": "((p_brand <> 'Brand#34'::bpchar) AND ((p_type)::text !~~ 'LARGE BRUSHED%'::text) AND (p_size = ANY ('{48,19,12,4,41,7,21,39}'::integer[]))), (LLVM Optimized)"}, {"Node Type": "Index Scan", "Parent Relationship": "Inner", "Scan Direction": "Forward", "Index Name": "idx_partsupp_partkey", "Relation Name": "partsupp", "Alias": "partsupp", "Startup Cost": 0.0, "Total Cost": 2.97, "Plan Rows": 3, "Plan Width": 16, "Index Cond": "(ps_partkey = part.p_partkey)"}]}, {"Node Type": "Materialize", "Parent Relationship": "Inner", "Startup Cost": 0.0, "Total Cost": 5584.59, "Plan Rows": 10, "Plan Width": 8, "Plans": [{"Node Type": "Index Scan", "Parent Relationship": "Outer", "Scan Direction": "Forward", "Index Name": "supplier_pkey", "Relation Name": "supplier", "Alias": "supplier", "Startup Cost": 0.0, "Total Cost": 5584.54, "Plan Rows": 10, "Plan Width": 8, "Filter": "((s_comment)::text ~~ '%Customer%Complaints%'::text)"}]}]}]}]}]}, "Unique SQL Id": 1437012347}, "explain_analyze_plan": null}, "(1, 126)": {"explain_plan": {"Plan": {"Node Type": "Sort", "Startup Cost": 35503522414.34, "Total Cost": 35503522483.68, "Plan Rows": 27736, "Plan Width": 52, "Sort Key": ["(count(DISTINCT partsupp.ps_suppkey)) DESC", "part.p_brand", "part.p_type", "part.p_size"], "Plans": [{"Node Type": "Aggregate", "Strategy": "Sorted", "Parent Relationship": "Outer", "Startup Cost": 35503509407.5, "Total Cost": 35503520367.5, "Plan Rows": 27736, "Plan Width": 52, "Group By Key": ["part.p_brand", "part.p_type", "part.p_size"], "Plans": [{"Node Type": "Sort", "Parent Relationship": "Outer", "Startup Cost": 35503509407.5, "Total Cost": 35503511544.03, "Plan Rows": 854611, "Plan Width": 44, "Sort Key": ["part.p_brand", "part.p_type", "part.p_size"], "Plans": [{"Node Type": "Nested Loop", "Parent Relationship": "Outer", "Join Type": "Anti", "Startup Cost": 0.0, "Total Cost": 35503425207.34, "Plan Rows": 854611, "Plan Width": 44, "Inner Unique": false, "Join Filter": "(partsupp.ps_suppkey = supplier.s_suppkey), (LLVM Optimized)", "Plans": [{"Node Type": "Nested Loop", "Parent Relationship": "Outer", "Join Type": "Inner", "Startup Cost": 0.0, "Total Cost": 35503293480.85, "Plan Rows": 854625, "Plan Width": 44, "Inner Unique": true, "Join Filter": "(partsupp.ps_partkey = part.p_partkey), (LLVM Optimized)", "Plans": [{"Node Type": "Seq Scan", "Parent Relationship": "Outer", "Relation Name": "partsupp", "Alias": "partsupp", "Startup Cost": 0.0, "Total Cost": 269987.72, "Plan Rows": 8000372, "Plan Width": 16}, {"Node Type": "Materialize", "Parent Relationship": "Inner", "Startup Cost": 0.0, "Total Cost": 93423.22, "Plan Rows": 295844, "Plan Width": 44, "Plans": [{"Node Type": "Seq Scan", "Parent Relationship": "Outer", "Relation Name": "part", "Alias": "part", "Startup Cost": 0.0, "Total Cost": 91944.0, "Plan Rows": 295844, "Plan Width": 44, "Filter": "((p_brand <> 'Brand#34'::bpchar) AND ((p_type)::text !~~ 'LARGE BRUSHED%'::text) AND (p_size = ANY ('{48,19,12,4,41,7,21,39}'::integer[]))), (LLVM Optimized)"}]}]}, {"Node Type": "Materialize", "Parent Relationship": "Inner", "Startup Cost": 0.0, "Total Cost": 3533.05, "Plan Rows": 10, "Plan Width": 8, "Plans": [{"Node Type": "Seq Scan", "Parent Relationship": "Outer", "Relation Name": "supplier", "Alias": "supplier", "Startup Cost": 0.0, "Total Cost": 3533.0, "Plan Rows": 10, "Plan Width": 8, "Filter": "((s_comment)::text ~~ '%Customer%Complaints%'::text)"}]}]}]}]}]}, "Unique SQL Id": 1437012347}, "explain_analyze_plan": null}, "(1, 127)": {"explain_plan": {"Plan": {"Node Type": "Sort", "Startup Cost": 3035588913908.11, "Total Cost": 3035588913977.45, "Plan Rows": 27736, "Plan Width": 52, "Sort Key": ["(count(DISTINCT partsupp.ps_suppkey)) DESC", "part.p_brand", "part.p_type", "part.p_size"], "Plans": [{"Node Type": "Aggregate", "Strategy": "Sorted", "Parent Relationship": "Outer", "Startup Cost": 3035588900901.27, "Total Cost": 3035588911861.26, "Plan Rows": 27736, "Plan Width": 52, "Group By Key": ["part.p_brand", "part.p_type", "part.p_size"], "Plans": [{"Node Type": "Sort", "Parent Relationship": "Outer", "Startup Cost": 3035588900901.27, "Total Cost": 3035588903037.79, "Plan Rows": 854611, "Plan Width": 44, "Sort Key": ["part.p_brand", "part.p_type", "part.p_size"], "Plans": [{"Node Type": "Nested Loop", "Parent Relationship": "Outer", "Join Type": "Inner", "Startup Cost": 30000000000.0, "Total Cost": 3035588816701.11, "Plan Rows": 854611, "Plan Width": 44, "Inner Unique": true, "Join Filter": "(partsupp.ps_partkey = part.p_partkey), (LLVM Optimized)", "Plans": [{"Node Type": "Nested Loop", "Parent Relationship": "Outer", "Join Type": "Anti", "Startup Cost": 20000000000.0, "Total Cost": 2000073399473.42, "Plan Rows": 8000238, "Plan Width": 16, "Inner Unique": false, "Join Filter": "(partsupp.ps_suppkey = supplier.s_suppkey), (LLVM Optimized)", "Plans": [{"Node Type": "Index Scan", "Parent Relationship": "Outer", "Scan Direction": "Forward", "Index Name": "partsupp_pkey", "Relation Name": "partsupp", "Alias": "partsupp", "Startup Cost": 10000000000.0, "Total Cost": 1000071640963.22, "Plan Rows": 8000372, "Plan Width": 16}, {"Node Type": "Materialize", "Parent Relationship": "Inner", "Startup Cost": 10000000000.0, "Total Cost": 1000000558454.43, "Plan Rows": 10, "Plan Width": 8, "Plans": [{"Node Type": "Index Scan", "Parent Relationship": "Outer", "Scan Direction": "Forward", "Index Name": "supplier_pkey", "Relation Name": "supplier", "Alias": "supplier", "Startup Cost": 10000000000.0, "Total Cost": 1000000558454.38, "Plan Rows": 10, "Plan Width": 8, "Filter": "((s_comment)::text ~~ '%Customer%Complaints%'::text)"}]}]}, {"Node Type": "Materialize", "Parent Relationship": "Inner", "Startup Cost": 10000000000.0, "Total Cost": 1000013081804.22, "Plan Rows": 295844, "Plan Width": 44, "Plans": [{"Node Type": "Index Scan", "Parent Relationship": "Outer", "Scan Direction": "Forward", "Index Name": "part_kpey", "Relation Name": "part", "Alias": "part", "Startup Cost": 10000000000.0, "Total Cost": 1000013080325.0, "Plan Rows": 295844, "Plan Width": 44, "Filter": "((p_brand <> 'Brand#34'::bpchar) AND ((p_type)::text !~~ 'LARGE BRUSHED%'::text) AND (p_size = ANY ('{48,19,12,4,41,7,21,39}'::integer[]))), (LLVM Optimized)"}]}]}]}]}]}, "Unique SQL Id": 1437012347}, "explain_analyze_plan": null}, "(16, 0)": {"explain_plan": {"Plan": {"Node Type": "Sort", "Startup Cost": 144484.63, "Total Cost": 144553.97, "Plan Rows": 27736, "Plan Width": 60, "Sort Key": ["(count(partsupp.ps_suppkey)) DESC", "part.p_brand", "part.p_type", "part.p_size"], "Plans": [{"Node Type": "Streaming(type: LOCAL GATHER dop: 1/16)", "Parent Relationship": "Outer", "Startup Cost": 142139.85, "Total Cost": 142437.78, "Plan Rows": 27736, "Plan Width": 60, "Plans": [{"Node Type": "Aggregate", "Strategy": "Hashed", "Parent Relationship": "Outer", "Startup Cost": 142139.85, "Total Cost": 142157.19, "Plan Rows": 27736, "Plan Width": 60, "Group By Key": ["part.p_brand", "part.p_type", "part.p_size"], "Plans": [{"Node Type": "Aggregate", "Strategy": "Hashed", "Parent Relationship": "Outer", "Startup Cost": 141071.59, "Total Cost": 141605.72, "Plan Rows": 854611, "Plan Width": 52, "Group By Key": ["part.p_brand", "part.p_type", "part.p_size", "partsupp.ps_suppkey"], "Plans": [{"Node Type": "Streaming(type: LOCAL REDISTRIBUTE dop: 16/16)", "Parent Relationship": "Outer", "Startup Cost": 69999.79, "Total Cost": 140403.93, "Plan Rows": 854611, "Plan Width": 44, "Plans": [{"Node Type": "Hash Join", "Parent Relationship": "Outer", "Join Type": "Anti", "Startup Cost": 69999.79, "Total Cost": 104950.92, "Plan Rows": 854611, "Plan Width": 44, "Inner Unique": false, "Hash Cond": "(partsupp.ps_suppkey = supplier.s_suppkey), (LLVM Optimized)", "Plans": [{"Node Type": "Hash Join", "Parent Relationship": "Outer", "Join Type": "Inner", "Startup Cost": 51463.21, "Total Cost": 85746.67, "Plan Rows": 854625, "Plan Width": 44, "Inner Unique": true, "Hash Cond": "(partsupp.ps_partkey = part.p_partkey), (LLVM Optimized)", "Plans": [{"Node Type": "Seq Scan", "Parent Relationship": "Outer", "Relation Name": "partsupp", "Alias": "partsupp", "Startup Cost": 0.0, "Total Cost": 31874.23, "Plan Rows": 8000372, "Plan Width": 16}, {"Node Type": "Hash", "Parent Relationship": "Inner", "Startup Cost": 47765.16, "Total Cost": 47765.16, "Plan Rows": 4733504, "Plan Width": 44, "Plans": [{"Node Type": "Streaming(type: BROADCAST dop: 16/16)", "Parent Relationship": "Outer", "Startup Cost": 0.0, "Total Cost": 47765.16, "Plan Rows": 4733504, "Plan Width": 44, "Plans": [{"Node Type": "Seq Scan", "Parent Relationship": "Outer", "Relation Name": "part", "Alias": "part", "Startup Cost": 0.0, "Total Cost": 20746.5, "Plan Rows": 295844, "Plan Width": 44, "Filter": "((p_brand <> 'Brand#34'::bpchar) AND ((p_type)::text !~~ 'LARGE BRUSHED%'::text) AND (p_size = ANY ('{48,19,12,4,41,7,21,39}'::integer[]))), (LLVM Optimized)"}]}]}]}, {"Node Type": "Hash", "Parent Relationship": "Inner", "Startup Cost": 18536.45, "Total Cost": 18536.45, "Plan Rows": 160, "Plan Width": 8, "Plans": [{"Node Type": "Streaming(type: BROADCAST dop: 16/1)", "Parent Relationship": "Outer", "Startup Cost": 0.0, "Total Cost": 18536.45, "Plan Rows": 160, "Plan Width": 8, "Plans": [{"Node Type": "Seq Scan", "Parent Relationship": "Outer", "Relation Name": "supplier", "Alias": "supplier", "Startup Cost": 0.0, "Total Cost": 3533.0, "Plan Rows": 10, "Plan Width": 8, "Filter": "((s_comment)::text ~~ '%Customer%Complaints%'::text)"}]}]}]}]}]}]}]}]}, "Unique SQL Id": 1437012347}, "explain_analyze_plan": {"Plan": {"Node Type": "Sort", "Startup Cost": 144484.63, "Total Cost": 144553.97, "Plan Rows": 27736, "Plan Width": 60, "Actual Min Startup Time": 1200.331, "Actual Max Startup Time": 1200.331, "Actual Min Total Time": 1203.099, "Actual Max Total Time": 1203.099, "Actual Total Rows": 27838, "Sort Key": ["(count(partsupp.ps_suppkey)) DESC", "part.p_brand", "part.p_type", "part.p_size"], "Sort Method": "quicksort", "Sort Space Min Used": 3402, "Sort Space Max Used": 3402, "Sort Space Type": "Memory", "Plans": [{"Node Type": "Streaming(type: LOCAL GATHER dop: 1/16)", "Parent Relationship": "Outer", "Startup Cost": 142139.85, "Total Cost": 142437.78, "Plan Rows": 27736, "Plan Width": 60, "Actual Min Startup Time": 941.122, "Actual Max Startup Time": 941.122, "Actual Min Total Time": 1112.365, "Actual Max Total Time": 1112.365, "Actual Total Rows": 27838, "Plans": [{"Node Type": "Aggregate", "Strategy": "Hashed", "Parent Relationship": "Outer", "Startup Cost": 142139.85, "Total Cost": 142157.19, "Plan Rows": 27736, "Plan Width": 60, "Actual Min Startup Time": 768.112, "Actual Max Startup Time": 989.65, "Actual Min Total Time": 768.112, "Actual Max Total Time": 990.899, "Actual Total Rows": 27838, "Group By Key": ["part.p_brand", "part.p_type", "part.p_size"], "Plans": [{"Node Type": "Aggregate", "Strategy": "Hashed", "Parent Relationship": "Outer", "Startup Cost": 141071.59, "Total Cost": 141605.72, "Plan Rows": 854611, "Plan Width": 52, "Actual Min Startup Time": 767.134, "Actual Max Startup Time": 831.536, "Actual Min Total Time": 768.05, "Actual Max Total Time": 863.759, "Actual Total Rows": 1188428, "Group By Key": ["part.p_brand", "part.p_type", "part.p_size", "partsupp.ps_suppkey"], "Plans": [{"Node Type": "Streaming(type: LOCAL REDISTRIBUTE dop: 16/16)", "Parent Relationship": "Outer", "Startup Cost": 69999.79, "Total Cost": 140403.93, "Plan Rows": 854611, "Plan Width": 44, "Actual Min Startup Time": 323.271, "Actual Max Startup Time": 773.136, "Actual Min Total Time": 614.546, "Actual Max Total Time": 773.136, "Actual Total Rows": 1188666, "Plans": [{"Node Type": "Hash Join", "Parent Relationship": "Outer", "Join Type": "Anti", "Startup Cost": 69999.79, "Total Cost": 104950.92, "Plan Rows": 854611, "Plan Width": 44, "Actual Min Startup Time": 319.56, "Actual Max Startup Time": 404.165, "Actual Min Total Time": 620.607, "Actual Max Total Time": 716.832, "Actual Total Rows": 1188666, "Inner Unique": false, "Hash Cond": "(partsupp.ps_suppkey = supplier.s_suppkey), (LLVM Optimized, Jit Execute)", "Plans": [{"Node Type": "Hash Join", "Parent Relationship": "Outer", "Join Type": "Inner", "Startup Cost": 51463.21, "Total Cost": 85746.67, "Plan Rows": 854625, "Plan Width": 44, "Actual Min Startup Time": 319.47, "Actual Max Startup Time": 342.856, "Actual Min Total Time": 598.59, "Actual Max Total Time": 634.107, "Actual Total Rows": 1189344, "Inner Unique": true, "Hash Cond": "(partsupp.ps_partkey = part.p_partkey), (LLVM Optimized, Jit Execute)", "Plans": [{"Node Type": "Seq Scan", "Parent Relationship": "Outer", "Relation Name": "partsupp", "Alias": "partsupp", "Startup Cost": 0.0, "Total Cost": 31874.23, "Plan Rows": 8000372, "Plan Width": 16, "Actual Min Startup Time": 0.023, "Actual Max Startup Time": 0.038, "Actual Min Total Time": 151.039, "Actual Max Total Time": 162.82, "Actual Total Rows": 8000000}, {"Node Type": "Hash", "Parent Relationship": "Inner", "Startup Cost": 47765.16, "Total Cost": 47765.16, "Plan Rows": 4733504, "Plan Width": 44, "Actual Min Startup Time": 319.067, "Actual Max Startup Time": 342.372, "Actual Min Total Time": 319.067, "Actual Max Total Time": 342.372, "Actual Total Rows": 4757376, "Max Hash Buckets": 524288, "Min Hash Buckets": 524288, "Max Hash Batches": 1, "Min Hash Batches": 1, "Max Original Hash Batches": 1, "Min Original Hash Batches": 1, "Max Peak Memory Usage": 23216, "min Peak Memory Usage": 23216, "Plans": [{"Node Type": "Streaming(type: BROADCAST dop: 16/16)", "Parent Relationship": "Outer", "Startup Cost": 0.0, "Total Cost": 47765.16, "Plan Rows": 4733504, "Plan Width": 44, "Actual Min Startup Time": 0.037, "Actual Max Startup Time": 0.092, "Actual Min Total Time": 218.869, "Actual Max Total Time": 242.54, "Actual Total Rows": 4757376, "Plans": [{"Node Type": "Seq Scan", "Parent Relationship": "Outer", "Relation Name": "part", "Alias": "part", "Startup Cost": 0.0, "Total Cost": 20746.5, "Plan Rows": 295844, "Plan Width": 44, "Actual Min Startup Time": 0.033, "Actual Max Startup Time": 0.07, "Actual Min Total Time": 102.838, "Actual Max Total Time": 108.172, "Actual Total Rows": 297336, "Filter": "((p_brand <> 'Brand#34'::bpchar) AND ((p_type)::text !~~ 'LARGE BRUSHED%'::text) AND (p_size = ANY ('{48,19,12,4,41,7,21,39}'::integer[]))), (LLVM Optimized, Jit Execute)", "Rows Removed by Filter": 1702664}]}]}]}, {"Node Type": "Hash", "Parent Relationship": "Inner", "Startup Cost": 18536.45, "Total Cost": 18536.45, "Plan Rows": 160, "Plan Width": 8, "Actual Min Startup Time": 0.041, "Actual Max Startup Time": 61.248, "Actual Min Total Time": 0.041, "Actual Max Total Time": 61.248, "Actual Total Rows": 896, "Max Hash Buckets": 32768, "Min Hash Buckets": 32768, "Max Hash Batches": 1, "Min Hash Batches": 1, "Max Original Hash Batches": 1, "Min Original Hash Batches": 1, "Max Peak Memory Usage": 3, "min Peak Memory Usage": 3, "Plans": [{"Node Type": "Streaming(type: BROADCAST dop: 16/1)", "Parent Relationship": "Outer", "Startup Cost": 0.0, "Total Cost": 18536.45, "Plan Rows": 160, "Plan Width": 8, "Actual Min Startup Time": 0.012, "Actual Max Startup Time": 61.212, "Actual Min Total Time": 0.014, "Actual Max Total Time": 61.215, "Actual Total Rows": 896, "Plans": [{"Node Type": "Seq Scan", "Parent Relationship": "Outer", "Relation Name": "supplier", "Alias": "supplier", "Startup Cost": 0.0, "Total Cost": 3533.0, "Plan Rows": 10, "Plan Width": 8, "Actual Min Startup Time": 0.248, "Actual Max Startup Time": 0.248, "Actual Min Total Time": 52.934, "Actual Max Total Time": 52.934, "Actual Total Rows": 56, "Filter": "((s_comment)::text ~~ '%Customer%Complaints%'::text)", "Rows Removed by Filter": 99944}]}]}]}]}]}]}]}]}, "Triggers": [], "Planner Runtime": 1.74, "Total Runtime": 1224.55, "Unique SQL Id": 1437012347}}, "(16, 1)": {"explain_plan": {"Plan": {"Node Type": "Sort", "Startup Cost": 409910.03, "Total Cost": 409979.37, "Plan Rows": 27736, "Plan Width": 60, "Sort Key": ["(count(partsupp.ps_suppkey)) DESC", "part.p_brand", "part.p_type", "part.p_size"], "Plans": [{"Node Type": "Streaming(type: LOCAL GATHER dop: 1/16)", "Parent Relationship": "Outer", "Startup Cost": 407565.26, "Total Cost": 407863.19, "Plan Rows": 27736, "Plan Width": 60, "Plans": [{"Node Type": "Aggregate", "Strategy": "Hashed", "Parent Relationship": "Outer", "Startup Cost": 407565.26, "Total Cost": 407582.59, "Plan Rows": 27736, "Plan Width": 60, "Group By Key": ["part.p_brand", "part.p_type", "part.p_size"], "Plans": [{"Node Type": "Aggregate", "Strategy": "Hashed", "Parent Relationship": "Outer", "Startup Cost": 406496.99, "Total Cost": 407031.13, "Plan Rows": 854611, "Plan Width": 52, "Group By Key": ["part.p_brand", "part.p_type", "part.p_size", "partsupp.ps_suppkey"], "Plans": [{"Node Type": "Streaming(type: LOCAL REDISTRIBUTE dop: 16/16)", "Parent Relationship": "Outer", "Startup Cost": 150233.08, "Total Cost": 405829.33, "Plan Rows": 854611, "Plan Width": 44, "Plans": [{"Node Type": "Hash Join", "Parent Relationship": "Outer", "Join Type": "Anti", "Startup Cost": 150233.08, "Total Cost": 370376.33, "Plan Rows": 854611, "Plan Width": 44, "Inner Unique": false, "Hash Cond": "(partsupp.ps_suppkey = supplier.s_suppkey), (LLVM Optimized)", "Plans": [{"Node Type": "Hash Join", "Parent Relationship": "Outer", "Join Type": "Inner", "Startup Cost": 129644.96, "Total Cost": 349120.53, "Plan Rows": 854625, "Plan Width": 44, "Inner Unique": true, "Hash Cond": "(partsupp.ps_partkey = part.p_partkey), (LLVM Optimized)", "Plans": [{"Node Type": "Index Only Scan", "Parent Relationship": "Outer", "Scan Direction": "Forward", "Index Name": "partsupp_pkey", "Relation Name": "partsupp", "Alias": "partsupp", "Startup Cost": 0.0, "Total Cost": 217066.34, "Plan Rows": 8000372, "Plan Width": 16}, {"Node Type": "Hash", "Parent Relationship": "Inner", "Startup Cost": 125946.91, "Total Cost": 125946.91, "Plan Rows": 4733504, "Plan Width": 44, "Plans": [{"Node Type": "Streaming(type: BROADCAST dop: 16/16)", "Parent Relationship": "Outer", "Startup Cost": 0.0, "Total Cost": 125946.91, "Plan Rows": 4733504, "Plan Width": 44, "Plans": [{"Node Type": "Index Scan", "Parent Relationship": "Outer", "Scan Direction": "Forward", "Index Name": "part_kpey", "Relation Name": "part", "Alias": "part", "Startup Cost": 0.0, "Total Cost": 98928.25, "Plan Rows": 295844, "Plan Width": 44, "Filter": "((p_brand <> 'Brand#34'::bpchar) AND ((p_type)::text !~~ 'LARGE BRUSHED%'::text) AND (p_size = ANY ('{48,19,12,4,41,7,21,39}'::integer[]))), (LLVM Optimized)"}]}]}]}, {"Node Type": "Hash", "Parent Relationship": "Inner", "Startup Cost": 20588.0, "Total Cost": 20588.0, "Plan Rows": 160, "Plan Width": 8, "Plans": [{"Node Type": "Streaming(type: BROADCAST dop: 16/1)", "Parent Relationship": "Outer", "Startup Cost": 0.0, "Total Cost": 20588.0, "Plan Rows": 160, "Plan Width": 8, "Plans": [{"Node Type": "Index Scan", "Parent Relationship": "Outer", "Scan Direction": "Forward", "Index Name": "supplier_pkey", "Relation Name": "supplier", "Alias": "supplier", "Startup Cost": 0.0, "Total Cost": 5584.54, "Plan Rows": 10, "Plan Width": 8, "Filter": "((s_comment)::text ~~ '%Customer%Complaints%'::text)"}]}]}]}]}]}]}]}]}, "Unique SQL Id": 1437012347}, "explain_analyze_plan": {"Plan": {"Node Type": "Sort", "Startup Cost": 409910.03, "Total Cost": 409979.37, "Plan Rows": 27736, "Plan Width": 60, "Actual Min Startup Time": 1815.176, "Actual Max Startup Time": 1815.176, "Actual Min Total Time": 1817.8, "Actual Max Total Time": 1817.8, "Actual Total Rows": 27838, "Sort Key": ["(count(partsupp.ps_suppkey)) DESC", "part.p_brand", "part.p_type", "part.p_size"], "Sort Method": "quicksort", "Sort Space Min Used": 3402, "Sort Space Max Used": 3402, "Sort Space Type": "Memory", "Plans": [{"Node Type": "Streaming(type: LOCAL GATHER dop: 1/16)", "Parent Relationship": "Outer", "Startup Cost": 407565.26, "Total Cost": 407863.19, "Plan Rows": 27736, "Plan Width": 60, "Actual Min Startup Time": 1570.324, "Actual Max Startup Time": 1570.324, "Actual Min Total Time": 1729.343, "Actual Max Total Time": 1729.343, "Actual Total Rows": 27838, "Plans": [{"Node Type": "Aggregate", "Strategy": "Hashed", "Parent Relationship": "Outer", "Startup Cost": 407565.26, "Total Cost": 407582.59, "Plan Rows": 27736, "Plan Width": 60, "Actual Min Startup Time": 1388.501, "Actual Max Startup Time": 1602.412, "Actual Min Total Time": 1388.501, "Actual Max Total Time": 1603.625, "Actual Total Rows": 27838, "Group By Key": ["part.p_brand", "part.p_type", "part.p_size"], "Plans": [{"Node Type": "Aggregate", "Strategy": "Hashed", "Parent Relationship": "Outer", "Startup Cost": 406496.99, "Total Cost": 407031.13, "Plan Rows": 854611, "Plan Width": 52, "Actual Min Startup Time": 1387.761, "Actual Max Startup Time": 1412.065, "Actual Min Total Time": 1388.419, "Actual Max Total Time": 1457.08, "Actual Total Rows": 1188428, "Group By Key": ["part.p_brand", "part.p_type", "part.p_size", "partsupp.ps_suppkey"], "Plans": [{"Node Type": "Streaming(type: LOCAL REDISTRIBUTE dop: 16/16)", "Parent Relationship": "Outer", "Startup Cost": 150233.08, "Total Cost": 405829.33, "Plan Rows": 854611, "Plan Width": 44, "Actual Min Startup Time": 960.412, "Actual Max Startup Time": 1392.614, "Actual Min Total Time": 1248.656, "Actual Max Total Time": 1392.614, "Actual Total Rows": 1188666, "Plans": [{"Node Type": "Hash Join", "Parent Relationship": "Outer", "Join Type": "Anti", "Startup Cost": 150233.08, "Total Cost": 370376.33, "Plan Rows": 854611, "Plan Width": 44, "Actual Min Startup Time": 956.596, "Actual Max Startup Time": 1035.556, "Actual Min Total Time": 1224.498, "Actual Max Total Time": 1314.451, "Actual Total Rows": 1188666, "Inner Unique": false, "Hash Cond": "(partsupp.ps_suppkey = supplier.s_suppkey), (LLVM Optimized, Jit Execute)", "Plans": [{"Node Type": "Hash Join", "Parent Relationship": "Outer", "Join Type": "Inner", "Startup Cost": 129644.96, "Total Cost": 349120.53, "Plan Rows": 854625, "Plan Width": 44, "Actual Min Startup Time": 953.27, "Actual Max Startup Time": 953.37, "Actual Min Total Time": 1197.442, "Actual Max Total Time": 1229.005, "Actual Total Rows": 1189344, "Inner Unique": true, "Hash Cond": "(partsupp.ps_partkey = part.p_partkey), (LLVM Optimized, Jit Execute)", "Plans": [{"Node Type": "Index Only Scan", "Parent Relationship": "Outer", "Scan Direction": "Forward", "Index Name": "partsupp_pkey", "Relation Name": "partsupp", "Alias": "partsupp", "Startup Cost": 0.0, "Total Cost": 217066.34, "Plan Rows": 8000372, "Plan Width": 16, "Actual Min Startup Time": 563.544, "Actual Max Startup Time": 563.657, "Actual Min Total Time": 691.545, "Actual Max Total Time": 712.293, "Actual Total Rows": 8000000, "Heap Fetches": 0}, {"Node Type": "Hash", "Parent Relationship": "Inner", "Startup Cost": 125946.91, "Total Cost": 125946.91, "Plan Rows": 4733504, "Plan Width": 44, "Actual Min Startup Time": 388.776, "Actual Max Startup Time": 388.847, "Actual Min Total Time": 388.776, "Actual Max Total Time": 388.847, "Actual Total Rows": 4757376, "Max Hash Buckets": 524288, "Min Hash Buckets": 524288, "Max Hash Batches": 1, "Min Hash Batches": 1, "Max Original Hash Batches": 1, "Min Original Hash Batches": 1, "Max Peak Memory Usage": 23216, "min Peak Memory Usage": 23216, "Plans": [{"Node Type": "Streaming(type: BROADCAST dop: 16/16)", "Parent Relationship": "Outer", "Startup Cost": 0.0, "Total Cost": 125946.91, "Plan Rows": 4733504, "Plan Width": 44, "Actual Min Startup Time": 0.055, "Actual Max Startup Time": 0.097, "Actual Min Total Time": 278.383, "Actual Max Total Time": 295.018, "Actual Total Rows": 4757376, "Plans": [{"Node Type": "Index Scan", "Parent Relationship": "Outer", "Scan Direction": "Forward", "Index Name": "part_kpey", "Relation Name": "part", "Alias": "part", "Startup Cost": 0.0, "Total Cost": 98928.25, "Plan Rows": 295844, "Plan Width": 44, "Actual Min Startup Time": 0.053, "Actual Max Startup Time": 61.876, "Actual Min Total Time": 154.618, "Actual Max Total Time": 227.449, "Actual Total Rows": 297336, "Filter": "((p_brand <> 'Brand#34'::bpchar) AND ((p_type)::text !~~ 'LARGE BRUSHED%'::text) AND (p_size = ANY ('{48,19,12,4,41,7,21,39}'::integer[]))), (LLVM Optimized, Jit Execute)", "Rows Removed by Filter": 1702664}]}]}]}, {"Node Type": "Hash", "Parent Relationship": "Inner", "Startup Cost": 20588.0, "Total Cost": 20588.0, "Plan Rows": 160, "Plan Width": 8, "Actual Min Startup Time": 3.206, "Actual Max Startup Time": 82.19, "Actual Min Total Time": 3.206, "Actual Max Total Time": 82.19, "Actual Total Rows": 896, "Max Hash Buckets": 32768, "Min Hash Buckets": 32768, "Max Hash Batches": 1, "Min Hash Batches": 1, "Max Original Hash Batches": 1, "Min Original Hash Batches": 1, "Max Peak Memory Usage": 3, "min Peak Memory Usage": 3, "Plans": [{"Node Type": "Streaming(type: BROADCAST dop: 16/1)", "Parent Relationship": "Outer", "Startup Cost": 0.0, "Total Cost": 20588.0, "Plan Rows": 160, "Plan Width": 8, "Actual Min Startup Time": 3.182, "Actual Max Startup Time": 82.163, "Actual Min Total Time": 3.186, "Actual Max Total Time": 82.171, "Actual Total Rows": 896, "Plans": [{"Node Type": "Index Scan", "Parent Relationship": "Outer", "Scan Direction": "Forward", "Index Name": "supplier_pkey", "Relation Name": "supplier", "Alias": "supplier", "Startup Cost": 0.0, "Total Cost": 5584.54, "Plan Rows": 10, "Plan Width": 8, "Actual Min Startup Time": 0.421, "Actual Max Startup Time": 0.421, "Actual Min Total Time": 83.676, "Actual Max Total Time": 83.676, "Actual Total Rows": 56, "Filter": "((s_comment)::text ~~ '%Customer%Complaints%'::text)", "Rows Removed by Filter": 99944}]}]}]}]}]}]}]}]}, "Triggers": [], "Planner Runtime": 1.69, "Total Runtime": 1839.491, "Unique SQL Id": 1437012347}}, "(16, 2)": {"explain_plan": {"Plan": {"Node Type": "Sort", "Startup Cost": 144484.63, "Total Cost": 144553.97, "Plan Rows": 27736, "Plan Width": 60, "Sort Key": ["(count(partsupp.ps_suppkey)) DESC", "part.p_brand", "part.p_type", "part.p_size"], "Plans": [{"Node Type": "Streaming(type: LOCAL GATHER dop: 1/16)", "Parent Relationship": "Outer", "Startup Cost": 142139.85, "Total Cost": 142437.78, "Plan Rows": 27736, "Plan Width": 60, "Plans": [{"Node Type": "Aggregate", "Strategy": "Hashed", "Parent Relationship": "Outer", "Startup Cost": 142139.85, "Total Cost": 142157.19, "Plan Rows": 27736, "Plan Width": 60, "Group By Key": ["part.p_brand", "part.p_type", "part.p_size"], "Plans": [{"Node Type": "Aggregate", "Strategy": "Hashed", "Parent Relationship": "Outer", "Startup Cost": 141071.59, "Total Cost": 141605.72, "Plan Rows": 854611, "Plan Width": 52, "Group By Key": ["part.p_brand", "part.p_type", "part.p_size", "partsupp.ps_suppkey"], "Plans": [{"Node Type": "Streaming(type: LOCAL REDISTRIBUTE dop: 16/16)", "Parent Relationship": "Outer", "Startup Cost": 69999.79, "Total Cost": 140403.93, "Plan Rows": 854611, "Plan Width": 44, "Plans": [{"Node Type": "Hash Join", "Parent Relationship": "Outer", "Join Type": "Anti", "Startup Cost": 69999.79, "Total Cost": 104950.92, "Plan Rows": 854611, "Plan Width": 44, "Inner Unique": false, "Hash Cond": "(partsupp.ps_suppkey = supplier.s_suppkey), (LLVM Optimized)", "Plans": [{"Node Type": "Hash Join", "Parent Relationship": "Outer", "Join Type": "Inner", "Startup Cost": 51463.21, "Total Cost": 85746.67, "Plan Rows": 854625, "Plan Width": 44, "Inner Unique": true, "Hash Cond": "(partsupp.ps_partkey = part.p_partkey), (LLVM Optimized)", "Plans": [{"Node Type": "Seq Scan", "Parent Relationship": "Outer", "Relation Name": "partsupp", "Alias": "partsupp", "Startup Cost": 0.0, "Total Cost": 31874.23, "Plan Rows": 8000372, "Plan Width": 16}, {"Node Type": "Hash", "Parent Relationship": "Inner", "Startup Cost": 47765.16, "Total Cost": 47765.16, "Plan Rows": 4733504, "Plan Width": 44, "Plans": [{"Node Type": "Streaming(type: BROADCAST dop: 16/16)", "Parent Relationship": "Outer", "Startup Cost": 0.0, "Total Cost": 47765.16, "Plan Rows": 4733504, "Plan Width": 44, "Plans": [{"Node Type": "Seq Scan", "Parent Relationship": "Outer", "Relation Name": "part", "Alias": "part", "Startup Cost": 0.0, "Total Cost": 20746.5, "Plan Rows": 295844, "Plan Width": 44, "Filter": "((p_brand <> 'Brand#34'::bpchar) AND ((p_type)::text !~~ 'LARGE BRUSHED%'::text) AND (p_size = ANY ('{48,19,12,4,41,7,21,39}'::integer[]))), (LLVM Optimized)"}]}]}]}, {"Node Type": "Hash", "Parent Relationship": "Inner", "Startup Cost": 18536.45, "Total Cost": 18536.45, "Plan Rows": 160, "Plan Width": 8, "Plans": [{"Node Type": "Streaming(type: BROADCAST dop: 16/1)", "Parent Relationship": "Outer", "Startup Cost": 0.0, "Total Cost": 18536.45, "Plan Rows": 160, "Plan Width": 8, "Plans": [{"Node Type": "Seq Scan", "Parent Relationship": "Outer", "Relation Name": "supplier", "Alias": "supplier", "Startup Cost": 0.0, "Total Cost": 3533.0, "Plan Rows": 10, "Plan Width": 8, "Filter": "((s_comment)::text ~~ '%Customer%Complaints%'::text)"}]}]}]}]}]}]}]}]}, "Unique SQL Id": 1437012347}, "explain_analyze_plan": {"Plan": {"Node Type": "Sort", "Startup Cost": 144484.63, "Total Cost": 144553.97, "Plan Rows": 27736, "Plan Width": 60, "Actual Min Startup Time": 1200.331, "Actual Max Startup Time": 1200.331, "Actual Min Total Time": 1203.099, "Actual Max Total Time": 1203.099, "Actual Total Rows": 27838, "Sort Key": ["(count(partsupp.ps_suppkey)) DESC", "part.p_brand", "part.p_type", "part.p_size"], "Sort Method": "quicksort", "Sort Space Min Used": 3402, "Sort Space Max Used": 3402, "Sort Space Type": "Memory", "Plans": [{"Node Type": "Streaming(type: LOCAL GATHER dop: 1/16)", "Parent Relationship": "Outer", "Startup Cost": 142139.85, "Total Cost": 142437.78, "Plan Rows": 27736, "Plan Width": 60, "Actual Min Startup Time": 941.122, "Actual Max Startup Time": 941.122, "Actual Min Total Time": 1112.365, "Actual Max Total Time": 1112.365, "Actual Total Rows": 27838, "Plans": [{"Node Type": "Aggregate", "Strategy": "Hashed", "Parent Relationship": "Outer", "Startup Cost": 142139.85, "Total Cost": 142157.19, "Plan Rows": 27736, "Plan Width": 60, "Actual Min Startup Time": 768.112, "Actual Max Startup Time": 989.65, "Actual Min Total Time": 768.112, "Actual Max Total Time": 990.899, "Actual Total Rows": 27838, "Group By Key": ["part.p_brand", "part.p_type", "part.p_size"], "Plans": [{"Node Type": "Aggregate", "Strategy": "Hashed", "Parent Relationship": "Outer", "Startup Cost": 141071.59, "Total Cost": 141605.72, "Plan Rows": 854611, "Plan Width": 52, "Actual Min Startup Time": 767.134, "Actual Max Startup Time": 831.536, "Actual Min Total Time": 768.05, "Actual Max Total Time": 863.759, "Actual Total Rows": 1188428, "Group By Key": ["part.p_brand", "part.p_type", "part.p_size", "partsupp.ps_suppkey"], "Plans": [{"Node Type": "Streaming(type: LOCAL REDISTRIBUTE dop: 16/16)", "Parent Relationship": "Outer", "Startup Cost": 69999.79, "Total Cost": 140403.93, "Plan Rows": 854611, "Plan Width": 44, "Actual Min Startup Time": 323.271, "Actual Max Startup Time": 773.136, "Actual Min Total Time": 614.546, "Actual Max Total Time": 773.136, "Actual Total Rows": 1188666, "Plans": [{"Node Type": "Hash Join", "Parent Relationship": "Outer", "Join Type": "Anti", "Startup Cost": 69999.79, "Total Cost": 104950.92, "Plan Rows": 854611, "Plan Width": 44, "Actual Min Startup Time": 319.56, "Actual Max Startup Time": 404.165, "Actual Min Total Time": 620.607, "Actual Max Total Time": 716.832, "Actual Total Rows": 1188666, "Inner Unique": false, "Hash Cond": "(partsupp.ps_suppkey = supplier.s_suppkey), (LLVM Optimized, Jit Execute)", "Plans": [{"Node Type": "Hash Join", "Parent Relationship": "Outer", "Join Type": "Inner", "Startup Cost": 51463.21, "Total Cost": 85746.67, "Plan Rows": 854625, "Plan Width": 44, "Actual Min Startup Time": 319.47, "Actual Max Startup Time": 342.856, "Actual Min Total Time": 598.59, "Actual Max Total Time": 634.107, "Actual Total Rows": 1189344, "Inner Unique": true, "Hash Cond": "(partsupp.ps_partkey = part.p_partkey), (LLVM Optimized, Jit Execute)", "Plans": [{"Node Type": "Seq Scan", "Parent Relationship": "Outer", "Relation Name": "partsupp", "Alias": "partsupp", "Startup Cost": 0.0, "Total Cost": 31874.23, "Plan Rows": 8000372, "Plan Width": 16, "Actual Min Startup Time": 0.023, "Actual Max Startup Time": 0.038, "Actual Min Total Time": 151.039, "Actual Max Total Time": 162.82, "Actual Total Rows": 8000000}, {"Node Type": "Hash", "Parent Relationship": "Inner", "Startup Cost": 47765.16, "Total Cost": 47765.16, "Plan Rows": 4733504, "Plan Width": 44, "Actual Min Startup Time": 319.067, "Actual Max Startup Time": 342.372, "Actual Min Total Time": 319.067, "Actual Max Total Time": 342.372, "Actual Total Rows": 4757376, "Max Hash Buckets": 524288, "Min Hash Buckets": 524288, "Max Hash Batches": 1, "Min Hash Batches": 1, "Max Original Hash Batches": 1, "Min Original Hash Batches": 1, "Max Peak Memory Usage": 23216, "min Peak Memory Usage": 23216, "Plans": [{"Node Type": "Streaming(type: BROADCAST dop: 16/16)", "Parent Relationship": "Outer", "Startup Cost": 0.0, "Total Cost": 47765.16, "Plan Rows": 4733504, "Plan Width": 44, "Actual Min Startup Time": 0.037, "Actual Max Startup Time": 0.092, "Actual Min Total Time": 218.869, "Actual Max Total Time": 242.54, "Actual Total Rows": 4757376, "Plans": [{"Node Type": "Seq Scan", "Parent Relationship": "Outer", "Relation Name": "part", "Alias": "part", "Startup Cost": 0.0, "Total Cost": 20746.5, "Plan Rows": 295844, "Plan Width": 44, "Actual Min Startup Time": 0.033, "Actual Max Startup Time": 0.07, "Actual Min Total Time": 102.838, "Actual Max Total Time": 108.172, "Actual Total Rows": 297336, "Filter": "((p_brand <> 'Brand#34'::bpchar) AND ((p_type)::text !~~ 'LARGE BRUSHED%'::text) AND (p_size = ANY ('{48,19,12,4,41,7,21,39}'::integer[]))), (LLVM Optimized, Jit Execute)", "Rows Removed by Filter": 1702664}]}]}]}, {"Node Type": "Hash", "Parent Relationship": "Inner", "Startup Cost": 18536.45, "Total Cost": 18536.45, "Plan Rows": 160, "Plan Width": 8, "Actual Min Startup Time": 0.041, "Actual Max Startup Time": 61.248, "Actual Min Total Time": 0.041, "Actual Max Total Time": 61.248, "Actual Total Rows": 896, "Max Hash Buckets": 32768, "Min Hash Buckets": 32768, "Max Hash Batches": 1, "Min Hash Batches": 1, "Max Original Hash Batches": 1, "Min Original Hash Batches": 1, "Max Peak Memory Usage": 3, "min Peak Memory Usage": 3, "Plans": [{"Node Type": "Streaming(type: BROADCAST dop: 16/1)", "Parent Relationship": "Outer", "Startup Cost": 0.0, "Total Cost": 18536.45, "Plan Rows": 160, "Plan Width": 8, "Actual Min Startup Time": 0.012, "Actual Max Startup Time": 61.212, "Actual Min Total Time": 0.014, "Actual Max Total Time": 61.215, "Actual Total Rows": 896, "Plans": [{"Node Type": "Seq Scan", "Parent Relationship": "Outer", "Relation Name": "supplier", "Alias": "supplier", "Startup Cost": 0.0, "Total Cost": 3533.0, "Plan Rows": 10, "Plan Width": 8, "Actual Min Startup Time": 0.248, "Actual Max Startup Time": 0.248, "Actual Min Total Time": 52.934, "Actual Max Total Time": 52.934, "Actual Total Rows": 56, "Filter": "((s_comment)::text ~~ '%Customer%Complaints%'::text)", "Rows Removed by Filter": 99944}]}]}]}]}]}]}]}]}, "Triggers": [], "Planner Runtime": 1.74, "Total Runtime": 1224.55, "Unique SQL Id": 1437012347}}, "(16, 3)": {"explain_plan": {"Plan": {"Node Type": "Sort", "Startup Cost": 636427.53, "Total Cost": 636496.87, "Plan Rows": 27736, "Plan Width": 60, "Sort Key": ["(count(partsupp.ps_suppkey)) DESC", "part.p_brand", "part.p_type", "part.p_size"], "Plans": [{"Node Type": "Aggregate", "Strategy": "Hashed", "Parent Relationship": "Outer", "Startup Cost": 634103.33, "Total Cost": 634380.69, "Plan Rows": 27736, "Plan Width": 60, "Group By Key": ["part.p_brand", "part.p_type", "part.p_size"], "Plans": [{"Node Type": "Aggregate", "Strategy": "Hashed", "Parent Relationship": "Outer", "Startup Cost": 633548.61, "Total Cost": 633825.97, "Plan Rows": 27736, "Plan Width": 52, "Group By Key": ["part.p_brand", "part.p_type", "part.p_size", "partsupp.ps_suppkey"], "Plans": [{"Node Type": "Hash Join", "Parent Relationship": "Outer", "Join Type": "Anti", "Startup Cost": 303647.84, "Total Cost": 622865.97, "Plan Rows": 854611, "Plan Width": 44, "Inner Unique": false, "Hash Cond": "(partsupp.ps_suppkey = supplier.s_suppkey), (LLVM Optimized)", "Plans": [{"Node Type": "Hash Join", "Parent Relationship": "Outer", "Join Type": "Inner", "Startup Cost": 298066.46, "Total Cost": 606601.83, "Plan Rows": 854625, "Plan Width": 44, "Inner Unique": true, "Hash Cond": "(partsupp.ps_partkey = part.p_partkey), (LLVM Optimized)", "Plans": [{"Node Type": "Bitmap Heap Scan", "Parent Relationship": "Outer", "Relation Name": "partsupp", "Alias": "partsupp", "Startup Cost": 163494.2, "Total Cost": 433481.92, "Plan Rows": 8000372, "Plan Width": 16, "Plans": [{"Node Type": "Bitmap Index Scan", "Parent Relationship": "Outer", "Index Name": "idx_partsupp_partkey", "Startup Cost": 0.0, "Total Cost": 161494.11, "Plan Rows": 8000372, "Plan Width": 0}]}, {"Node Type": "Hash", "Parent Relationship": "Inner", "Startup Cost": 130874.21, "Total Cost": 130874.21, "Plan Rows": 295844, "Plan Width": 44, "Plans": [{"Node Type": "Bitmap Heap Scan", "Parent Relationship": "Outer", "Relation Name": "part", "Alias": "part", "Startup Cost": 38930.21, "Total Cost": 130874.21, "Plan Rows": 295844, "Plan Width": 44, "Filter": "((p_brand <> 'Brand#34'::bpchar) AND ((p_type)::text !~~ 'LARGE BRUSHED%'::text) AND (p_size = ANY ('{48,19,12,4,41,7,21,39}'::integer[]))), (LLVM Optimized)", "Plans": [{"Node Type": "Bitmap Index Scan", "Parent Relationship": "Outer", "Index Name": "part_kpey", "Startup Cost": 0.0, "Total Cost": 38856.25, "Plan Rows": 2000000, "Plan Width": 0}]}]}]}, {"Node Type": "Hash", "Parent Relationship": "Inner", "Startup Cost": 5581.25, "Total Cost": 5581.25, "Plan Rows": 10, "Plan Width": 8, "Plans": [{"Node Type": "Bitmap Heap Scan", "Parent Relationship": "Outer", "Relation Name": "supplier", "Alias": "supplier", "Startup Cost": 2048.25, "Total Cost": 5581.25, "Plan Rows": 10, "Plan Width": 8, "Filter": "((s_comment)::text ~~ '%Customer%Complaints%'::text)", "Plans": [{"Node Type": "Bitmap Index Scan", "Parent Relationship": "Outer", "Index Name": "supplier_pkey", "Startup Cost": 0.0, "Total Cost": 2048.25, "Plan Rows": 100000, "Plan Width": 0}]}]}]}]}]}]}, "Unique SQL Id": 1437012347}, "explain_analyze_plan": null}, "(16, 4)": {"explain_plan": {"Plan": {"Node Type": "Sort", "Startup Cost": 144484.63, "Total Cost": 144553.97, "Plan Rows": 27736, "Plan Width": 60, "Sort Key": ["(count(partsupp.ps_suppkey)) DESC", "part.p_brand", "part.p_type", "part.p_size"], "Plans": [{"Node Type": "Streaming(type: LOCAL GATHER dop: 1/16)", "Parent Relationship": "Outer", "Startup Cost": 142139.85, "Total Cost": 142437.78, "Plan Rows": 27736, "Plan Width": 60, "Plans": [{"Node Type": "Aggregate", "Strategy": "Hashed", "Parent Relationship": "Outer", "Startup Cost": 142139.85, "Total Cost": 142157.19, "Plan Rows": 27736, "Plan Width": 60, "Group By Key": ["part.p_brand", "part.p_type", "part.p_size"], "Plans": [{"Node Type": "Aggregate", "Strategy": "Hashed", "Parent Relationship": "Outer", "Startup Cost": 141071.59, "Total Cost": 141605.72, "Plan Rows": 854611, "Plan Width": 52, "Group By Key": ["part.p_brand", "part.p_type", "part.p_size", "partsupp.ps_suppkey"], "Plans": [{"Node Type": "Streaming(type: LOCAL REDISTRIBUTE dop: 16/16)", "Parent Relationship": "Outer", "Startup Cost": 69999.79, "Total Cost": 140403.93, "Plan Rows": 854611, "Plan Width": 44, "Plans": [{"Node Type": "Hash Join", "Parent Relationship": "Outer", "Join Type": "Anti", "Startup Cost": 69999.79, "Total Cost": 104950.92, "Plan Rows": 854611, "Plan Width": 44, "Inner Unique": false, "Hash Cond": "(partsupp.ps_suppkey = supplier.s_suppkey), (LLVM Optimized)", "Plans": [{"Node Type": "Hash Join", "Parent Relationship": "Outer", "Join Type": "Inner", "Startup Cost": 51463.21, "Total Cost": 85746.67, "Plan Rows": 854625, "Plan Width": 44, "Inner Unique": true, "Hash Cond": "(partsupp.ps_partkey = part.p_partkey), (LLVM Optimized)", "Plans": [{"Node Type": "Seq Scan", "Parent Relationship": "Outer", "Relation Name": "partsupp", "Alias": "partsupp", "Startup Cost": 0.0, "Total Cost": 31874.23, "Plan Rows": 8000372, "Plan Width": 16}, {"Node Type": "Hash", "Parent Relationship": "Inner", "Startup Cost": 47765.16, "Total Cost": 47765.16, "Plan Rows": 4733504, "Plan Width": 44, "Plans": [{"Node Type": "Streaming(type: BROADCAST dop: 16/16)", "Parent Relationship": "Outer", "Startup Cost": 0.0, "Total Cost": 47765.16, "Plan Rows": 4733504, "Plan Width": 44, "Plans": [{"Node Type": "Seq Scan", "Parent Relationship": "Outer", "Relation Name": "part", "Alias": "part", "Startup Cost": 0.0, "Total Cost": 20746.5, "Plan Rows": 295844, "Plan Width": 44, "Filter": "((p_brand <> 'Brand#34'::bpchar) AND ((p_type)::text !~~ 'LARGE BRUSHED%'::text) AND (p_size = ANY ('{48,19,12,4,41,7,21,39}'::integer[]))), (LLVM Optimized)"}]}]}]}, {"Node Type": "Hash", "Parent Relationship": "Inner", "Startup Cost": 18536.45, "Total Cost": 18536.45, "Plan Rows": 160, "Plan Width": 8, "Plans": [{"Node Type": "Streaming(type: BROADCAST dop: 16/1)", "Parent Relationship": "Outer", "Startup Cost": 0.0, "Total Cost": 18536.45, "Plan Rows": 160, "Plan Width": 8, "Plans": [{"Node Type": "Seq Scan", "Parent Relationship": "Outer", "Relation Name": "supplier", "Alias": "supplier", "Startup Cost": 0.0, "Total Cost": 3533.0, "Plan Rows": 10, "Plan Width": 8, "Filter": "((s_comment)::text ~~ '%Customer%Complaints%'::text)"}]}]}]}]}]}]}]}]}, "Unique SQL Id": 1437012347}, "explain_analyze_plan": {"Plan": {"Node Type": "Sort", "Startup Cost": 144484.63, "Total Cost": 144553.97, "Plan Rows": 27736, "Plan Width": 60, "Actual Min Startup Time": 1200.331, "Actual Max Startup Time": 1200.331, "Actual Min Total Time": 1203.099, "Actual Max Total Time": 1203.099, "Actual Total Rows": 27838, "Sort Key": ["(count(partsupp.ps_suppkey)) DESC", "part.p_brand", "part.p_type", "part.p_size"], "Sort Method": "quicksort", "Sort Space Min Used": 3402, "Sort Space Max Used": 3402, "Sort Space Type": "Memory", "Plans": [{"Node Type": "Streaming(type: LOCAL GATHER dop: 1/16)", "Parent Relationship": "Outer", "Startup Cost": 142139.85, "Total Cost": 142437.78, "Plan Rows": 27736, "Plan Width": 60, "Actual Min Startup Time": 941.122, "Actual Max Startup Time": 941.122, "Actual Min Total Time": 1112.365, "Actual Max Total Time": 1112.365, "Actual Total Rows": 27838, "Plans": [{"Node Type": "Aggregate", "Strategy": "Hashed", "Parent Relationship": "Outer", "Startup Cost": 142139.85, "Total Cost": 142157.19, "Plan Rows": 27736, "Plan Width": 60, "Actual Min Startup Time": 768.112, "Actual Max Startup Time": 989.65, "Actual Min Total Time": 768.112, "Actual Max Total Time": 990.899, "Actual Total Rows": 27838, "Group By Key": ["part.p_brand", "part.p_type", "part.p_size"], "Plans": [{"Node Type": "Aggregate", "Strategy": "Hashed", "Parent Relationship": "Outer", "Startup Cost": 141071.59, "Total Cost": 141605.72, "Plan Rows": 854611, "Plan Width": 52, "Actual Min Startup Time": 767.134, "Actual Max Startup Time": 831.536, "Actual Min Total Time": 768.05, "Actual Max Total Time": 863.759, "Actual Total Rows": 1188428, "Group By Key": ["part.p_brand", "part.p_type", "part.p_size", "partsupp.ps_suppkey"], "Plans": [{"Node Type": "Streaming(type: LOCAL REDISTRIBUTE dop: 16/16)", "Parent Relationship": "Outer", "Startup Cost": 69999.79, "Total Cost": 140403.93, "Plan Rows": 854611, "Plan Width": 44, "Actual Min Startup Time": 323.271, "Actual Max Startup Time": 773.136, "Actual Min Total Time": 614.546, "Actual Max Total Time": 773.136, "Actual Total Rows": 1188666, "Plans": [{"Node Type": "Hash Join", "Parent Relationship": "Outer", "Join Type": "Anti", "Startup Cost": 69999.79, "Total Cost": 104950.92, "Plan Rows": 854611, "Plan Width": 44, "Actual Min Startup Time": 319.56, "Actual Max Startup Time": 404.165, "Actual Min Total Time": 620.607, "Actual Max Total Time": 716.832, "Actual Total Rows": 1188666, "Inner Unique": false, "Hash Cond": "(partsupp.ps_suppkey = supplier.s_suppkey), (LLVM Optimized, Jit Execute)", "Plans": [{"Node Type": "Hash Join", "Parent Relationship": "Outer", "Join Type": "Inner", "Startup Cost": 51463.21, "Total Cost": 85746.67, "Plan Rows": 854625, "Plan Width": 44, "Actual Min Startup Time": 319.47, "Actual Max Startup Time": 342.856, "Actual Min Total Time": 598.59, "Actual Max Total Time": 634.107, "Actual Total Rows": 1189344, "Inner Unique": true, "Hash Cond": "(partsupp.ps_partkey = part.p_partkey), (LLVM Optimized, Jit Execute)", "Plans": [{"Node Type": "Seq Scan", "Parent Relationship": "Outer", "Relation Name": "partsupp", "Alias": "partsupp", "Startup Cost": 0.0, "Total Cost": 31874.23, "Plan Rows": 8000372, "Plan Width": 16, "Actual Min Startup Time": 0.023, "Actual Max Startup Time": 0.038, "Actual Min Total Time": 151.039, "Actual Max Total Time": 162.82, "Actual Total Rows": 8000000}, {"Node Type": "Hash", "Parent Relationship": "Inner", "Startup Cost": 47765.16, "Total Cost": 47765.16, "Plan Rows": 4733504, "Plan Width": 44, "Actual Min Startup Time": 319.067, "Actual Max Startup Time": 342.372, "Actual Min Total Time": 319.067, "Actual Max Total Time": 342.372, "Actual Total Rows": 4757376, "Max Hash Buckets": 524288, "Min Hash Buckets": 524288, "Max Hash Batches": 1, "Min Hash Batches": 1, "Max Original Hash Batches": 1, "Min Original Hash Batches": 1, "Max Peak Memory Usage": 23216, "min Peak Memory Usage": 23216, "Plans": [{"Node Type": "Streaming(type: BROADCAST dop: 16/16)", "Parent Relationship": "Outer", "Startup Cost": 0.0, "Total Cost": 47765.16, "Plan Rows": 4733504, "Plan Width": 44, "Actual Min Startup Time": 0.037, "Actual Max Startup Time": 0.092, "Actual Min Total Time": 218.869, "Actual Max Total Time": 242.54, "Actual Total Rows": 4757376, "Plans": [{"Node Type": "Seq Scan", "Parent Relationship": "Outer", "Relation Name": "part", "Alias": "part", "Startup Cost": 0.0, "Total Cost": 20746.5, "Plan Rows": 295844, "Plan Width": 44, "Actual Min Startup Time": 0.033, "Actual Max Startup Time": 0.07, "Actual Min Total Time": 102.838, "Actual Max Total Time": 108.172, "Actual Total Rows": 297336, "Filter": "((p_brand <> 'Brand#34'::bpchar) AND ((p_type)::text !~~ 'LARGE BRUSHED%'::text) AND (p_size = ANY ('{48,19,12,4,41,7,21,39}'::integer[]))), (LLVM Optimized, Jit Execute)", "Rows Removed by Filter": 1702664}]}]}]}, {"Node Type": "Hash", "Parent Relationship": "Inner", "Startup Cost": 18536.45, "Total Cost": 18536.45, "Plan Rows": 160, "Plan Width": 8, "Actual Min Startup Time": 0.041, "Actual Max Startup Time": 61.248, "Actual Min Total Time": 0.041, "Actual Max Total Time": 61.248, "Actual Total Rows": 896, "Max Hash Buckets": 32768, "Min Hash Buckets": 32768, "Max Hash Batches": 1, "Min Hash Batches": 1, "Max Original Hash Batches": 1, "Min Original Hash Batches": 1, "Max Peak Memory Usage": 3, "min Peak Memory Usage": 3, "Plans": [{"Node Type": "Streaming(type: BROADCAST dop: 16/1)", "Parent Relationship": "Outer", "Startup Cost": 0.0, "Total Cost": 18536.45, "Plan Rows": 160, "Plan Width": 8, "Actual Min Startup Time": 0.012, "Actual Max Startup Time": 61.212, "Actual Min Total Time": 0.014, "Actual Max Total Time": 61.215, "Actual Total Rows": 896, "Plans": [{"Node Type": "Seq Scan", "Parent Relationship": "Outer", "Relation Name": "supplier", "Alias": "supplier", "Startup Cost": 0.0, "Total Cost": 3533.0, "Plan Rows": 10, "Plan Width": 8, "Actual Min Startup Time": 0.248, "Actual Max Startup Time": 0.248, "Actual Min Total Time": 52.934, "Actual Max Total Time": 52.934, "Actual Total Rows": 56, "Filter": "((s_comment)::text ~~ '%Customer%Complaints%'::text)", "Rows Removed by Filter": 99944}]}]}]}]}]}]}]}]}, "Triggers": [], "Planner Runtime": 1.74, "Total Runtime": 1224.55, "Unique SQL Id": 1437012347}}, "(16, 5)": {"explain_plan": {"Plan": {"Node Type": "Sort", "Startup Cost": 564325.23, "Total Cost": 564394.57, "Plan Rows": 27736, "Plan Width": 60, "Sort Key": ["(count(partsupp.ps_suppkey)) DESC", "part.p_brand", "part.p_type", "part.p_size"], "Plans": [{"Node Type": "Streaming(type: LOCAL GATHER dop: 1/16)", "Parent Relationship": "Outer", "Startup Cost": 561980.46, "Total Cost": 562278.39, "Plan Rows": 27736, "Plan Width": 60, "Plans": [{"Node Type": "Aggregate", "Strategy": "Hashed", "Parent Relationship": "Outer", "Startup Cost": 561980.46, "Total Cost": 561997.8, "Plan Rows": 27736, "Plan Width": 60, "Group By Key": ["part.p_brand", "part.p_type", "part.p_size"], "Plans": [{"Node Type": "Aggregate", "Strategy": "Hashed", "Parent Relationship": "Outer", "Startup Cost": 560912.2, "Total Cost": 561446.33, "Plan Rows": 854611, "Plan Width": 52, "Group By Key": ["part.p_brand", "part.p_type", "part.p_size", "partsupp.ps_suppkey"], "Plans": [{"Node Type": "Streaming(type: LOCAL REDISTRIBUTE dop: 16/16)", "Parent Relationship": "Outer", "Startup Cost": 150233.08, "Total Cost": 560244.53, "Plan Rows": 854611, "Plan Width": 44, "Plans": [{"Node Type": "Hash Join", "Parent Relationship": "Outer", "Join Type": "Anti", "Startup Cost": 150233.08, "Total Cost": 524791.53, "Plan Rows": 854611, "Plan Width": 44, "Inner Unique": false, "Hash Cond": "(partsupp.ps_suppkey = supplier.s_suppkey), (LLVM Optimized)", "Plans": [{"Node Type": "Hash Join", "Parent Relationship": "Outer", "Join Type": "Inner", "Startup Cost": 129644.96, "Total Cost": 503535.74, "Plan Rows": 854625, "Plan Width": 44, "Inner Unique": true, "Hash Cond": "(partsupp.ps_partkey = part.p_partkey), (LLVM Optimized)", "Plans": [{"Node Type": "Index Scan", "Parent Relationship": "Outer", "Scan Direction": "Forward", "Index Name": "idx_partsupp_partkey", "Relation Name": "partsupp", "Alias": "partsupp", "Startup Cost": 0.0, "Total Cost": 371481.55, "Plan Rows": 8000372, "Plan Width": 16}, {"Node Type": "Hash", "Parent Relationship": "Inner", "Startup Cost": 125946.91, "Total Cost": 125946.91, "Plan Rows": 4733504, "Plan Width": 44, "Plans": [{"Node Type": "Streaming(type: BROADCAST dop: 16/16)", "Parent Relationship": "Outer", "Startup Cost": 0.0, "Total Cost": 125946.91, "Plan Rows": 4733504, "Plan Width": 44, "Plans": [{"Node Type": "Index Scan", "Parent Relationship": "Outer", "Scan Direction": "Forward", "Index Name": "part_kpey", "Relation Name": "part", "Alias": "part", "Startup Cost": 0.0, "Total Cost": 98928.25, "Plan Rows": 295844, "Plan Width": 44, "Filter": "((p_brand <> 'Brand#34'::bpchar) AND ((p_type)::text !~~ 'LARGE BRUSHED%'::text) AND (p_size = ANY ('{48,19,12,4,41,7,21,39}'::integer[]))), (LLVM Optimized)"}]}]}]}, {"Node Type": "Hash", "Parent Relationship": "Inner", "Startup Cost": 20588.0, "Total Cost": 20588.0, "Plan Rows": 160, "Plan Width": 8, "Plans": [{"Node Type": "Streaming(type: BROADCAST dop: 16/1)", "Parent Relationship": "Outer", "Startup Cost": 0.0, "Total Cost": 20588.0, "Plan Rows": 160, "Plan Width": 8, "Plans": [{"Node Type": "Index Scan", "Parent Relationship": "Outer", "Scan Direction": "Forward", "Index Name": "supplier_pkey", "Relation Name": "supplier", "Alias": "supplier", "Startup Cost": 0.0, "Total Cost": 5584.54, "Plan Rows": 10, "Plan Width": 8, "Filter": "((s_comment)::text ~~ '%Customer%Complaints%'::text)"}]}]}]}]}]}]}]}]}, "Unique SQL Id": 1437012347}, "explain_analyze_plan": {"Plan": {"Node Type": "Sort", "Startup Cost": 564325.23, "Total Cost": 564394.57, "Plan Rows": 27736, "Plan Width": 60, "Actual Min Startup Time": 1619.572, "Actual Max Startup Time": 1619.572, "Actual Min Total Time": 1622.26, "Actual Max Total Time": 1622.26, "Actual Total Rows": 27838, "Sort Key": ["(count(partsupp.ps_suppkey)) DESC", "part.p_brand", "part.p_type", "part.p_size"], "Sort Method": "quicksort", "Sort Space Min Used": 3402, "Sort Space Max Used": 3402, "Sort Space Type": "Memory", "Plans": [{"Node Type": "Streaming(type: LOCAL GATHER dop: 1/16)", "Parent Relationship": "Outer", "Startup Cost": 561980.46, "Total Cost": 562278.39, "Plan Rows": 27736, "Plan Width": 60, "Actual Min Startup Time": 1367.631, "Actual Max Startup Time": 1367.631, "Actual Min Total Time": 1534.225, "Actual Max Total Time": 1534.225, "Actual Total Rows": 27838, "Plans": [{"Node Type": "Aggregate", "Strategy": "Hashed", "Parent Relationship": "Outer", "Startup Cost": 561980.46, "Total Cost": 561997.8, "Plan Rows": 27736, "Plan Width": 60, "Actual Min Startup Time": 1184.074, "Actual Max Startup Time": 1396.508, "Actual Min Total Time": 1184.074, "Actual Max Total Time": 1397.687, "Actual Total Rows": 27838, "Group By Key": ["part.p_brand", "part.p_type", "part.p_size"], "Plans": [{"Node Type": "Aggregate", "Strategy": "Hashed", "Parent Relationship": "Outer", "Startup Cost": 560912.2, "Total Cost": 561446.33, "Plan Rows": 854611, "Plan Width": 52, "Actual Min Startup Time": 1176.118, "Actual Max Startup Time": 1256.882, "Actual Min Total Time": 1184.016, "Actual Max Total Time": 1288.867, "Actual Total Rows": 1188428, "Group By Key": ["part.p_brand", "part.p_type", "part.p_size", "partsupp.ps_suppkey"], "Plans": [{"Node Type": "Streaming(type: LOCAL REDISTRIBUTE dop: 16/16)", "Parent Relationship": "Outer", "Startup Cost": 150233.08, "Total Cost": 560244.53, "Plan Rows": 854611, "Plan Width": 44, "Actual Min Startup Time": 568.154, "Actual Max Startup Time": 1213.325, "Actual Min Total Time": 1036.832, "Actual Max Total Time": 1213.325, "Actual Total Rows": 1188666, "Plans": [{"Node Type": "Hash Join", "Parent Relationship": "Outer", "Join Type": "Anti", "Startup Cost": 150233.08, "Total Cost": 524791.53, "Plan Rows": 854611, "Plan Width": 44, "Actual Min Startup Time": 563.498, "Actual Max Startup Time": 656.823, "Actual Min Total Time": 1032.687, "Actual Max Total Time": 1151.158, "Actual Total Rows": 1188666, "Inner Unique": false, "Hash Cond": "(partsupp.ps_suppkey = supplier.s_suppkey), (LLVM Optimized, Jit Execute)", "Plans": [{"Node Type": "Hash Join", "Parent Relationship": "Outer", "Join Type": "Inner", "Startup Cost": 129644.96, "Total Cost": 503535.74, "Plan Rows": 854625, "Plan Width": 44, "Actual Min Startup Time": 563.406, "Actual Max Startup Time": 565.349, "Actual Min Total Time": 1004.557, "Actual Max Total Time": 1049.519, "Actual Total Rows": 1189344, "Inner Unique": true, "Hash Cond": "(partsupp.ps_partkey = part.p_partkey), (LLVM Optimized, Jit Execute)", "Plans": [{"Node Type": "Index Scan", "Parent Relationship": "Outer", "Scan Direction": "Forward", "Index Name": "idx_partsupp_partkey", "Relation Name": "partsupp", "Alias": "partsupp", "Startup Cost": 0.0, "Total Cost": 371481.55, "Plan Rows": 8000372, "Plan Width": 16, "Actual Min Startup Time": 53.627, "Actual Max Startup Time": 53.723, "Actual Min Total Time": 366.616, "Actual Max Total Time": 382.503, "Actual Total Rows": 8000000}, {"Node Type": "Hash", "Parent Relationship": "Inner", "Startup Cost": 125946.91, "Total Cost": 125946.91, "Plan Rows": 4733504, "Plan Width": 44, "Actual Min Startup Time": 509.283, "Actual Max Startup Time": 511.049, "Actual Min Total Time": 509.283, "Actual Max Total Time": 511.049, "Actual Total Rows": 4757376, "Max Hash Buckets": 524288, "Min Hash Buckets": 524288, "Max Hash Batches": 1, "Min Hash Batches": 1, "Max Original Hash Batches": 1, "Min Original Hash Batches": 1, "Max Peak Memory Usage": 23216, "min Peak Memory Usage": 23216, "Plans": [{"Node Type": "Streaming(type: BROADCAST dop: 16/16)", "Parent Relationship": "Outer", "Startup Cost": 0.0, "Total Cost": 125946.91, "Plan Rows": 4733504, "Plan Width": 44, "Actual Min Startup Time": 10.053, "Actual Max Startup Time": 11.842, "Actual Min Total Time": 402.657, "Actual Max Total Time": 419.53, "Actual Total Rows": 4757376, "Plans": [{"Node Type": "Index Scan", "Parent Relationship": "Outer", "Scan Direction": "Forward", "Index Name": "part_kpey", "Relation Name": "part", "Alias": "part", "Startup Cost": 0.0, "Total Cost": 98928.25, "Plan Rows": 295844, "Plan Width": 44, "Actual Min Startup Time": 11.768, "Actual Max Startup Time": 86.127, "Actual Min Total Time": 163.258, "Actual Max Total Time": 249.032, "Actual Total Rows": 297336, "Filter": "((p_brand <> 'Brand#34'::bpchar) AND ((p_type)::text !~~ 'LARGE BRUSHED%'::text) AND (p_size = ANY ('{48,19,12,4,41,7,21,39}'::integer[]))), (LLVM Optimized, Jit Execute)", "Rows Removed by Filter": 1702664}]}]}]}, {"Node Type": "Hash", "Parent Relationship": "Inner", "Startup Cost": 20588.0, "Total Cost": 20588.0, "Plan Rows": 160, "Plan Width": 8, "Actual Min Startup Time": 0.048, "Actual Max Startup Time": 92.028, "Actual Min Total Time": 0.048, "Actual Max Total Time": 92.028, "Actual Total Rows": 896, "Max Hash Buckets": 32768, "Min Hash Buckets": 32768, "Max Hash Batches": 1, "Min Hash Batches": 1, "Max Original Hash Batches": 1, "Min Original Hash Batches": 1, "Max Peak Memory Usage": 3, "min Peak Memory Usage": 3, "Plans": [{"Node Type": "Streaming(type: BROADCAST dop: 16/1)", "Parent Relationship": "Outer", "Startup Cost": 0.0, "Total Cost": 20588.0, "Plan Rows": 160, "Plan Width": 8, "Actual Min Startup Time": 0.021, "Actual Max Startup Time": 91.779, "Actual Min Total Time": 0.024, "Actual Max Total Time": 91.786, "Actual Total Rows": 896, "Plans": [{"Node Type": "Index Scan", "Parent Relationship": "Outer", "Scan Direction": "Forward", "Index Name": "supplier_pkey", "Relation Name": "supplier", "Alias": "supplier", "Startup Cost": 0.0, "Total Cost": 5584.54, "Plan Rows": 10, "Plan Width": 8, "Actual Min Startup Time": 0.422, "Actual Max Startup Time": 0.422, "Actual Min Total Time": 88.316, "Actual Max Total Time": 88.316, "Actual Total Rows": 56, "Filter": "((s_comment)::text ~~ '%Customer%Complaints%'::text)", "Rows Removed by Filter": 99944}]}]}]}]}]}]}]}]}, "Triggers": [], "Planner Runtime": 1.876, "Total Runtime": 1643.998, "Unique SQL Id": 1437012347}}, "(16, 6)": {"explain_plan": {"Plan": {"Node Type": "Sort", "Startup Cost": 144484.63, "Total Cost": 144553.97, "Plan Rows": 27736, "Plan Width": 60, "Sort Key": ["(count(partsupp.ps_suppkey)) DESC", "part.p_brand", "part.p_type", "part.p_size"], "Plans": [{"Node Type": "Streaming(type: LOCAL GATHER dop: 1/16)", "Parent Relationship": "Outer", "Startup Cost": 142139.85, "Total Cost": 142437.78, "Plan Rows": 27736, "Plan Width": 60, "Plans": [{"Node Type": "Aggregate", "Strategy": "Hashed", "Parent Relationship": "Outer", "Startup Cost": 142139.85, "Total Cost": 142157.19, "Plan Rows": 27736, "Plan Width": 60, "Group By Key": ["part.p_brand", "part.p_type", "part.p_size"], "Plans": [{"Node Type": "Aggregate", "Strategy": "Hashed", "Parent Relationship": "Outer", "Startup Cost": 141071.59, "Total Cost": 141605.72, "Plan Rows": 854611, "Plan Width": 52, "Group By Key": ["part.p_brand", "part.p_type", "part.p_size", "partsupp.ps_suppkey"], "Plans": [{"Node Type": "Streaming(type: LOCAL REDISTRIBUTE dop: 16/16)", "Parent Relationship": "Outer", "Startup Cost": 69999.79, "Total Cost": 140403.93, "Plan Rows": 854611, "Plan Width": 44, "Plans": [{"Node Type": "Hash Join", "Parent Relationship": "Outer", "Join Type": "Anti", "Startup Cost": 69999.79, "Total Cost": 104950.92, "Plan Rows": 854611, "Plan Width": 44, "Inner Unique": false, "Hash Cond": "(partsupp.ps_suppkey = supplier.s_suppkey), (LLVM Optimized)", "Plans": [{"Node Type": "Hash Join", "Parent Relationship": "Outer", "Join Type": "Inner", "Startup Cost": 51463.21, "Total Cost": 85746.67, "Plan Rows": 854625, "Plan Width": 44, "Inner Unique": true, "Hash Cond": "(partsupp.ps_partkey = part.p_partkey), (LLVM Optimized)", "Plans": [{"Node Type": "Seq Scan", "Parent Relationship": "Outer", "Relation Name": "partsupp", "Alias": "partsupp", "Startup Cost": 0.0, "Total Cost": 31874.23, "Plan Rows": 8000372, "Plan Width": 16}, {"Node Type": "Hash", "Parent Relationship": "Inner", "Startup Cost": 47765.16, "Total Cost": 47765.16, "Plan Rows": 4733504, "Plan Width": 44, "Plans": [{"Node Type": "Streaming(type: BROADCAST dop: 16/16)", "Parent Relationship": "Outer", "Startup Cost": 0.0, "Total Cost": 47765.16, "Plan Rows": 4733504, "Plan Width": 44, "Plans": [{"Node Type": "Seq Scan", "Parent Relationship": "Outer", "Relation Name": "part", "Alias": "part", "Startup Cost": 0.0, "Total Cost": 20746.5, "Plan Rows": 295844, "Plan Width": 44, "Filter": "((p_brand <> 'Brand#34'::bpchar) AND ((p_type)::text !~~ 'LARGE BRUSHED%'::text) AND (p_size = ANY ('{48,19,12,4,41,7,21,39}'::integer[]))), (LLVM Optimized)"}]}]}]}, {"Node Type": "Hash", "Parent Relationship": "Inner", "Startup Cost": 18536.45, "Total Cost": 18536.45, "Plan Rows": 160, "Plan Width": 8, "Plans": [{"Node Type": "Streaming(type: BROADCAST dop: 16/1)", "Parent Relationship": "Outer", "Startup Cost": 0.0, "Total Cost": 18536.45, "Plan Rows": 160, "Plan Width": 8, "Plans": [{"Node Type": "Seq Scan", "Parent Relationship": "Outer", "Relation Name": "supplier", "Alias": "supplier", "Startup Cost": 0.0, "Total Cost": 3533.0, "Plan Rows": 10, "Plan Width": 8, "Filter": "((s_comment)::text ~~ '%Customer%Complaints%'::text)"}]}]}]}]}]}]}]}]}, "Unique SQL Id": 1437012347}, "explain_analyze_plan": {"Plan": {"Node Type": "Sort", "Startup Cost": 144484.63, "Total Cost": 144553.97, "Plan Rows": 27736, "Plan Width": 60, "Actual Min Startup Time": 1200.331, "Actual Max Startup Time": 1200.331, "Actual Min Total Time": 1203.099, "Actual Max Total Time": 1203.099, "Actual Total Rows": 27838, "Sort Key": ["(count(partsupp.ps_suppkey)) DESC", "part.p_brand", "part.p_type", "part.p_size"], "Sort Method": "quicksort", "Sort Space Min Used": 3402, "Sort Space Max Used": 3402, "Sort Space Type": "Memory", "Plans": [{"Node Type": "Streaming(type: LOCAL GATHER dop: 1/16)", "Parent Relationship": "Outer", "Startup Cost": 142139.85, "Total Cost": 142437.78, "Plan Rows": 27736, "Plan Width": 60, "Actual Min Startup Time": 941.122, "Actual Max Startup Time": 941.122, "Actual Min Total Time": 1112.365, "Actual Max Total Time": 1112.365, "Actual Total Rows": 27838, "Plans": [{"Node Type": "Aggregate", "Strategy": "Hashed", "Parent Relationship": "Outer", "Startup Cost": 142139.85, "Total Cost": 142157.19, "Plan Rows": 27736, "Plan Width": 60, "Actual Min Startup Time": 768.112, "Actual Max Startup Time": 989.65, "Actual Min Total Time": 768.112, "Actual Max Total Time": 990.899, "Actual Total Rows": 27838, "Group By Key": ["part.p_brand", "part.p_type", "part.p_size"], "Plans": [{"Node Type": "Aggregate", "Strategy": "Hashed", "Parent Relationship": "Outer", "Startup Cost": 141071.59, "Total Cost": 141605.72, "Plan Rows": 854611, "Plan Width": 52, "Actual Min Startup Time": 767.134, "Actual Max Startup Time": 831.536, "Actual Min Total Time": 768.05, "Actual Max Total Time": 863.759, "Actual Total Rows": 1188428, "Group By Key": ["part.p_brand", "part.p_type", "part.p_size", "partsupp.ps_suppkey"], "Plans": [{"Node Type": "Streaming(type: LOCAL REDISTRIBUTE dop: 16/16)", "Parent Relationship": "Outer", "Startup Cost": 69999.79, "Total Cost": 140403.93, "Plan Rows": 854611, "Plan Width": 44, "Actual Min Startup Time": 323.271, "Actual Max Startup Time": 773.136, "Actual Min Total Time": 614.546, "Actual Max Total Time": 773.136, "Actual Total Rows": 1188666, "Plans": [{"Node Type": "Hash Join", "Parent Relationship": "Outer", "Join Type": "Anti", "Startup Cost": 69999.79, "Total Cost": 104950.92, "Plan Rows": 854611, "Plan Width": 44, "Actual Min Startup Time": 319.56, "Actual Max Startup Time": 404.165, "Actual Min Total Time": 620.607, "Actual Max Total Time": 716.832, "Actual Total Rows": 1188666, "Inner Unique": false, "Hash Cond": "(partsupp.ps_suppkey = supplier.s_suppkey), (LLVM Optimized, Jit Execute)", "Plans": [{"Node Type": "Hash Join", "Parent Relationship": "Outer", "Join Type": "Inner", "Startup Cost": 51463.21, "Total Cost": 85746.67, "Plan Rows": 854625, "Plan Width": 44, "Actual Min Startup Time": 319.47, "Actual Max Startup Time": 342.856, "Actual Min Total Time": 598.59, "Actual Max Total Time": 634.107, "Actual Total Rows": 1189344, "Inner Unique": true, "Hash Cond": "(partsupp.ps_partkey = part.p_partkey), (LLVM Optimized, Jit Execute)", "Plans": [{"Node Type": "Seq Scan", "Parent Relationship": "Outer", "Relation Name": "partsupp", "Alias": "partsupp", "Startup Cost": 0.0, "Total Cost": 31874.23, "Plan Rows": 8000372, "Plan Width": 16, "Actual Min Startup Time": 0.023, "Actual Max Startup Time": 0.038, "Actual Min Total Time": 151.039, "Actual Max Total Time": 162.82, "Actual Total Rows": 8000000}, {"Node Type": "Hash", "Parent Relationship": "Inner", "Startup Cost": 47765.16, "Total Cost": 47765.16, "Plan Rows": 4733504, "Plan Width": 44, "Actual Min Startup Time": 319.067, "Actual Max Startup Time": 342.372, "Actual Min Total Time": 319.067, "Actual Max Total Time": 342.372, "Actual Total Rows": 4757376, "Max Hash Buckets": 524288, "Min Hash Buckets": 524288, "Max Hash Batches": 1, "Min Hash Batches": 1, "Max Original Hash Batches": 1, "Min Original Hash Batches": 1, "Max Peak Memory Usage": 23216, "min Peak Memory Usage": 23216, "Plans": [{"Node Type": "Streaming(type: BROADCAST dop: 16/16)", "Parent Relationship": "Outer", "Startup Cost": 0.0, "Total Cost": 47765.16, "Plan Rows": 4733504, "Plan Width": 44, "Actual Min Startup Time": 0.037, "Actual Max Startup Time": 0.092, "Actual Min Total Time": 218.869, "Actual Max Total Time": 242.54, "Actual Total Rows": 4757376, "Plans": [{"Node Type": "Seq Scan", "Parent Relationship": "Outer", "Relation Name": "part", "Alias": "part", "Startup Cost": 0.0, "Total Cost": 20746.5, "Plan Rows": 295844, "Plan Width": 44, "Actual Min Startup Time": 0.033, "Actual Max Startup Time": 0.07, "Actual Min Total Time": 102.838, "Actual Max Total Time": 108.172, "Actual Total Rows": 297336, "Filter": "((p_brand <> 'Brand#34'::bpchar) AND ((p_type)::text !~~ 'LARGE BRUSHED%'::text) AND (p_size = ANY ('{48,19,12,4,41,7,21,39}'::integer[]))), (LLVM Optimized, Jit Execute)", "Rows Removed by Filter": 1702664}]}]}]}, {"Node Type": "Hash", "Parent Relationship": "Inner", "Startup Cost": 18536.45, "Total Cost": 18536.45, "Plan Rows": 160, "Plan Width": 8, "Actual Min Startup Time": 0.041, "Actual Max Startup Time": 61.248, "Actual Min Total Time": 0.041, "Actual Max Total Time": 61.248, "Actual Total Rows": 896, "Max Hash Buckets": 32768, "Min Hash Buckets": 32768, "Max Hash Batches": 1, "Min Hash Batches": 1, "Max Original Hash Batches": 1, "Min Original Hash Batches": 1, "Max Peak Memory Usage": 3, "min Peak Memory Usage": 3, "Plans": [{"Node Type": "Streaming(type: BROADCAST dop: 16/1)", "Parent Relationship": "Outer", "Startup Cost": 0.0, "Total Cost": 18536.45, "Plan Rows": 160, "Plan Width": 8, "Actual Min Startup Time": 0.012, "Actual Max Startup Time": 61.212, "Actual Min Total Time": 0.014, "Actual Max Total Time": 61.215, "Actual Total Rows": 896, "Plans": [{"Node Type": "Seq Scan", "Parent Relationship": "Outer", "Relation Name": "supplier", "Alias": "supplier", "Startup Cost": 0.0, "Total Cost": 3533.0, "Plan Rows": 10, "Plan Width": 8, "Actual Min Startup Time": 0.248, "Actual Max Startup Time": 0.248, "Actual Min Total Time": 52.934, "Actual Max Total Time": 52.934, "Actual Total Rows": 56, "Filter": "((s_comment)::text ~~ '%Customer%Complaints%'::text)", "Rows Removed by Filter": 99944}]}]}]}]}]}]}]}]}, "Triggers": [], "Planner Runtime": 1.74, "Total Runtime": 1224.55, "Unique SQL Id": 1437012347}}, "(16, 7)": {"explain_plan": {"Plan": {"Node Type": "Sort", "Startup Cost": 636427.53, "Total Cost": 636496.87, "Plan Rows": 27736, "Plan Width": 60, "Sort Key": ["(count(partsupp.ps_suppkey)) DESC", "part.p_brand", "part.p_type", "part.p_size"], "Plans": [{"Node Type": "Aggregate", "Strategy": "Hashed", "Parent Relationship": "Outer", "Startup Cost": 634103.33, "Total Cost": 634380.69, "Plan Rows": 27736, "Plan Width": 60, "Group By Key": ["part.p_brand", "part.p_type", "part.p_size"], "Plans": [{"Node Type": "Aggregate", "Strategy": "Hashed", "Parent Relationship": "Outer", "Startup Cost": 633548.61, "Total Cost": 633825.97, "Plan Rows": 27736, "Plan Width": 52, "Group By Key": ["part.p_brand", "part.p_type", "part.p_size", "partsupp.ps_suppkey"], "Plans": [{"Node Type": "Hash Join", "Parent Relationship": "Outer", "Join Type": "Anti", "Startup Cost": 303647.84, "Total Cost": 622865.97, "Plan Rows": 854611, "Plan Width": 44, "Inner Unique": false, "Hash Cond": "(partsupp.ps_suppkey = supplier.s_suppkey), (LLVM Optimized)", "Plans": [{"Node Type": "Hash Join", "Parent Relationship": "Outer", "Join Type": "Inner", "Startup Cost": 298066.46, "Total Cost": 606601.83, "Plan Rows": 854625, "Plan Width": 44, "Inner Unique": true, "Hash Cond": "(partsupp.ps_partkey = part.p_partkey), (LLVM Optimized)", "Plans": [{"Node Type": "Bitmap Heap Scan", "Parent Relationship": "Outer", "Relation Name": "partsupp", "Alias": "partsupp", "Startup Cost": 163494.2, "Total Cost": 433481.92, "Plan Rows": 8000372, "Plan Width": 16, "Plans": [{"Node Type": "Bitmap Index Scan", "Parent Relationship": "Outer", "Index Name": "idx_partsupp_partkey", "Startup Cost": 0.0, "Total Cost": 161494.11, "Plan Rows": 8000372, "Plan Width": 0}]}, {"Node Type": "Hash", "Parent Relationship": "Inner", "Startup Cost": 130874.21, "Total Cost": 130874.21, "Plan Rows": 295844, "Plan Width": 44, "Plans": [{"Node Type": "Bitmap Heap Scan", "Parent Relationship": "Outer", "Relation Name": "part", "Alias": "part", "Startup Cost": 38930.21, "Total Cost": 130874.21, "Plan Rows": 295844, "Plan Width": 44, "Filter": "((p_brand <> 'Brand#34'::bpchar) AND ((p_type)::text !~~ 'LARGE BRUSHED%'::text) AND (p_size = ANY ('{48,19,12,4,41,7,21,39}'::integer[]))), (LLVM Optimized)", "Plans": [{"Node Type": "Bitmap Index Scan", "Parent Relationship": "Outer", "Index Name": "part_kpey", "Startup Cost": 0.0, "Total Cost": 38856.25, "Plan Rows": 2000000, "Plan Width": 0}]}]}]}, {"Node Type": "Hash", "Parent Relationship": "Inner", "Startup Cost": 5581.25, "Total Cost": 5581.25, "Plan Rows": 10, "Plan Width": 8, "Plans": [{"Node Type": "Bitmap Heap Scan", "Parent Relationship": "Outer", "Relation Name": "supplier", "Alias": "supplier", "Startup Cost": 2048.25, "Total Cost": 5581.25, "Plan Rows": 10, "Plan Width": 8, "Filter": "((s_comment)::text ~~ '%Customer%Complaints%'::text)", "Plans": [{"Node Type": "Bitmap Index Scan", "Parent Relationship": "Outer", "Index Name": "supplier_pkey", "Startup Cost": 0.0, "Total Cost": 2048.25, "Plan Rows": 100000, "Plan Width": 0}]}]}]}]}]}]}, "Unique SQL Id": 1437012347}, "explain_analyze_plan": null}, "(16, 8)": {"explain_plan": {"Plan": {"Node Type": "Sort", "Startup Cost": 144484.63, "Total Cost": 144553.97, "Plan Rows": 27736, "Plan Width": 60, "Sort Key": ["(count(partsupp.ps_suppkey)) DESC", "part.p_brand", "part.p_type", "part.p_size"], "Plans": [{"Node Type": "Streaming(type: LOCAL GATHER dop: 1/16)", "Parent Relationship": "Outer", "Startup Cost": 142139.85, "Total Cost": 142437.78, "Plan Rows": 27736, "Plan Width": 60, "Plans": [{"Node Type": "Aggregate", "Strategy": "Hashed", "Parent Relationship": "Outer", "Startup Cost": 142139.85, "Total Cost": 142157.19, "Plan Rows": 27736, "Plan Width": 60, "Group By Key": ["part.p_brand", "part.p_type", "part.p_size"], "Plans": [{"Node Type": "Aggregate", "Strategy": "Hashed", "Parent Relationship": "Outer", "Startup Cost": 141071.59, "Total Cost": 141605.72, "Plan Rows": 854611, "Plan Width": 52, "Group By Key": ["part.p_brand", "part.p_type", "part.p_size", "partsupp.ps_suppkey"], "Plans": [{"Node Type": "Streaming(type: LOCAL REDISTRIBUTE dop: 16/16)", "Parent Relationship": "Outer", "Startup Cost": 69999.79, "Total Cost": 140403.93, "Plan Rows": 854611, "Plan Width": 44, "Plans": [{"Node Type": "Hash Join", "Parent Relationship": "Outer", "Join Type": "Anti", "Startup Cost": 69999.79, "Total Cost": 104950.92, "Plan Rows": 854611, "Plan Width": 44, "Inner Unique": false, "Hash Cond": "(partsupp.ps_suppkey = supplier.s_suppkey), (LLVM Optimized)", "Plans": [{"Node Type": "Hash Join", "Parent Relationship": "Outer", "Join Type": "Inner", "Startup Cost": 51463.21, "Total Cost": 85746.67, "Plan Rows": 854625, "Plan Width": 44, "Inner Unique": true, "Hash Cond": "(partsupp.ps_partkey = part.p_partkey), (LLVM Optimized)", "Plans": [{"Node Type": "Seq Scan", "Parent Relationship": "Outer", "Relation Name": "partsupp", "Alias": "partsupp", "Startup Cost": 0.0, "Total Cost": 31874.23, "Plan Rows": 8000372, "Plan Width": 16}, {"Node Type": "Hash", "Parent Relationship": "Inner", "Startup Cost": 47765.16, "Total Cost": 47765.16, "Plan Rows": 4733504, "Plan Width": 44, "Plans": [{"Node Type": "Streaming(type: BROADCAST dop: 16/16)", "Parent Relationship": "Outer", "Startup Cost": 0.0, "Total Cost": 47765.16, "Plan Rows": 4733504, "Plan Width": 44, "Plans": [{"Node Type": "Seq Scan", "Parent Relationship": "Outer", "Relation Name": "part", "Alias": "part", "Startup Cost": 0.0, "Total Cost": 20746.5, "Plan Rows": 295844, "Plan Width": 44, "Filter": "((p_brand <> 'Brand#34'::bpchar) AND ((p_type)::text !~~ 'LARGE BRUSHED%'::text) AND (p_size = ANY ('{48,19,12,4,41,7,21,39}'::integer[]))), (LLVM Optimized)"}]}]}]}, {"Node Type": "Hash", "Parent Relationship": "Inner", "Startup Cost": 18536.45, "Total Cost": 18536.45, "Plan Rows": 160, "Plan Width": 8, "Plans": [{"Node Type": "Streaming(type: BROADCAST dop: 16/1)", "Parent Relationship": "Outer", "Startup Cost": 0.0, "Total Cost": 18536.45, "Plan Rows": 160, "Plan Width": 8, "Plans": [{"Node Type": "Seq Scan", "Parent Relationship": "Outer", "Relation Name": "supplier", "Alias": "supplier", "Startup Cost": 0.0, "Total Cost": 3533.0, "Plan Rows": 10, "Plan Width": 8, "Filter": "((s_comment)::text ~~ '%Customer%Complaints%'::text)"}]}]}]}]}]}]}]}]}, "Unique SQL Id": 1437012347}, "explain_analyze_plan": {"Plan": {"Node Type": "Sort", "Startup Cost": 144484.63, "Total Cost": 144553.97, "Plan Rows": 27736, "Plan Width": 60, "Actual Min Startup Time": 1200.331, "Actual Max Startup Time": 1200.331, "Actual Min Total Time": 1203.099, "Actual Max Total Time": 1203.099, "Actual Total Rows": 27838, "Sort Key": ["(count(partsupp.ps_suppkey)) DESC", "part.p_brand", "part.p_type", "part.p_size"], "Sort Method": "quicksort", "Sort Space Min Used": 3402, "Sort Space Max Used": 3402, "Sort Space Type": "Memory", "Plans": [{"Node Type": "Streaming(type: LOCAL GATHER dop: 1/16)", "Parent Relationship": "Outer", "Startup Cost": 142139.85, "Total Cost": 142437.78, "Plan Rows": 27736, "Plan Width": 60, "Actual Min Startup Time": 941.122, "Actual Max Startup Time": 941.122, "Actual Min Total Time": 1112.365, "Actual Max Total Time": 1112.365, "Actual Total Rows": 27838, "Plans": [{"Node Type": "Aggregate", "Strategy": "Hashed", "Parent Relationship": "Outer", "Startup Cost": 142139.85, "Total Cost": 142157.19, "Plan Rows": 27736, "Plan Width": 60, "Actual Min Startup Time": 768.112, "Actual Max Startup Time": 989.65, "Actual Min Total Time": 768.112, "Actual Max Total Time": 990.899, "Actual Total Rows": 27838, "Group By Key": ["part.p_brand", "part.p_type", "part.p_size"], "Plans": [{"Node Type": "Aggregate", "Strategy": "Hashed", "Parent Relationship": "Outer", "Startup Cost": 141071.59, "Total Cost": 141605.72, "Plan Rows": 854611, "Plan Width": 52, "Actual Min Startup Time": 767.134, "Actual Max Startup Time": 831.536, "Actual Min Total Time": 768.05, "Actual Max Total Time": 863.759, "Actual Total Rows": 1188428, "Group By Key": ["part.p_brand", "part.p_type", "part.p_size", "partsupp.ps_suppkey"], "Plans": [{"Node Type": "Streaming(type: LOCAL REDISTRIBUTE dop: 16/16)", "Parent Relationship": "Outer", "Startup Cost": 69999.79, "Total Cost": 140403.93, "Plan Rows": 854611, "Plan Width": 44, "Actual Min Startup Time": 323.271, "Actual Max Startup Time": 773.136, "Actual Min Total Time": 614.546, "Actual Max Total Time": 773.136, "Actual Total Rows": 1188666, "Plans": [{"Node Type": "Hash Join", "Parent Relationship": "Outer", "Join Type": "Anti", "Startup Cost": 69999.79, "Total Cost": 104950.92, "Plan Rows": 854611, "Plan Width": 44, "Actual Min Startup Time": 319.56, "Actual Max Startup Time": 404.165, "Actual Min Total Time": 620.607, "Actual Max Total Time": 716.832, "Actual Total Rows": 1188666, "Inner Unique": false, "Hash Cond": "(partsupp.ps_suppkey = supplier.s_suppkey), (LLVM Optimized, Jit Execute)", "Plans": [{"Node Type": "Hash Join", "Parent Relationship": "Outer", "Join Type": "Inner", "Startup Cost": 51463.21, "Total Cost": 85746.67, "Plan Rows": 854625, "Plan Width": 44, "Actual Min Startup Time": 319.47, "Actual Max Startup Time": 342.856, "Actual Min Total Time": 598.59, "Actual Max Total Time": 634.107, "Actual Total Rows": 1189344, "Inner Unique": true, "Hash Cond": "(partsupp.ps_partkey = part.p_partkey), (LLVM Optimized, Jit Execute)", "Plans": [{"Node Type": "Seq Scan", "Parent Relationship": "Outer", "Relation Name": "partsupp", "Alias": "partsupp", "Startup Cost": 0.0, "Total Cost": 31874.23, "Plan Rows": 8000372, "Plan Width": 16, "Actual Min Startup Time": 0.023, "Actual Max Startup Time": 0.038, "Actual Min Total Time": 151.039, "Actual Max Total Time": 162.82, "Actual Total Rows": 8000000}, {"Node Type": "Hash", "Parent Relationship": "Inner", "Startup Cost": 47765.16, "Total Cost": 47765.16, "Plan Rows": 4733504, "Plan Width": 44, "Actual Min Startup Time": 319.067, "Actual Max Startup Time": 342.372, "Actual Min Total Time": 319.067, "Actual Max Total Time": 342.372, "Actual Total Rows": 4757376, "Max Hash Buckets": 524288, "Min Hash Buckets": 524288, "Max Hash Batches": 1, "Min Hash Batches": 1, "Max Original Hash Batches": 1, "Min Original Hash Batches": 1, "Max Peak Memory Usage": 23216, "min Peak Memory Usage": 23216, "Plans": [{"Node Type": "Streaming(type: BROADCAST dop: 16/16)", "Parent Relationship": "Outer", "Startup Cost": 0.0, "Total Cost": 47765.16, "Plan Rows": 4733504, "Plan Width": 44, "Actual Min Startup Time": 0.037, "Actual Max Startup Time": 0.092, "Actual Min Total Time": 218.869, "Actual Max Total Time": 242.54, "Actual Total Rows": 4757376, "Plans": [{"Node Type": "Seq Scan", "Parent Relationship": "Outer", "Relation Name": "part", "Alias": "part", "Startup Cost": 0.0, "Total Cost": 20746.5, "Plan Rows": 295844, "Plan Width": 44, "Actual Min Startup Time": 0.033, "Actual Max Startup Time": 0.07, "Actual Min Total Time": 102.838, "Actual Max Total Time": 108.172, "Actual Total Rows": 297336, "Filter": "((p_brand <> 'Brand#34'::bpchar) AND ((p_type)::text !~~ 'LARGE BRUSHED%'::text) AND (p_size = ANY ('{48,19,12,4,41,7,21,39}'::integer[]))), (LLVM Optimized, Jit Execute)", "Rows Removed by Filter": 1702664}]}]}]}, {"Node Type": "Hash", "Parent Relationship": "Inner", "Startup Cost": 18536.45, "Total Cost": 18536.45, "Plan Rows": 160, "Plan Width": 8, "Actual Min Startup Time": 0.041, "Actual Max Startup Time": 61.248, "Actual Min Total Time": 0.041, "Actual Max Total Time": 61.248, "Actual Total Rows": 896, "Max Hash Buckets": 32768, "Min Hash Buckets": 32768, "Max Hash Batches": 1, "Min Hash Batches": 1, "Max Original Hash Batches": 1, "Min Original Hash Batches": 1, "Max Peak Memory Usage": 3, "min Peak Memory Usage": 3, "Plans": [{"Node Type": "Streaming(type: BROADCAST dop: 16/1)", "Parent Relationship": "Outer", "Startup Cost": 0.0, "Total Cost": 18536.45, "Plan Rows": 160, "Plan Width": 8, "Actual Min Startup Time": 0.012, "Actual Max Startup Time": 61.212, "Actual Min Total Time": 0.014, "Actual Max Total Time": 61.215, "Actual Total Rows": 896, "Plans": [{"Node Type": "Seq Scan", "Parent Relationship": "Outer", "Relation Name": "supplier", "Alias": "supplier", "Startup Cost": 0.0, "Total Cost": 3533.0, "Plan Rows": 10, "Plan Width": 8, "Actual Min Startup Time": 0.248, "Actual Max Startup Time": 0.248, "Actual Min Total Time": 52.934, "Actual Max Total Time": 52.934, "Actual Total Rows": 56, "Filter": "((s_comment)::text ~~ '%Customer%Complaints%'::text)", "Rows Removed by Filter": 99944}]}]}]}]}]}]}]}]}, "Triggers": [], "Planner Runtime": 1.74, "Total Runtime": 1224.55, "Unique SQL Id": 1437012347}}, "(16, 9)": {"explain_plan": {"Plan": {"Node Type": "Sort", "Startup Cost": 409910.03, "Total Cost": 409979.37, "Plan Rows": 27736, "Plan Width": 60, "Sort Key": ["(count(partsupp.ps_suppkey)) DESC", "part.p_brand", "part.p_type", "part.p_size"], "Plans": [{"Node Type": "Streaming(type: LOCAL GATHER dop: 1/16)", "Parent Relationship": "Outer", "Startup Cost": 407565.26, "Total Cost": 407863.19, "Plan Rows": 27736, "Plan Width": 60, "Plans": [{"Node Type": "Aggregate", "Strategy": "Hashed", "Parent Relationship": "Outer", "Startup Cost": 407565.26, "Total Cost": 407582.59, "Plan Rows": 27736, "Plan Width": 60, "Group By Key": ["part.p_brand", "part.p_type", "part.p_size"], "Plans": [{"Node Type": "Aggregate", "Strategy": "Hashed", "Parent Relationship": "Outer", "Startup Cost": 406496.99, "Total Cost": 407031.13, "Plan Rows": 854611, "Plan Width": 52, "Group By Key": ["part.p_brand", "part.p_type", "part.p_size", "partsupp.ps_suppkey"], "Plans": [{"Node Type": "Streaming(type: LOCAL REDISTRIBUTE dop: 16/16)", "Parent Relationship": "Outer", "Startup Cost": 150233.08, "Total Cost": 405829.33, "Plan Rows": 854611, "Plan Width": 44, "Plans": [{"Node Type": "Hash Join", "Parent Relationship": "Outer", "Join Type": "Anti", "Startup Cost": 150233.08, "Total Cost": 370376.33, "Plan Rows": 854611, "Plan Width": 44, "Inner Unique": false, "Hash Cond": "(partsupp.ps_suppkey = supplier.s_suppkey), (LLVM Optimized)", "Plans": [{"Node Type": "Hash Join", "Parent Relationship": "Outer", "Join Type": "Inner", "Startup Cost": 129644.96, "Total Cost": 349120.53, "Plan Rows": 854625, "Plan Width": 44, "Inner Unique": true, "Hash Cond": "(partsupp.ps_partkey = part.p_partkey), (LLVM Optimized)", "Plans": [{"Node Type": "Index Only Scan", "Parent Relationship": "Outer", "Scan Direction": "Forward", "Index Name": "partsupp_pkey", "Relation Name": "partsupp", "Alias": "partsupp", "Startup Cost": 0.0, "Total Cost": 217066.34, "Plan Rows": 8000372, "Plan Width": 16}, {"Node Type": "Hash", "Parent Relationship": "Inner", "Startup Cost": 125946.91, "Total Cost": 125946.91, "Plan Rows": 4733504, "Plan Width": 44, "Plans": [{"Node Type": "Streaming(type: BROADCAST dop: 16/16)", "Parent Relationship": "Outer", "Startup Cost": 0.0, "Total Cost": 125946.91, "Plan Rows": 4733504, "Plan Width": 44, "Plans": [{"Node Type": "Index Scan", "Parent Relationship": "Outer", "Scan Direction": "Forward", "Index Name": "part_kpey", "Relation Name": "part", "Alias": "part", "Startup Cost": 0.0, "Total Cost": 98928.25, "Plan Rows": 295844, "Plan Width": 44, "Filter": "((p_brand <> 'Brand#34'::bpchar) AND ((p_type)::text !~~ 'LARGE BRUSHED%'::text) AND (p_size = ANY ('{48,19,12,4,41,7,21,39}'::integer[]))), (LLVM Optimized)"}]}]}]}, {"Node Type": "Hash", "Parent Relationship": "Inner", "Startup Cost": 20588.0, "Total Cost": 20588.0, "Plan Rows": 160, "Plan Width": 8, "Plans": [{"Node Type": "Streaming(type: BROADCAST dop: 16/1)", "Parent Relationship": "Outer", "Startup Cost": 0.0, "Total Cost": 20588.0, "Plan Rows": 160, "Plan Width": 8, "Plans": [{"Node Type": "Index Scan", "Parent Relationship": "Outer", "Scan Direction": "Forward", "Index Name": "supplier_pkey", "Relation Name": "supplier", "Alias": "supplier", "Startup Cost": 0.0, "Total Cost": 5584.54, "Plan Rows": 10, "Plan Width": 8, "Filter": "((s_comment)::text ~~ '%Customer%Complaints%'::text)"}]}]}]}]}]}]}]}]}, "Unique SQL Id": 1437012347}, "explain_analyze_plan": {"Plan": {"Node Type": "Sort", "Startup Cost": 409910.03, "Total Cost": 409979.37, "Plan Rows": 27736, "Plan Width": 60, "Actual Min Startup Time": 1815.176, "Actual Max Startup Time": 1815.176, "Actual Min Total Time": 1817.8, "Actual Max Total Time": 1817.8, "Actual Total Rows": 27838, "Sort Key": ["(count(partsupp.ps_suppkey)) DESC", "part.p_brand", "part.p_type", "part.p_size"], "Sort Method": "quicksort", "Sort Space Min Used": 3402, "Sort Space Max Used": 3402, "Sort Space Type": "Memory", "Plans": [{"Node Type": "Streaming(type: LOCAL GATHER dop: 1/16)", "Parent Relationship": "Outer", "Startup Cost": 407565.26, "Total Cost": 407863.19, "Plan Rows": 27736, "Plan Width": 60, "Actual Min Startup Time": 1570.324, "Actual Max Startup Time": 1570.324, "Actual Min Total Time": 1729.343, "Actual Max Total Time": 1729.343, "Actual Total Rows": 27838, "Plans": [{"Node Type": "Aggregate", "Strategy": "Hashed", "Parent Relationship": "Outer", "Startup Cost": 407565.26, "Total Cost": 407582.59, "Plan Rows": 27736, "Plan Width": 60, "Actual Min Startup Time": 1388.501, "Actual Max Startup Time": 1602.412, "Actual Min Total Time": 1388.501, "Actual Max Total Time": 1603.625, "Actual Total Rows": 27838, "Group By Key": ["part.p_brand", "part.p_type", "part.p_size"], "Plans": [{"Node Type": "Aggregate", "Strategy": "Hashed", "Parent Relationship": "Outer", "Startup Cost": 406496.99, "Total Cost": 407031.13, "Plan Rows": 854611, "Plan Width": 52, "Actual Min Startup Time": 1387.761, "Actual Max Startup Time": 1412.065, "Actual Min Total Time": 1388.419, "Actual Max Total Time": 1457.08, "Actual Total Rows": 1188428, "Group By Key": ["part.p_brand", "part.p_type", "part.p_size", "partsupp.ps_suppkey"], "Plans": [{"Node Type": "Streaming(type: LOCAL REDISTRIBUTE dop: 16/16)", "Parent Relationship": "Outer", "Startup Cost": 150233.08, "Total Cost": 405829.33, "Plan Rows": 854611, "Plan Width": 44, "Actual Min Startup Time": 960.412, "Actual Max Startup Time": 1392.614, "Actual Min Total Time": 1248.656, "Actual Max Total Time": 1392.614, "Actual Total Rows": 1188666, "Plans": [{"Node Type": "Hash Join", "Parent Relationship": "Outer", "Join Type": "Anti", "Startup Cost": 150233.08, "Total Cost": 370376.33, "Plan Rows": 854611, "Plan Width": 44, "Actual Min Startup Time": 956.596, "Actual Max Startup Time": 1035.556, "Actual Min Total Time": 1224.498, "Actual Max Total Time": 1314.451, "Actual Total Rows": 1188666, "Inner Unique": false, "Hash Cond": "(partsupp.ps_suppkey = supplier.s_suppkey), (LLVM Optimized, Jit Execute)", "Plans": [{"Node Type": "Hash Join", "Parent Relationship": "Outer", "Join Type": "Inner", "Startup Cost": 129644.96, "Total Cost": 349120.53, "Plan Rows": 854625, "Plan Width": 44, "Actual Min Startup Time": 953.27, "Actual Max Startup Time": 953.37, "Actual Min Total Time": 1197.442, "Actual Max Total Time": 1229.005, "Actual Total Rows": 1189344, "Inner Unique": true, "Hash Cond": "(partsupp.ps_partkey = part.p_partkey), (LLVM Optimized, Jit Execute)", "Plans": [{"Node Type": "Index Only Scan", "Parent Relationship": "Outer", "Scan Direction": "Forward", "Index Name": "partsupp_pkey", "Relation Name": "partsupp", "Alias": "partsupp", "Startup Cost": 0.0, "Total Cost": 217066.34, "Plan Rows": 8000372, "Plan Width": 16, "Actual Min Startup Time": 563.544, "Actual Max Startup Time": 563.657, "Actual Min Total Time": 691.545, "Actual Max Total Time": 712.293, "Actual Total Rows": 8000000, "Heap Fetches": 0}, {"Node Type": "Hash", "Parent Relationship": "Inner", "Startup Cost": 125946.91, "Total Cost": 125946.91, "Plan Rows": 4733504, "Plan Width": 44, "Actual Min Startup Time": 388.776, "Actual Max Startup Time": 388.847, "Actual Min Total Time": 388.776, "Actual Max Total Time": 388.847, "Actual Total Rows": 4757376, "Max Hash Buckets": 524288, "Min Hash Buckets": 524288, "Max Hash Batches": 1, "Min Hash Batches": 1, "Max Original Hash Batches": 1, "Min Original Hash Batches": 1, "Max Peak Memory Usage": 23216, "min Peak Memory Usage": 23216, "Plans": [{"Node Type": "Streaming(type: BROADCAST dop: 16/16)", "Parent Relationship": "Outer", "Startup Cost": 0.0, "Total Cost": 125946.91, "Plan Rows": 4733504, "Plan Width": 44, "Actual Min Startup Time": 0.055, "Actual Max Startup Time": 0.097, "Actual Min Total Time": 278.383, "Actual Max Total Time": 295.018, "Actual Total Rows": 4757376, "Plans": [{"Node Type": "Index Scan", "Parent Relationship": "Outer", "Scan Direction": "Forward", "Index Name": "part_kpey", "Relation Name": "part", "Alias": "part", "Startup Cost": 0.0, "Total Cost": 98928.25, "Plan Rows": 295844, "Plan Width": 44, "Actual Min Startup Time": 0.053, "Actual Max Startup Time": 61.876, "Actual Min Total Time": 154.618, "Actual Max Total Time": 227.449, "Actual Total Rows": 297336, "Filter": "((p_brand <> 'Brand#34'::bpchar) AND ((p_type)::text !~~ 'LARGE BRUSHED%'::text) AND (p_size = ANY ('{48,19,12,4,41,7,21,39}'::integer[]))), (LLVM Optimized, Jit Execute)", "Rows Removed by Filter": 1702664}]}]}]}, {"Node Type": "Hash", "Parent Relationship": "Inner", "Startup Cost": 20588.0, "Total Cost": 20588.0, "Plan Rows": 160, "Plan Width": 8, "Actual Min Startup Time": 3.206, "Actual Max Startup Time": 82.19, "Actual Min Total Time": 3.206, "Actual Max Total Time": 82.19, "Actual Total Rows": 896, "Max Hash Buckets": 32768, "Min Hash Buckets": 32768, "Max Hash Batches": 1, "Min Hash Batches": 1, "Max Original Hash Batches": 1, "Min Original Hash Batches": 1, "Max Peak Memory Usage": 3, "min Peak Memory Usage": 3, "Plans": [{"Node Type": "Streaming(type: BROADCAST dop: 16/1)", "Parent Relationship": "Outer", "Startup Cost": 0.0, "Total Cost": 20588.0, "Plan Rows": 160, "Plan Width": 8, "Actual Min Startup Time": 3.182, "Actual Max Startup Time": 82.163, "Actual Min Total Time": 3.186, "Actual Max Total Time": 82.171, "Actual Total Rows": 896, "Plans": [{"Node Type": "Index Scan", "Parent Relationship": "Outer", "Scan Direction": "Forward", "Index Name": "supplier_pkey", "Relation Name": "supplier", "Alias": "supplier", "Startup Cost": 0.0, "Total Cost": 5584.54, "Plan Rows": 10, "Plan Width": 8, "Actual Min Startup Time": 0.421, "Actual Max Startup Time": 0.421, "Actual Min Total Time": 83.676, "Actual Max Total Time": 83.676, "Actual Total Rows": 56, "Filter": "((s_comment)::text ~~ '%Customer%Complaints%'::text)", "Rows Removed by Filter": 99944}]}]}]}]}]}]}]}]}, "Triggers": [], "Planner Runtime": 1.69, "Total Runtime": 1839.491, "Unique SQL Id": 1437012347}}, "(16, 10)": {"explain_plan": {"Plan": {"Node Type": "Sort", "Startup Cost": 144484.63, "Total Cost": 144553.97, "Plan Rows": 27736, "Plan Width": 60, "Sort Key": ["(count(partsupp.ps_suppkey)) DESC", "part.p_brand", "part.p_type", "part.p_size"], "Plans": [{"Node Type": "Streaming(type: LOCAL GATHER dop: 1/16)", "Parent Relationship": "Outer", "Startup Cost": 142139.85, "Total Cost": 142437.78, "Plan Rows": 27736, "Plan Width": 60, "Plans": [{"Node Type": "Aggregate", "Strategy": "Hashed", "Parent Relationship": "Outer", "Startup Cost": 142139.85, "Total Cost": 142157.19, "Plan Rows": 27736, "Plan Width": 60, "Group By Key": ["part.p_brand", "part.p_type", "part.p_size"], "Plans": [{"Node Type": "Aggregate", "Strategy": "Hashed", "Parent Relationship": "Outer", "Startup Cost": 141071.59, "Total Cost": 141605.72, "Plan Rows": 854611, "Plan Width": 52, "Group By Key": ["part.p_brand", "part.p_type", "part.p_size", "partsupp.ps_suppkey"], "Plans": [{"Node Type": "Streaming(type: LOCAL REDISTRIBUTE dop: 16/16)", "Parent Relationship": "Outer", "Startup Cost": 69999.79, "Total Cost": 140403.93, "Plan Rows": 854611, "Plan Width": 44, "Plans": [{"Node Type": "Hash Join", "Parent Relationship": "Outer", "Join Type": "Anti", "Startup Cost": 69999.79, "Total Cost": 104950.92, "Plan Rows": 854611, "Plan Width": 44, "Inner Unique": false, "Hash Cond": "(partsupp.ps_suppkey = supplier.s_suppkey), (LLVM Optimized)", "Plans": [{"Node Type": "Hash Join", "Parent Relationship": "Outer", "Join Type": "Inner", "Startup Cost": 51463.21, "Total Cost": 85746.67, "Plan Rows": 854625, "Plan Width": 44, "Inner Unique": true, "Hash Cond": "(partsupp.ps_partkey = part.p_partkey), (LLVM Optimized)", "Plans": [{"Node Type": "Seq Scan", "Parent Relationship": "Outer", "Relation Name": "partsupp", "Alias": "partsupp", "Startup Cost": 0.0, "Total Cost": 31874.23, "Plan Rows": 8000372, "Plan Width": 16}, {"Node Type": "Hash", "Parent Relationship": "Inner", "Startup Cost": 47765.16, "Total Cost": 47765.16, "Plan Rows": 4733504, "Plan Width": 44, "Plans": [{"Node Type": "Streaming(type: BROADCAST dop: 16/16)", "Parent Relationship": "Outer", "Startup Cost": 0.0, "Total Cost": 47765.16, "Plan Rows": 4733504, "Plan Width": 44, "Plans": [{"Node Type": "Seq Scan", "Parent Relationship": "Outer", "Relation Name": "part", "Alias": "part", "Startup Cost": 0.0, "Total Cost": 20746.5, "Plan Rows": 295844, "Plan Width": 44, "Filter": "((p_brand <> 'Brand#34'::bpchar) AND ((p_type)::text !~~ 'LARGE BRUSHED%'::text) AND (p_size = ANY ('{48,19,12,4,41,7,21,39}'::integer[]))), (LLVM Optimized)"}]}]}]}, {"Node Type": "Hash", "Parent Relationship": "Inner", "Startup Cost": 18536.45, "Total Cost": 18536.45, "Plan Rows": 160, "Plan Width": 8, "Plans": [{"Node Type": "Streaming(type: BROADCAST dop: 16/1)", "Parent Relationship": "Outer", "Startup Cost": 0.0, "Total Cost": 18536.45, "Plan Rows": 160, "Plan Width": 8, "Plans": [{"Node Type": "Seq Scan", "Parent Relationship": "Outer", "Relation Name": "supplier", "Alias": "supplier", "Startup Cost": 0.0, "Total Cost": 3533.0, "Plan Rows": 10, "Plan Width": 8, "Filter": "((s_comment)::text ~~ '%Customer%Complaints%'::text)"}]}]}]}]}]}]}]}]}, "Unique SQL Id": 1437012347}, "explain_analyze_plan": {"Plan": {"Node Type": "Sort", "Startup Cost": 144484.63, "Total Cost": 144553.97, "Plan Rows": 27736, "Plan Width": 60, "Actual Min Startup Time": 1200.331, "Actual Max Startup Time": 1200.331, "Actual Min Total Time": 1203.099, "Actual Max Total Time": 1203.099, "Actual Total Rows": 27838, "Sort Key": ["(count(partsupp.ps_suppkey)) DESC", "part.p_brand", "part.p_type", "part.p_size"], "Sort Method": "quicksort", "Sort Space Min Used": 3402, "Sort Space Max Used": 3402, "Sort Space Type": "Memory", "Plans": [{"Node Type": "Streaming(type: LOCAL GATHER dop: 1/16)", "Parent Relationship": "Outer", "Startup Cost": 142139.85, "Total Cost": 142437.78, "Plan Rows": 27736, "Plan Width": 60, "Actual Min Startup Time": 941.122, "Actual Max Startup Time": 941.122, "Actual Min Total Time": 1112.365, "Actual Max Total Time": 1112.365, "Actual Total Rows": 27838, "Plans": [{"Node Type": "Aggregate", "Strategy": "Hashed", "Parent Relationship": "Outer", "Startup Cost": 142139.85, "Total Cost": 142157.19, "Plan Rows": 27736, "Plan Width": 60, "Actual Min Startup Time": 768.112, "Actual Max Startup Time": 989.65, "Actual Min Total Time": 768.112, "Actual Max Total Time": 990.899, "Actual Total Rows": 27838, "Group By Key": ["part.p_brand", "part.p_type", "part.p_size"], "Plans": [{"Node Type": "Aggregate", "Strategy": "Hashed", "Parent Relationship": "Outer", "Startup Cost": 141071.59, "Total Cost": 141605.72, "Plan Rows": 854611, "Plan Width": 52, "Actual Min Startup Time": 767.134, "Actual Max Startup Time": 831.536, "Actual Min Total Time": 768.05, "Actual Max Total Time": 863.759, "Actual Total Rows": 1188428, "Group By Key": ["part.p_brand", "part.p_type", "part.p_size", "partsupp.ps_suppkey"], "Plans": [{"Node Type": "Streaming(type: LOCAL REDISTRIBUTE dop: 16/16)", "Parent Relationship": "Outer", "Startup Cost": 69999.79, "Total Cost": 140403.93, "Plan Rows": 854611, "Plan Width": 44, "Actual Min Startup Time": 323.271, "Actual Max Startup Time": 773.136, "Actual Min Total Time": 614.546, "Actual Max Total Time": 773.136, "Actual Total Rows": 1188666, "Plans": [{"Node Type": "Hash Join", "Parent Relationship": "Outer", "Join Type": "Anti", "Startup Cost": 69999.79, "Total Cost": 104950.92, "Plan Rows": 854611, "Plan Width": 44, "Actual Min Startup Time": 319.56, "Actual Max Startup Time": 404.165, "Actual Min Total Time": 620.607, "Actual Max Total Time": 716.832, "Actual Total Rows": 1188666, "Inner Unique": false, "Hash Cond": "(partsupp.ps_suppkey = supplier.s_suppkey), (LLVM Optimized, Jit Execute)", "Plans": [{"Node Type": "Hash Join", "Parent Relationship": "Outer", "Join Type": "Inner", "Startup Cost": 51463.21, "Total Cost": 85746.67, "Plan Rows": 854625, "Plan Width": 44, "Actual Min Startup Time": 319.47, "Actual Max Startup Time": 342.856, "Actual Min Total Time": 598.59, "Actual Max Total Time": 634.107, "Actual Total Rows": 1189344, "Inner Unique": true, "Hash Cond": "(partsupp.ps_partkey = part.p_partkey), (LLVM Optimized, Jit Execute)", "Plans": [{"Node Type": "Seq Scan", "Parent Relationship": "Outer", "Relation Name": "partsupp", "Alias": "partsupp", "Startup Cost": 0.0, "Total Cost": 31874.23, "Plan Rows": 8000372, "Plan Width": 16, "Actual Min Startup Time": 0.023, "Actual Max Startup Time": 0.038, "Actual Min Total Time": 151.039, "Actual Max Total Time": 162.82, "Actual Total Rows": 8000000}, {"Node Type": "Hash", "Parent Relationship": "Inner", "Startup Cost": 47765.16, "Total Cost": 47765.16, "Plan Rows": 4733504, "Plan Width": 44, "Actual Min Startup Time": 319.067, "Actual Max Startup Time": 342.372, "Actual Min Total Time": 319.067, "Actual Max Total Time": 342.372, "Actual Total Rows": 4757376, "Max Hash Buckets": 524288, "Min Hash Buckets": 524288, "Max Hash Batches": 1, "Min Hash Batches": 1, "Max Original Hash Batches": 1, "Min Original Hash Batches": 1, "Max Peak Memory Usage": 23216, "min Peak Memory Usage": 23216, "Plans": [{"Node Type": "Streaming(type: BROADCAST dop: 16/16)", "Parent Relationship": "Outer", "Startup Cost": 0.0, "Total Cost": 47765.16, "Plan Rows": 4733504, "Plan Width": 44, "Actual Min Startup Time": 0.037, "Actual Max Startup Time": 0.092, "Actual Min Total Time": 218.869, "Actual Max Total Time": 242.54, "Actual Total Rows": 4757376, "Plans": [{"Node Type": "Seq Scan", "Parent Relationship": "Outer", "Relation Name": "part", "Alias": "part", "Startup Cost": 0.0, "Total Cost": 20746.5, "Plan Rows": 295844, "Plan Width": 44, "Actual Min Startup Time": 0.033, "Actual Max Startup Time": 0.07, "Actual Min Total Time": 102.838, "Actual Max Total Time": 108.172, "Actual Total Rows": 297336, "Filter": "((p_brand <> 'Brand#34'::bpchar) AND ((p_type)::text !~~ 'LARGE BRUSHED%'::text) AND (p_size = ANY ('{48,19,12,4,41,7,21,39}'::integer[]))), (LLVM Optimized, Jit Execute)", "Rows Removed by Filter": 1702664}]}]}]}, {"Node Type": "Hash", "Parent Relationship": "Inner", "Startup Cost": 18536.45, "Total Cost": 18536.45, "Plan Rows": 160, "Plan Width": 8, "Actual Min Startup Time": 0.041, "Actual Max Startup Time": 61.248, "Actual Min Total Time": 0.041, "Actual Max Total Time": 61.248, "Actual Total Rows": 896, "Max Hash Buckets": 32768, "Min Hash Buckets": 32768, "Max Hash Batches": 1, "Min Hash Batches": 1, "Max Original Hash Batches": 1, "Min Original Hash Batches": 1, "Max Peak Memory Usage": 3, "min Peak Memory Usage": 3, "Plans": [{"Node Type": "Streaming(type: BROADCAST dop: 16/1)", "Parent Relationship": "Outer", "Startup Cost": 0.0, "Total Cost": 18536.45, "Plan Rows": 160, "Plan Width": 8, "Actual Min Startup Time": 0.012, "Actual Max Startup Time": 61.212, "Actual Min Total Time": 0.014, "Actual Max Total Time": 61.215, "Actual Total Rows": 896, "Plans": [{"Node Type": "Seq Scan", "Parent Relationship": "Outer", "Relation Name": "supplier", "Alias": "supplier", "Startup Cost": 0.0, "Total Cost": 3533.0, "Plan Rows": 10, "Plan Width": 8, "Actual Min Startup Time": 0.248, "Actual Max Startup Time": 0.248, "Actual Min Total Time": 52.934, "Actual Max Total Time": 52.934, "Actual Total Rows": 56, "Filter": "((s_comment)::text ~~ '%Customer%Complaints%'::text)", "Rows Removed by Filter": 99944}]}]}]}]}]}]}]}]}, "Triggers": [], "Planner Runtime": 1.74, "Total Runtime": 1224.55, "Unique SQL Id": 1437012347}}, "(16, 11)": {"explain_plan": {"Plan": {"Node Type": "Sort", "Startup Cost": 3000026914574.25, "Total Cost": 3000026914643.59, "Plan Rows": 27736, "Plan Width": 60, "Sort Key": ["(count(partsupp.ps_suppkey)) DESC", "part.p_brand", "part.p_type", "part.p_size"], "Plans": [{"Node Type": "Aggregate", "Strategy": "Hashed", "Parent Relationship": "Outer", "Startup Cost": 3000026912250.05, "Total Cost": 3000026912527.41, "Plan Rows": 27736, "Plan Width": 60, "Group By Key": ["part.p_brand", "part.p_type", "part.p_size"], "Plans": [{"Node Type": "Aggregate", "Strategy": "Hashed", "Parent Relationship": "Outer", "Startup Cost": 3000026911695.33, "Total Cost": 3000026911972.69, "Plan Rows": 27736, "Plan Width": 52, "Group By Key": ["part.p_brand", "part.p_type", "part.p_size", "partsupp.ps_suppkey"], "Plans": [{"Node Type": "Nested Loop", "Parent Relationship": "Outer", "Join Type": "Anti", "Startup Cost": 30017324679.62, "Total Cost": 3000026901012.69, "Plan Rows": 854611, "Plan Width": 44, "Inner Unique": false, "Join Filter": "(partsupp.ps_suppkey = supplier.s_suppkey), (LLVM Optimized)", "Plans": [{"Node Type": "Merge Join", "Parent Relationship": "Outer", "Join Type": "Inner", "Startup Cost": 20017324679.62, "Total Cost": 2000026214364.82, "Plan Rows": 854625, "Plan Width": 44, "Inner Unique": false, "Merge Cond": "(part.p_partkey = partsupp.ps_partkey)", "Plans": [{"Node Type": "Index Scan", "Parent Relationship": "Outer", "Scan Direction": "Forward", "Index Name": "part_kpey", "Relation Name": "part", "Alias": "part", "Startup Cost": 10000000000.0, "Total Cost": 1000013080325.0, "Plan Rows": 295844, "Plan Width": 44, "Filter": "((p_brand <> 'Brand#34'::bpchar) AND ((p_type)::text !~~ 'LARGE BRUSHED%'::text) AND (p_size = ANY ('{48,19,12,4,41,7,21,39}'::integer[]))), (LLVM Optimized)"}, {"Node Type": "Index Only Scan", "Parent Relationship": "Inner", "Scan Direction": "Forward", "Index Name": "partsupp_pkey", "Relation Name": "partsupp", "Alias": "partsupp", "Startup Cost": 10000000000.0, "Total Cost": 1000027706983.0, "Plan Rows": 8000372, "Plan Width": 16}]}, {"Node Type": "Materialize", "Parent Relationship": "Inner", "Startup Cost": 10000000000.0, "Total Cost": 1000000558454.43, "Plan Rows": 10, "Plan Width": 8, "Plans": [{"Node Type": "Index Scan", "Parent Relationship": "Outer", "Scan Direction": "Forward", "Index Name": "supplier_pkey", "Relation Name": "supplier", "Alias": "supplier", "Startup Cost": 10000000000.0, "Total Cost": 1000000558454.38, "Plan Rows": 10, "Plan Width": 8, "Filter": "((s_comment)::text ~~ '%Customer%Complaints%'::text)"}]}]}]}]}]}, "Unique SQL Id": 1437012347}, "explain_analyze_plan": null}, "(16, 12)": {"explain_plan": {"Plan": {"Node Type": "Sort", "Startup Cost": 144484.63, "Total Cost": 144553.97, "Plan Rows": 27736, "Plan Width": 60, "Sort Key": ["(count(partsupp.ps_suppkey)) DESC", "part.p_brand", "part.p_type", "part.p_size"], "Plans": [{"Node Type": "Streaming(type: LOCAL GATHER dop: 1/16)", "Parent Relationship": "Outer", "Startup Cost": 142139.85, "Total Cost": 142437.78, "Plan Rows": 27736, "Plan Width": 60, "Plans": [{"Node Type": "Aggregate", "Strategy": "Hashed", "Parent Relationship": "Outer", "Startup Cost": 142139.85, "Total Cost": 142157.19, "Plan Rows": 27736, "Plan Width": 60, "Group By Key": ["part.p_brand", "part.p_type", "part.p_size"], "Plans": [{"Node Type": "Aggregate", "Strategy": "Hashed", "Parent Relationship": "Outer", "Startup Cost": 141071.59, "Total Cost": 141605.72, "Plan Rows": 854611, "Plan Width": 52, "Group By Key": ["part.p_brand", "part.p_type", "part.p_size", "partsupp.ps_suppkey"], "Plans": [{"Node Type": "Streaming(type: LOCAL REDISTRIBUTE dop: 16/16)", "Parent Relationship": "Outer", "Startup Cost": 69999.79, "Total Cost": 140403.93, "Plan Rows": 854611, "Plan Width": 44, "Plans": [{"Node Type": "Hash Join", "Parent Relationship": "Outer", "Join Type": "Anti", "Startup Cost": 69999.79, "Total Cost": 104950.92, "Plan Rows": 854611, "Plan Width": 44, "Inner Unique": false, "Hash Cond": "(partsupp.ps_suppkey = supplier.s_suppkey), (LLVM Optimized)", "Plans": [{"Node Type": "Hash Join", "Parent Relationship": "Outer", "Join Type": "Inner", "Startup Cost": 51463.21, "Total Cost": 85746.67, "Plan Rows": 854625, "Plan Width": 44, "Inner Unique": true, "Hash Cond": "(partsupp.ps_partkey = part.p_partkey), (LLVM Optimized)", "Plans": [{"Node Type": "Seq Scan", "Parent Relationship": "Outer", "Relation Name": "partsupp", "Alias": "partsupp", "Startup Cost": 0.0, "Total Cost": 31874.23, "Plan Rows": 8000372, "Plan Width": 16}, {"Node Type": "Hash", "Parent Relationship": "Inner", "Startup Cost": 47765.16, "Total Cost": 47765.16, "Plan Rows": 4733504, "Plan Width": 44, "Plans": [{"Node Type": "Streaming(type: BROADCAST dop: 16/16)", "Parent Relationship": "Outer", "Startup Cost": 0.0, "Total Cost": 47765.16, "Plan Rows": 4733504, "Plan Width": 44, "Plans": [{"Node Type": "Seq Scan", "Parent Relationship": "Outer", "Relation Name": "part", "Alias": "part", "Startup Cost": 0.0, "Total Cost": 20746.5, "Plan Rows": 295844, "Plan Width": 44, "Filter": "((p_brand <> 'Brand#34'::bpchar) AND ((p_type)::text !~~ 'LARGE BRUSHED%'::text) AND (p_size = ANY ('{48,19,12,4,41,7,21,39}'::integer[]))), (LLVM Optimized)"}]}]}]}, {"Node Type": "Hash", "Parent Relationship": "Inner", "Startup Cost": 18536.45, "Total Cost": 18536.45, "Plan Rows": 160, "Plan Width": 8, "Plans": [{"Node Type": "Streaming(type: BROADCAST dop: 16/1)", "Parent Relationship": "Outer", "Startup Cost": 0.0, "Total Cost": 18536.45, "Plan Rows": 160, "Plan Width": 8, "Plans": [{"Node Type": "Seq Scan", "Parent Relationship": "Outer", "Relation Name": "supplier", "Alias": "supplier", "Startup Cost": 0.0, "Total Cost": 3533.0, "Plan Rows": 10, "Plan Width": 8, "Filter": "((s_comment)::text ~~ '%Customer%Complaints%'::text)"}]}]}]}]}]}]}]}]}, "Unique SQL Id": 1437012347}, "explain_analyze_plan": {"Plan": {"Node Type": "Sort", "Startup Cost": 144484.63, "Total Cost": 144553.97, "Plan Rows": 27736, "Plan Width": 60, "Actual Min Startup Time": 1200.331, "Actual Max Startup Time": 1200.331, "Actual Min Total Time": 1203.099, "Actual Max Total Time": 1203.099, "Actual Total Rows": 27838, "Sort Key": ["(count(partsupp.ps_suppkey)) DESC", "part.p_brand", "part.p_type", "part.p_size"], "Sort Method": "quicksort", "Sort Space Min Used": 3402, "Sort Space Max Used": 3402, "Sort Space Type": "Memory", "Plans": [{"Node Type": "Streaming(type: LOCAL GATHER dop: 1/16)", "Parent Relationship": "Outer", "Startup Cost": 142139.85, "Total Cost": 142437.78, "Plan Rows": 27736, "Plan Width": 60, "Actual Min Startup Time": 941.122, "Actual Max Startup Time": 941.122, "Actual Min Total Time": 1112.365, "Actual Max Total Time": 1112.365, "Actual Total Rows": 27838, "Plans": [{"Node Type": "Aggregate", "Strategy": "Hashed", "Parent Relationship": "Outer", "Startup Cost": 142139.85, "Total Cost": 142157.19, "Plan Rows": 27736, "Plan Width": 60, "Actual Min Startup Time": 768.112, "Actual Max Startup Time": 989.65, "Actual Min Total Time": 768.112, "Actual Max Total Time": 990.899, "Actual Total Rows": 27838, "Group By Key": ["part.p_brand", "part.p_type", "part.p_size"], "Plans": [{"Node Type": "Aggregate", "Strategy": "Hashed", "Parent Relationship": "Outer", "Startup Cost": 141071.59, "Total Cost": 141605.72, "Plan Rows": 854611, "Plan Width": 52, "Actual Min Startup Time": 767.134, "Actual Max Startup Time": 831.536, "Actual Min Total Time": 768.05, "Actual Max Total Time": 863.759, "Actual Total Rows": 1188428, "Group By Key": ["part.p_brand", "part.p_type", "part.p_size", "partsupp.ps_suppkey"], "Plans": [{"Node Type": "Streaming(type: LOCAL REDISTRIBUTE dop: 16/16)", "Parent Relationship": "Outer", "Startup Cost": 69999.79, "Total Cost": 140403.93, "Plan Rows": 854611, "Plan Width": 44, "Actual Min Startup Time": 323.271, "Actual Max Startup Time": 773.136, "Actual Min Total Time": 614.546, "Actual Max Total Time": 773.136, "Actual Total Rows": 1188666, "Plans": [{"Node Type": "Hash Join", "Parent Relationship": "Outer", "Join Type": "Anti", "Startup Cost": 69999.79, "Total Cost": 104950.92, "Plan Rows": 854611, "Plan Width": 44, "Actual Min Startup Time": 319.56, "Actual Max Startup Time": 404.165, "Actual Min Total Time": 620.607, "Actual Max Total Time": 716.832, "Actual Total Rows": 1188666, "Inner Unique": false, "Hash Cond": "(partsupp.ps_suppkey = supplier.s_suppkey), (LLVM Optimized, Jit Execute)", "Plans": [{"Node Type": "Hash Join", "Parent Relationship": "Outer", "Join Type": "Inner", "Startup Cost": 51463.21, "Total Cost": 85746.67, "Plan Rows": 854625, "Plan Width": 44, "Actual Min Startup Time": 319.47, "Actual Max Startup Time": 342.856, "Actual Min Total Time": 598.59, "Actual Max Total Time": 634.107, "Actual Total Rows": 1189344, "Inner Unique": true, "Hash Cond": "(partsupp.ps_partkey = part.p_partkey), (LLVM Optimized, Jit Execute)", "Plans": [{"Node Type": "Seq Scan", "Parent Relationship": "Outer", "Relation Name": "partsupp", "Alias": "partsupp", "Startup Cost": 0.0, "Total Cost": 31874.23, "Plan Rows": 8000372, "Plan Width": 16, "Actual Min Startup Time": 0.023, "Actual Max Startup Time": 0.038, "Actual Min Total Time": 151.039, "Actual Max Total Time": 162.82, "Actual Total Rows": 8000000}, {"Node Type": "Hash", "Parent Relationship": "Inner", "Startup Cost": 47765.16, "Total Cost": 47765.16, "Plan Rows": 4733504, "Plan Width": 44, "Actual Min Startup Time": 319.067, "Actual Max Startup Time": 342.372, "Actual Min Total Time": 319.067, "Actual Max Total Time": 342.372, "Actual Total Rows": 4757376, "Max Hash Buckets": 524288, "Min Hash Buckets": 524288, "Max Hash Batches": 1, "Min Hash Batches": 1, "Max Original Hash Batches": 1, "Min Original Hash Batches": 1, "Max Peak Memory Usage": 23216, "min Peak Memory Usage": 23216, "Plans": [{"Node Type": "Streaming(type: BROADCAST dop: 16/16)", "Parent Relationship": "Outer", "Startup Cost": 0.0, "Total Cost": 47765.16, "Plan Rows": 4733504, "Plan Width": 44, "Actual Min Startup Time": 0.037, "Actual Max Startup Time": 0.092, "Actual Min Total Time": 218.869, "Actual Max Total Time": 242.54, "Actual Total Rows": 4757376, "Plans": [{"Node Type": "Seq Scan", "Parent Relationship": "Outer", "Relation Name": "part", "Alias": "part", "Startup Cost": 0.0, "Total Cost": 20746.5, "Plan Rows": 295844, "Plan Width": 44, "Actual Min Startup Time": 0.033, "Actual Max Startup Time": 0.07, "Actual Min Total Time": 102.838, "Actual Max Total Time": 108.172, "Actual Total Rows": 297336, "Filter": "((p_brand <> 'Brand#34'::bpchar) AND ((p_type)::text !~~ 'LARGE BRUSHED%'::text) AND (p_size = ANY ('{48,19,12,4,41,7,21,39}'::integer[]))), (LLVM Optimized, Jit Execute)", "Rows Removed by Filter": 1702664}]}]}]}, {"Node Type": "Hash", "Parent Relationship": "Inner", "Startup Cost": 18536.45, "Total Cost": 18536.45, "Plan Rows": 160, "Plan Width": 8, "Actual Min Startup Time": 0.041, "Actual Max Startup Time": 61.248, "Actual Min Total Time": 0.041, "Actual Max Total Time": 61.248, "Actual Total Rows": 896, "Max Hash Buckets": 32768, "Min Hash Buckets": 32768, "Max Hash Batches": 1, "Min Hash Batches": 1, "Max Original Hash Batches": 1, "Min Original Hash Batches": 1, "Max Peak Memory Usage": 3, "min Peak Memory Usage": 3, "Plans": [{"Node Type": "Streaming(type: BROADCAST dop: 16/1)", "Parent Relationship": "Outer", "Startup Cost": 0.0, "Total Cost": 18536.45, "Plan Rows": 160, "Plan Width": 8, "Actual Min Startup Time": 0.012, "Actual Max Startup Time": 61.212, "Actual Min Total Time": 0.014, "Actual Max Total Time": 61.215, "Actual Total Rows": 896, "Plans": [{"Node Type": "Seq Scan", "Parent Relationship": "Outer", "Relation Name": "supplier", "Alias": "supplier", "Startup Cost": 0.0, "Total Cost": 3533.0, "Plan Rows": 10, "Plan Width": 8, "Actual Min Startup Time": 0.248, "Actual Max Startup Time": 0.248, "Actual Min Total Time": 52.934, "Actual Max Total Time": 52.934, "Actual Total Rows": 56, "Filter": "((s_comment)::text ~~ '%Customer%Complaints%'::text)", "Rows Removed by Filter": 99944}]}]}]}]}]}]}]}]}, "Triggers": [], "Planner Runtime": 1.74, "Total Runtime": 1224.55, "Unique SQL Id": 1437012347}}, "(16, 13)": {"explain_plan": {"Plan": {"Node Type": "Sort", "Startup Cost": 564325.23, "Total Cost": 564394.57, "Plan Rows": 27736, "Plan Width": 60, "Sort Key": ["(count(partsupp.ps_suppkey)) DESC", "part.p_brand", "part.p_type", "part.p_size"], "Plans": [{"Node Type": "Streaming(type: LOCAL GATHER dop: 1/16)", "Parent Relationship": "Outer", "Startup Cost": 561980.46, "Total Cost": 562278.39, "Plan Rows": 27736, "Plan Width": 60, "Plans": [{"Node Type": "Aggregate", "Strategy": "Hashed", "Parent Relationship": "Outer", "Startup Cost": 561980.46, "Total Cost": 561997.8, "Plan Rows": 27736, "Plan Width": 60, "Group By Key": ["part.p_brand", "part.p_type", "part.p_size"], "Plans": [{"Node Type": "Aggregate", "Strategy": "Hashed", "Parent Relationship": "Outer", "Startup Cost": 560912.2, "Total Cost": 561446.33, "Plan Rows": 854611, "Plan Width": 52, "Group By Key": ["part.p_brand", "part.p_type", "part.p_size", "partsupp.ps_suppkey"], "Plans": [{"Node Type": "Streaming(type: LOCAL REDISTRIBUTE dop: 16/16)", "Parent Relationship": "Outer", "Startup Cost": 150233.08, "Total Cost": 560244.53, "Plan Rows": 854611, "Plan Width": 44, "Plans": [{"Node Type": "Hash Join", "Parent Relationship": "Outer", "Join Type": "Anti", "Startup Cost": 150233.08, "Total Cost": 524791.53, "Plan Rows": 854611, "Plan Width": 44, "Inner Unique": false, "Hash Cond": "(partsupp.ps_suppkey = supplier.s_suppkey), (LLVM Optimized)", "Plans": [{"Node Type": "Hash Join", "Parent Relationship": "Outer", "Join Type": "Inner", "Startup Cost": 129644.96, "Total Cost": 503535.74, "Plan Rows": 854625, "Plan Width": 44, "Inner Unique": true, "Hash Cond": "(partsupp.ps_partkey = part.p_partkey), (LLVM Optimized)", "Plans": [{"Node Type": "Index Scan", "Parent Relationship": "Outer", "Scan Direction": "Forward", "Index Name": "idx_partsupp_partkey", "Relation Name": "partsupp", "Alias": "partsupp", "Startup Cost": 0.0, "Total Cost": 371481.55, "Plan Rows": 8000372, "Plan Width": 16}, {"Node Type": "Hash", "Parent Relationship": "Inner", "Startup Cost": 125946.91, "Total Cost": 125946.91, "Plan Rows": 4733504, "Plan Width": 44, "Plans": [{"Node Type": "Streaming(type: BROADCAST dop: 16/16)", "Parent Relationship": "Outer", "Startup Cost": 0.0, "Total Cost": 125946.91, "Plan Rows": 4733504, "Plan Width": 44, "Plans": [{"Node Type": "Index Scan", "Parent Relationship": "Outer", "Scan Direction": "Forward", "Index Name": "part_kpey", "Relation Name": "part", "Alias": "part", "Startup Cost": 0.0, "Total Cost": 98928.25, "Plan Rows": 295844, "Plan Width": 44, "Filter": "((p_brand <> 'Brand#34'::bpchar) AND ((p_type)::text !~~ 'LARGE BRUSHED%'::text) AND (p_size = ANY ('{48,19,12,4,41,7,21,39}'::integer[]))), (LLVM Optimized)"}]}]}]}, {"Node Type": "Hash", "Parent Relationship": "Inner", "Startup Cost": 20588.0, "Total Cost": 20588.0, "Plan Rows": 160, "Plan Width": 8, "Plans": [{"Node Type": "Streaming(type: BROADCAST dop: 16/1)", "Parent Relationship": "Outer", "Startup Cost": 0.0, "Total Cost": 20588.0, "Plan Rows": 160, "Plan Width": 8, "Plans": [{"Node Type": "Index Scan", "Parent Relationship": "Outer", "Scan Direction": "Forward", "Index Name": "supplier_pkey", "Relation Name": "supplier", "Alias": "supplier", "Startup Cost": 0.0, "Total Cost": 5584.54, "Plan Rows": 10, "Plan Width": 8, "Filter": "((s_comment)::text ~~ '%Customer%Complaints%'::text)"}]}]}]}]}]}]}]}]}, "Unique SQL Id": 1437012347}, "explain_analyze_plan": {"Plan": {"Node Type": "Sort", "Startup Cost": 564325.23, "Total Cost": 564394.57, "Plan Rows": 27736, "Plan Width": 60, "Actual Min Startup Time": 1619.572, "Actual Max Startup Time": 1619.572, "Actual Min Total Time": 1622.26, "Actual Max Total Time": 1622.26, "Actual Total Rows": 27838, "Sort Key": ["(count(partsupp.ps_suppkey)) DESC", "part.p_brand", "part.p_type", "part.p_size"], "Sort Method": "quicksort", "Sort Space Min Used": 3402, "Sort Space Max Used": 3402, "Sort Space Type": "Memory", "Plans": [{"Node Type": "Streaming(type: LOCAL GATHER dop: 1/16)", "Parent Relationship": "Outer", "Startup Cost": 561980.46, "Total Cost": 562278.39, "Plan Rows": 27736, "Plan Width": 60, "Actual Min Startup Time": 1367.631, "Actual Max Startup Time": 1367.631, "Actual Min Total Time": 1534.225, "Actual Max Total Time": 1534.225, "Actual Total Rows": 27838, "Plans": [{"Node Type": "Aggregate", "Strategy": "Hashed", "Parent Relationship": "Outer", "Startup Cost": 561980.46, "Total Cost": 561997.8, "Plan Rows": 27736, "Plan Width": 60, "Actual Min Startup Time": 1184.074, "Actual Max Startup Time": 1396.508, "Actual Min Total Time": 1184.074, "Actual Max Total Time": 1397.687, "Actual Total Rows": 27838, "Group By Key": ["part.p_brand", "part.p_type", "part.p_size"], "Plans": [{"Node Type": "Aggregate", "Strategy": "Hashed", "Parent Relationship": "Outer", "Startup Cost": 560912.2, "Total Cost": 561446.33, "Plan Rows": 854611, "Plan Width": 52, "Actual Min Startup Time": 1176.118, "Actual Max Startup Time": 1256.882, "Actual Min Total Time": 1184.016, "Actual Max Total Time": 1288.867, "Actual Total Rows": 1188428, "Group By Key": ["part.p_brand", "part.p_type", "part.p_size", "partsupp.ps_suppkey"], "Plans": [{"Node Type": "Streaming(type: LOCAL REDISTRIBUTE dop: 16/16)", "Parent Relationship": "Outer", "Startup Cost": 150233.08, "Total Cost": 560244.53, "Plan Rows": 854611, "Plan Width": 44, "Actual Min Startup Time": 568.154, "Actual Max Startup Time": 1213.325, "Actual Min Total Time": 1036.832, "Actual Max Total Time": 1213.325, "Actual Total Rows": 1188666, "Plans": [{"Node Type": "Hash Join", "Parent Relationship": "Outer", "Join Type": "Anti", "Startup Cost": 150233.08, "Total Cost": 524791.53, "Plan Rows": 854611, "Plan Width": 44, "Actual Min Startup Time": 563.498, "Actual Max Startup Time": 656.823, "Actual Min Total Time": 1032.687, "Actual Max Total Time": 1151.158, "Actual Total Rows": 1188666, "Inner Unique": false, "Hash Cond": "(partsupp.ps_suppkey = supplier.s_suppkey), (LLVM Optimized, Jit Execute)", "Plans": [{"Node Type": "Hash Join", "Parent Relationship": "Outer", "Join Type": "Inner", "Startup Cost": 129644.96, "Total Cost": 503535.74, "Plan Rows": 854625, "Plan Width": 44, "Actual Min Startup Time": 563.406, "Actual Max Startup Time": 565.349, "Actual Min Total Time": 1004.557, "Actual Max Total Time": 1049.519, "Actual Total Rows": 1189344, "Inner Unique": true, "Hash Cond": "(partsupp.ps_partkey = part.p_partkey), (LLVM Optimized, Jit Execute)", "Plans": [{"Node Type": "Index Scan", "Parent Relationship": "Outer", "Scan Direction": "Forward", "Index Name": "idx_partsupp_partkey", "Relation Name": "partsupp", "Alias": "partsupp", "Startup Cost": 0.0, "Total Cost": 371481.55, "Plan Rows": 8000372, "Plan Width": 16, "Actual Min Startup Time": 53.627, "Actual Max Startup Time": 53.723, "Actual Min Total Time": 366.616, "Actual Max Total Time": 382.503, "Actual Total Rows": 8000000}, {"Node Type": "Hash", "Parent Relationship": "Inner", "Startup Cost": 125946.91, "Total Cost": 125946.91, "Plan Rows": 4733504, "Plan Width": 44, "Actual Min Startup Time": 509.283, "Actual Max Startup Time": 511.049, "Actual Min Total Time": 509.283, "Actual Max Total Time": 511.049, "Actual Total Rows": 4757376, "Max Hash Buckets": 524288, "Min Hash Buckets": 524288, "Max Hash Batches": 1, "Min Hash Batches": 1, "Max Original Hash Batches": 1, "Min Original Hash Batches": 1, "Max Peak Memory Usage": 23216, "min Peak Memory Usage": 23216, "Plans": [{"Node Type": "Streaming(type: BROADCAST dop: 16/16)", "Parent Relationship": "Outer", "Startup Cost": 0.0, "Total Cost": 125946.91, "Plan Rows": 4733504, "Plan Width": 44, "Actual Min Startup Time": 10.053, "Actual Max Startup Time": 11.842, "Actual Min Total Time": 402.657, "Actual Max Total Time": 419.53, "Actual Total Rows": 4757376, "Plans": [{"Node Type": "Index Scan", "Parent Relationship": "Outer", "Scan Direction": "Forward", "Index Name": "part_kpey", "Relation Name": "part", "Alias": "part", "Startup Cost": 0.0, "Total Cost": 98928.25, "Plan Rows": 295844, "Plan Width": 44, "Actual Min Startup Time": 11.768, "Actual Max Startup Time": 86.127, "Actual Min Total Time": 163.258, "Actual Max Total Time": 249.032, "Actual Total Rows": 297336, "Filter": "((p_brand <> 'Brand#34'::bpchar) AND ((p_type)::text !~~ 'LARGE BRUSHED%'::text) AND (p_size = ANY ('{48,19,12,4,41,7,21,39}'::integer[]))), (LLVM Optimized, Jit Execute)", "Rows Removed by Filter": 1702664}]}]}]}, {"Node Type": "Hash", "Parent Relationship": "Inner", "Startup Cost": 20588.0, "Total Cost": 20588.0, "Plan Rows": 160, "Plan Width": 8, "Actual Min Startup Time": 0.048, "Actual Max Startup Time": 92.028, "Actual Min Total Time": 0.048, "Actual Max Total Time": 92.028, "Actual Total Rows": 896, "Max Hash Buckets": 32768, "Min Hash Buckets": 32768, "Max Hash Batches": 1, "Min Hash Batches": 1, "Max Original Hash Batches": 1, "Min Original Hash Batches": 1, "Max Peak Memory Usage": 3, "min Peak Memory Usage": 3, "Plans": [{"Node Type": "Streaming(type: BROADCAST dop: 16/1)", "Parent Relationship": "Outer", "Startup Cost": 0.0, "Total Cost": 20588.0, "Plan Rows": 160, "Plan Width": 8, "Actual Min Startup Time": 0.021, "Actual Max Startup Time": 91.779, "Actual Min Total Time": 0.024, "Actual Max Total Time": 91.786, "Actual Total Rows": 896, "Plans": [{"Node Type": "Index Scan", "Parent Relationship": "Outer", "Scan Direction": "Forward", "Index Name": "supplier_pkey", "Relation Name": "supplier", "Alias": "supplier", "Startup Cost": 0.0, "Total Cost": 5584.54, "Plan Rows": 10, "Plan Width": 8, "Actual Min Startup Time": 0.422, "Actual Max Startup Time": 0.422, "Actual Min Total Time": 88.316, "Actual Max Total Time": 88.316, "Actual Total Rows": 56, "Filter": "((s_comment)::text ~~ '%Customer%Complaints%'::text)", "Rows Removed by Filter": 99944}]}]}]}]}]}]}]}]}, "Triggers": [], "Planner Runtime": 1.876, "Total Runtime": 1643.998, "Unique SQL Id": 1437012347}}, "(16, 14)": {"explain_plan": {"Plan": {"Node Type": "Sort", "Startup Cost": 144484.63, "Total Cost": 144553.97, "Plan Rows": 27736, "Plan Width": 60, "Sort Key": ["(count(partsupp.ps_suppkey)) DESC", "part.p_brand", "part.p_type", "part.p_size"], "Plans": [{"Node Type": "Streaming(type: LOCAL GATHER dop: 1/16)", "Parent Relationship": "Outer", "Startup Cost": 142139.85, "Total Cost": 142437.78, "Plan Rows": 27736, "Plan Width": 60, "Plans": [{"Node Type": "Aggregate", "Strategy": "Hashed", "Parent Relationship": "Outer", "Startup Cost": 142139.85, "Total Cost": 142157.19, "Plan Rows": 27736, "Plan Width": 60, "Group By Key": ["part.p_brand", "part.p_type", "part.p_size"], "Plans": [{"Node Type": "Aggregate", "Strategy": "Hashed", "Parent Relationship": "Outer", "Startup Cost": 141071.59, "Total Cost": 141605.72, "Plan Rows": 854611, "Plan Width": 52, "Group By Key": ["part.p_brand", "part.p_type", "part.p_size", "partsupp.ps_suppkey"], "Plans": [{"Node Type": "Streaming(type: LOCAL REDISTRIBUTE dop: 16/16)", "Parent Relationship": "Outer", "Startup Cost": 69999.79, "Total Cost": 140403.93, "Plan Rows": 854611, "Plan Width": 44, "Plans": [{"Node Type": "Hash Join", "Parent Relationship": "Outer", "Join Type": "Anti", "Startup Cost": 69999.79, "Total Cost": 104950.92, "Plan Rows": 854611, "Plan Width": 44, "Inner Unique": false, "Hash Cond": "(partsupp.ps_suppkey = supplier.s_suppkey), (LLVM Optimized)", "Plans": [{"Node Type": "Hash Join", "Parent Relationship": "Outer", "Join Type": "Inner", "Startup Cost": 51463.21, "Total Cost": 85746.67, "Plan Rows": 854625, "Plan Width": 44, "Inner Unique": true, "Hash Cond": "(partsupp.ps_partkey = part.p_partkey), (LLVM Optimized)", "Plans": [{"Node Type": "Seq Scan", "Parent Relationship": "Outer", "Relation Name": "partsupp", "Alias": "partsupp", "Startup Cost": 0.0, "Total Cost": 31874.23, "Plan Rows": 8000372, "Plan Width": 16}, {"Node Type": "Hash", "Parent Relationship": "Inner", "Startup Cost": 47765.16, "Total Cost": 47765.16, "Plan Rows": 4733504, "Plan Width": 44, "Plans": [{"Node Type": "Streaming(type: BROADCAST dop: 16/16)", "Parent Relationship": "Outer", "Startup Cost": 0.0, "Total Cost": 47765.16, "Plan Rows": 4733504, "Plan Width": 44, "Plans": [{"Node Type": "Seq Scan", "Parent Relationship": "Outer", "Relation Name": "part", "Alias": "part", "Startup Cost": 0.0, "Total Cost": 20746.5, "Plan Rows": 295844, "Plan Width": 44, "Filter": "((p_brand <> 'Brand#34'::bpchar) AND ((p_type)::text !~~ 'LARGE BRUSHED%'::text) AND (p_size = ANY ('{48,19,12,4,41,7,21,39}'::integer[]))), (LLVM Optimized)"}]}]}]}, {"Node Type": "Hash", "Parent Relationship": "Inner", "Startup Cost": 18536.45, "Total Cost": 18536.45, "Plan Rows": 160, "Plan Width": 8, "Plans": [{"Node Type": "Streaming(type: BROADCAST dop: 16/1)", "Parent Relationship": "Outer", "Startup Cost": 0.0, "Total Cost": 18536.45, "Plan Rows": 160, "Plan Width": 8, "Plans": [{"Node Type": "Seq Scan", "Parent Relationship": "Outer", "Relation Name": "supplier", "Alias": "supplier", "Startup Cost": 0.0, "Total Cost": 3533.0, "Plan Rows": 10, "Plan Width": 8, "Filter": "((s_comment)::text ~~ '%Customer%Complaints%'::text)"}]}]}]}]}]}]}]}]}, "Unique SQL Id": 1437012347}, "explain_analyze_plan": {"Plan": {"Node Type": "Sort", "Startup Cost": 144484.63, "Total Cost": 144553.97, "Plan Rows": 27736, "Plan Width": 60, "Actual Min Startup Time": 1200.331, "Actual Max Startup Time": 1200.331, "Actual Min Total Time": 1203.099, "Actual Max Total Time": 1203.099, "Actual Total Rows": 27838, "Sort Key": ["(count(partsupp.ps_suppkey)) DESC", "part.p_brand", "part.p_type", "part.p_size"], "Sort Method": "quicksort", "Sort Space Min Used": 3402, "Sort Space Max Used": 3402, "Sort Space Type": "Memory", "Plans": [{"Node Type": "Streaming(type: LOCAL GATHER dop: 1/16)", "Parent Relationship": "Outer", "Startup Cost": 142139.85, "Total Cost": 142437.78, "Plan Rows": 27736, "Plan Width": 60, "Actual Min Startup Time": 941.122, "Actual Max Startup Time": 941.122, "Actual Min Total Time": 1112.365, "Actual Max Total Time": 1112.365, "Actual Total Rows": 27838, "Plans": [{"Node Type": "Aggregate", "Strategy": "Hashed", "Parent Relationship": "Outer", "Startup Cost": 142139.85, "Total Cost": 142157.19, "Plan Rows": 27736, "Plan Width": 60, "Actual Min Startup Time": 768.112, "Actual Max Startup Time": 989.65, "Actual Min Total Time": 768.112, "Actual Max Total Time": 990.899, "Actual Total Rows": 27838, "Group By Key": ["part.p_brand", "part.p_type", "part.p_size"], "Plans": [{"Node Type": "Aggregate", "Strategy": "Hashed", "Parent Relationship": "Outer", "Startup Cost": 141071.59, "Total Cost": 141605.72, "Plan Rows": 854611, "Plan Width": 52, "Actual Min Startup Time": 767.134, "Actual Max Startup Time": 831.536, "Actual Min Total Time": 768.05, "Actual Max Total Time": 863.759, "Actual Total Rows": 1188428, "Group By Key": ["part.p_brand", "part.p_type", "part.p_size", "partsupp.ps_suppkey"], "Plans": [{"Node Type": "Streaming(type: LOCAL REDISTRIBUTE dop: 16/16)", "Parent Relationship": "Outer", "Startup Cost": 69999.79, "Total Cost": 140403.93, "Plan Rows": 854611, "Plan Width": 44, "Actual Min Startup Time": 323.271, "Actual Max Startup Time": 773.136, "Actual Min Total Time": 614.546, "Actual Max Total Time": 773.136, "Actual Total Rows": 1188666, "Plans": [{"Node Type": "Hash Join", "Parent Relationship": "Outer", "Join Type": "Anti", "Startup Cost": 69999.79, "Total Cost": 104950.92, "Plan Rows": 854611, "Plan Width": 44, "Actual Min Startup Time": 319.56, "Actual Max Startup Time": 404.165, "Actual Min Total Time": 620.607, "Actual Max Total Time": 716.832, "Actual Total Rows": 1188666, "Inner Unique": false, "Hash Cond": "(partsupp.ps_suppkey = supplier.s_suppkey), (LLVM Optimized, Jit Execute)", "Plans": [{"Node Type": "Hash Join", "Parent Relationship": "Outer", "Join Type": "Inner", "Startup Cost": 51463.21, "Total Cost": 85746.67, "Plan Rows": 854625, "Plan Width": 44, "Actual Min Startup Time": 319.47, "Actual Max Startup Time": 342.856, "Actual Min Total Time": 598.59, "Actual Max Total Time": 634.107, "Actual Total Rows": 1189344, "Inner Unique": true, "Hash Cond": "(partsupp.ps_partkey = part.p_partkey), (LLVM Optimized, Jit Execute)", "Plans": [{"Node Type": "Seq Scan", "Parent Relationship": "Outer", "Relation Name": "partsupp", "Alias": "partsupp", "Startup Cost": 0.0, "Total Cost": 31874.23, "Plan Rows": 8000372, "Plan Width": 16, "Actual Min Startup Time": 0.023, "Actual Max Startup Time": 0.038, "Actual Min Total Time": 151.039, "Actual Max Total Time": 162.82, "Actual Total Rows": 8000000}, {"Node Type": "Hash", "Parent Relationship": "Inner", "Startup Cost": 47765.16, "Total Cost": 47765.16, "Plan Rows": 4733504, "Plan Width": 44, "Actual Min Startup Time": 319.067, "Actual Max Startup Time": 342.372, "Actual Min Total Time": 319.067, "Actual Max Total Time": 342.372, "Actual Total Rows": 4757376, "Max Hash Buckets": 524288, "Min Hash Buckets": 524288, "Max Hash Batches": 1, "Min Hash Batches": 1, "Max Original Hash Batches": 1, "Min Original Hash Batches": 1, "Max Peak Memory Usage": 23216, "min Peak Memory Usage": 23216, "Plans": [{"Node Type": "Streaming(type: BROADCAST dop: 16/16)", "Parent Relationship": "Outer", "Startup Cost": 0.0, "Total Cost": 47765.16, "Plan Rows": 4733504, "Plan Width": 44, "Actual Min Startup Time": 0.037, "Actual Max Startup Time": 0.092, "Actual Min Total Time": 218.869, "Actual Max Total Time": 242.54, "Actual Total Rows": 4757376, "Plans": [{"Node Type": "Seq Scan", "Parent Relationship": "Outer", "Relation Name": "part", "Alias": "part", "Startup Cost": 0.0, "Total Cost": 20746.5, "Plan Rows": 295844, "Plan Width": 44, "Actual Min Startup Time": 0.033, "Actual Max Startup Time": 0.07, "Actual Min Total Time": 102.838, "Actual Max Total Time": 108.172, "Actual Total Rows": 297336, "Filter": "((p_brand <> 'Brand#34'::bpchar) AND ((p_type)::text !~~ 'LARGE BRUSHED%'::text) AND (p_size = ANY ('{48,19,12,4,41,7,21,39}'::integer[]))), (LLVM Optimized, Jit Execute)", "Rows Removed by Filter": 1702664}]}]}]}, {"Node Type": "Hash", "Parent Relationship": "Inner", "Startup Cost": 18536.45, "Total Cost": 18536.45, "Plan Rows": 160, "Plan Width": 8, "Actual Min Startup Time": 0.041, "Actual Max Startup Time": 61.248, "Actual Min Total Time": 0.041, "Actual Max Total Time": 61.248, "Actual Total Rows": 896, "Max Hash Buckets": 32768, "Min Hash Buckets": 32768, "Max Hash Batches": 1, "Min Hash Batches": 1, "Max Original Hash Batches": 1, "Min Original Hash Batches": 1, "Max Peak Memory Usage": 3, "min Peak Memory Usage": 3, "Plans": [{"Node Type": "Streaming(type: BROADCAST dop: 16/1)", "Parent Relationship": "Outer", "Startup Cost": 0.0, "Total Cost": 18536.45, "Plan Rows": 160, "Plan Width": 8, "Actual Min Startup Time": 0.012, "Actual Max Startup Time": 61.212, "Actual Min Total Time": 0.014, "Actual Max Total Time": 61.215, "Actual Total Rows": 896, "Plans": [{"Node Type": "Seq Scan", "Parent Relationship": "Outer", "Relation Name": "supplier", "Alias": "supplier", "Startup Cost": 0.0, "Total Cost": 3533.0, "Plan Rows": 10, "Plan Width": 8, "Actual Min Startup Time": 0.248, "Actual Max Startup Time": 0.248, "Actual Min Total Time": 52.934, "Actual Max Total Time": 52.934, "Actual Total Rows": 56, "Filter": "((s_comment)::text ~~ '%Customer%Complaints%'::text)", "Rows Removed by Filter": 99944}]}]}]}]}]}]}]}]}, "Triggers": [], "Planner Runtime": 1.74, "Total Runtime": 1224.55, "Unique SQL Id": 1437012347}}, "(16, 15)": {"explain_plan": {"Plan": {"Node Type": "Sort", "Startup Cost": 3000070847906.47, "Total Cost": 3000070847975.81, "Plan Rows": 27736, "Plan Width": 60, "Sort Key": ["(count(partsupp.ps_suppkey)) DESC", "part.p_brand", "part.p_type", "part.p_size"], "Plans": [{"Node Type": "Aggregate", "Strategy": "Hashed", "Parent Relationship": "Outer", "Startup Cost": 3000070845582.27, "Total Cost": 3000070845859.63, "Plan Rows": 27736, "Plan Width": 60, "Group By Key": ["part.p_brand", "part.p_type", "part.p_size"], "Plans": [{"Node Type": "Aggregate", "Strategy": "Hashed", "Parent Relationship": "Outer", "Startup Cost": 3000070845027.55, "Total Cost": 3000070845304.91, "Plan Rows": 27736, "Plan Width": 52, "Group By Key": ["part.p_brand", "part.p_type", "part.p_size", "partsupp.ps_suppkey"], "Plans": [{"Node Type": "Nested Loop", "Parent Relationship": "Outer", "Join Type": "Anti", "Startup Cost": 30017325448.43, "Total Cost": 3000070834344.91, "Plan Rows": 854611, "Plan Width": 44, "Inner Unique": false, "Join Filter": "(partsupp.ps_suppkey = supplier.s_suppkey), (LLVM Optimized)", "Plans": [{"Node Type": "Merge Join", "Parent Relationship": "Outer", "Join Type": "Inner", "Startup Cost": 20017325448.43, "Total Cost": 2000070147697.04, "Plan Rows": 854625, "Plan Width": 44, "Inner Unique": false, "Merge Cond": "(part.p_partkey = partsupp.ps_partkey)", "Plans": [{"Node Type": "Index Scan", "Parent Relationship": "Outer", "Scan Direction": "Forward", "Index Name": "part_kpey", "Relation Name": "part", "Alias": "part", "Startup Cost": 10000000000.0, "Total Cost": 1000013080325.0, "Plan Rows": 295844, "Plan Width": 44, "Filter": "((p_brand <> 'Brand#34'::bpchar) AND ((p_type)::text !~~ 'LARGE BRUSHED%'::text) AND (p_size = ANY ('{48,19,12,4,41,7,21,39}'::integer[]))), (LLVM Optimized)"}, {"Node Type": "Index Scan", "Parent Relationship": "Inner", "Scan Direction": "Forward", "Index Name": "partsupp_pkey", "Relation Name": "partsupp", "Alias": "partsupp", "Startup Cost": 10000000000.0, "Total Cost": 1000071640963.22, "Plan Rows": 8000372, "Plan Width": 16}]}, {"Node Type": "Materialize", "Parent Relationship": "Inner", "Startup Cost": 10000000000.0, "Total Cost": 1000000558454.43, "Plan Rows": 10, "Plan Width": 8, "Plans": [{"Node Type": "Index Scan", "Parent Relationship": "Outer", "Scan Direction": "Forward", "Index Name": "supplier_pkey", "Relation Name": "supplier", "Alias": "supplier", "Startup Cost": 10000000000.0, "Total Cost": 1000000558454.38, "Plan Rows": 10, "Plan Width": 8, "Filter": "((s_comment)::text ~~ '%Customer%Complaints%'::text)"}]}]}]}]}]}, "Unique SQL Id": 1437012347}, "explain_analyze_plan": null}, "(16, 16)": {"explain_plan": {"Plan": {"Node Type": "Sort", "Startup Cost": 390352.15, "Total Cost": 390421.49, "Plan Rows": 27736, "Plan Width": 60, "Sort Key": ["(count(partsupp.ps_suppkey)) DESC", "part.p_brand", "part.p_type", "part.p_size"], "Plans": [{"Node Type": "Aggregate", "Strategy": "Hashed", "Parent Relationship": "Outer", "Startup Cost": 388027.95, "Total Cost": 388305.31, "Plan Rows": 27736, "Plan Width": 60, "Group By Key": ["part.p_brand", "part.p_type", "part.p_size"], "Plans": [{"Node Type": "Aggregate", "Strategy": "Hashed", "Parent Relationship": "Outer", "Startup Cost": 387473.23, "Total Cost": 387750.59, "Plan Rows": 27736, "Plan Width": 52, "Group By Key": ["part.p_brand", "part.p_type", "part.p_size", "partsupp.ps_suppkey"], "Plans": [{"Node Type": "Merge Join", "Parent Relationship": "Outer", "Join Type": "Anti", "Startup Cost": 372517.18, "Total Cost": 376790.59, "Plan Rows": 854611, "Plan Width": 44, "Inner Unique": false, "Merge Cond": "(partsupp.ps_suppkey = supplier.s_suppkey)", "Plans": [{"Node Type": "Sort", "Parent Relationship": "Outer", "Startup Cost": 368984.01, "Total Cost": 371120.57, "Plan Rows": 854625, "Plan Width": 44, "Sort Key": ["partsupp.ps_suppkey"], "Plans": [{"Node Type": "Nested Loop", "Parent Relationship": "Outer", "Join Type": "Inner", "Startup Cost": 0.0, "Total Cost": 284782.37, "Plan Rows": 854625, "Plan Width": 44, "Inner Unique": false, "Plans": [{"Node Type": "Streaming(type: LOCAL GATHER dop: 1/16)", "Parent Relationship": "Outer", "Startup Cost": 0.0, "Total Cost": 27131.41, "Plan Rows": 295844, "Plan Width": 44, "Plans": [{"Node Type": "Seq Scan", "Parent Relationship": "Outer", "Relation Name": "part", "Alias": "part", "Startup Cost": 0.0, "Total Cost": 20746.5, "Plan Rows": 295844, "Plan Width": 44, "Filter": "((p_brand <> 'Brand#34'::bpchar) AND ((p_type)::text !~~ 'LARGE BRUSHED%'::text) AND (p_size = ANY ('{48,19,12,4,41,7,21,39}'::integer[]))), (LLVM Optimized)"}]}, {"Node Type": "Index Only Scan", "Parent Relationship": "Inner", "Scan Direction": "Forward", "Index Name": "partsupp_pkey", "Relation Name": "partsupp", "Alias": "partsupp", "Startup Cost": 0.0, "Total Cost": 0.84, "Plan Rows": 3, "Plan Width": 16, "Index Cond": "(ps_partkey = part.p_partkey)"}]}]}, {"Node Type": "Sort", "Parent Relationship": "Inner", "Startup Cost": 3533.17, "Total Cost": 3533.19, "Plan Rows": 10, "Plan Width": 8, "Sort Key": ["supplier.s_suppkey"], "Plans": [{"Node Type": "Seq Scan", "Parent Relationship": "Outer", "Relation Name": "supplier", "Alias": "supplier", "Startup Cost": 0.0, "Total Cost": 3533.0, "Plan Rows": 10, "Plan Width": 8, "Filter": "((s_comment)::text ~~ '%Customer%Complaints%'::text)"}]}]}]}]}]}, "Unique SQL Id": 1437012347}, "explain_analyze_plan": null}, "(16, 17)": {"explain_plan": {"Plan": {"Node Type": "Sort", "Startup Cost": 470585.28, "Total Cost": 470654.62, "Plan Rows": 27736, "Plan Width": 60, "Sort Key": ["(count(partsupp.ps_suppkey)) DESC", "part.p_brand", "part.p_type", "part.p_size"], "Plans": [{"Node Type": "Aggregate", "Strategy": "Hashed", "Parent Relationship": "Outer", "Startup Cost": 468261.07, "Total Cost": 468538.43, "Plan Rows": 27736, "Plan Width": 60, "Group By Key": ["part.p_brand", "part.p_type", "part.p_size"], "Plans": [{"Node Type": "Aggregate", "Strategy": "Hashed", "Parent Relationship": "Outer", "Startup Cost": 467706.35, "Total Cost": 467983.71, "Plan Rows": 27736, "Plan Width": 52, "Group By Key": ["part.p_brand", "part.p_type", "part.p_size", "partsupp.ps_suppkey"], "Plans": [{"Node Type": "Merge Join", "Parent Relationship": "Outer", "Join Type": "Anti", "Startup Cost": 447165.76, "Total Cost": 457023.72, "Plan Rows": 854611, "Plan Width": 44, "Inner Unique": false, "Merge Cond": "(partsupp.ps_suppkey = supplier.s_suppkey)", "Plans": [{"Node Type": "Sort", "Parent Relationship": "Outer", "Startup Cost": 447165.76, "Total Cost": 449302.32, "Plan Rows": 854625, "Plan Width": 44, "Sort Key": ["partsupp.ps_suppkey"], "Plans": [{"Node Type": "Nested Loop", "Parent Relationship": "Outer", "Join Type": "Inner", "Startup Cost": 0.0, "Total Cost": 362964.12, "Plan Rows": 854625, "Plan Width": 44, "Inner Unique": false, "Plans": [{"Node Type": "Streaming(type: LOCAL GATHER dop: 1/16)", "Parent Relationship": "Outer", "Startup Cost": 0.0, "Total Cost": 105313.16, "Plan Rows": 295844, "Plan Width": 44, "Plans": [{"Node Type": "Index Scan", "Parent Relationship": "Outer", "Scan Direction": "Forward", "Index Name": "part_kpey", "Relation Name": "part", "Alias": "part", "Startup Cost": 0.0, "Total Cost": 98928.25, "Plan Rows": 295844, "Plan Width": 44, "Filter": "((p_brand <> 'Brand#34'::bpchar) AND ((p_type)::text !~~ 'LARGE BRUSHED%'::text) AND (p_size = ANY ('{48,19,12,4,41,7,21,39}'::integer[]))), (LLVM Optimized)"}]}, {"Node Type": "Index Only Scan", "Parent Relationship": "Inner", "Scan Direction": "Forward", "Index Name": "partsupp_pkey", "Relation Name": "partsupp", "Alias": "partsupp", "Startup Cost": 0.0, "Total Cost": 0.84, "Plan Rows": 3, "Plan Width": 16, "Index Cond": "(ps_partkey = part.p_partkey)"}]}]}, {"Node Type": "Materialize", "Parent Relationship": "Inner", "Startup Cost": 0.0, "Total Cost": 5584.57, "Plan Rows": 10, "Plan Width": 8, "Plans": [{"Node Type": "Index Scan", "Parent Relationship": "Outer", "Scan Direction": "Forward", "Index Name": "supplier_pkey", "Relation Name": "supplier", "Alias": "supplier", "Startup Cost": 0.0, "Total Cost": 5584.54, "Plan Rows": 10, "Plan Width": 8, "Filter": "((s_comment)::text ~~ '%Customer%Complaints%'::text)"}]}]}]}]}]}, "Unique SQL Id": 1437012347}, "explain_analyze_plan": null}, "(16, 18)": {"explain_plan": {"Plan": {"Node Type": "Sort", "Startup Cost": 1538378.03, "Total Cost": 1538447.37, "Plan Rows": 27736, "Plan Width": 60, "Sort Key": ["(count(partsupp.ps_suppkey)) DESC", "part.p_brand", "part.p_type", "part.p_size"], "Plans": [{"Node Type": "Aggregate", "Strategy": "Hashed", "Parent Relationship": "Outer", "Startup Cost": 1536053.83, "Total Cost": 1536331.19, "Plan Rows": 27736, "Plan Width": 60, "Group By Key": ["part.p_brand", "part.p_type", "part.p_size"], "Plans": [{"Node Type": "Aggregate", "Strategy": "Hashed", "Parent Relationship": "Outer", "Startup Cost": 1535499.11, "Total Cost": 1535776.47, "Plan Rows": 27736, "Plan Width": 52, "Group By Key": ["part.p_brand", "part.p_type", "part.p_size", "partsupp.ps_suppkey"], "Plans": [{"Node Type": "Merge Join", "Parent Relationship": "Outer", "Join Type": "Anti", "Startup Cost": 1520543.06, "Total Cost": 1524816.47, "Plan Rows": 854611, "Plan Width": 44, "Inner Unique": false, "Merge Cond": "(partsupp.ps_suppkey = supplier.s_suppkey)", "Plans": [{"Node Type": "Sort", "Parent Relationship": "Outer", "Startup Cost": 1517009.89, "Total Cost": 1519146.46, "Plan Rows": 854625, "Plan Width": 44, "Sort Key": ["partsupp.ps_suppkey"], "Plans": [{"Node Type": "Nested Loop", "Parent Relationship": "Outer", "Join Type": "Inner", "Startup Cost": 0.68, "Total Cost": 1432808.26, "Plan Rows": 854625, "Plan Width": 44, "Inner Unique": false, "Plans": [{"Node Type": "Streaming(type: LOCAL GATHER dop: 1/16)", "Parent Relationship": "Outer", "Startup Cost": 0.0, "Total Cost": 27131.41, "Plan Rows": 295844, "Plan Width": 44, "Plans": [{"Node Type": "Seq Scan", "Parent Relationship": "Outer", "Relation Name": "part", "Alias": "part", "Startup Cost": 0.0, "Total Cost": 20746.5, "Plan Rows": 295844, "Plan Width": 44, "Filter": "((p_brand <> 'Brand#34'::bpchar) AND ((p_type)::text !~~ 'LARGE BRUSHED%'::text) AND (p_size = ANY ('{48,19,12,4,41,7,21,39}'::integer[]))), (LLVM Optimized)"}]}, {"Node Type": "Bitmap Heap Scan", "Parent Relationship": "Inner", "Relation Name": "partsupp", "Alias": "partsupp", "Startup Cost": 0.68, "Total Cost": 4.72, "Plan Rows": 3, "Plan Width": 16, "Recheck Cond": "(ps_partkey = part.p_partkey)", "Plans": [{"Node Type": "Bitmap Index Scan", "Parent Relationship": "Outer", "Index Name": "idx_partsupp_partkey", "Startup Cost": 0.0, "Total Cost": 0.68, "Plan Rows": 3, "Plan Width": 0, "Index Cond": "(ps_partkey = part.p_partkey)"}]}]}]}, {"Node Type": "Sort", "Parent Relationship": "Inner", "Startup Cost": 3533.17, "Total Cost": 3533.19, "Plan Rows": 10, "Plan Width": 8, "Sort Key": ["supplier.s_suppkey"], "Plans": [{"Node Type": "Seq Scan", "Parent Relationship": "Outer", "Relation Name": "supplier", "Alias": "supplier", "Startup Cost": 0.0, "Total Cost": 3533.0, "Plan Rows": 10, "Plan Width": 8, "Filter": "((s_comment)::text ~~ '%Customer%Complaints%'::text)"}]}]}]}]}]}, "Unique SQL Id": 1437012347}, "explain_analyze_plan": null}, "(16, 19)": {"explain_plan": {"Plan": {"Node Type": "Sort", "Startup Cost": 1644169.08, "Total Cost": 1644238.42, "Plan Rows": 27736, "Plan Width": 60, "Sort Key": ["(count(partsupp.ps_suppkey)) DESC", "part.p_brand", "part.p_type", "part.p_size"], "Plans": [{"Node Type": "Aggregate", "Strategy": "Hashed", "Parent Relationship": "Outer", "Startup Cost": 1641844.88, "Total Cost": 1642122.24, "Plan Rows": 27736, "Plan Width": 60, "Group By Key": ["part.p_brand", "part.p_type", "part.p_size"], "Plans": [{"Node Type": "Aggregate", "Strategy": "Hashed", "Parent Relationship": "Outer", "Startup Cost": 1641290.16, "Total Cost": 1641567.52, "Plan Rows": 27736, "Plan Width": 52, "Group By Key": ["part.p_brand", "part.p_type", "part.p_size", "partsupp.ps_suppkey"], "Plans": [{"Node Type": "Merge Join", "Parent Relationship": "Outer", "Join Type": "Anti", "Startup Cost": 1626334.11, "Total Cost": 1630607.52, "Plan Rows": 854611, "Plan Width": 44, "Inner Unique": false, "Merge Cond": "(partsupp.ps_suppkey = supplier.s_suppkey)", "Plans": [{"Node Type": "Sort", "Parent Relationship": "Outer", "Startup Cost": 1620752.69, "Total Cost": 1622889.25, "Plan Rows": 854625, "Plan Width": 44, "Sort Key": ["partsupp.ps_suppkey"], "Plans": [{"Node Type": "Nested Loop", "Parent Relationship": "Outer", "Join Type": "Inner", "Startup Cost": 38930.89, "Total Cost": 1536551.05, "Plan Rows": 854625, "Plan Width": 44, "Inner Unique": false, "Plans": [{"Node Type": "Bitmap Heap Scan", "Parent Relationship": "Outer", "Relation Name": "part", "Alias": "part", "Startup Cost": 38930.21, "Total Cost": 130874.21, "Plan Rows": 295844, "Plan Width": 44, "Filter": "((p_brand <> 'Brand#34'::bpchar) AND ((p_type)::text !~~ 'LARGE BRUSHED%'::text) AND (p_size = ANY ('{48,19,12,4,41,7,21,39}'::integer[]))), (LLVM Optimized)", "Plans": [{"Node Type": "Bitmap Index Scan", "Parent Relationship": "Outer", "Index Name": "part_kpey", "Startup Cost": 0.0, "Total Cost": 38856.25, "Plan Rows": 2000000, "Plan Width": 0}]}, {"Node Type": "Bitmap Heap Scan", "Parent Relationship": "Inner", "Relation Name": "partsupp", "Alias": "partsupp", "Startup Cost": 0.68, "Total Cost": 4.72, "Plan Rows": 3, "Plan Width": 16, "Recheck Cond": "(ps_partkey = part.p_partkey)", "Plans": [{"Node Type": "Bitmap Index Scan", "Parent Relationship": "Outer", "Index Name": "idx_partsupp_partkey", "Startup Cost": 0.0, "Total Cost": 0.68, "Plan Rows": 3, "Plan Width": 0, "Index Cond": "(ps_partkey = part.p_partkey)"}]}]}]}, {"Node Type": "Sort", "Parent Relationship": "Inner", "Startup Cost": 5581.42, "Total Cost": 5581.44, "Plan Rows": 10, "Plan Width": 8, "Sort Key": ["supplier.s_suppkey"], "Plans": [{"Node Type": "Bitmap Heap Scan", "Parent Relationship": "Outer", "Relation Name": "supplier", "Alias": "supplier", "Startup Cost": 2048.25, "Total Cost": 5581.25, "Plan Rows": 10, "Plan Width": 8, "Filter": "((s_comment)::text ~~ '%Customer%Complaints%'::text)", "Plans": [{"Node Type": "Bitmap Index Scan", "Parent Relationship": "Outer", "Index Name": "supplier_pkey", "Startup Cost": 0.0, "Total Cost": 2048.25, "Plan Rows": 100000, "Plan Width": 0}]}]}]}]}]}]}, "Unique SQL Id": 1437012347}, "explain_analyze_plan": null}, "(16, 20)": {"explain_plan": {"Plan": {"Node Type": "Sort", "Startup Cost": 697138.19, "Total Cost": 697207.53, "Plan Rows": 27736, "Plan Width": 60, "Sort Key": ["(count(partsupp.ps_suppkey)) DESC", "part.p_brand", "part.p_type", "part.p_size"], "Plans": [{"Node Type": "Aggregate", "Strategy": "Hashed", "Parent Relationship": "Outer", "Startup Cost": 694813.99, "Total Cost": 695091.35, "Plan Rows": 27736, "Plan Width": 60, "Group By Key": ["part.p_brand", "part.p_type", "part.p_size"], "Plans": [{"Node Type": "Aggregate", "Strategy": "Hashed", "Parent Relationship": "Outer", "Startup Cost": 694259.27, "Total Cost": 694536.63, "Plan Rows": 27736, "Plan Width": 52, "Group By Key": ["part.p_brand", "part.p_type", "part.p_size", "partsupp.ps_suppkey"], "Plans": [{"Node Type": "Merge Join", "Parent Relationship": "Outer", "Join Type": "Anti", "Startup Cost": 679303.22, "Total Cost": 683576.63, "Plan Rows": 854611, "Plan Width": 44, "Inner Unique": false, "Merge Cond": "(partsupp.ps_suppkey = supplier.s_suppkey)", "Plans": [{"Node Type": "Sort", "Parent Relationship": "Outer", "Startup Cost": 675770.05, "Total Cost": 677906.61, "Plan Rows": 854625, "Plan Width": 44, "Sort Key": ["partsupp.ps_suppkey"], "Plans": [{"Node Type": "Merge Join", "Parent Relationship": "Outer", "Join Type": "Inner", "Startup Cost": 7.9, "Total Cost": 591568.41, "Plan Rows": 854625, "Plan Width": 44, "Inner Unique": false, "Merge Cond": "(part.p_partkey = partsupp.ps_partkey)", "Plans": [{"Node Type": "Index Scan", "Parent Relationship": "Outer", "Scan Direction": "Forward", "Index Name": "part_kpey", "Relation Name": "part", "Alias": "part", "Startup Cost": 0.0, "Total Cost": 130803.25, "Plan Rows": 295844, "Plan Width": 44, "Filter": "((p_brand <> 'Brand#34'::bpchar) AND ((p_type)::text !~~ 'LARGE BRUSHED%'::text) AND (p_size = ANY ('{48,19,12,4,41,7,21,39}'::integer[]))), (LLVM Optimized)"}, {"Node Type": "Index Scan", "Parent Relationship": "Inner", "Scan Direction": "Forward", "Index Name": "idx_partsupp_partkey", "Relation Name": "partsupp", "Alias": "partsupp", "Startup Cost": 0.0, "Total Cost": 431485.03, "Plan Rows": 8000372, "Plan Width": 16}]}]}, {"Node Type": "Sort", "Parent Relationship": "Inner", "Startup Cost": 3533.17, "Total Cost": 3533.19, "Plan Rows": 10, "Plan Width": 8, "Sort Key": ["supplier.s_suppkey"], "Plans": [{"Node Type": "Seq Scan", "Parent Relationship": "Outer", "Relation Name": "supplier", "Alias": "supplier", "Startup Cost": 0.0, "Total Cost": 3533.0, "Plan Rows": 10, "Plan Width": 8, "Filter": "((s_comment)::text ~~ '%Customer%Complaints%'::text)"}]}]}]}]}]}, "Unique SQL Id": 1437012347}, "explain_analyze_plan": null}, "(16, 21)": {"explain_plan": {"Plan": {"Node Type": "Sort", "Startup Cost": 699189.57, "Total Cost": 699258.91, "Plan Rows": 27736, "Plan Width": 60, "Sort Key": ["(count(partsupp.ps_suppkey)) DESC", "part.p_brand", "part.p_type", "part.p_size"], "Plans": [{"Node Type": "Aggregate", "Strategy": "Hashed", "Parent Relationship": "Outer", "Startup Cost": 696865.36, "Total Cost": 697142.72, "Plan Rows": 27736, "Plan Width": 60, "Group By Key": ["part.p_brand", "part.p_type", "part.p_size"], "Plans": [{"Node Type": "Aggregate", "Strategy": "Hashed", "Parent Relationship": "Outer", "Startup Cost": 696310.64, "Total Cost": 696588.0, "Plan Rows": 27736, "Plan Width": 52, "Group By Key": ["part.p_brand", "part.p_type", "part.p_size", "partsupp.ps_suppkey"], "Plans": [{"Node Type": "Merge Join", "Parent Relationship": "Outer", "Join Type": "Anti", "Startup Cost": 675770.05, "Total Cost": 685628.01, "Plan Rows": 854611, "Plan Width": 44, "Inner Unique": false, "Merge Cond": "(partsupp.ps_suppkey = supplier.s_suppkey)", "Plans": [{"Node Type": "Sort", "Parent Relationship": "Outer", "Startup Cost": 675770.05, "Total Cost": 677906.61, "Plan Rows": 854625, "Plan Width": 44, "Sort Key": ["partsupp.ps_suppkey"], "Plans": [{"Node Type": "Merge Join", "Parent Relationship": "Outer", "Join Type": "Inner", "Startup Cost": 7.9, "Total Cost": 591568.41, "Plan Rows": 854625, "Plan Width": 44, "Inner Unique": false, "Merge Cond": "(part.p_partkey = partsupp.ps_partkey)", "Plans": [{"Node Type": "Index Scan", "Parent Relationship": "Outer", "Scan Direction": "Forward", "Index Name": "part_kpey", "Relation Name": "part", "Alias": "part", "Startup Cost": 0.0, "Total Cost": 130803.25, "Plan Rows": 295844, "Plan Width": 44, "Filter": "((p_brand <> 'Brand#34'::bpchar) AND ((p_type)::text !~~ 'LARGE BRUSHED%'::text) AND (p_size = ANY ('{48,19,12,4,41,7,21,39}'::integer[]))), (LLVM Optimized)"}, {"Node Type": "Index Scan", "Parent Relationship": "Inner", "Scan Direction": "Forward", "Index Name": "idx_partsupp_partkey", "Relation Name": "partsupp", "Alias": "partsupp", "Startup Cost": 0.0, "Total Cost": 431485.03, "Plan Rows": 8000372, "Plan Width": 16}]}]}, {"Node Type": "Materialize", "Parent Relationship": "Inner", "Startup Cost": 0.0, "Total Cost": 5584.57, "Plan Rows": 10, "Plan Width": 8, "Plans": [{"Node Type": "Index Scan", "Parent Relationship": "Outer", "Scan Direction": "Forward", "Index Name": "supplier_pkey", "Relation Name": "supplier", "Alias": "supplier", "Startup Cost": 0.0, "Total Cost": 5584.54, "Plan Rows": 10, "Plan Width": 8, "Filter": "((s_comment)::text ~~ '%Customer%Complaints%'::text)"}]}]}]}]}]}, "Unique SQL Id": 1437012347}, "explain_analyze_plan": null}, "(16, 22)": {"explain_plan": {"Plan": {"Node Type": "Sort", "Startup Cost": 1538378.03, "Total Cost": 1538447.37, "Plan Rows": 27736, "Plan Width": 60, "Sort Key": ["(count(partsupp.ps_suppkey)) DESC", "part.p_brand", "part.p_type", "part.p_size"], "Plans": [{"Node Type": "Aggregate", "Strategy": "Hashed", "Parent Relationship": "Outer", "Startup Cost": 1536053.83, "Total Cost": 1536331.19, "Plan Rows": 27736, "Plan Width": 60, "Group By Key": ["part.p_brand", "part.p_type", "part.p_size"], "Plans": [{"Node Type": "Aggregate", "Strategy": "Hashed", "Parent Relationship": "Outer", "Startup Cost": 1535499.11, "Total Cost": 1535776.47, "Plan Rows": 27736, "Plan Width": 52, "Group By Key": ["part.p_brand", "part.p_type", "part.p_size", "partsupp.ps_suppkey"], "Plans": [{"Node Type": "Merge Join", "Parent Relationship": "Outer", "Join Type": "Anti", "Startup Cost": 1520543.06, "Total Cost": 1524816.47, "Plan Rows": 854611, "Plan Width": 44, "Inner Unique": false, "Merge Cond": "(partsupp.ps_suppkey = supplier.s_suppkey)", "Plans": [{"Node Type": "Sort", "Parent Relationship": "Outer", "Startup Cost": 1517009.89, "Total Cost": 1519146.46, "Plan Rows": 854625, "Plan Width": 44, "Sort Key": ["partsupp.ps_suppkey"], "Plans": [{"Node Type": "Nested Loop", "Parent Relationship": "Outer", "Join Type": "Inner", "Startup Cost": 0.68, "Total Cost": 1432808.26, "Plan Rows": 854625, "Plan Width": 44, "Inner Unique": false, "Plans": [{"Node Type": "Streaming(type: LOCAL GATHER dop: 1/16)", "Parent Relationship": "Outer", "Startup Cost": 0.0, "Total Cost": 27131.41, "Plan Rows": 295844, "Plan Width": 44, "Plans": [{"Node Type": "Seq Scan", "Parent Relationship": "Outer", "Relation Name": "part", "Alias": "part", "Startup Cost": 0.0, "Total Cost": 20746.5, "Plan Rows": 295844, "Plan Width": 44, "Filter": "((p_brand <> 'Brand#34'::bpchar) AND ((p_type)::text !~~ 'LARGE BRUSHED%'::text) AND (p_size = ANY ('{48,19,12,4,41,7,21,39}'::integer[]))), (LLVM Optimized)"}]}, {"Node Type": "Bitmap Heap Scan", "Parent Relationship": "Inner", "Relation Name": "partsupp", "Alias": "partsupp", "Startup Cost": 0.68, "Total Cost": 4.72, "Plan Rows": 3, "Plan Width": 16, "Recheck Cond": "(ps_partkey = part.p_partkey)", "Plans": [{"Node Type": "Bitmap Index Scan", "Parent Relationship": "Outer", "Index Name": "idx_partsupp_partkey", "Startup Cost": 0.0, "Total Cost": 0.68, "Plan Rows": 3, "Plan Width": 0, "Index Cond": "(ps_partkey = part.p_partkey)"}]}]}]}, {"Node Type": "Sort", "Parent Relationship": "Inner", "Startup Cost": 3533.17, "Total Cost": 3533.19, "Plan Rows": 10, "Plan Width": 8, "Sort Key": ["supplier.s_suppkey"], "Plans": [{"Node Type": "Seq Scan", "Parent Relationship": "Outer", "Relation Name": "supplier", "Alias": "supplier", "Startup Cost": 0.0, "Total Cost": 3533.0, "Plan Rows": 10, "Plan Width": 8, "Filter": "((s_comment)::text ~~ '%Customer%Complaints%'::text)"}]}]}]}]}]}, "Unique SQL Id": 1437012347}, "explain_analyze_plan": null}, "(16, 23)": {"explain_plan": {"Plan": {"Node Type": "Sort", "Startup Cost": 1644169.08, "Total Cost": 1644238.42, "Plan Rows": 27736, "Plan Width": 60, "Sort Key": ["(count(partsupp.ps_suppkey)) DESC", "part.p_brand", "part.p_type", "part.p_size"], "Plans": [{"Node Type": "Aggregate", "Strategy": "Hashed", "Parent Relationship": "Outer", "Startup Cost": 1641844.88, "Total Cost": 1642122.24, "Plan Rows": 27736, "Plan Width": 60, "Group By Key": ["part.p_brand", "part.p_type", "part.p_size"], "Plans": [{"Node Type": "Aggregate", "Strategy": "Hashed", "Parent Relationship": "Outer", "Startup Cost": 1641290.16, "Total Cost": 1641567.52, "Plan Rows": 27736, "Plan Width": 52, "Group By Key": ["part.p_brand", "part.p_type", "part.p_size", "partsupp.ps_suppkey"], "Plans": [{"Node Type": "Merge Join", "Parent Relationship": "Outer", "Join Type": "Anti", "Startup Cost": 1626334.11, "Total Cost": 1630607.52, "Plan Rows": 854611, "Plan Width": 44, "Inner Unique": false, "Merge Cond": "(partsupp.ps_suppkey = supplier.s_suppkey)", "Plans": [{"Node Type": "Sort", "Parent Relationship": "Outer", "Startup Cost": 1620752.69, "Total Cost": 1622889.25, "Plan Rows": 854625, "Plan Width": 44, "Sort Key": ["partsupp.ps_suppkey"], "Plans": [{"Node Type": "Nested Loop", "Parent Relationship": "Outer", "Join Type": "Inner", "Startup Cost": 38930.89, "Total Cost": 1536551.05, "Plan Rows": 854625, "Plan Width": 44, "Inner Unique": false, "Plans": [{"Node Type": "Bitmap Heap Scan", "Parent Relationship": "Outer", "Relation Name": "part", "Alias": "part", "Startup Cost": 38930.21, "Total Cost": 130874.21, "Plan Rows": 295844, "Plan Width": 44, "Filter": "((p_brand <> 'Brand#34'::bpchar) AND ((p_type)::text !~~ 'LARGE BRUSHED%'::text) AND (p_size = ANY ('{48,19,12,4,41,7,21,39}'::integer[]))), (LLVM Optimized)", "Plans": [{"Node Type": "Bitmap Index Scan", "Parent Relationship": "Outer", "Index Name": "part_kpey", "Startup Cost": 0.0, "Total Cost": 38856.25, "Plan Rows": 2000000, "Plan Width": 0}]}, {"Node Type": "Bitmap Heap Scan", "Parent Relationship": "Inner", "Relation Name": "partsupp", "Alias": "partsupp", "Startup Cost": 0.68, "Total Cost": 4.72, "Plan Rows": 3, "Plan Width": 16, "Recheck Cond": "(ps_partkey = part.p_partkey)", "Plans": [{"Node Type": "Bitmap Index Scan", "Parent Relationship": "Outer", "Index Name": "idx_partsupp_partkey", "Startup Cost": 0.0, "Total Cost": 0.68, "Plan Rows": 3, "Plan Width": 0, "Index Cond": "(ps_partkey = part.p_partkey)"}]}]}]}, {"Node Type": "Sort", "Parent Relationship": "Inner", "Startup Cost": 5581.42, "Total Cost": 5581.44, "Plan Rows": 10, "Plan Width": 8, "Sort Key": ["supplier.s_suppkey"], "Plans": [{"Node Type": "Bitmap Heap Scan", "Parent Relationship": "Outer", "Relation Name": "supplier", "Alias": "supplier", "Startup Cost": 2048.25, "Total Cost": 5581.25, "Plan Rows": 10, "Plan Width": 8, "Filter": "((s_comment)::text ~~ '%Customer%Complaints%'::text)", "Plans": [{"Node Type": "Bitmap Index Scan", "Parent Relationship": "Outer", "Index Name": "supplier_pkey", "Startup Cost": 0.0, "Total Cost": 2048.25, "Plan Rows": 100000, "Plan Width": 0}]}]}]}]}]}]}, "Unique SQL Id": 1437012347}, "explain_analyze_plan": null}, "(16, 24)": {"explain_plan": {"Plan": {"Node Type": "Sort", "Startup Cost": 390352.15, "Total Cost": 390421.49, "Plan Rows": 27736, "Plan Width": 60, "Sort Key": ["(count(partsupp.ps_suppkey)) DESC", "part.p_brand", "part.p_type", "part.p_size"], "Plans": [{"Node Type": "Aggregate", "Strategy": "Hashed", "Parent Relationship": "Outer", "Startup Cost": 388027.95, "Total Cost": 388305.31, "Plan Rows": 27736, "Plan Width": 60, "Group By Key": ["part.p_brand", "part.p_type", "part.p_size"], "Plans": [{"Node Type": "Aggregate", "Strategy": "Hashed", "Parent Relationship": "Outer", "Startup Cost": 387473.23, "Total Cost": 387750.59, "Plan Rows": 27736, "Plan Width": 52, "Group By Key": ["part.p_brand", "part.p_type", "part.p_size", "partsupp.ps_suppkey"], "Plans": [{"Node Type": "Merge Join", "Parent Relationship": "Outer", "Join Type": "Anti", "Startup Cost": 372517.18, "Total Cost": 376790.59, "Plan Rows": 854611, "Plan Width": 44, "Inner Unique": false, "Merge Cond": "(partsupp.ps_suppkey = supplier.s_suppkey)", "Plans": [{"Node Type": "Sort", "Parent Relationship": "Outer", "Startup Cost": 368984.01, "Total Cost": 371120.57, "Plan Rows": 854625, "Plan Width": 44, "Sort Key": ["partsupp.ps_suppkey"], "Plans": [{"Node Type": "Nested Loop", "Parent Relationship": "Outer", "Join Type": "Inner", "Startup Cost": 0.0, "Total Cost": 284782.37, "Plan Rows": 854625, "Plan Width": 44, "Inner Unique": false, "Plans": [{"Node Type": "Streaming(type: LOCAL GATHER dop: 1/16)", "Parent Relationship": "Outer", "Startup Cost": 0.0, "Total Cost": 27131.41, "Plan Rows": 295844, "Plan Width": 44, "Plans": [{"Node Type": "Seq Scan", "Parent Relationship": "Outer", "Relation Name": "part", "Alias": "part", "Startup Cost": 0.0, "Total Cost": 20746.5, "Plan Rows": 295844, "Plan Width": 44, "Filter": "((p_brand <> 'Brand#34'::bpchar) AND ((p_type)::text !~~ 'LARGE BRUSHED%'::text) AND (p_size = ANY ('{48,19,12,4,41,7,21,39}'::integer[]))), (LLVM Optimized)"}]}, {"Node Type": "Index Only Scan", "Parent Relationship": "Inner", "Scan Direction": "Forward", "Index Name": "partsupp_pkey", "Relation Name": "partsupp", "Alias": "partsupp", "Startup Cost": 0.0, "Total Cost": 0.84, "Plan Rows": 3, "Plan Width": 16, "Index Cond": "(ps_partkey = part.p_partkey)"}]}]}, {"Node Type": "Sort", "Parent Relationship": "Inner", "Startup Cost": 3533.17, "Total Cost": 3533.19, "Plan Rows": 10, "Plan Width": 8, "Sort Key": ["supplier.s_suppkey"], "Plans": [{"Node Type": "Seq Scan", "Parent Relationship": "Outer", "Relation Name": "supplier", "Alias": "supplier", "Startup Cost": 0.0, "Total Cost": 3533.0, "Plan Rows": 10, "Plan Width": 8, "Filter": "((s_comment)::text ~~ '%Customer%Complaints%'::text)"}]}]}]}]}]}, "Unique SQL Id": 1437012347}, "explain_analyze_plan": null}, "(16, 25)": {"explain_plan": {"Plan": {"Node Type": "Sort", "Startup Cost": 470585.28, "Total Cost": 470654.62, "Plan Rows": 27736, "Plan Width": 60, "Sort Key": ["(count(partsupp.ps_suppkey)) DESC", "part.p_brand", "part.p_type", "part.p_size"], "Plans": [{"Node Type": "Aggregate", "Strategy": "Hashed", "Parent Relationship": "Outer", "Startup Cost": 468261.07, "Total Cost": 468538.43, "Plan Rows": 27736, "Plan Width": 60, "Group By Key": ["part.p_brand", "part.p_type", "part.p_size"], "Plans": [{"Node Type": "Aggregate", "Strategy": "Hashed", "Parent Relationship": "Outer", "Startup Cost": 467706.35, "Total Cost": 467983.71, "Plan Rows": 27736, "Plan Width": 52, "Group By Key": ["part.p_brand", "part.p_type", "part.p_size", "partsupp.ps_suppkey"], "Plans": [{"Node Type": "Merge Join", "Parent Relationship": "Outer", "Join Type": "Anti", "Startup Cost": 447165.76, "Total Cost": 457023.72, "Plan Rows": 854611, "Plan Width": 44, "Inner Unique": false, "Merge Cond": "(partsupp.ps_suppkey = supplier.s_suppkey)", "Plans": [{"Node Type": "Sort", "Parent Relationship": "Outer", "Startup Cost": 447165.76, "Total Cost": 449302.32, "Plan Rows": 854625, "Plan Width": 44, "Sort Key": ["partsupp.ps_suppkey"], "Plans": [{"Node Type": "Nested Loop", "Parent Relationship": "Outer", "Join Type": "Inner", "Startup Cost": 0.0, "Total Cost": 362964.12, "Plan Rows": 854625, "Plan Width": 44, "Inner Unique": false, "Plans": [{"Node Type": "Streaming(type: LOCAL GATHER dop: 1/16)", "Parent Relationship": "Outer", "Startup Cost": 0.0, "Total Cost": 105313.16, "Plan Rows": 295844, "Plan Width": 44, "Plans": [{"Node Type": "Index Scan", "Parent Relationship": "Outer", "Scan Direction": "Forward", "Index Name": "part_kpey", "Relation Name": "part", "Alias": "part", "Startup Cost": 0.0, "Total Cost": 98928.25, "Plan Rows": 295844, "Plan Width": 44, "Filter": "((p_brand <> 'Brand#34'::bpchar) AND ((p_type)::text !~~ 'LARGE BRUSHED%'::text) AND (p_size = ANY ('{48,19,12,4,41,7,21,39}'::integer[]))), (LLVM Optimized)"}]}, {"Node Type": "Index Only Scan", "Parent Relationship": "Inner", "Scan Direction": "Forward", "Index Name": "partsupp_pkey", "Relation Name": "partsupp", "Alias": "partsupp", "Startup Cost": 0.0, "Total Cost": 0.84, "Plan Rows": 3, "Plan Width": 16, "Index Cond": "(ps_partkey = part.p_partkey)"}]}]}, {"Node Type": "Materialize", "Parent Relationship": "Inner", "Startup Cost": 0.0, "Total Cost": 5584.57, "Plan Rows": 10, "Plan Width": 8, "Plans": [{"Node Type": "Index Scan", "Parent Relationship": "Outer", "Scan Direction": "Forward", "Index Name": "supplier_pkey", "Relation Name": "supplier", "Alias": "supplier", "Startup Cost": 0.0, "Total Cost": 5584.54, "Plan Rows": 10, "Plan Width": 8, "Filter": "((s_comment)::text ~~ '%Customer%Complaints%'::text)"}]}]}]}]}]}, "Unique SQL Id": 1437012347}, "explain_analyze_plan": null}, "(16, 26)": {"explain_plan": {"Plan": {"Node Type": "Sort", "Startup Cost": 138863507.59, "Total Cost": 138863576.93, "Plan Rows": 27736, "Plan Width": 60, "Sort Key": ["(count(partsupp.ps_suppkey)) DESC", "part.p_brand", "part.p_type", "part.p_size"], "Plans": [{"Node Type": "Streaming(type: LOCAL GATHER dop: 1/16)", "Parent Relationship": "Outer", "Startup Cost": 138861162.82, "Total Cost": 138861460.74, "Plan Rows": 27736, "Plan Width": 60, "Plans": [{"Node Type": "Aggregate", "Strategy": "Hashed", "Parent Relationship": "Outer", "Startup Cost": 138861162.82, "Total Cost": 138861180.15, "Plan Rows": 27736, "Plan Width": 60, "Group By Key": ["part.p_brand", "part.p_type", "part.p_size"], "Plans": [{"Node Type": "Aggregate", "Strategy": "Hashed", "Parent Relationship": "Outer", "Startup Cost": 138860094.55, "Total Cost": 138860628.68, "Plan Rows": 854611, "Plan Width": 52, "Group By Key": ["part.p_brand", "part.p_type", "part.p_size", "partsupp.ps_suppkey"], "Plans": [{"Node Type": "Streaming(type: LOCAL REDISTRIBUTE dop: 16/16)", "Parent Relationship": "Outer", "Startup Cost": 0.0, "Total Cost": 138859426.89, "Plan Rows": 854611, "Plan Width": 44, "Plans": [{"Node Type": "Nested Loop", "Parent Relationship": "Outer", "Join Type": "Anti", "Startup Cost": 0.0, "Total Cost": 138823973.88, "Plan Rows": 854611, "Plan Width": 44, "Inner Unique": false, "Join Filter": "(partsupp.ps_suppkey = supplier.s_suppkey), (LLVM Optimized)", "Plans": [{"Node Type": "Nested Loop", "Parent Relationship": "Outer", "Join Type": "Inner", "Startup Cost": 0.0, "Total Cost": 138797425.31, "Plan Rows": 854625, "Plan Width": 44, "Inner Unique": true, "Join Filter": "(partsupp.ps_partkey = part.p_partkey), (LLVM Optimized)", "Plans": [{"Node Type": "Streaming(type: LOCAL REDISTRIBUTE dop: 16/16)", "Parent Relationship": "Outer", "Startup Cost": 0.0, "Total Cost": 77188.14, "Plan Rows": 8000372, "Plan Width": 16, "Plans": [{"Node Type": "Seq Scan", "Parent Relationship": "Outer", "Relation Name": "partsupp", "Alias": "partsupp", "Startup Cost": 0.0, "Total Cost": 31874.23, "Plan Rows": 8000372, "Plan Width": 16}]}, {"Node Type": "Materialize", "Parent Relationship": "Inner", "Startup Cost": 0.0, "Total Cost": 36959.92, "Plan Rows": 295844, "Plan Width": 44, "Plans": [{"Node Type": "Streaming(type: LOCAL REDISTRIBUTE dop: 16/16)", "Parent Relationship": "Outer", "Startup Cost": 0.0, "Total Cost": 36867.47, "Plan Rows": 295844, "Plan Width": 44, "Plans": [{"Node Type": "Seq Scan", "Parent Relationship": "Outer", "Relation Name": "part", "Alias": "part", "Startup Cost": 0.0, "Total Cost": 20746.5, "Plan Rows": 295844, "Plan Width": 44, "Filter": "((p_brand <> 'Brand#34'::bpchar) AND ((p_type)::text !~~ 'LARGE BRUSHED%'::text) AND (p_size = ANY ('{48,19,12,4,41,7,21,39}'::integer[]))), (LLVM Optimized)"}]}]}]}, {"Node Type": "Materialize", "Parent Relationship": "Inner", "Startup Cost": 0.0, "Total Cost": 18536.5, "Plan Rows": 160, "Plan Width": 8, "Plans": [{"Node Type": "Streaming(type: BROADCAST dop: 16/1)", "Parent Relationship": "Outer", "Startup Cost": 0.0, "Total Cost": 18536.45, "Plan Rows": 160, "Plan Width": 8, "Plans": [{"Node Type": "Seq Scan", "Parent Relationship": "Outer", "Relation Name": "supplier", "Alias": "supplier", "Startup Cost": 0.0, "Total Cost": 3533.0, "Plan Rows": 10, "Plan Width": 8, "Filter": "((s_comment)::text ~~ '%Customer%Complaints%'::text)"}]}]}]}]}]}]}]}]}, "Unique SQL Id": 1437012347}, "explain_analyze_plan": null}, "(16, 27)": {"explain_plan": {"Plan": {"Node Type": "Sort", "Startup Cost": 3000026914574.25, "Total Cost": 3000026914643.59, "Plan Rows": 27736, "Plan Width": 60, "Sort Key": ["(count(partsupp.ps_suppkey)) DESC", "part.p_brand", "part.p_type", "part.p_size"], "Plans": [{"Node Type": "Aggregate", "Strategy": "Hashed", "Parent Relationship": "Outer", "Startup Cost": 3000026912250.05, "Total Cost": 3000026912527.41, "Plan Rows": 27736, "Plan Width": 60, "Group By Key": ["part.p_brand", "part.p_type", "part.p_size"], "Plans": [{"Node Type": "Aggregate", "Strategy": "Hashed", "Parent Relationship": "Outer", "Startup Cost": 3000026911695.33, "Total Cost": 3000026911972.69, "Plan Rows": 27736, "Plan Width": 52, "Group By Key": ["part.p_brand", "part.p_type", "part.p_size", "partsupp.ps_suppkey"], "Plans": [{"Node Type": "Nested Loop", "Parent Relationship": "Outer", "Join Type": "Anti", "Startup Cost": 30017324679.62, "Total Cost": 3000026901012.69, "Plan Rows": 854611, "Plan Width": 44, "Inner Unique": false, "Join Filter": "(partsupp.ps_suppkey = supplier.s_suppkey), (LLVM Optimized)", "Plans": [{"Node Type": "Merge Join", "Parent Relationship": "Outer", "Join Type": "Inner", "Startup Cost": 20017324679.62, "Total Cost": 2000026214364.82, "Plan Rows": 854625, "Plan Width": 44, "Inner Unique": false, "Merge Cond": "(part.p_partkey = partsupp.ps_partkey)", "Plans": [{"Node Type": "Index Scan", "Parent Relationship": "Outer", "Scan Direction": "Forward", "Index Name": "part_kpey", "Relation Name": "part", "Alias": "part", "Startup Cost": 10000000000.0, "Total Cost": 1000013080325.0, "Plan Rows": 295844, "Plan Width": 44, "Filter": "((p_brand <> 'Brand#34'::bpchar) AND ((p_type)::text !~~ 'LARGE BRUSHED%'::text) AND (p_size = ANY ('{48,19,12,4,41,7,21,39}'::integer[]))), (LLVM Optimized)"}, {"Node Type": "Index Only Scan", "Parent Relationship": "Inner", "Scan Direction": "Forward", "Index Name": "partsupp_pkey", "Relation Name": "partsupp", "Alias": "partsupp", "Startup Cost": 10000000000.0, "Total Cost": 1000027706983.0, "Plan Rows": 8000372, "Plan Width": 16}]}, {"Node Type": "Materialize", "Parent Relationship": "Inner", "Startup Cost": 10000000000.0, "Total Cost": 1000000558454.43, "Plan Rows": 10, "Plan Width": 8, "Plans": [{"Node Type": "Index Scan", "Parent Relationship": "Outer", "Scan Direction": "Forward", "Index Name": "supplier_pkey", "Relation Name": "supplier", "Alias": "supplier", "Startup Cost": 10000000000.0, "Total Cost": 1000000558454.38, "Plan Rows": 10, "Plan Width": 8, "Filter": "((s_comment)::text ~~ '%Customer%Complaints%'::text)"}]}]}]}]}]}, "Unique SQL Id": 1437012347}, "explain_analyze_plan": null}, "(16, 28)": {"explain_plan": {"Plan": {"Node Type": "Sort", "Startup Cost": 697138.19, "Total Cost": 697207.53, "Plan Rows": 27736, "Plan Width": 60, "Sort Key": ["(count(partsupp.ps_suppkey)) DESC", "part.p_brand", "part.p_type", "part.p_size"], "Plans": [{"Node Type": "Aggregate", "Strategy": "Hashed", "Parent Relationship": "Outer", "Startup Cost": 694813.99, "Total Cost": 695091.35, "Plan Rows": 27736, "Plan Width": 60, "Group By Key": ["part.p_brand", "part.p_type", "part.p_size"], "Plans": [{"Node Type": "Aggregate", "Strategy": "Hashed", "Parent Relationship": "Outer", "Startup Cost": 694259.27, "Total Cost": 694536.63, "Plan Rows": 27736, "Plan Width": 52, "Group By Key": ["part.p_brand", "part.p_type", "part.p_size", "partsupp.ps_suppkey"], "Plans": [{"Node Type": "Merge Join", "Parent Relationship": "Outer", "Join Type": "Anti", "Startup Cost": 679303.22, "Total Cost": 683576.63, "Plan Rows": 854611, "Plan Width": 44, "Inner Unique": false, "Merge Cond": "(partsupp.ps_suppkey = supplier.s_suppkey)", "Plans": [{"Node Type": "Sort", "Parent Relationship": "Outer", "Startup Cost": 675770.05, "Total Cost": 677906.61, "Plan Rows": 854625, "Plan Width": 44, "Sort Key": ["partsupp.ps_suppkey"], "Plans": [{"Node Type": "Merge Join", "Parent Relationship": "Outer", "Join Type": "Inner", "Startup Cost": 7.9, "Total Cost": 591568.41, "Plan Rows": 854625, "Plan Width": 44, "Inner Unique": false, "Merge Cond": "(part.p_partkey = partsupp.ps_partkey)", "Plans": [{"Node Type": "Index Scan", "Parent Relationship": "Outer", "Scan Direction": "Forward", "Index Name": "part_kpey", "Relation Name": "part", "Alias": "part", "Startup Cost": 0.0, "Total Cost": 130803.25, "Plan Rows": 295844, "Plan Width": 44, "Filter": "((p_brand <> 'Brand#34'::bpchar) AND ((p_type)::text !~~ 'LARGE BRUSHED%'::text) AND (p_size = ANY ('{48,19,12,4,41,7,21,39}'::integer[]))), (LLVM Optimized)"}, {"Node Type": "Index Scan", "Parent Relationship": "Inner", "Scan Direction": "Forward", "Index Name": "idx_partsupp_partkey", "Relation Name": "partsupp", "Alias": "partsupp", "Startup Cost": 0.0, "Total Cost": 431485.03, "Plan Rows": 8000372, "Plan Width": 16}]}]}, {"Node Type": "Sort", "Parent Relationship": "Inner", "Startup Cost": 3533.17, "Total Cost": 3533.19, "Plan Rows": 10, "Plan Width": 8, "Sort Key": ["supplier.s_suppkey"], "Plans": [{"Node Type": "Seq Scan", "Parent Relationship": "Outer", "Relation Name": "supplier", "Alias": "supplier", "Startup Cost": 0.0, "Total Cost": 3533.0, "Plan Rows": 10, "Plan Width": 8, "Filter": "((s_comment)::text ~~ '%Customer%Complaints%'::text)"}]}]}]}]}]}, "Unique SQL Id": 1437012347}, "explain_analyze_plan": null}, "(16, 29)": {"explain_plan": {"Plan": {"Node Type": "Sort", "Startup Cost": 699189.57, "Total Cost": 699258.91, "Plan Rows": 27736, "Plan Width": 60, "Sort Key": ["(count(partsupp.ps_suppkey)) DESC", "part.p_brand", "part.p_type", "part.p_size"], "Plans": [{"Node Type": "Aggregate", "Strategy": "Hashed", "Parent Relationship": "Outer", "Startup Cost": 696865.36, "Total Cost": 697142.72, "Plan Rows": 27736, "Plan Width": 60, "Group By Key": ["part.p_brand", "part.p_type", "part.p_size"], "Plans": [{"Node Type": "Aggregate", "Strategy": "Hashed", "Parent Relationship": "Outer", "Startup Cost": 696310.64, "Total Cost": 696588.0, "Plan Rows": 27736, "Plan Width": 52, "Group By Key": ["part.p_brand", "part.p_type", "part.p_size", "partsupp.ps_suppkey"], "Plans": [{"Node Type": "Merge Join", "Parent Relationship": "Outer", "Join Type": "Anti", "Startup Cost": 675770.05, "Total Cost": 685628.01, "Plan Rows": 854611, "Plan Width": 44, "Inner Unique": false, "Merge Cond": "(partsupp.ps_suppkey = supplier.s_suppkey)", "Plans": [{"Node Type": "Sort", "Parent Relationship": "Outer", "Startup Cost": 675770.05, "Total Cost": 677906.61, "Plan Rows": 854625, "Plan Width": 44, "Sort Key": ["partsupp.ps_suppkey"], "Plans": [{"Node Type": "Merge Join", "Parent Relationship": "Outer", "Join Type": "Inner", "Startup Cost": 7.9, "Total Cost": 591568.41, "Plan Rows": 854625, "Plan Width": 44, "Inner Unique": false, "Merge Cond": "(part.p_partkey = partsupp.ps_partkey)", "Plans": [{"Node Type": "Index Scan", "Parent Relationship": "Outer", "Scan Direction": "Forward", "Index Name": "part_kpey", "Relation Name": "part", "Alias": "part", "Startup Cost": 0.0, "Total Cost": 130803.25, "Plan Rows": 295844, "Plan Width": 44, "Filter": "((p_brand <> 'Brand#34'::bpchar) AND ((p_type)::text !~~ 'LARGE BRUSHED%'::text) AND (p_size = ANY ('{48,19,12,4,41,7,21,39}'::integer[]))), (LLVM Optimized)"}, {"Node Type": "Index Scan", "Parent Relationship": "Inner", "Scan Direction": "Forward", "Index Name": "idx_partsupp_partkey", "Relation Name": "partsupp", "Alias": "partsupp", "Startup Cost": 0.0, "Total Cost": 431485.03, "Plan Rows": 8000372, "Plan Width": 16}]}]}, {"Node Type": "Materialize", "Parent Relationship": "Inner", "Startup Cost": 0.0, "Total Cost": 5584.57, "Plan Rows": 10, "Plan Width": 8, "Plans": [{"Node Type": "Index Scan", "Parent Relationship": "Outer", "Scan Direction": "Forward", "Index Name": "supplier_pkey", "Relation Name": "supplier", "Alias": "supplier", "Startup Cost": 0.0, "Total Cost": 5584.54, "Plan Rows": 10, "Plan Width": 8, "Filter": "((s_comment)::text ~~ '%Customer%Complaints%'::text)"}]}]}]}]}]}, "Unique SQL Id": 1437012347}, "explain_analyze_plan": null}, "(16, 30)": {"explain_plan": {"Plan": {"Node Type": "Sort", "Startup Cost": 138863507.59, "Total Cost": 138863576.93, "Plan Rows": 27736, "Plan Width": 60, "Sort Key": ["(count(partsupp.ps_suppkey)) DESC", "part.p_brand", "part.p_type", "part.p_size"], "Plans": [{"Node Type": "Streaming(type: LOCAL GATHER dop: 1/16)", "Parent Relationship": "Outer", "Startup Cost": 138861162.82, "Total Cost": 138861460.74, "Plan Rows": 27736, "Plan Width": 60, "Plans": [{"Node Type": "Aggregate", "Strategy": "Hashed", "Parent Relationship": "Outer", "Startup Cost": 138861162.82, "Total Cost": 138861180.15, "Plan Rows": 27736, "Plan Width": 60, "Group By Key": ["part.p_brand", "part.p_type", "part.p_size"], "Plans": [{"Node Type": "Aggregate", "Strategy": "Hashed", "Parent Relationship": "Outer", "Startup Cost": 138860094.55, "Total Cost": 138860628.68, "Plan Rows": 854611, "Plan Width": 52, "Group By Key": ["part.p_brand", "part.p_type", "part.p_size", "partsupp.ps_suppkey"], "Plans": [{"Node Type": "Streaming(type: LOCAL REDISTRIBUTE dop: 16/16)", "Parent Relationship": "Outer", "Startup Cost": 0.0, "Total Cost": 138859426.89, "Plan Rows": 854611, "Plan Width": 44, "Plans": [{"Node Type": "Nested Loop", "Parent Relationship": "Outer", "Join Type": "Anti", "Startup Cost": 0.0, "Total Cost": 138823973.88, "Plan Rows": 854611, "Plan Width": 44, "Inner Unique": false, "Join Filter": "(partsupp.ps_suppkey = supplier.s_suppkey), (LLVM Optimized)", "Plans": [{"Node Type": "Nested Loop", "Parent Relationship": "Outer", "Join Type": "Inner", "Startup Cost": 0.0, "Total Cost": 138797425.31, "Plan Rows": 854625, "Plan Width": 44, "Inner Unique": true, "Join Filter": "(partsupp.ps_partkey = part.p_partkey), (LLVM Optimized)", "Plans": [{"Node Type": "Streaming(type: LOCAL REDISTRIBUTE dop: 16/16)", "Parent Relationship": "Outer", "Startup Cost": 0.0, "Total Cost": 77188.14, "Plan Rows": 8000372, "Plan Width": 16, "Plans": [{"Node Type": "Seq Scan", "Parent Relationship": "Outer", "Relation Name": "partsupp", "Alias": "partsupp", "Startup Cost": 0.0, "Total Cost": 31874.23, "Plan Rows": 8000372, "Plan Width": 16}]}, {"Node Type": "Materialize", "Parent Relationship": "Inner", "Startup Cost": 0.0, "Total Cost": 36959.92, "Plan Rows": 295844, "Plan Width": 44, "Plans": [{"Node Type": "Streaming(type: LOCAL REDISTRIBUTE dop: 16/16)", "Parent Relationship": "Outer", "Startup Cost": 0.0, "Total Cost": 36867.47, "Plan Rows": 295844, "Plan Width": 44, "Plans": [{"Node Type": "Seq Scan", "Parent Relationship": "Outer", "Relation Name": "part", "Alias": "part", "Startup Cost": 0.0, "Total Cost": 20746.5, "Plan Rows": 295844, "Plan Width": 44, "Filter": "((p_brand <> 'Brand#34'::bpchar) AND ((p_type)::text !~~ 'LARGE BRUSHED%'::text) AND (p_size = ANY ('{48,19,12,4,41,7,21,39}'::integer[]))), (LLVM Optimized)"}]}]}]}, {"Node Type": "Materialize", "Parent Relationship": "Inner", "Startup Cost": 0.0, "Total Cost": 18536.5, "Plan Rows": 160, "Plan Width": 8, "Plans": [{"Node Type": "Streaming(type: BROADCAST dop: 16/1)", "Parent Relationship": "Outer", "Startup Cost": 0.0, "Total Cost": 18536.45, "Plan Rows": 160, "Plan Width": 8, "Plans": [{"Node Type": "Seq Scan", "Parent Relationship": "Outer", "Relation Name": "supplier", "Alias": "supplier", "Startup Cost": 0.0, "Total Cost": 3533.0, "Plan Rows": 10, "Plan Width": 8, "Filter": "((s_comment)::text ~~ '%Customer%Complaints%'::text)"}]}]}]}]}]}]}]}]}, "Unique SQL Id": 1437012347}, "explain_analyze_plan": null}, "(16, 31)": {"explain_plan": {"Plan": {"Node Type": "Sort", "Startup Cost": 3000070847906.47, "Total Cost": 3000070847975.81, "Plan Rows": 27736, "Plan Width": 60, "Sort Key": ["(count(partsupp.ps_suppkey)) DESC", "part.p_brand", "part.p_type", "part.p_size"], "Plans": [{"Node Type": "Aggregate", "Strategy": "Hashed", "Parent Relationship": "Outer", "Startup Cost": 3000070845582.27, "Total Cost": 3000070845859.63, "Plan Rows": 27736, "Plan Width": 60, "Group By Key": ["part.p_brand", "part.p_type", "part.p_size"], "Plans": [{"Node Type": "Aggregate", "Strategy": "Hashed", "Parent Relationship": "Outer", "Startup Cost": 3000070845027.55, "Total Cost": 3000070845304.91, "Plan Rows": 27736, "Plan Width": 52, "Group By Key": ["part.p_brand", "part.p_type", "part.p_size", "partsupp.ps_suppkey"], "Plans": [{"Node Type": "Nested Loop", "Parent Relationship": "Outer", "Join Type": "Anti", "Startup Cost": 30017325448.43, "Total Cost": 3000070834344.91, "Plan Rows": 854611, "Plan Width": 44, "Inner Unique": false, "Join Filter": "(partsupp.ps_suppkey = supplier.s_suppkey), (LLVM Optimized)", "Plans": [{"Node Type": "Merge Join", "Parent Relationship": "Outer", "Join Type": "Inner", "Startup Cost": 20017325448.43, "Total Cost": 2000070147697.04, "Plan Rows": 854625, "Plan Width": 44, "Inner Unique": false, "Merge Cond": "(part.p_partkey = partsupp.ps_partkey)", "Plans": [{"Node Type": "Index Scan", "Parent Relationship": "Outer", "Scan Direction": "Forward", "Index Name": "part_kpey", "Relation Name": "part", "Alias": "part", "Startup Cost": 10000000000.0, "Total Cost": 1000013080325.0, "Plan Rows": 295844, "Plan Width": 44, "Filter": "((p_brand <> 'Brand#34'::bpchar) AND ((p_type)::text !~~ 'LARGE BRUSHED%'::text) AND (p_size = ANY ('{48,19,12,4,41,7,21,39}'::integer[]))), (LLVM Optimized)"}, {"Node Type": "Index Scan", "Parent Relationship": "Inner", "Scan Direction": "Forward", "Index Name": "partsupp_pkey", "Relation Name": "partsupp", "Alias": "partsupp", "Startup Cost": 10000000000.0, "Total Cost": 1000071640963.22, "Plan Rows": 8000372, "Plan Width": 16}]}, {"Node Type": "Materialize", "Parent Relationship": "Inner", "Startup Cost": 10000000000.0, "Total Cost": 1000000558454.43, "Plan Rows": 10, "Plan Width": 8, "Plans": [{"Node Type": "Index Scan", "Parent Relationship": "Outer", "Scan Direction": "Forward", "Index Name": "supplier_pkey", "Relation Name": "supplier", "Alias": "supplier", "Startup Cost": 10000000000.0, "Total Cost": 1000000558454.38, "Plan Rows": 10, "Plan Width": 8, "Filter": "((s_comment)::text ~~ '%Customer%Complaints%'::text)"}]}]}]}]}]}, "Unique SQL Id": 1437012347}, "explain_analyze_plan": null}, "(16, 32)": {"explain_plan": {"Plan": {"Node Type": "Sort", "Startup Cost": 144484.63, "Total Cost": 144553.97, "Plan Rows": 27736, "Plan Width": 60, "Sort Key": ["(count(partsupp.ps_suppkey)) DESC", "part.p_brand", "part.p_type", "part.p_size"], "Plans": [{"Node Type": "Streaming(type: LOCAL GATHER dop: 1/16)", "Parent Relationship": "Outer", "Startup Cost": 142139.85, "Total Cost": 142437.78, "Plan Rows": 27736, "Plan Width": 60, "Plans": [{"Node Type": "Aggregate", "Strategy": "Hashed", "Parent Relationship": "Outer", "Startup Cost": 142139.85, "Total Cost": 142157.19, "Plan Rows": 27736, "Plan Width": 60, "Group By Key": ["part.p_brand", "part.p_type", "part.p_size"], "Plans": [{"Node Type": "Aggregate", "Strategy": "Hashed", "Parent Relationship": "Outer", "Startup Cost": 141071.59, "Total Cost": 141605.72, "Plan Rows": 854611, "Plan Width": 52, "Group By Key": ["part.p_brand", "part.p_type", "part.p_size", "partsupp.ps_suppkey"], "Plans": [{"Node Type": "Streaming(type: LOCAL REDISTRIBUTE dop: 16/16)", "Parent Relationship": "Outer", "Startup Cost": 69999.79, "Total Cost": 140403.93, "Plan Rows": 854611, "Plan Width": 44, "Plans": [{"Node Type": "Hash Join", "Parent Relationship": "Outer", "Join Type": "Anti", "Startup Cost": 69999.79, "Total Cost": 104950.92, "Plan Rows": 854611, "Plan Width": 44, "Inner Unique": false, "Hash Cond": "(partsupp.ps_suppkey = supplier.s_suppkey), (LLVM Optimized)", "Plans": [{"Node Type": "Hash Join", "Parent Relationship": "Outer", "Join Type": "Inner", "Startup Cost": 51463.21, "Total Cost": 85746.67, "Plan Rows": 854625, "Plan Width": 44, "Inner Unique": true, "Hash Cond": "(partsupp.ps_partkey = part.p_partkey), (LLVM Optimized)", "Plans": [{"Node Type": "Seq Scan", "Parent Relationship": "Outer", "Relation Name": "partsupp", "Alias": "partsupp", "Startup Cost": 0.0, "Total Cost": 31874.23, "Plan Rows": 8000372, "Plan Width": 16}, {"Node Type": "Hash", "Parent Relationship": "Inner", "Startup Cost": 47765.16, "Total Cost": 47765.16, "Plan Rows": 4733504, "Plan Width": 44, "Plans": [{"Node Type": "Streaming(type: BROADCAST dop: 16/16)", "Parent Relationship": "Outer", "Startup Cost": 0.0, "Total Cost": 47765.16, "Plan Rows": 4733504, "Plan Width": 44, "Plans": [{"Node Type": "Seq Scan", "Parent Relationship": "Outer", "Relation Name": "part", "Alias": "part", "Startup Cost": 0.0, "Total Cost": 20746.5, "Plan Rows": 295844, "Plan Width": 44, "Filter": "((p_brand <> 'Brand#34'::bpchar) AND ((p_type)::text !~~ 'LARGE BRUSHED%'::text) AND (p_size = ANY ('{48,19,12,4,41,7,21,39}'::integer[]))), (LLVM Optimized)"}]}]}]}, {"Node Type": "Hash", "Parent Relationship": "Inner", "Startup Cost": 18536.45, "Total Cost": 18536.45, "Plan Rows": 160, "Plan Width": 8, "Plans": [{"Node Type": "Streaming(type: BROADCAST dop: 16/1)", "Parent Relationship": "Outer", "Startup Cost": 0.0, "Total Cost": 18536.45, "Plan Rows": 160, "Plan Width": 8, "Plans": [{"Node Type": "Seq Scan", "Parent Relationship": "Outer", "Relation Name": "supplier", "Alias": "supplier", "Startup Cost": 0.0, "Total Cost": 3533.0, "Plan Rows": 10, "Plan Width": 8, "Filter": "((s_comment)::text ~~ '%Customer%Complaints%'::text)"}]}]}]}]}]}]}]}]}, "Unique SQL Id": 1437012347}, "explain_analyze_plan": {"Plan": {"Node Type": "Sort", "Startup Cost": 144484.63, "Total Cost": 144553.97, "Plan Rows": 27736, "Plan Width": 60, "Actual Min Startup Time": 1200.331, "Actual Max Startup Time": 1200.331, "Actual Min Total Time": 1203.099, "Actual Max Total Time": 1203.099, "Actual Total Rows": 27838, "Sort Key": ["(count(partsupp.ps_suppkey)) DESC", "part.p_brand", "part.p_type", "part.p_size"], "Sort Method": "quicksort", "Sort Space Min Used": 3402, "Sort Space Max Used": 3402, "Sort Space Type": "Memory", "Plans": [{"Node Type": "Streaming(type: LOCAL GATHER dop: 1/16)", "Parent Relationship": "Outer", "Startup Cost": 142139.85, "Total Cost": 142437.78, "Plan Rows": 27736, "Plan Width": 60, "Actual Min Startup Time": 941.122, "Actual Max Startup Time": 941.122, "Actual Min Total Time": 1112.365, "Actual Max Total Time": 1112.365, "Actual Total Rows": 27838, "Plans": [{"Node Type": "Aggregate", "Strategy": "Hashed", "Parent Relationship": "Outer", "Startup Cost": 142139.85, "Total Cost": 142157.19, "Plan Rows": 27736, "Plan Width": 60, "Actual Min Startup Time": 768.112, "Actual Max Startup Time": 989.65, "Actual Min Total Time": 768.112, "Actual Max Total Time": 990.899, "Actual Total Rows": 27838, "Group By Key": ["part.p_brand", "part.p_type", "part.p_size"], "Plans": [{"Node Type": "Aggregate", "Strategy": "Hashed", "Parent Relationship": "Outer", "Startup Cost": 141071.59, "Total Cost": 141605.72, "Plan Rows": 854611, "Plan Width": 52, "Actual Min Startup Time": 767.134, "Actual Max Startup Time": 831.536, "Actual Min Total Time": 768.05, "Actual Max Total Time": 863.759, "Actual Total Rows": 1188428, "Group By Key": ["part.p_brand", "part.p_type", "part.p_size", "partsupp.ps_suppkey"], "Plans": [{"Node Type": "Streaming(type: LOCAL REDISTRIBUTE dop: 16/16)", "Parent Relationship": "Outer", "Startup Cost": 69999.79, "Total Cost": 140403.93, "Plan Rows": 854611, "Plan Width": 44, "Actual Min Startup Time": 323.271, "Actual Max Startup Time": 773.136, "Actual Min Total Time": 614.546, "Actual Max Total Time": 773.136, "Actual Total Rows": 1188666, "Plans": [{"Node Type": "Hash Join", "Parent Relationship": "Outer", "Join Type": "Anti", "Startup Cost": 69999.79, "Total Cost": 104950.92, "Plan Rows": 854611, "Plan Width": 44, "Actual Min Startup Time": 319.56, "Actual Max Startup Time": 404.165, "Actual Min Total Time": 620.607, "Actual Max Total Time": 716.832, "Actual Total Rows": 1188666, "Inner Unique": false, "Hash Cond": "(partsupp.ps_suppkey = supplier.s_suppkey), (LLVM Optimized, Jit Execute)", "Plans": [{"Node Type": "Hash Join", "Parent Relationship": "Outer", "Join Type": "Inner", "Startup Cost": 51463.21, "Total Cost": 85746.67, "Plan Rows": 854625, "Plan Width": 44, "Actual Min Startup Time": 319.47, "Actual Max Startup Time": 342.856, "Actual Min Total Time": 598.59, "Actual Max Total Time": 634.107, "Actual Total Rows": 1189344, "Inner Unique": true, "Hash Cond": "(partsupp.ps_partkey = part.p_partkey), (LLVM Optimized, Jit Execute)", "Plans": [{"Node Type": "Seq Scan", "Parent Relationship": "Outer", "Relation Name": "partsupp", "Alias": "partsupp", "Startup Cost": 0.0, "Total Cost": 31874.23, "Plan Rows": 8000372, "Plan Width": 16, "Actual Min Startup Time": 0.023, "Actual Max Startup Time": 0.038, "Actual Min Total Time": 151.039, "Actual Max Total Time": 162.82, "Actual Total Rows": 8000000}, {"Node Type": "Hash", "Parent Relationship": "Inner", "Startup Cost": 47765.16, "Total Cost": 47765.16, "Plan Rows": 4733504, "Plan Width": 44, "Actual Min Startup Time": 319.067, "Actual Max Startup Time": 342.372, "Actual Min Total Time": 319.067, "Actual Max Total Time": 342.372, "Actual Total Rows": 4757376, "Max Hash Buckets": 524288, "Min Hash Buckets": 524288, "Max Hash Batches": 1, "Min Hash Batches": 1, "Max Original Hash Batches": 1, "Min Original Hash Batches": 1, "Max Peak Memory Usage": 23216, "min Peak Memory Usage": 23216, "Plans": [{"Node Type": "Streaming(type: BROADCAST dop: 16/16)", "Parent Relationship": "Outer", "Startup Cost": 0.0, "Total Cost": 47765.16, "Plan Rows": 4733504, "Plan Width": 44, "Actual Min Startup Time": 0.037, "Actual Max Startup Time": 0.092, "Actual Min Total Time": 218.869, "Actual Max Total Time": 242.54, "Actual Total Rows": 4757376, "Plans": [{"Node Type": "Seq Scan", "Parent Relationship": "Outer", "Relation Name": "part", "Alias": "part", "Startup Cost": 0.0, "Total Cost": 20746.5, "Plan Rows": 295844, "Plan Width": 44, "Actual Min Startup Time": 0.033, "Actual Max Startup Time": 0.07, "Actual Min Total Time": 102.838, "Actual Max Total Time": 108.172, "Actual Total Rows": 297336, "Filter": "((p_brand <> 'Brand#34'::bpchar) AND ((p_type)::text !~~ 'LARGE BRUSHED%'::text) AND (p_size = ANY ('{48,19,12,4,41,7,21,39}'::integer[]))), (LLVM Optimized, Jit Execute)", "Rows Removed by Filter": 1702664}]}]}]}, {"Node Type": "Hash", "Parent Relationship": "Inner", "Startup Cost": 18536.45, "Total Cost": 18536.45, "Plan Rows": 160, "Plan Width": 8, "Actual Min Startup Time": 0.041, "Actual Max Startup Time": 61.248, "Actual Min Total Time": 0.041, "Actual Max Total Time": 61.248, "Actual Total Rows": 896, "Max Hash Buckets": 32768, "Min Hash Buckets": 32768, "Max Hash Batches": 1, "Min Hash Batches": 1, "Max Original Hash Batches": 1, "Min Original Hash Batches": 1, "Max Peak Memory Usage": 3, "min Peak Memory Usage": 3, "Plans": [{"Node Type": "Streaming(type: BROADCAST dop: 16/1)", "Parent Relationship": "Outer", "Startup Cost": 0.0, "Total Cost": 18536.45, "Plan Rows": 160, "Plan Width": 8, "Actual Min Startup Time": 0.012, "Actual Max Startup Time": 61.212, "Actual Min Total Time": 0.014, "Actual Max Total Time": 61.215, "Actual Total Rows": 896, "Plans": [{"Node Type": "Seq Scan", "Parent Relationship": "Outer", "Relation Name": "supplier", "Alias": "supplier", "Startup Cost": 0.0, "Total Cost": 3533.0, "Plan Rows": 10, "Plan Width": 8, "Actual Min Startup Time": 0.248, "Actual Max Startup Time": 0.248, "Actual Min Total Time": 52.934, "Actual Max Total Time": 52.934, "Actual Total Rows": 56, "Filter": "((s_comment)::text ~~ '%Customer%Complaints%'::text)", "Rows Removed by Filter": 99944}]}]}]}]}]}]}]}]}, "Triggers": [], "Planner Runtime": 1.74, "Total Runtime": 1224.55, "Unique SQL Id": 1437012347}}, "(16, 33)": {"explain_plan": {"Plan": {"Node Type": "Sort", "Startup Cost": 409910.03, "Total Cost": 409979.37, "Plan Rows": 27736, "Plan Width": 60, "Sort Key": ["(count(partsupp.ps_suppkey)) DESC", "part.p_brand", "part.p_type", "part.p_size"], "Plans": [{"Node Type": "Streaming(type: LOCAL GATHER dop: 1/16)", "Parent Relationship": "Outer", "Startup Cost": 407565.26, "Total Cost": 407863.19, "Plan Rows": 27736, "Plan Width": 60, "Plans": [{"Node Type": "Aggregate", "Strategy": "Hashed", "Parent Relationship": "Outer", "Startup Cost": 407565.26, "Total Cost": 407582.59, "Plan Rows": 27736, "Plan Width": 60, "Group By Key": ["part.p_brand", "part.p_type", "part.p_size"], "Plans": [{"Node Type": "Aggregate", "Strategy": "Hashed", "Parent Relationship": "Outer", "Startup Cost": 406496.99, "Total Cost": 407031.13, "Plan Rows": 854611, "Plan Width": 52, "Group By Key": ["part.p_brand", "part.p_type", "part.p_size", "partsupp.ps_suppkey"], "Plans": [{"Node Type": "Streaming(type: LOCAL REDISTRIBUTE dop: 16/16)", "Parent Relationship": "Outer", "Startup Cost": 150233.08, "Total Cost": 405829.33, "Plan Rows": 854611, "Plan Width": 44, "Plans": [{"Node Type": "Hash Join", "Parent Relationship": "Outer", "Join Type": "Anti", "Startup Cost": 150233.08, "Total Cost": 370376.33, "Plan Rows": 854611, "Plan Width": 44, "Inner Unique": false, "Hash Cond": "(partsupp.ps_suppkey = supplier.s_suppkey), (LLVM Optimized)", "Plans": [{"Node Type": "Hash Join", "Parent Relationship": "Outer", "Join Type": "Inner", "Startup Cost": 129644.96, "Total Cost": 349120.53, "Plan Rows": 854625, "Plan Width": 44, "Inner Unique": true, "Hash Cond": "(partsupp.ps_partkey = part.p_partkey), (LLVM Optimized)", "Plans": [{"Node Type": "Index Only Scan", "Parent Relationship": "Outer", "Scan Direction": "Forward", "Index Name": "partsupp_pkey", "Relation Name": "partsupp", "Alias": "partsupp", "Startup Cost": 0.0, "Total Cost": 217066.34, "Plan Rows": 8000372, "Plan Width": 16}, {"Node Type": "Hash", "Parent Relationship": "Inner", "Startup Cost": 125946.91, "Total Cost": 125946.91, "Plan Rows": 4733504, "Plan Width": 44, "Plans": [{"Node Type": "Streaming(type: BROADCAST dop: 16/16)", "Parent Relationship": "Outer", "Startup Cost": 0.0, "Total Cost": 125946.91, "Plan Rows": 4733504, "Plan Width": 44, "Plans": [{"Node Type": "Index Scan", "Parent Relationship": "Outer", "Scan Direction": "Forward", "Index Name": "part_kpey", "Relation Name": "part", "Alias": "part", "Startup Cost": 0.0, "Total Cost": 98928.25, "Plan Rows": 295844, "Plan Width": 44, "Filter": "((p_brand <> 'Brand#34'::bpchar) AND ((p_type)::text !~~ 'LARGE BRUSHED%'::text) AND (p_size = ANY ('{48,19,12,4,41,7,21,39}'::integer[]))), (LLVM Optimized)"}]}]}]}, {"Node Type": "Hash", "Parent Relationship": "Inner", "Startup Cost": 20588.0, "Total Cost": 20588.0, "Plan Rows": 160, "Plan Width": 8, "Plans": [{"Node Type": "Streaming(type: BROADCAST dop: 16/1)", "Parent Relationship": "Outer", "Startup Cost": 0.0, "Total Cost": 20588.0, "Plan Rows": 160, "Plan Width": 8, "Plans": [{"Node Type": "Index Scan", "Parent Relationship": "Outer", "Scan Direction": "Forward", "Index Name": "supplier_pkey", "Relation Name": "supplier", "Alias": "supplier", "Startup Cost": 0.0, "Total Cost": 5584.54, "Plan Rows": 10, "Plan Width": 8, "Filter": "((s_comment)::text ~~ '%Customer%Complaints%'::text)"}]}]}]}]}]}]}]}]}, "Unique SQL Id": 1437012347}, "explain_analyze_plan": {"Plan": {"Node Type": "Sort", "Startup Cost": 409910.03, "Total Cost": 409979.37, "Plan Rows": 27736, "Plan Width": 60, "Actual Min Startup Time": 1815.176, "Actual Max Startup Time": 1815.176, "Actual Min Total Time": 1817.8, "Actual Max Total Time": 1817.8, "Actual Total Rows": 27838, "Sort Key": ["(count(partsupp.ps_suppkey)) DESC", "part.p_brand", "part.p_type", "part.p_size"], "Sort Method": "quicksort", "Sort Space Min Used": 3402, "Sort Space Max Used": 3402, "Sort Space Type": "Memory", "Plans": [{"Node Type": "Streaming(type: LOCAL GATHER dop: 1/16)", "Parent Relationship": "Outer", "Startup Cost": 407565.26, "Total Cost": 407863.19, "Plan Rows": 27736, "Plan Width": 60, "Actual Min Startup Time": 1570.324, "Actual Max Startup Time": 1570.324, "Actual Min Total Time": 1729.343, "Actual Max Total Time": 1729.343, "Actual Total Rows": 27838, "Plans": [{"Node Type": "Aggregate", "Strategy": "Hashed", "Parent Relationship": "Outer", "Startup Cost": 407565.26, "Total Cost": 407582.59, "Plan Rows": 27736, "Plan Width": 60, "Actual Min Startup Time": 1388.501, "Actual Max Startup Time": 1602.412, "Actual Min Total Time": 1388.501, "Actual Max Total Time": 1603.625, "Actual Total Rows": 27838, "Group By Key": ["part.p_brand", "part.p_type", "part.p_size"], "Plans": [{"Node Type": "Aggregate", "Strategy": "Hashed", "Parent Relationship": "Outer", "Startup Cost": 406496.99, "Total Cost": 407031.13, "Plan Rows": 854611, "Plan Width": 52, "Actual Min Startup Time": 1387.761, "Actual Max Startup Time": 1412.065, "Actual Min Total Time": 1388.419, "Actual Max Total Time": 1457.08, "Actual Total Rows": 1188428, "Group By Key": ["part.p_brand", "part.p_type", "part.p_size", "partsupp.ps_suppkey"], "Plans": [{"Node Type": "Streaming(type: LOCAL REDISTRIBUTE dop: 16/16)", "Parent Relationship": "Outer", "Startup Cost": 150233.08, "Total Cost": 405829.33, "Plan Rows": 854611, "Plan Width": 44, "Actual Min Startup Time": 960.412, "Actual Max Startup Time": 1392.614, "Actual Min Total Time": 1248.656, "Actual Max Total Time": 1392.614, "Actual Total Rows": 1188666, "Plans": [{"Node Type": "Hash Join", "Parent Relationship": "Outer", "Join Type": "Anti", "Startup Cost": 150233.08, "Total Cost": 370376.33, "Plan Rows": 854611, "Plan Width": 44, "Actual Min Startup Time": 956.596, "Actual Max Startup Time": 1035.556, "Actual Min Total Time": 1224.498, "Actual Max Total Time": 1314.451, "Actual Total Rows": 1188666, "Inner Unique": false, "Hash Cond": "(partsupp.ps_suppkey = supplier.s_suppkey), (LLVM Optimized, Jit Execute)", "Plans": [{"Node Type": "Hash Join", "Parent Relationship": "Outer", "Join Type": "Inner", "Startup Cost": 129644.96, "Total Cost": 349120.53, "Plan Rows": 854625, "Plan Width": 44, "Actual Min Startup Time": 953.27, "Actual Max Startup Time": 953.37, "Actual Min Total Time": 1197.442, "Actual Max Total Time": 1229.005, "Actual Total Rows": 1189344, "Inner Unique": true, "Hash Cond": "(partsupp.ps_partkey = part.p_partkey), (LLVM Optimized, Jit Execute)", "Plans": [{"Node Type": "Index Only Scan", "Parent Relationship": "Outer", "Scan Direction": "Forward", "Index Name": "partsupp_pkey", "Relation Name": "partsupp", "Alias": "partsupp", "Startup Cost": 0.0, "Total Cost": 217066.34, "Plan Rows": 8000372, "Plan Width": 16, "Actual Min Startup Time": 563.544, "Actual Max Startup Time": 563.657, "Actual Min Total Time": 691.545, "Actual Max Total Time": 712.293, "Actual Total Rows": 8000000, "Heap Fetches": 0}, {"Node Type": "Hash", "Parent Relationship": "Inner", "Startup Cost": 125946.91, "Total Cost": 125946.91, "Plan Rows": 4733504, "Plan Width": 44, "Actual Min Startup Time": 388.776, "Actual Max Startup Time": 388.847, "Actual Min Total Time": 388.776, "Actual Max Total Time": 388.847, "Actual Total Rows": 4757376, "Max Hash Buckets": 524288, "Min Hash Buckets": 524288, "Max Hash Batches": 1, "Min Hash Batches": 1, "Max Original Hash Batches": 1, "Min Original Hash Batches": 1, "Max Peak Memory Usage": 23216, "min Peak Memory Usage": 23216, "Plans": [{"Node Type": "Streaming(type: BROADCAST dop: 16/16)", "Parent Relationship": "Outer", "Startup Cost": 0.0, "Total Cost": 125946.91, "Plan Rows": 4733504, "Plan Width": 44, "Actual Min Startup Time": 0.055, "Actual Max Startup Time": 0.097, "Actual Min Total Time": 278.383, "Actual Max Total Time": 295.018, "Actual Total Rows": 4757376, "Plans": [{"Node Type": "Index Scan", "Parent Relationship": "Outer", "Scan Direction": "Forward", "Index Name": "part_kpey", "Relation Name": "part", "Alias": "part", "Startup Cost": 0.0, "Total Cost": 98928.25, "Plan Rows": 295844, "Plan Width": 44, "Actual Min Startup Time": 0.053, "Actual Max Startup Time": 61.876, "Actual Min Total Time": 154.618, "Actual Max Total Time": 227.449, "Actual Total Rows": 297336, "Filter": "((p_brand <> 'Brand#34'::bpchar) AND ((p_type)::text !~~ 'LARGE BRUSHED%'::text) AND (p_size = ANY ('{48,19,12,4,41,7,21,39}'::integer[]))), (LLVM Optimized, Jit Execute)", "Rows Removed by Filter": 1702664}]}]}]}, {"Node Type": "Hash", "Parent Relationship": "Inner", "Startup Cost": 20588.0, "Total Cost": 20588.0, "Plan Rows": 160, "Plan Width": 8, "Actual Min Startup Time": 3.206, "Actual Max Startup Time": 82.19, "Actual Min Total Time": 3.206, "Actual Max Total Time": 82.19, "Actual Total Rows": 896, "Max Hash Buckets": 32768, "Min Hash Buckets": 32768, "Max Hash Batches": 1, "Min Hash Batches": 1, "Max Original Hash Batches": 1, "Min Original Hash Batches": 1, "Max Peak Memory Usage": 3, "min Peak Memory Usage": 3, "Plans": [{"Node Type": "Streaming(type: BROADCAST dop: 16/1)", "Parent Relationship": "Outer", "Startup Cost": 0.0, "Total Cost": 20588.0, "Plan Rows": 160, "Plan Width": 8, "Actual Min Startup Time": 3.182, "Actual Max Startup Time": 82.163, "Actual Min Total Time": 3.186, "Actual Max Total Time": 82.171, "Actual Total Rows": 896, "Plans": [{"Node Type": "Index Scan", "Parent Relationship": "Outer", "Scan Direction": "Forward", "Index Name": "supplier_pkey", "Relation Name": "supplier", "Alias": "supplier", "Startup Cost": 0.0, "Total Cost": 5584.54, "Plan Rows": 10, "Plan Width": 8, "Actual Min Startup Time": 0.421, "Actual Max Startup Time": 0.421, "Actual Min Total Time": 83.676, "Actual Max Total Time": 83.676, "Actual Total Rows": 56, "Filter": "((s_comment)::text ~~ '%Customer%Complaints%'::text)", "Rows Removed by Filter": 99944}]}]}]}]}]}]}]}]}, "Triggers": [], "Planner Runtime": 1.69, "Total Runtime": 1839.491, "Unique SQL Id": 1437012347}}, "(16, 34)": {"explain_plan": {"Plan": {"Node Type": "Sort", "Startup Cost": 144484.63, "Total Cost": 144553.97, "Plan Rows": 27736, "Plan Width": 60, "Sort Key": ["(count(partsupp.ps_suppkey)) DESC", "part.p_brand", "part.p_type", "part.p_size"], "Plans": [{"Node Type": "Streaming(type: LOCAL GATHER dop: 1/16)", "Parent Relationship": "Outer", "Startup Cost": 142139.85, "Total Cost": 142437.78, "Plan Rows": 27736, "Plan Width": 60, "Plans": [{"Node Type": "Aggregate", "Strategy": "Hashed", "Parent Relationship": "Outer", "Startup Cost": 142139.85, "Total Cost": 142157.19, "Plan Rows": 27736, "Plan Width": 60, "Group By Key": ["part.p_brand", "part.p_type", "part.p_size"], "Plans": [{"Node Type": "Aggregate", "Strategy": "Hashed", "Parent Relationship": "Outer", "Startup Cost": 141071.59, "Total Cost": 141605.72, "Plan Rows": 854611, "Plan Width": 52, "Group By Key": ["part.p_brand", "part.p_type", "part.p_size", "partsupp.ps_suppkey"], "Plans": [{"Node Type": "Streaming(type: LOCAL REDISTRIBUTE dop: 16/16)", "Parent Relationship": "Outer", "Startup Cost": 69999.79, "Total Cost": 140403.93, "Plan Rows": 854611, "Plan Width": 44, "Plans": [{"Node Type": "Hash Join", "Parent Relationship": "Outer", "Join Type": "Anti", "Startup Cost": 69999.79, "Total Cost": 104950.92, "Plan Rows": 854611, "Plan Width": 44, "Inner Unique": false, "Hash Cond": "(partsupp.ps_suppkey = supplier.s_suppkey), (LLVM Optimized)", "Plans": [{"Node Type": "Hash Join", "Parent Relationship": "Outer", "Join Type": "Inner", "Startup Cost": 51463.21, "Total Cost": 85746.67, "Plan Rows": 854625, "Plan Width": 44, "Inner Unique": true, "Hash Cond": "(partsupp.ps_partkey = part.p_partkey), (LLVM Optimized)", "Plans": [{"Node Type": "Seq Scan", "Parent Relationship": "Outer", "Relation Name": "partsupp", "Alias": "partsupp", "Startup Cost": 0.0, "Total Cost": 31874.23, "Plan Rows": 8000372, "Plan Width": 16}, {"Node Type": "Hash", "Parent Relationship": "Inner", "Startup Cost": 47765.16, "Total Cost": 47765.16, "Plan Rows": 4733504, "Plan Width": 44, "Plans": [{"Node Type": "Streaming(type: BROADCAST dop: 16/16)", "Parent Relationship": "Outer", "Startup Cost": 0.0, "Total Cost": 47765.16, "Plan Rows": 4733504, "Plan Width": 44, "Plans": [{"Node Type": "Seq Scan", "Parent Relationship": "Outer", "Relation Name": "part", "Alias": "part", "Startup Cost": 0.0, "Total Cost": 20746.5, "Plan Rows": 295844, "Plan Width": 44, "Filter": "((p_brand <> 'Brand#34'::bpchar) AND ((p_type)::text !~~ 'LARGE BRUSHED%'::text) AND (p_size = ANY ('{48,19,12,4,41,7,21,39}'::integer[]))), (LLVM Optimized)"}]}]}]}, {"Node Type": "Hash", "Parent Relationship": "Inner", "Startup Cost": 18536.45, "Total Cost": 18536.45, "Plan Rows": 160, "Plan Width": 8, "Plans": [{"Node Type": "Streaming(type: BROADCAST dop: 16/1)", "Parent Relationship": "Outer", "Startup Cost": 0.0, "Total Cost": 18536.45, "Plan Rows": 160, "Plan Width": 8, "Plans": [{"Node Type": "Seq Scan", "Parent Relationship": "Outer", "Relation Name": "supplier", "Alias": "supplier", "Startup Cost": 0.0, "Total Cost": 3533.0, "Plan Rows": 10, "Plan Width": 8, "Filter": "((s_comment)::text ~~ '%Customer%Complaints%'::text)"}]}]}]}]}]}]}]}]}, "Unique SQL Id": 1437012347}, "explain_analyze_plan": {"Plan": {"Node Type": "Sort", "Startup Cost": 144484.63, "Total Cost": 144553.97, "Plan Rows": 27736, "Plan Width": 60, "Actual Min Startup Time": 1200.331, "Actual Max Startup Time": 1200.331, "Actual Min Total Time": 1203.099, "Actual Max Total Time": 1203.099, "Actual Total Rows": 27838, "Sort Key": ["(count(partsupp.ps_suppkey)) DESC", "part.p_brand", "part.p_type", "part.p_size"], "Sort Method": "quicksort", "Sort Space Min Used": 3402, "Sort Space Max Used": 3402, "Sort Space Type": "Memory", "Plans": [{"Node Type": "Streaming(type: LOCAL GATHER dop: 1/16)", "Parent Relationship": "Outer", "Startup Cost": 142139.85, "Total Cost": 142437.78, "Plan Rows": 27736, "Plan Width": 60, "Actual Min Startup Time": 941.122, "Actual Max Startup Time": 941.122, "Actual Min Total Time": 1112.365, "Actual Max Total Time": 1112.365, "Actual Total Rows": 27838, "Plans": [{"Node Type": "Aggregate", "Strategy": "Hashed", "Parent Relationship": "Outer", "Startup Cost": 142139.85, "Total Cost": 142157.19, "Plan Rows": 27736, "Plan Width": 60, "Actual Min Startup Time": 768.112, "Actual Max Startup Time": 989.65, "Actual Min Total Time": 768.112, "Actual Max Total Time": 990.899, "Actual Total Rows": 27838, "Group By Key": ["part.p_brand", "part.p_type", "part.p_size"], "Plans": [{"Node Type": "Aggregate", "Strategy": "Hashed", "Parent Relationship": "Outer", "Startup Cost": 141071.59, "Total Cost": 141605.72, "Plan Rows": 854611, "Plan Width": 52, "Actual Min Startup Time": 767.134, "Actual Max Startup Time": 831.536, "Actual Min Total Time": 768.05, "Actual Max Total Time": 863.759, "Actual Total Rows": 1188428, "Group By Key": ["part.p_brand", "part.p_type", "part.p_size", "partsupp.ps_suppkey"], "Plans": [{"Node Type": "Streaming(type: LOCAL REDISTRIBUTE dop: 16/16)", "Parent Relationship": "Outer", "Startup Cost": 69999.79, "Total Cost": 140403.93, "Plan Rows": 854611, "Plan Width": 44, "Actual Min Startup Time": 323.271, "Actual Max Startup Time": 773.136, "Actual Min Total Time": 614.546, "Actual Max Total Time": 773.136, "Actual Total Rows": 1188666, "Plans": [{"Node Type": "Hash Join", "Parent Relationship": "Outer", "Join Type": "Anti", "Startup Cost": 69999.79, "Total Cost": 104950.92, "Plan Rows": 854611, "Plan Width": 44, "Actual Min Startup Time": 319.56, "Actual Max Startup Time": 404.165, "Actual Min Total Time": 620.607, "Actual Max Total Time": 716.832, "Actual Total Rows": 1188666, "Inner Unique": false, "Hash Cond": "(partsupp.ps_suppkey = supplier.s_suppkey), (LLVM Optimized, Jit Execute)", "Plans": [{"Node Type": "Hash Join", "Parent Relationship": "Outer", "Join Type": "Inner", "Startup Cost": 51463.21, "Total Cost": 85746.67, "Plan Rows": 854625, "Plan Width": 44, "Actual Min Startup Time": 319.47, "Actual Max Startup Time": 342.856, "Actual Min Total Time": 598.59, "Actual Max Total Time": 634.107, "Actual Total Rows": 1189344, "Inner Unique": true, "Hash Cond": "(partsupp.ps_partkey = part.p_partkey), (LLVM Optimized, Jit Execute)", "Plans": [{"Node Type": "Seq Scan", "Parent Relationship": "Outer", "Relation Name": "partsupp", "Alias": "partsupp", "Startup Cost": 0.0, "Total Cost": 31874.23, "Plan Rows": 8000372, "Plan Width": 16, "Actual Min Startup Time": 0.023, "Actual Max Startup Time": 0.038, "Actual Min Total Time": 151.039, "Actual Max Total Time": 162.82, "Actual Total Rows": 8000000}, {"Node Type": "Hash", "Parent Relationship": "Inner", "Startup Cost": 47765.16, "Total Cost": 47765.16, "Plan Rows": 4733504, "Plan Width": 44, "Actual Min Startup Time": 319.067, "Actual Max Startup Time": 342.372, "Actual Min Total Time": 319.067, "Actual Max Total Time": 342.372, "Actual Total Rows": 4757376, "Max Hash Buckets": 524288, "Min Hash Buckets": 524288, "Max Hash Batches": 1, "Min Hash Batches": 1, "Max Original Hash Batches": 1, "Min Original Hash Batches": 1, "Max Peak Memory Usage": 23216, "min Peak Memory Usage": 23216, "Plans": [{"Node Type": "Streaming(type: BROADCAST dop: 16/16)", "Parent Relationship": "Outer", "Startup Cost": 0.0, "Total Cost": 47765.16, "Plan Rows": 4733504, "Plan Width": 44, "Actual Min Startup Time": 0.037, "Actual Max Startup Time": 0.092, "Actual Min Total Time": 218.869, "Actual Max Total Time": 242.54, "Actual Total Rows": 4757376, "Plans": [{"Node Type": "Seq Scan", "Parent Relationship": "Outer", "Relation Name": "part", "Alias": "part", "Startup Cost": 0.0, "Total Cost": 20746.5, "Plan Rows": 295844, "Plan Width": 44, "Actual Min Startup Time": 0.033, "Actual Max Startup Time": 0.07, "Actual Min Total Time": 102.838, "Actual Max Total Time": 108.172, "Actual Total Rows": 297336, "Filter": "((p_brand <> 'Brand#34'::bpchar) AND ((p_type)::text !~~ 'LARGE BRUSHED%'::text) AND (p_size = ANY ('{48,19,12,4,41,7,21,39}'::integer[]))), (LLVM Optimized, Jit Execute)", "Rows Removed by Filter": 1702664}]}]}]}, {"Node Type": "Hash", "Parent Relationship": "Inner", "Startup Cost": 18536.45, "Total Cost": 18536.45, "Plan Rows": 160, "Plan Width": 8, "Actual Min Startup Time": 0.041, "Actual Max Startup Time": 61.248, "Actual Min Total Time": 0.041, "Actual Max Total Time": 61.248, "Actual Total Rows": 896, "Max Hash Buckets": 32768, "Min Hash Buckets": 32768, "Max Hash Batches": 1, "Min Hash Batches": 1, "Max Original Hash Batches": 1, "Min Original Hash Batches": 1, "Max Peak Memory Usage": 3, "min Peak Memory Usage": 3, "Plans": [{"Node Type": "Streaming(type: BROADCAST dop: 16/1)", "Parent Relationship": "Outer", "Startup Cost": 0.0, "Total Cost": 18536.45, "Plan Rows": 160, "Plan Width": 8, "Actual Min Startup Time": 0.012, "Actual Max Startup Time": 61.212, "Actual Min Total Time": 0.014, "Actual Max Total Time": 61.215, "Actual Total Rows": 896, "Plans": [{"Node Type": "Seq Scan", "Parent Relationship": "Outer", "Relation Name": "supplier", "Alias": "supplier", "Startup Cost": 0.0, "Total Cost": 3533.0, "Plan Rows": 10, "Plan Width": 8, "Actual Min Startup Time": 0.248, "Actual Max Startup Time": 0.248, "Actual Min Total Time": 52.934, "Actual Max Total Time": 52.934, "Actual Total Rows": 56, "Filter": "((s_comment)::text ~~ '%Customer%Complaints%'::text)", "Rows Removed by Filter": 99944}]}]}]}]}]}]}]}]}, "Triggers": [], "Planner Runtime": 1.74, "Total Runtime": 1224.55, "Unique SQL Id": 1437012347}}, "(16, 35)": {"explain_plan": {"Plan": {"Node Type": "Sort", "Startup Cost": 636427.53, "Total Cost": 636496.87, "Plan Rows": 27736, "Plan Width": 60, "Sort Key": ["(count(partsupp.ps_suppkey)) DESC", "part.p_brand", "part.p_type", "part.p_size"], "Plans": [{"Node Type": "Aggregate", "Strategy": "Hashed", "Parent Relationship": "Outer", "Startup Cost": 634103.33, "Total Cost": 634380.69, "Plan Rows": 27736, "Plan Width": 60, "Group By Key": ["part.p_brand", "part.p_type", "part.p_size"], "Plans": [{"Node Type": "Aggregate", "Strategy": "Hashed", "Parent Relationship": "Outer", "Startup Cost": 633548.61, "Total Cost": 633825.97, "Plan Rows": 27736, "Plan Width": 52, "Group By Key": ["part.p_brand", "part.p_type", "part.p_size", "partsupp.ps_suppkey"], "Plans": [{"Node Type": "Hash Join", "Parent Relationship": "Outer", "Join Type": "Anti", "Startup Cost": 303647.84, "Total Cost": 622865.97, "Plan Rows": 854611, "Plan Width": 44, "Inner Unique": false, "Hash Cond": "(partsupp.ps_suppkey = supplier.s_suppkey), (LLVM Optimized)", "Plans": [{"Node Type": "Hash Join", "Parent Relationship": "Outer", "Join Type": "Inner", "Startup Cost": 298066.46, "Total Cost": 606601.83, "Plan Rows": 854625, "Plan Width": 44, "Inner Unique": true, "Hash Cond": "(partsupp.ps_partkey = part.p_partkey), (LLVM Optimized)", "Plans": [{"Node Type": "Bitmap Heap Scan", "Parent Relationship": "Outer", "Relation Name": "partsupp", "Alias": "partsupp", "Startup Cost": 163494.2, "Total Cost": 433481.92, "Plan Rows": 8000372, "Plan Width": 16, "Plans": [{"Node Type": "Bitmap Index Scan", "Parent Relationship": "Outer", "Index Name": "idx_partsupp_partkey", "Startup Cost": 0.0, "Total Cost": 161494.11, "Plan Rows": 8000372, "Plan Width": 0}]}, {"Node Type": "Hash", "Parent Relationship": "Inner", "Startup Cost": 130874.21, "Total Cost": 130874.21, "Plan Rows": 295844, "Plan Width": 44, "Plans": [{"Node Type": "Bitmap Heap Scan", "Parent Relationship": "Outer", "Relation Name": "part", "Alias": "part", "Startup Cost": 38930.21, "Total Cost": 130874.21, "Plan Rows": 295844, "Plan Width": 44, "Filter": "((p_brand <> 'Brand#34'::bpchar) AND ((p_type)::text !~~ 'LARGE BRUSHED%'::text) AND (p_size = ANY ('{48,19,12,4,41,7,21,39}'::integer[]))), (LLVM Optimized)", "Plans": [{"Node Type": "Bitmap Index Scan", "Parent Relationship": "Outer", "Index Name": "part_kpey", "Startup Cost": 0.0, "Total Cost": 38856.25, "Plan Rows": 2000000, "Plan Width": 0}]}]}]}, {"Node Type": "Hash", "Parent Relationship": "Inner", "Startup Cost": 5581.25, "Total Cost": 5581.25, "Plan Rows": 10, "Plan Width": 8, "Plans": [{"Node Type": "Bitmap Heap Scan", "Parent Relationship": "Outer", "Relation Name": "supplier", "Alias": "supplier", "Startup Cost": 2048.25, "Total Cost": 5581.25, "Plan Rows": 10, "Plan Width": 8, "Filter": "((s_comment)::text ~~ '%Customer%Complaints%'::text)", "Plans": [{"Node Type": "Bitmap Index Scan", "Parent Relationship": "Outer", "Index Name": "supplier_pkey", "Startup Cost": 0.0, "Total Cost": 2048.25, "Plan Rows": 100000, "Plan Width": 0}]}]}]}]}]}]}, "Unique SQL Id": 1437012347}, "explain_analyze_plan": null}, "(16, 36)": {"explain_plan": {"Plan": {"Node Type": "Sort", "Startup Cost": 144484.63, "Total Cost": 144553.97, "Plan Rows": 27736, "Plan Width": 60, "Sort Key": ["(count(partsupp.ps_suppkey)) DESC", "part.p_brand", "part.p_type", "part.p_size"], "Plans": [{"Node Type": "Streaming(type: LOCAL GATHER dop: 1/16)", "Parent Relationship": "Outer", "Startup Cost": 142139.85, "Total Cost": 142437.78, "Plan Rows": 27736, "Plan Width": 60, "Plans": [{"Node Type": "Aggregate", "Strategy": "Hashed", "Parent Relationship": "Outer", "Startup Cost": 142139.85, "Total Cost": 142157.19, "Plan Rows": 27736, "Plan Width": 60, "Group By Key": ["part.p_brand", "part.p_type", "part.p_size"], "Plans": [{"Node Type": "Aggregate", "Strategy": "Hashed", "Parent Relationship": "Outer", "Startup Cost": 141071.59, "Total Cost": 141605.72, "Plan Rows": 854611, "Plan Width": 52, "Group By Key": ["part.p_brand", "part.p_type", "part.p_size", "partsupp.ps_suppkey"], "Plans": [{"Node Type": "Streaming(type: LOCAL REDISTRIBUTE dop: 16/16)", "Parent Relationship": "Outer", "Startup Cost": 69999.79, "Total Cost": 140403.93, "Plan Rows": 854611, "Plan Width": 44, "Plans": [{"Node Type": "Hash Join", "Parent Relationship": "Outer", "Join Type": "Anti", "Startup Cost": 69999.79, "Total Cost": 104950.92, "Plan Rows": 854611, "Plan Width": 44, "Inner Unique": false, "Hash Cond": "(partsupp.ps_suppkey = supplier.s_suppkey), (LLVM Optimized)", "Plans": [{"Node Type": "Hash Join", "Parent Relationship": "Outer", "Join Type": "Inner", "Startup Cost": 51463.21, "Total Cost": 85746.67, "Plan Rows": 854625, "Plan Width": 44, "Inner Unique": true, "Hash Cond": "(partsupp.ps_partkey = part.p_partkey), (LLVM Optimized)", "Plans": [{"Node Type": "Seq Scan", "Parent Relationship": "Outer", "Relation Name": "partsupp", "Alias": "partsupp", "Startup Cost": 0.0, "Total Cost": 31874.23, "Plan Rows": 8000372, "Plan Width": 16}, {"Node Type": "Hash", "Parent Relationship": "Inner", "Startup Cost": 47765.16, "Total Cost": 47765.16, "Plan Rows": 4733504, "Plan Width": 44, "Plans": [{"Node Type": "Streaming(type: BROADCAST dop: 16/16)", "Parent Relationship": "Outer", "Startup Cost": 0.0, "Total Cost": 47765.16, "Plan Rows": 4733504, "Plan Width": 44, "Plans": [{"Node Type": "Seq Scan", "Parent Relationship": "Outer", "Relation Name": "part", "Alias": "part", "Startup Cost": 0.0, "Total Cost": 20746.5, "Plan Rows": 295844, "Plan Width": 44, "Filter": "((p_brand <> 'Brand#34'::bpchar) AND ((p_type)::text !~~ 'LARGE BRUSHED%'::text) AND (p_size = ANY ('{48,19,12,4,41,7,21,39}'::integer[]))), (LLVM Optimized)"}]}]}]}, {"Node Type": "Hash", "Parent Relationship": "Inner", "Startup Cost": 18536.45, "Total Cost": 18536.45, "Plan Rows": 160, "Plan Width": 8, "Plans": [{"Node Type": "Streaming(type: BROADCAST dop: 16/1)", "Parent Relationship": "Outer", "Startup Cost": 0.0, "Total Cost": 18536.45, "Plan Rows": 160, "Plan Width": 8, "Plans": [{"Node Type": "Seq Scan", "Parent Relationship": "Outer", "Relation Name": "supplier", "Alias": "supplier", "Startup Cost": 0.0, "Total Cost": 3533.0, "Plan Rows": 10, "Plan Width": 8, "Filter": "((s_comment)::text ~~ '%Customer%Complaints%'::text)"}]}]}]}]}]}]}]}]}, "Unique SQL Id": 1437012347}, "explain_analyze_plan": {"Plan": {"Node Type": "Sort", "Startup Cost": 144484.63, "Total Cost": 144553.97, "Plan Rows": 27736, "Plan Width": 60, "Actual Min Startup Time": 1200.331, "Actual Max Startup Time": 1200.331, "Actual Min Total Time": 1203.099, "Actual Max Total Time": 1203.099, "Actual Total Rows": 27838, "Sort Key": ["(count(partsupp.ps_suppkey)) DESC", "part.p_brand", "part.p_type", "part.p_size"], "Sort Method": "quicksort", "Sort Space Min Used": 3402, "Sort Space Max Used": 3402, "Sort Space Type": "Memory", "Plans": [{"Node Type": "Streaming(type: LOCAL GATHER dop: 1/16)", "Parent Relationship": "Outer", "Startup Cost": 142139.85, "Total Cost": 142437.78, "Plan Rows": 27736, "Plan Width": 60, "Actual Min Startup Time": 941.122, "Actual Max Startup Time": 941.122, "Actual Min Total Time": 1112.365, "Actual Max Total Time": 1112.365, "Actual Total Rows": 27838, "Plans": [{"Node Type": "Aggregate", "Strategy": "Hashed", "Parent Relationship": "Outer", "Startup Cost": 142139.85, "Total Cost": 142157.19, "Plan Rows": 27736, "Plan Width": 60, "Actual Min Startup Time": 768.112, "Actual Max Startup Time": 989.65, "Actual Min Total Time": 768.112, "Actual Max Total Time": 990.899, "Actual Total Rows": 27838, "Group By Key": ["part.p_brand", "part.p_type", "part.p_size"], "Plans": [{"Node Type": "Aggregate", "Strategy": "Hashed", "Parent Relationship": "Outer", "Startup Cost": 141071.59, "Total Cost": 141605.72, "Plan Rows": 854611, "Plan Width": 52, "Actual Min Startup Time": 767.134, "Actual Max Startup Time": 831.536, "Actual Min Total Time": 768.05, "Actual Max Total Time": 863.759, "Actual Total Rows": 1188428, "Group By Key": ["part.p_brand", "part.p_type", "part.p_size", "partsupp.ps_suppkey"], "Plans": [{"Node Type": "Streaming(type: LOCAL REDISTRIBUTE dop: 16/16)", "Parent Relationship": "Outer", "Startup Cost": 69999.79, "Total Cost": 140403.93, "Plan Rows": 854611, "Plan Width": 44, "Actual Min Startup Time": 323.271, "Actual Max Startup Time": 773.136, "Actual Min Total Time": 614.546, "Actual Max Total Time": 773.136, "Actual Total Rows": 1188666, "Plans": [{"Node Type": "Hash Join", "Parent Relationship": "Outer", "Join Type": "Anti", "Startup Cost": 69999.79, "Total Cost": 104950.92, "Plan Rows": 854611, "Plan Width": 44, "Actual Min Startup Time": 319.56, "Actual Max Startup Time": 404.165, "Actual Min Total Time": 620.607, "Actual Max Total Time": 716.832, "Actual Total Rows": 1188666, "Inner Unique": false, "Hash Cond": "(partsupp.ps_suppkey = supplier.s_suppkey), (LLVM Optimized, Jit Execute)", "Plans": [{"Node Type": "Hash Join", "Parent Relationship": "Outer", "Join Type": "Inner", "Startup Cost": 51463.21, "Total Cost": 85746.67, "Plan Rows": 854625, "Plan Width": 44, "Actual Min Startup Time": 319.47, "Actual Max Startup Time": 342.856, "Actual Min Total Time": 598.59, "Actual Max Total Time": 634.107, "Actual Total Rows": 1189344, "Inner Unique": true, "Hash Cond": "(partsupp.ps_partkey = part.p_partkey), (LLVM Optimized, Jit Execute)", "Plans": [{"Node Type": "Seq Scan", "Parent Relationship": "Outer", "Relation Name": "partsupp", "Alias": "partsupp", "Startup Cost": 0.0, "Total Cost": 31874.23, "Plan Rows": 8000372, "Plan Width": 16, "Actual Min Startup Time": 0.023, "Actual Max Startup Time": 0.038, "Actual Min Total Time": 151.039, "Actual Max Total Time": 162.82, "Actual Total Rows": 8000000}, {"Node Type": "Hash", "Parent Relationship": "Inner", "Startup Cost": 47765.16, "Total Cost": 47765.16, "Plan Rows": 4733504, "Plan Width": 44, "Actual Min Startup Time": 319.067, "Actual Max Startup Time": 342.372, "Actual Min Total Time": 319.067, "Actual Max Total Time": 342.372, "Actual Total Rows": 4757376, "Max Hash Buckets": 524288, "Min Hash Buckets": 524288, "Max Hash Batches": 1, "Min Hash Batches": 1, "Max Original Hash Batches": 1, "Min Original Hash Batches": 1, "Max Peak Memory Usage": 23216, "min Peak Memory Usage": 23216, "Plans": [{"Node Type": "Streaming(type: BROADCAST dop: 16/16)", "Parent Relationship": "Outer", "Startup Cost": 0.0, "Total Cost": 47765.16, "Plan Rows": 4733504, "Plan Width": 44, "Actual Min Startup Time": 0.037, "Actual Max Startup Time": 0.092, "Actual Min Total Time": 218.869, "Actual Max Total Time": 242.54, "Actual Total Rows": 4757376, "Plans": [{"Node Type": "Seq Scan", "Parent Relationship": "Outer", "Relation Name": "part", "Alias": "part", "Startup Cost": 0.0, "Total Cost": 20746.5, "Plan Rows": 295844, "Plan Width": 44, "Actual Min Startup Time": 0.033, "Actual Max Startup Time": 0.07, "Actual Min Total Time": 102.838, "Actual Max Total Time": 108.172, "Actual Total Rows": 297336, "Filter": "((p_brand <> 'Brand#34'::bpchar) AND ((p_type)::text !~~ 'LARGE BRUSHED%'::text) AND (p_size = ANY ('{48,19,12,4,41,7,21,39}'::integer[]))), (LLVM Optimized, Jit Execute)", "Rows Removed by Filter": 1702664}]}]}]}, {"Node Type": "Hash", "Parent Relationship": "Inner", "Startup Cost": 18536.45, "Total Cost": 18536.45, "Plan Rows": 160, "Plan Width": 8, "Actual Min Startup Time": 0.041, "Actual Max Startup Time": 61.248, "Actual Min Total Time": 0.041, "Actual Max Total Time": 61.248, "Actual Total Rows": 896, "Max Hash Buckets": 32768, "Min Hash Buckets": 32768, "Max Hash Batches": 1, "Min Hash Batches": 1, "Max Original Hash Batches": 1, "Min Original Hash Batches": 1, "Max Peak Memory Usage": 3, "min Peak Memory Usage": 3, "Plans": [{"Node Type": "Streaming(type: BROADCAST dop: 16/1)", "Parent Relationship": "Outer", "Startup Cost": 0.0, "Total Cost": 18536.45, "Plan Rows": 160, "Plan Width": 8, "Actual Min Startup Time": 0.012, "Actual Max Startup Time": 61.212, "Actual Min Total Time": 0.014, "Actual Max Total Time": 61.215, "Actual Total Rows": 896, "Plans": [{"Node Type": "Seq Scan", "Parent Relationship": "Outer", "Relation Name": "supplier", "Alias": "supplier", "Startup Cost": 0.0, "Total Cost": 3533.0, "Plan Rows": 10, "Plan Width": 8, "Actual Min Startup Time": 0.248, "Actual Max Startup Time": 0.248, "Actual Min Total Time": 52.934, "Actual Max Total Time": 52.934, "Actual Total Rows": 56, "Filter": "((s_comment)::text ~~ '%Customer%Complaints%'::text)", "Rows Removed by Filter": 99944}]}]}]}]}]}]}]}]}, "Triggers": [], "Planner Runtime": 1.74, "Total Runtime": 1224.55, "Unique SQL Id": 1437012347}}, "(16, 37)": {"explain_plan": {"Plan": {"Node Type": "Sort", "Startup Cost": 564325.23, "Total Cost": 564394.57, "Plan Rows": 27736, "Plan Width": 60, "Sort Key": ["(count(partsupp.ps_suppkey)) DESC", "part.p_brand", "part.p_type", "part.p_size"], "Plans": [{"Node Type": "Streaming(type: LOCAL GATHER dop: 1/16)", "Parent Relationship": "Outer", "Startup Cost": 561980.46, "Total Cost": 562278.39, "Plan Rows": 27736, "Plan Width": 60, "Plans": [{"Node Type": "Aggregate", "Strategy": "Hashed", "Parent Relationship": "Outer", "Startup Cost": 561980.46, "Total Cost": 561997.8, "Plan Rows": 27736, "Plan Width": 60, "Group By Key": ["part.p_brand", "part.p_type", "part.p_size"], "Plans": [{"Node Type": "Aggregate", "Strategy": "Hashed", "Parent Relationship": "Outer", "Startup Cost": 560912.2, "Total Cost": 561446.33, "Plan Rows": 854611, "Plan Width": 52, "Group By Key": ["part.p_brand", "part.p_type", "part.p_size", "partsupp.ps_suppkey"], "Plans": [{"Node Type": "Streaming(type: LOCAL REDISTRIBUTE dop: 16/16)", "Parent Relationship": "Outer", "Startup Cost": 150233.08, "Total Cost": 560244.53, "Plan Rows": 854611, "Plan Width": 44, "Plans": [{"Node Type": "Hash Join", "Parent Relationship": "Outer", "Join Type": "Anti", "Startup Cost": 150233.08, "Total Cost": 524791.53, "Plan Rows": 854611, "Plan Width": 44, "Inner Unique": false, "Hash Cond": "(partsupp.ps_suppkey = supplier.s_suppkey), (LLVM Optimized)", "Plans": [{"Node Type": "Hash Join", "Parent Relationship": "Outer", "Join Type": "Inner", "Startup Cost": 129644.96, "Total Cost": 503535.74, "Plan Rows": 854625, "Plan Width": 44, "Inner Unique": true, "Hash Cond": "(partsupp.ps_partkey = part.p_partkey), (LLVM Optimized)", "Plans": [{"Node Type": "Index Scan", "Parent Relationship": "Outer", "Scan Direction": "Forward", "Index Name": "idx_partsupp_partkey", "Relation Name": "partsupp", "Alias": "partsupp", "Startup Cost": 0.0, "Total Cost": 371481.55, "Plan Rows": 8000372, "Plan Width": 16}, {"Node Type": "Hash", "Parent Relationship": "Inner", "Startup Cost": 125946.91, "Total Cost": 125946.91, "Plan Rows": 4733504, "Plan Width": 44, "Plans": [{"Node Type": "Streaming(type: BROADCAST dop: 16/16)", "Parent Relationship": "Outer", "Startup Cost": 0.0, "Total Cost": 125946.91, "Plan Rows": 4733504, "Plan Width": 44, "Plans": [{"Node Type": "Index Scan", "Parent Relationship": "Outer", "Scan Direction": "Forward", "Index Name": "part_kpey", "Relation Name": "part", "Alias": "part", "Startup Cost": 0.0, "Total Cost": 98928.25, "Plan Rows": 295844, "Plan Width": 44, "Filter": "((p_brand <> 'Brand#34'::bpchar) AND ((p_type)::text !~~ 'LARGE BRUSHED%'::text) AND (p_size = ANY ('{48,19,12,4,41,7,21,39}'::integer[]))), (LLVM Optimized)"}]}]}]}, {"Node Type": "Hash", "Parent Relationship": "Inner", "Startup Cost": 20588.0, "Total Cost": 20588.0, "Plan Rows": 160, "Plan Width": 8, "Plans": [{"Node Type": "Streaming(type: BROADCAST dop: 16/1)", "Parent Relationship": "Outer", "Startup Cost": 0.0, "Total Cost": 20588.0, "Plan Rows": 160, "Plan Width": 8, "Plans": [{"Node Type": "Index Scan", "Parent Relationship": "Outer", "Scan Direction": "Forward", "Index Name": "supplier_pkey", "Relation Name": "supplier", "Alias": "supplier", "Startup Cost": 0.0, "Total Cost": 5584.54, "Plan Rows": 10, "Plan Width": 8, "Filter": "((s_comment)::text ~~ '%Customer%Complaints%'::text)"}]}]}]}]}]}]}]}]}, "Unique SQL Id": 1437012347}, "explain_analyze_plan": {"Plan": {"Node Type": "Sort", "Startup Cost": 564325.23, "Total Cost": 564394.57, "Plan Rows": 27736, "Plan Width": 60, "Actual Min Startup Time": 1619.572, "Actual Max Startup Time": 1619.572, "Actual Min Total Time": 1622.26, "Actual Max Total Time": 1622.26, "Actual Total Rows": 27838, "Sort Key": ["(count(partsupp.ps_suppkey)) DESC", "part.p_brand", "part.p_type", "part.p_size"], "Sort Method": "quicksort", "Sort Space Min Used": 3402, "Sort Space Max Used": 3402, "Sort Space Type": "Memory", "Plans": [{"Node Type": "Streaming(type: LOCAL GATHER dop: 1/16)", "Parent Relationship": "Outer", "Startup Cost": 561980.46, "Total Cost": 562278.39, "Plan Rows": 27736, "Plan Width": 60, "Actual Min Startup Time": 1367.631, "Actual Max Startup Time": 1367.631, "Actual Min Total Time": 1534.225, "Actual Max Total Time": 1534.225, "Actual Total Rows": 27838, "Plans": [{"Node Type": "Aggregate", "Strategy": "Hashed", "Parent Relationship": "Outer", "Startup Cost": 561980.46, "Total Cost": 561997.8, "Plan Rows": 27736, "Plan Width": 60, "Actual Min Startup Time": 1184.074, "Actual Max Startup Time": 1396.508, "Actual Min Total Time": 1184.074, "Actual Max Total Time": 1397.687, "Actual Total Rows": 27838, "Group By Key": ["part.p_brand", "part.p_type", "part.p_size"], "Plans": [{"Node Type": "Aggregate", "Strategy": "Hashed", "Parent Relationship": "Outer", "Startup Cost": 560912.2, "Total Cost": 561446.33, "Plan Rows": 854611, "Plan Width": 52, "Actual Min Startup Time": 1176.118, "Actual Max Startup Time": 1256.882, "Actual Min Total Time": 1184.016, "Actual Max Total Time": 1288.867, "Actual Total Rows": 1188428, "Group By Key": ["part.p_brand", "part.p_type", "part.p_size", "partsupp.ps_suppkey"], "Plans": [{"Node Type": "Streaming(type: LOCAL REDISTRIBUTE dop: 16/16)", "Parent Relationship": "Outer", "Startup Cost": 150233.08, "Total Cost": 560244.53, "Plan Rows": 854611, "Plan Width": 44, "Actual Min Startup Time": 568.154, "Actual Max Startup Time": 1213.325, "Actual Min Total Time": 1036.832, "Actual Max Total Time": 1213.325, "Actual Total Rows": 1188666, "Plans": [{"Node Type": "Hash Join", "Parent Relationship": "Outer", "Join Type": "Anti", "Startup Cost": 150233.08, "Total Cost": 524791.53, "Plan Rows": 854611, "Plan Width": 44, "Actual Min Startup Time": 563.498, "Actual Max Startup Time": 656.823, "Actual Min Total Time": 1032.687, "Actual Max Total Time": 1151.158, "Actual Total Rows": 1188666, "Inner Unique": false, "Hash Cond": "(partsupp.ps_suppkey = supplier.s_suppkey), (LLVM Optimized, Jit Execute)", "Plans": [{"Node Type": "Hash Join", "Parent Relationship": "Outer", "Join Type": "Inner", "Startup Cost": 129644.96, "Total Cost": 503535.74, "Plan Rows": 854625, "Plan Width": 44, "Actual Min Startup Time": 563.406, "Actual Max Startup Time": 565.349, "Actual Min Total Time": 1004.557, "Actual Max Total Time": 1049.519, "Actual Total Rows": 1189344, "Inner Unique": true, "Hash Cond": "(partsupp.ps_partkey = part.p_partkey), (LLVM Optimized, Jit Execute)", "Plans": [{"Node Type": "Index Scan", "Parent Relationship": "Outer", "Scan Direction": "Forward", "Index Name": "idx_partsupp_partkey", "Relation Name": "partsupp", "Alias": "partsupp", "Startup Cost": 0.0, "Total Cost": 371481.55, "Plan Rows": 8000372, "Plan Width": 16, "Actual Min Startup Time": 53.627, "Actual Max Startup Time": 53.723, "Actual Min Total Time": 366.616, "Actual Max Total Time": 382.503, "Actual Total Rows": 8000000}, {"Node Type": "Hash", "Parent Relationship": "Inner", "Startup Cost": 125946.91, "Total Cost": 125946.91, "Plan Rows": 4733504, "Plan Width": 44, "Actual Min Startup Time": 509.283, "Actual Max Startup Time": 511.049, "Actual Min Total Time": 509.283, "Actual Max Total Time": 511.049, "Actual Total Rows": 4757376, "Max Hash Buckets": 524288, "Min Hash Buckets": 524288, "Max Hash Batches": 1, "Min Hash Batches": 1, "Max Original Hash Batches": 1, "Min Original Hash Batches": 1, "Max Peak Memory Usage": 23216, "min Peak Memory Usage": 23216, "Plans": [{"Node Type": "Streaming(type: BROADCAST dop: 16/16)", "Parent Relationship": "Outer", "Startup Cost": 0.0, "Total Cost": 125946.91, "Plan Rows": 4733504, "Plan Width": 44, "Actual Min Startup Time": 10.053, "Actual Max Startup Time": 11.842, "Actual Min Total Time": 402.657, "Actual Max Total Time": 419.53, "Actual Total Rows": 4757376, "Plans": [{"Node Type": "Index Scan", "Parent Relationship": "Outer", "Scan Direction": "Forward", "Index Name": "part_kpey", "Relation Name": "part", "Alias": "part", "Startup Cost": 0.0, "Total Cost": 98928.25, "Plan Rows": 295844, "Plan Width": 44, "Actual Min Startup Time": 11.768, "Actual Max Startup Time": 86.127, "Actual Min Total Time": 163.258, "Actual Max Total Time": 249.032, "Actual Total Rows": 297336, "Filter": "((p_brand <> 'Brand#34'::bpchar) AND ((p_type)::text !~~ 'LARGE BRUSHED%'::text) AND (p_size = ANY ('{48,19,12,4,41,7,21,39}'::integer[]))), (LLVM Optimized, Jit Execute)", "Rows Removed by Filter": 1702664}]}]}]}, {"Node Type": "Hash", "Parent Relationship": "Inner", "Startup Cost": 20588.0, "Total Cost": 20588.0, "Plan Rows": 160, "Plan Width": 8, "Actual Min Startup Time": 0.048, "Actual Max Startup Time": 92.028, "Actual Min Total Time": 0.048, "Actual Max Total Time": 92.028, "Actual Total Rows": 896, "Max Hash Buckets": 32768, "Min Hash Buckets": 32768, "Max Hash Batches": 1, "Min Hash Batches": 1, "Max Original Hash Batches": 1, "Min Original Hash Batches": 1, "Max Peak Memory Usage": 3, "min Peak Memory Usage": 3, "Plans": [{"Node Type": "Streaming(type: BROADCAST dop: 16/1)", "Parent Relationship": "Outer", "Startup Cost": 0.0, "Total Cost": 20588.0, "Plan Rows": 160, "Plan Width": 8, "Actual Min Startup Time": 0.021, "Actual Max Startup Time": 91.779, "Actual Min Total Time": 0.024, "Actual Max Total Time": 91.786, "Actual Total Rows": 896, "Plans": [{"Node Type": "Index Scan", "Parent Relationship": "Outer", "Scan Direction": "Forward", "Index Name": "supplier_pkey", "Relation Name": "supplier", "Alias": "supplier", "Startup Cost": 0.0, "Total Cost": 5584.54, "Plan Rows": 10, "Plan Width": 8, "Actual Min Startup Time": 0.422, "Actual Max Startup Time": 0.422, "Actual Min Total Time": 88.316, "Actual Max Total Time": 88.316, "Actual Total Rows": 56, "Filter": "((s_comment)::text ~~ '%Customer%Complaints%'::text)", "Rows Removed by Filter": 99944}]}]}]}]}]}]}]}]}, "Triggers": [], "Planner Runtime": 1.876, "Total Runtime": 1643.998, "Unique SQL Id": 1437012347}}, "(16, 38)": {"explain_plan": {"Plan": {"Node Type": "Sort", "Startup Cost": 144484.63, "Total Cost": 144553.97, "Plan Rows": 27736, "Plan Width": 60, "Sort Key": ["(count(partsupp.ps_suppkey)) DESC", "part.p_brand", "part.p_type", "part.p_size"], "Plans": [{"Node Type": "Streaming(type: LOCAL GATHER dop: 1/16)", "Parent Relationship": "Outer", "Startup Cost": 142139.85, "Total Cost": 142437.78, "Plan Rows": 27736, "Plan Width": 60, "Plans": [{"Node Type": "Aggregate", "Strategy": "Hashed", "Parent Relationship": "Outer", "Startup Cost": 142139.85, "Total Cost": 142157.19, "Plan Rows": 27736, "Plan Width": 60, "Group By Key": ["part.p_brand", "part.p_type", "part.p_size"], "Plans": [{"Node Type": "Aggregate", "Strategy": "Hashed", "Parent Relationship": "Outer", "Startup Cost": 141071.59, "Total Cost": 141605.72, "Plan Rows": 854611, "Plan Width": 52, "Group By Key": ["part.p_brand", "part.p_type", "part.p_size", "partsupp.ps_suppkey"], "Plans": [{"Node Type": "Streaming(type: LOCAL REDISTRIBUTE dop: 16/16)", "Parent Relationship": "Outer", "Startup Cost": 69999.79, "Total Cost": 140403.93, "Plan Rows": 854611, "Plan Width": 44, "Plans": [{"Node Type": "Hash Join", "Parent Relationship": "Outer", "Join Type": "Anti", "Startup Cost": 69999.79, "Total Cost": 104950.92, "Plan Rows": 854611, "Plan Width": 44, "Inner Unique": false, "Hash Cond": "(partsupp.ps_suppkey = supplier.s_suppkey), (LLVM Optimized)", "Plans": [{"Node Type": "Hash Join", "Parent Relationship": "Outer", "Join Type": "Inner", "Startup Cost": 51463.21, "Total Cost": 85746.67, "Plan Rows": 854625, "Plan Width": 44, "Inner Unique": true, "Hash Cond": "(partsupp.ps_partkey = part.p_partkey), (LLVM Optimized)", "Plans": [{"Node Type": "Seq Scan", "Parent Relationship": "Outer", "Relation Name": "partsupp", "Alias": "partsupp", "Startup Cost": 0.0, "Total Cost": 31874.23, "Plan Rows": 8000372, "Plan Width": 16}, {"Node Type": "Hash", "Parent Relationship": "Inner", "Startup Cost": 47765.16, "Total Cost": 47765.16, "Plan Rows": 4733504, "Plan Width": 44, "Plans": [{"Node Type": "Streaming(type: BROADCAST dop: 16/16)", "Parent Relationship": "Outer", "Startup Cost": 0.0, "Total Cost": 47765.16, "Plan Rows": 4733504, "Plan Width": 44, "Plans": [{"Node Type": "Seq Scan", "Parent Relationship": "Outer", "Relation Name": "part", "Alias": "part", "Startup Cost": 0.0, "Total Cost": 20746.5, "Plan Rows": 295844, "Plan Width": 44, "Filter": "((p_brand <> 'Brand#34'::bpchar) AND ((p_type)::text !~~ 'LARGE BRUSHED%'::text) AND (p_size = ANY ('{48,19,12,4,41,7,21,39}'::integer[]))), (LLVM Optimized)"}]}]}]}, {"Node Type": "Hash", "Parent Relationship": "Inner", "Startup Cost": 18536.45, "Total Cost": 18536.45, "Plan Rows": 160, "Plan Width": 8, "Plans": [{"Node Type": "Streaming(type: BROADCAST dop: 16/1)", "Parent Relationship": "Outer", "Startup Cost": 0.0, "Total Cost": 18536.45, "Plan Rows": 160, "Plan Width": 8, "Plans": [{"Node Type": "Seq Scan", "Parent Relationship": "Outer", "Relation Name": "supplier", "Alias": "supplier", "Startup Cost": 0.0, "Total Cost": 3533.0, "Plan Rows": 10, "Plan Width": 8, "Filter": "((s_comment)::text ~~ '%Customer%Complaints%'::text)"}]}]}]}]}]}]}]}]}, "Unique SQL Id": 1437012347}, "explain_analyze_plan": {"Plan": {"Node Type": "Sort", "Startup Cost": 144484.63, "Total Cost": 144553.97, "Plan Rows": 27736, "Plan Width": 60, "Actual Min Startup Time": 1200.331, "Actual Max Startup Time": 1200.331, "Actual Min Total Time": 1203.099, "Actual Max Total Time": 1203.099, "Actual Total Rows": 27838, "Sort Key": ["(count(partsupp.ps_suppkey)) DESC", "part.p_brand", "part.p_type", "part.p_size"], "Sort Method": "quicksort", "Sort Space Min Used": 3402, "Sort Space Max Used": 3402, "Sort Space Type": "Memory", "Plans": [{"Node Type": "Streaming(type: LOCAL GATHER dop: 1/16)", "Parent Relationship": "Outer", "Startup Cost": 142139.85, "Total Cost": 142437.78, "Plan Rows": 27736, "Plan Width": 60, "Actual Min Startup Time": 941.122, "Actual Max Startup Time": 941.122, "Actual Min Total Time": 1112.365, "Actual Max Total Time": 1112.365, "Actual Total Rows": 27838, "Plans": [{"Node Type": "Aggregate", "Strategy": "Hashed", "Parent Relationship": "Outer", "Startup Cost": 142139.85, "Total Cost": 142157.19, "Plan Rows": 27736, "Plan Width": 60, "Actual Min Startup Time": 768.112, "Actual Max Startup Time": 989.65, "Actual Min Total Time": 768.112, "Actual Max Total Time": 990.899, "Actual Total Rows": 27838, "Group By Key": ["part.p_brand", "part.p_type", "part.p_size"], "Plans": [{"Node Type": "Aggregate", "Strategy": "Hashed", "Parent Relationship": "Outer", "Startup Cost": 141071.59, "Total Cost": 141605.72, "Plan Rows": 854611, "Plan Width": 52, "Actual Min Startup Time": 767.134, "Actual Max Startup Time": 831.536, "Actual Min Total Time": 768.05, "Actual Max Total Time": 863.759, "Actual Total Rows": 1188428, "Group By Key": ["part.p_brand", "part.p_type", "part.p_size", "partsupp.ps_suppkey"], "Plans": [{"Node Type": "Streaming(type: LOCAL REDISTRIBUTE dop: 16/16)", "Parent Relationship": "Outer", "Startup Cost": 69999.79, "Total Cost": 140403.93, "Plan Rows": 854611, "Plan Width": 44, "Actual Min Startup Time": 323.271, "Actual Max Startup Time": 773.136, "Actual Min Total Time": 614.546, "Actual Max Total Time": 773.136, "Actual Total Rows": 1188666, "Plans": [{"Node Type": "Hash Join", "Parent Relationship": "Outer", "Join Type": "Anti", "Startup Cost": 69999.79, "Total Cost": 104950.92, "Plan Rows": 854611, "Plan Width": 44, "Actual Min Startup Time": 319.56, "Actual Max Startup Time": 404.165, "Actual Min Total Time": 620.607, "Actual Max Total Time": 716.832, "Actual Total Rows": 1188666, "Inner Unique": false, "Hash Cond": "(partsupp.ps_suppkey = supplier.s_suppkey), (LLVM Optimized, Jit Execute)", "Plans": [{"Node Type": "Hash Join", "Parent Relationship": "Outer", "Join Type": "Inner", "Startup Cost": 51463.21, "Total Cost": 85746.67, "Plan Rows": 854625, "Plan Width": 44, "Actual Min Startup Time": 319.47, "Actual Max Startup Time": 342.856, "Actual Min Total Time": 598.59, "Actual Max Total Time": 634.107, "Actual Total Rows": 1189344, "Inner Unique": true, "Hash Cond": "(partsupp.ps_partkey = part.p_partkey), (LLVM Optimized, Jit Execute)", "Plans": [{"Node Type": "Seq Scan", "Parent Relationship": "Outer", "Relation Name": "partsupp", "Alias": "partsupp", "Startup Cost": 0.0, "Total Cost": 31874.23, "Plan Rows": 8000372, "Plan Width": 16, "Actual Min Startup Time": 0.023, "Actual Max Startup Time": 0.038, "Actual Min Total Time": 151.039, "Actual Max Total Time": 162.82, "Actual Total Rows": 8000000}, {"Node Type": "Hash", "Parent Relationship": "Inner", "Startup Cost": 47765.16, "Total Cost": 47765.16, "Plan Rows": 4733504, "Plan Width": 44, "Actual Min Startup Time": 319.067, "Actual Max Startup Time": 342.372, "Actual Min Total Time": 319.067, "Actual Max Total Time": 342.372, "Actual Total Rows": 4757376, "Max Hash Buckets": 524288, "Min Hash Buckets": 524288, "Max Hash Batches": 1, "Min Hash Batches": 1, "Max Original Hash Batches": 1, "Min Original Hash Batches": 1, "Max Peak Memory Usage": 23216, "min Peak Memory Usage": 23216, "Plans": [{"Node Type": "Streaming(type: BROADCAST dop: 16/16)", "Parent Relationship": "Outer", "Startup Cost": 0.0, "Total Cost": 47765.16, "Plan Rows": 4733504, "Plan Width": 44, "Actual Min Startup Time": 0.037, "Actual Max Startup Time": 0.092, "Actual Min Total Time": 218.869, "Actual Max Total Time": 242.54, "Actual Total Rows": 4757376, "Plans": [{"Node Type": "Seq Scan", "Parent Relationship": "Outer", "Relation Name": "part", "Alias": "part", "Startup Cost": 0.0, "Total Cost": 20746.5, "Plan Rows": 295844, "Plan Width": 44, "Actual Min Startup Time": 0.033, "Actual Max Startup Time": 0.07, "Actual Min Total Time": 102.838, "Actual Max Total Time": 108.172, "Actual Total Rows": 297336, "Filter": "((p_brand <> 'Brand#34'::bpchar) AND ((p_type)::text !~~ 'LARGE BRUSHED%'::text) AND (p_size = ANY ('{48,19,12,4,41,7,21,39}'::integer[]))), (LLVM Optimized, Jit Execute)", "Rows Removed by Filter": 1702664}]}]}]}, {"Node Type": "Hash", "Parent Relationship": "Inner", "Startup Cost": 18536.45, "Total Cost": 18536.45, "Plan Rows": 160, "Plan Width": 8, "Actual Min Startup Time": 0.041, "Actual Max Startup Time": 61.248, "Actual Min Total Time": 0.041, "Actual Max Total Time": 61.248, "Actual Total Rows": 896, "Max Hash Buckets": 32768, "Min Hash Buckets": 32768, "Max Hash Batches": 1, "Min Hash Batches": 1, "Max Original Hash Batches": 1, "Min Original Hash Batches": 1, "Max Peak Memory Usage": 3, "min Peak Memory Usage": 3, "Plans": [{"Node Type": "Streaming(type: BROADCAST dop: 16/1)", "Parent Relationship": "Outer", "Startup Cost": 0.0, "Total Cost": 18536.45, "Plan Rows": 160, "Plan Width": 8, "Actual Min Startup Time": 0.012, "Actual Max Startup Time": 61.212, "Actual Min Total Time": 0.014, "Actual Max Total Time": 61.215, "Actual Total Rows": 896, "Plans": [{"Node Type": "Seq Scan", "Parent Relationship": "Outer", "Relation Name": "supplier", "Alias": "supplier", "Startup Cost": 0.0, "Total Cost": 3533.0, "Plan Rows": 10, "Plan Width": 8, "Actual Min Startup Time": 0.248, "Actual Max Startup Time": 0.248, "Actual Min Total Time": 52.934, "Actual Max Total Time": 52.934, "Actual Total Rows": 56, "Filter": "((s_comment)::text ~~ '%Customer%Complaints%'::text)", "Rows Removed by Filter": 99944}]}]}]}]}]}]}]}]}, "Triggers": [], "Planner Runtime": 1.74, "Total Runtime": 1224.55, "Unique SQL Id": 1437012347}}, "(16, 39)": {"explain_plan": {"Plan": {"Node Type": "Sort", "Startup Cost": 636427.53, "Total Cost": 636496.87, "Plan Rows": 27736, "Plan Width": 60, "Sort Key": ["(count(partsupp.ps_suppkey)) DESC", "part.p_brand", "part.p_type", "part.p_size"], "Plans": [{"Node Type": "Aggregate", "Strategy": "Hashed", "Parent Relationship": "Outer", "Startup Cost": 634103.33, "Total Cost": 634380.69, "Plan Rows": 27736, "Plan Width": 60, "Group By Key": ["part.p_brand", "part.p_type", "part.p_size"], "Plans": [{"Node Type": "Aggregate", "Strategy": "Hashed", "Parent Relationship": "Outer", "Startup Cost": 633548.61, "Total Cost": 633825.97, "Plan Rows": 27736, "Plan Width": 52, "Group By Key": ["part.p_brand", "part.p_type", "part.p_size", "partsupp.ps_suppkey"], "Plans": [{"Node Type": "Hash Join", "Parent Relationship": "Outer", "Join Type": "Anti", "Startup Cost": 303647.84, "Total Cost": 622865.97, "Plan Rows": 854611, "Plan Width": 44, "Inner Unique": false, "Hash Cond": "(partsupp.ps_suppkey = supplier.s_suppkey), (LLVM Optimized)", "Plans": [{"Node Type": "Hash Join", "Parent Relationship": "Outer", "Join Type": "Inner", "Startup Cost": 298066.46, "Total Cost": 606601.83, "Plan Rows": 854625, "Plan Width": 44, "Inner Unique": true, "Hash Cond": "(partsupp.ps_partkey = part.p_partkey), (LLVM Optimized)", "Plans": [{"Node Type": "Bitmap Heap Scan", "Parent Relationship": "Outer", "Relation Name": "partsupp", "Alias": "partsupp", "Startup Cost": 163494.2, "Total Cost": 433481.92, "Plan Rows": 8000372, "Plan Width": 16, "Plans": [{"Node Type": "Bitmap Index Scan", "Parent Relationship": "Outer", "Index Name": "idx_partsupp_partkey", "Startup Cost": 0.0, "Total Cost": 161494.11, "Plan Rows": 8000372, "Plan Width": 0}]}, {"Node Type": "Hash", "Parent Relationship": "Inner", "Startup Cost": 130874.21, "Total Cost": 130874.21, "Plan Rows": 295844, "Plan Width": 44, "Plans": [{"Node Type": "Bitmap Heap Scan", "Parent Relationship": "Outer", "Relation Name": "part", "Alias": "part", "Startup Cost": 38930.21, "Total Cost": 130874.21, "Plan Rows": 295844, "Plan Width": 44, "Filter": "((p_brand <> 'Brand#34'::bpchar) AND ((p_type)::text !~~ 'LARGE BRUSHED%'::text) AND (p_size = ANY ('{48,19,12,4,41,7,21,39}'::integer[]))), (LLVM Optimized)", "Plans": [{"Node Type": "Bitmap Index Scan", "Parent Relationship": "Outer", "Index Name": "part_kpey", "Startup Cost": 0.0, "Total Cost": 38856.25, "Plan Rows": 2000000, "Plan Width": 0}]}]}]}, {"Node Type": "Hash", "Parent Relationship": "Inner", "Startup Cost": 5581.25, "Total Cost": 5581.25, "Plan Rows": 10, "Plan Width": 8, "Plans": [{"Node Type": "Bitmap Heap Scan", "Parent Relationship": "Outer", "Relation Name": "supplier", "Alias": "supplier", "Startup Cost": 2048.25, "Total Cost": 5581.25, "Plan Rows": 10, "Plan Width": 8, "Filter": "((s_comment)::text ~~ '%Customer%Complaints%'::text)", "Plans": [{"Node Type": "Bitmap Index Scan", "Parent Relationship": "Outer", "Index Name": "supplier_pkey", "Startup Cost": 0.0, "Total Cost": 2048.25, "Plan Rows": 100000, "Plan Width": 0}]}]}]}]}]}]}, "Unique SQL Id": 1437012347}, "explain_analyze_plan": null}, "(16, 40)": {"explain_plan": {"Plan": {"Node Type": "Sort", "Startup Cost": 144484.63, "Total Cost": 144553.97, "Plan Rows": 27736, "Plan Width": 60, "Sort Key": ["(count(partsupp.ps_suppkey)) DESC", "part.p_brand", "part.p_type", "part.p_size"], "Plans": [{"Node Type": "Streaming(type: LOCAL GATHER dop: 1/16)", "Parent Relationship": "Outer", "Startup Cost": 142139.85, "Total Cost": 142437.78, "Plan Rows": 27736, "Plan Width": 60, "Plans": [{"Node Type": "Aggregate", "Strategy": "Hashed", "Parent Relationship": "Outer", "Startup Cost": 142139.85, "Total Cost": 142157.19, "Plan Rows": 27736, "Plan Width": 60, "Group By Key": ["part.p_brand", "part.p_type", "part.p_size"], "Plans": [{"Node Type": "Aggregate", "Strategy": "Hashed", "Parent Relationship": "Outer", "Startup Cost": 141071.59, "Total Cost": 141605.72, "Plan Rows": 854611, "Plan Width": 52, "Group By Key": ["part.p_brand", "part.p_type", "part.p_size", "partsupp.ps_suppkey"], "Plans": [{"Node Type": "Streaming(type: LOCAL REDISTRIBUTE dop: 16/16)", "Parent Relationship": "Outer", "Startup Cost": 69999.79, "Total Cost": 140403.93, "Plan Rows": 854611, "Plan Width": 44, "Plans": [{"Node Type": "Hash Join", "Parent Relationship": "Outer", "Join Type": "Anti", "Startup Cost": 69999.79, "Total Cost": 104950.92, "Plan Rows": 854611, "Plan Width": 44, "Inner Unique": false, "Hash Cond": "(partsupp.ps_suppkey = supplier.s_suppkey), (LLVM Optimized)", "Plans": [{"Node Type": "Hash Join", "Parent Relationship": "Outer", "Join Type": "Inner", "Startup Cost": 51463.21, "Total Cost": 85746.67, "Plan Rows": 854625, "Plan Width": 44, "Inner Unique": true, "Hash Cond": "(partsupp.ps_partkey = part.p_partkey), (LLVM Optimized)", "Plans": [{"Node Type": "Seq Scan", "Parent Relationship": "Outer", "Relation Name": "partsupp", "Alias": "partsupp", "Startup Cost": 0.0, "Total Cost": 31874.23, "Plan Rows": 8000372, "Plan Width": 16}, {"Node Type": "Hash", "Parent Relationship": "Inner", "Startup Cost": 47765.16, "Total Cost": 47765.16, "Plan Rows": 4733504, "Plan Width": 44, "Plans": [{"Node Type": "Streaming(type: BROADCAST dop: 16/16)", "Parent Relationship": "Outer", "Startup Cost": 0.0, "Total Cost": 47765.16, "Plan Rows": 4733504, "Plan Width": 44, "Plans": [{"Node Type": "Seq Scan", "Parent Relationship": "Outer", "Relation Name": "part", "Alias": "part", "Startup Cost": 0.0, "Total Cost": 20746.5, "Plan Rows": 295844, "Plan Width": 44, "Filter": "((p_brand <> 'Brand#34'::bpchar) AND ((p_type)::text !~~ 'LARGE BRUSHED%'::text) AND (p_size = ANY ('{48,19,12,4,41,7,21,39}'::integer[]))), (LLVM Optimized)"}]}]}]}, {"Node Type": "Hash", "Parent Relationship": "Inner", "Startup Cost": 18536.45, "Total Cost": 18536.45, "Plan Rows": 160, "Plan Width": 8, "Plans": [{"Node Type": "Streaming(type: BROADCAST dop: 16/1)", "Parent Relationship": "Outer", "Startup Cost": 0.0, "Total Cost": 18536.45, "Plan Rows": 160, "Plan Width": 8, "Plans": [{"Node Type": "Seq Scan", "Parent Relationship": "Outer", "Relation Name": "supplier", "Alias": "supplier", "Startup Cost": 0.0, "Total Cost": 3533.0, "Plan Rows": 10, "Plan Width": 8, "Filter": "((s_comment)::text ~~ '%Customer%Complaints%'::text)"}]}]}]}]}]}]}]}]}, "Unique SQL Id": 1437012347}, "explain_analyze_plan": {"Plan": {"Node Type": "Sort", "Startup Cost": 144484.63, "Total Cost": 144553.97, "Plan Rows": 27736, "Plan Width": 60, "Actual Min Startup Time": 1200.331, "Actual Max Startup Time": 1200.331, "Actual Min Total Time": 1203.099, "Actual Max Total Time": 1203.099, "Actual Total Rows": 27838, "Sort Key": ["(count(partsupp.ps_suppkey)) DESC", "part.p_brand", "part.p_type", "part.p_size"], "Sort Method": "quicksort", "Sort Space Min Used": 3402, "Sort Space Max Used": 3402, "Sort Space Type": "Memory", "Plans": [{"Node Type": "Streaming(type: LOCAL GATHER dop: 1/16)", "Parent Relationship": "Outer", "Startup Cost": 142139.85, "Total Cost": 142437.78, "Plan Rows": 27736, "Plan Width": 60, "Actual Min Startup Time": 941.122, "Actual Max Startup Time": 941.122, "Actual Min Total Time": 1112.365, "Actual Max Total Time": 1112.365, "Actual Total Rows": 27838, "Plans": [{"Node Type": "Aggregate", "Strategy": "Hashed", "Parent Relationship": "Outer", "Startup Cost": 142139.85, "Total Cost": 142157.19, "Plan Rows": 27736, "Plan Width": 60, "Actual Min Startup Time": 768.112, "Actual Max Startup Time": 989.65, "Actual Min Total Time": 768.112, "Actual Max Total Time": 990.899, "Actual Total Rows": 27838, "Group By Key": ["part.p_brand", "part.p_type", "part.p_size"], "Plans": [{"Node Type": "Aggregate", "Strategy": "Hashed", "Parent Relationship": "Outer", "Startup Cost": 141071.59, "Total Cost": 141605.72, "Plan Rows": 854611, "Plan Width": 52, "Actual Min Startup Time": 767.134, "Actual Max Startup Time": 831.536, "Actual Min Total Time": 768.05, "Actual Max Total Time": 863.759, "Actual Total Rows": 1188428, "Group By Key": ["part.p_brand", "part.p_type", "part.p_size", "partsupp.ps_suppkey"], "Plans": [{"Node Type": "Streaming(type: LOCAL REDISTRIBUTE dop: 16/16)", "Parent Relationship": "Outer", "Startup Cost": 69999.79, "Total Cost": 140403.93, "Plan Rows": 854611, "Plan Width": 44, "Actual Min Startup Time": 323.271, "Actual Max Startup Time": 773.136, "Actual Min Total Time": 614.546, "Actual Max Total Time": 773.136, "Actual Total Rows": 1188666, "Plans": [{"Node Type": "Hash Join", "Parent Relationship": "Outer", "Join Type": "Anti", "Startup Cost": 69999.79, "Total Cost": 104950.92, "Plan Rows": 854611, "Plan Width": 44, "Actual Min Startup Time": 319.56, "Actual Max Startup Time": 404.165, "Actual Min Total Time": 620.607, "Actual Max Total Time": 716.832, "Actual Total Rows": 1188666, "Inner Unique": false, "Hash Cond": "(partsupp.ps_suppkey = supplier.s_suppkey), (LLVM Optimized, Jit Execute)", "Plans": [{"Node Type": "Hash Join", "Parent Relationship": "Outer", "Join Type": "Inner", "Startup Cost": 51463.21, "Total Cost": 85746.67, "Plan Rows": 854625, "Plan Width": 44, "Actual Min Startup Time": 319.47, "Actual Max Startup Time": 342.856, "Actual Min Total Time": 598.59, "Actual Max Total Time": 634.107, "Actual Total Rows": 1189344, "Inner Unique": true, "Hash Cond": "(partsupp.ps_partkey = part.p_partkey), (LLVM Optimized, Jit Execute)", "Plans": [{"Node Type": "Seq Scan", "Parent Relationship": "Outer", "Relation Name": "partsupp", "Alias": "partsupp", "Startup Cost": 0.0, "Total Cost": 31874.23, "Plan Rows": 8000372, "Plan Width": 16, "Actual Min Startup Time": 0.023, "Actual Max Startup Time": 0.038, "Actual Min Total Time": 151.039, "Actual Max Total Time": 162.82, "Actual Total Rows": 8000000}, {"Node Type": "Hash", "Parent Relationship": "Inner", "Startup Cost": 47765.16, "Total Cost": 47765.16, "Plan Rows": 4733504, "Plan Width": 44, "Actual Min Startup Time": 319.067, "Actual Max Startup Time": 342.372, "Actual Min Total Time": 319.067, "Actual Max Total Time": 342.372, "Actual Total Rows": 4757376, "Max Hash Buckets": 524288, "Min Hash Buckets": 524288, "Max Hash Batches": 1, "Min Hash Batches": 1, "Max Original Hash Batches": 1, "Min Original Hash Batches": 1, "Max Peak Memory Usage": 23216, "min Peak Memory Usage": 23216, "Plans": [{"Node Type": "Streaming(type: BROADCAST dop: 16/16)", "Parent Relationship": "Outer", "Startup Cost": 0.0, "Total Cost": 47765.16, "Plan Rows": 4733504, "Plan Width": 44, "Actual Min Startup Time": 0.037, "Actual Max Startup Time": 0.092, "Actual Min Total Time": 218.869, "Actual Max Total Time": 242.54, "Actual Total Rows": 4757376, "Plans": [{"Node Type": "Seq Scan", "Parent Relationship": "Outer", "Relation Name": "part", "Alias": "part", "Startup Cost": 0.0, "Total Cost": 20746.5, "Plan Rows": 295844, "Plan Width": 44, "Actual Min Startup Time": 0.033, "Actual Max Startup Time": 0.07, "Actual Min Total Time": 102.838, "Actual Max Total Time": 108.172, "Actual Total Rows": 297336, "Filter": "((p_brand <> 'Brand#34'::bpchar) AND ((p_type)::text !~~ 'LARGE BRUSHED%'::text) AND (p_size = ANY ('{48,19,12,4,41,7,21,39}'::integer[]))), (LLVM Optimized, Jit Execute)", "Rows Removed by Filter": 1702664}]}]}]}, {"Node Type": "Hash", "Parent Relationship": "Inner", "Startup Cost": 18536.45, "Total Cost": 18536.45, "Plan Rows": 160, "Plan Width": 8, "Actual Min Startup Time": 0.041, "Actual Max Startup Time": 61.248, "Actual Min Total Time": 0.041, "Actual Max Total Time": 61.248, "Actual Total Rows": 896, "Max Hash Buckets": 32768, "Min Hash Buckets": 32768, "Max Hash Batches": 1, "Min Hash Batches": 1, "Max Original Hash Batches": 1, "Min Original Hash Batches": 1, "Max Peak Memory Usage": 3, "min Peak Memory Usage": 3, "Plans": [{"Node Type": "Streaming(type: BROADCAST dop: 16/1)", "Parent Relationship": "Outer", "Startup Cost": 0.0, "Total Cost": 18536.45, "Plan Rows": 160, "Plan Width": 8, "Actual Min Startup Time": 0.012, "Actual Max Startup Time": 61.212, "Actual Min Total Time": 0.014, "Actual Max Total Time": 61.215, "Actual Total Rows": 896, "Plans": [{"Node Type": "Seq Scan", "Parent Relationship": "Outer", "Relation Name": "supplier", "Alias": "supplier", "Startup Cost": 0.0, "Total Cost": 3533.0, "Plan Rows": 10, "Plan Width": 8, "Actual Min Startup Time": 0.248, "Actual Max Startup Time": 0.248, "Actual Min Total Time": 52.934, "Actual Max Total Time": 52.934, "Actual Total Rows": 56, "Filter": "((s_comment)::text ~~ '%Customer%Complaints%'::text)", "Rows Removed by Filter": 99944}]}]}]}]}]}]}]}]}, "Triggers": [], "Planner Runtime": 1.74, "Total Runtime": 1224.55, "Unique SQL Id": 1437012347}}, "(16, 41)": {"explain_plan": {"Plan": {"Node Type": "Sort", "Startup Cost": 409910.03, "Total Cost": 409979.37, "Plan Rows": 27736, "Plan Width": 60, "Sort Key": ["(count(partsupp.ps_suppkey)) DESC", "part.p_brand", "part.p_type", "part.p_size"], "Plans": [{"Node Type": "Streaming(type: LOCAL GATHER dop: 1/16)", "Parent Relationship": "Outer", "Startup Cost": 407565.26, "Total Cost": 407863.19, "Plan Rows": 27736, "Plan Width": 60, "Plans": [{"Node Type": "Aggregate", "Strategy": "Hashed", "Parent Relationship": "Outer", "Startup Cost": 407565.26, "Total Cost": 407582.59, "Plan Rows": 27736, "Plan Width": 60, "Group By Key": ["part.p_brand", "part.p_type", "part.p_size"], "Plans": [{"Node Type": "Aggregate", "Strategy": "Hashed", "Parent Relationship": "Outer", "Startup Cost": 406496.99, "Total Cost": 407031.13, "Plan Rows": 854611, "Plan Width": 52, "Group By Key": ["part.p_brand", "part.p_type", "part.p_size", "partsupp.ps_suppkey"], "Plans": [{"Node Type": "Streaming(type: LOCAL REDISTRIBUTE dop: 16/16)", "Parent Relationship": "Outer", "Startup Cost": 150233.08, "Total Cost": 405829.33, "Plan Rows": 854611, "Plan Width": 44, "Plans": [{"Node Type": "Hash Join", "Parent Relationship": "Outer", "Join Type": "Anti", "Startup Cost": 150233.08, "Total Cost": 370376.33, "Plan Rows": 854611, "Plan Width": 44, "Inner Unique": false, "Hash Cond": "(partsupp.ps_suppkey = supplier.s_suppkey), (LLVM Optimized)", "Plans": [{"Node Type": "Hash Join", "Parent Relationship": "Outer", "Join Type": "Inner", "Startup Cost": 129644.96, "Total Cost": 349120.53, "Plan Rows": 854625, "Plan Width": 44, "Inner Unique": true, "Hash Cond": "(partsupp.ps_partkey = part.p_partkey), (LLVM Optimized)", "Plans": [{"Node Type": "Index Only Scan", "Parent Relationship": "Outer", "Scan Direction": "Forward", "Index Name": "partsupp_pkey", "Relation Name": "partsupp", "Alias": "partsupp", "Startup Cost": 0.0, "Total Cost": 217066.34, "Plan Rows": 8000372, "Plan Width": 16}, {"Node Type": "Hash", "Parent Relationship": "Inner", "Startup Cost": 125946.91, "Total Cost": 125946.91, "Plan Rows": 4733504, "Plan Width": 44, "Plans": [{"Node Type": "Streaming(type: BROADCAST dop: 16/16)", "Parent Relationship": "Outer", "Startup Cost": 0.0, "Total Cost": 125946.91, "Plan Rows": 4733504, "Plan Width": 44, "Plans": [{"Node Type": "Index Scan", "Parent Relationship": "Outer", "Scan Direction": "Forward", "Index Name": "part_kpey", "Relation Name": "part", "Alias": "part", "Startup Cost": 0.0, "Total Cost": 98928.25, "Plan Rows": 295844, "Plan Width": 44, "Filter": "((p_brand <> 'Brand#34'::bpchar) AND ((p_type)::text !~~ 'LARGE BRUSHED%'::text) AND (p_size = ANY ('{48,19,12,4,41,7,21,39}'::integer[]))), (LLVM Optimized)"}]}]}]}, {"Node Type": "Hash", "Parent Relationship": "Inner", "Startup Cost": 20588.0, "Total Cost": 20588.0, "Plan Rows": 160, "Plan Width": 8, "Plans": [{"Node Type": "Streaming(type: BROADCAST dop: 16/1)", "Parent Relationship": "Outer", "Startup Cost": 0.0, "Total Cost": 20588.0, "Plan Rows": 160, "Plan Width": 8, "Plans": [{"Node Type": "Index Scan", "Parent Relationship": "Outer", "Scan Direction": "Forward", "Index Name": "supplier_pkey", "Relation Name": "supplier", "Alias": "supplier", "Startup Cost": 0.0, "Total Cost": 5584.54, "Plan Rows": 10, "Plan Width": 8, "Filter": "((s_comment)::text ~~ '%Customer%Complaints%'::text)"}]}]}]}]}]}]}]}]}, "Unique SQL Id": 1437012347}, "explain_analyze_plan": {"Plan": {"Node Type": "Sort", "Startup Cost": 409910.03, "Total Cost": 409979.37, "Plan Rows": 27736, "Plan Width": 60, "Actual Min Startup Time": 1815.176, "Actual Max Startup Time": 1815.176, "Actual Min Total Time": 1817.8, "Actual Max Total Time": 1817.8, "Actual Total Rows": 27838, "Sort Key": ["(count(partsupp.ps_suppkey)) DESC", "part.p_brand", "part.p_type", "part.p_size"], "Sort Method": "quicksort", "Sort Space Min Used": 3402, "Sort Space Max Used": 3402, "Sort Space Type": "Memory", "Plans": [{"Node Type": "Streaming(type: LOCAL GATHER dop: 1/16)", "Parent Relationship": "Outer", "Startup Cost": 407565.26, "Total Cost": 407863.19, "Plan Rows": 27736, "Plan Width": 60, "Actual Min Startup Time": 1570.324, "Actual Max Startup Time": 1570.324, "Actual Min Total Time": 1729.343, "Actual Max Total Time": 1729.343, "Actual Total Rows": 27838, "Plans": [{"Node Type": "Aggregate", "Strategy": "Hashed", "Parent Relationship": "Outer", "Startup Cost": 407565.26, "Total Cost": 407582.59, "Plan Rows": 27736, "Plan Width": 60, "Actual Min Startup Time": 1388.501, "Actual Max Startup Time": 1602.412, "Actual Min Total Time": 1388.501, "Actual Max Total Time": 1603.625, "Actual Total Rows": 27838, "Group By Key": ["part.p_brand", "part.p_type", "part.p_size"], "Plans": [{"Node Type": "Aggregate", "Strategy": "Hashed", "Parent Relationship": "Outer", "Startup Cost": 406496.99, "Total Cost": 407031.13, "Plan Rows": 854611, "Plan Width": 52, "Actual Min Startup Time": 1387.761, "Actual Max Startup Time": 1412.065, "Actual Min Total Time": 1388.419, "Actual Max Total Time": 1457.08, "Actual Total Rows": 1188428, "Group By Key": ["part.p_brand", "part.p_type", "part.p_size", "partsupp.ps_suppkey"], "Plans": [{"Node Type": "Streaming(type: LOCAL REDISTRIBUTE dop: 16/16)", "Parent Relationship": "Outer", "Startup Cost": 150233.08, "Total Cost": 405829.33, "Plan Rows": 854611, "Plan Width": 44, "Actual Min Startup Time": 960.412, "Actual Max Startup Time": 1392.614, "Actual Min Total Time": 1248.656, "Actual Max Total Time": 1392.614, "Actual Total Rows": 1188666, "Plans": [{"Node Type": "Hash Join", "Parent Relationship": "Outer", "Join Type": "Anti", "Startup Cost": 150233.08, "Total Cost": 370376.33, "Plan Rows": 854611, "Plan Width": 44, "Actual Min Startup Time": 956.596, "Actual Max Startup Time": 1035.556, "Actual Min Total Time": 1224.498, "Actual Max Total Time": 1314.451, "Actual Total Rows": 1188666, "Inner Unique": false, "Hash Cond": "(partsupp.ps_suppkey = supplier.s_suppkey), (LLVM Optimized, Jit Execute)", "Plans": [{"Node Type": "Hash Join", "Parent Relationship": "Outer", "Join Type": "Inner", "Startup Cost": 129644.96, "Total Cost": 349120.53, "Plan Rows": 854625, "Plan Width": 44, "Actual Min Startup Time": 953.27, "Actual Max Startup Time": 953.37, "Actual Min Total Time": 1197.442, "Actual Max Total Time": 1229.005, "Actual Total Rows": 1189344, "Inner Unique": true, "Hash Cond": "(partsupp.ps_partkey = part.p_partkey), (LLVM Optimized, Jit Execute)", "Plans": [{"Node Type": "Index Only Scan", "Parent Relationship": "Outer", "Scan Direction": "Forward", "Index Name": "partsupp_pkey", "Relation Name": "partsupp", "Alias": "partsupp", "Startup Cost": 0.0, "Total Cost": 217066.34, "Plan Rows": 8000372, "Plan Width": 16, "Actual Min Startup Time": 563.544, "Actual Max Startup Time": 563.657, "Actual Min Total Time": 691.545, "Actual Max Total Time": 712.293, "Actual Total Rows": 8000000, "Heap Fetches": 0}, {"Node Type": "Hash", "Parent Relationship": "Inner", "Startup Cost": 125946.91, "Total Cost": 125946.91, "Plan Rows": 4733504, "Plan Width": 44, "Actual Min Startup Time": 388.776, "Actual Max Startup Time": 388.847, "Actual Min Total Time": 388.776, "Actual Max Total Time": 388.847, "Actual Total Rows": 4757376, "Max Hash Buckets": 524288, "Min Hash Buckets": 524288, "Max Hash Batches": 1, "Min Hash Batches": 1, "Max Original Hash Batches": 1, "Min Original Hash Batches": 1, "Max Peak Memory Usage": 23216, "min Peak Memory Usage": 23216, "Plans": [{"Node Type": "Streaming(type: BROADCAST dop: 16/16)", "Parent Relationship": "Outer", "Startup Cost": 0.0, "Total Cost": 125946.91, "Plan Rows": 4733504, "Plan Width": 44, "Actual Min Startup Time": 0.055, "Actual Max Startup Time": 0.097, "Actual Min Total Time": 278.383, "Actual Max Total Time": 295.018, "Actual Total Rows": 4757376, "Plans": [{"Node Type": "Index Scan", "Parent Relationship": "Outer", "Scan Direction": "Forward", "Index Name": "part_kpey", "Relation Name": "part", "Alias": "part", "Startup Cost": 0.0, "Total Cost": 98928.25, "Plan Rows": 295844, "Plan Width": 44, "Actual Min Startup Time": 0.053, "Actual Max Startup Time": 61.876, "Actual Min Total Time": 154.618, "Actual Max Total Time": 227.449, "Actual Total Rows": 297336, "Filter": "((p_brand <> 'Brand#34'::bpchar) AND ((p_type)::text !~~ 'LARGE BRUSHED%'::text) AND (p_size = ANY ('{48,19,12,4,41,7,21,39}'::integer[]))), (LLVM Optimized, Jit Execute)", "Rows Removed by Filter": 1702664}]}]}]}, {"Node Type": "Hash", "Parent Relationship": "Inner", "Startup Cost": 20588.0, "Total Cost": 20588.0, "Plan Rows": 160, "Plan Width": 8, "Actual Min Startup Time": 3.206, "Actual Max Startup Time": 82.19, "Actual Min Total Time": 3.206, "Actual Max Total Time": 82.19, "Actual Total Rows": 896, "Max Hash Buckets": 32768, "Min Hash Buckets": 32768, "Max Hash Batches": 1, "Min Hash Batches": 1, "Max Original Hash Batches": 1, "Min Original Hash Batches": 1, "Max Peak Memory Usage": 3, "min Peak Memory Usage": 3, "Plans": [{"Node Type": "Streaming(type: BROADCAST dop: 16/1)", "Parent Relationship": "Outer", "Startup Cost": 0.0, "Total Cost": 20588.0, "Plan Rows": 160, "Plan Width": 8, "Actual Min Startup Time": 3.182, "Actual Max Startup Time": 82.163, "Actual Min Total Time": 3.186, "Actual Max Total Time": 82.171, "Actual Total Rows": 896, "Plans": [{"Node Type": "Index Scan", "Parent Relationship": "Outer", "Scan Direction": "Forward", "Index Name": "supplier_pkey", "Relation Name": "supplier", "Alias": "supplier", "Startup Cost": 0.0, "Total Cost": 5584.54, "Plan Rows": 10, "Plan Width": 8, "Actual Min Startup Time": 0.421, "Actual Max Startup Time": 0.421, "Actual Min Total Time": 83.676, "Actual Max Total Time": 83.676, "Actual Total Rows": 56, "Filter": "((s_comment)::text ~~ '%Customer%Complaints%'::text)", "Rows Removed by Filter": 99944}]}]}]}]}]}]}]}]}, "Triggers": [], "Planner Runtime": 1.69, "Total Runtime": 1839.491, "Unique SQL Id": 1437012347}}, "(16, 42)": {"explain_plan": {"Plan": {"Node Type": "Sort", "Startup Cost": 144484.63, "Total Cost": 144553.97, "Plan Rows": 27736, "Plan Width": 60, "Sort Key": ["(count(partsupp.ps_suppkey)) DESC", "part.p_brand", "part.p_type", "part.p_size"], "Plans": [{"Node Type": "Streaming(type: LOCAL GATHER dop: 1/16)", "Parent Relationship": "Outer", "Startup Cost": 142139.85, "Total Cost": 142437.78, "Plan Rows": 27736, "Plan Width": 60, "Plans": [{"Node Type": "Aggregate", "Strategy": "Hashed", "Parent Relationship": "Outer", "Startup Cost": 142139.85, "Total Cost": 142157.19, "Plan Rows": 27736, "Plan Width": 60, "Group By Key": ["part.p_brand", "part.p_type", "part.p_size"], "Plans": [{"Node Type": "Aggregate", "Strategy": "Hashed", "Parent Relationship": "Outer", "Startup Cost": 141071.59, "Total Cost": 141605.72, "Plan Rows": 854611, "Plan Width": 52, "Group By Key": ["part.p_brand", "part.p_type", "part.p_size", "partsupp.ps_suppkey"], "Plans": [{"Node Type": "Streaming(type: LOCAL REDISTRIBUTE dop: 16/16)", "Parent Relationship": "Outer", "Startup Cost": 69999.79, "Total Cost": 140403.93, "Plan Rows": 854611, "Plan Width": 44, "Plans": [{"Node Type": "Hash Join", "Parent Relationship": "Outer", "Join Type": "Anti", "Startup Cost": 69999.79, "Total Cost": 104950.92, "Plan Rows": 854611, "Plan Width": 44, "Inner Unique": false, "Hash Cond": "(partsupp.ps_suppkey = supplier.s_suppkey), (LLVM Optimized)", "Plans": [{"Node Type": "Hash Join", "Parent Relationship": "Outer", "Join Type": "Inner", "Startup Cost": 51463.21, "Total Cost": 85746.67, "Plan Rows": 854625, "Plan Width": 44, "Inner Unique": true, "Hash Cond": "(partsupp.ps_partkey = part.p_partkey), (LLVM Optimized)", "Plans": [{"Node Type": "Seq Scan", "Parent Relationship": "Outer", "Relation Name": "partsupp", "Alias": "partsupp", "Startup Cost": 0.0, "Total Cost": 31874.23, "Plan Rows": 8000372, "Plan Width": 16}, {"Node Type": "Hash", "Parent Relationship": "Inner", "Startup Cost": 47765.16, "Total Cost": 47765.16, "Plan Rows": 4733504, "Plan Width": 44, "Plans": [{"Node Type": "Streaming(type: BROADCAST dop: 16/16)", "Parent Relationship": "Outer", "Startup Cost": 0.0, "Total Cost": 47765.16, "Plan Rows": 4733504, "Plan Width": 44, "Plans": [{"Node Type": "Seq Scan", "Parent Relationship": "Outer", "Relation Name": "part", "Alias": "part", "Startup Cost": 0.0, "Total Cost": 20746.5, "Plan Rows": 295844, "Plan Width": 44, "Filter": "((p_brand <> 'Brand#34'::bpchar) AND ((p_type)::text !~~ 'LARGE BRUSHED%'::text) AND (p_size = ANY ('{48,19,12,4,41,7,21,39}'::integer[]))), (LLVM Optimized)"}]}]}]}, {"Node Type": "Hash", "Parent Relationship": "Inner", "Startup Cost": 18536.45, "Total Cost": 18536.45, "Plan Rows": 160, "Plan Width": 8, "Plans": [{"Node Type": "Streaming(type: BROADCAST dop: 16/1)", "Parent Relationship": "Outer", "Startup Cost": 0.0, "Total Cost": 18536.45, "Plan Rows": 160, "Plan Width": 8, "Plans": [{"Node Type": "Seq Scan", "Parent Relationship": "Outer", "Relation Name": "supplier", "Alias": "supplier", "Startup Cost": 0.0, "Total Cost": 3533.0, "Plan Rows": 10, "Plan Width": 8, "Filter": "((s_comment)::text ~~ '%Customer%Complaints%'::text)"}]}]}]}]}]}]}]}]}, "Unique SQL Id": 1437012347}, "explain_analyze_plan": {"Plan": {"Node Type": "Sort", "Startup Cost": 144484.63, "Total Cost": 144553.97, "Plan Rows": 27736, "Plan Width": 60, "Actual Min Startup Time": 1200.331, "Actual Max Startup Time": 1200.331, "Actual Min Total Time": 1203.099, "Actual Max Total Time": 1203.099, "Actual Total Rows": 27838, "Sort Key": ["(count(partsupp.ps_suppkey)) DESC", "part.p_brand", "part.p_type", "part.p_size"], "Sort Method": "quicksort", "Sort Space Min Used": 3402, "Sort Space Max Used": 3402, "Sort Space Type": "Memory", "Plans": [{"Node Type": "Streaming(type: LOCAL GATHER dop: 1/16)", "Parent Relationship": "Outer", "Startup Cost": 142139.85, "Total Cost": 142437.78, "Plan Rows": 27736, "Plan Width": 60, "Actual Min Startup Time": 941.122, "Actual Max Startup Time": 941.122, "Actual Min Total Time": 1112.365, "Actual Max Total Time": 1112.365, "Actual Total Rows": 27838, "Plans": [{"Node Type": "Aggregate", "Strategy": "Hashed", "Parent Relationship": "Outer", "Startup Cost": 142139.85, "Total Cost": 142157.19, "Plan Rows": 27736, "Plan Width": 60, "Actual Min Startup Time": 768.112, "Actual Max Startup Time": 989.65, "Actual Min Total Time": 768.112, "Actual Max Total Time": 990.899, "Actual Total Rows": 27838, "Group By Key": ["part.p_brand", "part.p_type", "part.p_size"], "Plans": [{"Node Type": "Aggregate", "Strategy": "Hashed", "Parent Relationship": "Outer", "Startup Cost": 141071.59, "Total Cost": 141605.72, "Plan Rows": 854611, "Plan Width": 52, "Actual Min Startup Time": 767.134, "Actual Max Startup Time": 831.536, "Actual Min Total Time": 768.05, "Actual Max Total Time": 863.759, "Actual Total Rows": 1188428, "Group By Key": ["part.p_brand", "part.p_type", "part.p_size", "partsupp.ps_suppkey"], "Plans": [{"Node Type": "Streaming(type: LOCAL REDISTRIBUTE dop: 16/16)", "Parent Relationship": "Outer", "Startup Cost": 69999.79, "Total Cost": 140403.93, "Plan Rows": 854611, "Plan Width": 44, "Actual Min Startup Time": 323.271, "Actual Max Startup Time": 773.136, "Actual Min Total Time": 614.546, "Actual Max Total Time": 773.136, "Actual Total Rows": 1188666, "Plans": [{"Node Type": "Hash Join", "Parent Relationship": "Outer", "Join Type": "Anti", "Startup Cost": 69999.79, "Total Cost": 104950.92, "Plan Rows": 854611, "Plan Width": 44, "Actual Min Startup Time": 319.56, "Actual Max Startup Time": 404.165, "Actual Min Total Time": 620.607, "Actual Max Total Time": 716.832, "Actual Total Rows": 1188666, "Inner Unique": false, "Hash Cond": "(partsupp.ps_suppkey = supplier.s_suppkey), (LLVM Optimized, Jit Execute)", "Plans": [{"Node Type": "Hash Join", "Parent Relationship": "Outer", "Join Type": "Inner", "Startup Cost": 51463.21, "Total Cost": 85746.67, "Plan Rows": 854625, "Plan Width": 44, "Actual Min Startup Time": 319.47, "Actual Max Startup Time": 342.856, "Actual Min Total Time": 598.59, "Actual Max Total Time": 634.107, "Actual Total Rows": 1189344, "Inner Unique": true, "Hash Cond": "(partsupp.ps_partkey = part.p_partkey), (LLVM Optimized, Jit Execute)", "Plans": [{"Node Type": "Seq Scan", "Parent Relationship": "Outer", "Relation Name": "partsupp", "Alias": "partsupp", "Startup Cost": 0.0, "Total Cost": 31874.23, "Plan Rows": 8000372, "Plan Width": 16, "Actual Min Startup Time": 0.023, "Actual Max Startup Time": 0.038, "Actual Min Total Time": 151.039, "Actual Max Total Time": 162.82, "Actual Total Rows": 8000000}, {"Node Type": "Hash", "Parent Relationship": "Inner", "Startup Cost": 47765.16, "Total Cost": 47765.16, "Plan Rows": 4733504, "Plan Width": 44, "Actual Min Startup Time": 319.067, "Actual Max Startup Time": 342.372, "Actual Min Total Time": 319.067, "Actual Max Total Time": 342.372, "Actual Total Rows": 4757376, "Max Hash Buckets": 524288, "Min Hash Buckets": 524288, "Max Hash Batches": 1, "Min Hash Batches": 1, "Max Original Hash Batches": 1, "Min Original Hash Batches": 1, "Max Peak Memory Usage": 23216, "min Peak Memory Usage": 23216, "Plans": [{"Node Type": "Streaming(type: BROADCAST dop: 16/16)", "Parent Relationship": "Outer", "Startup Cost": 0.0, "Total Cost": 47765.16, "Plan Rows": 4733504, "Plan Width": 44, "Actual Min Startup Time": 0.037, "Actual Max Startup Time": 0.092, "Actual Min Total Time": 218.869, "Actual Max Total Time": 242.54, "Actual Total Rows": 4757376, "Plans": [{"Node Type": "Seq Scan", "Parent Relationship": "Outer", "Relation Name": "part", "Alias": "part", "Startup Cost": 0.0, "Total Cost": 20746.5, "Plan Rows": 295844, "Plan Width": 44, "Actual Min Startup Time": 0.033, "Actual Max Startup Time": 0.07, "Actual Min Total Time": 102.838, "Actual Max Total Time": 108.172, "Actual Total Rows": 297336, "Filter": "((p_brand <> 'Brand#34'::bpchar) AND ((p_type)::text !~~ 'LARGE BRUSHED%'::text) AND (p_size = ANY ('{48,19,12,4,41,7,21,39}'::integer[]))), (LLVM Optimized, Jit Execute)", "Rows Removed by Filter": 1702664}]}]}]}, {"Node Type": "Hash", "Parent Relationship": "Inner", "Startup Cost": 18536.45, "Total Cost": 18536.45, "Plan Rows": 160, "Plan Width": 8, "Actual Min Startup Time": 0.041, "Actual Max Startup Time": 61.248, "Actual Min Total Time": 0.041, "Actual Max Total Time": 61.248, "Actual Total Rows": 896, "Max Hash Buckets": 32768, "Min Hash Buckets": 32768, "Max Hash Batches": 1, "Min Hash Batches": 1, "Max Original Hash Batches": 1, "Min Original Hash Batches": 1, "Max Peak Memory Usage": 3, "min Peak Memory Usage": 3, "Plans": [{"Node Type": "Streaming(type: BROADCAST dop: 16/1)", "Parent Relationship": "Outer", "Startup Cost": 0.0, "Total Cost": 18536.45, "Plan Rows": 160, "Plan Width": 8, "Actual Min Startup Time": 0.012, "Actual Max Startup Time": 61.212, "Actual Min Total Time": 0.014, "Actual Max Total Time": 61.215, "Actual Total Rows": 896, "Plans": [{"Node Type": "Seq Scan", "Parent Relationship": "Outer", "Relation Name": "supplier", "Alias": "supplier", "Startup Cost": 0.0, "Total Cost": 3533.0, "Plan Rows": 10, "Plan Width": 8, "Actual Min Startup Time": 0.248, "Actual Max Startup Time": 0.248, "Actual Min Total Time": 52.934, "Actual Max Total Time": 52.934, "Actual Total Rows": 56, "Filter": "((s_comment)::text ~~ '%Customer%Complaints%'::text)", "Rows Removed by Filter": 99944}]}]}]}]}]}]}]}]}, "Triggers": [], "Planner Runtime": 1.74, "Total Runtime": 1224.55, "Unique SQL Id": 1437012347}}, "(16, 43)": {"explain_plan": {"Plan": {"Node Type": "Sort", "Startup Cost": 3000041529763.13, "Total Cost": 3000041529832.47, "Plan Rows": 27736, "Plan Width": 60, "Sort Key": ["(count(partsupp.ps_suppkey)) DESC", "part.p_brand", "part.p_type", "part.p_size"], "Plans": [{"Node Type": "Aggregate", "Strategy": "Hashed", "Parent Relationship": "Outer", "Startup Cost": 3000041527438.92, "Total Cost": 3000041527716.28, "Plan Rows": 27736, "Plan Width": 60, "Group By Key": ["part.p_brand", "part.p_type", "part.p_size"], "Plans": [{"Node Type": "Aggregate", "Strategy": "Hashed", "Parent Relationship": "Outer", "Startup Cost": 3000041526884.2, "Total Cost": 3000041527161.56, "Plan Rows": 27736, "Plan Width": 52, "Group By Key": ["part.p_brand", "part.p_type", "part.p_size", "partsupp.ps_suppkey"], "Plans": [{"Node Type": "Nested Loop", "Parent Relationship": "Outer", "Join Type": "Anti", "Startup Cost": 1020013084023.05, "Total Cost": 3000041516201.57, "Plan Rows": 854611, "Plan Width": 44, "Inner Unique": false, "Join Filter": "(partsupp.ps_suppkey = supplier.s_suppkey), (LLVM Optimized)", "Plans": [{"Node Type": "Hash Join", "Parent Relationship": "Outer", "Join Type": "Inner", "Startup Cost": 1010013084023.05, "Total Cost": 2000040829553.7, "Plan Rows": 854625, "Plan Width": 44, "Inner Unique": true, "Hash Cond": "(partsupp.ps_partkey = part.p_partkey), (LLVM Optimized)", "Plans": [{"Node Type": "Index Only Scan", "Parent Relationship": "Outer", "Scan Direction": "Forward", "Index Name": "partsupp_pkey", "Relation Name": "partsupp", "Alias": "partsupp", "Startup Cost": 10000000000.0, "Total Cost": 1000027706983.0, "Plan Rows": 8000372, "Plan Width": 16}, {"Node Type": "Hash", "Parent Relationship": "Inner", "Startup Cost": 1000013080325.0, "Total Cost": 1000013080325.0, "Plan Rows": 295844, "Plan Width": 44, "Plans": [{"Node Type": "Index Scan", "Parent Relationship": "Outer", "Scan Direction": "Forward", "Index Name": "part_kpey", "Relation Name": "part", "Alias": "part", "Startup Cost": 10000000000.0, "Total Cost": 1000013080325.0, "Plan Rows": 295844, "Plan Width": 44, "Filter": "((p_brand <> 'Brand#34'::bpchar) AND ((p_type)::text !~~ 'LARGE BRUSHED%'::text) AND (p_size = ANY ('{48,19,12,4,41,7,21,39}'::integer[]))), (LLVM Optimized)"}]}]}, {"Node Type": "Materialize", "Parent Relationship": "Inner", "Startup Cost": 10000000000.0, "Total Cost": 1000000558454.43, "Plan Rows": 10, "Plan Width": 8, "Plans": [{"Node Type": "Index Scan", "Parent Relationship": "Outer", "Scan Direction": "Forward", "Index Name": "supplier_pkey", "Relation Name": "supplier", "Alias": "supplier", "Startup Cost": 10000000000.0, "Total Cost": 1000000558454.38, "Plan Rows": 10, "Plan Width": 8, "Filter": "((s_comment)::text ~~ '%Customer%Complaints%'::text)"}]}]}]}]}]}, "Unique SQL Id": 1437012347}, "explain_analyze_plan": null}, "(16, 44)": {"explain_plan": {"Plan": {"Node Type": "Sort", "Startup Cost": 144484.63, "Total Cost": 144553.97, "Plan Rows": 27736, "Plan Width": 60, "Sort Key": ["(count(partsupp.ps_suppkey)) DESC", "part.p_brand", "part.p_type", "part.p_size"], "Plans": [{"Node Type": "Streaming(type: LOCAL GATHER dop: 1/16)", "Parent Relationship": "Outer", "Startup Cost": 142139.85, "Total Cost": 142437.78, "Plan Rows": 27736, "Plan Width": 60, "Plans": [{"Node Type": "Aggregate", "Strategy": "Hashed", "Parent Relationship": "Outer", "Startup Cost": 142139.85, "Total Cost": 142157.19, "Plan Rows": 27736, "Plan Width": 60, "Group By Key": ["part.p_brand", "part.p_type", "part.p_size"], "Plans": [{"Node Type": "Aggregate", "Strategy": "Hashed", "Parent Relationship": "Outer", "Startup Cost": 141071.59, "Total Cost": 141605.72, "Plan Rows": 854611, "Plan Width": 52, "Group By Key": ["part.p_brand", "part.p_type", "part.p_size", "partsupp.ps_suppkey"], "Plans": [{"Node Type": "Streaming(type: LOCAL REDISTRIBUTE dop: 16/16)", "Parent Relationship": "Outer", "Startup Cost": 69999.79, "Total Cost": 140403.93, "Plan Rows": 854611, "Plan Width": 44, "Plans": [{"Node Type": "Hash Join", "Parent Relationship": "Outer", "Join Type": "Anti", "Startup Cost": 69999.79, "Total Cost": 104950.92, "Plan Rows": 854611, "Plan Width": 44, "Inner Unique": false, "Hash Cond": "(partsupp.ps_suppkey = supplier.s_suppkey), (LLVM Optimized)", "Plans": [{"Node Type": "Hash Join", "Parent Relationship": "Outer", "Join Type": "Inner", "Startup Cost": 51463.21, "Total Cost": 85746.67, "Plan Rows": 854625, "Plan Width": 44, "Inner Unique": true, "Hash Cond": "(partsupp.ps_partkey = part.p_partkey), (LLVM Optimized)", "Plans": [{"Node Type": "Seq Scan", "Parent Relationship": "Outer", "Relation Name": "partsupp", "Alias": "partsupp", "Startup Cost": 0.0, "Total Cost": 31874.23, "Plan Rows": 8000372, "Plan Width": 16}, {"Node Type": "Hash", "Parent Relationship": "Inner", "Startup Cost": 47765.16, "Total Cost": 47765.16, "Plan Rows": 4733504, "Plan Width": 44, "Plans": [{"Node Type": "Streaming(type: BROADCAST dop: 16/16)", "Parent Relationship": "Outer", "Startup Cost": 0.0, "Total Cost": 47765.16, "Plan Rows": 4733504, "Plan Width": 44, "Plans": [{"Node Type": "Seq Scan", "Parent Relationship": "Outer", "Relation Name": "part", "Alias": "part", "Startup Cost": 0.0, "Total Cost": 20746.5, "Plan Rows": 295844, "Plan Width": 44, "Filter": "((p_brand <> 'Brand#34'::bpchar) AND ((p_type)::text !~~ 'LARGE BRUSHED%'::text) AND (p_size = ANY ('{48,19,12,4,41,7,21,39}'::integer[]))), (LLVM Optimized)"}]}]}]}, {"Node Type": "Hash", "Parent Relationship": "Inner", "Startup Cost": 18536.45, "Total Cost": 18536.45, "Plan Rows": 160, "Plan Width": 8, "Plans": [{"Node Type": "Streaming(type: BROADCAST dop: 16/1)", "Parent Relationship": "Outer", "Startup Cost": 0.0, "Total Cost": 18536.45, "Plan Rows": 160, "Plan Width": 8, "Plans": [{"Node Type": "Seq Scan", "Parent Relationship": "Outer", "Relation Name": "supplier", "Alias": "supplier", "Startup Cost": 0.0, "Total Cost": 3533.0, "Plan Rows": 10, "Plan Width": 8, "Filter": "((s_comment)::text ~~ '%Customer%Complaints%'::text)"}]}]}]}]}]}]}]}]}, "Unique SQL Id": 1437012347}, "explain_analyze_plan": {"Plan": {"Node Type": "Sort", "Startup Cost": 144484.63, "Total Cost": 144553.97, "Plan Rows": 27736, "Plan Width": 60, "Actual Min Startup Time": 1200.331, "Actual Max Startup Time": 1200.331, "Actual Min Total Time": 1203.099, "Actual Max Total Time": 1203.099, "Actual Total Rows": 27838, "Sort Key": ["(count(partsupp.ps_suppkey)) DESC", "part.p_brand", "part.p_type", "part.p_size"], "Sort Method": "quicksort", "Sort Space Min Used": 3402, "Sort Space Max Used": 3402, "Sort Space Type": "Memory", "Plans": [{"Node Type": "Streaming(type: LOCAL GATHER dop: 1/16)", "Parent Relationship": "Outer", "Startup Cost": 142139.85, "Total Cost": 142437.78, "Plan Rows": 27736, "Plan Width": 60, "Actual Min Startup Time": 941.122, "Actual Max Startup Time": 941.122, "Actual Min Total Time": 1112.365, "Actual Max Total Time": 1112.365, "Actual Total Rows": 27838, "Plans": [{"Node Type": "Aggregate", "Strategy": "Hashed", "Parent Relationship": "Outer", "Startup Cost": 142139.85, "Total Cost": 142157.19, "Plan Rows": 27736, "Plan Width": 60, "Actual Min Startup Time": 768.112, "Actual Max Startup Time": 989.65, "Actual Min Total Time": 768.112, "Actual Max Total Time": 990.899, "Actual Total Rows": 27838, "Group By Key": ["part.p_brand", "part.p_type", "part.p_size"], "Plans": [{"Node Type": "Aggregate", "Strategy": "Hashed", "Parent Relationship": "Outer", "Startup Cost": 141071.59, "Total Cost": 141605.72, "Plan Rows": 854611, "Plan Width": 52, "Actual Min Startup Time": 767.134, "Actual Max Startup Time": 831.536, "Actual Min Total Time": 768.05, "Actual Max Total Time": 863.759, "Actual Total Rows": 1188428, "Group By Key": ["part.p_brand", "part.p_type", "part.p_size", "partsupp.ps_suppkey"], "Plans": [{"Node Type": "Streaming(type: LOCAL REDISTRIBUTE dop: 16/16)", "Parent Relationship": "Outer", "Startup Cost": 69999.79, "Total Cost": 140403.93, "Plan Rows": 854611, "Plan Width": 44, "Actual Min Startup Time": 323.271, "Actual Max Startup Time": 773.136, "Actual Min Total Time": 614.546, "Actual Max Total Time": 773.136, "Actual Total Rows": 1188666, "Plans": [{"Node Type": "Hash Join", "Parent Relationship": "Outer", "Join Type": "Anti", "Startup Cost": 69999.79, "Total Cost": 104950.92, "Plan Rows": 854611, "Plan Width": 44, "Actual Min Startup Time": 319.56, "Actual Max Startup Time": 404.165, "Actual Min Total Time": 620.607, "Actual Max Total Time": 716.832, "Actual Total Rows": 1188666, "Inner Unique": false, "Hash Cond": "(partsupp.ps_suppkey = supplier.s_suppkey), (LLVM Optimized, Jit Execute)", "Plans": [{"Node Type": "Hash Join", "Parent Relationship": "Outer", "Join Type": "Inner", "Startup Cost": 51463.21, "Total Cost": 85746.67, "Plan Rows": 854625, "Plan Width": 44, "Actual Min Startup Time": 319.47, "Actual Max Startup Time": 342.856, "Actual Min Total Time": 598.59, "Actual Max Total Time": 634.107, "Actual Total Rows": 1189344, "Inner Unique": true, "Hash Cond": "(partsupp.ps_partkey = part.p_partkey), (LLVM Optimized, Jit Execute)", "Plans": [{"Node Type": "Seq Scan", "Parent Relationship": "Outer", "Relation Name": "partsupp", "Alias": "partsupp", "Startup Cost": 0.0, "Total Cost": 31874.23, "Plan Rows": 8000372, "Plan Width": 16, "Actual Min Startup Time": 0.023, "Actual Max Startup Time": 0.038, "Actual Min Total Time": 151.039, "Actual Max Total Time": 162.82, "Actual Total Rows": 8000000}, {"Node Type": "Hash", "Parent Relationship": "Inner", "Startup Cost": 47765.16, "Total Cost": 47765.16, "Plan Rows": 4733504, "Plan Width": 44, "Actual Min Startup Time": 319.067, "Actual Max Startup Time": 342.372, "Actual Min Total Time": 319.067, "Actual Max Total Time": 342.372, "Actual Total Rows": 4757376, "Max Hash Buckets": 524288, "Min Hash Buckets": 524288, "Max Hash Batches": 1, "Min Hash Batches": 1, "Max Original Hash Batches": 1, "Min Original Hash Batches": 1, "Max Peak Memory Usage": 23216, "min Peak Memory Usage": 23216, "Plans": [{"Node Type": "Streaming(type: BROADCAST dop: 16/16)", "Parent Relationship": "Outer", "Startup Cost": 0.0, "Total Cost": 47765.16, "Plan Rows": 4733504, "Plan Width": 44, "Actual Min Startup Time": 0.037, "Actual Max Startup Time": 0.092, "Actual Min Total Time": 218.869, "Actual Max Total Time": 242.54, "Actual Total Rows": 4757376, "Plans": [{"Node Type": "Seq Scan", "Parent Relationship": "Outer", "Relation Name": "part", "Alias": "part", "Startup Cost": 0.0, "Total Cost": 20746.5, "Plan Rows": 295844, "Plan Width": 44, "Actual Min Startup Time": 0.033, "Actual Max Startup Time": 0.07, "Actual Min Total Time": 102.838, "Actual Max Total Time": 108.172, "Actual Total Rows": 297336, "Filter": "((p_brand <> 'Brand#34'::bpchar) AND ((p_type)::text !~~ 'LARGE BRUSHED%'::text) AND (p_size = ANY ('{48,19,12,4,41,7,21,39}'::integer[]))), (LLVM Optimized, Jit Execute)", "Rows Removed by Filter": 1702664}]}]}]}, {"Node Type": "Hash", "Parent Relationship": "Inner", "Startup Cost": 18536.45, "Total Cost": 18536.45, "Plan Rows": 160, "Plan Width": 8, "Actual Min Startup Time": 0.041, "Actual Max Startup Time": 61.248, "Actual Min Total Time": 0.041, "Actual Max Total Time": 61.248, "Actual Total Rows": 896, "Max Hash Buckets": 32768, "Min Hash Buckets": 32768, "Max Hash Batches": 1, "Min Hash Batches": 1, "Max Original Hash Batches": 1, "Min Original Hash Batches": 1, "Max Peak Memory Usage": 3, "min Peak Memory Usage": 3, "Plans": [{"Node Type": "Streaming(type: BROADCAST dop: 16/1)", "Parent Relationship": "Outer", "Startup Cost": 0.0, "Total Cost": 18536.45, "Plan Rows": 160, "Plan Width": 8, "Actual Min Startup Time": 0.012, "Actual Max Startup Time": 61.212, "Actual Min Total Time": 0.014, "Actual Max Total Time": 61.215, "Actual Total Rows": 896, "Plans": [{"Node Type": "Seq Scan", "Parent Relationship": "Outer", "Relation Name": "supplier", "Alias": "supplier", "Startup Cost": 0.0, "Total Cost": 3533.0, "Plan Rows": 10, "Plan Width": 8, "Actual Min Startup Time": 0.248, "Actual Max Startup Time": 0.248, "Actual Min Total Time": 52.934, "Actual Max Total Time": 52.934, "Actual Total Rows": 56, "Filter": "((s_comment)::text ~~ '%Customer%Complaints%'::text)", "Rows Removed by Filter": 99944}]}]}]}]}]}]}]}]}, "Triggers": [], "Planner Runtime": 1.74, "Total Runtime": 1224.55, "Unique SQL Id": 1437012347}}, "(16, 45)": {"explain_plan": {"Plan": {"Node Type": "Sort", "Startup Cost": 564325.23, "Total Cost": 564394.57, "Plan Rows": 27736, "Plan Width": 60, "Sort Key": ["(count(partsupp.ps_suppkey)) DESC", "part.p_brand", "part.p_type", "part.p_size"], "Plans": [{"Node Type": "Streaming(type: LOCAL GATHER dop: 1/16)", "Parent Relationship": "Outer", "Startup Cost": 561980.46, "Total Cost": 562278.39, "Plan Rows": 27736, "Plan Width": 60, "Plans": [{"Node Type": "Aggregate", "Strategy": "Hashed", "Parent Relationship": "Outer", "Startup Cost": 561980.46, "Total Cost": 561997.8, "Plan Rows": 27736, "Plan Width": 60, "Group By Key": ["part.p_brand", "part.p_type", "part.p_size"], "Plans": [{"Node Type": "Aggregate", "Strategy": "Hashed", "Parent Relationship": "Outer", "Startup Cost": 560912.2, "Total Cost": 561446.33, "Plan Rows": 854611, "Plan Width": 52, "Group By Key": ["part.p_brand", "part.p_type", "part.p_size", "partsupp.ps_suppkey"], "Plans": [{"Node Type": "Streaming(type: LOCAL REDISTRIBUTE dop: 16/16)", "Parent Relationship": "Outer", "Startup Cost": 150233.08, "Total Cost": 560244.53, "Plan Rows": 854611, "Plan Width": 44, "Plans": [{"Node Type": "Hash Join", "Parent Relationship": "Outer", "Join Type": "Anti", "Startup Cost": 150233.08, "Total Cost": 524791.53, "Plan Rows": 854611, "Plan Width": 44, "Inner Unique": false, "Hash Cond": "(partsupp.ps_suppkey = supplier.s_suppkey), (LLVM Optimized)", "Plans": [{"Node Type": "Hash Join", "Parent Relationship": "Outer", "Join Type": "Inner", "Startup Cost": 129644.96, "Total Cost": 503535.74, "Plan Rows": 854625, "Plan Width": 44, "Inner Unique": true, "Hash Cond": "(partsupp.ps_partkey = part.p_partkey), (LLVM Optimized)", "Plans": [{"Node Type": "Index Scan", "Parent Relationship": "Outer", "Scan Direction": "Forward", "Index Name": "idx_partsupp_partkey", "Relation Name": "partsupp", "Alias": "partsupp", "Startup Cost": 0.0, "Total Cost": 371481.55, "Plan Rows": 8000372, "Plan Width": 16}, {"Node Type": "Hash", "Parent Relationship": "Inner", "Startup Cost": 125946.91, "Total Cost": 125946.91, "Plan Rows": 4733504, "Plan Width": 44, "Plans": [{"Node Type": "Streaming(type: BROADCAST dop: 16/16)", "Parent Relationship": "Outer", "Startup Cost": 0.0, "Total Cost": 125946.91, "Plan Rows": 4733504, "Plan Width": 44, "Plans": [{"Node Type": "Index Scan", "Parent Relationship": "Outer", "Scan Direction": "Forward", "Index Name": "part_kpey", "Relation Name": "part", "Alias": "part", "Startup Cost": 0.0, "Total Cost": 98928.25, "Plan Rows": 295844, "Plan Width": 44, "Filter": "((p_brand <> 'Brand#34'::bpchar) AND ((p_type)::text !~~ 'LARGE BRUSHED%'::text) AND (p_size = ANY ('{48,19,12,4,41,7,21,39}'::integer[]))), (LLVM Optimized)"}]}]}]}, {"Node Type": "Hash", "Parent Relationship": "Inner", "Startup Cost": 20588.0, "Total Cost": 20588.0, "Plan Rows": 160, "Plan Width": 8, "Plans": [{"Node Type": "Streaming(type: BROADCAST dop: 16/1)", "Parent Relationship": "Outer", "Startup Cost": 0.0, "Total Cost": 20588.0, "Plan Rows": 160, "Plan Width": 8, "Plans": [{"Node Type": "Index Scan", "Parent Relationship": "Outer", "Scan Direction": "Forward", "Index Name": "supplier_pkey", "Relation Name": "supplier", "Alias": "supplier", "Startup Cost": 0.0, "Total Cost": 5584.54, "Plan Rows": 10, "Plan Width": 8, "Filter": "((s_comment)::text ~~ '%Customer%Complaints%'::text)"}]}]}]}]}]}]}]}]}, "Unique SQL Id": 1437012347}, "explain_analyze_plan": {"Plan": {"Node Type": "Sort", "Startup Cost": 564325.23, "Total Cost": 564394.57, "Plan Rows": 27736, "Plan Width": 60, "Actual Min Startup Time": 1619.572, "Actual Max Startup Time": 1619.572, "Actual Min Total Time": 1622.26, "Actual Max Total Time": 1622.26, "Actual Total Rows": 27838, "Sort Key": ["(count(partsupp.ps_suppkey)) DESC", "part.p_brand", "part.p_type", "part.p_size"], "Sort Method": "quicksort", "Sort Space Min Used": 3402, "Sort Space Max Used": 3402, "Sort Space Type": "Memory", "Plans": [{"Node Type": "Streaming(type: LOCAL GATHER dop: 1/16)", "Parent Relationship": "Outer", "Startup Cost": 561980.46, "Total Cost": 562278.39, "Plan Rows": 27736, "Plan Width": 60, "Actual Min Startup Time": 1367.631, "Actual Max Startup Time": 1367.631, "Actual Min Total Time": 1534.225, "Actual Max Total Time": 1534.225, "Actual Total Rows": 27838, "Plans": [{"Node Type": "Aggregate", "Strategy": "Hashed", "Parent Relationship": "Outer", "Startup Cost": 561980.46, "Total Cost": 561997.8, "Plan Rows": 27736, "Plan Width": 60, "Actual Min Startup Time": 1184.074, "Actual Max Startup Time": 1396.508, "Actual Min Total Time": 1184.074, "Actual Max Total Time": 1397.687, "Actual Total Rows": 27838, "Group By Key": ["part.p_brand", "part.p_type", "part.p_size"], "Plans": [{"Node Type": "Aggregate", "Strategy": "Hashed", "Parent Relationship": "Outer", "Startup Cost": 560912.2, "Total Cost": 561446.33, "Plan Rows": 854611, "Plan Width": 52, "Actual Min Startup Time": 1176.118, "Actual Max Startup Time": 1256.882, "Actual Min Total Time": 1184.016, "Actual Max Total Time": 1288.867, "Actual Total Rows": 1188428, "Group By Key": ["part.p_brand", "part.p_type", "part.p_size", "partsupp.ps_suppkey"], "Plans": [{"Node Type": "Streaming(type: LOCAL REDISTRIBUTE dop: 16/16)", "Parent Relationship": "Outer", "Startup Cost": 150233.08, "Total Cost": 560244.53, "Plan Rows": 854611, "Plan Width": 44, "Actual Min Startup Time": 568.154, "Actual Max Startup Time": 1213.325, "Actual Min Total Time": 1036.832, "Actual Max Total Time": 1213.325, "Actual Total Rows": 1188666, "Plans": [{"Node Type": "Hash Join", "Parent Relationship": "Outer", "Join Type": "Anti", "Startup Cost": 150233.08, "Total Cost": 524791.53, "Plan Rows": 854611, "Plan Width": 44, "Actual Min Startup Time": 563.498, "Actual Max Startup Time": 656.823, "Actual Min Total Time": 1032.687, "Actual Max Total Time": 1151.158, "Actual Total Rows": 1188666, "Inner Unique": false, "Hash Cond": "(partsupp.ps_suppkey = supplier.s_suppkey), (LLVM Optimized, Jit Execute)", "Plans": [{"Node Type": "Hash Join", "Parent Relationship": "Outer", "Join Type": "Inner", "Startup Cost": 129644.96, "Total Cost": 503535.74, "Plan Rows": 854625, "Plan Width": 44, "Actual Min Startup Time": 563.406, "Actual Max Startup Time": 565.349, "Actual Min Total Time": 1004.557, "Actual Max Total Time": 1049.519, "Actual Total Rows": 1189344, "Inner Unique": true, "Hash Cond": "(partsupp.ps_partkey = part.p_partkey), (LLVM Optimized, Jit Execute)", "Plans": [{"Node Type": "Index Scan", "Parent Relationship": "Outer", "Scan Direction": "Forward", "Index Name": "idx_partsupp_partkey", "Relation Name": "partsupp", "Alias": "partsupp", "Startup Cost": 0.0, "Total Cost": 371481.55, "Plan Rows": 8000372, "Plan Width": 16, "Actual Min Startup Time": 53.627, "Actual Max Startup Time": 53.723, "Actual Min Total Time": 366.616, "Actual Max Total Time": 382.503, "Actual Total Rows": 8000000}, {"Node Type": "Hash", "Parent Relationship": "Inner", "Startup Cost": 125946.91, "Total Cost": 125946.91, "Plan Rows": 4733504, "Plan Width": 44, "Actual Min Startup Time": 509.283, "Actual Max Startup Time": 511.049, "Actual Min Total Time": 509.283, "Actual Max Total Time": 511.049, "Actual Total Rows": 4757376, "Max Hash Buckets": 524288, "Min Hash Buckets": 524288, "Max Hash Batches": 1, "Min Hash Batches": 1, "Max Original Hash Batches": 1, "Min Original Hash Batches": 1, "Max Peak Memory Usage": 23216, "min Peak Memory Usage": 23216, "Plans": [{"Node Type": "Streaming(type: BROADCAST dop: 16/16)", "Parent Relationship": "Outer", "Startup Cost": 0.0, "Total Cost": 125946.91, "Plan Rows": 4733504, "Plan Width": 44, "Actual Min Startup Time": 10.053, "Actual Max Startup Time": 11.842, "Actual Min Total Time": 402.657, "Actual Max Total Time": 419.53, "Actual Total Rows": 4757376, "Plans": [{"Node Type": "Index Scan", "Parent Relationship": "Outer", "Scan Direction": "Forward", "Index Name": "part_kpey", "Relation Name": "part", "Alias": "part", "Startup Cost": 0.0, "Total Cost": 98928.25, "Plan Rows": 295844, "Plan Width": 44, "Actual Min Startup Time": 11.768, "Actual Max Startup Time": 86.127, "Actual Min Total Time": 163.258, "Actual Max Total Time": 249.032, "Actual Total Rows": 297336, "Filter": "((p_brand <> 'Brand#34'::bpchar) AND ((p_type)::text !~~ 'LARGE BRUSHED%'::text) AND (p_size = ANY ('{48,19,12,4,41,7,21,39}'::integer[]))), (LLVM Optimized, Jit Execute)", "Rows Removed by Filter": 1702664}]}]}]}, {"Node Type": "Hash", "Parent Relationship": "Inner", "Startup Cost": 20588.0, "Total Cost": 20588.0, "Plan Rows": 160, "Plan Width": 8, "Actual Min Startup Time": 0.048, "Actual Max Startup Time": 92.028, "Actual Min Total Time": 0.048, "Actual Max Total Time": 92.028, "Actual Total Rows": 896, "Max Hash Buckets": 32768, "Min Hash Buckets": 32768, "Max Hash Batches": 1, "Min Hash Batches": 1, "Max Original Hash Batches": 1, "Min Original Hash Batches": 1, "Max Peak Memory Usage": 3, "min Peak Memory Usage": 3, "Plans": [{"Node Type": "Streaming(type: BROADCAST dop: 16/1)", "Parent Relationship": "Outer", "Startup Cost": 0.0, "Total Cost": 20588.0, "Plan Rows": 160, "Plan Width": 8, "Actual Min Startup Time": 0.021, "Actual Max Startup Time": 91.779, "Actual Min Total Time": 0.024, "Actual Max Total Time": 91.786, "Actual Total Rows": 896, "Plans": [{"Node Type": "Index Scan", "Parent Relationship": "Outer", "Scan Direction": "Forward", "Index Name": "supplier_pkey", "Relation Name": "supplier", "Alias": "supplier", "Startup Cost": 0.0, "Total Cost": 5584.54, "Plan Rows": 10, "Plan Width": 8, "Actual Min Startup Time": 0.422, "Actual Max Startup Time": 0.422, "Actual Min Total Time": 88.316, "Actual Max Total Time": 88.316, "Actual Total Rows": 56, "Filter": "((s_comment)::text ~~ '%Customer%Complaints%'::text)", "Rows Removed by Filter": 99944}]}]}]}]}]}]}]}]}, "Triggers": [], "Planner Runtime": 1.876, "Total Runtime": 1643.998, "Unique SQL Id": 1437012347}}, "(16, 46)": {"explain_plan": {"Plan": {"Node Type": "Sort", "Startup Cost": 144484.63, "Total Cost": 144553.97, "Plan Rows": 27736, "Plan Width": 60, "Sort Key": ["(count(partsupp.ps_suppkey)) DESC", "part.p_brand", "part.p_type", "part.p_size"], "Plans": [{"Node Type": "Streaming(type: LOCAL GATHER dop: 1/16)", "Parent Relationship": "Outer", "Startup Cost": 142139.85, "Total Cost": 142437.78, "Plan Rows": 27736, "Plan Width": 60, "Plans": [{"Node Type": "Aggregate", "Strategy": "Hashed", "Parent Relationship": "Outer", "Startup Cost": 142139.85, "Total Cost": 142157.19, "Plan Rows": 27736, "Plan Width": 60, "Group By Key": ["part.p_brand", "part.p_type", "part.p_size"], "Plans": [{"Node Type": "Aggregate", "Strategy": "Hashed", "Parent Relationship": "Outer", "Startup Cost": 141071.59, "Total Cost": 141605.72, "Plan Rows": 854611, "Plan Width": 52, "Group By Key": ["part.p_brand", "part.p_type", "part.p_size", "partsupp.ps_suppkey"], "Plans": [{"Node Type": "Streaming(type: LOCAL REDISTRIBUTE dop: 16/16)", "Parent Relationship": "Outer", "Startup Cost": 69999.79, "Total Cost": 140403.93, "Plan Rows": 854611, "Plan Width": 44, "Plans": [{"Node Type": "Hash Join", "Parent Relationship": "Outer", "Join Type": "Anti", "Startup Cost": 69999.79, "Total Cost": 104950.92, "Plan Rows": 854611, "Plan Width": 44, "Inner Unique": false, "Hash Cond": "(partsupp.ps_suppkey = supplier.s_suppkey), (LLVM Optimized)", "Plans": [{"Node Type": "Hash Join", "Parent Relationship": "Outer", "Join Type": "Inner", "Startup Cost": 51463.21, "Total Cost": 85746.67, "Plan Rows": 854625, "Plan Width": 44, "Inner Unique": true, "Hash Cond": "(partsupp.ps_partkey = part.p_partkey), (LLVM Optimized)", "Plans": [{"Node Type": "Seq Scan", "Parent Relationship": "Outer", "Relation Name": "partsupp", "Alias": "partsupp", "Startup Cost": 0.0, "Total Cost": 31874.23, "Plan Rows": 8000372, "Plan Width": 16}, {"Node Type": "Hash", "Parent Relationship": "Inner", "Startup Cost": 47765.16, "Total Cost": 47765.16, "Plan Rows": 4733504, "Plan Width": 44, "Plans": [{"Node Type": "Streaming(type: BROADCAST dop: 16/16)", "Parent Relationship": "Outer", "Startup Cost": 0.0, "Total Cost": 47765.16, "Plan Rows": 4733504, "Plan Width": 44, "Plans": [{"Node Type": "Seq Scan", "Parent Relationship": "Outer", "Relation Name": "part", "Alias": "part", "Startup Cost": 0.0, "Total Cost": 20746.5, "Plan Rows": 295844, "Plan Width": 44, "Filter": "((p_brand <> 'Brand#34'::bpchar) AND ((p_type)::text !~~ 'LARGE BRUSHED%'::text) AND (p_size = ANY ('{48,19,12,4,41,7,21,39}'::integer[]))), (LLVM Optimized)"}]}]}]}, {"Node Type": "Hash", "Parent Relationship": "Inner", "Startup Cost": 18536.45, "Total Cost": 18536.45, "Plan Rows": 160, "Plan Width": 8, "Plans": [{"Node Type": "Streaming(type: BROADCAST dop: 16/1)", "Parent Relationship": "Outer", "Startup Cost": 0.0, "Total Cost": 18536.45, "Plan Rows": 160, "Plan Width": 8, "Plans": [{"Node Type": "Seq Scan", "Parent Relationship": "Outer", "Relation Name": "supplier", "Alias": "supplier", "Startup Cost": 0.0, "Total Cost": 3533.0, "Plan Rows": 10, "Plan Width": 8, "Filter": "((s_comment)::text ~~ '%Customer%Complaints%'::text)"}]}]}]}]}]}]}]}]}, "Unique SQL Id": 1437012347}, "explain_analyze_plan": {"Plan": {"Node Type": "Sort", "Startup Cost": 144484.63, "Total Cost": 144553.97, "Plan Rows": 27736, "Plan Width": 60, "Actual Min Startup Time": 1200.331, "Actual Max Startup Time": 1200.331, "Actual Min Total Time": 1203.099, "Actual Max Total Time": 1203.099, "Actual Total Rows": 27838, "Sort Key": ["(count(partsupp.ps_suppkey)) DESC", "part.p_brand", "part.p_type", "part.p_size"], "Sort Method": "quicksort", "Sort Space Min Used": 3402, "Sort Space Max Used": 3402, "Sort Space Type": "Memory", "Plans": [{"Node Type": "Streaming(type: LOCAL GATHER dop: 1/16)", "Parent Relationship": "Outer", "Startup Cost": 142139.85, "Total Cost": 142437.78, "Plan Rows": 27736, "Plan Width": 60, "Actual Min Startup Time": 941.122, "Actual Max Startup Time": 941.122, "Actual Min Total Time": 1112.365, "Actual Max Total Time": 1112.365, "Actual Total Rows": 27838, "Plans": [{"Node Type": "Aggregate", "Strategy": "Hashed", "Parent Relationship": "Outer", "Startup Cost": 142139.85, "Total Cost": 142157.19, "Plan Rows": 27736, "Plan Width": 60, "Actual Min Startup Time": 768.112, "Actual Max Startup Time": 989.65, "Actual Min Total Time": 768.112, "Actual Max Total Time": 990.899, "Actual Total Rows": 27838, "Group By Key": ["part.p_brand", "part.p_type", "part.p_size"], "Plans": [{"Node Type": "Aggregate", "Strategy": "Hashed", "Parent Relationship": "Outer", "Startup Cost": 141071.59, "Total Cost": 141605.72, "Plan Rows": 854611, "Plan Width": 52, "Actual Min Startup Time": 767.134, "Actual Max Startup Time": 831.536, "Actual Min Total Time": 768.05, "Actual Max Total Time": 863.759, "Actual Total Rows": 1188428, "Group By Key": ["part.p_brand", "part.p_type", "part.p_size", "partsupp.ps_suppkey"], "Plans": [{"Node Type": "Streaming(type: LOCAL REDISTRIBUTE dop: 16/16)", "Parent Relationship": "Outer", "Startup Cost": 69999.79, "Total Cost": 140403.93, "Plan Rows": 854611, "Plan Width": 44, "Actual Min Startup Time": 323.271, "Actual Max Startup Time": 773.136, "Actual Min Total Time": 614.546, "Actual Max Total Time": 773.136, "Actual Total Rows": 1188666, "Plans": [{"Node Type": "Hash Join", "Parent Relationship": "Outer", "Join Type": "Anti", "Startup Cost": 69999.79, "Total Cost": 104950.92, "Plan Rows": 854611, "Plan Width": 44, "Actual Min Startup Time": 319.56, "Actual Max Startup Time": 404.165, "Actual Min Total Time": 620.607, "Actual Max Total Time": 716.832, "Actual Total Rows": 1188666, "Inner Unique": false, "Hash Cond": "(partsupp.ps_suppkey = supplier.s_suppkey), (LLVM Optimized, Jit Execute)", "Plans": [{"Node Type": "Hash Join", "Parent Relationship": "Outer", "Join Type": "Inner", "Startup Cost": 51463.21, "Total Cost": 85746.67, "Plan Rows": 854625, "Plan Width": 44, "Actual Min Startup Time": 319.47, "Actual Max Startup Time": 342.856, "Actual Min Total Time": 598.59, "Actual Max Total Time": 634.107, "Actual Total Rows": 1189344, "Inner Unique": true, "Hash Cond": "(partsupp.ps_partkey = part.p_partkey), (LLVM Optimized, Jit Execute)", "Plans": [{"Node Type": "Seq Scan", "Parent Relationship": "Outer", "Relation Name": "partsupp", "Alias": "partsupp", "Startup Cost": 0.0, "Total Cost": 31874.23, "Plan Rows": 8000372, "Plan Width": 16, "Actual Min Startup Time": 0.023, "Actual Max Startup Time": 0.038, "Actual Min Total Time": 151.039, "Actual Max Total Time": 162.82, "Actual Total Rows": 8000000}, {"Node Type": "Hash", "Parent Relationship": "Inner", "Startup Cost": 47765.16, "Total Cost": 47765.16, "Plan Rows": 4733504, "Plan Width": 44, "Actual Min Startup Time": 319.067, "Actual Max Startup Time": 342.372, "Actual Min Total Time": 319.067, "Actual Max Total Time": 342.372, "Actual Total Rows": 4757376, "Max Hash Buckets": 524288, "Min Hash Buckets": 524288, "Max Hash Batches": 1, "Min Hash Batches": 1, "Max Original Hash Batches": 1, "Min Original Hash Batches": 1, "Max Peak Memory Usage": 23216, "min Peak Memory Usage": 23216, "Plans": [{"Node Type": "Streaming(type: BROADCAST dop: 16/16)", "Parent Relationship": "Outer", "Startup Cost": 0.0, "Total Cost": 47765.16, "Plan Rows": 4733504, "Plan Width": 44, "Actual Min Startup Time": 0.037, "Actual Max Startup Time": 0.092, "Actual Min Total Time": 218.869, "Actual Max Total Time": 242.54, "Actual Total Rows": 4757376, "Plans": [{"Node Type": "Seq Scan", "Parent Relationship": "Outer", "Relation Name": "part", "Alias": "part", "Startup Cost": 0.0, "Total Cost": 20746.5, "Plan Rows": 295844, "Plan Width": 44, "Actual Min Startup Time": 0.033, "Actual Max Startup Time": 0.07, "Actual Min Total Time": 102.838, "Actual Max Total Time": 108.172, "Actual Total Rows": 297336, "Filter": "((p_brand <> 'Brand#34'::bpchar) AND ((p_type)::text !~~ 'LARGE BRUSHED%'::text) AND (p_size = ANY ('{48,19,12,4,41,7,21,39}'::integer[]))), (LLVM Optimized, Jit Execute)", "Rows Removed by Filter": 1702664}]}]}]}, {"Node Type": "Hash", "Parent Relationship": "Inner", "Startup Cost": 18536.45, "Total Cost": 18536.45, "Plan Rows": 160, "Plan Width": 8, "Actual Min Startup Time": 0.041, "Actual Max Startup Time": 61.248, "Actual Min Total Time": 0.041, "Actual Max Total Time": 61.248, "Actual Total Rows": 896, "Max Hash Buckets": 32768, "Min Hash Buckets": 32768, "Max Hash Batches": 1, "Min Hash Batches": 1, "Max Original Hash Batches": 1, "Min Original Hash Batches": 1, "Max Peak Memory Usage": 3, "min Peak Memory Usage": 3, "Plans": [{"Node Type": "Streaming(type: BROADCAST dop: 16/1)", "Parent Relationship": "Outer", "Startup Cost": 0.0, "Total Cost": 18536.45, "Plan Rows": 160, "Plan Width": 8, "Actual Min Startup Time": 0.012, "Actual Max Startup Time": 61.212, "Actual Min Total Time": 0.014, "Actual Max Total Time": 61.215, "Actual Total Rows": 896, "Plans": [{"Node Type": "Seq Scan", "Parent Relationship": "Outer", "Relation Name": "supplier", "Alias": "supplier", "Startup Cost": 0.0, "Total Cost": 3533.0, "Plan Rows": 10, "Plan Width": 8, "Actual Min Startup Time": 0.248, "Actual Max Startup Time": 0.248, "Actual Min Total Time": 52.934, "Actual Max Total Time": 52.934, "Actual Total Rows": 56, "Filter": "((s_comment)::text ~~ '%Customer%Complaints%'::text)", "Rows Removed by Filter": 99944}]}]}]}]}]}]}]}]}, "Triggers": [], "Planner Runtime": 1.74, "Total Runtime": 1224.55, "Unique SQL Id": 1437012347}}, "(16, 47)": {"explain_plan": {"Plan": {"Node Type": "Sort", "Startup Cost": 3000085463743.34, "Total Cost": 3000085463812.68, "Plan Rows": 27736, "Plan Width": 60, "Sort Key": ["(count(partsupp.ps_suppkey)) DESC", "part.p_brand", "part.p_type", "part.p_size"], "Plans": [{"Node Type": "Aggregate", "Strategy": "Hashed", "Parent Relationship": "Outer", "Startup Cost": 3000085461419.14, "Total Cost": 3000085461696.5, "Plan Rows": 27736, "Plan Width": 60, "Group By Key": ["part.p_brand", "part.p_type", "part.p_size"], "Plans": [{"Node Type": "Aggregate", "Strategy": "Hashed", "Parent Relationship": "Outer", "Startup Cost": 3000085460864.42, "Total Cost": 3000085461141.78, "Plan Rows": 27736, "Plan Width": 52, "Group By Key": ["part.p_brand", "part.p_type", "part.p_size", "partsupp.ps_suppkey"], "Plans": [{"Node Type": "Nested Loop", "Parent Relationship": "Outer", "Join Type": "Anti", "Startup Cost": 1020013084023.05, "Total Cost": 3000085450181.78, "Plan Rows": 854611, "Plan Width": 44, "Inner Unique": false, "Join Filter": "(partsupp.ps_suppkey = supplier.s_suppkey), (LLVM Optimized)", "Plans": [{"Node Type": "Hash Join", "Parent Relationship": "Outer", "Join Type": "Inner", "Startup Cost": 1010013084023.05, "Total Cost": 2000084763533.91, "Plan Rows": 854625, "Plan Width": 44, "Inner Unique": true, "Hash Cond": "(partsupp.ps_partkey = part.p_partkey), (LLVM Optimized)", "Plans": [{"Node Type": "Index Scan", "Parent Relationship": "Outer", "Scan Direction": "Forward", "Index Name": "partsupp_pkey", "Relation Name": "partsupp", "Alias": "partsupp", "Startup Cost": 10000000000.0, "Total Cost": 1000071640963.22, "Plan Rows": 8000372, "Plan Width": 16}, {"Node Type": "Hash", "Parent Relationship": "Inner", "Startup Cost": 1000013080325.0, "Total Cost": 1000013080325.0, "Plan Rows": 295844, "Plan Width": 44, "Plans": [{"Node Type": "Index Scan", "Parent Relationship": "Outer", "Scan Direction": "Forward", "Index Name": "part_kpey", "Relation Name": "part", "Alias": "part", "Startup Cost": 10000000000.0, "Total Cost": 1000013080325.0, "Plan Rows": 295844, "Plan Width": 44, "Filter": "((p_brand <> 'Brand#34'::bpchar) AND ((p_type)::text !~~ 'LARGE BRUSHED%'::text) AND (p_size = ANY ('{48,19,12,4,41,7,21,39}'::integer[]))), (LLVM Optimized)"}]}]}, {"Node Type": "Materialize", "Parent Relationship": "Inner", "Startup Cost": 10000000000.0, "Total Cost": 1000000558454.43, "Plan Rows": 10, "Plan Width": 8, "Plans": [{"Node Type": "Index Scan", "Parent Relationship": "Outer", "Scan Direction": "Forward", "Index Name": "supplier_pkey", "Relation Name": "supplier", "Alias": "supplier", "Startup Cost": 10000000000.0, "Total Cost": 1000000558454.38, "Plan Rows": 10, "Plan Width": 8, "Filter": "((s_comment)::text ~~ '%Customer%Complaints%'::text)"}]}]}]}]}]}, "Unique SQL Id": 1437012347}, "explain_analyze_plan": null}, "(16, 48)": {"explain_plan": {"Plan": {"Node Type": "Sort", "Startup Cost": 430070.43, "Total Cost": 430139.77, "Plan Rows": 27736, "Plan Width": 60, "Sort Key": ["(count(partsupp.ps_suppkey)) DESC", "part.p_brand", "part.p_type", "part.p_size"], "Plans": [{"Node Type": "Aggregate", "Strategy": "Hashed", "Parent Relationship": "Outer", "Startup Cost": 427746.22, "Total Cost": 428023.58, "Plan Rows": 27736, "Plan Width": 60, "Group By Key": ["part.p_brand", "part.p_type", "part.p_size"], "Plans": [{"Node Type": "Aggregate", "Strategy": "Hashed", "Parent Relationship": "Outer", "Startup Cost": 427191.5, "Total Cost": 427468.86, "Plan Rows": 27736, "Plan Width": 52, "Group By Key": ["part.p_brand", "part.p_type", "part.p_size", "partsupp.ps_suppkey"], "Plans": [{"Node Type": "Nested Loop", "Parent Relationship": "Outer", "Join Type": "Anti", "Startup Cost": 0.0, "Total Cost": 416508.87, "Plan Rows": 854611, "Plan Width": 44, "Inner Unique": false, "Join Filter": "(partsupp.ps_suppkey = supplier.s_suppkey), (LLVM Optimized)", "Plans": [{"Node Type": "Nested Loop", "Parent Relationship": "Outer", "Join Type": "Inner", "Startup Cost": 0.0, "Total Cost": 284782.37, "Plan Rows": 854625, "Plan Width": 44, "Inner Unique": false, "Plans": [{"Node Type": "Streaming(type: LOCAL GATHER dop: 1/16)", "Parent Relationship": "Outer", "Startup Cost": 0.0, "Total Cost": 27131.41, "Plan Rows": 295844, "Plan Width": 44, "Plans": [{"Node Type": "Seq Scan", "Parent Relationship": "Outer", "Relation Name": "part", "Alias": "part", "Startup Cost": 0.0, "Total Cost": 20746.5, "Plan Rows": 295844, "Plan Width": 44, "Filter": "((p_brand <> 'Brand#34'::bpchar) AND ((p_type)::text !~~ 'LARGE BRUSHED%'::text) AND (p_size = ANY ('{48,19,12,4,41,7,21,39}'::integer[]))), (LLVM Optimized)"}]}, {"Node Type": "Index Only Scan", "Parent Relationship": "Inner", "Scan Direction": "Forward", "Index Name": "partsupp_pkey", "Relation Name": "partsupp", "Alias": "partsupp", "Startup Cost": 0.0, "Total Cost": 0.84, "Plan Rows": 3, "Plan Width": 16, "Index Cond": "(ps_partkey = part.p_partkey)"}]}, {"Node Type": "Materialize", "Parent Relationship": "Inner", "Startup Cost": 0.0, "Total Cost": 3533.05, "Plan Rows": 10, "Plan Width": 8, "Plans": [{"Node Type": "Seq Scan", "Parent Relationship": "Outer", "Relation Name": "supplier", "Alias": "supplier", "Startup Cost": 0.0, "Total Cost": 3533.0, "Plan Rows": 10, "Plan Width": 8, "Filter": "((s_comment)::text ~~ '%Customer%Complaints%'::text)"}]}]}]}]}]}, "Unique SQL Id": 1437012347}, "explain_analyze_plan": null}, "(16, 49)": {"explain_plan": {"Plan": {"Node Type": "Sort", "Startup Cost": 510303.72, "Total Cost": 510373.06, "Plan Rows": 27736, "Plan Width": 60, "Sort Key": ["(count(partsupp.ps_suppkey)) DESC", "part.p_brand", "part.p_type", "part.p_size"], "Plans": [{"Node Type": "Aggregate", "Strategy": "Hashed", "Parent Relationship": "Outer", "Startup Cost": 507979.52, "Total Cost": 508256.88, "Plan Rows": 27736, "Plan Width": 60, "Group By Key": ["part.p_brand", "part.p_type", "part.p_size"], "Plans": [{"Node Type": "Aggregate", "Strategy": "Hashed", "Parent Relationship": "Outer", "Startup Cost": 507424.8, "Total Cost": 507702.16, "Plan Rows": 27736, "Plan Width": 52, "Group By Key": ["part.p_brand", "part.p_type", "part.p_size", "partsupp.ps_suppkey"], "Plans": [{"Node Type": "Nested Loop", "Parent Relationship": "Outer", "Join Type": "Anti", "Startup Cost": 0.0, "Total Cost": 496742.16, "Plan Rows": 854611, "Plan Width": 44, "Inner Unique": false, "Join Filter": "(partsupp.ps_suppkey = supplier.s_suppkey), (LLVM Optimized)", "Plans": [{"Node Type": "Nested Loop", "Parent Relationship": "Outer", "Join Type": "Inner", "Startup Cost": 0.0, "Total Cost": 362964.12, "Plan Rows": 854625, "Plan Width": 44, "Inner Unique": false, "Plans": [{"Node Type": "Streaming(type: LOCAL GATHER dop: 1/16)", "Parent Relationship": "Outer", "Startup Cost": 0.0, "Total Cost": 105313.16, "Plan Rows": 295844, "Plan Width": 44, "Plans": [{"Node Type": "Index Scan", "Parent Relationship": "Outer", "Scan Direction": "Forward", "Index Name": "part_kpey", "Relation Name": "part", "Alias": "part", "Startup Cost": 0.0, "Total Cost": 98928.25, "Plan Rows": 295844, "Plan Width": 44, "Filter": "((p_brand <> 'Brand#34'::bpchar) AND ((p_type)::text !~~ 'LARGE BRUSHED%'::text) AND (p_size = ANY ('{48,19,12,4,41,7,21,39}'::integer[]))), (LLVM Optimized)"}]}, {"Node Type": "Index Only Scan", "Parent Relationship": "Inner", "Scan Direction": "Forward", "Index Name": "partsupp_pkey", "Relation Name": "partsupp", "Alias": "partsupp", "Startup Cost": 0.0, "Total Cost": 0.84, "Plan Rows": 3, "Plan Width": 16, "Index Cond": "(ps_partkey = part.p_partkey)"}]}, {"Node Type": "Materialize", "Parent Relationship": "Inner", "Startup Cost": 0.0, "Total Cost": 5584.59, "Plan Rows": 10, "Plan Width": 8, "Plans": [{"Node Type": "Index Scan", "Parent Relationship": "Outer", "Scan Direction": "Forward", "Index Name": "supplier_pkey", "Relation Name": "supplier", "Alias": "supplier", "Startup Cost": 0.0, "Total Cost": 5584.54, "Plan Rows": 10, "Plan Width": 8, "Filter": "((s_comment)::text ~~ '%Customer%Complaints%'::text)"}]}]}]}]}]}, "Unique SQL Id": 1437012347}, "explain_analyze_plan": null}, "(16, 50)": {"explain_plan": {"Plan": {"Node Type": "Sort", "Startup Cost": 1578096.31, "Total Cost": 1578165.65, "Plan Rows": 27736, "Plan Width": 60, "Sort Key": ["(count(partsupp.ps_suppkey)) DESC", "part.p_brand", "part.p_type", "part.p_size"], "Plans": [{"Node Type": "Aggregate", "Strategy": "Hashed", "Parent Relationship": "Outer", "Startup Cost": 1575772.11, "Total Cost": 1576049.47, "Plan Rows": 27736, "Plan Width": 60, "Group By Key": ["part.p_brand", "part.p_type", "part.p_size"], "Plans": [{"Node Type": "Aggregate", "Strategy": "Hashed", "Parent Relationship": "Outer", "Startup Cost": 1575217.39, "Total Cost": 1575494.75, "Plan Rows": 27736, "Plan Width": 52, "Group By Key": ["part.p_brand", "part.p_type", "part.p_size", "partsupp.ps_suppkey"], "Plans": [{"Node Type": "Nested Loop", "Parent Relationship": "Outer", "Join Type": "Anti", "Startup Cost": 0.68, "Total Cost": 1564534.75, "Plan Rows": 854611, "Plan Width": 44, "Inner Unique": false, "Join Filter": "(partsupp.ps_suppkey = supplier.s_suppkey), (LLVM Optimized)", "Plans": [{"Node Type": "Nested Loop", "Parent Relationship": "Outer", "Join Type": "Inner", "Startup Cost": 0.68, "Total Cost": 1432808.26, "Plan Rows": 854625, "Plan Width": 44, "Inner Unique": false, "Plans": [{"Node Type": "Streaming(type: LOCAL GATHER dop: 1/16)", "Parent Relationship": "Outer", "Startup Cost": 0.0, "Total Cost": 27131.41, "Plan Rows": 295844, "Plan Width": 44, "Plans": [{"Node Type": "Seq Scan", "Parent Relationship": "Outer", "Relation Name": "part", "Alias": "part", "Startup Cost": 0.0, "Total Cost": 20746.5, "Plan Rows": 295844, "Plan Width": 44, "Filter": "((p_brand <> 'Brand#34'::bpchar) AND ((p_type)::text !~~ 'LARGE BRUSHED%'::text) AND (p_size = ANY ('{48,19,12,4,41,7,21,39}'::integer[]))), (LLVM Optimized)"}]}, {"Node Type": "Bitmap Heap Scan", "Parent Relationship": "Inner", "Relation Name": "partsupp", "Alias": "partsupp", "Startup Cost": 0.68, "Total Cost": 4.72, "Plan Rows": 3, "Plan Width": 16, "Recheck Cond": "(ps_partkey = part.p_partkey)", "Plans": [{"Node Type": "Bitmap Index Scan", "Parent Relationship": "Outer", "Index Name": "idx_partsupp_partkey", "Startup Cost": 0.0, "Total Cost": 0.68, "Plan Rows": 3, "Plan Width": 0, "Index Cond": "(ps_partkey = part.p_partkey)"}]}]}, {"Node Type": "Materialize", "Parent Relationship": "Inner", "Startup Cost": 0.0, "Total Cost": 3533.05, "Plan Rows": 10, "Plan Width": 8, "Plans": [{"Node Type": "Seq Scan", "Parent Relationship": "Outer", "Relation Name": "supplier", "Alias": "supplier", "Startup Cost": 0.0, "Total Cost": 3533.0, "Plan Rows": 10, "Plan Width": 8, "Filter": "((s_comment)::text ~~ '%Customer%Complaints%'::text)"}]}]}]}]}]}, "Unique SQL Id": 1437012347}, "explain_analyze_plan": null}, "(16, 51)": {"explain_plan": {"Plan": {"Node Type": "Sort", "Startup Cost": 1683887.36, "Total Cost": 1683956.7, "Plan Rows": 27736, "Plan Width": 60, "Sort Key": ["(count(partsupp.ps_suppkey)) DESC", "part.p_brand", "part.p_type", "part.p_size"], "Plans": [{"Node Type": "Aggregate", "Strategy": "Hashed", "Parent Relationship": "Outer", "Startup Cost": 1681563.16, "Total Cost": 1681840.52, "Plan Rows": 27736, "Plan Width": 60, "Group By Key": ["part.p_brand", "part.p_type", "part.p_size"], "Plans": [{"Node Type": "Aggregate", "Strategy": "Hashed", "Parent Relationship": "Outer", "Startup Cost": 1681008.44, "Total Cost": 1681285.8, "Plan Rows": 27736, "Plan Width": 52, "Group By Key": ["part.p_brand", "part.p_type", "part.p_size", "partsupp.ps_suppkey"], "Plans": [{"Node Type": "Nested Loop", "Parent Relationship": "Outer", "Join Type": "Anti", "Startup Cost": 40979.15, "Total Cost": 1670325.8, "Plan Rows": 854611, "Plan Width": 44, "Inner Unique": false, "Join Filter": "(partsupp.ps_suppkey = supplier.s_suppkey), (LLVM Optimized)", "Plans": [{"Node Type": "Nested Loop", "Parent Relationship": "Outer", "Join Type": "Inner", "Startup Cost": 38930.89, "Total Cost": 1536551.05, "Plan Rows": 854625, "Plan Width": 44, "Inner Unique": false, "Plans": [{"Node Type": "Bitmap Heap Scan", "Parent Relationship": "Outer", "Relation Name": "part", "Alias": "part", "Startup Cost": 38930.21, "Total Cost": 130874.21, "Plan Rows": 295844, "Plan Width": 44, "Filter": "((p_brand <> 'Brand#34'::bpchar) AND ((p_type)::text !~~ 'LARGE BRUSHED%'::text) AND (p_size = ANY ('{48,19,12,4,41,7,21,39}'::integer[]))), (LLVM Optimized)", "Plans": [{"Node Type": "Bitmap Index Scan", "Parent Relationship": "Outer", "Index Name": "part_kpey", "Startup Cost": 0.0, "Total Cost": 38856.25, "Plan Rows": 2000000, "Plan Width": 0}]}, {"Node Type": "Bitmap Heap Scan", "Parent Relationship": "Inner", "Relation Name": "partsupp", "Alias": "partsupp", "Startup Cost": 0.68, "Total Cost": 4.72, "Plan Rows": 3, "Plan Width": 16, "Recheck Cond": "(ps_partkey = part.p_partkey)", "Plans": [{"Node Type": "Bitmap Index Scan", "Parent Relationship": "Outer", "Index Name": "idx_partsupp_partkey", "Startup Cost": 0.0, "Total Cost": 0.68, "Plan Rows": 3, "Plan Width": 0, "Index Cond": "(ps_partkey = part.p_partkey)"}]}]}, {"Node Type": "Materialize", "Parent Relationship": "Inner", "Startup Cost": 2048.25, "Total Cost": 5581.3, "Plan Rows": 10, "Plan Width": 8, "Plans": [{"Node Type": "Bitmap Heap Scan", "Parent Relationship": "Outer", "Relation Name": "supplier", "Alias": "supplier", "Startup Cost": 2048.25, "Total Cost": 5581.25, "Plan Rows": 10, "Plan Width": 8, "Filter": "((s_comment)::text ~~ '%Customer%Complaints%'::text)", "Plans": [{"Node Type": "Bitmap Index Scan", "Parent Relationship": "Outer", "Index Name": "supplier_pkey", "Startup Cost": 0.0, "Total Cost": 2048.25, "Plan Rows": 100000, "Plan Width": 0}]}]}]}]}]}]}, "Unique SQL Id": 1437012347}, "explain_analyze_plan": null}, "(16, 52)": {"explain_plan": {"Plan": {"Node Type": "Sort", "Startup Cost": 1059842.46, "Total Cost": 1059911.8, "Plan Rows": 27736, "Plan Width": 60, "Sort Key": ["(count(partsupp.ps_suppkey)) DESC", "part.p_brand", "part.p_type", "part.p_size"], "Plans": [{"Node Type": "Aggregate", "Strategy": "Hashed", "Parent Relationship": "Outer", "Startup Cost": 1057518.26, "Total Cost": 1057795.62, "Plan Rows": 27736, "Plan Width": 60, "Group By Key": ["part.p_brand", "part.p_type", "part.p_size"], "Plans": [{"Node Type": "Aggregate", "Strategy": "Hashed", "Parent Relationship": "Outer", "Startup Cost": 1056963.54, "Total Cost": 1057240.9, "Plan Rows": 27736, "Plan Width": 52, "Group By Key": ["part.p_brand", "part.p_type", "part.p_size", "partsupp.ps_suppkey"], "Plans": [{"Node Type": "Nested Loop", "Parent Relationship": "Outer", "Join Type": "Anti", "Startup Cost": 0.0, "Total Cost": 1046280.9, "Plan Rows": 854611, "Plan Width": 44, "Inner Unique": false, "Join Filter": "(partsupp.ps_suppkey = supplier.s_suppkey), (LLVM Optimized)", "Plans": [{"Node Type": "Nested Loop", "Parent Relationship": "Outer", "Join Type": "Inner", "Startup Cost": 0.0, "Total Cost": 914554.41, "Plan Rows": 854625, "Plan Width": 44, "Inner Unique": false, "Plans": [{"Node Type": "Streaming(type: LOCAL GATHER dop: 1/16)", "Parent Relationship": "Outer", "Startup Cost": 0.0, "Total Cost": 27131.41, "Plan Rows": 295844, "Plan Width": 44, "Plans": [{"Node Type": "Seq Scan", "Parent Relationship": "Outer", "Relation Name": "part", "Alias": "part", "Startup Cost": 0.0, "Total Cost": 20746.5, "Plan Rows": 295844, "Plan Width": 44, "Filter": "((p_brand <> 'Brand#34'::bpchar) AND ((p_type)::text !~~ 'LARGE BRUSHED%'::text) AND (p_size = ANY ('{48,19,12,4,41,7,21,39}'::integer[]))), (LLVM Optimized)"}]}, {"Node Type": "Index Scan", "Parent Relationship": "Inner", "Scan Direction": "Forward", "Index Name": "idx_partsupp_partkey", "Relation Name": "partsupp", "Alias": "partsupp", "Startup Cost": 0.0, "Total Cost": 2.97, "Plan Rows": 3, "Plan Width": 16, "Index Cond": "(ps_partkey = part.p_partkey)"}]}, {"Node Type": "Materialize", "Parent Relationship": "Inner", "Startup Cost": 0.0, "Total Cost": 3533.05, "Plan Rows": 10, "Plan Width": 8, "Plans": [{"Node Type": "Seq Scan", "Parent Relationship": "Outer", "Relation Name": "supplier", "Alias": "supplier", "Startup Cost": 0.0, "Total Cost": 3533.0, "Plan Rows": 10, "Plan Width": 8, "Filter": "((s_comment)::text ~~ '%Customer%Complaints%'::text)"}]}]}]}]}]}, "Unique SQL Id": 1437012347}, "explain_analyze_plan": null}, "(16, 53)": {"explain_plan": {"Plan": {"Node Type": "Sort", "Startup Cost": 1140075.76, "Total Cost": 1140145.1, "Plan Rows": 27736, "Plan Width": 60, "Sort Key": ["(count(partsupp.ps_suppkey)) DESC", "part.p_brand", "part.p_type", "part.p_size"], "Plans": [{"Node Type": "Aggregate", "Strategy": "Hashed", "Parent Relationship": "Outer", "Startup Cost": 1137751.55, "Total Cost": 1138028.91, "Plan Rows": 27736, "Plan Width": 60, "Group By Key": ["part.p_brand", "part.p_type", "part.p_size"], "Plans": [{"Node Type": "Aggregate", "Strategy": "Hashed", "Parent Relationship": "Outer", "Startup Cost": 1137196.83, "Total Cost": 1137474.19, "Plan Rows": 27736, "Plan Width": 52, "Group By Key": ["part.p_brand", "part.p_type", "part.p_size", "partsupp.ps_suppkey"], "Plans": [{"Node Type": "Nested Loop", "Parent Relationship": "Outer", "Join Type": "Anti", "Startup Cost": 0.0, "Total Cost": 1126514.19, "Plan Rows": 854611, "Plan Width": 44, "Inner Unique": false, "Join Filter": "(partsupp.ps_suppkey = supplier.s_suppkey), (LLVM Optimized)", "Plans": [{"Node Type": "Nested Loop", "Parent Relationship": "Outer", "Join Type": "Inner", "Startup Cost": 0.0, "Total Cost": 992736.16, "Plan Rows": 854625, "Plan Width": 44, "Inner Unique": false, "Plans": [{"Node Type": "Streaming(type: LOCAL GATHER dop: 1/16)", "Parent Relationship": "Outer", "Startup Cost": 0.0, "Total Cost": 105313.16, "Plan Rows": 295844, "Plan Width": 44, "Plans": [{"Node Type": "Index Scan", "Parent Relationship": "Outer", "Scan Direction": "Forward", "Index Name": "part_kpey", "Relation Name": "part", "Alias": "part", "Startup Cost": 0.0, "Total Cost": 98928.25, "Plan Rows": 295844, "Plan Width": 44, "Filter": "((p_brand <> 'Brand#34'::bpchar) AND ((p_type)::text !~~ 'LARGE BRUSHED%'::text) AND (p_size = ANY ('{48,19,12,4,41,7,21,39}'::integer[]))), (LLVM Optimized)"}]}, {"Node Type": "Index Scan", "Parent Relationship": "Inner", "Scan Direction": "Forward", "Index Name": "idx_partsupp_partkey", "Relation Name": "partsupp", "Alias": "partsupp", "Startup Cost": 0.0, "Total Cost": 2.97, "Plan Rows": 3, "Plan Width": 16, "Index Cond": "(ps_partkey = part.p_partkey)"}]}, {"Node Type": "Materialize", "Parent Relationship": "Inner", "Startup Cost": 0.0, "Total Cost": 5584.59, "Plan Rows": 10, "Plan Width": 8, "Plans": [{"Node Type": "Index Scan", "Parent Relationship": "Outer", "Scan Direction": "Forward", "Index Name": "supplier_pkey", "Relation Name": "supplier", "Alias": "supplier", "Startup Cost": 0.0, "Total Cost": 5584.54, "Plan Rows": 10, "Plan Width": 8, "Filter": "((s_comment)::text ~~ '%Customer%Complaints%'::text)"}]}]}]}]}]}, "Unique SQL Id": 1437012347}, "explain_analyze_plan": null}, "(16, 54)": {"explain_plan": {"Plan": {"Node Type": "Sort", "Startup Cost": 1578096.31, "Total Cost": 1578165.65, "Plan Rows": 27736, "Plan Width": 60, "Sort Key": ["(count(partsupp.ps_suppkey)) DESC", "part.p_brand", "part.p_type", "part.p_size"], "Plans": [{"Node Type": "Aggregate", "Strategy": "Hashed", "Parent Relationship": "Outer", "Startup Cost": 1575772.11, "Total Cost": 1576049.47, "Plan Rows": 27736, "Plan Width": 60, "Group By Key": ["part.p_brand", "part.p_type", "part.p_size"], "Plans": [{"Node Type": "Aggregate", "Strategy": "Hashed", "Parent Relationship": "Outer", "Startup Cost": 1575217.39, "Total Cost": 1575494.75, "Plan Rows": 27736, "Plan Width": 52, "Group By Key": ["part.p_brand", "part.p_type", "part.p_size", "partsupp.ps_suppkey"], "Plans": [{"Node Type": "Nested Loop", "Parent Relationship": "Outer", "Join Type": "Anti", "Startup Cost": 0.68, "Total Cost": 1564534.75, "Plan Rows": 854611, "Plan Width": 44, "Inner Unique": false, "Join Filter": "(partsupp.ps_suppkey = supplier.s_suppkey), (LLVM Optimized)", "Plans": [{"Node Type": "Nested Loop", "Parent Relationship": "Outer", "Join Type": "Inner", "Startup Cost": 0.68, "Total Cost": 1432808.26, "Plan Rows": 854625, "Plan Width": 44, "Inner Unique": false, "Plans": [{"Node Type": "Streaming(type: LOCAL GATHER dop: 1/16)", "Parent Relationship": "Outer", "Startup Cost": 0.0, "Total Cost": 27131.41, "Plan Rows": 295844, "Plan Width": 44, "Plans": [{"Node Type": "Seq Scan", "Parent Relationship": "Outer", "Relation Name": "part", "Alias": "part", "Startup Cost": 0.0, "Total Cost": 20746.5, "Plan Rows": 295844, "Plan Width": 44, "Filter": "((p_brand <> 'Brand#34'::bpchar) AND ((p_type)::text !~~ 'LARGE BRUSHED%'::text) AND (p_size = ANY ('{48,19,12,4,41,7,21,39}'::integer[]))), (LLVM Optimized)"}]}, {"Node Type": "Bitmap Heap Scan", "Parent Relationship": "Inner", "Relation Name": "partsupp", "Alias": "partsupp", "Startup Cost": 0.68, "Total Cost": 4.72, "Plan Rows": 3, "Plan Width": 16, "Recheck Cond": "(ps_partkey = part.p_partkey)", "Plans": [{"Node Type": "Bitmap Index Scan", "Parent Relationship": "Outer", "Index Name": "idx_partsupp_partkey", "Startup Cost": 0.0, "Total Cost": 0.68, "Plan Rows": 3, "Plan Width": 0, "Index Cond": "(ps_partkey = part.p_partkey)"}]}]}, {"Node Type": "Materialize", "Parent Relationship": "Inner", "Startup Cost": 0.0, "Total Cost": 3533.05, "Plan Rows": 10, "Plan Width": 8, "Plans": [{"Node Type": "Seq Scan", "Parent Relationship": "Outer", "Relation Name": "supplier", "Alias": "supplier", "Startup Cost": 0.0, "Total Cost": 3533.0, "Plan Rows": 10, "Plan Width": 8, "Filter": "((s_comment)::text ~~ '%Customer%Complaints%'::text)"}]}]}]}]}]}, "Unique SQL Id": 1437012347}, "explain_analyze_plan": null}, "(16, 55)": {"explain_plan": {"Plan": {"Node Type": "Sort", "Startup Cost": 1683887.36, "Total Cost": 1683956.7, "Plan Rows": 27736, "Plan Width": 60, "Sort Key": ["(count(partsupp.ps_suppkey)) DESC", "part.p_brand", "part.p_type", "part.p_size"], "Plans": [{"Node Type": "Aggregate", "Strategy": "Hashed", "Parent Relationship": "Outer", "Startup Cost": 1681563.16, "Total Cost": 1681840.52, "Plan Rows": 27736, "Plan Width": 60, "Group By Key": ["part.p_brand", "part.p_type", "part.p_size"], "Plans": [{"Node Type": "Aggregate", "Strategy": "Hashed", "Parent Relationship": "Outer", "Startup Cost": 1681008.44, "Total Cost": 1681285.8, "Plan Rows": 27736, "Plan Width": 52, "Group By Key": ["part.p_brand", "part.p_type", "part.p_size", "partsupp.ps_suppkey"], "Plans": [{"Node Type": "Nested Loop", "Parent Relationship": "Outer", "Join Type": "Anti", "Startup Cost": 40979.15, "Total Cost": 1670325.8, "Plan Rows": 854611, "Plan Width": 44, "Inner Unique": false, "Join Filter": "(partsupp.ps_suppkey = supplier.s_suppkey), (LLVM Optimized)", "Plans": [{"Node Type": "Nested Loop", "Parent Relationship": "Outer", "Join Type": "Inner", "Startup Cost": 38930.89, "Total Cost": 1536551.05, "Plan Rows": 854625, "Plan Width": 44, "Inner Unique": false, "Plans": [{"Node Type": "Bitmap Heap Scan", "Parent Relationship": "Outer", "Relation Name": "part", "Alias": "part", "Startup Cost": 38930.21, "Total Cost": 130874.21, "Plan Rows": 295844, "Plan Width": 44, "Filter": "((p_brand <> 'Brand#34'::bpchar) AND ((p_type)::text !~~ 'LARGE BRUSHED%'::text) AND (p_size = ANY ('{48,19,12,4,41,7,21,39}'::integer[]))), (LLVM Optimized)", "Plans": [{"Node Type": "Bitmap Index Scan", "Parent Relationship": "Outer", "Index Name": "part_kpey", "Startup Cost": 0.0, "Total Cost": 38856.25, "Plan Rows": 2000000, "Plan Width": 0}]}, {"Node Type": "Bitmap Heap Scan", "Parent Relationship": "Inner", "Relation Name": "partsupp", "Alias": "partsupp", "Startup Cost": 0.68, "Total Cost": 4.72, "Plan Rows": 3, "Plan Width": 16, "Recheck Cond": "(ps_partkey = part.p_partkey)", "Plans": [{"Node Type": "Bitmap Index Scan", "Parent Relationship": "Outer", "Index Name": "idx_partsupp_partkey", "Startup Cost": 0.0, "Total Cost": 0.68, "Plan Rows": 3, "Plan Width": 0, "Index Cond": "(ps_partkey = part.p_partkey)"}]}]}, {"Node Type": "Materialize", "Parent Relationship": "Inner", "Startup Cost": 2048.25, "Total Cost": 5581.3, "Plan Rows": 10, "Plan Width": 8, "Plans": [{"Node Type": "Bitmap Heap Scan", "Parent Relationship": "Outer", "Relation Name": "supplier", "Alias": "supplier", "Startup Cost": 2048.25, "Total Cost": 5581.25, "Plan Rows": 10, "Plan Width": 8, "Filter": "((s_comment)::text ~~ '%Customer%Complaints%'::text)", "Plans": [{"Node Type": "Bitmap Index Scan", "Parent Relationship": "Outer", "Index Name": "supplier_pkey", "Startup Cost": 0.0, "Total Cost": 2048.25, "Plan Rows": 100000, "Plan Width": 0}]}]}]}]}]}]}, "Unique SQL Id": 1437012347}, "explain_analyze_plan": null}, "(16, 56)": {"explain_plan": {"Plan": {"Node Type": "Sort", "Startup Cost": 430070.43, "Total Cost": 430139.77, "Plan Rows": 27736, "Plan Width": 60, "Sort Key": ["(count(partsupp.ps_suppkey)) DESC", "part.p_brand", "part.p_type", "part.p_size"], "Plans": [{"Node Type": "Aggregate", "Strategy": "Hashed", "Parent Relationship": "Outer", "Startup Cost": 427746.22, "Total Cost": 428023.58, "Plan Rows": 27736, "Plan Width": 60, "Group By Key": ["part.p_brand", "part.p_type", "part.p_size"], "Plans": [{"Node Type": "Aggregate", "Strategy": "Hashed", "Parent Relationship": "Outer", "Startup Cost": 427191.5, "Total Cost": 427468.86, "Plan Rows": 27736, "Plan Width": 52, "Group By Key": ["part.p_brand", "part.p_type", "part.p_size", "partsupp.ps_suppkey"], "Plans": [{"Node Type": "Nested Loop", "Parent Relationship": "Outer", "Join Type": "Anti", "Startup Cost": 0.0, "Total Cost": 416508.87, "Plan Rows": 854611, "Plan Width": 44, "Inner Unique": false, "Join Filter": "(partsupp.ps_suppkey = supplier.s_suppkey), (LLVM Optimized)", "Plans": [{"Node Type": "Nested Loop", "Parent Relationship": "Outer", "Join Type": "Inner", "Startup Cost": 0.0, "Total Cost": 284782.37, "Plan Rows": 854625, "Plan Width": 44, "Inner Unique": false, "Plans": [{"Node Type": "Streaming(type: LOCAL GATHER dop: 1/16)", "Parent Relationship": "Outer", "Startup Cost": 0.0, "Total Cost": 27131.41, "Plan Rows": 295844, "Plan Width": 44, "Plans": [{"Node Type": "Seq Scan", "Parent Relationship": "Outer", "Relation Name": "part", "Alias": "part", "Startup Cost": 0.0, "Total Cost": 20746.5, "Plan Rows": 295844, "Plan Width": 44, "Filter": "((p_brand <> 'Brand#34'::bpchar) AND ((p_type)::text !~~ 'LARGE BRUSHED%'::text) AND (p_size = ANY ('{48,19,12,4,41,7,21,39}'::integer[]))), (LLVM Optimized)"}]}, {"Node Type": "Index Only Scan", "Parent Relationship": "Inner", "Scan Direction": "Forward", "Index Name": "partsupp_pkey", "Relation Name": "partsupp", "Alias": "partsupp", "Startup Cost": 0.0, "Total Cost": 0.84, "Plan Rows": 3, "Plan Width": 16, "Index Cond": "(ps_partkey = part.p_partkey)"}]}, {"Node Type": "Materialize", "Parent Relationship": "Inner", "Startup Cost": 0.0, "Total Cost": 3533.05, "Plan Rows": 10, "Plan Width": 8, "Plans": [{"Node Type": "Seq Scan", "Parent Relationship": "Outer", "Relation Name": "supplier", "Alias": "supplier", "Startup Cost": 0.0, "Total Cost": 3533.0, "Plan Rows": 10, "Plan Width": 8, "Filter": "((s_comment)::text ~~ '%Customer%Complaints%'::text)"}]}]}]}]}]}, "Unique SQL Id": 1437012347}, "explain_analyze_plan": null}, "(16, 57)": {"explain_plan": {"Plan": {"Node Type": "Sort", "Startup Cost": 510303.72, "Total Cost": 510373.06, "Plan Rows": 27736, "Plan Width": 60, "Sort Key": ["(count(partsupp.ps_suppkey)) DESC", "part.p_brand", "part.p_type", "part.p_size"], "Plans": [{"Node Type": "Aggregate", "Strategy": "Hashed", "Parent Relationship": "Outer", "Startup Cost": 507979.52, "Total Cost": 508256.88, "Plan Rows": 27736, "Plan Width": 60, "Group By Key": ["part.p_brand", "part.p_type", "part.p_size"], "Plans": [{"Node Type": "Aggregate", "Strategy": "Hashed", "Parent Relationship": "Outer", "Startup Cost": 507424.8, "Total Cost": 507702.16, "Plan Rows": 27736, "Plan Width": 52, "Group By Key": ["part.p_brand", "part.p_type", "part.p_size", "partsupp.ps_suppkey"], "Plans": [{"Node Type": "Nested Loop", "Parent Relationship": "Outer", "Join Type": "Anti", "Startup Cost": 0.0, "Total Cost": 496742.16, "Plan Rows": 854611, "Plan Width": 44, "Inner Unique": false, "Join Filter": "(partsupp.ps_suppkey = supplier.s_suppkey), (LLVM Optimized)", "Plans": [{"Node Type": "Nested Loop", "Parent Relationship": "Outer", "Join Type": "Inner", "Startup Cost": 0.0, "Total Cost": 362964.12, "Plan Rows": 854625, "Plan Width": 44, "Inner Unique": false, "Plans": [{"Node Type": "Streaming(type: LOCAL GATHER dop: 1/16)", "Parent Relationship": "Outer", "Startup Cost": 0.0, "Total Cost": 105313.16, "Plan Rows": 295844, "Plan Width": 44, "Plans": [{"Node Type": "Index Scan", "Parent Relationship": "Outer", "Scan Direction": "Forward", "Index Name": "part_kpey", "Relation Name": "part", "Alias": "part", "Startup Cost": 0.0, "Total Cost": 98928.25, "Plan Rows": 295844, "Plan Width": 44, "Filter": "((p_brand <> 'Brand#34'::bpchar) AND ((p_type)::text !~~ 'LARGE BRUSHED%'::text) AND (p_size = ANY ('{48,19,12,4,41,7,21,39}'::integer[]))), (LLVM Optimized)"}]}, {"Node Type": "Index Only Scan", "Parent Relationship": "Inner", "Scan Direction": "Forward", "Index Name": "partsupp_pkey", "Relation Name": "partsupp", "Alias": "partsupp", "Startup Cost": 0.0, "Total Cost": 0.84, "Plan Rows": 3, "Plan Width": 16, "Index Cond": "(ps_partkey = part.p_partkey)"}]}, {"Node Type": "Materialize", "Parent Relationship": "Inner", "Startup Cost": 0.0, "Total Cost": 5584.59, "Plan Rows": 10, "Plan Width": 8, "Plans": [{"Node Type": "Index Scan", "Parent Relationship": "Outer", "Scan Direction": "Forward", "Index Name": "supplier_pkey", "Relation Name": "supplier", "Alias": "supplier", "Startup Cost": 0.0, "Total Cost": 5584.54, "Plan Rows": 10, "Plan Width": 8, "Filter": "((s_comment)::text ~~ '%Customer%Complaints%'::text)"}]}]}]}]}]}, "Unique SQL Id": 1437012347}, "explain_analyze_plan": null}, "(16, 58)": {"explain_plan": {"Plan": {"Node Type": "Sort", "Startup Cost": 138863507.59, "Total Cost": 138863576.93, "Plan Rows": 27736, "Plan Width": 60, "Sort Key": ["(count(partsupp.ps_suppkey)) DESC", "part.p_brand", "part.p_type", "part.p_size"], "Plans": [{"Node Type": "Streaming(type: LOCAL GATHER dop: 1/16)", "Parent Relationship": "Outer", "Startup Cost": 138861162.82, "Total Cost": 138861460.74, "Plan Rows": 27736, "Plan Width": 60, "Plans": [{"Node Type": "Aggregate", "Strategy": "Hashed", "Parent Relationship": "Outer", "Startup Cost": 138861162.82, "Total Cost": 138861180.15, "Plan Rows": 27736, "Plan Width": 60, "Group By Key": ["part.p_brand", "part.p_type", "part.p_size"], "Plans": [{"Node Type": "Aggregate", "Strategy": "Hashed", "Parent Relationship": "Outer", "Startup Cost": 138860094.55, "Total Cost": 138860628.68, "Plan Rows": 854611, "Plan Width": 52, "Group By Key": ["part.p_brand", "part.p_type", "part.p_size", "partsupp.ps_suppkey"], "Plans": [{"Node Type": "Streaming(type: LOCAL REDISTRIBUTE dop: 16/16)", "Parent Relationship": "Outer", "Startup Cost": 0.0, "Total Cost": 138859426.89, "Plan Rows": 854611, "Plan Width": 44, "Plans": [{"Node Type": "Nested Loop", "Parent Relationship": "Outer", "Join Type": "Anti", "Startup Cost": 0.0, "Total Cost": 138823973.88, "Plan Rows": 854611, "Plan Width": 44, "Inner Unique": false, "Join Filter": "(partsupp.ps_suppkey = supplier.s_suppkey), (LLVM Optimized)", "Plans": [{"Node Type": "Nested Loop", "Parent Relationship": "Outer", "Join Type": "Inner", "Startup Cost": 0.0, "Total Cost": 138797425.31, "Plan Rows": 854625, "Plan Width": 44, "Inner Unique": true, "Join Filter": "(partsupp.ps_partkey = part.p_partkey), (LLVM Optimized)", "Plans": [{"Node Type": "Streaming(type: LOCAL REDISTRIBUTE dop: 16/16)", "Parent Relationship": "Outer", "Startup Cost": 0.0, "Total Cost": 77188.14, "Plan Rows": 8000372, "Plan Width": 16, "Plans": [{"Node Type": "Seq Scan", "Parent Relationship": "Outer", "Relation Name": "partsupp", "Alias": "partsupp", "Startup Cost": 0.0, "Total Cost": 31874.23, "Plan Rows": 8000372, "Plan Width": 16}]}, {"Node Type": "Materialize", "Parent Relationship": "Inner", "Startup Cost": 0.0, "Total Cost": 36959.92, "Plan Rows": 295844, "Plan Width": 44, "Plans": [{"Node Type": "Streaming(type: LOCAL REDISTRIBUTE dop: 16/16)", "Parent Relationship": "Outer", "Startup Cost": 0.0, "Total Cost": 36867.47, "Plan Rows": 295844, "Plan Width": 44, "Plans": [{"Node Type": "Seq Scan", "Parent Relationship": "Outer", "Relation Name": "part", "Alias": "part", "Startup Cost": 0.0, "Total Cost": 20746.5, "Plan Rows": 295844, "Plan Width": 44, "Filter": "((p_brand <> 'Brand#34'::bpchar) AND ((p_type)::text !~~ 'LARGE BRUSHED%'::text) AND (p_size = ANY ('{48,19,12,4,41,7,21,39}'::integer[]))), (LLVM Optimized)"}]}]}]}, {"Node Type": "Materialize", "Parent Relationship": "Inner", "Startup Cost": 0.0, "Total Cost": 18536.5, "Plan Rows": 160, "Plan Width": 8, "Plans": [{"Node Type": "Streaming(type: BROADCAST dop: 16/1)", "Parent Relationship": "Outer", "Startup Cost": 0.0, "Total Cost": 18536.45, "Plan Rows": 160, "Plan Width": 8, "Plans": [{"Node Type": "Seq Scan", "Parent Relationship": "Outer", "Relation Name": "supplier", "Alias": "supplier", "Startup Cost": 0.0, "Total Cost": 3533.0, "Plan Rows": 10, "Plan Width": 8, "Filter": "((s_comment)::text ~~ '%Customer%Complaints%'::text)"}]}]}]}]}]}]}]}]}, "Unique SQL Id": 1437012347}, "explain_analyze_plan": null}, "(16, 59)": {"explain_plan": {"Plan": {"Node Type": "Sort", "Startup Cost": 3035544896282.46, "Total Cost": 3035544896351.79, "Plan Rows": 27736, "Plan Width": 60, "Sort Key": ["(count(partsupp.ps_suppkey)) DESC", "part.p_brand", "part.p_type", "part.p_size"], "Plans": [{"Node Type": "Aggregate", "Strategy": "Hashed", "Parent Relationship": "Outer", "Startup Cost": 3035544893958.25, "Total Cost": 3035544894235.61, "Plan Rows": 27736, "Plan Width": 60, "Group By Key": ["part.p_brand", "part.p_type", "part.p_size"], "Plans": [{"Node Type": "Aggregate", "Strategy": "Hashed", "Parent Relationship": "Outer", "Startup Cost": 3035544893403.53, "Total Cost": 3035544893680.89, "Plan Rows": 27736, "Plan Width": 52, "Group By Key": ["part.p_brand", "part.p_type", "part.p_size", "partsupp.ps_suppkey"], "Plans": [{"Node Type": "Nested Loop", "Parent Relationship": "Outer", "Join Type": "Inner", "Startup Cost": 30000000000.0, "Total Cost": 3035544882720.89, "Plan Rows": 854611, "Plan Width": 44, "Inner Unique": true, "Join Filter": "(partsupp.ps_partkey = part.p_partkey), (LLVM Optimized)", "Plans": [{"Node Type": "Nested Loop", "Parent Relationship": "Outer", "Join Type": "Anti", "Startup Cost": 20000000000.0, "Total Cost": 2000029465493.2, "Plan Rows": 8000238, "Plan Width": 16, "Inner Unique": false, "Join Filter": "(partsupp.ps_suppkey = supplier.s_suppkey), (LLVM Optimized)", "Plans": [{"Node Type": "Index Only Scan", "Parent Relationship": "Outer", "Scan Direction": "Forward", "Index Name": "partsupp_pkey", "Relation Name": "partsupp", "Alias": "partsupp", "Startup Cost": 10000000000.0, "Total Cost": 1000027706983.0, "Plan Rows": 8000372, "Plan Width": 16}, {"Node Type": "Materialize", "Parent Relationship": "Inner", "Startup Cost": 10000000000.0, "Total Cost": 1000000558454.43, "Plan Rows": 10, "Plan Width": 8, "Plans": [{"Node Type": "Index Scan", "Parent Relationship": "Outer", "Scan Direction": "Forward", "Index Name": "supplier_pkey", "Relation Name": "supplier", "Alias": "supplier", "Startup Cost": 10000000000.0, "Total Cost": 1000000558454.38, "Plan Rows": 10, "Plan Width": 8, "Filter": "((s_comment)::text ~~ '%Customer%Complaints%'::text)"}]}]}, {"Node Type": "Materialize", "Parent Relationship": "Inner", "Startup Cost": 10000000000.0, "Total Cost": 1000013081804.22, "Plan Rows": 295844, "Plan Width": 44, "Plans": [{"Node Type": "Index Scan", "Parent Relationship": "Outer", "Scan Direction": "Forward", "Index Name": "part_kpey", "Relation Name": "part", "Alias": "part", "Startup Cost": 10000000000.0, "Total Cost": 1000013080325.0, "Plan Rows": 295844, "Plan Width": 44, "Filter": "((p_brand <> 'Brand#34'::bpchar) AND ((p_type)::text !~~ 'LARGE BRUSHED%'::text) AND (p_size = ANY ('{48,19,12,4,41,7,21,39}'::integer[]))), (LLVM Optimized)"}]}]}]}]}]}, "Unique SQL Id": 1437012347}, "explain_analyze_plan": null}, "(16, 60)": {"explain_plan": {"Plan": {"Node Type": "Sort", "Startup Cost": 1059842.46, "Total Cost": 1059911.8, "Plan Rows": 27736, "Plan Width": 60, "Sort Key": ["(count(partsupp.ps_suppkey)) DESC", "part.p_brand", "part.p_type", "part.p_size"], "Plans": [{"Node Type": "Aggregate", "Strategy": "Hashed", "Parent Relationship": "Outer", "Startup Cost": 1057518.26, "Total Cost": 1057795.62, "Plan Rows": 27736, "Plan Width": 60, "Group By Key": ["part.p_brand", "part.p_type", "part.p_size"], "Plans": [{"Node Type": "Aggregate", "Strategy": "Hashed", "Parent Relationship": "Outer", "Startup Cost": 1056963.54, "Total Cost": 1057240.9, "Plan Rows": 27736, "Plan Width": 52, "Group By Key": ["part.p_brand", "part.p_type", "part.p_size", "partsupp.ps_suppkey"], "Plans": [{"Node Type": "Nested Loop", "Parent Relationship": "Outer", "Join Type": "Anti", "Startup Cost": 0.0, "Total Cost": 1046280.9, "Plan Rows": 854611, "Plan Width": 44, "Inner Unique": false, "Join Filter": "(partsupp.ps_suppkey = supplier.s_suppkey), (LLVM Optimized)", "Plans": [{"Node Type": "Nested Loop", "Parent Relationship": "Outer", "Join Type": "Inner", "Startup Cost": 0.0, "Total Cost": 914554.41, "Plan Rows": 854625, "Plan Width": 44, "Inner Unique": false, "Plans": [{"Node Type": "Streaming(type: LOCAL GATHER dop: 1/16)", "Parent Relationship": "Outer", "Startup Cost": 0.0, "Total Cost": 27131.41, "Plan Rows": 295844, "Plan Width": 44, "Plans": [{"Node Type": "Seq Scan", "Parent Relationship": "Outer", "Relation Name": "part", "Alias": "part", "Startup Cost": 0.0, "Total Cost": 20746.5, "Plan Rows": 295844, "Plan Width": 44, "Filter": "((p_brand <> 'Brand#34'::bpchar) AND ((p_type)::text !~~ 'LARGE BRUSHED%'::text) AND (p_size = ANY ('{48,19,12,4,41,7,21,39}'::integer[]))), (LLVM Optimized)"}]}, {"Node Type": "Index Scan", "Parent Relationship": "Inner", "Scan Direction": "Forward", "Index Name": "idx_partsupp_partkey", "Relation Name": "partsupp", "Alias": "partsupp", "Startup Cost": 0.0, "Total Cost": 2.97, "Plan Rows": 3, "Plan Width": 16, "Index Cond": "(ps_partkey = part.p_partkey)"}]}, {"Node Type": "Materialize", "Parent Relationship": "Inner", "Startup Cost": 0.0, "Total Cost": 3533.05, "Plan Rows": 10, "Plan Width": 8, "Plans": [{"Node Type": "Seq Scan", "Parent Relationship": "Outer", "Relation Name": "supplier", "Alias": "supplier", "Startup Cost": 0.0, "Total Cost": 3533.0, "Plan Rows": 10, "Plan Width": 8, "Filter": "((s_comment)::text ~~ '%Customer%Complaints%'::text)"}]}]}]}]}]}, "Unique SQL Id": 1437012347}, "explain_analyze_plan": null}, "(16, 61)": {"explain_plan": {"Plan": {"Node Type": "Sort", "Startup Cost": 1140075.76, "Total Cost": 1140145.1, "Plan Rows": 27736, "Plan Width": 60, "Sort Key": ["(count(partsupp.ps_suppkey)) DESC", "part.p_brand", "part.p_type", "part.p_size"], "Plans": [{"Node Type": "Aggregate", "Strategy": "Hashed", "Parent Relationship": "Outer", "Startup Cost": 1137751.55, "Total Cost": 1138028.91, "Plan Rows": 27736, "Plan Width": 60, "Group By Key": ["part.p_brand", "part.p_type", "part.p_size"], "Plans": [{"Node Type": "Aggregate", "Strategy": "Hashed", "Parent Relationship": "Outer", "Startup Cost": 1137196.83, "Total Cost": 1137474.19, "Plan Rows": 27736, "Plan Width": 52, "Group By Key": ["part.p_brand", "part.p_type", "part.p_size", "partsupp.ps_suppkey"], "Plans": [{"Node Type": "Nested Loop", "Parent Relationship": "Outer", "Join Type": "Anti", "Startup Cost": 0.0, "Total Cost": 1126514.19, "Plan Rows": 854611, "Plan Width": 44, "Inner Unique": false, "Join Filter": "(partsupp.ps_suppkey = supplier.s_suppkey), (LLVM Optimized)", "Plans": [{"Node Type": "Nested Loop", "Parent Relationship": "Outer", "Join Type": "Inner", "Startup Cost": 0.0, "Total Cost": 992736.16, "Plan Rows": 854625, "Plan Width": 44, "Inner Unique": false, "Plans": [{"Node Type": "Streaming(type: LOCAL GATHER dop: 1/16)", "Parent Relationship": "Outer", "Startup Cost": 0.0, "Total Cost": 105313.16, "Plan Rows": 295844, "Plan Width": 44, "Plans": [{"Node Type": "Index Scan", "Parent Relationship": "Outer", "Scan Direction": "Forward", "Index Name": "part_kpey", "Relation Name": "part", "Alias": "part", "Startup Cost": 0.0, "Total Cost": 98928.25, "Plan Rows": 295844, "Plan Width": 44, "Filter": "((p_brand <> 'Brand#34'::bpchar) AND ((p_type)::text !~~ 'LARGE BRUSHED%'::text) AND (p_size = ANY ('{48,19,12,4,41,7,21,39}'::integer[]))), (LLVM Optimized)"}]}, {"Node Type": "Index Scan", "Parent Relationship": "Inner", "Scan Direction": "Forward", "Index Name": "idx_partsupp_partkey", "Relation Name": "partsupp", "Alias": "partsupp", "Startup Cost": 0.0, "Total Cost": 2.97, "Plan Rows": 3, "Plan Width": 16, "Index Cond": "(ps_partkey = part.p_partkey)"}]}, {"Node Type": "Materialize", "Parent Relationship": "Inner", "Startup Cost": 0.0, "Total Cost": 5584.59, "Plan Rows": 10, "Plan Width": 8, "Plans": [{"Node Type": "Index Scan", "Parent Relationship": "Outer", "Scan Direction": "Forward", "Index Name": "supplier_pkey", "Relation Name": "supplier", "Alias": "supplier", "Startup Cost": 0.0, "Total Cost": 5584.54, "Plan Rows": 10, "Plan Width": 8, "Filter": "((s_comment)::text ~~ '%Customer%Complaints%'::text)"}]}]}]}]}]}, "Unique SQL Id": 1437012347}, "explain_analyze_plan": null}, "(16, 62)": {"explain_plan": {"Plan": {"Node Type": "Sort", "Startup Cost": 138863507.59, "Total Cost": 138863576.93, "Plan Rows": 27736, "Plan Width": 60, "Sort Key": ["(count(partsupp.ps_suppkey)) DESC", "part.p_brand", "part.p_type", "part.p_size"], "Plans": [{"Node Type": "Streaming(type: LOCAL GATHER dop: 1/16)", "Parent Relationship": "Outer", "Startup Cost": 138861162.82, "Total Cost": 138861460.74, "Plan Rows": 27736, "Plan Width": 60, "Plans": [{"Node Type": "Aggregate", "Strategy": "Hashed", "Parent Relationship": "Outer", "Startup Cost": 138861162.82, "Total Cost": 138861180.15, "Plan Rows": 27736, "Plan Width": 60, "Group By Key": ["part.p_brand", "part.p_type", "part.p_size"], "Plans": [{"Node Type": "Aggregate", "Strategy": "Hashed", "Parent Relationship": "Outer", "Startup Cost": 138860094.55, "Total Cost": 138860628.68, "Plan Rows": 854611, "Plan Width": 52, "Group By Key": ["part.p_brand", "part.p_type", "part.p_size", "partsupp.ps_suppkey"], "Plans": [{"Node Type": "Streaming(type: LOCAL REDISTRIBUTE dop: 16/16)", "Parent Relationship": "Outer", "Startup Cost": 0.0, "Total Cost": 138859426.89, "Plan Rows": 854611, "Plan Width": 44, "Plans": [{"Node Type": "Nested Loop", "Parent Relationship": "Outer", "Join Type": "Anti", "Startup Cost": 0.0, "Total Cost": 138823973.88, "Plan Rows": 854611, "Plan Width": 44, "Inner Unique": false, "Join Filter": "(partsupp.ps_suppkey = supplier.s_suppkey), (LLVM Optimized)", "Plans": [{"Node Type": "Nested Loop", "Parent Relationship": "Outer", "Join Type": "Inner", "Startup Cost": 0.0, "Total Cost": 138797425.31, "Plan Rows": 854625, "Plan Width": 44, "Inner Unique": true, "Join Filter": "(partsupp.ps_partkey = part.p_partkey), (LLVM Optimized)", "Plans": [{"Node Type": "Streaming(type: LOCAL REDISTRIBUTE dop: 16/16)", "Parent Relationship": "Outer", "Startup Cost": 0.0, "Total Cost": 77188.14, "Plan Rows": 8000372, "Plan Width": 16, "Plans": [{"Node Type": "Seq Scan", "Parent Relationship": "Outer", "Relation Name": "partsupp", "Alias": "partsupp", "Startup Cost": 0.0, "Total Cost": 31874.23, "Plan Rows": 8000372, "Plan Width": 16}]}, {"Node Type": "Materialize", "Parent Relationship": "Inner", "Startup Cost": 0.0, "Total Cost": 36959.92, "Plan Rows": 295844, "Plan Width": 44, "Plans": [{"Node Type": "Streaming(type: LOCAL REDISTRIBUTE dop: 16/16)", "Parent Relationship": "Outer", "Startup Cost": 0.0, "Total Cost": 36867.47, "Plan Rows": 295844, "Plan Width": 44, "Plans": [{"Node Type": "Seq Scan", "Parent Relationship": "Outer", "Relation Name": "part", "Alias": "part", "Startup Cost": 0.0, "Total Cost": 20746.5, "Plan Rows": 295844, "Plan Width": 44, "Filter": "((p_brand <> 'Brand#34'::bpchar) AND ((p_type)::text !~~ 'LARGE BRUSHED%'::text) AND (p_size = ANY ('{48,19,12,4,41,7,21,39}'::integer[]))), (LLVM Optimized)"}]}]}]}, {"Node Type": "Materialize", "Parent Relationship": "Inner", "Startup Cost": 0.0, "Total Cost": 18536.5, "Plan Rows": 160, "Plan Width": 8, "Plans": [{"Node Type": "Streaming(type: BROADCAST dop: 16/1)", "Parent Relationship": "Outer", "Startup Cost": 0.0, "Total Cost": 18536.45, "Plan Rows": 160, "Plan Width": 8, "Plans": [{"Node Type": "Seq Scan", "Parent Relationship": "Outer", "Relation Name": "supplier", "Alias": "supplier", "Startup Cost": 0.0, "Total Cost": 3533.0, "Plan Rows": 10, "Plan Width": 8, "Filter": "((s_comment)::text ~~ '%Customer%Complaints%'::text)"}]}]}]}]}]}]}]}]}, "Unique SQL Id": 1437012347}, "explain_analyze_plan": null}, "(16, 63)": {"explain_plan": {"Plan": {"Node Type": "Sort", "Startup Cost": 3035588830262.67, "Total Cost": 3035588830332.01, "Plan Rows": 27736, "Plan Width": 60, "Sort Key": ["(count(partsupp.ps_suppkey)) DESC", "part.p_brand", "part.p_type", "part.p_size"], "Plans": [{"Node Type": "Aggregate", "Strategy": "Hashed", "Parent Relationship": "Outer", "Startup Cost": 3035588827938.47, "Total Cost": 3035588828215.83, "Plan Rows": 27736, "Plan Width": 60, "Group By Key": ["part.p_brand", "part.p_type", "part.p_size"], "Plans": [{"Node Type": "Aggregate", "Strategy": "Hashed", "Parent Relationship": "Outer", "Startup Cost": 3035588827383.75, "Total Cost": 3035588827661.11, "Plan Rows": 27736, "Plan Width": 52, "Group By Key": ["part.p_brand", "part.p_type", "part.p_size", "partsupp.ps_suppkey"], "Plans": [{"Node Type": "Nested Loop", "Parent Relationship": "Outer", "Join Type": "Inner", "Startup Cost": 30000000000.0, "Total Cost": 3035588816701.11, "Plan Rows": 854611, "Plan Width": 44, "Inner Unique": true, "Join Filter": "(partsupp.ps_partkey = part.p_partkey), (LLVM Optimized)", "Plans": [{"Node Type": "Nested Loop", "Parent Relationship": "Outer", "Join Type": "Anti", "Startup Cost": 20000000000.0, "Total Cost": 2000073399473.42, "Plan Rows": 8000238, "Plan Width": 16, "Inner Unique": false, "Join Filter": "(partsupp.ps_suppkey = supplier.s_suppkey), (LLVM Optimized)", "Plans": [{"Node Type": "Index Scan", "Parent Relationship": "Outer", "Scan Direction": "Forward", "Index Name": "partsupp_pkey", "Relation Name": "partsupp", "Alias": "partsupp", "Startup Cost": 10000000000.0, "Total Cost": 1000071640963.22, "Plan Rows": 8000372, "Plan Width": 16}, {"Node Type": "Materialize", "Parent Relationship": "Inner", "Startup Cost": 10000000000.0, "Total Cost": 1000000558454.43, "Plan Rows": 10, "Plan Width": 8, "Plans": [{"Node Type": "Index Scan", "Parent Relationship": "Outer", "Scan Direction": "Forward", "Index Name": "supplier_pkey", "Relation Name": "supplier", "Alias": "supplier", "Startup Cost": 10000000000.0, "Total Cost": 1000000558454.38, "Plan Rows": 10, "Plan Width": 8, "Filter": "((s_comment)::text ~~ '%Customer%Complaints%'::text)"}]}]}, {"Node Type": "Materialize", "Parent Relationship": "Inner", "Startup Cost": 10000000000.0, "Total Cost": 1000013081804.22, "Plan Rows": 295844, "Plan Width": 44, "Plans": [{"Node Type": "Index Scan", "Parent Relationship": "Outer", "Scan Direction": "Forward", "Index Name": "part_kpey", "Relation Name": "part", "Alias": "part", "Startup Cost": 10000000000.0, "Total Cost": 1000013080325.0, "Plan Rows": 295844, "Plan Width": 44, "Filter": "((p_brand <> 'Brand#34'::bpchar) AND ((p_type)::text !~~ 'LARGE BRUSHED%'::text) AND (p_size = ANY ('{48,19,12,4,41,7,21,39}'::integer[]))), (LLVM Optimized)"}]}]}]}]}]}, "Unique SQL Id": 1437012347}, "explain_analyze_plan": null}, "(16, 64)": {"explain_plan": {"Plan": {"Node Type": "Sort", "Startup Cost": 144484.63, "Total Cost": 144553.97, "Plan Rows": 27736, "Plan Width": 60, "Sort Key": ["(count(partsupp.ps_suppkey)) DESC", "part.p_brand", "part.p_type", "part.p_size"], "Plans": [{"Node Type": "Streaming(type: LOCAL GATHER dop: 1/16)", "Parent Relationship": "Outer", "Startup Cost": 142139.85, "Total Cost": 142437.78, "Plan Rows": 27736, "Plan Width": 60, "Plans": [{"Node Type": "Aggregate", "Strategy": "Hashed", "Parent Relationship": "Outer", "Startup Cost": 142139.85, "Total Cost": 142157.19, "Plan Rows": 27736, "Plan Width": 60, "Group By Key": ["part.p_brand", "part.p_type", "part.p_size"], "Plans": [{"Node Type": "Aggregate", "Strategy": "Hashed", "Parent Relationship": "Outer", "Startup Cost": 141071.59, "Total Cost": 141605.72, "Plan Rows": 854611, "Plan Width": 52, "Group By Key": ["part.p_brand", "part.p_type", "part.p_size", "partsupp.ps_suppkey"], "Plans": [{"Node Type": "Streaming(type: LOCAL REDISTRIBUTE dop: 16/16)", "Parent Relationship": "Outer", "Startup Cost": 69999.79, "Total Cost": 140403.93, "Plan Rows": 854611, "Plan Width": 44, "Plans": [{"Node Type": "Hash Join", "Parent Relationship": "Outer", "Join Type": "Anti", "Startup Cost": 69999.79, "Total Cost": 104950.92, "Plan Rows": 854611, "Plan Width": 44, "Inner Unique": false, "Hash Cond": "(partsupp.ps_suppkey = supplier.s_suppkey), (LLVM Optimized)", "Plans": [{"Node Type": "Hash Join", "Parent Relationship": "Outer", "Join Type": "Inner", "Startup Cost": 51463.21, "Total Cost": 85746.67, "Plan Rows": 854625, "Plan Width": 44, "Inner Unique": true, "Hash Cond": "(partsupp.ps_partkey = part.p_partkey), (LLVM Optimized)", "Plans": [{"Node Type": "Seq Scan", "Parent Relationship": "Outer", "Relation Name": "partsupp", "Alias": "partsupp", "Startup Cost": 0.0, "Total Cost": 31874.23, "Plan Rows": 8000372, "Plan Width": 16}, {"Node Type": "Hash", "Parent Relationship": "Inner", "Startup Cost": 47765.16, "Total Cost": 47765.16, "Plan Rows": 4733504, "Plan Width": 44, "Plans": [{"Node Type": "Streaming(type: BROADCAST dop: 16/16)", "Parent Relationship": "Outer", "Startup Cost": 0.0, "Total Cost": 47765.16, "Plan Rows": 4733504, "Plan Width": 44, "Plans": [{"Node Type": "Seq Scan", "Parent Relationship": "Outer", "Relation Name": "part", "Alias": "part", "Startup Cost": 0.0, "Total Cost": 20746.5, "Plan Rows": 295844, "Plan Width": 44, "Filter": "((p_brand <> 'Brand#34'::bpchar) AND ((p_type)::text !~~ 'LARGE BRUSHED%'::text) AND (p_size = ANY ('{48,19,12,4,41,7,21,39}'::integer[]))), (LLVM Optimized)"}]}]}]}, {"Node Type": "Hash", "Parent Relationship": "Inner", "Startup Cost": 18536.45, "Total Cost": 18536.45, "Plan Rows": 160, "Plan Width": 8, "Plans": [{"Node Type": "Streaming(type: BROADCAST dop: 16/1)", "Parent Relationship": "Outer", "Startup Cost": 0.0, "Total Cost": 18536.45, "Plan Rows": 160, "Plan Width": 8, "Plans": [{"Node Type": "Seq Scan", "Parent Relationship": "Outer", "Relation Name": "supplier", "Alias": "supplier", "Startup Cost": 0.0, "Total Cost": 3533.0, "Plan Rows": 10, "Plan Width": 8, "Filter": "((s_comment)::text ~~ '%Customer%Complaints%'::text)"}]}]}]}]}]}]}]}]}, "Unique SQL Id": 1437012347}, "explain_analyze_plan": {"Plan": {"Node Type": "Sort", "Startup Cost": 144484.63, "Total Cost": 144553.97, "Plan Rows": 27736, "Plan Width": 60, "Actual Min Startup Time": 1200.331, "Actual Max Startup Time": 1200.331, "Actual Min Total Time": 1203.099, "Actual Max Total Time": 1203.099, "Actual Total Rows": 27838, "Sort Key": ["(count(partsupp.ps_suppkey)) DESC", "part.p_brand", "part.p_type", "part.p_size"], "Sort Method": "quicksort", "Sort Space Min Used": 3402, "Sort Space Max Used": 3402, "Sort Space Type": "Memory", "Plans": [{"Node Type": "Streaming(type: LOCAL GATHER dop: 1/16)", "Parent Relationship": "Outer", "Startup Cost": 142139.85, "Total Cost": 142437.78, "Plan Rows": 27736, "Plan Width": 60, "Actual Min Startup Time": 941.122, "Actual Max Startup Time": 941.122, "Actual Min Total Time": 1112.365, "Actual Max Total Time": 1112.365, "Actual Total Rows": 27838, "Plans": [{"Node Type": "Aggregate", "Strategy": "Hashed", "Parent Relationship": "Outer", "Startup Cost": 142139.85, "Total Cost": 142157.19, "Plan Rows": 27736, "Plan Width": 60, "Actual Min Startup Time": 768.112, "Actual Max Startup Time": 989.65, "Actual Min Total Time": 768.112, "Actual Max Total Time": 990.899, "Actual Total Rows": 27838, "Group By Key": ["part.p_brand", "part.p_type", "part.p_size"], "Plans": [{"Node Type": "Aggregate", "Strategy": "Hashed", "Parent Relationship": "Outer", "Startup Cost": 141071.59, "Total Cost": 141605.72, "Plan Rows": 854611, "Plan Width": 52, "Actual Min Startup Time": 767.134, "Actual Max Startup Time": 831.536, "Actual Min Total Time": 768.05, "Actual Max Total Time": 863.759, "Actual Total Rows": 1188428, "Group By Key": ["part.p_brand", "part.p_type", "part.p_size", "partsupp.ps_suppkey"], "Plans": [{"Node Type": "Streaming(type: LOCAL REDISTRIBUTE dop: 16/16)", "Parent Relationship": "Outer", "Startup Cost": 69999.79, "Total Cost": 140403.93, "Plan Rows": 854611, "Plan Width": 44, "Actual Min Startup Time": 323.271, "Actual Max Startup Time": 773.136, "Actual Min Total Time": 614.546, "Actual Max Total Time": 773.136, "Actual Total Rows": 1188666, "Plans": [{"Node Type": "Hash Join", "Parent Relationship": "Outer", "Join Type": "Anti", "Startup Cost": 69999.79, "Total Cost": 104950.92, "Plan Rows": 854611, "Plan Width": 44, "Actual Min Startup Time": 319.56, "Actual Max Startup Time": 404.165, "Actual Min Total Time": 620.607, "Actual Max Total Time": 716.832, "Actual Total Rows": 1188666, "Inner Unique": false, "Hash Cond": "(partsupp.ps_suppkey = supplier.s_suppkey), (LLVM Optimized, Jit Execute)", "Plans": [{"Node Type": "Hash Join", "Parent Relationship": "Outer", "Join Type": "Inner", "Startup Cost": 51463.21, "Total Cost": 85746.67, "Plan Rows": 854625, "Plan Width": 44, "Actual Min Startup Time": 319.47, "Actual Max Startup Time": 342.856, "Actual Min Total Time": 598.59, "Actual Max Total Time": 634.107, "Actual Total Rows": 1189344, "Inner Unique": true, "Hash Cond": "(partsupp.ps_partkey = part.p_partkey), (LLVM Optimized, Jit Execute)", "Plans": [{"Node Type": "Seq Scan", "Parent Relationship": "Outer", "Relation Name": "partsupp", "Alias": "partsupp", "Startup Cost": 0.0, "Total Cost": 31874.23, "Plan Rows": 8000372, "Plan Width": 16, "Actual Min Startup Time": 0.023, "Actual Max Startup Time": 0.038, "Actual Min Total Time": 151.039, "Actual Max Total Time": 162.82, "Actual Total Rows": 8000000}, {"Node Type": "Hash", "Parent Relationship": "Inner", "Startup Cost": 47765.16, "Total Cost": 47765.16, "Plan Rows": 4733504, "Plan Width": 44, "Actual Min Startup Time": 319.067, "Actual Max Startup Time": 342.372, "Actual Min Total Time": 319.067, "Actual Max Total Time": 342.372, "Actual Total Rows": 4757376, "Max Hash Buckets": 524288, "Min Hash Buckets": 524288, "Max Hash Batches": 1, "Min Hash Batches": 1, "Max Original Hash Batches": 1, "Min Original Hash Batches": 1, "Max Peak Memory Usage": 23216, "min Peak Memory Usage": 23216, "Plans": [{"Node Type": "Streaming(type: BROADCAST dop: 16/16)", "Parent Relationship": "Outer", "Startup Cost": 0.0, "Total Cost": 47765.16, "Plan Rows": 4733504, "Plan Width": 44, "Actual Min Startup Time": 0.037, "Actual Max Startup Time": 0.092, "Actual Min Total Time": 218.869, "Actual Max Total Time": 242.54, "Actual Total Rows": 4757376, "Plans": [{"Node Type": "Seq Scan", "Parent Relationship": "Outer", "Relation Name": "part", "Alias": "part", "Startup Cost": 0.0, "Total Cost": 20746.5, "Plan Rows": 295844, "Plan Width": 44, "Actual Min Startup Time": 0.033, "Actual Max Startup Time": 0.07, "Actual Min Total Time": 102.838, "Actual Max Total Time": 108.172, "Actual Total Rows": 297336, "Filter": "((p_brand <> 'Brand#34'::bpchar) AND ((p_type)::text !~~ 'LARGE BRUSHED%'::text) AND (p_size = ANY ('{48,19,12,4,41,7,21,39}'::integer[]))), (LLVM Optimized, Jit Execute)", "Rows Removed by Filter": 1702664}]}]}]}, {"Node Type": "Hash", "Parent Relationship": "Inner", "Startup Cost": 18536.45, "Total Cost": 18536.45, "Plan Rows": 160, "Plan Width": 8, "Actual Min Startup Time": 0.041, "Actual Max Startup Time": 61.248, "Actual Min Total Time": 0.041, "Actual Max Total Time": 61.248, "Actual Total Rows": 896, "Max Hash Buckets": 32768, "Min Hash Buckets": 32768, "Max Hash Batches": 1, "Min Hash Batches": 1, "Max Original Hash Batches": 1, "Min Original Hash Batches": 1, "Max Peak Memory Usage": 3, "min Peak Memory Usage": 3, "Plans": [{"Node Type": "Streaming(type: BROADCAST dop: 16/1)", "Parent Relationship": "Outer", "Startup Cost": 0.0, "Total Cost": 18536.45, "Plan Rows": 160, "Plan Width": 8, "Actual Min Startup Time": 0.012, "Actual Max Startup Time": 61.212, "Actual Min Total Time": 0.014, "Actual Max Total Time": 61.215, "Actual Total Rows": 896, "Plans": [{"Node Type": "Seq Scan", "Parent Relationship": "Outer", "Relation Name": "supplier", "Alias": "supplier", "Startup Cost": 0.0, "Total Cost": 3533.0, "Plan Rows": 10, "Plan Width": 8, "Actual Min Startup Time": 0.248, "Actual Max Startup Time": 0.248, "Actual Min Total Time": 52.934, "Actual Max Total Time": 52.934, "Actual Total Rows": 56, "Filter": "((s_comment)::text ~~ '%Customer%Complaints%'::text)", "Rows Removed by Filter": 99944}]}]}]}]}]}]}]}]}, "Triggers": [], "Planner Runtime": 1.74, "Total Runtime": 1224.55, "Unique SQL Id": 1437012347}}, "(16, 65)": {"explain_plan": {"Plan": {"Node Type": "Sort", "Startup Cost": 409910.03, "Total Cost": 409979.37, "Plan Rows": 27736, "Plan Width": 60, "Sort Key": ["(count(partsupp.ps_suppkey)) DESC", "part.p_brand", "part.p_type", "part.p_size"], "Plans": [{"Node Type": "Streaming(type: LOCAL GATHER dop: 1/16)", "Parent Relationship": "Outer", "Startup Cost": 407565.26, "Total Cost": 407863.19, "Plan Rows": 27736, "Plan Width": 60, "Plans": [{"Node Type": "Aggregate", "Strategy": "Hashed", "Parent Relationship": "Outer", "Startup Cost": 407565.26, "Total Cost": 407582.59, "Plan Rows": 27736, "Plan Width": 60, "Group By Key": ["part.p_brand", "part.p_type", "part.p_size"], "Plans": [{"Node Type": "Aggregate", "Strategy": "Hashed", "Parent Relationship": "Outer", "Startup Cost": 406496.99, "Total Cost": 407031.13, "Plan Rows": 854611, "Plan Width": 52, "Group By Key": ["part.p_brand", "part.p_type", "part.p_size", "partsupp.ps_suppkey"], "Plans": [{"Node Type": "Streaming(type: LOCAL REDISTRIBUTE dop: 16/16)", "Parent Relationship": "Outer", "Startup Cost": 150233.08, "Total Cost": 405829.33, "Plan Rows": 854611, "Plan Width": 44, "Plans": [{"Node Type": "Hash Join", "Parent Relationship": "Outer", "Join Type": "Anti", "Startup Cost": 150233.08, "Total Cost": 370376.33, "Plan Rows": 854611, "Plan Width": 44, "Inner Unique": false, "Hash Cond": "(partsupp.ps_suppkey = supplier.s_suppkey), (LLVM Optimized)", "Plans": [{"Node Type": "Hash Join", "Parent Relationship": "Outer", "Join Type": "Inner", "Startup Cost": 129644.96, "Total Cost": 349120.53, "Plan Rows": 854625, "Plan Width": 44, "Inner Unique": true, "Hash Cond": "(partsupp.ps_partkey = part.p_partkey), (LLVM Optimized)", "Plans": [{"Node Type": "Index Only Scan", "Parent Relationship": "Outer", "Scan Direction": "Forward", "Index Name": "partsupp_pkey", "Relation Name": "partsupp", "Alias": "partsupp", "Startup Cost": 0.0, "Total Cost": 217066.34, "Plan Rows": 8000372, "Plan Width": 16}, {"Node Type": "Hash", "Parent Relationship": "Inner", "Startup Cost": 125946.91, "Total Cost": 125946.91, "Plan Rows": 4733504, "Plan Width": 44, "Plans": [{"Node Type": "Streaming(type: BROADCAST dop: 16/16)", "Parent Relationship": "Outer", "Startup Cost": 0.0, "Total Cost": 125946.91, "Plan Rows": 4733504, "Plan Width": 44, "Plans": [{"Node Type": "Index Scan", "Parent Relationship": "Outer", "Scan Direction": "Forward", "Index Name": "part_kpey", "Relation Name": "part", "Alias": "part", "Startup Cost": 0.0, "Total Cost": 98928.25, "Plan Rows": 295844, "Plan Width": 44, "Filter": "((p_brand <> 'Brand#34'::bpchar) AND ((p_type)::text !~~ 'LARGE BRUSHED%'::text) AND (p_size = ANY ('{48,19,12,4,41,7,21,39}'::integer[]))), (LLVM Optimized)"}]}]}]}, {"Node Type": "Hash", "Parent Relationship": "Inner", "Startup Cost": 20588.0, "Total Cost": 20588.0, "Plan Rows": 160, "Plan Width": 8, "Plans": [{"Node Type": "Streaming(type: BROADCAST dop: 16/1)", "Parent Relationship": "Outer", "Startup Cost": 0.0, "Total Cost": 20588.0, "Plan Rows": 160, "Plan Width": 8, "Plans": [{"Node Type": "Index Scan", "Parent Relationship": "Outer", "Scan Direction": "Forward", "Index Name": "supplier_pkey", "Relation Name": "supplier", "Alias": "supplier", "Startup Cost": 0.0, "Total Cost": 5584.54, "Plan Rows": 10, "Plan Width": 8, "Filter": "((s_comment)::text ~~ '%Customer%Complaints%'::text)"}]}]}]}]}]}]}]}]}, "Unique SQL Id": 1437012347}, "explain_analyze_plan": {"Plan": {"Node Type": "Sort", "Startup Cost": 409910.03, "Total Cost": 409979.37, "Plan Rows": 27736, "Plan Width": 60, "Actual Min Startup Time": 1815.176, "Actual Max Startup Time": 1815.176, "Actual Min Total Time": 1817.8, "Actual Max Total Time": 1817.8, "Actual Total Rows": 27838, "Sort Key": ["(count(partsupp.ps_suppkey)) DESC", "part.p_brand", "part.p_type", "part.p_size"], "Sort Method": "quicksort", "Sort Space Min Used": 3402, "Sort Space Max Used": 3402, "Sort Space Type": "Memory", "Plans": [{"Node Type": "Streaming(type: LOCAL GATHER dop: 1/16)", "Parent Relationship": "Outer", "Startup Cost": 407565.26, "Total Cost": 407863.19, "Plan Rows": 27736, "Plan Width": 60, "Actual Min Startup Time": 1570.324, "Actual Max Startup Time": 1570.324, "Actual Min Total Time": 1729.343, "Actual Max Total Time": 1729.343, "Actual Total Rows": 27838, "Plans": [{"Node Type": "Aggregate", "Strategy": "Hashed", "Parent Relationship": "Outer", "Startup Cost": 407565.26, "Total Cost": 407582.59, "Plan Rows": 27736, "Plan Width": 60, "Actual Min Startup Time": 1388.501, "Actual Max Startup Time": 1602.412, "Actual Min Total Time": 1388.501, "Actual Max Total Time": 1603.625, "Actual Total Rows": 27838, "Group By Key": ["part.p_brand", "part.p_type", "part.p_size"], "Plans": [{"Node Type": "Aggregate", "Strategy": "Hashed", "Parent Relationship": "Outer", "Startup Cost": 406496.99, "Total Cost": 407031.13, "Plan Rows": 854611, "Plan Width": 52, "Actual Min Startup Time": 1387.761, "Actual Max Startup Time": 1412.065, "Actual Min Total Time": 1388.419, "Actual Max Total Time": 1457.08, "Actual Total Rows": 1188428, "Group By Key": ["part.p_brand", "part.p_type", "part.p_size", "partsupp.ps_suppkey"], "Plans": [{"Node Type": "Streaming(type: LOCAL REDISTRIBUTE dop: 16/16)", "Parent Relationship": "Outer", "Startup Cost": 150233.08, "Total Cost": 405829.33, "Plan Rows": 854611, "Plan Width": 44, "Actual Min Startup Time": 960.412, "Actual Max Startup Time": 1392.614, "Actual Min Total Time": 1248.656, "Actual Max Total Time": 1392.614, "Actual Total Rows": 1188666, "Plans": [{"Node Type": "Hash Join", "Parent Relationship": "Outer", "Join Type": "Anti", "Startup Cost": 150233.08, "Total Cost": 370376.33, "Plan Rows": 854611, "Plan Width": 44, "Actual Min Startup Time": 956.596, "Actual Max Startup Time": 1035.556, "Actual Min Total Time": 1224.498, "Actual Max Total Time": 1314.451, "Actual Total Rows": 1188666, "Inner Unique": false, "Hash Cond": "(partsupp.ps_suppkey = supplier.s_suppkey), (LLVM Optimized, Jit Execute)", "Plans": [{"Node Type": "Hash Join", "Parent Relationship": "Outer", "Join Type": "Inner", "Startup Cost": 129644.96, "Total Cost": 349120.53, "Plan Rows": 854625, "Plan Width": 44, "Actual Min Startup Time": 953.27, "Actual Max Startup Time": 953.37, "Actual Min Total Time": 1197.442, "Actual Max Total Time": 1229.005, "Actual Total Rows": 1189344, "Inner Unique": true, "Hash Cond": "(partsupp.ps_partkey = part.p_partkey), (LLVM Optimized, Jit Execute)", "Plans": [{"Node Type": "Index Only Scan", "Parent Relationship": "Outer", "Scan Direction": "Forward", "Index Name": "partsupp_pkey", "Relation Name": "partsupp", "Alias": "partsupp", "Startup Cost": 0.0, "Total Cost": 217066.34, "Plan Rows": 8000372, "Plan Width": 16, "Actual Min Startup Time": 563.544, "Actual Max Startup Time": 563.657, "Actual Min Total Time": 691.545, "Actual Max Total Time": 712.293, "Actual Total Rows": 8000000, "Heap Fetches": 0}, {"Node Type": "Hash", "Parent Relationship": "Inner", "Startup Cost": 125946.91, "Total Cost": 125946.91, "Plan Rows": 4733504, "Plan Width": 44, "Actual Min Startup Time": 388.776, "Actual Max Startup Time": 388.847, "Actual Min Total Time": 388.776, "Actual Max Total Time": 388.847, "Actual Total Rows": 4757376, "Max Hash Buckets": 524288, "Min Hash Buckets": 524288, "Max Hash Batches": 1, "Min Hash Batches": 1, "Max Original Hash Batches": 1, "Min Original Hash Batches": 1, "Max Peak Memory Usage": 23216, "min Peak Memory Usage": 23216, "Plans": [{"Node Type": "Streaming(type: BROADCAST dop: 16/16)", "Parent Relationship": "Outer", "Startup Cost": 0.0, "Total Cost": 125946.91, "Plan Rows": 4733504, "Plan Width": 44, "Actual Min Startup Time": 0.055, "Actual Max Startup Time": 0.097, "Actual Min Total Time": 278.383, "Actual Max Total Time": 295.018, "Actual Total Rows": 4757376, "Plans": [{"Node Type": "Index Scan", "Parent Relationship": "Outer", "Scan Direction": "Forward", "Index Name": "part_kpey", "Relation Name": "part", "Alias": "part", "Startup Cost": 0.0, "Total Cost": 98928.25, "Plan Rows": 295844, "Plan Width": 44, "Actual Min Startup Time": 0.053, "Actual Max Startup Time": 61.876, "Actual Min Total Time": 154.618, "Actual Max Total Time": 227.449, "Actual Total Rows": 297336, "Filter": "((p_brand <> 'Brand#34'::bpchar) AND ((p_type)::text !~~ 'LARGE BRUSHED%'::text) AND (p_size = ANY ('{48,19,12,4,41,7,21,39}'::integer[]))), (LLVM Optimized, Jit Execute)", "Rows Removed by Filter": 1702664}]}]}]}, {"Node Type": "Hash", "Parent Relationship": "Inner", "Startup Cost": 20588.0, "Total Cost": 20588.0, "Plan Rows": 160, "Plan Width": 8, "Actual Min Startup Time": 3.206, "Actual Max Startup Time": 82.19, "Actual Min Total Time": 3.206, "Actual Max Total Time": 82.19, "Actual Total Rows": 896, "Max Hash Buckets": 32768, "Min Hash Buckets": 32768, "Max Hash Batches": 1, "Min Hash Batches": 1, "Max Original Hash Batches": 1, "Min Original Hash Batches": 1, "Max Peak Memory Usage": 3, "min Peak Memory Usage": 3, "Plans": [{"Node Type": "Streaming(type: BROADCAST dop: 16/1)", "Parent Relationship": "Outer", "Startup Cost": 0.0, "Total Cost": 20588.0, "Plan Rows": 160, "Plan Width": 8, "Actual Min Startup Time": 3.182, "Actual Max Startup Time": 82.163, "Actual Min Total Time": 3.186, "Actual Max Total Time": 82.171, "Actual Total Rows": 896, "Plans": [{"Node Type": "Index Scan", "Parent Relationship": "Outer", "Scan Direction": "Forward", "Index Name": "supplier_pkey", "Relation Name": "supplier", "Alias": "supplier", "Startup Cost": 0.0, "Total Cost": 5584.54, "Plan Rows": 10, "Plan Width": 8, "Actual Min Startup Time": 0.421, "Actual Max Startup Time": 0.421, "Actual Min Total Time": 83.676, "Actual Max Total Time": 83.676, "Actual Total Rows": 56, "Filter": "((s_comment)::text ~~ '%Customer%Complaints%'::text)", "Rows Removed by Filter": 99944}]}]}]}]}]}]}]}]}, "Triggers": [], "Planner Runtime": 1.69, "Total Runtime": 1839.491, "Unique SQL Id": 1437012347}}, "(16, 66)": {"explain_plan": {"Plan": {"Node Type": "Sort", "Startup Cost": 144484.63, "Total Cost": 144553.97, "Plan Rows": 27736, "Plan Width": 60, "Sort Key": ["(count(partsupp.ps_suppkey)) DESC", "part.p_brand", "part.p_type", "part.p_size"], "Plans": [{"Node Type": "Streaming(type: LOCAL GATHER dop: 1/16)", "Parent Relationship": "Outer", "Startup Cost": 142139.85, "Total Cost": 142437.78, "Plan Rows": 27736, "Plan Width": 60, "Plans": [{"Node Type": "Aggregate", "Strategy": "Hashed", "Parent Relationship": "Outer", "Startup Cost": 142139.85, "Total Cost": 142157.19, "Plan Rows": 27736, "Plan Width": 60, "Group By Key": ["part.p_brand", "part.p_type", "part.p_size"], "Plans": [{"Node Type": "Aggregate", "Strategy": "Hashed", "Parent Relationship": "Outer", "Startup Cost": 141071.59, "Total Cost": 141605.72, "Plan Rows": 854611, "Plan Width": 52, "Group By Key": ["part.p_brand", "part.p_type", "part.p_size", "partsupp.ps_suppkey"], "Plans": [{"Node Type": "Streaming(type: LOCAL REDISTRIBUTE dop: 16/16)", "Parent Relationship": "Outer", "Startup Cost": 69999.79, "Total Cost": 140403.93, "Plan Rows": 854611, "Plan Width": 44, "Plans": [{"Node Type": "Hash Join", "Parent Relationship": "Outer", "Join Type": "Anti", "Startup Cost": 69999.79, "Total Cost": 104950.92, "Plan Rows": 854611, "Plan Width": 44, "Inner Unique": false, "Hash Cond": "(partsupp.ps_suppkey = supplier.s_suppkey), (LLVM Optimized)", "Plans": [{"Node Type": "Hash Join", "Parent Relationship": "Outer", "Join Type": "Inner", "Startup Cost": 51463.21, "Total Cost": 85746.67, "Plan Rows": 854625, "Plan Width": 44, "Inner Unique": true, "Hash Cond": "(partsupp.ps_partkey = part.p_partkey), (LLVM Optimized)", "Plans": [{"Node Type": "Seq Scan", "Parent Relationship": "Outer", "Relation Name": "partsupp", "Alias": "partsupp", "Startup Cost": 0.0, "Total Cost": 31874.23, "Plan Rows": 8000372, "Plan Width": 16}, {"Node Type": "Hash", "Parent Relationship": "Inner", "Startup Cost": 47765.16, "Total Cost": 47765.16, "Plan Rows": 4733504, "Plan Width": 44, "Plans": [{"Node Type": "Streaming(type: BROADCAST dop: 16/16)", "Parent Relationship": "Outer", "Startup Cost": 0.0, "Total Cost": 47765.16, "Plan Rows": 4733504, "Plan Width": 44, "Plans": [{"Node Type": "Seq Scan", "Parent Relationship": "Outer", "Relation Name": "part", "Alias": "part", "Startup Cost": 0.0, "Total Cost": 20746.5, "Plan Rows": 295844, "Plan Width": 44, "Filter": "((p_brand <> 'Brand#34'::bpchar) AND ((p_type)::text !~~ 'LARGE BRUSHED%'::text) AND (p_size = ANY ('{48,19,12,4,41,7,21,39}'::integer[]))), (LLVM Optimized)"}]}]}]}, {"Node Type": "Hash", "Parent Relationship": "Inner", "Startup Cost": 18536.45, "Total Cost": 18536.45, "Plan Rows": 160, "Plan Width": 8, "Plans": [{"Node Type": "Streaming(type: BROADCAST dop: 16/1)", "Parent Relationship": "Outer", "Startup Cost": 0.0, "Total Cost": 18536.45, "Plan Rows": 160, "Plan Width": 8, "Plans": [{"Node Type": "Seq Scan", "Parent Relationship": "Outer", "Relation Name": "supplier", "Alias": "supplier", "Startup Cost": 0.0, "Total Cost": 3533.0, "Plan Rows": 10, "Plan Width": 8, "Filter": "((s_comment)::text ~~ '%Customer%Complaints%'::text)"}]}]}]}]}]}]}]}]}, "Unique SQL Id": 1437012347}, "explain_analyze_plan": {"Plan": {"Node Type": "Sort", "Startup Cost": 144484.63, "Total Cost": 144553.97, "Plan Rows": 27736, "Plan Width": 60, "Actual Min Startup Time": 1200.331, "Actual Max Startup Time": 1200.331, "Actual Min Total Time": 1203.099, "Actual Max Total Time": 1203.099, "Actual Total Rows": 27838, "Sort Key": ["(count(partsupp.ps_suppkey)) DESC", "part.p_brand", "part.p_type", "part.p_size"], "Sort Method": "quicksort", "Sort Space Min Used": 3402, "Sort Space Max Used": 3402, "Sort Space Type": "Memory", "Plans": [{"Node Type": "Streaming(type: LOCAL GATHER dop: 1/16)", "Parent Relationship": "Outer", "Startup Cost": 142139.85, "Total Cost": 142437.78, "Plan Rows": 27736, "Plan Width": 60, "Actual Min Startup Time": 941.122, "Actual Max Startup Time": 941.122, "Actual Min Total Time": 1112.365, "Actual Max Total Time": 1112.365, "Actual Total Rows": 27838, "Plans": [{"Node Type": "Aggregate", "Strategy": "Hashed", "Parent Relationship": "Outer", "Startup Cost": 142139.85, "Total Cost": 142157.19, "Plan Rows": 27736, "Plan Width": 60, "Actual Min Startup Time": 768.112, "Actual Max Startup Time": 989.65, "Actual Min Total Time": 768.112, "Actual Max Total Time": 990.899, "Actual Total Rows": 27838, "Group By Key": ["part.p_brand", "part.p_type", "part.p_size"], "Plans": [{"Node Type": "Aggregate", "Strategy": "Hashed", "Parent Relationship": "Outer", "Startup Cost": 141071.59, "Total Cost": 141605.72, "Plan Rows": 854611, "Plan Width": 52, "Actual Min Startup Time": 767.134, "Actual Max Startup Time": 831.536, "Actual Min Total Time": 768.05, "Actual Max Total Time": 863.759, "Actual Total Rows": 1188428, "Group By Key": ["part.p_brand", "part.p_type", "part.p_size", "partsupp.ps_suppkey"], "Plans": [{"Node Type": "Streaming(type: LOCAL REDISTRIBUTE dop: 16/16)", "Parent Relationship": "Outer", "Startup Cost": 69999.79, "Total Cost": 140403.93, "Plan Rows": 854611, "Plan Width": 44, "Actual Min Startup Time": 323.271, "Actual Max Startup Time": 773.136, "Actual Min Total Time": 614.546, "Actual Max Total Time": 773.136, "Actual Total Rows": 1188666, "Plans": [{"Node Type": "Hash Join", "Parent Relationship": "Outer", "Join Type": "Anti", "Startup Cost": 69999.79, "Total Cost": 104950.92, "Plan Rows": 854611, "Plan Width": 44, "Actual Min Startup Time": 319.56, "Actual Max Startup Time": 404.165, "Actual Min Total Time": 620.607, "Actual Max Total Time": 716.832, "Actual Total Rows": 1188666, "Inner Unique": false, "Hash Cond": "(partsupp.ps_suppkey = supplier.s_suppkey), (LLVM Optimized, Jit Execute)", "Plans": [{"Node Type": "Hash Join", "Parent Relationship": "Outer", "Join Type": "Inner", "Startup Cost": 51463.21, "Total Cost": 85746.67, "Plan Rows": 854625, "Plan Width": 44, "Actual Min Startup Time": 319.47, "Actual Max Startup Time": 342.856, "Actual Min Total Time": 598.59, "Actual Max Total Time": 634.107, "Actual Total Rows": 1189344, "Inner Unique": true, "Hash Cond": "(partsupp.ps_partkey = part.p_partkey), (LLVM Optimized, Jit Execute)", "Plans": [{"Node Type": "Seq Scan", "Parent Relationship": "Outer", "Relation Name": "partsupp", "Alias": "partsupp", "Startup Cost": 0.0, "Total Cost": 31874.23, "Plan Rows": 8000372, "Plan Width": 16, "Actual Min Startup Time": 0.023, "Actual Max Startup Time": 0.038, "Actual Min Total Time": 151.039, "Actual Max Total Time": 162.82, "Actual Total Rows": 8000000}, {"Node Type": "Hash", "Parent Relationship": "Inner", "Startup Cost": 47765.16, "Total Cost": 47765.16, "Plan Rows": 4733504, "Plan Width": 44, "Actual Min Startup Time": 319.067, "Actual Max Startup Time": 342.372, "Actual Min Total Time": 319.067, "Actual Max Total Time": 342.372, "Actual Total Rows": 4757376, "Max Hash Buckets": 524288, "Min Hash Buckets": 524288, "Max Hash Batches": 1, "Min Hash Batches": 1, "Max Original Hash Batches": 1, "Min Original Hash Batches": 1, "Max Peak Memory Usage": 23216, "min Peak Memory Usage": 23216, "Plans": [{"Node Type": "Streaming(type: BROADCAST dop: 16/16)", "Parent Relationship": "Outer", "Startup Cost": 0.0, "Total Cost": 47765.16, "Plan Rows": 4733504, "Plan Width": 44, "Actual Min Startup Time": 0.037, "Actual Max Startup Time": 0.092, "Actual Min Total Time": 218.869, "Actual Max Total Time": 242.54, "Actual Total Rows": 4757376, "Plans": [{"Node Type": "Seq Scan", "Parent Relationship": "Outer", "Relation Name": "part", "Alias": "part", "Startup Cost": 0.0, "Total Cost": 20746.5, "Plan Rows": 295844, "Plan Width": 44, "Actual Min Startup Time": 0.033, "Actual Max Startup Time": 0.07, "Actual Min Total Time": 102.838, "Actual Max Total Time": 108.172, "Actual Total Rows": 297336, "Filter": "((p_brand <> 'Brand#34'::bpchar) AND ((p_type)::text !~~ 'LARGE BRUSHED%'::text) AND (p_size = ANY ('{48,19,12,4,41,7,21,39}'::integer[]))), (LLVM Optimized, Jit Execute)", "Rows Removed by Filter": 1702664}]}]}]}, {"Node Type": "Hash", "Parent Relationship": "Inner", "Startup Cost": 18536.45, "Total Cost": 18536.45, "Plan Rows": 160, "Plan Width": 8, "Actual Min Startup Time": 0.041, "Actual Max Startup Time": 61.248, "Actual Min Total Time": 0.041, "Actual Max Total Time": 61.248, "Actual Total Rows": 896, "Max Hash Buckets": 32768, "Min Hash Buckets": 32768, "Max Hash Batches": 1, "Min Hash Batches": 1, "Max Original Hash Batches": 1, "Min Original Hash Batches": 1, "Max Peak Memory Usage": 3, "min Peak Memory Usage": 3, "Plans": [{"Node Type": "Streaming(type: BROADCAST dop: 16/1)", "Parent Relationship": "Outer", "Startup Cost": 0.0, "Total Cost": 18536.45, "Plan Rows": 160, "Plan Width": 8, "Actual Min Startup Time": 0.012, "Actual Max Startup Time": 61.212, "Actual Min Total Time": 0.014, "Actual Max Total Time": 61.215, "Actual Total Rows": 896, "Plans": [{"Node Type": "Seq Scan", "Parent Relationship": "Outer", "Relation Name": "supplier", "Alias": "supplier", "Startup Cost": 0.0, "Total Cost": 3533.0, "Plan Rows": 10, "Plan Width": 8, "Actual Min Startup Time": 0.248, "Actual Max Startup Time": 0.248, "Actual Min Total Time": 52.934, "Actual Max Total Time": 52.934, "Actual Total Rows": 56, "Filter": "((s_comment)::text ~~ '%Customer%Complaints%'::text)", "Rows Removed by Filter": 99944}]}]}]}]}]}]}]}]}, "Triggers": [], "Planner Runtime": 1.74, "Total Runtime": 1224.55, "Unique SQL Id": 1437012347}}, "(16, 67)": {"explain_plan": {"Plan": {"Node Type": "Sort", "Startup Cost": 636427.53, "Total Cost": 636496.87, "Plan Rows": 27736, "Plan Width": 60, "Sort Key": ["(count(partsupp.ps_suppkey)) DESC", "part.p_brand", "part.p_type", "part.p_size"], "Plans": [{"Node Type": "Aggregate", "Strategy": "Hashed", "Parent Relationship": "Outer", "Startup Cost": 634103.33, "Total Cost": 634380.69, "Plan Rows": 27736, "Plan Width": 60, "Group By Key": ["part.p_brand", "part.p_type", "part.p_size"], "Plans": [{"Node Type": "Aggregate", "Strategy": "Hashed", "Parent Relationship": "Outer", "Startup Cost": 633548.61, "Total Cost": 633825.97, "Plan Rows": 27736, "Plan Width": 52, "Group By Key": ["part.p_brand", "part.p_type", "part.p_size", "partsupp.ps_suppkey"], "Plans": [{"Node Type": "Hash Join", "Parent Relationship": "Outer", "Join Type": "Anti", "Startup Cost": 303647.84, "Total Cost": 622865.97, "Plan Rows": 854611, "Plan Width": 44, "Inner Unique": false, "Hash Cond": "(partsupp.ps_suppkey = supplier.s_suppkey), (LLVM Optimized)", "Plans": [{"Node Type": "Hash Join", "Parent Relationship": "Outer", "Join Type": "Inner", "Startup Cost": 298066.46, "Total Cost": 606601.83, "Plan Rows": 854625, "Plan Width": 44, "Inner Unique": true, "Hash Cond": "(partsupp.ps_partkey = part.p_partkey), (LLVM Optimized)", "Plans": [{"Node Type": "Bitmap Heap Scan", "Parent Relationship": "Outer", "Relation Name": "partsupp", "Alias": "partsupp", "Startup Cost": 163494.2, "Total Cost": 433481.92, "Plan Rows": 8000372, "Plan Width": 16, "Plans": [{"Node Type": "Bitmap Index Scan", "Parent Relationship": "Outer", "Index Name": "idx_partsupp_partkey", "Startup Cost": 0.0, "Total Cost": 161494.11, "Plan Rows": 8000372, "Plan Width": 0}]}, {"Node Type": "Hash", "Parent Relationship": "Inner", "Startup Cost": 130874.21, "Total Cost": 130874.21, "Plan Rows": 295844, "Plan Width": 44, "Plans": [{"Node Type": "Bitmap Heap Scan", "Parent Relationship": "Outer", "Relation Name": "part", "Alias": "part", "Startup Cost": 38930.21, "Total Cost": 130874.21, "Plan Rows": 295844, "Plan Width": 44, "Filter": "((p_brand <> 'Brand#34'::bpchar) AND ((p_type)::text !~~ 'LARGE BRUSHED%'::text) AND (p_size = ANY ('{48,19,12,4,41,7,21,39}'::integer[]))), (LLVM Optimized)", "Plans": [{"Node Type": "Bitmap Index Scan", "Parent Relationship": "Outer", "Index Name": "part_kpey", "Startup Cost": 0.0, "Total Cost": 38856.25, "Plan Rows": 2000000, "Plan Width": 0}]}]}]}, {"Node Type": "Hash", "Parent Relationship": "Inner", "Startup Cost": 5581.25, "Total Cost": 5581.25, "Plan Rows": 10, "Plan Width": 8, "Plans": [{"Node Type": "Bitmap Heap Scan", "Parent Relationship": "Outer", "Relation Name": "supplier", "Alias": "supplier", "Startup Cost": 2048.25, "Total Cost": 5581.25, "Plan Rows": 10, "Plan Width": 8, "Filter": "((s_comment)::text ~~ '%Customer%Complaints%'::text)", "Plans": [{"Node Type": "Bitmap Index Scan", "Parent Relationship": "Outer", "Index Name": "supplier_pkey", "Startup Cost": 0.0, "Total Cost": 2048.25, "Plan Rows": 100000, "Plan Width": 0}]}]}]}]}]}]}, "Unique SQL Id": 1437012347}, "explain_analyze_plan": null}, "(16, 68)": {"explain_plan": {"Plan": {"Node Type": "Sort", "Startup Cost": 144484.63, "Total Cost": 144553.97, "Plan Rows": 27736, "Plan Width": 60, "Sort Key": ["(count(partsupp.ps_suppkey)) DESC", "part.p_brand", "part.p_type", "part.p_size"], "Plans": [{"Node Type": "Streaming(type: LOCAL GATHER dop: 1/16)", "Parent Relationship": "Outer", "Startup Cost": 142139.85, "Total Cost": 142437.78, "Plan Rows": 27736, "Plan Width": 60, "Plans": [{"Node Type": "Aggregate", "Strategy": "Hashed", "Parent Relationship": "Outer", "Startup Cost": 142139.85, "Total Cost": 142157.19, "Plan Rows": 27736, "Plan Width": 60, "Group By Key": ["part.p_brand", "part.p_type", "part.p_size"], "Plans": [{"Node Type": "Aggregate", "Strategy": "Hashed", "Parent Relationship": "Outer", "Startup Cost": 141071.59, "Total Cost": 141605.72, "Plan Rows": 854611, "Plan Width": 52, "Group By Key": ["part.p_brand", "part.p_type", "part.p_size", "partsupp.ps_suppkey"], "Plans": [{"Node Type": "Streaming(type: LOCAL REDISTRIBUTE dop: 16/16)", "Parent Relationship": "Outer", "Startup Cost": 69999.79, "Total Cost": 140403.93, "Plan Rows": 854611, "Plan Width": 44, "Plans": [{"Node Type": "Hash Join", "Parent Relationship": "Outer", "Join Type": "Anti", "Startup Cost": 69999.79, "Total Cost": 104950.92, "Plan Rows": 854611, "Plan Width": 44, "Inner Unique": false, "Hash Cond": "(partsupp.ps_suppkey = supplier.s_suppkey), (LLVM Optimized)", "Plans": [{"Node Type": "Hash Join", "Parent Relationship": "Outer", "Join Type": "Inner", "Startup Cost": 51463.21, "Total Cost": 85746.67, "Plan Rows": 854625, "Plan Width": 44, "Inner Unique": true, "Hash Cond": "(partsupp.ps_partkey = part.p_partkey), (LLVM Optimized)", "Plans": [{"Node Type": "Seq Scan", "Parent Relationship": "Outer", "Relation Name": "partsupp", "Alias": "partsupp", "Startup Cost": 0.0, "Total Cost": 31874.23, "Plan Rows": 8000372, "Plan Width": 16}, {"Node Type": "Hash", "Parent Relationship": "Inner", "Startup Cost": 47765.16, "Total Cost": 47765.16, "Plan Rows": 4733504, "Plan Width": 44, "Plans": [{"Node Type": "Streaming(type: BROADCAST dop: 16/16)", "Parent Relationship": "Outer", "Startup Cost": 0.0, "Total Cost": 47765.16, "Plan Rows": 4733504, "Plan Width": 44, "Plans": [{"Node Type": "Seq Scan", "Parent Relationship": "Outer", "Relation Name": "part", "Alias": "part", "Startup Cost": 0.0, "Total Cost": 20746.5, "Plan Rows": 295844, "Plan Width": 44, "Filter": "((p_brand <> 'Brand#34'::bpchar) AND ((p_type)::text !~~ 'LARGE BRUSHED%'::text) AND (p_size = ANY ('{48,19,12,4,41,7,21,39}'::integer[]))), (LLVM Optimized)"}]}]}]}, {"Node Type": "Hash", "Parent Relationship": "Inner", "Startup Cost": 18536.45, "Total Cost": 18536.45, "Plan Rows": 160, "Plan Width": 8, "Plans": [{"Node Type": "Streaming(type: BROADCAST dop: 16/1)", "Parent Relationship": "Outer", "Startup Cost": 0.0, "Total Cost": 18536.45, "Plan Rows": 160, "Plan Width": 8, "Plans": [{"Node Type": "Seq Scan", "Parent Relationship": "Outer", "Relation Name": "supplier", "Alias": "supplier", "Startup Cost": 0.0, "Total Cost": 3533.0, "Plan Rows": 10, "Plan Width": 8, "Filter": "((s_comment)::text ~~ '%Customer%Complaints%'::text)"}]}]}]}]}]}]}]}]}, "Unique SQL Id": 1437012347}, "explain_analyze_plan": {"Plan": {"Node Type": "Sort", "Startup Cost": 144484.63, "Total Cost": 144553.97, "Plan Rows": 27736, "Plan Width": 60, "Actual Min Startup Time": 1200.331, "Actual Max Startup Time": 1200.331, "Actual Min Total Time": 1203.099, "Actual Max Total Time": 1203.099, "Actual Total Rows": 27838, "Sort Key": ["(count(partsupp.ps_suppkey)) DESC", "part.p_brand", "part.p_type", "part.p_size"], "Sort Method": "quicksort", "Sort Space Min Used": 3402, "Sort Space Max Used": 3402, "Sort Space Type": "Memory", "Plans": [{"Node Type": "Streaming(type: LOCAL GATHER dop: 1/16)", "Parent Relationship": "Outer", "Startup Cost": 142139.85, "Total Cost": 142437.78, "Plan Rows": 27736, "Plan Width": 60, "Actual Min Startup Time": 941.122, "Actual Max Startup Time": 941.122, "Actual Min Total Time": 1112.365, "Actual Max Total Time": 1112.365, "Actual Total Rows": 27838, "Plans": [{"Node Type": "Aggregate", "Strategy": "Hashed", "Parent Relationship": "Outer", "Startup Cost": 142139.85, "Total Cost": 142157.19, "Plan Rows": 27736, "Plan Width": 60, "Actual Min Startup Time": 768.112, "Actual Max Startup Time": 989.65, "Actual Min Total Time": 768.112, "Actual Max Total Time": 990.899, "Actual Total Rows": 27838, "Group By Key": ["part.p_brand", "part.p_type", "part.p_size"], "Plans": [{"Node Type": "Aggregate", "Strategy": "Hashed", "Parent Relationship": "Outer", "Startup Cost": 141071.59, "Total Cost": 141605.72, "Plan Rows": 854611, "Plan Width": 52, "Actual Min Startup Time": 767.134, "Actual Max Startup Time": 831.536, "Actual Min Total Time": 768.05, "Actual Max Total Time": 863.759, "Actual Total Rows": 1188428, "Group By Key": ["part.p_brand", "part.p_type", "part.p_size", "partsupp.ps_suppkey"], "Plans": [{"Node Type": "Streaming(type: LOCAL REDISTRIBUTE dop: 16/16)", "Parent Relationship": "Outer", "Startup Cost": 69999.79, "Total Cost": 140403.93, "Plan Rows": 854611, "Plan Width": 44, "Actual Min Startup Time": 323.271, "Actual Max Startup Time": 773.136, "Actual Min Total Time": 614.546, "Actual Max Total Time": 773.136, "Actual Total Rows": 1188666, "Plans": [{"Node Type": "Hash Join", "Parent Relationship": "Outer", "Join Type": "Anti", "Startup Cost": 69999.79, "Total Cost": 104950.92, "Plan Rows": 854611, "Plan Width": 44, "Actual Min Startup Time": 319.56, "Actual Max Startup Time": 404.165, "Actual Min Total Time": 620.607, "Actual Max Total Time": 716.832, "Actual Total Rows": 1188666, "Inner Unique": false, "Hash Cond": "(partsupp.ps_suppkey = supplier.s_suppkey), (LLVM Optimized, Jit Execute)", "Plans": [{"Node Type": "Hash Join", "Parent Relationship": "Outer", "Join Type": "Inner", "Startup Cost": 51463.21, "Total Cost": 85746.67, "Plan Rows": 854625, "Plan Width": 44, "Actual Min Startup Time": 319.47, "Actual Max Startup Time": 342.856, "Actual Min Total Time": 598.59, "Actual Max Total Time": 634.107, "Actual Total Rows": 1189344, "Inner Unique": true, "Hash Cond": "(partsupp.ps_partkey = part.p_partkey), (LLVM Optimized, Jit Execute)", "Plans": [{"Node Type": "Seq Scan", "Parent Relationship": "Outer", "Relation Name": "partsupp", "Alias": "partsupp", "Startup Cost": 0.0, "Total Cost": 31874.23, "Plan Rows": 8000372, "Plan Width": 16, "Actual Min Startup Time": 0.023, "Actual Max Startup Time": 0.038, "Actual Min Total Time": 151.039, "Actual Max Total Time": 162.82, "Actual Total Rows": 8000000}, {"Node Type": "Hash", "Parent Relationship": "Inner", "Startup Cost": 47765.16, "Total Cost": 47765.16, "Plan Rows": 4733504, "Plan Width": 44, "Actual Min Startup Time": 319.067, "Actual Max Startup Time": 342.372, "Actual Min Total Time": 319.067, "Actual Max Total Time": 342.372, "Actual Total Rows": 4757376, "Max Hash Buckets": 524288, "Min Hash Buckets": 524288, "Max Hash Batches": 1, "Min Hash Batches": 1, "Max Original Hash Batches": 1, "Min Original Hash Batches": 1, "Max Peak Memory Usage": 23216, "min Peak Memory Usage": 23216, "Plans": [{"Node Type": "Streaming(type: BROADCAST dop: 16/16)", "Parent Relationship": "Outer", "Startup Cost": 0.0, "Total Cost": 47765.16, "Plan Rows": 4733504, "Plan Width": 44, "Actual Min Startup Time": 0.037, "Actual Max Startup Time": 0.092, "Actual Min Total Time": 218.869, "Actual Max Total Time": 242.54, "Actual Total Rows": 4757376, "Plans": [{"Node Type": "Seq Scan", "Parent Relationship": "Outer", "Relation Name": "part", "Alias": "part", "Startup Cost": 0.0, "Total Cost": 20746.5, "Plan Rows": 295844, "Plan Width": 44, "Actual Min Startup Time": 0.033, "Actual Max Startup Time": 0.07, "Actual Min Total Time": 102.838, "Actual Max Total Time": 108.172, "Actual Total Rows": 297336, "Filter": "((p_brand <> 'Brand#34'::bpchar) AND ((p_type)::text !~~ 'LARGE BRUSHED%'::text) AND (p_size = ANY ('{48,19,12,4,41,7,21,39}'::integer[]))), (LLVM Optimized, Jit Execute)", "Rows Removed by Filter": 1702664}]}]}]}, {"Node Type": "Hash", "Parent Relationship": "Inner", "Startup Cost": 18536.45, "Total Cost": 18536.45, "Plan Rows": 160, "Plan Width": 8, "Actual Min Startup Time": 0.041, "Actual Max Startup Time": 61.248, "Actual Min Total Time": 0.041, "Actual Max Total Time": 61.248, "Actual Total Rows": 896, "Max Hash Buckets": 32768, "Min Hash Buckets": 32768, "Max Hash Batches": 1, "Min Hash Batches": 1, "Max Original Hash Batches": 1, "Min Original Hash Batches": 1, "Max Peak Memory Usage": 3, "min Peak Memory Usage": 3, "Plans": [{"Node Type": "Streaming(type: BROADCAST dop: 16/1)", "Parent Relationship": "Outer", "Startup Cost": 0.0, "Total Cost": 18536.45, "Plan Rows": 160, "Plan Width": 8, "Actual Min Startup Time": 0.012, "Actual Max Startup Time": 61.212, "Actual Min Total Time": 0.014, "Actual Max Total Time": 61.215, "Actual Total Rows": 896, "Plans": [{"Node Type": "Seq Scan", "Parent Relationship": "Outer", "Relation Name": "supplier", "Alias": "supplier", "Startup Cost": 0.0, "Total Cost": 3533.0, "Plan Rows": 10, "Plan Width": 8, "Actual Min Startup Time": 0.248, "Actual Max Startup Time": 0.248, "Actual Min Total Time": 52.934, "Actual Max Total Time": 52.934, "Actual Total Rows": 56, "Filter": "((s_comment)::text ~~ '%Customer%Complaints%'::text)", "Rows Removed by Filter": 99944}]}]}]}]}]}]}]}]}, "Triggers": [], "Planner Runtime": 1.74, "Total Runtime": 1224.55, "Unique SQL Id": 1437012347}}, "(16, 69)": {"explain_plan": {"Plan": {"Node Type": "Sort", "Startup Cost": 564325.23, "Total Cost": 564394.57, "Plan Rows": 27736, "Plan Width": 60, "Sort Key": ["(count(partsupp.ps_suppkey)) DESC", "part.p_brand", "part.p_type", "part.p_size"], "Plans": [{"Node Type": "Streaming(type: LOCAL GATHER dop: 1/16)", "Parent Relationship": "Outer", "Startup Cost": 561980.46, "Total Cost": 562278.39, "Plan Rows": 27736, "Plan Width": 60, "Plans": [{"Node Type": "Aggregate", "Strategy": "Hashed", "Parent Relationship": "Outer", "Startup Cost": 561980.46, "Total Cost": 561997.8, "Plan Rows": 27736, "Plan Width": 60, "Group By Key": ["part.p_brand", "part.p_type", "part.p_size"], "Plans": [{"Node Type": "Aggregate", "Strategy": "Hashed", "Parent Relationship": "Outer", "Startup Cost": 560912.2, "Total Cost": 561446.33, "Plan Rows": 854611, "Plan Width": 52, "Group By Key": ["part.p_brand", "part.p_type", "part.p_size", "partsupp.ps_suppkey"], "Plans": [{"Node Type": "Streaming(type: LOCAL REDISTRIBUTE dop: 16/16)", "Parent Relationship": "Outer", "Startup Cost": 150233.08, "Total Cost": 560244.53, "Plan Rows": 854611, "Plan Width": 44, "Plans": [{"Node Type": "Hash Join", "Parent Relationship": "Outer", "Join Type": "Anti", "Startup Cost": 150233.08, "Total Cost": 524791.53, "Plan Rows": 854611, "Plan Width": 44, "Inner Unique": false, "Hash Cond": "(partsupp.ps_suppkey = supplier.s_suppkey), (LLVM Optimized)", "Plans": [{"Node Type": "Hash Join", "Parent Relationship": "Outer", "Join Type": "Inner", "Startup Cost": 129644.96, "Total Cost": 503535.74, "Plan Rows": 854625, "Plan Width": 44, "Inner Unique": true, "Hash Cond": "(partsupp.ps_partkey = part.p_partkey), (LLVM Optimized)", "Plans": [{"Node Type": "Index Scan", "Parent Relationship": "Outer", "Scan Direction": "Forward", "Index Name": "idx_partsupp_partkey", "Relation Name": "partsupp", "Alias": "partsupp", "Startup Cost": 0.0, "Total Cost": 371481.55, "Plan Rows": 8000372, "Plan Width": 16}, {"Node Type": "Hash", "Parent Relationship": "Inner", "Startup Cost": 125946.91, "Total Cost": 125946.91, "Plan Rows": 4733504, "Plan Width": 44, "Plans": [{"Node Type": "Streaming(type: BROADCAST dop: 16/16)", "Parent Relationship": "Outer", "Startup Cost": 0.0, "Total Cost": 125946.91, "Plan Rows": 4733504, "Plan Width": 44, "Plans": [{"Node Type": "Index Scan", "Parent Relationship": "Outer", "Scan Direction": "Forward", "Index Name": "part_kpey", "Relation Name": "part", "Alias": "part", "Startup Cost": 0.0, "Total Cost": 98928.25, "Plan Rows": 295844, "Plan Width": 44, "Filter": "((p_brand <> 'Brand#34'::bpchar) AND ((p_type)::text !~~ 'LARGE BRUSHED%'::text) AND (p_size = ANY ('{48,19,12,4,41,7,21,39}'::integer[]))), (LLVM Optimized)"}]}]}]}, {"Node Type": "Hash", "Parent Relationship": "Inner", "Startup Cost": 20588.0, "Total Cost": 20588.0, "Plan Rows": 160, "Plan Width": 8, "Plans": [{"Node Type": "Streaming(type: BROADCAST dop: 16/1)", "Parent Relationship": "Outer", "Startup Cost": 0.0, "Total Cost": 20588.0, "Plan Rows": 160, "Plan Width": 8, "Plans": [{"Node Type": "Index Scan", "Parent Relationship": "Outer", "Scan Direction": "Forward", "Index Name": "supplier_pkey", "Relation Name": "supplier", "Alias": "supplier", "Startup Cost": 0.0, "Total Cost": 5584.54, "Plan Rows": 10, "Plan Width": 8, "Filter": "((s_comment)::text ~~ '%Customer%Complaints%'::text)"}]}]}]}]}]}]}]}]}, "Unique SQL Id": 1437012347}, "explain_analyze_plan": {"Plan": {"Node Type": "Sort", "Startup Cost": 564325.23, "Total Cost": 564394.57, "Plan Rows": 27736, "Plan Width": 60, "Actual Min Startup Time": 1619.572, "Actual Max Startup Time": 1619.572, "Actual Min Total Time": 1622.26, "Actual Max Total Time": 1622.26, "Actual Total Rows": 27838, "Sort Key": ["(count(partsupp.ps_suppkey)) DESC", "part.p_brand", "part.p_type", "part.p_size"], "Sort Method": "quicksort", "Sort Space Min Used": 3402, "Sort Space Max Used": 3402, "Sort Space Type": "Memory", "Plans": [{"Node Type": "Streaming(type: LOCAL GATHER dop: 1/16)", "Parent Relationship": "Outer", "Startup Cost": 561980.46, "Total Cost": 562278.39, "Plan Rows": 27736, "Plan Width": 60, "Actual Min Startup Time": 1367.631, "Actual Max Startup Time": 1367.631, "Actual Min Total Time": 1534.225, "Actual Max Total Time": 1534.225, "Actual Total Rows": 27838, "Plans": [{"Node Type": "Aggregate", "Strategy": "Hashed", "Parent Relationship": "Outer", "Startup Cost": 561980.46, "Total Cost": 561997.8, "Plan Rows": 27736, "Plan Width": 60, "Actual Min Startup Time": 1184.074, "Actual Max Startup Time": 1396.508, "Actual Min Total Time": 1184.074, "Actual Max Total Time": 1397.687, "Actual Total Rows": 27838, "Group By Key": ["part.p_brand", "part.p_type", "part.p_size"], "Plans": [{"Node Type": "Aggregate", "Strategy": "Hashed", "Parent Relationship": "Outer", "Startup Cost": 560912.2, "Total Cost": 561446.33, "Plan Rows": 854611, "Plan Width": 52, "Actual Min Startup Time": 1176.118, "Actual Max Startup Time": 1256.882, "Actual Min Total Time": 1184.016, "Actual Max Total Time": 1288.867, "Actual Total Rows": 1188428, "Group By Key": ["part.p_brand", "part.p_type", "part.p_size", "partsupp.ps_suppkey"], "Plans": [{"Node Type": "Streaming(type: LOCAL REDISTRIBUTE dop: 16/16)", "Parent Relationship": "Outer", "Startup Cost": 150233.08, "Total Cost": 560244.53, "Plan Rows": 854611, "Plan Width": 44, "Actual Min Startup Time": 568.154, "Actual Max Startup Time": 1213.325, "Actual Min Total Time": 1036.832, "Actual Max Total Time": 1213.325, "Actual Total Rows": 1188666, "Plans": [{"Node Type": "Hash Join", "Parent Relationship": "Outer", "Join Type": "Anti", "Startup Cost": 150233.08, "Total Cost": 524791.53, "Plan Rows": 854611, "Plan Width": 44, "Actual Min Startup Time": 563.498, "Actual Max Startup Time": 656.823, "Actual Min Total Time": 1032.687, "Actual Max Total Time": 1151.158, "Actual Total Rows": 1188666, "Inner Unique": false, "Hash Cond": "(partsupp.ps_suppkey = supplier.s_suppkey), (LLVM Optimized, Jit Execute)", "Plans": [{"Node Type": "Hash Join", "Parent Relationship": "Outer", "Join Type": "Inner", "Startup Cost": 129644.96, "Total Cost": 503535.74, "Plan Rows": 854625, "Plan Width": 44, "Actual Min Startup Time": 563.406, "Actual Max Startup Time": 565.349, "Actual Min Total Time": 1004.557, "Actual Max Total Time": 1049.519, "Actual Total Rows": 1189344, "Inner Unique": true, "Hash Cond": "(partsupp.ps_partkey = part.p_partkey), (LLVM Optimized, Jit Execute)", "Plans": [{"Node Type": "Index Scan", "Parent Relationship": "Outer", "Scan Direction": "Forward", "Index Name": "idx_partsupp_partkey", "Relation Name": "partsupp", "Alias": "partsupp", "Startup Cost": 0.0, "Total Cost": 371481.55, "Plan Rows": 8000372, "Plan Width": 16, "Actual Min Startup Time": 53.627, "Actual Max Startup Time": 53.723, "Actual Min Total Time": 366.616, "Actual Max Total Time": 382.503, "Actual Total Rows": 8000000}, {"Node Type": "Hash", "Parent Relationship": "Inner", "Startup Cost": 125946.91, "Total Cost": 125946.91, "Plan Rows": 4733504, "Plan Width": 44, "Actual Min Startup Time": 509.283, "Actual Max Startup Time": 511.049, "Actual Min Total Time": 509.283, "Actual Max Total Time": 511.049, "Actual Total Rows": 4757376, "Max Hash Buckets": 524288, "Min Hash Buckets": 524288, "Max Hash Batches": 1, "Min Hash Batches": 1, "Max Original Hash Batches": 1, "Min Original Hash Batches": 1, "Max Peak Memory Usage": 23216, "min Peak Memory Usage": 23216, "Plans": [{"Node Type": "Streaming(type: BROADCAST dop: 16/16)", "Parent Relationship": "Outer", "Startup Cost": 0.0, "Total Cost": 125946.91, "Plan Rows": 4733504, "Plan Width": 44, "Actual Min Startup Time": 10.053, "Actual Max Startup Time": 11.842, "Actual Min Total Time": 402.657, "Actual Max Total Time": 419.53, "Actual Total Rows": 4757376, "Plans": [{"Node Type": "Index Scan", "Parent Relationship": "Outer", "Scan Direction": "Forward", "Index Name": "part_kpey", "Relation Name": "part", "Alias": "part", "Startup Cost": 0.0, "Total Cost": 98928.25, "Plan Rows": 295844, "Plan Width": 44, "Actual Min Startup Time": 11.768, "Actual Max Startup Time": 86.127, "Actual Min Total Time": 163.258, "Actual Max Total Time": 249.032, "Actual Total Rows": 297336, "Filter": "((p_brand <> 'Brand#34'::bpchar) AND ((p_type)::text !~~ 'LARGE BRUSHED%'::text) AND (p_size = ANY ('{48,19,12,4,41,7,21,39}'::integer[]))), (LLVM Optimized, Jit Execute)", "Rows Removed by Filter": 1702664}]}]}]}, {"Node Type": "Hash", "Parent Relationship": "Inner", "Startup Cost": 20588.0, "Total Cost": 20588.0, "Plan Rows": 160, "Plan Width": 8, "Actual Min Startup Time": 0.048, "Actual Max Startup Time": 92.028, "Actual Min Total Time": 0.048, "Actual Max Total Time": 92.028, "Actual Total Rows": 896, "Max Hash Buckets": 32768, "Min Hash Buckets": 32768, "Max Hash Batches": 1, "Min Hash Batches": 1, "Max Original Hash Batches": 1, "Min Original Hash Batches": 1, "Max Peak Memory Usage": 3, "min Peak Memory Usage": 3, "Plans": [{"Node Type": "Streaming(type: BROADCAST dop: 16/1)", "Parent Relationship": "Outer", "Startup Cost": 0.0, "Total Cost": 20588.0, "Plan Rows": 160, "Plan Width": 8, "Actual Min Startup Time": 0.021, "Actual Max Startup Time": 91.779, "Actual Min Total Time": 0.024, "Actual Max Total Time": 91.786, "Actual Total Rows": 896, "Plans": [{"Node Type": "Index Scan", "Parent Relationship": "Outer", "Scan Direction": "Forward", "Index Name": "supplier_pkey", "Relation Name": "supplier", "Alias": "supplier", "Startup Cost": 0.0, "Total Cost": 5584.54, "Plan Rows": 10, "Plan Width": 8, "Actual Min Startup Time": 0.422, "Actual Max Startup Time": 0.422, "Actual Min Total Time": 88.316, "Actual Max Total Time": 88.316, "Actual Total Rows": 56, "Filter": "((s_comment)::text ~~ '%Customer%Complaints%'::text)", "Rows Removed by Filter": 99944}]}]}]}]}]}]}]}]}, "Triggers": [], "Planner Runtime": 1.876, "Total Runtime": 1643.998, "Unique SQL Id": 1437012347}}, "(16, 70)": {"explain_plan": {"Plan": {"Node Type": "Sort", "Startup Cost": 144484.63, "Total Cost": 144553.97, "Plan Rows": 27736, "Plan Width": 60, "Sort Key": ["(count(partsupp.ps_suppkey)) DESC", "part.p_brand", "part.p_type", "part.p_size"], "Plans": [{"Node Type": "Streaming(type: LOCAL GATHER dop: 1/16)", "Parent Relationship": "Outer", "Startup Cost": 142139.85, "Total Cost": 142437.78, "Plan Rows": 27736, "Plan Width": 60, "Plans": [{"Node Type": "Aggregate", "Strategy": "Hashed", "Parent Relationship": "Outer", "Startup Cost": 142139.85, "Total Cost": 142157.19, "Plan Rows": 27736, "Plan Width": 60, "Group By Key": ["part.p_brand", "part.p_type", "part.p_size"], "Plans": [{"Node Type": "Aggregate", "Strategy": "Hashed", "Parent Relationship": "Outer", "Startup Cost": 141071.59, "Total Cost": 141605.72, "Plan Rows": 854611, "Plan Width": 52, "Group By Key": ["part.p_brand", "part.p_type", "part.p_size", "partsupp.ps_suppkey"], "Plans": [{"Node Type": "Streaming(type: LOCAL REDISTRIBUTE dop: 16/16)", "Parent Relationship": "Outer", "Startup Cost": 69999.79, "Total Cost": 140403.93, "Plan Rows": 854611, "Plan Width": 44, "Plans": [{"Node Type": "Hash Join", "Parent Relationship": "Outer", "Join Type": "Anti", "Startup Cost": 69999.79, "Total Cost": 104950.92, "Plan Rows": 854611, "Plan Width": 44, "Inner Unique": false, "Hash Cond": "(partsupp.ps_suppkey = supplier.s_suppkey), (LLVM Optimized)", "Plans": [{"Node Type": "Hash Join", "Parent Relationship": "Outer", "Join Type": "Inner", "Startup Cost": 51463.21, "Total Cost": 85746.67, "Plan Rows": 854625, "Plan Width": 44, "Inner Unique": true, "Hash Cond": "(partsupp.ps_partkey = part.p_partkey), (LLVM Optimized)", "Plans": [{"Node Type": "Seq Scan", "Parent Relationship": "Outer", "Relation Name": "partsupp", "Alias": "partsupp", "Startup Cost": 0.0, "Total Cost": 31874.23, "Plan Rows": 8000372, "Plan Width": 16}, {"Node Type": "Hash", "Parent Relationship": "Inner", "Startup Cost": 47765.16, "Total Cost": 47765.16, "Plan Rows": 4733504, "Plan Width": 44, "Plans": [{"Node Type": "Streaming(type: BROADCAST dop: 16/16)", "Parent Relationship": "Outer", "Startup Cost": 0.0, "Total Cost": 47765.16, "Plan Rows": 4733504, "Plan Width": 44, "Plans": [{"Node Type": "Seq Scan", "Parent Relationship": "Outer", "Relation Name": "part", "Alias": "part", "Startup Cost": 0.0, "Total Cost": 20746.5, "Plan Rows": 295844, "Plan Width": 44, "Filter": "((p_brand <> 'Brand#34'::bpchar) AND ((p_type)::text !~~ 'LARGE BRUSHED%'::text) AND (p_size = ANY ('{48,19,12,4,41,7,21,39}'::integer[]))), (LLVM Optimized)"}]}]}]}, {"Node Type": "Hash", "Parent Relationship": "Inner", "Startup Cost": 18536.45, "Total Cost": 18536.45, "Plan Rows": 160, "Plan Width": 8, "Plans": [{"Node Type": "Streaming(type: BROADCAST dop: 16/1)", "Parent Relationship": "Outer", "Startup Cost": 0.0, "Total Cost": 18536.45, "Plan Rows": 160, "Plan Width": 8, "Plans": [{"Node Type": "Seq Scan", "Parent Relationship": "Outer", "Relation Name": "supplier", "Alias": "supplier", "Startup Cost": 0.0, "Total Cost": 3533.0, "Plan Rows": 10, "Plan Width": 8, "Filter": "((s_comment)::text ~~ '%Customer%Complaints%'::text)"}]}]}]}]}]}]}]}]}, "Unique SQL Id": 1437012347}, "explain_analyze_plan": {"Plan": {"Node Type": "Sort", "Startup Cost": 144484.63, "Total Cost": 144553.97, "Plan Rows": 27736, "Plan Width": 60, "Actual Min Startup Time": 1200.331, "Actual Max Startup Time": 1200.331, "Actual Min Total Time": 1203.099, "Actual Max Total Time": 1203.099, "Actual Total Rows": 27838, "Sort Key": ["(count(partsupp.ps_suppkey)) DESC", "part.p_brand", "part.p_type", "part.p_size"], "Sort Method": "quicksort", "Sort Space Min Used": 3402, "Sort Space Max Used": 3402, "Sort Space Type": "Memory", "Plans": [{"Node Type": "Streaming(type: LOCAL GATHER dop: 1/16)", "Parent Relationship": "Outer", "Startup Cost": 142139.85, "Total Cost": 142437.78, "Plan Rows": 27736, "Plan Width": 60, "Actual Min Startup Time": 941.122, "Actual Max Startup Time": 941.122, "Actual Min Total Time": 1112.365, "Actual Max Total Time": 1112.365, "Actual Total Rows": 27838, "Plans": [{"Node Type": "Aggregate", "Strategy": "Hashed", "Parent Relationship": "Outer", "Startup Cost": 142139.85, "Total Cost": 142157.19, "Plan Rows": 27736, "Plan Width": 60, "Actual Min Startup Time": 768.112, "Actual Max Startup Time": 989.65, "Actual Min Total Time": 768.112, "Actual Max Total Time": 990.899, "Actual Total Rows": 27838, "Group By Key": ["part.p_brand", "part.p_type", "part.p_size"], "Plans": [{"Node Type": "Aggregate", "Strategy": "Hashed", "Parent Relationship": "Outer", "Startup Cost": 141071.59, "Total Cost": 141605.72, "Plan Rows": 854611, "Plan Width": 52, "Actual Min Startup Time": 767.134, "Actual Max Startup Time": 831.536, "Actual Min Total Time": 768.05, "Actual Max Total Time": 863.759, "Actual Total Rows": 1188428, "Group By Key": ["part.p_brand", "part.p_type", "part.p_size", "partsupp.ps_suppkey"], "Plans": [{"Node Type": "Streaming(type: LOCAL REDISTRIBUTE dop: 16/16)", "Parent Relationship": "Outer", "Startup Cost": 69999.79, "Total Cost": 140403.93, "Plan Rows": 854611, "Plan Width": 44, "Actual Min Startup Time": 323.271, "Actual Max Startup Time": 773.136, "Actual Min Total Time": 614.546, "Actual Max Total Time": 773.136, "Actual Total Rows": 1188666, "Plans": [{"Node Type": "Hash Join", "Parent Relationship": "Outer", "Join Type": "Anti", "Startup Cost": 69999.79, "Total Cost": 104950.92, "Plan Rows": 854611, "Plan Width": 44, "Actual Min Startup Time": 319.56, "Actual Max Startup Time": 404.165, "Actual Min Total Time": 620.607, "Actual Max Total Time": 716.832, "Actual Total Rows": 1188666, "Inner Unique": false, "Hash Cond": "(partsupp.ps_suppkey = supplier.s_suppkey), (LLVM Optimized, Jit Execute)", "Plans": [{"Node Type": "Hash Join", "Parent Relationship": "Outer", "Join Type": "Inner", "Startup Cost": 51463.21, "Total Cost": 85746.67, "Plan Rows": 854625, "Plan Width": 44, "Actual Min Startup Time": 319.47, "Actual Max Startup Time": 342.856, "Actual Min Total Time": 598.59, "Actual Max Total Time": 634.107, "Actual Total Rows": 1189344, "Inner Unique": true, "Hash Cond": "(partsupp.ps_partkey = part.p_partkey), (LLVM Optimized, Jit Execute)", "Plans": [{"Node Type": "Seq Scan", "Parent Relationship": "Outer", "Relation Name": "partsupp", "Alias": "partsupp", "Startup Cost": 0.0, "Total Cost": 31874.23, "Plan Rows": 8000372, "Plan Width": 16, "Actual Min Startup Time": 0.023, "Actual Max Startup Time": 0.038, "Actual Min Total Time": 151.039, "Actual Max Total Time": 162.82, "Actual Total Rows": 8000000}, {"Node Type": "Hash", "Parent Relationship": "Inner", "Startup Cost": 47765.16, "Total Cost": 47765.16, "Plan Rows": 4733504, "Plan Width": 44, "Actual Min Startup Time": 319.067, "Actual Max Startup Time": 342.372, "Actual Min Total Time": 319.067, "Actual Max Total Time": 342.372, "Actual Total Rows": 4757376, "Max Hash Buckets": 524288, "Min Hash Buckets": 524288, "Max Hash Batches": 1, "Min Hash Batches": 1, "Max Original Hash Batches": 1, "Min Original Hash Batches": 1, "Max Peak Memory Usage": 23216, "min Peak Memory Usage": 23216, "Plans": [{"Node Type": "Streaming(type: BROADCAST dop: 16/16)", "Parent Relationship": "Outer", "Startup Cost": 0.0, "Total Cost": 47765.16, "Plan Rows": 4733504, "Plan Width": 44, "Actual Min Startup Time": 0.037, "Actual Max Startup Time": 0.092, "Actual Min Total Time": 218.869, "Actual Max Total Time": 242.54, "Actual Total Rows": 4757376, "Plans": [{"Node Type": "Seq Scan", "Parent Relationship": "Outer", "Relation Name": "part", "Alias": "part", "Startup Cost": 0.0, "Total Cost": 20746.5, "Plan Rows": 295844, "Plan Width": 44, "Actual Min Startup Time": 0.033, "Actual Max Startup Time": 0.07, "Actual Min Total Time": 102.838, "Actual Max Total Time": 108.172, "Actual Total Rows": 297336, "Filter": "((p_brand <> 'Brand#34'::bpchar) AND ((p_type)::text !~~ 'LARGE BRUSHED%'::text) AND (p_size = ANY ('{48,19,12,4,41,7,21,39}'::integer[]))), (LLVM Optimized, Jit Execute)", "Rows Removed by Filter": 1702664}]}]}]}, {"Node Type": "Hash", "Parent Relationship": "Inner", "Startup Cost": 18536.45, "Total Cost": 18536.45, "Plan Rows": 160, "Plan Width": 8, "Actual Min Startup Time": 0.041, "Actual Max Startup Time": 61.248, "Actual Min Total Time": 0.041, "Actual Max Total Time": 61.248, "Actual Total Rows": 896, "Max Hash Buckets": 32768, "Min Hash Buckets": 32768, "Max Hash Batches": 1, "Min Hash Batches": 1, "Max Original Hash Batches": 1, "Min Original Hash Batches": 1, "Max Peak Memory Usage": 3, "min Peak Memory Usage": 3, "Plans": [{"Node Type": "Streaming(type: BROADCAST dop: 16/1)", "Parent Relationship": "Outer", "Startup Cost": 0.0, "Total Cost": 18536.45, "Plan Rows": 160, "Plan Width": 8, "Actual Min Startup Time": 0.012, "Actual Max Startup Time": 61.212, "Actual Min Total Time": 0.014, "Actual Max Total Time": 61.215, "Actual Total Rows": 896, "Plans": [{"Node Type": "Seq Scan", "Parent Relationship": "Outer", "Relation Name": "supplier", "Alias": "supplier", "Startup Cost": 0.0, "Total Cost": 3533.0, "Plan Rows": 10, "Plan Width": 8, "Actual Min Startup Time": 0.248, "Actual Max Startup Time": 0.248, "Actual Min Total Time": 52.934, "Actual Max Total Time": 52.934, "Actual Total Rows": 56, "Filter": "((s_comment)::text ~~ '%Customer%Complaints%'::text)", "Rows Removed by Filter": 99944}]}]}]}]}]}]}]}]}, "Triggers": [], "Planner Runtime": 1.74, "Total Runtime": 1224.55, "Unique SQL Id": 1437012347}}, "(16, 71)": {"explain_plan": {"Plan": {"Node Type": "Sort", "Startup Cost": 636427.53, "Total Cost": 636496.87, "Plan Rows": 27736, "Plan Width": 60, "Sort Key": ["(count(partsupp.ps_suppkey)) DESC", "part.p_brand", "part.p_type", "part.p_size"], "Plans": [{"Node Type": "Aggregate", "Strategy": "Hashed", "Parent Relationship": "Outer", "Startup Cost": 634103.33, "Total Cost": 634380.69, "Plan Rows": 27736, "Plan Width": 60, "Group By Key": ["part.p_brand", "part.p_type", "part.p_size"], "Plans": [{"Node Type": "Aggregate", "Strategy": "Hashed", "Parent Relationship": "Outer", "Startup Cost": 633548.61, "Total Cost": 633825.97, "Plan Rows": 27736, "Plan Width": 52, "Group By Key": ["part.p_brand", "part.p_type", "part.p_size", "partsupp.ps_suppkey"], "Plans": [{"Node Type": "Hash Join", "Parent Relationship": "Outer", "Join Type": "Anti", "Startup Cost": 303647.84, "Total Cost": 622865.97, "Plan Rows": 854611, "Plan Width": 44, "Inner Unique": false, "Hash Cond": "(partsupp.ps_suppkey = supplier.s_suppkey), (LLVM Optimized)", "Plans": [{"Node Type": "Hash Join", "Parent Relationship": "Outer", "Join Type": "Inner", "Startup Cost": 298066.46, "Total Cost": 606601.83, "Plan Rows": 854625, "Plan Width": 44, "Inner Unique": true, "Hash Cond": "(partsupp.ps_partkey = part.p_partkey), (LLVM Optimized)", "Plans": [{"Node Type": "Bitmap Heap Scan", "Parent Relationship": "Outer", "Relation Name": "partsupp", "Alias": "partsupp", "Startup Cost": 163494.2, "Total Cost": 433481.92, "Plan Rows": 8000372, "Plan Width": 16, "Plans": [{"Node Type": "Bitmap Index Scan", "Parent Relationship": "Outer", "Index Name": "idx_partsupp_partkey", "Startup Cost": 0.0, "Total Cost": 161494.11, "Plan Rows": 8000372, "Plan Width": 0}]}, {"Node Type": "Hash", "Parent Relationship": "Inner", "Startup Cost": 130874.21, "Total Cost": 130874.21, "Plan Rows": 295844, "Plan Width": 44, "Plans": [{"Node Type": "Bitmap Heap Scan", "Parent Relationship": "Outer", "Relation Name": "part", "Alias": "part", "Startup Cost": 38930.21, "Total Cost": 130874.21, "Plan Rows": 295844, "Plan Width": 44, "Filter": "((p_brand <> 'Brand#34'::bpchar) AND ((p_type)::text !~~ 'LARGE BRUSHED%'::text) AND (p_size = ANY ('{48,19,12,4,41,7,21,39}'::integer[]))), (LLVM Optimized)", "Plans": [{"Node Type": "Bitmap Index Scan", "Parent Relationship": "Outer", "Index Name": "part_kpey", "Startup Cost": 0.0, "Total Cost": 38856.25, "Plan Rows": 2000000, "Plan Width": 0}]}]}]}, {"Node Type": "Hash", "Parent Relationship": "Inner", "Startup Cost": 5581.25, "Total Cost": 5581.25, "Plan Rows": 10, "Plan Width": 8, "Plans": [{"Node Type": "Bitmap Heap Scan", "Parent Relationship": "Outer", "Relation Name": "supplier", "Alias": "supplier", "Startup Cost": 2048.25, "Total Cost": 5581.25, "Plan Rows": 10, "Plan Width": 8, "Filter": "((s_comment)::text ~~ '%Customer%Complaints%'::text)", "Plans": [{"Node Type": "Bitmap Index Scan", "Parent Relationship": "Outer", "Index Name": "supplier_pkey", "Startup Cost": 0.0, "Total Cost": 2048.25, "Plan Rows": 100000, "Plan Width": 0}]}]}]}]}]}]}, "Unique SQL Id": 1437012347}, "explain_analyze_plan": null}, "(16, 72)": {"explain_plan": {"Plan": {"Node Type": "Sort", "Startup Cost": 144484.63, "Total Cost": 144553.97, "Plan Rows": 27736, "Plan Width": 60, "Sort Key": ["(count(partsupp.ps_suppkey)) DESC", "part.p_brand", "part.p_type", "part.p_size"], "Plans": [{"Node Type": "Streaming(type: LOCAL GATHER dop: 1/16)", "Parent Relationship": "Outer", "Startup Cost": 142139.85, "Total Cost": 142437.78, "Plan Rows": 27736, "Plan Width": 60, "Plans": [{"Node Type": "Aggregate", "Strategy": "Hashed", "Parent Relationship": "Outer", "Startup Cost": 142139.85, "Total Cost": 142157.19, "Plan Rows": 27736, "Plan Width": 60, "Group By Key": ["part.p_brand", "part.p_type", "part.p_size"], "Plans": [{"Node Type": "Aggregate", "Strategy": "Hashed", "Parent Relationship": "Outer", "Startup Cost": 141071.59, "Total Cost": 141605.72, "Plan Rows": 854611, "Plan Width": 52, "Group By Key": ["part.p_brand", "part.p_type", "part.p_size", "partsupp.ps_suppkey"], "Plans": [{"Node Type": "Streaming(type: LOCAL REDISTRIBUTE dop: 16/16)", "Parent Relationship": "Outer", "Startup Cost": 69999.79, "Total Cost": 140403.93, "Plan Rows": 854611, "Plan Width": 44, "Plans": [{"Node Type": "Hash Join", "Parent Relationship": "Outer", "Join Type": "Anti", "Startup Cost": 69999.79, "Total Cost": 104950.92, "Plan Rows": 854611, "Plan Width": 44, "Inner Unique": false, "Hash Cond": "(partsupp.ps_suppkey = supplier.s_suppkey), (LLVM Optimized)", "Plans": [{"Node Type": "Hash Join", "Parent Relationship": "Outer", "Join Type": "Inner", "Startup Cost": 51463.21, "Total Cost": 85746.67, "Plan Rows": 854625, "Plan Width": 44, "Inner Unique": true, "Hash Cond": "(partsupp.ps_partkey = part.p_partkey), (LLVM Optimized)", "Plans": [{"Node Type": "Seq Scan", "Parent Relationship": "Outer", "Relation Name": "partsupp", "Alias": "partsupp", "Startup Cost": 0.0, "Total Cost": 31874.23, "Plan Rows": 8000372, "Plan Width": 16}, {"Node Type": "Hash", "Parent Relationship": "Inner", "Startup Cost": 47765.16, "Total Cost": 47765.16, "Plan Rows": 4733504, "Plan Width": 44, "Plans": [{"Node Type": "Streaming(type: BROADCAST dop: 16/16)", "Parent Relationship": "Outer", "Startup Cost": 0.0, "Total Cost": 47765.16, "Plan Rows": 4733504, "Plan Width": 44, "Plans": [{"Node Type": "Seq Scan", "Parent Relationship": "Outer", "Relation Name": "part", "Alias": "part", "Startup Cost": 0.0, "Total Cost": 20746.5, "Plan Rows": 295844, "Plan Width": 44, "Filter": "((p_brand <> 'Brand#34'::bpchar) AND ((p_type)::text !~~ 'LARGE BRUSHED%'::text) AND (p_size = ANY ('{48,19,12,4,41,7,21,39}'::integer[]))), (LLVM Optimized)"}]}]}]}, {"Node Type": "Hash", "Parent Relationship": "Inner", "Startup Cost": 18536.45, "Total Cost": 18536.45, "Plan Rows": 160, "Plan Width": 8, "Plans": [{"Node Type": "Streaming(type: BROADCAST dop: 16/1)", "Parent Relationship": "Outer", "Startup Cost": 0.0, "Total Cost": 18536.45, "Plan Rows": 160, "Plan Width": 8, "Plans": [{"Node Type": "Seq Scan", "Parent Relationship": "Outer", "Relation Name": "supplier", "Alias": "supplier", "Startup Cost": 0.0, "Total Cost": 3533.0, "Plan Rows": 10, "Plan Width": 8, "Filter": "((s_comment)::text ~~ '%Customer%Complaints%'::text)"}]}]}]}]}]}]}]}]}, "Unique SQL Id": 1437012347}, "explain_analyze_plan": {"Plan": {"Node Type": "Sort", "Startup Cost": 144484.63, "Total Cost": 144553.97, "Plan Rows": 27736, "Plan Width": 60, "Actual Min Startup Time": 1200.331, "Actual Max Startup Time": 1200.331, "Actual Min Total Time": 1203.099, "Actual Max Total Time": 1203.099, "Actual Total Rows": 27838, "Sort Key": ["(count(partsupp.ps_suppkey)) DESC", "part.p_brand", "part.p_type", "part.p_size"], "Sort Method": "quicksort", "Sort Space Min Used": 3402, "Sort Space Max Used": 3402, "Sort Space Type": "Memory", "Plans": [{"Node Type": "Streaming(type: LOCAL GATHER dop: 1/16)", "Parent Relationship": "Outer", "Startup Cost": 142139.85, "Total Cost": 142437.78, "Plan Rows": 27736, "Plan Width": 60, "Actual Min Startup Time": 941.122, "Actual Max Startup Time": 941.122, "Actual Min Total Time": 1112.365, "Actual Max Total Time": 1112.365, "Actual Total Rows": 27838, "Plans": [{"Node Type": "Aggregate", "Strategy": "Hashed", "Parent Relationship": "Outer", "Startup Cost": 142139.85, "Total Cost": 142157.19, "Plan Rows": 27736, "Plan Width": 60, "Actual Min Startup Time": 768.112, "Actual Max Startup Time": 989.65, "Actual Min Total Time": 768.112, "Actual Max Total Time": 990.899, "Actual Total Rows": 27838, "Group By Key": ["part.p_brand", "part.p_type", "part.p_size"], "Plans": [{"Node Type": "Aggregate", "Strategy": "Hashed", "Parent Relationship": "Outer", "Startup Cost": 141071.59, "Total Cost": 141605.72, "Plan Rows": 854611, "Plan Width": 52, "Actual Min Startup Time": 767.134, "Actual Max Startup Time": 831.536, "Actual Min Total Time": 768.05, "Actual Max Total Time": 863.759, "Actual Total Rows": 1188428, "Group By Key": ["part.p_brand", "part.p_type", "part.p_size", "partsupp.ps_suppkey"], "Plans": [{"Node Type": "Streaming(type: LOCAL REDISTRIBUTE dop: 16/16)", "Parent Relationship": "Outer", "Startup Cost": 69999.79, "Total Cost": 140403.93, "Plan Rows": 854611, "Plan Width": 44, "Actual Min Startup Time": 323.271, "Actual Max Startup Time": 773.136, "Actual Min Total Time": 614.546, "Actual Max Total Time": 773.136, "Actual Total Rows": 1188666, "Plans": [{"Node Type": "Hash Join", "Parent Relationship": "Outer", "Join Type": "Anti", "Startup Cost": 69999.79, "Total Cost": 104950.92, "Plan Rows": 854611, "Plan Width": 44, "Actual Min Startup Time": 319.56, "Actual Max Startup Time": 404.165, "Actual Min Total Time": 620.607, "Actual Max Total Time": 716.832, "Actual Total Rows": 1188666, "Inner Unique": false, "Hash Cond": "(partsupp.ps_suppkey = supplier.s_suppkey), (LLVM Optimized, Jit Execute)", "Plans": [{"Node Type": "Hash Join", "Parent Relationship": "Outer", "Join Type": "Inner", "Startup Cost": 51463.21, "Total Cost": 85746.67, "Plan Rows": 854625, "Plan Width": 44, "Actual Min Startup Time": 319.47, "Actual Max Startup Time": 342.856, "Actual Min Total Time": 598.59, "Actual Max Total Time": 634.107, "Actual Total Rows": 1189344, "Inner Unique": true, "Hash Cond": "(partsupp.ps_partkey = part.p_partkey), (LLVM Optimized, Jit Execute)", "Plans": [{"Node Type": "Seq Scan", "Parent Relationship": "Outer", "Relation Name": "partsupp", "Alias": "partsupp", "Startup Cost": 0.0, "Total Cost": 31874.23, "Plan Rows": 8000372, "Plan Width": 16, "Actual Min Startup Time": 0.023, "Actual Max Startup Time": 0.038, "Actual Min Total Time": 151.039, "Actual Max Total Time": 162.82, "Actual Total Rows": 8000000}, {"Node Type": "Hash", "Parent Relationship": "Inner", "Startup Cost": 47765.16, "Total Cost": 47765.16, "Plan Rows": 4733504, "Plan Width": 44, "Actual Min Startup Time": 319.067, "Actual Max Startup Time": 342.372, "Actual Min Total Time": 319.067, "Actual Max Total Time": 342.372, "Actual Total Rows": 4757376, "Max Hash Buckets": 524288, "Min Hash Buckets": 524288, "Max Hash Batches": 1, "Min Hash Batches": 1, "Max Original Hash Batches": 1, "Min Original Hash Batches": 1, "Max Peak Memory Usage": 23216, "min Peak Memory Usage": 23216, "Plans": [{"Node Type": "Streaming(type: BROADCAST dop: 16/16)", "Parent Relationship": "Outer", "Startup Cost": 0.0, "Total Cost": 47765.16, "Plan Rows": 4733504, "Plan Width": 44, "Actual Min Startup Time": 0.037, "Actual Max Startup Time": 0.092, "Actual Min Total Time": 218.869, "Actual Max Total Time": 242.54, "Actual Total Rows": 4757376, "Plans": [{"Node Type": "Seq Scan", "Parent Relationship": "Outer", "Relation Name": "part", "Alias": "part", "Startup Cost": 0.0, "Total Cost": 20746.5, "Plan Rows": 295844, "Plan Width": 44, "Actual Min Startup Time": 0.033, "Actual Max Startup Time": 0.07, "Actual Min Total Time": 102.838, "Actual Max Total Time": 108.172, "Actual Total Rows": 297336, "Filter": "((p_brand <> 'Brand#34'::bpchar) AND ((p_type)::text !~~ 'LARGE BRUSHED%'::text) AND (p_size = ANY ('{48,19,12,4,41,7,21,39}'::integer[]))), (LLVM Optimized, Jit Execute)", "Rows Removed by Filter": 1702664}]}]}]}, {"Node Type": "Hash", "Parent Relationship": "Inner", "Startup Cost": 18536.45, "Total Cost": 18536.45, "Plan Rows": 160, "Plan Width": 8, "Actual Min Startup Time": 0.041, "Actual Max Startup Time": 61.248, "Actual Min Total Time": 0.041, "Actual Max Total Time": 61.248, "Actual Total Rows": 896, "Max Hash Buckets": 32768, "Min Hash Buckets": 32768, "Max Hash Batches": 1, "Min Hash Batches": 1, "Max Original Hash Batches": 1, "Min Original Hash Batches": 1, "Max Peak Memory Usage": 3, "min Peak Memory Usage": 3, "Plans": [{"Node Type": "Streaming(type: BROADCAST dop: 16/1)", "Parent Relationship": "Outer", "Startup Cost": 0.0, "Total Cost": 18536.45, "Plan Rows": 160, "Plan Width": 8, "Actual Min Startup Time": 0.012, "Actual Max Startup Time": 61.212, "Actual Min Total Time": 0.014, "Actual Max Total Time": 61.215, "Actual Total Rows": 896, "Plans": [{"Node Type": "Seq Scan", "Parent Relationship": "Outer", "Relation Name": "supplier", "Alias": "supplier", "Startup Cost": 0.0, "Total Cost": 3533.0, "Plan Rows": 10, "Plan Width": 8, "Actual Min Startup Time": 0.248, "Actual Max Startup Time": 0.248, "Actual Min Total Time": 52.934, "Actual Max Total Time": 52.934, "Actual Total Rows": 56, "Filter": "((s_comment)::text ~~ '%Customer%Complaints%'::text)", "Rows Removed by Filter": 99944}]}]}]}]}]}]}]}]}, "Triggers": [], "Planner Runtime": 1.74, "Total Runtime": 1224.55, "Unique SQL Id": 1437012347}}, "(16, 73)": {"explain_plan": {"Plan": {"Node Type": "Sort", "Startup Cost": 409910.03, "Total Cost": 409979.37, "Plan Rows": 27736, "Plan Width": 60, "Sort Key": ["(count(partsupp.ps_suppkey)) DESC", "part.p_brand", "part.p_type", "part.p_size"], "Plans": [{"Node Type": "Streaming(type: LOCAL GATHER dop: 1/16)", "Parent Relationship": "Outer", "Startup Cost": 407565.26, "Total Cost": 407863.19, "Plan Rows": 27736, "Plan Width": 60, "Plans": [{"Node Type": "Aggregate", "Strategy": "Hashed", "Parent Relationship": "Outer", "Startup Cost": 407565.26, "Total Cost": 407582.59, "Plan Rows": 27736, "Plan Width": 60, "Group By Key": ["part.p_brand", "part.p_type", "part.p_size"], "Plans": [{"Node Type": "Aggregate", "Strategy": "Hashed", "Parent Relationship": "Outer", "Startup Cost": 406496.99, "Total Cost": 407031.13, "Plan Rows": 854611, "Plan Width": 52, "Group By Key": ["part.p_brand", "part.p_type", "part.p_size", "partsupp.ps_suppkey"], "Plans": [{"Node Type": "Streaming(type: LOCAL REDISTRIBUTE dop: 16/16)", "Parent Relationship": "Outer", "Startup Cost": 150233.08, "Total Cost": 405829.33, "Plan Rows": 854611, "Plan Width": 44, "Plans": [{"Node Type": "Hash Join", "Parent Relationship": "Outer", "Join Type": "Anti", "Startup Cost": 150233.08, "Total Cost": 370376.33, "Plan Rows": 854611, "Plan Width": 44, "Inner Unique": false, "Hash Cond": "(partsupp.ps_suppkey = supplier.s_suppkey), (LLVM Optimized)", "Plans": [{"Node Type": "Hash Join", "Parent Relationship": "Outer", "Join Type": "Inner", "Startup Cost": 129644.96, "Total Cost": 349120.53, "Plan Rows": 854625, "Plan Width": 44, "Inner Unique": true, "Hash Cond": "(partsupp.ps_partkey = part.p_partkey), (LLVM Optimized)", "Plans": [{"Node Type": "Index Only Scan", "Parent Relationship": "Outer", "Scan Direction": "Forward", "Index Name": "partsupp_pkey", "Relation Name": "partsupp", "Alias": "partsupp", "Startup Cost": 0.0, "Total Cost": 217066.34, "Plan Rows": 8000372, "Plan Width": 16}, {"Node Type": "Hash", "Parent Relationship": "Inner", "Startup Cost": 125946.91, "Total Cost": 125946.91, "Plan Rows": 4733504, "Plan Width": 44, "Plans": [{"Node Type": "Streaming(type: BROADCAST dop: 16/16)", "Parent Relationship": "Outer", "Startup Cost": 0.0, "Total Cost": 125946.91, "Plan Rows": 4733504, "Plan Width": 44, "Plans": [{"Node Type": "Index Scan", "Parent Relationship": "Outer", "Scan Direction": "Forward", "Index Name": "part_kpey", "Relation Name": "part", "Alias": "part", "Startup Cost": 0.0, "Total Cost": 98928.25, "Plan Rows": 295844, "Plan Width": 44, "Filter": "((p_brand <> 'Brand#34'::bpchar) AND ((p_type)::text !~~ 'LARGE BRUSHED%'::text) AND (p_size = ANY ('{48,19,12,4,41,7,21,39}'::integer[]))), (LLVM Optimized)"}]}]}]}, {"Node Type": "Hash", "Parent Relationship": "Inner", "Startup Cost": 20588.0, "Total Cost": 20588.0, "Plan Rows": 160, "Plan Width": 8, "Plans": [{"Node Type": "Streaming(type: BROADCAST dop: 16/1)", "Parent Relationship": "Outer", "Startup Cost": 0.0, "Total Cost": 20588.0, "Plan Rows": 160, "Plan Width": 8, "Plans": [{"Node Type": "Index Scan", "Parent Relationship": "Outer", "Scan Direction": "Forward", "Index Name": "supplier_pkey", "Relation Name": "supplier", "Alias": "supplier", "Startup Cost": 0.0, "Total Cost": 5584.54, "Plan Rows": 10, "Plan Width": 8, "Filter": "((s_comment)::text ~~ '%Customer%Complaints%'::text)"}]}]}]}]}]}]}]}]}, "Unique SQL Id": 1437012347}, "explain_analyze_plan": {"Plan": {"Node Type": "Sort", "Startup Cost": 409910.03, "Total Cost": 409979.37, "Plan Rows": 27736, "Plan Width": 60, "Actual Min Startup Time": 1815.176, "Actual Max Startup Time": 1815.176, "Actual Min Total Time": 1817.8, "Actual Max Total Time": 1817.8, "Actual Total Rows": 27838, "Sort Key": ["(count(partsupp.ps_suppkey)) DESC", "part.p_brand", "part.p_type", "part.p_size"], "Sort Method": "quicksort", "Sort Space Min Used": 3402, "Sort Space Max Used": 3402, "Sort Space Type": "Memory", "Plans": [{"Node Type": "Streaming(type: LOCAL GATHER dop: 1/16)", "Parent Relationship": "Outer", "Startup Cost": 407565.26, "Total Cost": 407863.19, "Plan Rows": 27736, "Plan Width": 60, "Actual Min Startup Time": 1570.324, "Actual Max Startup Time": 1570.324, "Actual Min Total Time": 1729.343, "Actual Max Total Time": 1729.343, "Actual Total Rows": 27838, "Plans": [{"Node Type": "Aggregate", "Strategy": "Hashed", "Parent Relationship": "Outer", "Startup Cost": 407565.26, "Total Cost": 407582.59, "Plan Rows": 27736, "Plan Width": 60, "Actual Min Startup Time": 1388.501, "Actual Max Startup Time": 1602.412, "Actual Min Total Time": 1388.501, "Actual Max Total Time": 1603.625, "Actual Total Rows": 27838, "Group By Key": ["part.p_brand", "part.p_type", "part.p_size"], "Plans": [{"Node Type": "Aggregate", "Strategy": "Hashed", "Parent Relationship": "Outer", "Startup Cost": 406496.99, "Total Cost": 407031.13, "Plan Rows": 854611, "Plan Width": 52, "Actual Min Startup Time": 1387.761, "Actual Max Startup Time": 1412.065, "Actual Min Total Time": 1388.419, "Actual Max Total Time": 1457.08, "Actual Total Rows": 1188428, "Group By Key": ["part.p_brand", "part.p_type", "part.p_size", "partsupp.ps_suppkey"], "Plans": [{"Node Type": "Streaming(type: LOCAL REDISTRIBUTE dop: 16/16)", "Parent Relationship": "Outer", "Startup Cost": 150233.08, "Total Cost": 405829.33, "Plan Rows": 854611, "Plan Width": 44, "Actual Min Startup Time": 960.412, "Actual Max Startup Time": 1392.614, "Actual Min Total Time": 1248.656, "Actual Max Total Time": 1392.614, "Actual Total Rows": 1188666, "Plans": [{"Node Type": "Hash Join", "Parent Relationship": "Outer", "Join Type": "Anti", "Startup Cost": 150233.08, "Total Cost": 370376.33, "Plan Rows": 854611, "Plan Width": 44, "Actual Min Startup Time": 956.596, "Actual Max Startup Time": 1035.556, "Actual Min Total Time": 1224.498, "Actual Max Total Time": 1314.451, "Actual Total Rows": 1188666, "Inner Unique": false, "Hash Cond": "(partsupp.ps_suppkey = supplier.s_suppkey), (LLVM Optimized, Jit Execute)", "Plans": [{"Node Type": "Hash Join", "Parent Relationship": "Outer", "Join Type": "Inner", "Startup Cost": 129644.96, "Total Cost": 349120.53, "Plan Rows": 854625, "Plan Width": 44, "Actual Min Startup Time": 953.27, "Actual Max Startup Time": 953.37, "Actual Min Total Time": 1197.442, "Actual Max Total Time": 1229.005, "Actual Total Rows": 1189344, "Inner Unique": true, "Hash Cond": "(partsupp.ps_partkey = part.p_partkey), (LLVM Optimized, Jit Execute)", "Plans": [{"Node Type": "Index Only Scan", "Parent Relationship": "Outer", "Scan Direction": "Forward", "Index Name": "partsupp_pkey", "Relation Name": "partsupp", "Alias": "partsupp", "Startup Cost": 0.0, "Total Cost": 217066.34, "Plan Rows": 8000372, "Plan Width": 16, "Actual Min Startup Time": 563.544, "Actual Max Startup Time": 563.657, "Actual Min Total Time": 691.545, "Actual Max Total Time": 712.293, "Actual Total Rows": 8000000, "Heap Fetches": 0}, {"Node Type": "Hash", "Parent Relationship": "Inner", "Startup Cost": 125946.91, "Total Cost": 125946.91, "Plan Rows": 4733504, "Plan Width": 44, "Actual Min Startup Time": 388.776, "Actual Max Startup Time": 388.847, "Actual Min Total Time": 388.776, "Actual Max Total Time": 388.847, "Actual Total Rows": 4757376, "Max Hash Buckets": 524288, "Min Hash Buckets": 524288, "Max Hash Batches": 1, "Min Hash Batches": 1, "Max Original Hash Batches": 1, "Min Original Hash Batches": 1, "Max Peak Memory Usage": 23216, "min Peak Memory Usage": 23216, "Plans": [{"Node Type": "Streaming(type: BROADCAST dop: 16/16)", "Parent Relationship": "Outer", "Startup Cost": 0.0, "Total Cost": 125946.91, "Plan Rows": 4733504, "Plan Width": 44, "Actual Min Startup Time": 0.055, "Actual Max Startup Time": 0.097, "Actual Min Total Time": 278.383, "Actual Max Total Time": 295.018, "Actual Total Rows": 4757376, "Plans": [{"Node Type": "Index Scan", "Parent Relationship": "Outer", "Scan Direction": "Forward", "Index Name": "part_kpey", "Relation Name": "part", "Alias": "part", "Startup Cost": 0.0, "Total Cost": 98928.25, "Plan Rows": 295844, "Plan Width": 44, "Actual Min Startup Time": 0.053, "Actual Max Startup Time": 61.876, "Actual Min Total Time": 154.618, "Actual Max Total Time": 227.449, "Actual Total Rows": 297336, "Filter": "((p_brand <> 'Brand#34'::bpchar) AND ((p_type)::text !~~ 'LARGE BRUSHED%'::text) AND (p_size = ANY ('{48,19,12,4,41,7,21,39}'::integer[]))), (LLVM Optimized, Jit Execute)", "Rows Removed by Filter": 1702664}]}]}]}, {"Node Type": "Hash", "Parent Relationship": "Inner", "Startup Cost": 20588.0, "Total Cost": 20588.0, "Plan Rows": 160, "Plan Width": 8, "Actual Min Startup Time": 3.206, "Actual Max Startup Time": 82.19, "Actual Min Total Time": 3.206, "Actual Max Total Time": 82.19, "Actual Total Rows": 896, "Max Hash Buckets": 32768, "Min Hash Buckets": 32768, "Max Hash Batches": 1, "Min Hash Batches": 1, "Max Original Hash Batches": 1, "Min Original Hash Batches": 1, "Max Peak Memory Usage": 3, "min Peak Memory Usage": 3, "Plans": [{"Node Type": "Streaming(type: BROADCAST dop: 16/1)", "Parent Relationship": "Outer", "Startup Cost": 0.0, "Total Cost": 20588.0, "Plan Rows": 160, "Plan Width": 8, "Actual Min Startup Time": 3.182, "Actual Max Startup Time": 82.163, "Actual Min Total Time": 3.186, "Actual Max Total Time": 82.171, "Actual Total Rows": 896, "Plans": [{"Node Type": "Index Scan", "Parent Relationship": "Outer", "Scan Direction": "Forward", "Index Name": "supplier_pkey", "Relation Name": "supplier", "Alias": "supplier", "Startup Cost": 0.0, "Total Cost": 5584.54, "Plan Rows": 10, "Plan Width": 8, "Actual Min Startup Time": 0.421, "Actual Max Startup Time": 0.421, "Actual Min Total Time": 83.676, "Actual Max Total Time": 83.676, "Actual Total Rows": 56, "Filter": "((s_comment)::text ~~ '%Customer%Complaints%'::text)", "Rows Removed by Filter": 99944}]}]}]}]}]}]}]}]}, "Triggers": [], "Planner Runtime": 1.69, "Total Runtime": 1839.491, "Unique SQL Id": 1437012347}}, "(16, 74)": {"explain_plan": {"Plan": {"Node Type": "Sort", "Startup Cost": 144484.63, "Total Cost": 144553.97, "Plan Rows": 27736, "Plan Width": 60, "Sort Key": ["(count(partsupp.ps_suppkey)) DESC", "part.p_brand", "part.p_type", "part.p_size"], "Plans": [{"Node Type": "Streaming(type: LOCAL GATHER dop: 1/16)", "Parent Relationship": "Outer", "Startup Cost": 142139.85, "Total Cost": 142437.78, "Plan Rows": 27736, "Plan Width": 60, "Plans": [{"Node Type": "Aggregate", "Strategy": "Hashed", "Parent Relationship": "Outer", "Startup Cost": 142139.85, "Total Cost": 142157.19, "Plan Rows": 27736, "Plan Width": 60, "Group By Key": ["part.p_brand", "part.p_type", "part.p_size"], "Plans": [{"Node Type": "Aggregate", "Strategy": "Hashed", "Parent Relationship": "Outer", "Startup Cost": 141071.59, "Total Cost": 141605.72, "Plan Rows": 854611, "Plan Width": 52, "Group By Key": ["part.p_brand", "part.p_type", "part.p_size", "partsupp.ps_suppkey"], "Plans": [{"Node Type": "Streaming(type: LOCAL REDISTRIBUTE dop: 16/16)", "Parent Relationship": "Outer", "Startup Cost": 69999.79, "Total Cost": 140403.93, "Plan Rows": 854611, "Plan Width": 44, "Plans": [{"Node Type": "Hash Join", "Parent Relationship": "Outer", "Join Type": "Anti", "Startup Cost": 69999.79, "Total Cost": 104950.92, "Plan Rows": 854611, "Plan Width": 44, "Inner Unique": false, "Hash Cond": "(partsupp.ps_suppkey = supplier.s_suppkey), (LLVM Optimized)", "Plans": [{"Node Type": "Hash Join", "Parent Relationship": "Outer", "Join Type": "Inner", "Startup Cost": 51463.21, "Total Cost": 85746.67, "Plan Rows": 854625, "Plan Width": 44, "Inner Unique": true, "Hash Cond": "(partsupp.ps_partkey = part.p_partkey), (LLVM Optimized)", "Plans": [{"Node Type": "Seq Scan", "Parent Relationship": "Outer", "Relation Name": "partsupp", "Alias": "partsupp", "Startup Cost": 0.0, "Total Cost": 31874.23, "Plan Rows": 8000372, "Plan Width": 16}, {"Node Type": "Hash", "Parent Relationship": "Inner", "Startup Cost": 47765.16, "Total Cost": 47765.16, "Plan Rows": 4733504, "Plan Width": 44, "Plans": [{"Node Type": "Streaming(type: BROADCAST dop: 16/16)", "Parent Relationship": "Outer", "Startup Cost": 0.0, "Total Cost": 47765.16, "Plan Rows": 4733504, "Plan Width": 44, "Plans": [{"Node Type": "Seq Scan", "Parent Relationship": "Outer", "Relation Name": "part", "Alias": "part", "Startup Cost": 0.0, "Total Cost": 20746.5, "Plan Rows": 295844, "Plan Width": 44, "Filter": "((p_brand <> 'Brand#34'::bpchar) AND ((p_type)::text !~~ 'LARGE BRUSHED%'::text) AND (p_size = ANY ('{48,19,12,4,41,7,21,39}'::integer[]))), (LLVM Optimized)"}]}]}]}, {"Node Type": "Hash", "Parent Relationship": "Inner", "Startup Cost": 18536.45, "Total Cost": 18536.45, "Plan Rows": 160, "Plan Width": 8, "Plans": [{"Node Type": "Streaming(type: BROADCAST dop: 16/1)", "Parent Relationship": "Outer", "Startup Cost": 0.0, "Total Cost": 18536.45, "Plan Rows": 160, "Plan Width": 8, "Plans": [{"Node Type": "Seq Scan", "Parent Relationship": "Outer", "Relation Name": "supplier", "Alias": "supplier", "Startup Cost": 0.0, "Total Cost": 3533.0, "Plan Rows": 10, "Plan Width": 8, "Filter": "((s_comment)::text ~~ '%Customer%Complaints%'::text)"}]}]}]}]}]}]}]}]}, "Unique SQL Id": 1437012347}, "explain_analyze_plan": {"Plan": {"Node Type": "Sort", "Startup Cost": 144484.63, "Total Cost": 144553.97, "Plan Rows": 27736, "Plan Width": 60, "Actual Min Startup Time": 1200.331, "Actual Max Startup Time": 1200.331, "Actual Min Total Time": 1203.099, "Actual Max Total Time": 1203.099, "Actual Total Rows": 27838, "Sort Key": ["(count(partsupp.ps_suppkey)) DESC", "part.p_brand", "part.p_type", "part.p_size"], "Sort Method": "quicksort", "Sort Space Min Used": 3402, "Sort Space Max Used": 3402, "Sort Space Type": "Memory", "Plans": [{"Node Type": "Streaming(type: LOCAL GATHER dop: 1/16)", "Parent Relationship": "Outer", "Startup Cost": 142139.85, "Total Cost": 142437.78, "Plan Rows": 27736, "Plan Width": 60, "Actual Min Startup Time": 941.122, "Actual Max Startup Time": 941.122, "Actual Min Total Time": 1112.365, "Actual Max Total Time": 1112.365, "Actual Total Rows": 27838, "Plans": [{"Node Type": "Aggregate", "Strategy": "Hashed", "Parent Relationship": "Outer", "Startup Cost": 142139.85, "Total Cost": 142157.19, "Plan Rows": 27736, "Plan Width": 60, "Actual Min Startup Time": 768.112, "Actual Max Startup Time": 989.65, "Actual Min Total Time": 768.112, "Actual Max Total Time": 990.899, "Actual Total Rows": 27838, "Group By Key": ["part.p_brand", "part.p_type", "part.p_size"], "Plans": [{"Node Type": "Aggregate", "Strategy": "Hashed", "Parent Relationship": "Outer", "Startup Cost": 141071.59, "Total Cost": 141605.72, "Plan Rows": 854611, "Plan Width": 52, "Actual Min Startup Time": 767.134, "Actual Max Startup Time": 831.536, "Actual Min Total Time": 768.05, "Actual Max Total Time": 863.759, "Actual Total Rows": 1188428, "Group By Key": ["part.p_brand", "part.p_type", "part.p_size", "partsupp.ps_suppkey"], "Plans": [{"Node Type": "Streaming(type: LOCAL REDISTRIBUTE dop: 16/16)", "Parent Relationship": "Outer", "Startup Cost": 69999.79, "Total Cost": 140403.93, "Plan Rows": 854611, "Plan Width": 44, "Actual Min Startup Time": 323.271, "Actual Max Startup Time": 773.136, "Actual Min Total Time": 614.546, "Actual Max Total Time": 773.136, "Actual Total Rows": 1188666, "Plans": [{"Node Type": "Hash Join", "Parent Relationship": "Outer", "Join Type": "Anti", "Startup Cost": 69999.79, "Total Cost": 104950.92, "Plan Rows": 854611, "Plan Width": 44, "Actual Min Startup Time": 319.56, "Actual Max Startup Time": 404.165, "Actual Min Total Time": 620.607, "Actual Max Total Time": 716.832, "Actual Total Rows": 1188666, "Inner Unique": false, "Hash Cond": "(partsupp.ps_suppkey = supplier.s_suppkey), (LLVM Optimized, Jit Execute)", "Plans": [{"Node Type": "Hash Join", "Parent Relationship": "Outer", "Join Type": "Inner", "Startup Cost": 51463.21, "Total Cost": 85746.67, "Plan Rows": 854625, "Plan Width": 44, "Actual Min Startup Time": 319.47, "Actual Max Startup Time": 342.856, "Actual Min Total Time": 598.59, "Actual Max Total Time": 634.107, "Actual Total Rows": 1189344, "Inner Unique": true, "Hash Cond": "(partsupp.ps_partkey = part.p_partkey), (LLVM Optimized, Jit Execute)", "Plans": [{"Node Type": "Seq Scan", "Parent Relationship": "Outer", "Relation Name": "partsupp", "Alias": "partsupp", "Startup Cost": 0.0, "Total Cost": 31874.23, "Plan Rows": 8000372, "Plan Width": 16, "Actual Min Startup Time": 0.023, "Actual Max Startup Time": 0.038, "Actual Min Total Time": 151.039, "Actual Max Total Time": 162.82, "Actual Total Rows": 8000000}, {"Node Type": "Hash", "Parent Relationship": "Inner", "Startup Cost": 47765.16, "Total Cost": 47765.16, "Plan Rows": 4733504, "Plan Width": 44, "Actual Min Startup Time": 319.067, "Actual Max Startup Time": 342.372, "Actual Min Total Time": 319.067, "Actual Max Total Time": 342.372, "Actual Total Rows": 4757376, "Max Hash Buckets": 524288, "Min Hash Buckets": 524288, "Max Hash Batches": 1, "Min Hash Batches": 1, "Max Original Hash Batches": 1, "Min Original Hash Batches": 1, "Max Peak Memory Usage": 23216, "min Peak Memory Usage": 23216, "Plans": [{"Node Type": "Streaming(type: BROADCAST dop: 16/16)", "Parent Relationship": "Outer", "Startup Cost": 0.0, "Total Cost": 47765.16, "Plan Rows": 4733504, "Plan Width": 44, "Actual Min Startup Time": 0.037, "Actual Max Startup Time": 0.092, "Actual Min Total Time": 218.869, "Actual Max Total Time": 242.54, "Actual Total Rows": 4757376, "Plans": [{"Node Type": "Seq Scan", "Parent Relationship": "Outer", "Relation Name": "part", "Alias": "part", "Startup Cost": 0.0, "Total Cost": 20746.5, "Plan Rows": 295844, "Plan Width": 44, "Actual Min Startup Time": 0.033, "Actual Max Startup Time": 0.07, "Actual Min Total Time": 102.838, "Actual Max Total Time": 108.172, "Actual Total Rows": 297336, "Filter": "((p_brand <> 'Brand#34'::bpchar) AND ((p_type)::text !~~ 'LARGE BRUSHED%'::text) AND (p_size = ANY ('{48,19,12,4,41,7,21,39}'::integer[]))), (LLVM Optimized, Jit Execute)", "Rows Removed by Filter": 1702664}]}]}]}, {"Node Type": "Hash", "Parent Relationship": "Inner", "Startup Cost": 18536.45, "Total Cost": 18536.45, "Plan Rows": 160, "Plan Width": 8, "Actual Min Startup Time": 0.041, "Actual Max Startup Time": 61.248, "Actual Min Total Time": 0.041, "Actual Max Total Time": 61.248, "Actual Total Rows": 896, "Max Hash Buckets": 32768, "Min Hash Buckets": 32768, "Max Hash Batches": 1, "Min Hash Batches": 1, "Max Original Hash Batches": 1, "Min Original Hash Batches": 1, "Max Peak Memory Usage": 3, "min Peak Memory Usage": 3, "Plans": [{"Node Type": "Streaming(type: BROADCAST dop: 16/1)", "Parent Relationship": "Outer", "Startup Cost": 0.0, "Total Cost": 18536.45, "Plan Rows": 160, "Plan Width": 8, "Actual Min Startup Time": 0.012, "Actual Max Startup Time": 61.212, "Actual Min Total Time": 0.014, "Actual Max Total Time": 61.215, "Actual Total Rows": 896, "Plans": [{"Node Type": "Seq Scan", "Parent Relationship": "Outer", "Relation Name": "supplier", "Alias": "supplier", "Startup Cost": 0.0, "Total Cost": 3533.0, "Plan Rows": 10, "Plan Width": 8, "Actual Min Startup Time": 0.248, "Actual Max Startup Time": 0.248, "Actual Min Total Time": 52.934, "Actual Max Total Time": 52.934, "Actual Total Rows": 56, "Filter": "((s_comment)::text ~~ '%Customer%Complaints%'::text)", "Rows Removed by Filter": 99944}]}]}]}]}]}]}]}]}, "Triggers": [], "Planner Runtime": 1.74, "Total Runtime": 1224.55, "Unique SQL Id": 1437012347}}, "(16, 75)": {"explain_plan": {"Plan": {"Node Type": "Sort", "Startup Cost": 3000026797068.9, "Total Cost": 3000026797138.24, "Plan Rows": 27736, "Plan Width": 60, "Sort Key": ["(count(partsupp.ps_suppkey)) DESC", "part.p_brand", "part.p_type", "part.p_size"], "Plans": [{"Node Type": "Aggregate", "Strategy": "Hashed", "Parent Relationship": "Outer", "Startup Cost": 3000026794744.7, "Total Cost": 3000026795022.06, "Plan Rows": 27736, "Plan Width": 60, "Group By Key": ["part.p_brand", "part.p_type", "part.p_size"], "Plans": [{"Node Type": "Aggregate", "Strategy": "Hashed", "Parent Relationship": "Outer", "Startup Cost": 3000026794189.98, "Total Cost": 3000026794467.34, "Plan Rows": 27736, "Plan Width": 52, "Group By Key": ["part.p_brand", "part.p_type", "part.p_size", "partsupp.ps_suppkey"], "Plans": [{"Node Type": "Hash Join", "Parent Relationship": "Outer", "Join Type": "Anti", "Startup Cost": 1020017883134.13, "Total Cost": 3000026783507.34, "Plan Rows": 854611, "Plan Width": 44, "Inner Unique": false, "Hash Cond": "(partsupp.ps_suppkey = supplier.s_suppkey), (LLVM Optimized)", "Plans": [{"Node Type": "Merge Join", "Parent Relationship": "Outer", "Join Type": "Inner", "Startup Cost": 20017324679.62, "Total Cost": 2000026214364.82, "Plan Rows": 854625, "Plan Width": 44, "Inner Unique": false, "Merge Cond": "(part.p_partkey = partsupp.ps_partkey)", "Plans": [{"Node Type": "Index Scan", "Parent Relationship": "Outer", "Scan Direction": "Forward", "Index Name": "part_kpey", "Relation Name": "part", "Alias": "part", "Startup Cost": 10000000000.0, "Total Cost": 1000013080325.0, "Plan Rows": 295844, "Plan Width": 44, "Filter": "((p_brand <> 'Brand#34'::bpchar) AND ((p_type)::text !~~ 'LARGE BRUSHED%'::text) AND (p_size = ANY ('{48,19,12,4,41,7,21,39}'::integer[]))), (LLVM Optimized)"}, {"Node Type": "Index Only Scan", "Parent Relationship": "Inner", "Scan Direction": "Forward", "Index Name": "partsupp_pkey", "Relation Name": "partsupp", "Alias": "partsupp", "Startup Cost": 10000000000.0, "Total Cost": 1000027706983.0, "Plan Rows": 8000372, "Plan Width": 16}]}, {"Node Type": "Hash", "Parent Relationship": "Inner", "Startup Cost": 1000000558454.38, "Total Cost": 1000000558454.38, "Plan Rows": 10, "Plan Width": 8, "Plans": [{"Node Type": "Index Scan", "Parent Relationship": "Outer", "Scan Direction": "Forward", "Index Name": "supplier_pkey", "Relation Name": "supplier", "Alias": "supplier", "Startup Cost": 10000000000.0, "Total Cost": 1000000558454.38, "Plan Rows": 10, "Plan Width": 8, "Filter": "((s_comment)::text ~~ '%Customer%Complaints%'::text)"}]}]}]}]}]}, "Unique SQL Id": 1437012347}, "explain_analyze_plan": null}, "(16, 76)": {"explain_plan": {"Plan": {"Node Type": "Sort", "Startup Cost": 144484.63, "Total Cost": 144553.97, "Plan Rows": 27736, "Plan Width": 60, "Sort Key": ["(count(partsupp.ps_suppkey)) DESC", "part.p_brand", "part.p_type", "part.p_size"], "Plans": [{"Node Type": "Streaming(type: LOCAL GATHER dop: 1/16)", "Parent Relationship": "Outer", "Startup Cost": 142139.85, "Total Cost": 142437.78, "Plan Rows": 27736, "Plan Width": 60, "Plans": [{"Node Type": "Aggregate", "Strategy": "Hashed", "Parent Relationship": "Outer", "Startup Cost": 142139.85, "Total Cost": 142157.19, "Plan Rows": 27736, "Plan Width": 60, "Group By Key": ["part.p_brand", "part.p_type", "part.p_size"], "Plans": [{"Node Type": "Aggregate", "Strategy": "Hashed", "Parent Relationship": "Outer", "Startup Cost": 141071.59, "Total Cost": 141605.72, "Plan Rows": 854611, "Plan Width": 52, "Group By Key": ["part.p_brand", "part.p_type", "part.p_size", "partsupp.ps_suppkey"], "Plans": [{"Node Type": "Streaming(type: LOCAL REDISTRIBUTE dop: 16/16)", "Parent Relationship": "Outer", "Startup Cost": 69999.79, "Total Cost": 140403.93, "Plan Rows": 854611, "Plan Width": 44, "Plans": [{"Node Type": "Hash Join", "Parent Relationship": "Outer", "Join Type": "Anti", "Startup Cost": 69999.79, "Total Cost": 104950.92, "Plan Rows": 854611, "Plan Width": 44, "Inner Unique": false, "Hash Cond": "(partsupp.ps_suppkey = supplier.s_suppkey), (LLVM Optimized)", "Plans": [{"Node Type": "Hash Join", "Parent Relationship": "Outer", "Join Type": "Inner", "Startup Cost": 51463.21, "Total Cost": 85746.67, "Plan Rows": 854625, "Plan Width": 44, "Inner Unique": true, "Hash Cond": "(partsupp.ps_partkey = part.p_partkey), (LLVM Optimized)", "Plans": [{"Node Type": "Seq Scan", "Parent Relationship": "Outer", "Relation Name": "partsupp", "Alias": "partsupp", "Startup Cost": 0.0, "Total Cost": 31874.23, "Plan Rows": 8000372, "Plan Width": 16}, {"Node Type": "Hash", "Parent Relationship": "Inner", "Startup Cost": 47765.16, "Total Cost": 47765.16, "Plan Rows": 4733504, "Plan Width": 44, "Plans": [{"Node Type": "Streaming(type: BROADCAST dop: 16/16)", "Parent Relationship": "Outer", "Startup Cost": 0.0, "Total Cost": 47765.16, "Plan Rows": 4733504, "Plan Width": 44, "Plans": [{"Node Type": "Seq Scan", "Parent Relationship": "Outer", "Relation Name": "part", "Alias": "part", "Startup Cost": 0.0, "Total Cost": 20746.5, "Plan Rows": 295844, "Plan Width": 44, "Filter": "((p_brand <> 'Brand#34'::bpchar) AND ((p_type)::text !~~ 'LARGE BRUSHED%'::text) AND (p_size = ANY ('{48,19,12,4,41,7,21,39}'::integer[]))), (LLVM Optimized)"}]}]}]}, {"Node Type": "Hash", "Parent Relationship": "Inner", "Startup Cost": 18536.45, "Total Cost": 18536.45, "Plan Rows": 160, "Plan Width": 8, "Plans": [{"Node Type": "Streaming(type: BROADCAST dop: 16/1)", "Parent Relationship": "Outer", "Startup Cost": 0.0, "Total Cost": 18536.45, "Plan Rows": 160, "Plan Width": 8, "Plans": [{"Node Type": "Seq Scan", "Parent Relationship": "Outer", "Relation Name": "supplier", "Alias": "supplier", "Startup Cost": 0.0, "Total Cost": 3533.0, "Plan Rows": 10, "Plan Width": 8, "Filter": "((s_comment)::text ~~ '%Customer%Complaints%'::text)"}]}]}]}]}]}]}]}]}, "Unique SQL Id": 1437012347}, "explain_analyze_plan": {"Plan": {"Node Type": "Sort", "Startup Cost": 144484.63, "Total Cost": 144553.97, "Plan Rows": 27736, "Plan Width": 60, "Actual Min Startup Time": 1200.331, "Actual Max Startup Time": 1200.331, "Actual Min Total Time": 1203.099, "Actual Max Total Time": 1203.099, "Actual Total Rows": 27838, "Sort Key": ["(count(partsupp.ps_suppkey)) DESC", "part.p_brand", "part.p_type", "part.p_size"], "Sort Method": "quicksort", "Sort Space Min Used": 3402, "Sort Space Max Used": 3402, "Sort Space Type": "Memory", "Plans": [{"Node Type": "Streaming(type: LOCAL GATHER dop: 1/16)", "Parent Relationship": "Outer", "Startup Cost": 142139.85, "Total Cost": 142437.78, "Plan Rows": 27736, "Plan Width": 60, "Actual Min Startup Time": 941.122, "Actual Max Startup Time": 941.122, "Actual Min Total Time": 1112.365, "Actual Max Total Time": 1112.365, "Actual Total Rows": 27838, "Plans": [{"Node Type": "Aggregate", "Strategy": "Hashed", "Parent Relationship": "Outer", "Startup Cost": 142139.85, "Total Cost": 142157.19, "Plan Rows": 27736, "Plan Width": 60, "Actual Min Startup Time": 768.112, "Actual Max Startup Time": 989.65, "Actual Min Total Time": 768.112, "Actual Max Total Time": 990.899, "Actual Total Rows": 27838, "Group By Key": ["part.p_brand", "part.p_type", "part.p_size"], "Plans": [{"Node Type": "Aggregate", "Strategy": "Hashed", "Parent Relationship": "Outer", "Startup Cost": 141071.59, "Total Cost": 141605.72, "Plan Rows": 854611, "Plan Width": 52, "Actual Min Startup Time": 767.134, "Actual Max Startup Time": 831.536, "Actual Min Total Time": 768.05, "Actual Max Total Time": 863.759, "Actual Total Rows": 1188428, "Group By Key": ["part.p_brand", "part.p_type", "part.p_size", "partsupp.ps_suppkey"], "Plans": [{"Node Type": "Streaming(type: LOCAL REDISTRIBUTE dop: 16/16)", "Parent Relationship": "Outer", "Startup Cost": 69999.79, "Total Cost": 140403.93, "Plan Rows": 854611, "Plan Width": 44, "Actual Min Startup Time": 323.271, "Actual Max Startup Time": 773.136, "Actual Min Total Time": 614.546, "Actual Max Total Time": 773.136, "Actual Total Rows": 1188666, "Plans": [{"Node Type": "Hash Join", "Parent Relationship": "Outer", "Join Type": "Anti", "Startup Cost": 69999.79, "Total Cost": 104950.92, "Plan Rows": 854611, "Plan Width": 44, "Actual Min Startup Time": 319.56, "Actual Max Startup Time": 404.165, "Actual Min Total Time": 620.607, "Actual Max Total Time": 716.832, "Actual Total Rows": 1188666, "Inner Unique": false, "Hash Cond": "(partsupp.ps_suppkey = supplier.s_suppkey), (LLVM Optimized, Jit Execute)", "Plans": [{"Node Type": "Hash Join", "Parent Relationship": "Outer", "Join Type": "Inner", "Startup Cost": 51463.21, "Total Cost": 85746.67, "Plan Rows": 854625, "Plan Width": 44, "Actual Min Startup Time": 319.47, "Actual Max Startup Time": 342.856, "Actual Min Total Time": 598.59, "Actual Max Total Time": 634.107, "Actual Total Rows": 1189344, "Inner Unique": true, "Hash Cond": "(partsupp.ps_partkey = part.p_partkey), (LLVM Optimized, Jit Execute)", "Plans": [{"Node Type": "Seq Scan", "Parent Relationship": "Outer", "Relation Name": "partsupp", "Alias": "partsupp", "Startup Cost": 0.0, "Total Cost": 31874.23, "Plan Rows": 8000372, "Plan Width": 16, "Actual Min Startup Time": 0.023, "Actual Max Startup Time": 0.038, "Actual Min Total Time": 151.039, "Actual Max Total Time": 162.82, "Actual Total Rows": 8000000}, {"Node Type": "Hash", "Parent Relationship": "Inner", "Startup Cost": 47765.16, "Total Cost": 47765.16, "Plan Rows": 4733504, "Plan Width": 44, "Actual Min Startup Time": 319.067, "Actual Max Startup Time": 342.372, "Actual Min Total Time": 319.067, "Actual Max Total Time": 342.372, "Actual Total Rows": 4757376, "Max Hash Buckets": 524288, "Min Hash Buckets": 524288, "Max Hash Batches": 1, "Min Hash Batches": 1, "Max Original Hash Batches": 1, "Min Original Hash Batches": 1, "Max Peak Memory Usage": 23216, "min Peak Memory Usage": 23216, "Plans": [{"Node Type": "Streaming(type: BROADCAST dop: 16/16)", "Parent Relationship": "Outer", "Startup Cost": 0.0, "Total Cost": 47765.16, "Plan Rows": 4733504, "Plan Width": 44, "Actual Min Startup Time": 0.037, "Actual Max Startup Time": 0.092, "Actual Min Total Time": 218.869, "Actual Max Total Time": 242.54, "Actual Total Rows": 4757376, "Plans": [{"Node Type": "Seq Scan", "Parent Relationship": "Outer", "Relation Name": "part", "Alias": "part", "Startup Cost": 0.0, "Total Cost": 20746.5, "Plan Rows": 295844, "Plan Width": 44, "Actual Min Startup Time": 0.033, "Actual Max Startup Time": 0.07, "Actual Min Total Time": 102.838, "Actual Max Total Time": 108.172, "Actual Total Rows": 297336, "Filter": "((p_brand <> 'Brand#34'::bpchar) AND ((p_type)::text !~~ 'LARGE BRUSHED%'::text) AND (p_size = ANY ('{48,19,12,4,41,7,21,39}'::integer[]))), (LLVM Optimized, Jit Execute)", "Rows Removed by Filter": 1702664}]}]}]}, {"Node Type": "Hash", "Parent Relationship": "Inner", "Startup Cost": 18536.45, "Total Cost": 18536.45, "Plan Rows": 160, "Plan Width": 8, "Actual Min Startup Time": 0.041, "Actual Max Startup Time": 61.248, "Actual Min Total Time": 0.041, "Actual Max Total Time": 61.248, "Actual Total Rows": 896, "Max Hash Buckets": 32768, "Min Hash Buckets": 32768, "Max Hash Batches": 1, "Min Hash Batches": 1, "Max Original Hash Batches": 1, "Min Original Hash Batches": 1, "Max Peak Memory Usage": 3, "min Peak Memory Usage": 3, "Plans": [{"Node Type": "Streaming(type: BROADCAST dop: 16/1)", "Parent Relationship": "Outer", "Startup Cost": 0.0, "Total Cost": 18536.45, "Plan Rows": 160, "Plan Width": 8, "Actual Min Startup Time": 0.012, "Actual Max Startup Time": 61.212, "Actual Min Total Time": 0.014, "Actual Max Total Time": 61.215, "Actual Total Rows": 896, "Plans": [{"Node Type": "Seq Scan", "Parent Relationship": "Outer", "Relation Name": "supplier", "Alias": "supplier", "Startup Cost": 0.0, "Total Cost": 3533.0, "Plan Rows": 10, "Plan Width": 8, "Actual Min Startup Time": 0.248, "Actual Max Startup Time": 0.248, "Actual Min Total Time": 52.934, "Actual Max Total Time": 52.934, "Actual Total Rows": 56, "Filter": "((s_comment)::text ~~ '%Customer%Complaints%'::text)", "Rows Removed by Filter": 99944}]}]}]}]}]}]}]}]}, "Triggers": [], "Planner Runtime": 1.74, "Total Runtime": 1224.55, "Unique SQL Id": 1437012347}}, "(16, 77)": {"explain_plan": {"Plan": {"Node Type": "Sort", "Startup Cost": 564325.23, "Total Cost": 564394.57, "Plan Rows": 27736, "Plan Width": 60, "Sort Key": ["(count(partsupp.ps_suppkey)) DESC", "part.p_brand", "part.p_type", "part.p_size"], "Plans": [{"Node Type": "Streaming(type: LOCAL GATHER dop: 1/16)", "Parent Relationship": "Outer", "Startup Cost": 561980.46, "Total Cost": 562278.39, "Plan Rows": 27736, "Plan Width": 60, "Plans": [{"Node Type": "Aggregate", "Strategy": "Hashed", "Parent Relationship": "Outer", "Startup Cost": 561980.46, "Total Cost": 561997.8, "Plan Rows": 27736, "Plan Width": 60, "Group By Key": ["part.p_brand", "part.p_type", "part.p_size"], "Plans": [{"Node Type": "Aggregate", "Strategy": "Hashed", "Parent Relationship": "Outer", "Startup Cost": 560912.2, "Total Cost": 561446.33, "Plan Rows": 854611, "Plan Width": 52, "Group By Key": ["part.p_brand", "part.p_type", "part.p_size", "partsupp.ps_suppkey"], "Plans": [{"Node Type": "Streaming(type: LOCAL REDISTRIBUTE dop: 16/16)", "Parent Relationship": "Outer", "Startup Cost": 150233.08, "Total Cost": 560244.53, "Plan Rows": 854611, "Plan Width": 44, "Plans": [{"Node Type": "Hash Join", "Parent Relationship": "Outer", "Join Type": "Anti", "Startup Cost": 150233.08, "Total Cost": 524791.53, "Plan Rows": 854611, "Plan Width": 44, "Inner Unique": false, "Hash Cond": "(partsupp.ps_suppkey = supplier.s_suppkey), (LLVM Optimized)", "Plans": [{"Node Type": "Hash Join", "Parent Relationship": "Outer", "Join Type": "Inner", "Startup Cost": 129644.96, "Total Cost": 503535.74, "Plan Rows": 854625, "Plan Width": 44, "Inner Unique": true, "Hash Cond": "(partsupp.ps_partkey = part.p_partkey), (LLVM Optimized)", "Plans": [{"Node Type": "Index Scan", "Parent Relationship": "Outer", "Scan Direction": "Forward", "Index Name": "idx_partsupp_partkey", "Relation Name": "partsupp", "Alias": "partsupp", "Startup Cost": 0.0, "Total Cost": 371481.55, "Plan Rows": 8000372, "Plan Width": 16}, {"Node Type": "Hash", "Parent Relationship": "Inner", "Startup Cost": 125946.91, "Total Cost": 125946.91, "Plan Rows": 4733504, "Plan Width": 44, "Plans": [{"Node Type": "Streaming(type: BROADCAST dop: 16/16)", "Parent Relationship": "Outer", "Startup Cost": 0.0, "Total Cost": 125946.91, "Plan Rows": 4733504, "Plan Width": 44, "Plans": [{"Node Type": "Index Scan", "Parent Relationship": "Outer", "Scan Direction": "Forward", "Index Name": "part_kpey", "Relation Name": "part", "Alias": "part", "Startup Cost": 0.0, "Total Cost": 98928.25, "Plan Rows": 295844, "Plan Width": 44, "Filter": "((p_brand <> 'Brand#34'::bpchar) AND ((p_type)::text !~~ 'LARGE BRUSHED%'::text) AND (p_size = ANY ('{48,19,12,4,41,7,21,39}'::integer[]))), (LLVM Optimized)"}]}]}]}, {"Node Type": "Hash", "Parent Relationship": "Inner", "Startup Cost": 20588.0, "Total Cost": 20588.0, "Plan Rows": 160, "Plan Width": 8, "Plans": [{"Node Type": "Streaming(type: BROADCAST dop: 16/1)", "Parent Relationship": "Outer", "Startup Cost": 0.0, "Total Cost": 20588.0, "Plan Rows": 160, "Plan Width": 8, "Plans": [{"Node Type": "Index Scan", "Parent Relationship": "Outer", "Scan Direction": "Forward", "Index Name": "supplier_pkey", "Relation Name": "supplier", "Alias": "supplier", "Startup Cost": 0.0, "Total Cost": 5584.54, "Plan Rows": 10, "Plan Width": 8, "Filter": "((s_comment)::text ~~ '%Customer%Complaints%'::text)"}]}]}]}]}]}]}]}]}, "Unique SQL Id": 1437012347}, "explain_analyze_plan": {"Plan": {"Node Type": "Sort", "Startup Cost": 564325.23, "Total Cost": 564394.57, "Plan Rows": 27736, "Plan Width": 60, "Actual Min Startup Time": 1619.572, "Actual Max Startup Time": 1619.572, "Actual Min Total Time": 1622.26, "Actual Max Total Time": 1622.26, "Actual Total Rows": 27838, "Sort Key": ["(count(partsupp.ps_suppkey)) DESC", "part.p_brand", "part.p_type", "part.p_size"], "Sort Method": "quicksort", "Sort Space Min Used": 3402, "Sort Space Max Used": 3402, "Sort Space Type": "Memory", "Plans": [{"Node Type": "Streaming(type: LOCAL GATHER dop: 1/16)", "Parent Relationship": "Outer", "Startup Cost": 561980.46, "Total Cost": 562278.39, "Plan Rows": 27736, "Plan Width": 60, "Actual Min Startup Time": 1367.631, "Actual Max Startup Time": 1367.631, "Actual Min Total Time": 1534.225, "Actual Max Total Time": 1534.225, "Actual Total Rows": 27838, "Plans": [{"Node Type": "Aggregate", "Strategy": "Hashed", "Parent Relationship": "Outer", "Startup Cost": 561980.46, "Total Cost": 561997.8, "Plan Rows": 27736, "Plan Width": 60, "Actual Min Startup Time": 1184.074, "Actual Max Startup Time": 1396.508, "Actual Min Total Time": 1184.074, "Actual Max Total Time": 1397.687, "Actual Total Rows": 27838, "Group By Key": ["part.p_brand", "part.p_type", "part.p_size"], "Plans": [{"Node Type": "Aggregate", "Strategy": "Hashed", "Parent Relationship": "Outer", "Startup Cost": 560912.2, "Total Cost": 561446.33, "Plan Rows": 854611, "Plan Width": 52, "Actual Min Startup Time": 1176.118, "Actual Max Startup Time": 1256.882, "Actual Min Total Time": 1184.016, "Actual Max Total Time": 1288.867, "Actual Total Rows": 1188428, "Group By Key": ["part.p_brand", "part.p_type", "part.p_size", "partsupp.ps_suppkey"], "Plans": [{"Node Type": "Streaming(type: LOCAL REDISTRIBUTE dop: 16/16)", "Parent Relationship": "Outer", "Startup Cost": 150233.08, "Total Cost": 560244.53, "Plan Rows": 854611, "Plan Width": 44, "Actual Min Startup Time": 568.154, "Actual Max Startup Time": 1213.325, "Actual Min Total Time": 1036.832, "Actual Max Total Time": 1213.325, "Actual Total Rows": 1188666, "Plans": [{"Node Type": "Hash Join", "Parent Relationship": "Outer", "Join Type": "Anti", "Startup Cost": 150233.08, "Total Cost": 524791.53, "Plan Rows": 854611, "Plan Width": 44, "Actual Min Startup Time": 563.498, "Actual Max Startup Time": 656.823, "Actual Min Total Time": 1032.687, "Actual Max Total Time": 1151.158, "Actual Total Rows": 1188666, "Inner Unique": false, "Hash Cond": "(partsupp.ps_suppkey = supplier.s_suppkey), (LLVM Optimized, Jit Execute)", "Plans": [{"Node Type": "Hash Join", "Parent Relationship": "Outer", "Join Type": "Inner", "Startup Cost": 129644.96, "Total Cost": 503535.74, "Plan Rows": 854625, "Plan Width": 44, "Actual Min Startup Time": 563.406, "Actual Max Startup Time": 565.349, "Actual Min Total Time": 1004.557, "Actual Max Total Time": 1049.519, "Actual Total Rows": 1189344, "Inner Unique": true, "Hash Cond": "(partsupp.ps_partkey = part.p_partkey), (LLVM Optimized, Jit Execute)", "Plans": [{"Node Type": "Index Scan", "Parent Relationship": "Outer", "Scan Direction": "Forward", "Index Name": "idx_partsupp_partkey", "Relation Name": "partsupp", "Alias": "partsupp", "Startup Cost": 0.0, "Total Cost": 371481.55, "Plan Rows": 8000372, "Plan Width": 16, "Actual Min Startup Time": 53.627, "Actual Max Startup Time": 53.723, "Actual Min Total Time": 366.616, "Actual Max Total Time": 382.503, "Actual Total Rows": 8000000}, {"Node Type": "Hash", "Parent Relationship": "Inner", "Startup Cost": 125946.91, "Total Cost": 125946.91, "Plan Rows": 4733504, "Plan Width": 44, "Actual Min Startup Time": 509.283, "Actual Max Startup Time": 511.049, "Actual Min Total Time": 509.283, "Actual Max Total Time": 511.049, "Actual Total Rows": 4757376, "Max Hash Buckets": 524288, "Min Hash Buckets": 524288, "Max Hash Batches": 1, "Min Hash Batches": 1, "Max Original Hash Batches": 1, "Min Original Hash Batches": 1, "Max Peak Memory Usage": 23216, "min Peak Memory Usage": 23216, "Plans": [{"Node Type": "Streaming(type: BROADCAST dop: 16/16)", "Parent Relationship": "Outer", "Startup Cost": 0.0, "Total Cost": 125946.91, "Plan Rows": 4733504, "Plan Width": 44, "Actual Min Startup Time": 10.053, "Actual Max Startup Time": 11.842, "Actual Min Total Time": 402.657, "Actual Max Total Time": 419.53, "Actual Total Rows": 4757376, "Plans": [{"Node Type": "Index Scan", "Parent Relationship": "Outer", "Scan Direction": "Forward", "Index Name": "part_kpey", "Relation Name": "part", "Alias": "part", "Startup Cost": 0.0, "Total Cost": 98928.25, "Plan Rows": 295844, "Plan Width": 44, "Actual Min Startup Time": 11.768, "Actual Max Startup Time": 86.127, "Actual Min Total Time": 163.258, "Actual Max Total Time": 249.032, "Actual Total Rows": 297336, "Filter": "((p_brand <> 'Brand#34'::bpchar) AND ((p_type)::text !~~ 'LARGE BRUSHED%'::text) AND (p_size = ANY ('{48,19,12,4,41,7,21,39}'::integer[]))), (LLVM Optimized, Jit Execute)", "Rows Removed by Filter": 1702664}]}]}]}, {"Node Type": "Hash", "Parent Relationship": "Inner", "Startup Cost": 20588.0, "Total Cost": 20588.0, "Plan Rows": 160, "Plan Width": 8, "Actual Min Startup Time": 0.048, "Actual Max Startup Time": 92.028, "Actual Min Total Time": 0.048, "Actual Max Total Time": 92.028, "Actual Total Rows": 896, "Max Hash Buckets": 32768, "Min Hash Buckets": 32768, "Max Hash Batches": 1, "Min Hash Batches": 1, "Max Original Hash Batches": 1, "Min Original Hash Batches": 1, "Max Peak Memory Usage": 3, "min Peak Memory Usage": 3, "Plans": [{"Node Type": "Streaming(type: BROADCAST dop: 16/1)", "Parent Relationship": "Outer", "Startup Cost": 0.0, "Total Cost": 20588.0, "Plan Rows": 160, "Plan Width": 8, "Actual Min Startup Time": 0.021, "Actual Max Startup Time": 91.779, "Actual Min Total Time": 0.024, "Actual Max Total Time": 91.786, "Actual Total Rows": 896, "Plans": [{"Node Type": "Index Scan", "Parent Relationship": "Outer", "Scan Direction": "Forward", "Index Name": "supplier_pkey", "Relation Name": "supplier", "Alias": "supplier", "Startup Cost": 0.0, "Total Cost": 5584.54, "Plan Rows": 10, "Plan Width": 8, "Actual Min Startup Time": 0.422, "Actual Max Startup Time": 0.422, "Actual Min Total Time": 88.316, "Actual Max Total Time": 88.316, "Actual Total Rows": 56, "Filter": "((s_comment)::text ~~ '%Customer%Complaints%'::text)", "Rows Removed by Filter": 99944}]}]}]}]}]}]}]}]}, "Triggers": [], "Planner Runtime": 1.876, "Total Runtime": 1643.998, "Unique SQL Id": 1437012347}}, "(16, 78)": {"explain_plan": {"Plan": {"Node Type": "Sort", "Startup Cost": 144484.63, "Total Cost": 144553.97, "Plan Rows": 27736, "Plan Width": 60, "Sort Key": ["(count(partsupp.ps_suppkey)) DESC", "part.p_brand", "part.p_type", "part.p_size"], "Plans": [{"Node Type": "Streaming(type: LOCAL GATHER dop: 1/16)", "Parent Relationship": "Outer", "Startup Cost": 142139.85, "Total Cost": 142437.78, "Plan Rows": 27736, "Plan Width": 60, "Plans": [{"Node Type": "Aggregate", "Strategy": "Hashed", "Parent Relationship": "Outer", "Startup Cost": 142139.85, "Total Cost": 142157.19, "Plan Rows": 27736, "Plan Width": 60, "Group By Key": ["part.p_brand", "part.p_type", "part.p_size"], "Plans": [{"Node Type": "Aggregate", "Strategy": "Hashed", "Parent Relationship": "Outer", "Startup Cost": 141071.59, "Total Cost": 141605.72, "Plan Rows": 854611, "Plan Width": 52, "Group By Key": ["part.p_brand", "part.p_type", "part.p_size", "partsupp.ps_suppkey"], "Plans": [{"Node Type": "Streaming(type: LOCAL REDISTRIBUTE dop: 16/16)", "Parent Relationship": "Outer", "Startup Cost": 69999.79, "Total Cost": 140403.93, "Plan Rows": 854611, "Plan Width": 44, "Plans": [{"Node Type": "Hash Join", "Parent Relationship": "Outer", "Join Type": "Anti", "Startup Cost": 69999.79, "Total Cost": 104950.92, "Plan Rows": 854611, "Plan Width": 44, "Inner Unique": false, "Hash Cond": "(partsupp.ps_suppkey = supplier.s_suppkey), (LLVM Optimized)", "Plans": [{"Node Type": "Hash Join", "Parent Relationship": "Outer", "Join Type": "Inner", "Startup Cost": 51463.21, "Total Cost": 85746.67, "Plan Rows": 854625, "Plan Width": 44, "Inner Unique": true, "Hash Cond": "(partsupp.ps_partkey = part.p_partkey), (LLVM Optimized)", "Plans": [{"Node Type": "Seq Scan", "Parent Relationship": "Outer", "Relation Name": "partsupp", "Alias": "partsupp", "Startup Cost": 0.0, "Total Cost": 31874.23, "Plan Rows": 8000372, "Plan Width": 16}, {"Node Type": "Hash", "Parent Relationship": "Inner", "Startup Cost": 47765.16, "Total Cost": 47765.16, "Plan Rows": 4733504, "Plan Width": 44, "Plans": [{"Node Type": "Streaming(type: BROADCAST dop: 16/16)", "Parent Relationship": "Outer", "Startup Cost": 0.0, "Total Cost": 47765.16, "Plan Rows": 4733504, "Plan Width": 44, "Plans": [{"Node Type": "Seq Scan", "Parent Relationship": "Outer", "Relation Name": "part", "Alias": "part", "Startup Cost": 0.0, "Total Cost": 20746.5, "Plan Rows": 295844, "Plan Width": 44, "Filter": "((p_brand <> 'Brand#34'::bpchar) AND ((p_type)::text !~~ 'LARGE BRUSHED%'::text) AND (p_size = ANY ('{48,19,12,4,41,7,21,39}'::integer[]))), (LLVM Optimized)"}]}]}]}, {"Node Type": "Hash", "Parent Relationship": "Inner", "Startup Cost": 18536.45, "Total Cost": 18536.45, "Plan Rows": 160, "Plan Width": 8, "Plans": [{"Node Type": "Streaming(type: BROADCAST dop: 16/1)", "Parent Relationship": "Outer", "Startup Cost": 0.0, "Total Cost": 18536.45, "Plan Rows": 160, "Plan Width": 8, "Plans": [{"Node Type": "Seq Scan", "Parent Relationship": "Outer", "Relation Name": "supplier", "Alias": "supplier", "Startup Cost": 0.0, "Total Cost": 3533.0, "Plan Rows": 10, "Plan Width": 8, "Filter": "((s_comment)::text ~~ '%Customer%Complaints%'::text)"}]}]}]}]}]}]}]}]}, "Unique SQL Id": 1437012347}, "explain_analyze_plan": {"Plan": {"Node Type": "Sort", "Startup Cost": 144484.63, "Total Cost": 144553.97, "Plan Rows": 27736, "Plan Width": 60, "Actual Min Startup Time": 1200.331, "Actual Max Startup Time": 1200.331, "Actual Min Total Time": 1203.099, "Actual Max Total Time": 1203.099, "Actual Total Rows": 27838, "Sort Key": ["(count(partsupp.ps_suppkey)) DESC", "part.p_brand", "part.p_type", "part.p_size"], "Sort Method": "quicksort", "Sort Space Min Used": 3402, "Sort Space Max Used": 3402, "Sort Space Type": "Memory", "Plans": [{"Node Type": "Streaming(type: LOCAL GATHER dop: 1/16)", "Parent Relationship": "Outer", "Startup Cost": 142139.85, "Total Cost": 142437.78, "Plan Rows": 27736, "Plan Width": 60, "Actual Min Startup Time": 941.122, "Actual Max Startup Time": 941.122, "Actual Min Total Time": 1112.365, "Actual Max Total Time": 1112.365, "Actual Total Rows": 27838, "Plans": [{"Node Type": "Aggregate", "Strategy": "Hashed", "Parent Relationship": "Outer", "Startup Cost": 142139.85, "Total Cost": 142157.19, "Plan Rows": 27736, "Plan Width": 60, "Actual Min Startup Time": 768.112, "Actual Max Startup Time": 989.65, "Actual Min Total Time": 768.112, "Actual Max Total Time": 990.899, "Actual Total Rows": 27838, "Group By Key": ["part.p_brand", "part.p_type", "part.p_size"], "Plans": [{"Node Type": "Aggregate", "Strategy": "Hashed", "Parent Relationship": "Outer", "Startup Cost": 141071.59, "Total Cost": 141605.72, "Plan Rows": 854611, "Plan Width": 52, "Actual Min Startup Time": 767.134, "Actual Max Startup Time": 831.536, "Actual Min Total Time": 768.05, "Actual Max Total Time": 863.759, "Actual Total Rows": 1188428, "Group By Key": ["part.p_brand", "part.p_type", "part.p_size", "partsupp.ps_suppkey"], "Plans": [{"Node Type": "Streaming(type: LOCAL REDISTRIBUTE dop: 16/16)", "Parent Relationship": "Outer", "Startup Cost": 69999.79, "Total Cost": 140403.93, "Plan Rows": 854611, "Plan Width": 44, "Actual Min Startup Time": 323.271, "Actual Max Startup Time": 773.136, "Actual Min Total Time": 614.546, "Actual Max Total Time": 773.136, "Actual Total Rows": 1188666, "Plans": [{"Node Type": "Hash Join", "Parent Relationship": "Outer", "Join Type": "Anti", "Startup Cost": 69999.79, "Total Cost": 104950.92, "Plan Rows": 854611, "Plan Width": 44, "Actual Min Startup Time": 319.56, "Actual Max Startup Time": 404.165, "Actual Min Total Time": 620.607, "Actual Max Total Time": 716.832, "Actual Total Rows": 1188666, "Inner Unique": false, "Hash Cond": "(partsupp.ps_suppkey = supplier.s_suppkey), (LLVM Optimized, Jit Execute)", "Plans": [{"Node Type": "Hash Join", "Parent Relationship": "Outer", "Join Type": "Inner", "Startup Cost": 51463.21, "Total Cost": 85746.67, "Plan Rows": 854625, "Plan Width": 44, "Actual Min Startup Time": 319.47, "Actual Max Startup Time": 342.856, "Actual Min Total Time": 598.59, "Actual Max Total Time": 634.107, "Actual Total Rows": 1189344, "Inner Unique": true, "Hash Cond": "(partsupp.ps_partkey = part.p_partkey), (LLVM Optimized, Jit Execute)", "Plans": [{"Node Type": "Seq Scan", "Parent Relationship": "Outer", "Relation Name": "partsupp", "Alias": "partsupp", "Startup Cost": 0.0, "Total Cost": 31874.23, "Plan Rows": 8000372, "Plan Width": 16, "Actual Min Startup Time": 0.023, "Actual Max Startup Time": 0.038, "Actual Min Total Time": 151.039, "Actual Max Total Time": 162.82, "Actual Total Rows": 8000000}, {"Node Type": "Hash", "Parent Relationship": "Inner", "Startup Cost": 47765.16, "Total Cost": 47765.16, "Plan Rows": 4733504, "Plan Width": 44, "Actual Min Startup Time": 319.067, "Actual Max Startup Time": 342.372, "Actual Min Total Time": 319.067, "Actual Max Total Time": 342.372, "Actual Total Rows": 4757376, "Max Hash Buckets": 524288, "Min Hash Buckets": 524288, "Max Hash Batches": 1, "Min Hash Batches": 1, "Max Original Hash Batches": 1, "Min Original Hash Batches": 1, "Max Peak Memory Usage": 23216, "min Peak Memory Usage": 23216, "Plans": [{"Node Type": "Streaming(type: BROADCAST dop: 16/16)", "Parent Relationship": "Outer", "Startup Cost": 0.0, "Total Cost": 47765.16, "Plan Rows": 4733504, "Plan Width": 44, "Actual Min Startup Time": 0.037, "Actual Max Startup Time": 0.092, "Actual Min Total Time": 218.869, "Actual Max Total Time": 242.54, "Actual Total Rows": 4757376, "Plans": [{"Node Type": "Seq Scan", "Parent Relationship": "Outer", "Relation Name": "part", "Alias": "part", "Startup Cost": 0.0, "Total Cost": 20746.5, "Plan Rows": 295844, "Plan Width": 44, "Actual Min Startup Time": 0.033, "Actual Max Startup Time": 0.07, "Actual Min Total Time": 102.838, "Actual Max Total Time": 108.172, "Actual Total Rows": 297336, "Filter": "((p_brand <> 'Brand#34'::bpchar) AND ((p_type)::text !~~ 'LARGE BRUSHED%'::text) AND (p_size = ANY ('{48,19,12,4,41,7,21,39}'::integer[]))), (LLVM Optimized, Jit Execute)", "Rows Removed by Filter": 1702664}]}]}]}, {"Node Type": "Hash", "Parent Relationship": "Inner", "Startup Cost": 18536.45, "Total Cost": 18536.45, "Plan Rows": 160, "Plan Width": 8, "Actual Min Startup Time": 0.041, "Actual Max Startup Time": 61.248, "Actual Min Total Time": 0.041, "Actual Max Total Time": 61.248, "Actual Total Rows": 896, "Max Hash Buckets": 32768, "Min Hash Buckets": 32768, "Max Hash Batches": 1, "Min Hash Batches": 1, "Max Original Hash Batches": 1, "Min Original Hash Batches": 1, "Max Peak Memory Usage": 3, "min Peak Memory Usage": 3, "Plans": [{"Node Type": "Streaming(type: BROADCAST dop: 16/1)", "Parent Relationship": "Outer", "Startup Cost": 0.0, "Total Cost": 18536.45, "Plan Rows": 160, "Plan Width": 8, "Actual Min Startup Time": 0.012, "Actual Max Startup Time": 61.212, "Actual Min Total Time": 0.014, "Actual Max Total Time": 61.215, "Actual Total Rows": 896, "Plans": [{"Node Type": "Seq Scan", "Parent Relationship": "Outer", "Relation Name": "supplier", "Alias": "supplier", "Startup Cost": 0.0, "Total Cost": 3533.0, "Plan Rows": 10, "Plan Width": 8, "Actual Min Startup Time": 0.248, "Actual Max Startup Time": 0.248, "Actual Min Total Time": 52.934, "Actual Max Total Time": 52.934, "Actual Total Rows": 56, "Filter": "((s_comment)::text ~~ '%Customer%Complaints%'::text)", "Rows Removed by Filter": 99944}]}]}]}]}]}]}]}]}, "Triggers": [], "Planner Runtime": 1.74, "Total Runtime": 1224.55, "Unique SQL Id": 1437012347}}, "(16, 79)": {"explain_plan": {"Plan": {"Node Type": "Sort", "Startup Cost": 3000070730401.12, "Total Cost": 3000070730470.46, "Plan Rows": 27736, "Plan Width": 60, "Sort Key": ["(count(partsupp.ps_suppkey)) DESC", "part.p_brand", "part.p_type", "part.p_size"], "Plans": [{"Node Type": "Aggregate", "Strategy": "Hashed", "Parent Relationship": "Outer", "Startup Cost": 3000070728076.92, "Total Cost": 3000070728354.28, "Plan Rows": 27736, "Plan Width": 60, "Group By Key": ["part.p_brand", "part.p_type", "part.p_size"], "Plans": [{"Node Type": "Aggregate", "Strategy": "Hashed", "Parent Relationship": "Outer", "Startup Cost": 3000070727522.2, "Total Cost": 3000070727799.56, "Plan Rows": 27736, "Plan Width": 52, "Group By Key": ["part.p_brand", "part.p_type", "part.p_size", "partsupp.ps_suppkey"], "Plans": [{"Node Type": "Hash Join", "Parent Relationship": "Outer", "Join Type": "Anti", "Startup Cost": 1020017883902.94, "Total Cost": 3000070716839.56, "Plan Rows": 854611, "Plan Width": 44, "Inner Unique": false, "Hash Cond": "(partsupp.ps_suppkey = supplier.s_suppkey), (LLVM Optimized)", "Plans": [{"Node Type": "Merge Join", "Parent Relationship": "Outer", "Join Type": "Inner", "Startup Cost": 20017325448.43, "Total Cost": 2000070147697.04, "Plan Rows": 854625, "Plan Width": 44, "Inner Unique": false, "Merge Cond": "(part.p_partkey = partsupp.ps_partkey)", "Plans": [{"Node Type": "Index Scan", "Parent Relationship": "Outer", "Scan Direction": "Forward", "Index Name": "part_kpey", "Relation Name": "part", "Alias": "part", "Startup Cost": 10000000000.0, "Total Cost": 1000013080325.0, "Plan Rows": 295844, "Plan Width": 44, "Filter": "((p_brand <> 'Brand#34'::bpchar) AND ((p_type)::text !~~ 'LARGE BRUSHED%'::text) AND (p_size = ANY ('{48,19,12,4,41,7,21,39}'::integer[]))), (LLVM Optimized)"}, {"Node Type": "Index Scan", "Parent Relationship": "Inner", "Scan Direction": "Forward", "Index Name": "partsupp_pkey", "Relation Name": "partsupp", "Alias": "partsupp", "Startup Cost": 10000000000.0, "Total Cost": 1000071640963.22, "Plan Rows": 8000372, "Plan Width": 16}]}, {"Node Type": "Hash", "Parent Relationship": "Inner", "Startup Cost": 1000000558454.38, "Total Cost": 1000000558454.38, "Plan Rows": 10, "Plan Width": 8, "Plans": [{"Node Type": "Index Scan", "Parent Relationship": "Outer", "Scan Direction": "Forward", "Index Name": "supplier_pkey", "Relation Name": "supplier", "Alias": "supplier", "Startup Cost": 10000000000.0, "Total Cost": 1000000558454.38, "Plan Rows": 10, "Plan Width": 8, "Filter": "((s_comment)::text ~~ '%Customer%Complaints%'::text)"}]}]}]}]}]}, "Unique SQL Id": 1437012347}, "explain_analyze_plan": null}, "(16, 80)": {"explain_plan": {"Plan": {"Node Type": "Sort", "Startup Cost": 390352.15, "Total Cost": 390421.49, "Plan Rows": 27736, "Plan Width": 60, "Sort Key": ["(count(partsupp.ps_suppkey)) DESC", "part.p_brand", "part.p_type", "part.p_size"], "Plans": [{"Node Type": "Aggregate", "Strategy": "Hashed", "Parent Relationship": "Outer", "Startup Cost": 388027.95, "Total Cost": 388305.31, "Plan Rows": 27736, "Plan Width": 60, "Group By Key": ["part.p_brand", "part.p_type", "part.p_size"], "Plans": [{"Node Type": "Aggregate", "Strategy": "Hashed", "Parent Relationship": "Outer", "Startup Cost": 387473.23, "Total Cost": 387750.59, "Plan Rows": 27736, "Plan Width": 52, "Group By Key": ["part.p_brand", "part.p_type", "part.p_size", "partsupp.ps_suppkey"], "Plans": [{"Node Type": "Merge Join", "Parent Relationship": "Outer", "Join Type": "Anti", "Startup Cost": 372517.18, "Total Cost": 376790.59, "Plan Rows": 854611, "Plan Width": 44, "Inner Unique": false, "Merge Cond": "(partsupp.ps_suppkey = supplier.s_suppkey)", "Plans": [{"Node Type": "Sort", "Parent Relationship": "Outer", "Startup Cost": 368984.01, "Total Cost": 371120.57, "Plan Rows": 854625, "Plan Width": 44, "Sort Key": ["partsupp.ps_suppkey"], "Plans": [{"Node Type": "Nested Loop", "Parent Relationship": "Outer", "Join Type": "Inner", "Startup Cost": 0.0, "Total Cost": 284782.37, "Plan Rows": 854625, "Plan Width": 44, "Inner Unique": false, "Plans": [{"Node Type": "Streaming(type: LOCAL GATHER dop: 1/16)", "Parent Relationship": "Outer", "Startup Cost": 0.0, "Total Cost": 27131.41, "Plan Rows": 295844, "Plan Width": 44, "Plans": [{"Node Type": "Seq Scan", "Parent Relationship": "Outer", "Relation Name": "part", "Alias": "part", "Startup Cost": 0.0, "Total Cost": 20746.5, "Plan Rows": 295844, "Plan Width": 44, "Filter": "((p_brand <> 'Brand#34'::bpchar) AND ((p_type)::text !~~ 'LARGE BRUSHED%'::text) AND (p_size = ANY ('{48,19,12,4,41,7,21,39}'::integer[]))), (LLVM Optimized)"}]}, {"Node Type": "Index Only Scan", "Parent Relationship": "Inner", "Scan Direction": "Forward", "Index Name": "partsupp_pkey", "Relation Name": "partsupp", "Alias": "partsupp", "Startup Cost": 0.0, "Total Cost": 0.84, "Plan Rows": 3, "Plan Width": 16, "Index Cond": "(ps_partkey = part.p_partkey)"}]}]}, {"Node Type": "Sort", "Parent Relationship": "Inner", "Startup Cost": 3533.17, "Total Cost": 3533.19, "Plan Rows": 10, "Plan Width": 8, "Sort Key": ["supplier.s_suppkey"], "Plans": [{"Node Type": "Seq Scan", "Parent Relationship": "Outer", "Relation Name": "supplier", "Alias": "supplier", "Startup Cost": 0.0, "Total Cost": 3533.0, "Plan Rows": 10, "Plan Width": 8, "Filter": "((s_comment)::text ~~ '%Customer%Complaints%'::text)"}]}]}]}]}]}, "Unique SQL Id": 1437012347}, "explain_analyze_plan": null}, "(16, 81)": {"explain_plan": {"Plan": {"Node Type": "Sort", "Startup Cost": 470585.28, "Total Cost": 470654.62, "Plan Rows": 27736, "Plan Width": 60, "Sort Key": ["(count(partsupp.ps_suppkey)) DESC", "part.p_brand", "part.p_type", "part.p_size"], "Plans": [{"Node Type": "Aggregate", "Strategy": "Hashed", "Parent Relationship": "Outer", "Startup Cost": 468261.07, "Total Cost": 468538.43, "Plan Rows": 27736, "Plan Width": 60, "Group By Key": ["part.p_brand", "part.p_type", "part.p_size"], "Plans": [{"Node Type": "Aggregate", "Strategy": "Hashed", "Parent Relationship": "Outer", "Startup Cost": 467706.35, "Total Cost": 467983.71, "Plan Rows": 27736, "Plan Width": 52, "Group By Key": ["part.p_brand", "part.p_type", "part.p_size", "partsupp.ps_suppkey"], "Plans": [{"Node Type": "Merge Join", "Parent Relationship": "Outer", "Join Type": "Anti", "Startup Cost": 447165.76, "Total Cost": 457023.72, "Plan Rows": 854611, "Plan Width": 44, "Inner Unique": false, "Merge Cond": "(partsupp.ps_suppkey = supplier.s_suppkey)", "Plans": [{"Node Type": "Sort", "Parent Relationship": "Outer", "Startup Cost": 447165.76, "Total Cost": 449302.32, "Plan Rows": 854625, "Plan Width": 44, "Sort Key": ["partsupp.ps_suppkey"], "Plans": [{"Node Type": "Nested Loop", "Parent Relationship": "Outer", "Join Type": "Inner", "Startup Cost": 0.0, "Total Cost": 362964.12, "Plan Rows": 854625, "Plan Width": 44, "Inner Unique": false, "Plans": [{"Node Type": "Streaming(type: LOCAL GATHER dop: 1/16)", "Parent Relationship": "Outer", "Startup Cost": 0.0, "Total Cost": 105313.16, "Plan Rows": 295844, "Plan Width": 44, "Plans": [{"Node Type": "Index Scan", "Parent Relationship": "Outer", "Scan Direction": "Forward", "Index Name": "part_kpey", "Relation Name": "part", "Alias": "part", "Startup Cost": 0.0, "Total Cost": 98928.25, "Plan Rows": 295844, "Plan Width": 44, "Filter": "((p_brand <> 'Brand#34'::bpchar) AND ((p_type)::text !~~ 'LARGE BRUSHED%'::text) AND (p_size = ANY ('{48,19,12,4,41,7,21,39}'::integer[]))), (LLVM Optimized)"}]}, {"Node Type": "Index Only Scan", "Parent Relationship": "Inner", "Scan Direction": "Forward", "Index Name": "partsupp_pkey", "Relation Name": "partsupp", "Alias": "partsupp", "Startup Cost": 0.0, "Total Cost": 0.84, "Plan Rows": 3, "Plan Width": 16, "Index Cond": "(ps_partkey = part.p_partkey)"}]}]}, {"Node Type": "Materialize", "Parent Relationship": "Inner", "Startup Cost": 0.0, "Total Cost": 5584.57, "Plan Rows": 10, "Plan Width": 8, "Plans": [{"Node Type": "Index Scan", "Parent Relationship": "Outer", "Scan Direction": "Forward", "Index Name": "supplier_pkey", "Relation Name": "supplier", "Alias": "supplier", "Startup Cost": 0.0, "Total Cost": 5584.54, "Plan Rows": 10, "Plan Width": 8, "Filter": "((s_comment)::text ~~ '%Customer%Complaints%'::text)"}]}]}]}]}]}, "Unique SQL Id": 1437012347}, "explain_analyze_plan": null}, "(16, 82)": {"explain_plan": {"Plan": {"Node Type": "Sort", "Startup Cost": 1538378.03, "Total Cost": 1538447.37, "Plan Rows": 27736, "Plan Width": 60, "Sort Key": ["(count(partsupp.ps_suppkey)) DESC", "part.p_brand", "part.p_type", "part.p_size"], "Plans": [{"Node Type": "Aggregate", "Strategy": "Hashed", "Parent Relationship": "Outer", "Startup Cost": 1536053.83, "Total Cost": 1536331.19, "Plan Rows": 27736, "Plan Width": 60, "Group By Key": ["part.p_brand", "part.p_type", "part.p_size"], "Plans": [{"Node Type": "Aggregate", "Strategy": "Hashed", "Parent Relationship": "Outer", "Startup Cost": 1535499.11, "Total Cost": 1535776.47, "Plan Rows": 27736, "Plan Width": 52, "Group By Key": ["part.p_brand", "part.p_type", "part.p_size", "partsupp.ps_suppkey"], "Plans": [{"Node Type": "Merge Join", "Parent Relationship": "Outer", "Join Type": "Anti", "Startup Cost": 1520543.06, "Total Cost": 1524816.47, "Plan Rows": 854611, "Plan Width": 44, "Inner Unique": false, "Merge Cond": "(partsupp.ps_suppkey = supplier.s_suppkey)", "Plans": [{"Node Type": "Sort", "Parent Relationship": "Outer", "Startup Cost": 1517009.89, "Total Cost": 1519146.46, "Plan Rows": 854625, "Plan Width": 44, "Sort Key": ["partsupp.ps_suppkey"], "Plans": [{"Node Type": "Nested Loop", "Parent Relationship": "Outer", "Join Type": "Inner", "Startup Cost": 0.68, "Total Cost": 1432808.26, "Plan Rows": 854625, "Plan Width": 44, "Inner Unique": false, "Plans": [{"Node Type": "Streaming(type: LOCAL GATHER dop: 1/16)", "Parent Relationship": "Outer", "Startup Cost": 0.0, "Total Cost": 27131.41, "Plan Rows": 295844, "Plan Width": 44, "Plans": [{"Node Type": "Seq Scan", "Parent Relationship": "Outer", "Relation Name": "part", "Alias": "part", "Startup Cost": 0.0, "Total Cost": 20746.5, "Plan Rows": 295844, "Plan Width": 44, "Filter": "((p_brand <> 'Brand#34'::bpchar) AND ((p_type)::text !~~ 'LARGE BRUSHED%'::text) AND (p_size = ANY ('{48,19,12,4,41,7,21,39}'::integer[]))), (LLVM Optimized)"}]}, {"Node Type": "Bitmap Heap Scan", "Parent Relationship": "Inner", "Relation Name": "partsupp", "Alias": "partsupp", "Startup Cost": 0.68, "Total Cost": 4.72, "Plan Rows": 3, "Plan Width": 16, "Recheck Cond": "(ps_partkey = part.p_partkey)", "Plans": [{"Node Type": "Bitmap Index Scan", "Parent Relationship": "Outer", "Index Name": "idx_partsupp_partkey", "Startup Cost": 0.0, "Total Cost": 0.68, "Plan Rows": 3, "Plan Width": 0, "Index Cond": "(ps_partkey = part.p_partkey)"}]}]}]}, {"Node Type": "Sort", "Parent Relationship": "Inner", "Startup Cost": 3533.17, "Total Cost": 3533.19, "Plan Rows": 10, "Plan Width": 8, "Sort Key": ["supplier.s_suppkey"], "Plans": [{"Node Type": "Seq Scan", "Parent Relationship": "Outer", "Relation Name": "supplier", "Alias": "supplier", "Startup Cost": 0.0, "Total Cost": 3533.0, "Plan Rows": 10, "Plan Width": 8, "Filter": "((s_comment)::text ~~ '%Customer%Complaints%'::text)"}]}]}]}]}]}, "Unique SQL Id": 1437012347}, "explain_analyze_plan": null}, "(16, 83)": {"explain_plan": {"Plan": {"Node Type": "Sort", "Startup Cost": 1644169.08, "Total Cost": 1644238.42, "Plan Rows": 27736, "Plan Width": 60, "Sort Key": ["(count(partsupp.ps_suppkey)) DESC", "part.p_brand", "part.p_type", "part.p_size"], "Plans": [{"Node Type": "Aggregate", "Strategy": "Hashed", "Parent Relationship": "Outer", "Startup Cost": 1641844.88, "Total Cost": 1642122.24, "Plan Rows": 27736, "Plan Width": 60, "Group By Key": ["part.p_brand", "part.p_type", "part.p_size"], "Plans": [{"Node Type": "Aggregate", "Strategy": "Hashed", "Parent Relationship": "Outer", "Startup Cost": 1641290.16, "Total Cost": 1641567.52, "Plan Rows": 27736, "Plan Width": 52, "Group By Key": ["part.p_brand", "part.p_type", "part.p_size", "partsupp.ps_suppkey"], "Plans": [{"Node Type": "Merge Join", "Parent Relationship": "Outer", "Join Type": "Anti", "Startup Cost": 1626334.11, "Total Cost": 1630607.52, "Plan Rows": 854611, "Plan Width": 44, "Inner Unique": false, "Merge Cond": "(partsupp.ps_suppkey = supplier.s_suppkey)", "Plans": [{"Node Type": "Sort", "Parent Relationship": "Outer", "Startup Cost": 1620752.69, "Total Cost": 1622889.25, "Plan Rows": 854625, "Plan Width": 44, "Sort Key": ["partsupp.ps_suppkey"], "Plans": [{"Node Type": "Nested Loop", "Parent Relationship": "Outer", "Join Type": "Inner", "Startup Cost": 38930.89, "Total Cost": 1536551.05, "Plan Rows": 854625, "Plan Width": 44, "Inner Unique": false, "Plans": [{"Node Type": "Bitmap Heap Scan", "Parent Relationship": "Outer", "Relation Name": "part", "Alias": "part", "Startup Cost": 38930.21, "Total Cost": 130874.21, "Plan Rows": 295844, "Plan Width": 44, "Filter": "((p_brand <> 'Brand#34'::bpchar) AND ((p_type)::text !~~ 'LARGE BRUSHED%'::text) AND (p_size = ANY ('{48,19,12,4,41,7,21,39}'::integer[]))), (LLVM Optimized)", "Plans": [{"Node Type": "Bitmap Index Scan", "Parent Relationship": "Outer", "Index Name": "part_kpey", "Startup Cost": 0.0, "Total Cost": 38856.25, "Plan Rows": 2000000, "Plan Width": 0}]}, {"Node Type": "Bitmap Heap Scan", "Parent Relationship": "Inner", "Relation Name": "partsupp", "Alias": "partsupp", "Startup Cost": 0.68, "Total Cost": 4.72, "Plan Rows": 3, "Plan Width": 16, "Recheck Cond": "(ps_partkey = part.p_partkey)", "Plans": [{"Node Type": "Bitmap Index Scan", "Parent Relationship": "Outer", "Index Name": "idx_partsupp_partkey", "Startup Cost": 0.0, "Total Cost": 0.68, "Plan Rows": 3, "Plan Width": 0, "Index Cond": "(ps_partkey = part.p_partkey)"}]}]}]}, {"Node Type": "Sort", "Parent Relationship": "Inner", "Startup Cost": 5581.42, "Total Cost": 5581.44, "Plan Rows": 10, "Plan Width": 8, "Sort Key": ["supplier.s_suppkey"], "Plans": [{"Node Type": "Bitmap Heap Scan", "Parent Relationship": "Outer", "Relation Name": "supplier", "Alias": "supplier", "Startup Cost": 2048.25, "Total Cost": 5581.25, "Plan Rows": 10, "Plan Width": 8, "Filter": "((s_comment)::text ~~ '%Customer%Complaints%'::text)", "Plans": [{"Node Type": "Bitmap Index Scan", "Parent Relationship": "Outer", "Index Name": "supplier_pkey", "Startup Cost": 0.0, "Total Cost": 2048.25, "Plan Rows": 100000, "Plan Width": 0}]}]}]}]}]}]}, "Unique SQL Id": 1437012347}, "explain_analyze_plan": null}, "(16, 84)": {"explain_plan": {"Plan": {"Node Type": "Sort", "Startup Cost": 697138.19, "Total Cost": 697207.53, "Plan Rows": 27736, "Plan Width": 60, "Sort Key": ["(count(partsupp.ps_suppkey)) DESC", "part.p_brand", "part.p_type", "part.p_size"], "Plans": [{"Node Type": "Aggregate", "Strategy": "Hashed", "Parent Relationship": "Outer", "Startup Cost": 694813.99, "Total Cost": 695091.35, "Plan Rows": 27736, "Plan Width": 60, "Group By Key": ["part.p_brand", "part.p_type", "part.p_size"], "Plans": [{"Node Type": "Aggregate", "Strategy": "Hashed", "Parent Relationship": "Outer", "Startup Cost": 694259.27, "Total Cost": 694536.63, "Plan Rows": 27736, "Plan Width": 52, "Group By Key": ["part.p_brand", "part.p_type", "part.p_size", "partsupp.ps_suppkey"], "Plans": [{"Node Type": "Merge Join", "Parent Relationship": "Outer", "Join Type": "Anti", "Startup Cost": 679303.22, "Total Cost": 683576.63, "Plan Rows": 854611, "Plan Width": 44, "Inner Unique": false, "Merge Cond": "(partsupp.ps_suppkey = supplier.s_suppkey)", "Plans": [{"Node Type": "Sort", "Parent Relationship": "Outer", "Startup Cost": 675770.05, "Total Cost": 677906.61, "Plan Rows": 854625, "Plan Width": 44, "Sort Key": ["partsupp.ps_suppkey"], "Plans": [{"Node Type": "Merge Join", "Parent Relationship": "Outer", "Join Type": "Inner", "Startup Cost": 7.9, "Total Cost": 591568.41, "Plan Rows": 854625, "Plan Width": 44, "Inner Unique": false, "Merge Cond": "(part.p_partkey = partsupp.ps_partkey)", "Plans": [{"Node Type": "Index Scan", "Parent Relationship": "Outer", "Scan Direction": "Forward", "Index Name": "part_kpey", "Relation Name": "part", "Alias": "part", "Startup Cost": 0.0, "Total Cost": 130803.25, "Plan Rows": 295844, "Plan Width": 44, "Filter": "((p_brand <> 'Brand#34'::bpchar) AND ((p_type)::text !~~ 'LARGE BRUSHED%'::text) AND (p_size = ANY ('{48,19,12,4,41,7,21,39}'::integer[]))), (LLVM Optimized)"}, {"Node Type": "Index Scan", "Parent Relationship": "Inner", "Scan Direction": "Forward", "Index Name": "idx_partsupp_partkey", "Relation Name": "partsupp", "Alias": "partsupp", "Startup Cost": 0.0, "Total Cost": 431485.03, "Plan Rows": 8000372, "Plan Width": 16}]}]}, {"Node Type": "Sort", "Parent Relationship": "Inner", "Startup Cost": 3533.17, "Total Cost": 3533.19, "Plan Rows": 10, "Plan Width": 8, "Sort Key": ["supplier.s_suppkey"], "Plans": [{"Node Type": "Seq Scan", "Parent Relationship": "Outer", "Relation Name": "supplier", "Alias": "supplier", "Startup Cost": 0.0, "Total Cost": 3533.0, "Plan Rows": 10, "Plan Width": 8, "Filter": "((s_comment)::text ~~ '%Customer%Complaints%'::text)"}]}]}]}]}]}, "Unique SQL Id": 1437012347}, "explain_analyze_plan": null}, "(16, 85)": {"explain_plan": {"Plan": {"Node Type": "Sort", "Startup Cost": 699189.57, "Total Cost": 699258.91, "Plan Rows": 27736, "Plan Width": 60, "Sort Key": ["(count(partsupp.ps_suppkey)) DESC", "part.p_brand", "part.p_type", "part.p_size"], "Plans": [{"Node Type": "Aggregate", "Strategy": "Hashed", "Parent Relationship": "Outer", "Startup Cost": 696865.36, "Total Cost": 697142.72, "Plan Rows": 27736, "Plan Width": 60, "Group By Key": ["part.p_brand", "part.p_type", "part.p_size"], "Plans": [{"Node Type": "Aggregate", "Strategy": "Hashed", "Parent Relationship": "Outer", "Startup Cost": 696310.64, "Total Cost": 696588.0, "Plan Rows": 27736, "Plan Width": 52, "Group By Key": ["part.p_brand", "part.p_type", "part.p_size", "partsupp.ps_suppkey"], "Plans": [{"Node Type": "Merge Join", "Parent Relationship": "Outer", "Join Type": "Anti", "Startup Cost": 675770.05, "Total Cost": 685628.01, "Plan Rows": 854611, "Plan Width": 44, "Inner Unique": false, "Merge Cond": "(partsupp.ps_suppkey = supplier.s_suppkey)", "Plans": [{"Node Type": "Sort", "Parent Relationship": "Outer", "Startup Cost": 675770.05, "Total Cost": 677906.61, "Plan Rows": 854625, "Plan Width": 44, "Sort Key": ["partsupp.ps_suppkey"], "Plans": [{"Node Type": "Merge Join", "Parent Relationship": "Outer", "Join Type": "Inner", "Startup Cost": 7.9, "Total Cost": 591568.41, "Plan Rows": 854625, "Plan Width": 44, "Inner Unique": false, "Merge Cond": "(part.p_partkey = partsupp.ps_partkey)", "Plans": [{"Node Type": "Index Scan", "Parent Relationship": "Outer", "Scan Direction": "Forward", "Index Name": "part_kpey", "Relation Name": "part", "Alias": "part", "Startup Cost": 0.0, "Total Cost": 130803.25, "Plan Rows": 295844, "Plan Width": 44, "Filter": "((p_brand <> 'Brand#34'::bpchar) AND ((p_type)::text !~~ 'LARGE BRUSHED%'::text) AND (p_size = ANY ('{48,19,12,4,41,7,21,39}'::integer[]))), (LLVM Optimized)"}, {"Node Type": "Index Scan", "Parent Relationship": "Inner", "Scan Direction": "Forward", "Index Name": "idx_partsupp_partkey", "Relation Name": "partsupp", "Alias": "partsupp", "Startup Cost": 0.0, "Total Cost": 431485.03, "Plan Rows": 8000372, "Plan Width": 16}]}]}, {"Node Type": "Materialize", "Parent Relationship": "Inner", "Startup Cost": 0.0, "Total Cost": 5584.57, "Plan Rows": 10, "Plan Width": 8, "Plans": [{"Node Type": "Index Scan", "Parent Relationship": "Outer", "Scan Direction": "Forward", "Index Name": "supplier_pkey", "Relation Name": "supplier", "Alias": "supplier", "Startup Cost": 0.0, "Total Cost": 5584.54, "Plan Rows": 10, "Plan Width": 8, "Filter": "((s_comment)::text ~~ '%Customer%Complaints%'::text)"}]}]}]}]}]}, "Unique SQL Id": 1437012347}, "explain_analyze_plan": null}, "(16, 86)": {"explain_plan": {"Plan": {"Node Type": "Sort", "Startup Cost": 1538378.03, "Total Cost": 1538447.37, "Plan Rows": 27736, "Plan Width": 60, "Sort Key": ["(count(partsupp.ps_suppkey)) DESC", "part.p_brand", "part.p_type", "part.p_size"], "Plans": [{"Node Type": "Aggregate", "Strategy": "Hashed", "Parent Relationship": "Outer", "Startup Cost": 1536053.83, "Total Cost": 1536331.19, "Plan Rows": 27736, "Plan Width": 60, "Group By Key": ["part.p_brand", "part.p_type", "part.p_size"], "Plans": [{"Node Type": "Aggregate", "Strategy": "Hashed", "Parent Relationship": "Outer", "Startup Cost": 1535499.11, "Total Cost": 1535776.47, "Plan Rows": 27736, "Plan Width": 52, "Group By Key": ["part.p_brand", "part.p_type", "part.p_size", "partsupp.ps_suppkey"], "Plans": [{"Node Type": "Merge Join", "Parent Relationship": "Outer", "Join Type": "Anti", "Startup Cost": 1520543.06, "Total Cost": 1524816.47, "Plan Rows": 854611, "Plan Width": 44, "Inner Unique": false, "Merge Cond": "(partsupp.ps_suppkey = supplier.s_suppkey)", "Plans": [{"Node Type": "Sort", "Parent Relationship": "Outer", "Startup Cost": 1517009.89, "Total Cost": 1519146.46, "Plan Rows": 854625, "Plan Width": 44, "Sort Key": ["partsupp.ps_suppkey"], "Plans": [{"Node Type": "Nested Loop", "Parent Relationship": "Outer", "Join Type": "Inner", "Startup Cost": 0.68, "Total Cost": 1432808.26, "Plan Rows": 854625, "Plan Width": 44, "Inner Unique": false, "Plans": [{"Node Type": "Streaming(type: LOCAL GATHER dop: 1/16)", "Parent Relationship": "Outer", "Startup Cost": 0.0, "Total Cost": 27131.41, "Plan Rows": 295844, "Plan Width": 44, "Plans": [{"Node Type": "Seq Scan", "Parent Relationship": "Outer", "Relation Name": "part", "Alias": "part", "Startup Cost": 0.0, "Total Cost": 20746.5, "Plan Rows": 295844, "Plan Width": 44, "Filter": "((p_brand <> 'Brand#34'::bpchar) AND ((p_type)::text !~~ 'LARGE BRUSHED%'::text) AND (p_size = ANY ('{48,19,12,4,41,7,21,39}'::integer[]))), (LLVM Optimized)"}]}, {"Node Type": "Bitmap Heap Scan", "Parent Relationship": "Inner", "Relation Name": "partsupp", "Alias": "partsupp", "Startup Cost": 0.68, "Total Cost": 4.72, "Plan Rows": 3, "Plan Width": 16, "Recheck Cond": "(ps_partkey = part.p_partkey)", "Plans": [{"Node Type": "Bitmap Index Scan", "Parent Relationship": "Outer", "Index Name": "idx_partsupp_partkey", "Startup Cost": 0.0, "Total Cost": 0.68, "Plan Rows": 3, "Plan Width": 0, "Index Cond": "(ps_partkey = part.p_partkey)"}]}]}]}, {"Node Type": "Sort", "Parent Relationship": "Inner", "Startup Cost": 3533.17, "Total Cost": 3533.19, "Plan Rows": 10, "Plan Width": 8, "Sort Key": ["supplier.s_suppkey"], "Plans": [{"Node Type": "Seq Scan", "Parent Relationship": "Outer", "Relation Name": "supplier", "Alias": "supplier", "Startup Cost": 0.0, "Total Cost": 3533.0, "Plan Rows": 10, "Plan Width": 8, "Filter": "((s_comment)::text ~~ '%Customer%Complaints%'::text)"}]}]}]}]}]}, "Unique SQL Id": 1437012347}, "explain_analyze_plan": null}, "(16, 87)": {"explain_plan": {"Plan": {"Node Type": "Sort", "Startup Cost": 1644169.08, "Total Cost": 1644238.42, "Plan Rows": 27736, "Plan Width": 60, "Sort Key": ["(count(partsupp.ps_suppkey)) DESC", "part.p_brand", "part.p_type", "part.p_size"], "Plans": [{"Node Type": "Aggregate", "Strategy": "Hashed", "Parent Relationship": "Outer", "Startup Cost": 1641844.88, "Total Cost": 1642122.24, "Plan Rows": 27736, "Plan Width": 60, "Group By Key": ["part.p_brand", "part.p_type", "part.p_size"], "Plans": [{"Node Type": "Aggregate", "Strategy": "Hashed", "Parent Relationship": "Outer", "Startup Cost": 1641290.16, "Total Cost": 1641567.52, "Plan Rows": 27736, "Plan Width": 52, "Group By Key": ["part.p_brand", "part.p_type", "part.p_size", "partsupp.ps_suppkey"], "Plans": [{"Node Type": "Merge Join", "Parent Relationship": "Outer", "Join Type": "Anti", "Startup Cost": 1626334.11, "Total Cost": 1630607.52, "Plan Rows": 854611, "Plan Width": 44, "Inner Unique": false, "Merge Cond": "(partsupp.ps_suppkey = supplier.s_suppkey)", "Plans": [{"Node Type": "Sort", "Parent Relationship": "Outer", "Startup Cost": 1620752.69, "Total Cost": 1622889.25, "Plan Rows": 854625, "Plan Width": 44, "Sort Key": ["partsupp.ps_suppkey"], "Plans": [{"Node Type": "Nested Loop", "Parent Relationship": "Outer", "Join Type": "Inner", "Startup Cost": 38930.89, "Total Cost": 1536551.05, "Plan Rows": 854625, "Plan Width": 44, "Inner Unique": false, "Plans": [{"Node Type": "Bitmap Heap Scan", "Parent Relationship": "Outer", "Relation Name": "part", "Alias": "part", "Startup Cost": 38930.21, "Total Cost": 130874.21, "Plan Rows": 295844, "Plan Width": 44, "Filter": "((p_brand <> 'Brand#34'::bpchar) AND ((p_type)::text !~~ 'LARGE BRUSHED%'::text) AND (p_size = ANY ('{48,19,12,4,41,7,21,39}'::integer[]))), (LLVM Optimized)", "Plans": [{"Node Type": "Bitmap Index Scan", "Parent Relationship": "Outer", "Index Name": "part_kpey", "Startup Cost": 0.0, "Total Cost": 38856.25, "Plan Rows": 2000000, "Plan Width": 0}]}, {"Node Type": "Bitmap Heap Scan", "Parent Relationship": "Inner", "Relation Name": "partsupp", "Alias": "partsupp", "Startup Cost": 0.68, "Total Cost": 4.72, "Plan Rows": 3, "Plan Width": 16, "Recheck Cond": "(ps_partkey = part.p_partkey)", "Plans": [{"Node Type": "Bitmap Index Scan", "Parent Relationship": "Outer", "Index Name": "idx_partsupp_partkey", "Startup Cost": 0.0, "Total Cost": 0.68, "Plan Rows": 3, "Plan Width": 0, "Index Cond": "(ps_partkey = part.p_partkey)"}]}]}]}, {"Node Type": "Sort", "Parent Relationship": "Inner", "Startup Cost": 5581.42, "Total Cost": 5581.44, "Plan Rows": 10, "Plan Width": 8, "Sort Key": ["supplier.s_suppkey"], "Plans": [{"Node Type": "Bitmap Heap Scan", "Parent Relationship": "Outer", "Relation Name": "supplier", "Alias": "supplier", "Startup Cost": 2048.25, "Total Cost": 5581.25, "Plan Rows": 10, "Plan Width": 8, "Filter": "((s_comment)::text ~~ '%Customer%Complaints%'::text)", "Plans": [{"Node Type": "Bitmap Index Scan", "Parent Relationship": "Outer", "Index Name": "supplier_pkey", "Startup Cost": 0.0, "Total Cost": 2048.25, "Plan Rows": 100000, "Plan Width": 0}]}]}]}]}]}]}, "Unique SQL Id": 1437012347}, "explain_analyze_plan": null}, "(16, 88)": {"explain_plan": {"Plan": {"Node Type": "Sort", "Startup Cost": 390352.15, "Total Cost": 390421.49, "Plan Rows": 27736, "Plan Width": 60, "Sort Key": ["(count(partsupp.ps_suppkey)) DESC", "part.p_brand", "part.p_type", "part.p_size"], "Plans": [{"Node Type": "Aggregate", "Strategy": "Hashed", "Parent Relationship": "Outer", "Startup Cost": 388027.95, "Total Cost": 388305.31, "Plan Rows": 27736, "Plan Width": 60, "Group By Key": ["part.p_brand", "part.p_type", "part.p_size"], "Plans": [{"Node Type": "Aggregate", "Strategy": "Hashed", "Parent Relationship": "Outer", "Startup Cost": 387473.23, "Total Cost": 387750.59, "Plan Rows": 27736, "Plan Width": 52, "Group By Key": ["part.p_brand", "part.p_type", "part.p_size", "partsupp.ps_suppkey"], "Plans": [{"Node Type": "Merge Join", "Parent Relationship": "Outer", "Join Type": "Anti", "Startup Cost": 372517.18, "Total Cost": 376790.59, "Plan Rows": 854611, "Plan Width": 44, "Inner Unique": false, "Merge Cond": "(partsupp.ps_suppkey = supplier.s_suppkey)", "Plans": [{"Node Type": "Sort", "Parent Relationship": "Outer", "Startup Cost": 368984.01, "Total Cost": 371120.57, "Plan Rows": 854625, "Plan Width": 44, "Sort Key": ["partsupp.ps_suppkey"], "Plans": [{"Node Type": "Nested Loop", "Parent Relationship": "Outer", "Join Type": "Inner", "Startup Cost": 0.0, "Total Cost": 284782.37, "Plan Rows": 854625, "Plan Width": 44, "Inner Unique": false, "Plans": [{"Node Type": "Streaming(type: LOCAL GATHER dop: 1/16)", "Parent Relationship": "Outer", "Startup Cost": 0.0, "Total Cost": 27131.41, "Plan Rows": 295844, "Plan Width": 44, "Plans": [{"Node Type": "Seq Scan", "Parent Relationship": "Outer", "Relation Name": "part", "Alias": "part", "Startup Cost": 0.0, "Total Cost": 20746.5, "Plan Rows": 295844, "Plan Width": 44, "Filter": "((p_brand <> 'Brand#34'::bpchar) AND ((p_type)::text !~~ 'LARGE BRUSHED%'::text) AND (p_size = ANY ('{48,19,12,4,41,7,21,39}'::integer[]))), (LLVM Optimized)"}]}, {"Node Type": "Index Only Scan", "Parent Relationship": "Inner", "Scan Direction": "Forward", "Index Name": "partsupp_pkey", "Relation Name": "partsupp", "Alias": "partsupp", "Startup Cost": 0.0, "Total Cost": 0.84, "Plan Rows": 3, "Plan Width": 16, "Index Cond": "(ps_partkey = part.p_partkey)"}]}]}, {"Node Type": "Sort", "Parent Relationship": "Inner", "Startup Cost": 3533.17, "Total Cost": 3533.19, "Plan Rows": 10, "Plan Width": 8, "Sort Key": ["supplier.s_suppkey"], "Plans": [{"Node Type": "Seq Scan", "Parent Relationship": "Outer", "Relation Name": "supplier", "Alias": "supplier", "Startup Cost": 0.0, "Total Cost": 3533.0, "Plan Rows": 10, "Plan Width": 8, "Filter": "((s_comment)::text ~~ '%Customer%Complaints%'::text)"}]}]}]}]}]}, "Unique SQL Id": 1437012347}, "explain_analyze_plan": null}, "(16, 89)": {"explain_plan": {"Plan": {"Node Type": "Sort", "Startup Cost": 470585.28, "Total Cost": 470654.62, "Plan Rows": 27736, "Plan Width": 60, "Sort Key": ["(count(partsupp.ps_suppkey)) DESC", "part.p_brand", "part.p_type", "part.p_size"], "Plans": [{"Node Type": "Aggregate", "Strategy": "Hashed", "Parent Relationship": "Outer", "Startup Cost": 468261.07, "Total Cost": 468538.43, "Plan Rows": 27736, "Plan Width": 60, "Group By Key": ["part.p_brand", "part.p_type", "part.p_size"], "Plans": [{"Node Type": "Aggregate", "Strategy": "Hashed", "Parent Relationship": "Outer", "Startup Cost": 467706.35, "Total Cost": 467983.71, "Plan Rows": 27736, "Plan Width": 52, "Group By Key": ["part.p_brand", "part.p_type", "part.p_size", "partsupp.ps_suppkey"], "Plans": [{"Node Type": "Merge Join", "Parent Relationship": "Outer", "Join Type": "Anti", "Startup Cost": 447165.76, "Total Cost": 457023.72, "Plan Rows": 854611, "Plan Width": 44, "Inner Unique": false, "Merge Cond": "(partsupp.ps_suppkey = supplier.s_suppkey)", "Plans": [{"Node Type": "Sort", "Parent Relationship": "Outer", "Startup Cost": 447165.76, "Total Cost": 449302.32, "Plan Rows": 854625, "Plan Width": 44, "Sort Key": ["partsupp.ps_suppkey"], "Plans": [{"Node Type": "Nested Loop", "Parent Relationship": "Outer", "Join Type": "Inner", "Startup Cost": 0.0, "Total Cost": 362964.12, "Plan Rows": 854625, "Plan Width": 44, "Inner Unique": false, "Plans": [{"Node Type": "Streaming(type: LOCAL GATHER dop: 1/16)", "Parent Relationship": "Outer", "Startup Cost": 0.0, "Total Cost": 105313.16, "Plan Rows": 295844, "Plan Width": 44, "Plans": [{"Node Type": "Index Scan", "Parent Relationship": "Outer", "Scan Direction": "Forward", "Index Name": "part_kpey", "Relation Name": "part", "Alias": "part", "Startup Cost": 0.0, "Total Cost": 98928.25, "Plan Rows": 295844, "Plan Width": 44, "Filter": "((p_brand <> 'Brand#34'::bpchar) AND ((p_type)::text !~~ 'LARGE BRUSHED%'::text) AND (p_size = ANY ('{48,19,12,4,41,7,21,39}'::integer[]))), (LLVM Optimized)"}]}, {"Node Type": "Index Only Scan", "Parent Relationship": "Inner", "Scan Direction": "Forward", "Index Name": "partsupp_pkey", "Relation Name": "partsupp", "Alias": "partsupp", "Startup Cost": 0.0, "Total Cost": 0.84, "Plan Rows": 3, "Plan Width": 16, "Index Cond": "(ps_partkey = part.p_partkey)"}]}]}, {"Node Type": "Materialize", "Parent Relationship": "Inner", "Startup Cost": 0.0, "Total Cost": 5584.57, "Plan Rows": 10, "Plan Width": 8, "Plans": [{"Node Type": "Index Scan", "Parent Relationship": "Outer", "Scan Direction": "Forward", "Index Name": "supplier_pkey", "Relation Name": "supplier", "Alias": "supplier", "Startup Cost": 0.0, "Total Cost": 5584.54, "Plan Rows": 10, "Plan Width": 8, "Filter": "((s_comment)::text ~~ '%Customer%Complaints%'::text)"}]}]}]}]}]}, "Unique SQL Id": 1437012347}, "explain_analyze_plan": null}, "(16, 90)": {"explain_plan": {"Plan": {"Node Type": "Sort", "Startup Cost": 1101397712738.8, "Total Cost": 1101397712808.14, "Plan Rows": 27736, "Plan Width": 60, "Sort Key": ["(count(partsupp.ps_suppkey)) DESC", "part.p_brand", "part.p_type", "part.p_size"], "Plans": [{"Node Type": "Streaming(type: LOCAL GATHER dop: 1/16)", "Parent Relationship": "Outer", "Startup Cost": 1101397710394.03, "Total Cost": 1101397710691.96, "Plan Rows": 27736, "Plan Width": 60, "Plans": [{"Node Type": "Aggregate", "Strategy": "Hashed", "Parent Relationship": "Outer", "Startup Cost": 1101397710394.03, "Total Cost": 1101397710411.36, "Plan Rows": 27736, "Plan Width": 60, "Group By Key": ["part.p_brand", "part.p_type", "part.p_size"], "Plans": [{"Node Type": "Aggregate", "Strategy": "Hashed", "Parent Relationship": "Outer", "Startup Cost": 1101397709325.76, "Total Cost": 1101397709859.9, "Plan Rows": 854611, "Plan Width": 52, "Group By Key": ["part.p_brand", "part.p_type", "part.p_size", "partsupp.ps_suppkey"], "Plans": [{"Node Type": "Streaming(type: LOCAL REDISTRIBUTE dop: 16/16)", "Parent Relationship": "Outer", "Startup Cost": 20000000000.0, "Total Cost": 1101397708658.1, "Plan Rows": 854611, "Plan Width": 44, "Plans": [{"Node Type": "Nested Loop", "Parent Relationship": "Outer", "Join Type": "Inner", "Startup Cost": 20000000000.0, "Total Cost": 1101397673205.1, "Plan Rows": 854611, "Plan Width": 44, "Inner Unique": true, "Join Filter": "(partsupp.ps_partkey = part.p_partkey), (LLVM Optimized)", "Plans": [{"Node Type": "Streaming(type: LOCAL REDISTRIBUTE dop: 16/16)", "Parent Relationship": "Outer", "Startup Cost": 10000000000.0, "Total Cost": 100001049406.18, "Plan Rows": 8000238, "Plan Width": 16, "Plans": [{"Node Type": "Nested Loop", "Parent Relationship": "Outer", "Join Type": "Anti", "Startup Cost": 10000000000.0, "Total Cost": 100001004092.77, "Plan Rows": 8000238, "Plan Width": 16, "Inner Unique": false, "Join Filter": "(partsupp.ps_suppkey = supplier.s_suppkey), (LLVM Optimized)", "Plans": [{"Node Type": "Streaming(type: LOCAL REDISTRIBUTE dop: 16/16)", "Parent Relationship": "Outer", "Startup Cost": 0.0, "Total Cost": 77188.14, "Plan Rows": 8000372, "Plan Width": 16, "Plans": [{"Node Type": "Seq Scan", "Parent Relationship": "Outer", "Relation Name": "partsupp", "Alias": "partsupp", "Startup Cost": 0.0, "Total Cost": 31874.23, "Plan Rows": 8000372, "Plan Width": 16}]}, {"Node Type": "Materialize", "Parent Relationship": "Inner", "Startup Cost": 0.0, "Total Cost": 18533.42, "Plan Rows": 10, "Plan Width": 8, "Plans": [{"Node Type": "Streaming(type: LOCAL REDISTRIBUTE dop: 16/1)", "Parent Relationship": "Outer", "Startup Cost": 0.0, "Total Cost": 18533.42, "Plan Rows": 10, "Plan Width": 8, "Plans": [{"Node Type": "Seq Scan", "Parent Relationship": "Outer", "Relation Name": "supplier", "Alias": "supplier", "Startup Cost": 0.0, "Total Cost": 3533.0, "Plan Rows": 10, "Plan Width": 8, "Filter": "((s_comment)::text ~~ '%Customer%Complaints%'::text)"}]}]}]}]}, {"Node Type": "Materialize", "Parent Relationship": "Inner", "Startup Cost": 0.0, "Total Cost": 36959.92, "Plan Rows": 295844, "Plan Width": 44, "Plans": [{"Node Type": "Streaming(type: LOCAL REDISTRIBUTE dop: 16/16)", "Parent Relationship": "Outer", "Startup Cost": 0.0, "Total Cost": 36867.47, "Plan Rows": 295844, "Plan Width": 44, "Plans": [{"Node Type": "Seq Scan", "Parent Relationship": "Outer", "Relation Name": "part", "Alias": "part", "Startup Cost": 0.0, "Total Cost": 20746.5, "Plan Rows": 295844, "Plan Width": 44, "Filter": "((p_brand <> 'Brand#34'::bpchar) AND ((p_type)::text !~~ 'LARGE BRUSHED%'::text) AND (p_size = ANY ('{48,19,12,4,41,7,21,39}'::integer[]))), (LLVM Optimized)"}]}]}]}]}]}]}]}]}, "Unique SQL Id": 1437012347}, "explain_analyze_plan": null}, "(16, 91)": {"explain_plan": {"Plan": {"Node Type": "Sort", "Startup Cost": 3000026874855.81, "Total Cost": 3000026874925.15, "Plan Rows": 27736, "Plan Width": 60, "Sort Key": ["(count(partsupp.ps_suppkey)) DESC", "part.p_brand", "part.p_type", "part.p_size"], "Plans": [{"Node Type": "Aggregate", "Strategy": "Hashed", "Parent Relationship": "Outer", "Startup Cost": 3000026872531.6, "Total Cost": 3000026872808.96, "Plan Rows": 27736, "Plan Width": 60, "Group By Key": ["part.p_brand", "part.p_type", "part.p_size"], "Plans": [{"Node Type": "Aggregate", "Strategy": "Hashed", "Parent Relationship": "Outer", "Startup Cost": 3000026871976.88, "Total Cost": 3000026872254.24, "Plan Rows": 27736, "Plan Width": 52, "Group By Key": ["part.p_brand", "part.p_type", "part.p_size", "partsupp.ps_suppkey"], "Plans": [{"Node Type": "Merge Join", "Parent Relationship": "Outer", "Join Type": "Anti", "Startup Cost": 2010026298566.46, "Total Cost": 3000026861294.25, "Plan Rows": 854611, "Plan Width": 44, "Inner Unique": false, "Merge Cond": "(partsupp.ps_suppkey = supplier.s_suppkey)", "Plans": [{"Node Type": "Sort", "Parent Relationship": "Outer", "Startup Cost": 2000026298566.46, "Total Cost": 2000026300703.02, "Plan Rows": 854625, "Plan Width": 44, "Sort Key": ["partsupp.ps_suppkey"], "Plans": [{"Node Type": "Merge Join", "Parent Relationship": "Outer", "Join Type": "Inner", "Startup Cost": 20017324679.62, "Total Cost": 2000026214364.82, "Plan Rows": 854625, "Plan Width": 44, "Inner Unique": false, "Merge Cond": "(part.p_partkey = partsupp.ps_partkey)", "Plans": [{"Node Type": "Index Scan", "Parent Relationship": "Outer", "Scan Direction": "Forward", "Index Name": "part_kpey", "Relation Name": "part", "Alias": "part", "Startup Cost": 10000000000.0, "Total Cost": 1000013080325.0, "Plan Rows": 295844, "Plan Width": 44, "Filter": "((p_brand <> 'Brand#34'::bpchar) AND ((p_type)::text !~~ 'LARGE BRUSHED%'::text) AND (p_size = ANY ('{48,19,12,4,41,7,21,39}'::integer[]))), (LLVM Optimized)"}, {"Node Type": "Index Only Scan", "Parent Relationship": "Inner", "Scan Direction": "Forward", "Index Name": "partsupp_pkey", "Relation Name": "partsupp", "Alias": "partsupp", "Startup Cost": 10000000000.0, "Total Cost": 1000027706983.0, "Plan Rows": 8000372, "Plan Width": 16}]}]}, {"Node Type": "Materialize", "Parent Relationship": "Inner", "Startup Cost": 10000000000.0, "Total Cost": 1000000558454.4, "Plan Rows": 10, "Plan Width": 8, "Plans": [{"Node Type": "Index Scan", "Parent Relationship": "Outer", "Scan Direction": "Forward", "Index Name": "supplier_pkey", "Relation Name": "supplier", "Alias": "supplier", "Startup Cost": 10000000000.0, "Total Cost": 1000000558454.38, "Plan Rows": 10, "Plan Width": 8, "Filter": "((s_comment)::text ~~ '%Customer%Complaints%'::text)"}]}]}]}]}]}, "Unique SQL Id": 1437012347}, "explain_analyze_plan": null}, "(16, 92)": {"explain_plan": {"Plan": {"Node Type": "Sort", "Startup Cost": 697138.19, "Total Cost": 697207.53, "Plan Rows": 27736, "Plan Width": 60, "Sort Key": ["(count(partsupp.ps_suppkey)) DESC", "part.p_brand", "part.p_type", "part.p_size"], "Plans": [{"Node Type": "Aggregate", "Strategy": "Hashed", "Parent Relationship": "Outer", "Startup Cost": 694813.99, "Total Cost": 695091.35, "Plan Rows": 27736, "Plan Width": 60, "Group By Key": ["part.p_brand", "part.p_type", "part.p_size"], "Plans": [{"Node Type": "Aggregate", "Strategy": "Hashed", "Parent Relationship": "Outer", "Startup Cost": 694259.27, "Total Cost": 694536.63, "Plan Rows": 27736, "Plan Width": 52, "Group By Key": ["part.p_brand", "part.p_type", "part.p_size", "partsupp.ps_suppkey"], "Plans": [{"Node Type": "Merge Join", "Parent Relationship": "Outer", "Join Type": "Anti", "Startup Cost": 679303.22, "Total Cost": 683576.63, "Plan Rows": 854611, "Plan Width": 44, "Inner Unique": false, "Merge Cond": "(partsupp.ps_suppkey = supplier.s_suppkey)", "Plans": [{"Node Type": "Sort", "Parent Relationship": "Outer", "Startup Cost": 675770.05, "Total Cost": 677906.61, "Plan Rows": 854625, "Plan Width": 44, "Sort Key": ["partsupp.ps_suppkey"], "Plans": [{"Node Type": "Merge Join", "Parent Relationship": "Outer", "Join Type": "Inner", "Startup Cost": 7.9, "Total Cost": 591568.41, "Plan Rows": 854625, "Plan Width": 44, "Inner Unique": false, "Merge Cond": "(part.p_partkey = partsupp.ps_partkey)", "Plans": [{"Node Type": "Index Scan", "Parent Relationship": "Outer", "Scan Direction": "Forward", "Index Name": "part_kpey", "Relation Name": "part", "Alias": "part", "Startup Cost": 0.0, "Total Cost": 130803.25, "Plan Rows": 295844, "Plan Width": 44, "Filter": "((p_brand <> 'Brand#34'::bpchar) AND ((p_type)::text !~~ 'LARGE BRUSHED%'::text) AND (p_size = ANY ('{48,19,12,4,41,7,21,39}'::integer[]))), (LLVM Optimized)"}, {"Node Type": "Index Scan", "Parent Relationship": "Inner", "Scan Direction": "Forward", "Index Name": "idx_partsupp_partkey", "Relation Name": "partsupp", "Alias": "partsupp", "Startup Cost": 0.0, "Total Cost": 431485.03, "Plan Rows": 8000372, "Plan Width": 16}]}]}, {"Node Type": "Sort", "Parent Relationship": "Inner", "Startup Cost": 3533.17, "Total Cost": 3533.19, "Plan Rows": 10, "Plan Width": 8, "Sort Key": ["supplier.s_suppkey"], "Plans": [{"Node Type": "Seq Scan", "Parent Relationship": "Outer", "Relation Name": "supplier", "Alias": "supplier", "Startup Cost": 0.0, "Total Cost": 3533.0, "Plan Rows": 10, "Plan Width": 8, "Filter": "((s_comment)::text ~~ '%Customer%Complaints%'::text)"}]}]}]}]}]}, "Unique SQL Id": 1437012347}, "explain_analyze_plan": null}, "(16, 93)": {"explain_plan": {"Plan": {"Node Type": "Sort", "Startup Cost": 699189.57, "Total Cost": 699258.91, "Plan Rows": 27736, "Plan Width": 60, "Sort Key": ["(count(partsupp.ps_suppkey)) DESC", "part.p_brand", "part.p_type", "part.p_size"], "Plans": [{"Node Type": "Aggregate", "Strategy": "Hashed", "Parent Relationship": "Outer", "Startup Cost": 696865.36, "Total Cost": 697142.72, "Plan Rows": 27736, "Plan Width": 60, "Group By Key": ["part.p_brand", "part.p_type", "part.p_size"], "Plans": [{"Node Type": "Aggregate", "Strategy": "Hashed", "Parent Relationship": "Outer", "Startup Cost": 696310.64, "Total Cost": 696588.0, "Plan Rows": 27736, "Plan Width": 52, "Group By Key": ["part.p_brand", "part.p_type", "part.p_size", "partsupp.ps_suppkey"], "Plans": [{"Node Type": "Merge Join", "Parent Relationship": "Outer", "Join Type": "Anti", "Startup Cost": 675770.05, "Total Cost": 685628.01, "Plan Rows": 854611, "Plan Width": 44, "Inner Unique": false, "Merge Cond": "(partsupp.ps_suppkey = supplier.s_suppkey)", "Plans": [{"Node Type": "Sort", "Parent Relationship": "Outer", "Startup Cost": 675770.05, "Total Cost": 677906.61, "Plan Rows": 854625, "Plan Width": 44, "Sort Key": ["partsupp.ps_suppkey"], "Plans": [{"Node Type": "Merge Join", "Parent Relationship": "Outer", "Join Type": "Inner", "Startup Cost": 7.9, "Total Cost": 591568.41, "Plan Rows": 854625, "Plan Width": 44, "Inner Unique": false, "Merge Cond": "(part.p_partkey = partsupp.ps_partkey)", "Plans": [{"Node Type": "Index Scan", "Parent Relationship": "Outer", "Scan Direction": "Forward", "Index Name": "part_kpey", "Relation Name": "part", "Alias": "part", "Startup Cost": 0.0, "Total Cost": 130803.25, "Plan Rows": 295844, "Plan Width": 44, "Filter": "((p_brand <> 'Brand#34'::bpchar) AND ((p_type)::text !~~ 'LARGE BRUSHED%'::text) AND (p_size = ANY ('{48,19,12,4,41,7,21,39}'::integer[]))), (LLVM Optimized)"}, {"Node Type": "Index Scan", "Parent Relationship": "Inner", "Scan Direction": "Forward", "Index Name": "idx_partsupp_partkey", "Relation Name": "partsupp", "Alias": "partsupp", "Startup Cost": 0.0, "Total Cost": 431485.03, "Plan Rows": 8000372, "Plan Width": 16}]}]}, {"Node Type": "Materialize", "Parent Relationship": "Inner", "Startup Cost": 0.0, "Total Cost": 5584.57, "Plan Rows": 10, "Plan Width": 8, "Plans": [{"Node Type": "Index Scan", "Parent Relationship": "Outer", "Scan Direction": "Forward", "Index Name": "supplier_pkey", "Relation Name": "supplier", "Alias": "supplier", "Startup Cost": 0.0, "Total Cost": 5584.54, "Plan Rows": 10, "Plan Width": 8, "Filter": "((s_comment)::text ~~ '%Customer%Complaints%'::text)"}]}]}]}]}]}, "Unique SQL Id": 1437012347}, "explain_analyze_plan": null}, "(16, 94)": {"explain_plan": {"Plan": {"Node Type": "Sort", "Startup Cost": 1101397712738.8, "Total Cost": 1101397712808.14, "Plan Rows": 27736, "Plan Width": 60, "Sort Key": ["(count(partsupp.ps_suppkey)) DESC", "part.p_brand", "part.p_type", "part.p_size"], "Plans": [{"Node Type": "Streaming(type: LOCAL GATHER dop: 1/16)", "Parent Relationship": "Outer", "Startup Cost": 1101397710394.03, "Total Cost": 1101397710691.96, "Plan Rows": 27736, "Plan Width": 60, "Plans": [{"Node Type": "Aggregate", "Strategy": "Hashed", "Parent Relationship": "Outer", "Startup Cost": 1101397710394.03, "Total Cost": 1101397710411.36, "Plan Rows": 27736, "Plan Width": 60, "Group By Key": ["part.p_brand", "part.p_type", "part.p_size"], "Plans": [{"Node Type": "Aggregate", "Strategy": "Hashed", "Parent Relationship": "Outer", "Startup Cost": 1101397709325.76, "Total Cost": 1101397709859.9, "Plan Rows": 854611, "Plan Width": 52, "Group By Key": ["part.p_brand", "part.p_type", "part.p_size", "partsupp.ps_suppkey"], "Plans": [{"Node Type": "Streaming(type: LOCAL REDISTRIBUTE dop: 16/16)", "Parent Relationship": "Outer", "Startup Cost": 20000000000.0, "Total Cost": 1101397708658.1, "Plan Rows": 854611, "Plan Width": 44, "Plans": [{"Node Type": "Nested Loop", "Parent Relationship": "Outer", "Join Type": "Inner", "Startup Cost": 20000000000.0, "Total Cost": 1101397673205.1, "Plan Rows": 854611, "Plan Width": 44, "Inner Unique": true, "Join Filter": "(partsupp.ps_partkey = part.p_partkey), (LLVM Optimized)", "Plans": [{"Node Type": "Streaming(type: LOCAL REDISTRIBUTE dop: 16/16)", "Parent Relationship": "Outer", "Startup Cost": 10000000000.0, "Total Cost": 100001049406.18, "Plan Rows": 8000238, "Plan Width": 16, "Plans": [{"Node Type": "Nested Loop", "Parent Relationship": "Outer", "Join Type": "Anti", "Startup Cost": 10000000000.0, "Total Cost": 100001004092.77, "Plan Rows": 8000238, "Plan Width": 16, "Inner Unique": false, "Join Filter": "(partsupp.ps_suppkey = supplier.s_suppkey), (LLVM Optimized)", "Plans": [{"Node Type": "Streaming(type: LOCAL REDISTRIBUTE dop: 16/16)", "Parent Relationship": "Outer", "Startup Cost": 0.0, "Total Cost": 77188.14, "Plan Rows": 8000372, "Plan Width": 16, "Plans": [{"Node Type": "Seq Scan", "Parent Relationship": "Outer", "Relation Name": "partsupp", "Alias": "partsupp", "Startup Cost": 0.0, "Total Cost": 31874.23, "Plan Rows": 8000372, "Plan Width": 16}]}, {"Node Type": "Materialize", "Parent Relationship": "Inner", "Startup Cost": 0.0, "Total Cost": 18533.42, "Plan Rows": 10, "Plan Width": 8, "Plans": [{"Node Type": "Streaming(type: LOCAL REDISTRIBUTE dop: 16/1)", "Parent Relationship": "Outer", "Startup Cost": 0.0, "Total Cost": 18533.42, "Plan Rows": 10, "Plan Width": 8, "Plans": [{"Node Type": "Seq Scan", "Parent Relationship": "Outer", "Relation Name": "supplier", "Alias": "supplier", "Startup Cost": 0.0, "Total Cost": 3533.0, "Plan Rows": 10, "Plan Width": 8, "Filter": "((s_comment)::text ~~ '%Customer%Complaints%'::text)"}]}]}]}]}, {"Node Type": "Materialize", "Parent Relationship": "Inner", "Startup Cost": 0.0, "Total Cost": 36959.92, "Plan Rows": 295844, "Plan Width": 44, "Plans": [{"Node Type": "Streaming(type: LOCAL REDISTRIBUTE dop: 16/16)", "Parent Relationship": "Outer", "Startup Cost": 0.0, "Total Cost": 36867.47, "Plan Rows": 295844, "Plan Width": 44, "Plans": [{"Node Type": "Seq Scan", "Parent Relationship": "Outer", "Relation Name": "part", "Alias": "part", "Startup Cost": 0.0, "Total Cost": 20746.5, "Plan Rows": 295844, "Plan Width": 44, "Filter": "((p_brand <> 'Brand#34'::bpchar) AND ((p_type)::text !~~ 'LARGE BRUSHED%'::text) AND (p_size = ANY ('{48,19,12,4,41,7,21,39}'::integer[]))), (LLVM Optimized)"}]}]}]}]}]}]}]}]}, "Unique SQL Id": 1437012347}, "explain_analyze_plan": null}, "(16, 95)": {"explain_plan": {"Plan": {"Node Type": "Sort", "Startup Cost": 3000070808188.03, "Total Cost": 3000070808257.37, "Plan Rows": 27736, "Plan Width": 60, "Sort Key": ["(count(partsupp.ps_suppkey)) DESC", "part.p_brand", "part.p_type", "part.p_size"], "Plans": [{"Node Type": "Aggregate", "Strategy": "Hashed", "Parent Relationship": "Outer", "Startup Cost": 3000070805863.82, "Total Cost": 3000070806141.18, "Plan Rows": 27736, "Plan Width": 60, "Group By Key": ["part.p_brand", "part.p_type", "part.p_size"], "Plans": [{"Node Type": "Aggregate", "Strategy": "Hashed", "Parent Relationship": "Outer", "Startup Cost": 3000070805309.1, "Total Cost": 3000070805586.46, "Plan Rows": 27736, "Plan Width": 52, "Group By Key": ["part.p_brand", "part.p_type", "part.p_size", "partsupp.ps_suppkey"], "Plans": [{"Node Type": "Merge Join", "Parent Relationship": "Outer", "Join Type": "Anti", "Startup Cost": 2010070231898.68, "Total Cost": 3000070794626.47, "Plan Rows": 854611, "Plan Width": 44, "Inner Unique": false, "Merge Cond": "(partsupp.ps_suppkey = supplier.s_suppkey)", "Plans": [{"Node Type": "Sort", "Parent Relationship": "Outer", "Startup Cost": 2000070231898.68, "Total Cost": 2000070234035.24, "Plan Rows": 854625, "Plan Width": 44, "Sort Key": ["partsupp.ps_suppkey"], "Plans": [{"Node Type": "Merge Join", "Parent Relationship": "Outer", "Join Type": "Inner", "Startup Cost": 20017325448.43, "Total Cost": 2000070147697.04, "Plan Rows": 854625, "Plan Width": 44, "Inner Unique": false, "Merge Cond": "(part.p_partkey = partsupp.ps_partkey)", "Plans": [{"Node Type": "Index Scan", "Parent Relationship": "Outer", "Scan Direction": "Forward", "Index Name": "part_kpey", "Relation Name": "part", "Alias": "part", "Startup Cost": 10000000000.0, "Total Cost": 1000013080325.0, "Plan Rows": 295844, "Plan Width": 44, "Filter": "((p_brand <> 'Brand#34'::bpchar) AND ((p_type)::text !~~ 'LARGE BRUSHED%'::text) AND (p_size = ANY ('{48,19,12,4,41,7,21,39}'::integer[]))), (LLVM Optimized)"}, {"Node Type": "Index Scan", "Parent Relationship": "Inner", "Scan Direction": "Forward", "Index Name": "partsupp_pkey", "Relation Name": "partsupp", "Alias": "partsupp", "Startup Cost": 10000000000.0, "Total Cost": 1000071640963.22, "Plan Rows": 8000372, "Plan Width": 16}]}]}, {"Node Type": "Materialize", "Parent Relationship": "Inner", "Startup Cost": 10000000000.0, "Total Cost": 1000000558454.4, "Plan Rows": 10, "Plan Width": 8, "Plans": [{"Node Type": "Index Scan", "Parent Relationship": "Outer", "Scan Direction": "Forward", "Index Name": "supplier_pkey", "Relation Name": "supplier", "Alias": "supplier", "Startup Cost": 10000000000.0, "Total Cost": 1000000558454.38, "Plan Rows": 10, "Plan Width": 8, "Filter": "((s_comment)::text ~~ '%Customer%Complaints%'::text)"}]}]}]}]}]}, "Unique SQL Id": 1437012347}, "explain_analyze_plan": null}, "(16, 96)": {"explain_plan": {"Plan": {"Node Type": "Sort", "Startup Cost": 144484.63, "Total Cost": 144553.97, "Plan Rows": 27736, "Plan Width": 60, "Sort Key": ["(count(partsupp.ps_suppkey)) DESC", "part.p_brand", "part.p_type", "part.p_size"], "Plans": [{"Node Type": "Streaming(type: LOCAL GATHER dop: 1/16)", "Parent Relationship": "Outer", "Startup Cost": 142139.85, "Total Cost": 142437.78, "Plan Rows": 27736, "Plan Width": 60, "Plans": [{"Node Type": "Aggregate", "Strategy": "Hashed", "Parent Relationship": "Outer", "Startup Cost": 142139.85, "Total Cost": 142157.19, "Plan Rows": 27736, "Plan Width": 60, "Group By Key": ["part.p_brand", "part.p_type", "part.p_size"], "Plans": [{"Node Type": "Aggregate", "Strategy": "Hashed", "Parent Relationship": "Outer", "Startup Cost": 141071.59, "Total Cost": 141605.72, "Plan Rows": 854611, "Plan Width": 52, "Group By Key": ["part.p_brand", "part.p_type", "part.p_size", "partsupp.ps_suppkey"], "Plans": [{"Node Type": "Streaming(type: LOCAL REDISTRIBUTE dop: 16/16)", "Parent Relationship": "Outer", "Startup Cost": 69999.79, "Total Cost": 140403.93, "Plan Rows": 854611, "Plan Width": 44, "Plans": [{"Node Type": "Hash Join", "Parent Relationship": "Outer", "Join Type": "Anti", "Startup Cost": 69999.79, "Total Cost": 104950.92, "Plan Rows": 854611, "Plan Width": 44, "Inner Unique": false, "Hash Cond": "(partsupp.ps_suppkey = supplier.s_suppkey), (LLVM Optimized)", "Plans": [{"Node Type": "Hash Join", "Parent Relationship": "Outer", "Join Type": "Inner", "Startup Cost": 51463.21, "Total Cost": 85746.67, "Plan Rows": 854625, "Plan Width": 44, "Inner Unique": true, "Hash Cond": "(partsupp.ps_partkey = part.p_partkey), (LLVM Optimized)", "Plans": [{"Node Type": "Seq Scan", "Parent Relationship": "Outer", "Relation Name": "partsupp", "Alias": "partsupp", "Startup Cost": 0.0, "Total Cost": 31874.23, "Plan Rows": 8000372, "Plan Width": 16}, {"Node Type": "Hash", "Parent Relationship": "Inner", "Startup Cost": 47765.16, "Total Cost": 47765.16, "Plan Rows": 4733504, "Plan Width": 44, "Plans": [{"Node Type": "Streaming(type: BROADCAST dop: 16/16)", "Parent Relationship": "Outer", "Startup Cost": 0.0, "Total Cost": 47765.16, "Plan Rows": 4733504, "Plan Width": 44, "Plans": [{"Node Type": "Seq Scan", "Parent Relationship": "Outer", "Relation Name": "part", "Alias": "part", "Startup Cost": 0.0, "Total Cost": 20746.5, "Plan Rows": 295844, "Plan Width": 44, "Filter": "((p_brand <> 'Brand#34'::bpchar) AND ((p_type)::text !~~ 'LARGE BRUSHED%'::text) AND (p_size = ANY ('{48,19,12,4,41,7,21,39}'::integer[]))), (LLVM Optimized)"}]}]}]}, {"Node Type": "Hash", "Parent Relationship": "Inner", "Startup Cost": 18536.45, "Total Cost": 18536.45, "Plan Rows": 160, "Plan Width": 8, "Plans": [{"Node Type": "Streaming(type: BROADCAST dop: 16/1)", "Parent Relationship": "Outer", "Startup Cost": 0.0, "Total Cost": 18536.45, "Plan Rows": 160, "Plan Width": 8, "Plans": [{"Node Type": "Seq Scan", "Parent Relationship": "Outer", "Relation Name": "supplier", "Alias": "supplier", "Startup Cost": 0.0, "Total Cost": 3533.0, "Plan Rows": 10, "Plan Width": 8, "Filter": "((s_comment)::text ~~ '%Customer%Complaints%'::text)"}]}]}]}]}]}]}]}]}, "Unique SQL Id": 1437012347}, "explain_analyze_plan": {"Plan": {"Node Type": "Sort", "Startup Cost": 144484.63, "Total Cost": 144553.97, "Plan Rows": 27736, "Plan Width": 60, "Actual Min Startup Time": 1200.331, "Actual Max Startup Time": 1200.331, "Actual Min Total Time": 1203.099, "Actual Max Total Time": 1203.099, "Actual Total Rows": 27838, "Sort Key": ["(count(partsupp.ps_suppkey)) DESC", "part.p_brand", "part.p_type", "part.p_size"], "Sort Method": "quicksort", "Sort Space Min Used": 3402, "Sort Space Max Used": 3402, "Sort Space Type": "Memory", "Plans": [{"Node Type": "Streaming(type: LOCAL GATHER dop: 1/16)", "Parent Relationship": "Outer", "Startup Cost": 142139.85, "Total Cost": 142437.78, "Plan Rows": 27736, "Plan Width": 60, "Actual Min Startup Time": 941.122, "Actual Max Startup Time": 941.122, "Actual Min Total Time": 1112.365, "Actual Max Total Time": 1112.365, "Actual Total Rows": 27838, "Plans": [{"Node Type": "Aggregate", "Strategy": "Hashed", "Parent Relationship": "Outer", "Startup Cost": 142139.85, "Total Cost": 142157.19, "Plan Rows": 27736, "Plan Width": 60, "Actual Min Startup Time": 768.112, "Actual Max Startup Time": 989.65, "Actual Min Total Time": 768.112, "Actual Max Total Time": 990.899, "Actual Total Rows": 27838, "Group By Key": ["part.p_brand", "part.p_type", "part.p_size"], "Plans": [{"Node Type": "Aggregate", "Strategy": "Hashed", "Parent Relationship": "Outer", "Startup Cost": 141071.59, "Total Cost": 141605.72, "Plan Rows": 854611, "Plan Width": 52, "Actual Min Startup Time": 767.134, "Actual Max Startup Time": 831.536, "Actual Min Total Time": 768.05, "Actual Max Total Time": 863.759, "Actual Total Rows": 1188428, "Group By Key": ["part.p_brand", "part.p_type", "part.p_size", "partsupp.ps_suppkey"], "Plans": [{"Node Type": "Streaming(type: LOCAL REDISTRIBUTE dop: 16/16)", "Parent Relationship": "Outer", "Startup Cost": 69999.79, "Total Cost": 140403.93, "Plan Rows": 854611, "Plan Width": 44, "Actual Min Startup Time": 323.271, "Actual Max Startup Time": 773.136, "Actual Min Total Time": 614.546, "Actual Max Total Time": 773.136, "Actual Total Rows": 1188666, "Plans": [{"Node Type": "Hash Join", "Parent Relationship": "Outer", "Join Type": "Anti", "Startup Cost": 69999.79, "Total Cost": 104950.92, "Plan Rows": 854611, "Plan Width": 44, "Actual Min Startup Time": 319.56, "Actual Max Startup Time": 404.165, "Actual Min Total Time": 620.607, "Actual Max Total Time": 716.832, "Actual Total Rows": 1188666, "Inner Unique": false, "Hash Cond": "(partsupp.ps_suppkey = supplier.s_suppkey), (LLVM Optimized, Jit Execute)", "Plans": [{"Node Type": "Hash Join", "Parent Relationship": "Outer", "Join Type": "Inner", "Startup Cost": 51463.21, "Total Cost": 85746.67, "Plan Rows": 854625, "Plan Width": 44, "Actual Min Startup Time": 319.47, "Actual Max Startup Time": 342.856, "Actual Min Total Time": 598.59, "Actual Max Total Time": 634.107, "Actual Total Rows": 1189344, "Inner Unique": true, "Hash Cond": "(partsupp.ps_partkey = part.p_partkey), (LLVM Optimized, Jit Execute)", "Plans": [{"Node Type": "Seq Scan", "Parent Relationship": "Outer", "Relation Name": "partsupp", "Alias": "partsupp", "Startup Cost": 0.0, "Total Cost": 31874.23, "Plan Rows": 8000372, "Plan Width": 16, "Actual Min Startup Time": 0.023, "Actual Max Startup Time": 0.038, "Actual Min Total Time": 151.039, "Actual Max Total Time": 162.82, "Actual Total Rows": 8000000}, {"Node Type": "Hash", "Parent Relationship": "Inner", "Startup Cost": 47765.16, "Total Cost": 47765.16, "Plan Rows": 4733504, "Plan Width": 44, "Actual Min Startup Time": 319.067, "Actual Max Startup Time": 342.372, "Actual Min Total Time": 319.067, "Actual Max Total Time": 342.372, "Actual Total Rows": 4757376, "Max Hash Buckets": 524288, "Min Hash Buckets": 524288, "Max Hash Batches": 1, "Min Hash Batches": 1, "Max Original Hash Batches": 1, "Min Original Hash Batches": 1, "Max Peak Memory Usage": 23216, "min Peak Memory Usage": 23216, "Plans": [{"Node Type": "Streaming(type: BROADCAST dop: 16/16)", "Parent Relationship": "Outer", "Startup Cost": 0.0, "Total Cost": 47765.16, "Plan Rows": 4733504, "Plan Width": 44, "Actual Min Startup Time": 0.037, "Actual Max Startup Time": 0.092, "Actual Min Total Time": 218.869, "Actual Max Total Time": 242.54, "Actual Total Rows": 4757376, "Plans": [{"Node Type": "Seq Scan", "Parent Relationship": "Outer", "Relation Name": "part", "Alias": "part", "Startup Cost": 0.0, "Total Cost": 20746.5, "Plan Rows": 295844, "Plan Width": 44, "Actual Min Startup Time": 0.033, "Actual Max Startup Time": 0.07, "Actual Min Total Time": 102.838, "Actual Max Total Time": 108.172, "Actual Total Rows": 297336, "Filter": "((p_brand <> 'Brand#34'::bpchar) AND ((p_type)::text !~~ 'LARGE BRUSHED%'::text) AND (p_size = ANY ('{48,19,12,4,41,7,21,39}'::integer[]))), (LLVM Optimized, Jit Execute)", "Rows Removed by Filter": 1702664}]}]}]}, {"Node Type": "Hash", "Parent Relationship": "Inner", "Startup Cost": 18536.45, "Total Cost": 18536.45, "Plan Rows": 160, "Plan Width": 8, "Actual Min Startup Time": 0.041, "Actual Max Startup Time": 61.248, "Actual Min Total Time": 0.041, "Actual Max Total Time": 61.248, "Actual Total Rows": 896, "Max Hash Buckets": 32768, "Min Hash Buckets": 32768, "Max Hash Batches": 1, "Min Hash Batches": 1, "Max Original Hash Batches": 1, "Min Original Hash Batches": 1, "Max Peak Memory Usage": 3, "min Peak Memory Usage": 3, "Plans": [{"Node Type": "Streaming(type: BROADCAST dop: 16/1)", "Parent Relationship": "Outer", "Startup Cost": 0.0, "Total Cost": 18536.45, "Plan Rows": 160, "Plan Width": 8, "Actual Min Startup Time": 0.012, "Actual Max Startup Time": 61.212, "Actual Min Total Time": 0.014, "Actual Max Total Time": 61.215, "Actual Total Rows": 896, "Plans": [{"Node Type": "Seq Scan", "Parent Relationship": "Outer", "Relation Name": "supplier", "Alias": "supplier", "Startup Cost": 0.0, "Total Cost": 3533.0, "Plan Rows": 10, "Plan Width": 8, "Actual Min Startup Time": 0.248, "Actual Max Startup Time": 0.248, "Actual Min Total Time": 52.934, "Actual Max Total Time": 52.934, "Actual Total Rows": 56, "Filter": "((s_comment)::text ~~ '%Customer%Complaints%'::text)", "Rows Removed by Filter": 99944}]}]}]}]}]}]}]}]}, "Triggers": [], "Planner Runtime": 1.74, "Total Runtime": 1224.55, "Unique SQL Id": 1437012347}}, "(16, 97)": {"explain_plan": {"Plan": {"Node Type": "Sort", "Startup Cost": 409910.03, "Total Cost": 409979.37, "Plan Rows": 27736, "Plan Width": 60, "Sort Key": ["(count(partsupp.ps_suppkey)) DESC", "part.p_brand", "part.p_type", "part.p_size"], "Plans": [{"Node Type": "Streaming(type: LOCAL GATHER dop: 1/16)", "Parent Relationship": "Outer", "Startup Cost": 407565.26, "Total Cost": 407863.19, "Plan Rows": 27736, "Plan Width": 60, "Plans": [{"Node Type": "Aggregate", "Strategy": "Hashed", "Parent Relationship": "Outer", "Startup Cost": 407565.26, "Total Cost": 407582.59, "Plan Rows": 27736, "Plan Width": 60, "Group By Key": ["part.p_brand", "part.p_type", "part.p_size"], "Plans": [{"Node Type": "Aggregate", "Strategy": "Hashed", "Parent Relationship": "Outer", "Startup Cost": 406496.99, "Total Cost": 407031.13, "Plan Rows": 854611, "Plan Width": 52, "Group By Key": ["part.p_brand", "part.p_type", "part.p_size", "partsupp.ps_suppkey"], "Plans": [{"Node Type": "Streaming(type: LOCAL REDISTRIBUTE dop: 16/16)", "Parent Relationship": "Outer", "Startup Cost": 150233.08, "Total Cost": 405829.33, "Plan Rows": 854611, "Plan Width": 44, "Plans": [{"Node Type": "Hash Join", "Parent Relationship": "Outer", "Join Type": "Anti", "Startup Cost": 150233.08, "Total Cost": 370376.33, "Plan Rows": 854611, "Plan Width": 44, "Inner Unique": false, "Hash Cond": "(partsupp.ps_suppkey = supplier.s_suppkey), (LLVM Optimized)", "Plans": [{"Node Type": "Hash Join", "Parent Relationship": "Outer", "Join Type": "Inner", "Startup Cost": 129644.96, "Total Cost": 349120.53, "Plan Rows": 854625, "Plan Width": 44, "Inner Unique": true, "Hash Cond": "(partsupp.ps_partkey = part.p_partkey), (LLVM Optimized)", "Plans": [{"Node Type": "Index Only Scan", "Parent Relationship": "Outer", "Scan Direction": "Forward", "Index Name": "partsupp_pkey", "Relation Name": "partsupp", "Alias": "partsupp", "Startup Cost": 0.0, "Total Cost": 217066.34, "Plan Rows": 8000372, "Plan Width": 16}, {"Node Type": "Hash", "Parent Relationship": "Inner", "Startup Cost": 125946.91, "Total Cost": 125946.91, "Plan Rows": 4733504, "Plan Width": 44, "Plans": [{"Node Type": "Streaming(type: BROADCAST dop: 16/16)", "Parent Relationship": "Outer", "Startup Cost": 0.0, "Total Cost": 125946.91, "Plan Rows": 4733504, "Plan Width": 44, "Plans": [{"Node Type": "Index Scan", "Parent Relationship": "Outer", "Scan Direction": "Forward", "Index Name": "part_kpey", "Relation Name": "part", "Alias": "part", "Startup Cost": 0.0, "Total Cost": 98928.25, "Plan Rows": 295844, "Plan Width": 44, "Filter": "((p_brand <> 'Brand#34'::bpchar) AND ((p_type)::text !~~ 'LARGE BRUSHED%'::text) AND (p_size = ANY ('{48,19,12,4,41,7,21,39}'::integer[]))), (LLVM Optimized)"}]}]}]}, {"Node Type": "Hash", "Parent Relationship": "Inner", "Startup Cost": 20588.0, "Total Cost": 20588.0, "Plan Rows": 160, "Plan Width": 8, "Plans": [{"Node Type": "Streaming(type: BROADCAST dop: 16/1)", "Parent Relationship": "Outer", "Startup Cost": 0.0, "Total Cost": 20588.0, "Plan Rows": 160, "Plan Width": 8, "Plans": [{"Node Type": "Index Scan", "Parent Relationship": "Outer", "Scan Direction": "Forward", "Index Name": "supplier_pkey", "Relation Name": "supplier", "Alias": "supplier", "Startup Cost": 0.0, "Total Cost": 5584.54, "Plan Rows": 10, "Plan Width": 8, "Filter": "((s_comment)::text ~~ '%Customer%Complaints%'::text)"}]}]}]}]}]}]}]}]}, "Unique SQL Id": 1437012347}, "explain_analyze_plan": {"Plan": {"Node Type": "Sort", "Startup Cost": 409910.03, "Total Cost": 409979.37, "Plan Rows": 27736, "Plan Width": 60, "Actual Min Startup Time": 1815.176, "Actual Max Startup Time": 1815.176, "Actual Min Total Time": 1817.8, "Actual Max Total Time": 1817.8, "Actual Total Rows": 27838, "Sort Key": ["(count(partsupp.ps_suppkey)) DESC", "part.p_brand", "part.p_type", "part.p_size"], "Sort Method": "quicksort", "Sort Space Min Used": 3402, "Sort Space Max Used": 3402, "Sort Space Type": "Memory", "Plans": [{"Node Type": "Streaming(type: LOCAL GATHER dop: 1/16)", "Parent Relationship": "Outer", "Startup Cost": 407565.26, "Total Cost": 407863.19, "Plan Rows": 27736, "Plan Width": 60, "Actual Min Startup Time": 1570.324, "Actual Max Startup Time": 1570.324, "Actual Min Total Time": 1729.343, "Actual Max Total Time": 1729.343, "Actual Total Rows": 27838, "Plans": [{"Node Type": "Aggregate", "Strategy": "Hashed", "Parent Relationship": "Outer", "Startup Cost": 407565.26, "Total Cost": 407582.59, "Plan Rows": 27736, "Plan Width": 60, "Actual Min Startup Time": 1388.501, "Actual Max Startup Time": 1602.412, "Actual Min Total Time": 1388.501, "Actual Max Total Time": 1603.625, "Actual Total Rows": 27838, "Group By Key": ["part.p_brand", "part.p_type", "part.p_size"], "Plans": [{"Node Type": "Aggregate", "Strategy": "Hashed", "Parent Relationship": "Outer", "Startup Cost": 406496.99, "Total Cost": 407031.13, "Plan Rows": 854611, "Plan Width": 52, "Actual Min Startup Time": 1387.761, "Actual Max Startup Time": 1412.065, "Actual Min Total Time": 1388.419, "Actual Max Total Time": 1457.08, "Actual Total Rows": 1188428, "Group By Key": ["part.p_brand", "part.p_type", "part.p_size", "partsupp.ps_suppkey"], "Plans": [{"Node Type": "Streaming(type: LOCAL REDISTRIBUTE dop: 16/16)", "Parent Relationship": "Outer", "Startup Cost": 150233.08, "Total Cost": 405829.33, "Plan Rows": 854611, "Plan Width": 44, "Actual Min Startup Time": 960.412, "Actual Max Startup Time": 1392.614, "Actual Min Total Time": 1248.656, "Actual Max Total Time": 1392.614, "Actual Total Rows": 1188666, "Plans": [{"Node Type": "Hash Join", "Parent Relationship": "Outer", "Join Type": "Anti", "Startup Cost": 150233.08, "Total Cost": 370376.33, "Plan Rows": 854611, "Plan Width": 44, "Actual Min Startup Time": 956.596, "Actual Max Startup Time": 1035.556, "Actual Min Total Time": 1224.498, "Actual Max Total Time": 1314.451, "Actual Total Rows": 1188666, "Inner Unique": false, "Hash Cond": "(partsupp.ps_suppkey = supplier.s_suppkey), (LLVM Optimized, Jit Execute)", "Plans": [{"Node Type": "Hash Join", "Parent Relationship": "Outer", "Join Type": "Inner", "Startup Cost": 129644.96, "Total Cost": 349120.53, "Plan Rows": 854625, "Plan Width": 44, "Actual Min Startup Time": 953.27, "Actual Max Startup Time": 953.37, "Actual Min Total Time": 1197.442, "Actual Max Total Time": 1229.005, "Actual Total Rows": 1189344, "Inner Unique": true, "Hash Cond": "(partsupp.ps_partkey = part.p_partkey), (LLVM Optimized, Jit Execute)", "Plans": [{"Node Type": "Index Only Scan", "Parent Relationship": "Outer", "Scan Direction": "Forward", "Index Name": "partsupp_pkey", "Relation Name": "partsupp", "Alias": "partsupp", "Startup Cost": 0.0, "Total Cost": 217066.34, "Plan Rows": 8000372, "Plan Width": 16, "Actual Min Startup Time": 563.544, "Actual Max Startup Time": 563.657, "Actual Min Total Time": 691.545, "Actual Max Total Time": 712.293, "Actual Total Rows": 8000000, "Heap Fetches": 0}, {"Node Type": "Hash", "Parent Relationship": "Inner", "Startup Cost": 125946.91, "Total Cost": 125946.91, "Plan Rows": 4733504, "Plan Width": 44, "Actual Min Startup Time": 388.776, "Actual Max Startup Time": 388.847, "Actual Min Total Time": 388.776, "Actual Max Total Time": 388.847, "Actual Total Rows": 4757376, "Max Hash Buckets": 524288, "Min Hash Buckets": 524288, "Max Hash Batches": 1, "Min Hash Batches": 1, "Max Original Hash Batches": 1, "Min Original Hash Batches": 1, "Max Peak Memory Usage": 23216, "min Peak Memory Usage": 23216, "Plans": [{"Node Type": "Streaming(type: BROADCAST dop: 16/16)", "Parent Relationship": "Outer", "Startup Cost": 0.0, "Total Cost": 125946.91, "Plan Rows": 4733504, "Plan Width": 44, "Actual Min Startup Time": 0.055, "Actual Max Startup Time": 0.097, "Actual Min Total Time": 278.383, "Actual Max Total Time": 295.018, "Actual Total Rows": 4757376, "Plans": [{"Node Type": "Index Scan", "Parent Relationship": "Outer", "Scan Direction": "Forward", "Index Name": "part_kpey", "Relation Name": "part", "Alias": "part", "Startup Cost": 0.0, "Total Cost": 98928.25, "Plan Rows": 295844, "Plan Width": 44, "Actual Min Startup Time": 0.053, "Actual Max Startup Time": 61.876, "Actual Min Total Time": 154.618, "Actual Max Total Time": 227.449, "Actual Total Rows": 297336, "Filter": "((p_brand <> 'Brand#34'::bpchar) AND ((p_type)::text !~~ 'LARGE BRUSHED%'::text) AND (p_size = ANY ('{48,19,12,4,41,7,21,39}'::integer[]))), (LLVM Optimized, Jit Execute)", "Rows Removed by Filter": 1702664}]}]}]}, {"Node Type": "Hash", "Parent Relationship": "Inner", "Startup Cost": 20588.0, "Total Cost": 20588.0, "Plan Rows": 160, "Plan Width": 8, "Actual Min Startup Time": 3.206, "Actual Max Startup Time": 82.19, "Actual Min Total Time": 3.206, "Actual Max Total Time": 82.19, "Actual Total Rows": 896, "Max Hash Buckets": 32768, "Min Hash Buckets": 32768, "Max Hash Batches": 1, "Min Hash Batches": 1, "Max Original Hash Batches": 1, "Min Original Hash Batches": 1, "Max Peak Memory Usage": 3, "min Peak Memory Usage": 3, "Plans": [{"Node Type": "Streaming(type: BROADCAST dop: 16/1)", "Parent Relationship": "Outer", "Startup Cost": 0.0, "Total Cost": 20588.0, "Plan Rows": 160, "Plan Width": 8, "Actual Min Startup Time": 3.182, "Actual Max Startup Time": 82.163, "Actual Min Total Time": 3.186, "Actual Max Total Time": 82.171, "Actual Total Rows": 896, "Plans": [{"Node Type": "Index Scan", "Parent Relationship": "Outer", "Scan Direction": "Forward", "Index Name": "supplier_pkey", "Relation Name": "supplier", "Alias": "supplier", "Startup Cost": 0.0, "Total Cost": 5584.54, "Plan Rows": 10, "Plan Width": 8, "Actual Min Startup Time": 0.421, "Actual Max Startup Time": 0.421, "Actual Min Total Time": 83.676, "Actual Max Total Time": 83.676, "Actual Total Rows": 56, "Filter": "((s_comment)::text ~~ '%Customer%Complaints%'::text)", "Rows Removed by Filter": 99944}]}]}]}]}]}]}]}]}, "Triggers": [], "Planner Runtime": 1.69, "Total Runtime": 1839.491, "Unique SQL Id": 1437012347}}, "(16, 98)": {"explain_plan": {"Plan": {"Node Type": "Sort", "Startup Cost": 144484.63, "Total Cost": 144553.97, "Plan Rows": 27736, "Plan Width": 60, "Sort Key": ["(count(partsupp.ps_suppkey)) DESC", "part.p_brand", "part.p_type", "part.p_size"], "Plans": [{"Node Type": "Streaming(type: LOCAL GATHER dop: 1/16)", "Parent Relationship": "Outer", "Startup Cost": 142139.85, "Total Cost": 142437.78, "Plan Rows": 27736, "Plan Width": 60, "Plans": [{"Node Type": "Aggregate", "Strategy": "Hashed", "Parent Relationship": "Outer", "Startup Cost": 142139.85, "Total Cost": 142157.19, "Plan Rows": 27736, "Plan Width": 60, "Group By Key": ["part.p_brand", "part.p_type", "part.p_size"], "Plans": [{"Node Type": "Aggregate", "Strategy": "Hashed", "Parent Relationship": "Outer", "Startup Cost": 141071.59, "Total Cost": 141605.72, "Plan Rows": 854611, "Plan Width": 52, "Group By Key": ["part.p_brand", "part.p_type", "part.p_size", "partsupp.ps_suppkey"], "Plans": [{"Node Type": "Streaming(type: LOCAL REDISTRIBUTE dop: 16/16)", "Parent Relationship": "Outer", "Startup Cost": 69999.79, "Total Cost": 140403.93, "Plan Rows": 854611, "Plan Width": 44, "Plans": [{"Node Type": "Hash Join", "Parent Relationship": "Outer", "Join Type": "Anti", "Startup Cost": 69999.79, "Total Cost": 104950.92, "Plan Rows": 854611, "Plan Width": 44, "Inner Unique": false, "Hash Cond": "(partsupp.ps_suppkey = supplier.s_suppkey), (LLVM Optimized)", "Plans": [{"Node Type": "Hash Join", "Parent Relationship": "Outer", "Join Type": "Inner", "Startup Cost": 51463.21, "Total Cost": 85746.67, "Plan Rows": 854625, "Plan Width": 44, "Inner Unique": true, "Hash Cond": "(partsupp.ps_partkey = part.p_partkey), (LLVM Optimized)", "Plans": [{"Node Type": "Seq Scan", "Parent Relationship": "Outer", "Relation Name": "partsupp", "Alias": "partsupp", "Startup Cost": 0.0, "Total Cost": 31874.23, "Plan Rows": 8000372, "Plan Width": 16}, {"Node Type": "Hash", "Parent Relationship": "Inner", "Startup Cost": 47765.16, "Total Cost": 47765.16, "Plan Rows": 4733504, "Plan Width": 44, "Plans": [{"Node Type": "Streaming(type: BROADCAST dop: 16/16)", "Parent Relationship": "Outer", "Startup Cost": 0.0, "Total Cost": 47765.16, "Plan Rows": 4733504, "Plan Width": 44, "Plans": [{"Node Type": "Seq Scan", "Parent Relationship": "Outer", "Relation Name": "part", "Alias": "part", "Startup Cost": 0.0, "Total Cost": 20746.5, "Plan Rows": 295844, "Plan Width": 44, "Filter": "((p_brand <> 'Brand#34'::bpchar) AND ((p_type)::text !~~ 'LARGE BRUSHED%'::text) AND (p_size = ANY ('{48,19,12,4,41,7,21,39}'::integer[]))), (LLVM Optimized)"}]}]}]}, {"Node Type": "Hash", "Parent Relationship": "Inner", "Startup Cost": 18536.45, "Total Cost": 18536.45, "Plan Rows": 160, "Plan Width": 8, "Plans": [{"Node Type": "Streaming(type: BROADCAST dop: 16/1)", "Parent Relationship": "Outer", "Startup Cost": 0.0, "Total Cost": 18536.45, "Plan Rows": 160, "Plan Width": 8, "Plans": [{"Node Type": "Seq Scan", "Parent Relationship": "Outer", "Relation Name": "supplier", "Alias": "supplier", "Startup Cost": 0.0, "Total Cost": 3533.0, "Plan Rows": 10, "Plan Width": 8, "Filter": "((s_comment)::text ~~ '%Customer%Complaints%'::text)"}]}]}]}]}]}]}]}]}, "Unique SQL Id": 1437012347}, "explain_analyze_plan": {"Plan": {"Node Type": "Sort", "Startup Cost": 144484.63, "Total Cost": 144553.97, "Plan Rows": 27736, "Plan Width": 60, "Actual Min Startup Time": 1200.331, "Actual Max Startup Time": 1200.331, "Actual Min Total Time": 1203.099, "Actual Max Total Time": 1203.099, "Actual Total Rows": 27838, "Sort Key": ["(count(partsupp.ps_suppkey)) DESC", "part.p_brand", "part.p_type", "part.p_size"], "Sort Method": "quicksort", "Sort Space Min Used": 3402, "Sort Space Max Used": 3402, "Sort Space Type": "Memory", "Plans": [{"Node Type": "Streaming(type: LOCAL GATHER dop: 1/16)", "Parent Relationship": "Outer", "Startup Cost": 142139.85, "Total Cost": 142437.78, "Plan Rows": 27736, "Plan Width": 60, "Actual Min Startup Time": 941.122, "Actual Max Startup Time": 941.122, "Actual Min Total Time": 1112.365, "Actual Max Total Time": 1112.365, "Actual Total Rows": 27838, "Plans": [{"Node Type": "Aggregate", "Strategy": "Hashed", "Parent Relationship": "Outer", "Startup Cost": 142139.85, "Total Cost": 142157.19, "Plan Rows": 27736, "Plan Width": 60, "Actual Min Startup Time": 768.112, "Actual Max Startup Time": 989.65, "Actual Min Total Time": 768.112, "Actual Max Total Time": 990.899, "Actual Total Rows": 27838, "Group By Key": ["part.p_brand", "part.p_type", "part.p_size"], "Plans": [{"Node Type": "Aggregate", "Strategy": "Hashed", "Parent Relationship": "Outer", "Startup Cost": 141071.59, "Total Cost": 141605.72, "Plan Rows": 854611, "Plan Width": 52, "Actual Min Startup Time": 767.134, "Actual Max Startup Time": 831.536, "Actual Min Total Time": 768.05, "Actual Max Total Time": 863.759, "Actual Total Rows": 1188428, "Group By Key": ["part.p_brand", "part.p_type", "part.p_size", "partsupp.ps_suppkey"], "Plans": [{"Node Type": "Streaming(type: LOCAL REDISTRIBUTE dop: 16/16)", "Parent Relationship": "Outer", "Startup Cost": 69999.79, "Total Cost": 140403.93, "Plan Rows": 854611, "Plan Width": 44, "Actual Min Startup Time": 323.271, "Actual Max Startup Time": 773.136, "Actual Min Total Time": 614.546, "Actual Max Total Time": 773.136, "Actual Total Rows": 1188666, "Plans": [{"Node Type": "Hash Join", "Parent Relationship": "Outer", "Join Type": "Anti", "Startup Cost": 69999.79, "Total Cost": 104950.92, "Plan Rows": 854611, "Plan Width": 44, "Actual Min Startup Time": 319.56, "Actual Max Startup Time": 404.165, "Actual Min Total Time": 620.607, "Actual Max Total Time": 716.832, "Actual Total Rows": 1188666, "Inner Unique": false, "Hash Cond": "(partsupp.ps_suppkey = supplier.s_suppkey), (LLVM Optimized, Jit Execute)", "Plans": [{"Node Type": "Hash Join", "Parent Relationship": "Outer", "Join Type": "Inner", "Startup Cost": 51463.21, "Total Cost": 85746.67, "Plan Rows": 854625, "Plan Width": 44, "Actual Min Startup Time": 319.47, "Actual Max Startup Time": 342.856, "Actual Min Total Time": 598.59, "Actual Max Total Time": 634.107, "Actual Total Rows": 1189344, "Inner Unique": true, "Hash Cond": "(partsupp.ps_partkey = part.p_partkey), (LLVM Optimized, Jit Execute)", "Plans": [{"Node Type": "Seq Scan", "Parent Relationship": "Outer", "Relation Name": "partsupp", "Alias": "partsupp", "Startup Cost": 0.0, "Total Cost": 31874.23, "Plan Rows": 8000372, "Plan Width": 16, "Actual Min Startup Time": 0.023, "Actual Max Startup Time": 0.038, "Actual Min Total Time": 151.039, "Actual Max Total Time": 162.82, "Actual Total Rows": 8000000}, {"Node Type": "Hash", "Parent Relationship": "Inner", "Startup Cost": 47765.16, "Total Cost": 47765.16, "Plan Rows": 4733504, "Plan Width": 44, "Actual Min Startup Time": 319.067, "Actual Max Startup Time": 342.372, "Actual Min Total Time": 319.067, "Actual Max Total Time": 342.372, "Actual Total Rows": 4757376, "Max Hash Buckets": 524288, "Min Hash Buckets": 524288, "Max Hash Batches": 1, "Min Hash Batches": 1, "Max Original Hash Batches": 1, "Min Original Hash Batches": 1, "Max Peak Memory Usage": 23216, "min Peak Memory Usage": 23216, "Plans": [{"Node Type": "Streaming(type: BROADCAST dop: 16/16)", "Parent Relationship": "Outer", "Startup Cost": 0.0, "Total Cost": 47765.16, "Plan Rows": 4733504, "Plan Width": 44, "Actual Min Startup Time": 0.037, "Actual Max Startup Time": 0.092, "Actual Min Total Time": 218.869, "Actual Max Total Time": 242.54, "Actual Total Rows": 4757376, "Plans": [{"Node Type": "Seq Scan", "Parent Relationship": "Outer", "Relation Name": "part", "Alias": "part", "Startup Cost": 0.0, "Total Cost": 20746.5, "Plan Rows": 295844, "Plan Width": 44, "Actual Min Startup Time": 0.033, "Actual Max Startup Time": 0.07, "Actual Min Total Time": 102.838, "Actual Max Total Time": 108.172, "Actual Total Rows": 297336, "Filter": "((p_brand <> 'Brand#34'::bpchar) AND ((p_type)::text !~~ 'LARGE BRUSHED%'::text) AND (p_size = ANY ('{48,19,12,4,41,7,21,39}'::integer[]))), (LLVM Optimized, Jit Execute)", "Rows Removed by Filter": 1702664}]}]}]}, {"Node Type": "Hash", "Parent Relationship": "Inner", "Startup Cost": 18536.45, "Total Cost": 18536.45, "Plan Rows": 160, "Plan Width": 8, "Actual Min Startup Time": 0.041, "Actual Max Startup Time": 61.248, "Actual Min Total Time": 0.041, "Actual Max Total Time": 61.248, "Actual Total Rows": 896, "Max Hash Buckets": 32768, "Min Hash Buckets": 32768, "Max Hash Batches": 1, "Min Hash Batches": 1, "Max Original Hash Batches": 1, "Min Original Hash Batches": 1, "Max Peak Memory Usage": 3, "min Peak Memory Usage": 3, "Plans": [{"Node Type": "Streaming(type: BROADCAST dop: 16/1)", "Parent Relationship": "Outer", "Startup Cost": 0.0, "Total Cost": 18536.45, "Plan Rows": 160, "Plan Width": 8, "Actual Min Startup Time": 0.012, "Actual Max Startup Time": 61.212, "Actual Min Total Time": 0.014, "Actual Max Total Time": 61.215, "Actual Total Rows": 896, "Plans": [{"Node Type": "Seq Scan", "Parent Relationship": "Outer", "Relation Name": "supplier", "Alias": "supplier", "Startup Cost": 0.0, "Total Cost": 3533.0, "Plan Rows": 10, "Plan Width": 8, "Actual Min Startup Time": 0.248, "Actual Max Startup Time": 0.248, "Actual Min Total Time": 52.934, "Actual Max Total Time": 52.934, "Actual Total Rows": 56, "Filter": "((s_comment)::text ~~ '%Customer%Complaints%'::text)", "Rows Removed by Filter": 99944}]}]}]}]}]}]}]}]}, "Triggers": [], "Planner Runtime": 1.74, "Total Runtime": 1224.55, "Unique SQL Id": 1437012347}}, "(16, 99)": {"explain_plan": {"Plan": {"Node Type": "Sort", "Startup Cost": 636427.53, "Total Cost": 636496.87, "Plan Rows": 27736, "Plan Width": 60, "Sort Key": ["(count(partsupp.ps_suppkey)) DESC", "part.p_brand", "part.p_type", "part.p_size"], "Plans": [{"Node Type": "Aggregate", "Strategy": "Hashed", "Parent Relationship": "Outer", "Startup Cost": 634103.33, "Total Cost": 634380.69, "Plan Rows": 27736, "Plan Width": 60, "Group By Key": ["part.p_brand", "part.p_type", "part.p_size"], "Plans": [{"Node Type": "Aggregate", "Strategy": "Hashed", "Parent Relationship": "Outer", "Startup Cost": 633548.61, "Total Cost": 633825.97, "Plan Rows": 27736, "Plan Width": 52, "Group By Key": ["part.p_brand", "part.p_type", "part.p_size", "partsupp.ps_suppkey"], "Plans": [{"Node Type": "Hash Join", "Parent Relationship": "Outer", "Join Type": "Anti", "Startup Cost": 303647.84, "Total Cost": 622865.97, "Plan Rows": 854611, "Plan Width": 44, "Inner Unique": false, "Hash Cond": "(partsupp.ps_suppkey = supplier.s_suppkey), (LLVM Optimized)", "Plans": [{"Node Type": "Hash Join", "Parent Relationship": "Outer", "Join Type": "Inner", "Startup Cost": 298066.46, "Total Cost": 606601.83, "Plan Rows": 854625, "Plan Width": 44, "Inner Unique": true, "Hash Cond": "(partsupp.ps_partkey = part.p_partkey), (LLVM Optimized)", "Plans": [{"Node Type": "Bitmap Heap Scan", "Parent Relationship": "Outer", "Relation Name": "partsupp", "Alias": "partsupp", "Startup Cost": 163494.2, "Total Cost": 433481.92, "Plan Rows": 8000372, "Plan Width": 16, "Plans": [{"Node Type": "Bitmap Index Scan", "Parent Relationship": "Outer", "Index Name": "idx_partsupp_partkey", "Startup Cost": 0.0, "Total Cost": 161494.11, "Plan Rows": 8000372, "Plan Width": 0}]}, {"Node Type": "Hash", "Parent Relationship": "Inner", "Startup Cost": 130874.21, "Total Cost": 130874.21, "Plan Rows": 295844, "Plan Width": 44, "Plans": [{"Node Type": "Bitmap Heap Scan", "Parent Relationship": "Outer", "Relation Name": "part", "Alias": "part", "Startup Cost": 38930.21, "Total Cost": 130874.21, "Plan Rows": 295844, "Plan Width": 44, "Filter": "((p_brand <> 'Brand#34'::bpchar) AND ((p_type)::text !~~ 'LARGE BRUSHED%'::text) AND (p_size = ANY ('{48,19,12,4,41,7,21,39}'::integer[]))), (LLVM Optimized)", "Plans": [{"Node Type": "Bitmap Index Scan", "Parent Relationship": "Outer", "Index Name": "part_kpey", "Startup Cost": 0.0, "Total Cost": 38856.25, "Plan Rows": 2000000, "Plan Width": 0}]}]}]}, {"Node Type": "Hash", "Parent Relationship": "Inner", "Startup Cost": 5581.25, "Total Cost": 5581.25, "Plan Rows": 10, "Plan Width": 8, "Plans": [{"Node Type": "Bitmap Heap Scan", "Parent Relationship": "Outer", "Relation Name": "supplier", "Alias": "supplier", "Startup Cost": 2048.25, "Total Cost": 5581.25, "Plan Rows": 10, "Plan Width": 8, "Filter": "((s_comment)::text ~~ '%Customer%Complaints%'::text)", "Plans": [{"Node Type": "Bitmap Index Scan", "Parent Relationship": "Outer", "Index Name": "supplier_pkey", "Startup Cost": 0.0, "Total Cost": 2048.25, "Plan Rows": 100000, "Plan Width": 0}]}]}]}]}]}]}, "Unique SQL Id": 1437012347}, "explain_analyze_plan": null}, "(16, 100)": {"explain_plan": {"Plan": {"Node Type": "Sort", "Startup Cost": 144484.63, "Total Cost": 144553.97, "Plan Rows": 27736, "Plan Width": 60, "Sort Key": ["(count(partsupp.ps_suppkey)) DESC", "part.p_brand", "part.p_type", "part.p_size"], "Plans": [{"Node Type": "Streaming(type: LOCAL GATHER dop: 1/16)", "Parent Relationship": "Outer", "Startup Cost": 142139.85, "Total Cost": 142437.78, "Plan Rows": 27736, "Plan Width": 60, "Plans": [{"Node Type": "Aggregate", "Strategy": "Hashed", "Parent Relationship": "Outer", "Startup Cost": 142139.85, "Total Cost": 142157.19, "Plan Rows": 27736, "Plan Width": 60, "Group By Key": ["part.p_brand", "part.p_type", "part.p_size"], "Plans": [{"Node Type": "Aggregate", "Strategy": "Hashed", "Parent Relationship": "Outer", "Startup Cost": 141071.59, "Total Cost": 141605.72, "Plan Rows": 854611, "Plan Width": 52, "Group By Key": ["part.p_brand", "part.p_type", "part.p_size", "partsupp.ps_suppkey"], "Plans": [{"Node Type": "Streaming(type: LOCAL REDISTRIBUTE dop: 16/16)", "Parent Relationship": "Outer", "Startup Cost": 69999.79, "Total Cost": 140403.93, "Plan Rows": 854611, "Plan Width": 44, "Plans": [{"Node Type": "Hash Join", "Parent Relationship": "Outer", "Join Type": "Anti", "Startup Cost": 69999.79, "Total Cost": 104950.92, "Plan Rows": 854611, "Plan Width": 44, "Inner Unique": false, "Hash Cond": "(partsupp.ps_suppkey = supplier.s_suppkey), (LLVM Optimized)", "Plans": [{"Node Type": "Hash Join", "Parent Relationship": "Outer", "Join Type": "Inner", "Startup Cost": 51463.21, "Total Cost": 85746.67, "Plan Rows": 854625, "Plan Width": 44, "Inner Unique": true, "Hash Cond": "(partsupp.ps_partkey = part.p_partkey), (LLVM Optimized)", "Plans": [{"Node Type": "Seq Scan", "Parent Relationship": "Outer", "Relation Name": "partsupp", "Alias": "partsupp", "Startup Cost": 0.0, "Total Cost": 31874.23, "Plan Rows": 8000372, "Plan Width": 16}, {"Node Type": "Hash", "Parent Relationship": "Inner", "Startup Cost": 47765.16, "Total Cost": 47765.16, "Plan Rows": 4733504, "Plan Width": 44, "Plans": [{"Node Type": "Streaming(type: BROADCAST dop: 16/16)", "Parent Relationship": "Outer", "Startup Cost": 0.0, "Total Cost": 47765.16, "Plan Rows": 4733504, "Plan Width": 44, "Plans": [{"Node Type": "Seq Scan", "Parent Relationship": "Outer", "Relation Name": "part", "Alias": "part", "Startup Cost": 0.0, "Total Cost": 20746.5, "Plan Rows": 295844, "Plan Width": 44, "Filter": "((p_brand <> 'Brand#34'::bpchar) AND ((p_type)::text !~~ 'LARGE BRUSHED%'::text) AND (p_size = ANY ('{48,19,12,4,41,7,21,39}'::integer[]))), (LLVM Optimized)"}]}]}]}, {"Node Type": "Hash", "Parent Relationship": "Inner", "Startup Cost": 18536.45, "Total Cost": 18536.45, "Plan Rows": 160, "Plan Width": 8, "Plans": [{"Node Type": "Streaming(type: BROADCAST dop: 16/1)", "Parent Relationship": "Outer", "Startup Cost": 0.0, "Total Cost": 18536.45, "Plan Rows": 160, "Plan Width": 8, "Plans": [{"Node Type": "Seq Scan", "Parent Relationship": "Outer", "Relation Name": "supplier", "Alias": "supplier", "Startup Cost": 0.0, "Total Cost": 3533.0, "Plan Rows": 10, "Plan Width": 8, "Filter": "((s_comment)::text ~~ '%Customer%Complaints%'::text)"}]}]}]}]}]}]}]}]}, "Unique SQL Id": 1437012347}, "explain_analyze_plan": {"Plan": {"Node Type": "Sort", "Startup Cost": 144484.63, "Total Cost": 144553.97, "Plan Rows": 27736, "Plan Width": 60, "Actual Min Startup Time": 1200.331, "Actual Max Startup Time": 1200.331, "Actual Min Total Time": 1203.099, "Actual Max Total Time": 1203.099, "Actual Total Rows": 27838, "Sort Key": ["(count(partsupp.ps_suppkey)) DESC", "part.p_brand", "part.p_type", "part.p_size"], "Sort Method": "quicksort", "Sort Space Min Used": 3402, "Sort Space Max Used": 3402, "Sort Space Type": "Memory", "Plans": [{"Node Type": "Streaming(type: LOCAL GATHER dop: 1/16)", "Parent Relationship": "Outer", "Startup Cost": 142139.85, "Total Cost": 142437.78, "Plan Rows": 27736, "Plan Width": 60, "Actual Min Startup Time": 941.122, "Actual Max Startup Time": 941.122, "Actual Min Total Time": 1112.365, "Actual Max Total Time": 1112.365, "Actual Total Rows": 27838, "Plans": [{"Node Type": "Aggregate", "Strategy": "Hashed", "Parent Relationship": "Outer", "Startup Cost": 142139.85, "Total Cost": 142157.19, "Plan Rows": 27736, "Plan Width": 60, "Actual Min Startup Time": 768.112, "Actual Max Startup Time": 989.65, "Actual Min Total Time": 768.112, "Actual Max Total Time": 990.899, "Actual Total Rows": 27838, "Group By Key": ["part.p_brand", "part.p_type", "part.p_size"], "Plans": [{"Node Type": "Aggregate", "Strategy": "Hashed", "Parent Relationship": "Outer", "Startup Cost": 141071.59, "Total Cost": 141605.72, "Plan Rows": 854611, "Plan Width": 52, "Actual Min Startup Time": 767.134, "Actual Max Startup Time": 831.536, "Actual Min Total Time": 768.05, "Actual Max Total Time": 863.759, "Actual Total Rows": 1188428, "Group By Key": ["part.p_brand", "part.p_type", "part.p_size", "partsupp.ps_suppkey"], "Plans": [{"Node Type": "Streaming(type: LOCAL REDISTRIBUTE dop: 16/16)", "Parent Relationship": "Outer", "Startup Cost": 69999.79, "Total Cost": 140403.93, "Plan Rows": 854611, "Plan Width": 44, "Actual Min Startup Time": 323.271, "Actual Max Startup Time": 773.136, "Actual Min Total Time": 614.546, "Actual Max Total Time": 773.136, "Actual Total Rows": 1188666, "Plans": [{"Node Type": "Hash Join", "Parent Relationship": "Outer", "Join Type": "Anti", "Startup Cost": 69999.79, "Total Cost": 104950.92, "Plan Rows": 854611, "Plan Width": 44, "Actual Min Startup Time": 319.56, "Actual Max Startup Time": 404.165, "Actual Min Total Time": 620.607, "Actual Max Total Time": 716.832, "Actual Total Rows": 1188666, "Inner Unique": false, "Hash Cond": "(partsupp.ps_suppkey = supplier.s_suppkey), (LLVM Optimized, Jit Execute)", "Plans": [{"Node Type": "Hash Join", "Parent Relationship": "Outer", "Join Type": "Inner", "Startup Cost": 51463.21, "Total Cost": 85746.67, "Plan Rows": 854625, "Plan Width": 44, "Actual Min Startup Time": 319.47, "Actual Max Startup Time": 342.856, "Actual Min Total Time": 598.59, "Actual Max Total Time": 634.107, "Actual Total Rows": 1189344, "Inner Unique": true, "Hash Cond": "(partsupp.ps_partkey = part.p_partkey), (LLVM Optimized, Jit Execute)", "Plans": [{"Node Type": "Seq Scan", "Parent Relationship": "Outer", "Relation Name": "partsupp", "Alias": "partsupp", "Startup Cost": 0.0, "Total Cost": 31874.23, "Plan Rows": 8000372, "Plan Width": 16, "Actual Min Startup Time": 0.023, "Actual Max Startup Time": 0.038, "Actual Min Total Time": 151.039, "Actual Max Total Time": 162.82, "Actual Total Rows": 8000000}, {"Node Type": "Hash", "Parent Relationship": "Inner", "Startup Cost": 47765.16, "Total Cost": 47765.16, "Plan Rows": 4733504, "Plan Width": 44, "Actual Min Startup Time": 319.067, "Actual Max Startup Time": 342.372, "Actual Min Total Time": 319.067, "Actual Max Total Time": 342.372, "Actual Total Rows": 4757376, "Max Hash Buckets": 524288, "Min Hash Buckets": 524288, "Max Hash Batches": 1, "Min Hash Batches": 1, "Max Original Hash Batches": 1, "Min Original Hash Batches": 1, "Max Peak Memory Usage": 23216, "min Peak Memory Usage": 23216, "Plans": [{"Node Type": "Streaming(type: BROADCAST dop: 16/16)", "Parent Relationship": "Outer", "Startup Cost": 0.0, "Total Cost": 47765.16, "Plan Rows": 4733504, "Plan Width": 44, "Actual Min Startup Time": 0.037, "Actual Max Startup Time": 0.092, "Actual Min Total Time": 218.869, "Actual Max Total Time": 242.54, "Actual Total Rows": 4757376, "Plans": [{"Node Type": "Seq Scan", "Parent Relationship": "Outer", "Relation Name": "part", "Alias": "part", "Startup Cost": 0.0, "Total Cost": 20746.5, "Plan Rows": 295844, "Plan Width": 44, "Actual Min Startup Time": 0.033, "Actual Max Startup Time": 0.07, "Actual Min Total Time": 102.838, "Actual Max Total Time": 108.172, "Actual Total Rows": 297336, "Filter": "((p_brand <> 'Brand#34'::bpchar) AND ((p_type)::text !~~ 'LARGE BRUSHED%'::text) AND (p_size = ANY ('{48,19,12,4,41,7,21,39}'::integer[]))), (LLVM Optimized, Jit Execute)", "Rows Removed by Filter": 1702664}]}]}]}, {"Node Type": "Hash", "Parent Relationship": "Inner", "Startup Cost": 18536.45, "Total Cost": 18536.45, "Plan Rows": 160, "Plan Width": 8, "Actual Min Startup Time": 0.041, "Actual Max Startup Time": 61.248, "Actual Min Total Time": 0.041, "Actual Max Total Time": 61.248, "Actual Total Rows": 896, "Max Hash Buckets": 32768, "Min Hash Buckets": 32768, "Max Hash Batches": 1, "Min Hash Batches": 1, "Max Original Hash Batches": 1, "Min Original Hash Batches": 1, "Max Peak Memory Usage": 3, "min Peak Memory Usage": 3, "Plans": [{"Node Type": "Streaming(type: BROADCAST dop: 16/1)", "Parent Relationship": "Outer", "Startup Cost": 0.0, "Total Cost": 18536.45, "Plan Rows": 160, "Plan Width": 8, "Actual Min Startup Time": 0.012, "Actual Max Startup Time": 61.212, "Actual Min Total Time": 0.014, "Actual Max Total Time": 61.215, "Actual Total Rows": 896, "Plans": [{"Node Type": "Seq Scan", "Parent Relationship": "Outer", "Relation Name": "supplier", "Alias": "supplier", "Startup Cost": 0.0, "Total Cost": 3533.0, "Plan Rows": 10, "Plan Width": 8, "Actual Min Startup Time": 0.248, "Actual Max Startup Time": 0.248, "Actual Min Total Time": 52.934, "Actual Max Total Time": 52.934, "Actual Total Rows": 56, "Filter": "((s_comment)::text ~~ '%Customer%Complaints%'::text)", "Rows Removed by Filter": 99944}]}]}]}]}]}]}]}]}, "Triggers": [], "Planner Runtime": 1.74, "Total Runtime": 1224.55, "Unique SQL Id": 1437012347}}, "(16, 101)": {"explain_plan": {"Plan": {"Node Type": "Sort", "Startup Cost": 564325.23, "Total Cost": 564394.57, "Plan Rows": 27736, "Plan Width": 60, "Sort Key": ["(count(partsupp.ps_suppkey)) DESC", "part.p_brand", "part.p_type", "part.p_size"], "Plans": [{"Node Type": "Streaming(type: LOCAL GATHER dop: 1/16)", "Parent Relationship": "Outer", "Startup Cost": 561980.46, "Total Cost": 562278.39, "Plan Rows": 27736, "Plan Width": 60, "Plans": [{"Node Type": "Aggregate", "Strategy": "Hashed", "Parent Relationship": "Outer", "Startup Cost": 561980.46, "Total Cost": 561997.8, "Plan Rows": 27736, "Plan Width": 60, "Group By Key": ["part.p_brand", "part.p_type", "part.p_size"], "Plans": [{"Node Type": "Aggregate", "Strategy": "Hashed", "Parent Relationship": "Outer", "Startup Cost": 560912.2, "Total Cost": 561446.33, "Plan Rows": 854611, "Plan Width": 52, "Group By Key": ["part.p_brand", "part.p_type", "part.p_size", "partsupp.ps_suppkey"], "Plans": [{"Node Type": "Streaming(type: LOCAL REDISTRIBUTE dop: 16/16)", "Parent Relationship": "Outer", "Startup Cost": 150233.08, "Total Cost": 560244.53, "Plan Rows": 854611, "Plan Width": 44, "Plans": [{"Node Type": "Hash Join", "Parent Relationship": "Outer", "Join Type": "Anti", "Startup Cost": 150233.08, "Total Cost": 524791.53, "Plan Rows": 854611, "Plan Width": 44, "Inner Unique": false, "Hash Cond": "(partsupp.ps_suppkey = supplier.s_suppkey), (LLVM Optimized)", "Plans": [{"Node Type": "Hash Join", "Parent Relationship": "Outer", "Join Type": "Inner", "Startup Cost": 129644.96, "Total Cost": 503535.74, "Plan Rows": 854625, "Plan Width": 44, "Inner Unique": true, "Hash Cond": "(partsupp.ps_partkey = part.p_partkey), (LLVM Optimized)", "Plans": [{"Node Type": "Index Scan", "Parent Relationship": "Outer", "Scan Direction": "Forward", "Index Name": "idx_partsupp_partkey", "Relation Name": "partsupp", "Alias": "partsupp", "Startup Cost": 0.0, "Total Cost": 371481.55, "Plan Rows": 8000372, "Plan Width": 16}, {"Node Type": "Hash", "Parent Relationship": "Inner", "Startup Cost": 125946.91, "Total Cost": 125946.91, "Plan Rows": 4733504, "Plan Width": 44, "Plans": [{"Node Type": "Streaming(type: BROADCAST dop: 16/16)", "Parent Relationship": "Outer", "Startup Cost": 0.0, "Total Cost": 125946.91, "Plan Rows": 4733504, "Plan Width": 44, "Plans": [{"Node Type": "Index Scan", "Parent Relationship": "Outer", "Scan Direction": "Forward", "Index Name": "part_kpey", "Relation Name": "part", "Alias": "part", "Startup Cost": 0.0, "Total Cost": 98928.25, "Plan Rows": 295844, "Plan Width": 44, "Filter": "((p_brand <> 'Brand#34'::bpchar) AND ((p_type)::text !~~ 'LARGE BRUSHED%'::text) AND (p_size = ANY ('{48,19,12,4,41,7,21,39}'::integer[]))), (LLVM Optimized)"}]}]}]}, {"Node Type": "Hash", "Parent Relationship": "Inner", "Startup Cost": 20588.0, "Total Cost": 20588.0, "Plan Rows": 160, "Plan Width": 8, "Plans": [{"Node Type": "Streaming(type: BROADCAST dop: 16/1)", "Parent Relationship": "Outer", "Startup Cost": 0.0, "Total Cost": 20588.0, "Plan Rows": 160, "Plan Width": 8, "Plans": [{"Node Type": "Index Scan", "Parent Relationship": "Outer", "Scan Direction": "Forward", "Index Name": "supplier_pkey", "Relation Name": "supplier", "Alias": "supplier", "Startup Cost": 0.0, "Total Cost": 5584.54, "Plan Rows": 10, "Plan Width": 8, "Filter": "((s_comment)::text ~~ '%Customer%Complaints%'::text)"}]}]}]}]}]}]}]}]}, "Unique SQL Id": 1437012347}, "explain_analyze_plan": {"Plan": {"Node Type": "Sort", "Startup Cost": 564325.23, "Total Cost": 564394.57, "Plan Rows": 27736, "Plan Width": 60, "Actual Min Startup Time": 1619.572, "Actual Max Startup Time": 1619.572, "Actual Min Total Time": 1622.26, "Actual Max Total Time": 1622.26, "Actual Total Rows": 27838, "Sort Key": ["(count(partsupp.ps_suppkey)) DESC", "part.p_brand", "part.p_type", "part.p_size"], "Sort Method": "quicksort", "Sort Space Min Used": 3402, "Sort Space Max Used": 3402, "Sort Space Type": "Memory", "Plans": [{"Node Type": "Streaming(type: LOCAL GATHER dop: 1/16)", "Parent Relationship": "Outer", "Startup Cost": 561980.46, "Total Cost": 562278.39, "Plan Rows": 27736, "Plan Width": 60, "Actual Min Startup Time": 1367.631, "Actual Max Startup Time": 1367.631, "Actual Min Total Time": 1534.225, "Actual Max Total Time": 1534.225, "Actual Total Rows": 27838, "Plans": [{"Node Type": "Aggregate", "Strategy": "Hashed", "Parent Relationship": "Outer", "Startup Cost": 561980.46, "Total Cost": 561997.8, "Plan Rows": 27736, "Plan Width": 60, "Actual Min Startup Time": 1184.074, "Actual Max Startup Time": 1396.508, "Actual Min Total Time": 1184.074, "Actual Max Total Time": 1397.687, "Actual Total Rows": 27838, "Group By Key": ["part.p_brand", "part.p_type", "part.p_size"], "Plans": [{"Node Type": "Aggregate", "Strategy": "Hashed", "Parent Relationship": "Outer", "Startup Cost": 560912.2, "Total Cost": 561446.33, "Plan Rows": 854611, "Plan Width": 52, "Actual Min Startup Time": 1176.118, "Actual Max Startup Time": 1256.882, "Actual Min Total Time": 1184.016, "Actual Max Total Time": 1288.867, "Actual Total Rows": 1188428, "Group By Key": ["part.p_brand", "part.p_type", "part.p_size", "partsupp.ps_suppkey"], "Plans": [{"Node Type": "Streaming(type: LOCAL REDISTRIBUTE dop: 16/16)", "Parent Relationship": "Outer", "Startup Cost": 150233.08, "Total Cost": 560244.53, "Plan Rows": 854611, "Plan Width": 44, "Actual Min Startup Time": 568.154, "Actual Max Startup Time": 1213.325, "Actual Min Total Time": 1036.832, "Actual Max Total Time": 1213.325, "Actual Total Rows": 1188666, "Plans": [{"Node Type": "Hash Join", "Parent Relationship": "Outer", "Join Type": "Anti", "Startup Cost": 150233.08, "Total Cost": 524791.53, "Plan Rows": 854611, "Plan Width": 44, "Actual Min Startup Time": 563.498, "Actual Max Startup Time": 656.823, "Actual Min Total Time": 1032.687, "Actual Max Total Time": 1151.158, "Actual Total Rows": 1188666, "Inner Unique": false, "Hash Cond": "(partsupp.ps_suppkey = supplier.s_suppkey), (LLVM Optimized, Jit Execute)", "Plans": [{"Node Type": "Hash Join", "Parent Relationship": "Outer", "Join Type": "Inner", "Startup Cost": 129644.96, "Total Cost": 503535.74, "Plan Rows": 854625, "Plan Width": 44, "Actual Min Startup Time": 563.406, "Actual Max Startup Time": 565.349, "Actual Min Total Time": 1004.557, "Actual Max Total Time": 1049.519, "Actual Total Rows": 1189344, "Inner Unique": true, "Hash Cond": "(partsupp.ps_partkey = part.p_partkey), (LLVM Optimized, Jit Execute)", "Plans": [{"Node Type": "Index Scan", "Parent Relationship": "Outer", "Scan Direction": "Forward", "Index Name": "idx_partsupp_partkey", "Relation Name": "partsupp", "Alias": "partsupp", "Startup Cost": 0.0, "Total Cost": 371481.55, "Plan Rows": 8000372, "Plan Width": 16, "Actual Min Startup Time": 53.627, "Actual Max Startup Time": 53.723, "Actual Min Total Time": 366.616, "Actual Max Total Time": 382.503, "Actual Total Rows": 8000000}, {"Node Type": "Hash", "Parent Relationship": "Inner", "Startup Cost": 125946.91, "Total Cost": 125946.91, "Plan Rows": 4733504, "Plan Width": 44, "Actual Min Startup Time": 509.283, "Actual Max Startup Time": 511.049, "Actual Min Total Time": 509.283, "Actual Max Total Time": 511.049, "Actual Total Rows": 4757376, "Max Hash Buckets": 524288, "Min Hash Buckets": 524288, "Max Hash Batches": 1, "Min Hash Batches": 1, "Max Original Hash Batches": 1, "Min Original Hash Batches": 1, "Max Peak Memory Usage": 23216, "min Peak Memory Usage": 23216, "Plans": [{"Node Type": "Streaming(type: BROADCAST dop: 16/16)", "Parent Relationship": "Outer", "Startup Cost": 0.0, "Total Cost": 125946.91, "Plan Rows": 4733504, "Plan Width": 44, "Actual Min Startup Time": 10.053, "Actual Max Startup Time": 11.842, "Actual Min Total Time": 402.657, "Actual Max Total Time": 419.53, "Actual Total Rows": 4757376, "Plans": [{"Node Type": "Index Scan", "Parent Relationship": "Outer", "Scan Direction": "Forward", "Index Name": "part_kpey", "Relation Name": "part", "Alias": "part", "Startup Cost": 0.0, "Total Cost": 98928.25, "Plan Rows": 295844, "Plan Width": 44, "Actual Min Startup Time": 11.768, "Actual Max Startup Time": 86.127, "Actual Min Total Time": 163.258, "Actual Max Total Time": 249.032, "Actual Total Rows": 297336, "Filter": "((p_brand <> 'Brand#34'::bpchar) AND ((p_type)::text !~~ 'LARGE BRUSHED%'::text) AND (p_size = ANY ('{48,19,12,4,41,7,21,39}'::integer[]))), (LLVM Optimized, Jit Execute)", "Rows Removed by Filter": 1702664}]}]}]}, {"Node Type": "Hash", "Parent Relationship": "Inner", "Startup Cost": 20588.0, "Total Cost": 20588.0, "Plan Rows": 160, "Plan Width": 8, "Actual Min Startup Time": 0.048, "Actual Max Startup Time": 92.028, "Actual Min Total Time": 0.048, "Actual Max Total Time": 92.028, "Actual Total Rows": 896, "Max Hash Buckets": 32768, "Min Hash Buckets": 32768, "Max Hash Batches": 1, "Min Hash Batches": 1, "Max Original Hash Batches": 1, "Min Original Hash Batches": 1, "Max Peak Memory Usage": 3, "min Peak Memory Usage": 3, "Plans": [{"Node Type": "Streaming(type: BROADCAST dop: 16/1)", "Parent Relationship": "Outer", "Startup Cost": 0.0, "Total Cost": 20588.0, "Plan Rows": 160, "Plan Width": 8, "Actual Min Startup Time": 0.021, "Actual Max Startup Time": 91.779, "Actual Min Total Time": 0.024, "Actual Max Total Time": 91.786, "Actual Total Rows": 896, "Plans": [{"Node Type": "Index Scan", "Parent Relationship": "Outer", "Scan Direction": "Forward", "Index Name": "supplier_pkey", "Relation Name": "supplier", "Alias": "supplier", "Startup Cost": 0.0, "Total Cost": 5584.54, "Plan Rows": 10, "Plan Width": 8, "Actual Min Startup Time": 0.422, "Actual Max Startup Time": 0.422, "Actual Min Total Time": 88.316, "Actual Max Total Time": 88.316, "Actual Total Rows": 56, "Filter": "((s_comment)::text ~~ '%Customer%Complaints%'::text)", "Rows Removed by Filter": 99944}]}]}]}]}]}]}]}]}, "Triggers": [], "Planner Runtime": 1.876, "Total Runtime": 1643.998, "Unique SQL Id": 1437012347}}, "(16, 102)": {"explain_plan": {"Plan": {"Node Type": "Sort", "Startup Cost": 144484.63, "Total Cost": 144553.97, "Plan Rows": 27736, "Plan Width": 60, "Sort Key": ["(count(partsupp.ps_suppkey)) DESC", "part.p_brand", "part.p_type", "part.p_size"], "Plans": [{"Node Type": "Streaming(type: LOCAL GATHER dop: 1/16)", "Parent Relationship": "Outer", "Startup Cost": 142139.85, "Total Cost": 142437.78, "Plan Rows": 27736, "Plan Width": 60, "Plans": [{"Node Type": "Aggregate", "Strategy": "Hashed", "Parent Relationship": "Outer", "Startup Cost": 142139.85, "Total Cost": 142157.19, "Plan Rows": 27736, "Plan Width": 60, "Group By Key": ["part.p_brand", "part.p_type", "part.p_size"], "Plans": [{"Node Type": "Aggregate", "Strategy": "Hashed", "Parent Relationship": "Outer", "Startup Cost": 141071.59, "Total Cost": 141605.72, "Plan Rows": 854611, "Plan Width": 52, "Group By Key": ["part.p_brand", "part.p_type", "part.p_size", "partsupp.ps_suppkey"], "Plans": [{"Node Type": "Streaming(type: LOCAL REDISTRIBUTE dop: 16/16)", "Parent Relationship": "Outer", "Startup Cost": 69999.79, "Total Cost": 140403.93, "Plan Rows": 854611, "Plan Width": 44, "Plans": [{"Node Type": "Hash Join", "Parent Relationship": "Outer", "Join Type": "Anti", "Startup Cost": 69999.79, "Total Cost": 104950.92, "Plan Rows": 854611, "Plan Width": 44, "Inner Unique": false, "Hash Cond": "(partsupp.ps_suppkey = supplier.s_suppkey), (LLVM Optimized)", "Plans": [{"Node Type": "Hash Join", "Parent Relationship": "Outer", "Join Type": "Inner", "Startup Cost": 51463.21, "Total Cost": 85746.67, "Plan Rows": 854625, "Plan Width": 44, "Inner Unique": true, "Hash Cond": "(partsupp.ps_partkey = part.p_partkey), (LLVM Optimized)", "Plans": [{"Node Type": "Seq Scan", "Parent Relationship": "Outer", "Relation Name": "partsupp", "Alias": "partsupp", "Startup Cost": 0.0, "Total Cost": 31874.23, "Plan Rows": 8000372, "Plan Width": 16}, {"Node Type": "Hash", "Parent Relationship": "Inner", "Startup Cost": 47765.16, "Total Cost": 47765.16, "Plan Rows": 4733504, "Plan Width": 44, "Plans": [{"Node Type": "Streaming(type: BROADCAST dop: 16/16)", "Parent Relationship": "Outer", "Startup Cost": 0.0, "Total Cost": 47765.16, "Plan Rows": 4733504, "Plan Width": 44, "Plans": [{"Node Type": "Seq Scan", "Parent Relationship": "Outer", "Relation Name": "part", "Alias": "part", "Startup Cost": 0.0, "Total Cost": 20746.5, "Plan Rows": 295844, "Plan Width": 44, "Filter": "((p_brand <> 'Brand#34'::bpchar) AND ((p_type)::text !~~ 'LARGE BRUSHED%'::text) AND (p_size = ANY ('{48,19,12,4,41,7,21,39}'::integer[]))), (LLVM Optimized)"}]}]}]}, {"Node Type": "Hash", "Parent Relationship": "Inner", "Startup Cost": 18536.45, "Total Cost": 18536.45, "Plan Rows": 160, "Plan Width": 8, "Plans": [{"Node Type": "Streaming(type: BROADCAST dop: 16/1)", "Parent Relationship": "Outer", "Startup Cost": 0.0, "Total Cost": 18536.45, "Plan Rows": 160, "Plan Width": 8, "Plans": [{"Node Type": "Seq Scan", "Parent Relationship": "Outer", "Relation Name": "supplier", "Alias": "supplier", "Startup Cost": 0.0, "Total Cost": 3533.0, "Plan Rows": 10, "Plan Width": 8, "Filter": "((s_comment)::text ~~ '%Customer%Complaints%'::text)"}]}]}]}]}]}]}]}]}, "Unique SQL Id": 1437012347}, "explain_analyze_plan": {"Plan": {"Node Type": "Sort", "Startup Cost": 144484.63, "Total Cost": 144553.97, "Plan Rows": 27736, "Plan Width": 60, "Actual Min Startup Time": 1200.331, "Actual Max Startup Time": 1200.331, "Actual Min Total Time": 1203.099, "Actual Max Total Time": 1203.099, "Actual Total Rows": 27838, "Sort Key": ["(count(partsupp.ps_suppkey)) DESC", "part.p_brand", "part.p_type", "part.p_size"], "Sort Method": "quicksort", "Sort Space Min Used": 3402, "Sort Space Max Used": 3402, "Sort Space Type": "Memory", "Plans": [{"Node Type": "Streaming(type: LOCAL GATHER dop: 1/16)", "Parent Relationship": "Outer", "Startup Cost": 142139.85, "Total Cost": 142437.78, "Plan Rows": 27736, "Plan Width": 60, "Actual Min Startup Time": 941.122, "Actual Max Startup Time": 941.122, "Actual Min Total Time": 1112.365, "Actual Max Total Time": 1112.365, "Actual Total Rows": 27838, "Plans": [{"Node Type": "Aggregate", "Strategy": "Hashed", "Parent Relationship": "Outer", "Startup Cost": 142139.85, "Total Cost": 142157.19, "Plan Rows": 27736, "Plan Width": 60, "Actual Min Startup Time": 768.112, "Actual Max Startup Time": 989.65, "Actual Min Total Time": 768.112, "Actual Max Total Time": 990.899, "Actual Total Rows": 27838, "Group By Key": ["part.p_brand", "part.p_type", "part.p_size"], "Plans": [{"Node Type": "Aggregate", "Strategy": "Hashed", "Parent Relationship": "Outer", "Startup Cost": 141071.59, "Total Cost": 141605.72, "Plan Rows": 854611, "Plan Width": 52, "Actual Min Startup Time": 767.134, "Actual Max Startup Time": 831.536, "Actual Min Total Time": 768.05, "Actual Max Total Time": 863.759, "Actual Total Rows": 1188428, "Group By Key": ["part.p_brand", "part.p_type", "part.p_size", "partsupp.ps_suppkey"], "Plans": [{"Node Type": "Streaming(type: LOCAL REDISTRIBUTE dop: 16/16)", "Parent Relationship": "Outer", "Startup Cost": 69999.79, "Total Cost": 140403.93, "Plan Rows": 854611, "Plan Width": 44, "Actual Min Startup Time": 323.271, "Actual Max Startup Time": 773.136, "Actual Min Total Time": 614.546, "Actual Max Total Time": 773.136, "Actual Total Rows": 1188666, "Plans": [{"Node Type": "Hash Join", "Parent Relationship": "Outer", "Join Type": "Anti", "Startup Cost": 69999.79, "Total Cost": 104950.92, "Plan Rows": 854611, "Plan Width": 44, "Actual Min Startup Time": 319.56, "Actual Max Startup Time": 404.165, "Actual Min Total Time": 620.607, "Actual Max Total Time": 716.832, "Actual Total Rows": 1188666, "Inner Unique": false, "Hash Cond": "(partsupp.ps_suppkey = supplier.s_suppkey), (LLVM Optimized, Jit Execute)", "Plans": [{"Node Type": "Hash Join", "Parent Relationship": "Outer", "Join Type": "Inner", "Startup Cost": 51463.21, "Total Cost": 85746.67, "Plan Rows": 854625, "Plan Width": 44, "Actual Min Startup Time": 319.47, "Actual Max Startup Time": 342.856, "Actual Min Total Time": 598.59, "Actual Max Total Time": 634.107, "Actual Total Rows": 1189344, "Inner Unique": true, "Hash Cond": "(partsupp.ps_partkey = part.p_partkey), (LLVM Optimized, Jit Execute)", "Plans": [{"Node Type": "Seq Scan", "Parent Relationship": "Outer", "Relation Name": "partsupp", "Alias": "partsupp", "Startup Cost": 0.0, "Total Cost": 31874.23, "Plan Rows": 8000372, "Plan Width": 16, "Actual Min Startup Time": 0.023, "Actual Max Startup Time": 0.038, "Actual Min Total Time": 151.039, "Actual Max Total Time": 162.82, "Actual Total Rows": 8000000}, {"Node Type": "Hash", "Parent Relationship": "Inner", "Startup Cost": 47765.16, "Total Cost": 47765.16, "Plan Rows": 4733504, "Plan Width": 44, "Actual Min Startup Time": 319.067, "Actual Max Startup Time": 342.372, "Actual Min Total Time": 319.067, "Actual Max Total Time": 342.372, "Actual Total Rows": 4757376, "Max Hash Buckets": 524288, "Min Hash Buckets": 524288, "Max Hash Batches": 1, "Min Hash Batches": 1, "Max Original Hash Batches": 1, "Min Original Hash Batches": 1, "Max Peak Memory Usage": 23216, "min Peak Memory Usage": 23216, "Plans": [{"Node Type": "Streaming(type: BROADCAST dop: 16/16)", "Parent Relationship": "Outer", "Startup Cost": 0.0, "Total Cost": 47765.16, "Plan Rows": 4733504, "Plan Width": 44, "Actual Min Startup Time": 0.037, "Actual Max Startup Time": 0.092, "Actual Min Total Time": 218.869, "Actual Max Total Time": 242.54, "Actual Total Rows": 4757376, "Plans": [{"Node Type": "Seq Scan", "Parent Relationship": "Outer", "Relation Name": "part", "Alias": "part", "Startup Cost": 0.0, "Total Cost": 20746.5, "Plan Rows": 295844, "Plan Width": 44, "Actual Min Startup Time": 0.033, "Actual Max Startup Time": 0.07, "Actual Min Total Time": 102.838, "Actual Max Total Time": 108.172, "Actual Total Rows": 297336, "Filter": "((p_brand <> 'Brand#34'::bpchar) AND ((p_type)::text !~~ 'LARGE BRUSHED%'::text) AND (p_size = ANY ('{48,19,12,4,41,7,21,39}'::integer[]))), (LLVM Optimized, Jit Execute)", "Rows Removed by Filter": 1702664}]}]}]}, {"Node Type": "Hash", "Parent Relationship": "Inner", "Startup Cost": 18536.45, "Total Cost": 18536.45, "Plan Rows": 160, "Plan Width": 8, "Actual Min Startup Time": 0.041, "Actual Max Startup Time": 61.248, "Actual Min Total Time": 0.041, "Actual Max Total Time": 61.248, "Actual Total Rows": 896, "Max Hash Buckets": 32768, "Min Hash Buckets": 32768, "Max Hash Batches": 1, "Min Hash Batches": 1, "Max Original Hash Batches": 1, "Min Original Hash Batches": 1, "Max Peak Memory Usage": 3, "min Peak Memory Usage": 3, "Plans": [{"Node Type": "Streaming(type: BROADCAST dop: 16/1)", "Parent Relationship": "Outer", "Startup Cost": 0.0, "Total Cost": 18536.45, "Plan Rows": 160, "Plan Width": 8, "Actual Min Startup Time": 0.012, "Actual Max Startup Time": 61.212, "Actual Min Total Time": 0.014, "Actual Max Total Time": 61.215, "Actual Total Rows": 896, "Plans": [{"Node Type": "Seq Scan", "Parent Relationship": "Outer", "Relation Name": "supplier", "Alias": "supplier", "Startup Cost": 0.0, "Total Cost": 3533.0, "Plan Rows": 10, "Plan Width": 8, "Actual Min Startup Time": 0.248, "Actual Max Startup Time": 0.248, "Actual Min Total Time": 52.934, "Actual Max Total Time": 52.934, "Actual Total Rows": 56, "Filter": "((s_comment)::text ~~ '%Customer%Complaints%'::text)", "Rows Removed by Filter": 99944}]}]}]}]}]}]}]}]}, "Triggers": [], "Planner Runtime": 1.74, "Total Runtime": 1224.55, "Unique SQL Id": 1437012347}}, "(16, 103)": {"explain_plan": {"Plan": {"Node Type": "Sort", "Startup Cost": 636427.53, "Total Cost": 636496.87, "Plan Rows": 27736, "Plan Width": 60, "Sort Key": ["(count(partsupp.ps_suppkey)) DESC", "part.p_brand", "part.p_type", "part.p_size"], "Plans": [{"Node Type": "Aggregate", "Strategy": "Hashed", "Parent Relationship": "Outer", "Startup Cost": 634103.33, "Total Cost": 634380.69, "Plan Rows": 27736, "Plan Width": 60, "Group By Key": ["part.p_brand", "part.p_type", "part.p_size"], "Plans": [{"Node Type": "Aggregate", "Strategy": "Hashed", "Parent Relationship": "Outer", "Startup Cost": 633548.61, "Total Cost": 633825.97, "Plan Rows": 27736, "Plan Width": 52, "Group By Key": ["part.p_brand", "part.p_type", "part.p_size", "partsupp.ps_suppkey"], "Plans": [{"Node Type": "Hash Join", "Parent Relationship": "Outer", "Join Type": "Anti", "Startup Cost": 303647.84, "Total Cost": 622865.97, "Plan Rows": 854611, "Plan Width": 44, "Inner Unique": false, "Hash Cond": "(partsupp.ps_suppkey = supplier.s_suppkey), (LLVM Optimized)", "Plans": [{"Node Type": "Hash Join", "Parent Relationship": "Outer", "Join Type": "Inner", "Startup Cost": 298066.46, "Total Cost": 606601.83, "Plan Rows": 854625, "Plan Width": 44, "Inner Unique": true, "Hash Cond": "(partsupp.ps_partkey = part.p_partkey), (LLVM Optimized)", "Plans": [{"Node Type": "Bitmap Heap Scan", "Parent Relationship": "Outer", "Relation Name": "partsupp", "Alias": "partsupp", "Startup Cost": 163494.2, "Total Cost": 433481.92, "Plan Rows": 8000372, "Plan Width": 16, "Plans": [{"Node Type": "Bitmap Index Scan", "Parent Relationship": "Outer", "Index Name": "idx_partsupp_partkey", "Startup Cost": 0.0, "Total Cost": 161494.11, "Plan Rows": 8000372, "Plan Width": 0}]}, {"Node Type": "Hash", "Parent Relationship": "Inner", "Startup Cost": 130874.21, "Total Cost": 130874.21, "Plan Rows": 295844, "Plan Width": 44, "Plans": [{"Node Type": "Bitmap Heap Scan", "Parent Relationship": "Outer", "Relation Name": "part", "Alias": "part", "Startup Cost": 38930.21, "Total Cost": 130874.21, "Plan Rows": 295844, "Plan Width": 44, "Filter": "((p_brand <> 'Brand#34'::bpchar) AND ((p_type)::text !~~ 'LARGE BRUSHED%'::text) AND (p_size = ANY ('{48,19,12,4,41,7,21,39}'::integer[]))), (LLVM Optimized)", "Plans": [{"Node Type": "Bitmap Index Scan", "Parent Relationship": "Outer", "Index Name": "part_kpey", "Startup Cost": 0.0, "Total Cost": 38856.25, "Plan Rows": 2000000, "Plan Width": 0}]}]}]}, {"Node Type": "Hash", "Parent Relationship": "Inner", "Startup Cost": 5581.25, "Total Cost": 5581.25, "Plan Rows": 10, "Plan Width": 8, "Plans": [{"Node Type": "Bitmap Heap Scan", "Parent Relationship": "Outer", "Relation Name": "supplier", "Alias": "supplier", "Startup Cost": 2048.25, "Total Cost": 5581.25, "Plan Rows": 10, "Plan Width": 8, "Filter": "((s_comment)::text ~~ '%Customer%Complaints%'::text)", "Plans": [{"Node Type": "Bitmap Index Scan", "Parent Relationship": "Outer", "Index Name": "supplier_pkey", "Startup Cost": 0.0, "Total Cost": 2048.25, "Plan Rows": 100000, "Plan Width": 0}]}]}]}]}]}]}, "Unique SQL Id": 1437012347}, "explain_analyze_plan": null}, "(16, 104)": {"explain_plan": {"Plan": {"Node Type": "Sort", "Startup Cost": 144484.63, "Total Cost": 144553.97, "Plan Rows": 27736, "Plan Width": 60, "Sort Key": ["(count(partsupp.ps_suppkey)) DESC", "part.p_brand", "part.p_type", "part.p_size"], "Plans": [{"Node Type": "Streaming(type: LOCAL GATHER dop: 1/16)", "Parent Relationship": "Outer", "Startup Cost": 142139.85, "Total Cost": 142437.78, "Plan Rows": 27736, "Plan Width": 60, "Plans": [{"Node Type": "Aggregate", "Strategy": "Hashed", "Parent Relationship": "Outer", "Startup Cost": 142139.85, "Total Cost": 142157.19, "Plan Rows": 27736, "Plan Width": 60, "Group By Key": ["part.p_brand", "part.p_type", "part.p_size"], "Plans": [{"Node Type": "Aggregate", "Strategy": "Hashed", "Parent Relationship": "Outer", "Startup Cost": 141071.59, "Total Cost": 141605.72, "Plan Rows": 854611, "Plan Width": 52, "Group By Key": ["part.p_brand", "part.p_type", "part.p_size", "partsupp.ps_suppkey"], "Plans": [{"Node Type": "Streaming(type: LOCAL REDISTRIBUTE dop: 16/16)", "Parent Relationship": "Outer", "Startup Cost": 69999.79, "Total Cost": 140403.93, "Plan Rows": 854611, "Plan Width": 44, "Plans": [{"Node Type": "Hash Join", "Parent Relationship": "Outer", "Join Type": "Anti", "Startup Cost": 69999.79, "Total Cost": 104950.92, "Plan Rows": 854611, "Plan Width": 44, "Inner Unique": false, "Hash Cond": "(partsupp.ps_suppkey = supplier.s_suppkey), (LLVM Optimized)", "Plans": [{"Node Type": "Hash Join", "Parent Relationship": "Outer", "Join Type": "Inner", "Startup Cost": 51463.21, "Total Cost": 85746.67, "Plan Rows": 854625, "Plan Width": 44, "Inner Unique": true, "Hash Cond": "(partsupp.ps_partkey = part.p_partkey), (LLVM Optimized)", "Plans": [{"Node Type": "Seq Scan", "Parent Relationship": "Outer", "Relation Name": "partsupp", "Alias": "partsupp", "Startup Cost": 0.0, "Total Cost": 31874.23, "Plan Rows": 8000372, "Plan Width": 16}, {"Node Type": "Hash", "Parent Relationship": "Inner", "Startup Cost": 47765.16, "Total Cost": 47765.16, "Plan Rows": 4733504, "Plan Width": 44, "Plans": [{"Node Type": "Streaming(type: BROADCAST dop: 16/16)", "Parent Relationship": "Outer", "Startup Cost": 0.0, "Total Cost": 47765.16, "Plan Rows": 4733504, "Plan Width": 44, "Plans": [{"Node Type": "Seq Scan", "Parent Relationship": "Outer", "Relation Name": "part", "Alias": "part", "Startup Cost": 0.0, "Total Cost": 20746.5, "Plan Rows": 295844, "Plan Width": 44, "Filter": "((p_brand <> 'Brand#34'::bpchar) AND ((p_type)::text !~~ 'LARGE BRUSHED%'::text) AND (p_size = ANY ('{48,19,12,4,41,7,21,39}'::integer[]))), (LLVM Optimized)"}]}]}]}, {"Node Type": "Hash", "Parent Relationship": "Inner", "Startup Cost": 18536.45, "Total Cost": 18536.45, "Plan Rows": 160, "Plan Width": 8, "Plans": [{"Node Type": "Streaming(type: BROADCAST dop: 16/1)", "Parent Relationship": "Outer", "Startup Cost": 0.0, "Total Cost": 18536.45, "Plan Rows": 160, "Plan Width": 8, "Plans": [{"Node Type": "Seq Scan", "Parent Relationship": "Outer", "Relation Name": "supplier", "Alias": "supplier", "Startup Cost": 0.0, "Total Cost": 3533.0, "Plan Rows": 10, "Plan Width": 8, "Filter": "((s_comment)::text ~~ '%Customer%Complaints%'::text)"}]}]}]}]}]}]}]}]}, "Unique SQL Id": 1437012347}, "explain_analyze_plan": {"Plan": {"Node Type": "Sort", "Startup Cost": 144484.63, "Total Cost": 144553.97, "Plan Rows": 27736, "Plan Width": 60, "Actual Min Startup Time": 1200.331, "Actual Max Startup Time": 1200.331, "Actual Min Total Time": 1203.099, "Actual Max Total Time": 1203.099, "Actual Total Rows": 27838, "Sort Key": ["(count(partsupp.ps_suppkey)) DESC", "part.p_brand", "part.p_type", "part.p_size"], "Sort Method": "quicksort", "Sort Space Min Used": 3402, "Sort Space Max Used": 3402, "Sort Space Type": "Memory", "Plans": [{"Node Type": "Streaming(type: LOCAL GATHER dop: 1/16)", "Parent Relationship": "Outer", "Startup Cost": 142139.85, "Total Cost": 142437.78, "Plan Rows": 27736, "Plan Width": 60, "Actual Min Startup Time": 941.122, "Actual Max Startup Time": 941.122, "Actual Min Total Time": 1112.365, "Actual Max Total Time": 1112.365, "Actual Total Rows": 27838, "Plans": [{"Node Type": "Aggregate", "Strategy": "Hashed", "Parent Relationship": "Outer", "Startup Cost": 142139.85, "Total Cost": 142157.19, "Plan Rows": 27736, "Plan Width": 60, "Actual Min Startup Time": 768.112, "Actual Max Startup Time": 989.65, "Actual Min Total Time": 768.112, "Actual Max Total Time": 990.899, "Actual Total Rows": 27838, "Group By Key": ["part.p_brand", "part.p_type", "part.p_size"], "Plans": [{"Node Type": "Aggregate", "Strategy": "Hashed", "Parent Relationship": "Outer", "Startup Cost": 141071.59, "Total Cost": 141605.72, "Plan Rows": 854611, "Plan Width": 52, "Actual Min Startup Time": 767.134, "Actual Max Startup Time": 831.536, "Actual Min Total Time": 768.05, "Actual Max Total Time": 863.759, "Actual Total Rows": 1188428, "Group By Key": ["part.p_brand", "part.p_type", "part.p_size", "partsupp.ps_suppkey"], "Plans": [{"Node Type": "Streaming(type: LOCAL REDISTRIBUTE dop: 16/16)", "Parent Relationship": "Outer", "Startup Cost": 69999.79, "Total Cost": 140403.93, "Plan Rows": 854611, "Plan Width": 44, "Actual Min Startup Time": 323.271, "Actual Max Startup Time": 773.136, "Actual Min Total Time": 614.546, "Actual Max Total Time": 773.136, "Actual Total Rows": 1188666, "Plans": [{"Node Type": "Hash Join", "Parent Relationship": "Outer", "Join Type": "Anti", "Startup Cost": 69999.79, "Total Cost": 104950.92, "Plan Rows": 854611, "Plan Width": 44, "Actual Min Startup Time": 319.56, "Actual Max Startup Time": 404.165, "Actual Min Total Time": 620.607, "Actual Max Total Time": 716.832, "Actual Total Rows": 1188666, "Inner Unique": false, "Hash Cond": "(partsupp.ps_suppkey = supplier.s_suppkey), (LLVM Optimized, Jit Execute)", "Plans": [{"Node Type": "Hash Join", "Parent Relationship": "Outer", "Join Type": "Inner", "Startup Cost": 51463.21, "Total Cost": 85746.67, "Plan Rows": 854625, "Plan Width": 44, "Actual Min Startup Time": 319.47, "Actual Max Startup Time": 342.856, "Actual Min Total Time": 598.59, "Actual Max Total Time": 634.107, "Actual Total Rows": 1189344, "Inner Unique": true, "Hash Cond": "(partsupp.ps_partkey = part.p_partkey), (LLVM Optimized, Jit Execute)", "Plans": [{"Node Type": "Seq Scan", "Parent Relationship": "Outer", "Relation Name": "partsupp", "Alias": "partsupp", "Startup Cost": 0.0, "Total Cost": 31874.23, "Plan Rows": 8000372, "Plan Width": 16, "Actual Min Startup Time": 0.023, "Actual Max Startup Time": 0.038, "Actual Min Total Time": 151.039, "Actual Max Total Time": 162.82, "Actual Total Rows": 8000000}, {"Node Type": "Hash", "Parent Relationship": "Inner", "Startup Cost": 47765.16, "Total Cost": 47765.16, "Plan Rows": 4733504, "Plan Width": 44, "Actual Min Startup Time": 319.067, "Actual Max Startup Time": 342.372, "Actual Min Total Time": 319.067, "Actual Max Total Time": 342.372, "Actual Total Rows": 4757376, "Max Hash Buckets": 524288, "Min Hash Buckets": 524288, "Max Hash Batches": 1, "Min Hash Batches": 1, "Max Original Hash Batches": 1, "Min Original Hash Batches": 1, "Max Peak Memory Usage": 23216, "min Peak Memory Usage": 23216, "Plans": [{"Node Type": "Streaming(type: BROADCAST dop: 16/16)", "Parent Relationship": "Outer", "Startup Cost": 0.0, "Total Cost": 47765.16, "Plan Rows": 4733504, "Plan Width": 44, "Actual Min Startup Time": 0.037, "Actual Max Startup Time": 0.092, "Actual Min Total Time": 218.869, "Actual Max Total Time": 242.54, "Actual Total Rows": 4757376, "Plans": [{"Node Type": "Seq Scan", "Parent Relationship": "Outer", "Relation Name": "part", "Alias": "part", "Startup Cost": 0.0, "Total Cost": 20746.5, "Plan Rows": 295844, "Plan Width": 44, "Actual Min Startup Time": 0.033, "Actual Max Startup Time": 0.07, "Actual Min Total Time": 102.838, "Actual Max Total Time": 108.172, "Actual Total Rows": 297336, "Filter": "((p_brand <> 'Brand#34'::bpchar) AND ((p_type)::text !~~ 'LARGE BRUSHED%'::text) AND (p_size = ANY ('{48,19,12,4,41,7,21,39}'::integer[]))), (LLVM Optimized, Jit Execute)", "Rows Removed by Filter": 1702664}]}]}]}, {"Node Type": "Hash", "Parent Relationship": "Inner", "Startup Cost": 18536.45, "Total Cost": 18536.45, "Plan Rows": 160, "Plan Width": 8, "Actual Min Startup Time": 0.041, "Actual Max Startup Time": 61.248, "Actual Min Total Time": 0.041, "Actual Max Total Time": 61.248, "Actual Total Rows": 896, "Max Hash Buckets": 32768, "Min Hash Buckets": 32768, "Max Hash Batches": 1, "Min Hash Batches": 1, "Max Original Hash Batches": 1, "Min Original Hash Batches": 1, "Max Peak Memory Usage": 3, "min Peak Memory Usage": 3, "Plans": [{"Node Type": "Streaming(type: BROADCAST dop: 16/1)", "Parent Relationship": "Outer", "Startup Cost": 0.0, "Total Cost": 18536.45, "Plan Rows": 160, "Plan Width": 8, "Actual Min Startup Time": 0.012, "Actual Max Startup Time": 61.212, "Actual Min Total Time": 0.014, "Actual Max Total Time": 61.215, "Actual Total Rows": 896, "Plans": [{"Node Type": "Seq Scan", "Parent Relationship": "Outer", "Relation Name": "supplier", "Alias": "supplier", "Startup Cost": 0.0, "Total Cost": 3533.0, "Plan Rows": 10, "Plan Width": 8, "Actual Min Startup Time": 0.248, "Actual Max Startup Time": 0.248, "Actual Min Total Time": 52.934, "Actual Max Total Time": 52.934, "Actual Total Rows": 56, "Filter": "((s_comment)::text ~~ '%Customer%Complaints%'::text)", "Rows Removed by Filter": 99944}]}]}]}]}]}]}]}]}, "Triggers": [], "Planner Runtime": 1.74, "Total Runtime": 1224.55, "Unique SQL Id": 1437012347}}, "(16, 105)": {"explain_plan": {"Plan": {"Node Type": "Sort", "Startup Cost": 409910.03, "Total Cost": 409979.37, "Plan Rows": 27736, "Plan Width": 60, "Sort Key": ["(count(partsupp.ps_suppkey)) DESC", "part.p_brand", "part.p_type", "part.p_size"], "Plans": [{"Node Type": "Streaming(type: LOCAL GATHER dop: 1/16)", "Parent Relationship": "Outer", "Startup Cost": 407565.26, "Total Cost": 407863.19, "Plan Rows": 27736, "Plan Width": 60, "Plans": [{"Node Type": "Aggregate", "Strategy": "Hashed", "Parent Relationship": "Outer", "Startup Cost": 407565.26, "Total Cost": 407582.59, "Plan Rows": 27736, "Plan Width": 60, "Group By Key": ["part.p_brand", "part.p_type", "part.p_size"], "Plans": [{"Node Type": "Aggregate", "Strategy": "Hashed", "Parent Relationship": "Outer", "Startup Cost": 406496.99, "Total Cost": 407031.13, "Plan Rows": 854611, "Plan Width": 52, "Group By Key": ["part.p_brand", "part.p_type", "part.p_size", "partsupp.ps_suppkey"], "Plans": [{"Node Type": "Streaming(type: LOCAL REDISTRIBUTE dop: 16/16)", "Parent Relationship": "Outer", "Startup Cost": 150233.08, "Total Cost": 405829.33, "Plan Rows": 854611, "Plan Width": 44, "Plans": [{"Node Type": "Hash Join", "Parent Relationship": "Outer", "Join Type": "Anti", "Startup Cost": 150233.08, "Total Cost": 370376.33, "Plan Rows": 854611, "Plan Width": 44, "Inner Unique": false, "Hash Cond": "(partsupp.ps_suppkey = supplier.s_suppkey), (LLVM Optimized)", "Plans": [{"Node Type": "Hash Join", "Parent Relationship": "Outer", "Join Type": "Inner", "Startup Cost": 129644.96, "Total Cost": 349120.53, "Plan Rows": 854625, "Plan Width": 44, "Inner Unique": true, "Hash Cond": "(partsupp.ps_partkey = part.p_partkey), (LLVM Optimized)", "Plans": [{"Node Type": "Index Only Scan", "Parent Relationship": "Outer", "Scan Direction": "Forward", "Index Name": "partsupp_pkey", "Relation Name": "partsupp", "Alias": "partsupp", "Startup Cost": 0.0, "Total Cost": 217066.34, "Plan Rows": 8000372, "Plan Width": 16}, {"Node Type": "Hash", "Parent Relationship": "Inner", "Startup Cost": 125946.91, "Total Cost": 125946.91, "Plan Rows": 4733504, "Plan Width": 44, "Plans": [{"Node Type": "Streaming(type: BROADCAST dop: 16/16)", "Parent Relationship": "Outer", "Startup Cost": 0.0, "Total Cost": 125946.91, "Plan Rows": 4733504, "Plan Width": 44, "Plans": [{"Node Type": "Index Scan", "Parent Relationship": "Outer", "Scan Direction": "Forward", "Index Name": "part_kpey", "Relation Name": "part", "Alias": "part", "Startup Cost": 0.0, "Total Cost": 98928.25, "Plan Rows": 295844, "Plan Width": 44, "Filter": "((p_brand <> 'Brand#34'::bpchar) AND ((p_type)::text !~~ 'LARGE BRUSHED%'::text) AND (p_size = ANY ('{48,19,12,4,41,7,21,39}'::integer[]))), (LLVM Optimized)"}]}]}]}, {"Node Type": "Hash", "Parent Relationship": "Inner", "Startup Cost": 20588.0, "Total Cost": 20588.0, "Plan Rows": 160, "Plan Width": 8, "Plans": [{"Node Type": "Streaming(type: BROADCAST dop: 16/1)", "Parent Relationship": "Outer", "Startup Cost": 0.0, "Total Cost": 20588.0, "Plan Rows": 160, "Plan Width": 8, "Plans": [{"Node Type": "Index Scan", "Parent Relationship": "Outer", "Scan Direction": "Forward", "Index Name": "supplier_pkey", "Relation Name": "supplier", "Alias": "supplier", "Startup Cost": 0.0, "Total Cost": 5584.54, "Plan Rows": 10, "Plan Width": 8, "Filter": "((s_comment)::text ~~ '%Customer%Complaints%'::text)"}]}]}]}]}]}]}]}]}, "Unique SQL Id": 1437012347}, "explain_analyze_plan": {"Plan": {"Node Type": "Sort", "Startup Cost": 409910.03, "Total Cost": 409979.37, "Plan Rows": 27736, "Plan Width": 60, "Actual Min Startup Time": 1815.176, "Actual Max Startup Time": 1815.176, "Actual Min Total Time": 1817.8, "Actual Max Total Time": 1817.8, "Actual Total Rows": 27838, "Sort Key": ["(count(partsupp.ps_suppkey)) DESC", "part.p_brand", "part.p_type", "part.p_size"], "Sort Method": "quicksort", "Sort Space Min Used": 3402, "Sort Space Max Used": 3402, "Sort Space Type": "Memory", "Plans": [{"Node Type": "Streaming(type: LOCAL GATHER dop: 1/16)", "Parent Relationship": "Outer", "Startup Cost": 407565.26, "Total Cost": 407863.19, "Plan Rows": 27736, "Plan Width": 60, "Actual Min Startup Time": 1570.324, "Actual Max Startup Time": 1570.324, "Actual Min Total Time": 1729.343, "Actual Max Total Time": 1729.343, "Actual Total Rows": 27838, "Plans": [{"Node Type": "Aggregate", "Strategy": "Hashed", "Parent Relationship": "Outer", "Startup Cost": 407565.26, "Total Cost": 407582.59, "Plan Rows": 27736, "Plan Width": 60, "Actual Min Startup Time": 1388.501, "Actual Max Startup Time": 1602.412, "Actual Min Total Time": 1388.501, "Actual Max Total Time": 1603.625, "Actual Total Rows": 27838, "Group By Key": ["part.p_brand", "part.p_type", "part.p_size"], "Plans": [{"Node Type": "Aggregate", "Strategy": "Hashed", "Parent Relationship": "Outer", "Startup Cost": 406496.99, "Total Cost": 407031.13, "Plan Rows": 854611, "Plan Width": 52, "Actual Min Startup Time": 1387.761, "Actual Max Startup Time": 1412.065, "Actual Min Total Time": 1388.419, "Actual Max Total Time": 1457.08, "Actual Total Rows": 1188428, "Group By Key": ["part.p_brand", "part.p_type", "part.p_size", "partsupp.ps_suppkey"], "Plans": [{"Node Type": "Streaming(type: LOCAL REDISTRIBUTE dop: 16/16)", "Parent Relationship": "Outer", "Startup Cost": 150233.08, "Total Cost": 405829.33, "Plan Rows": 854611, "Plan Width": 44, "Actual Min Startup Time": 960.412, "Actual Max Startup Time": 1392.614, "Actual Min Total Time": 1248.656, "Actual Max Total Time": 1392.614, "Actual Total Rows": 1188666, "Plans": [{"Node Type": "Hash Join", "Parent Relationship": "Outer", "Join Type": "Anti", "Startup Cost": 150233.08, "Total Cost": 370376.33, "Plan Rows": 854611, "Plan Width": 44, "Actual Min Startup Time": 956.596, "Actual Max Startup Time": 1035.556, "Actual Min Total Time": 1224.498, "Actual Max Total Time": 1314.451, "Actual Total Rows": 1188666, "Inner Unique": false, "Hash Cond": "(partsupp.ps_suppkey = supplier.s_suppkey), (LLVM Optimized, Jit Execute)", "Plans": [{"Node Type": "Hash Join", "Parent Relationship": "Outer", "Join Type": "Inner", "Startup Cost": 129644.96, "Total Cost": 349120.53, "Plan Rows": 854625, "Plan Width": 44, "Actual Min Startup Time": 953.27, "Actual Max Startup Time": 953.37, "Actual Min Total Time": 1197.442, "Actual Max Total Time": 1229.005, "Actual Total Rows": 1189344, "Inner Unique": true, "Hash Cond": "(partsupp.ps_partkey = part.p_partkey), (LLVM Optimized, Jit Execute)", "Plans": [{"Node Type": "Index Only Scan", "Parent Relationship": "Outer", "Scan Direction": "Forward", "Index Name": "partsupp_pkey", "Relation Name": "partsupp", "Alias": "partsupp", "Startup Cost": 0.0, "Total Cost": 217066.34, "Plan Rows": 8000372, "Plan Width": 16, "Actual Min Startup Time": 563.544, "Actual Max Startup Time": 563.657, "Actual Min Total Time": 691.545, "Actual Max Total Time": 712.293, "Actual Total Rows": 8000000, "Heap Fetches": 0}, {"Node Type": "Hash", "Parent Relationship": "Inner", "Startup Cost": 125946.91, "Total Cost": 125946.91, "Plan Rows": 4733504, "Plan Width": 44, "Actual Min Startup Time": 388.776, "Actual Max Startup Time": 388.847, "Actual Min Total Time": 388.776, "Actual Max Total Time": 388.847, "Actual Total Rows": 4757376, "Max Hash Buckets": 524288, "Min Hash Buckets": 524288, "Max Hash Batches": 1, "Min Hash Batches": 1, "Max Original Hash Batches": 1, "Min Original Hash Batches": 1, "Max Peak Memory Usage": 23216, "min Peak Memory Usage": 23216, "Plans": [{"Node Type": "Streaming(type: BROADCAST dop: 16/16)", "Parent Relationship": "Outer", "Startup Cost": 0.0, "Total Cost": 125946.91, "Plan Rows": 4733504, "Plan Width": 44, "Actual Min Startup Time": 0.055, "Actual Max Startup Time": 0.097, "Actual Min Total Time": 278.383, "Actual Max Total Time": 295.018, "Actual Total Rows": 4757376, "Plans": [{"Node Type": "Index Scan", "Parent Relationship": "Outer", "Scan Direction": "Forward", "Index Name": "part_kpey", "Relation Name": "part", "Alias": "part", "Startup Cost": 0.0, "Total Cost": 98928.25, "Plan Rows": 295844, "Plan Width": 44, "Actual Min Startup Time": 0.053, "Actual Max Startup Time": 61.876, "Actual Min Total Time": 154.618, "Actual Max Total Time": 227.449, "Actual Total Rows": 297336, "Filter": "((p_brand <> 'Brand#34'::bpchar) AND ((p_type)::text !~~ 'LARGE BRUSHED%'::text) AND (p_size = ANY ('{48,19,12,4,41,7,21,39}'::integer[]))), (LLVM Optimized, Jit Execute)", "Rows Removed by Filter": 1702664}]}]}]}, {"Node Type": "Hash", "Parent Relationship": "Inner", "Startup Cost": 20588.0, "Total Cost": 20588.0, "Plan Rows": 160, "Plan Width": 8, "Actual Min Startup Time": 3.206, "Actual Max Startup Time": 82.19, "Actual Min Total Time": 3.206, "Actual Max Total Time": 82.19, "Actual Total Rows": 896, "Max Hash Buckets": 32768, "Min Hash Buckets": 32768, "Max Hash Batches": 1, "Min Hash Batches": 1, "Max Original Hash Batches": 1, "Min Original Hash Batches": 1, "Max Peak Memory Usage": 3, "min Peak Memory Usage": 3, "Plans": [{"Node Type": "Streaming(type: BROADCAST dop: 16/1)", "Parent Relationship": "Outer", "Startup Cost": 0.0, "Total Cost": 20588.0, "Plan Rows": 160, "Plan Width": 8, "Actual Min Startup Time": 3.182, "Actual Max Startup Time": 82.163, "Actual Min Total Time": 3.186, "Actual Max Total Time": 82.171, "Actual Total Rows": 896, "Plans": [{"Node Type": "Index Scan", "Parent Relationship": "Outer", "Scan Direction": "Forward", "Index Name": "supplier_pkey", "Relation Name": "supplier", "Alias": "supplier", "Startup Cost": 0.0, "Total Cost": 5584.54, "Plan Rows": 10, "Plan Width": 8, "Actual Min Startup Time": 0.421, "Actual Max Startup Time": 0.421, "Actual Min Total Time": 83.676, "Actual Max Total Time": 83.676, "Actual Total Rows": 56, "Filter": "((s_comment)::text ~~ '%Customer%Complaints%'::text)", "Rows Removed by Filter": 99944}]}]}]}]}]}]}]}]}, "Triggers": [], "Planner Runtime": 1.69, "Total Runtime": 1839.491, "Unique SQL Id": 1437012347}}, "(16, 106)": {"explain_plan": {"Plan": {"Node Type": "Sort", "Startup Cost": 144484.63, "Total Cost": 144553.97, "Plan Rows": 27736, "Plan Width": 60, "Sort Key": ["(count(partsupp.ps_suppkey)) DESC", "part.p_brand", "part.p_type", "part.p_size"], "Plans": [{"Node Type": "Streaming(type: LOCAL GATHER dop: 1/16)", "Parent Relationship": "Outer", "Startup Cost": 142139.85, "Total Cost": 142437.78, "Plan Rows": 27736, "Plan Width": 60, "Plans": [{"Node Type": "Aggregate", "Strategy": "Hashed", "Parent Relationship": "Outer", "Startup Cost": 142139.85, "Total Cost": 142157.19, "Plan Rows": 27736, "Plan Width": 60, "Group By Key": ["part.p_brand", "part.p_type", "part.p_size"], "Plans": [{"Node Type": "Aggregate", "Strategy": "Hashed", "Parent Relationship": "Outer", "Startup Cost": 141071.59, "Total Cost": 141605.72, "Plan Rows": 854611, "Plan Width": 52, "Group By Key": ["part.p_brand", "part.p_type", "part.p_size", "partsupp.ps_suppkey"], "Plans": [{"Node Type": "Streaming(type: LOCAL REDISTRIBUTE dop: 16/16)", "Parent Relationship": "Outer", "Startup Cost": 69999.79, "Total Cost": 140403.93, "Plan Rows": 854611, "Plan Width": 44, "Plans": [{"Node Type": "Hash Join", "Parent Relationship": "Outer", "Join Type": "Anti", "Startup Cost": 69999.79, "Total Cost": 104950.92, "Plan Rows": 854611, "Plan Width": 44, "Inner Unique": false, "Hash Cond": "(partsupp.ps_suppkey = supplier.s_suppkey), (LLVM Optimized)", "Plans": [{"Node Type": "Hash Join", "Parent Relationship": "Outer", "Join Type": "Inner", "Startup Cost": 51463.21, "Total Cost": 85746.67, "Plan Rows": 854625, "Plan Width": 44, "Inner Unique": true, "Hash Cond": "(partsupp.ps_partkey = part.p_partkey), (LLVM Optimized)", "Plans": [{"Node Type": "Seq Scan", "Parent Relationship": "Outer", "Relation Name": "partsupp", "Alias": "partsupp", "Startup Cost": 0.0, "Total Cost": 31874.23, "Plan Rows": 8000372, "Plan Width": 16}, {"Node Type": "Hash", "Parent Relationship": "Inner", "Startup Cost": 47765.16, "Total Cost": 47765.16, "Plan Rows": 4733504, "Plan Width": 44, "Plans": [{"Node Type": "Streaming(type: BROADCAST dop: 16/16)", "Parent Relationship": "Outer", "Startup Cost": 0.0, "Total Cost": 47765.16, "Plan Rows": 4733504, "Plan Width": 44, "Plans": [{"Node Type": "Seq Scan", "Parent Relationship": "Outer", "Relation Name": "part", "Alias": "part", "Startup Cost": 0.0, "Total Cost": 20746.5, "Plan Rows": 295844, "Plan Width": 44, "Filter": "((p_brand <> 'Brand#34'::bpchar) AND ((p_type)::text !~~ 'LARGE BRUSHED%'::text) AND (p_size = ANY ('{48,19,12,4,41,7,21,39}'::integer[]))), (LLVM Optimized)"}]}]}]}, {"Node Type": "Hash", "Parent Relationship": "Inner", "Startup Cost": 18536.45, "Total Cost": 18536.45, "Plan Rows": 160, "Plan Width": 8, "Plans": [{"Node Type": "Streaming(type: BROADCAST dop: 16/1)", "Parent Relationship": "Outer", "Startup Cost": 0.0, "Total Cost": 18536.45, "Plan Rows": 160, "Plan Width": 8, "Plans": [{"Node Type": "Seq Scan", "Parent Relationship": "Outer", "Relation Name": "supplier", "Alias": "supplier", "Startup Cost": 0.0, "Total Cost": 3533.0, "Plan Rows": 10, "Plan Width": 8, "Filter": "((s_comment)::text ~~ '%Customer%Complaints%'::text)"}]}]}]}]}]}]}]}]}, "Unique SQL Id": 1437012347}, "explain_analyze_plan": {"Plan": {"Node Type": "Sort", "Startup Cost": 144484.63, "Total Cost": 144553.97, "Plan Rows": 27736, "Plan Width": 60, "Actual Min Startup Time": 1200.331, "Actual Max Startup Time": 1200.331, "Actual Min Total Time": 1203.099, "Actual Max Total Time": 1203.099, "Actual Total Rows": 27838, "Sort Key": ["(count(partsupp.ps_suppkey)) DESC", "part.p_brand", "part.p_type", "part.p_size"], "Sort Method": "quicksort", "Sort Space Min Used": 3402, "Sort Space Max Used": 3402, "Sort Space Type": "Memory", "Plans": [{"Node Type": "Streaming(type: LOCAL GATHER dop: 1/16)", "Parent Relationship": "Outer", "Startup Cost": 142139.85, "Total Cost": 142437.78, "Plan Rows": 27736, "Plan Width": 60, "Actual Min Startup Time": 941.122, "Actual Max Startup Time": 941.122, "Actual Min Total Time": 1112.365, "Actual Max Total Time": 1112.365, "Actual Total Rows": 27838, "Plans": [{"Node Type": "Aggregate", "Strategy": "Hashed", "Parent Relationship": "Outer", "Startup Cost": 142139.85, "Total Cost": 142157.19, "Plan Rows": 27736, "Plan Width": 60, "Actual Min Startup Time": 768.112, "Actual Max Startup Time": 989.65, "Actual Min Total Time": 768.112, "Actual Max Total Time": 990.899, "Actual Total Rows": 27838, "Group By Key": ["part.p_brand", "part.p_type", "part.p_size"], "Plans": [{"Node Type": "Aggregate", "Strategy": "Hashed", "Parent Relationship": "Outer", "Startup Cost": 141071.59, "Total Cost": 141605.72, "Plan Rows": 854611, "Plan Width": 52, "Actual Min Startup Time": 767.134, "Actual Max Startup Time": 831.536, "Actual Min Total Time": 768.05, "Actual Max Total Time": 863.759, "Actual Total Rows": 1188428, "Group By Key": ["part.p_brand", "part.p_type", "part.p_size", "partsupp.ps_suppkey"], "Plans": [{"Node Type": "Streaming(type: LOCAL REDISTRIBUTE dop: 16/16)", "Parent Relationship": "Outer", "Startup Cost": 69999.79, "Total Cost": 140403.93, "Plan Rows": 854611, "Plan Width": 44, "Actual Min Startup Time": 323.271, "Actual Max Startup Time": 773.136, "Actual Min Total Time": 614.546, "Actual Max Total Time": 773.136, "Actual Total Rows": 1188666, "Plans": [{"Node Type": "Hash Join", "Parent Relationship": "Outer", "Join Type": "Anti", "Startup Cost": 69999.79, "Total Cost": 104950.92, "Plan Rows": 854611, "Plan Width": 44, "Actual Min Startup Time": 319.56, "Actual Max Startup Time": 404.165, "Actual Min Total Time": 620.607, "Actual Max Total Time": 716.832, "Actual Total Rows": 1188666, "Inner Unique": false, "Hash Cond": "(partsupp.ps_suppkey = supplier.s_suppkey), (LLVM Optimized, Jit Execute)", "Plans": [{"Node Type": "Hash Join", "Parent Relationship": "Outer", "Join Type": "Inner", "Startup Cost": 51463.21, "Total Cost": 85746.67, "Plan Rows": 854625, "Plan Width": 44, "Actual Min Startup Time": 319.47, "Actual Max Startup Time": 342.856, "Actual Min Total Time": 598.59, "Actual Max Total Time": 634.107, "Actual Total Rows": 1189344, "Inner Unique": true, "Hash Cond": "(partsupp.ps_partkey = part.p_partkey), (LLVM Optimized, Jit Execute)", "Plans": [{"Node Type": "Seq Scan", "Parent Relationship": "Outer", "Relation Name": "partsupp", "Alias": "partsupp", "Startup Cost": 0.0, "Total Cost": 31874.23, "Plan Rows": 8000372, "Plan Width": 16, "Actual Min Startup Time": 0.023, "Actual Max Startup Time": 0.038, "Actual Min Total Time": 151.039, "Actual Max Total Time": 162.82, "Actual Total Rows": 8000000}, {"Node Type": "Hash", "Parent Relationship": "Inner", "Startup Cost": 47765.16, "Total Cost": 47765.16, "Plan Rows": 4733504, "Plan Width": 44, "Actual Min Startup Time": 319.067, "Actual Max Startup Time": 342.372, "Actual Min Total Time": 319.067, "Actual Max Total Time": 342.372, "Actual Total Rows": 4757376, "Max Hash Buckets": 524288, "Min Hash Buckets": 524288, "Max Hash Batches": 1, "Min Hash Batches": 1, "Max Original Hash Batches": 1, "Min Original Hash Batches": 1, "Max Peak Memory Usage": 23216, "min Peak Memory Usage": 23216, "Plans": [{"Node Type": "Streaming(type: BROADCAST dop: 16/16)", "Parent Relationship": "Outer", "Startup Cost": 0.0, "Total Cost": 47765.16, "Plan Rows": 4733504, "Plan Width": 44, "Actual Min Startup Time": 0.037, "Actual Max Startup Time": 0.092, "Actual Min Total Time": 218.869, "Actual Max Total Time": 242.54, "Actual Total Rows": 4757376, "Plans": [{"Node Type": "Seq Scan", "Parent Relationship": "Outer", "Relation Name": "part", "Alias": "part", "Startup Cost": 0.0, "Total Cost": 20746.5, "Plan Rows": 295844, "Plan Width": 44, "Actual Min Startup Time": 0.033, "Actual Max Startup Time": 0.07, "Actual Min Total Time": 102.838, "Actual Max Total Time": 108.172, "Actual Total Rows": 297336, "Filter": "((p_brand <> 'Brand#34'::bpchar) AND ((p_type)::text !~~ 'LARGE BRUSHED%'::text) AND (p_size = ANY ('{48,19,12,4,41,7,21,39}'::integer[]))), (LLVM Optimized, Jit Execute)", "Rows Removed by Filter": 1702664}]}]}]}, {"Node Type": "Hash", "Parent Relationship": "Inner", "Startup Cost": 18536.45, "Total Cost": 18536.45, "Plan Rows": 160, "Plan Width": 8, "Actual Min Startup Time": 0.041, "Actual Max Startup Time": 61.248, "Actual Min Total Time": 0.041, "Actual Max Total Time": 61.248, "Actual Total Rows": 896, "Max Hash Buckets": 32768, "Min Hash Buckets": 32768, "Max Hash Batches": 1, "Min Hash Batches": 1, "Max Original Hash Batches": 1, "Min Original Hash Batches": 1, "Max Peak Memory Usage": 3, "min Peak Memory Usage": 3, "Plans": [{"Node Type": "Streaming(type: BROADCAST dop: 16/1)", "Parent Relationship": "Outer", "Startup Cost": 0.0, "Total Cost": 18536.45, "Plan Rows": 160, "Plan Width": 8, "Actual Min Startup Time": 0.012, "Actual Max Startup Time": 61.212, "Actual Min Total Time": 0.014, "Actual Max Total Time": 61.215, "Actual Total Rows": 896, "Plans": [{"Node Type": "Seq Scan", "Parent Relationship": "Outer", "Relation Name": "supplier", "Alias": "supplier", "Startup Cost": 0.0, "Total Cost": 3533.0, "Plan Rows": 10, "Plan Width": 8, "Actual Min Startup Time": 0.248, "Actual Max Startup Time": 0.248, "Actual Min Total Time": 52.934, "Actual Max Total Time": 52.934, "Actual Total Rows": 56, "Filter": "((s_comment)::text ~~ '%Customer%Complaints%'::text)", "Rows Removed by Filter": 99944}]}]}]}]}]}]}]}]}, "Triggers": [], "Planner Runtime": 1.74, "Total Runtime": 1224.55, "Unique SQL Id": 1437012347}}, "(16, 107)": {"explain_plan": {"Plan": {"Node Type": "Sort", "Startup Cost": 3000041412252.52, "Total Cost": 3000041412321.86, "Plan Rows": 27736, "Plan Width": 60, "Sort Key": ["(count(partsupp.ps_suppkey)) DESC", "part.p_brand", "part.p_type", "part.p_size"], "Plans": [{"Node Type": "Aggregate", "Strategy": "Hashed", "Parent Relationship": "Outer", "Startup Cost": 3000041409928.32, "Total Cost": 3000041410205.68, "Plan Rows": 27736, "Plan Width": 60, "Group By Key": ["part.p_brand", "part.p_type", "part.p_size"], "Plans": [{"Node Type": "Aggregate", "Strategy": "Hashed", "Parent Relationship": "Outer", "Startup Cost": 3000041409373.6, "Total Cost": 3000041409650.96, "Plan Rows": 27736, "Plan Width": 52, "Group By Key": ["part.p_brand", "part.p_type", "part.p_size", "partsupp.ps_suppkey"], "Plans": [{"Node Type": "Hash Join", "Parent Relationship": "Outer", "Join Type": "Anti", "Startup Cost": 2010013642477.55, "Total Cost": 3000041398690.96, "Plan Rows": 854611, "Plan Width": 44, "Inner Unique": false, "Hash Cond": "(partsupp.ps_suppkey = supplier.s_suppkey), (LLVM Optimized)", "Plans": [{"Node Type": "Hash Join", "Parent Relationship": "Outer", "Join Type": "Inner", "Startup Cost": 1010013084023.05, "Total Cost": 2000040829553.7, "Plan Rows": 854625, "Plan Width": 44, "Inner Unique": true, "Hash Cond": "(partsupp.ps_partkey = part.p_partkey), (LLVM Optimized)", "Plans": [{"Node Type": "Index Only Scan", "Parent Relationship": "Outer", "Scan Direction": "Forward", "Index Name": "partsupp_pkey", "Relation Name": "partsupp", "Alias": "partsupp", "Startup Cost": 10000000000.0, "Total Cost": 1000027706983.0, "Plan Rows": 8000372, "Plan Width": 16}, {"Node Type": "Hash", "Parent Relationship": "Inner", "Startup Cost": 1000013080325.0, "Total Cost": 1000013080325.0, "Plan Rows": 295844, "Plan Width": 44, "Plans": [{"Node Type": "Index Scan", "Parent Relationship": "Outer", "Scan Direction": "Forward", "Index Name": "part_kpey", "Relation Name": "part", "Alias": "part", "Startup Cost": 10000000000.0, "Total Cost": 1000013080325.0, "Plan Rows": 295844, "Plan Width": 44, "Filter": "((p_brand <> 'Brand#34'::bpchar) AND ((p_type)::text !~~ 'LARGE BRUSHED%'::text) AND (p_size = ANY ('{48,19,12,4,41,7,21,39}'::integer[]))), (LLVM Optimized)"}]}]}, {"Node Type": "Hash", "Parent Relationship": "Inner", "Startup Cost": 1000000558454.38, "Total Cost": 1000000558454.38, "Plan Rows": 10, "Plan Width": 8, "Plans": [{"Node Type": "Index Scan", "Parent Relationship": "Outer", "Scan Direction": "Forward", "Index Name": "supplier_pkey", "Relation Name": "supplier", "Alias": "supplier", "Startup Cost": 10000000000.0, "Total Cost": 1000000558454.38, "Plan Rows": 10, "Plan Width": 8, "Filter": "((s_comment)::text ~~ '%Customer%Complaints%'::text)"}]}]}]}]}]}, "Unique SQL Id": 1437012347}, "explain_analyze_plan": null}, "(16, 108)": {"explain_plan": {"Plan": {"Node Type": "Sort", "Startup Cost": 144484.63, "Total Cost": 144553.97, "Plan Rows": 27736, "Plan Width": 60, "Sort Key": ["(count(partsupp.ps_suppkey)) DESC", "part.p_brand", "part.p_type", "part.p_size"], "Plans": [{"Node Type": "Streaming(type: LOCAL GATHER dop: 1/16)", "Parent Relationship": "Outer", "Startup Cost": 142139.85, "Total Cost": 142437.78, "Plan Rows": 27736, "Plan Width": 60, "Plans": [{"Node Type": "Aggregate", "Strategy": "Hashed", "Parent Relationship": "Outer", "Startup Cost": 142139.85, "Total Cost": 142157.19, "Plan Rows": 27736, "Plan Width": 60, "Group By Key": ["part.p_brand", "part.p_type", "part.p_size"], "Plans": [{"Node Type": "Aggregate", "Strategy": "Hashed", "Parent Relationship": "Outer", "Startup Cost": 141071.59, "Total Cost": 141605.72, "Plan Rows": 854611, "Plan Width": 52, "Group By Key": ["part.p_brand", "part.p_type", "part.p_size", "partsupp.ps_suppkey"], "Plans": [{"Node Type": "Streaming(type: LOCAL REDISTRIBUTE dop: 16/16)", "Parent Relationship": "Outer", "Startup Cost": 69999.79, "Total Cost": 140403.93, "Plan Rows": 854611, "Plan Width": 44, "Plans": [{"Node Type": "Hash Join", "Parent Relationship": "Outer", "Join Type": "Anti", "Startup Cost": 69999.79, "Total Cost": 104950.92, "Plan Rows": 854611, "Plan Width": 44, "Inner Unique": false, "Hash Cond": "(partsupp.ps_suppkey = supplier.s_suppkey), (LLVM Optimized)", "Plans": [{"Node Type": "Hash Join", "Parent Relationship": "Outer", "Join Type": "Inner", "Startup Cost": 51463.21, "Total Cost": 85746.67, "Plan Rows": 854625, "Plan Width": 44, "Inner Unique": true, "Hash Cond": "(partsupp.ps_partkey = part.p_partkey), (LLVM Optimized)", "Plans": [{"Node Type": "Seq Scan", "Parent Relationship": "Outer", "Relation Name": "partsupp", "Alias": "partsupp", "Startup Cost": 0.0, "Total Cost": 31874.23, "Plan Rows": 8000372, "Plan Width": 16}, {"Node Type": "Hash", "Parent Relationship": "Inner", "Startup Cost": 47765.16, "Total Cost": 47765.16, "Plan Rows": 4733504, "Plan Width": 44, "Plans": [{"Node Type": "Streaming(type: BROADCAST dop: 16/16)", "Parent Relationship": "Outer", "Startup Cost": 0.0, "Total Cost": 47765.16, "Plan Rows": 4733504, "Plan Width": 44, "Plans": [{"Node Type": "Seq Scan", "Parent Relationship": "Outer", "Relation Name": "part", "Alias": "part", "Startup Cost": 0.0, "Total Cost": 20746.5, "Plan Rows": 295844, "Plan Width": 44, "Filter": "((p_brand <> 'Brand#34'::bpchar) AND ((p_type)::text !~~ 'LARGE BRUSHED%'::text) AND (p_size = ANY ('{48,19,12,4,41,7,21,39}'::integer[]))), (LLVM Optimized)"}]}]}]}, {"Node Type": "Hash", "Parent Relationship": "Inner", "Startup Cost": 18536.45, "Total Cost": 18536.45, "Plan Rows": 160, "Plan Width": 8, "Plans": [{"Node Type": "Streaming(type: BROADCAST dop: 16/1)", "Parent Relationship": "Outer", "Startup Cost": 0.0, "Total Cost": 18536.45, "Plan Rows": 160, "Plan Width": 8, "Plans": [{"Node Type": "Seq Scan", "Parent Relationship": "Outer", "Relation Name": "supplier", "Alias": "supplier", "Startup Cost": 0.0, "Total Cost": 3533.0, "Plan Rows": 10, "Plan Width": 8, "Filter": "((s_comment)::text ~~ '%Customer%Complaints%'::text)"}]}]}]}]}]}]}]}]}, "Unique SQL Id": 1437012347}, "explain_analyze_plan": {"Plan": {"Node Type": "Sort", "Startup Cost": 144484.63, "Total Cost": 144553.97, "Plan Rows": 27736, "Plan Width": 60, "Actual Min Startup Time": 1200.331, "Actual Max Startup Time": 1200.331, "Actual Min Total Time": 1203.099, "Actual Max Total Time": 1203.099, "Actual Total Rows": 27838, "Sort Key": ["(count(partsupp.ps_suppkey)) DESC", "part.p_brand", "part.p_type", "part.p_size"], "Sort Method": "quicksort", "Sort Space Min Used": 3402, "Sort Space Max Used": 3402, "Sort Space Type": "Memory", "Plans": [{"Node Type": "Streaming(type: LOCAL GATHER dop: 1/16)", "Parent Relationship": "Outer", "Startup Cost": 142139.85, "Total Cost": 142437.78, "Plan Rows": 27736, "Plan Width": 60, "Actual Min Startup Time": 941.122, "Actual Max Startup Time": 941.122, "Actual Min Total Time": 1112.365, "Actual Max Total Time": 1112.365, "Actual Total Rows": 27838, "Plans": [{"Node Type": "Aggregate", "Strategy": "Hashed", "Parent Relationship": "Outer", "Startup Cost": 142139.85, "Total Cost": 142157.19, "Plan Rows": 27736, "Plan Width": 60, "Actual Min Startup Time": 768.112, "Actual Max Startup Time": 989.65, "Actual Min Total Time": 768.112, "Actual Max Total Time": 990.899, "Actual Total Rows": 27838, "Group By Key": ["part.p_brand", "part.p_type", "part.p_size"], "Plans": [{"Node Type": "Aggregate", "Strategy": "Hashed", "Parent Relationship": "Outer", "Startup Cost": 141071.59, "Total Cost": 141605.72, "Plan Rows": 854611, "Plan Width": 52, "Actual Min Startup Time": 767.134, "Actual Max Startup Time": 831.536, "Actual Min Total Time": 768.05, "Actual Max Total Time": 863.759, "Actual Total Rows": 1188428, "Group By Key": ["part.p_brand", "part.p_type", "part.p_size", "partsupp.ps_suppkey"], "Plans": [{"Node Type": "Streaming(type: LOCAL REDISTRIBUTE dop: 16/16)", "Parent Relationship": "Outer", "Startup Cost": 69999.79, "Total Cost": 140403.93, "Plan Rows": 854611, "Plan Width": 44, "Actual Min Startup Time": 323.271, "Actual Max Startup Time": 773.136, "Actual Min Total Time": 614.546, "Actual Max Total Time": 773.136, "Actual Total Rows": 1188666, "Plans": [{"Node Type": "Hash Join", "Parent Relationship": "Outer", "Join Type": "Anti", "Startup Cost": 69999.79, "Total Cost": 104950.92, "Plan Rows": 854611, "Plan Width": 44, "Actual Min Startup Time": 319.56, "Actual Max Startup Time": 404.165, "Actual Min Total Time": 620.607, "Actual Max Total Time": 716.832, "Actual Total Rows": 1188666, "Inner Unique": false, "Hash Cond": "(partsupp.ps_suppkey = supplier.s_suppkey), (LLVM Optimized, Jit Execute)", "Plans": [{"Node Type": "Hash Join", "Parent Relationship": "Outer", "Join Type": "Inner", "Startup Cost": 51463.21, "Total Cost": 85746.67, "Plan Rows": 854625, "Plan Width": 44, "Actual Min Startup Time": 319.47, "Actual Max Startup Time": 342.856, "Actual Min Total Time": 598.59, "Actual Max Total Time": 634.107, "Actual Total Rows": 1189344, "Inner Unique": true, "Hash Cond": "(partsupp.ps_partkey = part.p_partkey), (LLVM Optimized, Jit Execute)", "Plans": [{"Node Type": "Seq Scan", "Parent Relationship": "Outer", "Relation Name": "partsupp", "Alias": "partsupp", "Startup Cost": 0.0, "Total Cost": 31874.23, "Plan Rows": 8000372, "Plan Width": 16, "Actual Min Startup Time": 0.023, "Actual Max Startup Time": 0.038, "Actual Min Total Time": 151.039, "Actual Max Total Time": 162.82, "Actual Total Rows": 8000000}, {"Node Type": "Hash", "Parent Relationship": "Inner", "Startup Cost": 47765.16, "Total Cost": 47765.16, "Plan Rows": 4733504, "Plan Width": 44, "Actual Min Startup Time": 319.067, "Actual Max Startup Time": 342.372, "Actual Min Total Time": 319.067, "Actual Max Total Time": 342.372, "Actual Total Rows": 4757376, "Max Hash Buckets": 524288, "Min Hash Buckets": 524288, "Max Hash Batches": 1, "Min Hash Batches": 1, "Max Original Hash Batches": 1, "Min Original Hash Batches": 1, "Max Peak Memory Usage": 23216, "min Peak Memory Usage": 23216, "Plans": [{"Node Type": "Streaming(type: BROADCAST dop: 16/16)", "Parent Relationship": "Outer", "Startup Cost": 0.0, "Total Cost": 47765.16, "Plan Rows": 4733504, "Plan Width": 44, "Actual Min Startup Time": 0.037, "Actual Max Startup Time": 0.092, "Actual Min Total Time": 218.869, "Actual Max Total Time": 242.54, "Actual Total Rows": 4757376, "Plans": [{"Node Type": "Seq Scan", "Parent Relationship": "Outer", "Relation Name": "part", "Alias": "part", "Startup Cost": 0.0, "Total Cost": 20746.5, "Plan Rows": 295844, "Plan Width": 44, "Actual Min Startup Time": 0.033, "Actual Max Startup Time": 0.07, "Actual Min Total Time": 102.838, "Actual Max Total Time": 108.172, "Actual Total Rows": 297336, "Filter": "((p_brand <> 'Brand#34'::bpchar) AND ((p_type)::text !~~ 'LARGE BRUSHED%'::text) AND (p_size = ANY ('{48,19,12,4,41,7,21,39}'::integer[]))), (LLVM Optimized, Jit Execute)", "Rows Removed by Filter": 1702664}]}]}]}, {"Node Type": "Hash", "Parent Relationship": "Inner", "Startup Cost": 18536.45, "Total Cost": 18536.45, "Plan Rows": 160, "Plan Width": 8, "Actual Min Startup Time": 0.041, "Actual Max Startup Time": 61.248, "Actual Min Total Time": 0.041, "Actual Max Total Time": 61.248, "Actual Total Rows": 896, "Max Hash Buckets": 32768, "Min Hash Buckets": 32768, "Max Hash Batches": 1, "Min Hash Batches": 1, "Max Original Hash Batches": 1, "Min Original Hash Batches": 1, "Max Peak Memory Usage": 3, "min Peak Memory Usage": 3, "Plans": [{"Node Type": "Streaming(type: BROADCAST dop: 16/1)", "Parent Relationship": "Outer", "Startup Cost": 0.0, "Total Cost": 18536.45, "Plan Rows": 160, "Plan Width": 8, "Actual Min Startup Time": 0.012, "Actual Max Startup Time": 61.212, "Actual Min Total Time": 0.014, "Actual Max Total Time": 61.215, "Actual Total Rows": 896, "Plans": [{"Node Type": "Seq Scan", "Parent Relationship": "Outer", "Relation Name": "supplier", "Alias": "supplier", "Startup Cost": 0.0, "Total Cost": 3533.0, "Plan Rows": 10, "Plan Width": 8, "Actual Min Startup Time": 0.248, "Actual Max Startup Time": 0.248, "Actual Min Total Time": 52.934, "Actual Max Total Time": 52.934, "Actual Total Rows": 56, "Filter": "((s_comment)::text ~~ '%Customer%Complaints%'::text)", "Rows Removed by Filter": 99944}]}]}]}]}]}]}]}]}, "Triggers": [], "Planner Runtime": 1.74, "Total Runtime": 1224.55, "Unique SQL Id": 1437012347}}, "(16, 109)": {"explain_plan": {"Plan": {"Node Type": "Sort", "Startup Cost": 564325.23, "Total Cost": 564394.57, "Plan Rows": 27736, "Plan Width": 60, "Sort Key": ["(count(partsupp.ps_suppkey)) DESC", "part.p_brand", "part.p_type", "part.p_size"], "Plans": [{"Node Type": "Streaming(type: LOCAL GATHER dop: 1/16)", "Parent Relationship": "Outer", "Startup Cost": 561980.46, "Total Cost": 562278.39, "Plan Rows": 27736, "Plan Width": 60, "Plans": [{"Node Type": "Aggregate", "Strategy": "Hashed", "Parent Relationship": "Outer", "Startup Cost": 561980.46, "Total Cost": 561997.8, "Plan Rows": 27736, "Plan Width": 60, "Group By Key": ["part.p_brand", "part.p_type", "part.p_size"], "Plans": [{"Node Type": "Aggregate", "Strategy": "Hashed", "Parent Relationship": "Outer", "Startup Cost": 560912.2, "Total Cost": 561446.33, "Plan Rows": 854611, "Plan Width": 52, "Group By Key": ["part.p_brand", "part.p_type", "part.p_size", "partsupp.ps_suppkey"], "Plans": [{"Node Type": "Streaming(type: LOCAL REDISTRIBUTE dop: 16/16)", "Parent Relationship": "Outer", "Startup Cost": 150233.08, "Total Cost": 560244.53, "Plan Rows": 854611, "Plan Width": 44, "Plans": [{"Node Type": "Hash Join", "Parent Relationship": "Outer", "Join Type": "Anti", "Startup Cost": 150233.08, "Total Cost": 524791.53, "Plan Rows": 854611, "Plan Width": 44, "Inner Unique": false, "Hash Cond": "(partsupp.ps_suppkey = supplier.s_suppkey), (LLVM Optimized)", "Plans": [{"Node Type": "Hash Join", "Parent Relationship": "Outer", "Join Type": "Inner", "Startup Cost": 129644.96, "Total Cost": 503535.74, "Plan Rows": 854625, "Plan Width": 44, "Inner Unique": true, "Hash Cond": "(partsupp.ps_partkey = part.p_partkey), (LLVM Optimized)", "Plans": [{"Node Type": "Index Scan", "Parent Relationship": "Outer", "Scan Direction": "Forward", "Index Name": "idx_partsupp_partkey", "Relation Name": "partsupp", "Alias": "partsupp", "Startup Cost": 0.0, "Total Cost": 371481.55, "Plan Rows": 8000372, "Plan Width": 16}, {"Node Type": "Hash", "Parent Relationship": "Inner", "Startup Cost": 125946.91, "Total Cost": 125946.91, "Plan Rows": 4733504, "Plan Width": 44, "Plans": [{"Node Type": "Streaming(type: BROADCAST dop: 16/16)", "Parent Relationship": "Outer", "Startup Cost": 0.0, "Total Cost": 125946.91, "Plan Rows": 4733504, "Plan Width": 44, "Plans": [{"Node Type": "Index Scan", "Parent Relationship": "Outer", "Scan Direction": "Forward", "Index Name": "part_kpey", "Relation Name": "part", "Alias": "part", "Startup Cost": 0.0, "Total Cost": 98928.25, "Plan Rows": 295844, "Plan Width": 44, "Filter": "((p_brand <> 'Brand#34'::bpchar) AND ((p_type)::text !~~ 'LARGE BRUSHED%'::text) AND (p_size = ANY ('{48,19,12,4,41,7,21,39}'::integer[]))), (LLVM Optimized)"}]}]}]}, {"Node Type": "Hash", "Parent Relationship": "Inner", "Startup Cost": 20588.0, "Total Cost": 20588.0, "Plan Rows": 160, "Plan Width": 8, "Plans": [{"Node Type": "Streaming(type: BROADCAST dop: 16/1)", "Parent Relationship": "Outer", "Startup Cost": 0.0, "Total Cost": 20588.0, "Plan Rows": 160, "Plan Width": 8, "Plans": [{"Node Type": "Index Scan", "Parent Relationship": "Outer", "Scan Direction": "Forward", "Index Name": "supplier_pkey", "Relation Name": "supplier", "Alias": "supplier", "Startup Cost": 0.0, "Total Cost": 5584.54, "Plan Rows": 10, "Plan Width": 8, "Filter": "((s_comment)::text ~~ '%Customer%Complaints%'::text)"}]}]}]}]}]}]}]}]}, "Unique SQL Id": 1437012347}, "explain_analyze_plan": {"Plan": {"Node Type": "Sort", "Startup Cost": 564325.23, "Total Cost": 564394.57, "Plan Rows": 27736, "Plan Width": 60, "Actual Min Startup Time": 1619.572, "Actual Max Startup Time": 1619.572, "Actual Min Total Time": 1622.26, "Actual Max Total Time": 1622.26, "Actual Total Rows": 27838, "Sort Key": ["(count(partsupp.ps_suppkey)) DESC", "part.p_brand", "part.p_type", "part.p_size"], "Sort Method": "quicksort", "Sort Space Min Used": 3402, "Sort Space Max Used": 3402, "Sort Space Type": "Memory", "Plans": [{"Node Type": "Streaming(type: LOCAL GATHER dop: 1/16)", "Parent Relationship": "Outer", "Startup Cost": 561980.46, "Total Cost": 562278.39, "Plan Rows": 27736, "Plan Width": 60, "Actual Min Startup Time": 1367.631, "Actual Max Startup Time": 1367.631, "Actual Min Total Time": 1534.225, "Actual Max Total Time": 1534.225, "Actual Total Rows": 27838, "Plans": [{"Node Type": "Aggregate", "Strategy": "Hashed", "Parent Relationship": "Outer", "Startup Cost": 561980.46, "Total Cost": 561997.8, "Plan Rows": 27736, "Plan Width": 60, "Actual Min Startup Time": 1184.074, "Actual Max Startup Time": 1396.508, "Actual Min Total Time": 1184.074, "Actual Max Total Time": 1397.687, "Actual Total Rows": 27838, "Group By Key": ["part.p_brand", "part.p_type", "part.p_size"], "Plans": [{"Node Type": "Aggregate", "Strategy": "Hashed", "Parent Relationship": "Outer", "Startup Cost": 560912.2, "Total Cost": 561446.33, "Plan Rows": 854611, "Plan Width": 52, "Actual Min Startup Time": 1176.118, "Actual Max Startup Time": 1256.882, "Actual Min Total Time": 1184.016, "Actual Max Total Time": 1288.867, "Actual Total Rows": 1188428, "Group By Key": ["part.p_brand", "part.p_type", "part.p_size", "partsupp.ps_suppkey"], "Plans": [{"Node Type": "Streaming(type: LOCAL REDISTRIBUTE dop: 16/16)", "Parent Relationship": "Outer", "Startup Cost": 150233.08, "Total Cost": 560244.53, "Plan Rows": 854611, "Plan Width": 44, "Actual Min Startup Time": 568.154, "Actual Max Startup Time": 1213.325, "Actual Min Total Time": 1036.832, "Actual Max Total Time": 1213.325, "Actual Total Rows": 1188666, "Plans": [{"Node Type": "Hash Join", "Parent Relationship": "Outer", "Join Type": "Anti", "Startup Cost": 150233.08, "Total Cost": 524791.53, "Plan Rows": 854611, "Plan Width": 44, "Actual Min Startup Time": 563.498, "Actual Max Startup Time": 656.823, "Actual Min Total Time": 1032.687, "Actual Max Total Time": 1151.158, "Actual Total Rows": 1188666, "Inner Unique": false, "Hash Cond": "(partsupp.ps_suppkey = supplier.s_suppkey), (LLVM Optimized, Jit Execute)", "Plans": [{"Node Type": "Hash Join", "Parent Relationship": "Outer", "Join Type": "Inner", "Startup Cost": 129644.96, "Total Cost": 503535.74, "Plan Rows": 854625, "Plan Width": 44, "Actual Min Startup Time": 563.406, "Actual Max Startup Time": 565.349, "Actual Min Total Time": 1004.557, "Actual Max Total Time": 1049.519, "Actual Total Rows": 1189344, "Inner Unique": true, "Hash Cond": "(partsupp.ps_partkey = part.p_partkey), (LLVM Optimized, Jit Execute)", "Plans": [{"Node Type": "Index Scan", "Parent Relationship": "Outer", "Scan Direction": "Forward", "Index Name": "idx_partsupp_partkey", "Relation Name": "partsupp", "Alias": "partsupp", "Startup Cost": 0.0, "Total Cost": 371481.55, "Plan Rows": 8000372, "Plan Width": 16, "Actual Min Startup Time": 53.627, "Actual Max Startup Time": 53.723, "Actual Min Total Time": 366.616, "Actual Max Total Time": 382.503, "Actual Total Rows": 8000000}, {"Node Type": "Hash", "Parent Relationship": "Inner", "Startup Cost": 125946.91, "Total Cost": 125946.91, "Plan Rows": 4733504, "Plan Width": 44, "Actual Min Startup Time": 509.283, "Actual Max Startup Time": 511.049, "Actual Min Total Time": 509.283, "Actual Max Total Time": 511.049, "Actual Total Rows": 4757376, "Max Hash Buckets": 524288, "Min Hash Buckets": 524288, "Max Hash Batches": 1, "Min Hash Batches": 1, "Max Original Hash Batches": 1, "Min Original Hash Batches": 1, "Max Peak Memory Usage": 23216, "min Peak Memory Usage": 23216, "Plans": [{"Node Type": "Streaming(type: BROADCAST dop: 16/16)", "Parent Relationship": "Outer", "Startup Cost": 0.0, "Total Cost": 125946.91, "Plan Rows": 4733504, "Plan Width": 44, "Actual Min Startup Time": 10.053, "Actual Max Startup Time": 11.842, "Actual Min Total Time": 402.657, "Actual Max Total Time": 419.53, "Actual Total Rows": 4757376, "Plans": [{"Node Type": "Index Scan", "Parent Relationship": "Outer", "Scan Direction": "Forward", "Index Name": "part_kpey", "Relation Name": "part", "Alias": "part", "Startup Cost": 0.0, "Total Cost": 98928.25, "Plan Rows": 295844, "Plan Width": 44, "Actual Min Startup Time": 11.768, "Actual Max Startup Time": 86.127, "Actual Min Total Time": 163.258, "Actual Max Total Time": 249.032, "Actual Total Rows": 297336, "Filter": "((p_brand <> 'Brand#34'::bpchar) AND ((p_type)::text !~~ 'LARGE BRUSHED%'::text) AND (p_size = ANY ('{48,19,12,4,41,7,21,39}'::integer[]))), (LLVM Optimized, Jit Execute)", "Rows Removed by Filter": 1702664}]}]}]}, {"Node Type": "Hash", "Parent Relationship": "Inner", "Startup Cost": 20588.0, "Total Cost": 20588.0, "Plan Rows": 160, "Plan Width": 8, "Actual Min Startup Time": 0.048, "Actual Max Startup Time": 92.028, "Actual Min Total Time": 0.048, "Actual Max Total Time": 92.028, "Actual Total Rows": 896, "Max Hash Buckets": 32768, "Min Hash Buckets": 32768, "Max Hash Batches": 1, "Min Hash Batches": 1, "Max Original Hash Batches": 1, "Min Original Hash Batches": 1, "Max Peak Memory Usage": 3, "min Peak Memory Usage": 3, "Plans": [{"Node Type": "Streaming(type: BROADCAST dop: 16/1)", "Parent Relationship": "Outer", "Startup Cost": 0.0, "Total Cost": 20588.0, "Plan Rows": 160, "Plan Width": 8, "Actual Min Startup Time": 0.021, "Actual Max Startup Time": 91.779, "Actual Min Total Time": 0.024, "Actual Max Total Time": 91.786, "Actual Total Rows": 896, "Plans": [{"Node Type": "Index Scan", "Parent Relationship": "Outer", "Scan Direction": "Forward", "Index Name": "supplier_pkey", "Relation Name": "supplier", "Alias": "supplier", "Startup Cost": 0.0, "Total Cost": 5584.54, "Plan Rows": 10, "Plan Width": 8, "Actual Min Startup Time": 0.422, "Actual Max Startup Time": 0.422, "Actual Min Total Time": 88.316, "Actual Max Total Time": 88.316, "Actual Total Rows": 56, "Filter": "((s_comment)::text ~~ '%Customer%Complaints%'::text)", "Rows Removed by Filter": 99944}]}]}]}]}]}]}]}]}, "Triggers": [], "Planner Runtime": 1.876, "Total Runtime": 1643.998, "Unique SQL Id": 1437012347}}, "(16, 110)": {"explain_plan": {"Plan": {"Node Type": "Sort", "Startup Cost": 144484.63, "Total Cost": 144553.97, "Plan Rows": 27736, "Plan Width": 60, "Sort Key": ["(count(partsupp.ps_suppkey)) DESC", "part.p_brand", "part.p_type", "part.p_size"], "Plans": [{"Node Type": "Streaming(type: LOCAL GATHER dop: 1/16)", "Parent Relationship": "Outer", "Startup Cost": 142139.85, "Total Cost": 142437.78, "Plan Rows": 27736, "Plan Width": 60, "Plans": [{"Node Type": "Aggregate", "Strategy": "Hashed", "Parent Relationship": "Outer", "Startup Cost": 142139.85, "Total Cost": 142157.19, "Plan Rows": 27736, "Plan Width": 60, "Group By Key": ["part.p_brand", "part.p_type", "part.p_size"], "Plans": [{"Node Type": "Aggregate", "Strategy": "Hashed", "Parent Relationship": "Outer", "Startup Cost": 141071.59, "Total Cost": 141605.72, "Plan Rows": 854611, "Plan Width": 52, "Group By Key": ["part.p_brand", "part.p_type", "part.p_size", "partsupp.ps_suppkey"], "Plans": [{"Node Type": "Streaming(type: LOCAL REDISTRIBUTE dop: 16/16)", "Parent Relationship": "Outer", "Startup Cost": 69999.79, "Total Cost": 140403.93, "Plan Rows": 854611, "Plan Width": 44, "Plans": [{"Node Type": "Hash Join", "Parent Relationship": "Outer", "Join Type": "Anti", "Startup Cost": 69999.79, "Total Cost": 104950.92, "Plan Rows": 854611, "Plan Width": 44, "Inner Unique": false, "Hash Cond": "(partsupp.ps_suppkey = supplier.s_suppkey), (LLVM Optimized)", "Plans": [{"Node Type": "Hash Join", "Parent Relationship": "Outer", "Join Type": "Inner", "Startup Cost": 51463.21, "Total Cost": 85746.67, "Plan Rows": 854625, "Plan Width": 44, "Inner Unique": true, "Hash Cond": "(partsupp.ps_partkey = part.p_partkey), (LLVM Optimized)", "Plans": [{"Node Type": "Seq Scan", "Parent Relationship": "Outer", "Relation Name": "partsupp", "Alias": "partsupp", "Startup Cost": 0.0, "Total Cost": 31874.23, "Plan Rows": 8000372, "Plan Width": 16}, {"Node Type": "Hash", "Parent Relationship": "Inner", "Startup Cost": 47765.16, "Total Cost": 47765.16, "Plan Rows": 4733504, "Plan Width": 44, "Plans": [{"Node Type": "Streaming(type: BROADCAST dop: 16/16)", "Parent Relationship": "Outer", "Startup Cost": 0.0, "Total Cost": 47765.16, "Plan Rows": 4733504, "Plan Width": 44, "Plans": [{"Node Type": "Seq Scan", "Parent Relationship": "Outer", "Relation Name": "part", "Alias": "part", "Startup Cost": 0.0, "Total Cost": 20746.5, "Plan Rows": 295844, "Plan Width": 44, "Filter": "((p_brand <> 'Brand#34'::bpchar) AND ((p_type)::text !~~ 'LARGE BRUSHED%'::text) AND (p_size = ANY ('{48,19,12,4,41,7,21,39}'::integer[]))), (LLVM Optimized)"}]}]}]}, {"Node Type": "Hash", "Parent Relationship": "Inner", "Startup Cost": 18536.45, "Total Cost": 18536.45, "Plan Rows": 160, "Plan Width": 8, "Plans": [{"Node Type": "Streaming(type: BROADCAST dop: 16/1)", "Parent Relationship": "Outer", "Startup Cost": 0.0, "Total Cost": 18536.45, "Plan Rows": 160, "Plan Width": 8, "Plans": [{"Node Type": "Seq Scan", "Parent Relationship": "Outer", "Relation Name": "supplier", "Alias": "supplier", "Startup Cost": 0.0, "Total Cost": 3533.0, "Plan Rows": 10, "Plan Width": 8, "Filter": "((s_comment)::text ~~ '%Customer%Complaints%'::text)"}]}]}]}]}]}]}]}]}, "Unique SQL Id": 1437012347}, "explain_analyze_plan": {"Plan": {"Node Type": "Sort", "Startup Cost": 144484.63, "Total Cost": 144553.97, "Plan Rows": 27736, "Plan Width": 60, "Actual Min Startup Time": 1200.331, "Actual Max Startup Time": 1200.331, "Actual Min Total Time": 1203.099, "Actual Max Total Time": 1203.099, "Actual Total Rows": 27838, "Sort Key": ["(count(partsupp.ps_suppkey)) DESC", "part.p_brand", "part.p_type", "part.p_size"], "Sort Method": "quicksort", "Sort Space Min Used": 3402, "Sort Space Max Used": 3402, "Sort Space Type": "Memory", "Plans": [{"Node Type": "Streaming(type: LOCAL GATHER dop: 1/16)", "Parent Relationship": "Outer", "Startup Cost": 142139.85, "Total Cost": 142437.78, "Plan Rows": 27736, "Plan Width": 60, "Actual Min Startup Time": 941.122, "Actual Max Startup Time": 941.122, "Actual Min Total Time": 1112.365, "Actual Max Total Time": 1112.365, "Actual Total Rows": 27838, "Plans": [{"Node Type": "Aggregate", "Strategy": "Hashed", "Parent Relationship": "Outer", "Startup Cost": 142139.85, "Total Cost": 142157.19, "Plan Rows": 27736, "Plan Width": 60, "Actual Min Startup Time": 768.112, "Actual Max Startup Time": 989.65, "Actual Min Total Time": 768.112, "Actual Max Total Time": 990.899, "Actual Total Rows": 27838, "Group By Key": ["part.p_brand", "part.p_type", "part.p_size"], "Plans": [{"Node Type": "Aggregate", "Strategy": "Hashed", "Parent Relationship": "Outer", "Startup Cost": 141071.59, "Total Cost": 141605.72, "Plan Rows": 854611, "Plan Width": 52, "Actual Min Startup Time": 767.134, "Actual Max Startup Time": 831.536, "Actual Min Total Time": 768.05, "Actual Max Total Time": 863.759, "Actual Total Rows": 1188428, "Group By Key": ["part.p_brand", "part.p_type", "part.p_size", "partsupp.ps_suppkey"], "Plans": [{"Node Type": "Streaming(type: LOCAL REDISTRIBUTE dop: 16/16)", "Parent Relationship": "Outer", "Startup Cost": 69999.79, "Total Cost": 140403.93, "Plan Rows": 854611, "Plan Width": 44, "Actual Min Startup Time": 323.271, "Actual Max Startup Time": 773.136, "Actual Min Total Time": 614.546, "Actual Max Total Time": 773.136, "Actual Total Rows": 1188666, "Plans": [{"Node Type": "Hash Join", "Parent Relationship": "Outer", "Join Type": "Anti", "Startup Cost": 69999.79, "Total Cost": 104950.92, "Plan Rows": 854611, "Plan Width": 44, "Actual Min Startup Time": 319.56, "Actual Max Startup Time": 404.165, "Actual Min Total Time": 620.607, "Actual Max Total Time": 716.832, "Actual Total Rows": 1188666, "Inner Unique": false, "Hash Cond": "(partsupp.ps_suppkey = supplier.s_suppkey), (LLVM Optimized, Jit Execute)", "Plans": [{"Node Type": "Hash Join", "Parent Relationship": "Outer", "Join Type": "Inner", "Startup Cost": 51463.21, "Total Cost": 85746.67, "Plan Rows": 854625, "Plan Width": 44, "Actual Min Startup Time": 319.47, "Actual Max Startup Time": 342.856, "Actual Min Total Time": 598.59, "Actual Max Total Time": 634.107, "Actual Total Rows": 1189344, "Inner Unique": true, "Hash Cond": "(partsupp.ps_partkey = part.p_partkey), (LLVM Optimized, Jit Execute)", "Plans": [{"Node Type": "Seq Scan", "Parent Relationship": "Outer", "Relation Name": "partsupp", "Alias": "partsupp", "Startup Cost": 0.0, "Total Cost": 31874.23, "Plan Rows": 8000372, "Plan Width": 16, "Actual Min Startup Time": 0.023, "Actual Max Startup Time": 0.038, "Actual Min Total Time": 151.039, "Actual Max Total Time": 162.82, "Actual Total Rows": 8000000}, {"Node Type": "Hash", "Parent Relationship": "Inner", "Startup Cost": 47765.16, "Total Cost": 47765.16, "Plan Rows": 4733504, "Plan Width": 44, "Actual Min Startup Time": 319.067, "Actual Max Startup Time": 342.372, "Actual Min Total Time": 319.067, "Actual Max Total Time": 342.372, "Actual Total Rows": 4757376, "Max Hash Buckets": 524288, "Min Hash Buckets": 524288, "Max Hash Batches": 1, "Min Hash Batches": 1, "Max Original Hash Batches": 1, "Min Original Hash Batches": 1, "Max Peak Memory Usage": 23216, "min Peak Memory Usage": 23216, "Plans": [{"Node Type": "Streaming(type: BROADCAST dop: 16/16)", "Parent Relationship": "Outer", "Startup Cost": 0.0, "Total Cost": 47765.16, "Plan Rows": 4733504, "Plan Width": 44, "Actual Min Startup Time": 0.037, "Actual Max Startup Time": 0.092, "Actual Min Total Time": 218.869, "Actual Max Total Time": 242.54, "Actual Total Rows": 4757376, "Plans": [{"Node Type": "Seq Scan", "Parent Relationship": "Outer", "Relation Name": "part", "Alias": "part", "Startup Cost": 0.0, "Total Cost": 20746.5, "Plan Rows": 295844, "Plan Width": 44, "Actual Min Startup Time": 0.033, "Actual Max Startup Time": 0.07, "Actual Min Total Time": 102.838, "Actual Max Total Time": 108.172, "Actual Total Rows": 297336, "Filter": "((p_brand <> 'Brand#34'::bpchar) AND ((p_type)::text !~~ 'LARGE BRUSHED%'::text) AND (p_size = ANY ('{48,19,12,4,41,7,21,39}'::integer[]))), (LLVM Optimized, Jit Execute)", "Rows Removed by Filter": 1702664}]}]}]}, {"Node Type": "Hash", "Parent Relationship": "Inner", "Startup Cost": 18536.45, "Total Cost": 18536.45, "Plan Rows": 160, "Plan Width": 8, "Actual Min Startup Time": 0.041, "Actual Max Startup Time": 61.248, "Actual Min Total Time": 0.041, "Actual Max Total Time": 61.248, "Actual Total Rows": 896, "Max Hash Buckets": 32768, "Min Hash Buckets": 32768, "Max Hash Batches": 1, "Min Hash Batches": 1, "Max Original Hash Batches": 1, "Min Original Hash Batches": 1, "Max Peak Memory Usage": 3, "min Peak Memory Usage": 3, "Plans": [{"Node Type": "Streaming(type: BROADCAST dop: 16/1)", "Parent Relationship": "Outer", "Startup Cost": 0.0, "Total Cost": 18536.45, "Plan Rows": 160, "Plan Width": 8, "Actual Min Startup Time": 0.012, "Actual Max Startup Time": 61.212, "Actual Min Total Time": 0.014, "Actual Max Total Time": 61.215, "Actual Total Rows": 896, "Plans": [{"Node Type": "Seq Scan", "Parent Relationship": "Outer", "Relation Name": "supplier", "Alias": "supplier", "Startup Cost": 0.0, "Total Cost": 3533.0, "Plan Rows": 10, "Plan Width": 8, "Actual Min Startup Time": 0.248, "Actual Max Startup Time": 0.248, "Actual Min Total Time": 52.934, "Actual Max Total Time": 52.934, "Actual Total Rows": 56, "Filter": "((s_comment)::text ~~ '%Customer%Complaints%'::text)", "Rows Removed by Filter": 99944}]}]}]}]}]}]}]}]}, "Triggers": [], "Planner Runtime": 1.74, "Total Runtime": 1224.55, "Unique SQL Id": 1437012347}}, "(16, 111)": {"explain_plan": {"Plan": {"Node Type": "Sort", "Startup Cost": 3000085346232.74, "Total Cost": 3000085346302.08, "Plan Rows": 27736, "Plan Width": 60, "Sort Key": ["(count(partsupp.ps_suppkey)) DESC", "part.p_brand", "part.p_type", "part.p_size"], "Plans": [{"Node Type": "Aggregate", "Strategy": "Hashed", "Parent Relationship": "Outer", "Startup Cost": 3000085343908.53, "Total Cost": 3000085344185.89, "Plan Rows": 27736, "Plan Width": 60, "Group By Key": ["part.p_brand", "part.p_type", "part.p_size"], "Plans": [{"Node Type": "Aggregate", "Strategy": "Hashed", "Parent Relationship": "Outer", "Startup Cost": 3000085343353.81, "Total Cost": 3000085343631.17, "Plan Rows": 27736, "Plan Width": 52, "Group By Key": ["part.p_brand", "part.p_type", "part.p_size", "partsupp.ps_suppkey"], "Plans": [{"Node Type": "Hash Join", "Parent Relationship": "Outer", "Join Type": "Anti", "Startup Cost": 2010013642477.55, "Total Cost": 3000085332671.18, "Plan Rows": 854611, "Plan Width": 44, "Inner Unique": false, "Hash Cond": "(partsupp.ps_suppkey = supplier.s_suppkey), (LLVM Optimized)", "Plans": [{"Node Type": "Hash Join", "Parent Relationship": "Outer", "Join Type": "Inner", "Startup Cost": 1010013084023.05, "Total Cost": 2000084763533.91, "Plan Rows": 854625, "Plan Width": 44, "Inner Unique": true, "Hash Cond": "(partsupp.ps_partkey = part.p_partkey), (LLVM Optimized)", "Plans": [{"Node Type": "Index Scan", "Parent Relationship": "Outer", "Scan Direction": "Forward", "Index Name": "partsupp_pkey", "Relation Name": "partsupp", "Alias": "partsupp", "Startup Cost": 10000000000.0, "Total Cost": 1000071640963.22, "Plan Rows": 8000372, "Plan Width": 16}, {"Node Type": "Hash", "Parent Relationship": "Inner", "Startup Cost": 1000013080325.0, "Total Cost": 1000013080325.0, "Plan Rows": 295844, "Plan Width": 44, "Plans": [{"Node Type": "Index Scan", "Parent Relationship": "Outer", "Scan Direction": "Forward", "Index Name": "part_kpey", "Relation Name": "part", "Alias": "part", "Startup Cost": 10000000000.0, "Total Cost": 1000013080325.0, "Plan Rows": 295844, "Plan Width": 44, "Filter": "((p_brand <> 'Brand#34'::bpchar) AND ((p_type)::text !~~ 'LARGE BRUSHED%'::text) AND (p_size = ANY ('{48,19,12,4,41,7,21,39}'::integer[]))), (LLVM Optimized)"}]}]}, {"Node Type": "Hash", "Parent Relationship": "Inner", "Startup Cost": 1000000558454.38, "Total Cost": 1000000558454.38, "Plan Rows": 10, "Plan Width": 8, "Plans": [{"Node Type": "Index Scan", "Parent Relationship": "Outer", "Scan Direction": "Forward", "Index Name": "supplier_pkey", "Relation Name": "supplier", "Alias": "supplier", "Startup Cost": 10000000000.0, "Total Cost": 1000000558454.38, "Plan Rows": 10, "Plan Width": 8, "Filter": "((s_comment)::text ~~ '%Customer%Complaints%'::text)"}]}]}]}]}]}, "Unique SQL Id": 1437012347}, "explain_analyze_plan": null}, "(16, 112)": {"explain_plan": {"Plan": {"Node Type": "Sort", "Startup Cost": 430070.43, "Total Cost": 430139.77, "Plan Rows": 27736, "Plan Width": 60, "Sort Key": ["(count(partsupp.ps_suppkey)) DESC", "part.p_brand", "part.p_type", "part.p_size"], "Plans": [{"Node Type": "Aggregate", "Strategy": "Hashed", "Parent Relationship": "Outer", "Startup Cost": 427746.22, "Total Cost": 428023.58, "Plan Rows": 27736, "Plan Width": 60, "Group By Key": ["part.p_brand", "part.p_type", "part.p_size"], "Plans": [{"Node Type": "Aggregate", "Strategy": "Hashed", "Parent Relationship": "Outer", "Startup Cost": 427191.5, "Total Cost": 427468.86, "Plan Rows": 27736, "Plan Width": 52, "Group By Key": ["part.p_brand", "part.p_type", "part.p_size", "partsupp.ps_suppkey"], "Plans": [{"Node Type": "Nested Loop", "Parent Relationship": "Outer", "Join Type": "Anti", "Startup Cost": 0.0, "Total Cost": 416508.87, "Plan Rows": 854611, "Plan Width": 44, "Inner Unique": false, "Join Filter": "(partsupp.ps_suppkey = supplier.s_suppkey), (LLVM Optimized)", "Plans": [{"Node Type": "Nested Loop", "Parent Relationship": "Outer", "Join Type": "Inner", "Startup Cost": 0.0, "Total Cost": 284782.37, "Plan Rows": 854625, "Plan Width": 44, "Inner Unique": false, "Plans": [{"Node Type": "Streaming(type: LOCAL GATHER dop: 1/16)", "Parent Relationship": "Outer", "Startup Cost": 0.0, "Total Cost": 27131.41, "Plan Rows": 295844, "Plan Width": 44, "Plans": [{"Node Type": "Seq Scan", "Parent Relationship": "Outer", "Relation Name": "part", "Alias": "part", "Startup Cost": 0.0, "Total Cost": 20746.5, "Plan Rows": 295844, "Plan Width": 44, "Filter": "((p_brand <> 'Brand#34'::bpchar) AND ((p_type)::text !~~ 'LARGE BRUSHED%'::text) AND (p_size = ANY ('{48,19,12,4,41,7,21,39}'::integer[]))), (LLVM Optimized)"}]}, {"Node Type": "Index Only Scan", "Parent Relationship": "Inner", "Scan Direction": "Forward", "Index Name": "partsupp_pkey", "Relation Name": "partsupp", "Alias": "partsupp", "Startup Cost": 0.0, "Total Cost": 0.84, "Plan Rows": 3, "Plan Width": 16, "Index Cond": "(ps_partkey = part.p_partkey)"}]}, {"Node Type": "Materialize", "Parent Relationship": "Inner", "Startup Cost": 0.0, "Total Cost": 3533.05, "Plan Rows": 10, "Plan Width": 8, "Plans": [{"Node Type": "Seq Scan", "Parent Relationship": "Outer", "Relation Name": "supplier", "Alias": "supplier", "Startup Cost": 0.0, "Total Cost": 3533.0, "Plan Rows": 10, "Plan Width": 8, "Filter": "((s_comment)::text ~~ '%Customer%Complaints%'::text)"}]}]}]}]}]}, "Unique SQL Id": 1437012347}, "explain_analyze_plan": null}, "(16, 113)": {"explain_plan": {"Plan": {"Node Type": "Sort", "Startup Cost": 510303.72, "Total Cost": 510373.06, "Plan Rows": 27736, "Plan Width": 60, "Sort Key": ["(count(partsupp.ps_suppkey)) DESC", "part.p_brand", "part.p_type", "part.p_size"], "Plans": [{"Node Type": "Aggregate", "Strategy": "Hashed", "Parent Relationship": "Outer", "Startup Cost": 507979.52, "Total Cost": 508256.88, "Plan Rows": 27736, "Plan Width": 60, "Group By Key": ["part.p_brand", "part.p_type", "part.p_size"], "Plans": [{"Node Type": "Aggregate", "Strategy": "Hashed", "Parent Relationship": "Outer", "Startup Cost": 507424.8, "Total Cost": 507702.16, "Plan Rows": 27736, "Plan Width": 52, "Group By Key": ["part.p_brand", "part.p_type", "part.p_size", "partsupp.ps_suppkey"], "Plans": [{"Node Type": "Nested Loop", "Parent Relationship": "Outer", "Join Type": "Anti", "Startup Cost": 0.0, "Total Cost": 496742.16, "Plan Rows": 854611, "Plan Width": 44, "Inner Unique": false, "Join Filter": "(partsupp.ps_suppkey = supplier.s_suppkey), (LLVM Optimized)", "Plans": [{"Node Type": "Nested Loop", "Parent Relationship": "Outer", "Join Type": "Inner", "Startup Cost": 0.0, "Total Cost": 362964.12, "Plan Rows": 854625, "Plan Width": 44, "Inner Unique": false, "Plans": [{"Node Type": "Streaming(type: LOCAL GATHER dop: 1/16)", "Parent Relationship": "Outer", "Startup Cost": 0.0, "Total Cost": 105313.16, "Plan Rows": 295844, "Plan Width": 44, "Plans": [{"Node Type": "Index Scan", "Parent Relationship": "Outer", "Scan Direction": "Forward", "Index Name": "part_kpey", "Relation Name": "part", "Alias": "part", "Startup Cost": 0.0, "Total Cost": 98928.25, "Plan Rows": 295844, "Plan Width": 44, "Filter": "((p_brand <> 'Brand#34'::bpchar) AND ((p_type)::text !~~ 'LARGE BRUSHED%'::text) AND (p_size = ANY ('{48,19,12,4,41,7,21,39}'::integer[]))), (LLVM Optimized)"}]}, {"Node Type": "Index Only Scan", "Parent Relationship": "Inner", "Scan Direction": "Forward", "Index Name": "partsupp_pkey", "Relation Name": "partsupp", "Alias": "partsupp", "Startup Cost": 0.0, "Total Cost": 0.84, "Plan Rows": 3, "Plan Width": 16, "Index Cond": "(ps_partkey = part.p_partkey)"}]}, {"Node Type": "Materialize", "Parent Relationship": "Inner", "Startup Cost": 0.0, "Total Cost": 5584.59, "Plan Rows": 10, "Plan Width": 8, "Plans": [{"Node Type": "Index Scan", "Parent Relationship": "Outer", "Scan Direction": "Forward", "Index Name": "supplier_pkey", "Relation Name": "supplier", "Alias": "supplier", "Startup Cost": 0.0, "Total Cost": 5584.54, "Plan Rows": 10, "Plan Width": 8, "Filter": "((s_comment)::text ~~ '%Customer%Complaints%'::text)"}]}]}]}]}]}, "Unique SQL Id": 1437012347}, "explain_analyze_plan": null}, "(16, 114)": {"explain_plan": {"Plan": {"Node Type": "Sort", "Startup Cost": 1578096.31, "Total Cost": 1578165.65, "Plan Rows": 27736, "Plan Width": 60, "Sort Key": ["(count(partsupp.ps_suppkey)) DESC", "part.p_brand", "part.p_type", "part.p_size"], "Plans": [{"Node Type": "Aggregate", "Strategy": "Hashed", "Parent Relationship": "Outer", "Startup Cost": 1575772.11, "Total Cost": 1576049.47, "Plan Rows": 27736, "Plan Width": 60, "Group By Key": ["part.p_brand", "part.p_type", "part.p_size"], "Plans": [{"Node Type": "Aggregate", "Strategy": "Hashed", "Parent Relationship": "Outer", "Startup Cost": 1575217.39, "Total Cost": 1575494.75, "Plan Rows": 27736, "Plan Width": 52, "Group By Key": ["part.p_brand", "part.p_type", "part.p_size", "partsupp.ps_suppkey"], "Plans": [{"Node Type": "Nested Loop", "Parent Relationship": "Outer", "Join Type": "Anti", "Startup Cost": 0.68, "Total Cost": 1564534.75, "Plan Rows": 854611, "Plan Width": 44, "Inner Unique": false, "Join Filter": "(partsupp.ps_suppkey = supplier.s_suppkey), (LLVM Optimized)", "Plans": [{"Node Type": "Nested Loop", "Parent Relationship": "Outer", "Join Type": "Inner", "Startup Cost": 0.68, "Total Cost": 1432808.26, "Plan Rows": 854625, "Plan Width": 44, "Inner Unique": false, "Plans": [{"Node Type": "Streaming(type: LOCAL GATHER dop: 1/16)", "Parent Relationship": "Outer", "Startup Cost": 0.0, "Total Cost": 27131.41, "Plan Rows": 295844, "Plan Width": 44, "Plans": [{"Node Type": "Seq Scan", "Parent Relationship": "Outer", "Relation Name": "part", "Alias": "part", "Startup Cost": 0.0, "Total Cost": 20746.5, "Plan Rows": 295844, "Plan Width": 44, "Filter": "((p_brand <> 'Brand#34'::bpchar) AND ((p_type)::text !~~ 'LARGE BRUSHED%'::text) AND (p_size = ANY ('{48,19,12,4,41,7,21,39}'::integer[]))), (LLVM Optimized)"}]}, {"Node Type": "Bitmap Heap Scan", "Parent Relationship": "Inner", "Relation Name": "partsupp", "Alias": "partsupp", "Startup Cost": 0.68, "Total Cost": 4.72, "Plan Rows": 3, "Plan Width": 16, "Recheck Cond": "(ps_partkey = part.p_partkey)", "Plans": [{"Node Type": "Bitmap Index Scan", "Parent Relationship": "Outer", "Index Name": "idx_partsupp_partkey", "Startup Cost": 0.0, "Total Cost": 0.68, "Plan Rows": 3, "Plan Width": 0, "Index Cond": "(ps_partkey = part.p_partkey)"}]}]}, {"Node Type": "Materialize", "Parent Relationship": "Inner", "Startup Cost": 0.0, "Total Cost": 3533.05, "Plan Rows": 10, "Plan Width": 8, "Plans": [{"Node Type": "Seq Scan", "Parent Relationship": "Outer", "Relation Name": "supplier", "Alias": "supplier", "Startup Cost": 0.0, "Total Cost": 3533.0, "Plan Rows": 10, "Plan Width": 8, "Filter": "((s_comment)::text ~~ '%Customer%Complaints%'::text)"}]}]}]}]}]}, "Unique SQL Id": 1437012347}, "explain_analyze_plan": null}, "(16, 115)": {"explain_plan": {"Plan": {"Node Type": "Sort", "Startup Cost": 1683887.36, "Total Cost": 1683956.7, "Plan Rows": 27736, "Plan Width": 60, "Sort Key": ["(count(partsupp.ps_suppkey)) DESC", "part.p_brand", "part.p_type", "part.p_size"], "Plans": [{"Node Type": "Aggregate", "Strategy": "Hashed", "Parent Relationship": "Outer", "Startup Cost": 1681563.16, "Total Cost": 1681840.52, "Plan Rows": 27736, "Plan Width": 60, "Group By Key": ["part.p_brand", "part.p_type", "part.p_size"], "Plans": [{"Node Type": "Aggregate", "Strategy": "Hashed", "Parent Relationship": "Outer", "Startup Cost": 1681008.44, "Total Cost": 1681285.8, "Plan Rows": 27736, "Plan Width": 52, "Group By Key": ["part.p_brand", "part.p_type", "part.p_size", "partsupp.ps_suppkey"], "Plans": [{"Node Type": "Nested Loop", "Parent Relationship": "Outer", "Join Type": "Anti", "Startup Cost": 40979.15, "Total Cost": 1670325.8, "Plan Rows": 854611, "Plan Width": 44, "Inner Unique": false, "Join Filter": "(partsupp.ps_suppkey = supplier.s_suppkey), (LLVM Optimized)", "Plans": [{"Node Type": "Nested Loop", "Parent Relationship": "Outer", "Join Type": "Inner", "Startup Cost": 38930.89, "Total Cost": 1536551.05, "Plan Rows": 854625, "Plan Width": 44, "Inner Unique": false, "Plans": [{"Node Type": "Bitmap Heap Scan", "Parent Relationship": "Outer", "Relation Name": "part", "Alias": "part", "Startup Cost": 38930.21, "Total Cost": 130874.21, "Plan Rows": 295844, "Plan Width": 44, "Filter": "((p_brand <> 'Brand#34'::bpchar) AND ((p_type)::text !~~ 'LARGE BRUSHED%'::text) AND (p_size = ANY ('{48,19,12,4,41,7,21,39}'::integer[]))), (LLVM Optimized)", "Plans": [{"Node Type": "Bitmap Index Scan", "Parent Relationship": "Outer", "Index Name": "part_kpey", "Startup Cost": 0.0, "Total Cost": 38856.25, "Plan Rows": 2000000, "Plan Width": 0}]}, {"Node Type": "Bitmap Heap Scan", "Parent Relationship": "Inner", "Relation Name": "partsupp", "Alias": "partsupp", "Startup Cost": 0.68, "Total Cost": 4.72, "Plan Rows": 3, "Plan Width": 16, "Recheck Cond": "(ps_partkey = part.p_partkey)", "Plans": [{"Node Type": "Bitmap Index Scan", "Parent Relationship": "Outer", "Index Name": "idx_partsupp_partkey", "Startup Cost": 0.0, "Total Cost": 0.68, "Plan Rows": 3, "Plan Width": 0, "Index Cond": "(ps_partkey = part.p_partkey)"}]}]}, {"Node Type": "Materialize", "Parent Relationship": "Inner", "Startup Cost": 2048.25, "Total Cost": 5581.3, "Plan Rows": 10, "Plan Width": 8, "Plans": [{"Node Type": "Bitmap Heap Scan", "Parent Relationship": "Outer", "Relation Name": "supplier", "Alias": "supplier", "Startup Cost": 2048.25, "Total Cost": 5581.25, "Plan Rows": 10, "Plan Width": 8, "Filter": "((s_comment)::text ~~ '%Customer%Complaints%'::text)", "Plans": [{"Node Type": "Bitmap Index Scan", "Parent Relationship": "Outer", "Index Name": "supplier_pkey", "Startup Cost": 0.0, "Total Cost": 2048.25, "Plan Rows": 100000, "Plan Width": 0}]}]}]}]}]}]}, "Unique SQL Id": 1437012347}, "explain_analyze_plan": null}, "(16, 116)": {"explain_plan": {"Plan": {"Node Type": "Sort", "Startup Cost": 1059842.46, "Total Cost": 1059911.8, "Plan Rows": 27736, "Plan Width": 60, "Sort Key": ["(count(partsupp.ps_suppkey)) DESC", "part.p_brand", "part.p_type", "part.p_size"], "Plans": [{"Node Type": "Aggregate", "Strategy": "Hashed", "Parent Relationship": "Outer", "Startup Cost": 1057518.26, "Total Cost": 1057795.62, "Plan Rows": 27736, "Plan Width": 60, "Group By Key": ["part.p_brand", "part.p_type", "part.p_size"], "Plans": [{"Node Type": "Aggregate", "Strategy": "Hashed", "Parent Relationship": "Outer", "Startup Cost": 1056963.54, "Total Cost": 1057240.9, "Plan Rows": 27736, "Plan Width": 52, "Group By Key": ["part.p_brand", "part.p_type", "part.p_size", "partsupp.ps_suppkey"], "Plans": [{"Node Type": "Nested Loop", "Parent Relationship": "Outer", "Join Type": "Anti", "Startup Cost": 0.0, "Total Cost": 1046280.9, "Plan Rows": 854611, "Plan Width": 44, "Inner Unique": false, "Join Filter": "(partsupp.ps_suppkey = supplier.s_suppkey), (LLVM Optimized)", "Plans": [{"Node Type": "Nested Loop", "Parent Relationship": "Outer", "Join Type": "Inner", "Startup Cost": 0.0, "Total Cost": 914554.41, "Plan Rows": 854625, "Plan Width": 44, "Inner Unique": false, "Plans": [{"Node Type": "Streaming(type: LOCAL GATHER dop: 1/16)", "Parent Relationship": "Outer", "Startup Cost": 0.0, "Total Cost": 27131.41, "Plan Rows": 295844, "Plan Width": 44, "Plans": [{"Node Type": "Seq Scan", "Parent Relationship": "Outer", "Relation Name": "part", "Alias": "part", "Startup Cost": 0.0, "Total Cost": 20746.5, "Plan Rows": 295844, "Plan Width": 44, "Filter": "((p_brand <> 'Brand#34'::bpchar) AND ((p_type)::text !~~ 'LARGE BRUSHED%'::text) AND (p_size = ANY ('{48,19,12,4,41,7,21,39}'::integer[]))), (LLVM Optimized)"}]}, {"Node Type": "Index Scan", "Parent Relationship": "Inner", "Scan Direction": "Forward", "Index Name": "idx_partsupp_partkey", "Relation Name": "partsupp", "Alias": "partsupp", "Startup Cost": 0.0, "Total Cost": 2.97, "Plan Rows": 3, "Plan Width": 16, "Index Cond": "(ps_partkey = part.p_partkey)"}]}, {"Node Type": "Materialize", "Parent Relationship": "Inner", "Startup Cost": 0.0, "Total Cost": 3533.05, "Plan Rows": 10, "Plan Width": 8, "Plans": [{"Node Type": "Seq Scan", "Parent Relationship": "Outer", "Relation Name": "supplier", "Alias": "supplier", "Startup Cost": 0.0, "Total Cost": 3533.0, "Plan Rows": 10, "Plan Width": 8, "Filter": "((s_comment)::text ~~ '%Customer%Complaints%'::text)"}]}]}]}]}]}, "Unique SQL Id": 1437012347}, "explain_analyze_plan": null}, "(16, 117)": {"explain_plan": {"Plan": {"Node Type": "Sort", "Startup Cost": 1140075.76, "Total Cost": 1140145.1, "Plan Rows": 27736, "Plan Width": 60, "Sort Key": ["(count(partsupp.ps_suppkey)) DESC", "part.p_brand", "part.p_type", "part.p_size"], "Plans": [{"Node Type": "Aggregate", "Strategy": "Hashed", "Parent Relationship": "Outer", "Startup Cost": 1137751.55, "Total Cost": 1138028.91, "Plan Rows": 27736, "Plan Width": 60, "Group By Key": ["part.p_brand", "part.p_type", "part.p_size"], "Plans": [{"Node Type": "Aggregate", "Strategy": "Hashed", "Parent Relationship": "Outer", "Startup Cost": 1137196.83, "Total Cost": 1137474.19, "Plan Rows": 27736, "Plan Width": 52, "Group By Key": ["part.p_brand", "part.p_type", "part.p_size", "partsupp.ps_suppkey"], "Plans": [{"Node Type": "Nested Loop", "Parent Relationship": "Outer", "Join Type": "Anti", "Startup Cost": 0.0, "Total Cost": 1126514.19, "Plan Rows": 854611, "Plan Width": 44, "Inner Unique": false, "Join Filter": "(partsupp.ps_suppkey = supplier.s_suppkey), (LLVM Optimized)", "Plans": [{"Node Type": "Nested Loop", "Parent Relationship": "Outer", "Join Type": "Inner", "Startup Cost": 0.0, "Total Cost": 992736.16, "Plan Rows": 854625, "Plan Width": 44, "Inner Unique": false, "Plans": [{"Node Type": "Streaming(type: LOCAL GATHER dop: 1/16)", "Parent Relationship": "Outer", "Startup Cost": 0.0, "Total Cost": 105313.16, "Plan Rows": 295844, "Plan Width": 44, "Plans": [{"Node Type": "Index Scan", "Parent Relationship": "Outer", "Scan Direction": "Forward", "Index Name": "part_kpey", "Relation Name": "part", "Alias": "part", "Startup Cost": 0.0, "Total Cost": 98928.25, "Plan Rows": 295844, "Plan Width": 44, "Filter": "((p_brand <> 'Brand#34'::bpchar) AND ((p_type)::text !~~ 'LARGE BRUSHED%'::text) AND (p_size = ANY ('{48,19,12,4,41,7,21,39}'::integer[]))), (LLVM Optimized)"}]}, {"Node Type": "Index Scan", "Parent Relationship": "Inner", "Scan Direction": "Forward", "Index Name": "idx_partsupp_partkey", "Relation Name": "partsupp", "Alias": "partsupp", "Startup Cost": 0.0, "Total Cost": 2.97, "Plan Rows": 3, "Plan Width": 16, "Index Cond": "(ps_partkey = part.p_partkey)"}]}, {"Node Type": "Materialize", "Parent Relationship": "Inner", "Startup Cost": 0.0, "Total Cost": 5584.59, "Plan Rows": 10, "Plan Width": 8, "Plans": [{"Node Type": "Index Scan", "Parent Relationship": "Outer", "Scan Direction": "Forward", "Index Name": "supplier_pkey", "Relation Name": "supplier", "Alias": "supplier", "Startup Cost": 0.0, "Total Cost": 5584.54, "Plan Rows": 10, "Plan Width": 8, "Filter": "((s_comment)::text ~~ '%Customer%Complaints%'::text)"}]}]}]}]}]}, "Unique SQL Id": 1437012347}, "explain_analyze_plan": null}, "(16, 118)": {"explain_plan": {"Plan": {"Node Type": "Sort", "Startup Cost": 1578096.31, "Total Cost": 1578165.65, "Plan Rows": 27736, "Plan Width": 60, "Sort Key": ["(count(partsupp.ps_suppkey)) DESC", "part.p_brand", "part.p_type", "part.p_size"], "Plans": [{"Node Type": "Aggregate", "Strategy": "Hashed", "Parent Relationship": "Outer", "Startup Cost": 1575772.11, "Total Cost": 1576049.47, "Plan Rows": 27736, "Plan Width": 60, "Group By Key": ["part.p_brand", "part.p_type", "part.p_size"], "Plans": [{"Node Type": "Aggregate", "Strategy": "Hashed", "Parent Relationship": "Outer", "Startup Cost": 1575217.39, "Total Cost": 1575494.75, "Plan Rows": 27736, "Plan Width": 52, "Group By Key": ["part.p_brand", "part.p_type", "part.p_size", "partsupp.ps_suppkey"], "Plans": [{"Node Type": "Nested Loop", "Parent Relationship": "Outer", "Join Type": "Anti", "Startup Cost": 0.68, "Total Cost": 1564534.75, "Plan Rows": 854611, "Plan Width": 44, "Inner Unique": false, "Join Filter": "(partsupp.ps_suppkey = supplier.s_suppkey), (LLVM Optimized)", "Plans": [{"Node Type": "Nested Loop", "Parent Relationship": "Outer", "Join Type": "Inner", "Startup Cost": 0.68, "Total Cost": 1432808.26, "Plan Rows": 854625, "Plan Width": 44, "Inner Unique": false, "Plans": [{"Node Type": "Streaming(type: LOCAL GATHER dop: 1/16)", "Parent Relationship": "Outer", "Startup Cost": 0.0, "Total Cost": 27131.41, "Plan Rows": 295844, "Plan Width": 44, "Plans": [{"Node Type": "Seq Scan", "Parent Relationship": "Outer", "Relation Name": "part", "Alias": "part", "Startup Cost": 0.0, "Total Cost": 20746.5, "Plan Rows": 295844, "Plan Width": 44, "Filter": "((p_brand <> 'Brand#34'::bpchar) AND ((p_type)::text !~~ 'LARGE BRUSHED%'::text) AND (p_size = ANY ('{48,19,12,4,41,7,21,39}'::integer[]))), (LLVM Optimized)"}]}, {"Node Type": "Bitmap Heap Scan", "Parent Relationship": "Inner", "Relation Name": "partsupp", "Alias": "partsupp", "Startup Cost": 0.68, "Total Cost": 4.72, "Plan Rows": 3, "Plan Width": 16, "Recheck Cond": "(ps_partkey = part.p_partkey)", "Plans": [{"Node Type": "Bitmap Index Scan", "Parent Relationship": "Outer", "Index Name": "idx_partsupp_partkey", "Startup Cost": 0.0, "Total Cost": 0.68, "Plan Rows": 3, "Plan Width": 0, "Index Cond": "(ps_partkey = part.p_partkey)"}]}]}, {"Node Type": "Materialize", "Parent Relationship": "Inner", "Startup Cost": 0.0, "Total Cost": 3533.05, "Plan Rows": 10, "Plan Width": 8, "Plans": [{"Node Type": "Seq Scan", "Parent Relationship": "Outer", "Relation Name": "supplier", "Alias": "supplier", "Startup Cost": 0.0, "Total Cost": 3533.0, "Plan Rows": 10, "Plan Width": 8, "Filter": "((s_comment)::text ~~ '%Customer%Complaints%'::text)"}]}]}]}]}]}, "Unique SQL Id": 1437012347}, "explain_analyze_plan": null}, "(16, 119)": {"explain_plan": {"Plan": {"Node Type": "Sort", "Startup Cost": 1683887.36, "Total Cost": 1683956.7, "Plan Rows": 27736, "Plan Width": 60, "Sort Key": ["(count(partsupp.ps_suppkey)) DESC", "part.p_brand", "part.p_type", "part.p_size"], "Plans": [{"Node Type": "Aggregate", "Strategy": "Hashed", "Parent Relationship": "Outer", "Startup Cost": 1681563.16, "Total Cost": 1681840.52, "Plan Rows": 27736, "Plan Width": 60, "Group By Key": ["part.p_brand", "part.p_type", "part.p_size"], "Plans": [{"Node Type": "Aggregate", "Strategy": "Hashed", "Parent Relationship": "Outer", "Startup Cost": 1681008.44, "Total Cost": 1681285.8, "Plan Rows": 27736, "Plan Width": 52, "Group By Key": ["part.p_brand", "part.p_type", "part.p_size", "partsupp.ps_suppkey"], "Plans": [{"Node Type": "Nested Loop", "Parent Relationship": "Outer", "Join Type": "Anti", "Startup Cost": 40979.15, "Total Cost": 1670325.8, "Plan Rows": 854611, "Plan Width": 44, "Inner Unique": false, "Join Filter": "(partsupp.ps_suppkey = supplier.s_suppkey), (LLVM Optimized)", "Plans": [{"Node Type": "Nested Loop", "Parent Relationship": "Outer", "Join Type": "Inner", "Startup Cost": 38930.89, "Total Cost": 1536551.05, "Plan Rows": 854625, "Plan Width": 44, "Inner Unique": false, "Plans": [{"Node Type": "Bitmap Heap Scan", "Parent Relationship": "Outer", "Relation Name": "part", "Alias": "part", "Startup Cost": 38930.21, "Total Cost": 130874.21, "Plan Rows": 295844, "Plan Width": 44, "Filter": "((p_brand <> 'Brand#34'::bpchar) AND ((p_type)::text !~~ 'LARGE BRUSHED%'::text) AND (p_size = ANY ('{48,19,12,4,41,7,21,39}'::integer[]))), (LLVM Optimized)", "Plans": [{"Node Type": "Bitmap Index Scan", "Parent Relationship": "Outer", "Index Name": "part_kpey", "Startup Cost": 0.0, "Total Cost": 38856.25, "Plan Rows": 2000000, "Plan Width": 0}]}, {"Node Type": "Bitmap Heap Scan", "Parent Relationship": "Inner", "Relation Name": "partsupp", "Alias": "partsupp", "Startup Cost": 0.68, "Total Cost": 4.72, "Plan Rows": 3, "Plan Width": 16, "Recheck Cond": "(ps_partkey = part.p_partkey)", "Plans": [{"Node Type": "Bitmap Index Scan", "Parent Relationship": "Outer", "Index Name": "idx_partsupp_partkey", "Startup Cost": 0.0, "Total Cost": 0.68, "Plan Rows": 3, "Plan Width": 0, "Index Cond": "(ps_partkey = part.p_partkey)"}]}]}, {"Node Type": "Materialize", "Parent Relationship": "Inner", "Startup Cost": 2048.25, "Total Cost": 5581.3, "Plan Rows": 10, "Plan Width": 8, "Plans": [{"Node Type": "Bitmap Heap Scan", "Parent Relationship": "Outer", "Relation Name": "supplier", "Alias": "supplier", "Startup Cost": 2048.25, "Total Cost": 5581.25, "Plan Rows": 10, "Plan Width": 8, "Filter": "((s_comment)::text ~~ '%Customer%Complaints%'::text)", "Plans": [{"Node Type": "Bitmap Index Scan", "Parent Relationship": "Outer", "Index Name": "supplier_pkey", "Startup Cost": 0.0, "Total Cost": 2048.25, "Plan Rows": 100000, "Plan Width": 0}]}]}]}]}]}]}, "Unique SQL Id": 1437012347}, "explain_analyze_plan": null}, "(16, 120)": {"explain_plan": {"Plan": {"Node Type": "Sort", "Startup Cost": 430070.43, "Total Cost": 430139.77, "Plan Rows": 27736, "Plan Width": 60, "Sort Key": ["(count(partsupp.ps_suppkey)) DESC", "part.p_brand", "part.p_type", "part.p_size"], "Plans": [{"Node Type": "Aggregate", "Strategy": "Hashed", "Parent Relationship": "Outer", "Startup Cost": 427746.22, "Total Cost": 428023.58, "Plan Rows": 27736, "Plan Width": 60, "Group By Key": ["part.p_brand", "part.p_type", "part.p_size"], "Plans": [{"Node Type": "Aggregate", "Strategy": "Hashed", "Parent Relationship": "Outer", "Startup Cost": 427191.5, "Total Cost": 427468.86, "Plan Rows": 27736, "Plan Width": 52, "Group By Key": ["part.p_brand", "part.p_type", "part.p_size", "partsupp.ps_suppkey"], "Plans": [{"Node Type": "Nested Loop", "Parent Relationship": "Outer", "Join Type": "Anti", "Startup Cost": 0.0, "Total Cost": 416508.87, "Plan Rows": 854611, "Plan Width": 44, "Inner Unique": false, "Join Filter": "(partsupp.ps_suppkey = supplier.s_suppkey), (LLVM Optimized)", "Plans": [{"Node Type": "Nested Loop", "Parent Relationship": "Outer", "Join Type": "Inner", "Startup Cost": 0.0, "Total Cost": 284782.37, "Plan Rows": 854625, "Plan Width": 44, "Inner Unique": false, "Plans": [{"Node Type": "Streaming(type: LOCAL GATHER dop: 1/16)", "Parent Relationship": "Outer", "Startup Cost": 0.0, "Total Cost": 27131.41, "Plan Rows": 295844, "Plan Width": 44, "Plans": [{"Node Type": "Seq Scan", "Parent Relationship": "Outer", "Relation Name": "part", "Alias": "part", "Startup Cost": 0.0, "Total Cost": 20746.5, "Plan Rows": 295844, "Plan Width": 44, "Filter": "((p_brand <> 'Brand#34'::bpchar) AND ((p_type)::text !~~ 'LARGE BRUSHED%'::text) AND (p_size = ANY ('{48,19,12,4,41,7,21,39}'::integer[]))), (LLVM Optimized)"}]}, {"Node Type": "Index Only Scan", "Parent Relationship": "Inner", "Scan Direction": "Forward", "Index Name": "partsupp_pkey", "Relation Name": "partsupp", "Alias": "partsupp", "Startup Cost": 0.0, "Total Cost": 0.84, "Plan Rows": 3, "Plan Width": 16, "Index Cond": "(ps_partkey = part.p_partkey)"}]}, {"Node Type": "Materialize", "Parent Relationship": "Inner", "Startup Cost": 0.0, "Total Cost": 3533.05, "Plan Rows": 10, "Plan Width": 8, "Plans": [{"Node Type": "Seq Scan", "Parent Relationship": "Outer", "Relation Name": "supplier", "Alias": "supplier", "Startup Cost": 0.0, "Total Cost": 3533.0, "Plan Rows": 10, "Plan Width": 8, "Filter": "((s_comment)::text ~~ '%Customer%Complaints%'::text)"}]}]}]}]}]}, "Unique SQL Id": 1437012347}, "explain_analyze_plan": null}, "(16, 121)": {"explain_plan": {"Plan": {"Node Type": "Sort", "Startup Cost": 510303.72, "Total Cost": 510373.06, "Plan Rows": 27736, "Plan Width": 60, "Sort Key": ["(count(partsupp.ps_suppkey)) DESC", "part.p_brand", "part.p_type", "part.p_size"], "Plans": [{"Node Type": "Aggregate", "Strategy": "Hashed", "Parent Relationship": "Outer", "Startup Cost": 507979.52, "Total Cost": 508256.88, "Plan Rows": 27736, "Plan Width": 60, "Group By Key": ["part.p_brand", "part.p_type", "part.p_size"], "Plans": [{"Node Type": "Aggregate", "Strategy": "Hashed", "Parent Relationship": "Outer", "Startup Cost": 507424.8, "Total Cost": 507702.16, "Plan Rows": 27736, "Plan Width": 52, "Group By Key": ["part.p_brand", "part.p_type", "part.p_size", "partsupp.ps_suppkey"], "Plans": [{"Node Type": "Nested Loop", "Parent Relationship": "Outer", "Join Type": "Anti", "Startup Cost": 0.0, "Total Cost": 496742.16, "Plan Rows": 854611, "Plan Width": 44, "Inner Unique": false, "Join Filter": "(partsupp.ps_suppkey = supplier.s_suppkey), (LLVM Optimized)", "Plans": [{"Node Type": "Nested Loop", "Parent Relationship": "Outer", "Join Type": "Inner", "Startup Cost": 0.0, "Total Cost": 362964.12, "Plan Rows": 854625, "Plan Width": 44, "Inner Unique": false, "Plans": [{"Node Type": "Streaming(type: LOCAL GATHER dop: 1/16)", "Parent Relationship": "Outer", "Startup Cost": 0.0, "Total Cost": 105313.16, "Plan Rows": 295844, "Plan Width": 44, "Plans": [{"Node Type": "Index Scan", "Parent Relationship": "Outer", "Scan Direction": "Forward", "Index Name": "part_kpey", "Relation Name": "part", "Alias": "part", "Startup Cost": 0.0, "Total Cost": 98928.25, "Plan Rows": 295844, "Plan Width": 44, "Filter": "((p_brand <> 'Brand#34'::bpchar) AND ((p_type)::text !~~ 'LARGE BRUSHED%'::text) AND (p_size = ANY ('{48,19,12,4,41,7,21,39}'::integer[]))), (LLVM Optimized)"}]}, {"Node Type": "Index Only Scan", "Parent Relationship": "Inner", "Scan Direction": "Forward", "Index Name": "partsupp_pkey", "Relation Name": "partsupp", "Alias": "partsupp", "Startup Cost": 0.0, "Total Cost": 0.84, "Plan Rows": 3, "Plan Width": 16, "Index Cond": "(ps_partkey = part.p_partkey)"}]}, {"Node Type": "Materialize", "Parent Relationship": "Inner", "Startup Cost": 0.0, "Total Cost": 5584.59, "Plan Rows": 10, "Plan Width": 8, "Plans": [{"Node Type": "Index Scan", "Parent Relationship": "Outer", "Scan Direction": "Forward", "Index Name": "supplier_pkey", "Relation Name": "supplier", "Alias": "supplier", "Startup Cost": 0.0, "Total Cost": 5584.54, "Plan Rows": 10, "Plan Width": 8, "Filter": "((s_comment)::text ~~ '%Customer%Complaints%'::text)"}]}]}]}]}]}, "Unique SQL Id": 1437012347}, "explain_analyze_plan": null}, "(16, 122)": {"explain_plan": {"Plan": {"Node Type": "Sort", "Startup Cost": 138863507.59, "Total Cost": 138863576.93, "Plan Rows": 27736, "Plan Width": 60, "Sort Key": ["(count(partsupp.ps_suppkey)) DESC", "part.p_brand", "part.p_type", "part.p_size"], "Plans": [{"Node Type": "Streaming(type: LOCAL GATHER dop: 1/16)", "Parent Relationship": "Outer", "Startup Cost": 138861162.82, "Total Cost": 138861460.74, "Plan Rows": 27736, "Plan Width": 60, "Plans": [{"Node Type": "Aggregate", "Strategy": "Hashed", "Parent Relationship": "Outer", "Startup Cost": 138861162.82, "Total Cost": 138861180.15, "Plan Rows": 27736, "Plan Width": 60, "Group By Key": ["part.p_brand", "part.p_type", "part.p_size"], "Plans": [{"Node Type": "Aggregate", "Strategy": "Hashed", "Parent Relationship": "Outer", "Startup Cost": 138860094.55, "Total Cost": 138860628.68, "Plan Rows": 854611, "Plan Width": 52, "Group By Key": ["part.p_brand", "part.p_type", "part.p_size", "partsupp.ps_suppkey"], "Plans": [{"Node Type": "Streaming(type: LOCAL REDISTRIBUTE dop: 16/16)", "Parent Relationship": "Outer", "Startup Cost": 0.0, "Total Cost": 138859426.89, "Plan Rows": 854611, "Plan Width": 44, "Plans": [{"Node Type": "Nested Loop", "Parent Relationship": "Outer", "Join Type": "Anti", "Startup Cost": 0.0, "Total Cost": 138823973.88, "Plan Rows": 854611, "Plan Width": 44, "Inner Unique": false, "Join Filter": "(partsupp.ps_suppkey = supplier.s_suppkey), (LLVM Optimized)", "Plans": [{"Node Type": "Nested Loop", "Parent Relationship": "Outer", "Join Type": "Inner", "Startup Cost": 0.0, "Total Cost": 138797425.31, "Plan Rows": 854625, "Plan Width": 44, "Inner Unique": true, "Join Filter": "(partsupp.ps_partkey = part.p_partkey), (LLVM Optimized)", "Plans": [{"Node Type": "Streaming(type: LOCAL REDISTRIBUTE dop: 16/16)", "Parent Relationship": "Outer", "Startup Cost": 0.0, "Total Cost": 77188.14, "Plan Rows": 8000372, "Plan Width": 16, "Plans": [{"Node Type": "Seq Scan", "Parent Relationship": "Outer", "Relation Name": "partsupp", "Alias": "partsupp", "Startup Cost": 0.0, "Total Cost": 31874.23, "Plan Rows": 8000372, "Plan Width": 16}]}, {"Node Type": "Materialize", "Parent Relationship": "Inner", "Startup Cost": 0.0, "Total Cost": 36959.92, "Plan Rows": 295844, "Plan Width": 44, "Plans": [{"Node Type": "Streaming(type: LOCAL REDISTRIBUTE dop: 16/16)", "Parent Relationship": "Outer", "Startup Cost": 0.0, "Total Cost": 36867.47, "Plan Rows": 295844, "Plan Width": 44, "Plans": [{"Node Type": "Seq Scan", "Parent Relationship": "Outer", "Relation Name": "part", "Alias": "part", "Startup Cost": 0.0, "Total Cost": 20746.5, "Plan Rows": 295844, "Plan Width": 44, "Filter": "((p_brand <> 'Brand#34'::bpchar) AND ((p_type)::text !~~ 'LARGE BRUSHED%'::text) AND (p_size = ANY ('{48,19,12,4,41,7,21,39}'::integer[]))), (LLVM Optimized)"}]}]}]}, {"Node Type": "Materialize", "Parent Relationship": "Inner", "Startup Cost": 0.0, "Total Cost": 18536.5, "Plan Rows": 160, "Plan Width": 8, "Plans": [{"Node Type": "Streaming(type: BROADCAST dop: 16/1)", "Parent Relationship": "Outer", "Startup Cost": 0.0, "Total Cost": 18536.45, "Plan Rows": 160, "Plan Width": 8, "Plans": [{"Node Type": "Seq Scan", "Parent Relationship": "Outer", "Relation Name": "supplier", "Alias": "supplier", "Startup Cost": 0.0, "Total Cost": 3533.0, "Plan Rows": 10, "Plan Width": 8, "Filter": "((s_comment)::text ~~ '%Customer%Complaints%'::text)"}]}]}]}]}]}]}]}]}, "Unique SQL Id": 1437012347}, "explain_analyze_plan": null}, "(16, 123)": {"explain_plan": {"Plan": {"Node Type": "Sort", "Startup Cost": 3035544896282.46, "Total Cost": 3035544896351.79, "Plan Rows": 27736, "Plan Width": 60, "Sort Key": ["(count(partsupp.ps_suppkey)) DESC", "part.p_brand", "part.p_type", "part.p_size"], "Plans": [{"Node Type": "Aggregate", "Strategy": "Hashed", "Parent Relationship": "Outer", "Startup Cost": 3035544893958.25, "Total Cost": 3035544894235.61, "Plan Rows": 27736, "Plan Width": 60, "Group By Key": ["part.p_brand", "part.p_type", "part.p_size"], "Plans": [{"Node Type": "Aggregate", "Strategy": "Hashed", "Parent Relationship": "Outer", "Startup Cost": 3035544893403.53, "Total Cost": 3035544893680.89, "Plan Rows": 27736, "Plan Width": 52, "Group By Key": ["part.p_brand", "part.p_type", "part.p_size", "partsupp.ps_suppkey"], "Plans": [{"Node Type": "Nested Loop", "Parent Relationship": "Outer", "Join Type": "Inner", "Startup Cost": 30000000000.0, "Total Cost": 3035544882720.89, "Plan Rows": 854611, "Plan Width": 44, "Inner Unique": true, "Join Filter": "(partsupp.ps_partkey = part.p_partkey), (LLVM Optimized)", "Plans": [{"Node Type": "Nested Loop", "Parent Relationship": "Outer", "Join Type": "Anti", "Startup Cost": 20000000000.0, "Total Cost": 2000029465493.2, "Plan Rows": 8000238, "Plan Width": 16, "Inner Unique": false, "Join Filter": "(partsupp.ps_suppkey = supplier.s_suppkey), (LLVM Optimized)", "Plans": [{"Node Type": "Index Only Scan", "Parent Relationship": "Outer", "Scan Direction": "Forward", "Index Name": "partsupp_pkey", "Relation Name": "partsupp", "Alias": "partsupp", "Startup Cost": 10000000000.0, "Total Cost": 1000027706983.0, "Plan Rows": 8000372, "Plan Width": 16}, {"Node Type": "Materialize", "Parent Relationship": "Inner", "Startup Cost": 10000000000.0, "Total Cost": 1000000558454.43, "Plan Rows": 10, "Plan Width": 8, "Plans": [{"Node Type": "Index Scan", "Parent Relationship": "Outer", "Scan Direction": "Forward", "Index Name": "supplier_pkey", "Relation Name": "supplier", "Alias": "supplier", "Startup Cost": 10000000000.0, "Total Cost": 1000000558454.38, "Plan Rows": 10, "Plan Width": 8, "Filter": "((s_comment)::text ~~ '%Customer%Complaints%'::text)"}]}]}, {"Node Type": "Materialize", "Parent Relationship": "Inner", "Startup Cost": 10000000000.0, "Total Cost": 1000013081804.22, "Plan Rows": 295844, "Plan Width": 44, "Plans": [{"Node Type": "Index Scan", "Parent Relationship": "Outer", "Scan Direction": "Forward", "Index Name": "part_kpey", "Relation Name": "part", "Alias": "part", "Startup Cost": 10000000000.0, "Total Cost": 1000013080325.0, "Plan Rows": 295844, "Plan Width": 44, "Filter": "((p_brand <> 'Brand#34'::bpchar) AND ((p_type)::text !~~ 'LARGE BRUSHED%'::text) AND (p_size = ANY ('{48,19,12,4,41,7,21,39}'::integer[]))), (LLVM Optimized)"}]}]}]}]}]}, "Unique SQL Id": 1437012347}, "explain_analyze_plan": null}, "(16, 124)": {"explain_plan": {"Plan": {"Node Type": "Sort", "Startup Cost": 1059842.46, "Total Cost": 1059911.8, "Plan Rows": 27736, "Plan Width": 60, "Sort Key": ["(count(partsupp.ps_suppkey)) DESC", "part.p_brand", "part.p_type", "part.p_size"], "Plans": [{"Node Type": "Aggregate", "Strategy": "Hashed", "Parent Relationship": "Outer", "Startup Cost": 1057518.26, "Total Cost": 1057795.62, "Plan Rows": 27736, "Plan Width": 60, "Group By Key": ["part.p_brand", "part.p_type", "part.p_size"], "Plans": [{"Node Type": "Aggregate", "Strategy": "Hashed", "Parent Relationship": "Outer", "Startup Cost": 1056963.54, "Total Cost": 1057240.9, "Plan Rows": 27736, "Plan Width": 52, "Group By Key": ["part.p_brand", "part.p_type", "part.p_size", "partsupp.ps_suppkey"], "Plans": [{"Node Type": "Nested Loop", "Parent Relationship": "Outer", "Join Type": "Anti", "Startup Cost": 0.0, "Total Cost": 1046280.9, "Plan Rows": 854611, "Plan Width": 44, "Inner Unique": false, "Join Filter": "(partsupp.ps_suppkey = supplier.s_suppkey), (LLVM Optimized)", "Plans": [{"Node Type": "Nested Loop", "Parent Relationship": "Outer", "Join Type": "Inner", "Startup Cost": 0.0, "Total Cost": 914554.41, "Plan Rows": 854625, "Plan Width": 44, "Inner Unique": false, "Plans": [{"Node Type": "Streaming(type: LOCAL GATHER dop: 1/16)", "Parent Relationship": "Outer", "Startup Cost": 0.0, "Total Cost": 27131.41, "Plan Rows": 295844, "Plan Width": 44, "Plans": [{"Node Type": "Seq Scan", "Parent Relationship": "Outer", "Relation Name": "part", "Alias": "part", "Startup Cost": 0.0, "Total Cost": 20746.5, "Plan Rows": 295844, "Plan Width": 44, "Filter": "((p_brand <> 'Brand#34'::bpchar) AND ((p_type)::text !~~ 'LARGE BRUSHED%'::text) AND (p_size = ANY ('{48,19,12,4,41,7,21,39}'::integer[]))), (LLVM Optimized)"}]}, {"Node Type": "Index Scan", "Parent Relationship": "Inner", "Scan Direction": "Forward", "Index Name": "idx_partsupp_partkey", "Relation Name": "partsupp", "Alias": "partsupp", "Startup Cost": 0.0, "Total Cost": 2.97, "Plan Rows": 3, "Plan Width": 16, "Index Cond": "(ps_partkey = part.p_partkey)"}]}, {"Node Type": "Materialize", "Parent Relationship": "Inner", "Startup Cost": 0.0, "Total Cost": 3533.05, "Plan Rows": 10, "Plan Width": 8, "Plans": [{"Node Type": "Seq Scan", "Parent Relationship": "Outer", "Relation Name": "supplier", "Alias": "supplier", "Startup Cost": 0.0, "Total Cost": 3533.0, "Plan Rows": 10, "Plan Width": 8, "Filter": "((s_comment)::text ~~ '%Customer%Complaints%'::text)"}]}]}]}]}]}, "Unique SQL Id": 1437012347}, "explain_analyze_plan": null}, "(16, 125)": {"explain_plan": {"Plan": {"Node Type": "Sort", "Startup Cost": 1140075.76, "Total Cost": 1140145.1, "Plan Rows": 27736, "Plan Width": 60, "Sort Key": ["(count(partsupp.ps_suppkey)) DESC", "part.p_brand", "part.p_type", "part.p_size"], "Plans": [{"Node Type": "Aggregate", "Strategy": "Hashed", "Parent Relationship": "Outer", "Startup Cost": 1137751.55, "Total Cost": 1138028.91, "Plan Rows": 27736, "Plan Width": 60, "Group By Key": ["part.p_brand", "part.p_type", "part.p_size"], "Plans": [{"Node Type": "Aggregate", "Strategy": "Hashed", "Parent Relationship": "Outer", "Startup Cost": 1137196.83, "Total Cost": 1137474.19, "Plan Rows": 27736, "Plan Width": 52, "Group By Key": ["part.p_brand", "part.p_type", "part.p_size", "partsupp.ps_suppkey"], "Plans": [{"Node Type": "Nested Loop", "Parent Relationship": "Outer", "Join Type": "Anti", "Startup Cost": 0.0, "Total Cost": 1126514.19, "Plan Rows": 854611, "Plan Width": 44, "Inner Unique": false, "Join Filter": "(partsupp.ps_suppkey = supplier.s_suppkey), (LLVM Optimized)", "Plans": [{"Node Type": "Nested Loop", "Parent Relationship": "Outer", "Join Type": "Inner", "Startup Cost": 0.0, "Total Cost": 992736.16, "Plan Rows": 854625, "Plan Width": 44, "Inner Unique": false, "Plans": [{"Node Type": "Streaming(type: LOCAL GATHER dop: 1/16)", "Parent Relationship": "Outer", "Startup Cost": 0.0, "Total Cost": 105313.16, "Plan Rows": 295844, "Plan Width": 44, "Plans": [{"Node Type": "Index Scan", "Parent Relationship": "Outer", "Scan Direction": "Forward", "Index Name": "part_kpey", "Relation Name": "part", "Alias": "part", "Startup Cost": 0.0, "Total Cost": 98928.25, "Plan Rows": 295844, "Plan Width": 44, "Filter": "((p_brand <> 'Brand#34'::bpchar) AND ((p_type)::text !~~ 'LARGE BRUSHED%'::text) AND (p_size = ANY ('{48,19,12,4,41,7,21,39}'::integer[]))), (LLVM Optimized)"}]}, {"Node Type": "Index Scan", "Parent Relationship": "Inner", "Scan Direction": "Forward", "Index Name": "idx_partsupp_partkey", "Relation Name": "partsupp", "Alias": "partsupp", "Startup Cost": 0.0, "Total Cost": 2.97, "Plan Rows": 3, "Plan Width": 16, "Index Cond": "(ps_partkey = part.p_partkey)"}]}, {"Node Type": "Materialize", "Parent Relationship": "Inner", "Startup Cost": 0.0, "Total Cost": 5584.59, "Plan Rows": 10, "Plan Width": 8, "Plans": [{"Node Type": "Index Scan", "Parent Relationship": "Outer", "Scan Direction": "Forward", "Index Name": "supplier_pkey", "Relation Name": "supplier", "Alias": "supplier", "Startup Cost": 0.0, "Total Cost": 5584.54, "Plan Rows": 10, "Plan Width": 8, "Filter": "((s_comment)::text ~~ '%Customer%Complaints%'::text)"}]}]}]}]}]}, "Unique SQL Id": 1437012347}, "explain_analyze_plan": null}, "(16, 126)": {"explain_plan": {"Plan": {"Node Type": "Sort", "Startup Cost": 138863507.59, "Total Cost": 138863576.93, "Plan Rows": 27736, "Plan Width": 60, "Sort Key": ["(count(partsupp.ps_suppkey)) DESC", "part.p_brand", "part.p_type", "part.p_size"], "Plans": [{"Node Type": "Streaming(type: LOCAL GATHER dop: 1/16)", "Parent Relationship": "Outer", "Startup Cost": 138861162.82, "Total Cost": 138861460.74, "Plan Rows": 27736, "Plan Width": 60, "Plans": [{"Node Type": "Aggregate", "Strategy": "Hashed", "Parent Relationship": "Outer", "Startup Cost": 138861162.82, "Total Cost": 138861180.15, "Plan Rows": 27736, "Plan Width": 60, "Group By Key": ["part.p_brand", "part.p_type", "part.p_size"], "Plans": [{"Node Type": "Aggregate", "Strategy": "Hashed", "Parent Relationship": "Outer", "Startup Cost": 138860094.55, "Total Cost": 138860628.68, "Plan Rows": 854611, "Plan Width": 52, "Group By Key": ["part.p_brand", "part.p_type", "part.p_size", "partsupp.ps_suppkey"], "Plans": [{"Node Type": "Streaming(type: LOCAL REDISTRIBUTE dop: 16/16)", "Parent Relationship": "Outer", "Startup Cost": 0.0, "Total Cost": 138859426.89, "Plan Rows": 854611, "Plan Width": 44, "Plans": [{"Node Type": "Nested Loop", "Parent Relationship": "Outer", "Join Type": "Anti", "Startup Cost": 0.0, "Total Cost": 138823973.88, "Plan Rows": 854611, "Plan Width": 44, "Inner Unique": false, "Join Filter": "(partsupp.ps_suppkey = supplier.s_suppkey), (LLVM Optimized)", "Plans": [{"Node Type": "Nested Loop", "Parent Relationship": "Outer", "Join Type": "Inner", "Startup Cost": 0.0, "Total Cost": 138797425.31, "Plan Rows": 854625, "Plan Width": 44, "Inner Unique": true, "Join Filter": "(partsupp.ps_partkey = part.p_partkey), (LLVM Optimized)", "Plans": [{"Node Type": "Streaming(type: LOCAL REDISTRIBUTE dop: 16/16)", "Parent Relationship": "Outer", "Startup Cost": 0.0, "Total Cost": 77188.14, "Plan Rows": 8000372, "Plan Width": 16, "Plans": [{"Node Type": "Seq Scan", "Parent Relationship": "Outer", "Relation Name": "partsupp", "Alias": "partsupp", "Startup Cost": 0.0, "Total Cost": 31874.23, "Plan Rows": 8000372, "Plan Width": 16}]}, {"Node Type": "Materialize", "Parent Relationship": "Inner", "Startup Cost": 0.0, "Total Cost": 36959.92, "Plan Rows": 295844, "Plan Width": 44, "Plans": [{"Node Type": "Streaming(type: LOCAL REDISTRIBUTE dop: 16/16)", "Parent Relationship": "Outer", "Startup Cost": 0.0, "Total Cost": 36867.47, "Plan Rows": 295844, "Plan Width": 44, "Plans": [{"Node Type": "Seq Scan", "Parent Relationship": "Outer", "Relation Name": "part", "Alias": "part", "Startup Cost": 0.0, "Total Cost": 20746.5, "Plan Rows": 295844, "Plan Width": 44, "Filter": "((p_brand <> 'Brand#34'::bpchar) AND ((p_type)::text !~~ 'LARGE BRUSHED%'::text) AND (p_size = ANY ('{48,19,12,4,41,7,21,39}'::integer[]))), (LLVM Optimized)"}]}]}]}, {"Node Type": "Materialize", "Parent Relationship": "Inner", "Startup Cost": 0.0, "Total Cost": 18536.5, "Plan Rows": 160, "Plan Width": 8, "Plans": [{"Node Type": "Streaming(type: BROADCAST dop: 16/1)", "Parent Relationship": "Outer", "Startup Cost": 0.0, "Total Cost": 18536.45, "Plan Rows": 160, "Plan Width": 8, "Plans": [{"Node Type": "Seq Scan", "Parent Relationship": "Outer", "Relation Name": "supplier", "Alias": "supplier", "Startup Cost": 0.0, "Total Cost": 3533.0, "Plan Rows": 10, "Plan Width": 8, "Filter": "((s_comment)::text ~~ '%Customer%Complaints%'::text)"}]}]}]}]}]}]}]}]}, "Unique SQL Id": 1437012347}, "explain_analyze_plan": null}, "(16, 127)": {"explain_plan": {"Plan": {"Node Type": "Sort", "Startup Cost": 3035588830262.67, "Total Cost": 3035588830332.01, "Plan Rows": 27736, "Plan Width": 60, "Sort Key": ["(count(partsupp.ps_suppkey)) DESC", "part.p_brand", "part.p_type", "part.p_size"], "Plans": [{"Node Type": "Aggregate", "Strategy": "Hashed", "Parent Relationship": "Outer", "Startup Cost": 3035588827938.47, "Total Cost": 3035588828215.83, "Plan Rows": 27736, "Plan Width": 60, "Group By Key": ["part.p_brand", "part.p_type", "part.p_size"], "Plans": [{"Node Type": "Aggregate", "Strategy": "Hashed", "Parent Relationship": "Outer", "Startup Cost": 3035588827383.75, "Total Cost": 3035588827661.11, "Plan Rows": 27736, "Plan Width": 52, "Group By Key": ["part.p_brand", "part.p_type", "part.p_size", "partsupp.ps_suppkey"], "Plans": [{"Node Type": "Nested Loop", "Parent Relationship": "Outer", "Join Type": "Inner", "Startup Cost": 30000000000.0, "Total Cost": 3035588816701.11, "Plan Rows": 854611, "Plan Width": 44, "Inner Unique": true, "Join Filter": "(partsupp.ps_partkey = part.p_partkey), (LLVM Optimized)", "Plans": [{"Node Type": "Nested Loop", "Parent Relationship": "Outer", "Join Type": "Anti", "Startup Cost": 20000000000.0, "Total Cost": 2000073399473.42, "Plan Rows": 8000238, "Plan Width": 16, "Inner Unique": false, "Join Filter": "(partsupp.ps_suppkey = supplier.s_suppkey), (LLVM Optimized)", "Plans": [{"Node Type": "Index Scan", "Parent Relationship": "Outer", "Scan Direction": "Forward", "Index Name": "partsupp_pkey", "Relation Name": "partsupp", "Alias": "partsupp", "Startup Cost": 10000000000.0, "Total Cost": 1000071640963.22, "Plan Rows": 8000372, "Plan Width": 16}, {"Node Type": "Materialize", "Parent Relationship": "Inner", "Startup Cost": 10000000000.0, "Total Cost": 1000000558454.43, "Plan Rows": 10, "Plan Width": 8, "Plans": [{"Node Type": "Index Scan", "Parent Relationship": "Outer", "Scan Direction": "Forward", "Index Name": "supplier_pkey", "Relation Name": "supplier", "Alias": "supplier", "Startup Cost": 10000000000.0, "Total Cost": 1000000558454.38, "Plan Rows": 10, "Plan Width": 8, "Filter": "((s_comment)::text ~~ '%Customer%Complaints%'::text)"}]}]}, {"Node Type": "Materialize", "Parent Relationship": "Inner", "Startup Cost": 10000000000.0, "Total Cost": 1000013081804.22, "Plan Rows": 295844, "Plan Width": 44, "Plans": [{"Node Type": "Index Scan", "Parent Relationship": "Outer", "Scan Direction": "Forward", "Index Name": "part_kpey", "Relation Name": "part", "Alias": "part", "Startup Cost": 10000000000.0, "Total Cost": 1000013080325.0, "Plan Rows": 295844, "Plan Width": 44, "Filter": "((p_brand <> 'Brand#34'::bpchar) AND ((p_type)::text !~~ 'LARGE BRUSHED%'::text) AND (p_size = ANY ('{48,19,12,4,41,7,21,39}'::integer[]))), (LLVM Optimized)"}]}]}]}]}]}, "Unique SQL Id": 1437012347}, "explain_analyze_plan": null}, "(64, 0)": {"explain_plan": {"Plan": {"Node Type": "Sort", "Startup Cost": 256366.86, "Total Cost": 256436.2, "Plan Rows": 27736, "Plan Width": 60, "Sort Key": ["(count(partsupp.ps_suppkey)) DESC", "part.p_brand", "part.p_type", "part.p_size"], "Plans": [{"Node Type": "Aggregate", "Strategy": "Hashed", "Parent Relationship": "Outer", "Startup Cost": 254042.65, "Total Cost": 254320.01, "Plan Rows": 27736, "Plan Width": 60, "Group By Key": ["part.p_brand", "part.p_type", "part.p_size"], "Plans": [{"Node Type": "Aggregate", "Strategy": "Hashed", "Parent Relationship": "Outer", "Startup Cost": 253487.93, "Total Cost": 253765.29, "Plan Rows": 27736, "Plan Width": 52, "Group By Key": ["part.p_brand", "part.p_type", "part.p_size", "partsupp.ps_suppkey"], "Plans": [{"Node Type": "Hash Join", "Parent Relationship": "Outer", "Join Type": "Anti", "Startup Cost": 72314.26, "Total Cost": 242805.29, "Plan Rows": 854611, "Plan Width": 44, "Inner Unique": false, "Hash Cond": "(partsupp.ps_suppkey = supplier.s_suppkey), (LLVM Optimized)", "Plans": [{"Node Type": "Streaming(type: LOCAL GATHER dop: 1/64)", "Parent Relationship": "Outer", "Startup Cost": 68781.13, "Total Cost": 228589.41, "Plan Rows": 854625, "Plan Width": 44, "Plans": [{"Node Type": "Hash Join", "Parent Relationship": "Outer", "Join Type": "Inner", "Startup Cost": 68781.13, "Total Cost": 210958.59, "Plan Rows": 854625, "Plan Width": 44, "Inner Unique": false, "Hash Cond": "(part.p_partkey = partsupp.ps_partkey), (LLVM Optimized)", "Plans": [{"Node Type": "Streaming(type: BROADCAST dop: 64/64)", "Parent Relationship": "Outer", "Startup Cost": 0.0, "Total Cost": 139455.29, "Plan Rows": 18934016, "Plan Width": 44, "Plans": [{"Node Type": "Seq Scan", "Parent Relationship": "Outer", "Relation Name": "part", "Alias": "part", "Startup Cost": 0.0, "Total Cost": 64436.62, "Plan Rows": 295844, "Plan Width": 44, "Filter": "((p_brand <> 'Brand#34'::bpchar) AND ((p_type)::text !~~ 'LARGE BRUSHED%'::text) AND (p_size = ANY ('{48,19,12,4,41,7,21,39}'::integer[]))), (LLVM Optimized)"}]}, {"Node Type": "Hash", "Parent Relationship": "Inner", "Startup Cost": 67218.56, "Total Cost": 67218.56, "Plan Rows": 8000372, "Plan Width": 16, "Plans": [{"Node Type": "Seq Scan", "Parent Relationship": "Outer", "Relation Name": "partsupp", "Alias": "partsupp", "Startup Cost": 0.0, "Total Cost": 67218.56, "Plan Rows": 8000372, "Plan Width": 16}]}]}]}, {"Node Type": "Hash", "Parent Relationship": "Inner", "Startup Cost": 3533.0, "Total Cost": 3533.0, "Plan Rows": 10, "Plan Width": 8, "Plans": [{"Node Type": "Seq Scan", "Parent Relationship": "Outer", "Relation Name": "supplier", "Alias": "supplier", "Startup Cost": 0.0, "Total Cost": 3533.0, "Plan Rows": 10, "Plan Width": 8, "Filter": "((s_comment)::text ~~ '%Customer%Complaints%'::text)"}]}]}]}]}]}, "Unique SQL Id": 1437012347}, "explain_analyze_plan": {"Plan": {"Node Type": "Sort", "Startup Cost": 256366.86, "Total Cost": 256436.2, "Plan Rows": 27736, "Plan Width": 60, "Actual Min Startup Time": 4476.752, "Actual Max Startup Time": 4476.752, "Actual Min Total Time": 4479.827, "Actual Max Total Time": 4479.827, "Actual Total Rows": 27838, "Sort Key": ["(count(partsupp.ps_suppkey)) DESC", "part.p_brand", "part.p_type", "part.p_size"], "Sort Method": "quicksort", "Sort Space Min Used": 5082, "Sort Space Max Used": 5082, "Sort Space Type": "Memory", "Plans": [{"Node Type": "Aggregate", "Strategy": "Hashed", "Parent Relationship": "Outer", "Startup Cost": 254042.65, "Total Cost": 254320.01, "Plan Rows": 27736, "Plan Width": 60, "Actual Min Startup Time": 4376.627, "Actual Max Startup Time": 4376.627, "Actual Min Total Time": 4385.931, "Actual Max Total Time": 4385.931, "Actual Total Rows": 27838, "Group By Key": ["part.p_brand", "part.p_type", "part.p_size"], "Plans": [{"Node Type": "Aggregate", "Strategy": "Hashed", "Parent Relationship": "Outer", "Startup Cost": 253487.93, "Total Cost": 253765.29, "Plan Rows": 27736, "Plan Width": 52, "Actual Min Startup Time": 2854.718, "Actual Max Startup Time": 2854.718, "Actual Min Total Time": 3396.575, "Actual Max Total Time": 3396.575, "Actual Total Rows": 1188428, "Group By Key": ["part.p_brand", "part.p_type", "part.p_size", "partsupp.ps_suppkey"], "Plans": [{"Node Type": "Hash Join", "Parent Relationship": "Outer", "Join Type": "Anti", "Startup Cost": 72314.26, "Total Cost": 242805.29, "Plan Rows": 854611, "Plan Width": 44, "Actual Min Startup Time": 308.113, "Actual Max Startup Time": 308.113, "Actual Min Total Time": 1683.887, "Actual Max Total Time": 1683.887, "Actual Total Rows": 1188666, "Inner Unique": false, "Hash Cond": "(partsupp.ps_suppkey = supplier.s_suppkey), (LLVM Optimized, Jit Execute)", "Plans": [{"Node Type": "Streaming(type: LOCAL GATHER dop: 1/64)", "Parent Relationship": "Outer", "Startup Cost": 68781.13, "Total Cost": 228589.41, "Plan Rows": 854625, "Plan Width": 44, "Actual Min Startup Time": 256.615, "Actual Max Startup Time": 256.615, "Actual Min Total Time": 1260.176, "Actual Max Total Time": 1260.176, "Actual Total Rows": 1189344, "Plans": [{"Node Type": "Hash Join", "Parent Relationship": "Outer", "Join Type": "Inner", "Startup Cost": 68781.13, "Total Cost": 210958.59, "Plan Rows": 854625, "Plan Width": 44, "Actual Min Startup Time": 76.809, "Actual Max Startup Time": 276.302, "Actual Min Total Time": 1373.144, "Actual Max Total Time": 1744.056, "Actual Total Rows": 1189344, "Inner Unique": false, "Hash Cond": "(part.p_partkey = partsupp.ps_partkey), (LLVM Optimized, Jit Execute)", "Plans": [{"Node Type": "Streaming(type: BROADCAST dop: 64/64)", "Parent Relationship": "Outer", "Startup Cost": 0.0, "Total Cost": 139455.29, "Plan Rows": 18934016, "Plan Width": 44, "Actual Min Startup Time": 0.115, "Actual Max Startup Time": 1.262, "Actual Min Total Time": 1174.396, "Actual Max Total Time": 1471.854, "Actual Total Rows": 19029504, "Plans": [{"Node Type": "Seq Scan", "Parent Relationship": "Outer", "Relation Name": "part", "Alias": "part", "Startup Cost": 0.0, "Total Cost": 64436.62, "Plan Rows": 295844, "Plan Width": 44, "Actual Min Startup Time": 0.032, "Actual Max Startup Time": 0.08, "Actual Min Total Time": 19.658, "Actual Max Total Time": 32.694, "Actual Total Rows": 297336, "Filter": "((p_brand <> 'Brand#34'::bpchar) AND ((p_type)::text !~~ 'LARGE BRUSHED%'::text) AND (p_size = ANY ('{48,19,12,4,41,7,21,39}'::integer[]))), (LLVM Optimized, Jit Execute)", "Rows Removed by Filter": 1702664}]}, {"Node Type": "Hash", "Parent Relationship": "Inner", "Startup Cost": 67218.56, "Total Cost": 67218.56, "Plan Rows": 8000372, "Plan Width": 16, "Actual Min Startup Time": 75.766, "Actual Max Startup Time": 151.429, "Actual Min Total Time": 75.766, "Actual Max Total Time": 151.429, "Actual Total Rows": 8000000, "Max Hash Buckets": 131072, "Min Hash Buckets": 131072, "Max Hash Batches": 1, "Min Hash Batches": 1, "Max Original Hash Batches": 1, "Min Original Hash Batches": 1, "Max Peak Memory Usage": 5921, "min Peak Memory Usage": 5921, "Plans": [{"Node Type": "Seq Scan", "Parent Relationship": "Outer", "Relation Name": "partsupp", "Alias": "partsupp", "Startup Cost": 0.0, "Total Cost": 67218.56, "Plan Rows": 8000372, "Plan Width": 16, "Actual Min Startup Time": 0.017, "Actual Max Startup Time": 0.034, "Actual Min Total Time": 43.375, "Actual Max Total Time": 54.1, "Actual Total Rows": 8000000}]}]}]}, {"Node Type": "Hash", "Parent Relationship": "Inner", "Startup Cost": 3533.0, "Total Cost": 3533.0, "Plan Rows": 10, "Plan Width": 8, "Actual Min Startup Time": 51.443, "Actual Max Startup Time": 51.443, "Actual Min Total Time": 51.443, "Actual Max Total Time": 51.443, "Actual Total Rows": 56, "Max Hash Buckets": 32768, "Min Hash Buckets": 32768, "Max Hash Batches": 1, "Min Hash Batches": 1, "Max Original Hash Batches": 1, "Min Original Hash Batches": 1, "Max Peak Memory Usage": 3, "min Peak Memory Usage": 3, "Plans": [{"Node Type": "Seq Scan", "Parent Relationship": "Outer", "Relation Name": "supplier", "Alias": "supplier", "Startup Cost": 0.0, "Total Cost": 3533.0, "Plan Rows": 10, "Plan Width": 8, "Actual Min Startup Time": 0.255, "Actual Max Startup Time": 0.255, "Actual Min Total Time": 51.388, "Actual Max Total Time": 51.388, "Actual Total Rows": 56, "Filter": "((s_comment)::text ~~ '%Customer%Complaints%'::text)", "Rows Removed by Filter": 99944}]}]}]}]}]}, "Triggers": [], "Planner Runtime": 1.817, "Total Runtime": 4517.384, "Unique SQL Id": 1437012347}}, "(64, 1)": {"explain_plan": {"Plan": {"Node Type": "Sort", "Startup Cost": 418288.46, "Total Cost": 418357.8, "Plan Rows": 27736, "Plan Width": 60, "Sort Key": ["(count(partsupp.ps_suppkey)) DESC", "part.p_brand", "part.p_type", "part.p_size"], "Plans": [{"Node Type": "Aggregate", "Strategy": "Hashed", "Parent Relationship": "Outer", "Startup Cost": 415964.25, "Total Cost": 416241.61, "Plan Rows": 27736, "Plan Width": 60, "Group By Key": ["part.p_brand", "part.p_type", "part.p_size"], "Plans": [{"Node Type": "Aggregate", "Strategy": "Hashed", "Parent Relationship": "Outer", "Startup Cost": 415409.53, "Total Cost": 415686.89, "Plan Rows": 27736, "Plan Width": 52, "Group By Key": ["part.p_brand", "part.p_type", "part.p_size", "partsupp.ps_suppkey"], "Plans": [{"Node Type": "Hash Join", "Parent Relationship": "Outer", "Join Type": "Anti", "Startup Cost": 5584.67, "Total Cost": 404726.89, "Plan Rows": 854611, "Plan Width": 44, "Inner Unique": false, "Hash Cond": "(partsupp.ps_suppkey = supplier.s_suppkey), (LLVM Optimized)", "Plans": [{"Node Type": "Nested Loop", "Parent Relationship": "Outer", "Join Type": "Inner", "Startup Cost": 0.0, "Total Cost": 388454.21, "Plan Rows": 854625, "Plan Width": 44, "Inner Unique": false, "Plans": [{"Node Type": "Index Scan", "Parent Relationship": "Outer", "Scan Direction": "Forward", "Index Name": "part_kpey", "Relation Name": "part", "Alias": "part", "Startup Cost": 0.0, "Total Cost": 130803.25, "Plan Rows": 295844, "Plan Width": 44, "Filter": "((p_brand <> 'Brand#34'::bpchar) AND ((p_type)::text !~~ 'LARGE BRUSHED%'::text) AND (p_size = ANY ('{48,19,12,4,41,7,21,39}'::integer[]))), (LLVM Optimized)"}, {"Node Type": "Index Only Scan", "Parent Relationship": "Inner", "Scan Direction": "Forward", "Index Name": "partsupp_pkey", "Relation Name": "partsupp", "Alias": "partsupp", "Startup Cost": 0.0, "Total Cost": 0.84, "Plan Rows": 3, "Plan Width": 16, "Index Cond": "(ps_partkey = part.p_partkey)"}]}, {"Node Type": "Hash", "Parent Relationship": "Inner", "Startup Cost": 5584.54, "Total Cost": 5584.54, "Plan Rows": 10, "Plan Width": 8, "Plans": [{"Node Type": "Index Scan", "Parent Relationship": "Outer", "Scan Direction": "Forward", "Index Name": "supplier_pkey", "Relation Name": "supplier", "Alias": "supplier", "Startup Cost": 0.0, "Total Cost": 5584.54, "Plan Rows": 10, "Plan Width": 8, "Filter": "((s_comment)::text ~~ '%Customer%Complaints%'::text)"}]}]}]}]}]}, "Unique SQL Id": 1437012347}, "explain_analyze_plan": {"Plan": {"Node Type": "Sort", "Startup Cost": 418288.46, "Total Cost": 418357.8, "Plan Rows": 27736, "Plan Width": 60, "Actual Startup Time": 6946.55, "Actual Total Time": 6950.158, "Actual Rows": 27838, "Actual Loops": 1, "Sort Key": ["(count(partsupp.ps_suppkey)) DESC", "part.p_brand", "part.p_type", "part.p_size"], "Sort Method": "quicksort", "Sort Space Used": 5082, "Sort Space Type": "Memory", "Plans": [{"Node Type": "Aggregate", "Strategy": "Hashed", "Parent Relationship": "Outer", "Startup Cost": 415964.25, "Total Cost": 416241.61, "Plan Rows": 27736, "Plan Width": 60, "Actual Startup Time": 6844.512, "Actual Total Time": 6854.496, "Actual Rows": 27838, "Actual Loops": 1, "Group By Key": ["part.p_brand", "part.p_type", "part.p_size"], "Plans": [{"Node Type": "Aggregate", "Strategy": "Hashed", "Parent Relationship": "Outer", "Startup Cost": 415409.53, "Total Cost": 415686.89, "Plan Rows": 27736, "Plan Width": 52, "Actual Startup Time": 5232.276, "Actual Total Time": 5899.683, "Actual Rows": 1188428, "Actual Loops": 1, "Group By Key": ["part.p_brand", "part.p_type", "part.p_size", "partsupp.ps_suppkey"], "Plans": [{"Node Type": "Hash Join", "Parent Relationship": "Outer", "Join Type": "Anti", "Startup Cost": 5584.67, "Total Cost": 404726.89, "Plan Rows": 854611, "Plan Width": 44, "Actual Startup Time": 74.0, "Actual Total Time": 4190.013, "Actual Rows": 1188666, "Actual Loops": 1, "Inner Unique": false, "Hash Cond": "(partsupp.ps_suppkey = supplier.s_suppkey), (LLVM Optimized, Jit Execute)", "Plans": [{"Node Type": "Nested Loop", "Parent Relationship": "Outer", "Join Type": "Inner", "Startup Cost": 0.0, "Total Cost": 388454.21, "Plan Rows": 854625, "Plan Width": 44, "Actual Startup Time": 0.164, "Actual Total Time": 3764.233, "Actual Rows": 1189344, "Actual Loops": 1, "Inner Unique": false, "Plans": [{"Node Type": "Index Scan", "Parent Relationship": "Outer", "Scan Direction": "Forward", "Index Name": "part_kpey", "Relation Name": "part", "Alias": "part", "Startup Cost": 0.0, "Total Cost": 130803.25, "Plan Rows": 295844, "Plan Width": 44, "Actual Startup Time": 0.046, "Actual Total Time": 1826.412, "Actual Rows": 297336, "Actual Loops": 1, "Filter": "((p_brand <> 'Brand#34'::bpchar) AND ((p_type)::text !~~ 'LARGE BRUSHED%'::text) AND (p_size = ANY ('{48,19,12,4,41,7,21,39}'::integer[]))), (LLVM Optimized, Jit Execute)", "Rows Removed by Filter": 1702664}, {"Node Type": "Index Only Scan", "Parent Relationship": "Inner", "Scan Direction": "Forward", "Index Name": "partsupp_pkey", "Relation Name": "partsupp", "Alias": "partsupp", "Startup Cost": 0.0, "Total Cost": 0.84, "Plan Rows": 3, "Plan Width": 16, "Actual Startup Time": 1205.266, "Actual Total Time": 1499.547, "Actual Rows": 1189344, "Actual Loops": 297336, "Index Cond": "(ps_partkey = part.p_partkey)", "Rows Removed by Index Recheck": 0, "Heap Fetches": 0}]}, {"Node Type": "Hash", "Parent Relationship": "Inner", "Startup Cost": 5584.54, "Total Cost": 5584.54, "Plan Rows": 10, "Plan Width": 8, "Actual Startup Time": 73.793, "Actual Total Time": 73.793, "Actual Rows": 56, "Actual Loops": 1, "Hash Buckets": 32768, "Hash Batches": 1, "Original Hash Batches": 1, "Peak Memory Usage": 3, "Plans": [{"Node Type": "Index Scan", "Parent Relationship": "Outer", "Scan Direction": "Forward", "Index Name": "supplier_pkey", "Relation Name": "supplier", "Alias": "supplier", "Startup Cost": 0.0, "Total Cost": 5584.54, "Plan Rows": 10, "Plan Width": 8, "Actual Startup Time": 0.287, "Actual Total Time": 73.734, "Actual Rows": 56, "Actual Loops": 1, "Filter": "((s_comment)::text ~~ '%Customer%Complaints%'::text)", "Rows Removed by Filter": 99944}]}]}]}]}]}, "Triggers": [], "Planner Runtime": 1.433, "Total Runtime": 6961.58, "Unique SQL Id": 1437012347}}, "(64, 2)": {"explain_plan": {"Plan": {"Node Type": "Sort", "Startup Cost": 256366.86, "Total Cost": 256436.2, "Plan Rows": 27736, "Plan Width": 60, "Sort Key": ["(count(partsupp.ps_suppkey)) DESC", "part.p_brand", "part.p_type", "part.p_size"], "Plans": [{"Node Type": "Aggregate", "Strategy": "Hashed", "Parent Relationship": "Outer", "Startup Cost": 254042.65, "Total Cost": 254320.01, "Plan Rows": 27736, "Plan Width": 60, "Group By Key": ["part.p_brand", "part.p_type", "part.p_size"], "Plans": [{"Node Type": "Aggregate", "Strategy": "Hashed", "Parent Relationship": "Outer", "Startup Cost": 253487.93, "Total Cost": 253765.29, "Plan Rows": 27736, "Plan Width": 52, "Group By Key": ["part.p_brand", "part.p_type", "part.p_size", "partsupp.ps_suppkey"], "Plans": [{"Node Type": "Hash Join", "Parent Relationship": "Outer", "Join Type": "Anti", "Startup Cost": 72314.26, "Total Cost": 242805.29, "Plan Rows": 854611, "Plan Width": 44, "Inner Unique": false, "Hash Cond": "(partsupp.ps_suppkey = supplier.s_suppkey), (LLVM Optimized)", "Plans": [{"Node Type": "Streaming(type: LOCAL GATHER dop: 1/64)", "Parent Relationship": "Outer", "Startup Cost": 68781.13, "Total Cost": 228589.41, "Plan Rows": 854625, "Plan Width": 44, "Plans": [{"Node Type": "Hash Join", "Parent Relationship": "Outer", "Join Type": "Inner", "Startup Cost": 68781.13, "Total Cost": 210958.59, "Plan Rows": 854625, "Plan Width": 44, "Inner Unique": false, "Hash Cond": "(part.p_partkey = partsupp.ps_partkey), (LLVM Optimized)", "Plans": [{"Node Type": "Streaming(type: BROADCAST dop: 64/64)", "Parent Relationship": "Outer", "Startup Cost": 0.0, "Total Cost": 139455.29, "Plan Rows": 18934016, "Plan Width": 44, "Plans": [{"Node Type": "Seq Scan", "Parent Relationship": "Outer", "Relation Name": "part", "Alias": "part", "Startup Cost": 0.0, "Total Cost": 64436.62, "Plan Rows": 295844, "Plan Width": 44, "Filter": "((p_brand <> 'Brand#34'::bpchar) AND ((p_type)::text !~~ 'LARGE BRUSHED%'::text) AND (p_size = ANY ('{48,19,12,4,41,7,21,39}'::integer[]))), (LLVM Optimized)"}]}, {"Node Type": "Hash", "Parent Relationship": "Inner", "Startup Cost": 67218.56, "Total Cost": 67218.56, "Plan Rows": 8000372, "Plan Width": 16, "Plans": [{"Node Type": "Seq Scan", "Parent Relationship": "Outer", "Relation Name": "partsupp", "Alias": "partsupp", "Startup Cost": 0.0, "Total Cost": 67218.56, "Plan Rows": 8000372, "Plan Width": 16}]}]}]}, {"Node Type": "Hash", "Parent Relationship": "Inner", "Startup Cost": 3533.0, "Total Cost": 3533.0, "Plan Rows": 10, "Plan Width": 8, "Plans": [{"Node Type": "Seq Scan", "Parent Relationship": "Outer", "Relation Name": "supplier", "Alias": "supplier", "Startup Cost": 0.0, "Total Cost": 3533.0, "Plan Rows": 10, "Plan Width": 8, "Filter": "((s_comment)::text ~~ '%Customer%Complaints%'::text)"}]}]}]}]}]}, "Unique SQL Id": 1437012347}, "explain_analyze_plan": {"Plan": {"Node Type": "Sort", "Startup Cost": 256366.86, "Total Cost": 256436.2, "Plan Rows": 27736, "Plan Width": 60, "Actual Min Startup Time": 4476.752, "Actual Max Startup Time": 4476.752, "Actual Min Total Time": 4479.827, "Actual Max Total Time": 4479.827, "Actual Total Rows": 27838, "Sort Key": ["(count(partsupp.ps_suppkey)) DESC", "part.p_brand", "part.p_type", "part.p_size"], "Sort Method": "quicksort", "Sort Space Min Used": 5082, "Sort Space Max Used": 5082, "Sort Space Type": "Memory", "Plans": [{"Node Type": "Aggregate", "Strategy": "Hashed", "Parent Relationship": "Outer", "Startup Cost": 254042.65, "Total Cost": 254320.01, "Plan Rows": 27736, "Plan Width": 60, "Actual Min Startup Time": 4376.627, "Actual Max Startup Time": 4376.627, "Actual Min Total Time": 4385.931, "Actual Max Total Time": 4385.931, "Actual Total Rows": 27838, "Group By Key": ["part.p_brand", "part.p_type", "part.p_size"], "Plans": [{"Node Type": "Aggregate", "Strategy": "Hashed", "Parent Relationship": "Outer", "Startup Cost": 253487.93, "Total Cost": 253765.29, "Plan Rows": 27736, "Plan Width": 52, "Actual Min Startup Time": 2854.718, "Actual Max Startup Time": 2854.718, "Actual Min Total Time": 3396.575, "Actual Max Total Time": 3396.575, "Actual Total Rows": 1188428, "Group By Key": ["part.p_brand", "part.p_type", "part.p_size", "partsupp.ps_suppkey"], "Plans": [{"Node Type": "Hash Join", "Parent Relationship": "Outer", "Join Type": "Anti", "Startup Cost": 72314.26, "Total Cost": 242805.29, "Plan Rows": 854611, "Plan Width": 44, "Actual Min Startup Time": 308.113, "Actual Max Startup Time": 308.113, "Actual Min Total Time": 1683.887, "Actual Max Total Time": 1683.887, "Actual Total Rows": 1188666, "Inner Unique": false, "Hash Cond": "(partsupp.ps_suppkey = supplier.s_suppkey), (LLVM Optimized, Jit Execute)", "Plans": [{"Node Type": "Streaming(type: LOCAL GATHER dop: 1/64)", "Parent Relationship": "Outer", "Startup Cost": 68781.13, "Total Cost": 228589.41, "Plan Rows": 854625, "Plan Width": 44, "Actual Min Startup Time": 256.615, "Actual Max Startup Time": 256.615, "Actual Min Total Time": 1260.176, "Actual Max Total Time": 1260.176, "Actual Total Rows": 1189344, "Plans": [{"Node Type": "Hash Join", "Parent Relationship": "Outer", "Join Type": "Inner", "Startup Cost": 68781.13, "Total Cost": 210958.59, "Plan Rows": 854625, "Plan Width": 44, "Actual Min Startup Time": 76.809, "Actual Max Startup Time": 276.302, "Actual Min Total Time": 1373.144, "Actual Max Total Time": 1744.056, "Actual Total Rows": 1189344, "Inner Unique": false, "Hash Cond": "(part.p_partkey = partsupp.ps_partkey), (LLVM Optimized, Jit Execute)", "Plans": [{"Node Type": "Streaming(type: BROADCAST dop: 64/64)", "Parent Relationship": "Outer", "Startup Cost": 0.0, "Total Cost": 139455.29, "Plan Rows": 18934016, "Plan Width": 44, "Actual Min Startup Time": 0.115, "Actual Max Startup Time": 1.262, "Actual Min Total Time": 1174.396, "Actual Max Total Time": 1471.854, "Actual Total Rows": 19029504, "Plans": [{"Node Type": "Seq Scan", "Parent Relationship": "Outer", "Relation Name": "part", "Alias": "part", "Startup Cost": 0.0, "Total Cost": 64436.62, "Plan Rows": 295844, "Plan Width": 44, "Actual Min Startup Time": 0.032, "Actual Max Startup Time": 0.08, "Actual Min Total Time": 19.658, "Actual Max Total Time": 32.694, "Actual Total Rows": 297336, "Filter": "((p_brand <> 'Brand#34'::bpchar) AND ((p_type)::text !~~ 'LARGE BRUSHED%'::text) AND (p_size = ANY ('{48,19,12,4,41,7,21,39}'::integer[]))), (LLVM Optimized, Jit Execute)", "Rows Removed by Filter": 1702664}]}, {"Node Type": "Hash", "Parent Relationship": "Inner", "Startup Cost": 67218.56, "Total Cost": 67218.56, "Plan Rows": 8000372, "Plan Width": 16, "Actual Min Startup Time": 75.766, "Actual Max Startup Time": 151.429, "Actual Min Total Time": 75.766, "Actual Max Total Time": 151.429, "Actual Total Rows": 8000000, "Max Hash Buckets": 131072, "Min Hash Buckets": 131072, "Max Hash Batches": 1, "Min Hash Batches": 1, "Max Original Hash Batches": 1, "Min Original Hash Batches": 1, "Max Peak Memory Usage": 5921, "min Peak Memory Usage": 5921, "Plans": [{"Node Type": "Seq Scan", "Parent Relationship": "Outer", "Relation Name": "partsupp", "Alias": "partsupp", "Startup Cost": 0.0, "Total Cost": 67218.56, "Plan Rows": 8000372, "Plan Width": 16, "Actual Min Startup Time": 0.017, "Actual Max Startup Time": 0.034, "Actual Min Total Time": 43.375, "Actual Max Total Time": 54.1, "Actual Total Rows": 8000000}]}]}]}, {"Node Type": "Hash", "Parent Relationship": "Inner", "Startup Cost": 3533.0, "Total Cost": 3533.0, "Plan Rows": 10, "Plan Width": 8, "Actual Min Startup Time": 51.443, "Actual Max Startup Time": 51.443, "Actual Min Total Time": 51.443, "Actual Max Total Time": 51.443, "Actual Total Rows": 56, "Max Hash Buckets": 32768, "Min Hash Buckets": 32768, "Max Hash Batches": 1, "Min Hash Batches": 1, "Max Original Hash Batches": 1, "Min Original Hash Batches": 1, "Max Peak Memory Usage": 3, "min Peak Memory Usage": 3, "Plans": [{"Node Type": "Seq Scan", "Parent Relationship": "Outer", "Relation Name": "supplier", "Alias": "supplier", "Startup Cost": 0.0, "Total Cost": 3533.0, "Plan Rows": 10, "Plan Width": 8, "Actual Min Startup Time": 0.255, "Actual Max Startup Time": 0.255, "Actual Min Total Time": 51.388, "Actual Max Total Time": 51.388, "Actual Total Rows": 56, "Filter": "((s_comment)::text ~~ '%Customer%Complaints%'::text)", "Rows Removed by Filter": 99944}]}]}]}]}]}, "Triggers": [], "Planner Runtime": 1.817, "Total Runtime": 4517.384, "Unique SQL Id": 1437012347}}, "(64, 3)": {"explain_plan": {"Plan": {"Node Type": "Sort", "Startup Cost": 636427.53, "Total Cost": 636496.87, "Plan Rows": 27736, "Plan Width": 60, "Sort Key": ["(count(partsupp.ps_suppkey)) DESC", "part.p_brand", "part.p_type", "part.p_size"], "Plans": [{"Node Type": "Aggregate", "Strategy": "Hashed", "Parent Relationship": "Outer", "Startup Cost": 634103.33, "Total Cost": 634380.69, "Plan Rows": 27736, "Plan Width": 60, "Group By Key": ["part.p_brand", "part.p_type", "part.p_size"], "Plans": [{"Node Type": "Aggregate", "Strategy": "Hashed", "Parent Relationship": "Outer", "Startup Cost": 633548.61, "Total Cost": 633825.97, "Plan Rows": 27736, "Plan Width": 52, "Group By Key": ["part.p_brand", "part.p_type", "part.p_size", "partsupp.ps_suppkey"], "Plans": [{"Node Type": "Hash Join", "Parent Relationship": "Outer", "Join Type": "Anti", "Startup Cost": 303647.84, "Total Cost": 622865.97, "Plan Rows": 854611, "Plan Width": 44, "Inner Unique": false, "Hash Cond": "(partsupp.ps_suppkey = supplier.s_suppkey), (LLVM Optimized)", "Plans": [{"Node Type": "Hash Join", "Parent Relationship": "Outer", "Join Type": "Inner", "Startup Cost": 298066.46, "Total Cost": 606601.83, "Plan Rows": 854625, "Plan Width": 44, "Inner Unique": true, "Hash Cond": "(partsupp.ps_partkey = part.p_partkey), (LLVM Optimized)", "Plans": [{"Node Type": "Bitmap Heap Scan", "Parent Relationship": "Outer", "Relation Name": "partsupp", "Alias": "partsupp", "Startup Cost": 163494.2, "Total Cost": 433481.92, "Plan Rows": 8000372, "Plan Width": 16, "Plans": [{"Node Type": "Bitmap Index Scan", "Parent Relationship": "Outer", "Index Name": "idx_partsupp_partkey", "Startup Cost": 0.0, "Total Cost": 161494.11, "Plan Rows": 8000372, "Plan Width": 0}]}, {"Node Type": "Hash", "Parent Relationship": "Inner", "Startup Cost": 130874.21, "Total Cost": 130874.21, "Plan Rows": 295844, "Plan Width": 44, "Plans": [{"Node Type": "Bitmap Heap Scan", "Parent Relationship": "Outer", "Relation Name": "part", "Alias": "part", "Startup Cost": 38930.21, "Total Cost": 130874.21, "Plan Rows": 295844, "Plan Width": 44, "Filter": "((p_brand <> 'Brand#34'::bpchar) AND ((p_type)::text !~~ 'LARGE BRUSHED%'::text) AND (p_size = ANY ('{48,19,12,4,41,7,21,39}'::integer[]))), (LLVM Optimized)", "Plans": [{"Node Type": "Bitmap Index Scan", "Parent Relationship": "Outer", "Index Name": "part_kpey", "Startup Cost": 0.0, "Total Cost": 38856.25, "Plan Rows": 2000000, "Plan Width": 0}]}]}]}, {"Node Type": "Hash", "Parent Relationship": "Inner", "Startup Cost": 5581.25, "Total Cost": 5581.25, "Plan Rows": 10, "Plan Width": 8, "Plans": [{"Node Type": "Bitmap Heap Scan", "Parent Relationship": "Outer", "Relation Name": "supplier", "Alias": "supplier", "Startup Cost": 2048.25, "Total Cost": 5581.25, "Plan Rows": 10, "Plan Width": 8, "Filter": "((s_comment)::text ~~ '%Customer%Complaints%'::text)", "Plans": [{"Node Type": "Bitmap Index Scan", "Parent Relationship": "Outer", "Index Name": "supplier_pkey", "Startup Cost": 0.0, "Total Cost": 2048.25, "Plan Rows": 100000, "Plan Width": 0}]}]}]}]}]}]}, "Unique SQL Id": 1437012347}, "explain_analyze_plan": null}, "(64, 4)": {"explain_plan": {"Plan": {"Node Type": "Sort", "Startup Cost": 256366.86, "Total Cost": 256436.2, "Plan Rows": 27736, "Plan Width": 60, "Sort Key": ["(count(partsupp.ps_suppkey)) DESC", "part.p_brand", "part.p_type", "part.p_size"], "Plans": [{"Node Type": "Aggregate", "Strategy": "Hashed", "Parent Relationship": "Outer", "Startup Cost": 254042.65, "Total Cost": 254320.01, "Plan Rows": 27736, "Plan Width": 60, "Group By Key": ["part.p_brand", "part.p_type", "part.p_size"], "Plans": [{"Node Type": "Aggregate", "Strategy": "Hashed", "Parent Relationship": "Outer", "Startup Cost": 253487.93, "Total Cost": 253765.29, "Plan Rows": 27736, "Plan Width": 52, "Group By Key": ["part.p_brand", "part.p_type", "part.p_size", "partsupp.ps_suppkey"], "Plans": [{"Node Type": "Hash Join", "Parent Relationship": "Outer", "Join Type": "Anti", "Startup Cost": 72314.26, "Total Cost": 242805.29, "Plan Rows": 854611, "Plan Width": 44, "Inner Unique": false, "Hash Cond": "(partsupp.ps_suppkey = supplier.s_suppkey), (LLVM Optimized)", "Plans": [{"Node Type": "Streaming(type: LOCAL GATHER dop: 1/64)", "Parent Relationship": "Outer", "Startup Cost": 68781.13, "Total Cost": 228589.41, "Plan Rows": 854625, "Plan Width": 44, "Plans": [{"Node Type": "Hash Join", "Parent Relationship": "Outer", "Join Type": "Inner", "Startup Cost": 68781.13, "Total Cost": 210958.59, "Plan Rows": 854625, "Plan Width": 44, "Inner Unique": false, "Hash Cond": "(part.p_partkey = partsupp.ps_partkey), (LLVM Optimized)", "Plans": [{"Node Type": "Streaming(type: BROADCAST dop: 64/64)", "Parent Relationship": "Outer", "Startup Cost": 0.0, "Total Cost": 139455.29, "Plan Rows": 18934016, "Plan Width": 44, "Plans": [{"Node Type": "Seq Scan", "Parent Relationship": "Outer", "Relation Name": "part", "Alias": "part", "Startup Cost": 0.0, "Total Cost": 64436.62, "Plan Rows": 295844, "Plan Width": 44, "Filter": "((p_brand <> 'Brand#34'::bpchar) AND ((p_type)::text !~~ 'LARGE BRUSHED%'::text) AND (p_size = ANY ('{48,19,12,4,41,7,21,39}'::integer[]))), (LLVM Optimized)"}]}, {"Node Type": "Hash", "Parent Relationship": "Inner", "Startup Cost": 67218.56, "Total Cost": 67218.56, "Plan Rows": 8000372, "Plan Width": 16, "Plans": [{"Node Type": "Seq Scan", "Parent Relationship": "Outer", "Relation Name": "partsupp", "Alias": "partsupp", "Startup Cost": 0.0, "Total Cost": 67218.56, "Plan Rows": 8000372, "Plan Width": 16}]}]}]}, {"Node Type": "Hash", "Parent Relationship": "Inner", "Startup Cost": 3533.0, "Total Cost": 3533.0, "Plan Rows": 10, "Plan Width": 8, "Plans": [{"Node Type": "Seq Scan", "Parent Relationship": "Outer", "Relation Name": "supplier", "Alias": "supplier", "Startup Cost": 0.0, "Total Cost": 3533.0, "Plan Rows": 10, "Plan Width": 8, "Filter": "((s_comment)::text ~~ '%Customer%Complaints%'::text)"}]}]}]}]}]}, "Unique SQL Id": 1437012347}, "explain_analyze_plan": {"Plan": {"Node Type": "Sort", "Startup Cost": 256366.86, "Total Cost": 256436.2, "Plan Rows": 27736, "Plan Width": 60, "Actual Min Startup Time": 4476.752, "Actual Max Startup Time": 4476.752, "Actual Min Total Time": 4479.827, "Actual Max Total Time": 4479.827, "Actual Total Rows": 27838, "Sort Key": ["(count(partsupp.ps_suppkey)) DESC", "part.p_brand", "part.p_type", "part.p_size"], "Sort Method": "quicksort", "Sort Space Min Used": 5082, "Sort Space Max Used": 5082, "Sort Space Type": "Memory", "Plans": [{"Node Type": "Aggregate", "Strategy": "Hashed", "Parent Relationship": "Outer", "Startup Cost": 254042.65, "Total Cost": 254320.01, "Plan Rows": 27736, "Plan Width": 60, "Actual Min Startup Time": 4376.627, "Actual Max Startup Time": 4376.627, "Actual Min Total Time": 4385.931, "Actual Max Total Time": 4385.931, "Actual Total Rows": 27838, "Group By Key": ["part.p_brand", "part.p_type", "part.p_size"], "Plans": [{"Node Type": "Aggregate", "Strategy": "Hashed", "Parent Relationship": "Outer", "Startup Cost": 253487.93, "Total Cost": 253765.29, "Plan Rows": 27736, "Plan Width": 52, "Actual Min Startup Time": 2854.718, "Actual Max Startup Time": 2854.718, "Actual Min Total Time": 3396.575, "Actual Max Total Time": 3396.575, "Actual Total Rows": 1188428, "Group By Key": ["part.p_brand", "part.p_type", "part.p_size", "partsupp.ps_suppkey"], "Plans": [{"Node Type": "Hash Join", "Parent Relationship": "Outer", "Join Type": "Anti", "Startup Cost": 72314.26, "Total Cost": 242805.29, "Plan Rows": 854611, "Plan Width": 44, "Actual Min Startup Time": 308.113, "Actual Max Startup Time": 308.113, "Actual Min Total Time": 1683.887, "Actual Max Total Time": 1683.887, "Actual Total Rows": 1188666, "Inner Unique": false, "Hash Cond": "(partsupp.ps_suppkey = supplier.s_suppkey), (LLVM Optimized, Jit Execute)", "Plans": [{"Node Type": "Streaming(type: LOCAL GATHER dop: 1/64)", "Parent Relationship": "Outer", "Startup Cost": 68781.13, "Total Cost": 228589.41, "Plan Rows": 854625, "Plan Width": 44, "Actual Min Startup Time": 256.615, "Actual Max Startup Time": 256.615, "Actual Min Total Time": 1260.176, "Actual Max Total Time": 1260.176, "Actual Total Rows": 1189344, "Plans": [{"Node Type": "Hash Join", "Parent Relationship": "Outer", "Join Type": "Inner", "Startup Cost": 68781.13, "Total Cost": 210958.59, "Plan Rows": 854625, "Plan Width": 44, "Actual Min Startup Time": 76.809, "Actual Max Startup Time": 276.302, "Actual Min Total Time": 1373.144, "Actual Max Total Time": 1744.056, "Actual Total Rows": 1189344, "Inner Unique": false, "Hash Cond": "(part.p_partkey = partsupp.ps_partkey), (LLVM Optimized, Jit Execute)", "Plans": [{"Node Type": "Streaming(type: BROADCAST dop: 64/64)", "Parent Relationship": "Outer", "Startup Cost": 0.0, "Total Cost": 139455.29, "Plan Rows": 18934016, "Plan Width": 44, "Actual Min Startup Time": 0.115, "Actual Max Startup Time": 1.262, "Actual Min Total Time": 1174.396, "Actual Max Total Time": 1471.854, "Actual Total Rows": 19029504, "Plans": [{"Node Type": "Seq Scan", "Parent Relationship": "Outer", "Relation Name": "part", "Alias": "part", "Startup Cost": 0.0, "Total Cost": 64436.62, "Plan Rows": 295844, "Plan Width": 44, "Actual Min Startup Time": 0.032, "Actual Max Startup Time": 0.08, "Actual Min Total Time": 19.658, "Actual Max Total Time": 32.694, "Actual Total Rows": 297336, "Filter": "((p_brand <> 'Brand#34'::bpchar) AND ((p_type)::text !~~ 'LARGE BRUSHED%'::text) AND (p_size = ANY ('{48,19,12,4,41,7,21,39}'::integer[]))), (LLVM Optimized, Jit Execute)", "Rows Removed by Filter": 1702664}]}, {"Node Type": "Hash", "Parent Relationship": "Inner", "Startup Cost": 67218.56, "Total Cost": 67218.56, "Plan Rows": 8000372, "Plan Width": 16, "Actual Min Startup Time": 75.766, "Actual Max Startup Time": 151.429, "Actual Min Total Time": 75.766, "Actual Max Total Time": 151.429, "Actual Total Rows": 8000000, "Max Hash Buckets": 131072, "Min Hash Buckets": 131072, "Max Hash Batches": 1, "Min Hash Batches": 1, "Max Original Hash Batches": 1, "Min Original Hash Batches": 1, "Max Peak Memory Usage": 5921, "min Peak Memory Usage": 5921, "Plans": [{"Node Type": "Seq Scan", "Parent Relationship": "Outer", "Relation Name": "partsupp", "Alias": "partsupp", "Startup Cost": 0.0, "Total Cost": 67218.56, "Plan Rows": 8000372, "Plan Width": 16, "Actual Min Startup Time": 0.017, "Actual Max Startup Time": 0.034, "Actual Min Total Time": 43.375, "Actual Max Total Time": 54.1, "Actual Total Rows": 8000000}]}]}]}, {"Node Type": "Hash", "Parent Relationship": "Inner", "Startup Cost": 3533.0, "Total Cost": 3533.0, "Plan Rows": 10, "Plan Width": 8, "Actual Min Startup Time": 51.443, "Actual Max Startup Time": 51.443, "Actual Min Total Time": 51.443, "Actual Max Total Time": 51.443, "Actual Total Rows": 56, "Max Hash Buckets": 32768, "Min Hash Buckets": 32768, "Max Hash Batches": 1, "Min Hash Batches": 1, "Max Original Hash Batches": 1, "Min Original Hash Batches": 1, "Max Peak Memory Usage": 3, "min Peak Memory Usage": 3, "Plans": [{"Node Type": "Seq Scan", "Parent Relationship": "Outer", "Relation Name": "supplier", "Alias": "supplier", "Startup Cost": 0.0, "Total Cost": 3533.0, "Plan Rows": 10, "Plan Width": 8, "Actual Min Startup Time": 0.255, "Actual Max Startup Time": 0.255, "Actual Min Total Time": 51.388, "Actual Max Total Time": 51.388, "Actual Total Rows": 56, "Filter": "((s_comment)::text ~~ '%Customer%Complaints%'::text)", "Rows Removed by Filter": 99944}]}]}]}]}]}, "Triggers": [], "Planner Runtime": 1.817, "Total Runtime": 4517.384, "Unique SQL Id": 1437012347}}, "(64, 5)": {"explain_plan": {"Plan": {"Node Type": "Sort", "Startup Cost": 621402.66, "Total Cost": 621472.0, "Plan Rows": 27736, "Plan Width": 60, "Sort Key": ["(count(partsupp.ps_suppkey)) DESC", "part.p_brand", "part.p_type", "part.p_size"], "Plans": [{"Node Type": "Aggregate", "Strategy": "Hashed", "Parent Relationship": "Outer", "Startup Cost": 619078.46, "Total Cost": 619355.82, "Plan Rows": 27736, "Plan Width": 60, "Group By Key": ["part.p_brand", "part.p_type", "part.p_size"], "Plans": [{"Node Type": "Aggregate", "Strategy": "Hashed", "Parent Relationship": "Outer", "Startup Cost": 618523.74, "Total Cost": 618801.1, "Plan Rows": 27736, "Plan Width": 52, "Group By Key": ["part.p_brand", "part.p_type", "part.p_size", "partsupp.ps_suppkey"], "Plans": [{"Node Type": "Hash Join", "Parent Relationship": "Outer", "Join Type": "Anti", "Startup Cost": 5592.57, "Total Cost": 607841.1, "Plan Rows": 854611, "Plan Width": 44, "Inner Unique": false, "Hash Cond": "(partsupp.ps_suppkey = supplier.s_suppkey), (LLVM Optimized)", "Plans": [{"Node Type": "Merge Join", "Parent Relationship": "Outer", "Join Type": "Inner", "Startup Cost": 7.9, "Total Cost": 591568.41, "Plan Rows": 854625, "Plan Width": 44, "Inner Unique": false, "Merge Cond": "(part.p_partkey = partsupp.ps_partkey)", "Plans": [{"Node Type": "Index Scan", "Parent Relationship": "Outer", "Scan Direction": "Forward", "Index Name": "part_kpey", "Relation Name": "part", "Alias": "part", "Startup Cost": 0.0, "Total Cost": 130803.25, "Plan Rows": 295844, "Plan Width": 44, "Filter": "((p_brand <> 'Brand#34'::bpchar) AND ((p_type)::text !~~ 'LARGE BRUSHED%'::text) AND (p_size = ANY ('{48,19,12,4,41,7,21,39}'::integer[]))), (LLVM Optimized)"}, {"Node Type": "Index Scan", "Parent Relationship": "Inner", "Scan Direction": "Forward", "Index Name": "idx_partsupp_partkey", "Relation Name": "partsupp", "Alias": "partsupp", "Startup Cost": 0.0, "Total Cost": 431485.03, "Plan Rows": 8000372, "Plan Width": 16}]}, {"Node Type": "Hash", "Parent Relationship": "Inner", "Startup Cost": 5584.54, "Total Cost": 5584.54, "Plan Rows": 10, "Plan Width": 8, "Plans": [{"Node Type": "Index Scan", "Parent Relationship": "Outer", "Scan Direction": "Forward", "Index Name": "supplier_pkey", "Relation Name": "supplier", "Alias": "supplier", "Startup Cost": 0.0, "Total Cost": 5584.54, "Plan Rows": 10, "Plan Width": 8, "Filter": "((s_comment)::text ~~ '%Customer%Complaints%'::text)"}]}]}]}]}]}, "Unique SQL Id": 1437012347}, "explain_analyze_plan": null}, "(64, 6)": {"explain_plan": {"Plan": {"Node Type": "Sort", "Startup Cost": 256366.86, "Total Cost": 256436.2, "Plan Rows": 27736, "Plan Width": 60, "Sort Key": ["(count(partsupp.ps_suppkey)) DESC", "part.p_brand", "part.p_type", "part.p_size"], "Plans": [{"Node Type": "Aggregate", "Strategy": "Hashed", "Parent Relationship": "Outer", "Startup Cost": 254042.65, "Total Cost": 254320.01, "Plan Rows": 27736, "Plan Width": 60, "Group By Key": ["part.p_brand", "part.p_type", "part.p_size"], "Plans": [{"Node Type": "Aggregate", "Strategy": "Hashed", "Parent Relationship": "Outer", "Startup Cost": 253487.93, "Total Cost": 253765.29, "Plan Rows": 27736, "Plan Width": 52, "Group By Key": ["part.p_brand", "part.p_type", "part.p_size", "partsupp.ps_suppkey"], "Plans": [{"Node Type": "Hash Join", "Parent Relationship": "Outer", "Join Type": "Anti", "Startup Cost": 72314.26, "Total Cost": 242805.29, "Plan Rows": 854611, "Plan Width": 44, "Inner Unique": false, "Hash Cond": "(partsupp.ps_suppkey = supplier.s_suppkey), (LLVM Optimized)", "Plans": [{"Node Type": "Streaming(type: LOCAL GATHER dop: 1/64)", "Parent Relationship": "Outer", "Startup Cost": 68781.13, "Total Cost": 228589.41, "Plan Rows": 854625, "Plan Width": 44, "Plans": [{"Node Type": "Hash Join", "Parent Relationship": "Outer", "Join Type": "Inner", "Startup Cost": 68781.13, "Total Cost": 210958.59, "Plan Rows": 854625, "Plan Width": 44, "Inner Unique": false, "Hash Cond": "(part.p_partkey = partsupp.ps_partkey), (LLVM Optimized)", "Plans": [{"Node Type": "Streaming(type: BROADCAST dop: 64/64)", "Parent Relationship": "Outer", "Startup Cost": 0.0, "Total Cost": 139455.29, "Plan Rows": 18934016, "Plan Width": 44, "Plans": [{"Node Type": "Seq Scan", "Parent Relationship": "Outer", "Relation Name": "part", "Alias": "part", "Startup Cost": 0.0, "Total Cost": 64436.62, "Plan Rows": 295844, "Plan Width": 44, "Filter": "((p_brand <> 'Brand#34'::bpchar) AND ((p_type)::text !~~ 'LARGE BRUSHED%'::text) AND (p_size = ANY ('{48,19,12,4,41,7,21,39}'::integer[]))), (LLVM Optimized)"}]}, {"Node Type": "Hash", "Parent Relationship": "Inner", "Startup Cost": 67218.56, "Total Cost": 67218.56, "Plan Rows": 8000372, "Plan Width": 16, "Plans": [{"Node Type": "Seq Scan", "Parent Relationship": "Outer", "Relation Name": "partsupp", "Alias": "partsupp", "Startup Cost": 0.0, "Total Cost": 67218.56, "Plan Rows": 8000372, "Plan Width": 16}]}]}]}, {"Node Type": "Hash", "Parent Relationship": "Inner", "Startup Cost": 3533.0, "Total Cost": 3533.0, "Plan Rows": 10, "Plan Width": 8, "Plans": [{"Node Type": "Seq Scan", "Parent Relationship": "Outer", "Relation Name": "supplier", "Alias": "supplier", "Startup Cost": 0.0, "Total Cost": 3533.0, "Plan Rows": 10, "Plan Width": 8, "Filter": "((s_comment)::text ~~ '%Customer%Complaints%'::text)"}]}]}]}]}]}, "Unique SQL Id": 1437012347}, "explain_analyze_plan": {"Plan": {"Node Type": "Sort", "Startup Cost": 256366.86, "Total Cost": 256436.2, "Plan Rows": 27736, "Plan Width": 60, "Actual Min Startup Time": 4476.752, "Actual Max Startup Time": 4476.752, "Actual Min Total Time": 4479.827, "Actual Max Total Time": 4479.827, "Actual Total Rows": 27838, "Sort Key": ["(count(partsupp.ps_suppkey)) DESC", "part.p_brand", "part.p_type", "part.p_size"], "Sort Method": "quicksort", "Sort Space Min Used": 5082, "Sort Space Max Used": 5082, "Sort Space Type": "Memory", "Plans": [{"Node Type": "Aggregate", "Strategy": "Hashed", "Parent Relationship": "Outer", "Startup Cost": 254042.65, "Total Cost": 254320.01, "Plan Rows": 27736, "Plan Width": 60, "Actual Min Startup Time": 4376.627, "Actual Max Startup Time": 4376.627, "Actual Min Total Time": 4385.931, "Actual Max Total Time": 4385.931, "Actual Total Rows": 27838, "Group By Key": ["part.p_brand", "part.p_type", "part.p_size"], "Plans": [{"Node Type": "Aggregate", "Strategy": "Hashed", "Parent Relationship": "Outer", "Startup Cost": 253487.93, "Total Cost": 253765.29, "Plan Rows": 27736, "Plan Width": 52, "Actual Min Startup Time": 2854.718, "Actual Max Startup Time": 2854.718, "Actual Min Total Time": 3396.575, "Actual Max Total Time": 3396.575, "Actual Total Rows": 1188428, "Group By Key": ["part.p_brand", "part.p_type", "part.p_size", "partsupp.ps_suppkey"], "Plans": [{"Node Type": "Hash Join", "Parent Relationship": "Outer", "Join Type": "Anti", "Startup Cost": 72314.26, "Total Cost": 242805.29, "Plan Rows": 854611, "Plan Width": 44, "Actual Min Startup Time": 308.113, "Actual Max Startup Time": 308.113, "Actual Min Total Time": 1683.887, "Actual Max Total Time": 1683.887, "Actual Total Rows": 1188666, "Inner Unique": false, "Hash Cond": "(partsupp.ps_suppkey = supplier.s_suppkey), (LLVM Optimized, Jit Execute)", "Plans": [{"Node Type": "Streaming(type: LOCAL GATHER dop: 1/64)", "Parent Relationship": "Outer", "Startup Cost": 68781.13, "Total Cost": 228589.41, "Plan Rows": 854625, "Plan Width": 44, "Actual Min Startup Time": 256.615, "Actual Max Startup Time": 256.615, "Actual Min Total Time": 1260.176, "Actual Max Total Time": 1260.176, "Actual Total Rows": 1189344, "Plans": [{"Node Type": "Hash Join", "Parent Relationship": "Outer", "Join Type": "Inner", "Startup Cost": 68781.13, "Total Cost": 210958.59, "Plan Rows": 854625, "Plan Width": 44, "Actual Min Startup Time": 76.809, "Actual Max Startup Time": 276.302, "Actual Min Total Time": 1373.144, "Actual Max Total Time": 1744.056, "Actual Total Rows": 1189344, "Inner Unique": false, "Hash Cond": "(part.p_partkey = partsupp.ps_partkey), (LLVM Optimized, Jit Execute)", "Plans": [{"Node Type": "Streaming(type: BROADCAST dop: 64/64)", "Parent Relationship": "Outer", "Startup Cost": 0.0, "Total Cost": 139455.29, "Plan Rows": 18934016, "Plan Width": 44, "Actual Min Startup Time": 0.115, "Actual Max Startup Time": 1.262, "Actual Min Total Time": 1174.396, "Actual Max Total Time": 1471.854, "Actual Total Rows": 19029504, "Plans": [{"Node Type": "Seq Scan", "Parent Relationship": "Outer", "Relation Name": "part", "Alias": "part", "Startup Cost": 0.0, "Total Cost": 64436.62, "Plan Rows": 295844, "Plan Width": 44, "Actual Min Startup Time": 0.032, "Actual Max Startup Time": 0.08, "Actual Min Total Time": 19.658, "Actual Max Total Time": 32.694, "Actual Total Rows": 297336, "Filter": "((p_brand <> 'Brand#34'::bpchar) AND ((p_type)::text !~~ 'LARGE BRUSHED%'::text) AND (p_size = ANY ('{48,19,12,4,41,7,21,39}'::integer[]))), (LLVM Optimized, Jit Execute)", "Rows Removed by Filter": 1702664}]}, {"Node Type": "Hash", "Parent Relationship": "Inner", "Startup Cost": 67218.56, "Total Cost": 67218.56, "Plan Rows": 8000372, "Plan Width": 16, "Actual Min Startup Time": 75.766, "Actual Max Startup Time": 151.429, "Actual Min Total Time": 75.766, "Actual Max Total Time": 151.429, "Actual Total Rows": 8000000, "Max Hash Buckets": 131072, "Min Hash Buckets": 131072, "Max Hash Batches": 1, "Min Hash Batches": 1, "Max Original Hash Batches": 1, "Min Original Hash Batches": 1, "Max Peak Memory Usage": 5921, "min Peak Memory Usage": 5921, "Plans": [{"Node Type": "Seq Scan", "Parent Relationship": "Outer", "Relation Name": "partsupp", "Alias": "partsupp", "Startup Cost": 0.0, "Total Cost": 67218.56, "Plan Rows": 8000372, "Plan Width": 16, "Actual Min Startup Time": 0.017, "Actual Max Startup Time": 0.034, "Actual Min Total Time": 43.375, "Actual Max Total Time": 54.1, "Actual Total Rows": 8000000}]}]}]}, {"Node Type": "Hash", "Parent Relationship": "Inner", "Startup Cost": 3533.0, "Total Cost": 3533.0, "Plan Rows": 10, "Plan Width": 8, "Actual Min Startup Time": 51.443, "Actual Max Startup Time": 51.443, "Actual Min Total Time": 51.443, "Actual Max Total Time": 51.443, "Actual Total Rows": 56, "Max Hash Buckets": 32768, "Min Hash Buckets": 32768, "Max Hash Batches": 1, "Min Hash Batches": 1, "Max Original Hash Batches": 1, "Min Original Hash Batches": 1, "Max Peak Memory Usage": 3, "min Peak Memory Usage": 3, "Plans": [{"Node Type": "Seq Scan", "Parent Relationship": "Outer", "Relation Name": "supplier", "Alias": "supplier", "Startup Cost": 0.0, "Total Cost": 3533.0, "Plan Rows": 10, "Plan Width": 8, "Actual Min Startup Time": 0.255, "Actual Max Startup Time": 0.255, "Actual Min Total Time": 51.388, "Actual Max Total Time": 51.388, "Actual Total Rows": 56, "Filter": "((s_comment)::text ~~ '%Customer%Complaints%'::text)", "Rows Removed by Filter": 99944}]}]}]}]}]}, "Triggers": [], "Planner Runtime": 1.817, "Total Runtime": 4517.384, "Unique SQL Id": 1437012347}}, "(64, 7)": {"explain_plan": {"Plan": {"Node Type": "Sort", "Startup Cost": 636427.53, "Total Cost": 636496.87, "Plan Rows": 27736, "Plan Width": 60, "Sort Key": ["(count(partsupp.ps_suppkey)) DESC", "part.p_brand", "part.p_type", "part.p_size"], "Plans": [{"Node Type": "Aggregate", "Strategy": "Hashed", "Parent Relationship": "Outer", "Startup Cost": 634103.33, "Total Cost": 634380.69, "Plan Rows": 27736, "Plan Width": 60, "Group By Key": ["part.p_brand", "part.p_type", "part.p_size"], "Plans": [{"Node Type": "Aggregate", "Strategy": "Hashed", "Parent Relationship": "Outer", "Startup Cost": 633548.61, "Total Cost": 633825.97, "Plan Rows": 27736, "Plan Width": 52, "Group By Key": ["part.p_brand", "part.p_type", "part.p_size", "partsupp.ps_suppkey"], "Plans": [{"Node Type": "Hash Join", "Parent Relationship": "Outer", "Join Type": "Anti", "Startup Cost": 303647.84, "Total Cost": 622865.97, "Plan Rows": 854611, "Plan Width": 44, "Inner Unique": false, "Hash Cond": "(partsupp.ps_suppkey = supplier.s_suppkey), (LLVM Optimized)", "Plans": [{"Node Type": "Hash Join", "Parent Relationship": "Outer", "Join Type": "Inner", "Startup Cost": 298066.46, "Total Cost": 606601.83, "Plan Rows": 854625, "Plan Width": 44, "Inner Unique": true, "Hash Cond": "(partsupp.ps_partkey = part.p_partkey), (LLVM Optimized)", "Plans": [{"Node Type": "Bitmap Heap Scan", "Parent Relationship": "Outer", "Relation Name": "partsupp", "Alias": "partsupp", "Startup Cost": 163494.2, "Total Cost": 433481.92, "Plan Rows": 8000372, "Plan Width": 16, "Plans": [{"Node Type": "Bitmap Index Scan", "Parent Relationship": "Outer", "Index Name": "idx_partsupp_partkey", "Startup Cost": 0.0, "Total Cost": 161494.11, "Plan Rows": 8000372, "Plan Width": 0}]}, {"Node Type": "Hash", "Parent Relationship": "Inner", "Startup Cost": 130874.21, "Total Cost": 130874.21, "Plan Rows": 295844, "Plan Width": 44, "Plans": [{"Node Type": "Bitmap Heap Scan", "Parent Relationship": "Outer", "Relation Name": "part", "Alias": "part", "Startup Cost": 38930.21, "Total Cost": 130874.21, "Plan Rows": 295844, "Plan Width": 44, "Filter": "((p_brand <> 'Brand#34'::bpchar) AND ((p_type)::text !~~ 'LARGE BRUSHED%'::text) AND (p_size = ANY ('{48,19,12,4,41,7,21,39}'::integer[]))), (LLVM Optimized)", "Plans": [{"Node Type": "Bitmap Index Scan", "Parent Relationship": "Outer", "Index Name": "part_kpey", "Startup Cost": 0.0, "Total Cost": 38856.25, "Plan Rows": 2000000, "Plan Width": 0}]}]}]}, {"Node Type": "Hash", "Parent Relationship": "Inner", "Startup Cost": 5581.25, "Total Cost": 5581.25, "Plan Rows": 10, "Plan Width": 8, "Plans": [{"Node Type": "Bitmap Heap Scan", "Parent Relationship": "Outer", "Relation Name": "supplier", "Alias": "supplier", "Startup Cost": 2048.25, "Total Cost": 5581.25, "Plan Rows": 10, "Plan Width": 8, "Filter": "((s_comment)::text ~~ '%Customer%Complaints%'::text)", "Plans": [{"Node Type": "Bitmap Index Scan", "Parent Relationship": "Outer", "Index Name": "supplier_pkey", "Startup Cost": 0.0, "Total Cost": 2048.25, "Plan Rows": 100000, "Plan Width": 0}]}]}]}]}]}]}, "Unique SQL Id": 1437012347}, "explain_analyze_plan": null}, "(64, 8)": {"explain_plan": {"Plan": {"Node Type": "Sort", "Startup Cost": 256366.86, "Total Cost": 256436.2, "Plan Rows": 27736, "Plan Width": 60, "Sort Key": ["(count(partsupp.ps_suppkey)) DESC", "part.p_brand", "part.p_type", "part.p_size"], "Plans": [{"Node Type": "Aggregate", "Strategy": "Hashed", "Parent Relationship": "Outer", "Startup Cost": 254042.65, "Total Cost": 254320.01, "Plan Rows": 27736, "Plan Width": 60, "Group By Key": ["part.p_brand", "part.p_type", "part.p_size"], "Plans": [{"Node Type": "Aggregate", "Strategy": "Hashed", "Parent Relationship": "Outer", "Startup Cost": 253487.93, "Total Cost": 253765.29, "Plan Rows": 27736, "Plan Width": 52, "Group By Key": ["part.p_brand", "part.p_type", "part.p_size", "partsupp.ps_suppkey"], "Plans": [{"Node Type": "Hash Join", "Parent Relationship": "Outer", "Join Type": "Anti", "Startup Cost": 72314.26, "Total Cost": 242805.29, "Plan Rows": 854611, "Plan Width": 44, "Inner Unique": false, "Hash Cond": "(partsupp.ps_suppkey = supplier.s_suppkey), (LLVM Optimized)", "Plans": [{"Node Type": "Streaming(type: LOCAL GATHER dop: 1/64)", "Parent Relationship": "Outer", "Startup Cost": 68781.13, "Total Cost": 228589.41, "Plan Rows": 854625, "Plan Width": 44, "Plans": [{"Node Type": "Hash Join", "Parent Relationship": "Outer", "Join Type": "Inner", "Startup Cost": 68781.13, "Total Cost": 210958.59, "Plan Rows": 854625, "Plan Width": 44, "Inner Unique": false, "Hash Cond": "(part.p_partkey = partsupp.ps_partkey), (LLVM Optimized)", "Plans": [{"Node Type": "Streaming(type: BROADCAST dop: 64/64)", "Parent Relationship": "Outer", "Startup Cost": 0.0, "Total Cost": 139455.29, "Plan Rows": 18934016, "Plan Width": 44, "Plans": [{"Node Type": "Seq Scan", "Parent Relationship": "Outer", "Relation Name": "part", "Alias": "part", "Startup Cost": 0.0, "Total Cost": 64436.62, "Plan Rows": 295844, "Plan Width": 44, "Filter": "((p_brand <> 'Brand#34'::bpchar) AND ((p_type)::text !~~ 'LARGE BRUSHED%'::text) AND (p_size = ANY ('{48,19,12,4,41,7,21,39}'::integer[]))), (LLVM Optimized)"}]}, {"Node Type": "Hash", "Parent Relationship": "Inner", "Startup Cost": 67218.56, "Total Cost": 67218.56, "Plan Rows": 8000372, "Plan Width": 16, "Plans": [{"Node Type": "Seq Scan", "Parent Relationship": "Outer", "Relation Name": "partsupp", "Alias": "partsupp", "Startup Cost": 0.0, "Total Cost": 67218.56, "Plan Rows": 8000372, "Plan Width": 16}]}]}]}, {"Node Type": "Hash", "Parent Relationship": "Inner", "Startup Cost": 3533.0, "Total Cost": 3533.0, "Plan Rows": 10, "Plan Width": 8, "Plans": [{"Node Type": "Seq Scan", "Parent Relationship": "Outer", "Relation Name": "supplier", "Alias": "supplier", "Startup Cost": 0.0, "Total Cost": 3533.0, "Plan Rows": 10, "Plan Width": 8, "Filter": "((s_comment)::text ~~ '%Customer%Complaints%'::text)"}]}]}]}]}]}, "Unique SQL Id": 1437012347}, "explain_analyze_plan": {"Plan": {"Node Type": "Sort", "Startup Cost": 256366.86, "Total Cost": 256436.2, "Plan Rows": 27736, "Plan Width": 60, "Actual Min Startup Time": 4476.752, "Actual Max Startup Time": 4476.752, "Actual Min Total Time": 4479.827, "Actual Max Total Time": 4479.827, "Actual Total Rows": 27838, "Sort Key": ["(count(partsupp.ps_suppkey)) DESC", "part.p_brand", "part.p_type", "part.p_size"], "Sort Method": "quicksort", "Sort Space Min Used": 5082, "Sort Space Max Used": 5082, "Sort Space Type": "Memory", "Plans": [{"Node Type": "Aggregate", "Strategy": "Hashed", "Parent Relationship": "Outer", "Startup Cost": 254042.65, "Total Cost": 254320.01, "Plan Rows": 27736, "Plan Width": 60, "Actual Min Startup Time": 4376.627, "Actual Max Startup Time": 4376.627, "Actual Min Total Time": 4385.931, "Actual Max Total Time": 4385.931, "Actual Total Rows": 27838, "Group By Key": ["part.p_brand", "part.p_type", "part.p_size"], "Plans": [{"Node Type": "Aggregate", "Strategy": "Hashed", "Parent Relationship": "Outer", "Startup Cost": 253487.93, "Total Cost": 253765.29, "Plan Rows": 27736, "Plan Width": 52, "Actual Min Startup Time": 2854.718, "Actual Max Startup Time": 2854.718, "Actual Min Total Time": 3396.575, "Actual Max Total Time": 3396.575, "Actual Total Rows": 1188428, "Group By Key": ["part.p_brand", "part.p_type", "part.p_size", "partsupp.ps_suppkey"], "Plans": [{"Node Type": "Hash Join", "Parent Relationship": "Outer", "Join Type": "Anti", "Startup Cost": 72314.26, "Total Cost": 242805.29, "Plan Rows": 854611, "Plan Width": 44, "Actual Min Startup Time": 308.113, "Actual Max Startup Time": 308.113, "Actual Min Total Time": 1683.887, "Actual Max Total Time": 1683.887, "Actual Total Rows": 1188666, "Inner Unique": false, "Hash Cond": "(partsupp.ps_suppkey = supplier.s_suppkey), (LLVM Optimized, Jit Execute)", "Plans": [{"Node Type": "Streaming(type: LOCAL GATHER dop: 1/64)", "Parent Relationship": "Outer", "Startup Cost": 68781.13, "Total Cost": 228589.41, "Plan Rows": 854625, "Plan Width": 44, "Actual Min Startup Time": 256.615, "Actual Max Startup Time": 256.615, "Actual Min Total Time": 1260.176, "Actual Max Total Time": 1260.176, "Actual Total Rows": 1189344, "Plans": [{"Node Type": "Hash Join", "Parent Relationship": "Outer", "Join Type": "Inner", "Startup Cost": 68781.13, "Total Cost": 210958.59, "Plan Rows": 854625, "Plan Width": 44, "Actual Min Startup Time": 76.809, "Actual Max Startup Time": 276.302, "Actual Min Total Time": 1373.144, "Actual Max Total Time": 1744.056, "Actual Total Rows": 1189344, "Inner Unique": false, "Hash Cond": "(part.p_partkey = partsupp.ps_partkey), (LLVM Optimized, Jit Execute)", "Plans": [{"Node Type": "Streaming(type: BROADCAST dop: 64/64)", "Parent Relationship": "Outer", "Startup Cost": 0.0, "Total Cost": 139455.29, "Plan Rows": 18934016, "Plan Width": 44, "Actual Min Startup Time": 0.115, "Actual Max Startup Time": 1.262, "Actual Min Total Time": 1174.396, "Actual Max Total Time": 1471.854, "Actual Total Rows": 19029504, "Plans": [{"Node Type": "Seq Scan", "Parent Relationship": "Outer", "Relation Name": "part", "Alias": "part", "Startup Cost": 0.0, "Total Cost": 64436.62, "Plan Rows": 295844, "Plan Width": 44, "Actual Min Startup Time": 0.032, "Actual Max Startup Time": 0.08, "Actual Min Total Time": 19.658, "Actual Max Total Time": 32.694, "Actual Total Rows": 297336, "Filter": "((p_brand <> 'Brand#34'::bpchar) AND ((p_type)::text !~~ 'LARGE BRUSHED%'::text) AND (p_size = ANY ('{48,19,12,4,41,7,21,39}'::integer[]))), (LLVM Optimized, Jit Execute)", "Rows Removed by Filter": 1702664}]}, {"Node Type": "Hash", "Parent Relationship": "Inner", "Startup Cost": 67218.56, "Total Cost": 67218.56, "Plan Rows": 8000372, "Plan Width": 16, "Actual Min Startup Time": 75.766, "Actual Max Startup Time": 151.429, "Actual Min Total Time": 75.766, "Actual Max Total Time": 151.429, "Actual Total Rows": 8000000, "Max Hash Buckets": 131072, "Min Hash Buckets": 131072, "Max Hash Batches": 1, "Min Hash Batches": 1, "Max Original Hash Batches": 1, "Min Original Hash Batches": 1, "Max Peak Memory Usage": 5921, "min Peak Memory Usage": 5921, "Plans": [{"Node Type": "Seq Scan", "Parent Relationship": "Outer", "Relation Name": "partsupp", "Alias": "partsupp", "Startup Cost": 0.0, "Total Cost": 67218.56, "Plan Rows": 8000372, "Plan Width": 16, "Actual Min Startup Time": 0.017, "Actual Max Startup Time": 0.034, "Actual Min Total Time": 43.375, "Actual Max Total Time": 54.1, "Actual Total Rows": 8000000}]}]}]}, {"Node Type": "Hash", "Parent Relationship": "Inner", "Startup Cost": 3533.0, "Total Cost": 3533.0, "Plan Rows": 10, "Plan Width": 8, "Actual Min Startup Time": 51.443, "Actual Max Startup Time": 51.443, "Actual Min Total Time": 51.443, "Actual Max Total Time": 51.443, "Actual Total Rows": 56, "Max Hash Buckets": 32768, "Min Hash Buckets": 32768, "Max Hash Batches": 1, "Min Hash Batches": 1, "Max Original Hash Batches": 1, "Min Original Hash Batches": 1, "Max Peak Memory Usage": 3, "min Peak Memory Usage": 3, "Plans": [{"Node Type": "Seq Scan", "Parent Relationship": "Outer", "Relation Name": "supplier", "Alias": "supplier", "Startup Cost": 0.0, "Total Cost": 3533.0, "Plan Rows": 10, "Plan Width": 8, "Actual Min Startup Time": 0.255, "Actual Max Startup Time": 0.255, "Actual Min Total Time": 51.388, "Actual Max Total Time": 51.388, "Actual Total Rows": 56, "Filter": "((s_comment)::text ~~ '%Customer%Complaints%'::text)", "Rows Removed by Filter": 99944}]}]}]}]}]}, "Triggers": [], "Planner Runtime": 1.817, "Total Runtime": 4517.384, "Unique SQL Id": 1437012347}}, "(64, 9)": {"explain_plan": {"Plan": {"Node Type": "Sort", "Startup Cost": 418288.46, "Total Cost": 418357.8, "Plan Rows": 27736, "Plan Width": 60, "Sort Key": ["(count(partsupp.ps_suppkey)) DESC", "part.p_brand", "part.p_type", "part.p_size"], "Plans": [{"Node Type": "Aggregate", "Strategy": "Hashed", "Parent Relationship": "Outer", "Startup Cost": 415964.25, "Total Cost": 416241.61, "Plan Rows": 27736, "Plan Width": 60, "Group By Key": ["part.p_brand", "part.p_type", "part.p_size"], "Plans": [{"Node Type": "Aggregate", "Strategy": "Hashed", "Parent Relationship": "Outer", "Startup Cost": 415409.53, "Total Cost": 415686.89, "Plan Rows": 27736, "Plan Width": 52, "Group By Key": ["part.p_brand", "part.p_type", "part.p_size", "partsupp.ps_suppkey"], "Plans": [{"Node Type": "Hash Join", "Parent Relationship": "Outer", "Join Type": "Anti", "Startup Cost": 5584.67, "Total Cost": 404726.89, "Plan Rows": 854611, "Plan Width": 44, "Inner Unique": false, "Hash Cond": "(partsupp.ps_suppkey = supplier.s_suppkey), (LLVM Optimized)", "Plans": [{"Node Type": "Nested Loop", "Parent Relationship": "Outer", "Join Type": "Inner", "Startup Cost": 0.0, "Total Cost": 388454.21, "Plan Rows": 854625, "Plan Width": 44, "Inner Unique": false, "Plans": [{"Node Type": "Index Scan", "Parent Relationship": "Outer", "Scan Direction": "Forward", "Index Name": "part_kpey", "Relation Name": "part", "Alias": "part", "Startup Cost": 0.0, "Total Cost": 130803.25, "Plan Rows": 295844, "Plan Width": 44, "Filter": "((p_brand <> 'Brand#34'::bpchar) AND ((p_type)::text !~~ 'LARGE BRUSHED%'::text) AND (p_size = ANY ('{48,19,12,4,41,7,21,39}'::integer[]))), (LLVM Optimized)"}, {"Node Type": "Index Only Scan", "Parent Relationship": "Inner", "Scan Direction": "Forward", "Index Name": "partsupp_pkey", "Relation Name": "partsupp", "Alias": "partsupp", "Startup Cost": 0.0, "Total Cost": 0.84, "Plan Rows": 3, "Plan Width": 16, "Index Cond": "(ps_partkey = part.p_partkey)"}]}, {"Node Type": "Hash", "Parent Relationship": "Inner", "Startup Cost": 5584.54, "Total Cost": 5584.54, "Plan Rows": 10, "Plan Width": 8, "Plans": [{"Node Type": "Index Scan", "Parent Relationship": "Outer", "Scan Direction": "Forward", "Index Name": "supplier_pkey", "Relation Name": "supplier", "Alias": "supplier", "Startup Cost": 0.0, "Total Cost": 5584.54, "Plan Rows": 10, "Plan Width": 8, "Filter": "((s_comment)::text ~~ '%Customer%Complaints%'::text)"}]}]}]}]}]}, "Unique SQL Id": 1437012347}, "explain_analyze_plan": {"Plan": {"Node Type": "Sort", "Startup Cost": 418288.46, "Total Cost": 418357.8, "Plan Rows": 27736, "Plan Width": 60, "Actual Startup Time": 6946.55, "Actual Total Time": 6950.158, "Actual Rows": 27838, "Actual Loops": 1, "Sort Key": ["(count(partsupp.ps_suppkey)) DESC", "part.p_brand", "part.p_type", "part.p_size"], "Sort Method": "quicksort", "Sort Space Used": 5082, "Sort Space Type": "Memory", "Plans": [{"Node Type": "Aggregate", "Strategy": "Hashed", "Parent Relationship": "Outer", "Startup Cost": 415964.25, "Total Cost": 416241.61, "Plan Rows": 27736, "Plan Width": 60, "Actual Startup Time": 6844.512, "Actual Total Time": 6854.496, "Actual Rows": 27838, "Actual Loops": 1, "Group By Key": ["part.p_brand", "part.p_type", "part.p_size"], "Plans": [{"Node Type": "Aggregate", "Strategy": "Hashed", "Parent Relationship": "Outer", "Startup Cost": 415409.53, "Total Cost": 415686.89, "Plan Rows": 27736, "Plan Width": 52, "Actual Startup Time": 5232.276, "Actual Total Time": 5899.683, "Actual Rows": 1188428, "Actual Loops": 1, "Group By Key": ["part.p_brand", "part.p_type", "part.p_size", "partsupp.ps_suppkey"], "Plans": [{"Node Type": "Hash Join", "Parent Relationship": "Outer", "Join Type": "Anti", "Startup Cost": 5584.67, "Total Cost": 404726.89, "Plan Rows": 854611, "Plan Width": 44, "Actual Startup Time": 74.0, "Actual Total Time": 4190.013, "Actual Rows": 1188666, "Actual Loops": 1, "Inner Unique": false, "Hash Cond": "(partsupp.ps_suppkey = supplier.s_suppkey), (LLVM Optimized, Jit Execute)", "Plans": [{"Node Type": "Nested Loop", "Parent Relationship": "Outer", "Join Type": "Inner", "Startup Cost": 0.0, "Total Cost": 388454.21, "Plan Rows": 854625, "Plan Width": 44, "Actual Startup Time": 0.164, "Actual Total Time": 3764.233, "Actual Rows": 1189344, "Actual Loops": 1, "Inner Unique": false, "Plans": [{"Node Type": "Index Scan", "Parent Relationship": "Outer", "Scan Direction": "Forward", "Index Name": "part_kpey", "Relation Name": "part", "Alias": "part", "Startup Cost": 0.0, "Total Cost": 130803.25, "Plan Rows": 295844, "Plan Width": 44, "Actual Startup Time": 0.046, "Actual Total Time": 1826.412, "Actual Rows": 297336, "Actual Loops": 1, "Filter": "((p_brand <> 'Brand#34'::bpchar) AND ((p_type)::text !~~ 'LARGE BRUSHED%'::text) AND (p_size = ANY ('{48,19,12,4,41,7,21,39}'::integer[]))), (LLVM Optimized, Jit Execute)", "Rows Removed by Filter": 1702664}, {"Node Type": "Index Only Scan", "Parent Relationship": "Inner", "Scan Direction": "Forward", "Index Name": "partsupp_pkey", "Relation Name": "partsupp", "Alias": "partsupp", "Startup Cost": 0.0, "Total Cost": 0.84, "Plan Rows": 3, "Plan Width": 16, "Actual Startup Time": 1205.266, "Actual Total Time": 1499.547, "Actual Rows": 1189344, "Actual Loops": 297336, "Index Cond": "(ps_partkey = part.p_partkey)", "Rows Removed by Index Recheck": 0, "Heap Fetches": 0}]}, {"Node Type": "Hash", "Parent Relationship": "Inner", "Startup Cost": 5584.54, "Total Cost": 5584.54, "Plan Rows": 10, "Plan Width": 8, "Actual Startup Time": 73.793, "Actual Total Time": 73.793, "Actual Rows": 56, "Actual Loops": 1, "Hash Buckets": 32768, "Hash Batches": 1, "Original Hash Batches": 1, "Peak Memory Usage": 3, "Plans": [{"Node Type": "Index Scan", "Parent Relationship": "Outer", "Scan Direction": "Forward", "Index Name": "supplier_pkey", "Relation Name": "supplier", "Alias": "supplier", "Startup Cost": 0.0, "Total Cost": 5584.54, "Plan Rows": 10, "Plan Width": 8, "Actual Startup Time": 0.287, "Actual Total Time": 73.734, "Actual Rows": 56, "Actual Loops": 1, "Filter": "((s_comment)::text ~~ '%Customer%Complaints%'::text)", "Rows Removed by Filter": 99944}]}]}]}]}]}, "Triggers": [], "Planner Runtime": 1.433, "Total Runtime": 6961.58, "Unique SQL Id": 1437012347}}, "(64, 10)": {"explain_plan": {"Plan": {"Node Type": "Sort", "Startup Cost": 256366.86, "Total Cost": 256436.2, "Plan Rows": 27736, "Plan Width": 60, "Sort Key": ["(count(partsupp.ps_suppkey)) DESC", "part.p_brand", "part.p_type", "part.p_size"], "Plans": [{"Node Type": "Aggregate", "Strategy": "Hashed", "Parent Relationship": "Outer", "Startup Cost": 254042.65, "Total Cost": 254320.01, "Plan Rows": 27736, "Plan Width": 60, "Group By Key": ["part.p_brand", "part.p_type", "part.p_size"], "Plans": [{"Node Type": "Aggregate", "Strategy": "Hashed", "Parent Relationship": "Outer", "Startup Cost": 253487.93, "Total Cost": 253765.29, "Plan Rows": 27736, "Plan Width": 52, "Group By Key": ["part.p_brand", "part.p_type", "part.p_size", "partsupp.ps_suppkey"], "Plans": [{"Node Type": "Hash Join", "Parent Relationship": "Outer", "Join Type": "Anti", "Startup Cost": 72314.26, "Total Cost": 242805.29, "Plan Rows": 854611, "Plan Width": 44, "Inner Unique": false, "Hash Cond": "(partsupp.ps_suppkey = supplier.s_suppkey), (LLVM Optimized)", "Plans": [{"Node Type": "Streaming(type: LOCAL GATHER dop: 1/64)", "Parent Relationship": "Outer", "Startup Cost": 68781.13, "Total Cost": 228589.41, "Plan Rows": 854625, "Plan Width": 44, "Plans": [{"Node Type": "Hash Join", "Parent Relationship": "Outer", "Join Type": "Inner", "Startup Cost": 68781.13, "Total Cost": 210958.59, "Plan Rows": 854625, "Plan Width": 44, "Inner Unique": false, "Hash Cond": "(part.p_partkey = partsupp.ps_partkey), (LLVM Optimized)", "Plans": [{"Node Type": "Streaming(type: BROADCAST dop: 64/64)", "Parent Relationship": "Outer", "Startup Cost": 0.0, "Total Cost": 139455.29, "Plan Rows": 18934016, "Plan Width": 44, "Plans": [{"Node Type": "Seq Scan", "Parent Relationship": "Outer", "Relation Name": "part", "Alias": "part", "Startup Cost": 0.0, "Total Cost": 64436.62, "Plan Rows": 295844, "Plan Width": 44, "Filter": "((p_brand <> 'Brand#34'::bpchar) AND ((p_type)::text !~~ 'LARGE BRUSHED%'::text) AND (p_size = ANY ('{48,19,12,4,41,7,21,39}'::integer[]))), (LLVM Optimized)"}]}, {"Node Type": "Hash", "Parent Relationship": "Inner", "Startup Cost": 67218.56, "Total Cost": 67218.56, "Plan Rows": 8000372, "Plan Width": 16, "Plans": [{"Node Type": "Seq Scan", "Parent Relationship": "Outer", "Relation Name": "partsupp", "Alias": "partsupp", "Startup Cost": 0.0, "Total Cost": 67218.56, "Plan Rows": 8000372, "Plan Width": 16}]}]}]}, {"Node Type": "Hash", "Parent Relationship": "Inner", "Startup Cost": 3533.0, "Total Cost": 3533.0, "Plan Rows": 10, "Plan Width": 8, "Plans": [{"Node Type": "Seq Scan", "Parent Relationship": "Outer", "Relation Name": "supplier", "Alias": "supplier", "Startup Cost": 0.0, "Total Cost": 3533.0, "Plan Rows": 10, "Plan Width": 8, "Filter": "((s_comment)::text ~~ '%Customer%Complaints%'::text)"}]}]}]}]}]}, "Unique SQL Id": 1437012347}, "explain_analyze_plan": {"Plan": {"Node Type": "Sort", "Startup Cost": 256366.86, "Total Cost": 256436.2, "Plan Rows": 27736, "Plan Width": 60, "Actual Min Startup Time": 4476.752, "Actual Max Startup Time": 4476.752, "Actual Min Total Time": 4479.827, "Actual Max Total Time": 4479.827, "Actual Total Rows": 27838, "Sort Key": ["(count(partsupp.ps_suppkey)) DESC", "part.p_brand", "part.p_type", "part.p_size"], "Sort Method": "quicksort", "Sort Space Min Used": 5082, "Sort Space Max Used": 5082, "Sort Space Type": "Memory", "Plans": [{"Node Type": "Aggregate", "Strategy": "Hashed", "Parent Relationship": "Outer", "Startup Cost": 254042.65, "Total Cost": 254320.01, "Plan Rows": 27736, "Plan Width": 60, "Actual Min Startup Time": 4376.627, "Actual Max Startup Time": 4376.627, "Actual Min Total Time": 4385.931, "Actual Max Total Time": 4385.931, "Actual Total Rows": 27838, "Group By Key": ["part.p_brand", "part.p_type", "part.p_size"], "Plans": [{"Node Type": "Aggregate", "Strategy": "Hashed", "Parent Relationship": "Outer", "Startup Cost": 253487.93, "Total Cost": 253765.29, "Plan Rows": 27736, "Plan Width": 52, "Actual Min Startup Time": 2854.718, "Actual Max Startup Time": 2854.718, "Actual Min Total Time": 3396.575, "Actual Max Total Time": 3396.575, "Actual Total Rows": 1188428, "Group By Key": ["part.p_brand", "part.p_type", "part.p_size", "partsupp.ps_suppkey"], "Plans": [{"Node Type": "Hash Join", "Parent Relationship": "Outer", "Join Type": "Anti", "Startup Cost": 72314.26, "Total Cost": 242805.29, "Plan Rows": 854611, "Plan Width": 44, "Actual Min Startup Time": 308.113, "Actual Max Startup Time": 308.113, "Actual Min Total Time": 1683.887, "Actual Max Total Time": 1683.887, "Actual Total Rows": 1188666, "Inner Unique": false, "Hash Cond": "(partsupp.ps_suppkey = supplier.s_suppkey), (LLVM Optimized, Jit Execute)", "Plans": [{"Node Type": "Streaming(type: LOCAL GATHER dop: 1/64)", "Parent Relationship": "Outer", "Startup Cost": 68781.13, "Total Cost": 228589.41, "Plan Rows": 854625, "Plan Width": 44, "Actual Min Startup Time": 256.615, "Actual Max Startup Time": 256.615, "Actual Min Total Time": 1260.176, "Actual Max Total Time": 1260.176, "Actual Total Rows": 1189344, "Plans": [{"Node Type": "Hash Join", "Parent Relationship": "Outer", "Join Type": "Inner", "Startup Cost": 68781.13, "Total Cost": 210958.59, "Plan Rows": 854625, "Plan Width": 44, "Actual Min Startup Time": 76.809, "Actual Max Startup Time": 276.302, "Actual Min Total Time": 1373.144, "Actual Max Total Time": 1744.056, "Actual Total Rows": 1189344, "Inner Unique": false, "Hash Cond": "(part.p_partkey = partsupp.ps_partkey), (LLVM Optimized, Jit Execute)", "Plans": [{"Node Type": "Streaming(type: BROADCAST dop: 64/64)", "Parent Relationship": "Outer", "Startup Cost": 0.0, "Total Cost": 139455.29, "Plan Rows": 18934016, "Plan Width": 44, "Actual Min Startup Time": 0.115, "Actual Max Startup Time": 1.262, "Actual Min Total Time": 1174.396, "Actual Max Total Time": 1471.854, "Actual Total Rows": 19029504, "Plans": [{"Node Type": "Seq Scan", "Parent Relationship": "Outer", "Relation Name": "part", "Alias": "part", "Startup Cost": 0.0, "Total Cost": 64436.62, "Plan Rows": 295844, "Plan Width": 44, "Actual Min Startup Time": 0.032, "Actual Max Startup Time": 0.08, "Actual Min Total Time": 19.658, "Actual Max Total Time": 32.694, "Actual Total Rows": 297336, "Filter": "((p_brand <> 'Brand#34'::bpchar) AND ((p_type)::text !~~ 'LARGE BRUSHED%'::text) AND (p_size = ANY ('{48,19,12,4,41,7,21,39}'::integer[]))), (LLVM Optimized, Jit Execute)", "Rows Removed by Filter": 1702664}]}, {"Node Type": "Hash", "Parent Relationship": "Inner", "Startup Cost": 67218.56, "Total Cost": 67218.56, "Plan Rows": 8000372, "Plan Width": 16, "Actual Min Startup Time": 75.766, "Actual Max Startup Time": 151.429, "Actual Min Total Time": 75.766, "Actual Max Total Time": 151.429, "Actual Total Rows": 8000000, "Max Hash Buckets": 131072, "Min Hash Buckets": 131072, "Max Hash Batches": 1, "Min Hash Batches": 1, "Max Original Hash Batches": 1, "Min Original Hash Batches": 1, "Max Peak Memory Usage": 5921, "min Peak Memory Usage": 5921, "Plans": [{"Node Type": "Seq Scan", "Parent Relationship": "Outer", "Relation Name": "partsupp", "Alias": "partsupp", "Startup Cost": 0.0, "Total Cost": 67218.56, "Plan Rows": 8000372, "Plan Width": 16, "Actual Min Startup Time": 0.017, "Actual Max Startup Time": 0.034, "Actual Min Total Time": 43.375, "Actual Max Total Time": 54.1, "Actual Total Rows": 8000000}]}]}]}, {"Node Type": "Hash", "Parent Relationship": "Inner", "Startup Cost": 3533.0, "Total Cost": 3533.0, "Plan Rows": 10, "Plan Width": 8, "Actual Min Startup Time": 51.443, "Actual Max Startup Time": 51.443, "Actual Min Total Time": 51.443, "Actual Max Total Time": 51.443, "Actual Total Rows": 56, "Max Hash Buckets": 32768, "Min Hash Buckets": 32768, "Max Hash Batches": 1, "Min Hash Batches": 1, "Max Original Hash Batches": 1, "Min Original Hash Batches": 1, "Max Peak Memory Usage": 3, "min Peak Memory Usage": 3, "Plans": [{"Node Type": "Seq Scan", "Parent Relationship": "Outer", "Relation Name": "supplier", "Alias": "supplier", "Startup Cost": 0.0, "Total Cost": 3533.0, "Plan Rows": 10, "Plan Width": 8, "Actual Min Startup Time": 0.255, "Actual Max Startup Time": 0.255, "Actual Min Total Time": 51.388, "Actual Max Total Time": 51.388, "Actual Total Rows": 56, "Filter": "((s_comment)::text ~~ '%Customer%Complaints%'::text)", "Rows Removed by Filter": 99944}]}]}]}]}]}, "Triggers": [], "Planner Runtime": 1.817, "Total Runtime": 4517.384, "Unique SQL Id": 1437012347}}, "(64, 11)": {"explain_plan": {"Plan": {"Node Type": "Sort", "Startup Cost": 3000026914574.25, "Total Cost": 3000026914643.59, "Plan Rows": 27736, "Plan Width": 60, "Sort Key": ["(count(partsupp.ps_suppkey)) DESC", "part.p_brand", "part.p_type", "part.p_size"], "Plans": [{"Node Type": "Aggregate", "Strategy": "Hashed", "Parent Relationship": "Outer", "Startup Cost": 3000026912250.05, "Total Cost": 3000026912527.41, "Plan Rows": 27736, "Plan Width": 60, "Group By Key": ["part.p_brand", "part.p_type", "part.p_size"], "Plans": [{"Node Type": "Aggregate", "Strategy": "Hashed", "Parent Relationship": "Outer", "Startup Cost": 3000026911695.33, "Total Cost": 3000026911972.69, "Plan Rows": 27736, "Plan Width": 52, "Group By Key": ["part.p_brand", "part.p_type", "part.p_size", "partsupp.ps_suppkey"], "Plans": [{"Node Type": "Nested Loop", "Parent Relationship": "Outer", "Join Type": "Anti", "Startup Cost": 30017324679.62, "Total Cost": 3000026901012.69, "Plan Rows": 854611, "Plan Width": 44, "Inner Unique": false, "Join Filter": "(partsupp.ps_suppkey = supplier.s_suppkey), (LLVM Optimized)", "Plans": [{"Node Type": "Merge Join", "Parent Relationship": "Outer", "Join Type": "Inner", "Startup Cost": 20017324679.62, "Total Cost": 2000026214364.82, "Plan Rows": 854625, "Plan Width": 44, "Inner Unique": false, "Merge Cond": "(part.p_partkey = partsupp.ps_partkey)", "Plans": [{"Node Type": "Index Scan", "Parent Relationship": "Outer", "Scan Direction": "Forward", "Index Name": "part_kpey", "Relation Name": "part", "Alias": "part", "Startup Cost": 10000000000.0, "Total Cost": 1000013080325.0, "Plan Rows": 295844, "Plan Width": 44, "Filter": "((p_brand <> 'Brand#34'::bpchar) AND ((p_type)::text !~~ 'LARGE BRUSHED%'::text) AND (p_size = ANY ('{48,19,12,4,41,7,21,39}'::integer[]))), (LLVM Optimized)"}, {"Node Type": "Index Only Scan", "Parent Relationship": "Inner", "Scan Direction": "Forward", "Index Name": "partsupp_pkey", "Relation Name": "partsupp", "Alias": "partsupp", "Startup Cost": 10000000000.0, "Total Cost": 1000027706983.0, "Plan Rows": 8000372, "Plan Width": 16}]}, {"Node Type": "Materialize", "Parent Relationship": "Inner", "Startup Cost": 10000000000.0, "Total Cost": 1000000558454.43, "Plan Rows": 10, "Plan Width": 8, "Plans": [{"Node Type": "Index Scan", "Parent Relationship": "Outer", "Scan Direction": "Forward", "Index Name": "supplier_pkey", "Relation Name": "supplier", "Alias": "supplier", "Startup Cost": 10000000000.0, "Total Cost": 1000000558454.38, "Plan Rows": 10, "Plan Width": 8, "Filter": "((s_comment)::text ~~ '%Customer%Complaints%'::text)"}]}]}]}]}]}, "Unique SQL Id": 1437012347}, "explain_analyze_plan": null}, "(64, 12)": {"explain_plan": {"Plan": {"Node Type": "Sort", "Startup Cost": 256366.86, "Total Cost": 256436.2, "Plan Rows": 27736, "Plan Width": 60, "Sort Key": ["(count(partsupp.ps_suppkey)) DESC", "part.p_brand", "part.p_type", "part.p_size"], "Plans": [{"Node Type": "Aggregate", "Strategy": "Hashed", "Parent Relationship": "Outer", "Startup Cost": 254042.65, "Total Cost": 254320.01, "Plan Rows": 27736, "Plan Width": 60, "Group By Key": ["part.p_brand", "part.p_type", "part.p_size"], "Plans": [{"Node Type": "Aggregate", "Strategy": "Hashed", "Parent Relationship": "Outer", "Startup Cost": 253487.93, "Total Cost": 253765.29, "Plan Rows": 27736, "Plan Width": 52, "Group By Key": ["part.p_brand", "part.p_type", "part.p_size", "partsupp.ps_suppkey"], "Plans": [{"Node Type": "Hash Join", "Parent Relationship": "Outer", "Join Type": "Anti", "Startup Cost": 72314.26, "Total Cost": 242805.29, "Plan Rows": 854611, "Plan Width": 44, "Inner Unique": false, "Hash Cond": "(partsupp.ps_suppkey = supplier.s_suppkey), (LLVM Optimized)", "Plans": [{"Node Type": "Streaming(type: LOCAL GATHER dop: 1/64)", "Parent Relationship": "Outer", "Startup Cost": 68781.13, "Total Cost": 228589.41, "Plan Rows": 854625, "Plan Width": 44, "Plans": [{"Node Type": "Hash Join", "Parent Relationship": "Outer", "Join Type": "Inner", "Startup Cost": 68781.13, "Total Cost": 210958.59, "Plan Rows": 854625, "Plan Width": 44, "Inner Unique": false, "Hash Cond": "(part.p_partkey = partsupp.ps_partkey), (LLVM Optimized)", "Plans": [{"Node Type": "Streaming(type: BROADCAST dop: 64/64)", "Parent Relationship": "Outer", "Startup Cost": 0.0, "Total Cost": 139455.29, "Plan Rows": 18934016, "Plan Width": 44, "Plans": [{"Node Type": "Seq Scan", "Parent Relationship": "Outer", "Relation Name": "part", "Alias": "part", "Startup Cost": 0.0, "Total Cost": 64436.62, "Plan Rows": 295844, "Plan Width": 44, "Filter": "((p_brand <> 'Brand#34'::bpchar) AND ((p_type)::text !~~ 'LARGE BRUSHED%'::text) AND (p_size = ANY ('{48,19,12,4,41,7,21,39}'::integer[]))), (LLVM Optimized)"}]}, {"Node Type": "Hash", "Parent Relationship": "Inner", "Startup Cost": 67218.56, "Total Cost": 67218.56, "Plan Rows": 8000372, "Plan Width": 16, "Plans": [{"Node Type": "Seq Scan", "Parent Relationship": "Outer", "Relation Name": "partsupp", "Alias": "partsupp", "Startup Cost": 0.0, "Total Cost": 67218.56, "Plan Rows": 8000372, "Plan Width": 16}]}]}]}, {"Node Type": "Hash", "Parent Relationship": "Inner", "Startup Cost": 3533.0, "Total Cost": 3533.0, "Plan Rows": 10, "Plan Width": 8, "Plans": [{"Node Type": "Seq Scan", "Parent Relationship": "Outer", "Relation Name": "supplier", "Alias": "supplier", "Startup Cost": 0.0, "Total Cost": 3533.0, "Plan Rows": 10, "Plan Width": 8, "Filter": "((s_comment)::text ~~ '%Customer%Complaints%'::text)"}]}]}]}]}]}, "Unique SQL Id": 1437012347}, "explain_analyze_plan": {"Plan": {"Node Type": "Sort", "Startup Cost": 256366.86, "Total Cost": 256436.2, "Plan Rows": 27736, "Plan Width": 60, "Actual Min Startup Time": 4476.752, "Actual Max Startup Time": 4476.752, "Actual Min Total Time": 4479.827, "Actual Max Total Time": 4479.827, "Actual Total Rows": 27838, "Sort Key": ["(count(partsupp.ps_suppkey)) DESC", "part.p_brand", "part.p_type", "part.p_size"], "Sort Method": "quicksort", "Sort Space Min Used": 5082, "Sort Space Max Used": 5082, "Sort Space Type": "Memory", "Plans": [{"Node Type": "Aggregate", "Strategy": "Hashed", "Parent Relationship": "Outer", "Startup Cost": 254042.65, "Total Cost": 254320.01, "Plan Rows": 27736, "Plan Width": 60, "Actual Min Startup Time": 4376.627, "Actual Max Startup Time": 4376.627, "Actual Min Total Time": 4385.931, "Actual Max Total Time": 4385.931, "Actual Total Rows": 27838, "Group By Key": ["part.p_brand", "part.p_type", "part.p_size"], "Plans": [{"Node Type": "Aggregate", "Strategy": "Hashed", "Parent Relationship": "Outer", "Startup Cost": 253487.93, "Total Cost": 253765.29, "Plan Rows": 27736, "Plan Width": 52, "Actual Min Startup Time": 2854.718, "Actual Max Startup Time": 2854.718, "Actual Min Total Time": 3396.575, "Actual Max Total Time": 3396.575, "Actual Total Rows": 1188428, "Group By Key": ["part.p_brand", "part.p_type", "part.p_size", "partsupp.ps_suppkey"], "Plans": [{"Node Type": "Hash Join", "Parent Relationship": "Outer", "Join Type": "Anti", "Startup Cost": 72314.26, "Total Cost": 242805.29, "Plan Rows": 854611, "Plan Width": 44, "Actual Min Startup Time": 308.113, "Actual Max Startup Time": 308.113, "Actual Min Total Time": 1683.887, "Actual Max Total Time": 1683.887, "Actual Total Rows": 1188666, "Inner Unique": false, "Hash Cond": "(partsupp.ps_suppkey = supplier.s_suppkey), (LLVM Optimized, Jit Execute)", "Plans": [{"Node Type": "Streaming(type: LOCAL GATHER dop: 1/64)", "Parent Relationship": "Outer", "Startup Cost": 68781.13, "Total Cost": 228589.41, "Plan Rows": 854625, "Plan Width": 44, "Actual Min Startup Time": 256.615, "Actual Max Startup Time": 256.615, "Actual Min Total Time": 1260.176, "Actual Max Total Time": 1260.176, "Actual Total Rows": 1189344, "Plans": [{"Node Type": "Hash Join", "Parent Relationship": "Outer", "Join Type": "Inner", "Startup Cost": 68781.13, "Total Cost": 210958.59, "Plan Rows": 854625, "Plan Width": 44, "Actual Min Startup Time": 76.809, "Actual Max Startup Time": 276.302, "Actual Min Total Time": 1373.144, "Actual Max Total Time": 1744.056, "Actual Total Rows": 1189344, "Inner Unique": false, "Hash Cond": "(part.p_partkey = partsupp.ps_partkey), (LLVM Optimized, Jit Execute)", "Plans": [{"Node Type": "Streaming(type: BROADCAST dop: 64/64)", "Parent Relationship": "Outer", "Startup Cost": 0.0, "Total Cost": 139455.29, "Plan Rows": 18934016, "Plan Width": 44, "Actual Min Startup Time": 0.115, "Actual Max Startup Time": 1.262, "Actual Min Total Time": 1174.396, "Actual Max Total Time": 1471.854, "Actual Total Rows": 19029504, "Plans": [{"Node Type": "Seq Scan", "Parent Relationship": "Outer", "Relation Name": "part", "Alias": "part", "Startup Cost": 0.0, "Total Cost": 64436.62, "Plan Rows": 295844, "Plan Width": 44, "Actual Min Startup Time": 0.032, "Actual Max Startup Time": 0.08, "Actual Min Total Time": 19.658, "Actual Max Total Time": 32.694, "Actual Total Rows": 297336, "Filter": "((p_brand <> 'Brand#34'::bpchar) AND ((p_type)::text !~~ 'LARGE BRUSHED%'::text) AND (p_size = ANY ('{48,19,12,4,41,7,21,39}'::integer[]))), (LLVM Optimized, Jit Execute)", "Rows Removed by Filter": 1702664}]}, {"Node Type": "Hash", "Parent Relationship": "Inner", "Startup Cost": 67218.56, "Total Cost": 67218.56, "Plan Rows": 8000372, "Plan Width": 16, "Actual Min Startup Time": 75.766, "Actual Max Startup Time": 151.429, "Actual Min Total Time": 75.766, "Actual Max Total Time": 151.429, "Actual Total Rows": 8000000, "Max Hash Buckets": 131072, "Min Hash Buckets": 131072, "Max Hash Batches": 1, "Min Hash Batches": 1, "Max Original Hash Batches": 1, "Min Original Hash Batches": 1, "Max Peak Memory Usage": 5921, "min Peak Memory Usage": 5921, "Plans": [{"Node Type": "Seq Scan", "Parent Relationship": "Outer", "Relation Name": "partsupp", "Alias": "partsupp", "Startup Cost": 0.0, "Total Cost": 67218.56, "Plan Rows": 8000372, "Plan Width": 16, "Actual Min Startup Time": 0.017, "Actual Max Startup Time": 0.034, "Actual Min Total Time": 43.375, "Actual Max Total Time": 54.1, "Actual Total Rows": 8000000}]}]}]}, {"Node Type": "Hash", "Parent Relationship": "Inner", "Startup Cost": 3533.0, "Total Cost": 3533.0, "Plan Rows": 10, "Plan Width": 8, "Actual Min Startup Time": 51.443, "Actual Max Startup Time": 51.443, "Actual Min Total Time": 51.443, "Actual Max Total Time": 51.443, "Actual Total Rows": 56, "Max Hash Buckets": 32768, "Min Hash Buckets": 32768, "Max Hash Batches": 1, "Min Hash Batches": 1, "Max Original Hash Batches": 1, "Min Original Hash Batches": 1, "Max Peak Memory Usage": 3, "min Peak Memory Usage": 3, "Plans": [{"Node Type": "Seq Scan", "Parent Relationship": "Outer", "Relation Name": "supplier", "Alias": "supplier", "Startup Cost": 0.0, "Total Cost": 3533.0, "Plan Rows": 10, "Plan Width": 8, "Actual Min Startup Time": 0.255, "Actual Max Startup Time": 0.255, "Actual Min Total Time": 51.388, "Actual Max Total Time": 51.388, "Actual Total Rows": 56, "Filter": "((s_comment)::text ~~ '%Customer%Complaints%'::text)", "Rows Removed by Filter": 99944}]}]}]}]}]}, "Triggers": [], "Planner Runtime": 1.817, "Total Runtime": 4517.384, "Unique SQL Id": 1437012347}}, "(64, 13)": {"explain_plan": {"Plan": {"Node Type": "Sort", "Startup Cost": 621402.66, "Total Cost": 621472.0, "Plan Rows": 27736, "Plan Width": 60, "Sort Key": ["(count(partsupp.ps_suppkey)) DESC", "part.p_brand", "part.p_type", "part.p_size"], "Plans": [{"Node Type": "Aggregate", "Strategy": "Hashed", "Parent Relationship": "Outer", "Startup Cost": 619078.46, "Total Cost": 619355.82, "Plan Rows": 27736, "Plan Width": 60, "Group By Key": ["part.p_brand", "part.p_type", "part.p_size"], "Plans": [{"Node Type": "Aggregate", "Strategy": "Hashed", "Parent Relationship": "Outer", "Startup Cost": 618523.74, "Total Cost": 618801.1, "Plan Rows": 27736, "Plan Width": 52, "Group By Key": ["part.p_brand", "part.p_type", "part.p_size", "partsupp.ps_suppkey"], "Plans": [{"Node Type": "Hash Join", "Parent Relationship": "Outer", "Join Type": "Anti", "Startup Cost": 5592.57, "Total Cost": 607841.1, "Plan Rows": 854611, "Plan Width": 44, "Inner Unique": false, "Hash Cond": "(partsupp.ps_suppkey = supplier.s_suppkey), (LLVM Optimized)", "Plans": [{"Node Type": "Merge Join", "Parent Relationship": "Outer", "Join Type": "Inner", "Startup Cost": 7.9, "Total Cost": 591568.41, "Plan Rows": 854625, "Plan Width": 44, "Inner Unique": false, "Merge Cond": "(part.p_partkey = partsupp.ps_partkey)", "Plans": [{"Node Type": "Index Scan", "Parent Relationship": "Outer", "Scan Direction": "Forward", "Index Name": "part_kpey", "Relation Name": "part", "Alias": "part", "Startup Cost": 0.0, "Total Cost": 130803.25, "Plan Rows": 295844, "Plan Width": 44, "Filter": "((p_brand <> 'Brand#34'::bpchar) AND ((p_type)::text !~~ 'LARGE BRUSHED%'::text) AND (p_size = ANY ('{48,19,12,4,41,7,21,39}'::integer[]))), (LLVM Optimized)"}, {"Node Type": "Index Scan", "Parent Relationship": "Inner", "Scan Direction": "Forward", "Index Name": "idx_partsupp_partkey", "Relation Name": "partsupp", "Alias": "partsupp", "Startup Cost": 0.0, "Total Cost": 431485.03, "Plan Rows": 8000372, "Plan Width": 16}]}, {"Node Type": "Hash", "Parent Relationship": "Inner", "Startup Cost": 5584.54, "Total Cost": 5584.54, "Plan Rows": 10, "Plan Width": 8, "Plans": [{"Node Type": "Index Scan", "Parent Relationship": "Outer", "Scan Direction": "Forward", "Index Name": "supplier_pkey", "Relation Name": "supplier", "Alias": "supplier", "Startup Cost": 0.0, "Total Cost": 5584.54, "Plan Rows": 10, "Plan Width": 8, "Filter": "((s_comment)::text ~~ '%Customer%Complaints%'::text)"}]}]}]}]}]}, "Unique SQL Id": 1437012347}, "explain_analyze_plan": null}, "(64, 14)": {"explain_plan": {"Plan": {"Node Type": "Sort", "Startup Cost": 256366.86, "Total Cost": 256436.2, "Plan Rows": 27736, "Plan Width": 60, "Sort Key": ["(count(partsupp.ps_suppkey)) DESC", "part.p_brand", "part.p_type", "part.p_size"], "Plans": [{"Node Type": "Aggregate", "Strategy": "Hashed", "Parent Relationship": "Outer", "Startup Cost": 254042.65, "Total Cost": 254320.01, "Plan Rows": 27736, "Plan Width": 60, "Group By Key": ["part.p_brand", "part.p_type", "part.p_size"], "Plans": [{"Node Type": "Aggregate", "Strategy": "Hashed", "Parent Relationship": "Outer", "Startup Cost": 253487.93, "Total Cost": 253765.29, "Plan Rows": 27736, "Plan Width": 52, "Group By Key": ["part.p_brand", "part.p_type", "part.p_size", "partsupp.ps_suppkey"], "Plans": [{"Node Type": "Hash Join", "Parent Relationship": "Outer", "Join Type": "Anti", "Startup Cost": 72314.26, "Total Cost": 242805.29, "Plan Rows": 854611, "Plan Width": 44, "Inner Unique": false, "Hash Cond": "(partsupp.ps_suppkey = supplier.s_suppkey), (LLVM Optimized)", "Plans": [{"Node Type": "Streaming(type: LOCAL GATHER dop: 1/64)", "Parent Relationship": "Outer", "Startup Cost": 68781.13, "Total Cost": 228589.41, "Plan Rows": 854625, "Plan Width": 44, "Plans": [{"Node Type": "Hash Join", "Parent Relationship": "Outer", "Join Type": "Inner", "Startup Cost": 68781.13, "Total Cost": 210958.59, "Plan Rows": 854625, "Plan Width": 44, "Inner Unique": false, "Hash Cond": "(part.p_partkey = partsupp.ps_partkey), (LLVM Optimized)", "Plans": [{"Node Type": "Streaming(type: BROADCAST dop: 64/64)", "Parent Relationship": "Outer", "Startup Cost": 0.0, "Total Cost": 139455.29, "Plan Rows": 18934016, "Plan Width": 44, "Plans": [{"Node Type": "Seq Scan", "Parent Relationship": "Outer", "Relation Name": "part", "Alias": "part", "Startup Cost": 0.0, "Total Cost": 64436.62, "Plan Rows": 295844, "Plan Width": 44, "Filter": "((p_brand <> 'Brand#34'::bpchar) AND ((p_type)::text !~~ 'LARGE BRUSHED%'::text) AND (p_size = ANY ('{48,19,12,4,41,7,21,39}'::integer[]))), (LLVM Optimized)"}]}, {"Node Type": "Hash", "Parent Relationship": "Inner", "Startup Cost": 67218.56, "Total Cost": 67218.56, "Plan Rows": 8000372, "Plan Width": 16, "Plans": [{"Node Type": "Seq Scan", "Parent Relationship": "Outer", "Relation Name": "partsupp", "Alias": "partsupp", "Startup Cost": 0.0, "Total Cost": 67218.56, "Plan Rows": 8000372, "Plan Width": 16}]}]}]}, {"Node Type": "Hash", "Parent Relationship": "Inner", "Startup Cost": 3533.0, "Total Cost": 3533.0, "Plan Rows": 10, "Plan Width": 8, "Plans": [{"Node Type": "Seq Scan", "Parent Relationship": "Outer", "Relation Name": "supplier", "Alias": "supplier", "Startup Cost": 0.0, "Total Cost": 3533.0, "Plan Rows": 10, "Plan Width": 8, "Filter": "((s_comment)::text ~~ '%Customer%Complaints%'::text)"}]}]}]}]}]}, "Unique SQL Id": 1437012347}, "explain_analyze_plan": {"Plan": {"Node Type": "Sort", "Startup Cost": 256366.86, "Total Cost": 256436.2, "Plan Rows": 27736, "Plan Width": 60, "Actual Min Startup Time": 4476.752, "Actual Max Startup Time": 4476.752, "Actual Min Total Time": 4479.827, "Actual Max Total Time": 4479.827, "Actual Total Rows": 27838, "Sort Key": ["(count(partsupp.ps_suppkey)) DESC", "part.p_brand", "part.p_type", "part.p_size"], "Sort Method": "quicksort", "Sort Space Min Used": 5082, "Sort Space Max Used": 5082, "Sort Space Type": "Memory", "Plans": [{"Node Type": "Aggregate", "Strategy": "Hashed", "Parent Relationship": "Outer", "Startup Cost": 254042.65, "Total Cost": 254320.01, "Plan Rows": 27736, "Plan Width": 60, "Actual Min Startup Time": 4376.627, "Actual Max Startup Time": 4376.627, "Actual Min Total Time": 4385.931, "Actual Max Total Time": 4385.931, "Actual Total Rows": 27838, "Group By Key": ["part.p_brand", "part.p_type", "part.p_size"], "Plans": [{"Node Type": "Aggregate", "Strategy": "Hashed", "Parent Relationship": "Outer", "Startup Cost": 253487.93, "Total Cost": 253765.29, "Plan Rows": 27736, "Plan Width": 52, "Actual Min Startup Time": 2854.718, "Actual Max Startup Time": 2854.718, "Actual Min Total Time": 3396.575, "Actual Max Total Time": 3396.575, "Actual Total Rows": 1188428, "Group By Key": ["part.p_brand", "part.p_type", "part.p_size", "partsupp.ps_suppkey"], "Plans": [{"Node Type": "Hash Join", "Parent Relationship": "Outer", "Join Type": "Anti", "Startup Cost": 72314.26, "Total Cost": 242805.29, "Plan Rows": 854611, "Plan Width": 44, "Actual Min Startup Time": 308.113, "Actual Max Startup Time": 308.113, "Actual Min Total Time": 1683.887, "Actual Max Total Time": 1683.887, "Actual Total Rows": 1188666, "Inner Unique": false, "Hash Cond": "(partsupp.ps_suppkey = supplier.s_suppkey), (LLVM Optimized, Jit Execute)", "Plans": [{"Node Type": "Streaming(type: LOCAL GATHER dop: 1/64)", "Parent Relationship": "Outer", "Startup Cost": 68781.13, "Total Cost": 228589.41, "Plan Rows": 854625, "Plan Width": 44, "Actual Min Startup Time": 256.615, "Actual Max Startup Time": 256.615, "Actual Min Total Time": 1260.176, "Actual Max Total Time": 1260.176, "Actual Total Rows": 1189344, "Plans": [{"Node Type": "Hash Join", "Parent Relationship": "Outer", "Join Type": "Inner", "Startup Cost": 68781.13, "Total Cost": 210958.59, "Plan Rows": 854625, "Plan Width": 44, "Actual Min Startup Time": 76.809, "Actual Max Startup Time": 276.302, "Actual Min Total Time": 1373.144, "Actual Max Total Time": 1744.056, "Actual Total Rows": 1189344, "Inner Unique": false, "Hash Cond": "(part.p_partkey = partsupp.ps_partkey), (LLVM Optimized, Jit Execute)", "Plans": [{"Node Type": "Streaming(type: BROADCAST dop: 64/64)", "Parent Relationship": "Outer", "Startup Cost": 0.0, "Total Cost": 139455.29, "Plan Rows": 18934016, "Plan Width": 44, "Actual Min Startup Time": 0.115, "Actual Max Startup Time": 1.262, "Actual Min Total Time": 1174.396, "Actual Max Total Time": 1471.854, "Actual Total Rows": 19029504, "Plans": [{"Node Type": "Seq Scan", "Parent Relationship": "Outer", "Relation Name": "part", "Alias": "part", "Startup Cost": 0.0, "Total Cost": 64436.62, "Plan Rows": 295844, "Plan Width": 44, "Actual Min Startup Time": 0.032, "Actual Max Startup Time": 0.08, "Actual Min Total Time": 19.658, "Actual Max Total Time": 32.694, "Actual Total Rows": 297336, "Filter": "((p_brand <> 'Brand#34'::bpchar) AND ((p_type)::text !~~ 'LARGE BRUSHED%'::text) AND (p_size = ANY ('{48,19,12,4,41,7,21,39}'::integer[]))), (LLVM Optimized, Jit Execute)", "Rows Removed by Filter": 1702664}]}, {"Node Type": "Hash", "Parent Relationship": "Inner", "Startup Cost": 67218.56, "Total Cost": 67218.56, "Plan Rows": 8000372, "Plan Width": 16, "Actual Min Startup Time": 75.766, "Actual Max Startup Time": 151.429, "Actual Min Total Time": 75.766, "Actual Max Total Time": 151.429, "Actual Total Rows": 8000000, "Max Hash Buckets": 131072, "Min Hash Buckets": 131072, "Max Hash Batches": 1, "Min Hash Batches": 1, "Max Original Hash Batches": 1, "Min Original Hash Batches": 1, "Max Peak Memory Usage": 5921, "min Peak Memory Usage": 5921, "Plans": [{"Node Type": "Seq Scan", "Parent Relationship": "Outer", "Relation Name": "partsupp", "Alias": "partsupp", "Startup Cost": 0.0, "Total Cost": 67218.56, "Plan Rows": 8000372, "Plan Width": 16, "Actual Min Startup Time": 0.017, "Actual Max Startup Time": 0.034, "Actual Min Total Time": 43.375, "Actual Max Total Time": 54.1, "Actual Total Rows": 8000000}]}]}]}, {"Node Type": "Hash", "Parent Relationship": "Inner", "Startup Cost": 3533.0, "Total Cost": 3533.0, "Plan Rows": 10, "Plan Width": 8, "Actual Min Startup Time": 51.443, "Actual Max Startup Time": 51.443, "Actual Min Total Time": 51.443, "Actual Max Total Time": 51.443, "Actual Total Rows": 56, "Max Hash Buckets": 32768, "Min Hash Buckets": 32768, "Max Hash Batches": 1, "Min Hash Batches": 1, "Max Original Hash Batches": 1, "Min Original Hash Batches": 1, "Max Peak Memory Usage": 3, "min Peak Memory Usage": 3, "Plans": [{"Node Type": "Seq Scan", "Parent Relationship": "Outer", "Relation Name": "supplier", "Alias": "supplier", "Startup Cost": 0.0, "Total Cost": 3533.0, "Plan Rows": 10, "Plan Width": 8, "Actual Min Startup Time": 0.255, "Actual Max Startup Time": 0.255, "Actual Min Total Time": 51.388, "Actual Max Total Time": 51.388, "Actual Total Rows": 56, "Filter": "((s_comment)::text ~~ '%Customer%Complaints%'::text)", "Rows Removed by Filter": 99944}]}]}]}]}]}, "Triggers": [], "Planner Runtime": 1.817, "Total Runtime": 4517.384, "Unique SQL Id": 1437012347}}, "(64, 15)": {"explain_plan": {"Plan": {"Node Type": "Sort", "Startup Cost": 3000070847906.47, "Total Cost": 3000070847975.81, "Plan Rows": 27736, "Plan Width": 60, "Sort Key": ["(count(partsupp.ps_suppkey)) DESC", "part.p_brand", "part.p_type", "part.p_size"], "Plans": [{"Node Type": "Aggregate", "Strategy": "Hashed", "Parent Relationship": "Outer", "Startup Cost": 3000070845582.27, "Total Cost": 3000070845859.63, "Plan Rows": 27736, "Plan Width": 60, "Group By Key": ["part.p_brand", "part.p_type", "part.p_size"], "Plans": [{"Node Type": "Aggregate", "Strategy": "Hashed", "Parent Relationship": "Outer", "Startup Cost": 3000070845027.55, "Total Cost": 3000070845304.91, "Plan Rows": 27736, "Plan Width": 52, "Group By Key": ["part.p_brand", "part.p_type", "part.p_size", "partsupp.ps_suppkey"], "Plans": [{"Node Type": "Nested Loop", "Parent Relationship": "Outer", "Join Type": "Anti", "Startup Cost": 30017325448.43, "Total Cost": 3000070834344.91, "Plan Rows": 854611, "Plan Width": 44, "Inner Unique": false, "Join Filter": "(partsupp.ps_suppkey = supplier.s_suppkey), (LLVM Optimized)", "Plans": [{"Node Type": "Merge Join", "Parent Relationship": "Outer", "Join Type": "Inner", "Startup Cost": 20017325448.43, "Total Cost": 2000070147697.04, "Plan Rows": 854625, "Plan Width": 44, "Inner Unique": false, "Merge Cond": "(part.p_partkey = partsupp.ps_partkey)", "Plans": [{"Node Type": "Index Scan", "Parent Relationship": "Outer", "Scan Direction": "Forward", "Index Name": "part_kpey", "Relation Name": "part", "Alias": "part", "Startup Cost": 10000000000.0, "Total Cost": 1000013080325.0, "Plan Rows": 295844, "Plan Width": 44, "Filter": "((p_brand <> 'Brand#34'::bpchar) AND ((p_type)::text !~~ 'LARGE BRUSHED%'::text) AND (p_size = ANY ('{48,19,12,4,41,7,21,39}'::integer[]))), (LLVM Optimized)"}, {"Node Type": "Index Scan", "Parent Relationship": "Inner", "Scan Direction": "Forward", "Index Name": "partsupp_pkey", "Relation Name": "partsupp", "Alias": "partsupp", "Startup Cost": 10000000000.0, "Total Cost": 1000071640963.22, "Plan Rows": 8000372, "Plan Width": 16}]}, {"Node Type": "Materialize", "Parent Relationship": "Inner", "Startup Cost": 10000000000.0, "Total Cost": 1000000558454.43, "Plan Rows": 10, "Plan Width": 8, "Plans": [{"Node Type": "Index Scan", "Parent Relationship": "Outer", "Scan Direction": "Forward", "Index Name": "supplier_pkey", "Relation Name": "supplier", "Alias": "supplier", "Startup Cost": 10000000000.0, "Total Cost": 1000000558454.38, "Plan Rows": 10, "Plan Width": 8, "Filter": "((s_comment)::text ~~ '%Customer%Complaints%'::text)"}]}]}]}]}]}, "Unique SQL Id": 1437012347}, "explain_analyze_plan": null}, "(64, 16)": {"explain_plan": {"Plan": {"Node Type": "Sort", "Startup Cost": 433760.59, "Total Cost": 433829.93, "Plan Rows": 27736, "Plan Width": 60, "Sort Key": ["(count(partsupp.ps_suppkey)) DESC", "part.p_brand", "part.p_type", "part.p_size"], "Plans": [{"Node Type": "Aggregate", "Strategy": "Hashed", "Parent Relationship": "Outer", "Startup Cost": 431436.38, "Total Cost": 431713.74, "Plan Rows": 27736, "Plan Width": 60, "Group By Key": ["part.p_brand", "part.p_type", "part.p_size"], "Plans": [{"Node Type": "Aggregate", "Strategy": "Hashed", "Parent Relationship": "Outer", "Startup Cost": 430881.66, "Total Cost": 431159.02, "Plan Rows": 27736, "Plan Width": 52, "Group By Key": ["part.p_brand", "part.p_type", "part.p_size", "partsupp.ps_suppkey"], "Plans": [{"Node Type": "Merge Join", "Parent Relationship": "Outer", "Join Type": "Anti", "Startup Cost": 415925.62, "Total Cost": 420199.03, "Plan Rows": 854611, "Plan Width": 44, "Inner Unique": false, "Merge Cond": "(partsupp.ps_suppkey = supplier.s_suppkey)", "Plans": [{"Node Type": "Sort", "Parent Relationship": "Outer", "Startup Cost": 412392.45, "Total Cost": 414529.01, "Plan Rows": 854625, "Plan Width": 44, "Sort Key": ["partsupp.ps_suppkey"], "Plans": [{"Node Type": "Nested Loop", "Parent Relationship": "Outer", "Join Type": "Inner", "Startup Cost": 0.0, "Total Cost": 328190.81, "Plan Rows": 854625, "Plan Width": 44, "Inner Unique": false, "Plans": [{"Node Type": "Streaming(type: LOCAL GATHER dop: 1/64)", "Parent Relationship": "Outer", "Startup Cost": 0.0, "Total Cost": 70539.85, "Plan Rows": 295844, "Plan Width": 44, "Plans": [{"Node Type": "Seq Scan", "Parent Relationship": "Outer", "Relation Name": "part", "Alias": "part", "Startup Cost": 0.0, "Total Cost": 64436.62, "Plan Rows": 295844, "Plan Width": 44, "Filter": "((p_brand <> 'Brand#34'::bpchar) AND ((p_type)::text !~~ 'LARGE BRUSHED%'::text) AND (p_size = ANY ('{48,19,12,4,41,7,21,39}'::integer[]))), (LLVM Optimized)"}]}, {"Node Type": "Index Only Scan", "Parent Relationship": "Inner", "Scan Direction": "Forward", "Index Name": "partsupp_pkey", "Relation Name": "partsupp", "Alias": "partsupp", "Startup Cost": 0.0, "Total Cost": 0.84, "Plan Rows": 3, "Plan Width": 16, "Index Cond": "(ps_partkey = part.p_partkey)"}]}]}, {"Node Type": "Sort", "Parent Relationship": "Inner", "Startup Cost": 3533.17, "Total Cost": 3533.19, "Plan Rows": 10, "Plan Width": 8, "Sort Key": ["supplier.s_suppkey"], "Plans": [{"Node Type": "Seq Scan", "Parent Relationship": "Outer", "Relation Name": "supplier", "Alias": "supplier", "Startup Cost": 0.0, "Total Cost": 3533.0, "Plan Rows": 10, "Plan Width": 8, "Filter": "((s_comment)::text ~~ '%Customer%Complaints%'::text)"}]}]}]}]}]}, "Unique SQL Id": 1437012347}, "explain_analyze_plan": {"Plan": {"Node Type": "Sort", "Startup Cost": 433760.59, "Total Cost": 433829.93, "Plan Rows": 27736, "Plan Width": 60, "Actual Min Startup Time": 5415.833, "Actual Max Startup Time": 5415.833, "Actual Min Total Time": 5418.753, "Actual Max Total Time": 5418.753, "Actual Total Rows": 27838, "Sort Key": ["(count(partsupp.ps_suppkey)) DESC", "part.p_brand", "part.p_type", "part.p_size"], "Sort Method": "quicksort", "Sort Space Min Used": 5082, "Sort Space Max Used": 5082, "Sort Space Type": "Memory", "Plans": [{"Node Type": "Aggregate", "Strategy": "Hashed", "Parent Relationship": "Outer", "Startup Cost": 431436.38, "Total Cost": 431713.74, "Plan Rows": 27736, "Plan Width": 60, "Actual Min Startup Time": 5316.343, "Actual Max Startup Time": 5316.343, "Actual Min Total Time": 5325.438, "Actual Max Total Time": 5325.438, "Actual Total Rows": 27838, "Group By Key": ["part.p_brand", "part.p_type", "part.p_size"], "Plans": [{"Node Type": "Aggregate", "Strategy": "Hashed", "Parent Relationship": "Outer", "Startup Cost": 430881.66, "Total Cost": 431159.02, "Plan Rows": 27736, "Plan Width": 52, "Actual Min Startup Time": 3756.511, "Actual Max Startup Time": 3756.511, "Actual Min Total Time": 4332.721, "Actual Max Total Time": 4332.721, "Actual Total Rows": 1188428, "Group By Key": ["part.p_brand", "part.p_type", "part.p_size", "partsupp.ps_suppkey"], "Plans": [{"Node Type": "Merge Join", "Parent Relationship": "Outer", "Join Type": "Anti", "Startup Cost": 415925.62, "Total Cost": 420199.03, "Plan Rows": 854611, "Plan Width": 44, "Actual Min Startup Time": 2205.055, "Actual Max Startup Time": 2205.055, "Actual Min Total Time": 2821.757, "Actual Max Total Time": 2821.757, "Actual Total Rows": 1188666, "Inner Unique": false, "Merge Cond": "(partsupp.ps_suppkey = supplier.s_suppkey)", "Plans": [{"Node Type": "Sort", "Parent Relationship": "Outer", "Startup Cost": 412392.45, "Total Cost": 414529.01, "Plan Rows": 854625, "Plan Width": 44, "Actual Min Startup Time": 2148.352, "Actual Max Startup Time": 2148.352, "Actual Min Total Time": 2450.81, "Actual Max Total Time": 2450.81, "Actual Total Rows": 1189344, "Sort Key": ["partsupp.ps_suppkey"], "Sort Method": "quicksort", "Sort Space Min Used": 233478, "Sort Space Max Used": 233478, "Sort Space Type": "Memory", "Plans": [{"Node Type": "Nested Loop", "Parent Relationship": "Outer", "Join Type": "Inner", "Startup Cost": 0.0, "Total Cost": 328190.81, "Plan Rows": 854625, "Plan Width": 44, "Actual Min Startup Time": 86.5, "Actual Max Startup Time": 86.5, "Actual Min Total Time": 1617.24, "Actual Max Total Time": 1617.24, "Actual Total Rows": 1189344, "Inner Unique": false, "Plans": [{"Node Type": "Streaming(type: LOCAL GATHER dop: 1/64)", "Parent Relationship": "Outer", "Startup Cost": 0.0, "Total Cost": 70539.85, "Plan Rows": 295844, "Plan Width": 44, "Actual Min Startup Time": 86.449, "Actual Max Startup Time": 86.449, "Actual Min Total Time": 203.062, "Actual Max Total Time": 203.062, "Actual Total Rows": 297336, "Plans": [{"Node Type": "Seq Scan", "Parent Relationship": "Outer", "Relation Name": "part", "Alias": "part", "Startup Cost": 0.0, "Total Cost": 64436.62, "Plan Rows": 295844, "Plan Width": 44, "Actual Min Startup Time": 0.028, "Actual Max Startup Time": 0.068, "Actual Min Total Time": 22.819, "Actual Max Total Time": 28.661, "Actual Total Rows": 297336, "Filter": "((p_brand <> 'Brand#34'::bpchar) AND ((p_type)::text !~~ 'LARGE BRUSHED%'::text) AND (p_size = ANY ('{48,19,12,4,41,7,21,39}'::integer[]))), (LLVM Optimized, Jit Execute)", "Rows Removed by Filter": 1702664}]}, {"Node Type": "Index Only Scan", "Parent Relationship": "Inner", "Scan Direction": "Forward", "Index Name": "partsupp_pkey", "Relation Name": "partsupp", "Alias": "partsupp", "Startup Cost": 0.0, "Total Cost": 0.84, "Plan Rows": 3, "Plan Width": 16, "Actual Min Startup Time": 835.49, "Actual Max Startup Time": 835.49, "Actual Min Total Time": 1051.915, "Actual Max Total Time": 1051.915, "Actual Total Rows": 1189344, "Index Cond": "(ps_partkey = part.p_partkey)", "Rows Removed by Index Recheck": 0, "Heap Fetches": 0}]}]}, {"Node Type": "Sort", "Parent Relationship": "Inner", "Startup Cost": 3533.17, "Total Cost": 3533.19, "Plan Rows": 10, "Plan Width": 8, "Actual Min Startup Time": 56.692, "Actual Max Startup Time": 56.692, "Actual Min Total Time": 56.71, "Actual Max Total Time": 56.71, "Actual Total Rows": 56, "Sort Key": ["supplier.s_suppkey"], "Sort Method": "quicksort", "Sort Space Min Used": 28, "Sort Space Max Used": 28, "Sort Space Type": "Memory", "Plans": [{"Node Type": "Seq Scan", "Parent Relationship": "Outer", "Relation Name": "supplier", "Alias": "supplier", "Startup Cost": 0.0, "Total Cost": 3533.0, "Plan Rows": 10, "Plan Width": 8, "Actual Min Startup Time": 0.275, "Actual Max Startup Time": 0.275, "Actual Min Total Time": 56.613, "Actual Max Total Time": 56.613, "Actual Total Rows": 56, "Filter": "((s_comment)::text ~~ '%Customer%Complaints%'::text)", "Rows Removed by Filter": 99944}]}]}]}]}]}, "Triggers": [], "Planner Runtime": 1.369, "Total Runtime": 5441.209, "Unique SQL Id": 1437012347}}, "(64, 17)": {"explain_plan": {"Plan": {"Node Type": "Sort", "Startup Cost": 496075.36, "Total Cost": 496144.7, "Plan Rows": 27736, "Plan Width": 60, "Sort Key": ["(count(partsupp.ps_suppkey)) DESC", "part.p_brand", "part.p_type", "part.p_size"], "Plans": [{"Node Type": "Aggregate", "Strategy": "Hashed", "Parent Relationship": "Outer", "Startup Cost": 493751.16, "Total Cost": 494028.52, "Plan Rows": 27736, "Plan Width": 60, "Group By Key": ["part.p_brand", "part.p_type", "part.p_size"], "Plans": [{"Node Type": "Aggregate", "Strategy": "Hashed", "Parent Relationship": "Outer", "Startup Cost": 493196.44, "Total Cost": 493473.8, "Plan Rows": 27736, "Plan Width": 52, "Group By Key": ["part.p_brand", "part.p_type", "part.p_size", "partsupp.ps_suppkey"], "Plans": [{"Node Type": "Merge Join", "Parent Relationship": "Outer", "Join Type": "Anti", "Startup Cost": 472655.85, "Total Cost": 482513.8, "Plan Rows": 854611, "Plan Width": 44, "Inner Unique": false, "Merge Cond": "(partsupp.ps_suppkey = supplier.s_suppkey)", "Plans": [{"Node Type": "Sort", "Parent Relationship": "Outer", "Startup Cost": 472655.85, "Total Cost": 474792.41, "Plan Rows": 854625, "Plan Width": 44, "Sort Key": ["partsupp.ps_suppkey"], "Plans": [{"Node Type": "Nested Loop", "Parent Relationship": "Outer", "Join Type": "Inner", "Startup Cost": 0.0, "Total Cost": 388454.21, "Plan Rows": 854625, "Plan Width": 44, "Inner Unique": false, "Plans": [{"Node Type": "Index Scan", "Parent Relationship": "Outer", "Scan Direction": "Forward", "Index Name": "part_kpey", "Relation Name": "part", "Alias": "part", "Startup Cost": 0.0, "Total Cost": 130803.25, "Plan Rows": 295844, "Plan Width": 44, "Filter": "((p_brand <> 'Brand#34'::bpchar) AND ((p_type)::text !~~ 'LARGE BRUSHED%'::text) AND (p_size = ANY ('{48,19,12,4,41,7,21,39}'::integer[]))), (LLVM Optimized)"}, {"Node Type": "Index Only Scan", "Parent Relationship": "Inner", "Scan Direction": "Forward", "Index Name": "partsupp_pkey", "Relation Name": "partsupp", "Alias": "partsupp", "Startup Cost": 0.0, "Total Cost": 0.84, "Plan Rows": 3, "Plan Width": 16, "Index Cond": "(ps_partkey = part.p_partkey)"}]}]}, {"Node Type": "Materialize", "Parent Relationship": "Inner", "Startup Cost": 0.0, "Total Cost": 5584.57, "Plan Rows": 10, "Plan Width": 8, "Plans": [{"Node Type": "Index Scan", "Parent Relationship": "Outer", "Scan Direction": "Forward", "Index Name": "supplier_pkey", "Relation Name": "supplier", "Alias": "supplier", "Startup Cost": 0.0, "Total Cost": 5584.54, "Plan Rows": 10, "Plan Width": 8, "Filter": "((s_comment)::text ~~ '%Customer%Complaints%'::text)"}]}]}]}]}]}, "Unique SQL Id": 1437012347}, "explain_analyze_plan": {"Plan": {"Node Type": "Sort", "Startup Cost": 496075.36, "Total Cost": 496144.7, "Plan Rows": 27736, "Plan Width": 60, "Actual Startup Time": 7108.966, "Actual Total Time": 7111.899, "Actual Rows": 27838, "Actual Loops": 1, "Sort Key": ["(count(partsupp.ps_suppkey)) DESC", "part.p_brand", "part.p_type", "part.p_size"], "Sort Method": "quicksort", "Sort Space Used": 5082, "Sort Space Type": "Memory", "Plans": [{"Node Type": "Aggregate", "Strategy": "Hashed", "Parent Relationship": "Outer", "Startup Cost": 493751.16, "Total Cost": 494028.52, "Plan Rows": 27736, "Plan Width": 60, "Actual Startup Time": 7009.153, "Actual Total Time": 7019.483, "Actual Rows": 27838, "Actual Loops": 1, "Group By Key": ["part.p_brand", "part.p_type", "part.p_size"], "Plans": [{"Node Type": "Aggregate", "Strategy": "Hashed", "Parent Relationship": "Outer", "Startup Cost": 493196.44, "Total Cost": 493473.8, "Plan Rows": 27736, "Plan Width": 52, "Actual Startup Time": 5472.391, "Actual Total Time": 6052.79, "Actual Rows": 1188428, "Actual Loops": 1, "Group By Key": ["part.p_brand", "part.p_type", "part.p_size", "partsupp.ps_suppkey"], "Plans": [{"Node Type": "Merge Join", "Parent Relationship": "Outer", "Join Type": "Anti", "Startup Cost": 472655.85, "Total Cost": 482513.8, "Plan Rows": 854611, "Plan Width": 44, "Actual Startup Time": 3916.394, "Actual Total Time": 4566.198, "Actual Rows": 1188666, "Actual Loops": 1, "Inner Unique": false, "Merge Cond": "(partsupp.ps_suppkey = supplier.s_suppkey)", "Plans": [{"Node Type": "Sort", "Parent Relationship": "Outer", "Startup Cost": 472655.85, "Total Cost": 474792.41, "Plan Rows": 854625, "Plan Width": 44, "Actual Startup Time": 3916.038, "Actual Total Time": 4174.287, "Actual Rows": 1189344, "Actual Loops": 1, "Sort Key": ["partsupp.ps_suppkey"], "Sort Method": "quicksort", "Sort Space Used": 233478, "Sort Space Type": "Memory", "Plans": [{"Node Type": "Nested Loop", "Parent Relationship": "Outer", "Join Type": "Inner", "Startup Cost": 0.0, "Total Cost": 388454.21, "Plan Rows": 854625, "Plan Width": 44, "Actual Startup Time": 0.063, "Actual Total Time": 3390.454, "Actual Rows": 1189344, "Actual Loops": 1, "Inner Unique": false, "Plans": [{"Node Type": "Index Scan", "Parent Relationship": "Outer", "Scan Direction": "Forward", "Index Name": "part_kpey", "Relation Name": "part", "Alias": "part", "Startup Cost": 0.0, "Total Cost": 130803.25, "Plan Rows": 295844, "Plan Width": 44, "Actual Startup Time": 0.044, "Actual Total Time": 1899.481, "Actual Rows": 297336, "Actual Loops": 1, "Filter": "((p_brand <> 'Brand#34'::bpchar) AND ((p_type)::text !~~ 'LARGE BRUSHED%'::text) AND (p_size = ANY ('{48,19,12,4,41,7,21,39}'::integer[]))), (LLVM Optimized, Jit Execute)", "Rows Removed by Filter": 1702664}, {"Node Type": "Index Only Scan", "Parent Relationship": "Inner", "Scan Direction": "Forward", "Index Name": "partsupp_pkey", "Relation Name": "partsupp", "Alias": "partsupp", "Startup Cost": 0.0, "Total Cost": 0.84, "Plan Rows": 3, "Plan Width": 16, "Actual Startup Time": 865.272, "Actual Total Time": 1082.768, "Actual Rows": 1189344, "Actual Loops": 297336, "Index Cond": "(ps_partkey = part.p_partkey)", "Rows Removed by Index Recheck": 0, "Heap Fetches": 0}]}]}, {"Node Type": "Materialize", "Parent Relationship": "Inner", "Startup Cost": 0.0, "Total Cost": 5584.57, "Plan Rows": 10, "Plan Width": 8, "Actual Startup Time": 0.343, "Actual Total Time": 79.897, "Actual Rows": 56, "Actual Loops": 1, "Plans": [{"Node Type": "Index Scan", "Parent Relationship": "Outer", "Scan Direction": "Forward", "Index Name": "supplier_pkey", "Relation Name": "supplier", "Alias": "supplier", "Startup Cost": 0.0, "Total Cost": 5584.54, "Plan Rows": 10, "Plan Width": 8, "Actual Startup Time": 0.336, "Actual Total Time": 79.845, "Actual Rows": 56, "Actual Loops": 1, "Filter": "((s_comment)::text ~~ '%Customer%Complaints%'::text)", "Rows Removed by Filter": 99944}]}]}]}]}]}, "Triggers": [], "Planner Runtime": 1.385, "Total Runtime": 7123.219, "Unique SQL Id": 1437012347}}, "(64, 18)": {"explain_plan": {"Plan": {"Node Type": "Sort", "Startup Cost": 1581786.47, "Total Cost": 1581855.81, "Plan Rows": 27736, "Plan Width": 60, "Sort Key": ["(count(partsupp.ps_suppkey)) DESC", "part.p_brand", "part.p_type", "part.p_size"], "Plans": [{"Node Type": "Aggregate", "Strategy": "Hashed", "Parent Relationship": "Outer", "Startup Cost": 1579462.27, "Total Cost": 1579739.63, "Plan Rows": 27736, "Plan Width": 60, "Group By Key": ["part.p_brand", "part.p_type", "part.p_size"], "Plans": [{"Node Type": "Aggregate", "Strategy": "Hashed", "Parent Relationship": "Outer", "Startup Cost": 1578907.55, "Total Cost": 1579184.91, "Plan Rows": 27736, "Plan Width": 52, "Group By Key": ["part.p_brand", "part.p_type", "part.p_size", "partsupp.ps_suppkey"], "Plans": [{"Node Type": "Merge Join", "Parent Relationship": "Outer", "Join Type": "Anti", "Startup Cost": 1563951.5, "Total Cost": 1568224.91, "Plan Rows": 854611, "Plan Width": 44, "Inner Unique": false, "Merge Cond": "(partsupp.ps_suppkey = supplier.s_suppkey)", "Plans": [{"Node Type": "Sort", "Parent Relationship": "Outer", "Startup Cost": 1560418.33, "Total Cost": 1562554.9, "Plan Rows": 854625, "Plan Width": 44, "Sort Key": ["partsupp.ps_suppkey"], "Plans": [{"Node Type": "Nested Loop", "Parent Relationship": "Outer", "Join Type": "Inner", "Startup Cost": 0.68, "Total Cost": 1476216.7, "Plan Rows": 854625, "Plan Width": 44, "Inner Unique": false, "Plans": [{"Node Type": "Streaming(type: LOCAL GATHER dop: 1/64)", "Parent Relationship": "Outer", "Startup Cost": 0.0, "Total Cost": 70539.85, "Plan Rows": 295844, "Plan Width": 44, "Plans": [{"Node Type": "Seq Scan", "Parent Relationship": "Outer", "Relation Name": "part", "Alias": "part", "Startup Cost": 0.0, "Total Cost": 64436.62, "Plan Rows": 295844, "Plan Width": 44, "Filter": "((p_brand <> 'Brand#34'::bpchar) AND ((p_type)::text !~~ 'LARGE BRUSHED%'::text) AND (p_size = ANY ('{48,19,12,4,41,7,21,39}'::integer[]))), (LLVM Optimized)"}]}, {"Node Type": "Bitmap Heap Scan", "Parent Relationship": "Inner", "Relation Name": "partsupp", "Alias": "partsupp", "Startup Cost": 0.68, "Total Cost": 4.72, "Plan Rows": 3, "Plan Width": 16, "Recheck Cond": "(ps_partkey = part.p_partkey)", "Plans": [{"Node Type": "Bitmap Index Scan", "Parent Relationship": "Outer", "Index Name": "idx_partsupp_partkey", "Startup Cost": 0.0, "Total Cost": 0.68, "Plan Rows": 3, "Plan Width": 0, "Index Cond": "(ps_partkey = part.p_partkey)"}]}]}]}, {"Node Type": "Sort", "Parent Relationship": "Inner", "Startup Cost": 3533.17, "Total Cost": 3533.19, "Plan Rows": 10, "Plan Width": 8, "Sort Key": ["supplier.s_suppkey"], "Plans": [{"Node Type": "Seq Scan", "Parent Relationship": "Outer", "Relation Name": "supplier", "Alias": "supplier", "Startup Cost": 0.0, "Total Cost": 3533.0, "Plan Rows": 10, "Plan Width": 8, "Filter": "((s_comment)::text ~~ '%Customer%Complaints%'::text)"}]}]}]}]}]}, "Unique SQL Id": 1437012347}, "explain_analyze_plan": {"Plan": {"Node Type": "Sort", "Startup Cost": 1581786.47, "Total Cost": 1581855.81, "Plan Rows": 27736, "Plan Width": 60, "Actual Min Startup Time": 6479.191, "Actual Max Startup Time": 6479.191, "Actual Min Total Time": 6482.038, "Actual Max Total Time": 6482.038, "Actual Total Rows": 27838, "Sort Key": ["(count(partsupp.ps_suppkey)) DESC", "part.p_brand", "part.p_type", "part.p_size"], "Sort Method": "quicksort", "Sort Space Min Used": 5082, "Sort Space Max Used": 5082, "Sort Space Type": "Memory", "Plans": [{"Node Type": "Aggregate", "Strategy": "Hashed", "Parent Relationship": "Outer", "Startup Cost": 1579462.27, "Total Cost": 1579739.63, "Plan Rows": 27736, "Plan Width": 60, "Actual Min Startup Time": 6380.48, "Actual Max Startup Time": 6380.48, "Actual Min Total Time": 6389.068, "Actual Max Total Time": 6389.068, "Actual Total Rows": 27838, "Group By Key": ["part.p_brand", "part.p_type", "part.p_size"], "Plans": [{"Node Type": "Aggregate", "Strategy": "Hashed", "Parent Relationship": "Outer", "Startup Cost": 1578907.55, "Total Cost": 1579184.91, "Plan Rows": 27736, "Plan Width": 52, "Actual Min Startup Time": 4915.444, "Actual Max Startup Time": 4915.444, "Actual Min Total Time": 5425.604, "Actual Max Total Time": 5425.604, "Actual Total Rows": 1188428, "Group By Key": ["part.p_brand", "part.p_type", "part.p_size", "partsupp.ps_suppkey"], "Plans": [{"Node Type": "Merge Join", "Parent Relationship": "Outer", "Join Type": "Anti", "Startup Cost": 1563951.5, "Total Cost": 1568224.91, "Plan Rows": 854611, "Plan Width": 44, "Actual Min Startup Time": 3330.233, "Actual Max Startup Time": 3330.233, "Actual Min Total Time": 3950.097, "Actual Max Total Time": 3950.097, "Actual Total Rows": 1188666, "Inner Unique": false, "Merge Cond": "(partsupp.ps_suppkey = supplier.s_suppkey)", "Plans": [{"Node Type": "Sort", "Parent Relationship": "Outer", "Startup Cost": 1560418.33, "Total Cost": 1562554.9, "Plan Rows": 854625, "Plan Width": 44, "Actual Min Startup Time": 3278.226, "Actual Max Startup Time": 3278.226, "Actual Min Total Time": 3579.065, "Actual Max Total Time": 3579.065, "Actual Total Rows": 1189344, "Sort Key": ["partsupp.ps_suppkey"], "Sort Method": "quicksort", "Sort Space Min Used": 233478, "Sort Space Max Used": 233478, "Sort Space Type": "Memory", "Plans": [{"Node Type": "Nested Loop", "Parent Relationship": "Outer", "Join Type": "Inner", "Startup Cost": 0.68, "Total Cost": 1476216.7, "Plan Rows": 854625, "Plan Width": 44, "Actual Min Startup Time": 74.283, "Actual Max Startup Time": 74.283, "Actual Min Total Time": 2747.386, "Actual Max Total Time": 2747.386, "Actual Total Rows": 1189344, "Inner Unique": false, "Plans": [{"Node Type": "Streaming(type: LOCAL GATHER dop: 1/64)", "Parent Relationship": "Outer", "Startup Cost": 0.0, "Total Cost": 70539.85, "Plan Rows": 295844, "Plan Width": 44, "Actual Min Startup Time": 74.097, "Actual Max Startup Time": 74.097, "Actual Min Total Time": 199.81, "Actual Max Total Time": 199.81, "Actual Total Rows": 297336, "Plans": [{"Node Type": "Seq Scan", "Parent Relationship": "Outer", "Relation Name": "part", "Alias": "part", "Startup Cost": 0.0, "Total Cost": 64436.62, "Plan Rows": 295844, "Plan Width": 44, "Actual Min Startup Time": 0.026, "Actual Max Startup Time": 0.078, "Actual Min Total Time": 17.933, "Actual Max Total Time": 28.65, "Actual Total Rows": 297336, "Filter": "((p_brand <> 'Brand#34'::bpchar) AND ((p_type)::text !~~ 'LARGE BRUSHED%'::text) AND (p_size = ANY ('{48,19,12,4,41,7,21,39}'::integer[]))), (LLVM Optimized, Jit Execute)", "Rows Removed by Filter": 1702664}]}, {"Node Type": "Bitmap Heap Scan", "Parent Relationship": "Inner", "Relation Name": "partsupp", "Alias": "partsupp", "Startup Cost": 0.68, "Total Cost": 4.72, "Plan Rows": 3, "Plan Width": 16, "Actual Min Startup Time": 1764.438, "Actual Max Startup Time": 1764.438, "Actual Min Total Time": 1966.728, "Actual Max Total Time": 1966.728, "Actual Total Rows": 1189344, "Recheck Cond": "(ps_partkey = part.p_partkey)", "Rows Removed by Index Recheck": 0, "Exact Heap Blocks": 324809, "Lossy Heap Blocks": 324809, "Plans": [{"Node Type": "Bitmap Index Scan", "Parent Relationship": "Outer", "Index Name": "idx_partsupp_partkey", "Startup Cost": 0.0, "Total Cost": 0.68, "Plan Rows": 3, "Plan Width": 0, "Actual Min Startup Time": 936.685, "Actual Max Startup Time": 936.685, "Actual Min Total Time": 936.685, "Actual Max Total Time": 936.685, "Actual Total Rows": 1189344, "Index Cond": "(ps_partkey = part.p_partkey)"}]}]}]}, {"Node Type": "Sort", "Parent Relationship": "Inner", "Startup Cost": 3533.17, "Total Cost": 3533.19, "Plan Rows": 10, "Plan Width": 8, "Actual Min Startup Time": 51.991, "Actual Max Startup Time": 51.991, "Actual Min Total Time": 52.014, "Actual Max Total Time": 52.014, "Actual Total Rows": 56, "Sort Key": ["supplier.s_suppkey"], "Sort Method": "quicksort", "Sort Space Min Used": 28, "Sort Space Max Used": 28, "Sort Space Type": "Memory", "Plans": [{"Node Type": "Seq Scan", "Parent Relationship": "Outer", "Relation Name": "supplier", "Alias": "supplier", "Startup Cost": 0.0, "Total Cost": 3533.0, "Plan Rows": 10, "Plan Width": 8, "Actual Min Startup Time": 0.266, "Actual Max Startup Time": 0.266, "Actual Min Total Time": 51.897, "Actual Max Total Time": 51.897, "Actual Total Rows": 56, "Filter": "((s_comment)::text ~~ '%Customer%Complaints%'::text)", "Rows Removed by Filter": 99944}]}]}]}]}]}, "Triggers": [], "Planner Runtime": 1.494, "Total Runtime": 6505.226, "Unique SQL Id": 1437012347}}, "(64, 19)": {"explain_plan": {"Plan": {"Node Type": "Sort", "Startup Cost": 1644169.08, "Total Cost": 1644238.42, "Plan Rows": 27736, "Plan Width": 60, "Sort Key": ["(count(partsupp.ps_suppkey)) DESC", "part.p_brand", "part.p_type", "part.p_size"], "Plans": [{"Node Type": "Aggregate", "Strategy": "Hashed", "Parent Relationship": "Outer", "Startup Cost": 1641844.88, "Total Cost": 1642122.24, "Plan Rows": 27736, "Plan Width": 60, "Group By Key": ["part.p_brand", "part.p_type", "part.p_size"], "Plans": [{"Node Type": "Aggregate", "Strategy": "Hashed", "Parent Relationship": "Outer", "Startup Cost": 1641290.16, "Total Cost": 1641567.52, "Plan Rows": 27736, "Plan Width": 52, "Group By Key": ["part.p_brand", "part.p_type", "part.p_size", "partsupp.ps_suppkey"], "Plans": [{"Node Type": "Merge Join", "Parent Relationship": "Outer", "Join Type": "Anti", "Startup Cost": 1626334.11, "Total Cost": 1630607.52, "Plan Rows": 854611, "Plan Width": 44, "Inner Unique": false, "Merge Cond": "(partsupp.ps_suppkey = supplier.s_suppkey)", "Plans": [{"Node Type": "Sort", "Parent Relationship": "Outer", "Startup Cost": 1620752.69, "Total Cost": 1622889.25, "Plan Rows": 854625, "Plan Width": 44, "Sort Key": ["partsupp.ps_suppkey"], "Plans": [{"Node Type": "Nested Loop", "Parent Relationship": "Outer", "Join Type": "Inner", "Startup Cost": 38930.89, "Total Cost": 1536551.05, "Plan Rows": 854625, "Plan Width": 44, "Inner Unique": false, "Plans": [{"Node Type": "Bitmap Heap Scan", "Parent Relationship": "Outer", "Relation Name": "part", "Alias": "part", "Startup Cost": 38930.21, "Total Cost": 130874.21, "Plan Rows": 295844, "Plan Width": 44, "Filter": "((p_brand <> 'Brand#34'::bpchar) AND ((p_type)::text !~~ 'LARGE BRUSHED%'::text) AND (p_size = ANY ('{48,19,12,4,41,7,21,39}'::integer[]))), (LLVM Optimized)", "Plans": [{"Node Type": "Bitmap Index Scan", "Parent Relationship": "Outer", "Index Name": "part_kpey", "Startup Cost": 0.0, "Total Cost": 38856.25, "Plan Rows": 2000000, "Plan Width": 0}]}, {"Node Type": "Bitmap Heap Scan", "Parent Relationship": "Inner", "Relation Name": "partsupp", "Alias": "partsupp", "Startup Cost": 0.68, "Total Cost": 4.72, "Plan Rows": 3, "Plan Width": 16, "Recheck Cond": "(ps_partkey = part.p_partkey)", "Plans": [{"Node Type": "Bitmap Index Scan", "Parent Relationship": "Outer", "Index Name": "idx_partsupp_partkey", "Startup Cost": 0.0, "Total Cost": 0.68, "Plan Rows": 3, "Plan Width": 0, "Index Cond": "(ps_partkey = part.p_partkey)"}]}]}]}, {"Node Type": "Sort", "Parent Relationship": "Inner", "Startup Cost": 5581.42, "Total Cost": 5581.44, "Plan Rows": 10, "Plan Width": 8, "Sort Key": ["supplier.s_suppkey"], "Plans": [{"Node Type": "Bitmap Heap Scan", "Parent Relationship": "Outer", "Relation Name": "supplier", "Alias": "supplier", "Startup Cost": 2048.25, "Total Cost": 5581.25, "Plan Rows": 10, "Plan Width": 8, "Filter": "((s_comment)::text ~~ '%Customer%Complaints%'::text)", "Plans": [{"Node Type": "Bitmap Index Scan", "Parent Relationship": "Outer", "Index Name": "supplier_pkey", "Startup Cost": 0.0, "Total Cost": 2048.25, "Plan Rows": 100000, "Plan Width": 0}]}]}]}]}]}]}, "Unique SQL Id": 1437012347}, "explain_analyze_plan": null}, "(64, 20)": {"explain_plan": {"Plan": {"Node Type": "Sort", "Startup Cost": 697138.19, "Total Cost": 697207.53, "Plan Rows": 27736, "Plan Width": 60, "Sort Key": ["(count(partsupp.ps_suppkey)) DESC", "part.p_brand", "part.p_type", "part.p_size"], "Plans": [{"Node Type": "Aggregate", "Strategy": "Hashed", "Parent Relationship": "Outer", "Startup Cost": 694813.99, "Total Cost": 695091.35, "Plan Rows": 27736, "Plan Width": 60, "Group By Key": ["part.p_brand", "part.p_type", "part.p_size"], "Plans": [{"Node Type": "Aggregate", "Strategy": "Hashed", "Parent Relationship": "Outer", "Startup Cost": 694259.27, "Total Cost": 694536.63, "Plan Rows": 27736, "Plan Width": 52, "Group By Key": ["part.p_brand", "part.p_type", "part.p_size", "partsupp.ps_suppkey"], "Plans": [{"Node Type": "Merge Join", "Parent Relationship": "Outer", "Join Type": "Anti", "Startup Cost": 679303.22, "Total Cost": 683576.63, "Plan Rows": 854611, "Plan Width": 44, "Inner Unique": false, "Merge Cond": "(partsupp.ps_suppkey = supplier.s_suppkey)", "Plans": [{"Node Type": "Sort", "Parent Relationship": "Outer", "Startup Cost": 675770.05, "Total Cost": 677906.61, "Plan Rows": 854625, "Plan Width": 44, "Sort Key": ["partsupp.ps_suppkey"], "Plans": [{"Node Type": "Merge Join", "Parent Relationship": "Outer", "Join Type": "Inner", "Startup Cost": 7.9, "Total Cost": 591568.41, "Plan Rows": 854625, "Plan Width": 44, "Inner Unique": false, "Merge Cond": "(part.p_partkey = partsupp.ps_partkey)", "Plans": [{"Node Type": "Index Scan", "Parent Relationship": "Outer", "Scan Direction": "Forward", "Index Name": "part_kpey", "Relation Name": "part", "Alias": "part", "Startup Cost": 0.0, "Total Cost": 130803.25, "Plan Rows": 295844, "Plan Width": 44, "Filter": "((p_brand <> 'Brand#34'::bpchar) AND ((p_type)::text !~~ 'LARGE BRUSHED%'::text) AND (p_size = ANY ('{48,19,12,4,41,7,21,39}'::integer[]))), (LLVM Optimized)"}, {"Node Type": "Index Scan", "Parent Relationship": "Inner", "Scan Direction": "Forward", "Index Name": "idx_partsupp_partkey", "Relation Name": "partsupp", "Alias": "partsupp", "Startup Cost": 0.0, "Total Cost": 431485.03, "Plan Rows": 8000372, "Plan Width": 16}]}]}, {"Node Type": "Sort", "Parent Relationship": "Inner", "Startup Cost": 3533.17, "Total Cost": 3533.19, "Plan Rows": 10, "Plan Width": 8, "Sort Key": ["supplier.s_suppkey"], "Plans": [{"Node Type": "Seq Scan", "Parent Relationship": "Outer", "Relation Name": "supplier", "Alias": "supplier", "Startup Cost": 0.0, "Total Cost": 3533.0, "Plan Rows": 10, "Plan Width": 8, "Filter": "((s_comment)::text ~~ '%Customer%Complaints%'::text)"}]}]}]}]}]}, "Unique SQL Id": 1437012347}, "explain_analyze_plan": null}, "(64, 21)": {"explain_plan": {"Plan": {"Node Type": "Sort", "Startup Cost": 699189.57, "Total Cost": 699258.91, "Plan Rows": 27736, "Plan Width": 60, "Sort Key": ["(count(partsupp.ps_suppkey)) DESC", "part.p_brand", "part.p_type", "part.p_size"], "Plans": [{"Node Type": "Aggregate", "Strategy": "Hashed", "Parent Relationship": "Outer", "Startup Cost": 696865.36, "Total Cost": 697142.72, "Plan Rows": 27736, "Plan Width": 60, "Group By Key": ["part.p_brand", "part.p_type", "part.p_size"], "Plans": [{"Node Type": "Aggregate", "Strategy": "Hashed", "Parent Relationship": "Outer", "Startup Cost": 696310.64, "Total Cost": 696588.0, "Plan Rows": 27736, "Plan Width": 52, "Group By Key": ["part.p_brand", "part.p_type", "part.p_size", "partsupp.ps_suppkey"], "Plans": [{"Node Type": "Merge Join", "Parent Relationship": "Outer", "Join Type": "Anti", "Startup Cost": 675770.05, "Total Cost": 685628.01, "Plan Rows": 854611, "Plan Width": 44, "Inner Unique": false, "Merge Cond": "(partsupp.ps_suppkey = supplier.s_suppkey)", "Plans": [{"Node Type": "Sort", "Parent Relationship": "Outer", "Startup Cost": 675770.05, "Total Cost": 677906.61, "Plan Rows": 854625, "Plan Width": 44, "Sort Key": ["partsupp.ps_suppkey"], "Plans": [{"Node Type": "Merge Join", "Parent Relationship": "Outer", "Join Type": "Inner", "Startup Cost": 7.9, "Total Cost": 591568.41, "Plan Rows": 854625, "Plan Width": 44, "Inner Unique": false, "Merge Cond": "(part.p_partkey = partsupp.ps_partkey)", "Plans": [{"Node Type": "Index Scan", "Parent Relationship": "Outer", "Scan Direction": "Forward", "Index Name": "part_kpey", "Relation Name": "part", "Alias": "part", "Startup Cost": 0.0, "Total Cost": 130803.25, "Plan Rows": 295844, "Plan Width": 44, "Filter": "((p_brand <> 'Brand#34'::bpchar) AND ((p_type)::text !~~ 'LARGE BRUSHED%'::text) AND (p_size = ANY ('{48,19,12,4,41,7,21,39}'::integer[]))), (LLVM Optimized)"}, {"Node Type": "Index Scan", "Parent Relationship": "Inner", "Scan Direction": "Forward", "Index Name": "idx_partsupp_partkey", "Relation Name": "partsupp", "Alias": "partsupp", "Startup Cost": 0.0, "Total Cost": 431485.03, "Plan Rows": 8000372, "Plan Width": 16}]}]}, {"Node Type": "Materialize", "Parent Relationship": "Inner", "Startup Cost": 0.0, "Total Cost": 5584.57, "Plan Rows": 10, "Plan Width": 8, "Plans": [{"Node Type": "Index Scan", "Parent Relationship": "Outer", "Scan Direction": "Forward", "Index Name": "supplier_pkey", "Relation Name": "supplier", "Alias": "supplier", "Startup Cost": 0.0, "Total Cost": 5584.54, "Plan Rows": 10, "Plan Width": 8, "Filter": "((s_comment)::text ~~ '%Customer%Complaints%'::text)"}]}]}]}]}]}, "Unique SQL Id": 1437012347}, "explain_analyze_plan": null}, "(64, 22)": {"explain_plan": {"Plan": {"Node Type": "Sort", "Startup Cost": 1581786.47, "Total Cost": 1581855.81, "Plan Rows": 27736, "Plan Width": 60, "Sort Key": ["(count(partsupp.ps_suppkey)) DESC", "part.p_brand", "part.p_type", "part.p_size"], "Plans": [{"Node Type": "Aggregate", "Strategy": "Hashed", "Parent Relationship": "Outer", "Startup Cost": 1579462.27, "Total Cost": 1579739.63, "Plan Rows": 27736, "Plan Width": 60, "Group By Key": ["part.p_brand", "part.p_type", "part.p_size"], "Plans": [{"Node Type": "Aggregate", "Strategy": "Hashed", "Parent Relationship": "Outer", "Startup Cost": 1578907.55, "Total Cost": 1579184.91, "Plan Rows": 27736, "Plan Width": 52, "Group By Key": ["part.p_brand", "part.p_type", "part.p_size", "partsupp.ps_suppkey"], "Plans": [{"Node Type": "Merge Join", "Parent Relationship": "Outer", "Join Type": "Anti", "Startup Cost": 1563951.5, "Total Cost": 1568224.91, "Plan Rows": 854611, "Plan Width": 44, "Inner Unique": false, "Merge Cond": "(partsupp.ps_suppkey = supplier.s_suppkey)", "Plans": [{"Node Type": "Sort", "Parent Relationship": "Outer", "Startup Cost": 1560418.33, "Total Cost": 1562554.9, "Plan Rows": 854625, "Plan Width": 44, "Sort Key": ["partsupp.ps_suppkey"], "Plans": [{"Node Type": "Nested Loop", "Parent Relationship": "Outer", "Join Type": "Inner", "Startup Cost": 0.68, "Total Cost": 1476216.7, "Plan Rows": 854625, "Plan Width": 44, "Inner Unique": false, "Plans": [{"Node Type": "Streaming(type: LOCAL GATHER dop: 1/64)", "Parent Relationship": "Outer", "Startup Cost": 0.0, "Total Cost": 70539.85, "Plan Rows": 295844, "Plan Width": 44, "Plans": [{"Node Type": "Seq Scan", "Parent Relationship": "Outer", "Relation Name": "part", "Alias": "part", "Startup Cost": 0.0, "Total Cost": 64436.62, "Plan Rows": 295844, "Plan Width": 44, "Filter": "((p_brand <> 'Brand#34'::bpchar) AND ((p_type)::text !~~ 'LARGE BRUSHED%'::text) AND (p_size = ANY ('{48,19,12,4,41,7,21,39}'::integer[]))), (LLVM Optimized)"}]}, {"Node Type": "Bitmap Heap Scan", "Parent Relationship": "Inner", "Relation Name": "partsupp", "Alias": "partsupp", "Startup Cost": 0.68, "Total Cost": 4.72, "Plan Rows": 3, "Plan Width": 16, "Recheck Cond": "(ps_partkey = part.p_partkey)", "Plans": [{"Node Type": "Bitmap Index Scan", "Parent Relationship": "Outer", "Index Name": "idx_partsupp_partkey", "Startup Cost": 0.0, "Total Cost": 0.68, "Plan Rows": 3, "Plan Width": 0, "Index Cond": "(ps_partkey = part.p_partkey)"}]}]}]}, {"Node Type": "Sort", "Parent Relationship": "Inner", "Startup Cost": 3533.17, "Total Cost": 3533.19, "Plan Rows": 10, "Plan Width": 8, "Sort Key": ["supplier.s_suppkey"], "Plans": [{"Node Type": "Seq Scan", "Parent Relationship": "Outer", "Relation Name": "supplier", "Alias": "supplier", "Startup Cost": 0.0, "Total Cost": 3533.0, "Plan Rows": 10, "Plan Width": 8, "Filter": "((s_comment)::text ~~ '%Customer%Complaints%'::text)"}]}]}]}]}]}, "Unique SQL Id": 1437012347}, "explain_analyze_plan": {"Plan": {"Node Type": "Sort", "Startup Cost": 1581786.47, "Total Cost": 1581855.81, "Plan Rows": 27736, "Plan Width": 60, "Actual Min Startup Time": 6479.191, "Actual Max Startup Time": 6479.191, "Actual Min Total Time": 6482.038, "Actual Max Total Time": 6482.038, "Actual Total Rows": 27838, "Sort Key": ["(count(partsupp.ps_suppkey)) DESC", "part.p_brand", "part.p_type", "part.p_size"], "Sort Method": "quicksort", "Sort Space Min Used": 5082, "Sort Space Max Used": 5082, "Sort Space Type": "Memory", "Plans": [{"Node Type": "Aggregate", "Strategy": "Hashed", "Parent Relationship": "Outer", "Startup Cost": 1579462.27, "Total Cost": 1579739.63, "Plan Rows": 27736, "Plan Width": 60, "Actual Min Startup Time": 6380.48, "Actual Max Startup Time": 6380.48, "Actual Min Total Time": 6389.068, "Actual Max Total Time": 6389.068, "Actual Total Rows": 27838, "Group By Key": ["part.p_brand", "part.p_type", "part.p_size"], "Plans": [{"Node Type": "Aggregate", "Strategy": "Hashed", "Parent Relationship": "Outer", "Startup Cost": 1578907.55, "Total Cost": 1579184.91, "Plan Rows": 27736, "Plan Width": 52, "Actual Min Startup Time": 4915.444, "Actual Max Startup Time": 4915.444, "Actual Min Total Time": 5425.604, "Actual Max Total Time": 5425.604, "Actual Total Rows": 1188428, "Group By Key": ["part.p_brand", "part.p_type", "part.p_size", "partsupp.ps_suppkey"], "Plans": [{"Node Type": "Merge Join", "Parent Relationship": "Outer", "Join Type": "Anti", "Startup Cost": 1563951.5, "Total Cost": 1568224.91, "Plan Rows": 854611, "Plan Width": 44, "Actual Min Startup Time": 3330.233, "Actual Max Startup Time": 3330.233, "Actual Min Total Time": 3950.097, "Actual Max Total Time": 3950.097, "Actual Total Rows": 1188666, "Inner Unique": false, "Merge Cond": "(partsupp.ps_suppkey = supplier.s_suppkey)", "Plans": [{"Node Type": "Sort", "Parent Relationship": "Outer", "Startup Cost": 1560418.33, "Total Cost": 1562554.9, "Plan Rows": 854625, "Plan Width": 44, "Actual Min Startup Time": 3278.226, "Actual Max Startup Time": 3278.226, "Actual Min Total Time": 3579.065, "Actual Max Total Time": 3579.065, "Actual Total Rows": 1189344, "Sort Key": ["partsupp.ps_suppkey"], "Sort Method": "quicksort", "Sort Space Min Used": 233478, "Sort Space Max Used": 233478, "Sort Space Type": "Memory", "Plans": [{"Node Type": "Nested Loop", "Parent Relationship": "Outer", "Join Type": "Inner", "Startup Cost": 0.68, "Total Cost": 1476216.7, "Plan Rows": 854625, "Plan Width": 44, "Actual Min Startup Time": 74.283, "Actual Max Startup Time": 74.283, "Actual Min Total Time": 2747.386, "Actual Max Total Time": 2747.386, "Actual Total Rows": 1189344, "Inner Unique": false, "Plans": [{"Node Type": "Streaming(type: LOCAL GATHER dop: 1/64)", "Parent Relationship": "Outer", "Startup Cost": 0.0, "Total Cost": 70539.85, "Plan Rows": 295844, "Plan Width": 44, "Actual Min Startup Time": 74.097, "Actual Max Startup Time": 74.097, "Actual Min Total Time": 199.81, "Actual Max Total Time": 199.81, "Actual Total Rows": 297336, "Plans": [{"Node Type": "Seq Scan", "Parent Relationship": "Outer", "Relation Name": "part", "Alias": "part", "Startup Cost": 0.0, "Total Cost": 64436.62, "Plan Rows": 295844, "Plan Width": 44, "Actual Min Startup Time": 0.026, "Actual Max Startup Time": 0.078, "Actual Min Total Time": 17.933, "Actual Max Total Time": 28.65, "Actual Total Rows": 297336, "Filter": "((p_brand <> 'Brand#34'::bpchar) AND ((p_type)::text !~~ 'LARGE BRUSHED%'::text) AND (p_size = ANY ('{48,19,12,4,41,7,21,39}'::integer[]))), (LLVM Optimized, Jit Execute)", "Rows Removed by Filter": 1702664}]}, {"Node Type": "Bitmap Heap Scan", "Parent Relationship": "Inner", "Relation Name": "partsupp", "Alias": "partsupp", "Startup Cost": 0.68, "Total Cost": 4.72, "Plan Rows": 3, "Plan Width": 16, "Actual Min Startup Time": 1764.438, "Actual Max Startup Time": 1764.438, "Actual Min Total Time": 1966.728, "Actual Max Total Time": 1966.728, "Actual Total Rows": 1189344, "Recheck Cond": "(ps_partkey = part.p_partkey)", "Rows Removed by Index Recheck": 0, "Exact Heap Blocks": 324809, "Lossy Heap Blocks": 324809, "Plans": [{"Node Type": "Bitmap Index Scan", "Parent Relationship": "Outer", "Index Name": "idx_partsupp_partkey", "Startup Cost": 0.0, "Total Cost": 0.68, "Plan Rows": 3, "Plan Width": 0, "Actual Min Startup Time": 936.685, "Actual Max Startup Time": 936.685, "Actual Min Total Time": 936.685, "Actual Max Total Time": 936.685, "Actual Total Rows": 1189344, "Index Cond": "(ps_partkey = part.p_partkey)"}]}]}]}, {"Node Type": "Sort", "Parent Relationship": "Inner", "Startup Cost": 3533.17, "Total Cost": 3533.19, "Plan Rows": 10, "Plan Width": 8, "Actual Min Startup Time": 51.991, "Actual Max Startup Time": 51.991, "Actual Min Total Time": 52.014, "Actual Max Total Time": 52.014, "Actual Total Rows": 56, "Sort Key": ["supplier.s_suppkey"], "Sort Method": "quicksort", "Sort Space Min Used": 28, "Sort Space Max Used": 28, "Sort Space Type": "Memory", "Plans": [{"Node Type": "Seq Scan", "Parent Relationship": "Outer", "Relation Name": "supplier", "Alias": "supplier", "Startup Cost": 0.0, "Total Cost": 3533.0, "Plan Rows": 10, "Plan Width": 8, "Actual Min Startup Time": 0.266, "Actual Max Startup Time": 0.266, "Actual Min Total Time": 51.897, "Actual Max Total Time": 51.897, "Actual Total Rows": 56, "Filter": "((s_comment)::text ~~ '%Customer%Complaints%'::text)", "Rows Removed by Filter": 99944}]}]}]}]}]}, "Triggers": [], "Planner Runtime": 1.494, "Total Runtime": 6505.226, "Unique SQL Id": 1437012347}}, "(64, 23)": {"explain_plan": {"Plan": {"Node Type": "Sort", "Startup Cost": 1644169.08, "Total Cost": 1644238.42, "Plan Rows": 27736, "Plan Width": 60, "Sort Key": ["(count(partsupp.ps_suppkey)) DESC", "part.p_brand", "part.p_type", "part.p_size"], "Plans": [{"Node Type": "Aggregate", "Strategy": "Hashed", "Parent Relationship": "Outer", "Startup Cost": 1641844.88, "Total Cost": 1642122.24, "Plan Rows": 27736, "Plan Width": 60, "Group By Key": ["part.p_brand", "part.p_type", "part.p_size"], "Plans": [{"Node Type": "Aggregate", "Strategy": "Hashed", "Parent Relationship": "Outer", "Startup Cost": 1641290.16, "Total Cost": 1641567.52, "Plan Rows": 27736, "Plan Width": 52, "Group By Key": ["part.p_brand", "part.p_type", "part.p_size", "partsupp.ps_suppkey"], "Plans": [{"Node Type": "Merge Join", "Parent Relationship": "Outer", "Join Type": "Anti", "Startup Cost": 1626334.11, "Total Cost": 1630607.52, "Plan Rows": 854611, "Plan Width": 44, "Inner Unique": false, "Merge Cond": "(partsupp.ps_suppkey = supplier.s_suppkey)", "Plans": [{"Node Type": "Sort", "Parent Relationship": "Outer", "Startup Cost": 1620752.69, "Total Cost": 1622889.25, "Plan Rows": 854625, "Plan Width": 44, "Sort Key": ["partsupp.ps_suppkey"], "Plans": [{"Node Type": "Nested Loop", "Parent Relationship": "Outer", "Join Type": "Inner", "Startup Cost": 38930.89, "Total Cost": 1536551.05, "Plan Rows": 854625, "Plan Width": 44, "Inner Unique": false, "Plans": [{"Node Type": "Bitmap Heap Scan", "Parent Relationship": "Outer", "Relation Name": "part", "Alias": "part", "Startup Cost": 38930.21, "Total Cost": 130874.21, "Plan Rows": 295844, "Plan Width": 44, "Filter": "((p_brand <> 'Brand#34'::bpchar) AND ((p_type)::text !~~ 'LARGE BRUSHED%'::text) AND (p_size = ANY ('{48,19,12,4,41,7,21,39}'::integer[]))), (LLVM Optimized)", "Plans": [{"Node Type": "Bitmap Index Scan", "Parent Relationship": "Outer", "Index Name": "part_kpey", "Startup Cost": 0.0, "Total Cost": 38856.25, "Plan Rows": 2000000, "Plan Width": 0}]}, {"Node Type": "Bitmap Heap Scan", "Parent Relationship": "Inner", "Relation Name": "partsupp", "Alias": "partsupp", "Startup Cost": 0.68, "Total Cost": 4.72, "Plan Rows": 3, "Plan Width": 16, "Recheck Cond": "(ps_partkey = part.p_partkey)", "Plans": [{"Node Type": "Bitmap Index Scan", "Parent Relationship": "Outer", "Index Name": "idx_partsupp_partkey", "Startup Cost": 0.0, "Total Cost": 0.68, "Plan Rows": 3, "Plan Width": 0, "Index Cond": "(ps_partkey = part.p_partkey)"}]}]}]}, {"Node Type": "Sort", "Parent Relationship": "Inner", "Startup Cost": 5581.42, "Total Cost": 5581.44, "Plan Rows": 10, "Plan Width": 8, "Sort Key": ["supplier.s_suppkey"], "Plans": [{"Node Type": "Bitmap Heap Scan", "Parent Relationship": "Outer", "Relation Name": "supplier", "Alias": "supplier", "Startup Cost": 2048.25, "Total Cost": 5581.25, "Plan Rows": 10, "Plan Width": 8, "Filter": "((s_comment)::text ~~ '%Customer%Complaints%'::text)", "Plans": [{"Node Type": "Bitmap Index Scan", "Parent Relationship": "Outer", "Index Name": "supplier_pkey", "Startup Cost": 0.0, "Total Cost": 2048.25, "Plan Rows": 100000, "Plan Width": 0}]}]}]}]}]}]}, "Unique SQL Id": 1437012347}, "explain_analyze_plan": null}, "(64, 24)": {"explain_plan": {"Plan": {"Node Type": "Sort", "Startup Cost": 433760.59, "Total Cost": 433829.93, "Plan Rows": 27736, "Plan Width": 60, "Sort Key": ["(count(partsupp.ps_suppkey)) DESC", "part.p_brand", "part.p_type", "part.p_size"], "Plans": [{"Node Type": "Aggregate", "Strategy": "Hashed", "Parent Relationship": "Outer", "Startup Cost": 431436.38, "Total Cost": 431713.74, "Plan Rows": 27736, "Plan Width": 60, "Group By Key": ["part.p_brand", "part.p_type", "part.p_size"], "Plans": [{"Node Type": "Aggregate", "Strategy": "Hashed", "Parent Relationship": "Outer", "Startup Cost": 430881.66, "Total Cost": 431159.02, "Plan Rows": 27736, "Plan Width": 52, "Group By Key": ["part.p_brand", "part.p_type", "part.p_size", "partsupp.ps_suppkey"], "Plans": [{"Node Type": "Merge Join", "Parent Relationship": "Outer", "Join Type": "Anti", "Startup Cost": 415925.62, "Total Cost": 420199.03, "Plan Rows": 854611, "Plan Width": 44, "Inner Unique": false, "Merge Cond": "(partsupp.ps_suppkey = supplier.s_suppkey)", "Plans": [{"Node Type": "Sort", "Parent Relationship": "Outer", "Startup Cost": 412392.45, "Total Cost": 414529.01, "Plan Rows": 854625, "Plan Width": 44, "Sort Key": ["partsupp.ps_suppkey"], "Plans": [{"Node Type": "Nested Loop", "Parent Relationship": "Outer", "Join Type": "Inner", "Startup Cost": 0.0, "Total Cost": 328190.81, "Plan Rows": 854625, "Plan Width": 44, "Inner Unique": false, "Plans": [{"Node Type": "Streaming(type: LOCAL GATHER dop: 1/64)", "Parent Relationship": "Outer", "Startup Cost": 0.0, "Total Cost": 70539.85, "Plan Rows": 295844, "Plan Width": 44, "Plans": [{"Node Type": "Seq Scan", "Parent Relationship": "Outer", "Relation Name": "part", "Alias": "part", "Startup Cost": 0.0, "Total Cost": 64436.62, "Plan Rows": 295844, "Plan Width": 44, "Filter": "((p_brand <> 'Brand#34'::bpchar) AND ((p_type)::text !~~ 'LARGE BRUSHED%'::text) AND (p_size = ANY ('{48,19,12,4,41,7,21,39}'::integer[]))), (LLVM Optimized)"}]}, {"Node Type": "Index Only Scan", "Parent Relationship": "Inner", "Scan Direction": "Forward", "Index Name": "partsupp_pkey", "Relation Name": "partsupp", "Alias": "partsupp", "Startup Cost": 0.0, "Total Cost": 0.84, "Plan Rows": 3, "Plan Width": 16, "Index Cond": "(ps_partkey = part.p_partkey)"}]}]}, {"Node Type": "Sort", "Parent Relationship": "Inner", "Startup Cost": 3533.17, "Total Cost": 3533.19, "Plan Rows": 10, "Plan Width": 8, "Sort Key": ["supplier.s_suppkey"], "Plans": [{"Node Type": "Seq Scan", "Parent Relationship": "Outer", "Relation Name": "supplier", "Alias": "supplier", "Startup Cost": 0.0, "Total Cost": 3533.0, "Plan Rows": 10, "Plan Width": 8, "Filter": "((s_comment)::text ~~ '%Customer%Complaints%'::text)"}]}]}]}]}]}, "Unique SQL Id": 1437012347}, "explain_analyze_plan": {"Plan": {"Node Type": "Sort", "Startup Cost": 433760.59, "Total Cost": 433829.93, "Plan Rows": 27736, "Plan Width": 60, "Actual Min Startup Time": 5415.833, "Actual Max Startup Time": 5415.833, "Actual Min Total Time": 5418.753, "Actual Max Total Time": 5418.753, "Actual Total Rows": 27838, "Sort Key": ["(count(partsupp.ps_suppkey)) DESC", "part.p_brand", "part.p_type", "part.p_size"], "Sort Method": "quicksort", "Sort Space Min Used": 5082, "Sort Space Max Used": 5082, "Sort Space Type": "Memory", "Plans": [{"Node Type": "Aggregate", "Strategy": "Hashed", "Parent Relationship": "Outer", "Startup Cost": 431436.38, "Total Cost": 431713.74, "Plan Rows": 27736, "Plan Width": 60, "Actual Min Startup Time": 5316.343, "Actual Max Startup Time": 5316.343, "Actual Min Total Time": 5325.438, "Actual Max Total Time": 5325.438, "Actual Total Rows": 27838, "Group By Key": ["part.p_brand", "part.p_type", "part.p_size"], "Plans": [{"Node Type": "Aggregate", "Strategy": "Hashed", "Parent Relationship": "Outer", "Startup Cost": 430881.66, "Total Cost": 431159.02, "Plan Rows": 27736, "Plan Width": 52, "Actual Min Startup Time": 3756.511, "Actual Max Startup Time": 3756.511, "Actual Min Total Time": 4332.721, "Actual Max Total Time": 4332.721, "Actual Total Rows": 1188428, "Group By Key": ["part.p_brand", "part.p_type", "part.p_size", "partsupp.ps_suppkey"], "Plans": [{"Node Type": "Merge Join", "Parent Relationship": "Outer", "Join Type": "Anti", "Startup Cost": 415925.62, "Total Cost": 420199.03, "Plan Rows": 854611, "Plan Width": 44, "Actual Min Startup Time": 2205.055, "Actual Max Startup Time": 2205.055, "Actual Min Total Time": 2821.757, "Actual Max Total Time": 2821.757, "Actual Total Rows": 1188666, "Inner Unique": false, "Merge Cond": "(partsupp.ps_suppkey = supplier.s_suppkey)", "Plans": [{"Node Type": "Sort", "Parent Relationship": "Outer", "Startup Cost": 412392.45, "Total Cost": 414529.01, "Plan Rows": 854625, "Plan Width": 44, "Actual Min Startup Time": 2148.352, "Actual Max Startup Time": 2148.352, "Actual Min Total Time": 2450.81, "Actual Max Total Time": 2450.81, "Actual Total Rows": 1189344, "Sort Key": ["partsupp.ps_suppkey"], "Sort Method": "quicksort", "Sort Space Min Used": 233478, "Sort Space Max Used": 233478, "Sort Space Type": "Memory", "Plans": [{"Node Type": "Nested Loop", "Parent Relationship": "Outer", "Join Type": "Inner", "Startup Cost": 0.0, "Total Cost": 328190.81, "Plan Rows": 854625, "Plan Width": 44, "Actual Min Startup Time": 86.5, "Actual Max Startup Time": 86.5, "Actual Min Total Time": 1617.24, "Actual Max Total Time": 1617.24, "Actual Total Rows": 1189344, "Inner Unique": false, "Plans": [{"Node Type": "Streaming(type: LOCAL GATHER dop: 1/64)", "Parent Relationship": "Outer", "Startup Cost": 0.0, "Total Cost": 70539.85, "Plan Rows": 295844, "Plan Width": 44, "Actual Min Startup Time": 86.449, "Actual Max Startup Time": 86.449, "Actual Min Total Time": 203.062, "Actual Max Total Time": 203.062, "Actual Total Rows": 297336, "Plans": [{"Node Type": "Seq Scan", "Parent Relationship": "Outer", "Relation Name": "part", "Alias": "part", "Startup Cost": 0.0, "Total Cost": 64436.62, "Plan Rows": 295844, "Plan Width": 44, "Actual Min Startup Time": 0.028, "Actual Max Startup Time": 0.068, "Actual Min Total Time": 22.819, "Actual Max Total Time": 28.661, "Actual Total Rows": 297336, "Filter": "((p_brand <> 'Brand#34'::bpchar) AND ((p_type)::text !~~ 'LARGE BRUSHED%'::text) AND (p_size = ANY ('{48,19,12,4,41,7,21,39}'::integer[]))), (LLVM Optimized, Jit Execute)", "Rows Removed by Filter": 1702664}]}, {"Node Type": "Index Only Scan", "Parent Relationship": "Inner", "Scan Direction": "Forward", "Index Name": "partsupp_pkey", "Relation Name": "partsupp", "Alias": "partsupp", "Startup Cost": 0.0, "Total Cost": 0.84, "Plan Rows": 3, "Plan Width": 16, "Actual Min Startup Time": 835.49, "Actual Max Startup Time": 835.49, "Actual Min Total Time": 1051.915, "Actual Max Total Time": 1051.915, "Actual Total Rows": 1189344, "Index Cond": "(ps_partkey = part.p_partkey)", "Rows Removed by Index Recheck": 0, "Heap Fetches": 0}]}]}, {"Node Type": "Sort", "Parent Relationship": "Inner", "Startup Cost": 3533.17, "Total Cost": 3533.19, "Plan Rows": 10, "Plan Width": 8, "Actual Min Startup Time": 56.692, "Actual Max Startup Time": 56.692, "Actual Min Total Time": 56.71, "Actual Max Total Time": 56.71, "Actual Total Rows": 56, "Sort Key": ["supplier.s_suppkey"], "Sort Method": "quicksort", "Sort Space Min Used": 28, "Sort Space Max Used": 28, "Sort Space Type": "Memory", "Plans": [{"Node Type": "Seq Scan", "Parent Relationship": "Outer", "Relation Name": "supplier", "Alias": "supplier", "Startup Cost": 0.0, "Total Cost": 3533.0, "Plan Rows": 10, "Plan Width": 8, "Actual Min Startup Time": 0.275, "Actual Max Startup Time": 0.275, "Actual Min Total Time": 56.613, "Actual Max Total Time": 56.613, "Actual Total Rows": 56, "Filter": "((s_comment)::text ~~ '%Customer%Complaints%'::text)", "Rows Removed by Filter": 99944}]}]}]}]}]}, "Triggers": [], "Planner Runtime": 1.369, "Total Runtime": 5441.209, "Unique SQL Id": 1437012347}}, "(64, 25)": {"explain_plan": {"Plan": {"Node Type": "Sort", "Startup Cost": 496075.36, "Total Cost": 496144.7, "Plan Rows": 27736, "Plan Width": 60, "Sort Key": ["(count(partsupp.ps_suppkey)) DESC", "part.p_brand", "part.p_type", "part.p_size"], "Plans": [{"Node Type": "Aggregate", "Strategy": "Hashed", "Parent Relationship": "Outer", "Startup Cost": 493751.16, "Total Cost": 494028.52, "Plan Rows": 27736, "Plan Width": 60, "Group By Key": ["part.p_brand", "part.p_type", "part.p_size"], "Plans": [{"Node Type": "Aggregate", "Strategy": "Hashed", "Parent Relationship": "Outer", "Startup Cost": 493196.44, "Total Cost": 493473.8, "Plan Rows": 27736, "Plan Width": 52, "Group By Key": ["part.p_brand", "part.p_type", "part.p_size", "partsupp.ps_suppkey"], "Plans": [{"Node Type": "Merge Join", "Parent Relationship": "Outer", "Join Type": "Anti", "Startup Cost": 472655.85, "Total Cost": 482513.8, "Plan Rows": 854611, "Plan Width": 44, "Inner Unique": false, "Merge Cond": "(partsupp.ps_suppkey = supplier.s_suppkey)", "Plans": [{"Node Type": "Sort", "Parent Relationship": "Outer", "Startup Cost": 472655.85, "Total Cost": 474792.41, "Plan Rows": 854625, "Plan Width": 44, "Sort Key": ["partsupp.ps_suppkey"], "Plans": [{"Node Type": "Nested Loop", "Parent Relationship": "Outer", "Join Type": "Inner", "Startup Cost": 0.0, "Total Cost": 388454.21, "Plan Rows": 854625, "Plan Width": 44, "Inner Unique": false, "Plans": [{"Node Type": "Index Scan", "Parent Relationship": "Outer", "Scan Direction": "Forward", "Index Name": "part_kpey", "Relation Name": "part", "Alias": "part", "Startup Cost": 0.0, "Total Cost": 130803.25, "Plan Rows": 295844, "Plan Width": 44, "Filter": "((p_brand <> 'Brand#34'::bpchar) AND ((p_type)::text !~~ 'LARGE BRUSHED%'::text) AND (p_size = ANY ('{48,19,12,4,41,7,21,39}'::integer[]))), (LLVM Optimized)"}, {"Node Type": "Index Only Scan", "Parent Relationship": "Inner", "Scan Direction": "Forward", "Index Name": "partsupp_pkey", "Relation Name": "partsupp", "Alias": "partsupp", "Startup Cost": 0.0, "Total Cost": 0.84, "Plan Rows": 3, "Plan Width": 16, "Index Cond": "(ps_partkey = part.p_partkey)"}]}]}, {"Node Type": "Materialize", "Parent Relationship": "Inner", "Startup Cost": 0.0, "Total Cost": 5584.57, "Plan Rows": 10, "Plan Width": 8, "Plans": [{"Node Type": "Index Scan", "Parent Relationship": "Outer", "Scan Direction": "Forward", "Index Name": "supplier_pkey", "Relation Name": "supplier", "Alias": "supplier", "Startup Cost": 0.0, "Total Cost": 5584.54, "Plan Rows": 10, "Plan Width": 8, "Filter": "((s_comment)::text ~~ '%Customer%Complaints%'::text)"}]}]}]}]}]}, "Unique SQL Id": 1437012347}, "explain_analyze_plan": {"Plan": {"Node Type": "Sort", "Startup Cost": 496075.36, "Total Cost": 496144.7, "Plan Rows": 27736, "Plan Width": 60, "Actual Startup Time": 7108.966, "Actual Total Time": 7111.899, "Actual Rows": 27838, "Actual Loops": 1, "Sort Key": ["(count(partsupp.ps_suppkey)) DESC", "part.p_brand", "part.p_type", "part.p_size"], "Sort Method": "quicksort", "Sort Space Used": 5082, "Sort Space Type": "Memory", "Plans": [{"Node Type": "Aggregate", "Strategy": "Hashed", "Parent Relationship": "Outer", "Startup Cost": 493751.16, "Total Cost": 494028.52, "Plan Rows": 27736, "Plan Width": 60, "Actual Startup Time": 7009.153, "Actual Total Time": 7019.483, "Actual Rows": 27838, "Actual Loops": 1, "Group By Key": ["part.p_brand", "part.p_type", "part.p_size"], "Plans": [{"Node Type": "Aggregate", "Strategy": "Hashed", "Parent Relationship": "Outer", "Startup Cost": 493196.44, "Total Cost": 493473.8, "Plan Rows": 27736, "Plan Width": 52, "Actual Startup Time": 5472.391, "Actual Total Time": 6052.79, "Actual Rows": 1188428, "Actual Loops": 1, "Group By Key": ["part.p_brand", "part.p_type", "part.p_size", "partsupp.ps_suppkey"], "Plans": [{"Node Type": "Merge Join", "Parent Relationship": "Outer", "Join Type": "Anti", "Startup Cost": 472655.85, "Total Cost": 482513.8, "Plan Rows": 854611, "Plan Width": 44, "Actual Startup Time": 3916.394, "Actual Total Time": 4566.198, "Actual Rows": 1188666, "Actual Loops": 1, "Inner Unique": false, "Merge Cond": "(partsupp.ps_suppkey = supplier.s_suppkey)", "Plans": [{"Node Type": "Sort", "Parent Relationship": "Outer", "Startup Cost": 472655.85, "Total Cost": 474792.41, "Plan Rows": 854625, "Plan Width": 44, "Actual Startup Time": 3916.038, "Actual Total Time": 4174.287, "Actual Rows": 1189344, "Actual Loops": 1, "Sort Key": ["partsupp.ps_suppkey"], "Sort Method": "quicksort", "Sort Space Used": 233478, "Sort Space Type": "Memory", "Plans": [{"Node Type": "Nested Loop", "Parent Relationship": "Outer", "Join Type": "Inner", "Startup Cost": 0.0, "Total Cost": 388454.21, "Plan Rows": 854625, "Plan Width": 44, "Actual Startup Time": 0.063, "Actual Total Time": 3390.454, "Actual Rows": 1189344, "Actual Loops": 1, "Inner Unique": false, "Plans": [{"Node Type": "Index Scan", "Parent Relationship": "Outer", "Scan Direction": "Forward", "Index Name": "part_kpey", "Relation Name": "part", "Alias": "part", "Startup Cost": 0.0, "Total Cost": 130803.25, "Plan Rows": 295844, "Plan Width": 44, "Actual Startup Time": 0.044, "Actual Total Time": 1899.481, "Actual Rows": 297336, "Actual Loops": 1, "Filter": "((p_brand <> 'Brand#34'::bpchar) AND ((p_type)::text !~~ 'LARGE BRUSHED%'::text) AND (p_size = ANY ('{48,19,12,4,41,7,21,39}'::integer[]))), (LLVM Optimized, Jit Execute)", "Rows Removed by Filter": 1702664}, {"Node Type": "Index Only Scan", "Parent Relationship": "Inner", "Scan Direction": "Forward", "Index Name": "partsupp_pkey", "Relation Name": "partsupp", "Alias": "partsupp", "Startup Cost": 0.0, "Total Cost": 0.84, "Plan Rows": 3, "Plan Width": 16, "Actual Startup Time": 865.272, "Actual Total Time": 1082.768, "Actual Rows": 1189344, "Actual Loops": 297336, "Index Cond": "(ps_partkey = part.p_partkey)", "Rows Removed by Index Recheck": 0, "Heap Fetches": 0}]}]}, {"Node Type": "Materialize", "Parent Relationship": "Inner", "Startup Cost": 0.0, "Total Cost": 5584.57, "Plan Rows": 10, "Plan Width": 8, "Actual Startup Time": 0.343, "Actual Total Time": 79.897, "Actual Rows": 56, "Actual Loops": 1, "Plans": [{"Node Type": "Index Scan", "Parent Relationship": "Outer", "Scan Direction": "Forward", "Index Name": "supplier_pkey", "Relation Name": "supplier", "Alias": "supplier", "Startup Cost": 0.0, "Total Cost": 5584.54, "Plan Rows": 10, "Plan Width": 8, "Actual Startup Time": 0.336, "Actual Total Time": 79.845, "Actual Rows": 56, "Actual Loops": 1, "Filter": "((s_comment)::text ~~ '%Customer%Complaints%'::text)", "Rows Removed by Filter": 99944}]}]}]}]}]}, "Triggers": [], "Planner Runtime": 1.385, "Total Runtime": 7123.219, "Unique SQL Id": 1437012347}}, "(64, 26)": {"explain_plan": {"Plan": {"Node Type": "Sort", "Startup Cost": 9039988.83, "Total Cost": 9040058.17, "Plan Rows": 27736, "Plan Width": 60, "Sort Key": ["(count(partsupp.ps_suppkey)) DESC", "part.p_brand", "part.p_type", "part.p_size"], "Plans": [{"Node Type": "Streaming(type: LOCAL GATHER dop: 1/64)", "Parent Relationship": "Outer", "Startup Cost": 9037669.44, "Total Cost": 9037941.99, "Plan Rows": 27736, "Plan Width": 60, "Plans": [{"Node Type": "Aggregate", "Strategy": "Hashed", "Parent Relationship": "Outer", "Startup Cost": 9037669.44, "Total Cost": 9037673.78, "Plan Rows": 27736, "Plan Width": 60, "Group By Key": ["part.p_brand", "part.p_type", "part.p_size"], "Plans": [{"Node Type": "Aggregate", "Strategy": "Hashed", "Parent Relationship": "Outer", "Startup Cost": 9037402.38, "Total Cost": 9037535.91, "Plan Rows": 854611, "Plan Width": 52, "Group By Key": ["part.p_brand", "part.p_type", "part.p_size", "partsupp.ps_suppkey"], "Plans": [{"Node Type": "Streaming(type: LOCAL REDISTRIBUTE dop: 64/64)", "Parent Relationship": "Outer", "Startup Cost": 0.0, "Total Cost": 9037235.46, "Plan Rows": 854611, "Plan Width": 44, "Plans": [{"Node Type": "Nested Loop", "Parent Relationship": "Outer", "Join Type": "Anti", "Startup Cost": 0.0, "Total Cost": 9001782.46, "Plan Rows": 854611, "Plan Width": 44, "Inner Unique": false, "Join Filter": "(partsupp.ps_suppkey = supplier.s_suppkey), (LLVM Optimized)", "Plans": [{"Node Type": "Nested Loop", "Parent Relationship": "Outer", "Join Type": "Inner", "Startup Cost": 0.0, "Total Cost": 8933233.18, "Plan Rows": 854625, "Plan Width": 44, "Inner Unique": true, "Join Filter": "(partsupp.ps_partkey = part.p_partkey), (LLVM Optimized)", "Plans": [{"Node Type": "Streaming(type: LOCAL REDISTRIBUTE dop: 64/64)", "Parent Relationship": "Outer", "Startup Cost": 0.0, "Total Cost": 137797.04, "Plan Rows": 8000372, "Plan Width": 16, "Plans": [{"Node Type": "Seq Scan", "Parent Relationship": "Outer", "Relation Name": "partsupp", "Alias": "partsupp", "Startup Cost": 0.0, "Total Cost": 67218.56, "Plan Rows": 8000372, "Plan Width": 16}]}, {"Node Type": "Materialize", "Parent Relationship": "Inner", "Startup Cost": 0.0, "Total Cost": 127739.98, "Plan Rows": 295844, "Plan Width": 44, "Plans": [{"Node Type": "Streaming(type: LOCAL REDISTRIBUTE dop: 64/64)", "Parent Relationship": "Outer", "Startup Cost": 0.0, "Total Cost": 127716.87, "Plan Rows": 295844, "Plan Width": 44, "Plans": [{"Node Type": "Seq Scan", "Parent Relationship": "Outer", "Relation Name": "part", "Alias": "part", "Startup Cost": 0.0, "Total Cost": 64436.62, "Plan Rows": 295844, "Plan Width": 44, "Filter": "((p_brand <> 'Brand#34'::bpchar) AND ((p_type)::text !~~ 'LARGE BRUSHED%'::text) AND (p_size = ANY ('{48,19,12,4,41,7,21,39}'::integer[]))), (LLVM Optimized)"}]}]}]}, {"Node Type": "Materialize", "Parent Relationship": "Inner", "Startup Cost": 0.0, "Total Cost": 66546.25, "Plan Rows": 640, "Plan Width": 8, "Plans": [{"Node Type": "Streaming(type: BROADCAST dop: 64/1)", "Parent Relationship": "Outer", "Startup Cost": 0.0, "Total Cost": 66546.2, "Plan Rows": 640, "Plan Width": 8, "Plans": [{"Node Type": "Seq Scan", "Parent Relationship": "Outer", "Relation Name": "supplier", "Alias": "supplier", "Startup Cost": 0.0, "Total Cost": 3533.0, "Plan Rows": 10, "Plan Width": 8, "Filter": "((s_comment)::text ~~ '%Customer%Complaints%'::text)"}]}]}]}]}]}]}]}]}, "Unique SQL Id": 1437012347}, "explain_analyze_plan": null}, "(64, 27)": {"explain_plan": {"Plan": {"Node Type": "Sort", "Startup Cost": 3000026914574.25, "Total Cost": 3000026914643.59, "Plan Rows": 27736, "Plan Width": 60, "Sort Key": ["(count(partsupp.ps_suppkey)) DESC", "part.p_brand", "part.p_type", "part.p_size"], "Plans": [{"Node Type": "Aggregate", "Strategy": "Hashed", "Parent Relationship": "Outer", "Startup Cost": 3000026912250.05, "Total Cost": 3000026912527.41, "Plan Rows": 27736, "Plan Width": 60, "Group By Key": ["part.p_brand", "part.p_type", "part.p_size"], "Plans": [{"Node Type": "Aggregate", "Strategy": "Hashed", "Parent Relationship": "Outer", "Startup Cost": 3000026911695.33, "Total Cost": 3000026911972.69, "Plan Rows": 27736, "Plan Width": 52, "Group By Key": ["part.p_brand", "part.p_type", "part.p_size", "partsupp.ps_suppkey"], "Plans": [{"Node Type": "Nested Loop", "Parent Relationship": "Outer", "Join Type": "Anti", "Startup Cost": 30017324679.62, "Total Cost": 3000026901012.69, "Plan Rows": 854611, "Plan Width": 44, "Inner Unique": false, "Join Filter": "(partsupp.ps_suppkey = supplier.s_suppkey), (LLVM Optimized)", "Plans": [{"Node Type": "Merge Join", "Parent Relationship": "Outer", "Join Type": "Inner", "Startup Cost": 20017324679.62, "Total Cost": 2000026214364.82, "Plan Rows": 854625, "Plan Width": 44, "Inner Unique": false, "Merge Cond": "(part.p_partkey = partsupp.ps_partkey)", "Plans": [{"Node Type": "Index Scan", "Parent Relationship": "Outer", "Scan Direction": "Forward", "Index Name": "part_kpey", "Relation Name": "part", "Alias": "part", "Startup Cost": 10000000000.0, "Total Cost": 1000013080325.0, "Plan Rows": 295844, "Plan Width": 44, "Filter": "((p_brand <> 'Brand#34'::bpchar) AND ((p_type)::text !~~ 'LARGE BRUSHED%'::text) AND (p_size = ANY ('{48,19,12,4,41,7,21,39}'::integer[]))), (LLVM Optimized)"}, {"Node Type": "Index Only Scan", "Parent Relationship": "Inner", "Scan Direction": "Forward", "Index Name": "partsupp_pkey", "Relation Name": "partsupp", "Alias": "partsupp", "Startup Cost": 10000000000.0, "Total Cost": 1000027706983.0, "Plan Rows": 8000372, "Plan Width": 16}]}, {"Node Type": "Materialize", "Parent Relationship": "Inner", "Startup Cost": 10000000000.0, "Total Cost": 1000000558454.43, "Plan Rows": 10, "Plan Width": 8, "Plans": [{"Node Type": "Index Scan", "Parent Relationship": "Outer", "Scan Direction": "Forward", "Index Name": "supplier_pkey", "Relation Name": "supplier", "Alias": "supplier", "Startup Cost": 10000000000.0, "Total Cost": 1000000558454.38, "Plan Rows": 10, "Plan Width": 8, "Filter": "((s_comment)::text ~~ '%Customer%Complaints%'::text)"}]}]}]}]}]}, "Unique SQL Id": 1437012347}, "explain_analyze_plan": null}, "(64, 28)": {"explain_plan": {"Plan": {"Node Type": "Sort", "Startup Cost": 697138.19, "Total Cost": 697207.53, "Plan Rows": 27736, "Plan Width": 60, "Sort Key": ["(count(partsupp.ps_suppkey)) DESC", "part.p_brand", "part.p_type", "part.p_size"], "Plans": [{"Node Type": "Aggregate", "Strategy": "Hashed", "Parent Relationship": "Outer", "Startup Cost": 694813.99, "Total Cost": 695091.35, "Plan Rows": 27736, "Plan Width": 60, "Group By Key": ["part.p_brand", "part.p_type", "part.p_size"], "Plans": [{"Node Type": "Aggregate", "Strategy": "Hashed", "Parent Relationship": "Outer", "Startup Cost": 694259.27, "Total Cost": 694536.63, "Plan Rows": 27736, "Plan Width": 52, "Group By Key": ["part.p_brand", "part.p_type", "part.p_size", "partsupp.ps_suppkey"], "Plans": [{"Node Type": "Merge Join", "Parent Relationship": "Outer", "Join Type": "Anti", "Startup Cost": 679303.22, "Total Cost": 683576.63, "Plan Rows": 854611, "Plan Width": 44, "Inner Unique": false, "Merge Cond": "(partsupp.ps_suppkey = supplier.s_suppkey)", "Plans": [{"Node Type": "Sort", "Parent Relationship": "Outer", "Startup Cost": 675770.05, "Total Cost": 677906.61, "Plan Rows": 854625, "Plan Width": 44, "Sort Key": ["partsupp.ps_suppkey"], "Plans": [{"Node Type": "Merge Join", "Parent Relationship": "Outer", "Join Type": "Inner", "Startup Cost": 7.9, "Total Cost": 591568.41, "Plan Rows": 854625, "Plan Width": 44, "Inner Unique": false, "Merge Cond": "(part.p_partkey = partsupp.ps_partkey)", "Plans": [{"Node Type": "Index Scan", "Parent Relationship": "Outer", "Scan Direction": "Forward", "Index Name": "part_kpey", "Relation Name": "part", "Alias": "part", "Startup Cost": 0.0, "Total Cost": 130803.25, "Plan Rows": 295844, "Plan Width": 44, "Filter": "((p_brand <> 'Brand#34'::bpchar) AND ((p_type)::text !~~ 'LARGE BRUSHED%'::text) AND (p_size = ANY ('{48,19,12,4,41,7,21,39}'::integer[]))), (LLVM Optimized)"}, {"Node Type": "Index Scan", "Parent Relationship": "Inner", "Scan Direction": "Forward", "Index Name": "idx_partsupp_partkey", "Relation Name": "partsupp", "Alias": "partsupp", "Startup Cost": 0.0, "Total Cost": 431485.03, "Plan Rows": 8000372, "Plan Width": 16}]}]}, {"Node Type": "Sort", "Parent Relationship": "Inner", "Startup Cost": 3533.17, "Total Cost": 3533.19, "Plan Rows": 10, "Plan Width": 8, "Sort Key": ["supplier.s_suppkey"], "Plans": [{"Node Type": "Seq Scan", "Parent Relationship": "Outer", "Relation Name": "supplier", "Alias": "supplier", "Startup Cost": 0.0, "Total Cost": 3533.0, "Plan Rows": 10, "Plan Width": 8, "Filter": "((s_comment)::text ~~ '%Customer%Complaints%'::text)"}]}]}]}]}]}, "Unique SQL Id": 1437012347}, "explain_analyze_plan": null}, "(64, 29)": {"explain_plan": {"Plan": {"Node Type": "Sort", "Startup Cost": 699189.57, "Total Cost": 699258.91, "Plan Rows": 27736, "Plan Width": 60, "Sort Key": ["(count(partsupp.ps_suppkey)) DESC", "part.p_brand", "part.p_type", "part.p_size"], "Plans": [{"Node Type": "Aggregate", "Strategy": "Hashed", "Parent Relationship": "Outer", "Startup Cost": 696865.36, "Total Cost": 697142.72, "Plan Rows": 27736, "Plan Width": 60, "Group By Key": ["part.p_brand", "part.p_type", "part.p_size"], "Plans": [{"Node Type": "Aggregate", "Strategy": "Hashed", "Parent Relationship": "Outer", "Startup Cost": 696310.64, "Total Cost": 696588.0, "Plan Rows": 27736, "Plan Width": 52, "Group By Key": ["part.p_brand", "part.p_type", "part.p_size", "partsupp.ps_suppkey"], "Plans": [{"Node Type": "Merge Join", "Parent Relationship": "Outer", "Join Type": "Anti", "Startup Cost": 675770.05, "Total Cost": 685628.01, "Plan Rows": 854611, "Plan Width": 44, "Inner Unique": false, "Merge Cond": "(partsupp.ps_suppkey = supplier.s_suppkey)", "Plans": [{"Node Type": "Sort", "Parent Relationship": "Outer", "Startup Cost": 675770.05, "Total Cost": 677906.61, "Plan Rows": 854625, "Plan Width": 44, "Sort Key": ["partsupp.ps_suppkey"], "Plans": [{"Node Type": "Merge Join", "Parent Relationship": "Outer", "Join Type": "Inner", "Startup Cost": 7.9, "Total Cost": 591568.41, "Plan Rows": 854625, "Plan Width": 44, "Inner Unique": false, "Merge Cond": "(part.p_partkey = partsupp.ps_partkey)", "Plans": [{"Node Type": "Index Scan", "Parent Relationship": "Outer", "Scan Direction": "Forward", "Index Name": "part_kpey", "Relation Name": "part", "Alias": "part", "Startup Cost": 0.0, "Total Cost": 130803.25, "Plan Rows": 295844, "Plan Width": 44, "Filter": "((p_brand <> 'Brand#34'::bpchar) AND ((p_type)::text !~~ 'LARGE BRUSHED%'::text) AND (p_size = ANY ('{48,19,12,4,41,7,21,39}'::integer[]))), (LLVM Optimized)"}, {"Node Type": "Index Scan", "Parent Relationship": "Inner", "Scan Direction": "Forward", "Index Name": "idx_partsupp_partkey", "Relation Name": "partsupp", "Alias": "partsupp", "Startup Cost": 0.0, "Total Cost": 431485.03, "Plan Rows": 8000372, "Plan Width": 16}]}]}, {"Node Type": "Materialize", "Parent Relationship": "Inner", "Startup Cost": 0.0, "Total Cost": 5584.57, "Plan Rows": 10, "Plan Width": 8, "Plans": [{"Node Type": "Index Scan", "Parent Relationship": "Outer", "Scan Direction": "Forward", "Index Name": "supplier_pkey", "Relation Name": "supplier", "Alias": "supplier", "Startup Cost": 0.0, "Total Cost": 5584.54, "Plan Rows": 10, "Plan Width": 8, "Filter": "((s_comment)::text ~~ '%Customer%Complaints%'::text)"}]}]}]}]}]}, "Unique SQL Id": 1437012347}, "explain_analyze_plan": null}, "(64, 30)": {"explain_plan": {"Plan": {"Node Type": "Sort", "Startup Cost": 9039988.83, "Total Cost": 9040058.17, "Plan Rows": 27736, "Plan Width": 60, "Sort Key": ["(count(partsupp.ps_suppkey)) DESC", "part.p_brand", "part.p_type", "part.p_size"], "Plans": [{"Node Type": "Streaming(type: LOCAL GATHER dop: 1/64)", "Parent Relationship": "Outer", "Startup Cost": 9037669.44, "Total Cost": 9037941.99, "Plan Rows": 27736, "Plan Width": 60, "Plans": [{"Node Type": "Aggregate", "Strategy": "Hashed", "Parent Relationship": "Outer", "Startup Cost": 9037669.44, "Total Cost": 9037673.78, "Plan Rows": 27736, "Plan Width": 60, "Group By Key": ["part.p_brand", "part.p_type", "part.p_size"], "Plans": [{"Node Type": "Aggregate", "Strategy": "Hashed", "Parent Relationship": "Outer", "Startup Cost": 9037402.38, "Total Cost": 9037535.91, "Plan Rows": 854611, "Plan Width": 52, "Group By Key": ["part.p_brand", "part.p_type", "part.p_size", "partsupp.ps_suppkey"], "Plans": [{"Node Type": "Streaming(type: LOCAL REDISTRIBUTE dop: 64/64)", "Parent Relationship": "Outer", "Startup Cost": 0.0, "Total Cost": 9037235.46, "Plan Rows": 854611, "Plan Width": 44, "Plans": [{"Node Type": "Nested Loop", "Parent Relationship": "Outer", "Join Type": "Anti", "Startup Cost": 0.0, "Total Cost": 9001782.46, "Plan Rows": 854611, "Plan Width": 44, "Inner Unique": false, "Join Filter": "(partsupp.ps_suppkey = supplier.s_suppkey), (LLVM Optimized)", "Plans": [{"Node Type": "Nested Loop", "Parent Relationship": "Outer", "Join Type": "Inner", "Startup Cost": 0.0, "Total Cost": 8933233.18, "Plan Rows": 854625, "Plan Width": 44, "Inner Unique": true, "Join Filter": "(partsupp.ps_partkey = part.p_partkey), (LLVM Optimized)", "Plans": [{"Node Type": "Streaming(type: LOCAL REDISTRIBUTE dop: 64/64)", "Parent Relationship": "Outer", "Startup Cost": 0.0, "Total Cost": 137797.04, "Plan Rows": 8000372, "Plan Width": 16, "Plans": [{"Node Type": "Seq Scan", "Parent Relationship": "Outer", "Relation Name": "partsupp", "Alias": "partsupp", "Startup Cost": 0.0, "Total Cost": 67218.56, "Plan Rows": 8000372, "Plan Width": 16}]}, {"Node Type": "Materialize", "Parent Relationship": "Inner", "Startup Cost": 0.0, "Total Cost": 127739.98, "Plan Rows": 295844, "Plan Width": 44, "Plans": [{"Node Type": "Streaming(type: LOCAL REDISTRIBUTE dop: 64/64)", "Parent Relationship": "Outer", "Startup Cost": 0.0, "Total Cost": 127716.87, "Plan Rows": 295844, "Plan Width": 44, "Plans": [{"Node Type": "Seq Scan", "Parent Relationship": "Outer", "Relation Name": "part", "Alias": "part", "Startup Cost": 0.0, "Total Cost": 64436.62, "Plan Rows": 295844, "Plan Width": 44, "Filter": "((p_brand <> 'Brand#34'::bpchar) AND ((p_type)::text !~~ 'LARGE BRUSHED%'::text) AND (p_size = ANY ('{48,19,12,4,41,7,21,39}'::integer[]))), (LLVM Optimized)"}]}]}]}, {"Node Type": "Materialize", "Parent Relationship": "Inner", "Startup Cost": 0.0, "Total Cost": 66546.25, "Plan Rows": 640, "Plan Width": 8, "Plans": [{"Node Type": "Streaming(type: BROADCAST dop: 64/1)", "Parent Relationship": "Outer", "Startup Cost": 0.0, "Total Cost": 66546.2, "Plan Rows": 640, "Plan Width": 8, "Plans": [{"Node Type": "Seq Scan", "Parent Relationship": "Outer", "Relation Name": "supplier", "Alias": "supplier", "Startup Cost": 0.0, "Total Cost": 3533.0, "Plan Rows": 10, "Plan Width": 8, "Filter": "((s_comment)::text ~~ '%Customer%Complaints%'::text)"}]}]}]}]}]}]}]}]}, "Unique SQL Id": 1437012347}, "explain_analyze_plan": null}, "(64, 31)": {"explain_plan": {"Plan": {"Node Type": "Sort", "Startup Cost": 3000070847906.47, "Total Cost": 3000070847975.81, "Plan Rows": 27736, "Plan Width": 60, "Sort Key": ["(count(partsupp.ps_suppkey)) DESC", "part.p_brand", "part.p_type", "part.p_size"], "Plans": [{"Node Type": "Aggregate", "Strategy": "Hashed", "Parent Relationship": "Outer", "Startup Cost": 3000070845582.27, "Total Cost": 3000070845859.63, "Plan Rows": 27736, "Plan Width": 60, "Group By Key": ["part.p_brand", "part.p_type", "part.p_size"], "Plans": [{"Node Type": "Aggregate", "Strategy": "Hashed", "Parent Relationship": "Outer", "Startup Cost": 3000070845027.55, "Total Cost": 3000070845304.91, "Plan Rows": 27736, "Plan Width": 52, "Group By Key": ["part.p_brand", "part.p_type", "part.p_size", "partsupp.ps_suppkey"], "Plans": [{"Node Type": "Nested Loop", "Parent Relationship": "Outer", "Join Type": "Anti", "Startup Cost": 30017325448.43, "Total Cost": 3000070834344.91, "Plan Rows": 854611, "Plan Width": 44, "Inner Unique": false, "Join Filter": "(partsupp.ps_suppkey = supplier.s_suppkey), (LLVM Optimized)", "Plans": [{"Node Type": "Merge Join", "Parent Relationship": "Outer", "Join Type": "Inner", "Startup Cost": 20017325448.43, "Total Cost": 2000070147697.04, "Plan Rows": 854625, "Plan Width": 44, "Inner Unique": false, "Merge Cond": "(part.p_partkey = partsupp.ps_partkey)", "Plans": [{"Node Type": "Index Scan", "Parent Relationship": "Outer", "Scan Direction": "Forward", "Index Name": "part_kpey", "Relation Name": "part", "Alias": "part", "Startup Cost": 10000000000.0, "Total Cost": 1000013080325.0, "Plan Rows": 295844, "Plan Width": 44, "Filter": "((p_brand <> 'Brand#34'::bpchar) AND ((p_type)::text !~~ 'LARGE BRUSHED%'::text) AND (p_size = ANY ('{48,19,12,4,41,7,21,39}'::integer[]))), (LLVM Optimized)"}, {"Node Type": "Index Scan", "Parent Relationship": "Inner", "Scan Direction": "Forward", "Index Name": "partsupp_pkey", "Relation Name": "partsupp", "Alias": "partsupp", "Startup Cost": 10000000000.0, "Total Cost": 1000071640963.22, "Plan Rows": 8000372, "Plan Width": 16}]}, {"Node Type": "Materialize", "Parent Relationship": "Inner", "Startup Cost": 10000000000.0, "Total Cost": 1000000558454.43, "Plan Rows": 10, "Plan Width": 8, "Plans": [{"Node Type": "Index Scan", "Parent Relationship": "Outer", "Scan Direction": "Forward", "Index Name": "supplier_pkey", "Relation Name": "supplier", "Alias": "supplier", "Startup Cost": 10000000000.0, "Total Cost": 1000000558454.38, "Plan Rows": 10, "Plan Width": 8, "Filter": "((s_comment)::text ~~ '%Customer%Complaints%'::text)"}]}]}]}]}]}, "Unique SQL Id": 1437012347}, "explain_analyze_plan": null}, "(64, 32)": {"explain_plan": {"Plan": {"Node Type": "Sort", "Startup Cost": 256366.86, "Total Cost": 256436.2, "Plan Rows": 27736, "Plan Width": 60, "Sort Key": ["(count(partsupp.ps_suppkey)) DESC", "part.p_brand", "part.p_type", "part.p_size"], "Plans": [{"Node Type": "Aggregate", "Strategy": "Hashed", "Parent Relationship": "Outer", "Startup Cost": 254042.65, "Total Cost": 254320.01, "Plan Rows": 27736, "Plan Width": 60, "Group By Key": ["part.p_brand", "part.p_type", "part.p_size"], "Plans": [{"Node Type": "Aggregate", "Strategy": "Hashed", "Parent Relationship": "Outer", "Startup Cost": 253487.93, "Total Cost": 253765.29, "Plan Rows": 27736, "Plan Width": 52, "Group By Key": ["part.p_brand", "part.p_type", "part.p_size", "partsupp.ps_suppkey"], "Plans": [{"Node Type": "Hash Join", "Parent Relationship": "Outer", "Join Type": "Anti", "Startup Cost": 72314.26, "Total Cost": 242805.29, "Plan Rows": 854611, "Plan Width": 44, "Inner Unique": false, "Hash Cond": "(partsupp.ps_suppkey = supplier.s_suppkey), (LLVM Optimized)", "Plans": [{"Node Type": "Streaming(type: LOCAL GATHER dop: 1/64)", "Parent Relationship": "Outer", "Startup Cost": 68781.13, "Total Cost": 228589.41, "Plan Rows": 854625, "Plan Width": 44, "Plans": [{"Node Type": "Hash Join", "Parent Relationship": "Outer", "Join Type": "Inner", "Startup Cost": 68781.13, "Total Cost": 210958.59, "Plan Rows": 854625, "Plan Width": 44, "Inner Unique": false, "Hash Cond": "(part.p_partkey = partsupp.ps_partkey), (LLVM Optimized)", "Plans": [{"Node Type": "Streaming(type: BROADCAST dop: 64/64)", "Parent Relationship": "Outer", "Startup Cost": 0.0, "Total Cost": 139455.29, "Plan Rows": 18934016, "Plan Width": 44, "Plans": [{"Node Type": "Seq Scan", "Parent Relationship": "Outer", "Relation Name": "part", "Alias": "part", "Startup Cost": 0.0, "Total Cost": 64436.62, "Plan Rows": 295844, "Plan Width": 44, "Filter": "((p_brand <> 'Brand#34'::bpchar) AND ((p_type)::text !~~ 'LARGE BRUSHED%'::text) AND (p_size = ANY ('{48,19,12,4,41,7,21,39}'::integer[]))), (LLVM Optimized)"}]}, {"Node Type": "Hash", "Parent Relationship": "Inner", "Startup Cost": 67218.56, "Total Cost": 67218.56, "Plan Rows": 8000372, "Plan Width": 16, "Plans": [{"Node Type": "Seq Scan", "Parent Relationship": "Outer", "Relation Name": "partsupp", "Alias": "partsupp", "Startup Cost": 0.0, "Total Cost": 67218.56, "Plan Rows": 8000372, "Plan Width": 16}]}]}]}, {"Node Type": "Hash", "Parent Relationship": "Inner", "Startup Cost": 3533.0, "Total Cost": 3533.0, "Plan Rows": 10, "Plan Width": 8, "Plans": [{"Node Type": "Seq Scan", "Parent Relationship": "Outer", "Relation Name": "supplier", "Alias": "supplier", "Startup Cost": 0.0, "Total Cost": 3533.0, "Plan Rows": 10, "Plan Width": 8, "Filter": "((s_comment)::text ~~ '%Customer%Complaints%'::text)"}]}]}]}]}]}, "Unique SQL Id": 1437012347}, "explain_analyze_plan": {"Plan": {"Node Type": "Sort", "Startup Cost": 256366.86, "Total Cost": 256436.2, "Plan Rows": 27736, "Plan Width": 60, "Actual Min Startup Time": 4476.752, "Actual Max Startup Time": 4476.752, "Actual Min Total Time": 4479.827, "Actual Max Total Time": 4479.827, "Actual Total Rows": 27838, "Sort Key": ["(count(partsupp.ps_suppkey)) DESC", "part.p_brand", "part.p_type", "part.p_size"], "Sort Method": "quicksort", "Sort Space Min Used": 5082, "Sort Space Max Used": 5082, "Sort Space Type": "Memory", "Plans": [{"Node Type": "Aggregate", "Strategy": "Hashed", "Parent Relationship": "Outer", "Startup Cost": 254042.65, "Total Cost": 254320.01, "Plan Rows": 27736, "Plan Width": 60, "Actual Min Startup Time": 4376.627, "Actual Max Startup Time": 4376.627, "Actual Min Total Time": 4385.931, "Actual Max Total Time": 4385.931, "Actual Total Rows": 27838, "Group By Key": ["part.p_brand", "part.p_type", "part.p_size"], "Plans": [{"Node Type": "Aggregate", "Strategy": "Hashed", "Parent Relationship": "Outer", "Startup Cost": 253487.93, "Total Cost": 253765.29, "Plan Rows": 27736, "Plan Width": 52, "Actual Min Startup Time": 2854.718, "Actual Max Startup Time": 2854.718, "Actual Min Total Time": 3396.575, "Actual Max Total Time": 3396.575, "Actual Total Rows": 1188428, "Group By Key": ["part.p_brand", "part.p_type", "part.p_size", "partsupp.ps_suppkey"], "Plans": [{"Node Type": "Hash Join", "Parent Relationship": "Outer", "Join Type": "Anti", "Startup Cost": 72314.26, "Total Cost": 242805.29, "Plan Rows": 854611, "Plan Width": 44, "Actual Min Startup Time": 308.113, "Actual Max Startup Time": 308.113, "Actual Min Total Time": 1683.887, "Actual Max Total Time": 1683.887, "Actual Total Rows": 1188666, "Inner Unique": false, "Hash Cond": "(partsupp.ps_suppkey = supplier.s_suppkey), (LLVM Optimized, Jit Execute)", "Plans": [{"Node Type": "Streaming(type: LOCAL GATHER dop: 1/64)", "Parent Relationship": "Outer", "Startup Cost": 68781.13, "Total Cost": 228589.41, "Plan Rows": 854625, "Plan Width": 44, "Actual Min Startup Time": 256.615, "Actual Max Startup Time": 256.615, "Actual Min Total Time": 1260.176, "Actual Max Total Time": 1260.176, "Actual Total Rows": 1189344, "Plans": [{"Node Type": "Hash Join", "Parent Relationship": "Outer", "Join Type": "Inner", "Startup Cost": 68781.13, "Total Cost": 210958.59, "Plan Rows": 854625, "Plan Width": 44, "Actual Min Startup Time": 76.809, "Actual Max Startup Time": 276.302, "Actual Min Total Time": 1373.144, "Actual Max Total Time": 1744.056, "Actual Total Rows": 1189344, "Inner Unique": false, "Hash Cond": "(part.p_partkey = partsupp.ps_partkey), (LLVM Optimized, Jit Execute)", "Plans": [{"Node Type": "Streaming(type: BROADCAST dop: 64/64)", "Parent Relationship": "Outer", "Startup Cost": 0.0, "Total Cost": 139455.29, "Plan Rows": 18934016, "Plan Width": 44, "Actual Min Startup Time": 0.115, "Actual Max Startup Time": 1.262, "Actual Min Total Time": 1174.396, "Actual Max Total Time": 1471.854, "Actual Total Rows": 19029504, "Plans": [{"Node Type": "Seq Scan", "Parent Relationship": "Outer", "Relation Name": "part", "Alias": "part", "Startup Cost": 0.0, "Total Cost": 64436.62, "Plan Rows": 295844, "Plan Width": 44, "Actual Min Startup Time": 0.032, "Actual Max Startup Time": 0.08, "Actual Min Total Time": 19.658, "Actual Max Total Time": 32.694, "Actual Total Rows": 297336, "Filter": "((p_brand <> 'Brand#34'::bpchar) AND ((p_type)::text !~~ 'LARGE BRUSHED%'::text) AND (p_size = ANY ('{48,19,12,4,41,7,21,39}'::integer[]))), (LLVM Optimized, Jit Execute)", "Rows Removed by Filter": 1702664}]}, {"Node Type": "Hash", "Parent Relationship": "Inner", "Startup Cost": 67218.56, "Total Cost": 67218.56, "Plan Rows": 8000372, "Plan Width": 16, "Actual Min Startup Time": 75.766, "Actual Max Startup Time": 151.429, "Actual Min Total Time": 75.766, "Actual Max Total Time": 151.429, "Actual Total Rows": 8000000, "Max Hash Buckets": 131072, "Min Hash Buckets": 131072, "Max Hash Batches": 1, "Min Hash Batches": 1, "Max Original Hash Batches": 1, "Min Original Hash Batches": 1, "Max Peak Memory Usage": 5921, "min Peak Memory Usage": 5921, "Plans": [{"Node Type": "Seq Scan", "Parent Relationship": "Outer", "Relation Name": "partsupp", "Alias": "partsupp", "Startup Cost": 0.0, "Total Cost": 67218.56, "Plan Rows": 8000372, "Plan Width": 16, "Actual Min Startup Time": 0.017, "Actual Max Startup Time": 0.034, "Actual Min Total Time": 43.375, "Actual Max Total Time": 54.1, "Actual Total Rows": 8000000}]}]}]}, {"Node Type": "Hash", "Parent Relationship": "Inner", "Startup Cost": 3533.0, "Total Cost": 3533.0, "Plan Rows": 10, "Plan Width": 8, "Actual Min Startup Time": 51.443, "Actual Max Startup Time": 51.443, "Actual Min Total Time": 51.443, "Actual Max Total Time": 51.443, "Actual Total Rows": 56, "Max Hash Buckets": 32768, "Min Hash Buckets": 32768, "Max Hash Batches": 1, "Min Hash Batches": 1, "Max Original Hash Batches": 1, "Min Original Hash Batches": 1, "Max Peak Memory Usage": 3, "min Peak Memory Usage": 3, "Plans": [{"Node Type": "Seq Scan", "Parent Relationship": "Outer", "Relation Name": "supplier", "Alias": "supplier", "Startup Cost": 0.0, "Total Cost": 3533.0, "Plan Rows": 10, "Plan Width": 8, "Actual Min Startup Time": 0.255, "Actual Max Startup Time": 0.255, "Actual Min Total Time": 51.388, "Actual Max Total Time": 51.388, "Actual Total Rows": 56, "Filter": "((s_comment)::text ~~ '%Customer%Complaints%'::text)", "Rows Removed by Filter": 99944}]}]}]}]}]}, "Triggers": [], "Planner Runtime": 1.817, "Total Runtime": 4517.384, "Unique SQL Id": 1437012347}}, "(64, 33)": {"explain_plan": {"Plan": {"Node Type": "Sort", "Startup Cost": 418288.46, "Total Cost": 418357.8, "Plan Rows": 27736, "Plan Width": 60, "Sort Key": ["(count(partsupp.ps_suppkey)) DESC", "part.p_brand", "part.p_type", "part.p_size"], "Plans": [{"Node Type": "Aggregate", "Strategy": "Hashed", "Parent Relationship": "Outer", "Startup Cost": 415964.25, "Total Cost": 416241.61, "Plan Rows": 27736, "Plan Width": 60, "Group By Key": ["part.p_brand", "part.p_type", "part.p_size"], "Plans": [{"Node Type": "Aggregate", "Strategy": "Hashed", "Parent Relationship": "Outer", "Startup Cost": 415409.53, "Total Cost": 415686.89, "Plan Rows": 27736, "Plan Width": 52, "Group By Key": ["part.p_brand", "part.p_type", "part.p_size", "partsupp.ps_suppkey"], "Plans": [{"Node Type": "Hash Join", "Parent Relationship": "Outer", "Join Type": "Anti", "Startup Cost": 5584.67, "Total Cost": 404726.89, "Plan Rows": 854611, "Plan Width": 44, "Inner Unique": false, "Hash Cond": "(partsupp.ps_suppkey = supplier.s_suppkey), (LLVM Optimized)", "Plans": [{"Node Type": "Nested Loop", "Parent Relationship": "Outer", "Join Type": "Inner", "Startup Cost": 0.0, "Total Cost": 388454.21, "Plan Rows": 854625, "Plan Width": 44, "Inner Unique": false, "Plans": [{"Node Type": "Index Scan", "Parent Relationship": "Outer", "Scan Direction": "Forward", "Index Name": "part_kpey", "Relation Name": "part", "Alias": "part", "Startup Cost": 0.0, "Total Cost": 130803.25, "Plan Rows": 295844, "Plan Width": 44, "Filter": "((p_brand <> 'Brand#34'::bpchar) AND ((p_type)::text !~~ 'LARGE BRUSHED%'::text) AND (p_size = ANY ('{48,19,12,4,41,7,21,39}'::integer[]))), (LLVM Optimized)"}, {"Node Type": "Index Only Scan", "Parent Relationship": "Inner", "Scan Direction": "Forward", "Index Name": "partsupp_pkey", "Relation Name": "partsupp", "Alias": "partsupp", "Startup Cost": 0.0, "Total Cost": 0.84, "Plan Rows": 3, "Plan Width": 16, "Index Cond": "(ps_partkey = part.p_partkey)"}]}, {"Node Type": "Hash", "Parent Relationship": "Inner", "Startup Cost": 5584.54, "Total Cost": 5584.54, "Plan Rows": 10, "Plan Width": 8, "Plans": [{"Node Type": "Index Scan", "Parent Relationship": "Outer", "Scan Direction": "Forward", "Index Name": "supplier_pkey", "Relation Name": "supplier", "Alias": "supplier", "Startup Cost": 0.0, "Total Cost": 5584.54, "Plan Rows": 10, "Plan Width": 8, "Filter": "((s_comment)::text ~~ '%Customer%Complaints%'::text)"}]}]}]}]}]}, "Unique SQL Id": 1437012347}, "explain_analyze_plan": {"Plan": {"Node Type": "Sort", "Startup Cost": 418288.46, "Total Cost": 418357.8, "Plan Rows": 27736, "Plan Width": 60, "Actual Startup Time": 6946.55, "Actual Total Time": 6950.158, "Actual Rows": 27838, "Actual Loops": 1, "Sort Key": ["(count(partsupp.ps_suppkey)) DESC", "part.p_brand", "part.p_type", "part.p_size"], "Sort Method": "quicksort", "Sort Space Used": 5082, "Sort Space Type": "Memory", "Plans": [{"Node Type": "Aggregate", "Strategy": "Hashed", "Parent Relationship": "Outer", "Startup Cost": 415964.25, "Total Cost": 416241.61, "Plan Rows": 27736, "Plan Width": 60, "Actual Startup Time": 6844.512, "Actual Total Time": 6854.496, "Actual Rows": 27838, "Actual Loops": 1, "Group By Key": ["part.p_brand", "part.p_type", "part.p_size"], "Plans": [{"Node Type": "Aggregate", "Strategy": "Hashed", "Parent Relationship": "Outer", "Startup Cost": 415409.53, "Total Cost": 415686.89, "Plan Rows": 27736, "Plan Width": 52, "Actual Startup Time": 5232.276, "Actual Total Time": 5899.683, "Actual Rows": 1188428, "Actual Loops": 1, "Group By Key": ["part.p_brand", "part.p_type", "part.p_size", "partsupp.ps_suppkey"], "Plans": [{"Node Type": "Hash Join", "Parent Relationship": "Outer", "Join Type": "Anti", "Startup Cost": 5584.67, "Total Cost": 404726.89, "Plan Rows": 854611, "Plan Width": 44, "Actual Startup Time": 74.0, "Actual Total Time": 4190.013, "Actual Rows": 1188666, "Actual Loops": 1, "Inner Unique": false, "Hash Cond": "(partsupp.ps_suppkey = supplier.s_suppkey), (LLVM Optimized, Jit Execute)", "Plans": [{"Node Type": "Nested Loop", "Parent Relationship": "Outer", "Join Type": "Inner", "Startup Cost": 0.0, "Total Cost": 388454.21, "Plan Rows": 854625, "Plan Width": 44, "Actual Startup Time": 0.164, "Actual Total Time": 3764.233, "Actual Rows": 1189344, "Actual Loops": 1, "Inner Unique": false, "Plans": [{"Node Type": "Index Scan", "Parent Relationship": "Outer", "Scan Direction": "Forward", "Index Name": "part_kpey", "Relation Name": "part", "Alias": "part", "Startup Cost": 0.0, "Total Cost": 130803.25, "Plan Rows": 295844, "Plan Width": 44, "Actual Startup Time": 0.046, "Actual Total Time": 1826.412, "Actual Rows": 297336, "Actual Loops": 1, "Filter": "((p_brand <> 'Brand#34'::bpchar) AND ((p_type)::text !~~ 'LARGE BRUSHED%'::text) AND (p_size = ANY ('{48,19,12,4,41,7,21,39}'::integer[]))), (LLVM Optimized, Jit Execute)", "Rows Removed by Filter": 1702664}, {"Node Type": "Index Only Scan", "Parent Relationship": "Inner", "Scan Direction": "Forward", "Index Name": "partsupp_pkey", "Relation Name": "partsupp", "Alias": "partsupp", "Startup Cost": 0.0, "Total Cost": 0.84, "Plan Rows": 3, "Plan Width": 16, "Actual Startup Time": 1205.266, "Actual Total Time": 1499.547, "Actual Rows": 1189344, "Actual Loops": 297336, "Index Cond": "(ps_partkey = part.p_partkey)", "Rows Removed by Index Recheck": 0, "Heap Fetches": 0}]}, {"Node Type": "Hash", "Parent Relationship": "Inner", "Startup Cost": 5584.54, "Total Cost": 5584.54, "Plan Rows": 10, "Plan Width": 8, "Actual Startup Time": 73.793, "Actual Total Time": 73.793, "Actual Rows": 56, "Actual Loops": 1, "Hash Buckets": 32768, "Hash Batches": 1, "Original Hash Batches": 1, "Peak Memory Usage": 3, "Plans": [{"Node Type": "Index Scan", "Parent Relationship": "Outer", "Scan Direction": "Forward", "Index Name": "supplier_pkey", "Relation Name": "supplier", "Alias": "supplier", "Startup Cost": 0.0, "Total Cost": 5584.54, "Plan Rows": 10, "Plan Width": 8, "Actual Startup Time": 0.287, "Actual Total Time": 73.734, "Actual Rows": 56, "Actual Loops": 1, "Filter": "((s_comment)::text ~~ '%Customer%Complaints%'::text)", "Rows Removed by Filter": 99944}]}]}]}]}]}, "Triggers": [], "Planner Runtime": 1.433, "Total Runtime": 6961.58, "Unique SQL Id": 1437012347}}, "(64, 34)": {"explain_plan": {"Plan": {"Node Type": "Sort", "Startup Cost": 256366.86, "Total Cost": 256436.2, "Plan Rows": 27736, "Plan Width": 60, "Sort Key": ["(count(partsupp.ps_suppkey)) DESC", "part.p_brand", "part.p_type", "part.p_size"], "Plans": [{"Node Type": "Aggregate", "Strategy": "Hashed", "Parent Relationship": "Outer", "Startup Cost": 254042.65, "Total Cost": 254320.01, "Plan Rows": 27736, "Plan Width": 60, "Group By Key": ["part.p_brand", "part.p_type", "part.p_size"], "Plans": [{"Node Type": "Aggregate", "Strategy": "Hashed", "Parent Relationship": "Outer", "Startup Cost": 253487.93, "Total Cost": 253765.29, "Plan Rows": 27736, "Plan Width": 52, "Group By Key": ["part.p_brand", "part.p_type", "part.p_size", "partsupp.ps_suppkey"], "Plans": [{"Node Type": "Hash Join", "Parent Relationship": "Outer", "Join Type": "Anti", "Startup Cost": 72314.26, "Total Cost": 242805.29, "Plan Rows": 854611, "Plan Width": 44, "Inner Unique": false, "Hash Cond": "(partsupp.ps_suppkey = supplier.s_suppkey), (LLVM Optimized)", "Plans": [{"Node Type": "Streaming(type: LOCAL GATHER dop: 1/64)", "Parent Relationship": "Outer", "Startup Cost": 68781.13, "Total Cost": 228589.41, "Plan Rows": 854625, "Plan Width": 44, "Plans": [{"Node Type": "Hash Join", "Parent Relationship": "Outer", "Join Type": "Inner", "Startup Cost": 68781.13, "Total Cost": 210958.59, "Plan Rows": 854625, "Plan Width": 44, "Inner Unique": false, "Hash Cond": "(part.p_partkey = partsupp.ps_partkey), (LLVM Optimized)", "Plans": [{"Node Type": "Streaming(type: BROADCAST dop: 64/64)", "Parent Relationship": "Outer", "Startup Cost": 0.0, "Total Cost": 139455.29, "Plan Rows": 18934016, "Plan Width": 44, "Plans": [{"Node Type": "Seq Scan", "Parent Relationship": "Outer", "Relation Name": "part", "Alias": "part", "Startup Cost": 0.0, "Total Cost": 64436.62, "Plan Rows": 295844, "Plan Width": 44, "Filter": "((p_brand <> 'Brand#34'::bpchar) AND ((p_type)::text !~~ 'LARGE BRUSHED%'::text) AND (p_size = ANY ('{48,19,12,4,41,7,21,39}'::integer[]))), (LLVM Optimized)"}]}, {"Node Type": "Hash", "Parent Relationship": "Inner", "Startup Cost": 67218.56, "Total Cost": 67218.56, "Plan Rows": 8000372, "Plan Width": 16, "Plans": [{"Node Type": "Seq Scan", "Parent Relationship": "Outer", "Relation Name": "partsupp", "Alias": "partsupp", "Startup Cost": 0.0, "Total Cost": 67218.56, "Plan Rows": 8000372, "Plan Width": 16}]}]}]}, {"Node Type": "Hash", "Parent Relationship": "Inner", "Startup Cost": 3533.0, "Total Cost": 3533.0, "Plan Rows": 10, "Plan Width": 8, "Plans": [{"Node Type": "Seq Scan", "Parent Relationship": "Outer", "Relation Name": "supplier", "Alias": "supplier", "Startup Cost": 0.0, "Total Cost": 3533.0, "Plan Rows": 10, "Plan Width": 8, "Filter": "((s_comment)::text ~~ '%Customer%Complaints%'::text)"}]}]}]}]}]}, "Unique SQL Id": 1437012347}, "explain_analyze_plan": {"Plan": {"Node Type": "Sort", "Startup Cost": 256366.86, "Total Cost": 256436.2, "Plan Rows": 27736, "Plan Width": 60, "Actual Min Startup Time": 4476.752, "Actual Max Startup Time": 4476.752, "Actual Min Total Time": 4479.827, "Actual Max Total Time": 4479.827, "Actual Total Rows": 27838, "Sort Key": ["(count(partsupp.ps_suppkey)) DESC", "part.p_brand", "part.p_type", "part.p_size"], "Sort Method": "quicksort", "Sort Space Min Used": 5082, "Sort Space Max Used": 5082, "Sort Space Type": "Memory", "Plans": [{"Node Type": "Aggregate", "Strategy": "Hashed", "Parent Relationship": "Outer", "Startup Cost": 254042.65, "Total Cost": 254320.01, "Plan Rows": 27736, "Plan Width": 60, "Actual Min Startup Time": 4376.627, "Actual Max Startup Time": 4376.627, "Actual Min Total Time": 4385.931, "Actual Max Total Time": 4385.931, "Actual Total Rows": 27838, "Group By Key": ["part.p_brand", "part.p_type", "part.p_size"], "Plans": [{"Node Type": "Aggregate", "Strategy": "Hashed", "Parent Relationship": "Outer", "Startup Cost": 253487.93, "Total Cost": 253765.29, "Plan Rows": 27736, "Plan Width": 52, "Actual Min Startup Time": 2854.718, "Actual Max Startup Time": 2854.718, "Actual Min Total Time": 3396.575, "Actual Max Total Time": 3396.575, "Actual Total Rows": 1188428, "Group By Key": ["part.p_brand", "part.p_type", "part.p_size", "partsupp.ps_suppkey"], "Plans": [{"Node Type": "Hash Join", "Parent Relationship": "Outer", "Join Type": "Anti", "Startup Cost": 72314.26, "Total Cost": 242805.29, "Plan Rows": 854611, "Plan Width": 44, "Actual Min Startup Time": 308.113, "Actual Max Startup Time": 308.113, "Actual Min Total Time": 1683.887, "Actual Max Total Time": 1683.887, "Actual Total Rows": 1188666, "Inner Unique": false, "Hash Cond": "(partsupp.ps_suppkey = supplier.s_suppkey), (LLVM Optimized, Jit Execute)", "Plans": [{"Node Type": "Streaming(type: LOCAL GATHER dop: 1/64)", "Parent Relationship": "Outer", "Startup Cost": 68781.13, "Total Cost": 228589.41, "Plan Rows": 854625, "Plan Width": 44, "Actual Min Startup Time": 256.615, "Actual Max Startup Time": 256.615, "Actual Min Total Time": 1260.176, "Actual Max Total Time": 1260.176, "Actual Total Rows": 1189344, "Plans": [{"Node Type": "Hash Join", "Parent Relationship": "Outer", "Join Type": "Inner", "Startup Cost": 68781.13, "Total Cost": 210958.59, "Plan Rows": 854625, "Plan Width": 44, "Actual Min Startup Time": 76.809, "Actual Max Startup Time": 276.302, "Actual Min Total Time": 1373.144, "Actual Max Total Time": 1744.056, "Actual Total Rows": 1189344, "Inner Unique": false, "Hash Cond": "(part.p_partkey = partsupp.ps_partkey), (LLVM Optimized, Jit Execute)", "Plans": [{"Node Type": "Streaming(type: BROADCAST dop: 64/64)", "Parent Relationship": "Outer", "Startup Cost": 0.0, "Total Cost": 139455.29, "Plan Rows": 18934016, "Plan Width": 44, "Actual Min Startup Time": 0.115, "Actual Max Startup Time": 1.262, "Actual Min Total Time": 1174.396, "Actual Max Total Time": 1471.854, "Actual Total Rows": 19029504, "Plans": [{"Node Type": "Seq Scan", "Parent Relationship": "Outer", "Relation Name": "part", "Alias": "part", "Startup Cost": 0.0, "Total Cost": 64436.62, "Plan Rows": 295844, "Plan Width": 44, "Actual Min Startup Time": 0.032, "Actual Max Startup Time": 0.08, "Actual Min Total Time": 19.658, "Actual Max Total Time": 32.694, "Actual Total Rows": 297336, "Filter": "((p_brand <> 'Brand#34'::bpchar) AND ((p_type)::text !~~ 'LARGE BRUSHED%'::text) AND (p_size = ANY ('{48,19,12,4,41,7,21,39}'::integer[]))), (LLVM Optimized, Jit Execute)", "Rows Removed by Filter": 1702664}]}, {"Node Type": "Hash", "Parent Relationship": "Inner", "Startup Cost": 67218.56, "Total Cost": 67218.56, "Plan Rows": 8000372, "Plan Width": 16, "Actual Min Startup Time": 75.766, "Actual Max Startup Time": 151.429, "Actual Min Total Time": 75.766, "Actual Max Total Time": 151.429, "Actual Total Rows": 8000000, "Max Hash Buckets": 131072, "Min Hash Buckets": 131072, "Max Hash Batches": 1, "Min Hash Batches": 1, "Max Original Hash Batches": 1, "Min Original Hash Batches": 1, "Max Peak Memory Usage": 5921, "min Peak Memory Usage": 5921, "Plans": [{"Node Type": "Seq Scan", "Parent Relationship": "Outer", "Relation Name": "partsupp", "Alias": "partsupp", "Startup Cost": 0.0, "Total Cost": 67218.56, "Plan Rows": 8000372, "Plan Width": 16, "Actual Min Startup Time": 0.017, "Actual Max Startup Time": 0.034, "Actual Min Total Time": 43.375, "Actual Max Total Time": 54.1, "Actual Total Rows": 8000000}]}]}]}, {"Node Type": "Hash", "Parent Relationship": "Inner", "Startup Cost": 3533.0, "Total Cost": 3533.0, "Plan Rows": 10, "Plan Width": 8, "Actual Min Startup Time": 51.443, "Actual Max Startup Time": 51.443, "Actual Min Total Time": 51.443, "Actual Max Total Time": 51.443, "Actual Total Rows": 56, "Max Hash Buckets": 32768, "Min Hash Buckets": 32768, "Max Hash Batches": 1, "Min Hash Batches": 1, "Max Original Hash Batches": 1, "Min Original Hash Batches": 1, "Max Peak Memory Usage": 3, "min Peak Memory Usage": 3, "Plans": [{"Node Type": "Seq Scan", "Parent Relationship": "Outer", "Relation Name": "supplier", "Alias": "supplier", "Startup Cost": 0.0, "Total Cost": 3533.0, "Plan Rows": 10, "Plan Width": 8, "Actual Min Startup Time": 0.255, "Actual Max Startup Time": 0.255, "Actual Min Total Time": 51.388, "Actual Max Total Time": 51.388, "Actual Total Rows": 56, "Filter": "((s_comment)::text ~~ '%Customer%Complaints%'::text)", "Rows Removed by Filter": 99944}]}]}]}]}]}, "Triggers": [], "Planner Runtime": 1.817, "Total Runtime": 4517.384, "Unique SQL Id": 1437012347}}, "(64, 35)": {"explain_plan": {"Plan": {"Node Type": "Sort", "Startup Cost": 636427.53, "Total Cost": 636496.87, "Plan Rows": 27736, "Plan Width": 60, "Sort Key": ["(count(partsupp.ps_suppkey)) DESC", "part.p_brand", "part.p_type", "part.p_size"], "Plans": [{"Node Type": "Aggregate", "Strategy": "Hashed", "Parent Relationship": "Outer", "Startup Cost": 634103.33, "Total Cost": 634380.69, "Plan Rows": 27736, "Plan Width": 60, "Group By Key": ["part.p_brand", "part.p_type", "part.p_size"], "Plans": [{"Node Type": "Aggregate", "Strategy": "Hashed", "Parent Relationship": "Outer", "Startup Cost": 633548.61, "Total Cost": 633825.97, "Plan Rows": 27736, "Plan Width": 52, "Group By Key": ["part.p_brand", "part.p_type", "part.p_size", "partsupp.ps_suppkey"], "Plans": [{"Node Type": "Hash Join", "Parent Relationship": "Outer", "Join Type": "Anti", "Startup Cost": 303647.84, "Total Cost": 622865.97, "Plan Rows": 854611, "Plan Width": 44, "Inner Unique": false, "Hash Cond": "(partsupp.ps_suppkey = supplier.s_suppkey), (LLVM Optimized)", "Plans": [{"Node Type": "Hash Join", "Parent Relationship": "Outer", "Join Type": "Inner", "Startup Cost": 298066.46, "Total Cost": 606601.83, "Plan Rows": 854625, "Plan Width": 44, "Inner Unique": true, "Hash Cond": "(partsupp.ps_partkey = part.p_partkey), (LLVM Optimized)", "Plans": [{"Node Type": "Bitmap Heap Scan", "Parent Relationship": "Outer", "Relation Name": "partsupp", "Alias": "partsupp", "Startup Cost": 163494.2, "Total Cost": 433481.92, "Plan Rows": 8000372, "Plan Width": 16, "Plans": [{"Node Type": "Bitmap Index Scan", "Parent Relationship": "Outer", "Index Name": "idx_partsupp_partkey", "Startup Cost": 0.0, "Total Cost": 161494.11, "Plan Rows": 8000372, "Plan Width": 0}]}, {"Node Type": "Hash", "Parent Relationship": "Inner", "Startup Cost": 130874.21, "Total Cost": 130874.21, "Plan Rows": 295844, "Plan Width": 44, "Plans": [{"Node Type": "Bitmap Heap Scan", "Parent Relationship": "Outer", "Relation Name": "part", "Alias": "part", "Startup Cost": 38930.21, "Total Cost": 130874.21, "Plan Rows": 295844, "Plan Width": 44, "Filter": "((p_brand <> 'Brand#34'::bpchar) AND ((p_type)::text !~~ 'LARGE BRUSHED%'::text) AND (p_size = ANY ('{48,19,12,4,41,7,21,39}'::integer[]))), (LLVM Optimized)", "Plans": [{"Node Type": "Bitmap Index Scan", "Parent Relationship": "Outer", "Index Name": "part_kpey", "Startup Cost": 0.0, "Total Cost": 38856.25, "Plan Rows": 2000000, "Plan Width": 0}]}]}]}, {"Node Type": "Hash", "Parent Relationship": "Inner", "Startup Cost": 5581.25, "Total Cost": 5581.25, "Plan Rows": 10, "Plan Width": 8, "Plans": [{"Node Type": "Bitmap Heap Scan", "Parent Relationship": "Outer", "Relation Name": "supplier", "Alias": "supplier", "Startup Cost": 2048.25, "Total Cost": 5581.25, "Plan Rows": 10, "Plan Width": 8, "Filter": "((s_comment)::text ~~ '%Customer%Complaints%'::text)", "Plans": [{"Node Type": "Bitmap Index Scan", "Parent Relationship": "Outer", "Index Name": "supplier_pkey", "Startup Cost": 0.0, "Total Cost": 2048.25, "Plan Rows": 100000, "Plan Width": 0}]}]}]}]}]}]}, "Unique SQL Id": 1437012347}, "explain_analyze_plan": null}, "(64, 36)": {"explain_plan": {"Plan": {"Node Type": "Sort", "Startup Cost": 256366.86, "Total Cost": 256436.2, "Plan Rows": 27736, "Plan Width": 60, "Sort Key": ["(count(partsupp.ps_suppkey)) DESC", "part.p_brand", "part.p_type", "part.p_size"], "Plans": [{"Node Type": "Aggregate", "Strategy": "Hashed", "Parent Relationship": "Outer", "Startup Cost": 254042.65, "Total Cost": 254320.01, "Plan Rows": 27736, "Plan Width": 60, "Group By Key": ["part.p_brand", "part.p_type", "part.p_size"], "Plans": [{"Node Type": "Aggregate", "Strategy": "Hashed", "Parent Relationship": "Outer", "Startup Cost": 253487.93, "Total Cost": 253765.29, "Plan Rows": 27736, "Plan Width": 52, "Group By Key": ["part.p_brand", "part.p_type", "part.p_size", "partsupp.ps_suppkey"], "Plans": [{"Node Type": "Hash Join", "Parent Relationship": "Outer", "Join Type": "Anti", "Startup Cost": 72314.26, "Total Cost": 242805.29, "Plan Rows": 854611, "Plan Width": 44, "Inner Unique": false, "Hash Cond": "(partsupp.ps_suppkey = supplier.s_suppkey), (LLVM Optimized)", "Plans": [{"Node Type": "Streaming(type: LOCAL GATHER dop: 1/64)", "Parent Relationship": "Outer", "Startup Cost": 68781.13, "Total Cost": 228589.41, "Plan Rows": 854625, "Plan Width": 44, "Plans": [{"Node Type": "Hash Join", "Parent Relationship": "Outer", "Join Type": "Inner", "Startup Cost": 68781.13, "Total Cost": 210958.59, "Plan Rows": 854625, "Plan Width": 44, "Inner Unique": false, "Hash Cond": "(part.p_partkey = partsupp.ps_partkey), (LLVM Optimized)", "Plans": [{"Node Type": "Streaming(type: BROADCAST dop: 64/64)", "Parent Relationship": "Outer", "Startup Cost": 0.0, "Total Cost": 139455.29, "Plan Rows": 18934016, "Plan Width": 44, "Plans": [{"Node Type": "Seq Scan", "Parent Relationship": "Outer", "Relation Name": "part", "Alias": "part", "Startup Cost": 0.0, "Total Cost": 64436.62, "Plan Rows": 295844, "Plan Width": 44, "Filter": "((p_brand <> 'Brand#34'::bpchar) AND ((p_type)::text !~~ 'LARGE BRUSHED%'::text) AND (p_size = ANY ('{48,19,12,4,41,7,21,39}'::integer[]))), (LLVM Optimized)"}]}, {"Node Type": "Hash", "Parent Relationship": "Inner", "Startup Cost": 67218.56, "Total Cost": 67218.56, "Plan Rows": 8000372, "Plan Width": 16, "Plans": [{"Node Type": "Seq Scan", "Parent Relationship": "Outer", "Relation Name": "partsupp", "Alias": "partsupp", "Startup Cost": 0.0, "Total Cost": 67218.56, "Plan Rows": 8000372, "Plan Width": 16}]}]}]}, {"Node Type": "Hash", "Parent Relationship": "Inner", "Startup Cost": 3533.0, "Total Cost": 3533.0, "Plan Rows": 10, "Plan Width": 8, "Plans": [{"Node Type": "Seq Scan", "Parent Relationship": "Outer", "Relation Name": "supplier", "Alias": "supplier", "Startup Cost": 0.0, "Total Cost": 3533.0, "Plan Rows": 10, "Plan Width": 8, "Filter": "((s_comment)::text ~~ '%Customer%Complaints%'::text)"}]}]}]}]}]}, "Unique SQL Id": 1437012347}, "explain_analyze_plan": {"Plan": {"Node Type": "Sort", "Startup Cost": 256366.86, "Total Cost": 256436.2, "Plan Rows": 27736, "Plan Width": 60, "Actual Min Startup Time": 4476.752, "Actual Max Startup Time": 4476.752, "Actual Min Total Time": 4479.827, "Actual Max Total Time": 4479.827, "Actual Total Rows": 27838, "Sort Key": ["(count(partsupp.ps_suppkey)) DESC", "part.p_brand", "part.p_type", "part.p_size"], "Sort Method": "quicksort", "Sort Space Min Used": 5082, "Sort Space Max Used": 5082, "Sort Space Type": "Memory", "Plans": [{"Node Type": "Aggregate", "Strategy": "Hashed", "Parent Relationship": "Outer", "Startup Cost": 254042.65, "Total Cost": 254320.01, "Plan Rows": 27736, "Plan Width": 60, "Actual Min Startup Time": 4376.627, "Actual Max Startup Time": 4376.627, "Actual Min Total Time": 4385.931, "Actual Max Total Time": 4385.931, "Actual Total Rows": 27838, "Group By Key": ["part.p_brand", "part.p_type", "part.p_size"], "Plans": [{"Node Type": "Aggregate", "Strategy": "Hashed", "Parent Relationship": "Outer", "Startup Cost": 253487.93, "Total Cost": 253765.29, "Plan Rows": 27736, "Plan Width": 52, "Actual Min Startup Time": 2854.718, "Actual Max Startup Time": 2854.718, "Actual Min Total Time": 3396.575, "Actual Max Total Time": 3396.575, "Actual Total Rows": 1188428, "Group By Key": ["part.p_brand", "part.p_type", "part.p_size", "partsupp.ps_suppkey"], "Plans": [{"Node Type": "Hash Join", "Parent Relationship": "Outer", "Join Type": "Anti", "Startup Cost": 72314.26, "Total Cost": 242805.29, "Plan Rows": 854611, "Plan Width": 44, "Actual Min Startup Time": 308.113, "Actual Max Startup Time": 308.113, "Actual Min Total Time": 1683.887, "Actual Max Total Time": 1683.887, "Actual Total Rows": 1188666, "Inner Unique": false, "Hash Cond": "(partsupp.ps_suppkey = supplier.s_suppkey), (LLVM Optimized, Jit Execute)", "Plans": [{"Node Type": "Streaming(type: LOCAL GATHER dop: 1/64)", "Parent Relationship": "Outer", "Startup Cost": 68781.13, "Total Cost": 228589.41, "Plan Rows": 854625, "Plan Width": 44, "Actual Min Startup Time": 256.615, "Actual Max Startup Time": 256.615, "Actual Min Total Time": 1260.176, "Actual Max Total Time": 1260.176, "Actual Total Rows": 1189344, "Plans": [{"Node Type": "Hash Join", "Parent Relationship": "Outer", "Join Type": "Inner", "Startup Cost": 68781.13, "Total Cost": 210958.59, "Plan Rows": 854625, "Plan Width": 44, "Actual Min Startup Time": 76.809, "Actual Max Startup Time": 276.302, "Actual Min Total Time": 1373.144, "Actual Max Total Time": 1744.056, "Actual Total Rows": 1189344, "Inner Unique": false, "Hash Cond": "(part.p_partkey = partsupp.ps_partkey), (LLVM Optimized, Jit Execute)", "Plans": [{"Node Type": "Streaming(type: BROADCAST dop: 64/64)", "Parent Relationship": "Outer", "Startup Cost": 0.0, "Total Cost": 139455.29, "Plan Rows": 18934016, "Plan Width": 44, "Actual Min Startup Time": 0.115, "Actual Max Startup Time": 1.262, "Actual Min Total Time": 1174.396, "Actual Max Total Time": 1471.854, "Actual Total Rows": 19029504, "Plans": [{"Node Type": "Seq Scan", "Parent Relationship": "Outer", "Relation Name": "part", "Alias": "part", "Startup Cost": 0.0, "Total Cost": 64436.62, "Plan Rows": 295844, "Plan Width": 44, "Actual Min Startup Time": 0.032, "Actual Max Startup Time": 0.08, "Actual Min Total Time": 19.658, "Actual Max Total Time": 32.694, "Actual Total Rows": 297336, "Filter": "((p_brand <> 'Brand#34'::bpchar) AND ((p_type)::text !~~ 'LARGE BRUSHED%'::text) AND (p_size = ANY ('{48,19,12,4,41,7,21,39}'::integer[]))), (LLVM Optimized, Jit Execute)", "Rows Removed by Filter": 1702664}]}, {"Node Type": "Hash", "Parent Relationship": "Inner", "Startup Cost": 67218.56, "Total Cost": 67218.56, "Plan Rows": 8000372, "Plan Width": 16, "Actual Min Startup Time": 75.766, "Actual Max Startup Time": 151.429, "Actual Min Total Time": 75.766, "Actual Max Total Time": 151.429, "Actual Total Rows": 8000000, "Max Hash Buckets": 131072, "Min Hash Buckets": 131072, "Max Hash Batches": 1, "Min Hash Batches": 1, "Max Original Hash Batches": 1, "Min Original Hash Batches": 1, "Max Peak Memory Usage": 5921, "min Peak Memory Usage": 5921, "Plans": [{"Node Type": "Seq Scan", "Parent Relationship": "Outer", "Relation Name": "partsupp", "Alias": "partsupp", "Startup Cost": 0.0, "Total Cost": 67218.56, "Plan Rows": 8000372, "Plan Width": 16, "Actual Min Startup Time": 0.017, "Actual Max Startup Time": 0.034, "Actual Min Total Time": 43.375, "Actual Max Total Time": 54.1, "Actual Total Rows": 8000000}]}]}]}, {"Node Type": "Hash", "Parent Relationship": "Inner", "Startup Cost": 3533.0, "Total Cost": 3533.0, "Plan Rows": 10, "Plan Width": 8, "Actual Min Startup Time": 51.443, "Actual Max Startup Time": 51.443, "Actual Min Total Time": 51.443, "Actual Max Total Time": 51.443, "Actual Total Rows": 56, "Max Hash Buckets": 32768, "Min Hash Buckets": 32768, "Max Hash Batches": 1, "Min Hash Batches": 1, "Max Original Hash Batches": 1, "Min Original Hash Batches": 1, "Max Peak Memory Usage": 3, "min Peak Memory Usage": 3, "Plans": [{"Node Type": "Seq Scan", "Parent Relationship": "Outer", "Relation Name": "supplier", "Alias": "supplier", "Startup Cost": 0.0, "Total Cost": 3533.0, "Plan Rows": 10, "Plan Width": 8, "Actual Min Startup Time": 0.255, "Actual Max Startup Time": 0.255, "Actual Min Total Time": 51.388, "Actual Max Total Time": 51.388, "Actual Total Rows": 56, "Filter": "((s_comment)::text ~~ '%Customer%Complaints%'::text)", "Rows Removed by Filter": 99944}]}]}]}]}]}, "Triggers": [], "Planner Runtime": 1.817, "Total Runtime": 4517.384, "Unique SQL Id": 1437012347}}, "(64, 37)": {"explain_plan": {"Plan": {"Node Type": "Sort", "Startup Cost": 736064.7, "Total Cost": 736134.04, "Plan Rows": 27736, "Plan Width": 60, "Sort Key": ["(count(partsupp.ps_suppkey)) DESC", "part.p_brand", "part.p_type", "part.p_size"], "Plans": [{"Node Type": "Aggregate", "Strategy": "Hashed", "Parent Relationship": "Outer", "Startup Cost": 733740.49, "Total Cost": 734017.85, "Plan Rows": 27736, "Plan Width": 60, "Group By Key": ["part.p_brand", "part.p_type", "part.p_size"], "Plans": [{"Node Type": "Aggregate", "Strategy": "Hashed", "Parent Relationship": "Outer", "Startup Cost": 733185.77, "Total Cost": 733463.13, "Plan Rows": 27736, "Plan Width": 52, "Group By Key": ["part.p_brand", "part.p_type", "part.p_size", "partsupp.ps_suppkey"], "Plans": [{"Node Type": "Hash Join", "Parent Relationship": "Outer", "Join Type": "Anti", "Startup Cost": 207277.4, "Total Cost": 722503.14, "Plan Rows": 854611, "Plan Width": 44, "Inner Unique": false, "Hash Cond": "(partsupp.ps_suppkey = supplier.s_suppkey), (LLVM Optimized)", "Plans": [{"Node Type": "Streaming(type: LOCAL GATHER dop: 1/64)", "Parent Relationship": "Outer", "Startup Cost": 205881.14, "Total Cost": 710424.11, "Plan Rows": 854625, "Plan Width": 44, "Plans": [{"Node Type": "Hash Join", "Parent Relationship": "Outer", "Join Type": "Inner", "Startup Cost": 205881.14, "Total Cost": 692793.3, "Plan Rows": 854625, "Plan Width": 44, "Inner Unique": true, "Hash Cond": "(partsupp.ps_partkey = part.p_partkey), (LLVM Optimized)", "Plans": [{"Node Type": "Streaming(type: LOCAL REDISTRIBUTE dop: 64/64)", "Parent Relationship": "Outer", "Startup Cost": 0.0, "Total Cost": 486309.85, "Plan Rows": 8000372, "Plan Width": 16, "Plans": [{"Node Type": "Index Scan", "Parent Relationship": "Outer", "Scan Direction": "Forward", "Index Name": "idx_partsupp_partkey", "Relation Name": "partsupp", "Alias": "partsupp", "Startup Cost": 0.0, "Total Cost": 415731.37, "Plan Rows": 8000372, "Plan Width": 16}]}, {"Node Type": "Hash", "Parent Relationship": "Inner", "Startup Cost": 205823.36, "Total Cost": 205823.36, "Plan Rows": 295844, "Plan Width": 44, "Plans": [{"Node Type": "Streaming(type: LOCAL REDISTRIBUTE dop: 64/1)", "Parent Relationship": "Outer", "Startup Cost": 0.0, "Total Cost": 205823.36, "Plan Rows": 295844, "Plan Width": 44, "Plans": [{"Node Type": "Index Scan", "Parent Relationship": "Outer", "Scan Direction": "Forward", "Index Name": "part_kpey", "Relation Name": "part", "Alias": "part", "Startup Cost": 0.0, "Total Cost": 130803.25, "Plan Rows": 295844, "Plan Width": 44, "Filter": "((p_brand <> 'Brand#34'::bpchar) AND ((p_type)::text !~~ 'LARGE BRUSHED%'::text) AND (p_size = ANY ('{48,19,12,4,41,7,21,39}'::integer[]))), (LLVM Optimized)"}]}]}]}]}, {"Node Type": "Hash", "Parent Relationship": "Inner", "Startup Cost": 5584.54, "Total Cost": 5584.54, "Plan Rows": 10, "Plan Width": 8, "Plans": [{"Node Type": "Index Scan", "Parent Relationship": "Outer", "Scan Direction": "Forward", "Index Name": "supplier_pkey", "Relation Name": "supplier", "Alias": "supplier", "Startup Cost": 0.0, "Total Cost": 5584.54, "Plan Rows": 10, "Plan Width": 8, "Filter": "((s_comment)::text ~~ '%Customer%Complaints%'::text)"}]}]}]}]}]}, "Unique SQL Id": 1437012347}, "explain_analyze_plan": {"Plan": {"Node Type": "Sort", "Startup Cost": 736064.7, "Total Cost": 736134.04, "Plan Rows": 27736, "Plan Width": 60, "Actual Min Startup Time": 6022.853, "Actual Max Startup Time": 6022.853, "Actual Min Total Time": 6026.077, "Actual Max Total Time": 6026.077, "Actual Total Rows": 27838, "Sort Key": ["(count(partsupp.ps_suppkey)) DESC", "part.p_brand", "part.p_type", "part.p_size"], "Sort Method": "quicksort", "Sort Space Min Used": 5082, "Sort Space Max Used": 5082, "Sort Space Type": "Memory", "Plans": [{"Node Type": "Aggregate", "Strategy": "Hashed", "Parent Relationship": "Outer", "Startup Cost": 733740.49, "Total Cost": 734017.85, "Plan Rows": 27736, "Plan Width": 60, "Actual Min Startup Time": 5923.507, "Actual Max Startup Time": 5923.507, "Actual Min Total Time": 5932.916, "Actual Max Total Time": 5932.916, "Actual Total Rows": 27838, "Group By Key": ["part.p_brand", "part.p_type", "part.p_size"], "Plans": [{"Node Type": "Aggregate", "Strategy": "Hashed", "Parent Relationship": "Outer", "Startup Cost": 733185.77, "Total Cost": 733463.13, "Plan Rows": 27736, "Plan Width": 52, "Actual Min Startup Time": 4413.448, "Actual Max Startup Time": 4413.448, "Actual Min Total Time": 4974.669, "Actual Max Total Time": 4974.669, "Actual Total Rows": 1188428, "Group By Key": ["part.p_brand", "part.p_type", "part.p_size", "partsupp.ps_suppkey"], "Plans": [{"Node Type": "Hash Join", "Parent Relationship": "Outer", "Join Type": "Anti", "Startup Cost": 207277.4, "Total Cost": 722503.14, "Plan Rows": 854611, "Plan Width": 44, "Actual Min Startup Time": 2638.89, "Actual Max Startup Time": 2638.89, "Actual Min Total Time": 3475.634, "Actual Max Total Time": 3475.634, "Actual Total Rows": 1188666, "Inner Unique": false, "Hash Cond": "(partsupp.ps_suppkey = supplier.s_suppkey), (LLVM Optimized, Jit Execute)", "Plans": [{"Node Type": "Streaming(type: LOCAL GATHER dop: 1/64)", "Parent Relationship": "Outer", "Startup Cost": 205881.14, "Total Cost": 710424.11, "Plan Rows": 854625, "Plan Width": 44, "Actual Min Startup Time": 2563.76, "Actual Max Startup Time": 2563.76, "Actual Min Total Time": 3046.881, "Actual Max Total Time": 3046.881, "Actual Total Rows": 1189344, "Plans": [{"Node Type": "Hash Join", "Parent Relationship": "Outer", "Join Type": "Inner", "Startup Cost": 205881.14, "Total Cost": 692793.3, "Plan Rows": 854625, "Plan Width": 44, "Actual Min Startup Time": 2330.614, "Actual Max Startup Time": 2500.004, "Actual Min Total Time": 3114.445, "Actual Max Total Time": 3481.051, "Actual Total Rows": 1189344, "Inner Unique": true, "Hash Cond": "(partsupp.ps_partkey = part.p_partkey), (LLVM Optimized, Jit Execute)", "Plans": [{"Node Type": "Streaming(type: LOCAL REDISTRIBUTE dop: 64/64)", "Parent Relationship": "Outer", "Startup Cost": 0.0, "Total Cost": 486309.85, "Plan Rows": 8000372, "Plan Width": 16, "Actual Min Startup Time": 0.142, "Actual Max Startup Time": 1.856, "Actual Min Total Time": 749.157, "Actual Max Total Time": 975.633, "Actual Total Rows": 8000000, "Plans": [{"Node Type": "Index Scan", "Parent Relationship": "Outer", "Scan Direction": "Forward", "Index Name": "idx_partsupp_partkey", "Relation Name": "partsupp", "Alias": "partsupp", "Startup Cost": 0.0, "Total Cost": 415731.37, "Plan Rows": 8000372, "Plan Width": 16, "Actual Min Startup Time": 37.458, "Actual Max Startup Time": 124.932, "Actual Min Total Time": 115.013, "Actual Max Total Time": 217.348, "Actual Total Rows": 8000000}]}, {"Node Type": "Hash", "Parent Relationship": "Inner", "Startup Cost": 205823.36, "Total Cost": 205823.36, "Plan Rows": 295844, "Plan Width": 44, "Actual Min Startup Time": 2330.154, "Actual Max Startup Time": 2499.542, "Actual Min Total Time": 2330.154, "Actual Max Total Time": 2499.542, "Actual Total Rows": 297336, "Max Hash Buckets": 32768, "Min Hash Buckets": 32768, "Max Hash Batches": 1, "Min Hash Batches": 1, "Max Original Hash Batches": 1, "Min Original Hash Batches": 1, "Max Peak Memory Usage": 365, "min Peak Memory Usage": 365, "Plans": [{"Node Type": "Streaming(type: LOCAL REDISTRIBUTE dop: 64/1)", "Parent Relationship": "Outer", "Startup Cost": 0.0, "Total Cost": 205823.36, "Plan Rows": 295844, "Plan Width": 44, "Actual Min Startup Time": 0.041, "Actual Max Startup Time": 179.288, "Actual Min Total Time": 2328.111, "Actual Max Total Time": 2497.493, "Actual Total Rows": 297336, "Plans": [{"Node Type": "Index Scan", "Parent Relationship": "Outer", "Scan Direction": "Forward", "Index Name": "part_kpey", "Relation Name": "part", "Alias": "part", "Startup Cost": 0.0, "Total Cost": 130803.25, "Plan Rows": 295844, "Plan Width": 44, "Actual Min Startup Time": 0.076, "Actual Max Startup Time": 0.076, "Actual Min Total Time": 2083.174, "Actual Max Total Time": 2083.174, "Actual Total Rows": 297336, "Filter": "((p_brand <> 'Brand#34'::bpchar) AND ((p_type)::text !~~ 'LARGE BRUSHED%'::text) AND (p_size = ANY ('{48,19,12,4,41,7,21,39}'::integer[]))), (LLVM Optimized, Jit Execute)", "Rows Removed by Filter": 1702664}]}]}]}]}, {"Node Type": "Hash", "Parent Relationship": "Inner", "Startup Cost": 5584.54, "Total Cost": 5584.54, "Plan Rows": 10, "Plan Width": 8, "Actual Min Startup Time": 75.079, "Actual Max Startup Time": 75.079, "Actual Min Total Time": 75.079, "Actual Max Total Time": 75.079, "Actual Total Rows": 56, "Max Hash Buckets": 32768, "Min Hash Buckets": 32768, "Max Hash Batches": 1, "Min Hash Batches": 1, "Max Original Hash Batches": 1, "Min Original Hash Batches": 1, "Max Peak Memory Usage": 3, "min Peak Memory Usage": 3, "Plans": [{"Node Type": "Index Scan", "Parent Relationship": "Outer", "Scan Direction": "Forward", "Index Name": "supplier_pkey", "Relation Name": "supplier", "Alias": "supplier", "Startup Cost": 0.0, "Total Cost": 5584.54, "Plan Rows": 10, "Plan Width": 8, "Actual Min Startup Time": 0.368, "Actual Max Startup Time": 0.368, "Actual Min Total Time": 75.015, "Actual Max Total Time": 75.015, "Actual Total Rows": 56, "Filter": "((s_comment)::text ~~ '%Customer%Complaints%'::text)", "Rows Removed by Filter": 99944}]}]}]}]}]}, "Triggers": [], "Planner Runtime": 1.376, "Total Runtime": 6064.907, "Unique SQL Id": 1437012347}}, "(64, 38)": {"explain_plan": {"Plan": {"Node Type": "Sort", "Startup Cost": 256366.86, "Total Cost": 256436.2, "Plan Rows": 27736, "Plan Width": 60, "Sort Key": ["(count(partsupp.ps_suppkey)) DESC", "part.p_brand", "part.p_type", "part.p_size"], "Plans": [{"Node Type": "Aggregate", "Strategy": "Hashed", "Parent Relationship": "Outer", "Startup Cost": 254042.65, "Total Cost": 254320.01, "Plan Rows": 27736, "Plan Width": 60, "Group By Key": ["part.p_brand", "part.p_type", "part.p_size"], "Plans": [{"Node Type": "Aggregate", "Strategy": "Hashed", "Parent Relationship": "Outer", "Startup Cost": 253487.93, "Total Cost": 253765.29, "Plan Rows": 27736, "Plan Width": 52, "Group By Key": ["part.p_brand", "part.p_type", "part.p_size", "partsupp.ps_suppkey"], "Plans": [{"Node Type": "Hash Join", "Parent Relationship": "Outer", "Join Type": "Anti", "Startup Cost": 72314.26, "Total Cost": 242805.29, "Plan Rows": 854611, "Plan Width": 44, "Inner Unique": false, "Hash Cond": "(partsupp.ps_suppkey = supplier.s_suppkey), (LLVM Optimized)", "Plans": [{"Node Type": "Streaming(type: LOCAL GATHER dop: 1/64)", "Parent Relationship": "Outer", "Startup Cost": 68781.13, "Total Cost": 228589.41, "Plan Rows": 854625, "Plan Width": 44, "Plans": [{"Node Type": "Hash Join", "Parent Relationship": "Outer", "Join Type": "Inner", "Startup Cost": 68781.13, "Total Cost": 210958.59, "Plan Rows": 854625, "Plan Width": 44, "Inner Unique": false, "Hash Cond": "(part.p_partkey = partsupp.ps_partkey), (LLVM Optimized)", "Plans": [{"Node Type": "Streaming(type: BROADCAST dop: 64/64)", "Parent Relationship": "Outer", "Startup Cost": 0.0, "Total Cost": 139455.29, "Plan Rows": 18934016, "Plan Width": 44, "Plans": [{"Node Type": "Seq Scan", "Parent Relationship": "Outer", "Relation Name": "part", "Alias": "part", "Startup Cost": 0.0, "Total Cost": 64436.62, "Plan Rows": 295844, "Plan Width": 44, "Filter": "((p_brand <> 'Brand#34'::bpchar) AND ((p_type)::text !~~ 'LARGE BRUSHED%'::text) AND (p_size = ANY ('{48,19,12,4,41,7,21,39}'::integer[]))), (LLVM Optimized)"}]}, {"Node Type": "Hash", "Parent Relationship": "Inner", "Startup Cost": 67218.56, "Total Cost": 67218.56, "Plan Rows": 8000372, "Plan Width": 16, "Plans": [{"Node Type": "Seq Scan", "Parent Relationship": "Outer", "Relation Name": "partsupp", "Alias": "partsupp", "Startup Cost": 0.0, "Total Cost": 67218.56, "Plan Rows": 8000372, "Plan Width": 16}]}]}]}, {"Node Type": "Hash", "Parent Relationship": "Inner", "Startup Cost": 3533.0, "Total Cost": 3533.0, "Plan Rows": 10, "Plan Width": 8, "Plans": [{"Node Type": "Seq Scan", "Parent Relationship": "Outer", "Relation Name": "supplier", "Alias": "supplier", "Startup Cost": 0.0, "Total Cost": 3533.0, "Plan Rows": 10, "Plan Width": 8, "Filter": "((s_comment)::text ~~ '%Customer%Complaints%'::text)"}]}]}]}]}]}, "Unique SQL Id": 1437012347}, "explain_analyze_plan": {"Plan": {"Node Type": "Sort", "Startup Cost": 256366.86, "Total Cost": 256436.2, "Plan Rows": 27736, "Plan Width": 60, "Actual Min Startup Time": 4476.752, "Actual Max Startup Time": 4476.752, "Actual Min Total Time": 4479.827, "Actual Max Total Time": 4479.827, "Actual Total Rows": 27838, "Sort Key": ["(count(partsupp.ps_suppkey)) DESC", "part.p_brand", "part.p_type", "part.p_size"], "Sort Method": "quicksort", "Sort Space Min Used": 5082, "Sort Space Max Used": 5082, "Sort Space Type": "Memory", "Plans": [{"Node Type": "Aggregate", "Strategy": "Hashed", "Parent Relationship": "Outer", "Startup Cost": 254042.65, "Total Cost": 254320.01, "Plan Rows": 27736, "Plan Width": 60, "Actual Min Startup Time": 4376.627, "Actual Max Startup Time": 4376.627, "Actual Min Total Time": 4385.931, "Actual Max Total Time": 4385.931, "Actual Total Rows": 27838, "Group By Key": ["part.p_brand", "part.p_type", "part.p_size"], "Plans": [{"Node Type": "Aggregate", "Strategy": "Hashed", "Parent Relationship": "Outer", "Startup Cost": 253487.93, "Total Cost": 253765.29, "Plan Rows": 27736, "Plan Width": 52, "Actual Min Startup Time": 2854.718, "Actual Max Startup Time": 2854.718, "Actual Min Total Time": 3396.575, "Actual Max Total Time": 3396.575, "Actual Total Rows": 1188428, "Group By Key": ["part.p_brand", "part.p_type", "part.p_size", "partsupp.ps_suppkey"], "Plans": [{"Node Type": "Hash Join", "Parent Relationship": "Outer", "Join Type": "Anti", "Startup Cost": 72314.26, "Total Cost": 242805.29, "Plan Rows": 854611, "Plan Width": 44, "Actual Min Startup Time": 308.113, "Actual Max Startup Time": 308.113, "Actual Min Total Time": 1683.887, "Actual Max Total Time": 1683.887, "Actual Total Rows": 1188666, "Inner Unique": false, "Hash Cond": "(partsupp.ps_suppkey = supplier.s_suppkey), (LLVM Optimized, Jit Execute)", "Plans": [{"Node Type": "Streaming(type: LOCAL GATHER dop: 1/64)", "Parent Relationship": "Outer", "Startup Cost": 68781.13, "Total Cost": 228589.41, "Plan Rows": 854625, "Plan Width": 44, "Actual Min Startup Time": 256.615, "Actual Max Startup Time": 256.615, "Actual Min Total Time": 1260.176, "Actual Max Total Time": 1260.176, "Actual Total Rows": 1189344, "Plans": [{"Node Type": "Hash Join", "Parent Relationship": "Outer", "Join Type": "Inner", "Startup Cost": 68781.13, "Total Cost": 210958.59, "Plan Rows": 854625, "Plan Width": 44, "Actual Min Startup Time": 76.809, "Actual Max Startup Time": 276.302, "Actual Min Total Time": 1373.144, "Actual Max Total Time": 1744.056, "Actual Total Rows": 1189344, "Inner Unique": false, "Hash Cond": "(part.p_partkey = partsupp.ps_partkey), (LLVM Optimized, Jit Execute)", "Plans": [{"Node Type": "Streaming(type: BROADCAST dop: 64/64)", "Parent Relationship": "Outer", "Startup Cost": 0.0, "Total Cost": 139455.29, "Plan Rows": 18934016, "Plan Width": 44, "Actual Min Startup Time": 0.115, "Actual Max Startup Time": 1.262, "Actual Min Total Time": 1174.396, "Actual Max Total Time": 1471.854, "Actual Total Rows": 19029504, "Plans": [{"Node Type": "Seq Scan", "Parent Relationship": "Outer", "Relation Name": "part", "Alias": "part", "Startup Cost": 0.0, "Total Cost": 64436.62, "Plan Rows": 295844, "Plan Width": 44, "Actual Min Startup Time": 0.032, "Actual Max Startup Time": 0.08, "Actual Min Total Time": 19.658, "Actual Max Total Time": 32.694, "Actual Total Rows": 297336, "Filter": "((p_brand <> 'Brand#34'::bpchar) AND ((p_type)::text !~~ 'LARGE BRUSHED%'::text) AND (p_size = ANY ('{48,19,12,4,41,7,21,39}'::integer[]))), (LLVM Optimized, Jit Execute)", "Rows Removed by Filter": 1702664}]}, {"Node Type": "Hash", "Parent Relationship": "Inner", "Startup Cost": 67218.56, "Total Cost": 67218.56, "Plan Rows": 8000372, "Plan Width": 16, "Actual Min Startup Time": 75.766, "Actual Max Startup Time": 151.429, "Actual Min Total Time": 75.766, "Actual Max Total Time": 151.429, "Actual Total Rows": 8000000, "Max Hash Buckets": 131072, "Min Hash Buckets": 131072, "Max Hash Batches": 1, "Min Hash Batches": 1, "Max Original Hash Batches": 1, "Min Original Hash Batches": 1, "Max Peak Memory Usage": 5921, "min Peak Memory Usage": 5921, "Plans": [{"Node Type": "Seq Scan", "Parent Relationship": "Outer", "Relation Name": "partsupp", "Alias": "partsupp", "Startup Cost": 0.0, "Total Cost": 67218.56, "Plan Rows": 8000372, "Plan Width": 16, "Actual Min Startup Time": 0.017, "Actual Max Startup Time": 0.034, "Actual Min Total Time": 43.375, "Actual Max Total Time": 54.1, "Actual Total Rows": 8000000}]}]}]}, {"Node Type": "Hash", "Parent Relationship": "Inner", "Startup Cost": 3533.0, "Total Cost": 3533.0, "Plan Rows": 10, "Plan Width": 8, "Actual Min Startup Time": 51.443, "Actual Max Startup Time": 51.443, "Actual Min Total Time": 51.443, "Actual Max Total Time": 51.443, "Actual Total Rows": 56, "Max Hash Buckets": 32768, "Min Hash Buckets": 32768, "Max Hash Batches": 1, "Min Hash Batches": 1, "Max Original Hash Batches": 1, "Min Original Hash Batches": 1, "Max Peak Memory Usage": 3, "min Peak Memory Usage": 3, "Plans": [{"Node Type": "Seq Scan", "Parent Relationship": "Outer", "Relation Name": "supplier", "Alias": "supplier", "Startup Cost": 0.0, "Total Cost": 3533.0, "Plan Rows": 10, "Plan Width": 8, "Actual Min Startup Time": 0.255, "Actual Max Startup Time": 0.255, "Actual Min Total Time": 51.388, "Actual Max Total Time": 51.388, "Actual Total Rows": 56, "Filter": "((s_comment)::text ~~ '%Customer%Complaints%'::text)", "Rows Removed by Filter": 99944}]}]}]}]}]}, "Triggers": [], "Planner Runtime": 1.817, "Total Runtime": 4517.384, "Unique SQL Id": 1437012347}}, "(64, 39)": {"explain_plan": {"Plan": {"Node Type": "Sort", "Startup Cost": 636427.53, "Total Cost": 636496.87, "Plan Rows": 27736, "Plan Width": 60, "Sort Key": ["(count(partsupp.ps_suppkey)) DESC", "part.p_brand", "part.p_type", "part.p_size"], "Plans": [{"Node Type": "Aggregate", "Strategy": "Hashed", "Parent Relationship": "Outer", "Startup Cost": 634103.33, "Total Cost": 634380.69, "Plan Rows": 27736, "Plan Width": 60, "Group By Key": ["part.p_brand", "part.p_type", "part.p_size"], "Plans": [{"Node Type": "Aggregate", "Strategy": "Hashed", "Parent Relationship": "Outer", "Startup Cost": 633548.61, "Total Cost": 633825.97, "Plan Rows": 27736, "Plan Width": 52, "Group By Key": ["part.p_brand", "part.p_type", "part.p_size", "partsupp.ps_suppkey"], "Plans": [{"Node Type": "Hash Join", "Parent Relationship": "Outer", "Join Type": "Anti", "Startup Cost": 303647.84, "Total Cost": 622865.97, "Plan Rows": 854611, "Plan Width": 44, "Inner Unique": false, "Hash Cond": "(partsupp.ps_suppkey = supplier.s_suppkey), (LLVM Optimized)", "Plans": [{"Node Type": "Hash Join", "Parent Relationship": "Outer", "Join Type": "Inner", "Startup Cost": 298066.46, "Total Cost": 606601.83, "Plan Rows": 854625, "Plan Width": 44, "Inner Unique": true, "Hash Cond": "(partsupp.ps_partkey = part.p_partkey), (LLVM Optimized)", "Plans": [{"Node Type": "Bitmap Heap Scan", "Parent Relationship": "Outer", "Relation Name": "partsupp", "Alias": "partsupp", "Startup Cost": 163494.2, "Total Cost": 433481.92, "Plan Rows": 8000372, "Plan Width": 16, "Plans": [{"Node Type": "Bitmap Index Scan", "Parent Relationship": "Outer", "Index Name": "idx_partsupp_partkey", "Startup Cost": 0.0, "Total Cost": 161494.11, "Plan Rows": 8000372, "Plan Width": 0}]}, {"Node Type": "Hash", "Parent Relationship": "Inner", "Startup Cost": 130874.21, "Total Cost": 130874.21, "Plan Rows": 295844, "Plan Width": 44, "Plans": [{"Node Type": "Bitmap Heap Scan", "Parent Relationship": "Outer", "Relation Name": "part", "Alias": "part", "Startup Cost": 38930.21, "Total Cost": 130874.21, "Plan Rows": 295844, "Plan Width": 44, "Filter": "((p_brand <> 'Brand#34'::bpchar) AND ((p_type)::text !~~ 'LARGE BRUSHED%'::text) AND (p_size = ANY ('{48,19,12,4,41,7,21,39}'::integer[]))), (LLVM Optimized)", "Plans": [{"Node Type": "Bitmap Index Scan", "Parent Relationship": "Outer", "Index Name": "part_kpey", "Startup Cost": 0.0, "Total Cost": 38856.25, "Plan Rows": 2000000, "Plan Width": 0}]}]}]}, {"Node Type": "Hash", "Parent Relationship": "Inner", "Startup Cost": 5581.25, "Total Cost": 5581.25, "Plan Rows": 10, "Plan Width": 8, "Plans": [{"Node Type": "Bitmap Heap Scan", "Parent Relationship": "Outer", "Relation Name": "supplier", "Alias": "supplier", "Startup Cost": 2048.25, "Total Cost": 5581.25, "Plan Rows": 10, "Plan Width": 8, "Filter": "((s_comment)::text ~~ '%Customer%Complaints%'::text)", "Plans": [{"Node Type": "Bitmap Index Scan", "Parent Relationship": "Outer", "Index Name": "supplier_pkey", "Startup Cost": 0.0, "Total Cost": 2048.25, "Plan Rows": 100000, "Plan Width": 0}]}]}]}]}]}]}, "Unique SQL Id": 1437012347}, "explain_analyze_plan": null}, "(64, 40)": {"explain_plan": {"Plan": {"Node Type": "Sort", "Startup Cost": 256366.86, "Total Cost": 256436.2, "Plan Rows": 27736, "Plan Width": 60, "Sort Key": ["(count(partsupp.ps_suppkey)) DESC", "part.p_brand", "part.p_type", "part.p_size"], "Plans": [{"Node Type": "Aggregate", "Strategy": "Hashed", "Parent Relationship": "Outer", "Startup Cost": 254042.65, "Total Cost": 254320.01, "Plan Rows": 27736, "Plan Width": 60, "Group By Key": ["part.p_brand", "part.p_type", "part.p_size"], "Plans": [{"Node Type": "Aggregate", "Strategy": "Hashed", "Parent Relationship": "Outer", "Startup Cost": 253487.93, "Total Cost": 253765.29, "Plan Rows": 27736, "Plan Width": 52, "Group By Key": ["part.p_brand", "part.p_type", "part.p_size", "partsupp.ps_suppkey"], "Plans": [{"Node Type": "Hash Join", "Parent Relationship": "Outer", "Join Type": "Anti", "Startup Cost": 72314.26, "Total Cost": 242805.29, "Plan Rows": 854611, "Plan Width": 44, "Inner Unique": false, "Hash Cond": "(partsupp.ps_suppkey = supplier.s_suppkey), (LLVM Optimized)", "Plans": [{"Node Type": "Streaming(type: LOCAL GATHER dop: 1/64)", "Parent Relationship": "Outer", "Startup Cost": 68781.13, "Total Cost": 228589.41, "Plan Rows": 854625, "Plan Width": 44, "Plans": [{"Node Type": "Hash Join", "Parent Relationship": "Outer", "Join Type": "Inner", "Startup Cost": 68781.13, "Total Cost": 210958.59, "Plan Rows": 854625, "Plan Width": 44, "Inner Unique": false, "Hash Cond": "(part.p_partkey = partsupp.ps_partkey), (LLVM Optimized)", "Plans": [{"Node Type": "Streaming(type: BROADCAST dop: 64/64)", "Parent Relationship": "Outer", "Startup Cost": 0.0, "Total Cost": 139455.29, "Plan Rows": 18934016, "Plan Width": 44, "Plans": [{"Node Type": "Seq Scan", "Parent Relationship": "Outer", "Relation Name": "part", "Alias": "part", "Startup Cost": 0.0, "Total Cost": 64436.62, "Plan Rows": 295844, "Plan Width": 44, "Filter": "((p_brand <> 'Brand#34'::bpchar) AND ((p_type)::text !~~ 'LARGE BRUSHED%'::text) AND (p_size = ANY ('{48,19,12,4,41,7,21,39}'::integer[]))), (LLVM Optimized)"}]}, {"Node Type": "Hash", "Parent Relationship": "Inner", "Startup Cost": 67218.56, "Total Cost": 67218.56, "Plan Rows": 8000372, "Plan Width": 16, "Plans": [{"Node Type": "Seq Scan", "Parent Relationship": "Outer", "Relation Name": "partsupp", "Alias": "partsupp", "Startup Cost": 0.0, "Total Cost": 67218.56, "Plan Rows": 8000372, "Plan Width": 16}]}]}]}, {"Node Type": "Hash", "Parent Relationship": "Inner", "Startup Cost": 3533.0, "Total Cost": 3533.0, "Plan Rows": 10, "Plan Width": 8, "Plans": [{"Node Type": "Seq Scan", "Parent Relationship": "Outer", "Relation Name": "supplier", "Alias": "supplier", "Startup Cost": 0.0, "Total Cost": 3533.0, "Plan Rows": 10, "Plan Width": 8, "Filter": "((s_comment)::text ~~ '%Customer%Complaints%'::text)"}]}]}]}]}]}, "Unique SQL Id": 1437012347}, "explain_analyze_plan": {"Plan": {"Node Type": "Sort", "Startup Cost": 256366.86, "Total Cost": 256436.2, "Plan Rows": 27736, "Plan Width": 60, "Actual Min Startup Time": 4476.752, "Actual Max Startup Time": 4476.752, "Actual Min Total Time": 4479.827, "Actual Max Total Time": 4479.827, "Actual Total Rows": 27838, "Sort Key": ["(count(partsupp.ps_suppkey)) DESC", "part.p_brand", "part.p_type", "part.p_size"], "Sort Method": "quicksort", "Sort Space Min Used": 5082, "Sort Space Max Used": 5082, "Sort Space Type": "Memory", "Plans": [{"Node Type": "Aggregate", "Strategy": "Hashed", "Parent Relationship": "Outer", "Startup Cost": 254042.65, "Total Cost": 254320.01, "Plan Rows": 27736, "Plan Width": 60, "Actual Min Startup Time": 4376.627, "Actual Max Startup Time": 4376.627, "Actual Min Total Time": 4385.931, "Actual Max Total Time": 4385.931, "Actual Total Rows": 27838, "Group By Key": ["part.p_brand", "part.p_type", "part.p_size"], "Plans": [{"Node Type": "Aggregate", "Strategy": "Hashed", "Parent Relationship": "Outer", "Startup Cost": 253487.93, "Total Cost": 253765.29, "Plan Rows": 27736, "Plan Width": 52, "Actual Min Startup Time": 2854.718, "Actual Max Startup Time": 2854.718, "Actual Min Total Time": 3396.575, "Actual Max Total Time": 3396.575, "Actual Total Rows": 1188428, "Group By Key": ["part.p_brand", "part.p_type", "part.p_size", "partsupp.ps_suppkey"], "Plans": [{"Node Type": "Hash Join", "Parent Relationship": "Outer", "Join Type": "Anti", "Startup Cost": 72314.26, "Total Cost": 242805.29, "Plan Rows": 854611, "Plan Width": 44, "Actual Min Startup Time": 308.113, "Actual Max Startup Time": 308.113, "Actual Min Total Time": 1683.887, "Actual Max Total Time": 1683.887, "Actual Total Rows": 1188666, "Inner Unique": false, "Hash Cond": "(partsupp.ps_suppkey = supplier.s_suppkey), (LLVM Optimized, Jit Execute)", "Plans": [{"Node Type": "Streaming(type: LOCAL GATHER dop: 1/64)", "Parent Relationship": "Outer", "Startup Cost": 68781.13, "Total Cost": 228589.41, "Plan Rows": 854625, "Plan Width": 44, "Actual Min Startup Time": 256.615, "Actual Max Startup Time": 256.615, "Actual Min Total Time": 1260.176, "Actual Max Total Time": 1260.176, "Actual Total Rows": 1189344, "Plans": [{"Node Type": "Hash Join", "Parent Relationship": "Outer", "Join Type": "Inner", "Startup Cost": 68781.13, "Total Cost": 210958.59, "Plan Rows": 854625, "Plan Width": 44, "Actual Min Startup Time": 76.809, "Actual Max Startup Time": 276.302, "Actual Min Total Time": 1373.144, "Actual Max Total Time": 1744.056, "Actual Total Rows": 1189344, "Inner Unique": false, "Hash Cond": "(part.p_partkey = partsupp.ps_partkey), (LLVM Optimized, Jit Execute)", "Plans": [{"Node Type": "Streaming(type: BROADCAST dop: 64/64)", "Parent Relationship": "Outer", "Startup Cost": 0.0, "Total Cost": 139455.29, "Plan Rows": 18934016, "Plan Width": 44, "Actual Min Startup Time": 0.115, "Actual Max Startup Time": 1.262, "Actual Min Total Time": 1174.396, "Actual Max Total Time": 1471.854, "Actual Total Rows": 19029504, "Plans": [{"Node Type": "Seq Scan", "Parent Relationship": "Outer", "Relation Name": "part", "Alias": "part", "Startup Cost": 0.0, "Total Cost": 64436.62, "Plan Rows": 295844, "Plan Width": 44, "Actual Min Startup Time": 0.032, "Actual Max Startup Time": 0.08, "Actual Min Total Time": 19.658, "Actual Max Total Time": 32.694, "Actual Total Rows": 297336, "Filter": "((p_brand <> 'Brand#34'::bpchar) AND ((p_type)::text !~~ 'LARGE BRUSHED%'::text) AND (p_size = ANY ('{48,19,12,4,41,7,21,39}'::integer[]))), (LLVM Optimized, Jit Execute)", "Rows Removed by Filter": 1702664}]}, {"Node Type": "Hash", "Parent Relationship": "Inner", "Startup Cost": 67218.56, "Total Cost": 67218.56, "Plan Rows": 8000372, "Plan Width": 16, "Actual Min Startup Time": 75.766, "Actual Max Startup Time": 151.429, "Actual Min Total Time": 75.766, "Actual Max Total Time": 151.429, "Actual Total Rows": 8000000, "Max Hash Buckets": 131072, "Min Hash Buckets": 131072, "Max Hash Batches": 1, "Min Hash Batches": 1, "Max Original Hash Batches": 1, "Min Original Hash Batches": 1, "Max Peak Memory Usage": 5921, "min Peak Memory Usage": 5921, "Plans": [{"Node Type": "Seq Scan", "Parent Relationship": "Outer", "Relation Name": "partsupp", "Alias": "partsupp", "Startup Cost": 0.0, "Total Cost": 67218.56, "Plan Rows": 8000372, "Plan Width": 16, "Actual Min Startup Time": 0.017, "Actual Max Startup Time": 0.034, "Actual Min Total Time": 43.375, "Actual Max Total Time": 54.1, "Actual Total Rows": 8000000}]}]}]}, {"Node Type": "Hash", "Parent Relationship": "Inner", "Startup Cost": 3533.0, "Total Cost": 3533.0, "Plan Rows": 10, "Plan Width": 8, "Actual Min Startup Time": 51.443, "Actual Max Startup Time": 51.443, "Actual Min Total Time": 51.443, "Actual Max Total Time": 51.443, "Actual Total Rows": 56, "Max Hash Buckets": 32768, "Min Hash Buckets": 32768, "Max Hash Batches": 1, "Min Hash Batches": 1, "Max Original Hash Batches": 1, "Min Original Hash Batches": 1, "Max Peak Memory Usage": 3, "min Peak Memory Usage": 3, "Plans": [{"Node Type": "Seq Scan", "Parent Relationship": "Outer", "Relation Name": "supplier", "Alias": "supplier", "Startup Cost": 0.0, "Total Cost": 3533.0, "Plan Rows": 10, "Plan Width": 8, "Actual Min Startup Time": 0.255, "Actual Max Startup Time": 0.255, "Actual Min Total Time": 51.388, "Actual Max Total Time": 51.388, "Actual Total Rows": 56, "Filter": "((s_comment)::text ~~ '%Customer%Complaints%'::text)", "Rows Removed by Filter": 99944}]}]}]}]}]}, "Triggers": [], "Planner Runtime": 1.817, "Total Runtime": 4517.384, "Unique SQL Id": 1437012347}}, "(64, 41)": {"explain_plan": {"Plan": {"Node Type": "Sort", "Startup Cost": 418288.46, "Total Cost": 418357.8, "Plan Rows": 27736, "Plan Width": 60, "Sort Key": ["(count(partsupp.ps_suppkey)) DESC", "part.p_brand", "part.p_type", "part.p_size"], "Plans": [{"Node Type": "Aggregate", "Strategy": "Hashed", "Parent Relationship": "Outer", "Startup Cost": 415964.25, "Total Cost": 416241.61, "Plan Rows": 27736, "Plan Width": 60, "Group By Key": ["part.p_brand", "part.p_type", "part.p_size"], "Plans": [{"Node Type": "Aggregate", "Strategy": "Hashed", "Parent Relationship": "Outer", "Startup Cost": 415409.53, "Total Cost": 415686.89, "Plan Rows": 27736, "Plan Width": 52, "Group By Key": ["part.p_brand", "part.p_type", "part.p_size", "partsupp.ps_suppkey"], "Plans": [{"Node Type": "Hash Join", "Parent Relationship": "Outer", "Join Type": "Anti", "Startup Cost": 5584.67, "Total Cost": 404726.89, "Plan Rows": 854611, "Plan Width": 44, "Inner Unique": false, "Hash Cond": "(partsupp.ps_suppkey = supplier.s_suppkey), (LLVM Optimized)", "Plans": [{"Node Type": "Nested Loop", "Parent Relationship": "Outer", "Join Type": "Inner", "Startup Cost": 0.0, "Total Cost": 388454.21, "Plan Rows": 854625, "Plan Width": 44, "Inner Unique": false, "Plans": [{"Node Type": "Index Scan", "Parent Relationship": "Outer", "Scan Direction": "Forward", "Index Name": "part_kpey", "Relation Name": "part", "Alias": "part", "Startup Cost": 0.0, "Total Cost": 130803.25, "Plan Rows": 295844, "Plan Width": 44, "Filter": "((p_brand <> 'Brand#34'::bpchar) AND ((p_type)::text !~~ 'LARGE BRUSHED%'::text) AND (p_size = ANY ('{48,19,12,4,41,7,21,39}'::integer[]))), (LLVM Optimized)"}, {"Node Type": "Index Only Scan", "Parent Relationship": "Inner", "Scan Direction": "Forward", "Index Name": "partsupp_pkey", "Relation Name": "partsupp", "Alias": "partsupp", "Startup Cost": 0.0, "Total Cost": 0.84, "Plan Rows": 3, "Plan Width": 16, "Index Cond": "(ps_partkey = part.p_partkey)"}]}, {"Node Type": "Hash", "Parent Relationship": "Inner", "Startup Cost": 5584.54, "Total Cost": 5584.54, "Plan Rows": 10, "Plan Width": 8, "Plans": [{"Node Type": "Index Scan", "Parent Relationship": "Outer", "Scan Direction": "Forward", "Index Name": "supplier_pkey", "Relation Name": "supplier", "Alias": "supplier", "Startup Cost": 0.0, "Total Cost": 5584.54, "Plan Rows": 10, "Plan Width": 8, "Filter": "((s_comment)::text ~~ '%Customer%Complaints%'::text)"}]}]}]}]}]}, "Unique SQL Id": 1437012347}, "explain_analyze_plan": {"Plan": {"Node Type": "Sort", "Startup Cost": 418288.46, "Total Cost": 418357.8, "Plan Rows": 27736, "Plan Width": 60, "Actual Startup Time": 6946.55, "Actual Total Time": 6950.158, "Actual Rows": 27838, "Actual Loops": 1, "Sort Key": ["(count(partsupp.ps_suppkey)) DESC", "part.p_brand", "part.p_type", "part.p_size"], "Sort Method": "quicksort", "Sort Space Used": 5082, "Sort Space Type": "Memory", "Plans": [{"Node Type": "Aggregate", "Strategy": "Hashed", "Parent Relationship": "Outer", "Startup Cost": 415964.25, "Total Cost": 416241.61, "Plan Rows": 27736, "Plan Width": 60, "Actual Startup Time": 6844.512, "Actual Total Time": 6854.496, "Actual Rows": 27838, "Actual Loops": 1, "Group By Key": ["part.p_brand", "part.p_type", "part.p_size"], "Plans": [{"Node Type": "Aggregate", "Strategy": "Hashed", "Parent Relationship": "Outer", "Startup Cost": 415409.53, "Total Cost": 415686.89, "Plan Rows": 27736, "Plan Width": 52, "Actual Startup Time": 5232.276, "Actual Total Time": 5899.683, "Actual Rows": 1188428, "Actual Loops": 1, "Group By Key": ["part.p_brand", "part.p_type", "part.p_size", "partsupp.ps_suppkey"], "Plans": [{"Node Type": "Hash Join", "Parent Relationship": "Outer", "Join Type": "Anti", "Startup Cost": 5584.67, "Total Cost": 404726.89, "Plan Rows": 854611, "Plan Width": 44, "Actual Startup Time": 74.0, "Actual Total Time": 4190.013, "Actual Rows": 1188666, "Actual Loops": 1, "Inner Unique": false, "Hash Cond": "(partsupp.ps_suppkey = supplier.s_suppkey), (LLVM Optimized, Jit Execute)", "Plans": [{"Node Type": "Nested Loop", "Parent Relationship": "Outer", "Join Type": "Inner", "Startup Cost": 0.0, "Total Cost": 388454.21, "Plan Rows": 854625, "Plan Width": 44, "Actual Startup Time": 0.164, "Actual Total Time": 3764.233, "Actual Rows": 1189344, "Actual Loops": 1, "Inner Unique": false, "Plans": [{"Node Type": "Index Scan", "Parent Relationship": "Outer", "Scan Direction": "Forward", "Index Name": "part_kpey", "Relation Name": "part", "Alias": "part", "Startup Cost": 0.0, "Total Cost": 130803.25, "Plan Rows": 295844, "Plan Width": 44, "Actual Startup Time": 0.046, "Actual Total Time": 1826.412, "Actual Rows": 297336, "Actual Loops": 1, "Filter": "((p_brand <> 'Brand#34'::bpchar) AND ((p_type)::text !~~ 'LARGE BRUSHED%'::text) AND (p_size = ANY ('{48,19,12,4,41,7,21,39}'::integer[]))), (LLVM Optimized, Jit Execute)", "Rows Removed by Filter": 1702664}, {"Node Type": "Index Only Scan", "Parent Relationship": "Inner", "Scan Direction": "Forward", "Index Name": "partsupp_pkey", "Relation Name": "partsupp", "Alias": "partsupp", "Startup Cost": 0.0, "Total Cost": 0.84, "Plan Rows": 3, "Plan Width": 16, "Actual Startup Time": 1205.266, "Actual Total Time": 1499.547, "Actual Rows": 1189344, "Actual Loops": 297336, "Index Cond": "(ps_partkey = part.p_partkey)", "Rows Removed by Index Recheck": 0, "Heap Fetches": 0}]}, {"Node Type": "Hash", "Parent Relationship": "Inner", "Startup Cost": 5584.54, "Total Cost": 5584.54, "Plan Rows": 10, "Plan Width": 8, "Actual Startup Time": 73.793, "Actual Total Time": 73.793, "Actual Rows": 56, "Actual Loops": 1, "Hash Buckets": 32768, "Hash Batches": 1, "Original Hash Batches": 1, "Peak Memory Usage": 3, "Plans": [{"Node Type": "Index Scan", "Parent Relationship": "Outer", "Scan Direction": "Forward", "Index Name": "supplier_pkey", "Relation Name": "supplier", "Alias": "supplier", "Startup Cost": 0.0, "Total Cost": 5584.54, "Plan Rows": 10, "Plan Width": 8, "Actual Startup Time": 0.287, "Actual Total Time": 73.734, "Actual Rows": 56, "Actual Loops": 1, "Filter": "((s_comment)::text ~~ '%Customer%Complaints%'::text)", "Rows Removed by Filter": 99944}]}]}]}]}]}, "Triggers": [], "Planner Runtime": 1.433, "Total Runtime": 6961.58, "Unique SQL Id": 1437012347}}, "(64, 42)": {"explain_plan": {"Plan": {"Node Type": "Sort", "Startup Cost": 256366.86, "Total Cost": 256436.2, "Plan Rows": 27736, "Plan Width": 60, "Sort Key": ["(count(partsupp.ps_suppkey)) DESC", "part.p_brand", "part.p_type", "part.p_size"], "Plans": [{"Node Type": "Aggregate", "Strategy": "Hashed", "Parent Relationship": "Outer", "Startup Cost": 254042.65, "Total Cost": 254320.01, "Plan Rows": 27736, "Plan Width": 60, "Group By Key": ["part.p_brand", "part.p_type", "part.p_size"], "Plans": [{"Node Type": "Aggregate", "Strategy": "Hashed", "Parent Relationship": "Outer", "Startup Cost": 253487.93, "Total Cost": 253765.29, "Plan Rows": 27736, "Plan Width": 52, "Group By Key": ["part.p_brand", "part.p_type", "part.p_size", "partsupp.ps_suppkey"], "Plans": [{"Node Type": "Hash Join", "Parent Relationship": "Outer", "Join Type": "Anti", "Startup Cost": 72314.26, "Total Cost": 242805.29, "Plan Rows": 854611, "Plan Width": 44, "Inner Unique": false, "Hash Cond": "(partsupp.ps_suppkey = supplier.s_suppkey), (LLVM Optimized)", "Plans": [{"Node Type": "Streaming(type: LOCAL GATHER dop: 1/64)", "Parent Relationship": "Outer", "Startup Cost": 68781.13, "Total Cost": 228589.41, "Plan Rows": 854625, "Plan Width": 44, "Plans": [{"Node Type": "Hash Join", "Parent Relationship": "Outer", "Join Type": "Inner", "Startup Cost": 68781.13, "Total Cost": 210958.59, "Plan Rows": 854625, "Plan Width": 44, "Inner Unique": false, "Hash Cond": "(part.p_partkey = partsupp.ps_partkey), (LLVM Optimized)", "Plans": [{"Node Type": "Streaming(type: BROADCAST dop: 64/64)", "Parent Relationship": "Outer", "Startup Cost": 0.0, "Total Cost": 139455.29, "Plan Rows": 18934016, "Plan Width": 44, "Plans": [{"Node Type": "Seq Scan", "Parent Relationship": "Outer", "Relation Name": "part", "Alias": "part", "Startup Cost": 0.0, "Total Cost": 64436.62, "Plan Rows": 295844, "Plan Width": 44, "Filter": "((p_brand <> 'Brand#34'::bpchar) AND ((p_type)::text !~~ 'LARGE BRUSHED%'::text) AND (p_size = ANY ('{48,19,12,4,41,7,21,39}'::integer[]))), (LLVM Optimized)"}]}, {"Node Type": "Hash", "Parent Relationship": "Inner", "Startup Cost": 67218.56, "Total Cost": 67218.56, "Plan Rows": 8000372, "Plan Width": 16, "Plans": [{"Node Type": "Seq Scan", "Parent Relationship": "Outer", "Relation Name": "partsupp", "Alias": "partsupp", "Startup Cost": 0.0, "Total Cost": 67218.56, "Plan Rows": 8000372, "Plan Width": 16}]}]}]}, {"Node Type": "Hash", "Parent Relationship": "Inner", "Startup Cost": 3533.0, "Total Cost": 3533.0, "Plan Rows": 10, "Plan Width": 8, "Plans": [{"Node Type": "Seq Scan", "Parent Relationship": "Outer", "Relation Name": "supplier", "Alias": "supplier", "Startup Cost": 0.0, "Total Cost": 3533.0, "Plan Rows": 10, "Plan Width": 8, "Filter": "((s_comment)::text ~~ '%Customer%Complaints%'::text)"}]}]}]}]}]}, "Unique SQL Id": 1437012347}, "explain_analyze_plan": {"Plan": {"Node Type": "Sort", "Startup Cost": 256366.86, "Total Cost": 256436.2, "Plan Rows": 27736, "Plan Width": 60, "Actual Min Startup Time": 4476.752, "Actual Max Startup Time": 4476.752, "Actual Min Total Time": 4479.827, "Actual Max Total Time": 4479.827, "Actual Total Rows": 27838, "Sort Key": ["(count(partsupp.ps_suppkey)) DESC", "part.p_brand", "part.p_type", "part.p_size"], "Sort Method": "quicksort", "Sort Space Min Used": 5082, "Sort Space Max Used": 5082, "Sort Space Type": "Memory", "Plans": [{"Node Type": "Aggregate", "Strategy": "Hashed", "Parent Relationship": "Outer", "Startup Cost": 254042.65, "Total Cost": 254320.01, "Plan Rows": 27736, "Plan Width": 60, "Actual Min Startup Time": 4376.627, "Actual Max Startup Time": 4376.627, "Actual Min Total Time": 4385.931, "Actual Max Total Time": 4385.931, "Actual Total Rows": 27838, "Group By Key": ["part.p_brand", "part.p_type", "part.p_size"], "Plans": [{"Node Type": "Aggregate", "Strategy": "Hashed", "Parent Relationship": "Outer", "Startup Cost": 253487.93, "Total Cost": 253765.29, "Plan Rows": 27736, "Plan Width": 52, "Actual Min Startup Time": 2854.718, "Actual Max Startup Time": 2854.718, "Actual Min Total Time": 3396.575, "Actual Max Total Time": 3396.575, "Actual Total Rows": 1188428, "Group By Key": ["part.p_brand", "part.p_type", "part.p_size", "partsupp.ps_suppkey"], "Plans": [{"Node Type": "Hash Join", "Parent Relationship": "Outer", "Join Type": "Anti", "Startup Cost": 72314.26, "Total Cost": 242805.29, "Plan Rows": 854611, "Plan Width": 44, "Actual Min Startup Time": 308.113, "Actual Max Startup Time": 308.113, "Actual Min Total Time": 1683.887, "Actual Max Total Time": 1683.887, "Actual Total Rows": 1188666, "Inner Unique": false, "Hash Cond": "(partsupp.ps_suppkey = supplier.s_suppkey), (LLVM Optimized, Jit Execute)", "Plans": [{"Node Type": "Streaming(type: LOCAL GATHER dop: 1/64)", "Parent Relationship": "Outer", "Startup Cost": 68781.13, "Total Cost": 228589.41, "Plan Rows": 854625, "Plan Width": 44, "Actual Min Startup Time": 256.615, "Actual Max Startup Time": 256.615, "Actual Min Total Time": 1260.176, "Actual Max Total Time": 1260.176, "Actual Total Rows": 1189344, "Plans": [{"Node Type": "Hash Join", "Parent Relationship": "Outer", "Join Type": "Inner", "Startup Cost": 68781.13, "Total Cost": 210958.59, "Plan Rows": 854625, "Plan Width": 44, "Actual Min Startup Time": 76.809, "Actual Max Startup Time": 276.302, "Actual Min Total Time": 1373.144, "Actual Max Total Time": 1744.056, "Actual Total Rows": 1189344, "Inner Unique": false, "Hash Cond": "(part.p_partkey = partsupp.ps_partkey), (LLVM Optimized, Jit Execute)", "Plans": [{"Node Type": "Streaming(type: BROADCAST dop: 64/64)", "Parent Relationship": "Outer", "Startup Cost": 0.0, "Total Cost": 139455.29, "Plan Rows": 18934016, "Plan Width": 44, "Actual Min Startup Time": 0.115, "Actual Max Startup Time": 1.262, "Actual Min Total Time": 1174.396, "Actual Max Total Time": 1471.854, "Actual Total Rows": 19029504, "Plans": [{"Node Type": "Seq Scan", "Parent Relationship": "Outer", "Relation Name": "part", "Alias": "part", "Startup Cost": 0.0, "Total Cost": 64436.62, "Plan Rows": 295844, "Plan Width": 44, "Actual Min Startup Time": 0.032, "Actual Max Startup Time": 0.08, "Actual Min Total Time": 19.658, "Actual Max Total Time": 32.694, "Actual Total Rows": 297336, "Filter": "((p_brand <> 'Brand#34'::bpchar) AND ((p_type)::text !~~ 'LARGE BRUSHED%'::text) AND (p_size = ANY ('{48,19,12,4,41,7,21,39}'::integer[]))), (LLVM Optimized, Jit Execute)", "Rows Removed by Filter": 1702664}]}, {"Node Type": "Hash", "Parent Relationship": "Inner", "Startup Cost": 67218.56, "Total Cost": 67218.56, "Plan Rows": 8000372, "Plan Width": 16, "Actual Min Startup Time": 75.766, "Actual Max Startup Time": 151.429, "Actual Min Total Time": 75.766, "Actual Max Total Time": 151.429, "Actual Total Rows": 8000000, "Max Hash Buckets": 131072, "Min Hash Buckets": 131072, "Max Hash Batches": 1, "Min Hash Batches": 1, "Max Original Hash Batches": 1, "Min Original Hash Batches": 1, "Max Peak Memory Usage": 5921, "min Peak Memory Usage": 5921, "Plans": [{"Node Type": "Seq Scan", "Parent Relationship": "Outer", "Relation Name": "partsupp", "Alias": "partsupp", "Startup Cost": 0.0, "Total Cost": 67218.56, "Plan Rows": 8000372, "Plan Width": 16, "Actual Min Startup Time": 0.017, "Actual Max Startup Time": 0.034, "Actual Min Total Time": 43.375, "Actual Max Total Time": 54.1, "Actual Total Rows": 8000000}]}]}]}, {"Node Type": "Hash", "Parent Relationship": "Inner", "Startup Cost": 3533.0, "Total Cost": 3533.0, "Plan Rows": 10, "Plan Width": 8, "Actual Min Startup Time": 51.443, "Actual Max Startup Time": 51.443, "Actual Min Total Time": 51.443, "Actual Max Total Time": 51.443, "Actual Total Rows": 56, "Max Hash Buckets": 32768, "Min Hash Buckets": 32768, "Max Hash Batches": 1, "Min Hash Batches": 1, "Max Original Hash Batches": 1, "Min Original Hash Batches": 1, "Max Peak Memory Usage": 3, "min Peak Memory Usage": 3, "Plans": [{"Node Type": "Seq Scan", "Parent Relationship": "Outer", "Relation Name": "supplier", "Alias": "supplier", "Startup Cost": 0.0, "Total Cost": 3533.0, "Plan Rows": 10, "Plan Width": 8, "Actual Min Startup Time": 0.255, "Actual Max Startup Time": 0.255, "Actual Min Total Time": 51.388, "Actual Max Total Time": 51.388, "Actual Total Rows": 56, "Filter": "((s_comment)::text ~~ '%Customer%Complaints%'::text)", "Rows Removed by Filter": 99944}]}]}]}]}]}, "Triggers": [], "Planner Runtime": 1.817, "Total Runtime": 4517.384, "Unique SQL Id": 1437012347}}, "(64, 43)": {"explain_plan": {"Plan": {"Node Type": "Sort", "Startup Cost": 3000041529763.13, "Total Cost": 3000041529832.47, "Plan Rows": 27736, "Plan Width": 60, "Sort Key": ["(count(partsupp.ps_suppkey)) DESC", "part.p_brand", "part.p_type", "part.p_size"], "Plans": [{"Node Type": "Aggregate", "Strategy": "Hashed", "Parent Relationship": "Outer", "Startup Cost": 3000041527438.92, "Total Cost": 3000041527716.28, "Plan Rows": 27736, "Plan Width": 60, "Group By Key": ["part.p_brand", "part.p_type", "part.p_size"], "Plans": [{"Node Type": "Aggregate", "Strategy": "Hashed", "Parent Relationship": "Outer", "Startup Cost": 3000041526884.2, "Total Cost": 3000041527161.56, "Plan Rows": 27736, "Plan Width": 52, "Group By Key": ["part.p_brand", "part.p_type", "part.p_size", "partsupp.ps_suppkey"], "Plans": [{"Node Type": "Nested Loop", "Parent Relationship": "Outer", "Join Type": "Anti", "Startup Cost": 1020013084023.05, "Total Cost": 3000041516201.57, "Plan Rows": 854611, "Plan Width": 44, "Inner Unique": false, "Join Filter": "(partsupp.ps_suppkey = supplier.s_suppkey), (LLVM Optimized)", "Plans": [{"Node Type": "Hash Join", "Parent Relationship": "Outer", "Join Type": "Inner", "Startup Cost": 1010013084023.05, "Total Cost": 2000040829553.7, "Plan Rows": 854625, "Plan Width": 44, "Inner Unique": true, "Hash Cond": "(partsupp.ps_partkey = part.p_partkey), (LLVM Optimized)", "Plans": [{"Node Type": "Index Only Scan", "Parent Relationship": "Outer", "Scan Direction": "Forward", "Index Name": "partsupp_pkey", "Relation Name": "partsupp", "Alias": "partsupp", "Startup Cost": 10000000000.0, "Total Cost": 1000027706983.0, "Plan Rows": 8000372, "Plan Width": 16}, {"Node Type": "Hash", "Parent Relationship": "Inner", "Startup Cost": 1000013080325.0, "Total Cost": 1000013080325.0, "Plan Rows": 295844, "Plan Width": 44, "Plans": [{"Node Type": "Index Scan", "Parent Relationship": "Outer", "Scan Direction": "Forward", "Index Name": "part_kpey", "Relation Name": "part", "Alias": "part", "Startup Cost": 10000000000.0, "Total Cost": 1000013080325.0, "Plan Rows": 295844, "Plan Width": 44, "Filter": "((p_brand <> 'Brand#34'::bpchar) AND ((p_type)::text !~~ 'LARGE BRUSHED%'::text) AND (p_size = ANY ('{48,19,12,4,41,7,21,39}'::integer[]))), (LLVM Optimized)"}]}]}, {"Node Type": "Materialize", "Parent Relationship": "Inner", "Startup Cost": 10000000000.0, "Total Cost": 1000000558454.43, "Plan Rows": 10, "Plan Width": 8, "Plans": [{"Node Type": "Index Scan", "Parent Relationship": "Outer", "Scan Direction": "Forward", "Index Name": "supplier_pkey", "Relation Name": "supplier", "Alias": "supplier", "Startup Cost": 10000000000.0, "Total Cost": 1000000558454.38, "Plan Rows": 10, "Plan Width": 8, "Filter": "((s_comment)::text ~~ '%Customer%Complaints%'::text)"}]}]}]}]}]}, "Unique SQL Id": 1437012347}, "explain_analyze_plan": null}, "(64, 44)": {"explain_plan": {"Plan": {"Node Type": "Sort", "Startup Cost": 256366.86, "Total Cost": 256436.2, "Plan Rows": 27736, "Plan Width": 60, "Sort Key": ["(count(partsupp.ps_suppkey)) DESC", "part.p_brand", "part.p_type", "part.p_size"], "Plans": [{"Node Type": "Aggregate", "Strategy": "Hashed", "Parent Relationship": "Outer", "Startup Cost": 254042.65, "Total Cost": 254320.01, "Plan Rows": 27736, "Plan Width": 60, "Group By Key": ["part.p_brand", "part.p_type", "part.p_size"], "Plans": [{"Node Type": "Aggregate", "Strategy": "Hashed", "Parent Relationship": "Outer", "Startup Cost": 253487.93, "Total Cost": 253765.29, "Plan Rows": 27736, "Plan Width": 52, "Group By Key": ["part.p_brand", "part.p_type", "part.p_size", "partsupp.ps_suppkey"], "Plans": [{"Node Type": "Hash Join", "Parent Relationship": "Outer", "Join Type": "Anti", "Startup Cost": 72314.26, "Total Cost": 242805.29, "Plan Rows": 854611, "Plan Width": 44, "Inner Unique": false, "Hash Cond": "(partsupp.ps_suppkey = supplier.s_suppkey), (LLVM Optimized)", "Plans": [{"Node Type": "Streaming(type: LOCAL GATHER dop: 1/64)", "Parent Relationship": "Outer", "Startup Cost": 68781.13, "Total Cost": 228589.41, "Plan Rows": 854625, "Plan Width": 44, "Plans": [{"Node Type": "Hash Join", "Parent Relationship": "Outer", "Join Type": "Inner", "Startup Cost": 68781.13, "Total Cost": 210958.59, "Plan Rows": 854625, "Plan Width": 44, "Inner Unique": false, "Hash Cond": "(part.p_partkey = partsupp.ps_partkey), (LLVM Optimized)", "Plans": [{"Node Type": "Streaming(type: BROADCAST dop: 64/64)", "Parent Relationship": "Outer", "Startup Cost": 0.0, "Total Cost": 139455.29, "Plan Rows": 18934016, "Plan Width": 44, "Plans": [{"Node Type": "Seq Scan", "Parent Relationship": "Outer", "Relation Name": "part", "Alias": "part", "Startup Cost": 0.0, "Total Cost": 64436.62, "Plan Rows": 295844, "Plan Width": 44, "Filter": "((p_brand <> 'Brand#34'::bpchar) AND ((p_type)::text !~~ 'LARGE BRUSHED%'::text) AND (p_size = ANY ('{48,19,12,4,41,7,21,39}'::integer[]))), (LLVM Optimized)"}]}, {"Node Type": "Hash", "Parent Relationship": "Inner", "Startup Cost": 67218.56, "Total Cost": 67218.56, "Plan Rows": 8000372, "Plan Width": 16, "Plans": [{"Node Type": "Seq Scan", "Parent Relationship": "Outer", "Relation Name": "partsupp", "Alias": "partsupp", "Startup Cost": 0.0, "Total Cost": 67218.56, "Plan Rows": 8000372, "Plan Width": 16}]}]}]}, {"Node Type": "Hash", "Parent Relationship": "Inner", "Startup Cost": 3533.0, "Total Cost": 3533.0, "Plan Rows": 10, "Plan Width": 8, "Plans": [{"Node Type": "Seq Scan", "Parent Relationship": "Outer", "Relation Name": "supplier", "Alias": "supplier", "Startup Cost": 0.0, "Total Cost": 3533.0, "Plan Rows": 10, "Plan Width": 8, "Filter": "((s_comment)::text ~~ '%Customer%Complaints%'::text)"}]}]}]}]}]}, "Unique SQL Id": 1437012347}, "explain_analyze_plan": {"Plan": {"Node Type": "Sort", "Startup Cost": 256366.86, "Total Cost": 256436.2, "Plan Rows": 27736, "Plan Width": 60, "Actual Min Startup Time": 4476.752, "Actual Max Startup Time": 4476.752, "Actual Min Total Time": 4479.827, "Actual Max Total Time": 4479.827, "Actual Total Rows": 27838, "Sort Key": ["(count(partsupp.ps_suppkey)) DESC", "part.p_brand", "part.p_type", "part.p_size"], "Sort Method": "quicksort", "Sort Space Min Used": 5082, "Sort Space Max Used": 5082, "Sort Space Type": "Memory", "Plans": [{"Node Type": "Aggregate", "Strategy": "Hashed", "Parent Relationship": "Outer", "Startup Cost": 254042.65, "Total Cost": 254320.01, "Plan Rows": 27736, "Plan Width": 60, "Actual Min Startup Time": 4376.627, "Actual Max Startup Time": 4376.627, "Actual Min Total Time": 4385.931, "Actual Max Total Time": 4385.931, "Actual Total Rows": 27838, "Group By Key": ["part.p_brand", "part.p_type", "part.p_size"], "Plans": [{"Node Type": "Aggregate", "Strategy": "Hashed", "Parent Relationship": "Outer", "Startup Cost": 253487.93, "Total Cost": 253765.29, "Plan Rows": 27736, "Plan Width": 52, "Actual Min Startup Time": 2854.718, "Actual Max Startup Time": 2854.718, "Actual Min Total Time": 3396.575, "Actual Max Total Time": 3396.575, "Actual Total Rows": 1188428, "Group By Key": ["part.p_brand", "part.p_type", "part.p_size", "partsupp.ps_suppkey"], "Plans": [{"Node Type": "Hash Join", "Parent Relationship": "Outer", "Join Type": "Anti", "Startup Cost": 72314.26, "Total Cost": 242805.29, "Plan Rows": 854611, "Plan Width": 44, "Actual Min Startup Time": 308.113, "Actual Max Startup Time": 308.113, "Actual Min Total Time": 1683.887, "Actual Max Total Time": 1683.887, "Actual Total Rows": 1188666, "Inner Unique": false, "Hash Cond": "(partsupp.ps_suppkey = supplier.s_suppkey), (LLVM Optimized, Jit Execute)", "Plans": [{"Node Type": "Streaming(type: LOCAL GATHER dop: 1/64)", "Parent Relationship": "Outer", "Startup Cost": 68781.13, "Total Cost": 228589.41, "Plan Rows": 854625, "Plan Width": 44, "Actual Min Startup Time": 256.615, "Actual Max Startup Time": 256.615, "Actual Min Total Time": 1260.176, "Actual Max Total Time": 1260.176, "Actual Total Rows": 1189344, "Plans": [{"Node Type": "Hash Join", "Parent Relationship": "Outer", "Join Type": "Inner", "Startup Cost": 68781.13, "Total Cost": 210958.59, "Plan Rows": 854625, "Plan Width": 44, "Actual Min Startup Time": 76.809, "Actual Max Startup Time": 276.302, "Actual Min Total Time": 1373.144, "Actual Max Total Time": 1744.056, "Actual Total Rows": 1189344, "Inner Unique": false, "Hash Cond": "(part.p_partkey = partsupp.ps_partkey), (LLVM Optimized, Jit Execute)", "Plans": [{"Node Type": "Streaming(type: BROADCAST dop: 64/64)", "Parent Relationship": "Outer", "Startup Cost": 0.0, "Total Cost": 139455.29, "Plan Rows": 18934016, "Plan Width": 44, "Actual Min Startup Time": 0.115, "Actual Max Startup Time": 1.262, "Actual Min Total Time": 1174.396, "Actual Max Total Time": 1471.854, "Actual Total Rows": 19029504, "Plans": [{"Node Type": "Seq Scan", "Parent Relationship": "Outer", "Relation Name": "part", "Alias": "part", "Startup Cost": 0.0, "Total Cost": 64436.62, "Plan Rows": 295844, "Plan Width": 44, "Actual Min Startup Time": 0.032, "Actual Max Startup Time": 0.08, "Actual Min Total Time": 19.658, "Actual Max Total Time": 32.694, "Actual Total Rows": 297336, "Filter": "((p_brand <> 'Brand#34'::bpchar) AND ((p_type)::text !~~ 'LARGE BRUSHED%'::text) AND (p_size = ANY ('{48,19,12,4,41,7,21,39}'::integer[]))), (LLVM Optimized, Jit Execute)", "Rows Removed by Filter": 1702664}]}, {"Node Type": "Hash", "Parent Relationship": "Inner", "Startup Cost": 67218.56, "Total Cost": 67218.56, "Plan Rows": 8000372, "Plan Width": 16, "Actual Min Startup Time": 75.766, "Actual Max Startup Time": 151.429, "Actual Min Total Time": 75.766, "Actual Max Total Time": 151.429, "Actual Total Rows": 8000000, "Max Hash Buckets": 131072, "Min Hash Buckets": 131072, "Max Hash Batches": 1, "Min Hash Batches": 1, "Max Original Hash Batches": 1, "Min Original Hash Batches": 1, "Max Peak Memory Usage": 5921, "min Peak Memory Usage": 5921, "Plans": [{"Node Type": "Seq Scan", "Parent Relationship": "Outer", "Relation Name": "partsupp", "Alias": "partsupp", "Startup Cost": 0.0, "Total Cost": 67218.56, "Plan Rows": 8000372, "Plan Width": 16, "Actual Min Startup Time": 0.017, "Actual Max Startup Time": 0.034, "Actual Min Total Time": 43.375, "Actual Max Total Time": 54.1, "Actual Total Rows": 8000000}]}]}]}, {"Node Type": "Hash", "Parent Relationship": "Inner", "Startup Cost": 3533.0, "Total Cost": 3533.0, "Plan Rows": 10, "Plan Width": 8, "Actual Min Startup Time": 51.443, "Actual Max Startup Time": 51.443, "Actual Min Total Time": 51.443, "Actual Max Total Time": 51.443, "Actual Total Rows": 56, "Max Hash Buckets": 32768, "Min Hash Buckets": 32768, "Max Hash Batches": 1, "Min Hash Batches": 1, "Max Original Hash Batches": 1, "Min Original Hash Batches": 1, "Max Peak Memory Usage": 3, "min Peak Memory Usage": 3, "Plans": [{"Node Type": "Seq Scan", "Parent Relationship": "Outer", "Relation Name": "supplier", "Alias": "supplier", "Startup Cost": 0.0, "Total Cost": 3533.0, "Plan Rows": 10, "Plan Width": 8, "Actual Min Startup Time": 0.255, "Actual Max Startup Time": 0.255, "Actual Min Total Time": 51.388, "Actual Max Total Time": 51.388, "Actual Total Rows": 56, "Filter": "((s_comment)::text ~~ '%Customer%Complaints%'::text)", "Rows Removed by Filter": 99944}]}]}]}]}]}, "Triggers": [], "Planner Runtime": 1.817, "Total Runtime": 4517.384, "Unique SQL Id": 1437012347}}, "(64, 45)": {"explain_plan": {"Plan": {"Node Type": "Sort", "Startup Cost": 736064.7, "Total Cost": 736134.04, "Plan Rows": 27736, "Plan Width": 60, "Sort Key": ["(count(partsupp.ps_suppkey)) DESC", "part.p_brand", "part.p_type", "part.p_size"], "Plans": [{"Node Type": "Aggregate", "Strategy": "Hashed", "Parent Relationship": "Outer", "Startup Cost": 733740.49, "Total Cost": 734017.85, "Plan Rows": 27736, "Plan Width": 60, "Group By Key": ["part.p_brand", "part.p_type", "part.p_size"], "Plans": [{"Node Type": "Aggregate", "Strategy": "Hashed", "Parent Relationship": "Outer", "Startup Cost": 733185.77, "Total Cost": 733463.13, "Plan Rows": 27736, "Plan Width": 52, "Group By Key": ["part.p_brand", "part.p_type", "part.p_size", "partsupp.ps_suppkey"], "Plans": [{"Node Type": "Hash Join", "Parent Relationship": "Outer", "Join Type": "Anti", "Startup Cost": 207277.4, "Total Cost": 722503.14, "Plan Rows": 854611, "Plan Width": 44, "Inner Unique": false, "Hash Cond": "(partsupp.ps_suppkey = supplier.s_suppkey), (LLVM Optimized)", "Plans": [{"Node Type": "Streaming(type: LOCAL GATHER dop: 1/64)", "Parent Relationship": "Outer", "Startup Cost": 205881.14, "Total Cost": 710424.11, "Plan Rows": 854625, "Plan Width": 44, "Plans": [{"Node Type": "Hash Join", "Parent Relationship": "Outer", "Join Type": "Inner", "Startup Cost": 205881.14, "Total Cost": 692793.3, "Plan Rows": 854625, "Plan Width": 44, "Inner Unique": true, "Hash Cond": "(partsupp.ps_partkey = part.p_partkey), (LLVM Optimized)", "Plans": [{"Node Type": "Streaming(type: LOCAL REDISTRIBUTE dop: 64/64)", "Parent Relationship": "Outer", "Startup Cost": 0.0, "Total Cost": 486309.85, "Plan Rows": 8000372, "Plan Width": 16, "Plans": [{"Node Type": "Index Scan", "Parent Relationship": "Outer", "Scan Direction": "Forward", "Index Name": "idx_partsupp_partkey", "Relation Name": "partsupp", "Alias": "partsupp", "Startup Cost": 0.0, "Total Cost": 415731.37, "Plan Rows": 8000372, "Plan Width": 16}]}, {"Node Type": "Hash", "Parent Relationship": "Inner", "Startup Cost": 205823.36, "Total Cost": 205823.36, "Plan Rows": 295844, "Plan Width": 44, "Plans": [{"Node Type": "Streaming(type: LOCAL REDISTRIBUTE dop: 64/1)", "Parent Relationship": "Outer", "Startup Cost": 0.0, "Total Cost": 205823.36, "Plan Rows": 295844, "Plan Width": 44, "Plans": [{"Node Type": "Index Scan", "Parent Relationship": "Outer", "Scan Direction": "Forward", "Index Name": "part_kpey", "Relation Name": "part", "Alias": "part", "Startup Cost": 0.0, "Total Cost": 130803.25, "Plan Rows": 295844, "Plan Width": 44, "Filter": "((p_brand <> 'Brand#34'::bpchar) AND ((p_type)::text !~~ 'LARGE BRUSHED%'::text) AND (p_size = ANY ('{48,19,12,4,41,7,21,39}'::integer[]))), (LLVM Optimized)"}]}]}]}]}, {"Node Type": "Hash", "Parent Relationship": "Inner", "Startup Cost": 5584.54, "Total Cost": 5584.54, "Plan Rows": 10, "Plan Width": 8, "Plans": [{"Node Type": "Index Scan", "Parent Relationship": "Outer", "Scan Direction": "Forward", "Index Name": "supplier_pkey", "Relation Name": "supplier", "Alias": "supplier", "Startup Cost": 0.0, "Total Cost": 5584.54, "Plan Rows": 10, "Plan Width": 8, "Filter": "((s_comment)::text ~~ '%Customer%Complaints%'::text)"}]}]}]}]}]}, "Unique SQL Id": 1437012347}, "explain_analyze_plan": {"Plan": {"Node Type": "Sort", "Startup Cost": 736064.7, "Total Cost": 736134.04, "Plan Rows": 27736, "Plan Width": 60, "Actual Min Startup Time": 6022.853, "Actual Max Startup Time": 6022.853, "Actual Min Total Time": 6026.077, "Actual Max Total Time": 6026.077, "Actual Total Rows": 27838, "Sort Key": ["(count(partsupp.ps_suppkey)) DESC", "part.p_brand", "part.p_type", "part.p_size"], "Sort Method": "quicksort", "Sort Space Min Used": 5082, "Sort Space Max Used": 5082, "Sort Space Type": "Memory", "Plans": [{"Node Type": "Aggregate", "Strategy": "Hashed", "Parent Relationship": "Outer", "Startup Cost": 733740.49, "Total Cost": 734017.85, "Plan Rows": 27736, "Plan Width": 60, "Actual Min Startup Time": 5923.507, "Actual Max Startup Time": 5923.507, "Actual Min Total Time": 5932.916, "Actual Max Total Time": 5932.916, "Actual Total Rows": 27838, "Group By Key": ["part.p_brand", "part.p_type", "part.p_size"], "Plans": [{"Node Type": "Aggregate", "Strategy": "Hashed", "Parent Relationship": "Outer", "Startup Cost": 733185.77, "Total Cost": 733463.13, "Plan Rows": 27736, "Plan Width": 52, "Actual Min Startup Time": 4413.448, "Actual Max Startup Time": 4413.448, "Actual Min Total Time": 4974.669, "Actual Max Total Time": 4974.669, "Actual Total Rows": 1188428, "Group By Key": ["part.p_brand", "part.p_type", "part.p_size", "partsupp.ps_suppkey"], "Plans": [{"Node Type": "Hash Join", "Parent Relationship": "Outer", "Join Type": "Anti", "Startup Cost": 207277.4, "Total Cost": 722503.14, "Plan Rows": 854611, "Plan Width": 44, "Actual Min Startup Time": 2638.89, "Actual Max Startup Time": 2638.89, "Actual Min Total Time": 3475.634, "Actual Max Total Time": 3475.634, "Actual Total Rows": 1188666, "Inner Unique": false, "Hash Cond": "(partsupp.ps_suppkey = supplier.s_suppkey), (LLVM Optimized, Jit Execute)", "Plans": [{"Node Type": "Streaming(type: LOCAL GATHER dop: 1/64)", "Parent Relationship": "Outer", "Startup Cost": 205881.14, "Total Cost": 710424.11, "Plan Rows": 854625, "Plan Width": 44, "Actual Min Startup Time": 2563.76, "Actual Max Startup Time": 2563.76, "Actual Min Total Time": 3046.881, "Actual Max Total Time": 3046.881, "Actual Total Rows": 1189344, "Plans": [{"Node Type": "Hash Join", "Parent Relationship": "Outer", "Join Type": "Inner", "Startup Cost": 205881.14, "Total Cost": 692793.3, "Plan Rows": 854625, "Plan Width": 44, "Actual Min Startup Time": 2330.614, "Actual Max Startup Time": 2500.004, "Actual Min Total Time": 3114.445, "Actual Max Total Time": 3481.051, "Actual Total Rows": 1189344, "Inner Unique": true, "Hash Cond": "(partsupp.ps_partkey = part.p_partkey), (LLVM Optimized, Jit Execute)", "Plans": [{"Node Type": "Streaming(type: LOCAL REDISTRIBUTE dop: 64/64)", "Parent Relationship": "Outer", "Startup Cost": 0.0, "Total Cost": 486309.85, "Plan Rows": 8000372, "Plan Width": 16, "Actual Min Startup Time": 0.142, "Actual Max Startup Time": 1.856, "Actual Min Total Time": 749.157, "Actual Max Total Time": 975.633, "Actual Total Rows": 8000000, "Plans": [{"Node Type": "Index Scan", "Parent Relationship": "Outer", "Scan Direction": "Forward", "Index Name": "idx_partsupp_partkey", "Relation Name": "partsupp", "Alias": "partsupp", "Startup Cost": 0.0, "Total Cost": 415731.37, "Plan Rows": 8000372, "Plan Width": 16, "Actual Min Startup Time": 37.458, "Actual Max Startup Time": 124.932, "Actual Min Total Time": 115.013, "Actual Max Total Time": 217.348, "Actual Total Rows": 8000000}]}, {"Node Type": "Hash", "Parent Relationship": "Inner", "Startup Cost": 205823.36, "Total Cost": 205823.36, "Plan Rows": 295844, "Plan Width": 44, "Actual Min Startup Time": 2330.154, "Actual Max Startup Time": 2499.542, "Actual Min Total Time": 2330.154, "Actual Max Total Time": 2499.542, "Actual Total Rows": 297336, "Max Hash Buckets": 32768, "Min Hash Buckets": 32768, "Max Hash Batches": 1, "Min Hash Batches": 1, "Max Original Hash Batches": 1, "Min Original Hash Batches": 1, "Max Peak Memory Usage": 365, "min Peak Memory Usage": 365, "Plans": [{"Node Type": "Streaming(type: LOCAL REDISTRIBUTE dop: 64/1)", "Parent Relationship": "Outer", "Startup Cost": 0.0, "Total Cost": 205823.36, "Plan Rows": 295844, "Plan Width": 44, "Actual Min Startup Time": 0.041, "Actual Max Startup Time": 179.288, "Actual Min Total Time": 2328.111, "Actual Max Total Time": 2497.493, "Actual Total Rows": 297336, "Plans": [{"Node Type": "Index Scan", "Parent Relationship": "Outer", "Scan Direction": "Forward", "Index Name": "part_kpey", "Relation Name": "part", "Alias": "part", "Startup Cost": 0.0, "Total Cost": 130803.25, "Plan Rows": 295844, "Plan Width": 44, "Actual Min Startup Time": 0.076, "Actual Max Startup Time": 0.076, "Actual Min Total Time": 2083.174, "Actual Max Total Time": 2083.174, "Actual Total Rows": 297336, "Filter": "((p_brand <> 'Brand#34'::bpchar) AND ((p_type)::text !~~ 'LARGE BRUSHED%'::text) AND (p_size = ANY ('{48,19,12,4,41,7,21,39}'::integer[]))), (LLVM Optimized, Jit Execute)", "Rows Removed by Filter": 1702664}]}]}]}]}, {"Node Type": "Hash", "Parent Relationship": "Inner", "Startup Cost": 5584.54, "Total Cost": 5584.54, "Plan Rows": 10, "Plan Width": 8, "Actual Min Startup Time": 75.079, "Actual Max Startup Time": 75.079, "Actual Min Total Time": 75.079, "Actual Max Total Time": 75.079, "Actual Total Rows": 56, "Max Hash Buckets": 32768, "Min Hash Buckets": 32768, "Max Hash Batches": 1, "Min Hash Batches": 1, "Max Original Hash Batches": 1, "Min Original Hash Batches": 1, "Max Peak Memory Usage": 3, "min Peak Memory Usage": 3, "Plans": [{"Node Type": "Index Scan", "Parent Relationship": "Outer", "Scan Direction": "Forward", "Index Name": "supplier_pkey", "Relation Name": "supplier", "Alias": "supplier", "Startup Cost": 0.0, "Total Cost": 5584.54, "Plan Rows": 10, "Plan Width": 8, "Actual Min Startup Time": 0.368, "Actual Max Startup Time": 0.368, "Actual Min Total Time": 75.015, "Actual Max Total Time": 75.015, "Actual Total Rows": 56, "Filter": "((s_comment)::text ~~ '%Customer%Complaints%'::text)", "Rows Removed by Filter": 99944}]}]}]}]}]}, "Triggers": [], "Planner Runtime": 1.376, "Total Runtime": 6064.907, "Unique SQL Id": 1437012347}}, "(64, 46)": {"explain_plan": {"Plan": {"Node Type": "Sort", "Startup Cost": 256366.86, "Total Cost": 256436.2, "Plan Rows": 27736, "Plan Width": 60, "Sort Key": ["(count(partsupp.ps_suppkey)) DESC", "part.p_brand", "part.p_type", "part.p_size"], "Plans": [{"Node Type": "Aggregate", "Strategy": "Hashed", "Parent Relationship": "Outer", "Startup Cost": 254042.65, "Total Cost": 254320.01, "Plan Rows": 27736, "Plan Width": 60, "Group By Key": ["part.p_brand", "part.p_type", "part.p_size"], "Plans": [{"Node Type": "Aggregate", "Strategy": "Hashed", "Parent Relationship": "Outer", "Startup Cost": 253487.93, "Total Cost": 253765.29, "Plan Rows": 27736, "Plan Width": 52, "Group By Key": ["part.p_brand", "part.p_type", "part.p_size", "partsupp.ps_suppkey"], "Plans": [{"Node Type": "Hash Join", "Parent Relationship": "Outer", "Join Type": "Anti", "Startup Cost": 72314.26, "Total Cost": 242805.29, "Plan Rows": 854611, "Plan Width": 44, "Inner Unique": false, "Hash Cond": "(partsupp.ps_suppkey = supplier.s_suppkey), (LLVM Optimized)", "Plans": [{"Node Type": "Streaming(type: LOCAL GATHER dop: 1/64)", "Parent Relationship": "Outer", "Startup Cost": 68781.13, "Total Cost": 228589.41, "Plan Rows": 854625, "Plan Width": 44, "Plans": [{"Node Type": "Hash Join", "Parent Relationship": "Outer", "Join Type": "Inner", "Startup Cost": 68781.13, "Total Cost": 210958.59, "Plan Rows": 854625, "Plan Width": 44, "Inner Unique": false, "Hash Cond": "(part.p_partkey = partsupp.ps_partkey), (LLVM Optimized)", "Plans": [{"Node Type": "Streaming(type: BROADCAST dop: 64/64)", "Parent Relationship": "Outer", "Startup Cost": 0.0, "Total Cost": 139455.29, "Plan Rows": 18934016, "Plan Width": 44, "Plans": [{"Node Type": "Seq Scan", "Parent Relationship": "Outer", "Relation Name": "part", "Alias": "part", "Startup Cost": 0.0, "Total Cost": 64436.62, "Plan Rows": 295844, "Plan Width": 44, "Filter": "((p_brand <> 'Brand#34'::bpchar) AND ((p_type)::text !~~ 'LARGE BRUSHED%'::text) AND (p_size = ANY ('{48,19,12,4,41,7,21,39}'::integer[]))), (LLVM Optimized)"}]}, {"Node Type": "Hash", "Parent Relationship": "Inner", "Startup Cost": 67218.56, "Total Cost": 67218.56, "Plan Rows": 8000372, "Plan Width": 16, "Plans": [{"Node Type": "Seq Scan", "Parent Relationship": "Outer", "Relation Name": "partsupp", "Alias": "partsupp", "Startup Cost": 0.0, "Total Cost": 67218.56, "Plan Rows": 8000372, "Plan Width": 16}]}]}]}, {"Node Type": "Hash", "Parent Relationship": "Inner", "Startup Cost": 3533.0, "Total Cost": 3533.0, "Plan Rows": 10, "Plan Width": 8, "Plans": [{"Node Type": "Seq Scan", "Parent Relationship": "Outer", "Relation Name": "supplier", "Alias": "supplier", "Startup Cost": 0.0, "Total Cost": 3533.0, "Plan Rows": 10, "Plan Width": 8, "Filter": "((s_comment)::text ~~ '%Customer%Complaints%'::text)"}]}]}]}]}]}, "Unique SQL Id": 1437012347}, "explain_analyze_plan": {"Plan": {"Node Type": "Sort", "Startup Cost": 256366.86, "Total Cost": 256436.2, "Plan Rows": 27736, "Plan Width": 60, "Actual Min Startup Time": 4476.752, "Actual Max Startup Time": 4476.752, "Actual Min Total Time": 4479.827, "Actual Max Total Time": 4479.827, "Actual Total Rows": 27838, "Sort Key": ["(count(partsupp.ps_suppkey)) DESC", "part.p_brand", "part.p_type", "part.p_size"], "Sort Method": "quicksort", "Sort Space Min Used": 5082, "Sort Space Max Used": 5082, "Sort Space Type": "Memory", "Plans": [{"Node Type": "Aggregate", "Strategy": "Hashed", "Parent Relationship": "Outer", "Startup Cost": 254042.65, "Total Cost": 254320.01, "Plan Rows": 27736, "Plan Width": 60, "Actual Min Startup Time": 4376.627, "Actual Max Startup Time": 4376.627, "Actual Min Total Time": 4385.931, "Actual Max Total Time": 4385.931, "Actual Total Rows": 27838, "Group By Key": ["part.p_brand", "part.p_type", "part.p_size"], "Plans": [{"Node Type": "Aggregate", "Strategy": "Hashed", "Parent Relationship": "Outer", "Startup Cost": 253487.93, "Total Cost": 253765.29, "Plan Rows": 27736, "Plan Width": 52, "Actual Min Startup Time": 2854.718, "Actual Max Startup Time": 2854.718, "Actual Min Total Time": 3396.575, "Actual Max Total Time": 3396.575, "Actual Total Rows": 1188428, "Group By Key": ["part.p_brand", "part.p_type", "part.p_size", "partsupp.ps_suppkey"], "Plans": [{"Node Type": "Hash Join", "Parent Relationship": "Outer", "Join Type": "Anti", "Startup Cost": 72314.26, "Total Cost": 242805.29, "Plan Rows": 854611, "Plan Width": 44, "Actual Min Startup Time": 308.113, "Actual Max Startup Time": 308.113, "Actual Min Total Time": 1683.887, "Actual Max Total Time": 1683.887, "Actual Total Rows": 1188666, "Inner Unique": false, "Hash Cond": "(partsupp.ps_suppkey = supplier.s_suppkey), (LLVM Optimized, Jit Execute)", "Plans": [{"Node Type": "Streaming(type: LOCAL GATHER dop: 1/64)", "Parent Relationship": "Outer", "Startup Cost": 68781.13, "Total Cost": 228589.41, "Plan Rows": 854625, "Plan Width": 44, "Actual Min Startup Time": 256.615, "Actual Max Startup Time": 256.615, "Actual Min Total Time": 1260.176, "Actual Max Total Time": 1260.176, "Actual Total Rows": 1189344, "Plans": [{"Node Type": "Hash Join", "Parent Relationship": "Outer", "Join Type": "Inner", "Startup Cost": 68781.13, "Total Cost": 210958.59, "Plan Rows": 854625, "Plan Width": 44, "Actual Min Startup Time": 76.809, "Actual Max Startup Time": 276.302, "Actual Min Total Time": 1373.144, "Actual Max Total Time": 1744.056, "Actual Total Rows": 1189344, "Inner Unique": false, "Hash Cond": "(part.p_partkey = partsupp.ps_partkey), (LLVM Optimized, Jit Execute)", "Plans": [{"Node Type": "Streaming(type: BROADCAST dop: 64/64)", "Parent Relationship": "Outer", "Startup Cost": 0.0, "Total Cost": 139455.29, "Plan Rows": 18934016, "Plan Width": 44, "Actual Min Startup Time": 0.115, "Actual Max Startup Time": 1.262, "Actual Min Total Time": 1174.396, "Actual Max Total Time": 1471.854, "Actual Total Rows": 19029504, "Plans": [{"Node Type": "Seq Scan", "Parent Relationship": "Outer", "Relation Name": "part", "Alias": "part", "Startup Cost": 0.0, "Total Cost": 64436.62, "Plan Rows": 295844, "Plan Width": 44, "Actual Min Startup Time": 0.032, "Actual Max Startup Time": 0.08, "Actual Min Total Time": 19.658, "Actual Max Total Time": 32.694, "Actual Total Rows": 297336, "Filter": "((p_brand <> 'Brand#34'::bpchar) AND ((p_type)::text !~~ 'LARGE BRUSHED%'::text) AND (p_size = ANY ('{48,19,12,4,41,7,21,39}'::integer[]))), (LLVM Optimized, Jit Execute)", "Rows Removed by Filter": 1702664}]}, {"Node Type": "Hash", "Parent Relationship": "Inner", "Startup Cost": 67218.56, "Total Cost": 67218.56, "Plan Rows": 8000372, "Plan Width": 16, "Actual Min Startup Time": 75.766, "Actual Max Startup Time": 151.429, "Actual Min Total Time": 75.766, "Actual Max Total Time": 151.429, "Actual Total Rows": 8000000, "Max Hash Buckets": 131072, "Min Hash Buckets": 131072, "Max Hash Batches": 1, "Min Hash Batches": 1, "Max Original Hash Batches": 1, "Min Original Hash Batches": 1, "Max Peak Memory Usage": 5921, "min Peak Memory Usage": 5921, "Plans": [{"Node Type": "Seq Scan", "Parent Relationship": "Outer", "Relation Name": "partsupp", "Alias": "partsupp", "Startup Cost": 0.0, "Total Cost": 67218.56, "Plan Rows": 8000372, "Plan Width": 16, "Actual Min Startup Time": 0.017, "Actual Max Startup Time": 0.034, "Actual Min Total Time": 43.375, "Actual Max Total Time": 54.1, "Actual Total Rows": 8000000}]}]}]}, {"Node Type": "Hash", "Parent Relationship": "Inner", "Startup Cost": 3533.0, "Total Cost": 3533.0, "Plan Rows": 10, "Plan Width": 8, "Actual Min Startup Time": 51.443, "Actual Max Startup Time": 51.443, "Actual Min Total Time": 51.443, "Actual Max Total Time": 51.443, "Actual Total Rows": 56, "Max Hash Buckets": 32768, "Min Hash Buckets": 32768, "Max Hash Batches": 1, "Min Hash Batches": 1, "Max Original Hash Batches": 1, "Min Original Hash Batches": 1, "Max Peak Memory Usage": 3, "min Peak Memory Usage": 3, "Plans": [{"Node Type": "Seq Scan", "Parent Relationship": "Outer", "Relation Name": "supplier", "Alias": "supplier", "Startup Cost": 0.0, "Total Cost": 3533.0, "Plan Rows": 10, "Plan Width": 8, "Actual Min Startup Time": 0.255, "Actual Max Startup Time": 0.255, "Actual Min Total Time": 51.388, "Actual Max Total Time": 51.388, "Actual Total Rows": 56, "Filter": "((s_comment)::text ~~ '%Customer%Complaints%'::text)", "Rows Removed by Filter": 99944}]}]}]}]}]}, "Triggers": [], "Planner Runtime": 1.817, "Total Runtime": 4517.384, "Unique SQL Id": 1437012347}}, "(64, 47)": {"explain_plan": {"Plan": {"Node Type": "Sort", "Startup Cost": 3000085463743.34, "Total Cost": 3000085463812.68, "Plan Rows": 27736, "Plan Width": 60, "Sort Key": ["(count(partsupp.ps_suppkey)) DESC", "part.p_brand", "part.p_type", "part.p_size"], "Plans": [{"Node Type": "Aggregate", "Strategy": "Hashed", "Parent Relationship": "Outer", "Startup Cost": 3000085461419.14, "Total Cost": 3000085461696.5, "Plan Rows": 27736, "Plan Width": 60, "Group By Key": ["part.p_brand", "part.p_type", "part.p_size"], "Plans": [{"Node Type": "Aggregate", "Strategy": "Hashed", "Parent Relationship": "Outer", "Startup Cost": 3000085460864.42, "Total Cost": 3000085461141.78, "Plan Rows": 27736, "Plan Width": 52, "Group By Key": ["part.p_brand", "part.p_type", "part.p_size", "partsupp.ps_suppkey"], "Plans": [{"Node Type": "Nested Loop", "Parent Relationship": "Outer", "Join Type": "Anti", "Startup Cost": 1020013084023.05, "Total Cost": 3000085450181.78, "Plan Rows": 854611, "Plan Width": 44, "Inner Unique": false, "Join Filter": "(partsupp.ps_suppkey = supplier.s_suppkey), (LLVM Optimized)", "Plans": [{"Node Type": "Hash Join", "Parent Relationship": "Outer", "Join Type": "Inner", "Startup Cost": 1010013084023.05, "Total Cost": 2000084763533.91, "Plan Rows": 854625, "Plan Width": 44, "Inner Unique": true, "Hash Cond": "(partsupp.ps_partkey = part.p_partkey), (LLVM Optimized)", "Plans": [{"Node Type": "Index Scan", "Parent Relationship": "Outer", "Scan Direction": "Forward", "Index Name": "partsupp_pkey", "Relation Name": "partsupp", "Alias": "partsupp", "Startup Cost": 10000000000.0, "Total Cost": 1000071640963.22, "Plan Rows": 8000372, "Plan Width": 16}, {"Node Type": "Hash", "Parent Relationship": "Inner", "Startup Cost": 1000013080325.0, "Total Cost": 1000013080325.0, "Plan Rows": 295844, "Plan Width": 44, "Plans": [{"Node Type": "Index Scan", "Parent Relationship": "Outer", "Scan Direction": "Forward", "Index Name": "part_kpey", "Relation Name": "part", "Alias": "part", "Startup Cost": 10000000000.0, "Total Cost": 1000013080325.0, "Plan Rows": 295844, "Plan Width": 44, "Filter": "((p_brand <> 'Brand#34'::bpchar) AND ((p_type)::text !~~ 'LARGE BRUSHED%'::text) AND (p_size = ANY ('{48,19,12,4,41,7,21,39}'::integer[]))), (LLVM Optimized)"}]}]}, {"Node Type": "Materialize", "Parent Relationship": "Inner", "Startup Cost": 10000000000.0, "Total Cost": 1000000558454.43, "Plan Rows": 10, "Plan Width": 8, "Plans": [{"Node Type": "Index Scan", "Parent Relationship": "Outer", "Scan Direction": "Forward", "Index Name": "supplier_pkey", "Relation Name": "supplier", "Alias": "supplier", "Startup Cost": 10000000000.0, "Total Cost": 1000000558454.38, "Plan Rows": 10, "Plan Width": 8, "Filter": "((s_comment)::text ~~ '%Customer%Complaints%'::text)"}]}]}]}]}]}, "Unique SQL Id": 1437012347}, "explain_analyze_plan": null}, "(64, 48)": {"explain_plan": {"Plan": {"Node Type": "Sort", "Startup Cost": 473478.87, "Total Cost": 473548.21, "Plan Rows": 27736, "Plan Width": 60, "Sort Key": ["(count(partsupp.ps_suppkey)) DESC", "part.p_brand", "part.p_type", "part.p_size"], "Plans": [{"Node Type": "Aggregate", "Strategy": "Hashed", "Parent Relationship": "Outer", "Startup Cost": 471154.66, "Total Cost": 471432.02, "Plan Rows": 27736, "Plan Width": 60, "Group By Key": ["part.p_brand", "part.p_type", "part.p_size"], "Plans": [{"Node Type": "Aggregate", "Strategy": "Hashed", "Parent Relationship": "Outer", "Startup Cost": 470599.94, "Total Cost": 470877.3, "Plan Rows": 27736, "Plan Width": 52, "Group By Key": ["part.p_brand", "part.p_type", "part.p_size", "partsupp.ps_suppkey"], "Plans": [{"Node Type": "Nested Loop", "Parent Relationship": "Outer", "Join Type": "Anti", "Startup Cost": 0.0, "Total Cost": 459917.3, "Plan Rows": 854611, "Plan Width": 44, "Inner Unique": false, "Join Filter": "(partsupp.ps_suppkey = supplier.s_suppkey), (LLVM Optimized)", "Plans": [{"Node Type": "Nested Loop", "Parent Relationship": "Outer", "Join Type": "Inner", "Startup Cost": 0.0, "Total Cost": 328190.81, "Plan Rows": 854625, "Plan Width": 44, "Inner Unique": false, "Plans": [{"Node Type": "Streaming(type: LOCAL GATHER dop: 1/64)", "Parent Relationship": "Outer", "Startup Cost": 0.0, "Total Cost": 70539.85, "Plan Rows": 295844, "Plan Width": 44, "Plans": [{"Node Type": "Seq Scan", "Parent Relationship": "Outer", "Relation Name": "part", "Alias": "part", "Startup Cost": 0.0, "Total Cost": 64436.62, "Plan Rows": 295844, "Plan Width": 44, "Filter": "((p_brand <> 'Brand#34'::bpchar) AND ((p_type)::text !~~ 'LARGE BRUSHED%'::text) AND (p_size = ANY ('{48,19,12,4,41,7,21,39}'::integer[]))), (LLVM Optimized)"}]}, {"Node Type": "Index Only Scan", "Parent Relationship": "Inner", "Scan Direction": "Forward", "Index Name": "partsupp_pkey", "Relation Name": "partsupp", "Alias": "partsupp", "Startup Cost": 0.0, "Total Cost": 0.84, "Plan Rows": 3, "Plan Width": 16, "Index Cond": "(ps_partkey = part.p_partkey)"}]}, {"Node Type": "Materialize", "Parent Relationship": "Inner", "Startup Cost": 0.0, "Total Cost": 3533.05, "Plan Rows": 10, "Plan Width": 8, "Plans": [{"Node Type": "Seq Scan", "Parent Relationship": "Outer", "Relation Name": "supplier", "Alias": "supplier", "Startup Cost": 0.0, "Total Cost": 3533.0, "Plan Rows": 10, "Plan Width": 8, "Filter": "((s_comment)::text ~~ '%Customer%Complaints%'::text)"}]}]}]}]}]}, "Unique SQL Id": 1437012347}, "explain_analyze_plan": null}, "(64, 49)": {"explain_plan": {"Plan": {"Node Type": "Sort", "Startup Cost": 535793.81, "Total Cost": 535863.15, "Plan Rows": 27736, "Plan Width": 60, "Sort Key": ["(count(partsupp.ps_suppkey)) DESC", "part.p_brand", "part.p_type", "part.p_size"], "Plans": [{"Node Type": "Aggregate", "Strategy": "Hashed", "Parent Relationship": "Outer", "Startup Cost": 533469.6, "Total Cost": 533746.96, "Plan Rows": 27736, "Plan Width": 60, "Group By Key": ["part.p_brand", "part.p_type", "part.p_size"], "Plans": [{"Node Type": "Aggregate", "Strategy": "Hashed", "Parent Relationship": "Outer", "Startup Cost": 532914.88, "Total Cost": 533192.24, "Plan Rows": 27736, "Plan Width": 52, "Group By Key": ["part.p_brand", "part.p_type", "part.p_size", "partsupp.ps_suppkey"], "Plans": [{"Node Type": "Nested Loop", "Parent Relationship": "Outer", "Join Type": "Anti", "Startup Cost": 0.0, "Total Cost": 522232.25, "Plan Rows": 854611, "Plan Width": 44, "Inner Unique": false, "Join Filter": "(partsupp.ps_suppkey = supplier.s_suppkey), (LLVM Optimized)", "Plans": [{"Node Type": "Nested Loop", "Parent Relationship": "Outer", "Join Type": "Inner", "Startup Cost": 0.0, "Total Cost": 388454.21, "Plan Rows": 854625, "Plan Width": 44, "Inner Unique": false, "Plans": [{"Node Type": "Index Scan", "Parent Relationship": "Outer", "Scan Direction": "Forward", "Index Name": "part_kpey", "Relation Name": "part", "Alias": "part", "Startup Cost": 0.0, "Total Cost": 130803.25, "Plan Rows": 295844, "Plan Width": 44, "Filter": "((p_brand <> 'Brand#34'::bpchar) AND ((p_type)::text !~~ 'LARGE BRUSHED%'::text) AND (p_size = ANY ('{48,19,12,4,41,7,21,39}'::integer[]))), (LLVM Optimized)"}, {"Node Type": "Index Only Scan", "Parent Relationship": "Inner", "Scan Direction": "Forward", "Index Name": "partsupp_pkey", "Relation Name": "partsupp", "Alias": "partsupp", "Startup Cost": 0.0, "Total Cost": 0.84, "Plan Rows": 3, "Plan Width": 16, "Index Cond": "(ps_partkey = part.p_partkey)"}]}, {"Node Type": "Materialize", "Parent Relationship": "Inner", "Startup Cost": 0.0, "Total Cost": 5584.59, "Plan Rows": 10, "Plan Width": 8, "Plans": [{"Node Type": "Index Scan", "Parent Relationship": "Outer", "Scan Direction": "Forward", "Index Name": "supplier_pkey", "Relation Name": "supplier", "Alias": "supplier", "Startup Cost": 0.0, "Total Cost": 5584.54, "Plan Rows": 10, "Plan Width": 8, "Filter": "((s_comment)::text ~~ '%Customer%Complaints%'::text)"}]}]}]}]}]}, "Unique SQL Id": 1437012347}, "explain_analyze_plan": null}, "(64, 50)": {"explain_plan": {"Plan": {"Node Type": "Sort", "Startup Cost": 1621504.75, "Total Cost": 1621574.09, "Plan Rows": 27736, "Plan Width": 60, "Sort Key": ["(count(partsupp.ps_suppkey)) DESC", "part.p_brand", "part.p_type", "part.p_size"], "Plans": [{"Node Type": "Aggregate", "Strategy": "Hashed", "Parent Relationship": "Outer", "Startup Cost": 1619180.55, "Total Cost": 1619457.91, "Plan Rows": 27736, "Plan Width": 60, "Group By Key": ["part.p_brand", "part.p_type", "part.p_size"], "Plans": [{"Node Type": "Aggregate", "Strategy": "Hashed", "Parent Relationship": "Outer", "Startup Cost": 1618625.83, "Total Cost": 1618903.19, "Plan Rows": 27736, "Plan Width": 52, "Group By Key": ["part.p_brand", "part.p_type", "part.p_size", "partsupp.ps_suppkey"], "Plans": [{"Node Type": "Nested Loop", "Parent Relationship": "Outer", "Join Type": "Anti", "Startup Cost": 0.68, "Total Cost": 1607943.19, "Plan Rows": 854611, "Plan Width": 44, "Inner Unique": false, "Join Filter": "(partsupp.ps_suppkey = supplier.s_suppkey), (LLVM Optimized)", "Plans": [{"Node Type": "Nested Loop", "Parent Relationship": "Outer", "Join Type": "Inner", "Startup Cost": 0.68, "Total Cost": 1476216.7, "Plan Rows": 854625, "Plan Width": 44, "Inner Unique": false, "Plans": [{"Node Type": "Streaming(type: LOCAL GATHER dop: 1/64)", "Parent Relationship": "Outer", "Startup Cost": 0.0, "Total Cost": 70539.85, "Plan Rows": 295844, "Plan Width": 44, "Plans": [{"Node Type": "Seq Scan", "Parent Relationship": "Outer", "Relation Name": "part", "Alias": "part", "Startup Cost": 0.0, "Total Cost": 64436.62, "Plan Rows": 295844, "Plan Width": 44, "Filter": "((p_brand <> 'Brand#34'::bpchar) AND ((p_type)::text !~~ 'LARGE BRUSHED%'::text) AND (p_size = ANY ('{48,19,12,4,41,7,21,39}'::integer[]))), (LLVM Optimized)"}]}, {"Node Type": "Bitmap Heap Scan", "Parent Relationship": "Inner", "Relation Name": "partsupp", "Alias": "partsupp", "Startup Cost": 0.68, "Total Cost": 4.72, "Plan Rows": 3, "Plan Width": 16, "Recheck Cond": "(ps_partkey = part.p_partkey)", "Plans": [{"Node Type": "Bitmap Index Scan", "Parent Relationship": "Outer", "Index Name": "idx_partsupp_partkey", "Startup Cost": 0.0, "Total Cost": 0.68, "Plan Rows": 3, "Plan Width": 0, "Index Cond": "(ps_partkey = part.p_partkey)"}]}]}, {"Node Type": "Materialize", "Parent Relationship": "Inner", "Startup Cost": 0.0, "Total Cost": 3533.05, "Plan Rows": 10, "Plan Width": 8, "Plans": [{"Node Type": "Seq Scan", "Parent Relationship": "Outer", "Relation Name": "supplier", "Alias": "supplier", "Startup Cost": 0.0, "Total Cost": 3533.0, "Plan Rows": 10, "Plan Width": 8, "Filter": "((s_comment)::text ~~ '%Customer%Complaints%'::text)"}]}]}]}]}]}, "Unique SQL Id": 1437012347}, "explain_analyze_plan": null}, "(64, 51)": {"explain_plan": {"Plan": {"Node Type": "Sort", "Startup Cost": 1683887.36, "Total Cost": 1683956.7, "Plan Rows": 27736, "Plan Width": 60, "Sort Key": ["(count(partsupp.ps_suppkey)) DESC", "part.p_brand", "part.p_type", "part.p_size"], "Plans": [{"Node Type": "Aggregate", "Strategy": "Hashed", "Parent Relationship": "Outer", "Startup Cost": 1681563.16, "Total Cost": 1681840.52, "Plan Rows": 27736, "Plan Width": 60, "Group By Key": ["part.p_brand", "part.p_type", "part.p_size"], "Plans": [{"Node Type": "Aggregate", "Strategy": "Hashed", "Parent Relationship": "Outer", "Startup Cost": 1681008.44, "Total Cost": 1681285.8, "Plan Rows": 27736, "Plan Width": 52, "Group By Key": ["part.p_brand", "part.p_type", "part.p_size", "partsupp.ps_suppkey"], "Plans": [{"Node Type": "Nested Loop", "Parent Relationship": "Outer", "Join Type": "Anti", "Startup Cost": 40979.15, "Total Cost": 1670325.8, "Plan Rows": 854611, "Plan Width": 44, "Inner Unique": false, "Join Filter": "(partsupp.ps_suppkey = supplier.s_suppkey), (LLVM Optimized)", "Plans": [{"Node Type": "Nested Loop", "Parent Relationship": "Outer", "Join Type": "Inner", "Startup Cost": 38930.89, "Total Cost": 1536551.05, "Plan Rows": 854625, "Plan Width": 44, "Inner Unique": false, "Plans": [{"Node Type": "Bitmap Heap Scan", "Parent Relationship": "Outer", "Relation Name": "part", "Alias": "part", "Startup Cost": 38930.21, "Total Cost": 130874.21, "Plan Rows": 295844, "Plan Width": 44, "Filter": "((p_brand <> 'Brand#34'::bpchar) AND ((p_type)::text !~~ 'LARGE BRUSHED%'::text) AND (p_size = ANY ('{48,19,12,4,41,7,21,39}'::integer[]))), (LLVM Optimized)", "Plans": [{"Node Type": "Bitmap Index Scan", "Parent Relationship": "Outer", "Index Name": "part_kpey", "Startup Cost": 0.0, "Total Cost": 38856.25, "Plan Rows": 2000000, "Plan Width": 0}]}, {"Node Type": "Bitmap Heap Scan", "Parent Relationship": "Inner", "Relation Name": "partsupp", "Alias": "partsupp", "Startup Cost": 0.68, "Total Cost": 4.72, "Plan Rows": 3, "Plan Width": 16, "Recheck Cond": "(ps_partkey = part.p_partkey)", "Plans": [{"Node Type": "Bitmap Index Scan", "Parent Relationship": "Outer", "Index Name": "idx_partsupp_partkey", "Startup Cost": 0.0, "Total Cost": 0.68, "Plan Rows": 3, "Plan Width": 0, "Index Cond": "(ps_partkey = part.p_partkey)"}]}]}, {"Node Type": "Materialize", "Parent Relationship": "Inner", "Startup Cost": 2048.25, "Total Cost": 5581.3, "Plan Rows": 10, "Plan Width": 8, "Plans": [{"Node Type": "Bitmap Heap Scan", "Parent Relationship": "Outer", "Relation Name": "supplier", "Alias": "supplier", "Startup Cost": 2048.25, "Total Cost": 5581.25, "Plan Rows": 10, "Plan Width": 8, "Filter": "((s_comment)::text ~~ '%Customer%Complaints%'::text)", "Plans": [{"Node Type": "Bitmap Index Scan", "Parent Relationship": "Outer", "Index Name": "supplier_pkey", "Startup Cost": 0.0, "Total Cost": 2048.25, "Plan Rows": 100000, "Plan Width": 0}]}]}]}]}]}]}, "Unique SQL Id": 1437012347}, "explain_analyze_plan": null}, "(64, 52)": {"explain_plan": {"Plan": {"Node Type": "Sort", "Startup Cost": 1103250.9, "Total Cost": 1103320.24, "Plan Rows": 27736, "Plan Width": 60, "Sort Key": ["(count(partsupp.ps_suppkey)) DESC", "part.p_brand", "part.p_type", "part.p_size"], "Plans": [{"Node Type": "Aggregate", "Strategy": "Hashed", "Parent Relationship": "Outer", "Startup Cost": 1100926.7, "Total Cost": 1101204.06, "Plan Rows": 27736, "Plan Width": 60, "Group By Key": ["part.p_brand", "part.p_type", "part.p_size"], "Plans": [{"Node Type": "Aggregate", "Strategy": "Hashed", "Parent Relationship": "Outer", "Startup Cost": 1100371.98, "Total Cost": 1100649.34, "Plan Rows": 27736, "Plan Width": 52, "Group By Key": ["part.p_brand", "part.p_type", "part.p_size", "partsupp.ps_suppkey"], "Plans": [{"Node Type": "Nested Loop", "Parent Relationship": "Outer", "Join Type": "Anti", "Startup Cost": 0.0, "Total Cost": 1089689.34, "Plan Rows": 854611, "Plan Width": 44, "Inner Unique": false, "Join Filter": "(partsupp.ps_suppkey = supplier.s_suppkey), (LLVM Optimized)", "Plans": [{"Node Type": "Nested Loop", "Parent Relationship": "Outer", "Join Type": "Inner", "Startup Cost": 0.0, "Total Cost": 957962.85, "Plan Rows": 854625, "Plan Width": 44, "Inner Unique": false, "Plans": [{"Node Type": "Streaming(type: LOCAL GATHER dop: 1/64)", "Parent Relationship": "Outer", "Startup Cost": 0.0, "Total Cost": 70539.85, "Plan Rows": 295844, "Plan Width": 44, "Plans": [{"Node Type": "Seq Scan", "Parent Relationship": "Outer", "Relation Name": "part", "Alias": "part", "Startup Cost": 0.0, "Total Cost": 64436.62, "Plan Rows": 295844, "Plan Width": 44, "Filter": "((p_brand <> 'Brand#34'::bpchar) AND ((p_type)::text !~~ 'LARGE BRUSHED%'::text) AND (p_size = ANY ('{48,19,12,4,41,7,21,39}'::integer[]))), (LLVM Optimized)"}]}, {"Node Type": "Index Scan", "Parent Relationship": "Inner", "Scan Direction": "Forward", "Index Name": "idx_partsupp_partkey", "Relation Name": "partsupp", "Alias": "partsupp", "Startup Cost": 0.0, "Total Cost": 2.97, "Plan Rows": 3, "Plan Width": 16, "Index Cond": "(ps_partkey = part.p_partkey)"}]}, {"Node Type": "Materialize", "Parent Relationship": "Inner", "Startup Cost": 0.0, "Total Cost": 3533.05, "Plan Rows": 10, "Plan Width": 8, "Plans": [{"Node Type": "Seq Scan", "Parent Relationship": "Outer", "Relation Name": "supplier", "Alias": "supplier", "Startup Cost": 0.0, "Total Cost": 3533.0, "Plan Rows": 10, "Plan Width": 8, "Filter": "((s_comment)::text ~~ '%Customer%Complaints%'::text)"}]}]}]}]}]}, "Unique SQL Id": 1437012347}, "explain_analyze_plan": null}, "(64, 53)": {"explain_plan": {"Plan": {"Node Type": "Sort", "Startup Cost": 1165565.84, "Total Cost": 1165635.18, "Plan Rows": 27736, "Plan Width": 60, "Sort Key": ["(count(partsupp.ps_suppkey)) DESC", "part.p_brand", "part.p_type", "part.p_size"], "Plans": [{"Node Type": "Aggregate", "Strategy": "Hashed", "Parent Relationship": "Outer", "Startup Cost": 1163241.64, "Total Cost": 1163519.0, "Plan Rows": 27736, "Plan Width": 60, "Group By Key": ["part.p_brand", "part.p_type", "part.p_size"], "Plans": [{"Node Type": "Aggregate", "Strategy": "Hashed", "Parent Relationship": "Outer", "Startup Cost": 1162686.92, "Total Cost": 1162964.28, "Plan Rows": 27736, "Plan Width": 52, "Group By Key": ["part.p_brand", "part.p_type", "part.p_size", "partsupp.ps_suppkey"], "Plans": [{"Node Type": "Nested Loop", "Parent Relationship": "Outer", "Join Type": "Anti", "Startup Cost": 0.0, "Total Cost": 1152004.28, "Plan Rows": 854611, "Plan Width": 44, "Inner Unique": false, "Join Filter": "(partsupp.ps_suppkey = supplier.s_suppkey), (LLVM Optimized)", "Plans": [{"Node Type": "Nested Loop", "Parent Relationship": "Outer", "Join Type": "Inner", "Startup Cost": 0.0, "Total Cost": 1018226.24, "Plan Rows": 854625, "Plan Width": 44, "Inner Unique": false, "Plans": [{"Node Type": "Index Scan", "Parent Relationship": "Outer", "Scan Direction": "Forward", "Index Name": "part_kpey", "Relation Name": "part", "Alias": "part", "Startup Cost": 0.0, "Total Cost": 130803.25, "Plan Rows": 295844, "Plan Width": 44, "Filter": "((p_brand <> 'Brand#34'::bpchar) AND ((p_type)::text !~~ 'LARGE BRUSHED%'::text) AND (p_size = ANY ('{48,19,12,4,41,7,21,39}'::integer[]))), (LLVM Optimized)"}, {"Node Type": "Index Scan", "Parent Relationship": "Inner", "Scan Direction": "Forward", "Index Name": "idx_partsupp_partkey", "Relation Name": "partsupp", "Alias": "partsupp", "Startup Cost": 0.0, "Total Cost": 2.97, "Plan Rows": 3, "Plan Width": 16, "Index Cond": "(ps_partkey = part.p_partkey)"}]}, {"Node Type": "Materialize", "Parent Relationship": "Inner", "Startup Cost": 0.0, "Total Cost": 5584.59, "Plan Rows": 10, "Plan Width": 8, "Plans": [{"Node Type": "Index Scan", "Parent Relationship": "Outer", "Scan Direction": "Forward", "Index Name": "supplier_pkey", "Relation Name": "supplier", "Alias": "supplier", "Startup Cost": 0.0, "Total Cost": 5584.54, "Plan Rows": 10, "Plan Width": 8, "Filter": "((s_comment)::text ~~ '%Customer%Complaints%'::text)"}]}]}]}]}]}, "Unique SQL Id": 1437012347}, "explain_analyze_plan": null}, "(64, 54)": {"explain_plan": {"Plan": {"Node Type": "Sort", "Startup Cost": 1621504.75, "Total Cost": 1621574.09, "Plan Rows": 27736, "Plan Width": 60, "Sort Key": ["(count(partsupp.ps_suppkey)) DESC", "part.p_brand", "part.p_type", "part.p_size"], "Plans": [{"Node Type": "Aggregate", "Strategy": "Hashed", "Parent Relationship": "Outer", "Startup Cost": 1619180.55, "Total Cost": 1619457.91, "Plan Rows": 27736, "Plan Width": 60, "Group By Key": ["part.p_brand", "part.p_type", "part.p_size"], "Plans": [{"Node Type": "Aggregate", "Strategy": "Hashed", "Parent Relationship": "Outer", "Startup Cost": 1618625.83, "Total Cost": 1618903.19, "Plan Rows": 27736, "Plan Width": 52, "Group By Key": ["part.p_brand", "part.p_type", "part.p_size", "partsupp.ps_suppkey"], "Plans": [{"Node Type": "Nested Loop", "Parent Relationship": "Outer", "Join Type": "Anti", "Startup Cost": 0.68, "Total Cost": 1607943.19, "Plan Rows": 854611, "Plan Width": 44, "Inner Unique": false, "Join Filter": "(partsupp.ps_suppkey = supplier.s_suppkey), (LLVM Optimized)", "Plans": [{"Node Type": "Nested Loop", "Parent Relationship": "Outer", "Join Type": "Inner", "Startup Cost": 0.68, "Total Cost": 1476216.7, "Plan Rows": 854625, "Plan Width": 44, "Inner Unique": false, "Plans": [{"Node Type": "Streaming(type: LOCAL GATHER dop: 1/64)", "Parent Relationship": "Outer", "Startup Cost": 0.0, "Total Cost": 70539.85, "Plan Rows": 295844, "Plan Width": 44, "Plans": [{"Node Type": "Seq Scan", "Parent Relationship": "Outer", "Relation Name": "part", "Alias": "part", "Startup Cost": 0.0, "Total Cost": 64436.62, "Plan Rows": 295844, "Plan Width": 44, "Filter": "((p_brand <> 'Brand#34'::bpchar) AND ((p_type)::text !~~ 'LARGE BRUSHED%'::text) AND (p_size = ANY ('{48,19,12,4,41,7,21,39}'::integer[]))), (LLVM Optimized)"}]}, {"Node Type": "Bitmap Heap Scan", "Parent Relationship": "Inner", "Relation Name": "partsupp", "Alias": "partsupp", "Startup Cost": 0.68, "Total Cost": 4.72, "Plan Rows": 3, "Plan Width": 16, "Recheck Cond": "(ps_partkey = part.p_partkey)", "Plans": [{"Node Type": "Bitmap Index Scan", "Parent Relationship": "Outer", "Index Name": "idx_partsupp_partkey", "Startup Cost": 0.0, "Total Cost": 0.68, "Plan Rows": 3, "Plan Width": 0, "Index Cond": "(ps_partkey = part.p_partkey)"}]}]}, {"Node Type": "Materialize", "Parent Relationship": "Inner", "Startup Cost": 0.0, "Total Cost": 3533.05, "Plan Rows": 10, "Plan Width": 8, "Plans": [{"Node Type": "Seq Scan", "Parent Relationship": "Outer", "Relation Name": "supplier", "Alias": "supplier", "Startup Cost": 0.0, "Total Cost": 3533.0, "Plan Rows": 10, "Plan Width": 8, "Filter": "((s_comment)::text ~~ '%Customer%Complaints%'::text)"}]}]}]}]}]}, "Unique SQL Id": 1437012347}, "explain_analyze_plan": null}, "(64, 55)": {"explain_plan": {"Plan": {"Node Type": "Sort", "Startup Cost": 1683887.36, "Total Cost": 1683956.7, "Plan Rows": 27736, "Plan Width": 60, "Sort Key": ["(count(partsupp.ps_suppkey)) DESC", "part.p_brand", "part.p_type", "part.p_size"], "Plans": [{"Node Type": "Aggregate", "Strategy": "Hashed", "Parent Relationship": "Outer", "Startup Cost": 1681563.16, "Total Cost": 1681840.52, "Plan Rows": 27736, "Plan Width": 60, "Group By Key": ["part.p_brand", "part.p_type", "part.p_size"], "Plans": [{"Node Type": "Aggregate", "Strategy": "Hashed", "Parent Relationship": "Outer", "Startup Cost": 1681008.44, "Total Cost": 1681285.8, "Plan Rows": 27736, "Plan Width": 52, "Group By Key": ["part.p_brand", "part.p_type", "part.p_size", "partsupp.ps_suppkey"], "Plans": [{"Node Type": "Nested Loop", "Parent Relationship": "Outer", "Join Type": "Anti", "Startup Cost": 40979.15, "Total Cost": 1670325.8, "Plan Rows": 854611, "Plan Width": 44, "Inner Unique": false, "Join Filter": "(partsupp.ps_suppkey = supplier.s_suppkey), (LLVM Optimized)", "Plans": [{"Node Type": "Nested Loop", "Parent Relationship": "Outer", "Join Type": "Inner", "Startup Cost": 38930.89, "Total Cost": 1536551.05, "Plan Rows": 854625, "Plan Width": 44, "Inner Unique": false, "Plans": [{"Node Type": "Bitmap Heap Scan", "Parent Relationship": "Outer", "Relation Name": "part", "Alias": "part", "Startup Cost": 38930.21, "Total Cost": 130874.21, "Plan Rows": 295844, "Plan Width": 44, "Filter": "((p_brand <> 'Brand#34'::bpchar) AND ((p_type)::text !~~ 'LARGE BRUSHED%'::text) AND (p_size = ANY ('{48,19,12,4,41,7,21,39}'::integer[]))), (LLVM Optimized)", "Plans": [{"Node Type": "Bitmap Index Scan", "Parent Relationship": "Outer", "Index Name": "part_kpey", "Startup Cost": 0.0, "Total Cost": 38856.25, "Plan Rows": 2000000, "Plan Width": 0}]}, {"Node Type": "Bitmap Heap Scan", "Parent Relationship": "Inner", "Relation Name": "partsupp", "Alias": "partsupp", "Startup Cost": 0.68, "Total Cost": 4.72, "Plan Rows": 3, "Plan Width": 16, "Recheck Cond": "(ps_partkey = part.p_partkey)", "Plans": [{"Node Type": "Bitmap Index Scan", "Parent Relationship": "Outer", "Index Name": "idx_partsupp_partkey", "Startup Cost": 0.0, "Total Cost": 0.68, "Plan Rows": 3, "Plan Width": 0, "Index Cond": "(ps_partkey = part.p_partkey)"}]}]}, {"Node Type": "Materialize", "Parent Relationship": "Inner", "Startup Cost": 2048.25, "Total Cost": 5581.3, "Plan Rows": 10, "Plan Width": 8, "Plans": [{"Node Type": "Bitmap Heap Scan", "Parent Relationship": "Outer", "Relation Name": "supplier", "Alias": "supplier", "Startup Cost": 2048.25, "Total Cost": 5581.25, "Plan Rows": 10, "Plan Width": 8, "Filter": "((s_comment)::text ~~ '%Customer%Complaints%'::text)", "Plans": [{"Node Type": "Bitmap Index Scan", "Parent Relationship": "Outer", "Index Name": "supplier_pkey", "Startup Cost": 0.0, "Total Cost": 2048.25, "Plan Rows": 100000, "Plan Width": 0}]}]}]}]}]}]}, "Unique SQL Id": 1437012347}, "explain_analyze_plan": null}, "(64, 56)": {"explain_plan": {"Plan": {"Node Type": "Sort", "Startup Cost": 473478.87, "Total Cost": 473548.21, "Plan Rows": 27736, "Plan Width": 60, "Sort Key": ["(count(partsupp.ps_suppkey)) DESC", "part.p_brand", "part.p_type", "part.p_size"], "Plans": [{"Node Type": "Aggregate", "Strategy": "Hashed", "Parent Relationship": "Outer", "Startup Cost": 471154.66, "Total Cost": 471432.02, "Plan Rows": 27736, "Plan Width": 60, "Group By Key": ["part.p_brand", "part.p_type", "part.p_size"], "Plans": [{"Node Type": "Aggregate", "Strategy": "Hashed", "Parent Relationship": "Outer", "Startup Cost": 470599.94, "Total Cost": 470877.3, "Plan Rows": 27736, "Plan Width": 52, "Group By Key": ["part.p_brand", "part.p_type", "part.p_size", "partsupp.ps_suppkey"], "Plans": [{"Node Type": "Nested Loop", "Parent Relationship": "Outer", "Join Type": "Anti", "Startup Cost": 0.0, "Total Cost": 459917.3, "Plan Rows": 854611, "Plan Width": 44, "Inner Unique": false, "Join Filter": "(partsupp.ps_suppkey = supplier.s_suppkey), (LLVM Optimized)", "Plans": [{"Node Type": "Nested Loop", "Parent Relationship": "Outer", "Join Type": "Inner", "Startup Cost": 0.0, "Total Cost": 328190.81, "Plan Rows": 854625, "Plan Width": 44, "Inner Unique": false, "Plans": [{"Node Type": "Streaming(type: LOCAL GATHER dop: 1/64)", "Parent Relationship": "Outer", "Startup Cost": 0.0, "Total Cost": 70539.85, "Plan Rows": 295844, "Plan Width": 44, "Plans": [{"Node Type": "Seq Scan", "Parent Relationship": "Outer", "Relation Name": "part", "Alias": "part", "Startup Cost": 0.0, "Total Cost": 64436.62, "Plan Rows": 295844, "Plan Width": 44, "Filter": "((p_brand <> 'Brand#34'::bpchar) AND ((p_type)::text !~~ 'LARGE BRUSHED%'::text) AND (p_size = ANY ('{48,19,12,4,41,7,21,39}'::integer[]))), (LLVM Optimized)"}]}, {"Node Type": "Index Only Scan", "Parent Relationship": "Inner", "Scan Direction": "Forward", "Index Name": "partsupp_pkey", "Relation Name": "partsupp", "Alias": "partsupp", "Startup Cost": 0.0, "Total Cost": 0.84, "Plan Rows": 3, "Plan Width": 16, "Index Cond": "(ps_partkey = part.p_partkey)"}]}, {"Node Type": "Materialize", "Parent Relationship": "Inner", "Startup Cost": 0.0, "Total Cost": 3533.05, "Plan Rows": 10, "Plan Width": 8, "Plans": [{"Node Type": "Seq Scan", "Parent Relationship": "Outer", "Relation Name": "supplier", "Alias": "supplier", "Startup Cost": 0.0, "Total Cost": 3533.0, "Plan Rows": 10, "Plan Width": 8, "Filter": "((s_comment)::text ~~ '%Customer%Complaints%'::text)"}]}]}]}]}]}, "Unique SQL Id": 1437012347}, "explain_analyze_plan": null}, "(64, 57)": {"explain_plan": {"Plan": {"Node Type": "Sort", "Startup Cost": 535793.81, "Total Cost": 535863.15, "Plan Rows": 27736, "Plan Width": 60, "Sort Key": ["(count(partsupp.ps_suppkey)) DESC", "part.p_brand", "part.p_type", "part.p_size"], "Plans": [{"Node Type": "Aggregate", "Strategy": "Hashed", "Parent Relationship": "Outer", "Startup Cost": 533469.6, "Total Cost": 533746.96, "Plan Rows": 27736, "Plan Width": 60, "Group By Key": ["part.p_brand", "part.p_type", "part.p_size"], "Plans": [{"Node Type": "Aggregate", "Strategy": "Hashed", "Parent Relationship": "Outer", "Startup Cost": 532914.88, "Total Cost": 533192.24, "Plan Rows": 27736, "Plan Width": 52, "Group By Key": ["part.p_brand", "part.p_type", "part.p_size", "partsupp.ps_suppkey"], "Plans": [{"Node Type": "Nested Loop", "Parent Relationship": "Outer", "Join Type": "Anti", "Startup Cost": 0.0, "Total Cost": 522232.25, "Plan Rows": 854611, "Plan Width": 44, "Inner Unique": false, "Join Filter": "(partsupp.ps_suppkey = supplier.s_suppkey), (LLVM Optimized)", "Plans": [{"Node Type": "Nested Loop", "Parent Relationship": "Outer", "Join Type": "Inner", "Startup Cost": 0.0, "Total Cost": 388454.21, "Plan Rows": 854625, "Plan Width": 44, "Inner Unique": false, "Plans": [{"Node Type": "Index Scan", "Parent Relationship": "Outer", "Scan Direction": "Forward", "Index Name": "part_kpey", "Relation Name": "part", "Alias": "part", "Startup Cost": 0.0, "Total Cost": 130803.25, "Plan Rows": 295844, "Plan Width": 44, "Filter": "((p_brand <> 'Brand#34'::bpchar) AND ((p_type)::text !~~ 'LARGE BRUSHED%'::text) AND (p_size = ANY ('{48,19,12,4,41,7,21,39}'::integer[]))), (LLVM Optimized)"}, {"Node Type": "Index Only Scan", "Parent Relationship": "Inner", "Scan Direction": "Forward", "Index Name": "partsupp_pkey", "Relation Name": "partsupp", "Alias": "partsupp", "Startup Cost": 0.0, "Total Cost": 0.84, "Plan Rows": 3, "Plan Width": 16, "Index Cond": "(ps_partkey = part.p_partkey)"}]}, {"Node Type": "Materialize", "Parent Relationship": "Inner", "Startup Cost": 0.0, "Total Cost": 5584.59, "Plan Rows": 10, "Plan Width": 8, "Plans": [{"Node Type": "Index Scan", "Parent Relationship": "Outer", "Scan Direction": "Forward", "Index Name": "supplier_pkey", "Relation Name": "supplier", "Alias": "supplier", "Startup Cost": 0.0, "Total Cost": 5584.54, "Plan Rows": 10, "Plan Width": 8, "Filter": "((s_comment)::text ~~ '%Customer%Complaints%'::text)"}]}]}]}]}]}, "Unique SQL Id": 1437012347}, "explain_analyze_plan": null}, "(64, 58)": {"explain_plan": {"Plan": {"Node Type": "Sort", "Startup Cost": 9039988.83, "Total Cost": 9040058.17, "Plan Rows": 27736, "Plan Width": 60, "Sort Key": ["(count(partsupp.ps_suppkey)) DESC", "part.p_brand", "part.p_type", "part.p_size"], "Plans": [{"Node Type": "Streaming(type: LOCAL GATHER dop: 1/64)", "Parent Relationship": "Outer", "Startup Cost": 9037669.44, "Total Cost": 9037941.99, "Plan Rows": 27736, "Plan Width": 60, "Plans": [{"Node Type": "Aggregate", "Strategy": "Hashed", "Parent Relationship": "Outer", "Startup Cost": 9037669.44, "Total Cost": 9037673.78, "Plan Rows": 27736, "Plan Width": 60, "Group By Key": ["part.p_brand", "part.p_type", "part.p_size"], "Plans": [{"Node Type": "Aggregate", "Strategy": "Hashed", "Parent Relationship": "Outer", "Startup Cost": 9037402.38, "Total Cost": 9037535.91, "Plan Rows": 854611, "Plan Width": 52, "Group By Key": ["part.p_brand", "part.p_type", "part.p_size", "partsupp.ps_suppkey"], "Plans": [{"Node Type": "Streaming(type: LOCAL REDISTRIBUTE dop: 64/64)", "Parent Relationship": "Outer", "Startup Cost": 0.0, "Total Cost": 9037235.46, "Plan Rows": 854611, "Plan Width": 44, "Plans": [{"Node Type": "Nested Loop", "Parent Relationship": "Outer", "Join Type": "Anti", "Startup Cost": 0.0, "Total Cost": 9001782.46, "Plan Rows": 854611, "Plan Width": 44, "Inner Unique": false, "Join Filter": "(partsupp.ps_suppkey = supplier.s_suppkey), (LLVM Optimized)", "Plans": [{"Node Type": "Nested Loop", "Parent Relationship": "Outer", "Join Type": "Inner", "Startup Cost": 0.0, "Total Cost": 8933233.18, "Plan Rows": 854625, "Plan Width": 44, "Inner Unique": true, "Join Filter": "(partsupp.ps_partkey = part.p_partkey), (LLVM Optimized)", "Plans": [{"Node Type": "Streaming(type: LOCAL REDISTRIBUTE dop: 64/64)", "Parent Relationship": "Outer", "Startup Cost": 0.0, "Total Cost": 137797.04, "Plan Rows": 8000372, "Plan Width": 16, "Plans": [{"Node Type": "Seq Scan", "Parent Relationship": "Outer", "Relation Name": "partsupp", "Alias": "partsupp", "Startup Cost": 0.0, "Total Cost": 67218.56, "Plan Rows": 8000372, "Plan Width": 16}]}, {"Node Type": "Materialize", "Parent Relationship": "Inner", "Startup Cost": 0.0, "Total Cost": 127739.98, "Plan Rows": 295844, "Plan Width": 44, "Plans": [{"Node Type": "Streaming(type: LOCAL REDISTRIBUTE dop: 64/64)", "Parent Relationship": "Outer", "Startup Cost": 0.0, "Total Cost": 127716.87, "Plan Rows": 295844, "Plan Width": 44, "Plans": [{"Node Type": "Seq Scan", "Parent Relationship": "Outer", "Relation Name": "part", "Alias": "part", "Startup Cost": 0.0, "Total Cost": 64436.62, "Plan Rows": 295844, "Plan Width": 44, "Filter": "((p_brand <> 'Brand#34'::bpchar) AND ((p_type)::text !~~ 'LARGE BRUSHED%'::text) AND (p_size = ANY ('{48,19,12,4,41,7,21,39}'::integer[]))), (LLVM Optimized)"}]}]}]}, {"Node Type": "Materialize", "Parent Relationship": "Inner", "Startup Cost": 0.0, "Total Cost": 66546.25, "Plan Rows": 640, "Plan Width": 8, "Plans": [{"Node Type": "Streaming(type: BROADCAST dop: 64/1)", "Parent Relationship": "Outer", "Startup Cost": 0.0, "Total Cost": 66546.2, "Plan Rows": 640, "Plan Width": 8, "Plans": [{"Node Type": "Seq Scan", "Parent Relationship": "Outer", "Relation Name": "supplier", "Alias": "supplier", "Startup Cost": 0.0, "Total Cost": 3533.0, "Plan Rows": 10, "Plan Width": 8, "Filter": "((s_comment)::text ~~ '%Customer%Complaints%'::text)"}]}]}]}]}]}]}]}]}, "Unique SQL Id": 1437012347}, "explain_analyze_plan": null}, "(64, 59)": {"explain_plan": {"Plan": {"Node Type": "Sort", "Startup Cost": 3035544896282.46, "Total Cost": 3035544896351.79, "Plan Rows": 27736, "Plan Width": 60, "Sort Key": ["(count(partsupp.ps_suppkey)) DESC", "part.p_brand", "part.p_type", "part.p_size"], "Plans": [{"Node Type": "Aggregate", "Strategy": "Hashed", "Parent Relationship": "Outer", "Startup Cost": 3035544893958.25, "Total Cost": 3035544894235.61, "Plan Rows": 27736, "Plan Width": 60, "Group By Key": ["part.p_brand", "part.p_type", "part.p_size"], "Plans": [{"Node Type": "Aggregate", "Strategy": "Hashed", "Parent Relationship": "Outer", "Startup Cost": 3035544893403.53, "Total Cost": 3035544893680.89, "Plan Rows": 27736, "Plan Width": 52, "Group By Key": ["part.p_brand", "part.p_type", "part.p_size", "partsupp.ps_suppkey"], "Plans": [{"Node Type": "Nested Loop", "Parent Relationship": "Outer", "Join Type": "Inner", "Startup Cost": 30000000000.0, "Total Cost": 3035544882720.89, "Plan Rows": 854611, "Plan Width": 44, "Inner Unique": true, "Join Filter": "(partsupp.ps_partkey = part.p_partkey), (LLVM Optimized)", "Plans": [{"Node Type": "Nested Loop", "Parent Relationship": "Outer", "Join Type": "Anti", "Startup Cost": 20000000000.0, "Total Cost": 2000029465493.2, "Plan Rows": 8000238, "Plan Width": 16, "Inner Unique": false, "Join Filter": "(partsupp.ps_suppkey = supplier.s_suppkey), (LLVM Optimized)", "Plans": [{"Node Type": "Index Only Scan", "Parent Relationship": "Outer", "Scan Direction": "Forward", "Index Name": "partsupp_pkey", "Relation Name": "partsupp", "Alias": "partsupp", "Startup Cost": 10000000000.0, "Total Cost": 1000027706983.0, "Plan Rows": 8000372, "Plan Width": 16}, {"Node Type": "Materialize", "Parent Relationship": "Inner", "Startup Cost": 10000000000.0, "Total Cost": 1000000558454.43, "Plan Rows": 10, "Plan Width": 8, "Plans": [{"Node Type": "Index Scan", "Parent Relationship": "Outer", "Scan Direction": "Forward", "Index Name": "supplier_pkey", "Relation Name": "supplier", "Alias": "supplier", "Startup Cost": 10000000000.0, "Total Cost": 1000000558454.38, "Plan Rows": 10, "Plan Width": 8, "Filter": "((s_comment)::text ~~ '%Customer%Complaints%'::text)"}]}]}, {"Node Type": "Materialize", "Parent Relationship": "Inner", "Startup Cost": 10000000000.0, "Total Cost": 1000013081804.22, "Plan Rows": 295844, "Plan Width": 44, "Plans": [{"Node Type": "Index Scan", "Parent Relationship": "Outer", "Scan Direction": "Forward", "Index Name": "part_kpey", "Relation Name": "part", "Alias": "part", "Startup Cost": 10000000000.0, "Total Cost": 1000013080325.0, "Plan Rows": 295844, "Plan Width": 44, "Filter": "((p_brand <> 'Brand#34'::bpchar) AND ((p_type)::text !~~ 'LARGE BRUSHED%'::text) AND (p_size = ANY ('{48,19,12,4,41,7,21,39}'::integer[]))), (LLVM Optimized)"}]}]}]}]}]}, "Unique SQL Id": 1437012347}, "explain_analyze_plan": null}, "(64, 60)": {"explain_plan": {"Plan": {"Node Type": "Sort", "Startup Cost": 1103250.9, "Total Cost": 1103320.24, "Plan Rows": 27736, "Plan Width": 60, "Sort Key": ["(count(partsupp.ps_suppkey)) DESC", "part.p_brand", "part.p_type", "part.p_size"], "Plans": [{"Node Type": "Aggregate", "Strategy": "Hashed", "Parent Relationship": "Outer", "Startup Cost": 1100926.7, "Total Cost": 1101204.06, "Plan Rows": 27736, "Plan Width": 60, "Group By Key": ["part.p_brand", "part.p_type", "part.p_size"], "Plans": [{"Node Type": "Aggregate", "Strategy": "Hashed", "Parent Relationship": "Outer", "Startup Cost": 1100371.98, "Total Cost": 1100649.34, "Plan Rows": 27736, "Plan Width": 52, "Group By Key": ["part.p_brand", "part.p_type", "part.p_size", "partsupp.ps_suppkey"], "Plans": [{"Node Type": "Nested Loop", "Parent Relationship": "Outer", "Join Type": "Anti", "Startup Cost": 0.0, "Total Cost": 1089689.34, "Plan Rows": 854611, "Plan Width": 44, "Inner Unique": false, "Join Filter": "(partsupp.ps_suppkey = supplier.s_suppkey), (LLVM Optimized)", "Plans": [{"Node Type": "Nested Loop", "Parent Relationship": "Outer", "Join Type": "Inner", "Startup Cost": 0.0, "Total Cost": 957962.85, "Plan Rows": 854625, "Plan Width": 44, "Inner Unique": false, "Plans": [{"Node Type": "Streaming(type: LOCAL GATHER dop: 1/64)", "Parent Relationship": "Outer", "Startup Cost": 0.0, "Total Cost": 70539.85, "Plan Rows": 295844, "Plan Width": 44, "Plans": [{"Node Type": "Seq Scan", "Parent Relationship": "Outer", "Relation Name": "part", "Alias": "part", "Startup Cost": 0.0, "Total Cost": 64436.62, "Plan Rows": 295844, "Plan Width": 44, "Filter": "((p_brand <> 'Brand#34'::bpchar) AND ((p_type)::text !~~ 'LARGE BRUSHED%'::text) AND (p_size = ANY ('{48,19,12,4,41,7,21,39}'::integer[]))), (LLVM Optimized)"}]}, {"Node Type": "Index Scan", "Parent Relationship": "Inner", "Scan Direction": "Forward", "Index Name": "idx_partsupp_partkey", "Relation Name": "partsupp", "Alias": "partsupp", "Startup Cost": 0.0, "Total Cost": 2.97, "Plan Rows": 3, "Plan Width": 16, "Index Cond": "(ps_partkey = part.p_partkey)"}]}, {"Node Type": "Materialize", "Parent Relationship": "Inner", "Startup Cost": 0.0, "Total Cost": 3533.05, "Plan Rows": 10, "Plan Width": 8, "Plans": [{"Node Type": "Seq Scan", "Parent Relationship": "Outer", "Relation Name": "supplier", "Alias": "supplier", "Startup Cost": 0.0, "Total Cost": 3533.0, "Plan Rows": 10, "Plan Width": 8, "Filter": "((s_comment)::text ~~ '%Customer%Complaints%'::text)"}]}]}]}]}]}, "Unique SQL Id": 1437012347}, "explain_analyze_plan": null}, "(64, 61)": {"explain_plan": {"Plan": {"Node Type": "Sort", "Startup Cost": 1165565.84, "Total Cost": 1165635.18, "Plan Rows": 27736, "Plan Width": 60, "Sort Key": ["(count(partsupp.ps_suppkey)) DESC", "part.p_brand", "part.p_type", "part.p_size"], "Plans": [{"Node Type": "Aggregate", "Strategy": "Hashed", "Parent Relationship": "Outer", "Startup Cost": 1163241.64, "Total Cost": 1163519.0, "Plan Rows": 27736, "Plan Width": 60, "Group By Key": ["part.p_brand", "part.p_type", "part.p_size"], "Plans": [{"Node Type": "Aggregate", "Strategy": "Hashed", "Parent Relationship": "Outer", "Startup Cost": 1162686.92, "Total Cost": 1162964.28, "Plan Rows": 27736, "Plan Width": 52, "Group By Key": ["part.p_brand", "part.p_type", "part.p_size", "partsupp.ps_suppkey"], "Plans": [{"Node Type": "Nested Loop", "Parent Relationship": "Outer", "Join Type": "Anti", "Startup Cost": 0.0, "Total Cost": 1152004.28, "Plan Rows": 854611, "Plan Width": 44, "Inner Unique": false, "Join Filter": "(partsupp.ps_suppkey = supplier.s_suppkey), (LLVM Optimized)", "Plans": [{"Node Type": "Nested Loop", "Parent Relationship": "Outer", "Join Type": "Inner", "Startup Cost": 0.0, "Total Cost": 1018226.24, "Plan Rows": 854625, "Plan Width": 44, "Inner Unique": false, "Plans": [{"Node Type": "Index Scan", "Parent Relationship": "Outer", "Scan Direction": "Forward", "Index Name": "part_kpey", "Relation Name": "part", "Alias": "part", "Startup Cost": 0.0, "Total Cost": 130803.25, "Plan Rows": 295844, "Plan Width": 44, "Filter": "((p_brand <> 'Brand#34'::bpchar) AND ((p_type)::text !~~ 'LARGE BRUSHED%'::text) AND (p_size = ANY ('{48,19,12,4,41,7,21,39}'::integer[]))), (LLVM Optimized)"}, {"Node Type": "Index Scan", "Parent Relationship": "Inner", "Scan Direction": "Forward", "Index Name": "idx_partsupp_partkey", "Relation Name": "partsupp", "Alias": "partsupp", "Startup Cost": 0.0, "Total Cost": 2.97, "Plan Rows": 3, "Plan Width": 16, "Index Cond": "(ps_partkey = part.p_partkey)"}]}, {"Node Type": "Materialize", "Parent Relationship": "Inner", "Startup Cost": 0.0, "Total Cost": 5584.59, "Plan Rows": 10, "Plan Width": 8, "Plans": [{"Node Type": "Index Scan", "Parent Relationship": "Outer", "Scan Direction": "Forward", "Index Name": "supplier_pkey", "Relation Name": "supplier", "Alias": "supplier", "Startup Cost": 0.0, "Total Cost": 5584.54, "Plan Rows": 10, "Plan Width": 8, "Filter": "((s_comment)::text ~~ '%Customer%Complaints%'::text)"}]}]}]}]}]}, "Unique SQL Id": 1437012347}, "explain_analyze_plan": null}, "(64, 62)": {"explain_plan": {"Plan": {"Node Type": "Sort", "Startup Cost": 9039988.83, "Total Cost": 9040058.17, "Plan Rows": 27736, "Plan Width": 60, "Sort Key": ["(count(partsupp.ps_suppkey)) DESC", "part.p_brand", "part.p_type", "part.p_size"], "Plans": [{"Node Type": "Streaming(type: LOCAL GATHER dop: 1/64)", "Parent Relationship": "Outer", "Startup Cost": 9037669.44, "Total Cost": 9037941.99, "Plan Rows": 27736, "Plan Width": 60, "Plans": [{"Node Type": "Aggregate", "Strategy": "Hashed", "Parent Relationship": "Outer", "Startup Cost": 9037669.44, "Total Cost": 9037673.78, "Plan Rows": 27736, "Plan Width": 60, "Group By Key": ["part.p_brand", "part.p_type", "part.p_size"], "Plans": [{"Node Type": "Aggregate", "Strategy": "Hashed", "Parent Relationship": "Outer", "Startup Cost": 9037402.38, "Total Cost": 9037535.91, "Plan Rows": 854611, "Plan Width": 52, "Group By Key": ["part.p_brand", "part.p_type", "part.p_size", "partsupp.ps_suppkey"], "Plans": [{"Node Type": "Streaming(type: LOCAL REDISTRIBUTE dop: 64/64)", "Parent Relationship": "Outer", "Startup Cost": 0.0, "Total Cost": 9037235.46, "Plan Rows": 854611, "Plan Width": 44, "Plans": [{"Node Type": "Nested Loop", "Parent Relationship": "Outer", "Join Type": "Anti", "Startup Cost": 0.0, "Total Cost": 9001782.46, "Plan Rows": 854611, "Plan Width": 44, "Inner Unique": false, "Join Filter": "(partsupp.ps_suppkey = supplier.s_suppkey), (LLVM Optimized)", "Plans": [{"Node Type": "Nested Loop", "Parent Relationship": "Outer", "Join Type": "Inner", "Startup Cost": 0.0, "Total Cost": 8933233.18, "Plan Rows": 854625, "Plan Width": 44, "Inner Unique": true, "Join Filter": "(partsupp.ps_partkey = part.p_partkey), (LLVM Optimized)", "Plans": [{"Node Type": "Streaming(type: LOCAL REDISTRIBUTE dop: 64/64)", "Parent Relationship": "Outer", "Startup Cost": 0.0, "Total Cost": 137797.04, "Plan Rows": 8000372, "Plan Width": 16, "Plans": [{"Node Type": "Seq Scan", "Parent Relationship": "Outer", "Relation Name": "partsupp", "Alias": "partsupp", "Startup Cost": 0.0, "Total Cost": 67218.56, "Plan Rows": 8000372, "Plan Width": 16}]}, {"Node Type": "Materialize", "Parent Relationship": "Inner", "Startup Cost": 0.0, "Total Cost": 127739.98, "Plan Rows": 295844, "Plan Width": 44, "Plans": [{"Node Type": "Streaming(type: LOCAL REDISTRIBUTE dop: 64/64)", "Parent Relationship": "Outer", "Startup Cost": 0.0, "Total Cost": 127716.87, "Plan Rows": 295844, "Plan Width": 44, "Plans": [{"Node Type": "Seq Scan", "Parent Relationship": "Outer", "Relation Name": "part", "Alias": "part", "Startup Cost": 0.0, "Total Cost": 64436.62, "Plan Rows": 295844, "Plan Width": 44, "Filter": "((p_brand <> 'Brand#34'::bpchar) AND ((p_type)::text !~~ 'LARGE BRUSHED%'::text) AND (p_size = ANY ('{48,19,12,4,41,7,21,39}'::integer[]))), (LLVM Optimized)"}]}]}]}, {"Node Type": "Materialize", "Parent Relationship": "Inner", "Startup Cost": 0.0, "Total Cost": 66546.25, "Plan Rows": 640, "Plan Width": 8, "Plans": [{"Node Type": "Streaming(type: BROADCAST dop: 64/1)", "Parent Relationship": "Outer", "Startup Cost": 0.0, "Total Cost": 66546.2, "Plan Rows": 640, "Plan Width": 8, "Plans": [{"Node Type": "Seq Scan", "Parent Relationship": "Outer", "Relation Name": "supplier", "Alias": "supplier", "Startup Cost": 0.0, "Total Cost": 3533.0, "Plan Rows": 10, "Plan Width": 8, "Filter": "((s_comment)::text ~~ '%Customer%Complaints%'::text)"}]}]}]}]}]}]}]}]}, "Unique SQL Id": 1437012347}, "explain_analyze_plan": null}, "(64, 63)": {"explain_plan": {"Plan": {"Node Type": "Sort", "Startup Cost": 3035588830262.67, "Total Cost": 3035588830332.01, "Plan Rows": 27736, "Plan Width": 60, "Sort Key": ["(count(partsupp.ps_suppkey)) DESC", "part.p_brand", "part.p_type", "part.p_size"], "Plans": [{"Node Type": "Aggregate", "Strategy": "Hashed", "Parent Relationship": "Outer", "Startup Cost": 3035588827938.47, "Total Cost": 3035588828215.83, "Plan Rows": 27736, "Plan Width": 60, "Group By Key": ["part.p_brand", "part.p_type", "part.p_size"], "Plans": [{"Node Type": "Aggregate", "Strategy": "Hashed", "Parent Relationship": "Outer", "Startup Cost": 3035588827383.75, "Total Cost": 3035588827661.11, "Plan Rows": 27736, "Plan Width": 52, "Group By Key": ["part.p_brand", "part.p_type", "part.p_size", "partsupp.ps_suppkey"], "Plans": [{"Node Type": "Nested Loop", "Parent Relationship": "Outer", "Join Type": "Inner", "Startup Cost": 30000000000.0, "Total Cost": 3035588816701.11, "Plan Rows": 854611, "Plan Width": 44, "Inner Unique": true, "Join Filter": "(partsupp.ps_partkey = part.p_partkey), (LLVM Optimized)", "Plans": [{"Node Type": "Nested Loop", "Parent Relationship": "Outer", "Join Type": "Anti", "Startup Cost": 20000000000.0, "Total Cost": 2000073399473.42, "Plan Rows": 8000238, "Plan Width": 16, "Inner Unique": false, "Join Filter": "(partsupp.ps_suppkey = supplier.s_suppkey), (LLVM Optimized)", "Plans": [{"Node Type": "Index Scan", "Parent Relationship": "Outer", "Scan Direction": "Forward", "Index Name": "partsupp_pkey", "Relation Name": "partsupp", "Alias": "partsupp", "Startup Cost": 10000000000.0, "Total Cost": 1000071640963.22, "Plan Rows": 8000372, "Plan Width": 16}, {"Node Type": "Materialize", "Parent Relationship": "Inner", "Startup Cost": 10000000000.0, "Total Cost": 1000000558454.43, "Plan Rows": 10, "Plan Width": 8, "Plans": [{"Node Type": "Index Scan", "Parent Relationship": "Outer", "Scan Direction": "Forward", "Index Name": "supplier_pkey", "Relation Name": "supplier", "Alias": "supplier", "Startup Cost": 10000000000.0, "Total Cost": 1000000558454.38, "Plan Rows": 10, "Plan Width": 8, "Filter": "((s_comment)::text ~~ '%Customer%Complaints%'::text)"}]}]}, {"Node Type": "Materialize", "Parent Relationship": "Inner", "Startup Cost": 10000000000.0, "Total Cost": 1000013081804.22, "Plan Rows": 295844, "Plan Width": 44, "Plans": [{"Node Type": "Index Scan", "Parent Relationship": "Outer", "Scan Direction": "Forward", "Index Name": "part_kpey", "Relation Name": "part", "Alias": "part", "Startup Cost": 10000000000.0, "Total Cost": 1000013080325.0, "Plan Rows": 295844, "Plan Width": 44, "Filter": "((p_brand <> 'Brand#34'::bpchar) AND ((p_type)::text !~~ 'LARGE BRUSHED%'::text) AND (p_size = ANY ('{48,19,12,4,41,7,21,39}'::integer[]))), (LLVM Optimized)"}]}]}]}]}]}, "Unique SQL Id": 1437012347}, "explain_analyze_plan": null}, "(64, 64)": {"explain_plan": {"Plan": {"Node Type": "Sort", "Startup Cost": 256366.86, "Total Cost": 256436.2, "Plan Rows": 27736, "Plan Width": 60, "Sort Key": ["(count(partsupp.ps_suppkey)) DESC", "part.p_brand", "part.p_type", "part.p_size"], "Plans": [{"Node Type": "Aggregate", "Strategy": "Hashed", "Parent Relationship": "Outer", "Startup Cost": 254042.65, "Total Cost": 254320.01, "Plan Rows": 27736, "Plan Width": 60, "Group By Key": ["part.p_brand", "part.p_type", "part.p_size"], "Plans": [{"Node Type": "Aggregate", "Strategy": "Hashed", "Parent Relationship": "Outer", "Startup Cost": 253487.93, "Total Cost": 253765.29, "Plan Rows": 27736, "Plan Width": 52, "Group By Key": ["part.p_brand", "part.p_type", "part.p_size", "partsupp.ps_suppkey"], "Plans": [{"Node Type": "Hash Join", "Parent Relationship": "Outer", "Join Type": "Anti", "Startup Cost": 72314.26, "Total Cost": 242805.29, "Plan Rows": 854611, "Plan Width": 44, "Inner Unique": false, "Hash Cond": "(partsupp.ps_suppkey = supplier.s_suppkey), (LLVM Optimized)", "Plans": [{"Node Type": "Streaming(type: LOCAL GATHER dop: 1/64)", "Parent Relationship": "Outer", "Startup Cost": 68781.13, "Total Cost": 228589.41, "Plan Rows": 854625, "Plan Width": 44, "Plans": [{"Node Type": "Hash Join", "Parent Relationship": "Outer", "Join Type": "Inner", "Startup Cost": 68781.13, "Total Cost": 210958.59, "Plan Rows": 854625, "Plan Width": 44, "Inner Unique": false, "Hash Cond": "(part.p_partkey = partsupp.ps_partkey), (LLVM Optimized)", "Plans": [{"Node Type": "Streaming(type: BROADCAST dop: 64/64)", "Parent Relationship": "Outer", "Startup Cost": 0.0, "Total Cost": 139455.29, "Plan Rows": 18934016, "Plan Width": 44, "Plans": [{"Node Type": "Seq Scan", "Parent Relationship": "Outer", "Relation Name": "part", "Alias": "part", "Startup Cost": 0.0, "Total Cost": 64436.62, "Plan Rows": 295844, "Plan Width": 44, "Filter": "((p_brand <> 'Brand#34'::bpchar) AND ((p_type)::text !~~ 'LARGE BRUSHED%'::text) AND (p_size = ANY ('{48,19,12,4,41,7,21,39}'::integer[]))), (LLVM Optimized)"}]}, {"Node Type": "Hash", "Parent Relationship": "Inner", "Startup Cost": 67218.56, "Total Cost": 67218.56, "Plan Rows": 8000372, "Plan Width": 16, "Plans": [{"Node Type": "Seq Scan", "Parent Relationship": "Outer", "Relation Name": "partsupp", "Alias": "partsupp", "Startup Cost": 0.0, "Total Cost": 67218.56, "Plan Rows": 8000372, "Plan Width": 16}]}]}]}, {"Node Type": "Hash", "Parent Relationship": "Inner", "Startup Cost": 3533.0, "Total Cost": 3533.0, "Plan Rows": 10, "Plan Width": 8, "Plans": [{"Node Type": "Seq Scan", "Parent Relationship": "Outer", "Relation Name": "supplier", "Alias": "supplier", "Startup Cost": 0.0, "Total Cost": 3533.0, "Plan Rows": 10, "Plan Width": 8, "Filter": "((s_comment)::text ~~ '%Customer%Complaints%'::text)"}]}]}]}]}]}, "Unique SQL Id": 1437012347}, "explain_analyze_plan": {"Plan": {"Node Type": "Sort", "Startup Cost": 256366.86, "Total Cost": 256436.2, "Plan Rows": 27736, "Plan Width": 60, "Actual Min Startup Time": 4476.752, "Actual Max Startup Time": 4476.752, "Actual Min Total Time": 4479.827, "Actual Max Total Time": 4479.827, "Actual Total Rows": 27838, "Sort Key": ["(count(partsupp.ps_suppkey)) DESC", "part.p_brand", "part.p_type", "part.p_size"], "Sort Method": "quicksort", "Sort Space Min Used": 5082, "Sort Space Max Used": 5082, "Sort Space Type": "Memory", "Plans": [{"Node Type": "Aggregate", "Strategy": "Hashed", "Parent Relationship": "Outer", "Startup Cost": 254042.65, "Total Cost": 254320.01, "Plan Rows": 27736, "Plan Width": 60, "Actual Min Startup Time": 4376.627, "Actual Max Startup Time": 4376.627, "Actual Min Total Time": 4385.931, "Actual Max Total Time": 4385.931, "Actual Total Rows": 27838, "Group By Key": ["part.p_brand", "part.p_type", "part.p_size"], "Plans": [{"Node Type": "Aggregate", "Strategy": "Hashed", "Parent Relationship": "Outer", "Startup Cost": 253487.93, "Total Cost": 253765.29, "Plan Rows": 27736, "Plan Width": 52, "Actual Min Startup Time": 2854.718, "Actual Max Startup Time": 2854.718, "Actual Min Total Time": 3396.575, "Actual Max Total Time": 3396.575, "Actual Total Rows": 1188428, "Group By Key": ["part.p_brand", "part.p_type", "part.p_size", "partsupp.ps_suppkey"], "Plans": [{"Node Type": "Hash Join", "Parent Relationship": "Outer", "Join Type": "Anti", "Startup Cost": 72314.26, "Total Cost": 242805.29, "Plan Rows": 854611, "Plan Width": 44, "Actual Min Startup Time": 308.113, "Actual Max Startup Time": 308.113, "Actual Min Total Time": 1683.887, "Actual Max Total Time": 1683.887, "Actual Total Rows": 1188666, "Inner Unique": false, "Hash Cond": "(partsupp.ps_suppkey = supplier.s_suppkey), (LLVM Optimized, Jit Execute)", "Plans": [{"Node Type": "Streaming(type: LOCAL GATHER dop: 1/64)", "Parent Relationship": "Outer", "Startup Cost": 68781.13, "Total Cost": 228589.41, "Plan Rows": 854625, "Plan Width": 44, "Actual Min Startup Time": 256.615, "Actual Max Startup Time": 256.615, "Actual Min Total Time": 1260.176, "Actual Max Total Time": 1260.176, "Actual Total Rows": 1189344, "Plans": [{"Node Type": "Hash Join", "Parent Relationship": "Outer", "Join Type": "Inner", "Startup Cost": 68781.13, "Total Cost": 210958.59, "Plan Rows": 854625, "Plan Width": 44, "Actual Min Startup Time": 76.809, "Actual Max Startup Time": 276.302, "Actual Min Total Time": 1373.144, "Actual Max Total Time": 1744.056, "Actual Total Rows": 1189344, "Inner Unique": false, "Hash Cond": "(part.p_partkey = partsupp.ps_partkey), (LLVM Optimized, Jit Execute)", "Plans": [{"Node Type": "Streaming(type: BROADCAST dop: 64/64)", "Parent Relationship": "Outer", "Startup Cost": 0.0, "Total Cost": 139455.29, "Plan Rows": 18934016, "Plan Width": 44, "Actual Min Startup Time": 0.115, "Actual Max Startup Time": 1.262, "Actual Min Total Time": 1174.396, "Actual Max Total Time": 1471.854, "Actual Total Rows": 19029504, "Plans": [{"Node Type": "Seq Scan", "Parent Relationship": "Outer", "Relation Name": "part", "Alias": "part", "Startup Cost": 0.0, "Total Cost": 64436.62, "Plan Rows": 295844, "Plan Width": 44, "Actual Min Startup Time": 0.032, "Actual Max Startup Time": 0.08, "Actual Min Total Time": 19.658, "Actual Max Total Time": 32.694, "Actual Total Rows": 297336, "Filter": "((p_brand <> 'Brand#34'::bpchar) AND ((p_type)::text !~~ 'LARGE BRUSHED%'::text) AND (p_size = ANY ('{48,19,12,4,41,7,21,39}'::integer[]))), (LLVM Optimized, Jit Execute)", "Rows Removed by Filter": 1702664}]}, {"Node Type": "Hash", "Parent Relationship": "Inner", "Startup Cost": 67218.56, "Total Cost": 67218.56, "Plan Rows": 8000372, "Plan Width": 16, "Actual Min Startup Time": 75.766, "Actual Max Startup Time": 151.429, "Actual Min Total Time": 75.766, "Actual Max Total Time": 151.429, "Actual Total Rows": 8000000, "Max Hash Buckets": 131072, "Min Hash Buckets": 131072, "Max Hash Batches": 1, "Min Hash Batches": 1, "Max Original Hash Batches": 1, "Min Original Hash Batches": 1, "Max Peak Memory Usage": 5921, "min Peak Memory Usage": 5921, "Plans": [{"Node Type": "Seq Scan", "Parent Relationship": "Outer", "Relation Name": "partsupp", "Alias": "partsupp", "Startup Cost": 0.0, "Total Cost": 67218.56, "Plan Rows": 8000372, "Plan Width": 16, "Actual Min Startup Time": 0.017, "Actual Max Startup Time": 0.034, "Actual Min Total Time": 43.375, "Actual Max Total Time": 54.1, "Actual Total Rows": 8000000}]}]}]}, {"Node Type": "Hash", "Parent Relationship": "Inner", "Startup Cost": 3533.0, "Total Cost": 3533.0, "Plan Rows": 10, "Plan Width": 8, "Actual Min Startup Time": 51.443, "Actual Max Startup Time": 51.443, "Actual Min Total Time": 51.443, "Actual Max Total Time": 51.443, "Actual Total Rows": 56, "Max Hash Buckets": 32768, "Min Hash Buckets": 32768, "Max Hash Batches": 1, "Min Hash Batches": 1, "Max Original Hash Batches": 1, "Min Original Hash Batches": 1, "Max Peak Memory Usage": 3, "min Peak Memory Usage": 3, "Plans": [{"Node Type": "Seq Scan", "Parent Relationship": "Outer", "Relation Name": "supplier", "Alias": "supplier", "Startup Cost": 0.0, "Total Cost": 3533.0, "Plan Rows": 10, "Plan Width": 8, "Actual Min Startup Time": 0.255, "Actual Max Startup Time": 0.255, "Actual Min Total Time": 51.388, "Actual Max Total Time": 51.388, "Actual Total Rows": 56, "Filter": "((s_comment)::text ~~ '%Customer%Complaints%'::text)", "Rows Removed by Filter": 99944}]}]}]}]}]}, "Triggers": [], "Planner Runtime": 1.817, "Total Runtime": 4517.384, "Unique SQL Id": 1437012347}}, "(64, 65)": {"explain_plan": {"Plan": {"Node Type": "Sort", "Startup Cost": 418288.46, "Total Cost": 418357.8, "Plan Rows": 27736, "Plan Width": 60, "Sort Key": ["(count(partsupp.ps_suppkey)) DESC", "part.p_brand", "part.p_type", "part.p_size"], "Plans": [{"Node Type": "Aggregate", "Strategy": "Hashed", "Parent Relationship": "Outer", "Startup Cost": 415964.25, "Total Cost": 416241.61, "Plan Rows": 27736, "Plan Width": 60, "Group By Key": ["part.p_brand", "part.p_type", "part.p_size"], "Plans": [{"Node Type": "Aggregate", "Strategy": "Hashed", "Parent Relationship": "Outer", "Startup Cost": 415409.53, "Total Cost": 415686.89, "Plan Rows": 27736, "Plan Width": 52, "Group By Key": ["part.p_brand", "part.p_type", "part.p_size", "partsupp.ps_suppkey"], "Plans": [{"Node Type": "Hash Join", "Parent Relationship": "Outer", "Join Type": "Anti", "Startup Cost": 5584.67, "Total Cost": 404726.89, "Plan Rows": 854611, "Plan Width": 44, "Inner Unique": false, "Hash Cond": "(partsupp.ps_suppkey = supplier.s_suppkey), (LLVM Optimized)", "Plans": [{"Node Type": "Nested Loop", "Parent Relationship": "Outer", "Join Type": "Inner", "Startup Cost": 0.0, "Total Cost": 388454.21, "Plan Rows": 854625, "Plan Width": 44, "Inner Unique": false, "Plans": [{"Node Type": "Index Scan", "Parent Relationship": "Outer", "Scan Direction": "Forward", "Index Name": "part_kpey", "Relation Name": "part", "Alias": "part", "Startup Cost": 0.0, "Total Cost": 130803.25, "Plan Rows": 295844, "Plan Width": 44, "Filter": "((p_brand <> 'Brand#34'::bpchar) AND ((p_type)::text !~~ 'LARGE BRUSHED%'::text) AND (p_size = ANY ('{48,19,12,4,41,7,21,39}'::integer[]))), (LLVM Optimized)"}, {"Node Type": "Index Only Scan", "Parent Relationship": "Inner", "Scan Direction": "Forward", "Index Name": "partsupp_pkey", "Relation Name": "partsupp", "Alias": "partsupp", "Startup Cost": 0.0, "Total Cost": 0.84, "Plan Rows": 3, "Plan Width": 16, "Index Cond": "(ps_partkey = part.p_partkey)"}]}, {"Node Type": "Hash", "Parent Relationship": "Inner", "Startup Cost": 5584.54, "Total Cost": 5584.54, "Plan Rows": 10, "Plan Width": 8, "Plans": [{"Node Type": "Index Scan", "Parent Relationship": "Outer", "Scan Direction": "Forward", "Index Name": "supplier_pkey", "Relation Name": "supplier", "Alias": "supplier", "Startup Cost": 0.0, "Total Cost": 5584.54, "Plan Rows": 10, "Plan Width": 8, "Filter": "((s_comment)::text ~~ '%Customer%Complaints%'::text)"}]}]}]}]}]}, "Unique SQL Id": 1437012347}, "explain_analyze_plan": {"Plan": {"Node Type": "Sort", "Startup Cost": 418288.46, "Total Cost": 418357.8, "Plan Rows": 27736, "Plan Width": 60, "Actual Startup Time": 6946.55, "Actual Total Time": 6950.158, "Actual Rows": 27838, "Actual Loops": 1, "Sort Key": ["(count(partsupp.ps_suppkey)) DESC", "part.p_brand", "part.p_type", "part.p_size"], "Sort Method": "quicksort", "Sort Space Used": 5082, "Sort Space Type": "Memory", "Plans": [{"Node Type": "Aggregate", "Strategy": "Hashed", "Parent Relationship": "Outer", "Startup Cost": 415964.25, "Total Cost": 416241.61, "Plan Rows": 27736, "Plan Width": 60, "Actual Startup Time": 6844.512, "Actual Total Time": 6854.496, "Actual Rows": 27838, "Actual Loops": 1, "Group By Key": ["part.p_brand", "part.p_type", "part.p_size"], "Plans": [{"Node Type": "Aggregate", "Strategy": "Hashed", "Parent Relationship": "Outer", "Startup Cost": 415409.53, "Total Cost": 415686.89, "Plan Rows": 27736, "Plan Width": 52, "Actual Startup Time": 5232.276, "Actual Total Time": 5899.683, "Actual Rows": 1188428, "Actual Loops": 1, "Group By Key": ["part.p_brand", "part.p_type", "part.p_size", "partsupp.ps_suppkey"], "Plans": [{"Node Type": "Hash Join", "Parent Relationship": "Outer", "Join Type": "Anti", "Startup Cost": 5584.67, "Total Cost": 404726.89, "Plan Rows": 854611, "Plan Width": 44, "Actual Startup Time": 74.0, "Actual Total Time": 4190.013, "Actual Rows": 1188666, "Actual Loops": 1, "Inner Unique": false, "Hash Cond": "(partsupp.ps_suppkey = supplier.s_suppkey), (LLVM Optimized, Jit Execute)", "Plans": [{"Node Type": "Nested Loop", "Parent Relationship": "Outer", "Join Type": "Inner", "Startup Cost": 0.0, "Total Cost": 388454.21, "Plan Rows": 854625, "Plan Width": 44, "Actual Startup Time": 0.164, "Actual Total Time": 3764.233, "Actual Rows": 1189344, "Actual Loops": 1, "Inner Unique": false, "Plans": [{"Node Type": "Index Scan", "Parent Relationship": "Outer", "Scan Direction": "Forward", "Index Name": "part_kpey", "Relation Name": "part", "Alias": "part", "Startup Cost": 0.0, "Total Cost": 130803.25, "Plan Rows": 295844, "Plan Width": 44, "Actual Startup Time": 0.046, "Actual Total Time": 1826.412, "Actual Rows": 297336, "Actual Loops": 1, "Filter": "((p_brand <> 'Brand#34'::bpchar) AND ((p_type)::text !~~ 'LARGE BRUSHED%'::text) AND (p_size = ANY ('{48,19,12,4,41,7,21,39}'::integer[]))), (LLVM Optimized, Jit Execute)", "Rows Removed by Filter": 1702664}, {"Node Type": "Index Only Scan", "Parent Relationship": "Inner", "Scan Direction": "Forward", "Index Name": "partsupp_pkey", "Relation Name": "partsupp", "Alias": "partsupp", "Startup Cost": 0.0, "Total Cost": 0.84, "Plan Rows": 3, "Plan Width": 16, "Actual Startup Time": 1205.266, "Actual Total Time": 1499.547, "Actual Rows": 1189344, "Actual Loops": 297336, "Index Cond": "(ps_partkey = part.p_partkey)", "Rows Removed by Index Recheck": 0, "Heap Fetches": 0}]}, {"Node Type": "Hash", "Parent Relationship": "Inner", "Startup Cost": 5584.54, "Total Cost": 5584.54, "Plan Rows": 10, "Plan Width": 8, "Actual Startup Time": 73.793, "Actual Total Time": 73.793, "Actual Rows": 56, "Actual Loops": 1, "Hash Buckets": 32768, "Hash Batches": 1, "Original Hash Batches": 1, "Peak Memory Usage": 3, "Plans": [{"Node Type": "Index Scan", "Parent Relationship": "Outer", "Scan Direction": "Forward", "Index Name": "supplier_pkey", "Relation Name": "supplier", "Alias": "supplier", "Startup Cost": 0.0, "Total Cost": 5584.54, "Plan Rows": 10, "Plan Width": 8, "Actual Startup Time": 0.287, "Actual Total Time": 73.734, "Actual Rows": 56, "Actual Loops": 1, "Filter": "((s_comment)::text ~~ '%Customer%Complaints%'::text)", "Rows Removed by Filter": 99944}]}]}]}]}]}, "Triggers": [], "Planner Runtime": 1.433, "Total Runtime": 6961.58, "Unique SQL Id": 1437012347}}, "(64, 66)": {"explain_plan": {"Plan": {"Node Type": "Sort", "Startup Cost": 256366.86, "Total Cost": 256436.2, "Plan Rows": 27736, "Plan Width": 60, "Sort Key": ["(count(partsupp.ps_suppkey)) DESC", "part.p_brand", "part.p_type", "part.p_size"], "Plans": [{"Node Type": "Aggregate", "Strategy": "Hashed", "Parent Relationship": "Outer", "Startup Cost": 254042.65, "Total Cost": 254320.01, "Plan Rows": 27736, "Plan Width": 60, "Group By Key": ["part.p_brand", "part.p_type", "part.p_size"], "Plans": [{"Node Type": "Aggregate", "Strategy": "Hashed", "Parent Relationship": "Outer", "Startup Cost": 253487.93, "Total Cost": 253765.29, "Plan Rows": 27736, "Plan Width": 52, "Group By Key": ["part.p_brand", "part.p_type", "part.p_size", "partsupp.ps_suppkey"], "Plans": [{"Node Type": "Hash Join", "Parent Relationship": "Outer", "Join Type": "Anti", "Startup Cost": 72314.26, "Total Cost": 242805.29, "Plan Rows": 854611, "Plan Width": 44, "Inner Unique": false, "Hash Cond": "(partsupp.ps_suppkey = supplier.s_suppkey), (LLVM Optimized)", "Plans": [{"Node Type": "Streaming(type: LOCAL GATHER dop: 1/64)", "Parent Relationship": "Outer", "Startup Cost": 68781.13, "Total Cost": 228589.41, "Plan Rows": 854625, "Plan Width": 44, "Plans": [{"Node Type": "Hash Join", "Parent Relationship": "Outer", "Join Type": "Inner", "Startup Cost": 68781.13, "Total Cost": 210958.59, "Plan Rows": 854625, "Plan Width": 44, "Inner Unique": false, "Hash Cond": "(part.p_partkey = partsupp.ps_partkey), (LLVM Optimized)", "Plans": [{"Node Type": "Streaming(type: BROADCAST dop: 64/64)", "Parent Relationship": "Outer", "Startup Cost": 0.0, "Total Cost": 139455.29, "Plan Rows": 18934016, "Plan Width": 44, "Plans": [{"Node Type": "Seq Scan", "Parent Relationship": "Outer", "Relation Name": "part", "Alias": "part", "Startup Cost": 0.0, "Total Cost": 64436.62, "Plan Rows": 295844, "Plan Width": 44, "Filter": "((p_brand <> 'Brand#34'::bpchar) AND ((p_type)::text !~~ 'LARGE BRUSHED%'::text) AND (p_size = ANY ('{48,19,12,4,41,7,21,39}'::integer[]))), (LLVM Optimized)"}]}, {"Node Type": "Hash", "Parent Relationship": "Inner", "Startup Cost": 67218.56, "Total Cost": 67218.56, "Plan Rows": 8000372, "Plan Width": 16, "Plans": [{"Node Type": "Seq Scan", "Parent Relationship": "Outer", "Relation Name": "partsupp", "Alias": "partsupp", "Startup Cost": 0.0, "Total Cost": 67218.56, "Plan Rows": 8000372, "Plan Width": 16}]}]}]}, {"Node Type": "Hash", "Parent Relationship": "Inner", "Startup Cost": 3533.0, "Total Cost": 3533.0, "Plan Rows": 10, "Plan Width": 8, "Plans": [{"Node Type": "Seq Scan", "Parent Relationship": "Outer", "Relation Name": "supplier", "Alias": "supplier", "Startup Cost": 0.0, "Total Cost": 3533.0, "Plan Rows": 10, "Plan Width": 8, "Filter": "((s_comment)::text ~~ '%Customer%Complaints%'::text)"}]}]}]}]}]}, "Unique SQL Id": 1437012347}, "explain_analyze_plan": {"Plan": {"Node Type": "Sort", "Startup Cost": 256366.86, "Total Cost": 256436.2, "Plan Rows": 27736, "Plan Width": 60, "Actual Min Startup Time": 4476.752, "Actual Max Startup Time": 4476.752, "Actual Min Total Time": 4479.827, "Actual Max Total Time": 4479.827, "Actual Total Rows": 27838, "Sort Key": ["(count(partsupp.ps_suppkey)) DESC", "part.p_brand", "part.p_type", "part.p_size"], "Sort Method": "quicksort", "Sort Space Min Used": 5082, "Sort Space Max Used": 5082, "Sort Space Type": "Memory", "Plans": [{"Node Type": "Aggregate", "Strategy": "Hashed", "Parent Relationship": "Outer", "Startup Cost": 254042.65, "Total Cost": 254320.01, "Plan Rows": 27736, "Plan Width": 60, "Actual Min Startup Time": 4376.627, "Actual Max Startup Time": 4376.627, "Actual Min Total Time": 4385.931, "Actual Max Total Time": 4385.931, "Actual Total Rows": 27838, "Group By Key": ["part.p_brand", "part.p_type", "part.p_size"], "Plans": [{"Node Type": "Aggregate", "Strategy": "Hashed", "Parent Relationship": "Outer", "Startup Cost": 253487.93, "Total Cost": 253765.29, "Plan Rows": 27736, "Plan Width": 52, "Actual Min Startup Time": 2854.718, "Actual Max Startup Time": 2854.718, "Actual Min Total Time": 3396.575, "Actual Max Total Time": 3396.575, "Actual Total Rows": 1188428, "Group By Key": ["part.p_brand", "part.p_type", "part.p_size", "partsupp.ps_suppkey"], "Plans": [{"Node Type": "Hash Join", "Parent Relationship": "Outer", "Join Type": "Anti", "Startup Cost": 72314.26, "Total Cost": 242805.29, "Plan Rows": 854611, "Plan Width": 44, "Actual Min Startup Time": 308.113, "Actual Max Startup Time": 308.113, "Actual Min Total Time": 1683.887, "Actual Max Total Time": 1683.887, "Actual Total Rows": 1188666, "Inner Unique": false, "Hash Cond": "(partsupp.ps_suppkey = supplier.s_suppkey), (LLVM Optimized, Jit Execute)", "Plans": [{"Node Type": "Streaming(type: LOCAL GATHER dop: 1/64)", "Parent Relationship": "Outer", "Startup Cost": 68781.13, "Total Cost": 228589.41, "Plan Rows": 854625, "Plan Width": 44, "Actual Min Startup Time": 256.615, "Actual Max Startup Time": 256.615, "Actual Min Total Time": 1260.176, "Actual Max Total Time": 1260.176, "Actual Total Rows": 1189344, "Plans": [{"Node Type": "Hash Join", "Parent Relationship": "Outer", "Join Type": "Inner", "Startup Cost": 68781.13, "Total Cost": 210958.59, "Plan Rows": 854625, "Plan Width": 44, "Actual Min Startup Time": 76.809, "Actual Max Startup Time": 276.302, "Actual Min Total Time": 1373.144, "Actual Max Total Time": 1744.056, "Actual Total Rows": 1189344, "Inner Unique": false, "Hash Cond": "(part.p_partkey = partsupp.ps_partkey), (LLVM Optimized, Jit Execute)", "Plans": [{"Node Type": "Streaming(type: BROADCAST dop: 64/64)", "Parent Relationship": "Outer", "Startup Cost": 0.0, "Total Cost": 139455.29, "Plan Rows": 18934016, "Plan Width": 44, "Actual Min Startup Time": 0.115, "Actual Max Startup Time": 1.262, "Actual Min Total Time": 1174.396, "Actual Max Total Time": 1471.854, "Actual Total Rows": 19029504, "Plans": [{"Node Type": "Seq Scan", "Parent Relationship": "Outer", "Relation Name": "part", "Alias": "part", "Startup Cost": 0.0, "Total Cost": 64436.62, "Plan Rows": 295844, "Plan Width": 44, "Actual Min Startup Time": 0.032, "Actual Max Startup Time": 0.08, "Actual Min Total Time": 19.658, "Actual Max Total Time": 32.694, "Actual Total Rows": 297336, "Filter": "((p_brand <> 'Brand#34'::bpchar) AND ((p_type)::text !~~ 'LARGE BRUSHED%'::text) AND (p_size = ANY ('{48,19,12,4,41,7,21,39}'::integer[]))), (LLVM Optimized, Jit Execute)", "Rows Removed by Filter": 1702664}]}, {"Node Type": "Hash", "Parent Relationship": "Inner", "Startup Cost": 67218.56, "Total Cost": 67218.56, "Plan Rows": 8000372, "Plan Width": 16, "Actual Min Startup Time": 75.766, "Actual Max Startup Time": 151.429, "Actual Min Total Time": 75.766, "Actual Max Total Time": 151.429, "Actual Total Rows": 8000000, "Max Hash Buckets": 131072, "Min Hash Buckets": 131072, "Max Hash Batches": 1, "Min Hash Batches": 1, "Max Original Hash Batches": 1, "Min Original Hash Batches": 1, "Max Peak Memory Usage": 5921, "min Peak Memory Usage": 5921, "Plans": [{"Node Type": "Seq Scan", "Parent Relationship": "Outer", "Relation Name": "partsupp", "Alias": "partsupp", "Startup Cost": 0.0, "Total Cost": 67218.56, "Plan Rows": 8000372, "Plan Width": 16, "Actual Min Startup Time": 0.017, "Actual Max Startup Time": 0.034, "Actual Min Total Time": 43.375, "Actual Max Total Time": 54.1, "Actual Total Rows": 8000000}]}]}]}, {"Node Type": "Hash", "Parent Relationship": "Inner", "Startup Cost": 3533.0, "Total Cost": 3533.0, "Plan Rows": 10, "Plan Width": 8, "Actual Min Startup Time": 51.443, "Actual Max Startup Time": 51.443, "Actual Min Total Time": 51.443, "Actual Max Total Time": 51.443, "Actual Total Rows": 56, "Max Hash Buckets": 32768, "Min Hash Buckets": 32768, "Max Hash Batches": 1, "Min Hash Batches": 1, "Max Original Hash Batches": 1, "Min Original Hash Batches": 1, "Max Peak Memory Usage": 3, "min Peak Memory Usage": 3, "Plans": [{"Node Type": "Seq Scan", "Parent Relationship": "Outer", "Relation Name": "supplier", "Alias": "supplier", "Startup Cost": 0.0, "Total Cost": 3533.0, "Plan Rows": 10, "Plan Width": 8, "Actual Min Startup Time": 0.255, "Actual Max Startup Time": 0.255, "Actual Min Total Time": 51.388, "Actual Max Total Time": 51.388, "Actual Total Rows": 56, "Filter": "((s_comment)::text ~~ '%Customer%Complaints%'::text)", "Rows Removed by Filter": 99944}]}]}]}]}]}, "Triggers": [], "Planner Runtime": 1.817, "Total Runtime": 4517.384, "Unique SQL Id": 1437012347}}, "(64, 67)": {"explain_plan": {"Plan": {"Node Type": "Sort", "Startup Cost": 636427.53, "Total Cost": 636496.87, "Plan Rows": 27736, "Plan Width": 60, "Sort Key": ["(count(partsupp.ps_suppkey)) DESC", "part.p_brand", "part.p_type", "part.p_size"], "Plans": [{"Node Type": "Aggregate", "Strategy": "Hashed", "Parent Relationship": "Outer", "Startup Cost": 634103.33, "Total Cost": 634380.69, "Plan Rows": 27736, "Plan Width": 60, "Group By Key": ["part.p_brand", "part.p_type", "part.p_size"], "Plans": [{"Node Type": "Aggregate", "Strategy": "Hashed", "Parent Relationship": "Outer", "Startup Cost": 633548.61, "Total Cost": 633825.97, "Plan Rows": 27736, "Plan Width": 52, "Group By Key": ["part.p_brand", "part.p_type", "part.p_size", "partsupp.ps_suppkey"], "Plans": [{"Node Type": "Hash Join", "Parent Relationship": "Outer", "Join Type": "Anti", "Startup Cost": 303647.84, "Total Cost": 622865.97, "Plan Rows": 854611, "Plan Width": 44, "Inner Unique": false, "Hash Cond": "(partsupp.ps_suppkey = supplier.s_suppkey), (LLVM Optimized)", "Plans": [{"Node Type": "Hash Join", "Parent Relationship": "Outer", "Join Type": "Inner", "Startup Cost": 298066.46, "Total Cost": 606601.83, "Plan Rows": 854625, "Plan Width": 44, "Inner Unique": true, "Hash Cond": "(partsupp.ps_partkey = part.p_partkey), (LLVM Optimized)", "Plans": [{"Node Type": "Bitmap Heap Scan", "Parent Relationship": "Outer", "Relation Name": "partsupp", "Alias": "partsupp", "Startup Cost": 163494.2, "Total Cost": 433481.92, "Plan Rows": 8000372, "Plan Width": 16, "Plans": [{"Node Type": "Bitmap Index Scan", "Parent Relationship": "Outer", "Index Name": "idx_partsupp_partkey", "Startup Cost": 0.0, "Total Cost": 161494.11, "Plan Rows": 8000372, "Plan Width": 0}]}, {"Node Type": "Hash", "Parent Relationship": "Inner", "Startup Cost": 130874.21, "Total Cost": 130874.21, "Plan Rows": 295844, "Plan Width": 44, "Plans": [{"Node Type": "Bitmap Heap Scan", "Parent Relationship": "Outer", "Relation Name": "part", "Alias": "part", "Startup Cost": 38930.21, "Total Cost": 130874.21, "Plan Rows": 295844, "Plan Width": 44, "Filter": "((p_brand <> 'Brand#34'::bpchar) AND ((p_type)::text !~~ 'LARGE BRUSHED%'::text) AND (p_size = ANY ('{48,19,12,4,41,7,21,39}'::integer[]))), (LLVM Optimized)", "Plans": [{"Node Type": "Bitmap Index Scan", "Parent Relationship": "Outer", "Index Name": "part_kpey", "Startup Cost": 0.0, "Total Cost": 38856.25, "Plan Rows": 2000000, "Plan Width": 0}]}]}]}, {"Node Type": "Hash", "Parent Relationship": "Inner", "Startup Cost": 5581.25, "Total Cost": 5581.25, "Plan Rows": 10, "Plan Width": 8, "Plans": [{"Node Type": "Bitmap Heap Scan", "Parent Relationship": "Outer", "Relation Name": "supplier", "Alias": "supplier", "Startup Cost": 2048.25, "Total Cost": 5581.25, "Plan Rows": 10, "Plan Width": 8, "Filter": "((s_comment)::text ~~ '%Customer%Complaints%'::text)", "Plans": [{"Node Type": "Bitmap Index Scan", "Parent Relationship": "Outer", "Index Name": "supplier_pkey", "Startup Cost": 0.0, "Total Cost": 2048.25, "Plan Rows": 100000, "Plan Width": 0}]}]}]}]}]}]}, "Unique SQL Id": 1437012347}, "explain_analyze_plan": null}, "(64, 68)": {"explain_plan": {"Plan": {"Node Type": "Sort", "Startup Cost": 256366.86, "Total Cost": 256436.2, "Plan Rows": 27736, "Plan Width": 60, "Sort Key": ["(count(partsupp.ps_suppkey)) DESC", "part.p_brand", "part.p_type", "part.p_size"], "Plans": [{"Node Type": "Aggregate", "Strategy": "Hashed", "Parent Relationship": "Outer", "Startup Cost": 254042.65, "Total Cost": 254320.01, "Plan Rows": 27736, "Plan Width": 60, "Group By Key": ["part.p_brand", "part.p_type", "part.p_size"], "Plans": [{"Node Type": "Aggregate", "Strategy": "Hashed", "Parent Relationship": "Outer", "Startup Cost": 253487.93, "Total Cost": 253765.29, "Plan Rows": 27736, "Plan Width": 52, "Group By Key": ["part.p_brand", "part.p_type", "part.p_size", "partsupp.ps_suppkey"], "Plans": [{"Node Type": "Hash Join", "Parent Relationship": "Outer", "Join Type": "Anti", "Startup Cost": 72314.26, "Total Cost": 242805.29, "Plan Rows": 854611, "Plan Width": 44, "Inner Unique": false, "Hash Cond": "(partsupp.ps_suppkey = supplier.s_suppkey), (LLVM Optimized)", "Plans": [{"Node Type": "Streaming(type: LOCAL GATHER dop: 1/64)", "Parent Relationship": "Outer", "Startup Cost": 68781.13, "Total Cost": 228589.41, "Plan Rows": 854625, "Plan Width": 44, "Plans": [{"Node Type": "Hash Join", "Parent Relationship": "Outer", "Join Type": "Inner", "Startup Cost": 68781.13, "Total Cost": 210958.59, "Plan Rows": 854625, "Plan Width": 44, "Inner Unique": false, "Hash Cond": "(part.p_partkey = partsupp.ps_partkey), (LLVM Optimized)", "Plans": [{"Node Type": "Streaming(type: BROADCAST dop: 64/64)", "Parent Relationship": "Outer", "Startup Cost": 0.0, "Total Cost": 139455.29, "Plan Rows": 18934016, "Plan Width": 44, "Plans": [{"Node Type": "Seq Scan", "Parent Relationship": "Outer", "Relation Name": "part", "Alias": "part", "Startup Cost": 0.0, "Total Cost": 64436.62, "Plan Rows": 295844, "Plan Width": 44, "Filter": "((p_brand <> 'Brand#34'::bpchar) AND ((p_type)::text !~~ 'LARGE BRUSHED%'::text) AND (p_size = ANY ('{48,19,12,4,41,7,21,39}'::integer[]))), (LLVM Optimized)"}]}, {"Node Type": "Hash", "Parent Relationship": "Inner", "Startup Cost": 67218.56, "Total Cost": 67218.56, "Plan Rows": 8000372, "Plan Width": 16, "Plans": [{"Node Type": "Seq Scan", "Parent Relationship": "Outer", "Relation Name": "partsupp", "Alias": "partsupp", "Startup Cost": 0.0, "Total Cost": 67218.56, "Plan Rows": 8000372, "Plan Width": 16}]}]}]}, {"Node Type": "Hash", "Parent Relationship": "Inner", "Startup Cost": 3533.0, "Total Cost": 3533.0, "Plan Rows": 10, "Plan Width": 8, "Plans": [{"Node Type": "Seq Scan", "Parent Relationship": "Outer", "Relation Name": "supplier", "Alias": "supplier", "Startup Cost": 0.0, "Total Cost": 3533.0, "Plan Rows": 10, "Plan Width": 8, "Filter": "((s_comment)::text ~~ '%Customer%Complaints%'::text)"}]}]}]}]}]}, "Unique SQL Id": 1437012347}, "explain_analyze_plan": {"Plan": {"Node Type": "Sort", "Startup Cost": 256366.86, "Total Cost": 256436.2, "Plan Rows": 27736, "Plan Width": 60, "Actual Min Startup Time": 4476.752, "Actual Max Startup Time": 4476.752, "Actual Min Total Time": 4479.827, "Actual Max Total Time": 4479.827, "Actual Total Rows": 27838, "Sort Key": ["(count(partsupp.ps_suppkey)) DESC", "part.p_brand", "part.p_type", "part.p_size"], "Sort Method": "quicksort", "Sort Space Min Used": 5082, "Sort Space Max Used": 5082, "Sort Space Type": "Memory", "Plans": [{"Node Type": "Aggregate", "Strategy": "Hashed", "Parent Relationship": "Outer", "Startup Cost": 254042.65, "Total Cost": 254320.01, "Plan Rows": 27736, "Plan Width": 60, "Actual Min Startup Time": 4376.627, "Actual Max Startup Time": 4376.627, "Actual Min Total Time": 4385.931, "Actual Max Total Time": 4385.931, "Actual Total Rows": 27838, "Group By Key": ["part.p_brand", "part.p_type", "part.p_size"], "Plans": [{"Node Type": "Aggregate", "Strategy": "Hashed", "Parent Relationship": "Outer", "Startup Cost": 253487.93, "Total Cost": 253765.29, "Plan Rows": 27736, "Plan Width": 52, "Actual Min Startup Time": 2854.718, "Actual Max Startup Time": 2854.718, "Actual Min Total Time": 3396.575, "Actual Max Total Time": 3396.575, "Actual Total Rows": 1188428, "Group By Key": ["part.p_brand", "part.p_type", "part.p_size", "partsupp.ps_suppkey"], "Plans": [{"Node Type": "Hash Join", "Parent Relationship": "Outer", "Join Type": "Anti", "Startup Cost": 72314.26, "Total Cost": 242805.29, "Plan Rows": 854611, "Plan Width": 44, "Actual Min Startup Time": 308.113, "Actual Max Startup Time": 308.113, "Actual Min Total Time": 1683.887, "Actual Max Total Time": 1683.887, "Actual Total Rows": 1188666, "Inner Unique": false, "Hash Cond": "(partsupp.ps_suppkey = supplier.s_suppkey), (LLVM Optimized, Jit Execute)", "Plans": [{"Node Type": "Streaming(type: LOCAL GATHER dop: 1/64)", "Parent Relationship": "Outer", "Startup Cost": 68781.13, "Total Cost": 228589.41, "Plan Rows": 854625, "Plan Width": 44, "Actual Min Startup Time": 256.615, "Actual Max Startup Time": 256.615, "Actual Min Total Time": 1260.176, "Actual Max Total Time": 1260.176, "Actual Total Rows": 1189344, "Plans": [{"Node Type": "Hash Join", "Parent Relationship": "Outer", "Join Type": "Inner", "Startup Cost": 68781.13, "Total Cost": 210958.59, "Plan Rows": 854625, "Plan Width": 44, "Actual Min Startup Time": 76.809, "Actual Max Startup Time": 276.302, "Actual Min Total Time": 1373.144, "Actual Max Total Time": 1744.056, "Actual Total Rows": 1189344, "Inner Unique": false, "Hash Cond": "(part.p_partkey = partsupp.ps_partkey), (LLVM Optimized, Jit Execute)", "Plans": [{"Node Type": "Streaming(type: BROADCAST dop: 64/64)", "Parent Relationship": "Outer", "Startup Cost": 0.0, "Total Cost": 139455.29, "Plan Rows": 18934016, "Plan Width": 44, "Actual Min Startup Time": 0.115, "Actual Max Startup Time": 1.262, "Actual Min Total Time": 1174.396, "Actual Max Total Time": 1471.854, "Actual Total Rows": 19029504, "Plans": [{"Node Type": "Seq Scan", "Parent Relationship": "Outer", "Relation Name": "part", "Alias": "part", "Startup Cost": 0.0, "Total Cost": 64436.62, "Plan Rows": 295844, "Plan Width": 44, "Actual Min Startup Time": 0.032, "Actual Max Startup Time": 0.08, "Actual Min Total Time": 19.658, "Actual Max Total Time": 32.694, "Actual Total Rows": 297336, "Filter": "((p_brand <> 'Brand#34'::bpchar) AND ((p_type)::text !~~ 'LARGE BRUSHED%'::text) AND (p_size = ANY ('{48,19,12,4,41,7,21,39}'::integer[]))), (LLVM Optimized, Jit Execute)", "Rows Removed by Filter": 1702664}]}, {"Node Type": "Hash", "Parent Relationship": "Inner", "Startup Cost": 67218.56, "Total Cost": 67218.56, "Plan Rows": 8000372, "Plan Width": 16, "Actual Min Startup Time": 75.766, "Actual Max Startup Time": 151.429, "Actual Min Total Time": 75.766, "Actual Max Total Time": 151.429, "Actual Total Rows": 8000000, "Max Hash Buckets": 131072, "Min Hash Buckets": 131072, "Max Hash Batches": 1, "Min Hash Batches": 1, "Max Original Hash Batches": 1, "Min Original Hash Batches": 1, "Max Peak Memory Usage": 5921, "min Peak Memory Usage": 5921, "Plans": [{"Node Type": "Seq Scan", "Parent Relationship": "Outer", "Relation Name": "partsupp", "Alias": "partsupp", "Startup Cost": 0.0, "Total Cost": 67218.56, "Plan Rows": 8000372, "Plan Width": 16, "Actual Min Startup Time": 0.017, "Actual Max Startup Time": 0.034, "Actual Min Total Time": 43.375, "Actual Max Total Time": 54.1, "Actual Total Rows": 8000000}]}]}]}, {"Node Type": "Hash", "Parent Relationship": "Inner", "Startup Cost": 3533.0, "Total Cost": 3533.0, "Plan Rows": 10, "Plan Width": 8, "Actual Min Startup Time": 51.443, "Actual Max Startup Time": 51.443, "Actual Min Total Time": 51.443, "Actual Max Total Time": 51.443, "Actual Total Rows": 56, "Max Hash Buckets": 32768, "Min Hash Buckets": 32768, "Max Hash Batches": 1, "Min Hash Batches": 1, "Max Original Hash Batches": 1, "Min Original Hash Batches": 1, "Max Peak Memory Usage": 3, "min Peak Memory Usage": 3, "Plans": [{"Node Type": "Seq Scan", "Parent Relationship": "Outer", "Relation Name": "supplier", "Alias": "supplier", "Startup Cost": 0.0, "Total Cost": 3533.0, "Plan Rows": 10, "Plan Width": 8, "Actual Min Startup Time": 0.255, "Actual Max Startup Time": 0.255, "Actual Min Total Time": 51.388, "Actual Max Total Time": 51.388, "Actual Total Rows": 56, "Filter": "((s_comment)::text ~~ '%Customer%Complaints%'::text)", "Rows Removed by Filter": 99944}]}]}]}]}]}, "Triggers": [], "Planner Runtime": 1.817, "Total Runtime": 4517.384, "Unique SQL Id": 1437012347}}, "(64, 69)": {"explain_plan": {"Plan": {"Node Type": "Sort", "Startup Cost": 621402.66, "Total Cost": 621472.0, "Plan Rows": 27736, "Plan Width": 60, "Sort Key": ["(count(partsupp.ps_suppkey)) DESC", "part.p_brand", "part.p_type", "part.p_size"], "Plans": [{"Node Type": "Aggregate", "Strategy": "Hashed", "Parent Relationship": "Outer", "Startup Cost": 619078.46, "Total Cost": 619355.82, "Plan Rows": 27736, "Plan Width": 60, "Group By Key": ["part.p_brand", "part.p_type", "part.p_size"], "Plans": [{"Node Type": "Aggregate", "Strategy": "Hashed", "Parent Relationship": "Outer", "Startup Cost": 618523.74, "Total Cost": 618801.1, "Plan Rows": 27736, "Plan Width": 52, "Group By Key": ["part.p_brand", "part.p_type", "part.p_size", "partsupp.ps_suppkey"], "Plans": [{"Node Type": "Hash Join", "Parent Relationship": "Outer", "Join Type": "Anti", "Startup Cost": 5592.57, "Total Cost": 607841.1, "Plan Rows": 854611, "Plan Width": 44, "Inner Unique": false, "Hash Cond": "(partsupp.ps_suppkey = supplier.s_suppkey), (LLVM Optimized)", "Plans": [{"Node Type": "Merge Join", "Parent Relationship": "Outer", "Join Type": "Inner", "Startup Cost": 7.9, "Total Cost": 591568.41, "Plan Rows": 854625, "Plan Width": 44, "Inner Unique": false, "Merge Cond": "(part.p_partkey = partsupp.ps_partkey)", "Plans": [{"Node Type": "Index Scan", "Parent Relationship": "Outer", "Scan Direction": "Forward", "Index Name": "part_kpey", "Relation Name": "part", "Alias": "part", "Startup Cost": 0.0, "Total Cost": 130803.25, "Plan Rows": 295844, "Plan Width": 44, "Filter": "((p_brand <> 'Brand#34'::bpchar) AND ((p_type)::text !~~ 'LARGE BRUSHED%'::text) AND (p_size = ANY ('{48,19,12,4,41,7,21,39}'::integer[]))), (LLVM Optimized)"}, {"Node Type": "Index Scan", "Parent Relationship": "Inner", "Scan Direction": "Forward", "Index Name": "idx_partsupp_partkey", "Relation Name": "partsupp", "Alias": "partsupp", "Startup Cost": 0.0, "Total Cost": 431485.03, "Plan Rows": 8000372, "Plan Width": 16}]}, {"Node Type": "Hash", "Parent Relationship": "Inner", "Startup Cost": 5584.54, "Total Cost": 5584.54, "Plan Rows": 10, "Plan Width": 8, "Plans": [{"Node Type": "Index Scan", "Parent Relationship": "Outer", "Scan Direction": "Forward", "Index Name": "supplier_pkey", "Relation Name": "supplier", "Alias": "supplier", "Startup Cost": 0.0, "Total Cost": 5584.54, "Plan Rows": 10, "Plan Width": 8, "Filter": "((s_comment)::text ~~ '%Customer%Complaints%'::text)"}]}]}]}]}]}, "Unique SQL Id": 1437012347}, "explain_analyze_plan": null}, "(64, 70)": {"explain_plan": {"Plan": {"Node Type": "Sort", "Startup Cost": 256366.86, "Total Cost": 256436.2, "Plan Rows": 27736, "Plan Width": 60, "Sort Key": ["(count(partsupp.ps_suppkey)) DESC", "part.p_brand", "part.p_type", "part.p_size"], "Plans": [{"Node Type": "Aggregate", "Strategy": "Hashed", "Parent Relationship": "Outer", "Startup Cost": 254042.65, "Total Cost": 254320.01, "Plan Rows": 27736, "Plan Width": 60, "Group By Key": ["part.p_brand", "part.p_type", "part.p_size"], "Plans": [{"Node Type": "Aggregate", "Strategy": "Hashed", "Parent Relationship": "Outer", "Startup Cost": 253487.93, "Total Cost": 253765.29, "Plan Rows": 27736, "Plan Width": 52, "Group By Key": ["part.p_brand", "part.p_type", "part.p_size", "partsupp.ps_suppkey"], "Plans": [{"Node Type": "Hash Join", "Parent Relationship": "Outer", "Join Type": "Anti", "Startup Cost": 72314.26, "Total Cost": 242805.29, "Plan Rows": 854611, "Plan Width": 44, "Inner Unique": false, "Hash Cond": "(partsupp.ps_suppkey = supplier.s_suppkey), (LLVM Optimized)", "Plans": [{"Node Type": "Streaming(type: LOCAL GATHER dop: 1/64)", "Parent Relationship": "Outer", "Startup Cost": 68781.13, "Total Cost": 228589.41, "Plan Rows": 854625, "Plan Width": 44, "Plans": [{"Node Type": "Hash Join", "Parent Relationship": "Outer", "Join Type": "Inner", "Startup Cost": 68781.13, "Total Cost": 210958.59, "Plan Rows": 854625, "Plan Width": 44, "Inner Unique": false, "Hash Cond": "(part.p_partkey = partsupp.ps_partkey), (LLVM Optimized)", "Plans": [{"Node Type": "Streaming(type: BROADCAST dop: 64/64)", "Parent Relationship": "Outer", "Startup Cost": 0.0, "Total Cost": 139455.29, "Plan Rows": 18934016, "Plan Width": 44, "Plans": [{"Node Type": "Seq Scan", "Parent Relationship": "Outer", "Relation Name": "part", "Alias": "part", "Startup Cost": 0.0, "Total Cost": 64436.62, "Plan Rows": 295844, "Plan Width": 44, "Filter": "((p_brand <> 'Brand#34'::bpchar) AND ((p_type)::text !~~ 'LARGE BRUSHED%'::text) AND (p_size = ANY ('{48,19,12,4,41,7,21,39}'::integer[]))), (LLVM Optimized)"}]}, {"Node Type": "Hash", "Parent Relationship": "Inner", "Startup Cost": 67218.56, "Total Cost": 67218.56, "Plan Rows": 8000372, "Plan Width": 16, "Plans": [{"Node Type": "Seq Scan", "Parent Relationship": "Outer", "Relation Name": "partsupp", "Alias": "partsupp", "Startup Cost": 0.0, "Total Cost": 67218.56, "Plan Rows": 8000372, "Plan Width": 16}]}]}]}, {"Node Type": "Hash", "Parent Relationship": "Inner", "Startup Cost": 3533.0, "Total Cost": 3533.0, "Plan Rows": 10, "Plan Width": 8, "Plans": [{"Node Type": "Seq Scan", "Parent Relationship": "Outer", "Relation Name": "supplier", "Alias": "supplier", "Startup Cost": 0.0, "Total Cost": 3533.0, "Plan Rows": 10, "Plan Width": 8, "Filter": "((s_comment)::text ~~ '%Customer%Complaints%'::text)"}]}]}]}]}]}, "Unique SQL Id": 1437012347}, "explain_analyze_plan": {"Plan": {"Node Type": "Sort", "Startup Cost": 256366.86, "Total Cost": 256436.2, "Plan Rows": 27736, "Plan Width": 60, "Actual Min Startup Time": 4476.752, "Actual Max Startup Time": 4476.752, "Actual Min Total Time": 4479.827, "Actual Max Total Time": 4479.827, "Actual Total Rows": 27838, "Sort Key": ["(count(partsupp.ps_suppkey)) DESC", "part.p_brand", "part.p_type", "part.p_size"], "Sort Method": "quicksort", "Sort Space Min Used": 5082, "Sort Space Max Used": 5082, "Sort Space Type": "Memory", "Plans": [{"Node Type": "Aggregate", "Strategy": "Hashed", "Parent Relationship": "Outer", "Startup Cost": 254042.65, "Total Cost": 254320.01, "Plan Rows": 27736, "Plan Width": 60, "Actual Min Startup Time": 4376.627, "Actual Max Startup Time": 4376.627, "Actual Min Total Time": 4385.931, "Actual Max Total Time": 4385.931, "Actual Total Rows": 27838, "Group By Key": ["part.p_brand", "part.p_type", "part.p_size"], "Plans": [{"Node Type": "Aggregate", "Strategy": "Hashed", "Parent Relationship": "Outer", "Startup Cost": 253487.93, "Total Cost": 253765.29, "Plan Rows": 27736, "Plan Width": 52, "Actual Min Startup Time": 2854.718, "Actual Max Startup Time": 2854.718, "Actual Min Total Time": 3396.575, "Actual Max Total Time": 3396.575, "Actual Total Rows": 1188428, "Group By Key": ["part.p_brand", "part.p_type", "part.p_size", "partsupp.ps_suppkey"], "Plans": [{"Node Type": "Hash Join", "Parent Relationship": "Outer", "Join Type": "Anti", "Startup Cost": 72314.26, "Total Cost": 242805.29, "Plan Rows": 854611, "Plan Width": 44, "Actual Min Startup Time": 308.113, "Actual Max Startup Time": 308.113, "Actual Min Total Time": 1683.887, "Actual Max Total Time": 1683.887, "Actual Total Rows": 1188666, "Inner Unique": false, "Hash Cond": "(partsupp.ps_suppkey = supplier.s_suppkey), (LLVM Optimized, Jit Execute)", "Plans": [{"Node Type": "Streaming(type: LOCAL GATHER dop: 1/64)", "Parent Relationship": "Outer", "Startup Cost": 68781.13, "Total Cost": 228589.41, "Plan Rows": 854625, "Plan Width": 44, "Actual Min Startup Time": 256.615, "Actual Max Startup Time": 256.615, "Actual Min Total Time": 1260.176, "Actual Max Total Time": 1260.176, "Actual Total Rows": 1189344, "Plans": [{"Node Type": "Hash Join", "Parent Relationship": "Outer", "Join Type": "Inner", "Startup Cost": 68781.13, "Total Cost": 210958.59, "Plan Rows": 854625, "Plan Width": 44, "Actual Min Startup Time": 76.809, "Actual Max Startup Time": 276.302, "Actual Min Total Time": 1373.144, "Actual Max Total Time": 1744.056, "Actual Total Rows": 1189344, "Inner Unique": false, "Hash Cond": "(part.p_partkey = partsupp.ps_partkey), (LLVM Optimized, Jit Execute)", "Plans": [{"Node Type": "Streaming(type: BROADCAST dop: 64/64)", "Parent Relationship": "Outer", "Startup Cost": 0.0, "Total Cost": 139455.29, "Plan Rows": 18934016, "Plan Width": 44, "Actual Min Startup Time": 0.115, "Actual Max Startup Time": 1.262, "Actual Min Total Time": 1174.396, "Actual Max Total Time": 1471.854, "Actual Total Rows": 19029504, "Plans": [{"Node Type": "Seq Scan", "Parent Relationship": "Outer", "Relation Name": "part", "Alias": "part", "Startup Cost": 0.0, "Total Cost": 64436.62, "Plan Rows": 295844, "Plan Width": 44, "Actual Min Startup Time": 0.032, "Actual Max Startup Time": 0.08, "Actual Min Total Time": 19.658, "Actual Max Total Time": 32.694, "Actual Total Rows": 297336, "Filter": "((p_brand <> 'Brand#34'::bpchar) AND ((p_type)::text !~~ 'LARGE BRUSHED%'::text) AND (p_size = ANY ('{48,19,12,4,41,7,21,39}'::integer[]))), (LLVM Optimized, Jit Execute)", "Rows Removed by Filter": 1702664}]}, {"Node Type": "Hash", "Parent Relationship": "Inner", "Startup Cost": 67218.56, "Total Cost": 67218.56, "Plan Rows": 8000372, "Plan Width": 16, "Actual Min Startup Time": 75.766, "Actual Max Startup Time": 151.429, "Actual Min Total Time": 75.766, "Actual Max Total Time": 151.429, "Actual Total Rows": 8000000, "Max Hash Buckets": 131072, "Min Hash Buckets": 131072, "Max Hash Batches": 1, "Min Hash Batches": 1, "Max Original Hash Batches": 1, "Min Original Hash Batches": 1, "Max Peak Memory Usage": 5921, "min Peak Memory Usage": 5921, "Plans": [{"Node Type": "Seq Scan", "Parent Relationship": "Outer", "Relation Name": "partsupp", "Alias": "partsupp", "Startup Cost": 0.0, "Total Cost": 67218.56, "Plan Rows": 8000372, "Plan Width": 16, "Actual Min Startup Time": 0.017, "Actual Max Startup Time": 0.034, "Actual Min Total Time": 43.375, "Actual Max Total Time": 54.1, "Actual Total Rows": 8000000}]}]}]}, {"Node Type": "Hash", "Parent Relationship": "Inner", "Startup Cost": 3533.0, "Total Cost": 3533.0, "Plan Rows": 10, "Plan Width": 8, "Actual Min Startup Time": 51.443, "Actual Max Startup Time": 51.443, "Actual Min Total Time": 51.443, "Actual Max Total Time": 51.443, "Actual Total Rows": 56, "Max Hash Buckets": 32768, "Min Hash Buckets": 32768, "Max Hash Batches": 1, "Min Hash Batches": 1, "Max Original Hash Batches": 1, "Min Original Hash Batches": 1, "Max Peak Memory Usage": 3, "min Peak Memory Usage": 3, "Plans": [{"Node Type": "Seq Scan", "Parent Relationship": "Outer", "Relation Name": "supplier", "Alias": "supplier", "Startup Cost": 0.0, "Total Cost": 3533.0, "Plan Rows": 10, "Plan Width": 8, "Actual Min Startup Time": 0.255, "Actual Max Startup Time": 0.255, "Actual Min Total Time": 51.388, "Actual Max Total Time": 51.388, "Actual Total Rows": 56, "Filter": "((s_comment)::text ~~ '%Customer%Complaints%'::text)", "Rows Removed by Filter": 99944}]}]}]}]}]}, "Triggers": [], "Planner Runtime": 1.817, "Total Runtime": 4517.384, "Unique SQL Id": 1437012347}}, "(64, 71)": {"explain_plan": {"Plan": {"Node Type": "Sort", "Startup Cost": 636427.53, "Total Cost": 636496.87, "Plan Rows": 27736, "Plan Width": 60, "Sort Key": ["(count(partsupp.ps_suppkey)) DESC", "part.p_brand", "part.p_type", "part.p_size"], "Plans": [{"Node Type": "Aggregate", "Strategy": "Hashed", "Parent Relationship": "Outer", "Startup Cost": 634103.33, "Total Cost": 634380.69, "Plan Rows": 27736, "Plan Width": 60, "Group By Key": ["part.p_brand", "part.p_type", "part.p_size"], "Plans": [{"Node Type": "Aggregate", "Strategy": "Hashed", "Parent Relationship": "Outer", "Startup Cost": 633548.61, "Total Cost": 633825.97, "Plan Rows": 27736, "Plan Width": 52, "Group By Key": ["part.p_brand", "part.p_type", "part.p_size", "partsupp.ps_suppkey"], "Plans": [{"Node Type": "Hash Join", "Parent Relationship": "Outer", "Join Type": "Anti", "Startup Cost": 303647.84, "Total Cost": 622865.97, "Plan Rows": 854611, "Plan Width": 44, "Inner Unique": false, "Hash Cond": "(partsupp.ps_suppkey = supplier.s_suppkey), (LLVM Optimized)", "Plans": [{"Node Type": "Hash Join", "Parent Relationship": "Outer", "Join Type": "Inner", "Startup Cost": 298066.46, "Total Cost": 606601.83, "Plan Rows": 854625, "Plan Width": 44, "Inner Unique": true, "Hash Cond": "(partsupp.ps_partkey = part.p_partkey), (LLVM Optimized)", "Plans": [{"Node Type": "Bitmap Heap Scan", "Parent Relationship": "Outer", "Relation Name": "partsupp", "Alias": "partsupp", "Startup Cost": 163494.2, "Total Cost": 433481.92, "Plan Rows": 8000372, "Plan Width": 16, "Plans": [{"Node Type": "Bitmap Index Scan", "Parent Relationship": "Outer", "Index Name": "idx_partsupp_partkey", "Startup Cost": 0.0, "Total Cost": 161494.11, "Plan Rows": 8000372, "Plan Width": 0}]}, {"Node Type": "Hash", "Parent Relationship": "Inner", "Startup Cost": 130874.21, "Total Cost": 130874.21, "Plan Rows": 295844, "Plan Width": 44, "Plans": [{"Node Type": "Bitmap Heap Scan", "Parent Relationship": "Outer", "Relation Name": "part", "Alias": "part", "Startup Cost": 38930.21, "Total Cost": 130874.21, "Plan Rows": 295844, "Plan Width": 44, "Filter": "((p_brand <> 'Brand#34'::bpchar) AND ((p_type)::text !~~ 'LARGE BRUSHED%'::text) AND (p_size = ANY ('{48,19,12,4,41,7,21,39}'::integer[]))), (LLVM Optimized)", "Plans": [{"Node Type": "Bitmap Index Scan", "Parent Relationship": "Outer", "Index Name": "part_kpey", "Startup Cost": 0.0, "Total Cost": 38856.25, "Plan Rows": 2000000, "Plan Width": 0}]}]}]}, {"Node Type": "Hash", "Parent Relationship": "Inner", "Startup Cost": 5581.25, "Total Cost": 5581.25, "Plan Rows": 10, "Plan Width": 8, "Plans": [{"Node Type": "Bitmap Heap Scan", "Parent Relationship": "Outer", "Relation Name": "supplier", "Alias": "supplier", "Startup Cost": 2048.25, "Total Cost": 5581.25, "Plan Rows": 10, "Plan Width": 8, "Filter": "((s_comment)::text ~~ '%Customer%Complaints%'::text)", "Plans": [{"Node Type": "Bitmap Index Scan", "Parent Relationship": "Outer", "Index Name": "supplier_pkey", "Startup Cost": 0.0, "Total Cost": 2048.25, "Plan Rows": 100000, "Plan Width": 0}]}]}]}]}]}]}, "Unique SQL Id": 1437012347}, "explain_analyze_plan": null}, "(64, 72)": {"explain_plan": {"Plan": {"Node Type": "Sort", "Startup Cost": 256366.86, "Total Cost": 256436.2, "Plan Rows": 27736, "Plan Width": 60, "Sort Key": ["(count(partsupp.ps_suppkey)) DESC", "part.p_brand", "part.p_type", "part.p_size"], "Plans": [{"Node Type": "Aggregate", "Strategy": "Hashed", "Parent Relationship": "Outer", "Startup Cost": 254042.65, "Total Cost": 254320.01, "Plan Rows": 27736, "Plan Width": 60, "Group By Key": ["part.p_brand", "part.p_type", "part.p_size"], "Plans": [{"Node Type": "Aggregate", "Strategy": "Hashed", "Parent Relationship": "Outer", "Startup Cost": 253487.93, "Total Cost": 253765.29, "Plan Rows": 27736, "Plan Width": 52, "Group By Key": ["part.p_brand", "part.p_type", "part.p_size", "partsupp.ps_suppkey"], "Plans": [{"Node Type": "Hash Join", "Parent Relationship": "Outer", "Join Type": "Anti", "Startup Cost": 72314.26, "Total Cost": 242805.29, "Plan Rows": 854611, "Plan Width": 44, "Inner Unique": false, "Hash Cond": "(partsupp.ps_suppkey = supplier.s_suppkey), (LLVM Optimized)", "Plans": [{"Node Type": "Streaming(type: LOCAL GATHER dop: 1/64)", "Parent Relationship": "Outer", "Startup Cost": 68781.13, "Total Cost": 228589.41, "Plan Rows": 854625, "Plan Width": 44, "Plans": [{"Node Type": "Hash Join", "Parent Relationship": "Outer", "Join Type": "Inner", "Startup Cost": 68781.13, "Total Cost": 210958.59, "Plan Rows": 854625, "Plan Width": 44, "Inner Unique": false, "Hash Cond": "(part.p_partkey = partsupp.ps_partkey), (LLVM Optimized)", "Plans": [{"Node Type": "Streaming(type: BROADCAST dop: 64/64)", "Parent Relationship": "Outer", "Startup Cost": 0.0, "Total Cost": 139455.29, "Plan Rows": 18934016, "Plan Width": 44, "Plans": [{"Node Type": "Seq Scan", "Parent Relationship": "Outer", "Relation Name": "part", "Alias": "part", "Startup Cost": 0.0, "Total Cost": 64436.62, "Plan Rows": 295844, "Plan Width": 44, "Filter": "((p_brand <> 'Brand#34'::bpchar) AND ((p_type)::text !~~ 'LARGE BRUSHED%'::text) AND (p_size = ANY ('{48,19,12,4,41,7,21,39}'::integer[]))), (LLVM Optimized)"}]}, {"Node Type": "Hash", "Parent Relationship": "Inner", "Startup Cost": 67218.56, "Total Cost": 67218.56, "Plan Rows": 8000372, "Plan Width": 16, "Plans": [{"Node Type": "Seq Scan", "Parent Relationship": "Outer", "Relation Name": "partsupp", "Alias": "partsupp", "Startup Cost": 0.0, "Total Cost": 67218.56, "Plan Rows": 8000372, "Plan Width": 16}]}]}]}, {"Node Type": "Hash", "Parent Relationship": "Inner", "Startup Cost": 3533.0, "Total Cost": 3533.0, "Plan Rows": 10, "Plan Width": 8, "Plans": [{"Node Type": "Seq Scan", "Parent Relationship": "Outer", "Relation Name": "supplier", "Alias": "supplier", "Startup Cost": 0.0, "Total Cost": 3533.0, "Plan Rows": 10, "Plan Width": 8, "Filter": "((s_comment)::text ~~ '%Customer%Complaints%'::text)"}]}]}]}]}]}, "Unique SQL Id": 1437012347}, "explain_analyze_plan": {"Plan": {"Node Type": "Sort", "Startup Cost": 256366.86, "Total Cost": 256436.2, "Plan Rows": 27736, "Plan Width": 60, "Actual Min Startup Time": 4476.752, "Actual Max Startup Time": 4476.752, "Actual Min Total Time": 4479.827, "Actual Max Total Time": 4479.827, "Actual Total Rows": 27838, "Sort Key": ["(count(partsupp.ps_suppkey)) DESC", "part.p_brand", "part.p_type", "part.p_size"], "Sort Method": "quicksort", "Sort Space Min Used": 5082, "Sort Space Max Used": 5082, "Sort Space Type": "Memory", "Plans": [{"Node Type": "Aggregate", "Strategy": "Hashed", "Parent Relationship": "Outer", "Startup Cost": 254042.65, "Total Cost": 254320.01, "Plan Rows": 27736, "Plan Width": 60, "Actual Min Startup Time": 4376.627, "Actual Max Startup Time": 4376.627, "Actual Min Total Time": 4385.931, "Actual Max Total Time": 4385.931, "Actual Total Rows": 27838, "Group By Key": ["part.p_brand", "part.p_type", "part.p_size"], "Plans": [{"Node Type": "Aggregate", "Strategy": "Hashed", "Parent Relationship": "Outer", "Startup Cost": 253487.93, "Total Cost": 253765.29, "Plan Rows": 27736, "Plan Width": 52, "Actual Min Startup Time": 2854.718, "Actual Max Startup Time": 2854.718, "Actual Min Total Time": 3396.575, "Actual Max Total Time": 3396.575, "Actual Total Rows": 1188428, "Group By Key": ["part.p_brand", "part.p_type", "part.p_size", "partsupp.ps_suppkey"], "Plans": [{"Node Type": "Hash Join", "Parent Relationship": "Outer", "Join Type": "Anti", "Startup Cost": 72314.26, "Total Cost": 242805.29, "Plan Rows": 854611, "Plan Width": 44, "Actual Min Startup Time": 308.113, "Actual Max Startup Time": 308.113, "Actual Min Total Time": 1683.887, "Actual Max Total Time": 1683.887, "Actual Total Rows": 1188666, "Inner Unique": false, "Hash Cond": "(partsupp.ps_suppkey = supplier.s_suppkey), (LLVM Optimized, Jit Execute)", "Plans": [{"Node Type": "Streaming(type: LOCAL GATHER dop: 1/64)", "Parent Relationship": "Outer", "Startup Cost": 68781.13, "Total Cost": 228589.41, "Plan Rows": 854625, "Plan Width": 44, "Actual Min Startup Time": 256.615, "Actual Max Startup Time": 256.615, "Actual Min Total Time": 1260.176, "Actual Max Total Time": 1260.176, "Actual Total Rows": 1189344, "Plans": [{"Node Type": "Hash Join", "Parent Relationship": "Outer", "Join Type": "Inner", "Startup Cost": 68781.13, "Total Cost": 210958.59, "Plan Rows": 854625, "Plan Width": 44, "Actual Min Startup Time": 76.809, "Actual Max Startup Time": 276.302, "Actual Min Total Time": 1373.144, "Actual Max Total Time": 1744.056, "Actual Total Rows": 1189344, "Inner Unique": false, "Hash Cond": "(part.p_partkey = partsupp.ps_partkey), (LLVM Optimized, Jit Execute)", "Plans": [{"Node Type": "Streaming(type: BROADCAST dop: 64/64)", "Parent Relationship": "Outer", "Startup Cost": 0.0, "Total Cost": 139455.29, "Plan Rows": 18934016, "Plan Width": 44, "Actual Min Startup Time": 0.115, "Actual Max Startup Time": 1.262, "Actual Min Total Time": 1174.396, "Actual Max Total Time": 1471.854, "Actual Total Rows": 19029504, "Plans": [{"Node Type": "Seq Scan", "Parent Relationship": "Outer", "Relation Name": "part", "Alias": "part", "Startup Cost": 0.0, "Total Cost": 64436.62, "Plan Rows": 295844, "Plan Width": 44, "Actual Min Startup Time": 0.032, "Actual Max Startup Time": 0.08, "Actual Min Total Time": 19.658, "Actual Max Total Time": 32.694, "Actual Total Rows": 297336, "Filter": "((p_brand <> 'Brand#34'::bpchar) AND ((p_type)::text !~~ 'LARGE BRUSHED%'::text) AND (p_size = ANY ('{48,19,12,4,41,7,21,39}'::integer[]))), (LLVM Optimized, Jit Execute)", "Rows Removed by Filter": 1702664}]}, {"Node Type": "Hash", "Parent Relationship": "Inner", "Startup Cost": 67218.56, "Total Cost": 67218.56, "Plan Rows": 8000372, "Plan Width": 16, "Actual Min Startup Time": 75.766, "Actual Max Startup Time": 151.429, "Actual Min Total Time": 75.766, "Actual Max Total Time": 151.429, "Actual Total Rows": 8000000, "Max Hash Buckets": 131072, "Min Hash Buckets": 131072, "Max Hash Batches": 1, "Min Hash Batches": 1, "Max Original Hash Batches": 1, "Min Original Hash Batches": 1, "Max Peak Memory Usage": 5921, "min Peak Memory Usage": 5921, "Plans": [{"Node Type": "Seq Scan", "Parent Relationship": "Outer", "Relation Name": "partsupp", "Alias": "partsupp", "Startup Cost": 0.0, "Total Cost": 67218.56, "Plan Rows": 8000372, "Plan Width": 16, "Actual Min Startup Time": 0.017, "Actual Max Startup Time": 0.034, "Actual Min Total Time": 43.375, "Actual Max Total Time": 54.1, "Actual Total Rows": 8000000}]}]}]}, {"Node Type": "Hash", "Parent Relationship": "Inner", "Startup Cost": 3533.0, "Total Cost": 3533.0, "Plan Rows": 10, "Plan Width": 8, "Actual Min Startup Time": 51.443, "Actual Max Startup Time": 51.443, "Actual Min Total Time": 51.443, "Actual Max Total Time": 51.443, "Actual Total Rows": 56, "Max Hash Buckets": 32768, "Min Hash Buckets": 32768, "Max Hash Batches": 1, "Min Hash Batches": 1, "Max Original Hash Batches": 1, "Min Original Hash Batches": 1, "Max Peak Memory Usage": 3, "min Peak Memory Usage": 3, "Plans": [{"Node Type": "Seq Scan", "Parent Relationship": "Outer", "Relation Name": "supplier", "Alias": "supplier", "Startup Cost": 0.0, "Total Cost": 3533.0, "Plan Rows": 10, "Plan Width": 8, "Actual Min Startup Time": 0.255, "Actual Max Startup Time": 0.255, "Actual Min Total Time": 51.388, "Actual Max Total Time": 51.388, "Actual Total Rows": 56, "Filter": "((s_comment)::text ~~ '%Customer%Complaints%'::text)", "Rows Removed by Filter": 99944}]}]}]}]}]}, "Triggers": [], "Planner Runtime": 1.817, "Total Runtime": 4517.384, "Unique SQL Id": 1437012347}}, "(64, 73)": {"explain_plan": {"Plan": {"Node Type": "Sort", "Startup Cost": 418288.46, "Total Cost": 418357.8, "Plan Rows": 27736, "Plan Width": 60, "Sort Key": ["(count(partsupp.ps_suppkey)) DESC", "part.p_brand", "part.p_type", "part.p_size"], "Plans": [{"Node Type": "Aggregate", "Strategy": "Hashed", "Parent Relationship": "Outer", "Startup Cost": 415964.25, "Total Cost": 416241.61, "Plan Rows": 27736, "Plan Width": 60, "Group By Key": ["part.p_brand", "part.p_type", "part.p_size"], "Plans": [{"Node Type": "Aggregate", "Strategy": "Hashed", "Parent Relationship": "Outer", "Startup Cost": 415409.53, "Total Cost": 415686.89, "Plan Rows": 27736, "Plan Width": 52, "Group By Key": ["part.p_brand", "part.p_type", "part.p_size", "partsupp.ps_suppkey"], "Plans": [{"Node Type": "Hash Join", "Parent Relationship": "Outer", "Join Type": "Anti", "Startup Cost": 5584.67, "Total Cost": 404726.89, "Plan Rows": 854611, "Plan Width": 44, "Inner Unique": false, "Hash Cond": "(partsupp.ps_suppkey = supplier.s_suppkey), (LLVM Optimized)", "Plans": [{"Node Type": "Nested Loop", "Parent Relationship": "Outer", "Join Type": "Inner", "Startup Cost": 0.0, "Total Cost": 388454.21, "Plan Rows": 854625, "Plan Width": 44, "Inner Unique": false, "Plans": [{"Node Type": "Index Scan", "Parent Relationship": "Outer", "Scan Direction": "Forward", "Index Name": "part_kpey", "Relation Name": "part", "Alias": "part", "Startup Cost": 0.0, "Total Cost": 130803.25, "Plan Rows": 295844, "Plan Width": 44, "Filter": "((p_brand <> 'Brand#34'::bpchar) AND ((p_type)::text !~~ 'LARGE BRUSHED%'::text) AND (p_size = ANY ('{48,19,12,4,41,7,21,39}'::integer[]))), (LLVM Optimized)"}, {"Node Type": "Index Only Scan", "Parent Relationship": "Inner", "Scan Direction": "Forward", "Index Name": "partsupp_pkey", "Relation Name": "partsupp", "Alias": "partsupp", "Startup Cost": 0.0, "Total Cost": 0.84, "Plan Rows": 3, "Plan Width": 16, "Index Cond": "(ps_partkey = part.p_partkey)"}]}, {"Node Type": "Hash", "Parent Relationship": "Inner", "Startup Cost": 5584.54, "Total Cost": 5584.54, "Plan Rows": 10, "Plan Width": 8, "Plans": [{"Node Type": "Index Scan", "Parent Relationship": "Outer", "Scan Direction": "Forward", "Index Name": "supplier_pkey", "Relation Name": "supplier", "Alias": "supplier", "Startup Cost": 0.0, "Total Cost": 5584.54, "Plan Rows": 10, "Plan Width": 8, "Filter": "((s_comment)::text ~~ '%Customer%Complaints%'::text)"}]}]}]}]}]}, "Unique SQL Id": 1437012347}, "explain_analyze_plan": {"Plan": {"Node Type": "Sort", "Startup Cost": 418288.46, "Total Cost": 418357.8, "Plan Rows": 27736, "Plan Width": 60, "Actual Startup Time": 6946.55, "Actual Total Time": 6950.158, "Actual Rows": 27838, "Actual Loops": 1, "Sort Key": ["(count(partsupp.ps_suppkey)) DESC", "part.p_brand", "part.p_type", "part.p_size"], "Sort Method": "quicksort", "Sort Space Used": 5082, "Sort Space Type": "Memory", "Plans": [{"Node Type": "Aggregate", "Strategy": "Hashed", "Parent Relationship": "Outer", "Startup Cost": 415964.25, "Total Cost": 416241.61, "Plan Rows": 27736, "Plan Width": 60, "Actual Startup Time": 6844.512, "Actual Total Time": 6854.496, "Actual Rows": 27838, "Actual Loops": 1, "Group By Key": ["part.p_brand", "part.p_type", "part.p_size"], "Plans": [{"Node Type": "Aggregate", "Strategy": "Hashed", "Parent Relationship": "Outer", "Startup Cost": 415409.53, "Total Cost": 415686.89, "Plan Rows": 27736, "Plan Width": 52, "Actual Startup Time": 5232.276, "Actual Total Time": 5899.683, "Actual Rows": 1188428, "Actual Loops": 1, "Group By Key": ["part.p_brand", "part.p_type", "part.p_size", "partsupp.ps_suppkey"], "Plans": [{"Node Type": "Hash Join", "Parent Relationship": "Outer", "Join Type": "Anti", "Startup Cost": 5584.67, "Total Cost": 404726.89, "Plan Rows": 854611, "Plan Width": 44, "Actual Startup Time": 74.0, "Actual Total Time": 4190.013, "Actual Rows": 1188666, "Actual Loops": 1, "Inner Unique": false, "Hash Cond": "(partsupp.ps_suppkey = supplier.s_suppkey), (LLVM Optimized, Jit Execute)", "Plans": [{"Node Type": "Nested Loop", "Parent Relationship": "Outer", "Join Type": "Inner", "Startup Cost": 0.0, "Total Cost": 388454.21, "Plan Rows": 854625, "Plan Width": 44, "Actual Startup Time": 0.164, "Actual Total Time": 3764.233, "Actual Rows": 1189344, "Actual Loops": 1, "Inner Unique": false, "Plans": [{"Node Type": "Index Scan", "Parent Relationship": "Outer", "Scan Direction": "Forward", "Index Name": "part_kpey", "Relation Name": "part", "Alias": "part", "Startup Cost": 0.0, "Total Cost": 130803.25, "Plan Rows": 295844, "Plan Width": 44, "Actual Startup Time": 0.046, "Actual Total Time": 1826.412, "Actual Rows": 297336, "Actual Loops": 1, "Filter": "((p_brand <> 'Brand#34'::bpchar) AND ((p_type)::text !~~ 'LARGE BRUSHED%'::text) AND (p_size = ANY ('{48,19,12,4,41,7,21,39}'::integer[]))), (LLVM Optimized, Jit Execute)", "Rows Removed by Filter": 1702664}, {"Node Type": "Index Only Scan", "Parent Relationship": "Inner", "Scan Direction": "Forward", "Index Name": "partsupp_pkey", "Relation Name": "partsupp", "Alias": "partsupp", "Startup Cost": 0.0, "Total Cost": 0.84, "Plan Rows": 3, "Plan Width": 16, "Actual Startup Time": 1205.266, "Actual Total Time": 1499.547, "Actual Rows": 1189344, "Actual Loops": 297336, "Index Cond": "(ps_partkey = part.p_partkey)", "Rows Removed by Index Recheck": 0, "Heap Fetches": 0}]}, {"Node Type": "Hash", "Parent Relationship": "Inner", "Startup Cost": 5584.54, "Total Cost": 5584.54, "Plan Rows": 10, "Plan Width": 8, "Actual Startup Time": 73.793, "Actual Total Time": 73.793, "Actual Rows": 56, "Actual Loops": 1, "Hash Buckets": 32768, "Hash Batches": 1, "Original Hash Batches": 1, "Peak Memory Usage": 3, "Plans": [{"Node Type": "Index Scan", "Parent Relationship": "Outer", "Scan Direction": "Forward", "Index Name": "supplier_pkey", "Relation Name": "supplier", "Alias": "supplier", "Startup Cost": 0.0, "Total Cost": 5584.54, "Plan Rows": 10, "Plan Width": 8, "Actual Startup Time": 0.287, "Actual Total Time": 73.734, "Actual Rows": 56, "Actual Loops": 1, "Filter": "((s_comment)::text ~~ '%Customer%Complaints%'::text)", "Rows Removed by Filter": 99944}]}]}]}]}]}, "Triggers": [], "Planner Runtime": 1.433, "Total Runtime": 6961.58, "Unique SQL Id": 1437012347}}, "(64, 74)": {"explain_plan": {"Plan": {"Node Type": "Sort", "Startup Cost": 256366.86, "Total Cost": 256436.2, "Plan Rows": 27736, "Plan Width": 60, "Sort Key": ["(count(partsupp.ps_suppkey)) DESC", "part.p_brand", "part.p_type", "part.p_size"], "Plans": [{"Node Type": "Aggregate", "Strategy": "Hashed", "Parent Relationship": "Outer", "Startup Cost": 254042.65, "Total Cost": 254320.01, "Plan Rows": 27736, "Plan Width": 60, "Group By Key": ["part.p_brand", "part.p_type", "part.p_size"], "Plans": [{"Node Type": "Aggregate", "Strategy": "Hashed", "Parent Relationship": "Outer", "Startup Cost": 253487.93, "Total Cost": 253765.29, "Plan Rows": 27736, "Plan Width": 52, "Group By Key": ["part.p_brand", "part.p_type", "part.p_size", "partsupp.ps_suppkey"], "Plans": [{"Node Type": "Hash Join", "Parent Relationship": "Outer", "Join Type": "Anti", "Startup Cost": 72314.26, "Total Cost": 242805.29, "Plan Rows": 854611, "Plan Width": 44, "Inner Unique": false, "Hash Cond": "(partsupp.ps_suppkey = supplier.s_suppkey), (LLVM Optimized)", "Plans": [{"Node Type": "Streaming(type: LOCAL GATHER dop: 1/64)", "Parent Relationship": "Outer", "Startup Cost": 68781.13, "Total Cost": 228589.41, "Plan Rows": 854625, "Plan Width": 44, "Plans": [{"Node Type": "Hash Join", "Parent Relationship": "Outer", "Join Type": "Inner", "Startup Cost": 68781.13, "Total Cost": 210958.59, "Plan Rows": 854625, "Plan Width": 44, "Inner Unique": false, "Hash Cond": "(part.p_partkey = partsupp.ps_partkey), (LLVM Optimized)", "Plans": [{"Node Type": "Streaming(type: BROADCAST dop: 64/64)", "Parent Relationship": "Outer", "Startup Cost": 0.0, "Total Cost": 139455.29, "Plan Rows": 18934016, "Plan Width": 44, "Plans": [{"Node Type": "Seq Scan", "Parent Relationship": "Outer", "Relation Name": "part", "Alias": "part", "Startup Cost": 0.0, "Total Cost": 64436.62, "Plan Rows": 295844, "Plan Width": 44, "Filter": "((p_brand <> 'Brand#34'::bpchar) AND ((p_type)::text !~~ 'LARGE BRUSHED%'::text) AND (p_size = ANY ('{48,19,12,4,41,7,21,39}'::integer[]))), (LLVM Optimized)"}]}, {"Node Type": "Hash", "Parent Relationship": "Inner", "Startup Cost": 67218.56, "Total Cost": 67218.56, "Plan Rows": 8000372, "Plan Width": 16, "Plans": [{"Node Type": "Seq Scan", "Parent Relationship": "Outer", "Relation Name": "partsupp", "Alias": "partsupp", "Startup Cost": 0.0, "Total Cost": 67218.56, "Plan Rows": 8000372, "Plan Width": 16}]}]}]}, {"Node Type": "Hash", "Parent Relationship": "Inner", "Startup Cost": 3533.0, "Total Cost": 3533.0, "Plan Rows": 10, "Plan Width": 8, "Plans": [{"Node Type": "Seq Scan", "Parent Relationship": "Outer", "Relation Name": "supplier", "Alias": "supplier", "Startup Cost": 0.0, "Total Cost": 3533.0, "Plan Rows": 10, "Plan Width": 8, "Filter": "((s_comment)::text ~~ '%Customer%Complaints%'::text)"}]}]}]}]}]}, "Unique SQL Id": 1437012347}, "explain_analyze_plan": {"Plan": {"Node Type": "Sort", "Startup Cost": 256366.86, "Total Cost": 256436.2, "Plan Rows": 27736, "Plan Width": 60, "Actual Min Startup Time": 4476.752, "Actual Max Startup Time": 4476.752, "Actual Min Total Time": 4479.827, "Actual Max Total Time": 4479.827, "Actual Total Rows": 27838, "Sort Key": ["(count(partsupp.ps_suppkey)) DESC", "part.p_brand", "part.p_type", "part.p_size"], "Sort Method": "quicksort", "Sort Space Min Used": 5082, "Sort Space Max Used": 5082, "Sort Space Type": "Memory", "Plans": [{"Node Type": "Aggregate", "Strategy": "Hashed", "Parent Relationship": "Outer", "Startup Cost": 254042.65, "Total Cost": 254320.01, "Plan Rows": 27736, "Plan Width": 60, "Actual Min Startup Time": 4376.627, "Actual Max Startup Time": 4376.627, "Actual Min Total Time": 4385.931, "Actual Max Total Time": 4385.931, "Actual Total Rows": 27838, "Group By Key": ["part.p_brand", "part.p_type", "part.p_size"], "Plans": [{"Node Type": "Aggregate", "Strategy": "Hashed", "Parent Relationship": "Outer", "Startup Cost": 253487.93, "Total Cost": 253765.29, "Plan Rows": 27736, "Plan Width": 52, "Actual Min Startup Time": 2854.718, "Actual Max Startup Time": 2854.718, "Actual Min Total Time": 3396.575, "Actual Max Total Time": 3396.575, "Actual Total Rows": 1188428, "Group By Key": ["part.p_brand", "part.p_type", "part.p_size", "partsupp.ps_suppkey"], "Plans": [{"Node Type": "Hash Join", "Parent Relationship": "Outer", "Join Type": "Anti", "Startup Cost": 72314.26, "Total Cost": 242805.29, "Plan Rows": 854611, "Plan Width": 44, "Actual Min Startup Time": 308.113, "Actual Max Startup Time": 308.113, "Actual Min Total Time": 1683.887, "Actual Max Total Time": 1683.887, "Actual Total Rows": 1188666, "Inner Unique": false, "Hash Cond": "(partsupp.ps_suppkey = supplier.s_suppkey), (LLVM Optimized, Jit Execute)", "Plans": [{"Node Type": "Streaming(type: LOCAL GATHER dop: 1/64)", "Parent Relationship": "Outer", "Startup Cost": 68781.13, "Total Cost": 228589.41, "Plan Rows": 854625, "Plan Width": 44, "Actual Min Startup Time": 256.615, "Actual Max Startup Time": 256.615, "Actual Min Total Time": 1260.176, "Actual Max Total Time": 1260.176, "Actual Total Rows": 1189344, "Plans": [{"Node Type": "Hash Join", "Parent Relationship": "Outer", "Join Type": "Inner", "Startup Cost": 68781.13, "Total Cost": 210958.59, "Plan Rows": 854625, "Plan Width": 44, "Actual Min Startup Time": 76.809, "Actual Max Startup Time": 276.302, "Actual Min Total Time": 1373.144, "Actual Max Total Time": 1744.056, "Actual Total Rows": 1189344, "Inner Unique": false, "Hash Cond": "(part.p_partkey = partsupp.ps_partkey), (LLVM Optimized, Jit Execute)", "Plans": [{"Node Type": "Streaming(type: BROADCAST dop: 64/64)", "Parent Relationship": "Outer", "Startup Cost": 0.0, "Total Cost": 139455.29, "Plan Rows": 18934016, "Plan Width": 44, "Actual Min Startup Time": 0.115, "Actual Max Startup Time": 1.262, "Actual Min Total Time": 1174.396, "Actual Max Total Time": 1471.854, "Actual Total Rows": 19029504, "Plans": [{"Node Type": "Seq Scan", "Parent Relationship": "Outer", "Relation Name": "part", "Alias": "part", "Startup Cost": 0.0, "Total Cost": 64436.62, "Plan Rows": 295844, "Plan Width": 44, "Actual Min Startup Time": 0.032, "Actual Max Startup Time": 0.08, "Actual Min Total Time": 19.658, "Actual Max Total Time": 32.694, "Actual Total Rows": 297336, "Filter": "((p_brand <> 'Brand#34'::bpchar) AND ((p_type)::text !~~ 'LARGE BRUSHED%'::text) AND (p_size = ANY ('{48,19,12,4,41,7,21,39}'::integer[]))), (LLVM Optimized, Jit Execute)", "Rows Removed by Filter": 1702664}]}, {"Node Type": "Hash", "Parent Relationship": "Inner", "Startup Cost": 67218.56, "Total Cost": 67218.56, "Plan Rows": 8000372, "Plan Width": 16, "Actual Min Startup Time": 75.766, "Actual Max Startup Time": 151.429, "Actual Min Total Time": 75.766, "Actual Max Total Time": 151.429, "Actual Total Rows": 8000000, "Max Hash Buckets": 131072, "Min Hash Buckets": 131072, "Max Hash Batches": 1, "Min Hash Batches": 1, "Max Original Hash Batches": 1, "Min Original Hash Batches": 1, "Max Peak Memory Usage": 5921, "min Peak Memory Usage": 5921, "Plans": [{"Node Type": "Seq Scan", "Parent Relationship": "Outer", "Relation Name": "partsupp", "Alias": "partsupp", "Startup Cost": 0.0, "Total Cost": 67218.56, "Plan Rows": 8000372, "Plan Width": 16, "Actual Min Startup Time": 0.017, "Actual Max Startup Time": 0.034, "Actual Min Total Time": 43.375, "Actual Max Total Time": 54.1, "Actual Total Rows": 8000000}]}]}]}, {"Node Type": "Hash", "Parent Relationship": "Inner", "Startup Cost": 3533.0, "Total Cost": 3533.0, "Plan Rows": 10, "Plan Width": 8, "Actual Min Startup Time": 51.443, "Actual Max Startup Time": 51.443, "Actual Min Total Time": 51.443, "Actual Max Total Time": 51.443, "Actual Total Rows": 56, "Max Hash Buckets": 32768, "Min Hash Buckets": 32768, "Max Hash Batches": 1, "Min Hash Batches": 1, "Max Original Hash Batches": 1, "Min Original Hash Batches": 1, "Max Peak Memory Usage": 3, "min Peak Memory Usage": 3, "Plans": [{"Node Type": "Seq Scan", "Parent Relationship": "Outer", "Relation Name": "supplier", "Alias": "supplier", "Startup Cost": 0.0, "Total Cost": 3533.0, "Plan Rows": 10, "Plan Width": 8, "Actual Min Startup Time": 0.255, "Actual Max Startup Time": 0.255, "Actual Min Total Time": 51.388, "Actual Max Total Time": 51.388, "Actual Total Rows": 56, "Filter": "((s_comment)::text ~~ '%Customer%Complaints%'::text)", "Rows Removed by Filter": 99944}]}]}]}]}]}, "Triggers": [], "Planner Runtime": 1.817, "Total Runtime": 4517.384, "Unique SQL Id": 1437012347}}, "(64, 75)": {"explain_plan": {"Plan": {"Node Type": "Sort", "Startup Cost": 3000026797068.9, "Total Cost": 3000026797138.24, "Plan Rows": 27736, "Plan Width": 60, "Sort Key": ["(count(partsupp.ps_suppkey)) DESC", "part.p_brand", "part.p_type", "part.p_size"], "Plans": [{"Node Type": "Aggregate", "Strategy": "Hashed", "Parent Relationship": "Outer", "Startup Cost": 3000026794744.7, "Total Cost": 3000026795022.06, "Plan Rows": 27736, "Plan Width": 60, "Group By Key": ["part.p_brand", "part.p_type", "part.p_size"], "Plans": [{"Node Type": "Aggregate", "Strategy": "Hashed", "Parent Relationship": "Outer", "Startup Cost": 3000026794189.98, "Total Cost": 3000026794467.34, "Plan Rows": 27736, "Plan Width": 52, "Group By Key": ["part.p_brand", "part.p_type", "part.p_size", "partsupp.ps_suppkey"], "Plans": [{"Node Type": "Hash Join", "Parent Relationship": "Outer", "Join Type": "Anti", "Startup Cost": 1020017883134.13, "Total Cost": 3000026783507.34, "Plan Rows": 854611, "Plan Width": 44, "Inner Unique": false, "Hash Cond": "(partsupp.ps_suppkey = supplier.s_suppkey), (LLVM Optimized)", "Plans": [{"Node Type": "Merge Join", "Parent Relationship": "Outer", "Join Type": "Inner", "Startup Cost": 20017324679.62, "Total Cost": 2000026214364.82, "Plan Rows": 854625, "Plan Width": 44, "Inner Unique": false, "Merge Cond": "(part.p_partkey = partsupp.ps_partkey)", "Plans": [{"Node Type": "Index Scan", "Parent Relationship": "Outer", "Scan Direction": "Forward", "Index Name": "part_kpey", "Relation Name": "part", "Alias": "part", "Startup Cost": 10000000000.0, "Total Cost": 1000013080325.0, "Plan Rows": 295844, "Plan Width": 44, "Filter": "((p_brand <> 'Brand#34'::bpchar) AND ((p_type)::text !~~ 'LARGE BRUSHED%'::text) AND (p_size = ANY ('{48,19,12,4,41,7,21,39}'::integer[]))), (LLVM Optimized)"}, {"Node Type": "Index Only Scan", "Parent Relationship": "Inner", "Scan Direction": "Forward", "Index Name": "partsupp_pkey", "Relation Name": "partsupp", "Alias": "partsupp", "Startup Cost": 10000000000.0, "Total Cost": 1000027706983.0, "Plan Rows": 8000372, "Plan Width": 16}]}, {"Node Type": "Hash", "Parent Relationship": "Inner", "Startup Cost": 1000000558454.38, "Total Cost": 1000000558454.38, "Plan Rows": 10, "Plan Width": 8, "Plans": [{"Node Type": "Index Scan", "Parent Relationship": "Outer", "Scan Direction": "Forward", "Index Name": "supplier_pkey", "Relation Name": "supplier", "Alias": "supplier", "Startup Cost": 10000000000.0, "Total Cost": 1000000558454.38, "Plan Rows": 10, "Plan Width": 8, "Filter": "((s_comment)::text ~~ '%Customer%Complaints%'::text)"}]}]}]}]}]}, "Unique SQL Id": 1437012347}, "explain_analyze_plan": {"Plan": {"Node Type": "Sort", "Startup Cost": 3000026797068.9, "Total Cost": 3000026797138.24, "Plan Rows": 27736, "Plan Width": 60, "Actual Startup Time": 8067.406, "Actual Total Time": 8070.493, "Actual Rows": 27838, "Actual Loops": 1, "Sort Key": ["(count(partsupp.ps_suppkey)) DESC", "part.p_brand", "part.p_type", "part.p_size"], "Sort Method": "quicksort", "Sort Space Used": 5082, "Sort Space Type": "Memory", "Plans": [{"Node Type": "Aggregate", "Strategy": "Hashed", "Parent Relationship": "Outer", "Startup Cost": 3000026794744.7, "Total Cost": 3000026795022.06, "Plan Rows": 27736, "Plan Width": 60, "Actual Startup Time": 7969.65, "Actual Total Time": 7977.994, "Actual Rows": 27838, "Actual Loops": 1, "Group By Key": ["part.p_brand", "part.p_type", "part.p_size"], "Plans": [{"Node Type": "Aggregate", "Strategy": "Hashed", "Parent Relationship": "Outer", "Startup Cost": 3000026794189.98, "Total Cost": 3000026794467.34, "Plan Rows": 27736, "Plan Width": 52, "Actual Startup Time": 6508.893, "Actual Total Time": 7017.956, "Actual Rows": 1188428, "Actual Loops": 1, "Group By Key": ["part.p_brand", "part.p_type", "part.p_size", "partsupp.ps_suppkey"], "Plans": [{"Node Type": "Hash Join", "Parent Relationship": "Outer", "Join Type": "Anti", "Startup Cost": 1020017883134.13, "Total Cost": 3000026783507.34, "Plan Rows": 854611, "Plan Width": 44, "Actual Startup Time": 73.672, "Actual Total Time": 5447.611, "Actual Rows": 1188666, "Actual Loops": 1, "Inner Unique": false, "Hash Cond": "(partsupp.ps_suppkey = supplier.s_suppkey), (LLVM Optimized, Jit Execute)", "Plans": [{"Node Type": "Merge Join", "Parent Relationship": "Outer", "Join Type": "Inner", "Startup Cost": 20017324679.62, "Total Cost": 2000026214364.82, "Plan Rows": 854625, "Plan Width": 44, "Actual Startup Time": 0.086, "Actual Total Time": 5021.262, "Actual Rows": 1189344, "Actual Loops": 1, "Inner Unique": false, "Merge Cond": "(part.p_partkey = partsupp.ps_partkey)", "Plans": [{"Node Type": "Index Scan", "Parent Relationship": "Outer", "Scan Direction": "Forward", "Index Name": "part_kpey", "Relation Name": "part", "Alias": "part", "Startup Cost": 10000000000.0, "Total Cost": 1000013080325.0, "Plan Rows": 295844, "Plan Width": 44, "Actual Startup Time": 0.046, "Actual Total Time": 1776.45, "Actual Rows": 297336, "Actual Loops": 1, "Filter": "((p_brand <> 'Brand#34'::bpchar) AND ((p_type)::text !~~ 'LARGE BRUSHED%'::text) AND (p_size = ANY ('{48,19,12,4,41,7,21,39}'::integer[]))), (LLVM Optimized, Jit Execute)", "Rows Removed by Filter": 1702664}, {"Node Type": "Index Only Scan", "Parent Relationship": "Inner", "Scan Direction": "Forward", "Index Name": "partsupp_pkey", "Relation Name": "partsupp", "Alias": "partsupp", "Startup Cost": 10000000000.0, "Total Cost": 1000027706983.0, "Plan Rows": 8000372, "Plan Width": 16, "Actual Startup Time": 0.03, "Actual Total Time": 1929.843, "Actual Rows": 7999985, "Actual Loops": 1, "Heap Fetches": 0}]}, {"Node Type": "Hash", "Parent Relationship": "Inner", "Startup Cost": 1000000558454.38, "Total Cost": 1000000558454.38, "Plan Rows": 10, "Plan Width": 8, "Actual Startup Time": 73.543, "Actual Total Time": 73.543, "Actual Rows": 56, "Actual Loops": 1, "Hash Buckets": 32768, "Hash Batches": 1, "Original Hash Batches": 1, "Peak Memory Usage": 3, "Plans": [{"Node Type": "Index Scan", "Parent Relationship": "Outer", "Scan Direction": "Forward", "Index Name": "supplier_pkey", "Relation Name": "supplier", "Alias": "supplier", "Startup Cost": 10000000000.0, "Total Cost": 1000000558454.38, "Plan Rows": 10, "Plan Width": 8, "Actual Startup Time": 0.287, "Actual Total Time": 73.487, "Actual Rows": 56, "Actual Loops": 1, "Filter": "((s_comment)::text ~~ '%Customer%Complaints%'::text)", "Rows Removed by Filter": 99944}]}]}]}]}]}, "Triggers": [], "Planner Runtime": 1.437, "Total Runtime": 8082.101, "Unique SQL Id": 1437012347}}, "(64, 76)": {"explain_plan": {"Plan": {"Node Type": "Sort", "Startup Cost": 256366.86, "Total Cost": 256436.2, "Plan Rows": 27736, "Plan Width": 60, "Sort Key": ["(count(partsupp.ps_suppkey)) DESC", "part.p_brand", "part.p_type", "part.p_size"], "Plans": [{"Node Type": "Aggregate", "Strategy": "Hashed", "Parent Relationship": "Outer", "Startup Cost": 254042.65, "Total Cost": 254320.01, "Plan Rows": 27736, "Plan Width": 60, "Group By Key": ["part.p_brand", "part.p_type", "part.p_size"], "Plans": [{"Node Type": "Aggregate", "Strategy": "Hashed", "Parent Relationship": "Outer", "Startup Cost": 253487.93, "Total Cost": 253765.29, "Plan Rows": 27736, "Plan Width": 52, "Group By Key": ["part.p_brand", "part.p_type", "part.p_size", "partsupp.ps_suppkey"], "Plans": [{"Node Type": "Hash Join", "Parent Relationship": "Outer", "Join Type": "Anti", "Startup Cost": 72314.26, "Total Cost": 242805.29, "Plan Rows": 854611, "Plan Width": 44, "Inner Unique": false, "Hash Cond": "(partsupp.ps_suppkey = supplier.s_suppkey), (LLVM Optimized)", "Plans": [{"Node Type": "Streaming(type: LOCAL GATHER dop: 1/64)", "Parent Relationship": "Outer", "Startup Cost": 68781.13, "Total Cost": 228589.41, "Plan Rows": 854625, "Plan Width": 44, "Plans": [{"Node Type": "Hash Join", "Parent Relationship": "Outer", "Join Type": "Inner", "Startup Cost": 68781.13, "Total Cost": 210958.59, "Plan Rows": 854625, "Plan Width": 44, "Inner Unique": false, "Hash Cond": "(part.p_partkey = partsupp.ps_partkey), (LLVM Optimized)", "Plans": [{"Node Type": "Streaming(type: BROADCAST dop: 64/64)", "Parent Relationship": "Outer", "Startup Cost": 0.0, "Total Cost": 139455.29, "Plan Rows": 18934016, "Plan Width": 44, "Plans": [{"Node Type": "Seq Scan", "Parent Relationship": "Outer", "Relation Name": "part", "Alias": "part", "Startup Cost": 0.0, "Total Cost": 64436.62, "Plan Rows": 295844, "Plan Width": 44, "Filter": "((p_brand <> 'Brand#34'::bpchar) AND ((p_type)::text !~~ 'LARGE BRUSHED%'::text) AND (p_size = ANY ('{48,19,12,4,41,7,21,39}'::integer[]))), (LLVM Optimized)"}]}, {"Node Type": "Hash", "Parent Relationship": "Inner", "Startup Cost": 67218.56, "Total Cost": 67218.56, "Plan Rows": 8000372, "Plan Width": 16, "Plans": [{"Node Type": "Seq Scan", "Parent Relationship": "Outer", "Relation Name": "partsupp", "Alias": "partsupp", "Startup Cost": 0.0, "Total Cost": 67218.56, "Plan Rows": 8000372, "Plan Width": 16}]}]}]}, {"Node Type": "Hash", "Parent Relationship": "Inner", "Startup Cost": 3533.0, "Total Cost": 3533.0, "Plan Rows": 10, "Plan Width": 8, "Plans": [{"Node Type": "Seq Scan", "Parent Relationship": "Outer", "Relation Name": "supplier", "Alias": "supplier", "Startup Cost": 0.0, "Total Cost": 3533.0, "Plan Rows": 10, "Plan Width": 8, "Filter": "((s_comment)::text ~~ '%Customer%Complaints%'::text)"}]}]}]}]}]}, "Unique SQL Id": 1437012347}, "explain_analyze_plan": {"Plan": {"Node Type": "Sort", "Startup Cost": 256366.86, "Total Cost": 256436.2, "Plan Rows": 27736, "Plan Width": 60, "Actual Min Startup Time": 4476.752, "Actual Max Startup Time": 4476.752, "Actual Min Total Time": 4479.827, "Actual Max Total Time": 4479.827, "Actual Total Rows": 27838, "Sort Key": ["(count(partsupp.ps_suppkey)) DESC", "part.p_brand", "part.p_type", "part.p_size"], "Sort Method": "quicksort", "Sort Space Min Used": 5082, "Sort Space Max Used": 5082, "Sort Space Type": "Memory", "Plans": [{"Node Type": "Aggregate", "Strategy": "Hashed", "Parent Relationship": "Outer", "Startup Cost": 254042.65, "Total Cost": 254320.01, "Plan Rows": 27736, "Plan Width": 60, "Actual Min Startup Time": 4376.627, "Actual Max Startup Time": 4376.627, "Actual Min Total Time": 4385.931, "Actual Max Total Time": 4385.931, "Actual Total Rows": 27838, "Group By Key": ["part.p_brand", "part.p_type", "part.p_size"], "Plans": [{"Node Type": "Aggregate", "Strategy": "Hashed", "Parent Relationship": "Outer", "Startup Cost": 253487.93, "Total Cost": 253765.29, "Plan Rows": 27736, "Plan Width": 52, "Actual Min Startup Time": 2854.718, "Actual Max Startup Time": 2854.718, "Actual Min Total Time": 3396.575, "Actual Max Total Time": 3396.575, "Actual Total Rows": 1188428, "Group By Key": ["part.p_brand", "part.p_type", "part.p_size", "partsupp.ps_suppkey"], "Plans": [{"Node Type": "Hash Join", "Parent Relationship": "Outer", "Join Type": "Anti", "Startup Cost": 72314.26, "Total Cost": 242805.29, "Plan Rows": 854611, "Plan Width": 44, "Actual Min Startup Time": 308.113, "Actual Max Startup Time": 308.113, "Actual Min Total Time": 1683.887, "Actual Max Total Time": 1683.887, "Actual Total Rows": 1188666, "Inner Unique": false, "Hash Cond": "(partsupp.ps_suppkey = supplier.s_suppkey), (LLVM Optimized, Jit Execute)", "Plans": [{"Node Type": "Streaming(type: LOCAL GATHER dop: 1/64)", "Parent Relationship": "Outer", "Startup Cost": 68781.13, "Total Cost": 228589.41, "Plan Rows": 854625, "Plan Width": 44, "Actual Min Startup Time": 256.615, "Actual Max Startup Time": 256.615, "Actual Min Total Time": 1260.176, "Actual Max Total Time": 1260.176, "Actual Total Rows": 1189344, "Plans": [{"Node Type": "Hash Join", "Parent Relationship": "Outer", "Join Type": "Inner", "Startup Cost": 68781.13, "Total Cost": 210958.59, "Plan Rows": 854625, "Plan Width": 44, "Actual Min Startup Time": 76.809, "Actual Max Startup Time": 276.302, "Actual Min Total Time": 1373.144, "Actual Max Total Time": 1744.056, "Actual Total Rows": 1189344, "Inner Unique": false, "Hash Cond": "(part.p_partkey = partsupp.ps_partkey), (LLVM Optimized, Jit Execute)", "Plans": [{"Node Type": "Streaming(type: BROADCAST dop: 64/64)", "Parent Relationship": "Outer", "Startup Cost": 0.0, "Total Cost": 139455.29, "Plan Rows": 18934016, "Plan Width": 44, "Actual Min Startup Time": 0.115, "Actual Max Startup Time": 1.262, "Actual Min Total Time": 1174.396, "Actual Max Total Time": 1471.854, "Actual Total Rows": 19029504, "Plans": [{"Node Type": "Seq Scan", "Parent Relationship": "Outer", "Relation Name": "part", "Alias": "part", "Startup Cost": 0.0, "Total Cost": 64436.62, "Plan Rows": 295844, "Plan Width": 44, "Actual Min Startup Time": 0.032, "Actual Max Startup Time": 0.08, "Actual Min Total Time": 19.658, "Actual Max Total Time": 32.694, "Actual Total Rows": 297336, "Filter": "((p_brand <> 'Brand#34'::bpchar) AND ((p_type)::text !~~ 'LARGE BRUSHED%'::text) AND (p_size = ANY ('{48,19,12,4,41,7,21,39}'::integer[]))), (LLVM Optimized, Jit Execute)", "Rows Removed by Filter": 1702664}]}, {"Node Type": "Hash", "Parent Relationship": "Inner", "Startup Cost": 67218.56, "Total Cost": 67218.56, "Plan Rows": 8000372, "Plan Width": 16, "Actual Min Startup Time": 75.766, "Actual Max Startup Time": 151.429, "Actual Min Total Time": 75.766, "Actual Max Total Time": 151.429, "Actual Total Rows": 8000000, "Max Hash Buckets": 131072, "Min Hash Buckets": 131072, "Max Hash Batches": 1, "Min Hash Batches": 1, "Max Original Hash Batches": 1, "Min Original Hash Batches": 1, "Max Peak Memory Usage": 5921, "min Peak Memory Usage": 5921, "Plans": [{"Node Type": "Seq Scan", "Parent Relationship": "Outer", "Relation Name": "partsupp", "Alias": "partsupp", "Startup Cost": 0.0, "Total Cost": 67218.56, "Plan Rows": 8000372, "Plan Width": 16, "Actual Min Startup Time": 0.017, "Actual Max Startup Time": 0.034, "Actual Min Total Time": 43.375, "Actual Max Total Time": 54.1, "Actual Total Rows": 8000000}]}]}]}, {"Node Type": "Hash", "Parent Relationship": "Inner", "Startup Cost": 3533.0, "Total Cost": 3533.0, "Plan Rows": 10, "Plan Width": 8, "Actual Min Startup Time": 51.443, "Actual Max Startup Time": 51.443, "Actual Min Total Time": 51.443, "Actual Max Total Time": 51.443, "Actual Total Rows": 56, "Max Hash Buckets": 32768, "Min Hash Buckets": 32768, "Max Hash Batches": 1, "Min Hash Batches": 1, "Max Original Hash Batches": 1, "Min Original Hash Batches": 1, "Max Peak Memory Usage": 3, "min Peak Memory Usage": 3, "Plans": [{"Node Type": "Seq Scan", "Parent Relationship": "Outer", "Relation Name": "supplier", "Alias": "supplier", "Startup Cost": 0.0, "Total Cost": 3533.0, "Plan Rows": 10, "Plan Width": 8, "Actual Min Startup Time": 0.255, "Actual Max Startup Time": 0.255, "Actual Min Total Time": 51.388, "Actual Max Total Time": 51.388, "Actual Total Rows": 56, "Filter": "((s_comment)::text ~~ '%Customer%Complaints%'::text)", "Rows Removed by Filter": 99944}]}]}]}]}]}, "Triggers": [], "Planner Runtime": 1.817, "Total Runtime": 4517.384, "Unique SQL Id": 1437012347}}, "(64, 77)": {"explain_plan": {"Plan": {"Node Type": "Sort", "Startup Cost": 621402.66, "Total Cost": 621472.0, "Plan Rows": 27736, "Plan Width": 60, "Sort Key": ["(count(partsupp.ps_suppkey)) DESC", "part.p_brand", "part.p_type", "part.p_size"], "Plans": [{"Node Type": "Aggregate", "Strategy": "Hashed", "Parent Relationship": "Outer", "Startup Cost": 619078.46, "Total Cost": 619355.82, "Plan Rows": 27736, "Plan Width": 60, "Group By Key": ["part.p_brand", "part.p_type", "part.p_size"], "Plans": [{"Node Type": "Aggregate", "Strategy": "Hashed", "Parent Relationship": "Outer", "Startup Cost": 618523.74, "Total Cost": 618801.1, "Plan Rows": 27736, "Plan Width": 52, "Group By Key": ["part.p_brand", "part.p_type", "part.p_size", "partsupp.ps_suppkey"], "Plans": [{"Node Type": "Hash Join", "Parent Relationship": "Outer", "Join Type": "Anti", "Startup Cost": 5592.57, "Total Cost": 607841.1, "Plan Rows": 854611, "Plan Width": 44, "Inner Unique": false, "Hash Cond": "(partsupp.ps_suppkey = supplier.s_suppkey), (LLVM Optimized)", "Plans": [{"Node Type": "Merge Join", "Parent Relationship": "Outer", "Join Type": "Inner", "Startup Cost": 7.9, "Total Cost": 591568.41, "Plan Rows": 854625, "Plan Width": 44, "Inner Unique": false, "Merge Cond": "(part.p_partkey = partsupp.ps_partkey)", "Plans": [{"Node Type": "Index Scan", "Parent Relationship": "Outer", "Scan Direction": "Forward", "Index Name": "part_kpey", "Relation Name": "part", "Alias": "part", "Startup Cost": 0.0, "Total Cost": 130803.25, "Plan Rows": 295844, "Plan Width": 44, "Filter": "((p_brand <> 'Brand#34'::bpchar) AND ((p_type)::text !~~ 'LARGE BRUSHED%'::text) AND (p_size = ANY ('{48,19,12,4,41,7,21,39}'::integer[]))), (LLVM Optimized)"}, {"Node Type": "Index Scan", "Parent Relationship": "Inner", "Scan Direction": "Forward", "Index Name": "idx_partsupp_partkey", "Relation Name": "partsupp", "Alias": "partsupp", "Startup Cost": 0.0, "Total Cost": 431485.03, "Plan Rows": 8000372, "Plan Width": 16}]}, {"Node Type": "Hash", "Parent Relationship": "Inner", "Startup Cost": 5584.54, "Total Cost": 5584.54, "Plan Rows": 10, "Plan Width": 8, "Plans": [{"Node Type": "Index Scan", "Parent Relationship": "Outer", "Scan Direction": "Forward", "Index Name": "supplier_pkey", "Relation Name": "supplier", "Alias": "supplier", "Startup Cost": 0.0, "Total Cost": 5584.54, "Plan Rows": 10, "Plan Width": 8, "Filter": "((s_comment)::text ~~ '%Customer%Complaints%'::text)"}]}]}]}]}]}, "Unique SQL Id": 1437012347}, "explain_analyze_plan": null}, "(64, 78)": {"explain_plan": {"Plan": {"Node Type": "Sort", "Startup Cost": 256366.86, "Total Cost": 256436.2, "Plan Rows": 27736, "Plan Width": 60, "Sort Key": ["(count(partsupp.ps_suppkey)) DESC", "part.p_brand", "part.p_type", "part.p_size"], "Plans": [{"Node Type": "Aggregate", "Strategy": "Hashed", "Parent Relationship": "Outer", "Startup Cost": 254042.65, "Total Cost": 254320.01, "Plan Rows": 27736, "Plan Width": 60, "Group By Key": ["part.p_brand", "part.p_type", "part.p_size"], "Plans": [{"Node Type": "Aggregate", "Strategy": "Hashed", "Parent Relationship": "Outer", "Startup Cost": 253487.93, "Total Cost": 253765.29, "Plan Rows": 27736, "Plan Width": 52, "Group By Key": ["part.p_brand", "part.p_type", "part.p_size", "partsupp.ps_suppkey"], "Plans": [{"Node Type": "Hash Join", "Parent Relationship": "Outer", "Join Type": "Anti", "Startup Cost": 72314.26, "Total Cost": 242805.29, "Plan Rows": 854611, "Plan Width": 44, "Inner Unique": false, "Hash Cond": "(partsupp.ps_suppkey = supplier.s_suppkey), (LLVM Optimized)", "Plans": [{"Node Type": "Streaming(type: LOCAL GATHER dop: 1/64)", "Parent Relationship": "Outer", "Startup Cost": 68781.13, "Total Cost": 228589.41, "Plan Rows": 854625, "Plan Width": 44, "Plans": [{"Node Type": "Hash Join", "Parent Relationship": "Outer", "Join Type": "Inner", "Startup Cost": 68781.13, "Total Cost": 210958.59, "Plan Rows": 854625, "Plan Width": 44, "Inner Unique": false, "Hash Cond": "(part.p_partkey = partsupp.ps_partkey), (LLVM Optimized)", "Plans": [{"Node Type": "Streaming(type: BROADCAST dop: 64/64)", "Parent Relationship": "Outer", "Startup Cost": 0.0, "Total Cost": 139455.29, "Plan Rows": 18934016, "Plan Width": 44, "Plans": [{"Node Type": "Seq Scan", "Parent Relationship": "Outer", "Relation Name": "part", "Alias": "part", "Startup Cost": 0.0, "Total Cost": 64436.62, "Plan Rows": 295844, "Plan Width": 44, "Filter": "((p_brand <> 'Brand#34'::bpchar) AND ((p_type)::text !~~ 'LARGE BRUSHED%'::text) AND (p_size = ANY ('{48,19,12,4,41,7,21,39}'::integer[]))), (LLVM Optimized)"}]}, {"Node Type": "Hash", "Parent Relationship": "Inner", "Startup Cost": 67218.56, "Total Cost": 67218.56, "Plan Rows": 8000372, "Plan Width": 16, "Plans": [{"Node Type": "Seq Scan", "Parent Relationship": "Outer", "Relation Name": "partsupp", "Alias": "partsupp", "Startup Cost": 0.0, "Total Cost": 67218.56, "Plan Rows": 8000372, "Plan Width": 16}]}]}]}, {"Node Type": "Hash", "Parent Relationship": "Inner", "Startup Cost": 3533.0, "Total Cost": 3533.0, "Plan Rows": 10, "Plan Width": 8, "Plans": [{"Node Type": "Seq Scan", "Parent Relationship": "Outer", "Relation Name": "supplier", "Alias": "supplier", "Startup Cost": 0.0, "Total Cost": 3533.0, "Plan Rows": 10, "Plan Width": 8, "Filter": "((s_comment)::text ~~ '%Customer%Complaints%'::text)"}]}]}]}]}]}, "Unique SQL Id": 1437012347}, "explain_analyze_plan": {"Plan": {"Node Type": "Sort", "Startup Cost": 256366.86, "Total Cost": 256436.2, "Plan Rows": 27736, "Plan Width": 60, "Actual Min Startup Time": 4476.752, "Actual Max Startup Time": 4476.752, "Actual Min Total Time": 4479.827, "Actual Max Total Time": 4479.827, "Actual Total Rows": 27838, "Sort Key": ["(count(partsupp.ps_suppkey)) DESC", "part.p_brand", "part.p_type", "part.p_size"], "Sort Method": "quicksort", "Sort Space Min Used": 5082, "Sort Space Max Used": 5082, "Sort Space Type": "Memory", "Plans": [{"Node Type": "Aggregate", "Strategy": "Hashed", "Parent Relationship": "Outer", "Startup Cost": 254042.65, "Total Cost": 254320.01, "Plan Rows": 27736, "Plan Width": 60, "Actual Min Startup Time": 4376.627, "Actual Max Startup Time": 4376.627, "Actual Min Total Time": 4385.931, "Actual Max Total Time": 4385.931, "Actual Total Rows": 27838, "Group By Key": ["part.p_brand", "part.p_type", "part.p_size"], "Plans": [{"Node Type": "Aggregate", "Strategy": "Hashed", "Parent Relationship": "Outer", "Startup Cost": 253487.93, "Total Cost": 253765.29, "Plan Rows": 27736, "Plan Width": 52, "Actual Min Startup Time": 2854.718, "Actual Max Startup Time": 2854.718, "Actual Min Total Time": 3396.575, "Actual Max Total Time": 3396.575, "Actual Total Rows": 1188428, "Group By Key": ["part.p_brand", "part.p_type", "part.p_size", "partsupp.ps_suppkey"], "Plans": [{"Node Type": "Hash Join", "Parent Relationship": "Outer", "Join Type": "Anti", "Startup Cost": 72314.26, "Total Cost": 242805.29, "Plan Rows": 854611, "Plan Width": 44, "Actual Min Startup Time": 308.113, "Actual Max Startup Time": 308.113, "Actual Min Total Time": 1683.887, "Actual Max Total Time": 1683.887, "Actual Total Rows": 1188666, "Inner Unique": false, "Hash Cond": "(partsupp.ps_suppkey = supplier.s_suppkey), (LLVM Optimized, Jit Execute)", "Plans": [{"Node Type": "Streaming(type: LOCAL GATHER dop: 1/64)", "Parent Relationship": "Outer", "Startup Cost": 68781.13, "Total Cost": 228589.41, "Plan Rows": 854625, "Plan Width": 44, "Actual Min Startup Time": 256.615, "Actual Max Startup Time": 256.615, "Actual Min Total Time": 1260.176, "Actual Max Total Time": 1260.176, "Actual Total Rows": 1189344, "Plans": [{"Node Type": "Hash Join", "Parent Relationship": "Outer", "Join Type": "Inner", "Startup Cost": 68781.13, "Total Cost": 210958.59, "Plan Rows": 854625, "Plan Width": 44, "Actual Min Startup Time": 76.809, "Actual Max Startup Time": 276.302, "Actual Min Total Time": 1373.144, "Actual Max Total Time": 1744.056, "Actual Total Rows": 1189344, "Inner Unique": false, "Hash Cond": "(part.p_partkey = partsupp.ps_partkey), (LLVM Optimized, Jit Execute)", "Plans": [{"Node Type": "Streaming(type: BROADCAST dop: 64/64)", "Parent Relationship": "Outer", "Startup Cost": 0.0, "Total Cost": 139455.29, "Plan Rows": 18934016, "Plan Width": 44, "Actual Min Startup Time": 0.115, "Actual Max Startup Time": 1.262, "Actual Min Total Time": 1174.396, "Actual Max Total Time": 1471.854, "Actual Total Rows": 19029504, "Plans": [{"Node Type": "Seq Scan", "Parent Relationship": "Outer", "Relation Name": "part", "Alias": "part", "Startup Cost": 0.0, "Total Cost": 64436.62, "Plan Rows": 295844, "Plan Width": 44, "Actual Min Startup Time": 0.032, "Actual Max Startup Time": 0.08, "Actual Min Total Time": 19.658, "Actual Max Total Time": 32.694, "Actual Total Rows": 297336, "Filter": "((p_brand <> 'Brand#34'::bpchar) AND ((p_type)::text !~~ 'LARGE BRUSHED%'::text) AND (p_size = ANY ('{48,19,12,4,41,7,21,39}'::integer[]))), (LLVM Optimized, Jit Execute)", "Rows Removed by Filter": 1702664}]}, {"Node Type": "Hash", "Parent Relationship": "Inner", "Startup Cost": 67218.56, "Total Cost": 67218.56, "Plan Rows": 8000372, "Plan Width": 16, "Actual Min Startup Time": 75.766, "Actual Max Startup Time": 151.429, "Actual Min Total Time": 75.766, "Actual Max Total Time": 151.429, "Actual Total Rows": 8000000, "Max Hash Buckets": 131072, "Min Hash Buckets": 131072, "Max Hash Batches": 1, "Min Hash Batches": 1, "Max Original Hash Batches": 1, "Min Original Hash Batches": 1, "Max Peak Memory Usage": 5921, "min Peak Memory Usage": 5921, "Plans": [{"Node Type": "Seq Scan", "Parent Relationship": "Outer", "Relation Name": "partsupp", "Alias": "partsupp", "Startup Cost": 0.0, "Total Cost": 67218.56, "Plan Rows": 8000372, "Plan Width": 16, "Actual Min Startup Time": 0.017, "Actual Max Startup Time": 0.034, "Actual Min Total Time": 43.375, "Actual Max Total Time": 54.1, "Actual Total Rows": 8000000}]}]}]}, {"Node Type": "Hash", "Parent Relationship": "Inner", "Startup Cost": 3533.0, "Total Cost": 3533.0, "Plan Rows": 10, "Plan Width": 8, "Actual Min Startup Time": 51.443, "Actual Max Startup Time": 51.443, "Actual Min Total Time": 51.443, "Actual Max Total Time": 51.443, "Actual Total Rows": 56, "Max Hash Buckets": 32768, "Min Hash Buckets": 32768, "Max Hash Batches": 1, "Min Hash Batches": 1, "Max Original Hash Batches": 1, "Min Original Hash Batches": 1, "Max Peak Memory Usage": 3, "min Peak Memory Usage": 3, "Plans": [{"Node Type": "Seq Scan", "Parent Relationship": "Outer", "Relation Name": "supplier", "Alias": "supplier", "Startup Cost": 0.0, "Total Cost": 3533.0, "Plan Rows": 10, "Plan Width": 8, "Actual Min Startup Time": 0.255, "Actual Max Startup Time": 0.255, "Actual Min Total Time": 51.388, "Actual Max Total Time": 51.388, "Actual Total Rows": 56, "Filter": "((s_comment)::text ~~ '%Customer%Complaints%'::text)", "Rows Removed by Filter": 99944}]}]}]}]}]}, "Triggers": [], "Planner Runtime": 1.817, "Total Runtime": 4517.384, "Unique SQL Id": 1437012347}}, "(64, 79)": {"explain_plan": {"Plan": {"Node Type": "Sort", "Startup Cost": 3000070730401.12, "Total Cost": 3000070730470.46, "Plan Rows": 27736, "Plan Width": 60, "Sort Key": ["(count(partsupp.ps_suppkey)) DESC", "part.p_brand", "part.p_type", "part.p_size"], "Plans": [{"Node Type": "Aggregate", "Strategy": "Hashed", "Parent Relationship": "Outer", "Startup Cost": 3000070728076.92, "Total Cost": 3000070728354.28, "Plan Rows": 27736, "Plan Width": 60, "Group By Key": ["part.p_brand", "part.p_type", "part.p_size"], "Plans": [{"Node Type": "Aggregate", "Strategy": "Hashed", "Parent Relationship": "Outer", "Startup Cost": 3000070727522.2, "Total Cost": 3000070727799.56, "Plan Rows": 27736, "Plan Width": 52, "Group By Key": ["part.p_brand", "part.p_type", "part.p_size", "partsupp.ps_suppkey"], "Plans": [{"Node Type": "Hash Join", "Parent Relationship": "Outer", "Join Type": "Anti", "Startup Cost": 1020017883902.94, "Total Cost": 3000070716839.56, "Plan Rows": 854611, "Plan Width": 44, "Inner Unique": false, "Hash Cond": "(partsupp.ps_suppkey = supplier.s_suppkey), (LLVM Optimized)", "Plans": [{"Node Type": "Merge Join", "Parent Relationship": "Outer", "Join Type": "Inner", "Startup Cost": 20017325448.43, "Total Cost": 2000070147697.04, "Plan Rows": 854625, "Plan Width": 44, "Inner Unique": false, "Merge Cond": "(part.p_partkey = partsupp.ps_partkey)", "Plans": [{"Node Type": "Index Scan", "Parent Relationship": "Outer", "Scan Direction": "Forward", "Index Name": "part_kpey", "Relation Name": "part", "Alias": "part", "Startup Cost": 10000000000.0, "Total Cost": 1000013080325.0, "Plan Rows": 295844, "Plan Width": 44, "Filter": "((p_brand <> 'Brand#34'::bpchar) AND ((p_type)::text !~~ 'LARGE BRUSHED%'::text) AND (p_size = ANY ('{48,19,12,4,41,7,21,39}'::integer[]))), (LLVM Optimized)"}, {"Node Type": "Index Scan", "Parent Relationship": "Inner", "Scan Direction": "Forward", "Index Name": "partsupp_pkey", "Relation Name": "partsupp", "Alias": "partsupp", "Startup Cost": 10000000000.0, "Total Cost": 1000071640963.22, "Plan Rows": 8000372, "Plan Width": 16}]}, {"Node Type": "Hash", "Parent Relationship": "Inner", "Startup Cost": 1000000558454.38, "Total Cost": 1000000558454.38, "Plan Rows": 10, "Plan Width": 8, "Plans": [{"Node Type": "Index Scan", "Parent Relationship": "Outer", "Scan Direction": "Forward", "Index Name": "supplier_pkey", "Relation Name": "supplier", "Alias": "supplier", "Startup Cost": 10000000000.0, "Total Cost": 1000000558454.38, "Plan Rows": 10, "Plan Width": 8, "Filter": "((s_comment)::text ~~ '%Customer%Complaints%'::text)"}]}]}]}]}]}, "Unique SQL Id": 1437012347}, "explain_analyze_plan": null}, "(64, 80)": {"explain_plan": {"Plan": {"Node Type": "Sort", "Startup Cost": 433760.59, "Total Cost": 433829.93, "Plan Rows": 27736, "Plan Width": 60, "Sort Key": ["(count(partsupp.ps_suppkey)) DESC", "part.p_brand", "part.p_type", "part.p_size"], "Plans": [{"Node Type": "Aggregate", "Strategy": "Hashed", "Parent Relationship": "Outer", "Startup Cost": 431436.38, "Total Cost": 431713.74, "Plan Rows": 27736, "Plan Width": 60, "Group By Key": ["part.p_brand", "part.p_type", "part.p_size"], "Plans": [{"Node Type": "Aggregate", "Strategy": "Hashed", "Parent Relationship": "Outer", "Startup Cost": 430881.66, "Total Cost": 431159.02, "Plan Rows": 27736, "Plan Width": 52, "Group By Key": ["part.p_brand", "part.p_type", "part.p_size", "partsupp.ps_suppkey"], "Plans": [{"Node Type": "Merge Join", "Parent Relationship": "Outer", "Join Type": "Anti", "Startup Cost": 415925.62, "Total Cost": 420199.03, "Plan Rows": 854611, "Plan Width": 44, "Inner Unique": false, "Merge Cond": "(partsupp.ps_suppkey = supplier.s_suppkey)", "Plans": [{"Node Type": "Sort", "Parent Relationship": "Outer", "Startup Cost": 412392.45, "Total Cost": 414529.01, "Plan Rows": 854625, "Plan Width": 44, "Sort Key": ["partsupp.ps_suppkey"], "Plans": [{"Node Type": "Nested Loop", "Parent Relationship": "Outer", "Join Type": "Inner", "Startup Cost": 0.0, "Total Cost": 328190.81, "Plan Rows": 854625, "Plan Width": 44, "Inner Unique": false, "Plans": [{"Node Type": "Streaming(type: LOCAL GATHER dop: 1/64)", "Parent Relationship": "Outer", "Startup Cost": 0.0, "Total Cost": 70539.85, "Plan Rows": 295844, "Plan Width": 44, "Plans": [{"Node Type": "Seq Scan", "Parent Relationship": "Outer", "Relation Name": "part", "Alias": "part", "Startup Cost": 0.0, "Total Cost": 64436.62, "Plan Rows": 295844, "Plan Width": 44, "Filter": "((p_brand <> 'Brand#34'::bpchar) AND ((p_type)::text !~~ 'LARGE BRUSHED%'::text) AND (p_size = ANY ('{48,19,12,4,41,7,21,39}'::integer[]))), (LLVM Optimized)"}]}, {"Node Type": "Index Only Scan", "Parent Relationship": "Inner", "Scan Direction": "Forward", "Index Name": "partsupp_pkey", "Relation Name": "partsupp", "Alias": "partsupp", "Startup Cost": 0.0, "Total Cost": 0.84, "Plan Rows": 3, "Plan Width": 16, "Index Cond": "(ps_partkey = part.p_partkey)"}]}]}, {"Node Type": "Sort", "Parent Relationship": "Inner", "Startup Cost": 3533.17, "Total Cost": 3533.19, "Plan Rows": 10, "Plan Width": 8, "Sort Key": ["supplier.s_suppkey"], "Plans": [{"Node Type": "Seq Scan", "Parent Relationship": "Outer", "Relation Name": "supplier", "Alias": "supplier", "Startup Cost": 0.0, "Total Cost": 3533.0, "Plan Rows": 10, "Plan Width": 8, "Filter": "((s_comment)::text ~~ '%Customer%Complaints%'::text)"}]}]}]}]}]}, "Unique SQL Id": 1437012347}, "explain_analyze_plan": {"Plan": {"Node Type": "Sort", "Startup Cost": 433760.59, "Total Cost": 433829.93, "Plan Rows": 27736, "Plan Width": 60, "Actual Min Startup Time": 5415.833, "Actual Max Startup Time": 5415.833, "Actual Min Total Time": 5418.753, "Actual Max Total Time": 5418.753, "Actual Total Rows": 27838, "Sort Key": ["(count(partsupp.ps_suppkey)) DESC", "part.p_brand", "part.p_type", "part.p_size"], "Sort Method": "quicksort", "Sort Space Min Used": 5082, "Sort Space Max Used": 5082, "Sort Space Type": "Memory", "Plans": [{"Node Type": "Aggregate", "Strategy": "Hashed", "Parent Relationship": "Outer", "Startup Cost": 431436.38, "Total Cost": 431713.74, "Plan Rows": 27736, "Plan Width": 60, "Actual Min Startup Time": 5316.343, "Actual Max Startup Time": 5316.343, "Actual Min Total Time": 5325.438, "Actual Max Total Time": 5325.438, "Actual Total Rows": 27838, "Group By Key": ["part.p_brand", "part.p_type", "part.p_size"], "Plans": [{"Node Type": "Aggregate", "Strategy": "Hashed", "Parent Relationship": "Outer", "Startup Cost": 430881.66, "Total Cost": 431159.02, "Plan Rows": 27736, "Plan Width": 52, "Actual Min Startup Time": 3756.511, "Actual Max Startup Time": 3756.511, "Actual Min Total Time": 4332.721, "Actual Max Total Time": 4332.721, "Actual Total Rows": 1188428, "Group By Key": ["part.p_brand", "part.p_type", "part.p_size", "partsupp.ps_suppkey"], "Plans": [{"Node Type": "Merge Join", "Parent Relationship": "Outer", "Join Type": "Anti", "Startup Cost": 415925.62, "Total Cost": 420199.03, "Plan Rows": 854611, "Plan Width": 44, "Actual Min Startup Time": 2205.055, "Actual Max Startup Time": 2205.055, "Actual Min Total Time": 2821.757, "Actual Max Total Time": 2821.757, "Actual Total Rows": 1188666, "Inner Unique": false, "Merge Cond": "(partsupp.ps_suppkey = supplier.s_suppkey)", "Plans": [{"Node Type": "Sort", "Parent Relationship": "Outer", "Startup Cost": 412392.45, "Total Cost": 414529.01, "Plan Rows": 854625, "Plan Width": 44, "Actual Min Startup Time": 2148.352, "Actual Max Startup Time": 2148.352, "Actual Min Total Time": 2450.81, "Actual Max Total Time": 2450.81, "Actual Total Rows": 1189344, "Sort Key": ["partsupp.ps_suppkey"], "Sort Method": "quicksort", "Sort Space Min Used": 233478, "Sort Space Max Used": 233478, "Sort Space Type": "Memory", "Plans": [{"Node Type": "Nested Loop", "Parent Relationship": "Outer", "Join Type": "Inner", "Startup Cost": 0.0, "Total Cost": 328190.81, "Plan Rows": 854625, "Plan Width": 44, "Actual Min Startup Time": 86.5, "Actual Max Startup Time": 86.5, "Actual Min Total Time": 1617.24, "Actual Max Total Time": 1617.24, "Actual Total Rows": 1189344, "Inner Unique": false, "Plans": [{"Node Type": "Streaming(type: LOCAL GATHER dop: 1/64)", "Parent Relationship": "Outer", "Startup Cost": 0.0, "Total Cost": 70539.85, "Plan Rows": 295844, "Plan Width": 44, "Actual Min Startup Time": 86.449, "Actual Max Startup Time": 86.449, "Actual Min Total Time": 203.062, "Actual Max Total Time": 203.062, "Actual Total Rows": 297336, "Plans": [{"Node Type": "Seq Scan", "Parent Relationship": "Outer", "Relation Name": "part", "Alias": "part", "Startup Cost": 0.0, "Total Cost": 64436.62, "Plan Rows": 295844, "Plan Width": 44, "Actual Min Startup Time": 0.028, "Actual Max Startup Time": 0.068, "Actual Min Total Time": 22.819, "Actual Max Total Time": 28.661, "Actual Total Rows": 297336, "Filter": "((p_brand <> 'Brand#34'::bpchar) AND ((p_type)::text !~~ 'LARGE BRUSHED%'::text) AND (p_size = ANY ('{48,19,12,4,41,7,21,39}'::integer[]))), (LLVM Optimized, Jit Execute)", "Rows Removed by Filter": 1702664}]}, {"Node Type": "Index Only Scan", "Parent Relationship": "Inner", "Scan Direction": "Forward", "Index Name": "partsupp_pkey", "Relation Name": "partsupp", "Alias": "partsupp", "Startup Cost": 0.0, "Total Cost": 0.84, "Plan Rows": 3, "Plan Width": 16, "Actual Min Startup Time": 835.49, "Actual Max Startup Time": 835.49, "Actual Min Total Time": 1051.915, "Actual Max Total Time": 1051.915, "Actual Total Rows": 1189344, "Index Cond": "(ps_partkey = part.p_partkey)", "Rows Removed by Index Recheck": 0, "Heap Fetches": 0}]}]}, {"Node Type": "Sort", "Parent Relationship": "Inner", "Startup Cost": 3533.17, "Total Cost": 3533.19, "Plan Rows": 10, "Plan Width": 8, "Actual Min Startup Time": 56.692, "Actual Max Startup Time": 56.692, "Actual Min Total Time": 56.71, "Actual Max Total Time": 56.71, "Actual Total Rows": 56, "Sort Key": ["supplier.s_suppkey"], "Sort Method": "quicksort", "Sort Space Min Used": 28, "Sort Space Max Used": 28, "Sort Space Type": "Memory", "Plans": [{"Node Type": "Seq Scan", "Parent Relationship": "Outer", "Relation Name": "supplier", "Alias": "supplier", "Startup Cost": 0.0, "Total Cost": 3533.0, "Plan Rows": 10, "Plan Width": 8, "Actual Min Startup Time": 0.275, "Actual Max Startup Time": 0.275, "Actual Min Total Time": 56.613, "Actual Max Total Time": 56.613, "Actual Total Rows": 56, "Filter": "((s_comment)::text ~~ '%Customer%Complaints%'::text)", "Rows Removed by Filter": 99944}]}]}]}]}]}, "Triggers": [], "Planner Runtime": 1.369, "Total Runtime": 5441.209, "Unique SQL Id": 1437012347}}, "(64, 81)": {"explain_plan": {"Plan": {"Node Type": "Sort", "Startup Cost": 496075.36, "Total Cost": 496144.7, "Plan Rows": 27736, "Plan Width": 60, "Sort Key": ["(count(partsupp.ps_suppkey)) DESC", "part.p_brand", "part.p_type", "part.p_size"], "Plans": [{"Node Type": "Aggregate", "Strategy": "Hashed", "Parent Relationship": "Outer", "Startup Cost": 493751.16, "Total Cost": 494028.52, "Plan Rows": 27736, "Plan Width": 60, "Group By Key": ["part.p_brand", "part.p_type", "part.p_size"], "Plans": [{"Node Type": "Aggregate", "Strategy": "Hashed", "Parent Relationship": "Outer", "Startup Cost": 493196.44, "Total Cost": 493473.8, "Plan Rows": 27736, "Plan Width": 52, "Group By Key": ["part.p_brand", "part.p_type", "part.p_size", "partsupp.ps_suppkey"], "Plans": [{"Node Type": "Merge Join", "Parent Relationship": "Outer", "Join Type": "Anti", "Startup Cost": 472655.85, "Total Cost": 482513.8, "Plan Rows": 854611, "Plan Width": 44, "Inner Unique": false, "Merge Cond": "(partsupp.ps_suppkey = supplier.s_suppkey)", "Plans": [{"Node Type": "Sort", "Parent Relationship": "Outer", "Startup Cost": 472655.85, "Total Cost": 474792.41, "Plan Rows": 854625, "Plan Width": 44, "Sort Key": ["partsupp.ps_suppkey"], "Plans": [{"Node Type": "Nested Loop", "Parent Relationship": "Outer", "Join Type": "Inner", "Startup Cost": 0.0, "Total Cost": 388454.21, "Plan Rows": 854625, "Plan Width": 44, "Inner Unique": false, "Plans": [{"Node Type": "Index Scan", "Parent Relationship": "Outer", "Scan Direction": "Forward", "Index Name": "part_kpey", "Relation Name": "part", "Alias": "part", "Startup Cost": 0.0, "Total Cost": 130803.25, "Plan Rows": 295844, "Plan Width": 44, "Filter": "((p_brand <> 'Brand#34'::bpchar) AND ((p_type)::text !~~ 'LARGE BRUSHED%'::text) AND (p_size = ANY ('{48,19,12,4,41,7,21,39}'::integer[]))), (LLVM Optimized)"}, {"Node Type": "Index Only Scan", "Parent Relationship": "Inner", "Scan Direction": "Forward", "Index Name": "partsupp_pkey", "Relation Name": "partsupp", "Alias": "partsupp", "Startup Cost": 0.0, "Total Cost": 0.84, "Plan Rows": 3, "Plan Width": 16, "Index Cond": "(ps_partkey = part.p_partkey)"}]}]}, {"Node Type": "Materialize", "Parent Relationship": "Inner", "Startup Cost": 0.0, "Total Cost": 5584.57, "Plan Rows": 10, "Plan Width": 8, "Plans": [{"Node Type": "Index Scan", "Parent Relationship": "Outer", "Scan Direction": "Forward", "Index Name": "supplier_pkey", "Relation Name": "supplier", "Alias": "supplier", "Startup Cost": 0.0, "Total Cost": 5584.54, "Plan Rows": 10, "Plan Width": 8, "Filter": "((s_comment)::text ~~ '%Customer%Complaints%'::text)"}]}]}]}]}]}, "Unique SQL Id": 1437012347}, "explain_analyze_plan": {"Plan": {"Node Type": "Sort", "Startup Cost": 496075.36, "Total Cost": 496144.7, "Plan Rows": 27736, "Plan Width": 60, "Actual Startup Time": 7108.966, "Actual Total Time": 7111.899, "Actual Rows": 27838, "Actual Loops": 1, "Sort Key": ["(count(partsupp.ps_suppkey)) DESC", "part.p_brand", "part.p_type", "part.p_size"], "Sort Method": "quicksort", "Sort Space Used": 5082, "Sort Space Type": "Memory", "Plans": [{"Node Type": "Aggregate", "Strategy": "Hashed", "Parent Relationship": "Outer", "Startup Cost": 493751.16, "Total Cost": 494028.52, "Plan Rows": 27736, "Plan Width": 60, "Actual Startup Time": 7009.153, "Actual Total Time": 7019.483, "Actual Rows": 27838, "Actual Loops": 1, "Group By Key": ["part.p_brand", "part.p_type", "part.p_size"], "Plans": [{"Node Type": "Aggregate", "Strategy": "Hashed", "Parent Relationship": "Outer", "Startup Cost": 493196.44, "Total Cost": 493473.8, "Plan Rows": 27736, "Plan Width": 52, "Actual Startup Time": 5472.391, "Actual Total Time": 6052.79, "Actual Rows": 1188428, "Actual Loops": 1, "Group By Key": ["part.p_brand", "part.p_type", "part.p_size", "partsupp.ps_suppkey"], "Plans": [{"Node Type": "Merge Join", "Parent Relationship": "Outer", "Join Type": "Anti", "Startup Cost": 472655.85, "Total Cost": 482513.8, "Plan Rows": 854611, "Plan Width": 44, "Actual Startup Time": 3916.394, "Actual Total Time": 4566.198, "Actual Rows": 1188666, "Actual Loops": 1, "Inner Unique": false, "Merge Cond": "(partsupp.ps_suppkey = supplier.s_suppkey)", "Plans": [{"Node Type": "Sort", "Parent Relationship": "Outer", "Startup Cost": 472655.85, "Total Cost": 474792.41, "Plan Rows": 854625, "Plan Width": 44, "Actual Startup Time": 3916.038, "Actual Total Time": 4174.287, "Actual Rows": 1189344, "Actual Loops": 1, "Sort Key": ["partsupp.ps_suppkey"], "Sort Method": "quicksort", "Sort Space Used": 233478, "Sort Space Type": "Memory", "Plans": [{"Node Type": "Nested Loop", "Parent Relationship": "Outer", "Join Type": "Inner", "Startup Cost": 0.0, "Total Cost": 388454.21, "Plan Rows": 854625, "Plan Width": 44, "Actual Startup Time": 0.063, "Actual Total Time": 3390.454, "Actual Rows": 1189344, "Actual Loops": 1, "Inner Unique": false, "Plans": [{"Node Type": "Index Scan", "Parent Relationship": "Outer", "Scan Direction": "Forward", "Index Name": "part_kpey", "Relation Name": "part", "Alias": "part", "Startup Cost": 0.0, "Total Cost": 130803.25, "Plan Rows": 295844, "Plan Width": 44, "Actual Startup Time": 0.044, "Actual Total Time": 1899.481, "Actual Rows": 297336, "Actual Loops": 1, "Filter": "((p_brand <> 'Brand#34'::bpchar) AND ((p_type)::text !~~ 'LARGE BRUSHED%'::text) AND (p_size = ANY ('{48,19,12,4,41,7,21,39}'::integer[]))), (LLVM Optimized, Jit Execute)", "Rows Removed by Filter": 1702664}, {"Node Type": "Index Only Scan", "Parent Relationship": "Inner", "Scan Direction": "Forward", "Index Name": "partsupp_pkey", "Relation Name": "partsupp", "Alias": "partsupp", "Startup Cost": 0.0, "Total Cost": 0.84, "Plan Rows": 3, "Plan Width": 16, "Actual Startup Time": 865.272, "Actual Total Time": 1082.768, "Actual Rows": 1189344, "Actual Loops": 297336, "Index Cond": "(ps_partkey = part.p_partkey)", "Rows Removed by Index Recheck": 0, "Heap Fetches": 0}]}]}, {"Node Type": "Materialize", "Parent Relationship": "Inner", "Startup Cost": 0.0, "Total Cost": 5584.57, "Plan Rows": 10, "Plan Width": 8, "Actual Startup Time": 0.343, "Actual Total Time": 79.897, "Actual Rows": 56, "Actual Loops": 1, "Plans": [{"Node Type": "Index Scan", "Parent Relationship": "Outer", "Scan Direction": "Forward", "Index Name": "supplier_pkey", "Relation Name": "supplier", "Alias": "supplier", "Startup Cost": 0.0, "Total Cost": 5584.54, "Plan Rows": 10, "Plan Width": 8, "Actual Startup Time": 0.336, "Actual Total Time": 79.845, "Actual Rows": 56, "Actual Loops": 1, "Filter": "((s_comment)::text ~~ '%Customer%Complaints%'::text)", "Rows Removed by Filter": 99944}]}]}]}]}]}, "Triggers": [], "Planner Runtime": 1.385, "Total Runtime": 7123.219, "Unique SQL Id": 1437012347}}, "(64, 82)": {"explain_plan": {"Plan": {"Node Type": "Sort", "Startup Cost": 1581786.47, "Total Cost": 1581855.81, "Plan Rows": 27736, "Plan Width": 60, "Sort Key": ["(count(partsupp.ps_suppkey)) DESC", "part.p_brand", "part.p_type", "part.p_size"], "Plans": [{"Node Type": "Aggregate", "Strategy": "Hashed", "Parent Relationship": "Outer", "Startup Cost": 1579462.27, "Total Cost": 1579739.63, "Plan Rows": 27736, "Plan Width": 60, "Group By Key": ["part.p_brand", "part.p_type", "part.p_size"], "Plans": [{"Node Type": "Aggregate", "Strategy": "Hashed", "Parent Relationship": "Outer", "Startup Cost": 1578907.55, "Total Cost": 1579184.91, "Plan Rows": 27736, "Plan Width": 52, "Group By Key": ["part.p_brand", "part.p_type", "part.p_size", "partsupp.ps_suppkey"], "Plans": [{"Node Type": "Merge Join", "Parent Relationship": "Outer", "Join Type": "Anti", "Startup Cost": 1563951.5, "Total Cost": 1568224.91, "Plan Rows": 854611, "Plan Width": 44, "Inner Unique": false, "Merge Cond": "(partsupp.ps_suppkey = supplier.s_suppkey)", "Plans": [{"Node Type": "Sort", "Parent Relationship": "Outer", "Startup Cost": 1560418.33, "Total Cost": 1562554.9, "Plan Rows": 854625, "Plan Width": 44, "Sort Key": ["partsupp.ps_suppkey"], "Plans": [{"Node Type": "Nested Loop", "Parent Relationship": "Outer", "Join Type": "Inner", "Startup Cost": 0.68, "Total Cost": 1476216.7, "Plan Rows": 854625, "Plan Width": 44, "Inner Unique": false, "Plans": [{"Node Type": "Streaming(type: LOCAL GATHER dop: 1/64)", "Parent Relationship": "Outer", "Startup Cost": 0.0, "Total Cost": 70539.85, "Plan Rows": 295844, "Plan Width": 44, "Plans": [{"Node Type": "Seq Scan", "Parent Relationship": "Outer", "Relation Name": "part", "Alias": "part", "Startup Cost": 0.0, "Total Cost": 64436.62, "Plan Rows": 295844, "Plan Width": 44, "Filter": "((p_brand <> 'Brand#34'::bpchar) AND ((p_type)::text !~~ 'LARGE BRUSHED%'::text) AND (p_size = ANY ('{48,19,12,4,41,7,21,39}'::integer[]))), (LLVM Optimized)"}]}, {"Node Type": "Bitmap Heap Scan", "Parent Relationship": "Inner", "Relation Name": "partsupp", "Alias": "partsupp", "Startup Cost": 0.68, "Total Cost": 4.72, "Plan Rows": 3, "Plan Width": 16, "Recheck Cond": "(ps_partkey = part.p_partkey)", "Plans": [{"Node Type": "Bitmap Index Scan", "Parent Relationship": "Outer", "Index Name": "idx_partsupp_partkey", "Startup Cost": 0.0, "Total Cost": 0.68, "Plan Rows": 3, "Plan Width": 0, "Index Cond": "(ps_partkey = part.p_partkey)"}]}]}]}, {"Node Type": "Sort", "Parent Relationship": "Inner", "Startup Cost": 3533.17, "Total Cost": 3533.19, "Plan Rows": 10, "Plan Width": 8, "Sort Key": ["supplier.s_suppkey"], "Plans": [{"Node Type": "Seq Scan", "Parent Relationship": "Outer", "Relation Name": "supplier", "Alias": "supplier", "Startup Cost": 0.0, "Total Cost": 3533.0, "Plan Rows": 10, "Plan Width": 8, "Filter": "((s_comment)::text ~~ '%Customer%Complaints%'::text)"}]}]}]}]}]}, "Unique SQL Id": 1437012347}, "explain_analyze_plan": {"Plan": {"Node Type": "Sort", "Startup Cost": 1581786.47, "Total Cost": 1581855.81, "Plan Rows": 27736, "Plan Width": 60, "Actual Min Startup Time": 6479.191, "Actual Max Startup Time": 6479.191, "Actual Min Total Time": 6482.038, "Actual Max Total Time": 6482.038, "Actual Total Rows": 27838, "Sort Key": ["(count(partsupp.ps_suppkey)) DESC", "part.p_brand", "part.p_type", "part.p_size"], "Sort Method": "quicksort", "Sort Space Min Used": 5082, "Sort Space Max Used": 5082, "Sort Space Type": "Memory", "Plans": [{"Node Type": "Aggregate", "Strategy": "Hashed", "Parent Relationship": "Outer", "Startup Cost": 1579462.27, "Total Cost": 1579739.63, "Plan Rows": 27736, "Plan Width": 60, "Actual Min Startup Time": 6380.48, "Actual Max Startup Time": 6380.48, "Actual Min Total Time": 6389.068, "Actual Max Total Time": 6389.068, "Actual Total Rows": 27838, "Group By Key": ["part.p_brand", "part.p_type", "part.p_size"], "Plans": [{"Node Type": "Aggregate", "Strategy": "Hashed", "Parent Relationship": "Outer", "Startup Cost": 1578907.55, "Total Cost": 1579184.91, "Plan Rows": 27736, "Plan Width": 52, "Actual Min Startup Time": 4915.444, "Actual Max Startup Time": 4915.444, "Actual Min Total Time": 5425.604, "Actual Max Total Time": 5425.604, "Actual Total Rows": 1188428, "Group By Key": ["part.p_brand", "part.p_type", "part.p_size", "partsupp.ps_suppkey"], "Plans": [{"Node Type": "Merge Join", "Parent Relationship": "Outer", "Join Type": "Anti", "Startup Cost": 1563951.5, "Total Cost": 1568224.91, "Plan Rows": 854611, "Plan Width": 44, "Actual Min Startup Time": 3330.233, "Actual Max Startup Time": 3330.233, "Actual Min Total Time": 3950.097, "Actual Max Total Time": 3950.097, "Actual Total Rows": 1188666, "Inner Unique": false, "Merge Cond": "(partsupp.ps_suppkey = supplier.s_suppkey)", "Plans": [{"Node Type": "Sort", "Parent Relationship": "Outer", "Startup Cost": 1560418.33, "Total Cost": 1562554.9, "Plan Rows": 854625, "Plan Width": 44, "Actual Min Startup Time": 3278.226, "Actual Max Startup Time": 3278.226, "Actual Min Total Time": 3579.065, "Actual Max Total Time": 3579.065, "Actual Total Rows": 1189344, "Sort Key": ["partsupp.ps_suppkey"], "Sort Method": "quicksort", "Sort Space Min Used": 233478, "Sort Space Max Used": 233478, "Sort Space Type": "Memory", "Plans": [{"Node Type": "Nested Loop", "Parent Relationship": "Outer", "Join Type": "Inner", "Startup Cost": 0.68, "Total Cost": 1476216.7, "Plan Rows": 854625, "Plan Width": 44, "Actual Min Startup Time": 74.283, "Actual Max Startup Time": 74.283, "Actual Min Total Time": 2747.386, "Actual Max Total Time": 2747.386, "Actual Total Rows": 1189344, "Inner Unique": false, "Plans": [{"Node Type": "Streaming(type: LOCAL GATHER dop: 1/64)", "Parent Relationship": "Outer", "Startup Cost": 0.0, "Total Cost": 70539.85, "Plan Rows": 295844, "Plan Width": 44, "Actual Min Startup Time": 74.097, "Actual Max Startup Time": 74.097, "Actual Min Total Time": 199.81, "Actual Max Total Time": 199.81, "Actual Total Rows": 297336, "Plans": [{"Node Type": "Seq Scan", "Parent Relationship": "Outer", "Relation Name": "part", "Alias": "part", "Startup Cost": 0.0, "Total Cost": 64436.62, "Plan Rows": 295844, "Plan Width": 44, "Actual Min Startup Time": 0.026, "Actual Max Startup Time": 0.078, "Actual Min Total Time": 17.933, "Actual Max Total Time": 28.65, "Actual Total Rows": 297336, "Filter": "((p_brand <> 'Brand#34'::bpchar) AND ((p_type)::text !~~ 'LARGE BRUSHED%'::text) AND (p_size = ANY ('{48,19,12,4,41,7,21,39}'::integer[]))), (LLVM Optimized, Jit Execute)", "Rows Removed by Filter": 1702664}]}, {"Node Type": "Bitmap Heap Scan", "Parent Relationship": "Inner", "Relation Name": "partsupp", "Alias": "partsupp", "Startup Cost": 0.68, "Total Cost": 4.72, "Plan Rows": 3, "Plan Width": 16, "Actual Min Startup Time": 1764.438, "Actual Max Startup Time": 1764.438, "Actual Min Total Time": 1966.728, "Actual Max Total Time": 1966.728, "Actual Total Rows": 1189344, "Recheck Cond": "(ps_partkey = part.p_partkey)", "Rows Removed by Index Recheck": 0, "Exact Heap Blocks": 324809, "Lossy Heap Blocks": 324809, "Plans": [{"Node Type": "Bitmap Index Scan", "Parent Relationship": "Outer", "Index Name": "idx_partsupp_partkey", "Startup Cost": 0.0, "Total Cost": 0.68, "Plan Rows": 3, "Plan Width": 0, "Actual Min Startup Time": 936.685, "Actual Max Startup Time": 936.685, "Actual Min Total Time": 936.685, "Actual Max Total Time": 936.685, "Actual Total Rows": 1189344, "Index Cond": "(ps_partkey = part.p_partkey)"}]}]}]}, {"Node Type": "Sort", "Parent Relationship": "Inner", "Startup Cost": 3533.17, "Total Cost": 3533.19, "Plan Rows": 10, "Plan Width": 8, "Actual Min Startup Time": 51.991, "Actual Max Startup Time": 51.991, "Actual Min Total Time": 52.014, "Actual Max Total Time": 52.014, "Actual Total Rows": 56, "Sort Key": ["supplier.s_suppkey"], "Sort Method": "quicksort", "Sort Space Min Used": 28, "Sort Space Max Used": 28, "Sort Space Type": "Memory", "Plans": [{"Node Type": "Seq Scan", "Parent Relationship": "Outer", "Relation Name": "supplier", "Alias": "supplier", "Startup Cost": 0.0, "Total Cost": 3533.0, "Plan Rows": 10, "Plan Width": 8, "Actual Min Startup Time": 0.266, "Actual Max Startup Time": 0.266, "Actual Min Total Time": 51.897, "Actual Max Total Time": 51.897, "Actual Total Rows": 56, "Filter": "((s_comment)::text ~~ '%Customer%Complaints%'::text)", "Rows Removed by Filter": 99944}]}]}]}]}]}, "Triggers": [], "Planner Runtime": 1.494, "Total Runtime": 6505.226, "Unique SQL Id": 1437012347}}, "(64, 83)": {"explain_plan": {"Plan": {"Node Type": "Sort", "Startup Cost": 1644169.08, "Total Cost": 1644238.42, "Plan Rows": 27736, "Plan Width": 60, "Sort Key": ["(count(partsupp.ps_suppkey)) DESC", "part.p_brand", "part.p_type", "part.p_size"], "Plans": [{"Node Type": "Aggregate", "Strategy": "Hashed", "Parent Relationship": "Outer", "Startup Cost": 1641844.88, "Total Cost": 1642122.24, "Plan Rows": 27736, "Plan Width": 60, "Group By Key": ["part.p_brand", "part.p_type", "part.p_size"], "Plans": [{"Node Type": "Aggregate", "Strategy": "Hashed", "Parent Relationship": "Outer", "Startup Cost": 1641290.16, "Total Cost": 1641567.52, "Plan Rows": 27736, "Plan Width": 52, "Group By Key": ["part.p_brand", "part.p_type", "part.p_size", "partsupp.ps_suppkey"], "Plans": [{"Node Type": "Merge Join", "Parent Relationship": "Outer", "Join Type": "Anti", "Startup Cost": 1626334.11, "Total Cost": 1630607.52, "Plan Rows": 854611, "Plan Width": 44, "Inner Unique": false, "Merge Cond": "(partsupp.ps_suppkey = supplier.s_suppkey)", "Plans": [{"Node Type": "Sort", "Parent Relationship": "Outer", "Startup Cost": 1620752.69, "Total Cost": 1622889.25, "Plan Rows": 854625, "Plan Width": 44, "Sort Key": ["partsupp.ps_suppkey"], "Plans": [{"Node Type": "Nested Loop", "Parent Relationship": "Outer", "Join Type": "Inner", "Startup Cost": 38930.89, "Total Cost": 1536551.05, "Plan Rows": 854625, "Plan Width": 44, "Inner Unique": false, "Plans": [{"Node Type": "Bitmap Heap Scan", "Parent Relationship": "Outer", "Relation Name": "part", "Alias": "part", "Startup Cost": 38930.21, "Total Cost": 130874.21, "Plan Rows": 295844, "Plan Width": 44, "Filter": "((p_brand <> 'Brand#34'::bpchar) AND ((p_type)::text !~~ 'LARGE BRUSHED%'::text) AND (p_size = ANY ('{48,19,12,4,41,7,21,39}'::integer[]))), (LLVM Optimized)", "Plans": [{"Node Type": "Bitmap Index Scan", "Parent Relationship": "Outer", "Index Name": "part_kpey", "Startup Cost": 0.0, "Total Cost": 38856.25, "Plan Rows": 2000000, "Plan Width": 0}]}, {"Node Type": "Bitmap Heap Scan", "Parent Relationship": "Inner", "Relation Name": "partsupp", "Alias": "partsupp", "Startup Cost": 0.68, "Total Cost": 4.72, "Plan Rows": 3, "Plan Width": 16, "Recheck Cond": "(ps_partkey = part.p_partkey)", "Plans": [{"Node Type": "Bitmap Index Scan", "Parent Relationship": "Outer", "Index Name": "idx_partsupp_partkey", "Startup Cost": 0.0, "Total Cost": 0.68, "Plan Rows": 3, "Plan Width": 0, "Index Cond": "(ps_partkey = part.p_partkey)"}]}]}]}, {"Node Type": "Sort", "Parent Relationship": "Inner", "Startup Cost": 5581.42, "Total Cost": 5581.44, "Plan Rows": 10, "Plan Width": 8, "Sort Key": ["supplier.s_suppkey"], "Plans": [{"Node Type": "Bitmap Heap Scan", "Parent Relationship": "Outer", "Relation Name": "supplier", "Alias": "supplier", "Startup Cost": 2048.25, "Total Cost": 5581.25, "Plan Rows": 10, "Plan Width": 8, "Filter": "((s_comment)::text ~~ '%Customer%Complaints%'::text)", "Plans": [{"Node Type": "Bitmap Index Scan", "Parent Relationship": "Outer", "Index Name": "supplier_pkey", "Startup Cost": 0.0, "Total Cost": 2048.25, "Plan Rows": 100000, "Plan Width": 0}]}]}]}]}]}]}, "Unique SQL Id": 1437012347}, "explain_analyze_plan": null}, "(64, 84)": {"explain_plan": {"Plan": {"Node Type": "Sort", "Startup Cost": 697138.19, "Total Cost": 697207.53, "Plan Rows": 27736, "Plan Width": 60, "Sort Key": ["(count(partsupp.ps_suppkey)) DESC", "part.p_brand", "part.p_type", "part.p_size"], "Plans": [{"Node Type": "Aggregate", "Strategy": "Hashed", "Parent Relationship": "Outer", "Startup Cost": 694813.99, "Total Cost": 695091.35, "Plan Rows": 27736, "Plan Width": 60, "Group By Key": ["part.p_brand", "part.p_type", "part.p_size"], "Plans": [{"Node Type": "Aggregate", "Strategy": "Hashed", "Parent Relationship": "Outer", "Startup Cost": 694259.27, "Total Cost": 694536.63, "Plan Rows": 27736, "Plan Width": 52, "Group By Key": ["part.p_brand", "part.p_type", "part.p_size", "partsupp.ps_suppkey"], "Plans": [{"Node Type": "Merge Join", "Parent Relationship": "Outer", "Join Type": "Anti", "Startup Cost": 679303.22, "Total Cost": 683576.63, "Plan Rows": 854611, "Plan Width": 44, "Inner Unique": false, "Merge Cond": "(partsupp.ps_suppkey = supplier.s_suppkey)", "Plans": [{"Node Type": "Sort", "Parent Relationship": "Outer", "Startup Cost": 675770.05, "Total Cost": 677906.61, "Plan Rows": 854625, "Plan Width": 44, "Sort Key": ["partsupp.ps_suppkey"], "Plans": [{"Node Type": "Merge Join", "Parent Relationship": "Outer", "Join Type": "Inner", "Startup Cost": 7.9, "Total Cost": 591568.41, "Plan Rows": 854625, "Plan Width": 44, "Inner Unique": false, "Merge Cond": "(part.p_partkey = partsupp.ps_partkey)", "Plans": [{"Node Type": "Index Scan", "Parent Relationship": "Outer", "Scan Direction": "Forward", "Index Name": "part_kpey", "Relation Name": "part", "Alias": "part", "Startup Cost": 0.0, "Total Cost": 130803.25, "Plan Rows": 295844, "Plan Width": 44, "Filter": "((p_brand <> 'Brand#34'::bpchar) AND ((p_type)::text !~~ 'LARGE BRUSHED%'::text) AND (p_size = ANY ('{48,19,12,4,41,7,21,39}'::integer[]))), (LLVM Optimized)"}, {"Node Type": "Index Scan", "Parent Relationship": "Inner", "Scan Direction": "Forward", "Index Name": "idx_partsupp_partkey", "Relation Name": "partsupp", "Alias": "partsupp", "Startup Cost": 0.0, "Total Cost": 431485.03, "Plan Rows": 8000372, "Plan Width": 16}]}]}, {"Node Type": "Sort", "Parent Relationship": "Inner", "Startup Cost": 3533.17, "Total Cost": 3533.19, "Plan Rows": 10, "Plan Width": 8, "Sort Key": ["supplier.s_suppkey"], "Plans": [{"Node Type": "Seq Scan", "Parent Relationship": "Outer", "Relation Name": "supplier", "Alias": "supplier", "Startup Cost": 0.0, "Total Cost": 3533.0, "Plan Rows": 10, "Plan Width": 8, "Filter": "((s_comment)::text ~~ '%Customer%Complaints%'::text)"}]}]}]}]}]}, "Unique SQL Id": 1437012347}, "explain_analyze_plan": null}, "(64, 85)": {"explain_plan": {"Plan": {"Node Type": "Sort", "Startup Cost": 699189.57, "Total Cost": 699258.91, "Plan Rows": 27736, "Plan Width": 60, "Sort Key": ["(count(partsupp.ps_suppkey)) DESC", "part.p_brand", "part.p_type", "part.p_size"], "Plans": [{"Node Type": "Aggregate", "Strategy": "Hashed", "Parent Relationship": "Outer", "Startup Cost": 696865.36, "Total Cost": 697142.72, "Plan Rows": 27736, "Plan Width": 60, "Group By Key": ["part.p_brand", "part.p_type", "part.p_size"], "Plans": [{"Node Type": "Aggregate", "Strategy": "Hashed", "Parent Relationship": "Outer", "Startup Cost": 696310.64, "Total Cost": 696588.0, "Plan Rows": 27736, "Plan Width": 52, "Group By Key": ["part.p_brand", "part.p_type", "part.p_size", "partsupp.ps_suppkey"], "Plans": [{"Node Type": "Merge Join", "Parent Relationship": "Outer", "Join Type": "Anti", "Startup Cost": 675770.05, "Total Cost": 685628.01, "Plan Rows": 854611, "Plan Width": 44, "Inner Unique": false, "Merge Cond": "(partsupp.ps_suppkey = supplier.s_suppkey)", "Plans": [{"Node Type": "Sort", "Parent Relationship": "Outer", "Startup Cost": 675770.05, "Total Cost": 677906.61, "Plan Rows": 854625, "Plan Width": 44, "Sort Key": ["partsupp.ps_suppkey"], "Plans": [{"Node Type": "Merge Join", "Parent Relationship": "Outer", "Join Type": "Inner", "Startup Cost": 7.9, "Total Cost": 591568.41, "Plan Rows": 854625, "Plan Width": 44, "Inner Unique": false, "Merge Cond": "(part.p_partkey = partsupp.ps_partkey)", "Plans": [{"Node Type": "Index Scan", "Parent Relationship": "Outer", "Scan Direction": "Forward", "Index Name": "part_kpey", "Relation Name": "part", "Alias": "part", "Startup Cost": 0.0, "Total Cost": 130803.25, "Plan Rows": 295844, "Plan Width": 44, "Filter": "((p_brand <> 'Brand#34'::bpchar) AND ((p_type)::text !~~ 'LARGE BRUSHED%'::text) AND (p_size = ANY ('{48,19,12,4,41,7,21,39}'::integer[]))), (LLVM Optimized)"}, {"Node Type": "Index Scan", "Parent Relationship": "Inner", "Scan Direction": "Forward", "Index Name": "idx_partsupp_partkey", "Relation Name": "partsupp", "Alias": "partsupp", "Startup Cost": 0.0, "Total Cost": 431485.03, "Plan Rows": 8000372, "Plan Width": 16}]}]}, {"Node Type": "Materialize", "Parent Relationship": "Inner", "Startup Cost": 0.0, "Total Cost": 5584.57, "Plan Rows": 10, "Plan Width": 8, "Plans": [{"Node Type": "Index Scan", "Parent Relationship": "Outer", "Scan Direction": "Forward", "Index Name": "supplier_pkey", "Relation Name": "supplier", "Alias": "supplier", "Startup Cost": 0.0, "Total Cost": 5584.54, "Plan Rows": 10, "Plan Width": 8, "Filter": "((s_comment)::text ~~ '%Customer%Complaints%'::text)"}]}]}]}]}]}, "Unique SQL Id": 1437012347}, "explain_analyze_plan": null}, "(64, 86)": {"explain_plan": {"Plan": {"Node Type": "Sort", "Startup Cost": 1581786.47, "Total Cost": 1581855.81, "Plan Rows": 27736, "Plan Width": 60, "Sort Key": ["(count(partsupp.ps_suppkey)) DESC", "part.p_brand", "part.p_type", "part.p_size"], "Plans": [{"Node Type": "Aggregate", "Strategy": "Hashed", "Parent Relationship": "Outer", "Startup Cost": 1579462.27, "Total Cost": 1579739.63, "Plan Rows": 27736, "Plan Width": 60, "Group By Key": ["part.p_brand", "part.p_type", "part.p_size"], "Plans": [{"Node Type": "Aggregate", "Strategy": "Hashed", "Parent Relationship": "Outer", "Startup Cost": 1578907.55, "Total Cost": 1579184.91, "Plan Rows": 27736, "Plan Width": 52, "Group By Key": ["part.p_brand", "part.p_type", "part.p_size", "partsupp.ps_suppkey"], "Plans": [{"Node Type": "Merge Join", "Parent Relationship": "Outer", "Join Type": "Anti", "Startup Cost": 1563951.5, "Total Cost": 1568224.91, "Plan Rows": 854611, "Plan Width": 44, "Inner Unique": false, "Merge Cond": "(partsupp.ps_suppkey = supplier.s_suppkey)", "Plans": [{"Node Type": "Sort", "Parent Relationship": "Outer", "Startup Cost": 1560418.33, "Total Cost": 1562554.9, "Plan Rows": 854625, "Plan Width": 44, "Sort Key": ["partsupp.ps_suppkey"], "Plans": [{"Node Type": "Nested Loop", "Parent Relationship": "Outer", "Join Type": "Inner", "Startup Cost": 0.68, "Total Cost": 1476216.7, "Plan Rows": 854625, "Plan Width": 44, "Inner Unique": false, "Plans": [{"Node Type": "Streaming(type: LOCAL GATHER dop: 1/64)", "Parent Relationship": "Outer", "Startup Cost": 0.0, "Total Cost": 70539.85, "Plan Rows": 295844, "Plan Width": 44, "Plans": [{"Node Type": "Seq Scan", "Parent Relationship": "Outer", "Relation Name": "part", "Alias": "part", "Startup Cost": 0.0, "Total Cost": 64436.62, "Plan Rows": 295844, "Plan Width": 44, "Filter": "((p_brand <> 'Brand#34'::bpchar) AND ((p_type)::text !~~ 'LARGE BRUSHED%'::text) AND (p_size = ANY ('{48,19,12,4,41,7,21,39}'::integer[]))), (LLVM Optimized)"}]}, {"Node Type": "Bitmap Heap Scan", "Parent Relationship": "Inner", "Relation Name": "partsupp", "Alias": "partsupp", "Startup Cost": 0.68, "Total Cost": 4.72, "Plan Rows": 3, "Plan Width": 16, "Recheck Cond": "(ps_partkey = part.p_partkey)", "Plans": [{"Node Type": "Bitmap Index Scan", "Parent Relationship": "Outer", "Index Name": "idx_partsupp_partkey", "Startup Cost": 0.0, "Total Cost": 0.68, "Plan Rows": 3, "Plan Width": 0, "Index Cond": "(ps_partkey = part.p_partkey)"}]}]}]}, {"Node Type": "Sort", "Parent Relationship": "Inner", "Startup Cost": 3533.17, "Total Cost": 3533.19, "Plan Rows": 10, "Plan Width": 8, "Sort Key": ["supplier.s_suppkey"], "Plans": [{"Node Type": "Seq Scan", "Parent Relationship": "Outer", "Relation Name": "supplier", "Alias": "supplier", "Startup Cost": 0.0, "Total Cost": 3533.0, "Plan Rows": 10, "Plan Width": 8, "Filter": "((s_comment)::text ~~ '%Customer%Complaints%'::text)"}]}]}]}]}]}, "Unique SQL Id": 1437012347}, "explain_analyze_plan": {"Plan": {"Node Type": "Sort", "Startup Cost": 1581786.47, "Total Cost": 1581855.81, "Plan Rows": 27736, "Plan Width": 60, "Actual Min Startup Time": 6479.191, "Actual Max Startup Time": 6479.191, "Actual Min Total Time": 6482.038, "Actual Max Total Time": 6482.038, "Actual Total Rows": 27838, "Sort Key": ["(count(partsupp.ps_suppkey)) DESC", "part.p_brand", "part.p_type", "part.p_size"], "Sort Method": "quicksort", "Sort Space Min Used": 5082, "Sort Space Max Used": 5082, "Sort Space Type": "Memory", "Plans": [{"Node Type": "Aggregate", "Strategy": "Hashed", "Parent Relationship": "Outer", "Startup Cost": 1579462.27, "Total Cost": 1579739.63, "Plan Rows": 27736, "Plan Width": 60, "Actual Min Startup Time": 6380.48, "Actual Max Startup Time": 6380.48, "Actual Min Total Time": 6389.068, "Actual Max Total Time": 6389.068, "Actual Total Rows": 27838, "Group By Key": ["part.p_brand", "part.p_type", "part.p_size"], "Plans": [{"Node Type": "Aggregate", "Strategy": "Hashed", "Parent Relationship": "Outer", "Startup Cost": 1578907.55, "Total Cost": 1579184.91, "Plan Rows": 27736, "Plan Width": 52, "Actual Min Startup Time": 4915.444, "Actual Max Startup Time": 4915.444, "Actual Min Total Time": 5425.604, "Actual Max Total Time": 5425.604, "Actual Total Rows": 1188428, "Group By Key": ["part.p_brand", "part.p_type", "part.p_size", "partsupp.ps_suppkey"], "Plans": [{"Node Type": "Merge Join", "Parent Relationship": "Outer", "Join Type": "Anti", "Startup Cost": 1563951.5, "Total Cost": 1568224.91, "Plan Rows": 854611, "Plan Width": 44, "Actual Min Startup Time": 3330.233, "Actual Max Startup Time": 3330.233, "Actual Min Total Time": 3950.097, "Actual Max Total Time": 3950.097, "Actual Total Rows": 1188666, "Inner Unique": false, "Merge Cond": "(partsupp.ps_suppkey = supplier.s_suppkey)", "Plans": [{"Node Type": "Sort", "Parent Relationship": "Outer", "Startup Cost": 1560418.33, "Total Cost": 1562554.9, "Plan Rows": 854625, "Plan Width": 44, "Actual Min Startup Time": 3278.226, "Actual Max Startup Time": 3278.226, "Actual Min Total Time": 3579.065, "Actual Max Total Time": 3579.065, "Actual Total Rows": 1189344, "Sort Key": ["partsupp.ps_suppkey"], "Sort Method": "quicksort", "Sort Space Min Used": 233478, "Sort Space Max Used": 233478, "Sort Space Type": "Memory", "Plans": [{"Node Type": "Nested Loop", "Parent Relationship": "Outer", "Join Type": "Inner", "Startup Cost": 0.68, "Total Cost": 1476216.7, "Plan Rows": 854625, "Plan Width": 44, "Actual Min Startup Time": 74.283, "Actual Max Startup Time": 74.283, "Actual Min Total Time": 2747.386, "Actual Max Total Time": 2747.386, "Actual Total Rows": 1189344, "Inner Unique": false, "Plans": [{"Node Type": "Streaming(type: LOCAL GATHER dop: 1/64)", "Parent Relationship": "Outer", "Startup Cost": 0.0, "Total Cost": 70539.85, "Plan Rows": 295844, "Plan Width": 44, "Actual Min Startup Time": 74.097, "Actual Max Startup Time": 74.097, "Actual Min Total Time": 199.81, "Actual Max Total Time": 199.81, "Actual Total Rows": 297336, "Plans": [{"Node Type": "Seq Scan", "Parent Relationship": "Outer", "Relation Name": "part", "Alias": "part", "Startup Cost": 0.0, "Total Cost": 64436.62, "Plan Rows": 295844, "Plan Width": 44, "Actual Min Startup Time": 0.026, "Actual Max Startup Time": 0.078, "Actual Min Total Time": 17.933, "Actual Max Total Time": 28.65, "Actual Total Rows": 297336, "Filter": "((p_brand <> 'Brand#34'::bpchar) AND ((p_type)::text !~~ 'LARGE BRUSHED%'::text) AND (p_size = ANY ('{48,19,12,4,41,7,21,39}'::integer[]))), (LLVM Optimized, Jit Execute)", "Rows Removed by Filter": 1702664}]}, {"Node Type": "Bitmap Heap Scan", "Parent Relationship": "Inner", "Relation Name": "partsupp", "Alias": "partsupp", "Startup Cost": 0.68, "Total Cost": 4.72, "Plan Rows": 3, "Plan Width": 16, "Actual Min Startup Time": 1764.438, "Actual Max Startup Time": 1764.438, "Actual Min Total Time": 1966.728, "Actual Max Total Time": 1966.728, "Actual Total Rows": 1189344, "Recheck Cond": "(ps_partkey = part.p_partkey)", "Rows Removed by Index Recheck": 0, "Exact Heap Blocks": 324809, "Lossy Heap Blocks": 324809, "Plans": [{"Node Type": "Bitmap Index Scan", "Parent Relationship": "Outer", "Index Name": "idx_partsupp_partkey", "Startup Cost": 0.0, "Total Cost": 0.68, "Plan Rows": 3, "Plan Width": 0, "Actual Min Startup Time": 936.685, "Actual Max Startup Time": 936.685, "Actual Min Total Time": 936.685, "Actual Max Total Time": 936.685, "Actual Total Rows": 1189344, "Index Cond": "(ps_partkey = part.p_partkey)"}]}]}]}, {"Node Type": "Sort", "Parent Relationship": "Inner", "Startup Cost": 3533.17, "Total Cost": 3533.19, "Plan Rows": 10, "Plan Width": 8, "Actual Min Startup Time": 51.991, "Actual Max Startup Time": 51.991, "Actual Min Total Time": 52.014, "Actual Max Total Time": 52.014, "Actual Total Rows": 56, "Sort Key": ["supplier.s_suppkey"], "Sort Method": "quicksort", "Sort Space Min Used": 28, "Sort Space Max Used": 28, "Sort Space Type": "Memory", "Plans": [{"Node Type": "Seq Scan", "Parent Relationship": "Outer", "Relation Name": "supplier", "Alias": "supplier", "Startup Cost": 0.0, "Total Cost": 3533.0, "Plan Rows": 10, "Plan Width": 8, "Actual Min Startup Time": 0.266, "Actual Max Startup Time": 0.266, "Actual Min Total Time": 51.897, "Actual Max Total Time": 51.897, "Actual Total Rows": 56, "Filter": "((s_comment)::text ~~ '%Customer%Complaints%'::text)", "Rows Removed by Filter": 99944}]}]}]}]}]}, "Triggers": [], "Planner Runtime": 1.494, "Total Runtime": 6505.226, "Unique SQL Id": 1437012347}}, "(64, 87)": {"explain_plan": {"Plan": {"Node Type": "Sort", "Startup Cost": 1644169.08, "Total Cost": 1644238.42, "Plan Rows": 27736, "Plan Width": 60, "Sort Key": ["(count(partsupp.ps_suppkey)) DESC", "part.p_brand", "part.p_type", "part.p_size"], "Plans": [{"Node Type": "Aggregate", "Strategy": "Hashed", "Parent Relationship": "Outer", "Startup Cost": 1641844.88, "Total Cost": 1642122.24, "Plan Rows": 27736, "Plan Width": 60, "Group By Key": ["part.p_brand", "part.p_type", "part.p_size"], "Plans": [{"Node Type": "Aggregate", "Strategy": "Hashed", "Parent Relationship": "Outer", "Startup Cost": 1641290.16, "Total Cost": 1641567.52, "Plan Rows": 27736, "Plan Width": 52, "Group By Key": ["part.p_brand", "part.p_type", "part.p_size", "partsupp.ps_suppkey"], "Plans": [{"Node Type": "Merge Join", "Parent Relationship": "Outer", "Join Type": "Anti", "Startup Cost": 1626334.11, "Total Cost": 1630607.52, "Plan Rows": 854611, "Plan Width": 44, "Inner Unique": false, "Merge Cond": "(partsupp.ps_suppkey = supplier.s_suppkey)", "Plans": [{"Node Type": "Sort", "Parent Relationship": "Outer", "Startup Cost": 1620752.69, "Total Cost": 1622889.25, "Plan Rows": 854625, "Plan Width": 44, "Sort Key": ["partsupp.ps_suppkey"], "Plans": [{"Node Type": "Nested Loop", "Parent Relationship": "Outer", "Join Type": "Inner", "Startup Cost": 38930.89, "Total Cost": 1536551.05, "Plan Rows": 854625, "Plan Width": 44, "Inner Unique": false, "Plans": [{"Node Type": "Bitmap Heap Scan", "Parent Relationship": "Outer", "Relation Name": "part", "Alias": "part", "Startup Cost": 38930.21, "Total Cost": 130874.21, "Plan Rows": 295844, "Plan Width": 44, "Filter": "((p_brand <> 'Brand#34'::bpchar) AND ((p_type)::text !~~ 'LARGE BRUSHED%'::text) AND (p_size = ANY ('{48,19,12,4,41,7,21,39}'::integer[]))), (LLVM Optimized)", "Plans": [{"Node Type": "Bitmap Index Scan", "Parent Relationship": "Outer", "Index Name": "part_kpey", "Startup Cost": 0.0, "Total Cost": 38856.25, "Plan Rows": 2000000, "Plan Width": 0}]}, {"Node Type": "Bitmap Heap Scan", "Parent Relationship": "Inner", "Relation Name": "partsupp", "Alias": "partsupp", "Startup Cost": 0.68, "Total Cost": 4.72, "Plan Rows": 3, "Plan Width": 16, "Recheck Cond": "(ps_partkey = part.p_partkey)", "Plans": [{"Node Type": "Bitmap Index Scan", "Parent Relationship": "Outer", "Index Name": "idx_partsupp_partkey", "Startup Cost": 0.0, "Total Cost": 0.68, "Plan Rows": 3, "Plan Width": 0, "Index Cond": "(ps_partkey = part.p_partkey)"}]}]}]}, {"Node Type": "Sort", "Parent Relationship": "Inner", "Startup Cost": 5581.42, "Total Cost": 5581.44, "Plan Rows": 10, "Plan Width": 8, "Sort Key": ["supplier.s_suppkey"], "Plans": [{"Node Type": "Bitmap Heap Scan", "Parent Relationship": "Outer", "Relation Name": "supplier", "Alias": "supplier", "Startup Cost": 2048.25, "Total Cost": 5581.25, "Plan Rows": 10, "Plan Width": 8, "Filter": "((s_comment)::text ~~ '%Customer%Complaints%'::text)", "Plans": [{"Node Type": "Bitmap Index Scan", "Parent Relationship": "Outer", "Index Name": "supplier_pkey", "Startup Cost": 0.0, "Total Cost": 2048.25, "Plan Rows": 100000, "Plan Width": 0}]}]}]}]}]}]}, "Unique SQL Id": 1437012347}, "explain_analyze_plan": null}, "(64, 88)": {"explain_plan": {"Plan": {"Node Type": "Sort", "Startup Cost": 433760.59, "Total Cost": 433829.93, "Plan Rows": 27736, "Plan Width": 60, "Sort Key": ["(count(partsupp.ps_suppkey)) DESC", "part.p_brand", "part.p_type", "part.p_size"], "Plans": [{"Node Type": "Aggregate", "Strategy": "Hashed", "Parent Relationship": "Outer", "Startup Cost": 431436.38, "Total Cost": 431713.74, "Plan Rows": 27736, "Plan Width": 60, "Group By Key": ["part.p_brand", "part.p_type", "part.p_size"], "Plans": [{"Node Type": "Aggregate", "Strategy": "Hashed", "Parent Relationship": "Outer", "Startup Cost": 430881.66, "Total Cost": 431159.02, "Plan Rows": 27736, "Plan Width": 52, "Group By Key": ["part.p_brand", "part.p_type", "part.p_size", "partsupp.ps_suppkey"], "Plans": [{"Node Type": "Merge Join", "Parent Relationship": "Outer", "Join Type": "Anti", "Startup Cost": 415925.62, "Total Cost": 420199.03, "Plan Rows": 854611, "Plan Width": 44, "Inner Unique": false, "Merge Cond": "(partsupp.ps_suppkey = supplier.s_suppkey)", "Plans": [{"Node Type": "Sort", "Parent Relationship": "Outer", "Startup Cost": 412392.45, "Total Cost": 414529.01, "Plan Rows": 854625, "Plan Width": 44, "Sort Key": ["partsupp.ps_suppkey"], "Plans": [{"Node Type": "Nested Loop", "Parent Relationship": "Outer", "Join Type": "Inner", "Startup Cost": 0.0, "Total Cost": 328190.81, "Plan Rows": 854625, "Plan Width": 44, "Inner Unique": false, "Plans": [{"Node Type": "Streaming(type: LOCAL GATHER dop: 1/64)", "Parent Relationship": "Outer", "Startup Cost": 0.0, "Total Cost": 70539.85, "Plan Rows": 295844, "Plan Width": 44, "Plans": [{"Node Type": "Seq Scan", "Parent Relationship": "Outer", "Relation Name": "part", "Alias": "part", "Startup Cost": 0.0, "Total Cost": 64436.62, "Plan Rows": 295844, "Plan Width": 44, "Filter": "((p_brand <> 'Brand#34'::bpchar) AND ((p_type)::text !~~ 'LARGE BRUSHED%'::text) AND (p_size = ANY ('{48,19,12,4,41,7,21,39}'::integer[]))), (LLVM Optimized)"}]}, {"Node Type": "Index Only Scan", "Parent Relationship": "Inner", "Scan Direction": "Forward", "Index Name": "partsupp_pkey", "Relation Name": "partsupp", "Alias": "partsupp", "Startup Cost": 0.0, "Total Cost": 0.84, "Plan Rows": 3, "Plan Width": 16, "Index Cond": "(ps_partkey = part.p_partkey)"}]}]}, {"Node Type": "Sort", "Parent Relationship": "Inner", "Startup Cost": 3533.17, "Total Cost": 3533.19, "Plan Rows": 10, "Plan Width": 8, "Sort Key": ["supplier.s_suppkey"], "Plans": [{"Node Type": "Seq Scan", "Parent Relationship": "Outer", "Relation Name": "supplier", "Alias": "supplier", "Startup Cost": 0.0, "Total Cost": 3533.0, "Plan Rows": 10, "Plan Width": 8, "Filter": "((s_comment)::text ~~ '%Customer%Complaints%'::text)"}]}]}]}]}]}, "Unique SQL Id": 1437012347}, "explain_analyze_plan": {"Plan": {"Node Type": "Sort", "Startup Cost": 433760.59, "Total Cost": 433829.93, "Plan Rows": 27736, "Plan Width": 60, "Actual Min Startup Time": 5415.833, "Actual Max Startup Time": 5415.833, "Actual Min Total Time": 5418.753, "Actual Max Total Time": 5418.753, "Actual Total Rows": 27838, "Sort Key": ["(count(partsupp.ps_suppkey)) DESC", "part.p_brand", "part.p_type", "part.p_size"], "Sort Method": "quicksort", "Sort Space Min Used": 5082, "Sort Space Max Used": 5082, "Sort Space Type": "Memory", "Plans": [{"Node Type": "Aggregate", "Strategy": "Hashed", "Parent Relationship": "Outer", "Startup Cost": 431436.38, "Total Cost": 431713.74, "Plan Rows": 27736, "Plan Width": 60, "Actual Min Startup Time": 5316.343, "Actual Max Startup Time": 5316.343, "Actual Min Total Time": 5325.438, "Actual Max Total Time": 5325.438, "Actual Total Rows": 27838, "Group By Key": ["part.p_brand", "part.p_type", "part.p_size"], "Plans": [{"Node Type": "Aggregate", "Strategy": "Hashed", "Parent Relationship": "Outer", "Startup Cost": 430881.66, "Total Cost": 431159.02, "Plan Rows": 27736, "Plan Width": 52, "Actual Min Startup Time": 3756.511, "Actual Max Startup Time": 3756.511, "Actual Min Total Time": 4332.721, "Actual Max Total Time": 4332.721, "Actual Total Rows": 1188428, "Group By Key": ["part.p_brand", "part.p_type", "part.p_size", "partsupp.ps_suppkey"], "Plans": [{"Node Type": "Merge Join", "Parent Relationship": "Outer", "Join Type": "Anti", "Startup Cost": 415925.62, "Total Cost": 420199.03, "Plan Rows": 854611, "Plan Width": 44, "Actual Min Startup Time": 2205.055, "Actual Max Startup Time": 2205.055, "Actual Min Total Time": 2821.757, "Actual Max Total Time": 2821.757, "Actual Total Rows": 1188666, "Inner Unique": false, "Merge Cond": "(partsupp.ps_suppkey = supplier.s_suppkey)", "Plans": [{"Node Type": "Sort", "Parent Relationship": "Outer", "Startup Cost": 412392.45, "Total Cost": 414529.01, "Plan Rows": 854625, "Plan Width": 44, "Actual Min Startup Time": 2148.352, "Actual Max Startup Time": 2148.352, "Actual Min Total Time": 2450.81, "Actual Max Total Time": 2450.81, "Actual Total Rows": 1189344, "Sort Key": ["partsupp.ps_suppkey"], "Sort Method": "quicksort", "Sort Space Min Used": 233478, "Sort Space Max Used": 233478, "Sort Space Type": "Memory", "Plans": [{"Node Type": "Nested Loop", "Parent Relationship": "Outer", "Join Type": "Inner", "Startup Cost": 0.0, "Total Cost": 328190.81, "Plan Rows": 854625, "Plan Width": 44, "Actual Min Startup Time": 86.5, "Actual Max Startup Time": 86.5, "Actual Min Total Time": 1617.24, "Actual Max Total Time": 1617.24, "Actual Total Rows": 1189344, "Inner Unique": false, "Plans": [{"Node Type": "Streaming(type: LOCAL GATHER dop: 1/64)", "Parent Relationship": "Outer", "Startup Cost": 0.0, "Total Cost": 70539.85, "Plan Rows": 295844, "Plan Width": 44, "Actual Min Startup Time": 86.449, "Actual Max Startup Time": 86.449, "Actual Min Total Time": 203.062, "Actual Max Total Time": 203.062, "Actual Total Rows": 297336, "Plans": [{"Node Type": "Seq Scan", "Parent Relationship": "Outer", "Relation Name": "part", "Alias": "part", "Startup Cost": 0.0, "Total Cost": 64436.62, "Plan Rows": 295844, "Plan Width": 44, "Actual Min Startup Time": 0.028, "Actual Max Startup Time": 0.068, "Actual Min Total Time": 22.819, "Actual Max Total Time": 28.661, "Actual Total Rows": 297336, "Filter": "((p_brand <> 'Brand#34'::bpchar) AND ((p_type)::text !~~ 'LARGE BRUSHED%'::text) AND (p_size = ANY ('{48,19,12,4,41,7,21,39}'::integer[]))), (LLVM Optimized, Jit Execute)", "Rows Removed by Filter": 1702664}]}, {"Node Type": "Index Only Scan", "Parent Relationship": "Inner", "Scan Direction": "Forward", "Index Name": "partsupp_pkey", "Relation Name": "partsupp", "Alias": "partsupp", "Startup Cost": 0.0, "Total Cost": 0.84, "Plan Rows": 3, "Plan Width": 16, "Actual Min Startup Time": 835.49, "Actual Max Startup Time": 835.49, "Actual Min Total Time": 1051.915, "Actual Max Total Time": 1051.915, "Actual Total Rows": 1189344, "Index Cond": "(ps_partkey = part.p_partkey)", "Rows Removed by Index Recheck": 0, "Heap Fetches": 0}]}]}, {"Node Type": "Sort", "Parent Relationship": "Inner", "Startup Cost": 3533.17, "Total Cost": 3533.19, "Plan Rows": 10, "Plan Width": 8, "Actual Min Startup Time": 56.692, "Actual Max Startup Time": 56.692, "Actual Min Total Time": 56.71, "Actual Max Total Time": 56.71, "Actual Total Rows": 56, "Sort Key": ["supplier.s_suppkey"], "Sort Method": "quicksort", "Sort Space Min Used": 28, "Sort Space Max Used": 28, "Sort Space Type": "Memory", "Plans": [{"Node Type": "Seq Scan", "Parent Relationship": "Outer", "Relation Name": "supplier", "Alias": "supplier", "Startup Cost": 0.0, "Total Cost": 3533.0, "Plan Rows": 10, "Plan Width": 8, "Actual Min Startup Time": 0.275, "Actual Max Startup Time": 0.275, "Actual Min Total Time": 56.613, "Actual Max Total Time": 56.613, "Actual Total Rows": 56, "Filter": "((s_comment)::text ~~ '%Customer%Complaints%'::text)", "Rows Removed by Filter": 99944}]}]}]}]}]}, "Triggers": [], "Planner Runtime": 1.369, "Total Runtime": 5441.209, "Unique SQL Id": 1437012347}}, "(64, 89)": {"explain_plan": {"Plan": {"Node Type": "Sort", "Startup Cost": 496075.36, "Total Cost": 496144.7, "Plan Rows": 27736, "Plan Width": 60, "Sort Key": ["(count(partsupp.ps_suppkey)) DESC", "part.p_brand", "part.p_type", "part.p_size"], "Plans": [{"Node Type": "Aggregate", "Strategy": "Hashed", "Parent Relationship": "Outer", "Startup Cost": 493751.16, "Total Cost": 494028.52, "Plan Rows": 27736, "Plan Width": 60, "Group By Key": ["part.p_brand", "part.p_type", "part.p_size"], "Plans": [{"Node Type": "Aggregate", "Strategy": "Hashed", "Parent Relationship": "Outer", "Startup Cost": 493196.44, "Total Cost": 493473.8, "Plan Rows": 27736, "Plan Width": 52, "Group By Key": ["part.p_brand", "part.p_type", "part.p_size", "partsupp.ps_suppkey"], "Plans": [{"Node Type": "Merge Join", "Parent Relationship": "Outer", "Join Type": "Anti", "Startup Cost": 472655.85, "Total Cost": 482513.8, "Plan Rows": 854611, "Plan Width": 44, "Inner Unique": false, "Merge Cond": "(partsupp.ps_suppkey = supplier.s_suppkey)", "Plans": [{"Node Type": "Sort", "Parent Relationship": "Outer", "Startup Cost": 472655.85, "Total Cost": 474792.41, "Plan Rows": 854625, "Plan Width": 44, "Sort Key": ["partsupp.ps_suppkey"], "Plans": [{"Node Type": "Nested Loop", "Parent Relationship": "Outer", "Join Type": "Inner", "Startup Cost": 0.0, "Total Cost": 388454.21, "Plan Rows": 854625, "Plan Width": 44, "Inner Unique": false, "Plans": [{"Node Type": "Index Scan", "Parent Relationship": "Outer", "Scan Direction": "Forward", "Index Name": "part_kpey", "Relation Name": "part", "Alias": "part", "Startup Cost": 0.0, "Total Cost": 130803.25, "Plan Rows": 295844, "Plan Width": 44, "Filter": "((p_brand <> 'Brand#34'::bpchar) AND ((p_type)::text !~~ 'LARGE BRUSHED%'::text) AND (p_size = ANY ('{48,19,12,4,41,7,21,39}'::integer[]))), (LLVM Optimized)"}, {"Node Type": "Index Only Scan", "Parent Relationship": "Inner", "Scan Direction": "Forward", "Index Name": "partsupp_pkey", "Relation Name": "partsupp", "Alias": "partsupp", "Startup Cost": 0.0, "Total Cost": 0.84, "Plan Rows": 3, "Plan Width": 16, "Index Cond": "(ps_partkey = part.p_partkey)"}]}]}, {"Node Type": "Materialize", "Parent Relationship": "Inner", "Startup Cost": 0.0, "Total Cost": 5584.57, "Plan Rows": 10, "Plan Width": 8, "Plans": [{"Node Type": "Index Scan", "Parent Relationship": "Outer", "Scan Direction": "Forward", "Index Name": "supplier_pkey", "Relation Name": "supplier", "Alias": "supplier", "Startup Cost": 0.0, "Total Cost": 5584.54, "Plan Rows": 10, "Plan Width": 8, "Filter": "((s_comment)::text ~~ '%Customer%Complaints%'::text)"}]}]}]}]}]}, "Unique SQL Id": 1437012347}, "explain_analyze_plan": {"Plan": {"Node Type": "Sort", "Startup Cost": 496075.36, "Total Cost": 496144.7, "Plan Rows": 27736, "Plan Width": 60, "Actual Startup Time": 7108.966, "Actual Total Time": 7111.899, "Actual Rows": 27838, "Actual Loops": 1, "Sort Key": ["(count(partsupp.ps_suppkey)) DESC", "part.p_brand", "part.p_type", "part.p_size"], "Sort Method": "quicksort", "Sort Space Used": 5082, "Sort Space Type": "Memory", "Plans": [{"Node Type": "Aggregate", "Strategy": "Hashed", "Parent Relationship": "Outer", "Startup Cost": 493751.16, "Total Cost": 494028.52, "Plan Rows": 27736, "Plan Width": 60, "Actual Startup Time": 7009.153, "Actual Total Time": 7019.483, "Actual Rows": 27838, "Actual Loops": 1, "Group By Key": ["part.p_brand", "part.p_type", "part.p_size"], "Plans": [{"Node Type": "Aggregate", "Strategy": "Hashed", "Parent Relationship": "Outer", "Startup Cost": 493196.44, "Total Cost": 493473.8, "Plan Rows": 27736, "Plan Width": 52, "Actual Startup Time": 5472.391, "Actual Total Time": 6052.79, "Actual Rows": 1188428, "Actual Loops": 1, "Group By Key": ["part.p_brand", "part.p_type", "part.p_size", "partsupp.ps_suppkey"], "Plans": [{"Node Type": "Merge Join", "Parent Relationship": "Outer", "Join Type": "Anti", "Startup Cost": 472655.85, "Total Cost": 482513.8, "Plan Rows": 854611, "Plan Width": 44, "Actual Startup Time": 3916.394, "Actual Total Time": 4566.198, "Actual Rows": 1188666, "Actual Loops": 1, "Inner Unique": false, "Merge Cond": "(partsupp.ps_suppkey = supplier.s_suppkey)", "Plans": [{"Node Type": "Sort", "Parent Relationship": "Outer", "Startup Cost": 472655.85, "Total Cost": 474792.41, "Plan Rows": 854625, "Plan Width": 44, "Actual Startup Time": 3916.038, "Actual Total Time": 4174.287, "Actual Rows": 1189344, "Actual Loops": 1, "Sort Key": ["partsupp.ps_suppkey"], "Sort Method": "quicksort", "Sort Space Used": 233478, "Sort Space Type": "Memory", "Plans": [{"Node Type": "Nested Loop", "Parent Relationship": "Outer", "Join Type": "Inner", "Startup Cost": 0.0, "Total Cost": 388454.21, "Plan Rows": 854625, "Plan Width": 44, "Actual Startup Time": 0.063, "Actual Total Time": 3390.454, "Actual Rows": 1189344, "Actual Loops": 1, "Inner Unique": false, "Plans": [{"Node Type": "Index Scan", "Parent Relationship": "Outer", "Scan Direction": "Forward", "Index Name": "part_kpey", "Relation Name": "part", "Alias": "part", "Startup Cost": 0.0, "Total Cost": 130803.25, "Plan Rows": 295844, "Plan Width": 44, "Actual Startup Time": 0.044, "Actual Total Time": 1899.481, "Actual Rows": 297336, "Actual Loops": 1, "Filter": "((p_brand <> 'Brand#34'::bpchar) AND ((p_type)::text !~~ 'LARGE BRUSHED%'::text) AND (p_size = ANY ('{48,19,12,4,41,7,21,39}'::integer[]))), (LLVM Optimized, Jit Execute)", "Rows Removed by Filter": 1702664}, {"Node Type": "Index Only Scan", "Parent Relationship": "Inner", "Scan Direction": "Forward", "Index Name": "partsupp_pkey", "Relation Name": "partsupp", "Alias": "partsupp", "Startup Cost": 0.0, "Total Cost": 0.84, "Plan Rows": 3, "Plan Width": 16, "Actual Startup Time": 865.272, "Actual Total Time": 1082.768, "Actual Rows": 1189344, "Actual Loops": 297336, "Index Cond": "(ps_partkey = part.p_partkey)", "Rows Removed by Index Recheck": 0, "Heap Fetches": 0}]}]}, {"Node Type": "Materialize", "Parent Relationship": "Inner", "Startup Cost": 0.0, "Total Cost": 5584.57, "Plan Rows": 10, "Plan Width": 8, "Actual Startup Time": 0.343, "Actual Total Time": 79.897, "Actual Rows": 56, "Actual Loops": 1, "Plans": [{"Node Type": "Index Scan", "Parent Relationship": "Outer", "Scan Direction": "Forward", "Index Name": "supplier_pkey", "Relation Name": "supplier", "Alias": "supplier", "Startup Cost": 0.0, "Total Cost": 5584.54, "Plan Rows": 10, "Plan Width": 8, "Actual Startup Time": 0.336, "Actual Total Time": 79.845, "Actual Rows": 56, "Actual Loops": 1, "Filter": "((s_comment)::text ~~ '%Customer%Complaints%'::text)", "Rows Removed by Filter": 99944}]}]}]}]}]}, "Triggers": [], "Planner Runtime": 1.385, "Total Runtime": 7123.219, "Unique SQL Id": 1437012347}}, "(64, 90)": {"explain_plan": {"Plan": {"Node Type": "Sort", "Startup Cost": 1100103948465.33, "Total Cost": 1100103948534.67, "Plan Rows": 27736, "Plan Width": 60, "Sort Key": ["(count(partsupp.ps_suppkey)) DESC", "part.p_brand", "part.p_type", "part.p_size"], "Plans": [{"Node Type": "Streaming(type: LOCAL GATHER dop: 1/64)", "Parent Relationship": "Outer", "Startup Cost": 1100103946145.94, "Total Cost": 1100103946418.49, "Plan Rows": 27736, "Plan Width": 60, "Plans": [{"Node Type": "Aggregate", "Strategy": "Hashed", "Parent Relationship": "Outer", "Startup Cost": 1100103946145.94, "Total Cost": 1100103946150.28, "Plan Rows": 27736, "Plan Width": 60, "Group By Key": ["part.p_brand", "part.p_type", "part.p_size"], "Plans": [{"Node Type": "Aggregate", "Strategy": "Hashed", "Parent Relationship": "Outer", "Startup Cost": 1100103945878.88, "Total Cost": 1100103946012.41, "Plan Rows": 854611, "Plan Width": 52, "Group By Key": ["part.p_brand", "part.p_type", "part.p_size", "partsupp.ps_suppkey"], "Plans": [{"Node Type": "Streaming(type: LOCAL REDISTRIBUTE dop: 64/64)", "Parent Relationship": "Outer", "Startup Cost": 20000000000.0, "Total Cost": 1100103945711.96, "Plan Rows": 854611, "Plan Width": 44, "Plans": [{"Node Type": "Nested Loop", "Parent Relationship": "Outer", "Join Type": "Inner", "Startup Cost": 20000000000.0, "Total Cost": 1100103910258.96, "Plan Rows": 854611, "Plan Width": 44, "Inner Unique": true, "Join Filter": "(partsupp.ps_partkey = part.p_partkey), (LLVM Optimized)", "Plans": [{"Node Type": "Streaming(type: LOCAL REDISTRIBUTE dop: 64/64)", "Parent Relationship": "Outer", "Startup Cost": 10000000000.0, "Total Cost": 100001595734.93, "Plan Rows": 8000238, "Plan Width": 16, "Plans": [{"Node Type": "Nested Loop", "Parent Relationship": "Outer", "Join Type": "Anti", "Startup Cost": 10000000000.0, "Total Cost": 100001525156.58, "Plan Rows": 8000238, "Plan Width": 16, "Inner Unique": false, "Join Filter": "(partsupp.ps_suppkey = supplier.s_suppkey), (LLVM Optimized)", "Plans": [{"Node Type": "Seq Scan", "Parent Relationship": "Outer", "Relation Name": "partsupp", "Alias": "partsupp", "Startup Cost": 0.0, "Total Cost": 67218.56, "Plan Rows": 8000372, "Plan Width": 16}, {"Node Type": "Materialize", "Parent Relationship": "Inner", "Startup Cost": 0.0, "Total Cost": 66546.25, "Plan Rows": 640, "Plan Width": 8, "Plans": [{"Node Type": "Streaming(type: BROADCAST dop: 64/1)", "Parent Relationship": "Outer", "Startup Cost": 0.0, "Total Cost": 66546.2, "Plan Rows": 640, "Plan Width": 8, "Plans": [{"Node Type": "Seq Scan", "Parent Relationship": "Outer", "Relation Name": "supplier", "Alias": "supplier", "Startup Cost": 0.0, "Total Cost": 3533.0, "Plan Rows": 10, "Plan Width": 8, "Filter": "((s_comment)::text ~~ '%Customer%Complaints%'::text)"}]}]}]}]}, {"Node Type": "Materialize", "Parent Relationship": "Inner", "Startup Cost": 0.0, "Total Cost": 127739.98, "Plan Rows": 295844, "Plan Width": 44, "Plans": [{"Node Type": "Streaming(type: LOCAL REDISTRIBUTE dop: 64/64)", "Parent Relationship": "Outer", "Startup Cost": 0.0, "Total Cost": 127716.87, "Plan Rows": 295844, "Plan Width": 44, "Plans": [{"Node Type": "Seq Scan", "Parent Relationship": "Outer", "Relation Name": "part", "Alias": "part", "Startup Cost": 0.0, "Total Cost": 64436.62, "Plan Rows": 295844, "Plan Width": 44, "Filter": "((p_brand <> 'Brand#34'::bpchar) AND ((p_type)::text !~~ 'LARGE BRUSHED%'::text) AND (p_size = ANY ('{48,19,12,4,41,7,21,39}'::integer[]))), (LLVM Optimized)"}]}]}]}]}]}]}]}]}, "Unique SQL Id": 1437012347}, "explain_analyze_plan": null}, "(64, 91)": {"explain_plan": {"Plan": {"Node Type": "Sort", "Startup Cost": 3000026874855.81, "Total Cost": 3000026874925.15, "Plan Rows": 27736, "Plan Width": 60, "Sort Key": ["(count(partsupp.ps_suppkey)) DESC", "part.p_brand", "part.p_type", "part.p_size"], "Plans": [{"Node Type": "Aggregate", "Strategy": "Hashed", "Parent Relationship": "Outer", "Startup Cost": 3000026872531.6, "Total Cost": 3000026872808.96, "Plan Rows": 27736, "Plan Width": 60, "Group By Key": ["part.p_brand", "part.p_type", "part.p_size"], "Plans": [{"Node Type": "Aggregate", "Strategy": "Hashed", "Parent Relationship": "Outer", "Startup Cost": 3000026871976.88, "Total Cost": 3000026872254.24, "Plan Rows": 27736, "Plan Width": 52, "Group By Key": ["part.p_brand", "part.p_type", "part.p_size", "partsupp.ps_suppkey"], "Plans": [{"Node Type": "Merge Join", "Parent Relationship": "Outer", "Join Type": "Anti", "Startup Cost": 2010026298566.46, "Total Cost": 3000026861294.25, "Plan Rows": 854611, "Plan Width": 44, "Inner Unique": false, "Merge Cond": "(partsupp.ps_suppkey = supplier.s_suppkey)", "Plans": [{"Node Type": "Sort", "Parent Relationship": "Outer", "Startup Cost": 2000026298566.46, "Total Cost": 2000026300703.02, "Plan Rows": 854625, "Plan Width": 44, "Sort Key": ["partsupp.ps_suppkey"], "Plans": [{"Node Type": "Merge Join", "Parent Relationship": "Outer", "Join Type": "Inner", "Startup Cost": 20017324679.62, "Total Cost": 2000026214364.82, "Plan Rows": 854625, "Plan Width": 44, "Inner Unique": false, "Merge Cond": "(part.p_partkey = partsupp.ps_partkey)", "Plans": [{"Node Type": "Index Scan", "Parent Relationship": "Outer", "Scan Direction": "Forward", "Index Name": "part_kpey", "Relation Name": "part", "Alias": "part", "Startup Cost": 10000000000.0, "Total Cost": 1000013080325.0, "Plan Rows": 295844, "Plan Width": 44, "Filter": "((p_brand <> 'Brand#34'::bpchar) AND ((p_type)::text !~~ 'LARGE BRUSHED%'::text) AND (p_size = ANY ('{48,19,12,4,41,7,21,39}'::integer[]))), (LLVM Optimized)"}, {"Node Type": "Index Only Scan", "Parent Relationship": "Inner", "Scan Direction": "Forward", "Index Name": "partsupp_pkey", "Relation Name": "partsupp", "Alias": "partsupp", "Startup Cost": 10000000000.0, "Total Cost": 1000027706983.0, "Plan Rows": 8000372, "Plan Width": 16}]}]}, {"Node Type": "Materialize", "Parent Relationship": "Inner", "Startup Cost": 10000000000.0, "Total Cost": 1000000558454.4, "Plan Rows": 10, "Plan Width": 8, "Plans": [{"Node Type": "Index Scan", "Parent Relationship": "Outer", "Scan Direction": "Forward", "Index Name": "supplier_pkey", "Relation Name": "supplier", "Alias": "supplier", "Startup Cost": 10000000000.0, "Total Cost": 1000000558454.38, "Plan Rows": 10, "Plan Width": 8, "Filter": "((s_comment)::text ~~ '%Customer%Complaints%'::text)"}]}]}]}]}]}, "Unique SQL Id": 1437012347}, "explain_analyze_plan": null}, "(64, 92)": {"explain_plan": {"Plan": {"Node Type": "Sort", "Startup Cost": 697138.19, "Total Cost": 697207.53, "Plan Rows": 27736, "Plan Width": 60, "Sort Key": ["(count(partsupp.ps_suppkey)) DESC", "part.p_brand", "part.p_type", "part.p_size"], "Plans": [{"Node Type": "Aggregate", "Strategy": "Hashed", "Parent Relationship": "Outer", "Startup Cost": 694813.99, "Total Cost": 695091.35, "Plan Rows": 27736, "Plan Width": 60, "Group By Key": ["part.p_brand", "part.p_type", "part.p_size"], "Plans": [{"Node Type": "Aggregate", "Strategy": "Hashed", "Parent Relationship": "Outer", "Startup Cost": 694259.27, "Total Cost": 694536.63, "Plan Rows": 27736, "Plan Width": 52, "Group By Key": ["part.p_brand", "part.p_type", "part.p_size", "partsupp.ps_suppkey"], "Plans": [{"Node Type": "Merge Join", "Parent Relationship": "Outer", "Join Type": "Anti", "Startup Cost": 679303.22, "Total Cost": 683576.63, "Plan Rows": 854611, "Plan Width": 44, "Inner Unique": false, "Merge Cond": "(partsupp.ps_suppkey = supplier.s_suppkey)", "Plans": [{"Node Type": "Sort", "Parent Relationship": "Outer", "Startup Cost": 675770.05, "Total Cost": 677906.61, "Plan Rows": 854625, "Plan Width": 44, "Sort Key": ["partsupp.ps_suppkey"], "Plans": [{"Node Type": "Merge Join", "Parent Relationship": "Outer", "Join Type": "Inner", "Startup Cost": 7.9, "Total Cost": 591568.41, "Plan Rows": 854625, "Plan Width": 44, "Inner Unique": false, "Merge Cond": "(part.p_partkey = partsupp.ps_partkey)", "Plans": [{"Node Type": "Index Scan", "Parent Relationship": "Outer", "Scan Direction": "Forward", "Index Name": "part_kpey", "Relation Name": "part", "Alias": "part", "Startup Cost": 0.0, "Total Cost": 130803.25, "Plan Rows": 295844, "Plan Width": 44, "Filter": "((p_brand <> 'Brand#34'::bpchar) AND ((p_type)::text !~~ 'LARGE BRUSHED%'::text) AND (p_size = ANY ('{48,19,12,4,41,7,21,39}'::integer[]))), (LLVM Optimized)"}, {"Node Type": "Index Scan", "Parent Relationship": "Inner", "Scan Direction": "Forward", "Index Name": "idx_partsupp_partkey", "Relation Name": "partsupp", "Alias": "partsupp", "Startup Cost": 0.0, "Total Cost": 431485.03, "Plan Rows": 8000372, "Plan Width": 16}]}]}, {"Node Type": "Sort", "Parent Relationship": "Inner", "Startup Cost": 3533.17, "Total Cost": 3533.19, "Plan Rows": 10, "Plan Width": 8, "Sort Key": ["supplier.s_suppkey"], "Plans": [{"Node Type": "Seq Scan", "Parent Relationship": "Outer", "Relation Name": "supplier", "Alias": "supplier", "Startup Cost": 0.0, "Total Cost": 3533.0, "Plan Rows": 10, "Plan Width": 8, "Filter": "((s_comment)::text ~~ '%Customer%Complaints%'::text)"}]}]}]}]}]}, "Unique SQL Id": 1437012347}, "explain_analyze_plan": null}, "(64, 93)": {"explain_plan": {"Plan": {"Node Type": "Sort", "Startup Cost": 699189.57, "Total Cost": 699258.91, "Plan Rows": 27736, "Plan Width": 60, "Sort Key": ["(count(partsupp.ps_suppkey)) DESC", "part.p_brand", "part.p_type", "part.p_size"], "Plans": [{"Node Type": "Aggregate", "Strategy": "Hashed", "Parent Relationship": "Outer", "Startup Cost": 696865.36, "Total Cost": 697142.72, "Plan Rows": 27736, "Plan Width": 60, "Group By Key": ["part.p_brand", "part.p_type", "part.p_size"], "Plans": [{"Node Type": "Aggregate", "Strategy": "Hashed", "Parent Relationship": "Outer", "Startup Cost": 696310.64, "Total Cost": 696588.0, "Plan Rows": 27736, "Plan Width": 52, "Group By Key": ["part.p_brand", "part.p_type", "part.p_size", "partsupp.ps_suppkey"], "Plans": [{"Node Type": "Merge Join", "Parent Relationship": "Outer", "Join Type": "Anti", "Startup Cost": 675770.05, "Total Cost": 685628.01, "Plan Rows": 854611, "Plan Width": 44, "Inner Unique": false, "Merge Cond": "(partsupp.ps_suppkey = supplier.s_suppkey)", "Plans": [{"Node Type": "Sort", "Parent Relationship": "Outer", "Startup Cost": 675770.05, "Total Cost": 677906.61, "Plan Rows": 854625, "Plan Width": 44, "Sort Key": ["partsupp.ps_suppkey"], "Plans": [{"Node Type": "Merge Join", "Parent Relationship": "Outer", "Join Type": "Inner", "Startup Cost": 7.9, "Total Cost": 591568.41, "Plan Rows": 854625, "Plan Width": 44, "Inner Unique": false, "Merge Cond": "(part.p_partkey = partsupp.ps_partkey)", "Plans": [{"Node Type": "Index Scan", "Parent Relationship": "Outer", "Scan Direction": "Forward", "Index Name": "part_kpey", "Relation Name": "part", "Alias": "part", "Startup Cost": 0.0, "Total Cost": 130803.25, "Plan Rows": 295844, "Plan Width": 44, "Filter": "((p_brand <> 'Brand#34'::bpchar) AND ((p_type)::text !~~ 'LARGE BRUSHED%'::text) AND (p_size = ANY ('{48,19,12,4,41,7,21,39}'::integer[]))), (LLVM Optimized)"}, {"Node Type": "Index Scan", "Parent Relationship": "Inner", "Scan Direction": "Forward", "Index Name": "idx_partsupp_partkey", "Relation Name": "partsupp", "Alias": "partsupp", "Startup Cost": 0.0, "Total Cost": 431485.03, "Plan Rows": 8000372, "Plan Width": 16}]}]}, {"Node Type": "Materialize", "Parent Relationship": "Inner", "Startup Cost": 0.0, "Total Cost": 5584.57, "Plan Rows": 10, "Plan Width": 8, "Plans": [{"Node Type": "Index Scan", "Parent Relationship": "Outer", "Scan Direction": "Forward", "Index Name": "supplier_pkey", "Relation Name": "supplier", "Alias": "supplier", "Startup Cost": 0.0, "Total Cost": 5584.54, "Plan Rows": 10, "Plan Width": 8, "Filter": "((s_comment)::text ~~ '%Customer%Complaints%'::text)"}]}]}]}]}]}, "Unique SQL Id": 1437012347}, "explain_analyze_plan": null}, "(64, 94)": {"explain_plan": {"Plan": {"Node Type": "Sort", "Startup Cost": 1100103948465.33, "Total Cost": 1100103948534.67, "Plan Rows": 27736, "Plan Width": 60, "Sort Key": ["(count(partsupp.ps_suppkey)) DESC", "part.p_brand", "part.p_type", "part.p_size"], "Plans": [{"Node Type": "Streaming(type: LOCAL GATHER dop: 1/64)", "Parent Relationship": "Outer", "Startup Cost": 1100103946145.94, "Total Cost": 1100103946418.49, "Plan Rows": 27736, "Plan Width": 60, "Plans": [{"Node Type": "Aggregate", "Strategy": "Hashed", "Parent Relationship": "Outer", "Startup Cost": 1100103946145.94, "Total Cost": 1100103946150.28, "Plan Rows": 27736, "Plan Width": 60, "Group By Key": ["part.p_brand", "part.p_type", "part.p_size"], "Plans": [{"Node Type": "Aggregate", "Strategy": "Hashed", "Parent Relationship": "Outer", "Startup Cost": 1100103945878.88, "Total Cost": 1100103946012.41, "Plan Rows": 854611, "Plan Width": 52, "Group By Key": ["part.p_brand", "part.p_type", "part.p_size", "partsupp.ps_suppkey"], "Plans": [{"Node Type": "Streaming(type: LOCAL REDISTRIBUTE dop: 64/64)", "Parent Relationship": "Outer", "Startup Cost": 20000000000.0, "Total Cost": 1100103945711.96, "Plan Rows": 854611, "Plan Width": 44, "Plans": [{"Node Type": "Nested Loop", "Parent Relationship": "Outer", "Join Type": "Inner", "Startup Cost": 20000000000.0, "Total Cost": 1100103910258.96, "Plan Rows": 854611, "Plan Width": 44, "Inner Unique": true, "Join Filter": "(partsupp.ps_partkey = part.p_partkey), (LLVM Optimized)", "Plans": [{"Node Type": "Streaming(type: LOCAL REDISTRIBUTE dop: 64/64)", "Parent Relationship": "Outer", "Startup Cost": 10000000000.0, "Total Cost": 100001595734.93, "Plan Rows": 8000238, "Plan Width": 16, "Plans": [{"Node Type": "Nested Loop", "Parent Relationship": "Outer", "Join Type": "Anti", "Startup Cost": 10000000000.0, "Total Cost": 100001525156.58, "Plan Rows": 8000238, "Plan Width": 16, "Inner Unique": false, "Join Filter": "(partsupp.ps_suppkey = supplier.s_suppkey), (LLVM Optimized)", "Plans": [{"Node Type": "Seq Scan", "Parent Relationship": "Outer", "Relation Name": "partsupp", "Alias": "partsupp", "Startup Cost": 0.0, "Total Cost": 67218.56, "Plan Rows": 8000372, "Plan Width": 16}, {"Node Type": "Materialize", "Parent Relationship": "Inner", "Startup Cost": 0.0, "Total Cost": 66546.25, "Plan Rows": 640, "Plan Width": 8, "Plans": [{"Node Type": "Streaming(type: BROADCAST dop: 64/1)", "Parent Relationship": "Outer", "Startup Cost": 0.0, "Total Cost": 66546.2, "Plan Rows": 640, "Plan Width": 8, "Plans": [{"Node Type": "Seq Scan", "Parent Relationship": "Outer", "Relation Name": "supplier", "Alias": "supplier", "Startup Cost": 0.0, "Total Cost": 3533.0, "Plan Rows": 10, "Plan Width": 8, "Filter": "((s_comment)::text ~~ '%Customer%Complaints%'::text)"}]}]}]}]}, {"Node Type": "Materialize", "Parent Relationship": "Inner", "Startup Cost": 0.0, "Total Cost": 127739.98, "Plan Rows": 295844, "Plan Width": 44, "Plans": [{"Node Type": "Streaming(type: LOCAL REDISTRIBUTE dop: 64/64)", "Parent Relationship": "Outer", "Startup Cost": 0.0, "Total Cost": 127716.87, "Plan Rows": 295844, "Plan Width": 44, "Plans": [{"Node Type": "Seq Scan", "Parent Relationship": "Outer", "Relation Name": "part", "Alias": "part", "Startup Cost": 0.0, "Total Cost": 64436.62, "Plan Rows": 295844, "Plan Width": 44, "Filter": "((p_brand <> 'Brand#34'::bpchar) AND ((p_type)::text !~~ 'LARGE BRUSHED%'::text) AND (p_size = ANY ('{48,19,12,4,41,7,21,39}'::integer[]))), (LLVM Optimized)"}]}]}]}]}]}]}]}]}, "Unique SQL Id": 1437012347}, "explain_analyze_plan": null}, "(64, 95)": {"explain_plan": {"Plan": {"Node Type": "Sort", "Startup Cost": 3000070808188.03, "Total Cost": 3000070808257.37, "Plan Rows": 27736, "Plan Width": 60, "Sort Key": ["(count(partsupp.ps_suppkey)) DESC", "part.p_brand", "part.p_type", "part.p_size"], "Plans": [{"Node Type": "Aggregate", "Strategy": "Hashed", "Parent Relationship": "Outer", "Startup Cost": 3000070805863.82, "Total Cost": 3000070806141.18, "Plan Rows": 27736, "Plan Width": 60, "Group By Key": ["part.p_brand", "part.p_type", "part.p_size"], "Plans": [{"Node Type": "Aggregate", "Strategy": "Hashed", "Parent Relationship": "Outer", "Startup Cost": 3000070805309.1, "Total Cost": 3000070805586.46, "Plan Rows": 27736, "Plan Width": 52, "Group By Key": ["part.p_brand", "part.p_type", "part.p_size", "partsupp.ps_suppkey"], "Plans": [{"Node Type": "Merge Join", "Parent Relationship": "Outer", "Join Type": "Anti", "Startup Cost": 2010070231898.68, "Total Cost": 3000070794626.47, "Plan Rows": 854611, "Plan Width": 44, "Inner Unique": false, "Merge Cond": "(partsupp.ps_suppkey = supplier.s_suppkey)", "Plans": [{"Node Type": "Sort", "Parent Relationship": "Outer", "Startup Cost": 2000070231898.68, "Total Cost": 2000070234035.24, "Plan Rows": 854625, "Plan Width": 44, "Sort Key": ["partsupp.ps_suppkey"], "Plans": [{"Node Type": "Merge Join", "Parent Relationship": "Outer", "Join Type": "Inner", "Startup Cost": 20017325448.43, "Total Cost": 2000070147697.04, "Plan Rows": 854625, "Plan Width": 44, "Inner Unique": false, "Merge Cond": "(part.p_partkey = partsupp.ps_partkey)", "Plans": [{"Node Type": "Index Scan", "Parent Relationship": "Outer", "Scan Direction": "Forward", "Index Name": "part_kpey", "Relation Name": "part", "Alias": "part", "Startup Cost": 10000000000.0, "Total Cost": 1000013080325.0, "Plan Rows": 295844, "Plan Width": 44, "Filter": "((p_brand <> 'Brand#34'::bpchar) AND ((p_type)::text !~~ 'LARGE BRUSHED%'::text) AND (p_size = ANY ('{48,19,12,4,41,7,21,39}'::integer[]))), (LLVM Optimized)"}, {"Node Type": "Index Scan", "Parent Relationship": "Inner", "Scan Direction": "Forward", "Index Name": "partsupp_pkey", "Relation Name": "partsupp", "Alias": "partsupp", "Startup Cost": 10000000000.0, "Total Cost": 1000071640963.22, "Plan Rows": 8000372, "Plan Width": 16}]}]}, {"Node Type": "Materialize", "Parent Relationship": "Inner", "Startup Cost": 10000000000.0, "Total Cost": 1000000558454.4, "Plan Rows": 10, "Plan Width": 8, "Plans": [{"Node Type": "Index Scan", "Parent Relationship": "Outer", "Scan Direction": "Forward", "Index Name": "supplier_pkey", "Relation Name": "supplier", "Alias": "supplier", "Startup Cost": 10000000000.0, "Total Cost": 1000000558454.38, "Plan Rows": 10, "Plan Width": 8, "Filter": "((s_comment)::text ~~ '%Customer%Complaints%'::text)"}]}]}]}]}]}, "Unique SQL Id": 1437012347}, "explain_analyze_plan": null}, "(64, 96)": {"explain_plan": {"Plan": {"Node Type": "Sort", "Startup Cost": 256366.86, "Total Cost": 256436.2, "Plan Rows": 27736, "Plan Width": 60, "Sort Key": ["(count(partsupp.ps_suppkey)) DESC", "part.p_brand", "part.p_type", "part.p_size"], "Plans": [{"Node Type": "Aggregate", "Strategy": "Hashed", "Parent Relationship": "Outer", "Startup Cost": 254042.65, "Total Cost": 254320.01, "Plan Rows": 27736, "Plan Width": 60, "Group By Key": ["part.p_brand", "part.p_type", "part.p_size"], "Plans": [{"Node Type": "Aggregate", "Strategy": "Hashed", "Parent Relationship": "Outer", "Startup Cost": 253487.93, "Total Cost": 253765.29, "Plan Rows": 27736, "Plan Width": 52, "Group By Key": ["part.p_brand", "part.p_type", "part.p_size", "partsupp.ps_suppkey"], "Plans": [{"Node Type": "Hash Join", "Parent Relationship": "Outer", "Join Type": "Anti", "Startup Cost": 72314.26, "Total Cost": 242805.29, "Plan Rows": 854611, "Plan Width": 44, "Inner Unique": false, "Hash Cond": "(partsupp.ps_suppkey = supplier.s_suppkey), (LLVM Optimized)", "Plans": [{"Node Type": "Streaming(type: LOCAL GATHER dop: 1/64)", "Parent Relationship": "Outer", "Startup Cost": 68781.13, "Total Cost": 228589.41, "Plan Rows": 854625, "Plan Width": 44, "Plans": [{"Node Type": "Hash Join", "Parent Relationship": "Outer", "Join Type": "Inner", "Startup Cost": 68781.13, "Total Cost": 210958.59, "Plan Rows": 854625, "Plan Width": 44, "Inner Unique": false, "Hash Cond": "(part.p_partkey = partsupp.ps_partkey), (LLVM Optimized)", "Plans": [{"Node Type": "Streaming(type: BROADCAST dop: 64/64)", "Parent Relationship": "Outer", "Startup Cost": 0.0, "Total Cost": 139455.29, "Plan Rows": 18934016, "Plan Width": 44, "Plans": [{"Node Type": "Seq Scan", "Parent Relationship": "Outer", "Relation Name": "part", "Alias": "part", "Startup Cost": 0.0, "Total Cost": 64436.62, "Plan Rows": 295844, "Plan Width": 44, "Filter": "((p_brand <> 'Brand#34'::bpchar) AND ((p_type)::text !~~ 'LARGE BRUSHED%'::text) AND (p_size = ANY ('{48,19,12,4,41,7,21,39}'::integer[]))), (LLVM Optimized)"}]}, {"Node Type": "Hash", "Parent Relationship": "Inner", "Startup Cost": 67218.56, "Total Cost": 67218.56, "Plan Rows": 8000372, "Plan Width": 16, "Plans": [{"Node Type": "Seq Scan", "Parent Relationship": "Outer", "Relation Name": "partsupp", "Alias": "partsupp", "Startup Cost": 0.0, "Total Cost": 67218.56, "Plan Rows": 8000372, "Plan Width": 16}]}]}]}, {"Node Type": "Hash", "Parent Relationship": "Inner", "Startup Cost": 3533.0, "Total Cost": 3533.0, "Plan Rows": 10, "Plan Width": 8, "Plans": [{"Node Type": "Seq Scan", "Parent Relationship": "Outer", "Relation Name": "supplier", "Alias": "supplier", "Startup Cost": 0.0, "Total Cost": 3533.0, "Plan Rows": 10, "Plan Width": 8, "Filter": "((s_comment)::text ~~ '%Customer%Complaints%'::text)"}]}]}]}]}]}, "Unique SQL Id": 1437012347}, "explain_analyze_plan": {"Plan": {"Node Type": "Sort", "Startup Cost": 256366.86, "Total Cost": 256436.2, "Plan Rows": 27736, "Plan Width": 60, "Actual Min Startup Time": 4476.752, "Actual Max Startup Time": 4476.752, "Actual Min Total Time": 4479.827, "Actual Max Total Time": 4479.827, "Actual Total Rows": 27838, "Sort Key": ["(count(partsupp.ps_suppkey)) DESC", "part.p_brand", "part.p_type", "part.p_size"], "Sort Method": "quicksort", "Sort Space Min Used": 5082, "Sort Space Max Used": 5082, "Sort Space Type": "Memory", "Plans": [{"Node Type": "Aggregate", "Strategy": "Hashed", "Parent Relationship": "Outer", "Startup Cost": 254042.65, "Total Cost": 254320.01, "Plan Rows": 27736, "Plan Width": 60, "Actual Min Startup Time": 4376.627, "Actual Max Startup Time": 4376.627, "Actual Min Total Time": 4385.931, "Actual Max Total Time": 4385.931, "Actual Total Rows": 27838, "Group By Key": ["part.p_brand", "part.p_type", "part.p_size"], "Plans": [{"Node Type": "Aggregate", "Strategy": "Hashed", "Parent Relationship": "Outer", "Startup Cost": 253487.93, "Total Cost": 253765.29, "Plan Rows": 27736, "Plan Width": 52, "Actual Min Startup Time": 2854.718, "Actual Max Startup Time": 2854.718, "Actual Min Total Time": 3396.575, "Actual Max Total Time": 3396.575, "Actual Total Rows": 1188428, "Group By Key": ["part.p_brand", "part.p_type", "part.p_size", "partsupp.ps_suppkey"], "Plans": [{"Node Type": "Hash Join", "Parent Relationship": "Outer", "Join Type": "Anti", "Startup Cost": 72314.26, "Total Cost": 242805.29, "Plan Rows": 854611, "Plan Width": 44, "Actual Min Startup Time": 308.113, "Actual Max Startup Time": 308.113, "Actual Min Total Time": 1683.887, "Actual Max Total Time": 1683.887, "Actual Total Rows": 1188666, "Inner Unique": false, "Hash Cond": "(partsupp.ps_suppkey = supplier.s_suppkey), (LLVM Optimized, Jit Execute)", "Plans": [{"Node Type": "Streaming(type: LOCAL GATHER dop: 1/64)", "Parent Relationship": "Outer", "Startup Cost": 68781.13, "Total Cost": 228589.41, "Plan Rows": 854625, "Plan Width": 44, "Actual Min Startup Time": 256.615, "Actual Max Startup Time": 256.615, "Actual Min Total Time": 1260.176, "Actual Max Total Time": 1260.176, "Actual Total Rows": 1189344, "Plans": [{"Node Type": "Hash Join", "Parent Relationship": "Outer", "Join Type": "Inner", "Startup Cost": 68781.13, "Total Cost": 210958.59, "Plan Rows": 854625, "Plan Width": 44, "Actual Min Startup Time": 76.809, "Actual Max Startup Time": 276.302, "Actual Min Total Time": 1373.144, "Actual Max Total Time": 1744.056, "Actual Total Rows": 1189344, "Inner Unique": false, "Hash Cond": "(part.p_partkey = partsupp.ps_partkey), (LLVM Optimized, Jit Execute)", "Plans": [{"Node Type": "Streaming(type: BROADCAST dop: 64/64)", "Parent Relationship": "Outer", "Startup Cost": 0.0, "Total Cost": 139455.29, "Plan Rows": 18934016, "Plan Width": 44, "Actual Min Startup Time": 0.115, "Actual Max Startup Time": 1.262, "Actual Min Total Time": 1174.396, "Actual Max Total Time": 1471.854, "Actual Total Rows": 19029504, "Plans": [{"Node Type": "Seq Scan", "Parent Relationship": "Outer", "Relation Name": "part", "Alias": "part", "Startup Cost": 0.0, "Total Cost": 64436.62, "Plan Rows": 295844, "Plan Width": 44, "Actual Min Startup Time": 0.032, "Actual Max Startup Time": 0.08, "Actual Min Total Time": 19.658, "Actual Max Total Time": 32.694, "Actual Total Rows": 297336, "Filter": "((p_brand <> 'Brand#34'::bpchar) AND ((p_type)::text !~~ 'LARGE BRUSHED%'::text) AND (p_size = ANY ('{48,19,12,4,41,7,21,39}'::integer[]))), (LLVM Optimized, Jit Execute)", "Rows Removed by Filter": 1702664}]}, {"Node Type": "Hash", "Parent Relationship": "Inner", "Startup Cost": 67218.56, "Total Cost": 67218.56, "Plan Rows": 8000372, "Plan Width": 16, "Actual Min Startup Time": 75.766, "Actual Max Startup Time": 151.429, "Actual Min Total Time": 75.766, "Actual Max Total Time": 151.429, "Actual Total Rows": 8000000, "Max Hash Buckets": 131072, "Min Hash Buckets": 131072, "Max Hash Batches": 1, "Min Hash Batches": 1, "Max Original Hash Batches": 1, "Min Original Hash Batches": 1, "Max Peak Memory Usage": 5921, "min Peak Memory Usage": 5921, "Plans": [{"Node Type": "Seq Scan", "Parent Relationship": "Outer", "Relation Name": "partsupp", "Alias": "partsupp", "Startup Cost": 0.0, "Total Cost": 67218.56, "Plan Rows": 8000372, "Plan Width": 16, "Actual Min Startup Time": 0.017, "Actual Max Startup Time": 0.034, "Actual Min Total Time": 43.375, "Actual Max Total Time": 54.1, "Actual Total Rows": 8000000}]}]}]}, {"Node Type": "Hash", "Parent Relationship": "Inner", "Startup Cost": 3533.0, "Total Cost": 3533.0, "Plan Rows": 10, "Plan Width": 8, "Actual Min Startup Time": 51.443, "Actual Max Startup Time": 51.443, "Actual Min Total Time": 51.443, "Actual Max Total Time": 51.443, "Actual Total Rows": 56, "Max Hash Buckets": 32768, "Min Hash Buckets": 32768, "Max Hash Batches": 1, "Min Hash Batches": 1, "Max Original Hash Batches": 1, "Min Original Hash Batches": 1, "Max Peak Memory Usage": 3, "min Peak Memory Usage": 3, "Plans": [{"Node Type": "Seq Scan", "Parent Relationship": "Outer", "Relation Name": "supplier", "Alias": "supplier", "Startup Cost": 0.0, "Total Cost": 3533.0, "Plan Rows": 10, "Plan Width": 8, "Actual Min Startup Time": 0.255, "Actual Max Startup Time": 0.255, "Actual Min Total Time": 51.388, "Actual Max Total Time": 51.388, "Actual Total Rows": 56, "Filter": "((s_comment)::text ~~ '%Customer%Complaints%'::text)", "Rows Removed by Filter": 99944}]}]}]}]}]}, "Triggers": [], "Planner Runtime": 1.817, "Total Runtime": 4517.384, "Unique SQL Id": 1437012347}}, "(64, 97)": {"explain_plan": {"Plan": {"Node Type": "Sort", "Startup Cost": 418288.46, "Total Cost": 418357.8, "Plan Rows": 27736, "Plan Width": 60, "Sort Key": ["(count(partsupp.ps_suppkey)) DESC", "part.p_brand", "part.p_type", "part.p_size"], "Plans": [{"Node Type": "Aggregate", "Strategy": "Hashed", "Parent Relationship": "Outer", "Startup Cost": 415964.25, "Total Cost": 416241.61, "Plan Rows": 27736, "Plan Width": 60, "Group By Key": ["part.p_brand", "part.p_type", "part.p_size"], "Plans": [{"Node Type": "Aggregate", "Strategy": "Hashed", "Parent Relationship": "Outer", "Startup Cost": 415409.53, "Total Cost": 415686.89, "Plan Rows": 27736, "Plan Width": 52, "Group By Key": ["part.p_brand", "part.p_type", "part.p_size", "partsupp.ps_suppkey"], "Plans": [{"Node Type": "Hash Join", "Parent Relationship": "Outer", "Join Type": "Anti", "Startup Cost": 5584.67, "Total Cost": 404726.89, "Plan Rows": 854611, "Plan Width": 44, "Inner Unique": false, "Hash Cond": "(partsupp.ps_suppkey = supplier.s_suppkey), (LLVM Optimized)", "Plans": [{"Node Type": "Nested Loop", "Parent Relationship": "Outer", "Join Type": "Inner", "Startup Cost": 0.0, "Total Cost": 388454.21, "Plan Rows": 854625, "Plan Width": 44, "Inner Unique": false, "Plans": [{"Node Type": "Index Scan", "Parent Relationship": "Outer", "Scan Direction": "Forward", "Index Name": "part_kpey", "Relation Name": "part", "Alias": "part", "Startup Cost": 0.0, "Total Cost": 130803.25, "Plan Rows": 295844, "Plan Width": 44, "Filter": "((p_brand <> 'Brand#34'::bpchar) AND ((p_type)::text !~~ 'LARGE BRUSHED%'::text) AND (p_size = ANY ('{48,19,12,4,41,7,21,39}'::integer[]))), (LLVM Optimized)"}, {"Node Type": "Index Only Scan", "Parent Relationship": "Inner", "Scan Direction": "Forward", "Index Name": "partsupp_pkey", "Relation Name": "partsupp", "Alias": "partsupp", "Startup Cost": 0.0, "Total Cost": 0.84, "Plan Rows": 3, "Plan Width": 16, "Index Cond": "(ps_partkey = part.p_partkey)"}]}, {"Node Type": "Hash", "Parent Relationship": "Inner", "Startup Cost": 5584.54, "Total Cost": 5584.54, "Plan Rows": 10, "Plan Width": 8, "Plans": [{"Node Type": "Index Scan", "Parent Relationship": "Outer", "Scan Direction": "Forward", "Index Name": "supplier_pkey", "Relation Name": "supplier", "Alias": "supplier", "Startup Cost": 0.0, "Total Cost": 5584.54, "Plan Rows": 10, "Plan Width": 8, "Filter": "((s_comment)::text ~~ '%Customer%Complaints%'::text)"}]}]}]}]}]}, "Unique SQL Id": 1437012347}, "explain_analyze_plan": {"Plan": {"Node Type": "Sort", "Startup Cost": 418288.46, "Total Cost": 418357.8, "Plan Rows": 27736, "Plan Width": 60, "Actual Startup Time": 6946.55, "Actual Total Time": 6950.158, "Actual Rows": 27838, "Actual Loops": 1, "Sort Key": ["(count(partsupp.ps_suppkey)) DESC", "part.p_brand", "part.p_type", "part.p_size"], "Sort Method": "quicksort", "Sort Space Used": 5082, "Sort Space Type": "Memory", "Plans": [{"Node Type": "Aggregate", "Strategy": "Hashed", "Parent Relationship": "Outer", "Startup Cost": 415964.25, "Total Cost": 416241.61, "Plan Rows": 27736, "Plan Width": 60, "Actual Startup Time": 6844.512, "Actual Total Time": 6854.496, "Actual Rows": 27838, "Actual Loops": 1, "Group By Key": ["part.p_brand", "part.p_type", "part.p_size"], "Plans": [{"Node Type": "Aggregate", "Strategy": "Hashed", "Parent Relationship": "Outer", "Startup Cost": 415409.53, "Total Cost": 415686.89, "Plan Rows": 27736, "Plan Width": 52, "Actual Startup Time": 5232.276, "Actual Total Time": 5899.683, "Actual Rows": 1188428, "Actual Loops": 1, "Group By Key": ["part.p_brand", "part.p_type", "part.p_size", "partsupp.ps_suppkey"], "Plans": [{"Node Type": "Hash Join", "Parent Relationship": "Outer", "Join Type": "Anti", "Startup Cost": 5584.67, "Total Cost": 404726.89, "Plan Rows": 854611, "Plan Width": 44, "Actual Startup Time": 74.0, "Actual Total Time": 4190.013, "Actual Rows": 1188666, "Actual Loops": 1, "Inner Unique": false, "Hash Cond": "(partsupp.ps_suppkey = supplier.s_suppkey), (LLVM Optimized, Jit Execute)", "Plans": [{"Node Type": "Nested Loop", "Parent Relationship": "Outer", "Join Type": "Inner", "Startup Cost": 0.0, "Total Cost": 388454.21, "Plan Rows": 854625, "Plan Width": 44, "Actual Startup Time": 0.164, "Actual Total Time": 3764.233, "Actual Rows": 1189344, "Actual Loops": 1, "Inner Unique": false, "Plans": [{"Node Type": "Index Scan", "Parent Relationship": "Outer", "Scan Direction": "Forward", "Index Name": "part_kpey", "Relation Name": "part", "Alias": "part", "Startup Cost": 0.0, "Total Cost": 130803.25, "Plan Rows": 295844, "Plan Width": 44, "Actual Startup Time": 0.046, "Actual Total Time": 1826.412, "Actual Rows": 297336, "Actual Loops": 1, "Filter": "((p_brand <> 'Brand#34'::bpchar) AND ((p_type)::text !~~ 'LARGE BRUSHED%'::text) AND (p_size = ANY ('{48,19,12,4,41,7,21,39}'::integer[]))), (LLVM Optimized, Jit Execute)", "Rows Removed by Filter": 1702664}, {"Node Type": "Index Only Scan", "Parent Relationship": "Inner", "Scan Direction": "Forward", "Index Name": "partsupp_pkey", "Relation Name": "partsupp", "Alias": "partsupp", "Startup Cost": 0.0, "Total Cost": 0.84, "Plan Rows": 3, "Plan Width": 16, "Actual Startup Time": 1205.266, "Actual Total Time": 1499.547, "Actual Rows": 1189344, "Actual Loops": 297336, "Index Cond": "(ps_partkey = part.p_partkey)", "Rows Removed by Index Recheck": 0, "Heap Fetches": 0}]}, {"Node Type": "Hash", "Parent Relationship": "Inner", "Startup Cost": 5584.54, "Total Cost": 5584.54, "Plan Rows": 10, "Plan Width": 8, "Actual Startup Time": 73.793, "Actual Total Time": 73.793, "Actual Rows": 56, "Actual Loops": 1, "Hash Buckets": 32768, "Hash Batches": 1, "Original Hash Batches": 1, "Peak Memory Usage": 3, "Plans": [{"Node Type": "Index Scan", "Parent Relationship": "Outer", "Scan Direction": "Forward", "Index Name": "supplier_pkey", "Relation Name": "supplier", "Alias": "supplier", "Startup Cost": 0.0, "Total Cost": 5584.54, "Plan Rows": 10, "Plan Width": 8, "Actual Startup Time": 0.287, "Actual Total Time": 73.734, "Actual Rows": 56, "Actual Loops": 1, "Filter": "((s_comment)::text ~~ '%Customer%Complaints%'::text)", "Rows Removed by Filter": 99944}]}]}]}]}]}, "Triggers": [], "Planner Runtime": 1.433, "Total Runtime": 6961.58, "Unique SQL Id": 1437012347}}, "(64, 98)": {"explain_plan": {"Plan": {"Node Type": "Sort", "Startup Cost": 256366.86, "Total Cost": 256436.2, "Plan Rows": 27736, "Plan Width": 60, "Sort Key": ["(count(partsupp.ps_suppkey)) DESC", "part.p_brand", "part.p_type", "part.p_size"], "Plans": [{"Node Type": "Aggregate", "Strategy": "Hashed", "Parent Relationship": "Outer", "Startup Cost": 254042.65, "Total Cost": 254320.01, "Plan Rows": 27736, "Plan Width": 60, "Group By Key": ["part.p_brand", "part.p_type", "part.p_size"], "Plans": [{"Node Type": "Aggregate", "Strategy": "Hashed", "Parent Relationship": "Outer", "Startup Cost": 253487.93, "Total Cost": 253765.29, "Plan Rows": 27736, "Plan Width": 52, "Group By Key": ["part.p_brand", "part.p_type", "part.p_size", "partsupp.ps_suppkey"], "Plans": [{"Node Type": "Hash Join", "Parent Relationship": "Outer", "Join Type": "Anti", "Startup Cost": 72314.26, "Total Cost": 242805.29, "Plan Rows": 854611, "Plan Width": 44, "Inner Unique": false, "Hash Cond": "(partsupp.ps_suppkey = supplier.s_suppkey), (LLVM Optimized)", "Plans": [{"Node Type": "Streaming(type: LOCAL GATHER dop: 1/64)", "Parent Relationship": "Outer", "Startup Cost": 68781.13, "Total Cost": 228589.41, "Plan Rows": 854625, "Plan Width": 44, "Plans": [{"Node Type": "Hash Join", "Parent Relationship": "Outer", "Join Type": "Inner", "Startup Cost": 68781.13, "Total Cost": 210958.59, "Plan Rows": 854625, "Plan Width": 44, "Inner Unique": false, "Hash Cond": "(part.p_partkey = partsupp.ps_partkey), (LLVM Optimized)", "Plans": [{"Node Type": "Streaming(type: BROADCAST dop: 64/64)", "Parent Relationship": "Outer", "Startup Cost": 0.0, "Total Cost": 139455.29, "Plan Rows": 18934016, "Plan Width": 44, "Plans": [{"Node Type": "Seq Scan", "Parent Relationship": "Outer", "Relation Name": "part", "Alias": "part", "Startup Cost": 0.0, "Total Cost": 64436.62, "Plan Rows": 295844, "Plan Width": 44, "Filter": "((p_brand <> 'Brand#34'::bpchar) AND ((p_type)::text !~~ 'LARGE BRUSHED%'::text) AND (p_size = ANY ('{48,19,12,4,41,7,21,39}'::integer[]))), (LLVM Optimized)"}]}, {"Node Type": "Hash", "Parent Relationship": "Inner", "Startup Cost": 67218.56, "Total Cost": 67218.56, "Plan Rows": 8000372, "Plan Width": 16, "Plans": [{"Node Type": "Seq Scan", "Parent Relationship": "Outer", "Relation Name": "partsupp", "Alias": "partsupp", "Startup Cost": 0.0, "Total Cost": 67218.56, "Plan Rows": 8000372, "Plan Width": 16}]}]}]}, {"Node Type": "Hash", "Parent Relationship": "Inner", "Startup Cost": 3533.0, "Total Cost": 3533.0, "Plan Rows": 10, "Plan Width": 8, "Plans": [{"Node Type": "Seq Scan", "Parent Relationship": "Outer", "Relation Name": "supplier", "Alias": "supplier", "Startup Cost": 0.0, "Total Cost": 3533.0, "Plan Rows": 10, "Plan Width": 8, "Filter": "((s_comment)::text ~~ '%Customer%Complaints%'::text)"}]}]}]}]}]}, "Unique SQL Id": 1437012347}, "explain_analyze_plan": {"Plan": {"Node Type": "Sort", "Startup Cost": 256366.86, "Total Cost": 256436.2, "Plan Rows": 27736, "Plan Width": 60, "Actual Min Startup Time": 4476.752, "Actual Max Startup Time": 4476.752, "Actual Min Total Time": 4479.827, "Actual Max Total Time": 4479.827, "Actual Total Rows": 27838, "Sort Key": ["(count(partsupp.ps_suppkey)) DESC", "part.p_brand", "part.p_type", "part.p_size"], "Sort Method": "quicksort", "Sort Space Min Used": 5082, "Sort Space Max Used": 5082, "Sort Space Type": "Memory", "Plans": [{"Node Type": "Aggregate", "Strategy": "Hashed", "Parent Relationship": "Outer", "Startup Cost": 254042.65, "Total Cost": 254320.01, "Plan Rows": 27736, "Plan Width": 60, "Actual Min Startup Time": 4376.627, "Actual Max Startup Time": 4376.627, "Actual Min Total Time": 4385.931, "Actual Max Total Time": 4385.931, "Actual Total Rows": 27838, "Group By Key": ["part.p_brand", "part.p_type", "part.p_size"], "Plans": [{"Node Type": "Aggregate", "Strategy": "Hashed", "Parent Relationship": "Outer", "Startup Cost": 253487.93, "Total Cost": 253765.29, "Plan Rows": 27736, "Plan Width": 52, "Actual Min Startup Time": 2854.718, "Actual Max Startup Time": 2854.718, "Actual Min Total Time": 3396.575, "Actual Max Total Time": 3396.575, "Actual Total Rows": 1188428, "Group By Key": ["part.p_brand", "part.p_type", "part.p_size", "partsupp.ps_suppkey"], "Plans": [{"Node Type": "Hash Join", "Parent Relationship": "Outer", "Join Type": "Anti", "Startup Cost": 72314.26, "Total Cost": 242805.29, "Plan Rows": 854611, "Plan Width": 44, "Actual Min Startup Time": 308.113, "Actual Max Startup Time": 308.113, "Actual Min Total Time": 1683.887, "Actual Max Total Time": 1683.887, "Actual Total Rows": 1188666, "Inner Unique": false, "Hash Cond": "(partsupp.ps_suppkey = supplier.s_suppkey), (LLVM Optimized, Jit Execute)", "Plans": [{"Node Type": "Streaming(type: LOCAL GATHER dop: 1/64)", "Parent Relationship": "Outer", "Startup Cost": 68781.13, "Total Cost": 228589.41, "Plan Rows": 854625, "Plan Width": 44, "Actual Min Startup Time": 256.615, "Actual Max Startup Time": 256.615, "Actual Min Total Time": 1260.176, "Actual Max Total Time": 1260.176, "Actual Total Rows": 1189344, "Plans": [{"Node Type": "Hash Join", "Parent Relationship": "Outer", "Join Type": "Inner", "Startup Cost": 68781.13, "Total Cost": 210958.59, "Plan Rows": 854625, "Plan Width": 44, "Actual Min Startup Time": 76.809, "Actual Max Startup Time": 276.302, "Actual Min Total Time": 1373.144, "Actual Max Total Time": 1744.056, "Actual Total Rows": 1189344, "Inner Unique": false, "Hash Cond": "(part.p_partkey = partsupp.ps_partkey), (LLVM Optimized, Jit Execute)", "Plans": [{"Node Type": "Streaming(type: BROADCAST dop: 64/64)", "Parent Relationship": "Outer", "Startup Cost": 0.0, "Total Cost": 139455.29, "Plan Rows": 18934016, "Plan Width": 44, "Actual Min Startup Time": 0.115, "Actual Max Startup Time": 1.262, "Actual Min Total Time": 1174.396, "Actual Max Total Time": 1471.854, "Actual Total Rows": 19029504, "Plans": [{"Node Type": "Seq Scan", "Parent Relationship": "Outer", "Relation Name": "part", "Alias": "part", "Startup Cost": 0.0, "Total Cost": 64436.62, "Plan Rows": 295844, "Plan Width": 44, "Actual Min Startup Time": 0.032, "Actual Max Startup Time": 0.08, "Actual Min Total Time": 19.658, "Actual Max Total Time": 32.694, "Actual Total Rows": 297336, "Filter": "((p_brand <> 'Brand#34'::bpchar) AND ((p_type)::text !~~ 'LARGE BRUSHED%'::text) AND (p_size = ANY ('{48,19,12,4,41,7,21,39}'::integer[]))), (LLVM Optimized, Jit Execute)", "Rows Removed by Filter": 1702664}]}, {"Node Type": "Hash", "Parent Relationship": "Inner", "Startup Cost": 67218.56, "Total Cost": 67218.56, "Plan Rows": 8000372, "Plan Width": 16, "Actual Min Startup Time": 75.766, "Actual Max Startup Time": 151.429, "Actual Min Total Time": 75.766, "Actual Max Total Time": 151.429, "Actual Total Rows": 8000000, "Max Hash Buckets": 131072, "Min Hash Buckets": 131072, "Max Hash Batches": 1, "Min Hash Batches": 1, "Max Original Hash Batches": 1, "Min Original Hash Batches": 1, "Max Peak Memory Usage": 5921, "min Peak Memory Usage": 5921, "Plans": [{"Node Type": "Seq Scan", "Parent Relationship": "Outer", "Relation Name": "partsupp", "Alias": "partsupp", "Startup Cost": 0.0, "Total Cost": 67218.56, "Plan Rows": 8000372, "Plan Width": 16, "Actual Min Startup Time": 0.017, "Actual Max Startup Time": 0.034, "Actual Min Total Time": 43.375, "Actual Max Total Time": 54.1, "Actual Total Rows": 8000000}]}]}]}, {"Node Type": "Hash", "Parent Relationship": "Inner", "Startup Cost": 3533.0, "Total Cost": 3533.0, "Plan Rows": 10, "Plan Width": 8, "Actual Min Startup Time": 51.443, "Actual Max Startup Time": 51.443, "Actual Min Total Time": 51.443, "Actual Max Total Time": 51.443, "Actual Total Rows": 56, "Max Hash Buckets": 32768, "Min Hash Buckets": 32768, "Max Hash Batches": 1, "Min Hash Batches": 1, "Max Original Hash Batches": 1, "Min Original Hash Batches": 1, "Max Peak Memory Usage": 3, "min Peak Memory Usage": 3, "Plans": [{"Node Type": "Seq Scan", "Parent Relationship": "Outer", "Relation Name": "supplier", "Alias": "supplier", "Startup Cost": 0.0, "Total Cost": 3533.0, "Plan Rows": 10, "Plan Width": 8, "Actual Min Startup Time": 0.255, "Actual Max Startup Time": 0.255, "Actual Min Total Time": 51.388, "Actual Max Total Time": 51.388, "Actual Total Rows": 56, "Filter": "((s_comment)::text ~~ '%Customer%Complaints%'::text)", "Rows Removed by Filter": 99944}]}]}]}]}]}, "Triggers": [], "Planner Runtime": 1.817, "Total Runtime": 4517.384, "Unique SQL Id": 1437012347}}, "(64, 99)": {"explain_plan": {"Plan": {"Node Type": "Sort", "Startup Cost": 636427.53, "Total Cost": 636496.87, "Plan Rows": 27736, "Plan Width": 60, "Sort Key": ["(count(partsupp.ps_suppkey)) DESC", "part.p_brand", "part.p_type", "part.p_size"], "Plans": [{"Node Type": "Aggregate", "Strategy": "Hashed", "Parent Relationship": "Outer", "Startup Cost": 634103.33, "Total Cost": 634380.69, "Plan Rows": 27736, "Plan Width": 60, "Group By Key": ["part.p_brand", "part.p_type", "part.p_size"], "Plans": [{"Node Type": "Aggregate", "Strategy": "Hashed", "Parent Relationship": "Outer", "Startup Cost": 633548.61, "Total Cost": 633825.97, "Plan Rows": 27736, "Plan Width": 52, "Group By Key": ["part.p_brand", "part.p_type", "part.p_size", "partsupp.ps_suppkey"], "Plans": [{"Node Type": "Hash Join", "Parent Relationship": "Outer", "Join Type": "Anti", "Startup Cost": 303647.84, "Total Cost": 622865.97, "Plan Rows": 854611, "Plan Width": 44, "Inner Unique": false, "Hash Cond": "(partsupp.ps_suppkey = supplier.s_suppkey), (LLVM Optimized)", "Plans": [{"Node Type": "Hash Join", "Parent Relationship": "Outer", "Join Type": "Inner", "Startup Cost": 298066.46, "Total Cost": 606601.83, "Plan Rows": 854625, "Plan Width": 44, "Inner Unique": true, "Hash Cond": "(partsupp.ps_partkey = part.p_partkey), (LLVM Optimized)", "Plans": [{"Node Type": "Bitmap Heap Scan", "Parent Relationship": "Outer", "Relation Name": "partsupp", "Alias": "partsupp", "Startup Cost": 163494.2, "Total Cost": 433481.92, "Plan Rows": 8000372, "Plan Width": 16, "Plans": [{"Node Type": "Bitmap Index Scan", "Parent Relationship": "Outer", "Index Name": "idx_partsupp_partkey", "Startup Cost": 0.0, "Total Cost": 161494.11, "Plan Rows": 8000372, "Plan Width": 0}]}, {"Node Type": "Hash", "Parent Relationship": "Inner", "Startup Cost": 130874.21, "Total Cost": 130874.21, "Plan Rows": 295844, "Plan Width": 44, "Plans": [{"Node Type": "Bitmap Heap Scan", "Parent Relationship": "Outer", "Relation Name": "part", "Alias": "part", "Startup Cost": 38930.21, "Total Cost": 130874.21, "Plan Rows": 295844, "Plan Width": 44, "Filter": "((p_brand <> 'Brand#34'::bpchar) AND ((p_type)::text !~~ 'LARGE BRUSHED%'::text) AND (p_size = ANY ('{48,19,12,4,41,7,21,39}'::integer[]))), (LLVM Optimized)", "Plans": [{"Node Type": "Bitmap Index Scan", "Parent Relationship": "Outer", "Index Name": "part_kpey", "Startup Cost": 0.0, "Total Cost": 38856.25, "Plan Rows": 2000000, "Plan Width": 0}]}]}]}, {"Node Type": "Hash", "Parent Relationship": "Inner", "Startup Cost": 5581.25, "Total Cost": 5581.25, "Plan Rows": 10, "Plan Width": 8, "Plans": [{"Node Type": "Bitmap Heap Scan", "Parent Relationship": "Outer", "Relation Name": "supplier", "Alias": "supplier", "Startup Cost": 2048.25, "Total Cost": 5581.25, "Plan Rows": 10, "Plan Width": 8, "Filter": "((s_comment)::text ~~ '%Customer%Complaints%'::text)", "Plans": [{"Node Type": "Bitmap Index Scan", "Parent Relationship": "Outer", "Index Name": "supplier_pkey", "Startup Cost": 0.0, "Total Cost": 2048.25, "Plan Rows": 100000, "Plan Width": 0}]}]}]}]}]}]}, "Unique SQL Id": 1437012347}, "explain_analyze_plan": null}, "(64, 100)": {"explain_plan": {"Plan": {"Node Type": "Sort", "Startup Cost": 256366.86, "Total Cost": 256436.2, "Plan Rows": 27736, "Plan Width": 60, "Sort Key": ["(count(partsupp.ps_suppkey)) DESC", "part.p_brand", "part.p_type", "part.p_size"], "Plans": [{"Node Type": "Aggregate", "Strategy": "Hashed", "Parent Relationship": "Outer", "Startup Cost": 254042.65, "Total Cost": 254320.01, "Plan Rows": 27736, "Plan Width": 60, "Group By Key": ["part.p_brand", "part.p_type", "part.p_size"], "Plans": [{"Node Type": "Aggregate", "Strategy": "Hashed", "Parent Relationship": "Outer", "Startup Cost": 253487.93, "Total Cost": 253765.29, "Plan Rows": 27736, "Plan Width": 52, "Group By Key": ["part.p_brand", "part.p_type", "part.p_size", "partsupp.ps_suppkey"], "Plans": [{"Node Type": "Hash Join", "Parent Relationship": "Outer", "Join Type": "Anti", "Startup Cost": 72314.26, "Total Cost": 242805.29, "Plan Rows": 854611, "Plan Width": 44, "Inner Unique": false, "Hash Cond": "(partsupp.ps_suppkey = supplier.s_suppkey), (LLVM Optimized)", "Plans": [{"Node Type": "Streaming(type: LOCAL GATHER dop: 1/64)", "Parent Relationship": "Outer", "Startup Cost": 68781.13, "Total Cost": 228589.41, "Plan Rows": 854625, "Plan Width": 44, "Plans": [{"Node Type": "Hash Join", "Parent Relationship": "Outer", "Join Type": "Inner", "Startup Cost": 68781.13, "Total Cost": 210958.59, "Plan Rows": 854625, "Plan Width": 44, "Inner Unique": false, "Hash Cond": "(part.p_partkey = partsupp.ps_partkey), (LLVM Optimized)", "Plans": [{"Node Type": "Streaming(type: BROADCAST dop: 64/64)", "Parent Relationship": "Outer", "Startup Cost": 0.0, "Total Cost": 139455.29, "Plan Rows": 18934016, "Plan Width": 44, "Plans": [{"Node Type": "Seq Scan", "Parent Relationship": "Outer", "Relation Name": "part", "Alias": "part", "Startup Cost": 0.0, "Total Cost": 64436.62, "Plan Rows": 295844, "Plan Width": 44, "Filter": "((p_brand <> 'Brand#34'::bpchar) AND ((p_type)::text !~~ 'LARGE BRUSHED%'::text) AND (p_size = ANY ('{48,19,12,4,41,7,21,39}'::integer[]))), (LLVM Optimized)"}]}, {"Node Type": "Hash", "Parent Relationship": "Inner", "Startup Cost": 67218.56, "Total Cost": 67218.56, "Plan Rows": 8000372, "Plan Width": 16, "Plans": [{"Node Type": "Seq Scan", "Parent Relationship": "Outer", "Relation Name": "partsupp", "Alias": "partsupp", "Startup Cost": 0.0, "Total Cost": 67218.56, "Plan Rows": 8000372, "Plan Width": 16}]}]}]}, {"Node Type": "Hash", "Parent Relationship": "Inner", "Startup Cost": 3533.0, "Total Cost": 3533.0, "Plan Rows": 10, "Plan Width": 8, "Plans": [{"Node Type": "Seq Scan", "Parent Relationship": "Outer", "Relation Name": "supplier", "Alias": "supplier", "Startup Cost": 0.0, "Total Cost": 3533.0, "Plan Rows": 10, "Plan Width": 8, "Filter": "((s_comment)::text ~~ '%Customer%Complaints%'::text)"}]}]}]}]}]}, "Unique SQL Id": 1437012347}, "explain_analyze_plan": {"Plan": {"Node Type": "Sort", "Startup Cost": 256366.86, "Total Cost": 256436.2, "Plan Rows": 27736, "Plan Width": 60, "Actual Min Startup Time": 4476.752, "Actual Max Startup Time": 4476.752, "Actual Min Total Time": 4479.827, "Actual Max Total Time": 4479.827, "Actual Total Rows": 27838, "Sort Key": ["(count(partsupp.ps_suppkey)) DESC", "part.p_brand", "part.p_type", "part.p_size"], "Sort Method": "quicksort", "Sort Space Min Used": 5082, "Sort Space Max Used": 5082, "Sort Space Type": "Memory", "Plans": [{"Node Type": "Aggregate", "Strategy": "Hashed", "Parent Relationship": "Outer", "Startup Cost": 254042.65, "Total Cost": 254320.01, "Plan Rows": 27736, "Plan Width": 60, "Actual Min Startup Time": 4376.627, "Actual Max Startup Time": 4376.627, "Actual Min Total Time": 4385.931, "Actual Max Total Time": 4385.931, "Actual Total Rows": 27838, "Group By Key": ["part.p_brand", "part.p_type", "part.p_size"], "Plans": [{"Node Type": "Aggregate", "Strategy": "Hashed", "Parent Relationship": "Outer", "Startup Cost": 253487.93, "Total Cost": 253765.29, "Plan Rows": 27736, "Plan Width": 52, "Actual Min Startup Time": 2854.718, "Actual Max Startup Time": 2854.718, "Actual Min Total Time": 3396.575, "Actual Max Total Time": 3396.575, "Actual Total Rows": 1188428, "Group By Key": ["part.p_brand", "part.p_type", "part.p_size", "partsupp.ps_suppkey"], "Plans": [{"Node Type": "Hash Join", "Parent Relationship": "Outer", "Join Type": "Anti", "Startup Cost": 72314.26, "Total Cost": 242805.29, "Plan Rows": 854611, "Plan Width": 44, "Actual Min Startup Time": 308.113, "Actual Max Startup Time": 308.113, "Actual Min Total Time": 1683.887, "Actual Max Total Time": 1683.887, "Actual Total Rows": 1188666, "Inner Unique": false, "Hash Cond": "(partsupp.ps_suppkey = supplier.s_suppkey), (LLVM Optimized, Jit Execute)", "Plans": [{"Node Type": "Streaming(type: LOCAL GATHER dop: 1/64)", "Parent Relationship": "Outer", "Startup Cost": 68781.13, "Total Cost": 228589.41, "Plan Rows": 854625, "Plan Width": 44, "Actual Min Startup Time": 256.615, "Actual Max Startup Time": 256.615, "Actual Min Total Time": 1260.176, "Actual Max Total Time": 1260.176, "Actual Total Rows": 1189344, "Plans": [{"Node Type": "Hash Join", "Parent Relationship": "Outer", "Join Type": "Inner", "Startup Cost": 68781.13, "Total Cost": 210958.59, "Plan Rows": 854625, "Plan Width": 44, "Actual Min Startup Time": 76.809, "Actual Max Startup Time": 276.302, "Actual Min Total Time": 1373.144, "Actual Max Total Time": 1744.056, "Actual Total Rows": 1189344, "Inner Unique": false, "Hash Cond": "(part.p_partkey = partsupp.ps_partkey), (LLVM Optimized, Jit Execute)", "Plans": [{"Node Type": "Streaming(type: BROADCAST dop: 64/64)", "Parent Relationship": "Outer", "Startup Cost": 0.0, "Total Cost": 139455.29, "Plan Rows": 18934016, "Plan Width": 44, "Actual Min Startup Time": 0.115, "Actual Max Startup Time": 1.262, "Actual Min Total Time": 1174.396, "Actual Max Total Time": 1471.854, "Actual Total Rows": 19029504, "Plans": [{"Node Type": "Seq Scan", "Parent Relationship": "Outer", "Relation Name": "part", "Alias": "part", "Startup Cost": 0.0, "Total Cost": 64436.62, "Plan Rows": 295844, "Plan Width": 44, "Actual Min Startup Time": 0.032, "Actual Max Startup Time": 0.08, "Actual Min Total Time": 19.658, "Actual Max Total Time": 32.694, "Actual Total Rows": 297336, "Filter": "((p_brand <> 'Brand#34'::bpchar) AND ((p_type)::text !~~ 'LARGE BRUSHED%'::text) AND (p_size = ANY ('{48,19,12,4,41,7,21,39}'::integer[]))), (LLVM Optimized, Jit Execute)", "Rows Removed by Filter": 1702664}]}, {"Node Type": "Hash", "Parent Relationship": "Inner", "Startup Cost": 67218.56, "Total Cost": 67218.56, "Plan Rows": 8000372, "Plan Width": 16, "Actual Min Startup Time": 75.766, "Actual Max Startup Time": 151.429, "Actual Min Total Time": 75.766, "Actual Max Total Time": 151.429, "Actual Total Rows": 8000000, "Max Hash Buckets": 131072, "Min Hash Buckets": 131072, "Max Hash Batches": 1, "Min Hash Batches": 1, "Max Original Hash Batches": 1, "Min Original Hash Batches": 1, "Max Peak Memory Usage": 5921, "min Peak Memory Usage": 5921, "Plans": [{"Node Type": "Seq Scan", "Parent Relationship": "Outer", "Relation Name": "partsupp", "Alias": "partsupp", "Startup Cost": 0.0, "Total Cost": 67218.56, "Plan Rows": 8000372, "Plan Width": 16, "Actual Min Startup Time": 0.017, "Actual Max Startup Time": 0.034, "Actual Min Total Time": 43.375, "Actual Max Total Time": 54.1, "Actual Total Rows": 8000000}]}]}]}, {"Node Type": "Hash", "Parent Relationship": "Inner", "Startup Cost": 3533.0, "Total Cost": 3533.0, "Plan Rows": 10, "Plan Width": 8, "Actual Min Startup Time": 51.443, "Actual Max Startup Time": 51.443, "Actual Min Total Time": 51.443, "Actual Max Total Time": 51.443, "Actual Total Rows": 56, "Max Hash Buckets": 32768, "Min Hash Buckets": 32768, "Max Hash Batches": 1, "Min Hash Batches": 1, "Max Original Hash Batches": 1, "Min Original Hash Batches": 1, "Max Peak Memory Usage": 3, "min Peak Memory Usage": 3, "Plans": [{"Node Type": "Seq Scan", "Parent Relationship": "Outer", "Relation Name": "supplier", "Alias": "supplier", "Startup Cost": 0.0, "Total Cost": 3533.0, "Plan Rows": 10, "Plan Width": 8, "Actual Min Startup Time": 0.255, "Actual Max Startup Time": 0.255, "Actual Min Total Time": 51.388, "Actual Max Total Time": 51.388, "Actual Total Rows": 56, "Filter": "((s_comment)::text ~~ '%Customer%Complaints%'::text)", "Rows Removed by Filter": 99944}]}]}]}]}]}, "Triggers": [], "Planner Runtime": 1.817, "Total Runtime": 4517.384, "Unique SQL Id": 1437012347}}, "(64, 101)": {"explain_plan": {"Plan": {"Node Type": "Sort", "Startup Cost": 736064.7, "Total Cost": 736134.04, "Plan Rows": 27736, "Plan Width": 60, "Sort Key": ["(count(partsupp.ps_suppkey)) DESC", "part.p_brand", "part.p_type", "part.p_size"], "Plans": [{"Node Type": "Aggregate", "Strategy": "Hashed", "Parent Relationship": "Outer", "Startup Cost": 733740.49, "Total Cost": 734017.85, "Plan Rows": 27736, "Plan Width": 60, "Group By Key": ["part.p_brand", "part.p_type", "part.p_size"], "Plans": [{"Node Type": "Aggregate", "Strategy": "Hashed", "Parent Relationship": "Outer", "Startup Cost": 733185.77, "Total Cost": 733463.13, "Plan Rows": 27736, "Plan Width": 52, "Group By Key": ["part.p_brand", "part.p_type", "part.p_size", "partsupp.ps_suppkey"], "Plans": [{"Node Type": "Hash Join", "Parent Relationship": "Outer", "Join Type": "Anti", "Startup Cost": 207277.4, "Total Cost": 722503.14, "Plan Rows": 854611, "Plan Width": 44, "Inner Unique": false, "Hash Cond": "(partsupp.ps_suppkey = supplier.s_suppkey), (LLVM Optimized)", "Plans": [{"Node Type": "Streaming(type: LOCAL GATHER dop: 1/64)", "Parent Relationship": "Outer", "Startup Cost": 205881.14, "Total Cost": 710424.11, "Plan Rows": 854625, "Plan Width": 44, "Plans": [{"Node Type": "Hash Join", "Parent Relationship": "Outer", "Join Type": "Inner", "Startup Cost": 205881.14, "Total Cost": 692793.3, "Plan Rows": 854625, "Plan Width": 44, "Inner Unique": true, "Hash Cond": "(partsupp.ps_partkey = part.p_partkey), (LLVM Optimized)", "Plans": [{"Node Type": "Streaming(type: LOCAL REDISTRIBUTE dop: 64/64)", "Parent Relationship": "Outer", "Startup Cost": 0.0, "Total Cost": 486309.85, "Plan Rows": 8000372, "Plan Width": 16, "Plans": [{"Node Type": "Index Scan", "Parent Relationship": "Outer", "Scan Direction": "Forward", "Index Name": "idx_partsupp_partkey", "Relation Name": "partsupp", "Alias": "partsupp", "Startup Cost": 0.0, "Total Cost": 415731.37, "Plan Rows": 8000372, "Plan Width": 16}]}, {"Node Type": "Hash", "Parent Relationship": "Inner", "Startup Cost": 205823.36, "Total Cost": 205823.36, "Plan Rows": 295844, "Plan Width": 44, "Plans": [{"Node Type": "Streaming(type: LOCAL REDISTRIBUTE dop: 64/1)", "Parent Relationship": "Outer", "Startup Cost": 0.0, "Total Cost": 205823.36, "Plan Rows": 295844, "Plan Width": 44, "Plans": [{"Node Type": "Index Scan", "Parent Relationship": "Outer", "Scan Direction": "Forward", "Index Name": "part_kpey", "Relation Name": "part", "Alias": "part", "Startup Cost": 0.0, "Total Cost": 130803.25, "Plan Rows": 295844, "Plan Width": 44, "Filter": "((p_brand <> 'Brand#34'::bpchar) AND ((p_type)::text !~~ 'LARGE BRUSHED%'::text) AND (p_size = ANY ('{48,19,12,4,41,7,21,39}'::integer[]))), (LLVM Optimized)"}]}]}]}]}, {"Node Type": "Hash", "Parent Relationship": "Inner", "Startup Cost": 5584.54, "Total Cost": 5584.54, "Plan Rows": 10, "Plan Width": 8, "Plans": [{"Node Type": "Index Scan", "Parent Relationship": "Outer", "Scan Direction": "Forward", "Index Name": "supplier_pkey", "Relation Name": "supplier", "Alias": "supplier", "Startup Cost": 0.0, "Total Cost": 5584.54, "Plan Rows": 10, "Plan Width": 8, "Filter": "((s_comment)::text ~~ '%Customer%Complaints%'::text)"}]}]}]}]}]}, "Unique SQL Id": 1437012347}, "explain_analyze_plan": {"Plan": {"Node Type": "Sort", "Startup Cost": 736064.7, "Total Cost": 736134.04, "Plan Rows": 27736, "Plan Width": 60, "Actual Min Startup Time": 6022.853, "Actual Max Startup Time": 6022.853, "Actual Min Total Time": 6026.077, "Actual Max Total Time": 6026.077, "Actual Total Rows": 27838, "Sort Key": ["(count(partsupp.ps_suppkey)) DESC", "part.p_brand", "part.p_type", "part.p_size"], "Sort Method": "quicksort", "Sort Space Min Used": 5082, "Sort Space Max Used": 5082, "Sort Space Type": "Memory", "Plans": [{"Node Type": "Aggregate", "Strategy": "Hashed", "Parent Relationship": "Outer", "Startup Cost": 733740.49, "Total Cost": 734017.85, "Plan Rows": 27736, "Plan Width": 60, "Actual Min Startup Time": 5923.507, "Actual Max Startup Time": 5923.507, "Actual Min Total Time": 5932.916, "Actual Max Total Time": 5932.916, "Actual Total Rows": 27838, "Group By Key": ["part.p_brand", "part.p_type", "part.p_size"], "Plans": [{"Node Type": "Aggregate", "Strategy": "Hashed", "Parent Relationship": "Outer", "Startup Cost": 733185.77, "Total Cost": 733463.13, "Plan Rows": 27736, "Plan Width": 52, "Actual Min Startup Time": 4413.448, "Actual Max Startup Time": 4413.448, "Actual Min Total Time": 4974.669, "Actual Max Total Time": 4974.669, "Actual Total Rows": 1188428, "Group By Key": ["part.p_brand", "part.p_type", "part.p_size", "partsupp.ps_suppkey"], "Plans": [{"Node Type": "Hash Join", "Parent Relationship": "Outer", "Join Type": "Anti", "Startup Cost": 207277.4, "Total Cost": 722503.14, "Plan Rows": 854611, "Plan Width": 44, "Actual Min Startup Time": 2638.89, "Actual Max Startup Time": 2638.89, "Actual Min Total Time": 3475.634, "Actual Max Total Time": 3475.634, "Actual Total Rows": 1188666, "Inner Unique": false, "Hash Cond": "(partsupp.ps_suppkey = supplier.s_suppkey), (LLVM Optimized, Jit Execute)", "Plans": [{"Node Type": "Streaming(type: LOCAL GATHER dop: 1/64)", "Parent Relationship": "Outer", "Startup Cost": 205881.14, "Total Cost": 710424.11, "Plan Rows": 854625, "Plan Width": 44, "Actual Min Startup Time": 2563.76, "Actual Max Startup Time": 2563.76, "Actual Min Total Time": 3046.881, "Actual Max Total Time": 3046.881, "Actual Total Rows": 1189344, "Plans": [{"Node Type": "Hash Join", "Parent Relationship": "Outer", "Join Type": "Inner", "Startup Cost": 205881.14, "Total Cost": 692793.3, "Plan Rows": 854625, "Plan Width": 44, "Actual Min Startup Time": 2330.614, "Actual Max Startup Time": 2500.004, "Actual Min Total Time": 3114.445, "Actual Max Total Time": 3481.051, "Actual Total Rows": 1189344, "Inner Unique": true, "Hash Cond": "(partsupp.ps_partkey = part.p_partkey), (LLVM Optimized, Jit Execute)", "Plans": [{"Node Type": "Streaming(type: LOCAL REDISTRIBUTE dop: 64/64)", "Parent Relationship": "Outer", "Startup Cost": 0.0, "Total Cost": 486309.85, "Plan Rows": 8000372, "Plan Width": 16, "Actual Min Startup Time": 0.142, "Actual Max Startup Time": 1.856, "Actual Min Total Time": 749.157, "Actual Max Total Time": 975.633, "Actual Total Rows": 8000000, "Plans": [{"Node Type": "Index Scan", "Parent Relationship": "Outer", "Scan Direction": "Forward", "Index Name": "idx_partsupp_partkey", "Relation Name": "partsupp", "Alias": "partsupp", "Startup Cost": 0.0, "Total Cost": 415731.37, "Plan Rows": 8000372, "Plan Width": 16, "Actual Min Startup Time": 37.458, "Actual Max Startup Time": 124.932, "Actual Min Total Time": 115.013, "Actual Max Total Time": 217.348, "Actual Total Rows": 8000000}]}, {"Node Type": "Hash", "Parent Relationship": "Inner", "Startup Cost": 205823.36, "Total Cost": 205823.36, "Plan Rows": 295844, "Plan Width": 44, "Actual Min Startup Time": 2330.154, "Actual Max Startup Time": 2499.542, "Actual Min Total Time": 2330.154, "Actual Max Total Time": 2499.542, "Actual Total Rows": 297336, "Max Hash Buckets": 32768, "Min Hash Buckets": 32768, "Max Hash Batches": 1, "Min Hash Batches": 1, "Max Original Hash Batches": 1, "Min Original Hash Batches": 1, "Max Peak Memory Usage": 365, "min Peak Memory Usage": 365, "Plans": [{"Node Type": "Streaming(type: LOCAL REDISTRIBUTE dop: 64/1)", "Parent Relationship": "Outer", "Startup Cost": 0.0, "Total Cost": 205823.36, "Plan Rows": 295844, "Plan Width": 44, "Actual Min Startup Time": 0.041, "Actual Max Startup Time": 179.288, "Actual Min Total Time": 2328.111, "Actual Max Total Time": 2497.493, "Actual Total Rows": 297336, "Plans": [{"Node Type": "Index Scan", "Parent Relationship": "Outer", "Scan Direction": "Forward", "Index Name": "part_kpey", "Relation Name": "part", "Alias": "part", "Startup Cost": 0.0, "Total Cost": 130803.25, "Plan Rows": 295844, "Plan Width": 44, "Actual Min Startup Time": 0.076, "Actual Max Startup Time": 0.076, "Actual Min Total Time": 2083.174, "Actual Max Total Time": 2083.174, "Actual Total Rows": 297336, "Filter": "((p_brand <> 'Brand#34'::bpchar) AND ((p_type)::text !~~ 'LARGE BRUSHED%'::text) AND (p_size = ANY ('{48,19,12,4,41,7,21,39}'::integer[]))), (LLVM Optimized, Jit Execute)", "Rows Removed by Filter": 1702664}]}]}]}]}, {"Node Type": "Hash", "Parent Relationship": "Inner", "Startup Cost": 5584.54, "Total Cost": 5584.54, "Plan Rows": 10, "Plan Width": 8, "Actual Min Startup Time": 75.079, "Actual Max Startup Time": 75.079, "Actual Min Total Time": 75.079, "Actual Max Total Time": 75.079, "Actual Total Rows": 56, "Max Hash Buckets": 32768, "Min Hash Buckets": 32768, "Max Hash Batches": 1, "Min Hash Batches": 1, "Max Original Hash Batches": 1, "Min Original Hash Batches": 1, "Max Peak Memory Usage": 3, "min Peak Memory Usage": 3, "Plans": [{"Node Type": "Index Scan", "Parent Relationship": "Outer", "Scan Direction": "Forward", "Index Name": "supplier_pkey", "Relation Name": "supplier", "Alias": "supplier", "Startup Cost": 0.0, "Total Cost": 5584.54, "Plan Rows": 10, "Plan Width": 8, "Actual Min Startup Time": 0.368, "Actual Max Startup Time": 0.368, "Actual Min Total Time": 75.015, "Actual Max Total Time": 75.015, "Actual Total Rows": 56, "Filter": "((s_comment)::text ~~ '%Customer%Complaints%'::text)", "Rows Removed by Filter": 99944}]}]}]}]}]}, "Triggers": [], "Planner Runtime": 1.376, "Total Runtime": 6064.907, "Unique SQL Id": 1437012347}}, "(64, 102)": {"explain_plan": {"Plan": {"Node Type": "Sort", "Startup Cost": 256366.86, "Total Cost": 256436.2, "Plan Rows": 27736, "Plan Width": 60, "Sort Key": ["(count(partsupp.ps_suppkey)) DESC", "part.p_brand", "part.p_type", "part.p_size"], "Plans": [{"Node Type": "Aggregate", "Strategy": "Hashed", "Parent Relationship": "Outer", "Startup Cost": 254042.65, "Total Cost": 254320.01, "Plan Rows": 27736, "Plan Width": 60, "Group By Key": ["part.p_brand", "part.p_type", "part.p_size"], "Plans": [{"Node Type": "Aggregate", "Strategy": "Hashed", "Parent Relationship": "Outer", "Startup Cost": 253487.93, "Total Cost": 253765.29, "Plan Rows": 27736, "Plan Width": 52, "Group By Key": ["part.p_brand", "part.p_type", "part.p_size", "partsupp.ps_suppkey"], "Plans": [{"Node Type": "Hash Join", "Parent Relationship": "Outer", "Join Type": "Anti", "Startup Cost": 72314.26, "Total Cost": 242805.29, "Plan Rows": 854611, "Plan Width": 44, "Inner Unique": false, "Hash Cond": "(partsupp.ps_suppkey = supplier.s_suppkey), (LLVM Optimized)", "Plans": [{"Node Type": "Streaming(type: LOCAL GATHER dop: 1/64)", "Parent Relationship": "Outer", "Startup Cost": 68781.13, "Total Cost": 228589.41, "Plan Rows": 854625, "Plan Width": 44, "Plans": [{"Node Type": "Hash Join", "Parent Relationship": "Outer", "Join Type": "Inner", "Startup Cost": 68781.13, "Total Cost": 210958.59, "Plan Rows": 854625, "Plan Width": 44, "Inner Unique": false, "Hash Cond": "(part.p_partkey = partsupp.ps_partkey), (LLVM Optimized)", "Plans": [{"Node Type": "Streaming(type: BROADCAST dop: 64/64)", "Parent Relationship": "Outer", "Startup Cost": 0.0, "Total Cost": 139455.29, "Plan Rows": 18934016, "Plan Width": 44, "Plans": [{"Node Type": "Seq Scan", "Parent Relationship": "Outer", "Relation Name": "part", "Alias": "part", "Startup Cost": 0.0, "Total Cost": 64436.62, "Plan Rows": 295844, "Plan Width": 44, "Filter": "((p_brand <> 'Brand#34'::bpchar) AND ((p_type)::text !~~ 'LARGE BRUSHED%'::text) AND (p_size = ANY ('{48,19,12,4,41,7,21,39}'::integer[]))), (LLVM Optimized)"}]}, {"Node Type": "Hash", "Parent Relationship": "Inner", "Startup Cost": 67218.56, "Total Cost": 67218.56, "Plan Rows": 8000372, "Plan Width": 16, "Plans": [{"Node Type": "Seq Scan", "Parent Relationship": "Outer", "Relation Name": "partsupp", "Alias": "partsupp", "Startup Cost": 0.0, "Total Cost": 67218.56, "Plan Rows": 8000372, "Plan Width": 16}]}]}]}, {"Node Type": "Hash", "Parent Relationship": "Inner", "Startup Cost": 3533.0, "Total Cost": 3533.0, "Plan Rows": 10, "Plan Width": 8, "Plans": [{"Node Type": "Seq Scan", "Parent Relationship": "Outer", "Relation Name": "supplier", "Alias": "supplier", "Startup Cost": 0.0, "Total Cost": 3533.0, "Plan Rows": 10, "Plan Width": 8, "Filter": "((s_comment)::text ~~ '%Customer%Complaints%'::text)"}]}]}]}]}]}, "Unique SQL Id": 1437012347}, "explain_analyze_plan": {"Plan": {"Node Type": "Sort", "Startup Cost": 256366.86, "Total Cost": 256436.2, "Plan Rows": 27736, "Plan Width": 60, "Actual Min Startup Time": 4476.752, "Actual Max Startup Time": 4476.752, "Actual Min Total Time": 4479.827, "Actual Max Total Time": 4479.827, "Actual Total Rows": 27838, "Sort Key": ["(count(partsupp.ps_suppkey)) DESC", "part.p_brand", "part.p_type", "part.p_size"], "Sort Method": "quicksort", "Sort Space Min Used": 5082, "Sort Space Max Used": 5082, "Sort Space Type": "Memory", "Plans": [{"Node Type": "Aggregate", "Strategy": "Hashed", "Parent Relationship": "Outer", "Startup Cost": 254042.65, "Total Cost": 254320.01, "Plan Rows": 27736, "Plan Width": 60, "Actual Min Startup Time": 4376.627, "Actual Max Startup Time": 4376.627, "Actual Min Total Time": 4385.931, "Actual Max Total Time": 4385.931, "Actual Total Rows": 27838, "Group By Key": ["part.p_brand", "part.p_type", "part.p_size"], "Plans": [{"Node Type": "Aggregate", "Strategy": "Hashed", "Parent Relationship": "Outer", "Startup Cost": 253487.93, "Total Cost": 253765.29, "Plan Rows": 27736, "Plan Width": 52, "Actual Min Startup Time": 2854.718, "Actual Max Startup Time": 2854.718, "Actual Min Total Time": 3396.575, "Actual Max Total Time": 3396.575, "Actual Total Rows": 1188428, "Group By Key": ["part.p_brand", "part.p_type", "part.p_size", "partsupp.ps_suppkey"], "Plans": [{"Node Type": "Hash Join", "Parent Relationship": "Outer", "Join Type": "Anti", "Startup Cost": 72314.26, "Total Cost": 242805.29, "Plan Rows": 854611, "Plan Width": 44, "Actual Min Startup Time": 308.113, "Actual Max Startup Time": 308.113, "Actual Min Total Time": 1683.887, "Actual Max Total Time": 1683.887, "Actual Total Rows": 1188666, "Inner Unique": false, "Hash Cond": "(partsupp.ps_suppkey = supplier.s_suppkey), (LLVM Optimized, Jit Execute)", "Plans": [{"Node Type": "Streaming(type: LOCAL GATHER dop: 1/64)", "Parent Relationship": "Outer", "Startup Cost": 68781.13, "Total Cost": 228589.41, "Plan Rows": 854625, "Plan Width": 44, "Actual Min Startup Time": 256.615, "Actual Max Startup Time": 256.615, "Actual Min Total Time": 1260.176, "Actual Max Total Time": 1260.176, "Actual Total Rows": 1189344, "Plans": [{"Node Type": "Hash Join", "Parent Relationship": "Outer", "Join Type": "Inner", "Startup Cost": 68781.13, "Total Cost": 210958.59, "Plan Rows": 854625, "Plan Width": 44, "Actual Min Startup Time": 76.809, "Actual Max Startup Time": 276.302, "Actual Min Total Time": 1373.144, "Actual Max Total Time": 1744.056, "Actual Total Rows": 1189344, "Inner Unique": false, "Hash Cond": "(part.p_partkey = partsupp.ps_partkey), (LLVM Optimized, Jit Execute)", "Plans": [{"Node Type": "Streaming(type: BROADCAST dop: 64/64)", "Parent Relationship": "Outer", "Startup Cost": 0.0, "Total Cost": 139455.29, "Plan Rows": 18934016, "Plan Width": 44, "Actual Min Startup Time": 0.115, "Actual Max Startup Time": 1.262, "Actual Min Total Time": 1174.396, "Actual Max Total Time": 1471.854, "Actual Total Rows": 19029504, "Plans": [{"Node Type": "Seq Scan", "Parent Relationship": "Outer", "Relation Name": "part", "Alias": "part", "Startup Cost": 0.0, "Total Cost": 64436.62, "Plan Rows": 295844, "Plan Width": 44, "Actual Min Startup Time": 0.032, "Actual Max Startup Time": 0.08, "Actual Min Total Time": 19.658, "Actual Max Total Time": 32.694, "Actual Total Rows": 297336, "Filter": "((p_brand <> 'Brand#34'::bpchar) AND ((p_type)::text !~~ 'LARGE BRUSHED%'::text) AND (p_size = ANY ('{48,19,12,4,41,7,21,39}'::integer[]))), (LLVM Optimized, Jit Execute)", "Rows Removed by Filter": 1702664}]}, {"Node Type": "Hash", "Parent Relationship": "Inner", "Startup Cost": 67218.56, "Total Cost": 67218.56, "Plan Rows": 8000372, "Plan Width": 16, "Actual Min Startup Time": 75.766, "Actual Max Startup Time": 151.429, "Actual Min Total Time": 75.766, "Actual Max Total Time": 151.429, "Actual Total Rows": 8000000, "Max Hash Buckets": 131072, "Min Hash Buckets": 131072, "Max Hash Batches": 1, "Min Hash Batches": 1, "Max Original Hash Batches": 1, "Min Original Hash Batches": 1, "Max Peak Memory Usage": 5921, "min Peak Memory Usage": 5921, "Plans": [{"Node Type": "Seq Scan", "Parent Relationship": "Outer", "Relation Name": "partsupp", "Alias": "partsupp", "Startup Cost": 0.0, "Total Cost": 67218.56, "Plan Rows": 8000372, "Plan Width": 16, "Actual Min Startup Time": 0.017, "Actual Max Startup Time": 0.034, "Actual Min Total Time": 43.375, "Actual Max Total Time": 54.1, "Actual Total Rows": 8000000}]}]}]}, {"Node Type": "Hash", "Parent Relationship": "Inner", "Startup Cost": 3533.0, "Total Cost": 3533.0, "Plan Rows": 10, "Plan Width": 8, "Actual Min Startup Time": 51.443, "Actual Max Startup Time": 51.443, "Actual Min Total Time": 51.443, "Actual Max Total Time": 51.443, "Actual Total Rows": 56, "Max Hash Buckets": 32768, "Min Hash Buckets": 32768, "Max Hash Batches": 1, "Min Hash Batches": 1, "Max Original Hash Batches": 1, "Min Original Hash Batches": 1, "Max Peak Memory Usage": 3, "min Peak Memory Usage": 3, "Plans": [{"Node Type": "Seq Scan", "Parent Relationship": "Outer", "Relation Name": "supplier", "Alias": "supplier", "Startup Cost": 0.0, "Total Cost": 3533.0, "Plan Rows": 10, "Plan Width": 8, "Actual Min Startup Time": 0.255, "Actual Max Startup Time": 0.255, "Actual Min Total Time": 51.388, "Actual Max Total Time": 51.388, "Actual Total Rows": 56, "Filter": "((s_comment)::text ~~ '%Customer%Complaints%'::text)", "Rows Removed by Filter": 99944}]}]}]}]}]}, "Triggers": [], "Planner Runtime": 1.817, "Total Runtime": 4517.384, "Unique SQL Id": 1437012347}}, "(64, 103)": {"explain_plan": {"Plan": {"Node Type": "Sort", "Startup Cost": 636427.53, "Total Cost": 636496.87, "Plan Rows": 27736, "Plan Width": 60, "Sort Key": ["(count(partsupp.ps_suppkey)) DESC", "part.p_brand", "part.p_type", "part.p_size"], "Plans": [{"Node Type": "Aggregate", "Strategy": "Hashed", "Parent Relationship": "Outer", "Startup Cost": 634103.33, "Total Cost": 634380.69, "Plan Rows": 27736, "Plan Width": 60, "Group By Key": ["part.p_brand", "part.p_type", "part.p_size"], "Plans": [{"Node Type": "Aggregate", "Strategy": "Hashed", "Parent Relationship": "Outer", "Startup Cost": 633548.61, "Total Cost": 633825.97, "Plan Rows": 27736, "Plan Width": 52, "Group By Key": ["part.p_brand", "part.p_type", "part.p_size", "partsupp.ps_suppkey"], "Plans": [{"Node Type": "Hash Join", "Parent Relationship": "Outer", "Join Type": "Anti", "Startup Cost": 303647.84, "Total Cost": 622865.97, "Plan Rows": 854611, "Plan Width": 44, "Inner Unique": false, "Hash Cond": "(partsupp.ps_suppkey = supplier.s_suppkey), (LLVM Optimized)", "Plans": [{"Node Type": "Hash Join", "Parent Relationship": "Outer", "Join Type": "Inner", "Startup Cost": 298066.46, "Total Cost": 606601.83, "Plan Rows": 854625, "Plan Width": 44, "Inner Unique": true, "Hash Cond": "(partsupp.ps_partkey = part.p_partkey), (LLVM Optimized)", "Plans": [{"Node Type": "Bitmap Heap Scan", "Parent Relationship": "Outer", "Relation Name": "partsupp", "Alias": "partsupp", "Startup Cost": 163494.2, "Total Cost": 433481.92, "Plan Rows": 8000372, "Plan Width": 16, "Plans": [{"Node Type": "Bitmap Index Scan", "Parent Relationship": "Outer", "Index Name": "idx_partsupp_partkey", "Startup Cost": 0.0, "Total Cost": 161494.11, "Plan Rows": 8000372, "Plan Width": 0}]}, {"Node Type": "Hash", "Parent Relationship": "Inner", "Startup Cost": 130874.21, "Total Cost": 130874.21, "Plan Rows": 295844, "Plan Width": 44, "Plans": [{"Node Type": "Bitmap Heap Scan", "Parent Relationship": "Outer", "Relation Name": "part", "Alias": "part", "Startup Cost": 38930.21, "Total Cost": 130874.21, "Plan Rows": 295844, "Plan Width": 44, "Filter": "((p_brand <> 'Brand#34'::bpchar) AND ((p_type)::text !~~ 'LARGE BRUSHED%'::text) AND (p_size = ANY ('{48,19,12,4,41,7,21,39}'::integer[]))), (LLVM Optimized)", "Plans": [{"Node Type": "Bitmap Index Scan", "Parent Relationship": "Outer", "Index Name": "part_kpey", "Startup Cost": 0.0, "Total Cost": 38856.25, "Plan Rows": 2000000, "Plan Width": 0}]}]}]}, {"Node Type": "Hash", "Parent Relationship": "Inner", "Startup Cost": 5581.25, "Total Cost": 5581.25, "Plan Rows": 10, "Plan Width": 8, "Plans": [{"Node Type": "Bitmap Heap Scan", "Parent Relationship": "Outer", "Relation Name": "supplier", "Alias": "supplier", "Startup Cost": 2048.25, "Total Cost": 5581.25, "Plan Rows": 10, "Plan Width": 8, "Filter": "((s_comment)::text ~~ '%Customer%Complaints%'::text)", "Plans": [{"Node Type": "Bitmap Index Scan", "Parent Relationship": "Outer", "Index Name": "supplier_pkey", "Startup Cost": 0.0, "Total Cost": 2048.25, "Plan Rows": 100000, "Plan Width": 0}]}]}]}]}]}]}, "Unique SQL Id": 1437012347}, "explain_analyze_plan": null}, "(64, 104)": {"explain_plan": {"Plan": {"Node Type": "Sort", "Startup Cost": 256366.86, "Total Cost": 256436.2, "Plan Rows": 27736, "Plan Width": 60, "Sort Key": ["(count(partsupp.ps_suppkey)) DESC", "part.p_brand", "part.p_type", "part.p_size"], "Plans": [{"Node Type": "Aggregate", "Strategy": "Hashed", "Parent Relationship": "Outer", "Startup Cost": 254042.65, "Total Cost": 254320.01, "Plan Rows": 27736, "Plan Width": 60, "Group By Key": ["part.p_brand", "part.p_type", "part.p_size"], "Plans": [{"Node Type": "Aggregate", "Strategy": "Hashed", "Parent Relationship": "Outer", "Startup Cost": 253487.93, "Total Cost": 253765.29, "Plan Rows": 27736, "Plan Width": 52, "Group By Key": ["part.p_brand", "part.p_type", "part.p_size", "partsupp.ps_suppkey"], "Plans": [{"Node Type": "Hash Join", "Parent Relationship": "Outer", "Join Type": "Anti", "Startup Cost": 72314.26, "Total Cost": 242805.29, "Plan Rows": 854611, "Plan Width": 44, "Inner Unique": false, "Hash Cond": "(partsupp.ps_suppkey = supplier.s_suppkey), (LLVM Optimized)", "Plans": [{"Node Type": "Streaming(type: LOCAL GATHER dop: 1/64)", "Parent Relationship": "Outer", "Startup Cost": 68781.13, "Total Cost": 228589.41, "Plan Rows": 854625, "Plan Width": 44, "Plans": [{"Node Type": "Hash Join", "Parent Relationship": "Outer", "Join Type": "Inner", "Startup Cost": 68781.13, "Total Cost": 210958.59, "Plan Rows": 854625, "Plan Width": 44, "Inner Unique": false, "Hash Cond": "(part.p_partkey = partsupp.ps_partkey), (LLVM Optimized)", "Plans": [{"Node Type": "Streaming(type: BROADCAST dop: 64/64)", "Parent Relationship": "Outer", "Startup Cost": 0.0, "Total Cost": 139455.29, "Plan Rows": 18934016, "Plan Width": 44, "Plans": [{"Node Type": "Seq Scan", "Parent Relationship": "Outer", "Relation Name": "part", "Alias": "part", "Startup Cost": 0.0, "Total Cost": 64436.62, "Plan Rows": 295844, "Plan Width": 44, "Filter": "((p_brand <> 'Brand#34'::bpchar) AND ((p_type)::text !~~ 'LARGE BRUSHED%'::text) AND (p_size = ANY ('{48,19,12,4,41,7,21,39}'::integer[]))), (LLVM Optimized)"}]}, {"Node Type": "Hash", "Parent Relationship": "Inner", "Startup Cost": 67218.56, "Total Cost": 67218.56, "Plan Rows": 8000372, "Plan Width": 16, "Plans": [{"Node Type": "Seq Scan", "Parent Relationship": "Outer", "Relation Name": "partsupp", "Alias": "partsupp", "Startup Cost": 0.0, "Total Cost": 67218.56, "Plan Rows": 8000372, "Plan Width": 16}]}]}]}, {"Node Type": "Hash", "Parent Relationship": "Inner", "Startup Cost": 3533.0, "Total Cost": 3533.0, "Plan Rows": 10, "Plan Width": 8, "Plans": [{"Node Type": "Seq Scan", "Parent Relationship": "Outer", "Relation Name": "supplier", "Alias": "supplier", "Startup Cost": 0.0, "Total Cost": 3533.0, "Plan Rows": 10, "Plan Width": 8, "Filter": "((s_comment)::text ~~ '%Customer%Complaints%'::text)"}]}]}]}]}]}, "Unique SQL Id": 1437012347}, "explain_analyze_plan": {"Plan": {"Node Type": "Sort", "Startup Cost": 256366.86, "Total Cost": 256436.2, "Plan Rows": 27736, "Plan Width": 60, "Actual Min Startup Time": 4476.752, "Actual Max Startup Time": 4476.752, "Actual Min Total Time": 4479.827, "Actual Max Total Time": 4479.827, "Actual Total Rows": 27838, "Sort Key": ["(count(partsupp.ps_suppkey)) DESC", "part.p_brand", "part.p_type", "part.p_size"], "Sort Method": "quicksort", "Sort Space Min Used": 5082, "Sort Space Max Used": 5082, "Sort Space Type": "Memory", "Plans": [{"Node Type": "Aggregate", "Strategy": "Hashed", "Parent Relationship": "Outer", "Startup Cost": 254042.65, "Total Cost": 254320.01, "Plan Rows": 27736, "Plan Width": 60, "Actual Min Startup Time": 4376.627, "Actual Max Startup Time": 4376.627, "Actual Min Total Time": 4385.931, "Actual Max Total Time": 4385.931, "Actual Total Rows": 27838, "Group By Key": ["part.p_brand", "part.p_type", "part.p_size"], "Plans": [{"Node Type": "Aggregate", "Strategy": "Hashed", "Parent Relationship": "Outer", "Startup Cost": 253487.93, "Total Cost": 253765.29, "Plan Rows": 27736, "Plan Width": 52, "Actual Min Startup Time": 2854.718, "Actual Max Startup Time": 2854.718, "Actual Min Total Time": 3396.575, "Actual Max Total Time": 3396.575, "Actual Total Rows": 1188428, "Group By Key": ["part.p_brand", "part.p_type", "part.p_size", "partsupp.ps_suppkey"], "Plans": [{"Node Type": "Hash Join", "Parent Relationship": "Outer", "Join Type": "Anti", "Startup Cost": 72314.26, "Total Cost": 242805.29, "Plan Rows": 854611, "Plan Width": 44, "Actual Min Startup Time": 308.113, "Actual Max Startup Time": 308.113, "Actual Min Total Time": 1683.887, "Actual Max Total Time": 1683.887, "Actual Total Rows": 1188666, "Inner Unique": false, "Hash Cond": "(partsupp.ps_suppkey = supplier.s_suppkey), (LLVM Optimized, Jit Execute)", "Plans": [{"Node Type": "Streaming(type: LOCAL GATHER dop: 1/64)", "Parent Relationship": "Outer", "Startup Cost": 68781.13, "Total Cost": 228589.41, "Plan Rows": 854625, "Plan Width": 44, "Actual Min Startup Time": 256.615, "Actual Max Startup Time": 256.615, "Actual Min Total Time": 1260.176, "Actual Max Total Time": 1260.176, "Actual Total Rows": 1189344, "Plans": [{"Node Type": "Hash Join", "Parent Relationship": "Outer", "Join Type": "Inner", "Startup Cost": 68781.13, "Total Cost": 210958.59, "Plan Rows": 854625, "Plan Width": 44, "Actual Min Startup Time": 76.809, "Actual Max Startup Time": 276.302, "Actual Min Total Time": 1373.144, "Actual Max Total Time": 1744.056, "Actual Total Rows": 1189344, "Inner Unique": false, "Hash Cond": "(part.p_partkey = partsupp.ps_partkey), (LLVM Optimized, Jit Execute)", "Plans": [{"Node Type": "Streaming(type: BROADCAST dop: 64/64)", "Parent Relationship": "Outer", "Startup Cost": 0.0, "Total Cost": 139455.29, "Plan Rows": 18934016, "Plan Width": 44, "Actual Min Startup Time": 0.115, "Actual Max Startup Time": 1.262, "Actual Min Total Time": 1174.396, "Actual Max Total Time": 1471.854, "Actual Total Rows": 19029504, "Plans": [{"Node Type": "Seq Scan", "Parent Relationship": "Outer", "Relation Name": "part", "Alias": "part", "Startup Cost": 0.0, "Total Cost": 64436.62, "Plan Rows": 295844, "Plan Width": 44, "Actual Min Startup Time": 0.032, "Actual Max Startup Time": 0.08, "Actual Min Total Time": 19.658, "Actual Max Total Time": 32.694, "Actual Total Rows": 297336, "Filter": "((p_brand <> 'Brand#34'::bpchar) AND ((p_type)::text !~~ 'LARGE BRUSHED%'::text) AND (p_size = ANY ('{48,19,12,4,41,7,21,39}'::integer[]))), (LLVM Optimized, Jit Execute)", "Rows Removed by Filter": 1702664}]}, {"Node Type": "Hash", "Parent Relationship": "Inner", "Startup Cost": 67218.56, "Total Cost": 67218.56, "Plan Rows": 8000372, "Plan Width": 16, "Actual Min Startup Time": 75.766, "Actual Max Startup Time": 151.429, "Actual Min Total Time": 75.766, "Actual Max Total Time": 151.429, "Actual Total Rows": 8000000, "Max Hash Buckets": 131072, "Min Hash Buckets": 131072, "Max Hash Batches": 1, "Min Hash Batches": 1, "Max Original Hash Batches": 1, "Min Original Hash Batches": 1, "Max Peak Memory Usage": 5921, "min Peak Memory Usage": 5921, "Plans": [{"Node Type": "Seq Scan", "Parent Relationship": "Outer", "Relation Name": "partsupp", "Alias": "partsupp", "Startup Cost": 0.0, "Total Cost": 67218.56, "Plan Rows": 8000372, "Plan Width": 16, "Actual Min Startup Time": 0.017, "Actual Max Startup Time": 0.034, "Actual Min Total Time": 43.375, "Actual Max Total Time": 54.1, "Actual Total Rows": 8000000}]}]}]}, {"Node Type": "Hash", "Parent Relationship": "Inner", "Startup Cost": 3533.0, "Total Cost": 3533.0, "Plan Rows": 10, "Plan Width": 8, "Actual Min Startup Time": 51.443, "Actual Max Startup Time": 51.443, "Actual Min Total Time": 51.443, "Actual Max Total Time": 51.443, "Actual Total Rows": 56, "Max Hash Buckets": 32768, "Min Hash Buckets": 32768, "Max Hash Batches": 1, "Min Hash Batches": 1, "Max Original Hash Batches": 1, "Min Original Hash Batches": 1, "Max Peak Memory Usage": 3, "min Peak Memory Usage": 3, "Plans": [{"Node Type": "Seq Scan", "Parent Relationship": "Outer", "Relation Name": "supplier", "Alias": "supplier", "Startup Cost": 0.0, "Total Cost": 3533.0, "Plan Rows": 10, "Plan Width": 8, "Actual Min Startup Time": 0.255, "Actual Max Startup Time": 0.255, "Actual Min Total Time": 51.388, "Actual Max Total Time": 51.388, "Actual Total Rows": 56, "Filter": "((s_comment)::text ~~ '%Customer%Complaints%'::text)", "Rows Removed by Filter": 99944}]}]}]}]}]}, "Triggers": [], "Planner Runtime": 1.817, "Total Runtime": 4517.384, "Unique SQL Id": 1437012347}}, "(64, 105)": {"explain_plan": {"Plan": {"Node Type": "Sort", "Startup Cost": 418288.46, "Total Cost": 418357.8, "Plan Rows": 27736, "Plan Width": 60, "Sort Key": ["(count(partsupp.ps_suppkey)) DESC", "part.p_brand", "part.p_type", "part.p_size"], "Plans": [{"Node Type": "Aggregate", "Strategy": "Hashed", "Parent Relationship": "Outer", "Startup Cost": 415964.25, "Total Cost": 416241.61, "Plan Rows": 27736, "Plan Width": 60, "Group By Key": ["part.p_brand", "part.p_type", "part.p_size"], "Plans": [{"Node Type": "Aggregate", "Strategy": "Hashed", "Parent Relationship": "Outer", "Startup Cost": 415409.53, "Total Cost": 415686.89, "Plan Rows": 27736, "Plan Width": 52, "Group By Key": ["part.p_brand", "part.p_type", "part.p_size", "partsupp.ps_suppkey"], "Plans": [{"Node Type": "Hash Join", "Parent Relationship": "Outer", "Join Type": "Anti", "Startup Cost": 5584.67, "Total Cost": 404726.89, "Plan Rows": 854611, "Plan Width": 44, "Inner Unique": false, "Hash Cond": "(partsupp.ps_suppkey = supplier.s_suppkey), (LLVM Optimized)", "Plans": [{"Node Type": "Nested Loop", "Parent Relationship": "Outer", "Join Type": "Inner", "Startup Cost": 0.0, "Total Cost": 388454.21, "Plan Rows": 854625, "Plan Width": 44, "Inner Unique": false, "Plans": [{"Node Type": "Index Scan", "Parent Relationship": "Outer", "Scan Direction": "Forward", "Index Name": "part_kpey", "Relation Name": "part", "Alias": "part", "Startup Cost": 0.0, "Total Cost": 130803.25, "Plan Rows": 295844, "Plan Width": 44, "Filter": "((p_brand <> 'Brand#34'::bpchar) AND ((p_type)::text !~~ 'LARGE BRUSHED%'::text) AND (p_size = ANY ('{48,19,12,4,41,7,21,39}'::integer[]))), (LLVM Optimized)"}, {"Node Type": "Index Only Scan", "Parent Relationship": "Inner", "Scan Direction": "Forward", "Index Name": "partsupp_pkey", "Relation Name": "partsupp", "Alias": "partsupp", "Startup Cost": 0.0, "Total Cost": 0.84, "Plan Rows": 3, "Plan Width": 16, "Index Cond": "(ps_partkey = part.p_partkey)"}]}, {"Node Type": "Hash", "Parent Relationship": "Inner", "Startup Cost": 5584.54, "Total Cost": 5584.54, "Plan Rows": 10, "Plan Width": 8, "Plans": [{"Node Type": "Index Scan", "Parent Relationship": "Outer", "Scan Direction": "Forward", "Index Name": "supplier_pkey", "Relation Name": "supplier", "Alias": "supplier", "Startup Cost": 0.0, "Total Cost": 5584.54, "Plan Rows": 10, "Plan Width": 8, "Filter": "((s_comment)::text ~~ '%Customer%Complaints%'::text)"}]}]}]}]}]}, "Unique SQL Id": 1437012347}, "explain_analyze_plan": {"Plan": {"Node Type": "Sort", "Startup Cost": 418288.46, "Total Cost": 418357.8, "Plan Rows": 27736, "Plan Width": 60, "Actual Startup Time": 6946.55, "Actual Total Time": 6950.158, "Actual Rows": 27838, "Actual Loops": 1, "Sort Key": ["(count(partsupp.ps_suppkey)) DESC", "part.p_brand", "part.p_type", "part.p_size"], "Sort Method": "quicksort", "Sort Space Used": 5082, "Sort Space Type": "Memory", "Plans": [{"Node Type": "Aggregate", "Strategy": "Hashed", "Parent Relationship": "Outer", "Startup Cost": 415964.25, "Total Cost": 416241.61, "Plan Rows": 27736, "Plan Width": 60, "Actual Startup Time": 6844.512, "Actual Total Time": 6854.496, "Actual Rows": 27838, "Actual Loops": 1, "Group By Key": ["part.p_brand", "part.p_type", "part.p_size"], "Plans": [{"Node Type": "Aggregate", "Strategy": "Hashed", "Parent Relationship": "Outer", "Startup Cost": 415409.53, "Total Cost": 415686.89, "Plan Rows": 27736, "Plan Width": 52, "Actual Startup Time": 5232.276, "Actual Total Time": 5899.683, "Actual Rows": 1188428, "Actual Loops": 1, "Group By Key": ["part.p_brand", "part.p_type", "part.p_size", "partsupp.ps_suppkey"], "Plans": [{"Node Type": "Hash Join", "Parent Relationship": "Outer", "Join Type": "Anti", "Startup Cost": 5584.67, "Total Cost": 404726.89, "Plan Rows": 854611, "Plan Width": 44, "Actual Startup Time": 74.0, "Actual Total Time": 4190.013, "Actual Rows": 1188666, "Actual Loops": 1, "Inner Unique": false, "Hash Cond": "(partsupp.ps_suppkey = supplier.s_suppkey), (LLVM Optimized, Jit Execute)", "Plans": [{"Node Type": "Nested Loop", "Parent Relationship": "Outer", "Join Type": "Inner", "Startup Cost": 0.0, "Total Cost": 388454.21, "Plan Rows": 854625, "Plan Width": 44, "Actual Startup Time": 0.164, "Actual Total Time": 3764.233, "Actual Rows": 1189344, "Actual Loops": 1, "Inner Unique": false, "Plans": [{"Node Type": "Index Scan", "Parent Relationship": "Outer", "Scan Direction": "Forward", "Index Name": "part_kpey", "Relation Name": "part", "Alias": "part", "Startup Cost": 0.0, "Total Cost": 130803.25, "Plan Rows": 295844, "Plan Width": 44, "Actual Startup Time": 0.046, "Actual Total Time": 1826.412, "Actual Rows": 297336, "Actual Loops": 1, "Filter": "((p_brand <> 'Brand#34'::bpchar) AND ((p_type)::text !~~ 'LARGE BRUSHED%'::text) AND (p_size = ANY ('{48,19,12,4,41,7,21,39}'::integer[]))), (LLVM Optimized, Jit Execute)", "Rows Removed by Filter": 1702664}, {"Node Type": "Index Only Scan", "Parent Relationship": "Inner", "Scan Direction": "Forward", "Index Name": "partsupp_pkey", "Relation Name": "partsupp", "Alias": "partsupp", "Startup Cost": 0.0, "Total Cost": 0.84, "Plan Rows": 3, "Plan Width": 16, "Actual Startup Time": 1205.266, "Actual Total Time": 1499.547, "Actual Rows": 1189344, "Actual Loops": 297336, "Index Cond": "(ps_partkey = part.p_partkey)", "Rows Removed by Index Recheck": 0, "Heap Fetches": 0}]}, {"Node Type": "Hash", "Parent Relationship": "Inner", "Startup Cost": 5584.54, "Total Cost": 5584.54, "Plan Rows": 10, "Plan Width": 8, "Actual Startup Time": 73.793, "Actual Total Time": 73.793, "Actual Rows": 56, "Actual Loops": 1, "Hash Buckets": 32768, "Hash Batches": 1, "Original Hash Batches": 1, "Peak Memory Usage": 3, "Plans": [{"Node Type": "Index Scan", "Parent Relationship": "Outer", "Scan Direction": "Forward", "Index Name": "supplier_pkey", "Relation Name": "supplier", "Alias": "supplier", "Startup Cost": 0.0, "Total Cost": 5584.54, "Plan Rows": 10, "Plan Width": 8, "Actual Startup Time": 0.287, "Actual Total Time": 73.734, "Actual Rows": 56, "Actual Loops": 1, "Filter": "((s_comment)::text ~~ '%Customer%Complaints%'::text)", "Rows Removed by Filter": 99944}]}]}]}]}]}, "Triggers": [], "Planner Runtime": 1.433, "Total Runtime": 6961.58, "Unique SQL Id": 1437012347}}, "(64, 106)": {"explain_plan": {"Plan": {"Node Type": "Sort", "Startup Cost": 256366.86, "Total Cost": 256436.2, "Plan Rows": 27736, "Plan Width": 60, "Sort Key": ["(count(partsupp.ps_suppkey)) DESC", "part.p_brand", "part.p_type", "part.p_size"], "Plans": [{"Node Type": "Aggregate", "Strategy": "Hashed", "Parent Relationship": "Outer", "Startup Cost": 254042.65, "Total Cost": 254320.01, "Plan Rows": 27736, "Plan Width": 60, "Group By Key": ["part.p_brand", "part.p_type", "part.p_size"], "Plans": [{"Node Type": "Aggregate", "Strategy": "Hashed", "Parent Relationship": "Outer", "Startup Cost": 253487.93, "Total Cost": 253765.29, "Plan Rows": 27736, "Plan Width": 52, "Group By Key": ["part.p_brand", "part.p_type", "part.p_size", "partsupp.ps_suppkey"], "Plans": [{"Node Type": "Hash Join", "Parent Relationship": "Outer", "Join Type": "Anti", "Startup Cost": 72314.26, "Total Cost": 242805.29, "Plan Rows": 854611, "Plan Width": 44, "Inner Unique": false, "Hash Cond": "(partsupp.ps_suppkey = supplier.s_suppkey), (LLVM Optimized)", "Plans": [{"Node Type": "Streaming(type: LOCAL GATHER dop: 1/64)", "Parent Relationship": "Outer", "Startup Cost": 68781.13, "Total Cost": 228589.41, "Plan Rows": 854625, "Plan Width": 44, "Plans": [{"Node Type": "Hash Join", "Parent Relationship": "Outer", "Join Type": "Inner", "Startup Cost": 68781.13, "Total Cost": 210958.59, "Plan Rows": 854625, "Plan Width": 44, "Inner Unique": false, "Hash Cond": "(part.p_partkey = partsupp.ps_partkey), (LLVM Optimized)", "Plans": [{"Node Type": "Streaming(type: BROADCAST dop: 64/64)", "Parent Relationship": "Outer", "Startup Cost": 0.0, "Total Cost": 139455.29, "Plan Rows": 18934016, "Plan Width": 44, "Plans": [{"Node Type": "Seq Scan", "Parent Relationship": "Outer", "Relation Name": "part", "Alias": "part", "Startup Cost": 0.0, "Total Cost": 64436.62, "Plan Rows": 295844, "Plan Width": 44, "Filter": "((p_brand <> 'Brand#34'::bpchar) AND ((p_type)::text !~~ 'LARGE BRUSHED%'::text) AND (p_size = ANY ('{48,19,12,4,41,7,21,39}'::integer[]))), (LLVM Optimized)"}]}, {"Node Type": "Hash", "Parent Relationship": "Inner", "Startup Cost": 67218.56, "Total Cost": 67218.56, "Plan Rows": 8000372, "Plan Width": 16, "Plans": [{"Node Type": "Seq Scan", "Parent Relationship": "Outer", "Relation Name": "partsupp", "Alias": "partsupp", "Startup Cost": 0.0, "Total Cost": 67218.56, "Plan Rows": 8000372, "Plan Width": 16}]}]}]}, {"Node Type": "Hash", "Parent Relationship": "Inner", "Startup Cost": 3533.0, "Total Cost": 3533.0, "Plan Rows": 10, "Plan Width": 8, "Plans": [{"Node Type": "Seq Scan", "Parent Relationship": "Outer", "Relation Name": "supplier", "Alias": "supplier", "Startup Cost": 0.0, "Total Cost": 3533.0, "Plan Rows": 10, "Plan Width": 8, "Filter": "((s_comment)::text ~~ '%Customer%Complaints%'::text)"}]}]}]}]}]}, "Unique SQL Id": 1437012347}, "explain_analyze_plan": {"Plan": {"Node Type": "Sort", "Startup Cost": 256366.86, "Total Cost": 256436.2, "Plan Rows": 27736, "Plan Width": 60, "Actual Min Startup Time": 4476.752, "Actual Max Startup Time": 4476.752, "Actual Min Total Time": 4479.827, "Actual Max Total Time": 4479.827, "Actual Total Rows": 27838, "Sort Key": ["(count(partsupp.ps_suppkey)) DESC", "part.p_brand", "part.p_type", "part.p_size"], "Sort Method": "quicksort", "Sort Space Min Used": 5082, "Sort Space Max Used": 5082, "Sort Space Type": "Memory", "Plans": [{"Node Type": "Aggregate", "Strategy": "Hashed", "Parent Relationship": "Outer", "Startup Cost": 254042.65, "Total Cost": 254320.01, "Plan Rows": 27736, "Plan Width": 60, "Actual Min Startup Time": 4376.627, "Actual Max Startup Time": 4376.627, "Actual Min Total Time": 4385.931, "Actual Max Total Time": 4385.931, "Actual Total Rows": 27838, "Group By Key": ["part.p_brand", "part.p_type", "part.p_size"], "Plans": [{"Node Type": "Aggregate", "Strategy": "Hashed", "Parent Relationship": "Outer", "Startup Cost": 253487.93, "Total Cost": 253765.29, "Plan Rows": 27736, "Plan Width": 52, "Actual Min Startup Time": 2854.718, "Actual Max Startup Time": 2854.718, "Actual Min Total Time": 3396.575, "Actual Max Total Time": 3396.575, "Actual Total Rows": 1188428, "Group By Key": ["part.p_brand", "part.p_type", "part.p_size", "partsupp.ps_suppkey"], "Plans": [{"Node Type": "Hash Join", "Parent Relationship": "Outer", "Join Type": "Anti", "Startup Cost": 72314.26, "Total Cost": 242805.29, "Plan Rows": 854611, "Plan Width": 44, "Actual Min Startup Time": 308.113, "Actual Max Startup Time": 308.113, "Actual Min Total Time": 1683.887, "Actual Max Total Time": 1683.887, "Actual Total Rows": 1188666, "Inner Unique": false, "Hash Cond": "(partsupp.ps_suppkey = supplier.s_suppkey), (LLVM Optimized, Jit Execute)", "Plans": [{"Node Type": "Streaming(type: LOCAL GATHER dop: 1/64)", "Parent Relationship": "Outer", "Startup Cost": 68781.13, "Total Cost": 228589.41, "Plan Rows": 854625, "Plan Width": 44, "Actual Min Startup Time": 256.615, "Actual Max Startup Time": 256.615, "Actual Min Total Time": 1260.176, "Actual Max Total Time": 1260.176, "Actual Total Rows": 1189344, "Plans": [{"Node Type": "Hash Join", "Parent Relationship": "Outer", "Join Type": "Inner", "Startup Cost": 68781.13, "Total Cost": 210958.59, "Plan Rows": 854625, "Plan Width": 44, "Actual Min Startup Time": 76.809, "Actual Max Startup Time": 276.302, "Actual Min Total Time": 1373.144, "Actual Max Total Time": 1744.056, "Actual Total Rows": 1189344, "Inner Unique": false, "Hash Cond": "(part.p_partkey = partsupp.ps_partkey), (LLVM Optimized, Jit Execute)", "Plans": [{"Node Type": "Streaming(type: BROADCAST dop: 64/64)", "Parent Relationship": "Outer", "Startup Cost": 0.0, "Total Cost": 139455.29, "Plan Rows": 18934016, "Plan Width": 44, "Actual Min Startup Time": 0.115, "Actual Max Startup Time": 1.262, "Actual Min Total Time": 1174.396, "Actual Max Total Time": 1471.854, "Actual Total Rows": 19029504, "Plans": [{"Node Type": "Seq Scan", "Parent Relationship": "Outer", "Relation Name": "part", "Alias": "part", "Startup Cost": 0.0, "Total Cost": 64436.62, "Plan Rows": 295844, "Plan Width": 44, "Actual Min Startup Time": 0.032, "Actual Max Startup Time": 0.08, "Actual Min Total Time": 19.658, "Actual Max Total Time": 32.694, "Actual Total Rows": 297336, "Filter": "((p_brand <> 'Brand#34'::bpchar) AND ((p_type)::text !~~ 'LARGE BRUSHED%'::text) AND (p_size = ANY ('{48,19,12,4,41,7,21,39}'::integer[]))), (LLVM Optimized, Jit Execute)", "Rows Removed by Filter": 1702664}]}, {"Node Type": "Hash", "Parent Relationship": "Inner", "Startup Cost": 67218.56, "Total Cost": 67218.56, "Plan Rows": 8000372, "Plan Width": 16, "Actual Min Startup Time": 75.766, "Actual Max Startup Time": 151.429, "Actual Min Total Time": 75.766, "Actual Max Total Time": 151.429, "Actual Total Rows": 8000000, "Max Hash Buckets": 131072, "Min Hash Buckets": 131072, "Max Hash Batches": 1, "Min Hash Batches": 1, "Max Original Hash Batches": 1, "Min Original Hash Batches": 1, "Max Peak Memory Usage": 5921, "min Peak Memory Usage": 5921, "Plans": [{"Node Type": "Seq Scan", "Parent Relationship": "Outer", "Relation Name": "partsupp", "Alias": "partsupp", "Startup Cost": 0.0, "Total Cost": 67218.56, "Plan Rows": 8000372, "Plan Width": 16, "Actual Min Startup Time": 0.017, "Actual Max Startup Time": 0.034, "Actual Min Total Time": 43.375, "Actual Max Total Time": 54.1, "Actual Total Rows": 8000000}]}]}]}, {"Node Type": "Hash", "Parent Relationship": "Inner", "Startup Cost": 3533.0, "Total Cost": 3533.0, "Plan Rows": 10, "Plan Width": 8, "Actual Min Startup Time": 51.443, "Actual Max Startup Time": 51.443, "Actual Min Total Time": 51.443, "Actual Max Total Time": 51.443, "Actual Total Rows": 56, "Max Hash Buckets": 32768, "Min Hash Buckets": 32768, "Max Hash Batches": 1, "Min Hash Batches": 1, "Max Original Hash Batches": 1, "Min Original Hash Batches": 1, "Max Peak Memory Usage": 3, "min Peak Memory Usage": 3, "Plans": [{"Node Type": "Seq Scan", "Parent Relationship": "Outer", "Relation Name": "supplier", "Alias": "supplier", "Startup Cost": 0.0, "Total Cost": 3533.0, "Plan Rows": 10, "Plan Width": 8, "Actual Min Startup Time": 0.255, "Actual Max Startup Time": 0.255, "Actual Min Total Time": 51.388, "Actual Max Total Time": 51.388, "Actual Total Rows": 56, "Filter": "((s_comment)::text ~~ '%Customer%Complaints%'::text)", "Rows Removed by Filter": 99944}]}]}]}]}]}, "Triggers": [], "Planner Runtime": 1.817, "Total Runtime": 4517.384, "Unique SQL Id": 1437012347}}, "(64, 107)": {"explain_plan": {"Plan": {"Node Type": "Sort", "Startup Cost": 3000041412252.52, "Total Cost": 3000041412321.86, "Plan Rows": 27736, "Plan Width": 60, "Sort Key": ["(count(partsupp.ps_suppkey)) DESC", "part.p_brand", "part.p_type", "part.p_size"], "Plans": [{"Node Type": "Aggregate", "Strategy": "Hashed", "Parent Relationship": "Outer", "Startup Cost": 3000041409928.32, "Total Cost": 3000041410205.68, "Plan Rows": 27736, "Plan Width": 60, "Group By Key": ["part.p_brand", "part.p_type", "part.p_size"], "Plans": [{"Node Type": "Aggregate", "Strategy": "Hashed", "Parent Relationship": "Outer", "Startup Cost": 3000041409373.6, "Total Cost": 3000041409650.96, "Plan Rows": 27736, "Plan Width": 52, "Group By Key": ["part.p_brand", "part.p_type", "part.p_size", "partsupp.ps_suppkey"], "Plans": [{"Node Type": "Hash Join", "Parent Relationship": "Outer", "Join Type": "Anti", "Startup Cost": 2010013642477.55, "Total Cost": 3000041398690.96, "Plan Rows": 854611, "Plan Width": 44, "Inner Unique": false, "Hash Cond": "(partsupp.ps_suppkey = supplier.s_suppkey), (LLVM Optimized)", "Plans": [{"Node Type": "Hash Join", "Parent Relationship": "Outer", "Join Type": "Inner", "Startup Cost": 1010013084023.05, "Total Cost": 2000040829553.7, "Plan Rows": 854625, "Plan Width": 44, "Inner Unique": true, "Hash Cond": "(partsupp.ps_partkey = part.p_partkey), (LLVM Optimized)", "Plans": [{"Node Type": "Index Only Scan", "Parent Relationship": "Outer", "Scan Direction": "Forward", "Index Name": "partsupp_pkey", "Relation Name": "partsupp", "Alias": "partsupp", "Startup Cost": 10000000000.0, "Total Cost": 1000027706983.0, "Plan Rows": 8000372, "Plan Width": 16}, {"Node Type": "Hash", "Parent Relationship": "Inner", "Startup Cost": 1000013080325.0, "Total Cost": 1000013080325.0, "Plan Rows": 295844, "Plan Width": 44, "Plans": [{"Node Type": "Index Scan", "Parent Relationship": "Outer", "Scan Direction": "Forward", "Index Name": "part_kpey", "Relation Name": "part", "Alias": "part", "Startup Cost": 10000000000.0, "Total Cost": 1000013080325.0, "Plan Rows": 295844, "Plan Width": 44, "Filter": "((p_brand <> 'Brand#34'::bpchar) AND ((p_type)::text !~~ 'LARGE BRUSHED%'::text) AND (p_size = ANY ('{48,19,12,4,41,7,21,39}'::integer[]))), (LLVM Optimized)"}]}]}, {"Node Type": "Hash", "Parent Relationship": "Inner", "Startup Cost": 1000000558454.38, "Total Cost": 1000000558454.38, "Plan Rows": 10, "Plan Width": 8, "Plans": [{"Node Type": "Index Scan", "Parent Relationship": "Outer", "Scan Direction": "Forward", "Index Name": "supplier_pkey", "Relation Name": "supplier", "Alias": "supplier", "Startup Cost": 10000000000.0, "Total Cost": 1000000558454.38, "Plan Rows": 10, "Plan Width": 8, "Filter": "((s_comment)::text ~~ '%Customer%Complaints%'::text)"}]}]}]}]}]}, "Unique SQL Id": 1437012347}, "explain_analyze_plan": null}, "(64, 108)": {"explain_plan": {"Plan": {"Node Type": "Sort", "Startup Cost": 256366.86, "Total Cost": 256436.2, "Plan Rows": 27736, "Plan Width": 60, "Sort Key": ["(count(partsupp.ps_suppkey)) DESC", "part.p_brand", "part.p_type", "part.p_size"], "Plans": [{"Node Type": "Aggregate", "Strategy": "Hashed", "Parent Relationship": "Outer", "Startup Cost": 254042.65, "Total Cost": 254320.01, "Plan Rows": 27736, "Plan Width": 60, "Group By Key": ["part.p_brand", "part.p_type", "part.p_size"], "Plans": [{"Node Type": "Aggregate", "Strategy": "Hashed", "Parent Relationship": "Outer", "Startup Cost": 253487.93, "Total Cost": 253765.29, "Plan Rows": 27736, "Plan Width": 52, "Group By Key": ["part.p_brand", "part.p_type", "part.p_size", "partsupp.ps_suppkey"], "Plans": [{"Node Type": "Hash Join", "Parent Relationship": "Outer", "Join Type": "Anti", "Startup Cost": 72314.26, "Total Cost": 242805.29, "Plan Rows": 854611, "Plan Width": 44, "Inner Unique": false, "Hash Cond": "(partsupp.ps_suppkey = supplier.s_suppkey), (LLVM Optimized)", "Plans": [{"Node Type": "Streaming(type: LOCAL GATHER dop: 1/64)", "Parent Relationship": "Outer", "Startup Cost": 68781.13, "Total Cost": 228589.41, "Plan Rows": 854625, "Plan Width": 44, "Plans": [{"Node Type": "Hash Join", "Parent Relationship": "Outer", "Join Type": "Inner", "Startup Cost": 68781.13, "Total Cost": 210958.59, "Plan Rows": 854625, "Plan Width": 44, "Inner Unique": false, "Hash Cond": "(part.p_partkey = partsupp.ps_partkey), (LLVM Optimized)", "Plans": [{"Node Type": "Streaming(type: BROADCAST dop: 64/64)", "Parent Relationship": "Outer", "Startup Cost": 0.0, "Total Cost": 139455.29, "Plan Rows": 18934016, "Plan Width": 44, "Plans": [{"Node Type": "Seq Scan", "Parent Relationship": "Outer", "Relation Name": "part", "Alias": "part", "Startup Cost": 0.0, "Total Cost": 64436.62, "Plan Rows": 295844, "Plan Width": 44, "Filter": "((p_brand <> 'Brand#34'::bpchar) AND ((p_type)::text !~~ 'LARGE BRUSHED%'::text) AND (p_size = ANY ('{48,19,12,4,41,7,21,39}'::integer[]))), (LLVM Optimized)"}]}, {"Node Type": "Hash", "Parent Relationship": "Inner", "Startup Cost": 67218.56, "Total Cost": 67218.56, "Plan Rows": 8000372, "Plan Width": 16, "Plans": [{"Node Type": "Seq Scan", "Parent Relationship": "Outer", "Relation Name": "partsupp", "Alias": "partsupp", "Startup Cost": 0.0, "Total Cost": 67218.56, "Plan Rows": 8000372, "Plan Width": 16}]}]}]}, {"Node Type": "Hash", "Parent Relationship": "Inner", "Startup Cost": 3533.0, "Total Cost": 3533.0, "Plan Rows": 10, "Plan Width": 8, "Plans": [{"Node Type": "Seq Scan", "Parent Relationship": "Outer", "Relation Name": "supplier", "Alias": "supplier", "Startup Cost": 0.0, "Total Cost": 3533.0, "Plan Rows": 10, "Plan Width": 8, "Filter": "((s_comment)::text ~~ '%Customer%Complaints%'::text)"}]}]}]}]}]}, "Unique SQL Id": 1437012347}, "explain_analyze_plan": {"Plan": {"Node Type": "Sort", "Startup Cost": 256366.86, "Total Cost": 256436.2, "Plan Rows": 27736, "Plan Width": 60, "Actual Min Startup Time": 4476.752, "Actual Max Startup Time": 4476.752, "Actual Min Total Time": 4479.827, "Actual Max Total Time": 4479.827, "Actual Total Rows": 27838, "Sort Key": ["(count(partsupp.ps_suppkey)) DESC", "part.p_brand", "part.p_type", "part.p_size"], "Sort Method": "quicksort", "Sort Space Min Used": 5082, "Sort Space Max Used": 5082, "Sort Space Type": "Memory", "Plans": [{"Node Type": "Aggregate", "Strategy": "Hashed", "Parent Relationship": "Outer", "Startup Cost": 254042.65, "Total Cost": 254320.01, "Plan Rows": 27736, "Plan Width": 60, "Actual Min Startup Time": 4376.627, "Actual Max Startup Time": 4376.627, "Actual Min Total Time": 4385.931, "Actual Max Total Time": 4385.931, "Actual Total Rows": 27838, "Group By Key": ["part.p_brand", "part.p_type", "part.p_size"], "Plans": [{"Node Type": "Aggregate", "Strategy": "Hashed", "Parent Relationship": "Outer", "Startup Cost": 253487.93, "Total Cost": 253765.29, "Plan Rows": 27736, "Plan Width": 52, "Actual Min Startup Time": 2854.718, "Actual Max Startup Time": 2854.718, "Actual Min Total Time": 3396.575, "Actual Max Total Time": 3396.575, "Actual Total Rows": 1188428, "Group By Key": ["part.p_brand", "part.p_type", "part.p_size", "partsupp.ps_suppkey"], "Plans": [{"Node Type": "Hash Join", "Parent Relationship": "Outer", "Join Type": "Anti", "Startup Cost": 72314.26, "Total Cost": 242805.29, "Plan Rows": 854611, "Plan Width": 44, "Actual Min Startup Time": 308.113, "Actual Max Startup Time": 308.113, "Actual Min Total Time": 1683.887, "Actual Max Total Time": 1683.887, "Actual Total Rows": 1188666, "Inner Unique": false, "Hash Cond": "(partsupp.ps_suppkey = supplier.s_suppkey), (LLVM Optimized, Jit Execute)", "Plans": [{"Node Type": "Streaming(type: LOCAL GATHER dop: 1/64)", "Parent Relationship": "Outer", "Startup Cost": 68781.13, "Total Cost": 228589.41, "Plan Rows": 854625, "Plan Width": 44, "Actual Min Startup Time": 256.615, "Actual Max Startup Time": 256.615, "Actual Min Total Time": 1260.176, "Actual Max Total Time": 1260.176, "Actual Total Rows": 1189344, "Plans": [{"Node Type": "Hash Join", "Parent Relationship": "Outer", "Join Type": "Inner", "Startup Cost": 68781.13, "Total Cost": 210958.59, "Plan Rows": 854625, "Plan Width": 44, "Actual Min Startup Time": 76.809, "Actual Max Startup Time": 276.302, "Actual Min Total Time": 1373.144, "Actual Max Total Time": 1744.056, "Actual Total Rows": 1189344, "Inner Unique": false, "Hash Cond": "(part.p_partkey = partsupp.ps_partkey), (LLVM Optimized, Jit Execute)", "Plans": [{"Node Type": "Streaming(type: BROADCAST dop: 64/64)", "Parent Relationship": "Outer", "Startup Cost": 0.0, "Total Cost": 139455.29, "Plan Rows": 18934016, "Plan Width": 44, "Actual Min Startup Time": 0.115, "Actual Max Startup Time": 1.262, "Actual Min Total Time": 1174.396, "Actual Max Total Time": 1471.854, "Actual Total Rows": 19029504, "Plans": [{"Node Type": "Seq Scan", "Parent Relationship": "Outer", "Relation Name": "part", "Alias": "part", "Startup Cost": 0.0, "Total Cost": 64436.62, "Plan Rows": 295844, "Plan Width": 44, "Actual Min Startup Time": 0.032, "Actual Max Startup Time": 0.08, "Actual Min Total Time": 19.658, "Actual Max Total Time": 32.694, "Actual Total Rows": 297336, "Filter": "((p_brand <> 'Brand#34'::bpchar) AND ((p_type)::text !~~ 'LARGE BRUSHED%'::text) AND (p_size = ANY ('{48,19,12,4,41,7,21,39}'::integer[]))), (LLVM Optimized, Jit Execute)", "Rows Removed by Filter": 1702664}]}, {"Node Type": "Hash", "Parent Relationship": "Inner", "Startup Cost": 67218.56, "Total Cost": 67218.56, "Plan Rows": 8000372, "Plan Width": 16, "Actual Min Startup Time": 75.766, "Actual Max Startup Time": 151.429, "Actual Min Total Time": 75.766, "Actual Max Total Time": 151.429, "Actual Total Rows": 8000000, "Max Hash Buckets": 131072, "Min Hash Buckets": 131072, "Max Hash Batches": 1, "Min Hash Batches": 1, "Max Original Hash Batches": 1, "Min Original Hash Batches": 1, "Max Peak Memory Usage": 5921, "min Peak Memory Usage": 5921, "Plans": [{"Node Type": "Seq Scan", "Parent Relationship": "Outer", "Relation Name": "partsupp", "Alias": "partsupp", "Startup Cost": 0.0, "Total Cost": 67218.56, "Plan Rows": 8000372, "Plan Width": 16, "Actual Min Startup Time": 0.017, "Actual Max Startup Time": 0.034, "Actual Min Total Time": 43.375, "Actual Max Total Time": 54.1, "Actual Total Rows": 8000000}]}]}]}, {"Node Type": "Hash", "Parent Relationship": "Inner", "Startup Cost": 3533.0, "Total Cost": 3533.0, "Plan Rows": 10, "Plan Width": 8, "Actual Min Startup Time": 51.443, "Actual Max Startup Time": 51.443, "Actual Min Total Time": 51.443, "Actual Max Total Time": 51.443, "Actual Total Rows": 56, "Max Hash Buckets": 32768, "Min Hash Buckets": 32768, "Max Hash Batches": 1, "Min Hash Batches": 1, "Max Original Hash Batches": 1, "Min Original Hash Batches": 1, "Max Peak Memory Usage": 3, "min Peak Memory Usage": 3, "Plans": [{"Node Type": "Seq Scan", "Parent Relationship": "Outer", "Relation Name": "supplier", "Alias": "supplier", "Startup Cost": 0.0, "Total Cost": 3533.0, "Plan Rows": 10, "Plan Width": 8, "Actual Min Startup Time": 0.255, "Actual Max Startup Time": 0.255, "Actual Min Total Time": 51.388, "Actual Max Total Time": 51.388, "Actual Total Rows": 56, "Filter": "((s_comment)::text ~~ '%Customer%Complaints%'::text)", "Rows Removed by Filter": 99944}]}]}]}]}]}, "Triggers": [], "Planner Runtime": 1.817, "Total Runtime": 4517.384, "Unique SQL Id": 1437012347}}, "(64, 109)": {"explain_plan": {"Plan": {"Node Type": "Sort", "Startup Cost": 736064.7, "Total Cost": 736134.04, "Plan Rows": 27736, "Plan Width": 60, "Sort Key": ["(count(partsupp.ps_suppkey)) DESC", "part.p_brand", "part.p_type", "part.p_size"], "Plans": [{"Node Type": "Aggregate", "Strategy": "Hashed", "Parent Relationship": "Outer", "Startup Cost": 733740.49, "Total Cost": 734017.85, "Plan Rows": 27736, "Plan Width": 60, "Group By Key": ["part.p_brand", "part.p_type", "part.p_size"], "Plans": [{"Node Type": "Aggregate", "Strategy": "Hashed", "Parent Relationship": "Outer", "Startup Cost": 733185.77, "Total Cost": 733463.13, "Plan Rows": 27736, "Plan Width": 52, "Group By Key": ["part.p_brand", "part.p_type", "part.p_size", "partsupp.ps_suppkey"], "Plans": [{"Node Type": "Hash Join", "Parent Relationship": "Outer", "Join Type": "Anti", "Startup Cost": 207277.4, "Total Cost": 722503.14, "Plan Rows": 854611, "Plan Width": 44, "Inner Unique": false, "Hash Cond": "(partsupp.ps_suppkey = supplier.s_suppkey), (LLVM Optimized)", "Plans": [{"Node Type": "Streaming(type: LOCAL GATHER dop: 1/64)", "Parent Relationship": "Outer", "Startup Cost": 205881.14, "Total Cost": 710424.11, "Plan Rows": 854625, "Plan Width": 44, "Plans": [{"Node Type": "Hash Join", "Parent Relationship": "Outer", "Join Type": "Inner", "Startup Cost": 205881.14, "Total Cost": 692793.3, "Plan Rows": 854625, "Plan Width": 44, "Inner Unique": true, "Hash Cond": "(partsupp.ps_partkey = part.p_partkey), (LLVM Optimized)", "Plans": [{"Node Type": "Streaming(type: LOCAL REDISTRIBUTE dop: 64/64)", "Parent Relationship": "Outer", "Startup Cost": 0.0, "Total Cost": 486309.85, "Plan Rows": 8000372, "Plan Width": 16, "Plans": [{"Node Type": "Index Scan", "Parent Relationship": "Outer", "Scan Direction": "Forward", "Index Name": "idx_partsupp_partkey", "Relation Name": "partsupp", "Alias": "partsupp", "Startup Cost": 0.0, "Total Cost": 415731.37, "Plan Rows": 8000372, "Plan Width": 16}]}, {"Node Type": "Hash", "Parent Relationship": "Inner", "Startup Cost": 205823.36, "Total Cost": 205823.36, "Plan Rows": 295844, "Plan Width": 44, "Plans": [{"Node Type": "Streaming(type: LOCAL REDISTRIBUTE dop: 64/1)", "Parent Relationship": "Outer", "Startup Cost": 0.0, "Total Cost": 205823.36, "Plan Rows": 295844, "Plan Width": 44, "Plans": [{"Node Type": "Index Scan", "Parent Relationship": "Outer", "Scan Direction": "Forward", "Index Name": "part_kpey", "Relation Name": "part", "Alias": "part", "Startup Cost": 0.0, "Total Cost": 130803.25, "Plan Rows": 295844, "Plan Width": 44, "Filter": "((p_brand <> 'Brand#34'::bpchar) AND ((p_type)::text !~~ 'LARGE BRUSHED%'::text) AND (p_size = ANY ('{48,19,12,4,41,7,21,39}'::integer[]))), (LLVM Optimized)"}]}]}]}]}, {"Node Type": "Hash", "Parent Relationship": "Inner", "Startup Cost": 5584.54, "Total Cost": 5584.54, "Plan Rows": 10, "Plan Width": 8, "Plans": [{"Node Type": "Index Scan", "Parent Relationship": "Outer", "Scan Direction": "Forward", "Index Name": "supplier_pkey", "Relation Name": "supplier", "Alias": "supplier", "Startup Cost": 0.0, "Total Cost": 5584.54, "Plan Rows": 10, "Plan Width": 8, "Filter": "((s_comment)::text ~~ '%Customer%Complaints%'::text)"}]}]}]}]}]}, "Unique SQL Id": 1437012347}, "explain_analyze_plan": {"Plan": {"Node Type": "Sort", "Startup Cost": 736064.7, "Total Cost": 736134.04, "Plan Rows": 27736, "Plan Width": 60, "Actual Min Startup Time": 6022.853, "Actual Max Startup Time": 6022.853, "Actual Min Total Time": 6026.077, "Actual Max Total Time": 6026.077, "Actual Total Rows": 27838, "Sort Key": ["(count(partsupp.ps_suppkey)) DESC", "part.p_brand", "part.p_type", "part.p_size"], "Sort Method": "quicksort", "Sort Space Min Used": 5082, "Sort Space Max Used": 5082, "Sort Space Type": "Memory", "Plans": [{"Node Type": "Aggregate", "Strategy": "Hashed", "Parent Relationship": "Outer", "Startup Cost": 733740.49, "Total Cost": 734017.85, "Plan Rows": 27736, "Plan Width": 60, "Actual Min Startup Time": 5923.507, "Actual Max Startup Time": 5923.507, "Actual Min Total Time": 5932.916, "Actual Max Total Time": 5932.916, "Actual Total Rows": 27838, "Group By Key": ["part.p_brand", "part.p_type", "part.p_size"], "Plans": [{"Node Type": "Aggregate", "Strategy": "Hashed", "Parent Relationship": "Outer", "Startup Cost": 733185.77, "Total Cost": 733463.13, "Plan Rows": 27736, "Plan Width": 52, "Actual Min Startup Time": 4413.448, "Actual Max Startup Time": 4413.448, "Actual Min Total Time": 4974.669, "Actual Max Total Time": 4974.669, "Actual Total Rows": 1188428, "Group By Key": ["part.p_brand", "part.p_type", "part.p_size", "partsupp.ps_suppkey"], "Plans": [{"Node Type": "Hash Join", "Parent Relationship": "Outer", "Join Type": "Anti", "Startup Cost": 207277.4, "Total Cost": 722503.14, "Plan Rows": 854611, "Plan Width": 44, "Actual Min Startup Time": 2638.89, "Actual Max Startup Time": 2638.89, "Actual Min Total Time": 3475.634, "Actual Max Total Time": 3475.634, "Actual Total Rows": 1188666, "Inner Unique": false, "Hash Cond": "(partsupp.ps_suppkey = supplier.s_suppkey), (LLVM Optimized, Jit Execute)", "Plans": [{"Node Type": "Streaming(type: LOCAL GATHER dop: 1/64)", "Parent Relationship": "Outer", "Startup Cost": 205881.14, "Total Cost": 710424.11, "Plan Rows": 854625, "Plan Width": 44, "Actual Min Startup Time": 2563.76, "Actual Max Startup Time": 2563.76, "Actual Min Total Time": 3046.881, "Actual Max Total Time": 3046.881, "Actual Total Rows": 1189344, "Plans": [{"Node Type": "Hash Join", "Parent Relationship": "Outer", "Join Type": "Inner", "Startup Cost": 205881.14, "Total Cost": 692793.3, "Plan Rows": 854625, "Plan Width": 44, "Actual Min Startup Time": 2330.614, "Actual Max Startup Time": 2500.004, "Actual Min Total Time": 3114.445, "Actual Max Total Time": 3481.051, "Actual Total Rows": 1189344, "Inner Unique": true, "Hash Cond": "(partsupp.ps_partkey = part.p_partkey), (LLVM Optimized, Jit Execute)", "Plans": [{"Node Type": "Streaming(type: LOCAL REDISTRIBUTE dop: 64/64)", "Parent Relationship": "Outer", "Startup Cost": 0.0, "Total Cost": 486309.85, "Plan Rows": 8000372, "Plan Width": 16, "Actual Min Startup Time": 0.142, "Actual Max Startup Time": 1.856, "Actual Min Total Time": 749.157, "Actual Max Total Time": 975.633, "Actual Total Rows": 8000000, "Plans": [{"Node Type": "Index Scan", "Parent Relationship": "Outer", "Scan Direction": "Forward", "Index Name": "idx_partsupp_partkey", "Relation Name": "partsupp", "Alias": "partsupp", "Startup Cost": 0.0, "Total Cost": 415731.37, "Plan Rows": 8000372, "Plan Width": 16, "Actual Min Startup Time": 37.458, "Actual Max Startup Time": 124.932, "Actual Min Total Time": 115.013, "Actual Max Total Time": 217.348, "Actual Total Rows": 8000000}]}, {"Node Type": "Hash", "Parent Relationship": "Inner", "Startup Cost": 205823.36, "Total Cost": 205823.36, "Plan Rows": 295844, "Plan Width": 44, "Actual Min Startup Time": 2330.154, "Actual Max Startup Time": 2499.542, "Actual Min Total Time": 2330.154, "Actual Max Total Time": 2499.542, "Actual Total Rows": 297336, "Max Hash Buckets": 32768, "Min Hash Buckets": 32768, "Max Hash Batches": 1, "Min Hash Batches": 1, "Max Original Hash Batches": 1, "Min Original Hash Batches": 1, "Max Peak Memory Usage": 365, "min Peak Memory Usage": 365, "Plans": [{"Node Type": "Streaming(type: LOCAL REDISTRIBUTE dop: 64/1)", "Parent Relationship": "Outer", "Startup Cost": 0.0, "Total Cost": 205823.36, "Plan Rows": 295844, "Plan Width": 44, "Actual Min Startup Time": 0.041, "Actual Max Startup Time": 179.288, "Actual Min Total Time": 2328.111, "Actual Max Total Time": 2497.493, "Actual Total Rows": 297336, "Plans": [{"Node Type": "Index Scan", "Parent Relationship": "Outer", "Scan Direction": "Forward", "Index Name": "part_kpey", "Relation Name": "part", "Alias": "part", "Startup Cost": 0.0, "Total Cost": 130803.25, "Plan Rows": 295844, "Plan Width": 44, "Actual Min Startup Time": 0.076, "Actual Max Startup Time": 0.076, "Actual Min Total Time": 2083.174, "Actual Max Total Time": 2083.174, "Actual Total Rows": 297336, "Filter": "((p_brand <> 'Brand#34'::bpchar) AND ((p_type)::text !~~ 'LARGE BRUSHED%'::text) AND (p_size = ANY ('{48,19,12,4,41,7,21,39}'::integer[]))), (LLVM Optimized, Jit Execute)", "Rows Removed by Filter": 1702664}]}]}]}]}, {"Node Type": "Hash", "Parent Relationship": "Inner", "Startup Cost": 5584.54, "Total Cost": 5584.54, "Plan Rows": 10, "Plan Width": 8, "Actual Min Startup Time": 75.079, "Actual Max Startup Time": 75.079, "Actual Min Total Time": 75.079, "Actual Max Total Time": 75.079, "Actual Total Rows": 56, "Max Hash Buckets": 32768, "Min Hash Buckets": 32768, "Max Hash Batches": 1, "Min Hash Batches": 1, "Max Original Hash Batches": 1, "Min Original Hash Batches": 1, "Max Peak Memory Usage": 3, "min Peak Memory Usage": 3, "Plans": [{"Node Type": "Index Scan", "Parent Relationship": "Outer", "Scan Direction": "Forward", "Index Name": "supplier_pkey", "Relation Name": "supplier", "Alias": "supplier", "Startup Cost": 0.0, "Total Cost": 5584.54, "Plan Rows": 10, "Plan Width": 8, "Actual Min Startup Time": 0.368, "Actual Max Startup Time": 0.368, "Actual Min Total Time": 75.015, "Actual Max Total Time": 75.015, "Actual Total Rows": 56, "Filter": "((s_comment)::text ~~ '%Customer%Complaints%'::text)", "Rows Removed by Filter": 99944}]}]}]}]}]}, "Triggers": [], "Planner Runtime": 1.376, "Total Runtime": 6064.907, "Unique SQL Id": 1437012347}}, "(64, 110)": {"explain_plan": {"Plan": {"Node Type": "Sort", "Startup Cost": 256366.86, "Total Cost": 256436.2, "Plan Rows": 27736, "Plan Width": 60, "Sort Key": ["(count(partsupp.ps_suppkey)) DESC", "part.p_brand", "part.p_type", "part.p_size"], "Plans": [{"Node Type": "Aggregate", "Strategy": "Hashed", "Parent Relationship": "Outer", "Startup Cost": 254042.65, "Total Cost": 254320.01, "Plan Rows": 27736, "Plan Width": 60, "Group By Key": ["part.p_brand", "part.p_type", "part.p_size"], "Plans": [{"Node Type": "Aggregate", "Strategy": "Hashed", "Parent Relationship": "Outer", "Startup Cost": 253487.93, "Total Cost": 253765.29, "Plan Rows": 27736, "Plan Width": 52, "Group By Key": ["part.p_brand", "part.p_type", "part.p_size", "partsupp.ps_suppkey"], "Plans": [{"Node Type": "Hash Join", "Parent Relationship": "Outer", "Join Type": "Anti", "Startup Cost": 72314.26, "Total Cost": 242805.29, "Plan Rows": 854611, "Plan Width": 44, "Inner Unique": false, "Hash Cond": "(partsupp.ps_suppkey = supplier.s_suppkey), (LLVM Optimized)", "Plans": [{"Node Type": "Streaming(type: LOCAL GATHER dop: 1/64)", "Parent Relationship": "Outer", "Startup Cost": 68781.13, "Total Cost": 228589.41, "Plan Rows": 854625, "Plan Width": 44, "Plans": [{"Node Type": "Hash Join", "Parent Relationship": "Outer", "Join Type": "Inner", "Startup Cost": 68781.13, "Total Cost": 210958.59, "Plan Rows": 854625, "Plan Width": 44, "Inner Unique": false, "Hash Cond": "(part.p_partkey = partsupp.ps_partkey), (LLVM Optimized)", "Plans": [{"Node Type": "Streaming(type: BROADCAST dop: 64/64)", "Parent Relationship": "Outer", "Startup Cost": 0.0, "Total Cost": 139455.29, "Plan Rows": 18934016, "Plan Width": 44, "Plans": [{"Node Type": "Seq Scan", "Parent Relationship": "Outer", "Relation Name": "part", "Alias": "part", "Startup Cost": 0.0, "Total Cost": 64436.62, "Plan Rows": 295844, "Plan Width": 44, "Filter": "((p_brand <> 'Brand#34'::bpchar) AND ((p_type)::text !~~ 'LARGE BRUSHED%'::text) AND (p_size = ANY ('{48,19,12,4,41,7,21,39}'::integer[]))), (LLVM Optimized)"}]}, {"Node Type": "Hash", "Parent Relationship": "Inner", "Startup Cost": 67218.56, "Total Cost": 67218.56, "Plan Rows": 8000372, "Plan Width": 16, "Plans": [{"Node Type": "Seq Scan", "Parent Relationship": "Outer", "Relation Name": "partsupp", "Alias": "partsupp", "Startup Cost": 0.0, "Total Cost": 67218.56, "Plan Rows": 8000372, "Plan Width": 16}]}]}]}, {"Node Type": "Hash", "Parent Relationship": "Inner", "Startup Cost": 3533.0, "Total Cost": 3533.0, "Plan Rows": 10, "Plan Width": 8, "Plans": [{"Node Type": "Seq Scan", "Parent Relationship": "Outer", "Relation Name": "supplier", "Alias": "supplier", "Startup Cost": 0.0, "Total Cost": 3533.0, "Plan Rows": 10, "Plan Width": 8, "Filter": "((s_comment)::text ~~ '%Customer%Complaints%'::text)"}]}]}]}]}]}, "Unique SQL Id": 1437012347}, "explain_analyze_plan": {"Plan": {"Node Type": "Sort", "Startup Cost": 256366.86, "Total Cost": 256436.2, "Plan Rows": 27736, "Plan Width": 60, "Actual Min Startup Time": 4476.752, "Actual Max Startup Time": 4476.752, "Actual Min Total Time": 4479.827, "Actual Max Total Time": 4479.827, "Actual Total Rows": 27838, "Sort Key": ["(count(partsupp.ps_suppkey)) DESC", "part.p_brand", "part.p_type", "part.p_size"], "Sort Method": "quicksort", "Sort Space Min Used": 5082, "Sort Space Max Used": 5082, "Sort Space Type": "Memory", "Plans": [{"Node Type": "Aggregate", "Strategy": "Hashed", "Parent Relationship": "Outer", "Startup Cost": 254042.65, "Total Cost": 254320.01, "Plan Rows": 27736, "Plan Width": 60, "Actual Min Startup Time": 4376.627, "Actual Max Startup Time": 4376.627, "Actual Min Total Time": 4385.931, "Actual Max Total Time": 4385.931, "Actual Total Rows": 27838, "Group By Key": ["part.p_brand", "part.p_type", "part.p_size"], "Plans": [{"Node Type": "Aggregate", "Strategy": "Hashed", "Parent Relationship": "Outer", "Startup Cost": 253487.93, "Total Cost": 253765.29, "Plan Rows": 27736, "Plan Width": 52, "Actual Min Startup Time": 2854.718, "Actual Max Startup Time": 2854.718, "Actual Min Total Time": 3396.575, "Actual Max Total Time": 3396.575, "Actual Total Rows": 1188428, "Group By Key": ["part.p_brand", "part.p_type", "part.p_size", "partsupp.ps_suppkey"], "Plans": [{"Node Type": "Hash Join", "Parent Relationship": "Outer", "Join Type": "Anti", "Startup Cost": 72314.26, "Total Cost": 242805.29, "Plan Rows": 854611, "Plan Width": 44, "Actual Min Startup Time": 308.113, "Actual Max Startup Time": 308.113, "Actual Min Total Time": 1683.887, "Actual Max Total Time": 1683.887, "Actual Total Rows": 1188666, "Inner Unique": false, "Hash Cond": "(partsupp.ps_suppkey = supplier.s_suppkey), (LLVM Optimized, Jit Execute)", "Plans": [{"Node Type": "Streaming(type: LOCAL GATHER dop: 1/64)", "Parent Relationship": "Outer", "Startup Cost": 68781.13, "Total Cost": 228589.41, "Plan Rows": 854625, "Plan Width": 44, "Actual Min Startup Time": 256.615, "Actual Max Startup Time": 256.615, "Actual Min Total Time": 1260.176, "Actual Max Total Time": 1260.176, "Actual Total Rows": 1189344, "Plans": [{"Node Type": "Hash Join", "Parent Relationship": "Outer", "Join Type": "Inner", "Startup Cost": 68781.13, "Total Cost": 210958.59, "Plan Rows": 854625, "Plan Width": 44, "Actual Min Startup Time": 76.809, "Actual Max Startup Time": 276.302, "Actual Min Total Time": 1373.144, "Actual Max Total Time": 1744.056, "Actual Total Rows": 1189344, "Inner Unique": false, "Hash Cond": "(part.p_partkey = partsupp.ps_partkey), (LLVM Optimized, Jit Execute)", "Plans": [{"Node Type": "Streaming(type: BROADCAST dop: 64/64)", "Parent Relationship": "Outer", "Startup Cost": 0.0, "Total Cost": 139455.29, "Plan Rows": 18934016, "Plan Width": 44, "Actual Min Startup Time": 0.115, "Actual Max Startup Time": 1.262, "Actual Min Total Time": 1174.396, "Actual Max Total Time": 1471.854, "Actual Total Rows": 19029504, "Plans": [{"Node Type": "Seq Scan", "Parent Relationship": "Outer", "Relation Name": "part", "Alias": "part", "Startup Cost": 0.0, "Total Cost": 64436.62, "Plan Rows": 295844, "Plan Width": 44, "Actual Min Startup Time": 0.032, "Actual Max Startup Time": 0.08, "Actual Min Total Time": 19.658, "Actual Max Total Time": 32.694, "Actual Total Rows": 297336, "Filter": "((p_brand <> 'Brand#34'::bpchar) AND ((p_type)::text !~~ 'LARGE BRUSHED%'::text) AND (p_size = ANY ('{48,19,12,4,41,7,21,39}'::integer[]))), (LLVM Optimized, Jit Execute)", "Rows Removed by Filter": 1702664}]}, {"Node Type": "Hash", "Parent Relationship": "Inner", "Startup Cost": 67218.56, "Total Cost": 67218.56, "Plan Rows": 8000372, "Plan Width": 16, "Actual Min Startup Time": 75.766, "Actual Max Startup Time": 151.429, "Actual Min Total Time": 75.766, "Actual Max Total Time": 151.429, "Actual Total Rows": 8000000, "Max Hash Buckets": 131072, "Min Hash Buckets": 131072, "Max Hash Batches": 1, "Min Hash Batches": 1, "Max Original Hash Batches": 1, "Min Original Hash Batches": 1, "Max Peak Memory Usage": 5921, "min Peak Memory Usage": 5921, "Plans": [{"Node Type": "Seq Scan", "Parent Relationship": "Outer", "Relation Name": "partsupp", "Alias": "partsupp", "Startup Cost": 0.0, "Total Cost": 67218.56, "Plan Rows": 8000372, "Plan Width": 16, "Actual Min Startup Time": 0.017, "Actual Max Startup Time": 0.034, "Actual Min Total Time": 43.375, "Actual Max Total Time": 54.1, "Actual Total Rows": 8000000}]}]}]}, {"Node Type": "Hash", "Parent Relationship": "Inner", "Startup Cost": 3533.0, "Total Cost": 3533.0, "Plan Rows": 10, "Plan Width": 8, "Actual Min Startup Time": 51.443, "Actual Max Startup Time": 51.443, "Actual Min Total Time": 51.443, "Actual Max Total Time": 51.443, "Actual Total Rows": 56, "Max Hash Buckets": 32768, "Min Hash Buckets": 32768, "Max Hash Batches": 1, "Min Hash Batches": 1, "Max Original Hash Batches": 1, "Min Original Hash Batches": 1, "Max Peak Memory Usage": 3, "min Peak Memory Usage": 3, "Plans": [{"Node Type": "Seq Scan", "Parent Relationship": "Outer", "Relation Name": "supplier", "Alias": "supplier", "Startup Cost": 0.0, "Total Cost": 3533.0, "Plan Rows": 10, "Plan Width": 8, "Actual Min Startup Time": 0.255, "Actual Max Startup Time": 0.255, "Actual Min Total Time": 51.388, "Actual Max Total Time": 51.388, "Actual Total Rows": 56, "Filter": "((s_comment)::text ~~ '%Customer%Complaints%'::text)", "Rows Removed by Filter": 99944}]}]}]}]}]}, "Triggers": [], "Planner Runtime": 1.817, "Total Runtime": 4517.384, "Unique SQL Id": 1437012347}}, "(64, 111)": {"explain_plan": {"Plan": {"Node Type": "Sort", "Startup Cost": 3000085346232.74, "Total Cost": 3000085346302.08, "Plan Rows": 27736, "Plan Width": 60, "Sort Key": ["(count(partsupp.ps_suppkey)) DESC", "part.p_brand", "part.p_type", "part.p_size"], "Plans": [{"Node Type": "Aggregate", "Strategy": "Hashed", "Parent Relationship": "Outer", "Startup Cost": 3000085343908.53, "Total Cost": 3000085344185.89, "Plan Rows": 27736, "Plan Width": 60, "Group By Key": ["part.p_brand", "part.p_type", "part.p_size"], "Plans": [{"Node Type": "Aggregate", "Strategy": "Hashed", "Parent Relationship": "Outer", "Startup Cost": 3000085343353.81, "Total Cost": 3000085343631.17, "Plan Rows": 27736, "Plan Width": 52, "Group By Key": ["part.p_brand", "part.p_type", "part.p_size", "partsupp.ps_suppkey"], "Plans": [{"Node Type": "Hash Join", "Parent Relationship": "Outer", "Join Type": "Anti", "Startup Cost": 2010013642477.55, "Total Cost": 3000085332671.18, "Plan Rows": 854611, "Plan Width": 44, "Inner Unique": false, "Hash Cond": "(partsupp.ps_suppkey = supplier.s_suppkey), (LLVM Optimized)", "Plans": [{"Node Type": "Hash Join", "Parent Relationship": "Outer", "Join Type": "Inner", "Startup Cost": 1010013084023.05, "Total Cost": 2000084763533.91, "Plan Rows": 854625, "Plan Width": 44, "Inner Unique": true, "Hash Cond": "(partsupp.ps_partkey = part.p_partkey), (LLVM Optimized)", "Plans": [{"Node Type": "Index Scan", "Parent Relationship": "Outer", "Scan Direction": "Forward", "Index Name": "partsupp_pkey", "Relation Name": "partsupp", "Alias": "partsupp", "Startup Cost": 10000000000.0, "Total Cost": 1000071640963.22, "Plan Rows": 8000372, "Plan Width": 16}, {"Node Type": "Hash", "Parent Relationship": "Inner", "Startup Cost": 1000013080325.0, "Total Cost": 1000013080325.0, "Plan Rows": 295844, "Plan Width": 44, "Plans": [{"Node Type": "Index Scan", "Parent Relationship": "Outer", "Scan Direction": "Forward", "Index Name": "part_kpey", "Relation Name": "part", "Alias": "part", "Startup Cost": 10000000000.0, "Total Cost": 1000013080325.0, "Plan Rows": 295844, "Plan Width": 44, "Filter": "((p_brand <> 'Brand#34'::bpchar) AND ((p_type)::text !~~ 'LARGE BRUSHED%'::text) AND (p_size = ANY ('{48,19,12,4,41,7,21,39}'::integer[]))), (LLVM Optimized)"}]}]}, {"Node Type": "Hash", "Parent Relationship": "Inner", "Startup Cost": 1000000558454.38, "Total Cost": 1000000558454.38, "Plan Rows": 10, "Plan Width": 8, "Plans": [{"Node Type": "Index Scan", "Parent Relationship": "Outer", "Scan Direction": "Forward", "Index Name": "supplier_pkey", "Relation Name": "supplier", "Alias": "supplier", "Startup Cost": 10000000000.0, "Total Cost": 1000000558454.38, "Plan Rows": 10, "Plan Width": 8, "Filter": "((s_comment)::text ~~ '%Customer%Complaints%'::text)"}]}]}]}]}]}, "Unique SQL Id": 1437012347}, "explain_analyze_plan": null}, "(64, 112)": {"explain_plan": {"Plan": {"Node Type": "Sort", "Startup Cost": 473478.87, "Total Cost": 473548.21, "Plan Rows": 27736, "Plan Width": 60, "Sort Key": ["(count(partsupp.ps_suppkey)) DESC", "part.p_brand", "part.p_type", "part.p_size"], "Plans": [{"Node Type": "Aggregate", "Strategy": "Hashed", "Parent Relationship": "Outer", "Startup Cost": 471154.66, "Total Cost": 471432.02, "Plan Rows": 27736, "Plan Width": 60, "Group By Key": ["part.p_brand", "part.p_type", "part.p_size"], "Plans": [{"Node Type": "Aggregate", "Strategy": "Hashed", "Parent Relationship": "Outer", "Startup Cost": 470599.94, "Total Cost": 470877.3, "Plan Rows": 27736, "Plan Width": 52, "Group By Key": ["part.p_brand", "part.p_type", "part.p_size", "partsupp.ps_suppkey"], "Plans": [{"Node Type": "Nested Loop", "Parent Relationship": "Outer", "Join Type": "Anti", "Startup Cost": 0.0, "Total Cost": 459917.3, "Plan Rows": 854611, "Plan Width": 44, "Inner Unique": false, "Join Filter": "(partsupp.ps_suppkey = supplier.s_suppkey), (LLVM Optimized)", "Plans": [{"Node Type": "Nested Loop", "Parent Relationship": "Outer", "Join Type": "Inner", "Startup Cost": 0.0, "Total Cost": 328190.81, "Plan Rows": 854625, "Plan Width": 44, "Inner Unique": false, "Plans": [{"Node Type": "Streaming(type: LOCAL GATHER dop: 1/64)", "Parent Relationship": "Outer", "Startup Cost": 0.0, "Total Cost": 70539.85, "Plan Rows": 295844, "Plan Width": 44, "Plans": [{"Node Type": "Seq Scan", "Parent Relationship": "Outer", "Relation Name": "part", "Alias": "part", "Startup Cost": 0.0, "Total Cost": 64436.62, "Plan Rows": 295844, "Plan Width": 44, "Filter": "((p_brand <> 'Brand#34'::bpchar) AND ((p_type)::text !~~ 'LARGE BRUSHED%'::text) AND (p_size = ANY ('{48,19,12,4,41,7,21,39}'::integer[]))), (LLVM Optimized)"}]}, {"Node Type": "Index Only Scan", "Parent Relationship": "Inner", "Scan Direction": "Forward", "Index Name": "partsupp_pkey", "Relation Name": "partsupp", "Alias": "partsupp", "Startup Cost": 0.0, "Total Cost": 0.84, "Plan Rows": 3, "Plan Width": 16, "Index Cond": "(ps_partkey = part.p_partkey)"}]}, {"Node Type": "Materialize", "Parent Relationship": "Inner", "Startup Cost": 0.0, "Total Cost": 3533.05, "Plan Rows": 10, "Plan Width": 8, "Plans": [{"Node Type": "Seq Scan", "Parent Relationship": "Outer", "Relation Name": "supplier", "Alias": "supplier", "Startup Cost": 0.0, "Total Cost": 3533.0, "Plan Rows": 10, "Plan Width": 8, "Filter": "((s_comment)::text ~~ '%Customer%Complaints%'::text)"}]}]}]}]}]}, "Unique SQL Id": 1437012347}, "explain_analyze_plan": null}, "(64, 113)": {"explain_plan": {"Plan": {"Node Type": "Sort", "Startup Cost": 535793.81, "Total Cost": 535863.15, "Plan Rows": 27736, "Plan Width": 60, "Sort Key": ["(count(partsupp.ps_suppkey)) DESC", "part.p_brand", "part.p_type", "part.p_size"], "Plans": [{"Node Type": "Aggregate", "Strategy": "Hashed", "Parent Relationship": "Outer", "Startup Cost": 533469.6, "Total Cost": 533746.96, "Plan Rows": 27736, "Plan Width": 60, "Group By Key": ["part.p_brand", "part.p_type", "part.p_size"], "Plans": [{"Node Type": "Aggregate", "Strategy": "Hashed", "Parent Relationship": "Outer", "Startup Cost": 532914.88, "Total Cost": 533192.24, "Plan Rows": 27736, "Plan Width": 52, "Group By Key": ["part.p_brand", "part.p_type", "part.p_size", "partsupp.ps_suppkey"], "Plans": [{"Node Type": "Nested Loop", "Parent Relationship": "Outer", "Join Type": "Anti", "Startup Cost": 0.0, "Total Cost": 522232.25, "Plan Rows": 854611, "Plan Width": 44, "Inner Unique": false, "Join Filter": "(partsupp.ps_suppkey = supplier.s_suppkey), (LLVM Optimized)", "Plans": [{"Node Type": "Nested Loop", "Parent Relationship": "Outer", "Join Type": "Inner", "Startup Cost": 0.0, "Total Cost": 388454.21, "Plan Rows": 854625, "Plan Width": 44, "Inner Unique": false, "Plans": [{"Node Type": "Index Scan", "Parent Relationship": "Outer", "Scan Direction": "Forward", "Index Name": "part_kpey", "Relation Name": "part", "Alias": "part", "Startup Cost": 0.0, "Total Cost": 130803.25, "Plan Rows": 295844, "Plan Width": 44, "Filter": "((p_brand <> 'Brand#34'::bpchar) AND ((p_type)::text !~~ 'LARGE BRUSHED%'::text) AND (p_size = ANY ('{48,19,12,4,41,7,21,39}'::integer[]))), (LLVM Optimized)"}, {"Node Type": "Index Only Scan", "Parent Relationship": "Inner", "Scan Direction": "Forward", "Index Name": "partsupp_pkey", "Relation Name": "partsupp", "Alias": "partsupp", "Startup Cost": 0.0, "Total Cost": 0.84, "Plan Rows": 3, "Plan Width": 16, "Index Cond": "(ps_partkey = part.p_partkey)"}]}, {"Node Type": "Materialize", "Parent Relationship": "Inner", "Startup Cost": 0.0, "Total Cost": 5584.59, "Plan Rows": 10, "Plan Width": 8, "Plans": [{"Node Type": "Index Scan", "Parent Relationship": "Outer", "Scan Direction": "Forward", "Index Name": "supplier_pkey", "Relation Name": "supplier", "Alias": "supplier", "Startup Cost": 0.0, "Total Cost": 5584.54, "Plan Rows": 10, "Plan Width": 8, "Filter": "((s_comment)::text ~~ '%Customer%Complaints%'::text)"}]}]}]}]}]}, "Unique SQL Id": 1437012347}, "explain_analyze_plan": null}, "(64, 114)": {"explain_plan": {"Plan": {"Node Type": "Sort", "Startup Cost": 1621504.75, "Total Cost": 1621574.09, "Plan Rows": 27736, "Plan Width": 60, "Sort Key": ["(count(partsupp.ps_suppkey)) DESC", "part.p_brand", "part.p_type", "part.p_size"], "Plans": [{"Node Type": "Aggregate", "Strategy": "Hashed", "Parent Relationship": "Outer", "Startup Cost": 1619180.55, "Total Cost": 1619457.91, "Plan Rows": 27736, "Plan Width": 60, "Group By Key": ["part.p_brand", "part.p_type", "part.p_size"], "Plans": [{"Node Type": "Aggregate", "Strategy": "Hashed", "Parent Relationship": "Outer", "Startup Cost": 1618625.83, "Total Cost": 1618903.19, "Plan Rows": 27736, "Plan Width": 52, "Group By Key": ["part.p_brand", "part.p_type", "part.p_size", "partsupp.ps_suppkey"], "Plans": [{"Node Type": "Nested Loop", "Parent Relationship": "Outer", "Join Type": "Anti", "Startup Cost": 0.68, "Total Cost": 1607943.19, "Plan Rows": 854611, "Plan Width": 44, "Inner Unique": false, "Join Filter": "(partsupp.ps_suppkey = supplier.s_suppkey), (LLVM Optimized)", "Plans": [{"Node Type": "Nested Loop", "Parent Relationship": "Outer", "Join Type": "Inner", "Startup Cost": 0.68, "Total Cost": 1476216.7, "Plan Rows": 854625, "Plan Width": 44, "Inner Unique": false, "Plans": [{"Node Type": "Streaming(type: LOCAL GATHER dop: 1/64)", "Parent Relationship": "Outer", "Startup Cost": 0.0, "Total Cost": 70539.85, "Plan Rows": 295844, "Plan Width": 44, "Plans": [{"Node Type": "Seq Scan", "Parent Relationship": "Outer", "Relation Name": "part", "Alias": "part", "Startup Cost": 0.0, "Total Cost": 64436.62, "Plan Rows": 295844, "Plan Width": 44, "Filter": "((p_brand <> 'Brand#34'::bpchar) AND ((p_type)::text !~~ 'LARGE BRUSHED%'::text) AND (p_size = ANY ('{48,19,12,4,41,7,21,39}'::integer[]))), (LLVM Optimized)"}]}, {"Node Type": "Bitmap Heap Scan", "Parent Relationship": "Inner", "Relation Name": "partsupp", "Alias": "partsupp", "Startup Cost": 0.68, "Total Cost": 4.72, "Plan Rows": 3, "Plan Width": 16, "Recheck Cond": "(ps_partkey = part.p_partkey)", "Plans": [{"Node Type": "Bitmap Index Scan", "Parent Relationship": "Outer", "Index Name": "idx_partsupp_partkey", "Startup Cost": 0.0, "Total Cost": 0.68, "Plan Rows": 3, "Plan Width": 0, "Index Cond": "(ps_partkey = part.p_partkey)"}]}]}, {"Node Type": "Materialize", "Parent Relationship": "Inner", "Startup Cost": 0.0, "Total Cost": 3533.05, "Plan Rows": 10, "Plan Width": 8, "Plans": [{"Node Type": "Seq Scan", "Parent Relationship": "Outer", "Relation Name": "supplier", "Alias": "supplier", "Startup Cost": 0.0, "Total Cost": 3533.0, "Plan Rows": 10, "Plan Width": 8, "Filter": "((s_comment)::text ~~ '%Customer%Complaints%'::text)"}]}]}]}]}]}, "Unique SQL Id": 1437012347}, "explain_analyze_plan": null}, "(64, 115)": {"explain_plan": {"Plan": {"Node Type": "Sort", "Startup Cost": 1683887.36, "Total Cost": 1683956.7, "Plan Rows": 27736, "Plan Width": 60, "Sort Key": ["(count(partsupp.ps_suppkey)) DESC", "part.p_brand", "part.p_type", "part.p_size"], "Plans": [{"Node Type": "Aggregate", "Strategy": "Hashed", "Parent Relationship": "Outer", "Startup Cost": 1681563.16, "Total Cost": 1681840.52, "Plan Rows": 27736, "Plan Width": 60, "Group By Key": ["part.p_brand", "part.p_type", "part.p_size"], "Plans": [{"Node Type": "Aggregate", "Strategy": "Hashed", "Parent Relationship": "Outer", "Startup Cost": 1681008.44, "Total Cost": 1681285.8, "Plan Rows": 27736, "Plan Width": 52, "Group By Key": ["part.p_brand", "part.p_type", "part.p_size", "partsupp.ps_suppkey"], "Plans": [{"Node Type": "Nested Loop", "Parent Relationship": "Outer", "Join Type": "Anti", "Startup Cost": 40979.15, "Total Cost": 1670325.8, "Plan Rows": 854611, "Plan Width": 44, "Inner Unique": false, "Join Filter": "(partsupp.ps_suppkey = supplier.s_suppkey), (LLVM Optimized)", "Plans": [{"Node Type": "Nested Loop", "Parent Relationship": "Outer", "Join Type": "Inner", "Startup Cost": 38930.89, "Total Cost": 1536551.05, "Plan Rows": 854625, "Plan Width": 44, "Inner Unique": false, "Plans": [{"Node Type": "Bitmap Heap Scan", "Parent Relationship": "Outer", "Relation Name": "part", "Alias": "part", "Startup Cost": 38930.21, "Total Cost": 130874.21, "Plan Rows": 295844, "Plan Width": 44, "Filter": "((p_brand <> 'Brand#34'::bpchar) AND ((p_type)::text !~~ 'LARGE BRUSHED%'::text) AND (p_size = ANY ('{48,19,12,4,41,7,21,39}'::integer[]))), (LLVM Optimized)", "Plans": [{"Node Type": "Bitmap Index Scan", "Parent Relationship": "Outer", "Index Name": "part_kpey", "Startup Cost": 0.0, "Total Cost": 38856.25, "Plan Rows": 2000000, "Plan Width": 0}]}, {"Node Type": "Bitmap Heap Scan", "Parent Relationship": "Inner", "Relation Name": "partsupp", "Alias": "partsupp", "Startup Cost": 0.68, "Total Cost": 4.72, "Plan Rows": 3, "Plan Width": 16, "Recheck Cond": "(ps_partkey = part.p_partkey)", "Plans": [{"Node Type": "Bitmap Index Scan", "Parent Relationship": "Outer", "Index Name": "idx_partsupp_partkey", "Startup Cost": 0.0, "Total Cost": 0.68, "Plan Rows": 3, "Plan Width": 0, "Index Cond": "(ps_partkey = part.p_partkey)"}]}]}, {"Node Type": "Materialize", "Parent Relationship": "Inner", "Startup Cost": 2048.25, "Total Cost": 5581.3, "Plan Rows": 10, "Plan Width": 8, "Plans": [{"Node Type": "Bitmap Heap Scan", "Parent Relationship": "Outer", "Relation Name": "supplier", "Alias": "supplier", "Startup Cost": 2048.25, "Total Cost": 5581.25, "Plan Rows": 10, "Plan Width": 8, "Filter": "((s_comment)::text ~~ '%Customer%Complaints%'::text)", "Plans": [{"Node Type": "Bitmap Index Scan", "Parent Relationship": "Outer", "Index Name": "supplier_pkey", "Startup Cost": 0.0, "Total Cost": 2048.25, "Plan Rows": 100000, "Plan Width": 0}]}]}]}]}]}]}, "Unique SQL Id": 1437012347}, "explain_analyze_plan": null}, "(64, 116)": {"explain_plan": {"Plan": {"Node Type": "Sort", "Startup Cost": 1103250.9, "Total Cost": 1103320.24, "Plan Rows": 27736, "Plan Width": 60, "Sort Key": ["(count(partsupp.ps_suppkey)) DESC", "part.p_brand", "part.p_type", "part.p_size"], "Plans": [{"Node Type": "Aggregate", "Strategy": "Hashed", "Parent Relationship": "Outer", "Startup Cost": 1100926.7, "Total Cost": 1101204.06, "Plan Rows": 27736, "Plan Width": 60, "Group By Key": ["part.p_brand", "part.p_type", "part.p_size"], "Plans": [{"Node Type": "Aggregate", "Strategy": "Hashed", "Parent Relationship": "Outer", "Startup Cost": 1100371.98, "Total Cost": 1100649.34, "Plan Rows": 27736, "Plan Width": 52, "Group By Key": ["part.p_brand", "part.p_type", "part.p_size", "partsupp.ps_suppkey"], "Plans": [{"Node Type": "Nested Loop", "Parent Relationship": "Outer", "Join Type": "Anti", "Startup Cost": 0.0, "Total Cost": 1089689.34, "Plan Rows": 854611, "Plan Width": 44, "Inner Unique": false, "Join Filter": "(partsupp.ps_suppkey = supplier.s_suppkey), (LLVM Optimized)", "Plans": [{"Node Type": "Nested Loop", "Parent Relationship": "Outer", "Join Type": "Inner", "Startup Cost": 0.0, "Total Cost": 957962.85, "Plan Rows": 854625, "Plan Width": 44, "Inner Unique": false, "Plans": [{"Node Type": "Streaming(type: LOCAL GATHER dop: 1/64)", "Parent Relationship": "Outer", "Startup Cost": 0.0, "Total Cost": 70539.85, "Plan Rows": 295844, "Plan Width": 44, "Plans": [{"Node Type": "Seq Scan", "Parent Relationship": "Outer", "Relation Name": "part", "Alias": "part", "Startup Cost": 0.0, "Total Cost": 64436.62, "Plan Rows": 295844, "Plan Width": 44, "Filter": "((p_brand <> 'Brand#34'::bpchar) AND ((p_type)::text !~~ 'LARGE BRUSHED%'::text) AND (p_size = ANY ('{48,19,12,4,41,7,21,39}'::integer[]))), (LLVM Optimized)"}]}, {"Node Type": "Index Scan", "Parent Relationship": "Inner", "Scan Direction": "Forward", "Index Name": "idx_partsupp_partkey", "Relation Name": "partsupp", "Alias": "partsupp", "Startup Cost": 0.0, "Total Cost": 2.97, "Plan Rows": 3, "Plan Width": 16, "Index Cond": "(ps_partkey = part.p_partkey)"}]}, {"Node Type": "Materialize", "Parent Relationship": "Inner", "Startup Cost": 0.0, "Total Cost": 3533.05, "Plan Rows": 10, "Plan Width": 8, "Plans": [{"Node Type": "Seq Scan", "Parent Relationship": "Outer", "Relation Name": "supplier", "Alias": "supplier", "Startup Cost": 0.0, "Total Cost": 3533.0, "Plan Rows": 10, "Plan Width": 8, "Filter": "((s_comment)::text ~~ '%Customer%Complaints%'::text)"}]}]}]}]}]}, "Unique SQL Id": 1437012347}, "explain_analyze_plan": null}, "(64, 117)": {"explain_plan": {"Plan": {"Node Type": "Sort", "Startup Cost": 1165565.84, "Total Cost": 1165635.18, "Plan Rows": 27736, "Plan Width": 60, "Sort Key": ["(count(partsupp.ps_suppkey)) DESC", "part.p_brand", "part.p_type", "part.p_size"], "Plans": [{"Node Type": "Aggregate", "Strategy": "Hashed", "Parent Relationship": "Outer", "Startup Cost": 1163241.64, "Total Cost": 1163519.0, "Plan Rows": 27736, "Plan Width": 60, "Group By Key": ["part.p_brand", "part.p_type", "part.p_size"], "Plans": [{"Node Type": "Aggregate", "Strategy": "Hashed", "Parent Relationship": "Outer", "Startup Cost": 1162686.92, "Total Cost": 1162964.28, "Plan Rows": 27736, "Plan Width": 52, "Group By Key": ["part.p_brand", "part.p_type", "part.p_size", "partsupp.ps_suppkey"], "Plans": [{"Node Type": "Nested Loop", "Parent Relationship": "Outer", "Join Type": "Anti", "Startup Cost": 0.0, "Total Cost": 1152004.28, "Plan Rows": 854611, "Plan Width": 44, "Inner Unique": false, "Join Filter": "(partsupp.ps_suppkey = supplier.s_suppkey), (LLVM Optimized)", "Plans": [{"Node Type": "Nested Loop", "Parent Relationship": "Outer", "Join Type": "Inner", "Startup Cost": 0.0, "Total Cost": 1018226.24, "Plan Rows": 854625, "Plan Width": 44, "Inner Unique": false, "Plans": [{"Node Type": "Index Scan", "Parent Relationship": "Outer", "Scan Direction": "Forward", "Index Name": "part_kpey", "Relation Name": "part", "Alias": "part", "Startup Cost": 0.0, "Total Cost": 130803.25, "Plan Rows": 295844, "Plan Width": 44, "Filter": "((p_brand <> 'Brand#34'::bpchar) AND ((p_type)::text !~~ 'LARGE BRUSHED%'::text) AND (p_size = ANY ('{48,19,12,4,41,7,21,39}'::integer[]))), (LLVM Optimized)"}, {"Node Type": "Index Scan", "Parent Relationship": "Inner", "Scan Direction": "Forward", "Index Name": "idx_partsupp_partkey", "Relation Name": "partsupp", "Alias": "partsupp", "Startup Cost": 0.0, "Total Cost": 2.97, "Plan Rows": 3, "Plan Width": 16, "Index Cond": "(ps_partkey = part.p_partkey)"}]}, {"Node Type": "Materialize", "Parent Relationship": "Inner", "Startup Cost": 0.0, "Total Cost": 5584.59, "Plan Rows": 10, "Plan Width": 8, "Plans": [{"Node Type": "Index Scan", "Parent Relationship": "Outer", "Scan Direction": "Forward", "Index Name": "supplier_pkey", "Relation Name": "supplier", "Alias": "supplier", "Startup Cost": 0.0, "Total Cost": 5584.54, "Plan Rows": 10, "Plan Width": 8, "Filter": "((s_comment)::text ~~ '%Customer%Complaints%'::text)"}]}]}]}]}]}, "Unique SQL Id": 1437012347}, "explain_analyze_plan": null}, "(64, 118)": {"explain_plan": {"Plan": {"Node Type": "Sort", "Startup Cost": 1621504.75, "Total Cost": 1621574.09, "Plan Rows": 27736, "Plan Width": 60, "Sort Key": ["(count(partsupp.ps_suppkey)) DESC", "part.p_brand", "part.p_type", "part.p_size"], "Plans": [{"Node Type": "Aggregate", "Strategy": "Hashed", "Parent Relationship": "Outer", "Startup Cost": 1619180.55, "Total Cost": 1619457.91, "Plan Rows": 27736, "Plan Width": 60, "Group By Key": ["part.p_brand", "part.p_type", "part.p_size"], "Plans": [{"Node Type": "Aggregate", "Strategy": "Hashed", "Parent Relationship": "Outer", "Startup Cost": 1618625.83, "Total Cost": 1618903.19, "Plan Rows": 27736, "Plan Width": 52, "Group By Key": ["part.p_brand", "part.p_type", "part.p_size", "partsupp.ps_suppkey"], "Plans": [{"Node Type": "Nested Loop", "Parent Relationship": "Outer", "Join Type": "Anti", "Startup Cost": 0.68, "Total Cost": 1607943.19, "Plan Rows": 854611, "Plan Width": 44, "Inner Unique": false, "Join Filter": "(partsupp.ps_suppkey = supplier.s_suppkey), (LLVM Optimized)", "Plans": [{"Node Type": "Nested Loop", "Parent Relationship": "Outer", "Join Type": "Inner", "Startup Cost": 0.68, "Total Cost": 1476216.7, "Plan Rows": 854625, "Plan Width": 44, "Inner Unique": false, "Plans": [{"Node Type": "Streaming(type: LOCAL GATHER dop: 1/64)", "Parent Relationship": "Outer", "Startup Cost": 0.0, "Total Cost": 70539.85, "Plan Rows": 295844, "Plan Width": 44, "Plans": [{"Node Type": "Seq Scan", "Parent Relationship": "Outer", "Relation Name": "part", "Alias": "part", "Startup Cost": 0.0, "Total Cost": 64436.62, "Plan Rows": 295844, "Plan Width": 44, "Filter": "((p_brand <> 'Brand#34'::bpchar) AND ((p_type)::text !~~ 'LARGE BRUSHED%'::text) AND (p_size = ANY ('{48,19,12,4,41,7,21,39}'::integer[]))), (LLVM Optimized)"}]}, {"Node Type": "Bitmap Heap Scan", "Parent Relationship": "Inner", "Relation Name": "partsupp", "Alias": "partsupp", "Startup Cost": 0.68, "Total Cost": 4.72, "Plan Rows": 3, "Plan Width": 16, "Recheck Cond": "(ps_partkey = part.p_partkey)", "Plans": [{"Node Type": "Bitmap Index Scan", "Parent Relationship": "Outer", "Index Name": "idx_partsupp_partkey", "Startup Cost": 0.0, "Total Cost": 0.68, "Plan Rows": 3, "Plan Width": 0, "Index Cond": "(ps_partkey = part.p_partkey)"}]}]}, {"Node Type": "Materialize", "Parent Relationship": "Inner", "Startup Cost": 0.0, "Total Cost": 3533.05, "Plan Rows": 10, "Plan Width": 8, "Plans": [{"Node Type": "Seq Scan", "Parent Relationship": "Outer", "Relation Name": "supplier", "Alias": "supplier", "Startup Cost": 0.0, "Total Cost": 3533.0, "Plan Rows": 10, "Plan Width": 8, "Filter": "((s_comment)::text ~~ '%Customer%Complaints%'::text)"}]}]}]}]}]}, "Unique SQL Id": 1437012347}, "explain_analyze_plan": null}, "(64, 119)": {"explain_plan": {"Plan": {"Node Type": "Sort", "Startup Cost": 1683887.36, "Total Cost": 1683956.7, "Plan Rows": 27736, "Plan Width": 60, "Sort Key": ["(count(partsupp.ps_suppkey)) DESC", "part.p_brand", "part.p_type", "part.p_size"], "Plans": [{"Node Type": "Aggregate", "Strategy": "Hashed", "Parent Relationship": "Outer", "Startup Cost": 1681563.16, "Total Cost": 1681840.52, "Plan Rows": 27736, "Plan Width": 60, "Group By Key": ["part.p_brand", "part.p_type", "part.p_size"], "Plans": [{"Node Type": "Aggregate", "Strategy": "Hashed", "Parent Relationship": "Outer", "Startup Cost": 1681008.44, "Total Cost": 1681285.8, "Plan Rows": 27736, "Plan Width": 52, "Group By Key": ["part.p_brand", "part.p_type", "part.p_size", "partsupp.ps_suppkey"], "Plans": [{"Node Type": "Nested Loop", "Parent Relationship": "Outer", "Join Type": "Anti", "Startup Cost": 40979.15, "Total Cost": 1670325.8, "Plan Rows": 854611, "Plan Width": 44, "Inner Unique": false, "Join Filter": "(partsupp.ps_suppkey = supplier.s_suppkey), (LLVM Optimized)", "Plans": [{"Node Type": "Nested Loop", "Parent Relationship": "Outer", "Join Type": "Inner", "Startup Cost": 38930.89, "Total Cost": 1536551.05, "Plan Rows": 854625, "Plan Width": 44, "Inner Unique": false, "Plans": [{"Node Type": "Bitmap Heap Scan", "Parent Relationship": "Outer", "Relation Name": "part", "Alias": "part", "Startup Cost": 38930.21, "Total Cost": 130874.21, "Plan Rows": 295844, "Plan Width": 44, "Filter": "((p_brand <> 'Brand#34'::bpchar) AND ((p_type)::text !~~ 'LARGE BRUSHED%'::text) AND (p_size = ANY ('{48,19,12,4,41,7,21,39}'::integer[]))), (LLVM Optimized)", "Plans": [{"Node Type": "Bitmap Index Scan", "Parent Relationship": "Outer", "Index Name": "part_kpey", "Startup Cost": 0.0, "Total Cost": 38856.25, "Plan Rows": 2000000, "Plan Width": 0}]}, {"Node Type": "Bitmap Heap Scan", "Parent Relationship": "Inner", "Relation Name": "partsupp", "Alias": "partsupp", "Startup Cost": 0.68, "Total Cost": 4.72, "Plan Rows": 3, "Plan Width": 16, "Recheck Cond": "(ps_partkey = part.p_partkey)", "Plans": [{"Node Type": "Bitmap Index Scan", "Parent Relationship": "Outer", "Index Name": "idx_partsupp_partkey", "Startup Cost": 0.0, "Total Cost": 0.68, "Plan Rows": 3, "Plan Width": 0, "Index Cond": "(ps_partkey = part.p_partkey)"}]}]}, {"Node Type": "Materialize", "Parent Relationship": "Inner", "Startup Cost": 2048.25, "Total Cost": 5581.3, "Plan Rows": 10, "Plan Width": 8, "Plans": [{"Node Type": "Bitmap Heap Scan", "Parent Relationship": "Outer", "Relation Name": "supplier", "Alias": "supplier", "Startup Cost": 2048.25, "Total Cost": 5581.25, "Plan Rows": 10, "Plan Width": 8, "Filter": "((s_comment)::text ~~ '%Customer%Complaints%'::text)", "Plans": [{"Node Type": "Bitmap Index Scan", "Parent Relationship": "Outer", "Index Name": "supplier_pkey", "Startup Cost": 0.0, "Total Cost": 2048.25, "Plan Rows": 100000, "Plan Width": 0}]}]}]}]}]}]}, "Unique SQL Id": 1437012347}, "explain_analyze_plan": null}, "(64, 120)": {"explain_plan": {"Plan": {"Node Type": "Sort", "Startup Cost": 473478.87, "Total Cost": 473548.21, "Plan Rows": 27736, "Plan Width": 60, "Sort Key": ["(count(partsupp.ps_suppkey)) DESC", "part.p_brand", "part.p_type", "part.p_size"], "Plans": [{"Node Type": "Aggregate", "Strategy": "Hashed", "Parent Relationship": "Outer", "Startup Cost": 471154.66, "Total Cost": 471432.02, "Plan Rows": 27736, "Plan Width": 60, "Group By Key": ["part.p_brand", "part.p_type", "part.p_size"], "Plans": [{"Node Type": "Aggregate", "Strategy": "Hashed", "Parent Relationship": "Outer", "Startup Cost": 470599.94, "Total Cost": 470877.3, "Plan Rows": 27736, "Plan Width": 52, "Group By Key": ["part.p_brand", "part.p_type", "part.p_size", "partsupp.ps_suppkey"], "Plans": [{"Node Type": "Nested Loop", "Parent Relationship": "Outer", "Join Type": "Anti", "Startup Cost": 0.0, "Total Cost": 459917.3, "Plan Rows": 854611, "Plan Width": 44, "Inner Unique": false, "Join Filter": "(partsupp.ps_suppkey = supplier.s_suppkey), (LLVM Optimized)", "Plans": [{"Node Type": "Nested Loop", "Parent Relationship": "Outer", "Join Type": "Inner", "Startup Cost": 0.0, "Total Cost": 328190.81, "Plan Rows": 854625, "Plan Width": 44, "Inner Unique": false, "Plans": [{"Node Type": "Streaming(type: LOCAL GATHER dop: 1/64)", "Parent Relationship": "Outer", "Startup Cost": 0.0, "Total Cost": 70539.85, "Plan Rows": 295844, "Plan Width": 44, "Plans": [{"Node Type": "Seq Scan", "Parent Relationship": "Outer", "Relation Name": "part", "Alias": "part", "Startup Cost": 0.0, "Total Cost": 64436.62, "Plan Rows": 295844, "Plan Width": 44, "Filter": "((p_brand <> 'Brand#34'::bpchar) AND ((p_type)::text !~~ 'LARGE BRUSHED%'::text) AND (p_size = ANY ('{48,19,12,4,41,7,21,39}'::integer[]))), (LLVM Optimized)"}]}, {"Node Type": "Index Only Scan", "Parent Relationship": "Inner", "Scan Direction": "Forward", "Index Name": "partsupp_pkey", "Relation Name": "partsupp", "Alias": "partsupp", "Startup Cost": 0.0, "Total Cost": 0.84, "Plan Rows": 3, "Plan Width": 16, "Index Cond": "(ps_partkey = part.p_partkey)"}]}, {"Node Type": "Materialize", "Parent Relationship": "Inner", "Startup Cost": 0.0, "Total Cost": 3533.05, "Plan Rows": 10, "Plan Width": 8, "Plans": [{"Node Type": "Seq Scan", "Parent Relationship": "Outer", "Relation Name": "supplier", "Alias": "supplier", "Startup Cost": 0.0, "Total Cost": 3533.0, "Plan Rows": 10, "Plan Width": 8, "Filter": "((s_comment)::text ~~ '%Customer%Complaints%'::text)"}]}]}]}]}]}, "Unique SQL Id": 1437012347}, "explain_analyze_plan": null}, "(64, 121)": {"explain_plan": {"Plan": {"Node Type": "Sort", "Startup Cost": 535793.81, "Total Cost": 535863.15, "Plan Rows": 27736, "Plan Width": 60, "Sort Key": ["(count(partsupp.ps_suppkey)) DESC", "part.p_brand", "part.p_type", "part.p_size"], "Plans": [{"Node Type": "Aggregate", "Strategy": "Hashed", "Parent Relationship": "Outer", "Startup Cost": 533469.6, "Total Cost": 533746.96, "Plan Rows": 27736, "Plan Width": 60, "Group By Key": ["part.p_brand", "part.p_type", "part.p_size"], "Plans": [{"Node Type": "Aggregate", "Strategy": "Hashed", "Parent Relationship": "Outer", "Startup Cost": 532914.88, "Total Cost": 533192.24, "Plan Rows": 27736, "Plan Width": 52, "Group By Key": ["part.p_brand", "part.p_type", "part.p_size", "partsupp.ps_suppkey"], "Plans": [{"Node Type": "Nested Loop", "Parent Relationship": "Outer", "Join Type": "Anti", "Startup Cost": 0.0, "Total Cost": 522232.25, "Plan Rows": 854611, "Plan Width": 44, "Inner Unique": false, "Join Filter": "(partsupp.ps_suppkey = supplier.s_suppkey), (LLVM Optimized)", "Plans": [{"Node Type": "Nested Loop", "Parent Relationship": "Outer", "Join Type": "Inner", "Startup Cost": 0.0, "Total Cost": 388454.21, "Plan Rows": 854625, "Plan Width": 44, "Inner Unique": false, "Plans": [{"Node Type": "Index Scan", "Parent Relationship": "Outer", "Scan Direction": "Forward", "Index Name": "part_kpey", "Relation Name": "part", "Alias": "part", "Startup Cost": 0.0, "Total Cost": 130803.25, "Plan Rows": 295844, "Plan Width": 44, "Filter": "((p_brand <> 'Brand#34'::bpchar) AND ((p_type)::text !~~ 'LARGE BRUSHED%'::text) AND (p_size = ANY ('{48,19,12,4,41,7,21,39}'::integer[]))), (LLVM Optimized)"}, {"Node Type": "Index Only Scan", "Parent Relationship": "Inner", "Scan Direction": "Forward", "Index Name": "partsupp_pkey", "Relation Name": "partsupp", "Alias": "partsupp", "Startup Cost": 0.0, "Total Cost": 0.84, "Plan Rows": 3, "Plan Width": 16, "Index Cond": "(ps_partkey = part.p_partkey)"}]}, {"Node Type": "Materialize", "Parent Relationship": "Inner", "Startup Cost": 0.0, "Total Cost": 5584.59, "Plan Rows": 10, "Plan Width": 8, "Plans": [{"Node Type": "Index Scan", "Parent Relationship": "Outer", "Scan Direction": "Forward", "Index Name": "supplier_pkey", "Relation Name": "supplier", "Alias": "supplier", "Startup Cost": 0.0, "Total Cost": 5584.54, "Plan Rows": 10, "Plan Width": 8, "Filter": "((s_comment)::text ~~ '%Customer%Complaints%'::text)"}]}]}]}]}]}, "Unique SQL Id": 1437012347}, "explain_analyze_plan": null}, "(64, 122)": {"explain_plan": {"Plan": {"Node Type": "Sort", "Startup Cost": 9039988.83, "Total Cost": 9040058.17, "Plan Rows": 27736, "Plan Width": 60, "Sort Key": ["(count(partsupp.ps_suppkey)) DESC", "part.p_brand", "part.p_type", "part.p_size"], "Plans": [{"Node Type": "Streaming(type: LOCAL GATHER dop: 1/64)", "Parent Relationship": "Outer", "Startup Cost": 9037669.44, "Total Cost": 9037941.99, "Plan Rows": 27736, "Plan Width": 60, "Plans": [{"Node Type": "Aggregate", "Strategy": "Hashed", "Parent Relationship": "Outer", "Startup Cost": 9037669.44, "Total Cost": 9037673.78, "Plan Rows": 27736, "Plan Width": 60, "Group By Key": ["part.p_brand", "part.p_type", "part.p_size"], "Plans": [{"Node Type": "Aggregate", "Strategy": "Hashed", "Parent Relationship": "Outer", "Startup Cost": 9037402.38, "Total Cost": 9037535.91, "Plan Rows": 854611, "Plan Width": 52, "Group By Key": ["part.p_brand", "part.p_type", "part.p_size", "partsupp.ps_suppkey"], "Plans": [{"Node Type": "Streaming(type: LOCAL REDISTRIBUTE dop: 64/64)", "Parent Relationship": "Outer", "Startup Cost": 0.0, "Total Cost": 9037235.46, "Plan Rows": 854611, "Plan Width": 44, "Plans": [{"Node Type": "Nested Loop", "Parent Relationship": "Outer", "Join Type": "Anti", "Startup Cost": 0.0, "Total Cost": 9001782.46, "Plan Rows": 854611, "Plan Width": 44, "Inner Unique": false, "Join Filter": "(partsupp.ps_suppkey = supplier.s_suppkey), (LLVM Optimized)", "Plans": [{"Node Type": "Nested Loop", "Parent Relationship": "Outer", "Join Type": "Inner", "Startup Cost": 0.0, "Total Cost": 8933233.18, "Plan Rows": 854625, "Plan Width": 44, "Inner Unique": true, "Join Filter": "(partsupp.ps_partkey = part.p_partkey), (LLVM Optimized)", "Plans": [{"Node Type": "Streaming(type: LOCAL REDISTRIBUTE dop: 64/64)", "Parent Relationship": "Outer", "Startup Cost": 0.0, "Total Cost": 137797.04, "Plan Rows": 8000372, "Plan Width": 16, "Plans": [{"Node Type": "Seq Scan", "Parent Relationship": "Outer", "Relation Name": "partsupp", "Alias": "partsupp", "Startup Cost": 0.0, "Total Cost": 67218.56, "Plan Rows": 8000372, "Plan Width": 16}]}, {"Node Type": "Materialize", "Parent Relationship": "Inner", "Startup Cost": 0.0, "Total Cost": 127739.98, "Plan Rows": 295844, "Plan Width": 44, "Plans": [{"Node Type": "Streaming(type: LOCAL REDISTRIBUTE dop: 64/64)", "Parent Relationship": "Outer", "Startup Cost": 0.0, "Total Cost": 127716.87, "Plan Rows": 295844, "Plan Width": 44, "Plans": [{"Node Type": "Seq Scan", "Parent Relationship": "Outer", "Relation Name": "part", "Alias": "part", "Startup Cost": 0.0, "Total Cost": 64436.62, "Plan Rows": 295844, "Plan Width": 44, "Filter": "((p_brand <> 'Brand#34'::bpchar) AND ((p_type)::text !~~ 'LARGE BRUSHED%'::text) AND (p_size = ANY ('{48,19,12,4,41,7,21,39}'::integer[]))), (LLVM Optimized)"}]}]}]}, {"Node Type": "Materialize", "Parent Relationship": "Inner", "Startup Cost": 0.0, "Total Cost": 66546.25, "Plan Rows": 640, "Plan Width": 8, "Plans": [{"Node Type": "Streaming(type: BROADCAST dop: 64/1)", "Parent Relationship": "Outer", "Startup Cost": 0.0, "Total Cost": 66546.2, "Plan Rows": 640, "Plan Width": 8, "Plans": [{"Node Type": "Seq Scan", "Parent Relationship": "Outer", "Relation Name": "supplier", "Alias": "supplier", "Startup Cost": 0.0, "Total Cost": 3533.0, "Plan Rows": 10, "Plan Width": 8, "Filter": "((s_comment)::text ~~ '%Customer%Complaints%'::text)"}]}]}]}]}]}]}]}]}, "Unique SQL Id": 1437012347}, "explain_analyze_plan": null}, "(64, 123)": {"explain_plan": {"Plan": {"Node Type": "Sort", "Startup Cost": 3035544896282.46, "Total Cost": 3035544896351.79, "Plan Rows": 27736, "Plan Width": 60, "Sort Key": ["(count(partsupp.ps_suppkey)) DESC", "part.p_brand", "part.p_type", "part.p_size"], "Plans": [{"Node Type": "Aggregate", "Strategy": "Hashed", "Parent Relationship": "Outer", "Startup Cost": 3035544893958.25, "Total Cost": 3035544894235.61, "Plan Rows": 27736, "Plan Width": 60, "Group By Key": ["part.p_brand", "part.p_type", "part.p_size"], "Plans": [{"Node Type": "Aggregate", "Strategy": "Hashed", "Parent Relationship": "Outer", "Startup Cost": 3035544893403.53, "Total Cost": 3035544893680.89, "Plan Rows": 27736, "Plan Width": 52, "Group By Key": ["part.p_brand", "part.p_type", "part.p_size", "partsupp.ps_suppkey"], "Plans": [{"Node Type": "Nested Loop", "Parent Relationship": "Outer", "Join Type": "Inner", "Startup Cost": 30000000000.0, "Total Cost": 3035544882720.89, "Plan Rows": 854611, "Plan Width": 44, "Inner Unique": true, "Join Filter": "(partsupp.ps_partkey = part.p_partkey), (LLVM Optimized)", "Plans": [{"Node Type": "Nested Loop", "Parent Relationship": "Outer", "Join Type": "Anti", "Startup Cost": 20000000000.0, "Total Cost": 2000029465493.2, "Plan Rows": 8000238, "Plan Width": 16, "Inner Unique": false, "Join Filter": "(partsupp.ps_suppkey = supplier.s_suppkey), (LLVM Optimized)", "Plans": [{"Node Type": "Index Only Scan", "Parent Relationship": "Outer", "Scan Direction": "Forward", "Index Name": "partsupp_pkey", "Relation Name": "partsupp", "Alias": "partsupp", "Startup Cost": 10000000000.0, "Total Cost": 1000027706983.0, "Plan Rows": 8000372, "Plan Width": 16}, {"Node Type": "Materialize", "Parent Relationship": "Inner", "Startup Cost": 10000000000.0, "Total Cost": 1000000558454.43, "Plan Rows": 10, "Plan Width": 8, "Plans": [{"Node Type": "Index Scan", "Parent Relationship": "Outer", "Scan Direction": "Forward", "Index Name": "supplier_pkey", "Relation Name": "supplier", "Alias": "supplier", "Startup Cost": 10000000000.0, "Total Cost": 1000000558454.38, "Plan Rows": 10, "Plan Width": 8, "Filter": "((s_comment)::text ~~ '%Customer%Complaints%'::text)"}]}]}, {"Node Type": "Materialize", "Parent Relationship": "Inner", "Startup Cost": 10000000000.0, "Total Cost": 1000013081804.22, "Plan Rows": 295844, "Plan Width": 44, "Plans": [{"Node Type": "Index Scan", "Parent Relationship": "Outer", "Scan Direction": "Forward", "Index Name": "part_kpey", "Relation Name": "part", "Alias": "part", "Startup Cost": 10000000000.0, "Total Cost": 1000013080325.0, "Plan Rows": 295844, "Plan Width": 44, "Filter": "((p_brand <> 'Brand#34'::bpchar) AND ((p_type)::text !~~ 'LARGE BRUSHED%'::text) AND (p_size = ANY ('{48,19,12,4,41,7,21,39}'::integer[]))), (LLVM Optimized)"}]}]}]}]}]}, "Unique SQL Id": 1437012347}, "explain_analyze_plan": null}, "(64, 124)": {"explain_plan": {"Plan": {"Node Type": "Sort", "Startup Cost": 1103250.9, "Total Cost": 1103320.24, "Plan Rows": 27736, "Plan Width": 60, "Sort Key": ["(count(partsupp.ps_suppkey)) DESC", "part.p_brand", "part.p_type", "part.p_size"], "Plans": [{"Node Type": "Aggregate", "Strategy": "Hashed", "Parent Relationship": "Outer", "Startup Cost": 1100926.7, "Total Cost": 1101204.06, "Plan Rows": 27736, "Plan Width": 60, "Group By Key": ["part.p_brand", "part.p_type", "part.p_size"], "Plans": [{"Node Type": "Aggregate", "Strategy": "Hashed", "Parent Relationship": "Outer", "Startup Cost": 1100371.98, "Total Cost": 1100649.34, "Plan Rows": 27736, "Plan Width": 52, "Group By Key": ["part.p_brand", "part.p_type", "part.p_size", "partsupp.ps_suppkey"], "Plans": [{"Node Type": "Nested Loop", "Parent Relationship": "Outer", "Join Type": "Anti", "Startup Cost": 0.0, "Total Cost": 1089689.34, "Plan Rows": 854611, "Plan Width": 44, "Inner Unique": false, "Join Filter": "(partsupp.ps_suppkey = supplier.s_suppkey), (LLVM Optimized)", "Plans": [{"Node Type": "Nested Loop", "Parent Relationship": "Outer", "Join Type": "Inner", "Startup Cost": 0.0, "Total Cost": 957962.85, "Plan Rows": 854625, "Plan Width": 44, "Inner Unique": false, "Plans": [{"Node Type": "Streaming(type: LOCAL GATHER dop: 1/64)", "Parent Relationship": "Outer", "Startup Cost": 0.0, "Total Cost": 70539.85, "Plan Rows": 295844, "Plan Width": 44, "Plans": [{"Node Type": "Seq Scan", "Parent Relationship": "Outer", "Relation Name": "part", "Alias": "part", "Startup Cost": 0.0, "Total Cost": 64436.62, "Plan Rows": 295844, "Plan Width": 44, "Filter": "((p_brand <> 'Brand#34'::bpchar) AND ((p_type)::text !~~ 'LARGE BRUSHED%'::text) AND (p_size = ANY ('{48,19,12,4,41,7,21,39}'::integer[]))), (LLVM Optimized)"}]}, {"Node Type": "Index Scan", "Parent Relationship": "Inner", "Scan Direction": "Forward", "Index Name": "idx_partsupp_partkey", "Relation Name": "partsupp", "Alias": "partsupp", "Startup Cost": 0.0, "Total Cost": 2.97, "Plan Rows": 3, "Plan Width": 16, "Index Cond": "(ps_partkey = part.p_partkey)"}]}, {"Node Type": "Materialize", "Parent Relationship": "Inner", "Startup Cost": 0.0, "Total Cost": 3533.05, "Plan Rows": 10, "Plan Width": 8, "Plans": [{"Node Type": "Seq Scan", "Parent Relationship": "Outer", "Relation Name": "supplier", "Alias": "supplier", "Startup Cost": 0.0, "Total Cost": 3533.0, "Plan Rows": 10, "Plan Width": 8, "Filter": "((s_comment)::text ~~ '%Customer%Complaints%'::text)"}]}]}]}]}]}, "Unique SQL Id": 1437012347}, "explain_analyze_plan": null}, "(64, 125)": {"explain_plan": {"Plan": {"Node Type": "Sort", "Startup Cost": 1165565.84, "Total Cost": 1165635.18, "Plan Rows": 27736, "Plan Width": 60, "Sort Key": ["(count(partsupp.ps_suppkey)) DESC", "part.p_brand", "part.p_type", "part.p_size"], "Plans": [{"Node Type": "Aggregate", "Strategy": "Hashed", "Parent Relationship": "Outer", "Startup Cost": 1163241.64, "Total Cost": 1163519.0, "Plan Rows": 27736, "Plan Width": 60, "Group By Key": ["part.p_brand", "part.p_type", "part.p_size"], "Plans": [{"Node Type": "Aggregate", "Strategy": "Hashed", "Parent Relationship": "Outer", "Startup Cost": 1162686.92, "Total Cost": 1162964.28, "Plan Rows": 27736, "Plan Width": 52, "Group By Key": ["part.p_brand", "part.p_type", "part.p_size", "partsupp.ps_suppkey"], "Plans": [{"Node Type": "Nested Loop", "Parent Relationship": "Outer", "Join Type": "Anti", "Startup Cost": 0.0, "Total Cost": 1152004.28, "Plan Rows": 854611, "Plan Width": 44, "Inner Unique": false, "Join Filter": "(partsupp.ps_suppkey = supplier.s_suppkey), (LLVM Optimized)", "Plans": [{"Node Type": "Nested Loop", "Parent Relationship": "Outer", "Join Type": "Inner", "Startup Cost": 0.0, "Total Cost": 1018226.24, "Plan Rows": 854625, "Plan Width": 44, "Inner Unique": false, "Plans": [{"Node Type": "Index Scan", "Parent Relationship": "Outer", "Scan Direction": "Forward", "Index Name": "part_kpey", "Relation Name": "part", "Alias": "part", "Startup Cost": 0.0, "Total Cost": 130803.25, "Plan Rows": 295844, "Plan Width": 44, "Filter": "((p_brand <> 'Brand#34'::bpchar) AND ((p_type)::text !~~ 'LARGE BRUSHED%'::text) AND (p_size = ANY ('{48,19,12,4,41,7,21,39}'::integer[]))), (LLVM Optimized)"}, {"Node Type": "Index Scan", "Parent Relationship": "Inner", "Scan Direction": "Forward", "Index Name": "idx_partsupp_partkey", "Relation Name": "partsupp", "Alias": "partsupp", "Startup Cost": 0.0, "Total Cost": 2.97, "Plan Rows": 3, "Plan Width": 16, "Index Cond": "(ps_partkey = part.p_partkey)"}]}, {"Node Type": "Materialize", "Parent Relationship": "Inner", "Startup Cost": 0.0, "Total Cost": 5584.59, "Plan Rows": 10, "Plan Width": 8, "Plans": [{"Node Type": "Index Scan", "Parent Relationship": "Outer", "Scan Direction": "Forward", "Index Name": "supplier_pkey", "Relation Name": "supplier", "Alias": "supplier", "Startup Cost": 0.0, "Total Cost": 5584.54, "Plan Rows": 10, "Plan Width": 8, "Filter": "((s_comment)::text ~~ '%Customer%Complaints%'::text)"}]}]}]}]}]}, "Unique SQL Id": 1437012347}, "explain_analyze_plan": null}, "(64, 126)": {"explain_plan": {"Plan": {"Node Type": "Sort", "Startup Cost": 9039988.83, "Total Cost": 9040058.17, "Plan Rows": 27736, "Plan Width": 60, "Sort Key": ["(count(partsupp.ps_suppkey)) DESC", "part.p_brand", "part.p_type", "part.p_size"], "Plans": [{"Node Type": "Streaming(type: LOCAL GATHER dop: 1/64)", "Parent Relationship": "Outer", "Startup Cost": 9037669.44, "Total Cost": 9037941.99, "Plan Rows": 27736, "Plan Width": 60, "Plans": [{"Node Type": "Aggregate", "Strategy": "Hashed", "Parent Relationship": "Outer", "Startup Cost": 9037669.44, "Total Cost": 9037673.78, "Plan Rows": 27736, "Plan Width": 60, "Group By Key": ["part.p_brand", "part.p_type", "part.p_size"], "Plans": [{"Node Type": "Aggregate", "Strategy": "Hashed", "Parent Relationship": "Outer", "Startup Cost": 9037402.38, "Total Cost": 9037535.91, "Plan Rows": 854611, "Plan Width": 52, "Group By Key": ["part.p_brand", "part.p_type", "part.p_size", "partsupp.ps_suppkey"], "Plans": [{"Node Type": "Streaming(type: LOCAL REDISTRIBUTE dop: 64/64)", "Parent Relationship": "Outer", "Startup Cost": 0.0, "Total Cost": 9037235.46, "Plan Rows": 854611, "Plan Width": 44, "Plans": [{"Node Type": "Nested Loop", "Parent Relationship": "Outer", "Join Type": "Anti", "Startup Cost": 0.0, "Total Cost": 9001782.46, "Plan Rows": 854611, "Plan Width": 44, "Inner Unique": false, "Join Filter": "(partsupp.ps_suppkey = supplier.s_suppkey), (LLVM Optimized)", "Plans": [{"Node Type": "Nested Loop", "Parent Relationship": "Outer", "Join Type": "Inner", "Startup Cost": 0.0, "Total Cost": 8933233.18, "Plan Rows": 854625, "Plan Width": 44, "Inner Unique": true, "Join Filter": "(partsupp.ps_partkey = part.p_partkey), (LLVM Optimized)", "Plans": [{"Node Type": "Streaming(type: LOCAL REDISTRIBUTE dop: 64/64)", "Parent Relationship": "Outer", "Startup Cost": 0.0, "Total Cost": 137797.04, "Plan Rows": 8000372, "Plan Width": 16, "Plans": [{"Node Type": "Seq Scan", "Parent Relationship": "Outer", "Relation Name": "partsupp", "Alias": "partsupp", "Startup Cost": 0.0, "Total Cost": 67218.56, "Plan Rows": 8000372, "Plan Width": 16}]}, {"Node Type": "Materialize", "Parent Relationship": "Inner", "Startup Cost": 0.0, "Total Cost": 127739.98, "Plan Rows": 295844, "Plan Width": 44, "Plans": [{"Node Type": "Streaming(type: LOCAL REDISTRIBUTE dop: 64/64)", "Parent Relationship": "Outer", "Startup Cost": 0.0, "Total Cost": 127716.87, "Plan Rows": 295844, "Plan Width": 44, "Plans": [{"Node Type": "Seq Scan", "Parent Relationship": "Outer", "Relation Name": "part", "Alias": "part", "Startup Cost": 0.0, "Total Cost": 64436.62, "Plan Rows": 295844, "Plan Width": 44, "Filter": "((p_brand <> 'Brand#34'::bpchar) AND ((p_type)::text !~~ 'LARGE BRUSHED%'::text) AND (p_size = ANY ('{48,19,12,4,41,7,21,39}'::integer[]))), (LLVM Optimized)"}]}]}]}, {"Node Type": "Materialize", "Parent Relationship": "Inner", "Startup Cost": 0.0, "Total Cost": 66546.25, "Plan Rows": 640, "Plan Width": 8, "Plans": [{"Node Type": "Streaming(type: BROADCAST dop: 64/1)", "Parent Relationship": "Outer", "Startup Cost": 0.0, "Total Cost": 66546.2, "Plan Rows": 640, "Plan Width": 8, "Plans": [{"Node Type": "Seq Scan", "Parent Relationship": "Outer", "Relation Name": "supplier", "Alias": "supplier", "Startup Cost": 0.0, "Total Cost": 3533.0, "Plan Rows": 10, "Plan Width": 8, "Filter": "((s_comment)::text ~~ '%Customer%Complaints%'::text)"}]}]}]}]}]}]}]}]}, "Unique SQL Id": 1437012347}, "explain_analyze_plan": null}, "(64, 127)": {"explain_plan": {"Plan": {"Node Type": "Sort", "Startup Cost": 3035588830262.67, "Total Cost": 3035588830332.01, "Plan Rows": 27736, "Plan Width": 60, "Sort Key": ["(count(partsupp.ps_suppkey)) DESC", "part.p_brand", "part.p_type", "part.p_size"], "Plans": [{"Node Type": "Aggregate", "Strategy": "Hashed", "Parent Relationship": "Outer", "Startup Cost": 3035588827938.47, "Total Cost": 3035588828215.83, "Plan Rows": 27736, "Plan Width": 60, "Group By Key": ["part.p_brand", "part.p_type", "part.p_size"], "Plans": [{"Node Type": "Aggregate", "Strategy": "Hashed", "Parent Relationship": "Outer", "Startup Cost": 3035588827383.75, "Total Cost": 3035588827661.11, "Plan Rows": 27736, "Plan Width": 52, "Group By Key": ["part.p_brand", "part.p_type", "part.p_size", "partsupp.ps_suppkey"], "Plans": [{"Node Type": "Nested Loop", "Parent Relationship": "Outer", "Join Type": "Inner", "Startup Cost": 30000000000.0, "Total Cost": 3035588816701.11, "Plan Rows": 854611, "Plan Width": 44, "Inner Unique": true, "Join Filter": "(partsupp.ps_partkey = part.p_partkey), (LLVM Optimized)", "Plans": [{"Node Type": "Nested Loop", "Parent Relationship": "Outer", "Join Type": "Anti", "Startup Cost": 20000000000.0, "Total Cost": 2000073399473.42, "Plan Rows": 8000238, "Plan Width": 16, "Inner Unique": false, "Join Filter": "(partsupp.ps_suppkey = supplier.s_suppkey), (LLVM Optimized)", "Plans": [{"Node Type": "Index Scan", "Parent Relationship": "Outer", "Scan Direction": "Forward", "Index Name": "partsupp_pkey", "Relation Name": "partsupp", "Alias": "partsupp", "Startup Cost": 10000000000.0, "Total Cost": 1000071640963.22, "Plan Rows": 8000372, "Plan Width": 16}, {"Node Type": "Materialize", "Parent Relationship": "Inner", "Startup Cost": 10000000000.0, "Total Cost": 1000000558454.43, "Plan Rows": 10, "Plan Width": 8, "Plans": [{"Node Type": "Index Scan", "Parent Relationship": "Outer", "Scan Direction": "Forward", "Index Name": "supplier_pkey", "Relation Name": "supplier", "Alias": "supplier", "Startup Cost": 10000000000.0, "Total Cost": 1000000558454.38, "Plan Rows": 10, "Plan Width": 8, "Filter": "((s_comment)::text ~~ '%Customer%Complaints%'::text)"}]}]}, {"Node Type": "Materialize", "Parent Relationship": "Inner", "Startup Cost": 10000000000.0, "Total Cost": 1000013081804.22, "Plan Rows": 295844, "Plan Width": 44, "Plans": [{"Node Type": "Index Scan", "Parent Relationship": "Outer", "Scan Direction": "Forward", "Index Name": "part_kpey", "Relation Name": "part", "Alias": "part", "Startup Cost": 10000000000.0, "Total Cost": 1000013080325.0, "Plan Rows": 295844, "Plan Width": 44, "Filter": "((p_brand <> 'Brand#34'::bpchar) AND ((p_type)::text !~~ 'LARGE BRUSHED%'::text) AND (p_size = ANY ('{48,19,12,4,41,7,21,39}'::integer[]))), (LLVM Optimized)"}]}]}]}]}]}, "Unique SQL Id": 1437012347}, "explain_analyze_plan": null}}