{"(1, 0)": {"explain_plan": {"Plan": {"Node Type": "Aggregate", "Strategy": "Plain", "Startup Cost": 208324.62, "Total Cost": 208324.63, "Plan Rows": 1, "Plan Width": 16, "Plans": [{"Node Type": "Nested Loop", "Parent Relationship": "Outer", "Join Type": "Inner", "Startup Cost": 128691.05, "Total Cost": 208322.6, "Plan Rows": 806, "Plan Width": 8, "Inner Unique": false, "Plans": [{"Node Type": "Nested Loop", "Parent Relationship": "Outer", "Join Type": "Inner", "Startup Cost": 128691.05, "Total Cost": 196146.55, "Plan Rows": 438, "Plan Width": 24, "Inner Unique": true, "Plans": [{"Node Type": "Aggregate", "Strategy": "Hashed", "Parent Relationship": "Outer", "Startup Cost": 128691.05, "Total Cost": 128884.11, "Plan Rows": 11032, "Plan Width": 16, "Group By Key": ["public.lineitem.l_partkey"], "Plans": [{"Node Type": "Nested Loop", "Parent Relationship": "Outer", "Join Type": "Inner", "Startup Cost": 0.0, "Total Cost": 128608.31, "Plan Rows": 11032, "Plan Width": 16, "Inner Unique": false, "Plans": [{"Node Type": "Seq Scan", "Parent Relationship": "Outer", "Relation Name": "part", "Alias": "part", "Startup Cost": 0.0, "Total Cost": 71944.0, "Plan Rows": 2001, "Plan Width": 8, "Filter": "((p_brand = 'Brand#44'::bpchar) AND (p_container = 'WRAP PKG'::bpchar))"}, {"Node Type": "Index Scan", "Parent Relationship": "Inner", "Scan Direction": "Forward", "Index Name": "idx_lineitem_part_supp", "Relation Name": "lineitem", "Alias": "lineitem", "Startup Cost": 0.0, "Total Cost": 28.26, "Plan Rows": 6, "Plan Width": 16, "Index Cond": "(l_partkey = public.part.p_partkey)"}]}]}, {"Node Type": "Index Scan", "Parent Relationship": "Inner", "Scan Direction": "Forward", "Index Name": "part_kpey", "Relation Name": "part", "Alias": "part", "Startup Cost": 0.0, "Total Cost": 6.08, "Plan Rows": 1, "Plan Width": 8, "Index Cond": "(p_partkey = public.lineitem.l_partkey)", "Filter": "((p_brand = 'Brand#44'::bpchar) AND (p_container = 'WRAP PKG'::bpchar))"}]}, {"Node Type": "Index Scan", "Parent Relationship": "Inner", "Scan Direction": "Forward", "Index Name": "idx_lineitem_part_supp", "Relation Name": "lineitem", "Alias": "lineitem", "Startup Cost": 0.0, "Total Cost": 27.78, "Plan Rows": 2, "Plan Width": 24, "Index Cond": "(l_partkey = public.lineitem.l_partkey)", "Filter": "(l_quantity < (.2::double precision * (avg(public.lineitem.l_quantity))))"}]}]}, "Unique SQL Id": 1080450481}, "explain_analyze_plan": {"Plan": {"Node Type": "Aggregate", "Strategy": "Plain", "Startup Cost": 208324.62, "Total Cost": 208324.63, "Plan Rows": 1, "Plan Width": 16, "Actual Startup Time": 1125.155, "Actual Total Time": 1125.155, "Actual Rows": 1, "Actual Loops": 1, "Plans": [{"Node Type": "Nested Loop", "Parent Relationship": "Outer", "Join Type": "Inner", "Startup Cost": 128691.05, "Total Cost": 208322.6, "Plan Rows": 806, "Plan Width": 8, "Actual Startup Time": 968.471, "Actual Total Time": 1124.094, "Actual Rows": 5403, "Actual Loops": 1, "Inner Unique": false, "Plans": [{"Node Type": "Nested Loop", "Parent Relationship": "Outer", "Join Type": "Inner", "Startup Cost": 128691.05, "Total Cost": 196146.55, "Plan Rows": 438, "Plan Width": 24, "Actual Startup Time": 968.443, "Actual Total Time": 984.459, "Actual Rows": 2003, "Actual Loops": 1, "Inner Unique": true, "Plans": [{"Node Type": "Aggregate", "Strategy": "Hashed", "Parent Relationship": "Outer", "Startup Cost": 128691.05, "Total Cost": 128884.11, "Plan Rows": 11032, "Plan Width": 16, "Actual Startup Time": 968.416, "Actual Total Time": 969.922, "Actual Rows": 2003, "Actual Loops": 1, "Group By Key": ["public.lineitem.l_partkey"], "Plans": [{"Node Type": "Nested Loop", "Parent Relationship": "Outer", "Join Type": "Inner", "Startup Cost": 0.0, "Total Cost": 128608.31, "Plan Rows": 11032, "Plan Width": 16, "Actual Startup Time": 0.373, "Actual Total Time": 927.032, "Actual Rows": 60021, "Actual Loops": 1, "Inner Unique": false, "Plans": [{"Node Type": "Seq Scan", "Parent Relationship": "Outer", "Relation Name": "part", "Alias": "part", "Startup Cost": 0.0, "Total Cost": 71944.0, "Plan Rows": 2001, "Plan Width": 8, "Actual Startup Time": 0.35, "Actual Total Time": 770.343, "Actual Rows": 2003, "Actual Loops": 1, "Filter": "((p_brand = 'Brand#44'::bpchar) AND (p_container = 'WRAP PKG'::bpchar))", "Rows Removed by Filter": 1997997}, {"Node Type": "Index Scan", "Parent Relationship": "Inner", "Scan Direction": "Forward", "Index Name": "idx_lineitem_part_supp", "Relation Name": "lineitem", "Alias": "lineitem", "Startup Cost": 0.0, "Total Cost": 28.26, "Plan Rows": 6, "Plan Width": 16, "Actual Startup Time": 21.245, "Actual Total Time": 142.059, "Actual Rows": 60021, "Actual Loops": 2003, "Index Cond": "(l_partkey = public.part.p_partkey)", "Rows Removed by Index Recheck": 0}]}]}, {"Node Type": "Index Scan", "Parent Relationship": "Inner", "Scan Direction": "Forward", "Index Name": "part_kpey", "Relation Name": "part", "Alias": "part", "Startup Cost": 0.0, "Total Cost": 6.08, "Plan Rows": 1, "Plan Width": 8, "Actual Startup Time": 12.854, "Actual Total Time": 12.854, "Actual Rows": 2003, "Actual Loops": 2003, "Index Cond": "(p_partkey = public.lineitem.l_partkey)", "Rows Removed by Index Recheck": 0, "Filter": "((p_brand = 'Brand#44'::bpchar) AND (p_container = 'WRAP PKG'::bpchar))", "Rows Removed by Filter": 0}]}, {"Node Type": "Index Scan", "Parent Relationship": "Inner", "Scan Direction": "Forward", "Index Name": "idx_lineitem_part_supp", "Relation Name": "lineitem", "Alias": "lineitem", "Startup Cost": 0.0, "Total Cost": 27.78, "Plan Rows": 2, "Plan Width": 24, "Actual Startup Time": 57.238, "Actual Total Time": 137.264, "Actual Rows": 5403, "Actual Loops": 2003, "Index Cond": "(l_partkey = public.lineitem.l_partkey)", "Rows Removed by Index Recheck": 0, "Filter": "(l_quantity < (.2::double precision * (avg(public.lineitem.l_quantity))))", "Rows Removed by Filter": 54618}]}]}, "Triggers": [], "Planner Runtime": 1.327, "Total Runtime": 1125.393, "Unique SQL Id": 1080450481}}, "(1, 1)": {"explain_plan": {"Plan": {"Node Type": "Aggregate", "Strategy": "Plain", "Startup Cost": 247183.87, "Total Cost": 247183.88, "Plan Rows": 1, "Plan Width": 16, "Plans": [{"Node Type": "Nested Loop", "Parent Relationship": "Outer", "Join Type": "Inner", "Startup Cost": 0.0, "Total Cost": 247181.85, "Plan Rows": 806, "Plan Width": 8, "Inner Unique": false, "Plans": [{"Node Type": "Nested Loop", "Parent Relationship": "Outer", "Join Type": "Inner", "Startup Cost": 0.0, "Total Cost": 235005.8, "Plan Rows": 438, "Plan Width": 24, "Inner Unique": true, "Plans": [{"Node Type": "Aggregate", "Strategy": "Sorted", "Parent Relationship": "Outer", "Startup Cost": 0.0, "Total Cost": 167743.36, "Plan Rows": 11032, "Plan Width": 80, "Group By Key": ["public.lineitem.l_partkey"], "Plans": [{"Node Type": "Nested Loop", "Parent Relationship": "Outer", "Join Type": "Inner", "Startup Cost": 0.0, "Total Cost": 167467.56, "Plan Rows": 11032, "Plan Width": 16, "Inner Unique": false, "Plans": [{"Node Type": "Index Scan", "Parent Relationship": "Outer", "Scan Direction": "Forward", "Index Name": "part_kpey", "Relation Name": "part", "Alias": "part", "Startup Cost": 0.0, "Total Cost": 110803.25, "Plan Rows": 2001, "Plan Width": 8, "Filter": "((p_brand = 'Brand#44'::bpchar) AND (p_container = 'WRAP PKG'::bpchar))"}, {"Node Type": "Index Scan", "Parent Relationship": "Inner", "Scan Direction": "Forward", "Index Name": "idx_lineitem_part_supp", "Relation Name": "lineitem", "Alias": "lineitem", "Startup Cost": 0.0, "Total Cost": 28.26, "Plan Rows": 6, "Plan Width": 16, "Index Cond": "(l_partkey = public.part.p_partkey)"}]}]}, {"Node Type": "Index Scan", "Parent Relationship": "Inner", "Scan Direction": "Forward", "Index Name": "part_kpey", "Relation Name": "part", "Alias": "part", "Startup Cost": 0.0, "Total Cost": 6.08, "Plan Rows": 1, "Plan Width": 8, "Index Cond": "(p_partkey = public.lineitem.l_partkey)", "Filter": "((p_brand = 'Brand#44'::bpchar) AND (p_container = 'WRAP PKG'::bpchar))"}]}, {"Node Type": "Index Scan", "Parent Relationship": "Inner", "Scan Direction": "Forward", "Index Name": "idx_lineitem_part_supp", "Relation Name": "lineitem", "Alias": "lineitem", "Startup Cost": 0.0, "Total Cost": 27.78, "Plan Rows": 2, "Plan Width": 24, "Index Cond": "(l_partkey = public.lineitem.l_partkey)", "Filter": "(l_quantity < (.2::double precision * (avg(public.lineitem.l_quantity))))"}]}]}, "Unique SQL Id": 1080450481}, "explain_analyze_plan": {"Plan": {"Node Type": "Aggregate", "Strategy": "Plain", "Startup Cost": 247183.87, "Total Cost": 247183.88, "Plan Rows": 1, "Plan Width": 16, "Actual Startup Time": 1657.115, "Actual Total Time": 1657.115, "Actual Rows": 1, "Actual Loops": 1, "Plans": [{"Node Type": "Nested Loop", "Parent Relationship": "Outer", "Join Type": "Inner", "Startup Cost": 0.0, "Total Cost": 247181.85, "Plan Rows": 806, "Plan Width": 8, "Actual Startup Time": 1.741, "Actual Total Time": 1655.898, "Actual Rows": 5403, "Actual Loops": 1, "Inner Unique": false, "Plans": [{"Node Type": "Nested Loop", "Parent Relationship": "Outer", "Join Type": "Inner", "Startup Cost": 0.0, "Total Cost": 235005.8, "Plan Rows": 438, "Plan Width": 24, "Actual Startup Time": 1.699, "Actual Total Time": 1576.826, "Actual Rows": 2003, "Actual Loops": 1, "Inner Unique": true, "Plans": [{"Node Type": "Aggregate", "Strategy": "Sorted", "Parent Relationship": "Outer", "Startup Cost": 0.0, "Total Cost": 167743.36, "Plan Rows": 11032, "Plan Width": 80, "Actual Startup Time": 1.686, "Actual Total Time": 1564.989, "Actual Rows": 2003, "Actual Loops": 1, "Group By Key": ["public.lineitem.l_partkey"], "Plans": [{"Node Type": "Nested Loop", "Parent Relationship": "Outer", "Join Type": "Inner", "Startup Cost": 0.0, "Total Cost": 167467.56, "Plan Rows": 11032, "Plan Width": 16, "Actual Startup Time": 0.571, "Actual Total Time": 1531.613, "Actual Rows": 60021, "Actual Loops": 1, "Inner Unique": false, "Plans": [{"Node Type": "Index Scan", "Parent Relationship": "Outer", "Scan Direction": "Forward", "Index Name": "part_kpey", "Relation Name": "part", "Alias": "part", "Startup Cost": 0.0, "Total Cost": 110803.25, "Plan Rows": 2001, "Plan Width": 8, "Actual Startup Time": 0.553, "Actual Total Time": 1347.731, "Actual Rows": 2003, "Actual Loops": 1, "Filter": "((p_brand = 'Brand#44'::bpchar) AND (p_container = 'WRAP PKG'::bpchar))", "Rows Removed by Filter": 1997997}, {"Node Type": "Index Scan", "Parent Relationship": "Inner", "Scan Direction": "Forward", "Index Name": "idx_lineitem_part_supp", "Relation Name": "lineitem", "Alias": "lineitem", "Startup Cost": 0.0, "Total Cost": 28.26, "Plan Rows": 6, "Plan Width": 16, "Actual Startup Time": 23.7, "Actual Total Time": 168.192, "Actual Rows": 60021, "Actual Loops": 2003, "Index Cond": "(l_partkey = public.part.p_partkey)", "Rows Removed by Index Recheck": 0}]}]}, {"Node Type": "Index Scan", "Parent Relationship": "Inner", "Scan Direction": "Forward", "Index Name": "part_kpey", "Relation Name": "part", "Alias": "part", "Startup Cost": 0.0, "Total Cost": 6.08, "Plan Rows": 1, "Plan Width": 8, "Actual Startup Time": 9.266, "Actual Total Time": 9.266, "Actual Rows": 2003, "Actual Loops": 2003, "Index Cond": "(p_partkey = public.lineitem.l_partkey)", "Rows Removed by Index Recheck": 0, "Filter": "((p_brand = 'Brand#44'::bpchar) AND (p_container = 'WRAP PKG'::bpchar))", "Rows Removed by Filter": 0}]}, {"Node Type": "Index Scan", "Parent Relationship": "Inner", "Scan Direction": "Forward", "Index Name": "idx_lineitem_part_supp", "Relation Name": "lineitem", "Alias": "lineitem", "Startup Cost": 0.0, "Total Cost": 27.78, "Plan Rows": 2, "Plan Width": 24, "Actual Startup Time": 33.161, "Actual Total Time": 76.14, "Actual Rows": 5403, "Actual Loops": 2003, "Index Cond": "(l_partkey = public.lineitem.l_partkey)", "Rows Removed by Index Recheck": 0, "Filter": "(l_quantity < (.2::double precision * (avg(public.lineitem.l_quantity))))", "Rows Removed by Filter": 54618}]}]}, "Triggers": [], "Planner Runtime": 1.323, "Total Runtime": 1657.326, "Unique SQL Id": 1080450481}}, "(1, 2)": {"explain_plan": {"Plan": {"Node Type": "Aggregate", "Strategy": "Plain", "Startup Cost": 213754.44, "Total Cost": 213754.45, "Plan Rows": 1, "Plan Width": 16, "Plans": [{"Node Type": "Nested Loop", "Parent Relationship": "Outer", "Join Type": "Inner", "Startup Cost": 129265.51, "Total Cost": 213752.42, "Plan Rows": 806, "Plan Width": 8, "Inner Unique": false, "Plans": [{"Node Type": "Hash Join", "Parent Relationship": "Outer", "Join Type": "Inner", "Startup Cost": 129261.29, "Total Cost": 201352.24, "Plan Rows": 438, "Plan Width": 24, "Inner Unique": true, "Hash Cond": "(public.part.p_partkey = subquery.\"?column?\")", "Plans": [{"Node Type": "Seq Scan", "Parent Relationship": "Outer", "Relation Name": "part", "Alias": "part", "Startup Cost": 0.0, "Total Cost": 71944.0, "Plan Rows": 2001, "Plan Width": 8, "Filter": "((p_brand = 'Brand#44'::bpchar) AND (p_container = 'WRAP PKG'::bpchar))"}, {"Node Type": "Hash", "Parent Relationship": "Inner", "Startup Cost": 129123.39, "Total Cost": 129123.39, "Plan Rows": 11032, "Plan Width": 16, "Plans": [{"Node Type": "Subquery Scan", "Parent Relationship": "Outer", "Alias": "subquery", "Startup Cost": 128820.01, "Total Cost": 129123.39, "Plan Rows": 11032, "Plan Width": 16, "Plans": [{"Node Type": "Aggregate", "Strategy": "Hashed", "Parent Relationship": "Subquery", "Startup Cost": 128820.01, "Total Cost": 129013.07, "Plan Rows": 11032, "Plan Width": 16, "Group By Key": ["public.lineitem.l_partkey"], "Plans": [{"Node Type": "Nested Loop", "Parent Relationship": "Outer", "Join Type": "Inner", "Startup Cost": 4.28, "Total Cost": 128737.27, "Plan Rows": 11032, "Plan Width": 16, "Inner Unique": false, "Plans": [{"Node Type": "Seq Scan", "Parent Relationship": "Outer", "Relation Name": "part", "Alias": "part", "Startup Cost": 0.0, "Total Cost": 71944.0, "Plan Rows": 2001, "Plan Width": 8, "Filter": "((p_brand = 'Brand#44'::bpchar) AND (p_container = 'WRAP PKG'::bpchar))"}, {"Node Type": "Bitmap Heap Scan", "Parent Relationship": "Inner", "Relation Name": "lineitem", "Alias": "lineitem", "Startup Cost": 4.28, "Total Cost": 28.32, "Plan Rows": 6, "Plan Width": 16, "Recheck Cond": "(l_partkey = public.part.p_partkey)", "Plans": [{"Node Type": "Bitmap Index Scan", "Parent Relationship": "Outer", "Index Name": "idx_lineitem_part_supp", "Startup Cost": 0.0, "Total Cost": 4.28, "Plan Rows": 6, "Plan Width": 0, "Index Cond": "(l_partkey = public.part.p_partkey)"}]}]}]}]}]}]}, {"Node Type": "Bitmap Heap Scan", "Parent Relationship": "Inner", "Relation Name": "lineitem", "Alias": "lineitem", "Startup Cost": 4.22, "Total Cost": 28.29, "Plan Rows": 2, "Plan Width": 24, "Recheck Cond": "(l_partkey = subquery.\"?column?\")", "Filter": "(l_quantity < (.2::double precision * subquery.\"?column?\"))", "Plans": [{"Node Type": "Bitmap Index Scan", "Parent Relationship": "Outer", "Index Name": "idx_lineitem_part_supp", "Startup Cost": 0.0, "Total Cost": 4.22, "Plan Rows": 6, "Plan Width": 0, "Index Cond": "(l_partkey = subquery.\"?column?\")"}]}]}]}, "Unique SQL Id": 1080450481}, "explain_analyze_plan": {"Plan": {"Node Type": "Aggregate", "Strategy": "Plain", "Startup Cost": 213754.44, "Total Cost": 213754.45, "Plan Rows": 1, "Plan Width": 16, "Actual Startup Time": 2034.096, "Actual Total Time": 2034.097, "Actual Rows": 1, "Actual Loops": 1, "Plans": [{"Node Type": "Nested Loop", "Parent Relationship": "Outer", "Join Type": "Inner", "Startup Cost": 129265.51, "Total Cost": 213752.42, "Plan Rows": 806, "Plan Width": 8, "Actual Startup Time": 1000.633, "Actual Total Time": 2032.84, "Actual Rows": 5403, "Actual Loops": 1, "Inner Unique": false, "Plans": [{"Node Type": "Hash Join", "Parent Relationship": "Outer", "Join Type": "Inner", "Startup Cost": 129261.29, "Total Cost": 201352.24, "Plan Rows": 438, "Plan Width": 24, "Actual Startup Time": 1000.564, "Actual Total Time": 1805.565, "Actual Rows": 2003, "Actual Loops": 1, "Inner Unique": true, "Hash Cond": "(public.part.p_partkey = subquery.\"?column?\")", "Plans": [{"Node Type": "Seq Scan", "Parent Relationship": "Outer", "Relation Name": "part", "Alias": "part", "Startup Cost": 0.0, "Total Cost": 71944.0, "Plan Rows": 2001, "Plan Width": 8, "Actual Startup Time": 0.374, "Actual Total Time": 802.719, "Actual Rows": 2003, "Actual Loops": 1, "Filter": "((p_brand = 'Brand#44'::bpchar) AND (p_container = 'WRAP PKG'::bpchar))", "Rows Removed by Filter": 1997997}, {"Node Type": "Hash", "Parent Relationship": "Inner", "Startup Cost": 129123.39, "Total Cost": 129123.39, "Plan Rows": 11032, "Plan Width": 16, "Actual Startup Time": 1000.059, "Actual Total Time": 1000.059, "Actual Rows": 2003, "Actual Loops": 1, "Hash Buckets": 32768, "Hash Batches": 1, "Original Hash Batches": 1, "Peak Memory Usage": 94, "Plans": [{"Node Type": "Subquery Scan", "Parent Relationship": "Outer", "Alias": "subquery", "Startup Cost": 128820.01, "Total Cost": 129123.39, "Plan Rows": 11032, "Plan Width": 16, "Actual Startup Time": 998.006, "Actual Total Time": 999.441, "Actual Rows": 2003, "Actual Loops": 1, "Plans": [{"Node Type": "Aggregate", "Strategy": "Hashed", "Parent Relationship": "Subquery", "Startup Cost": 128820.01, "Total Cost": 129013.07, "Plan Rows": 11032, "Plan Width": 16, "Actual Startup Time": 998.004, "Actual Total Time": 999.044, "Actual Rows": 2003, "Actual Loops": 1, "Group By Key": ["public.lineitem.l_partkey"], "Plans": [{"Node Type": "Nested Loop", "Parent Relationship": "Outer", "Join Type": "Inner", "Startup Cost": 4.28, "Total Cost": 128737.27, "Plan Rows": 11032, "Plan Width": 16, "Actual Startup Time": 0.452, "Actual Total Time": 956.649, "Actual Rows": 60021, "Actual Loops": 1, "Inner Unique": false, "Plans": [{"Node Type": "Seq Scan", "Parent Relationship": "Outer", "Relation Name": "part", "Alias": "part", "Startup Cost": 0.0, "Total Cost": 71944.0, "Plan Rows": 2001, "Plan Width": 8, "Actual Startup Time": 0.326, "Actual Total Time": 769.994, "Actual Rows": 2003, "Actual Loops": 1, "Filter": "((p_brand = 'Brand#44'::bpchar) AND (p_container = 'WRAP PKG'::bpchar))", "Rows Removed by Filter": 1997997}, {"Node Type": "Bitmap Heap Scan", "Parent Relationship": "Inner", "Relation Name": "lineitem", "Alias": "lineitem", "Startup Cost": 4.28, "Total Cost": 28.32, "Plan Rows": 6, "Plan Width": 16, "Actual Startup Time": 37.361, "Actual Total Time": 168.811, "Actual Rows": 60021, "Actual Loops": 2003, "Recheck Cond": "(l_partkey = public.part.p_partkey)", "Rows Removed by Index Recheck": 0, "Exact Heap Blocks": 60018, "Lossy Heap Blocks": 60018, "Plans": [{"Node Type": "Bitmap Index Scan", "Parent Relationship": "Outer", "Index Name": "idx_lineitem_part_supp", "Startup Cost": 0.0, "Total Cost": 4.28, "Plan Rows": 6, "Plan Width": 0, "Actual Startup Time": 24.108, "Actual Total Time": 24.108, "Actual Rows": 60021, "Actual Loops": 2003, "Index Cond": "(l_partkey = public.part.p_partkey)"}]}]}]}]}]}]}, {"Node Type": "Bitmap Heap Scan", "Parent Relationship": "Inner", "Relation Name": "lineitem", "Alias": "lineitem", "Startup Cost": 4.22, "Total Cost": 28.29, "Plan Rows": 2, "Plan Width": 24, "Actual Startup Time": 98.408, "Actual Total Time": 221.153, "Actual Rows": 5403, "Actual Loops": 2003, "Recheck Cond": "(l_partkey = subquery.\"?column?\")", "Rows Removed by Index Recheck": 0, "Filter": "(l_quantity < (.2::double precision * subquery.\"?column?\"))", "Rows Removed by Filter": 54618, "Exact Heap Blocks": 60018, "Lossy Heap Blocks": 60018, "Plans": [{"Node Type": "Bitmap Index Scan", "Parent Relationship": "Outer", "Index Name": "idx_lineitem_part_supp", "Startup Cost": 0.0, "Total Cost": 4.22, "Plan Rows": 6, "Plan Width": 0, "Actual Startup Time": 26.977, "Actual Total Time": 26.977, "Actual Rows": 60021, "Actual Loops": 2003, "Index Cond": "(l_partkey = subquery.\"?column?\")"}]}]}]}, "Triggers": [], "Planner Runtime": 1.261, "Total Runtime": 2034.375, "Unique SQL Id": 1080450481}}, "(1, 3)": {"explain_plan": {"Plan": {"Node Type": "Aggregate", "Strategy": "Plain", "Startup Cost": 1001032279502.61, "Total Cost": 1001032279502.62, "Plan Rows": 1, "Plan Width": 16, "Plans": [{"Node Type": "Nested Loop", "Parent Relationship": "Outer", "Join Type": "Inner", "Startup Cost": 10000000004.74, "Total Cost": 1001032279500.6, "Plan Rows": 806, "Plan Width": 8, "Inner Unique": true, "Join Filter": "(public.lineitem.l_partkey = public.part.p_partkey)", "Plans": [{"Node Type": "Nested Loop", "Parent Relationship": "Outer", "Join Type": "Inner", "Startup Cost": 10000000004.48, "Total Cost": 1001032192561.0, "Plan Rows": 20274, "Plan Width": 24, "Inner Unique": false, "Plans": [{"Node Type": "Aggregate", "Strategy": "Sorted", "Parent Relationship": "Outer", "Startup Cost": 10000000000.26, "Total Cost": 1001031880124.59, "Plan Rows": 11032, "Plan Width": 80, "Group By Key": ["public.lineitem.l_partkey"], "Plans": [{"Node Type": "Nested Loop", "Parent Relationship": "Outer", "Join Type": "Semi", "Startup Cost": 10000000000.26, "Total Cost": 1001031879848.79, "Plan Rows": 11032, "Plan Width": 16, "Inner Unique": false, "Plans": [{"Node Type": "Index Scan", "Parent Relationship": "Outer", "Scan Direction": "Forward", "Index Name": "idx_lineitem_part_supp", "Relation Name": "lineitem", "Alias": "lineitem", "Startup Cost": 10000000000.0, "Total Cost": 1000775391319.64, "Plan Rows": 59987033, "Plan Width": 16}, {"Node Type": "Bitmap Heap Scan", "Parent Relationship": "Inner", "Relation Name": "part", "Alias": "part", "Startup Cost": 0.26, "Total Cost": 4.28, "Plan Rows": 1, "Plan Width": 8, "Recheck Cond": "(p_partkey = public.lineitem.l_partkey)", "Filter": "((p_brand = 'Brand#44'::bpchar) AND (p_container = 'WRAP PKG'::bpchar))", "Plans": [{"Node Type": "Bitmap Index Scan", "Parent Relationship": "Outer", "Index Name": "part_kpey", "Startup Cost": 0.0, "Total Cost": 0.26, "Plan Rows": 1, "Plan Width": 0, "Index Cond": "(p_partkey = public.lineitem.l_partkey)"}]}]}]}, {"Node Type": "Bitmap Heap Scan", "Parent Relationship": "Inner", "Relation Name": "lineitem", "Alias": "lineitem", "Startup Cost": 4.22, "Total Cost": 28.29, "Plan Rows": 2, "Plan Width": 24, "Recheck Cond": "(l_partkey = public.lineitem.l_partkey)", "Filter": "(l_quantity < (.2::double precision * (avg(public.lineitem.l_quantity))))", "Plans": [{"Node Type": "Bitmap Index Scan", "Parent Relationship": "Outer", "Index Name": "idx_lineitem_part_supp", "Startup Cost": 0.0, "Total Cost": 4.22, "Plan Rows": 6, "Plan Width": 0, "Index Cond": "(l_partkey = public.lineitem.l_partkey)"}]}]}, {"Node Type": "Bitmap Heap Scan", "Parent Relationship": "Inner", "Relation Name": "part", "Alias": "part", "Startup Cost": 0.26, "Total Cost": 4.28, "Plan Rows": 1, "Plan Width": 8, "Recheck Cond": "(p_partkey = public.lineitem.l_partkey)", "Filter": "((p_brand = 'Brand#44'::bpchar) AND (p_container = 'WRAP PKG'::bpchar))", "Plans": [{"Node Type": "Bitmap Index Scan", "Parent Relationship": "Outer", "Index Name": "part_kpey", "Startup Cost": 0.0, "Total Cost": 0.26, "Plan Rows": 1, "Plan Width": 0, "Index Cond": "(p_partkey = public.lineitem.l_partkey)"}]}]}]}, "Unique SQL Id": 1080450481}, "explain_analyze_plan": null}, "(1, 4)": {"explain_plan": {"Plan": {"Node Type": "Aggregate", "Strategy": "Plain", "Startup Cost": 208324.62, "Total Cost": 208324.63, "Plan Rows": 1, "Plan Width": 16, "Plans": [{"Node Type": "Nested Loop", "Parent Relationship": "Outer", "Join Type": "Inner", "Startup Cost": 128691.05, "Total Cost": 208322.6, "Plan Rows": 806, "Plan Width": 8, "Inner Unique": false, "Plans": [{"Node Type": "Nested Loop", "Parent Relationship": "Outer", "Join Type": "Inner", "Startup Cost": 128691.05, "Total Cost": 196146.55, "Plan Rows": 438, "Plan Width": 24, "Inner Unique": true, "Plans": [{"Node Type": "Aggregate", "Strategy": "Hashed", "Parent Relationship": "Outer", "Startup Cost": 128691.05, "Total Cost": 128884.11, "Plan Rows": 11032, "Plan Width": 16, "Group By Key": ["public.lineitem.l_partkey"], "Plans": [{"Node Type": "Nested Loop", "Parent Relationship": "Outer", "Join Type": "Inner", "Startup Cost": 0.0, "Total Cost": 128608.31, "Plan Rows": 11032, "Plan Width": 16, "Inner Unique": false, "Plans": [{"Node Type": "Seq Scan", "Parent Relationship": "Outer", "Relation Name": "part", "Alias": "part", "Startup Cost": 0.0, "Total Cost": 71944.0, "Plan Rows": 2001, "Plan Width": 8, "Filter": "((p_brand = 'Brand#44'::bpchar) AND (p_container = 'WRAP PKG'::bpchar))"}, {"Node Type": "Index Scan", "Parent Relationship": "Inner", "Scan Direction": "Forward", "Index Name": "idx_lineitem_part_supp", "Relation Name": "lineitem", "Alias": "lineitem", "Startup Cost": 0.0, "Total Cost": 28.26, "Plan Rows": 6, "Plan Width": 16, "Index Cond": "(l_partkey = public.part.p_partkey)"}]}]}, {"Node Type": "Index Scan", "Parent Relationship": "Inner", "Scan Direction": "Forward", "Index Name": "part_kpey", "Relation Name": "part", "Alias": "part", "Startup Cost": 0.0, "Total Cost": 6.08, "Plan Rows": 1, "Plan Width": 8, "Index Cond": "(p_partkey = public.lineitem.l_partkey)", "Filter": "((p_brand = 'Brand#44'::bpchar) AND (p_container = 'WRAP PKG'::bpchar))"}]}, {"Node Type": "Index Scan", "Parent Relationship": "Inner", "Scan Direction": "Forward", "Index Name": "idx_lineitem_part_supp", "Relation Name": "lineitem", "Alias": "lineitem", "Startup Cost": 0.0, "Total Cost": 27.78, "Plan Rows": 2, "Plan Width": 24, "Index Cond": "(l_partkey = public.lineitem.l_partkey)", "Filter": "(l_quantity < (.2::double precision * (avg(public.lineitem.l_quantity))))"}]}]}, "Unique SQL Id": 1080450481}, "explain_analyze_plan": {"Plan": {"Node Type": "Aggregate", "Strategy": "Plain", "Startup Cost": 208324.62, "Total Cost": 208324.63, "Plan Rows": 1, "Plan Width": 16, "Actual Startup Time": 1125.155, "Actual Total Time": 1125.155, "Actual Rows": 1, "Actual Loops": 1, "Plans": [{"Node Type": "Nested Loop", "Parent Relationship": "Outer", "Join Type": "Inner", "Startup Cost": 128691.05, "Total Cost": 208322.6, "Plan Rows": 806, "Plan Width": 8, "Actual Startup Time": 968.471, "Actual Total Time": 1124.094, "Actual Rows": 5403, "Actual Loops": 1, "Inner Unique": false, "Plans": [{"Node Type": "Nested Loop", "Parent Relationship": "Outer", "Join Type": "Inner", "Startup Cost": 128691.05, "Total Cost": 196146.55, "Plan Rows": 438, "Plan Width": 24, "Actual Startup Time": 968.443, "Actual Total Time": 984.459, "Actual Rows": 2003, "Actual Loops": 1, "Inner Unique": true, "Plans": [{"Node Type": "Aggregate", "Strategy": "Hashed", "Parent Relationship": "Outer", "Startup Cost": 128691.05, "Total Cost": 128884.11, "Plan Rows": 11032, "Plan Width": 16, "Actual Startup Time": 968.416, "Actual Total Time": 969.922, "Actual Rows": 2003, "Actual Loops": 1, "Group By Key": ["public.lineitem.l_partkey"], "Plans": [{"Node Type": "Nested Loop", "Parent Relationship": "Outer", "Join Type": "Inner", "Startup Cost": 0.0, "Total Cost": 128608.31, "Plan Rows": 11032, "Plan Width": 16, "Actual Startup Time": 0.373, "Actual Total Time": 927.032, "Actual Rows": 60021, "Actual Loops": 1, "Inner Unique": false, "Plans": [{"Node Type": "Seq Scan", "Parent Relationship": "Outer", "Relation Name": "part", "Alias": "part", "Startup Cost": 0.0, "Total Cost": 71944.0, "Plan Rows": 2001, "Plan Width": 8, "Actual Startup Time": 0.35, "Actual Total Time": 770.343, "Actual Rows": 2003, "Actual Loops": 1, "Filter": "((p_brand = 'Brand#44'::bpchar) AND (p_container = 'WRAP PKG'::bpchar))", "Rows Removed by Filter": 1997997}, {"Node Type": "Index Scan", "Parent Relationship": "Inner", "Scan Direction": "Forward", "Index Name": "idx_lineitem_part_supp", "Relation Name": "lineitem", "Alias": "lineitem", "Startup Cost": 0.0, "Total Cost": 28.26, "Plan Rows": 6, "Plan Width": 16, "Actual Startup Time": 21.245, "Actual Total Time": 142.059, "Actual Rows": 60021, "Actual Loops": 2003, "Index Cond": "(l_partkey = public.part.p_partkey)", "Rows Removed by Index Recheck": 0}]}]}, {"Node Type": "Index Scan", "Parent Relationship": "Inner", "Scan Direction": "Forward", "Index Name": "part_kpey", "Relation Name": "part", "Alias": "part", "Startup Cost": 0.0, "Total Cost": 6.08, "Plan Rows": 1, "Plan Width": 8, "Actual Startup Time": 12.854, "Actual Total Time": 12.854, "Actual Rows": 2003, "Actual Loops": 2003, "Index Cond": "(p_partkey = public.lineitem.l_partkey)", "Rows Removed by Index Recheck": 0, "Filter": "((p_brand = 'Brand#44'::bpchar) AND (p_container = 'WRAP PKG'::bpchar))", "Rows Removed by Filter": 0}]}, {"Node Type": "Index Scan", "Parent Relationship": "Inner", "Scan Direction": "Forward", "Index Name": "idx_lineitem_part_supp", "Relation Name": "lineitem", "Alias": "lineitem", "Startup Cost": 0.0, "Total Cost": 27.78, "Plan Rows": 2, "Plan Width": 24, "Actual Startup Time": 57.238, "Actual Total Time": 137.264, "Actual Rows": 5403, "Actual Loops": 2003, "Index Cond": "(l_partkey = public.lineitem.l_partkey)", "Rows Removed by Index Recheck": 0, "Filter": "(l_quantity < (.2::double precision * (avg(public.lineitem.l_quantity))))", "Rows Removed by Filter": 54618}]}]}, "Triggers": [], "Planner Runtime": 1.327, "Total Runtime": 1125.393, "Unique SQL Id": 1080450481}}, "(1, 5)": {"explain_plan": {"Plan": {"Node Type": "Aggregate", "Strategy": "Plain", "Startup Cost": 247183.87, "Total Cost": 247183.88, "Plan Rows": 1, "Plan Width": 16, "Plans": [{"Node Type": "Nested Loop", "Parent Relationship": "Outer", "Join Type": "Inner", "Startup Cost": 0.0, "Total Cost": 247181.85, "Plan Rows": 806, "Plan Width": 8, "Inner Unique": false, "Plans": [{"Node Type": "Nested Loop", "Parent Relationship": "Outer", "Join Type": "Inner", "Startup Cost": 0.0, "Total Cost": 235005.8, "Plan Rows": 438, "Plan Width": 24, "Inner Unique": true, "Plans": [{"Node Type": "Aggregate", "Strategy": "Sorted", "Parent Relationship": "Outer", "Startup Cost": 0.0, "Total Cost": 167743.36, "Plan Rows": 11032, "Plan Width": 80, "Group By Key": ["public.lineitem.l_partkey"], "Plans": [{"Node Type": "Nested Loop", "Parent Relationship": "Outer", "Join Type": "Inner", "Startup Cost": 0.0, "Total Cost": 167467.56, "Plan Rows": 11032, "Plan Width": 16, "Inner Unique": false, "Plans": [{"Node Type": "Index Scan", "Parent Relationship": "Outer", "Scan Direction": "Forward", "Index Name": "part_kpey", "Relation Name": "part", "Alias": "part", "Startup Cost": 0.0, "Total Cost": 110803.25, "Plan Rows": 2001, "Plan Width": 8, "Filter": "((p_brand = 'Brand#44'::bpchar) AND (p_container = 'WRAP PKG'::bpchar))"}, {"Node Type": "Index Scan", "Parent Relationship": "Inner", "Scan Direction": "Forward", "Index Name": "idx_lineitem_part_supp", "Relation Name": "lineitem", "Alias": "lineitem", "Startup Cost": 0.0, "Total Cost": 28.26, "Plan Rows": 6, "Plan Width": 16, "Index Cond": "(l_partkey = public.part.p_partkey)"}]}]}, {"Node Type": "Index Scan", "Parent Relationship": "Inner", "Scan Direction": "Forward", "Index Name": "part_kpey", "Relation Name": "part", "Alias": "part", "Startup Cost": 0.0, "Total Cost": 6.08, "Plan Rows": 1, "Plan Width": 8, "Index Cond": "(p_partkey = public.lineitem.l_partkey)", "Filter": "((p_brand = 'Brand#44'::bpchar) AND (p_container = 'WRAP PKG'::bpchar))"}]}, {"Node Type": "Index Scan", "Parent Relationship": "Inner", "Scan Direction": "Forward", "Index Name": "idx_lineitem_part_supp", "Relation Name": "lineitem", "Alias": "lineitem", "Startup Cost": 0.0, "Total Cost": 27.78, "Plan Rows": 2, "Plan Width": 24, "Index Cond": "(l_partkey = public.lineitem.l_partkey)", "Filter": "(l_quantity < (.2::double precision * (avg(public.lineitem.l_quantity))))"}]}]}, "Unique SQL Id": 1080450481}, "explain_analyze_plan": {"Plan": {"Node Type": "Aggregate", "Strategy": "Plain", "Startup Cost": 247183.87, "Total Cost": 247183.88, "Plan Rows": 1, "Plan Width": 16, "Actual Startup Time": 1657.115, "Actual Total Time": 1657.115, "Actual Rows": 1, "Actual Loops": 1, "Plans": [{"Node Type": "Nested Loop", "Parent Relationship": "Outer", "Join Type": "Inner", "Startup Cost": 0.0, "Total Cost": 247181.85, "Plan Rows": 806, "Plan Width": 8, "Actual Startup Time": 1.741, "Actual Total Time": 1655.898, "Actual Rows": 5403, "Actual Loops": 1, "Inner Unique": false, "Plans": [{"Node Type": "Nested Loop", "Parent Relationship": "Outer", "Join Type": "Inner", "Startup Cost": 0.0, "Total Cost": 235005.8, "Plan Rows": 438, "Plan Width": 24, "Actual Startup Time": 1.699, "Actual Total Time": 1576.826, "Actual Rows": 2003, "Actual Loops": 1, "Inner Unique": true, "Plans": [{"Node Type": "Aggregate", "Strategy": "Sorted", "Parent Relationship": "Outer", "Startup Cost": 0.0, "Total Cost": 167743.36, "Plan Rows": 11032, "Plan Width": 80, "Actual Startup Time": 1.686, "Actual Total Time": 1564.989, "Actual Rows": 2003, "Actual Loops": 1, "Group By Key": ["public.lineitem.l_partkey"], "Plans": [{"Node Type": "Nested Loop", "Parent Relationship": "Outer", "Join Type": "Inner", "Startup Cost": 0.0, "Total Cost": 167467.56, "Plan Rows": 11032, "Plan Width": 16, "Actual Startup Time": 0.571, "Actual Total Time": 1531.613, "Actual Rows": 60021, "Actual Loops": 1, "Inner Unique": false, "Plans": [{"Node Type": "Index Scan", "Parent Relationship": "Outer", "Scan Direction": "Forward", "Index Name": "part_kpey", "Relation Name": "part", "Alias": "part", "Startup Cost": 0.0, "Total Cost": 110803.25, "Plan Rows": 2001, "Plan Width": 8, "Actual Startup Time": 0.553, "Actual Total Time": 1347.731, "Actual Rows": 2003, "Actual Loops": 1, "Filter": "((p_brand = 'Brand#44'::bpchar) AND (p_container = 'WRAP PKG'::bpchar))", "Rows Removed by Filter": 1997997}, {"Node Type": "Index Scan", "Parent Relationship": "Inner", "Scan Direction": "Forward", "Index Name": "idx_lineitem_part_supp", "Relation Name": "lineitem", "Alias": "lineitem", "Startup Cost": 0.0, "Total Cost": 28.26, "Plan Rows": 6, "Plan Width": 16, "Actual Startup Time": 23.7, "Actual Total Time": 168.192, "Actual Rows": 60021, "Actual Loops": 2003, "Index Cond": "(l_partkey = public.part.p_partkey)", "Rows Removed by Index Recheck": 0}]}]}, {"Node Type": "Index Scan", "Parent Relationship": "Inner", "Scan Direction": "Forward", "Index Name": "part_kpey", "Relation Name": "part", "Alias": "part", "Startup Cost": 0.0, "Total Cost": 6.08, "Plan Rows": 1, "Plan Width": 8, "Actual Startup Time": 9.266, "Actual Total Time": 9.266, "Actual Rows": 2003, "Actual Loops": 2003, "Index Cond": "(p_partkey = public.lineitem.l_partkey)", "Rows Removed by Index Recheck": 0, "Filter": "((p_brand = 'Brand#44'::bpchar) AND (p_container = 'WRAP PKG'::bpchar))", "Rows Removed by Filter": 0}]}, {"Node Type": "Index Scan", "Parent Relationship": "Inner", "Scan Direction": "Forward", "Index Name": "idx_lineitem_part_supp", "Relation Name": "lineitem", "Alias": "lineitem", "Startup Cost": 0.0, "Total Cost": 27.78, "Plan Rows": 2, "Plan Width": 24, "Actual Startup Time": 33.161, "Actual Total Time": 76.14, "Actual Rows": 5403, "Actual Loops": 2003, "Index Cond": "(l_partkey = public.lineitem.l_partkey)", "Rows Removed by Index Recheck": 0, "Filter": "(l_quantity < (.2::double precision * (avg(public.lineitem.l_quantity))))", "Rows Removed by Filter": 54618}]}]}, "Triggers": [], "Planner Runtime": 1.323, "Total Runtime": 1657.326, "Unique SQL Id": 1080450481}}, "(1, 6)": {"explain_plan": {"Plan": {"Node Type": "Aggregate", "Strategy": "Plain", "Startup Cost": 213754.44, "Total Cost": 213754.45, "Plan Rows": 1, "Plan Width": 16, "Plans": [{"Node Type": "Nested Loop", "Parent Relationship": "Outer", "Join Type": "Inner", "Startup Cost": 129265.51, "Total Cost": 213752.42, "Plan Rows": 806, "Plan Width": 8, "Inner Unique": false, "Plans": [{"Node Type": "Hash Join", "Parent Relationship": "Outer", "Join Type": "Inner", "Startup Cost": 129261.29, "Total Cost": 201352.24, "Plan Rows": 438, "Plan Width": 24, "Inner Unique": true, "Hash Cond": "(public.part.p_partkey = subquery.\"?column?\")", "Plans": [{"Node Type": "Seq Scan", "Parent Relationship": "Outer", "Relation Name": "part", "Alias": "part", "Startup Cost": 0.0, "Total Cost": 71944.0, "Plan Rows": 2001, "Plan Width": 8, "Filter": "((p_brand = 'Brand#44'::bpchar) AND (p_container = 'WRAP PKG'::bpchar))"}, {"Node Type": "Hash", "Parent Relationship": "Inner", "Startup Cost": 129123.39, "Total Cost": 129123.39, "Plan Rows": 11032, "Plan Width": 16, "Plans": [{"Node Type": "Subquery Scan", "Parent Relationship": "Outer", "Alias": "subquery", "Startup Cost": 128820.01, "Total Cost": 129123.39, "Plan Rows": 11032, "Plan Width": 16, "Plans": [{"Node Type": "Aggregate", "Strategy": "Hashed", "Parent Relationship": "Subquery", "Startup Cost": 128820.01, "Total Cost": 129013.07, "Plan Rows": 11032, "Plan Width": 16, "Group By Key": ["public.lineitem.l_partkey"], "Plans": [{"Node Type": "Nested Loop", "Parent Relationship": "Outer", "Join Type": "Inner", "Startup Cost": 4.28, "Total Cost": 128737.27, "Plan Rows": 11032, "Plan Width": 16, "Inner Unique": false, "Plans": [{"Node Type": "Seq Scan", "Parent Relationship": "Outer", "Relation Name": "part", "Alias": "part", "Startup Cost": 0.0, "Total Cost": 71944.0, "Plan Rows": 2001, "Plan Width": 8, "Filter": "((p_brand = 'Brand#44'::bpchar) AND (p_container = 'WRAP PKG'::bpchar))"}, {"Node Type": "Bitmap Heap Scan", "Parent Relationship": "Inner", "Relation Name": "lineitem", "Alias": "lineitem", "Startup Cost": 4.28, "Total Cost": 28.32, "Plan Rows": 6, "Plan Width": 16, "Recheck Cond": "(l_partkey = public.part.p_partkey)", "Plans": [{"Node Type": "Bitmap Index Scan", "Parent Relationship": "Outer", "Index Name": "idx_lineitem_part_supp", "Startup Cost": 0.0, "Total Cost": 4.28, "Plan Rows": 6, "Plan Width": 0, "Index Cond": "(l_partkey = public.part.p_partkey)"}]}]}]}]}]}]}, {"Node Type": "Bitmap Heap Scan", "Parent Relationship": "Inner", "Relation Name": "lineitem", "Alias": "lineitem", "Startup Cost": 4.22, "Total Cost": 28.29, "Plan Rows": 2, "Plan Width": 24, "Recheck Cond": "(l_partkey = subquery.\"?column?\")", "Filter": "(l_quantity < (.2::double precision * subquery.\"?column?\"))", "Plans": [{"Node Type": "Bitmap Index Scan", "Parent Relationship": "Outer", "Index Name": "idx_lineitem_part_supp", "Startup Cost": 0.0, "Total Cost": 4.22, "Plan Rows": 6, "Plan Width": 0, "Index Cond": "(l_partkey = subquery.\"?column?\")"}]}]}]}, "Unique SQL Id": 1080450481}, "explain_analyze_plan": {"Plan": {"Node Type": "Aggregate", "Strategy": "Plain", "Startup Cost": 213754.44, "Total Cost": 213754.45, "Plan Rows": 1, "Plan Width": 16, "Actual Startup Time": 2034.096, "Actual Total Time": 2034.097, "Actual Rows": 1, "Actual Loops": 1, "Plans": [{"Node Type": "Nested Loop", "Parent Relationship": "Outer", "Join Type": "Inner", "Startup Cost": 129265.51, "Total Cost": 213752.42, "Plan Rows": 806, "Plan Width": 8, "Actual Startup Time": 1000.633, "Actual Total Time": 2032.84, "Actual Rows": 5403, "Actual Loops": 1, "Inner Unique": false, "Plans": [{"Node Type": "Hash Join", "Parent Relationship": "Outer", "Join Type": "Inner", "Startup Cost": 129261.29, "Total Cost": 201352.24, "Plan Rows": 438, "Plan Width": 24, "Actual Startup Time": 1000.564, "Actual Total Time": 1805.565, "Actual Rows": 2003, "Actual Loops": 1, "Inner Unique": true, "Hash Cond": "(public.part.p_partkey = subquery.\"?column?\")", "Plans": [{"Node Type": "Seq Scan", "Parent Relationship": "Outer", "Relation Name": "part", "Alias": "part", "Startup Cost": 0.0, "Total Cost": 71944.0, "Plan Rows": 2001, "Plan Width": 8, "Actual Startup Time": 0.374, "Actual Total Time": 802.719, "Actual Rows": 2003, "Actual Loops": 1, "Filter": "((p_brand = 'Brand#44'::bpchar) AND (p_container = 'WRAP PKG'::bpchar))", "Rows Removed by Filter": 1997997}, {"Node Type": "Hash", "Parent Relationship": "Inner", "Startup Cost": 129123.39, "Total Cost": 129123.39, "Plan Rows": 11032, "Plan Width": 16, "Actual Startup Time": 1000.059, "Actual Total Time": 1000.059, "Actual Rows": 2003, "Actual Loops": 1, "Hash Buckets": 32768, "Hash Batches": 1, "Original Hash Batches": 1, "Peak Memory Usage": 94, "Plans": [{"Node Type": "Subquery Scan", "Parent Relationship": "Outer", "Alias": "subquery", "Startup Cost": 128820.01, "Total Cost": 129123.39, "Plan Rows": 11032, "Plan Width": 16, "Actual Startup Time": 998.006, "Actual Total Time": 999.441, "Actual Rows": 2003, "Actual Loops": 1, "Plans": [{"Node Type": "Aggregate", "Strategy": "Hashed", "Parent Relationship": "Subquery", "Startup Cost": 128820.01, "Total Cost": 129013.07, "Plan Rows": 11032, "Plan Width": 16, "Actual Startup Time": 998.004, "Actual Total Time": 999.044, "Actual Rows": 2003, "Actual Loops": 1, "Group By Key": ["public.lineitem.l_partkey"], "Plans": [{"Node Type": "Nested Loop", "Parent Relationship": "Outer", "Join Type": "Inner", "Startup Cost": 4.28, "Total Cost": 128737.27, "Plan Rows": 11032, "Plan Width": 16, "Actual Startup Time": 0.452, "Actual Total Time": 956.649, "Actual Rows": 60021, "Actual Loops": 1, "Inner Unique": false, "Plans": [{"Node Type": "Seq Scan", "Parent Relationship": "Outer", "Relation Name": "part", "Alias": "part", "Startup Cost": 0.0, "Total Cost": 71944.0, "Plan Rows": 2001, "Plan Width": 8, "Actual Startup Time": 0.326, "Actual Total Time": 769.994, "Actual Rows": 2003, "Actual Loops": 1, "Filter": "((p_brand = 'Brand#44'::bpchar) AND (p_container = 'WRAP PKG'::bpchar))", "Rows Removed by Filter": 1997997}, {"Node Type": "Bitmap Heap Scan", "Parent Relationship": "Inner", "Relation Name": "lineitem", "Alias": "lineitem", "Startup Cost": 4.28, "Total Cost": 28.32, "Plan Rows": 6, "Plan Width": 16, "Actual Startup Time": 37.361, "Actual Total Time": 168.811, "Actual Rows": 60021, "Actual Loops": 2003, "Recheck Cond": "(l_partkey = public.part.p_partkey)", "Rows Removed by Index Recheck": 0, "Exact Heap Blocks": 60018, "Lossy Heap Blocks": 60018, "Plans": [{"Node Type": "Bitmap Index Scan", "Parent Relationship": "Outer", "Index Name": "idx_lineitem_part_supp", "Startup Cost": 0.0, "Total Cost": 4.28, "Plan Rows": 6, "Plan Width": 0, "Actual Startup Time": 24.108, "Actual Total Time": 24.108, "Actual Rows": 60021, "Actual Loops": 2003, "Index Cond": "(l_partkey = public.part.p_partkey)"}]}]}]}]}]}]}, {"Node Type": "Bitmap Heap Scan", "Parent Relationship": "Inner", "Relation Name": "lineitem", "Alias": "lineitem", "Startup Cost": 4.22, "Total Cost": 28.29, "Plan Rows": 2, "Plan Width": 24, "Actual Startup Time": 98.408, "Actual Total Time": 221.153, "Actual Rows": 5403, "Actual Loops": 2003, "Recheck Cond": "(l_partkey = subquery.\"?column?\")", "Rows Removed by Index Recheck": 0, "Filter": "(l_quantity < (.2::double precision * subquery.\"?column?\"))", "Rows Removed by Filter": 54618, "Exact Heap Blocks": 60018, "Lossy Heap Blocks": 60018, "Plans": [{"Node Type": "Bitmap Index Scan", "Parent Relationship": "Outer", "Index Name": "idx_lineitem_part_supp", "Startup Cost": 0.0, "Total Cost": 4.22, "Plan Rows": 6, "Plan Width": 0, "Actual Startup Time": 26.977, "Actual Total Time": 26.977, "Actual Rows": 60021, "Actual Loops": 2003, "Index Cond": "(l_partkey = subquery.\"?column?\")"}]}]}]}, "Triggers": [], "Planner Runtime": 1.261, "Total Runtime": 2034.375, "Unique SQL Id": 1080450481}}, "(1, 7)": {"explain_plan": {"Plan": {"Node Type": "Aggregate", "Strategy": "Plain", "Startup Cost": 1001032279502.61, "Total Cost": 1001032279502.62, "Plan Rows": 1, "Plan Width": 16, "Plans": [{"Node Type": "Nested Loop", "Parent Relationship": "Outer", "Join Type": "Inner", "Startup Cost": 10000000004.74, "Total Cost": 1001032279500.6, "Plan Rows": 806, "Plan Width": 8, "Inner Unique": true, "Join Filter": "(public.lineitem.l_partkey = public.part.p_partkey)", "Plans": [{"Node Type": "Nested Loop", "Parent Relationship": "Outer", "Join Type": "Inner", "Startup Cost": 10000000004.48, "Total Cost": 1001032192561.0, "Plan Rows": 20274, "Plan Width": 24, "Inner Unique": false, "Plans": [{"Node Type": "Aggregate", "Strategy": "Sorted", "Parent Relationship": "Outer", "Startup Cost": 10000000000.26, "Total Cost": 1001031880124.59, "Plan Rows": 11032, "Plan Width": 80, "Group By Key": ["public.lineitem.l_partkey"], "Plans": [{"Node Type": "Nested Loop", "Parent Relationship": "Outer", "Join Type": "Semi", "Startup Cost": 10000000000.26, "Total Cost": 1001031879848.79, "Plan Rows": 11032, "Plan Width": 16, "Inner Unique": false, "Plans": [{"Node Type": "Index Scan", "Parent Relationship": "Outer", "Scan Direction": "Forward", "Index Name": "idx_lineitem_part_supp", "Relation Name": "lineitem", "Alias": "lineitem", "Startup Cost": 10000000000.0, "Total Cost": 1000775391319.64, "Plan Rows": 59987033, "Plan Width": 16}, {"Node Type": "Bitmap Heap Scan", "Parent Relationship": "Inner", "Relation Name": "part", "Alias": "part", "Startup Cost": 0.26, "Total Cost": 4.28, "Plan Rows": 1, "Plan Width": 8, "Recheck Cond": "(p_partkey = public.lineitem.l_partkey)", "Filter": "((p_brand = 'Brand#44'::bpchar) AND (p_container = 'WRAP PKG'::bpchar))", "Plans": [{"Node Type": "Bitmap Index Scan", "Parent Relationship": "Outer", "Index Name": "part_kpey", "Startup Cost": 0.0, "Total Cost": 0.26, "Plan Rows": 1, "Plan Width": 0, "Index Cond": "(p_partkey = public.lineitem.l_partkey)"}]}]}]}, {"Node Type": "Bitmap Heap Scan", "Parent Relationship": "Inner", "Relation Name": "lineitem", "Alias": "lineitem", "Startup Cost": 4.22, "Total Cost": 28.29, "Plan Rows": 2, "Plan Width": 24, "Recheck Cond": "(l_partkey = public.lineitem.l_partkey)", "Filter": "(l_quantity < (.2::double precision * (avg(public.lineitem.l_quantity))))", "Plans": [{"Node Type": "Bitmap Index Scan", "Parent Relationship": "Outer", "Index Name": "idx_lineitem_part_supp", "Startup Cost": 0.0, "Total Cost": 4.22, "Plan Rows": 6, "Plan Width": 0, "Index Cond": "(l_partkey = public.lineitem.l_partkey)"}]}]}, {"Node Type": "Bitmap Heap Scan", "Parent Relationship": "Inner", "Relation Name": "part", "Alias": "part", "Startup Cost": 0.26, "Total Cost": 4.28, "Plan Rows": 1, "Plan Width": 8, "Recheck Cond": "(p_partkey = public.lineitem.l_partkey)", "Filter": "((p_brand = 'Brand#44'::bpchar) AND (p_container = 'WRAP PKG'::bpchar))", "Plans": [{"Node Type": "Bitmap Index Scan", "Parent Relationship": "Outer", "Index Name": "part_kpey", "Startup Cost": 0.0, "Total Cost": 0.26, "Plan Rows": 1, "Plan Width": 0, "Index Cond": "(p_partkey = public.lineitem.l_partkey)"}]}]}]}, "Unique SQL Id": 1080450481}, "explain_analyze_plan": null}, "(1, 8)": {"explain_plan": {"Plan": {"Node Type": "Aggregate", "Strategy": "Plain", "Startup Cost": 208324.62, "Total Cost": 208324.63, "Plan Rows": 1, "Plan Width": 16, "Plans": [{"Node Type": "Nested Loop", "Parent Relationship": "Outer", "Join Type": "Inner", "Startup Cost": 128691.05, "Total Cost": 208322.6, "Plan Rows": 806, "Plan Width": 8, "Inner Unique": false, "Plans": [{"Node Type": "Nested Loop", "Parent Relationship": "Outer", "Join Type": "Inner", "Startup Cost": 128691.05, "Total Cost": 196146.55, "Plan Rows": 438, "Plan Width": 24, "Inner Unique": true, "Plans": [{"Node Type": "Aggregate", "Strategy": "Hashed", "Parent Relationship": "Outer", "Startup Cost": 128691.05, "Total Cost": 128884.11, "Plan Rows": 11032, "Plan Width": 16, "Group By Key": ["public.lineitem.l_partkey"], "Plans": [{"Node Type": "Nested Loop", "Parent Relationship": "Outer", "Join Type": "Inner", "Startup Cost": 0.0, "Total Cost": 128608.31, "Plan Rows": 11032, "Plan Width": 16, "Inner Unique": false, "Plans": [{"Node Type": "Seq Scan", "Parent Relationship": "Outer", "Relation Name": "part", "Alias": "part", "Startup Cost": 0.0, "Total Cost": 71944.0, "Plan Rows": 2001, "Plan Width": 8, "Filter": "((p_brand = 'Brand#44'::bpchar) AND (p_container = 'WRAP PKG'::bpchar))"}, {"Node Type": "Index Scan", "Parent Relationship": "Inner", "Scan Direction": "Forward", "Index Name": "idx_lineitem_part_supp", "Relation Name": "lineitem", "Alias": "lineitem", "Startup Cost": 0.0, "Total Cost": 28.26, "Plan Rows": 6, "Plan Width": 16, "Index Cond": "(l_partkey = public.part.p_partkey)"}]}]}, {"Node Type": "Index Scan", "Parent Relationship": "Inner", "Scan Direction": "Forward", "Index Name": "part_kpey", "Relation Name": "part", "Alias": "part", "Startup Cost": 0.0, "Total Cost": 6.08, "Plan Rows": 1, "Plan Width": 8, "Index Cond": "(p_partkey = public.lineitem.l_partkey)", "Filter": "((p_brand = 'Brand#44'::bpchar) AND (p_container = 'WRAP PKG'::bpchar))"}]}, {"Node Type": "Index Scan", "Parent Relationship": "Inner", "Scan Direction": "Forward", "Index Name": "idx_lineitem_part_supp", "Relation Name": "lineitem", "Alias": "lineitem", "Startup Cost": 0.0, "Total Cost": 27.78, "Plan Rows": 2, "Plan Width": 24, "Index Cond": "(l_partkey = public.lineitem.l_partkey)", "Filter": "(l_quantity < (.2::double precision * (avg(public.lineitem.l_quantity))))"}]}]}, "Unique SQL Id": 1080450481}, "explain_analyze_plan": {"Plan": {"Node Type": "Aggregate", "Strategy": "Plain", "Startup Cost": 208324.62, "Total Cost": 208324.63, "Plan Rows": 1, "Plan Width": 16, "Actual Startup Time": 1125.155, "Actual Total Time": 1125.155, "Actual Rows": 1, "Actual Loops": 1, "Plans": [{"Node Type": "Nested Loop", "Parent Relationship": "Outer", "Join Type": "Inner", "Startup Cost": 128691.05, "Total Cost": 208322.6, "Plan Rows": 806, "Plan Width": 8, "Actual Startup Time": 968.471, "Actual Total Time": 1124.094, "Actual Rows": 5403, "Actual Loops": 1, "Inner Unique": false, "Plans": [{"Node Type": "Nested Loop", "Parent Relationship": "Outer", "Join Type": "Inner", "Startup Cost": 128691.05, "Total Cost": 196146.55, "Plan Rows": 438, "Plan Width": 24, "Actual Startup Time": 968.443, "Actual Total Time": 984.459, "Actual Rows": 2003, "Actual Loops": 1, "Inner Unique": true, "Plans": [{"Node Type": "Aggregate", "Strategy": "Hashed", "Parent Relationship": "Outer", "Startup Cost": 128691.05, "Total Cost": 128884.11, "Plan Rows": 11032, "Plan Width": 16, "Actual Startup Time": 968.416, "Actual Total Time": 969.922, "Actual Rows": 2003, "Actual Loops": 1, "Group By Key": ["public.lineitem.l_partkey"], "Plans": [{"Node Type": "Nested Loop", "Parent Relationship": "Outer", "Join Type": "Inner", "Startup Cost": 0.0, "Total Cost": 128608.31, "Plan Rows": 11032, "Plan Width": 16, "Actual Startup Time": 0.373, "Actual Total Time": 927.032, "Actual Rows": 60021, "Actual Loops": 1, "Inner Unique": false, "Plans": [{"Node Type": "Seq Scan", "Parent Relationship": "Outer", "Relation Name": "part", "Alias": "part", "Startup Cost": 0.0, "Total Cost": 71944.0, "Plan Rows": 2001, "Plan Width": 8, "Actual Startup Time": 0.35, "Actual Total Time": 770.343, "Actual Rows": 2003, "Actual Loops": 1, "Filter": "((p_brand = 'Brand#44'::bpchar) AND (p_container = 'WRAP PKG'::bpchar))", "Rows Removed by Filter": 1997997}, {"Node Type": "Index Scan", "Parent Relationship": "Inner", "Scan Direction": "Forward", "Index Name": "idx_lineitem_part_supp", "Relation Name": "lineitem", "Alias": "lineitem", "Startup Cost": 0.0, "Total Cost": 28.26, "Plan Rows": 6, "Plan Width": 16, "Actual Startup Time": 21.245, "Actual Total Time": 142.059, "Actual Rows": 60021, "Actual Loops": 2003, "Index Cond": "(l_partkey = public.part.p_partkey)", "Rows Removed by Index Recheck": 0}]}]}, {"Node Type": "Index Scan", "Parent Relationship": "Inner", "Scan Direction": "Forward", "Index Name": "part_kpey", "Relation Name": "part", "Alias": "part", "Startup Cost": 0.0, "Total Cost": 6.08, "Plan Rows": 1, "Plan Width": 8, "Actual Startup Time": 12.854, "Actual Total Time": 12.854, "Actual Rows": 2003, "Actual Loops": 2003, "Index Cond": "(p_partkey = public.lineitem.l_partkey)", "Rows Removed by Index Recheck": 0, "Filter": "((p_brand = 'Brand#44'::bpchar) AND (p_container = 'WRAP PKG'::bpchar))", "Rows Removed by Filter": 0}]}, {"Node Type": "Index Scan", "Parent Relationship": "Inner", "Scan Direction": "Forward", "Index Name": "idx_lineitem_part_supp", "Relation Name": "lineitem", "Alias": "lineitem", "Startup Cost": 0.0, "Total Cost": 27.78, "Plan Rows": 2, "Plan Width": 24, "Actual Startup Time": 57.238, "Actual Total Time": 137.264, "Actual Rows": 5403, "Actual Loops": 2003, "Index Cond": "(l_partkey = public.lineitem.l_partkey)", "Rows Removed by Index Recheck": 0, "Filter": "(l_quantity < (.2::double precision * (avg(public.lineitem.l_quantity))))", "Rows Removed by Filter": 54618}]}]}, "Triggers": [], "Planner Runtime": 1.327, "Total Runtime": 1125.393, "Unique SQL Id": 1080450481}}, "(1, 9)": {"explain_plan": {"Plan": {"Node Type": "Aggregate", "Strategy": "Plain", "Startup Cost": 247183.87, "Total Cost": 247183.88, "Plan Rows": 1, "Plan Width": 16, "Plans": [{"Node Type": "Nested Loop", "Parent Relationship": "Outer", "Join Type": "Inner", "Startup Cost": 0.0, "Total Cost": 247181.85, "Plan Rows": 806, "Plan Width": 8, "Inner Unique": false, "Plans": [{"Node Type": "Nested Loop", "Parent Relationship": "Outer", "Join Type": "Inner", "Startup Cost": 0.0, "Total Cost": 235005.8, "Plan Rows": 438, "Plan Width": 24, "Inner Unique": true, "Plans": [{"Node Type": "Aggregate", "Strategy": "Sorted", "Parent Relationship": "Outer", "Startup Cost": 0.0, "Total Cost": 167743.36, "Plan Rows": 11032, "Plan Width": 80, "Group By Key": ["public.lineitem.l_partkey"], "Plans": [{"Node Type": "Nested Loop", "Parent Relationship": "Outer", "Join Type": "Inner", "Startup Cost": 0.0, "Total Cost": 167467.56, "Plan Rows": 11032, "Plan Width": 16, "Inner Unique": false, "Plans": [{"Node Type": "Index Scan", "Parent Relationship": "Outer", "Scan Direction": "Forward", "Index Name": "part_kpey", "Relation Name": "part", "Alias": "part", "Startup Cost": 0.0, "Total Cost": 110803.25, "Plan Rows": 2001, "Plan Width": 8, "Filter": "((p_brand = 'Brand#44'::bpchar) AND (p_container = 'WRAP PKG'::bpchar))"}, {"Node Type": "Index Scan", "Parent Relationship": "Inner", "Scan Direction": "Forward", "Index Name": "idx_lineitem_part_supp", "Relation Name": "lineitem", "Alias": "lineitem", "Startup Cost": 0.0, "Total Cost": 28.26, "Plan Rows": 6, "Plan Width": 16, "Index Cond": "(l_partkey = public.part.p_partkey)"}]}]}, {"Node Type": "Index Scan", "Parent Relationship": "Inner", "Scan Direction": "Forward", "Index Name": "part_kpey", "Relation Name": "part", "Alias": "part", "Startup Cost": 0.0, "Total Cost": 6.08, "Plan Rows": 1, "Plan Width": 8, "Index Cond": "(p_partkey = public.lineitem.l_partkey)", "Filter": "((p_brand = 'Brand#44'::bpchar) AND (p_container = 'WRAP PKG'::bpchar))"}]}, {"Node Type": "Index Scan", "Parent Relationship": "Inner", "Scan Direction": "Forward", "Index Name": "idx_lineitem_part_supp", "Relation Name": "lineitem", "Alias": "lineitem", "Startup Cost": 0.0, "Total Cost": 27.78, "Plan Rows": 2, "Plan Width": 24, "Index Cond": "(l_partkey = public.lineitem.l_partkey)", "Filter": "(l_quantity < (.2::double precision * (avg(public.lineitem.l_quantity))))"}]}]}, "Unique SQL Id": 1080450481}, "explain_analyze_plan": {"Plan": {"Node Type": "Aggregate", "Strategy": "Plain", "Startup Cost": 247183.87, "Total Cost": 247183.88, "Plan Rows": 1, "Plan Width": 16, "Actual Startup Time": 1657.115, "Actual Total Time": 1657.115, "Actual Rows": 1, "Actual Loops": 1, "Plans": [{"Node Type": "Nested Loop", "Parent Relationship": "Outer", "Join Type": "Inner", "Startup Cost": 0.0, "Total Cost": 247181.85, "Plan Rows": 806, "Plan Width": 8, "Actual Startup Time": 1.741, "Actual Total Time": 1655.898, "Actual Rows": 5403, "Actual Loops": 1, "Inner Unique": false, "Plans": [{"Node Type": "Nested Loop", "Parent Relationship": "Outer", "Join Type": "Inner", "Startup Cost": 0.0, "Total Cost": 235005.8, "Plan Rows": 438, "Plan Width": 24, "Actual Startup Time": 1.699, "Actual Total Time": 1576.826, "Actual Rows": 2003, "Actual Loops": 1, "Inner Unique": true, "Plans": [{"Node Type": "Aggregate", "Strategy": "Sorted", "Parent Relationship": "Outer", "Startup Cost": 0.0, "Total Cost": 167743.36, "Plan Rows": 11032, "Plan Width": 80, "Actual Startup Time": 1.686, "Actual Total Time": 1564.989, "Actual Rows": 2003, "Actual Loops": 1, "Group By Key": ["public.lineitem.l_partkey"], "Plans": [{"Node Type": "Nested Loop", "Parent Relationship": "Outer", "Join Type": "Inner", "Startup Cost": 0.0, "Total Cost": 167467.56, "Plan Rows": 11032, "Plan Width": 16, "Actual Startup Time": 0.571, "Actual Total Time": 1531.613, "Actual Rows": 60021, "Actual Loops": 1, "Inner Unique": false, "Plans": [{"Node Type": "Index Scan", "Parent Relationship": "Outer", "Scan Direction": "Forward", "Index Name": "part_kpey", "Relation Name": "part", "Alias": "part", "Startup Cost": 0.0, "Total Cost": 110803.25, "Plan Rows": 2001, "Plan Width": 8, "Actual Startup Time": 0.553, "Actual Total Time": 1347.731, "Actual Rows": 2003, "Actual Loops": 1, "Filter": "((p_brand = 'Brand#44'::bpchar) AND (p_container = 'WRAP PKG'::bpchar))", "Rows Removed by Filter": 1997997}, {"Node Type": "Index Scan", "Parent Relationship": "Inner", "Scan Direction": "Forward", "Index Name": "idx_lineitem_part_supp", "Relation Name": "lineitem", "Alias": "lineitem", "Startup Cost": 0.0, "Total Cost": 28.26, "Plan Rows": 6, "Plan Width": 16, "Actual Startup Time": 23.7, "Actual Total Time": 168.192, "Actual Rows": 60021, "Actual Loops": 2003, "Index Cond": "(l_partkey = public.part.p_partkey)", "Rows Removed by Index Recheck": 0}]}]}, {"Node Type": "Index Scan", "Parent Relationship": "Inner", "Scan Direction": "Forward", "Index Name": "part_kpey", "Relation Name": "part", "Alias": "part", "Startup Cost": 0.0, "Total Cost": 6.08, "Plan Rows": 1, "Plan Width": 8, "Actual Startup Time": 9.266, "Actual Total Time": 9.266, "Actual Rows": 2003, "Actual Loops": 2003, "Index Cond": "(p_partkey = public.lineitem.l_partkey)", "Rows Removed by Index Recheck": 0, "Filter": "((p_brand = 'Brand#44'::bpchar) AND (p_container = 'WRAP PKG'::bpchar))", "Rows Removed by Filter": 0}]}, {"Node Type": "Index Scan", "Parent Relationship": "Inner", "Scan Direction": "Forward", "Index Name": "idx_lineitem_part_supp", "Relation Name": "lineitem", "Alias": "lineitem", "Startup Cost": 0.0, "Total Cost": 27.78, "Plan Rows": 2, "Plan Width": 24, "Actual Startup Time": 33.161, "Actual Total Time": 76.14, "Actual Rows": 5403, "Actual Loops": 2003, "Index Cond": "(l_partkey = public.lineitem.l_partkey)", "Rows Removed by Index Recheck": 0, "Filter": "(l_quantity < (.2::double precision * (avg(public.lineitem.l_quantity))))", "Rows Removed by Filter": 54618}]}]}, "Triggers": [], "Planner Runtime": 1.323, "Total Runtime": 1657.326, "Unique SQL Id": 1080450481}}, "(1, 10)": {"explain_plan": {"Plan": {"Node Type": "Aggregate", "Strategy": "Plain", "Startup Cost": 4549973.98, "Total Cost": 4549974.0, "Plan Rows": 1, "Plan Width": 16, "Plans": [{"Node Type": "Hash Join", "Parent Relationship": "Outer", "Join Type": "Inner", "Startup Cost": 2309655.28, "Total Cost": 4549971.97, "Plan Rows": 806, "Plan Width": 8, "Inner Unique": true, "Hash Cond": "(public.part.p_partkey = subquery.\"?column?\")", "Join Filter": "(public.lineitem.l_quantity < (.2::double precision * subquery.\"?column?\"))", "Plans": [{"Node Type": "Hash Join", "Parent Relationship": "Outer", "Join Type": "Inner", "Startup Cost": 71969.01, "Total Cost": 2312146.04, "Plan Rows": 11032, "Plan Width": 32, "Inner Unique": true, "Hash Cond": "(public.lineitem.l_partkey = public.part.p_partkey)", "Plans": [{"Node Type": "Seq Scan", "Parent Relationship": "Outer", "Relation Name": "lineitem", "Alias": "lineitem", "Startup Cost": 0.0, "Total Cost": 2015115.33, "Plan Rows": 59987033, "Plan Width": 24}, {"Node Type": "Hash", "Parent Relationship": "Inner", "Startup Cost": 71944.0, "Total Cost": 71944.0, "Plan Rows": 2001, "Plan Width": 8, "Plans": [{"Node Type": "Seq Scan", "Parent Relationship": "Outer", "Relation Name": "part", "Alias": "part", "Startup Cost": 0.0, "Total Cost": 71944.0, "Plan Rows": 2001, "Plan Width": 8, "Filter": "((p_brand = 'Brand#44'::bpchar) AND (p_container = 'WRAP PKG'::bpchar))"}]}]}, {"Node Type": "Hash", "Parent Relationship": "Inner", "Startup Cost": 2237548.37, "Total Cost": 2237548.37, "Plan Rows": 11032, "Plan Width": 16, "Plans": [{"Node Type": "Subquery Scan", "Parent Relationship": "Outer", "Alias": "subquery", "Startup Cost": 2237244.99, "Total Cost": 2237548.37, "Plan Rows": 11032, "Plan Width": 16, "Plans": [{"Node Type": "Aggregate", "Strategy": "Hashed", "Parent Relationship": "Subquery", "Startup Cost": 2237244.99, "Total Cost": 2237438.05, "Plan Rows": 11032, "Plan Width": 16, "Group By Key": ["public.lineitem.l_partkey"], "Plans": [{"Node Type": "Hash Join", "Parent Relationship": "Outer", "Join Type": "Inner", "Startup Cost": 71969.01, "Total Cost": 2237162.25, "Plan Rows": 11032, "Plan Width": 16, "Inner Unique": true, "Hash Cond": "(public.lineitem.l_partkey = public.part.p_partkey)", "Plans": [{"Node Type": "Seq Scan", "Parent Relationship": "Outer", "Relation Name": "lineitem", "Alias": "lineitem", "Startup Cost": 0.0, "Total Cost": 2015115.33, "Plan Rows": 59987033, "Plan Width": 16}, {"Node Type": "Hash", "Parent Relationship": "Inner", "Startup Cost": 71944.0, "Total Cost": 71944.0, "Plan Rows": 2001, "Plan Width": 8, "Plans": [{"Node Type": "Seq Scan", "Parent Relationship": "Outer", "Relation Name": "part", "Alias": "part", "Startup Cost": 0.0, "Total Cost": 71944.0, "Plan Rows": 2001, "Plan Width": 8, "Filter": "((p_brand = 'Brand#44'::bpchar) AND (p_container = 'WRAP PKG'::bpchar))"}]}]}]}]}]}]}]}, "Unique SQL Id": 1080450481}, "explain_analyze_plan": null}, "(1, 11)": {"explain_plan": {"Plan": {"Node Type": "Aggregate", "Strategy": "Plain", "Startup Cost": 4001573244062.54, "Total Cost": 4001573244062.55, "Plan Rows": 1, "Plan Width": 16, "Plans": [{"Node Type": "Merge Join", "Parent Relationship": "Outer", "Join Type": "Inner", "Startup Cost": 40000000000.0, "Total Cost": 4001573244060.52, "Plan Rows": 806, "Plan Width": 8, "Inner Unique": true, "Merge Cond": "(public.part.p_partkey = public.lineitem.l_partkey)", "Join Filter": "(public.lineitem.l_quantity < (.2::double precision * (avg(public.lineitem.l_quantity))))", "Plans": [{"Node Type": "Merge Join", "Parent Relationship": "Outer", "Join Type": "Inner", "Startup Cost": 20000000000.0, "Total Cost": 2000786621777.7, "Plan Rows": 11032, "Plan Width": 32, "Inner Unique": true, "Merge Cond": "(public.lineitem.l_partkey = public.part.p_partkey)", "Plans": [{"Node Type": "Index Scan", "Parent Relationship": "Outer", "Scan Direction": "Forward", "Index Name": "idx_lineitem_part_supp", "Relation Name": "lineitem", "Alias": "lineitem", "Startup Cost": 10000000000.0, "Total Cost": 1000775391319.64, "Plan Rows": 59987033, "Plan Width": 24}, {"Node Type": "Materialize", "Parent Relationship": "Inner", "Startup Cost": 10000000000.0, "Total Cost": 1000011080330.0, "Plan Rows": 2001, "Plan Width": 8, "Plans": [{"Node Type": "Index Scan", "Parent Relationship": "Outer", "Scan Direction": "Forward", "Index Name": "part_kpey", "Relation Name": "part", "Alias": "part", "Startup Cost": 10000000000.0, "Total Cost": 1000011080325.0, "Plan Rows": 2001, "Plan Width": 8, "Filter": "((p_brand = 'Brand#44'::bpchar) AND (p_container = 'WRAP PKG'::bpchar))"}]}]}, {"Node Type": "Materialize", "Parent Relationship": "Inner", "Startup Cost": 20000000000.0, "Total Cost": 2000786622191.4, "Plan Rows": 11032, "Plan Width": 16, "Plans": [{"Node Type": "Aggregate", "Strategy": "Sorted", "Parent Relationship": "Outer", "Startup Cost": 20000000000.0, "Total Cost": 2000786622053.5, "Plan Rows": 11032, "Plan Width": 80, "Group By Key": ["public.lineitem.l_partkey"], "Plans": [{"Node Type": "Merge Join", "Parent Relationship": "Outer", "Join Type": "Semi", "Startup Cost": 20000000000.0, "Total Cost": 2000786621777.7, "Plan Rows": 11032, "Plan Width": 16, "Inner Unique": false, "Merge Cond": "(public.lineitem.l_partkey = public.part.p_partkey)", "Plans": [{"Node Type": "Index Scan", "Parent Relationship": "Outer", "Scan Direction": "Forward", "Index Name": "idx_lineitem_part_supp", "Relation Name": "lineitem", "Alias": "lineitem", "Startup Cost": 10000000000.0, "Total Cost": 1000775391319.64, "Plan Rows": 59987033, "Plan Width": 16}, {"Node Type": "Materialize", "Parent Relationship": "Inner", "Startup Cost": 10000000000.0, "Total Cost": 1000011080330.0, "Plan Rows": 2001, "Plan Width": 8, "Plans": [{"Node Type": "Index Scan", "Parent Relationship": "Outer", "Scan Direction": "Forward", "Index Name": "part_kpey", "Relation Name": "part", "Alias": "part", "Startup Cost": 10000000000.0, "Total Cost": 1000011080325.0, "Plan Rows": 2001, "Plan Width": 8, "Filter": "((p_brand = 'Brand#44'::bpchar) AND (p_container = 'WRAP PKG'::bpchar))"}]}]}]}]}]}]}, "Unique SQL Id": 1080450481}, "explain_analyze_plan": null}, "(1, 12)": {"explain_plan": {"Plan": {"Node Type": "Aggregate", "Strategy": "Plain", "Startup Cost": 208324.62, "Total Cost": 208324.63, "Plan Rows": 1, "Plan Width": 16, "Plans": [{"Node Type": "Nested Loop", "Parent Relationship": "Outer", "Join Type": "Inner", "Startup Cost": 128691.05, "Total Cost": 208322.6, "Plan Rows": 806, "Plan Width": 8, "Inner Unique": false, "Plans": [{"Node Type": "Nested Loop", "Parent Relationship": "Outer", "Join Type": "Inner", "Startup Cost": 128691.05, "Total Cost": 196146.55, "Plan Rows": 438, "Plan Width": 24, "Inner Unique": true, "Plans": [{"Node Type": "Aggregate", "Strategy": "Hashed", "Parent Relationship": "Outer", "Startup Cost": 128691.05, "Total Cost": 128884.11, "Plan Rows": 11032, "Plan Width": 16, "Group By Key": ["public.lineitem.l_partkey"], "Plans": [{"Node Type": "Nested Loop", "Parent Relationship": "Outer", "Join Type": "Inner", "Startup Cost": 0.0, "Total Cost": 128608.31, "Plan Rows": 11032, "Plan Width": 16, "Inner Unique": false, "Plans": [{"Node Type": "Seq Scan", "Parent Relationship": "Outer", "Relation Name": "part", "Alias": "part", "Startup Cost": 0.0, "Total Cost": 71944.0, "Plan Rows": 2001, "Plan Width": 8, "Filter": "((p_brand = 'Brand#44'::bpchar) AND (p_container = 'WRAP PKG'::bpchar))"}, {"Node Type": "Index Scan", "Parent Relationship": "Inner", "Scan Direction": "Forward", "Index Name": "idx_lineitem_part_supp", "Relation Name": "lineitem", "Alias": "lineitem", "Startup Cost": 0.0, "Total Cost": 28.26, "Plan Rows": 6, "Plan Width": 16, "Index Cond": "(l_partkey = public.part.p_partkey)"}]}]}, {"Node Type": "Index Scan", "Parent Relationship": "Inner", "Scan Direction": "Forward", "Index Name": "part_kpey", "Relation Name": "part", "Alias": "part", "Startup Cost": 0.0, "Total Cost": 6.08, "Plan Rows": 1, "Plan Width": 8, "Index Cond": "(p_partkey = public.lineitem.l_partkey)", "Filter": "((p_brand = 'Brand#44'::bpchar) AND (p_container = 'WRAP PKG'::bpchar))"}]}, {"Node Type": "Index Scan", "Parent Relationship": "Inner", "Scan Direction": "Forward", "Index Name": "idx_lineitem_part_supp", "Relation Name": "lineitem", "Alias": "lineitem", "Startup Cost": 0.0, "Total Cost": 27.78, "Plan Rows": 2, "Plan Width": 24, "Index Cond": "(l_partkey = public.lineitem.l_partkey)", "Filter": "(l_quantity < (.2::double precision * (avg(public.lineitem.l_quantity))))"}]}]}, "Unique SQL Id": 1080450481}, "explain_analyze_plan": {"Plan": {"Node Type": "Aggregate", "Strategy": "Plain", "Startup Cost": 208324.62, "Total Cost": 208324.63, "Plan Rows": 1, "Plan Width": 16, "Actual Startup Time": 1125.155, "Actual Total Time": 1125.155, "Actual Rows": 1, "Actual Loops": 1, "Plans": [{"Node Type": "Nested Loop", "Parent Relationship": "Outer", "Join Type": "Inner", "Startup Cost": 128691.05, "Total Cost": 208322.6, "Plan Rows": 806, "Plan Width": 8, "Actual Startup Time": 968.471, "Actual Total Time": 1124.094, "Actual Rows": 5403, "Actual Loops": 1, "Inner Unique": false, "Plans": [{"Node Type": "Nested Loop", "Parent Relationship": "Outer", "Join Type": "Inner", "Startup Cost": 128691.05, "Total Cost": 196146.55, "Plan Rows": 438, "Plan Width": 24, "Actual Startup Time": 968.443, "Actual Total Time": 984.459, "Actual Rows": 2003, "Actual Loops": 1, "Inner Unique": true, "Plans": [{"Node Type": "Aggregate", "Strategy": "Hashed", "Parent Relationship": "Outer", "Startup Cost": 128691.05, "Total Cost": 128884.11, "Plan Rows": 11032, "Plan Width": 16, "Actual Startup Time": 968.416, "Actual Total Time": 969.922, "Actual Rows": 2003, "Actual Loops": 1, "Group By Key": ["public.lineitem.l_partkey"], "Plans": [{"Node Type": "Nested Loop", "Parent Relationship": "Outer", "Join Type": "Inner", "Startup Cost": 0.0, "Total Cost": 128608.31, "Plan Rows": 11032, "Plan Width": 16, "Actual Startup Time": 0.373, "Actual Total Time": 927.032, "Actual Rows": 60021, "Actual Loops": 1, "Inner Unique": false, "Plans": [{"Node Type": "Seq Scan", "Parent Relationship": "Outer", "Relation Name": "part", "Alias": "part", "Startup Cost": 0.0, "Total Cost": 71944.0, "Plan Rows": 2001, "Plan Width": 8, "Actual Startup Time": 0.35, "Actual Total Time": 770.343, "Actual Rows": 2003, "Actual Loops": 1, "Filter": "((p_brand = 'Brand#44'::bpchar) AND (p_container = 'WRAP PKG'::bpchar))", "Rows Removed by Filter": 1997997}, {"Node Type": "Index Scan", "Parent Relationship": "Inner", "Scan Direction": "Forward", "Index Name": "idx_lineitem_part_supp", "Relation Name": "lineitem", "Alias": "lineitem", "Startup Cost": 0.0, "Total Cost": 28.26, "Plan Rows": 6, "Plan Width": 16, "Actual Startup Time": 21.245, "Actual Total Time": 142.059, "Actual Rows": 60021, "Actual Loops": 2003, "Index Cond": "(l_partkey = public.part.p_partkey)", "Rows Removed by Index Recheck": 0}]}]}, {"Node Type": "Index Scan", "Parent Relationship": "Inner", "Scan Direction": "Forward", "Index Name": "part_kpey", "Relation Name": "part", "Alias": "part", "Startup Cost": 0.0, "Total Cost": 6.08, "Plan Rows": 1, "Plan Width": 8, "Actual Startup Time": 12.854, "Actual Total Time": 12.854, "Actual Rows": 2003, "Actual Loops": 2003, "Index Cond": "(p_partkey = public.lineitem.l_partkey)", "Rows Removed by Index Recheck": 0, "Filter": "((p_brand = 'Brand#44'::bpchar) AND (p_container = 'WRAP PKG'::bpchar))", "Rows Removed by Filter": 0}]}, {"Node Type": "Index Scan", "Parent Relationship": "Inner", "Scan Direction": "Forward", "Index Name": "idx_lineitem_part_supp", "Relation Name": "lineitem", "Alias": "lineitem", "Startup Cost": 0.0, "Total Cost": 27.78, "Plan Rows": 2, "Plan Width": 24, "Actual Startup Time": 57.238, "Actual Total Time": 137.264, "Actual Rows": 5403, "Actual Loops": 2003, "Index Cond": "(l_partkey = public.lineitem.l_partkey)", "Rows Removed by Index Recheck": 0, "Filter": "(l_quantity < (.2::double precision * (avg(public.lineitem.l_quantity))))", "Rows Removed by Filter": 54618}]}]}, "Triggers": [], "Planner Runtime": 1.327, "Total Runtime": 1125.393, "Unique SQL Id": 1080450481}}, "(1, 13)": {"explain_plan": {"Plan": {"Node Type": "Aggregate", "Strategy": "Plain", "Startup Cost": 247183.87, "Total Cost": 247183.88, "Plan Rows": 1, "Plan Width": 16, "Plans": [{"Node Type": "Nested Loop", "Parent Relationship": "Outer", "Join Type": "Inner", "Startup Cost": 0.0, "Total Cost": 247181.85, "Plan Rows": 806, "Plan Width": 8, "Inner Unique": false, "Plans": [{"Node Type": "Nested Loop", "Parent Relationship": "Outer", "Join Type": "Inner", "Startup Cost": 0.0, "Total Cost": 235005.8, "Plan Rows": 438, "Plan Width": 24, "Inner Unique": true, "Plans": [{"Node Type": "Aggregate", "Strategy": "Sorted", "Parent Relationship": "Outer", "Startup Cost": 0.0, "Total Cost": 167743.36, "Plan Rows": 11032, "Plan Width": 80, "Group By Key": ["public.lineitem.l_partkey"], "Plans": [{"Node Type": "Nested Loop", "Parent Relationship": "Outer", "Join Type": "Inner", "Startup Cost": 0.0, "Total Cost": 167467.56, "Plan Rows": 11032, "Plan Width": 16, "Inner Unique": false, "Plans": [{"Node Type": "Index Scan", "Parent Relationship": "Outer", "Scan Direction": "Forward", "Index Name": "part_kpey", "Relation Name": "part", "Alias": "part", "Startup Cost": 0.0, "Total Cost": 110803.25, "Plan Rows": 2001, "Plan Width": 8, "Filter": "((p_brand = 'Brand#44'::bpchar) AND (p_container = 'WRAP PKG'::bpchar))"}, {"Node Type": "Index Scan", "Parent Relationship": "Inner", "Scan Direction": "Forward", "Index Name": "idx_lineitem_part_supp", "Relation Name": "lineitem", "Alias": "lineitem", "Startup Cost": 0.0, "Total Cost": 28.26, "Plan Rows": 6, "Plan Width": 16, "Index Cond": "(l_partkey = public.part.p_partkey)"}]}]}, {"Node Type": "Index Scan", "Parent Relationship": "Inner", "Scan Direction": "Forward", "Index Name": "part_kpey", "Relation Name": "part", "Alias": "part", "Startup Cost": 0.0, "Total Cost": 6.08, "Plan Rows": 1, "Plan Width": 8, "Index Cond": "(p_partkey = public.lineitem.l_partkey)", "Filter": "((p_brand = 'Brand#44'::bpchar) AND (p_container = 'WRAP PKG'::bpchar))"}]}, {"Node Type": "Index Scan", "Parent Relationship": "Inner", "Scan Direction": "Forward", "Index Name": "idx_lineitem_part_supp", "Relation Name": "lineitem", "Alias": "lineitem", "Startup Cost": 0.0, "Total Cost": 27.78, "Plan Rows": 2, "Plan Width": 24, "Index Cond": "(l_partkey = public.lineitem.l_partkey)", "Filter": "(l_quantity < (.2::double precision * (avg(public.lineitem.l_quantity))))"}]}]}, "Unique SQL Id": 1080450481}, "explain_analyze_plan": {"Plan": {"Node Type": "Aggregate", "Strategy": "Plain", "Startup Cost": 247183.87, "Total Cost": 247183.88, "Plan Rows": 1, "Plan Width": 16, "Actual Startup Time": 1657.115, "Actual Total Time": 1657.115, "Actual Rows": 1, "Actual Loops": 1, "Plans": [{"Node Type": "Nested Loop", "Parent Relationship": "Outer", "Join Type": "Inner", "Startup Cost": 0.0, "Total Cost": 247181.85, "Plan Rows": 806, "Plan Width": 8, "Actual Startup Time": 1.741, "Actual Total Time": 1655.898, "Actual Rows": 5403, "Actual Loops": 1, "Inner Unique": false, "Plans": [{"Node Type": "Nested Loop", "Parent Relationship": "Outer", "Join Type": "Inner", "Startup Cost": 0.0, "Total Cost": 235005.8, "Plan Rows": 438, "Plan Width": 24, "Actual Startup Time": 1.699, "Actual Total Time": 1576.826, "Actual Rows": 2003, "Actual Loops": 1, "Inner Unique": true, "Plans": [{"Node Type": "Aggregate", "Strategy": "Sorted", "Parent Relationship": "Outer", "Startup Cost": 0.0, "Total Cost": 167743.36, "Plan Rows": 11032, "Plan Width": 80, "Actual Startup Time": 1.686, "Actual Total Time": 1564.989, "Actual Rows": 2003, "Actual Loops": 1, "Group By Key": ["public.lineitem.l_partkey"], "Plans": [{"Node Type": "Nested Loop", "Parent Relationship": "Outer", "Join Type": "Inner", "Startup Cost": 0.0, "Total Cost": 167467.56, "Plan Rows": 11032, "Plan Width": 16, "Actual Startup Time": 0.571, "Actual Total Time": 1531.613, "Actual Rows": 60021, "Actual Loops": 1, "Inner Unique": false, "Plans": [{"Node Type": "Index Scan", "Parent Relationship": "Outer", "Scan Direction": "Forward", "Index Name": "part_kpey", "Relation Name": "part", "Alias": "part", "Startup Cost": 0.0, "Total Cost": 110803.25, "Plan Rows": 2001, "Plan Width": 8, "Actual Startup Time": 0.553, "Actual Total Time": 1347.731, "Actual Rows": 2003, "Actual Loops": 1, "Filter": "((p_brand = 'Brand#44'::bpchar) AND (p_container = 'WRAP PKG'::bpchar))", "Rows Removed by Filter": 1997997}, {"Node Type": "Index Scan", "Parent Relationship": "Inner", "Scan Direction": "Forward", "Index Name": "idx_lineitem_part_supp", "Relation Name": "lineitem", "Alias": "lineitem", "Startup Cost": 0.0, "Total Cost": 28.26, "Plan Rows": 6, "Plan Width": 16, "Actual Startup Time": 23.7, "Actual Total Time": 168.192, "Actual Rows": 60021, "Actual Loops": 2003, "Index Cond": "(l_partkey = public.part.p_partkey)", "Rows Removed by Index Recheck": 0}]}]}, {"Node Type": "Index Scan", "Parent Relationship": "Inner", "Scan Direction": "Forward", "Index Name": "part_kpey", "Relation Name": "part", "Alias": "part", "Startup Cost": 0.0, "Total Cost": 6.08, "Plan Rows": 1, "Plan Width": 8, "Actual Startup Time": 9.266, "Actual Total Time": 9.266, "Actual Rows": 2003, "Actual Loops": 2003, "Index Cond": "(p_partkey = public.lineitem.l_partkey)", "Rows Removed by Index Recheck": 0, "Filter": "((p_brand = 'Brand#44'::bpchar) AND (p_container = 'WRAP PKG'::bpchar))", "Rows Removed by Filter": 0}]}, {"Node Type": "Index Scan", "Parent Relationship": "Inner", "Scan Direction": "Forward", "Index Name": "idx_lineitem_part_supp", "Relation Name": "lineitem", "Alias": "lineitem", "Startup Cost": 0.0, "Total Cost": 27.78, "Plan Rows": 2, "Plan Width": 24, "Actual Startup Time": 33.161, "Actual Total Time": 76.14, "Actual Rows": 5403, "Actual Loops": 2003, "Index Cond": "(l_partkey = public.lineitem.l_partkey)", "Rows Removed by Index Recheck": 0, "Filter": "(l_quantity < (.2::double precision * (avg(public.lineitem.l_quantity))))", "Rows Removed by Filter": 54618}]}]}, "Triggers": [], "Planner Runtime": 1.323, "Total Runtime": 1657.326, "Unique SQL Id": 1080450481}}, "(1, 14)": {"explain_plan": {"Plan": {"Node Type": "Aggregate", "Strategy": "Plain", "Startup Cost": 4549973.98, "Total Cost": 4549974.0, "Plan Rows": 1, "Plan Width": 16, "Plans": [{"Node Type": "Hash Join", "Parent Relationship": "Outer", "Join Type": "Inner", "Startup Cost": 2309655.28, "Total Cost": 4549971.97, "Plan Rows": 806, "Plan Width": 8, "Inner Unique": true, "Hash Cond": "(public.part.p_partkey = subquery.\"?column?\")", "Join Filter": "(public.lineitem.l_quantity < (.2::double precision * subquery.\"?column?\"))", "Plans": [{"Node Type": "Hash Join", "Parent Relationship": "Outer", "Join Type": "Inner", "Startup Cost": 71969.01, "Total Cost": 2312146.04, "Plan Rows": 11032, "Plan Width": 32, "Inner Unique": true, "Hash Cond": "(public.lineitem.l_partkey = public.part.p_partkey)", "Plans": [{"Node Type": "Seq Scan", "Parent Relationship": "Outer", "Relation Name": "lineitem", "Alias": "lineitem", "Startup Cost": 0.0, "Total Cost": 2015115.33, "Plan Rows": 59987033, "Plan Width": 24}, {"Node Type": "Hash", "Parent Relationship": "Inner", "Startup Cost": 71944.0, "Total Cost": 71944.0, "Plan Rows": 2001, "Plan Width": 8, "Plans": [{"Node Type": "Seq Scan", "Parent Relationship": "Outer", "Relation Name": "part", "Alias": "part", "Startup Cost": 0.0, "Total Cost": 71944.0, "Plan Rows": 2001, "Plan Width": 8, "Filter": "((p_brand = 'Brand#44'::bpchar) AND (p_container = 'WRAP PKG'::bpchar))"}]}]}, {"Node Type": "Hash", "Parent Relationship": "Inner", "Startup Cost": 2237548.37, "Total Cost": 2237548.37, "Plan Rows": 11032, "Plan Width": 16, "Plans": [{"Node Type": "Subquery Scan", "Parent Relationship": "Outer", "Alias": "subquery", "Startup Cost": 2237244.99, "Total Cost": 2237548.37, "Plan Rows": 11032, "Plan Width": 16, "Plans": [{"Node Type": "Aggregate", "Strategy": "Hashed", "Parent Relationship": "Subquery", "Startup Cost": 2237244.99, "Total Cost": 2237438.05, "Plan Rows": 11032, "Plan Width": 16, "Group By Key": ["public.lineitem.l_partkey"], "Plans": [{"Node Type": "Hash Join", "Parent Relationship": "Outer", "Join Type": "Inner", "Startup Cost": 71969.01, "Total Cost": 2237162.25, "Plan Rows": 11032, "Plan Width": 16, "Inner Unique": true, "Hash Cond": "(public.lineitem.l_partkey = public.part.p_partkey)", "Plans": [{"Node Type": "Seq Scan", "Parent Relationship": "Outer", "Relation Name": "lineitem", "Alias": "lineitem", "Startup Cost": 0.0, "Total Cost": 2015115.33, "Plan Rows": 59987033, "Plan Width": 16}, {"Node Type": "Hash", "Parent Relationship": "Inner", "Startup Cost": 71944.0, "Total Cost": 71944.0, "Plan Rows": 2001, "Plan Width": 8, "Plans": [{"Node Type": "Seq Scan", "Parent Relationship": "Outer", "Relation Name": "part", "Alias": "part", "Startup Cost": 0.0, "Total Cost": 71944.0, "Plan Rows": 2001, "Plan Width": 8, "Filter": "((p_brand = 'Brand#44'::bpchar) AND (p_container = 'WRAP PKG'::bpchar))"}]}]}]}]}]}]}]}, "Unique SQL Id": 1080450481}, "explain_analyze_plan": null}, "(1, 15)": {"explain_plan": {"Plan": {"Node Type": "Aggregate", "Strategy": "Plain", "Startup Cost": 4001573244062.54, "Total Cost": 4001573244062.55, "Plan Rows": 1, "Plan Width": 16, "Plans": [{"Node Type": "Merge Join", "Parent Relationship": "Outer", "Join Type": "Inner", "Startup Cost": 40000000000.0, "Total Cost": 4001573244060.52, "Plan Rows": 806, "Plan Width": 8, "Inner Unique": true, "Merge Cond": "(public.part.p_partkey = public.lineitem.l_partkey)", "Join Filter": "(public.lineitem.l_quantity < (.2::double precision * (avg(public.lineitem.l_quantity))))", "Plans": [{"Node Type": "Merge Join", "Parent Relationship": "Outer", "Join Type": "Inner", "Startup Cost": 20000000000.0, "Total Cost": 2000786621777.7, "Plan Rows": 11032, "Plan Width": 32, "Inner Unique": true, "Merge Cond": "(public.lineitem.l_partkey = public.part.p_partkey)", "Plans": [{"Node Type": "Index Scan", "Parent Relationship": "Outer", "Scan Direction": "Forward", "Index Name": "idx_lineitem_part_supp", "Relation Name": "lineitem", "Alias": "lineitem", "Startup Cost": 10000000000.0, "Total Cost": 1000775391319.64, "Plan Rows": 59987033, "Plan Width": 24}, {"Node Type": "Materialize", "Parent Relationship": "Inner", "Startup Cost": 10000000000.0, "Total Cost": 1000011080330.0, "Plan Rows": 2001, "Plan Width": 8, "Plans": [{"Node Type": "Index Scan", "Parent Relationship": "Outer", "Scan Direction": "Forward", "Index Name": "part_kpey", "Relation Name": "part", "Alias": "part", "Startup Cost": 10000000000.0, "Total Cost": 1000011080325.0, "Plan Rows": 2001, "Plan Width": 8, "Filter": "((p_brand = 'Brand#44'::bpchar) AND (p_container = 'WRAP PKG'::bpchar))"}]}]}, {"Node Type": "Materialize", "Parent Relationship": "Inner", "Startup Cost": 20000000000.0, "Total Cost": 2000786622191.4, "Plan Rows": 11032, "Plan Width": 16, "Plans": [{"Node Type": "Aggregate", "Strategy": "Sorted", "Parent Relationship": "Outer", "Startup Cost": 20000000000.0, "Total Cost": 2000786622053.5, "Plan Rows": 11032, "Plan Width": 80, "Group By Key": ["public.lineitem.l_partkey"], "Plans": [{"Node Type": "Merge Join", "Parent Relationship": "Outer", "Join Type": "Semi", "Startup Cost": 20000000000.0, "Total Cost": 2000786621777.7, "Plan Rows": 11032, "Plan Width": 16, "Inner Unique": false, "Merge Cond": "(public.lineitem.l_partkey = public.part.p_partkey)", "Plans": [{"Node Type": "Index Scan", "Parent Relationship": "Outer", "Scan Direction": "Forward", "Index Name": "idx_lineitem_part_supp", "Relation Name": "lineitem", "Alias": "lineitem", "Startup Cost": 10000000000.0, "Total Cost": 1000775391319.64, "Plan Rows": 59987033, "Plan Width": 16}, {"Node Type": "Materialize", "Parent Relationship": "Inner", "Startup Cost": 10000000000.0, "Total Cost": 1000011080330.0, "Plan Rows": 2001, "Plan Width": 8, "Plans": [{"Node Type": "Index Scan", "Parent Relationship": "Outer", "Scan Direction": "Forward", "Index Name": "part_kpey", "Relation Name": "part", "Alias": "part", "Startup Cost": 10000000000.0, "Total Cost": 1000011080325.0, "Plan Rows": 2001, "Plan Width": 8, "Filter": "((p_brand = 'Brand#44'::bpchar) AND (p_container = 'WRAP PKG'::bpchar))"}]}]}]}]}]}]}, "Unique SQL Id": 1080450481}, "explain_analyze_plan": null}, "(1, 16)": {"explain_plan": {"Plan": {"Node Type": "Aggregate", "Strategy": "Plain", "Startup Cost": 208324.62, "Total Cost": 208324.63, "Plan Rows": 1, "Plan Width": 16, "Plans": [{"Node Type": "Nested Loop", "Parent Relationship": "Outer", "Join Type": "Inner", "Startup Cost": 128691.05, "Total Cost": 208322.6, "Plan Rows": 806, "Plan Width": 8, "Inner Unique": false, "Plans": [{"Node Type": "Nested Loop", "Parent Relationship": "Outer", "Join Type": "Inner", "Startup Cost": 128691.05, "Total Cost": 196146.55, "Plan Rows": 438, "Plan Width": 24, "Inner Unique": true, "Plans": [{"Node Type": "Aggregate", "Strategy": "Hashed", "Parent Relationship": "Outer", "Startup Cost": 128691.05, "Total Cost": 128884.11, "Plan Rows": 11032, "Plan Width": 16, "Group By Key": ["public.lineitem.l_partkey"], "Plans": [{"Node Type": "Nested Loop", "Parent Relationship": "Outer", "Join Type": "Inner", "Startup Cost": 0.0, "Total Cost": 128608.31, "Plan Rows": 11032, "Plan Width": 16, "Inner Unique": false, "Plans": [{"Node Type": "Seq Scan", "Parent Relationship": "Outer", "Relation Name": "part", "Alias": "part", "Startup Cost": 0.0, "Total Cost": 71944.0, "Plan Rows": 2001, "Plan Width": 8, "Filter": "((p_brand = 'Brand#44'::bpchar) AND (p_container = 'WRAP PKG'::bpchar))"}, {"Node Type": "Index Scan", "Parent Relationship": "Inner", "Scan Direction": "Forward", "Index Name": "idx_lineitem_part_supp", "Relation Name": "lineitem", "Alias": "lineitem", "Startup Cost": 0.0, "Total Cost": 28.26, "Plan Rows": 6, "Plan Width": 16, "Index Cond": "(l_partkey = public.part.p_partkey)"}]}]}, {"Node Type": "Index Scan", "Parent Relationship": "Inner", "Scan Direction": "Forward", "Index Name": "part_kpey", "Relation Name": "part", "Alias": "part", "Startup Cost": 0.0, "Total Cost": 6.08, "Plan Rows": 1, "Plan Width": 8, "Index Cond": "(p_partkey = public.lineitem.l_partkey)", "Filter": "((p_brand = 'Brand#44'::bpchar) AND (p_container = 'WRAP PKG'::bpchar))"}]}, {"Node Type": "Index Scan", "Parent Relationship": "Inner", "Scan Direction": "Forward", "Index Name": "idx_lineitem_part_supp", "Relation Name": "lineitem", "Alias": "lineitem", "Startup Cost": 0.0, "Total Cost": 27.78, "Plan Rows": 2, "Plan Width": 24, "Index Cond": "(l_partkey = public.lineitem.l_partkey)", "Filter": "(l_quantity < (.2::double precision * (avg(public.lineitem.l_quantity))))"}]}]}, "Unique SQL Id": 1080450481}, "explain_analyze_plan": {"Plan": {"Node Type": "Aggregate", "Strategy": "Plain", "Startup Cost": 208324.62, "Total Cost": 208324.63, "Plan Rows": 1, "Plan Width": 16, "Actual Startup Time": 1125.155, "Actual Total Time": 1125.155, "Actual Rows": 1, "Actual Loops": 1, "Plans": [{"Node Type": "Nested Loop", "Parent Relationship": "Outer", "Join Type": "Inner", "Startup Cost": 128691.05, "Total Cost": 208322.6, "Plan Rows": 806, "Plan Width": 8, "Actual Startup Time": 968.471, "Actual Total Time": 1124.094, "Actual Rows": 5403, "Actual Loops": 1, "Inner Unique": false, "Plans": [{"Node Type": "Nested Loop", "Parent Relationship": "Outer", "Join Type": "Inner", "Startup Cost": 128691.05, "Total Cost": 196146.55, "Plan Rows": 438, "Plan Width": 24, "Actual Startup Time": 968.443, "Actual Total Time": 984.459, "Actual Rows": 2003, "Actual Loops": 1, "Inner Unique": true, "Plans": [{"Node Type": "Aggregate", "Strategy": "Hashed", "Parent Relationship": "Outer", "Startup Cost": 128691.05, "Total Cost": 128884.11, "Plan Rows": 11032, "Plan Width": 16, "Actual Startup Time": 968.416, "Actual Total Time": 969.922, "Actual Rows": 2003, "Actual Loops": 1, "Group By Key": ["public.lineitem.l_partkey"], "Plans": [{"Node Type": "Nested Loop", "Parent Relationship": "Outer", "Join Type": "Inner", "Startup Cost": 0.0, "Total Cost": 128608.31, "Plan Rows": 11032, "Plan Width": 16, "Actual Startup Time": 0.373, "Actual Total Time": 927.032, "Actual Rows": 60021, "Actual Loops": 1, "Inner Unique": false, "Plans": [{"Node Type": "Seq Scan", "Parent Relationship": "Outer", "Relation Name": "part", "Alias": "part", "Startup Cost": 0.0, "Total Cost": 71944.0, "Plan Rows": 2001, "Plan Width": 8, "Actual Startup Time": 0.35, "Actual Total Time": 770.343, "Actual Rows": 2003, "Actual Loops": 1, "Filter": "((p_brand = 'Brand#44'::bpchar) AND (p_container = 'WRAP PKG'::bpchar))", "Rows Removed by Filter": 1997997}, {"Node Type": "Index Scan", "Parent Relationship": "Inner", "Scan Direction": "Forward", "Index Name": "idx_lineitem_part_supp", "Relation Name": "lineitem", "Alias": "lineitem", "Startup Cost": 0.0, "Total Cost": 28.26, "Plan Rows": 6, "Plan Width": 16, "Actual Startup Time": 21.245, "Actual Total Time": 142.059, "Actual Rows": 60021, "Actual Loops": 2003, "Index Cond": "(l_partkey = public.part.p_partkey)", "Rows Removed by Index Recheck": 0}]}]}, {"Node Type": "Index Scan", "Parent Relationship": "Inner", "Scan Direction": "Forward", "Index Name": "part_kpey", "Relation Name": "part", "Alias": "part", "Startup Cost": 0.0, "Total Cost": 6.08, "Plan Rows": 1, "Plan Width": 8, "Actual Startup Time": 12.854, "Actual Total Time": 12.854, "Actual Rows": 2003, "Actual Loops": 2003, "Index Cond": "(p_partkey = public.lineitem.l_partkey)", "Rows Removed by Index Recheck": 0, "Filter": "((p_brand = 'Brand#44'::bpchar) AND (p_container = 'WRAP PKG'::bpchar))", "Rows Removed by Filter": 0}]}, {"Node Type": "Index Scan", "Parent Relationship": "Inner", "Scan Direction": "Forward", "Index Name": "idx_lineitem_part_supp", "Relation Name": "lineitem", "Alias": "lineitem", "Startup Cost": 0.0, "Total Cost": 27.78, "Plan Rows": 2, "Plan Width": 24, "Actual Startup Time": 57.238, "Actual Total Time": 137.264, "Actual Rows": 5403, "Actual Loops": 2003, "Index Cond": "(l_partkey = public.lineitem.l_partkey)", "Rows Removed by Index Recheck": 0, "Filter": "(l_quantity < (.2::double precision * (avg(public.lineitem.l_quantity))))", "Rows Removed by Filter": 54618}]}]}, "Triggers": [], "Planner Runtime": 1.327, "Total Runtime": 1125.393, "Unique SQL Id": 1080450481}}, "(1, 17)": {"explain_plan": {"Plan": {"Node Type": "Aggregate", "Strategy": "Plain", "Startup Cost": 247183.87, "Total Cost": 247183.88, "Plan Rows": 1, "Plan Width": 16, "Plans": [{"Node Type": "Nested Loop", "Parent Relationship": "Outer", "Join Type": "Inner", "Startup Cost": 0.0, "Total Cost": 247181.85, "Plan Rows": 806, "Plan Width": 8, "Inner Unique": false, "Plans": [{"Node Type": "Nested Loop", "Parent Relationship": "Outer", "Join Type": "Inner", "Startup Cost": 0.0, "Total Cost": 235005.8, "Plan Rows": 438, "Plan Width": 24, "Inner Unique": true, "Plans": [{"Node Type": "Aggregate", "Strategy": "Sorted", "Parent Relationship": "Outer", "Startup Cost": 0.0, "Total Cost": 167743.36, "Plan Rows": 11032, "Plan Width": 80, "Group By Key": ["public.lineitem.l_partkey"], "Plans": [{"Node Type": "Nested Loop", "Parent Relationship": "Outer", "Join Type": "Inner", "Startup Cost": 0.0, "Total Cost": 167467.56, "Plan Rows": 11032, "Plan Width": 16, "Inner Unique": false, "Plans": [{"Node Type": "Index Scan", "Parent Relationship": "Outer", "Scan Direction": "Forward", "Index Name": "part_kpey", "Relation Name": "part", "Alias": "part", "Startup Cost": 0.0, "Total Cost": 110803.25, "Plan Rows": 2001, "Plan Width": 8, "Filter": "((p_brand = 'Brand#44'::bpchar) AND (p_container = 'WRAP PKG'::bpchar))"}, {"Node Type": "Index Scan", "Parent Relationship": "Inner", "Scan Direction": "Forward", "Index Name": "idx_lineitem_part_supp", "Relation Name": "lineitem", "Alias": "lineitem", "Startup Cost": 0.0, "Total Cost": 28.26, "Plan Rows": 6, "Plan Width": 16, "Index Cond": "(l_partkey = public.part.p_partkey)"}]}]}, {"Node Type": "Index Scan", "Parent Relationship": "Inner", "Scan Direction": "Forward", "Index Name": "part_kpey", "Relation Name": "part", "Alias": "part", "Startup Cost": 0.0, "Total Cost": 6.08, "Plan Rows": 1, "Plan Width": 8, "Index Cond": "(p_partkey = public.lineitem.l_partkey)", "Filter": "((p_brand = 'Brand#44'::bpchar) AND (p_container = 'WRAP PKG'::bpchar))"}]}, {"Node Type": "Index Scan", "Parent Relationship": "Inner", "Scan Direction": "Forward", "Index Name": "idx_lineitem_part_supp", "Relation Name": "lineitem", "Alias": "lineitem", "Startup Cost": 0.0, "Total Cost": 27.78, "Plan Rows": 2, "Plan Width": 24, "Index Cond": "(l_partkey = public.lineitem.l_partkey)", "Filter": "(l_quantity < (.2::double precision * (avg(public.lineitem.l_quantity))))"}]}]}, "Unique SQL Id": 1080450481}, "explain_analyze_plan": {"Plan": {"Node Type": "Aggregate", "Strategy": "Plain", "Startup Cost": 247183.87, "Total Cost": 247183.88, "Plan Rows": 1, "Plan Width": 16, "Actual Startup Time": 1657.115, "Actual Total Time": 1657.115, "Actual Rows": 1, "Actual Loops": 1, "Plans": [{"Node Type": "Nested Loop", "Parent Relationship": "Outer", "Join Type": "Inner", "Startup Cost": 0.0, "Total Cost": 247181.85, "Plan Rows": 806, "Plan Width": 8, "Actual Startup Time": 1.741, "Actual Total Time": 1655.898, "Actual Rows": 5403, "Actual Loops": 1, "Inner Unique": false, "Plans": [{"Node Type": "Nested Loop", "Parent Relationship": "Outer", "Join Type": "Inner", "Startup Cost": 0.0, "Total Cost": 235005.8, "Plan Rows": 438, "Plan Width": 24, "Actual Startup Time": 1.699, "Actual Total Time": 1576.826, "Actual Rows": 2003, "Actual Loops": 1, "Inner Unique": true, "Plans": [{"Node Type": "Aggregate", "Strategy": "Sorted", "Parent Relationship": "Outer", "Startup Cost": 0.0, "Total Cost": 167743.36, "Plan Rows": 11032, "Plan Width": 80, "Actual Startup Time": 1.686, "Actual Total Time": 1564.989, "Actual Rows": 2003, "Actual Loops": 1, "Group By Key": ["public.lineitem.l_partkey"], "Plans": [{"Node Type": "Nested Loop", "Parent Relationship": "Outer", "Join Type": "Inner", "Startup Cost": 0.0, "Total Cost": 167467.56, "Plan Rows": 11032, "Plan Width": 16, "Actual Startup Time": 0.571, "Actual Total Time": 1531.613, "Actual Rows": 60021, "Actual Loops": 1, "Inner Unique": false, "Plans": [{"Node Type": "Index Scan", "Parent Relationship": "Outer", "Scan Direction": "Forward", "Index Name": "part_kpey", "Relation Name": "part", "Alias": "part", "Startup Cost": 0.0, "Total Cost": 110803.25, "Plan Rows": 2001, "Plan Width": 8, "Actual Startup Time": 0.553, "Actual Total Time": 1347.731, "Actual Rows": 2003, "Actual Loops": 1, "Filter": "((p_brand = 'Brand#44'::bpchar) AND (p_container = 'WRAP PKG'::bpchar))", "Rows Removed by Filter": 1997997}, {"Node Type": "Index Scan", "Parent Relationship": "Inner", "Scan Direction": "Forward", "Index Name": "idx_lineitem_part_supp", "Relation Name": "lineitem", "Alias": "lineitem", "Startup Cost": 0.0, "Total Cost": 28.26, "Plan Rows": 6, "Plan Width": 16, "Actual Startup Time": 23.7, "Actual Total Time": 168.192, "Actual Rows": 60021, "Actual Loops": 2003, "Index Cond": "(l_partkey = public.part.p_partkey)", "Rows Removed by Index Recheck": 0}]}]}, {"Node Type": "Index Scan", "Parent Relationship": "Inner", "Scan Direction": "Forward", "Index Name": "part_kpey", "Relation Name": "part", "Alias": "part", "Startup Cost": 0.0, "Total Cost": 6.08, "Plan Rows": 1, "Plan Width": 8, "Actual Startup Time": 9.266, "Actual Total Time": 9.266, "Actual Rows": 2003, "Actual Loops": 2003, "Index Cond": "(p_partkey = public.lineitem.l_partkey)", "Rows Removed by Index Recheck": 0, "Filter": "((p_brand = 'Brand#44'::bpchar) AND (p_container = 'WRAP PKG'::bpchar))", "Rows Removed by Filter": 0}]}, {"Node Type": "Index Scan", "Parent Relationship": "Inner", "Scan Direction": "Forward", "Index Name": "idx_lineitem_part_supp", "Relation Name": "lineitem", "Alias": "lineitem", "Startup Cost": 0.0, "Total Cost": 27.78, "Plan Rows": 2, "Plan Width": 24, "Actual Startup Time": 33.161, "Actual Total Time": 76.14, "Actual Rows": 5403, "Actual Loops": 2003, "Index Cond": "(l_partkey = public.lineitem.l_partkey)", "Rows Removed by Index Recheck": 0, "Filter": "(l_quantity < (.2::double precision * (avg(public.lineitem.l_quantity))))", "Rows Removed by Filter": 54618}]}]}, "Triggers": [], "Planner Runtime": 1.323, "Total Runtime": 1657.326, "Unique SQL Id": 1080450481}}, "(1, 18)": {"explain_plan": {"Plan": {"Node Type": "Aggregate", "Strategy": "Plain", "Startup Cost": 213808.47, "Total Cost": 213808.48, "Plan Rows": 1, "Plan Width": 16, "Plans": [{"Node Type": "Nested Loop", "Parent Relationship": "Outer", "Join Type": "Inner", "Startup Cost": 128826.76, "Total Cost": 213806.45, "Plan Rows": 806, "Plan Width": 8, "Inner Unique": false, "Plans": [{"Node Type": "Nested Loop", "Parent Relationship": "Outer", "Join Type": "Inner", "Startup Cost": 128822.53, "Total Cost": 201406.27, "Plan Rows": 438, "Plan Width": 24, "Inner Unique": true, "Plans": [{"Node Type": "Aggregate", "Strategy": "Hashed", "Parent Relationship": "Outer", "Startup Cost": 128820.01, "Total Cost": 129013.07, "Plan Rows": 11032, "Plan Width": 16, "Group By Key": ["public.lineitem.l_partkey"], "Plans": [{"Node Type": "Nested Loop", "Parent Relationship": "Outer", "Join Type": "Inner", "Startup Cost": 4.28, "Total Cost": 128737.27, "Plan Rows": 11032, "Plan Width": 16, "Inner Unique": false, "Plans": [{"Node Type": "Seq Scan", "Parent Relationship": "Outer", "Relation Name": "part", "Alias": "part", "Startup Cost": 0.0, "Total Cost": 71944.0, "Plan Rows": 2001, "Plan Width": 8, "Filter": "((p_brand = 'Brand#44'::bpchar) AND (p_container = 'WRAP PKG'::bpchar))"}, {"Node Type": "Bitmap Heap Scan", "Parent Relationship": "Inner", "Relation Name": "lineitem", "Alias": "lineitem", "Startup Cost": 4.28, "Total Cost": 28.32, "Plan Rows": 6, "Plan Width": 16, "Recheck Cond": "(l_partkey = public.part.p_partkey)", "Plans": [{"Node Type": "Bitmap Index Scan", "Parent Relationship": "Outer", "Index Name": "idx_lineitem_part_supp", "Startup Cost": 0.0, "Total Cost": 4.28, "Plan Rows": 6, "Plan Width": 0, "Index Cond": "(l_partkey = public.part.p_partkey)"}]}]}]}, {"Node Type": "Bitmap Heap Scan", "Parent Relationship": "Inner", "Relation Name": "part", "Alias": "part", "Startup Cost": 2.52, "Total Cost": 6.54, "Plan Rows": 1, "Plan Width": 8, "Recheck Cond": "(p_partkey = public.lineitem.l_partkey)", "Filter": "((p_brand = 'Brand#44'::bpchar) AND (p_container = 'WRAP PKG'::bpchar))", "Plans": [{"Node Type": "Bitmap Index Scan", "Parent Relationship": "Outer", "Index Name": "part_kpey", "Startup Cost": 0.0, "Total Cost": 2.52, "Plan Rows": 1, "Plan Width": 0, "Index Cond": "(p_partkey = public.lineitem.l_partkey)"}]}]}, {"Node Type": "Bitmap Heap Scan", "Parent Relationship": "Inner", "Relation Name": "lineitem", "Alias": "lineitem", "Startup Cost": 4.22, "Total Cost": 28.29, "Plan Rows": 2, "Plan Width": 24, "Recheck Cond": "(l_partkey = public.lineitem.l_partkey)", "Filter": "(l_quantity < (.2::double precision * (avg(public.lineitem.l_quantity))))", "Plans": [{"Node Type": "Bitmap Index Scan", "Parent Relationship": "Outer", "Index Name": "idx_lineitem_part_supp", "Startup Cost": 0.0, "Total Cost": 4.22, "Plan Rows": 6, "Plan Width": 0, "Index Cond": "(l_partkey = public.lineitem.l_partkey)"}]}]}]}, "Unique SQL Id": 1080450481}, "explain_analyze_plan": {"Plan": {"Node Type": "Aggregate", "Strategy": "Plain", "Startup Cost": 213808.47, "Total Cost": 213808.48, "Plan Rows": 1, "Plan Width": 16, "Actual Startup Time": 1332.753, "Actual Total Time": 1332.753, "Actual Rows": 1, "Actual Loops": 1, "Plans": [{"Node Type": "Nested Loop", "Parent Relationship": "Outer", "Join Type": "Inner", "Startup Cost": 128826.76, "Total Cost": 213806.45, "Plan Rows": 806, "Plan Width": 8, "Actual Startup Time": 1119.036, "Actual Total Time": 1331.626, "Actual Rows": 5403, "Actual Loops": 1, "Inner Unique": false, "Plans": [{"Node Type": "Nested Loop", "Parent Relationship": "Outer", "Join Type": "Inner", "Startup Cost": 128822.53, "Total Cost": 201406.27, "Plan Rows": 438, "Plan Width": 24, "Actual Startup Time": 1118.956, "Actual Total Time": 1142.745, "Actual Rows": 2003, "Actual Loops": 1, "Inner Unique": true, "Plans": [{"Node Type": "Aggregate", "Strategy": "Hashed", "Parent Relationship": "Outer", "Startup Cost": 128820.01, "Total Cost": 129013.07, "Plan Rows": 11032, "Plan Width": 16, "Actual Startup Time": 1118.911, "Actual Total Time": 1120.833, "Actual Rows": 2003, "Actual Loops": 1, "Group By Key": ["public.lineitem.l_partkey"], "Plans": [{"Node Type": "Nested Loop", "Parent Relationship": "Outer", "Join Type": "Inner", "Startup Cost": 4.28, "Total Cost": 128737.27, "Plan Rows": 11032, "Plan Width": 16, "Actual Startup Time": 0.412, "Actual Total Time": 1078.48, "Actual Rows": 60021, "Actual Loops": 1, "Inner Unique": false, "Plans": [{"Node Type": "Seq Scan", "Parent Relationship": "Outer", "Relation Name": "part", "Alias": "part", "Startup Cost": 0.0, "Total Cost": 71944.0, "Plan Rows": 2001, "Plan Width": 8, "Actual Startup Time": 0.366, "Actual Total Time": 819.746, "Actual Rows": 2003, "Actual Loops": 1, "Filter": "((p_brand = 'Brand#44'::bpchar) AND (p_container = 'WRAP PKG'::bpchar))", "Rows Removed by Filter": 1997997}, {"Node Type": "Bitmap Heap Scan", "Parent Relationship": "Inner", "Relation Name": "lineitem", "Alias": "lineitem", "Startup Cost": 4.28, "Total Cost": 28.32, "Plan Rows": 6, "Plan Width": 16, "Actual Startup Time": 43.842, "Actual Total Time": 241.092, "Actual Rows": 60021, "Actual Loops": 2003, "Recheck Cond": "(l_partkey = public.part.p_partkey)", "Rows Removed by Index Recheck": 0, "Exact Heap Blocks": 60018, "Lossy Heap Blocks": 60018, "Plans": [{"Node Type": "Bitmap Index Scan", "Parent Relationship": "Outer", "Index Name": "idx_lineitem_part_supp", "Startup Cost": 0.0, "Total Cost": 4.28, "Plan Rows": 6, "Plan Width": 0, "Actual Startup Time": 28.842, "Actual Total Time": 28.842, "Actual Rows": 60021, "Actual Loops": 2003, "Index Cond": "(l_partkey = public.part.p_partkey)"}]}]}]}, {"Node Type": "Bitmap Heap Scan", "Parent Relationship": "Inner", "Relation Name": "part", "Alias": "part", "Startup Cost": 2.52, "Total Cost": 6.54, "Plan Rows": 1, "Plan Width": 8, "Actual Startup Time": 18.403, "Actual Total Time": 18.403, "Actual Rows": 2003, "Actual Loops": 2003, "Recheck Cond": "(p_partkey = public.lineitem.l_partkey)", "Rows Removed by Index Recheck": 0, "Filter": "((p_brand = 'Brand#44'::bpchar) AND (p_container = 'WRAP PKG'::bpchar))", "Rows Removed by Filter": 0, "Exact Heap Blocks": 2003, "Lossy Heap Blocks": 2003, "Plans": [{"Node Type": "Bitmap Index Scan", "Parent Relationship": "Outer", "Index Name": "part_kpey", "Startup Cost": 0.0, "Total Cost": 2.52, "Plan Rows": 1, "Plan Width": 0, "Actual Startup Time": 11.137, "Actual Total Time": 11.137, "Actual Rows": 2003, "Actual Loops": 2003, "Index Cond": "(p_partkey = public.lineitem.l_partkey)"}]}]}, {"Node Type": "Bitmap Heap Scan", "Parent Relationship": "Inner", "Relation Name": "lineitem", "Alias": "lineitem", "Startup Cost": 4.22, "Total Cost": 28.29, "Plan Rows": 2, "Plan Width": 24, "Actual Startup Time": 83.292, "Actual Total Time": 184.714, "Actual Rows": 5403, "Actual Loops": 2003, "Recheck Cond": "(l_partkey = public.lineitem.l_partkey)", "Rows Removed by Index Recheck": 0, "Filter": "(l_quantity < (.2::double precision * (avg(public.lineitem.l_quantity))))", "Rows Removed by Filter": 54618, "Exact Heap Blocks": 60018, "Lossy Heap Blocks": 60018, "Plans": [{"Node Type": "Bitmap Index Scan", "Parent Relationship": "Outer", "Index Name": "idx_lineitem_part_supp", "Startup Cost": 0.0, "Total Cost": 4.22, "Plan Rows": 6, "Plan Width": 0, "Actual Startup Time": 24.575, "Actual Total Time": 24.575, "Actual Rows": 60021, "Actual Loops": 2003, "Index Cond": "(l_partkey = public.lineitem.l_partkey)"}]}]}]}, "Triggers": [], "Planner Runtime": 1.125, "Total Runtime": 1333.115, "Unique SQL Id": 1080450481}}, "(1, 19)": {"explain_plan": {"Plan": {"Node Type": "Aggregate", "Strategy": "Plain", "Startup Cost": 1001032279502.61, "Total Cost": 1001032279502.62, "Plan Rows": 1, "Plan Width": 16, "Plans": [{"Node Type": "Nested Loop", "Parent Relationship": "Outer", "Join Type": "Inner", "Startup Cost": 10000000004.74, "Total Cost": 1001032279500.6, "Plan Rows": 806, "Plan Width": 8, "Inner Unique": true, "Join Filter": "(public.lineitem.l_partkey = public.part.p_partkey)", "Plans": [{"Node Type": "Nested Loop", "Parent Relationship": "Outer", "Join Type": "Inner", "Startup Cost": 10000000004.48, "Total Cost": 1001032192561.0, "Plan Rows": 20274, "Plan Width": 24, "Inner Unique": false, "Plans": [{"Node Type": "Aggregate", "Strategy": "Sorted", "Parent Relationship": "Outer", "Startup Cost": 10000000000.26, "Total Cost": 1001031880124.59, "Plan Rows": 11032, "Plan Width": 80, "Group By Key": ["public.lineitem.l_partkey"], "Plans": [{"Node Type": "Nested Loop", "Parent Relationship": "Outer", "Join Type": "Semi", "Startup Cost": 10000000000.26, "Total Cost": 1001031879848.79, "Plan Rows": 11032, "Plan Width": 16, "Inner Unique": false, "Plans": [{"Node Type": "Index Scan", "Parent Relationship": "Outer", "Scan Direction": "Forward", "Index Name": "idx_lineitem_part_supp", "Relation Name": "lineitem", "Alias": "lineitem", "Startup Cost": 10000000000.0, "Total Cost": 1000775391319.64, "Plan Rows": 59987033, "Plan Width": 16}, {"Node Type": "Bitmap Heap Scan", "Parent Relationship": "Inner", "Relation Name": "part", "Alias": "part", "Startup Cost": 0.26, "Total Cost": 4.28, "Plan Rows": 1, "Plan Width": 8, "Recheck Cond": "(p_partkey = public.lineitem.l_partkey)", "Filter": "((p_brand = 'Brand#44'::bpchar) AND (p_container = 'WRAP PKG'::bpchar))", "Plans": [{"Node Type": "Bitmap Index Scan", "Parent Relationship": "Outer", "Index Name": "part_kpey", "Startup Cost": 0.0, "Total Cost": 0.26, "Plan Rows": 1, "Plan Width": 0, "Index Cond": "(p_partkey = public.lineitem.l_partkey)"}]}]}]}, {"Node Type": "Bitmap Heap Scan", "Parent Relationship": "Inner", "Relation Name": "lineitem", "Alias": "lineitem", "Startup Cost": 4.22, "Total Cost": 28.29, "Plan Rows": 2, "Plan Width": 24, "Recheck Cond": "(l_partkey = public.lineitem.l_partkey)", "Filter": "(l_quantity < (.2::double precision * (avg(public.lineitem.l_quantity))))", "Plans": [{"Node Type": "Bitmap Index Scan", "Parent Relationship": "Outer", "Index Name": "idx_lineitem_part_supp", "Startup Cost": 0.0, "Total Cost": 4.22, "Plan Rows": 6, "Plan Width": 0, "Index Cond": "(l_partkey = public.lineitem.l_partkey)"}]}]}, {"Node Type": "Bitmap Heap Scan", "Parent Relationship": "Inner", "Relation Name": "part", "Alias": "part", "Startup Cost": 0.26, "Total Cost": 4.28, "Plan Rows": 1, "Plan Width": 8, "Recheck Cond": "(p_partkey = public.lineitem.l_partkey)", "Filter": "((p_brand = 'Brand#44'::bpchar) AND (p_container = 'WRAP PKG'::bpchar))", "Plans": [{"Node Type": "Bitmap Index Scan", "Parent Relationship": "Outer", "Index Name": "part_kpey", "Startup Cost": 0.0, "Total Cost": 0.26, "Plan Rows": 1, "Plan Width": 0, "Index Cond": "(p_partkey = public.lineitem.l_partkey)"}]}]}]}, "Unique SQL Id": 1080450481}, "explain_analyze_plan": null}, "(1, 20)": {"explain_plan": {"Plan": {"Node Type": "Aggregate", "Strategy": "Plain", "Startup Cost": 208324.62, "Total Cost": 208324.63, "Plan Rows": 1, "Plan Width": 16, "Plans": [{"Node Type": "Nested Loop", "Parent Relationship": "Outer", "Join Type": "Inner", "Startup Cost": 128691.05, "Total Cost": 208322.6, "Plan Rows": 806, "Plan Width": 8, "Inner Unique": false, "Plans": [{"Node Type": "Nested Loop", "Parent Relationship": "Outer", "Join Type": "Inner", "Startup Cost": 128691.05, "Total Cost": 196146.55, "Plan Rows": 438, "Plan Width": 24, "Inner Unique": true, "Plans": [{"Node Type": "Aggregate", "Strategy": "Hashed", "Parent Relationship": "Outer", "Startup Cost": 128691.05, "Total Cost": 128884.11, "Plan Rows": 11032, "Plan Width": 16, "Group By Key": ["public.lineitem.l_partkey"], "Plans": [{"Node Type": "Nested Loop", "Parent Relationship": "Outer", "Join Type": "Inner", "Startup Cost": 0.0, "Total Cost": 128608.31, "Plan Rows": 11032, "Plan Width": 16, "Inner Unique": false, "Plans": [{"Node Type": "Seq Scan", "Parent Relationship": "Outer", "Relation Name": "part", "Alias": "part", "Startup Cost": 0.0, "Total Cost": 71944.0, "Plan Rows": 2001, "Plan Width": 8, "Filter": "((p_brand = 'Brand#44'::bpchar) AND (p_container = 'WRAP PKG'::bpchar))"}, {"Node Type": "Index Scan", "Parent Relationship": "Inner", "Scan Direction": "Forward", "Index Name": "idx_lineitem_part_supp", "Relation Name": "lineitem", "Alias": "lineitem", "Startup Cost": 0.0, "Total Cost": 28.26, "Plan Rows": 6, "Plan Width": 16, "Index Cond": "(l_partkey = public.part.p_partkey)"}]}]}, {"Node Type": "Index Scan", "Parent Relationship": "Inner", "Scan Direction": "Forward", "Index Name": "part_kpey", "Relation Name": "part", "Alias": "part", "Startup Cost": 0.0, "Total Cost": 6.08, "Plan Rows": 1, "Plan Width": 8, "Index Cond": "(p_partkey = public.lineitem.l_partkey)", "Filter": "((p_brand = 'Brand#44'::bpchar) AND (p_container = 'WRAP PKG'::bpchar))"}]}, {"Node Type": "Index Scan", "Parent Relationship": "Inner", "Scan Direction": "Forward", "Index Name": "idx_lineitem_part_supp", "Relation Name": "lineitem", "Alias": "lineitem", "Startup Cost": 0.0, "Total Cost": 27.78, "Plan Rows": 2, "Plan Width": 24, "Index Cond": "(l_partkey = public.lineitem.l_partkey)", "Filter": "(l_quantity < (.2::double precision * (avg(public.lineitem.l_quantity))))"}]}]}, "Unique SQL Id": 1080450481}, "explain_analyze_plan": {"Plan": {"Node Type": "Aggregate", "Strategy": "Plain", "Startup Cost": 208324.62, "Total Cost": 208324.63, "Plan Rows": 1, "Plan Width": 16, "Actual Startup Time": 1125.155, "Actual Total Time": 1125.155, "Actual Rows": 1, "Actual Loops": 1, "Plans": [{"Node Type": "Nested Loop", "Parent Relationship": "Outer", "Join Type": "Inner", "Startup Cost": 128691.05, "Total Cost": 208322.6, "Plan Rows": 806, "Plan Width": 8, "Actual Startup Time": 968.471, "Actual Total Time": 1124.094, "Actual Rows": 5403, "Actual Loops": 1, "Inner Unique": false, "Plans": [{"Node Type": "Nested Loop", "Parent Relationship": "Outer", "Join Type": "Inner", "Startup Cost": 128691.05, "Total Cost": 196146.55, "Plan Rows": 438, "Plan Width": 24, "Actual Startup Time": 968.443, "Actual Total Time": 984.459, "Actual Rows": 2003, "Actual Loops": 1, "Inner Unique": true, "Plans": [{"Node Type": "Aggregate", "Strategy": "Hashed", "Parent Relationship": "Outer", "Startup Cost": 128691.05, "Total Cost": 128884.11, "Plan Rows": 11032, "Plan Width": 16, "Actual Startup Time": 968.416, "Actual Total Time": 969.922, "Actual Rows": 2003, "Actual Loops": 1, "Group By Key": ["public.lineitem.l_partkey"], "Plans": [{"Node Type": "Nested Loop", "Parent Relationship": "Outer", "Join Type": "Inner", "Startup Cost": 0.0, "Total Cost": 128608.31, "Plan Rows": 11032, "Plan Width": 16, "Actual Startup Time": 0.373, "Actual Total Time": 927.032, "Actual Rows": 60021, "Actual Loops": 1, "Inner Unique": false, "Plans": [{"Node Type": "Seq Scan", "Parent Relationship": "Outer", "Relation Name": "part", "Alias": "part", "Startup Cost": 0.0, "Total Cost": 71944.0, "Plan Rows": 2001, "Plan Width": 8, "Actual Startup Time": 0.35, "Actual Total Time": 770.343, "Actual Rows": 2003, "Actual Loops": 1, "Filter": "((p_brand = 'Brand#44'::bpchar) AND (p_container = 'WRAP PKG'::bpchar))", "Rows Removed by Filter": 1997997}, {"Node Type": "Index Scan", "Parent Relationship": "Inner", "Scan Direction": "Forward", "Index Name": "idx_lineitem_part_supp", "Relation Name": "lineitem", "Alias": "lineitem", "Startup Cost": 0.0, "Total Cost": 28.26, "Plan Rows": 6, "Plan Width": 16, "Actual Startup Time": 21.245, "Actual Total Time": 142.059, "Actual Rows": 60021, "Actual Loops": 2003, "Index Cond": "(l_partkey = public.part.p_partkey)", "Rows Removed by Index Recheck": 0}]}]}, {"Node Type": "Index Scan", "Parent Relationship": "Inner", "Scan Direction": "Forward", "Index Name": "part_kpey", "Relation Name": "part", "Alias": "part", "Startup Cost": 0.0, "Total Cost": 6.08, "Plan Rows": 1, "Plan Width": 8, "Actual Startup Time": 12.854, "Actual Total Time": 12.854, "Actual Rows": 2003, "Actual Loops": 2003, "Index Cond": "(p_partkey = public.lineitem.l_partkey)", "Rows Removed by Index Recheck": 0, "Filter": "((p_brand = 'Brand#44'::bpchar) AND (p_container = 'WRAP PKG'::bpchar))", "Rows Removed by Filter": 0}]}, {"Node Type": "Index Scan", "Parent Relationship": "Inner", "Scan Direction": "Forward", "Index Name": "idx_lineitem_part_supp", "Relation Name": "lineitem", "Alias": "lineitem", "Startup Cost": 0.0, "Total Cost": 27.78, "Plan Rows": 2, "Plan Width": 24, "Actual Startup Time": 57.238, "Actual Total Time": 137.264, "Actual Rows": 5403, "Actual Loops": 2003, "Index Cond": "(l_partkey = public.lineitem.l_partkey)", "Rows Removed by Index Recheck": 0, "Filter": "(l_quantity < (.2::double precision * (avg(public.lineitem.l_quantity))))", "Rows Removed by Filter": 54618}]}]}, "Triggers": [], "Planner Runtime": 1.327, "Total Runtime": 1125.393, "Unique SQL Id": 1080450481}}, "(1, 21)": {"explain_plan": {"Plan": {"Node Type": "Aggregate", "Strategy": "Plain", "Startup Cost": 247183.87, "Total Cost": 247183.88, "Plan Rows": 1, "Plan Width": 16, "Plans": [{"Node Type": "Nested Loop", "Parent Relationship": "Outer", "Join Type": "Inner", "Startup Cost": 0.0, "Total Cost": 247181.85, "Plan Rows": 806, "Plan Width": 8, "Inner Unique": false, "Plans": [{"Node Type": "Nested Loop", "Parent Relationship": "Outer", "Join Type": "Inner", "Startup Cost": 0.0, "Total Cost": 235005.8, "Plan Rows": 438, "Plan Width": 24, "Inner Unique": true, "Plans": [{"Node Type": "Aggregate", "Strategy": "Sorted", "Parent Relationship": "Outer", "Startup Cost": 0.0, "Total Cost": 167743.36, "Plan Rows": 11032, "Plan Width": 80, "Group By Key": ["public.lineitem.l_partkey"], "Plans": [{"Node Type": "Nested Loop", "Parent Relationship": "Outer", "Join Type": "Inner", "Startup Cost": 0.0, "Total Cost": 167467.56, "Plan Rows": 11032, "Plan Width": 16, "Inner Unique": false, "Plans": [{"Node Type": "Index Scan", "Parent Relationship": "Outer", "Scan Direction": "Forward", "Index Name": "part_kpey", "Relation Name": "part", "Alias": "part", "Startup Cost": 0.0, "Total Cost": 110803.25, "Plan Rows": 2001, "Plan Width": 8, "Filter": "((p_brand = 'Brand#44'::bpchar) AND (p_container = 'WRAP PKG'::bpchar))"}, {"Node Type": "Index Scan", "Parent Relationship": "Inner", "Scan Direction": "Forward", "Index Name": "idx_lineitem_part_supp", "Relation Name": "lineitem", "Alias": "lineitem", "Startup Cost": 0.0, "Total Cost": 28.26, "Plan Rows": 6, "Plan Width": 16, "Index Cond": "(l_partkey = public.part.p_partkey)"}]}]}, {"Node Type": "Index Scan", "Parent Relationship": "Inner", "Scan Direction": "Forward", "Index Name": "part_kpey", "Relation Name": "part", "Alias": "part", "Startup Cost": 0.0, "Total Cost": 6.08, "Plan Rows": 1, "Plan Width": 8, "Index Cond": "(p_partkey = public.lineitem.l_partkey)", "Filter": "((p_brand = 'Brand#44'::bpchar) AND (p_container = 'WRAP PKG'::bpchar))"}]}, {"Node Type": "Index Scan", "Parent Relationship": "Inner", "Scan Direction": "Forward", "Index Name": "idx_lineitem_part_supp", "Relation Name": "lineitem", "Alias": "lineitem", "Startup Cost": 0.0, "Total Cost": 27.78, "Plan Rows": 2, "Plan Width": 24, "Index Cond": "(l_partkey = public.lineitem.l_partkey)", "Filter": "(l_quantity < (.2::double precision * (avg(public.lineitem.l_quantity))))"}]}]}, "Unique SQL Id": 1080450481}, "explain_analyze_plan": {"Plan": {"Node Type": "Aggregate", "Strategy": "Plain", "Startup Cost": 247183.87, "Total Cost": 247183.88, "Plan Rows": 1, "Plan Width": 16, "Actual Startup Time": 1657.115, "Actual Total Time": 1657.115, "Actual Rows": 1, "Actual Loops": 1, "Plans": [{"Node Type": "Nested Loop", "Parent Relationship": "Outer", "Join Type": "Inner", "Startup Cost": 0.0, "Total Cost": 247181.85, "Plan Rows": 806, "Plan Width": 8, "Actual Startup Time": 1.741, "Actual Total Time": 1655.898, "Actual Rows": 5403, "Actual Loops": 1, "Inner Unique": false, "Plans": [{"Node Type": "Nested Loop", "Parent Relationship": "Outer", "Join Type": "Inner", "Startup Cost": 0.0, "Total Cost": 235005.8, "Plan Rows": 438, "Plan Width": 24, "Actual Startup Time": 1.699, "Actual Total Time": 1576.826, "Actual Rows": 2003, "Actual Loops": 1, "Inner Unique": true, "Plans": [{"Node Type": "Aggregate", "Strategy": "Sorted", "Parent Relationship": "Outer", "Startup Cost": 0.0, "Total Cost": 167743.36, "Plan Rows": 11032, "Plan Width": 80, "Actual Startup Time": 1.686, "Actual Total Time": 1564.989, "Actual Rows": 2003, "Actual Loops": 1, "Group By Key": ["public.lineitem.l_partkey"], "Plans": [{"Node Type": "Nested Loop", "Parent Relationship": "Outer", "Join Type": "Inner", "Startup Cost": 0.0, "Total Cost": 167467.56, "Plan Rows": 11032, "Plan Width": 16, "Actual Startup Time": 0.571, "Actual Total Time": 1531.613, "Actual Rows": 60021, "Actual Loops": 1, "Inner Unique": false, "Plans": [{"Node Type": "Index Scan", "Parent Relationship": "Outer", "Scan Direction": "Forward", "Index Name": "part_kpey", "Relation Name": "part", "Alias": "part", "Startup Cost": 0.0, "Total Cost": 110803.25, "Plan Rows": 2001, "Plan Width": 8, "Actual Startup Time": 0.553, "Actual Total Time": 1347.731, "Actual Rows": 2003, "Actual Loops": 1, "Filter": "((p_brand = 'Brand#44'::bpchar) AND (p_container = 'WRAP PKG'::bpchar))", "Rows Removed by Filter": 1997997}, {"Node Type": "Index Scan", "Parent Relationship": "Inner", "Scan Direction": "Forward", "Index Name": "idx_lineitem_part_supp", "Relation Name": "lineitem", "Alias": "lineitem", "Startup Cost": 0.0, "Total Cost": 28.26, "Plan Rows": 6, "Plan Width": 16, "Actual Startup Time": 23.7, "Actual Total Time": 168.192, "Actual Rows": 60021, "Actual Loops": 2003, "Index Cond": "(l_partkey = public.part.p_partkey)", "Rows Removed by Index Recheck": 0}]}]}, {"Node Type": "Index Scan", "Parent Relationship": "Inner", "Scan Direction": "Forward", "Index Name": "part_kpey", "Relation Name": "part", "Alias": "part", "Startup Cost": 0.0, "Total Cost": 6.08, "Plan Rows": 1, "Plan Width": 8, "Actual Startup Time": 9.266, "Actual Total Time": 9.266, "Actual Rows": 2003, "Actual Loops": 2003, "Index Cond": "(p_partkey = public.lineitem.l_partkey)", "Rows Removed by Index Recheck": 0, "Filter": "((p_brand = 'Brand#44'::bpchar) AND (p_container = 'WRAP PKG'::bpchar))", "Rows Removed by Filter": 0}]}, {"Node Type": "Index Scan", "Parent Relationship": "Inner", "Scan Direction": "Forward", "Index Name": "idx_lineitem_part_supp", "Relation Name": "lineitem", "Alias": "lineitem", "Startup Cost": 0.0, "Total Cost": 27.78, "Plan Rows": 2, "Plan Width": 24, "Actual Startup Time": 33.161, "Actual Total Time": 76.14, "Actual Rows": 5403, "Actual Loops": 2003, "Index Cond": "(l_partkey = public.lineitem.l_partkey)", "Rows Removed by Index Recheck": 0, "Filter": "(l_quantity < (.2::double precision * (avg(public.lineitem.l_quantity))))", "Rows Removed by Filter": 54618}]}]}, "Triggers": [], "Planner Runtime": 1.323, "Total Runtime": 1657.326, "Unique SQL Id": 1080450481}}, "(1, 22)": {"explain_plan": {"Plan": {"Node Type": "Aggregate", "Strategy": "Plain", "Startup Cost": 213808.47, "Total Cost": 213808.48, "Plan Rows": 1, "Plan Width": 16, "Plans": [{"Node Type": "Nested Loop", "Parent Relationship": "Outer", "Join Type": "Inner", "Startup Cost": 128826.76, "Total Cost": 213806.45, "Plan Rows": 806, "Plan Width": 8, "Inner Unique": false, "Plans": [{"Node Type": "Nested Loop", "Parent Relationship": "Outer", "Join Type": "Inner", "Startup Cost": 128822.53, "Total Cost": 201406.27, "Plan Rows": 438, "Plan Width": 24, "Inner Unique": true, "Plans": [{"Node Type": "Aggregate", "Strategy": "Hashed", "Parent Relationship": "Outer", "Startup Cost": 128820.01, "Total Cost": 129013.07, "Plan Rows": 11032, "Plan Width": 16, "Group By Key": ["public.lineitem.l_partkey"], "Plans": [{"Node Type": "Nested Loop", "Parent Relationship": "Outer", "Join Type": "Inner", "Startup Cost": 4.28, "Total Cost": 128737.27, "Plan Rows": 11032, "Plan Width": 16, "Inner Unique": false, "Plans": [{"Node Type": "Seq Scan", "Parent Relationship": "Outer", "Relation Name": "part", "Alias": "part", "Startup Cost": 0.0, "Total Cost": 71944.0, "Plan Rows": 2001, "Plan Width": 8, "Filter": "((p_brand = 'Brand#44'::bpchar) AND (p_container = 'WRAP PKG'::bpchar))"}, {"Node Type": "Bitmap Heap Scan", "Parent Relationship": "Inner", "Relation Name": "lineitem", "Alias": "lineitem", "Startup Cost": 4.28, "Total Cost": 28.32, "Plan Rows": 6, "Plan Width": 16, "Recheck Cond": "(l_partkey = public.part.p_partkey)", "Plans": [{"Node Type": "Bitmap Index Scan", "Parent Relationship": "Outer", "Index Name": "idx_lineitem_part_supp", "Startup Cost": 0.0, "Total Cost": 4.28, "Plan Rows": 6, "Plan Width": 0, "Index Cond": "(l_partkey = public.part.p_partkey)"}]}]}]}, {"Node Type": "Bitmap Heap Scan", "Parent Relationship": "Inner", "Relation Name": "part", "Alias": "part", "Startup Cost": 2.52, "Total Cost": 6.54, "Plan Rows": 1, "Plan Width": 8, "Recheck Cond": "(p_partkey = public.lineitem.l_partkey)", "Filter": "((p_brand = 'Brand#44'::bpchar) AND (p_container = 'WRAP PKG'::bpchar))", "Plans": [{"Node Type": "Bitmap Index Scan", "Parent Relationship": "Outer", "Index Name": "part_kpey", "Startup Cost": 0.0, "Total Cost": 2.52, "Plan Rows": 1, "Plan Width": 0, "Index Cond": "(p_partkey = public.lineitem.l_partkey)"}]}]}, {"Node Type": "Bitmap Heap Scan", "Parent Relationship": "Inner", "Relation Name": "lineitem", "Alias": "lineitem", "Startup Cost": 4.22, "Total Cost": 28.29, "Plan Rows": 2, "Plan Width": 24, "Recheck Cond": "(l_partkey = public.lineitem.l_partkey)", "Filter": "(l_quantity < (.2::double precision * (avg(public.lineitem.l_quantity))))", "Plans": [{"Node Type": "Bitmap Index Scan", "Parent Relationship": "Outer", "Index Name": "idx_lineitem_part_supp", "Startup Cost": 0.0, "Total Cost": 4.22, "Plan Rows": 6, "Plan Width": 0, "Index Cond": "(l_partkey = public.lineitem.l_partkey)"}]}]}]}, "Unique SQL Id": 1080450481}, "explain_analyze_plan": {"Plan": {"Node Type": "Aggregate", "Strategy": "Plain", "Startup Cost": 213808.47, "Total Cost": 213808.48, "Plan Rows": 1, "Plan Width": 16, "Actual Startup Time": 1332.753, "Actual Total Time": 1332.753, "Actual Rows": 1, "Actual Loops": 1, "Plans": [{"Node Type": "Nested Loop", "Parent Relationship": "Outer", "Join Type": "Inner", "Startup Cost": 128826.76, "Total Cost": 213806.45, "Plan Rows": 806, "Plan Width": 8, "Actual Startup Time": 1119.036, "Actual Total Time": 1331.626, "Actual Rows": 5403, "Actual Loops": 1, "Inner Unique": false, "Plans": [{"Node Type": "Nested Loop", "Parent Relationship": "Outer", "Join Type": "Inner", "Startup Cost": 128822.53, "Total Cost": 201406.27, "Plan Rows": 438, "Plan Width": 24, "Actual Startup Time": 1118.956, "Actual Total Time": 1142.745, "Actual Rows": 2003, "Actual Loops": 1, "Inner Unique": true, "Plans": [{"Node Type": "Aggregate", "Strategy": "Hashed", "Parent Relationship": "Outer", "Startup Cost": 128820.01, "Total Cost": 129013.07, "Plan Rows": 11032, "Plan Width": 16, "Actual Startup Time": 1118.911, "Actual Total Time": 1120.833, "Actual Rows": 2003, "Actual Loops": 1, "Group By Key": ["public.lineitem.l_partkey"], "Plans": [{"Node Type": "Nested Loop", "Parent Relationship": "Outer", "Join Type": "Inner", "Startup Cost": 4.28, "Total Cost": 128737.27, "Plan Rows": 11032, "Plan Width": 16, "Actual Startup Time": 0.412, "Actual Total Time": 1078.48, "Actual Rows": 60021, "Actual Loops": 1, "Inner Unique": false, "Plans": [{"Node Type": "Seq Scan", "Parent Relationship": "Outer", "Relation Name": "part", "Alias": "part", "Startup Cost": 0.0, "Total Cost": 71944.0, "Plan Rows": 2001, "Plan Width": 8, "Actual Startup Time": 0.366, "Actual Total Time": 819.746, "Actual Rows": 2003, "Actual Loops": 1, "Filter": "((p_brand = 'Brand#44'::bpchar) AND (p_container = 'WRAP PKG'::bpchar))", "Rows Removed by Filter": 1997997}, {"Node Type": "Bitmap Heap Scan", "Parent Relationship": "Inner", "Relation Name": "lineitem", "Alias": "lineitem", "Startup Cost": 4.28, "Total Cost": 28.32, "Plan Rows": 6, "Plan Width": 16, "Actual Startup Time": 43.842, "Actual Total Time": 241.092, "Actual Rows": 60021, "Actual Loops": 2003, "Recheck Cond": "(l_partkey = public.part.p_partkey)", "Rows Removed by Index Recheck": 0, "Exact Heap Blocks": 60018, "Lossy Heap Blocks": 60018, "Plans": [{"Node Type": "Bitmap Index Scan", "Parent Relationship": "Outer", "Index Name": "idx_lineitem_part_supp", "Startup Cost": 0.0, "Total Cost": 4.28, "Plan Rows": 6, "Plan Width": 0, "Actual Startup Time": 28.842, "Actual Total Time": 28.842, "Actual Rows": 60021, "Actual Loops": 2003, "Index Cond": "(l_partkey = public.part.p_partkey)"}]}]}]}, {"Node Type": "Bitmap Heap Scan", "Parent Relationship": "Inner", "Relation Name": "part", "Alias": "part", "Startup Cost": 2.52, "Total Cost": 6.54, "Plan Rows": 1, "Plan Width": 8, "Actual Startup Time": 18.403, "Actual Total Time": 18.403, "Actual Rows": 2003, "Actual Loops": 2003, "Recheck Cond": "(p_partkey = public.lineitem.l_partkey)", "Rows Removed by Index Recheck": 0, "Filter": "((p_brand = 'Brand#44'::bpchar) AND (p_container = 'WRAP PKG'::bpchar))", "Rows Removed by Filter": 0, "Exact Heap Blocks": 2003, "Lossy Heap Blocks": 2003, "Plans": [{"Node Type": "Bitmap Index Scan", "Parent Relationship": "Outer", "Index Name": "part_kpey", "Startup Cost": 0.0, "Total Cost": 2.52, "Plan Rows": 1, "Plan Width": 0, "Actual Startup Time": 11.137, "Actual Total Time": 11.137, "Actual Rows": 2003, "Actual Loops": 2003, "Index Cond": "(p_partkey = public.lineitem.l_partkey)"}]}]}, {"Node Type": "Bitmap Heap Scan", "Parent Relationship": "Inner", "Relation Name": "lineitem", "Alias": "lineitem", "Startup Cost": 4.22, "Total Cost": 28.29, "Plan Rows": 2, "Plan Width": 24, "Actual Startup Time": 83.292, "Actual Total Time": 184.714, "Actual Rows": 5403, "Actual Loops": 2003, "Recheck Cond": "(l_partkey = public.lineitem.l_partkey)", "Rows Removed by Index Recheck": 0, "Filter": "(l_quantity < (.2::double precision * (avg(public.lineitem.l_quantity))))", "Rows Removed by Filter": 54618, "Exact Heap Blocks": 60018, "Lossy Heap Blocks": 60018, "Plans": [{"Node Type": "Bitmap Index Scan", "Parent Relationship": "Outer", "Index Name": "idx_lineitem_part_supp", "Startup Cost": 0.0, "Total Cost": 4.22, "Plan Rows": 6, "Plan Width": 0, "Actual Startup Time": 24.575, "Actual Total Time": 24.575, "Actual Rows": 60021, "Actual Loops": 2003, "Index Cond": "(l_partkey = public.lineitem.l_partkey)"}]}]}]}, "Triggers": [], "Planner Runtime": 1.125, "Total Runtime": 1333.115, "Unique SQL Id": 1080450481}}, "(1, 23)": {"explain_plan": {"Plan": {"Node Type": "Aggregate", "Strategy": "Plain", "Startup Cost": 1001032279502.61, "Total Cost": 1001032279502.62, "Plan Rows": 1, "Plan Width": 16, "Plans": [{"Node Type": "Nested Loop", "Parent Relationship": "Outer", "Join Type": "Inner", "Startup Cost": 10000000004.74, "Total Cost": 1001032279500.6, "Plan Rows": 806, "Plan Width": 8, "Inner Unique": true, "Join Filter": "(public.lineitem.l_partkey = public.part.p_partkey)", "Plans": [{"Node Type": "Nested Loop", "Parent Relationship": "Outer", "Join Type": "Inner", "Startup Cost": 10000000004.48, "Total Cost": 1001032192561.0, "Plan Rows": 20274, "Plan Width": 24, "Inner Unique": false, "Plans": [{"Node Type": "Aggregate", "Strategy": "Sorted", "Parent Relationship": "Outer", "Startup Cost": 10000000000.26, "Total Cost": 1001031880124.59, "Plan Rows": 11032, "Plan Width": 80, "Group By Key": ["public.lineitem.l_partkey"], "Plans": [{"Node Type": "Nested Loop", "Parent Relationship": "Outer", "Join Type": "Semi", "Startup Cost": 10000000000.26, "Total Cost": 1001031879848.79, "Plan Rows": 11032, "Plan Width": 16, "Inner Unique": false, "Plans": [{"Node Type": "Index Scan", "Parent Relationship": "Outer", "Scan Direction": "Forward", "Index Name": "idx_lineitem_part_supp", "Relation Name": "lineitem", "Alias": "lineitem", "Startup Cost": 10000000000.0, "Total Cost": 1000775391319.64, "Plan Rows": 59987033, "Plan Width": 16}, {"Node Type": "Bitmap Heap Scan", "Parent Relationship": "Inner", "Relation Name": "part", "Alias": "part", "Startup Cost": 0.26, "Total Cost": 4.28, "Plan Rows": 1, "Plan Width": 8, "Recheck Cond": "(p_partkey = public.lineitem.l_partkey)", "Filter": "((p_brand = 'Brand#44'::bpchar) AND (p_container = 'WRAP PKG'::bpchar))", "Plans": [{"Node Type": "Bitmap Index Scan", "Parent Relationship": "Outer", "Index Name": "part_kpey", "Startup Cost": 0.0, "Total Cost": 0.26, "Plan Rows": 1, "Plan Width": 0, "Index Cond": "(p_partkey = public.lineitem.l_partkey)"}]}]}]}, {"Node Type": "Bitmap Heap Scan", "Parent Relationship": "Inner", "Relation Name": "lineitem", "Alias": "lineitem", "Startup Cost": 4.22, "Total Cost": 28.29, "Plan Rows": 2, "Plan Width": 24, "Recheck Cond": "(l_partkey = public.lineitem.l_partkey)", "Filter": "(l_quantity < (.2::double precision * (avg(public.lineitem.l_quantity))))", "Plans": [{"Node Type": "Bitmap Index Scan", "Parent Relationship": "Outer", "Index Name": "idx_lineitem_part_supp", "Startup Cost": 0.0, "Total Cost": 4.22, "Plan Rows": 6, "Plan Width": 0, "Index Cond": "(l_partkey = public.lineitem.l_partkey)"}]}]}, {"Node Type": "Bitmap Heap Scan", "Parent Relationship": "Inner", "Relation Name": "part", "Alias": "part", "Startup Cost": 0.26, "Total Cost": 4.28, "Plan Rows": 1, "Plan Width": 8, "Recheck Cond": "(p_partkey = public.lineitem.l_partkey)", "Filter": "((p_brand = 'Brand#44'::bpchar) AND (p_container = 'WRAP PKG'::bpchar))", "Plans": [{"Node Type": "Bitmap Index Scan", "Parent Relationship": "Outer", "Index Name": "part_kpey", "Startup Cost": 0.0, "Total Cost": 0.26, "Plan Rows": 1, "Plan Width": 0, "Index Cond": "(p_partkey = public.lineitem.l_partkey)"}]}]}]}, "Unique SQL Id": 1080450481}, "explain_analyze_plan": null}, "(1, 24)": {"explain_plan": {"Plan": {"Node Type": "Aggregate", "Strategy": "Plain", "Startup Cost": 208324.62, "Total Cost": 208324.63, "Plan Rows": 1, "Plan Width": 16, "Plans": [{"Node Type": "Nested Loop", "Parent Relationship": "Outer", "Join Type": "Inner", "Startup Cost": 128691.05, "Total Cost": 208322.6, "Plan Rows": 806, "Plan Width": 8, "Inner Unique": false, "Plans": [{"Node Type": "Nested Loop", "Parent Relationship": "Outer", "Join Type": "Inner", "Startup Cost": 128691.05, "Total Cost": 196146.55, "Plan Rows": 438, "Plan Width": 24, "Inner Unique": true, "Plans": [{"Node Type": "Aggregate", "Strategy": "Hashed", "Parent Relationship": "Outer", "Startup Cost": 128691.05, "Total Cost": 128884.11, "Plan Rows": 11032, "Plan Width": 16, "Group By Key": ["public.lineitem.l_partkey"], "Plans": [{"Node Type": "Nested Loop", "Parent Relationship": "Outer", "Join Type": "Inner", "Startup Cost": 0.0, "Total Cost": 128608.31, "Plan Rows": 11032, "Plan Width": 16, "Inner Unique": false, "Plans": [{"Node Type": "Seq Scan", "Parent Relationship": "Outer", "Relation Name": "part", "Alias": "part", "Startup Cost": 0.0, "Total Cost": 71944.0, "Plan Rows": 2001, "Plan Width": 8, "Filter": "((p_brand = 'Brand#44'::bpchar) AND (p_container = 'WRAP PKG'::bpchar))"}, {"Node Type": "Index Scan", "Parent Relationship": "Inner", "Scan Direction": "Forward", "Index Name": "idx_lineitem_part_supp", "Relation Name": "lineitem", "Alias": "lineitem", "Startup Cost": 0.0, "Total Cost": 28.26, "Plan Rows": 6, "Plan Width": 16, "Index Cond": "(l_partkey = public.part.p_partkey)"}]}]}, {"Node Type": "Index Scan", "Parent Relationship": "Inner", "Scan Direction": "Forward", "Index Name": "part_kpey", "Relation Name": "part", "Alias": "part", "Startup Cost": 0.0, "Total Cost": 6.08, "Plan Rows": 1, "Plan Width": 8, "Index Cond": "(p_partkey = public.lineitem.l_partkey)", "Filter": "((p_brand = 'Brand#44'::bpchar) AND (p_container = 'WRAP PKG'::bpchar))"}]}, {"Node Type": "Index Scan", "Parent Relationship": "Inner", "Scan Direction": "Forward", "Index Name": "idx_lineitem_part_supp", "Relation Name": "lineitem", "Alias": "lineitem", "Startup Cost": 0.0, "Total Cost": 27.78, "Plan Rows": 2, "Plan Width": 24, "Index Cond": "(l_partkey = public.lineitem.l_partkey)", "Filter": "(l_quantity < (.2::double precision * (avg(public.lineitem.l_quantity))))"}]}]}, "Unique SQL Id": 1080450481}, "explain_analyze_plan": {"Plan": {"Node Type": "Aggregate", "Strategy": "Plain", "Startup Cost": 208324.62, "Total Cost": 208324.63, "Plan Rows": 1, "Plan Width": 16, "Actual Startup Time": 1125.155, "Actual Total Time": 1125.155, "Actual Rows": 1, "Actual Loops": 1, "Plans": [{"Node Type": "Nested Loop", "Parent Relationship": "Outer", "Join Type": "Inner", "Startup Cost": 128691.05, "Total Cost": 208322.6, "Plan Rows": 806, "Plan Width": 8, "Actual Startup Time": 968.471, "Actual Total Time": 1124.094, "Actual Rows": 5403, "Actual Loops": 1, "Inner Unique": false, "Plans": [{"Node Type": "Nested Loop", "Parent Relationship": "Outer", "Join Type": "Inner", "Startup Cost": 128691.05, "Total Cost": 196146.55, "Plan Rows": 438, "Plan Width": 24, "Actual Startup Time": 968.443, "Actual Total Time": 984.459, "Actual Rows": 2003, "Actual Loops": 1, "Inner Unique": true, "Plans": [{"Node Type": "Aggregate", "Strategy": "Hashed", "Parent Relationship": "Outer", "Startup Cost": 128691.05, "Total Cost": 128884.11, "Plan Rows": 11032, "Plan Width": 16, "Actual Startup Time": 968.416, "Actual Total Time": 969.922, "Actual Rows": 2003, "Actual Loops": 1, "Group By Key": ["public.lineitem.l_partkey"], "Plans": [{"Node Type": "Nested Loop", "Parent Relationship": "Outer", "Join Type": "Inner", "Startup Cost": 0.0, "Total Cost": 128608.31, "Plan Rows": 11032, "Plan Width": 16, "Actual Startup Time": 0.373, "Actual Total Time": 927.032, "Actual Rows": 60021, "Actual Loops": 1, "Inner Unique": false, "Plans": [{"Node Type": "Seq Scan", "Parent Relationship": "Outer", "Relation Name": "part", "Alias": "part", "Startup Cost": 0.0, "Total Cost": 71944.0, "Plan Rows": 2001, "Plan Width": 8, "Actual Startup Time": 0.35, "Actual Total Time": 770.343, "Actual Rows": 2003, "Actual Loops": 1, "Filter": "((p_brand = 'Brand#44'::bpchar) AND (p_container = 'WRAP PKG'::bpchar))", "Rows Removed by Filter": 1997997}, {"Node Type": "Index Scan", "Parent Relationship": "Inner", "Scan Direction": "Forward", "Index Name": "idx_lineitem_part_supp", "Relation Name": "lineitem", "Alias": "lineitem", "Startup Cost": 0.0, "Total Cost": 28.26, "Plan Rows": 6, "Plan Width": 16, "Actual Startup Time": 21.245, "Actual Total Time": 142.059, "Actual Rows": 60021, "Actual Loops": 2003, "Index Cond": "(l_partkey = public.part.p_partkey)", "Rows Removed by Index Recheck": 0}]}]}, {"Node Type": "Index Scan", "Parent Relationship": "Inner", "Scan Direction": "Forward", "Index Name": "part_kpey", "Relation Name": "part", "Alias": "part", "Startup Cost": 0.0, "Total Cost": 6.08, "Plan Rows": 1, "Plan Width": 8, "Actual Startup Time": 12.854, "Actual Total Time": 12.854, "Actual Rows": 2003, "Actual Loops": 2003, "Index Cond": "(p_partkey = public.lineitem.l_partkey)", "Rows Removed by Index Recheck": 0, "Filter": "((p_brand = 'Brand#44'::bpchar) AND (p_container = 'WRAP PKG'::bpchar))", "Rows Removed by Filter": 0}]}, {"Node Type": "Index Scan", "Parent Relationship": "Inner", "Scan Direction": "Forward", "Index Name": "idx_lineitem_part_supp", "Relation Name": "lineitem", "Alias": "lineitem", "Startup Cost": 0.0, "Total Cost": 27.78, "Plan Rows": 2, "Plan Width": 24, "Actual Startup Time": 57.238, "Actual Total Time": 137.264, "Actual Rows": 5403, "Actual Loops": 2003, "Index Cond": "(l_partkey = public.lineitem.l_partkey)", "Rows Removed by Index Recheck": 0, "Filter": "(l_quantity < (.2::double precision * (avg(public.lineitem.l_quantity))))", "Rows Removed by Filter": 54618}]}]}, "Triggers": [], "Planner Runtime": 1.327, "Total Runtime": 1125.393, "Unique SQL Id": 1080450481}}, "(1, 25)": {"explain_plan": {"Plan": {"Node Type": "Aggregate", "Strategy": "Plain", "Startup Cost": 247183.87, "Total Cost": 247183.88, "Plan Rows": 1, "Plan Width": 16, "Plans": [{"Node Type": "Nested Loop", "Parent Relationship": "Outer", "Join Type": "Inner", "Startup Cost": 0.0, "Total Cost": 247181.85, "Plan Rows": 806, "Plan Width": 8, "Inner Unique": false, "Plans": [{"Node Type": "Nested Loop", "Parent Relationship": "Outer", "Join Type": "Inner", "Startup Cost": 0.0, "Total Cost": 235005.8, "Plan Rows": 438, "Plan Width": 24, "Inner Unique": true, "Plans": [{"Node Type": "Aggregate", "Strategy": "Sorted", "Parent Relationship": "Outer", "Startup Cost": 0.0, "Total Cost": 167743.36, "Plan Rows": 11032, "Plan Width": 80, "Group By Key": ["public.lineitem.l_partkey"], "Plans": [{"Node Type": "Nested Loop", "Parent Relationship": "Outer", "Join Type": "Inner", "Startup Cost": 0.0, "Total Cost": 167467.56, "Plan Rows": 11032, "Plan Width": 16, "Inner Unique": false, "Plans": [{"Node Type": "Index Scan", "Parent Relationship": "Outer", "Scan Direction": "Forward", "Index Name": "part_kpey", "Relation Name": "part", "Alias": "part", "Startup Cost": 0.0, "Total Cost": 110803.25, "Plan Rows": 2001, "Plan Width": 8, "Filter": "((p_brand = 'Brand#44'::bpchar) AND (p_container = 'WRAP PKG'::bpchar))"}, {"Node Type": "Index Scan", "Parent Relationship": "Inner", "Scan Direction": "Forward", "Index Name": "idx_lineitem_part_supp", "Relation Name": "lineitem", "Alias": "lineitem", "Startup Cost": 0.0, "Total Cost": 28.26, "Plan Rows": 6, "Plan Width": 16, "Index Cond": "(l_partkey = public.part.p_partkey)"}]}]}, {"Node Type": "Index Scan", "Parent Relationship": "Inner", "Scan Direction": "Forward", "Index Name": "part_kpey", "Relation Name": "part", "Alias": "part", "Startup Cost": 0.0, "Total Cost": 6.08, "Plan Rows": 1, "Plan Width": 8, "Index Cond": "(p_partkey = public.lineitem.l_partkey)", "Filter": "((p_brand = 'Brand#44'::bpchar) AND (p_container = 'WRAP PKG'::bpchar))"}]}, {"Node Type": "Index Scan", "Parent Relationship": "Inner", "Scan Direction": "Forward", "Index Name": "idx_lineitem_part_supp", "Relation Name": "lineitem", "Alias": "lineitem", "Startup Cost": 0.0, "Total Cost": 27.78, "Plan Rows": 2, "Plan Width": 24, "Index Cond": "(l_partkey = public.lineitem.l_partkey)", "Filter": "(l_quantity < (.2::double precision * (avg(public.lineitem.l_quantity))))"}]}]}, "Unique SQL Id": 1080450481}, "explain_analyze_plan": {"Plan": {"Node Type": "Aggregate", "Strategy": "Plain", "Startup Cost": 247183.87, "Total Cost": 247183.88, "Plan Rows": 1, "Plan Width": 16, "Actual Startup Time": 1657.115, "Actual Total Time": 1657.115, "Actual Rows": 1, "Actual Loops": 1, "Plans": [{"Node Type": "Nested Loop", "Parent Relationship": "Outer", "Join Type": "Inner", "Startup Cost": 0.0, "Total Cost": 247181.85, "Plan Rows": 806, "Plan Width": 8, "Actual Startup Time": 1.741, "Actual Total Time": 1655.898, "Actual Rows": 5403, "Actual Loops": 1, "Inner Unique": false, "Plans": [{"Node Type": "Nested Loop", "Parent Relationship": "Outer", "Join Type": "Inner", "Startup Cost": 0.0, "Total Cost": 235005.8, "Plan Rows": 438, "Plan Width": 24, "Actual Startup Time": 1.699, "Actual Total Time": 1576.826, "Actual Rows": 2003, "Actual Loops": 1, "Inner Unique": true, "Plans": [{"Node Type": "Aggregate", "Strategy": "Sorted", "Parent Relationship": "Outer", "Startup Cost": 0.0, "Total Cost": 167743.36, "Plan Rows": 11032, "Plan Width": 80, "Actual Startup Time": 1.686, "Actual Total Time": 1564.989, "Actual Rows": 2003, "Actual Loops": 1, "Group By Key": ["public.lineitem.l_partkey"], "Plans": [{"Node Type": "Nested Loop", "Parent Relationship": "Outer", "Join Type": "Inner", "Startup Cost": 0.0, "Total Cost": 167467.56, "Plan Rows": 11032, "Plan Width": 16, "Actual Startup Time": 0.571, "Actual Total Time": 1531.613, "Actual Rows": 60021, "Actual Loops": 1, "Inner Unique": false, "Plans": [{"Node Type": "Index Scan", "Parent Relationship": "Outer", "Scan Direction": "Forward", "Index Name": "part_kpey", "Relation Name": "part", "Alias": "part", "Startup Cost": 0.0, "Total Cost": 110803.25, "Plan Rows": 2001, "Plan Width": 8, "Actual Startup Time": 0.553, "Actual Total Time": 1347.731, "Actual Rows": 2003, "Actual Loops": 1, "Filter": "((p_brand = 'Brand#44'::bpchar) AND (p_container = 'WRAP PKG'::bpchar))", "Rows Removed by Filter": 1997997}, {"Node Type": "Index Scan", "Parent Relationship": "Inner", "Scan Direction": "Forward", "Index Name": "idx_lineitem_part_supp", "Relation Name": "lineitem", "Alias": "lineitem", "Startup Cost": 0.0, "Total Cost": 28.26, "Plan Rows": 6, "Plan Width": 16, "Actual Startup Time": 23.7, "Actual Total Time": 168.192, "Actual Rows": 60021, "Actual Loops": 2003, "Index Cond": "(l_partkey = public.part.p_partkey)", "Rows Removed by Index Recheck": 0}]}]}, {"Node Type": "Index Scan", "Parent Relationship": "Inner", "Scan Direction": "Forward", "Index Name": "part_kpey", "Relation Name": "part", "Alias": "part", "Startup Cost": 0.0, "Total Cost": 6.08, "Plan Rows": 1, "Plan Width": 8, "Actual Startup Time": 9.266, "Actual Total Time": 9.266, "Actual Rows": 2003, "Actual Loops": 2003, "Index Cond": "(p_partkey = public.lineitem.l_partkey)", "Rows Removed by Index Recheck": 0, "Filter": "((p_brand = 'Brand#44'::bpchar) AND (p_container = 'WRAP PKG'::bpchar))", "Rows Removed by Filter": 0}]}, {"Node Type": "Index Scan", "Parent Relationship": "Inner", "Scan Direction": "Forward", "Index Name": "idx_lineitem_part_supp", "Relation Name": "lineitem", "Alias": "lineitem", "Startup Cost": 0.0, "Total Cost": 27.78, "Plan Rows": 2, "Plan Width": 24, "Actual Startup Time": 33.161, "Actual Total Time": 76.14, "Actual Rows": 5403, "Actual Loops": 2003, "Index Cond": "(l_partkey = public.lineitem.l_partkey)", "Rows Removed by Index Recheck": 0, "Filter": "(l_quantity < (.2::double precision * (avg(public.lineitem.l_quantity))))", "Rows Removed by Filter": 54618}]}]}, "Triggers": [], "Planner Runtime": 1.323, "Total Runtime": 1657.326, "Unique SQL Id": 1080450481}}, "(1, 26)": {"explain_plan": {"Plan": {"Node Type": "Aggregate", "Strategy": "Plain", "Startup Cost": 20274334.15, "Total Cost": 20274334.16, "Plan Rows": 1, "Plan Width": 16, "Plans": [{"Node Type": "Merge Join", "Parent Relationship": "Outer", "Join Type": "Inner", "Startup Cost": 19673876.07, "Total Cost": 20274332.13, "Plan Rows": 806, "Plan Width": 8, "Inner Unique": false, "Merge Cond": "(public.lineitem.l_partkey = public.lineitem.l_partkey)", "Join Filter": "(public.lineitem.l_quantity < (.2::double precision * (avg(public.lineitem.l_quantity))))", "Plans": [{"Node Type": "Merge Join", "Parent Relationship": "Outer", "Join Type": "Inner", "Startup Cost": 9908991.76, "Total Cost": 10209475.33, "Plan Rows": 438, "Plan Width": 24, "Inner Unique": true, "Merge Cond": "(public.lineitem.l_partkey = public.part.p_partkey)", "Plans": [{"Node Type": "Aggregate", "Strategy": "Sorted", "Parent Relationship": "Outer", "Startup Cost": 9836938.04, "Total Cost": 10137269.33, "Plan Rows": 11032, "Plan Width": 80, "Group By Key": ["public.lineitem.l_partkey"], "Plans": [{"Node Type": "Merge Join", "Parent Relationship": "Outer", "Join Type": "Inner", "Startup Cost": 9836938.04, "Total Cost": 10136993.53, "Plan Rows": 11032, "Plan Width": 16, "Inner Unique": false, "Merge Cond": "(public.part.p_partkey = public.lineitem.l_partkey)", "Plans": [{"Node Type": "Sort", "Parent Relationship": "Outer", "Startup Cost": 72053.72, "Total Cost": 72058.72, "Plan Rows": 2001, "Plan Width": 8, "Sort Key": ["public.part.p_partkey"], "Plans": [{"Node Type": "Seq Scan", "Parent Relationship": "Outer", "Relation Name": "part", "Alias": "part", "Startup Cost": 0.0, "Total Cost": 71944.0, "Plan Rows": 2001, "Plan Width": 8, "Filter": "((p_brand = 'Brand#44'::bpchar) AND (p_container = 'WRAP PKG'::bpchar))"}]}, {"Node Type": "Sort", "Parent Relationship": "Inner", "Startup Cost": 9764884.32, "Total Cost": 9914851.9, "Plan Rows": 59987033, "Plan Width": 16, "Sort Key": ["public.lineitem.l_partkey"], "Plans": [{"Node Type": "Seq Scan", "Parent Relationship": "Outer", "Relation Name": "lineitem", "Alias": "lineitem", "Startup Cost": 0.0, "Total Cost": 2015115.33, "Plan Rows": 59987033, "Plan Width": 16}]}]}]}, {"Node Type": "Sort", "Parent Relationship": "Inner", "Startup Cost": 72053.72, "Total Cost": 72058.72, "Plan Rows": 2001, "Plan Width": 8, "Sort Key": ["public.part.p_partkey"], "Plans": [{"Node Type": "Seq Scan", "Parent Relationship": "Outer", "Relation Name": "part", "Alias": "part", "Startup Cost": 0.0, "Total Cost": 71944.0, "Plan Rows": 2001, "Plan Width": 8, "Filter": "((p_brand = 'Brand#44'::bpchar) AND (p_container = 'WRAP PKG'::bpchar))"}]}]}, {"Node Type": "Sort", "Parent Relationship": "Inner", "Startup Cost": 9764884.32, "Total Cost": 9914851.9, "Plan Rows": 59987033, "Plan Width": 24, "Sort Key": ["public.lineitem.l_partkey"], "Plans": [{"Node Type": "Seq Scan", "Parent Relationship": "Outer", "Relation Name": "lineitem", "Alias": "lineitem", "Startup Cost": 0.0, "Total Cost": 2015115.33, "Plan Rows": 59987033, "Plan Width": 24}]}]}]}, "Unique SQL Id": 1080450481}, "explain_analyze_plan": null}, "(1, 27)": {"explain_plan": {"Plan": {"Node Type": "Aggregate", "Strategy": "Plain", "Startup Cost": 4001573244062.54, "Total Cost": 4001573244062.55, "Plan Rows": 1, "Plan Width": 16, "Plans": [{"Node Type": "Merge Join", "Parent Relationship": "Outer", "Join Type": "Inner", "Startup Cost": 40000000000.0, "Total Cost": 4001573244060.52, "Plan Rows": 806, "Plan Width": 8, "Inner Unique": true, "Merge Cond": "(public.part.p_partkey = public.lineitem.l_partkey)", "Join Filter": "(public.lineitem.l_quantity < (.2::double precision * (avg(public.lineitem.l_quantity))))", "Plans": [{"Node Type": "Merge Join", "Parent Relationship": "Outer", "Join Type": "Inner", "Startup Cost": 20000000000.0, "Total Cost": 2000786621777.7, "Plan Rows": 11032, "Plan Width": 32, "Inner Unique": true, "Merge Cond": "(public.lineitem.l_partkey = public.part.p_partkey)", "Plans": [{"Node Type": "Index Scan", "Parent Relationship": "Outer", "Scan Direction": "Forward", "Index Name": "idx_lineitem_part_supp", "Relation Name": "lineitem", "Alias": "lineitem", "Startup Cost": 10000000000.0, "Total Cost": 1000775391319.64, "Plan Rows": 59987033, "Plan Width": 24}, {"Node Type": "Materialize", "Parent Relationship": "Inner", "Startup Cost": 10000000000.0, "Total Cost": 1000011080330.0, "Plan Rows": 2001, "Plan Width": 8, "Plans": [{"Node Type": "Index Scan", "Parent Relationship": "Outer", "Scan Direction": "Forward", "Index Name": "part_kpey", "Relation Name": "part", "Alias": "part", "Startup Cost": 10000000000.0, "Total Cost": 1000011080325.0, "Plan Rows": 2001, "Plan Width": 8, "Filter": "((p_brand = 'Brand#44'::bpchar) AND (p_container = 'WRAP PKG'::bpchar))"}]}]}, {"Node Type": "Materialize", "Parent Relationship": "Inner", "Startup Cost": 20000000000.0, "Total Cost": 2000786622191.4, "Plan Rows": 11032, "Plan Width": 16, "Plans": [{"Node Type": "Aggregate", "Strategy": "Sorted", "Parent Relationship": "Outer", "Startup Cost": 20000000000.0, "Total Cost": 2000786622053.5, "Plan Rows": 11032, "Plan Width": 80, "Group By Key": ["public.lineitem.l_partkey"], "Plans": [{"Node Type": "Merge Join", "Parent Relationship": "Outer", "Join Type": "Semi", "Startup Cost": 20000000000.0, "Total Cost": 2000786621777.7, "Plan Rows": 11032, "Plan Width": 16, "Inner Unique": false, "Merge Cond": "(public.lineitem.l_partkey = public.part.p_partkey)", "Plans": [{"Node Type": "Index Scan", "Parent Relationship": "Outer", "Scan Direction": "Forward", "Index Name": "idx_lineitem_part_supp", "Relation Name": "lineitem", "Alias": "lineitem", "Startup Cost": 10000000000.0, "Total Cost": 1000775391319.64, "Plan Rows": 59987033, "Plan Width": 16}, {"Node Type": "Materialize", "Parent Relationship": "Inner", "Startup Cost": 10000000000.0, "Total Cost": 1000011080330.0, "Plan Rows": 2001, "Plan Width": 8, "Plans": [{"Node Type": "Index Scan", "Parent Relationship": "Outer", "Scan Direction": "Forward", "Index Name": "part_kpey", "Relation Name": "part", "Alias": "part", "Startup Cost": 10000000000.0, "Total Cost": 1000011080325.0, "Plan Rows": 2001, "Plan Width": 8, "Filter": "((p_brand = 'Brand#44'::bpchar) AND (p_container = 'WRAP PKG'::bpchar))"}]}]}]}]}]}]}, "Unique SQL Id": 1080450481}, "explain_analyze_plan": null}, "(1, 28)": {"explain_plan": {"Plan": {"Node Type": "Aggregate", "Strategy": "Plain", "Startup Cost": 208324.62, "Total Cost": 208324.63, "Plan Rows": 1, "Plan Width": 16, "Plans": [{"Node Type": "Nested Loop", "Parent Relationship": "Outer", "Join Type": "Inner", "Startup Cost": 128691.05, "Total Cost": 208322.6, "Plan Rows": 806, "Plan Width": 8, "Inner Unique": false, "Plans": [{"Node Type": "Nested Loop", "Parent Relationship": "Outer", "Join Type": "Inner", "Startup Cost": 128691.05, "Total Cost": 196146.55, "Plan Rows": 438, "Plan Width": 24, "Inner Unique": true, "Plans": [{"Node Type": "Aggregate", "Strategy": "Hashed", "Parent Relationship": "Outer", "Startup Cost": 128691.05, "Total Cost": 128884.11, "Plan Rows": 11032, "Plan Width": 16, "Group By Key": ["public.lineitem.l_partkey"], "Plans": [{"Node Type": "Nested Loop", "Parent Relationship": "Outer", "Join Type": "Inner", "Startup Cost": 0.0, "Total Cost": 128608.31, "Plan Rows": 11032, "Plan Width": 16, "Inner Unique": false, "Plans": [{"Node Type": "Seq Scan", "Parent Relationship": "Outer", "Relation Name": "part", "Alias": "part", "Startup Cost": 0.0, "Total Cost": 71944.0, "Plan Rows": 2001, "Plan Width": 8, "Filter": "((p_brand = 'Brand#44'::bpchar) AND (p_container = 'WRAP PKG'::bpchar))"}, {"Node Type": "Index Scan", "Parent Relationship": "Inner", "Scan Direction": "Forward", "Index Name": "idx_lineitem_part_supp", "Relation Name": "lineitem", "Alias": "lineitem", "Startup Cost": 0.0, "Total Cost": 28.26, "Plan Rows": 6, "Plan Width": 16, "Index Cond": "(l_partkey = public.part.p_partkey)"}]}]}, {"Node Type": "Index Scan", "Parent Relationship": "Inner", "Scan Direction": "Forward", "Index Name": "part_kpey", "Relation Name": "part", "Alias": "part", "Startup Cost": 0.0, "Total Cost": 6.08, "Plan Rows": 1, "Plan Width": 8, "Index Cond": "(p_partkey = public.lineitem.l_partkey)", "Filter": "((p_brand = 'Brand#44'::bpchar) AND (p_container = 'WRAP PKG'::bpchar))"}]}, {"Node Type": "Index Scan", "Parent Relationship": "Inner", "Scan Direction": "Forward", "Index Name": "idx_lineitem_part_supp", "Relation Name": "lineitem", "Alias": "lineitem", "Startup Cost": 0.0, "Total Cost": 27.78, "Plan Rows": 2, "Plan Width": 24, "Index Cond": "(l_partkey = public.lineitem.l_partkey)", "Filter": "(l_quantity < (.2::double precision * (avg(public.lineitem.l_quantity))))"}]}]}, "Unique SQL Id": 1080450481}, "explain_analyze_plan": {"Plan": {"Node Type": "Aggregate", "Strategy": "Plain", "Startup Cost": 208324.62, "Total Cost": 208324.63, "Plan Rows": 1, "Plan Width": 16, "Actual Startup Time": 1125.155, "Actual Total Time": 1125.155, "Actual Rows": 1, "Actual Loops": 1, "Plans": [{"Node Type": "Nested Loop", "Parent Relationship": "Outer", "Join Type": "Inner", "Startup Cost": 128691.05, "Total Cost": 208322.6, "Plan Rows": 806, "Plan Width": 8, "Actual Startup Time": 968.471, "Actual Total Time": 1124.094, "Actual Rows": 5403, "Actual Loops": 1, "Inner Unique": false, "Plans": [{"Node Type": "Nested Loop", "Parent Relationship": "Outer", "Join Type": "Inner", "Startup Cost": 128691.05, "Total Cost": 196146.55, "Plan Rows": 438, "Plan Width": 24, "Actual Startup Time": 968.443, "Actual Total Time": 984.459, "Actual Rows": 2003, "Actual Loops": 1, "Inner Unique": true, "Plans": [{"Node Type": "Aggregate", "Strategy": "Hashed", "Parent Relationship": "Outer", "Startup Cost": 128691.05, "Total Cost": 128884.11, "Plan Rows": 11032, "Plan Width": 16, "Actual Startup Time": 968.416, "Actual Total Time": 969.922, "Actual Rows": 2003, "Actual Loops": 1, "Group By Key": ["public.lineitem.l_partkey"], "Plans": [{"Node Type": "Nested Loop", "Parent Relationship": "Outer", "Join Type": "Inner", "Startup Cost": 0.0, "Total Cost": 128608.31, "Plan Rows": 11032, "Plan Width": 16, "Actual Startup Time": 0.373, "Actual Total Time": 927.032, "Actual Rows": 60021, "Actual Loops": 1, "Inner Unique": false, "Plans": [{"Node Type": "Seq Scan", "Parent Relationship": "Outer", "Relation Name": "part", "Alias": "part", "Startup Cost": 0.0, "Total Cost": 71944.0, "Plan Rows": 2001, "Plan Width": 8, "Actual Startup Time": 0.35, "Actual Total Time": 770.343, "Actual Rows": 2003, "Actual Loops": 1, "Filter": "((p_brand = 'Brand#44'::bpchar) AND (p_container = 'WRAP PKG'::bpchar))", "Rows Removed by Filter": 1997997}, {"Node Type": "Index Scan", "Parent Relationship": "Inner", "Scan Direction": "Forward", "Index Name": "idx_lineitem_part_supp", "Relation Name": "lineitem", "Alias": "lineitem", "Startup Cost": 0.0, "Total Cost": 28.26, "Plan Rows": 6, "Plan Width": 16, "Actual Startup Time": 21.245, "Actual Total Time": 142.059, "Actual Rows": 60021, "Actual Loops": 2003, "Index Cond": "(l_partkey = public.part.p_partkey)", "Rows Removed by Index Recheck": 0}]}]}, {"Node Type": "Index Scan", "Parent Relationship": "Inner", "Scan Direction": "Forward", "Index Name": "part_kpey", "Relation Name": "part", "Alias": "part", "Startup Cost": 0.0, "Total Cost": 6.08, "Plan Rows": 1, "Plan Width": 8, "Actual Startup Time": 12.854, "Actual Total Time": 12.854, "Actual Rows": 2003, "Actual Loops": 2003, "Index Cond": "(p_partkey = public.lineitem.l_partkey)", "Rows Removed by Index Recheck": 0, "Filter": "((p_brand = 'Brand#44'::bpchar) AND (p_container = 'WRAP PKG'::bpchar))", "Rows Removed by Filter": 0}]}, {"Node Type": "Index Scan", "Parent Relationship": "Inner", "Scan Direction": "Forward", "Index Name": "idx_lineitem_part_supp", "Relation Name": "lineitem", "Alias": "lineitem", "Startup Cost": 0.0, "Total Cost": 27.78, "Plan Rows": 2, "Plan Width": 24, "Actual Startup Time": 57.238, "Actual Total Time": 137.264, "Actual Rows": 5403, "Actual Loops": 2003, "Index Cond": "(l_partkey = public.lineitem.l_partkey)", "Rows Removed by Index Recheck": 0, "Filter": "(l_quantity < (.2::double precision * (avg(public.lineitem.l_quantity))))", "Rows Removed by Filter": 54618}]}]}, "Triggers": [], "Planner Runtime": 1.327, "Total Runtime": 1125.393, "Unique SQL Id": 1080450481}}, "(1, 29)": {"explain_plan": {"Plan": {"Node Type": "Aggregate", "Strategy": "Plain", "Startup Cost": 247183.87, "Total Cost": 247183.88, "Plan Rows": 1, "Plan Width": 16, "Plans": [{"Node Type": "Nested Loop", "Parent Relationship": "Outer", "Join Type": "Inner", "Startup Cost": 0.0, "Total Cost": 247181.85, "Plan Rows": 806, "Plan Width": 8, "Inner Unique": false, "Plans": [{"Node Type": "Nested Loop", "Parent Relationship": "Outer", "Join Type": "Inner", "Startup Cost": 0.0, "Total Cost": 235005.8, "Plan Rows": 438, "Plan Width": 24, "Inner Unique": true, "Plans": [{"Node Type": "Aggregate", "Strategy": "Sorted", "Parent Relationship": "Outer", "Startup Cost": 0.0, "Total Cost": 167743.36, "Plan Rows": 11032, "Plan Width": 80, "Group By Key": ["public.lineitem.l_partkey"], "Plans": [{"Node Type": "Nested Loop", "Parent Relationship": "Outer", "Join Type": "Inner", "Startup Cost": 0.0, "Total Cost": 167467.56, "Plan Rows": 11032, "Plan Width": 16, "Inner Unique": false, "Plans": [{"Node Type": "Index Scan", "Parent Relationship": "Outer", "Scan Direction": "Forward", "Index Name": "part_kpey", "Relation Name": "part", "Alias": "part", "Startup Cost": 0.0, "Total Cost": 110803.25, "Plan Rows": 2001, "Plan Width": 8, "Filter": "((p_brand = 'Brand#44'::bpchar) AND (p_container = 'WRAP PKG'::bpchar))"}, {"Node Type": "Index Scan", "Parent Relationship": "Inner", "Scan Direction": "Forward", "Index Name": "idx_lineitem_part_supp", "Relation Name": "lineitem", "Alias": "lineitem", "Startup Cost": 0.0, "Total Cost": 28.26, "Plan Rows": 6, "Plan Width": 16, "Index Cond": "(l_partkey = public.part.p_partkey)"}]}]}, {"Node Type": "Index Scan", "Parent Relationship": "Inner", "Scan Direction": "Forward", "Index Name": "part_kpey", "Relation Name": "part", "Alias": "part", "Startup Cost": 0.0, "Total Cost": 6.08, "Plan Rows": 1, "Plan Width": 8, "Index Cond": "(p_partkey = public.lineitem.l_partkey)", "Filter": "((p_brand = 'Brand#44'::bpchar) AND (p_container = 'WRAP PKG'::bpchar))"}]}, {"Node Type": "Index Scan", "Parent Relationship": "Inner", "Scan Direction": "Forward", "Index Name": "idx_lineitem_part_supp", "Relation Name": "lineitem", "Alias": "lineitem", "Startup Cost": 0.0, "Total Cost": 27.78, "Plan Rows": 2, "Plan Width": 24, "Index Cond": "(l_partkey = public.lineitem.l_partkey)", "Filter": "(l_quantity < (.2::double precision * (avg(public.lineitem.l_quantity))))"}]}]}, "Unique SQL Id": 1080450481}, "explain_analyze_plan": {"Plan": {"Node Type": "Aggregate", "Strategy": "Plain", "Startup Cost": 247183.87, "Total Cost": 247183.88, "Plan Rows": 1, "Plan Width": 16, "Actual Startup Time": 1657.115, "Actual Total Time": 1657.115, "Actual Rows": 1, "Actual Loops": 1, "Plans": [{"Node Type": "Nested Loop", "Parent Relationship": "Outer", "Join Type": "Inner", "Startup Cost": 0.0, "Total Cost": 247181.85, "Plan Rows": 806, "Plan Width": 8, "Actual Startup Time": 1.741, "Actual Total Time": 1655.898, "Actual Rows": 5403, "Actual Loops": 1, "Inner Unique": false, "Plans": [{"Node Type": "Nested Loop", "Parent Relationship": "Outer", "Join Type": "Inner", "Startup Cost": 0.0, "Total Cost": 235005.8, "Plan Rows": 438, "Plan Width": 24, "Actual Startup Time": 1.699, "Actual Total Time": 1576.826, "Actual Rows": 2003, "Actual Loops": 1, "Inner Unique": true, "Plans": [{"Node Type": "Aggregate", "Strategy": "Sorted", "Parent Relationship": "Outer", "Startup Cost": 0.0, "Total Cost": 167743.36, "Plan Rows": 11032, "Plan Width": 80, "Actual Startup Time": 1.686, "Actual Total Time": 1564.989, "Actual Rows": 2003, "Actual Loops": 1, "Group By Key": ["public.lineitem.l_partkey"], "Plans": [{"Node Type": "Nested Loop", "Parent Relationship": "Outer", "Join Type": "Inner", "Startup Cost": 0.0, "Total Cost": 167467.56, "Plan Rows": 11032, "Plan Width": 16, "Actual Startup Time": 0.571, "Actual Total Time": 1531.613, "Actual Rows": 60021, "Actual Loops": 1, "Inner Unique": false, "Plans": [{"Node Type": "Index Scan", "Parent Relationship": "Outer", "Scan Direction": "Forward", "Index Name": "part_kpey", "Relation Name": "part", "Alias": "part", "Startup Cost": 0.0, "Total Cost": 110803.25, "Plan Rows": 2001, "Plan Width": 8, "Actual Startup Time": 0.553, "Actual Total Time": 1347.731, "Actual Rows": 2003, "Actual Loops": 1, "Filter": "((p_brand = 'Brand#44'::bpchar) AND (p_container = 'WRAP PKG'::bpchar))", "Rows Removed by Filter": 1997997}, {"Node Type": "Index Scan", "Parent Relationship": "Inner", "Scan Direction": "Forward", "Index Name": "idx_lineitem_part_supp", "Relation Name": "lineitem", "Alias": "lineitem", "Startup Cost": 0.0, "Total Cost": 28.26, "Plan Rows": 6, "Plan Width": 16, "Actual Startup Time": 23.7, "Actual Total Time": 168.192, "Actual Rows": 60021, "Actual Loops": 2003, "Index Cond": "(l_partkey = public.part.p_partkey)", "Rows Removed by Index Recheck": 0}]}]}, {"Node Type": "Index Scan", "Parent Relationship": "Inner", "Scan Direction": "Forward", "Index Name": "part_kpey", "Relation Name": "part", "Alias": "part", "Startup Cost": 0.0, "Total Cost": 6.08, "Plan Rows": 1, "Plan Width": 8, "Actual Startup Time": 9.266, "Actual Total Time": 9.266, "Actual Rows": 2003, "Actual Loops": 2003, "Index Cond": "(p_partkey = public.lineitem.l_partkey)", "Rows Removed by Index Recheck": 0, "Filter": "((p_brand = 'Brand#44'::bpchar) AND (p_container = 'WRAP PKG'::bpchar))", "Rows Removed by Filter": 0}]}, {"Node Type": "Index Scan", "Parent Relationship": "Inner", "Scan Direction": "Forward", "Index Name": "idx_lineitem_part_supp", "Relation Name": "lineitem", "Alias": "lineitem", "Startup Cost": 0.0, "Total Cost": 27.78, "Plan Rows": 2, "Plan Width": 24, "Actual Startup Time": 33.161, "Actual Total Time": 76.14, "Actual Rows": 5403, "Actual Loops": 2003, "Index Cond": "(l_partkey = public.lineitem.l_partkey)", "Rows Removed by Index Recheck": 0, "Filter": "(l_quantity < (.2::double precision * (avg(public.lineitem.l_quantity))))", "Rows Removed by Filter": 54618}]}]}, "Triggers": [], "Planner Runtime": 1.323, "Total Runtime": 1657.326, "Unique SQL Id": 1080450481}}, "(1, 30)": {"explain_plan": {"Plan": {"Node Type": "Aggregate", "Strategy": "Plain", "Startup Cost": 20274334.15, "Total Cost": 20274334.16, "Plan Rows": 1, "Plan Width": 16, "Plans": [{"Node Type": "Merge Join", "Parent Relationship": "Outer", "Join Type": "Inner", "Startup Cost": 19673876.07, "Total Cost": 20274332.13, "Plan Rows": 806, "Plan Width": 8, "Inner Unique": false, "Merge Cond": "(public.lineitem.l_partkey = public.lineitem.l_partkey)", "Join Filter": "(public.lineitem.l_quantity < (.2::double precision * (avg(public.lineitem.l_quantity))))", "Plans": [{"Node Type": "Merge Join", "Parent Relationship": "Outer", "Join Type": "Inner", "Startup Cost": 9908991.76, "Total Cost": 10209475.33, "Plan Rows": 438, "Plan Width": 24, "Inner Unique": true, "Merge Cond": "(public.lineitem.l_partkey = public.part.p_partkey)", "Plans": [{"Node Type": "Aggregate", "Strategy": "Sorted", "Parent Relationship": "Outer", "Startup Cost": 9836938.04, "Total Cost": 10137269.33, "Plan Rows": 11032, "Plan Width": 80, "Group By Key": ["public.lineitem.l_partkey"], "Plans": [{"Node Type": "Merge Join", "Parent Relationship": "Outer", "Join Type": "Inner", "Startup Cost": 9836938.04, "Total Cost": 10136993.53, "Plan Rows": 11032, "Plan Width": 16, "Inner Unique": false, "Merge Cond": "(public.part.p_partkey = public.lineitem.l_partkey)", "Plans": [{"Node Type": "Sort", "Parent Relationship": "Outer", "Startup Cost": 72053.72, "Total Cost": 72058.72, "Plan Rows": 2001, "Plan Width": 8, "Sort Key": ["public.part.p_partkey"], "Plans": [{"Node Type": "Seq Scan", "Parent Relationship": "Outer", "Relation Name": "part", "Alias": "part", "Startup Cost": 0.0, "Total Cost": 71944.0, "Plan Rows": 2001, "Plan Width": 8, "Filter": "((p_brand = 'Brand#44'::bpchar) AND (p_container = 'WRAP PKG'::bpchar))"}]}, {"Node Type": "Sort", "Parent Relationship": "Inner", "Startup Cost": 9764884.32, "Total Cost": 9914851.9, "Plan Rows": 59987033, "Plan Width": 16, "Sort Key": ["public.lineitem.l_partkey"], "Plans": [{"Node Type": "Seq Scan", "Parent Relationship": "Outer", "Relation Name": "lineitem", "Alias": "lineitem", "Startup Cost": 0.0, "Total Cost": 2015115.33, "Plan Rows": 59987033, "Plan Width": 16}]}]}]}, {"Node Type": "Sort", "Parent Relationship": "Inner", "Startup Cost": 72053.72, "Total Cost": 72058.72, "Plan Rows": 2001, "Plan Width": 8, "Sort Key": ["public.part.p_partkey"], "Plans": [{"Node Type": "Seq Scan", "Parent Relationship": "Outer", "Relation Name": "part", "Alias": "part", "Startup Cost": 0.0, "Total Cost": 71944.0, "Plan Rows": 2001, "Plan Width": 8, "Filter": "((p_brand = 'Brand#44'::bpchar) AND (p_container = 'WRAP PKG'::bpchar))"}]}]}, {"Node Type": "Sort", "Parent Relationship": "Inner", "Startup Cost": 9764884.32, "Total Cost": 9914851.9, "Plan Rows": 59987033, "Plan Width": 24, "Sort Key": ["public.lineitem.l_partkey"], "Plans": [{"Node Type": "Seq Scan", "Parent Relationship": "Outer", "Relation Name": "lineitem", "Alias": "lineitem", "Startup Cost": 0.0, "Total Cost": 2015115.33, "Plan Rows": 59987033, "Plan Width": 24}]}]}]}, "Unique SQL Id": 1080450481}, "explain_analyze_plan": null}, "(1, 31)": {"explain_plan": {"Plan": {"Node Type": "Aggregate", "Strategy": "Plain", "Startup Cost": 4001573244062.54, "Total Cost": 4001573244062.55, "Plan Rows": 1, "Plan Width": 16, "Plans": [{"Node Type": "Merge Join", "Parent Relationship": "Outer", "Join Type": "Inner", "Startup Cost": 40000000000.0, "Total Cost": 4001573244060.52, "Plan Rows": 806, "Plan Width": 8, "Inner Unique": true, "Merge Cond": "(public.part.p_partkey = public.lineitem.l_partkey)", "Join Filter": "(public.lineitem.l_quantity < (.2::double precision * (avg(public.lineitem.l_quantity))))", "Plans": [{"Node Type": "Merge Join", "Parent Relationship": "Outer", "Join Type": "Inner", "Startup Cost": 20000000000.0, "Total Cost": 2000786621777.7, "Plan Rows": 11032, "Plan Width": 32, "Inner Unique": true, "Merge Cond": "(public.lineitem.l_partkey = public.part.p_partkey)", "Plans": [{"Node Type": "Index Scan", "Parent Relationship": "Outer", "Scan Direction": "Forward", "Index Name": "idx_lineitem_part_supp", "Relation Name": "lineitem", "Alias": "lineitem", "Startup Cost": 10000000000.0, "Total Cost": 1000775391319.64, "Plan Rows": 59987033, "Plan Width": 24}, {"Node Type": "Materialize", "Parent Relationship": "Inner", "Startup Cost": 10000000000.0, "Total Cost": 1000011080330.0, "Plan Rows": 2001, "Plan Width": 8, "Plans": [{"Node Type": "Index Scan", "Parent Relationship": "Outer", "Scan Direction": "Forward", "Index Name": "part_kpey", "Relation Name": "part", "Alias": "part", "Startup Cost": 10000000000.0, "Total Cost": 1000011080325.0, "Plan Rows": 2001, "Plan Width": 8, "Filter": "((p_brand = 'Brand#44'::bpchar) AND (p_container = 'WRAP PKG'::bpchar))"}]}]}, {"Node Type": "Materialize", "Parent Relationship": "Inner", "Startup Cost": 20000000000.0, "Total Cost": 2000786622191.4, "Plan Rows": 11032, "Plan Width": 16, "Plans": [{"Node Type": "Aggregate", "Strategy": "Sorted", "Parent Relationship": "Outer", "Startup Cost": 20000000000.0, "Total Cost": 2000786622053.5, "Plan Rows": 11032, "Plan Width": 80, "Group By Key": ["public.lineitem.l_partkey"], "Plans": [{"Node Type": "Merge Join", "Parent Relationship": "Outer", "Join Type": "Semi", "Startup Cost": 20000000000.0, "Total Cost": 2000786621777.7, "Plan Rows": 11032, "Plan Width": 16, "Inner Unique": false, "Merge Cond": "(public.lineitem.l_partkey = public.part.p_partkey)", "Plans": [{"Node Type": "Index Scan", "Parent Relationship": "Outer", "Scan Direction": "Forward", "Index Name": "idx_lineitem_part_supp", "Relation Name": "lineitem", "Alias": "lineitem", "Startup Cost": 10000000000.0, "Total Cost": 1000775391319.64, "Plan Rows": 59987033, "Plan Width": 16}, {"Node Type": "Materialize", "Parent Relationship": "Inner", "Startup Cost": 10000000000.0, "Total Cost": 1000011080330.0, "Plan Rows": 2001, "Plan Width": 8, "Plans": [{"Node Type": "Index Scan", "Parent Relationship": "Outer", "Scan Direction": "Forward", "Index Name": "part_kpey", "Relation Name": "part", "Alias": "part", "Startup Cost": 10000000000.0, "Total Cost": 1000011080325.0, "Plan Rows": 2001, "Plan Width": 8, "Filter": "((p_brand = 'Brand#44'::bpchar) AND (p_container = 'WRAP PKG'::bpchar))"}]}]}]}]}]}]}, "Unique SQL Id": 1080450481}, "explain_analyze_plan": null}, "(1, 32)": {"explain_plan": {"Plan": {"Node Type": "Aggregate", "Strategy": "Plain", "Startup Cost": 208324.62, "Total Cost": 208324.63, "Plan Rows": 1, "Plan Width": 16, "Plans": [{"Node Type": "Nested Loop", "Parent Relationship": "Outer", "Join Type": "Inner", "Startup Cost": 128691.05, "Total Cost": 208322.6, "Plan Rows": 806, "Plan Width": 8, "Inner Unique": false, "Plans": [{"Node Type": "Nested Loop", "Parent Relationship": "Outer", "Join Type": "Inner", "Startup Cost": 128691.05, "Total Cost": 196146.55, "Plan Rows": 438, "Plan Width": 24, "Inner Unique": true, "Plans": [{"Node Type": "Aggregate", "Strategy": "Hashed", "Parent Relationship": "Outer", "Startup Cost": 128691.05, "Total Cost": 128884.11, "Plan Rows": 11032, "Plan Width": 16, "Group By Key": ["public.lineitem.l_partkey"], "Plans": [{"Node Type": "Nested Loop", "Parent Relationship": "Outer", "Join Type": "Inner", "Startup Cost": 0.0, "Total Cost": 128608.31, "Plan Rows": 11032, "Plan Width": 16, "Inner Unique": false, "Plans": [{"Node Type": "Seq Scan", "Parent Relationship": "Outer", "Relation Name": "part", "Alias": "part", "Startup Cost": 0.0, "Total Cost": 71944.0, "Plan Rows": 2001, "Plan Width": 8, "Filter": "((p_brand = 'Brand#44'::bpchar) AND (p_container = 'WRAP PKG'::bpchar))"}, {"Node Type": "Index Scan", "Parent Relationship": "Inner", "Scan Direction": "Forward", "Index Name": "idx_lineitem_part_supp", "Relation Name": "lineitem", "Alias": "lineitem", "Startup Cost": 0.0, "Total Cost": 28.26, "Plan Rows": 6, "Plan Width": 16, "Index Cond": "(l_partkey = public.part.p_partkey)"}]}]}, {"Node Type": "Index Scan", "Parent Relationship": "Inner", "Scan Direction": "Forward", "Index Name": "part_kpey", "Relation Name": "part", "Alias": "part", "Startup Cost": 0.0, "Total Cost": 6.08, "Plan Rows": 1, "Plan Width": 8, "Index Cond": "(p_partkey = public.lineitem.l_partkey)", "Filter": "((p_brand = 'Brand#44'::bpchar) AND (p_container = 'WRAP PKG'::bpchar))"}]}, {"Node Type": "Index Scan", "Parent Relationship": "Inner", "Scan Direction": "Forward", "Index Name": "idx_lineitem_part_supp", "Relation Name": "lineitem", "Alias": "lineitem", "Startup Cost": 0.0, "Total Cost": 27.78, "Plan Rows": 2, "Plan Width": 24, "Index Cond": "(l_partkey = public.lineitem.l_partkey)", "Filter": "(l_quantity < (.2::double precision * (avg(public.lineitem.l_quantity))))"}]}]}, "Unique SQL Id": 1080450481}, "explain_analyze_plan": {"Plan": {"Node Type": "Aggregate", "Strategy": "Plain", "Startup Cost": 208324.62, "Total Cost": 208324.63, "Plan Rows": 1, "Plan Width": 16, "Actual Startup Time": 1125.155, "Actual Total Time": 1125.155, "Actual Rows": 1, "Actual Loops": 1, "Plans": [{"Node Type": "Nested Loop", "Parent Relationship": "Outer", "Join Type": "Inner", "Startup Cost": 128691.05, "Total Cost": 208322.6, "Plan Rows": 806, "Plan Width": 8, "Actual Startup Time": 968.471, "Actual Total Time": 1124.094, "Actual Rows": 5403, "Actual Loops": 1, "Inner Unique": false, "Plans": [{"Node Type": "Nested Loop", "Parent Relationship": "Outer", "Join Type": "Inner", "Startup Cost": 128691.05, "Total Cost": 196146.55, "Plan Rows": 438, "Plan Width": 24, "Actual Startup Time": 968.443, "Actual Total Time": 984.459, "Actual Rows": 2003, "Actual Loops": 1, "Inner Unique": true, "Plans": [{"Node Type": "Aggregate", "Strategy": "Hashed", "Parent Relationship": "Outer", "Startup Cost": 128691.05, "Total Cost": 128884.11, "Plan Rows": 11032, "Plan Width": 16, "Actual Startup Time": 968.416, "Actual Total Time": 969.922, "Actual Rows": 2003, "Actual Loops": 1, "Group By Key": ["public.lineitem.l_partkey"], "Plans": [{"Node Type": "Nested Loop", "Parent Relationship": "Outer", "Join Type": "Inner", "Startup Cost": 0.0, "Total Cost": 128608.31, "Plan Rows": 11032, "Plan Width": 16, "Actual Startup Time": 0.373, "Actual Total Time": 927.032, "Actual Rows": 60021, "Actual Loops": 1, "Inner Unique": false, "Plans": [{"Node Type": "Seq Scan", "Parent Relationship": "Outer", "Relation Name": "part", "Alias": "part", "Startup Cost": 0.0, "Total Cost": 71944.0, "Plan Rows": 2001, "Plan Width": 8, "Actual Startup Time": 0.35, "Actual Total Time": 770.343, "Actual Rows": 2003, "Actual Loops": 1, "Filter": "((p_brand = 'Brand#44'::bpchar) AND (p_container = 'WRAP PKG'::bpchar))", "Rows Removed by Filter": 1997997}, {"Node Type": "Index Scan", "Parent Relationship": "Inner", "Scan Direction": "Forward", "Index Name": "idx_lineitem_part_supp", "Relation Name": "lineitem", "Alias": "lineitem", "Startup Cost": 0.0, "Total Cost": 28.26, "Plan Rows": 6, "Plan Width": 16, "Actual Startup Time": 21.245, "Actual Total Time": 142.059, "Actual Rows": 60021, "Actual Loops": 2003, "Index Cond": "(l_partkey = public.part.p_partkey)", "Rows Removed by Index Recheck": 0}]}]}, {"Node Type": "Index Scan", "Parent Relationship": "Inner", "Scan Direction": "Forward", "Index Name": "part_kpey", "Relation Name": "part", "Alias": "part", "Startup Cost": 0.0, "Total Cost": 6.08, "Plan Rows": 1, "Plan Width": 8, "Actual Startup Time": 12.854, "Actual Total Time": 12.854, "Actual Rows": 2003, "Actual Loops": 2003, "Index Cond": "(p_partkey = public.lineitem.l_partkey)", "Rows Removed by Index Recheck": 0, "Filter": "((p_brand = 'Brand#44'::bpchar) AND (p_container = 'WRAP PKG'::bpchar))", "Rows Removed by Filter": 0}]}, {"Node Type": "Index Scan", "Parent Relationship": "Inner", "Scan Direction": "Forward", "Index Name": "idx_lineitem_part_supp", "Relation Name": "lineitem", "Alias": "lineitem", "Startup Cost": 0.0, "Total Cost": 27.78, "Plan Rows": 2, "Plan Width": 24, "Actual Startup Time": 57.238, "Actual Total Time": 137.264, "Actual Rows": 5403, "Actual Loops": 2003, "Index Cond": "(l_partkey = public.lineitem.l_partkey)", "Rows Removed by Index Recheck": 0, "Filter": "(l_quantity < (.2::double precision * (avg(public.lineitem.l_quantity))))", "Rows Removed by Filter": 54618}]}]}, "Triggers": [], "Planner Runtime": 1.327, "Total Runtime": 1125.393, "Unique SQL Id": 1080450481}}, "(1, 33)": {"explain_plan": {"Plan": {"Node Type": "Aggregate", "Strategy": "Plain", "Startup Cost": 247183.87, "Total Cost": 247183.88, "Plan Rows": 1, "Plan Width": 16, "Plans": [{"Node Type": "Nested Loop", "Parent Relationship": "Outer", "Join Type": "Inner", "Startup Cost": 0.0, "Total Cost": 247181.85, "Plan Rows": 806, "Plan Width": 8, "Inner Unique": false, "Plans": [{"Node Type": "Nested Loop", "Parent Relationship": "Outer", "Join Type": "Inner", "Startup Cost": 0.0, "Total Cost": 235005.8, "Plan Rows": 438, "Plan Width": 24, "Inner Unique": true, "Plans": [{"Node Type": "Aggregate", "Strategy": "Sorted", "Parent Relationship": "Outer", "Startup Cost": 0.0, "Total Cost": 167743.36, "Plan Rows": 11032, "Plan Width": 80, "Group By Key": ["public.lineitem.l_partkey"], "Plans": [{"Node Type": "Nested Loop", "Parent Relationship": "Outer", "Join Type": "Inner", "Startup Cost": 0.0, "Total Cost": 167467.56, "Plan Rows": 11032, "Plan Width": 16, "Inner Unique": false, "Plans": [{"Node Type": "Index Scan", "Parent Relationship": "Outer", "Scan Direction": "Forward", "Index Name": "part_kpey", "Relation Name": "part", "Alias": "part", "Startup Cost": 0.0, "Total Cost": 110803.25, "Plan Rows": 2001, "Plan Width": 8, "Filter": "((p_brand = 'Brand#44'::bpchar) AND (p_container = 'WRAP PKG'::bpchar))"}, {"Node Type": "Index Scan", "Parent Relationship": "Inner", "Scan Direction": "Forward", "Index Name": "idx_lineitem_part_supp", "Relation Name": "lineitem", "Alias": "lineitem", "Startup Cost": 0.0, "Total Cost": 28.26, "Plan Rows": 6, "Plan Width": 16, "Index Cond": "(l_partkey = public.part.p_partkey)"}]}]}, {"Node Type": "Index Scan", "Parent Relationship": "Inner", "Scan Direction": "Forward", "Index Name": "part_kpey", "Relation Name": "part", "Alias": "part", "Startup Cost": 0.0, "Total Cost": 6.08, "Plan Rows": 1, "Plan Width": 8, "Index Cond": "(p_partkey = public.lineitem.l_partkey)", "Filter": "((p_brand = 'Brand#44'::bpchar) AND (p_container = 'WRAP PKG'::bpchar))"}]}, {"Node Type": "Index Scan", "Parent Relationship": "Inner", "Scan Direction": "Forward", "Index Name": "idx_lineitem_part_supp", "Relation Name": "lineitem", "Alias": "lineitem", "Startup Cost": 0.0, "Total Cost": 27.78, "Plan Rows": 2, "Plan Width": 24, "Index Cond": "(l_partkey = public.lineitem.l_partkey)", "Filter": "(l_quantity < (.2::double precision * (avg(public.lineitem.l_quantity))))"}]}]}, "Unique SQL Id": 1080450481}, "explain_analyze_plan": {"Plan": {"Node Type": "Aggregate", "Strategy": "Plain", "Startup Cost": 247183.87, "Total Cost": 247183.88, "Plan Rows": 1, "Plan Width": 16, "Actual Startup Time": 1657.115, "Actual Total Time": 1657.115, "Actual Rows": 1, "Actual Loops": 1, "Plans": [{"Node Type": "Nested Loop", "Parent Relationship": "Outer", "Join Type": "Inner", "Startup Cost": 0.0, "Total Cost": 247181.85, "Plan Rows": 806, "Plan Width": 8, "Actual Startup Time": 1.741, "Actual Total Time": 1655.898, "Actual Rows": 5403, "Actual Loops": 1, "Inner Unique": false, "Plans": [{"Node Type": "Nested Loop", "Parent Relationship": "Outer", "Join Type": "Inner", "Startup Cost": 0.0, "Total Cost": 235005.8, "Plan Rows": 438, "Plan Width": 24, "Actual Startup Time": 1.699, "Actual Total Time": 1576.826, "Actual Rows": 2003, "Actual Loops": 1, "Inner Unique": true, "Plans": [{"Node Type": "Aggregate", "Strategy": "Sorted", "Parent Relationship": "Outer", "Startup Cost": 0.0, "Total Cost": 167743.36, "Plan Rows": 11032, "Plan Width": 80, "Actual Startup Time": 1.686, "Actual Total Time": 1564.989, "Actual Rows": 2003, "Actual Loops": 1, "Group By Key": ["public.lineitem.l_partkey"], "Plans": [{"Node Type": "Nested Loop", "Parent Relationship": "Outer", "Join Type": "Inner", "Startup Cost": 0.0, "Total Cost": 167467.56, "Plan Rows": 11032, "Plan Width": 16, "Actual Startup Time": 0.571, "Actual Total Time": 1531.613, "Actual Rows": 60021, "Actual Loops": 1, "Inner Unique": false, "Plans": [{"Node Type": "Index Scan", "Parent Relationship": "Outer", "Scan Direction": "Forward", "Index Name": "part_kpey", "Relation Name": "part", "Alias": "part", "Startup Cost": 0.0, "Total Cost": 110803.25, "Plan Rows": 2001, "Plan Width": 8, "Actual Startup Time": 0.553, "Actual Total Time": 1347.731, "Actual Rows": 2003, "Actual Loops": 1, "Filter": "((p_brand = 'Brand#44'::bpchar) AND (p_container = 'WRAP PKG'::bpchar))", "Rows Removed by Filter": 1997997}, {"Node Type": "Index Scan", "Parent Relationship": "Inner", "Scan Direction": "Forward", "Index Name": "idx_lineitem_part_supp", "Relation Name": "lineitem", "Alias": "lineitem", "Startup Cost": 0.0, "Total Cost": 28.26, "Plan Rows": 6, "Plan Width": 16, "Actual Startup Time": 23.7, "Actual Total Time": 168.192, "Actual Rows": 60021, "Actual Loops": 2003, "Index Cond": "(l_partkey = public.part.p_partkey)", "Rows Removed by Index Recheck": 0}]}]}, {"Node Type": "Index Scan", "Parent Relationship": "Inner", "Scan Direction": "Forward", "Index Name": "part_kpey", "Relation Name": "part", "Alias": "part", "Startup Cost": 0.0, "Total Cost": 6.08, "Plan Rows": 1, "Plan Width": 8, "Actual Startup Time": 9.266, "Actual Total Time": 9.266, "Actual Rows": 2003, "Actual Loops": 2003, "Index Cond": "(p_partkey = public.lineitem.l_partkey)", "Rows Removed by Index Recheck": 0, "Filter": "((p_brand = 'Brand#44'::bpchar) AND (p_container = 'WRAP PKG'::bpchar))", "Rows Removed by Filter": 0}]}, {"Node Type": "Index Scan", "Parent Relationship": "Inner", "Scan Direction": "Forward", "Index Name": "idx_lineitem_part_supp", "Relation Name": "lineitem", "Alias": "lineitem", "Startup Cost": 0.0, "Total Cost": 27.78, "Plan Rows": 2, "Plan Width": 24, "Actual Startup Time": 33.161, "Actual Total Time": 76.14, "Actual Rows": 5403, "Actual Loops": 2003, "Index Cond": "(l_partkey = public.lineitem.l_partkey)", "Rows Removed by Index Recheck": 0, "Filter": "(l_quantity < (.2::double precision * (avg(public.lineitem.l_quantity))))", "Rows Removed by Filter": 54618}]}]}, "Triggers": [], "Planner Runtime": 1.323, "Total Runtime": 1657.326, "Unique SQL Id": 1080450481}}, "(1, 34)": {"explain_plan": {"Plan": {"Node Type": "Aggregate", "Strategy": "Plain", "Startup Cost": 213754.44, "Total Cost": 213754.45, "Plan Rows": 1, "Plan Width": 16, "Plans": [{"Node Type": "Nested Loop", "Parent Relationship": "Outer", "Join Type": "Inner", "Startup Cost": 129265.51, "Total Cost": 213752.42, "Plan Rows": 806, "Plan Width": 8, "Inner Unique": false, "Plans": [{"Node Type": "Hash Join", "Parent Relationship": "Outer", "Join Type": "Inner", "Startup Cost": 129261.29, "Total Cost": 201352.24, "Plan Rows": 438, "Plan Width": 24, "Inner Unique": true, "Hash Cond": "(public.part.p_partkey = subquery.\"?column?\")", "Plans": [{"Node Type": "Seq Scan", "Parent Relationship": "Outer", "Relation Name": "part", "Alias": "part", "Startup Cost": 0.0, "Total Cost": 71944.0, "Plan Rows": 2001, "Plan Width": 8, "Filter": "((p_brand = 'Brand#44'::bpchar) AND (p_container = 'WRAP PKG'::bpchar))"}, {"Node Type": "Hash", "Parent Relationship": "Inner", "Startup Cost": 129123.39, "Total Cost": 129123.39, "Plan Rows": 11032, "Plan Width": 16, "Plans": [{"Node Type": "Subquery Scan", "Parent Relationship": "Outer", "Alias": "subquery", "Startup Cost": 128820.01, "Total Cost": 129123.39, "Plan Rows": 11032, "Plan Width": 16, "Plans": [{"Node Type": "Aggregate", "Strategy": "Hashed", "Parent Relationship": "Subquery", "Startup Cost": 128820.01, "Total Cost": 129013.07, "Plan Rows": 11032, "Plan Width": 16, "Group By Key": ["public.lineitem.l_partkey"], "Plans": [{"Node Type": "Nested Loop", "Parent Relationship": "Outer", "Join Type": "Inner", "Startup Cost": 4.28, "Total Cost": 128737.27, "Plan Rows": 11032, "Plan Width": 16, "Inner Unique": false, "Plans": [{"Node Type": "Seq Scan", "Parent Relationship": "Outer", "Relation Name": "part", "Alias": "part", "Startup Cost": 0.0, "Total Cost": 71944.0, "Plan Rows": 2001, "Plan Width": 8, "Filter": "((p_brand = 'Brand#44'::bpchar) AND (p_container = 'WRAP PKG'::bpchar))"}, {"Node Type": "Bitmap Heap Scan", "Parent Relationship": "Inner", "Relation Name": "lineitem", "Alias": "lineitem", "Startup Cost": 4.28, "Total Cost": 28.32, "Plan Rows": 6, "Plan Width": 16, "Recheck Cond": "(l_partkey = public.part.p_partkey)", "Plans": [{"Node Type": "Bitmap Index Scan", "Parent Relationship": "Outer", "Index Name": "idx_lineitem_part_supp", "Startup Cost": 0.0, "Total Cost": 4.28, "Plan Rows": 6, "Plan Width": 0, "Index Cond": "(l_partkey = public.part.p_partkey)"}]}]}]}]}]}]}, {"Node Type": "Bitmap Heap Scan", "Parent Relationship": "Inner", "Relation Name": "lineitem", "Alias": "lineitem", "Startup Cost": 4.22, "Total Cost": 28.29, "Plan Rows": 2, "Plan Width": 24, "Recheck Cond": "(l_partkey = subquery.\"?column?\")", "Filter": "(l_quantity < (.2::double precision * subquery.\"?column?\"))", "Plans": [{"Node Type": "Bitmap Index Scan", "Parent Relationship": "Outer", "Index Name": "idx_lineitem_part_supp", "Startup Cost": 0.0, "Total Cost": 4.22, "Plan Rows": 6, "Plan Width": 0, "Index Cond": "(l_partkey = subquery.\"?column?\")"}]}]}]}, "Unique SQL Id": 1080450481}, "explain_analyze_plan": {"Plan": {"Node Type": "Aggregate", "Strategy": "Plain", "Startup Cost": 213754.44, "Total Cost": 213754.45, "Plan Rows": 1, "Plan Width": 16, "Actual Startup Time": 2034.096, "Actual Total Time": 2034.097, "Actual Rows": 1, "Actual Loops": 1, "Plans": [{"Node Type": "Nested Loop", "Parent Relationship": "Outer", "Join Type": "Inner", "Startup Cost": 129265.51, "Total Cost": 213752.42, "Plan Rows": 806, "Plan Width": 8, "Actual Startup Time": 1000.633, "Actual Total Time": 2032.84, "Actual Rows": 5403, "Actual Loops": 1, "Inner Unique": false, "Plans": [{"Node Type": "Hash Join", "Parent Relationship": "Outer", "Join Type": "Inner", "Startup Cost": 129261.29, "Total Cost": 201352.24, "Plan Rows": 438, "Plan Width": 24, "Actual Startup Time": 1000.564, "Actual Total Time": 1805.565, "Actual Rows": 2003, "Actual Loops": 1, "Inner Unique": true, "Hash Cond": "(public.part.p_partkey = subquery.\"?column?\")", "Plans": [{"Node Type": "Seq Scan", "Parent Relationship": "Outer", "Relation Name": "part", "Alias": "part", "Startup Cost": 0.0, "Total Cost": 71944.0, "Plan Rows": 2001, "Plan Width": 8, "Actual Startup Time": 0.374, "Actual Total Time": 802.719, "Actual Rows": 2003, "Actual Loops": 1, "Filter": "((p_brand = 'Brand#44'::bpchar) AND (p_container = 'WRAP PKG'::bpchar))", "Rows Removed by Filter": 1997997}, {"Node Type": "Hash", "Parent Relationship": "Inner", "Startup Cost": 129123.39, "Total Cost": 129123.39, "Plan Rows": 11032, "Plan Width": 16, "Actual Startup Time": 1000.059, "Actual Total Time": 1000.059, "Actual Rows": 2003, "Actual Loops": 1, "Hash Buckets": 32768, "Hash Batches": 1, "Original Hash Batches": 1, "Peak Memory Usage": 94, "Plans": [{"Node Type": "Subquery Scan", "Parent Relationship": "Outer", "Alias": "subquery", "Startup Cost": 128820.01, "Total Cost": 129123.39, "Plan Rows": 11032, "Plan Width": 16, "Actual Startup Time": 998.006, "Actual Total Time": 999.441, "Actual Rows": 2003, "Actual Loops": 1, "Plans": [{"Node Type": "Aggregate", "Strategy": "Hashed", "Parent Relationship": "Subquery", "Startup Cost": 128820.01, "Total Cost": 129013.07, "Plan Rows": 11032, "Plan Width": 16, "Actual Startup Time": 998.004, "Actual Total Time": 999.044, "Actual Rows": 2003, "Actual Loops": 1, "Group By Key": ["public.lineitem.l_partkey"], "Plans": [{"Node Type": "Nested Loop", "Parent Relationship": "Outer", "Join Type": "Inner", "Startup Cost": 4.28, "Total Cost": 128737.27, "Plan Rows": 11032, "Plan Width": 16, "Actual Startup Time": 0.452, "Actual Total Time": 956.649, "Actual Rows": 60021, "Actual Loops": 1, "Inner Unique": false, "Plans": [{"Node Type": "Seq Scan", "Parent Relationship": "Outer", "Relation Name": "part", "Alias": "part", "Startup Cost": 0.0, "Total Cost": 71944.0, "Plan Rows": 2001, "Plan Width": 8, "Actual Startup Time": 0.326, "Actual Total Time": 769.994, "Actual Rows": 2003, "Actual Loops": 1, "Filter": "((p_brand = 'Brand#44'::bpchar) AND (p_container = 'WRAP PKG'::bpchar))", "Rows Removed by Filter": 1997997}, {"Node Type": "Bitmap Heap Scan", "Parent Relationship": "Inner", "Relation Name": "lineitem", "Alias": "lineitem", "Startup Cost": 4.28, "Total Cost": 28.32, "Plan Rows": 6, "Plan Width": 16, "Actual Startup Time": 37.361, "Actual Total Time": 168.811, "Actual Rows": 60021, "Actual Loops": 2003, "Recheck Cond": "(l_partkey = public.part.p_partkey)", "Rows Removed by Index Recheck": 0, "Exact Heap Blocks": 60018, "Lossy Heap Blocks": 60018, "Plans": [{"Node Type": "Bitmap Index Scan", "Parent Relationship": "Outer", "Index Name": "idx_lineitem_part_supp", "Startup Cost": 0.0, "Total Cost": 4.28, "Plan Rows": 6, "Plan Width": 0, "Actual Startup Time": 24.108, "Actual Total Time": 24.108, "Actual Rows": 60021, "Actual Loops": 2003, "Index Cond": "(l_partkey = public.part.p_partkey)"}]}]}]}]}]}]}, {"Node Type": "Bitmap Heap Scan", "Parent Relationship": "Inner", "Relation Name": "lineitem", "Alias": "lineitem", "Startup Cost": 4.22, "Total Cost": 28.29, "Plan Rows": 2, "Plan Width": 24, "Actual Startup Time": 98.408, "Actual Total Time": 221.153, "Actual Rows": 5403, "Actual Loops": 2003, "Recheck Cond": "(l_partkey = subquery.\"?column?\")", "Rows Removed by Index Recheck": 0, "Filter": "(l_quantity < (.2::double precision * subquery.\"?column?\"))", "Rows Removed by Filter": 54618, "Exact Heap Blocks": 60018, "Lossy Heap Blocks": 60018, "Plans": [{"Node Type": "Bitmap Index Scan", "Parent Relationship": "Outer", "Index Name": "idx_lineitem_part_supp", "Startup Cost": 0.0, "Total Cost": 4.22, "Plan Rows": 6, "Plan Width": 0, "Actual Startup Time": 26.977, "Actual Total Time": 26.977, "Actual Rows": 60021, "Actual Loops": 2003, "Index Cond": "(l_partkey = subquery.\"?column?\")"}]}]}]}, "Triggers": [], "Planner Runtime": 1.261, "Total Runtime": 2034.375, "Unique SQL Id": 1080450481}}, "(1, 35)": {"explain_plan": {"Plan": {"Node Type": "Aggregate", "Strategy": "Plain", "Startup Cost": 1001032279502.61, "Total Cost": 1001032279502.62, "Plan Rows": 1, "Plan Width": 16, "Plans": [{"Node Type": "Nested Loop", "Parent Relationship": "Outer", "Join Type": "Inner", "Startup Cost": 10000000004.74, "Total Cost": 1001032279500.6, "Plan Rows": 806, "Plan Width": 8, "Inner Unique": true, "Join Filter": "(public.lineitem.l_partkey = public.part.p_partkey)", "Plans": [{"Node Type": "Nested Loop", "Parent Relationship": "Outer", "Join Type": "Inner", "Startup Cost": 10000000004.48, "Total Cost": 1001032192561.0, "Plan Rows": 20274, "Plan Width": 24, "Inner Unique": false, "Plans": [{"Node Type": "Aggregate", "Strategy": "Sorted", "Parent Relationship": "Outer", "Startup Cost": 10000000000.26, "Total Cost": 1001031880124.59, "Plan Rows": 11032, "Plan Width": 80, "Group By Key": ["public.lineitem.l_partkey"], "Plans": [{"Node Type": "Nested Loop", "Parent Relationship": "Outer", "Join Type": "Semi", "Startup Cost": 10000000000.26, "Total Cost": 1001031879848.79, "Plan Rows": 11032, "Plan Width": 16, "Inner Unique": false, "Plans": [{"Node Type": "Index Scan", "Parent Relationship": "Outer", "Scan Direction": "Forward", "Index Name": "idx_lineitem_part_supp", "Relation Name": "lineitem", "Alias": "lineitem", "Startup Cost": 10000000000.0, "Total Cost": 1000775391319.64, "Plan Rows": 59987033, "Plan Width": 16}, {"Node Type": "Bitmap Heap Scan", "Parent Relationship": "Inner", "Relation Name": "part", "Alias": "part", "Startup Cost": 0.26, "Total Cost": 4.28, "Plan Rows": 1, "Plan Width": 8, "Recheck Cond": "(p_partkey = public.lineitem.l_partkey)", "Filter": "((p_brand = 'Brand#44'::bpchar) AND (p_container = 'WRAP PKG'::bpchar))", "Plans": [{"Node Type": "Bitmap Index Scan", "Parent Relationship": "Outer", "Index Name": "part_kpey", "Startup Cost": 0.0, "Total Cost": 0.26, "Plan Rows": 1, "Plan Width": 0, "Index Cond": "(p_partkey = public.lineitem.l_partkey)"}]}]}]}, {"Node Type": "Bitmap Heap Scan", "Parent Relationship": "Inner", "Relation Name": "lineitem", "Alias": "lineitem", "Startup Cost": 4.22, "Total Cost": 28.29, "Plan Rows": 2, "Plan Width": 24, "Recheck Cond": "(l_partkey = public.lineitem.l_partkey)", "Filter": "(l_quantity < (.2::double precision * (avg(public.lineitem.l_quantity))))", "Plans": [{"Node Type": "Bitmap Index Scan", "Parent Relationship": "Outer", "Index Name": "idx_lineitem_part_supp", "Startup Cost": 0.0, "Total Cost": 4.22, "Plan Rows": 6, "Plan Width": 0, "Index Cond": "(l_partkey = public.lineitem.l_partkey)"}]}]}, {"Node Type": "Bitmap Heap Scan", "Parent Relationship": "Inner", "Relation Name": "part", "Alias": "part", "Startup Cost": 0.26, "Total Cost": 4.28, "Plan Rows": 1, "Plan Width": 8, "Recheck Cond": "(p_partkey = public.lineitem.l_partkey)", "Filter": "((p_brand = 'Brand#44'::bpchar) AND (p_container = 'WRAP PKG'::bpchar))", "Plans": [{"Node Type": "Bitmap Index Scan", "Parent Relationship": "Outer", "Index Name": "part_kpey", "Startup Cost": 0.0, "Total Cost": 0.26, "Plan Rows": 1, "Plan Width": 0, "Index Cond": "(p_partkey = public.lineitem.l_partkey)"}]}]}]}, "Unique SQL Id": 1080450481}, "explain_analyze_plan": null}, "(1, 36)": {"explain_plan": {"Plan": {"Node Type": "Aggregate", "Strategy": "Plain", "Startup Cost": 208324.62, "Total Cost": 208324.63, "Plan Rows": 1, "Plan Width": 16, "Plans": [{"Node Type": "Nested Loop", "Parent Relationship": "Outer", "Join Type": "Inner", "Startup Cost": 128691.05, "Total Cost": 208322.6, "Plan Rows": 806, "Plan Width": 8, "Inner Unique": false, "Plans": [{"Node Type": "Nested Loop", "Parent Relationship": "Outer", "Join Type": "Inner", "Startup Cost": 128691.05, "Total Cost": 196146.55, "Plan Rows": 438, "Plan Width": 24, "Inner Unique": true, "Plans": [{"Node Type": "Aggregate", "Strategy": "Hashed", "Parent Relationship": "Outer", "Startup Cost": 128691.05, "Total Cost": 128884.11, "Plan Rows": 11032, "Plan Width": 16, "Group By Key": ["public.lineitem.l_partkey"], "Plans": [{"Node Type": "Nested Loop", "Parent Relationship": "Outer", "Join Type": "Inner", "Startup Cost": 0.0, "Total Cost": 128608.31, "Plan Rows": 11032, "Plan Width": 16, "Inner Unique": false, "Plans": [{"Node Type": "Seq Scan", "Parent Relationship": "Outer", "Relation Name": "part", "Alias": "part", "Startup Cost": 0.0, "Total Cost": 71944.0, "Plan Rows": 2001, "Plan Width": 8, "Filter": "((p_brand = 'Brand#44'::bpchar) AND (p_container = 'WRAP PKG'::bpchar))"}, {"Node Type": "Index Scan", "Parent Relationship": "Inner", "Scan Direction": "Forward", "Index Name": "idx_lineitem_part_supp", "Relation Name": "lineitem", "Alias": "lineitem", "Startup Cost": 0.0, "Total Cost": 28.26, "Plan Rows": 6, "Plan Width": 16, "Index Cond": "(l_partkey = public.part.p_partkey)"}]}]}, {"Node Type": "Index Scan", "Parent Relationship": "Inner", "Scan Direction": "Forward", "Index Name": "part_kpey", "Relation Name": "part", "Alias": "part", "Startup Cost": 0.0, "Total Cost": 6.08, "Plan Rows": 1, "Plan Width": 8, "Index Cond": "(p_partkey = public.lineitem.l_partkey)", "Filter": "((p_brand = 'Brand#44'::bpchar) AND (p_container = 'WRAP PKG'::bpchar))"}]}, {"Node Type": "Index Scan", "Parent Relationship": "Inner", "Scan Direction": "Forward", "Index Name": "idx_lineitem_part_supp", "Relation Name": "lineitem", "Alias": "lineitem", "Startup Cost": 0.0, "Total Cost": 27.78, "Plan Rows": 2, "Plan Width": 24, "Index Cond": "(l_partkey = public.lineitem.l_partkey)", "Filter": "(l_quantity < (.2::double precision * (avg(public.lineitem.l_quantity))))"}]}]}, "Unique SQL Id": 1080450481}, "explain_analyze_plan": {"Plan": {"Node Type": "Aggregate", "Strategy": "Plain", "Startup Cost": 208324.62, "Total Cost": 208324.63, "Plan Rows": 1, "Plan Width": 16, "Actual Startup Time": 1125.155, "Actual Total Time": 1125.155, "Actual Rows": 1, "Actual Loops": 1, "Plans": [{"Node Type": "Nested Loop", "Parent Relationship": "Outer", "Join Type": "Inner", "Startup Cost": 128691.05, "Total Cost": 208322.6, "Plan Rows": 806, "Plan Width": 8, "Actual Startup Time": 968.471, "Actual Total Time": 1124.094, "Actual Rows": 5403, "Actual Loops": 1, "Inner Unique": false, "Plans": [{"Node Type": "Nested Loop", "Parent Relationship": "Outer", "Join Type": "Inner", "Startup Cost": 128691.05, "Total Cost": 196146.55, "Plan Rows": 438, "Plan Width": 24, "Actual Startup Time": 968.443, "Actual Total Time": 984.459, "Actual Rows": 2003, "Actual Loops": 1, "Inner Unique": true, "Plans": [{"Node Type": "Aggregate", "Strategy": "Hashed", "Parent Relationship": "Outer", "Startup Cost": 128691.05, "Total Cost": 128884.11, "Plan Rows": 11032, "Plan Width": 16, "Actual Startup Time": 968.416, "Actual Total Time": 969.922, "Actual Rows": 2003, "Actual Loops": 1, "Group By Key": ["public.lineitem.l_partkey"], "Plans": [{"Node Type": "Nested Loop", "Parent Relationship": "Outer", "Join Type": "Inner", "Startup Cost": 0.0, "Total Cost": 128608.31, "Plan Rows": 11032, "Plan Width": 16, "Actual Startup Time": 0.373, "Actual Total Time": 927.032, "Actual Rows": 60021, "Actual Loops": 1, "Inner Unique": false, "Plans": [{"Node Type": "Seq Scan", "Parent Relationship": "Outer", "Relation Name": "part", "Alias": "part", "Startup Cost": 0.0, "Total Cost": 71944.0, "Plan Rows": 2001, "Plan Width": 8, "Actual Startup Time": 0.35, "Actual Total Time": 770.343, "Actual Rows": 2003, "Actual Loops": 1, "Filter": "((p_brand = 'Brand#44'::bpchar) AND (p_container = 'WRAP PKG'::bpchar))", "Rows Removed by Filter": 1997997}, {"Node Type": "Index Scan", "Parent Relationship": "Inner", "Scan Direction": "Forward", "Index Name": "idx_lineitem_part_supp", "Relation Name": "lineitem", "Alias": "lineitem", "Startup Cost": 0.0, "Total Cost": 28.26, "Plan Rows": 6, "Plan Width": 16, "Actual Startup Time": 21.245, "Actual Total Time": 142.059, "Actual Rows": 60021, "Actual Loops": 2003, "Index Cond": "(l_partkey = public.part.p_partkey)", "Rows Removed by Index Recheck": 0}]}]}, {"Node Type": "Index Scan", "Parent Relationship": "Inner", "Scan Direction": "Forward", "Index Name": "part_kpey", "Relation Name": "part", "Alias": "part", "Startup Cost": 0.0, "Total Cost": 6.08, "Plan Rows": 1, "Plan Width": 8, "Actual Startup Time": 12.854, "Actual Total Time": 12.854, "Actual Rows": 2003, "Actual Loops": 2003, "Index Cond": "(p_partkey = public.lineitem.l_partkey)", "Rows Removed by Index Recheck": 0, "Filter": "((p_brand = 'Brand#44'::bpchar) AND (p_container = 'WRAP PKG'::bpchar))", "Rows Removed by Filter": 0}]}, {"Node Type": "Index Scan", "Parent Relationship": "Inner", "Scan Direction": "Forward", "Index Name": "idx_lineitem_part_supp", "Relation Name": "lineitem", "Alias": "lineitem", "Startup Cost": 0.0, "Total Cost": 27.78, "Plan Rows": 2, "Plan Width": 24, "Actual Startup Time": 57.238, "Actual Total Time": 137.264, "Actual Rows": 5403, "Actual Loops": 2003, "Index Cond": "(l_partkey = public.lineitem.l_partkey)", "Rows Removed by Index Recheck": 0, "Filter": "(l_quantity < (.2::double precision * (avg(public.lineitem.l_quantity))))", "Rows Removed by Filter": 54618}]}]}, "Triggers": [], "Planner Runtime": 1.327, "Total Runtime": 1125.393, "Unique SQL Id": 1080450481}}, "(1, 37)": {"explain_plan": {"Plan": {"Node Type": "Aggregate", "Strategy": "Plain", "Startup Cost": 247183.87, "Total Cost": 247183.88, "Plan Rows": 1, "Plan Width": 16, "Plans": [{"Node Type": "Nested Loop", "Parent Relationship": "Outer", "Join Type": "Inner", "Startup Cost": 0.0, "Total Cost": 247181.85, "Plan Rows": 806, "Plan Width": 8, "Inner Unique": false, "Plans": [{"Node Type": "Nested Loop", "Parent Relationship": "Outer", "Join Type": "Inner", "Startup Cost": 0.0, "Total Cost": 235005.8, "Plan Rows": 438, "Plan Width": 24, "Inner Unique": true, "Plans": [{"Node Type": "Aggregate", "Strategy": "Sorted", "Parent Relationship": "Outer", "Startup Cost": 0.0, "Total Cost": 167743.36, "Plan Rows": 11032, "Plan Width": 80, "Group By Key": ["public.lineitem.l_partkey"], "Plans": [{"Node Type": "Nested Loop", "Parent Relationship": "Outer", "Join Type": "Inner", "Startup Cost": 0.0, "Total Cost": 167467.56, "Plan Rows": 11032, "Plan Width": 16, "Inner Unique": false, "Plans": [{"Node Type": "Index Scan", "Parent Relationship": "Outer", "Scan Direction": "Forward", "Index Name": "part_kpey", "Relation Name": "part", "Alias": "part", "Startup Cost": 0.0, "Total Cost": 110803.25, "Plan Rows": 2001, "Plan Width": 8, "Filter": "((p_brand = 'Brand#44'::bpchar) AND (p_container = 'WRAP PKG'::bpchar))"}, {"Node Type": "Index Scan", "Parent Relationship": "Inner", "Scan Direction": "Forward", "Index Name": "idx_lineitem_part_supp", "Relation Name": "lineitem", "Alias": "lineitem", "Startup Cost": 0.0, "Total Cost": 28.26, "Plan Rows": 6, "Plan Width": 16, "Index Cond": "(l_partkey = public.part.p_partkey)"}]}]}, {"Node Type": "Index Scan", "Parent Relationship": "Inner", "Scan Direction": "Forward", "Index Name": "part_kpey", "Relation Name": "part", "Alias": "part", "Startup Cost": 0.0, "Total Cost": 6.08, "Plan Rows": 1, "Plan Width": 8, "Index Cond": "(p_partkey = public.lineitem.l_partkey)", "Filter": "((p_brand = 'Brand#44'::bpchar) AND (p_container = 'WRAP PKG'::bpchar))"}]}, {"Node Type": "Index Scan", "Parent Relationship": "Inner", "Scan Direction": "Forward", "Index Name": "idx_lineitem_part_supp", "Relation Name": "lineitem", "Alias": "lineitem", "Startup Cost": 0.0, "Total Cost": 27.78, "Plan Rows": 2, "Plan Width": 24, "Index Cond": "(l_partkey = public.lineitem.l_partkey)", "Filter": "(l_quantity < (.2::double precision * (avg(public.lineitem.l_quantity))))"}]}]}, "Unique SQL Id": 1080450481}, "explain_analyze_plan": {"Plan": {"Node Type": "Aggregate", "Strategy": "Plain", "Startup Cost": 247183.87, "Total Cost": 247183.88, "Plan Rows": 1, "Plan Width": 16, "Actual Startup Time": 1657.115, "Actual Total Time": 1657.115, "Actual Rows": 1, "Actual Loops": 1, "Plans": [{"Node Type": "Nested Loop", "Parent Relationship": "Outer", "Join Type": "Inner", "Startup Cost": 0.0, "Total Cost": 247181.85, "Plan Rows": 806, "Plan Width": 8, "Actual Startup Time": 1.741, "Actual Total Time": 1655.898, "Actual Rows": 5403, "Actual Loops": 1, "Inner Unique": false, "Plans": [{"Node Type": "Nested Loop", "Parent Relationship": "Outer", "Join Type": "Inner", "Startup Cost": 0.0, "Total Cost": 235005.8, "Plan Rows": 438, "Plan Width": 24, "Actual Startup Time": 1.699, "Actual Total Time": 1576.826, "Actual Rows": 2003, "Actual Loops": 1, "Inner Unique": true, "Plans": [{"Node Type": "Aggregate", "Strategy": "Sorted", "Parent Relationship": "Outer", "Startup Cost": 0.0, "Total Cost": 167743.36, "Plan Rows": 11032, "Plan Width": 80, "Actual Startup Time": 1.686, "Actual Total Time": 1564.989, "Actual Rows": 2003, "Actual Loops": 1, "Group By Key": ["public.lineitem.l_partkey"], "Plans": [{"Node Type": "Nested Loop", "Parent Relationship": "Outer", "Join Type": "Inner", "Startup Cost": 0.0, "Total Cost": 167467.56, "Plan Rows": 11032, "Plan Width": 16, "Actual Startup Time": 0.571, "Actual Total Time": 1531.613, "Actual Rows": 60021, "Actual Loops": 1, "Inner Unique": false, "Plans": [{"Node Type": "Index Scan", "Parent Relationship": "Outer", "Scan Direction": "Forward", "Index Name": "part_kpey", "Relation Name": "part", "Alias": "part", "Startup Cost": 0.0, "Total Cost": 110803.25, "Plan Rows": 2001, "Plan Width": 8, "Actual Startup Time": 0.553, "Actual Total Time": 1347.731, "Actual Rows": 2003, "Actual Loops": 1, "Filter": "((p_brand = 'Brand#44'::bpchar) AND (p_container = 'WRAP PKG'::bpchar))", "Rows Removed by Filter": 1997997}, {"Node Type": "Index Scan", "Parent Relationship": "Inner", "Scan Direction": "Forward", "Index Name": "idx_lineitem_part_supp", "Relation Name": "lineitem", "Alias": "lineitem", "Startup Cost": 0.0, "Total Cost": 28.26, "Plan Rows": 6, "Plan Width": 16, "Actual Startup Time": 23.7, "Actual Total Time": 168.192, "Actual Rows": 60021, "Actual Loops": 2003, "Index Cond": "(l_partkey = public.part.p_partkey)", "Rows Removed by Index Recheck": 0}]}]}, {"Node Type": "Index Scan", "Parent Relationship": "Inner", "Scan Direction": "Forward", "Index Name": "part_kpey", "Relation Name": "part", "Alias": "part", "Startup Cost": 0.0, "Total Cost": 6.08, "Plan Rows": 1, "Plan Width": 8, "Actual Startup Time": 9.266, "Actual Total Time": 9.266, "Actual Rows": 2003, "Actual Loops": 2003, "Index Cond": "(p_partkey = public.lineitem.l_partkey)", "Rows Removed by Index Recheck": 0, "Filter": "((p_brand = 'Brand#44'::bpchar) AND (p_container = 'WRAP PKG'::bpchar))", "Rows Removed by Filter": 0}]}, {"Node Type": "Index Scan", "Parent Relationship": "Inner", "Scan Direction": "Forward", "Index Name": "idx_lineitem_part_supp", "Relation Name": "lineitem", "Alias": "lineitem", "Startup Cost": 0.0, "Total Cost": 27.78, "Plan Rows": 2, "Plan Width": 24, "Actual Startup Time": 33.161, "Actual Total Time": 76.14, "Actual Rows": 5403, "Actual Loops": 2003, "Index Cond": "(l_partkey = public.lineitem.l_partkey)", "Rows Removed by Index Recheck": 0, "Filter": "(l_quantity < (.2::double precision * (avg(public.lineitem.l_quantity))))", "Rows Removed by Filter": 54618}]}]}, "Triggers": [], "Planner Runtime": 1.323, "Total Runtime": 1657.326, "Unique SQL Id": 1080450481}}, "(1, 38)": {"explain_plan": {"Plan": {"Node Type": "Aggregate", "Strategy": "Plain", "Startup Cost": 213754.44, "Total Cost": 213754.45, "Plan Rows": 1, "Plan Width": 16, "Plans": [{"Node Type": "Nested Loop", "Parent Relationship": "Outer", "Join Type": "Inner", "Startup Cost": 129265.51, "Total Cost": 213752.42, "Plan Rows": 806, "Plan Width": 8, "Inner Unique": false, "Plans": [{"Node Type": "Hash Join", "Parent Relationship": "Outer", "Join Type": "Inner", "Startup Cost": 129261.29, "Total Cost": 201352.24, "Plan Rows": 438, "Plan Width": 24, "Inner Unique": true, "Hash Cond": "(public.part.p_partkey = subquery.\"?column?\")", "Plans": [{"Node Type": "Seq Scan", "Parent Relationship": "Outer", "Relation Name": "part", "Alias": "part", "Startup Cost": 0.0, "Total Cost": 71944.0, "Plan Rows": 2001, "Plan Width": 8, "Filter": "((p_brand = 'Brand#44'::bpchar) AND (p_container = 'WRAP PKG'::bpchar))"}, {"Node Type": "Hash", "Parent Relationship": "Inner", "Startup Cost": 129123.39, "Total Cost": 129123.39, "Plan Rows": 11032, "Plan Width": 16, "Plans": [{"Node Type": "Subquery Scan", "Parent Relationship": "Outer", "Alias": "subquery", "Startup Cost": 128820.01, "Total Cost": 129123.39, "Plan Rows": 11032, "Plan Width": 16, "Plans": [{"Node Type": "Aggregate", "Strategy": "Hashed", "Parent Relationship": "Subquery", "Startup Cost": 128820.01, "Total Cost": 129013.07, "Plan Rows": 11032, "Plan Width": 16, "Group By Key": ["public.lineitem.l_partkey"], "Plans": [{"Node Type": "Nested Loop", "Parent Relationship": "Outer", "Join Type": "Inner", "Startup Cost": 4.28, "Total Cost": 128737.27, "Plan Rows": 11032, "Plan Width": 16, "Inner Unique": false, "Plans": [{"Node Type": "Seq Scan", "Parent Relationship": "Outer", "Relation Name": "part", "Alias": "part", "Startup Cost": 0.0, "Total Cost": 71944.0, "Plan Rows": 2001, "Plan Width": 8, "Filter": "((p_brand = 'Brand#44'::bpchar) AND (p_container = 'WRAP PKG'::bpchar))"}, {"Node Type": "Bitmap Heap Scan", "Parent Relationship": "Inner", "Relation Name": "lineitem", "Alias": "lineitem", "Startup Cost": 4.28, "Total Cost": 28.32, "Plan Rows": 6, "Plan Width": 16, "Recheck Cond": "(l_partkey = public.part.p_partkey)", "Plans": [{"Node Type": "Bitmap Index Scan", "Parent Relationship": "Outer", "Index Name": "idx_lineitem_part_supp", "Startup Cost": 0.0, "Total Cost": 4.28, "Plan Rows": 6, "Plan Width": 0, "Index Cond": "(l_partkey = public.part.p_partkey)"}]}]}]}]}]}]}, {"Node Type": "Bitmap Heap Scan", "Parent Relationship": "Inner", "Relation Name": "lineitem", "Alias": "lineitem", "Startup Cost": 4.22, "Total Cost": 28.29, "Plan Rows": 2, "Plan Width": 24, "Recheck Cond": "(l_partkey = subquery.\"?column?\")", "Filter": "(l_quantity < (.2::double precision * subquery.\"?column?\"))", "Plans": [{"Node Type": "Bitmap Index Scan", "Parent Relationship": "Outer", "Index Name": "idx_lineitem_part_supp", "Startup Cost": 0.0, "Total Cost": 4.22, "Plan Rows": 6, "Plan Width": 0, "Index Cond": "(l_partkey = subquery.\"?column?\")"}]}]}]}, "Unique SQL Id": 1080450481}, "explain_analyze_plan": {"Plan": {"Node Type": "Aggregate", "Strategy": "Plain", "Startup Cost": 213754.44, "Total Cost": 213754.45, "Plan Rows": 1, "Plan Width": 16, "Actual Startup Time": 2034.096, "Actual Total Time": 2034.097, "Actual Rows": 1, "Actual Loops": 1, "Plans": [{"Node Type": "Nested Loop", "Parent Relationship": "Outer", "Join Type": "Inner", "Startup Cost": 129265.51, "Total Cost": 213752.42, "Plan Rows": 806, "Plan Width": 8, "Actual Startup Time": 1000.633, "Actual Total Time": 2032.84, "Actual Rows": 5403, "Actual Loops": 1, "Inner Unique": false, "Plans": [{"Node Type": "Hash Join", "Parent Relationship": "Outer", "Join Type": "Inner", "Startup Cost": 129261.29, "Total Cost": 201352.24, "Plan Rows": 438, "Plan Width": 24, "Actual Startup Time": 1000.564, "Actual Total Time": 1805.565, "Actual Rows": 2003, "Actual Loops": 1, "Inner Unique": true, "Hash Cond": "(public.part.p_partkey = subquery.\"?column?\")", "Plans": [{"Node Type": "Seq Scan", "Parent Relationship": "Outer", "Relation Name": "part", "Alias": "part", "Startup Cost": 0.0, "Total Cost": 71944.0, "Plan Rows": 2001, "Plan Width": 8, "Actual Startup Time": 0.374, "Actual Total Time": 802.719, "Actual Rows": 2003, "Actual Loops": 1, "Filter": "((p_brand = 'Brand#44'::bpchar) AND (p_container = 'WRAP PKG'::bpchar))", "Rows Removed by Filter": 1997997}, {"Node Type": "Hash", "Parent Relationship": "Inner", "Startup Cost": 129123.39, "Total Cost": 129123.39, "Plan Rows": 11032, "Plan Width": 16, "Actual Startup Time": 1000.059, "Actual Total Time": 1000.059, "Actual Rows": 2003, "Actual Loops": 1, "Hash Buckets": 32768, "Hash Batches": 1, "Original Hash Batches": 1, "Peak Memory Usage": 94, "Plans": [{"Node Type": "Subquery Scan", "Parent Relationship": "Outer", "Alias": "subquery", "Startup Cost": 128820.01, "Total Cost": 129123.39, "Plan Rows": 11032, "Plan Width": 16, "Actual Startup Time": 998.006, "Actual Total Time": 999.441, "Actual Rows": 2003, "Actual Loops": 1, "Plans": [{"Node Type": "Aggregate", "Strategy": "Hashed", "Parent Relationship": "Subquery", "Startup Cost": 128820.01, "Total Cost": 129013.07, "Plan Rows": 11032, "Plan Width": 16, "Actual Startup Time": 998.004, "Actual Total Time": 999.044, "Actual Rows": 2003, "Actual Loops": 1, "Group By Key": ["public.lineitem.l_partkey"], "Plans": [{"Node Type": "Nested Loop", "Parent Relationship": "Outer", "Join Type": "Inner", "Startup Cost": 4.28, "Total Cost": 128737.27, "Plan Rows": 11032, "Plan Width": 16, "Actual Startup Time": 0.452, "Actual Total Time": 956.649, "Actual Rows": 60021, "Actual Loops": 1, "Inner Unique": false, "Plans": [{"Node Type": "Seq Scan", "Parent Relationship": "Outer", "Relation Name": "part", "Alias": "part", "Startup Cost": 0.0, "Total Cost": 71944.0, "Plan Rows": 2001, "Plan Width": 8, "Actual Startup Time": 0.326, "Actual Total Time": 769.994, "Actual Rows": 2003, "Actual Loops": 1, "Filter": "((p_brand = 'Brand#44'::bpchar) AND (p_container = 'WRAP PKG'::bpchar))", "Rows Removed by Filter": 1997997}, {"Node Type": "Bitmap Heap Scan", "Parent Relationship": "Inner", "Relation Name": "lineitem", "Alias": "lineitem", "Startup Cost": 4.28, "Total Cost": 28.32, "Plan Rows": 6, "Plan Width": 16, "Actual Startup Time": 37.361, "Actual Total Time": 168.811, "Actual Rows": 60021, "Actual Loops": 2003, "Recheck Cond": "(l_partkey = public.part.p_partkey)", "Rows Removed by Index Recheck": 0, "Exact Heap Blocks": 60018, "Lossy Heap Blocks": 60018, "Plans": [{"Node Type": "Bitmap Index Scan", "Parent Relationship": "Outer", "Index Name": "idx_lineitem_part_supp", "Startup Cost": 0.0, "Total Cost": 4.28, "Plan Rows": 6, "Plan Width": 0, "Actual Startup Time": 24.108, "Actual Total Time": 24.108, "Actual Rows": 60021, "Actual Loops": 2003, "Index Cond": "(l_partkey = public.part.p_partkey)"}]}]}]}]}]}]}, {"Node Type": "Bitmap Heap Scan", "Parent Relationship": "Inner", "Relation Name": "lineitem", "Alias": "lineitem", "Startup Cost": 4.22, "Total Cost": 28.29, "Plan Rows": 2, "Plan Width": 24, "Actual Startup Time": 98.408, "Actual Total Time": 221.153, "Actual Rows": 5403, "Actual Loops": 2003, "Recheck Cond": "(l_partkey = subquery.\"?column?\")", "Rows Removed by Index Recheck": 0, "Filter": "(l_quantity < (.2::double precision * subquery.\"?column?\"))", "Rows Removed by Filter": 54618, "Exact Heap Blocks": 60018, "Lossy Heap Blocks": 60018, "Plans": [{"Node Type": "Bitmap Index Scan", "Parent Relationship": "Outer", "Index Name": "idx_lineitem_part_supp", "Startup Cost": 0.0, "Total Cost": 4.22, "Plan Rows": 6, "Plan Width": 0, "Actual Startup Time": 26.977, "Actual Total Time": 26.977, "Actual Rows": 60021, "Actual Loops": 2003, "Index Cond": "(l_partkey = subquery.\"?column?\")"}]}]}]}, "Triggers": [], "Planner Runtime": 1.261, "Total Runtime": 2034.375, "Unique SQL Id": 1080450481}}, "(1, 39)": {"explain_plan": {"Plan": {"Node Type": "Aggregate", "Strategy": "Plain", "Startup Cost": 1001032279502.61, "Total Cost": 1001032279502.62, "Plan Rows": 1, "Plan Width": 16, "Plans": [{"Node Type": "Nested Loop", "Parent Relationship": "Outer", "Join Type": "Inner", "Startup Cost": 10000000004.74, "Total Cost": 1001032279500.6, "Plan Rows": 806, "Plan Width": 8, "Inner Unique": true, "Join Filter": "(public.lineitem.l_partkey = public.part.p_partkey)", "Plans": [{"Node Type": "Nested Loop", "Parent Relationship": "Outer", "Join Type": "Inner", "Startup Cost": 10000000004.48, "Total Cost": 1001032192561.0, "Plan Rows": 20274, "Plan Width": 24, "Inner Unique": false, "Plans": [{"Node Type": "Aggregate", "Strategy": "Sorted", "Parent Relationship": "Outer", "Startup Cost": 10000000000.26, "Total Cost": 1001031880124.59, "Plan Rows": 11032, "Plan Width": 80, "Group By Key": ["public.lineitem.l_partkey"], "Plans": [{"Node Type": "Nested Loop", "Parent Relationship": "Outer", "Join Type": "Semi", "Startup Cost": 10000000000.26, "Total Cost": 1001031879848.79, "Plan Rows": 11032, "Plan Width": 16, "Inner Unique": false, "Plans": [{"Node Type": "Index Scan", "Parent Relationship": "Outer", "Scan Direction": "Forward", "Index Name": "idx_lineitem_part_supp", "Relation Name": "lineitem", "Alias": "lineitem", "Startup Cost": 10000000000.0, "Total Cost": 1000775391319.64, "Plan Rows": 59987033, "Plan Width": 16}, {"Node Type": "Bitmap Heap Scan", "Parent Relationship": "Inner", "Relation Name": "part", "Alias": "part", "Startup Cost": 0.26, "Total Cost": 4.28, "Plan Rows": 1, "Plan Width": 8, "Recheck Cond": "(p_partkey = public.lineitem.l_partkey)", "Filter": "((p_brand = 'Brand#44'::bpchar) AND (p_container = 'WRAP PKG'::bpchar))", "Plans": [{"Node Type": "Bitmap Index Scan", "Parent Relationship": "Outer", "Index Name": "part_kpey", "Startup Cost": 0.0, "Total Cost": 0.26, "Plan Rows": 1, "Plan Width": 0, "Index Cond": "(p_partkey = public.lineitem.l_partkey)"}]}]}]}, {"Node Type": "Bitmap Heap Scan", "Parent Relationship": "Inner", "Relation Name": "lineitem", "Alias": "lineitem", "Startup Cost": 4.22, "Total Cost": 28.29, "Plan Rows": 2, "Plan Width": 24, "Recheck Cond": "(l_partkey = public.lineitem.l_partkey)", "Filter": "(l_quantity < (.2::double precision * (avg(public.lineitem.l_quantity))))", "Plans": [{"Node Type": "Bitmap Index Scan", "Parent Relationship": "Outer", "Index Name": "idx_lineitem_part_supp", "Startup Cost": 0.0, "Total Cost": 4.22, "Plan Rows": 6, "Plan Width": 0, "Index Cond": "(l_partkey = public.lineitem.l_partkey)"}]}]}, {"Node Type": "Bitmap Heap Scan", "Parent Relationship": "Inner", "Relation Name": "part", "Alias": "part", "Startup Cost": 0.26, "Total Cost": 4.28, "Plan Rows": 1, "Plan Width": 8, "Recheck Cond": "(p_partkey = public.lineitem.l_partkey)", "Filter": "((p_brand = 'Brand#44'::bpchar) AND (p_container = 'WRAP PKG'::bpchar))", "Plans": [{"Node Type": "Bitmap Index Scan", "Parent Relationship": "Outer", "Index Name": "part_kpey", "Startup Cost": 0.0, "Total Cost": 0.26, "Plan Rows": 1, "Plan Width": 0, "Index Cond": "(p_partkey = public.lineitem.l_partkey)"}]}]}]}, "Unique SQL Id": 1080450481}, "explain_analyze_plan": null}, "(1, 40)": {"explain_plan": {"Plan": {"Node Type": "Aggregate", "Strategy": "Plain", "Startup Cost": 208324.62, "Total Cost": 208324.63, "Plan Rows": 1, "Plan Width": 16, "Plans": [{"Node Type": "Nested Loop", "Parent Relationship": "Outer", "Join Type": "Inner", "Startup Cost": 128691.05, "Total Cost": 208322.6, "Plan Rows": 806, "Plan Width": 8, "Inner Unique": false, "Plans": [{"Node Type": "Nested Loop", "Parent Relationship": "Outer", "Join Type": "Inner", "Startup Cost": 128691.05, "Total Cost": 196146.55, "Plan Rows": 438, "Plan Width": 24, "Inner Unique": true, "Plans": [{"Node Type": "Aggregate", "Strategy": "Hashed", "Parent Relationship": "Outer", "Startup Cost": 128691.05, "Total Cost": 128884.11, "Plan Rows": 11032, "Plan Width": 16, "Group By Key": ["public.lineitem.l_partkey"], "Plans": [{"Node Type": "Nested Loop", "Parent Relationship": "Outer", "Join Type": "Inner", "Startup Cost": 0.0, "Total Cost": 128608.31, "Plan Rows": 11032, "Plan Width": 16, "Inner Unique": false, "Plans": [{"Node Type": "Seq Scan", "Parent Relationship": "Outer", "Relation Name": "part", "Alias": "part", "Startup Cost": 0.0, "Total Cost": 71944.0, "Plan Rows": 2001, "Plan Width": 8, "Filter": "((p_brand = 'Brand#44'::bpchar) AND (p_container = 'WRAP PKG'::bpchar))"}, {"Node Type": "Index Scan", "Parent Relationship": "Inner", "Scan Direction": "Forward", "Index Name": "idx_lineitem_part_supp", "Relation Name": "lineitem", "Alias": "lineitem", "Startup Cost": 0.0, "Total Cost": 28.26, "Plan Rows": 6, "Plan Width": 16, "Index Cond": "(l_partkey = public.part.p_partkey)"}]}]}, {"Node Type": "Index Scan", "Parent Relationship": "Inner", "Scan Direction": "Forward", "Index Name": "part_kpey", "Relation Name": "part", "Alias": "part", "Startup Cost": 0.0, "Total Cost": 6.08, "Plan Rows": 1, "Plan Width": 8, "Index Cond": "(p_partkey = public.lineitem.l_partkey)", "Filter": "((p_brand = 'Brand#44'::bpchar) AND (p_container = 'WRAP PKG'::bpchar))"}]}, {"Node Type": "Index Scan", "Parent Relationship": "Inner", "Scan Direction": "Forward", "Index Name": "idx_lineitem_part_supp", "Relation Name": "lineitem", "Alias": "lineitem", "Startup Cost": 0.0, "Total Cost": 27.78, "Plan Rows": 2, "Plan Width": 24, "Index Cond": "(l_partkey = public.lineitem.l_partkey)", "Filter": "(l_quantity < (.2::double precision * (avg(public.lineitem.l_quantity))))"}]}]}, "Unique SQL Id": 1080450481}, "explain_analyze_plan": {"Plan": {"Node Type": "Aggregate", "Strategy": "Plain", "Startup Cost": 208324.62, "Total Cost": 208324.63, "Plan Rows": 1, "Plan Width": 16, "Actual Startup Time": 1125.155, "Actual Total Time": 1125.155, "Actual Rows": 1, "Actual Loops": 1, "Plans": [{"Node Type": "Nested Loop", "Parent Relationship": "Outer", "Join Type": "Inner", "Startup Cost": 128691.05, "Total Cost": 208322.6, "Plan Rows": 806, "Plan Width": 8, "Actual Startup Time": 968.471, "Actual Total Time": 1124.094, "Actual Rows": 5403, "Actual Loops": 1, "Inner Unique": false, "Plans": [{"Node Type": "Nested Loop", "Parent Relationship": "Outer", "Join Type": "Inner", "Startup Cost": 128691.05, "Total Cost": 196146.55, "Plan Rows": 438, "Plan Width": 24, "Actual Startup Time": 968.443, "Actual Total Time": 984.459, "Actual Rows": 2003, "Actual Loops": 1, "Inner Unique": true, "Plans": [{"Node Type": "Aggregate", "Strategy": "Hashed", "Parent Relationship": "Outer", "Startup Cost": 128691.05, "Total Cost": 128884.11, "Plan Rows": 11032, "Plan Width": 16, "Actual Startup Time": 968.416, "Actual Total Time": 969.922, "Actual Rows": 2003, "Actual Loops": 1, "Group By Key": ["public.lineitem.l_partkey"], "Plans": [{"Node Type": "Nested Loop", "Parent Relationship": "Outer", "Join Type": "Inner", "Startup Cost": 0.0, "Total Cost": 128608.31, "Plan Rows": 11032, "Plan Width": 16, "Actual Startup Time": 0.373, "Actual Total Time": 927.032, "Actual Rows": 60021, "Actual Loops": 1, "Inner Unique": false, "Plans": [{"Node Type": "Seq Scan", "Parent Relationship": "Outer", "Relation Name": "part", "Alias": "part", "Startup Cost": 0.0, "Total Cost": 71944.0, "Plan Rows": 2001, "Plan Width": 8, "Actual Startup Time": 0.35, "Actual Total Time": 770.343, "Actual Rows": 2003, "Actual Loops": 1, "Filter": "((p_brand = 'Brand#44'::bpchar) AND (p_container = 'WRAP PKG'::bpchar))", "Rows Removed by Filter": 1997997}, {"Node Type": "Index Scan", "Parent Relationship": "Inner", "Scan Direction": "Forward", "Index Name": "idx_lineitem_part_supp", "Relation Name": "lineitem", "Alias": "lineitem", "Startup Cost": 0.0, "Total Cost": 28.26, "Plan Rows": 6, "Plan Width": 16, "Actual Startup Time": 21.245, "Actual Total Time": 142.059, "Actual Rows": 60021, "Actual Loops": 2003, "Index Cond": "(l_partkey = public.part.p_partkey)", "Rows Removed by Index Recheck": 0}]}]}, {"Node Type": "Index Scan", "Parent Relationship": "Inner", "Scan Direction": "Forward", "Index Name": "part_kpey", "Relation Name": "part", "Alias": "part", "Startup Cost": 0.0, "Total Cost": 6.08, "Plan Rows": 1, "Plan Width": 8, "Actual Startup Time": 12.854, "Actual Total Time": 12.854, "Actual Rows": 2003, "Actual Loops": 2003, "Index Cond": "(p_partkey = public.lineitem.l_partkey)", "Rows Removed by Index Recheck": 0, "Filter": "((p_brand = 'Brand#44'::bpchar) AND (p_container = 'WRAP PKG'::bpchar))", "Rows Removed by Filter": 0}]}, {"Node Type": "Index Scan", "Parent Relationship": "Inner", "Scan Direction": "Forward", "Index Name": "idx_lineitem_part_supp", "Relation Name": "lineitem", "Alias": "lineitem", "Startup Cost": 0.0, "Total Cost": 27.78, "Plan Rows": 2, "Plan Width": 24, "Actual Startup Time": 57.238, "Actual Total Time": 137.264, "Actual Rows": 5403, "Actual Loops": 2003, "Index Cond": "(l_partkey = public.lineitem.l_partkey)", "Rows Removed by Index Recheck": 0, "Filter": "(l_quantity < (.2::double precision * (avg(public.lineitem.l_quantity))))", "Rows Removed by Filter": 54618}]}]}, "Triggers": [], "Planner Runtime": 1.327, "Total Runtime": 1125.393, "Unique SQL Id": 1080450481}}, "(1, 41)": {"explain_plan": {"Plan": {"Node Type": "Aggregate", "Strategy": "Plain", "Startup Cost": 247183.87, "Total Cost": 247183.88, "Plan Rows": 1, "Plan Width": 16, "Plans": [{"Node Type": "Nested Loop", "Parent Relationship": "Outer", "Join Type": "Inner", "Startup Cost": 0.0, "Total Cost": 247181.85, "Plan Rows": 806, "Plan Width": 8, "Inner Unique": false, "Plans": [{"Node Type": "Nested Loop", "Parent Relationship": "Outer", "Join Type": "Inner", "Startup Cost": 0.0, "Total Cost": 235005.8, "Plan Rows": 438, "Plan Width": 24, "Inner Unique": true, "Plans": [{"Node Type": "Aggregate", "Strategy": "Sorted", "Parent Relationship": "Outer", "Startup Cost": 0.0, "Total Cost": 167743.36, "Plan Rows": 11032, "Plan Width": 80, "Group By Key": ["public.lineitem.l_partkey"], "Plans": [{"Node Type": "Nested Loop", "Parent Relationship": "Outer", "Join Type": "Inner", "Startup Cost": 0.0, "Total Cost": 167467.56, "Plan Rows": 11032, "Plan Width": 16, "Inner Unique": false, "Plans": [{"Node Type": "Index Scan", "Parent Relationship": "Outer", "Scan Direction": "Forward", "Index Name": "part_kpey", "Relation Name": "part", "Alias": "part", "Startup Cost": 0.0, "Total Cost": 110803.25, "Plan Rows": 2001, "Plan Width": 8, "Filter": "((p_brand = 'Brand#44'::bpchar) AND (p_container = 'WRAP PKG'::bpchar))"}, {"Node Type": "Index Scan", "Parent Relationship": "Inner", "Scan Direction": "Forward", "Index Name": "idx_lineitem_part_supp", "Relation Name": "lineitem", "Alias": "lineitem", "Startup Cost": 0.0, "Total Cost": 28.26, "Plan Rows": 6, "Plan Width": 16, "Index Cond": "(l_partkey = public.part.p_partkey)"}]}]}, {"Node Type": "Index Scan", "Parent Relationship": "Inner", "Scan Direction": "Forward", "Index Name": "part_kpey", "Relation Name": "part", "Alias": "part", "Startup Cost": 0.0, "Total Cost": 6.08, "Plan Rows": 1, "Plan Width": 8, "Index Cond": "(p_partkey = public.lineitem.l_partkey)", "Filter": "((p_brand = 'Brand#44'::bpchar) AND (p_container = 'WRAP PKG'::bpchar))"}]}, {"Node Type": "Index Scan", "Parent Relationship": "Inner", "Scan Direction": "Forward", "Index Name": "idx_lineitem_part_supp", "Relation Name": "lineitem", "Alias": "lineitem", "Startup Cost": 0.0, "Total Cost": 27.78, "Plan Rows": 2, "Plan Width": 24, "Index Cond": "(l_partkey = public.lineitem.l_partkey)", "Filter": "(l_quantity < (.2::double precision * (avg(public.lineitem.l_quantity))))"}]}]}, "Unique SQL Id": 1080450481}, "explain_analyze_plan": {"Plan": {"Node Type": "Aggregate", "Strategy": "Plain", "Startup Cost": 247183.87, "Total Cost": 247183.88, "Plan Rows": 1, "Plan Width": 16, "Actual Startup Time": 1657.115, "Actual Total Time": 1657.115, "Actual Rows": 1, "Actual Loops": 1, "Plans": [{"Node Type": "Nested Loop", "Parent Relationship": "Outer", "Join Type": "Inner", "Startup Cost": 0.0, "Total Cost": 247181.85, "Plan Rows": 806, "Plan Width": 8, "Actual Startup Time": 1.741, "Actual Total Time": 1655.898, "Actual Rows": 5403, "Actual Loops": 1, "Inner Unique": false, "Plans": [{"Node Type": "Nested Loop", "Parent Relationship": "Outer", "Join Type": "Inner", "Startup Cost": 0.0, "Total Cost": 235005.8, "Plan Rows": 438, "Plan Width": 24, "Actual Startup Time": 1.699, "Actual Total Time": 1576.826, "Actual Rows": 2003, "Actual Loops": 1, "Inner Unique": true, "Plans": [{"Node Type": "Aggregate", "Strategy": "Sorted", "Parent Relationship": "Outer", "Startup Cost": 0.0, "Total Cost": 167743.36, "Plan Rows": 11032, "Plan Width": 80, "Actual Startup Time": 1.686, "Actual Total Time": 1564.989, "Actual Rows": 2003, "Actual Loops": 1, "Group By Key": ["public.lineitem.l_partkey"], "Plans": [{"Node Type": "Nested Loop", "Parent Relationship": "Outer", "Join Type": "Inner", "Startup Cost": 0.0, "Total Cost": 167467.56, "Plan Rows": 11032, "Plan Width": 16, "Actual Startup Time": 0.571, "Actual Total Time": 1531.613, "Actual Rows": 60021, "Actual Loops": 1, "Inner Unique": false, "Plans": [{"Node Type": "Index Scan", "Parent Relationship": "Outer", "Scan Direction": "Forward", "Index Name": "part_kpey", "Relation Name": "part", "Alias": "part", "Startup Cost": 0.0, "Total Cost": 110803.25, "Plan Rows": 2001, "Plan Width": 8, "Actual Startup Time": 0.553, "Actual Total Time": 1347.731, "Actual Rows": 2003, "Actual Loops": 1, "Filter": "((p_brand = 'Brand#44'::bpchar) AND (p_container = 'WRAP PKG'::bpchar))", "Rows Removed by Filter": 1997997}, {"Node Type": "Index Scan", "Parent Relationship": "Inner", "Scan Direction": "Forward", "Index Name": "idx_lineitem_part_supp", "Relation Name": "lineitem", "Alias": "lineitem", "Startup Cost": 0.0, "Total Cost": 28.26, "Plan Rows": 6, "Plan Width": 16, "Actual Startup Time": 23.7, "Actual Total Time": 168.192, "Actual Rows": 60021, "Actual Loops": 2003, "Index Cond": "(l_partkey = public.part.p_partkey)", "Rows Removed by Index Recheck": 0}]}]}, {"Node Type": "Index Scan", "Parent Relationship": "Inner", "Scan Direction": "Forward", "Index Name": "part_kpey", "Relation Name": "part", "Alias": "part", "Startup Cost": 0.0, "Total Cost": 6.08, "Plan Rows": 1, "Plan Width": 8, "Actual Startup Time": 9.266, "Actual Total Time": 9.266, "Actual Rows": 2003, "Actual Loops": 2003, "Index Cond": "(p_partkey = public.lineitem.l_partkey)", "Rows Removed by Index Recheck": 0, "Filter": "((p_brand = 'Brand#44'::bpchar) AND (p_container = 'WRAP PKG'::bpchar))", "Rows Removed by Filter": 0}]}, {"Node Type": "Index Scan", "Parent Relationship": "Inner", "Scan Direction": "Forward", "Index Name": "idx_lineitem_part_supp", "Relation Name": "lineitem", "Alias": "lineitem", "Startup Cost": 0.0, "Total Cost": 27.78, "Plan Rows": 2, "Plan Width": 24, "Actual Startup Time": 33.161, "Actual Total Time": 76.14, "Actual Rows": 5403, "Actual Loops": 2003, "Index Cond": "(l_partkey = public.lineitem.l_partkey)", "Rows Removed by Index Recheck": 0, "Filter": "(l_quantity < (.2::double precision * (avg(public.lineitem.l_quantity))))", "Rows Removed by Filter": 54618}]}]}, "Triggers": [], "Planner Runtime": 1.323, "Total Runtime": 1657.326, "Unique SQL Id": 1080450481}}, "(1, 42)": {"explain_plan": {"Plan": {"Node Type": "Aggregate", "Strategy": "Plain", "Startup Cost": 4549973.98, "Total Cost": 4549974.0, "Plan Rows": 1, "Plan Width": 16, "Plans": [{"Node Type": "Hash Join", "Parent Relationship": "Outer", "Join Type": "Inner", "Startup Cost": 2309655.28, "Total Cost": 4549971.97, "Plan Rows": 806, "Plan Width": 8, "Inner Unique": true, "Hash Cond": "(public.part.p_partkey = subquery.\"?column?\")", "Join Filter": "(public.lineitem.l_quantity < (.2::double precision * subquery.\"?column?\"))", "Plans": [{"Node Type": "Hash Join", "Parent Relationship": "Outer", "Join Type": "Inner", "Startup Cost": 71969.01, "Total Cost": 2312146.04, "Plan Rows": 11032, "Plan Width": 32, "Inner Unique": true, "Hash Cond": "(public.lineitem.l_partkey = public.part.p_partkey)", "Plans": [{"Node Type": "Seq Scan", "Parent Relationship": "Outer", "Relation Name": "lineitem", "Alias": "lineitem", "Startup Cost": 0.0, "Total Cost": 2015115.33, "Plan Rows": 59987033, "Plan Width": 24}, {"Node Type": "Hash", "Parent Relationship": "Inner", "Startup Cost": 71944.0, "Total Cost": 71944.0, "Plan Rows": 2001, "Plan Width": 8, "Plans": [{"Node Type": "Seq Scan", "Parent Relationship": "Outer", "Relation Name": "part", "Alias": "part", "Startup Cost": 0.0, "Total Cost": 71944.0, "Plan Rows": 2001, "Plan Width": 8, "Filter": "((p_brand = 'Brand#44'::bpchar) AND (p_container = 'WRAP PKG'::bpchar))"}]}]}, {"Node Type": "Hash", "Parent Relationship": "Inner", "Startup Cost": 2237548.37, "Total Cost": 2237548.37, "Plan Rows": 11032, "Plan Width": 16, "Plans": [{"Node Type": "Subquery Scan", "Parent Relationship": "Outer", "Alias": "subquery", "Startup Cost": 2237244.99, "Total Cost": 2237548.37, "Plan Rows": 11032, "Plan Width": 16, "Plans": [{"Node Type": "Aggregate", "Strategy": "Hashed", "Parent Relationship": "Subquery", "Startup Cost": 2237244.99, "Total Cost": 2237438.05, "Plan Rows": 11032, "Plan Width": 16, "Group By Key": ["public.lineitem.l_partkey"], "Plans": [{"Node Type": "Hash Join", "Parent Relationship": "Outer", "Join Type": "Inner", "Startup Cost": 71969.01, "Total Cost": 2237162.25, "Plan Rows": 11032, "Plan Width": 16, "Inner Unique": true, "Hash Cond": "(public.lineitem.l_partkey = public.part.p_partkey)", "Plans": [{"Node Type": "Seq Scan", "Parent Relationship": "Outer", "Relation Name": "lineitem", "Alias": "lineitem", "Startup Cost": 0.0, "Total Cost": 2015115.33, "Plan Rows": 59987033, "Plan Width": 16}, {"Node Type": "Hash", "Parent Relationship": "Inner", "Startup Cost": 71944.0, "Total Cost": 71944.0, "Plan Rows": 2001, "Plan Width": 8, "Plans": [{"Node Type": "Seq Scan", "Parent Relationship": "Outer", "Relation Name": "part", "Alias": "part", "Startup Cost": 0.0, "Total Cost": 71944.0, "Plan Rows": 2001, "Plan Width": 8, "Filter": "((p_brand = 'Brand#44'::bpchar) AND (p_container = 'WRAP PKG'::bpchar))"}]}]}]}]}]}]}]}, "Unique SQL Id": 1080450481}, "explain_analyze_plan": null}, "(1, 43)": {"explain_plan": {"Plan": {"Node Type": "Aggregate", "Strategy": "Plain", "Startup Cost": 4003899272041.15, "Total Cost": 4003899272041.16, "Plan Rows": 1, "Plan Width": 16, "Plans": [{"Node Type": "Nested Loop", "Parent Relationship": "Outer", "Join Type": "Inner", "Startup Cost": 40000000000.0, "Total Cost": 4003899272039.14, "Plan Rows": 806, "Plan Width": 8, "Inner Unique": false, "Join Filter": "((subquery.\"?column?\" = public.lineitem.l_partkey) AND (public.lineitem.l_quantity < (.2::double precision * subquery.\"?column?\")))", "Plans": [{"Node Type": "Index Scan", "Parent Relationship": "Outer", "Scan Direction": "Forward", "Index Name": "idx_lineitem_part_supp", "Relation Name": "lineitem", "Alias": "lineitem", "Startup Cost": 10000000000.0, "Total Cost": 1000775391319.64, "Plan Rows": 59987033, "Plan Width": 24}, {"Node Type": "Materialize", "Parent Relationship": "Inner", "Startup Cost": 30000000000.0, "Total Cost": 3002598394311.51, "Plan Rows": 438, "Plan Width": 24, "Plans": [{"Node Type": "Nested Loop", "Parent Relationship": "Outer", "Join Type": "Inner", "Startup Cost": 30000000000.0, "Total Cost": 3002598394309.32, "Plan Rows": 438, "Plan Width": 24, "Inner Unique": true, "Join Filter": "(public.part.p_partkey = subquery.\"?column?\")", "Plans": [{"Node Type": "Index Scan", "Parent Relationship": "Outer", "Scan Direction": "Forward", "Index Name": "part_kpey", "Relation Name": "part", "Alias": "part", "Startup Cost": 10000000000.0, "Total Cost": 1000011080325.0, "Plan Rows": 2001, "Plan Width": 8, "Filter": "((p_brand = 'Brand#44'::bpchar) AND (p_container = 'WRAP PKG'::bpchar))"}, {"Node Type": "Materialize", "Parent Relationship": "Inner", "Startup Cost": 20000000000.0, "Total Cost": 2002586982886.42, "Plan Rows": 11032, "Plan Width": 16, "Plans": [{"Node Type": "Subquery Scan", "Parent Relationship": "Outer", "Alias": "subquery", "Startup Cost": 20000000000.0, "Total Cost": 2002586982831.26, "Plan Rows": 11032, "Plan Width": 16, "Plans": [{"Node Type": "Aggregate", "Strategy": "Sorted", "Parent Relationship": "Subquery", "Startup Cost": 20000000000.0, "Total Cost": 2002586982720.94, "Plan Rows": 11032, "Plan Width": 80, "Group By Key": ["public.lineitem.l_partkey"], "Plans": [{"Node Type": "Nested Loop", "Parent Relationship": "Outer", "Join Type": "Semi", "Startup Cost": 20000000000.0, "Total Cost": 2002586982445.14, "Plan Rows": 11032, "Plan Width": 16, "Inner Unique": false, "Join Filter": "(public.lineitem.l_partkey = public.part.p_partkey)", "Plans": [{"Node Type": "Index Scan", "Parent Relationship": "Outer", "Scan Direction": "Forward", "Index Name": "idx_lineitem_part_supp", "Relation Name": "lineitem", "Alias": "lineitem", "Startup Cost": 10000000000.0, "Total Cost": 1000775391319.64, "Plan Rows": 59987033, "Plan Width": 16}, {"Node Type": "Materialize", "Parent Relationship": "Inner", "Startup Cost": 10000000000.0, "Total Cost": 1000011080335.01, "Plan Rows": 2001, "Plan Width": 8, "Plans": [{"Node Type": "Index Scan", "Parent Relationship": "Outer", "Scan Direction": "Forward", "Index Name": "part_kpey", "Relation Name": "part", "Alias": "part", "Startup Cost": 10000000000.0, "Total Cost": 1000011080325.0, "Plan Rows": 2001, "Plan Width": 8, "Filter": "((p_brand = 'Brand#44'::bpchar) AND (p_container = 'WRAP PKG'::bpchar))"}]}]}]}]}]}]}]}]}]}, "Unique SQL Id": 1080450481}, "explain_analyze_plan": null}, "(1, 44)": {"explain_plan": {"Plan": {"Node Type": "Aggregate", "Strategy": "Plain", "Startup Cost": 208324.62, "Total Cost": 208324.63, "Plan Rows": 1, "Plan Width": 16, "Plans": [{"Node Type": "Nested Loop", "Parent Relationship": "Outer", "Join Type": "Inner", "Startup Cost": 128691.05, "Total Cost": 208322.6, "Plan Rows": 806, "Plan Width": 8, "Inner Unique": false, "Plans": [{"Node Type": "Nested Loop", "Parent Relationship": "Outer", "Join Type": "Inner", "Startup Cost": 128691.05, "Total Cost": 196146.55, "Plan Rows": 438, "Plan Width": 24, "Inner Unique": true, "Plans": [{"Node Type": "Aggregate", "Strategy": "Hashed", "Parent Relationship": "Outer", "Startup Cost": 128691.05, "Total Cost": 128884.11, "Plan Rows": 11032, "Plan Width": 16, "Group By Key": ["public.lineitem.l_partkey"], "Plans": [{"Node Type": "Nested Loop", "Parent Relationship": "Outer", "Join Type": "Inner", "Startup Cost": 0.0, "Total Cost": 128608.31, "Plan Rows": 11032, "Plan Width": 16, "Inner Unique": false, "Plans": [{"Node Type": "Seq Scan", "Parent Relationship": "Outer", "Relation Name": "part", "Alias": "part", "Startup Cost": 0.0, "Total Cost": 71944.0, "Plan Rows": 2001, "Plan Width": 8, "Filter": "((p_brand = 'Brand#44'::bpchar) AND (p_container = 'WRAP PKG'::bpchar))"}, {"Node Type": "Index Scan", "Parent Relationship": "Inner", "Scan Direction": "Forward", "Index Name": "idx_lineitem_part_supp", "Relation Name": "lineitem", "Alias": "lineitem", "Startup Cost": 0.0, "Total Cost": 28.26, "Plan Rows": 6, "Plan Width": 16, "Index Cond": "(l_partkey = public.part.p_partkey)"}]}]}, {"Node Type": "Index Scan", "Parent Relationship": "Inner", "Scan Direction": "Forward", "Index Name": "part_kpey", "Relation Name": "part", "Alias": "part", "Startup Cost": 0.0, "Total Cost": 6.08, "Plan Rows": 1, "Plan Width": 8, "Index Cond": "(p_partkey = public.lineitem.l_partkey)", "Filter": "((p_brand = 'Brand#44'::bpchar) AND (p_container = 'WRAP PKG'::bpchar))"}]}, {"Node Type": "Index Scan", "Parent Relationship": "Inner", "Scan Direction": "Forward", "Index Name": "idx_lineitem_part_supp", "Relation Name": "lineitem", "Alias": "lineitem", "Startup Cost": 0.0, "Total Cost": 27.78, "Plan Rows": 2, "Plan Width": 24, "Index Cond": "(l_partkey = public.lineitem.l_partkey)", "Filter": "(l_quantity < (.2::double precision * (avg(public.lineitem.l_quantity))))"}]}]}, "Unique SQL Id": 1080450481}, "explain_analyze_plan": {"Plan": {"Node Type": "Aggregate", "Strategy": "Plain", "Startup Cost": 208324.62, "Total Cost": 208324.63, "Plan Rows": 1, "Plan Width": 16, "Actual Startup Time": 1125.155, "Actual Total Time": 1125.155, "Actual Rows": 1, "Actual Loops": 1, "Plans": [{"Node Type": "Nested Loop", "Parent Relationship": "Outer", "Join Type": "Inner", "Startup Cost": 128691.05, "Total Cost": 208322.6, "Plan Rows": 806, "Plan Width": 8, "Actual Startup Time": 968.471, "Actual Total Time": 1124.094, "Actual Rows": 5403, "Actual Loops": 1, "Inner Unique": false, "Plans": [{"Node Type": "Nested Loop", "Parent Relationship": "Outer", "Join Type": "Inner", "Startup Cost": 128691.05, "Total Cost": 196146.55, "Plan Rows": 438, "Plan Width": 24, "Actual Startup Time": 968.443, "Actual Total Time": 984.459, "Actual Rows": 2003, "Actual Loops": 1, "Inner Unique": true, "Plans": [{"Node Type": "Aggregate", "Strategy": "Hashed", "Parent Relationship": "Outer", "Startup Cost": 128691.05, "Total Cost": 128884.11, "Plan Rows": 11032, "Plan Width": 16, "Actual Startup Time": 968.416, "Actual Total Time": 969.922, "Actual Rows": 2003, "Actual Loops": 1, "Group By Key": ["public.lineitem.l_partkey"], "Plans": [{"Node Type": "Nested Loop", "Parent Relationship": "Outer", "Join Type": "Inner", "Startup Cost": 0.0, "Total Cost": 128608.31, "Plan Rows": 11032, "Plan Width": 16, "Actual Startup Time": 0.373, "Actual Total Time": 927.032, "Actual Rows": 60021, "Actual Loops": 1, "Inner Unique": false, "Plans": [{"Node Type": "Seq Scan", "Parent Relationship": "Outer", "Relation Name": "part", "Alias": "part", "Startup Cost": 0.0, "Total Cost": 71944.0, "Plan Rows": 2001, "Plan Width": 8, "Actual Startup Time": 0.35, "Actual Total Time": 770.343, "Actual Rows": 2003, "Actual Loops": 1, "Filter": "((p_brand = 'Brand#44'::bpchar) AND (p_container = 'WRAP PKG'::bpchar))", "Rows Removed by Filter": 1997997}, {"Node Type": "Index Scan", "Parent Relationship": "Inner", "Scan Direction": "Forward", "Index Name": "idx_lineitem_part_supp", "Relation Name": "lineitem", "Alias": "lineitem", "Startup Cost": 0.0, "Total Cost": 28.26, "Plan Rows": 6, "Plan Width": 16, "Actual Startup Time": 21.245, "Actual Total Time": 142.059, "Actual Rows": 60021, "Actual Loops": 2003, "Index Cond": "(l_partkey = public.part.p_partkey)", "Rows Removed by Index Recheck": 0}]}]}, {"Node Type": "Index Scan", "Parent Relationship": "Inner", "Scan Direction": "Forward", "Index Name": "part_kpey", "Relation Name": "part", "Alias": "part", "Startup Cost": 0.0, "Total Cost": 6.08, "Plan Rows": 1, "Plan Width": 8, "Actual Startup Time": 12.854, "Actual Total Time": 12.854, "Actual Rows": 2003, "Actual Loops": 2003, "Index Cond": "(p_partkey = public.lineitem.l_partkey)", "Rows Removed by Index Recheck": 0, "Filter": "((p_brand = 'Brand#44'::bpchar) AND (p_container = 'WRAP PKG'::bpchar))", "Rows Removed by Filter": 0}]}, {"Node Type": "Index Scan", "Parent Relationship": "Inner", "Scan Direction": "Forward", "Index Name": "idx_lineitem_part_supp", "Relation Name": "lineitem", "Alias": "lineitem", "Startup Cost": 0.0, "Total Cost": 27.78, "Plan Rows": 2, "Plan Width": 24, "Actual Startup Time": 57.238, "Actual Total Time": 137.264, "Actual Rows": 5403, "Actual Loops": 2003, "Index Cond": "(l_partkey = public.lineitem.l_partkey)", "Rows Removed by Index Recheck": 0, "Filter": "(l_quantity < (.2::double precision * (avg(public.lineitem.l_quantity))))", "Rows Removed by Filter": 54618}]}]}, "Triggers": [], "Planner Runtime": 1.327, "Total Runtime": 1125.393, "Unique SQL Id": 1080450481}}, "(1, 45)": {"explain_plan": {"Plan": {"Node Type": "Aggregate", "Strategy": "Plain", "Startup Cost": 247183.87, "Total Cost": 247183.88, "Plan Rows": 1, "Plan Width": 16, "Plans": [{"Node Type": "Nested Loop", "Parent Relationship": "Outer", "Join Type": "Inner", "Startup Cost": 0.0, "Total Cost": 247181.85, "Plan Rows": 806, "Plan Width": 8, "Inner Unique": false, "Plans": [{"Node Type": "Nested Loop", "Parent Relationship": "Outer", "Join Type": "Inner", "Startup Cost": 0.0, "Total Cost": 235005.8, "Plan Rows": 438, "Plan Width": 24, "Inner Unique": true, "Plans": [{"Node Type": "Aggregate", "Strategy": "Sorted", "Parent Relationship": "Outer", "Startup Cost": 0.0, "Total Cost": 167743.36, "Plan Rows": 11032, "Plan Width": 80, "Group By Key": ["public.lineitem.l_partkey"], "Plans": [{"Node Type": "Nested Loop", "Parent Relationship": "Outer", "Join Type": "Inner", "Startup Cost": 0.0, "Total Cost": 167467.56, "Plan Rows": 11032, "Plan Width": 16, "Inner Unique": false, "Plans": [{"Node Type": "Index Scan", "Parent Relationship": "Outer", "Scan Direction": "Forward", "Index Name": "part_kpey", "Relation Name": "part", "Alias": "part", "Startup Cost": 0.0, "Total Cost": 110803.25, "Plan Rows": 2001, "Plan Width": 8, "Filter": "((p_brand = 'Brand#44'::bpchar) AND (p_container = 'WRAP PKG'::bpchar))"}, {"Node Type": "Index Scan", "Parent Relationship": "Inner", "Scan Direction": "Forward", "Index Name": "idx_lineitem_part_supp", "Relation Name": "lineitem", "Alias": "lineitem", "Startup Cost": 0.0, "Total Cost": 28.26, "Plan Rows": 6, "Plan Width": 16, "Index Cond": "(l_partkey = public.part.p_partkey)"}]}]}, {"Node Type": "Index Scan", "Parent Relationship": "Inner", "Scan Direction": "Forward", "Index Name": "part_kpey", "Relation Name": "part", "Alias": "part", "Startup Cost": 0.0, "Total Cost": 6.08, "Plan Rows": 1, "Plan Width": 8, "Index Cond": "(p_partkey = public.lineitem.l_partkey)", "Filter": "((p_brand = 'Brand#44'::bpchar) AND (p_container = 'WRAP PKG'::bpchar))"}]}, {"Node Type": "Index Scan", "Parent Relationship": "Inner", "Scan Direction": "Forward", "Index Name": "idx_lineitem_part_supp", "Relation Name": "lineitem", "Alias": "lineitem", "Startup Cost": 0.0, "Total Cost": 27.78, "Plan Rows": 2, "Plan Width": 24, "Index Cond": "(l_partkey = public.lineitem.l_partkey)", "Filter": "(l_quantity < (.2::double precision * (avg(public.lineitem.l_quantity))))"}]}]}, "Unique SQL Id": 1080450481}, "explain_analyze_plan": {"Plan": {"Node Type": "Aggregate", "Strategy": "Plain", "Startup Cost": 247183.87, "Total Cost": 247183.88, "Plan Rows": 1, "Plan Width": 16, "Actual Startup Time": 1657.115, "Actual Total Time": 1657.115, "Actual Rows": 1, "Actual Loops": 1, "Plans": [{"Node Type": "Nested Loop", "Parent Relationship": "Outer", "Join Type": "Inner", "Startup Cost": 0.0, "Total Cost": 247181.85, "Plan Rows": 806, "Plan Width": 8, "Actual Startup Time": 1.741, "Actual Total Time": 1655.898, "Actual Rows": 5403, "Actual Loops": 1, "Inner Unique": false, "Plans": [{"Node Type": "Nested Loop", "Parent Relationship": "Outer", "Join Type": "Inner", "Startup Cost": 0.0, "Total Cost": 235005.8, "Plan Rows": 438, "Plan Width": 24, "Actual Startup Time": 1.699, "Actual Total Time": 1576.826, "Actual Rows": 2003, "Actual Loops": 1, "Inner Unique": true, "Plans": [{"Node Type": "Aggregate", "Strategy": "Sorted", "Parent Relationship": "Outer", "Startup Cost": 0.0, "Total Cost": 167743.36, "Plan Rows": 11032, "Plan Width": 80, "Actual Startup Time": 1.686, "Actual Total Time": 1564.989, "Actual Rows": 2003, "Actual Loops": 1, "Group By Key": ["public.lineitem.l_partkey"], "Plans": [{"Node Type": "Nested Loop", "Parent Relationship": "Outer", "Join Type": "Inner", "Startup Cost": 0.0, "Total Cost": 167467.56, "Plan Rows": 11032, "Plan Width": 16, "Actual Startup Time": 0.571, "Actual Total Time": 1531.613, "Actual Rows": 60021, "Actual Loops": 1, "Inner Unique": false, "Plans": [{"Node Type": "Index Scan", "Parent Relationship": "Outer", "Scan Direction": "Forward", "Index Name": "part_kpey", "Relation Name": "part", "Alias": "part", "Startup Cost": 0.0, "Total Cost": 110803.25, "Plan Rows": 2001, "Plan Width": 8, "Actual Startup Time": 0.553, "Actual Total Time": 1347.731, "Actual Rows": 2003, "Actual Loops": 1, "Filter": "((p_brand = 'Brand#44'::bpchar) AND (p_container = 'WRAP PKG'::bpchar))", "Rows Removed by Filter": 1997997}, {"Node Type": "Index Scan", "Parent Relationship": "Inner", "Scan Direction": "Forward", "Index Name": "idx_lineitem_part_supp", "Relation Name": "lineitem", "Alias": "lineitem", "Startup Cost": 0.0, "Total Cost": 28.26, "Plan Rows": 6, "Plan Width": 16, "Actual Startup Time": 23.7, "Actual Total Time": 168.192, "Actual Rows": 60021, "Actual Loops": 2003, "Index Cond": "(l_partkey = public.part.p_partkey)", "Rows Removed by Index Recheck": 0}]}]}, {"Node Type": "Index Scan", "Parent Relationship": "Inner", "Scan Direction": "Forward", "Index Name": "part_kpey", "Relation Name": "part", "Alias": "part", "Startup Cost": 0.0, "Total Cost": 6.08, "Plan Rows": 1, "Plan Width": 8, "Actual Startup Time": 9.266, "Actual Total Time": 9.266, "Actual Rows": 2003, "Actual Loops": 2003, "Index Cond": "(p_partkey = public.lineitem.l_partkey)", "Rows Removed by Index Recheck": 0, "Filter": "((p_brand = 'Brand#44'::bpchar) AND (p_container = 'WRAP PKG'::bpchar))", "Rows Removed by Filter": 0}]}, {"Node Type": "Index Scan", "Parent Relationship": "Inner", "Scan Direction": "Forward", "Index Name": "idx_lineitem_part_supp", "Relation Name": "lineitem", "Alias": "lineitem", "Startup Cost": 0.0, "Total Cost": 27.78, "Plan Rows": 2, "Plan Width": 24, "Actual Startup Time": 33.161, "Actual Total Time": 76.14, "Actual Rows": 5403, "Actual Loops": 2003, "Index Cond": "(l_partkey = public.lineitem.l_partkey)", "Rows Removed by Index Recheck": 0, "Filter": "(l_quantity < (.2::double precision * (avg(public.lineitem.l_quantity))))", "Rows Removed by Filter": 54618}]}]}, "Triggers": [], "Planner Runtime": 1.323, "Total Runtime": 1657.326, "Unique SQL Id": 1080450481}}, "(1, 46)": {"explain_plan": {"Plan": {"Node Type": "Aggregate", "Strategy": "Plain", "Startup Cost": 4549973.98, "Total Cost": 4549974.0, "Plan Rows": 1, "Plan Width": 16, "Plans": [{"Node Type": "Hash Join", "Parent Relationship": "Outer", "Join Type": "Inner", "Startup Cost": 2309655.28, "Total Cost": 4549971.97, "Plan Rows": 806, "Plan Width": 8, "Inner Unique": true, "Hash Cond": "(public.part.p_partkey = subquery.\"?column?\")", "Join Filter": "(public.lineitem.l_quantity < (.2::double precision * subquery.\"?column?\"))", "Plans": [{"Node Type": "Hash Join", "Parent Relationship": "Outer", "Join Type": "Inner", "Startup Cost": 71969.01, "Total Cost": 2312146.04, "Plan Rows": 11032, "Plan Width": 32, "Inner Unique": true, "Hash Cond": "(public.lineitem.l_partkey = public.part.p_partkey)", "Plans": [{"Node Type": "Seq Scan", "Parent Relationship": "Outer", "Relation Name": "lineitem", "Alias": "lineitem", "Startup Cost": 0.0, "Total Cost": 2015115.33, "Plan Rows": 59987033, "Plan Width": 24}, {"Node Type": "Hash", "Parent Relationship": "Inner", "Startup Cost": 71944.0, "Total Cost": 71944.0, "Plan Rows": 2001, "Plan Width": 8, "Plans": [{"Node Type": "Seq Scan", "Parent Relationship": "Outer", "Relation Name": "part", "Alias": "part", "Startup Cost": 0.0, "Total Cost": 71944.0, "Plan Rows": 2001, "Plan Width": 8, "Filter": "((p_brand = 'Brand#44'::bpchar) AND (p_container = 'WRAP PKG'::bpchar))"}]}]}, {"Node Type": "Hash", "Parent Relationship": "Inner", "Startup Cost": 2237548.37, "Total Cost": 2237548.37, "Plan Rows": 11032, "Plan Width": 16, "Plans": [{"Node Type": "Subquery Scan", "Parent Relationship": "Outer", "Alias": "subquery", "Startup Cost": 2237244.99, "Total Cost": 2237548.37, "Plan Rows": 11032, "Plan Width": 16, "Plans": [{"Node Type": "Aggregate", "Strategy": "Hashed", "Parent Relationship": "Subquery", "Startup Cost": 2237244.99, "Total Cost": 2237438.05, "Plan Rows": 11032, "Plan Width": 16, "Group By Key": ["public.lineitem.l_partkey"], "Plans": [{"Node Type": "Hash Join", "Parent Relationship": "Outer", "Join Type": "Inner", "Startup Cost": 71969.01, "Total Cost": 2237162.25, "Plan Rows": 11032, "Plan Width": 16, "Inner Unique": true, "Hash Cond": "(public.lineitem.l_partkey = public.part.p_partkey)", "Plans": [{"Node Type": "Seq Scan", "Parent Relationship": "Outer", "Relation Name": "lineitem", "Alias": "lineitem", "Startup Cost": 0.0, "Total Cost": 2015115.33, "Plan Rows": 59987033, "Plan Width": 16}, {"Node Type": "Hash", "Parent Relationship": "Inner", "Startup Cost": 71944.0, "Total Cost": 71944.0, "Plan Rows": 2001, "Plan Width": 8, "Plans": [{"Node Type": "Seq Scan", "Parent Relationship": "Outer", "Relation Name": "part", "Alias": "part", "Startup Cost": 0.0, "Total Cost": 71944.0, "Plan Rows": 2001, "Plan Width": 8, "Filter": "((p_brand = 'Brand#44'::bpchar) AND (p_container = 'WRAP PKG'::bpchar))"}]}]}]}]}]}]}]}, "Unique SQL Id": 1080450481}, "explain_analyze_plan": null}, "(1, 47)": {"explain_plan": {"Plan": {"Node Type": "Aggregate", "Strategy": "Plain", "Startup Cost": 4003899272041.15, "Total Cost": 4003899272041.16, "Plan Rows": 1, "Plan Width": 16, "Plans": [{"Node Type": "Nested Loop", "Parent Relationship": "Outer", "Join Type": "Inner", "Startup Cost": 40000000000.0, "Total Cost": 4003899272039.14, "Plan Rows": 806, "Plan Width": 8, "Inner Unique": false, "Join Filter": "((subquery.\"?column?\" = public.lineitem.l_partkey) AND (public.lineitem.l_quantity < (.2::double precision * subquery.\"?column?\")))", "Plans": [{"Node Type": "Index Scan", "Parent Relationship": "Outer", "Scan Direction": "Forward", "Index Name": "idx_lineitem_part_supp", "Relation Name": "lineitem", "Alias": "lineitem", "Startup Cost": 10000000000.0, "Total Cost": 1000775391319.64, "Plan Rows": 59987033, "Plan Width": 24}, {"Node Type": "Materialize", "Parent Relationship": "Inner", "Startup Cost": 30000000000.0, "Total Cost": 3002598394311.51, "Plan Rows": 438, "Plan Width": 24, "Plans": [{"Node Type": "Nested Loop", "Parent Relationship": "Outer", "Join Type": "Inner", "Startup Cost": 30000000000.0, "Total Cost": 3002598394309.32, "Plan Rows": 438, "Plan Width": 24, "Inner Unique": true, "Join Filter": "(public.part.p_partkey = subquery.\"?column?\")", "Plans": [{"Node Type": "Index Scan", "Parent Relationship": "Outer", "Scan Direction": "Forward", "Index Name": "part_kpey", "Relation Name": "part", "Alias": "part", "Startup Cost": 10000000000.0, "Total Cost": 1000011080325.0, "Plan Rows": 2001, "Plan Width": 8, "Filter": "((p_brand = 'Brand#44'::bpchar) AND (p_container = 'WRAP PKG'::bpchar))"}, {"Node Type": "Materialize", "Parent Relationship": "Inner", "Startup Cost": 20000000000.0, "Total Cost": 2002586982886.42, "Plan Rows": 11032, "Plan Width": 16, "Plans": [{"Node Type": "Subquery Scan", "Parent Relationship": "Outer", "Alias": "subquery", "Startup Cost": 20000000000.0, "Total Cost": 2002586982831.26, "Plan Rows": 11032, "Plan Width": 16, "Plans": [{"Node Type": "Aggregate", "Strategy": "Sorted", "Parent Relationship": "Subquery", "Startup Cost": 20000000000.0, "Total Cost": 2002586982720.94, "Plan Rows": 11032, "Plan Width": 80, "Group By Key": ["public.lineitem.l_partkey"], "Plans": [{"Node Type": "Nested Loop", "Parent Relationship": "Outer", "Join Type": "Semi", "Startup Cost": 20000000000.0, "Total Cost": 2002586982445.14, "Plan Rows": 11032, "Plan Width": 16, "Inner Unique": false, "Join Filter": "(public.lineitem.l_partkey = public.part.p_partkey)", "Plans": [{"Node Type": "Index Scan", "Parent Relationship": "Outer", "Scan Direction": "Forward", "Index Name": "idx_lineitem_part_supp", "Relation Name": "lineitem", "Alias": "lineitem", "Startup Cost": 10000000000.0, "Total Cost": 1000775391319.64, "Plan Rows": 59987033, "Plan Width": 16}, {"Node Type": "Materialize", "Parent Relationship": "Inner", "Startup Cost": 10000000000.0, "Total Cost": 1000011080335.01, "Plan Rows": 2001, "Plan Width": 8, "Plans": [{"Node Type": "Index Scan", "Parent Relationship": "Outer", "Scan Direction": "Forward", "Index Name": "part_kpey", "Relation Name": "part", "Alias": "part", "Startup Cost": 10000000000.0, "Total Cost": 1000011080325.0, "Plan Rows": 2001, "Plan Width": 8, "Filter": "((p_brand = 'Brand#44'::bpchar) AND (p_container = 'WRAP PKG'::bpchar))"}]}]}]}]}]}]}]}]}]}, "Unique SQL Id": 1080450481}, "explain_analyze_plan": null}, "(1, 48)": {"explain_plan": {"Plan": {"Node Type": "Aggregate", "Strategy": "Plain", "Startup Cost": 208324.62, "Total Cost": 208324.63, "Plan Rows": 1, "Plan Width": 16, "Plans": [{"Node Type": "Nested Loop", "Parent Relationship": "Outer", "Join Type": "Inner", "Startup Cost": 128691.05, "Total Cost": 208322.6, "Plan Rows": 806, "Plan Width": 8, "Inner Unique": false, "Plans": [{"Node Type": "Nested Loop", "Parent Relationship": "Outer", "Join Type": "Inner", "Startup Cost": 128691.05, "Total Cost": 196146.55, "Plan Rows": 438, "Plan Width": 24, "Inner Unique": true, "Plans": [{"Node Type": "Aggregate", "Strategy": "Hashed", "Parent Relationship": "Outer", "Startup Cost": 128691.05, "Total Cost": 128884.11, "Plan Rows": 11032, "Plan Width": 16, "Group By Key": ["public.lineitem.l_partkey"], "Plans": [{"Node Type": "Nested Loop", "Parent Relationship": "Outer", "Join Type": "Inner", "Startup Cost": 0.0, "Total Cost": 128608.31, "Plan Rows": 11032, "Plan Width": 16, "Inner Unique": false, "Plans": [{"Node Type": "Seq Scan", "Parent Relationship": "Outer", "Relation Name": "part", "Alias": "part", "Startup Cost": 0.0, "Total Cost": 71944.0, "Plan Rows": 2001, "Plan Width": 8, "Filter": "((p_brand = 'Brand#44'::bpchar) AND (p_container = 'WRAP PKG'::bpchar))"}, {"Node Type": "Index Scan", "Parent Relationship": "Inner", "Scan Direction": "Forward", "Index Name": "idx_lineitem_part_supp", "Relation Name": "lineitem", "Alias": "lineitem", "Startup Cost": 0.0, "Total Cost": 28.26, "Plan Rows": 6, "Plan Width": 16, "Index Cond": "(l_partkey = public.part.p_partkey)"}]}]}, {"Node Type": "Index Scan", "Parent Relationship": "Inner", "Scan Direction": "Forward", "Index Name": "part_kpey", "Relation Name": "part", "Alias": "part", "Startup Cost": 0.0, "Total Cost": 6.08, "Plan Rows": 1, "Plan Width": 8, "Index Cond": "(p_partkey = public.lineitem.l_partkey)", "Filter": "((p_brand = 'Brand#44'::bpchar) AND (p_container = 'WRAP PKG'::bpchar))"}]}, {"Node Type": "Index Scan", "Parent Relationship": "Inner", "Scan Direction": "Forward", "Index Name": "idx_lineitem_part_supp", "Relation Name": "lineitem", "Alias": "lineitem", "Startup Cost": 0.0, "Total Cost": 27.78, "Plan Rows": 2, "Plan Width": 24, "Index Cond": "(l_partkey = public.lineitem.l_partkey)", "Filter": "(l_quantity < (.2::double precision * (avg(public.lineitem.l_quantity))))"}]}]}, "Unique SQL Id": 1080450481}, "explain_analyze_plan": {"Plan": {"Node Type": "Aggregate", "Strategy": "Plain", "Startup Cost": 208324.62, "Total Cost": 208324.63, "Plan Rows": 1, "Plan Width": 16, "Actual Startup Time": 1125.155, "Actual Total Time": 1125.155, "Actual Rows": 1, "Actual Loops": 1, "Plans": [{"Node Type": "Nested Loop", "Parent Relationship": "Outer", "Join Type": "Inner", "Startup Cost": 128691.05, "Total Cost": 208322.6, "Plan Rows": 806, "Plan Width": 8, "Actual Startup Time": 968.471, "Actual Total Time": 1124.094, "Actual Rows": 5403, "Actual Loops": 1, "Inner Unique": false, "Plans": [{"Node Type": "Nested Loop", "Parent Relationship": "Outer", "Join Type": "Inner", "Startup Cost": 128691.05, "Total Cost": 196146.55, "Plan Rows": 438, "Plan Width": 24, "Actual Startup Time": 968.443, "Actual Total Time": 984.459, "Actual Rows": 2003, "Actual Loops": 1, "Inner Unique": true, "Plans": [{"Node Type": "Aggregate", "Strategy": "Hashed", "Parent Relationship": "Outer", "Startup Cost": 128691.05, "Total Cost": 128884.11, "Plan Rows": 11032, "Plan Width": 16, "Actual Startup Time": 968.416, "Actual Total Time": 969.922, "Actual Rows": 2003, "Actual Loops": 1, "Group By Key": ["public.lineitem.l_partkey"], "Plans": [{"Node Type": "Nested Loop", "Parent Relationship": "Outer", "Join Type": "Inner", "Startup Cost": 0.0, "Total Cost": 128608.31, "Plan Rows": 11032, "Plan Width": 16, "Actual Startup Time": 0.373, "Actual Total Time": 927.032, "Actual Rows": 60021, "Actual Loops": 1, "Inner Unique": false, "Plans": [{"Node Type": "Seq Scan", "Parent Relationship": "Outer", "Relation Name": "part", "Alias": "part", "Startup Cost": 0.0, "Total Cost": 71944.0, "Plan Rows": 2001, "Plan Width": 8, "Actual Startup Time": 0.35, "Actual Total Time": 770.343, "Actual Rows": 2003, "Actual Loops": 1, "Filter": "((p_brand = 'Brand#44'::bpchar) AND (p_container = 'WRAP PKG'::bpchar))", "Rows Removed by Filter": 1997997}, {"Node Type": "Index Scan", "Parent Relationship": "Inner", "Scan Direction": "Forward", "Index Name": "idx_lineitem_part_supp", "Relation Name": "lineitem", "Alias": "lineitem", "Startup Cost": 0.0, "Total Cost": 28.26, "Plan Rows": 6, "Plan Width": 16, "Actual Startup Time": 21.245, "Actual Total Time": 142.059, "Actual Rows": 60021, "Actual Loops": 2003, "Index Cond": "(l_partkey = public.part.p_partkey)", "Rows Removed by Index Recheck": 0}]}]}, {"Node Type": "Index Scan", "Parent Relationship": "Inner", "Scan Direction": "Forward", "Index Name": "part_kpey", "Relation Name": "part", "Alias": "part", "Startup Cost": 0.0, "Total Cost": 6.08, "Plan Rows": 1, "Plan Width": 8, "Actual Startup Time": 12.854, "Actual Total Time": 12.854, "Actual Rows": 2003, "Actual Loops": 2003, "Index Cond": "(p_partkey = public.lineitem.l_partkey)", "Rows Removed by Index Recheck": 0, "Filter": "((p_brand = 'Brand#44'::bpchar) AND (p_container = 'WRAP PKG'::bpchar))", "Rows Removed by Filter": 0}]}, {"Node Type": "Index Scan", "Parent Relationship": "Inner", "Scan Direction": "Forward", "Index Name": "idx_lineitem_part_supp", "Relation Name": "lineitem", "Alias": "lineitem", "Startup Cost": 0.0, "Total Cost": 27.78, "Plan Rows": 2, "Plan Width": 24, "Actual Startup Time": 57.238, "Actual Total Time": 137.264, "Actual Rows": 5403, "Actual Loops": 2003, "Index Cond": "(l_partkey = public.lineitem.l_partkey)", "Rows Removed by Index Recheck": 0, "Filter": "(l_quantity < (.2::double precision * (avg(public.lineitem.l_quantity))))", "Rows Removed by Filter": 54618}]}]}, "Triggers": [], "Planner Runtime": 1.327, "Total Runtime": 1125.393, "Unique SQL Id": 1080450481}}, "(1, 49)": {"explain_plan": {"Plan": {"Node Type": "Aggregate", "Strategy": "Plain", "Startup Cost": 247183.87, "Total Cost": 247183.88, "Plan Rows": 1, "Plan Width": 16, "Plans": [{"Node Type": "Nested Loop", "Parent Relationship": "Outer", "Join Type": "Inner", "Startup Cost": 0.0, "Total Cost": 247181.85, "Plan Rows": 806, "Plan Width": 8, "Inner Unique": false, "Plans": [{"Node Type": "Nested Loop", "Parent Relationship": "Outer", "Join Type": "Inner", "Startup Cost": 0.0, "Total Cost": 235005.8, "Plan Rows": 438, "Plan Width": 24, "Inner Unique": true, "Plans": [{"Node Type": "Aggregate", "Strategy": "Sorted", "Parent Relationship": "Outer", "Startup Cost": 0.0, "Total Cost": 167743.36, "Plan Rows": 11032, "Plan Width": 80, "Group By Key": ["public.lineitem.l_partkey"], "Plans": [{"Node Type": "Nested Loop", "Parent Relationship": "Outer", "Join Type": "Inner", "Startup Cost": 0.0, "Total Cost": 167467.56, "Plan Rows": 11032, "Plan Width": 16, "Inner Unique": false, "Plans": [{"Node Type": "Index Scan", "Parent Relationship": "Outer", "Scan Direction": "Forward", "Index Name": "part_kpey", "Relation Name": "part", "Alias": "part", "Startup Cost": 0.0, "Total Cost": 110803.25, "Plan Rows": 2001, "Plan Width": 8, "Filter": "((p_brand = 'Brand#44'::bpchar) AND (p_container = 'WRAP PKG'::bpchar))"}, {"Node Type": "Index Scan", "Parent Relationship": "Inner", "Scan Direction": "Forward", "Index Name": "idx_lineitem_part_supp", "Relation Name": "lineitem", "Alias": "lineitem", "Startup Cost": 0.0, "Total Cost": 28.26, "Plan Rows": 6, "Plan Width": 16, "Index Cond": "(l_partkey = public.part.p_partkey)"}]}]}, {"Node Type": "Index Scan", "Parent Relationship": "Inner", "Scan Direction": "Forward", "Index Name": "part_kpey", "Relation Name": "part", "Alias": "part", "Startup Cost": 0.0, "Total Cost": 6.08, "Plan Rows": 1, "Plan Width": 8, "Index Cond": "(p_partkey = public.lineitem.l_partkey)", "Filter": "((p_brand = 'Brand#44'::bpchar) AND (p_container = 'WRAP PKG'::bpchar))"}]}, {"Node Type": "Index Scan", "Parent Relationship": "Inner", "Scan Direction": "Forward", "Index Name": "idx_lineitem_part_supp", "Relation Name": "lineitem", "Alias": "lineitem", "Startup Cost": 0.0, "Total Cost": 27.78, "Plan Rows": 2, "Plan Width": 24, "Index Cond": "(l_partkey = public.lineitem.l_partkey)", "Filter": "(l_quantity < (.2::double precision * (avg(public.lineitem.l_quantity))))"}]}]}, "Unique SQL Id": 1080450481}, "explain_analyze_plan": {"Plan": {"Node Type": "Aggregate", "Strategy": "Plain", "Startup Cost": 247183.87, "Total Cost": 247183.88, "Plan Rows": 1, "Plan Width": 16, "Actual Startup Time": 1657.115, "Actual Total Time": 1657.115, "Actual Rows": 1, "Actual Loops": 1, "Plans": [{"Node Type": "Nested Loop", "Parent Relationship": "Outer", "Join Type": "Inner", "Startup Cost": 0.0, "Total Cost": 247181.85, "Plan Rows": 806, "Plan Width": 8, "Actual Startup Time": 1.741, "Actual Total Time": 1655.898, "Actual Rows": 5403, "Actual Loops": 1, "Inner Unique": false, "Plans": [{"Node Type": "Nested Loop", "Parent Relationship": "Outer", "Join Type": "Inner", "Startup Cost": 0.0, "Total Cost": 235005.8, "Plan Rows": 438, "Plan Width": 24, "Actual Startup Time": 1.699, "Actual Total Time": 1576.826, "Actual Rows": 2003, "Actual Loops": 1, "Inner Unique": true, "Plans": [{"Node Type": "Aggregate", "Strategy": "Sorted", "Parent Relationship": "Outer", "Startup Cost": 0.0, "Total Cost": 167743.36, "Plan Rows": 11032, "Plan Width": 80, "Actual Startup Time": 1.686, "Actual Total Time": 1564.989, "Actual Rows": 2003, "Actual Loops": 1, "Group By Key": ["public.lineitem.l_partkey"], "Plans": [{"Node Type": "Nested Loop", "Parent Relationship": "Outer", "Join Type": "Inner", "Startup Cost": 0.0, "Total Cost": 167467.56, "Plan Rows": 11032, "Plan Width": 16, "Actual Startup Time": 0.571, "Actual Total Time": 1531.613, "Actual Rows": 60021, "Actual Loops": 1, "Inner Unique": false, "Plans": [{"Node Type": "Index Scan", "Parent Relationship": "Outer", "Scan Direction": "Forward", "Index Name": "part_kpey", "Relation Name": "part", "Alias": "part", "Startup Cost": 0.0, "Total Cost": 110803.25, "Plan Rows": 2001, "Plan Width": 8, "Actual Startup Time": 0.553, "Actual Total Time": 1347.731, "Actual Rows": 2003, "Actual Loops": 1, "Filter": "((p_brand = 'Brand#44'::bpchar) AND (p_container = 'WRAP PKG'::bpchar))", "Rows Removed by Filter": 1997997}, {"Node Type": "Index Scan", "Parent Relationship": "Inner", "Scan Direction": "Forward", "Index Name": "idx_lineitem_part_supp", "Relation Name": "lineitem", "Alias": "lineitem", "Startup Cost": 0.0, "Total Cost": 28.26, "Plan Rows": 6, "Plan Width": 16, "Actual Startup Time": 23.7, "Actual Total Time": 168.192, "Actual Rows": 60021, "Actual Loops": 2003, "Index Cond": "(l_partkey = public.part.p_partkey)", "Rows Removed by Index Recheck": 0}]}]}, {"Node Type": "Index Scan", "Parent Relationship": "Inner", "Scan Direction": "Forward", "Index Name": "part_kpey", "Relation Name": "part", "Alias": "part", "Startup Cost": 0.0, "Total Cost": 6.08, "Plan Rows": 1, "Plan Width": 8, "Actual Startup Time": 9.266, "Actual Total Time": 9.266, "Actual Rows": 2003, "Actual Loops": 2003, "Index Cond": "(p_partkey = public.lineitem.l_partkey)", "Rows Removed by Index Recheck": 0, "Filter": "((p_brand = 'Brand#44'::bpchar) AND (p_container = 'WRAP PKG'::bpchar))", "Rows Removed by Filter": 0}]}, {"Node Type": "Index Scan", "Parent Relationship": "Inner", "Scan Direction": "Forward", "Index Name": "idx_lineitem_part_supp", "Relation Name": "lineitem", "Alias": "lineitem", "Startup Cost": 0.0, "Total Cost": 27.78, "Plan Rows": 2, "Plan Width": 24, "Actual Startup Time": 33.161, "Actual Total Time": 76.14, "Actual Rows": 5403, "Actual Loops": 2003, "Index Cond": "(l_partkey = public.lineitem.l_partkey)", "Rows Removed by Index Recheck": 0, "Filter": "(l_quantity < (.2::double precision * (avg(public.lineitem.l_quantity))))", "Rows Removed by Filter": 54618}]}]}, "Triggers": [], "Planner Runtime": 1.323, "Total Runtime": 1657.326, "Unique SQL Id": 1080450481}}, "(1, 50)": {"explain_plan": {"Plan": {"Node Type": "Aggregate", "Strategy": "Plain", "Startup Cost": 213808.47, "Total Cost": 213808.48, "Plan Rows": 1, "Plan Width": 16, "Plans": [{"Node Type": "Nested Loop", "Parent Relationship": "Outer", "Join Type": "Inner", "Startup Cost": 128826.76, "Total Cost": 213806.45, "Plan Rows": 806, "Plan Width": 8, "Inner Unique": false, "Plans": [{"Node Type": "Nested Loop", "Parent Relationship": "Outer", "Join Type": "Inner", "Startup Cost": 128822.53, "Total Cost": 201406.27, "Plan Rows": 438, "Plan Width": 24, "Inner Unique": true, "Plans": [{"Node Type": "Aggregate", "Strategy": "Hashed", "Parent Relationship": "Outer", "Startup Cost": 128820.01, "Total Cost": 129013.07, "Plan Rows": 11032, "Plan Width": 16, "Group By Key": ["public.lineitem.l_partkey"], "Plans": [{"Node Type": "Nested Loop", "Parent Relationship": "Outer", "Join Type": "Inner", "Startup Cost": 4.28, "Total Cost": 128737.27, "Plan Rows": 11032, "Plan Width": 16, "Inner Unique": false, "Plans": [{"Node Type": "Seq Scan", "Parent Relationship": "Outer", "Relation Name": "part", "Alias": "part", "Startup Cost": 0.0, "Total Cost": 71944.0, "Plan Rows": 2001, "Plan Width": 8, "Filter": "((p_brand = 'Brand#44'::bpchar) AND (p_container = 'WRAP PKG'::bpchar))"}, {"Node Type": "Bitmap Heap Scan", "Parent Relationship": "Inner", "Relation Name": "lineitem", "Alias": "lineitem", "Startup Cost": 4.28, "Total Cost": 28.32, "Plan Rows": 6, "Plan Width": 16, "Recheck Cond": "(l_partkey = public.part.p_partkey)", "Plans": [{"Node Type": "Bitmap Index Scan", "Parent Relationship": "Outer", "Index Name": "idx_lineitem_part_supp", "Startup Cost": 0.0, "Total Cost": 4.28, "Plan Rows": 6, "Plan Width": 0, "Index Cond": "(l_partkey = public.part.p_partkey)"}]}]}]}, {"Node Type": "Bitmap Heap Scan", "Parent Relationship": "Inner", "Relation Name": "part", "Alias": "part", "Startup Cost": 2.52, "Total Cost": 6.54, "Plan Rows": 1, "Plan Width": 8, "Recheck Cond": "(p_partkey = public.lineitem.l_partkey)", "Filter": "((p_brand = 'Brand#44'::bpchar) AND (p_container = 'WRAP PKG'::bpchar))", "Plans": [{"Node Type": "Bitmap Index Scan", "Parent Relationship": "Outer", "Index Name": "part_kpey", "Startup Cost": 0.0, "Total Cost": 2.52, "Plan Rows": 1, "Plan Width": 0, "Index Cond": "(p_partkey = public.lineitem.l_partkey)"}]}]}, {"Node Type": "Bitmap Heap Scan", "Parent Relationship": "Inner", "Relation Name": "lineitem", "Alias": "lineitem", "Startup Cost": 4.22, "Total Cost": 28.29, "Plan Rows": 2, "Plan Width": 24, "Recheck Cond": "(l_partkey = public.lineitem.l_partkey)", "Filter": "(l_quantity < (.2::double precision * (avg(public.lineitem.l_quantity))))", "Plans": [{"Node Type": "Bitmap Index Scan", "Parent Relationship": "Outer", "Index Name": "idx_lineitem_part_supp", "Startup Cost": 0.0, "Total Cost": 4.22, "Plan Rows": 6, "Plan Width": 0, "Index Cond": "(l_partkey = public.lineitem.l_partkey)"}]}]}]}, "Unique SQL Id": 1080450481}, "explain_analyze_plan": {"Plan": {"Node Type": "Aggregate", "Strategy": "Plain", "Startup Cost": 213808.47, "Total Cost": 213808.48, "Plan Rows": 1, "Plan Width": 16, "Actual Startup Time": 1332.753, "Actual Total Time": 1332.753, "Actual Rows": 1, "Actual Loops": 1, "Plans": [{"Node Type": "Nested Loop", "Parent Relationship": "Outer", "Join Type": "Inner", "Startup Cost": 128826.76, "Total Cost": 213806.45, "Plan Rows": 806, "Plan Width": 8, "Actual Startup Time": 1119.036, "Actual Total Time": 1331.626, "Actual Rows": 5403, "Actual Loops": 1, "Inner Unique": false, "Plans": [{"Node Type": "Nested Loop", "Parent Relationship": "Outer", "Join Type": "Inner", "Startup Cost": 128822.53, "Total Cost": 201406.27, "Plan Rows": 438, "Plan Width": 24, "Actual Startup Time": 1118.956, "Actual Total Time": 1142.745, "Actual Rows": 2003, "Actual Loops": 1, "Inner Unique": true, "Plans": [{"Node Type": "Aggregate", "Strategy": "Hashed", "Parent Relationship": "Outer", "Startup Cost": 128820.01, "Total Cost": 129013.07, "Plan Rows": 11032, "Plan Width": 16, "Actual Startup Time": 1118.911, "Actual Total Time": 1120.833, "Actual Rows": 2003, "Actual Loops": 1, "Group By Key": ["public.lineitem.l_partkey"], "Plans": [{"Node Type": "Nested Loop", "Parent Relationship": "Outer", "Join Type": "Inner", "Startup Cost": 4.28, "Total Cost": 128737.27, "Plan Rows": 11032, "Plan Width": 16, "Actual Startup Time": 0.412, "Actual Total Time": 1078.48, "Actual Rows": 60021, "Actual Loops": 1, "Inner Unique": false, "Plans": [{"Node Type": "Seq Scan", "Parent Relationship": "Outer", "Relation Name": "part", "Alias": "part", "Startup Cost": 0.0, "Total Cost": 71944.0, "Plan Rows": 2001, "Plan Width": 8, "Actual Startup Time": 0.366, "Actual Total Time": 819.746, "Actual Rows": 2003, "Actual Loops": 1, "Filter": "((p_brand = 'Brand#44'::bpchar) AND (p_container = 'WRAP PKG'::bpchar))", "Rows Removed by Filter": 1997997}, {"Node Type": "Bitmap Heap Scan", "Parent Relationship": "Inner", "Relation Name": "lineitem", "Alias": "lineitem", "Startup Cost": 4.28, "Total Cost": 28.32, "Plan Rows": 6, "Plan Width": 16, "Actual Startup Time": 43.842, "Actual Total Time": 241.092, "Actual Rows": 60021, "Actual Loops": 2003, "Recheck Cond": "(l_partkey = public.part.p_partkey)", "Rows Removed by Index Recheck": 0, "Exact Heap Blocks": 60018, "Lossy Heap Blocks": 60018, "Plans": [{"Node Type": "Bitmap Index Scan", "Parent Relationship": "Outer", "Index Name": "idx_lineitem_part_supp", "Startup Cost": 0.0, "Total Cost": 4.28, "Plan Rows": 6, "Plan Width": 0, "Actual Startup Time": 28.842, "Actual Total Time": 28.842, "Actual Rows": 60021, "Actual Loops": 2003, "Index Cond": "(l_partkey = public.part.p_partkey)"}]}]}]}, {"Node Type": "Bitmap Heap Scan", "Parent Relationship": "Inner", "Relation Name": "part", "Alias": "part", "Startup Cost": 2.52, "Total Cost": 6.54, "Plan Rows": 1, "Plan Width": 8, "Actual Startup Time": 18.403, "Actual Total Time": 18.403, "Actual Rows": 2003, "Actual Loops": 2003, "Recheck Cond": "(p_partkey = public.lineitem.l_partkey)", "Rows Removed by Index Recheck": 0, "Filter": "((p_brand = 'Brand#44'::bpchar) AND (p_container = 'WRAP PKG'::bpchar))", "Rows Removed by Filter": 0, "Exact Heap Blocks": 2003, "Lossy Heap Blocks": 2003, "Plans": [{"Node Type": "Bitmap Index Scan", "Parent Relationship": "Outer", "Index Name": "part_kpey", "Startup Cost": 0.0, "Total Cost": 2.52, "Plan Rows": 1, "Plan Width": 0, "Actual Startup Time": 11.137, "Actual Total Time": 11.137, "Actual Rows": 2003, "Actual Loops": 2003, "Index Cond": "(p_partkey = public.lineitem.l_partkey)"}]}]}, {"Node Type": "Bitmap Heap Scan", "Parent Relationship": "Inner", "Relation Name": "lineitem", "Alias": "lineitem", "Startup Cost": 4.22, "Total Cost": 28.29, "Plan Rows": 2, "Plan Width": 24, "Actual Startup Time": 83.292, "Actual Total Time": 184.714, "Actual Rows": 5403, "Actual Loops": 2003, "Recheck Cond": "(l_partkey = public.lineitem.l_partkey)", "Rows Removed by Index Recheck": 0, "Filter": "(l_quantity < (.2::double precision * (avg(public.lineitem.l_quantity))))", "Rows Removed by Filter": 54618, "Exact Heap Blocks": 60018, "Lossy Heap Blocks": 60018, "Plans": [{"Node Type": "Bitmap Index Scan", "Parent Relationship": "Outer", "Index Name": "idx_lineitem_part_supp", "Startup Cost": 0.0, "Total Cost": 4.22, "Plan Rows": 6, "Plan Width": 0, "Actual Startup Time": 24.575, "Actual Total Time": 24.575, "Actual Rows": 60021, "Actual Loops": 2003, "Index Cond": "(l_partkey = public.lineitem.l_partkey)"}]}]}]}, "Triggers": [], "Planner Runtime": 1.125, "Total Runtime": 1333.115, "Unique SQL Id": 1080450481}}, "(1, 51)": {"explain_plan": {"Plan": {"Node Type": "Aggregate", "Strategy": "Plain", "Startup Cost": 1001032279502.61, "Total Cost": 1001032279502.62, "Plan Rows": 1, "Plan Width": 16, "Plans": [{"Node Type": "Nested Loop", "Parent Relationship": "Outer", "Join Type": "Inner", "Startup Cost": 10000000004.74, "Total Cost": 1001032279500.6, "Plan Rows": 806, "Plan Width": 8, "Inner Unique": true, "Join Filter": "(public.lineitem.l_partkey = public.part.p_partkey)", "Plans": [{"Node Type": "Nested Loop", "Parent Relationship": "Outer", "Join Type": "Inner", "Startup Cost": 10000000004.48, "Total Cost": 1001032192561.0, "Plan Rows": 20274, "Plan Width": 24, "Inner Unique": false, "Plans": [{"Node Type": "Aggregate", "Strategy": "Sorted", "Parent Relationship": "Outer", "Startup Cost": 10000000000.26, "Total Cost": 1001031880124.59, "Plan Rows": 11032, "Plan Width": 80, "Group By Key": ["public.lineitem.l_partkey"], "Plans": [{"Node Type": "Nested Loop", "Parent Relationship": "Outer", "Join Type": "Semi", "Startup Cost": 10000000000.26, "Total Cost": 1001031879848.79, "Plan Rows": 11032, "Plan Width": 16, "Inner Unique": false, "Plans": [{"Node Type": "Index Scan", "Parent Relationship": "Outer", "Scan Direction": "Forward", "Index Name": "idx_lineitem_part_supp", "Relation Name": "lineitem", "Alias": "lineitem", "Startup Cost": 10000000000.0, "Total Cost": 1000775391319.64, "Plan Rows": 59987033, "Plan Width": 16}, {"Node Type": "Bitmap Heap Scan", "Parent Relationship": "Inner", "Relation Name": "part", "Alias": "part", "Startup Cost": 0.26, "Total Cost": 4.28, "Plan Rows": 1, "Plan Width": 8, "Recheck Cond": "(p_partkey = public.lineitem.l_partkey)", "Filter": "((p_brand = 'Brand#44'::bpchar) AND (p_container = 'WRAP PKG'::bpchar))", "Plans": [{"Node Type": "Bitmap Index Scan", "Parent Relationship": "Outer", "Index Name": "part_kpey", "Startup Cost": 0.0, "Total Cost": 0.26, "Plan Rows": 1, "Plan Width": 0, "Index Cond": "(p_partkey = public.lineitem.l_partkey)"}]}]}]}, {"Node Type": "Bitmap Heap Scan", "Parent Relationship": "Inner", "Relation Name": "lineitem", "Alias": "lineitem", "Startup Cost": 4.22, "Total Cost": 28.29, "Plan Rows": 2, "Plan Width": 24, "Recheck Cond": "(l_partkey = public.lineitem.l_partkey)", "Filter": "(l_quantity < (.2::double precision * (avg(public.lineitem.l_quantity))))", "Plans": [{"Node Type": "Bitmap Index Scan", "Parent Relationship": "Outer", "Index Name": "idx_lineitem_part_supp", "Startup Cost": 0.0, "Total Cost": 4.22, "Plan Rows": 6, "Plan Width": 0, "Index Cond": "(l_partkey = public.lineitem.l_partkey)"}]}]}, {"Node Type": "Bitmap Heap Scan", "Parent Relationship": "Inner", "Relation Name": "part", "Alias": "part", "Startup Cost": 0.26, "Total Cost": 4.28, "Plan Rows": 1, "Plan Width": 8, "Recheck Cond": "(p_partkey = public.lineitem.l_partkey)", "Filter": "((p_brand = 'Brand#44'::bpchar) AND (p_container = 'WRAP PKG'::bpchar))", "Plans": [{"Node Type": "Bitmap Index Scan", "Parent Relationship": "Outer", "Index Name": "part_kpey", "Startup Cost": 0.0, "Total Cost": 0.26, "Plan Rows": 1, "Plan Width": 0, "Index Cond": "(p_partkey = public.lineitem.l_partkey)"}]}]}]}, "Unique SQL Id": 1080450481}, "explain_analyze_plan": null}, "(1, 52)": {"explain_plan": {"Plan": {"Node Type": "Aggregate", "Strategy": "Plain", "Startup Cost": 208324.62, "Total Cost": 208324.63, "Plan Rows": 1, "Plan Width": 16, "Plans": [{"Node Type": "Nested Loop", "Parent Relationship": "Outer", "Join Type": "Inner", "Startup Cost": 128691.05, "Total Cost": 208322.6, "Plan Rows": 806, "Plan Width": 8, "Inner Unique": false, "Plans": [{"Node Type": "Nested Loop", "Parent Relationship": "Outer", "Join Type": "Inner", "Startup Cost": 128691.05, "Total Cost": 196146.55, "Plan Rows": 438, "Plan Width": 24, "Inner Unique": true, "Plans": [{"Node Type": "Aggregate", "Strategy": "Hashed", "Parent Relationship": "Outer", "Startup Cost": 128691.05, "Total Cost": 128884.11, "Plan Rows": 11032, "Plan Width": 16, "Group By Key": ["public.lineitem.l_partkey"], "Plans": [{"Node Type": "Nested Loop", "Parent Relationship": "Outer", "Join Type": "Inner", "Startup Cost": 0.0, "Total Cost": 128608.31, "Plan Rows": 11032, "Plan Width": 16, "Inner Unique": false, "Plans": [{"Node Type": "Seq Scan", "Parent Relationship": "Outer", "Relation Name": "part", "Alias": "part", "Startup Cost": 0.0, "Total Cost": 71944.0, "Plan Rows": 2001, "Plan Width": 8, "Filter": "((p_brand = 'Brand#44'::bpchar) AND (p_container = 'WRAP PKG'::bpchar))"}, {"Node Type": "Index Scan", "Parent Relationship": "Inner", "Scan Direction": "Forward", "Index Name": "idx_lineitem_part_supp", "Relation Name": "lineitem", "Alias": "lineitem", "Startup Cost": 0.0, "Total Cost": 28.26, "Plan Rows": 6, "Plan Width": 16, "Index Cond": "(l_partkey = public.part.p_partkey)"}]}]}, {"Node Type": "Index Scan", "Parent Relationship": "Inner", "Scan Direction": "Forward", "Index Name": "part_kpey", "Relation Name": "part", "Alias": "part", "Startup Cost": 0.0, "Total Cost": 6.08, "Plan Rows": 1, "Plan Width": 8, "Index Cond": "(p_partkey = public.lineitem.l_partkey)", "Filter": "((p_brand = 'Brand#44'::bpchar) AND (p_container = 'WRAP PKG'::bpchar))"}]}, {"Node Type": "Index Scan", "Parent Relationship": "Inner", "Scan Direction": "Forward", "Index Name": "idx_lineitem_part_supp", "Relation Name": "lineitem", "Alias": "lineitem", "Startup Cost": 0.0, "Total Cost": 27.78, "Plan Rows": 2, "Plan Width": 24, "Index Cond": "(l_partkey = public.lineitem.l_partkey)", "Filter": "(l_quantity < (.2::double precision * (avg(public.lineitem.l_quantity))))"}]}]}, "Unique SQL Id": 1080450481}, "explain_analyze_plan": {"Plan": {"Node Type": "Aggregate", "Strategy": "Plain", "Startup Cost": 208324.62, "Total Cost": 208324.63, "Plan Rows": 1, "Plan Width": 16, "Actual Startup Time": 1125.155, "Actual Total Time": 1125.155, "Actual Rows": 1, "Actual Loops": 1, "Plans": [{"Node Type": "Nested Loop", "Parent Relationship": "Outer", "Join Type": "Inner", "Startup Cost": 128691.05, "Total Cost": 208322.6, "Plan Rows": 806, "Plan Width": 8, "Actual Startup Time": 968.471, "Actual Total Time": 1124.094, "Actual Rows": 5403, "Actual Loops": 1, "Inner Unique": false, "Plans": [{"Node Type": "Nested Loop", "Parent Relationship": "Outer", "Join Type": "Inner", "Startup Cost": 128691.05, "Total Cost": 196146.55, "Plan Rows": 438, "Plan Width": 24, "Actual Startup Time": 968.443, "Actual Total Time": 984.459, "Actual Rows": 2003, "Actual Loops": 1, "Inner Unique": true, "Plans": [{"Node Type": "Aggregate", "Strategy": "Hashed", "Parent Relationship": "Outer", "Startup Cost": 128691.05, "Total Cost": 128884.11, "Plan Rows": 11032, "Plan Width": 16, "Actual Startup Time": 968.416, "Actual Total Time": 969.922, "Actual Rows": 2003, "Actual Loops": 1, "Group By Key": ["public.lineitem.l_partkey"], "Plans": [{"Node Type": "Nested Loop", "Parent Relationship": "Outer", "Join Type": "Inner", "Startup Cost": 0.0, "Total Cost": 128608.31, "Plan Rows": 11032, "Plan Width": 16, "Actual Startup Time": 0.373, "Actual Total Time": 927.032, "Actual Rows": 60021, "Actual Loops": 1, "Inner Unique": false, "Plans": [{"Node Type": "Seq Scan", "Parent Relationship": "Outer", "Relation Name": "part", "Alias": "part", "Startup Cost": 0.0, "Total Cost": 71944.0, "Plan Rows": 2001, "Plan Width": 8, "Actual Startup Time": 0.35, "Actual Total Time": 770.343, "Actual Rows": 2003, "Actual Loops": 1, "Filter": "((p_brand = 'Brand#44'::bpchar) AND (p_container = 'WRAP PKG'::bpchar))", "Rows Removed by Filter": 1997997}, {"Node Type": "Index Scan", "Parent Relationship": "Inner", "Scan Direction": "Forward", "Index Name": "idx_lineitem_part_supp", "Relation Name": "lineitem", "Alias": "lineitem", "Startup Cost": 0.0, "Total Cost": 28.26, "Plan Rows": 6, "Plan Width": 16, "Actual Startup Time": 21.245, "Actual Total Time": 142.059, "Actual Rows": 60021, "Actual Loops": 2003, "Index Cond": "(l_partkey = public.part.p_partkey)", "Rows Removed by Index Recheck": 0}]}]}, {"Node Type": "Index Scan", "Parent Relationship": "Inner", "Scan Direction": "Forward", "Index Name": "part_kpey", "Relation Name": "part", "Alias": "part", "Startup Cost": 0.0, "Total Cost": 6.08, "Plan Rows": 1, "Plan Width": 8, "Actual Startup Time": 12.854, "Actual Total Time": 12.854, "Actual Rows": 2003, "Actual Loops": 2003, "Index Cond": "(p_partkey = public.lineitem.l_partkey)", "Rows Removed by Index Recheck": 0, "Filter": "((p_brand = 'Brand#44'::bpchar) AND (p_container = 'WRAP PKG'::bpchar))", "Rows Removed by Filter": 0}]}, {"Node Type": "Index Scan", "Parent Relationship": "Inner", "Scan Direction": "Forward", "Index Name": "idx_lineitem_part_supp", "Relation Name": "lineitem", "Alias": "lineitem", "Startup Cost": 0.0, "Total Cost": 27.78, "Plan Rows": 2, "Plan Width": 24, "Actual Startup Time": 57.238, "Actual Total Time": 137.264, "Actual Rows": 5403, "Actual Loops": 2003, "Index Cond": "(l_partkey = public.lineitem.l_partkey)", "Rows Removed by Index Recheck": 0, "Filter": "(l_quantity < (.2::double precision * (avg(public.lineitem.l_quantity))))", "Rows Removed by Filter": 54618}]}]}, "Triggers": [], "Planner Runtime": 1.327, "Total Runtime": 1125.393, "Unique SQL Id": 1080450481}}, "(1, 53)": {"explain_plan": {"Plan": {"Node Type": "Aggregate", "Strategy": "Plain", "Startup Cost": 247183.87, "Total Cost": 247183.88, "Plan Rows": 1, "Plan Width": 16, "Plans": [{"Node Type": "Nested Loop", "Parent Relationship": "Outer", "Join Type": "Inner", "Startup Cost": 0.0, "Total Cost": 247181.85, "Plan Rows": 806, "Plan Width": 8, "Inner Unique": false, "Plans": [{"Node Type": "Nested Loop", "Parent Relationship": "Outer", "Join Type": "Inner", "Startup Cost": 0.0, "Total Cost": 235005.8, "Plan Rows": 438, "Plan Width": 24, "Inner Unique": true, "Plans": [{"Node Type": "Aggregate", "Strategy": "Sorted", "Parent Relationship": "Outer", "Startup Cost": 0.0, "Total Cost": 167743.36, "Plan Rows": 11032, "Plan Width": 80, "Group By Key": ["public.lineitem.l_partkey"], "Plans": [{"Node Type": "Nested Loop", "Parent Relationship": "Outer", "Join Type": "Inner", "Startup Cost": 0.0, "Total Cost": 167467.56, "Plan Rows": 11032, "Plan Width": 16, "Inner Unique": false, "Plans": [{"Node Type": "Index Scan", "Parent Relationship": "Outer", "Scan Direction": "Forward", "Index Name": "part_kpey", "Relation Name": "part", "Alias": "part", "Startup Cost": 0.0, "Total Cost": 110803.25, "Plan Rows": 2001, "Plan Width": 8, "Filter": "((p_brand = 'Brand#44'::bpchar) AND (p_container = 'WRAP PKG'::bpchar))"}, {"Node Type": "Index Scan", "Parent Relationship": "Inner", "Scan Direction": "Forward", "Index Name": "idx_lineitem_part_supp", "Relation Name": "lineitem", "Alias": "lineitem", "Startup Cost": 0.0, "Total Cost": 28.26, "Plan Rows": 6, "Plan Width": 16, "Index Cond": "(l_partkey = public.part.p_partkey)"}]}]}, {"Node Type": "Index Scan", "Parent Relationship": "Inner", "Scan Direction": "Forward", "Index Name": "part_kpey", "Relation Name": "part", "Alias": "part", "Startup Cost": 0.0, "Total Cost": 6.08, "Plan Rows": 1, "Plan Width": 8, "Index Cond": "(p_partkey = public.lineitem.l_partkey)", "Filter": "((p_brand = 'Brand#44'::bpchar) AND (p_container = 'WRAP PKG'::bpchar))"}]}, {"Node Type": "Index Scan", "Parent Relationship": "Inner", "Scan Direction": "Forward", "Index Name": "idx_lineitem_part_supp", "Relation Name": "lineitem", "Alias": "lineitem", "Startup Cost": 0.0, "Total Cost": 27.78, "Plan Rows": 2, "Plan Width": 24, "Index Cond": "(l_partkey = public.lineitem.l_partkey)", "Filter": "(l_quantity < (.2::double precision * (avg(public.lineitem.l_quantity))))"}]}]}, "Unique SQL Id": 1080450481}, "explain_analyze_plan": {"Plan": {"Node Type": "Aggregate", "Strategy": "Plain", "Startup Cost": 247183.87, "Total Cost": 247183.88, "Plan Rows": 1, "Plan Width": 16, "Actual Startup Time": 1657.115, "Actual Total Time": 1657.115, "Actual Rows": 1, "Actual Loops": 1, "Plans": [{"Node Type": "Nested Loop", "Parent Relationship": "Outer", "Join Type": "Inner", "Startup Cost": 0.0, "Total Cost": 247181.85, "Plan Rows": 806, "Plan Width": 8, "Actual Startup Time": 1.741, "Actual Total Time": 1655.898, "Actual Rows": 5403, "Actual Loops": 1, "Inner Unique": false, "Plans": [{"Node Type": "Nested Loop", "Parent Relationship": "Outer", "Join Type": "Inner", "Startup Cost": 0.0, "Total Cost": 235005.8, "Plan Rows": 438, "Plan Width": 24, "Actual Startup Time": 1.699, "Actual Total Time": 1576.826, "Actual Rows": 2003, "Actual Loops": 1, "Inner Unique": true, "Plans": [{"Node Type": "Aggregate", "Strategy": "Sorted", "Parent Relationship": "Outer", "Startup Cost": 0.0, "Total Cost": 167743.36, "Plan Rows": 11032, "Plan Width": 80, "Actual Startup Time": 1.686, "Actual Total Time": 1564.989, "Actual Rows": 2003, "Actual Loops": 1, "Group By Key": ["public.lineitem.l_partkey"], "Plans": [{"Node Type": "Nested Loop", "Parent Relationship": "Outer", "Join Type": "Inner", "Startup Cost": 0.0, "Total Cost": 167467.56, "Plan Rows": 11032, "Plan Width": 16, "Actual Startup Time": 0.571, "Actual Total Time": 1531.613, "Actual Rows": 60021, "Actual Loops": 1, "Inner Unique": false, "Plans": [{"Node Type": "Index Scan", "Parent Relationship": "Outer", "Scan Direction": "Forward", "Index Name": "part_kpey", "Relation Name": "part", "Alias": "part", "Startup Cost": 0.0, "Total Cost": 110803.25, "Plan Rows": 2001, "Plan Width": 8, "Actual Startup Time": 0.553, "Actual Total Time": 1347.731, "Actual Rows": 2003, "Actual Loops": 1, "Filter": "((p_brand = 'Brand#44'::bpchar) AND (p_container = 'WRAP PKG'::bpchar))", "Rows Removed by Filter": 1997997}, {"Node Type": "Index Scan", "Parent Relationship": "Inner", "Scan Direction": "Forward", "Index Name": "idx_lineitem_part_supp", "Relation Name": "lineitem", "Alias": "lineitem", "Startup Cost": 0.0, "Total Cost": 28.26, "Plan Rows": 6, "Plan Width": 16, "Actual Startup Time": 23.7, "Actual Total Time": 168.192, "Actual Rows": 60021, "Actual Loops": 2003, "Index Cond": "(l_partkey = public.part.p_partkey)", "Rows Removed by Index Recheck": 0}]}]}, {"Node Type": "Index Scan", "Parent Relationship": "Inner", "Scan Direction": "Forward", "Index Name": "part_kpey", "Relation Name": "part", "Alias": "part", "Startup Cost": 0.0, "Total Cost": 6.08, "Plan Rows": 1, "Plan Width": 8, "Actual Startup Time": 9.266, "Actual Total Time": 9.266, "Actual Rows": 2003, "Actual Loops": 2003, "Index Cond": "(p_partkey = public.lineitem.l_partkey)", "Rows Removed by Index Recheck": 0, "Filter": "((p_brand = 'Brand#44'::bpchar) AND (p_container = 'WRAP PKG'::bpchar))", "Rows Removed by Filter": 0}]}, {"Node Type": "Index Scan", "Parent Relationship": "Inner", "Scan Direction": "Forward", "Index Name": "idx_lineitem_part_supp", "Relation Name": "lineitem", "Alias": "lineitem", "Startup Cost": 0.0, "Total Cost": 27.78, "Plan Rows": 2, "Plan Width": 24, "Actual Startup Time": 33.161, "Actual Total Time": 76.14, "Actual Rows": 5403, "Actual Loops": 2003, "Index Cond": "(l_partkey = public.lineitem.l_partkey)", "Rows Removed by Index Recheck": 0, "Filter": "(l_quantity < (.2::double precision * (avg(public.lineitem.l_quantity))))", "Rows Removed by Filter": 54618}]}]}, "Triggers": [], "Planner Runtime": 1.323, "Total Runtime": 1657.326, "Unique SQL Id": 1080450481}}, "(1, 54)": {"explain_plan": {"Plan": {"Node Type": "Aggregate", "Strategy": "Plain", "Startup Cost": 213808.47, "Total Cost": 213808.48, "Plan Rows": 1, "Plan Width": 16, "Plans": [{"Node Type": "Nested Loop", "Parent Relationship": "Outer", "Join Type": "Inner", "Startup Cost": 128826.76, "Total Cost": 213806.45, "Plan Rows": 806, "Plan Width": 8, "Inner Unique": false, "Plans": [{"Node Type": "Nested Loop", "Parent Relationship": "Outer", "Join Type": "Inner", "Startup Cost": 128822.53, "Total Cost": 201406.27, "Plan Rows": 438, "Plan Width": 24, "Inner Unique": true, "Plans": [{"Node Type": "Aggregate", "Strategy": "Hashed", "Parent Relationship": "Outer", "Startup Cost": 128820.01, "Total Cost": 129013.07, "Plan Rows": 11032, "Plan Width": 16, "Group By Key": ["public.lineitem.l_partkey"], "Plans": [{"Node Type": "Nested Loop", "Parent Relationship": "Outer", "Join Type": "Inner", "Startup Cost": 4.28, "Total Cost": 128737.27, "Plan Rows": 11032, "Plan Width": 16, "Inner Unique": false, "Plans": [{"Node Type": "Seq Scan", "Parent Relationship": "Outer", "Relation Name": "part", "Alias": "part", "Startup Cost": 0.0, "Total Cost": 71944.0, "Plan Rows": 2001, "Plan Width": 8, "Filter": "((p_brand = 'Brand#44'::bpchar) AND (p_container = 'WRAP PKG'::bpchar))"}, {"Node Type": "Bitmap Heap Scan", "Parent Relationship": "Inner", "Relation Name": "lineitem", "Alias": "lineitem", "Startup Cost": 4.28, "Total Cost": 28.32, "Plan Rows": 6, "Plan Width": 16, "Recheck Cond": "(l_partkey = public.part.p_partkey)", "Plans": [{"Node Type": "Bitmap Index Scan", "Parent Relationship": "Outer", "Index Name": "idx_lineitem_part_supp", "Startup Cost": 0.0, "Total Cost": 4.28, "Plan Rows": 6, "Plan Width": 0, "Index Cond": "(l_partkey = public.part.p_partkey)"}]}]}]}, {"Node Type": "Bitmap Heap Scan", "Parent Relationship": "Inner", "Relation Name": "part", "Alias": "part", "Startup Cost": 2.52, "Total Cost": 6.54, "Plan Rows": 1, "Plan Width": 8, "Recheck Cond": "(p_partkey = public.lineitem.l_partkey)", "Filter": "((p_brand = 'Brand#44'::bpchar) AND (p_container = 'WRAP PKG'::bpchar))", "Plans": [{"Node Type": "Bitmap Index Scan", "Parent Relationship": "Outer", "Index Name": "part_kpey", "Startup Cost": 0.0, "Total Cost": 2.52, "Plan Rows": 1, "Plan Width": 0, "Index Cond": "(p_partkey = public.lineitem.l_partkey)"}]}]}, {"Node Type": "Bitmap Heap Scan", "Parent Relationship": "Inner", "Relation Name": "lineitem", "Alias": "lineitem", "Startup Cost": 4.22, "Total Cost": 28.29, "Plan Rows": 2, "Plan Width": 24, "Recheck Cond": "(l_partkey = public.lineitem.l_partkey)", "Filter": "(l_quantity < (.2::double precision * (avg(public.lineitem.l_quantity))))", "Plans": [{"Node Type": "Bitmap Index Scan", "Parent Relationship": "Outer", "Index Name": "idx_lineitem_part_supp", "Startup Cost": 0.0, "Total Cost": 4.22, "Plan Rows": 6, "Plan Width": 0, "Index Cond": "(l_partkey = public.lineitem.l_partkey)"}]}]}]}, "Unique SQL Id": 1080450481}, "explain_analyze_plan": {"Plan": {"Node Type": "Aggregate", "Strategy": "Plain", "Startup Cost": 213808.47, "Total Cost": 213808.48, "Plan Rows": 1, "Plan Width": 16, "Actual Startup Time": 1332.753, "Actual Total Time": 1332.753, "Actual Rows": 1, "Actual Loops": 1, "Plans": [{"Node Type": "Nested Loop", "Parent Relationship": "Outer", "Join Type": "Inner", "Startup Cost": 128826.76, "Total Cost": 213806.45, "Plan Rows": 806, "Plan Width": 8, "Actual Startup Time": 1119.036, "Actual Total Time": 1331.626, "Actual Rows": 5403, "Actual Loops": 1, "Inner Unique": false, "Plans": [{"Node Type": "Nested Loop", "Parent Relationship": "Outer", "Join Type": "Inner", "Startup Cost": 128822.53, "Total Cost": 201406.27, "Plan Rows": 438, "Plan Width": 24, "Actual Startup Time": 1118.956, "Actual Total Time": 1142.745, "Actual Rows": 2003, "Actual Loops": 1, "Inner Unique": true, "Plans": [{"Node Type": "Aggregate", "Strategy": "Hashed", "Parent Relationship": "Outer", "Startup Cost": 128820.01, "Total Cost": 129013.07, "Plan Rows": 11032, "Plan Width": 16, "Actual Startup Time": 1118.911, "Actual Total Time": 1120.833, "Actual Rows": 2003, "Actual Loops": 1, "Group By Key": ["public.lineitem.l_partkey"], "Plans": [{"Node Type": "Nested Loop", "Parent Relationship": "Outer", "Join Type": "Inner", "Startup Cost": 4.28, "Total Cost": 128737.27, "Plan Rows": 11032, "Plan Width": 16, "Actual Startup Time": 0.412, "Actual Total Time": 1078.48, "Actual Rows": 60021, "Actual Loops": 1, "Inner Unique": false, "Plans": [{"Node Type": "Seq Scan", "Parent Relationship": "Outer", "Relation Name": "part", "Alias": "part", "Startup Cost": 0.0, "Total Cost": 71944.0, "Plan Rows": 2001, "Plan Width": 8, "Actual Startup Time": 0.366, "Actual Total Time": 819.746, "Actual Rows": 2003, "Actual Loops": 1, "Filter": "((p_brand = 'Brand#44'::bpchar) AND (p_container = 'WRAP PKG'::bpchar))", "Rows Removed by Filter": 1997997}, {"Node Type": "Bitmap Heap Scan", "Parent Relationship": "Inner", "Relation Name": "lineitem", "Alias": "lineitem", "Startup Cost": 4.28, "Total Cost": 28.32, "Plan Rows": 6, "Plan Width": 16, "Actual Startup Time": 43.842, "Actual Total Time": 241.092, "Actual Rows": 60021, "Actual Loops": 2003, "Recheck Cond": "(l_partkey = public.part.p_partkey)", "Rows Removed by Index Recheck": 0, "Exact Heap Blocks": 60018, "Lossy Heap Blocks": 60018, "Plans": [{"Node Type": "Bitmap Index Scan", "Parent Relationship": "Outer", "Index Name": "idx_lineitem_part_supp", "Startup Cost": 0.0, "Total Cost": 4.28, "Plan Rows": 6, "Plan Width": 0, "Actual Startup Time": 28.842, "Actual Total Time": 28.842, "Actual Rows": 60021, "Actual Loops": 2003, "Index Cond": "(l_partkey = public.part.p_partkey)"}]}]}]}, {"Node Type": "Bitmap Heap Scan", "Parent Relationship": "Inner", "Relation Name": "part", "Alias": "part", "Startup Cost": 2.52, "Total Cost": 6.54, "Plan Rows": 1, "Plan Width": 8, "Actual Startup Time": 18.403, "Actual Total Time": 18.403, "Actual Rows": 2003, "Actual Loops": 2003, "Recheck Cond": "(p_partkey = public.lineitem.l_partkey)", "Rows Removed by Index Recheck": 0, "Filter": "((p_brand = 'Brand#44'::bpchar) AND (p_container = 'WRAP PKG'::bpchar))", "Rows Removed by Filter": 0, "Exact Heap Blocks": 2003, "Lossy Heap Blocks": 2003, "Plans": [{"Node Type": "Bitmap Index Scan", "Parent Relationship": "Outer", "Index Name": "part_kpey", "Startup Cost": 0.0, "Total Cost": 2.52, "Plan Rows": 1, "Plan Width": 0, "Actual Startup Time": 11.137, "Actual Total Time": 11.137, "Actual Rows": 2003, "Actual Loops": 2003, "Index Cond": "(p_partkey = public.lineitem.l_partkey)"}]}]}, {"Node Type": "Bitmap Heap Scan", "Parent Relationship": "Inner", "Relation Name": "lineitem", "Alias": "lineitem", "Startup Cost": 4.22, "Total Cost": 28.29, "Plan Rows": 2, "Plan Width": 24, "Actual Startup Time": 83.292, "Actual Total Time": 184.714, "Actual Rows": 5403, "Actual Loops": 2003, "Recheck Cond": "(l_partkey = public.lineitem.l_partkey)", "Rows Removed by Index Recheck": 0, "Filter": "(l_quantity < (.2::double precision * (avg(public.lineitem.l_quantity))))", "Rows Removed by Filter": 54618, "Exact Heap Blocks": 60018, "Lossy Heap Blocks": 60018, "Plans": [{"Node Type": "Bitmap Index Scan", "Parent Relationship": "Outer", "Index Name": "idx_lineitem_part_supp", "Startup Cost": 0.0, "Total Cost": 4.22, "Plan Rows": 6, "Plan Width": 0, "Actual Startup Time": 24.575, "Actual Total Time": 24.575, "Actual Rows": 60021, "Actual Loops": 2003, "Index Cond": "(l_partkey = public.lineitem.l_partkey)"}]}]}]}, "Triggers": [], "Planner Runtime": 1.125, "Total Runtime": 1333.115, "Unique SQL Id": 1080450481}}, "(1, 55)": {"explain_plan": {"Plan": {"Node Type": "Aggregate", "Strategy": "Plain", "Startup Cost": 1001032279502.61, "Total Cost": 1001032279502.62, "Plan Rows": 1, "Plan Width": 16, "Plans": [{"Node Type": "Nested Loop", "Parent Relationship": "Outer", "Join Type": "Inner", "Startup Cost": 10000000004.74, "Total Cost": 1001032279500.6, "Plan Rows": 806, "Plan Width": 8, "Inner Unique": true, "Join Filter": "(public.lineitem.l_partkey = public.part.p_partkey)", "Plans": [{"Node Type": "Nested Loop", "Parent Relationship": "Outer", "Join Type": "Inner", "Startup Cost": 10000000004.48, "Total Cost": 1001032192561.0, "Plan Rows": 20274, "Plan Width": 24, "Inner Unique": false, "Plans": [{"Node Type": "Aggregate", "Strategy": "Sorted", "Parent Relationship": "Outer", "Startup Cost": 10000000000.26, "Total Cost": 1001031880124.59, "Plan Rows": 11032, "Plan Width": 80, "Group By Key": ["public.lineitem.l_partkey"], "Plans": [{"Node Type": "Nested Loop", "Parent Relationship": "Outer", "Join Type": "Semi", "Startup Cost": 10000000000.26, "Total Cost": 1001031879848.79, "Plan Rows": 11032, "Plan Width": 16, "Inner Unique": false, "Plans": [{"Node Type": "Index Scan", "Parent Relationship": "Outer", "Scan Direction": "Forward", "Index Name": "idx_lineitem_part_supp", "Relation Name": "lineitem", "Alias": "lineitem", "Startup Cost": 10000000000.0, "Total Cost": 1000775391319.64, "Plan Rows": 59987033, "Plan Width": 16}, {"Node Type": "Bitmap Heap Scan", "Parent Relationship": "Inner", "Relation Name": "part", "Alias": "part", "Startup Cost": 0.26, "Total Cost": 4.28, "Plan Rows": 1, "Plan Width": 8, "Recheck Cond": "(p_partkey = public.lineitem.l_partkey)", "Filter": "((p_brand = 'Brand#44'::bpchar) AND (p_container = 'WRAP PKG'::bpchar))", "Plans": [{"Node Type": "Bitmap Index Scan", "Parent Relationship": "Outer", "Index Name": "part_kpey", "Startup Cost": 0.0, "Total Cost": 0.26, "Plan Rows": 1, "Plan Width": 0, "Index Cond": "(p_partkey = public.lineitem.l_partkey)"}]}]}]}, {"Node Type": "Bitmap Heap Scan", "Parent Relationship": "Inner", "Relation Name": "lineitem", "Alias": "lineitem", "Startup Cost": 4.22, "Total Cost": 28.29, "Plan Rows": 2, "Plan Width": 24, "Recheck Cond": "(l_partkey = public.lineitem.l_partkey)", "Filter": "(l_quantity < (.2::double precision * (avg(public.lineitem.l_quantity))))", "Plans": [{"Node Type": "Bitmap Index Scan", "Parent Relationship": "Outer", "Index Name": "idx_lineitem_part_supp", "Startup Cost": 0.0, "Total Cost": 4.22, "Plan Rows": 6, "Plan Width": 0, "Index Cond": "(l_partkey = public.lineitem.l_partkey)"}]}]}, {"Node Type": "Bitmap Heap Scan", "Parent Relationship": "Inner", "Relation Name": "part", "Alias": "part", "Startup Cost": 0.26, "Total Cost": 4.28, "Plan Rows": 1, "Plan Width": 8, "Recheck Cond": "(p_partkey = public.lineitem.l_partkey)", "Filter": "((p_brand = 'Brand#44'::bpchar) AND (p_container = 'WRAP PKG'::bpchar))", "Plans": [{"Node Type": "Bitmap Index Scan", "Parent Relationship": "Outer", "Index Name": "part_kpey", "Startup Cost": 0.0, "Total Cost": 0.26, "Plan Rows": 1, "Plan Width": 0, "Index Cond": "(p_partkey = public.lineitem.l_partkey)"}]}]}]}, "Unique SQL Id": 1080450481}, "explain_analyze_plan": null}, "(1, 56)": {"explain_plan": {"Plan": {"Node Type": "Aggregate", "Strategy": "Plain", "Startup Cost": 208324.62, "Total Cost": 208324.63, "Plan Rows": 1, "Plan Width": 16, "Plans": [{"Node Type": "Nested Loop", "Parent Relationship": "Outer", "Join Type": "Inner", "Startup Cost": 128691.05, "Total Cost": 208322.6, "Plan Rows": 806, "Plan Width": 8, "Inner Unique": false, "Plans": [{"Node Type": "Nested Loop", "Parent Relationship": "Outer", "Join Type": "Inner", "Startup Cost": 128691.05, "Total Cost": 196146.55, "Plan Rows": 438, "Plan Width": 24, "Inner Unique": true, "Plans": [{"Node Type": "Aggregate", "Strategy": "Hashed", "Parent Relationship": "Outer", "Startup Cost": 128691.05, "Total Cost": 128884.11, "Plan Rows": 11032, "Plan Width": 16, "Group By Key": ["public.lineitem.l_partkey"], "Plans": [{"Node Type": "Nested Loop", "Parent Relationship": "Outer", "Join Type": "Inner", "Startup Cost": 0.0, "Total Cost": 128608.31, "Plan Rows": 11032, "Plan Width": 16, "Inner Unique": false, "Plans": [{"Node Type": "Seq Scan", "Parent Relationship": "Outer", "Relation Name": "part", "Alias": "part", "Startup Cost": 0.0, "Total Cost": 71944.0, "Plan Rows": 2001, "Plan Width": 8, "Filter": "((p_brand = 'Brand#44'::bpchar) AND (p_container = 'WRAP PKG'::bpchar))"}, {"Node Type": "Index Scan", "Parent Relationship": "Inner", "Scan Direction": "Forward", "Index Name": "idx_lineitem_part_supp", "Relation Name": "lineitem", "Alias": "lineitem", "Startup Cost": 0.0, "Total Cost": 28.26, "Plan Rows": 6, "Plan Width": 16, "Index Cond": "(l_partkey = public.part.p_partkey)"}]}]}, {"Node Type": "Index Scan", "Parent Relationship": "Inner", "Scan Direction": "Forward", "Index Name": "part_kpey", "Relation Name": "part", "Alias": "part", "Startup Cost": 0.0, "Total Cost": 6.08, "Plan Rows": 1, "Plan Width": 8, "Index Cond": "(p_partkey = public.lineitem.l_partkey)", "Filter": "((p_brand = 'Brand#44'::bpchar) AND (p_container = 'WRAP PKG'::bpchar))"}]}, {"Node Type": "Index Scan", "Parent Relationship": "Inner", "Scan Direction": "Forward", "Index Name": "idx_lineitem_part_supp", "Relation Name": "lineitem", "Alias": "lineitem", "Startup Cost": 0.0, "Total Cost": 27.78, "Plan Rows": 2, "Plan Width": 24, "Index Cond": "(l_partkey = public.lineitem.l_partkey)", "Filter": "(l_quantity < (.2::double precision * (avg(public.lineitem.l_quantity))))"}]}]}, "Unique SQL Id": 1080450481}, "explain_analyze_plan": {"Plan": {"Node Type": "Aggregate", "Strategy": "Plain", "Startup Cost": 208324.62, "Total Cost": 208324.63, "Plan Rows": 1, "Plan Width": 16, "Actual Startup Time": 1125.155, "Actual Total Time": 1125.155, "Actual Rows": 1, "Actual Loops": 1, "Plans": [{"Node Type": "Nested Loop", "Parent Relationship": "Outer", "Join Type": "Inner", "Startup Cost": 128691.05, "Total Cost": 208322.6, "Plan Rows": 806, "Plan Width": 8, "Actual Startup Time": 968.471, "Actual Total Time": 1124.094, "Actual Rows": 5403, "Actual Loops": 1, "Inner Unique": false, "Plans": [{"Node Type": "Nested Loop", "Parent Relationship": "Outer", "Join Type": "Inner", "Startup Cost": 128691.05, "Total Cost": 196146.55, "Plan Rows": 438, "Plan Width": 24, "Actual Startup Time": 968.443, "Actual Total Time": 984.459, "Actual Rows": 2003, "Actual Loops": 1, "Inner Unique": true, "Plans": [{"Node Type": "Aggregate", "Strategy": "Hashed", "Parent Relationship": "Outer", "Startup Cost": 128691.05, "Total Cost": 128884.11, "Plan Rows": 11032, "Plan Width": 16, "Actual Startup Time": 968.416, "Actual Total Time": 969.922, "Actual Rows": 2003, "Actual Loops": 1, "Group By Key": ["public.lineitem.l_partkey"], "Plans": [{"Node Type": "Nested Loop", "Parent Relationship": "Outer", "Join Type": "Inner", "Startup Cost": 0.0, "Total Cost": 128608.31, "Plan Rows": 11032, "Plan Width": 16, "Actual Startup Time": 0.373, "Actual Total Time": 927.032, "Actual Rows": 60021, "Actual Loops": 1, "Inner Unique": false, "Plans": [{"Node Type": "Seq Scan", "Parent Relationship": "Outer", "Relation Name": "part", "Alias": "part", "Startup Cost": 0.0, "Total Cost": 71944.0, "Plan Rows": 2001, "Plan Width": 8, "Actual Startup Time": 0.35, "Actual Total Time": 770.343, "Actual Rows": 2003, "Actual Loops": 1, "Filter": "((p_brand = 'Brand#44'::bpchar) AND (p_container = 'WRAP PKG'::bpchar))", "Rows Removed by Filter": 1997997}, {"Node Type": "Index Scan", "Parent Relationship": "Inner", "Scan Direction": "Forward", "Index Name": "idx_lineitem_part_supp", "Relation Name": "lineitem", "Alias": "lineitem", "Startup Cost": 0.0, "Total Cost": 28.26, "Plan Rows": 6, "Plan Width": 16, "Actual Startup Time": 21.245, "Actual Total Time": 142.059, "Actual Rows": 60021, "Actual Loops": 2003, "Index Cond": "(l_partkey = public.part.p_partkey)", "Rows Removed by Index Recheck": 0}]}]}, {"Node Type": "Index Scan", "Parent Relationship": "Inner", "Scan Direction": "Forward", "Index Name": "part_kpey", "Relation Name": "part", "Alias": "part", "Startup Cost": 0.0, "Total Cost": 6.08, "Plan Rows": 1, "Plan Width": 8, "Actual Startup Time": 12.854, "Actual Total Time": 12.854, "Actual Rows": 2003, "Actual Loops": 2003, "Index Cond": "(p_partkey = public.lineitem.l_partkey)", "Rows Removed by Index Recheck": 0, "Filter": "((p_brand = 'Brand#44'::bpchar) AND (p_container = 'WRAP PKG'::bpchar))", "Rows Removed by Filter": 0}]}, {"Node Type": "Index Scan", "Parent Relationship": "Inner", "Scan Direction": "Forward", "Index Name": "idx_lineitem_part_supp", "Relation Name": "lineitem", "Alias": "lineitem", "Startup Cost": 0.0, "Total Cost": 27.78, "Plan Rows": 2, "Plan Width": 24, "Actual Startup Time": 57.238, "Actual Total Time": 137.264, "Actual Rows": 5403, "Actual Loops": 2003, "Index Cond": "(l_partkey = public.lineitem.l_partkey)", "Rows Removed by Index Recheck": 0, "Filter": "(l_quantity < (.2::double precision * (avg(public.lineitem.l_quantity))))", "Rows Removed by Filter": 54618}]}]}, "Triggers": [], "Planner Runtime": 1.327, "Total Runtime": 1125.393, "Unique SQL Id": 1080450481}}, "(1, 57)": {"explain_plan": {"Plan": {"Node Type": "Aggregate", "Strategy": "Plain", "Startup Cost": 247183.87, "Total Cost": 247183.88, "Plan Rows": 1, "Plan Width": 16, "Plans": [{"Node Type": "Nested Loop", "Parent Relationship": "Outer", "Join Type": "Inner", "Startup Cost": 0.0, "Total Cost": 247181.85, "Plan Rows": 806, "Plan Width": 8, "Inner Unique": false, "Plans": [{"Node Type": "Nested Loop", "Parent Relationship": "Outer", "Join Type": "Inner", "Startup Cost": 0.0, "Total Cost": 235005.8, "Plan Rows": 438, "Plan Width": 24, "Inner Unique": true, "Plans": [{"Node Type": "Aggregate", "Strategy": "Sorted", "Parent Relationship": "Outer", "Startup Cost": 0.0, "Total Cost": 167743.36, "Plan Rows": 11032, "Plan Width": 80, "Group By Key": ["public.lineitem.l_partkey"], "Plans": [{"Node Type": "Nested Loop", "Parent Relationship": "Outer", "Join Type": "Inner", "Startup Cost": 0.0, "Total Cost": 167467.56, "Plan Rows": 11032, "Plan Width": 16, "Inner Unique": false, "Plans": [{"Node Type": "Index Scan", "Parent Relationship": "Outer", "Scan Direction": "Forward", "Index Name": "part_kpey", "Relation Name": "part", "Alias": "part", "Startup Cost": 0.0, "Total Cost": 110803.25, "Plan Rows": 2001, "Plan Width": 8, "Filter": "((p_brand = 'Brand#44'::bpchar) AND (p_container = 'WRAP PKG'::bpchar))"}, {"Node Type": "Index Scan", "Parent Relationship": "Inner", "Scan Direction": "Forward", "Index Name": "idx_lineitem_part_supp", "Relation Name": "lineitem", "Alias": "lineitem", "Startup Cost": 0.0, "Total Cost": 28.26, "Plan Rows": 6, "Plan Width": 16, "Index Cond": "(l_partkey = public.part.p_partkey)"}]}]}, {"Node Type": "Index Scan", "Parent Relationship": "Inner", "Scan Direction": "Forward", "Index Name": "part_kpey", "Relation Name": "part", "Alias": "part", "Startup Cost": 0.0, "Total Cost": 6.08, "Plan Rows": 1, "Plan Width": 8, "Index Cond": "(p_partkey = public.lineitem.l_partkey)", "Filter": "((p_brand = 'Brand#44'::bpchar) AND (p_container = 'WRAP PKG'::bpchar))"}]}, {"Node Type": "Index Scan", "Parent Relationship": "Inner", "Scan Direction": "Forward", "Index Name": "idx_lineitem_part_supp", "Relation Name": "lineitem", "Alias": "lineitem", "Startup Cost": 0.0, "Total Cost": 27.78, "Plan Rows": 2, "Plan Width": 24, "Index Cond": "(l_partkey = public.lineitem.l_partkey)", "Filter": "(l_quantity < (.2::double precision * (avg(public.lineitem.l_quantity))))"}]}]}, "Unique SQL Id": 1080450481}, "explain_analyze_plan": {"Plan": {"Node Type": "Aggregate", "Strategy": "Plain", "Startup Cost": 247183.87, "Total Cost": 247183.88, "Plan Rows": 1, "Plan Width": 16, "Actual Startup Time": 1657.115, "Actual Total Time": 1657.115, "Actual Rows": 1, "Actual Loops": 1, "Plans": [{"Node Type": "Nested Loop", "Parent Relationship": "Outer", "Join Type": "Inner", "Startup Cost": 0.0, "Total Cost": 247181.85, "Plan Rows": 806, "Plan Width": 8, "Actual Startup Time": 1.741, "Actual Total Time": 1655.898, "Actual Rows": 5403, "Actual Loops": 1, "Inner Unique": false, "Plans": [{"Node Type": "Nested Loop", "Parent Relationship": "Outer", "Join Type": "Inner", "Startup Cost": 0.0, "Total Cost": 235005.8, "Plan Rows": 438, "Plan Width": 24, "Actual Startup Time": 1.699, "Actual Total Time": 1576.826, "Actual Rows": 2003, "Actual Loops": 1, "Inner Unique": true, "Plans": [{"Node Type": "Aggregate", "Strategy": "Sorted", "Parent Relationship": "Outer", "Startup Cost": 0.0, "Total Cost": 167743.36, "Plan Rows": 11032, "Plan Width": 80, "Actual Startup Time": 1.686, "Actual Total Time": 1564.989, "Actual Rows": 2003, "Actual Loops": 1, "Group By Key": ["public.lineitem.l_partkey"], "Plans": [{"Node Type": "Nested Loop", "Parent Relationship": "Outer", "Join Type": "Inner", "Startup Cost": 0.0, "Total Cost": 167467.56, "Plan Rows": 11032, "Plan Width": 16, "Actual Startup Time": 0.571, "Actual Total Time": 1531.613, "Actual Rows": 60021, "Actual Loops": 1, "Inner Unique": false, "Plans": [{"Node Type": "Index Scan", "Parent Relationship": "Outer", "Scan Direction": "Forward", "Index Name": "part_kpey", "Relation Name": "part", "Alias": "part", "Startup Cost": 0.0, "Total Cost": 110803.25, "Plan Rows": 2001, "Plan Width": 8, "Actual Startup Time": 0.553, "Actual Total Time": 1347.731, "Actual Rows": 2003, "Actual Loops": 1, "Filter": "((p_brand = 'Brand#44'::bpchar) AND (p_container = 'WRAP PKG'::bpchar))", "Rows Removed by Filter": 1997997}, {"Node Type": "Index Scan", "Parent Relationship": "Inner", "Scan Direction": "Forward", "Index Name": "idx_lineitem_part_supp", "Relation Name": "lineitem", "Alias": "lineitem", "Startup Cost": 0.0, "Total Cost": 28.26, "Plan Rows": 6, "Plan Width": 16, "Actual Startup Time": 23.7, "Actual Total Time": 168.192, "Actual Rows": 60021, "Actual Loops": 2003, "Index Cond": "(l_partkey = public.part.p_partkey)", "Rows Removed by Index Recheck": 0}]}]}, {"Node Type": "Index Scan", "Parent Relationship": "Inner", "Scan Direction": "Forward", "Index Name": "part_kpey", "Relation Name": "part", "Alias": "part", "Startup Cost": 0.0, "Total Cost": 6.08, "Plan Rows": 1, "Plan Width": 8, "Actual Startup Time": 9.266, "Actual Total Time": 9.266, "Actual Rows": 2003, "Actual Loops": 2003, "Index Cond": "(p_partkey = public.lineitem.l_partkey)", "Rows Removed by Index Recheck": 0, "Filter": "((p_brand = 'Brand#44'::bpchar) AND (p_container = 'WRAP PKG'::bpchar))", "Rows Removed by Filter": 0}]}, {"Node Type": "Index Scan", "Parent Relationship": "Inner", "Scan Direction": "Forward", "Index Name": "idx_lineitem_part_supp", "Relation Name": "lineitem", "Alias": "lineitem", "Startup Cost": 0.0, "Total Cost": 27.78, "Plan Rows": 2, "Plan Width": 24, "Actual Startup Time": 33.161, "Actual Total Time": 76.14, "Actual Rows": 5403, "Actual Loops": 2003, "Index Cond": "(l_partkey = public.lineitem.l_partkey)", "Rows Removed by Index Recheck": 0, "Filter": "(l_quantity < (.2::double precision * (avg(public.lineitem.l_quantity))))", "Rows Removed by Filter": 54618}]}]}, "Triggers": [], "Planner Runtime": 1.323, "Total Runtime": 1657.326, "Unique SQL Id": 1080450481}}, "(1, 58)": {"explain_plan": {"Plan": {"Node Type": "Aggregate", "Strategy": "Plain", "Startup Cost": 2330502847.95, "Total Cost": 2330502847.96, "Plan Rows": 1, "Plan Width": 16, "Plans": [{"Node Type": "Nested Loop", "Parent Relationship": "Outer", "Join Type": "Inner", "Startup Cost": 1802597942.57, "Total Cost": 2330502845.94, "Plan Rows": 806, "Plan Width": 8, "Inner Unique": false, "Join Filter": "((public.lineitem.l_partkey = public.lineitem.l_partkey) AND (public.lineitem.l_quantity < (.2::double precision * (avg(public.lineitem.l_quantity)))))", "Plans": [{"Node Type": "Seq Scan", "Parent Relationship": "Outer", "Relation Name": "lineitem", "Alias": "lineitem", "Startup Cost": 0.0, "Total Cost": 2015115.33, "Plan Rows": 59987033, "Plan Width": 24}, {"Node Type": "Materialize", "Parent Relationship": "Inner", "Startup Cost": 1802597942.57, "Total Cost": 1803001322.62, "Plan Rows": 438, "Plan Width": 24, "Plans": [{"Node Type": "Nested Loop", "Parent Relationship": "Outer", "Join Type": "Inner", "Startup Cost": 1802597942.57, "Total Cost": 1803001320.43, "Plan Rows": 438, "Plan Width": 24, "Inner Unique": true, "Join Filter": "(public.part.p_partkey = public.lineitem.l_partkey)", "Plans": [{"Node Type": "Aggregate", "Strategy": "Hashed", "Parent Relationship": "Outer", "Startup Cost": 1802597942.57, "Total Cost": 1802598135.63, "Plan Rows": 11032, "Plan Width": 16, "Group By Key": ["public.lineitem.l_partkey"], "Plans": [{"Node Type": "Nested Loop", "Parent Relationship": "Outer", "Join Type": "Semi", "Startup Cost": 0.0, "Total Cost": 1802597859.83, "Plan Rows": 11032, "Plan Width": 16, "Inner Unique": false, "Join Filter": "(public.lineitem.l_partkey = public.part.p_partkey)", "Plans": [{"Node Type": "Seq Scan", "Parent Relationship": "Outer", "Relation Name": "lineitem", "Alias": "lineitem", "Startup Cost": 0.0, "Total Cost": 2015115.33, "Plan Rows": 59987033, "Plan Width": 16}, {"Node Type": "Materialize", "Parent Relationship": "Inner", "Startup Cost": 0.0, "Total Cost": 71954.01, "Plan Rows": 2001, "Plan Width": 8, "Plans": [{"Node Type": "Seq Scan", "Parent Relationship": "Outer", "Relation Name": "part", "Alias": "part", "Startup Cost": 0.0, "Total Cost": 71944.0, "Plan Rows": 2001, "Plan Width": 8, "Filter": "((p_brand = 'Brand#44'::bpchar) AND (p_container = 'WRAP PKG'::bpchar))"}]}]}]}, {"Node Type": "Materialize", "Parent Relationship": "Inner", "Startup Cost": 0.0, "Total Cost": 71954.01, "Plan Rows": 2001, "Plan Width": 8, "Plans": [{"Node Type": "Seq Scan", "Parent Relationship": "Outer", "Relation Name": "part", "Alias": "part", "Startup Cost": 0.0, "Total Cost": 71944.0, "Plan Rows": 2001, "Plan Width": 8, "Filter": "((p_brand = 'Brand#44'::bpchar) AND (p_container = 'WRAP PKG'::bpchar))"}]}]}]}]}]}, "Unique SQL Id": 1080450481}, "explain_analyze_plan": null}, "(1, 59)": {"explain_plan": {"Plan": {"Node Type": "Aggregate", "Strategy": "Plain", "Startup Cost": 4003899272041.15, "Total Cost": 4003899272041.16, "Plan Rows": 1, "Plan Width": 16, "Plans": [{"Node Type": "Nested Loop", "Parent Relationship": "Outer", "Join Type": "Inner", "Startup Cost": 40000000000.0, "Total Cost": 4003899272039.14, "Plan Rows": 806, "Plan Width": 8, "Inner Unique": false, "Join Filter": "((subquery.\"?column?\" = public.lineitem.l_partkey) AND (public.lineitem.l_quantity < (.2::double precision * subquery.\"?column?\")))", "Plans": [{"Node Type": "Index Scan", "Parent Relationship": "Outer", "Scan Direction": "Forward", "Index Name": "idx_lineitem_part_supp", "Relation Name": "lineitem", "Alias": "lineitem", "Startup Cost": 10000000000.0, "Total Cost": 1000775391319.64, "Plan Rows": 59987033, "Plan Width": 24}, {"Node Type": "Materialize", "Parent Relationship": "Inner", "Startup Cost": 30000000000.0, "Total Cost": 3002598394311.51, "Plan Rows": 438, "Plan Width": 24, "Plans": [{"Node Type": "Nested Loop", "Parent Relationship": "Outer", "Join Type": "Inner", "Startup Cost": 30000000000.0, "Total Cost": 3002598394309.32, "Plan Rows": 438, "Plan Width": 24, "Inner Unique": true, "Join Filter": "(public.part.p_partkey = subquery.\"?column?\")", "Plans": [{"Node Type": "Index Scan", "Parent Relationship": "Outer", "Scan Direction": "Forward", "Index Name": "part_kpey", "Relation Name": "part", "Alias": "part", "Startup Cost": 10000000000.0, "Total Cost": 1000011080325.0, "Plan Rows": 2001, "Plan Width": 8, "Filter": "((p_brand = 'Brand#44'::bpchar) AND (p_container = 'WRAP PKG'::bpchar))"}, {"Node Type": "Materialize", "Parent Relationship": "Inner", "Startup Cost": 20000000000.0, "Total Cost": 2002586982886.42, "Plan Rows": 11032, "Plan Width": 16, "Plans": [{"Node Type": "Subquery Scan", "Parent Relationship": "Outer", "Alias": "subquery", "Startup Cost": 20000000000.0, "Total Cost": 2002586982831.26, "Plan Rows": 11032, "Plan Width": 16, "Plans": [{"Node Type": "Aggregate", "Strategy": "Sorted", "Parent Relationship": "Subquery", "Startup Cost": 20000000000.0, "Total Cost": 2002586982720.94, "Plan Rows": 11032, "Plan Width": 80, "Group By Key": ["public.lineitem.l_partkey"], "Plans": [{"Node Type": "Nested Loop", "Parent Relationship": "Outer", "Join Type": "Semi", "Startup Cost": 20000000000.0, "Total Cost": 2002586982445.14, "Plan Rows": 11032, "Plan Width": 16, "Inner Unique": false, "Join Filter": "(public.lineitem.l_partkey = public.part.p_partkey)", "Plans": [{"Node Type": "Index Scan", "Parent Relationship": "Outer", "Scan Direction": "Forward", "Index Name": "idx_lineitem_part_supp", "Relation Name": "lineitem", "Alias": "lineitem", "Startup Cost": 10000000000.0, "Total Cost": 1000775391319.64, "Plan Rows": 59987033, "Plan Width": 16}, {"Node Type": "Materialize", "Parent Relationship": "Inner", "Startup Cost": 10000000000.0, "Total Cost": 1000011080335.01, "Plan Rows": 2001, "Plan Width": 8, "Plans": [{"Node Type": "Index Scan", "Parent Relationship": "Outer", "Scan Direction": "Forward", "Index Name": "part_kpey", "Relation Name": "part", "Alias": "part", "Startup Cost": 10000000000.0, "Total Cost": 1000011080325.0, "Plan Rows": 2001, "Plan Width": 8, "Filter": "((p_brand = 'Brand#44'::bpchar) AND (p_container = 'WRAP PKG'::bpchar))"}]}]}]}]}]}]}]}]}]}, "Unique SQL Id": 1080450481}, "explain_analyze_plan": null}, "(1, 60)": {"explain_plan": {"Plan": {"Node Type": "Aggregate", "Strategy": "Plain", "Startup Cost": 208324.62, "Total Cost": 208324.63, "Plan Rows": 1, "Plan Width": 16, "Plans": [{"Node Type": "Nested Loop", "Parent Relationship": "Outer", "Join Type": "Inner", "Startup Cost": 128691.05, "Total Cost": 208322.6, "Plan Rows": 806, "Plan Width": 8, "Inner Unique": false, "Plans": [{"Node Type": "Nested Loop", "Parent Relationship": "Outer", "Join Type": "Inner", "Startup Cost": 128691.05, "Total Cost": 196146.55, "Plan Rows": 438, "Plan Width": 24, "Inner Unique": true, "Plans": [{"Node Type": "Aggregate", "Strategy": "Hashed", "Parent Relationship": "Outer", "Startup Cost": 128691.05, "Total Cost": 128884.11, "Plan Rows": 11032, "Plan Width": 16, "Group By Key": ["public.lineitem.l_partkey"], "Plans": [{"Node Type": "Nested Loop", "Parent Relationship": "Outer", "Join Type": "Inner", "Startup Cost": 0.0, "Total Cost": 128608.31, "Plan Rows": 11032, "Plan Width": 16, "Inner Unique": false, "Plans": [{"Node Type": "Seq Scan", "Parent Relationship": "Outer", "Relation Name": "part", "Alias": "part", "Startup Cost": 0.0, "Total Cost": 71944.0, "Plan Rows": 2001, "Plan Width": 8, "Filter": "((p_brand = 'Brand#44'::bpchar) AND (p_container = 'WRAP PKG'::bpchar))"}, {"Node Type": "Index Scan", "Parent Relationship": "Inner", "Scan Direction": "Forward", "Index Name": "idx_lineitem_part_supp", "Relation Name": "lineitem", "Alias": "lineitem", "Startup Cost": 0.0, "Total Cost": 28.26, "Plan Rows": 6, "Plan Width": 16, "Index Cond": "(l_partkey = public.part.p_partkey)"}]}]}, {"Node Type": "Index Scan", "Parent Relationship": "Inner", "Scan Direction": "Forward", "Index Name": "part_kpey", "Relation Name": "part", "Alias": "part", "Startup Cost": 0.0, "Total Cost": 6.08, "Plan Rows": 1, "Plan Width": 8, "Index Cond": "(p_partkey = public.lineitem.l_partkey)", "Filter": "((p_brand = 'Brand#44'::bpchar) AND (p_container = 'WRAP PKG'::bpchar))"}]}, {"Node Type": "Index Scan", "Parent Relationship": "Inner", "Scan Direction": "Forward", "Index Name": "idx_lineitem_part_supp", "Relation Name": "lineitem", "Alias": "lineitem", "Startup Cost": 0.0, "Total Cost": 27.78, "Plan Rows": 2, "Plan Width": 24, "Index Cond": "(l_partkey = public.lineitem.l_partkey)", "Filter": "(l_quantity < (.2::double precision * (avg(public.lineitem.l_quantity))))"}]}]}, "Unique SQL Id": 1080450481}, "explain_analyze_plan": {"Plan": {"Node Type": "Aggregate", "Strategy": "Plain", "Startup Cost": 208324.62, "Total Cost": 208324.63, "Plan Rows": 1, "Plan Width": 16, "Actual Startup Time": 1125.155, "Actual Total Time": 1125.155, "Actual Rows": 1, "Actual Loops": 1, "Plans": [{"Node Type": "Nested Loop", "Parent Relationship": "Outer", "Join Type": "Inner", "Startup Cost": 128691.05, "Total Cost": 208322.6, "Plan Rows": 806, "Plan Width": 8, "Actual Startup Time": 968.471, "Actual Total Time": 1124.094, "Actual Rows": 5403, "Actual Loops": 1, "Inner Unique": false, "Plans": [{"Node Type": "Nested Loop", "Parent Relationship": "Outer", "Join Type": "Inner", "Startup Cost": 128691.05, "Total Cost": 196146.55, "Plan Rows": 438, "Plan Width": 24, "Actual Startup Time": 968.443, "Actual Total Time": 984.459, "Actual Rows": 2003, "Actual Loops": 1, "Inner Unique": true, "Plans": [{"Node Type": "Aggregate", "Strategy": "Hashed", "Parent Relationship": "Outer", "Startup Cost": 128691.05, "Total Cost": 128884.11, "Plan Rows": 11032, "Plan Width": 16, "Actual Startup Time": 968.416, "Actual Total Time": 969.922, "Actual Rows": 2003, "Actual Loops": 1, "Group By Key": ["public.lineitem.l_partkey"], "Plans": [{"Node Type": "Nested Loop", "Parent Relationship": "Outer", "Join Type": "Inner", "Startup Cost": 0.0, "Total Cost": 128608.31, "Plan Rows": 11032, "Plan Width": 16, "Actual Startup Time": 0.373, "Actual Total Time": 927.032, "Actual Rows": 60021, "Actual Loops": 1, "Inner Unique": false, "Plans": [{"Node Type": "Seq Scan", "Parent Relationship": "Outer", "Relation Name": "part", "Alias": "part", "Startup Cost": 0.0, "Total Cost": 71944.0, "Plan Rows": 2001, "Plan Width": 8, "Actual Startup Time": 0.35, "Actual Total Time": 770.343, "Actual Rows": 2003, "Actual Loops": 1, "Filter": "((p_brand = 'Brand#44'::bpchar) AND (p_container = 'WRAP PKG'::bpchar))", "Rows Removed by Filter": 1997997}, {"Node Type": "Index Scan", "Parent Relationship": "Inner", "Scan Direction": "Forward", "Index Name": "idx_lineitem_part_supp", "Relation Name": "lineitem", "Alias": "lineitem", "Startup Cost": 0.0, "Total Cost": 28.26, "Plan Rows": 6, "Plan Width": 16, "Actual Startup Time": 21.245, "Actual Total Time": 142.059, "Actual Rows": 60021, "Actual Loops": 2003, "Index Cond": "(l_partkey = public.part.p_partkey)", "Rows Removed by Index Recheck": 0}]}]}, {"Node Type": "Index Scan", "Parent Relationship": "Inner", "Scan Direction": "Forward", "Index Name": "part_kpey", "Relation Name": "part", "Alias": "part", "Startup Cost": 0.0, "Total Cost": 6.08, "Plan Rows": 1, "Plan Width": 8, "Actual Startup Time": 12.854, "Actual Total Time": 12.854, "Actual Rows": 2003, "Actual Loops": 2003, "Index Cond": "(p_partkey = public.lineitem.l_partkey)", "Rows Removed by Index Recheck": 0, "Filter": "((p_brand = 'Brand#44'::bpchar) AND (p_container = 'WRAP PKG'::bpchar))", "Rows Removed by Filter": 0}]}, {"Node Type": "Index Scan", "Parent Relationship": "Inner", "Scan Direction": "Forward", "Index Name": "idx_lineitem_part_supp", "Relation Name": "lineitem", "Alias": "lineitem", "Startup Cost": 0.0, "Total Cost": 27.78, "Plan Rows": 2, "Plan Width": 24, "Actual Startup Time": 57.238, "Actual Total Time": 137.264, "Actual Rows": 5403, "Actual Loops": 2003, "Index Cond": "(l_partkey = public.lineitem.l_partkey)", "Rows Removed by Index Recheck": 0, "Filter": "(l_quantity < (.2::double precision * (avg(public.lineitem.l_quantity))))", "Rows Removed by Filter": 54618}]}]}, "Triggers": [], "Planner Runtime": 1.327, "Total Runtime": 1125.393, "Unique SQL Id": 1080450481}}, "(1, 61)": {"explain_plan": {"Plan": {"Node Type": "Aggregate", "Strategy": "Plain", "Startup Cost": 247183.87, "Total Cost": 247183.88, "Plan Rows": 1, "Plan Width": 16, "Plans": [{"Node Type": "Nested Loop", "Parent Relationship": "Outer", "Join Type": "Inner", "Startup Cost": 0.0, "Total Cost": 247181.85, "Plan Rows": 806, "Plan Width": 8, "Inner Unique": false, "Plans": [{"Node Type": "Nested Loop", "Parent Relationship": "Outer", "Join Type": "Inner", "Startup Cost": 0.0, "Total Cost": 235005.8, "Plan Rows": 438, "Plan Width": 24, "Inner Unique": true, "Plans": [{"Node Type": "Aggregate", "Strategy": "Sorted", "Parent Relationship": "Outer", "Startup Cost": 0.0, "Total Cost": 167743.36, "Plan Rows": 11032, "Plan Width": 80, "Group By Key": ["public.lineitem.l_partkey"], "Plans": [{"Node Type": "Nested Loop", "Parent Relationship": "Outer", "Join Type": "Inner", "Startup Cost": 0.0, "Total Cost": 167467.56, "Plan Rows": 11032, "Plan Width": 16, "Inner Unique": false, "Plans": [{"Node Type": "Index Scan", "Parent Relationship": "Outer", "Scan Direction": "Forward", "Index Name": "part_kpey", "Relation Name": "part", "Alias": "part", "Startup Cost": 0.0, "Total Cost": 110803.25, "Plan Rows": 2001, "Plan Width": 8, "Filter": "((p_brand = 'Brand#44'::bpchar) AND (p_container = 'WRAP PKG'::bpchar))"}, {"Node Type": "Index Scan", "Parent Relationship": "Inner", "Scan Direction": "Forward", "Index Name": "idx_lineitem_part_supp", "Relation Name": "lineitem", "Alias": "lineitem", "Startup Cost": 0.0, "Total Cost": 28.26, "Plan Rows": 6, "Plan Width": 16, "Index Cond": "(l_partkey = public.part.p_partkey)"}]}]}, {"Node Type": "Index Scan", "Parent Relationship": "Inner", "Scan Direction": "Forward", "Index Name": "part_kpey", "Relation Name": "part", "Alias": "part", "Startup Cost": 0.0, "Total Cost": 6.08, "Plan Rows": 1, "Plan Width": 8, "Index Cond": "(p_partkey = public.lineitem.l_partkey)", "Filter": "((p_brand = 'Brand#44'::bpchar) AND (p_container = 'WRAP PKG'::bpchar))"}]}, {"Node Type": "Index Scan", "Parent Relationship": "Inner", "Scan Direction": "Forward", "Index Name": "idx_lineitem_part_supp", "Relation Name": "lineitem", "Alias": "lineitem", "Startup Cost": 0.0, "Total Cost": 27.78, "Plan Rows": 2, "Plan Width": 24, "Index Cond": "(l_partkey = public.lineitem.l_partkey)", "Filter": "(l_quantity < (.2::double precision * (avg(public.lineitem.l_quantity))))"}]}]}, "Unique SQL Id": 1080450481}, "explain_analyze_plan": {"Plan": {"Node Type": "Aggregate", "Strategy": "Plain", "Startup Cost": 247183.87, "Total Cost": 247183.88, "Plan Rows": 1, "Plan Width": 16, "Actual Startup Time": 1657.115, "Actual Total Time": 1657.115, "Actual Rows": 1, "Actual Loops": 1, "Plans": [{"Node Type": "Nested Loop", "Parent Relationship": "Outer", "Join Type": "Inner", "Startup Cost": 0.0, "Total Cost": 247181.85, "Plan Rows": 806, "Plan Width": 8, "Actual Startup Time": 1.741, "Actual Total Time": 1655.898, "Actual Rows": 5403, "Actual Loops": 1, "Inner Unique": false, "Plans": [{"Node Type": "Nested Loop", "Parent Relationship": "Outer", "Join Type": "Inner", "Startup Cost": 0.0, "Total Cost": 235005.8, "Plan Rows": 438, "Plan Width": 24, "Actual Startup Time": 1.699, "Actual Total Time": 1576.826, "Actual Rows": 2003, "Actual Loops": 1, "Inner Unique": true, "Plans": [{"Node Type": "Aggregate", "Strategy": "Sorted", "Parent Relationship": "Outer", "Startup Cost": 0.0, "Total Cost": 167743.36, "Plan Rows": 11032, "Plan Width": 80, "Actual Startup Time": 1.686, "Actual Total Time": 1564.989, "Actual Rows": 2003, "Actual Loops": 1, "Group By Key": ["public.lineitem.l_partkey"], "Plans": [{"Node Type": "Nested Loop", "Parent Relationship": "Outer", "Join Type": "Inner", "Startup Cost": 0.0, "Total Cost": 167467.56, "Plan Rows": 11032, "Plan Width": 16, "Actual Startup Time": 0.571, "Actual Total Time": 1531.613, "Actual Rows": 60021, "Actual Loops": 1, "Inner Unique": false, "Plans": [{"Node Type": "Index Scan", "Parent Relationship": "Outer", "Scan Direction": "Forward", "Index Name": "part_kpey", "Relation Name": "part", "Alias": "part", "Startup Cost": 0.0, "Total Cost": 110803.25, "Plan Rows": 2001, "Plan Width": 8, "Actual Startup Time": 0.553, "Actual Total Time": 1347.731, "Actual Rows": 2003, "Actual Loops": 1, "Filter": "((p_brand = 'Brand#44'::bpchar) AND (p_container = 'WRAP PKG'::bpchar))", "Rows Removed by Filter": 1997997}, {"Node Type": "Index Scan", "Parent Relationship": "Inner", "Scan Direction": "Forward", "Index Name": "idx_lineitem_part_supp", "Relation Name": "lineitem", "Alias": "lineitem", "Startup Cost": 0.0, "Total Cost": 28.26, "Plan Rows": 6, "Plan Width": 16, "Actual Startup Time": 23.7, "Actual Total Time": 168.192, "Actual Rows": 60021, "Actual Loops": 2003, "Index Cond": "(l_partkey = public.part.p_partkey)", "Rows Removed by Index Recheck": 0}]}]}, {"Node Type": "Index Scan", "Parent Relationship": "Inner", "Scan Direction": "Forward", "Index Name": "part_kpey", "Relation Name": "part", "Alias": "part", "Startup Cost": 0.0, "Total Cost": 6.08, "Plan Rows": 1, "Plan Width": 8, "Actual Startup Time": 9.266, "Actual Total Time": 9.266, "Actual Rows": 2003, "Actual Loops": 2003, "Index Cond": "(p_partkey = public.lineitem.l_partkey)", "Rows Removed by Index Recheck": 0, "Filter": "((p_brand = 'Brand#44'::bpchar) AND (p_container = 'WRAP PKG'::bpchar))", "Rows Removed by Filter": 0}]}, {"Node Type": "Index Scan", "Parent Relationship": "Inner", "Scan Direction": "Forward", "Index Name": "idx_lineitem_part_supp", "Relation Name": "lineitem", "Alias": "lineitem", "Startup Cost": 0.0, "Total Cost": 27.78, "Plan Rows": 2, "Plan Width": 24, "Actual Startup Time": 33.161, "Actual Total Time": 76.14, "Actual Rows": 5403, "Actual Loops": 2003, "Index Cond": "(l_partkey = public.lineitem.l_partkey)", "Rows Removed by Index Recheck": 0, "Filter": "(l_quantity < (.2::double precision * (avg(public.lineitem.l_quantity))))", "Rows Removed by Filter": 54618}]}]}, "Triggers": [], "Planner Runtime": 1.323, "Total Runtime": 1657.326, "Unique SQL Id": 1080450481}}, "(1, 62)": {"explain_plan": {"Plan": {"Node Type": "Aggregate", "Strategy": "Plain", "Startup Cost": 2330502847.95, "Total Cost": 2330502847.96, "Plan Rows": 1, "Plan Width": 16, "Plans": [{"Node Type": "Nested Loop", "Parent Relationship": "Outer", "Join Type": "Inner", "Startup Cost": 1802597942.57, "Total Cost": 2330502845.94, "Plan Rows": 806, "Plan Width": 8, "Inner Unique": false, "Join Filter": "((public.lineitem.l_partkey = public.lineitem.l_partkey) AND (public.lineitem.l_quantity < (.2::double precision * (avg(public.lineitem.l_quantity)))))", "Plans": [{"Node Type": "Seq Scan", "Parent Relationship": "Outer", "Relation Name": "lineitem", "Alias": "lineitem", "Startup Cost": 0.0, "Total Cost": 2015115.33, "Plan Rows": 59987033, "Plan Width": 24}, {"Node Type": "Materialize", "Parent Relationship": "Inner", "Startup Cost": 1802597942.57, "Total Cost": 1803001322.62, "Plan Rows": 438, "Plan Width": 24, "Plans": [{"Node Type": "Nested Loop", "Parent Relationship": "Outer", "Join Type": "Inner", "Startup Cost": 1802597942.57, "Total Cost": 1803001320.43, "Plan Rows": 438, "Plan Width": 24, "Inner Unique": true, "Join Filter": "(public.part.p_partkey = public.lineitem.l_partkey)", "Plans": [{"Node Type": "Aggregate", "Strategy": "Hashed", "Parent Relationship": "Outer", "Startup Cost": 1802597942.57, "Total Cost": 1802598135.63, "Plan Rows": 11032, "Plan Width": 16, "Group By Key": ["public.lineitem.l_partkey"], "Plans": [{"Node Type": "Nested Loop", "Parent Relationship": "Outer", "Join Type": "Semi", "Startup Cost": 0.0, "Total Cost": 1802597859.83, "Plan Rows": 11032, "Plan Width": 16, "Inner Unique": false, "Join Filter": "(public.lineitem.l_partkey = public.part.p_partkey)", "Plans": [{"Node Type": "Seq Scan", "Parent Relationship": "Outer", "Relation Name": "lineitem", "Alias": "lineitem", "Startup Cost": 0.0, "Total Cost": 2015115.33, "Plan Rows": 59987033, "Plan Width": 16}, {"Node Type": "Materialize", "Parent Relationship": "Inner", "Startup Cost": 0.0, "Total Cost": 71954.01, "Plan Rows": 2001, "Plan Width": 8, "Plans": [{"Node Type": "Seq Scan", "Parent Relationship": "Outer", "Relation Name": "part", "Alias": "part", "Startup Cost": 0.0, "Total Cost": 71944.0, "Plan Rows": 2001, "Plan Width": 8, "Filter": "((p_brand = 'Brand#44'::bpchar) AND (p_container = 'WRAP PKG'::bpchar))"}]}]}]}, {"Node Type": "Materialize", "Parent Relationship": "Inner", "Startup Cost": 0.0, "Total Cost": 71954.01, "Plan Rows": 2001, "Plan Width": 8, "Plans": [{"Node Type": "Seq Scan", "Parent Relationship": "Outer", "Relation Name": "part", "Alias": "part", "Startup Cost": 0.0, "Total Cost": 71944.0, "Plan Rows": 2001, "Plan Width": 8, "Filter": "((p_brand = 'Brand#44'::bpchar) AND (p_container = 'WRAP PKG'::bpchar))"}]}]}]}]}]}, "Unique SQL Id": 1080450481}, "explain_analyze_plan": null}, "(1, 63)": {"explain_plan": {"Plan": {"Node Type": "Aggregate", "Strategy": "Plain", "Startup Cost": 4003899272041.15, "Total Cost": 4003899272041.16, "Plan Rows": 1, "Plan Width": 16, "Plans": [{"Node Type": "Nested Loop", "Parent Relationship": "Outer", "Join Type": "Inner", "Startup Cost": 40000000000.0, "Total Cost": 4003899272039.14, "Plan Rows": 806, "Plan Width": 8, "Inner Unique": false, "Join Filter": "((subquery.\"?column?\" = public.lineitem.l_partkey) AND (public.lineitem.l_quantity < (.2::double precision * subquery.\"?column?\")))", "Plans": [{"Node Type": "Index Scan", "Parent Relationship": "Outer", "Scan Direction": "Forward", "Index Name": "idx_lineitem_part_supp", "Relation Name": "lineitem", "Alias": "lineitem", "Startup Cost": 10000000000.0, "Total Cost": 1000775391319.64, "Plan Rows": 59987033, "Plan Width": 24}, {"Node Type": "Materialize", "Parent Relationship": "Inner", "Startup Cost": 30000000000.0, "Total Cost": 3002598394311.51, "Plan Rows": 438, "Plan Width": 24, "Plans": [{"Node Type": "Nested Loop", "Parent Relationship": "Outer", "Join Type": "Inner", "Startup Cost": 30000000000.0, "Total Cost": 3002598394309.32, "Plan Rows": 438, "Plan Width": 24, "Inner Unique": true, "Join Filter": "(public.part.p_partkey = subquery.\"?column?\")", "Plans": [{"Node Type": "Index Scan", "Parent Relationship": "Outer", "Scan Direction": "Forward", "Index Name": "part_kpey", "Relation Name": "part", "Alias": "part", "Startup Cost": 10000000000.0, "Total Cost": 1000011080325.0, "Plan Rows": 2001, "Plan Width": 8, "Filter": "((p_brand = 'Brand#44'::bpchar) AND (p_container = 'WRAP PKG'::bpchar))"}, {"Node Type": "Materialize", "Parent Relationship": "Inner", "Startup Cost": 20000000000.0, "Total Cost": 2002586982886.42, "Plan Rows": 11032, "Plan Width": 16, "Plans": [{"Node Type": "Subquery Scan", "Parent Relationship": "Outer", "Alias": "subquery", "Startup Cost": 20000000000.0, "Total Cost": 2002586982831.26, "Plan Rows": 11032, "Plan Width": 16, "Plans": [{"Node Type": "Aggregate", "Strategy": "Sorted", "Parent Relationship": "Subquery", "Startup Cost": 20000000000.0, "Total Cost": 2002586982720.94, "Plan Rows": 11032, "Plan Width": 80, "Group By Key": ["public.lineitem.l_partkey"], "Plans": [{"Node Type": "Nested Loop", "Parent Relationship": "Outer", "Join Type": "Semi", "Startup Cost": 20000000000.0, "Total Cost": 2002586982445.14, "Plan Rows": 11032, "Plan Width": 16, "Inner Unique": false, "Join Filter": "(public.lineitem.l_partkey = public.part.p_partkey)", "Plans": [{"Node Type": "Index Scan", "Parent Relationship": "Outer", "Scan Direction": "Forward", "Index Name": "idx_lineitem_part_supp", "Relation Name": "lineitem", "Alias": "lineitem", "Startup Cost": 10000000000.0, "Total Cost": 1000775391319.64, "Plan Rows": 59987033, "Plan Width": 16}, {"Node Type": "Materialize", "Parent Relationship": "Inner", "Startup Cost": 10000000000.0, "Total Cost": 1000011080335.01, "Plan Rows": 2001, "Plan Width": 8, "Plans": [{"Node Type": "Index Scan", "Parent Relationship": "Outer", "Scan Direction": "Forward", "Index Name": "part_kpey", "Relation Name": "part", "Alias": "part", "Startup Cost": 10000000000.0, "Total Cost": 1000011080325.0, "Plan Rows": 2001, "Plan Width": 8, "Filter": "((p_brand = 'Brand#44'::bpchar) AND (p_container = 'WRAP PKG'::bpchar))"}]}]}]}]}]}]}]}]}]}, "Unique SQL Id": 1080450481}, "explain_analyze_plan": null}, "(1, 64)": {"explain_plan": {"Plan": {"Node Type": "Aggregate", "Strategy": "Plain", "Startup Cost": 208324.62, "Total Cost": 208324.63, "Plan Rows": 1, "Plan Width": 16, "Plans": [{"Node Type": "Nested Loop", "Parent Relationship": "Outer", "Join Type": "Inner", "Startup Cost": 128691.05, "Total Cost": 208322.6, "Plan Rows": 806, "Plan Width": 8, "Inner Unique": false, "Plans": [{"Node Type": "Nested Loop", "Parent Relationship": "Outer", "Join Type": "Inner", "Startup Cost": 128691.05, "Total Cost": 196146.55, "Plan Rows": 438, "Plan Width": 24, "Inner Unique": true, "Plans": [{"Node Type": "Aggregate", "Strategy": "Hashed", "Parent Relationship": "Outer", "Startup Cost": 128691.05, "Total Cost": 128884.11, "Plan Rows": 11032, "Plan Width": 16, "Group By Key": ["public.lineitem.l_partkey"], "Plans": [{"Node Type": "Nested Loop", "Parent Relationship": "Outer", "Join Type": "Inner", "Startup Cost": 0.0, "Total Cost": 128608.31, "Plan Rows": 11032, "Plan Width": 16, "Inner Unique": false, "Plans": [{"Node Type": "Seq Scan", "Parent Relationship": "Outer", "Relation Name": "part", "Alias": "part", "Startup Cost": 0.0, "Total Cost": 71944.0, "Plan Rows": 2001, "Plan Width": 8, "Filter": "((p_brand = 'Brand#44'::bpchar) AND (p_container = 'WRAP PKG'::bpchar))"}, {"Node Type": "Index Scan", "Parent Relationship": "Inner", "Scan Direction": "Forward", "Index Name": "idx_lineitem_part_supp", "Relation Name": "lineitem", "Alias": "lineitem", "Startup Cost": 0.0, "Total Cost": 28.26, "Plan Rows": 6, "Plan Width": 16, "Index Cond": "(l_partkey = public.part.p_partkey)"}]}]}, {"Node Type": "Index Scan", "Parent Relationship": "Inner", "Scan Direction": "Forward", "Index Name": "part_kpey", "Relation Name": "part", "Alias": "part", "Startup Cost": 0.0, "Total Cost": 6.08, "Plan Rows": 1, "Plan Width": 8, "Index Cond": "(p_partkey = public.lineitem.l_partkey)", "Filter": "((p_brand = 'Brand#44'::bpchar) AND (p_container = 'WRAP PKG'::bpchar))"}]}, {"Node Type": "Index Scan", "Parent Relationship": "Inner", "Scan Direction": "Forward", "Index Name": "idx_lineitem_part_supp", "Relation Name": "lineitem", "Alias": "lineitem", "Startup Cost": 0.0, "Total Cost": 27.78, "Plan Rows": 2, "Plan Width": 24, "Index Cond": "(l_partkey = public.lineitem.l_partkey)", "Filter": "(l_quantity < (.2::double precision * (avg(public.lineitem.l_quantity))))"}]}]}, "Unique SQL Id": 1080450481}, "explain_analyze_plan": {"Plan": {"Node Type": "Aggregate", "Strategy": "Plain", "Startup Cost": 208324.62, "Total Cost": 208324.63, "Plan Rows": 1, "Plan Width": 16, "Actual Startup Time": 1125.155, "Actual Total Time": 1125.155, "Actual Rows": 1, "Actual Loops": 1, "Plans": [{"Node Type": "Nested Loop", "Parent Relationship": "Outer", "Join Type": "Inner", "Startup Cost": 128691.05, "Total Cost": 208322.6, "Plan Rows": 806, "Plan Width": 8, "Actual Startup Time": 968.471, "Actual Total Time": 1124.094, "Actual Rows": 5403, "Actual Loops": 1, "Inner Unique": false, "Plans": [{"Node Type": "Nested Loop", "Parent Relationship": "Outer", "Join Type": "Inner", "Startup Cost": 128691.05, "Total Cost": 196146.55, "Plan Rows": 438, "Plan Width": 24, "Actual Startup Time": 968.443, "Actual Total Time": 984.459, "Actual Rows": 2003, "Actual Loops": 1, "Inner Unique": true, "Plans": [{"Node Type": "Aggregate", "Strategy": "Hashed", "Parent Relationship": "Outer", "Startup Cost": 128691.05, "Total Cost": 128884.11, "Plan Rows": 11032, "Plan Width": 16, "Actual Startup Time": 968.416, "Actual Total Time": 969.922, "Actual Rows": 2003, "Actual Loops": 1, "Group By Key": ["public.lineitem.l_partkey"], "Plans": [{"Node Type": "Nested Loop", "Parent Relationship": "Outer", "Join Type": "Inner", "Startup Cost": 0.0, "Total Cost": 128608.31, "Plan Rows": 11032, "Plan Width": 16, "Actual Startup Time": 0.373, "Actual Total Time": 927.032, "Actual Rows": 60021, "Actual Loops": 1, "Inner Unique": false, "Plans": [{"Node Type": "Seq Scan", "Parent Relationship": "Outer", "Relation Name": "part", "Alias": "part", "Startup Cost": 0.0, "Total Cost": 71944.0, "Plan Rows": 2001, "Plan Width": 8, "Actual Startup Time": 0.35, "Actual Total Time": 770.343, "Actual Rows": 2003, "Actual Loops": 1, "Filter": "((p_brand = 'Brand#44'::bpchar) AND (p_container = 'WRAP PKG'::bpchar))", "Rows Removed by Filter": 1997997}, {"Node Type": "Index Scan", "Parent Relationship": "Inner", "Scan Direction": "Forward", "Index Name": "idx_lineitem_part_supp", "Relation Name": "lineitem", "Alias": "lineitem", "Startup Cost": 0.0, "Total Cost": 28.26, "Plan Rows": 6, "Plan Width": 16, "Actual Startup Time": 21.245, "Actual Total Time": 142.059, "Actual Rows": 60021, "Actual Loops": 2003, "Index Cond": "(l_partkey = public.part.p_partkey)", "Rows Removed by Index Recheck": 0}]}]}, {"Node Type": "Index Scan", "Parent Relationship": "Inner", "Scan Direction": "Forward", "Index Name": "part_kpey", "Relation Name": "part", "Alias": "part", "Startup Cost": 0.0, "Total Cost": 6.08, "Plan Rows": 1, "Plan Width": 8, "Actual Startup Time": 12.854, "Actual Total Time": 12.854, "Actual Rows": 2003, "Actual Loops": 2003, "Index Cond": "(p_partkey = public.lineitem.l_partkey)", "Rows Removed by Index Recheck": 0, "Filter": "((p_brand = 'Brand#44'::bpchar) AND (p_container = 'WRAP PKG'::bpchar))", "Rows Removed by Filter": 0}]}, {"Node Type": "Index Scan", "Parent Relationship": "Inner", "Scan Direction": "Forward", "Index Name": "idx_lineitem_part_supp", "Relation Name": "lineitem", "Alias": "lineitem", "Startup Cost": 0.0, "Total Cost": 27.78, "Plan Rows": 2, "Plan Width": 24, "Actual Startup Time": 57.238, "Actual Total Time": 137.264, "Actual Rows": 5403, "Actual Loops": 2003, "Index Cond": "(l_partkey = public.lineitem.l_partkey)", "Rows Removed by Index Recheck": 0, "Filter": "(l_quantity < (.2::double precision * (avg(public.lineitem.l_quantity))))", "Rows Removed by Filter": 54618}]}]}, "Triggers": [], "Planner Runtime": 1.327, "Total Runtime": 1125.393, "Unique SQL Id": 1080450481}}, "(1, 65)": {"explain_plan": {"Plan": {"Node Type": "Aggregate", "Strategy": "Plain", "Startup Cost": 247183.87, "Total Cost": 247183.88, "Plan Rows": 1, "Plan Width": 16, "Plans": [{"Node Type": "Nested Loop", "Parent Relationship": "Outer", "Join Type": "Inner", "Startup Cost": 0.0, "Total Cost": 247181.85, "Plan Rows": 806, "Plan Width": 8, "Inner Unique": false, "Plans": [{"Node Type": "Nested Loop", "Parent Relationship": "Outer", "Join Type": "Inner", "Startup Cost": 0.0, "Total Cost": 235005.8, "Plan Rows": 438, "Plan Width": 24, "Inner Unique": true, "Plans": [{"Node Type": "Aggregate", "Strategy": "Sorted", "Parent Relationship": "Outer", "Startup Cost": 0.0, "Total Cost": 167743.36, "Plan Rows": 11032, "Plan Width": 80, "Group By Key": ["public.lineitem.l_partkey"], "Plans": [{"Node Type": "Nested Loop", "Parent Relationship": "Outer", "Join Type": "Inner", "Startup Cost": 0.0, "Total Cost": 167467.56, "Plan Rows": 11032, "Plan Width": 16, "Inner Unique": false, "Plans": [{"Node Type": "Index Scan", "Parent Relationship": "Outer", "Scan Direction": "Forward", "Index Name": "part_kpey", "Relation Name": "part", "Alias": "part", "Startup Cost": 0.0, "Total Cost": 110803.25, "Plan Rows": 2001, "Plan Width": 8, "Filter": "((p_brand = 'Brand#44'::bpchar) AND (p_container = 'WRAP PKG'::bpchar))"}, {"Node Type": "Index Scan", "Parent Relationship": "Inner", "Scan Direction": "Forward", "Index Name": "idx_lineitem_part_supp", "Relation Name": "lineitem", "Alias": "lineitem", "Startup Cost": 0.0, "Total Cost": 28.26, "Plan Rows": 6, "Plan Width": 16, "Index Cond": "(l_partkey = public.part.p_partkey)"}]}]}, {"Node Type": "Index Scan", "Parent Relationship": "Inner", "Scan Direction": "Forward", "Index Name": "part_kpey", "Relation Name": "part", "Alias": "part", "Startup Cost": 0.0, "Total Cost": 6.08, "Plan Rows": 1, "Plan Width": 8, "Index Cond": "(p_partkey = public.lineitem.l_partkey)", "Filter": "((p_brand = 'Brand#44'::bpchar) AND (p_container = 'WRAP PKG'::bpchar))"}]}, {"Node Type": "Index Scan", "Parent Relationship": "Inner", "Scan Direction": "Forward", "Index Name": "idx_lineitem_part_supp", "Relation Name": "lineitem", "Alias": "lineitem", "Startup Cost": 0.0, "Total Cost": 27.78, "Plan Rows": 2, "Plan Width": 24, "Index Cond": "(l_partkey = public.lineitem.l_partkey)", "Filter": "(l_quantity < (.2::double precision * (avg(public.lineitem.l_quantity))))"}]}]}, "Unique SQL Id": 1080450481}, "explain_analyze_plan": {"Plan": {"Node Type": "Aggregate", "Strategy": "Plain", "Startup Cost": 247183.87, "Total Cost": 247183.88, "Plan Rows": 1, "Plan Width": 16, "Actual Startup Time": 1657.115, "Actual Total Time": 1657.115, "Actual Rows": 1, "Actual Loops": 1, "Plans": [{"Node Type": "Nested Loop", "Parent Relationship": "Outer", "Join Type": "Inner", "Startup Cost": 0.0, "Total Cost": 247181.85, "Plan Rows": 806, "Plan Width": 8, "Actual Startup Time": 1.741, "Actual Total Time": 1655.898, "Actual Rows": 5403, "Actual Loops": 1, "Inner Unique": false, "Plans": [{"Node Type": "Nested Loop", "Parent Relationship": "Outer", "Join Type": "Inner", "Startup Cost": 0.0, "Total Cost": 235005.8, "Plan Rows": 438, "Plan Width": 24, "Actual Startup Time": 1.699, "Actual Total Time": 1576.826, "Actual Rows": 2003, "Actual Loops": 1, "Inner Unique": true, "Plans": [{"Node Type": "Aggregate", "Strategy": "Sorted", "Parent Relationship": "Outer", "Startup Cost": 0.0, "Total Cost": 167743.36, "Plan Rows": 11032, "Plan Width": 80, "Actual Startup Time": 1.686, "Actual Total Time": 1564.989, "Actual Rows": 2003, "Actual Loops": 1, "Group By Key": ["public.lineitem.l_partkey"], "Plans": [{"Node Type": "Nested Loop", "Parent Relationship": "Outer", "Join Type": "Inner", "Startup Cost": 0.0, "Total Cost": 167467.56, "Plan Rows": 11032, "Plan Width": 16, "Actual Startup Time": 0.571, "Actual Total Time": 1531.613, "Actual Rows": 60021, "Actual Loops": 1, "Inner Unique": false, "Plans": [{"Node Type": "Index Scan", "Parent Relationship": "Outer", "Scan Direction": "Forward", "Index Name": "part_kpey", "Relation Name": "part", "Alias": "part", "Startup Cost": 0.0, "Total Cost": 110803.25, "Plan Rows": 2001, "Plan Width": 8, "Actual Startup Time": 0.553, "Actual Total Time": 1347.731, "Actual Rows": 2003, "Actual Loops": 1, "Filter": "((p_brand = 'Brand#44'::bpchar) AND (p_container = 'WRAP PKG'::bpchar))", "Rows Removed by Filter": 1997997}, {"Node Type": "Index Scan", "Parent Relationship": "Inner", "Scan Direction": "Forward", "Index Name": "idx_lineitem_part_supp", "Relation Name": "lineitem", "Alias": "lineitem", "Startup Cost": 0.0, "Total Cost": 28.26, "Plan Rows": 6, "Plan Width": 16, "Actual Startup Time": 23.7, "Actual Total Time": 168.192, "Actual Rows": 60021, "Actual Loops": 2003, "Index Cond": "(l_partkey = public.part.p_partkey)", "Rows Removed by Index Recheck": 0}]}]}, {"Node Type": "Index Scan", "Parent Relationship": "Inner", "Scan Direction": "Forward", "Index Name": "part_kpey", "Relation Name": "part", "Alias": "part", "Startup Cost": 0.0, "Total Cost": 6.08, "Plan Rows": 1, "Plan Width": 8, "Actual Startup Time": 9.266, "Actual Total Time": 9.266, "Actual Rows": 2003, "Actual Loops": 2003, "Index Cond": "(p_partkey = public.lineitem.l_partkey)", "Rows Removed by Index Recheck": 0, "Filter": "((p_brand = 'Brand#44'::bpchar) AND (p_container = 'WRAP PKG'::bpchar))", "Rows Removed by Filter": 0}]}, {"Node Type": "Index Scan", "Parent Relationship": "Inner", "Scan Direction": "Forward", "Index Name": "idx_lineitem_part_supp", "Relation Name": "lineitem", "Alias": "lineitem", "Startup Cost": 0.0, "Total Cost": 27.78, "Plan Rows": 2, "Plan Width": 24, "Actual Startup Time": 33.161, "Actual Total Time": 76.14, "Actual Rows": 5403, "Actual Loops": 2003, "Index Cond": "(l_partkey = public.lineitem.l_partkey)", "Rows Removed by Index Recheck": 0, "Filter": "(l_quantity < (.2::double precision * (avg(public.lineitem.l_quantity))))", "Rows Removed by Filter": 54618}]}]}, "Triggers": [], "Planner Runtime": 1.323, "Total Runtime": 1657.326, "Unique SQL Id": 1080450481}}, "(1, 66)": {"explain_plan": {"Plan": {"Node Type": "Aggregate", "Strategy": "Plain", "Startup Cost": 213754.44, "Total Cost": 213754.45, "Plan Rows": 1, "Plan Width": 16, "Plans": [{"Node Type": "Nested Loop", "Parent Relationship": "Outer", "Join Type": "Inner", "Startup Cost": 129265.51, "Total Cost": 213752.42, "Plan Rows": 806, "Plan Width": 8, "Inner Unique": false, "Plans": [{"Node Type": "Hash Join", "Parent Relationship": "Outer", "Join Type": "Inner", "Startup Cost": 129261.29, "Total Cost": 201352.24, "Plan Rows": 438, "Plan Width": 24, "Inner Unique": true, "Hash Cond": "(public.part.p_partkey = subquery.\"?column?\")", "Plans": [{"Node Type": "Seq Scan", "Parent Relationship": "Outer", "Relation Name": "part", "Alias": "part", "Startup Cost": 0.0, "Total Cost": 71944.0, "Plan Rows": 2001, "Plan Width": 8, "Filter": "((p_brand = 'Brand#44'::bpchar) AND (p_container = 'WRAP PKG'::bpchar))"}, {"Node Type": "Hash", "Parent Relationship": "Inner", "Startup Cost": 129123.39, "Total Cost": 129123.39, "Plan Rows": 11032, "Plan Width": 16, "Plans": [{"Node Type": "Subquery Scan", "Parent Relationship": "Outer", "Alias": "subquery", "Startup Cost": 128820.01, "Total Cost": 129123.39, "Plan Rows": 11032, "Plan Width": 16, "Plans": [{"Node Type": "Aggregate", "Strategy": "Hashed", "Parent Relationship": "Subquery", "Startup Cost": 128820.01, "Total Cost": 129013.07, "Plan Rows": 11032, "Plan Width": 16, "Group By Key": ["public.lineitem.l_partkey"], "Plans": [{"Node Type": "Nested Loop", "Parent Relationship": "Outer", "Join Type": "Inner", "Startup Cost": 4.28, "Total Cost": 128737.27, "Plan Rows": 11032, "Plan Width": 16, "Inner Unique": false, "Plans": [{"Node Type": "Seq Scan", "Parent Relationship": "Outer", "Relation Name": "part", "Alias": "part", "Startup Cost": 0.0, "Total Cost": 71944.0, "Plan Rows": 2001, "Plan Width": 8, "Filter": "((p_brand = 'Brand#44'::bpchar) AND (p_container = 'WRAP PKG'::bpchar))"}, {"Node Type": "Bitmap Heap Scan", "Parent Relationship": "Inner", "Relation Name": "lineitem", "Alias": "lineitem", "Startup Cost": 4.28, "Total Cost": 28.32, "Plan Rows": 6, "Plan Width": 16, "Recheck Cond": "(l_partkey = public.part.p_partkey)", "Plans": [{"Node Type": "Bitmap Index Scan", "Parent Relationship": "Outer", "Index Name": "idx_lineitem_part_supp", "Startup Cost": 0.0, "Total Cost": 4.28, "Plan Rows": 6, "Plan Width": 0, "Index Cond": "(l_partkey = public.part.p_partkey)"}]}]}]}]}]}]}, {"Node Type": "Bitmap Heap Scan", "Parent Relationship": "Inner", "Relation Name": "lineitem", "Alias": "lineitem", "Startup Cost": 4.22, "Total Cost": 28.29, "Plan Rows": 2, "Plan Width": 24, "Recheck Cond": "(l_partkey = subquery.\"?column?\")", "Filter": "(l_quantity < (.2::double precision * subquery.\"?column?\"))", "Plans": [{"Node Type": "Bitmap Index Scan", "Parent Relationship": "Outer", "Index Name": "idx_lineitem_part_supp", "Startup Cost": 0.0, "Total Cost": 4.22, "Plan Rows": 6, "Plan Width": 0, "Index Cond": "(l_partkey = subquery.\"?column?\")"}]}]}]}, "Unique SQL Id": 1080450481}, "explain_analyze_plan": {"Plan": {"Node Type": "Aggregate", "Strategy": "Plain", "Startup Cost": 213754.44, "Total Cost": 213754.45, "Plan Rows": 1, "Plan Width": 16, "Actual Startup Time": 2034.096, "Actual Total Time": 2034.097, "Actual Rows": 1, "Actual Loops": 1, "Plans": [{"Node Type": "Nested Loop", "Parent Relationship": "Outer", "Join Type": "Inner", "Startup Cost": 129265.51, "Total Cost": 213752.42, "Plan Rows": 806, "Plan Width": 8, "Actual Startup Time": 1000.633, "Actual Total Time": 2032.84, "Actual Rows": 5403, "Actual Loops": 1, "Inner Unique": false, "Plans": [{"Node Type": "Hash Join", "Parent Relationship": "Outer", "Join Type": "Inner", "Startup Cost": 129261.29, "Total Cost": 201352.24, "Plan Rows": 438, "Plan Width": 24, "Actual Startup Time": 1000.564, "Actual Total Time": 1805.565, "Actual Rows": 2003, "Actual Loops": 1, "Inner Unique": true, "Hash Cond": "(public.part.p_partkey = subquery.\"?column?\")", "Plans": [{"Node Type": "Seq Scan", "Parent Relationship": "Outer", "Relation Name": "part", "Alias": "part", "Startup Cost": 0.0, "Total Cost": 71944.0, "Plan Rows": 2001, "Plan Width": 8, "Actual Startup Time": 0.374, "Actual Total Time": 802.719, "Actual Rows": 2003, "Actual Loops": 1, "Filter": "((p_brand = 'Brand#44'::bpchar) AND (p_container = 'WRAP PKG'::bpchar))", "Rows Removed by Filter": 1997997}, {"Node Type": "Hash", "Parent Relationship": "Inner", "Startup Cost": 129123.39, "Total Cost": 129123.39, "Plan Rows": 11032, "Plan Width": 16, "Actual Startup Time": 1000.059, "Actual Total Time": 1000.059, "Actual Rows": 2003, "Actual Loops": 1, "Hash Buckets": 32768, "Hash Batches": 1, "Original Hash Batches": 1, "Peak Memory Usage": 94, "Plans": [{"Node Type": "Subquery Scan", "Parent Relationship": "Outer", "Alias": "subquery", "Startup Cost": 128820.01, "Total Cost": 129123.39, "Plan Rows": 11032, "Plan Width": 16, "Actual Startup Time": 998.006, "Actual Total Time": 999.441, "Actual Rows": 2003, "Actual Loops": 1, "Plans": [{"Node Type": "Aggregate", "Strategy": "Hashed", "Parent Relationship": "Subquery", "Startup Cost": 128820.01, "Total Cost": 129013.07, "Plan Rows": 11032, "Plan Width": 16, "Actual Startup Time": 998.004, "Actual Total Time": 999.044, "Actual Rows": 2003, "Actual Loops": 1, "Group By Key": ["public.lineitem.l_partkey"], "Plans": [{"Node Type": "Nested Loop", "Parent Relationship": "Outer", "Join Type": "Inner", "Startup Cost": 4.28, "Total Cost": 128737.27, "Plan Rows": 11032, "Plan Width": 16, "Actual Startup Time": 0.452, "Actual Total Time": 956.649, "Actual Rows": 60021, "Actual Loops": 1, "Inner Unique": false, "Plans": [{"Node Type": "Seq Scan", "Parent Relationship": "Outer", "Relation Name": "part", "Alias": "part", "Startup Cost": 0.0, "Total Cost": 71944.0, "Plan Rows": 2001, "Plan Width": 8, "Actual Startup Time": 0.326, "Actual Total Time": 769.994, "Actual Rows": 2003, "Actual Loops": 1, "Filter": "((p_brand = 'Brand#44'::bpchar) AND (p_container = 'WRAP PKG'::bpchar))", "Rows Removed by Filter": 1997997}, {"Node Type": "Bitmap Heap Scan", "Parent Relationship": "Inner", "Relation Name": "lineitem", "Alias": "lineitem", "Startup Cost": 4.28, "Total Cost": 28.32, "Plan Rows": 6, "Plan Width": 16, "Actual Startup Time": 37.361, "Actual Total Time": 168.811, "Actual Rows": 60021, "Actual Loops": 2003, "Recheck Cond": "(l_partkey = public.part.p_partkey)", "Rows Removed by Index Recheck": 0, "Exact Heap Blocks": 60018, "Lossy Heap Blocks": 60018, "Plans": [{"Node Type": "Bitmap Index Scan", "Parent Relationship": "Outer", "Index Name": "idx_lineitem_part_supp", "Startup Cost": 0.0, "Total Cost": 4.28, "Plan Rows": 6, "Plan Width": 0, "Actual Startup Time": 24.108, "Actual Total Time": 24.108, "Actual Rows": 60021, "Actual Loops": 2003, "Index Cond": "(l_partkey = public.part.p_partkey)"}]}]}]}]}]}]}, {"Node Type": "Bitmap Heap Scan", "Parent Relationship": "Inner", "Relation Name": "lineitem", "Alias": "lineitem", "Startup Cost": 4.22, "Total Cost": 28.29, "Plan Rows": 2, "Plan Width": 24, "Actual Startup Time": 98.408, "Actual Total Time": 221.153, "Actual Rows": 5403, "Actual Loops": 2003, "Recheck Cond": "(l_partkey = subquery.\"?column?\")", "Rows Removed by Index Recheck": 0, "Filter": "(l_quantity < (.2::double precision * subquery.\"?column?\"))", "Rows Removed by Filter": 54618, "Exact Heap Blocks": 60018, "Lossy Heap Blocks": 60018, "Plans": [{"Node Type": "Bitmap Index Scan", "Parent Relationship": "Outer", "Index Name": "idx_lineitem_part_supp", "Startup Cost": 0.0, "Total Cost": 4.22, "Plan Rows": 6, "Plan Width": 0, "Actual Startup Time": 26.977, "Actual Total Time": 26.977, "Actual Rows": 60021, "Actual Loops": 2003, "Index Cond": "(l_partkey = subquery.\"?column?\")"}]}]}]}, "Triggers": [], "Planner Runtime": 1.261, "Total Runtime": 2034.375, "Unique SQL Id": 1080450481}}, "(1, 67)": {"explain_plan": {"Plan": {"Node Type": "Aggregate", "Strategy": "Plain", "Startup Cost": 1001032279502.61, "Total Cost": 1001032279502.62, "Plan Rows": 1, "Plan Width": 16, "Plans": [{"Node Type": "Nested Loop", "Parent Relationship": "Outer", "Join Type": "Inner", "Startup Cost": 10000000004.74, "Total Cost": 1001032279500.6, "Plan Rows": 806, "Plan Width": 8, "Inner Unique": true, "Join Filter": "(public.lineitem.l_partkey = public.part.p_partkey)", "Plans": [{"Node Type": "Nested Loop", "Parent Relationship": "Outer", "Join Type": "Inner", "Startup Cost": 10000000004.48, "Total Cost": 1001032192561.0, "Plan Rows": 20274, "Plan Width": 24, "Inner Unique": false, "Plans": [{"Node Type": "Aggregate", "Strategy": "Sorted", "Parent Relationship": "Outer", "Startup Cost": 10000000000.26, "Total Cost": 1001031880124.59, "Plan Rows": 11032, "Plan Width": 80, "Group By Key": ["public.lineitem.l_partkey"], "Plans": [{"Node Type": "Nested Loop", "Parent Relationship": "Outer", "Join Type": "Semi", "Startup Cost": 10000000000.26, "Total Cost": 1001031879848.79, "Plan Rows": 11032, "Plan Width": 16, "Inner Unique": false, "Plans": [{"Node Type": "Index Scan", "Parent Relationship": "Outer", "Scan Direction": "Forward", "Index Name": "idx_lineitem_part_supp", "Relation Name": "lineitem", "Alias": "lineitem", "Startup Cost": 10000000000.0, "Total Cost": 1000775391319.64, "Plan Rows": 59987033, "Plan Width": 16}, {"Node Type": "Bitmap Heap Scan", "Parent Relationship": "Inner", "Relation Name": "part", "Alias": "part", "Startup Cost": 0.26, "Total Cost": 4.28, "Plan Rows": 1, "Plan Width": 8, "Recheck Cond": "(p_partkey = public.lineitem.l_partkey)", "Filter": "((p_brand = 'Brand#44'::bpchar) AND (p_container = 'WRAP PKG'::bpchar))", "Plans": [{"Node Type": "Bitmap Index Scan", "Parent Relationship": "Outer", "Index Name": "part_kpey", "Startup Cost": 0.0, "Total Cost": 0.26, "Plan Rows": 1, "Plan Width": 0, "Index Cond": "(p_partkey = public.lineitem.l_partkey)"}]}]}]}, {"Node Type": "Bitmap Heap Scan", "Parent Relationship": "Inner", "Relation Name": "lineitem", "Alias": "lineitem", "Startup Cost": 4.22, "Total Cost": 28.29, "Plan Rows": 2, "Plan Width": 24, "Recheck Cond": "(l_partkey = public.lineitem.l_partkey)", "Filter": "(l_quantity < (.2::double precision * (avg(public.lineitem.l_quantity))))", "Plans": [{"Node Type": "Bitmap Index Scan", "Parent Relationship": "Outer", "Index Name": "idx_lineitem_part_supp", "Startup Cost": 0.0, "Total Cost": 4.22, "Plan Rows": 6, "Plan Width": 0, "Index Cond": "(l_partkey = public.lineitem.l_partkey)"}]}]}, {"Node Type": "Bitmap Heap Scan", "Parent Relationship": "Inner", "Relation Name": "part", "Alias": "part", "Startup Cost": 0.26, "Total Cost": 4.28, "Plan Rows": 1, "Plan Width": 8, "Recheck Cond": "(p_partkey = public.lineitem.l_partkey)", "Filter": "((p_brand = 'Brand#44'::bpchar) AND (p_container = 'WRAP PKG'::bpchar))", "Plans": [{"Node Type": "Bitmap Index Scan", "Parent Relationship": "Outer", "Index Name": "part_kpey", "Startup Cost": 0.0, "Total Cost": 0.26, "Plan Rows": 1, "Plan Width": 0, "Index Cond": "(p_partkey = public.lineitem.l_partkey)"}]}]}]}, "Unique SQL Id": 1080450481}, "explain_analyze_plan": null}, "(1, 68)": {"explain_plan": {"Plan": {"Node Type": "Aggregate", "Strategy": "Plain", "Startup Cost": 208324.62, "Total Cost": 208324.63, "Plan Rows": 1, "Plan Width": 16, "Plans": [{"Node Type": "Nested Loop", "Parent Relationship": "Outer", "Join Type": "Inner", "Startup Cost": 128691.05, "Total Cost": 208322.6, "Plan Rows": 806, "Plan Width": 8, "Inner Unique": false, "Plans": [{"Node Type": "Nested Loop", "Parent Relationship": "Outer", "Join Type": "Inner", "Startup Cost": 128691.05, "Total Cost": 196146.55, "Plan Rows": 438, "Plan Width": 24, "Inner Unique": true, "Plans": [{"Node Type": "Aggregate", "Strategy": "Hashed", "Parent Relationship": "Outer", "Startup Cost": 128691.05, "Total Cost": 128884.11, "Plan Rows": 11032, "Plan Width": 16, "Group By Key": ["public.lineitem.l_partkey"], "Plans": [{"Node Type": "Nested Loop", "Parent Relationship": "Outer", "Join Type": "Inner", "Startup Cost": 0.0, "Total Cost": 128608.31, "Plan Rows": 11032, "Plan Width": 16, "Inner Unique": false, "Plans": [{"Node Type": "Seq Scan", "Parent Relationship": "Outer", "Relation Name": "part", "Alias": "part", "Startup Cost": 0.0, "Total Cost": 71944.0, "Plan Rows": 2001, "Plan Width": 8, "Filter": "((p_brand = 'Brand#44'::bpchar) AND (p_container = 'WRAP PKG'::bpchar))"}, {"Node Type": "Index Scan", "Parent Relationship": "Inner", "Scan Direction": "Forward", "Index Name": "idx_lineitem_part_supp", "Relation Name": "lineitem", "Alias": "lineitem", "Startup Cost": 0.0, "Total Cost": 28.26, "Plan Rows": 6, "Plan Width": 16, "Index Cond": "(l_partkey = public.part.p_partkey)"}]}]}, {"Node Type": "Index Scan", "Parent Relationship": "Inner", "Scan Direction": "Forward", "Index Name": "part_kpey", "Relation Name": "part", "Alias": "part", "Startup Cost": 0.0, "Total Cost": 6.08, "Plan Rows": 1, "Plan Width": 8, "Index Cond": "(p_partkey = public.lineitem.l_partkey)", "Filter": "((p_brand = 'Brand#44'::bpchar) AND (p_container = 'WRAP PKG'::bpchar))"}]}, {"Node Type": "Index Scan", "Parent Relationship": "Inner", "Scan Direction": "Forward", "Index Name": "idx_lineitem_part_supp", "Relation Name": "lineitem", "Alias": "lineitem", "Startup Cost": 0.0, "Total Cost": 27.78, "Plan Rows": 2, "Plan Width": 24, "Index Cond": "(l_partkey = public.lineitem.l_partkey)", "Filter": "(l_quantity < (.2::double precision * (avg(public.lineitem.l_quantity))))"}]}]}, "Unique SQL Id": 1080450481}, "explain_analyze_plan": {"Plan": {"Node Type": "Aggregate", "Strategy": "Plain", "Startup Cost": 208324.62, "Total Cost": 208324.63, "Plan Rows": 1, "Plan Width": 16, "Actual Startup Time": 1125.155, "Actual Total Time": 1125.155, "Actual Rows": 1, "Actual Loops": 1, "Plans": [{"Node Type": "Nested Loop", "Parent Relationship": "Outer", "Join Type": "Inner", "Startup Cost": 128691.05, "Total Cost": 208322.6, "Plan Rows": 806, "Plan Width": 8, "Actual Startup Time": 968.471, "Actual Total Time": 1124.094, "Actual Rows": 5403, "Actual Loops": 1, "Inner Unique": false, "Plans": [{"Node Type": "Nested Loop", "Parent Relationship": "Outer", "Join Type": "Inner", "Startup Cost": 128691.05, "Total Cost": 196146.55, "Plan Rows": 438, "Plan Width": 24, "Actual Startup Time": 968.443, "Actual Total Time": 984.459, "Actual Rows": 2003, "Actual Loops": 1, "Inner Unique": true, "Plans": [{"Node Type": "Aggregate", "Strategy": "Hashed", "Parent Relationship": "Outer", "Startup Cost": 128691.05, "Total Cost": 128884.11, "Plan Rows": 11032, "Plan Width": 16, "Actual Startup Time": 968.416, "Actual Total Time": 969.922, "Actual Rows": 2003, "Actual Loops": 1, "Group By Key": ["public.lineitem.l_partkey"], "Plans": [{"Node Type": "Nested Loop", "Parent Relationship": "Outer", "Join Type": "Inner", "Startup Cost": 0.0, "Total Cost": 128608.31, "Plan Rows": 11032, "Plan Width": 16, "Actual Startup Time": 0.373, "Actual Total Time": 927.032, "Actual Rows": 60021, "Actual Loops": 1, "Inner Unique": false, "Plans": [{"Node Type": "Seq Scan", "Parent Relationship": "Outer", "Relation Name": "part", "Alias": "part", "Startup Cost": 0.0, "Total Cost": 71944.0, "Plan Rows": 2001, "Plan Width": 8, "Actual Startup Time": 0.35, "Actual Total Time": 770.343, "Actual Rows": 2003, "Actual Loops": 1, "Filter": "((p_brand = 'Brand#44'::bpchar) AND (p_container = 'WRAP PKG'::bpchar))", "Rows Removed by Filter": 1997997}, {"Node Type": "Index Scan", "Parent Relationship": "Inner", "Scan Direction": "Forward", "Index Name": "idx_lineitem_part_supp", "Relation Name": "lineitem", "Alias": "lineitem", "Startup Cost": 0.0, "Total Cost": 28.26, "Plan Rows": 6, "Plan Width": 16, "Actual Startup Time": 21.245, "Actual Total Time": 142.059, "Actual Rows": 60021, "Actual Loops": 2003, "Index Cond": "(l_partkey = public.part.p_partkey)", "Rows Removed by Index Recheck": 0}]}]}, {"Node Type": "Index Scan", "Parent Relationship": "Inner", "Scan Direction": "Forward", "Index Name": "part_kpey", "Relation Name": "part", "Alias": "part", "Startup Cost": 0.0, "Total Cost": 6.08, "Plan Rows": 1, "Plan Width": 8, "Actual Startup Time": 12.854, "Actual Total Time": 12.854, "Actual Rows": 2003, "Actual Loops": 2003, "Index Cond": "(p_partkey = public.lineitem.l_partkey)", "Rows Removed by Index Recheck": 0, "Filter": "((p_brand = 'Brand#44'::bpchar) AND (p_container = 'WRAP PKG'::bpchar))", "Rows Removed by Filter": 0}]}, {"Node Type": "Index Scan", "Parent Relationship": "Inner", "Scan Direction": "Forward", "Index Name": "idx_lineitem_part_supp", "Relation Name": "lineitem", "Alias": "lineitem", "Startup Cost": 0.0, "Total Cost": 27.78, "Plan Rows": 2, "Plan Width": 24, "Actual Startup Time": 57.238, "Actual Total Time": 137.264, "Actual Rows": 5403, "Actual Loops": 2003, "Index Cond": "(l_partkey = public.lineitem.l_partkey)", "Rows Removed by Index Recheck": 0, "Filter": "(l_quantity < (.2::double precision * (avg(public.lineitem.l_quantity))))", "Rows Removed by Filter": 54618}]}]}, "Triggers": [], "Planner Runtime": 1.327, "Total Runtime": 1125.393, "Unique SQL Id": 1080450481}}, "(1, 69)": {"explain_plan": {"Plan": {"Node Type": "Aggregate", "Strategy": "Plain", "Startup Cost": 247183.87, "Total Cost": 247183.88, "Plan Rows": 1, "Plan Width": 16, "Plans": [{"Node Type": "Nested Loop", "Parent Relationship": "Outer", "Join Type": "Inner", "Startup Cost": 0.0, "Total Cost": 247181.85, "Plan Rows": 806, "Plan Width": 8, "Inner Unique": false, "Plans": [{"Node Type": "Nested Loop", "Parent Relationship": "Outer", "Join Type": "Inner", "Startup Cost": 0.0, "Total Cost": 235005.8, "Plan Rows": 438, "Plan Width": 24, "Inner Unique": true, "Plans": [{"Node Type": "Aggregate", "Strategy": "Sorted", "Parent Relationship": "Outer", "Startup Cost": 0.0, "Total Cost": 167743.36, "Plan Rows": 11032, "Plan Width": 80, "Group By Key": ["public.lineitem.l_partkey"], "Plans": [{"Node Type": "Nested Loop", "Parent Relationship": "Outer", "Join Type": "Inner", "Startup Cost": 0.0, "Total Cost": 167467.56, "Plan Rows": 11032, "Plan Width": 16, "Inner Unique": false, "Plans": [{"Node Type": "Index Scan", "Parent Relationship": "Outer", "Scan Direction": "Forward", "Index Name": "part_kpey", "Relation Name": "part", "Alias": "part", "Startup Cost": 0.0, "Total Cost": 110803.25, "Plan Rows": 2001, "Plan Width": 8, "Filter": "((p_brand = 'Brand#44'::bpchar) AND (p_container = 'WRAP PKG'::bpchar))"}, {"Node Type": "Index Scan", "Parent Relationship": "Inner", "Scan Direction": "Forward", "Index Name": "idx_lineitem_part_supp", "Relation Name": "lineitem", "Alias": "lineitem", "Startup Cost": 0.0, "Total Cost": 28.26, "Plan Rows": 6, "Plan Width": 16, "Index Cond": "(l_partkey = public.part.p_partkey)"}]}]}, {"Node Type": "Index Scan", "Parent Relationship": "Inner", "Scan Direction": "Forward", "Index Name": "part_kpey", "Relation Name": "part", "Alias": "part", "Startup Cost": 0.0, "Total Cost": 6.08, "Plan Rows": 1, "Plan Width": 8, "Index Cond": "(p_partkey = public.lineitem.l_partkey)", "Filter": "((p_brand = 'Brand#44'::bpchar) AND (p_container = 'WRAP PKG'::bpchar))"}]}, {"Node Type": "Index Scan", "Parent Relationship": "Inner", "Scan Direction": "Forward", "Index Name": "idx_lineitem_part_supp", "Relation Name": "lineitem", "Alias": "lineitem", "Startup Cost": 0.0, "Total Cost": 27.78, "Plan Rows": 2, "Plan Width": 24, "Index Cond": "(l_partkey = public.lineitem.l_partkey)", "Filter": "(l_quantity < (.2::double precision * (avg(public.lineitem.l_quantity))))"}]}]}, "Unique SQL Id": 1080450481}, "explain_analyze_plan": {"Plan": {"Node Type": "Aggregate", "Strategy": "Plain", "Startup Cost": 247183.87, "Total Cost": 247183.88, "Plan Rows": 1, "Plan Width": 16, "Actual Startup Time": 1657.115, "Actual Total Time": 1657.115, "Actual Rows": 1, "Actual Loops": 1, "Plans": [{"Node Type": "Nested Loop", "Parent Relationship": "Outer", "Join Type": "Inner", "Startup Cost": 0.0, "Total Cost": 247181.85, "Plan Rows": 806, "Plan Width": 8, "Actual Startup Time": 1.741, "Actual Total Time": 1655.898, "Actual Rows": 5403, "Actual Loops": 1, "Inner Unique": false, "Plans": [{"Node Type": "Nested Loop", "Parent Relationship": "Outer", "Join Type": "Inner", "Startup Cost": 0.0, "Total Cost": 235005.8, "Plan Rows": 438, "Plan Width": 24, "Actual Startup Time": 1.699, "Actual Total Time": 1576.826, "Actual Rows": 2003, "Actual Loops": 1, "Inner Unique": true, "Plans": [{"Node Type": "Aggregate", "Strategy": "Sorted", "Parent Relationship": "Outer", "Startup Cost": 0.0, "Total Cost": 167743.36, "Plan Rows": 11032, "Plan Width": 80, "Actual Startup Time": 1.686, "Actual Total Time": 1564.989, "Actual Rows": 2003, "Actual Loops": 1, "Group By Key": ["public.lineitem.l_partkey"], "Plans": [{"Node Type": "Nested Loop", "Parent Relationship": "Outer", "Join Type": "Inner", "Startup Cost": 0.0, "Total Cost": 167467.56, "Plan Rows": 11032, "Plan Width": 16, "Actual Startup Time": 0.571, "Actual Total Time": 1531.613, "Actual Rows": 60021, "Actual Loops": 1, "Inner Unique": false, "Plans": [{"Node Type": "Index Scan", "Parent Relationship": "Outer", "Scan Direction": "Forward", "Index Name": "part_kpey", "Relation Name": "part", "Alias": "part", "Startup Cost": 0.0, "Total Cost": 110803.25, "Plan Rows": 2001, "Plan Width": 8, "Actual Startup Time": 0.553, "Actual Total Time": 1347.731, "Actual Rows": 2003, "Actual Loops": 1, "Filter": "((p_brand = 'Brand#44'::bpchar) AND (p_container = 'WRAP PKG'::bpchar))", "Rows Removed by Filter": 1997997}, {"Node Type": "Index Scan", "Parent Relationship": "Inner", "Scan Direction": "Forward", "Index Name": "idx_lineitem_part_supp", "Relation Name": "lineitem", "Alias": "lineitem", "Startup Cost": 0.0, "Total Cost": 28.26, "Plan Rows": 6, "Plan Width": 16, "Actual Startup Time": 23.7, "Actual Total Time": 168.192, "Actual Rows": 60021, "Actual Loops": 2003, "Index Cond": "(l_partkey = public.part.p_partkey)", "Rows Removed by Index Recheck": 0}]}]}, {"Node Type": "Index Scan", "Parent Relationship": "Inner", "Scan Direction": "Forward", "Index Name": "part_kpey", "Relation Name": "part", "Alias": "part", "Startup Cost": 0.0, "Total Cost": 6.08, "Plan Rows": 1, "Plan Width": 8, "Actual Startup Time": 9.266, "Actual Total Time": 9.266, "Actual Rows": 2003, "Actual Loops": 2003, "Index Cond": "(p_partkey = public.lineitem.l_partkey)", "Rows Removed by Index Recheck": 0, "Filter": "((p_brand = 'Brand#44'::bpchar) AND (p_container = 'WRAP PKG'::bpchar))", "Rows Removed by Filter": 0}]}, {"Node Type": "Index Scan", "Parent Relationship": "Inner", "Scan Direction": "Forward", "Index Name": "idx_lineitem_part_supp", "Relation Name": "lineitem", "Alias": "lineitem", "Startup Cost": 0.0, "Total Cost": 27.78, "Plan Rows": 2, "Plan Width": 24, "Actual Startup Time": 33.161, "Actual Total Time": 76.14, "Actual Rows": 5403, "Actual Loops": 2003, "Index Cond": "(l_partkey = public.lineitem.l_partkey)", "Rows Removed by Index Recheck": 0, "Filter": "(l_quantity < (.2::double precision * (avg(public.lineitem.l_quantity))))", "Rows Removed by Filter": 54618}]}]}, "Triggers": [], "Planner Runtime": 1.323, "Total Runtime": 1657.326, "Unique SQL Id": 1080450481}}, "(1, 70)": {"explain_plan": {"Plan": {"Node Type": "Aggregate", "Strategy": "Plain", "Startup Cost": 213754.44, "Total Cost": 213754.45, "Plan Rows": 1, "Plan Width": 16, "Plans": [{"Node Type": "Nested Loop", "Parent Relationship": "Outer", "Join Type": "Inner", "Startup Cost": 129265.51, "Total Cost": 213752.42, "Plan Rows": 806, "Plan Width": 8, "Inner Unique": false, "Plans": [{"Node Type": "Hash Join", "Parent Relationship": "Outer", "Join Type": "Inner", "Startup Cost": 129261.29, "Total Cost": 201352.24, "Plan Rows": 438, "Plan Width": 24, "Inner Unique": true, "Hash Cond": "(public.part.p_partkey = subquery.\"?column?\")", "Plans": [{"Node Type": "Seq Scan", "Parent Relationship": "Outer", "Relation Name": "part", "Alias": "part", "Startup Cost": 0.0, "Total Cost": 71944.0, "Plan Rows": 2001, "Plan Width": 8, "Filter": "((p_brand = 'Brand#44'::bpchar) AND (p_container = 'WRAP PKG'::bpchar))"}, {"Node Type": "Hash", "Parent Relationship": "Inner", "Startup Cost": 129123.39, "Total Cost": 129123.39, "Plan Rows": 11032, "Plan Width": 16, "Plans": [{"Node Type": "Subquery Scan", "Parent Relationship": "Outer", "Alias": "subquery", "Startup Cost": 128820.01, "Total Cost": 129123.39, "Plan Rows": 11032, "Plan Width": 16, "Plans": [{"Node Type": "Aggregate", "Strategy": "Hashed", "Parent Relationship": "Subquery", "Startup Cost": 128820.01, "Total Cost": 129013.07, "Plan Rows": 11032, "Plan Width": 16, "Group By Key": ["public.lineitem.l_partkey"], "Plans": [{"Node Type": "Nested Loop", "Parent Relationship": "Outer", "Join Type": "Inner", "Startup Cost": 4.28, "Total Cost": 128737.27, "Plan Rows": 11032, "Plan Width": 16, "Inner Unique": false, "Plans": [{"Node Type": "Seq Scan", "Parent Relationship": "Outer", "Relation Name": "part", "Alias": "part", "Startup Cost": 0.0, "Total Cost": 71944.0, "Plan Rows": 2001, "Plan Width": 8, "Filter": "((p_brand = 'Brand#44'::bpchar) AND (p_container = 'WRAP PKG'::bpchar))"}, {"Node Type": "Bitmap Heap Scan", "Parent Relationship": "Inner", "Relation Name": "lineitem", "Alias": "lineitem", "Startup Cost": 4.28, "Total Cost": 28.32, "Plan Rows": 6, "Plan Width": 16, "Recheck Cond": "(l_partkey = public.part.p_partkey)", "Plans": [{"Node Type": "Bitmap Index Scan", "Parent Relationship": "Outer", "Index Name": "idx_lineitem_part_supp", "Startup Cost": 0.0, "Total Cost": 4.28, "Plan Rows": 6, "Plan Width": 0, "Index Cond": "(l_partkey = public.part.p_partkey)"}]}]}]}]}]}]}, {"Node Type": "Bitmap Heap Scan", "Parent Relationship": "Inner", "Relation Name": "lineitem", "Alias": "lineitem", "Startup Cost": 4.22, "Total Cost": 28.29, "Plan Rows": 2, "Plan Width": 24, "Recheck Cond": "(l_partkey = subquery.\"?column?\")", "Filter": "(l_quantity < (.2::double precision * subquery.\"?column?\"))", "Plans": [{"Node Type": "Bitmap Index Scan", "Parent Relationship": "Outer", "Index Name": "idx_lineitem_part_supp", "Startup Cost": 0.0, "Total Cost": 4.22, "Plan Rows": 6, "Plan Width": 0, "Index Cond": "(l_partkey = subquery.\"?column?\")"}]}]}]}, "Unique SQL Id": 1080450481}, "explain_analyze_plan": {"Plan": {"Node Type": "Aggregate", "Strategy": "Plain", "Startup Cost": 213754.44, "Total Cost": 213754.45, "Plan Rows": 1, "Plan Width": 16, "Actual Startup Time": 2034.096, "Actual Total Time": 2034.097, "Actual Rows": 1, "Actual Loops": 1, "Plans": [{"Node Type": "Nested Loop", "Parent Relationship": "Outer", "Join Type": "Inner", "Startup Cost": 129265.51, "Total Cost": 213752.42, "Plan Rows": 806, "Plan Width": 8, "Actual Startup Time": 1000.633, "Actual Total Time": 2032.84, "Actual Rows": 5403, "Actual Loops": 1, "Inner Unique": false, "Plans": [{"Node Type": "Hash Join", "Parent Relationship": "Outer", "Join Type": "Inner", "Startup Cost": 129261.29, "Total Cost": 201352.24, "Plan Rows": 438, "Plan Width": 24, "Actual Startup Time": 1000.564, "Actual Total Time": 1805.565, "Actual Rows": 2003, "Actual Loops": 1, "Inner Unique": true, "Hash Cond": "(public.part.p_partkey = subquery.\"?column?\")", "Plans": [{"Node Type": "Seq Scan", "Parent Relationship": "Outer", "Relation Name": "part", "Alias": "part", "Startup Cost": 0.0, "Total Cost": 71944.0, "Plan Rows": 2001, "Plan Width": 8, "Actual Startup Time": 0.374, "Actual Total Time": 802.719, "Actual Rows": 2003, "Actual Loops": 1, "Filter": "((p_brand = 'Brand#44'::bpchar) AND (p_container = 'WRAP PKG'::bpchar))", "Rows Removed by Filter": 1997997}, {"Node Type": "Hash", "Parent Relationship": "Inner", "Startup Cost": 129123.39, "Total Cost": 129123.39, "Plan Rows": 11032, "Plan Width": 16, "Actual Startup Time": 1000.059, "Actual Total Time": 1000.059, "Actual Rows": 2003, "Actual Loops": 1, "Hash Buckets": 32768, "Hash Batches": 1, "Original Hash Batches": 1, "Peak Memory Usage": 94, "Plans": [{"Node Type": "Subquery Scan", "Parent Relationship": "Outer", "Alias": "subquery", "Startup Cost": 128820.01, "Total Cost": 129123.39, "Plan Rows": 11032, "Plan Width": 16, "Actual Startup Time": 998.006, "Actual Total Time": 999.441, "Actual Rows": 2003, "Actual Loops": 1, "Plans": [{"Node Type": "Aggregate", "Strategy": "Hashed", "Parent Relationship": "Subquery", "Startup Cost": 128820.01, "Total Cost": 129013.07, "Plan Rows": 11032, "Plan Width": 16, "Actual Startup Time": 998.004, "Actual Total Time": 999.044, "Actual Rows": 2003, "Actual Loops": 1, "Group By Key": ["public.lineitem.l_partkey"], "Plans": [{"Node Type": "Nested Loop", "Parent Relationship": "Outer", "Join Type": "Inner", "Startup Cost": 4.28, "Total Cost": 128737.27, "Plan Rows": 11032, "Plan Width": 16, "Actual Startup Time": 0.452, "Actual Total Time": 956.649, "Actual Rows": 60021, "Actual Loops": 1, "Inner Unique": false, "Plans": [{"Node Type": "Seq Scan", "Parent Relationship": "Outer", "Relation Name": "part", "Alias": "part", "Startup Cost": 0.0, "Total Cost": 71944.0, "Plan Rows": 2001, "Plan Width": 8, "Actual Startup Time": 0.326, "Actual Total Time": 769.994, "Actual Rows": 2003, "Actual Loops": 1, "Filter": "((p_brand = 'Brand#44'::bpchar) AND (p_container = 'WRAP PKG'::bpchar))", "Rows Removed by Filter": 1997997}, {"Node Type": "Bitmap Heap Scan", "Parent Relationship": "Inner", "Relation Name": "lineitem", "Alias": "lineitem", "Startup Cost": 4.28, "Total Cost": 28.32, "Plan Rows": 6, "Plan Width": 16, "Actual Startup Time": 37.361, "Actual Total Time": 168.811, "Actual Rows": 60021, "Actual Loops": 2003, "Recheck Cond": "(l_partkey = public.part.p_partkey)", "Rows Removed by Index Recheck": 0, "Exact Heap Blocks": 60018, "Lossy Heap Blocks": 60018, "Plans": [{"Node Type": "Bitmap Index Scan", "Parent Relationship": "Outer", "Index Name": "idx_lineitem_part_supp", "Startup Cost": 0.0, "Total Cost": 4.28, "Plan Rows": 6, "Plan Width": 0, "Actual Startup Time": 24.108, "Actual Total Time": 24.108, "Actual Rows": 60021, "Actual Loops": 2003, "Index Cond": "(l_partkey = public.part.p_partkey)"}]}]}]}]}]}]}, {"Node Type": "Bitmap Heap Scan", "Parent Relationship": "Inner", "Relation Name": "lineitem", "Alias": "lineitem", "Startup Cost": 4.22, "Total Cost": 28.29, "Plan Rows": 2, "Plan Width": 24, "Actual Startup Time": 98.408, "Actual Total Time": 221.153, "Actual Rows": 5403, "Actual Loops": 2003, "Recheck Cond": "(l_partkey = subquery.\"?column?\")", "Rows Removed by Index Recheck": 0, "Filter": "(l_quantity < (.2::double precision * subquery.\"?column?\"))", "Rows Removed by Filter": 54618, "Exact Heap Blocks": 60018, "Lossy Heap Blocks": 60018, "Plans": [{"Node Type": "Bitmap Index Scan", "Parent Relationship": "Outer", "Index Name": "idx_lineitem_part_supp", "Startup Cost": 0.0, "Total Cost": 4.22, "Plan Rows": 6, "Plan Width": 0, "Actual Startup Time": 26.977, "Actual Total Time": 26.977, "Actual Rows": 60021, "Actual Loops": 2003, "Index Cond": "(l_partkey = subquery.\"?column?\")"}]}]}]}, "Triggers": [], "Planner Runtime": 1.261, "Total Runtime": 2034.375, "Unique SQL Id": 1080450481}}, "(1, 71)": {"explain_plan": {"Plan": {"Node Type": "Aggregate", "Strategy": "Plain", "Startup Cost": 1001032279502.61, "Total Cost": 1001032279502.62, "Plan Rows": 1, "Plan Width": 16, "Plans": [{"Node Type": "Nested Loop", "Parent Relationship": "Outer", "Join Type": "Inner", "Startup Cost": 10000000004.74, "Total Cost": 1001032279500.6, "Plan Rows": 806, "Plan Width": 8, "Inner Unique": true, "Join Filter": "(public.lineitem.l_partkey = public.part.p_partkey)", "Plans": [{"Node Type": "Nested Loop", "Parent Relationship": "Outer", "Join Type": "Inner", "Startup Cost": 10000000004.48, "Total Cost": 1001032192561.0, "Plan Rows": 20274, "Plan Width": 24, "Inner Unique": false, "Plans": [{"Node Type": "Aggregate", "Strategy": "Sorted", "Parent Relationship": "Outer", "Startup Cost": 10000000000.26, "Total Cost": 1001031880124.59, "Plan Rows": 11032, "Plan Width": 80, "Group By Key": ["public.lineitem.l_partkey"], "Plans": [{"Node Type": "Nested Loop", "Parent Relationship": "Outer", "Join Type": "Semi", "Startup Cost": 10000000000.26, "Total Cost": 1001031879848.79, "Plan Rows": 11032, "Plan Width": 16, "Inner Unique": false, "Plans": [{"Node Type": "Index Scan", "Parent Relationship": "Outer", "Scan Direction": "Forward", "Index Name": "idx_lineitem_part_supp", "Relation Name": "lineitem", "Alias": "lineitem", "Startup Cost": 10000000000.0, "Total Cost": 1000775391319.64, "Plan Rows": 59987033, "Plan Width": 16}, {"Node Type": "Bitmap Heap Scan", "Parent Relationship": "Inner", "Relation Name": "part", "Alias": "part", "Startup Cost": 0.26, "Total Cost": 4.28, "Plan Rows": 1, "Plan Width": 8, "Recheck Cond": "(p_partkey = public.lineitem.l_partkey)", "Filter": "((p_brand = 'Brand#44'::bpchar) AND (p_container = 'WRAP PKG'::bpchar))", "Plans": [{"Node Type": "Bitmap Index Scan", "Parent Relationship": "Outer", "Index Name": "part_kpey", "Startup Cost": 0.0, "Total Cost": 0.26, "Plan Rows": 1, "Plan Width": 0, "Index Cond": "(p_partkey = public.lineitem.l_partkey)"}]}]}]}, {"Node Type": "Bitmap Heap Scan", "Parent Relationship": "Inner", "Relation Name": "lineitem", "Alias": "lineitem", "Startup Cost": 4.22, "Total Cost": 28.29, "Plan Rows": 2, "Plan Width": 24, "Recheck Cond": "(l_partkey = public.lineitem.l_partkey)", "Filter": "(l_quantity < (.2::double precision * (avg(public.lineitem.l_quantity))))", "Plans": [{"Node Type": "Bitmap Index Scan", "Parent Relationship": "Outer", "Index Name": "idx_lineitem_part_supp", "Startup Cost": 0.0, "Total Cost": 4.22, "Plan Rows": 6, "Plan Width": 0, "Index Cond": "(l_partkey = public.lineitem.l_partkey)"}]}]}, {"Node Type": "Bitmap Heap Scan", "Parent Relationship": "Inner", "Relation Name": "part", "Alias": "part", "Startup Cost": 0.26, "Total Cost": 4.28, "Plan Rows": 1, "Plan Width": 8, "Recheck Cond": "(p_partkey = public.lineitem.l_partkey)", "Filter": "((p_brand = 'Brand#44'::bpchar) AND (p_container = 'WRAP PKG'::bpchar))", "Plans": [{"Node Type": "Bitmap Index Scan", "Parent Relationship": "Outer", "Index Name": "part_kpey", "Startup Cost": 0.0, "Total Cost": 0.26, "Plan Rows": 1, "Plan Width": 0, "Index Cond": "(p_partkey = public.lineitem.l_partkey)"}]}]}]}, "Unique SQL Id": 1080450481}, "explain_analyze_plan": null}, "(1, 72)": {"explain_plan": {"Plan": {"Node Type": "Aggregate", "Strategy": "Plain", "Startup Cost": 208324.62, "Total Cost": 208324.63, "Plan Rows": 1, "Plan Width": 16, "Plans": [{"Node Type": "Nested Loop", "Parent Relationship": "Outer", "Join Type": "Inner", "Startup Cost": 128691.05, "Total Cost": 208322.6, "Plan Rows": 806, "Plan Width": 8, "Inner Unique": false, "Plans": [{"Node Type": "Nested Loop", "Parent Relationship": "Outer", "Join Type": "Inner", "Startup Cost": 128691.05, "Total Cost": 196146.55, "Plan Rows": 438, "Plan Width": 24, "Inner Unique": true, "Plans": [{"Node Type": "Aggregate", "Strategy": "Hashed", "Parent Relationship": "Outer", "Startup Cost": 128691.05, "Total Cost": 128884.11, "Plan Rows": 11032, "Plan Width": 16, "Group By Key": ["public.lineitem.l_partkey"], "Plans": [{"Node Type": "Nested Loop", "Parent Relationship": "Outer", "Join Type": "Inner", "Startup Cost": 0.0, "Total Cost": 128608.31, "Plan Rows": 11032, "Plan Width": 16, "Inner Unique": false, "Plans": [{"Node Type": "Seq Scan", "Parent Relationship": "Outer", "Relation Name": "part", "Alias": "part", "Startup Cost": 0.0, "Total Cost": 71944.0, "Plan Rows": 2001, "Plan Width": 8, "Filter": "((p_brand = 'Brand#44'::bpchar) AND (p_container = 'WRAP PKG'::bpchar))"}, {"Node Type": "Index Scan", "Parent Relationship": "Inner", "Scan Direction": "Forward", "Index Name": "idx_lineitem_part_supp", "Relation Name": "lineitem", "Alias": "lineitem", "Startup Cost": 0.0, "Total Cost": 28.26, "Plan Rows": 6, "Plan Width": 16, "Index Cond": "(l_partkey = public.part.p_partkey)"}]}]}, {"Node Type": "Index Scan", "Parent Relationship": "Inner", "Scan Direction": "Forward", "Index Name": "part_kpey", "Relation Name": "part", "Alias": "part", "Startup Cost": 0.0, "Total Cost": 6.08, "Plan Rows": 1, "Plan Width": 8, "Index Cond": "(p_partkey = public.lineitem.l_partkey)", "Filter": "((p_brand = 'Brand#44'::bpchar) AND (p_container = 'WRAP PKG'::bpchar))"}]}, {"Node Type": "Index Scan", "Parent Relationship": "Inner", "Scan Direction": "Forward", "Index Name": "idx_lineitem_part_supp", "Relation Name": "lineitem", "Alias": "lineitem", "Startup Cost": 0.0, "Total Cost": 27.78, "Plan Rows": 2, "Plan Width": 24, "Index Cond": "(l_partkey = public.lineitem.l_partkey)", "Filter": "(l_quantity < (.2::double precision * (avg(public.lineitem.l_quantity))))"}]}]}, "Unique SQL Id": 1080450481}, "explain_analyze_plan": {"Plan": {"Node Type": "Aggregate", "Strategy": "Plain", "Startup Cost": 208324.62, "Total Cost": 208324.63, "Plan Rows": 1, "Plan Width": 16, "Actual Startup Time": 1125.155, "Actual Total Time": 1125.155, "Actual Rows": 1, "Actual Loops": 1, "Plans": [{"Node Type": "Nested Loop", "Parent Relationship": "Outer", "Join Type": "Inner", "Startup Cost": 128691.05, "Total Cost": 208322.6, "Plan Rows": 806, "Plan Width": 8, "Actual Startup Time": 968.471, "Actual Total Time": 1124.094, "Actual Rows": 5403, "Actual Loops": 1, "Inner Unique": false, "Plans": [{"Node Type": "Nested Loop", "Parent Relationship": "Outer", "Join Type": "Inner", "Startup Cost": 128691.05, "Total Cost": 196146.55, "Plan Rows": 438, "Plan Width": 24, "Actual Startup Time": 968.443, "Actual Total Time": 984.459, "Actual Rows": 2003, "Actual Loops": 1, "Inner Unique": true, "Plans": [{"Node Type": "Aggregate", "Strategy": "Hashed", "Parent Relationship": "Outer", "Startup Cost": 128691.05, "Total Cost": 128884.11, "Plan Rows": 11032, "Plan Width": 16, "Actual Startup Time": 968.416, "Actual Total Time": 969.922, "Actual Rows": 2003, "Actual Loops": 1, "Group By Key": ["public.lineitem.l_partkey"], "Plans": [{"Node Type": "Nested Loop", "Parent Relationship": "Outer", "Join Type": "Inner", "Startup Cost": 0.0, "Total Cost": 128608.31, "Plan Rows": 11032, "Plan Width": 16, "Actual Startup Time": 0.373, "Actual Total Time": 927.032, "Actual Rows": 60021, "Actual Loops": 1, "Inner Unique": false, "Plans": [{"Node Type": "Seq Scan", "Parent Relationship": "Outer", "Relation Name": "part", "Alias": "part", "Startup Cost": 0.0, "Total Cost": 71944.0, "Plan Rows": 2001, "Plan Width": 8, "Actual Startup Time": 0.35, "Actual Total Time": 770.343, "Actual Rows": 2003, "Actual Loops": 1, "Filter": "((p_brand = 'Brand#44'::bpchar) AND (p_container = 'WRAP PKG'::bpchar))", "Rows Removed by Filter": 1997997}, {"Node Type": "Index Scan", "Parent Relationship": "Inner", "Scan Direction": "Forward", "Index Name": "idx_lineitem_part_supp", "Relation Name": "lineitem", "Alias": "lineitem", "Startup Cost": 0.0, "Total Cost": 28.26, "Plan Rows": 6, "Plan Width": 16, "Actual Startup Time": 21.245, "Actual Total Time": 142.059, "Actual Rows": 60021, "Actual Loops": 2003, "Index Cond": "(l_partkey = public.part.p_partkey)", "Rows Removed by Index Recheck": 0}]}]}, {"Node Type": "Index Scan", "Parent Relationship": "Inner", "Scan Direction": "Forward", "Index Name": "part_kpey", "Relation Name": "part", "Alias": "part", "Startup Cost": 0.0, "Total Cost": 6.08, "Plan Rows": 1, "Plan Width": 8, "Actual Startup Time": 12.854, "Actual Total Time": 12.854, "Actual Rows": 2003, "Actual Loops": 2003, "Index Cond": "(p_partkey = public.lineitem.l_partkey)", "Rows Removed by Index Recheck": 0, "Filter": "((p_brand = 'Brand#44'::bpchar) AND (p_container = 'WRAP PKG'::bpchar))", "Rows Removed by Filter": 0}]}, {"Node Type": "Index Scan", "Parent Relationship": "Inner", "Scan Direction": "Forward", "Index Name": "idx_lineitem_part_supp", "Relation Name": "lineitem", "Alias": "lineitem", "Startup Cost": 0.0, "Total Cost": 27.78, "Plan Rows": 2, "Plan Width": 24, "Actual Startup Time": 57.238, "Actual Total Time": 137.264, "Actual Rows": 5403, "Actual Loops": 2003, "Index Cond": "(l_partkey = public.lineitem.l_partkey)", "Rows Removed by Index Recheck": 0, "Filter": "(l_quantity < (.2::double precision * (avg(public.lineitem.l_quantity))))", "Rows Removed by Filter": 54618}]}]}, "Triggers": [], "Planner Runtime": 1.327, "Total Runtime": 1125.393, "Unique SQL Id": 1080450481}}, "(1, 73)": {"explain_plan": {"Plan": {"Node Type": "Aggregate", "Strategy": "Plain", "Startup Cost": 247183.87, "Total Cost": 247183.88, "Plan Rows": 1, "Plan Width": 16, "Plans": [{"Node Type": "Nested Loop", "Parent Relationship": "Outer", "Join Type": "Inner", "Startup Cost": 0.0, "Total Cost": 247181.85, "Plan Rows": 806, "Plan Width": 8, "Inner Unique": false, "Plans": [{"Node Type": "Nested Loop", "Parent Relationship": "Outer", "Join Type": "Inner", "Startup Cost": 0.0, "Total Cost": 235005.8, "Plan Rows": 438, "Plan Width": 24, "Inner Unique": true, "Plans": [{"Node Type": "Aggregate", "Strategy": "Sorted", "Parent Relationship": "Outer", "Startup Cost": 0.0, "Total Cost": 167743.36, "Plan Rows": 11032, "Plan Width": 80, "Group By Key": ["public.lineitem.l_partkey"], "Plans": [{"Node Type": "Nested Loop", "Parent Relationship": "Outer", "Join Type": "Inner", "Startup Cost": 0.0, "Total Cost": 167467.56, "Plan Rows": 11032, "Plan Width": 16, "Inner Unique": false, "Plans": [{"Node Type": "Index Scan", "Parent Relationship": "Outer", "Scan Direction": "Forward", "Index Name": "part_kpey", "Relation Name": "part", "Alias": "part", "Startup Cost": 0.0, "Total Cost": 110803.25, "Plan Rows": 2001, "Plan Width": 8, "Filter": "((p_brand = 'Brand#44'::bpchar) AND (p_container = 'WRAP PKG'::bpchar))"}, {"Node Type": "Index Scan", "Parent Relationship": "Inner", "Scan Direction": "Forward", "Index Name": "idx_lineitem_part_supp", "Relation Name": "lineitem", "Alias": "lineitem", "Startup Cost": 0.0, "Total Cost": 28.26, "Plan Rows": 6, "Plan Width": 16, "Index Cond": "(l_partkey = public.part.p_partkey)"}]}]}, {"Node Type": "Index Scan", "Parent Relationship": "Inner", "Scan Direction": "Forward", "Index Name": "part_kpey", "Relation Name": "part", "Alias": "part", "Startup Cost": 0.0, "Total Cost": 6.08, "Plan Rows": 1, "Plan Width": 8, "Index Cond": "(p_partkey = public.lineitem.l_partkey)", "Filter": "((p_brand = 'Brand#44'::bpchar) AND (p_container = 'WRAP PKG'::bpchar))"}]}, {"Node Type": "Index Scan", "Parent Relationship": "Inner", "Scan Direction": "Forward", "Index Name": "idx_lineitem_part_supp", "Relation Name": "lineitem", "Alias": "lineitem", "Startup Cost": 0.0, "Total Cost": 27.78, "Plan Rows": 2, "Plan Width": 24, "Index Cond": "(l_partkey = public.lineitem.l_partkey)", "Filter": "(l_quantity < (.2::double precision * (avg(public.lineitem.l_quantity))))"}]}]}, "Unique SQL Id": 1080450481}, "explain_analyze_plan": {"Plan": {"Node Type": "Aggregate", "Strategy": "Plain", "Startup Cost": 247183.87, "Total Cost": 247183.88, "Plan Rows": 1, "Plan Width": 16, "Actual Startup Time": 1657.115, "Actual Total Time": 1657.115, "Actual Rows": 1, "Actual Loops": 1, "Plans": [{"Node Type": "Nested Loop", "Parent Relationship": "Outer", "Join Type": "Inner", "Startup Cost": 0.0, "Total Cost": 247181.85, "Plan Rows": 806, "Plan Width": 8, "Actual Startup Time": 1.741, "Actual Total Time": 1655.898, "Actual Rows": 5403, "Actual Loops": 1, "Inner Unique": false, "Plans": [{"Node Type": "Nested Loop", "Parent Relationship": "Outer", "Join Type": "Inner", "Startup Cost": 0.0, "Total Cost": 235005.8, "Plan Rows": 438, "Plan Width": 24, "Actual Startup Time": 1.699, "Actual Total Time": 1576.826, "Actual Rows": 2003, "Actual Loops": 1, "Inner Unique": true, "Plans": [{"Node Type": "Aggregate", "Strategy": "Sorted", "Parent Relationship": "Outer", "Startup Cost": 0.0, "Total Cost": 167743.36, "Plan Rows": 11032, "Plan Width": 80, "Actual Startup Time": 1.686, "Actual Total Time": 1564.989, "Actual Rows": 2003, "Actual Loops": 1, "Group By Key": ["public.lineitem.l_partkey"], "Plans": [{"Node Type": "Nested Loop", "Parent Relationship": "Outer", "Join Type": "Inner", "Startup Cost": 0.0, "Total Cost": 167467.56, "Plan Rows": 11032, "Plan Width": 16, "Actual Startup Time": 0.571, "Actual Total Time": 1531.613, "Actual Rows": 60021, "Actual Loops": 1, "Inner Unique": false, "Plans": [{"Node Type": "Index Scan", "Parent Relationship": "Outer", "Scan Direction": "Forward", "Index Name": "part_kpey", "Relation Name": "part", "Alias": "part", "Startup Cost": 0.0, "Total Cost": 110803.25, "Plan Rows": 2001, "Plan Width": 8, "Actual Startup Time": 0.553, "Actual Total Time": 1347.731, "Actual Rows": 2003, "Actual Loops": 1, "Filter": "((p_brand = 'Brand#44'::bpchar) AND (p_container = 'WRAP PKG'::bpchar))", "Rows Removed by Filter": 1997997}, {"Node Type": "Index Scan", "Parent Relationship": "Inner", "Scan Direction": "Forward", "Index Name": "idx_lineitem_part_supp", "Relation Name": "lineitem", "Alias": "lineitem", "Startup Cost": 0.0, "Total Cost": 28.26, "Plan Rows": 6, "Plan Width": 16, "Actual Startup Time": 23.7, "Actual Total Time": 168.192, "Actual Rows": 60021, "Actual Loops": 2003, "Index Cond": "(l_partkey = public.part.p_partkey)", "Rows Removed by Index Recheck": 0}]}]}, {"Node Type": "Index Scan", "Parent Relationship": "Inner", "Scan Direction": "Forward", "Index Name": "part_kpey", "Relation Name": "part", "Alias": "part", "Startup Cost": 0.0, "Total Cost": 6.08, "Plan Rows": 1, "Plan Width": 8, "Actual Startup Time": 9.266, "Actual Total Time": 9.266, "Actual Rows": 2003, "Actual Loops": 2003, "Index Cond": "(p_partkey = public.lineitem.l_partkey)", "Rows Removed by Index Recheck": 0, "Filter": "((p_brand = 'Brand#44'::bpchar) AND (p_container = 'WRAP PKG'::bpchar))", "Rows Removed by Filter": 0}]}, {"Node Type": "Index Scan", "Parent Relationship": "Inner", "Scan Direction": "Forward", "Index Name": "idx_lineitem_part_supp", "Relation Name": "lineitem", "Alias": "lineitem", "Startup Cost": 0.0, "Total Cost": 27.78, "Plan Rows": 2, "Plan Width": 24, "Actual Startup Time": 33.161, "Actual Total Time": 76.14, "Actual Rows": 5403, "Actual Loops": 2003, "Index Cond": "(l_partkey = public.lineitem.l_partkey)", "Rows Removed by Index Recheck": 0, "Filter": "(l_quantity < (.2::double precision * (avg(public.lineitem.l_quantity))))", "Rows Removed by Filter": 54618}]}]}, "Triggers": [], "Planner Runtime": 1.323, "Total Runtime": 1657.326, "Unique SQL Id": 1080450481}}, "(1, 74)": {"explain_plan": {"Plan": {"Node Type": "Aggregate", "Strategy": "Plain", "Startup Cost": 4549973.98, "Total Cost": 4549974.0, "Plan Rows": 1, "Plan Width": 16, "Plans": [{"Node Type": "Hash Join", "Parent Relationship": "Outer", "Join Type": "Inner", "Startup Cost": 2309655.28, "Total Cost": 4549971.97, "Plan Rows": 806, "Plan Width": 8, "Inner Unique": true, "Hash Cond": "(public.part.p_partkey = subquery.\"?column?\")", "Join Filter": "(public.lineitem.l_quantity < (.2::double precision * subquery.\"?column?\"))", "Plans": [{"Node Type": "Hash Join", "Parent Relationship": "Outer", "Join Type": "Inner", "Startup Cost": 71969.01, "Total Cost": 2312146.04, "Plan Rows": 11032, "Plan Width": 32, "Inner Unique": true, "Hash Cond": "(public.lineitem.l_partkey = public.part.p_partkey)", "Plans": [{"Node Type": "Seq Scan", "Parent Relationship": "Outer", "Relation Name": "lineitem", "Alias": "lineitem", "Startup Cost": 0.0, "Total Cost": 2015115.33, "Plan Rows": 59987033, "Plan Width": 24}, {"Node Type": "Hash", "Parent Relationship": "Inner", "Startup Cost": 71944.0, "Total Cost": 71944.0, "Plan Rows": 2001, "Plan Width": 8, "Plans": [{"Node Type": "Seq Scan", "Parent Relationship": "Outer", "Relation Name": "part", "Alias": "part", "Startup Cost": 0.0, "Total Cost": 71944.0, "Plan Rows": 2001, "Plan Width": 8, "Filter": "((p_brand = 'Brand#44'::bpchar) AND (p_container = 'WRAP PKG'::bpchar))"}]}]}, {"Node Type": "Hash", "Parent Relationship": "Inner", "Startup Cost": 2237548.37, "Total Cost": 2237548.37, "Plan Rows": 11032, "Plan Width": 16, "Plans": [{"Node Type": "Subquery Scan", "Parent Relationship": "Outer", "Alias": "subquery", "Startup Cost": 2237244.99, "Total Cost": 2237548.37, "Plan Rows": 11032, "Plan Width": 16, "Plans": [{"Node Type": "Aggregate", "Strategy": "Hashed", "Parent Relationship": "Subquery", "Startup Cost": 2237244.99, "Total Cost": 2237438.05, "Plan Rows": 11032, "Plan Width": 16, "Group By Key": ["public.lineitem.l_partkey"], "Plans": [{"Node Type": "Hash Join", "Parent Relationship": "Outer", "Join Type": "Inner", "Startup Cost": 71969.01, "Total Cost": 2237162.25, "Plan Rows": 11032, "Plan Width": 16, "Inner Unique": true, "Hash Cond": "(public.lineitem.l_partkey = public.part.p_partkey)", "Plans": [{"Node Type": "Seq Scan", "Parent Relationship": "Outer", "Relation Name": "lineitem", "Alias": "lineitem", "Startup Cost": 0.0, "Total Cost": 2015115.33, "Plan Rows": 59987033, "Plan Width": 16}, {"Node Type": "Hash", "Parent Relationship": "Inner", "Startup Cost": 71944.0, "Total Cost": 71944.0, "Plan Rows": 2001, "Plan Width": 8, "Plans": [{"Node Type": "Seq Scan", "Parent Relationship": "Outer", "Relation Name": "part", "Alias": "part", "Startup Cost": 0.0, "Total Cost": 71944.0, "Plan Rows": 2001, "Plan Width": 8, "Filter": "((p_brand = 'Brand#44'::bpchar) AND (p_container = 'WRAP PKG'::bpchar))"}]}]}]}]}]}]}]}, "Unique SQL Id": 1080450481}, "explain_analyze_plan": null}, "(1, 75)": {"explain_plan": {"Plan": {"Node Type": "Aggregate", "Strategy": "Plain", "Startup Cost": 4001573244062.54, "Total Cost": 4001573244062.55, "Plan Rows": 1, "Plan Width": 16, "Plans": [{"Node Type": "Merge Join", "Parent Relationship": "Outer", "Join Type": "Inner", "Startup Cost": 40000000000.0, "Total Cost": 4001573244060.52, "Plan Rows": 806, "Plan Width": 8, "Inner Unique": true, "Merge Cond": "(public.part.p_partkey = public.lineitem.l_partkey)", "Join Filter": "(public.lineitem.l_quantity < (.2::double precision * (avg(public.lineitem.l_quantity))))", "Plans": [{"Node Type": "Merge Join", "Parent Relationship": "Outer", "Join Type": "Inner", "Startup Cost": 20000000000.0, "Total Cost": 2000786621777.7, "Plan Rows": 11032, "Plan Width": 32, "Inner Unique": true, "Merge Cond": "(public.lineitem.l_partkey = public.part.p_partkey)", "Plans": [{"Node Type": "Index Scan", "Parent Relationship": "Outer", "Scan Direction": "Forward", "Index Name": "idx_lineitem_part_supp", "Relation Name": "lineitem", "Alias": "lineitem", "Startup Cost": 10000000000.0, "Total Cost": 1000775391319.64, "Plan Rows": 59987033, "Plan Width": 24}, {"Node Type": "Materialize", "Parent Relationship": "Inner", "Startup Cost": 10000000000.0, "Total Cost": 1000011080330.0, "Plan Rows": 2001, "Plan Width": 8, "Plans": [{"Node Type": "Index Scan", "Parent Relationship": "Outer", "Scan Direction": "Forward", "Index Name": "part_kpey", "Relation Name": "part", "Alias": "part", "Startup Cost": 10000000000.0, "Total Cost": 1000011080325.0, "Plan Rows": 2001, "Plan Width": 8, "Filter": "((p_brand = 'Brand#44'::bpchar) AND (p_container = 'WRAP PKG'::bpchar))"}]}]}, {"Node Type": "Materialize", "Parent Relationship": "Inner", "Startup Cost": 20000000000.0, "Total Cost": 2000786622191.4, "Plan Rows": 11032, "Plan Width": 16, "Plans": [{"Node Type": "Aggregate", "Strategy": "Sorted", "Parent Relationship": "Outer", "Startup Cost": 20000000000.0, "Total Cost": 2000786622053.5, "Plan Rows": 11032, "Plan Width": 80, "Group By Key": ["public.lineitem.l_partkey"], "Plans": [{"Node Type": "Merge Join", "Parent Relationship": "Outer", "Join Type": "Semi", "Startup Cost": 20000000000.0, "Total Cost": 2000786621777.7, "Plan Rows": 11032, "Plan Width": 16, "Inner Unique": false, "Merge Cond": "(public.lineitem.l_partkey = public.part.p_partkey)", "Plans": [{"Node Type": "Index Scan", "Parent Relationship": "Outer", "Scan Direction": "Forward", "Index Name": "idx_lineitem_part_supp", "Relation Name": "lineitem", "Alias": "lineitem", "Startup Cost": 10000000000.0, "Total Cost": 1000775391319.64, "Plan Rows": 59987033, "Plan Width": 16}, {"Node Type": "Materialize", "Parent Relationship": "Inner", "Startup Cost": 10000000000.0, "Total Cost": 1000011080330.0, "Plan Rows": 2001, "Plan Width": 8, "Plans": [{"Node Type": "Index Scan", "Parent Relationship": "Outer", "Scan Direction": "Forward", "Index Name": "part_kpey", "Relation Name": "part", "Alias": "part", "Startup Cost": 10000000000.0, "Total Cost": 1000011080325.0, "Plan Rows": 2001, "Plan Width": 8, "Filter": "((p_brand = 'Brand#44'::bpchar) AND (p_container = 'WRAP PKG'::bpchar))"}]}]}]}]}]}]}, "Unique SQL Id": 1080450481}, "explain_analyze_plan": null}, "(1, 76)": {"explain_plan": {"Plan": {"Node Type": "Aggregate", "Strategy": "Plain", "Startup Cost": 208324.62, "Total Cost": 208324.63, "Plan Rows": 1, "Plan Width": 16, "Plans": [{"Node Type": "Nested Loop", "Parent Relationship": "Outer", "Join Type": "Inner", "Startup Cost": 128691.05, "Total Cost": 208322.6, "Plan Rows": 806, "Plan Width": 8, "Inner Unique": false, "Plans": [{"Node Type": "Nested Loop", "Parent Relationship": "Outer", "Join Type": "Inner", "Startup Cost": 128691.05, "Total Cost": 196146.55, "Plan Rows": 438, "Plan Width": 24, "Inner Unique": true, "Plans": [{"Node Type": "Aggregate", "Strategy": "Hashed", "Parent Relationship": "Outer", "Startup Cost": 128691.05, "Total Cost": 128884.11, "Plan Rows": 11032, "Plan Width": 16, "Group By Key": ["public.lineitem.l_partkey"], "Plans": [{"Node Type": "Nested Loop", "Parent Relationship": "Outer", "Join Type": "Inner", "Startup Cost": 0.0, "Total Cost": 128608.31, "Plan Rows": 11032, "Plan Width": 16, "Inner Unique": false, "Plans": [{"Node Type": "Seq Scan", "Parent Relationship": "Outer", "Relation Name": "part", "Alias": "part", "Startup Cost": 0.0, "Total Cost": 71944.0, "Plan Rows": 2001, "Plan Width": 8, "Filter": "((p_brand = 'Brand#44'::bpchar) AND (p_container = 'WRAP PKG'::bpchar))"}, {"Node Type": "Index Scan", "Parent Relationship": "Inner", "Scan Direction": "Forward", "Index Name": "idx_lineitem_part_supp", "Relation Name": "lineitem", "Alias": "lineitem", "Startup Cost": 0.0, "Total Cost": 28.26, "Plan Rows": 6, "Plan Width": 16, "Index Cond": "(l_partkey = public.part.p_partkey)"}]}]}, {"Node Type": "Index Scan", "Parent Relationship": "Inner", "Scan Direction": "Forward", "Index Name": "part_kpey", "Relation Name": "part", "Alias": "part", "Startup Cost": 0.0, "Total Cost": 6.08, "Plan Rows": 1, "Plan Width": 8, "Index Cond": "(p_partkey = public.lineitem.l_partkey)", "Filter": "((p_brand = 'Brand#44'::bpchar) AND (p_container = 'WRAP PKG'::bpchar))"}]}, {"Node Type": "Index Scan", "Parent Relationship": "Inner", "Scan Direction": "Forward", "Index Name": "idx_lineitem_part_supp", "Relation Name": "lineitem", "Alias": "lineitem", "Startup Cost": 0.0, "Total Cost": 27.78, "Plan Rows": 2, "Plan Width": 24, "Index Cond": "(l_partkey = public.lineitem.l_partkey)", "Filter": "(l_quantity < (.2::double precision * (avg(public.lineitem.l_quantity))))"}]}]}, "Unique SQL Id": 1080450481}, "explain_analyze_plan": {"Plan": {"Node Type": "Aggregate", "Strategy": "Plain", "Startup Cost": 208324.62, "Total Cost": 208324.63, "Plan Rows": 1, "Plan Width": 16, "Actual Startup Time": 1125.155, "Actual Total Time": 1125.155, "Actual Rows": 1, "Actual Loops": 1, "Plans": [{"Node Type": "Nested Loop", "Parent Relationship": "Outer", "Join Type": "Inner", "Startup Cost": 128691.05, "Total Cost": 208322.6, "Plan Rows": 806, "Plan Width": 8, "Actual Startup Time": 968.471, "Actual Total Time": 1124.094, "Actual Rows": 5403, "Actual Loops": 1, "Inner Unique": false, "Plans": [{"Node Type": "Nested Loop", "Parent Relationship": "Outer", "Join Type": "Inner", "Startup Cost": 128691.05, "Total Cost": 196146.55, "Plan Rows": 438, "Plan Width": 24, "Actual Startup Time": 968.443, "Actual Total Time": 984.459, "Actual Rows": 2003, "Actual Loops": 1, "Inner Unique": true, "Plans": [{"Node Type": "Aggregate", "Strategy": "Hashed", "Parent Relationship": "Outer", "Startup Cost": 128691.05, "Total Cost": 128884.11, "Plan Rows": 11032, "Plan Width": 16, "Actual Startup Time": 968.416, "Actual Total Time": 969.922, "Actual Rows": 2003, "Actual Loops": 1, "Group By Key": ["public.lineitem.l_partkey"], "Plans": [{"Node Type": "Nested Loop", "Parent Relationship": "Outer", "Join Type": "Inner", "Startup Cost": 0.0, "Total Cost": 128608.31, "Plan Rows": 11032, "Plan Width": 16, "Actual Startup Time": 0.373, "Actual Total Time": 927.032, "Actual Rows": 60021, "Actual Loops": 1, "Inner Unique": false, "Plans": [{"Node Type": "Seq Scan", "Parent Relationship": "Outer", "Relation Name": "part", "Alias": "part", "Startup Cost": 0.0, "Total Cost": 71944.0, "Plan Rows": 2001, "Plan Width": 8, "Actual Startup Time": 0.35, "Actual Total Time": 770.343, "Actual Rows": 2003, "Actual Loops": 1, "Filter": "((p_brand = 'Brand#44'::bpchar) AND (p_container = 'WRAP PKG'::bpchar))", "Rows Removed by Filter": 1997997}, {"Node Type": "Index Scan", "Parent Relationship": "Inner", "Scan Direction": "Forward", "Index Name": "idx_lineitem_part_supp", "Relation Name": "lineitem", "Alias": "lineitem", "Startup Cost": 0.0, "Total Cost": 28.26, "Plan Rows": 6, "Plan Width": 16, "Actual Startup Time": 21.245, "Actual Total Time": 142.059, "Actual Rows": 60021, "Actual Loops": 2003, "Index Cond": "(l_partkey = public.part.p_partkey)", "Rows Removed by Index Recheck": 0}]}]}, {"Node Type": "Index Scan", "Parent Relationship": "Inner", "Scan Direction": "Forward", "Index Name": "part_kpey", "Relation Name": "part", "Alias": "part", "Startup Cost": 0.0, "Total Cost": 6.08, "Plan Rows": 1, "Plan Width": 8, "Actual Startup Time": 12.854, "Actual Total Time": 12.854, "Actual Rows": 2003, "Actual Loops": 2003, "Index Cond": "(p_partkey = public.lineitem.l_partkey)", "Rows Removed by Index Recheck": 0, "Filter": "((p_brand = 'Brand#44'::bpchar) AND (p_container = 'WRAP PKG'::bpchar))", "Rows Removed by Filter": 0}]}, {"Node Type": "Index Scan", "Parent Relationship": "Inner", "Scan Direction": "Forward", "Index Name": "idx_lineitem_part_supp", "Relation Name": "lineitem", "Alias": "lineitem", "Startup Cost": 0.0, "Total Cost": 27.78, "Plan Rows": 2, "Plan Width": 24, "Actual Startup Time": 57.238, "Actual Total Time": 137.264, "Actual Rows": 5403, "Actual Loops": 2003, "Index Cond": "(l_partkey = public.lineitem.l_partkey)", "Rows Removed by Index Recheck": 0, "Filter": "(l_quantity < (.2::double precision * (avg(public.lineitem.l_quantity))))", "Rows Removed by Filter": 54618}]}]}, "Triggers": [], "Planner Runtime": 1.327, "Total Runtime": 1125.393, "Unique SQL Id": 1080450481}}, "(1, 77)": {"explain_plan": {"Plan": {"Node Type": "Aggregate", "Strategy": "Plain", "Startup Cost": 247183.87, "Total Cost": 247183.88, "Plan Rows": 1, "Plan Width": 16, "Plans": [{"Node Type": "Nested Loop", "Parent Relationship": "Outer", "Join Type": "Inner", "Startup Cost": 0.0, "Total Cost": 247181.85, "Plan Rows": 806, "Plan Width": 8, "Inner Unique": false, "Plans": [{"Node Type": "Nested Loop", "Parent Relationship": "Outer", "Join Type": "Inner", "Startup Cost": 0.0, "Total Cost": 235005.8, "Plan Rows": 438, "Plan Width": 24, "Inner Unique": true, "Plans": [{"Node Type": "Aggregate", "Strategy": "Sorted", "Parent Relationship": "Outer", "Startup Cost": 0.0, "Total Cost": 167743.36, "Plan Rows": 11032, "Plan Width": 80, "Group By Key": ["public.lineitem.l_partkey"], "Plans": [{"Node Type": "Nested Loop", "Parent Relationship": "Outer", "Join Type": "Inner", "Startup Cost": 0.0, "Total Cost": 167467.56, "Plan Rows": 11032, "Plan Width": 16, "Inner Unique": false, "Plans": [{"Node Type": "Index Scan", "Parent Relationship": "Outer", "Scan Direction": "Forward", "Index Name": "part_kpey", "Relation Name": "part", "Alias": "part", "Startup Cost": 0.0, "Total Cost": 110803.25, "Plan Rows": 2001, "Plan Width": 8, "Filter": "((p_brand = 'Brand#44'::bpchar) AND (p_container = 'WRAP PKG'::bpchar))"}, {"Node Type": "Index Scan", "Parent Relationship": "Inner", "Scan Direction": "Forward", "Index Name": "idx_lineitem_part_supp", "Relation Name": "lineitem", "Alias": "lineitem", "Startup Cost": 0.0, "Total Cost": 28.26, "Plan Rows": 6, "Plan Width": 16, "Index Cond": "(l_partkey = public.part.p_partkey)"}]}]}, {"Node Type": "Index Scan", "Parent Relationship": "Inner", "Scan Direction": "Forward", "Index Name": "part_kpey", "Relation Name": "part", "Alias": "part", "Startup Cost": 0.0, "Total Cost": 6.08, "Plan Rows": 1, "Plan Width": 8, "Index Cond": "(p_partkey = public.lineitem.l_partkey)", "Filter": "((p_brand = 'Brand#44'::bpchar) AND (p_container = 'WRAP PKG'::bpchar))"}]}, {"Node Type": "Index Scan", "Parent Relationship": "Inner", "Scan Direction": "Forward", "Index Name": "idx_lineitem_part_supp", "Relation Name": "lineitem", "Alias": "lineitem", "Startup Cost": 0.0, "Total Cost": 27.78, "Plan Rows": 2, "Plan Width": 24, "Index Cond": "(l_partkey = public.lineitem.l_partkey)", "Filter": "(l_quantity < (.2::double precision * (avg(public.lineitem.l_quantity))))"}]}]}, "Unique SQL Id": 1080450481}, "explain_analyze_plan": {"Plan": {"Node Type": "Aggregate", "Strategy": "Plain", "Startup Cost": 247183.87, "Total Cost": 247183.88, "Plan Rows": 1, "Plan Width": 16, "Actual Startup Time": 1657.115, "Actual Total Time": 1657.115, "Actual Rows": 1, "Actual Loops": 1, "Plans": [{"Node Type": "Nested Loop", "Parent Relationship": "Outer", "Join Type": "Inner", "Startup Cost": 0.0, "Total Cost": 247181.85, "Plan Rows": 806, "Plan Width": 8, "Actual Startup Time": 1.741, "Actual Total Time": 1655.898, "Actual Rows": 5403, "Actual Loops": 1, "Inner Unique": false, "Plans": [{"Node Type": "Nested Loop", "Parent Relationship": "Outer", "Join Type": "Inner", "Startup Cost": 0.0, "Total Cost": 235005.8, "Plan Rows": 438, "Plan Width": 24, "Actual Startup Time": 1.699, "Actual Total Time": 1576.826, "Actual Rows": 2003, "Actual Loops": 1, "Inner Unique": true, "Plans": [{"Node Type": "Aggregate", "Strategy": "Sorted", "Parent Relationship": "Outer", "Startup Cost": 0.0, "Total Cost": 167743.36, "Plan Rows": 11032, "Plan Width": 80, "Actual Startup Time": 1.686, "Actual Total Time": 1564.989, "Actual Rows": 2003, "Actual Loops": 1, "Group By Key": ["public.lineitem.l_partkey"], "Plans": [{"Node Type": "Nested Loop", "Parent Relationship": "Outer", "Join Type": "Inner", "Startup Cost": 0.0, "Total Cost": 167467.56, "Plan Rows": 11032, "Plan Width": 16, "Actual Startup Time": 0.571, "Actual Total Time": 1531.613, "Actual Rows": 60021, "Actual Loops": 1, "Inner Unique": false, "Plans": [{"Node Type": "Index Scan", "Parent Relationship": "Outer", "Scan Direction": "Forward", "Index Name": "part_kpey", "Relation Name": "part", "Alias": "part", "Startup Cost": 0.0, "Total Cost": 110803.25, "Plan Rows": 2001, "Plan Width": 8, "Actual Startup Time": 0.553, "Actual Total Time": 1347.731, "Actual Rows": 2003, "Actual Loops": 1, "Filter": "((p_brand = 'Brand#44'::bpchar) AND (p_container = 'WRAP PKG'::bpchar))", "Rows Removed by Filter": 1997997}, {"Node Type": "Index Scan", "Parent Relationship": "Inner", "Scan Direction": "Forward", "Index Name": "idx_lineitem_part_supp", "Relation Name": "lineitem", "Alias": "lineitem", "Startup Cost": 0.0, "Total Cost": 28.26, "Plan Rows": 6, "Plan Width": 16, "Actual Startup Time": 23.7, "Actual Total Time": 168.192, "Actual Rows": 60021, "Actual Loops": 2003, "Index Cond": "(l_partkey = public.part.p_partkey)", "Rows Removed by Index Recheck": 0}]}]}, {"Node Type": "Index Scan", "Parent Relationship": "Inner", "Scan Direction": "Forward", "Index Name": "part_kpey", "Relation Name": "part", "Alias": "part", "Startup Cost": 0.0, "Total Cost": 6.08, "Plan Rows": 1, "Plan Width": 8, "Actual Startup Time": 9.266, "Actual Total Time": 9.266, "Actual Rows": 2003, "Actual Loops": 2003, "Index Cond": "(p_partkey = public.lineitem.l_partkey)", "Rows Removed by Index Recheck": 0, "Filter": "((p_brand = 'Brand#44'::bpchar) AND (p_container = 'WRAP PKG'::bpchar))", "Rows Removed by Filter": 0}]}, {"Node Type": "Index Scan", "Parent Relationship": "Inner", "Scan Direction": "Forward", "Index Name": "idx_lineitem_part_supp", "Relation Name": "lineitem", "Alias": "lineitem", "Startup Cost": 0.0, "Total Cost": 27.78, "Plan Rows": 2, "Plan Width": 24, "Actual Startup Time": 33.161, "Actual Total Time": 76.14, "Actual Rows": 5403, "Actual Loops": 2003, "Index Cond": "(l_partkey = public.lineitem.l_partkey)", "Rows Removed by Index Recheck": 0, "Filter": "(l_quantity < (.2::double precision * (avg(public.lineitem.l_quantity))))", "Rows Removed by Filter": 54618}]}]}, "Triggers": [], "Planner Runtime": 1.323, "Total Runtime": 1657.326, "Unique SQL Id": 1080450481}}, "(1, 78)": {"explain_plan": {"Plan": {"Node Type": "Aggregate", "Strategy": "Plain", "Startup Cost": 4549973.98, "Total Cost": 4549974.0, "Plan Rows": 1, "Plan Width": 16, "Plans": [{"Node Type": "Hash Join", "Parent Relationship": "Outer", "Join Type": "Inner", "Startup Cost": 2309655.28, "Total Cost": 4549971.97, "Plan Rows": 806, "Plan Width": 8, "Inner Unique": true, "Hash Cond": "(public.part.p_partkey = subquery.\"?column?\")", "Join Filter": "(public.lineitem.l_quantity < (.2::double precision * subquery.\"?column?\"))", "Plans": [{"Node Type": "Hash Join", "Parent Relationship": "Outer", "Join Type": "Inner", "Startup Cost": 71969.01, "Total Cost": 2312146.04, "Plan Rows": 11032, "Plan Width": 32, "Inner Unique": true, "Hash Cond": "(public.lineitem.l_partkey = public.part.p_partkey)", "Plans": [{"Node Type": "Seq Scan", "Parent Relationship": "Outer", "Relation Name": "lineitem", "Alias": "lineitem", "Startup Cost": 0.0, "Total Cost": 2015115.33, "Plan Rows": 59987033, "Plan Width": 24}, {"Node Type": "Hash", "Parent Relationship": "Inner", "Startup Cost": 71944.0, "Total Cost": 71944.0, "Plan Rows": 2001, "Plan Width": 8, "Plans": [{"Node Type": "Seq Scan", "Parent Relationship": "Outer", "Relation Name": "part", "Alias": "part", "Startup Cost": 0.0, "Total Cost": 71944.0, "Plan Rows": 2001, "Plan Width": 8, "Filter": "((p_brand = 'Brand#44'::bpchar) AND (p_container = 'WRAP PKG'::bpchar))"}]}]}, {"Node Type": "Hash", "Parent Relationship": "Inner", "Startup Cost": 2237548.37, "Total Cost": 2237548.37, "Plan Rows": 11032, "Plan Width": 16, "Plans": [{"Node Type": "Subquery Scan", "Parent Relationship": "Outer", "Alias": "subquery", "Startup Cost": 2237244.99, "Total Cost": 2237548.37, "Plan Rows": 11032, "Plan Width": 16, "Plans": [{"Node Type": "Aggregate", "Strategy": "Hashed", "Parent Relationship": "Subquery", "Startup Cost": 2237244.99, "Total Cost": 2237438.05, "Plan Rows": 11032, "Plan Width": 16, "Group By Key": ["public.lineitem.l_partkey"], "Plans": [{"Node Type": "Hash Join", "Parent Relationship": "Outer", "Join Type": "Inner", "Startup Cost": 71969.01, "Total Cost": 2237162.25, "Plan Rows": 11032, "Plan Width": 16, "Inner Unique": true, "Hash Cond": "(public.lineitem.l_partkey = public.part.p_partkey)", "Plans": [{"Node Type": "Seq Scan", "Parent Relationship": "Outer", "Relation Name": "lineitem", "Alias": "lineitem", "Startup Cost": 0.0, "Total Cost": 2015115.33, "Plan Rows": 59987033, "Plan Width": 16}, {"Node Type": "Hash", "Parent Relationship": "Inner", "Startup Cost": 71944.0, "Total Cost": 71944.0, "Plan Rows": 2001, "Plan Width": 8, "Plans": [{"Node Type": "Seq Scan", "Parent Relationship": "Outer", "Relation Name": "part", "Alias": "part", "Startup Cost": 0.0, "Total Cost": 71944.0, "Plan Rows": 2001, "Plan Width": 8, "Filter": "((p_brand = 'Brand#44'::bpchar) AND (p_container = 'WRAP PKG'::bpchar))"}]}]}]}]}]}]}]}, "Unique SQL Id": 1080450481}, "explain_analyze_plan": null}, "(1, 79)": {"explain_plan": {"Plan": {"Node Type": "Aggregate", "Strategy": "Plain", "Startup Cost": 4001573244062.54, "Total Cost": 4001573244062.55, "Plan Rows": 1, "Plan Width": 16, "Plans": [{"Node Type": "Merge Join", "Parent Relationship": "Outer", "Join Type": "Inner", "Startup Cost": 40000000000.0, "Total Cost": 4001573244060.52, "Plan Rows": 806, "Plan Width": 8, "Inner Unique": true, "Merge Cond": "(public.part.p_partkey = public.lineitem.l_partkey)", "Join Filter": "(public.lineitem.l_quantity < (.2::double precision * (avg(public.lineitem.l_quantity))))", "Plans": [{"Node Type": "Merge Join", "Parent Relationship": "Outer", "Join Type": "Inner", "Startup Cost": 20000000000.0, "Total Cost": 2000786621777.7, "Plan Rows": 11032, "Plan Width": 32, "Inner Unique": true, "Merge Cond": "(public.lineitem.l_partkey = public.part.p_partkey)", "Plans": [{"Node Type": "Index Scan", "Parent Relationship": "Outer", "Scan Direction": "Forward", "Index Name": "idx_lineitem_part_supp", "Relation Name": "lineitem", "Alias": "lineitem", "Startup Cost": 10000000000.0, "Total Cost": 1000775391319.64, "Plan Rows": 59987033, "Plan Width": 24}, {"Node Type": "Materialize", "Parent Relationship": "Inner", "Startup Cost": 10000000000.0, "Total Cost": 1000011080330.0, "Plan Rows": 2001, "Plan Width": 8, "Plans": [{"Node Type": "Index Scan", "Parent Relationship": "Outer", "Scan Direction": "Forward", "Index Name": "part_kpey", "Relation Name": "part", "Alias": "part", "Startup Cost": 10000000000.0, "Total Cost": 1000011080325.0, "Plan Rows": 2001, "Plan Width": 8, "Filter": "((p_brand = 'Brand#44'::bpchar) AND (p_container = 'WRAP PKG'::bpchar))"}]}]}, {"Node Type": "Materialize", "Parent Relationship": "Inner", "Startup Cost": 20000000000.0, "Total Cost": 2000786622191.4, "Plan Rows": 11032, "Plan Width": 16, "Plans": [{"Node Type": "Aggregate", "Strategy": "Sorted", "Parent Relationship": "Outer", "Startup Cost": 20000000000.0, "Total Cost": 2000786622053.5, "Plan Rows": 11032, "Plan Width": 80, "Group By Key": ["public.lineitem.l_partkey"], "Plans": [{"Node Type": "Merge Join", "Parent Relationship": "Outer", "Join Type": "Semi", "Startup Cost": 20000000000.0, "Total Cost": 2000786621777.7, "Plan Rows": 11032, "Plan Width": 16, "Inner Unique": false, "Merge Cond": "(public.lineitem.l_partkey = public.part.p_partkey)", "Plans": [{"Node Type": "Index Scan", "Parent Relationship": "Outer", "Scan Direction": "Forward", "Index Name": "idx_lineitem_part_supp", "Relation Name": "lineitem", "Alias": "lineitem", "Startup Cost": 10000000000.0, "Total Cost": 1000775391319.64, "Plan Rows": 59987033, "Plan Width": 16}, {"Node Type": "Materialize", "Parent Relationship": "Inner", "Startup Cost": 10000000000.0, "Total Cost": 1000011080330.0, "Plan Rows": 2001, "Plan Width": 8, "Plans": [{"Node Type": "Index Scan", "Parent Relationship": "Outer", "Scan Direction": "Forward", "Index Name": "part_kpey", "Relation Name": "part", "Alias": "part", "Startup Cost": 10000000000.0, "Total Cost": 1000011080325.0, "Plan Rows": 2001, "Plan Width": 8, "Filter": "((p_brand = 'Brand#44'::bpchar) AND (p_container = 'WRAP PKG'::bpchar))"}]}]}]}]}]}]}, "Unique SQL Id": 1080450481}, "explain_analyze_plan": null}, "(1, 80)": {"explain_plan": {"Plan": {"Node Type": "Aggregate", "Strategy": "Plain", "Startup Cost": 208324.62, "Total Cost": 208324.63, "Plan Rows": 1, "Plan Width": 16, "Plans": [{"Node Type": "Nested Loop", "Parent Relationship": "Outer", "Join Type": "Inner", "Startup Cost": 128691.05, "Total Cost": 208322.6, "Plan Rows": 806, "Plan Width": 8, "Inner Unique": false, "Plans": [{"Node Type": "Nested Loop", "Parent Relationship": "Outer", "Join Type": "Inner", "Startup Cost": 128691.05, "Total Cost": 196146.55, "Plan Rows": 438, "Plan Width": 24, "Inner Unique": true, "Plans": [{"Node Type": "Aggregate", "Strategy": "Hashed", "Parent Relationship": "Outer", "Startup Cost": 128691.05, "Total Cost": 128884.11, "Plan Rows": 11032, "Plan Width": 16, "Group By Key": ["public.lineitem.l_partkey"], "Plans": [{"Node Type": "Nested Loop", "Parent Relationship": "Outer", "Join Type": "Inner", "Startup Cost": 0.0, "Total Cost": 128608.31, "Plan Rows": 11032, "Plan Width": 16, "Inner Unique": false, "Plans": [{"Node Type": "Seq Scan", "Parent Relationship": "Outer", "Relation Name": "part", "Alias": "part", "Startup Cost": 0.0, "Total Cost": 71944.0, "Plan Rows": 2001, "Plan Width": 8, "Filter": "((p_brand = 'Brand#44'::bpchar) AND (p_container = 'WRAP PKG'::bpchar))"}, {"Node Type": "Index Scan", "Parent Relationship": "Inner", "Scan Direction": "Forward", "Index Name": "idx_lineitem_part_supp", "Relation Name": "lineitem", "Alias": "lineitem", "Startup Cost": 0.0, "Total Cost": 28.26, "Plan Rows": 6, "Plan Width": 16, "Index Cond": "(l_partkey = public.part.p_partkey)"}]}]}, {"Node Type": "Index Scan", "Parent Relationship": "Inner", "Scan Direction": "Forward", "Index Name": "part_kpey", "Relation Name": "part", "Alias": "part", "Startup Cost": 0.0, "Total Cost": 6.08, "Plan Rows": 1, "Plan Width": 8, "Index Cond": "(p_partkey = public.lineitem.l_partkey)", "Filter": "((p_brand = 'Brand#44'::bpchar) AND (p_container = 'WRAP PKG'::bpchar))"}]}, {"Node Type": "Index Scan", "Parent Relationship": "Inner", "Scan Direction": "Forward", "Index Name": "idx_lineitem_part_supp", "Relation Name": "lineitem", "Alias": "lineitem", "Startup Cost": 0.0, "Total Cost": 27.78, "Plan Rows": 2, "Plan Width": 24, "Index Cond": "(l_partkey = public.lineitem.l_partkey)", "Filter": "(l_quantity < (.2::double precision * (avg(public.lineitem.l_quantity))))"}]}]}, "Unique SQL Id": 1080450481}, "explain_analyze_plan": {"Plan": {"Node Type": "Aggregate", "Strategy": "Plain", "Startup Cost": 208324.62, "Total Cost": 208324.63, "Plan Rows": 1, "Plan Width": 16, "Actual Startup Time": 1125.155, "Actual Total Time": 1125.155, "Actual Rows": 1, "Actual Loops": 1, "Plans": [{"Node Type": "Nested Loop", "Parent Relationship": "Outer", "Join Type": "Inner", "Startup Cost": 128691.05, "Total Cost": 208322.6, "Plan Rows": 806, "Plan Width": 8, "Actual Startup Time": 968.471, "Actual Total Time": 1124.094, "Actual Rows": 5403, "Actual Loops": 1, "Inner Unique": false, "Plans": [{"Node Type": "Nested Loop", "Parent Relationship": "Outer", "Join Type": "Inner", "Startup Cost": 128691.05, "Total Cost": 196146.55, "Plan Rows": 438, "Plan Width": 24, "Actual Startup Time": 968.443, "Actual Total Time": 984.459, "Actual Rows": 2003, "Actual Loops": 1, "Inner Unique": true, "Plans": [{"Node Type": "Aggregate", "Strategy": "Hashed", "Parent Relationship": "Outer", "Startup Cost": 128691.05, "Total Cost": 128884.11, "Plan Rows": 11032, "Plan Width": 16, "Actual Startup Time": 968.416, "Actual Total Time": 969.922, "Actual Rows": 2003, "Actual Loops": 1, "Group By Key": ["public.lineitem.l_partkey"], "Plans": [{"Node Type": "Nested Loop", "Parent Relationship": "Outer", "Join Type": "Inner", "Startup Cost": 0.0, "Total Cost": 128608.31, "Plan Rows": 11032, "Plan Width": 16, "Actual Startup Time": 0.373, "Actual Total Time": 927.032, "Actual Rows": 60021, "Actual Loops": 1, "Inner Unique": false, "Plans": [{"Node Type": "Seq Scan", "Parent Relationship": "Outer", "Relation Name": "part", "Alias": "part", "Startup Cost": 0.0, "Total Cost": 71944.0, "Plan Rows": 2001, "Plan Width": 8, "Actual Startup Time": 0.35, "Actual Total Time": 770.343, "Actual Rows": 2003, "Actual Loops": 1, "Filter": "((p_brand = 'Brand#44'::bpchar) AND (p_container = 'WRAP PKG'::bpchar))", "Rows Removed by Filter": 1997997}, {"Node Type": "Index Scan", "Parent Relationship": "Inner", "Scan Direction": "Forward", "Index Name": "idx_lineitem_part_supp", "Relation Name": "lineitem", "Alias": "lineitem", "Startup Cost": 0.0, "Total Cost": 28.26, "Plan Rows": 6, "Plan Width": 16, "Actual Startup Time": 21.245, "Actual Total Time": 142.059, "Actual Rows": 60021, "Actual Loops": 2003, "Index Cond": "(l_partkey = public.part.p_partkey)", "Rows Removed by Index Recheck": 0}]}]}, {"Node Type": "Index Scan", "Parent Relationship": "Inner", "Scan Direction": "Forward", "Index Name": "part_kpey", "Relation Name": "part", "Alias": "part", "Startup Cost": 0.0, "Total Cost": 6.08, "Plan Rows": 1, "Plan Width": 8, "Actual Startup Time": 12.854, "Actual Total Time": 12.854, "Actual Rows": 2003, "Actual Loops": 2003, "Index Cond": "(p_partkey = public.lineitem.l_partkey)", "Rows Removed by Index Recheck": 0, "Filter": "((p_brand = 'Brand#44'::bpchar) AND (p_container = 'WRAP PKG'::bpchar))", "Rows Removed by Filter": 0}]}, {"Node Type": "Index Scan", "Parent Relationship": "Inner", "Scan Direction": "Forward", "Index Name": "idx_lineitem_part_supp", "Relation Name": "lineitem", "Alias": "lineitem", "Startup Cost": 0.0, "Total Cost": 27.78, "Plan Rows": 2, "Plan Width": 24, "Actual Startup Time": 57.238, "Actual Total Time": 137.264, "Actual Rows": 5403, "Actual Loops": 2003, "Index Cond": "(l_partkey = public.lineitem.l_partkey)", "Rows Removed by Index Recheck": 0, "Filter": "(l_quantity < (.2::double precision * (avg(public.lineitem.l_quantity))))", "Rows Removed by Filter": 54618}]}]}, "Triggers": [], "Planner Runtime": 1.327, "Total Runtime": 1125.393, "Unique SQL Id": 1080450481}}, "(1, 81)": {"explain_plan": {"Plan": {"Node Type": "Aggregate", "Strategy": "Plain", "Startup Cost": 247183.87, "Total Cost": 247183.88, "Plan Rows": 1, "Plan Width": 16, "Plans": [{"Node Type": "Nested Loop", "Parent Relationship": "Outer", "Join Type": "Inner", "Startup Cost": 0.0, "Total Cost": 247181.85, "Plan Rows": 806, "Plan Width": 8, "Inner Unique": false, "Plans": [{"Node Type": "Nested Loop", "Parent Relationship": "Outer", "Join Type": "Inner", "Startup Cost": 0.0, "Total Cost": 235005.8, "Plan Rows": 438, "Plan Width": 24, "Inner Unique": true, "Plans": [{"Node Type": "Aggregate", "Strategy": "Sorted", "Parent Relationship": "Outer", "Startup Cost": 0.0, "Total Cost": 167743.36, "Plan Rows": 11032, "Plan Width": 80, "Group By Key": ["public.lineitem.l_partkey"], "Plans": [{"Node Type": "Nested Loop", "Parent Relationship": "Outer", "Join Type": "Inner", "Startup Cost": 0.0, "Total Cost": 167467.56, "Plan Rows": 11032, "Plan Width": 16, "Inner Unique": false, "Plans": [{"Node Type": "Index Scan", "Parent Relationship": "Outer", "Scan Direction": "Forward", "Index Name": "part_kpey", "Relation Name": "part", "Alias": "part", "Startup Cost": 0.0, "Total Cost": 110803.25, "Plan Rows": 2001, "Plan Width": 8, "Filter": "((p_brand = 'Brand#44'::bpchar) AND (p_container = 'WRAP PKG'::bpchar))"}, {"Node Type": "Index Scan", "Parent Relationship": "Inner", "Scan Direction": "Forward", "Index Name": "idx_lineitem_part_supp", "Relation Name": "lineitem", "Alias": "lineitem", "Startup Cost": 0.0, "Total Cost": 28.26, "Plan Rows": 6, "Plan Width": 16, "Index Cond": "(l_partkey = public.part.p_partkey)"}]}]}, {"Node Type": "Index Scan", "Parent Relationship": "Inner", "Scan Direction": "Forward", "Index Name": "part_kpey", "Relation Name": "part", "Alias": "part", "Startup Cost": 0.0, "Total Cost": 6.08, "Plan Rows": 1, "Plan Width": 8, "Index Cond": "(p_partkey = public.lineitem.l_partkey)", "Filter": "((p_brand = 'Brand#44'::bpchar) AND (p_container = 'WRAP PKG'::bpchar))"}]}, {"Node Type": "Index Scan", "Parent Relationship": "Inner", "Scan Direction": "Forward", "Index Name": "idx_lineitem_part_supp", "Relation Name": "lineitem", "Alias": "lineitem", "Startup Cost": 0.0, "Total Cost": 27.78, "Plan Rows": 2, "Plan Width": 24, "Index Cond": "(l_partkey = public.lineitem.l_partkey)", "Filter": "(l_quantity < (.2::double precision * (avg(public.lineitem.l_quantity))))"}]}]}, "Unique SQL Id": 1080450481}, "explain_analyze_plan": {"Plan": {"Node Type": "Aggregate", "Strategy": "Plain", "Startup Cost": 247183.87, "Total Cost": 247183.88, "Plan Rows": 1, "Plan Width": 16, "Actual Startup Time": 1657.115, "Actual Total Time": 1657.115, "Actual Rows": 1, "Actual Loops": 1, "Plans": [{"Node Type": "Nested Loop", "Parent Relationship": "Outer", "Join Type": "Inner", "Startup Cost": 0.0, "Total Cost": 247181.85, "Plan Rows": 806, "Plan Width": 8, "Actual Startup Time": 1.741, "Actual Total Time": 1655.898, "Actual Rows": 5403, "Actual Loops": 1, "Inner Unique": false, "Plans": [{"Node Type": "Nested Loop", "Parent Relationship": "Outer", "Join Type": "Inner", "Startup Cost": 0.0, "Total Cost": 235005.8, "Plan Rows": 438, "Plan Width": 24, "Actual Startup Time": 1.699, "Actual Total Time": 1576.826, "Actual Rows": 2003, "Actual Loops": 1, "Inner Unique": true, "Plans": [{"Node Type": "Aggregate", "Strategy": "Sorted", "Parent Relationship": "Outer", "Startup Cost": 0.0, "Total Cost": 167743.36, "Plan Rows": 11032, "Plan Width": 80, "Actual Startup Time": 1.686, "Actual Total Time": 1564.989, "Actual Rows": 2003, "Actual Loops": 1, "Group By Key": ["public.lineitem.l_partkey"], "Plans": [{"Node Type": "Nested Loop", "Parent Relationship": "Outer", "Join Type": "Inner", "Startup Cost": 0.0, "Total Cost": 167467.56, "Plan Rows": 11032, "Plan Width": 16, "Actual Startup Time": 0.571, "Actual Total Time": 1531.613, "Actual Rows": 60021, "Actual Loops": 1, "Inner Unique": false, "Plans": [{"Node Type": "Index Scan", "Parent Relationship": "Outer", "Scan Direction": "Forward", "Index Name": "part_kpey", "Relation Name": "part", "Alias": "part", "Startup Cost": 0.0, "Total Cost": 110803.25, "Plan Rows": 2001, "Plan Width": 8, "Actual Startup Time": 0.553, "Actual Total Time": 1347.731, "Actual Rows": 2003, "Actual Loops": 1, "Filter": "((p_brand = 'Brand#44'::bpchar) AND (p_container = 'WRAP PKG'::bpchar))", "Rows Removed by Filter": 1997997}, {"Node Type": "Index Scan", "Parent Relationship": "Inner", "Scan Direction": "Forward", "Index Name": "idx_lineitem_part_supp", "Relation Name": "lineitem", "Alias": "lineitem", "Startup Cost": 0.0, "Total Cost": 28.26, "Plan Rows": 6, "Plan Width": 16, "Actual Startup Time": 23.7, "Actual Total Time": 168.192, "Actual Rows": 60021, "Actual Loops": 2003, "Index Cond": "(l_partkey = public.part.p_partkey)", "Rows Removed by Index Recheck": 0}]}]}, {"Node Type": "Index Scan", "Parent Relationship": "Inner", "Scan Direction": "Forward", "Index Name": "part_kpey", "Relation Name": "part", "Alias": "part", "Startup Cost": 0.0, "Total Cost": 6.08, "Plan Rows": 1, "Plan Width": 8, "Actual Startup Time": 9.266, "Actual Total Time": 9.266, "Actual Rows": 2003, "Actual Loops": 2003, "Index Cond": "(p_partkey = public.lineitem.l_partkey)", "Rows Removed by Index Recheck": 0, "Filter": "((p_brand = 'Brand#44'::bpchar) AND (p_container = 'WRAP PKG'::bpchar))", "Rows Removed by Filter": 0}]}, {"Node Type": "Index Scan", "Parent Relationship": "Inner", "Scan Direction": "Forward", "Index Name": "idx_lineitem_part_supp", "Relation Name": "lineitem", "Alias": "lineitem", "Startup Cost": 0.0, "Total Cost": 27.78, "Plan Rows": 2, "Plan Width": 24, "Actual Startup Time": 33.161, "Actual Total Time": 76.14, "Actual Rows": 5403, "Actual Loops": 2003, "Index Cond": "(l_partkey = public.lineitem.l_partkey)", "Rows Removed by Index Recheck": 0, "Filter": "(l_quantity < (.2::double precision * (avg(public.lineitem.l_quantity))))", "Rows Removed by Filter": 54618}]}]}, "Triggers": [], "Planner Runtime": 1.323, "Total Runtime": 1657.326, "Unique SQL Id": 1080450481}}, "(1, 82)": {"explain_plan": {"Plan": {"Node Type": "Aggregate", "Strategy": "Plain", "Startup Cost": 213808.47, "Total Cost": 213808.48, "Plan Rows": 1, "Plan Width": 16, "Plans": [{"Node Type": "Nested Loop", "Parent Relationship": "Outer", "Join Type": "Inner", "Startup Cost": 128826.76, "Total Cost": 213806.45, "Plan Rows": 806, "Plan Width": 8, "Inner Unique": false, "Plans": [{"Node Type": "Nested Loop", "Parent Relationship": "Outer", "Join Type": "Inner", "Startup Cost": 128822.53, "Total Cost": 201406.27, "Plan Rows": 438, "Plan Width": 24, "Inner Unique": true, "Plans": [{"Node Type": "Aggregate", "Strategy": "Hashed", "Parent Relationship": "Outer", "Startup Cost": 128820.01, "Total Cost": 129013.07, "Plan Rows": 11032, "Plan Width": 16, "Group By Key": ["public.lineitem.l_partkey"], "Plans": [{"Node Type": "Nested Loop", "Parent Relationship": "Outer", "Join Type": "Inner", "Startup Cost": 4.28, "Total Cost": 128737.27, "Plan Rows": 11032, "Plan Width": 16, "Inner Unique": false, "Plans": [{"Node Type": "Seq Scan", "Parent Relationship": "Outer", "Relation Name": "part", "Alias": "part", "Startup Cost": 0.0, "Total Cost": 71944.0, "Plan Rows": 2001, "Plan Width": 8, "Filter": "((p_brand = 'Brand#44'::bpchar) AND (p_container = 'WRAP PKG'::bpchar))"}, {"Node Type": "Bitmap Heap Scan", "Parent Relationship": "Inner", "Relation Name": "lineitem", "Alias": "lineitem", "Startup Cost": 4.28, "Total Cost": 28.32, "Plan Rows": 6, "Plan Width": 16, "Recheck Cond": "(l_partkey = public.part.p_partkey)", "Plans": [{"Node Type": "Bitmap Index Scan", "Parent Relationship": "Outer", "Index Name": "idx_lineitem_part_supp", "Startup Cost": 0.0, "Total Cost": 4.28, "Plan Rows": 6, "Plan Width": 0, "Index Cond": "(l_partkey = public.part.p_partkey)"}]}]}]}, {"Node Type": "Bitmap Heap Scan", "Parent Relationship": "Inner", "Relation Name": "part", "Alias": "part", "Startup Cost": 2.52, "Total Cost": 6.54, "Plan Rows": 1, "Plan Width": 8, "Recheck Cond": "(p_partkey = public.lineitem.l_partkey)", "Filter": "((p_brand = 'Brand#44'::bpchar) AND (p_container = 'WRAP PKG'::bpchar))", "Plans": [{"Node Type": "Bitmap Index Scan", "Parent Relationship": "Outer", "Index Name": "part_kpey", "Startup Cost": 0.0, "Total Cost": 2.52, "Plan Rows": 1, "Plan Width": 0, "Index Cond": "(p_partkey = public.lineitem.l_partkey)"}]}]}, {"Node Type": "Bitmap Heap Scan", "Parent Relationship": "Inner", "Relation Name": "lineitem", "Alias": "lineitem", "Startup Cost": 4.22, "Total Cost": 28.29, "Plan Rows": 2, "Plan Width": 24, "Recheck Cond": "(l_partkey = public.lineitem.l_partkey)", "Filter": "(l_quantity < (.2::double precision * (avg(public.lineitem.l_quantity))))", "Plans": [{"Node Type": "Bitmap Index Scan", "Parent Relationship": "Outer", "Index Name": "idx_lineitem_part_supp", "Startup Cost": 0.0, "Total Cost": 4.22, "Plan Rows": 6, "Plan Width": 0, "Index Cond": "(l_partkey = public.lineitem.l_partkey)"}]}]}]}, "Unique SQL Id": 1080450481}, "explain_analyze_plan": {"Plan": {"Node Type": "Aggregate", "Strategy": "Plain", "Startup Cost": 213808.47, "Total Cost": 213808.48, "Plan Rows": 1, "Plan Width": 16, "Actual Startup Time": 1332.753, "Actual Total Time": 1332.753, "Actual Rows": 1, "Actual Loops": 1, "Plans": [{"Node Type": "Nested Loop", "Parent Relationship": "Outer", "Join Type": "Inner", "Startup Cost": 128826.76, "Total Cost": 213806.45, "Plan Rows": 806, "Plan Width": 8, "Actual Startup Time": 1119.036, "Actual Total Time": 1331.626, "Actual Rows": 5403, "Actual Loops": 1, "Inner Unique": false, "Plans": [{"Node Type": "Nested Loop", "Parent Relationship": "Outer", "Join Type": "Inner", "Startup Cost": 128822.53, "Total Cost": 201406.27, "Plan Rows": 438, "Plan Width": 24, "Actual Startup Time": 1118.956, "Actual Total Time": 1142.745, "Actual Rows": 2003, "Actual Loops": 1, "Inner Unique": true, "Plans": [{"Node Type": "Aggregate", "Strategy": "Hashed", "Parent Relationship": "Outer", "Startup Cost": 128820.01, "Total Cost": 129013.07, "Plan Rows": 11032, "Plan Width": 16, "Actual Startup Time": 1118.911, "Actual Total Time": 1120.833, "Actual Rows": 2003, "Actual Loops": 1, "Group By Key": ["public.lineitem.l_partkey"], "Plans": [{"Node Type": "Nested Loop", "Parent Relationship": "Outer", "Join Type": "Inner", "Startup Cost": 4.28, "Total Cost": 128737.27, "Plan Rows": 11032, "Plan Width": 16, "Actual Startup Time": 0.412, "Actual Total Time": 1078.48, "Actual Rows": 60021, "Actual Loops": 1, "Inner Unique": false, "Plans": [{"Node Type": "Seq Scan", "Parent Relationship": "Outer", "Relation Name": "part", "Alias": "part", "Startup Cost": 0.0, "Total Cost": 71944.0, "Plan Rows": 2001, "Plan Width": 8, "Actual Startup Time": 0.366, "Actual Total Time": 819.746, "Actual Rows": 2003, "Actual Loops": 1, "Filter": "((p_brand = 'Brand#44'::bpchar) AND (p_container = 'WRAP PKG'::bpchar))", "Rows Removed by Filter": 1997997}, {"Node Type": "Bitmap Heap Scan", "Parent Relationship": "Inner", "Relation Name": "lineitem", "Alias": "lineitem", "Startup Cost": 4.28, "Total Cost": 28.32, "Plan Rows": 6, "Plan Width": 16, "Actual Startup Time": 43.842, "Actual Total Time": 241.092, "Actual Rows": 60021, "Actual Loops": 2003, "Recheck Cond": "(l_partkey = public.part.p_partkey)", "Rows Removed by Index Recheck": 0, "Exact Heap Blocks": 60018, "Lossy Heap Blocks": 60018, "Plans": [{"Node Type": "Bitmap Index Scan", "Parent Relationship": "Outer", "Index Name": "idx_lineitem_part_supp", "Startup Cost": 0.0, "Total Cost": 4.28, "Plan Rows": 6, "Plan Width": 0, "Actual Startup Time": 28.842, "Actual Total Time": 28.842, "Actual Rows": 60021, "Actual Loops": 2003, "Index Cond": "(l_partkey = public.part.p_partkey)"}]}]}]}, {"Node Type": "Bitmap Heap Scan", "Parent Relationship": "Inner", "Relation Name": "part", "Alias": "part", "Startup Cost": 2.52, "Total Cost": 6.54, "Plan Rows": 1, "Plan Width": 8, "Actual Startup Time": 18.403, "Actual Total Time": 18.403, "Actual Rows": 2003, "Actual Loops": 2003, "Recheck Cond": "(p_partkey = public.lineitem.l_partkey)", "Rows Removed by Index Recheck": 0, "Filter": "((p_brand = 'Brand#44'::bpchar) AND (p_container = 'WRAP PKG'::bpchar))", "Rows Removed by Filter": 0, "Exact Heap Blocks": 2003, "Lossy Heap Blocks": 2003, "Plans": [{"Node Type": "Bitmap Index Scan", "Parent Relationship": "Outer", "Index Name": "part_kpey", "Startup Cost": 0.0, "Total Cost": 2.52, "Plan Rows": 1, "Plan Width": 0, "Actual Startup Time": 11.137, "Actual Total Time": 11.137, "Actual Rows": 2003, "Actual Loops": 2003, "Index Cond": "(p_partkey = public.lineitem.l_partkey)"}]}]}, {"Node Type": "Bitmap Heap Scan", "Parent Relationship": "Inner", "Relation Name": "lineitem", "Alias": "lineitem", "Startup Cost": 4.22, "Total Cost": 28.29, "Plan Rows": 2, "Plan Width": 24, "Actual Startup Time": 83.292, "Actual Total Time": 184.714, "Actual Rows": 5403, "Actual Loops": 2003, "Recheck Cond": "(l_partkey = public.lineitem.l_partkey)", "Rows Removed by Index Recheck": 0, "Filter": "(l_quantity < (.2::double precision * (avg(public.lineitem.l_quantity))))", "Rows Removed by Filter": 54618, "Exact Heap Blocks": 60018, "Lossy Heap Blocks": 60018, "Plans": [{"Node Type": "Bitmap Index Scan", "Parent Relationship": "Outer", "Index Name": "idx_lineitem_part_supp", "Startup Cost": 0.0, "Total Cost": 4.22, "Plan Rows": 6, "Plan Width": 0, "Actual Startup Time": 24.575, "Actual Total Time": 24.575, "Actual Rows": 60021, "Actual Loops": 2003, "Index Cond": "(l_partkey = public.lineitem.l_partkey)"}]}]}]}, "Triggers": [], "Planner Runtime": 1.125, "Total Runtime": 1333.115, "Unique SQL Id": 1080450481}}, "(1, 83)": {"explain_plan": {"Plan": {"Node Type": "Aggregate", "Strategy": "Plain", "Startup Cost": 1001032279502.61, "Total Cost": 1001032279502.62, "Plan Rows": 1, "Plan Width": 16, "Plans": [{"Node Type": "Nested Loop", "Parent Relationship": "Outer", "Join Type": "Inner", "Startup Cost": 10000000004.74, "Total Cost": 1001032279500.6, "Plan Rows": 806, "Plan Width": 8, "Inner Unique": true, "Join Filter": "(public.lineitem.l_partkey = public.part.p_partkey)", "Plans": [{"Node Type": "Nested Loop", "Parent Relationship": "Outer", "Join Type": "Inner", "Startup Cost": 10000000004.48, "Total Cost": 1001032192561.0, "Plan Rows": 20274, "Plan Width": 24, "Inner Unique": false, "Plans": [{"Node Type": "Aggregate", "Strategy": "Sorted", "Parent Relationship": "Outer", "Startup Cost": 10000000000.26, "Total Cost": 1001031880124.59, "Plan Rows": 11032, "Plan Width": 80, "Group By Key": ["public.lineitem.l_partkey"], "Plans": [{"Node Type": "Nested Loop", "Parent Relationship": "Outer", "Join Type": "Semi", "Startup Cost": 10000000000.26, "Total Cost": 1001031879848.79, "Plan Rows": 11032, "Plan Width": 16, "Inner Unique": false, "Plans": [{"Node Type": "Index Scan", "Parent Relationship": "Outer", "Scan Direction": "Forward", "Index Name": "idx_lineitem_part_supp", "Relation Name": "lineitem", "Alias": "lineitem", "Startup Cost": 10000000000.0, "Total Cost": 1000775391319.64, "Plan Rows": 59987033, "Plan Width": 16}, {"Node Type": "Bitmap Heap Scan", "Parent Relationship": "Inner", "Relation Name": "part", "Alias": "part", "Startup Cost": 0.26, "Total Cost": 4.28, "Plan Rows": 1, "Plan Width": 8, "Recheck Cond": "(p_partkey = public.lineitem.l_partkey)", "Filter": "((p_brand = 'Brand#44'::bpchar) AND (p_container = 'WRAP PKG'::bpchar))", "Plans": [{"Node Type": "Bitmap Index Scan", "Parent Relationship": "Outer", "Index Name": "part_kpey", "Startup Cost": 0.0, "Total Cost": 0.26, "Plan Rows": 1, "Plan Width": 0, "Index Cond": "(p_partkey = public.lineitem.l_partkey)"}]}]}]}, {"Node Type": "Bitmap Heap Scan", "Parent Relationship": "Inner", "Relation Name": "lineitem", "Alias": "lineitem", "Startup Cost": 4.22, "Total Cost": 28.29, "Plan Rows": 2, "Plan Width": 24, "Recheck Cond": "(l_partkey = public.lineitem.l_partkey)", "Filter": "(l_quantity < (.2::double precision * (avg(public.lineitem.l_quantity))))", "Plans": [{"Node Type": "Bitmap Index Scan", "Parent Relationship": "Outer", "Index Name": "idx_lineitem_part_supp", "Startup Cost": 0.0, "Total Cost": 4.22, "Plan Rows": 6, "Plan Width": 0, "Index Cond": "(l_partkey = public.lineitem.l_partkey)"}]}]}, {"Node Type": "Bitmap Heap Scan", "Parent Relationship": "Inner", "Relation Name": "part", "Alias": "part", "Startup Cost": 0.26, "Total Cost": 4.28, "Plan Rows": 1, "Plan Width": 8, "Recheck Cond": "(p_partkey = public.lineitem.l_partkey)", "Filter": "((p_brand = 'Brand#44'::bpchar) AND (p_container = 'WRAP PKG'::bpchar))", "Plans": [{"Node Type": "Bitmap Index Scan", "Parent Relationship": "Outer", "Index Name": "part_kpey", "Startup Cost": 0.0, "Total Cost": 0.26, "Plan Rows": 1, "Plan Width": 0, "Index Cond": "(p_partkey = public.lineitem.l_partkey)"}]}]}]}, "Unique SQL Id": 1080450481}, "explain_analyze_plan": null}, "(1, 84)": {"explain_plan": {"Plan": {"Node Type": "Aggregate", "Strategy": "Plain", "Startup Cost": 208324.62, "Total Cost": 208324.63, "Plan Rows": 1, "Plan Width": 16, "Plans": [{"Node Type": "Nested Loop", "Parent Relationship": "Outer", "Join Type": "Inner", "Startup Cost": 128691.05, "Total Cost": 208322.6, "Plan Rows": 806, "Plan Width": 8, "Inner Unique": false, "Plans": [{"Node Type": "Nested Loop", "Parent Relationship": "Outer", "Join Type": "Inner", "Startup Cost": 128691.05, "Total Cost": 196146.55, "Plan Rows": 438, "Plan Width": 24, "Inner Unique": true, "Plans": [{"Node Type": "Aggregate", "Strategy": "Hashed", "Parent Relationship": "Outer", "Startup Cost": 128691.05, "Total Cost": 128884.11, "Plan Rows": 11032, "Plan Width": 16, "Group By Key": ["public.lineitem.l_partkey"], "Plans": [{"Node Type": "Nested Loop", "Parent Relationship": "Outer", "Join Type": "Inner", "Startup Cost": 0.0, "Total Cost": 128608.31, "Plan Rows": 11032, "Plan Width": 16, "Inner Unique": false, "Plans": [{"Node Type": "Seq Scan", "Parent Relationship": "Outer", "Relation Name": "part", "Alias": "part", "Startup Cost": 0.0, "Total Cost": 71944.0, "Plan Rows": 2001, "Plan Width": 8, "Filter": "((p_brand = 'Brand#44'::bpchar) AND (p_container = 'WRAP PKG'::bpchar))"}, {"Node Type": "Index Scan", "Parent Relationship": "Inner", "Scan Direction": "Forward", "Index Name": "idx_lineitem_part_supp", "Relation Name": "lineitem", "Alias": "lineitem", "Startup Cost": 0.0, "Total Cost": 28.26, "Plan Rows": 6, "Plan Width": 16, "Index Cond": "(l_partkey = public.part.p_partkey)"}]}]}, {"Node Type": "Index Scan", "Parent Relationship": "Inner", "Scan Direction": "Forward", "Index Name": "part_kpey", "Relation Name": "part", "Alias": "part", "Startup Cost": 0.0, "Total Cost": 6.08, "Plan Rows": 1, "Plan Width": 8, "Index Cond": "(p_partkey = public.lineitem.l_partkey)", "Filter": "((p_brand = 'Brand#44'::bpchar) AND (p_container = 'WRAP PKG'::bpchar))"}]}, {"Node Type": "Index Scan", "Parent Relationship": "Inner", "Scan Direction": "Forward", "Index Name": "idx_lineitem_part_supp", "Relation Name": "lineitem", "Alias": "lineitem", "Startup Cost": 0.0, "Total Cost": 27.78, "Plan Rows": 2, "Plan Width": 24, "Index Cond": "(l_partkey = public.lineitem.l_partkey)", "Filter": "(l_quantity < (.2::double precision * (avg(public.lineitem.l_quantity))))"}]}]}, "Unique SQL Id": 1080450481}, "explain_analyze_plan": {"Plan": {"Node Type": "Aggregate", "Strategy": "Plain", "Startup Cost": 208324.62, "Total Cost": 208324.63, "Plan Rows": 1, "Plan Width": 16, "Actual Startup Time": 1125.155, "Actual Total Time": 1125.155, "Actual Rows": 1, "Actual Loops": 1, "Plans": [{"Node Type": "Nested Loop", "Parent Relationship": "Outer", "Join Type": "Inner", "Startup Cost": 128691.05, "Total Cost": 208322.6, "Plan Rows": 806, "Plan Width": 8, "Actual Startup Time": 968.471, "Actual Total Time": 1124.094, "Actual Rows": 5403, "Actual Loops": 1, "Inner Unique": false, "Plans": [{"Node Type": "Nested Loop", "Parent Relationship": "Outer", "Join Type": "Inner", "Startup Cost": 128691.05, "Total Cost": 196146.55, "Plan Rows": 438, "Plan Width": 24, "Actual Startup Time": 968.443, "Actual Total Time": 984.459, "Actual Rows": 2003, "Actual Loops": 1, "Inner Unique": true, "Plans": [{"Node Type": "Aggregate", "Strategy": "Hashed", "Parent Relationship": "Outer", "Startup Cost": 128691.05, "Total Cost": 128884.11, "Plan Rows": 11032, "Plan Width": 16, "Actual Startup Time": 968.416, "Actual Total Time": 969.922, "Actual Rows": 2003, "Actual Loops": 1, "Group By Key": ["public.lineitem.l_partkey"], "Plans": [{"Node Type": "Nested Loop", "Parent Relationship": "Outer", "Join Type": "Inner", "Startup Cost": 0.0, "Total Cost": 128608.31, "Plan Rows": 11032, "Plan Width": 16, "Actual Startup Time": 0.373, "Actual Total Time": 927.032, "Actual Rows": 60021, "Actual Loops": 1, "Inner Unique": false, "Plans": [{"Node Type": "Seq Scan", "Parent Relationship": "Outer", "Relation Name": "part", "Alias": "part", "Startup Cost": 0.0, "Total Cost": 71944.0, "Plan Rows": 2001, "Plan Width": 8, "Actual Startup Time": 0.35, "Actual Total Time": 770.343, "Actual Rows": 2003, "Actual Loops": 1, "Filter": "((p_brand = 'Brand#44'::bpchar) AND (p_container = 'WRAP PKG'::bpchar))", "Rows Removed by Filter": 1997997}, {"Node Type": "Index Scan", "Parent Relationship": "Inner", "Scan Direction": "Forward", "Index Name": "idx_lineitem_part_supp", "Relation Name": "lineitem", "Alias": "lineitem", "Startup Cost": 0.0, "Total Cost": 28.26, "Plan Rows": 6, "Plan Width": 16, "Actual Startup Time": 21.245, "Actual Total Time": 142.059, "Actual Rows": 60021, "Actual Loops": 2003, "Index Cond": "(l_partkey = public.part.p_partkey)", "Rows Removed by Index Recheck": 0}]}]}, {"Node Type": "Index Scan", "Parent Relationship": "Inner", "Scan Direction": "Forward", "Index Name": "part_kpey", "Relation Name": "part", "Alias": "part", "Startup Cost": 0.0, "Total Cost": 6.08, "Plan Rows": 1, "Plan Width": 8, "Actual Startup Time": 12.854, "Actual Total Time": 12.854, "Actual Rows": 2003, "Actual Loops": 2003, "Index Cond": "(p_partkey = public.lineitem.l_partkey)", "Rows Removed by Index Recheck": 0, "Filter": "((p_brand = 'Brand#44'::bpchar) AND (p_container = 'WRAP PKG'::bpchar))", "Rows Removed by Filter": 0}]}, {"Node Type": "Index Scan", "Parent Relationship": "Inner", "Scan Direction": "Forward", "Index Name": "idx_lineitem_part_supp", "Relation Name": "lineitem", "Alias": "lineitem", "Startup Cost": 0.0, "Total Cost": 27.78, "Plan Rows": 2, "Plan Width": 24, "Actual Startup Time": 57.238, "Actual Total Time": 137.264, "Actual Rows": 5403, "Actual Loops": 2003, "Index Cond": "(l_partkey = public.lineitem.l_partkey)", "Rows Removed by Index Recheck": 0, "Filter": "(l_quantity < (.2::double precision * (avg(public.lineitem.l_quantity))))", "Rows Removed by Filter": 54618}]}]}, "Triggers": [], "Planner Runtime": 1.327, "Total Runtime": 1125.393, "Unique SQL Id": 1080450481}}, "(1, 85)": {"explain_plan": {"Plan": {"Node Type": "Aggregate", "Strategy": "Plain", "Startup Cost": 247183.87, "Total Cost": 247183.88, "Plan Rows": 1, "Plan Width": 16, "Plans": [{"Node Type": "Nested Loop", "Parent Relationship": "Outer", "Join Type": "Inner", "Startup Cost": 0.0, "Total Cost": 247181.85, "Plan Rows": 806, "Plan Width": 8, "Inner Unique": false, "Plans": [{"Node Type": "Nested Loop", "Parent Relationship": "Outer", "Join Type": "Inner", "Startup Cost": 0.0, "Total Cost": 235005.8, "Plan Rows": 438, "Plan Width": 24, "Inner Unique": true, "Plans": [{"Node Type": "Aggregate", "Strategy": "Sorted", "Parent Relationship": "Outer", "Startup Cost": 0.0, "Total Cost": 167743.36, "Plan Rows": 11032, "Plan Width": 80, "Group By Key": ["public.lineitem.l_partkey"], "Plans": [{"Node Type": "Nested Loop", "Parent Relationship": "Outer", "Join Type": "Inner", "Startup Cost": 0.0, "Total Cost": 167467.56, "Plan Rows": 11032, "Plan Width": 16, "Inner Unique": false, "Plans": [{"Node Type": "Index Scan", "Parent Relationship": "Outer", "Scan Direction": "Forward", "Index Name": "part_kpey", "Relation Name": "part", "Alias": "part", "Startup Cost": 0.0, "Total Cost": 110803.25, "Plan Rows": 2001, "Plan Width": 8, "Filter": "((p_brand = 'Brand#44'::bpchar) AND (p_container = 'WRAP PKG'::bpchar))"}, {"Node Type": "Index Scan", "Parent Relationship": "Inner", "Scan Direction": "Forward", "Index Name": "idx_lineitem_part_supp", "Relation Name": "lineitem", "Alias": "lineitem", "Startup Cost": 0.0, "Total Cost": 28.26, "Plan Rows": 6, "Plan Width": 16, "Index Cond": "(l_partkey = public.part.p_partkey)"}]}]}, {"Node Type": "Index Scan", "Parent Relationship": "Inner", "Scan Direction": "Forward", "Index Name": "part_kpey", "Relation Name": "part", "Alias": "part", "Startup Cost": 0.0, "Total Cost": 6.08, "Plan Rows": 1, "Plan Width": 8, "Index Cond": "(p_partkey = public.lineitem.l_partkey)", "Filter": "((p_brand = 'Brand#44'::bpchar) AND (p_container = 'WRAP PKG'::bpchar))"}]}, {"Node Type": "Index Scan", "Parent Relationship": "Inner", "Scan Direction": "Forward", "Index Name": "idx_lineitem_part_supp", "Relation Name": "lineitem", "Alias": "lineitem", "Startup Cost": 0.0, "Total Cost": 27.78, "Plan Rows": 2, "Plan Width": 24, "Index Cond": "(l_partkey = public.lineitem.l_partkey)", "Filter": "(l_quantity < (.2::double precision * (avg(public.lineitem.l_quantity))))"}]}]}, "Unique SQL Id": 1080450481}, "explain_analyze_plan": {"Plan": {"Node Type": "Aggregate", "Strategy": "Plain", "Startup Cost": 247183.87, "Total Cost": 247183.88, "Plan Rows": 1, "Plan Width": 16, "Actual Startup Time": 1657.115, "Actual Total Time": 1657.115, "Actual Rows": 1, "Actual Loops": 1, "Plans": [{"Node Type": "Nested Loop", "Parent Relationship": "Outer", "Join Type": "Inner", "Startup Cost": 0.0, "Total Cost": 247181.85, "Plan Rows": 806, "Plan Width": 8, "Actual Startup Time": 1.741, "Actual Total Time": 1655.898, "Actual Rows": 5403, "Actual Loops": 1, "Inner Unique": false, "Plans": [{"Node Type": "Nested Loop", "Parent Relationship": "Outer", "Join Type": "Inner", "Startup Cost": 0.0, "Total Cost": 235005.8, "Plan Rows": 438, "Plan Width": 24, "Actual Startup Time": 1.699, "Actual Total Time": 1576.826, "Actual Rows": 2003, "Actual Loops": 1, "Inner Unique": true, "Plans": [{"Node Type": "Aggregate", "Strategy": "Sorted", "Parent Relationship": "Outer", "Startup Cost": 0.0, "Total Cost": 167743.36, "Plan Rows": 11032, "Plan Width": 80, "Actual Startup Time": 1.686, "Actual Total Time": 1564.989, "Actual Rows": 2003, "Actual Loops": 1, "Group By Key": ["public.lineitem.l_partkey"], "Plans": [{"Node Type": "Nested Loop", "Parent Relationship": "Outer", "Join Type": "Inner", "Startup Cost": 0.0, "Total Cost": 167467.56, "Plan Rows": 11032, "Plan Width": 16, "Actual Startup Time": 0.571, "Actual Total Time": 1531.613, "Actual Rows": 60021, "Actual Loops": 1, "Inner Unique": false, "Plans": [{"Node Type": "Index Scan", "Parent Relationship": "Outer", "Scan Direction": "Forward", "Index Name": "part_kpey", "Relation Name": "part", "Alias": "part", "Startup Cost": 0.0, "Total Cost": 110803.25, "Plan Rows": 2001, "Plan Width": 8, "Actual Startup Time": 0.553, "Actual Total Time": 1347.731, "Actual Rows": 2003, "Actual Loops": 1, "Filter": "((p_brand = 'Brand#44'::bpchar) AND (p_container = 'WRAP PKG'::bpchar))", "Rows Removed by Filter": 1997997}, {"Node Type": "Index Scan", "Parent Relationship": "Inner", "Scan Direction": "Forward", "Index Name": "idx_lineitem_part_supp", "Relation Name": "lineitem", "Alias": "lineitem", "Startup Cost": 0.0, "Total Cost": 28.26, "Plan Rows": 6, "Plan Width": 16, "Actual Startup Time": 23.7, "Actual Total Time": 168.192, "Actual Rows": 60021, "Actual Loops": 2003, "Index Cond": "(l_partkey = public.part.p_partkey)", "Rows Removed by Index Recheck": 0}]}]}, {"Node Type": "Index Scan", "Parent Relationship": "Inner", "Scan Direction": "Forward", "Index Name": "part_kpey", "Relation Name": "part", "Alias": "part", "Startup Cost": 0.0, "Total Cost": 6.08, "Plan Rows": 1, "Plan Width": 8, "Actual Startup Time": 9.266, "Actual Total Time": 9.266, "Actual Rows": 2003, "Actual Loops": 2003, "Index Cond": "(p_partkey = public.lineitem.l_partkey)", "Rows Removed by Index Recheck": 0, "Filter": "((p_brand = 'Brand#44'::bpchar) AND (p_container = 'WRAP PKG'::bpchar))", "Rows Removed by Filter": 0}]}, {"Node Type": "Index Scan", "Parent Relationship": "Inner", "Scan Direction": "Forward", "Index Name": "idx_lineitem_part_supp", "Relation Name": "lineitem", "Alias": "lineitem", "Startup Cost": 0.0, "Total Cost": 27.78, "Plan Rows": 2, "Plan Width": 24, "Actual Startup Time": 33.161, "Actual Total Time": 76.14, "Actual Rows": 5403, "Actual Loops": 2003, "Index Cond": "(l_partkey = public.lineitem.l_partkey)", "Rows Removed by Index Recheck": 0, "Filter": "(l_quantity < (.2::double precision * (avg(public.lineitem.l_quantity))))", "Rows Removed by Filter": 54618}]}]}, "Triggers": [], "Planner Runtime": 1.323, "Total Runtime": 1657.326, "Unique SQL Id": 1080450481}}, "(1, 86)": {"explain_plan": {"Plan": {"Node Type": "Aggregate", "Strategy": "Plain", "Startup Cost": 213808.47, "Total Cost": 213808.48, "Plan Rows": 1, "Plan Width": 16, "Plans": [{"Node Type": "Nested Loop", "Parent Relationship": "Outer", "Join Type": "Inner", "Startup Cost": 128826.76, "Total Cost": 213806.45, "Plan Rows": 806, "Plan Width": 8, "Inner Unique": false, "Plans": [{"Node Type": "Nested Loop", "Parent Relationship": "Outer", "Join Type": "Inner", "Startup Cost": 128822.53, "Total Cost": 201406.27, "Plan Rows": 438, "Plan Width": 24, "Inner Unique": true, "Plans": [{"Node Type": "Aggregate", "Strategy": "Hashed", "Parent Relationship": "Outer", "Startup Cost": 128820.01, "Total Cost": 129013.07, "Plan Rows": 11032, "Plan Width": 16, "Group By Key": ["public.lineitem.l_partkey"], "Plans": [{"Node Type": "Nested Loop", "Parent Relationship": "Outer", "Join Type": "Inner", "Startup Cost": 4.28, "Total Cost": 128737.27, "Plan Rows": 11032, "Plan Width": 16, "Inner Unique": false, "Plans": [{"Node Type": "Seq Scan", "Parent Relationship": "Outer", "Relation Name": "part", "Alias": "part", "Startup Cost": 0.0, "Total Cost": 71944.0, "Plan Rows": 2001, "Plan Width": 8, "Filter": "((p_brand = 'Brand#44'::bpchar) AND (p_container = 'WRAP PKG'::bpchar))"}, {"Node Type": "Bitmap Heap Scan", "Parent Relationship": "Inner", "Relation Name": "lineitem", "Alias": "lineitem", "Startup Cost": 4.28, "Total Cost": 28.32, "Plan Rows": 6, "Plan Width": 16, "Recheck Cond": "(l_partkey = public.part.p_partkey)", "Plans": [{"Node Type": "Bitmap Index Scan", "Parent Relationship": "Outer", "Index Name": "idx_lineitem_part_supp", "Startup Cost": 0.0, "Total Cost": 4.28, "Plan Rows": 6, "Plan Width": 0, "Index Cond": "(l_partkey = public.part.p_partkey)"}]}]}]}, {"Node Type": "Bitmap Heap Scan", "Parent Relationship": "Inner", "Relation Name": "part", "Alias": "part", "Startup Cost": 2.52, "Total Cost": 6.54, "Plan Rows": 1, "Plan Width": 8, "Recheck Cond": "(p_partkey = public.lineitem.l_partkey)", "Filter": "((p_brand = 'Brand#44'::bpchar) AND (p_container = 'WRAP PKG'::bpchar))", "Plans": [{"Node Type": "Bitmap Index Scan", "Parent Relationship": "Outer", "Index Name": "part_kpey", "Startup Cost": 0.0, "Total Cost": 2.52, "Plan Rows": 1, "Plan Width": 0, "Index Cond": "(p_partkey = public.lineitem.l_partkey)"}]}]}, {"Node Type": "Bitmap Heap Scan", "Parent Relationship": "Inner", "Relation Name": "lineitem", "Alias": "lineitem", "Startup Cost": 4.22, "Total Cost": 28.29, "Plan Rows": 2, "Plan Width": 24, "Recheck Cond": "(l_partkey = public.lineitem.l_partkey)", "Filter": "(l_quantity < (.2::double precision * (avg(public.lineitem.l_quantity))))", "Plans": [{"Node Type": "Bitmap Index Scan", "Parent Relationship": "Outer", "Index Name": "idx_lineitem_part_supp", "Startup Cost": 0.0, "Total Cost": 4.22, "Plan Rows": 6, "Plan Width": 0, "Index Cond": "(l_partkey = public.lineitem.l_partkey)"}]}]}]}, "Unique SQL Id": 1080450481}, "explain_analyze_plan": {"Plan": {"Node Type": "Aggregate", "Strategy": "Plain", "Startup Cost": 213808.47, "Total Cost": 213808.48, "Plan Rows": 1, "Plan Width": 16, "Actual Startup Time": 1332.753, "Actual Total Time": 1332.753, "Actual Rows": 1, "Actual Loops": 1, "Plans": [{"Node Type": "Nested Loop", "Parent Relationship": "Outer", "Join Type": "Inner", "Startup Cost": 128826.76, "Total Cost": 213806.45, "Plan Rows": 806, "Plan Width": 8, "Actual Startup Time": 1119.036, "Actual Total Time": 1331.626, "Actual Rows": 5403, "Actual Loops": 1, "Inner Unique": false, "Plans": [{"Node Type": "Nested Loop", "Parent Relationship": "Outer", "Join Type": "Inner", "Startup Cost": 128822.53, "Total Cost": 201406.27, "Plan Rows": 438, "Plan Width": 24, "Actual Startup Time": 1118.956, "Actual Total Time": 1142.745, "Actual Rows": 2003, "Actual Loops": 1, "Inner Unique": true, "Plans": [{"Node Type": "Aggregate", "Strategy": "Hashed", "Parent Relationship": "Outer", "Startup Cost": 128820.01, "Total Cost": 129013.07, "Plan Rows": 11032, "Plan Width": 16, "Actual Startup Time": 1118.911, "Actual Total Time": 1120.833, "Actual Rows": 2003, "Actual Loops": 1, "Group By Key": ["public.lineitem.l_partkey"], "Plans": [{"Node Type": "Nested Loop", "Parent Relationship": "Outer", "Join Type": "Inner", "Startup Cost": 4.28, "Total Cost": 128737.27, "Plan Rows": 11032, "Plan Width": 16, "Actual Startup Time": 0.412, "Actual Total Time": 1078.48, "Actual Rows": 60021, "Actual Loops": 1, "Inner Unique": false, "Plans": [{"Node Type": "Seq Scan", "Parent Relationship": "Outer", "Relation Name": "part", "Alias": "part", "Startup Cost": 0.0, "Total Cost": 71944.0, "Plan Rows": 2001, "Plan Width": 8, "Actual Startup Time": 0.366, "Actual Total Time": 819.746, "Actual Rows": 2003, "Actual Loops": 1, "Filter": "((p_brand = 'Brand#44'::bpchar) AND (p_container = 'WRAP PKG'::bpchar))", "Rows Removed by Filter": 1997997}, {"Node Type": "Bitmap Heap Scan", "Parent Relationship": "Inner", "Relation Name": "lineitem", "Alias": "lineitem", "Startup Cost": 4.28, "Total Cost": 28.32, "Plan Rows": 6, "Plan Width": 16, "Actual Startup Time": 43.842, "Actual Total Time": 241.092, "Actual Rows": 60021, "Actual Loops": 2003, "Recheck Cond": "(l_partkey = public.part.p_partkey)", "Rows Removed by Index Recheck": 0, "Exact Heap Blocks": 60018, "Lossy Heap Blocks": 60018, "Plans": [{"Node Type": "Bitmap Index Scan", "Parent Relationship": "Outer", "Index Name": "idx_lineitem_part_supp", "Startup Cost": 0.0, "Total Cost": 4.28, "Plan Rows": 6, "Plan Width": 0, "Actual Startup Time": 28.842, "Actual Total Time": 28.842, "Actual Rows": 60021, "Actual Loops": 2003, "Index Cond": "(l_partkey = public.part.p_partkey)"}]}]}]}, {"Node Type": "Bitmap Heap Scan", "Parent Relationship": "Inner", "Relation Name": "part", "Alias": "part", "Startup Cost": 2.52, "Total Cost": 6.54, "Plan Rows": 1, "Plan Width": 8, "Actual Startup Time": 18.403, "Actual Total Time": 18.403, "Actual Rows": 2003, "Actual Loops": 2003, "Recheck Cond": "(p_partkey = public.lineitem.l_partkey)", "Rows Removed by Index Recheck": 0, "Filter": "((p_brand = 'Brand#44'::bpchar) AND (p_container = 'WRAP PKG'::bpchar))", "Rows Removed by Filter": 0, "Exact Heap Blocks": 2003, "Lossy Heap Blocks": 2003, "Plans": [{"Node Type": "Bitmap Index Scan", "Parent Relationship": "Outer", "Index Name": "part_kpey", "Startup Cost": 0.0, "Total Cost": 2.52, "Plan Rows": 1, "Plan Width": 0, "Actual Startup Time": 11.137, "Actual Total Time": 11.137, "Actual Rows": 2003, "Actual Loops": 2003, "Index Cond": "(p_partkey = public.lineitem.l_partkey)"}]}]}, {"Node Type": "Bitmap Heap Scan", "Parent Relationship": "Inner", "Relation Name": "lineitem", "Alias": "lineitem", "Startup Cost": 4.22, "Total Cost": 28.29, "Plan Rows": 2, "Plan Width": 24, "Actual Startup Time": 83.292, "Actual Total Time": 184.714, "Actual Rows": 5403, "Actual Loops": 2003, "Recheck Cond": "(l_partkey = public.lineitem.l_partkey)", "Rows Removed by Index Recheck": 0, "Filter": "(l_quantity < (.2::double precision * (avg(public.lineitem.l_quantity))))", "Rows Removed by Filter": 54618, "Exact Heap Blocks": 60018, "Lossy Heap Blocks": 60018, "Plans": [{"Node Type": "Bitmap Index Scan", "Parent Relationship": "Outer", "Index Name": "idx_lineitem_part_supp", "Startup Cost": 0.0, "Total Cost": 4.22, "Plan Rows": 6, "Plan Width": 0, "Actual Startup Time": 24.575, "Actual Total Time": 24.575, "Actual Rows": 60021, "Actual Loops": 2003, "Index Cond": "(l_partkey = public.lineitem.l_partkey)"}]}]}]}, "Triggers": [], "Planner Runtime": 1.125, "Total Runtime": 1333.115, "Unique SQL Id": 1080450481}}, "(1, 87)": {"explain_plan": {"Plan": {"Node Type": "Aggregate", "Strategy": "Plain", "Startup Cost": 1001032279502.61, "Total Cost": 1001032279502.62, "Plan Rows": 1, "Plan Width": 16, "Plans": [{"Node Type": "Nested Loop", "Parent Relationship": "Outer", "Join Type": "Inner", "Startup Cost": 10000000004.74, "Total Cost": 1001032279500.6, "Plan Rows": 806, "Plan Width": 8, "Inner Unique": true, "Join Filter": "(public.lineitem.l_partkey = public.part.p_partkey)", "Plans": [{"Node Type": "Nested Loop", "Parent Relationship": "Outer", "Join Type": "Inner", "Startup Cost": 10000000004.48, "Total Cost": 1001032192561.0, "Plan Rows": 20274, "Plan Width": 24, "Inner Unique": false, "Plans": [{"Node Type": "Aggregate", "Strategy": "Sorted", "Parent Relationship": "Outer", "Startup Cost": 10000000000.26, "Total Cost": 1001031880124.59, "Plan Rows": 11032, "Plan Width": 80, "Group By Key": ["public.lineitem.l_partkey"], "Plans": [{"Node Type": "Nested Loop", "Parent Relationship": "Outer", "Join Type": "Semi", "Startup Cost": 10000000000.26, "Total Cost": 1001031879848.79, "Plan Rows": 11032, "Plan Width": 16, "Inner Unique": false, "Plans": [{"Node Type": "Index Scan", "Parent Relationship": "Outer", "Scan Direction": "Forward", "Index Name": "idx_lineitem_part_supp", "Relation Name": "lineitem", "Alias": "lineitem", "Startup Cost": 10000000000.0, "Total Cost": 1000775391319.64, "Plan Rows": 59987033, "Plan Width": 16}, {"Node Type": "Bitmap Heap Scan", "Parent Relationship": "Inner", "Relation Name": "part", "Alias": "part", "Startup Cost": 0.26, "Total Cost": 4.28, "Plan Rows": 1, "Plan Width": 8, "Recheck Cond": "(p_partkey = public.lineitem.l_partkey)", "Filter": "((p_brand = 'Brand#44'::bpchar) AND (p_container = 'WRAP PKG'::bpchar))", "Plans": [{"Node Type": "Bitmap Index Scan", "Parent Relationship": "Outer", "Index Name": "part_kpey", "Startup Cost": 0.0, "Total Cost": 0.26, "Plan Rows": 1, "Plan Width": 0, "Index Cond": "(p_partkey = public.lineitem.l_partkey)"}]}]}]}, {"Node Type": "Bitmap Heap Scan", "Parent Relationship": "Inner", "Relation Name": "lineitem", "Alias": "lineitem", "Startup Cost": 4.22, "Total Cost": 28.29, "Plan Rows": 2, "Plan Width": 24, "Recheck Cond": "(l_partkey = public.lineitem.l_partkey)", "Filter": "(l_quantity < (.2::double precision * (avg(public.lineitem.l_quantity))))", "Plans": [{"Node Type": "Bitmap Index Scan", "Parent Relationship": "Outer", "Index Name": "idx_lineitem_part_supp", "Startup Cost": 0.0, "Total Cost": 4.22, "Plan Rows": 6, "Plan Width": 0, "Index Cond": "(l_partkey = public.lineitem.l_partkey)"}]}]}, {"Node Type": "Bitmap Heap Scan", "Parent Relationship": "Inner", "Relation Name": "part", "Alias": "part", "Startup Cost": 0.26, "Total Cost": 4.28, "Plan Rows": 1, "Plan Width": 8, "Recheck Cond": "(p_partkey = public.lineitem.l_partkey)", "Filter": "((p_brand = 'Brand#44'::bpchar) AND (p_container = 'WRAP PKG'::bpchar))", "Plans": [{"Node Type": "Bitmap Index Scan", "Parent Relationship": "Outer", "Index Name": "part_kpey", "Startup Cost": 0.0, "Total Cost": 0.26, "Plan Rows": 1, "Plan Width": 0, "Index Cond": "(p_partkey = public.lineitem.l_partkey)"}]}]}]}, "Unique SQL Id": 1080450481}, "explain_analyze_plan": null}, "(1, 88)": {"explain_plan": {"Plan": {"Node Type": "Aggregate", "Strategy": "Plain", "Startup Cost": 208324.62, "Total Cost": 208324.63, "Plan Rows": 1, "Plan Width": 16, "Plans": [{"Node Type": "Nested Loop", "Parent Relationship": "Outer", "Join Type": "Inner", "Startup Cost": 128691.05, "Total Cost": 208322.6, "Plan Rows": 806, "Plan Width": 8, "Inner Unique": false, "Plans": [{"Node Type": "Nested Loop", "Parent Relationship": "Outer", "Join Type": "Inner", "Startup Cost": 128691.05, "Total Cost": 196146.55, "Plan Rows": 438, "Plan Width": 24, "Inner Unique": true, "Plans": [{"Node Type": "Aggregate", "Strategy": "Hashed", "Parent Relationship": "Outer", "Startup Cost": 128691.05, "Total Cost": 128884.11, "Plan Rows": 11032, "Plan Width": 16, "Group By Key": ["public.lineitem.l_partkey"], "Plans": [{"Node Type": "Nested Loop", "Parent Relationship": "Outer", "Join Type": "Inner", "Startup Cost": 0.0, "Total Cost": 128608.31, "Plan Rows": 11032, "Plan Width": 16, "Inner Unique": false, "Plans": [{"Node Type": "Seq Scan", "Parent Relationship": "Outer", "Relation Name": "part", "Alias": "part", "Startup Cost": 0.0, "Total Cost": 71944.0, "Plan Rows": 2001, "Plan Width": 8, "Filter": "((p_brand = 'Brand#44'::bpchar) AND (p_container = 'WRAP PKG'::bpchar))"}, {"Node Type": "Index Scan", "Parent Relationship": "Inner", "Scan Direction": "Forward", "Index Name": "idx_lineitem_part_supp", "Relation Name": "lineitem", "Alias": "lineitem", "Startup Cost": 0.0, "Total Cost": 28.26, "Plan Rows": 6, "Plan Width": 16, "Index Cond": "(l_partkey = public.part.p_partkey)"}]}]}, {"Node Type": "Index Scan", "Parent Relationship": "Inner", "Scan Direction": "Forward", "Index Name": "part_kpey", "Relation Name": "part", "Alias": "part", "Startup Cost": 0.0, "Total Cost": 6.08, "Plan Rows": 1, "Plan Width": 8, "Index Cond": "(p_partkey = public.lineitem.l_partkey)", "Filter": "((p_brand = 'Brand#44'::bpchar) AND (p_container = 'WRAP PKG'::bpchar))"}]}, {"Node Type": "Index Scan", "Parent Relationship": "Inner", "Scan Direction": "Forward", "Index Name": "idx_lineitem_part_supp", "Relation Name": "lineitem", "Alias": "lineitem", "Startup Cost": 0.0, "Total Cost": 27.78, "Plan Rows": 2, "Plan Width": 24, "Index Cond": "(l_partkey = public.lineitem.l_partkey)", "Filter": "(l_quantity < (.2::double precision * (avg(public.lineitem.l_quantity))))"}]}]}, "Unique SQL Id": 1080450481}, "explain_analyze_plan": {"Plan": {"Node Type": "Aggregate", "Strategy": "Plain", "Startup Cost": 208324.62, "Total Cost": 208324.63, "Plan Rows": 1, "Plan Width": 16, "Actual Startup Time": 1125.155, "Actual Total Time": 1125.155, "Actual Rows": 1, "Actual Loops": 1, "Plans": [{"Node Type": "Nested Loop", "Parent Relationship": "Outer", "Join Type": "Inner", "Startup Cost": 128691.05, "Total Cost": 208322.6, "Plan Rows": 806, "Plan Width": 8, "Actual Startup Time": 968.471, "Actual Total Time": 1124.094, "Actual Rows": 5403, "Actual Loops": 1, "Inner Unique": false, "Plans": [{"Node Type": "Nested Loop", "Parent Relationship": "Outer", "Join Type": "Inner", "Startup Cost": 128691.05, "Total Cost": 196146.55, "Plan Rows": 438, "Plan Width": 24, "Actual Startup Time": 968.443, "Actual Total Time": 984.459, "Actual Rows": 2003, "Actual Loops": 1, "Inner Unique": true, "Plans": [{"Node Type": "Aggregate", "Strategy": "Hashed", "Parent Relationship": "Outer", "Startup Cost": 128691.05, "Total Cost": 128884.11, "Plan Rows": 11032, "Plan Width": 16, "Actual Startup Time": 968.416, "Actual Total Time": 969.922, "Actual Rows": 2003, "Actual Loops": 1, "Group By Key": ["public.lineitem.l_partkey"], "Plans": [{"Node Type": "Nested Loop", "Parent Relationship": "Outer", "Join Type": "Inner", "Startup Cost": 0.0, "Total Cost": 128608.31, "Plan Rows": 11032, "Plan Width": 16, "Actual Startup Time": 0.373, "Actual Total Time": 927.032, "Actual Rows": 60021, "Actual Loops": 1, "Inner Unique": false, "Plans": [{"Node Type": "Seq Scan", "Parent Relationship": "Outer", "Relation Name": "part", "Alias": "part", "Startup Cost": 0.0, "Total Cost": 71944.0, "Plan Rows": 2001, "Plan Width": 8, "Actual Startup Time": 0.35, "Actual Total Time": 770.343, "Actual Rows": 2003, "Actual Loops": 1, "Filter": "((p_brand = 'Brand#44'::bpchar) AND (p_container = 'WRAP PKG'::bpchar))", "Rows Removed by Filter": 1997997}, {"Node Type": "Index Scan", "Parent Relationship": "Inner", "Scan Direction": "Forward", "Index Name": "idx_lineitem_part_supp", "Relation Name": "lineitem", "Alias": "lineitem", "Startup Cost": 0.0, "Total Cost": 28.26, "Plan Rows": 6, "Plan Width": 16, "Actual Startup Time": 21.245, "Actual Total Time": 142.059, "Actual Rows": 60021, "Actual Loops": 2003, "Index Cond": "(l_partkey = public.part.p_partkey)", "Rows Removed by Index Recheck": 0}]}]}, {"Node Type": "Index Scan", "Parent Relationship": "Inner", "Scan Direction": "Forward", "Index Name": "part_kpey", "Relation Name": "part", "Alias": "part", "Startup Cost": 0.0, "Total Cost": 6.08, "Plan Rows": 1, "Plan Width": 8, "Actual Startup Time": 12.854, "Actual Total Time": 12.854, "Actual Rows": 2003, "Actual Loops": 2003, "Index Cond": "(p_partkey = public.lineitem.l_partkey)", "Rows Removed by Index Recheck": 0, "Filter": "((p_brand = 'Brand#44'::bpchar) AND (p_container = 'WRAP PKG'::bpchar))", "Rows Removed by Filter": 0}]}, {"Node Type": "Index Scan", "Parent Relationship": "Inner", "Scan Direction": "Forward", "Index Name": "idx_lineitem_part_supp", "Relation Name": "lineitem", "Alias": "lineitem", "Startup Cost": 0.0, "Total Cost": 27.78, "Plan Rows": 2, "Plan Width": 24, "Actual Startup Time": 57.238, "Actual Total Time": 137.264, "Actual Rows": 5403, "Actual Loops": 2003, "Index Cond": "(l_partkey = public.lineitem.l_partkey)", "Rows Removed by Index Recheck": 0, "Filter": "(l_quantity < (.2::double precision * (avg(public.lineitem.l_quantity))))", "Rows Removed by Filter": 54618}]}]}, "Triggers": [], "Planner Runtime": 1.327, "Total Runtime": 1125.393, "Unique SQL Id": 1080450481}}, "(1, 89)": {"explain_plan": {"Plan": {"Node Type": "Aggregate", "Strategy": "Plain", "Startup Cost": 247183.87, "Total Cost": 247183.88, "Plan Rows": 1, "Plan Width": 16, "Plans": [{"Node Type": "Nested Loop", "Parent Relationship": "Outer", "Join Type": "Inner", "Startup Cost": 0.0, "Total Cost": 247181.85, "Plan Rows": 806, "Plan Width": 8, "Inner Unique": false, "Plans": [{"Node Type": "Nested Loop", "Parent Relationship": "Outer", "Join Type": "Inner", "Startup Cost": 0.0, "Total Cost": 235005.8, "Plan Rows": 438, "Plan Width": 24, "Inner Unique": true, "Plans": [{"Node Type": "Aggregate", "Strategy": "Sorted", "Parent Relationship": "Outer", "Startup Cost": 0.0, "Total Cost": 167743.36, "Plan Rows": 11032, "Plan Width": 80, "Group By Key": ["public.lineitem.l_partkey"], "Plans": [{"Node Type": "Nested Loop", "Parent Relationship": "Outer", "Join Type": "Inner", "Startup Cost": 0.0, "Total Cost": 167467.56, "Plan Rows": 11032, "Plan Width": 16, "Inner Unique": false, "Plans": [{"Node Type": "Index Scan", "Parent Relationship": "Outer", "Scan Direction": "Forward", "Index Name": "part_kpey", "Relation Name": "part", "Alias": "part", "Startup Cost": 0.0, "Total Cost": 110803.25, "Plan Rows": 2001, "Plan Width": 8, "Filter": "((p_brand = 'Brand#44'::bpchar) AND (p_container = 'WRAP PKG'::bpchar))"}, {"Node Type": "Index Scan", "Parent Relationship": "Inner", "Scan Direction": "Forward", "Index Name": "idx_lineitem_part_supp", "Relation Name": "lineitem", "Alias": "lineitem", "Startup Cost": 0.0, "Total Cost": 28.26, "Plan Rows": 6, "Plan Width": 16, "Index Cond": "(l_partkey = public.part.p_partkey)"}]}]}, {"Node Type": "Index Scan", "Parent Relationship": "Inner", "Scan Direction": "Forward", "Index Name": "part_kpey", "Relation Name": "part", "Alias": "part", "Startup Cost": 0.0, "Total Cost": 6.08, "Plan Rows": 1, "Plan Width": 8, "Index Cond": "(p_partkey = public.lineitem.l_partkey)", "Filter": "((p_brand = 'Brand#44'::bpchar) AND (p_container = 'WRAP PKG'::bpchar))"}]}, {"Node Type": "Index Scan", "Parent Relationship": "Inner", "Scan Direction": "Forward", "Index Name": "idx_lineitem_part_supp", "Relation Name": "lineitem", "Alias": "lineitem", "Startup Cost": 0.0, "Total Cost": 27.78, "Plan Rows": 2, "Plan Width": 24, "Index Cond": "(l_partkey = public.lineitem.l_partkey)", "Filter": "(l_quantity < (.2::double precision * (avg(public.lineitem.l_quantity))))"}]}]}, "Unique SQL Id": 1080450481}, "explain_analyze_plan": {"Plan": {"Node Type": "Aggregate", "Strategy": "Plain", "Startup Cost": 247183.87, "Total Cost": 247183.88, "Plan Rows": 1, "Plan Width": 16, "Actual Startup Time": 1657.115, "Actual Total Time": 1657.115, "Actual Rows": 1, "Actual Loops": 1, "Plans": [{"Node Type": "Nested Loop", "Parent Relationship": "Outer", "Join Type": "Inner", "Startup Cost": 0.0, "Total Cost": 247181.85, "Plan Rows": 806, "Plan Width": 8, "Actual Startup Time": 1.741, "Actual Total Time": 1655.898, "Actual Rows": 5403, "Actual Loops": 1, "Inner Unique": false, "Plans": [{"Node Type": "Nested Loop", "Parent Relationship": "Outer", "Join Type": "Inner", "Startup Cost": 0.0, "Total Cost": 235005.8, "Plan Rows": 438, "Plan Width": 24, "Actual Startup Time": 1.699, "Actual Total Time": 1576.826, "Actual Rows": 2003, "Actual Loops": 1, "Inner Unique": true, "Plans": [{"Node Type": "Aggregate", "Strategy": "Sorted", "Parent Relationship": "Outer", "Startup Cost": 0.0, "Total Cost": 167743.36, "Plan Rows": 11032, "Plan Width": 80, "Actual Startup Time": 1.686, "Actual Total Time": 1564.989, "Actual Rows": 2003, "Actual Loops": 1, "Group By Key": ["public.lineitem.l_partkey"], "Plans": [{"Node Type": "Nested Loop", "Parent Relationship": "Outer", "Join Type": "Inner", "Startup Cost": 0.0, "Total Cost": 167467.56, "Plan Rows": 11032, "Plan Width": 16, "Actual Startup Time": 0.571, "Actual Total Time": 1531.613, "Actual Rows": 60021, "Actual Loops": 1, "Inner Unique": false, "Plans": [{"Node Type": "Index Scan", "Parent Relationship": "Outer", "Scan Direction": "Forward", "Index Name": "part_kpey", "Relation Name": "part", "Alias": "part", "Startup Cost": 0.0, "Total Cost": 110803.25, "Plan Rows": 2001, "Plan Width": 8, "Actual Startup Time": 0.553, "Actual Total Time": 1347.731, "Actual Rows": 2003, "Actual Loops": 1, "Filter": "((p_brand = 'Brand#44'::bpchar) AND (p_container = 'WRAP PKG'::bpchar))", "Rows Removed by Filter": 1997997}, {"Node Type": "Index Scan", "Parent Relationship": "Inner", "Scan Direction": "Forward", "Index Name": "idx_lineitem_part_supp", "Relation Name": "lineitem", "Alias": "lineitem", "Startup Cost": 0.0, "Total Cost": 28.26, "Plan Rows": 6, "Plan Width": 16, "Actual Startup Time": 23.7, "Actual Total Time": 168.192, "Actual Rows": 60021, "Actual Loops": 2003, "Index Cond": "(l_partkey = public.part.p_partkey)", "Rows Removed by Index Recheck": 0}]}]}, {"Node Type": "Index Scan", "Parent Relationship": "Inner", "Scan Direction": "Forward", "Index Name": "part_kpey", "Relation Name": "part", "Alias": "part", "Startup Cost": 0.0, "Total Cost": 6.08, "Plan Rows": 1, "Plan Width": 8, "Actual Startup Time": 9.266, "Actual Total Time": 9.266, "Actual Rows": 2003, "Actual Loops": 2003, "Index Cond": "(p_partkey = public.lineitem.l_partkey)", "Rows Removed by Index Recheck": 0, "Filter": "((p_brand = 'Brand#44'::bpchar) AND (p_container = 'WRAP PKG'::bpchar))", "Rows Removed by Filter": 0}]}, {"Node Type": "Index Scan", "Parent Relationship": "Inner", "Scan Direction": "Forward", "Index Name": "idx_lineitem_part_supp", "Relation Name": "lineitem", "Alias": "lineitem", "Startup Cost": 0.0, "Total Cost": 27.78, "Plan Rows": 2, "Plan Width": 24, "Actual Startup Time": 33.161, "Actual Total Time": 76.14, "Actual Rows": 5403, "Actual Loops": 2003, "Index Cond": "(l_partkey = public.lineitem.l_partkey)", "Rows Removed by Index Recheck": 0, "Filter": "(l_quantity < (.2::double precision * (avg(public.lineitem.l_quantity))))", "Rows Removed by Filter": 54618}]}]}, "Triggers": [], "Planner Runtime": 1.323, "Total Runtime": 1657.326, "Unique SQL Id": 1080450481}}, "(1, 90)": {"explain_plan": {"Plan": {"Node Type": "Aggregate", "Strategy": "Plain", "Startup Cost": 20274334.15, "Total Cost": 20274334.16, "Plan Rows": 1, "Plan Width": 16, "Plans": [{"Node Type": "Merge Join", "Parent Relationship": "Outer", "Join Type": "Inner", "Startup Cost": 19673876.07, "Total Cost": 20274332.13, "Plan Rows": 806, "Plan Width": 8, "Inner Unique": false, "Merge Cond": "(public.lineitem.l_partkey = public.lineitem.l_partkey)", "Join Filter": "(public.lineitem.l_quantity < (.2::double precision * (avg(public.lineitem.l_quantity))))", "Plans": [{"Node Type": "Merge Join", "Parent Relationship": "Outer", "Join Type": "Inner", "Startup Cost": 9908991.76, "Total Cost": 10209475.33, "Plan Rows": 438, "Plan Width": 24, "Inner Unique": true, "Merge Cond": "(public.lineitem.l_partkey = public.part.p_partkey)", "Plans": [{"Node Type": "Aggregate", "Strategy": "Sorted", "Parent Relationship": "Outer", "Startup Cost": 9836938.04, "Total Cost": 10137269.33, "Plan Rows": 11032, "Plan Width": 80, "Group By Key": ["public.lineitem.l_partkey"], "Plans": [{"Node Type": "Merge Join", "Parent Relationship": "Outer", "Join Type": "Inner", "Startup Cost": 9836938.04, "Total Cost": 10136993.53, "Plan Rows": 11032, "Plan Width": 16, "Inner Unique": false, "Merge Cond": "(public.part.p_partkey = public.lineitem.l_partkey)", "Plans": [{"Node Type": "Sort", "Parent Relationship": "Outer", "Startup Cost": 72053.72, "Total Cost": 72058.72, "Plan Rows": 2001, "Plan Width": 8, "Sort Key": ["public.part.p_partkey"], "Plans": [{"Node Type": "Seq Scan", "Parent Relationship": "Outer", "Relation Name": "part", "Alias": "part", "Startup Cost": 0.0, "Total Cost": 71944.0, "Plan Rows": 2001, "Plan Width": 8, "Filter": "((p_brand = 'Brand#44'::bpchar) AND (p_container = 'WRAP PKG'::bpchar))"}]}, {"Node Type": "Sort", "Parent Relationship": "Inner", "Startup Cost": 9764884.32, "Total Cost": 9914851.9, "Plan Rows": 59987033, "Plan Width": 16, "Sort Key": ["public.lineitem.l_partkey"], "Plans": [{"Node Type": "Seq Scan", "Parent Relationship": "Outer", "Relation Name": "lineitem", "Alias": "lineitem", "Startup Cost": 0.0, "Total Cost": 2015115.33, "Plan Rows": 59987033, "Plan Width": 16}]}]}]}, {"Node Type": "Sort", "Parent Relationship": "Inner", "Startup Cost": 72053.72, "Total Cost": 72058.72, "Plan Rows": 2001, "Plan Width": 8, "Sort Key": ["public.part.p_partkey"], "Plans": [{"Node Type": "Seq Scan", "Parent Relationship": "Outer", "Relation Name": "part", "Alias": "part", "Startup Cost": 0.0, "Total Cost": 71944.0, "Plan Rows": 2001, "Plan Width": 8, "Filter": "((p_brand = 'Brand#44'::bpchar) AND (p_container = 'WRAP PKG'::bpchar))"}]}]}, {"Node Type": "Sort", "Parent Relationship": "Inner", "Startup Cost": 9764884.32, "Total Cost": 9914851.9, "Plan Rows": 59987033, "Plan Width": 24, "Sort Key": ["public.lineitem.l_partkey"], "Plans": [{"Node Type": "Seq Scan", "Parent Relationship": "Outer", "Relation Name": "lineitem", "Alias": "lineitem", "Startup Cost": 0.0, "Total Cost": 2015115.33, "Plan Rows": 59987033, "Plan Width": 24}]}]}]}, "Unique SQL Id": 1080450481}, "explain_analyze_plan": null}, "(1, 91)": {"explain_plan": {"Plan": {"Node Type": "Aggregate", "Strategy": "Plain", "Startup Cost": 4001573244062.54, "Total Cost": 4001573244062.55, "Plan Rows": 1, "Plan Width": 16, "Plans": [{"Node Type": "Merge Join", "Parent Relationship": "Outer", "Join Type": "Inner", "Startup Cost": 40000000000.0, "Total Cost": 4001573244060.52, "Plan Rows": 806, "Plan Width": 8, "Inner Unique": true, "Merge Cond": "(public.part.p_partkey = public.lineitem.l_partkey)", "Join Filter": "(public.lineitem.l_quantity < (.2::double precision * (avg(public.lineitem.l_quantity))))", "Plans": [{"Node Type": "Merge Join", "Parent Relationship": "Outer", "Join Type": "Inner", "Startup Cost": 20000000000.0, "Total Cost": 2000786621777.7, "Plan Rows": 11032, "Plan Width": 32, "Inner Unique": true, "Merge Cond": "(public.lineitem.l_partkey = public.part.p_partkey)", "Plans": [{"Node Type": "Index Scan", "Parent Relationship": "Outer", "Scan Direction": "Forward", "Index Name": "idx_lineitem_part_supp", "Relation Name": "lineitem", "Alias": "lineitem", "Startup Cost": 10000000000.0, "Total Cost": 1000775391319.64, "Plan Rows": 59987033, "Plan Width": 24}, {"Node Type": "Materialize", "Parent Relationship": "Inner", "Startup Cost": 10000000000.0, "Total Cost": 1000011080330.0, "Plan Rows": 2001, "Plan Width": 8, "Plans": [{"Node Type": "Index Scan", "Parent Relationship": "Outer", "Scan Direction": "Forward", "Index Name": "part_kpey", "Relation Name": "part", "Alias": "part", "Startup Cost": 10000000000.0, "Total Cost": 1000011080325.0, "Plan Rows": 2001, "Plan Width": 8, "Filter": "((p_brand = 'Brand#44'::bpchar) AND (p_container = 'WRAP PKG'::bpchar))"}]}]}, {"Node Type": "Materialize", "Parent Relationship": "Inner", "Startup Cost": 20000000000.0, "Total Cost": 2000786622191.4, "Plan Rows": 11032, "Plan Width": 16, "Plans": [{"Node Type": "Aggregate", "Strategy": "Sorted", "Parent Relationship": "Outer", "Startup Cost": 20000000000.0, "Total Cost": 2000786622053.5, "Plan Rows": 11032, "Plan Width": 80, "Group By Key": ["public.lineitem.l_partkey"], "Plans": [{"Node Type": "Merge Join", "Parent Relationship": "Outer", "Join Type": "Semi", "Startup Cost": 20000000000.0, "Total Cost": 2000786621777.7, "Plan Rows": 11032, "Plan Width": 16, "Inner Unique": false, "Merge Cond": "(public.lineitem.l_partkey = public.part.p_partkey)", "Plans": [{"Node Type": "Index Scan", "Parent Relationship": "Outer", "Scan Direction": "Forward", "Index Name": "idx_lineitem_part_supp", "Relation Name": "lineitem", "Alias": "lineitem", "Startup Cost": 10000000000.0, "Total Cost": 1000775391319.64, "Plan Rows": 59987033, "Plan Width": 16}, {"Node Type": "Materialize", "Parent Relationship": "Inner", "Startup Cost": 10000000000.0, "Total Cost": 1000011080330.0, "Plan Rows": 2001, "Plan Width": 8, "Plans": [{"Node Type": "Index Scan", "Parent Relationship": "Outer", "Scan Direction": "Forward", "Index Name": "part_kpey", "Relation Name": "part", "Alias": "part", "Startup Cost": 10000000000.0, "Total Cost": 1000011080325.0, "Plan Rows": 2001, "Plan Width": 8, "Filter": "((p_brand = 'Brand#44'::bpchar) AND (p_container = 'WRAP PKG'::bpchar))"}]}]}]}]}]}]}, "Unique SQL Id": 1080450481}, "explain_analyze_plan": null}, "(1, 92)": {"explain_plan": {"Plan": {"Node Type": "Aggregate", "Strategy": "Plain", "Startup Cost": 208324.62, "Total Cost": 208324.63, "Plan Rows": 1, "Plan Width": 16, "Plans": [{"Node Type": "Nested Loop", "Parent Relationship": "Outer", "Join Type": "Inner", "Startup Cost": 128691.05, "Total Cost": 208322.6, "Plan Rows": 806, "Plan Width": 8, "Inner Unique": false, "Plans": [{"Node Type": "Nested Loop", "Parent Relationship": "Outer", "Join Type": "Inner", "Startup Cost": 128691.05, "Total Cost": 196146.55, "Plan Rows": 438, "Plan Width": 24, "Inner Unique": true, "Plans": [{"Node Type": "Aggregate", "Strategy": "Hashed", "Parent Relationship": "Outer", "Startup Cost": 128691.05, "Total Cost": 128884.11, "Plan Rows": 11032, "Plan Width": 16, "Group By Key": ["public.lineitem.l_partkey"], "Plans": [{"Node Type": "Nested Loop", "Parent Relationship": "Outer", "Join Type": "Inner", "Startup Cost": 0.0, "Total Cost": 128608.31, "Plan Rows": 11032, "Plan Width": 16, "Inner Unique": false, "Plans": [{"Node Type": "Seq Scan", "Parent Relationship": "Outer", "Relation Name": "part", "Alias": "part", "Startup Cost": 0.0, "Total Cost": 71944.0, "Plan Rows": 2001, "Plan Width": 8, "Filter": "((p_brand = 'Brand#44'::bpchar) AND (p_container = 'WRAP PKG'::bpchar))"}, {"Node Type": "Index Scan", "Parent Relationship": "Inner", "Scan Direction": "Forward", "Index Name": "idx_lineitem_part_supp", "Relation Name": "lineitem", "Alias": "lineitem", "Startup Cost": 0.0, "Total Cost": 28.26, "Plan Rows": 6, "Plan Width": 16, "Index Cond": "(l_partkey = public.part.p_partkey)"}]}]}, {"Node Type": "Index Scan", "Parent Relationship": "Inner", "Scan Direction": "Forward", "Index Name": "part_kpey", "Relation Name": "part", "Alias": "part", "Startup Cost": 0.0, "Total Cost": 6.08, "Plan Rows": 1, "Plan Width": 8, "Index Cond": "(p_partkey = public.lineitem.l_partkey)", "Filter": "((p_brand = 'Brand#44'::bpchar) AND (p_container = 'WRAP PKG'::bpchar))"}]}, {"Node Type": "Index Scan", "Parent Relationship": "Inner", "Scan Direction": "Forward", "Index Name": "idx_lineitem_part_supp", "Relation Name": "lineitem", "Alias": "lineitem", "Startup Cost": 0.0, "Total Cost": 27.78, "Plan Rows": 2, "Plan Width": 24, "Index Cond": "(l_partkey = public.lineitem.l_partkey)", "Filter": "(l_quantity < (.2::double precision * (avg(public.lineitem.l_quantity))))"}]}]}, "Unique SQL Id": 1080450481}, "explain_analyze_plan": {"Plan": {"Node Type": "Aggregate", "Strategy": "Plain", "Startup Cost": 208324.62, "Total Cost": 208324.63, "Plan Rows": 1, "Plan Width": 16, "Actual Startup Time": 1125.155, "Actual Total Time": 1125.155, "Actual Rows": 1, "Actual Loops": 1, "Plans": [{"Node Type": "Nested Loop", "Parent Relationship": "Outer", "Join Type": "Inner", "Startup Cost": 128691.05, "Total Cost": 208322.6, "Plan Rows": 806, "Plan Width": 8, "Actual Startup Time": 968.471, "Actual Total Time": 1124.094, "Actual Rows": 5403, "Actual Loops": 1, "Inner Unique": false, "Plans": [{"Node Type": "Nested Loop", "Parent Relationship": "Outer", "Join Type": "Inner", "Startup Cost": 128691.05, "Total Cost": 196146.55, "Plan Rows": 438, "Plan Width": 24, "Actual Startup Time": 968.443, "Actual Total Time": 984.459, "Actual Rows": 2003, "Actual Loops": 1, "Inner Unique": true, "Plans": [{"Node Type": "Aggregate", "Strategy": "Hashed", "Parent Relationship": "Outer", "Startup Cost": 128691.05, "Total Cost": 128884.11, "Plan Rows": 11032, "Plan Width": 16, "Actual Startup Time": 968.416, "Actual Total Time": 969.922, "Actual Rows": 2003, "Actual Loops": 1, "Group By Key": ["public.lineitem.l_partkey"], "Plans": [{"Node Type": "Nested Loop", "Parent Relationship": "Outer", "Join Type": "Inner", "Startup Cost": 0.0, "Total Cost": 128608.31, "Plan Rows": 11032, "Plan Width": 16, "Actual Startup Time": 0.373, "Actual Total Time": 927.032, "Actual Rows": 60021, "Actual Loops": 1, "Inner Unique": false, "Plans": [{"Node Type": "Seq Scan", "Parent Relationship": "Outer", "Relation Name": "part", "Alias": "part", "Startup Cost": 0.0, "Total Cost": 71944.0, "Plan Rows": 2001, "Plan Width": 8, "Actual Startup Time": 0.35, "Actual Total Time": 770.343, "Actual Rows": 2003, "Actual Loops": 1, "Filter": "((p_brand = 'Brand#44'::bpchar) AND (p_container = 'WRAP PKG'::bpchar))", "Rows Removed by Filter": 1997997}, {"Node Type": "Index Scan", "Parent Relationship": "Inner", "Scan Direction": "Forward", "Index Name": "idx_lineitem_part_supp", "Relation Name": "lineitem", "Alias": "lineitem", "Startup Cost": 0.0, "Total Cost": 28.26, "Plan Rows": 6, "Plan Width": 16, "Actual Startup Time": 21.245, "Actual Total Time": 142.059, "Actual Rows": 60021, "Actual Loops": 2003, "Index Cond": "(l_partkey = public.part.p_partkey)", "Rows Removed by Index Recheck": 0}]}]}, {"Node Type": "Index Scan", "Parent Relationship": "Inner", "Scan Direction": "Forward", "Index Name": "part_kpey", "Relation Name": "part", "Alias": "part", "Startup Cost": 0.0, "Total Cost": 6.08, "Plan Rows": 1, "Plan Width": 8, "Actual Startup Time": 12.854, "Actual Total Time": 12.854, "Actual Rows": 2003, "Actual Loops": 2003, "Index Cond": "(p_partkey = public.lineitem.l_partkey)", "Rows Removed by Index Recheck": 0, "Filter": "((p_brand = 'Brand#44'::bpchar) AND (p_container = 'WRAP PKG'::bpchar))", "Rows Removed by Filter": 0}]}, {"Node Type": "Index Scan", "Parent Relationship": "Inner", "Scan Direction": "Forward", "Index Name": "idx_lineitem_part_supp", "Relation Name": "lineitem", "Alias": "lineitem", "Startup Cost": 0.0, "Total Cost": 27.78, "Plan Rows": 2, "Plan Width": 24, "Actual Startup Time": 57.238, "Actual Total Time": 137.264, "Actual Rows": 5403, "Actual Loops": 2003, "Index Cond": "(l_partkey = public.lineitem.l_partkey)", "Rows Removed by Index Recheck": 0, "Filter": "(l_quantity < (.2::double precision * (avg(public.lineitem.l_quantity))))", "Rows Removed by Filter": 54618}]}]}, "Triggers": [], "Planner Runtime": 1.327, "Total Runtime": 1125.393, "Unique SQL Id": 1080450481}}, "(1, 93)": {"explain_plan": {"Plan": {"Node Type": "Aggregate", "Strategy": "Plain", "Startup Cost": 247183.87, "Total Cost": 247183.88, "Plan Rows": 1, "Plan Width": 16, "Plans": [{"Node Type": "Nested Loop", "Parent Relationship": "Outer", "Join Type": "Inner", "Startup Cost": 0.0, "Total Cost": 247181.85, "Plan Rows": 806, "Plan Width": 8, "Inner Unique": false, "Plans": [{"Node Type": "Nested Loop", "Parent Relationship": "Outer", "Join Type": "Inner", "Startup Cost": 0.0, "Total Cost": 235005.8, "Plan Rows": 438, "Plan Width": 24, "Inner Unique": true, "Plans": [{"Node Type": "Aggregate", "Strategy": "Sorted", "Parent Relationship": "Outer", "Startup Cost": 0.0, "Total Cost": 167743.36, "Plan Rows": 11032, "Plan Width": 80, "Group By Key": ["public.lineitem.l_partkey"], "Plans": [{"Node Type": "Nested Loop", "Parent Relationship": "Outer", "Join Type": "Inner", "Startup Cost": 0.0, "Total Cost": 167467.56, "Plan Rows": 11032, "Plan Width": 16, "Inner Unique": false, "Plans": [{"Node Type": "Index Scan", "Parent Relationship": "Outer", "Scan Direction": "Forward", "Index Name": "part_kpey", "Relation Name": "part", "Alias": "part", "Startup Cost": 0.0, "Total Cost": 110803.25, "Plan Rows": 2001, "Plan Width": 8, "Filter": "((p_brand = 'Brand#44'::bpchar) AND (p_container = 'WRAP PKG'::bpchar))"}, {"Node Type": "Index Scan", "Parent Relationship": "Inner", "Scan Direction": "Forward", "Index Name": "idx_lineitem_part_supp", "Relation Name": "lineitem", "Alias": "lineitem", "Startup Cost": 0.0, "Total Cost": 28.26, "Plan Rows": 6, "Plan Width": 16, "Index Cond": "(l_partkey = public.part.p_partkey)"}]}]}, {"Node Type": "Index Scan", "Parent Relationship": "Inner", "Scan Direction": "Forward", "Index Name": "part_kpey", "Relation Name": "part", "Alias": "part", "Startup Cost": 0.0, "Total Cost": 6.08, "Plan Rows": 1, "Plan Width": 8, "Index Cond": "(p_partkey = public.lineitem.l_partkey)", "Filter": "((p_brand = 'Brand#44'::bpchar) AND (p_container = 'WRAP PKG'::bpchar))"}]}, {"Node Type": "Index Scan", "Parent Relationship": "Inner", "Scan Direction": "Forward", "Index Name": "idx_lineitem_part_supp", "Relation Name": "lineitem", "Alias": "lineitem", "Startup Cost": 0.0, "Total Cost": 27.78, "Plan Rows": 2, "Plan Width": 24, "Index Cond": "(l_partkey = public.lineitem.l_partkey)", "Filter": "(l_quantity < (.2::double precision * (avg(public.lineitem.l_quantity))))"}]}]}, "Unique SQL Id": 1080450481}, "explain_analyze_plan": {"Plan": {"Node Type": "Aggregate", "Strategy": "Plain", "Startup Cost": 247183.87, "Total Cost": 247183.88, "Plan Rows": 1, "Plan Width": 16, "Actual Startup Time": 1657.115, "Actual Total Time": 1657.115, "Actual Rows": 1, "Actual Loops": 1, "Plans": [{"Node Type": "Nested Loop", "Parent Relationship": "Outer", "Join Type": "Inner", "Startup Cost": 0.0, "Total Cost": 247181.85, "Plan Rows": 806, "Plan Width": 8, "Actual Startup Time": 1.741, "Actual Total Time": 1655.898, "Actual Rows": 5403, "Actual Loops": 1, "Inner Unique": false, "Plans": [{"Node Type": "Nested Loop", "Parent Relationship": "Outer", "Join Type": "Inner", "Startup Cost": 0.0, "Total Cost": 235005.8, "Plan Rows": 438, "Plan Width": 24, "Actual Startup Time": 1.699, "Actual Total Time": 1576.826, "Actual Rows": 2003, "Actual Loops": 1, "Inner Unique": true, "Plans": [{"Node Type": "Aggregate", "Strategy": "Sorted", "Parent Relationship": "Outer", "Startup Cost": 0.0, "Total Cost": 167743.36, "Plan Rows": 11032, "Plan Width": 80, "Actual Startup Time": 1.686, "Actual Total Time": 1564.989, "Actual Rows": 2003, "Actual Loops": 1, "Group By Key": ["public.lineitem.l_partkey"], "Plans": [{"Node Type": "Nested Loop", "Parent Relationship": "Outer", "Join Type": "Inner", "Startup Cost": 0.0, "Total Cost": 167467.56, "Plan Rows": 11032, "Plan Width": 16, "Actual Startup Time": 0.571, "Actual Total Time": 1531.613, "Actual Rows": 60021, "Actual Loops": 1, "Inner Unique": false, "Plans": [{"Node Type": "Index Scan", "Parent Relationship": "Outer", "Scan Direction": "Forward", "Index Name": "part_kpey", "Relation Name": "part", "Alias": "part", "Startup Cost": 0.0, "Total Cost": 110803.25, "Plan Rows": 2001, "Plan Width": 8, "Actual Startup Time": 0.553, "Actual Total Time": 1347.731, "Actual Rows": 2003, "Actual Loops": 1, "Filter": "((p_brand = 'Brand#44'::bpchar) AND (p_container = 'WRAP PKG'::bpchar))", "Rows Removed by Filter": 1997997}, {"Node Type": "Index Scan", "Parent Relationship": "Inner", "Scan Direction": "Forward", "Index Name": "idx_lineitem_part_supp", "Relation Name": "lineitem", "Alias": "lineitem", "Startup Cost": 0.0, "Total Cost": 28.26, "Plan Rows": 6, "Plan Width": 16, "Actual Startup Time": 23.7, "Actual Total Time": 168.192, "Actual Rows": 60021, "Actual Loops": 2003, "Index Cond": "(l_partkey = public.part.p_partkey)", "Rows Removed by Index Recheck": 0}]}]}, {"Node Type": "Index Scan", "Parent Relationship": "Inner", "Scan Direction": "Forward", "Index Name": "part_kpey", "Relation Name": "part", "Alias": "part", "Startup Cost": 0.0, "Total Cost": 6.08, "Plan Rows": 1, "Plan Width": 8, "Actual Startup Time": 9.266, "Actual Total Time": 9.266, "Actual Rows": 2003, "Actual Loops": 2003, "Index Cond": "(p_partkey = public.lineitem.l_partkey)", "Rows Removed by Index Recheck": 0, "Filter": "((p_brand = 'Brand#44'::bpchar) AND (p_container = 'WRAP PKG'::bpchar))", "Rows Removed by Filter": 0}]}, {"Node Type": "Index Scan", "Parent Relationship": "Inner", "Scan Direction": "Forward", "Index Name": "idx_lineitem_part_supp", "Relation Name": "lineitem", "Alias": "lineitem", "Startup Cost": 0.0, "Total Cost": 27.78, "Plan Rows": 2, "Plan Width": 24, "Actual Startup Time": 33.161, "Actual Total Time": 76.14, "Actual Rows": 5403, "Actual Loops": 2003, "Index Cond": "(l_partkey = public.lineitem.l_partkey)", "Rows Removed by Index Recheck": 0, "Filter": "(l_quantity < (.2::double precision * (avg(public.lineitem.l_quantity))))", "Rows Removed by Filter": 54618}]}]}, "Triggers": [], "Planner Runtime": 1.323, "Total Runtime": 1657.326, "Unique SQL Id": 1080450481}}, "(1, 94)": {"explain_plan": {"Plan": {"Node Type": "Aggregate", "Strategy": "Plain", "Startup Cost": 20274334.15, "Total Cost": 20274334.16, "Plan Rows": 1, "Plan Width": 16, "Plans": [{"Node Type": "Merge Join", "Parent Relationship": "Outer", "Join Type": "Inner", "Startup Cost": 19673876.07, "Total Cost": 20274332.13, "Plan Rows": 806, "Plan Width": 8, "Inner Unique": false, "Merge Cond": "(public.lineitem.l_partkey = public.lineitem.l_partkey)", "Join Filter": "(public.lineitem.l_quantity < (.2::double precision * (avg(public.lineitem.l_quantity))))", "Plans": [{"Node Type": "Merge Join", "Parent Relationship": "Outer", "Join Type": "Inner", "Startup Cost": 9908991.76, "Total Cost": 10209475.33, "Plan Rows": 438, "Plan Width": 24, "Inner Unique": true, "Merge Cond": "(public.lineitem.l_partkey = public.part.p_partkey)", "Plans": [{"Node Type": "Aggregate", "Strategy": "Sorted", "Parent Relationship": "Outer", "Startup Cost": 9836938.04, "Total Cost": 10137269.33, "Plan Rows": 11032, "Plan Width": 80, "Group By Key": ["public.lineitem.l_partkey"], "Plans": [{"Node Type": "Merge Join", "Parent Relationship": "Outer", "Join Type": "Inner", "Startup Cost": 9836938.04, "Total Cost": 10136993.53, "Plan Rows": 11032, "Plan Width": 16, "Inner Unique": false, "Merge Cond": "(public.part.p_partkey = public.lineitem.l_partkey)", "Plans": [{"Node Type": "Sort", "Parent Relationship": "Outer", "Startup Cost": 72053.72, "Total Cost": 72058.72, "Plan Rows": 2001, "Plan Width": 8, "Sort Key": ["public.part.p_partkey"], "Plans": [{"Node Type": "Seq Scan", "Parent Relationship": "Outer", "Relation Name": "part", "Alias": "part", "Startup Cost": 0.0, "Total Cost": 71944.0, "Plan Rows": 2001, "Plan Width": 8, "Filter": "((p_brand = 'Brand#44'::bpchar) AND (p_container = 'WRAP PKG'::bpchar))"}]}, {"Node Type": "Sort", "Parent Relationship": "Inner", "Startup Cost": 9764884.32, "Total Cost": 9914851.9, "Plan Rows": 59987033, "Plan Width": 16, "Sort Key": ["public.lineitem.l_partkey"], "Plans": [{"Node Type": "Seq Scan", "Parent Relationship": "Outer", "Relation Name": "lineitem", "Alias": "lineitem", "Startup Cost": 0.0, "Total Cost": 2015115.33, "Plan Rows": 59987033, "Plan Width": 16}]}]}]}, {"Node Type": "Sort", "Parent Relationship": "Inner", "Startup Cost": 72053.72, "Total Cost": 72058.72, "Plan Rows": 2001, "Plan Width": 8, "Sort Key": ["public.part.p_partkey"], "Plans": [{"Node Type": "Seq Scan", "Parent Relationship": "Outer", "Relation Name": "part", "Alias": "part", "Startup Cost": 0.0, "Total Cost": 71944.0, "Plan Rows": 2001, "Plan Width": 8, "Filter": "((p_brand = 'Brand#44'::bpchar) AND (p_container = 'WRAP PKG'::bpchar))"}]}]}, {"Node Type": "Sort", "Parent Relationship": "Inner", "Startup Cost": 9764884.32, "Total Cost": 9914851.9, "Plan Rows": 59987033, "Plan Width": 24, "Sort Key": ["public.lineitem.l_partkey"], "Plans": [{"Node Type": "Seq Scan", "Parent Relationship": "Outer", "Relation Name": "lineitem", "Alias": "lineitem", "Startup Cost": 0.0, "Total Cost": 2015115.33, "Plan Rows": 59987033, "Plan Width": 24}]}]}]}, "Unique SQL Id": 1080450481}, "explain_analyze_plan": null}, "(1, 95)": {"explain_plan": {"Plan": {"Node Type": "Aggregate", "Strategy": "Plain", "Startup Cost": 4001573244062.54, "Total Cost": 4001573244062.55, "Plan Rows": 1, "Plan Width": 16, "Plans": [{"Node Type": "Merge Join", "Parent Relationship": "Outer", "Join Type": "Inner", "Startup Cost": 40000000000.0, "Total Cost": 4001573244060.52, "Plan Rows": 806, "Plan Width": 8, "Inner Unique": true, "Merge Cond": "(public.part.p_partkey = public.lineitem.l_partkey)", "Join Filter": "(public.lineitem.l_quantity < (.2::double precision * (avg(public.lineitem.l_quantity))))", "Plans": [{"Node Type": "Merge Join", "Parent Relationship": "Outer", "Join Type": "Inner", "Startup Cost": 20000000000.0, "Total Cost": 2000786621777.7, "Plan Rows": 11032, "Plan Width": 32, "Inner Unique": true, "Merge Cond": "(public.lineitem.l_partkey = public.part.p_partkey)", "Plans": [{"Node Type": "Index Scan", "Parent Relationship": "Outer", "Scan Direction": "Forward", "Index Name": "idx_lineitem_part_supp", "Relation Name": "lineitem", "Alias": "lineitem", "Startup Cost": 10000000000.0, "Total Cost": 1000775391319.64, "Plan Rows": 59987033, "Plan Width": 24}, {"Node Type": "Materialize", "Parent Relationship": "Inner", "Startup Cost": 10000000000.0, "Total Cost": 1000011080330.0, "Plan Rows": 2001, "Plan Width": 8, "Plans": [{"Node Type": "Index Scan", "Parent Relationship": "Outer", "Scan Direction": "Forward", "Index Name": "part_kpey", "Relation Name": "part", "Alias": "part", "Startup Cost": 10000000000.0, "Total Cost": 1000011080325.0, "Plan Rows": 2001, "Plan Width": 8, "Filter": "((p_brand = 'Brand#44'::bpchar) AND (p_container = 'WRAP PKG'::bpchar))"}]}]}, {"Node Type": "Materialize", "Parent Relationship": "Inner", "Startup Cost": 20000000000.0, "Total Cost": 2000786622191.4, "Plan Rows": 11032, "Plan Width": 16, "Plans": [{"Node Type": "Aggregate", "Strategy": "Sorted", "Parent Relationship": "Outer", "Startup Cost": 20000000000.0, "Total Cost": 2000786622053.5, "Plan Rows": 11032, "Plan Width": 80, "Group By Key": ["public.lineitem.l_partkey"], "Plans": [{"Node Type": "Merge Join", "Parent Relationship": "Outer", "Join Type": "Semi", "Startup Cost": 20000000000.0, "Total Cost": 2000786621777.7, "Plan Rows": 11032, "Plan Width": 16, "Inner Unique": false, "Merge Cond": "(public.lineitem.l_partkey = public.part.p_partkey)", "Plans": [{"Node Type": "Index Scan", "Parent Relationship": "Outer", "Scan Direction": "Forward", "Index Name": "idx_lineitem_part_supp", "Relation Name": "lineitem", "Alias": "lineitem", "Startup Cost": 10000000000.0, "Total Cost": 1000775391319.64, "Plan Rows": 59987033, "Plan Width": 16}, {"Node Type": "Materialize", "Parent Relationship": "Inner", "Startup Cost": 10000000000.0, "Total Cost": 1000011080330.0, "Plan Rows": 2001, "Plan Width": 8, "Plans": [{"Node Type": "Index Scan", "Parent Relationship": "Outer", "Scan Direction": "Forward", "Index Name": "part_kpey", "Relation Name": "part", "Alias": "part", "Startup Cost": 10000000000.0, "Total Cost": 1000011080325.0, "Plan Rows": 2001, "Plan Width": 8, "Filter": "((p_brand = 'Brand#44'::bpchar) AND (p_container = 'WRAP PKG'::bpchar))"}]}]}]}]}]}]}, "Unique SQL Id": 1080450481}, "explain_analyze_plan": null}, "(1, 96)": {"explain_plan": {"Plan": {"Node Type": "Aggregate", "Strategy": "Plain", "Startup Cost": 208324.62, "Total Cost": 208324.63, "Plan Rows": 1, "Plan Width": 16, "Plans": [{"Node Type": "Nested Loop", "Parent Relationship": "Outer", "Join Type": "Inner", "Startup Cost": 128691.05, "Total Cost": 208322.6, "Plan Rows": 806, "Plan Width": 8, "Inner Unique": false, "Plans": [{"Node Type": "Nested Loop", "Parent Relationship": "Outer", "Join Type": "Inner", "Startup Cost": 128691.05, "Total Cost": 196146.55, "Plan Rows": 438, "Plan Width": 24, "Inner Unique": true, "Plans": [{"Node Type": "Aggregate", "Strategy": "Hashed", "Parent Relationship": "Outer", "Startup Cost": 128691.05, "Total Cost": 128884.11, "Plan Rows": 11032, "Plan Width": 16, "Group By Key": ["public.lineitem.l_partkey"], "Plans": [{"Node Type": "Nested Loop", "Parent Relationship": "Outer", "Join Type": "Inner", "Startup Cost": 0.0, "Total Cost": 128608.31, "Plan Rows": 11032, "Plan Width": 16, "Inner Unique": false, "Plans": [{"Node Type": "Seq Scan", "Parent Relationship": "Outer", "Relation Name": "part", "Alias": "part", "Startup Cost": 0.0, "Total Cost": 71944.0, "Plan Rows": 2001, "Plan Width": 8, "Filter": "((p_brand = 'Brand#44'::bpchar) AND (p_container = 'WRAP PKG'::bpchar))"}, {"Node Type": "Index Scan", "Parent Relationship": "Inner", "Scan Direction": "Forward", "Index Name": "idx_lineitem_part_supp", "Relation Name": "lineitem", "Alias": "lineitem", "Startup Cost": 0.0, "Total Cost": 28.26, "Plan Rows": 6, "Plan Width": 16, "Index Cond": "(l_partkey = public.part.p_partkey)"}]}]}, {"Node Type": "Index Scan", "Parent Relationship": "Inner", "Scan Direction": "Forward", "Index Name": "part_kpey", "Relation Name": "part", "Alias": "part", "Startup Cost": 0.0, "Total Cost": 6.08, "Plan Rows": 1, "Plan Width": 8, "Index Cond": "(p_partkey = public.lineitem.l_partkey)", "Filter": "((p_brand = 'Brand#44'::bpchar) AND (p_container = 'WRAP PKG'::bpchar))"}]}, {"Node Type": "Index Scan", "Parent Relationship": "Inner", "Scan Direction": "Forward", "Index Name": "idx_lineitem_part_supp", "Relation Name": "lineitem", "Alias": "lineitem", "Startup Cost": 0.0, "Total Cost": 27.78, "Plan Rows": 2, "Plan Width": 24, "Index Cond": "(l_partkey = public.lineitem.l_partkey)", "Filter": "(l_quantity < (.2::double precision * (avg(public.lineitem.l_quantity))))"}]}]}, "Unique SQL Id": 1080450481}, "explain_analyze_plan": {"Plan": {"Node Type": "Aggregate", "Strategy": "Plain", "Startup Cost": 208324.62, "Total Cost": 208324.63, "Plan Rows": 1, "Plan Width": 16, "Actual Startup Time": 1125.155, "Actual Total Time": 1125.155, "Actual Rows": 1, "Actual Loops": 1, "Plans": [{"Node Type": "Nested Loop", "Parent Relationship": "Outer", "Join Type": "Inner", "Startup Cost": 128691.05, "Total Cost": 208322.6, "Plan Rows": 806, "Plan Width": 8, "Actual Startup Time": 968.471, "Actual Total Time": 1124.094, "Actual Rows": 5403, "Actual Loops": 1, "Inner Unique": false, "Plans": [{"Node Type": "Nested Loop", "Parent Relationship": "Outer", "Join Type": "Inner", "Startup Cost": 128691.05, "Total Cost": 196146.55, "Plan Rows": 438, "Plan Width": 24, "Actual Startup Time": 968.443, "Actual Total Time": 984.459, "Actual Rows": 2003, "Actual Loops": 1, "Inner Unique": true, "Plans": [{"Node Type": "Aggregate", "Strategy": "Hashed", "Parent Relationship": "Outer", "Startup Cost": 128691.05, "Total Cost": 128884.11, "Plan Rows": 11032, "Plan Width": 16, "Actual Startup Time": 968.416, "Actual Total Time": 969.922, "Actual Rows": 2003, "Actual Loops": 1, "Group By Key": ["public.lineitem.l_partkey"], "Plans": [{"Node Type": "Nested Loop", "Parent Relationship": "Outer", "Join Type": "Inner", "Startup Cost": 0.0, "Total Cost": 128608.31, "Plan Rows": 11032, "Plan Width": 16, "Actual Startup Time": 0.373, "Actual Total Time": 927.032, "Actual Rows": 60021, "Actual Loops": 1, "Inner Unique": false, "Plans": [{"Node Type": "Seq Scan", "Parent Relationship": "Outer", "Relation Name": "part", "Alias": "part", "Startup Cost": 0.0, "Total Cost": 71944.0, "Plan Rows": 2001, "Plan Width": 8, "Actual Startup Time": 0.35, "Actual Total Time": 770.343, "Actual Rows": 2003, "Actual Loops": 1, "Filter": "((p_brand = 'Brand#44'::bpchar) AND (p_container = 'WRAP PKG'::bpchar))", "Rows Removed by Filter": 1997997}, {"Node Type": "Index Scan", "Parent Relationship": "Inner", "Scan Direction": "Forward", "Index Name": "idx_lineitem_part_supp", "Relation Name": "lineitem", "Alias": "lineitem", "Startup Cost": 0.0, "Total Cost": 28.26, "Plan Rows": 6, "Plan Width": 16, "Actual Startup Time": 21.245, "Actual Total Time": 142.059, "Actual Rows": 60021, "Actual Loops": 2003, "Index Cond": "(l_partkey = public.part.p_partkey)", "Rows Removed by Index Recheck": 0}]}]}, {"Node Type": "Index Scan", "Parent Relationship": "Inner", "Scan Direction": "Forward", "Index Name": "part_kpey", "Relation Name": "part", "Alias": "part", "Startup Cost": 0.0, "Total Cost": 6.08, "Plan Rows": 1, "Plan Width": 8, "Actual Startup Time": 12.854, "Actual Total Time": 12.854, "Actual Rows": 2003, "Actual Loops": 2003, "Index Cond": "(p_partkey = public.lineitem.l_partkey)", "Rows Removed by Index Recheck": 0, "Filter": "((p_brand = 'Brand#44'::bpchar) AND (p_container = 'WRAP PKG'::bpchar))", "Rows Removed by Filter": 0}]}, {"Node Type": "Index Scan", "Parent Relationship": "Inner", "Scan Direction": "Forward", "Index Name": "idx_lineitem_part_supp", "Relation Name": "lineitem", "Alias": "lineitem", "Startup Cost": 0.0, "Total Cost": 27.78, "Plan Rows": 2, "Plan Width": 24, "Actual Startup Time": 57.238, "Actual Total Time": 137.264, "Actual Rows": 5403, "Actual Loops": 2003, "Index Cond": "(l_partkey = public.lineitem.l_partkey)", "Rows Removed by Index Recheck": 0, "Filter": "(l_quantity < (.2::double precision * (avg(public.lineitem.l_quantity))))", "Rows Removed by Filter": 54618}]}]}, "Triggers": [], "Planner Runtime": 1.327, "Total Runtime": 1125.393, "Unique SQL Id": 1080450481}}, "(1, 97)": {"explain_plan": {"Plan": {"Node Type": "Aggregate", "Strategy": "Plain", "Startup Cost": 247183.87, "Total Cost": 247183.88, "Plan Rows": 1, "Plan Width": 16, "Plans": [{"Node Type": "Nested Loop", "Parent Relationship": "Outer", "Join Type": "Inner", "Startup Cost": 0.0, "Total Cost": 247181.85, "Plan Rows": 806, "Plan Width": 8, "Inner Unique": false, "Plans": [{"Node Type": "Nested Loop", "Parent Relationship": "Outer", "Join Type": "Inner", "Startup Cost": 0.0, "Total Cost": 235005.8, "Plan Rows": 438, "Plan Width": 24, "Inner Unique": true, "Plans": [{"Node Type": "Aggregate", "Strategy": "Sorted", "Parent Relationship": "Outer", "Startup Cost": 0.0, "Total Cost": 167743.36, "Plan Rows": 11032, "Plan Width": 80, "Group By Key": ["public.lineitem.l_partkey"], "Plans": [{"Node Type": "Nested Loop", "Parent Relationship": "Outer", "Join Type": "Inner", "Startup Cost": 0.0, "Total Cost": 167467.56, "Plan Rows": 11032, "Plan Width": 16, "Inner Unique": false, "Plans": [{"Node Type": "Index Scan", "Parent Relationship": "Outer", "Scan Direction": "Forward", "Index Name": "part_kpey", "Relation Name": "part", "Alias": "part", "Startup Cost": 0.0, "Total Cost": 110803.25, "Plan Rows": 2001, "Plan Width": 8, "Filter": "((p_brand = 'Brand#44'::bpchar) AND (p_container = 'WRAP PKG'::bpchar))"}, {"Node Type": "Index Scan", "Parent Relationship": "Inner", "Scan Direction": "Forward", "Index Name": "idx_lineitem_part_supp", "Relation Name": "lineitem", "Alias": "lineitem", "Startup Cost": 0.0, "Total Cost": 28.26, "Plan Rows": 6, "Plan Width": 16, "Index Cond": "(l_partkey = public.part.p_partkey)"}]}]}, {"Node Type": "Index Scan", "Parent Relationship": "Inner", "Scan Direction": "Forward", "Index Name": "part_kpey", "Relation Name": "part", "Alias": "part", "Startup Cost": 0.0, "Total Cost": 6.08, "Plan Rows": 1, "Plan Width": 8, "Index Cond": "(p_partkey = public.lineitem.l_partkey)", "Filter": "((p_brand = 'Brand#44'::bpchar) AND (p_container = 'WRAP PKG'::bpchar))"}]}, {"Node Type": "Index Scan", "Parent Relationship": "Inner", "Scan Direction": "Forward", "Index Name": "idx_lineitem_part_supp", "Relation Name": "lineitem", "Alias": "lineitem", "Startup Cost": 0.0, "Total Cost": 27.78, "Plan Rows": 2, "Plan Width": 24, "Index Cond": "(l_partkey = public.lineitem.l_partkey)", "Filter": "(l_quantity < (.2::double precision * (avg(public.lineitem.l_quantity))))"}]}]}, "Unique SQL Id": 1080450481}, "explain_analyze_plan": {"Plan": {"Node Type": "Aggregate", "Strategy": "Plain", "Startup Cost": 247183.87, "Total Cost": 247183.88, "Plan Rows": 1, "Plan Width": 16, "Actual Startup Time": 1657.115, "Actual Total Time": 1657.115, "Actual Rows": 1, "Actual Loops": 1, "Plans": [{"Node Type": "Nested Loop", "Parent Relationship": "Outer", "Join Type": "Inner", "Startup Cost": 0.0, "Total Cost": 247181.85, "Plan Rows": 806, "Plan Width": 8, "Actual Startup Time": 1.741, "Actual Total Time": 1655.898, "Actual Rows": 5403, "Actual Loops": 1, "Inner Unique": false, "Plans": [{"Node Type": "Nested Loop", "Parent Relationship": "Outer", "Join Type": "Inner", "Startup Cost": 0.0, "Total Cost": 235005.8, "Plan Rows": 438, "Plan Width": 24, "Actual Startup Time": 1.699, "Actual Total Time": 1576.826, "Actual Rows": 2003, "Actual Loops": 1, "Inner Unique": true, "Plans": [{"Node Type": "Aggregate", "Strategy": "Sorted", "Parent Relationship": "Outer", "Startup Cost": 0.0, "Total Cost": 167743.36, "Plan Rows": 11032, "Plan Width": 80, "Actual Startup Time": 1.686, "Actual Total Time": 1564.989, "Actual Rows": 2003, "Actual Loops": 1, "Group By Key": ["public.lineitem.l_partkey"], "Plans": [{"Node Type": "Nested Loop", "Parent Relationship": "Outer", "Join Type": "Inner", "Startup Cost": 0.0, "Total Cost": 167467.56, "Plan Rows": 11032, "Plan Width": 16, "Actual Startup Time": 0.571, "Actual Total Time": 1531.613, "Actual Rows": 60021, "Actual Loops": 1, "Inner Unique": false, "Plans": [{"Node Type": "Index Scan", "Parent Relationship": "Outer", "Scan Direction": "Forward", "Index Name": "part_kpey", "Relation Name": "part", "Alias": "part", "Startup Cost": 0.0, "Total Cost": 110803.25, "Plan Rows": 2001, "Plan Width": 8, "Actual Startup Time": 0.553, "Actual Total Time": 1347.731, "Actual Rows": 2003, "Actual Loops": 1, "Filter": "((p_brand = 'Brand#44'::bpchar) AND (p_container = 'WRAP PKG'::bpchar))", "Rows Removed by Filter": 1997997}, {"Node Type": "Index Scan", "Parent Relationship": "Inner", "Scan Direction": "Forward", "Index Name": "idx_lineitem_part_supp", "Relation Name": "lineitem", "Alias": "lineitem", "Startup Cost": 0.0, "Total Cost": 28.26, "Plan Rows": 6, "Plan Width": 16, "Actual Startup Time": 23.7, "Actual Total Time": 168.192, "Actual Rows": 60021, "Actual Loops": 2003, "Index Cond": "(l_partkey = public.part.p_partkey)", "Rows Removed by Index Recheck": 0}]}]}, {"Node Type": "Index Scan", "Parent Relationship": "Inner", "Scan Direction": "Forward", "Index Name": "part_kpey", "Relation Name": "part", "Alias": "part", "Startup Cost": 0.0, "Total Cost": 6.08, "Plan Rows": 1, "Plan Width": 8, "Actual Startup Time": 9.266, "Actual Total Time": 9.266, "Actual Rows": 2003, "Actual Loops": 2003, "Index Cond": "(p_partkey = public.lineitem.l_partkey)", "Rows Removed by Index Recheck": 0, "Filter": "((p_brand = 'Brand#44'::bpchar) AND (p_container = 'WRAP PKG'::bpchar))", "Rows Removed by Filter": 0}]}, {"Node Type": "Index Scan", "Parent Relationship": "Inner", "Scan Direction": "Forward", "Index Name": "idx_lineitem_part_supp", "Relation Name": "lineitem", "Alias": "lineitem", "Startup Cost": 0.0, "Total Cost": 27.78, "Plan Rows": 2, "Plan Width": 24, "Actual Startup Time": 33.161, "Actual Total Time": 76.14, "Actual Rows": 5403, "Actual Loops": 2003, "Index Cond": "(l_partkey = public.lineitem.l_partkey)", "Rows Removed by Index Recheck": 0, "Filter": "(l_quantity < (.2::double precision * (avg(public.lineitem.l_quantity))))", "Rows Removed by Filter": 54618}]}]}, "Triggers": [], "Planner Runtime": 1.323, "Total Runtime": 1657.326, "Unique SQL Id": 1080450481}}, "(1, 98)": {"explain_plan": {"Plan": {"Node Type": "Aggregate", "Strategy": "Plain", "Startup Cost": 213754.44, "Total Cost": 213754.45, "Plan Rows": 1, "Plan Width": 16, "Plans": [{"Node Type": "Nested Loop", "Parent Relationship": "Outer", "Join Type": "Inner", "Startup Cost": 129265.51, "Total Cost": 213752.42, "Plan Rows": 806, "Plan Width": 8, "Inner Unique": false, "Plans": [{"Node Type": "Hash Join", "Parent Relationship": "Outer", "Join Type": "Inner", "Startup Cost": 129261.29, "Total Cost": 201352.24, "Plan Rows": 438, "Plan Width": 24, "Inner Unique": true, "Hash Cond": "(public.part.p_partkey = subquery.\"?column?\")", "Plans": [{"Node Type": "Seq Scan", "Parent Relationship": "Outer", "Relation Name": "part", "Alias": "part", "Startup Cost": 0.0, "Total Cost": 71944.0, "Plan Rows": 2001, "Plan Width": 8, "Filter": "((p_brand = 'Brand#44'::bpchar) AND (p_container = 'WRAP PKG'::bpchar))"}, {"Node Type": "Hash", "Parent Relationship": "Inner", "Startup Cost": 129123.39, "Total Cost": 129123.39, "Plan Rows": 11032, "Plan Width": 16, "Plans": [{"Node Type": "Subquery Scan", "Parent Relationship": "Outer", "Alias": "subquery", "Startup Cost": 128820.01, "Total Cost": 129123.39, "Plan Rows": 11032, "Plan Width": 16, "Plans": [{"Node Type": "Aggregate", "Strategy": "Hashed", "Parent Relationship": "Subquery", "Startup Cost": 128820.01, "Total Cost": 129013.07, "Plan Rows": 11032, "Plan Width": 16, "Group By Key": ["public.lineitem.l_partkey"], "Plans": [{"Node Type": "Nested Loop", "Parent Relationship": "Outer", "Join Type": "Inner", "Startup Cost": 4.28, "Total Cost": 128737.27, "Plan Rows": 11032, "Plan Width": 16, "Inner Unique": false, "Plans": [{"Node Type": "Seq Scan", "Parent Relationship": "Outer", "Relation Name": "part", "Alias": "part", "Startup Cost": 0.0, "Total Cost": 71944.0, "Plan Rows": 2001, "Plan Width": 8, "Filter": "((p_brand = 'Brand#44'::bpchar) AND (p_container = 'WRAP PKG'::bpchar))"}, {"Node Type": "Bitmap Heap Scan", "Parent Relationship": "Inner", "Relation Name": "lineitem", "Alias": "lineitem", "Startup Cost": 4.28, "Total Cost": 28.32, "Plan Rows": 6, "Plan Width": 16, "Recheck Cond": "(l_partkey = public.part.p_partkey)", "Plans": [{"Node Type": "Bitmap Index Scan", "Parent Relationship": "Outer", "Index Name": "idx_lineitem_part_supp", "Startup Cost": 0.0, "Total Cost": 4.28, "Plan Rows": 6, "Plan Width": 0, "Index Cond": "(l_partkey = public.part.p_partkey)"}]}]}]}]}]}]}, {"Node Type": "Bitmap Heap Scan", "Parent Relationship": "Inner", "Relation Name": "lineitem", "Alias": "lineitem", "Startup Cost": 4.22, "Total Cost": 28.29, "Plan Rows": 2, "Plan Width": 24, "Recheck Cond": "(l_partkey = subquery.\"?column?\")", "Filter": "(l_quantity < (.2::double precision * subquery.\"?column?\"))", "Plans": [{"Node Type": "Bitmap Index Scan", "Parent Relationship": "Outer", "Index Name": "idx_lineitem_part_supp", "Startup Cost": 0.0, "Total Cost": 4.22, "Plan Rows": 6, "Plan Width": 0, "Index Cond": "(l_partkey = subquery.\"?column?\")"}]}]}]}, "Unique SQL Id": 1080450481}, "explain_analyze_plan": {"Plan": {"Node Type": "Aggregate", "Strategy": "Plain", "Startup Cost": 213754.44, "Total Cost": 213754.45, "Plan Rows": 1, "Plan Width": 16, "Actual Startup Time": 2034.096, "Actual Total Time": 2034.097, "Actual Rows": 1, "Actual Loops": 1, "Plans": [{"Node Type": "Nested Loop", "Parent Relationship": "Outer", "Join Type": "Inner", "Startup Cost": 129265.51, "Total Cost": 213752.42, "Plan Rows": 806, "Plan Width": 8, "Actual Startup Time": 1000.633, "Actual Total Time": 2032.84, "Actual Rows": 5403, "Actual Loops": 1, "Inner Unique": false, "Plans": [{"Node Type": "Hash Join", "Parent Relationship": "Outer", "Join Type": "Inner", "Startup Cost": 129261.29, "Total Cost": 201352.24, "Plan Rows": 438, "Plan Width": 24, "Actual Startup Time": 1000.564, "Actual Total Time": 1805.565, "Actual Rows": 2003, "Actual Loops": 1, "Inner Unique": true, "Hash Cond": "(public.part.p_partkey = subquery.\"?column?\")", "Plans": [{"Node Type": "Seq Scan", "Parent Relationship": "Outer", "Relation Name": "part", "Alias": "part", "Startup Cost": 0.0, "Total Cost": 71944.0, "Plan Rows": 2001, "Plan Width": 8, "Actual Startup Time": 0.374, "Actual Total Time": 802.719, "Actual Rows": 2003, "Actual Loops": 1, "Filter": "((p_brand = 'Brand#44'::bpchar) AND (p_container = 'WRAP PKG'::bpchar))", "Rows Removed by Filter": 1997997}, {"Node Type": "Hash", "Parent Relationship": "Inner", "Startup Cost": 129123.39, "Total Cost": 129123.39, "Plan Rows": 11032, "Plan Width": 16, "Actual Startup Time": 1000.059, "Actual Total Time": 1000.059, "Actual Rows": 2003, "Actual Loops": 1, "Hash Buckets": 32768, "Hash Batches": 1, "Original Hash Batches": 1, "Peak Memory Usage": 94, "Plans": [{"Node Type": "Subquery Scan", "Parent Relationship": "Outer", "Alias": "subquery", "Startup Cost": 128820.01, "Total Cost": 129123.39, "Plan Rows": 11032, "Plan Width": 16, "Actual Startup Time": 998.006, "Actual Total Time": 999.441, "Actual Rows": 2003, "Actual Loops": 1, "Plans": [{"Node Type": "Aggregate", "Strategy": "Hashed", "Parent Relationship": "Subquery", "Startup Cost": 128820.01, "Total Cost": 129013.07, "Plan Rows": 11032, "Plan Width": 16, "Actual Startup Time": 998.004, "Actual Total Time": 999.044, "Actual Rows": 2003, "Actual Loops": 1, "Group By Key": ["public.lineitem.l_partkey"], "Plans": [{"Node Type": "Nested Loop", "Parent Relationship": "Outer", "Join Type": "Inner", "Startup Cost": 4.28, "Total Cost": 128737.27, "Plan Rows": 11032, "Plan Width": 16, "Actual Startup Time": 0.452, "Actual Total Time": 956.649, "Actual Rows": 60021, "Actual Loops": 1, "Inner Unique": false, "Plans": [{"Node Type": "Seq Scan", "Parent Relationship": "Outer", "Relation Name": "part", "Alias": "part", "Startup Cost": 0.0, "Total Cost": 71944.0, "Plan Rows": 2001, "Plan Width": 8, "Actual Startup Time": 0.326, "Actual Total Time": 769.994, "Actual Rows": 2003, "Actual Loops": 1, "Filter": "((p_brand = 'Brand#44'::bpchar) AND (p_container = 'WRAP PKG'::bpchar))", "Rows Removed by Filter": 1997997}, {"Node Type": "Bitmap Heap Scan", "Parent Relationship": "Inner", "Relation Name": "lineitem", "Alias": "lineitem", "Startup Cost": 4.28, "Total Cost": 28.32, "Plan Rows": 6, "Plan Width": 16, "Actual Startup Time": 37.361, "Actual Total Time": 168.811, "Actual Rows": 60021, "Actual Loops": 2003, "Recheck Cond": "(l_partkey = public.part.p_partkey)", "Rows Removed by Index Recheck": 0, "Exact Heap Blocks": 60018, "Lossy Heap Blocks": 60018, "Plans": [{"Node Type": "Bitmap Index Scan", "Parent Relationship": "Outer", "Index Name": "idx_lineitem_part_supp", "Startup Cost": 0.0, "Total Cost": 4.28, "Plan Rows": 6, "Plan Width": 0, "Actual Startup Time": 24.108, "Actual Total Time": 24.108, "Actual Rows": 60021, "Actual Loops": 2003, "Index Cond": "(l_partkey = public.part.p_partkey)"}]}]}]}]}]}]}, {"Node Type": "Bitmap Heap Scan", "Parent Relationship": "Inner", "Relation Name": "lineitem", "Alias": "lineitem", "Startup Cost": 4.22, "Total Cost": 28.29, "Plan Rows": 2, "Plan Width": 24, "Actual Startup Time": 98.408, "Actual Total Time": 221.153, "Actual Rows": 5403, "Actual Loops": 2003, "Recheck Cond": "(l_partkey = subquery.\"?column?\")", "Rows Removed by Index Recheck": 0, "Filter": "(l_quantity < (.2::double precision * subquery.\"?column?\"))", "Rows Removed by Filter": 54618, "Exact Heap Blocks": 60018, "Lossy Heap Blocks": 60018, "Plans": [{"Node Type": "Bitmap Index Scan", "Parent Relationship": "Outer", "Index Name": "idx_lineitem_part_supp", "Startup Cost": 0.0, "Total Cost": 4.22, "Plan Rows": 6, "Plan Width": 0, "Actual Startup Time": 26.977, "Actual Total Time": 26.977, "Actual Rows": 60021, "Actual Loops": 2003, "Index Cond": "(l_partkey = subquery.\"?column?\")"}]}]}]}, "Triggers": [], "Planner Runtime": 1.261, "Total Runtime": 2034.375, "Unique SQL Id": 1080450481}}, "(1, 99)": {"explain_plan": {"Plan": {"Node Type": "Aggregate", "Strategy": "Plain", "Startup Cost": 1001032279502.61, "Total Cost": 1001032279502.62, "Plan Rows": 1, "Plan Width": 16, "Plans": [{"Node Type": "Nested Loop", "Parent Relationship": "Outer", "Join Type": "Inner", "Startup Cost": 10000000004.74, "Total Cost": 1001032279500.6, "Plan Rows": 806, "Plan Width": 8, "Inner Unique": true, "Join Filter": "(public.lineitem.l_partkey = public.part.p_partkey)", "Plans": [{"Node Type": "Nested Loop", "Parent Relationship": "Outer", "Join Type": "Inner", "Startup Cost": 10000000004.48, "Total Cost": 1001032192561.0, "Plan Rows": 20274, "Plan Width": 24, "Inner Unique": false, "Plans": [{"Node Type": "Aggregate", "Strategy": "Sorted", "Parent Relationship": "Outer", "Startup Cost": 10000000000.26, "Total Cost": 1001031880124.59, "Plan Rows": 11032, "Plan Width": 80, "Group By Key": ["public.lineitem.l_partkey"], "Plans": [{"Node Type": "Nested Loop", "Parent Relationship": "Outer", "Join Type": "Semi", "Startup Cost": 10000000000.26, "Total Cost": 1001031879848.79, "Plan Rows": 11032, "Plan Width": 16, "Inner Unique": false, "Plans": [{"Node Type": "Index Scan", "Parent Relationship": "Outer", "Scan Direction": "Forward", "Index Name": "idx_lineitem_part_supp", "Relation Name": "lineitem", "Alias": "lineitem", "Startup Cost": 10000000000.0, "Total Cost": 1000775391319.64, "Plan Rows": 59987033, "Plan Width": 16}, {"Node Type": "Bitmap Heap Scan", "Parent Relationship": "Inner", "Relation Name": "part", "Alias": "part", "Startup Cost": 0.26, "Total Cost": 4.28, "Plan Rows": 1, "Plan Width": 8, "Recheck Cond": "(p_partkey = public.lineitem.l_partkey)", "Filter": "((p_brand = 'Brand#44'::bpchar) AND (p_container = 'WRAP PKG'::bpchar))", "Plans": [{"Node Type": "Bitmap Index Scan", "Parent Relationship": "Outer", "Index Name": "part_kpey", "Startup Cost": 0.0, "Total Cost": 0.26, "Plan Rows": 1, "Plan Width": 0, "Index Cond": "(p_partkey = public.lineitem.l_partkey)"}]}]}]}, {"Node Type": "Bitmap Heap Scan", "Parent Relationship": "Inner", "Relation Name": "lineitem", "Alias": "lineitem", "Startup Cost": 4.22, "Total Cost": 28.29, "Plan Rows": 2, "Plan Width": 24, "Recheck Cond": "(l_partkey = public.lineitem.l_partkey)", "Filter": "(l_quantity < (.2::double precision * (avg(public.lineitem.l_quantity))))", "Plans": [{"Node Type": "Bitmap Index Scan", "Parent Relationship": "Outer", "Index Name": "idx_lineitem_part_supp", "Startup Cost": 0.0, "Total Cost": 4.22, "Plan Rows": 6, "Plan Width": 0, "Index Cond": "(l_partkey = public.lineitem.l_partkey)"}]}]}, {"Node Type": "Bitmap Heap Scan", "Parent Relationship": "Inner", "Relation Name": "part", "Alias": "part", "Startup Cost": 0.26, "Total Cost": 4.28, "Plan Rows": 1, "Plan Width": 8, "Recheck Cond": "(p_partkey = public.lineitem.l_partkey)", "Filter": "((p_brand = 'Brand#44'::bpchar) AND (p_container = 'WRAP PKG'::bpchar))", "Plans": [{"Node Type": "Bitmap Index Scan", "Parent Relationship": "Outer", "Index Name": "part_kpey", "Startup Cost": 0.0, "Total Cost": 0.26, "Plan Rows": 1, "Plan Width": 0, "Index Cond": "(p_partkey = public.lineitem.l_partkey)"}]}]}]}, "Unique SQL Id": 1080450481}, "explain_analyze_plan": null}, "(1, 100)": {"explain_plan": {"Plan": {"Node Type": "Aggregate", "Strategy": "Plain", "Startup Cost": 208324.62, "Total Cost": 208324.63, "Plan Rows": 1, "Plan Width": 16, "Plans": [{"Node Type": "Nested Loop", "Parent Relationship": "Outer", "Join Type": "Inner", "Startup Cost": 128691.05, "Total Cost": 208322.6, "Plan Rows": 806, "Plan Width": 8, "Inner Unique": false, "Plans": [{"Node Type": "Nested Loop", "Parent Relationship": "Outer", "Join Type": "Inner", "Startup Cost": 128691.05, "Total Cost": 196146.55, "Plan Rows": 438, "Plan Width": 24, "Inner Unique": true, "Plans": [{"Node Type": "Aggregate", "Strategy": "Hashed", "Parent Relationship": "Outer", "Startup Cost": 128691.05, "Total Cost": 128884.11, "Plan Rows": 11032, "Plan Width": 16, "Group By Key": ["public.lineitem.l_partkey"], "Plans": [{"Node Type": "Nested Loop", "Parent Relationship": "Outer", "Join Type": "Inner", "Startup Cost": 0.0, "Total Cost": 128608.31, "Plan Rows": 11032, "Plan Width": 16, "Inner Unique": false, "Plans": [{"Node Type": "Seq Scan", "Parent Relationship": "Outer", "Relation Name": "part", "Alias": "part", "Startup Cost": 0.0, "Total Cost": 71944.0, "Plan Rows": 2001, "Plan Width": 8, "Filter": "((p_brand = 'Brand#44'::bpchar) AND (p_container = 'WRAP PKG'::bpchar))"}, {"Node Type": "Index Scan", "Parent Relationship": "Inner", "Scan Direction": "Forward", "Index Name": "idx_lineitem_part_supp", "Relation Name": "lineitem", "Alias": "lineitem", "Startup Cost": 0.0, "Total Cost": 28.26, "Plan Rows": 6, "Plan Width": 16, "Index Cond": "(l_partkey = public.part.p_partkey)"}]}]}, {"Node Type": "Index Scan", "Parent Relationship": "Inner", "Scan Direction": "Forward", "Index Name": "part_kpey", "Relation Name": "part", "Alias": "part", "Startup Cost": 0.0, "Total Cost": 6.08, "Plan Rows": 1, "Plan Width": 8, "Index Cond": "(p_partkey = public.lineitem.l_partkey)", "Filter": "((p_brand = 'Brand#44'::bpchar) AND (p_container = 'WRAP PKG'::bpchar))"}]}, {"Node Type": "Index Scan", "Parent Relationship": "Inner", "Scan Direction": "Forward", "Index Name": "idx_lineitem_part_supp", "Relation Name": "lineitem", "Alias": "lineitem", "Startup Cost": 0.0, "Total Cost": 27.78, "Plan Rows": 2, "Plan Width": 24, "Index Cond": "(l_partkey = public.lineitem.l_partkey)", "Filter": "(l_quantity < (.2::double precision * (avg(public.lineitem.l_quantity))))"}]}]}, "Unique SQL Id": 1080450481}, "explain_analyze_plan": {"Plan": {"Node Type": "Aggregate", "Strategy": "Plain", "Startup Cost": 208324.62, "Total Cost": 208324.63, "Plan Rows": 1, "Plan Width": 16, "Actual Startup Time": 1125.155, "Actual Total Time": 1125.155, "Actual Rows": 1, "Actual Loops": 1, "Plans": [{"Node Type": "Nested Loop", "Parent Relationship": "Outer", "Join Type": "Inner", "Startup Cost": 128691.05, "Total Cost": 208322.6, "Plan Rows": 806, "Plan Width": 8, "Actual Startup Time": 968.471, "Actual Total Time": 1124.094, "Actual Rows": 5403, "Actual Loops": 1, "Inner Unique": false, "Plans": [{"Node Type": "Nested Loop", "Parent Relationship": "Outer", "Join Type": "Inner", "Startup Cost": 128691.05, "Total Cost": 196146.55, "Plan Rows": 438, "Plan Width": 24, "Actual Startup Time": 968.443, "Actual Total Time": 984.459, "Actual Rows": 2003, "Actual Loops": 1, "Inner Unique": true, "Plans": [{"Node Type": "Aggregate", "Strategy": "Hashed", "Parent Relationship": "Outer", "Startup Cost": 128691.05, "Total Cost": 128884.11, "Plan Rows": 11032, "Plan Width": 16, "Actual Startup Time": 968.416, "Actual Total Time": 969.922, "Actual Rows": 2003, "Actual Loops": 1, "Group By Key": ["public.lineitem.l_partkey"], "Plans": [{"Node Type": "Nested Loop", "Parent Relationship": "Outer", "Join Type": "Inner", "Startup Cost": 0.0, "Total Cost": 128608.31, "Plan Rows": 11032, "Plan Width": 16, "Actual Startup Time": 0.373, "Actual Total Time": 927.032, "Actual Rows": 60021, "Actual Loops": 1, "Inner Unique": false, "Plans": [{"Node Type": "Seq Scan", "Parent Relationship": "Outer", "Relation Name": "part", "Alias": "part", "Startup Cost": 0.0, "Total Cost": 71944.0, "Plan Rows": 2001, "Plan Width": 8, "Actual Startup Time": 0.35, "Actual Total Time": 770.343, "Actual Rows": 2003, "Actual Loops": 1, "Filter": "((p_brand = 'Brand#44'::bpchar) AND (p_container = 'WRAP PKG'::bpchar))", "Rows Removed by Filter": 1997997}, {"Node Type": "Index Scan", "Parent Relationship": "Inner", "Scan Direction": "Forward", "Index Name": "idx_lineitem_part_supp", "Relation Name": "lineitem", "Alias": "lineitem", "Startup Cost": 0.0, "Total Cost": 28.26, "Plan Rows": 6, "Plan Width": 16, "Actual Startup Time": 21.245, "Actual Total Time": 142.059, "Actual Rows": 60021, "Actual Loops": 2003, "Index Cond": "(l_partkey = public.part.p_partkey)", "Rows Removed by Index Recheck": 0}]}]}, {"Node Type": "Index Scan", "Parent Relationship": "Inner", "Scan Direction": "Forward", "Index Name": "part_kpey", "Relation Name": "part", "Alias": "part", "Startup Cost": 0.0, "Total Cost": 6.08, "Plan Rows": 1, "Plan Width": 8, "Actual Startup Time": 12.854, "Actual Total Time": 12.854, "Actual Rows": 2003, "Actual Loops": 2003, "Index Cond": "(p_partkey = public.lineitem.l_partkey)", "Rows Removed by Index Recheck": 0, "Filter": "((p_brand = 'Brand#44'::bpchar) AND (p_container = 'WRAP PKG'::bpchar))", "Rows Removed by Filter": 0}]}, {"Node Type": "Index Scan", "Parent Relationship": "Inner", "Scan Direction": "Forward", "Index Name": "idx_lineitem_part_supp", "Relation Name": "lineitem", "Alias": "lineitem", "Startup Cost": 0.0, "Total Cost": 27.78, "Plan Rows": 2, "Plan Width": 24, "Actual Startup Time": 57.238, "Actual Total Time": 137.264, "Actual Rows": 5403, "Actual Loops": 2003, "Index Cond": "(l_partkey = public.lineitem.l_partkey)", "Rows Removed by Index Recheck": 0, "Filter": "(l_quantity < (.2::double precision * (avg(public.lineitem.l_quantity))))", "Rows Removed by Filter": 54618}]}]}, "Triggers": [], "Planner Runtime": 1.327, "Total Runtime": 1125.393, "Unique SQL Id": 1080450481}}, "(1, 101)": {"explain_plan": {"Plan": {"Node Type": "Aggregate", "Strategy": "Plain", "Startup Cost": 247183.87, "Total Cost": 247183.88, "Plan Rows": 1, "Plan Width": 16, "Plans": [{"Node Type": "Nested Loop", "Parent Relationship": "Outer", "Join Type": "Inner", "Startup Cost": 0.0, "Total Cost": 247181.85, "Plan Rows": 806, "Plan Width": 8, "Inner Unique": false, "Plans": [{"Node Type": "Nested Loop", "Parent Relationship": "Outer", "Join Type": "Inner", "Startup Cost": 0.0, "Total Cost": 235005.8, "Plan Rows": 438, "Plan Width": 24, "Inner Unique": true, "Plans": [{"Node Type": "Aggregate", "Strategy": "Sorted", "Parent Relationship": "Outer", "Startup Cost": 0.0, "Total Cost": 167743.36, "Plan Rows": 11032, "Plan Width": 80, "Group By Key": ["public.lineitem.l_partkey"], "Plans": [{"Node Type": "Nested Loop", "Parent Relationship": "Outer", "Join Type": "Inner", "Startup Cost": 0.0, "Total Cost": 167467.56, "Plan Rows": 11032, "Plan Width": 16, "Inner Unique": false, "Plans": [{"Node Type": "Index Scan", "Parent Relationship": "Outer", "Scan Direction": "Forward", "Index Name": "part_kpey", "Relation Name": "part", "Alias": "part", "Startup Cost": 0.0, "Total Cost": 110803.25, "Plan Rows": 2001, "Plan Width": 8, "Filter": "((p_brand = 'Brand#44'::bpchar) AND (p_container = 'WRAP PKG'::bpchar))"}, {"Node Type": "Index Scan", "Parent Relationship": "Inner", "Scan Direction": "Forward", "Index Name": "idx_lineitem_part_supp", "Relation Name": "lineitem", "Alias": "lineitem", "Startup Cost": 0.0, "Total Cost": 28.26, "Plan Rows": 6, "Plan Width": 16, "Index Cond": "(l_partkey = public.part.p_partkey)"}]}]}, {"Node Type": "Index Scan", "Parent Relationship": "Inner", "Scan Direction": "Forward", "Index Name": "part_kpey", "Relation Name": "part", "Alias": "part", "Startup Cost": 0.0, "Total Cost": 6.08, "Plan Rows": 1, "Plan Width": 8, "Index Cond": "(p_partkey = public.lineitem.l_partkey)", "Filter": "((p_brand = 'Brand#44'::bpchar) AND (p_container = 'WRAP PKG'::bpchar))"}]}, {"Node Type": "Index Scan", "Parent Relationship": "Inner", "Scan Direction": "Forward", "Index Name": "idx_lineitem_part_supp", "Relation Name": "lineitem", "Alias": "lineitem", "Startup Cost": 0.0, "Total Cost": 27.78, "Plan Rows": 2, "Plan Width": 24, "Index Cond": "(l_partkey = public.lineitem.l_partkey)", "Filter": "(l_quantity < (.2::double precision * (avg(public.lineitem.l_quantity))))"}]}]}, "Unique SQL Id": 1080450481}, "explain_analyze_plan": {"Plan": {"Node Type": "Aggregate", "Strategy": "Plain", "Startup Cost": 247183.87, "Total Cost": 247183.88, "Plan Rows": 1, "Plan Width": 16, "Actual Startup Time": 1657.115, "Actual Total Time": 1657.115, "Actual Rows": 1, "Actual Loops": 1, "Plans": [{"Node Type": "Nested Loop", "Parent Relationship": "Outer", "Join Type": "Inner", "Startup Cost": 0.0, "Total Cost": 247181.85, "Plan Rows": 806, "Plan Width": 8, "Actual Startup Time": 1.741, "Actual Total Time": 1655.898, "Actual Rows": 5403, "Actual Loops": 1, "Inner Unique": false, "Plans": [{"Node Type": "Nested Loop", "Parent Relationship": "Outer", "Join Type": "Inner", "Startup Cost": 0.0, "Total Cost": 235005.8, "Plan Rows": 438, "Plan Width": 24, "Actual Startup Time": 1.699, "Actual Total Time": 1576.826, "Actual Rows": 2003, "Actual Loops": 1, "Inner Unique": true, "Plans": [{"Node Type": "Aggregate", "Strategy": "Sorted", "Parent Relationship": "Outer", "Startup Cost": 0.0, "Total Cost": 167743.36, "Plan Rows": 11032, "Plan Width": 80, "Actual Startup Time": 1.686, "Actual Total Time": 1564.989, "Actual Rows": 2003, "Actual Loops": 1, "Group By Key": ["public.lineitem.l_partkey"], "Plans": [{"Node Type": "Nested Loop", "Parent Relationship": "Outer", "Join Type": "Inner", "Startup Cost": 0.0, "Total Cost": 167467.56, "Plan Rows": 11032, "Plan Width": 16, "Actual Startup Time": 0.571, "Actual Total Time": 1531.613, "Actual Rows": 60021, "Actual Loops": 1, "Inner Unique": false, "Plans": [{"Node Type": "Index Scan", "Parent Relationship": "Outer", "Scan Direction": "Forward", "Index Name": "part_kpey", "Relation Name": "part", "Alias": "part", "Startup Cost": 0.0, "Total Cost": 110803.25, "Plan Rows": 2001, "Plan Width": 8, "Actual Startup Time": 0.553, "Actual Total Time": 1347.731, "Actual Rows": 2003, "Actual Loops": 1, "Filter": "((p_brand = 'Brand#44'::bpchar) AND (p_container = 'WRAP PKG'::bpchar))", "Rows Removed by Filter": 1997997}, {"Node Type": "Index Scan", "Parent Relationship": "Inner", "Scan Direction": "Forward", "Index Name": "idx_lineitem_part_supp", "Relation Name": "lineitem", "Alias": "lineitem", "Startup Cost": 0.0, "Total Cost": 28.26, "Plan Rows": 6, "Plan Width": 16, "Actual Startup Time": 23.7, "Actual Total Time": 168.192, "Actual Rows": 60021, "Actual Loops": 2003, "Index Cond": "(l_partkey = public.part.p_partkey)", "Rows Removed by Index Recheck": 0}]}]}, {"Node Type": "Index Scan", "Parent Relationship": "Inner", "Scan Direction": "Forward", "Index Name": "part_kpey", "Relation Name": "part", "Alias": "part", "Startup Cost": 0.0, "Total Cost": 6.08, "Plan Rows": 1, "Plan Width": 8, "Actual Startup Time": 9.266, "Actual Total Time": 9.266, "Actual Rows": 2003, "Actual Loops": 2003, "Index Cond": "(p_partkey = public.lineitem.l_partkey)", "Rows Removed by Index Recheck": 0, "Filter": "((p_brand = 'Brand#44'::bpchar) AND (p_container = 'WRAP PKG'::bpchar))", "Rows Removed by Filter": 0}]}, {"Node Type": "Index Scan", "Parent Relationship": "Inner", "Scan Direction": "Forward", "Index Name": "idx_lineitem_part_supp", "Relation Name": "lineitem", "Alias": "lineitem", "Startup Cost": 0.0, "Total Cost": 27.78, "Plan Rows": 2, "Plan Width": 24, "Actual Startup Time": 33.161, "Actual Total Time": 76.14, "Actual Rows": 5403, "Actual Loops": 2003, "Index Cond": "(l_partkey = public.lineitem.l_partkey)", "Rows Removed by Index Recheck": 0, "Filter": "(l_quantity < (.2::double precision * (avg(public.lineitem.l_quantity))))", "Rows Removed by Filter": 54618}]}]}, "Triggers": [], "Planner Runtime": 1.323, "Total Runtime": 1657.326, "Unique SQL Id": 1080450481}}, "(1, 102)": {"explain_plan": {"Plan": {"Node Type": "Aggregate", "Strategy": "Plain", "Startup Cost": 213754.44, "Total Cost": 213754.45, "Plan Rows": 1, "Plan Width": 16, "Plans": [{"Node Type": "Nested Loop", "Parent Relationship": "Outer", "Join Type": "Inner", "Startup Cost": 129265.51, "Total Cost": 213752.42, "Plan Rows": 806, "Plan Width": 8, "Inner Unique": false, "Plans": [{"Node Type": "Hash Join", "Parent Relationship": "Outer", "Join Type": "Inner", "Startup Cost": 129261.29, "Total Cost": 201352.24, "Plan Rows": 438, "Plan Width": 24, "Inner Unique": true, "Hash Cond": "(public.part.p_partkey = subquery.\"?column?\")", "Plans": [{"Node Type": "Seq Scan", "Parent Relationship": "Outer", "Relation Name": "part", "Alias": "part", "Startup Cost": 0.0, "Total Cost": 71944.0, "Plan Rows": 2001, "Plan Width": 8, "Filter": "((p_brand = 'Brand#44'::bpchar) AND (p_container = 'WRAP PKG'::bpchar))"}, {"Node Type": "Hash", "Parent Relationship": "Inner", "Startup Cost": 129123.39, "Total Cost": 129123.39, "Plan Rows": 11032, "Plan Width": 16, "Plans": [{"Node Type": "Subquery Scan", "Parent Relationship": "Outer", "Alias": "subquery", "Startup Cost": 128820.01, "Total Cost": 129123.39, "Plan Rows": 11032, "Plan Width": 16, "Plans": [{"Node Type": "Aggregate", "Strategy": "Hashed", "Parent Relationship": "Subquery", "Startup Cost": 128820.01, "Total Cost": 129013.07, "Plan Rows": 11032, "Plan Width": 16, "Group By Key": ["public.lineitem.l_partkey"], "Plans": [{"Node Type": "Nested Loop", "Parent Relationship": "Outer", "Join Type": "Inner", "Startup Cost": 4.28, "Total Cost": 128737.27, "Plan Rows": 11032, "Plan Width": 16, "Inner Unique": false, "Plans": [{"Node Type": "Seq Scan", "Parent Relationship": "Outer", "Relation Name": "part", "Alias": "part", "Startup Cost": 0.0, "Total Cost": 71944.0, "Plan Rows": 2001, "Plan Width": 8, "Filter": "((p_brand = 'Brand#44'::bpchar) AND (p_container = 'WRAP PKG'::bpchar))"}, {"Node Type": "Bitmap Heap Scan", "Parent Relationship": "Inner", "Relation Name": "lineitem", "Alias": "lineitem", "Startup Cost": 4.28, "Total Cost": 28.32, "Plan Rows": 6, "Plan Width": 16, "Recheck Cond": "(l_partkey = public.part.p_partkey)", "Plans": [{"Node Type": "Bitmap Index Scan", "Parent Relationship": "Outer", "Index Name": "idx_lineitem_part_supp", "Startup Cost": 0.0, "Total Cost": 4.28, "Plan Rows": 6, "Plan Width": 0, "Index Cond": "(l_partkey = public.part.p_partkey)"}]}]}]}]}]}]}, {"Node Type": "Bitmap Heap Scan", "Parent Relationship": "Inner", "Relation Name": "lineitem", "Alias": "lineitem", "Startup Cost": 4.22, "Total Cost": 28.29, "Plan Rows": 2, "Plan Width": 24, "Recheck Cond": "(l_partkey = subquery.\"?column?\")", "Filter": "(l_quantity < (.2::double precision * subquery.\"?column?\"))", "Plans": [{"Node Type": "Bitmap Index Scan", "Parent Relationship": "Outer", "Index Name": "idx_lineitem_part_supp", "Startup Cost": 0.0, "Total Cost": 4.22, "Plan Rows": 6, "Plan Width": 0, "Index Cond": "(l_partkey = subquery.\"?column?\")"}]}]}]}, "Unique SQL Id": 1080450481}, "explain_analyze_plan": {"Plan": {"Node Type": "Aggregate", "Strategy": "Plain", "Startup Cost": 213754.44, "Total Cost": 213754.45, "Plan Rows": 1, "Plan Width": 16, "Actual Startup Time": 2034.096, "Actual Total Time": 2034.097, "Actual Rows": 1, "Actual Loops": 1, "Plans": [{"Node Type": "Nested Loop", "Parent Relationship": "Outer", "Join Type": "Inner", "Startup Cost": 129265.51, "Total Cost": 213752.42, "Plan Rows": 806, "Plan Width": 8, "Actual Startup Time": 1000.633, "Actual Total Time": 2032.84, "Actual Rows": 5403, "Actual Loops": 1, "Inner Unique": false, "Plans": [{"Node Type": "Hash Join", "Parent Relationship": "Outer", "Join Type": "Inner", "Startup Cost": 129261.29, "Total Cost": 201352.24, "Plan Rows": 438, "Plan Width": 24, "Actual Startup Time": 1000.564, "Actual Total Time": 1805.565, "Actual Rows": 2003, "Actual Loops": 1, "Inner Unique": true, "Hash Cond": "(public.part.p_partkey = subquery.\"?column?\")", "Plans": [{"Node Type": "Seq Scan", "Parent Relationship": "Outer", "Relation Name": "part", "Alias": "part", "Startup Cost": 0.0, "Total Cost": 71944.0, "Plan Rows": 2001, "Plan Width": 8, "Actual Startup Time": 0.374, "Actual Total Time": 802.719, "Actual Rows": 2003, "Actual Loops": 1, "Filter": "((p_brand = 'Brand#44'::bpchar) AND (p_container = 'WRAP PKG'::bpchar))", "Rows Removed by Filter": 1997997}, {"Node Type": "Hash", "Parent Relationship": "Inner", "Startup Cost": 129123.39, "Total Cost": 129123.39, "Plan Rows": 11032, "Plan Width": 16, "Actual Startup Time": 1000.059, "Actual Total Time": 1000.059, "Actual Rows": 2003, "Actual Loops": 1, "Hash Buckets": 32768, "Hash Batches": 1, "Original Hash Batches": 1, "Peak Memory Usage": 94, "Plans": [{"Node Type": "Subquery Scan", "Parent Relationship": "Outer", "Alias": "subquery", "Startup Cost": 128820.01, "Total Cost": 129123.39, "Plan Rows": 11032, "Plan Width": 16, "Actual Startup Time": 998.006, "Actual Total Time": 999.441, "Actual Rows": 2003, "Actual Loops": 1, "Plans": [{"Node Type": "Aggregate", "Strategy": "Hashed", "Parent Relationship": "Subquery", "Startup Cost": 128820.01, "Total Cost": 129013.07, "Plan Rows": 11032, "Plan Width": 16, "Actual Startup Time": 998.004, "Actual Total Time": 999.044, "Actual Rows": 2003, "Actual Loops": 1, "Group By Key": ["public.lineitem.l_partkey"], "Plans": [{"Node Type": "Nested Loop", "Parent Relationship": "Outer", "Join Type": "Inner", "Startup Cost": 4.28, "Total Cost": 128737.27, "Plan Rows": 11032, "Plan Width": 16, "Actual Startup Time": 0.452, "Actual Total Time": 956.649, "Actual Rows": 60021, "Actual Loops": 1, "Inner Unique": false, "Plans": [{"Node Type": "Seq Scan", "Parent Relationship": "Outer", "Relation Name": "part", "Alias": "part", "Startup Cost": 0.0, "Total Cost": 71944.0, "Plan Rows": 2001, "Plan Width": 8, "Actual Startup Time": 0.326, "Actual Total Time": 769.994, "Actual Rows": 2003, "Actual Loops": 1, "Filter": "((p_brand = 'Brand#44'::bpchar) AND (p_container = 'WRAP PKG'::bpchar))", "Rows Removed by Filter": 1997997}, {"Node Type": "Bitmap Heap Scan", "Parent Relationship": "Inner", "Relation Name": "lineitem", "Alias": "lineitem", "Startup Cost": 4.28, "Total Cost": 28.32, "Plan Rows": 6, "Plan Width": 16, "Actual Startup Time": 37.361, "Actual Total Time": 168.811, "Actual Rows": 60021, "Actual Loops": 2003, "Recheck Cond": "(l_partkey = public.part.p_partkey)", "Rows Removed by Index Recheck": 0, "Exact Heap Blocks": 60018, "Lossy Heap Blocks": 60018, "Plans": [{"Node Type": "Bitmap Index Scan", "Parent Relationship": "Outer", "Index Name": "idx_lineitem_part_supp", "Startup Cost": 0.0, "Total Cost": 4.28, "Plan Rows": 6, "Plan Width": 0, "Actual Startup Time": 24.108, "Actual Total Time": 24.108, "Actual Rows": 60021, "Actual Loops": 2003, "Index Cond": "(l_partkey = public.part.p_partkey)"}]}]}]}]}]}]}, {"Node Type": "Bitmap Heap Scan", "Parent Relationship": "Inner", "Relation Name": "lineitem", "Alias": "lineitem", "Startup Cost": 4.22, "Total Cost": 28.29, "Plan Rows": 2, "Plan Width": 24, "Actual Startup Time": 98.408, "Actual Total Time": 221.153, "Actual Rows": 5403, "Actual Loops": 2003, "Recheck Cond": "(l_partkey = subquery.\"?column?\")", "Rows Removed by Index Recheck": 0, "Filter": "(l_quantity < (.2::double precision * subquery.\"?column?\"))", "Rows Removed by Filter": 54618, "Exact Heap Blocks": 60018, "Lossy Heap Blocks": 60018, "Plans": [{"Node Type": "Bitmap Index Scan", "Parent Relationship": "Outer", "Index Name": "idx_lineitem_part_supp", "Startup Cost": 0.0, "Total Cost": 4.22, "Plan Rows": 6, "Plan Width": 0, "Actual Startup Time": 26.977, "Actual Total Time": 26.977, "Actual Rows": 60021, "Actual Loops": 2003, "Index Cond": "(l_partkey = subquery.\"?column?\")"}]}]}]}, "Triggers": [], "Planner Runtime": 1.261, "Total Runtime": 2034.375, "Unique SQL Id": 1080450481}}, "(1, 103)": {"explain_plan": {"Plan": {"Node Type": "Aggregate", "Strategy": "Plain", "Startup Cost": 1001032279502.61, "Total Cost": 1001032279502.62, "Plan Rows": 1, "Plan Width": 16, "Plans": [{"Node Type": "Nested Loop", "Parent Relationship": "Outer", "Join Type": "Inner", "Startup Cost": 10000000004.74, "Total Cost": 1001032279500.6, "Plan Rows": 806, "Plan Width": 8, "Inner Unique": true, "Join Filter": "(public.lineitem.l_partkey = public.part.p_partkey)", "Plans": [{"Node Type": "Nested Loop", "Parent Relationship": "Outer", "Join Type": "Inner", "Startup Cost": 10000000004.48, "Total Cost": 1001032192561.0, "Plan Rows": 20274, "Plan Width": 24, "Inner Unique": false, "Plans": [{"Node Type": "Aggregate", "Strategy": "Sorted", "Parent Relationship": "Outer", "Startup Cost": 10000000000.26, "Total Cost": 1001031880124.59, "Plan Rows": 11032, "Plan Width": 80, "Group By Key": ["public.lineitem.l_partkey"], "Plans": [{"Node Type": "Nested Loop", "Parent Relationship": "Outer", "Join Type": "Semi", "Startup Cost": 10000000000.26, "Total Cost": 1001031879848.79, "Plan Rows": 11032, "Plan Width": 16, "Inner Unique": false, "Plans": [{"Node Type": "Index Scan", "Parent Relationship": "Outer", "Scan Direction": "Forward", "Index Name": "idx_lineitem_part_supp", "Relation Name": "lineitem", "Alias": "lineitem", "Startup Cost": 10000000000.0, "Total Cost": 1000775391319.64, "Plan Rows": 59987033, "Plan Width": 16}, {"Node Type": "Bitmap Heap Scan", "Parent Relationship": "Inner", "Relation Name": "part", "Alias": "part", "Startup Cost": 0.26, "Total Cost": 4.28, "Plan Rows": 1, "Plan Width": 8, "Recheck Cond": "(p_partkey = public.lineitem.l_partkey)", "Filter": "((p_brand = 'Brand#44'::bpchar) AND (p_container = 'WRAP PKG'::bpchar))", "Plans": [{"Node Type": "Bitmap Index Scan", "Parent Relationship": "Outer", "Index Name": "part_kpey", "Startup Cost": 0.0, "Total Cost": 0.26, "Plan Rows": 1, "Plan Width": 0, "Index Cond": "(p_partkey = public.lineitem.l_partkey)"}]}]}]}, {"Node Type": "Bitmap Heap Scan", "Parent Relationship": "Inner", "Relation Name": "lineitem", "Alias": "lineitem", "Startup Cost": 4.22, "Total Cost": 28.29, "Plan Rows": 2, "Plan Width": 24, "Recheck Cond": "(l_partkey = public.lineitem.l_partkey)", "Filter": "(l_quantity < (.2::double precision * (avg(public.lineitem.l_quantity))))", "Plans": [{"Node Type": "Bitmap Index Scan", "Parent Relationship": "Outer", "Index Name": "idx_lineitem_part_supp", "Startup Cost": 0.0, "Total Cost": 4.22, "Plan Rows": 6, "Plan Width": 0, "Index Cond": "(l_partkey = public.lineitem.l_partkey)"}]}]}, {"Node Type": "Bitmap Heap Scan", "Parent Relationship": "Inner", "Relation Name": "part", "Alias": "part", "Startup Cost": 0.26, "Total Cost": 4.28, "Plan Rows": 1, "Plan Width": 8, "Recheck Cond": "(p_partkey = public.lineitem.l_partkey)", "Filter": "((p_brand = 'Brand#44'::bpchar) AND (p_container = 'WRAP PKG'::bpchar))", "Plans": [{"Node Type": "Bitmap Index Scan", "Parent Relationship": "Outer", "Index Name": "part_kpey", "Startup Cost": 0.0, "Total Cost": 0.26, "Plan Rows": 1, "Plan Width": 0, "Index Cond": "(p_partkey = public.lineitem.l_partkey)"}]}]}]}, "Unique SQL Id": 1080450481}, "explain_analyze_plan": null}, "(1, 104)": {"explain_plan": {"Plan": {"Node Type": "Aggregate", "Strategy": "Plain", "Startup Cost": 208324.62, "Total Cost": 208324.63, "Plan Rows": 1, "Plan Width": 16, "Plans": [{"Node Type": "Nested Loop", "Parent Relationship": "Outer", "Join Type": "Inner", "Startup Cost": 128691.05, "Total Cost": 208322.6, "Plan Rows": 806, "Plan Width": 8, "Inner Unique": false, "Plans": [{"Node Type": "Nested Loop", "Parent Relationship": "Outer", "Join Type": "Inner", "Startup Cost": 128691.05, "Total Cost": 196146.55, "Plan Rows": 438, "Plan Width": 24, "Inner Unique": true, "Plans": [{"Node Type": "Aggregate", "Strategy": "Hashed", "Parent Relationship": "Outer", "Startup Cost": 128691.05, "Total Cost": 128884.11, "Plan Rows": 11032, "Plan Width": 16, "Group By Key": ["public.lineitem.l_partkey"], "Plans": [{"Node Type": "Nested Loop", "Parent Relationship": "Outer", "Join Type": "Inner", "Startup Cost": 0.0, "Total Cost": 128608.31, "Plan Rows": 11032, "Plan Width": 16, "Inner Unique": false, "Plans": [{"Node Type": "Seq Scan", "Parent Relationship": "Outer", "Relation Name": "part", "Alias": "part", "Startup Cost": 0.0, "Total Cost": 71944.0, "Plan Rows": 2001, "Plan Width": 8, "Filter": "((p_brand = 'Brand#44'::bpchar) AND (p_container = 'WRAP PKG'::bpchar))"}, {"Node Type": "Index Scan", "Parent Relationship": "Inner", "Scan Direction": "Forward", "Index Name": "idx_lineitem_part_supp", "Relation Name": "lineitem", "Alias": "lineitem", "Startup Cost": 0.0, "Total Cost": 28.26, "Plan Rows": 6, "Plan Width": 16, "Index Cond": "(l_partkey = public.part.p_partkey)"}]}]}, {"Node Type": "Index Scan", "Parent Relationship": "Inner", "Scan Direction": "Forward", "Index Name": "part_kpey", "Relation Name": "part", "Alias": "part", "Startup Cost": 0.0, "Total Cost": 6.08, "Plan Rows": 1, "Plan Width": 8, "Index Cond": "(p_partkey = public.lineitem.l_partkey)", "Filter": "((p_brand = 'Brand#44'::bpchar) AND (p_container = 'WRAP PKG'::bpchar))"}]}, {"Node Type": "Index Scan", "Parent Relationship": "Inner", "Scan Direction": "Forward", "Index Name": "idx_lineitem_part_supp", "Relation Name": "lineitem", "Alias": "lineitem", "Startup Cost": 0.0, "Total Cost": 27.78, "Plan Rows": 2, "Plan Width": 24, "Index Cond": "(l_partkey = public.lineitem.l_partkey)", "Filter": "(l_quantity < (.2::double precision * (avg(public.lineitem.l_quantity))))"}]}]}, "Unique SQL Id": 1080450481}, "explain_analyze_plan": {"Plan": {"Node Type": "Aggregate", "Strategy": "Plain", "Startup Cost": 208324.62, "Total Cost": 208324.63, "Plan Rows": 1, "Plan Width": 16, "Actual Startup Time": 1125.155, "Actual Total Time": 1125.155, "Actual Rows": 1, "Actual Loops": 1, "Plans": [{"Node Type": "Nested Loop", "Parent Relationship": "Outer", "Join Type": "Inner", "Startup Cost": 128691.05, "Total Cost": 208322.6, "Plan Rows": 806, "Plan Width": 8, "Actual Startup Time": 968.471, "Actual Total Time": 1124.094, "Actual Rows": 5403, "Actual Loops": 1, "Inner Unique": false, "Plans": [{"Node Type": "Nested Loop", "Parent Relationship": "Outer", "Join Type": "Inner", "Startup Cost": 128691.05, "Total Cost": 196146.55, "Plan Rows": 438, "Plan Width": 24, "Actual Startup Time": 968.443, "Actual Total Time": 984.459, "Actual Rows": 2003, "Actual Loops": 1, "Inner Unique": true, "Plans": [{"Node Type": "Aggregate", "Strategy": "Hashed", "Parent Relationship": "Outer", "Startup Cost": 128691.05, "Total Cost": 128884.11, "Plan Rows": 11032, "Plan Width": 16, "Actual Startup Time": 968.416, "Actual Total Time": 969.922, "Actual Rows": 2003, "Actual Loops": 1, "Group By Key": ["public.lineitem.l_partkey"], "Plans": [{"Node Type": "Nested Loop", "Parent Relationship": "Outer", "Join Type": "Inner", "Startup Cost": 0.0, "Total Cost": 128608.31, "Plan Rows": 11032, "Plan Width": 16, "Actual Startup Time": 0.373, "Actual Total Time": 927.032, "Actual Rows": 60021, "Actual Loops": 1, "Inner Unique": false, "Plans": [{"Node Type": "Seq Scan", "Parent Relationship": "Outer", "Relation Name": "part", "Alias": "part", "Startup Cost": 0.0, "Total Cost": 71944.0, "Plan Rows": 2001, "Plan Width": 8, "Actual Startup Time": 0.35, "Actual Total Time": 770.343, "Actual Rows": 2003, "Actual Loops": 1, "Filter": "((p_brand = 'Brand#44'::bpchar) AND (p_container = 'WRAP PKG'::bpchar))", "Rows Removed by Filter": 1997997}, {"Node Type": "Index Scan", "Parent Relationship": "Inner", "Scan Direction": "Forward", "Index Name": "idx_lineitem_part_supp", "Relation Name": "lineitem", "Alias": "lineitem", "Startup Cost": 0.0, "Total Cost": 28.26, "Plan Rows": 6, "Plan Width": 16, "Actual Startup Time": 21.245, "Actual Total Time": 142.059, "Actual Rows": 60021, "Actual Loops": 2003, "Index Cond": "(l_partkey = public.part.p_partkey)", "Rows Removed by Index Recheck": 0}]}]}, {"Node Type": "Index Scan", "Parent Relationship": "Inner", "Scan Direction": "Forward", "Index Name": "part_kpey", "Relation Name": "part", "Alias": "part", "Startup Cost": 0.0, "Total Cost": 6.08, "Plan Rows": 1, "Plan Width": 8, "Actual Startup Time": 12.854, "Actual Total Time": 12.854, "Actual Rows": 2003, "Actual Loops": 2003, "Index Cond": "(p_partkey = public.lineitem.l_partkey)", "Rows Removed by Index Recheck": 0, "Filter": "((p_brand = 'Brand#44'::bpchar) AND (p_container = 'WRAP PKG'::bpchar))", "Rows Removed by Filter": 0}]}, {"Node Type": "Index Scan", "Parent Relationship": "Inner", "Scan Direction": "Forward", "Index Name": "idx_lineitem_part_supp", "Relation Name": "lineitem", "Alias": "lineitem", "Startup Cost": 0.0, "Total Cost": 27.78, "Plan Rows": 2, "Plan Width": 24, "Actual Startup Time": 57.238, "Actual Total Time": 137.264, "Actual Rows": 5403, "Actual Loops": 2003, "Index Cond": "(l_partkey = public.lineitem.l_partkey)", "Rows Removed by Index Recheck": 0, "Filter": "(l_quantity < (.2::double precision * (avg(public.lineitem.l_quantity))))", "Rows Removed by Filter": 54618}]}]}, "Triggers": [], "Planner Runtime": 1.327, "Total Runtime": 1125.393, "Unique SQL Id": 1080450481}}, "(1, 105)": {"explain_plan": {"Plan": {"Node Type": "Aggregate", "Strategy": "Plain", "Startup Cost": 247183.87, "Total Cost": 247183.88, "Plan Rows": 1, "Plan Width": 16, "Plans": [{"Node Type": "Nested Loop", "Parent Relationship": "Outer", "Join Type": "Inner", "Startup Cost": 0.0, "Total Cost": 247181.85, "Plan Rows": 806, "Plan Width": 8, "Inner Unique": false, "Plans": [{"Node Type": "Nested Loop", "Parent Relationship": "Outer", "Join Type": "Inner", "Startup Cost": 0.0, "Total Cost": 235005.8, "Plan Rows": 438, "Plan Width": 24, "Inner Unique": true, "Plans": [{"Node Type": "Aggregate", "Strategy": "Sorted", "Parent Relationship": "Outer", "Startup Cost": 0.0, "Total Cost": 167743.36, "Plan Rows": 11032, "Plan Width": 80, "Group By Key": ["public.lineitem.l_partkey"], "Plans": [{"Node Type": "Nested Loop", "Parent Relationship": "Outer", "Join Type": "Inner", "Startup Cost": 0.0, "Total Cost": 167467.56, "Plan Rows": 11032, "Plan Width": 16, "Inner Unique": false, "Plans": [{"Node Type": "Index Scan", "Parent Relationship": "Outer", "Scan Direction": "Forward", "Index Name": "part_kpey", "Relation Name": "part", "Alias": "part", "Startup Cost": 0.0, "Total Cost": 110803.25, "Plan Rows": 2001, "Plan Width": 8, "Filter": "((p_brand = 'Brand#44'::bpchar) AND (p_container = 'WRAP PKG'::bpchar))"}, {"Node Type": "Index Scan", "Parent Relationship": "Inner", "Scan Direction": "Forward", "Index Name": "idx_lineitem_part_supp", "Relation Name": "lineitem", "Alias": "lineitem", "Startup Cost": 0.0, "Total Cost": 28.26, "Plan Rows": 6, "Plan Width": 16, "Index Cond": "(l_partkey = public.part.p_partkey)"}]}]}, {"Node Type": "Index Scan", "Parent Relationship": "Inner", "Scan Direction": "Forward", "Index Name": "part_kpey", "Relation Name": "part", "Alias": "part", "Startup Cost": 0.0, "Total Cost": 6.08, "Plan Rows": 1, "Plan Width": 8, "Index Cond": "(p_partkey = public.lineitem.l_partkey)", "Filter": "((p_brand = 'Brand#44'::bpchar) AND (p_container = 'WRAP PKG'::bpchar))"}]}, {"Node Type": "Index Scan", "Parent Relationship": "Inner", "Scan Direction": "Forward", "Index Name": "idx_lineitem_part_supp", "Relation Name": "lineitem", "Alias": "lineitem", "Startup Cost": 0.0, "Total Cost": 27.78, "Plan Rows": 2, "Plan Width": 24, "Index Cond": "(l_partkey = public.lineitem.l_partkey)", "Filter": "(l_quantity < (.2::double precision * (avg(public.lineitem.l_quantity))))"}]}]}, "Unique SQL Id": 1080450481}, "explain_analyze_plan": {"Plan": {"Node Type": "Aggregate", "Strategy": "Plain", "Startup Cost": 247183.87, "Total Cost": 247183.88, "Plan Rows": 1, "Plan Width": 16, "Actual Startup Time": 1657.115, "Actual Total Time": 1657.115, "Actual Rows": 1, "Actual Loops": 1, "Plans": [{"Node Type": "Nested Loop", "Parent Relationship": "Outer", "Join Type": "Inner", "Startup Cost": 0.0, "Total Cost": 247181.85, "Plan Rows": 806, "Plan Width": 8, "Actual Startup Time": 1.741, "Actual Total Time": 1655.898, "Actual Rows": 5403, "Actual Loops": 1, "Inner Unique": false, "Plans": [{"Node Type": "Nested Loop", "Parent Relationship": "Outer", "Join Type": "Inner", "Startup Cost": 0.0, "Total Cost": 235005.8, "Plan Rows": 438, "Plan Width": 24, "Actual Startup Time": 1.699, "Actual Total Time": 1576.826, "Actual Rows": 2003, "Actual Loops": 1, "Inner Unique": true, "Plans": [{"Node Type": "Aggregate", "Strategy": "Sorted", "Parent Relationship": "Outer", "Startup Cost": 0.0, "Total Cost": 167743.36, "Plan Rows": 11032, "Plan Width": 80, "Actual Startup Time": 1.686, "Actual Total Time": 1564.989, "Actual Rows": 2003, "Actual Loops": 1, "Group By Key": ["public.lineitem.l_partkey"], "Plans": [{"Node Type": "Nested Loop", "Parent Relationship": "Outer", "Join Type": "Inner", "Startup Cost": 0.0, "Total Cost": 167467.56, "Plan Rows": 11032, "Plan Width": 16, "Actual Startup Time": 0.571, "Actual Total Time": 1531.613, "Actual Rows": 60021, "Actual Loops": 1, "Inner Unique": false, "Plans": [{"Node Type": "Index Scan", "Parent Relationship": "Outer", "Scan Direction": "Forward", "Index Name": "part_kpey", "Relation Name": "part", "Alias": "part", "Startup Cost": 0.0, "Total Cost": 110803.25, "Plan Rows": 2001, "Plan Width": 8, "Actual Startup Time": 0.553, "Actual Total Time": 1347.731, "Actual Rows": 2003, "Actual Loops": 1, "Filter": "((p_brand = 'Brand#44'::bpchar) AND (p_container = 'WRAP PKG'::bpchar))", "Rows Removed by Filter": 1997997}, {"Node Type": "Index Scan", "Parent Relationship": "Inner", "Scan Direction": "Forward", "Index Name": "idx_lineitem_part_supp", "Relation Name": "lineitem", "Alias": "lineitem", "Startup Cost": 0.0, "Total Cost": 28.26, "Plan Rows": 6, "Plan Width": 16, "Actual Startup Time": 23.7, "Actual Total Time": 168.192, "Actual Rows": 60021, "Actual Loops": 2003, "Index Cond": "(l_partkey = public.part.p_partkey)", "Rows Removed by Index Recheck": 0}]}]}, {"Node Type": "Index Scan", "Parent Relationship": "Inner", "Scan Direction": "Forward", "Index Name": "part_kpey", "Relation Name": "part", "Alias": "part", "Startup Cost": 0.0, "Total Cost": 6.08, "Plan Rows": 1, "Plan Width": 8, "Actual Startup Time": 9.266, "Actual Total Time": 9.266, "Actual Rows": 2003, "Actual Loops": 2003, "Index Cond": "(p_partkey = public.lineitem.l_partkey)", "Rows Removed by Index Recheck": 0, "Filter": "((p_brand = 'Brand#44'::bpchar) AND (p_container = 'WRAP PKG'::bpchar))", "Rows Removed by Filter": 0}]}, {"Node Type": "Index Scan", "Parent Relationship": "Inner", "Scan Direction": "Forward", "Index Name": "idx_lineitem_part_supp", "Relation Name": "lineitem", "Alias": "lineitem", "Startup Cost": 0.0, "Total Cost": 27.78, "Plan Rows": 2, "Plan Width": 24, "Actual Startup Time": 33.161, "Actual Total Time": 76.14, "Actual Rows": 5403, "Actual Loops": 2003, "Index Cond": "(l_partkey = public.lineitem.l_partkey)", "Rows Removed by Index Recheck": 0, "Filter": "(l_quantity < (.2::double precision * (avg(public.lineitem.l_quantity))))", "Rows Removed by Filter": 54618}]}]}, "Triggers": [], "Planner Runtime": 1.323, "Total Runtime": 1657.326, "Unique SQL Id": 1080450481}}, "(1, 106)": {"explain_plan": {"Plan": {"Node Type": "Aggregate", "Strategy": "Plain", "Startup Cost": 4549973.98, "Total Cost": 4549974.0, "Plan Rows": 1, "Plan Width": 16, "Plans": [{"Node Type": "Hash Join", "Parent Relationship": "Outer", "Join Type": "Inner", "Startup Cost": 2309655.28, "Total Cost": 4549971.97, "Plan Rows": 806, "Plan Width": 8, "Inner Unique": true, "Hash Cond": "(public.part.p_partkey = subquery.\"?column?\")", "Join Filter": "(public.lineitem.l_quantity < (.2::double precision * subquery.\"?column?\"))", "Plans": [{"Node Type": "Hash Join", "Parent Relationship": "Outer", "Join Type": "Inner", "Startup Cost": 71969.01, "Total Cost": 2312146.04, "Plan Rows": 11032, "Plan Width": 32, "Inner Unique": true, "Hash Cond": "(public.lineitem.l_partkey = public.part.p_partkey)", "Plans": [{"Node Type": "Seq Scan", "Parent Relationship": "Outer", "Relation Name": "lineitem", "Alias": "lineitem", "Startup Cost": 0.0, "Total Cost": 2015115.33, "Plan Rows": 59987033, "Plan Width": 24}, {"Node Type": "Hash", "Parent Relationship": "Inner", "Startup Cost": 71944.0, "Total Cost": 71944.0, "Plan Rows": 2001, "Plan Width": 8, "Plans": [{"Node Type": "Seq Scan", "Parent Relationship": "Outer", "Relation Name": "part", "Alias": "part", "Startup Cost": 0.0, "Total Cost": 71944.0, "Plan Rows": 2001, "Plan Width": 8, "Filter": "((p_brand = 'Brand#44'::bpchar) AND (p_container = 'WRAP PKG'::bpchar))"}]}]}, {"Node Type": "Hash", "Parent Relationship": "Inner", "Startup Cost": 2237548.37, "Total Cost": 2237548.37, "Plan Rows": 11032, "Plan Width": 16, "Plans": [{"Node Type": "Subquery Scan", "Parent Relationship": "Outer", "Alias": "subquery", "Startup Cost": 2237244.99, "Total Cost": 2237548.37, "Plan Rows": 11032, "Plan Width": 16, "Plans": [{"Node Type": "Aggregate", "Strategy": "Hashed", "Parent Relationship": "Subquery", "Startup Cost": 2237244.99, "Total Cost": 2237438.05, "Plan Rows": 11032, "Plan Width": 16, "Group By Key": ["public.lineitem.l_partkey"], "Plans": [{"Node Type": "Hash Join", "Parent Relationship": "Outer", "Join Type": "Inner", "Startup Cost": 71969.01, "Total Cost": 2237162.25, "Plan Rows": 11032, "Plan Width": 16, "Inner Unique": true, "Hash Cond": "(public.lineitem.l_partkey = public.part.p_partkey)", "Plans": [{"Node Type": "Seq Scan", "Parent Relationship": "Outer", "Relation Name": "lineitem", "Alias": "lineitem", "Startup Cost": 0.0, "Total Cost": 2015115.33, "Plan Rows": 59987033, "Plan Width": 16}, {"Node Type": "Hash", "Parent Relationship": "Inner", "Startup Cost": 71944.0, "Total Cost": 71944.0, "Plan Rows": 2001, "Plan Width": 8, "Plans": [{"Node Type": "Seq Scan", "Parent Relationship": "Outer", "Relation Name": "part", "Alias": "part", "Startup Cost": 0.0, "Total Cost": 71944.0, "Plan Rows": 2001, "Plan Width": 8, "Filter": "((p_brand = 'Brand#44'::bpchar) AND (p_container = 'WRAP PKG'::bpchar))"}]}]}]}]}]}]}]}, "Unique SQL Id": 1080450481}, "explain_analyze_plan": null}, "(1, 107)": {"explain_plan": {"Plan": {"Node Type": "Aggregate", "Strategy": "Plain", "Startup Cost": 4001573319144.61, "Total Cost": 4001573319144.62, "Plan Rows": 1, "Plan Width": 16, "Plans": [{"Node Type": "Hash Join", "Parent Relationship": "Outer", "Join Type": "Inner", "Startup Cost": 3010797702621.59, "Total Cost": 4001573319142.59, "Plan Rows": 806, "Plan Width": 8, "Inner Unique": true, "Hash Cond": "(public.part.p_partkey = subquery.\"?column?\")", "Join Filter": "(public.lineitem.l_quantity < (.2::double precision * subquery.\"?column?\"))", "Plans": [{"Node Type": "Hash Join", "Parent Relationship": "Outer", "Join Type": "Inner", "Startup Cost": 1010011080350.01, "Total Cost": 2000786696731.35, "Plan Rows": 11032, "Plan Width": 32, "Inner Unique": true, "Hash Cond": "(public.lineitem.l_partkey = public.part.p_partkey)", "Plans": [{"Node Type": "Index Scan", "Parent Relationship": "Outer", "Scan Direction": "Forward", "Index Name": "idx_lineitem_part_supp", "Relation Name": "lineitem", "Alias": "lineitem", "Startup Cost": 10000000000.0, "Total Cost": 1000775391319.64, "Plan Rows": 59987033, "Plan Width": 24}, {"Node Type": "Hash", "Parent Relationship": "Inner", "Startup Cost": 1000011080325.0, "Total Cost": 1000011080325.0, "Plan Rows": 2001, "Plan Width": 8, "Plans": [{"Node Type": "Index Scan", "Parent Relationship": "Outer", "Scan Direction": "Forward", "Index Name": "part_kpey", "Relation Name": "part", "Alias": "part", "Startup Cost": 10000000000.0, "Total Cost": 1000011080325.0, "Plan Rows": 2001, "Plan Width": 8, "Filter": "((p_brand = 'Brand#44'::bpchar) AND (p_container = 'WRAP PKG'::bpchar))"}]}]}, {"Node Type": "Hash", "Parent Relationship": "Inner", "Startup Cost": 2000786622133.68, "Total Cost": 2000786622133.68, "Plan Rows": 11032, "Plan Width": 16, "Plans": [{"Node Type": "Subquery Scan", "Parent Relationship": "Outer", "Alias": "subquery", "Startup Cost": 2000786621830.3, "Total Cost": 2000786622133.68, "Plan Rows": 11032, "Plan Width": 16, "Plans": [{"Node Type": "Aggregate", "Strategy": "Hashed", "Parent Relationship": "Subquery", "Startup Cost": 2000786621830.3, "Total Cost": 2000786622023.36, "Plan Rows": 11032, "Plan Width": 16, "Group By Key": ["public.lineitem.l_partkey"], "Plans": [{"Node Type": "Hash Join", "Parent Relationship": "Outer", "Join Type": "Inner", "Startup Cost": 1010011080350.01, "Total Cost": 2000786621747.56, "Plan Rows": 11032, "Plan Width": 16, "Inner Unique": true, "Hash Cond": "(public.lineitem.l_partkey = public.part.p_partkey)", "Plans": [{"Node Type": "Index Scan", "Parent Relationship": "Outer", "Scan Direction": "Forward", "Index Name": "idx_lineitem_part_supp", "Relation Name": "lineitem", "Alias": "lineitem", "Startup Cost": 10000000000.0, "Total Cost": 1000775391319.64, "Plan Rows": 59987033, "Plan Width": 16}, {"Node Type": "Hash", "Parent Relationship": "Inner", "Startup Cost": 1000011080325.0, "Total Cost": 1000011080325.0, "Plan Rows": 2001, "Plan Width": 8, "Plans": [{"Node Type": "Index Scan", "Parent Relationship": "Outer", "Scan Direction": "Forward", "Index Name": "part_kpey", "Relation Name": "part", "Alias": "part", "Startup Cost": 10000000000.0, "Total Cost": 1000011080325.0, "Plan Rows": 2001, "Plan Width": 8, "Filter": "((p_brand = 'Brand#44'::bpchar) AND (p_container = 'WRAP PKG'::bpchar))"}]}]}]}]}]}]}]}, "Unique SQL Id": 1080450481}, "explain_analyze_plan": null}, "(1, 108)": {"explain_plan": {"Plan": {"Node Type": "Aggregate", "Strategy": "Plain", "Startup Cost": 208324.62, "Total Cost": 208324.63, "Plan Rows": 1, "Plan Width": 16, "Plans": [{"Node Type": "Nested Loop", "Parent Relationship": "Outer", "Join Type": "Inner", "Startup Cost": 128691.05, "Total Cost": 208322.6, "Plan Rows": 806, "Plan Width": 8, "Inner Unique": false, "Plans": [{"Node Type": "Nested Loop", "Parent Relationship": "Outer", "Join Type": "Inner", "Startup Cost": 128691.05, "Total Cost": 196146.55, "Plan Rows": 438, "Plan Width": 24, "Inner Unique": true, "Plans": [{"Node Type": "Aggregate", "Strategy": "Hashed", "Parent Relationship": "Outer", "Startup Cost": 128691.05, "Total Cost": 128884.11, "Plan Rows": 11032, "Plan Width": 16, "Group By Key": ["public.lineitem.l_partkey"], "Plans": [{"Node Type": "Nested Loop", "Parent Relationship": "Outer", "Join Type": "Inner", "Startup Cost": 0.0, "Total Cost": 128608.31, "Plan Rows": 11032, "Plan Width": 16, "Inner Unique": false, "Plans": [{"Node Type": "Seq Scan", "Parent Relationship": "Outer", "Relation Name": "part", "Alias": "part", "Startup Cost": 0.0, "Total Cost": 71944.0, "Plan Rows": 2001, "Plan Width": 8, "Filter": "((p_brand = 'Brand#44'::bpchar) AND (p_container = 'WRAP PKG'::bpchar))"}, {"Node Type": "Index Scan", "Parent Relationship": "Inner", "Scan Direction": "Forward", "Index Name": "idx_lineitem_part_supp", "Relation Name": "lineitem", "Alias": "lineitem", "Startup Cost": 0.0, "Total Cost": 28.26, "Plan Rows": 6, "Plan Width": 16, "Index Cond": "(l_partkey = public.part.p_partkey)"}]}]}, {"Node Type": "Index Scan", "Parent Relationship": "Inner", "Scan Direction": "Forward", "Index Name": "part_kpey", "Relation Name": "part", "Alias": "part", "Startup Cost": 0.0, "Total Cost": 6.08, "Plan Rows": 1, "Plan Width": 8, "Index Cond": "(p_partkey = public.lineitem.l_partkey)", "Filter": "((p_brand = 'Brand#44'::bpchar) AND (p_container = 'WRAP PKG'::bpchar))"}]}, {"Node Type": "Index Scan", "Parent Relationship": "Inner", "Scan Direction": "Forward", "Index Name": "idx_lineitem_part_supp", "Relation Name": "lineitem", "Alias": "lineitem", "Startup Cost": 0.0, "Total Cost": 27.78, "Plan Rows": 2, "Plan Width": 24, "Index Cond": "(l_partkey = public.lineitem.l_partkey)", "Filter": "(l_quantity < (.2::double precision * (avg(public.lineitem.l_quantity))))"}]}]}, "Unique SQL Id": 1080450481}, "explain_analyze_plan": {"Plan": {"Node Type": "Aggregate", "Strategy": "Plain", "Startup Cost": 208324.62, "Total Cost": 208324.63, "Plan Rows": 1, "Plan Width": 16, "Actual Startup Time": 1125.155, "Actual Total Time": 1125.155, "Actual Rows": 1, "Actual Loops": 1, "Plans": [{"Node Type": "Nested Loop", "Parent Relationship": "Outer", "Join Type": "Inner", "Startup Cost": 128691.05, "Total Cost": 208322.6, "Plan Rows": 806, "Plan Width": 8, "Actual Startup Time": 968.471, "Actual Total Time": 1124.094, "Actual Rows": 5403, "Actual Loops": 1, "Inner Unique": false, "Plans": [{"Node Type": "Nested Loop", "Parent Relationship": "Outer", "Join Type": "Inner", "Startup Cost": 128691.05, "Total Cost": 196146.55, "Plan Rows": 438, "Plan Width": 24, "Actual Startup Time": 968.443, "Actual Total Time": 984.459, "Actual Rows": 2003, "Actual Loops": 1, "Inner Unique": true, "Plans": [{"Node Type": "Aggregate", "Strategy": "Hashed", "Parent Relationship": "Outer", "Startup Cost": 128691.05, "Total Cost": 128884.11, "Plan Rows": 11032, "Plan Width": 16, "Actual Startup Time": 968.416, "Actual Total Time": 969.922, "Actual Rows": 2003, "Actual Loops": 1, "Group By Key": ["public.lineitem.l_partkey"], "Plans": [{"Node Type": "Nested Loop", "Parent Relationship": "Outer", "Join Type": "Inner", "Startup Cost": 0.0, "Total Cost": 128608.31, "Plan Rows": 11032, "Plan Width": 16, "Actual Startup Time": 0.373, "Actual Total Time": 927.032, "Actual Rows": 60021, "Actual Loops": 1, "Inner Unique": false, "Plans": [{"Node Type": "Seq Scan", "Parent Relationship": "Outer", "Relation Name": "part", "Alias": "part", "Startup Cost": 0.0, "Total Cost": 71944.0, "Plan Rows": 2001, "Plan Width": 8, "Actual Startup Time": 0.35, "Actual Total Time": 770.343, "Actual Rows": 2003, "Actual Loops": 1, "Filter": "((p_brand = 'Brand#44'::bpchar) AND (p_container = 'WRAP PKG'::bpchar))", "Rows Removed by Filter": 1997997}, {"Node Type": "Index Scan", "Parent Relationship": "Inner", "Scan Direction": "Forward", "Index Name": "idx_lineitem_part_supp", "Relation Name": "lineitem", "Alias": "lineitem", "Startup Cost": 0.0, "Total Cost": 28.26, "Plan Rows": 6, "Plan Width": 16, "Actual Startup Time": 21.245, "Actual Total Time": 142.059, "Actual Rows": 60021, "Actual Loops": 2003, "Index Cond": "(l_partkey = public.part.p_partkey)", "Rows Removed by Index Recheck": 0}]}]}, {"Node Type": "Index Scan", "Parent Relationship": "Inner", "Scan Direction": "Forward", "Index Name": "part_kpey", "Relation Name": "part", "Alias": "part", "Startup Cost": 0.0, "Total Cost": 6.08, "Plan Rows": 1, "Plan Width": 8, "Actual Startup Time": 12.854, "Actual Total Time": 12.854, "Actual Rows": 2003, "Actual Loops": 2003, "Index Cond": "(p_partkey = public.lineitem.l_partkey)", "Rows Removed by Index Recheck": 0, "Filter": "((p_brand = 'Brand#44'::bpchar) AND (p_container = 'WRAP PKG'::bpchar))", "Rows Removed by Filter": 0}]}, {"Node Type": "Index Scan", "Parent Relationship": "Inner", "Scan Direction": "Forward", "Index Name": "idx_lineitem_part_supp", "Relation Name": "lineitem", "Alias": "lineitem", "Startup Cost": 0.0, "Total Cost": 27.78, "Plan Rows": 2, "Plan Width": 24, "Actual Startup Time": 57.238, "Actual Total Time": 137.264, "Actual Rows": 5403, "Actual Loops": 2003, "Index Cond": "(l_partkey = public.lineitem.l_partkey)", "Rows Removed by Index Recheck": 0, "Filter": "(l_quantity < (.2::double precision * (avg(public.lineitem.l_quantity))))", "Rows Removed by Filter": 54618}]}]}, "Triggers": [], "Planner Runtime": 1.327, "Total Runtime": 1125.393, "Unique SQL Id": 1080450481}}, "(1, 109)": {"explain_plan": {"Plan": {"Node Type": "Aggregate", "Strategy": "Plain", "Startup Cost": 247183.87, "Total Cost": 247183.88, "Plan Rows": 1, "Plan Width": 16, "Plans": [{"Node Type": "Nested Loop", "Parent Relationship": "Outer", "Join Type": "Inner", "Startup Cost": 0.0, "Total Cost": 247181.85, "Plan Rows": 806, "Plan Width": 8, "Inner Unique": false, "Plans": [{"Node Type": "Nested Loop", "Parent Relationship": "Outer", "Join Type": "Inner", "Startup Cost": 0.0, "Total Cost": 235005.8, "Plan Rows": 438, "Plan Width": 24, "Inner Unique": true, "Plans": [{"Node Type": "Aggregate", "Strategy": "Sorted", "Parent Relationship": "Outer", "Startup Cost": 0.0, "Total Cost": 167743.36, "Plan Rows": 11032, "Plan Width": 80, "Group By Key": ["public.lineitem.l_partkey"], "Plans": [{"Node Type": "Nested Loop", "Parent Relationship": "Outer", "Join Type": "Inner", "Startup Cost": 0.0, "Total Cost": 167467.56, "Plan Rows": 11032, "Plan Width": 16, "Inner Unique": false, "Plans": [{"Node Type": "Index Scan", "Parent Relationship": "Outer", "Scan Direction": "Forward", "Index Name": "part_kpey", "Relation Name": "part", "Alias": "part", "Startup Cost": 0.0, "Total Cost": 110803.25, "Plan Rows": 2001, "Plan Width": 8, "Filter": "((p_brand = 'Brand#44'::bpchar) AND (p_container = 'WRAP PKG'::bpchar))"}, {"Node Type": "Index Scan", "Parent Relationship": "Inner", "Scan Direction": "Forward", "Index Name": "idx_lineitem_part_supp", "Relation Name": "lineitem", "Alias": "lineitem", "Startup Cost": 0.0, "Total Cost": 28.26, "Plan Rows": 6, "Plan Width": 16, "Index Cond": "(l_partkey = public.part.p_partkey)"}]}]}, {"Node Type": "Index Scan", "Parent Relationship": "Inner", "Scan Direction": "Forward", "Index Name": "part_kpey", "Relation Name": "part", "Alias": "part", "Startup Cost": 0.0, "Total Cost": 6.08, "Plan Rows": 1, "Plan Width": 8, "Index Cond": "(p_partkey = public.lineitem.l_partkey)", "Filter": "((p_brand = 'Brand#44'::bpchar) AND (p_container = 'WRAP PKG'::bpchar))"}]}, {"Node Type": "Index Scan", "Parent Relationship": "Inner", "Scan Direction": "Forward", "Index Name": "idx_lineitem_part_supp", "Relation Name": "lineitem", "Alias": "lineitem", "Startup Cost": 0.0, "Total Cost": 27.78, "Plan Rows": 2, "Plan Width": 24, "Index Cond": "(l_partkey = public.lineitem.l_partkey)", "Filter": "(l_quantity < (.2::double precision * (avg(public.lineitem.l_quantity))))"}]}]}, "Unique SQL Id": 1080450481}, "explain_analyze_plan": {"Plan": {"Node Type": "Aggregate", "Strategy": "Plain", "Startup Cost": 247183.87, "Total Cost": 247183.88, "Plan Rows": 1, "Plan Width": 16, "Actual Startup Time": 1657.115, "Actual Total Time": 1657.115, "Actual Rows": 1, "Actual Loops": 1, "Plans": [{"Node Type": "Nested Loop", "Parent Relationship": "Outer", "Join Type": "Inner", "Startup Cost": 0.0, "Total Cost": 247181.85, "Plan Rows": 806, "Plan Width": 8, "Actual Startup Time": 1.741, "Actual Total Time": 1655.898, "Actual Rows": 5403, "Actual Loops": 1, "Inner Unique": false, "Plans": [{"Node Type": "Nested Loop", "Parent Relationship": "Outer", "Join Type": "Inner", "Startup Cost": 0.0, "Total Cost": 235005.8, "Plan Rows": 438, "Plan Width": 24, "Actual Startup Time": 1.699, "Actual Total Time": 1576.826, "Actual Rows": 2003, "Actual Loops": 1, "Inner Unique": true, "Plans": [{"Node Type": "Aggregate", "Strategy": "Sorted", "Parent Relationship": "Outer", "Startup Cost": 0.0, "Total Cost": 167743.36, "Plan Rows": 11032, "Plan Width": 80, "Actual Startup Time": 1.686, "Actual Total Time": 1564.989, "Actual Rows": 2003, "Actual Loops": 1, "Group By Key": ["public.lineitem.l_partkey"], "Plans": [{"Node Type": "Nested Loop", "Parent Relationship": "Outer", "Join Type": "Inner", "Startup Cost": 0.0, "Total Cost": 167467.56, "Plan Rows": 11032, "Plan Width": 16, "Actual Startup Time": 0.571, "Actual Total Time": 1531.613, "Actual Rows": 60021, "Actual Loops": 1, "Inner Unique": false, "Plans": [{"Node Type": "Index Scan", "Parent Relationship": "Outer", "Scan Direction": "Forward", "Index Name": "part_kpey", "Relation Name": "part", "Alias": "part", "Startup Cost": 0.0, "Total Cost": 110803.25, "Plan Rows": 2001, "Plan Width": 8, "Actual Startup Time": 0.553, "Actual Total Time": 1347.731, "Actual Rows": 2003, "Actual Loops": 1, "Filter": "((p_brand = 'Brand#44'::bpchar) AND (p_container = 'WRAP PKG'::bpchar))", "Rows Removed by Filter": 1997997}, {"Node Type": "Index Scan", "Parent Relationship": "Inner", "Scan Direction": "Forward", "Index Name": "idx_lineitem_part_supp", "Relation Name": "lineitem", "Alias": "lineitem", "Startup Cost": 0.0, "Total Cost": 28.26, "Plan Rows": 6, "Plan Width": 16, "Actual Startup Time": 23.7, "Actual Total Time": 168.192, "Actual Rows": 60021, "Actual Loops": 2003, "Index Cond": "(l_partkey = public.part.p_partkey)", "Rows Removed by Index Recheck": 0}]}]}, {"Node Type": "Index Scan", "Parent Relationship": "Inner", "Scan Direction": "Forward", "Index Name": "part_kpey", "Relation Name": "part", "Alias": "part", "Startup Cost": 0.0, "Total Cost": 6.08, "Plan Rows": 1, "Plan Width": 8, "Actual Startup Time": 9.266, "Actual Total Time": 9.266, "Actual Rows": 2003, "Actual Loops": 2003, "Index Cond": "(p_partkey = public.lineitem.l_partkey)", "Rows Removed by Index Recheck": 0, "Filter": "((p_brand = 'Brand#44'::bpchar) AND (p_container = 'WRAP PKG'::bpchar))", "Rows Removed by Filter": 0}]}, {"Node Type": "Index Scan", "Parent Relationship": "Inner", "Scan Direction": "Forward", "Index Name": "idx_lineitem_part_supp", "Relation Name": "lineitem", "Alias": "lineitem", "Startup Cost": 0.0, "Total Cost": 27.78, "Plan Rows": 2, "Plan Width": 24, "Actual Startup Time": 33.161, "Actual Total Time": 76.14, "Actual Rows": 5403, "Actual Loops": 2003, "Index Cond": "(l_partkey = public.lineitem.l_partkey)", "Rows Removed by Index Recheck": 0, "Filter": "(l_quantity < (.2::double precision * (avg(public.lineitem.l_quantity))))", "Rows Removed by Filter": 54618}]}]}, "Triggers": [], "Planner Runtime": 1.323, "Total Runtime": 1657.326, "Unique SQL Id": 1080450481}}, "(1, 110)": {"explain_plan": {"Plan": {"Node Type": "Aggregate", "Strategy": "Plain", "Startup Cost": 4549973.98, "Total Cost": 4549974.0, "Plan Rows": 1, "Plan Width": 16, "Plans": [{"Node Type": "Hash Join", "Parent Relationship": "Outer", "Join Type": "Inner", "Startup Cost": 2309655.28, "Total Cost": 4549971.97, "Plan Rows": 806, "Plan Width": 8, "Inner Unique": true, "Hash Cond": "(public.part.p_partkey = subquery.\"?column?\")", "Join Filter": "(public.lineitem.l_quantity < (.2::double precision * subquery.\"?column?\"))", "Plans": [{"Node Type": "Hash Join", "Parent Relationship": "Outer", "Join Type": "Inner", "Startup Cost": 71969.01, "Total Cost": 2312146.04, "Plan Rows": 11032, "Plan Width": 32, "Inner Unique": true, "Hash Cond": "(public.lineitem.l_partkey = public.part.p_partkey)", "Plans": [{"Node Type": "Seq Scan", "Parent Relationship": "Outer", "Relation Name": "lineitem", "Alias": "lineitem", "Startup Cost": 0.0, "Total Cost": 2015115.33, "Plan Rows": 59987033, "Plan Width": 24}, {"Node Type": "Hash", "Parent Relationship": "Inner", "Startup Cost": 71944.0, "Total Cost": 71944.0, "Plan Rows": 2001, "Plan Width": 8, "Plans": [{"Node Type": "Seq Scan", "Parent Relationship": "Outer", "Relation Name": "part", "Alias": "part", "Startup Cost": 0.0, "Total Cost": 71944.0, "Plan Rows": 2001, "Plan Width": 8, "Filter": "((p_brand = 'Brand#44'::bpchar) AND (p_container = 'WRAP PKG'::bpchar))"}]}]}, {"Node Type": "Hash", "Parent Relationship": "Inner", "Startup Cost": 2237548.37, "Total Cost": 2237548.37, "Plan Rows": 11032, "Plan Width": 16, "Plans": [{"Node Type": "Subquery Scan", "Parent Relationship": "Outer", "Alias": "subquery", "Startup Cost": 2237244.99, "Total Cost": 2237548.37, "Plan Rows": 11032, "Plan Width": 16, "Plans": [{"Node Type": "Aggregate", "Strategy": "Hashed", "Parent Relationship": "Subquery", "Startup Cost": 2237244.99, "Total Cost": 2237438.05, "Plan Rows": 11032, "Plan Width": 16, "Group By Key": ["public.lineitem.l_partkey"], "Plans": [{"Node Type": "Hash Join", "Parent Relationship": "Outer", "Join Type": "Inner", "Startup Cost": 71969.01, "Total Cost": 2237162.25, "Plan Rows": 11032, "Plan Width": 16, "Inner Unique": true, "Hash Cond": "(public.lineitem.l_partkey = public.part.p_partkey)", "Plans": [{"Node Type": "Seq Scan", "Parent Relationship": "Outer", "Relation Name": "lineitem", "Alias": "lineitem", "Startup Cost": 0.0, "Total Cost": 2015115.33, "Plan Rows": 59987033, "Plan Width": 16}, {"Node Type": "Hash", "Parent Relationship": "Inner", "Startup Cost": 71944.0, "Total Cost": 71944.0, "Plan Rows": 2001, "Plan Width": 8, "Plans": [{"Node Type": "Seq Scan", "Parent Relationship": "Outer", "Relation Name": "part", "Alias": "part", "Startup Cost": 0.0, "Total Cost": 71944.0, "Plan Rows": 2001, "Plan Width": 8, "Filter": "((p_brand = 'Brand#44'::bpchar) AND (p_container = 'WRAP PKG'::bpchar))"}]}]}]}]}]}]}]}, "Unique SQL Id": 1080450481}, "explain_analyze_plan": null}, "(1, 111)": {"explain_plan": {"Plan": {"Node Type": "Aggregate", "Strategy": "Plain", "Startup Cost": 4001573319144.61, "Total Cost": 4001573319144.62, "Plan Rows": 1, "Plan Width": 16, "Plans": [{"Node Type": "Hash Join", "Parent Relationship": "Outer", "Join Type": "Inner", "Startup Cost": 3010797702621.59, "Total Cost": 4001573319142.59, "Plan Rows": 806, "Plan Width": 8, "Inner Unique": true, "Hash Cond": "(public.part.p_partkey = subquery.\"?column?\")", "Join Filter": "(public.lineitem.l_quantity < (.2::double precision * subquery.\"?column?\"))", "Plans": [{"Node Type": "Hash Join", "Parent Relationship": "Outer", "Join Type": "Inner", "Startup Cost": 1010011080350.01, "Total Cost": 2000786696731.35, "Plan Rows": 11032, "Plan Width": 32, "Inner Unique": true, "Hash Cond": "(public.lineitem.l_partkey = public.part.p_partkey)", "Plans": [{"Node Type": "Index Scan", "Parent Relationship": "Outer", "Scan Direction": "Forward", "Index Name": "idx_lineitem_part_supp", "Relation Name": "lineitem", "Alias": "lineitem", "Startup Cost": 10000000000.0, "Total Cost": 1000775391319.64, "Plan Rows": 59987033, "Plan Width": 24}, {"Node Type": "Hash", "Parent Relationship": "Inner", "Startup Cost": 1000011080325.0, "Total Cost": 1000011080325.0, "Plan Rows": 2001, "Plan Width": 8, "Plans": [{"Node Type": "Index Scan", "Parent Relationship": "Outer", "Scan Direction": "Forward", "Index Name": "part_kpey", "Relation Name": "part", "Alias": "part", "Startup Cost": 10000000000.0, "Total Cost": 1000011080325.0, "Plan Rows": 2001, "Plan Width": 8, "Filter": "((p_brand = 'Brand#44'::bpchar) AND (p_container = 'WRAP PKG'::bpchar))"}]}]}, {"Node Type": "Hash", "Parent Relationship": "Inner", "Startup Cost": 2000786622133.68, "Total Cost": 2000786622133.68, "Plan Rows": 11032, "Plan Width": 16, "Plans": [{"Node Type": "Subquery Scan", "Parent Relationship": "Outer", "Alias": "subquery", "Startup Cost": 2000786621830.3, "Total Cost": 2000786622133.68, "Plan Rows": 11032, "Plan Width": 16, "Plans": [{"Node Type": "Aggregate", "Strategy": "Hashed", "Parent Relationship": "Subquery", "Startup Cost": 2000786621830.3, "Total Cost": 2000786622023.36, "Plan Rows": 11032, "Plan Width": 16, "Group By Key": ["public.lineitem.l_partkey"], "Plans": [{"Node Type": "Hash Join", "Parent Relationship": "Outer", "Join Type": "Inner", "Startup Cost": 1010011080350.01, "Total Cost": 2000786621747.56, "Plan Rows": 11032, "Plan Width": 16, "Inner Unique": true, "Hash Cond": "(public.lineitem.l_partkey = public.part.p_partkey)", "Plans": [{"Node Type": "Index Scan", "Parent Relationship": "Outer", "Scan Direction": "Forward", "Index Name": "idx_lineitem_part_supp", "Relation Name": "lineitem", "Alias": "lineitem", "Startup Cost": 10000000000.0, "Total Cost": 1000775391319.64, "Plan Rows": 59987033, "Plan Width": 16}, {"Node Type": "Hash", "Parent Relationship": "Inner", "Startup Cost": 1000011080325.0, "Total Cost": 1000011080325.0, "Plan Rows": 2001, "Plan Width": 8, "Plans": [{"Node Type": "Index Scan", "Parent Relationship": "Outer", "Scan Direction": "Forward", "Index Name": "part_kpey", "Relation Name": "part", "Alias": "part", "Startup Cost": 10000000000.0, "Total Cost": 1000011080325.0, "Plan Rows": 2001, "Plan Width": 8, "Filter": "((p_brand = 'Brand#44'::bpchar) AND (p_container = 'WRAP PKG'::bpchar))"}]}]}]}]}]}]}]}, "Unique SQL Id": 1080450481}, "explain_analyze_plan": null}, "(1, 112)": {"explain_plan": {"Plan": {"Node Type": "Aggregate", "Strategy": "Plain", "Startup Cost": 208324.62, "Total Cost": 208324.63, "Plan Rows": 1, "Plan Width": 16, "Plans": [{"Node Type": "Nested Loop", "Parent Relationship": "Outer", "Join Type": "Inner", "Startup Cost": 128691.05, "Total Cost": 208322.6, "Plan Rows": 806, "Plan Width": 8, "Inner Unique": false, "Plans": [{"Node Type": "Nested Loop", "Parent Relationship": "Outer", "Join Type": "Inner", "Startup Cost": 128691.05, "Total Cost": 196146.55, "Plan Rows": 438, "Plan Width": 24, "Inner Unique": true, "Plans": [{"Node Type": "Aggregate", "Strategy": "Hashed", "Parent Relationship": "Outer", "Startup Cost": 128691.05, "Total Cost": 128884.11, "Plan Rows": 11032, "Plan Width": 16, "Group By Key": ["public.lineitem.l_partkey"], "Plans": [{"Node Type": "Nested Loop", "Parent Relationship": "Outer", "Join Type": "Inner", "Startup Cost": 0.0, "Total Cost": 128608.31, "Plan Rows": 11032, "Plan Width": 16, "Inner Unique": false, "Plans": [{"Node Type": "Seq Scan", "Parent Relationship": "Outer", "Relation Name": "part", "Alias": "part", "Startup Cost": 0.0, "Total Cost": 71944.0, "Plan Rows": 2001, "Plan Width": 8, "Filter": "((p_brand = 'Brand#44'::bpchar) AND (p_container = 'WRAP PKG'::bpchar))"}, {"Node Type": "Index Scan", "Parent Relationship": "Inner", "Scan Direction": "Forward", "Index Name": "idx_lineitem_part_supp", "Relation Name": "lineitem", "Alias": "lineitem", "Startup Cost": 0.0, "Total Cost": 28.26, "Plan Rows": 6, "Plan Width": 16, "Index Cond": "(l_partkey = public.part.p_partkey)"}]}]}, {"Node Type": "Index Scan", "Parent Relationship": "Inner", "Scan Direction": "Forward", "Index Name": "part_kpey", "Relation Name": "part", "Alias": "part", "Startup Cost": 0.0, "Total Cost": 6.08, "Plan Rows": 1, "Plan Width": 8, "Index Cond": "(p_partkey = public.lineitem.l_partkey)", "Filter": "((p_brand = 'Brand#44'::bpchar) AND (p_container = 'WRAP PKG'::bpchar))"}]}, {"Node Type": "Index Scan", "Parent Relationship": "Inner", "Scan Direction": "Forward", "Index Name": "idx_lineitem_part_supp", "Relation Name": "lineitem", "Alias": "lineitem", "Startup Cost": 0.0, "Total Cost": 27.78, "Plan Rows": 2, "Plan Width": 24, "Index Cond": "(l_partkey = public.lineitem.l_partkey)", "Filter": "(l_quantity < (.2::double precision * (avg(public.lineitem.l_quantity))))"}]}]}, "Unique SQL Id": 1080450481}, "explain_analyze_plan": {"Plan": {"Node Type": "Aggregate", "Strategy": "Plain", "Startup Cost": 208324.62, "Total Cost": 208324.63, "Plan Rows": 1, "Plan Width": 16, "Actual Startup Time": 1125.155, "Actual Total Time": 1125.155, "Actual Rows": 1, "Actual Loops": 1, "Plans": [{"Node Type": "Nested Loop", "Parent Relationship": "Outer", "Join Type": "Inner", "Startup Cost": 128691.05, "Total Cost": 208322.6, "Plan Rows": 806, "Plan Width": 8, "Actual Startup Time": 968.471, "Actual Total Time": 1124.094, "Actual Rows": 5403, "Actual Loops": 1, "Inner Unique": false, "Plans": [{"Node Type": "Nested Loop", "Parent Relationship": "Outer", "Join Type": "Inner", "Startup Cost": 128691.05, "Total Cost": 196146.55, "Plan Rows": 438, "Plan Width": 24, "Actual Startup Time": 968.443, "Actual Total Time": 984.459, "Actual Rows": 2003, "Actual Loops": 1, "Inner Unique": true, "Plans": [{"Node Type": "Aggregate", "Strategy": "Hashed", "Parent Relationship": "Outer", "Startup Cost": 128691.05, "Total Cost": 128884.11, "Plan Rows": 11032, "Plan Width": 16, "Actual Startup Time": 968.416, "Actual Total Time": 969.922, "Actual Rows": 2003, "Actual Loops": 1, "Group By Key": ["public.lineitem.l_partkey"], "Plans": [{"Node Type": "Nested Loop", "Parent Relationship": "Outer", "Join Type": "Inner", "Startup Cost": 0.0, "Total Cost": 128608.31, "Plan Rows": 11032, "Plan Width": 16, "Actual Startup Time": 0.373, "Actual Total Time": 927.032, "Actual Rows": 60021, "Actual Loops": 1, "Inner Unique": false, "Plans": [{"Node Type": "Seq Scan", "Parent Relationship": "Outer", "Relation Name": "part", "Alias": "part", "Startup Cost": 0.0, "Total Cost": 71944.0, "Plan Rows": 2001, "Plan Width": 8, "Actual Startup Time": 0.35, "Actual Total Time": 770.343, "Actual Rows": 2003, "Actual Loops": 1, "Filter": "((p_brand = 'Brand#44'::bpchar) AND (p_container = 'WRAP PKG'::bpchar))", "Rows Removed by Filter": 1997997}, {"Node Type": "Index Scan", "Parent Relationship": "Inner", "Scan Direction": "Forward", "Index Name": "idx_lineitem_part_supp", "Relation Name": "lineitem", "Alias": "lineitem", "Startup Cost": 0.0, "Total Cost": 28.26, "Plan Rows": 6, "Plan Width": 16, "Actual Startup Time": 21.245, "Actual Total Time": 142.059, "Actual Rows": 60021, "Actual Loops": 2003, "Index Cond": "(l_partkey = public.part.p_partkey)", "Rows Removed by Index Recheck": 0}]}]}, {"Node Type": "Index Scan", "Parent Relationship": "Inner", "Scan Direction": "Forward", "Index Name": "part_kpey", "Relation Name": "part", "Alias": "part", "Startup Cost": 0.0, "Total Cost": 6.08, "Plan Rows": 1, "Plan Width": 8, "Actual Startup Time": 12.854, "Actual Total Time": 12.854, "Actual Rows": 2003, "Actual Loops": 2003, "Index Cond": "(p_partkey = public.lineitem.l_partkey)", "Rows Removed by Index Recheck": 0, "Filter": "((p_brand = 'Brand#44'::bpchar) AND (p_container = 'WRAP PKG'::bpchar))", "Rows Removed by Filter": 0}]}, {"Node Type": "Index Scan", "Parent Relationship": "Inner", "Scan Direction": "Forward", "Index Name": "idx_lineitem_part_supp", "Relation Name": "lineitem", "Alias": "lineitem", "Startup Cost": 0.0, "Total Cost": 27.78, "Plan Rows": 2, "Plan Width": 24, "Actual Startup Time": 57.238, "Actual Total Time": 137.264, "Actual Rows": 5403, "Actual Loops": 2003, "Index Cond": "(l_partkey = public.lineitem.l_partkey)", "Rows Removed by Index Recheck": 0, "Filter": "(l_quantity < (.2::double precision * (avg(public.lineitem.l_quantity))))", "Rows Removed by Filter": 54618}]}]}, "Triggers": [], "Planner Runtime": 1.327, "Total Runtime": 1125.393, "Unique SQL Id": 1080450481}}, "(1, 113)": {"explain_plan": {"Plan": {"Node Type": "Aggregate", "Strategy": "Plain", "Startup Cost": 247183.87, "Total Cost": 247183.88, "Plan Rows": 1, "Plan Width": 16, "Plans": [{"Node Type": "Nested Loop", "Parent Relationship": "Outer", "Join Type": "Inner", "Startup Cost": 0.0, "Total Cost": 247181.85, "Plan Rows": 806, "Plan Width": 8, "Inner Unique": false, "Plans": [{"Node Type": "Nested Loop", "Parent Relationship": "Outer", "Join Type": "Inner", "Startup Cost": 0.0, "Total Cost": 235005.8, "Plan Rows": 438, "Plan Width": 24, "Inner Unique": true, "Plans": [{"Node Type": "Aggregate", "Strategy": "Sorted", "Parent Relationship": "Outer", "Startup Cost": 0.0, "Total Cost": 167743.36, "Plan Rows": 11032, "Plan Width": 80, "Group By Key": ["public.lineitem.l_partkey"], "Plans": [{"Node Type": "Nested Loop", "Parent Relationship": "Outer", "Join Type": "Inner", "Startup Cost": 0.0, "Total Cost": 167467.56, "Plan Rows": 11032, "Plan Width": 16, "Inner Unique": false, "Plans": [{"Node Type": "Index Scan", "Parent Relationship": "Outer", "Scan Direction": "Forward", "Index Name": "part_kpey", "Relation Name": "part", "Alias": "part", "Startup Cost": 0.0, "Total Cost": 110803.25, "Plan Rows": 2001, "Plan Width": 8, "Filter": "((p_brand = 'Brand#44'::bpchar) AND (p_container = 'WRAP PKG'::bpchar))"}, {"Node Type": "Index Scan", "Parent Relationship": "Inner", "Scan Direction": "Forward", "Index Name": "idx_lineitem_part_supp", "Relation Name": "lineitem", "Alias": "lineitem", "Startup Cost": 0.0, "Total Cost": 28.26, "Plan Rows": 6, "Plan Width": 16, "Index Cond": "(l_partkey = public.part.p_partkey)"}]}]}, {"Node Type": "Index Scan", "Parent Relationship": "Inner", "Scan Direction": "Forward", "Index Name": "part_kpey", "Relation Name": "part", "Alias": "part", "Startup Cost": 0.0, "Total Cost": 6.08, "Plan Rows": 1, "Plan Width": 8, "Index Cond": "(p_partkey = public.lineitem.l_partkey)", "Filter": "((p_brand = 'Brand#44'::bpchar) AND (p_container = 'WRAP PKG'::bpchar))"}]}, {"Node Type": "Index Scan", "Parent Relationship": "Inner", "Scan Direction": "Forward", "Index Name": "idx_lineitem_part_supp", "Relation Name": "lineitem", "Alias": "lineitem", "Startup Cost": 0.0, "Total Cost": 27.78, "Plan Rows": 2, "Plan Width": 24, "Index Cond": "(l_partkey = public.lineitem.l_partkey)", "Filter": "(l_quantity < (.2::double precision * (avg(public.lineitem.l_quantity))))"}]}]}, "Unique SQL Id": 1080450481}, "explain_analyze_plan": {"Plan": {"Node Type": "Aggregate", "Strategy": "Plain", "Startup Cost": 247183.87, "Total Cost": 247183.88, "Plan Rows": 1, "Plan Width": 16, "Actual Startup Time": 1657.115, "Actual Total Time": 1657.115, "Actual Rows": 1, "Actual Loops": 1, "Plans": [{"Node Type": "Nested Loop", "Parent Relationship": "Outer", "Join Type": "Inner", "Startup Cost": 0.0, "Total Cost": 247181.85, "Plan Rows": 806, "Plan Width": 8, "Actual Startup Time": 1.741, "Actual Total Time": 1655.898, "Actual Rows": 5403, "Actual Loops": 1, "Inner Unique": false, "Plans": [{"Node Type": "Nested Loop", "Parent Relationship": "Outer", "Join Type": "Inner", "Startup Cost": 0.0, "Total Cost": 235005.8, "Plan Rows": 438, "Plan Width": 24, "Actual Startup Time": 1.699, "Actual Total Time": 1576.826, "Actual Rows": 2003, "Actual Loops": 1, "Inner Unique": true, "Plans": [{"Node Type": "Aggregate", "Strategy": "Sorted", "Parent Relationship": "Outer", "Startup Cost": 0.0, "Total Cost": 167743.36, "Plan Rows": 11032, "Plan Width": 80, "Actual Startup Time": 1.686, "Actual Total Time": 1564.989, "Actual Rows": 2003, "Actual Loops": 1, "Group By Key": ["public.lineitem.l_partkey"], "Plans": [{"Node Type": "Nested Loop", "Parent Relationship": "Outer", "Join Type": "Inner", "Startup Cost": 0.0, "Total Cost": 167467.56, "Plan Rows": 11032, "Plan Width": 16, "Actual Startup Time": 0.571, "Actual Total Time": 1531.613, "Actual Rows": 60021, "Actual Loops": 1, "Inner Unique": false, "Plans": [{"Node Type": "Index Scan", "Parent Relationship": "Outer", "Scan Direction": "Forward", "Index Name": "part_kpey", "Relation Name": "part", "Alias": "part", "Startup Cost": 0.0, "Total Cost": 110803.25, "Plan Rows": 2001, "Plan Width": 8, "Actual Startup Time": 0.553, "Actual Total Time": 1347.731, "Actual Rows": 2003, "Actual Loops": 1, "Filter": "((p_brand = 'Brand#44'::bpchar) AND (p_container = 'WRAP PKG'::bpchar))", "Rows Removed by Filter": 1997997}, {"Node Type": "Index Scan", "Parent Relationship": "Inner", "Scan Direction": "Forward", "Index Name": "idx_lineitem_part_supp", "Relation Name": "lineitem", "Alias": "lineitem", "Startup Cost": 0.0, "Total Cost": 28.26, "Plan Rows": 6, "Plan Width": 16, "Actual Startup Time": 23.7, "Actual Total Time": 168.192, "Actual Rows": 60021, "Actual Loops": 2003, "Index Cond": "(l_partkey = public.part.p_partkey)", "Rows Removed by Index Recheck": 0}]}]}, {"Node Type": "Index Scan", "Parent Relationship": "Inner", "Scan Direction": "Forward", "Index Name": "part_kpey", "Relation Name": "part", "Alias": "part", "Startup Cost": 0.0, "Total Cost": 6.08, "Plan Rows": 1, "Plan Width": 8, "Actual Startup Time": 9.266, "Actual Total Time": 9.266, "Actual Rows": 2003, "Actual Loops": 2003, "Index Cond": "(p_partkey = public.lineitem.l_partkey)", "Rows Removed by Index Recheck": 0, "Filter": "((p_brand = 'Brand#44'::bpchar) AND (p_container = 'WRAP PKG'::bpchar))", "Rows Removed by Filter": 0}]}, {"Node Type": "Index Scan", "Parent Relationship": "Inner", "Scan Direction": "Forward", "Index Name": "idx_lineitem_part_supp", "Relation Name": "lineitem", "Alias": "lineitem", "Startup Cost": 0.0, "Total Cost": 27.78, "Plan Rows": 2, "Plan Width": 24, "Actual Startup Time": 33.161, "Actual Total Time": 76.14, "Actual Rows": 5403, "Actual Loops": 2003, "Index Cond": "(l_partkey = public.lineitem.l_partkey)", "Rows Removed by Index Recheck": 0, "Filter": "(l_quantity < (.2::double precision * (avg(public.lineitem.l_quantity))))", "Rows Removed by Filter": 54618}]}]}, "Triggers": [], "Planner Runtime": 1.323, "Total Runtime": 1657.326, "Unique SQL Id": 1080450481}}, "(1, 114)": {"explain_plan": {"Plan": {"Node Type": "Aggregate", "Strategy": "Plain", "Startup Cost": 213808.47, "Total Cost": 213808.48, "Plan Rows": 1, "Plan Width": 16, "Plans": [{"Node Type": "Nested Loop", "Parent Relationship": "Outer", "Join Type": "Inner", "Startup Cost": 128826.76, "Total Cost": 213806.45, "Plan Rows": 806, "Plan Width": 8, "Inner Unique": false, "Plans": [{"Node Type": "Nested Loop", "Parent Relationship": "Outer", "Join Type": "Inner", "Startup Cost": 128822.53, "Total Cost": 201406.27, "Plan Rows": 438, "Plan Width": 24, "Inner Unique": true, "Plans": [{"Node Type": "Aggregate", "Strategy": "Hashed", "Parent Relationship": "Outer", "Startup Cost": 128820.01, "Total Cost": 129013.07, "Plan Rows": 11032, "Plan Width": 16, "Group By Key": ["public.lineitem.l_partkey"], "Plans": [{"Node Type": "Nested Loop", "Parent Relationship": "Outer", "Join Type": "Inner", "Startup Cost": 4.28, "Total Cost": 128737.27, "Plan Rows": 11032, "Plan Width": 16, "Inner Unique": false, "Plans": [{"Node Type": "Seq Scan", "Parent Relationship": "Outer", "Relation Name": "part", "Alias": "part", "Startup Cost": 0.0, "Total Cost": 71944.0, "Plan Rows": 2001, "Plan Width": 8, "Filter": "((p_brand = 'Brand#44'::bpchar) AND (p_container = 'WRAP PKG'::bpchar))"}, {"Node Type": "Bitmap Heap Scan", "Parent Relationship": "Inner", "Relation Name": "lineitem", "Alias": "lineitem", "Startup Cost": 4.28, "Total Cost": 28.32, "Plan Rows": 6, "Plan Width": 16, "Recheck Cond": "(l_partkey = public.part.p_partkey)", "Plans": [{"Node Type": "Bitmap Index Scan", "Parent Relationship": "Outer", "Index Name": "idx_lineitem_part_supp", "Startup Cost": 0.0, "Total Cost": 4.28, "Plan Rows": 6, "Plan Width": 0, "Index Cond": "(l_partkey = public.part.p_partkey)"}]}]}]}, {"Node Type": "Bitmap Heap Scan", "Parent Relationship": "Inner", "Relation Name": "part", "Alias": "part", "Startup Cost": 2.52, "Total Cost": 6.54, "Plan Rows": 1, "Plan Width": 8, "Recheck Cond": "(p_partkey = public.lineitem.l_partkey)", "Filter": "((p_brand = 'Brand#44'::bpchar) AND (p_container = 'WRAP PKG'::bpchar))", "Plans": [{"Node Type": "Bitmap Index Scan", "Parent Relationship": "Outer", "Index Name": "part_kpey", "Startup Cost": 0.0, "Total Cost": 2.52, "Plan Rows": 1, "Plan Width": 0, "Index Cond": "(p_partkey = public.lineitem.l_partkey)"}]}]}, {"Node Type": "Bitmap Heap Scan", "Parent Relationship": "Inner", "Relation Name": "lineitem", "Alias": "lineitem", "Startup Cost": 4.22, "Total Cost": 28.29, "Plan Rows": 2, "Plan Width": 24, "Recheck Cond": "(l_partkey = public.lineitem.l_partkey)", "Filter": "(l_quantity < (.2::double precision * (avg(public.lineitem.l_quantity))))", "Plans": [{"Node Type": "Bitmap Index Scan", "Parent Relationship": "Outer", "Index Name": "idx_lineitem_part_supp", "Startup Cost": 0.0, "Total Cost": 4.22, "Plan Rows": 6, "Plan Width": 0, "Index Cond": "(l_partkey = public.lineitem.l_partkey)"}]}]}]}, "Unique SQL Id": 1080450481}, "explain_analyze_plan": {"Plan": {"Node Type": "Aggregate", "Strategy": "Plain", "Startup Cost": 213808.47, "Total Cost": 213808.48, "Plan Rows": 1, "Plan Width": 16, "Actual Startup Time": 1332.753, "Actual Total Time": 1332.753, "Actual Rows": 1, "Actual Loops": 1, "Plans": [{"Node Type": "Nested Loop", "Parent Relationship": "Outer", "Join Type": "Inner", "Startup Cost": 128826.76, "Total Cost": 213806.45, "Plan Rows": 806, "Plan Width": 8, "Actual Startup Time": 1119.036, "Actual Total Time": 1331.626, "Actual Rows": 5403, "Actual Loops": 1, "Inner Unique": false, "Plans": [{"Node Type": "Nested Loop", "Parent Relationship": "Outer", "Join Type": "Inner", "Startup Cost": 128822.53, "Total Cost": 201406.27, "Plan Rows": 438, "Plan Width": 24, "Actual Startup Time": 1118.956, "Actual Total Time": 1142.745, "Actual Rows": 2003, "Actual Loops": 1, "Inner Unique": true, "Plans": [{"Node Type": "Aggregate", "Strategy": "Hashed", "Parent Relationship": "Outer", "Startup Cost": 128820.01, "Total Cost": 129013.07, "Plan Rows": 11032, "Plan Width": 16, "Actual Startup Time": 1118.911, "Actual Total Time": 1120.833, "Actual Rows": 2003, "Actual Loops": 1, "Group By Key": ["public.lineitem.l_partkey"], "Plans": [{"Node Type": "Nested Loop", "Parent Relationship": "Outer", "Join Type": "Inner", "Startup Cost": 4.28, "Total Cost": 128737.27, "Plan Rows": 11032, "Plan Width": 16, "Actual Startup Time": 0.412, "Actual Total Time": 1078.48, "Actual Rows": 60021, "Actual Loops": 1, "Inner Unique": false, "Plans": [{"Node Type": "Seq Scan", "Parent Relationship": "Outer", "Relation Name": "part", "Alias": "part", "Startup Cost": 0.0, "Total Cost": 71944.0, "Plan Rows": 2001, "Plan Width": 8, "Actual Startup Time": 0.366, "Actual Total Time": 819.746, "Actual Rows": 2003, "Actual Loops": 1, "Filter": "((p_brand = 'Brand#44'::bpchar) AND (p_container = 'WRAP PKG'::bpchar))", "Rows Removed by Filter": 1997997}, {"Node Type": "Bitmap Heap Scan", "Parent Relationship": "Inner", "Relation Name": "lineitem", "Alias": "lineitem", "Startup Cost": 4.28, "Total Cost": 28.32, "Plan Rows": 6, "Plan Width": 16, "Actual Startup Time": 43.842, "Actual Total Time": 241.092, "Actual Rows": 60021, "Actual Loops": 2003, "Recheck Cond": "(l_partkey = public.part.p_partkey)", "Rows Removed by Index Recheck": 0, "Exact Heap Blocks": 60018, "Lossy Heap Blocks": 60018, "Plans": [{"Node Type": "Bitmap Index Scan", "Parent Relationship": "Outer", "Index Name": "idx_lineitem_part_supp", "Startup Cost": 0.0, "Total Cost": 4.28, "Plan Rows": 6, "Plan Width": 0, "Actual Startup Time": 28.842, "Actual Total Time": 28.842, "Actual Rows": 60021, "Actual Loops": 2003, "Index Cond": "(l_partkey = public.part.p_partkey)"}]}]}]}, {"Node Type": "Bitmap Heap Scan", "Parent Relationship": "Inner", "Relation Name": "part", "Alias": "part", "Startup Cost": 2.52, "Total Cost": 6.54, "Plan Rows": 1, "Plan Width": 8, "Actual Startup Time": 18.403, "Actual Total Time": 18.403, "Actual Rows": 2003, "Actual Loops": 2003, "Recheck Cond": "(p_partkey = public.lineitem.l_partkey)", "Rows Removed by Index Recheck": 0, "Filter": "((p_brand = 'Brand#44'::bpchar) AND (p_container = 'WRAP PKG'::bpchar))", "Rows Removed by Filter": 0, "Exact Heap Blocks": 2003, "Lossy Heap Blocks": 2003, "Plans": [{"Node Type": "Bitmap Index Scan", "Parent Relationship": "Outer", "Index Name": "part_kpey", "Startup Cost": 0.0, "Total Cost": 2.52, "Plan Rows": 1, "Plan Width": 0, "Actual Startup Time": 11.137, "Actual Total Time": 11.137, "Actual Rows": 2003, "Actual Loops": 2003, "Index Cond": "(p_partkey = public.lineitem.l_partkey)"}]}]}, {"Node Type": "Bitmap Heap Scan", "Parent Relationship": "Inner", "Relation Name": "lineitem", "Alias": "lineitem", "Startup Cost": 4.22, "Total Cost": 28.29, "Plan Rows": 2, "Plan Width": 24, "Actual Startup Time": 83.292, "Actual Total Time": 184.714, "Actual Rows": 5403, "Actual Loops": 2003, "Recheck Cond": "(l_partkey = public.lineitem.l_partkey)", "Rows Removed by Index Recheck": 0, "Filter": "(l_quantity < (.2::double precision * (avg(public.lineitem.l_quantity))))", "Rows Removed by Filter": 54618, "Exact Heap Blocks": 60018, "Lossy Heap Blocks": 60018, "Plans": [{"Node Type": "Bitmap Index Scan", "Parent Relationship": "Outer", "Index Name": "idx_lineitem_part_supp", "Startup Cost": 0.0, "Total Cost": 4.22, "Plan Rows": 6, "Plan Width": 0, "Actual Startup Time": 24.575, "Actual Total Time": 24.575, "Actual Rows": 60021, "Actual Loops": 2003, "Index Cond": "(l_partkey = public.lineitem.l_partkey)"}]}]}]}, "Triggers": [], "Planner Runtime": 1.125, "Total Runtime": 1333.115, "Unique SQL Id": 1080450481}}, "(1, 115)": {"explain_plan": {"Plan": {"Node Type": "Aggregate", "Strategy": "Plain", "Startup Cost": 1001032279502.61, "Total Cost": 1001032279502.62, "Plan Rows": 1, "Plan Width": 16, "Plans": [{"Node Type": "Nested Loop", "Parent Relationship": "Outer", "Join Type": "Inner", "Startup Cost": 10000000004.74, "Total Cost": 1001032279500.6, "Plan Rows": 806, "Plan Width": 8, "Inner Unique": true, "Join Filter": "(public.lineitem.l_partkey = public.part.p_partkey)", "Plans": [{"Node Type": "Nested Loop", "Parent Relationship": "Outer", "Join Type": "Inner", "Startup Cost": 10000000004.48, "Total Cost": 1001032192561.0, "Plan Rows": 20274, "Plan Width": 24, "Inner Unique": false, "Plans": [{"Node Type": "Aggregate", "Strategy": "Sorted", "Parent Relationship": "Outer", "Startup Cost": 10000000000.26, "Total Cost": 1001031880124.59, "Plan Rows": 11032, "Plan Width": 80, "Group By Key": ["public.lineitem.l_partkey"], "Plans": [{"Node Type": "Nested Loop", "Parent Relationship": "Outer", "Join Type": "Semi", "Startup Cost": 10000000000.26, "Total Cost": 1001031879848.79, "Plan Rows": 11032, "Plan Width": 16, "Inner Unique": false, "Plans": [{"Node Type": "Index Scan", "Parent Relationship": "Outer", "Scan Direction": "Forward", "Index Name": "idx_lineitem_part_supp", "Relation Name": "lineitem", "Alias": "lineitem", "Startup Cost": 10000000000.0, "Total Cost": 1000775391319.64, "Plan Rows": 59987033, "Plan Width": 16}, {"Node Type": "Bitmap Heap Scan", "Parent Relationship": "Inner", "Relation Name": "part", "Alias": "part", "Startup Cost": 0.26, "Total Cost": 4.28, "Plan Rows": 1, "Plan Width": 8, "Recheck Cond": "(p_partkey = public.lineitem.l_partkey)", "Filter": "((p_brand = 'Brand#44'::bpchar) AND (p_container = 'WRAP PKG'::bpchar))", "Plans": [{"Node Type": "Bitmap Index Scan", "Parent Relationship": "Outer", "Index Name": "part_kpey", "Startup Cost": 0.0, "Total Cost": 0.26, "Plan Rows": 1, "Plan Width": 0, "Index Cond": "(p_partkey = public.lineitem.l_partkey)"}]}]}]}, {"Node Type": "Bitmap Heap Scan", "Parent Relationship": "Inner", "Relation Name": "lineitem", "Alias": "lineitem", "Startup Cost": 4.22, "Total Cost": 28.29, "Plan Rows": 2, "Plan Width": 24, "Recheck Cond": "(l_partkey = public.lineitem.l_partkey)", "Filter": "(l_quantity < (.2::double precision * (avg(public.lineitem.l_quantity))))", "Plans": [{"Node Type": "Bitmap Index Scan", "Parent Relationship": "Outer", "Index Name": "idx_lineitem_part_supp", "Startup Cost": 0.0, "Total Cost": 4.22, "Plan Rows": 6, "Plan Width": 0, "Index Cond": "(l_partkey = public.lineitem.l_partkey)"}]}]}, {"Node Type": "Bitmap Heap Scan", "Parent Relationship": "Inner", "Relation Name": "part", "Alias": "part", "Startup Cost": 0.26, "Total Cost": 4.28, "Plan Rows": 1, "Plan Width": 8, "Recheck Cond": "(p_partkey = public.lineitem.l_partkey)", "Filter": "((p_brand = 'Brand#44'::bpchar) AND (p_container = 'WRAP PKG'::bpchar))", "Plans": [{"Node Type": "Bitmap Index Scan", "Parent Relationship": "Outer", "Index Name": "part_kpey", "Startup Cost": 0.0, "Total Cost": 0.26, "Plan Rows": 1, "Plan Width": 0, "Index Cond": "(p_partkey = public.lineitem.l_partkey)"}]}]}]}, "Unique SQL Id": 1080450481}, "explain_analyze_plan": null}, "(1, 116)": {"explain_plan": {"Plan": {"Node Type": "Aggregate", "Strategy": "Plain", "Startup Cost": 208324.62, "Total Cost": 208324.63, "Plan Rows": 1, "Plan Width": 16, "Plans": [{"Node Type": "Nested Loop", "Parent Relationship": "Outer", "Join Type": "Inner", "Startup Cost": 128691.05, "Total Cost": 208322.6, "Plan Rows": 806, "Plan Width": 8, "Inner Unique": false, "Plans": [{"Node Type": "Nested Loop", "Parent Relationship": "Outer", "Join Type": "Inner", "Startup Cost": 128691.05, "Total Cost": 196146.55, "Plan Rows": 438, "Plan Width": 24, "Inner Unique": true, "Plans": [{"Node Type": "Aggregate", "Strategy": "Hashed", "Parent Relationship": "Outer", "Startup Cost": 128691.05, "Total Cost": 128884.11, "Plan Rows": 11032, "Plan Width": 16, "Group By Key": ["public.lineitem.l_partkey"], "Plans": [{"Node Type": "Nested Loop", "Parent Relationship": "Outer", "Join Type": "Inner", "Startup Cost": 0.0, "Total Cost": 128608.31, "Plan Rows": 11032, "Plan Width": 16, "Inner Unique": false, "Plans": [{"Node Type": "Seq Scan", "Parent Relationship": "Outer", "Relation Name": "part", "Alias": "part", "Startup Cost": 0.0, "Total Cost": 71944.0, "Plan Rows": 2001, "Plan Width": 8, "Filter": "((p_brand = 'Brand#44'::bpchar) AND (p_container = 'WRAP PKG'::bpchar))"}, {"Node Type": "Index Scan", "Parent Relationship": "Inner", "Scan Direction": "Forward", "Index Name": "idx_lineitem_part_supp", "Relation Name": "lineitem", "Alias": "lineitem", "Startup Cost": 0.0, "Total Cost": 28.26, "Plan Rows": 6, "Plan Width": 16, "Index Cond": "(l_partkey = public.part.p_partkey)"}]}]}, {"Node Type": "Index Scan", "Parent Relationship": "Inner", "Scan Direction": "Forward", "Index Name": "part_kpey", "Relation Name": "part", "Alias": "part", "Startup Cost": 0.0, "Total Cost": 6.08, "Plan Rows": 1, "Plan Width": 8, "Index Cond": "(p_partkey = public.lineitem.l_partkey)", "Filter": "((p_brand = 'Brand#44'::bpchar) AND (p_container = 'WRAP PKG'::bpchar))"}]}, {"Node Type": "Index Scan", "Parent Relationship": "Inner", "Scan Direction": "Forward", "Index Name": "idx_lineitem_part_supp", "Relation Name": "lineitem", "Alias": "lineitem", "Startup Cost": 0.0, "Total Cost": 27.78, "Plan Rows": 2, "Plan Width": 24, "Index Cond": "(l_partkey = public.lineitem.l_partkey)", "Filter": "(l_quantity < (.2::double precision * (avg(public.lineitem.l_quantity))))"}]}]}, "Unique SQL Id": 1080450481}, "explain_analyze_plan": {"Plan": {"Node Type": "Aggregate", "Strategy": "Plain", "Startup Cost": 208324.62, "Total Cost": 208324.63, "Plan Rows": 1, "Plan Width": 16, "Actual Startup Time": 1125.155, "Actual Total Time": 1125.155, "Actual Rows": 1, "Actual Loops": 1, "Plans": [{"Node Type": "Nested Loop", "Parent Relationship": "Outer", "Join Type": "Inner", "Startup Cost": 128691.05, "Total Cost": 208322.6, "Plan Rows": 806, "Plan Width": 8, "Actual Startup Time": 968.471, "Actual Total Time": 1124.094, "Actual Rows": 5403, "Actual Loops": 1, "Inner Unique": false, "Plans": [{"Node Type": "Nested Loop", "Parent Relationship": "Outer", "Join Type": "Inner", "Startup Cost": 128691.05, "Total Cost": 196146.55, "Plan Rows": 438, "Plan Width": 24, "Actual Startup Time": 968.443, "Actual Total Time": 984.459, "Actual Rows": 2003, "Actual Loops": 1, "Inner Unique": true, "Plans": [{"Node Type": "Aggregate", "Strategy": "Hashed", "Parent Relationship": "Outer", "Startup Cost": 128691.05, "Total Cost": 128884.11, "Plan Rows": 11032, "Plan Width": 16, "Actual Startup Time": 968.416, "Actual Total Time": 969.922, "Actual Rows": 2003, "Actual Loops": 1, "Group By Key": ["public.lineitem.l_partkey"], "Plans": [{"Node Type": "Nested Loop", "Parent Relationship": "Outer", "Join Type": "Inner", "Startup Cost": 0.0, "Total Cost": 128608.31, "Plan Rows": 11032, "Plan Width": 16, "Actual Startup Time": 0.373, "Actual Total Time": 927.032, "Actual Rows": 60021, "Actual Loops": 1, "Inner Unique": false, "Plans": [{"Node Type": "Seq Scan", "Parent Relationship": "Outer", "Relation Name": "part", "Alias": "part", "Startup Cost": 0.0, "Total Cost": 71944.0, "Plan Rows": 2001, "Plan Width": 8, "Actual Startup Time": 0.35, "Actual Total Time": 770.343, "Actual Rows": 2003, "Actual Loops": 1, "Filter": "((p_brand = 'Brand#44'::bpchar) AND (p_container = 'WRAP PKG'::bpchar))", "Rows Removed by Filter": 1997997}, {"Node Type": "Index Scan", "Parent Relationship": "Inner", "Scan Direction": "Forward", "Index Name": "idx_lineitem_part_supp", "Relation Name": "lineitem", "Alias": "lineitem", "Startup Cost": 0.0, "Total Cost": 28.26, "Plan Rows": 6, "Plan Width": 16, "Actual Startup Time": 21.245, "Actual Total Time": 142.059, "Actual Rows": 60021, "Actual Loops": 2003, "Index Cond": "(l_partkey = public.part.p_partkey)", "Rows Removed by Index Recheck": 0}]}]}, {"Node Type": "Index Scan", "Parent Relationship": "Inner", "Scan Direction": "Forward", "Index Name": "part_kpey", "Relation Name": "part", "Alias": "part", "Startup Cost": 0.0, "Total Cost": 6.08, "Plan Rows": 1, "Plan Width": 8, "Actual Startup Time": 12.854, "Actual Total Time": 12.854, "Actual Rows": 2003, "Actual Loops": 2003, "Index Cond": "(p_partkey = public.lineitem.l_partkey)", "Rows Removed by Index Recheck": 0, "Filter": "((p_brand = 'Brand#44'::bpchar) AND (p_container = 'WRAP PKG'::bpchar))", "Rows Removed by Filter": 0}]}, {"Node Type": "Index Scan", "Parent Relationship": "Inner", "Scan Direction": "Forward", "Index Name": "idx_lineitem_part_supp", "Relation Name": "lineitem", "Alias": "lineitem", "Startup Cost": 0.0, "Total Cost": 27.78, "Plan Rows": 2, "Plan Width": 24, "Actual Startup Time": 57.238, "Actual Total Time": 137.264, "Actual Rows": 5403, "Actual Loops": 2003, "Index Cond": "(l_partkey = public.lineitem.l_partkey)", "Rows Removed by Index Recheck": 0, "Filter": "(l_quantity < (.2::double precision * (avg(public.lineitem.l_quantity))))", "Rows Removed by Filter": 54618}]}]}, "Triggers": [], "Planner Runtime": 1.327, "Total Runtime": 1125.393, "Unique SQL Id": 1080450481}}, "(1, 117)": {"explain_plan": {"Plan": {"Node Type": "Aggregate", "Strategy": "Plain", "Startup Cost": 247183.87, "Total Cost": 247183.88, "Plan Rows": 1, "Plan Width": 16, "Plans": [{"Node Type": "Nested Loop", "Parent Relationship": "Outer", "Join Type": "Inner", "Startup Cost": 0.0, "Total Cost": 247181.85, "Plan Rows": 806, "Plan Width": 8, "Inner Unique": false, "Plans": [{"Node Type": "Nested Loop", "Parent Relationship": "Outer", "Join Type": "Inner", "Startup Cost": 0.0, "Total Cost": 235005.8, "Plan Rows": 438, "Plan Width": 24, "Inner Unique": true, "Plans": [{"Node Type": "Aggregate", "Strategy": "Sorted", "Parent Relationship": "Outer", "Startup Cost": 0.0, "Total Cost": 167743.36, "Plan Rows": 11032, "Plan Width": 80, "Group By Key": ["public.lineitem.l_partkey"], "Plans": [{"Node Type": "Nested Loop", "Parent Relationship": "Outer", "Join Type": "Inner", "Startup Cost": 0.0, "Total Cost": 167467.56, "Plan Rows": 11032, "Plan Width": 16, "Inner Unique": false, "Plans": [{"Node Type": "Index Scan", "Parent Relationship": "Outer", "Scan Direction": "Forward", "Index Name": "part_kpey", "Relation Name": "part", "Alias": "part", "Startup Cost": 0.0, "Total Cost": 110803.25, "Plan Rows": 2001, "Plan Width": 8, "Filter": "((p_brand = 'Brand#44'::bpchar) AND (p_container = 'WRAP PKG'::bpchar))"}, {"Node Type": "Index Scan", "Parent Relationship": "Inner", "Scan Direction": "Forward", "Index Name": "idx_lineitem_part_supp", "Relation Name": "lineitem", "Alias": "lineitem", "Startup Cost": 0.0, "Total Cost": 28.26, "Plan Rows": 6, "Plan Width": 16, "Index Cond": "(l_partkey = public.part.p_partkey)"}]}]}, {"Node Type": "Index Scan", "Parent Relationship": "Inner", "Scan Direction": "Forward", "Index Name": "part_kpey", "Relation Name": "part", "Alias": "part", "Startup Cost": 0.0, "Total Cost": 6.08, "Plan Rows": 1, "Plan Width": 8, "Index Cond": "(p_partkey = public.lineitem.l_partkey)", "Filter": "((p_brand = 'Brand#44'::bpchar) AND (p_container = 'WRAP PKG'::bpchar))"}]}, {"Node Type": "Index Scan", "Parent Relationship": "Inner", "Scan Direction": "Forward", "Index Name": "idx_lineitem_part_supp", "Relation Name": "lineitem", "Alias": "lineitem", "Startup Cost": 0.0, "Total Cost": 27.78, "Plan Rows": 2, "Plan Width": 24, "Index Cond": "(l_partkey = public.lineitem.l_partkey)", "Filter": "(l_quantity < (.2::double precision * (avg(public.lineitem.l_quantity))))"}]}]}, "Unique SQL Id": 1080450481}, "explain_analyze_plan": {"Plan": {"Node Type": "Aggregate", "Strategy": "Plain", "Startup Cost": 247183.87, "Total Cost": 247183.88, "Plan Rows": 1, "Plan Width": 16, "Actual Startup Time": 1657.115, "Actual Total Time": 1657.115, "Actual Rows": 1, "Actual Loops": 1, "Plans": [{"Node Type": "Nested Loop", "Parent Relationship": "Outer", "Join Type": "Inner", "Startup Cost": 0.0, "Total Cost": 247181.85, "Plan Rows": 806, "Plan Width": 8, "Actual Startup Time": 1.741, "Actual Total Time": 1655.898, "Actual Rows": 5403, "Actual Loops": 1, "Inner Unique": false, "Plans": [{"Node Type": "Nested Loop", "Parent Relationship": "Outer", "Join Type": "Inner", "Startup Cost": 0.0, "Total Cost": 235005.8, "Plan Rows": 438, "Plan Width": 24, "Actual Startup Time": 1.699, "Actual Total Time": 1576.826, "Actual Rows": 2003, "Actual Loops": 1, "Inner Unique": true, "Plans": [{"Node Type": "Aggregate", "Strategy": "Sorted", "Parent Relationship": "Outer", "Startup Cost": 0.0, "Total Cost": 167743.36, "Plan Rows": 11032, "Plan Width": 80, "Actual Startup Time": 1.686, "Actual Total Time": 1564.989, "Actual Rows": 2003, "Actual Loops": 1, "Group By Key": ["public.lineitem.l_partkey"], "Plans": [{"Node Type": "Nested Loop", "Parent Relationship": "Outer", "Join Type": "Inner", "Startup Cost": 0.0, "Total Cost": 167467.56, "Plan Rows": 11032, "Plan Width": 16, "Actual Startup Time": 0.571, "Actual Total Time": 1531.613, "Actual Rows": 60021, "Actual Loops": 1, "Inner Unique": false, "Plans": [{"Node Type": "Index Scan", "Parent Relationship": "Outer", "Scan Direction": "Forward", "Index Name": "part_kpey", "Relation Name": "part", "Alias": "part", "Startup Cost": 0.0, "Total Cost": 110803.25, "Plan Rows": 2001, "Plan Width": 8, "Actual Startup Time": 0.553, "Actual Total Time": 1347.731, "Actual Rows": 2003, "Actual Loops": 1, "Filter": "((p_brand = 'Brand#44'::bpchar) AND (p_container = 'WRAP PKG'::bpchar))", "Rows Removed by Filter": 1997997}, {"Node Type": "Index Scan", "Parent Relationship": "Inner", "Scan Direction": "Forward", "Index Name": "idx_lineitem_part_supp", "Relation Name": "lineitem", "Alias": "lineitem", "Startup Cost": 0.0, "Total Cost": 28.26, "Plan Rows": 6, "Plan Width": 16, "Actual Startup Time": 23.7, "Actual Total Time": 168.192, "Actual Rows": 60021, "Actual Loops": 2003, "Index Cond": "(l_partkey = public.part.p_partkey)", "Rows Removed by Index Recheck": 0}]}]}, {"Node Type": "Index Scan", "Parent Relationship": "Inner", "Scan Direction": "Forward", "Index Name": "part_kpey", "Relation Name": "part", "Alias": "part", "Startup Cost": 0.0, "Total Cost": 6.08, "Plan Rows": 1, "Plan Width": 8, "Actual Startup Time": 9.266, "Actual Total Time": 9.266, "Actual Rows": 2003, "Actual Loops": 2003, "Index Cond": "(p_partkey = public.lineitem.l_partkey)", "Rows Removed by Index Recheck": 0, "Filter": "((p_brand = 'Brand#44'::bpchar) AND (p_container = 'WRAP PKG'::bpchar))", "Rows Removed by Filter": 0}]}, {"Node Type": "Index Scan", "Parent Relationship": "Inner", "Scan Direction": "Forward", "Index Name": "idx_lineitem_part_supp", "Relation Name": "lineitem", "Alias": "lineitem", "Startup Cost": 0.0, "Total Cost": 27.78, "Plan Rows": 2, "Plan Width": 24, "Actual Startup Time": 33.161, "Actual Total Time": 76.14, "Actual Rows": 5403, "Actual Loops": 2003, "Index Cond": "(l_partkey = public.lineitem.l_partkey)", "Rows Removed by Index Recheck": 0, "Filter": "(l_quantity < (.2::double precision * (avg(public.lineitem.l_quantity))))", "Rows Removed by Filter": 54618}]}]}, "Triggers": [], "Planner Runtime": 1.323, "Total Runtime": 1657.326, "Unique SQL Id": 1080450481}}, "(1, 118)": {"explain_plan": {"Plan": {"Node Type": "Aggregate", "Strategy": "Plain", "Startup Cost": 213808.47, "Total Cost": 213808.48, "Plan Rows": 1, "Plan Width": 16, "Plans": [{"Node Type": "Nested Loop", "Parent Relationship": "Outer", "Join Type": "Inner", "Startup Cost": 128826.76, "Total Cost": 213806.45, "Plan Rows": 806, "Plan Width": 8, "Inner Unique": false, "Plans": [{"Node Type": "Nested Loop", "Parent Relationship": "Outer", "Join Type": "Inner", "Startup Cost": 128822.53, "Total Cost": 201406.27, "Plan Rows": 438, "Plan Width": 24, "Inner Unique": true, "Plans": [{"Node Type": "Aggregate", "Strategy": "Hashed", "Parent Relationship": "Outer", "Startup Cost": 128820.01, "Total Cost": 129013.07, "Plan Rows": 11032, "Plan Width": 16, "Group By Key": ["public.lineitem.l_partkey"], "Plans": [{"Node Type": "Nested Loop", "Parent Relationship": "Outer", "Join Type": "Inner", "Startup Cost": 4.28, "Total Cost": 128737.27, "Plan Rows": 11032, "Plan Width": 16, "Inner Unique": false, "Plans": [{"Node Type": "Seq Scan", "Parent Relationship": "Outer", "Relation Name": "part", "Alias": "part", "Startup Cost": 0.0, "Total Cost": 71944.0, "Plan Rows": 2001, "Plan Width": 8, "Filter": "((p_brand = 'Brand#44'::bpchar) AND (p_container = 'WRAP PKG'::bpchar))"}, {"Node Type": "Bitmap Heap Scan", "Parent Relationship": "Inner", "Relation Name": "lineitem", "Alias": "lineitem", "Startup Cost": 4.28, "Total Cost": 28.32, "Plan Rows": 6, "Plan Width": 16, "Recheck Cond": "(l_partkey = public.part.p_partkey)", "Plans": [{"Node Type": "Bitmap Index Scan", "Parent Relationship": "Outer", "Index Name": "idx_lineitem_part_supp", "Startup Cost": 0.0, "Total Cost": 4.28, "Plan Rows": 6, "Plan Width": 0, "Index Cond": "(l_partkey = public.part.p_partkey)"}]}]}]}, {"Node Type": "Bitmap Heap Scan", "Parent Relationship": "Inner", "Relation Name": "part", "Alias": "part", "Startup Cost": 2.52, "Total Cost": 6.54, "Plan Rows": 1, "Plan Width": 8, "Recheck Cond": "(p_partkey = public.lineitem.l_partkey)", "Filter": "((p_brand = 'Brand#44'::bpchar) AND (p_container = 'WRAP PKG'::bpchar))", "Plans": [{"Node Type": "Bitmap Index Scan", "Parent Relationship": "Outer", "Index Name": "part_kpey", "Startup Cost": 0.0, "Total Cost": 2.52, "Plan Rows": 1, "Plan Width": 0, "Index Cond": "(p_partkey = public.lineitem.l_partkey)"}]}]}, {"Node Type": "Bitmap Heap Scan", "Parent Relationship": "Inner", "Relation Name": "lineitem", "Alias": "lineitem", "Startup Cost": 4.22, "Total Cost": 28.29, "Plan Rows": 2, "Plan Width": 24, "Recheck Cond": "(l_partkey = public.lineitem.l_partkey)", "Filter": "(l_quantity < (.2::double precision * (avg(public.lineitem.l_quantity))))", "Plans": [{"Node Type": "Bitmap Index Scan", "Parent Relationship": "Outer", "Index Name": "idx_lineitem_part_supp", "Startup Cost": 0.0, "Total Cost": 4.22, "Plan Rows": 6, "Plan Width": 0, "Index Cond": "(l_partkey = public.lineitem.l_partkey)"}]}]}]}, "Unique SQL Id": 1080450481}, "explain_analyze_plan": {"Plan": {"Node Type": "Aggregate", "Strategy": "Plain", "Startup Cost": 213808.47, "Total Cost": 213808.48, "Plan Rows": 1, "Plan Width": 16, "Actual Startup Time": 1332.753, "Actual Total Time": 1332.753, "Actual Rows": 1, "Actual Loops": 1, "Plans": [{"Node Type": "Nested Loop", "Parent Relationship": "Outer", "Join Type": "Inner", "Startup Cost": 128826.76, "Total Cost": 213806.45, "Plan Rows": 806, "Plan Width": 8, "Actual Startup Time": 1119.036, "Actual Total Time": 1331.626, "Actual Rows": 5403, "Actual Loops": 1, "Inner Unique": false, "Plans": [{"Node Type": "Nested Loop", "Parent Relationship": "Outer", "Join Type": "Inner", "Startup Cost": 128822.53, "Total Cost": 201406.27, "Plan Rows": 438, "Plan Width": 24, "Actual Startup Time": 1118.956, "Actual Total Time": 1142.745, "Actual Rows": 2003, "Actual Loops": 1, "Inner Unique": true, "Plans": [{"Node Type": "Aggregate", "Strategy": "Hashed", "Parent Relationship": "Outer", "Startup Cost": 128820.01, "Total Cost": 129013.07, "Plan Rows": 11032, "Plan Width": 16, "Actual Startup Time": 1118.911, "Actual Total Time": 1120.833, "Actual Rows": 2003, "Actual Loops": 1, "Group By Key": ["public.lineitem.l_partkey"], "Plans": [{"Node Type": "Nested Loop", "Parent Relationship": "Outer", "Join Type": "Inner", "Startup Cost": 4.28, "Total Cost": 128737.27, "Plan Rows": 11032, "Plan Width": 16, "Actual Startup Time": 0.412, "Actual Total Time": 1078.48, "Actual Rows": 60021, "Actual Loops": 1, "Inner Unique": false, "Plans": [{"Node Type": "Seq Scan", "Parent Relationship": "Outer", "Relation Name": "part", "Alias": "part", "Startup Cost": 0.0, "Total Cost": 71944.0, "Plan Rows": 2001, "Plan Width": 8, "Actual Startup Time": 0.366, "Actual Total Time": 819.746, "Actual Rows": 2003, "Actual Loops": 1, "Filter": "((p_brand = 'Brand#44'::bpchar) AND (p_container = 'WRAP PKG'::bpchar))", "Rows Removed by Filter": 1997997}, {"Node Type": "Bitmap Heap Scan", "Parent Relationship": "Inner", "Relation Name": "lineitem", "Alias": "lineitem", "Startup Cost": 4.28, "Total Cost": 28.32, "Plan Rows": 6, "Plan Width": 16, "Actual Startup Time": 43.842, "Actual Total Time": 241.092, "Actual Rows": 60021, "Actual Loops": 2003, "Recheck Cond": "(l_partkey = public.part.p_partkey)", "Rows Removed by Index Recheck": 0, "Exact Heap Blocks": 60018, "Lossy Heap Blocks": 60018, "Plans": [{"Node Type": "Bitmap Index Scan", "Parent Relationship": "Outer", "Index Name": "idx_lineitem_part_supp", "Startup Cost": 0.0, "Total Cost": 4.28, "Plan Rows": 6, "Plan Width": 0, "Actual Startup Time": 28.842, "Actual Total Time": 28.842, "Actual Rows": 60021, "Actual Loops": 2003, "Index Cond": "(l_partkey = public.part.p_partkey)"}]}]}]}, {"Node Type": "Bitmap Heap Scan", "Parent Relationship": "Inner", "Relation Name": "part", "Alias": "part", "Startup Cost": 2.52, "Total Cost": 6.54, "Plan Rows": 1, "Plan Width": 8, "Actual Startup Time": 18.403, "Actual Total Time": 18.403, "Actual Rows": 2003, "Actual Loops": 2003, "Recheck Cond": "(p_partkey = public.lineitem.l_partkey)", "Rows Removed by Index Recheck": 0, "Filter": "((p_brand = 'Brand#44'::bpchar) AND (p_container = 'WRAP PKG'::bpchar))", "Rows Removed by Filter": 0, "Exact Heap Blocks": 2003, "Lossy Heap Blocks": 2003, "Plans": [{"Node Type": "Bitmap Index Scan", "Parent Relationship": "Outer", "Index Name": "part_kpey", "Startup Cost": 0.0, "Total Cost": 2.52, "Plan Rows": 1, "Plan Width": 0, "Actual Startup Time": 11.137, "Actual Total Time": 11.137, "Actual Rows": 2003, "Actual Loops": 2003, "Index Cond": "(p_partkey = public.lineitem.l_partkey)"}]}]}, {"Node Type": "Bitmap Heap Scan", "Parent Relationship": "Inner", "Relation Name": "lineitem", "Alias": "lineitem", "Startup Cost": 4.22, "Total Cost": 28.29, "Plan Rows": 2, "Plan Width": 24, "Actual Startup Time": 83.292, "Actual Total Time": 184.714, "Actual Rows": 5403, "Actual Loops": 2003, "Recheck Cond": "(l_partkey = public.lineitem.l_partkey)", "Rows Removed by Index Recheck": 0, "Filter": "(l_quantity < (.2::double precision * (avg(public.lineitem.l_quantity))))", "Rows Removed by Filter": 54618, "Exact Heap Blocks": 60018, "Lossy Heap Blocks": 60018, "Plans": [{"Node Type": "Bitmap Index Scan", "Parent Relationship": "Outer", "Index Name": "idx_lineitem_part_supp", "Startup Cost": 0.0, "Total Cost": 4.22, "Plan Rows": 6, "Plan Width": 0, "Actual Startup Time": 24.575, "Actual Total Time": 24.575, "Actual Rows": 60021, "Actual Loops": 2003, "Index Cond": "(l_partkey = public.lineitem.l_partkey)"}]}]}]}, "Triggers": [], "Planner Runtime": 1.125, "Total Runtime": 1333.115, "Unique SQL Id": 1080450481}}, "(1, 119)": {"explain_plan": {"Plan": {"Node Type": "Aggregate", "Strategy": "Plain", "Startup Cost": 1001032279502.61, "Total Cost": 1001032279502.62, "Plan Rows": 1, "Plan Width": 16, "Plans": [{"Node Type": "Nested Loop", "Parent Relationship": "Outer", "Join Type": "Inner", "Startup Cost": 10000000004.74, "Total Cost": 1001032279500.6, "Plan Rows": 806, "Plan Width": 8, "Inner Unique": true, "Join Filter": "(public.lineitem.l_partkey = public.part.p_partkey)", "Plans": [{"Node Type": "Nested Loop", "Parent Relationship": "Outer", "Join Type": "Inner", "Startup Cost": 10000000004.48, "Total Cost": 1001032192561.0, "Plan Rows": 20274, "Plan Width": 24, "Inner Unique": false, "Plans": [{"Node Type": "Aggregate", "Strategy": "Sorted", "Parent Relationship": "Outer", "Startup Cost": 10000000000.26, "Total Cost": 1001031880124.59, "Plan Rows": 11032, "Plan Width": 80, "Group By Key": ["public.lineitem.l_partkey"], "Plans": [{"Node Type": "Nested Loop", "Parent Relationship": "Outer", "Join Type": "Semi", "Startup Cost": 10000000000.26, "Total Cost": 1001031879848.79, "Plan Rows": 11032, "Plan Width": 16, "Inner Unique": false, "Plans": [{"Node Type": "Index Scan", "Parent Relationship": "Outer", "Scan Direction": "Forward", "Index Name": "idx_lineitem_part_supp", "Relation Name": "lineitem", "Alias": "lineitem", "Startup Cost": 10000000000.0, "Total Cost": 1000775391319.64, "Plan Rows": 59987033, "Plan Width": 16}, {"Node Type": "Bitmap Heap Scan", "Parent Relationship": "Inner", "Relation Name": "part", "Alias": "part", "Startup Cost": 0.26, "Total Cost": 4.28, "Plan Rows": 1, "Plan Width": 8, "Recheck Cond": "(p_partkey = public.lineitem.l_partkey)", "Filter": "((p_brand = 'Brand#44'::bpchar) AND (p_container = 'WRAP PKG'::bpchar))", "Plans": [{"Node Type": "Bitmap Index Scan", "Parent Relationship": "Outer", "Index Name": "part_kpey", "Startup Cost": 0.0, "Total Cost": 0.26, "Plan Rows": 1, "Plan Width": 0, "Index Cond": "(p_partkey = public.lineitem.l_partkey)"}]}]}]}, {"Node Type": "Bitmap Heap Scan", "Parent Relationship": "Inner", "Relation Name": "lineitem", "Alias": "lineitem", "Startup Cost": 4.22, "Total Cost": 28.29, "Plan Rows": 2, "Plan Width": 24, "Recheck Cond": "(l_partkey = public.lineitem.l_partkey)", "Filter": "(l_quantity < (.2::double precision * (avg(public.lineitem.l_quantity))))", "Plans": [{"Node Type": "Bitmap Index Scan", "Parent Relationship": "Outer", "Index Name": "idx_lineitem_part_supp", "Startup Cost": 0.0, "Total Cost": 4.22, "Plan Rows": 6, "Plan Width": 0, "Index Cond": "(l_partkey = public.lineitem.l_partkey)"}]}]}, {"Node Type": "Bitmap Heap Scan", "Parent Relationship": "Inner", "Relation Name": "part", "Alias": "part", "Startup Cost": 0.26, "Total Cost": 4.28, "Plan Rows": 1, "Plan Width": 8, "Recheck Cond": "(p_partkey = public.lineitem.l_partkey)", "Filter": "((p_brand = 'Brand#44'::bpchar) AND (p_container = 'WRAP PKG'::bpchar))", "Plans": [{"Node Type": "Bitmap Index Scan", "Parent Relationship": "Outer", "Index Name": "part_kpey", "Startup Cost": 0.0, "Total Cost": 0.26, "Plan Rows": 1, "Plan Width": 0, "Index Cond": "(p_partkey = public.lineitem.l_partkey)"}]}]}]}, "Unique SQL Id": 1080450481}, "explain_analyze_plan": null}, "(1, 120)": {"explain_plan": {"Plan": {"Node Type": "Aggregate", "Strategy": "Plain", "Startup Cost": 208324.62, "Total Cost": 208324.63, "Plan Rows": 1, "Plan Width": 16, "Plans": [{"Node Type": "Nested Loop", "Parent Relationship": "Outer", "Join Type": "Inner", "Startup Cost": 128691.05, "Total Cost": 208322.6, "Plan Rows": 806, "Plan Width": 8, "Inner Unique": false, "Plans": [{"Node Type": "Nested Loop", "Parent Relationship": "Outer", "Join Type": "Inner", "Startup Cost": 128691.05, "Total Cost": 196146.55, "Plan Rows": 438, "Plan Width": 24, "Inner Unique": true, "Plans": [{"Node Type": "Aggregate", "Strategy": "Hashed", "Parent Relationship": "Outer", "Startup Cost": 128691.05, "Total Cost": 128884.11, "Plan Rows": 11032, "Plan Width": 16, "Group By Key": ["public.lineitem.l_partkey"], "Plans": [{"Node Type": "Nested Loop", "Parent Relationship": "Outer", "Join Type": "Inner", "Startup Cost": 0.0, "Total Cost": 128608.31, "Plan Rows": 11032, "Plan Width": 16, "Inner Unique": false, "Plans": [{"Node Type": "Seq Scan", "Parent Relationship": "Outer", "Relation Name": "part", "Alias": "part", "Startup Cost": 0.0, "Total Cost": 71944.0, "Plan Rows": 2001, "Plan Width": 8, "Filter": "((p_brand = 'Brand#44'::bpchar) AND (p_container = 'WRAP PKG'::bpchar))"}, {"Node Type": "Index Scan", "Parent Relationship": "Inner", "Scan Direction": "Forward", "Index Name": "idx_lineitem_part_supp", "Relation Name": "lineitem", "Alias": "lineitem", "Startup Cost": 0.0, "Total Cost": 28.26, "Plan Rows": 6, "Plan Width": 16, "Index Cond": "(l_partkey = public.part.p_partkey)"}]}]}, {"Node Type": "Index Scan", "Parent Relationship": "Inner", "Scan Direction": "Forward", "Index Name": "part_kpey", "Relation Name": "part", "Alias": "part", "Startup Cost": 0.0, "Total Cost": 6.08, "Plan Rows": 1, "Plan Width": 8, "Index Cond": "(p_partkey = public.lineitem.l_partkey)", "Filter": "((p_brand = 'Brand#44'::bpchar) AND (p_container = 'WRAP PKG'::bpchar))"}]}, {"Node Type": "Index Scan", "Parent Relationship": "Inner", "Scan Direction": "Forward", "Index Name": "idx_lineitem_part_supp", "Relation Name": "lineitem", "Alias": "lineitem", "Startup Cost": 0.0, "Total Cost": 27.78, "Plan Rows": 2, "Plan Width": 24, "Index Cond": "(l_partkey = public.lineitem.l_partkey)", "Filter": "(l_quantity < (.2::double precision * (avg(public.lineitem.l_quantity))))"}]}]}, "Unique SQL Id": 1080450481}, "explain_analyze_plan": {"Plan": {"Node Type": "Aggregate", "Strategy": "Plain", "Startup Cost": 208324.62, "Total Cost": 208324.63, "Plan Rows": 1, "Plan Width": 16, "Actual Startup Time": 1125.155, "Actual Total Time": 1125.155, "Actual Rows": 1, "Actual Loops": 1, "Plans": [{"Node Type": "Nested Loop", "Parent Relationship": "Outer", "Join Type": "Inner", "Startup Cost": 128691.05, "Total Cost": 208322.6, "Plan Rows": 806, "Plan Width": 8, "Actual Startup Time": 968.471, "Actual Total Time": 1124.094, "Actual Rows": 5403, "Actual Loops": 1, "Inner Unique": false, "Plans": [{"Node Type": "Nested Loop", "Parent Relationship": "Outer", "Join Type": "Inner", "Startup Cost": 128691.05, "Total Cost": 196146.55, "Plan Rows": 438, "Plan Width": 24, "Actual Startup Time": 968.443, "Actual Total Time": 984.459, "Actual Rows": 2003, "Actual Loops": 1, "Inner Unique": true, "Plans": [{"Node Type": "Aggregate", "Strategy": "Hashed", "Parent Relationship": "Outer", "Startup Cost": 128691.05, "Total Cost": 128884.11, "Plan Rows": 11032, "Plan Width": 16, "Actual Startup Time": 968.416, "Actual Total Time": 969.922, "Actual Rows": 2003, "Actual Loops": 1, "Group By Key": ["public.lineitem.l_partkey"], "Plans": [{"Node Type": "Nested Loop", "Parent Relationship": "Outer", "Join Type": "Inner", "Startup Cost": 0.0, "Total Cost": 128608.31, "Plan Rows": 11032, "Plan Width": 16, "Actual Startup Time": 0.373, "Actual Total Time": 927.032, "Actual Rows": 60021, "Actual Loops": 1, "Inner Unique": false, "Plans": [{"Node Type": "Seq Scan", "Parent Relationship": "Outer", "Relation Name": "part", "Alias": "part", "Startup Cost": 0.0, "Total Cost": 71944.0, "Plan Rows": 2001, "Plan Width": 8, "Actual Startup Time": 0.35, "Actual Total Time": 770.343, "Actual Rows": 2003, "Actual Loops": 1, "Filter": "((p_brand = 'Brand#44'::bpchar) AND (p_container = 'WRAP PKG'::bpchar))", "Rows Removed by Filter": 1997997}, {"Node Type": "Index Scan", "Parent Relationship": "Inner", "Scan Direction": "Forward", "Index Name": "idx_lineitem_part_supp", "Relation Name": "lineitem", "Alias": "lineitem", "Startup Cost": 0.0, "Total Cost": 28.26, "Plan Rows": 6, "Plan Width": 16, "Actual Startup Time": 21.245, "Actual Total Time": 142.059, "Actual Rows": 60021, "Actual Loops": 2003, "Index Cond": "(l_partkey = public.part.p_partkey)", "Rows Removed by Index Recheck": 0}]}]}, {"Node Type": "Index Scan", "Parent Relationship": "Inner", "Scan Direction": "Forward", "Index Name": "part_kpey", "Relation Name": "part", "Alias": "part", "Startup Cost": 0.0, "Total Cost": 6.08, "Plan Rows": 1, "Plan Width": 8, "Actual Startup Time": 12.854, "Actual Total Time": 12.854, "Actual Rows": 2003, "Actual Loops": 2003, "Index Cond": "(p_partkey = public.lineitem.l_partkey)", "Rows Removed by Index Recheck": 0, "Filter": "((p_brand = 'Brand#44'::bpchar) AND (p_container = 'WRAP PKG'::bpchar))", "Rows Removed by Filter": 0}]}, {"Node Type": "Index Scan", "Parent Relationship": "Inner", "Scan Direction": "Forward", "Index Name": "idx_lineitem_part_supp", "Relation Name": "lineitem", "Alias": "lineitem", "Startup Cost": 0.0, "Total Cost": 27.78, "Plan Rows": 2, "Plan Width": 24, "Actual Startup Time": 57.238, "Actual Total Time": 137.264, "Actual Rows": 5403, "Actual Loops": 2003, "Index Cond": "(l_partkey = public.lineitem.l_partkey)", "Rows Removed by Index Recheck": 0, "Filter": "(l_quantity < (.2::double precision * (avg(public.lineitem.l_quantity))))", "Rows Removed by Filter": 54618}]}]}, "Triggers": [], "Planner Runtime": 1.327, "Total Runtime": 1125.393, "Unique SQL Id": 1080450481}}, "(1, 121)": {"explain_plan": {"Plan": {"Node Type": "Aggregate", "Strategy": "Plain", "Startup Cost": 247183.87, "Total Cost": 247183.88, "Plan Rows": 1, "Plan Width": 16, "Plans": [{"Node Type": "Nested Loop", "Parent Relationship": "Outer", "Join Type": "Inner", "Startup Cost": 0.0, "Total Cost": 247181.85, "Plan Rows": 806, "Plan Width": 8, "Inner Unique": false, "Plans": [{"Node Type": "Nested Loop", "Parent Relationship": "Outer", "Join Type": "Inner", "Startup Cost": 0.0, "Total Cost": 235005.8, "Plan Rows": 438, "Plan Width": 24, "Inner Unique": true, "Plans": [{"Node Type": "Aggregate", "Strategy": "Sorted", "Parent Relationship": "Outer", "Startup Cost": 0.0, "Total Cost": 167743.36, "Plan Rows": 11032, "Plan Width": 80, "Group By Key": ["public.lineitem.l_partkey"], "Plans": [{"Node Type": "Nested Loop", "Parent Relationship": "Outer", "Join Type": "Inner", "Startup Cost": 0.0, "Total Cost": 167467.56, "Plan Rows": 11032, "Plan Width": 16, "Inner Unique": false, "Plans": [{"Node Type": "Index Scan", "Parent Relationship": "Outer", "Scan Direction": "Forward", "Index Name": "part_kpey", "Relation Name": "part", "Alias": "part", "Startup Cost": 0.0, "Total Cost": 110803.25, "Plan Rows": 2001, "Plan Width": 8, "Filter": "((p_brand = 'Brand#44'::bpchar) AND (p_container = 'WRAP PKG'::bpchar))"}, {"Node Type": "Index Scan", "Parent Relationship": "Inner", "Scan Direction": "Forward", "Index Name": "idx_lineitem_part_supp", "Relation Name": "lineitem", "Alias": "lineitem", "Startup Cost": 0.0, "Total Cost": 28.26, "Plan Rows": 6, "Plan Width": 16, "Index Cond": "(l_partkey = public.part.p_partkey)"}]}]}, {"Node Type": "Index Scan", "Parent Relationship": "Inner", "Scan Direction": "Forward", "Index Name": "part_kpey", "Relation Name": "part", "Alias": "part", "Startup Cost": 0.0, "Total Cost": 6.08, "Plan Rows": 1, "Plan Width": 8, "Index Cond": "(p_partkey = public.lineitem.l_partkey)", "Filter": "((p_brand = 'Brand#44'::bpchar) AND (p_container = 'WRAP PKG'::bpchar))"}]}, {"Node Type": "Index Scan", "Parent Relationship": "Inner", "Scan Direction": "Forward", "Index Name": "idx_lineitem_part_supp", "Relation Name": "lineitem", "Alias": "lineitem", "Startup Cost": 0.0, "Total Cost": 27.78, "Plan Rows": 2, "Plan Width": 24, "Index Cond": "(l_partkey = public.lineitem.l_partkey)", "Filter": "(l_quantity < (.2::double precision * (avg(public.lineitem.l_quantity))))"}]}]}, "Unique SQL Id": 1080450481}, "explain_analyze_plan": {"Plan": {"Node Type": "Aggregate", "Strategy": "Plain", "Startup Cost": 247183.87, "Total Cost": 247183.88, "Plan Rows": 1, "Plan Width": 16, "Actual Startup Time": 1657.115, "Actual Total Time": 1657.115, "Actual Rows": 1, "Actual Loops": 1, "Plans": [{"Node Type": "Nested Loop", "Parent Relationship": "Outer", "Join Type": "Inner", "Startup Cost": 0.0, "Total Cost": 247181.85, "Plan Rows": 806, "Plan Width": 8, "Actual Startup Time": 1.741, "Actual Total Time": 1655.898, "Actual Rows": 5403, "Actual Loops": 1, "Inner Unique": false, "Plans": [{"Node Type": "Nested Loop", "Parent Relationship": "Outer", "Join Type": "Inner", "Startup Cost": 0.0, "Total Cost": 235005.8, "Plan Rows": 438, "Plan Width": 24, "Actual Startup Time": 1.699, "Actual Total Time": 1576.826, "Actual Rows": 2003, "Actual Loops": 1, "Inner Unique": true, "Plans": [{"Node Type": "Aggregate", "Strategy": "Sorted", "Parent Relationship": "Outer", "Startup Cost": 0.0, "Total Cost": 167743.36, "Plan Rows": 11032, "Plan Width": 80, "Actual Startup Time": 1.686, "Actual Total Time": 1564.989, "Actual Rows": 2003, "Actual Loops": 1, "Group By Key": ["public.lineitem.l_partkey"], "Plans": [{"Node Type": "Nested Loop", "Parent Relationship": "Outer", "Join Type": "Inner", "Startup Cost": 0.0, "Total Cost": 167467.56, "Plan Rows": 11032, "Plan Width": 16, "Actual Startup Time": 0.571, "Actual Total Time": 1531.613, "Actual Rows": 60021, "Actual Loops": 1, "Inner Unique": false, "Plans": [{"Node Type": "Index Scan", "Parent Relationship": "Outer", "Scan Direction": "Forward", "Index Name": "part_kpey", "Relation Name": "part", "Alias": "part", "Startup Cost": 0.0, "Total Cost": 110803.25, "Plan Rows": 2001, "Plan Width": 8, "Actual Startup Time": 0.553, "Actual Total Time": 1347.731, "Actual Rows": 2003, "Actual Loops": 1, "Filter": "((p_brand = 'Brand#44'::bpchar) AND (p_container = 'WRAP PKG'::bpchar))", "Rows Removed by Filter": 1997997}, {"Node Type": "Index Scan", "Parent Relationship": "Inner", "Scan Direction": "Forward", "Index Name": "idx_lineitem_part_supp", "Relation Name": "lineitem", "Alias": "lineitem", "Startup Cost": 0.0, "Total Cost": 28.26, "Plan Rows": 6, "Plan Width": 16, "Actual Startup Time": 23.7, "Actual Total Time": 168.192, "Actual Rows": 60021, "Actual Loops": 2003, "Index Cond": "(l_partkey = public.part.p_partkey)", "Rows Removed by Index Recheck": 0}]}]}, {"Node Type": "Index Scan", "Parent Relationship": "Inner", "Scan Direction": "Forward", "Index Name": "part_kpey", "Relation Name": "part", "Alias": "part", "Startup Cost": 0.0, "Total Cost": 6.08, "Plan Rows": 1, "Plan Width": 8, "Actual Startup Time": 9.266, "Actual Total Time": 9.266, "Actual Rows": 2003, "Actual Loops": 2003, "Index Cond": "(p_partkey = public.lineitem.l_partkey)", "Rows Removed by Index Recheck": 0, "Filter": "((p_brand = 'Brand#44'::bpchar) AND (p_container = 'WRAP PKG'::bpchar))", "Rows Removed by Filter": 0}]}, {"Node Type": "Index Scan", "Parent Relationship": "Inner", "Scan Direction": "Forward", "Index Name": "idx_lineitem_part_supp", "Relation Name": "lineitem", "Alias": "lineitem", "Startup Cost": 0.0, "Total Cost": 27.78, "Plan Rows": 2, "Plan Width": 24, "Actual Startup Time": 33.161, "Actual Total Time": 76.14, "Actual Rows": 5403, "Actual Loops": 2003, "Index Cond": "(l_partkey = public.lineitem.l_partkey)", "Rows Removed by Index Recheck": 0, "Filter": "(l_quantity < (.2::double precision * (avg(public.lineitem.l_quantity))))", "Rows Removed by Filter": 54618}]}]}, "Triggers": [], "Planner Runtime": 1.323, "Total Runtime": 1657.326, "Unique SQL Id": 1080450481}}, "(1, 122)": {"explain_plan": {"Plan": {"Node Type": "Aggregate", "Strategy": "Plain", "Startup Cost": 2330502847.95, "Total Cost": 2330502847.96, "Plan Rows": 1, "Plan Width": 16, "Plans": [{"Node Type": "Nested Loop", "Parent Relationship": "Outer", "Join Type": "Inner", "Startup Cost": 1802597942.57, "Total Cost": 2330502845.94, "Plan Rows": 806, "Plan Width": 8, "Inner Unique": false, "Join Filter": "((public.lineitem.l_partkey = public.lineitem.l_partkey) AND (public.lineitem.l_quantity < (.2::double precision * (avg(public.lineitem.l_quantity)))))", "Plans": [{"Node Type": "Seq Scan", "Parent Relationship": "Outer", "Relation Name": "lineitem", "Alias": "lineitem", "Startup Cost": 0.0, "Total Cost": 2015115.33, "Plan Rows": 59987033, "Plan Width": 24}, {"Node Type": "Materialize", "Parent Relationship": "Inner", "Startup Cost": 1802597942.57, "Total Cost": 1803001322.62, "Plan Rows": 438, "Plan Width": 24, "Plans": [{"Node Type": "Nested Loop", "Parent Relationship": "Outer", "Join Type": "Inner", "Startup Cost": 1802597942.57, "Total Cost": 1803001320.43, "Plan Rows": 438, "Plan Width": 24, "Inner Unique": true, "Join Filter": "(public.part.p_partkey = public.lineitem.l_partkey)", "Plans": [{"Node Type": "Aggregate", "Strategy": "Hashed", "Parent Relationship": "Outer", "Startup Cost": 1802597942.57, "Total Cost": 1802598135.63, "Plan Rows": 11032, "Plan Width": 16, "Group By Key": ["public.lineitem.l_partkey"], "Plans": [{"Node Type": "Nested Loop", "Parent Relationship": "Outer", "Join Type": "Semi", "Startup Cost": 0.0, "Total Cost": 1802597859.83, "Plan Rows": 11032, "Plan Width": 16, "Inner Unique": false, "Join Filter": "(public.lineitem.l_partkey = public.part.p_partkey)", "Plans": [{"Node Type": "Seq Scan", "Parent Relationship": "Outer", "Relation Name": "lineitem", "Alias": "lineitem", "Startup Cost": 0.0, "Total Cost": 2015115.33, "Plan Rows": 59987033, "Plan Width": 16}, {"Node Type": "Materialize", "Parent Relationship": "Inner", "Startup Cost": 0.0, "Total Cost": 71954.01, "Plan Rows": 2001, "Plan Width": 8, "Plans": [{"Node Type": "Seq Scan", "Parent Relationship": "Outer", "Relation Name": "part", "Alias": "part", "Startup Cost": 0.0, "Total Cost": 71944.0, "Plan Rows": 2001, "Plan Width": 8, "Filter": "((p_brand = 'Brand#44'::bpchar) AND (p_container = 'WRAP PKG'::bpchar))"}]}]}]}, {"Node Type": "Materialize", "Parent Relationship": "Inner", "Startup Cost": 0.0, "Total Cost": 71954.01, "Plan Rows": 2001, "Plan Width": 8, "Plans": [{"Node Type": "Seq Scan", "Parent Relationship": "Outer", "Relation Name": "part", "Alias": "part", "Startup Cost": 0.0, "Total Cost": 71944.0, "Plan Rows": 2001, "Plan Width": 8, "Filter": "((p_brand = 'Brand#44'::bpchar) AND (p_container = 'WRAP PKG'::bpchar))"}]}]}]}]}]}, "Unique SQL Id": 1080450481}, "explain_analyze_plan": null}, "(1, 123)": {"explain_plan": {"Plan": {"Node Type": "Aggregate", "Strategy": "Plain", "Startup Cost": 4003899272041.15, "Total Cost": 4003899272041.16, "Plan Rows": 1, "Plan Width": 16, "Plans": [{"Node Type": "Nested Loop", "Parent Relationship": "Outer", "Join Type": "Inner", "Startup Cost": 40000000000.0, "Total Cost": 4003899272039.14, "Plan Rows": 806, "Plan Width": 8, "Inner Unique": false, "Join Filter": "((subquery.\"?column?\" = public.lineitem.l_partkey) AND (public.lineitem.l_quantity < (.2::double precision * subquery.\"?column?\")))", "Plans": [{"Node Type": "Index Scan", "Parent Relationship": "Outer", "Scan Direction": "Forward", "Index Name": "idx_lineitem_part_supp", "Relation Name": "lineitem", "Alias": "lineitem", "Startup Cost": 10000000000.0, "Total Cost": 1000775391319.64, "Plan Rows": 59987033, "Plan Width": 24}, {"Node Type": "Materialize", "Parent Relationship": "Inner", "Startup Cost": 30000000000.0, "Total Cost": 3002598394311.51, "Plan Rows": 438, "Plan Width": 24, "Plans": [{"Node Type": "Nested Loop", "Parent Relationship": "Outer", "Join Type": "Inner", "Startup Cost": 30000000000.0, "Total Cost": 3002598394309.32, "Plan Rows": 438, "Plan Width": 24, "Inner Unique": true, "Join Filter": "(public.part.p_partkey = subquery.\"?column?\")", "Plans": [{"Node Type": "Index Scan", "Parent Relationship": "Outer", "Scan Direction": "Forward", "Index Name": "part_kpey", "Relation Name": "part", "Alias": "part", "Startup Cost": 10000000000.0, "Total Cost": 1000011080325.0, "Plan Rows": 2001, "Plan Width": 8, "Filter": "((p_brand = 'Brand#44'::bpchar) AND (p_container = 'WRAP PKG'::bpchar))"}, {"Node Type": "Materialize", "Parent Relationship": "Inner", "Startup Cost": 20000000000.0, "Total Cost": 2002586982886.42, "Plan Rows": 11032, "Plan Width": 16, "Plans": [{"Node Type": "Subquery Scan", "Parent Relationship": "Outer", "Alias": "subquery", "Startup Cost": 20000000000.0, "Total Cost": 2002586982831.26, "Plan Rows": 11032, "Plan Width": 16, "Plans": [{"Node Type": "Aggregate", "Strategy": "Sorted", "Parent Relationship": "Subquery", "Startup Cost": 20000000000.0, "Total Cost": 2002586982720.94, "Plan Rows": 11032, "Plan Width": 80, "Group By Key": ["public.lineitem.l_partkey"], "Plans": [{"Node Type": "Nested Loop", "Parent Relationship": "Outer", "Join Type": "Semi", "Startup Cost": 20000000000.0, "Total Cost": 2002586982445.14, "Plan Rows": 11032, "Plan Width": 16, "Inner Unique": false, "Join Filter": "(public.lineitem.l_partkey = public.part.p_partkey)", "Plans": [{"Node Type": "Index Scan", "Parent Relationship": "Outer", "Scan Direction": "Forward", "Index Name": "idx_lineitem_part_supp", "Relation Name": "lineitem", "Alias": "lineitem", "Startup Cost": 10000000000.0, "Total Cost": 1000775391319.64, "Plan Rows": 59987033, "Plan Width": 16}, {"Node Type": "Materialize", "Parent Relationship": "Inner", "Startup Cost": 10000000000.0, "Total Cost": 1000011080335.01, "Plan Rows": 2001, "Plan Width": 8, "Plans": [{"Node Type": "Index Scan", "Parent Relationship": "Outer", "Scan Direction": "Forward", "Index Name": "part_kpey", "Relation Name": "part", "Alias": "part", "Startup Cost": 10000000000.0, "Total Cost": 1000011080325.0, "Plan Rows": 2001, "Plan Width": 8, "Filter": "((p_brand = 'Brand#44'::bpchar) AND (p_container = 'WRAP PKG'::bpchar))"}]}]}]}]}]}]}]}]}]}, "Unique SQL Id": 1080450481}, "explain_analyze_plan": null}, "(1, 124)": {"explain_plan": {"Plan": {"Node Type": "Aggregate", "Strategy": "Plain", "Startup Cost": 208324.62, "Total Cost": 208324.63, "Plan Rows": 1, "Plan Width": 16, "Plans": [{"Node Type": "Nested Loop", "Parent Relationship": "Outer", "Join Type": "Inner", "Startup Cost": 128691.05, "Total Cost": 208322.6, "Plan Rows": 806, "Plan Width": 8, "Inner Unique": false, "Plans": [{"Node Type": "Nested Loop", "Parent Relationship": "Outer", "Join Type": "Inner", "Startup Cost": 128691.05, "Total Cost": 196146.55, "Plan Rows": 438, "Plan Width": 24, "Inner Unique": true, "Plans": [{"Node Type": "Aggregate", "Strategy": "Hashed", "Parent Relationship": "Outer", "Startup Cost": 128691.05, "Total Cost": 128884.11, "Plan Rows": 11032, "Plan Width": 16, "Group By Key": ["public.lineitem.l_partkey"], "Plans": [{"Node Type": "Nested Loop", "Parent Relationship": "Outer", "Join Type": "Inner", "Startup Cost": 0.0, "Total Cost": 128608.31, "Plan Rows": 11032, "Plan Width": 16, "Inner Unique": false, "Plans": [{"Node Type": "Seq Scan", "Parent Relationship": "Outer", "Relation Name": "part", "Alias": "part", "Startup Cost": 0.0, "Total Cost": 71944.0, "Plan Rows": 2001, "Plan Width": 8, "Filter": "((p_brand = 'Brand#44'::bpchar) AND (p_container = 'WRAP PKG'::bpchar))"}, {"Node Type": "Index Scan", "Parent Relationship": "Inner", "Scan Direction": "Forward", "Index Name": "idx_lineitem_part_supp", "Relation Name": "lineitem", "Alias": "lineitem", "Startup Cost": 0.0, "Total Cost": 28.26, "Plan Rows": 6, "Plan Width": 16, "Index Cond": "(l_partkey = public.part.p_partkey)"}]}]}, {"Node Type": "Index Scan", "Parent Relationship": "Inner", "Scan Direction": "Forward", "Index Name": "part_kpey", "Relation Name": "part", "Alias": "part", "Startup Cost": 0.0, "Total Cost": 6.08, "Plan Rows": 1, "Plan Width": 8, "Index Cond": "(p_partkey = public.lineitem.l_partkey)", "Filter": "((p_brand = 'Brand#44'::bpchar) AND (p_container = 'WRAP PKG'::bpchar))"}]}, {"Node Type": "Index Scan", "Parent Relationship": "Inner", "Scan Direction": "Forward", "Index Name": "idx_lineitem_part_supp", "Relation Name": "lineitem", "Alias": "lineitem", "Startup Cost": 0.0, "Total Cost": 27.78, "Plan Rows": 2, "Plan Width": 24, "Index Cond": "(l_partkey = public.lineitem.l_partkey)", "Filter": "(l_quantity < (.2::double precision * (avg(public.lineitem.l_quantity))))"}]}]}, "Unique SQL Id": 1080450481}, "explain_analyze_plan": {"Plan": {"Node Type": "Aggregate", "Strategy": "Plain", "Startup Cost": 208324.62, "Total Cost": 208324.63, "Plan Rows": 1, "Plan Width": 16, "Actual Startup Time": 1125.155, "Actual Total Time": 1125.155, "Actual Rows": 1, "Actual Loops": 1, "Plans": [{"Node Type": "Nested Loop", "Parent Relationship": "Outer", "Join Type": "Inner", "Startup Cost": 128691.05, "Total Cost": 208322.6, "Plan Rows": 806, "Plan Width": 8, "Actual Startup Time": 968.471, "Actual Total Time": 1124.094, "Actual Rows": 5403, "Actual Loops": 1, "Inner Unique": false, "Plans": [{"Node Type": "Nested Loop", "Parent Relationship": "Outer", "Join Type": "Inner", "Startup Cost": 128691.05, "Total Cost": 196146.55, "Plan Rows": 438, "Plan Width": 24, "Actual Startup Time": 968.443, "Actual Total Time": 984.459, "Actual Rows": 2003, "Actual Loops": 1, "Inner Unique": true, "Plans": [{"Node Type": "Aggregate", "Strategy": "Hashed", "Parent Relationship": "Outer", "Startup Cost": 128691.05, "Total Cost": 128884.11, "Plan Rows": 11032, "Plan Width": 16, "Actual Startup Time": 968.416, "Actual Total Time": 969.922, "Actual Rows": 2003, "Actual Loops": 1, "Group By Key": ["public.lineitem.l_partkey"], "Plans": [{"Node Type": "Nested Loop", "Parent Relationship": "Outer", "Join Type": "Inner", "Startup Cost": 0.0, "Total Cost": 128608.31, "Plan Rows": 11032, "Plan Width": 16, "Actual Startup Time": 0.373, "Actual Total Time": 927.032, "Actual Rows": 60021, "Actual Loops": 1, "Inner Unique": false, "Plans": [{"Node Type": "Seq Scan", "Parent Relationship": "Outer", "Relation Name": "part", "Alias": "part", "Startup Cost": 0.0, "Total Cost": 71944.0, "Plan Rows": 2001, "Plan Width": 8, "Actual Startup Time": 0.35, "Actual Total Time": 770.343, "Actual Rows": 2003, "Actual Loops": 1, "Filter": "((p_brand = 'Brand#44'::bpchar) AND (p_container = 'WRAP PKG'::bpchar))", "Rows Removed by Filter": 1997997}, {"Node Type": "Index Scan", "Parent Relationship": "Inner", "Scan Direction": "Forward", "Index Name": "idx_lineitem_part_supp", "Relation Name": "lineitem", "Alias": "lineitem", "Startup Cost": 0.0, "Total Cost": 28.26, "Plan Rows": 6, "Plan Width": 16, "Actual Startup Time": 21.245, "Actual Total Time": 142.059, "Actual Rows": 60021, "Actual Loops": 2003, "Index Cond": "(l_partkey = public.part.p_partkey)", "Rows Removed by Index Recheck": 0}]}]}, {"Node Type": "Index Scan", "Parent Relationship": "Inner", "Scan Direction": "Forward", "Index Name": "part_kpey", "Relation Name": "part", "Alias": "part", "Startup Cost": 0.0, "Total Cost": 6.08, "Plan Rows": 1, "Plan Width": 8, "Actual Startup Time": 12.854, "Actual Total Time": 12.854, "Actual Rows": 2003, "Actual Loops": 2003, "Index Cond": "(p_partkey = public.lineitem.l_partkey)", "Rows Removed by Index Recheck": 0, "Filter": "((p_brand = 'Brand#44'::bpchar) AND (p_container = 'WRAP PKG'::bpchar))", "Rows Removed by Filter": 0}]}, {"Node Type": "Index Scan", "Parent Relationship": "Inner", "Scan Direction": "Forward", "Index Name": "idx_lineitem_part_supp", "Relation Name": "lineitem", "Alias": "lineitem", "Startup Cost": 0.0, "Total Cost": 27.78, "Plan Rows": 2, "Plan Width": 24, "Actual Startup Time": 57.238, "Actual Total Time": 137.264, "Actual Rows": 5403, "Actual Loops": 2003, "Index Cond": "(l_partkey = public.lineitem.l_partkey)", "Rows Removed by Index Recheck": 0, "Filter": "(l_quantity < (.2::double precision * (avg(public.lineitem.l_quantity))))", "Rows Removed by Filter": 54618}]}]}, "Triggers": [], "Planner Runtime": 1.327, "Total Runtime": 1125.393, "Unique SQL Id": 1080450481}}, "(1, 125)": {"explain_plan": {"Plan": {"Node Type": "Aggregate", "Strategy": "Plain", "Startup Cost": 247183.87, "Total Cost": 247183.88, "Plan Rows": 1, "Plan Width": 16, "Plans": [{"Node Type": "Nested Loop", "Parent Relationship": "Outer", "Join Type": "Inner", "Startup Cost": 0.0, "Total Cost": 247181.85, "Plan Rows": 806, "Plan Width": 8, "Inner Unique": false, "Plans": [{"Node Type": "Nested Loop", "Parent Relationship": "Outer", "Join Type": "Inner", "Startup Cost": 0.0, "Total Cost": 235005.8, "Plan Rows": 438, "Plan Width": 24, "Inner Unique": true, "Plans": [{"Node Type": "Aggregate", "Strategy": "Sorted", "Parent Relationship": "Outer", "Startup Cost": 0.0, "Total Cost": 167743.36, "Plan Rows": 11032, "Plan Width": 80, "Group By Key": ["public.lineitem.l_partkey"], "Plans": [{"Node Type": "Nested Loop", "Parent Relationship": "Outer", "Join Type": "Inner", "Startup Cost": 0.0, "Total Cost": 167467.56, "Plan Rows": 11032, "Plan Width": 16, "Inner Unique": false, "Plans": [{"Node Type": "Index Scan", "Parent Relationship": "Outer", "Scan Direction": "Forward", "Index Name": "part_kpey", "Relation Name": "part", "Alias": "part", "Startup Cost": 0.0, "Total Cost": 110803.25, "Plan Rows": 2001, "Plan Width": 8, "Filter": "((p_brand = 'Brand#44'::bpchar) AND (p_container = 'WRAP PKG'::bpchar))"}, {"Node Type": "Index Scan", "Parent Relationship": "Inner", "Scan Direction": "Forward", "Index Name": "idx_lineitem_part_supp", "Relation Name": "lineitem", "Alias": "lineitem", "Startup Cost": 0.0, "Total Cost": 28.26, "Plan Rows": 6, "Plan Width": 16, "Index Cond": "(l_partkey = public.part.p_partkey)"}]}]}, {"Node Type": "Index Scan", "Parent Relationship": "Inner", "Scan Direction": "Forward", "Index Name": "part_kpey", "Relation Name": "part", "Alias": "part", "Startup Cost": 0.0, "Total Cost": 6.08, "Plan Rows": 1, "Plan Width": 8, "Index Cond": "(p_partkey = public.lineitem.l_partkey)", "Filter": "((p_brand = 'Brand#44'::bpchar) AND (p_container = 'WRAP PKG'::bpchar))"}]}, {"Node Type": "Index Scan", "Parent Relationship": "Inner", "Scan Direction": "Forward", "Index Name": "idx_lineitem_part_supp", "Relation Name": "lineitem", "Alias": "lineitem", "Startup Cost": 0.0, "Total Cost": 27.78, "Plan Rows": 2, "Plan Width": 24, "Index Cond": "(l_partkey = public.lineitem.l_partkey)", "Filter": "(l_quantity < (.2::double precision * (avg(public.lineitem.l_quantity))))"}]}]}, "Unique SQL Id": 1080450481}, "explain_analyze_plan": {"Plan": {"Node Type": "Aggregate", "Strategy": "Plain", "Startup Cost": 247183.87, "Total Cost": 247183.88, "Plan Rows": 1, "Plan Width": 16, "Actual Startup Time": 1657.115, "Actual Total Time": 1657.115, "Actual Rows": 1, "Actual Loops": 1, "Plans": [{"Node Type": "Nested Loop", "Parent Relationship": "Outer", "Join Type": "Inner", "Startup Cost": 0.0, "Total Cost": 247181.85, "Plan Rows": 806, "Plan Width": 8, "Actual Startup Time": 1.741, "Actual Total Time": 1655.898, "Actual Rows": 5403, "Actual Loops": 1, "Inner Unique": false, "Plans": [{"Node Type": "Nested Loop", "Parent Relationship": "Outer", "Join Type": "Inner", "Startup Cost": 0.0, "Total Cost": 235005.8, "Plan Rows": 438, "Plan Width": 24, "Actual Startup Time": 1.699, "Actual Total Time": 1576.826, "Actual Rows": 2003, "Actual Loops": 1, "Inner Unique": true, "Plans": [{"Node Type": "Aggregate", "Strategy": "Sorted", "Parent Relationship": "Outer", "Startup Cost": 0.0, "Total Cost": 167743.36, "Plan Rows": 11032, "Plan Width": 80, "Actual Startup Time": 1.686, "Actual Total Time": 1564.989, "Actual Rows": 2003, "Actual Loops": 1, "Group By Key": ["public.lineitem.l_partkey"], "Plans": [{"Node Type": "Nested Loop", "Parent Relationship": "Outer", "Join Type": "Inner", "Startup Cost": 0.0, "Total Cost": 167467.56, "Plan Rows": 11032, "Plan Width": 16, "Actual Startup Time": 0.571, "Actual Total Time": 1531.613, "Actual Rows": 60021, "Actual Loops": 1, "Inner Unique": false, "Plans": [{"Node Type": "Index Scan", "Parent Relationship": "Outer", "Scan Direction": "Forward", "Index Name": "part_kpey", "Relation Name": "part", "Alias": "part", "Startup Cost": 0.0, "Total Cost": 110803.25, "Plan Rows": 2001, "Plan Width": 8, "Actual Startup Time": 0.553, "Actual Total Time": 1347.731, "Actual Rows": 2003, "Actual Loops": 1, "Filter": "((p_brand = 'Brand#44'::bpchar) AND (p_container = 'WRAP PKG'::bpchar))", "Rows Removed by Filter": 1997997}, {"Node Type": "Index Scan", "Parent Relationship": "Inner", "Scan Direction": "Forward", "Index Name": "idx_lineitem_part_supp", "Relation Name": "lineitem", "Alias": "lineitem", "Startup Cost": 0.0, "Total Cost": 28.26, "Plan Rows": 6, "Plan Width": 16, "Actual Startup Time": 23.7, "Actual Total Time": 168.192, "Actual Rows": 60021, "Actual Loops": 2003, "Index Cond": "(l_partkey = public.part.p_partkey)", "Rows Removed by Index Recheck": 0}]}]}, {"Node Type": "Index Scan", "Parent Relationship": "Inner", "Scan Direction": "Forward", "Index Name": "part_kpey", "Relation Name": "part", "Alias": "part", "Startup Cost": 0.0, "Total Cost": 6.08, "Plan Rows": 1, "Plan Width": 8, "Actual Startup Time": 9.266, "Actual Total Time": 9.266, "Actual Rows": 2003, "Actual Loops": 2003, "Index Cond": "(p_partkey = public.lineitem.l_partkey)", "Rows Removed by Index Recheck": 0, "Filter": "((p_brand = 'Brand#44'::bpchar) AND (p_container = 'WRAP PKG'::bpchar))", "Rows Removed by Filter": 0}]}, {"Node Type": "Index Scan", "Parent Relationship": "Inner", "Scan Direction": "Forward", "Index Name": "idx_lineitem_part_supp", "Relation Name": "lineitem", "Alias": "lineitem", "Startup Cost": 0.0, "Total Cost": 27.78, "Plan Rows": 2, "Plan Width": 24, "Actual Startup Time": 33.161, "Actual Total Time": 76.14, "Actual Rows": 5403, "Actual Loops": 2003, "Index Cond": "(l_partkey = public.lineitem.l_partkey)", "Rows Removed by Index Recheck": 0, "Filter": "(l_quantity < (.2::double precision * (avg(public.lineitem.l_quantity))))", "Rows Removed by Filter": 54618}]}]}, "Triggers": [], "Planner Runtime": 1.323, "Total Runtime": 1657.326, "Unique SQL Id": 1080450481}}, "(1, 126)": {"explain_plan": {"Plan": {"Node Type": "Aggregate", "Strategy": "Plain", "Startup Cost": 2330502847.95, "Total Cost": 2330502847.96, "Plan Rows": 1, "Plan Width": 16, "Plans": [{"Node Type": "Nested Loop", "Parent Relationship": "Outer", "Join Type": "Inner", "Startup Cost": 1802597942.57, "Total Cost": 2330502845.94, "Plan Rows": 806, "Plan Width": 8, "Inner Unique": false, "Join Filter": "((public.lineitem.l_partkey = public.lineitem.l_partkey) AND (public.lineitem.l_quantity < (.2::double precision * (avg(public.lineitem.l_quantity)))))", "Plans": [{"Node Type": "Seq Scan", "Parent Relationship": "Outer", "Relation Name": "lineitem", "Alias": "lineitem", "Startup Cost": 0.0, "Total Cost": 2015115.33, "Plan Rows": 59987033, "Plan Width": 24}, {"Node Type": "Materialize", "Parent Relationship": "Inner", "Startup Cost": 1802597942.57, "Total Cost": 1803001322.62, "Plan Rows": 438, "Plan Width": 24, "Plans": [{"Node Type": "Nested Loop", "Parent Relationship": "Outer", "Join Type": "Inner", "Startup Cost": 1802597942.57, "Total Cost": 1803001320.43, "Plan Rows": 438, "Plan Width": 24, "Inner Unique": true, "Join Filter": "(public.part.p_partkey = public.lineitem.l_partkey)", "Plans": [{"Node Type": "Aggregate", "Strategy": "Hashed", "Parent Relationship": "Outer", "Startup Cost": 1802597942.57, "Total Cost": 1802598135.63, "Plan Rows": 11032, "Plan Width": 16, "Group By Key": ["public.lineitem.l_partkey"], "Plans": [{"Node Type": "Nested Loop", "Parent Relationship": "Outer", "Join Type": "Semi", "Startup Cost": 0.0, "Total Cost": 1802597859.83, "Plan Rows": 11032, "Plan Width": 16, "Inner Unique": false, "Join Filter": "(public.lineitem.l_partkey = public.part.p_partkey)", "Plans": [{"Node Type": "Seq Scan", "Parent Relationship": "Outer", "Relation Name": "lineitem", "Alias": "lineitem", "Startup Cost": 0.0, "Total Cost": 2015115.33, "Plan Rows": 59987033, "Plan Width": 16}, {"Node Type": "Materialize", "Parent Relationship": "Inner", "Startup Cost": 0.0, "Total Cost": 71954.01, "Plan Rows": 2001, "Plan Width": 8, "Plans": [{"Node Type": "Seq Scan", "Parent Relationship": "Outer", "Relation Name": "part", "Alias": "part", "Startup Cost": 0.0, "Total Cost": 71944.0, "Plan Rows": 2001, "Plan Width": 8, "Filter": "((p_brand = 'Brand#44'::bpchar) AND (p_container = 'WRAP PKG'::bpchar))"}]}]}]}, {"Node Type": "Materialize", "Parent Relationship": "Inner", "Startup Cost": 0.0, "Total Cost": 71954.01, "Plan Rows": 2001, "Plan Width": 8, "Plans": [{"Node Type": "Seq Scan", "Parent Relationship": "Outer", "Relation Name": "part", "Alias": "part", "Startup Cost": 0.0, "Total Cost": 71944.0, "Plan Rows": 2001, "Plan Width": 8, "Filter": "((p_brand = 'Brand#44'::bpchar) AND (p_container = 'WRAP PKG'::bpchar))"}]}]}]}]}]}, "Unique SQL Id": 1080450481}, "explain_analyze_plan": null}, "(1, 127)": {"explain_plan": {"Plan": {"Node Type": "Aggregate", "Strategy": "Plain", "Startup Cost": 4003899272041.15, "Total Cost": 4003899272041.16, "Plan Rows": 1, "Plan Width": 16, "Plans": [{"Node Type": "Nested Loop", "Parent Relationship": "Outer", "Join Type": "Inner", "Startup Cost": 40000000000.0, "Total Cost": 4003899272039.14, "Plan Rows": 806, "Plan Width": 8, "Inner Unique": false, "Join Filter": "((subquery.\"?column?\" = public.lineitem.l_partkey) AND (public.lineitem.l_quantity < (.2::double precision * subquery.\"?column?\")))", "Plans": [{"Node Type": "Index Scan", "Parent Relationship": "Outer", "Scan Direction": "Forward", "Index Name": "idx_lineitem_part_supp", "Relation Name": "lineitem", "Alias": "lineitem", "Startup Cost": 10000000000.0, "Total Cost": 1000775391319.64, "Plan Rows": 59987033, "Plan Width": 24}, {"Node Type": "Materialize", "Parent Relationship": "Inner", "Startup Cost": 30000000000.0, "Total Cost": 3002598394311.51, "Plan Rows": 438, "Plan Width": 24, "Plans": [{"Node Type": "Nested Loop", "Parent Relationship": "Outer", "Join Type": "Inner", "Startup Cost": 30000000000.0, "Total Cost": 3002598394309.32, "Plan Rows": 438, "Plan Width": 24, "Inner Unique": true, "Join Filter": "(public.part.p_partkey = subquery.\"?column?\")", "Plans": [{"Node Type": "Index Scan", "Parent Relationship": "Outer", "Scan Direction": "Forward", "Index Name": "part_kpey", "Relation Name": "part", "Alias": "part", "Startup Cost": 10000000000.0, "Total Cost": 1000011080325.0, "Plan Rows": 2001, "Plan Width": 8, "Filter": "((p_brand = 'Brand#44'::bpchar) AND (p_container = 'WRAP PKG'::bpchar))"}, {"Node Type": "Materialize", "Parent Relationship": "Inner", "Startup Cost": 20000000000.0, "Total Cost": 2002586982886.42, "Plan Rows": 11032, "Plan Width": 16, "Plans": [{"Node Type": "Subquery Scan", "Parent Relationship": "Outer", "Alias": "subquery", "Startup Cost": 20000000000.0, "Total Cost": 2002586982831.26, "Plan Rows": 11032, "Plan Width": 16, "Plans": [{"Node Type": "Aggregate", "Strategy": "Sorted", "Parent Relationship": "Subquery", "Startup Cost": 20000000000.0, "Total Cost": 2002586982720.94, "Plan Rows": 11032, "Plan Width": 80, "Group By Key": ["public.lineitem.l_partkey"], "Plans": [{"Node Type": "Nested Loop", "Parent Relationship": "Outer", "Join Type": "Semi", "Startup Cost": 20000000000.0, "Total Cost": 2002586982445.14, "Plan Rows": 11032, "Plan Width": 16, "Inner Unique": false, "Join Filter": "(public.lineitem.l_partkey = public.part.p_partkey)", "Plans": [{"Node Type": "Index Scan", "Parent Relationship": "Outer", "Scan Direction": "Forward", "Index Name": "idx_lineitem_part_supp", "Relation Name": "lineitem", "Alias": "lineitem", "Startup Cost": 10000000000.0, "Total Cost": 1000775391319.64, "Plan Rows": 59987033, "Plan Width": 16}, {"Node Type": "Materialize", "Parent Relationship": "Inner", "Startup Cost": 10000000000.0, "Total Cost": 1000011080335.01, "Plan Rows": 2001, "Plan Width": 8, "Plans": [{"Node Type": "Index Scan", "Parent Relationship": "Outer", "Scan Direction": "Forward", "Index Name": "part_kpey", "Relation Name": "part", "Alias": "part", "Startup Cost": 10000000000.0, "Total Cost": 1000011080325.0, "Plan Rows": 2001, "Plan Width": 8, "Filter": "((p_brand = 'Brand#44'::bpchar) AND (p_container = 'WRAP PKG'::bpchar))"}]}]}]}]}]}]}]}]}]}, "Unique SQL Id": 1080450481}, "explain_analyze_plan": null}, "(16, 0)": {"explain_plan": {"Plan": {"Node Type": "Aggregate", "Strategy": "Plain", "Startup Cost": 208324.62, "Total Cost": 208324.63, "Plan Rows": 1, "Plan Width": 16, "Plans": [{"Node Type": "Nested Loop", "Parent Relationship": "Outer", "Join Type": "Inner", "Startup Cost": 128691.05, "Total Cost": 208322.6, "Plan Rows": 806, "Plan Width": 8, "Inner Unique": false, "Plans": [{"Node Type": "Nested Loop", "Parent Relationship": "Outer", "Join Type": "Inner", "Startup Cost": 128691.05, "Total Cost": 196146.55, "Plan Rows": 438, "Plan Width": 24, "Inner Unique": true, "Plans": [{"Node Type": "Aggregate", "Strategy": "Hashed", "Parent Relationship": "Outer", "Startup Cost": 128691.05, "Total Cost": 128884.11, "Plan Rows": 11032, "Plan Width": 16, "Group By Key": ["public.lineitem.l_partkey"], "Plans": [{"Node Type": "Nested Loop", "Parent Relationship": "Outer", "Join Type": "Inner", "Startup Cost": 0.0, "Total Cost": 128608.31, "Plan Rows": 11032, "Plan Width": 16, "Inner Unique": false, "Plans": [{"Node Type": "Seq Scan", "Parent Relationship": "Outer", "Relation Name": "part", "Alias": "part", "Startup Cost": 0.0, "Total Cost": 71944.0, "Plan Rows": 2001, "Plan Width": 8, "Filter": "((p_brand = 'Brand#44'::bpchar) AND (p_container = 'WRAP PKG'::bpchar))"}, {"Node Type": "Index Scan", "Parent Relationship": "Inner", "Scan Direction": "Forward", "Index Name": "idx_lineitem_part_supp", "Relation Name": "lineitem", "Alias": "lineitem", "Startup Cost": 0.0, "Total Cost": 28.26, "Plan Rows": 6, "Plan Width": 16, "Index Cond": "(l_partkey = public.part.p_partkey)"}]}]}, {"Node Type": "Index Scan", "Parent Relationship": "Inner", "Scan Direction": "Forward", "Index Name": "part_kpey", "Relation Name": "part", "Alias": "part", "Startup Cost": 0.0, "Total Cost": 6.08, "Plan Rows": 1, "Plan Width": 8, "Index Cond": "(p_partkey = public.lineitem.l_partkey)", "Filter": "((p_brand = 'Brand#44'::bpchar) AND (p_container = 'WRAP PKG'::bpchar))"}]}, {"Node Type": "Index Scan", "Parent Relationship": "Inner", "Scan Direction": "Forward", "Index Name": "idx_lineitem_part_supp", "Relation Name": "lineitem", "Alias": "lineitem", "Startup Cost": 0.0, "Total Cost": 27.78, "Plan Rows": 2, "Plan Width": 24, "Index Cond": "(l_partkey = public.lineitem.l_partkey)", "Filter": "(l_quantity < (.2::double precision * (avg(public.lineitem.l_quantity))))"}]}]}, "Unique SQL Id": 1080450481}, "explain_analyze_plan": {"Plan": {"Node Type": "Aggregate", "Strategy": "Plain", "Startup Cost": 208324.62, "Total Cost": 208324.63, "Plan Rows": 1, "Plan Width": 16, "Actual Startup Time": 1198.059, "Actual Total Time": 1198.06, "Actual Rows": 1, "Actual Loops": 1, "Plans": [{"Node Type": "Nested Loop", "Parent Relationship": "Outer", "Join Type": "Inner", "Startup Cost": 128691.05, "Total Cost": 208322.6, "Plan Rows": 806, "Plan Width": 8, "Actual Startup Time": 1016.325, "Actual Total Time": 1197.018, "Actual Rows": 5403, "Actual Loops": 1, "Inner Unique": false, "Plans": [{"Node Type": "Nested Loop", "Parent Relationship": "Outer", "Join Type": "Inner", "Startup Cost": 128691.05, "Total Cost": 196146.55, "Plan Rows": 438, "Plan Width": 24, "Actual Startup Time": 1016.297, "Actual Total Time": 1034.231, "Actual Rows": 2003, "Actual Loops": 1, "Inner Unique": true, "Plans": [{"Node Type": "Aggregate", "Strategy": "Hashed", "Parent Relationship": "Outer", "Startup Cost": 128691.05, "Total Cost": 128884.11, "Plan Rows": 11032, "Plan Width": 16, "Actual Startup Time": 1016.266, "Actual Total Time": 1017.905, "Actual Rows": 2003, "Actual Loops": 1, "Group By Key": ["public.lineitem.l_partkey"], "Plans": [{"Node Type": "Nested Loop", "Parent Relationship": "Outer", "Join Type": "Inner", "Startup Cost": 0.0, "Total Cost": 128608.31, "Plan Rows": 11032, "Plan Width": 16, "Actual Startup Time": 0.361, "Actual Total Time": 975.259, "Actual Rows": 60021, "Actual Loops": 1, "Inner Unique": false, "Plans": [{"Node Type": "Seq Scan", "Parent Relationship": "Outer", "Relation Name": "part", "Alias": "part", "Startup Cost": 0.0, "Total Cost": 71944.0, "Plan Rows": 2001, "Plan Width": 8, "Actual Startup Time": 0.34, "Actual Total Time": 786.254, "Actual Rows": 2003, "Actual Loops": 1, "Filter": "((p_brand = 'Brand#44'::bpchar) AND (p_container = 'WRAP PKG'::bpchar))", "Rows Removed by Filter": 1997997}, {"Node Type": "Index Scan", "Parent Relationship": "Inner", "Scan Direction": "Forward", "Index Name": "idx_lineitem_part_supp", "Relation Name": "lineitem", "Alias": "lineitem", "Startup Cost": 0.0, "Total Cost": 28.26, "Plan Rows": 6, "Plan Width": 16, "Actual Startup Time": 25.976, "Actual Total Time": 174.503, "Actual Rows": 60021, "Actual Loops": 2003, "Index Cond": "(l_partkey = public.part.p_partkey)", "Rows Removed by Index Recheck": 0}]}]}, {"Node Type": "Index Scan", "Parent Relationship": "Inner", "Scan Direction": "Forward", "Index Name": "part_kpey", "Relation Name": "part", "Alias": "part", "Startup Cost": 0.0, "Total Cost": 6.08, "Plan Rows": 1, "Plan Width": 8, "Actual Startup Time": 14.697, "Actual Total Time": 14.697, "Actual Rows": 2003, "Actual Loops": 2003, "Index Cond": "(p_partkey = public.lineitem.l_partkey)", "Rows Removed by Index Recheck": 0, "Filter": "((p_brand = 'Brand#44'::bpchar) AND (p_container = 'WRAP PKG'::bpchar))", "Rows Removed by Filter": 0}]}, {"Node Type": "Index Scan", "Parent Relationship": "Inner", "Scan Direction": "Forward", "Index Name": "idx_lineitem_part_supp", "Relation Name": "lineitem", "Alias": "lineitem", "Startup Cost": 0.0, "Total Cost": 27.78, "Plan Rows": 2, "Plan Width": 24, "Actual Startup Time": 65.051, "Actual Total Time": 160.425, "Actual Rows": 5403, "Actual Loops": 2003, "Index Cond": "(l_partkey = public.lineitem.l_partkey)", "Rows Removed by Index Recheck": 0, "Filter": "(l_quantity < (.2::double precision * (avg(public.lineitem.l_quantity))))", "Rows Removed by Filter": 54618}]}]}, "Triggers": [], "Planner Runtime": 1.534, "Total Runtime": 1198.321, "Unique SQL Id": 1080450481}}, "(16, 1)": {"explain_plan": {"Plan": {"Node Type": "Aggregate", "Strategy": "Plain", "Startup Cost": 247183.87, "Total Cost": 247183.88, "Plan Rows": 1, "Plan Width": 16, "Plans": [{"Node Type": "Nested Loop", "Parent Relationship": "Outer", "Join Type": "Inner", "Startup Cost": 0.0, "Total Cost": 247181.85, "Plan Rows": 806, "Plan Width": 8, "Inner Unique": false, "Plans": [{"Node Type": "Nested Loop", "Parent Relationship": "Outer", "Join Type": "Inner", "Startup Cost": 0.0, "Total Cost": 235005.8, "Plan Rows": 438, "Plan Width": 24, "Inner Unique": true, "Plans": [{"Node Type": "Aggregate", "Strategy": "Sorted", "Parent Relationship": "Outer", "Startup Cost": 0.0, "Total Cost": 167743.36, "Plan Rows": 11032, "Plan Width": 80, "Group By Key": ["public.lineitem.l_partkey"], "Plans": [{"Node Type": "Nested Loop", "Parent Relationship": "Outer", "Join Type": "Inner", "Startup Cost": 0.0, "Total Cost": 167467.56, "Plan Rows": 11032, "Plan Width": 16, "Inner Unique": false, "Plans": [{"Node Type": "Index Scan", "Parent Relationship": "Outer", "Scan Direction": "Forward", "Index Name": "part_kpey", "Relation Name": "part", "Alias": "part", "Startup Cost": 0.0, "Total Cost": 110803.25, "Plan Rows": 2001, "Plan Width": 8, "Filter": "((p_brand = 'Brand#44'::bpchar) AND (p_container = 'WRAP PKG'::bpchar))"}, {"Node Type": "Index Scan", "Parent Relationship": "Inner", "Scan Direction": "Forward", "Index Name": "idx_lineitem_part_supp", "Relation Name": "lineitem", "Alias": "lineitem", "Startup Cost": 0.0, "Total Cost": 28.26, "Plan Rows": 6, "Plan Width": 16, "Index Cond": "(l_partkey = public.part.p_partkey)"}]}]}, {"Node Type": "Index Scan", "Parent Relationship": "Inner", "Scan Direction": "Forward", "Index Name": "part_kpey", "Relation Name": "part", "Alias": "part", "Startup Cost": 0.0, "Total Cost": 6.08, "Plan Rows": 1, "Plan Width": 8, "Index Cond": "(p_partkey = public.lineitem.l_partkey)", "Filter": "((p_brand = 'Brand#44'::bpchar) AND (p_container = 'WRAP PKG'::bpchar))"}]}, {"Node Type": "Index Scan", "Parent Relationship": "Inner", "Scan Direction": "Forward", "Index Name": "idx_lineitem_part_supp", "Relation Name": "lineitem", "Alias": "lineitem", "Startup Cost": 0.0, "Total Cost": 27.78, "Plan Rows": 2, "Plan Width": 24, "Index Cond": "(l_partkey = public.lineitem.l_partkey)", "Filter": "(l_quantity < (.2::double precision * (avg(public.lineitem.l_quantity))))"}]}]}, "Unique SQL Id": 1080450481}, "explain_analyze_plan": {"Plan": {"Node Type": "Aggregate", "Strategy": "Plain", "Startup Cost": 247183.87, "Total Cost": 247183.88, "Plan Rows": 1, "Plan Width": 16, "Actual Startup Time": 1672.251, "Actual Total Time": 1672.251, "Actual Rows": 1, "Actual Loops": 1, "Plans": [{"Node Type": "Nested Loop", "Parent Relationship": "Outer", "Join Type": "Inner", "Startup Cost": 0.0, "Total Cost": 247181.85, "Plan Rows": 806, "Plan Width": 8, "Actual Startup Time": 1.789, "Actual Total Time": 1671.055, "Actual Rows": 5403, "Actual Loops": 1, "Inner Unique": false, "Plans": [{"Node Type": "Nested Loop", "Parent Relationship": "Outer", "Join Type": "Inner", "Startup Cost": 0.0, "Total Cost": 235005.8, "Plan Rows": 438, "Plan Width": 24, "Actual Startup Time": 1.749, "Actual Total Time": 1591.323, "Actual Rows": 2003, "Actual Loops": 1, "Inner Unique": true, "Plans": [{"Node Type": "Aggregate", "Strategy": "Sorted", "Parent Relationship": "Outer", "Startup Cost": 0.0, "Total Cost": 167743.36, "Plan Rows": 11032, "Plan Width": 80, "Actual Startup Time": 1.737, "Actual Total Time": 1579.292, "Actual Rows": 2003, "Actual Loops": 1, "Group By Key": ["public.lineitem.l_partkey"], "Plans": [{"Node Type": "Nested Loop", "Parent Relationship": "Outer", "Join Type": "Inner", "Startup Cost": 0.0, "Total Cost": 167467.56, "Plan Rows": 11032, "Plan Width": 16, "Actual Startup Time": 0.583, "Actual Total Time": 1545.893, "Actual Rows": 60021, "Actual Loops": 1, "Inner Unique": false, "Plans": [{"Node Type": "Index Scan", "Parent Relationship": "Outer", "Scan Direction": "Forward", "Index Name": "part_kpey", "Relation Name": "part", "Alias": "part", "Startup Cost": 0.0, "Total Cost": 110803.25, "Plan Rows": 2001, "Plan Width": 8, "Actual Startup Time": 0.567, "Actual Total Time": 1351.997, "Actual Rows": 2003, "Actual Loops": 1, "Filter": "((p_brand = 'Brand#44'::bpchar) AND (p_container = 'WRAP PKG'::bpchar))", "Rows Removed by Filter": 1997997}, {"Node Type": "Index Scan", "Parent Relationship": "Inner", "Scan Direction": "Forward", "Index Name": "idx_lineitem_part_supp", "Relation Name": "lineitem", "Alias": "lineitem", "Startup Cost": 0.0, "Total Cost": 28.26, "Plan Rows": 6, "Plan Width": 16, "Actual Startup Time": 26.124, "Actual Total Time": 178.211, "Actual Rows": 60021, "Actual Loops": 2003, "Index Cond": "(l_partkey = public.part.p_partkey)", "Rows Removed by Index Recheck": 0}]}]}, {"Node Type": "Index Scan", "Parent Relationship": "Inner", "Scan Direction": "Forward", "Index Name": "part_kpey", "Relation Name": "part", "Alias": "part", "Startup Cost": 0.0, "Total Cost": 6.08, "Plan Rows": 1, "Plan Width": 8, "Actual Startup Time": 9.363, "Actual Total Time": 9.363, "Actual Rows": 2003, "Actual Loops": 2003, "Index Cond": "(p_partkey = public.lineitem.l_partkey)", "Rows Removed by Index Recheck": 0, "Filter": "((p_brand = 'Brand#44'::bpchar) AND (p_container = 'WRAP PKG'::bpchar))", "Rows Removed by Filter": 0}]}, {"Node Type": "Index Scan", "Parent Relationship": "Inner", "Scan Direction": "Forward", "Index Name": "idx_lineitem_part_supp", "Relation Name": "lineitem", "Alias": "lineitem", "Startup Cost": 0.0, "Total Cost": 27.78, "Plan Rows": 2, "Plan Width": 24, "Actual Startup Time": 33.256, "Actual Total Time": 76.813, "Actual Rows": 5403, "Actual Loops": 2003, "Index Cond": "(l_partkey = public.lineitem.l_partkey)", "Rows Removed by Index Recheck": 0, "Filter": "(l_quantity < (.2::double precision * (avg(public.lineitem.l_quantity))))", "Rows Removed by Filter": 54618}]}]}, "Triggers": [], "Planner Runtime": 1.448, "Total Runtime": 1672.5, "Unique SQL Id": 1080450481}}, "(16, 2)": {"explain_plan": {"Plan": {"Node Type": "Aggregate", "Strategy": "Plain", "Startup Cost": 213754.44, "Total Cost": 213754.45, "Plan Rows": 1, "Plan Width": 16, "Plans": [{"Node Type": "Nested Loop", "Parent Relationship": "Outer", "Join Type": "Inner", "Startup Cost": 129265.51, "Total Cost": 213752.42, "Plan Rows": 806, "Plan Width": 8, "Inner Unique": false, "Plans": [{"Node Type": "Hash Join", "Parent Relationship": "Outer", "Join Type": "Inner", "Startup Cost": 129261.29, "Total Cost": 201352.24, "Plan Rows": 438, "Plan Width": 24, "Inner Unique": true, "Hash Cond": "(public.part.p_partkey = subquery.\"?column?\")", "Plans": [{"Node Type": "Seq Scan", "Parent Relationship": "Outer", "Relation Name": "part", "Alias": "part", "Startup Cost": 0.0, "Total Cost": 71944.0, "Plan Rows": 2001, "Plan Width": 8, "Filter": "((p_brand = 'Brand#44'::bpchar) AND (p_container = 'WRAP PKG'::bpchar))"}, {"Node Type": "Hash", "Parent Relationship": "Inner", "Startup Cost": 129123.39, "Total Cost": 129123.39, "Plan Rows": 11032, "Plan Width": 16, "Plans": [{"Node Type": "Subquery Scan", "Parent Relationship": "Outer", "Alias": "subquery", "Startup Cost": 128820.01, "Total Cost": 129123.39, "Plan Rows": 11032, "Plan Width": 16, "Plans": [{"Node Type": "Aggregate", "Strategy": "Hashed", "Parent Relationship": "Subquery", "Startup Cost": 128820.01, "Total Cost": 129013.07, "Plan Rows": 11032, "Plan Width": 16, "Group By Key": ["public.lineitem.l_partkey"], "Plans": [{"Node Type": "Nested Loop", "Parent Relationship": "Outer", "Join Type": "Inner", "Startup Cost": 4.28, "Total Cost": 128737.27, "Plan Rows": 11032, "Plan Width": 16, "Inner Unique": false, "Plans": [{"Node Type": "Seq Scan", "Parent Relationship": "Outer", "Relation Name": "part", "Alias": "part", "Startup Cost": 0.0, "Total Cost": 71944.0, "Plan Rows": 2001, "Plan Width": 8, "Filter": "((p_brand = 'Brand#44'::bpchar) AND (p_container = 'WRAP PKG'::bpchar))"}, {"Node Type": "Bitmap Heap Scan", "Parent Relationship": "Inner", "Relation Name": "lineitem", "Alias": "lineitem", "Startup Cost": 4.28, "Total Cost": 28.32, "Plan Rows": 6, "Plan Width": 16, "Recheck Cond": "(l_partkey = public.part.p_partkey)", "Plans": [{"Node Type": "Bitmap Index Scan", "Parent Relationship": "Outer", "Index Name": "idx_lineitem_part_supp", "Startup Cost": 0.0, "Total Cost": 4.28, "Plan Rows": 6, "Plan Width": 0, "Index Cond": "(l_partkey = public.part.p_partkey)"}]}]}]}]}]}]}, {"Node Type": "Bitmap Heap Scan", "Parent Relationship": "Inner", "Relation Name": "lineitem", "Alias": "lineitem", "Startup Cost": 4.22, "Total Cost": 28.29, "Plan Rows": 2, "Plan Width": 24, "Recheck Cond": "(l_partkey = subquery.\"?column?\")", "Filter": "(l_quantity < (.2::double precision * subquery.\"?column?\"))", "Plans": [{"Node Type": "Bitmap Index Scan", "Parent Relationship": "Outer", "Index Name": "idx_lineitem_part_supp", "Startup Cost": 0.0, "Total Cost": 4.22, "Plan Rows": 6, "Plan Width": 0, "Index Cond": "(l_partkey = subquery.\"?column?\")"}]}]}]}, "Unique SQL Id": 1080450481}, "explain_analyze_plan": {"Plan": {"Node Type": "Aggregate", "Strategy": "Plain", "Startup Cost": 213754.44, "Total Cost": 213754.45, "Plan Rows": 1, "Plan Width": 16, "Actual Startup Time": 2042.565, "Actual Total Time": 2042.565, "Actual Rows": 1, "Actual Loops": 1, "Plans": [{"Node Type": "Nested Loop", "Parent Relationship": "Outer", "Join Type": "Inner", "Startup Cost": 129265.51, "Total Cost": 213752.42, "Plan Rows": 806, "Plan Width": 8, "Actual Startup Time": 1040.32, "Actual Total Time": 2041.174, "Actual Rows": 5403, "Actual Loops": 1, "Inner Unique": false, "Plans": [{"Node Type": "Hash Join", "Parent Relationship": "Outer", "Join Type": "Inner", "Startup Cost": 129261.29, "Total Cost": 201352.24, "Plan Rows": 438, "Plan Width": 24, "Actual Startup Time": 1040.253, "Actual Total Time": 1830.392, "Actual Rows": 2003, "Actual Loops": 1, "Inner Unique": true, "Hash Cond": "(public.part.p_partkey = subquery.\"?column?\")", "Plans": [{"Node Type": "Seq Scan", "Parent Relationship": "Outer", "Relation Name": "part", "Alias": "part", "Startup Cost": 0.0, "Total Cost": 71944.0, "Plan Rows": 2001, "Plan Width": 8, "Actual Startup Time": 0.349, "Actual Total Time": 788.001, "Actual Rows": 2003, "Actual Loops": 1, "Filter": "((p_brand = 'Brand#44'::bpchar) AND (p_container = 'WRAP PKG'::bpchar))", "Rows Removed by Filter": 1997997}, {"Node Type": "Hash", "Parent Relationship": "Inner", "Startup Cost": 129123.39, "Total Cost": 129123.39, "Plan Rows": 11032, "Plan Width": 16, "Actual Startup Time": 1039.791, "Actual Total Time": 1039.791, "Actual Rows": 2003, "Actual Loops": 1, "Hash Buckets": 32768, "Hash Batches": 1, "Original Hash Batches": 1, "Peak Memory Usage": 94, "Plans": [{"Node Type": "Subquery Scan", "Parent Relationship": "Outer", "Alias": "subquery", "Startup Cost": 128820.01, "Total Cost": 129123.39, "Plan Rows": 11032, "Plan Width": 16, "Actual Startup Time": 1037.639, "Actual Total Time": 1039.094, "Actual Rows": 2003, "Actual Loops": 1, "Plans": [{"Node Type": "Aggregate", "Strategy": "Hashed", "Parent Relationship": "Subquery", "Startup Cost": 128820.01, "Total Cost": 129013.07, "Plan Rows": 11032, "Plan Width": 16, "Actual Startup Time": 1037.636, "Actual Total Time": 1038.645, "Actual Rows": 2003, "Actual Loops": 1, "Group By Key": ["public.lineitem.l_partkey"], "Plans": [{"Node Type": "Nested Loop", "Parent Relationship": "Outer", "Join Type": "Inner", "Startup Cost": 4.28, "Total Cost": 128737.27, "Plan Rows": 11032, "Plan Width": 16, "Actual Startup Time": 0.43, "Actual Total Time": 997.069, "Actual Rows": 60021, "Actual Loops": 1, "Inner Unique": false, "Plans": [{"Node Type": "Seq Scan", "Parent Relationship": "Outer", "Relation Name": "part", "Alias": "part", "Startup Cost": 0.0, "Total Cost": 71944.0, "Plan Rows": 2001, "Plan Width": 8, "Actual Startup Time": 0.313, "Actual Total Time": 785.123, "Actual Rows": 2003, "Actual Loops": 1, "Filter": "((p_brand = 'Brand#44'::bpchar) AND (p_container = 'WRAP PKG'::bpchar))", "Rows Removed by Filter": 1997997}, {"Node Type": "Bitmap Heap Scan", "Parent Relationship": "Inner", "Relation Name": "lineitem", "Alias": "lineitem", "Startup Cost": 4.28, "Total Cost": 28.32, "Plan Rows": 6, "Plan Width": 16, "Actual Startup Time": 37.436, "Actual Total Time": 194.053, "Actual Rows": 60021, "Actual Loops": 2003, "Recheck Cond": "(l_partkey = public.part.p_partkey)", "Rows Removed by Index Recheck": 0, "Exact Heap Blocks": 60018, "Lossy Heap Blocks": 60018, "Plans": [{"Node Type": "Bitmap Index Scan", "Parent Relationship": "Outer", "Index Name": "idx_lineitem_part_supp", "Startup Cost": 0.0, "Total Cost": 4.28, "Plan Rows": 6, "Plan Width": 0, "Actual Startup Time": 23.891, "Actual Total Time": 23.891, "Actual Rows": 60021, "Actual Loops": 2003, "Index Cond": "(l_partkey = public.part.p_partkey)"}]}]}]}]}]}]}, {"Node Type": "Bitmap Heap Scan", "Parent Relationship": "Inner", "Relation Name": "lineitem", "Alias": "lineitem", "Startup Cost": 4.22, "Total Cost": 28.29, "Plan Rows": 2, "Plan Width": 24, "Actual Startup Time": 89.451, "Actual Total Time": 204.392, "Actual Rows": 5403, "Actual Loops": 2003, "Recheck Cond": "(l_partkey = subquery.\"?column?\")", "Rows Removed by Index Recheck": 0, "Filter": "(l_quantity < (.2::double precision * subquery.\"?column?\"))", "Rows Removed by Filter": 54618, "Exact Heap Blocks": 60018, "Lossy Heap Blocks": 60018, "Plans": [{"Node Type": "Bitmap Index Scan", "Parent Relationship": "Outer", "Index Name": "idx_lineitem_part_supp", "Startup Cost": 0.0, "Total Cost": 4.22, "Plan Rows": 6, "Plan Width": 0, "Actual Startup Time": 24.425, "Actual Total Time": 24.425, "Actual Rows": 60021, "Actual Loops": 2003, "Index Cond": "(l_partkey = subquery.\"?column?\")"}]}]}]}, "Triggers": [], "Planner Runtime": 1.494, "Total Runtime": 2042.862, "Unique SQL Id": 1080450481}}, "(16, 3)": {"explain_plan": {"Plan": {"Node Type": "Aggregate", "Strategy": "Plain", "Startup Cost": 1001032279502.61, "Total Cost": 1001032279502.62, "Plan Rows": 1, "Plan Width": 16, "Plans": [{"Node Type": "Nested Loop", "Parent Relationship": "Outer", "Join Type": "Inner", "Startup Cost": 10000000004.74, "Total Cost": 1001032279500.6, "Plan Rows": 806, "Plan Width": 8, "Inner Unique": true, "Join Filter": "(public.lineitem.l_partkey = public.part.p_partkey)", "Plans": [{"Node Type": "Nested Loop", "Parent Relationship": "Outer", "Join Type": "Inner", "Startup Cost": 10000000004.48, "Total Cost": 1001032192561.0, "Plan Rows": 20274, "Plan Width": 24, "Inner Unique": false, "Plans": [{"Node Type": "Aggregate", "Strategy": "Sorted", "Parent Relationship": "Outer", "Startup Cost": 10000000000.26, "Total Cost": 1001031880124.59, "Plan Rows": 11032, "Plan Width": 80, "Group By Key": ["public.lineitem.l_partkey"], "Plans": [{"Node Type": "Nested Loop", "Parent Relationship": "Outer", "Join Type": "Semi", "Startup Cost": 10000000000.26, "Total Cost": 1001031879848.79, "Plan Rows": 11032, "Plan Width": 16, "Inner Unique": false, "Plans": [{"Node Type": "Index Scan", "Parent Relationship": "Outer", "Scan Direction": "Forward", "Index Name": "idx_lineitem_part_supp", "Relation Name": "lineitem", "Alias": "lineitem", "Startup Cost": 10000000000.0, "Total Cost": 1000775391319.64, "Plan Rows": 59987033, "Plan Width": 16}, {"Node Type": "Bitmap Heap Scan", "Parent Relationship": "Inner", "Relation Name": "part", "Alias": "part", "Startup Cost": 0.26, "Total Cost": 4.28, "Plan Rows": 1, "Plan Width": 8, "Recheck Cond": "(p_partkey = public.lineitem.l_partkey)", "Filter": "((p_brand = 'Brand#44'::bpchar) AND (p_container = 'WRAP PKG'::bpchar))", "Plans": [{"Node Type": "Bitmap Index Scan", "Parent Relationship": "Outer", "Index Name": "part_kpey", "Startup Cost": 0.0, "Total Cost": 0.26, "Plan Rows": 1, "Plan Width": 0, "Index Cond": "(p_partkey = public.lineitem.l_partkey)"}]}]}]}, {"Node Type": "Bitmap Heap Scan", "Parent Relationship": "Inner", "Relation Name": "lineitem", "Alias": "lineitem", "Startup Cost": 4.22, "Total Cost": 28.29, "Plan Rows": 2, "Plan Width": 24, "Recheck Cond": "(l_partkey = public.lineitem.l_partkey)", "Filter": "(l_quantity < (.2::double precision * (avg(public.lineitem.l_quantity))))", "Plans": [{"Node Type": "Bitmap Index Scan", "Parent Relationship": "Outer", "Index Name": "idx_lineitem_part_supp", "Startup Cost": 0.0, "Total Cost": 4.22, "Plan Rows": 6, "Plan Width": 0, "Index Cond": "(l_partkey = public.lineitem.l_partkey)"}]}]}, {"Node Type": "Bitmap Heap Scan", "Parent Relationship": "Inner", "Relation Name": "part", "Alias": "part", "Startup Cost": 0.26, "Total Cost": 4.28, "Plan Rows": 1, "Plan Width": 8, "Recheck Cond": "(p_partkey = public.lineitem.l_partkey)", "Filter": "((p_brand = 'Brand#44'::bpchar) AND (p_container = 'WRAP PKG'::bpchar))", "Plans": [{"Node Type": "Bitmap Index Scan", "Parent Relationship": "Outer", "Index Name": "part_kpey", "Startup Cost": 0.0, "Total Cost": 0.26, "Plan Rows": 1, "Plan Width": 0, "Index Cond": "(p_partkey = public.lineitem.l_partkey)"}]}]}]}, "Unique SQL Id": 1080450481}, "explain_analyze_plan": null}, "(16, 4)": {"explain_plan": {"Plan": {"Node Type": "Aggregate", "Strategy": "Plain", "Startup Cost": 208324.62, "Total Cost": 208324.63, "Plan Rows": 1, "Plan Width": 16, "Plans": [{"Node Type": "Nested Loop", "Parent Relationship": "Outer", "Join Type": "Inner", "Startup Cost": 128691.05, "Total Cost": 208322.6, "Plan Rows": 806, "Plan Width": 8, "Inner Unique": false, "Plans": [{"Node Type": "Nested Loop", "Parent Relationship": "Outer", "Join Type": "Inner", "Startup Cost": 128691.05, "Total Cost": 196146.55, "Plan Rows": 438, "Plan Width": 24, "Inner Unique": true, "Plans": [{"Node Type": "Aggregate", "Strategy": "Hashed", "Parent Relationship": "Outer", "Startup Cost": 128691.05, "Total Cost": 128884.11, "Plan Rows": 11032, "Plan Width": 16, "Group By Key": ["public.lineitem.l_partkey"], "Plans": [{"Node Type": "Nested Loop", "Parent Relationship": "Outer", "Join Type": "Inner", "Startup Cost": 0.0, "Total Cost": 128608.31, "Plan Rows": 11032, "Plan Width": 16, "Inner Unique": false, "Plans": [{"Node Type": "Seq Scan", "Parent Relationship": "Outer", "Relation Name": "part", "Alias": "part", "Startup Cost": 0.0, "Total Cost": 71944.0, "Plan Rows": 2001, "Plan Width": 8, "Filter": "((p_brand = 'Brand#44'::bpchar) AND (p_container = 'WRAP PKG'::bpchar))"}, {"Node Type": "Index Scan", "Parent Relationship": "Inner", "Scan Direction": "Forward", "Index Name": "idx_lineitem_part_supp", "Relation Name": "lineitem", "Alias": "lineitem", "Startup Cost": 0.0, "Total Cost": 28.26, "Plan Rows": 6, "Plan Width": 16, "Index Cond": "(l_partkey = public.part.p_partkey)"}]}]}, {"Node Type": "Index Scan", "Parent Relationship": "Inner", "Scan Direction": "Forward", "Index Name": "part_kpey", "Relation Name": "part", "Alias": "part", "Startup Cost": 0.0, "Total Cost": 6.08, "Plan Rows": 1, "Plan Width": 8, "Index Cond": "(p_partkey = public.lineitem.l_partkey)", "Filter": "((p_brand = 'Brand#44'::bpchar) AND (p_container = 'WRAP PKG'::bpchar))"}]}, {"Node Type": "Index Scan", "Parent Relationship": "Inner", "Scan Direction": "Forward", "Index Name": "idx_lineitem_part_supp", "Relation Name": "lineitem", "Alias": "lineitem", "Startup Cost": 0.0, "Total Cost": 27.78, "Plan Rows": 2, "Plan Width": 24, "Index Cond": "(l_partkey = public.lineitem.l_partkey)", "Filter": "(l_quantity < (.2::double precision * (avg(public.lineitem.l_quantity))))"}]}]}, "Unique SQL Id": 1080450481}, "explain_analyze_plan": {"Plan": {"Node Type": "Aggregate", "Strategy": "Plain", "Startup Cost": 208324.62, "Total Cost": 208324.63, "Plan Rows": 1, "Plan Width": 16, "Actual Startup Time": 1198.059, "Actual Total Time": 1198.06, "Actual Rows": 1, "Actual Loops": 1, "Plans": [{"Node Type": "Nested Loop", "Parent Relationship": "Outer", "Join Type": "Inner", "Startup Cost": 128691.05, "Total Cost": 208322.6, "Plan Rows": 806, "Plan Width": 8, "Actual Startup Time": 1016.325, "Actual Total Time": 1197.018, "Actual Rows": 5403, "Actual Loops": 1, "Inner Unique": false, "Plans": [{"Node Type": "Nested Loop", "Parent Relationship": "Outer", "Join Type": "Inner", "Startup Cost": 128691.05, "Total Cost": 196146.55, "Plan Rows": 438, "Plan Width": 24, "Actual Startup Time": 1016.297, "Actual Total Time": 1034.231, "Actual Rows": 2003, "Actual Loops": 1, "Inner Unique": true, "Plans": [{"Node Type": "Aggregate", "Strategy": "Hashed", "Parent Relationship": "Outer", "Startup Cost": 128691.05, "Total Cost": 128884.11, "Plan Rows": 11032, "Plan Width": 16, "Actual Startup Time": 1016.266, "Actual Total Time": 1017.905, "Actual Rows": 2003, "Actual Loops": 1, "Group By Key": ["public.lineitem.l_partkey"], "Plans": [{"Node Type": "Nested Loop", "Parent Relationship": "Outer", "Join Type": "Inner", "Startup Cost": 0.0, "Total Cost": 128608.31, "Plan Rows": 11032, "Plan Width": 16, "Actual Startup Time": 0.361, "Actual Total Time": 975.259, "Actual Rows": 60021, "Actual Loops": 1, "Inner Unique": false, "Plans": [{"Node Type": "Seq Scan", "Parent Relationship": "Outer", "Relation Name": "part", "Alias": "part", "Startup Cost": 0.0, "Total Cost": 71944.0, "Plan Rows": 2001, "Plan Width": 8, "Actual Startup Time": 0.34, "Actual Total Time": 786.254, "Actual Rows": 2003, "Actual Loops": 1, "Filter": "((p_brand = 'Brand#44'::bpchar) AND (p_container = 'WRAP PKG'::bpchar))", "Rows Removed by Filter": 1997997}, {"Node Type": "Index Scan", "Parent Relationship": "Inner", "Scan Direction": "Forward", "Index Name": "idx_lineitem_part_supp", "Relation Name": "lineitem", "Alias": "lineitem", "Startup Cost": 0.0, "Total Cost": 28.26, "Plan Rows": 6, "Plan Width": 16, "Actual Startup Time": 25.976, "Actual Total Time": 174.503, "Actual Rows": 60021, "Actual Loops": 2003, "Index Cond": "(l_partkey = public.part.p_partkey)", "Rows Removed by Index Recheck": 0}]}]}, {"Node Type": "Index Scan", "Parent Relationship": "Inner", "Scan Direction": "Forward", "Index Name": "part_kpey", "Relation Name": "part", "Alias": "part", "Startup Cost": 0.0, "Total Cost": 6.08, "Plan Rows": 1, "Plan Width": 8, "Actual Startup Time": 14.697, "Actual Total Time": 14.697, "Actual Rows": 2003, "Actual Loops": 2003, "Index Cond": "(p_partkey = public.lineitem.l_partkey)", "Rows Removed by Index Recheck": 0, "Filter": "((p_brand = 'Brand#44'::bpchar) AND (p_container = 'WRAP PKG'::bpchar))", "Rows Removed by Filter": 0}]}, {"Node Type": "Index Scan", "Parent Relationship": "Inner", "Scan Direction": "Forward", "Index Name": "idx_lineitem_part_supp", "Relation Name": "lineitem", "Alias": "lineitem", "Startup Cost": 0.0, "Total Cost": 27.78, "Plan Rows": 2, "Plan Width": 24, "Actual Startup Time": 65.051, "Actual Total Time": 160.425, "Actual Rows": 5403, "Actual Loops": 2003, "Index Cond": "(l_partkey = public.lineitem.l_partkey)", "Rows Removed by Index Recheck": 0, "Filter": "(l_quantity < (.2::double precision * (avg(public.lineitem.l_quantity))))", "Rows Removed by Filter": 54618}]}]}, "Triggers": [], "Planner Runtime": 1.534, "Total Runtime": 1198.321, "Unique SQL Id": 1080450481}}, "(16, 5)": {"explain_plan": {"Plan": {"Node Type": "Aggregate", "Strategy": "Plain", "Startup Cost": 247183.87, "Total Cost": 247183.88, "Plan Rows": 1, "Plan Width": 16, "Plans": [{"Node Type": "Nested Loop", "Parent Relationship": "Outer", "Join Type": "Inner", "Startup Cost": 0.0, "Total Cost": 247181.85, "Plan Rows": 806, "Plan Width": 8, "Inner Unique": false, "Plans": [{"Node Type": "Nested Loop", "Parent Relationship": "Outer", "Join Type": "Inner", "Startup Cost": 0.0, "Total Cost": 235005.8, "Plan Rows": 438, "Plan Width": 24, "Inner Unique": true, "Plans": [{"Node Type": "Aggregate", "Strategy": "Sorted", "Parent Relationship": "Outer", "Startup Cost": 0.0, "Total Cost": 167743.36, "Plan Rows": 11032, "Plan Width": 80, "Group By Key": ["public.lineitem.l_partkey"], "Plans": [{"Node Type": "Nested Loop", "Parent Relationship": "Outer", "Join Type": "Inner", "Startup Cost": 0.0, "Total Cost": 167467.56, "Plan Rows": 11032, "Plan Width": 16, "Inner Unique": false, "Plans": [{"Node Type": "Index Scan", "Parent Relationship": "Outer", "Scan Direction": "Forward", "Index Name": "part_kpey", "Relation Name": "part", "Alias": "part", "Startup Cost": 0.0, "Total Cost": 110803.25, "Plan Rows": 2001, "Plan Width": 8, "Filter": "((p_brand = 'Brand#44'::bpchar) AND (p_container = 'WRAP PKG'::bpchar))"}, {"Node Type": "Index Scan", "Parent Relationship": "Inner", "Scan Direction": "Forward", "Index Name": "idx_lineitem_part_supp", "Relation Name": "lineitem", "Alias": "lineitem", "Startup Cost": 0.0, "Total Cost": 28.26, "Plan Rows": 6, "Plan Width": 16, "Index Cond": "(l_partkey = public.part.p_partkey)"}]}]}, {"Node Type": "Index Scan", "Parent Relationship": "Inner", "Scan Direction": "Forward", "Index Name": "part_kpey", "Relation Name": "part", "Alias": "part", "Startup Cost": 0.0, "Total Cost": 6.08, "Plan Rows": 1, "Plan Width": 8, "Index Cond": "(p_partkey = public.lineitem.l_partkey)", "Filter": "((p_brand = 'Brand#44'::bpchar) AND (p_container = 'WRAP PKG'::bpchar))"}]}, {"Node Type": "Index Scan", "Parent Relationship": "Inner", "Scan Direction": "Forward", "Index Name": "idx_lineitem_part_supp", "Relation Name": "lineitem", "Alias": "lineitem", "Startup Cost": 0.0, "Total Cost": 27.78, "Plan Rows": 2, "Plan Width": 24, "Index Cond": "(l_partkey = public.lineitem.l_partkey)", "Filter": "(l_quantity < (.2::double precision * (avg(public.lineitem.l_quantity))))"}]}]}, "Unique SQL Id": 1080450481}, "explain_analyze_plan": {"Plan": {"Node Type": "Aggregate", "Strategy": "Plain", "Startup Cost": 247183.87, "Total Cost": 247183.88, "Plan Rows": 1, "Plan Width": 16, "Actual Startup Time": 1672.251, "Actual Total Time": 1672.251, "Actual Rows": 1, "Actual Loops": 1, "Plans": [{"Node Type": "Nested Loop", "Parent Relationship": "Outer", "Join Type": "Inner", "Startup Cost": 0.0, "Total Cost": 247181.85, "Plan Rows": 806, "Plan Width": 8, "Actual Startup Time": 1.789, "Actual Total Time": 1671.055, "Actual Rows": 5403, "Actual Loops": 1, "Inner Unique": false, "Plans": [{"Node Type": "Nested Loop", "Parent Relationship": "Outer", "Join Type": "Inner", "Startup Cost": 0.0, "Total Cost": 235005.8, "Plan Rows": 438, "Plan Width": 24, "Actual Startup Time": 1.749, "Actual Total Time": 1591.323, "Actual Rows": 2003, "Actual Loops": 1, "Inner Unique": true, "Plans": [{"Node Type": "Aggregate", "Strategy": "Sorted", "Parent Relationship": "Outer", "Startup Cost": 0.0, "Total Cost": 167743.36, "Plan Rows": 11032, "Plan Width": 80, "Actual Startup Time": 1.737, "Actual Total Time": 1579.292, "Actual Rows": 2003, "Actual Loops": 1, "Group By Key": ["public.lineitem.l_partkey"], "Plans": [{"Node Type": "Nested Loop", "Parent Relationship": "Outer", "Join Type": "Inner", "Startup Cost": 0.0, "Total Cost": 167467.56, "Plan Rows": 11032, "Plan Width": 16, "Actual Startup Time": 0.583, "Actual Total Time": 1545.893, "Actual Rows": 60021, "Actual Loops": 1, "Inner Unique": false, "Plans": [{"Node Type": "Index Scan", "Parent Relationship": "Outer", "Scan Direction": "Forward", "Index Name": "part_kpey", "Relation Name": "part", "Alias": "part", "Startup Cost": 0.0, "Total Cost": 110803.25, "Plan Rows": 2001, "Plan Width": 8, "Actual Startup Time": 0.567, "Actual Total Time": 1351.997, "Actual Rows": 2003, "Actual Loops": 1, "Filter": "((p_brand = 'Brand#44'::bpchar) AND (p_container = 'WRAP PKG'::bpchar))", "Rows Removed by Filter": 1997997}, {"Node Type": "Index Scan", "Parent Relationship": "Inner", "Scan Direction": "Forward", "Index Name": "idx_lineitem_part_supp", "Relation Name": "lineitem", "Alias": "lineitem", "Startup Cost": 0.0, "Total Cost": 28.26, "Plan Rows": 6, "Plan Width": 16, "Actual Startup Time": 26.124, "Actual Total Time": 178.211, "Actual Rows": 60021, "Actual Loops": 2003, "Index Cond": "(l_partkey = public.part.p_partkey)", "Rows Removed by Index Recheck": 0}]}]}, {"Node Type": "Index Scan", "Parent Relationship": "Inner", "Scan Direction": "Forward", "Index Name": "part_kpey", "Relation Name": "part", "Alias": "part", "Startup Cost": 0.0, "Total Cost": 6.08, "Plan Rows": 1, "Plan Width": 8, "Actual Startup Time": 9.363, "Actual Total Time": 9.363, "Actual Rows": 2003, "Actual Loops": 2003, "Index Cond": "(p_partkey = public.lineitem.l_partkey)", "Rows Removed by Index Recheck": 0, "Filter": "((p_brand = 'Brand#44'::bpchar) AND (p_container = 'WRAP PKG'::bpchar))", "Rows Removed by Filter": 0}]}, {"Node Type": "Index Scan", "Parent Relationship": "Inner", "Scan Direction": "Forward", "Index Name": "idx_lineitem_part_supp", "Relation Name": "lineitem", "Alias": "lineitem", "Startup Cost": 0.0, "Total Cost": 27.78, "Plan Rows": 2, "Plan Width": 24, "Actual Startup Time": 33.256, "Actual Total Time": 76.813, "Actual Rows": 5403, "Actual Loops": 2003, "Index Cond": "(l_partkey = public.lineitem.l_partkey)", "Rows Removed by Index Recheck": 0, "Filter": "(l_quantity < (.2::double precision * (avg(public.lineitem.l_quantity))))", "Rows Removed by Filter": 54618}]}]}, "Triggers": [], "Planner Runtime": 1.448, "Total Runtime": 1672.5, "Unique SQL Id": 1080450481}}, "(16, 6)": {"explain_plan": {"Plan": {"Node Type": "Aggregate", "Strategy": "Plain", "Startup Cost": 213754.44, "Total Cost": 213754.45, "Plan Rows": 1, "Plan Width": 16, "Plans": [{"Node Type": "Nested Loop", "Parent Relationship": "Outer", "Join Type": "Inner", "Startup Cost": 129265.51, "Total Cost": 213752.42, "Plan Rows": 806, "Plan Width": 8, "Inner Unique": false, "Plans": [{"Node Type": "Hash Join", "Parent Relationship": "Outer", "Join Type": "Inner", "Startup Cost": 129261.29, "Total Cost": 201352.24, "Plan Rows": 438, "Plan Width": 24, "Inner Unique": true, "Hash Cond": "(public.part.p_partkey = subquery.\"?column?\")", "Plans": [{"Node Type": "Seq Scan", "Parent Relationship": "Outer", "Relation Name": "part", "Alias": "part", "Startup Cost": 0.0, "Total Cost": 71944.0, "Plan Rows": 2001, "Plan Width": 8, "Filter": "((p_brand = 'Brand#44'::bpchar) AND (p_container = 'WRAP PKG'::bpchar))"}, {"Node Type": "Hash", "Parent Relationship": "Inner", "Startup Cost": 129123.39, "Total Cost": 129123.39, "Plan Rows": 11032, "Plan Width": 16, "Plans": [{"Node Type": "Subquery Scan", "Parent Relationship": "Outer", "Alias": "subquery", "Startup Cost": 128820.01, "Total Cost": 129123.39, "Plan Rows": 11032, "Plan Width": 16, "Plans": [{"Node Type": "Aggregate", "Strategy": "Hashed", "Parent Relationship": "Subquery", "Startup Cost": 128820.01, "Total Cost": 129013.07, "Plan Rows": 11032, "Plan Width": 16, "Group By Key": ["public.lineitem.l_partkey"], "Plans": [{"Node Type": "Nested Loop", "Parent Relationship": "Outer", "Join Type": "Inner", "Startup Cost": 4.28, "Total Cost": 128737.27, "Plan Rows": 11032, "Plan Width": 16, "Inner Unique": false, "Plans": [{"Node Type": "Seq Scan", "Parent Relationship": "Outer", "Relation Name": "part", "Alias": "part", "Startup Cost": 0.0, "Total Cost": 71944.0, "Plan Rows": 2001, "Plan Width": 8, "Filter": "((p_brand = 'Brand#44'::bpchar) AND (p_container = 'WRAP PKG'::bpchar))"}, {"Node Type": "Bitmap Heap Scan", "Parent Relationship": "Inner", "Relation Name": "lineitem", "Alias": "lineitem", "Startup Cost": 4.28, "Total Cost": 28.32, "Plan Rows": 6, "Plan Width": 16, "Recheck Cond": "(l_partkey = public.part.p_partkey)", "Plans": [{"Node Type": "Bitmap Index Scan", "Parent Relationship": "Outer", "Index Name": "idx_lineitem_part_supp", "Startup Cost": 0.0, "Total Cost": 4.28, "Plan Rows": 6, "Plan Width": 0, "Index Cond": "(l_partkey = public.part.p_partkey)"}]}]}]}]}]}]}, {"Node Type": "Bitmap Heap Scan", "Parent Relationship": "Inner", "Relation Name": "lineitem", "Alias": "lineitem", "Startup Cost": 4.22, "Total Cost": 28.29, "Plan Rows": 2, "Plan Width": 24, "Recheck Cond": "(l_partkey = subquery.\"?column?\")", "Filter": "(l_quantity < (.2::double precision * subquery.\"?column?\"))", "Plans": [{"Node Type": "Bitmap Index Scan", "Parent Relationship": "Outer", "Index Name": "idx_lineitem_part_supp", "Startup Cost": 0.0, "Total Cost": 4.22, "Plan Rows": 6, "Plan Width": 0, "Index Cond": "(l_partkey = subquery.\"?column?\")"}]}]}]}, "Unique SQL Id": 1080450481}, "explain_analyze_plan": {"Plan": {"Node Type": "Aggregate", "Strategy": "Plain", "Startup Cost": 213754.44, "Total Cost": 213754.45, "Plan Rows": 1, "Plan Width": 16, "Actual Startup Time": 2042.565, "Actual Total Time": 2042.565, "Actual Rows": 1, "Actual Loops": 1, "Plans": [{"Node Type": "Nested Loop", "Parent Relationship": "Outer", "Join Type": "Inner", "Startup Cost": 129265.51, "Total Cost": 213752.42, "Plan Rows": 806, "Plan Width": 8, "Actual Startup Time": 1040.32, "Actual Total Time": 2041.174, "Actual Rows": 5403, "Actual Loops": 1, "Inner Unique": false, "Plans": [{"Node Type": "Hash Join", "Parent Relationship": "Outer", "Join Type": "Inner", "Startup Cost": 129261.29, "Total Cost": 201352.24, "Plan Rows": 438, "Plan Width": 24, "Actual Startup Time": 1040.253, "Actual Total Time": 1830.392, "Actual Rows": 2003, "Actual Loops": 1, "Inner Unique": true, "Hash Cond": "(public.part.p_partkey = subquery.\"?column?\")", "Plans": [{"Node Type": "Seq Scan", "Parent Relationship": "Outer", "Relation Name": "part", "Alias": "part", "Startup Cost": 0.0, "Total Cost": 71944.0, "Plan Rows": 2001, "Plan Width": 8, "Actual Startup Time": 0.349, "Actual Total Time": 788.001, "Actual Rows": 2003, "Actual Loops": 1, "Filter": "((p_brand = 'Brand#44'::bpchar) AND (p_container = 'WRAP PKG'::bpchar))", "Rows Removed by Filter": 1997997}, {"Node Type": "Hash", "Parent Relationship": "Inner", "Startup Cost": 129123.39, "Total Cost": 129123.39, "Plan Rows": 11032, "Plan Width": 16, "Actual Startup Time": 1039.791, "Actual Total Time": 1039.791, "Actual Rows": 2003, "Actual Loops": 1, "Hash Buckets": 32768, "Hash Batches": 1, "Original Hash Batches": 1, "Peak Memory Usage": 94, "Plans": [{"Node Type": "Subquery Scan", "Parent Relationship": "Outer", "Alias": "subquery", "Startup Cost": 128820.01, "Total Cost": 129123.39, "Plan Rows": 11032, "Plan Width": 16, "Actual Startup Time": 1037.639, "Actual Total Time": 1039.094, "Actual Rows": 2003, "Actual Loops": 1, "Plans": [{"Node Type": "Aggregate", "Strategy": "Hashed", "Parent Relationship": "Subquery", "Startup Cost": 128820.01, "Total Cost": 129013.07, "Plan Rows": 11032, "Plan Width": 16, "Actual Startup Time": 1037.636, "Actual Total Time": 1038.645, "Actual Rows": 2003, "Actual Loops": 1, "Group By Key": ["public.lineitem.l_partkey"], "Plans": [{"Node Type": "Nested Loop", "Parent Relationship": "Outer", "Join Type": "Inner", "Startup Cost": 4.28, "Total Cost": 128737.27, "Plan Rows": 11032, "Plan Width": 16, "Actual Startup Time": 0.43, "Actual Total Time": 997.069, "Actual Rows": 60021, "Actual Loops": 1, "Inner Unique": false, "Plans": [{"Node Type": "Seq Scan", "Parent Relationship": "Outer", "Relation Name": "part", "Alias": "part", "Startup Cost": 0.0, "Total Cost": 71944.0, "Plan Rows": 2001, "Plan Width": 8, "Actual Startup Time": 0.313, "Actual Total Time": 785.123, "Actual Rows": 2003, "Actual Loops": 1, "Filter": "((p_brand = 'Brand#44'::bpchar) AND (p_container = 'WRAP PKG'::bpchar))", "Rows Removed by Filter": 1997997}, {"Node Type": "Bitmap Heap Scan", "Parent Relationship": "Inner", "Relation Name": "lineitem", "Alias": "lineitem", "Startup Cost": 4.28, "Total Cost": 28.32, "Plan Rows": 6, "Plan Width": 16, "Actual Startup Time": 37.436, "Actual Total Time": 194.053, "Actual Rows": 60021, "Actual Loops": 2003, "Recheck Cond": "(l_partkey = public.part.p_partkey)", "Rows Removed by Index Recheck": 0, "Exact Heap Blocks": 60018, "Lossy Heap Blocks": 60018, "Plans": [{"Node Type": "Bitmap Index Scan", "Parent Relationship": "Outer", "Index Name": "idx_lineitem_part_supp", "Startup Cost": 0.0, "Total Cost": 4.28, "Plan Rows": 6, "Plan Width": 0, "Actual Startup Time": 23.891, "Actual Total Time": 23.891, "Actual Rows": 60021, "Actual Loops": 2003, "Index Cond": "(l_partkey = public.part.p_partkey)"}]}]}]}]}]}]}, {"Node Type": "Bitmap Heap Scan", "Parent Relationship": "Inner", "Relation Name": "lineitem", "Alias": "lineitem", "Startup Cost": 4.22, "Total Cost": 28.29, "Plan Rows": 2, "Plan Width": 24, "Actual Startup Time": 89.451, "Actual Total Time": 204.392, "Actual Rows": 5403, "Actual Loops": 2003, "Recheck Cond": "(l_partkey = subquery.\"?column?\")", "Rows Removed by Index Recheck": 0, "Filter": "(l_quantity < (.2::double precision * subquery.\"?column?\"))", "Rows Removed by Filter": 54618, "Exact Heap Blocks": 60018, "Lossy Heap Blocks": 60018, "Plans": [{"Node Type": "Bitmap Index Scan", "Parent Relationship": "Outer", "Index Name": "idx_lineitem_part_supp", "Startup Cost": 0.0, "Total Cost": 4.22, "Plan Rows": 6, "Plan Width": 0, "Actual Startup Time": 24.425, "Actual Total Time": 24.425, "Actual Rows": 60021, "Actual Loops": 2003, "Index Cond": "(l_partkey = subquery.\"?column?\")"}]}]}]}, "Triggers": [], "Planner Runtime": 1.494, "Total Runtime": 2042.862, "Unique SQL Id": 1080450481}}, "(16, 7)": {"explain_plan": {"Plan": {"Node Type": "Aggregate", "Strategy": "Plain", "Startup Cost": 1001032279502.61, "Total Cost": 1001032279502.62, "Plan Rows": 1, "Plan Width": 16, "Plans": [{"Node Type": "Nested Loop", "Parent Relationship": "Outer", "Join Type": "Inner", "Startup Cost": 10000000004.74, "Total Cost": 1001032279500.6, "Plan Rows": 806, "Plan Width": 8, "Inner Unique": true, "Join Filter": "(public.lineitem.l_partkey = public.part.p_partkey)", "Plans": [{"Node Type": "Nested Loop", "Parent Relationship": "Outer", "Join Type": "Inner", "Startup Cost": 10000000004.48, "Total Cost": 1001032192561.0, "Plan Rows": 20274, "Plan Width": 24, "Inner Unique": false, "Plans": [{"Node Type": "Aggregate", "Strategy": "Sorted", "Parent Relationship": "Outer", "Startup Cost": 10000000000.26, "Total Cost": 1001031880124.59, "Plan Rows": 11032, "Plan Width": 80, "Group By Key": ["public.lineitem.l_partkey"], "Plans": [{"Node Type": "Nested Loop", "Parent Relationship": "Outer", "Join Type": "Semi", "Startup Cost": 10000000000.26, "Total Cost": 1001031879848.79, "Plan Rows": 11032, "Plan Width": 16, "Inner Unique": false, "Plans": [{"Node Type": "Index Scan", "Parent Relationship": "Outer", "Scan Direction": "Forward", "Index Name": "idx_lineitem_part_supp", "Relation Name": "lineitem", "Alias": "lineitem", "Startup Cost": 10000000000.0, "Total Cost": 1000775391319.64, "Plan Rows": 59987033, "Plan Width": 16}, {"Node Type": "Bitmap Heap Scan", "Parent Relationship": "Inner", "Relation Name": "part", "Alias": "part", "Startup Cost": 0.26, "Total Cost": 4.28, "Plan Rows": 1, "Plan Width": 8, "Recheck Cond": "(p_partkey = public.lineitem.l_partkey)", "Filter": "((p_brand = 'Brand#44'::bpchar) AND (p_container = 'WRAP PKG'::bpchar))", "Plans": [{"Node Type": "Bitmap Index Scan", "Parent Relationship": "Outer", "Index Name": "part_kpey", "Startup Cost": 0.0, "Total Cost": 0.26, "Plan Rows": 1, "Plan Width": 0, "Index Cond": "(p_partkey = public.lineitem.l_partkey)"}]}]}]}, {"Node Type": "Bitmap Heap Scan", "Parent Relationship": "Inner", "Relation Name": "lineitem", "Alias": "lineitem", "Startup Cost": 4.22, "Total Cost": 28.29, "Plan Rows": 2, "Plan Width": 24, "Recheck Cond": "(l_partkey = public.lineitem.l_partkey)", "Filter": "(l_quantity < (.2::double precision * (avg(public.lineitem.l_quantity))))", "Plans": [{"Node Type": "Bitmap Index Scan", "Parent Relationship": "Outer", "Index Name": "idx_lineitem_part_supp", "Startup Cost": 0.0, "Total Cost": 4.22, "Plan Rows": 6, "Plan Width": 0, "Index Cond": "(l_partkey = public.lineitem.l_partkey)"}]}]}, {"Node Type": "Bitmap Heap Scan", "Parent Relationship": "Inner", "Relation Name": "part", "Alias": "part", "Startup Cost": 0.26, "Total Cost": 4.28, "Plan Rows": 1, "Plan Width": 8, "Recheck Cond": "(p_partkey = public.lineitem.l_partkey)", "Filter": "((p_brand = 'Brand#44'::bpchar) AND (p_container = 'WRAP PKG'::bpchar))", "Plans": [{"Node Type": "Bitmap Index Scan", "Parent Relationship": "Outer", "Index Name": "part_kpey", "Startup Cost": 0.0, "Total Cost": 0.26, "Plan Rows": 1, "Plan Width": 0, "Index Cond": "(p_partkey = public.lineitem.l_partkey)"}]}]}]}, "Unique SQL Id": 1080450481}, "explain_analyze_plan": null}, "(16, 8)": {"explain_plan": {"Plan": {"Node Type": "Aggregate", "Strategy": "Plain", "Startup Cost": 208324.62, "Total Cost": 208324.63, "Plan Rows": 1, "Plan Width": 16, "Plans": [{"Node Type": "Nested Loop", "Parent Relationship": "Outer", "Join Type": "Inner", "Startup Cost": 128691.05, "Total Cost": 208322.6, "Plan Rows": 806, "Plan Width": 8, "Inner Unique": false, "Plans": [{"Node Type": "Nested Loop", "Parent Relationship": "Outer", "Join Type": "Inner", "Startup Cost": 128691.05, "Total Cost": 196146.55, "Plan Rows": 438, "Plan Width": 24, "Inner Unique": true, "Plans": [{"Node Type": "Aggregate", "Strategy": "Hashed", "Parent Relationship": "Outer", "Startup Cost": 128691.05, "Total Cost": 128884.11, "Plan Rows": 11032, "Plan Width": 16, "Group By Key": ["public.lineitem.l_partkey"], "Plans": [{"Node Type": "Nested Loop", "Parent Relationship": "Outer", "Join Type": "Inner", "Startup Cost": 0.0, "Total Cost": 128608.31, "Plan Rows": 11032, "Plan Width": 16, "Inner Unique": false, "Plans": [{"Node Type": "Seq Scan", "Parent Relationship": "Outer", "Relation Name": "part", "Alias": "part", "Startup Cost": 0.0, "Total Cost": 71944.0, "Plan Rows": 2001, "Plan Width": 8, "Filter": "((p_brand = 'Brand#44'::bpchar) AND (p_container = 'WRAP PKG'::bpchar))"}, {"Node Type": "Index Scan", "Parent Relationship": "Inner", "Scan Direction": "Forward", "Index Name": "idx_lineitem_part_supp", "Relation Name": "lineitem", "Alias": "lineitem", "Startup Cost": 0.0, "Total Cost": 28.26, "Plan Rows": 6, "Plan Width": 16, "Index Cond": "(l_partkey = public.part.p_partkey)"}]}]}, {"Node Type": "Index Scan", "Parent Relationship": "Inner", "Scan Direction": "Forward", "Index Name": "part_kpey", "Relation Name": "part", "Alias": "part", "Startup Cost": 0.0, "Total Cost": 6.08, "Plan Rows": 1, "Plan Width": 8, "Index Cond": "(p_partkey = public.lineitem.l_partkey)", "Filter": "((p_brand = 'Brand#44'::bpchar) AND (p_container = 'WRAP PKG'::bpchar))"}]}, {"Node Type": "Index Scan", "Parent Relationship": "Inner", "Scan Direction": "Forward", "Index Name": "idx_lineitem_part_supp", "Relation Name": "lineitem", "Alias": "lineitem", "Startup Cost": 0.0, "Total Cost": 27.78, "Plan Rows": 2, "Plan Width": 24, "Index Cond": "(l_partkey = public.lineitem.l_partkey)", "Filter": "(l_quantity < (.2::double precision * (avg(public.lineitem.l_quantity))))"}]}]}, "Unique SQL Id": 1080450481}, "explain_analyze_plan": {"Plan": {"Node Type": "Aggregate", "Strategy": "Plain", "Startup Cost": 208324.62, "Total Cost": 208324.63, "Plan Rows": 1, "Plan Width": 16, "Actual Startup Time": 1198.059, "Actual Total Time": 1198.06, "Actual Rows": 1, "Actual Loops": 1, "Plans": [{"Node Type": "Nested Loop", "Parent Relationship": "Outer", "Join Type": "Inner", "Startup Cost": 128691.05, "Total Cost": 208322.6, "Plan Rows": 806, "Plan Width": 8, "Actual Startup Time": 1016.325, "Actual Total Time": 1197.018, "Actual Rows": 5403, "Actual Loops": 1, "Inner Unique": false, "Plans": [{"Node Type": "Nested Loop", "Parent Relationship": "Outer", "Join Type": "Inner", "Startup Cost": 128691.05, "Total Cost": 196146.55, "Plan Rows": 438, "Plan Width": 24, "Actual Startup Time": 1016.297, "Actual Total Time": 1034.231, "Actual Rows": 2003, "Actual Loops": 1, "Inner Unique": true, "Plans": [{"Node Type": "Aggregate", "Strategy": "Hashed", "Parent Relationship": "Outer", "Startup Cost": 128691.05, "Total Cost": 128884.11, "Plan Rows": 11032, "Plan Width": 16, "Actual Startup Time": 1016.266, "Actual Total Time": 1017.905, "Actual Rows": 2003, "Actual Loops": 1, "Group By Key": ["public.lineitem.l_partkey"], "Plans": [{"Node Type": "Nested Loop", "Parent Relationship": "Outer", "Join Type": "Inner", "Startup Cost": 0.0, "Total Cost": 128608.31, "Plan Rows": 11032, "Plan Width": 16, "Actual Startup Time": 0.361, "Actual Total Time": 975.259, "Actual Rows": 60021, "Actual Loops": 1, "Inner Unique": false, "Plans": [{"Node Type": "Seq Scan", "Parent Relationship": "Outer", "Relation Name": "part", "Alias": "part", "Startup Cost": 0.0, "Total Cost": 71944.0, "Plan Rows": 2001, "Plan Width": 8, "Actual Startup Time": 0.34, "Actual Total Time": 786.254, "Actual Rows": 2003, "Actual Loops": 1, "Filter": "((p_brand = 'Brand#44'::bpchar) AND (p_container = 'WRAP PKG'::bpchar))", "Rows Removed by Filter": 1997997}, {"Node Type": "Index Scan", "Parent Relationship": "Inner", "Scan Direction": "Forward", "Index Name": "idx_lineitem_part_supp", "Relation Name": "lineitem", "Alias": "lineitem", "Startup Cost": 0.0, "Total Cost": 28.26, "Plan Rows": 6, "Plan Width": 16, "Actual Startup Time": 25.976, "Actual Total Time": 174.503, "Actual Rows": 60021, "Actual Loops": 2003, "Index Cond": "(l_partkey = public.part.p_partkey)", "Rows Removed by Index Recheck": 0}]}]}, {"Node Type": "Index Scan", "Parent Relationship": "Inner", "Scan Direction": "Forward", "Index Name": "part_kpey", "Relation Name": "part", "Alias": "part", "Startup Cost": 0.0, "Total Cost": 6.08, "Plan Rows": 1, "Plan Width": 8, "Actual Startup Time": 14.697, "Actual Total Time": 14.697, "Actual Rows": 2003, "Actual Loops": 2003, "Index Cond": "(p_partkey = public.lineitem.l_partkey)", "Rows Removed by Index Recheck": 0, "Filter": "((p_brand = 'Brand#44'::bpchar) AND (p_container = 'WRAP PKG'::bpchar))", "Rows Removed by Filter": 0}]}, {"Node Type": "Index Scan", "Parent Relationship": "Inner", "Scan Direction": "Forward", "Index Name": "idx_lineitem_part_supp", "Relation Name": "lineitem", "Alias": "lineitem", "Startup Cost": 0.0, "Total Cost": 27.78, "Plan Rows": 2, "Plan Width": 24, "Actual Startup Time": 65.051, "Actual Total Time": 160.425, "Actual Rows": 5403, "Actual Loops": 2003, "Index Cond": "(l_partkey = public.lineitem.l_partkey)", "Rows Removed by Index Recheck": 0, "Filter": "(l_quantity < (.2::double precision * (avg(public.lineitem.l_quantity))))", "Rows Removed by Filter": 54618}]}]}, "Triggers": [], "Planner Runtime": 1.534, "Total Runtime": 1198.321, "Unique SQL Id": 1080450481}}, "(16, 9)": {"explain_plan": {"Plan": {"Node Type": "Aggregate", "Strategy": "Plain", "Startup Cost": 247183.87, "Total Cost": 247183.88, "Plan Rows": 1, "Plan Width": 16, "Plans": [{"Node Type": "Nested Loop", "Parent Relationship": "Outer", "Join Type": "Inner", "Startup Cost": 0.0, "Total Cost": 247181.85, "Plan Rows": 806, "Plan Width": 8, "Inner Unique": false, "Plans": [{"Node Type": "Nested Loop", "Parent Relationship": "Outer", "Join Type": "Inner", "Startup Cost": 0.0, "Total Cost": 235005.8, "Plan Rows": 438, "Plan Width": 24, "Inner Unique": true, "Plans": [{"Node Type": "Aggregate", "Strategy": "Sorted", "Parent Relationship": "Outer", "Startup Cost": 0.0, "Total Cost": 167743.36, "Plan Rows": 11032, "Plan Width": 80, "Group By Key": ["public.lineitem.l_partkey"], "Plans": [{"Node Type": "Nested Loop", "Parent Relationship": "Outer", "Join Type": "Inner", "Startup Cost": 0.0, "Total Cost": 167467.56, "Plan Rows": 11032, "Plan Width": 16, "Inner Unique": false, "Plans": [{"Node Type": "Index Scan", "Parent Relationship": "Outer", "Scan Direction": "Forward", "Index Name": "part_kpey", "Relation Name": "part", "Alias": "part", "Startup Cost": 0.0, "Total Cost": 110803.25, "Plan Rows": 2001, "Plan Width": 8, "Filter": "((p_brand = 'Brand#44'::bpchar) AND (p_container = 'WRAP PKG'::bpchar))"}, {"Node Type": "Index Scan", "Parent Relationship": "Inner", "Scan Direction": "Forward", "Index Name": "idx_lineitem_part_supp", "Relation Name": "lineitem", "Alias": "lineitem", "Startup Cost": 0.0, "Total Cost": 28.26, "Plan Rows": 6, "Plan Width": 16, "Index Cond": "(l_partkey = public.part.p_partkey)"}]}]}, {"Node Type": "Index Scan", "Parent Relationship": "Inner", "Scan Direction": "Forward", "Index Name": "part_kpey", "Relation Name": "part", "Alias": "part", "Startup Cost": 0.0, "Total Cost": 6.08, "Plan Rows": 1, "Plan Width": 8, "Index Cond": "(p_partkey = public.lineitem.l_partkey)", "Filter": "((p_brand = 'Brand#44'::bpchar) AND (p_container = 'WRAP PKG'::bpchar))"}]}, {"Node Type": "Index Scan", "Parent Relationship": "Inner", "Scan Direction": "Forward", "Index Name": "idx_lineitem_part_supp", "Relation Name": "lineitem", "Alias": "lineitem", "Startup Cost": 0.0, "Total Cost": 27.78, "Plan Rows": 2, "Plan Width": 24, "Index Cond": "(l_partkey = public.lineitem.l_partkey)", "Filter": "(l_quantity < (.2::double precision * (avg(public.lineitem.l_quantity))))"}]}]}, "Unique SQL Id": 1080450481}, "explain_analyze_plan": {"Plan": {"Node Type": "Aggregate", "Strategy": "Plain", "Startup Cost": 247183.87, "Total Cost": 247183.88, "Plan Rows": 1, "Plan Width": 16, "Actual Startup Time": 1672.251, "Actual Total Time": 1672.251, "Actual Rows": 1, "Actual Loops": 1, "Plans": [{"Node Type": "Nested Loop", "Parent Relationship": "Outer", "Join Type": "Inner", "Startup Cost": 0.0, "Total Cost": 247181.85, "Plan Rows": 806, "Plan Width": 8, "Actual Startup Time": 1.789, "Actual Total Time": 1671.055, "Actual Rows": 5403, "Actual Loops": 1, "Inner Unique": false, "Plans": [{"Node Type": "Nested Loop", "Parent Relationship": "Outer", "Join Type": "Inner", "Startup Cost": 0.0, "Total Cost": 235005.8, "Plan Rows": 438, "Plan Width": 24, "Actual Startup Time": 1.749, "Actual Total Time": 1591.323, "Actual Rows": 2003, "Actual Loops": 1, "Inner Unique": true, "Plans": [{"Node Type": "Aggregate", "Strategy": "Sorted", "Parent Relationship": "Outer", "Startup Cost": 0.0, "Total Cost": 167743.36, "Plan Rows": 11032, "Plan Width": 80, "Actual Startup Time": 1.737, "Actual Total Time": 1579.292, "Actual Rows": 2003, "Actual Loops": 1, "Group By Key": ["public.lineitem.l_partkey"], "Plans": [{"Node Type": "Nested Loop", "Parent Relationship": "Outer", "Join Type": "Inner", "Startup Cost": 0.0, "Total Cost": 167467.56, "Plan Rows": 11032, "Plan Width": 16, "Actual Startup Time": 0.583, "Actual Total Time": 1545.893, "Actual Rows": 60021, "Actual Loops": 1, "Inner Unique": false, "Plans": [{"Node Type": "Index Scan", "Parent Relationship": "Outer", "Scan Direction": "Forward", "Index Name": "part_kpey", "Relation Name": "part", "Alias": "part", "Startup Cost": 0.0, "Total Cost": 110803.25, "Plan Rows": 2001, "Plan Width": 8, "Actual Startup Time": 0.567, "Actual Total Time": 1351.997, "Actual Rows": 2003, "Actual Loops": 1, "Filter": "((p_brand = 'Brand#44'::bpchar) AND (p_container = 'WRAP PKG'::bpchar))", "Rows Removed by Filter": 1997997}, {"Node Type": "Index Scan", "Parent Relationship": "Inner", "Scan Direction": "Forward", "Index Name": "idx_lineitem_part_supp", "Relation Name": "lineitem", "Alias": "lineitem", "Startup Cost": 0.0, "Total Cost": 28.26, "Plan Rows": 6, "Plan Width": 16, "Actual Startup Time": 26.124, "Actual Total Time": 178.211, "Actual Rows": 60021, "Actual Loops": 2003, "Index Cond": "(l_partkey = public.part.p_partkey)", "Rows Removed by Index Recheck": 0}]}]}, {"Node Type": "Index Scan", "Parent Relationship": "Inner", "Scan Direction": "Forward", "Index Name": "part_kpey", "Relation Name": "part", "Alias": "part", "Startup Cost": 0.0, "Total Cost": 6.08, "Plan Rows": 1, "Plan Width": 8, "Actual Startup Time": 9.363, "Actual Total Time": 9.363, "Actual Rows": 2003, "Actual Loops": 2003, "Index Cond": "(p_partkey = public.lineitem.l_partkey)", "Rows Removed by Index Recheck": 0, "Filter": "((p_brand = 'Brand#44'::bpchar) AND (p_container = 'WRAP PKG'::bpchar))", "Rows Removed by Filter": 0}]}, {"Node Type": "Index Scan", "Parent Relationship": "Inner", "Scan Direction": "Forward", "Index Name": "idx_lineitem_part_supp", "Relation Name": "lineitem", "Alias": "lineitem", "Startup Cost": 0.0, "Total Cost": 27.78, "Plan Rows": 2, "Plan Width": 24, "Actual Startup Time": 33.256, "Actual Total Time": 76.813, "Actual Rows": 5403, "Actual Loops": 2003, "Index Cond": "(l_partkey = public.lineitem.l_partkey)", "Rows Removed by Index Recheck": 0, "Filter": "(l_quantity < (.2::double precision * (avg(public.lineitem.l_quantity))))", "Rows Removed by Filter": 54618}]}]}, "Triggers": [], "Planner Runtime": 1.448, "Total Runtime": 1672.5, "Unique SQL Id": 1080450481}}, "(16, 10)": {"explain_plan": {"Plan": {"Node Type": "Aggregate", "Strategy": "Plain", "Startup Cost": 4549973.98, "Total Cost": 4549974.0, "Plan Rows": 1, "Plan Width": 16, "Plans": [{"Node Type": "Hash Join", "Parent Relationship": "Outer", "Join Type": "Inner", "Startup Cost": 2309655.28, "Total Cost": 4549971.97, "Plan Rows": 806, "Plan Width": 8, "Inner Unique": true, "Hash Cond": "(public.part.p_partkey = subquery.\"?column?\")", "Join Filter": "(public.lineitem.l_quantity < (.2::double precision * subquery.\"?column?\"))", "Plans": [{"Node Type": "Hash Join", "Parent Relationship": "Outer", "Join Type": "Inner", "Startup Cost": 71969.01, "Total Cost": 2312146.04, "Plan Rows": 11032, "Plan Width": 32, "Inner Unique": true, "Hash Cond": "(public.lineitem.l_partkey = public.part.p_partkey)", "Plans": [{"Node Type": "Seq Scan", "Parent Relationship": "Outer", "Relation Name": "lineitem", "Alias": "lineitem", "Startup Cost": 0.0, "Total Cost": 2015115.33, "Plan Rows": 59987033, "Plan Width": 24}, {"Node Type": "Hash", "Parent Relationship": "Inner", "Startup Cost": 71944.0, "Total Cost": 71944.0, "Plan Rows": 2001, "Plan Width": 8, "Plans": [{"Node Type": "Seq Scan", "Parent Relationship": "Outer", "Relation Name": "part", "Alias": "part", "Startup Cost": 0.0, "Total Cost": 71944.0, "Plan Rows": 2001, "Plan Width": 8, "Filter": "((p_brand = 'Brand#44'::bpchar) AND (p_container = 'WRAP PKG'::bpchar))"}]}]}, {"Node Type": "Hash", "Parent Relationship": "Inner", "Startup Cost": 2237548.37, "Total Cost": 2237548.37, "Plan Rows": 11032, "Plan Width": 16, "Plans": [{"Node Type": "Subquery Scan", "Parent Relationship": "Outer", "Alias": "subquery", "Startup Cost": 2237244.99, "Total Cost": 2237548.37, "Plan Rows": 11032, "Plan Width": 16, "Plans": [{"Node Type": "Aggregate", "Strategy": "Hashed", "Parent Relationship": "Subquery", "Startup Cost": 2237244.99, "Total Cost": 2237438.05, "Plan Rows": 11032, "Plan Width": 16, "Group By Key": ["public.lineitem.l_partkey"], "Plans": [{"Node Type": "Hash Join", "Parent Relationship": "Outer", "Join Type": "Inner", "Startup Cost": 71969.01, "Total Cost": 2237162.25, "Plan Rows": 11032, "Plan Width": 16, "Inner Unique": true, "Hash Cond": "(public.lineitem.l_partkey = public.part.p_partkey)", "Plans": [{"Node Type": "Seq Scan", "Parent Relationship": "Outer", "Relation Name": "lineitem", "Alias": "lineitem", "Startup Cost": 0.0, "Total Cost": 2015115.33, "Plan Rows": 59987033, "Plan Width": 16}, {"Node Type": "Hash", "Parent Relationship": "Inner", "Startup Cost": 71944.0, "Total Cost": 71944.0, "Plan Rows": 2001, "Plan Width": 8, "Plans": [{"Node Type": "Seq Scan", "Parent Relationship": "Outer", "Relation Name": "part", "Alias": "part", "Startup Cost": 0.0, "Total Cost": 71944.0, "Plan Rows": 2001, "Plan Width": 8, "Filter": "((p_brand = 'Brand#44'::bpchar) AND (p_container = 'WRAP PKG'::bpchar))"}]}]}]}]}]}]}]}, "Unique SQL Id": 1080450481}, "explain_analyze_plan": null}, "(16, 11)": {"explain_plan": {"Plan": {"Node Type": "Aggregate", "Strategy": "Plain", "Startup Cost": 4001573244062.54, "Total Cost": 4001573244062.55, "Plan Rows": 1, "Plan Width": 16, "Plans": [{"Node Type": "Merge Join", "Parent Relationship": "Outer", "Join Type": "Inner", "Startup Cost": 40000000000.0, "Total Cost": 4001573244060.52, "Plan Rows": 806, "Plan Width": 8, "Inner Unique": true, "Merge Cond": "(public.part.p_partkey = public.lineitem.l_partkey)", "Join Filter": "(public.lineitem.l_quantity < (.2::double precision * (avg(public.lineitem.l_quantity))))", "Plans": [{"Node Type": "Merge Join", "Parent Relationship": "Outer", "Join Type": "Inner", "Startup Cost": 20000000000.0, "Total Cost": 2000786621777.7, "Plan Rows": 11032, "Plan Width": 32, "Inner Unique": true, "Merge Cond": "(public.lineitem.l_partkey = public.part.p_partkey)", "Plans": [{"Node Type": "Index Scan", "Parent Relationship": "Outer", "Scan Direction": "Forward", "Index Name": "idx_lineitem_part_supp", "Relation Name": "lineitem", "Alias": "lineitem", "Startup Cost": 10000000000.0, "Total Cost": 1000775391319.64, "Plan Rows": 59987033, "Plan Width": 24}, {"Node Type": "Materialize", "Parent Relationship": "Inner", "Startup Cost": 10000000000.0, "Total Cost": 1000011080330.0, "Plan Rows": 2001, "Plan Width": 8, "Plans": [{"Node Type": "Index Scan", "Parent Relationship": "Outer", "Scan Direction": "Forward", "Index Name": "part_kpey", "Relation Name": "part", "Alias": "part", "Startup Cost": 10000000000.0, "Total Cost": 1000011080325.0, "Plan Rows": 2001, "Plan Width": 8, "Filter": "((p_brand = 'Brand#44'::bpchar) AND (p_container = 'WRAP PKG'::bpchar))"}]}]}, {"Node Type": "Materialize", "Parent Relationship": "Inner", "Startup Cost": 20000000000.0, "Total Cost": 2000786622191.4, "Plan Rows": 11032, "Plan Width": 16, "Plans": [{"Node Type": "Aggregate", "Strategy": "Sorted", "Parent Relationship": "Outer", "Startup Cost": 20000000000.0, "Total Cost": 2000786622053.5, "Plan Rows": 11032, "Plan Width": 80, "Group By Key": ["public.lineitem.l_partkey"], "Plans": [{"Node Type": "Merge Join", "Parent Relationship": "Outer", "Join Type": "Semi", "Startup Cost": 20000000000.0, "Total Cost": 2000786621777.7, "Plan Rows": 11032, "Plan Width": 16, "Inner Unique": false, "Merge Cond": "(public.lineitem.l_partkey = public.part.p_partkey)", "Plans": [{"Node Type": "Index Scan", "Parent Relationship": "Outer", "Scan Direction": "Forward", "Index Name": "idx_lineitem_part_supp", "Relation Name": "lineitem", "Alias": "lineitem", "Startup Cost": 10000000000.0, "Total Cost": 1000775391319.64, "Plan Rows": 59987033, "Plan Width": 16}, {"Node Type": "Materialize", "Parent Relationship": "Inner", "Startup Cost": 10000000000.0, "Total Cost": 1000011080330.0, "Plan Rows": 2001, "Plan Width": 8, "Plans": [{"Node Type": "Index Scan", "Parent Relationship": "Outer", "Scan Direction": "Forward", "Index Name": "part_kpey", "Relation Name": "part", "Alias": "part", "Startup Cost": 10000000000.0, "Total Cost": 1000011080325.0, "Plan Rows": 2001, "Plan Width": 8, "Filter": "((p_brand = 'Brand#44'::bpchar) AND (p_container = 'WRAP PKG'::bpchar))"}]}]}]}]}]}]}, "Unique SQL Id": 1080450481}, "explain_analyze_plan": null}, "(16, 12)": {"explain_plan": {"Plan": {"Node Type": "Aggregate", "Strategy": "Plain", "Startup Cost": 208324.62, "Total Cost": 208324.63, "Plan Rows": 1, "Plan Width": 16, "Plans": [{"Node Type": "Nested Loop", "Parent Relationship": "Outer", "Join Type": "Inner", "Startup Cost": 128691.05, "Total Cost": 208322.6, "Plan Rows": 806, "Plan Width": 8, "Inner Unique": false, "Plans": [{"Node Type": "Nested Loop", "Parent Relationship": "Outer", "Join Type": "Inner", "Startup Cost": 128691.05, "Total Cost": 196146.55, "Plan Rows": 438, "Plan Width": 24, "Inner Unique": true, "Plans": [{"Node Type": "Aggregate", "Strategy": "Hashed", "Parent Relationship": "Outer", "Startup Cost": 128691.05, "Total Cost": 128884.11, "Plan Rows": 11032, "Plan Width": 16, "Group By Key": ["public.lineitem.l_partkey"], "Plans": [{"Node Type": "Nested Loop", "Parent Relationship": "Outer", "Join Type": "Inner", "Startup Cost": 0.0, "Total Cost": 128608.31, "Plan Rows": 11032, "Plan Width": 16, "Inner Unique": false, "Plans": [{"Node Type": "Seq Scan", "Parent Relationship": "Outer", "Relation Name": "part", "Alias": "part", "Startup Cost": 0.0, "Total Cost": 71944.0, "Plan Rows": 2001, "Plan Width": 8, "Filter": "((p_brand = 'Brand#44'::bpchar) AND (p_container = 'WRAP PKG'::bpchar))"}, {"Node Type": "Index Scan", "Parent Relationship": "Inner", "Scan Direction": "Forward", "Index Name": "idx_lineitem_part_supp", "Relation Name": "lineitem", "Alias": "lineitem", "Startup Cost": 0.0, "Total Cost": 28.26, "Plan Rows": 6, "Plan Width": 16, "Index Cond": "(l_partkey = public.part.p_partkey)"}]}]}, {"Node Type": "Index Scan", "Parent Relationship": "Inner", "Scan Direction": "Forward", "Index Name": "part_kpey", "Relation Name": "part", "Alias": "part", "Startup Cost": 0.0, "Total Cost": 6.08, "Plan Rows": 1, "Plan Width": 8, "Index Cond": "(p_partkey = public.lineitem.l_partkey)", "Filter": "((p_brand = 'Brand#44'::bpchar) AND (p_container = 'WRAP PKG'::bpchar))"}]}, {"Node Type": "Index Scan", "Parent Relationship": "Inner", "Scan Direction": "Forward", "Index Name": "idx_lineitem_part_supp", "Relation Name": "lineitem", "Alias": "lineitem", "Startup Cost": 0.0, "Total Cost": 27.78, "Plan Rows": 2, "Plan Width": 24, "Index Cond": "(l_partkey = public.lineitem.l_partkey)", "Filter": "(l_quantity < (.2::double precision * (avg(public.lineitem.l_quantity))))"}]}]}, "Unique SQL Id": 1080450481}, "explain_analyze_plan": {"Plan": {"Node Type": "Aggregate", "Strategy": "Plain", "Startup Cost": 208324.62, "Total Cost": 208324.63, "Plan Rows": 1, "Plan Width": 16, "Actual Startup Time": 1198.059, "Actual Total Time": 1198.06, "Actual Rows": 1, "Actual Loops": 1, "Plans": [{"Node Type": "Nested Loop", "Parent Relationship": "Outer", "Join Type": "Inner", "Startup Cost": 128691.05, "Total Cost": 208322.6, "Plan Rows": 806, "Plan Width": 8, "Actual Startup Time": 1016.325, "Actual Total Time": 1197.018, "Actual Rows": 5403, "Actual Loops": 1, "Inner Unique": false, "Plans": [{"Node Type": "Nested Loop", "Parent Relationship": "Outer", "Join Type": "Inner", "Startup Cost": 128691.05, "Total Cost": 196146.55, "Plan Rows": 438, "Plan Width": 24, "Actual Startup Time": 1016.297, "Actual Total Time": 1034.231, "Actual Rows": 2003, "Actual Loops": 1, "Inner Unique": true, "Plans": [{"Node Type": "Aggregate", "Strategy": "Hashed", "Parent Relationship": "Outer", "Startup Cost": 128691.05, "Total Cost": 128884.11, "Plan Rows": 11032, "Plan Width": 16, "Actual Startup Time": 1016.266, "Actual Total Time": 1017.905, "Actual Rows": 2003, "Actual Loops": 1, "Group By Key": ["public.lineitem.l_partkey"], "Plans": [{"Node Type": "Nested Loop", "Parent Relationship": "Outer", "Join Type": "Inner", "Startup Cost": 0.0, "Total Cost": 128608.31, "Plan Rows": 11032, "Plan Width": 16, "Actual Startup Time": 0.361, "Actual Total Time": 975.259, "Actual Rows": 60021, "Actual Loops": 1, "Inner Unique": false, "Plans": [{"Node Type": "Seq Scan", "Parent Relationship": "Outer", "Relation Name": "part", "Alias": "part", "Startup Cost": 0.0, "Total Cost": 71944.0, "Plan Rows": 2001, "Plan Width": 8, "Actual Startup Time": 0.34, "Actual Total Time": 786.254, "Actual Rows": 2003, "Actual Loops": 1, "Filter": "((p_brand = 'Brand#44'::bpchar) AND (p_container = 'WRAP PKG'::bpchar))", "Rows Removed by Filter": 1997997}, {"Node Type": "Index Scan", "Parent Relationship": "Inner", "Scan Direction": "Forward", "Index Name": "idx_lineitem_part_supp", "Relation Name": "lineitem", "Alias": "lineitem", "Startup Cost": 0.0, "Total Cost": 28.26, "Plan Rows": 6, "Plan Width": 16, "Actual Startup Time": 25.976, "Actual Total Time": 174.503, "Actual Rows": 60021, "Actual Loops": 2003, "Index Cond": "(l_partkey = public.part.p_partkey)", "Rows Removed by Index Recheck": 0}]}]}, {"Node Type": "Index Scan", "Parent Relationship": "Inner", "Scan Direction": "Forward", "Index Name": "part_kpey", "Relation Name": "part", "Alias": "part", "Startup Cost": 0.0, "Total Cost": 6.08, "Plan Rows": 1, "Plan Width": 8, "Actual Startup Time": 14.697, "Actual Total Time": 14.697, "Actual Rows": 2003, "Actual Loops": 2003, "Index Cond": "(p_partkey = public.lineitem.l_partkey)", "Rows Removed by Index Recheck": 0, "Filter": "((p_brand = 'Brand#44'::bpchar) AND (p_container = 'WRAP PKG'::bpchar))", "Rows Removed by Filter": 0}]}, {"Node Type": "Index Scan", "Parent Relationship": "Inner", "Scan Direction": "Forward", "Index Name": "idx_lineitem_part_supp", "Relation Name": "lineitem", "Alias": "lineitem", "Startup Cost": 0.0, "Total Cost": 27.78, "Plan Rows": 2, "Plan Width": 24, "Actual Startup Time": 65.051, "Actual Total Time": 160.425, "Actual Rows": 5403, "Actual Loops": 2003, "Index Cond": "(l_partkey = public.lineitem.l_partkey)", "Rows Removed by Index Recheck": 0, "Filter": "(l_quantity < (.2::double precision * (avg(public.lineitem.l_quantity))))", "Rows Removed by Filter": 54618}]}]}, "Triggers": [], "Planner Runtime": 1.534, "Total Runtime": 1198.321, "Unique SQL Id": 1080450481}}, "(16, 13)": {"explain_plan": {"Plan": {"Node Type": "Aggregate", "Strategy": "Plain", "Startup Cost": 247183.87, "Total Cost": 247183.88, "Plan Rows": 1, "Plan Width": 16, "Plans": [{"Node Type": "Nested Loop", "Parent Relationship": "Outer", "Join Type": "Inner", "Startup Cost": 0.0, "Total Cost": 247181.85, "Plan Rows": 806, "Plan Width": 8, "Inner Unique": false, "Plans": [{"Node Type": "Nested Loop", "Parent Relationship": "Outer", "Join Type": "Inner", "Startup Cost": 0.0, "Total Cost": 235005.8, "Plan Rows": 438, "Plan Width": 24, "Inner Unique": true, "Plans": [{"Node Type": "Aggregate", "Strategy": "Sorted", "Parent Relationship": "Outer", "Startup Cost": 0.0, "Total Cost": 167743.36, "Plan Rows": 11032, "Plan Width": 80, "Group By Key": ["public.lineitem.l_partkey"], "Plans": [{"Node Type": "Nested Loop", "Parent Relationship": "Outer", "Join Type": "Inner", "Startup Cost": 0.0, "Total Cost": 167467.56, "Plan Rows": 11032, "Plan Width": 16, "Inner Unique": false, "Plans": [{"Node Type": "Index Scan", "Parent Relationship": "Outer", "Scan Direction": "Forward", "Index Name": "part_kpey", "Relation Name": "part", "Alias": "part", "Startup Cost": 0.0, "Total Cost": 110803.25, "Plan Rows": 2001, "Plan Width": 8, "Filter": "((p_brand = 'Brand#44'::bpchar) AND (p_container = 'WRAP PKG'::bpchar))"}, {"Node Type": "Index Scan", "Parent Relationship": "Inner", "Scan Direction": "Forward", "Index Name": "idx_lineitem_part_supp", "Relation Name": "lineitem", "Alias": "lineitem", "Startup Cost": 0.0, "Total Cost": 28.26, "Plan Rows": 6, "Plan Width": 16, "Index Cond": "(l_partkey = public.part.p_partkey)"}]}]}, {"Node Type": "Index Scan", "Parent Relationship": "Inner", "Scan Direction": "Forward", "Index Name": "part_kpey", "Relation Name": "part", "Alias": "part", "Startup Cost": 0.0, "Total Cost": 6.08, "Plan Rows": 1, "Plan Width": 8, "Index Cond": "(p_partkey = public.lineitem.l_partkey)", "Filter": "((p_brand = 'Brand#44'::bpchar) AND (p_container = 'WRAP PKG'::bpchar))"}]}, {"Node Type": "Index Scan", "Parent Relationship": "Inner", "Scan Direction": "Forward", "Index Name": "idx_lineitem_part_supp", "Relation Name": "lineitem", "Alias": "lineitem", "Startup Cost": 0.0, "Total Cost": 27.78, "Plan Rows": 2, "Plan Width": 24, "Index Cond": "(l_partkey = public.lineitem.l_partkey)", "Filter": "(l_quantity < (.2::double precision * (avg(public.lineitem.l_quantity))))"}]}]}, "Unique SQL Id": 1080450481}, "explain_analyze_plan": {"Plan": {"Node Type": "Aggregate", "Strategy": "Plain", "Startup Cost": 247183.87, "Total Cost": 247183.88, "Plan Rows": 1, "Plan Width": 16, "Actual Startup Time": 1672.251, "Actual Total Time": 1672.251, "Actual Rows": 1, "Actual Loops": 1, "Plans": [{"Node Type": "Nested Loop", "Parent Relationship": "Outer", "Join Type": "Inner", "Startup Cost": 0.0, "Total Cost": 247181.85, "Plan Rows": 806, "Plan Width": 8, "Actual Startup Time": 1.789, "Actual Total Time": 1671.055, "Actual Rows": 5403, "Actual Loops": 1, "Inner Unique": false, "Plans": [{"Node Type": "Nested Loop", "Parent Relationship": "Outer", "Join Type": "Inner", "Startup Cost": 0.0, "Total Cost": 235005.8, "Plan Rows": 438, "Plan Width": 24, "Actual Startup Time": 1.749, "Actual Total Time": 1591.323, "Actual Rows": 2003, "Actual Loops": 1, "Inner Unique": true, "Plans": [{"Node Type": "Aggregate", "Strategy": "Sorted", "Parent Relationship": "Outer", "Startup Cost": 0.0, "Total Cost": 167743.36, "Plan Rows": 11032, "Plan Width": 80, "Actual Startup Time": 1.737, "Actual Total Time": 1579.292, "Actual Rows": 2003, "Actual Loops": 1, "Group By Key": ["public.lineitem.l_partkey"], "Plans": [{"Node Type": "Nested Loop", "Parent Relationship": "Outer", "Join Type": "Inner", "Startup Cost": 0.0, "Total Cost": 167467.56, "Plan Rows": 11032, "Plan Width": 16, "Actual Startup Time": 0.583, "Actual Total Time": 1545.893, "Actual Rows": 60021, "Actual Loops": 1, "Inner Unique": false, "Plans": [{"Node Type": "Index Scan", "Parent Relationship": "Outer", "Scan Direction": "Forward", "Index Name": "part_kpey", "Relation Name": "part", "Alias": "part", "Startup Cost": 0.0, "Total Cost": 110803.25, "Plan Rows": 2001, "Plan Width": 8, "Actual Startup Time": 0.567, "Actual Total Time": 1351.997, "Actual Rows": 2003, "Actual Loops": 1, "Filter": "((p_brand = 'Brand#44'::bpchar) AND (p_container = 'WRAP PKG'::bpchar))", "Rows Removed by Filter": 1997997}, {"Node Type": "Index Scan", "Parent Relationship": "Inner", "Scan Direction": "Forward", "Index Name": "idx_lineitem_part_supp", "Relation Name": "lineitem", "Alias": "lineitem", "Startup Cost": 0.0, "Total Cost": 28.26, "Plan Rows": 6, "Plan Width": 16, "Actual Startup Time": 26.124, "Actual Total Time": 178.211, "Actual Rows": 60021, "Actual Loops": 2003, "Index Cond": "(l_partkey = public.part.p_partkey)", "Rows Removed by Index Recheck": 0}]}]}, {"Node Type": "Index Scan", "Parent Relationship": "Inner", "Scan Direction": "Forward", "Index Name": "part_kpey", "Relation Name": "part", "Alias": "part", "Startup Cost": 0.0, "Total Cost": 6.08, "Plan Rows": 1, "Plan Width": 8, "Actual Startup Time": 9.363, "Actual Total Time": 9.363, "Actual Rows": 2003, "Actual Loops": 2003, "Index Cond": "(p_partkey = public.lineitem.l_partkey)", "Rows Removed by Index Recheck": 0, "Filter": "((p_brand = 'Brand#44'::bpchar) AND (p_container = 'WRAP PKG'::bpchar))", "Rows Removed by Filter": 0}]}, {"Node Type": "Index Scan", "Parent Relationship": "Inner", "Scan Direction": "Forward", "Index Name": "idx_lineitem_part_supp", "Relation Name": "lineitem", "Alias": "lineitem", "Startup Cost": 0.0, "Total Cost": 27.78, "Plan Rows": 2, "Plan Width": 24, "Actual Startup Time": 33.256, "Actual Total Time": 76.813, "Actual Rows": 5403, "Actual Loops": 2003, "Index Cond": "(l_partkey = public.lineitem.l_partkey)", "Rows Removed by Index Recheck": 0, "Filter": "(l_quantity < (.2::double precision * (avg(public.lineitem.l_quantity))))", "Rows Removed by Filter": 54618}]}]}, "Triggers": [], "Planner Runtime": 1.448, "Total Runtime": 1672.5, "Unique SQL Id": 1080450481}}, "(16, 14)": {"explain_plan": {"Plan": {"Node Type": "Aggregate", "Strategy": "Plain", "Startup Cost": 4549973.98, "Total Cost": 4549974.0, "Plan Rows": 1, "Plan Width": 16, "Plans": [{"Node Type": "Hash Join", "Parent Relationship": "Outer", "Join Type": "Inner", "Startup Cost": 2309655.28, "Total Cost": 4549971.97, "Plan Rows": 806, "Plan Width": 8, "Inner Unique": true, "Hash Cond": "(public.part.p_partkey = subquery.\"?column?\")", "Join Filter": "(public.lineitem.l_quantity < (.2::double precision * subquery.\"?column?\"))", "Plans": [{"Node Type": "Hash Join", "Parent Relationship": "Outer", "Join Type": "Inner", "Startup Cost": 71969.01, "Total Cost": 2312146.04, "Plan Rows": 11032, "Plan Width": 32, "Inner Unique": true, "Hash Cond": "(public.lineitem.l_partkey = public.part.p_partkey)", "Plans": [{"Node Type": "Seq Scan", "Parent Relationship": "Outer", "Relation Name": "lineitem", "Alias": "lineitem", "Startup Cost": 0.0, "Total Cost": 2015115.33, "Plan Rows": 59987033, "Plan Width": 24}, {"Node Type": "Hash", "Parent Relationship": "Inner", "Startup Cost": 71944.0, "Total Cost": 71944.0, "Plan Rows": 2001, "Plan Width": 8, "Plans": [{"Node Type": "Seq Scan", "Parent Relationship": "Outer", "Relation Name": "part", "Alias": "part", "Startup Cost": 0.0, "Total Cost": 71944.0, "Plan Rows": 2001, "Plan Width": 8, "Filter": "((p_brand = 'Brand#44'::bpchar) AND (p_container = 'WRAP PKG'::bpchar))"}]}]}, {"Node Type": "Hash", "Parent Relationship": "Inner", "Startup Cost": 2237548.37, "Total Cost": 2237548.37, "Plan Rows": 11032, "Plan Width": 16, "Plans": [{"Node Type": "Subquery Scan", "Parent Relationship": "Outer", "Alias": "subquery", "Startup Cost": 2237244.99, "Total Cost": 2237548.37, "Plan Rows": 11032, "Plan Width": 16, "Plans": [{"Node Type": "Aggregate", "Strategy": "Hashed", "Parent Relationship": "Subquery", "Startup Cost": 2237244.99, "Total Cost": 2237438.05, "Plan Rows": 11032, "Plan Width": 16, "Group By Key": ["public.lineitem.l_partkey"], "Plans": [{"Node Type": "Hash Join", "Parent Relationship": "Outer", "Join Type": "Inner", "Startup Cost": 71969.01, "Total Cost": 2237162.25, "Plan Rows": 11032, "Plan Width": 16, "Inner Unique": true, "Hash Cond": "(public.lineitem.l_partkey = public.part.p_partkey)", "Plans": [{"Node Type": "Seq Scan", "Parent Relationship": "Outer", "Relation Name": "lineitem", "Alias": "lineitem", "Startup Cost": 0.0, "Total Cost": 2015115.33, "Plan Rows": 59987033, "Plan Width": 16}, {"Node Type": "Hash", "Parent Relationship": "Inner", "Startup Cost": 71944.0, "Total Cost": 71944.0, "Plan Rows": 2001, "Plan Width": 8, "Plans": [{"Node Type": "Seq Scan", "Parent Relationship": "Outer", "Relation Name": "part", "Alias": "part", "Startup Cost": 0.0, "Total Cost": 71944.0, "Plan Rows": 2001, "Plan Width": 8, "Filter": "((p_brand = 'Brand#44'::bpchar) AND (p_container = 'WRAP PKG'::bpchar))"}]}]}]}]}]}]}]}, "Unique SQL Id": 1080450481}, "explain_analyze_plan": null}, "(16, 15)": {"explain_plan": {"Plan": {"Node Type": "Aggregate", "Strategy": "Plain", "Startup Cost": 4001573244062.54, "Total Cost": 4001573244062.55, "Plan Rows": 1, "Plan Width": 16, "Plans": [{"Node Type": "Merge Join", "Parent Relationship": "Outer", "Join Type": "Inner", "Startup Cost": 40000000000.0, "Total Cost": 4001573244060.52, "Plan Rows": 806, "Plan Width": 8, "Inner Unique": true, "Merge Cond": "(public.part.p_partkey = public.lineitem.l_partkey)", "Join Filter": "(public.lineitem.l_quantity < (.2::double precision * (avg(public.lineitem.l_quantity))))", "Plans": [{"Node Type": "Merge Join", "Parent Relationship": "Outer", "Join Type": "Inner", "Startup Cost": 20000000000.0, "Total Cost": 2000786621777.7, "Plan Rows": 11032, "Plan Width": 32, "Inner Unique": true, "Merge Cond": "(public.lineitem.l_partkey = public.part.p_partkey)", "Plans": [{"Node Type": "Index Scan", "Parent Relationship": "Outer", "Scan Direction": "Forward", "Index Name": "idx_lineitem_part_supp", "Relation Name": "lineitem", "Alias": "lineitem", "Startup Cost": 10000000000.0, "Total Cost": 1000775391319.64, "Plan Rows": 59987033, "Plan Width": 24}, {"Node Type": "Materialize", "Parent Relationship": "Inner", "Startup Cost": 10000000000.0, "Total Cost": 1000011080330.0, "Plan Rows": 2001, "Plan Width": 8, "Plans": [{"Node Type": "Index Scan", "Parent Relationship": "Outer", "Scan Direction": "Forward", "Index Name": "part_kpey", "Relation Name": "part", "Alias": "part", "Startup Cost": 10000000000.0, "Total Cost": 1000011080325.0, "Plan Rows": 2001, "Plan Width": 8, "Filter": "((p_brand = 'Brand#44'::bpchar) AND (p_container = 'WRAP PKG'::bpchar))"}]}]}, {"Node Type": "Materialize", "Parent Relationship": "Inner", "Startup Cost": 20000000000.0, "Total Cost": 2000786622191.4, "Plan Rows": 11032, "Plan Width": 16, "Plans": [{"Node Type": "Aggregate", "Strategy": "Sorted", "Parent Relationship": "Outer", "Startup Cost": 20000000000.0, "Total Cost": 2000786622053.5, "Plan Rows": 11032, "Plan Width": 80, "Group By Key": ["public.lineitem.l_partkey"], "Plans": [{"Node Type": "Merge Join", "Parent Relationship": "Outer", "Join Type": "Semi", "Startup Cost": 20000000000.0, "Total Cost": 2000786621777.7, "Plan Rows": 11032, "Plan Width": 16, "Inner Unique": false, "Merge Cond": "(public.lineitem.l_partkey = public.part.p_partkey)", "Plans": [{"Node Type": "Index Scan", "Parent Relationship": "Outer", "Scan Direction": "Forward", "Index Name": "idx_lineitem_part_supp", "Relation Name": "lineitem", "Alias": "lineitem", "Startup Cost": 10000000000.0, "Total Cost": 1000775391319.64, "Plan Rows": 59987033, "Plan Width": 16}, {"Node Type": "Materialize", "Parent Relationship": "Inner", "Startup Cost": 10000000000.0, "Total Cost": 1000011080330.0, "Plan Rows": 2001, "Plan Width": 8, "Plans": [{"Node Type": "Index Scan", "Parent Relationship": "Outer", "Scan Direction": "Forward", "Index Name": "part_kpey", "Relation Name": "part", "Alias": "part", "Startup Cost": 10000000000.0, "Total Cost": 1000011080325.0, "Plan Rows": 2001, "Plan Width": 8, "Filter": "((p_brand = 'Brand#44'::bpchar) AND (p_container = 'WRAP PKG'::bpchar))"}]}]}]}]}]}]}, "Unique SQL Id": 1080450481}, "explain_analyze_plan": null}, "(16, 16)": {"explain_plan": {"Plan": {"Node Type": "Aggregate", "Strategy": "Plain", "Startup Cost": 208324.62, "Total Cost": 208324.63, "Plan Rows": 1, "Plan Width": 16, "Plans": [{"Node Type": "Nested Loop", "Parent Relationship": "Outer", "Join Type": "Inner", "Startup Cost": 128691.05, "Total Cost": 208322.6, "Plan Rows": 806, "Plan Width": 8, "Inner Unique": false, "Plans": [{"Node Type": "Nested Loop", "Parent Relationship": "Outer", "Join Type": "Inner", "Startup Cost": 128691.05, "Total Cost": 196146.55, "Plan Rows": 438, "Plan Width": 24, "Inner Unique": true, "Plans": [{"Node Type": "Aggregate", "Strategy": "Hashed", "Parent Relationship": "Outer", "Startup Cost": 128691.05, "Total Cost": 128884.11, "Plan Rows": 11032, "Plan Width": 16, "Group By Key": ["public.lineitem.l_partkey"], "Plans": [{"Node Type": "Nested Loop", "Parent Relationship": "Outer", "Join Type": "Inner", "Startup Cost": 0.0, "Total Cost": 128608.31, "Plan Rows": 11032, "Plan Width": 16, "Inner Unique": false, "Plans": [{"Node Type": "Seq Scan", "Parent Relationship": "Outer", "Relation Name": "part", "Alias": "part", "Startup Cost": 0.0, "Total Cost": 71944.0, "Plan Rows": 2001, "Plan Width": 8, "Filter": "((p_brand = 'Brand#44'::bpchar) AND (p_container = 'WRAP PKG'::bpchar))"}, {"Node Type": "Index Scan", "Parent Relationship": "Inner", "Scan Direction": "Forward", "Index Name": "idx_lineitem_part_supp", "Relation Name": "lineitem", "Alias": "lineitem", "Startup Cost": 0.0, "Total Cost": 28.26, "Plan Rows": 6, "Plan Width": 16, "Index Cond": "(l_partkey = public.part.p_partkey)"}]}]}, {"Node Type": "Index Scan", "Parent Relationship": "Inner", "Scan Direction": "Forward", "Index Name": "part_kpey", "Relation Name": "part", "Alias": "part", "Startup Cost": 0.0, "Total Cost": 6.08, "Plan Rows": 1, "Plan Width": 8, "Index Cond": "(p_partkey = public.lineitem.l_partkey)", "Filter": "((p_brand = 'Brand#44'::bpchar) AND (p_container = 'WRAP PKG'::bpchar))"}]}, {"Node Type": "Index Scan", "Parent Relationship": "Inner", "Scan Direction": "Forward", "Index Name": "idx_lineitem_part_supp", "Relation Name": "lineitem", "Alias": "lineitem", "Startup Cost": 0.0, "Total Cost": 27.78, "Plan Rows": 2, "Plan Width": 24, "Index Cond": "(l_partkey = public.lineitem.l_partkey)", "Filter": "(l_quantity < (.2::double precision * (avg(public.lineitem.l_quantity))))"}]}]}, "Unique SQL Id": 1080450481}, "explain_analyze_plan": {"Plan": {"Node Type": "Aggregate", "Strategy": "Plain", "Startup Cost": 208324.62, "Total Cost": 208324.63, "Plan Rows": 1, "Plan Width": 16, "Actual Startup Time": 1198.059, "Actual Total Time": 1198.06, "Actual Rows": 1, "Actual Loops": 1, "Plans": [{"Node Type": "Nested Loop", "Parent Relationship": "Outer", "Join Type": "Inner", "Startup Cost": 128691.05, "Total Cost": 208322.6, "Plan Rows": 806, "Plan Width": 8, "Actual Startup Time": 1016.325, "Actual Total Time": 1197.018, "Actual Rows": 5403, "Actual Loops": 1, "Inner Unique": false, "Plans": [{"Node Type": "Nested Loop", "Parent Relationship": "Outer", "Join Type": "Inner", "Startup Cost": 128691.05, "Total Cost": 196146.55, "Plan Rows": 438, "Plan Width": 24, "Actual Startup Time": 1016.297, "Actual Total Time": 1034.231, "Actual Rows": 2003, "Actual Loops": 1, "Inner Unique": true, "Plans": [{"Node Type": "Aggregate", "Strategy": "Hashed", "Parent Relationship": "Outer", "Startup Cost": 128691.05, "Total Cost": 128884.11, "Plan Rows": 11032, "Plan Width": 16, "Actual Startup Time": 1016.266, "Actual Total Time": 1017.905, "Actual Rows": 2003, "Actual Loops": 1, "Group By Key": ["public.lineitem.l_partkey"], "Plans": [{"Node Type": "Nested Loop", "Parent Relationship": "Outer", "Join Type": "Inner", "Startup Cost": 0.0, "Total Cost": 128608.31, "Plan Rows": 11032, "Plan Width": 16, "Actual Startup Time": 0.361, "Actual Total Time": 975.259, "Actual Rows": 60021, "Actual Loops": 1, "Inner Unique": false, "Plans": [{"Node Type": "Seq Scan", "Parent Relationship": "Outer", "Relation Name": "part", "Alias": "part", "Startup Cost": 0.0, "Total Cost": 71944.0, "Plan Rows": 2001, "Plan Width": 8, "Actual Startup Time": 0.34, "Actual Total Time": 786.254, "Actual Rows": 2003, "Actual Loops": 1, "Filter": "((p_brand = 'Brand#44'::bpchar) AND (p_container = 'WRAP PKG'::bpchar))", "Rows Removed by Filter": 1997997}, {"Node Type": "Index Scan", "Parent Relationship": "Inner", "Scan Direction": "Forward", "Index Name": "idx_lineitem_part_supp", "Relation Name": "lineitem", "Alias": "lineitem", "Startup Cost": 0.0, "Total Cost": 28.26, "Plan Rows": 6, "Plan Width": 16, "Actual Startup Time": 25.976, "Actual Total Time": 174.503, "Actual Rows": 60021, "Actual Loops": 2003, "Index Cond": "(l_partkey = public.part.p_partkey)", "Rows Removed by Index Recheck": 0}]}]}, {"Node Type": "Index Scan", "Parent Relationship": "Inner", "Scan Direction": "Forward", "Index Name": "part_kpey", "Relation Name": "part", "Alias": "part", "Startup Cost": 0.0, "Total Cost": 6.08, "Plan Rows": 1, "Plan Width": 8, "Actual Startup Time": 14.697, "Actual Total Time": 14.697, "Actual Rows": 2003, "Actual Loops": 2003, "Index Cond": "(p_partkey = public.lineitem.l_partkey)", "Rows Removed by Index Recheck": 0, "Filter": "((p_brand = 'Brand#44'::bpchar) AND (p_container = 'WRAP PKG'::bpchar))", "Rows Removed by Filter": 0}]}, {"Node Type": "Index Scan", "Parent Relationship": "Inner", "Scan Direction": "Forward", "Index Name": "idx_lineitem_part_supp", "Relation Name": "lineitem", "Alias": "lineitem", "Startup Cost": 0.0, "Total Cost": 27.78, "Plan Rows": 2, "Plan Width": 24, "Actual Startup Time": 65.051, "Actual Total Time": 160.425, "Actual Rows": 5403, "Actual Loops": 2003, "Index Cond": "(l_partkey = public.lineitem.l_partkey)", "Rows Removed by Index Recheck": 0, "Filter": "(l_quantity < (.2::double precision * (avg(public.lineitem.l_quantity))))", "Rows Removed by Filter": 54618}]}]}, "Triggers": [], "Planner Runtime": 1.534, "Total Runtime": 1198.321, "Unique SQL Id": 1080450481}}, "(16, 17)": {"explain_plan": {"Plan": {"Node Type": "Aggregate", "Strategy": "Plain", "Startup Cost": 247183.87, "Total Cost": 247183.88, "Plan Rows": 1, "Plan Width": 16, "Plans": [{"Node Type": "Nested Loop", "Parent Relationship": "Outer", "Join Type": "Inner", "Startup Cost": 0.0, "Total Cost": 247181.85, "Plan Rows": 806, "Plan Width": 8, "Inner Unique": false, "Plans": [{"Node Type": "Nested Loop", "Parent Relationship": "Outer", "Join Type": "Inner", "Startup Cost": 0.0, "Total Cost": 235005.8, "Plan Rows": 438, "Plan Width": 24, "Inner Unique": true, "Plans": [{"Node Type": "Aggregate", "Strategy": "Sorted", "Parent Relationship": "Outer", "Startup Cost": 0.0, "Total Cost": 167743.36, "Plan Rows": 11032, "Plan Width": 80, "Group By Key": ["public.lineitem.l_partkey"], "Plans": [{"Node Type": "Nested Loop", "Parent Relationship": "Outer", "Join Type": "Inner", "Startup Cost": 0.0, "Total Cost": 167467.56, "Plan Rows": 11032, "Plan Width": 16, "Inner Unique": false, "Plans": [{"Node Type": "Index Scan", "Parent Relationship": "Outer", "Scan Direction": "Forward", "Index Name": "part_kpey", "Relation Name": "part", "Alias": "part", "Startup Cost": 0.0, "Total Cost": 110803.25, "Plan Rows": 2001, "Plan Width": 8, "Filter": "((p_brand = 'Brand#44'::bpchar) AND (p_container = 'WRAP PKG'::bpchar))"}, {"Node Type": "Index Scan", "Parent Relationship": "Inner", "Scan Direction": "Forward", "Index Name": "idx_lineitem_part_supp", "Relation Name": "lineitem", "Alias": "lineitem", "Startup Cost": 0.0, "Total Cost": 28.26, "Plan Rows": 6, "Plan Width": 16, "Index Cond": "(l_partkey = public.part.p_partkey)"}]}]}, {"Node Type": "Index Scan", "Parent Relationship": "Inner", "Scan Direction": "Forward", "Index Name": "part_kpey", "Relation Name": "part", "Alias": "part", "Startup Cost": 0.0, "Total Cost": 6.08, "Plan Rows": 1, "Plan Width": 8, "Index Cond": "(p_partkey = public.lineitem.l_partkey)", "Filter": "((p_brand = 'Brand#44'::bpchar) AND (p_container = 'WRAP PKG'::bpchar))"}]}, {"Node Type": "Index Scan", "Parent Relationship": "Inner", "Scan Direction": "Forward", "Index Name": "idx_lineitem_part_supp", "Relation Name": "lineitem", "Alias": "lineitem", "Startup Cost": 0.0, "Total Cost": 27.78, "Plan Rows": 2, "Plan Width": 24, "Index Cond": "(l_partkey = public.lineitem.l_partkey)", "Filter": "(l_quantity < (.2::double precision * (avg(public.lineitem.l_quantity))))"}]}]}, "Unique SQL Id": 1080450481}, "explain_analyze_plan": {"Plan": {"Node Type": "Aggregate", "Strategy": "Plain", "Startup Cost": 247183.87, "Total Cost": 247183.88, "Plan Rows": 1, "Plan Width": 16, "Actual Startup Time": 1672.251, "Actual Total Time": 1672.251, "Actual Rows": 1, "Actual Loops": 1, "Plans": [{"Node Type": "Nested Loop", "Parent Relationship": "Outer", "Join Type": "Inner", "Startup Cost": 0.0, "Total Cost": 247181.85, "Plan Rows": 806, "Plan Width": 8, "Actual Startup Time": 1.789, "Actual Total Time": 1671.055, "Actual Rows": 5403, "Actual Loops": 1, "Inner Unique": false, "Plans": [{"Node Type": "Nested Loop", "Parent Relationship": "Outer", "Join Type": "Inner", "Startup Cost": 0.0, "Total Cost": 235005.8, "Plan Rows": 438, "Plan Width": 24, "Actual Startup Time": 1.749, "Actual Total Time": 1591.323, "Actual Rows": 2003, "Actual Loops": 1, "Inner Unique": true, "Plans": [{"Node Type": "Aggregate", "Strategy": "Sorted", "Parent Relationship": "Outer", "Startup Cost": 0.0, "Total Cost": 167743.36, "Plan Rows": 11032, "Plan Width": 80, "Actual Startup Time": 1.737, "Actual Total Time": 1579.292, "Actual Rows": 2003, "Actual Loops": 1, "Group By Key": ["public.lineitem.l_partkey"], "Plans": [{"Node Type": "Nested Loop", "Parent Relationship": "Outer", "Join Type": "Inner", "Startup Cost": 0.0, "Total Cost": 167467.56, "Plan Rows": 11032, "Plan Width": 16, "Actual Startup Time": 0.583, "Actual Total Time": 1545.893, "Actual Rows": 60021, "Actual Loops": 1, "Inner Unique": false, "Plans": [{"Node Type": "Index Scan", "Parent Relationship": "Outer", "Scan Direction": "Forward", "Index Name": "part_kpey", "Relation Name": "part", "Alias": "part", "Startup Cost": 0.0, "Total Cost": 110803.25, "Plan Rows": 2001, "Plan Width": 8, "Actual Startup Time": 0.567, "Actual Total Time": 1351.997, "Actual Rows": 2003, "Actual Loops": 1, "Filter": "((p_brand = 'Brand#44'::bpchar) AND (p_container = 'WRAP PKG'::bpchar))", "Rows Removed by Filter": 1997997}, {"Node Type": "Index Scan", "Parent Relationship": "Inner", "Scan Direction": "Forward", "Index Name": "idx_lineitem_part_supp", "Relation Name": "lineitem", "Alias": "lineitem", "Startup Cost": 0.0, "Total Cost": 28.26, "Plan Rows": 6, "Plan Width": 16, "Actual Startup Time": 26.124, "Actual Total Time": 178.211, "Actual Rows": 60021, "Actual Loops": 2003, "Index Cond": "(l_partkey = public.part.p_partkey)", "Rows Removed by Index Recheck": 0}]}]}, {"Node Type": "Index Scan", "Parent Relationship": "Inner", "Scan Direction": "Forward", "Index Name": "part_kpey", "Relation Name": "part", "Alias": "part", "Startup Cost": 0.0, "Total Cost": 6.08, "Plan Rows": 1, "Plan Width": 8, "Actual Startup Time": 9.363, "Actual Total Time": 9.363, "Actual Rows": 2003, "Actual Loops": 2003, "Index Cond": "(p_partkey = public.lineitem.l_partkey)", "Rows Removed by Index Recheck": 0, "Filter": "((p_brand = 'Brand#44'::bpchar) AND (p_container = 'WRAP PKG'::bpchar))", "Rows Removed by Filter": 0}]}, {"Node Type": "Index Scan", "Parent Relationship": "Inner", "Scan Direction": "Forward", "Index Name": "idx_lineitem_part_supp", "Relation Name": "lineitem", "Alias": "lineitem", "Startup Cost": 0.0, "Total Cost": 27.78, "Plan Rows": 2, "Plan Width": 24, "Actual Startup Time": 33.256, "Actual Total Time": 76.813, "Actual Rows": 5403, "Actual Loops": 2003, "Index Cond": "(l_partkey = public.lineitem.l_partkey)", "Rows Removed by Index Recheck": 0, "Filter": "(l_quantity < (.2::double precision * (avg(public.lineitem.l_quantity))))", "Rows Removed by Filter": 54618}]}]}, "Triggers": [], "Planner Runtime": 1.448, "Total Runtime": 1672.5, "Unique SQL Id": 1080450481}}, "(16, 18)": {"explain_plan": {"Plan": {"Node Type": "Aggregate", "Strategy": "Plain", "Startup Cost": 213808.47, "Total Cost": 213808.48, "Plan Rows": 1, "Plan Width": 16, "Plans": [{"Node Type": "Nested Loop", "Parent Relationship": "Outer", "Join Type": "Inner", "Startup Cost": 128826.76, "Total Cost": 213806.45, "Plan Rows": 806, "Plan Width": 8, "Inner Unique": false, "Plans": [{"Node Type": "Nested Loop", "Parent Relationship": "Outer", "Join Type": "Inner", "Startup Cost": 128822.53, "Total Cost": 201406.27, "Plan Rows": 438, "Plan Width": 24, "Inner Unique": true, "Plans": [{"Node Type": "Aggregate", "Strategy": "Hashed", "Parent Relationship": "Outer", "Startup Cost": 128820.01, "Total Cost": 129013.07, "Plan Rows": 11032, "Plan Width": 16, "Group By Key": ["public.lineitem.l_partkey"], "Plans": [{"Node Type": "Nested Loop", "Parent Relationship": "Outer", "Join Type": "Inner", "Startup Cost": 4.28, "Total Cost": 128737.27, "Plan Rows": 11032, "Plan Width": 16, "Inner Unique": false, "Plans": [{"Node Type": "Seq Scan", "Parent Relationship": "Outer", "Relation Name": "part", "Alias": "part", "Startup Cost": 0.0, "Total Cost": 71944.0, "Plan Rows": 2001, "Plan Width": 8, "Filter": "((p_brand = 'Brand#44'::bpchar) AND (p_container = 'WRAP PKG'::bpchar))"}, {"Node Type": "Bitmap Heap Scan", "Parent Relationship": "Inner", "Relation Name": "lineitem", "Alias": "lineitem", "Startup Cost": 4.28, "Total Cost": 28.32, "Plan Rows": 6, "Plan Width": 16, "Recheck Cond": "(l_partkey = public.part.p_partkey)", "Plans": [{"Node Type": "Bitmap Index Scan", "Parent Relationship": "Outer", "Index Name": "idx_lineitem_part_supp", "Startup Cost": 0.0, "Total Cost": 4.28, "Plan Rows": 6, "Plan Width": 0, "Index Cond": "(l_partkey = public.part.p_partkey)"}]}]}]}, {"Node Type": "Bitmap Heap Scan", "Parent Relationship": "Inner", "Relation Name": "part", "Alias": "part", "Startup Cost": 2.52, "Total Cost": 6.54, "Plan Rows": 1, "Plan Width": 8, "Recheck Cond": "(p_partkey = public.lineitem.l_partkey)", "Filter": "((p_brand = 'Brand#44'::bpchar) AND (p_container = 'WRAP PKG'::bpchar))", "Plans": [{"Node Type": "Bitmap Index Scan", "Parent Relationship": "Outer", "Index Name": "part_kpey", "Startup Cost": 0.0, "Total Cost": 2.52, "Plan Rows": 1, "Plan Width": 0, "Index Cond": "(p_partkey = public.lineitem.l_partkey)"}]}]}, {"Node Type": "Bitmap Heap Scan", "Parent Relationship": "Inner", "Relation Name": "lineitem", "Alias": "lineitem", "Startup Cost": 4.22, "Total Cost": 28.29, "Plan Rows": 2, "Plan Width": 24, "Recheck Cond": "(l_partkey = public.lineitem.l_partkey)", "Filter": "(l_quantity < (.2::double precision * (avg(public.lineitem.l_quantity))))", "Plans": [{"Node Type": "Bitmap Index Scan", "Parent Relationship": "Outer", "Index Name": "idx_lineitem_part_supp", "Startup Cost": 0.0, "Total Cost": 4.22, "Plan Rows": 6, "Plan Width": 0, "Index Cond": "(l_partkey = public.lineitem.l_partkey)"}]}]}]}, "Unique SQL Id": 1080450481}, "explain_analyze_plan": {"Plan": {"Node Type": "Aggregate", "Strategy": "Plain", "Startup Cost": 213808.47, "Total Cost": 213808.48, "Plan Rows": 1, "Plan Width": 16, "Actual Startup Time": 1262.962, "Actual Total Time": 1262.962, "Actual Rows": 1, "Actual Loops": 1, "Plans": [{"Node Type": "Nested Loop", "Parent Relationship": "Outer", "Join Type": "Inner", "Startup Cost": 128826.76, "Total Cost": 213806.45, "Plan Rows": 806, "Plan Width": 8, "Actual Startup Time": 1039.016, "Actual Total Time": 1261.836, "Actual Rows": 5403, "Actual Loops": 1, "Inner Unique": false, "Plans": [{"Node Type": "Nested Loop", "Parent Relationship": "Outer", "Join Type": "Inner", "Startup Cost": 128822.53, "Total Cost": 201406.27, "Plan Rows": 438, "Plan Width": 24, "Actual Startup Time": 1038.965, "Actual Total Time": 1062.635, "Actual Rows": 2003, "Actual Loops": 1, "Inner Unique": true, "Plans": [{"Node Type": "Aggregate", "Strategy": "Hashed", "Parent Relationship": "Outer", "Startup Cost": 128820.01, "Total Cost": 129013.07, "Plan Rows": 11032, "Plan Width": 16, "Actual Startup Time": 1038.929, "Actual Total Time": 1040.942, "Actual Rows": 2003, "Actual Loops": 1, "Group By Key": ["public.lineitem.l_partkey"], "Plans": [{"Node Type": "Nested Loop", "Parent Relationship": "Outer", "Join Type": "Inner", "Startup Cost": 4.28, "Total Cost": 128737.27, "Plan Rows": 11032, "Plan Width": 16, "Actual Startup Time": 0.398, "Actual Total Time": 998.539, "Actual Rows": 60021, "Actual Loops": 1, "Inner Unique": false, "Plans": [{"Node Type": "Seq Scan", "Parent Relationship": "Outer", "Relation Name": "part", "Alias": "part", "Startup Cost": 0.0, "Total Cost": 71944.0, "Plan Rows": 2001, "Plan Width": 8, "Actual Startup Time": 0.351, "Actual Total Time": 787.689, "Actual Rows": 2003, "Actual Loops": 1, "Filter": "((p_brand = 'Brand#44'::bpchar) AND (p_container = 'WRAP PKG'::bpchar))", "Rows Removed by Filter": 1997997}, {"Node Type": "Bitmap Heap Scan", "Parent Relationship": "Inner", "Relation Name": "lineitem", "Alias": "lineitem", "Startup Cost": 4.28, "Total Cost": 28.32, "Plan Rows": 6, "Plan Width": 16, "Actual Startup Time": 36.894, "Actual Total Time": 192.967, "Actual Rows": 60021, "Actual Loops": 2003, "Recheck Cond": "(l_partkey = public.part.p_partkey)", "Rows Removed by Index Recheck": 0, "Exact Heap Blocks": 60018, "Lossy Heap Blocks": 60018, "Plans": [{"Node Type": "Bitmap Index Scan", "Parent Relationship": "Outer", "Index Name": "idx_lineitem_part_supp", "Startup Cost": 0.0, "Total Cost": 4.28, "Plan Rows": 6, "Plan Width": 0, "Actual Startup Time": 23.332, "Actual Total Time": 23.332, "Actual Rows": 60021, "Actual Loops": 2003, "Index Cond": "(l_partkey = public.part.p_partkey)"}]}]}]}, {"Node Type": "Bitmap Heap Scan", "Parent Relationship": "Inner", "Relation Name": "part", "Alias": "part", "Startup Cost": 2.52, "Total Cost": 6.54, "Plan Rows": 1, "Plan Width": 8, "Actual Startup Time": 18.355, "Actual Total Time": 18.355, "Actual Rows": 2003, "Actual Loops": 2003, "Recheck Cond": "(p_partkey = public.lineitem.l_partkey)", "Rows Removed by Index Recheck": 0, "Filter": "((p_brand = 'Brand#44'::bpchar) AND (p_container = 'WRAP PKG'::bpchar))", "Rows Removed by Filter": 0, "Exact Heap Blocks": 2003, "Lossy Heap Blocks": 2003, "Plans": [{"Node Type": "Bitmap Index Scan", "Parent Relationship": "Outer", "Index Name": "part_kpey", "Startup Cost": 0.0, "Total Cost": 2.52, "Plan Rows": 1, "Plan Width": 0, "Actual Startup Time": 10.958, "Actual Total Time": 10.958, "Actual Rows": 2003, "Actual Loops": 2003, "Index Cond": "(p_partkey = public.lineitem.l_partkey)"}]}]}, {"Node Type": "Bitmap Heap Scan", "Parent Relationship": "Inner", "Relation Name": "lineitem", "Alias": "lineitem", "Startup Cost": 4.22, "Total Cost": 28.29, "Plan Rows": 2, "Plan Width": 24, "Actual Startup Time": 85.758, "Actual Total Time": 195.222, "Actual Rows": 5403, "Actual Loops": 2003, "Recheck Cond": "(l_partkey = public.lineitem.l_partkey)", "Rows Removed by Index Recheck": 0, "Filter": "(l_quantity < (.2::double precision * (avg(public.lineitem.l_quantity))))", "Rows Removed by Filter": 54618, "Exact Heap Blocks": 60018, "Lossy Heap Blocks": 60018, "Plans": [{"Node Type": "Bitmap Index Scan", "Parent Relationship": "Outer", "Index Name": "idx_lineitem_part_supp", "Startup Cost": 0.0, "Total Cost": 4.22, "Plan Rows": 6, "Plan Width": 0, "Actual Startup Time": 24.279, "Actual Total Time": 24.279, "Actual Rows": 60021, "Actual Loops": 2003, "Index Cond": "(l_partkey = public.lineitem.l_partkey)"}]}]}]}, "Triggers": [], "Planner Runtime": 1.384, "Total Runtime": 1263.375, "Unique SQL Id": 1080450481}}, "(16, 19)": {"explain_plan": {"Plan": {"Node Type": "Aggregate", "Strategy": "Plain", "Startup Cost": 1001032279502.61, "Total Cost": 1001032279502.62, "Plan Rows": 1, "Plan Width": 16, "Plans": [{"Node Type": "Nested Loop", "Parent Relationship": "Outer", "Join Type": "Inner", "Startup Cost": 10000000004.74, "Total Cost": 1001032279500.6, "Plan Rows": 806, "Plan Width": 8, "Inner Unique": true, "Join Filter": "(public.lineitem.l_partkey = public.part.p_partkey)", "Plans": [{"Node Type": "Nested Loop", "Parent Relationship": "Outer", "Join Type": "Inner", "Startup Cost": 10000000004.48, "Total Cost": 1001032192561.0, "Plan Rows": 20274, "Plan Width": 24, "Inner Unique": false, "Plans": [{"Node Type": "Aggregate", "Strategy": "Sorted", "Parent Relationship": "Outer", "Startup Cost": 10000000000.26, "Total Cost": 1001031880124.59, "Plan Rows": 11032, "Plan Width": 80, "Group By Key": ["public.lineitem.l_partkey"], "Plans": [{"Node Type": "Nested Loop", "Parent Relationship": "Outer", "Join Type": "Semi", "Startup Cost": 10000000000.26, "Total Cost": 1001031879848.79, "Plan Rows": 11032, "Plan Width": 16, "Inner Unique": false, "Plans": [{"Node Type": "Index Scan", "Parent Relationship": "Outer", "Scan Direction": "Forward", "Index Name": "idx_lineitem_part_supp", "Relation Name": "lineitem", "Alias": "lineitem", "Startup Cost": 10000000000.0, "Total Cost": 1000775391319.64, "Plan Rows": 59987033, "Plan Width": 16}, {"Node Type": "Bitmap Heap Scan", "Parent Relationship": "Inner", "Relation Name": "part", "Alias": "part", "Startup Cost": 0.26, "Total Cost": 4.28, "Plan Rows": 1, "Plan Width": 8, "Recheck Cond": "(p_partkey = public.lineitem.l_partkey)", "Filter": "((p_brand = 'Brand#44'::bpchar) AND (p_container = 'WRAP PKG'::bpchar))", "Plans": [{"Node Type": "Bitmap Index Scan", "Parent Relationship": "Outer", "Index Name": "part_kpey", "Startup Cost": 0.0, "Total Cost": 0.26, "Plan Rows": 1, "Plan Width": 0, "Index Cond": "(p_partkey = public.lineitem.l_partkey)"}]}]}]}, {"Node Type": "Bitmap Heap Scan", "Parent Relationship": "Inner", "Relation Name": "lineitem", "Alias": "lineitem", "Startup Cost": 4.22, "Total Cost": 28.29, "Plan Rows": 2, "Plan Width": 24, "Recheck Cond": "(l_partkey = public.lineitem.l_partkey)", "Filter": "(l_quantity < (.2::double precision * (avg(public.lineitem.l_quantity))))", "Plans": [{"Node Type": "Bitmap Index Scan", "Parent Relationship": "Outer", "Index Name": "idx_lineitem_part_supp", "Startup Cost": 0.0, "Total Cost": 4.22, "Plan Rows": 6, "Plan Width": 0, "Index Cond": "(l_partkey = public.lineitem.l_partkey)"}]}]}, {"Node Type": "Bitmap Heap Scan", "Parent Relationship": "Inner", "Relation Name": "part", "Alias": "part", "Startup Cost": 0.26, "Total Cost": 4.28, "Plan Rows": 1, "Plan Width": 8, "Recheck Cond": "(p_partkey = public.lineitem.l_partkey)", "Filter": "((p_brand = 'Brand#44'::bpchar) AND (p_container = 'WRAP PKG'::bpchar))", "Plans": [{"Node Type": "Bitmap Index Scan", "Parent Relationship": "Outer", "Index Name": "part_kpey", "Startup Cost": 0.0, "Total Cost": 0.26, "Plan Rows": 1, "Plan Width": 0, "Index Cond": "(p_partkey = public.lineitem.l_partkey)"}]}]}]}, "Unique SQL Id": 1080450481}, "explain_analyze_plan": null}, "(16, 20)": {"explain_plan": {"Plan": {"Node Type": "Aggregate", "Strategy": "Plain", "Startup Cost": 208324.62, "Total Cost": 208324.63, "Plan Rows": 1, "Plan Width": 16, "Plans": [{"Node Type": "Nested Loop", "Parent Relationship": "Outer", "Join Type": "Inner", "Startup Cost": 128691.05, "Total Cost": 208322.6, "Plan Rows": 806, "Plan Width": 8, "Inner Unique": false, "Plans": [{"Node Type": "Nested Loop", "Parent Relationship": "Outer", "Join Type": "Inner", "Startup Cost": 128691.05, "Total Cost": 196146.55, "Plan Rows": 438, "Plan Width": 24, "Inner Unique": true, "Plans": [{"Node Type": "Aggregate", "Strategy": "Hashed", "Parent Relationship": "Outer", "Startup Cost": 128691.05, "Total Cost": 128884.11, "Plan Rows": 11032, "Plan Width": 16, "Group By Key": ["public.lineitem.l_partkey"], "Plans": [{"Node Type": "Nested Loop", "Parent Relationship": "Outer", "Join Type": "Inner", "Startup Cost": 0.0, "Total Cost": 128608.31, "Plan Rows": 11032, "Plan Width": 16, "Inner Unique": false, "Plans": [{"Node Type": "Seq Scan", "Parent Relationship": "Outer", "Relation Name": "part", "Alias": "part", "Startup Cost": 0.0, "Total Cost": 71944.0, "Plan Rows": 2001, "Plan Width": 8, "Filter": "((p_brand = 'Brand#44'::bpchar) AND (p_container = 'WRAP PKG'::bpchar))"}, {"Node Type": "Index Scan", "Parent Relationship": "Inner", "Scan Direction": "Forward", "Index Name": "idx_lineitem_part_supp", "Relation Name": "lineitem", "Alias": "lineitem", "Startup Cost": 0.0, "Total Cost": 28.26, "Plan Rows": 6, "Plan Width": 16, "Index Cond": "(l_partkey = public.part.p_partkey)"}]}]}, {"Node Type": "Index Scan", "Parent Relationship": "Inner", "Scan Direction": "Forward", "Index Name": "part_kpey", "Relation Name": "part", "Alias": "part", "Startup Cost": 0.0, "Total Cost": 6.08, "Plan Rows": 1, "Plan Width": 8, "Index Cond": "(p_partkey = public.lineitem.l_partkey)", "Filter": "((p_brand = 'Brand#44'::bpchar) AND (p_container = 'WRAP PKG'::bpchar))"}]}, {"Node Type": "Index Scan", "Parent Relationship": "Inner", "Scan Direction": "Forward", "Index Name": "idx_lineitem_part_supp", "Relation Name": "lineitem", "Alias": "lineitem", "Startup Cost": 0.0, "Total Cost": 27.78, "Plan Rows": 2, "Plan Width": 24, "Index Cond": "(l_partkey = public.lineitem.l_partkey)", "Filter": "(l_quantity < (.2::double precision * (avg(public.lineitem.l_quantity))))"}]}]}, "Unique SQL Id": 1080450481}, "explain_analyze_plan": {"Plan": {"Node Type": "Aggregate", "Strategy": "Plain", "Startup Cost": 208324.62, "Total Cost": 208324.63, "Plan Rows": 1, "Plan Width": 16, "Actual Startup Time": 1198.059, "Actual Total Time": 1198.06, "Actual Rows": 1, "Actual Loops": 1, "Plans": [{"Node Type": "Nested Loop", "Parent Relationship": "Outer", "Join Type": "Inner", "Startup Cost": 128691.05, "Total Cost": 208322.6, "Plan Rows": 806, "Plan Width": 8, "Actual Startup Time": 1016.325, "Actual Total Time": 1197.018, "Actual Rows": 5403, "Actual Loops": 1, "Inner Unique": false, "Plans": [{"Node Type": "Nested Loop", "Parent Relationship": "Outer", "Join Type": "Inner", "Startup Cost": 128691.05, "Total Cost": 196146.55, "Plan Rows": 438, "Plan Width": 24, "Actual Startup Time": 1016.297, "Actual Total Time": 1034.231, "Actual Rows": 2003, "Actual Loops": 1, "Inner Unique": true, "Plans": [{"Node Type": "Aggregate", "Strategy": "Hashed", "Parent Relationship": "Outer", "Startup Cost": 128691.05, "Total Cost": 128884.11, "Plan Rows": 11032, "Plan Width": 16, "Actual Startup Time": 1016.266, "Actual Total Time": 1017.905, "Actual Rows": 2003, "Actual Loops": 1, "Group By Key": ["public.lineitem.l_partkey"], "Plans": [{"Node Type": "Nested Loop", "Parent Relationship": "Outer", "Join Type": "Inner", "Startup Cost": 0.0, "Total Cost": 128608.31, "Plan Rows": 11032, "Plan Width": 16, "Actual Startup Time": 0.361, "Actual Total Time": 975.259, "Actual Rows": 60021, "Actual Loops": 1, "Inner Unique": false, "Plans": [{"Node Type": "Seq Scan", "Parent Relationship": "Outer", "Relation Name": "part", "Alias": "part", "Startup Cost": 0.0, "Total Cost": 71944.0, "Plan Rows": 2001, "Plan Width": 8, "Actual Startup Time": 0.34, "Actual Total Time": 786.254, "Actual Rows": 2003, "Actual Loops": 1, "Filter": "((p_brand = 'Brand#44'::bpchar) AND (p_container = 'WRAP PKG'::bpchar))", "Rows Removed by Filter": 1997997}, {"Node Type": "Index Scan", "Parent Relationship": "Inner", "Scan Direction": "Forward", "Index Name": "idx_lineitem_part_supp", "Relation Name": "lineitem", "Alias": "lineitem", "Startup Cost": 0.0, "Total Cost": 28.26, "Plan Rows": 6, "Plan Width": 16, "Actual Startup Time": 25.976, "Actual Total Time": 174.503, "Actual Rows": 60021, "Actual Loops": 2003, "Index Cond": "(l_partkey = public.part.p_partkey)", "Rows Removed by Index Recheck": 0}]}]}, {"Node Type": "Index Scan", "Parent Relationship": "Inner", "Scan Direction": "Forward", "Index Name": "part_kpey", "Relation Name": "part", "Alias": "part", "Startup Cost": 0.0, "Total Cost": 6.08, "Plan Rows": 1, "Plan Width": 8, "Actual Startup Time": 14.697, "Actual Total Time": 14.697, "Actual Rows": 2003, "Actual Loops": 2003, "Index Cond": "(p_partkey = public.lineitem.l_partkey)", "Rows Removed by Index Recheck": 0, "Filter": "((p_brand = 'Brand#44'::bpchar) AND (p_container = 'WRAP PKG'::bpchar))", "Rows Removed by Filter": 0}]}, {"Node Type": "Index Scan", "Parent Relationship": "Inner", "Scan Direction": "Forward", "Index Name": "idx_lineitem_part_supp", "Relation Name": "lineitem", "Alias": "lineitem", "Startup Cost": 0.0, "Total Cost": 27.78, "Plan Rows": 2, "Plan Width": 24, "Actual Startup Time": 65.051, "Actual Total Time": 160.425, "Actual Rows": 5403, "Actual Loops": 2003, "Index Cond": "(l_partkey = public.lineitem.l_partkey)", "Rows Removed by Index Recheck": 0, "Filter": "(l_quantity < (.2::double precision * (avg(public.lineitem.l_quantity))))", "Rows Removed by Filter": 54618}]}]}, "Triggers": [], "Planner Runtime": 1.534, "Total Runtime": 1198.321, "Unique SQL Id": 1080450481}}, "(16, 21)": {"explain_plan": {"Plan": {"Node Type": "Aggregate", "Strategy": "Plain", "Startup Cost": 247183.87, "Total Cost": 247183.88, "Plan Rows": 1, "Plan Width": 16, "Plans": [{"Node Type": "Nested Loop", "Parent Relationship": "Outer", "Join Type": "Inner", "Startup Cost": 0.0, "Total Cost": 247181.85, "Plan Rows": 806, "Plan Width": 8, "Inner Unique": false, "Plans": [{"Node Type": "Nested Loop", "Parent Relationship": "Outer", "Join Type": "Inner", "Startup Cost": 0.0, "Total Cost": 235005.8, "Plan Rows": 438, "Plan Width": 24, "Inner Unique": true, "Plans": [{"Node Type": "Aggregate", "Strategy": "Sorted", "Parent Relationship": "Outer", "Startup Cost": 0.0, "Total Cost": 167743.36, "Plan Rows": 11032, "Plan Width": 80, "Group By Key": ["public.lineitem.l_partkey"], "Plans": [{"Node Type": "Nested Loop", "Parent Relationship": "Outer", "Join Type": "Inner", "Startup Cost": 0.0, "Total Cost": 167467.56, "Plan Rows": 11032, "Plan Width": 16, "Inner Unique": false, "Plans": [{"Node Type": "Index Scan", "Parent Relationship": "Outer", "Scan Direction": "Forward", "Index Name": "part_kpey", "Relation Name": "part", "Alias": "part", "Startup Cost": 0.0, "Total Cost": 110803.25, "Plan Rows": 2001, "Plan Width": 8, "Filter": "((p_brand = 'Brand#44'::bpchar) AND (p_container = 'WRAP PKG'::bpchar))"}, {"Node Type": "Index Scan", "Parent Relationship": "Inner", "Scan Direction": "Forward", "Index Name": "idx_lineitem_part_supp", "Relation Name": "lineitem", "Alias": "lineitem", "Startup Cost": 0.0, "Total Cost": 28.26, "Plan Rows": 6, "Plan Width": 16, "Index Cond": "(l_partkey = public.part.p_partkey)"}]}]}, {"Node Type": "Index Scan", "Parent Relationship": "Inner", "Scan Direction": "Forward", "Index Name": "part_kpey", "Relation Name": "part", "Alias": "part", "Startup Cost": 0.0, "Total Cost": 6.08, "Plan Rows": 1, "Plan Width": 8, "Index Cond": "(p_partkey = public.lineitem.l_partkey)", "Filter": "((p_brand = 'Brand#44'::bpchar) AND (p_container = 'WRAP PKG'::bpchar))"}]}, {"Node Type": "Index Scan", "Parent Relationship": "Inner", "Scan Direction": "Forward", "Index Name": "idx_lineitem_part_supp", "Relation Name": "lineitem", "Alias": "lineitem", "Startup Cost": 0.0, "Total Cost": 27.78, "Plan Rows": 2, "Plan Width": 24, "Index Cond": "(l_partkey = public.lineitem.l_partkey)", "Filter": "(l_quantity < (.2::double precision * (avg(public.lineitem.l_quantity))))"}]}]}, "Unique SQL Id": 1080450481}, "explain_analyze_plan": {"Plan": {"Node Type": "Aggregate", "Strategy": "Plain", "Startup Cost": 247183.87, "Total Cost": 247183.88, "Plan Rows": 1, "Plan Width": 16, "Actual Startup Time": 1672.251, "Actual Total Time": 1672.251, "Actual Rows": 1, "Actual Loops": 1, "Plans": [{"Node Type": "Nested Loop", "Parent Relationship": "Outer", "Join Type": "Inner", "Startup Cost": 0.0, "Total Cost": 247181.85, "Plan Rows": 806, "Plan Width": 8, "Actual Startup Time": 1.789, "Actual Total Time": 1671.055, "Actual Rows": 5403, "Actual Loops": 1, "Inner Unique": false, "Plans": [{"Node Type": "Nested Loop", "Parent Relationship": "Outer", "Join Type": "Inner", "Startup Cost": 0.0, "Total Cost": 235005.8, "Plan Rows": 438, "Plan Width": 24, "Actual Startup Time": 1.749, "Actual Total Time": 1591.323, "Actual Rows": 2003, "Actual Loops": 1, "Inner Unique": true, "Plans": [{"Node Type": "Aggregate", "Strategy": "Sorted", "Parent Relationship": "Outer", "Startup Cost": 0.0, "Total Cost": 167743.36, "Plan Rows": 11032, "Plan Width": 80, "Actual Startup Time": 1.737, "Actual Total Time": 1579.292, "Actual Rows": 2003, "Actual Loops": 1, "Group By Key": ["public.lineitem.l_partkey"], "Plans": [{"Node Type": "Nested Loop", "Parent Relationship": "Outer", "Join Type": "Inner", "Startup Cost": 0.0, "Total Cost": 167467.56, "Plan Rows": 11032, "Plan Width": 16, "Actual Startup Time": 0.583, "Actual Total Time": 1545.893, "Actual Rows": 60021, "Actual Loops": 1, "Inner Unique": false, "Plans": [{"Node Type": "Index Scan", "Parent Relationship": "Outer", "Scan Direction": "Forward", "Index Name": "part_kpey", "Relation Name": "part", "Alias": "part", "Startup Cost": 0.0, "Total Cost": 110803.25, "Plan Rows": 2001, "Plan Width": 8, "Actual Startup Time": 0.567, "Actual Total Time": 1351.997, "Actual Rows": 2003, "Actual Loops": 1, "Filter": "((p_brand = 'Brand#44'::bpchar) AND (p_container = 'WRAP PKG'::bpchar))", "Rows Removed by Filter": 1997997}, {"Node Type": "Index Scan", "Parent Relationship": "Inner", "Scan Direction": "Forward", "Index Name": "idx_lineitem_part_supp", "Relation Name": "lineitem", "Alias": "lineitem", "Startup Cost": 0.0, "Total Cost": 28.26, "Plan Rows": 6, "Plan Width": 16, "Actual Startup Time": 26.124, "Actual Total Time": 178.211, "Actual Rows": 60021, "Actual Loops": 2003, "Index Cond": "(l_partkey = public.part.p_partkey)", "Rows Removed by Index Recheck": 0}]}]}, {"Node Type": "Index Scan", "Parent Relationship": "Inner", "Scan Direction": "Forward", "Index Name": "part_kpey", "Relation Name": "part", "Alias": "part", "Startup Cost": 0.0, "Total Cost": 6.08, "Plan Rows": 1, "Plan Width": 8, "Actual Startup Time": 9.363, "Actual Total Time": 9.363, "Actual Rows": 2003, "Actual Loops": 2003, "Index Cond": "(p_partkey = public.lineitem.l_partkey)", "Rows Removed by Index Recheck": 0, "Filter": "((p_brand = 'Brand#44'::bpchar) AND (p_container = 'WRAP PKG'::bpchar))", "Rows Removed by Filter": 0}]}, {"Node Type": "Index Scan", "Parent Relationship": "Inner", "Scan Direction": "Forward", "Index Name": "idx_lineitem_part_supp", "Relation Name": "lineitem", "Alias": "lineitem", "Startup Cost": 0.0, "Total Cost": 27.78, "Plan Rows": 2, "Plan Width": 24, "Actual Startup Time": 33.256, "Actual Total Time": 76.813, "Actual Rows": 5403, "Actual Loops": 2003, "Index Cond": "(l_partkey = public.lineitem.l_partkey)", "Rows Removed by Index Recheck": 0, "Filter": "(l_quantity < (.2::double precision * (avg(public.lineitem.l_quantity))))", "Rows Removed by Filter": 54618}]}]}, "Triggers": [], "Planner Runtime": 1.448, "Total Runtime": 1672.5, "Unique SQL Id": 1080450481}}, "(16, 22)": {"explain_plan": {"Plan": {"Node Type": "Aggregate", "Strategy": "Plain", "Startup Cost": 213808.47, "Total Cost": 213808.48, "Plan Rows": 1, "Plan Width": 16, "Plans": [{"Node Type": "Nested Loop", "Parent Relationship": "Outer", "Join Type": "Inner", "Startup Cost": 128826.76, "Total Cost": 213806.45, "Plan Rows": 806, "Plan Width": 8, "Inner Unique": false, "Plans": [{"Node Type": "Nested Loop", "Parent Relationship": "Outer", "Join Type": "Inner", "Startup Cost": 128822.53, "Total Cost": 201406.27, "Plan Rows": 438, "Plan Width": 24, "Inner Unique": true, "Plans": [{"Node Type": "Aggregate", "Strategy": "Hashed", "Parent Relationship": "Outer", "Startup Cost": 128820.01, "Total Cost": 129013.07, "Plan Rows": 11032, "Plan Width": 16, "Group By Key": ["public.lineitem.l_partkey"], "Plans": [{"Node Type": "Nested Loop", "Parent Relationship": "Outer", "Join Type": "Inner", "Startup Cost": 4.28, "Total Cost": 128737.27, "Plan Rows": 11032, "Plan Width": 16, "Inner Unique": false, "Plans": [{"Node Type": "Seq Scan", "Parent Relationship": "Outer", "Relation Name": "part", "Alias": "part", "Startup Cost": 0.0, "Total Cost": 71944.0, "Plan Rows": 2001, "Plan Width": 8, "Filter": "((p_brand = 'Brand#44'::bpchar) AND (p_container = 'WRAP PKG'::bpchar))"}, {"Node Type": "Bitmap Heap Scan", "Parent Relationship": "Inner", "Relation Name": "lineitem", "Alias": "lineitem", "Startup Cost": 4.28, "Total Cost": 28.32, "Plan Rows": 6, "Plan Width": 16, "Recheck Cond": "(l_partkey = public.part.p_partkey)", "Plans": [{"Node Type": "Bitmap Index Scan", "Parent Relationship": "Outer", "Index Name": "idx_lineitem_part_supp", "Startup Cost": 0.0, "Total Cost": 4.28, "Plan Rows": 6, "Plan Width": 0, "Index Cond": "(l_partkey = public.part.p_partkey)"}]}]}]}, {"Node Type": "Bitmap Heap Scan", "Parent Relationship": "Inner", "Relation Name": "part", "Alias": "part", "Startup Cost": 2.52, "Total Cost": 6.54, "Plan Rows": 1, "Plan Width": 8, "Recheck Cond": "(p_partkey = public.lineitem.l_partkey)", "Filter": "((p_brand = 'Brand#44'::bpchar) AND (p_container = 'WRAP PKG'::bpchar))", "Plans": [{"Node Type": "Bitmap Index Scan", "Parent Relationship": "Outer", "Index Name": "part_kpey", "Startup Cost": 0.0, "Total Cost": 2.52, "Plan Rows": 1, "Plan Width": 0, "Index Cond": "(p_partkey = public.lineitem.l_partkey)"}]}]}, {"Node Type": "Bitmap Heap Scan", "Parent Relationship": "Inner", "Relation Name": "lineitem", "Alias": "lineitem", "Startup Cost": 4.22, "Total Cost": 28.29, "Plan Rows": 2, "Plan Width": 24, "Recheck Cond": "(l_partkey = public.lineitem.l_partkey)", "Filter": "(l_quantity < (.2::double precision * (avg(public.lineitem.l_quantity))))", "Plans": [{"Node Type": "Bitmap Index Scan", "Parent Relationship": "Outer", "Index Name": "idx_lineitem_part_supp", "Startup Cost": 0.0, "Total Cost": 4.22, "Plan Rows": 6, "Plan Width": 0, "Index Cond": "(l_partkey = public.lineitem.l_partkey)"}]}]}]}, "Unique SQL Id": 1080450481}, "explain_analyze_plan": {"Plan": {"Node Type": "Aggregate", "Strategy": "Plain", "Startup Cost": 213808.47, "Total Cost": 213808.48, "Plan Rows": 1, "Plan Width": 16, "Actual Startup Time": 1262.962, "Actual Total Time": 1262.962, "Actual Rows": 1, "Actual Loops": 1, "Plans": [{"Node Type": "Nested Loop", "Parent Relationship": "Outer", "Join Type": "Inner", "Startup Cost": 128826.76, "Total Cost": 213806.45, "Plan Rows": 806, "Plan Width": 8, "Actual Startup Time": 1039.016, "Actual Total Time": 1261.836, "Actual Rows": 5403, "Actual Loops": 1, "Inner Unique": false, "Plans": [{"Node Type": "Nested Loop", "Parent Relationship": "Outer", "Join Type": "Inner", "Startup Cost": 128822.53, "Total Cost": 201406.27, "Plan Rows": 438, "Plan Width": 24, "Actual Startup Time": 1038.965, "Actual Total Time": 1062.635, "Actual Rows": 2003, "Actual Loops": 1, "Inner Unique": true, "Plans": [{"Node Type": "Aggregate", "Strategy": "Hashed", "Parent Relationship": "Outer", "Startup Cost": 128820.01, "Total Cost": 129013.07, "Plan Rows": 11032, "Plan Width": 16, "Actual Startup Time": 1038.929, "Actual Total Time": 1040.942, "Actual Rows": 2003, "Actual Loops": 1, "Group By Key": ["public.lineitem.l_partkey"], "Plans": [{"Node Type": "Nested Loop", "Parent Relationship": "Outer", "Join Type": "Inner", "Startup Cost": 4.28, "Total Cost": 128737.27, "Plan Rows": 11032, "Plan Width": 16, "Actual Startup Time": 0.398, "Actual Total Time": 998.539, "Actual Rows": 60021, "Actual Loops": 1, "Inner Unique": false, "Plans": [{"Node Type": "Seq Scan", "Parent Relationship": "Outer", "Relation Name": "part", "Alias": "part", "Startup Cost": 0.0, "Total Cost": 71944.0, "Plan Rows": 2001, "Plan Width": 8, "Actual Startup Time": 0.351, "Actual Total Time": 787.689, "Actual Rows": 2003, "Actual Loops": 1, "Filter": "((p_brand = 'Brand#44'::bpchar) AND (p_container = 'WRAP PKG'::bpchar))", "Rows Removed by Filter": 1997997}, {"Node Type": "Bitmap Heap Scan", "Parent Relationship": "Inner", "Relation Name": "lineitem", "Alias": "lineitem", "Startup Cost": 4.28, "Total Cost": 28.32, "Plan Rows": 6, "Plan Width": 16, "Actual Startup Time": 36.894, "Actual Total Time": 192.967, "Actual Rows": 60021, "Actual Loops": 2003, "Recheck Cond": "(l_partkey = public.part.p_partkey)", "Rows Removed by Index Recheck": 0, "Exact Heap Blocks": 60018, "Lossy Heap Blocks": 60018, "Plans": [{"Node Type": "Bitmap Index Scan", "Parent Relationship": "Outer", "Index Name": "idx_lineitem_part_supp", "Startup Cost": 0.0, "Total Cost": 4.28, "Plan Rows": 6, "Plan Width": 0, "Actual Startup Time": 23.332, "Actual Total Time": 23.332, "Actual Rows": 60021, "Actual Loops": 2003, "Index Cond": "(l_partkey = public.part.p_partkey)"}]}]}]}, {"Node Type": "Bitmap Heap Scan", "Parent Relationship": "Inner", "Relation Name": "part", "Alias": "part", "Startup Cost": 2.52, "Total Cost": 6.54, "Plan Rows": 1, "Plan Width": 8, "Actual Startup Time": 18.355, "Actual Total Time": 18.355, "Actual Rows": 2003, "Actual Loops": 2003, "Recheck Cond": "(p_partkey = public.lineitem.l_partkey)", "Rows Removed by Index Recheck": 0, "Filter": "((p_brand = 'Brand#44'::bpchar) AND (p_container = 'WRAP PKG'::bpchar))", "Rows Removed by Filter": 0, "Exact Heap Blocks": 2003, "Lossy Heap Blocks": 2003, "Plans": [{"Node Type": "Bitmap Index Scan", "Parent Relationship": "Outer", "Index Name": "part_kpey", "Startup Cost": 0.0, "Total Cost": 2.52, "Plan Rows": 1, "Plan Width": 0, "Actual Startup Time": 10.958, "Actual Total Time": 10.958, "Actual Rows": 2003, "Actual Loops": 2003, "Index Cond": "(p_partkey = public.lineitem.l_partkey)"}]}]}, {"Node Type": "Bitmap Heap Scan", "Parent Relationship": "Inner", "Relation Name": "lineitem", "Alias": "lineitem", "Startup Cost": 4.22, "Total Cost": 28.29, "Plan Rows": 2, "Plan Width": 24, "Actual Startup Time": 85.758, "Actual Total Time": 195.222, "Actual Rows": 5403, "Actual Loops": 2003, "Recheck Cond": "(l_partkey = public.lineitem.l_partkey)", "Rows Removed by Index Recheck": 0, "Filter": "(l_quantity < (.2::double precision * (avg(public.lineitem.l_quantity))))", "Rows Removed by Filter": 54618, "Exact Heap Blocks": 60018, "Lossy Heap Blocks": 60018, "Plans": [{"Node Type": "Bitmap Index Scan", "Parent Relationship": "Outer", "Index Name": "idx_lineitem_part_supp", "Startup Cost": 0.0, "Total Cost": 4.22, "Plan Rows": 6, "Plan Width": 0, "Actual Startup Time": 24.279, "Actual Total Time": 24.279, "Actual Rows": 60021, "Actual Loops": 2003, "Index Cond": "(l_partkey = public.lineitem.l_partkey)"}]}]}]}, "Triggers": [], "Planner Runtime": 1.384, "Total Runtime": 1263.375, "Unique SQL Id": 1080450481}}, "(16, 23)": {"explain_plan": {"Plan": {"Node Type": "Aggregate", "Strategy": "Plain", "Startup Cost": 1001032279502.61, "Total Cost": 1001032279502.62, "Plan Rows": 1, "Plan Width": 16, "Plans": [{"Node Type": "Nested Loop", "Parent Relationship": "Outer", "Join Type": "Inner", "Startup Cost": 10000000004.74, "Total Cost": 1001032279500.6, "Plan Rows": 806, "Plan Width": 8, "Inner Unique": true, "Join Filter": "(public.lineitem.l_partkey = public.part.p_partkey)", "Plans": [{"Node Type": "Nested Loop", "Parent Relationship": "Outer", "Join Type": "Inner", "Startup Cost": 10000000004.48, "Total Cost": 1001032192561.0, "Plan Rows": 20274, "Plan Width": 24, "Inner Unique": false, "Plans": [{"Node Type": "Aggregate", "Strategy": "Sorted", "Parent Relationship": "Outer", "Startup Cost": 10000000000.26, "Total Cost": 1001031880124.59, "Plan Rows": 11032, "Plan Width": 80, "Group By Key": ["public.lineitem.l_partkey"], "Plans": [{"Node Type": "Nested Loop", "Parent Relationship": "Outer", "Join Type": "Semi", "Startup Cost": 10000000000.26, "Total Cost": 1001031879848.79, "Plan Rows": 11032, "Plan Width": 16, "Inner Unique": false, "Plans": [{"Node Type": "Index Scan", "Parent Relationship": "Outer", "Scan Direction": "Forward", "Index Name": "idx_lineitem_part_supp", "Relation Name": "lineitem", "Alias": "lineitem", "Startup Cost": 10000000000.0, "Total Cost": 1000775391319.64, "Plan Rows": 59987033, "Plan Width": 16}, {"Node Type": "Bitmap Heap Scan", "Parent Relationship": "Inner", "Relation Name": "part", "Alias": "part", "Startup Cost": 0.26, "Total Cost": 4.28, "Plan Rows": 1, "Plan Width": 8, "Recheck Cond": "(p_partkey = public.lineitem.l_partkey)", "Filter": "((p_brand = 'Brand#44'::bpchar) AND (p_container = 'WRAP PKG'::bpchar))", "Plans": [{"Node Type": "Bitmap Index Scan", "Parent Relationship": "Outer", "Index Name": "part_kpey", "Startup Cost": 0.0, "Total Cost": 0.26, "Plan Rows": 1, "Plan Width": 0, "Index Cond": "(p_partkey = public.lineitem.l_partkey)"}]}]}]}, {"Node Type": "Bitmap Heap Scan", "Parent Relationship": "Inner", "Relation Name": "lineitem", "Alias": "lineitem", "Startup Cost": 4.22, "Total Cost": 28.29, "Plan Rows": 2, "Plan Width": 24, "Recheck Cond": "(l_partkey = public.lineitem.l_partkey)", "Filter": "(l_quantity < (.2::double precision * (avg(public.lineitem.l_quantity))))", "Plans": [{"Node Type": "Bitmap Index Scan", "Parent Relationship": "Outer", "Index Name": "idx_lineitem_part_supp", "Startup Cost": 0.0, "Total Cost": 4.22, "Plan Rows": 6, "Plan Width": 0, "Index Cond": "(l_partkey = public.lineitem.l_partkey)"}]}]}, {"Node Type": "Bitmap Heap Scan", "Parent Relationship": "Inner", "Relation Name": "part", "Alias": "part", "Startup Cost": 0.26, "Total Cost": 4.28, "Plan Rows": 1, "Plan Width": 8, "Recheck Cond": "(p_partkey = public.lineitem.l_partkey)", "Filter": "((p_brand = 'Brand#44'::bpchar) AND (p_container = 'WRAP PKG'::bpchar))", "Plans": [{"Node Type": "Bitmap Index Scan", "Parent Relationship": "Outer", "Index Name": "part_kpey", "Startup Cost": 0.0, "Total Cost": 0.26, "Plan Rows": 1, "Plan Width": 0, "Index Cond": "(p_partkey = public.lineitem.l_partkey)"}]}]}]}, "Unique SQL Id": 1080450481}, "explain_analyze_plan": null}, "(16, 24)": {"explain_plan": {"Plan": {"Node Type": "Aggregate", "Strategy": "Plain", "Startup Cost": 208324.62, "Total Cost": 208324.63, "Plan Rows": 1, "Plan Width": 16, "Plans": [{"Node Type": "Nested Loop", "Parent Relationship": "Outer", "Join Type": "Inner", "Startup Cost": 128691.05, "Total Cost": 208322.6, "Plan Rows": 806, "Plan Width": 8, "Inner Unique": false, "Plans": [{"Node Type": "Nested Loop", "Parent Relationship": "Outer", "Join Type": "Inner", "Startup Cost": 128691.05, "Total Cost": 196146.55, "Plan Rows": 438, "Plan Width": 24, "Inner Unique": true, "Plans": [{"Node Type": "Aggregate", "Strategy": "Hashed", "Parent Relationship": "Outer", "Startup Cost": 128691.05, "Total Cost": 128884.11, "Plan Rows": 11032, "Plan Width": 16, "Group By Key": ["public.lineitem.l_partkey"], "Plans": [{"Node Type": "Nested Loop", "Parent Relationship": "Outer", "Join Type": "Inner", "Startup Cost": 0.0, "Total Cost": 128608.31, "Plan Rows": 11032, "Plan Width": 16, "Inner Unique": false, "Plans": [{"Node Type": "Seq Scan", "Parent Relationship": "Outer", "Relation Name": "part", "Alias": "part", "Startup Cost": 0.0, "Total Cost": 71944.0, "Plan Rows": 2001, "Plan Width": 8, "Filter": "((p_brand = 'Brand#44'::bpchar) AND (p_container = 'WRAP PKG'::bpchar))"}, {"Node Type": "Index Scan", "Parent Relationship": "Inner", "Scan Direction": "Forward", "Index Name": "idx_lineitem_part_supp", "Relation Name": "lineitem", "Alias": "lineitem", "Startup Cost": 0.0, "Total Cost": 28.26, "Plan Rows": 6, "Plan Width": 16, "Index Cond": "(l_partkey = public.part.p_partkey)"}]}]}, {"Node Type": "Index Scan", "Parent Relationship": "Inner", "Scan Direction": "Forward", "Index Name": "part_kpey", "Relation Name": "part", "Alias": "part", "Startup Cost": 0.0, "Total Cost": 6.08, "Plan Rows": 1, "Plan Width": 8, "Index Cond": "(p_partkey = public.lineitem.l_partkey)", "Filter": "((p_brand = 'Brand#44'::bpchar) AND (p_container = 'WRAP PKG'::bpchar))"}]}, {"Node Type": "Index Scan", "Parent Relationship": "Inner", "Scan Direction": "Forward", "Index Name": "idx_lineitem_part_supp", "Relation Name": "lineitem", "Alias": "lineitem", "Startup Cost": 0.0, "Total Cost": 27.78, "Plan Rows": 2, "Plan Width": 24, "Index Cond": "(l_partkey = public.lineitem.l_partkey)", "Filter": "(l_quantity < (.2::double precision * (avg(public.lineitem.l_quantity))))"}]}]}, "Unique SQL Id": 1080450481}, "explain_analyze_plan": {"Plan": {"Node Type": "Aggregate", "Strategy": "Plain", "Startup Cost": 208324.62, "Total Cost": 208324.63, "Plan Rows": 1, "Plan Width": 16, "Actual Startup Time": 1198.059, "Actual Total Time": 1198.06, "Actual Rows": 1, "Actual Loops": 1, "Plans": [{"Node Type": "Nested Loop", "Parent Relationship": "Outer", "Join Type": "Inner", "Startup Cost": 128691.05, "Total Cost": 208322.6, "Plan Rows": 806, "Plan Width": 8, "Actual Startup Time": 1016.325, "Actual Total Time": 1197.018, "Actual Rows": 5403, "Actual Loops": 1, "Inner Unique": false, "Plans": [{"Node Type": "Nested Loop", "Parent Relationship": "Outer", "Join Type": "Inner", "Startup Cost": 128691.05, "Total Cost": 196146.55, "Plan Rows": 438, "Plan Width": 24, "Actual Startup Time": 1016.297, "Actual Total Time": 1034.231, "Actual Rows": 2003, "Actual Loops": 1, "Inner Unique": true, "Plans": [{"Node Type": "Aggregate", "Strategy": "Hashed", "Parent Relationship": "Outer", "Startup Cost": 128691.05, "Total Cost": 128884.11, "Plan Rows": 11032, "Plan Width": 16, "Actual Startup Time": 1016.266, "Actual Total Time": 1017.905, "Actual Rows": 2003, "Actual Loops": 1, "Group By Key": ["public.lineitem.l_partkey"], "Plans": [{"Node Type": "Nested Loop", "Parent Relationship": "Outer", "Join Type": "Inner", "Startup Cost": 0.0, "Total Cost": 128608.31, "Plan Rows": 11032, "Plan Width": 16, "Actual Startup Time": 0.361, "Actual Total Time": 975.259, "Actual Rows": 60021, "Actual Loops": 1, "Inner Unique": false, "Plans": [{"Node Type": "Seq Scan", "Parent Relationship": "Outer", "Relation Name": "part", "Alias": "part", "Startup Cost": 0.0, "Total Cost": 71944.0, "Plan Rows": 2001, "Plan Width": 8, "Actual Startup Time": 0.34, "Actual Total Time": 786.254, "Actual Rows": 2003, "Actual Loops": 1, "Filter": "((p_brand = 'Brand#44'::bpchar) AND (p_container = 'WRAP PKG'::bpchar))", "Rows Removed by Filter": 1997997}, {"Node Type": "Index Scan", "Parent Relationship": "Inner", "Scan Direction": "Forward", "Index Name": "idx_lineitem_part_supp", "Relation Name": "lineitem", "Alias": "lineitem", "Startup Cost": 0.0, "Total Cost": 28.26, "Plan Rows": 6, "Plan Width": 16, "Actual Startup Time": 25.976, "Actual Total Time": 174.503, "Actual Rows": 60021, "Actual Loops": 2003, "Index Cond": "(l_partkey = public.part.p_partkey)", "Rows Removed by Index Recheck": 0}]}]}, {"Node Type": "Index Scan", "Parent Relationship": "Inner", "Scan Direction": "Forward", "Index Name": "part_kpey", "Relation Name": "part", "Alias": "part", "Startup Cost": 0.0, "Total Cost": 6.08, "Plan Rows": 1, "Plan Width": 8, "Actual Startup Time": 14.697, "Actual Total Time": 14.697, "Actual Rows": 2003, "Actual Loops": 2003, "Index Cond": "(p_partkey = public.lineitem.l_partkey)", "Rows Removed by Index Recheck": 0, "Filter": "((p_brand = 'Brand#44'::bpchar) AND (p_container = 'WRAP PKG'::bpchar))", "Rows Removed by Filter": 0}]}, {"Node Type": "Index Scan", "Parent Relationship": "Inner", "Scan Direction": "Forward", "Index Name": "idx_lineitem_part_supp", "Relation Name": "lineitem", "Alias": "lineitem", "Startup Cost": 0.0, "Total Cost": 27.78, "Plan Rows": 2, "Plan Width": 24, "Actual Startup Time": 65.051, "Actual Total Time": 160.425, "Actual Rows": 5403, "Actual Loops": 2003, "Index Cond": "(l_partkey = public.lineitem.l_partkey)", "Rows Removed by Index Recheck": 0, "Filter": "(l_quantity < (.2::double precision * (avg(public.lineitem.l_quantity))))", "Rows Removed by Filter": 54618}]}]}, "Triggers": [], "Planner Runtime": 1.534, "Total Runtime": 1198.321, "Unique SQL Id": 1080450481}}, "(16, 25)": {"explain_plan": {"Plan": {"Node Type": "Aggregate", "Strategy": "Plain", "Startup Cost": 247183.87, "Total Cost": 247183.88, "Plan Rows": 1, "Plan Width": 16, "Plans": [{"Node Type": "Nested Loop", "Parent Relationship": "Outer", "Join Type": "Inner", "Startup Cost": 0.0, "Total Cost": 247181.85, "Plan Rows": 806, "Plan Width": 8, "Inner Unique": false, "Plans": [{"Node Type": "Nested Loop", "Parent Relationship": "Outer", "Join Type": "Inner", "Startup Cost": 0.0, "Total Cost": 235005.8, "Plan Rows": 438, "Plan Width": 24, "Inner Unique": true, "Plans": [{"Node Type": "Aggregate", "Strategy": "Sorted", "Parent Relationship": "Outer", "Startup Cost": 0.0, "Total Cost": 167743.36, "Plan Rows": 11032, "Plan Width": 80, "Group By Key": ["public.lineitem.l_partkey"], "Plans": [{"Node Type": "Nested Loop", "Parent Relationship": "Outer", "Join Type": "Inner", "Startup Cost": 0.0, "Total Cost": 167467.56, "Plan Rows": 11032, "Plan Width": 16, "Inner Unique": false, "Plans": [{"Node Type": "Index Scan", "Parent Relationship": "Outer", "Scan Direction": "Forward", "Index Name": "part_kpey", "Relation Name": "part", "Alias": "part", "Startup Cost": 0.0, "Total Cost": 110803.25, "Plan Rows": 2001, "Plan Width": 8, "Filter": "((p_brand = 'Brand#44'::bpchar) AND (p_container = 'WRAP PKG'::bpchar))"}, {"Node Type": "Index Scan", "Parent Relationship": "Inner", "Scan Direction": "Forward", "Index Name": "idx_lineitem_part_supp", "Relation Name": "lineitem", "Alias": "lineitem", "Startup Cost": 0.0, "Total Cost": 28.26, "Plan Rows": 6, "Plan Width": 16, "Index Cond": "(l_partkey = public.part.p_partkey)"}]}]}, {"Node Type": "Index Scan", "Parent Relationship": "Inner", "Scan Direction": "Forward", "Index Name": "part_kpey", "Relation Name": "part", "Alias": "part", "Startup Cost": 0.0, "Total Cost": 6.08, "Plan Rows": 1, "Plan Width": 8, "Index Cond": "(p_partkey = public.lineitem.l_partkey)", "Filter": "((p_brand = 'Brand#44'::bpchar) AND (p_container = 'WRAP PKG'::bpchar))"}]}, {"Node Type": "Index Scan", "Parent Relationship": "Inner", "Scan Direction": "Forward", "Index Name": "idx_lineitem_part_supp", "Relation Name": "lineitem", "Alias": "lineitem", "Startup Cost": 0.0, "Total Cost": 27.78, "Plan Rows": 2, "Plan Width": 24, "Index Cond": "(l_partkey = public.lineitem.l_partkey)", "Filter": "(l_quantity < (.2::double precision * (avg(public.lineitem.l_quantity))))"}]}]}, "Unique SQL Id": 1080450481}, "explain_analyze_plan": {"Plan": {"Node Type": "Aggregate", "Strategy": "Plain", "Startup Cost": 247183.87, "Total Cost": 247183.88, "Plan Rows": 1, "Plan Width": 16, "Actual Startup Time": 1672.251, "Actual Total Time": 1672.251, "Actual Rows": 1, "Actual Loops": 1, "Plans": [{"Node Type": "Nested Loop", "Parent Relationship": "Outer", "Join Type": "Inner", "Startup Cost": 0.0, "Total Cost": 247181.85, "Plan Rows": 806, "Plan Width": 8, "Actual Startup Time": 1.789, "Actual Total Time": 1671.055, "Actual Rows": 5403, "Actual Loops": 1, "Inner Unique": false, "Plans": [{"Node Type": "Nested Loop", "Parent Relationship": "Outer", "Join Type": "Inner", "Startup Cost": 0.0, "Total Cost": 235005.8, "Plan Rows": 438, "Plan Width": 24, "Actual Startup Time": 1.749, "Actual Total Time": 1591.323, "Actual Rows": 2003, "Actual Loops": 1, "Inner Unique": true, "Plans": [{"Node Type": "Aggregate", "Strategy": "Sorted", "Parent Relationship": "Outer", "Startup Cost": 0.0, "Total Cost": 167743.36, "Plan Rows": 11032, "Plan Width": 80, "Actual Startup Time": 1.737, "Actual Total Time": 1579.292, "Actual Rows": 2003, "Actual Loops": 1, "Group By Key": ["public.lineitem.l_partkey"], "Plans": [{"Node Type": "Nested Loop", "Parent Relationship": "Outer", "Join Type": "Inner", "Startup Cost": 0.0, "Total Cost": 167467.56, "Plan Rows": 11032, "Plan Width": 16, "Actual Startup Time": 0.583, "Actual Total Time": 1545.893, "Actual Rows": 60021, "Actual Loops": 1, "Inner Unique": false, "Plans": [{"Node Type": "Index Scan", "Parent Relationship": "Outer", "Scan Direction": "Forward", "Index Name": "part_kpey", "Relation Name": "part", "Alias": "part", "Startup Cost": 0.0, "Total Cost": 110803.25, "Plan Rows": 2001, "Plan Width": 8, "Actual Startup Time": 0.567, "Actual Total Time": 1351.997, "Actual Rows": 2003, "Actual Loops": 1, "Filter": "((p_brand = 'Brand#44'::bpchar) AND (p_container = 'WRAP PKG'::bpchar))", "Rows Removed by Filter": 1997997}, {"Node Type": "Index Scan", "Parent Relationship": "Inner", "Scan Direction": "Forward", "Index Name": "idx_lineitem_part_supp", "Relation Name": "lineitem", "Alias": "lineitem", "Startup Cost": 0.0, "Total Cost": 28.26, "Plan Rows": 6, "Plan Width": 16, "Actual Startup Time": 26.124, "Actual Total Time": 178.211, "Actual Rows": 60021, "Actual Loops": 2003, "Index Cond": "(l_partkey = public.part.p_partkey)", "Rows Removed by Index Recheck": 0}]}]}, {"Node Type": "Index Scan", "Parent Relationship": "Inner", "Scan Direction": "Forward", "Index Name": "part_kpey", "Relation Name": "part", "Alias": "part", "Startup Cost": 0.0, "Total Cost": 6.08, "Plan Rows": 1, "Plan Width": 8, "Actual Startup Time": 9.363, "Actual Total Time": 9.363, "Actual Rows": 2003, "Actual Loops": 2003, "Index Cond": "(p_partkey = public.lineitem.l_partkey)", "Rows Removed by Index Recheck": 0, "Filter": "((p_brand = 'Brand#44'::bpchar) AND (p_container = 'WRAP PKG'::bpchar))", "Rows Removed by Filter": 0}]}, {"Node Type": "Index Scan", "Parent Relationship": "Inner", "Scan Direction": "Forward", "Index Name": "idx_lineitem_part_supp", "Relation Name": "lineitem", "Alias": "lineitem", "Startup Cost": 0.0, "Total Cost": 27.78, "Plan Rows": 2, "Plan Width": 24, "Actual Startup Time": 33.256, "Actual Total Time": 76.813, "Actual Rows": 5403, "Actual Loops": 2003, "Index Cond": "(l_partkey = public.lineitem.l_partkey)", "Rows Removed by Index Recheck": 0, "Filter": "(l_quantity < (.2::double precision * (avg(public.lineitem.l_quantity))))", "Rows Removed by Filter": 54618}]}]}, "Triggers": [], "Planner Runtime": 1.448, "Total Runtime": 1672.5, "Unique SQL Id": 1080450481}}, "(16, 26)": {"explain_plan": {"Plan": {"Node Type": "Aggregate", "Strategy": "Plain", "Startup Cost": 20274334.15, "Total Cost": 20274334.16, "Plan Rows": 1, "Plan Width": 16, "Plans": [{"Node Type": "Merge Join", "Parent Relationship": "Outer", "Join Type": "Inner", "Startup Cost": 19673876.07, "Total Cost": 20274332.13, "Plan Rows": 806, "Plan Width": 8, "Inner Unique": false, "Merge Cond": "(public.lineitem.l_partkey = public.lineitem.l_partkey)", "Join Filter": "(public.lineitem.l_quantity < (.2::double precision * (avg(public.lineitem.l_quantity))))", "Plans": [{"Node Type": "Merge Join", "Parent Relationship": "Outer", "Join Type": "Inner", "Startup Cost": 9908991.76, "Total Cost": 10209475.33, "Plan Rows": 438, "Plan Width": 24, "Inner Unique": true, "Merge Cond": "(public.lineitem.l_partkey = public.part.p_partkey)", "Plans": [{"Node Type": "Aggregate", "Strategy": "Sorted", "Parent Relationship": "Outer", "Startup Cost": 9836938.04, "Total Cost": 10137269.33, "Plan Rows": 11032, "Plan Width": 80, "Group By Key": ["public.lineitem.l_partkey"], "Plans": [{"Node Type": "Merge Join", "Parent Relationship": "Outer", "Join Type": "Inner", "Startup Cost": 9836938.04, "Total Cost": 10136993.53, "Plan Rows": 11032, "Plan Width": 16, "Inner Unique": false, "Merge Cond": "(public.part.p_partkey = public.lineitem.l_partkey)", "Plans": [{"Node Type": "Sort", "Parent Relationship": "Outer", "Startup Cost": 72053.72, "Total Cost": 72058.72, "Plan Rows": 2001, "Plan Width": 8, "Sort Key": ["public.part.p_partkey"], "Plans": [{"Node Type": "Seq Scan", "Parent Relationship": "Outer", "Relation Name": "part", "Alias": "part", "Startup Cost": 0.0, "Total Cost": 71944.0, "Plan Rows": 2001, "Plan Width": 8, "Filter": "((p_brand = 'Brand#44'::bpchar) AND (p_container = 'WRAP PKG'::bpchar))"}]}, {"Node Type": "Sort", "Parent Relationship": "Inner", "Startup Cost": 9764884.32, "Total Cost": 9914851.9, "Plan Rows": 59987033, "Plan Width": 16, "Sort Key": ["public.lineitem.l_partkey"], "Plans": [{"Node Type": "Seq Scan", "Parent Relationship": "Outer", "Relation Name": "lineitem", "Alias": "lineitem", "Startup Cost": 0.0, "Total Cost": 2015115.33, "Plan Rows": 59987033, "Plan Width": 16}]}]}]}, {"Node Type": "Sort", "Parent Relationship": "Inner", "Startup Cost": 72053.72, "Total Cost": 72058.72, "Plan Rows": 2001, "Plan Width": 8, "Sort Key": ["public.part.p_partkey"], "Plans": [{"Node Type": "Seq Scan", "Parent Relationship": "Outer", "Relation Name": "part", "Alias": "part", "Startup Cost": 0.0, "Total Cost": 71944.0, "Plan Rows": 2001, "Plan Width": 8, "Filter": "((p_brand = 'Brand#44'::bpchar) AND (p_container = 'WRAP PKG'::bpchar))"}]}]}, {"Node Type": "Sort", "Parent Relationship": "Inner", "Startup Cost": 9764884.32, "Total Cost": 9914851.9, "Plan Rows": 59987033, "Plan Width": 24, "Sort Key": ["public.lineitem.l_partkey"], "Plans": [{"Node Type": "Seq Scan", "Parent Relationship": "Outer", "Relation Name": "lineitem", "Alias": "lineitem", "Startup Cost": 0.0, "Total Cost": 2015115.33, "Plan Rows": 59987033, "Plan Width": 24}]}]}]}, "Unique SQL Id": 1080450481}, "explain_analyze_plan": null}, "(16, 27)": {"explain_plan": {"Plan": {"Node Type": "Aggregate", "Strategy": "Plain", "Startup Cost": 4001573244062.54, "Total Cost": 4001573244062.55, "Plan Rows": 1, "Plan Width": 16, "Plans": [{"Node Type": "Merge Join", "Parent Relationship": "Outer", "Join Type": "Inner", "Startup Cost": 40000000000.0, "Total Cost": 4001573244060.52, "Plan Rows": 806, "Plan Width": 8, "Inner Unique": true, "Merge Cond": "(public.part.p_partkey = public.lineitem.l_partkey)", "Join Filter": "(public.lineitem.l_quantity < (.2::double precision * (avg(public.lineitem.l_quantity))))", "Plans": [{"Node Type": "Merge Join", "Parent Relationship": "Outer", "Join Type": "Inner", "Startup Cost": 20000000000.0, "Total Cost": 2000786621777.7, "Plan Rows": 11032, "Plan Width": 32, "Inner Unique": true, "Merge Cond": "(public.lineitem.l_partkey = public.part.p_partkey)", "Plans": [{"Node Type": "Index Scan", "Parent Relationship": "Outer", "Scan Direction": "Forward", "Index Name": "idx_lineitem_part_supp", "Relation Name": "lineitem", "Alias": "lineitem", "Startup Cost": 10000000000.0, "Total Cost": 1000775391319.64, "Plan Rows": 59987033, "Plan Width": 24}, {"Node Type": "Materialize", "Parent Relationship": "Inner", "Startup Cost": 10000000000.0, "Total Cost": 1000011080330.0, "Plan Rows": 2001, "Plan Width": 8, "Plans": [{"Node Type": "Index Scan", "Parent Relationship": "Outer", "Scan Direction": "Forward", "Index Name": "part_kpey", "Relation Name": "part", "Alias": "part", "Startup Cost": 10000000000.0, "Total Cost": 1000011080325.0, "Plan Rows": 2001, "Plan Width": 8, "Filter": "((p_brand = 'Brand#44'::bpchar) AND (p_container = 'WRAP PKG'::bpchar))"}]}]}, {"Node Type": "Materialize", "Parent Relationship": "Inner", "Startup Cost": 20000000000.0, "Total Cost": 2000786622191.4, "Plan Rows": 11032, "Plan Width": 16, "Plans": [{"Node Type": "Aggregate", "Strategy": "Sorted", "Parent Relationship": "Outer", "Startup Cost": 20000000000.0, "Total Cost": 2000786622053.5, "Plan Rows": 11032, "Plan Width": 80, "Group By Key": ["public.lineitem.l_partkey"], "Plans": [{"Node Type": "Merge Join", "Parent Relationship": "Outer", "Join Type": "Semi", "Startup Cost": 20000000000.0, "Total Cost": 2000786621777.7, "Plan Rows": 11032, "Plan Width": 16, "Inner Unique": false, "Merge Cond": "(public.lineitem.l_partkey = public.part.p_partkey)", "Plans": [{"Node Type": "Index Scan", "Parent Relationship": "Outer", "Scan Direction": "Forward", "Index Name": "idx_lineitem_part_supp", "Relation Name": "lineitem", "Alias": "lineitem", "Startup Cost": 10000000000.0, "Total Cost": 1000775391319.64, "Plan Rows": 59987033, "Plan Width": 16}, {"Node Type": "Materialize", "Parent Relationship": "Inner", "Startup Cost": 10000000000.0, "Total Cost": 1000011080330.0, "Plan Rows": 2001, "Plan Width": 8, "Plans": [{"Node Type": "Index Scan", "Parent Relationship": "Outer", "Scan Direction": "Forward", "Index Name": "part_kpey", "Relation Name": "part", "Alias": "part", "Startup Cost": 10000000000.0, "Total Cost": 1000011080325.0, "Plan Rows": 2001, "Plan Width": 8, "Filter": "((p_brand = 'Brand#44'::bpchar) AND (p_container = 'WRAP PKG'::bpchar))"}]}]}]}]}]}]}, "Unique SQL Id": 1080450481}, "explain_analyze_plan": null}, "(16, 28)": {"explain_plan": {"Plan": {"Node Type": "Aggregate", "Strategy": "Plain", "Startup Cost": 208324.62, "Total Cost": 208324.63, "Plan Rows": 1, "Plan Width": 16, "Plans": [{"Node Type": "Nested Loop", "Parent Relationship": "Outer", "Join Type": "Inner", "Startup Cost": 128691.05, "Total Cost": 208322.6, "Plan Rows": 806, "Plan Width": 8, "Inner Unique": false, "Plans": [{"Node Type": "Nested Loop", "Parent Relationship": "Outer", "Join Type": "Inner", "Startup Cost": 128691.05, "Total Cost": 196146.55, "Plan Rows": 438, "Plan Width": 24, "Inner Unique": true, "Plans": [{"Node Type": "Aggregate", "Strategy": "Hashed", "Parent Relationship": "Outer", "Startup Cost": 128691.05, "Total Cost": 128884.11, "Plan Rows": 11032, "Plan Width": 16, "Group By Key": ["public.lineitem.l_partkey"], "Plans": [{"Node Type": "Nested Loop", "Parent Relationship": "Outer", "Join Type": "Inner", "Startup Cost": 0.0, "Total Cost": 128608.31, "Plan Rows": 11032, "Plan Width": 16, "Inner Unique": false, "Plans": [{"Node Type": "Seq Scan", "Parent Relationship": "Outer", "Relation Name": "part", "Alias": "part", "Startup Cost": 0.0, "Total Cost": 71944.0, "Plan Rows": 2001, "Plan Width": 8, "Filter": "((p_brand = 'Brand#44'::bpchar) AND (p_container = 'WRAP PKG'::bpchar))"}, {"Node Type": "Index Scan", "Parent Relationship": "Inner", "Scan Direction": "Forward", "Index Name": "idx_lineitem_part_supp", "Relation Name": "lineitem", "Alias": "lineitem", "Startup Cost": 0.0, "Total Cost": 28.26, "Plan Rows": 6, "Plan Width": 16, "Index Cond": "(l_partkey = public.part.p_partkey)"}]}]}, {"Node Type": "Index Scan", "Parent Relationship": "Inner", "Scan Direction": "Forward", "Index Name": "part_kpey", "Relation Name": "part", "Alias": "part", "Startup Cost": 0.0, "Total Cost": 6.08, "Plan Rows": 1, "Plan Width": 8, "Index Cond": "(p_partkey = public.lineitem.l_partkey)", "Filter": "((p_brand = 'Brand#44'::bpchar) AND (p_container = 'WRAP PKG'::bpchar))"}]}, {"Node Type": "Index Scan", "Parent Relationship": "Inner", "Scan Direction": "Forward", "Index Name": "idx_lineitem_part_supp", "Relation Name": "lineitem", "Alias": "lineitem", "Startup Cost": 0.0, "Total Cost": 27.78, "Plan Rows": 2, "Plan Width": 24, "Index Cond": "(l_partkey = public.lineitem.l_partkey)", "Filter": "(l_quantity < (.2::double precision * (avg(public.lineitem.l_quantity))))"}]}]}, "Unique SQL Id": 1080450481}, "explain_analyze_plan": {"Plan": {"Node Type": "Aggregate", "Strategy": "Plain", "Startup Cost": 208324.62, "Total Cost": 208324.63, "Plan Rows": 1, "Plan Width": 16, "Actual Startup Time": 1198.059, "Actual Total Time": 1198.06, "Actual Rows": 1, "Actual Loops": 1, "Plans": [{"Node Type": "Nested Loop", "Parent Relationship": "Outer", "Join Type": "Inner", "Startup Cost": 128691.05, "Total Cost": 208322.6, "Plan Rows": 806, "Plan Width": 8, "Actual Startup Time": 1016.325, "Actual Total Time": 1197.018, "Actual Rows": 5403, "Actual Loops": 1, "Inner Unique": false, "Plans": [{"Node Type": "Nested Loop", "Parent Relationship": "Outer", "Join Type": "Inner", "Startup Cost": 128691.05, "Total Cost": 196146.55, "Plan Rows": 438, "Plan Width": 24, "Actual Startup Time": 1016.297, "Actual Total Time": 1034.231, "Actual Rows": 2003, "Actual Loops": 1, "Inner Unique": true, "Plans": [{"Node Type": "Aggregate", "Strategy": "Hashed", "Parent Relationship": "Outer", "Startup Cost": 128691.05, "Total Cost": 128884.11, "Plan Rows": 11032, "Plan Width": 16, "Actual Startup Time": 1016.266, "Actual Total Time": 1017.905, "Actual Rows": 2003, "Actual Loops": 1, "Group By Key": ["public.lineitem.l_partkey"], "Plans": [{"Node Type": "Nested Loop", "Parent Relationship": "Outer", "Join Type": "Inner", "Startup Cost": 0.0, "Total Cost": 128608.31, "Plan Rows": 11032, "Plan Width": 16, "Actual Startup Time": 0.361, "Actual Total Time": 975.259, "Actual Rows": 60021, "Actual Loops": 1, "Inner Unique": false, "Plans": [{"Node Type": "Seq Scan", "Parent Relationship": "Outer", "Relation Name": "part", "Alias": "part", "Startup Cost": 0.0, "Total Cost": 71944.0, "Plan Rows": 2001, "Plan Width": 8, "Actual Startup Time": 0.34, "Actual Total Time": 786.254, "Actual Rows": 2003, "Actual Loops": 1, "Filter": "((p_brand = 'Brand#44'::bpchar) AND (p_container = 'WRAP PKG'::bpchar))", "Rows Removed by Filter": 1997997}, {"Node Type": "Index Scan", "Parent Relationship": "Inner", "Scan Direction": "Forward", "Index Name": "idx_lineitem_part_supp", "Relation Name": "lineitem", "Alias": "lineitem", "Startup Cost": 0.0, "Total Cost": 28.26, "Plan Rows": 6, "Plan Width": 16, "Actual Startup Time": 25.976, "Actual Total Time": 174.503, "Actual Rows": 60021, "Actual Loops": 2003, "Index Cond": "(l_partkey = public.part.p_partkey)", "Rows Removed by Index Recheck": 0}]}]}, {"Node Type": "Index Scan", "Parent Relationship": "Inner", "Scan Direction": "Forward", "Index Name": "part_kpey", "Relation Name": "part", "Alias": "part", "Startup Cost": 0.0, "Total Cost": 6.08, "Plan Rows": 1, "Plan Width": 8, "Actual Startup Time": 14.697, "Actual Total Time": 14.697, "Actual Rows": 2003, "Actual Loops": 2003, "Index Cond": "(p_partkey = public.lineitem.l_partkey)", "Rows Removed by Index Recheck": 0, "Filter": "((p_brand = 'Brand#44'::bpchar) AND (p_container = 'WRAP PKG'::bpchar))", "Rows Removed by Filter": 0}]}, {"Node Type": "Index Scan", "Parent Relationship": "Inner", "Scan Direction": "Forward", "Index Name": "idx_lineitem_part_supp", "Relation Name": "lineitem", "Alias": "lineitem", "Startup Cost": 0.0, "Total Cost": 27.78, "Plan Rows": 2, "Plan Width": 24, "Actual Startup Time": 65.051, "Actual Total Time": 160.425, "Actual Rows": 5403, "Actual Loops": 2003, "Index Cond": "(l_partkey = public.lineitem.l_partkey)", "Rows Removed by Index Recheck": 0, "Filter": "(l_quantity < (.2::double precision * (avg(public.lineitem.l_quantity))))", "Rows Removed by Filter": 54618}]}]}, "Triggers": [], "Planner Runtime": 1.534, "Total Runtime": 1198.321, "Unique SQL Id": 1080450481}}, "(16, 29)": {"explain_plan": {"Plan": {"Node Type": "Aggregate", "Strategy": "Plain", "Startup Cost": 247183.87, "Total Cost": 247183.88, "Plan Rows": 1, "Plan Width": 16, "Plans": [{"Node Type": "Nested Loop", "Parent Relationship": "Outer", "Join Type": "Inner", "Startup Cost": 0.0, "Total Cost": 247181.85, "Plan Rows": 806, "Plan Width": 8, "Inner Unique": false, "Plans": [{"Node Type": "Nested Loop", "Parent Relationship": "Outer", "Join Type": "Inner", "Startup Cost": 0.0, "Total Cost": 235005.8, "Plan Rows": 438, "Plan Width": 24, "Inner Unique": true, "Plans": [{"Node Type": "Aggregate", "Strategy": "Sorted", "Parent Relationship": "Outer", "Startup Cost": 0.0, "Total Cost": 167743.36, "Plan Rows": 11032, "Plan Width": 80, "Group By Key": ["public.lineitem.l_partkey"], "Plans": [{"Node Type": "Nested Loop", "Parent Relationship": "Outer", "Join Type": "Inner", "Startup Cost": 0.0, "Total Cost": 167467.56, "Plan Rows": 11032, "Plan Width": 16, "Inner Unique": false, "Plans": [{"Node Type": "Index Scan", "Parent Relationship": "Outer", "Scan Direction": "Forward", "Index Name": "part_kpey", "Relation Name": "part", "Alias": "part", "Startup Cost": 0.0, "Total Cost": 110803.25, "Plan Rows": 2001, "Plan Width": 8, "Filter": "((p_brand = 'Brand#44'::bpchar) AND (p_container = 'WRAP PKG'::bpchar))"}, {"Node Type": "Index Scan", "Parent Relationship": "Inner", "Scan Direction": "Forward", "Index Name": "idx_lineitem_part_supp", "Relation Name": "lineitem", "Alias": "lineitem", "Startup Cost": 0.0, "Total Cost": 28.26, "Plan Rows": 6, "Plan Width": 16, "Index Cond": "(l_partkey = public.part.p_partkey)"}]}]}, {"Node Type": "Index Scan", "Parent Relationship": "Inner", "Scan Direction": "Forward", "Index Name": "part_kpey", "Relation Name": "part", "Alias": "part", "Startup Cost": 0.0, "Total Cost": 6.08, "Plan Rows": 1, "Plan Width": 8, "Index Cond": "(p_partkey = public.lineitem.l_partkey)", "Filter": "((p_brand = 'Brand#44'::bpchar) AND (p_container = 'WRAP PKG'::bpchar))"}]}, {"Node Type": "Index Scan", "Parent Relationship": "Inner", "Scan Direction": "Forward", "Index Name": "idx_lineitem_part_supp", "Relation Name": "lineitem", "Alias": "lineitem", "Startup Cost": 0.0, "Total Cost": 27.78, "Plan Rows": 2, "Plan Width": 24, "Index Cond": "(l_partkey = public.lineitem.l_partkey)", "Filter": "(l_quantity < (.2::double precision * (avg(public.lineitem.l_quantity))))"}]}]}, "Unique SQL Id": 1080450481}, "explain_analyze_plan": {"Plan": {"Node Type": "Aggregate", "Strategy": "Plain", "Startup Cost": 247183.87, "Total Cost": 247183.88, "Plan Rows": 1, "Plan Width": 16, "Actual Startup Time": 1672.251, "Actual Total Time": 1672.251, "Actual Rows": 1, "Actual Loops": 1, "Plans": [{"Node Type": "Nested Loop", "Parent Relationship": "Outer", "Join Type": "Inner", "Startup Cost": 0.0, "Total Cost": 247181.85, "Plan Rows": 806, "Plan Width": 8, "Actual Startup Time": 1.789, "Actual Total Time": 1671.055, "Actual Rows": 5403, "Actual Loops": 1, "Inner Unique": false, "Plans": [{"Node Type": "Nested Loop", "Parent Relationship": "Outer", "Join Type": "Inner", "Startup Cost": 0.0, "Total Cost": 235005.8, "Plan Rows": 438, "Plan Width": 24, "Actual Startup Time": 1.749, "Actual Total Time": 1591.323, "Actual Rows": 2003, "Actual Loops": 1, "Inner Unique": true, "Plans": [{"Node Type": "Aggregate", "Strategy": "Sorted", "Parent Relationship": "Outer", "Startup Cost": 0.0, "Total Cost": 167743.36, "Plan Rows": 11032, "Plan Width": 80, "Actual Startup Time": 1.737, "Actual Total Time": 1579.292, "Actual Rows": 2003, "Actual Loops": 1, "Group By Key": ["public.lineitem.l_partkey"], "Plans": [{"Node Type": "Nested Loop", "Parent Relationship": "Outer", "Join Type": "Inner", "Startup Cost": 0.0, "Total Cost": 167467.56, "Plan Rows": 11032, "Plan Width": 16, "Actual Startup Time": 0.583, "Actual Total Time": 1545.893, "Actual Rows": 60021, "Actual Loops": 1, "Inner Unique": false, "Plans": [{"Node Type": "Index Scan", "Parent Relationship": "Outer", "Scan Direction": "Forward", "Index Name": "part_kpey", "Relation Name": "part", "Alias": "part", "Startup Cost": 0.0, "Total Cost": 110803.25, "Plan Rows": 2001, "Plan Width": 8, "Actual Startup Time": 0.567, "Actual Total Time": 1351.997, "Actual Rows": 2003, "Actual Loops": 1, "Filter": "((p_brand = 'Brand#44'::bpchar) AND (p_container = 'WRAP PKG'::bpchar))", "Rows Removed by Filter": 1997997}, {"Node Type": "Index Scan", "Parent Relationship": "Inner", "Scan Direction": "Forward", "Index Name": "idx_lineitem_part_supp", "Relation Name": "lineitem", "Alias": "lineitem", "Startup Cost": 0.0, "Total Cost": 28.26, "Plan Rows": 6, "Plan Width": 16, "Actual Startup Time": 26.124, "Actual Total Time": 178.211, "Actual Rows": 60021, "Actual Loops": 2003, "Index Cond": "(l_partkey = public.part.p_partkey)", "Rows Removed by Index Recheck": 0}]}]}, {"Node Type": "Index Scan", "Parent Relationship": "Inner", "Scan Direction": "Forward", "Index Name": "part_kpey", "Relation Name": "part", "Alias": "part", "Startup Cost": 0.0, "Total Cost": 6.08, "Plan Rows": 1, "Plan Width": 8, "Actual Startup Time": 9.363, "Actual Total Time": 9.363, "Actual Rows": 2003, "Actual Loops": 2003, "Index Cond": "(p_partkey = public.lineitem.l_partkey)", "Rows Removed by Index Recheck": 0, "Filter": "((p_brand = 'Brand#44'::bpchar) AND (p_container = 'WRAP PKG'::bpchar))", "Rows Removed by Filter": 0}]}, {"Node Type": "Index Scan", "Parent Relationship": "Inner", "Scan Direction": "Forward", "Index Name": "idx_lineitem_part_supp", "Relation Name": "lineitem", "Alias": "lineitem", "Startup Cost": 0.0, "Total Cost": 27.78, "Plan Rows": 2, "Plan Width": 24, "Actual Startup Time": 33.256, "Actual Total Time": 76.813, "Actual Rows": 5403, "Actual Loops": 2003, "Index Cond": "(l_partkey = public.lineitem.l_partkey)", "Rows Removed by Index Recheck": 0, "Filter": "(l_quantity < (.2::double precision * (avg(public.lineitem.l_quantity))))", "Rows Removed by Filter": 54618}]}]}, "Triggers": [], "Planner Runtime": 1.448, "Total Runtime": 1672.5, "Unique SQL Id": 1080450481}}, "(16, 30)": {"explain_plan": {"Plan": {"Node Type": "Aggregate", "Strategy": "Plain", "Startup Cost": 20274334.15, "Total Cost": 20274334.16, "Plan Rows": 1, "Plan Width": 16, "Plans": [{"Node Type": "Merge Join", "Parent Relationship": "Outer", "Join Type": "Inner", "Startup Cost": 19673876.07, "Total Cost": 20274332.13, "Plan Rows": 806, "Plan Width": 8, "Inner Unique": false, "Merge Cond": "(public.lineitem.l_partkey = public.lineitem.l_partkey)", "Join Filter": "(public.lineitem.l_quantity < (.2::double precision * (avg(public.lineitem.l_quantity))))", "Plans": [{"Node Type": "Merge Join", "Parent Relationship": "Outer", "Join Type": "Inner", "Startup Cost": 9908991.76, "Total Cost": 10209475.33, "Plan Rows": 438, "Plan Width": 24, "Inner Unique": true, "Merge Cond": "(public.lineitem.l_partkey = public.part.p_partkey)", "Plans": [{"Node Type": "Aggregate", "Strategy": "Sorted", "Parent Relationship": "Outer", "Startup Cost": 9836938.04, "Total Cost": 10137269.33, "Plan Rows": 11032, "Plan Width": 80, "Group By Key": ["public.lineitem.l_partkey"], "Plans": [{"Node Type": "Merge Join", "Parent Relationship": "Outer", "Join Type": "Inner", "Startup Cost": 9836938.04, "Total Cost": 10136993.53, "Plan Rows": 11032, "Plan Width": 16, "Inner Unique": false, "Merge Cond": "(public.part.p_partkey = public.lineitem.l_partkey)", "Plans": [{"Node Type": "Sort", "Parent Relationship": "Outer", "Startup Cost": 72053.72, "Total Cost": 72058.72, "Plan Rows": 2001, "Plan Width": 8, "Sort Key": ["public.part.p_partkey"], "Plans": [{"Node Type": "Seq Scan", "Parent Relationship": "Outer", "Relation Name": "part", "Alias": "part", "Startup Cost": 0.0, "Total Cost": 71944.0, "Plan Rows": 2001, "Plan Width": 8, "Filter": "((p_brand = 'Brand#44'::bpchar) AND (p_container = 'WRAP PKG'::bpchar))"}]}, {"Node Type": "Sort", "Parent Relationship": "Inner", "Startup Cost": 9764884.32, "Total Cost": 9914851.9, "Plan Rows": 59987033, "Plan Width": 16, "Sort Key": ["public.lineitem.l_partkey"], "Plans": [{"Node Type": "Seq Scan", "Parent Relationship": "Outer", "Relation Name": "lineitem", "Alias": "lineitem", "Startup Cost": 0.0, "Total Cost": 2015115.33, "Plan Rows": 59987033, "Plan Width": 16}]}]}]}, {"Node Type": "Sort", "Parent Relationship": "Inner", "Startup Cost": 72053.72, "Total Cost": 72058.72, "Plan Rows": 2001, "Plan Width": 8, "Sort Key": ["public.part.p_partkey"], "Plans": [{"Node Type": "Seq Scan", "Parent Relationship": "Outer", "Relation Name": "part", "Alias": "part", "Startup Cost": 0.0, "Total Cost": 71944.0, "Plan Rows": 2001, "Plan Width": 8, "Filter": "((p_brand = 'Brand#44'::bpchar) AND (p_container = 'WRAP PKG'::bpchar))"}]}]}, {"Node Type": "Sort", "Parent Relationship": "Inner", "Startup Cost": 9764884.32, "Total Cost": 9914851.9, "Plan Rows": 59987033, "Plan Width": 24, "Sort Key": ["public.lineitem.l_partkey"], "Plans": [{"Node Type": "Seq Scan", "Parent Relationship": "Outer", "Relation Name": "lineitem", "Alias": "lineitem", "Startup Cost": 0.0, "Total Cost": 2015115.33, "Plan Rows": 59987033, "Plan Width": 24}]}]}]}, "Unique SQL Id": 1080450481}, "explain_analyze_plan": null}, "(16, 31)": {"explain_plan": {"Plan": {"Node Type": "Aggregate", "Strategy": "Plain", "Startup Cost": 4001573244062.54, "Total Cost": 4001573244062.55, "Plan Rows": 1, "Plan Width": 16, "Plans": [{"Node Type": "Merge Join", "Parent Relationship": "Outer", "Join Type": "Inner", "Startup Cost": 40000000000.0, "Total Cost": 4001573244060.52, "Plan Rows": 806, "Plan Width": 8, "Inner Unique": true, "Merge Cond": "(public.part.p_partkey = public.lineitem.l_partkey)", "Join Filter": "(public.lineitem.l_quantity < (.2::double precision * (avg(public.lineitem.l_quantity))))", "Plans": [{"Node Type": "Merge Join", "Parent Relationship": "Outer", "Join Type": "Inner", "Startup Cost": 20000000000.0, "Total Cost": 2000786621777.7, "Plan Rows": 11032, "Plan Width": 32, "Inner Unique": true, "Merge Cond": "(public.lineitem.l_partkey = public.part.p_partkey)", "Plans": [{"Node Type": "Index Scan", "Parent Relationship": "Outer", "Scan Direction": "Forward", "Index Name": "idx_lineitem_part_supp", "Relation Name": "lineitem", "Alias": "lineitem", "Startup Cost": 10000000000.0, "Total Cost": 1000775391319.64, "Plan Rows": 59987033, "Plan Width": 24}, {"Node Type": "Materialize", "Parent Relationship": "Inner", "Startup Cost": 10000000000.0, "Total Cost": 1000011080330.0, "Plan Rows": 2001, "Plan Width": 8, "Plans": [{"Node Type": "Index Scan", "Parent Relationship": "Outer", "Scan Direction": "Forward", "Index Name": "part_kpey", "Relation Name": "part", "Alias": "part", "Startup Cost": 10000000000.0, "Total Cost": 1000011080325.0, "Plan Rows": 2001, "Plan Width": 8, "Filter": "((p_brand = 'Brand#44'::bpchar) AND (p_container = 'WRAP PKG'::bpchar))"}]}]}, {"Node Type": "Materialize", "Parent Relationship": "Inner", "Startup Cost": 20000000000.0, "Total Cost": 2000786622191.4, "Plan Rows": 11032, "Plan Width": 16, "Plans": [{"Node Type": "Aggregate", "Strategy": "Sorted", "Parent Relationship": "Outer", "Startup Cost": 20000000000.0, "Total Cost": 2000786622053.5, "Plan Rows": 11032, "Plan Width": 80, "Group By Key": ["public.lineitem.l_partkey"], "Plans": [{"Node Type": "Merge Join", "Parent Relationship": "Outer", "Join Type": "Semi", "Startup Cost": 20000000000.0, "Total Cost": 2000786621777.7, "Plan Rows": 11032, "Plan Width": 16, "Inner Unique": false, "Merge Cond": "(public.lineitem.l_partkey = public.part.p_partkey)", "Plans": [{"Node Type": "Index Scan", "Parent Relationship": "Outer", "Scan Direction": "Forward", "Index Name": "idx_lineitem_part_supp", "Relation Name": "lineitem", "Alias": "lineitem", "Startup Cost": 10000000000.0, "Total Cost": 1000775391319.64, "Plan Rows": 59987033, "Plan Width": 16}, {"Node Type": "Materialize", "Parent Relationship": "Inner", "Startup Cost": 10000000000.0, "Total Cost": 1000011080330.0, "Plan Rows": 2001, "Plan Width": 8, "Plans": [{"Node Type": "Index Scan", "Parent Relationship": "Outer", "Scan Direction": "Forward", "Index Name": "part_kpey", "Relation Name": "part", "Alias": "part", "Startup Cost": 10000000000.0, "Total Cost": 1000011080325.0, "Plan Rows": 2001, "Plan Width": 8, "Filter": "((p_brand = 'Brand#44'::bpchar) AND (p_container = 'WRAP PKG'::bpchar))"}]}]}]}]}]}]}, "Unique SQL Id": 1080450481}, "explain_analyze_plan": null}, "(16, 32)": {"explain_plan": {"Plan": {"Node Type": "Aggregate", "Strategy": "Plain", "Startup Cost": 208324.62, "Total Cost": 208324.63, "Plan Rows": 1, "Plan Width": 16, "Plans": [{"Node Type": "Nested Loop", "Parent Relationship": "Outer", "Join Type": "Inner", "Startup Cost": 128691.05, "Total Cost": 208322.6, "Plan Rows": 806, "Plan Width": 8, "Inner Unique": false, "Plans": [{"Node Type": "Nested Loop", "Parent Relationship": "Outer", "Join Type": "Inner", "Startup Cost": 128691.05, "Total Cost": 196146.55, "Plan Rows": 438, "Plan Width": 24, "Inner Unique": true, "Plans": [{"Node Type": "Aggregate", "Strategy": "Hashed", "Parent Relationship": "Outer", "Startup Cost": 128691.05, "Total Cost": 128884.11, "Plan Rows": 11032, "Plan Width": 16, "Group By Key": ["public.lineitem.l_partkey"], "Plans": [{"Node Type": "Nested Loop", "Parent Relationship": "Outer", "Join Type": "Inner", "Startup Cost": 0.0, "Total Cost": 128608.31, "Plan Rows": 11032, "Plan Width": 16, "Inner Unique": false, "Plans": [{"Node Type": "Seq Scan", "Parent Relationship": "Outer", "Relation Name": "part", "Alias": "part", "Startup Cost": 0.0, "Total Cost": 71944.0, "Plan Rows": 2001, "Plan Width": 8, "Filter": "((p_brand = 'Brand#44'::bpchar) AND (p_container = 'WRAP PKG'::bpchar))"}, {"Node Type": "Index Scan", "Parent Relationship": "Inner", "Scan Direction": "Forward", "Index Name": "idx_lineitem_part_supp", "Relation Name": "lineitem", "Alias": "lineitem", "Startup Cost": 0.0, "Total Cost": 28.26, "Plan Rows": 6, "Plan Width": 16, "Index Cond": "(l_partkey = public.part.p_partkey)"}]}]}, {"Node Type": "Index Scan", "Parent Relationship": "Inner", "Scan Direction": "Forward", "Index Name": "part_kpey", "Relation Name": "part", "Alias": "part", "Startup Cost": 0.0, "Total Cost": 6.08, "Plan Rows": 1, "Plan Width": 8, "Index Cond": "(p_partkey = public.lineitem.l_partkey)", "Filter": "((p_brand = 'Brand#44'::bpchar) AND (p_container = 'WRAP PKG'::bpchar))"}]}, {"Node Type": "Index Scan", "Parent Relationship": "Inner", "Scan Direction": "Forward", "Index Name": "idx_lineitem_part_supp", "Relation Name": "lineitem", "Alias": "lineitem", "Startup Cost": 0.0, "Total Cost": 27.78, "Plan Rows": 2, "Plan Width": 24, "Index Cond": "(l_partkey = public.lineitem.l_partkey)", "Filter": "(l_quantity < (.2::double precision * (avg(public.lineitem.l_quantity))))"}]}]}, "Unique SQL Id": 1080450481}, "explain_analyze_plan": {"Plan": {"Node Type": "Aggregate", "Strategy": "Plain", "Startup Cost": 208324.62, "Total Cost": 208324.63, "Plan Rows": 1, "Plan Width": 16, "Actual Startup Time": 1198.059, "Actual Total Time": 1198.06, "Actual Rows": 1, "Actual Loops": 1, "Plans": [{"Node Type": "Nested Loop", "Parent Relationship": "Outer", "Join Type": "Inner", "Startup Cost": 128691.05, "Total Cost": 208322.6, "Plan Rows": 806, "Plan Width": 8, "Actual Startup Time": 1016.325, "Actual Total Time": 1197.018, "Actual Rows": 5403, "Actual Loops": 1, "Inner Unique": false, "Plans": [{"Node Type": "Nested Loop", "Parent Relationship": "Outer", "Join Type": "Inner", "Startup Cost": 128691.05, "Total Cost": 196146.55, "Plan Rows": 438, "Plan Width": 24, "Actual Startup Time": 1016.297, "Actual Total Time": 1034.231, "Actual Rows": 2003, "Actual Loops": 1, "Inner Unique": true, "Plans": [{"Node Type": "Aggregate", "Strategy": "Hashed", "Parent Relationship": "Outer", "Startup Cost": 128691.05, "Total Cost": 128884.11, "Plan Rows": 11032, "Plan Width": 16, "Actual Startup Time": 1016.266, "Actual Total Time": 1017.905, "Actual Rows": 2003, "Actual Loops": 1, "Group By Key": ["public.lineitem.l_partkey"], "Plans": [{"Node Type": "Nested Loop", "Parent Relationship": "Outer", "Join Type": "Inner", "Startup Cost": 0.0, "Total Cost": 128608.31, "Plan Rows": 11032, "Plan Width": 16, "Actual Startup Time": 0.361, "Actual Total Time": 975.259, "Actual Rows": 60021, "Actual Loops": 1, "Inner Unique": false, "Plans": [{"Node Type": "Seq Scan", "Parent Relationship": "Outer", "Relation Name": "part", "Alias": "part", "Startup Cost": 0.0, "Total Cost": 71944.0, "Plan Rows": 2001, "Plan Width": 8, "Actual Startup Time": 0.34, "Actual Total Time": 786.254, "Actual Rows": 2003, "Actual Loops": 1, "Filter": "((p_brand = 'Brand#44'::bpchar) AND (p_container = 'WRAP PKG'::bpchar))", "Rows Removed by Filter": 1997997}, {"Node Type": "Index Scan", "Parent Relationship": "Inner", "Scan Direction": "Forward", "Index Name": "idx_lineitem_part_supp", "Relation Name": "lineitem", "Alias": "lineitem", "Startup Cost": 0.0, "Total Cost": 28.26, "Plan Rows": 6, "Plan Width": 16, "Actual Startup Time": 25.976, "Actual Total Time": 174.503, "Actual Rows": 60021, "Actual Loops": 2003, "Index Cond": "(l_partkey = public.part.p_partkey)", "Rows Removed by Index Recheck": 0}]}]}, {"Node Type": "Index Scan", "Parent Relationship": "Inner", "Scan Direction": "Forward", "Index Name": "part_kpey", "Relation Name": "part", "Alias": "part", "Startup Cost": 0.0, "Total Cost": 6.08, "Plan Rows": 1, "Plan Width": 8, "Actual Startup Time": 14.697, "Actual Total Time": 14.697, "Actual Rows": 2003, "Actual Loops": 2003, "Index Cond": "(p_partkey = public.lineitem.l_partkey)", "Rows Removed by Index Recheck": 0, "Filter": "((p_brand = 'Brand#44'::bpchar) AND (p_container = 'WRAP PKG'::bpchar))", "Rows Removed by Filter": 0}]}, {"Node Type": "Index Scan", "Parent Relationship": "Inner", "Scan Direction": "Forward", "Index Name": "idx_lineitem_part_supp", "Relation Name": "lineitem", "Alias": "lineitem", "Startup Cost": 0.0, "Total Cost": 27.78, "Plan Rows": 2, "Plan Width": 24, "Actual Startup Time": 65.051, "Actual Total Time": 160.425, "Actual Rows": 5403, "Actual Loops": 2003, "Index Cond": "(l_partkey = public.lineitem.l_partkey)", "Rows Removed by Index Recheck": 0, "Filter": "(l_quantity < (.2::double precision * (avg(public.lineitem.l_quantity))))", "Rows Removed by Filter": 54618}]}]}, "Triggers": [], "Planner Runtime": 1.534, "Total Runtime": 1198.321, "Unique SQL Id": 1080450481}}, "(16, 33)": {"explain_plan": {"Plan": {"Node Type": "Aggregate", "Strategy": "Plain", "Startup Cost": 247183.87, "Total Cost": 247183.88, "Plan Rows": 1, "Plan Width": 16, "Plans": [{"Node Type": "Nested Loop", "Parent Relationship": "Outer", "Join Type": "Inner", "Startup Cost": 0.0, "Total Cost": 247181.85, "Plan Rows": 806, "Plan Width": 8, "Inner Unique": false, "Plans": [{"Node Type": "Nested Loop", "Parent Relationship": "Outer", "Join Type": "Inner", "Startup Cost": 0.0, "Total Cost": 235005.8, "Plan Rows": 438, "Plan Width": 24, "Inner Unique": true, "Plans": [{"Node Type": "Aggregate", "Strategy": "Sorted", "Parent Relationship": "Outer", "Startup Cost": 0.0, "Total Cost": 167743.36, "Plan Rows": 11032, "Plan Width": 80, "Group By Key": ["public.lineitem.l_partkey"], "Plans": [{"Node Type": "Nested Loop", "Parent Relationship": "Outer", "Join Type": "Inner", "Startup Cost": 0.0, "Total Cost": 167467.56, "Plan Rows": 11032, "Plan Width": 16, "Inner Unique": false, "Plans": [{"Node Type": "Index Scan", "Parent Relationship": "Outer", "Scan Direction": "Forward", "Index Name": "part_kpey", "Relation Name": "part", "Alias": "part", "Startup Cost": 0.0, "Total Cost": 110803.25, "Plan Rows": 2001, "Plan Width": 8, "Filter": "((p_brand = 'Brand#44'::bpchar) AND (p_container = 'WRAP PKG'::bpchar))"}, {"Node Type": "Index Scan", "Parent Relationship": "Inner", "Scan Direction": "Forward", "Index Name": "idx_lineitem_part_supp", "Relation Name": "lineitem", "Alias": "lineitem", "Startup Cost": 0.0, "Total Cost": 28.26, "Plan Rows": 6, "Plan Width": 16, "Index Cond": "(l_partkey = public.part.p_partkey)"}]}]}, {"Node Type": "Index Scan", "Parent Relationship": "Inner", "Scan Direction": "Forward", "Index Name": "part_kpey", "Relation Name": "part", "Alias": "part", "Startup Cost": 0.0, "Total Cost": 6.08, "Plan Rows": 1, "Plan Width": 8, "Index Cond": "(p_partkey = public.lineitem.l_partkey)", "Filter": "((p_brand = 'Brand#44'::bpchar) AND (p_container = 'WRAP PKG'::bpchar))"}]}, {"Node Type": "Index Scan", "Parent Relationship": "Inner", "Scan Direction": "Forward", "Index Name": "idx_lineitem_part_supp", "Relation Name": "lineitem", "Alias": "lineitem", "Startup Cost": 0.0, "Total Cost": 27.78, "Plan Rows": 2, "Plan Width": 24, "Index Cond": "(l_partkey = public.lineitem.l_partkey)", "Filter": "(l_quantity < (.2::double precision * (avg(public.lineitem.l_quantity))))"}]}]}, "Unique SQL Id": 1080450481}, "explain_analyze_plan": {"Plan": {"Node Type": "Aggregate", "Strategy": "Plain", "Startup Cost": 247183.87, "Total Cost": 247183.88, "Plan Rows": 1, "Plan Width": 16, "Actual Startup Time": 1672.251, "Actual Total Time": 1672.251, "Actual Rows": 1, "Actual Loops": 1, "Plans": [{"Node Type": "Nested Loop", "Parent Relationship": "Outer", "Join Type": "Inner", "Startup Cost": 0.0, "Total Cost": 247181.85, "Plan Rows": 806, "Plan Width": 8, "Actual Startup Time": 1.789, "Actual Total Time": 1671.055, "Actual Rows": 5403, "Actual Loops": 1, "Inner Unique": false, "Plans": [{"Node Type": "Nested Loop", "Parent Relationship": "Outer", "Join Type": "Inner", "Startup Cost": 0.0, "Total Cost": 235005.8, "Plan Rows": 438, "Plan Width": 24, "Actual Startup Time": 1.749, "Actual Total Time": 1591.323, "Actual Rows": 2003, "Actual Loops": 1, "Inner Unique": true, "Plans": [{"Node Type": "Aggregate", "Strategy": "Sorted", "Parent Relationship": "Outer", "Startup Cost": 0.0, "Total Cost": 167743.36, "Plan Rows": 11032, "Plan Width": 80, "Actual Startup Time": 1.737, "Actual Total Time": 1579.292, "Actual Rows": 2003, "Actual Loops": 1, "Group By Key": ["public.lineitem.l_partkey"], "Plans": [{"Node Type": "Nested Loop", "Parent Relationship": "Outer", "Join Type": "Inner", "Startup Cost": 0.0, "Total Cost": 167467.56, "Plan Rows": 11032, "Plan Width": 16, "Actual Startup Time": 0.583, "Actual Total Time": 1545.893, "Actual Rows": 60021, "Actual Loops": 1, "Inner Unique": false, "Plans": [{"Node Type": "Index Scan", "Parent Relationship": "Outer", "Scan Direction": "Forward", "Index Name": "part_kpey", "Relation Name": "part", "Alias": "part", "Startup Cost": 0.0, "Total Cost": 110803.25, "Plan Rows": 2001, "Plan Width": 8, "Actual Startup Time": 0.567, "Actual Total Time": 1351.997, "Actual Rows": 2003, "Actual Loops": 1, "Filter": "((p_brand = 'Brand#44'::bpchar) AND (p_container = 'WRAP PKG'::bpchar))", "Rows Removed by Filter": 1997997}, {"Node Type": "Index Scan", "Parent Relationship": "Inner", "Scan Direction": "Forward", "Index Name": "idx_lineitem_part_supp", "Relation Name": "lineitem", "Alias": "lineitem", "Startup Cost": 0.0, "Total Cost": 28.26, "Plan Rows": 6, "Plan Width": 16, "Actual Startup Time": 26.124, "Actual Total Time": 178.211, "Actual Rows": 60021, "Actual Loops": 2003, "Index Cond": "(l_partkey = public.part.p_partkey)", "Rows Removed by Index Recheck": 0}]}]}, {"Node Type": "Index Scan", "Parent Relationship": "Inner", "Scan Direction": "Forward", "Index Name": "part_kpey", "Relation Name": "part", "Alias": "part", "Startup Cost": 0.0, "Total Cost": 6.08, "Plan Rows": 1, "Plan Width": 8, "Actual Startup Time": 9.363, "Actual Total Time": 9.363, "Actual Rows": 2003, "Actual Loops": 2003, "Index Cond": "(p_partkey = public.lineitem.l_partkey)", "Rows Removed by Index Recheck": 0, "Filter": "((p_brand = 'Brand#44'::bpchar) AND (p_container = 'WRAP PKG'::bpchar))", "Rows Removed by Filter": 0}]}, {"Node Type": "Index Scan", "Parent Relationship": "Inner", "Scan Direction": "Forward", "Index Name": "idx_lineitem_part_supp", "Relation Name": "lineitem", "Alias": "lineitem", "Startup Cost": 0.0, "Total Cost": 27.78, "Plan Rows": 2, "Plan Width": 24, "Actual Startup Time": 33.256, "Actual Total Time": 76.813, "Actual Rows": 5403, "Actual Loops": 2003, "Index Cond": "(l_partkey = public.lineitem.l_partkey)", "Rows Removed by Index Recheck": 0, "Filter": "(l_quantity < (.2::double precision * (avg(public.lineitem.l_quantity))))", "Rows Removed by Filter": 54618}]}]}, "Triggers": [], "Planner Runtime": 1.448, "Total Runtime": 1672.5, "Unique SQL Id": 1080450481}}, "(16, 34)": {"explain_plan": {"Plan": {"Node Type": "Aggregate", "Strategy": "Plain", "Startup Cost": 213754.44, "Total Cost": 213754.45, "Plan Rows": 1, "Plan Width": 16, "Plans": [{"Node Type": "Nested Loop", "Parent Relationship": "Outer", "Join Type": "Inner", "Startup Cost": 129265.51, "Total Cost": 213752.42, "Plan Rows": 806, "Plan Width": 8, "Inner Unique": false, "Plans": [{"Node Type": "Hash Join", "Parent Relationship": "Outer", "Join Type": "Inner", "Startup Cost": 129261.29, "Total Cost": 201352.24, "Plan Rows": 438, "Plan Width": 24, "Inner Unique": true, "Hash Cond": "(public.part.p_partkey = subquery.\"?column?\")", "Plans": [{"Node Type": "Seq Scan", "Parent Relationship": "Outer", "Relation Name": "part", "Alias": "part", "Startup Cost": 0.0, "Total Cost": 71944.0, "Plan Rows": 2001, "Plan Width": 8, "Filter": "((p_brand = 'Brand#44'::bpchar) AND (p_container = 'WRAP PKG'::bpchar))"}, {"Node Type": "Hash", "Parent Relationship": "Inner", "Startup Cost": 129123.39, "Total Cost": 129123.39, "Plan Rows": 11032, "Plan Width": 16, "Plans": [{"Node Type": "Subquery Scan", "Parent Relationship": "Outer", "Alias": "subquery", "Startup Cost": 128820.01, "Total Cost": 129123.39, "Plan Rows": 11032, "Plan Width": 16, "Plans": [{"Node Type": "Aggregate", "Strategy": "Hashed", "Parent Relationship": "Subquery", "Startup Cost": 128820.01, "Total Cost": 129013.07, "Plan Rows": 11032, "Plan Width": 16, "Group By Key": ["public.lineitem.l_partkey"], "Plans": [{"Node Type": "Nested Loop", "Parent Relationship": "Outer", "Join Type": "Inner", "Startup Cost": 4.28, "Total Cost": 128737.27, "Plan Rows": 11032, "Plan Width": 16, "Inner Unique": false, "Plans": [{"Node Type": "Seq Scan", "Parent Relationship": "Outer", "Relation Name": "part", "Alias": "part", "Startup Cost": 0.0, "Total Cost": 71944.0, "Plan Rows": 2001, "Plan Width": 8, "Filter": "((p_brand = 'Brand#44'::bpchar) AND (p_container = 'WRAP PKG'::bpchar))"}, {"Node Type": "Bitmap Heap Scan", "Parent Relationship": "Inner", "Relation Name": "lineitem", "Alias": "lineitem", "Startup Cost": 4.28, "Total Cost": 28.32, "Plan Rows": 6, "Plan Width": 16, "Recheck Cond": "(l_partkey = public.part.p_partkey)", "Plans": [{"Node Type": "Bitmap Index Scan", "Parent Relationship": "Outer", "Index Name": "idx_lineitem_part_supp", "Startup Cost": 0.0, "Total Cost": 4.28, "Plan Rows": 6, "Plan Width": 0, "Index Cond": "(l_partkey = public.part.p_partkey)"}]}]}]}]}]}]}, {"Node Type": "Bitmap Heap Scan", "Parent Relationship": "Inner", "Relation Name": "lineitem", "Alias": "lineitem", "Startup Cost": 4.22, "Total Cost": 28.29, "Plan Rows": 2, "Plan Width": 24, "Recheck Cond": "(l_partkey = subquery.\"?column?\")", "Filter": "(l_quantity < (.2::double precision * subquery.\"?column?\"))", "Plans": [{"Node Type": "Bitmap Index Scan", "Parent Relationship": "Outer", "Index Name": "idx_lineitem_part_supp", "Startup Cost": 0.0, "Total Cost": 4.22, "Plan Rows": 6, "Plan Width": 0, "Index Cond": "(l_partkey = subquery.\"?column?\")"}]}]}]}, "Unique SQL Id": 1080450481}, "explain_analyze_plan": {"Plan": {"Node Type": "Aggregate", "Strategy": "Plain", "Startup Cost": 213754.44, "Total Cost": 213754.45, "Plan Rows": 1, "Plan Width": 16, "Actual Startup Time": 2042.565, "Actual Total Time": 2042.565, "Actual Rows": 1, "Actual Loops": 1, "Plans": [{"Node Type": "Nested Loop", "Parent Relationship": "Outer", "Join Type": "Inner", "Startup Cost": 129265.51, "Total Cost": 213752.42, "Plan Rows": 806, "Plan Width": 8, "Actual Startup Time": 1040.32, "Actual Total Time": 2041.174, "Actual Rows": 5403, "Actual Loops": 1, "Inner Unique": false, "Plans": [{"Node Type": "Hash Join", "Parent Relationship": "Outer", "Join Type": "Inner", "Startup Cost": 129261.29, "Total Cost": 201352.24, "Plan Rows": 438, "Plan Width": 24, "Actual Startup Time": 1040.253, "Actual Total Time": 1830.392, "Actual Rows": 2003, "Actual Loops": 1, "Inner Unique": true, "Hash Cond": "(public.part.p_partkey = subquery.\"?column?\")", "Plans": [{"Node Type": "Seq Scan", "Parent Relationship": "Outer", "Relation Name": "part", "Alias": "part", "Startup Cost": 0.0, "Total Cost": 71944.0, "Plan Rows": 2001, "Plan Width": 8, "Actual Startup Time": 0.349, "Actual Total Time": 788.001, "Actual Rows": 2003, "Actual Loops": 1, "Filter": "((p_brand = 'Brand#44'::bpchar) AND (p_container = 'WRAP PKG'::bpchar))", "Rows Removed by Filter": 1997997}, {"Node Type": "Hash", "Parent Relationship": "Inner", "Startup Cost": 129123.39, "Total Cost": 129123.39, "Plan Rows": 11032, "Plan Width": 16, "Actual Startup Time": 1039.791, "Actual Total Time": 1039.791, "Actual Rows": 2003, "Actual Loops": 1, "Hash Buckets": 32768, "Hash Batches": 1, "Original Hash Batches": 1, "Peak Memory Usage": 94, "Plans": [{"Node Type": "Subquery Scan", "Parent Relationship": "Outer", "Alias": "subquery", "Startup Cost": 128820.01, "Total Cost": 129123.39, "Plan Rows": 11032, "Plan Width": 16, "Actual Startup Time": 1037.639, "Actual Total Time": 1039.094, "Actual Rows": 2003, "Actual Loops": 1, "Plans": [{"Node Type": "Aggregate", "Strategy": "Hashed", "Parent Relationship": "Subquery", "Startup Cost": 128820.01, "Total Cost": 129013.07, "Plan Rows": 11032, "Plan Width": 16, "Actual Startup Time": 1037.636, "Actual Total Time": 1038.645, "Actual Rows": 2003, "Actual Loops": 1, "Group By Key": ["public.lineitem.l_partkey"], "Plans": [{"Node Type": "Nested Loop", "Parent Relationship": "Outer", "Join Type": "Inner", "Startup Cost": 4.28, "Total Cost": 128737.27, "Plan Rows": 11032, "Plan Width": 16, "Actual Startup Time": 0.43, "Actual Total Time": 997.069, "Actual Rows": 60021, "Actual Loops": 1, "Inner Unique": false, "Plans": [{"Node Type": "Seq Scan", "Parent Relationship": "Outer", "Relation Name": "part", "Alias": "part", "Startup Cost": 0.0, "Total Cost": 71944.0, "Plan Rows": 2001, "Plan Width": 8, "Actual Startup Time": 0.313, "Actual Total Time": 785.123, "Actual Rows": 2003, "Actual Loops": 1, "Filter": "((p_brand = 'Brand#44'::bpchar) AND (p_container = 'WRAP PKG'::bpchar))", "Rows Removed by Filter": 1997997}, {"Node Type": "Bitmap Heap Scan", "Parent Relationship": "Inner", "Relation Name": "lineitem", "Alias": "lineitem", "Startup Cost": 4.28, "Total Cost": 28.32, "Plan Rows": 6, "Plan Width": 16, "Actual Startup Time": 37.436, "Actual Total Time": 194.053, "Actual Rows": 60021, "Actual Loops": 2003, "Recheck Cond": "(l_partkey = public.part.p_partkey)", "Rows Removed by Index Recheck": 0, "Exact Heap Blocks": 60018, "Lossy Heap Blocks": 60018, "Plans": [{"Node Type": "Bitmap Index Scan", "Parent Relationship": "Outer", "Index Name": "idx_lineitem_part_supp", "Startup Cost": 0.0, "Total Cost": 4.28, "Plan Rows": 6, "Plan Width": 0, "Actual Startup Time": 23.891, "Actual Total Time": 23.891, "Actual Rows": 60021, "Actual Loops": 2003, "Index Cond": "(l_partkey = public.part.p_partkey)"}]}]}]}]}]}]}, {"Node Type": "Bitmap Heap Scan", "Parent Relationship": "Inner", "Relation Name": "lineitem", "Alias": "lineitem", "Startup Cost": 4.22, "Total Cost": 28.29, "Plan Rows": 2, "Plan Width": 24, "Actual Startup Time": 89.451, "Actual Total Time": 204.392, "Actual Rows": 5403, "Actual Loops": 2003, "Recheck Cond": "(l_partkey = subquery.\"?column?\")", "Rows Removed by Index Recheck": 0, "Filter": "(l_quantity < (.2::double precision * subquery.\"?column?\"))", "Rows Removed by Filter": 54618, "Exact Heap Blocks": 60018, "Lossy Heap Blocks": 60018, "Plans": [{"Node Type": "Bitmap Index Scan", "Parent Relationship": "Outer", "Index Name": "idx_lineitem_part_supp", "Startup Cost": 0.0, "Total Cost": 4.22, "Plan Rows": 6, "Plan Width": 0, "Actual Startup Time": 24.425, "Actual Total Time": 24.425, "Actual Rows": 60021, "Actual Loops": 2003, "Index Cond": "(l_partkey = subquery.\"?column?\")"}]}]}]}, "Triggers": [], "Planner Runtime": 1.494, "Total Runtime": 2042.862, "Unique SQL Id": 1080450481}}, "(16, 35)": {"explain_plan": {"Plan": {"Node Type": "Aggregate", "Strategy": "Plain", "Startup Cost": 1001032279502.61, "Total Cost": 1001032279502.62, "Plan Rows": 1, "Plan Width": 16, "Plans": [{"Node Type": "Nested Loop", "Parent Relationship": "Outer", "Join Type": "Inner", "Startup Cost": 10000000004.74, "Total Cost": 1001032279500.6, "Plan Rows": 806, "Plan Width": 8, "Inner Unique": true, "Join Filter": "(public.lineitem.l_partkey = public.part.p_partkey)", "Plans": [{"Node Type": "Nested Loop", "Parent Relationship": "Outer", "Join Type": "Inner", "Startup Cost": 10000000004.48, "Total Cost": 1001032192561.0, "Plan Rows": 20274, "Plan Width": 24, "Inner Unique": false, "Plans": [{"Node Type": "Aggregate", "Strategy": "Sorted", "Parent Relationship": "Outer", "Startup Cost": 10000000000.26, "Total Cost": 1001031880124.59, "Plan Rows": 11032, "Plan Width": 80, "Group By Key": ["public.lineitem.l_partkey"], "Plans": [{"Node Type": "Nested Loop", "Parent Relationship": "Outer", "Join Type": "Semi", "Startup Cost": 10000000000.26, "Total Cost": 1001031879848.79, "Plan Rows": 11032, "Plan Width": 16, "Inner Unique": false, "Plans": [{"Node Type": "Index Scan", "Parent Relationship": "Outer", "Scan Direction": "Forward", "Index Name": "idx_lineitem_part_supp", "Relation Name": "lineitem", "Alias": "lineitem", "Startup Cost": 10000000000.0, "Total Cost": 1000775391319.64, "Plan Rows": 59987033, "Plan Width": 16}, {"Node Type": "Bitmap Heap Scan", "Parent Relationship": "Inner", "Relation Name": "part", "Alias": "part", "Startup Cost": 0.26, "Total Cost": 4.28, "Plan Rows": 1, "Plan Width": 8, "Recheck Cond": "(p_partkey = public.lineitem.l_partkey)", "Filter": "((p_brand = 'Brand#44'::bpchar) AND (p_container = 'WRAP PKG'::bpchar))", "Plans": [{"Node Type": "Bitmap Index Scan", "Parent Relationship": "Outer", "Index Name": "part_kpey", "Startup Cost": 0.0, "Total Cost": 0.26, "Plan Rows": 1, "Plan Width": 0, "Index Cond": "(p_partkey = public.lineitem.l_partkey)"}]}]}]}, {"Node Type": "Bitmap Heap Scan", "Parent Relationship": "Inner", "Relation Name": "lineitem", "Alias": "lineitem", "Startup Cost": 4.22, "Total Cost": 28.29, "Plan Rows": 2, "Plan Width": 24, "Recheck Cond": "(l_partkey = public.lineitem.l_partkey)", "Filter": "(l_quantity < (.2::double precision * (avg(public.lineitem.l_quantity))))", "Plans": [{"Node Type": "Bitmap Index Scan", "Parent Relationship": "Outer", "Index Name": "idx_lineitem_part_supp", "Startup Cost": 0.0, "Total Cost": 4.22, "Plan Rows": 6, "Plan Width": 0, "Index Cond": "(l_partkey = public.lineitem.l_partkey)"}]}]}, {"Node Type": "Bitmap Heap Scan", "Parent Relationship": "Inner", "Relation Name": "part", "Alias": "part", "Startup Cost": 0.26, "Total Cost": 4.28, "Plan Rows": 1, "Plan Width": 8, "Recheck Cond": "(p_partkey = public.lineitem.l_partkey)", "Filter": "((p_brand = 'Brand#44'::bpchar) AND (p_container = 'WRAP PKG'::bpchar))", "Plans": [{"Node Type": "Bitmap Index Scan", "Parent Relationship": "Outer", "Index Name": "part_kpey", "Startup Cost": 0.0, "Total Cost": 0.26, "Plan Rows": 1, "Plan Width": 0, "Index Cond": "(p_partkey = public.lineitem.l_partkey)"}]}]}]}, "Unique SQL Id": 1080450481}, "explain_analyze_plan": null}, "(16, 36)": {"explain_plan": {"Plan": {"Node Type": "Aggregate", "Strategy": "Plain", "Startup Cost": 208324.62, "Total Cost": 208324.63, "Plan Rows": 1, "Plan Width": 16, "Plans": [{"Node Type": "Nested Loop", "Parent Relationship": "Outer", "Join Type": "Inner", "Startup Cost": 128691.05, "Total Cost": 208322.6, "Plan Rows": 806, "Plan Width": 8, "Inner Unique": false, "Plans": [{"Node Type": "Nested Loop", "Parent Relationship": "Outer", "Join Type": "Inner", "Startup Cost": 128691.05, "Total Cost": 196146.55, "Plan Rows": 438, "Plan Width": 24, "Inner Unique": true, "Plans": [{"Node Type": "Aggregate", "Strategy": "Hashed", "Parent Relationship": "Outer", "Startup Cost": 128691.05, "Total Cost": 128884.11, "Plan Rows": 11032, "Plan Width": 16, "Group By Key": ["public.lineitem.l_partkey"], "Plans": [{"Node Type": "Nested Loop", "Parent Relationship": "Outer", "Join Type": "Inner", "Startup Cost": 0.0, "Total Cost": 128608.31, "Plan Rows": 11032, "Plan Width": 16, "Inner Unique": false, "Plans": [{"Node Type": "Seq Scan", "Parent Relationship": "Outer", "Relation Name": "part", "Alias": "part", "Startup Cost": 0.0, "Total Cost": 71944.0, "Plan Rows": 2001, "Plan Width": 8, "Filter": "((p_brand = 'Brand#44'::bpchar) AND (p_container = 'WRAP PKG'::bpchar))"}, {"Node Type": "Index Scan", "Parent Relationship": "Inner", "Scan Direction": "Forward", "Index Name": "idx_lineitem_part_supp", "Relation Name": "lineitem", "Alias": "lineitem", "Startup Cost": 0.0, "Total Cost": 28.26, "Plan Rows": 6, "Plan Width": 16, "Index Cond": "(l_partkey = public.part.p_partkey)"}]}]}, {"Node Type": "Index Scan", "Parent Relationship": "Inner", "Scan Direction": "Forward", "Index Name": "part_kpey", "Relation Name": "part", "Alias": "part", "Startup Cost": 0.0, "Total Cost": 6.08, "Plan Rows": 1, "Plan Width": 8, "Index Cond": "(p_partkey = public.lineitem.l_partkey)", "Filter": "((p_brand = 'Brand#44'::bpchar) AND (p_container = 'WRAP PKG'::bpchar))"}]}, {"Node Type": "Index Scan", "Parent Relationship": "Inner", "Scan Direction": "Forward", "Index Name": "idx_lineitem_part_supp", "Relation Name": "lineitem", "Alias": "lineitem", "Startup Cost": 0.0, "Total Cost": 27.78, "Plan Rows": 2, "Plan Width": 24, "Index Cond": "(l_partkey = public.lineitem.l_partkey)", "Filter": "(l_quantity < (.2::double precision * (avg(public.lineitem.l_quantity))))"}]}]}, "Unique SQL Id": 1080450481}, "explain_analyze_plan": {"Plan": {"Node Type": "Aggregate", "Strategy": "Plain", "Startup Cost": 208324.62, "Total Cost": 208324.63, "Plan Rows": 1, "Plan Width": 16, "Actual Startup Time": 1198.059, "Actual Total Time": 1198.06, "Actual Rows": 1, "Actual Loops": 1, "Plans": [{"Node Type": "Nested Loop", "Parent Relationship": "Outer", "Join Type": "Inner", "Startup Cost": 128691.05, "Total Cost": 208322.6, "Plan Rows": 806, "Plan Width": 8, "Actual Startup Time": 1016.325, "Actual Total Time": 1197.018, "Actual Rows": 5403, "Actual Loops": 1, "Inner Unique": false, "Plans": [{"Node Type": "Nested Loop", "Parent Relationship": "Outer", "Join Type": "Inner", "Startup Cost": 128691.05, "Total Cost": 196146.55, "Plan Rows": 438, "Plan Width": 24, "Actual Startup Time": 1016.297, "Actual Total Time": 1034.231, "Actual Rows": 2003, "Actual Loops": 1, "Inner Unique": true, "Plans": [{"Node Type": "Aggregate", "Strategy": "Hashed", "Parent Relationship": "Outer", "Startup Cost": 128691.05, "Total Cost": 128884.11, "Plan Rows": 11032, "Plan Width": 16, "Actual Startup Time": 1016.266, "Actual Total Time": 1017.905, "Actual Rows": 2003, "Actual Loops": 1, "Group By Key": ["public.lineitem.l_partkey"], "Plans": [{"Node Type": "Nested Loop", "Parent Relationship": "Outer", "Join Type": "Inner", "Startup Cost": 0.0, "Total Cost": 128608.31, "Plan Rows": 11032, "Plan Width": 16, "Actual Startup Time": 0.361, "Actual Total Time": 975.259, "Actual Rows": 60021, "Actual Loops": 1, "Inner Unique": false, "Plans": [{"Node Type": "Seq Scan", "Parent Relationship": "Outer", "Relation Name": "part", "Alias": "part", "Startup Cost": 0.0, "Total Cost": 71944.0, "Plan Rows": 2001, "Plan Width": 8, "Actual Startup Time": 0.34, "Actual Total Time": 786.254, "Actual Rows": 2003, "Actual Loops": 1, "Filter": "((p_brand = 'Brand#44'::bpchar) AND (p_container = 'WRAP PKG'::bpchar))", "Rows Removed by Filter": 1997997}, {"Node Type": "Index Scan", "Parent Relationship": "Inner", "Scan Direction": "Forward", "Index Name": "idx_lineitem_part_supp", "Relation Name": "lineitem", "Alias": "lineitem", "Startup Cost": 0.0, "Total Cost": 28.26, "Plan Rows": 6, "Plan Width": 16, "Actual Startup Time": 25.976, "Actual Total Time": 174.503, "Actual Rows": 60021, "Actual Loops": 2003, "Index Cond": "(l_partkey = public.part.p_partkey)", "Rows Removed by Index Recheck": 0}]}]}, {"Node Type": "Index Scan", "Parent Relationship": "Inner", "Scan Direction": "Forward", "Index Name": "part_kpey", "Relation Name": "part", "Alias": "part", "Startup Cost": 0.0, "Total Cost": 6.08, "Plan Rows": 1, "Plan Width": 8, "Actual Startup Time": 14.697, "Actual Total Time": 14.697, "Actual Rows": 2003, "Actual Loops": 2003, "Index Cond": "(p_partkey = public.lineitem.l_partkey)", "Rows Removed by Index Recheck": 0, "Filter": "((p_brand = 'Brand#44'::bpchar) AND (p_container = 'WRAP PKG'::bpchar))", "Rows Removed by Filter": 0}]}, {"Node Type": "Index Scan", "Parent Relationship": "Inner", "Scan Direction": "Forward", "Index Name": "idx_lineitem_part_supp", "Relation Name": "lineitem", "Alias": "lineitem", "Startup Cost": 0.0, "Total Cost": 27.78, "Plan Rows": 2, "Plan Width": 24, "Actual Startup Time": 65.051, "Actual Total Time": 160.425, "Actual Rows": 5403, "Actual Loops": 2003, "Index Cond": "(l_partkey = public.lineitem.l_partkey)", "Rows Removed by Index Recheck": 0, "Filter": "(l_quantity < (.2::double precision * (avg(public.lineitem.l_quantity))))", "Rows Removed by Filter": 54618}]}]}, "Triggers": [], "Planner Runtime": 1.534, "Total Runtime": 1198.321, "Unique SQL Id": 1080450481}}, "(16, 37)": {"explain_plan": {"Plan": {"Node Type": "Aggregate", "Strategy": "Plain", "Startup Cost": 247183.87, "Total Cost": 247183.88, "Plan Rows": 1, "Plan Width": 16, "Plans": [{"Node Type": "Nested Loop", "Parent Relationship": "Outer", "Join Type": "Inner", "Startup Cost": 0.0, "Total Cost": 247181.85, "Plan Rows": 806, "Plan Width": 8, "Inner Unique": false, "Plans": [{"Node Type": "Nested Loop", "Parent Relationship": "Outer", "Join Type": "Inner", "Startup Cost": 0.0, "Total Cost": 235005.8, "Plan Rows": 438, "Plan Width": 24, "Inner Unique": true, "Plans": [{"Node Type": "Aggregate", "Strategy": "Sorted", "Parent Relationship": "Outer", "Startup Cost": 0.0, "Total Cost": 167743.36, "Plan Rows": 11032, "Plan Width": 80, "Group By Key": ["public.lineitem.l_partkey"], "Plans": [{"Node Type": "Nested Loop", "Parent Relationship": "Outer", "Join Type": "Inner", "Startup Cost": 0.0, "Total Cost": 167467.56, "Plan Rows": 11032, "Plan Width": 16, "Inner Unique": false, "Plans": [{"Node Type": "Index Scan", "Parent Relationship": "Outer", "Scan Direction": "Forward", "Index Name": "part_kpey", "Relation Name": "part", "Alias": "part", "Startup Cost": 0.0, "Total Cost": 110803.25, "Plan Rows": 2001, "Plan Width": 8, "Filter": "((p_brand = 'Brand#44'::bpchar) AND (p_container = 'WRAP PKG'::bpchar))"}, {"Node Type": "Index Scan", "Parent Relationship": "Inner", "Scan Direction": "Forward", "Index Name": "idx_lineitem_part_supp", "Relation Name": "lineitem", "Alias": "lineitem", "Startup Cost": 0.0, "Total Cost": 28.26, "Plan Rows": 6, "Plan Width": 16, "Index Cond": "(l_partkey = public.part.p_partkey)"}]}]}, {"Node Type": "Index Scan", "Parent Relationship": "Inner", "Scan Direction": "Forward", "Index Name": "part_kpey", "Relation Name": "part", "Alias": "part", "Startup Cost": 0.0, "Total Cost": 6.08, "Plan Rows": 1, "Plan Width": 8, "Index Cond": "(p_partkey = public.lineitem.l_partkey)", "Filter": "((p_brand = 'Brand#44'::bpchar) AND (p_container = 'WRAP PKG'::bpchar))"}]}, {"Node Type": "Index Scan", "Parent Relationship": "Inner", "Scan Direction": "Forward", "Index Name": "idx_lineitem_part_supp", "Relation Name": "lineitem", "Alias": "lineitem", "Startup Cost": 0.0, "Total Cost": 27.78, "Plan Rows": 2, "Plan Width": 24, "Index Cond": "(l_partkey = public.lineitem.l_partkey)", "Filter": "(l_quantity < (.2::double precision * (avg(public.lineitem.l_quantity))))"}]}]}, "Unique SQL Id": 1080450481}, "explain_analyze_plan": {"Plan": {"Node Type": "Aggregate", "Strategy": "Plain", "Startup Cost": 247183.87, "Total Cost": 247183.88, "Plan Rows": 1, "Plan Width": 16, "Actual Startup Time": 1672.251, "Actual Total Time": 1672.251, "Actual Rows": 1, "Actual Loops": 1, "Plans": [{"Node Type": "Nested Loop", "Parent Relationship": "Outer", "Join Type": "Inner", "Startup Cost": 0.0, "Total Cost": 247181.85, "Plan Rows": 806, "Plan Width": 8, "Actual Startup Time": 1.789, "Actual Total Time": 1671.055, "Actual Rows": 5403, "Actual Loops": 1, "Inner Unique": false, "Plans": [{"Node Type": "Nested Loop", "Parent Relationship": "Outer", "Join Type": "Inner", "Startup Cost": 0.0, "Total Cost": 235005.8, "Plan Rows": 438, "Plan Width": 24, "Actual Startup Time": 1.749, "Actual Total Time": 1591.323, "Actual Rows": 2003, "Actual Loops": 1, "Inner Unique": true, "Plans": [{"Node Type": "Aggregate", "Strategy": "Sorted", "Parent Relationship": "Outer", "Startup Cost": 0.0, "Total Cost": 167743.36, "Plan Rows": 11032, "Plan Width": 80, "Actual Startup Time": 1.737, "Actual Total Time": 1579.292, "Actual Rows": 2003, "Actual Loops": 1, "Group By Key": ["public.lineitem.l_partkey"], "Plans": [{"Node Type": "Nested Loop", "Parent Relationship": "Outer", "Join Type": "Inner", "Startup Cost": 0.0, "Total Cost": 167467.56, "Plan Rows": 11032, "Plan Width": 16, "Actual Startup Time": 0.583, "Actual Total Time": 1545.893, "Actual Rows": 60021, "Actual Loops": 1, "Inner Unique": false, "Plans": [{"Node Type": "Index Scan", "Parent Relationship": "Outer", "Scan Direction": "Forward", "Index Name": "part_kpey", "Relation Name": "part", "Alias": "part", "Startup Cost": 0.0, "Total Cost": 110803.25, "Plan Rows": 2001, "Plan Width": 8, "Actual Startup Time": 0.567, "Actual Total Time": 1351.997, "Actual Rows": 2003, "Actual Loops": 1, "Filter": "((p_brand = 'Brand#44'::bpchar) AND (p_container = 'WRAP PKG'::bpchar))", "Rows Removed by Filter": 1997997}, {"Node Type": "Index Scan", "Parent Relationship": "Inner", "Scan Direction": "Forward", "Index Name": "idx_lineitem_part_supp", "Relation Name": "lineitem", "Alias": "lineitem", "Startup Cost": 0.0, "Total Cost": 28.26, "Plan Rows": 6, "Plan Width": 16, "Actual Startup Time": 26.124, "Actual Total Time": 178.211, "Actual Rows": 60021, "Actual Loops": 2003, "Index Cond": "(l_partkey = public.part.p_partkey)", "Rows Removed by Index Recheck": 0}]}]}, {"Node Type": "Index Scan", "Parent Relationship": "Inner", "Scan Direction": "Forward", "Index Name": "part_kpey", "Relation Name": "part", "Alias": "part", "Startup Cost": 0.0, "Total Cost": 6.08, "Plan Rows": 1, "Plan Width": 8, "Actual Startup Time": 9.363, "Actual Total Time": 9.363, "Actual Rows": 2003, "Actual Loops": 2003, "Index Cond": "(p_partkey = public.lineitem.l_partkey)", "Rows Removed by Index Recheck": 0, "Filter": "((p_brand = 'Brand#44'::bpchar) AND (p_container = 'WRAP PKG'::bpchar))", "Rows Removed by Filter": 0}]}, {"Node Type": "Index Scan", "Parent Relationship": "Inner", "Scan Direction": "Forward", "Index Name": "idx_lineitem_part_supp", "Relation Name": "lineitem", "Alias": "lineitem", "Startup Cost": 0.0, "Total Cost": 27.78, "Plan Rows": 2, "Plan Width": 24, "Actual Startup Time": 33.256, "Actual Total Time": 76.813, "Actual Rows": 5403, "Actual Loops": 2003, "Index Cond": "(l_partkey = public.lineitem.l_partkey)", "Rows Removed by Index Recheck": 0, "Filter": "(l_quantity < (.2::double precision * (avg(public.lineitem.l_quantity))))", "Rows Removed by Filter": 54618}]}]}, "Triggers": [], "Planner Runtime": 1.448, "Total Runtime": 1672.5, "Unique SQL Id": 1080450481}}, "(16, 38)": {"explain_plan": {"Plan": {"Node Type": "Aggregate", "Strategy": "Plain", "Startup Cost": 213754.44, "Total Cost": 213754.45, "Plan Rows": 1, "Plan Width": 16, "Plans": [{"Node Type": "Nested Loop", "Parent Relationship": "Outer", "Join Type": "Inner", "Startup Cost": 129265.51, "Total Cost": 213752.42, "Plan Rows": 806, "Plan Width": 8, "Inner Unique": false, "Plans": [{"Node Type": "Hash Join", "Parent Relationship": "Outer", "Join Type": "Inner", "Startup Cost": 129261.29, "Total Cost": 201352.24, "Plan Rows": 438, "Plan Width": 24, "Inner Unique": true, "Hash Cond": "(public.part.p_partkey = subquery.\"?column?\")", "Plans": [{"Node Type": "Seq Scan", "Parent Relationship": "Outer", "Relation Name": "part", "Alias": "part", "Startup Cost": 0.0, "Total Cost": 71944.0, "Plan Rows": 2001, "Plan Width": 8, "Filter": "((p_brand = 'Brand#44'::bpchar) AND (p_container = 'WRAP PKG'::bpchar))"}, {"Node Type": "Hash", "Parent Relationship": "Inner", "Startup Cost": 129123.39, "Total Cost": 129123.39, "Plan Rows": 11032, "Plan Width": 16, "Plans": [{"Node Type": "Subquery Scan", "Parent Relationship": "Outer", "Alias": "subquery", "Startup Cost": 128820.01, "Total Cost": 129123.39, "Plan Rows": 11032, "Plan Width": 16, "Plans": [{"Node Type": "Aggregate", "Strategy": "Hashed", "Parent Relationship": "Subquery", "Startup Cost": 128820.01, "Total Cost": 129013.07, "Plan Rows": 11032, "Plan Width": 16, "Group By Key": ["public.lineitem.l_partkey"], "Plans": [{"Node Type": "Nested Loop", "Parent Relationship": "Outer", "Join Type": "Inner", "Startup Cost": 4.28, "Total Cost": 128737.27, "Plan Rows": 11032, "Plan Width": 16, "Inner Unique": false, "Plans": [{"Node Type": "Seq Scan", "Parent Relationship": "Outer", "Relation Name": "part", "Alias": "part", "Startup Cost": 0.0, "Total Cost": 71944.0, "Plan Rows": 2001, "Plan Width": 8, "Filter": "((p_brand = 'Brand#44'::bpchar) AND (p_container = 'WRAP PKG'::bpchar))"}, {"Node Type": "Bitmap Heap Scan", "Parent Relationship": "Inner", "Relation Name": "lineitem", "Alias": "lineitem", "Startup Cost": 4.28, "Total Cost": 28.32, "Plan Rows": 6, "Plan Width": 16, "Recheck Cond": "(l_partkey = public.part.p_partkey)", "Plans": [{"Node Type": "Bitmap Index Scan", "Parent Relationship": "Outer", "Index Name": "idx_lineitem_part_supp", "Startup Cost": 0.0, "Total Cost": 4.28, "Plan Rows": 6, "Plan Width": 0, "Index Cond": "(l_partkey = public.part.p_partkey)"}]}]}]}]}]}]}, {"Node Type": "Bitmap Heap Scan", "Parent Relationship": "Inner", "Relation Name": "lineitem", "Alias": "lineitem", "Startup Cost": 4.22, "Total Cost": 28.29, "Plan Rows": 2, "Plan Width": 24, "Recheck Cond": "(l_partkey = subquery.\"?column?\")", "Filter": "(l_quantity < (.2::double precision * subquery.\"?column?\"))", "Plans": [{"Node Type": "Bitmap Index Scan", "Parent Relationship": "Outer", "Index Name": "idx_lineitem_part_supp", "Startup Cost": 0.0, "Total Cost": 4.22, "Plan Rows": 6, "Plan Width": 0, "Index Cond": "(l_partkey = subquery.\"?column?\")"}]}]}]}, "Unique SQL Id": 1080450481}, "explain_analyze_plan": {"Plan": {"Node Type": "Aggregate", "Strategy": "Plain", "Startup Cost": 213754.44, "Total Cost": 213754.45, "Plan Rows": 1, "Plan Width": 16, "Actual Startup Time": 2042.565, "Actual Total Time": 2042.565, "Actual Rows": 1, "Actual Loops": 1, "Plans": [{"Node Type": "Nested Loop", "Parent Relationship": "Outer", "Join Type": "Inner", "Startup Cost": 129265.51, "Total Cost": 213752.42, "Plan Rows": 806, "Plan Width": 8, "Actual Startup Time": 1040.32, "Actual Total Time": 2041.174, "Actual Rows": 5403, "Actual Loops": 1, "Inner Unique": false, "Plans": [{"Node Type": "Hash Join", "Parent Relationship": "Outer", "Join Type": "Inner", "Startup Cost": 129261.29, "Total Cost": 201352.24, "Plan Rows": 438, "Plan Width": 24, "Actual Startup Time": 1040.253, "Actual Total Time": 1830.392, "Actual Rows": 2003, "Actual Loops": 1, "Inner Unique": true, "Hash Cond": "(public.part.p_partkey = subquery.\"?column?\")", "Plans": [{"Node Type": "Seq Scan", "Parent Relationship": "Outer", "Relation Name": "part", "Alias": "part", "Startup Cost": 0.0, "Total Cost": 71944.0, "Plan Rows": 2001, "Plan Width": 8, "Actual Startup Time": 0.349, "Actual Total Time": 788.001, "Actual Rows": 2003, "Actual Loops": 1, "Filter": "((p_brand = 'Brand#44'::bpchar) AND (p_container = 'WRAP PKG'::bpchar))", "Rows Removed by Filter": 1997997}, {"Node Type": "Hash", "Parent Relationship": "Inner", "Startup Cost": 129123.39, "Total Cost": 129123.39, "Plan Rows": 11032, "Plan Width": 16, "Actual Startup Time": 1039.791, "Actual Total Time": 1039.791, "Actual Rows": 2003, "Actual Loops": 1, "Hash Buckets": 32768, "Hash Batches": 1, "Original Hash Batches": 1, "Peak Memory Usage": 94, "Plans": [{"Node Type": "Subquery Scan", "Parent Relationship": "Outer", "Alias": "subquery", "Startup Cost": 128820.01, "Total Cost": 129123.39, "Plan Rows": 11032, "Plan Width": 16, "Actual Startup Time": 1037.639, "Actual Total Time": 1039.094, "Actual Rows": 2003, "Actual Loops": 1, "Plans": [{"Node Type": "Aggregate", "Strategy": "Hashed", "Parent Relationship": "Subquery", "Startup Cost": 128820.01, "Total Cost": 129013.07, "Plan Rows": 11032, "Plan Width": 16, "Actual Startup Time": 1037.636, "Actual Total Time": 1038.645, "Actual Rows": 2003, "Actual Loops": 1, "Group By Key": ["public.lineitem.l_partkey"], "Plans": [{"Node Type": "Nested Loop", "Parent Relationship": "Outer", "Join Type": "Inner", "Startup Cost": 4.28, "Total Cost": 128737.27, "Plan Rows": 11032, "Plan Width": 16, "Actual Startup Time": 0.43, "Actual Total Time": 997.069, "Actual Rows": 60021, "Actual Loops": 1, "Inner Unique": false, "Plans": [{"Node Type": "Seq Scan", "Parent Relationship": "Outer", "Relation Name": "part", "Alias": "part", "Startup Cost": 0.0, "Total Cost": 71944.0, "Plan Rows": 2001, "Plan Width": 8, "Actual Startup Time": 0.313, "Actual Total Time": 785.123, "Actual Rows": 2003, "Actual Loops": 1, "Filter": "((p_brand = 'Brand#44'::bpchar) AND (p_container = 'WRAP PKG'::bpchar))", "Rows Removed by Filter": 1997997}, {"Node Type": "Bitmap Heap Scan", "Parent Relationship": "Inner", "Relation Name": "lineitem", "Alias": "lineitem", "Startup Cost": 4.28, "Total Cost": 28.32, "Plan Rows": 6, "Plan Width": 16, "Actual Startup Time": 37.436, "Actual Total Time": 194.053, "Actual Rows": 60021, "Actual Loops": 2003, "Recheck Cond": "(l_partkey = public.part.p_partkey)", "Rows Removed by Index Recheck": 0, "Exact Heap Blocks": 60018, "Lossy Heap Blocks": 60018, "Plans": [{"Node Type": "Bitmap Index Scan", "Parent Relationship": "Outer", "Index Name": "idx_lineitem_part_supp", "Startup Cost": 0.0, "Total Cost": 4.28, "Plan Rows": 6, "Plan Width": 0, "Actual Startup Time": 23.891, "Actual Total Time": 23.891, "Actual Rows": 60021, "Actual Loops": 2003, "Index Cond": "(l_partkey = public.part.p_partkey)"}]}]}]}]}]}]}, {"Node Type": "Bitmap Heap Scan", "Parent Relationship": "Inner", "Relation Name": "lineitem", "Alias": "lineitem", "Startup Cost": 4.22, "Total Cost": 28.29, "Plan Rows": 2, "Plan Width": 24, "Actual Startup Time": 89.451, "Actual Total Time": 204.392, "Actual Rows": 5403, "Actual Loops": 2003, "Recheck Cond": "(l_partkey = subquery.\"?column?\")", "Rows Removed by Index Recheck": 0, "Filter": "(l_quantity < (.2::double precision * subquery.\"?column?\"))", "Rows Removed by Filter": 54618, "Exact Heap Blocks": 60018, "Lossy Heap Blocks": 60018, "Plans": [{"Node Type": "Bitmap Index Scan", "Parent Relationship": "Outer", "Index Name": "idx_lineitem_part_supp", "Startup Cost": 0.0, "Total Cost": 4.22, "Plan Rows": 6, "Plan Width": 0, "Actual Startup Time": 24.425, "Actual Total Time": 24.425, "Actual Rows": 60021, "Actual Loops": 2003, "Index Cond": "(l_partkey = subquery.\"?column?\")"}]}]}]}, "Triggers": [], "Planner Runtime": 1.494, "Total Runtime": 2042.862, "Unique SQL Id": 1080450481}}, "(16, 39)": {"explain_plan": {"Plan": {"Node Type": "Aggregate", "Strategy": "Plain", "Startup Cost": 1001032279502.61, "Total Cost": 1001032279502.62, "Plan Rows": 1, "Plan Width": 16, "Plans": [{"Node Type": "Nested Loop", "Parent Relationship": "Outer", "Join Type": "Inner", "Startup Cost": 10000000004.74, "Total Cost": 1001032279500.6, "Plan Rows": 806, "Plan Width": 8, "Inner Unique": true, "Join Filter": "(public.lineitem.l_partkey = public.part.p_partkey)", "Plans": [{"Node Type": "Nested Loop", "Parent Relationship": "Outer", "Join Type": "Inner", "Startup Cost": 10000000004.48, "Total Cost": 1001032192561.0, "Plan Rows": 20274, "Plan Width": 24, "Inner Unique": false, "Plans": [{"Node Type": "Aggregate", "Strategy": "Sorted", "Parent Relationship": "Outer", "Startup Cost": 10000000000.26, "Total Cost": 1001031880124.59, "Plan Rows": 11032, "Plan Width": 80, "Group By Key": ["public.lineitem.l_partkey"], "Plans": [{"Node Type": "Nested Loop", "Parent Relationship": "Outer", "Join Type": "Semi", "Startup Cost": 10000000000.26, "Total Cost": 1001031879848.79, "Plan Rows": 11032, "Plan Width": 16, "Inner Unique": false, "Plans": [{"Node Type": "Index Scan", "Parent Relationship": "Outer", "Scan Direction": "Forward", "Index Name": "idx_lineitem_part_supp", "Relation Name": "lineitem", "Alias": "lineitem", "Startup Cost": 10000000000.0, "Total Cost": 1000775391319.64, "Plan Rows": 59987033, "Plan Width": 16}, {"Node Type": "Bitmap Heap Scan", "Parent Relationship": "Inner", "Relation Name": "part", "Alias": "part", "Startup Cost": 0.26, "Total Cost": 4.28, "Plan Rows": 1, "Plan Width": 8, "Recheck Cond": "(p_partkey = public.lineitem.l_partkey)", "Filter": "((p_brand = 'Brand#44'::bpchar) AND (p_container = 'WRAP PKG'::bpchar))", "Plans": [{"Node Type": "Bitmap Index Scan", "Parent Relationship": "Outer", "Index Name": "part_kpey", "Startup Cost": 0.0, "Total Cost": 0.26, "Plan Rows": 1, "Plan Width": 0, "Index Cond": "(p_partkey = public.lineitem.l_partkey)"}]}]}]}, {"Node Type": "Bitmap Heap Scan", "Parent Relationship": "Inner", "Relation Name": "lineitem", "Alias": "lineitem", "Startup Cost": 4.22, "Total Cost": 28.29, "Plan Rows": 2, "Plan Width": 24, "Recheck Cond": "(l_partkey = public.lineitem.l_partkey)", "Filter": "(l_quantity < (.2::double precision * (avg(public.lineitem.l_quantity))))", "Plans": [{"Node Type": "Bitmap Index Scan", "Parent Relationship": "Outer", "Index Name": "idx_lineitem_part_supp", "Startup Cost": 0.0, "Total Cost": 4.22, "Plan Rows": 6, "Plan Width": 0, "Index Cond": "(l_partkey = public.lineitem.l_partkey)"}]}]}, {"Node Type": "Bitmap Heap Scan", "Parent Relationship": "Inner", "Relation Name": "part", "Alias": "part", "Startup Cost": 0.26, "Total Cost": 4.28, "Plan Rows": 1, "Plan Width": 8, "Recheck Cond": "(p_partkey = public.lineitem.l_partkey)", "Filter": "((p_brand = 'Brand#44'::bpchar) AND (p_container = 'WRAP PKG'::bpchar))", "Plans": [{"Node Type": "Bitmap Index Scan", "Parent Relationship": "Outer", "Index Name": "part_kpey", "Startup Cost": 0.0, "Total Cost": 0.26, "Plan Rows": 1, "Plan Width": 0, "Index Cond": "(p_partkey = public.lineitem.l_partkey)"}]}]}]}, "Unique SQL Id": 1080450481}, "explain_analyze_plan": null}, "(16, 40)": {"explain_plan": {"Plan": {"Node Type": "Aggregate", "Strategy": "Plain", "Startup Cost": 208324.62, "Total Cost": 208324.63, "Plan Rows": 1, "Plan Width": 16, "Plans": [{"Node Type": "Nested Loop", "Parent Relationship": "Outer", "Join Type": "Inner", "Startup Cost": 128691.05, "Total Cost": 208322.6, "Plan Rows": 806, "Plan Width": 8, "Inner Unique": false, "Plans": [{"Node Type": "Nested Loop", "Parent Relationship": "Outer", "Join Type": "Inner", "Startup Cost": 128691.05, "Total Cost": 196146.55, "Plan Rows": 438, "Plan Width": 24, "Inner Unique": true, "Plans": [{"Node Type": "Aggregate", "Strategy": "Hashed", "Parent Relationship": "Outer", "Startup Cost": 128691.05, "Total Cost": 128884.11, "Plan Rows": 11032, "Plan Width": 16, "Group By Key": ["public.lineitem.l_partkey"], "Plans": [{"Node Type": "Nested Loop", "Parent Relationship": "Outer", "Join Type": "Inner", "Startup Cost": 0.0, "Total Cost": 128608.31, "Plan Rows": 11032, "Plan Width": 16, "Inner Unique": false, "Plans": [{"Node Type": "Seq Scan", "Parent Relationship": "Outer", "Relation Name": "part", "Alias": "part", "Startup Cost": 0.0, "Total Cost": 71944.0, "Plan Rows": 2001, "Plan Width": 8, "Filter": "((p_brand = 'Brand#44'::bpchar) AND (p_container = 'WRAP PKG'::bpchar))"}, {"Node Type": "Index Scan", "Parent Relationship": "Inner", "Scan Direction": "Forward", "Index Name": "idx_lineitem_part_supp", "Relation Name": "lineitem", "Alias": "lineitem", "Startup Cost": 0.0, "Total Cost": 28.26, "Plan Rows": 6, "Plan Width": 16, "Index Cond": "(l_partkey = public.part.p_partkey)"}]}]}, {"Node Type": "Index Scan", "Parent Relationship": "Inner", "Scan Direction": "Forward", "Index Name": "part_kpey", "Relation Name": "part", "Alias": "part", "Startup Cost": 0.0, "Total Cost": 6.08, "Plan Rows": 1, "Plan Width": 8, "Index Cond": "(p_partkey = public.lineitem.l_partkey)", "Filter": "((p_brand = 'Brand#44'::bpchar) AND (p_container = 'WRAP PKG'::bpchar))"}]}, {"Node Type": "Index Scan", "Parent Relationship": "Inner", "Scan Direction": "Forward", "Index Name": "idx_lineitem_part_supp", "Relation Name": "lineitem", "Alias": "lineitem", "Startup Cost": 0.0, "Total Cost": 27.78, "Plan Rows": 2, "Plan Width": 24, "Index Cond": "(l_partkey = public.lineitem.l_partkey)", "Filter": "(l_quantity < (.2::double precision * (avg(public.lineitem.l_quantity))))"}]}]}, "Unique SQL Id": 1080450481}, "explain_analyze_plan": {"Plan": {"Node Type": "Aggregate", "Strategy": "Plain", "Startup Cost": 208324.62, "Total Cost": 208324.63, "Plan Rows": 1, "Plan Width": 16, "Actual Startup Time": 1198.059, "Actual Total Time": 1198.06, "Actual Rows": 1, "Actual Loops": 1, "Plans": [{"Node Type": "Nested Loop", "Parent Relationship": "Outer", "Join Type": "Inner", "Startup Cost": 128691.05, "Total Cost": 208322.6, "Plan Rows": 806, "Plan Width": 8, "Actual Startup Time": 1016.325, "Actual Total Time": 1197.018, "Actual Rows": 5403, "Actual Loops": 1, "Inner Unique": false, "Plans": [{"Node Type": "Nested Loop", "Parent Relationship": "Outer", "Join Type": "Inner", "Startup Cost": 128691.05, "Total Cost": 196146.55, "Plan Rows": 438, "Plan Width": 24, "Actual Startup Time": 1016.297, "Actual Total Time": 1034.231, "Actual Rows": 2003, "Actual Loops": 1, "Inner Unique": true, "Plans": [{"Node Type": "Aggregate", "Strategy": "Hashed", "Parent Relationship": "Outer", "Startup Cost": 128691.05, "Total Cost": 128884.11, "Plan Rows": 11032, "Plan Width": 16, "Actual Startup Time": 1016.266, "Actual Total Time": 1017.905, "Actual Rows": 2003, "Actual Loops": 1, "Group By Key": ["public.lineitem.l_partkey"], "Plans": [{"Node Type": "Nested Loop", "Parent Relationship": "Outer", "Join Type": "Inner", "Startup Cost": 0.0, "Total Cost": 128608.31, "Plan Rows": 11032, "Plan Width": 16, "Actual Startup Time": 0.361, "Actual Total Time": 975.259, "Actual Rows": 60021, "Actual Loops": 1, "Inner Unique": false, "Plans": [{"Node Type": "Seq Scan", "Parent Relationship": "Outer", "Relation Name": "part", "Alias": "part", "Startup Cost": 0.0, "Total Cost": 71944.0, "Plan Rows": 2001, "Plan Width": 8, "Actual Startup Time": 0.34, "Actual Total Time": 786.254, "Actual Rows": 2003, "Actual Loops": 1, "Filter": "((p_brand = 'Brand#44'::bpchar) AND (p_container = 'WRAP PKG'::bpchar))", "Rows Removed by Filter": 1997997}, {"Node Type": "Index Scan", "Parent Relationship": "Inner", "Scan Direction": "Forward", "Index Name": "idx_lineitem_part_supp", "Relation Name": "lineitem", "Alias": "lineitem", "Startup Cost": 0.0, "Total Cost": 28.26, "Plan Rows": 6, "Plan Width": 16, "Actual Startup Time": 25.976, "Actual Total Time": 174.503, "Actual Rows": 60021, "Actual Loops": 2003, "Index Cond": "(l_partkey = public.part.p_partkey)", "Rows Removed by Index Recheck": 0}]}]}, {"Node Type": "Index Scan", "Parent Relationship": "Inner", "Scan Direction": "Forward", "Index Name": "part_kpey", "Relation Name": "part", "Alias": "part", "Startup Cost": 0.0, "Total Cost": 6.08, "Plan Rows": 1, "Plan Width": 8, "Actual Startup Time": 14.697, "Actual Total Time": 14.697, "Actual Rows": 2003, "Actual Loops": 2003, "Index Cond": "(p_partkey = public.lineitem.l_partkey)", "Rows Removed by Index Recheck": 0, "Filter": "((p_brand = 'Brand#44'::bpchar) AND (p_container = 'WRAP PKG'::bpchar))", "Rows Removed by Filter": 0}]}, {"Node Type": "Index Scan", "Parent Relationship": "Inner", "Scan Direction": "Forward", "Index Name": "idx_lineitem_part_supp", "Relation Name": "lineitem", "Alias": "lineitem", "Startup Cost": 0.0, "Total Cost": 27.78, "Plan Rows": 2, "Plan Width": 24, "Actual Startup Time": 65.051, "Actual Total Time": 160.425, "Actual Rows": 5403, "Actual Loops": 2003, "Index Cond": "(l_partkey = public.lineitem.l_partkey)", "Rows Removed by Index Recheck": 0, "Filter": "(l_quantity < (.2::double precision * (avg(public.lineitem.l_quantity))))", "Rows Removed by Filter": 54618}]}]}, "Triggers": [], "Planner Runtime": 1.534, "Total Runtime": 1198.321, "Unique SQL Id": 1080450481}}, "(16, 41)": {"explain_plan": {"Plan": {"Node Type": "Aggregate", "Strategy": "Plain", "Startup Cost": 247183.87, "Total Cost": 247183.88, "Plan Rows": 1, "Plan Width": 16, "Plans": [{"Node Type": "Nested Loop", "Parent Relationship": "Outer", "Join Type": "Inner", "Startup Cost": 0.0, "Total Cost": 247181.85, "Plan Rows": 806, "Plan Width": 8, "Inner Unique": false, "Plans": [{"Node Type": "Nested Loop", "Parent Relationship": "Outer", "Join Type": "Inner", "Startup Cost": 0.0, "Total Cost": 235005.8, "Plan Rows": 438, "Plan Width": 24, "Inner Unique": true, "Plans": [{"Node Type": "Aggregate", "Strategy": "Sorted", "Parent Relationship": "Outer", "Startup Cost": 0.0, "Total Cost": 167743.36, "Plan Rows": 11032, "Plan Width": 80, "Group By Key": ["public.lineitem.l_partkey"], "Plans": [{"Node Type": "Nested Loop", "Parent Relationship": "Outer", "Join Type": "Inner", "Startup Cost": 0.0, "Total Cost": 167467.56, "Plan Rows": 11032, "Plan Width": 16, "Inner Unique": false, "Plans": [{"Node Type": "Index Scan", "Parent Relationship": "Outer", "Scan Direction": "Forward", "Index Name": "part_kpey", "Relation Name": "part", "Alias": "part", "Startup Cost": 0.0, "Total Cost": 110803.25, "Plan Rows": 2001, "Plan Width": 8, "Filter": "((p_brand = 'Brand#44'::bpchar) AND (p_container = 'WRAP PKG'::bpchar))"}, {"Node Type": "Index Scan", "Parent Relationship": "Inner", "Scan Direction": "Forward", "Index Name": "idx_lineitem_part_supp", "Relation Name": "lineitem", "Alias": "lineitem", "Startup Cost": 0.0, "Total Cost": 28.26, "Plan Rows": 6, "Plan Width": 16, "Index Cond": "(l_partkey = public.part.p_partkey)"}]}]}, {"Node Type": "Index Scan", "Parent Relationship": "Inner", "Scan Direction": "Forward", "Index Name": "part_kpey", "Relation Name": "part", "Alias": "part", "Startup Cost": 0.0, "Total Cost": 6.08, "Plan Rows": 1, "Plan Width": 8, "Index Cond": "(p_partkey = public.lineitem.l_partkey)", "Filter": "((p_brand = 'Brand#44'::bpchar) AND (p_container = 'WRAP PKG'::bpchar))"}]}, {"Node Type": "Index Scan", "Parent Relationship": "Inner", "Scan Direction": "Forward", "Index Name": "idx_lineitem_part_supp", "Relation Name": "lineitem", "Alias": "lineitem", "Startup Cost": 0.0, "Total Cost": 27.78, "Plan Rows": 2, "Plan Width": 24, "Index Cond": "(l_partkey = public.lineitem.l_partkey)", "Filter": "(l_quantity < (.2::double precision * (avg(public.lineitem.l_quantity))))"}]}]}, "Unique SQL Id": 1080450481}, "explain_analyze_plan": {"Plan": {"Node Type": "Aggregate", "Strategy": "Plain", "Startup Cost": 247183.87, "Total Cost": 247183.88, "Plan Rows": 1, "Plan Width": 16, "Actual Startup Time": 1672.251, "Actual Total Time": 1672.251, "Actual Rows": 1, "Actual Loops": 1, "Plans": [{"Node Type": "Nested Loop", "Parent Relationship": "Outer", "Join Type": "Inner", "Startup Cost": 0.0, "Total Cost": 247181.85, "Plan Rows": 806, "Plan Width": 8, "Actual Startup Time": 1.789, "Actual Total Time": 1671.055, "Actual Rows": 5403, "Actual Loops": 1, "Inner Unique": false, "Plans": [{"Node Type": "Nested Loop", "Parent Relationship": "Outer", "Join Type": "Inner", "Startup Cost": 0.0, "Total Cost": 235005.8, "Plan Rows": 438, "Plan Width": 24, "Actual Startup Time": 1.749, "Actual Total Time": 1591.323, "Actual Rows": 2003, "Actual Loops": 1, "Inner Unique": true, "Plans": [{"Node Type": "Aggregate", "Strategy": "Sorted", "Parent Relationship": "Outer", "Startup Cost": 0.0, "Total Cost": 167743.36, "Plan Rows": 11032, "Plan Width": 80, "Actual Startup Time": 1.737, "Actual Total Time": 1579.292, "Actual Rows": 2003, "Actual Loops": 1, "Group By Key": ["public.lineitem.l_partkey"], "Plans": [{"Node Type": "Nested Loop", "Parent Relationship": "Outer", "Join Type": "Inner", "Startup Cost": 0.0, "Total Cost": 167467.56, "Plan Rows": 11032, "Plan Width": 16, "Actual Startup Time": 0.583, "Actual Total Time": 1545.893, "Actual Rows": 60021, "Actual Loops": 1, "Inner Unique": false, "Plans": [{"Node Type": "Index Scan", "Parent Relationship": "Outer", "Scan Direction": "Forward", "Index Name": "part_kpey", "Relation Name": "part", "Alias": "part", "Startup Cost": 0.0, "Total Cost": 110803.25, "Plan Rows": 2001, "Plan Width": 8, "Actual Startup Time": 0.567, "Actual Total Time": 1351.997, "Actual Rows": 2003, "Actual Loops": 1, "Filter": "((p_brand = 'Brand#44'::bpchar) AND (p_container = 'WRAP PKG'::bpchar))", "Rows Removed by Filter": 1997997}, {"Node Type": "Index Scan", "Parent Relationship": "Inner", "Scan Direction": "Forward", "Index Name": "idx_lineitem_part_supp", "Relation Name": "lineitem", "Alias": "lineitem", "Startup Cost": 0.0, "Total Cost": 28.26, "Plan Rows": 6, "Plan Width": 16, "Actual Startup Time": 26.124, "Actual Total Time": 178.211, "Actual Rows": 60021, "Actual Loops": 2003, "Index Cond": "(l_partkey = public.part.p_partkey)", "Rows Removed by Index Recheck": 0}]}]}, {"Node Type": "Index Scan", "Parent Relationship": "Inner", "Scan Direction": "Forward", "Index Name": "part_kpey", "Relation Name": "part", "Alias": "part", "Startup Cost": 0.0, "Total Cost": 6.08, "Plan Rows": 1, "Plan Width": 8, "Actual Startup Time": 9.363, "Actual Total Time": 9.363, "Actual Rows": 2003, "Actual Loops": 2003, "Index Cond": "(p_partkey = public.lineitem.l_partkey)", "Rows Removed by Index Recheck": 0, "Filter": "((p_brand = 'Brand#44'::bpchar) AND (p_container = 'WRAP PKG'::bpchar))", "Rows Removed by Filter": 0}]}, {"Node Type": "Index Scan", "Parent Relationship": "Inner", "Scan Direction": "Forward", "Index Name": "idx_lineitem_part_supp", "Relation Name": "lineitem", "Alias": "lineitem", "Startup Cost": 0.0, "Total Cost": 27.78, "Plan Rows": 2, "Plan Width": 24, "Actual Startup Time": 33.256, "Actual Total Time": 76.813, "Actual Rows": 5403, "Actual Loops": 2003, "Index Cond": "(l_partkey = public.lineitem.l_partkey)", "Rows Removed by Index Recheck": 0, "Filter": "(l_quantity < (.2::double precision * (avg(public.lineitem.l_quantity))))", "Rows Removed by Filter": 54618}]}]}, "Triggers": [], "Planner Runtime": 1.448, "Total Runtime": 1672.5, "Unique SQL Id": 1080450481}}, "(16, 42)": {"explain_plan": {"Plan": {"Node Type": "Aggregate", "Strategy": "Plain", "Startup Cost": 4549973.98, "Total Cost": 4549974.0, "Plan Rows": 1, "Plan Width": 16, "Plans": [{"Node Type": "Hash Join", "Parent Relationship": "Outer", "Join Type": "Inner", "Startup Cost": 2309655.28, "Total Cost": 4549971.97, "Plan Rows": 806, "Plan Width": 8, "Inner Unique": true, "Hash Cond": "(public.part.p_partkey = subquery.\"?column?\")", "Join Filter": "(public.lineitem.l_quantity < (.2::double precision * subquery.\"?column?\"))", "Plans": [{"Node Type": "Hash Join", "Parent Relationship": "Outer", "Join Type": "Inner", "Startup Cost": 71969.01, "Total Cost": 2312146.04, "Plan Rows": 11032, "Plan Width": 32, "Inner Unique": true, "Hash Cond": "(public.lineitem.l_partkey = public.part.p_partkey)", "Plans": [{"Node Type": "Seq Scan", "Parent Relationship": "Outer", "Relation Name": "lineitem", "Alias": "lineitem", "Startup Cost": 0.0, "Total Cost": 2015115.33, "Plan Rows": 59987033, "Plan Width": 24}, {"Node Type": "Hash", "Parent Relationship": "Inner", "Startup Cost": 71944.0, "Total Cost": 71944.0, "Plan Rows": 2001, "Plan Width": 8, "Plans": [{"Node Type": "Seq Scan", "Parent Relationship": "Outer", "Relation Name": "part", "Alias": "part", "Startup Cost": 0.0, "Total Cost": 71944.0, "Plan Rows": 2001, "Plan Width": 8, "Filter": "((p_brand = 'Brand#44'::bpchar) AND (p_container = 'WRAP PKG'::bpchar))"}]}]}, {"Node Type": "Hash", "Parent Relationship": "Inner", "Startup Cost": 2237548.37, "Total Cost": 2237548.37, "Plan Rows": 11032, "Plan Width": 16, "Plans": [{"Node Type": "Subquery Scan", "Parent Relationship": "Outer", "Alias": "subquery", "Startup Cost": 2237244.99, "Total Cost": 2237548.37, "Plan Rows": 11032, "Plan Width": 16, "Plans": [{"Node Type": "Aggregate", "Strategy": "Hashed", "Parent Relationship": "Subquery", "Startup Cost": 2237244.99, "Total Cost": 2237438.05, "Plan Rows": 11032, "Plan Width": 16, "Group By Key": ["public.lineitem.l_partkey"], "Plans": [{"Node Type": "Hash Join", "Parent Relationship": "Outer", "Join Type": "Inner", "Startup Cost": 71969.01, "Total Cost": 2237162.25, "Plan Rows": 11032, "Plan Width": 16, "Inner Unique": true, "Hash Cond": "(public.lineitem.l_partkey = public.part.p_partkey)", "Plans": [{"Node Type": "Seq Scan", "Parent Relationship": "Outer", "Relation Name": "lineitem", "Alias": "lineitem", "Startup Cost": 0.0, "Total Cost": 2015115.33, "Plan Rows": 59987033, "Plan Width": 16}, {"Node Type": "Hash", "Parent Relationship": "Inner", "Startup Cost": 71944.0, "Total Cost": 71944.0, "Plan Rows": 2001, "Plan Width": 8, "Plans": [{"Node Type": "Seq Scan", "Parent Relationship": "Outer", "Relation Name": "part", "Alias": "part", "Startup Cost": 0.0, "Total Cost": 71944.0, "Plan Rows": 2001, "Plan Width": 8, "Filter": "((p_brand = 'Brand#44'::bpchar) AND (p_container = 'WRAP PKG'::bpchar))"}]}]}]}]}]}]}]}, "Unique SQL Id": 1080450481}, "explain_analyze_plan": null}, "(16, 43)": {"explain_plan": {"Plan": {"Node Type": "Aggregate", "Strategy": "Plain", "Startup Cost": 4003899272041.15, "Total Cost": 4003899272041.16, "Plan Rows": 1, "Plan Width": 16, "Plans": [{"Node Type": "Nested Loop", "Parent Relationship": "Outer", "Join Type": "Inner", "Startup Cost": 40000000000.0, "Total Cost": 4003899272039.14, "Plan Rows": 806, "Plan Width": 8, "Inner Unique": false, "Join Filter": "((subquery.\"?column?\" = public.lineitem.l_partkey) AND (public.lineitem.l_quantity < (.2::double precision * subquery.\"?column?\")))", "Plans": [{"Node Type": "Index Scan", "Parent Relationship": "Outer", "Scan Direction": "Forward", "Index Name": "idx_lineitem_part_supp", "Relation Name": "lineitem", "Alias": "lineitem", "Startup Cost": 10000000000.0, "Total Cost": 1000775391319.64, "Plan Rows": 59987033, "Plan Width": 24}, {"Node Type": "Materialize", "Parent Relationship": "Inner", "Startup Cost": 30000000000.0, "Total Cost": 3002598394311.51, "Plan Rows": 438, "Plan Width": 24, "Plans": [{"Node Type": "Nested Loop", "Parent Relationship": "Outer", "Join Type": "Inner", "Startup Cost": 30000000000.0, "Total Cost": 3002598394309.32, "Plan Rows": 438, "Plan Width": 24, "Inner Unique": true, "Join Filter": "(public.part.p_partkey = subquery.\"?column?\")", "Plans": [{"Node Type": "Index Scan", "Parent Relationship": "Outer", "Scan Direction": "Forward", "Index Name": "part_kpey", "Relation Name": "part", "Alias": "part", "Startup Cost": 10000000000.0, "Total Cost": 1000011080325.0, "Plan Rows": 2001, "Plan Width": 8, "Filter": "((p_brand = 'Brand#44'::bpchar) AND (p_container = 'WRAP PKG'::bpchar))"}, {"Node Type": "Materialize", "Parent Relationship": "Inner", "Startup Cost": 20000000000.0, "Total Cost": 2002586982886.42, "Plan Rows": 11032, "Plan Width": 16, "Plans": [{"Node Type": "Subquery Scan", "Parent Relationship": "Outer", "Alias": "subquery", "Startup Cost": 20000000000.0, "Total Cost": 2002586982831.26, "Plan Rows": 11032, "Plan Width": 16, "Plans": [{"Node Type": "Aggregate", "Strategy": "Sorted", "Parent Relationship": "Subquery", "Startup Cost": 20000000000.0, "Total Cost": 2002586982720.94, "Plan Rows": 11032, "Plan Width": 80, "Group By Key": ["public.lineitem.l_partkey"], "Plans": [{"Node Type": "Nested Loop", "Parent Relationship": "Outer", "Join Type": "Semi", "Startup Cost": 20000000000.0, "Total Cost": 2002586982445.14, "Plan Rows": 11032, "Plan Width": 16, "Inner Unique": false, "Join Filter": "(public.lineitem.l_partkey = public.part.p_partkey)", "Plans": [{"Node Type": "Index Scan", "Parent Relationship": "Outer", "Scan Direction": "Forward", "Index Name": "idx_lineitem_part_supp", "Relation Name": "lineitem", "Alias": "lineitem", "Startup Cost": 10000000000.0, "Total Cost": 1000775391319.64, "Plan Rows": 59987033, "Plan Width": 16}, {"Node Type": "Materialize", "Parent Relationship": "Inner", "Startup Cost": 10000000000.0, "Total Cost": 1000011080335.01, "Plan Rows": 2001, "Plan Width": 8, "Plans": [{"Node Type": "Index Scan", "Parent Relationship": "Outer", "Scan Direction": "Forward", "Index Name": "part_kpey", "Relation Name": "part", "Alias": "part", "Startup Cost": 10000000000.0, "Total Cost": 1000011080325.0, "Plan Rows": 2001, "Plan Width": 8, "Filter": "((p_brand = 'Brand#44'::bpchar) AND (p_container = 'WRAP PKG'::bpchar))"}]}]}]}]}]}]}]}]}]}, "Unique SQL Id": 1080450481}, "explain_analyze_plan": null}, "(16, 44)": {"explain_plan": {"Plan": {"Node Type": "Aggregate", "Strategy": "Plain", "Startup Cost": 208324.62, "Total Cost": 208324.63, "Plan Rows": 1, "Plan Width": 16, "Plans": [{"Node Type": "Nested Loop", "Parent Relationship": "Outer", "Join Type": "Inner", "Startup Cost": 128691.05, "Total Cost": 208322.6, "Plan Rows": 806, "Plan Width": 8, "Inner Unique": false, "Plans": [{"Node Type": "Nested Loop", "Parent Relationship": "Outer", "Join Type": "Inner", "Startup Cost": 128691.05, "Total Cost": 196146.55, "Plan Rows": 438, "Plan Width": 24, "Inner Unique": true, "Plans": [{"Node Type": "Aggregate", "Strategy": "Hashed", "Parent Relationship": "Outer", "Startup Cost": 128691.05, "Total Cost": 128884.11, "Plan Rows": 11032, "Plan Width": 16, "Group By Key": ["public.lineitem.l_partkey"], "Plans": [{"Node Type": "Nested Loop", "Parent Relationship": "Outer", "Join Type": "Inner", "Startup Cost": 0.0, "Total Cost": 128608.31, "Plan Rows": 11032, "Plan Width": 16, "Inner Unique": false, "Plans": [{"Node Type": "Seq Scan", "Parent Relationship": "Outer", "Relation Name": "part", "Alias": "part", "Startup Cost": 0.0, "Total Cost": 71944.0, "Plan Rows": 2001, "Plan Width": 8, "Filter": "((p_brand = 'Brand#44'::bpchar) AND (p_container = 'WRAP PKG'::bpchar))"}, {"Node Type": "Index Scan", "Parent Relationship": "Inner", "Scan Direction": "Forward", "Index Name": "idx_lineitem_part_supp", "Relation Name": "lineitem", "Alias": "lineitem", "Startup Cost": 0.0, "Total Cost": 28.26, "Plan Rows": 6, "Plan Width": 16, "Index Cond": "(l_partkey = public.part.p_partkey)"}]}]}, {"Node Type": "Index Scan", "Parent Relationship": "Inner", "Scan Direction": "Forward", "Index Name": "part_kpey", "Relation Name": "part", "Alias": "part", "Startup Cost": 0.0, "Total Cost": 6.08, "Plan Rows": 1, "Plan Width": 8, "Index Cond": "(p_partkey = public.lineitem.l_partkey)", "Filter": "((p_brand = 'Brand#44'::bpchar) AND (p_container = 'WRAP PKG'::bpchar))"}]}, {"Node Type": "Index Scan", "Parent Relationship": "Inner", "Scan Direction": "Forward", "Index Name": "idx_lineitem_part_supp", "Relation Name": "lineitem", "Alias": "lineitem", "Startup Cost": 0.0, "Total Cost": 27.78, "Plan Rows": 2, "Plan Width": 24, "Index Cond": "(l_partkey = public.lineitem.l_partkey)", "Filter": "(l_quantity < (.2::double precision * (avg(public.lineitem.l_quantity))))"}]}]}, "Unique SQL Id": 1080450481}, "explain_analyze_plan": {"Plan": {"Node Type": "Aggregate", "Strategy": "Plain", "Startup Cost": 208324.62, "Total Cost": 208324.63, "Plan Rows": 1, "Plan Width": 16, "Actual Startup Time": 1198.059, "Actual Total Time": 1198.06, "Actual Rows": 1, "Actual Loops": 1, "Plans": [{"Node Type": "Nested Loop", "Parent Relationship": "Outer", "Join Type": "Inner", "Startup Cost": 128691.05, "Total Cost": 208322.6, "Plan Rows": 806, "Plan Width": 8, "Actual Startup Time": 1016.325, "Actual Total Time": 1197.018, "Actual Rows": 5403, "Actual Loops": 1, "Inner Unique": false, "Plans": [{"Node Type": "Nested Loop", "Parent Relationship": "Outer", "Join Type": "Inner", "Startup Cost": 128691.05, "Total Cost": 196146.55, "Plan Rows": 438, "Plan Width": 24, "Actual Startup Time": 1016.297, "Actual Total Time": 1034.231, "Actual Rows": 2003, "Actual Loops": 1, "Inner Unique": true, "Plans": [{"Node Type": "Aggregate", "Strategy": "Hashed", "Parent Relationship": "Outer", "Startup Cost": 128691.05, "Total Cost": 128884.11, "Plan Rows": 11032, "Plan Width": 16, "Actual Startup Time": 1016.266, "Actual Total Time": 1017.905, "Actual Rows": 2003, "Actual Loops": 1, "Group By Key": ["public.lineitem.l_partkey"], "Plans": [{"Node Type": "Nested Loop", "Parent Relationship": "Outer", "Join Type": "Inner", "Startup Cost": 0.0, "Total Cost": 128608.31, "Plan Rows": 11032, "Plan Width": 16, "Actual Startup Time": 0.361, "Actual Total Time": 975.259, "Actual Rows": 60021, "Actual Loops": 1, "Inner Unique": false, "Plans": [{"Node Type": "Seq Scan", "Parent Relationship": "Outer", "Relation Name": "part", "Alias": "part", "Startup Cost": 0.0, "Total Cost": 71944.0, "Plan Rows": 2001, "Plan Width": 8, "Actual Startup Time": 0.34, "Actual Total Time": 786.254, "Actual Rows": 2003, "Actual Loops": 1, "Filter": "((p_brand = 'Brand#44'::bpchar) AND (p_container = 'WRAP PKG'::bpchar))", "Rows Removed by Filter": 1997997}, {"Node Type": "Index Scan", "Parent Relationship": "Inner", "Scan Direction": "Forward", "Index Name": "idx_lineitem_part_supp", "Relation Name": "lineitem", "Alias": "lineitem", "Startup Cost": 0.0, "Total Cost": 28.26, "Plan Rows": 6, "Plan Width": 16, "Actual Startup Time": 25.976, "Actual Total Time": 174.503, "Actual Rows": 60021, "Actual Loops": 2003, "Index Cond": "(l_partkey = public.part.p_partkey)", "Rows Removed by Index Recheck": 0}]}]}, {"Node Type": "Index Scan", "Parent Relationship": "Inner", "Scan Direction": "Forward", "Index Name": "part_kpey", "Relation Name": "part", "Alias": "part", "Startup Cost": 0.0, "Total Cost": 6.08, "Plan Rows": 1, "Plan Width": 8, "Actual Startup Time": 14.697, "Actual Total Time": 14.697, "Actual Rows": 2003, "Actual Loops": 2003, "Index Cond": "(p_partkey = public.lineitem.l_partkey)", "Rows Removed by Index Recheck": 0, "Filter": "((p_brand = 'Brand#44'::bpchar) AND (p_container = 'WRAP PKG'::bpchar))", "Rows Removed by Filter": 0}]}, {"Node Type": "Index Scan", "Parent Relationship": "Inner", "Scan Direction": "Forward", "Index Name": "idx_lineitem_part_supp", "Relation Name": "lineitem", "Alias": "lineitem", "Startup Cost": 0.0, "Total Cost": 27.78, "Plan Rows": 2, "Plan Width": 24, "Actual Startup Time": 65.051, "Actual Total Time": 160.425, "Actual Rows": 5403, "Actual Loops": 2003, "Index Cond": "(l_partkey = public.lineitem.l_partkey)", "Rows Removed by Index Recheck": 0, "Filter": "(l_quantity < (.2::double precision * (avg(public.lineitem.l_quantity))))", "Rows Removed by Filter": 54618}]}]}, "Triggers": [], "Planner Runtime": 1.534, "Total Runtime": 1198.321, "Unique SQL Id": 1080450481}}, "(16, 45)": {"explain_plan": {"Plan": {"Node Type": "Aggregate", "Strategy": "Plain", "Startup Cost": 247183.87, "Total Cost": 247183.88, "Plan Rows": 1, "Plan Width": 16, "Plans": [{"Node Type": "Nested Loop", "Parent Relationship": "Outer", "Join Type": "Inner", "Startup Cost": 0.0, "Total Cost": 247181.85, "Plan Rows": 806, "Plan Width": 8, "Inner Unique": false, "Plans": [{"Node Type": "Nested Loop", "Parent Relationship": "Outer", "Join Type": "Inner", "Startup Cost": 0.0, "Total Cost": 235005.8, "Plan Rows": 438, "Plan Width": 24, "Inner Unique": true, "Plans": [{"Node Type": "Aggregate", "Strategy": "Sorted", "Parent Relationship": "Outer", "Startup Cost": 0.0, "Total Cost": 167743.36, "Plan Rows": 11032, "Plan Width": 80, "Group By Key": ["public.lineitem.l_partkey"], "Plans": [{"Node Type": "Nested Loop", "Parent Relationship": "Outer", "Join Type": "Inner", "Startup Cost": 0.0, "Total Cost": 167467.56, "Plan Rows": 11032, "Plan Width": 16, "Inner Unique": false, "Plans": [{"Node Type": "Index Scan", "Parent Relationship": "Outer", "Scan Direction": "Forward", "Index Name": "part_kpey", "Relation Name": "part", "Alias": "part", "Startup Cost": 0.0, "Total Cost": 110803.25, "Plan Rows": 2001, "Plan Width": 8, "Filter": "((p_brand = 'Brand#44'::bpchar) AND (p_container = 'WRAP PKG'::bpchar))"}, {"Node Type": "Index Scan", "Parent Relationship": "Inner", "Scan Direction": "Forward", "Index Name": "idx_lineitem_part_supp", "Relation Name": "lineitem", "Alias": "lineitem", "Startup Cost": 0.0, "Total Cost": 28.26, "Plan Rows": 6, "Plan Width": 16, "Index Cond": "(l_partkey = public.part.p_partkey)"}]}]}, {"Node Type": "Index Scan", "Parent Relationship": "Inner", "Scan Direction": "Forward", "Index Name": "part_kpey", "Relation Name": "part", "Alias": "part", "Startup Cost": 0.0, "Total Cost": 6.08, "Plan Rows": 1, "Plan Width": 8, "Index Cond": "(p_partkey = public.lineitem.l_partkey)", "Filter": "((p_brand = 'Brand#44'::bpchar) AND (p_container = 'WRAP PKG'::bpchar))"}]}, {"Node Type": "Index Scan", "Parent Relationship": "Inner", "Scan Direction": "Forward", "Index Name": "idx_lineitem_part_supp", "Relation Name": "lineitem", "Alias": "lineitem", "Startup Cost": 0.0, "Total Cost": 27.78, "Plan Rows": 2, "Plan Width": 24, "Index Cond": "(l_partkey = public.lineitem.l_partkey)", "Filter": "(l_quantity < (.2::double precision * (avg(public.lineitem.l_quantity))))"}]}]}, "Unique SQL Id": 1080450481}, "explain_analyze_plan": {"Plan": {"Node Type": "Aggregate", "Strategy": "Plain", "Startup Cost": 247183.87, "Total Cost": 247183.88, "Plan Rows": 1, "Plan Width": 16, "Actual Startup Time": 1672.251, "Actual Total Time": 1672.251, "Actual Rows": 1, "Actual Loops": 1, "Plans": [{"Node Type": "Nested Loop", "Parent Relationship": "Outer", "Join Type": "Inner", "Startup Cost": 0.0, "Total Cost": 247181.85, "Plan Rows": 806, "Plan Width": 8, "Actual Startup Time": 1.789, "Actual Total Time": 1671.055, "Actual Rows": 5403, "Actual Loops": 1, "Inner Unique": false, "Plans": [{"Node Type": "Nested Loop", "Parent Relationship": "Outer", "Join Type": "Inner", "Startup Cost": 0.0, "Total Cost": 235005.8, "Plan Rows": 438, "Plan Width": 24, "Actual Startup Time": 1.749, "Actual Total Time": 1591.323, "Actual Rows": 2003, "Actual Loops": 1, "Inner Unique": true, "Plans": [{"Node Type": "Aggregate", "Strategy": "Sorted", "Parent Relationship": "Outer", "Startup Cost": 0.0, "Total Cost": 167743.36, "Plan Rows": 11032, "Plan Width": 80, "Actual Startup Time": 1.737, "Actual Total Time": 1579.292, "Actual Rows": 2003, "Actual Loops": 1, "Group By Key": ["public.lineitem.l_partkey"], "Plans": [{"Node Type": "Nested Loop", "Parent Relationship": "Outer", "Join Type": "Inner", "Startup Cost": 0.0, "Total Cost": 167467.56, "Plan Rows": 11032, "Plan Width": 16, "Actual Startup Time": 0.583, "Actual Total Time": 1545.893, "Actual Rows": 60021, "Actual Loops": 1, "Inner Unique": false, "Plans": [{"Node Type": "Index Scan", "Parent Relationship": "Outer", "Scan Direction": "Forward", "Index Name": "part_kpey", "Relation Name": "part", "Alias": "part", "Startup Cost": 0.0, "Total Cost": 110803.25, "Plan Rows": 2001, "Plan Width": 8, "Actual Startup Time": 0.567, "Actual Total Time": 1351.997, "Actual Rows": 2003, "Actual Loops": 1, "Filter": "((p_brand = 'Brand#44'::bpchar) AND (p_container = 'WRAP PKG'::bpchar))", "Rows Removed by Filter": 1997997}, {"Node Type": "Index Scan", "Parent Relationship": "Inner", "Scan Direction": "Forward", "Index Name": "idx_lineitem_part_supp", "Relation Name": "lineitem", "Alias": "lineitem", "Startup Cost": 0.0, "Total Cost": 28.26, "Plan Rows": 6, "Plan Width": 16, "Actual Startup Time": 26.124, "Actual Total Time": 178.211, "Actual Rows": 60021, "Actual Loops": 2003, "Index Cond": "(l_partkey = public.part.p_partkey)", "Rows Removed by Index Recheck": 0}]}]}, {"Node Type": "Index Scan", "Parent Relationship": "Inner", "Scan Direction": "Forward", "Index Name": "part_kpey", "Relation Name": "part", "Alias": "part", "Startup Cost": 0.0, "Total Cost": 6.08, "Plan Rows": 1, "Plan Width": 8, "Actual Startup Time": 9.363, "Actual Total Time": 9.363, "Actual Rows": 2003, "Actual Loops": 2003, "Index Cond": "(p_partkey = public.lineitem.l_partkey)", "Rows Removed by Index Recheck": 0, "Filter": "((p_brand = 'Brand#44'::bpchar) AND (p_container = 'WRAP PKG'::bpchar))", "Rows Removed by Filter": 0}]}, {"Node Type": "Index Scan", "Parent Relationship": "Inner", "Scan Direction": "Forward", "Index Name": "idx_lineitem_part_supp", "Relation Name": "lineitem", "Alias": "lineitem", "Startup Cost": 0.0, "Total Cost": 27.78, "Plan Rows": 2, "Plan Width": 24, "Actual Startup Time": 33.256, "Actual Total Time": 76.813, "Actual Rows": 5403, "Actual Loops": 2003, "Index Cond": "(l_partkey = public.lineitem.l_partkey)", "Rows Removed by Index Recheck": 0, "Filter": "(l_quantity < (.2::double precision * (avg(public.lineitem.l_quantity))))", "Rows Removed by Filter": 54618}]}]}, "Triggers": [], "Planner Runtime": 1.448, "Total Runtime": 1672.5, "Unique SQL Id": 1080450481}}, "(16, 46)": {"explain_plan": {"Plan": {"Node Type": "Aggregate", "Strategy": "Plain", "Startup Cost": 4549973.98, "Total Cost": 4549974.0, "Plan Rows": 1, "Plan Width": 16, "Plans": [{"Node Type": "Hash Join", "Parent Relationship": "Outer", "Join Type": "Inner", "Startup Cost": 2309655.28, "Total Cost": 4549971.97, "Plan Rows": 806, "Plan Width": 8, "Inner Unique": true, "Hash Cond": "(public.part.p_partkey = subquery.\"?column?\")", "Join Filter": "(public.lineitem.l_quantity < (.2::double precision * subquery.\"?column?\"))", "Plans": [{"Node Type": "Hash Join", "Parent Relationship": "Outer", "Join Type": "Inner", "Startup Cost": 71969.01, "Total Cost": 2312146.04, "Plan Rows": 11032, "Plan Width": 32, "Inner Unique": true, "Hash Cond": "(public.lineitem.l_partkey = public.part.p_partkey)", "Plans": [{"Node Type": "Seq Scan", "Parent Relationship": "Outer", "Relation Name": "lineitem", "Alias": "lineitem", "Startup Cost": 0.0, "Total Cost": 2015115.33, "Plan Rows": 59987033, "Plan Width": 24}, {"Node Type": "Hash", "Parent Relationship": "Inner", "Startup Cost": 71944.0, "Total Cost": 71944.0, "Plan Rows": 2001, "Plan Width": 8, "Plans": [{"Node Type": "Seq Scan", "Parent Relationship": "Outer", "Relation Name": "part", "Alias": "part", "Startup Cost": 0.0, "Total Cost": 71944.0, "Plan Rows": 2001, "Plan Width": 8, "Filter": "((p_brand = 'Brand#44'::bpchar) AND (p_container = 'WRAP PKG'::bpchar))"}]}]}, {"Node Type": "Hash", "Parent Relationship": "Inner", "Startup Cost": 2237548.37, "Total Cost": 2237548.37, "Plan Rows": 11032, "Plan Width": 16, "Plans": [{"Node Type": "Subquery Scan", "Parent Relationship": "Outer", "Alias": "subquery", "Startup Cost": 2237244.99, "Total Cost": 2237548.37, "Plan Rows": 11032, "Plan Width": 16, "Plans": [{"Node Type": "Aggregate", "Strategy": "Hashed", "Parent Relationship": "Subquery", "Startup Cost": 2237244.99, "Total Cost": 2237438.05, "Plan Rows": 11032, "Plan Width": 16, "Group By Key": ["public.lineitem.l_partkey"], "Plans": [{"Node Type": "Hash Join", "Parent Relationship": "Outer", "Join Type": "Inner", "Startup Cost": 71969.01, "Total Cost": 2237162.25, "Plan Rows": 11032, "Plan Width": 16, "Inner Unique": true, "Hash Cond": "(public.lineitem.l_partkey = public.part.p_partkey)", "Plans": [{"Node Type": "Seq Scan", "Parent Relationship": "Outer", "Relation Name": "lineitem", "Alias": "lineitem", "Startup Cost": 0.0, "Total Cost": 2015115.33, "Plan Rows": 59987033, "Plan Width": 16}, {"Node Type": "Hash", "Parent Relationship": "Inner", "Startup Cost": 71944.0, "Total Cost": 71944.0, "Plan Rows": 2001, "Plan Width": 8, "Plans": [{"Node Type": "Seq Scan", "Parent Relationship": "Outer", "Relation Name": "part", "Alias": "part", "Startup Cost": 0.0, "Total Cost": 71944.0, "Plan Rows": 2001, "Plan Width": 8, "Filter": "((p_brand = 'Brand#44'::bpchar) AND (p_container = 'WRAP PKG'::bpchar))"}]}]}]}]}]}]}]}, "Unique SQL Id": 1080450481}, "explain_analyze_plan": null}, "(16, 47)": {"explain_plan": {"Plan": {"Node Type": "Aggregate", "Strategy": "Plain", "Startup Cost": 4003899272041.15, "Total Cost": 4003899272041.16, "Plan Rows": 1, "Plan Width": 16, "Plans": [{"Node Type": "Nested Loop", "Parent Relationship": "Outer", "Join Type": "Inner", "Startup Cost": 40000000000.0, "Total Cost": 4003899272039.14, "Plan Rows": 806, "Plan Width": 8, "Inner Unique": false, "Join Filter": "((subquery.\"?column?\" = public.lineitem.l_partkey) AND (public.lineitem.l_quantity < (.2::double precision * subquery.\"?column?\")))", "Plans": [{"Node Type": "Index Scan", "Parent Relationship": "Outer", "Scan Direction": "Forward", "Index Name": "idx_lineitem_part_supp", "Relation Name": "lineitem", "Alias": "lineitem", "Startup Cost": 10000000000.0, "Total Cost": 1000775391319.64, "Plan Rows": 59987033, "Plan Width": 24}, {"Node Type": "Materialize", "Parent Relationship": "Inner", "Startup Cost": 30000000000.0, "Total Cost": 3002598394311.51, "Plan Rows": 438, "Plan Width": 24, "Plans": [{"Node Type": "Nested Loop", "Parent Relationship": "Outer", "Join Type": "Inner", "Startup Cost": 30000000000.0, "Total Cost": 3002598394309.32, "Plan Rows": 438, "Plan Width": 24, "Inner Unique": true, "Join Filter": "(public.part.p_partkey = subquery.\"?column?\")", "Plans": [{"Node Type": "Index Scan", "Parent Relationship": "Outer", "Scan Direction": "Forward", "Index Name": "part_kpey", "Relation Name": "part", "Alias": "part", "Startup Cost": 10000000000.0, "Total Cost": 1000011080325.0, "Plan Rows": 2001, "Plan Width": 8, "Filter": "((p_brand = 'Brand#44'::bpchar) AND (p_container = 'WRAP PKG'::bpchar))"}, {"Node Type": "Materialize", "Parent Relationship": "Inner", "Startup Cost": 20000000000.0, "Total Cost": 2002586982886.42, "Plan Rows": 11032, "Plan Width": 16, "Plans": [{"Node Type": "Subquery Scan", "Parent Relationship": "Outer", "Alias": "subquery", "Startup Cost": 20000000000.0, "Total Cost": 2002586982831.26, "Plan Rows": 11032, "Plan Width": 16, "Plans": [{"Node Type": "Aggregate", "Strategy": "Sorted", "Parent Relationship": "Subquery", "Startup Cost": 20000000000.0, "Total Cost": 2002586982720.94, "Plan Rows": 11032, "Plan Width": 80, "Group By Key": ["public.lineitem.l_partkey"], "Plans": [{"Node Type": "Nested Loop", "Parent Relationship": "Outer", "Join Type": "Semi", "Startup Cost": 20000000000.0, "Total Cost": 2002586982445.14, "Plan Rows": 11032, "Plan Width": 16, "Inner Unique": false, "Join Filter": "(public.lineitem.l_partkey = public.part.p_partkey)", "Plans": [{"Node Type": "Index Scan", "Parent Relationship": "Outer", "Scan Direction": "Forward", "Index Name": "idx_lineitem_part_supp", "Relation Name": "lineitem", "Alias": "lineitem", "Startup Cost": 10000000000.0, "Total Cost": 1000775391319.64, "Plan Rows": 59987033, "Plan Width": 16}, {"Node Type": "Materialize", "Parent Relationship": "Inner", "Startup Cost": 10000000000.0, "Total Cost": 1000011080335.01, "Plan Rows": 2001, "Plan Width": 8, "Plans": [{"Node Type": "Index Scan", "Parent Relationship": "Outer", "Scan Direction": "Forward", "Index Name": "part_kpey", "Relation Name": "part", "Alias": "part", "Startup Cost": 10000000000.0, "Total Cost": 1000011080325.0, "Plan Rows": 2001, "Plan Width": 8, "Filter": "((p_brand = 'Brand#44'::bpchar) AND (p_container = 'WRAP PKG'::bpchar))"}]}]}]}]}]}]}]}]}]}, "Unique SQL Id": 1080450481}, "explain_analyze_plan": null}, "(16, 48)": {"explain_plan": {"Plan": {"Node Type": "Aggregate", "Strategy": "Plain", "Startup Cost": 208324.62, "Total Cost": 208324.63, "Plan Rows": 1, "Plan Width": 16, "Plans": [{"Node Type": "Nested Loop", "Parent Relationship": "Outer", "Join Type": "Inner", "Startup Cost": 128691.05, "Total Cost": 208322.6, "Plan Rows": 806, "Plan Width": 8, "Inner Unique": false, "Plans": [{"Node Type": "Nested Loop", "Parent Relationship": "Outer", "Join Type": "Inner", "Startup Cost": 128691.05, "Total Cost": 196146.55, "Plan Rows": 438, "Plan Width": 24, "Inner Unique": true, "Plans": [{"Node Type": "Aggregate", "Strategy": "Hashed", "Parent Relationship": "Outer", "Startup Cost": 128691.05, "Total Cost": 128884.11, "Plan Rows": 11032, "Plan Width": 16, "Group By Key": ["public.lineitem.l_partkey"], "Plans": [{"Node Type": "Nested Loop", "Parent Relationship": "Outer", "Join Type": "Inner", "Startup Cost": 0.0, "Total Cost": 128608.31, "Plan Rows": 11032, "Plan Width": 16, "Inner Unique": false, "Plans": [{"Node Type": "Seq Scan", "Parent Relationship": "Outer", "Relation Name": "part", "Alias": "part", "Startup Cost": 0.0, "Total Cost": 71944.0, "Plan Rows": 2001, "Plan Width": 8, "Filter": "((p_brand = 'Brand#44'::bpchar) AND (p_container = 'WRAP PKG'::bpchar))"}, {"Node Type": "Index Scan", "Parent Relationship": "Inner", "Scan Direction": "Forward", "Index Name": "idx_lineitem_part_supp", "Relation Name": "lineitem", "Alias": "lineitem", "Startup Cost": 0.0, "Total Cost": 28.26, "Plan Rows": 6, "Plan Width": 16, "Index Cond": "(l_partkey = public.part.p_partkey)"}]}]}, {"Node Type": "Index Scan", "Parent Relationship": "Inner", "Scan Direction": "Forward", "Index Name": "part_kpey", "Relation Name": "part", "Alias": "part", "Startup Cost": 0.0, "Total Cost": 6.08, "Plan Rows": 1, "Plan Width": 8, "Index Cond": "(p_partkey = public.lineitem.l_partkey)", "Filter": "((p_brand = 'Brand#44'::bpchar) AND (p_container = 'WRAP PKG'::bpchar))"}]}, {"Node Type": "Index Scan", "Parent Relationship": "Inner", "Scan Direction": "Forward", "Index Name": "idx_lineitem_part_supp", "Relation Name": "lineitem", "Alias": "lineitem", "Startup Cost": 0.0, "Total Cost": 27.78, "Plan Rows": 2, "Plan Width": 24, "Index Cond": "(l_partkey = public.lineitem.l_partkey)", "Filter": "(l_quantity < (.2::double precision * (avg(public.lineitem.l_quantity))))"}]}]}, "Unique SQL Id": 1080450481}, "explain_analyze_plan": {"Plan": {"Node Type": "Aggregate", "Strategy": "Plain", "Startup Cost": 208324.62, "Total Cost": 208324.63, "Plan Rows": 1, "Plan Width": 16, "Actual Startup Time": 1198.059, "Actual Total Time": 1198.06, "Actual Rows": 1, "Actual Loops": 1, "Plans": [{"Node Type": "Nested Loop", "Parent Relationship": "Outer", "Join Type": "Inner", "Startup Cost": 128691.05, "Total Cost": 208322.6, "Plan Rows": 806, "Plan Width": 8, "Actual Startup Time": 1016.325, "Actual Total Time": 1197.018, "Actual Rows": 5403, "Actual Loops": 1, "Inner Unique": false, "Plans": [{"Node Type": "Nested Loop", "Parent Relationship": "Outer", "Join Type": "Inner", "Startup Cost": 128691.05, "Total Cost": 196146.55, "Plan Rows": 438, "Plan Width": 24, "Actual Startup Time": 1016.297, "Actual Total Time": 1034.231, "Actual Rows": 2003, "Actual Loops": 1, "Inner Unique": true, "Plans": [{"Node Type": "Aggregate", "Strategy": "Hashed", "Parent Relationship": "Outer", "Startup Cost": 128691.05, "Total Cost": 128884.11, "Plan Rows": 11032, "Plan Width": 16, "Actual Startup Time": 1016.266, "Actual Total Time": 1017.905, "Actual Rows": 2003, "Actual Loops": 1, "Group By Key": ["public.lineitem.l_partkey"], "Plans": [{"Node Type": "Nested Loop", "Parent Relationship": "Outer", "Join Type": "Inner", "Startup Cost": 0.0, "Total Cost": 128608.31, "Plan Rows": 11032, "Plan Width": 16, "Actual Startup Time": 0.361, "Actual Total Time": 975.259, "Actual Rows": 60021, "Actual Loops": 1, "Inner Unique": false, "Plans": [{"Node Type": "Seq Scan", "Parent Relationship": "Outer", "Relation Name": "part", "Alias": "part", "Startup Cost": 0.0, "Total Cost": 71944.0, "Plan Rows": 2001, "Plan Width": 8, "Actual Startup Time": 0.34, "Actual Total Time": 786.254, "Actual Rows": 2003, "Actual Loops": 1, "Filter": "((p_brand = 'Brand#44'::bpchar) AND (p_container = 'WRAP PKG'::bpchar))", "Rows Removed by Filter": 1997997}, {"Node Type": "Index Scan", "Parent Relationship": "Inner", "Scan Direction": "Forward", "Index Name": "idx_lineitem_part_supp", "Relation Name": "lineitem", "Alias": "lineitem", "Startup Cost": 0.0, "Total Cost": 28.26, "Plan Rows": 6, "Plan Width": 16, "Actual Startup Time": 25.976, "Actual Total Time": 174.503, "Actual Rows": 60021, "Actual Loops": 2003, "Index Cond": "(l_partkey = public.part.p_partkey)", "Rows Removed by Index Recheck": 0}]}]}, {"Node Type": "Index Scan", "Parent Relationship": "Inner", "Scan Direction": "Forward", "Index Name": "part_kpey", "Relation Name": "part", "Alias": "part", "Startup Cost": 0.0, "Total Cost": 6.08, "Plan Rows": 1, "Plan Width": 8, "Actual Startup Time": 14.697, "Actual Total Time": 14.697, "Actual Rows": 2003, "Actual Loops": 2003, "Index Cond": "(p_partkey = public.lineitem.l_partkey)", "Rows Removed by Index Recheck": 0, "Filter": "((p_brand = 'Brand#44'::bpchar) AND (p_container = 'WRAP PKG'::bpchar))", "Rows Removed by Filter": 0}]}, {"Node Type": "Index Scan", "Parent Relationship": "Inner", "Scan Direction": "Forward", "Index Name": "idx_lineitem_part_supp", "Relation Name": "lineitem", "Alias": "lineitem", "Startup Cost": 0.0, "Total Cost": 27.78, "Plan Rows": 2, "Plan Width": 24, "Actual Startup Time": 65.051, "Actual Total Time": 160.425, "Actual Rows": 5403, "Actual Loops": 2003, "Index Cond": "(l_partkey = public.lineitem.l_partkey)", "Rows Removed by Index Recheck": 0, "Filter": "(l_quantity < (.2::double precision * (avg(public.lineitem.l_quantity))))", "Rows Removed by Filter": 54618}]}]}, "Triggers": [], "Planner Runtime": 1.534, "Total Runtime": 1198.321, "Unique SQL Id": 1080450481}}, "(16, 49)": {"explain_plan": {"Plan": {"Node Type": "Aggregate", "Strategy": "Plain", "Startup Cost": 247183.87, "Total Cost": 247183.88, "Plan Rows": 1, "Plan Width": 16, "Plans": [{"Node Type": "Nested Loop", "Parent Relationship": "Outer", "Join Type": "Inner", "Startup Cost": 0.0, "Total Cost": 247181.85, "Plan Rows": 806, "Plan Width": 8, "Inner Unique": false, "Plans": [{"Node Type": "Nested Loop", "Parent Relationship": "Outer", "Join Type": "Inner", "Startup Cost": 0.0, "Total Cost": 235005.8, "Plan Rows": 438, "Plan Width": 24, "Inner Unique": true, "Plans": [{"Node Type": "Aggregate", "Strategy": "Sorted", "Parent Relationship": "Outer", "Startup Cost": 0.0, "Total Cost": 167743.36, "Plan Rows": 11032, "Plan Width": 80, "Group By Key": ["public.lineitem.l_partkey"], "Plans": [{"Node Type": "Nested Loop", "Parent Relationship": "Outer", "Join Type": "Inner", "Startup Cost": 0.0, "Total Cost": 167467.56, "Plan Rows": 11032, "Plan Width": 16, "Inner Unique": false, "Plans": [{"Node Type": "Index Scan", "Parent Relationship": "Outer", "Scan Direction": "Forward", "Index Name": "part_kpey", "Relation Name": "part", "Alias": "part", "Startup Cost": 0.0, "Total Cost": 110803.25, "Plan Rows": 2001, "Plan Width": 8, "Filter": "((p_brand = 'Brand#44'::bpchar) AND (p_container = 'WRAP PKG'::bpchar))"}, {"Node Type": "Index Scan", "Parent Relationship": "Inner", "Scan Direction": "Forward", "Index Name": "idx_lineitem_part_supp", "Relation Name": "lineitem", "Alias": "lineitem", "Startup Cost": 0.0, "Total Cost": 28.26, "Plan Rows": 6, "Plan Width": 16, "Index Cond": "(l_partkey = public.part.p_partkey)"}]}]}, {"Node Type": "Index Scan", "Parent Relationship": "Inner", "Scan Direction": "Forward", "Index Name": "part_kpey", "Relation Name": "part", "Alias": "part", "Startup Cost": 0.0, "Total Cost": 6.08, "Plan Rows": 1, "Plan Width": 8, "Index Cond": "(p_partkey = public.lineitem.l_partkey)", "Filter": "((p_brand = 'Brand#44'::bpchar) AND (p_container = 'WRAP PKG'::bpchar))"}]}, {"Node Type": "Index Scan", "Parent Relationship": "Inner", "Scan Direction": "Forward", "Index Name": "idx_lineitem_part_supp", "Relation Name": "lineitem", "Alias": "lineitem", "Startup Cost": 0.0, "Total Cost": 27.78, "Plan Rows": 2, "Plan Width": 24, "Index Cond": "(l_partkey = public.lineitem.l_partkey)", "Filter": "(l_quantity < (.2::double precision * (avg(public.lineitem.l_quantity))))"}]}]}, "Unique SQL Id": 1080450481}, "explain_analyze_plan": {"Plan": {"Node Type": "Aggregate", "Strategy": "Plain", "Startup Cost": 247183.87, "Total Cost": 247183.88, "Plan Rows": 1, "Plan Width": 16, "Actual Startup Time": 1672.251, "Actual Total Time": 1672.251, "Actual Rows": 1, "Actual Loops": 1, "Plans": [{"Node Type": "Nested Loop", "Parent Relationship": "Outer", "Join Type": "Inner", "Startup Cost": 0.0, "Total Cost": 247181.85, "Plan Rows": 806, "Plan Width": 8, "Actual Startup Time": 1.789, "Actual Total Time": 1671.055, "Actual Rows": 5403, "Actual Loops": 1, "Inner Unique": false, "Plans": [{"Node Type": "Nested Loop", "Parent Relationship": "Outer", "Join Type": "Inner", "Startup Cost": 0.0, "Total Cost": 235005.8, "Plan Rows": 438, "Plan Width": 24, "Actual Startup Time": 1.749, "Actual Total Time": 1591.323, "Actual Rows": 2003, "Actual Loops": 1, "Inner Unique": true, "Plans": [{"Node Type": "Aggregate", "Strategy": "Sorted", "Parent Relationship": "Outer", "Startup Cost": 0.0, "Total Cost": 167743.36, "Plan Rows": 11032, "Plan Width": 80, "Actual Startup Time": 1.737, "Actual Total Time": 1579.292, "Actual Rows": 2003, "Actual Loops": 1, "Group By Key": ["public.lineitem.l_partkey"], "Plans": [{"Node Type": "Nested Loop", "Parent Relationship": "Outer", "Join Type": "Inner", "Startup Cost": 0.0, "Total Cost": 167467.56, "Plan Rows": 11032, "Plan Width": 16, "Actual Startup Time": 0.583, "Actual Total Time": 1545.893, "Actual Rows": 60021, "Actual Loops": 1, "Inner Unique": false, "Plans": [{"Node Type": "Index Scan", "Parent Relationship": "Outer", "Scan Direction": "Forward", "Index Name": "part_kpey", "Relation Name": "part", "Alias": "part", "Startup Cost": 0.0, "Total Cost": 110803.25, "Plan Rows": 2001, "Plan Width": 8, "Actual Startup Time": 0.567, "Actual Total Time": 1351.997, "Actual Rows": 2003, "Actual Loops": 1, "Filter": "((p_brand = 'Brand#44'::bpchar) AND (p_container = 'WRAP PKG'::bpchar))", "Rows Removed by Filter": 1997997}, {"Node Type": "Index Scan", "Parent Relationship": "Inner", "Scan Direction": "Forward", "Index Name": "idx_lineitem_part_supp", "Relation Name": "lineitem", "Alias": "lineitem", "Startup Cost": 0.0, "Total Cost": 28.26, "Plan Rows": 6, "Plan Width": 16, "Actual Startup Time": 26.124, "Actual Total Time": 178.211, "Actual Rows": 60021, "Actual Loops": 2003, "Index Cond": "(l_partkey = public.part.p_partkey)", "Rows Removed by Index Recheck": 0}]}]}, {"Node Type": "Index Scan", "Parent Relationship": "Inner", "Scan Direction": "Forward", "Index Name": "part_kpey", "Relation Name": "part", "Alias": "part", "Startup Cost": 0.0, "Total Cost": 6.08, "Plan Rows": 1, "Plan Width": 8, "Actual Startup Time": 9.363, "Actual Total Time": 9.363, "Actual Rows": 2003, "Actual Loops": 2003, "Index Cond": "(p_partkey = public.lineitem.l_partkey)", "Rows Removed by Index Recheck": 0, "Filter": "((p_brand = 'Brand#44'::bpchar) AND (p_container = 'WRAP PKG'::bpchar))", "Rows Removed by Filter": 0}]}, {"Node Type": "Index Scan", "Parent Relationship": "Inner", "Scan Direction": "Forward", "Index Name": "idx_lineitem_part_supp", "Relation Name": "lineitem", "Alias": "lineitem", "Startup Cost": 0.0, "Total Cost": 27.78, "Plan Rows": 2, "Plan Width": 24, "Actual Startup Time": 33.256, "Actual Total Time": 76.813, "Actual Rows": 5403, "Actual Loops": 2003, "Index Cond": "(l_partkey = public.lineitem.l_partkey)", "Rows Removed by Index Recheck": 0, "Filter": "(l_quantity < (.2::double precision * (avg(public.lineitem.l_quantity))))", "Rows Removed by Filter": 54618}]}]}, "Triggers": [], "Planner Runtime": 1.448, "Total Runtime": 1672.5, "Unique SQL Id": 1080450481}}, "(16, 50)": {"explain_plan": {"Plan": {"Node Type": "Aggregate", "Strategy": "Plain", "Startup Cost": 213808.47, "Total Cost": 213808.48, "Plan Rows": 1, "Plan Width": 16, "Plans": [{"Node Type": "Nested Loop", "Parent Relationship": "Outer", "Join Type": "Inner", "Startup Cost": 128826.76, "Total Cost": 213806.45, "Plan Rows": 806, "Plan Width": 8, "Inner Unique": false, "Plans": [{"Node Type": "Nested Loop", "Parent Relationship": "Outer", "Join Type": "Inner", "Startup Cost": 128822.53, "Total Cost": 201406.27, "Plan Rows": 438, "Plan Width": 24, "Inner Unique": true, "Plans": [{"Node Type": "Aggregate", "Strategy": "Hashed", "Parent Relationship": "Outer", "Startup Cost": 128820.01, "Total Cost": 129013.07, "Plan Rows": 11032, "Plan Width": 16, "Group By Key": ["public.lineitem.l_partkey"], "Plans": [{"Node Type": "Nested Loop", "Parent Relationship": "Outer", "Join Type": "Inner", "Startup Cost": 4.28, "Total Cost": 128737.27, "Plan Rows": 11032, "Plan Width": 16, "Inner Unique": false, "Plans": [{"Node Type": "Seq Scan", "Parent Relationship": "Outer", "Relation Name": "part", "Alias": "part", "Startup Cost": 0.0, "Total Cost": 71944.0, "Plan Rows": 2001, "Plan Width": 8, "Filter": "((p_brand = 'Brand#44'::bpchar) AND (p_container = 'WRAP PKG'::bpchar))"}, {"Node Type": "Bitmap Heap Scan", "Parent Relationship": "Inner", "Relation Name": "lineitem", "Alias": "lineitem", "Startup Cost": 4.28, "Total Cost": 28.32, "Plan Rows": 6, "Plan Width": 16, "Recheck Cond": "(l_partkey = public.part.p_partkey)", "Plans": [{"Node Type": "Bitmap Index Scan", "Parent Relationship": "Outer", "Index Name": "idx_lineitem_part_supp", "Startup Cost": 0.0, "Total Cost": 4.28, "Plan Rows": 6, "Plan Width": 0, "Index Cond": "(l_partkey = public.part.p_partkey)"}]}]}]}, {"Node Type": "Bitmap Heap Scan", "Parent Relationship": "Inner", "Relation Name": "part", "Alias": "part", "Startup Cost": 2.52, "Total Cost": 6.54, "Plan Rows": 1, "Plan Width": 8, "Recheck Cond": "(p_partkey = public.lineitem.l_partkey)", "Filter": "((p_brand = 'Brand#44'::bpchar) AND (p_container = 'WRAP PKG'::bpchar))", "Plans": [{"Node Type": "Bitmap Index Scan", "Parent Relationship": "Outer", "Index Name": "part_kpey", "Startup Cost": 0.0, "Total Cost": 2.52, "Plan Rows": 1, "Plan Width": 0, "Index Cond": "(p_partkey = public.lineitem.l_partkey)"}]}]}, {"Node Type": "Bitmap Heap Scan", "Parent Relationship": "Inner", "Relation Name": "lineitem", "Alias": "lineitem", "Startup Cost": 4.22, "Total Cost": 28.29, "Plan Rows": 2, "Plan Width": 24, "Recheck Cond": "(l_partkey = public.lineitem.l_partkey)", "Filter": "(l_quantity < (.2::double precision * (avg(public.lineitem.l_quantity))))", "Plans": [{"Node Type": "Bitmap Index Scan", "Parent Relationship": "Outer", "Index Name": "idx_lineitem_part_supp", "Startup Cost": 0.0, "Total Cost": 4.22, "Plan Rows": 6, "Plan Width": 0, "Index Cond": "(l_partkey = public.lineitem.l_partkey)"}]}]}]}, "Unique SQL Id": 1080450481}, "explain_analyze_plan": {"Plan": {"Node Type": "Aggregate", "Strategy": "Plain", "Startup Cost": 213808.47, "Total Cost": 213808.48, "Plan Rows": 1, "Plan Width": 16, "Actual Startup Time": 1262.962, "Actual Total Time": 1262.962, "Actual Rows": 1, "Actual Loops": 1, "Plans": [{"Node Type": "Nested Loop", "Parent Relationship": "Outer", "Join Type": "Inner", "Startup Cost": 128826.76, "Total Cost": 213806.45, "Plan Rows": 806, "Plan Width": 8, "Actual Startup Time": 1039.016, "Actual Total Time": 1261.836, "Actual Rows": 5403, "Actual Loops": 1, "Inner Unique": false, "Plans": [{"Node Type": "Nested Loop", "Parent Relationship": "Outer", "Join Type": "Inner", "Startup Cost": 128822.53, "Total Cost": 201406.27, "Plan Rows": 438, "Plan Width": 24, "Actual Startup Time": 1038.965, "Actual Total Time": 1062.635, "Actual Rows": 2003, "Actual Loops": 1, "Inner Unique": true, "Plans": [{"Node Type": "Aggregate", "Strategy": "Hashed", "Parent Relationship": "Outer", "Startup Cost": 128820.01, "Total Cost": 129013.07, "Plan Rows": 11032, "Plan Width": 16, "Actual Startup Time": 1038.929, "Actual Total Time": 1040.942, "Actual Rows": 2003, "Actual Loops": 1, "Group By Key": ["public.lineitem.l_partkey"], "Plans": [{"Node Type": "Nested Loop", "Parent Relationship": "Outer", "Join Type": "Inner", "Startup Cost": 4.28, "Total Cost": 128737.27, "Plan Rows": 11032, "Plan Width": 16, "Actual Startup Time": 0.398, "Actual Total Time": 998.539, "Actual Rows": 60021, "Actual Loops": 1, "Inner Unique": false, "Plans": [{"Node Type": "Seq Scan", "Parent Relationship": "Outer", "Relation Name": "part", "Alias": "part", "Startup Cost": 0.0, "Total Cost": 71944.0, "Plan Rows": 2001, "Plan Width": 8, "Actual Startup Time": 0.351, "Actual Total Time": 787.689, "Actual Rows": 2003, "Actual Loops": 1, "Filter": "((p_brand = 'Brand#44'::bpchar) AND (p_container = 'WRAP PKG'::bpchar))", "Rows Removed by Filter": 1997997}, {"Node Type": "Bitmap Heap Scan", "Parent Relationship": "Inner", "Relation Name": "lineitem", "Alias": "lineitem", "Startup Cost": 4.28, "Total Cost": 28.32, "Plan Rows": 6, "Plan Width": 16, "Actual Startup Time": 36.894, "Actual Total Time": 192.967, "Actual Rows": 60021, "Actual Loops": 2003, "Recheck Cond": "(l_partkey = public.part.p_partkey)", "Rows Removed by Index Recheck": 0, "Exact Heap Blocks": 60018, "Lossy Heap Blocks": 60018, "Plans": [{"Node Type": "Bitmap Index Scan", "Parent Relationship": "Outer", "Index Name": "idx_lineitem_part_supp", "Startup Cost": 0.0, "Total Cost": 4.28, "Plan Rows": 6, "Plan Width": 0, "Actual Startup Time": 23.332, "Actual Total Time": 23.332, "Actual Rows": 60021, "Actual Loops": 2003, "Index Cond": "(l_partkey = public.part.p_partkey)"}]}]}]}, {"Node Type": "Bitmap Heap Scan", "Parent Relationship": "Inner", "Relation Name": "part", "Alias": "part", "Startup Cost": 2.52, "Total Cost": 6.54, "Plan Rows": 1, "Plan Width": 8, "Actual Startup Time": 18.355, "Actual Total Time": 18.355, "Actual Rows": 2003, "Actual Loops": 2003, "Recheck Cond": "(p_partkey = public.lineitem.l_partkey)", "Rows Removed by Index Recheck": 0, "Filter": "((p_brand = 'Brand#44'::bpchar) AND (p_container = 'WRAP PKG'::bpchar))", "Rows Removed by Filter": 0, "Exact Heap Blocks": 2003, "Lossy Heap Blocks": 2003, "Plans": [{"Node Type": "Bitmap Index Scan", "Parent Relationship": "Outer", "Index Name": "part_kpey", "Startup Cost": 0.0, "Total Cost": 2.52, "Plan Rows": 1, "Plan Width": 0, "Actual Startup Time": 10.958, "Actual Total Time": 10.958, "Actual Rows": 2003, "Actual Loops": 2003, "Index Cond": "(p_partkey = public.lineitem.l_partkey)"}]}]}, {"Node Type": "Bitmap Heap Scan", "Parent Relationship": "Inner", "Relation Name": "lineitem", "Alias": "lineitem", "Startup Cost": 4.22, "Total Cost": 28.29, "Plan Rows": 2, "Plan Width": 24, "Actual Startup Time": 85.758, "Actual Total Time": 195.222, "Actual Rows": 5403, "Actual Loops": 2003, "Recheck Cond": "(l_partkey = public.lineitem.l_partkey)", "Rows Removed by Index Recheck": 0, "Filter": "(l_quantity < (.2::double precision * (avg(public.lineitem.l_quantity))))", "Rows Removed by Filter": 54618, "Exact Heap Blocks": 60018, "Lossy Heap Blocks": 60018, "Plans": [{"Node Type": "Bitmap Index Scan", "Parent Relationship": "Outer", "Index Name": "idx_lineitem_part_supp", "Startup Cost": 0.0, "Total Cost": 4.22, "Plan Rows": 6, "Plan Width": 0, "Actual Startup Time": 24.279, "Actual Total Time": 24.279, "Actual Rows": 60021, "Actual Loops": 2003, "Index Cond": "(l_partkey = public.lineitem.l_partkey)"}]}]}]}, "Triggers": [], "Planner Runtime": 1.384, "Total Runtime": 1263.375, "Unique SQL Id": 1080450481}}, "(16, 51)": {"explain_plan": {"Plan": {"Node Type": "Aggregate", "Strategy": "Plain", "Startup Cost": 1001032279502.61, "Total Cost": 1001032279502.62, "Plan Rows": 1, "Plan Width": 16, "Plans": [{"Node Type": "Nested Loop", "Parent Relationship": "Outer", "Join Type": "Inner", "Startup Cost": 10000000004.74, "Total Cost": 1001032279500.6, "Plan Rows": 806, "Plan Width": 8, "Inner Unique": true, "Join Filter": "(public.lineitem.l_partkey = public.part.p_partkey)", "Plans": [{"Node Type": "Nested Loop", "Parent Relationship": "Outer", "Join Type": "Inner", "Startup Cost": 10000000004.48, "Total Cost": 1001032192561.0, "Plan Rows": 20274, "Plan Width": 24, "Inner Unique": false, "Plans": [{"Node Type": "Aggregate", "Strategy": "Sorted", "Parent Relationship": "Outer", "Startup Cost": 10000000000.26, "Total Cost": 1001031880124.59, "Plan Rows": 11032, "Plan Width": 80, "Group By Key": ["public.lineitem.l_partkey"], "Plans": [{"Node Type": "Nested Loop", "Parent Relationship": "Outer", "Join Type": "Semi", "Startup Cost": 10000000000.26, "Total Cost": 1001031879848.79, "Plan Rows": 11032, "Plan Width": 16, "Inner Unique": false, "Plans": [{"Node Type": "Index Scan", "Parent Relationship": "Outer", "Scan Direction": "Forward", "Index Name": "idx_lineitem_part_supp", "Relation Name": "lineitem", "Alias": "lineitem", "Startup Cost": 10000000000.0, "Total Cost": 1000775391319.64, "Plan Rows": 59987033, "Plan Width": 16}, {"Node Type": "Bitmap Heap Scan", "Parent Relationship": "Inner", "Relation Name": "part", "Alias": "part", "Startup Cost": 0.26, "Total Cost": 4.28, "Plan Rows": 1, "Plan Width": 8, "Recheck Cond": "(p_partkey = public.lineitem.l_partkey)", "Filter": "((p_brand = 'Brand#44'::bpchar) AND (p_container = 'WRAP PKG'::bpchar))", "Plans": [{"Node Type": "Bitmap Index Scan", "Parent Relationship": "Outer", "Index Name": "part_kpey", "Startup Cost": 0.0, "Total Cost": 0.26, "Plan Rows": 1, "Plan Width": 0, "Index Cond": "(p_partkey = public.lineitem.l_partkey)"}]}]}]}, {"Node Type": "Bitmap Heap Scan", "Parent Relationship": "Inner", "Relation Name": "lineitem", "Alias": "lineitem", "Startup Cost": 4.22, "Total Cost": 28.29, "Plan Rows": 2, "Plan Width": 24, "Recheck Cond": "(l_partkey = public.lineitem.l_partkey)", "Filter": "(l_quantity < (.2::double precision * (avg(public.lineitem.l_quantity))))", "Plans": [{"Node Type": "Bitmap Index Scan", "Parent Relationship": "Outer", "Index Name": "idx_lineitem_part_supp", "Startup Cost": 0.0, "Total Cost": 4.22, "Plan Rows": 6, "Plan Width": 0, "Index Cond": "(l_partkey = public.lineitem.l_partkey)"}]}]}, {"Node Type": "Bitmap Heap Scan", "Parent Relationship": "Inner", "Relation Name": "part", "Alias": "part", "Startup Cost": 0.26, "Total Cost": 4.28, "Plan Rows": 1, "Plan Width": 8, "Recheck Cond": "(p_partkey = public.lineitem.l_partkey)", "Filter": "((p_brand = 'Brand#44'::bpchar) AND (p_container = 'WRAP PKG'::bpchar))", "Plans": [{"Node Type": "Bitmap Index Scan", "Parent Relationship": "Outer", "Index Name": "part_kpey", "Startup Cost": 0.0, "Total Cost": 0.26, "Plan Rows": 1, "Plan Width": 0, "Index Cond": "(p_partkey = public.lineitem.l_partkey)"}]}]}]}, "Unique SQL Id": 1080450481}, "explain_analyze_plan": null}, "(16, 52)": {"explain_plan": {"Plan": {"Node Type": "Aggregate", "Strategy": "Plain", "Startup Cost": 208324.62, "Total Cost": 208324.63, "Plan Rows": 1, "Plan Width": 16, "Plans": [{"Node Type": "Nested Loop", "Parent Relationship": "Outer", "Join Type": "Inner", "Startup Cost": 128691.05, "Total Cost": 208322.6, "Plan Rows": 806, "Plan Width": 8, "Inner Unique": false, "Plans": [{"Node Type": "Nested Loop", "Parent Relationship": "Outer", "Join Type": "Inner", "Startup Cost": 128691.05, "Total Cost": 196146.55, "Plan Rows": 438, "Plan Width": 24, "Inner Unique": true, "Plans": [{"Node Type": "Aggregate", "Strategy": "Hashed", "Parent Relationship": "Outer", "Startup Cost": 128691.05, "Total Cost": 128884.11, "Plan Rows": 11032, "Plan Width": 16, "Group By Key": ["public.lineitem.l_partkey"], "Plans": [{"Node Type": "Nested Loop", "Parent Relationship": "Outer", "Join Type": "Inner", "Startup Cost": 0.0, "Total Cost": 128608.31, "Plan Rows": 11032, "Plan Width": 16, "Inner Unique": false, "Plans": [{"Node Type": "Seq Scan", "Parent Relationship": "Outer", "Relation Name": "part", "Alias": "part", "Startup Cost": 0.0, "Total Cost": 71944.0, "Plan Rows": 2001, "Plan Width": 8, "Filter": "((p_brand = 'Brand#44'::bpchar) AND (p_container = 'WRAP PKG'::bpchar))"}, {"Node Type": "Index Scan", "Parent Relationship": "Inner", "Scan Direction": "Forward", "Index Name": "idx_lineitem_part_supp", "Relation Name": "lineitem", "Alias": "lineitem", "Startup Cost": 0.0, "Total Cost": 28.26, "Plan Rows": 6, "Plan Width": 16, "Index Cond": "(l_partkey = public.part.p_partkey)"}]}]}, {"Node Type": "Index Scan", "Parent Relationship": "Inner", "Scan Direction": "Forward", "Index Name": "part_kpey", "Relation Name": "part", "Alias": "part", "Startup Cost": 0.0, "Total Cost": 6.08, "Plan Rows": 1, "Plan Width": 8, "Index Cond": "(p_partkey = public.lineitem.l_partkey)", "Filter": "((p_brand = 'Brand#44'::bpchar) AND (p_container = 'WRAP PKG'::bpchar))"}]}, {"Node Type": "Index Scan", "Parent Relationship": "Inner", "Scan Direction": "Forward", "Index Name": "idx_lineitem_part_supp", "Relation Name": "lineitem", "Alias": "lineitem", "Startup Cost": 0.0, "Total Cost": 27.78, "Plan Rows": 2, "Plan Width": 24, "Index Cond": "(l_partkey = public.lineitem.l_partkey)", "Filter": "(l_quantity < (.2::double precision * (avg(public.lineitem.l_quantity))))"}]}]}, "Unique SQL Id": 1080450481}, "explain_analyze_plan": {"Plan": {"Node Type": "Aggregate", "Strategy": "Plain", "Startup Cost": 208324.62, "Total Cost": 208324.63, "Plan Rows": 1, "Plan Width": 16, "Actual Startup Time": 1198.059, "Actual Total Time": 1198.06, "Actual Rows": 1, "Actual Loops": 1, "Plans": [{"Node Type": "Nested Loop", "Parent Relationship": "Outer", "Join Type": "Inner", "Startup Cost": 128691.05, "Total Cost": 208322.6, "Plan Rows": 806, "Plan Width": 8, "Actual Startup Time": 1016.325, "Actual Total Time": 1197.018, "Actual Rows": 5403, "Actual Loops": 1, "Inner Unique": false, "Plans": [{"Node Type": "Nested Loop", "Parent Relationship": "Outer", "Join Type": "Inner", "Startup Cost": 128691.05, "Total Cost": 196146.55, "Plan Rows": 438, "Plan Width": 24, "Actual Startup Time": 1016.297, "Actual Total Time": 1034.231, "Actual Rows": 2003, "Actual Loops": 1, "Inner Unique": true, "Plans": [{"Node Type": "Aggregate", "Strategy": "Hashed", "Parent Relationship": "Outer", "Startup Cost": 128691.05, "Total Cost": 128884.11, "Plan Rows": 11032, "Plan Width": 16, "Actual Startup Time": 1016.266, "Actual Total Time": 1017.905, "Actual Rows": 2003, "Actual Loops": 1, "Group By Key": ["public.lineitem.l_partkey"], "Plans": [{"Node Type": "Nested Loop", "Parent Relationship": "Outer", "Join Type": "Inner", "Startup Cost": 0.0, "Total Cost": 128608.31, "Plan Rows": 11032, "Plan Width": 16, "Actual Startup Time": 0.361, "Actual Total Time": 975.259, "Actual Rows": 60021, "Actual Loops": 1, "Inner Unique": false, "Plans": [{"Node Type": "Seq Scan", "Parent Relationship": "Outer", "Relation Name": "part", "Alias": "part", "Startup Cost": 0.0, "Total Cost": 71944.0, "Plan Rows": 2001, "Plan Width": 8, "Actual Startup Time": 0.34, "Actual Total Time": 786.254, "Actual Rows": 2003, "Actual Loops": 1, "Filter": "((p_brand = 'Brand#44'::bpchar) AND (p_container = 'WRAP PKG'::bpchar))", "Rows Removed by Filter": 1997997}, {"Node Type": "Index Scan", "Parent Relationship": "Inner", "Scan Direction": "Forward", "Index Name": "idx_lineitem_part_supp", "Relation Name": "lineitem", "Alias": "lineitem", "Startup Cost": 0.0, "Total Cost": 28.26, "Plan Rows": 6, "Plan Width": 16, "Actual Startup Time": 25.976, "Actual Total Time": 174.503, "Actual Rows": 60021, "Actual Loops": 2003, "Index Cond": "(l_partkey = public.part.p_partkey)", "Rows Removed by Index Recheck": 0}]}]}, {"Node Type": "Index Scan", "Parent Relationship": "Inner", "Scan Direction": "Forward", "Index Name": "part_kpey", "Relation Name": "part", "Alias": "part", "Startup Cost": 0.0, "Total Cost": 6.08, "Plan Rows": 1, "Plan Width": 8, "Actual Startup Time": 14.697, "Actual Total Time": 14.697, "Actual Rows": 2003, "Actual Loops": 2003, "Index Cond": "(p_partkey = public.lineitem.l_partkey)", "Rows Removed by Index Recheck": 0, "Filter": "((p_brand = 'Brand#44'::bpchar) AND (p_container = 'WRAP PKG'::bpchar))", "Rows Removed by Filter": 0}]}, {"Node Type": "Index Scan", "Parent Relationship": "Inner", "Scan Direction": "Forward", "Index Name": "idx_lineitem_part_supp", "Relation Name": "lineitem", "Alias": "lineitem", "Startup Cost": 0.0, "Total Cost": 27.78, "Plan Rows": 2, "Plan Width": 24, "Actual Startup Time": 65.051, "Actual Total Time": 160.425, "Actual Rows": 5403, "Actual Loops": 2003, "Index Cond": "(l_partkey = public.lineitem.l_partkey)", "Rows Removed by Index Recheck": 0, "Filter": "(l_quantity < (.2::double precision * (avg(public.lineitem.l_quantity))))", "Rows Removed by Filter": 54618}]}]}, "Triggers": [], "Planner Runtime": 1.534, "Total Runtime": 1198.321, "Unique SQL Id": 1080450481}}, "(16, 53)": {"explain_plan": {"Plan": {"Node Type": "Aggregate", "Strategy": "Plain", "Startup Cost": 247183.87, "Total Cost": 247183.88, "Plan Rows": 1, "Plan Width": 16, "Plans": [{"Node Type": "Nested Loop", "Parent Relationship": "Outer", "Join Type": "Inner", "Startup Cost": 0.0, "Total Cost": 247181.85, "Plan Rows": 806, "Plan Width": 8, "Inner Unique": false, "Plans": [{"Node Type": "Nested Loop", "Parent Relationship": "Outer", "Join Type": "Inner", "Startup Cost": 0.0, "Total Cost": 235005.8, "Plan Rows": 438, "Plan Width": 24, "Inner Unique": true, "Plans": [{"Node Type": "Aggregate", "Strategy": "Sorted", "Parent Relationship": "Outer", "Startup Cost": 0.0, "Total Cost": 167743.36, "Plan Rows": 11032, "Plan Width": 80, "Group By Key": ["public.lineitem.l_partkey"], "Plans": [{"Node Type": "Nested Loop", "Parent Relationship": "Outer", "Join Type": "Inner", "Startup Cost": 0.0, "Total Cost": 167467.56, "Plan Rows": 11032, "Plan Width": 16, "Inner Unique": false, "Plans": [{"Node Type": "Index Scan", "Parent Relationship": "Outer", "Scan Direction": "Forward", "Index Name": "part_kpey", "Relation Name": "part", "Alias": "part", "Startup Cost": 0.0, "Total Cost": 110803.25, "Plan Rows": 2001, "Plan Width": 8, "Filter": "((p_brand = 'Brand#44'::bpchar) AND (p_container = 'WRAP PKG'::bpchar))"}, {"Node Type": "Index Scan", "Parent Relationship": "Inner", "Scan Direction": "Forward", "Index Name": "idx_lineitem_part_supp", "Relation Name": "lineitem", "Alias": "lineitem", "Startup Cost": 0.0, "Total Cost": 28.26, "Plan Rows": 6, "Plan Width": 16, "Index Cond": "(l_partkey = public.part.p_partkey)"}]}]}, {"Node Type": "Index Scan", "Parent Relationship": "Inner", "Scan Direction": "Forward", "Index Name": "part_kpey", "Relation Name": "part", "Alias": "part", "Startup Cost": 0.0, "Total Cost": 6.08, "Plan Rows": 1, "Plan Width": 8, "Index Cond": "(p_partkey = public.lineitem.l_partkey)", "Filter": "((p_brand = 'Brand#44'::bpchar) AND (p_container = 'WRAP PKG'::bpchar))"}]}, {"Node Type": "Index Scan", "Parent Relationship": "Inner", "Scan Direction": "Forward", "Index Name": "idx_lineitem_part_supp", "Relation Name": "lineitem", "Alias": "lineitem", "Startup Cost": 0.0, "Total Cost": 27.78, "Plan Rows": 2, "Plan Width": 24, "Index Cond": "(l_partkey = public.lineitem.l_partkey)", "Filter": "(l_quantity < (.2::double precision * (avg(public.lineitem.l_quantity))))"}]}]}, "Unique SQL Id": 1080450481}, "explain_analyze_plan": {"Plan": {"Node Type": "Aggregate", "Strategy": "Plain", "Startup Cost": 247183.87, "Total Cost": 247183.88, "Plan Rows": 1, "Plan Width": 16, "Actual Startup Time": 1672.251, "Actual Total Time": 1672.251, "Actual Rows": 1, "Actual Loops": 1, "Plans": [{"Node Type": "Nested Loop", "Parent Relationship": "Outer", "Join Type": "Inner", "Startup Cost": 0.0, "Total Cost": 247181.85, "Plan Rows": 806, "Plan Width": 8, "Actual Startup Time": 1.789, "Actual Total Time": 1671.055, "Actual Rows": 5403, "Actual Loops": 1, "Inner Unique": false, "Plans": [{"Node Type": "Nested Loop", "Parent Relationship": "Outer", "Join Type": "Inner", "Startup Cost": 0.0, "Total Cost": 235005.8, "Plan Rows": 438, "Plan Width": 24, "Actual Startup Time": 1.749, "Actual Total Time": 1591.323, "Actual Rows": 2003, "Actual Loops": 1, "Inner Unique": true, "Plans": [{"Node Type": "Aggregate", "Strategy": "Sorted", "Parent Relationship": "Outer", "Startup Cost": 0.0, "Total Cost": 167743.36, "Plan Rows": 11032, "Plan Width": 80, "Actual Startup Time": 1.737, "Actual Total Time": 1579.292, "Actual Rows": 2003, "Actual Loops": 1, "Group By Key": ["public.lineitem.l_partkey"], "Plans": [{"Node Type": "Nested Loop", "Parent Relationship": "Outer", "Join Type": "Inner", "Startup Cost": 0.0, "Total Cost": 167467.56, "Plan Rows": 11032, "Plan Width": 16, "Actual Startup Time": 0.583, "Actual Total Time": 1545.893, "Actual Rows": 60021, "Actual Loops": 1, "Inner Unique": false, "Plans": [{"Node Type": "Index Scan", "Parent Relationship": "Outer", "Scan Direction": "Forward", "Index Name": "part_kpey", "Relation Name": "part", "Alias": "part", "Startup Cost": 0.0, "Total Cost": 110803.25, "Plan Rows": 2001, "Plan Width": 8, "Actual Startup Time": 0.567, "Actual Total Time": 1351.997, "Actual Rows": 2003, "Actual Loops": 1, "Filter": "((p_brand = 'Brand#44'::bpchar) AND (p_container = 'WRAP PKG'::bpchar))", "Rows Removed by Filter": 1997997}, {"Node Type": "Index Scan", "Parent Relationship": "Inner", "Scan Direction": "Forward", "Index Name": "idx_lineitem_part_supp", "Relation Name": "lineitem", "Alias": "lineitem", "Startup Cost": 0.0, "Total Cost": 28.26, "Plan Rows": 6, "Plan Width": 16, "Actual Startup Time": 26.124, "Actual Total Time": 178.211, "Actual Rows": 60021, "Actual Loops": 2003, "Index Cond": "(l_partkey = public.part.p_partkey)", "Rows Removed by Index Recheck": 0}]}]}, {"Node Type": "Index Scan", "Parent Relationship": "Inner", "Scan Direction": "Forward", "Index Name": "part_kpey", "Relation Name": "part", "Alias": "part", "Startup Cost": 0.0, "Total Cost": 6.08, "Plan Rows": 1, "Plan Width": 8, "Actual Startup Time": 9.363, "Actual Total Time": 9.363, "Actual Rows": 2003, "Actual Loops": 2003, "Index Cond": "(p_partkey = public.lineitem.l_partkey)", "Rows Removed by Index Recheck": 0, "Filter": "((p_brand = 'Brand#44'::bpchar) AND (p_container = 'WRAP PKG'::bpchar))", "Rows Removed by Filter": 0}]}, {"Node Type": "Index Scan", "Parent Relationship": "Inner", "Scan Direction": "Forward", "Index Name": "idx_lineitem_part_supp", "Relation Name": "lineitem", "Alias": "lineitem", "Startup Cost": 0.0, "Total Cost": 27.78, "Plan Rows": 2, "Plan Width": 24, "Actual Startup Time": 33.256, "Actual Total Time": 76.813, "Actual Rows": 5403, "Actual Loops": 2003, "Index Cond": "(l_partkey = public.lineitem.l_partkey)", "Rows Removed by Index Recheck": 0, "Filter": "(l_quantity < (.2::double precision * (avg(public.lineitem.l_quantity))))", "Rows Removed by Filter": 54618}]}]}, "Triggers": [], "Planner Runtime": 1.448, "Total Runtime": 1672.5, "Unique SQL Id": 1080450481}}, "(16, 54)": {"explain_plan": {"Plan": {"Node Type": "Aggregate", "Strategy": "Plain", "Startup Cost": 213808.47, "Total Cost": 213808.48, "Plan Rows": 1, "Plan Width": 16, "Plans": [{"Node Type": "Nested Loop", "Parent Relationship": "Outer", "Join Type": "Inner", "Startup Cost": 128826.76, "Total Cost": 213806.45, "Plan Rows": 806, "Plan Width": 8, "Inner Unique": false, "Plans": [{"Node Type": "Nested Loop", "Parent Relationship": "Outer", "Join Type": "Inner", "Startup Cost": 128822.53, "Total Cost": 201406.27, "Plan Rows": 438, "Plan Width": 24, "Inner Unique": true, "Plans": [{"Node Type": "Aggregate", "Strategy": "Hashed", "Parent Relationship": "Outer", "Startup Cost": 128820.01, "Total Cost": 129013.07, "Plan Rows": 11032, "Plan Width": 16, "Group By Key": ["public.lineitem.l_partkey"], "Plans": [{"Node Type": "Nested Loop", "Parent Relationship": "Outer", "Join Type": "Inner", "Startup Cost": 4.28, "Total Cost": 128737.27, "Plan Rows": 11032, "Plan Width": 16, "Inner Unique": false, "Plans": [{"Node Type": "Seq Scan", "Parent Relationship": "Outer", "Relation Name": "part", "Alias": "part", "Startup Cost": 0.0, "Total Cost": 71944.0, "Plan Rows": 2001, "Plan Width": 8, "Filter": "((p_brand = 'Brand#44'::bpchar) AND (p_container = 'WRAP PKG'::bpchar))"}, {"Node Type": "Bitmap Heap Scan", "Parent Relationship": "Inner", "Relation Name": "lineitem", "Alias": "lineitem", "Startup Cost": 4.28, "Total Cost": 28.32, "Plan Rows": 6, "Plan Width": 16, "Recheck Cond": "(l_partkey = public.part.p_partkey)", "Plans": [{"Node Type": "Bitmap Index Scan", "Parent Relationship": "Outer", "Index Name": "idx_lineitem_part_supp", "Startup Cost": 0.0, "Total Cost": 4.28, "Plan Rows": 6, "Plan Width": 0, "Index Cond": "(l_partkey = public.part.p_partkey)"}]}]}]}, {"Node Type": "Bitmap Heap Scan", "Parent Relationship": "Inner", "Relation Name": "part", "Alias": "part", "Startup Cost": 2.52, "Total Cost": 6.54, "Plan Rows": 1, "Plan Width": 8, "Recheck Cond": "(p_partkey = public.lineitem.l_partkey)", "Filter": "((p_brand = 'Brand#44'::bpchar) AND (p_container = 'WRAP PKG'::bpchar))", "Plans": [{"Node Type": "Bitmap Index Scan", "Parent Relationship": "Outer", "Index Name": "part_kpey", "Startup Cost": 0.0, "Total Cost": 2.52, "Plan Rows": 1, "Plan Width": 0, "Index Cond": "(p_partkey = public.lineitem.l_partkey)"}]}]}, {"Node Type": "Bitmap Heap Scan", "Parent Relationship": "Inner", "Relation Name": "lineitem", "Alias": "lineitem", "Startup Cost": 4.22, "Total Cost": 28.29, "Plan Rows": 2, "Plan Width": 24, "Recheck Cond": "(l_partkey = public.lineitem.l_partkey)", "Filter": "(l_quantity < (.2::double precision * (avg(public.lineitem.l_quantity))))", "Plans": [{"Node Type": "Bitmap Index Scan", "Parent Relationship": "Outer", "Index Name": "idx_lineitem_part_supp", "Startup Cost": 0.0, "Total Cost": 4.22, "Plan Rows": 6, "Plan Width": 0, "Index Cond": "(l_partkey = public.lineitem.l_partkey)"}]}]}]}, "Unique SQL Id": 1080450481}, "explain_analyze_plan": {"Plan": {"Node Type": "Aggregate", "Strategy": "Plain", "Startup Cost": 213808.47, "Total Cost": 213808.48, "Plan Rows": 1, "Plan Width": 16, "Actual Startup Time": 1262.962, "Actual Total Time": 1262.962, "Actual Rows": 1, "Actual Loops": 1, "Plans": [{"Node Type": "Nested Loop", "Parent Relationship": "Outer", "Join Type": "Inner", "Startup Cost": 128826.76, "Total Cost": 213806.45, "Plan Rows": 806, "Plan Width": 8, "Actual Startup Time": 1039.016, "Actual Total Time": 1261.836, "Actual Rows": 5403, "Actual Loops": 1, "Inner Unique": false, "Plans": [{"Node Type": "Nested Loop", "Parent Relationship": "Outer", "Join Type": "Inner", "Startup Cost": 128822.53, "Total Cost": 201406.27, "Plan Rows": 438, "Plan Width": 24, "Actual Startup Time": 1038.965, "Actual Total Time": 1062.635, "Actual Rows": 2003, "Actual Loops": 1, "Inner Unique": true, "Plans": [{"Node Type": "Aggregate", "Strategy": "Hashed", "Parent Relationship": "Outer", "Startup Cost": 128820.01, "Total Cost": 129013.07, "Plan Rows": 11032, "Plan Width": 16, "Actual Startup Time": 1038.929, "Actual Total Time": 1040.942, "Actual Rows": 2003, "Actual Loops": 1, "Group By Key": ["public.lineitem.l_partkey"], "Plans": [{"Node Type": "Nested Loop", "Parent Relationship": "Outer", "Join Type": "Inner", "Startup Cost": 4.28, "Total Cost": 128737.27, "Plan Rows": 11032, "Plan Width": 16, "Actual Startup Time": 0.398, "Actual Total Time": 998.539, "Actual Rows": 60021, "Actual Loops": 1, "Inner Unique": false, "Plans": [{"Node Type": "Seq Scan", "Parent Relationship": "Outer", "Relation Name": "part", "Alias": "part", "Startup Cost": 0.0, "Total Cost": 71944.0, "Plan Rows": 2001, "Plan Width": 8, "Actual Startup Time": 0.351, "Actual Total Time": 787.689, "Actual Rows": 2003, "Actual Loops": 1, "Filter": "((p_brand = 'Brand#44'::bpchar) AND (p_container = 'WRAP PKG'::bpchar))", "Rows Removed by Filter": 1997997}, {"Node Type": "Bitmap Heap Scan", "Parent Relationship": "Inner", "Relation Name": "lineitem", "Alias": "lineitem", "Startup Cost": 4.28, "Total Cost": 28.32, "Plan Rows": 6, "Plan Width": 16, "Actual Startup Time": 36.894, "Actual Total Time": 192.967, "Actual Rows": 60021, "Actual Loops": 2003, "Recheck Cond": "(l_partkey = public.part.p_partkey)", "Rows Removed by Index Recheck": 0, "Exact Heap Blocks": 60018, "Lossy Heap Blocks": 60018, "Plans": [{"Node Type": "Bitmap Index Scan", "Parent Relationship": "Outer", "Index Name": "idx_lineitem_part_supp", "Startup Cost": 0.0, "Total Cost": 4.28, "Plan Rows": 6, "Plan Width": 0, "Actual Startup Time": 23.332, "Actual Total Time": 23.332, "Actual Rows": 60021, "Actual Loops": 2003, "Index Cond": "(l_partkey = public.part.p_partkey)"}]}]}]}, {"Node Type": "Bitmap Heap Scan", "Parent Relationship": "Inner", "Relation Name": "part", "Alias": "part", "Startup Cost": 2.52, "Total Cost": 6.54, "Plan Rows": 1, "Plan Width": 8, "Actual Startup Time": 18.355, "Actual Total Time": 18.355, "Actual Rows": 2003, "Actual Loops": 2003, "Recheck Cond": "(p_partkey = public.lineitem.l_partkey)", "Rows Removed by Index Recheck": 0, "Filter": "((p_brand = 'Brand#44'::bpchar) AND (p_container = 'WRAP PKG'::bpchar))", "Rows Removed by Filter": 0, "Exact Heap Blocks": 2003, "Lossy Heap Blocks": 2003, "Plans": [{"Node Type": "Bitmap Index Scan", "Parent Relationship": "Outer", "Index Name": "part_kpey", "Startup Cost": 0.0, "Total Cost": 2.52, "Plan Rows": 1, "Plan Width": 0, "Actual Startup Time": 10.958, "Actual Total Time": 10.958, "Actual Rows": 2003, "Actual Loops": 2003, "Index Cond": "(p_partkey = public.lineitem.l_partkey)"}]}]}, {"Node Type": "Bitmap Heap Scan", "Parent Relationship": "Inner", "Relation Name": "lineitem", "Alias": "lineitem", "Startup Cost": 4.22, "Total Cost": 28.29, "Plan Rows": 2, "Plan Width": 24, "Actual Startup Time": 85.758, "Actual Total Time": 195.222, "Actual Rows": 5403, "Actual Loops": 2003, "Recheck Cond": "(l_partkey = public.lineitem.l_partkey)", "Rows Removed by Index Recheck": 0, "Filter": "(l_quantity < (.2::double precision * (avg(public.lineitem.l_quantity))))", "Rows Removed by Filter": 54618, "Exact Heap Blocks": 60018, "Lossy Heap Blocks": 60018, "Plans": [{"Node Type": "Bitmap Index Scan", "Parent Relationship": "Outer", "Index Name": "idx_lineitem_part_supp", "Startup Cost": 0.0, "Total Cost": 4.22, "Plan Rows": 6, "Plan Width": 0, "Actual Startup Time": 24.279, "Actual Total Time": 24.279, "Actual Rows": 60021, "Actual Loops": 2003, "Index Cond": "(l_partkey = public.lineitem.l_partkey)"}]}]}]}, "Triggers": [], "Planner Runtime": 1.384, "Total Runtime": 1263.375, "Unique SQL Id": 1080450481}}, "(16, 55)": {"explain_plan": {"Plan": {"Node Type": "Aggregate", "Strategy": "Plain", "Startup Cost": 1001032279502.61, "Total Cost": 1001032279502.62, "Plan Rows": 1, "Plan Width": 16, "Plans": [{"Node Type": "Nested Loop", "Parent Relationship": "Outer", "Join Type": "Inner", "Startup Cost": 10000000004.74, "Total Cost": 1001032279500.6, "Plan Rows": 806, "Plan Width": 8, "Inner Unique": true, "Join Filter": "(public.lineitem.l_partkey = public.part.p_partkey)", "Plans": [{"Node Type": "Nested Loop", "Parent Relationship": "Outer", "Join Type": "Inner", "Startup Cost": 10000000004.48, "Total Cost": 1001032192561.0, "Plan Rows": 20274, "Plan Width": 24, "Inner Unique": false, "Plans": [{"Node Type": "Aggregate", "Strategy": "Sorted", "Parent Relationship": "Outer", "Startup Cost": 10000000000.26, "Total Cost": 1001031880124.59, "Plan Rows": 11032, "Plan Width": 80, "Group By Key": ["public.lineitem.l_partkey"], "Plans": [{"Node Type": "Nested Loop", "Parent Relationship": "Outer", "Join Type": "Semi", "Startup Cost": 10000000000.26, "Total Cost": 1001031879848.79, "Plan Rows": 11032, "Plan Width": 16, "Inner Unique": false, "Plans": [{"Node Type": "Index Scan", "Parent Relationship": "Outer", "Scan Direction": "Forward", "Index Name": "idx_lineitem_part_supp", "Relation Name": "lineitem", "Alias": "lineitem", "Startup Cost": 10000000000.0, "Total Cost": 1000775391319.64, "Plan Rows": 59987033, "Plan Width": 16}, {"Node Type": "Bitmap Heap Scan", "Parent Relationship": "Inner", "Relation Name": "part", "Alias": "part", "Startup Cost": 0.26, "Total Cost": 4.28, "Plan Rows": 1, "Plan Width": 8, "Recheck Cond": "(p_partkey = public.lineitem.l_partkey)", "Filter": "((p_brand = 'Brand#44'::bpchar) AND (p_container = 'WRAP PKG'::bpchar))", "Plans": [{"Node Type": "Bitmap Index Scan", "Parent Relationship": "Outer", "Index Name": "part_kpey", "Startup Cost": 0.0, "Total Cost": 0.26, "Plan Rows": 1, "Plan Width": 0, "Index Cond": "(p_partkey = public.lineitem.l_partkey)"}]}]}]}, {"Node Type": "Bitmap Heap Scan", "Parent Relationship": "Inner", "Relation Name": "lineitem", "Alias": "lineitem", "Startup Cost": 4.22, "Total Cost": 28.29, "Plan Rows": 2, "Plan Width": 24, "Recheck Cond": "(l_partkey = public.lineitem.l_partkey)", "Filter": "(l_quantity < (.2::double precision * (avg(public.lineitem.l_quantity))))", "Plans": [{"Node Type": "Bitmap Index Scan", "Parent Relationship": "Outer", "Index Name": "idx_lineitem_part_supp", "Startup Cost": 0.0, "Total Cost": 4.22, "Plan Rows": 6, "Plan Width": 0, "Index Cond": "(l_partkey = public.lineitem.l_partkey)"}]}]}, {"Node Type": "Bitmap Heap Scan", "Parent Relationship": "Inner", "Relation Name": "part", "Alias": "part", "Startup Cost": 0.26, "Total Cost": 4.28, "Plan Rows": 1, "Plan Width": 8, "Recheck Cond": "(p_partkey = public.lineitem.l_partkey)", "Filter": "((p_brand = 'Brand#44'::bpchar) AND (p_container = 'WRAP PKG'::bpchar))", "Plans": [{"Node Type": "Bitmap Index Scan", "Parent Relationship": "Outer", "Index Name": "part_kpey", "Startup Cost": 0.0, "Total Cost": 0.26, "Plan Rows": 1, "Plan Width": 0, "Index Cond": "(p_partkey = public.lineitem.l_partkey)"}]}]}]}, "Unique SQL Id": 1080450481}, "explain_analyze_plan": null}, "(16, 56)": {"explain_plan": {"Plan": {"Node Type": "Aggregate", "Strategy": "Plain", "Startup Cost": 208324.62, "Total Cost": 208324.63, "Plan Rows": 1, "Plan Width": 16, "Plans": [{"Node Type": "Nested Loop", "Parent Relationship": "Outer", "Join Type": "Inner", "Startup Cost": 128691.05, "Total Cost": 208322.6, "Plan Rows": 806, "Plan Width": 8, "Inner Unique": false, "Plans": [{"Node Type": "Nested Loop", "Parent Relationship": "Outer", "Join Type": "Inner", "Startup Cost": 128691.05, "Total Cost": 196146.55, "Plan Rows": 438, "Plan Width": 24, "Inner Unique": true, "Plans": [{"Node Type": "Aggregate", "Strategy": "Hashed", "Parent Relationship": "Outer", "Startup Cost": 128691.05, "Total Cost": 128884.11, "Plan Rows": 11032, "Plan Width": 16, "Group By Key": ["public.lineitem.l_partkey"], "Plans": [{"Node Type": "Nested Loop", "Parent Relationship": "Outer", "Join Type": "Inner", "Startup Cost": 0.0, "Total Cost": 128608.31, "Plan Rows": 11032, "Plan Width": 16, "Inner Unique": false, "Plans": [{"Node Type": "Seq Scan", "Parent Relationship": "Outer", "Relation Name": "part", "Alias": "part", "Startup Cost": 0.0, "Total Cost": 71944.0, "Plan Rows": 2001, "Plan Width": 8, "Filter": "((p_brand = 'Brand#44'::bpchar) AND (p_container = 'WRAP PKG'::bpchar))"}, {"Node Type": "Index Scan", "Parent Relationship": "Inner", "Scan Direction": "Forward", "Index Name": "idx_lineitem_part_supp", "Relation Name": "lineitem", "Alias": "lineitem", "Startup Cost": 0.0, "Total Cost": 28.26, "Plan Rows": 6, "Plan Width": 16, "Index Cond": "(l_partkey = public.part.p_partkey)"}]}]}, {"Node Type": "Index Scan", "Parent Relationship": "Inner", "Scan Direction": "Forward", "Index Name": "part_kpey", "Relation Name": "part", "Alias": "part", "Startup Cost": 0.0, "Total Cost": 6.08, "Plan Rows": 1, "Plan Width": 8, "Index Cond": "(p_partkey = public.lineitem.l_partkey)", "Filter": "((p_brand = 'Brand#44'::bpchar) AND (p_container = 'WRAP PKG'::bpchar))"}]}, {"Node Type": "Index Scan", "Parent Relationship": "Inner", "Scan Direction": "Forward", "Index Name": "idx_lineitem_part_supp", "Relation Name": "lineitem", "Alias": "lineitem", "Startup Cost": 0.0, "Total Cost": 27.78, "Plan Rows": 2, "Plan Width": 24, "Index Cond": "(l_partkey = public.lineitem.l_partkey)", "Filter": "(l_quantity < (.2::double precision * (avg(public.lineitem.l_quantity))))"}]}]}, "Unique SQL Id": 1080450481}, "explain_analyze_plan": {"Plan": {"Node Type": "Aggregate", "Strategy": "Plain", "Startup Cost": 208324.62, "Total Cost": 208324.63, "Plan Rows": 1, "Plan Width": 16, "Actual Startup Time": 1198.059, "Actual Total Time": 1198.06, "Actual Rows": 1, "Actual Loops": 1, "Plans": [{"Node Type": "Nested Loop", "Parent Relationship": "Outer", "Join Type": "Inner", "Startup Cost": 128691.05, "Total Cost": 208322.6, "Plan Rows": 806, "Plan Width": 8, "Actual Startup Time": 1016.325, "Actual Total Time": 1197.018, "Actual Rows": 5403, "Actual Loops": 1, "Inner Unique": false, "Plans": [{"Node Type": "Nested Loop", "Parent Relationship": "Outer", "Join Type": "Inner", "Startup Cost": 128691.05, "Total Cost": 196146.55, "Plan Rows": 438, "Plan Width": 24, "Actual Startup Time": 1016.297, "Actual Total Time": 1034.231, "Actual Rows": 2003, "Actual Loops": 1, "Inner Unique": true, "Plans": [{"Node Type": "Aggregate", "Strategy": "Hashed", "Parent Relationship": "Outer", "Startup Cost": 128691.05, "Total Cost": 128884.11, "Plan Rows": 11032, "Plan Width": 16, "Actual Startup Time": 1016.266, "Actual Total Time": 1017.905, "Actual Rows": 2003, "Actual Loops": 1, "Group By Key": ["public.lineitem.l_partkey"], "Plans": [{"Node Type": "Nested Loop", "Parent Relationship": "Outer", "Join Type": "Inner", "Startup Cost": 0.0, "Total Cost": 128608.31, "Plan Rows": 11032, "Plan Width": 16, "Actual Startup Time": 0.361, "Actual Total Time": 975.259, "Actual Rows": 60021, "Actual Loops": 1, "Inner Unique": false, "Plans": [{"Node Type": "Seq Scan", "Parent Relationship": "Outer", "Relation Name": "part", "Alias": "part", "Startup Cost": 0.0, "Total Cost": 71944.0, "Plan Rows": 2001, "Plan Width": 8, "Actual Startup Time": 0.34, "Actual Total Time": 786.254, "Actual Rows": 2003, "Actual Loops": 1, "Filter": "((p_brand = 'Brand#44'::bpchar) AND (p_container = 'WRAP PKG'::bpchar))", "Rows Removed by Filter": 1997997}, {"Node Type": "Index Scan", "Parent Relationship": "Inner", "Scan Direction": "Forward", "Index Name": "idx_lineitem_part_supp", "Relation Name": "lineitem", "Alias": "lineitem", "Startup Cost": 0.0, "Total Cost": 28.26, "Plan Rows": 6, "Plan Width": 16, "Actual Startup Time": 25.976, "Actual Total Time": 174.503, "Actual Rows": 60021, "Actual Loops": 2003, "Index Cond": "(l_partkey = public.part.p_partkey)", "Rows Removed by Index Recheck": 0}]}]}, {"Node Type": "Index Scan", "Parent Relationship": "Inner", "Scan Direction": "Forward", "Index Name": "part_kpey", "Relation Name": "part", "Alias": "part", "Startup Cost": 0.0, "Total Cost": 6.08, "Plan Rows": 1, "Plan Width": 8, "Actual Startup Time": 14.697, "Actual Total Time": 14.697, "Actual Rows": 2003, "Actual Loops": 2003, "Index Cond": "(p_partkey = public.lineitem.l_partkey)", "Rows Removed by Index Recheck": 0, "Filter": "((p_brand = 'Brand#44'::bpchar) AND (p_container = 'WRAP PKG'::bpchar))", "Rows Removed by Filter": 0}]}, {"Node Type": "Index Scan", "Parent Relationship": "Inner", "Scan Direction": "Forward", "Index Name": "idx_lineitem_part_supp", "Relation Name": "lineitem", "Alias": "lineitem", "Startup Cost": 0.0, "Total Cost": 27.78, "Plan Rows": 2, "Plan Width": 24, "Actual Startup Time": 65.051, "Actual Total Time": 160.425, "Actual Rows": 5403, "Actual Loops": 2003, "Index Cond": "(l_partkey = public.lineitem.l_partkey)", "Rows Removed by Index Recheck": 0, "Filter": "(l_quantity < (.2::double precision * (avg(public.lineitem.l_quantity))))", "Rows Removed by Filter": 54618}]}]}, "Triggers": [], "Planner Runtime": 1.534, "Total Runtime": 1198.321, "Unique SQL Id": 1080450481}}, "(16, 57)": {"explain_plan": {"Plan": {"Node Type": "Aggregate", "Strategy": "Plain", "Startup Cost": 247183.87, "Total Cost": 247183.88, "Plan Rows": 1, "Plan Width": 16, "Plans": [{"Node Type": "Nested Loop", "Parent Relationship": "Outer", "Join Type": "Inner", "Startup Cost": 0.0, "Total Cost": 247181.85, "Plan Rows": 806, "Plan Width": 8, "Inner Unique": false, "Plans": [{"Node Type": "Nested Loop", "Parent Relationship": "Outer", "Join Type": "Inner", "Startup Cost": 0.0, "Total Cost": 235005.8, "Plan Rows": 438, "Plan Width": 24, "Inner Unique": true, "Plans": [{"Node Type": "Aggregate", "Strategy": "Sorted", "Parent Relationship": "Outer", "Startup Cost": 0.0, "Total Cost": 167743.36, "Plan Rows": 11032, "Plan Width": 80, "Group By Key": ["public.lineitem.l_partkey"], "Plans": [{"Node Type": "Nested Loop", "Parent Relationship": "Outer", "Join Type": "Inner", "Startup Cost": 0.0, "Total Cost": 167467.56, "Plan Rows": 11032, "Plan Width": 16, "Inner Unique": false, "Plans": [{"Node Type": "Index Scan", "Parent Relationship": "Outer", "Scan Direction": "Forward", "Index Name": "part_kpey", "Relation Name": "part", "Alias": "part", "Startup Cost": 0.0, "Total Cost": 110803.25, "Plan Rows": 2001, "Plan Width": 8, "Filter": "((p_brand = 'Brand#44'::bpchar) AND (p_container = 'WRAP PKG'::bpchar))"}, {"Node Type": "Index Scan", "Parent Relationship": "Inner", "Scan Direction": "Forward", "Index Name": "idx_lineitem_part_supp", "Relation Name": "lineitem", "Alias": "lineitem", "Startup Cost": 0.0, "Total Cost": 28.26, "Plan Rows": 6, "Plan Width": 16, "Index Cond": "(l_partkey = public.part.p_partkey)"}]}]}, {"Node Type": "Index Scan", "Parent Relationship": "Inner", "Scan Direction": "Forward", "Index Name": "part_kpey", "Relation Name": "part", "Alias": "part", "Startup Cost": 0.0, "Total Cost": 6.08, "Plan Rows": 1, "Plan Width": 8, "Index Cond": "(p_partkey = public.lineitem.l_partkey)", "Filter": "((p_brand = 'Brand#44'::bpchar) AND (p_container = 'WRAP PKG'::bpchar))"}]}, {"Node Type": "Index Scan", "Parent Relationship": "Inner", "Scan Direction": "Forward", "Index Name": "idx_lineitem_part_supp", "Relation Name": "lineitem", "Alias": "lineitem", "Startup Cost": 0.0, "Total Cost": 27.78, "Plan Rows": 2, "Plan Width": 24, "Index Cond": "(l_partkey = public.lineitem.l_partkey)", "Filter": "(l_quantity < (.2::double precision * (avg(public.lineitem.l_quantity))))"}]}]}, "Unique SQL Id": 1080450481}, "explain_analyze_plan": {"Plan": {"Node Type": "Aggregate", "Strategy": "Plain", "Startup Cost": 247183.87, "Total Cost": 247183.88, "Plan Rows": 1, "Plan Width": 16, "Actual Startup Time": 1672.251, "Actual Total Time": 1672.251, "Actual Rows": 1, "Actual Loops": 1, "Plans": [{"Node Type": "Nested Loop", "Parent Relationship": "Outer", "Join Type": "Inner", "Startup Cost": 0.0, "Total Cost": 247181.85, "Plan Rows": 806, "Plan Width": 8, "Actual Startup Time": 1.789, "Actual Total Time": 1671.055, "Actual Rows": 5403, "Actual Loops": 1, "Inner Unique": false, "Plans": [{"Node Type": "Nested Loop", "Parent Relationship": "Outer", "Join Type": "Inner", "Startup Cost": 0.0, "Total Cost": 235005.8, "Plan Rows": 438, "Plan Width": 24, "Actual Startup Time": 1.749, "Actual Total Time": 1591.323, "Actual Rows": 2003, "Actual Loops": 1, "Inner Unique": true, "Plans": [{"Node Type": "Aggregate", "Strategy": "Sorted", "Parent Relationship": "Outer", "Startup Cost": 0.0, "Total Cost": 167743.36, "Plan Rows": 11032, "Plan Width": 80, "Actual Startup Time": 1.737, "Actual Total Time": 1579.292, "Actual Rows": 2003, "Actual Loops": 1, "Group By Key": ["public.lineitem.l_partkey"], "Plans": [{"Node Type": "Nested Loop", "Parent Relationship": "Outer", "Join Type": "Inner", "Startup Cost": 0.0, "Total Cost": 167467.56, "Plan Rows": 11032, "Plan Width": 16, "Actual Startup Time": 0.583, "Actual Total Time": 1545.893, "Actual Rows": 60021, "Actual Loops": 1, "Inner Unique": false, "Plans": [{"Node Type": "Index Scan", "Parent Relationship": "Outer", "Scan Direction": "Forward", "Index Name": "part_kpey", "Relation Name": "part", "Alias": "part", "Startup Cost": 0.0, "Total Cost": 110803.25, "Plan Rows": 2001, "Plan Width": 8, "Actual Startup Time": 0.567, "Actual Total Time": 1351.997, "Actual Rows": 2003, "Actual Loops": 1, "Filter": "((p_brand = 'Brand#44'::bpchar) AND (p_container = 'WRAP PKG'::bpchar))", "Rows Removed by Filter": 1997997}, {"Node Type": "Index Scan", "Parent Relationship": "Inner", "Scan Direction": "Forward", "Index Name": "idx_lineitem_part_supp", "Relation Name": "lineitem", "Alias": "lineitem", "Startup Cost": 0.0, "Total Cost": 28.26, "Plan Rows": 6, "Plan Width": 16, "Actual Startup Time": 26.124, "Actual Total Time": 178.211, "Actual Rows": 60021, "Actual Loops": 2003, "Index Cond": "(l_partkey = public.part.p_partkey)", "Rows Removed by Index Recheck": 0}]}]}, {"Node Type": "Index Scan", "Parent Relationship": "Inner", "Scan Direction": "Forward", "Index Name": "part_kpey", "Relation Name": "part", "Alias": "part", "Startup Cost": 0.0, "Total Cost": 6.08, "Plan Rows": 1, "Plan Width": 8, "Actual Startup Time": 9.363, "Actual Total Time": 9.363, "Actual Rows": 2003, "Actual Loops": 2003, "Index Cond": "(p_partkey = public.lineitem.l_partkey)", "Rows Removed by Index Recheck": 0, "Filter": "((p_brand = 'Brand#44'::bpchar) AND (p_container = 'WRAP PKG'::bpchar))", "Rows Removed by Filter": 0}]}, {"Node Type": "Index Scan", "Parent Relationship": "Inner", "Scan Direction": "Forward", "Index Name": "idx_lineitem_part_supp", "Relation Name": "lineitem", "Alias": "lineitem", "Startup Cost": 0.0, "Total Cost": 27.78, "Plan Rows": 2, "Plan Width": 24, "Actual Startup Time": 33.256, "Actual Total Time": 76.813, "Actual Rows": 5403, "Actual Loops": 2003, "Index Cond": "(l_partkey = public.lineitem.l_partkey)", "Rows Removed by Index Recheck": 0, "Filter": "(l_quantity < (.2::double precision * (avg(public.lineitem.l_quantity))))", "Rows Removed by Filter": 54618}]}]}, "Triggers": [], "Planner Runtime": 1.448, "Total Runtime": 1672.5, "Unique SQL Id": 1080450481}}, "(16, 58)": {"explain_plan": {"Plan": {"Node Type": "Aggregate", "Strategy": "Plain", "Startup Cost": 2330502847.95, "Total Cost": 2330502847.96, "Plan Rows": 1, "Plan Width": 16, "Plans": [{"Node Type": "Nested Loop", "Parent Relationship": "Outer", "Join Type": "Inner", "Startup Cost": 1802597942.57, "Total Cost": 2330502845.94, "Plan Rows": 806, "Plan Width": 8, "Inner Unique": false, "Join Filter": "((public.lineitem.l_partkey = public.lineitem.l_partkey) AND (public.lineitem.l_quantity < (.2::double precision * (avg(public.lineitem.l_quantity)))))", "Plans": [{"Node Type": "Seq Scan", "Parent Relationship": "Outer", "Relation Name": "lineitem", "Alias": "lineitem", "Startup Cost": 0.0, "Total Cost": 2015115.33, "Plan Rows": 59987033, "Plan Width": 24}, {"Node Type": "Materialize", "Parent Relationship": "Inner", "Startup Cost": 1802597942.57, "Total Cost": 1803001322.62, "Plan Rows": 438, "Plan Width": 24, "Plans": [{"Node Type": "Nested Loop", "Parent Relationship": "Outer", "Join Type": "Inner", "Startup Cost": 1802597942.57, "Total Cost": 1803001320.43, "Plan Rows": 438, "Plan Width": 24, "Inner Unique": true, "Join Filter": "(public.part.p_partkey = public.lineitem.l_partkey)", "Plans": [{"Node Type": "Aggregate", "Strategy": "Hashed", "Parent Relationship": "Outer", "Startup Cost": 1802597942.57, "Total Cost": 1802598135.63, "Plan Rows": 11032, "Plan Width": 16, "Group By Key": ["public.lineitem.l_partkey"], "Plans": [{"Node Type": "Nested Loop", "Parent Relationship": "Outer", "Join Type": "Semi", "Startup Cost": 0.0, "Total Cost": 1802597859.83, "Plan Rows": 11032, "Plan Width": 16, "Inner Unique": false, "Join Filter": "(public.lineitem.l_partkey = public.part.p_partkey)", "Plans": [{"Node Type": "Seq Scan", "Parent Relationship": "Outer", "Relation Name": "lineitem", "Alias": "lineitem", "Startup Cost": 0.0, "Total Cost": 2015115.33, "Plan Rows": 59987033, "Plan Width": 16}, {"Node Type": "Materialize", "Parent Relationship": "Inner", "Startup Cost": 0.0, "Total Cost": 71954.01, "Plan Rows": 2001, "Plan Width": 8, "Plans": [{"Node Type": "Seq Scan", "Parent Relationship": "Outer", "Relation Name": "part", "Alias": "part", "Startup Cost": 0.0, "Total Cost": 71944.0, "Plan Rows": 2001, "Plan Width": 8, "Filter": "((p_brand = 'Brand#44'::bpchar) AND (p_container = 'WRAP PKG'::bpchar))"}]}]}]}, {"Node Type": "Materialize", "Parent Relationship": "Inner", "Startup Cost": 0.0, "Total Cost": 71954.01, "Plan Rows": 2001, "Plan Width": 8, "Plans": [{"Node Type": "Seq Scan", "Parent Relationship": "Outer", "Relation Name": "part", "Alias": "part", "Startup Cost": 0.0, "Total Cost": 71944.0, "Plan Rows": 2001, "Plan Width": 8, "Filter": "((p_brand = 'Brand#44'::bpchar) AND (p_container = 'WRAP PKG'::bpchar))"}]}]}]}]}]}, "Unique SQL Id": 1080450481}, "explain_analyze_plan": null}, "(16, 59)": {"explain_plan": {"Plan": {"Node Type": "Aggregate", "Strategy": "Plain", "Startup Cost": 4003899272041.15, "Total Cost": 4003899272041.16, "Plan Rows": 1, "Plan Width": 16, "Plans": [{"Node Type": "Nested Loop", "Parent Relationship": "Outer", "Join Type": "Inner", "Startup Cost": 40000000000.0, "Total Cost": 4003899272039.14, "Plan Rows": 806, "Plan Width": 8, "Inner Unique": false, "Join Filter": "((subquery.\"?column?\" = public.lineitem.l_partkey) AND (public.lineitem.l_quantity < (.2::double precision * subquery.\"?column?\")))", "Plans": [{"Node Type": "Index Scan", "Parent Relationship": "Outer", "Scan Direction": "Forward", "Index Name": "idx_lineitem_part_supp", "Relation Name": "lineitem", "Alias": "lineitem", "Startup Cost": 10000000000.0, "Total Cost": 1000775391319.64, "Plan Rows": 59987033, "Plan Width": 24}, {"Node Type": "Materialize", "Parent Relationship": "Inner", "Startup Cost": 30000000000.0, "Total Cost": 3002598394311.51, "Plan Rows": 438, "Plan Width": 24, "Plans": [{"Node Type": "Nested Loop", "Parent Relationship": "Outer", "Join Type": "Inner", "Startup Cost": 30000000000.0, "Total Cost": 3002598394309.32, "Plan Rows": 438, "Plan Width": 24, "Inner Unique": true, "Join Filter": "(public.part.p_partkey = subquery.\"?column?\")", "Plans": [{"Node Type": "Index Scan", "Parent Relationship": "Outer", "Scan Direction": "Forward", "Index Name": "part_kpey", "Relation Name": "part", "Alias": "part", "Startup Cost": 10000000000.0, "Total Cost": 1000011080325.0, "Plan Rows": 2001, "Plan Width": 8, "Filter": "((p_brand = 'Brand#44'::bpchar) AND (p_container = 'WRAP PKG'::bpchar))"}, {"Node Type": "Materialize", "Parent Relationship": "Inner", "Startup Cost": 20000000000.0, "Total Cost": 2002586982886.42, "Plan Rows": 11032, "Plan Width": 16, "Plans": [{"Node Type": "Subquery Scan", "Parent Relationship": "Outer", "Alias": "subquery", "Startup Cost": 20000000000.0, "Total Cost": 2002586982831.26, "Plan Rows": 11032, "Plan Width": 16, "Plans": [{"Node Type": "Aggregate", "Strategy": "Sorted", "Parent Relationship": "Subquery", "Startup Cost": 20000000000.0, "Total Cost": 2002586982720.94, "Plan Rows": 11032, "Plan Width": 80, "Group By Key": ["public.lineitem.l_partkey"], "Plans": [{"Node Type": "Nested Loop", "Parent Relationship": "Outer", "Join Type": "Semi", "Startup Cost": 20000000000.0, "Total Cost": 2002586982445.14, "Plan Rows": 11032, "Plan Width": 16, "Inner Unique": false, "Join Filter": "(public.lineitem.l_partkey = public.part.p_partkey)", "Plans": [{"Node Type": "Index Scan", "Parent Relationship": "Outer", "Scan Direction": "Forward", "Index Name": "idx_lineitem_part_supp", "Relation Name": "lineitem", "Alias": "lineitem", "Startup Cost": 10000000000.0, "Total Cost": 1000775391319.64, "Plan Rows": 59987033, "Plan Width": 16}, {"Node Type": "Materialize", "Parent Relationship": "Inner", "Startup Cost": 10000000000.0, "Total Cost": 1000011080335.01, "Plan Rows": 2001, "Plan Width": 8, "Plans": [{"Node Type": "Index Scan", "Parent Relationship": "Outer", "Scan Direction": "Forward", "Index Name": "part_kpey", "Relation Name": "part", "Alias": "part", "Startup Cost": 10000000000.0, "Total Cost": 1000011080325.0, "Plan Rows": 2001, "Plan Width": 8, "Filter": "((p_brand = 'Brand#44'::bpchar) AND (p_container = 'WRAP PKG'::bpchar))"}]}]}]}]}]}]}]}]}]}, "Unique SQL Id": 1080450481}, "explain_analyze_plan": null}, "(16, 60)": {"explain_plan": {"Plan": {"Node Type": "Aggregate", "Strategy": "Plain", "Startup Cost": 208324.62, "Total Cost": 208324.63, "Plan Rows": 1, "Plan Width": 16, "Plans": [{"Node Type": "Nested Loop", "Parent Relationship": "Outer", "Join Type": "Inner", "Startup Cost": 128691.05, "Total Cost": 208322.6, "Plan Rows": 806, "Plan Width": 8, "Inner Unique": false, "Plans": [{"Node Type": "Nested Loop", "Parent Relationship": "Outer", "Join Type": "Inner", "Startup Cost": 128691.05, "Total Cost": 196146.55, "Plan Rows": 438, "Plan Width": 24, "Inner Unique": true, "Plans": [{"Node Type": "Aggregate", "Strategy": "Hashed", "Parent Relationship": "Outer", "Startup Cost": 128691.05, "Total Cost": 128884.11, "Plan Rows": 11032, "Plan Width": 16, "Group By Key": ["public.lineitem.l_partkey"], "Plans": [{"Node Type": "Nested Loop", "Parent Relationship": "Outer", "Join Type": "Inner", "Startup Cost": 0.0, "Total Cost": 128608.31, "Plan Rows": 11032, "Plan Width": 16, "Inner Unique": false, "Plans": [{"Node Type": "Seq Scan", "Parent Relationship": "Outer", "Relation Name": "part", "Alias": "part", "Startup Cost": 0.0, "Total Cost": 71944.0, "Plan Rows": 2001, "Plan Width": 8, "Filter": "((p_brand = 'Brand#44'::bpchar) AND (p_container = 'WRAP PKG'::bpchar))"}, {"Node Type": "Index Scan", "Parent Relationship": "Inner", "Scan Direction": "Forward", "Index Name": "idx_lineitem_part_supp", "Relation Name": "lineitem", "Alias": "lineitem", "Startup Cost": 0.0, "Total Cost": 28.26, "Plan Rows": 6, "Plan Width": 16, "Index Cond": "(l_partkey = public.part.p_partkey)"}]}]}, {"Node Type": "Index Scan", "Parent Relationship": "Inner", "Scan Direction": "Forward", "Index Name": "part_kpey", "Relation Name": "part", "Alias": "part", "Startup Cost": 0.0, "Total Cost": 6.08, "Plan Rows": 1, "Plan Width": 8, "Index Cond": "(p_partkey = public.lineitem.l_partkey)", "Filter": "((p_brand = 'Brand#44'::bpchar) AND (p_container = 'WRAP PKG'::bpchar))"}]}, {"Node Type": "Index Scan", "Parent Relationship": "Inner", "Scan Direction": "Forward", "Index Name": "idx_lineitem_part_supp", "Relation Name": "lineitem", "Alias": "lineitem", "Startup Cost": 0.0, "Total Cost": 27.78, "Plan Rows": 2, "Plan Width": 24, "Index Cond": "(l_partkey = public.lineitem.l_partkey)", "Filter": "(l_quantity < (.2::double precision * (avg(public.lineitem.l_quantity))))"}]}]}, "Unique SQL Id": 1080450481}, "explain_analyze_plan": {"Plan": {"Node Type": "Aggregate", "Strategy": "Plain", "Startup Cost": 208324.62, "Total Cost": 208324.63, "Plan Rows": 1, "Plan Width": 16, "Actual Startup Time": 1198.059, "Actual Total Time": 1198.06, "Actual Rows": 1, "Actual Loops": 1, "Plans": [{"Node Type": "Nested Loop", "Parent Relationship": "Outer", "Join Type": "Inner", "Startup Cost": 128691.05, "Total Cost": 208322.6, "Plan Rows": 806, "Plan Width": 8, "Actual Startup Time": 1016.325, "Actual Total Time": 1197.018, "Actual Rows": 5403, "Actual Loops": 1, "Inner Unique": false, "Plans": [{"Node Type": "Nested Loop", "Parent Relationship": "Outer", "Join Type": "Inner", "Startup Cost": 128691.05, "Total Cost": 196146.55, "Plan Rows": 438, "Plan Width": 24, "Actual Startup Time": 1016.297, "Actual Total Time": 1034.231, "Actual Rows": 2003, "Actual Loops": 1, "Inner Unique": true, "Plans": [{"Node Type": "Aggregate", "Strategy": "Hashed", "Parent Relationship": "Outer", "Startup Cost": 128691.05, "Total Cost": 128884.11, "Plan Rows": 11032, "Plan Width": 16, "Actual Startup Time": 1016.266, "Actual Total Time": 1017.905, "Actual Rows": 2003, "Actual Loops": 1, "Group By Key": ["public.lineitem.l_partkey"], "Plans": [{"Node Type": "Nested Loop", "Parent Relationship": "Outer", "Join Type": "Inner", "Startup Cost": 0.0, "Total Cost": 128608.31, "Plan Rows": 11032, "Plan Width": 16, "Actual Startup Time": 0.361, "Actual Total Time": 975.259, "Actual Rows": 60021, "Actual Loops": 1, "Inner Unique": false, "Plans": [{"Node Type": "Seq Scan", "Parent Relationship": "Outer", "Relation Name": "part", "Alias": "part", "Startup Cost": 0.0, "Total Cost": 71944.0, "Plan Rows": 2001, "Plan Width": 8, "Actual Startup Time": 0.34, "Actual Total Time": 786.254, "Actual Rows": 2003, "Actual Loops": 1, "Filter": "((p_brand = 'Brand#44'::bpchar) AND (p_container = 'WRAP PKG'::bpchar))", "Rows Removed by Filter": 1997997}, {"Node Type": "Index Scan", "Parent Relationship": "Inner", "Scan Direction": "Forward", "Index Name": "idx_lineitem_part_supp", "Relation Name": "lineitem", "Alias": "lineitem", "Startup Cost": 0.0, "Total Cost": 28.26, "Plan Rows": 6, "Plan Width": 16, "Actual Startup Time": 25.976, "Actual Total Time": 174.503, "Actual Rows": 60021, "Actual Loops": 2003, "Index Cond": "(l_partkey = public.part.p_partkey)", "Rows Removed by Index Recheck": 0}]}]}, {"Node Type": "Index Scan", "Parent Relationship": "Inner", "Scan Direction": "Forward", "Index Name": "part_kpey", "Relation Name": "part", "Alias": "part", "Startup Cost": 0.0, "Total Cost": 6.08, "Plan Rows": 1, "Plan Width": 8, "Actual Startup Time": 14.697, "Actual Total Time": 14.697, "Actual Rows": 2003, "Actual Loops": 2003, "Index Cond": "(p_partkey = public.lineitem.l_partkey)", "Rows Removed by Index Recheck": 0, "Filter": "((p_brand = 'Brand#44'::bpchar) AND (p_container = 'WRAP PKG'::bpchar))", "Rows Removed by Filter": 0}]}, {"Node Type": "Index Scan", "Parent Relationship": "Inner", "Scan Direction": "Forward", "Index Name": "idx_lineitem_part_supp", "Relation Name": "lineitem", "Alias": "lineitem", "Startup Cost": 0.0, "Total Cost": 27.78, "Plan Rows": 2, "Plan Width": 24, "Actual Startup Time": 65.051, "Actual Total Time": 160.425, "Actual Rows": 5403, "Actual Loops": 2003, "Index Cond": "(l_partkey = public.lineitem.l_partkey)", "Rows Removed by Index Recheck": 0, "Filter": "(l_quantity < (.2::double precision * (avg(public.lineitem.l_quantity))))", "Rows Removed by Filter": 54618}]}]}, "Triggers": [], "Planner Runtime": 1.534, "Total Runtime": 1198.321, "Unique SQL Id": 1080450481}}, "(16, 61)": {"explain_plan": {"Plan": {"Node Type": "Aggregate", "Strategy": "Plain", "Startup Cost": 247183.87, "Total Cost": 247183.88, "Plan Rows": 1, "Plan Width": 16, "Plans": [{"Node Type": "Nested Loop", "Parent Relationship": "Outer", "Join Type": "Inner", "Startup Cost": 0.0, "Total Cost": 247181.85, "Plan Rows": 806, "Plan Width": 8, "Inner Unique": false, "Plans": [{"Node Type": "Nested Loop", "Parent Relationship": "Outer", "Join Type": "Inner", "Startup Cost": 0.0, "Total Cost": 235005.8, "Plan Rows": 438, "Plan Width": 24, "Inner Unique": true, "Plans": [{"Node Type": "Aggregate", "Strategy": "Sorted", "Parent Relationship": "Outer", "Startup Cost": 0.0, "Total Cost": 167743.36, "Plan Rows": 11032, "Plan Width": 80, "Group By Key": ["public.lineitem.l_partkey"], "Plans": [{"Node Type": "Nested Loop", "Parent Relationship": "Outer", "Join Type": "Inner", "Startup Cost": 0.0, "Total Cost": 167467.56, "Plan Rows": 11032, "Plan Width": 16, "Inner Unique": false, "Plans": [{"Node Type": "Index Scan", "Parent Relationship": "Outer", "Scan Direction": "Forward", "Index Name": "part_kpey", "Relation Name": "part", "Alias": "part", "Startup Cost": 0.0, "Total Cost": 110803.25, "Plan Rows": 2001, "Plan Width": 8, "Filter": "((p_brand = 'Brand#44'::bpchar) AND (p_container = 'WRAP PKG'::bpchar))"}, {"Node Type": "Index Scan", "Parent Relationship": "Inner", "Scan Direction": "Forward", "Index Name": "idx_lineitem_part_supp", "Relation Name": "lineitem", "Alias": "lineitem", "Startup Cost": 0.0, "Total Cost": 28.26, "Plan Rows": 6, "Plan Width": 16, "Index Cond": "(l_partkey = public.part.p_partkey)"}]}]}, {"Node Type": "Index Scan", "Parent Relationship": "Inner", "Scan Direction": "Forward", "Index Name": "part_kpey", "Relation Name": "part", "Alias": "part", "Startup Cost": 0.0, "Total Cost": 6.08, "Plan Rows": 1, "Plan Width": 8, "Index Cond": "(p_partkey = public.lineitem.l_partkey)", "Filter": "((p_brand = 'Brand#44'::bpchar) AND (p_container = 'WRAP PKG'::bpchar))"}]}, {"Node Type": "Index Scan", "Parent Relationship": "Inner", "Scan Direction": "Forward", "Index Name": "idx_lineitem_part_supp", "Relation Name": "lineitem", "Alias": "lineitem", "Startup Cost": 0.0, "Total Cost": 27.78, "Plan Rows": 2, "Plan Width": 24, "Index Cond": "(l_partkey = public.lineitem.l_partkey)", "Filter": "(l_quantity < (.2::double precision * (avg(public.lineitem.l_quantity))))"}]}]}, "Unique SQL Id": 1080450481}, "explain_analyze_plan": {"Plan": {"Node Type": "Aggregate", "Strategy": "Plain", "Startup Cost": 247183.87, "Total Cost": 247183.88, "Plan Rows": 1, "Plan Width": 16, "Actual Startup Time": 1672.251, "Actual Total Time": 1672.251, "Actual Rows": 1, "Actual Loops": 1, "Plans": [{"Node Type": "Nested Loop", "Parent Relationship": "Outer", "Join Type": "Inner", "Startup Cost": 0.0, "Total Cost": 247181.85, "Plan Rows": 806, "Plan Width": 8, "Actual Startup Time": 1.789, "Actual Total Time": 1671.055, "Actual Rows": 5403, "Actual Loops": 1, "Inner Unique": false, "Plans": [{"Node Type": "Nested Loop", "Parent Relationship": "Outer", "Join Type": "Inner", "Startup Cost": 0.0, "Total Cost": 235005.8, "Plan Rows": 438, "Plan Width": 24, "Actual Startup Time": 1.749, "Actual Total Time": 1591.323, "Actual Rows": 2003, "Actual Loops": 1, "Inner Unique": true, "Plans": [{"Node Type": "Aggregate", "Strategy": "Sorted", "Parent Relationship": "Outer", "Startup Cost": 0.0, "Total Cost": 167743.36, "Plan Rows": 11032, "Plan Width": 80, "Actual Startup Time": 1.737, "Actual Total Time": 1579.292, "Actual Rows": 2003, "Actual Loops": 1, "Group By Key": ["public.lineitem.l_partkey"], "Plans": [{"Node Type": "Nested Loop", "Parent Relationship": "Outer", "Join Type": "Inner", "Startup Cost": 0.0, "Total Cost": 167467.56, "Plan Rows": 11032, "Plan Width": 16, "Actual Startup Time": 0.583, "Actual Total Time": 1545.893, "Actual Rows": 60021, "Actual Loops": 1, "Inner Unique": false, "Plans": [{"Node Type": "Index Scan", "Parent Relationship": "Outer", "Scan Direction": "Forward", "Index Name": "part_kpey", "Relation Name": "part", "Alias": "part", "Startup Cost": 0.0, "Total Cost": 110803.25, "Plan Rows": 2001, "Plan Width": 8, "Actual Startup Time": 0.567, "Actual Total Time": 1351.997, "Actual Rows": 2003, "Actual Loops": 1, "Filter": "((p_brand = 'Brand#44'::bpchar) AND (p_container = 'WRAP PKG'::bpchar))", "Rows Removed by Filter": 1997997}, {"Node Type": "Index Scan", "Parent Relationship": "Inner", "Scan Direction": "Forward", "Index Name": "idx_lineitem_part_supp", "Relation Name": "lineitem", "Alias": "lineitem", "Startup Cost": 0.0, "Total Cost": 28.26, "Plan Rows": 6, "Plan Width": 16, "Actual Startup Time": 26.124, "Actual Total Time": 178.211, "Actual Rows": 60021, "Actual Loops": 2003, "Index Cond": "(l_partkey = public.part.p_partkey)", "Rows Removed by Index Recheck": 0}]}]}, {"Node Type": "Index Scan", "Parent Relationship": "Inner", "Scan Direction": "Forward", "Index Name": "part_kpey", "Relation Name": "part", "Alias": "part", "Startup Cost": 0.0, "Total Cost": 6.08, "Plan Rows": 1, "Plan Width": 8, "Actual Startup Time": 9.363, "Actual Total Time": 9.363, "Actual Rows": 2003, "Actual Loops": 2003, "Index Cond": "(p_partkey = public.lineitem.l_partkey)", "Rows Removed by Index Recheck": 0, "Filter": "((p_brand = 'Brand#44'::bpchar) AND (p_container = 'WRAP PKG'::bpchar))", "Rows Removed by Filter": 0}]}, {"Node Type": "Index Scan", "Parent Relationship": "Inner", "Scan Direction": "Forward", "Index Name": "idx_lineitem_part_supp", "Relation Name": "lineitem", "Alias": "lineitem", "Startup Cost": 0.0, "Total Cost": 27.78, "Plan Rows": 2, "Plan Width": 24, "Actual Startup Time": 33.256, "Actual Total Time": 76.813, "Actual Rows": 5403, "Actual Loops": 2003, "Index Cond": "(l_partkey = public.lineitem.l_partkey)", "Rows Removed by Index Recheck": 0, "Filter": "(l_quantity < (.2::double precision * (avg(public.lineitem.l_quantity))))", "Rows Removed by Filter": 54618}]}]}, "Triggers": [], "Planner Runtime": 1.448, "Total Runtime": 1672.5, "Unique SQL Id": 1080450481}}, "(16, 62)": {"explain_plan": {"Plan": {"Node Type": "Aggregate", "Strategy": "Plain", "Startup Cost": 2330502847.95, "Total Cost": 2330502847.96, "Plan Rows": 1, "Plan Width": 16, "Plans": [{"Node Type": "Nested Loop", "Parent Relationship": "Outer", "Join Type": "Inner", "Startup Cost": 1802597942.57, "Total Cost": 2330502845.94, "Plan Rows": 806, "Plan Width": 8, "Inner Unique": false, "Join Filter": "((public.lineitem.l_partkey = public.lineitem.l_partkey) AND (public.lineitem.l_quantity < (.2::double precision * (avg(public.lineitem.l_quantity)))))", "Plans": [{"Node Type": "Seq Scan", "Parent Relationship": "Outer", "Relation Name": "lineitem", "Alias": "lineitem", "Startup Cost": 0.0, "Total Cost": 2015115.33, "Plan Rows": 59987033, "Plan Width": 24}, {"Node Type": "Materialize", "Parent Relationship": "Inner", "Startup Cost": 1802597942.57, "Total Cost": 1803001322.62, "Plan Rows": 438, "Plan Width": 24, "Plans": [{"Node Type": "Nested Loop", "Parent Relationship": "Outer", "Join Type": "Inner", "Startup Cost": 1802597942.57, "Total Cost": 1803001320.43, "Plan Rows": 438, "Plan Width": 24, "Inner Unique": true, "Join Filter": "(public.part.p_partkey = public.lineitem.l_partkey)", "Plans": [{"Node Type": "Aggregate", "Strategy": "Hashed", "Parent Relationship": "Outer", "Startup Cost": 1802597942.57, "Total Cost": 1802598135.63, "Plan Rows": 11032, "Plan Width": 16, "Group By Key": ["public.lineitem.l_partkey"], "Plans": [{"Node Type": "Nested Loop", "Parent Relationship": "Outer", "Join Type": "Semi", "Startup Cost": 0.0, "Total Cost": 1802597859.83, "Plan Rows": 11032, "Plan Width": 16, "Inner Unique": false, "Join Filter": "(public.lineitem.l_partkey = public.part.p_partkey)", "Plans": [{"Node Type": "Seq Scan", "Parent Relationship": "Outer", "Relation Name": "lineitem", "Alias": "lineitem", "Startup Cost": 0.0, "Total Cost": 2015115.33, "Plan Rows": 59987033, "Plan Width": 16}, {"Node Type": "Materialize", "Parent Relationship": "Inner", "Startup Cost": 0.0, "Total Cost": 71954.01, "Plan Rows": 2001, "Plan Width": 8, "Plans": [{"Node Type": "Seq Scan", "Parent Relationship": "Outer", "Relation Name": "part", "Alias": "part", "Startup Cost": 0.0, "Total Cost": 71944.0, "Plan Rows": 2001, "Plan Width": 8, "Filter": "((p_brand = 'Brand#44'::bpchar) AND (p_container = 'WRAP PKG'::bpchar))"}]}]}]}, {"Node Type": "Materialize", "Parent Relationship": "Inner", "Startup Cost": 0.0, "Total Cost": 71954.01, "Plan Rows": 2001, "Plan Width": 8, "Plans": [{"Node Type": "Seq Scan", "Parent Relationship": "Outer", "Relation Name": "part", "Alias": "part", "Startup Cost": 0.0, "Total Cost": 71944.0, "Plan Rows": 2001, "Plan Width": 8, "Filter": "((p_brand = 'Brand#44'::bpchar) AND (p_container = 'WRAP PKG'::bpchar))"}]}]}]}]}]}, "Unique SQL Id": 1080450481}, "explain_analyze_plan": null}, "(16, 63)": {"explain_plan": {"Plan": {"Node Type": "Aggregate", "Strategy": "Plain", "Startup Cost": 4003899272041.15, "Total Cost": 4003899272041.16, "Plan Rows": 1, "Plan Width": 16, "Plans": [{"Node Type": "Nested Loop", "Parent Relationship": "Outer", "Join Type": "Inner", "Startup Cost": 40000000000.0, "Total Cost": 4003899272039.14, "Plan Rows": 806, "Plan Width": 8, "Inner Unique": false, "Join Filter": "((subquery.\"?column?\" = public.lineitem.l_partkey) AND (public.lineitem.l_quantity < (.2::double precision * subquery.\"?column?\")))", "Plans": [{"Node Type": "Index Scan", "Parent Relationship": "Outer", "Scan Direction": "Forward", "Index Name": "idx_lineitem_part_supp", "Relation Name": "lineitem", "Alias": "lineitem", "Startup Cost": 10000000000.0, "Total Cost": 1000775391319.64, "Plan Rows": 59987033, "Plan Width": 24}, {"Node Type": "Materialize", "Parent Relationship": "Inner", "Startup Cost": 30000000000.0, "Total Cost": 3002598394311.51, "Plan Rows": 438, "Plan Width": 24, "Plans": [{"Node Type": "Nested Loop", "Parent Relationship": "Outer", "Join Type": "Inner", "Startup Cost": 30000000000.0, "Total Cost": 3002598394309.32, "Plan Rows": 438, "Plan Width": 24, "Inner Unique": true, "Join Filter": "(public.part.p_partkey = subquery.\"?column?\")", "Plans": [{"Node Type": "Index Scan", "Parent Relationship": "Outer", "Scan Direction": "Forward", "Index Name": "part_kpey", "Relation Name": "part", "Alias": "part", "Startup Cost": 10000000000.0, "Total Cost": 1000011080325.0, "Plan Rows": 2001, "Plan Width": 8, "Filter": "((p_brand = 'Brand#44'::bpchar) AND (p_container = 'WRAP PKG'::bpchar))"}, {"Node Type": "Materialize", "Parent Relationship": "Inner", "Startup Cost": 20000000000.0, "Total Cost": 2002586982886.42, "Plan Rows": 11032, "Plan Width": 16, "Plans": [{"Node Type": "Subquery Scan", "Parent Relationship": "Outer", "Alias": "subquery", "Startup Cost": 20000000000.0, "Total Cost": 2002586982831.26, "Plan Rows": 11032, "Plan Width": 16, "Plans": [{"Node Type": "Aggregate", "Strategy": "Sorted", "Parent Relationship": "Subquery", "Startup Cost": 20000000000.0, "Total Cost": 2002586982720.94, "Plan Rows": 11032, "Plan Width": 80, "Group By Key": ["public.lineitem.l_partkey"], "Plans": [{"Node Type": "Nested Loop", "Parent Relationship": "Outer", "Join Type": "Semi", "Startup Cost": 20000000000.0, "Total Cost": 2002586982445.14, "Plan Rows": 11032, "Plan Width": 16, "Inner Unique": false, "Join Filter": "(public.lineitem.l_partkey = public.part.p_partkey)", "Plans": [{"Node Type": "Index Scan", "Parent Relationship": "Outer", "Scan Direction": "Forward", "Index Name": "idx_lineitem_part_supp", "Relation Name": "lineitem", "Alias": "lineitem", "Startup Cost": 10000000000.0, "Total Cost": 1000775391319.64, "Plan Rows": 59987033, "Plan Width": 16}, {"Node Type": "Materialize", "Parent Relationship": "Inner", "Startup Cost": 10000000000.0, "Total Cost": 1000011080335.01, "Plan Rows": 2001, "Plan Width": 8, "Plans": [{"Node Type": "Index Scan", "Parent Relationship": "Outer", "Scan Direction": "Forward", "Index Name": "part_kpey", "Relation Name": "part", "Alias": "part", "Startup Cost": 10000000000.0, "Total Cost": 1000011080325.0, "Plan Rows": 2001, "Plan Width": 8, "Filter": "((p_brand = 'Brand#44'::bpchar) AND (p_container = 'WRAP PKG'::bpchar))"}]}]}]}]}]}]}]}]}]}, "Unique SQL Id": 1080450481}, "explain_analyze_plan": null}, "(16, 64)": {"explain_plan": {"Plan": {"Node Type": "Aggregate", "Strategy": "Plain", "Startup Cost": 208324.62, "Total Cost": 208324.63, "Plan Rows": 1, "Plan Width": 16, "Plans": [{"Node Type": "Nested Loop", "Parent Relationship": "Outer", "Join Type": "Inner", "Startup Cost": 128691.05, "Total Cost": 208322.6, "Plan Rows": 806, "Plan Width": 8, "Inner Unique": false, "Plans": [{"Node Type": "Nested Loop", "Parent Relationship": "Outer", "Join Type": "Inner", "Startup Cost": 128691.05, "Total Cost": 196146.55, "Plan Rows": 438, "Plan Width": 24, "Inner Unique": true, "Plans": [{"Node Type": "Aggregate", "Strategy": "Hashed", "Parent Relationship": "Outer", "Startup Cost": 128691.05, "Total Cost": 128884.11, "Plan Rows": 11032, "Plan Width": 16, "Group By Key": ["public.lineitem.l_partkey"], "Plans": [{"Node Type": "Nested Loop", "Parent Relationship": "Outer", "Join Type": "Inner", "Startup Cost": 0.0, "Total Cost": 128608.31, "Plan Rows": 11032, "Plan Width": 16, "Inner Unique": false, "Plans": [{"Node Type": "Seq Scan", "Parent Relationship": "Outer", "Relation Name": "part", "Alias": "part", "Startup Cost": 0.0, "Total Cost": 71944.0, "Plan Rows": 2001, "Plan Width": 8, "Filter": "((p_brand = 'Brand#44'::bpchar) AND (p_container = 'WRAP PKG'::bpchar))"}, {"Node Type": "Index Scan", "Parent Relationship": "Inner", "Scan Direction": "Forward", "Index Name": "idx_lineitem_part_supp", "Relation Name": "lineitem", "Alias": "lineitem", "Startup Cost": 0.0, "Total Cost": 28.26, "Plan Rows": 6, "Plan Width": 16, "Index Cond": "(l_partkey = public.part.p_partkey)"}]}]}, {"Node Type": "Index Scan", "Parent Relationship": "Inner", "Scan Direction": "Forward", "Index Name": "part_kpey", "Relation Name": "part", "Alias": "part", "Startup Cost": 0.0, "Total Cost": 6.08, "Plan Rows": 1, "Plan Width": 8, "Index Cond": "(p_partkey = public.lineitem.l_partkey)", "Filter": "((p_brand = 'Brand#44'::bpchar) AND (p_container = 'WRAP PKG'::bpchar))"}]}, {"Node Type": "Index Scan", "Parent Relationship": "Inner", "Scan Direction": "Forward", "Index Name": "idx_lineitem_part_supp", "Relation Name": "lineitem", "Alias": "lineitem", "Startup Cost": 0.0, "Total Cost": 27.78, "Plan Rows": 2, "Plan Width": 24, "Index Cond": "(l_partkey = public.lineitem.l_partkey)", "Filter": "(l_quantity < (.2::double precision * (avg(public.lineitem.l_quantity))))"}]}]}, "Unique SQL Id": 1080450481}, "explain_analyze_plan": {"Plan": {"Node Type": "Aggregate", "Strategy": "Plain", "Startup Cost": 208324.62, "Total Cost": 208324.63, "Plan Rows": 1, "Plan Width": 16, "Actual Startup Time": 1198.059, "Actual Total Time": 1198.06, "Actual Rows": 1, "Actual Loops": 1, "Plans": [{"Node Type": "Nested Loop", "Parent Relationship": "Outer", "Join Type": "Inner", "Startup Cost": 128691.05, "Total Cost": 208322.6, "Plan Rows": 806, "Plan Width": 8, "Actual Startup Time": 1016.325, "Actual Total Time": 1197.018, "Actual Rows": 5403, "Actual Loops": 1, "Inner Unique": false, "Plans": [{"Node Type": "Nested Loop", "Parent Relationship": "Outer", "Join Type": "Inner", "Startup Cost": 128691.05, "Total Cost": 196146.55, "Plan Rows": 438, "Plan Width": 24, "Actual Startup Time": 1016.297, "Actual Total Time": 1034.231, "Actual Rows": 2003, "Actual Loops": 1, "Inner Unique": true, "Plans": [{"Node Type": "Aggregate", "Strategy": "Hashed", "Parent Relationship": "Outer", "Startup Cost": 128691.05, "Total Cost": 128884.11, "Plan Rows": 11032, "Plan Width": 16, "Actual Startup Time": 1016.266, "Actual Total Time": 1017.905, "Actual Rows": 2003, "Actual Loops": 1, "Group By Key": ["public.lineitem.l_partkey"], "Plans": [{"Node Type": "Nested Loop", "Parent Relationship": "Outer", "Join Type": "Inner", "Startup Cost": 0.0, "Total Cost": 128608.31, "Plan Rows": 11032, "Plan Width": 16, "Actual Startup Time": 0.361, "Actual Total Time": 975.259, "Actual Rows": 60021, "Actual Loops": 1, "Inner Unique": false, "Plans": [{"Node Type": "Seq Scan", "Parent Relationship": "Outer", "Relation Name": "part", "Alias": "part", "Startup Cost": 0.0, "Total Cost": 71944.0, "Plan Rows": 2001, "Plan Width": 8, "Actual Startup Time": 0.34, "Actual Total Time": 786.254, "Actual Rows": 2003, "Actual Loops": 1, "Filter": "((p_brand = 'Brand#44'::bpchar) AND (p_container = 'WRAP PKG'::bpchar))", "Rows Removed by Filter": 1997997}, {"Node Type": "Index Scan", "Parent Relationship": "Inner", "Scan Direction": "Forward", "Index Name": "idx_lineitem_part_supp", "Relation Name": "lineitem", "Alias": "lineitem", "Startup Cost": 0.0, "Total Cost": 28.26, "Plan Rows": 6, "Plan Width": 16, "Actual Startup Time": 25.976, "Actual Total Time": 174.503, "Actual Rows": 60021, "Actual Loops": 2003, "Index Cond": "(l_partkey = public.part.p_partkey)", "Rows Removed by Index Recheck": 0}]}]}, {"Node Type": "Index Scan", "Parent Relationship": "Inner", "Scan Direction": "Forward", "Index Name": "part_kpey", "Relation Name": "part", "Alias": "part", "Startup Cost": 0.0, "Total Cost": 6.08, "Plan Rows": 1, "Plan Width": 8, "Actual Startup Time": 14.697, "Actual Total Time": 14.697, "Actual Rows": 2003, "Actual Loops": 2003, "Index Cond": "(p_partkey = public.lineitem.l_partkey)", "Rows Removed by Index Recheck": 0, "Filter": "((p_brand = 'Brand#44'::bpchar) AND (p_container = 'WRAP PKG'::bpchar))", "Rows Removed by Filter": 0}]}, {"Node Type": "Index Scan", "Parent Relationship": "Inner", "Scan Direction": "Forward", "Index Name": "idx_lineitem_part_supp", "Relation Name": "lineitem", "Alias": "lineitem", "Startup Cost": 0.0, "Total Cost": 27.78, "Plan Rows": 2, "Plan Width": 24, "Actual Startup Time": 65.051, "Actual Total Time": 160.425, "Actual Rows": 5403, "Actual Loops": 2003, "Index Cond": "(l_partkey = public.lineitem.l_partkey)", "Rows Removed by Index Recheck": 0, "Filter": "(l_quantity < (.2::double precision * (avg(public.lineitem.l_quantity))))", "Rows Removed by Filter": 54618}]}]}, "Triggers": [], "Planner Runtime": 1.534, "Total Runtime": 1198.321, "Unique SQL Id": 1080450481}}, "(16, 65)": {"explain_plan": {"Plan": {"Node Type": "Aggregate", "Strategy": "Plain", "Startup Cost": 247183.87, "Total Cost": 247183.88, "Plan Rows": 1, "Plan Width": 16, "Plans": [{"Node Type": "Nested Loop", "Parent Relationship": "Outer", "Join Type": "Inner", "Startup Cost": 0.0, "Total Cost": 247181.85, "Plan Rows": 806, "Plan Width": 8, "Inner Unique": false, "Plans": [{"Node Type": "Nested Loop", "Parent Relationship": "Outer", "Join Type": "Inner", "Startup Cost": 0.0, "Total Cost": 235005.8, "Plan Rows": 438, "Plan Width": 24, "Inner Unique": true, "Plans": [{"Node Type": "Aggregate", "Strategy": "Sorted", "Parent Relationship": "Outer", "Startup Cost": 0.0, "Total Cost": 167743.36, "Plan Rows": 11032, "Plan Width": 80, "Group By Key": ["public.lineitem.l_partkey"], "Plans": [{"Node Type": "Nested Loop", "Parent Relationship": "Outer", "Join Type": "Inner", "Startup Cost": 0.0, "Total Cost": 167467.56, "Plan Rows": 11032, "Plan Width": 16, "Inner Unique": false, "Plans": [{"Node Type": "Index Scan", "Parent Relationship": "Outer", "Scan Direction": "Forward", "Index Name": "part_kpey", "Relation Name": "part", "Alias": "part", "Startup Cost": 0.0, "Total Cost": 110803.25, "Plan Rows": 2001, "Plan Width": 8, "Filter": "((p_brand = 'Brand#44'::bpchar) AND (p_container = 'WRAP PKG'::bpchar))"}, {"Node Type": "Index Scan", "Parent Relationship": "Inner", "Scan Direction": "Forward", "Index Name": "idx_lineitem_part_supp", "Relation Name": "lineitem", "Alias": "lineitem", "Startup Cost": 0.0, "Total Cost": 28.26, "Plan Rows": 6, "Plan Width": 16, "Index Cond": "(l_partkey = public.part.p_partkey)"}]}]}, {"Node Type": "Index Scan", "Parent Relationship": "Inner", "Scan Direction": "Forward", "Index Name": "part_kpey", "Relation Name": "part", "Alias": "part", "Startup Cost": 0.0, "Total Cost": 6.08, "Plan Rows": 1, "Plan Width": 8, "Index Cond": "(p_partkey = public.lineitem.l_partkey)", "Filter": "((p_brand = 'Brand#44'::bpchar) AND (p_container = 'WRAP PKG'::bpchar))"}]}, {"Node Type": "Index Scan", "Parent Relationship": "Inner", "Scan Direction": "Forward", "Index Name": "idx_lineitem_part_supp", "Relation Name": "lineitem", "Alias": "lineitem", "Startup Cost": 0.0, "Total Cost": 27.78, "Plan Rows": 2, "Plan Width": 24, "Index Cond": "(l_partkey = public.lineitem.l_partkey)", "Filter": "(l_quantity < (.2::double precision * (avg(public.lineitem.l_quantity))))"}]}]}, "Unique SQL Id": 1080450481}, "explain_analyze_plan": {"Plan": {"Node Type": "Aggregate", "Strategy": "Plain", "Startup Cost": 247183.87, "Total Cost": 247183.88, "Plan Rows": 1, "Plan Width": 16, "Actual Startup Time": 1672.251, "Actual Total Time": 1672.251, "Actual Rows": 1, "Actual Loops": 1, "Plans": [{"Node Type": "Nested Loop", "Parent Relationship": "Outer", "Join Type": "Inner", "Startup Cost": 0.0, "Total Cost": 247181.85, "Plan Rows": 806, "Plan Width": 8, "Actual Startup Time": 1.789, "Actual Total Time": 1671.055, "Actual Rows": 5403, "Actual Loops": 1, "Inner Unique": false, "Plans": [{"Node Type": "Nested Loop", "Parent Relationship": "Outer", "Join Type": "Inner", "Startup Cost": 0.0, "Total Cost": 235005.8, "Plan Rows": 438, "Plan Width": 24, "Actual Startup Time": 1.749, "Actual Total Time": 1591.323, "Actual Rows": 2003, "Actual Loops": 1, "Inner Unique": true, "Plans": [{"Node Type": "Aggregate", "Strategy": "Sorted", "Parent Relationship": "Outer", "Startup Cost": 0.0, "Total Cost": 167743.36, "Plan Rows": 11032, "Plan Width": 80, "Actual Startup Time": 1.737, "Actual Total Time": 1579.292, "Actual Rows": 2003, "Actual Loops": 1, "Group By Key": ["public.lineitem.l_partkey"], "Plans": [{"Node Type": "Nested Loop", "Parent Relationship": "Outer", "Join Type": "Inner", "Startup Cost": 0.0, "Total Cost": 167467.56, "Plan Rows": 11032, "Plan Width": 16, "Actual Startup Time": 0.583, "Actual Total Time": 1545.893, "Actual Rows": 60021, "Actual Loops": 1, "Inner Unique": false, "Plans": [{"Node Type": "Index Scan", "Parent Relationship": "Outer", "Scan Direction": "Forward", "Index Name": "part_kpey", "Relation Name": "part", "Alias": "part", "Startup Cost": 0.0, "Total Cost": 110803.25, "Plan Rows": 2001, "Plan Width": 8, "Actual Startup Time": 0.567, "Actual Total Time": 1351.997, "Actual Rows": 2003, "Actual Loops": 1, "Filter": "((p_brand = 'Brand#44'::bpchar) AND (p_container = 'WRAP PKG'::bpchar))", "Rows Removed by Filter": 1997997}, {"Node Type": "Index Scan", "Parent Relationship": "Inner", "Scan Direction": "Forward", "Index Name": "idx_lineitem_part_supp", "Relation Name": "lineitem", "Alias": "lineitem", "Startup Cost": 0.0, "Total Cost": 28.26, "Plan Rows": 6, "Plan Width": 16, "Actual Startup Time": 26.124, "Actual Total Time": 178.211, "Actual Rows": 60021, "Actual Loops": 2003, "Index Cond": "(l_partkey = public.part.p_partkey)", "Rows Removed by Index Recheck": 0}]}]}, {"Node Type": "Index Scan", "Parent Relationship": "Inner", "Scan Direction": "Forward", "Index Name": "part_kpey", "Relation Name": "part", "Alias": "part", "Startup Cost": 0.0, "Total Cost": 6.08, "Plan Rows": 1, "Plan Width": 8, "Actual Startup Time": 9.363, "Actual Total Time": 9.363, "Actual Rows": 2003, "Actual Loops": 2003, "Index Cond": "(p_partkey = public.lineitem.l_partkey)", "Rows Removed by Index Recheck": 0, "Filter": "((p_brand = 'Brand#44'::bpchar) AND (p_container = 'WRAP PKG'::bpchar))", "Rows Removed by Filter": 0}]}, {"Node Type": "Index Scan", "Parent Relationship": "Inner", "Scan Direction": "Forward", "Index Name": "idx_lineitem_part_supp", "Relation Name": "lineitem", "Alias": "lineitem", "Startup Cost": 0.0, "Total Cost": 27.78, "Plan Rows": 2, "Plan Width": 24, "Actual Startup Time": 33.256, "Actual Total Time": 76.813, "Actual Rows": 5403, "Actual Loops": 2003, "Index Cond": "(l_partkey = public.lineitem.l_partkey)", "Rows Removed by Index Recheck": 0, "Filter": "(l_quantity < (.2::double precision * (avg(public.lineitem.l_quantity))))", "Rows Removed by Filter": 54618}]}]}, "Triggers": [], "Planner Runtime": 1.448, "Total Runtime": 1672.5, "Unique SQL Id": 1080450481}}, "(16, 66)": {"explain_plan": {"Plan": {"Node Type": "Aggregate", "Strategy": "Plain", "Startup Cost": 213754.44, "Total Cost": 213754.45, "Plan Rows": 1, "Plan Width": 16, "Plans": [{"Node Type": "Nested Loop", "Parent Relationship": "Outer", "Join Type": "Inner", "Startup Cost": 129265.51, "Total Cost": 213752.42, "Plan Rows": 806, "Plan Width": 8, "Inner Unique": false, "Plans": [{"Node Type": "Hash Join", "Parent Relationship": "Outer", "Join Type": "Inner", "Startup Cost": 129261.29, "Total Cost": 201352.24, "Plan Rows": 438, "Plan Width": 24, "Inner Unique": true, "Hash Cond": "(public.part.p_partkey = subquery.\"?column?\")", "Plans": [{"Node Type": "Seq Scan", "Parent Relationship": "Outer", "Relation Name": "part", "Alias": "part", "Startup Cost": 0.0, "Total Cost": 71944.0, "Plan Rows": 2001, "Plan Width": 8, "Filter": "((p_brand = 'Brand#44'::bpchar) AND (p_container = 'WRAP PKG'::bpchar))"}, {"Node Type": "Hash", "Parent Relationship": "Inner", "Startup Cost": 129123.39, "Total Cost": 129123.39, "Plan Rows": 11032, "Plan Width": 16, "Plans": [{"Node Type": "Subquery Scan", "Parent Relationship": "Outer", "Alias": "subquery", "Startup Cost": 128820.01, "Total Cost": 129123.39, "Plan Rows": 11032, "Plan Width": 16, "Plans": [{"Node Type": "Aggregate", "Strategy": "Hashed", "Parent Relationship": "Subquery", "Startup Cost": 128820.01, "Total Cost": 129013.07, "Plan Rows": 11032, "Plan Width": 16, "Group By Key": ["public.lineitem.l_partkey"], "Plans": [{"Node Type": "Nested Loop", "Parent Relationship": "Outer", "Join Type": "Inner", "Startup Cost": 4.28, "Total Cost": 128737.27, "Plan Rows": 11032, "Plan Width": 16, "Inner Unique": false, "Plans": [{"Node Type": "Seq Scan", "Parent Relationship": "Outer", "Relation Name": "part", "Alias": "part", "Startup Cost": 0.0, "Total Cost": 71944.0, "Plan Rows": 2001, "Plan Width": 8, "Filter": "((p_brand = 'Brand#44'::bpchar) AND (p_container = 'WRAP PKG'::bpchar))"}, {"Node Type": "Bitmap Heap Scan", "Parent Relationship": "Inner", "Relation Name": "lineitem", "Alias": "lineitem", "Startup Cost": 4.28, "Total Cost": 28.32, "Plan Rows": 6, "Plan Width": 16, "Recheck Cond": "(l_partkey = public.part.p_partkey)", "Plans": [{"Node Type": "Bitmap Index Scan", "Parent Relationship": "Outer", "Index Name": "idx_lineitem_part_supp", "Startup Cost": 0.0, "Total Cost": 4.28, "Plan Rows": 6, "Plan Width": 0, "Index Cond": "(l_partkey = public.part.p_partkey)"}]}]}]}]}]}]}, {"Node Type": "Bitmap Heap Scan", "Parent Relationship": "Inner", "Relation Name": "lineitem", "Alias": "lineitem", "Startup Cost": 4.22, "Total Cost": 28.29, "Plan Rows": 2, "Plan Width": 24, "Recheck Cond": "(l_partkey = subquery.\"?column?\")", "Filter": "(l_quantity < (.2::double precision * subquery.\"?column?\"))", "Plans": [{"Node Type": "Bitmap Index Scan", "Parent Relationship": "Outer", "Index Name": "idx_lineitem_part_supp", "Startup Cost": 0.0, "Total Cost": 4.22, "Plan Rows": 6, "Plan Width": 0, "Index Cond": "(l_partkey = subquery.\"?column?\")"}]}]}]}, "Unique SQL Id": 1080450481}, "explain_analyze_plan": {"Plan": {"Node Type": "Aggregate", "Strategy": "Plain", "Startup Cost": 213754.44, "Total Cost": 213754.45, "Plan Rows": 1, "Plan Width": 16, "Actual Startup Time": 2042.565, "Actual Total Time": 2042.565, "Actual Rows": 1, "Actual Loops": 1, "Plans": [{"Node Type": "Nested Loop", "Parent Relationship": "Outer", "Join Type": "Inner", "Startup Cost": 129265.51, "Total Cost": 213752.42, "Plan Rows": 806, "Plan Width": 8, "Actual Startup Time": 1040.32, "Actual Total Time": 2041.174, "Actual Rows": 5403, "Actual Loops": 1, "Inner Unique": false, "Plans": [{"Node Type": "Hash Join", "Parent Relationship": "Outer", "Join Type": "Inner", "Startup Cost": 129261.29, "Total Cost": 201352.24, "Plan Rows": 438, "Plan Width": 24, "Actual Startup Time": 1040.253, "Actual Total Time": 1830.392, "Actual Rows": 2003, "Actual Loops": 1, "Inner Unique": true, "Hash Cond": "(public.part.p_partkey = subquery.\"?column?\")", "Plans": [{"Node Type": "Seq Scan", "Parent Relationship": "Outer", "Relation Name": "part", "Alias": "part", "Startup Cost": 0.0, "Total Cost": 71944.0, "Plan Rows": 2001, "Plan Width": 8, "Actual Startup Time": 0.349, "Actual Total Time": 788.001, "Actual Rows": 2003, "Actual Loops": 1, "Filter": "((p_brand = 'Brand#44'::bpchar) AND (p_container = 'WRAP PKG'::bpchar))", "Rows Removed by Filter": 1997997}, {"Node Type": "Hash", "Parent Relationship": "Inner", "Startup Cost": 129123.39, "Total Cost": 129123.39, "Plan Rows": 11032, "Plan Width": 16, "Actual Startup Time": 1039.791, "Actual Total Time": 1039.791, "Actual Rows": 2003, "Actual Loops": 1, "Hash Buckets": 32768, "Hash Batches": 1, "Original Hash Batches": 1, "Peak Memory Usage": 94, "Plans": [{"Node Type": "Subquery Scan", "Parent Relationship": "Outer", "Alias": "subquery", "Startup Cost": 128820.01, "Total Cost": 129123.39, "Plan Rows": 11032, "Plan Width": 16, "Actual Startup Time": 1037.639, "Actual Total Time": 1039.094, "Actual Rows": 2003, "Actual Loops": 1, "Plans": [{"Node Type": "Aggregate", "Strategy": "Hashed", "Parent Relationship": "Subquery", "Startup Cost": 128820.01, "Total Cost": 129013.07, "Plan Rows": 11032, "Plan Width": 16, "Actual Startup Time": 1037.636, "Actual Total Time": 1038.645, "Actual Rows": 2003, "Actual Loops": 1, "Group By Key": ["public.lineitem.l_partkey"], "Plans": [{"Node Type": "Nested Loop", "Parent Relationship": "Outer", "Join Type": "Inner", "Startup Cost": 4.28, "Total Cost": 128737.27, "Plan Rows": 11032, "Plan Width": 16, "Actual Startup Time": 0.43, "Actual Total Time": 997.069, "Actual Rows": 60021, "Actual Loops": 1, "Inner Unique": false, "Plans": [{"Node Type": "Seq Scan", "Parent Relationship": "Outer", "Relation Name": "part", "Alias": "part", "Startup Cost": 0.0, "Total Cost": 71944.0, "Plan Rows": 2001, "Plan Width": 8, "Actual Startup Time": 0.313, "Actual Total Time": 785.123, "Actual Rows": 2003, "Actual Loops": 1, "Filter": "((p_brand = 'Brand#44'::bpchar) AND (p_container = 'WRAP PKG'::bpchar))", "Rows Removed by Filter": 1997997}, {"Node Type": "Bitmap Heap Scan", "Parent Relationship": "Inner", "Relation Name": "lineitem", "Alias": "lineitem", "Startup Cost": 4.28, "Total Cost": 28.32, "Plan Rows": 6, "Plan Width": 16, "Actual Startup Time": 37.436, "Actual Total Time": 194.053, "Actual Rows": 60021, "Actual Loops": 2003, "Recheck Cond": "(l_partkey = public.part.p_partkey)", "Rows Removed by Index Recheck": 0, "Exact Heap Blocks": 60018, "Lossy Heap Blocks": 60018, "Plans": [{"Node Type": "Bitmap Index Scan", "Parent Relationship": "Outer", "Index Name": "idx_lineitem_part_supp", "Startup Cost": 0.0, "Total Cost": 4.28, "Plan Rows": 6, "Plan Width": 0, "Actual Startup Time": 23.891, "Actual Total Time": 23.891, "Actual Rows": 60021, "Actual Loops": 2003, "Index Cond": "(l_partkey = public.part.p_partkey)"}]}]}]}]}]}]}, {"Node Type": "Bitmap Heap Scan", "Parent Relationship": "Inner", "Relation Name": "lineitem", "Alias": "lineitem", "Startup Cost": 4.22, "Total Cost": 28.29, "Plan Rows": 2, "Plan Width": 24, "Actual Startup Time": 89.451, "Actual Total Time": 204.392, "Actual Rows": 5403, "Actual Loops": 2003, "Recheck Cond": "(l_partkey = subquery.\"?column?\")", "Rows Removed by Index Recheck": 0, "Filter": "(l_quantity < (.2::double precision * subquery.\"?column?\"))", "Rows Removed by Filter": 54618, "Exact Heap Blocks": 60018, "Lossy Heap Blocks": 60018, "Plans": [{"Node Type": "Bitmap Index Scan", "Parent Relationship": "Outer", "Index Name": "idx_lineitem_part_supp", "Startup Cost": 0.0, "Total Cost": 4.22, "Plan Rows": 6, "Plan Width": 0, "Actual Startup Time": 24.425, "Actual Total Time": 24.425, "Actual Rows": 60021, "Actual Loops": 2003, "Index Cond": "(l_partkey = subquery.\"?column?\")"}]}]}]}, "Triggers": [], "Planner Runtime": 1.494, "Total Runtime": 2042.862, "Unique SQL Id": 1080450481}}, "(16, 67)": {"explain_plan": {"Plan": {"Node Type": "Aggregate", "Strategy": "Plain", "Startup Cost": 1001032279502.61, "Total Cost": 1001032279502.62, "Plan Rows": 1, "Plan Width": 16, "Plans": [{"Node Type": "Nested Loop", "Parent Relationship": "Outer", "Join Type": "Inner", "Startup Cost": 10000000004.74, "Total Cost": 1001032279500.6, "Plan Rows": 806, "Plan Width": 8, "Inner Unique": true, "Join Filter": "(public.lineitem.l_partkey = public.part.p_partkey)", "Plans": [{"Node Type": "Nested Loop", "Parent Relationship": "Outer", "Join Type": "Inner", "Startup Cost": 10000000004.48, "Total Cost": 1001032192561.0, "Plan Rows": 20274, "Plan Width": 24, "Inner Unique": false, "Plans": [{"Node Type": "Aggregate", "Strategy": "Sorted", "Parent Relationship": "Outer", "Startup Cost": 10000000000.26, "Total Cost": 1001031880124.59, "Plan Rows": 11032, "Plan Width": 80, "Group By Key": ["public.lineitem.l_partkey"], "Plans": [{"Node Type": "Nested Loop", "Parent Relationship": "Outer", "Join Type": "Semi", "Startup Cost": 10000000000.26, "Total Cost": 1001031879848.79, "Plan Rows": 11032, "Plan Width": 16, "Inner Unique": false, "Plans": [{"Node Type": "Index Scan", "Parent Relationship": "Outer", "Scan Direction": "Forward", "Index Name": "idx_lineitem_part_supp", "Relation Name": "lineitem", "Alias": "lineitem", "Startup Cost": 10000000000.0, "Total Cost": 1000775391319.64, "Plan Rows": 59987033, "Plan Width": 16}, {"Node Type": "Bitmap Heap Scan", "Parent Relationship": "Inner", "Relation Name": "part", "Alias": "part", "Startup Cost": 0.26, "Total Cost": 4.28, "Plan Rows": 1, "Plan Width": 8, "Recheck Cond": "(p_partkey = public.lineitem.l_partkey)", "Filter": "((p_brand = 'Brand#44'::bpchar) AND (p_container = 'WRAP PKG'::bpchar))", "Plans": [{"Node Type": "Bitmap Index Scan", "Parent Relationship": "Outer", "Index Name": "part_kpey", "Startup Cost": 0.0, "Total Cost": 0.26, "Plan Rows": 1, "Plan Width": 0, "Index Cond": "(p_partkey = public.lineitem.l_partkey)"}]}]}]}, {"Node Type": "Bitmap Heap Scan", "Parent Relationship": "Inner", "Relation Name": "lineitem", "Alias": "lineitem", "Startup Cost": 4.22, "Total Cost": 28.29, "Plan Rows": 2, "Plan Width": 24, "Recheck Cond": "(l_partkey = public.lineitem.l_partkey)", "Filter": "(l_quantity < (.2::double precision * (avg(public.lineitem.l_quantity))))", "Plans": [{"Node Type": "Bitmap Index Scan", "Parent Relationship": "Outer", "Index Name": "idx_lineitem_part_supp", "Startup Cost": 0.0, "Total Cost": 4.22, "Plan Rows": 6, "Plan Width": 0, "Index Cond": "(l_partkey = public.lineitem.l_partkey)"}]}]}, {"Node Type": "Bitmap Heap Scan", "Parent Relationship": "Inner", "Relation Name": "part", "Alias": "part", "Startup Cost": 0.26, "Total Cost": 4.28, "Plan Rows": 1, "Plan Width": 8, "Recheck Cond": "(p_partkey = public.lineitem.l_partkey)", "Filter": "((p_brand = 'Brand#44'::bpchar) AND (p_container = 'WRAP PKG'::bpchar))", "Plans": [{"Node Type": "Bitmap Index Scan", "Parent Relationship": "Outer", "Index Name": "part_kpey", "Startup Cost": 0.0, "Total Cost": 0.26, "Plan Rows": 1, "Plan Width": 0, "Index Cond": "(p_partkey = public.lineitem.l_partkey)"}]}]}]}, "Unique SQL Id": 1080450481}, "explain_analyze_plan": null}, "(16, 68)": {"explain_plan": {"Plan": {"Node Type": "Aggregate", "Strategy": "Plain", "Startup Cost": 208324.62, "Total Cost": 208324.63, "Plan Rows": 1, "Plan Width": 16, "Plans": [{"Node Type": "Nested Loop", "Parent Relationship": "Outer", "Join Type": "Inner", "Startup Cost": 128691.05, "Total Cost": 208322.6, "Plan Rows": 806, "Plan Width": 8, "Inner Unique": false, "Plans": [{"Node Type": "Nested Loop", "Parent Relationship": "Outer", "Join Type": "Inner", "Startup Cost": 128691.05, "Total Cost": 196146.55, "Plan Rows": 438, "Plan Width": 24, "Inner Unique": true, "Plans": [{"Node Type": "Aggregate", "Strategy": "Hashed", "Parent Relationship": "Outer", "Startup Cost": 128691.05, "Total Cost": 128884.11, "Plan Rows": 11032, "Plan Width": 16, "Group By Key": ["public.lineitem.l_partkey"], "Plans": [{"Node Type": "Nested Loop", "Parent Relationship": "Outer", "Join Type": "Inner", "Startup Cost": 0.0, "Total Cost": 128608.31, "Plan Rows": 11032, "Plan Width": 16, "Inner Unique": false, "Plans": [{"Node Type": "Seq Scan", "Parent Relationship": "Outer", "Relation Name": "part", "Alias": "part", "Startup Cost": 0.0, "Total Cost": 71944.0, "Plan Rows": 2001, "Plan Width": 8, "Filter": "((p_brand = 'Brand#44'::bpchar) AND (p_container = 'WRAP PKG'::bpchar))"}, {"Node Type": "Index Scan", "Parent Relationship": "Inner", "Scan Direction": "Forward", "Index Name": "idx_lineitem_part_supp", "Relation Name": "lineitem", "Alias": "lineitem", "Startup Cost": 0.0, "Total Cost": 28.26, "Plan Rows": 6, "Plan Width": 16, "Index Cond": "(l_partkey = public.part.p_partkey)"}]}]}, {"Node Type": "Index Scan", "Parent Relationship": "Inner", "Scan Direction": "Forward", "Index Name": "part_kpey", "Relation Name": "part", "Alias": "part", "Startup Cost": 0.0, "Total Cost": 6.08, "Plan Rows": 1, "Plan Width": 8, "Index Cond": "(p_partkey = public.lineitem.l_partkey)", "Filter": "((p_brand = 'Brand#44'::bpchar) AND (p_container = 'WRAP PKG'::bpchar))"}]}, {"Node Type": "Index Scan", "Parent Relationship": "Inner", "Scan Direction": "Forward", "Index Name": "idx_lineitem_part_supp", "Relation Name": "lineitem", "Alias": "lineitem", "Startup Cost": 0.0, "Total Cost": 27.78, "Plan Rows": 2, "Plan Width": 24, "Index Cond": "(l_partkey = public.lineitem.l_partkey)", "Filter": "(l_quantity < (.2::double precision * (avg(public.lineitem.l_quantity))))"}]}]}, "Unique SQL Id": 1080450481}, "explain_analyze_plan": {"Plan": {"Node Type": "Aggregate", "Strategy": "Plain", "Startup Cost": 208324.62, "Total Cost": 208324.63, "Plan Rows": 1, "Plan Width": 16, "Actual Startup Time": 1198.059, "Actual Total Time": 1198.06, "Actual Rows": 1, "Actual Loops": 1, "Plans": [{"Node Type": "Nested Loop", "Parent Relationship": "Outer", "Join Type": "Inner", "Startup Cost": 128691.05, "Total Cost": 208322.6, "Plan Rows": 806, "Plan Width": 8, "Actual Startup Time": 1016.325, "Actual Total Time": 1197.018, "Actual Rows": 5403, "Actual Loops": 1, "Inner Unique": false, "Plans": [{"Node Type": "Nested Loop", "Parent Relationship": "Outer", "Join Type": "Inner", "Startup Cost": 128691.05, "Total Cost": 196146.55, "Plan Rows": 438, "Plan Width": 24, "Actual Startup Time": 1016.297, "Actual Total Time": 1034.231, "Actual Rows": 2003, "Actual Loops": 1, "Inner Unique": true, "Plans": [{"Node Type": "Aggregate", "Strategy": "Hashed", "Parent Relationship": "Outer", "Startup Cost": 128691.05, "Total Cost": 128884.11, "Plan Rows": 11032, "Plan Width": 16, "Actual Startup Time": 1016.266, "Actual Total Time": 1017.905, "Actual Rows": 2003, "Actual Loops": 1, "Group By Key": ["public.lineitem.l_partkey"], "Plans": [{"Node Type": "Nested Loop", "Parent Relationship": "Outer", "Join Type": "Inner", "Startup Cost": 0.0, "Total Cost": 128608.31, "Plan Rows": 11032, "Plan Width": 16, "Actual Startup Time": 0.361, "Actual Total Time": 975.259, "Actual Rows": 60021, "Actual Loops": 1, "Inner Unique": false, "Plans": [{"Node Type": "Seq Scan", "Parent Relationship": "Outer", "Relation Name": "part", "Alias": "part", "Startup Cost": 0.0, "Total Cost": 71944.0, "Plan Rows": 2001, "Plan Width": 8, "Actual Startup Time": 0.34, "Actual Total Time": 786.254, "Actual Rows": 2003, "Actual Loops": 1, "Filter": "((p_brand = 'Brand#44'::bpchar) AND (p_container = 'WRAP PKG'::bpchar))", "Rows Removed by Filter": 1997997}, {"Node Type": "Index Scan", "Parent Relationship": "Inner", "Scan Direction": "Forward", "Index Name": "idx_lineitem_part_supp", "Relation Name": "lineitem", "Alias": "lineitem", "Startup Cost": 0.0, "Total Cost": 28.26, "Plan Rows": 6, "Plan Width": 16, "Actual Startup Time": 25.976, "Actual Total Time": 174.503, "Actual Rows": 60021, "Actual Loops": 2003, "Index Cond": "(l_partkey = public.part.p_partkey)", "Rows Removed by Index Recheck": 0}]}]}, {"Node Type": "Index Scan", "Parent Relationship": "Inner", "Scan Direction": "Forward", "Index Name": "part_kpey", "Relation Name": "part", "Alias": "part", "Startup Cost": 0.0, "Total Cost": 6.08, "Plan Rows": 1, "Plan Width": 8, "Actual Startup Time": 14.697, "Actual Total Time": 14.697, "Actual Rows": 2003, "Actual Loops": 2003, "Index Cond": "(p_partkey = public.lineitem.l_partkey)", "Rows Removed by Index Recheck": 0, "Filter": "((p_brand = 'Brand#44'::bpchar) AND (p_container = 'WRAP PKG'::bpchar))", "Rows Removed by Filter": 0}]}, {"Node Type": "Index Scan", "Parent Relationship": "Inner", "Scan Direction": "Forward", "Index Name": "idx_lineitem_part_supp", "Relation Name": "lineitem", "Alias": "lineitem", "Startup Cost": 0.0, "Total Cost": 27.78, "Plan Rows": 2, "Plan Width": 24, "Actual Startup Time": 65.051, "Actual Total Time": 160.425, "Actual Rows": 5403, "Actual Loops": 2003, "Index Cond": "(l_partkey = public.lineitem.l_partkey)", "Rows Removed by Index Recheck": 0, "Filter": "(l_quantity < (.2::double precision * (avg(public.lineitem.l_quantity))))", "Rows Removed by Filter": 54618}]}]}, "Triggers": [], "Planner Runtime": 1.534, "Total Runtime": 1198.321, "Unique SQL Id": 1080450481}}, "(16, 69)": {"explain_plan": {"Plan": {"Node Type": "Aggregate", "Strategy": "Plain", "Startup Cost": 247183.87, "Total Cost": 247183.88, "Plan Rows": 1, "Plan Width": 16, "Plans": [{"Node Type": "Nested Loop", "Parent Relationship": "Outer", "Join Type": "Inner", "Startup Cost": 0.0, "Total Cost": 247181.85, "Plan Rows": 806, "Plan Width": 8, "Inner Unique": false, "Plans": [{"Node Type": "Nested Loop", "Parent Relationship": "Outer", "Join Type": "Inner", "Startup Cost": 0.0, "Total Cost": 235005.8, "Plan Rows": 438, "Plan Width": 24, "Inner Unique": true, "Plans": [{"Node Type": "Aggregate", "Strategy": "Sorted", "Parent Relationship": "Outer", "Startup Cost": 0.0, "Total Cost": 167743.36, "Plan Rows": 11032, "Plan Width": 80, "Group By Key": ["public.lineitem.l_partkey"], "Plans": [{"Node Type": "Nested Loop", "Parent Relationship": "Outer", "Join Type": "Inner", "Startup Cost": 0.0, "Total Cost": 167467.56, "Plan Rows": 11032, "Plan Width": 16, "Inner Unique": false, "Plans": [{"Node Type": "Index Scan", "Parent Relationship": "Outer", "Scan Direction": "Forward", "Index Name": "part_kpey", "Relation Name": "part", "Alias": "part", "Startup Cost": 0.0, "Total Cost": 110803.25, "Plan Rows": 2001, "Plan Width": 8, "Filter": "((p_brand = 'Brand#44'::bpchar) AND (p_container = 'WRAP PKG'::bpchar))"}, {"Node Type": "Index Scan", "Parent Relationship": "Inner", "Scan Direction": "Forward", "Index Name": "idx_lineitem_part_supp", "Relation Name": "lineitem", "Alias": "lineitem", "Startup Cost": 0.0, "Total Cost": 28.26, "Plan Rows": 6, "Plan Width": 16, "Index Cond": "(l_partkey = public.part.p_partkey)"}]}]}, {"Node Type": "Index Scan", "Parent Relationship": "Inner", "Scan Direction": "Forward", "Index Name": "part_kpey", "Relation Name": "part", "Alias": "part", "Startup Cost": 0.0, "Total Cost": 6.08, "Plan Rows": 1, "Plan Width": 8, "Index Cond": "(p_partkey = public.lineitem.l_partkey)", "Filter": "((p_brand = 'Brand#44'::bpchar) AND (p_container = 'WRAP PKG'::bpchar))"}]}, {"Node Type": "Index Scan", "Parent Relationship": "Inner", "Scan Direction": "Forward", "Index Name": "idx_lineitem_part_supp", "Relation Name": "lineitem", "Alias": "lineitem", "Startup Cost": 0.0, "Total Cost": 27.78, "Plan Rows": 2, "Plan Width": 24, "Index Cond": "(l_partkey = public.lineitem.l_partkey)", "Filter": "(l_quantity < (.2::double precision * (avg(public.lineitem.l_quantity))))"}]}]}, "Unique SQL Id": 1080450481}, "explain_analyze_plan": {"Plan": {"Node Type": "Aggregate", "Strategy": "Plain", "Startup Cost": 247183.87, "Total Cost": 247183.88, "Plan Rows": 1, "Plan Width": 16, "Actual Startup Time": 1672.251, "Actual Total Time": 1672.251, "Actual Rows": 1, "Actual Loops": 1, "Plans": [{"Node Type": "Nested Loop", "Parent Relationship": "Outer", "Join Type": "Inner", "Startup Cost": 0.0, "Total Cost": 247181.85, "Plan Rows": 806, "Plan Width": 8, "Actual Startup Time": 1.789, "Actual Total Time": 1671.055, "Actual Rows": 5403, "Actual Loops": 1, "Inner Unique": false, "Plans": [{"Node Type": "Nested Loop", "Parent Relationship": "Outer", "Join Type": "Inner", "Startup Cost": 0.0, "Total Cost": 235005.8, "Plan Rows": 438, "Plan Width": 24, "Actual Startup Time": 1.749, "Actual Total Time": 1591.323, "Actual Rows": 2003, "Actual Loops": 1, "Inner Unique": true, "Plans": [{"Node Type": "Aggregate", "Strategy": "Sorted", "Parent Relationship": "Outer", "Startup Cost": 0.0, "Total Cost": 167743.36, "Plan Rows": 11032, "Plan Width": 80, "Actual Startup Time": 1.737, "Actual Total Time": 1579.292, "Actual Rows": 2003, "Actual Loops": 1, "Group By Key": ["public.lineitem.l_partkey"], "Plans": [{"Node Type": "Nested Loop", "Parent Relationship": "Outer", "Join Type": "Inner", "Startup Cost": 0.0, "Total Cost": 167467.56, "Plan Rows": 11032, "Plan Width": 16, "Actual Startup Time": 0.583, "Actual Total Time": 1545.893, "Actual Rows": 60021, "Actual Loops": 1, "Inner Unique": false, "Plans": [{"Node Type": "Index Scan", "Parent Relationship": "Outer", "Scan Direction": "Forward", "Index Name": "part_kpey", "Relation Name": "part", "Alias": "part", "Startup Cost": 0.0, "Total Cost": 110803.25, "Plan Rows": 2001, "Plan Width": 8, "Actual Startup Time": 0.567, "Actual Total Time": 1351.997, "Actual Rows": 2003, "Actual Loops": 1, "Filter": "((p_brand = 'Brand#44'::bpchar) AND (p_container = 'WRAP PKG'::bpchar))", "Rows Removed by Filter": 1997997}, {"Node Type": "Index Scan", "Parent Relationship": "Inner", "Scan Direction": "Forward", "Index Name": "idx_lineitem_part_supp", "Relation Name": "lineitem", "Alias": "lineitem", "Startup Cost": 0.0, "Total Cost": 28.26, "Plan Rows": 6, "Plan Width": 16, "Actual Startup Time": 26.124, "Actual Total Time": 178.211, "Actual Rows": 60021, "Actual Loops": 2003, "Index Cond": "(l_partkey = public.part.p_partkey)", "Rows Removed by Index Recheck": 0}]}]}, {"Node Type": "Index Scan", "Parent Relationship": "Inner", "Scan Direction": "Forward", "Index Name": "part_kpey", "Relation Name": "part", "Alias": "part", "Startup Cost": 0.0, "Total Cost": 6.08, "Plan Rows": 1, "Plan Width": 8, "Actual Startup Time": 9.363, "Actual Total Time": 9.363, "Actual Rows": 2003, "Actual Loops": 2003, "Index Cond": "(p_partkey = public.lineitem.l_partkey)", "Rows Removed by Index Recheck": 0, "Filter": "((p_brand = 'Brand#44'::bpchar) AND (p_container = 'WRAP PKG'::bpchar))", "Rows Removed by Filter": 0}]}, {"Node Type": "Index Scan", "Parent Relationship": "Inner", "Scan Direction": "Forward", "Index Name": "idx_lineitem_part_supp", "Relation Name": "lineitem", "Alias": "lineitem", "Startup Cost": 0.0, "Total Cost": 27.78, "Plan Rows": 2, "Plan Width": 24, "Actual Startup Time": 33.256, "Actual Total Time": 76.813, "Actual Rows": 5403, "Actual Loops": 2003, "Index Cond": "(l_partkey = public.lineitem.l_partkey)", "Rows Removed by Index Recheck": 0, "Filter": "(l_quantity < (.2::double precision * (avg(public.lineitem.l_quantity))))", "Rows Removed by Filter": 54618}]}]}, "Triggers": [], "Planner Runtime": 1.448, "Total Runtime": 1672.5, "Unique SQL Id": 1080450481}}, "(16, 70)": {"explain_plan": {"Plan": {"Node Type": "Aggregate", "Strategy": "Plain", "Startup Cost": 213754.44, "Total Cost": 213754.45, "Plan Rows": 1, "Plan Width": 16, "Plans": [{"Node Type": "Nested Loop", "Parent Relationship": "Outer", "Join Type": "Inner", "Startup Cost": 129265.51, "Total Cost": 213752.42, "Plan Rows": 806, "Plan Width": 8, "Inner Unique": false, "Plans": [{"Node Type": "Hash Join", "Parent Relationship": "Outer", "Join Type": "Inner", "Startup Cost": 129261.29, "Total Cost": 201352.24, "Plan Rows": 438, "Plan Width": 24, "Inner Unique": true, "Hash Cond": "(public.part.p_partkey = subquery.\"?column?\")", "Plans": [{"Node Type": "Seq Scan", "Parent Relationship": "Outer", "Relation Name": "part", "Alias": "part", "Startup Cost": 0.0, "Total Cost": 71944.0, "Plan Rows": 2001, "Plan Width": 8, "Filter": "((p_brand = 'Brand#44'::bpchar) AND (p_container = 'WRAP PKG'::bpchar))"}, {"Node Type": "Hash", "Parent Relationship": "Inner", "Startup Cost": 129123.39, "Total Cost": 129123.39, "Plan Rows": 11032, "Plan Width": 16, "Plans": [{"Node Type": "Subquery Scan", "Parent Relationship": "Outer", "Alias": "subquery", "Startup Cost": 128820.01, "Total Cost": 129123.39, "Plan Rows": 11032, "Plan Width": 16, "Plans": [{"Node Type": "Aggregate", "Strategy": "Hashed", "Parent Relationship": "Subquery", "Startup Cost": 128820.01, "Total Cost": 129013.07, "Plan Rows": 11032, "Plan Width": 16, "Group By Key": ["public.lineitem.l_partkey"], "Plans": [{"Node Type": "Nested Loop", "Parent Relationship": "Outer", "Join Type": "Inner", "Startup Cost": 4.28, "Total Cost": 128737.27, "Plan Rows": 11032, "Plan Width": 16, "Inner Unique": false, "Plans": [{"Node Type": "Seq Scan", "Parent Relationship": "Outer", "Relation Name": "part", "Alias": "part", "Startup Cost": 0.0, "Total Cost": 71944.0, "Plan Rows": 2001, "Plan Width": 8, "Filter": "((p_brand = 'Brand#44'::bpchar) AND (p_container = 'WRAP PKG'::bpchar))"}, {"Node Type": "Bitmap Heap Scan", "Parent Relationship": "Inner", "Relation Name": "lineitem", "Alias": "lineitem", "Startup Cost": 4.28, "Total Cost": 28.32, "Plan Rows": 6, "Plan Width": 16, "Recheck Cond": "(l_partkey = public.part.p_partkey)", "Plans": [{"Node Type": "Bitmap Index Scan", "Parent Relationship": "Outer", "Index Name": "idx_lineitem_part_supp", "Startup Cost": 0.0, "Total Cost": 4.28, "Plan Rows": 6, "Plan Width": 0, "Index Cond": "(l_partkey = public.part.p_partkey)"}]}]}]}]}]}]}, {"Node Type": "Bitmap Heap Scan", "Parent Relationship": "Inner", "Relation Name": "lineitem", "Alias": "lineitem", "Startup Cost": 4.22, "Total Cost": 28.29, "Plan Rows": 2, "Plan Width": 24, "Recheck Cond": "(l_partkey = subquery.\"?column?\")", "Filter": "(l_quantity < (.2::double precision * subquery.\"?column?\"))", "Plans": [{"Node Type": "Bitmap Index Scan", "Parent Relationship": "Outer", "Index Name": "idx_lineitem_part_supp", "Startup Cost": 0.0, "Total Cost": 4.22, "Plan Rows": 6, "Plan Width": 0, "Index Cond": "(l_partkey = subquery.\"?column?\")"}]}]}]}, "Unique SQL Id": 1080450481}, "explain_analyze_plan": {"Plan": {"Node Type": "Aggregate", "Strategy": "Plain", "Startup Cost": 213754.44, "Total Cost": 213754.45, "Plan Rows": 1, "Plan Width": 16, "Actual Startup Time": 2042.565, "Actual Total Time": 2042.565, "Actual Rows": 1, "Actual Loops": 1, "Plans": [{"Node Type": "Nested Loop", "Parent Relationship": "Outer", "Join Type": "Inner", "Startup Cost": 129265.51, "Total Cost": 213752.42, "Plan Rows": 806, "Plan Width": 8, "Actual Startup Time": 1040.32, "Actual Total Time": 2041.174, "Actual Rows": 5403, "Actual Loops": 1, "Inner Unique": false, "Plans": [{"Node Type": "Hash Join", "Parent Relationship": "Outer", "Join Type": "Inner", "Startup Cost": 129261.29, "Total Cost": 201352.24, "Plan Rows": 438, "Plan Width": 24, "Actual Startup Time": 1040.253, "Actual Total Time": 1830.392, "Actual Rows": 2003, "Actual Loops": 1, "Inner Unique": true, "Hash Cond": "(public.part.p_partkey = subquery.\"?column?\")", "Plans": [{"Node Type": "Seq Scan", "Parent Relationship": "Outer", "Relation Name": "part", "Alias": "part", "Startup Cost": 0.0, "Total Cost": 71944.0, "Plan Rows": 2001, "Plan Width": 8, "Actual Startup Time": 0.349, "Actual Total Time": 788.001, "Actual Rows": 2003, "Actual Loops": 1, "Filter": "((p_brand = 'Brand#44'::bpchar) AND (p_container = 'WRAP PKG'::bpchar))", "Rows Removed by Filter": 1997997}, {"Node Type": "Hash", "Parent Relationship": "Inner", "Startup Cost": 129123.39, "Total Cost": 129123.39, "Plan Rows": 11032, "Plan Width": 16, "Actual Startup Time": 1039.791, "Actual Total Time": 1039.791, "Actual Rows": 2003, "Actual Loops": 1, "Hash Buckets": 32768, "Hash Batches": 1, "Original Hash Batches": 1, "Peak Memory Usage": 94, "Plans": [{"Node Type": "Subquery Scan", "Parent Relationship": "Outer", "Alias": "subquery", "Startup Cost": 128820.01, "Total Cost": 129123.39, "Plan Rows": 11032, "Plan Width": 16, "Actual Startup Time": 1037.639, "Actual Total Time": 1039.094, "Actual Rows": 2003, "Actual Loops": 1, "Plans": [{"Node Type": "Aggregate", "Strategy": "Hashed", "Parent Relationship": "Subquery", "Startup Cost": 128820.01, "Total Cost": 129013.07, "Plan Rows": 11032, "Plan Width": 16, "Actual Startup Time": 1037.636, "Actual Total Time": 1038.645, "Actual Rows": 2003, "Actual Loops": 1, "Group By Key": ["public.lineitem.l_partkey"], "Plans": [{"Node Type": "Nested Loop", "Parent Relationship": "Outer", "Join Type": "Inner", "Startup Cost": 4.28, "Total Cost": 128737.27, "Plan Rows": 11032, "Plan Width": 16, "Actual Startup Time": 0.43, "Actual Total Time": 997.069, "Actual Rows": 60021, "Actual Loops": 1, "Inner Unique": false, "Plans": [{"Node Type": "Seq Scan", "Parent Relationship": "Outer", "Relation Name": "part", "Alias": "part", "Startup Cost": 0.0, "Total Cost": 71944.0, "Plan Rows": 2001, "Plan Width": 8, "Actual Startup Time": 0.313, "Actual Total Time": 785.123, "Actual Rows": 2003, "Actual Loops": 1, "Filter": "((p_brand = 'Brand#44'::bpchar) AND (p_container = 'WRAP PKG'::bpchar))", "Rows Removed by Filter": 1997997}, {"Node Type": "Bitmap Heap Scan", "Parent Relationship": "Inner", "Relation Name": "lineitem", "Alias": "lineitem", "Startup Cost": 4.28, "Total Cost": 28.32, "Plan Rows": 6, "Plan Width": 16, "Actual Startup Time": 37.436, "Actual Total Time": 194.053, "Actual Rows": 60021, "Actual Loops": 2003, "Recheck Cond": "(l_partkey = public.part.p_partkey)", "Rows Removed by Index Recheck": 0, "Exact Heap Blocks": 60018, "Lossy Heap Blocks": 60018, "Plans": [{"Node Type": "Bitmap Index Scan", "Parent Relationship": "Outer", "Index Name": "idx_lineitem_part_supp", "Startup Cost": 0.0, "Total Cost": 4.28, "Plan Rows": 6, "Plan Width": 0, "Actual Startup Time": 23.891, "Actual Total Time": 23.891, "Actual Rows": 60021, "Actual Loops": 2003, "Index Cond": "(l_partkey = public.part.p_partkey)"}]}]}]}]}]}]}, {"Node Type": "Bitmap Heap Scan", "Parent Relationship": "Inner", "Relation Name": "lineitem", "Alias": "lineitem", "Startup Cost": 4.22, "Total Cost": 28.29, "Plan Rows": 2, "Plan Width": 24, "Actual Startup Time": 89.451, "Actual Total Time": 204.392, "Actual Rows": 5403, "Actual Loops": 2003, "Recheck Cond": "(l_partkey = subquery.\"?column?\")", "Rows Removed by Index Recheck": 0, "Filter": "(l_quantity < (.2::double precision * subquery.\"?column?\"))", "Rows Removed by Filter": 54618, "Exact Heap Blocks": 60018, "Lossy Heap Blocks": 60018, "Plans": [{"Node Type": "Bitmap Index Scan", "Parent Relationship": "Outer", "Index Name": "idx_lineitem_part_supp", "Startup Cost": 0.0, "Total Cost": 4.22, "Plan Rows": 6, "Plan Width": 0, "Actual Startup Time": 24.425, "Actual Total Time": 24.425, "Actual Rows": 60021, "Actual Loops": 2003, "Index Cond": "(l_partkey = subquery.\"?column?\")"}]}]}]}, "Triggers": [], "Planner Runtime": 1.494, "Total Runtime": 2042.862, "Unique SQL Id": 1080450481}}, "(16, 71)": {"explain_plan": {"Plan": {"Node Type": "Aggregate", "Strategy": "Plain", "Startup Cost": 1001032279502.61, "Total Cost": 1001032279502.62, "Plan Rows": 1, "Plan Width": 16, "Plans": [{"Node Type": "Nested Loop", "Parent Relationship": "Outer", "Join Type": "Inner", "Startup Cost": 10000000004.74, "Total Cost": 1001032279500.6, "Plan Rows": 806, "Plan Width": 8, "Inner Unique": true, "Join Filter": "(public.lineitem.l_partkey = public.part.p_partkey)", "Plans": [{"Node Type": "Nested Loop", "Parent Relationship": "Outer", "Join Type": "Inner", "Startup Cost": 10000000004.48, "Total Cost": 1001032192561.0, "Plan Rows": 20274, "Plan Width": 24, "Inner Unique": false, "Plans": [{"Node Type": "Aggregate", "Strategy": "Sorted", "Parent Relationship": "Outer", "Startup Cost": 10000000000.26, "Total Cost": 1001031880124.59, "Plan Rows": 11032, "Plan Width": 80, "Group By Key": ["public.lineitem.l_partkey"], "Plans": [{"Node Type": "Nested Loop", "Parent Relationship": "Outer", "Join Type": "Semi", "Startup Cost": 10000000000.26, "Total Cost": 1001031879848.79, "Plan Rows": 11032, "Plan Width": 16, "Inner Unique": false, "Plans": [{"Node Type": "Index Scan", "Parent Relationship": "Outer", "Scan Direction": "Forward", "Index Name": "idx_lineitem_part_supp", "Relation Name": "lineitem", "Alias": "lineitem", "Startup Cost": 10000000000.0, "Total Cost": 1000775391319.64, "Plan Rows": 59987033, "Plan Width": 16}, {"Node Type": "Bitmap Heap Scan", "Parent Relationship": "Inner", "Relation Name": "part", "Alias": "part", "Startup Cost": 0.26, "Total Cost": 4.28, "Plan Rows": 1, "Plan Width": 8, "Recheck Cond": "(p_partkey = public.lineitem.l_partkey)", "Filter": "((p_brand = 'Brand#44'::bpchar) AND (p_container = 'WRAP PKG'::bpchar))", "Plans": [{"Node Type": "Bitmap Index Scan", "Parent Relationship": "Outer", "Index Name": "part_kpey", "Startup Cost": 0.0, "Total Cost": 0.26, "Plan Rows": 1, "Plan Width": 0, "Index Cond": "(p_partkey = public.lineitem.l_partkey)"}]}]}]}, {"Node Type": "Bitmap Heap Scan", "Parent Relationship": "Inner", "Relation Name": "lineitem", "Alias": "lineitem", "Startup Cost": 4.22, "Total Cost": 28.29, "Plan Rows": 2, "Plan Width": 24, "Recheck Cond": "(l_partkey = public.lineitem.l_partkey)", "Filter": "(l_quantity < (.2::double precision * (avg(public.lineitem.l_quantity))))", "Plans": [{"Node Type": "Bitmap Index Scan", "Parent Relationship": "Outer", "Index Name": "idx_lineitem_part_supp", "Startup Cost": 0.0, "Total Cost": 4.22, "Plan Rows": 6, "Plan Width": 0, "Index Cond": "(l_partkey = public.lineitem.l_partkey)"}]}]}, {"Node Type": "Bitmap Heap Scan", "Parent Relationship": "Inner", "Relation Name": "part", "Alias": "part", "Startup Cost": 0.26, "Total Cost": 4.28, "Plan Rows": 1, "Plan Width": 8, "Recheck Cond": "(p_partkey = public.lineitem.l_partkey)", "Filter": "((p_brand = 'Brand#44'::bpchar) AND (p_container = 'WRAP PKG'::bpchar))", "Plans": [{"Node Type": "Bitmap Index Scan", "Parent Relationship": "Outer", "Index Name": "part_kpey", "Startup Cost": 0.0, "Total Cost": 0.26, "Plan Rows": 1, "Plan Width": 0, "Index Cond": "(p_partkey = public.lineitem.l_partkey)"}]}]}]}, "Unique SQL Id": 1080450481}, "explain_analyze_plan": null}, "(16, 72)": {"explain_plan": {"Plan": {"Node Type": "Aggregate", "Strategy": "Plain", "Startup Cost": 208324.62, "Total Cost": 208324.63, "Plan Rows": 1, "Plan Width": 16, "Plans": [{"Node Type": "Nested Loop", "Parent Relationship": "Outer", "Join Type": "Inner", "Startup Cost": 128691.05, "Total Cost": 208322.6, "Plan Rows": 806, "Plan Width": 8, "Inner Unique": false, "Plans": [{"Node Type": "Nested Loop", "Parent Relationship": "Outer", "Join Type": "Inner", "Startup Cost": 128691.05, "Total Cost": 196146.55, "Plan Rows": 438, "Plan Width": 24, "Inner Unique": true, "Plans": [{"Node Type": "Aggregate", "Strategy": "Hashed", "Parent Relationship": "Outer", "Startup Cost": 128691.05, "Total Cost": 128884.11, "Plan Rows": 11032, "Plan Width": 16, "Group By Key": ["public.lineitem.l_partkey"], "Plans": [{"Node Type": "Nested Loop", "Parent Relationship": "Outer", "Join Type": "Inner", "Startup Cost": 0.0, "Total Cost": 128608.31, "Plan Rows": 11032, "Plan Width": 16, "Inner Unique": false, "Plans": [{"Node Type": "Seq Scan", "Parent Relationship": "Outer", "Relation Name": "part", "Alias": "part", "Startup Cost": 0.0, "Total Cost": 71944.0, "Plan Rows": 2001, "Plan Width": 8, "Filter": "((p_brand = 'Brand#44'::bpchar) AND (p_container = 'WRAP PKG'::bpchar))"}, {"Node Type": "Index Scan", "Parent Relationship": "Inner", "Scan Direction": "Forward", "Index Name": "idx_lineitem_part_supp", "Relation Name": "lineitem", "Alias": "lineitem", "Startup Cost": 0.0, "Total Cost": 28.26, "Plan Rows": 6, "Plan Width": 16, "Index Cond": "(l_partkey = public.part.p_partkey)"}]}]}, {"Node Type": "Index Scan", "Parent Relationship": "Inner", "Scan Direction": "Forward", "Index Name": "part_kpey", "Relation Name": "part", "Alias": "part", "Startup Cost": 0.0, "Total Cost": 6.08, "Plan Rows": 1, "Plan Width": 8, "Index Cond": "(p_partkey = public.lineitem.l_partkey)", "Filter": "((p_brand = 'Brand#44'::bpchar) AND (p_container = 'WRAP PKG'::bpchar))"}]}, {"Node Type": "Index Scan", "Parent Relationship": "Inner", "Scan Direction": "Forward", "Index Name": "idx_lineitem_part_supp", "Relation Name": "lineitem", "Alias": "lineitem", "Startup Cost": 0.0, "Total Cost": 27.78, "Plan Rows": 2, "Plan Width": 24, "Index Cond": "(l_partkey = public.lineitem.l_partkey)", "Filter": "(l_quantity < (.2::double precision * (avg(public.lineitem.l_quantity))))"}]}]}, "Unique SQL Id": 1080450481}, "explain_analyze_plan": {"Plan": {"Node Type": "Aggregate", "Strategy": "Plain", "Startup Cost": 208324.62, "Total Cost": 208324.63, "Plan Rows": 1, "Plan Width": 16, "Actual Startup Time": 1198.059, "Actual Total Time": 1198.06, "Actual Rows": 1, "Actual Loops": 1, "Plans": [{"Node Type": "Nested Loop", "Parent Relationship": "Outer", "Join Type": "Inner", "Startup Cost": 128691.05, "Total Cost": 208322.6, "Plan Rows": 806, "Plan Width": 8, "Actual Startup Time": 1016.325, "Actual Total Time": 1197.018, "Actual Rows": 5403, "Actual Loops": 1, "Inner Unique": false, "Plans": [{"Node Type": "Nested Loop", "Parent Relationship": "Outer", "Join Type": "Inner", "Startup Cost": 128691.05, "Total Cost": 196146.55, "Plan Rows": 438, "Plan Width": 24, "Actual Startup Time": 1016.297, "Actual Total Time": 1034.231, "Actual Rows": 2003, "Actual Loops": 1, "Inner Unique": true, "Plans": [{"Node Type": "Aggregate", "Strategy": "Hashed", "Parent Relationship": "Outer", "Startup Cost": 128691.05, "Total Cost": 128884.11, "Plan Rows": 11032, "Plan Width": 16, "Actual Startup Time": 1016.266, "Actual Total Time": 1017.905, "Actual Rows": 2003, "Actual Loops": 1, "Group By Key": ["public.lineitem.l_partkey"], "Plans": [{"Node Type": "Nested Loop", "Parent Relationship": "Outer", "Join Type": "Inner", "Startup Cost": 0.0, "Total Cost": 128608.31, "Plan Rows": 11032, "Plan Width": 16, "Actual Startup Time": 0.361, "Actual Total Time": 975.259, "Actual Rows": 60021, "Actual Loops": 1, "Inner Unique": false, "Plans": [{"Node Type": "Seq Scan", "Parent Relationship": "Outer", "Relation Name": "part", "Alias": "part", "Startup Cost": 0.0, "Total Cost": 71944.0, "Plan Rows": 2001, "Plan Width": 8, "Actual Startup Time": 0.34, "Actual Total Time": 786.254, "Actual Rows": 2003, "Actual Loops": 1, "Filter": "((p_brand = 'Brand#44'::bpchar) AND (p_container = 'WRAP PKG'::bpchar))", "Rows Removed by Filter": 1997997}, {"Node Type": "Index Scan", "Parent Relationship": "Inner", "Scan Direction": "Forward", "Index Name": "idx_lineitem_part_supp", "Relation Name": "lineitem", "Alias": "lineitem", "Startup Cost": 0.0, "Total Cost": 28.26, "Plan Rows": 6, "Plan Width": 16, "Actual Startup Time": 25.976, "Actual Total Time": 174.503, "Actual Rows": 60021, "Actual Loops": 2003, "Index Cond": "(l_partkey = public.part.p_partkey)", "Rows Removed by Index Recheck": 0}]}]}, {"Node Type": "Index Scan", "Parent Relationship": "Inner", "Scan Direction": "Forward", "Index Name": "part_kpey", "Relation Name": "part", "Alias": "part", "Startup Cost": 0.0, "Total Cost": 6.08, "Plan Rows": 1, "Plan Width": 8, "Actual Startup Time": 14.697, "Actual Total Time": 14.697, "Actual Rows": 2003, "Actual Loops": 2003, "Index Cond": "(p_partkey = public.lineitem.l_partkey)", "Rows Removed by Index Recheck": 0, "Filter": "((p_brand = 'Brand#44'::bpchar) AND (p_container = 'WRAP PKG'::bpchar))", "Rows Removed by Filter": 0}]}, {"Node Type": "Index Scan", "Parent Relationship": "Inner", "Scan Direction": "Forward", "Index Name": "idx_lineitem_part_supp", "Relation Name": "lineitem", "Alias": "lineitem", "Startup Cost": 0.0, "Total Cost": 27.78, "Plan Rows": 2, "Plan Width": 24, "Actual Startup Time": 65.051, "Actual Total Time": 160.425, "Actual Rows": 5403, "Actual Loops": 2003, "Index Cond": "(l_partkey = public.lineitem.l_partkey)", "Rows Removed by Index Recheck": 0, "Filter": "(l_quantity < (.2::double precision * (avg(public.lineitem.l_quantity))))", "Rows Removed by Filter": 54618}]}]}, "Triggers": [], "Planner Runtime": 1.534, "Total Runtime": 1198.321, "Unique SQL Id": 1080450481}}, "(16, 73)": {"explain_plan": {"Plan": {"Node Type": "Aggregate", "Strategy": "Plain", "Startup Cost": 247183.87, "Total Cost": 247183.88, "Plan Rows": 1, "Plan Width": 16, "Plans": [{"Node Type": "Nested Loop", "Parent Relationship": "Outer", "Join Type": "Inner", "Startup Cost": 0.0, "Total Cost": 247181.85, "Plan Rows": 806, "Plan Width": 8, "Inner Unique": false, "Plans": [{"Node Type": "Nested Loop", "Parent Relationship": "Outer", "Join Type": "Inner", "Startup Cost": 0.0, "Total Cost": 235005.8, "Plan Rows": 438, "Plan Width": 24, "Inner Unique": true, "Plans": [{"Node Type": "Aggregate", "Strategy": "Sorted", "Parent Relationship": "Outer", "Startup Cost": 0.0, "Total Cost": 167743.36, "Plan Rows": 11032, "Plan Width": 80, "Group By Key": ["public.lineitem.l_partkey"], "Plans": [{"Node Type": "Nested Loop", "Parent Relationship": "Outer", "Join Type": "Inner", "Startup Cost": 0.0, "Total Cost": 167467.56, "Plan Rows": 11032, "Plan Width": 16, "Inner Unique": false, "Plans": [{"Node Type": "Index Scan", "Parent Relationship": "Outer", "Scan Direction": "Forward", "Index Name": "part_kpey", "Relation Name": "part", "Alias": "part", "Startup Cost": 0.0, "Total Cost": 110803.25, "Plan Rows": 2001, "Plan Width": 8, "Filter": "((p_brand = 'Brand#44'::bpchar) AND (p_container = 'WRAP PKG'::bpchar))"}, {"Node Type": "Index Scan", "Parent Relationship": "Inner", "Scan Direction": "Forward", "Index Name": "idx_lineitem_part_supp", "Relation Name": "lineitem", "Alias": "lineitem", "Startup Cost": 0.0, "Total Cost": 28.26, "Plan Rows": 6, "Plan Width": 16, "Index Cond": "(l_partkey = public.part.p_partkey)"}]}]}, {"Node Type": "Index Scan", "Parent Relationship": "Inner", "Scan Direction": "Forward", "Index Name": "part_kpey", "Relation Name": "part", "Alias": "part", "Startup Cost": 0.0, "Total Cost": 6.08, "Plan Rows": 1, "Plan Width": 8, "Index Cond": "(p_partkey = public.lineitem.l_partkey)", "Filter": "((p_brand = 'Brand#44'::bpchar) AND (p_container = 'WRAP PKG'::bpchar))"}]}, {"Node Type": "Index Scan", "Parent Relationship": "Inner", "Scan Direction": "Forward", "Index Name": "idx_lineitem_part_supp", "Relation Name": "lineitem", "Alias": "lineitem", "Startup Cost": 0.0, "Total Cost": 27.78, "Plan Rows": 2, "Plan Width": 24, "Index Cond": "(l_partkey = public.lineitem.l_partkey)", "Filter": "(l_quantity < (.2::double precision * (avg(public.lineitem.l_quantity))))"}]}]}, "Unique SQL Id": 1080450481}, "explain_analyze_plan": {"Plan": {"Node Type": "Aggregate", "Strategy": "Plain", "Startup Cost": 247183.87, "Total Cost": 247183.88, "Plan Rows": 1, "Plan Width": 16, "Actual Startup Time": 1672.251, "Actual Total Time": 1672.251, "Actual Rows": 1, "Actual Loops": 1, "Plans": [{"Node Type": "Nested Loop", "Parent Relationship": "Outer", "Join Type": "Inner", "Startup Cost": 0.0, "Total Cost": 247181.85, "Plan Rows": 806, "Plan Width": 8, "Actual Startup Time": 1.789, "Actual Total Time": 1671.055, "Actual Rows": 5403, "Actual Loops": 1, "Inner Unique": false, "Plans": [{"Node Type": "Nested Loop", "Parent Relationship": "Outer", "Join Type": "Inner", "Startup Cost": 0.0, "Total Cost": 235005.8, "Plan Rows": 438, "Plan Width": 24, "Actual Startup Time": 1.749, "Actual Total Time": 1591.323, "Actual Rows": 2003, "Actual Loops": 1, "Inner Unique": true, "Plans": [{"Node Type": "Aggregate", "Strategy": "Sorted", "Parent Relationship": "Outer", "Startup Cost": 0.0, "Total Cost": 167743.36, "Plan Rows": 11032, "Plan Width": 80, "Actual Startup Time": 1.737, "Actual Total Time": 1579.292, "Actual Rows": 2003, "Actual Loops": 1, "Group By Key": ["public.lineitem.l_partkey"], "Plans": [{"Node Type": "Nested Loop", "Parent Relationship": "Outer", "Join Type": "Inner", "Startup Cost": 0.0, "Total Cost": 167467.56, "Plan Rows": 11032, "Plan Width": 16, "Actual Startup Time": 0.583, "Actual Total Time": 1545.893, "Actual Rows": 60021, "Actual Loops": 1, "Inner Unique": false, "Plans": [{"Node Type": "Index Scan", "Parent Relationship": "Outer", "Scan Direction": "Forward", "Index Name": "part_kpey", "Relation Name": "part", "Alias": "part", "Startup Cost": 0.0, "Total Cost": 110803.25, "Plan Rows": 2001, "Plan Width": 8, "Actual Startup Time": 0.567, "Actual Total Time": 1351.997, "Actual Rows": 2003, "Actual Loops": 1, "Filter": "((p_brand = 'Brand#44'::bpchar) AND (p_container = 'WRAP PKG'::bpchar))", "Rows Removed by Filter": 1997997}, {"Node Type": "Index Scan", "Parent Relationship": "Inner", "Scan Direction": "Forward", "Index Name": "idx_lineitem_part_supp", "Relation Name": "lineitem", "Alias": "lineitem", "Startup Cost": 0.0, "Total Cost": 28.26, "Plan Rows": 6, "Plan Width": 16, "Actual Startup Time": 26.124, "Actual Total Time": 178.211, "Actual Rows": 60021, "Actual Loops": 2003, "Index Cond": "(l_partkey = public.part.p_partkey)", "Rows Removed by Index Recheck": 0}]}]}, {"Node Type": "Index Scan", "Parent Relationship": "Inner", "Scan Direction": "Forward", "Index Name": "part_kpey", "Relation Name": "part", "Alias": "part", "Startup Cost": 0.0, "Total Cost": 6.08, "Plan Rows": 1, "Plan Width": 8, "Actual Startup Time": 9.363, "Actual Total Time": 9.363, "Actual Rows": 2003, "Actual Loops": 2003, "Index Cond": "(p_partkey = public.lineitem.l_partkey)", "Rows Removed by Index Recheck": 0, "Filter": "((p_brand = 'Brand#44'::bpchar) AND (p_container = 'WRAP PKG'::bpchar))", "Rows Removed by Filter": 0}]}, {"Node Type": "Index Scan", "Parent Relationship": "Inner", "Scan Direction": "Forward", "Index Name": "idx_lineitem_part_supp", "Relation Name": "lineitem", "Alias": "lineitem", "Startup Cost": 0.0, "Total Cost": 27.78, "Plan Rows": 2, "Plan Width": 24, "Actual Startup Time": 33.256, "Actual Total Time": 76.813, "Actual Rows": 5403, "Actual Loops": 2003, "Index Cond": "(l_partkey = public.lineitem.l_partkey)", "Rows Removed by Index Recheck": 0, "Filter": "(l_quantity < (.2::double precision * (avg(public.lineitem.l_quantity))))", "Rows Removed by Filter": 54618}]}]}, "Triggers": [], "Planner Runtime": 1.448, "Total Runtime": 1672.5, "Unique SQL Id": 1080450481}}, "(16, 74)": {"explain_plan": {"Plan": {"Node Type": "Aggregate", "Strategy": "Plain", "Startup Cost": 4549973.98, "Total Cost": 4549974.0, "Plan Rows": 1, "Plan Width": 16, "Plans": [{"Node Type": "Hash Join", "Parent Relationship": "Outer", "Join Type": "Inner", "Startup Cost": 2309655.28, "Total Cost": 4549971.97, "Plan Rows": 806, "Plan Width": 8, "Inner Unique": true, "Hash Cond": "(public.part.p_partkey = subquery.\"?column?\")", "Join Filter": "(public.lineitem.l_quantity < (.2::double precision * subquery.\"?column?\"))", "Plans": [{"Node Type": "Hash Join", "Parent Relationship": "Outer", "Join Type": "Inner", "Startup Cost": 71969.01, "Total Cost": 2312146.04, "Plan Rows": 11032, "Plan Width": 32, "Inner Unique": true, "Hash Cond": "(public.lineitem.l_partkey = public.part.p_partkey)", "Plans": [{"Node Type": "Seq Scan", "Parent Relationship": "Outer", "Relation Name": "lineitem", "Alias": "lineitem", "Startup Cost": 0.0, "Total Cost": 2015115.33, "Plan Rows": 59987033, "Plan Width": 24}, {"Node Type": "Hash", "Parent Relationship": "Inner", "Startup Cost": 71944.0, "Total Cost": 71944.0, "Plan Rows": 2001, "Plan Width": 8, "Plans": [{"Node Type": "Seq Scan", "Parent Relationship": "Outer", "Relation Name": "part", "Alias": "part", "Startup Cost": 0.0, "Total Cost": 71944.0, "Plan Rows": 2001, "Plan Width": 8, "Filter": "((p_brand = 'Brand#44'::bpchar) AND (p_container = 'WRAP PKG'::bpchar))"}]}]}, {"Node Type": "Hash", "Parent Relationship": "Inner", "Startup Cost": 2237548.37, "Total Cost": 2237548.37, "Plan Rows": 11032, "Plan Width": 16, "Plans": [{"Node Type": "Subquery Scan", "Parent Relationship": "Outer", "Alias": "subquery", "Startup Cost": 2237244.99, "Total Cost": 2237548.37, "Plan Rows": 11032, "Plan Width": 16, "Plans": [{"Node Type": "Aggregate", "Strategy": "Hashed", "Parent Relationship": "Subquery", "Startup Cost": 2237244.99, "Total Cost": 2237438.05, "Plan Rows": 11032, "Plan Width": 16, "Group By Key": ["public.lineitem.l_partkey"], "Plans": [{"Node Type": "Hash Join", "Parent Relationship": "Outer", "Join Type": "Inner", "Startup Cost": 71969.01, "Total Cost": 2237162.25, "Plan Rows": 11032, "Plan Width": 16, "Inner Unique": true, "Hash Cond": "(public.lineitem.l_partkey = public.part.p_partkey)", "Plans": [{"Node Type": "Seq Scan", "Parent Relationship": "Outer", "Relation Name": "lineitem", "Alias": "lineitem", "Startup Cost": 0.0, "Total Cost": 2015115.33, "Plan Rows": 59987033, "Plan Width": 16}, {"Node Type": "Hash", "Parent Relationship": "Inner", "Startup Cost": 71944.0, "Total Cost": 71944.0, "Plan Rows": 2001, "Plan Width": 8, "Plans": [{"Node Type": "Seq Scan", "Parent Relationship": "Outer", "Relation Name": "part", "Alias": "part", "Startup Cost": 0.0, "Total Cost": 71944.0, "Plan Rows": 2001, "Plan Width": 8, "Filter": "((p_brand = 'Brand#44'::bpchar) AND (p_container = 'WRAP PKG'::bpchar))"}]}]}]}]}]}]}]}, "Unique SQL Id": 1080450481}, "explain_analyze_plan": null}, "(16, 75)": {"explain_plan": {"Plan": {"Node Type": "Aggregate", "Strategy": "Plain", "Startup Cost": 4001573244062.54, "Total Cost": 4001573244062.55, "Plan Rows": 1, "Plan Width": 16, "Plans": [{"Node Type": "Merge Join", "Parent Relationship": "Outer", "Join Type": "Inner", "Startup Cost": 40000000000.0, "Total Cost": 4001573244060.52, "Plan Rows": 806, "Plan Width": 8, "Inner Unique": true, "Merge Cond": "(public.part.p_partkey = public.lineitem.l_partkey)", "Join Filter": "(public.lineitem.l_quantity < (.2::double precision * (avg(public.lineitem.l_quantity))))", "Plans": [{"Node Type": "Merge Join", "Parent Relationship": "Outer", "Join Type": "Inner", "Startup Cost": 20000000000.0, "Total Cost": 2000786621777.7, "Plan Rows": 11032, "Plan Width": 32, "Inner Unique": true, "Merge Cond": "(public.lineitem.l_partkey = public.part.p_partkey)", "Plans": [{"Node Type": "Index Scan", "Parent Relationship": "Outer", "Scan Direction": "Forward", "Index Name": "idx_lineitem_part_supp", "Relation Name": "lineitem", "Alias": "lineitem", "Startup Cost": 10000000000.0, "Total Cost": 1000775391319.64, "Plan Rows": 59987033, "Plan Width": 24}, {"Node Type": "Materialize", "Parent Relationship": "Inner", "Startup Cost": 10000000000.0, "Total Cost": 1000011080330.0, "Plan Rows": 2001, "Plan Width": 8, "Plans": [{"Node Type": "Index Scan", "Parent Relationship": "Outer", "Scan Direction": "Forward", "Index Name": "part_kpey", "Relation Name": "part", "Alias": "part", "Startup Cost": 10000000000.0, "Total Cost": 1000011080325.0, "Plan Rows": 2001, "Plan Width": 8, "Filter": "((p_brand = 'Brand#44'::bpchar) AND (p_container = 'WRAP PKG'::bpchar))"}]}]}, {"Node Type": "Materialize", "Parent Relationship": "Inner", "Startup Cost": 20000000000.0, "Total Cost": 2000786622191.4, "Plan Rows": 11032, "Plan Width": 16, "Plans": [{"Node Type": "Aggregate", "Strategy": "Sorted", "Parent Relationship": "Outer", "Startup Cost": 20000000000.0, "Total Cost": 2000786622053.5, "Plan Rows": 11032, "Plan Width": 80, "Group By Key": ["public.lineitem.l_partkey"], "Plans": [{"Node Type": "Merge Join", "Parent Relationship": "Outer", "Join Type": "Semi", "Startup Cost": 20000000000.0, "Total Cost": 2000786621777.7, "Plan Rows": 11032, "Plan Width": 16, "Inner Unique": false, "Merge Cond": "(public.lineitem.l_partkey = public.part.p_partkey)", "Plans": [{"Node Type": "Index Scan", "Parent Relationship": "Outer", "Scan Direction": "Forward", "Index Name": "idx_lineitem_part_supp", "Relation Name": "lineitem", "Alias": "lineitem", "Startup Cost": 10000000000.0, "Total Cost": 1000775391319.64, "Plan Rows": 59987033, "Plan Width": 16}, {"Node Type": "Materialize", "Parent Relationship": "Inner", "Startup Cost": 10000000000.0, "Total Cost": 1000011080330.0, "Plan Rows": 2001, "Plan Width": 8, "Plans": [{"Node Type": "Index Scan", "Parent Relationship": "Outer", "Scan Direction": "Forward", "Index Name": "part_kpey", "Relation Name": "part", "Alias": "part", "Startup Cost": 10000000000.0, "Total Cost": 1000011080325.0, "Plan Rows": 2001, "Plan Width": 8, "Filter": "((p_brand = 'Brand#44'::bpchar) AND (p_container = 'WRAP PKG'::bpchar))"}]}]}]}]}]}]}, "Unique SQL Id": 1080450481}, "explain_analyze_plan": null}, "(16, 76)": {"explain_plan": {"Plan": {"Node Type": "Aggregate", "Strategy": "Plain", "Startup Cost": 208324.62, "Total Cost": 208324.63, "Plan Rows": 1, "Plan Width": 16, "Plans": [{"Node Type": "Nested Loop", "Parent Relationship": "Outer", "Join Type": "Inner", "Startup Cost": 128691.05, "Total Cost": 208322.6, "Plan Rows": 806, "Plan Width": 8, "Inner Unique": false, "Plans": [{"Node Type": "Nested Loop", "Parent Relationship": "Outer", "Join Type": "Inner", "Startup Cost": 128691.05, "Total Cost": 196146.55, "Plan Rows": 438, "Plan Width": 24, "Inner Unique": true, "Plans": [{"Node Type": "Aggregate", "Strategy": "Hashed", "Parent Relationship": "Outer", "Startup Cost": 128691.05, "Total Cost": 128884.11, "Plan Rows": 11032, "Plan Width": 16, "Group By Key": ["public.lineitem.l_partkey"], "Plans": [{"Node Type": "Nested Loop", "Parent Relationship": "Outer", "Join Type": "Inner", "Startup Cost": 0.0, "Total Cost": 128608.31, "Plan Rows": 11032, "Plan Width": 16, "Inner Unique": false, "Plans": [{"Node Type": "Seq Scan", "Parent Relationship": "Outer", "Relation Name": "part", "Alias": "part", "Startup Cost": 0.0, "Total Cost": 71944.0, "Plan Rows": 2001, "Plan Width": 8, "Filter": "((p_brand = 'Brand#44'::bpchar) AND (p_container = 'WRAP PKG'::bpchar))"}, {"Node Type": "Index Scan", "Parent Relationship": "Inner", "Scan Direction": "Forward", "Index Name": "idx_lineitem_part_supp", "Relation Name": "lineitem", "Alias": "lineitem", "Startup Cost": 0.0, "Total Cost": 28.26, "Plan Rows": 6, "Plan Width": 16, "Index Cond": "(l_partkey = public.part.p_partkey)"}]}]}, {"Node Type": "Index Scan", "Parent Relationship": "Inner", "Scan Direction": "Forward", "Index Name": "part_kpey", "Relation Name": "part", "Alias": "part", "Startup Cost": 0.0, "Total Cost": 6.08, "Plan Rows": 1, "Plan Width": 8, "Index Cond": "(p_partkey = public.lineitem.l_partkey)", "Filter": "((p_brand = 'Brand#44'::bpchar) AND (p_container = 'WRAP PKG'::bpchar))"}]}, {"Node Type": "Index Scan", "Parent Relationship": "Inner", "Scan Direction": "Forward", "Index Name": "idx_lineitem_part_supp", "Relation Name": "lineitem", "Alias": "lineitem", "Startup Cost": 0.0, "Total Cost": 27.78, "Plan Rows": 2, "Plan Width": 24, "Index Cond": "(l_partkey = public.lineitem.l_partkey)", "Filter": "(l_quantity < (.2::double precision * (avg(public.lineitem.l_quantity))))"}]}]}, "Unique SQL Id": 1080450481}, "explain_analyze_plan": {"Plan": {"Node Type": "Aggregate", "Strategy": "Plain", "Startup Cost": 208324.62, "Total Cost": 208324.63, "Plan Rows": 1, "Plan Width": 16, "Actual Startup Time": 1198.059, "Actual Total Time": 1198.06, "Actual Rows": 1, "Actual Loops": 1, "Plans": [{"Node Type": "Nested Loop", "Parent Relationship": "Outer", "Join Type": "Inner", "Startup Cost": 128691.05, "Total Cost": 208322.6, "Plan Rows": 806, "Plan Width": 8, "Actual Startup Time": 1016.325, "Actual Total Time": 1197.018, "Actual Rows": 5403, "Actual Loops": 1, "Inner Unique": false, "Plans": [{"Node Type": "Nested Loop", "Parent Relationship": "Outer", "Join Type": "Inner", "Startup Cost": 128691.05, "Total Cost": 196146.55, "Plan Rows": 438, "Plan Width": 24, "Actual Startup Time": 1016.297, "Actual Total Time": 1034.231, "Actual Rows": 2003, "Actual Loops": 1, "Inner Unique": true, "Plans": [{"Node Type": "Aggregate", "Strategy": "Hashed", "Parent Relationship": "Outer", "Startup Cost": 128691.05, "Total Cost": 128884.11, "Plan Rows": 11032, "Plan Width": 16, "Actual Startup Time": 1016.266, "Actual Total Time": 1017.905, "Actual Rows": 2003, "Actual Loops": 1, "Group By Key": ["public.lineitem.l_partkey"], "Plans": [{"Node Type": "Nested Loop", "Parent Relationship": "Outer", "Join Type": "Inner", "Startup Cost": 0.0, "Total Cost": 128608.31, "Plan Rows": 11032, "Plan Width": 16, "Actual Startup Time": 0.361, "Actual Total Time": 975.259, "Actual Rows": 60021, "Actual Loops": 1, "Inner Unique": false, "Plans": [{"Node Type": "Seq Scan", "Parent Relationship": "Outer", "Relation Name": "part", "Alias": "part", "Startup Cost": 0.0, "Total Cost": 71944.0, "Plan Rows": 2001, "Plan Width": 8, "Actual Startup Time": 0.34, "Actual Total Time": 786.254, "Actual Rows": 2003, "Actual Loops": 1, "Filter": "((p_brand = 'Brand#44'::bpchar) AND (p_container = 'WRAP PKG'::bpchar))", "Rows Removed by Filter": 1997997}, {"Node Type": "Index Scan", "Parent Relationship": "Inner", "Scan Direction": "Forward", "Index Name": "idx_lineitem_part_supp", "Relation Name": "lineitem", "Alias": "lineitem", "Startup Cost": 0.0, "Total Cost": 28.26, "Plan Rows": 6, "Plan Width": 16, "Actual Startup Time": 25.976, "Actual Total Time": 174.503, "Actual Rows": 60021, "Actual Loops": 2003, "Index Cond": "(l_partkey = public.part.p_partkey)", "Rows Removed by Index Recheck": 0}]}]}, {"Node Type": "Index Scan", "Parent Relationship": "Inner", "Scan Direction": "Forward", "Index Name": "part_kpey", "Relation Name": "part", "Alias": "part", "Startup Cost": 0.0, "Total Cost": 6.08, "Plan Rows": 1, "Plan Width": 8, "Actual Startup Time": 14.697, "Actual Total Time": 14.697, "Actual Rows": 2003, "Actual Loops": 2003, "Index Cond": "(p_partkey = public.lineitem.l_partkey)", "Rows Removed by Index Recheck": 0, "Filter": "((p_brand = 'Brand#44'::bpchar) AND (p_container = 'WRAP PKG'::bpchar))", "Rows Removed by Filter": 0}]}, {"Node Type": "Index Scan", "Parent Relationship": "Inner", "Scan Direction": "Forward", "Index Name": "idx_lineitem_part_supp", "Relation Name": "lineitem", "Alias": "lineitem", "Startup Cost": 0.0, "Total Cost": 27.78, "Plan Rows": 2, "Plan Width": 24, "Actual Startup Time": 65.051, "Actual Total Time": 160.425, "Actual Rows": 5403, "Actual Loops": 2003, "Index Cond": "(l_partkey = public.lineitem.l_partkey)", "Rows Removed by Index Recheck": 0, "Filter": "(l_quantity < (.2::double precision * (avg(public.lineitem.l_quantity))))", "Rows Removed by Filter": 54618}]}]}, "Triggers": [], "Planner Runtime": 1.534, "Total Runtime": 1198.321, "Unique SQL Id": 1080450481}}, "(16, 77)": {"explain_plan": {"Plan": {"Node Type": "Aggregate", "Strategy": "Plain", "Startup Cost": 247183.87, "Total Cost": 247183.88, "Plan Rows": 1, "Plan Width": 16, "Plans": [{"Node Type": "Nested Loop", "Parent Relationship": "Outer", "Join Type": "Inner", "Startup Cost": 0.0, "Total Cost": 247181.85, "Plan Rows": 806, "Plan Width": 8, "Inner Unique": false, "Plans": [{"Node Type": "Nested Loop", "Parent Relationship": "Outer", "Join Type": "Inner", "Startup Cost": 0.0, "Total Cost": 235005.8, "Plan Rows": 438, "Plan Width": 24, "Inner Unique": true, "Plans": [{"Node Type": "Aggregate", "Strategy": "Sorted", "Parent Relationship": "Outer", "Startup Cost": 0.0, "Total Cost": 167743.36, "Plan Rows": 11032, "Plan Width": 80, "Group By Key": ["public.lineitem.l_partkey"], "Plans": [{"Node Type": "Nested Loop", "Parent Relationship": "Outer", "Join Type": "Inner", "Startup Cost": 0.0, "Total Cost": 167467.56, "Plan Rows": 11032, "Plan Width": 16, "Inner Unique": false, "Plans": [{"Node Type": "Index Scan", "Parent Relationship": "Outer", "Scan Direction": "Forward", "Index Name": "part_kpey", "Relation Name": "part", "Alias": "part", "Startup Cost": 0.0, "Total Cost": 110803.25, "Plan Rows": 2001, "Plan Width": 8, "Filter": "((p_brand = 'Brand#44'::bpchar) AND (p_container = 'WRAP PKG'::bpchar))"}, {"Node Type": "Index Scan", "Parent Relationship": "Inner", "Scan Direction": "Forward", "Index Name": "idx_lineitem_part_supp", "Relation Name": "lineitem", "Alias": "lineitem", "Startup Cost": 0.0, "Total Cost": 28.26, "Plan Rows": 6, "Plan Width": 16, "Index Cond": "(l_partkey = public.part.p_partkey)"}]}]}, {"Node Type": "Index Scan", "Parent Relationship": "Inner", "Scan Direction": "Forward", "Index Name": "part_kpey", "Relation Name": "part", "Alias": "part", "Startup Cost": 0.0, "Total Cost": 6.08, "Plan Rows": 1, "Plan Width": 8, "Index Cond": "(p_partkey = public.lineitem.l_partkey)", "Filter": "((p_brand = 'Brand#44'::bpchar) AND (p_container = 'WRAP PKG'::bpchar))"}]}, {"Node Type": "Index Scan", "Parent Relationship": "Inner", "Scan Direction": "Forward", "Index Name": "idx_lineitem_part_supp", "Relation Name": "lineitem", "Alias": "lineitem", "Startup Cost": 0.0, "Total Cost": 27.78, "Plan Rows": 2, "Plan Width": 24, "Index Cond": "(l_partkey = public.lineitem.l_partkey)", "Filter": "(l_quantity < (.2::double precision * (avg(public.lineitem.l_quantity))))"}]}]}, "Unique SQL Id": 1080450481}, "explain_analyze_plan": {"Plan": {"Node Type": "Aggregate", "Strategy": "Plain", "Startup Cost": 247183.87, "Total Cost": 247183.88, "Plan Rows": 1, "Plan Width": 16, "Actual Startup Time": 1672.251, "Actual Total Time": 1672.251, "Actual Rows": 1, "Actual Loops": 1, "Plans": [{"Node Type": "Nested Loop", "Parent Relationship": "Outer", "Join Type": "Inner", "Startup Cost": 0.0, "Total Cost": 247181.85, "Plan Rows": 806, "Plan Width": 8, "Actual Startup Time": 1.789, "Actual Total Time": 1671.055, "Actual Rows": 5403, "Actual Loops": 1, "Inner Unique": false, "Plans": [{"Node Type": "Nested Loop", "Parent Relationship": "Outer", "Join Type": "Inner", "Startup Cost": 0.0, "Total Cost": 235005.8, "Plan Rows": 438, "Plan Width": 24, "Actual Startup Time": 1.749, "Actual Total Time": 1591.323, "Actual Rows": 2003, "Actual Loops": 1, "Inner Unique": true, "Plans": [{"Node Type": "Aggregate", "Strategy": "Sorted", "Parent Relationship": "Outer", "Startup Cost": 0.0, "Total Cost": 167743.36, "Plan Rows": 11032, "Plan Width": 80, "Actual Startup Time": 1.737, "Actual Total Time": 1579.292, "Actual Rows": 2003, "Actual Loops": 1, "Group By Key": ["public.lineitem.l_partkey"], "Plans": [{"Node Type": "Nested Loop", "Parent Relationship": "Outer", "Join Type": "Inner", "Startup Cost": 0.0, "Total Cost": 167467.56, "Plan Rows": 11032, "Plan Width": 16, "Actual Startup Time": 0.583, "Actual Total Time": 1545.893, "Actual Rows": 60021, "Actual Loops": 1, "Inner Unique": false, "Plans": [{"Node Type": "Index Scan", "Parent Relationship": "Outer", "Scan Direction": "Forward", "Index Name": "part_kpey", "Relation Name": "part", "Alias": "part", "Startup Cost": 0.0, "Total Cost": 110803.25, "Plan Rows": 2001, "Plan Width": 8, "Actual Startup Time": 0.567, "Actual Total Time": 1351.997, "Actual Rows": 2003, "Actual Loops": 1, "Filter": "((p_brand = 'Brand#44'::bpchar) AND (p_container = 'WRAP PKG'::bpchar))", "Rows Removed by Filter": 1997997}, {"Node Type": "Index Scan", "Parent Relationship": "Inner", "Scan Direction": "Forward", "Index Name": "idx_lineitem_part_supp", "Relation Name": "lineitem", "Alias": "lineitem", "Startup Cost": 0.0, "Total Cost": 28.26, "Plan Rows": 6, "Plan Width": 16, "Actual Startup Time": 26.124, "Actual Total Time": 178.211, "Actual Rows": 60021, "Actual Loops": 2003, "Index Cond": "(l_partkey = public.part.p_partkey)", "Rows Removed by Index Recheck": 0}]}]}, {"Node Type": "Index Scan", "Parent Relationship": "Inner", "Scan Direction": "Forward", "Index Name": "part_kpey", "Relation Name": "part", "Alias": "part", "Startup Cost": 0.0, "Total Cost": 6.08, "Plan Rows": 1, "Plan Width": 8, "Actual Startup Time": 9.363, "Actual Total Time": 9.363, "Actual Rows": 2003, "Actual Loops": 2003, "Index Cond": "(p_partkey = public.lineitem.l_partkey)", "Rows Removed by Index Recheck": 0, "Filter": "((p_brand = 'Brand#44'::bpchar) AND (p_container = 'WRAP PKG'::bpchar))", "Rows Removed by Filter": 0}]}, {"Node Type": "Index Scan", "Parent Relationship": "Inner", "Scan Direction": "Forward", "Index Name": "idx_lineitem_part_supp", "Relation Name": "lineitem", "Alias": "lineitem", "Startup Cost": 0.0, "Total Cost": 27.78, "Plan Rows": 2, "Plan Width": 24, "Actual Startup Time": 33.256, "Actual Total Time": 76.813, "Actual Rows": 5403, "Actual Loops": 2003, "Index Cond": "(l_partkey = public.lineitem.l_partkey)", "Rows Removed by Index Recheck": 0, "Filter": "(l_quantity < (.2::double precision * (avg(public.lineitem.l_quantity))))", "Rows Removed by Filter": 54618}]}]}, "Triggers": [], "Planner Runtime": 1.448, "Total Runtime": 1672.5, "Unique SQL Id": 1080450481}}, "(16, 78)": {"explain_plan": {"Plan": {"Node Type": "Aggregate", "Strategy": "Plain", "Startup Cost": 4549973.98, "Total Cost": 4549974.0, "Plan Rows": 1, "Plan Width": 16, "Plans": [{"Node Type": "Hash Join", "Parent Relationship": "Outer", "Join Type": "Inner", "Startup Cost": 2309655.28, "Total Cost": 4549971.97, "Plan Rows": 806, "Plan Width": 8, "Inner Unique": true, "Hash Cond": "(public.part.p_partkey = subquery.\"?column?\")", "Join Filter": "(public.lineitem.l_quantity < (.2::double precision * subquery.\"?column?\"))", "Plans": [{"Node Type": "Hash Join", "Parent Relationship": "Outer", "Join Type": "Inner", "Startup Cost": 71969.01, "Total Cost": 2312146.04, "Plan Rows": 11032, "Plan Width": 32, "Inner Unique": true, "Hash Cond": "(public.lineitem.l_partkey = public.part.p_partkey)", "Plans": [{"Node Type": "Seq Scan", "Parent Relationship": "Outer", "Relation Name": "lineitem", "Alias": "lineitem", "Startup Cost": 0.0, "Total Cost": 2015115.33, "Plan Rows": 59987033, "Plan Width": 24}, {"Node Type": "Hash", "Parent Relationship": "Inner", "Startup Cost": 71944.0, "Total Cost": 71944.0, "Plan Rows": 2001, "Plan Width": 8, "Plans": [{"Node Type": "Seq Scan", "Parent Relationship": "Outer", "Relation Name": "part", "Alias": "part", "Startup Cost": 0.0, "Total Cost": 71944.0, "Plan Rows": 2001, "Plan Width": 8, "Filter": "((p_brand = 'Brand#44'::bpchar) AND (p_container = 'WRAP PKG'::bpchar))"}]}]}, {"Node Type": "Hash", "Parent Relationship": "Inner", "Startup Cost": 2237548.37, "Total Cost": 2237548.37, "Plan Rows": 11032, "Plan Width": 16, "Plans": [{"Node Type": "Subquery Scan", "Parent Relationship": "Outer", "Alias": "subquery", "Startup Cost": 2237244.99, "Total Cost": 2237548.37, "Plan Rows": 11032, "Plan Width": 16, "Plans": [{"Node Type": "Aggregate", "Strategy": "Hashed", "Parent Relationship": "Subquery", "Startup Cost": 2237244.99, "Total Cost": 2237438.05, "Plan Rows": 11032, "Plan Width": 16, "Group By Key": ["public.lineitem.l_partkey"], "Plans": [{"Node Type": "Hash Join", "Parent Relationship": "Outer", "Join Type": "Inner", "Startup Cost": 71969.01, "Total Cost": 2237162.25, "Plan Rows": 11032, "Plan Width": 16, "Inner Unique": true, "Hash Cond": "(public.lineitem.l_partkey = public.part.p_partkey)", "Plans": [{"Node Type": "Seq Scan", "Parent Relationship": "Outer", "Relation Name": "lineitem", "Alias": "lineitem", "Startup Cost": 0.0, "Total Cost": 2015115.33, "Plan Rows": 59987033, "Plan Width": 16}, {"Node Type": "Hash", "Parent Relationship": "Inner", "Startup Cost": 71944.0, "Total Cost": 71944.0, "Plan Rows": 2001, "Plan Width": 8, "Plans": [{"Node Type": "Seq Scan", "Parent Relationship": "Outer", "Relation Name": "part", "Alias": "part", "Startup Cost": 0.0, "Total Cost": 71944.0, "Plan Rows": 2001, "Plan Width": 8, "Filter": "((p_brand = 'Brand#44'::bpchar) AND (p_container = 'WRAP PKG'::bpchar))"}]}]}]}]}]}]}]}, "Unique SQL Id": 1080450481}, "explain_analyze_plan": null}, "(16, 79)": {"explain_plan": {"Plan": {"Node Type": "Aggregate", "Strategy": "Plain", "Startup Cost": 4001573244062.54, "Total Cost": 4001573244062.55, "Plan Rows": 1, "Plan Width": 16, "Plans": [{"Node Type": "Merge Join", "Parent Relationship": "Outer", "Join Type": "Inner", "Startup Cost": 40000000000.0, "Total Cost": 4001573244060.52, "Plan Rows": 806, "Plan Width": 8, "Inner Unique": true, "Merge Cond": "(public.part.p_partkey = public.lineitem.l_partkey)", "Join Filter": "(public.lineitem.l_quantity < (.2::double precision * (avg(public.lineitem.l_quantity))))", "Plans": [{"Node Type": "Merge Join", "Parent Relationship": "Outer", "Join Type": "Inner", "Startup Cost": 20000000000.0, "Total Cost": 2000786621777.7, "Plan Rows": 11032, "Plan Width": 32, "Inner Unique": true, "Merge Cond": "(public.lineitem.l_partkey = public.part.p_partkey)", "Plans": [{"Node Type": "Index Scan", "Parent Relationship": "Outer", "Scan Direction": "Forward", "Index Name": "idx_lineitem_part_supp", "Relation Name": "lineitem", "Alias": "lineitem", "Startup Cost": 10000000000.0, "Total Cost": 1000775391319.64, "Plan Rows": 59987033, "Plan Width": 24}, {"Node Type": "Materialize", "Parent Relationship": "Inner", "Startup Cost": 10000000000.0, "Total Cost": 1000011080330.0, "Plan Rows": 2001, "Plan Width": 8, "Plans": [{"Node Type": "Index Scan", "Parent Relationship": "Outer", "Scan Direction": "Forward", "Index Name": "part_kpey", "Relation Name": "part", "Alias": "part", "Startup Cost": 10000000000.0, "Total Cost": 1000011080325.0, "Plan Rows": 2001, "Plan Width": 8, "Filter": "((p_brand = 'Brand#44'::bpchar) AND (p_container = 'WRAP PKG'::bpchar))"}]}]}, {"Node Type": "Materialize", "Parent Relationship": "Inner", "Startup Cost": 20000000000.0, "Total Cost": 2000786622191.4, "Plan Rows": 11032, "Plan Width": 16, "Plans": [{"Node Type": "Aggregate", "Strategy": "Sorted", "Parent Relationship": "Outer", "Startup Cost": 20000000000.0, "Total Cost": 2000786622053.5, "Plan Rows": 11032, "Plan Width": 80, "Group By Key": ["public.lineitem.l_partkey"], "Plans": [{"Node Type": "Merge Join", "Parent Relationship": "Outer", "Join Type": "Semi", "Startup Cost": 20000000000.0, "Total Cost": 2000786621777.7, "Plan Rows": 11032, "Plan Width": 16, "Inner Unique": false, "Merge Cond": "(public.lineitem.l_partkey = public.part.p_partkey)", "Plans": [{"Node Type": "Index Scan", "Parent Relationship": "Outer", "Scan Direction": "Forward", "Index Name": "idx_lineitem_part_supp", "Relation Name": "lineitem", "Alias": "lineitem", "Startup Cost": 10000000000.0, "Total Cost": 1000775391319.64, "Plan Rows": 59987033, "Plan Width": 16}, {"Node Type": "Materialize", "Parent Relationship": "Inner", "Startup Cost": 10000000000.0, "Total Cost": 1000011080330.0, "Plan Rows": 2001, "Plan Width": 8, "Plans": [{"Node Type": "Index Scan", "Parent Relationship": "Outer", "Scan Direction": "Forward", "Index Name": "part_kpey", "Relation Name": "part", "Alias": "part", "Startup Cost": 10000000000.0, "Total Cost": 1000011080325.0, "Plan Rows": 2001, "Plan Width": 8, "Filter": "((p_brand = 'Brand#44'::bpchar) AND (p_container = 'WRAP PKG'::bpchar))"}]}]}]}]}]}]}, "Unique SQL Id": 1080450481}, "explain_analyze_plan": null}, "(16, 80)": {"explain_plan": {"Plan": {"Node Type": "Aggregate", "Strategy": "Plain", "Startup Cost": 208324.62, "Total Cost": 208324.63, "Plan Rows": 1, "Plan Width": 16, "Plans": [{"Node Type": "Nested Loop", "Parent Relationship": "Outer", "Join Type": "Inner", "Startup Cost": 128691.05, "Total Cost": 208322.6, "Plan Rows": 806, "Plan Width": 8, "Inner Unique": false, "Plans": [{"Node Type": "Nested Loop", "Parent Relationship": "Outer", "Join Type": "Inner", "Startup Cost": 128691.05, "Total Cost": 196146.55, "Plan Rows": 438, "Plan Width": 24, "Inner Unique": true, "Plans": [{"Node Type": "Aggregate", "Strategy": "Hashed", "Parent Relationship": "Outer", "Startup Cost": 128691.05, "Total Cost": 128884.11, "Plan Rows": 11032, "Plan Width": 16, "Group By Key": ["public.lineitem.l_partkey"], "Plans": [{"Node Type": "Nested Loop", "Parent Relationship": "Outer", "Join Type": "Inner", "Startup Cost": 0.0, "Total Cost": 128608.31, "Plan Rows": 11032, "Plan Width": 16, "Inner Unique": false, "Plans": [{"Node Type": "Seq Scan", "Parent Relationship": "Outer", "Relation Name": "part", "Alias": "part", "Startup Cost": 0.0, "Total Cost": 71944.0, "Plan Rows": 2001, "Plan Width": 8, "Filter": "((p_brand = 'Brand#44'::bpchar) AND (p_container = 'WRAP PKG'::bpchar))"}, {"Node Type": "Index Scan", "Parent Relationship": "Inner", "Scan Direction": "Forward", "Index Name": "idx_lineitem_part_supp", "Relation Name": "lineitem", "Alias": "lineitem", "Startup Cost": 0.0, "Total Cost": 28.26, "Plan Rows": 6, "Plan Width": 16, "Index Cond": "(l_partkey = public.part.p_partkey)"}]}]}, {"Node Type": "Index Scan", "Parent Relationship": "Inner", "Scan Direction": "Forward", "Index Name": "part_kpey", "Relation Name": "part", "Alias": "part", "Startup Cost": 0.0, "Total Cost": 6.08, "Plan Rows": 1, "Plan Width": 8, "Index Cond": "(p_partkey = public.lineitem.l_partkey)", "Filter": "((p_brand = 'Brand#44'::bpchar) AND (p_container = 'WRAP PKG'::bpchar))"}]}, {"Node Type": "Index Scan", "Parent Relationship": "Inner", "Scan Direction": "Forward", "Index Name": "idx_lineitem_part_supp", "Relation Name": "lineitem", "Alias": "lineitem", "Startup Cost": 0.0, "Total Cost": 27.78, "Plan Rows": 2, "Plan Width": 24, "Index Cond": "(l_partkey = public.lineitem.l_partkey)", "Filter": "(l_quantity < (.2::double precision * (avg(public.lineitem.l_quantity))))"}]}]}, "Unique SQL Id": 1080450481}, "explain_analyze_plan": {"Plan": {"Node Type": "Aggregate", "Strategy": "Plain", "Startup Cost": 208324.62, "Total Cost": 208324.63, "Plan Rows": 1, "Plan Width": 16, "Actual Startup Time": 1198.059, "Actual Total Time": 1198.06, "Actual Rows": 1, "Actual Loops": 1, "Plans": [{"Node Type": "Nested Loop", "Parent Relationship": "Outer", "Join Type": "Inner", "Startup Cost": 128691.05, "Total Cost": 208322.6, "Plan Rows": 806, "Plan Width": 8, "Actual Startup Time": 1016.325, "Actual Total Time": 1197.018, "Actual Rows": 5403, "Actual Loops": 1, "Inner Unique": false, "Plans": [{"Node Type": "Nested Loop", "Parent Relationship": "Outer", "Join Type": "Inner", "Startup Cost": 128691.05, "Total Cost": 196146.55, "Plan Rows": 438, "Plan Width": 24, "Actual Startup Time": 1016.297, "Actual Total Time": 1034.231, "Actual Rows": 2003, "Actual Loops": 1, "Inner Unique": true, "Plans": [{"Node Type": "Aggregate", "Strategy": "Hashed", "Parent Relationship": "Outer", "Startup Cost": 128691.05, "Total Cost": 128884.11, "Plan Rows": 11032, "Plan Width": 16, "Actual Startup Time": 1016.266, "Actual Total Time": 1017.905, "Actual Rows": 2003, "Actual Loops": 1, "Group By Key": ["public.lineitem.l_partkey"], "Plans": [{"Node Type": "Nested Loop", "Parent Relationship": "Outer", "Join Type": "Inner", "Startup Cost": 0.0, "Total Cost": 128608.31, "Plan Rows": 11032, "Plan Width": 16, "Actual Startup Time": 0.361, "Actual Total Time": 975.259, "Actual Rows": 60021, "Actual Loops": 1, "Inner Unique": false, "Plans": [{"Node Type": "Seq Scan", "Parent Relationship": "Outer", "Relation Name": "part", "Alias": "part", "Startup Cost": 0.0, "Total Cost": 71944.0, "Plan Rows": 2001, "Plan Width": 8, "Actual Startup Time": 0.34, "Actual Total Time": 786.254, "Actual Rows": 2003, "Actual Loops": 1, "Filter": "((p_brand = 'Brand#44'::bpchar) AND (p_container = 'WRAP PKG'::bpchar))", "Rows Removed by Filter": 1997997}, {"Node Type": "Index Scan", "Parent Relationship": "Inner", "Scan Direction": "Forward", "Index Name": "idx_lineitem_part_supp", "Relation Name": "lineitem", "Alias": "lineitem", "Startup Cost": 0.0, "Total Cost": 28.26, "Plan Rows": 6, "Plan Width": 16, "Actual Startup Time": 25.976, "Actual Total Time": 174.503, "Actual Rows": 60021, "Actual Loops": 2003, "Index Cond": "(l_partkey = public.part.p_partkey)", "Rows Removed by Index Recheck": 0}]}]}, {"Node Type": "Index Scan", "Parent Relationship": "Inner", "Scan Direction": "Forward", "Index Name": "part_kpey", "Relation Name": "part", "Alias": "part", "Startup Cost": 0.0, "Total Cost": 6.08, "Plan Rows": 1, "Plan Width": 8, "Actual Startup Time": 14.697, "Actual Total Time": 14.697, "Actual Rows": 2003, "Actual Loops": 2003, "Index Cond": "(p_partkey = public.lineitem.l_partkey)", "Rows Removed by Index Recheck": 0, "Filter": "((p_brand = 'Brand#44'::bpchar) AND (p_container = 'WRAP PKG'::bpchar))", "Rows Removed by Filter": 0}]}, {"Node Type": "Index Scan", "Parent Relationship": "Inner", "Scan Direction": "Forward", "Index Name": "idx_lineitem_part_supp", "Relation Name": "lineitem", "Alias": "lineitem", "Startup Cost": 0.0, "Total Cost": 27.78, "Plan Rows": 2, "Plan Width": 24, "Actual Startup Time": 65.051, "Actual Total Time": 160.425, "Actual Rows": 5403, "Actual Loops": 2003, "Index Cond": "(l_partkey = public.lineitem.l_partkey)", "Rows Removed by Index Recheck": 0, "Filter": "(l_quantity < (.2::double precision * (avg(public.lineitem.l_quantity))))", "Rows Removed by Filter": 54618}]}]}, "Triggers": [], "Planner Runtime": 1.534, "Total Runtime": 1198.321, "Unique SQL Id": 1080450481}}, "(16, 81)": {"explain_plan": {"Plan": {"Node Type": "Aggregate", "Strategy": "Plain", "Startup Cost": 247183.87, "Total Cost": 247183.88, "Plan Rows": 1, "Plan Width": 16, "Plans": [{"Node Type": "Nested Loop", "Parent Relationship": "Outer", "Join Type": "Inner", "Startup Cost": 0.0, "Total Cost": 247181.85, "Plan Rows": 806, "Plan Width": 8, "Inner Unique": false, "Plans": [{"Node Type": "Nested Loop", "Parent Relationship": "Outer", "Join Type": "Inner", "Startup Cost": 0.0, "Total Cost": 235005.8, "Plan Rows": 438, "Plan Width": 24, "Inner Unique": true, "Plans": [{"Node Type": "Aggregate", "Strategy": "Sorted", "Parent Relationship": "Outer", "Startup Cost": 0.0, "Total Cost": 167743.36, "Plan Rows": 11032, "Plan Width": 80, "Group By Key": ["public.lineitem.l_partkey"], "Plans": [{"Node Type": "Nested Loop", "Parent Relationship": "Outer", "Join Type": "Inner", "Startup Cost": 0.0, "Total Cost": 167467.56, "Plan Rows": 11032, "Plan Width": 16, "Inner Unique": false, "Plans": [{"Node Type": "Index Scan", "Parent Relationship": "Outer", "Scan Direction": "Forward", "Index Name": "part_kpey", "Relation Name": "part", "Alias": "part", "Startup Cost": 0.0, "Total Cost": 110803.25, "Plan Rows": 2001, "Plan Width": 8, "Filter": "((p_brand = 'Brand#44'::bpchar) AND (p_container = 'WRAP PKG'::bpchar))"}, {"Node Type": "Index Scan", "Parent Relationship": "Inner", "Scan Direction": "Forward", "Index Name": "idx_lineitem_part_supp", "Relation Name": "lineitem", "Alias": "lineitem", "Startup Cost": 0.0, "Total Cost": 28.26, "Plan Rows": 6, "Plan Width": 16, "Index Cond": "(l_partkey = public.part.p_partkey)"}]}]}, {"Node Type": "Index Scan", "Parent Relationship": "Inner", "Scan Direction": "Forward", "Index Name": "part_kpey", "Relation Name": "part", "Alias": "part", "Startup Cost": 0.0, "Total Cost": 6.08, "Plan Rows": 1, "Plan Width": 8, "Index Cond": "(p_partkey = public.lineitem.l_partkey)", "Filter": "((p_brand = 'Brand#44'::bpchar) AND (p_container = 'WRAP PKG'::bpchar))"}]}, {"Node Type": "Index Scan", "Parent Relationship": "Inner", "Scan Direction": "Forward", "Index Name": "idx_lineitem_part_supp", "Relation Name": "lineitem", "Alias": "lineitem", "Startup Cost": 0.0, "Total Cost": 27.78, "Plan Rows": 2, "Plan Width": 24, "Index Cond": "(l_partkey = public.lineitem.l_partkey)", "Filter": "(l_quantity < (.2::double precision * (avg(public.lineitem.l_quantity))))"}]}]}, "Unique SQL Id": 1080450481}, "explain_analyze_plan": {"Plan": {"Node Type": "Aggregate", "Strategy": "Plain", "Startup Cost": 247183.87, "Total Cost": 247183.88, "Plan Rows": 1, "Plan Width": 16, "Actual Startup Time": 1672.251, "Actual Total Time": 1672.251, "Actual Rows": 1, "Actual Loops": 1, "Plans": [{"Node Type": "Nested Loop", "Parent Relationship": "Outer", "Join Type": "Inner", "Startup Cost": 0.0, "Total Cost": 247181.85, "Plan Rows": 806, "Plan Width": 8, "Actual Startup Time": 1.789, "Actual Total Time": 1671.055, "Actual Rows": 5403, "Actual Loops": 1, "Inner Unique": false, "Plans": [{"Node Type": "Nested Loop", "Parent Relationship": "Outer", "Join Type": "Inner", "Startup Cost": 0.0, "Total Cost": 235005.8, "Plan Rows": 438, "Plan Width": 24, "Actual Startup Time": 1.749, "Actual Total Time": 1591.323, "Actual Rows": 2003, "Actual Loops": 1, "Inner Unique": true, "Plans": [{"Node Type": "Aggregate", "Strategy": "Sorted", "Parent Relationship": "Outer", "Startup Cost": 0.0, "Total Cost": 167743.36, "Plan Rows": 11032, "Plan Width": 80, "Actual Startup Time": 1.737, "Actual Total Time": 1579.292, "Actual Rows": 2003, "Actual Loops": 1, "Group By Key": ["public.lineitem.l_partkey"], "Plans": [{"Node Type": "Nested Loop", "Parent Relationship": "Outer", "Join Type": "Inner", "Startup Cost": 0.0, "Total Cost": 167467.56, "Plan Rows": 11032, "Plan Width": 16, "Actual Startup Time": 0.583, "Actual Total Time": 1545.893, "Actual Rows": 60021, "Actual Loops": 1, "Inner Unique": false, "Plans": [{"Node Type": "Index Scan", "Parent Relationship": "Outer", "Scan Direction": "Forward", "Index Name": "part_kpey", "Relation Name": "part", "Alias": "part", "Startup Cost": 0.0, "Total Cost": 110803.25, "Plan Rows": 2001, "Plan Width": 8, "Actual Startup Time": 0.567, "Actual Total Time": 1351.997, "Actual Rows": 2003, "Actual Loops": 1, "Filter": "((p_brand = 'Brand#44'::bpchar) AND (p_container = 'WRAP PKG'::bpchar))", "Rows Removed by Filter": 1997997}, {"Node Type": "Index Scan", "Parent Relationship": "Inner", "Scan Direction": "Forward", "Index Name": "idx_lineitem_part_supp", "Relation Name": "lineitem", "Alias": "lineitem", "Startup Cost": 0.0, "Total Cost": 28.26, "Plan Rows": 6, "Plan Width": 16, "Actual Startup Time": 26.124, "Actual Total Time": 178.211, "Actual Rows": 60021, "Actual Loops": 2003, "Index Cond": "(l_partkey = public.part.p_partkey)", "Rows Removed by Index Recheck": 0}]}]}, {"Node Type": "Index Scan", "Parent Relationship": "Inner", "Scan Direction": "Forward", "Index Name": "part_kpey", "Relation Name": "part", "Alias": "part", "Startup Cost": 0.0, "Total Cost": 6.08, "Plan Rows": 1, "Plan Width": 8, "Actual Startup Time": 9.363, "Actual Total Time": 9.363, "Actual Rows": 2003, "Actual Loops": 2003, "Index Cond": "(p_partkey = public.lineitem.l_partkey)", "Rows Removed by Index Recheck": 0, "Filter": "((p_brand = 'Brand#44'::bpchar) AND (p_container = 'WRAP PKG'::bpchar))", "Rows Removed by Filter": 0}]}, {"Node Type": "Index Scan", "Parent Relationship": "Inner", "Scan Direction": "Forward", "Index Name": "idx_lineitem_part_supp", "Relation Name": "lineitem", "Alias": "lineitem", "Startup Cost": 0.0, "Total Cost": 27.78, "Plan Rows": 2, "Plan Width": 24, "Actual Startup Time": 33.256, "Actual Total Time": 76.813, "Actual Rows": 5403, "Actual Loops": 2003, "Index Cond": "(l_partkey = public.lineitem.l_partkey)", "Rows Removed by Index Recheck": 0, "Filter": "(l_quantity < (.2::double precision * (avg(public.lineitem.l_quantity))))", "Rows Removed by Filter": 54618}]}]}, "Triggers": [], "Planner Runtime": 1.448, "Total Runtime": 1672.5, "Unique SQL Id": 1080450481}}, "(16, 82)": {"explain_plan": {"Plan": {"Node Type": "Aggregate", "Strategy": "Plain", "Startup Cost": 213808.47, "Total Cost": 213808.48, "Plan Rows": 1, "Plan Width": 16, "Plans": [{"Node Type": "Nested Loop", "Parent Relationship": "Outer", "Join Type": "Inner", "Startup Cost": 128826.76, "Total Cost": 213806.45, "Plan Rows": 806, "Plan Width": 8, "Inner Unique": false, "Plans": [{"Node Type": "Nested Loop", "Parent Relationship": "Outer", "Join Type": "Inner", "Startup Cost": 128822.53, "Total Cost": 201406.27, "Plan Rows": 438, "Plan Width": 24, "Inner Unique": true, "Plans": [{"Node Type": "Aggregate", "Strategy": "Hashed", "Parent Relationship": "Outer", "Startup Cost": 128820.01, "Total Cost": 129013.07, "Plan Rows": 11032, "Plan Width": 16, "Group By Key": ["public.lineitem.l_partkey"], "Plans": [{"Node Type": "Nested Loop", "Parent Relationship": "Outer", "Join Type": "Inner", "Startup Cost": 4.28, "Total Cost": 128737.27, "Plan Rows": 11032, "Plan Width": 16, "Inner Unique": false, "Plans": [{"Node Type": "Seq Scan", "Parent Relationship": "Outer", "Relation Name": "part", "Alias": "part", "Startup Cost": 0.0, "Total Cost": 71944.0, "Plan Rows": 2001, "Plan Width": 8, "Filter": "((p_brand = 'Brand#44'::bpchar) AND (p_container = 'WRAP PKG'::bpchar))"}, {"Node Type": "Bitmap Heap Scan", "Parent Relationship": "Inner", "Relation Name": "lineitem", "Alias": "lineitem", "Startup Cost": 4.28, "Total Cost": 28.32, "Plan Rows": 6, "Plan Width": 16, "Recheck Cond": "(l_partkey = public.part.p_partkey)", "Plans": [{"Node Type": "Bitmap Index Scan", "Parent Relationship": "Outer", "Index Name": "idx_lineitem_part_supp", "Startup Cost": 0.0, "Total Cost": 4.28, "Plan Rows": 6, "Plan Width": 0, "Index Cond": "(l_partkey = public.part.p_partkey)"}]}]}]}, {"Node Type": "Bitmap Heap Scan", "Parent Relationship": "Inner", "Relation Name": "part", "Alias": "part", "Startup Cost": 2.52, "Total Cost": 6.54, "Plan Rows": 1, "Plan Width": 8, "Recheck Cond": "(p_partkey = public.lineitem.l_partkey)", "Filter": "((p_brand = 'Brand#44'::bpchar) AND (p_container = 'WRAP PKG'::bpchar))", "Plans": [{"Node Type": "Bitmap Index Scan", "Parent Relationship": "Outer", "Index Name": "part_kpey", "Startup Cost": 0.0, "Total Cost": 2.52, "Plan Rows": 1, "Plan Width": 0, "Index Cond": "(p_partkey = public.lineitem.l_partkey)"}]}]}, {"Node Type": "Bitmap Heap Scan", "Parent Relationship": "Inner", "Relation Name": "lineitem", "Alias": "lineitem", "Startup Cost": 4.22, "Total Cost": 28.29, "Plan Rows": 2, "Plan Width": 24, "Recheck Cond": "(l_partkey = public.lineitem.l_partkey)", "Filter": "(l_quantity < (.2::double precision * (avg(public.lineitem.l_quantity))))", "Plans": [{"Node Type": "Bitmap Index Scan", "Parent Relationship": "Outer", "Index Name": "idx_lineitem_part_supp", "Startup Cost": 0.0, "Total Cost": 4.22, "Plan Rows": 6, "Plan Width": 0, "Index Cond": "(l_partkey = public.lineitem.l_partkey)"}]}]}]}, "Unique SQL Id": 1080450481}, "explain_analyze_plan": {"Plan": {"Node Type": "Aggregate", "Strategy": "Plain", "Startup Cost": 213808.47, "Total Cost": 213808.48, "Plan Rows": 1, "Plan Width": 16, "Actual Startup Time": 1262.962, "Actual Total Time": 1262.962, "Actual Rows": 1, "Actual Loops": 1, "Plans": [{"Node Type": "Nested Loop", "Parent Relationship": "Outer", "Join Type": "Inner", "Startup Cost": 128826.76, "Total Cost": 213806.45, "Plan Rows": 806, "Plan Width": 8, "Actual Startup Time": 1039.016, "Actual Total Time": 1261.836, "Actual Rows": 5403, "Actual Loops": 1, "Inner Unique": false, "Plans": [{"Node Type": "Nested Loop", "Parent Relationship": "Outer", "Join Type": "Inner", "Startup Cost": 128822.53, "Total Cost": 201406.27, "Plan Rows": 438, "Plan Width": 24, "Actual Startup Time": 1038.965, "Actual Total Time": 1062.635, "Actual Rows": 2003, "Actual Loops": 1, "Inner Unique": true, "Plans": [{"Node Type": "Aggregate", "Strategy": "Hashed", "Parent Relationship": "Outer", "Startup Cost": 128820.01, "Total Cost": 129013.07, "Plan Rows": 11032, "Plan Width": 16, "Actual Startup Time": 1038.929, "Actual Total Time": 1040.942, "Actual Rows": 2003, "Actual Loops": 1, "Group By Key": ["public.lineitem.l_partkey"], "Plans": [{"Node Type": "Nested Loop", "Parent Relationship": "Outer", "Join Type": "Inner", "Startup Cost": 4.28, "Total Cost": 128737.27, "Plan Rows": 11032, "Plan Width": 16, "Actual Startup Time": 0.398, "Actual Total Time": 998.539, "Actual Rows": 60021, "Actual Loops": 1, "Inner Unique": false, "Plans": [{"Node Type": "Seq Scan", "Parent Relationship": "Outer", "Relation Name": "part", "Alias": "part", "Startup Cost": 0.0, "Total Cost": 71944.0, "Plan Rows": 2001, "Plan Width": 8, "Actual Startup Time": 0.351, "Actual Total Time": 787.689, "Actual Rows": 2003, "Actual Loops": 1, "Filter": "((p_brand = 'Brand#44'::bpchar) AND (p_container = 'WRAP PKG'::bpchar))", "Rows Removed by Filter": 1997997}, {"Node Type": "Bitmap Heap Scan", "Parent Relationship": "Inner", "Relation Name": "lineitem", "Alias": "lineitem", "Startup Cost": 4.28, "Total Cost": 28.32, "Plan Rows": 6, "Plan Width": 16, "Actual Startup Time": 36.894, "Actual Total Time": 192.967, "Actual Rows": 60021, "Actual Loops": 2003, "Recheck Cond": "(l_partkey = public.part.p_partkey)", "Rows Removed by Index Recheck": 0, "Exact Heap Blocks": 60018, "Lossy Heap Blocks": 60018, "Plans": [{"Node Type": "Bitmap Index Scan", "Parent Relationship": "Outer", "Index Name": "idx_lineitem_part_supp", "Startup Cost": 0.0, "Total Cost": 4.28, "Plan Rows": 6, "Plan Width": 0, "Actual Startup Time": 23.332, "Actual Total Time": 23.332, "Actual Rows": 60021, "Actual Loops": 2003, "Index Cond": "(l_partkey = public.part.p_partkey)"}]}]}]}, {"Node Type": "Bitmap Heap Scan", "Parent Relationship": "Inner", "Relation Name": "part", "Alias": "part", "Startup Cost": 2.52, "Total Cost": 6.54, "Plan Rows": 1, "Plan Width": 8, "Actual Startup Time": 18.355, "Actual Total Time": 18.355, "Actual Rows": 2003, "Actual Loops": 2003, "Recheck Cond": "(p_partkey = public.lineitem.l_partkey)", "Rows Removed by Index Recheck": 0, "Filter": "((p_brand = 'Brand#44'::bpchar) AND (p_container = 'WRAP PKG'::bpchar))", "Rows Removed by Filter": 0, "Exact Heap Blocks": 2003, "Lossy Heap Blocks": 2003, "Plans": [{"Node Type": "Bitmap Index Scan", "Parent Relationship": "Outer", "Index Name": "part_kpey", "Startup Cost": 0.0, "Total Cost": 2.52, "Plan Rows": 1, "Plan Width": 0, "Actual Startup Time": 10.958, "Actual Total Time": 10.958, "Actual Rows": 2003, "Actual Loops": 2003, "Index Cond": "(p_partkey = public.lineitem.l_partkey)"}]}]}, {"Node Type": "Bitmap Heap Scan", "Parent Relationship": "Inner", "Relation Name": "lineitem", "Alias": "lineitem", "Startup Cost": 4.22, "Total Cost": 28.29, "Plan Rows": 2, "Plan Width": 24, "Actual Startup Time": 85.758, "Actual Total Time": 195.222, "Actual Rows": 5403, "Actual Loops": 2003, "Recheck Cond": "(l_partkey = public.lineitem.l_partkey)", "Rows Removed by Index Recheck": 0, "Filter": "(l_quantity < (.2::double precision * (avg(public.lineitem.l_quantity))))", "Rows Removed by Filter": 54618, "Exact Heap Blocks": 60018, "Lossy Heap Blocks": 60018, "Plans": [{"Node Type": "Bitmap Index Scan", "Parent Relationship": "Outer", "Index Name": "idx_lineitem_part_supp", "Startup Cost": 0.0, "Total Cost": 4.22, "Plan Rows": 6, "Plan Width": 0, "Actual Startup Time": 24.279, "Actual Total Time": 24.279, "Actual Rows": 60021, "Actual Loops": 2003, "Index Cond": "(l_partkey = public.lineitem.l_partkey)"}]}]}]}, "Triggers": [], "Planner Runtime": 1.384, "Total Runtime": 1263.375, "Unique SQL Id": 1080450481}}, "(16, 83)": {"explain_plan": {"Plan": {"Node Type": "Aggregate", "Strategy": "Plain", "Startup Cost": 1001032279502.61, "Total Cost": 1001032279502.62, "Plan Rows": 1, "Plan Width": 16, "Plans": [{"Node Type": "Nested Loop", "Parent Relationship": "Outer", "Join Type": "Inner", "Startup Cost": 10000000004.74, "Total Cost": 1001032279500.6, "Plan Rows": 806, "Plan Width": 8, "Inner Unique": true, "Join Filter": "(public.lineitem.l_partkey = public.part.p_partkey)", "Plans": [{"Node Type": "Nested Loop", "Parent Relationship": "Outer", "Join Type": "Inner", "Startup Cost": 10000000004.48, "Total Cost": 1001032192561.0, "Plan Rows": 20274, "Plan Width": 24, "Inner Unique": false, "Plans": [{"Node Type": "Aggregate", "Strategy": "Sorted", "Parent Relationship": "Outer", "Startup Cost": 10000000000.26, "Total Cost": 1001031880124.59, "Plan Rows": 11032, "Plan Width": 80, "Group By Key": ["public.lineitem.l_partkey"], "Plans": [{"Node Type": "Nested Loop", "Parent Relationship": "Outer", "Join Type": "Semi", "Startup Cost": 10000000000.26, "Total Cost": 1001031879848.79, "Plan Rows": 11032, "Plan Width": 16, "Inner Unique": false, "Plans": [{"Node Type": "Index Scan", "Parent Relationship": "Outer", "Scan Direction": "Forward", "Index Name": "idx_lineitem_part_supp", "Relation Name": "lineitem", "Alias": "lineitem", "Startup Cost": 10000000000.0, "Total Cost": 1000775391319.64, "Plan Rows": 59987033, "Plan Width": 16}, {"Node Type": "Bitmap Heap Scan", "Parent Relationship": "Inner", "Relation Name": "part", "Alias": "part", "Startup Cost": 0.26, "Total Cost": 4.28, "Plan Rows": 1, "Plan Width": 8, "Recheck Cond": "(p_partkey = public.lineitem.l_partkey)", "Filter": "((p_brand = 'Brand#44'::bpchar) AND (p_container = 'WRAP PKG'::bpchar))", "Plans": [{"Node Type": "Bitmap Index Scan", "Parent Relationship": "Outer", "Index Name": "part_kpey", "Startup Cost": 0.0, "Total Cost": 0.26, "Plan Rows": 1, "Plan Width": 0, "Index Cond": "(p_partkey = public.lineitem.l_partkey)"}]}]}]}, {"Node Type": "Bitmap Heap Scan", "Parent Relationship": "Inner", "Relation Name": "lineitem", "Alias": "lineitem", "Startup Cost": 4.22, "Total Cost": 28.29, "Plan Rows": 2, "Plan Width": 24, "Recheck Cond": "(l_partkey = public.lineitem.l_partkey)", "Filter": "(l_quantity < (.2::double precision * (avg(public.lineitem.l_quantity))))", "Plans": [{"Node Type": "Bitmap Index Scan", "Parent Relationship": "Outer", "Index Name": "idx_lineitem_part_supp", "Startup Cost": 0.0, "Total Cost": 4.22, "Plan Rows": 6, "Plan Width": 0, "Index Cond": "(l_partkey = public.lineitem.l_partkey)"}]}]}, {"Node Type": "Bitmap Heap Scan", "Parent Relationship": "Inner", "Relation Name": "part", "Alias": "part", "Startup Cost": 0.26, "Total Cost": 4.28, "Plan Rows": 1, "Plan Width": 8, "Recheck Cond": "(p_partkey = public.lineitem.l_partkey)", "Filter": "((p_brand = 'Brand#44'::bpchar) AND (p_container = 'WRAP PKG'::bpchar))", "Plans": [{"Node Type": "Bitmap Index Scan", "Parent Relationship": "Outer", "Index Name": "part_kpey", "Startup Cost": 0.0, "Total Cost": 0.26, "Plan Rows": 1, "Plan Width": 0, "Index Cond": "(p_partkey = public.lineitem.l_partkey)"}]}]}]}, "Unique SQL Id": 1080450481}, "explain_analyze_plan": null}, "(16, 84)": {"explain_plan": {"Plan": {"Node Type": "Aggregate", "Strategy": "Plain", "Startup Cost": 208324.62, "Total Cost": 208324.63, "Plan Rows": 1, "Plan Width": 16, "Plans": [{"Node Type": "Nested Loop", "Parent Relationship": "Outer", "Join Type": "Inner", "Startup Cost": 128691.05, "Total Cost": 208322.6, "Plan Rows": 806, "Plan Width": 8, "Inner Unique": false, "Plans": [{"Node Type": "Nested Loop", "Parent Relationship": "Outer", "Join Type": "Inner", "Startup Cost": 128691.05, "Total Cost": 196146.55, "Plan Rows": 438, "Plan Width": 24, "Inner Unique": true, "Plans": [{"Node Type": "Aggregate", "Strategy": "Hashed", "Parent Relationship": "Outer", "Startup Cost": 128691.05, "Total Cost": 128884.11, "Plan Rows": 11032, "Plan Width": 16, "Group By Key": ["public.lineitem.l_partkey"], "Plans": [{"Node Type": "Nested Loop", "Parent Relationship": "Outer", "Join Type": "Inner", "Startup Cost": 0.0, "Total Cost": 128608.31, "Plan Rows": 11032, "Plan Width": 16, "Inner Unique": false, "Plans": [{"Node Type": "Seq Scan", "Parent Relationship": "Outer", "Relation Name": "part", "Alias": "part", "Startup Cost": 0.0, "Total Cost": 71944.0, "Plan Rows": 2001, "Plan Width": 8, "Filter": "((p_brand = 'Brand#44'::bpchar) AND (p_container = 'WRAP PKG'::bpchar))"}, {"Node Type": "Index Scan", "Parent Relationship": "Inner", "Scan Direction": "Forward", "Index Name": "idx_lineitem_part_supp", "Relation Name": "lineitem", "Alias": "lineitem", "Startup Cost": 0.0, "Total Cost": 28.26, "Plan Rows": 6, "Plan Width": 16, "Index Cond": "(l_partkey = public.part.p_partkey)"}]}]}, {"Node Type": "Index Scan", "Parent Relationship": "Inner", "Scan Direction": "Forward", "Index Name": "part_kpey", "Relation Name": "part", "Alias": "part", "Startup Cost": 0.0, "Total Cost": 6.08, "Plan Rows": 1, "Plan Width": 8, "Index Cond": "(p_partkey = public.lineitem.l_partkey)", "Filter": "((p_brand = 'Brand#44'::bpchar) AND (p_container = 'WRAP PKG'::bpchar))"}]}, {"Node Type": "Index Scan", "Parent Relationship": "Inner", "Scan Direction": "Forward", "Index Name": "idx_lineitem_part_supp", "Relation Name": "lineitem", "Alias": "lineitem", "Startup Cost": 0.0, "Total Cost": 27.78, "Plan Rows": 2, "Plan Width": 24, "Index Cond": "(l_partkey = public.lineitem.l_partkey)", "Filter": "(l_quantity < (.2::double precision * (avg(public.lineitem.l_quantity))))"}]}]}, "Unique SQL Id": 1080450481}, "explain_analyze_plan": {"Plan": {"Node Type": "Aggregate", "Strategy": "Plain", "Startup Cost": 208324.62, "Total Cost": 208324.63, "Plan Rows": 1, "Plan Width": 16, "Actual Startup Time": 1198.059, "Actual Total Time": 1198.06, "Actual Rows": 1, "Actual Loops": 1, "Plans": [{"Node Type": "Nested Loop", "Parent Relationship": "Outer", "Join Type": "Inner", "Startup Cost": 128691.05, "Total Cost": 208322.6, "Plan Rows": 806, "Plan Width": 8, "Actual Startup Time": 1016.325, "Actual Total Time": 1197.018, "Actual Rows": 5403, "Actual Loops": 1, "Inner Unique": false, "Plans": [{"Node Type": "Nested Loop", "Parent Relationship": "Outer", "Join Type": "Inner", "Startup Cost": 128691.05, "Total Cost": 196146.55, "Plan Rows": 438, "Plan Width": 24, "Actual Startup Time": 1016.297, "Actual Total Time": 1034.231, "Actual Rows": 2003, "Actual Loops": 1, "Inner Unique": true, "Plans": [{"Node Type": "Aggregate", "Strategy": "Hashed", "Parent Relationship": "Outer", "Startup Cost": 128691.05, "Total Cost": 128884.11, "Plan Rows": 11032, "Plan Width": 16, "Actual Startup Time": 1016.266, "Actual Total Time": 1017.905, "Actual Rows": 2003, "Actual Loops": 1, "Group By Key": ["public.lineitem.l_partkey"], "Plans": [{"Node Type": "Nested Loop", "Parent Relationship": "Outer", "Join Type": "Inner", "Startup Cost": 0.0, "Total Cost": 128608.31, "Plan Rows": 11032, "Plan Width": 16, "Actual Startup Time": 0.361, "Actual Total Time": 975.259, "Actual Rows": 60021, "Actual Loops": 1, "Inner Unique": false, "Plans": [{"Node Type": "Seq Scan", "Parent Relationship": "Outer", "Relation Name": "part", "Alias": "part", "Startup Cost": 0.0, "Total Cost": 71944.0, "Plan Rows": 2001, "Plan Width": 8, "Actual Startup Time": 0.34, "Actual Total Time": 786.254, "Actual Rows": 2003, "Actual Loops": 1, "Filter": "((p_brand = 'Brand#44'::bpchar) AND (p_container = 'WRAP PKG'::bpchar))", "Rows Removed by Filter": 1997997}, {"Node Type": "Index Scan", "Parent Relationship": "Inner", "Scan Direction": "Forward", "Index Name": "idx_lineitem_part_supp", "Relation Name": "lineitem", "Alias": "lineitem", "Startup Cost": 0.0, "Total Cost": 28.26, "Plan Rows": 6, "Plan Width": 16, "Actual Startup Time": 25.976, "Actual Total Time": 174.503, "Actual Rows": 60021, "Actual Loops": 2003, "Index Cond": "(l_partkey = public.part.p_partkey)", "Rows Removed by Index Recheck": 0}]}]}, {"Node Type": "Index Scan", "Parent Relationship": "Inner", "Scan Direction": "Forward", "Index Name": "part_kpey", "Relation Name": "part", "Alias": "part", "Startup Cost": 0.0, "Total Cost": 6.08, "Plan Rows": 1, "Plan Width": 8, "Actual Startup Time": 14.697, "Actual Total Time": 14.697, "Actual Rows": 2003, "Actual Loops": 2003, "Index Cond": "(p_partkey = public.lineitem.l_partkey)", "Rows Removed by Index Recheck": 0, "Filter": "((p_brand = 'Brand#44'::bpchar) AND (p_container = 'WRAP PKG'::bpchar))", "Rows Removed by Filter": 0}]}, {"Node Type": "Index Scan", "Parent Relationship": "Inner", "Scan Direction": "Forward", "Index Name": "idx_lineitem_part_supp", "Relation Name": "lineitem", "Alias": "lineitem", "Startup Cost": 0.0, "Total Cost": 27.78, "Plan Rows": 2, "Plan Width": 24, "Actual Startup Time": 65.051, "Actual Total Time": 160.425, "Actual Rows": 5403, "Actual Loops": 2003, "Index Cond": "(l_partkey = public.lineitem.l_partkey)", "Rows Removed by Index Recheck": 0, "Filter": "(l_quantity < (.2::double precision * (avg(public.lineitem.l_quantity))))", "Rows Removed by Filter": 54618}]}]}, "Triggers": [], "Planner Runtime": 1.534, "Total Runtime": 1198.321, "Unique SQL Id": 1080450481}}, "(16, 85)": {"explain_plan": {"Plan": {"Node Type": "Aggregate", "Strategy": "Plain", "Startup Cost": 247183.87, "Total Cost": 247183.88, "Plan Rows": 1, "Plan Width": 16, "Plans": [{"Node Type": "Nested Loop", "Parent Relationship": "Outer", "Join Type": "Inner", "Startup Cost": 0.0, "Total Cost": 247181.85, "Plan Rows": 806, "Plan Width": 8, "Inner Unique": false, "Plans": [{"Node Type": "Nested Loop", "Parent Relationship": "Outer", "Join Type": "Inner", "Startup Cost": 0.0, "Total Cost": 235005.8, "Plan Rows": 438, "Plan Width": 24, "Inner Unique": true, "Plans": [{"Node Type": "Aggregate", "Strategy": "Sorted", "Parent Relationship": "Outer", "Startup Cost": 0.0, "Total Cost": 167743.36, "Plan Rows": 11032, "Plan Width": 80, "Group By Key": ["public.lineitem.l_partkey"], "Plans": [{"Node Type": "Nested Loop", "Parent Relationship": "Outer", "Join Type": "Inner", "Startup Cost": 0.0, "Total Cost": 167467.56, "Plan Rows": 11032, "Plan Width": 16, "Inner Unique": false, "Plans": [{"Node Type": "Index Scan", "Parent Relationship": "Outer", "Scan Direction": "Forward", "Index Name": "part_kpey", "Relation Name": "part", "Alias": "part", "Startup Cost": 0.0, "Total Cost": 110803.25, "Plan Rows": 2001, "Plan Width": 8, "Filter": "((p_brand = 'Brand#44'::bpchar) AND (p_container = 'WRAP PKG'::bpchar))"}, {"Node Type": "Index Scan", "Parent Relationship": "Inner", "Scan Direction": "Forward", "Index Name": "idx_lineitem_part_supp", "Relation Name": "lineitem", "Alias": "lineitem", "Startup Cost": 0.0, "Total Cost": 28.26, "Plan Rows": 6, "Plan Width": 16, "Index Cond": "(l_partkey = public.part.p_partkey)"}]}]}, {"Node Type": "Index Scan", "Parent Relationship": "Inner", "Scan Direction": "Forward", "Index Name": "part_kpey", "Relation Name": "part", "Alias": "part", "Startup Cost": 0.0, "Total Cost": 6.08, "Plan Rows": 1, "Plan Width": 8, "Index Cond": "(p_partkey = public.lineitem.l_partkey)", "Filter": "((p_brand = 'Brand#44'::bpchar) AND (p_container = 'WRAP PKG'::bpchar))"}]}, {"Node Type": "Index Scan", "Parent Relationship": "Inner", "Scan Direction": "Forward", "Index Name": "idx_lineitem_part_supp", "Relation Name": "lineitem", "Alias": "lineitem", "Startup Cost": 0.0, "Total Cost": 27.78, "Plan Rows": 2, "Plan Width": 24, "Index Cond": "(l_partkey = public.lineitem.l_partkey)", "Filter": "(l_quantity < (.2::double precision * (avg(public.lineitem.l_quantity))))"}]}]}, "Unique SQL Id": 1080450481}, "explain_analyze_plan": {"Plan": {"Node Type": "Aggregate", "Strategy": "Plain", "Startup Cost": 247183.87, "Total Cost": 247183.88, "Plan Rows": 1, "Plan Width": 16, "Actual Startup Time": 1672.251, "Actual Total Time": 1672.251, "Actual Rows": 1, "Actual Loops": 1, "Plans": [{"Node Type": "Nested Loop", "Parent Relationship": "Outer", "Join Type": "Inner", "Startup Cost": 0.0, "Total Cost": 247181.85, "Plan Rows": 806, "Plan Width": 8, "Actual Startup Time": 1.789, "Actual Total Time": 1671.055, "Actual Rows": 5403, "Actual Loops": 1, "Inner Unique": false, "Plans": [{"Node Type": "Nested Loop", "Parent Relationship": "Outer", "Join Type": "Inner", "Startup Cost": 0.0, "Total Cost": 235005.8, "Plan Rows": 438, "Plan Width": 24, "Actual Startup Time": 1.749, "Actual Total Time": 1591.323, "Actual Rows": 2003, "Actual Loops": 1, "Inner Unique": true, "Plans": [{"Node Type": "Aggregate", "Strategy": "Sorted", "Parent Relationship": "Outer", "Startup Cost": 0.0, "Total Cost": 167743.36, "Plan Rows": 11032, "Plan Width": 80, "Actual Startup Time": 1.737, "Actual Total Time": 1579.292, "Actual Rows": 2003, "Actual Loops": 1, "Group By Key": ["public.lineitem.l_partkey"], "Plans": [{"Node Type": "Nested Loop", "Parent Relationship": "Outer", "Join Type": "Inner", "Startup Cost": 0.0, "Total Cost": 167467.56, "Plan Rows": 11032, "Plan Width": 16, "Actual Startup Time": 0.583, "Actual Total Time": 1545.893, "Actual Rows": 60021, "Actual Loops": 1, "Inner Unique": false, "Plans": [{"Node Type": "Index Scan", "Parent Relationship": "Outer", "Scan Direction": "Forward", "Index Name": "part_kpey", "Relation Name": "part", "Alias": "part", "Startup Cost": 0.0, "Total Cost": 110803.25, "Plan Rows": 2001, "Plan Width": 8, "Actual Startup Time": 0.567, "Actual Total Time": 1351.997, "Actual Rows": 2003, "Actual Loops": 1, "Filter": "((p_brand = 'Brand#44'::bpchar) AND (p_container = 'WRAP PKG'::bpchar))", "Rows Removed by Filter": 1997997}, {"Node Type": "Index Scan", "Parent Relationship": "Inner", "Scan Direction": "Forward", "Index Name": "idx_lineitem_part_supp", "Relation Name": "lineitem", "Alias": "lineitem", "Startup Cost": 0.0, "Total Cost": 28.26, "Plan Rows": 6, "Plan Width": 16, "Actual Startup Time": 26.124, "Actual Total Time": 178.211, "Actual Rows": 60021, "Actual Loops": 2003, "Index Cond": "(l_partkey = public.part.p_partkey)", "Rows Removed by Index Recheck": 0}]}]}, {"Node Type": "Index Scan", "Parent Relationship": "Inner", "Scan Direction": "Forward", "Index Name": "part_kpey", "Relation Name": "part", "Alias": "part", "Startup Cost": 0.0, "Total Cost": 6.08, "Plan Rows": 1, "Plan Width": 8, "Actual Startup Time": 9.363, "Actual Total Time": 9.363, "Actual Rows": 2003, "Actual Loops": 2003, "Index Cond": "(p_partkey = public.lineitem.l_partkey)", "Rows Removed by Index Recheck": 0, "Filter": "((p_brand = 'Brand#44'::bpchar) AND (p_container = 'WRAP PKG'::bpchar))", "Rows Removed by Filter": 0}]}, {"Node Type": "Index Scan", "Parent Relationship": "Inner", "Scan Direction": "Forward", "Index Name": "idx_lineitem_part_supp", "Relation Name": "lineitem", "Alias": "lineitem", "Startup Cost": 0.0, "Total Cost": 27.78, "Plan Rows": 2, "Plan Width": 24, "Actual Startup Time": 33.256, "Actual Total Time": 76.813, "Actual Rows": 5403, "Actual Loops": 2003, "Index Cond": "(l_partkey = public.lineitem.l_partkey)", "Rows Removed by Index Recheck": 0, "Filter": "(l_quantity < (.2::double precision * (avg(public.lineitem.l_quantity))))", "Rows Removed by Filter": 54618}]}]}, "Triggers": [], "Planner Runtime": 1.448, "Total Runtime": 1672.5, "Unique SQL Id": 1080450481}}, "(16, 86)": {"explain_plan": {"Plan": {"Node Type": "Aggregate", "Strategy": "Plain", "Startup Cost": 213808.47, "Total Cost": 213808.48, "Plan Rows": 1, "Plan Width": 16, "Plans": [{"Node Type": "Nested Loop", "Parent Relationship": "Outer", "Join Type": "Inner", "Startup Cost": 128826.76, "Total Cost": 213806.45, "Plan Rows": 806, "Plan Width": 8, "Inner Unique": false, "Plans": [{"Node Type": "Nested Loop", "Parent Relationship": "Outer", "Join Type": "Inner", "Startup Cost": 128822.53, "Total Cost": 201406.27, "Plan Rows": 438, "Plan Width": 24, "Inner Unique": true, "Plans": [{"Node Type": "Aggregate", "Strategy": "Hashed", "Parent Relationship": "Outer", "Startup Cost": 128820.01, "Total Cost": 129013.07, "Plan Rows": 11032, "Plan Width": 16, "Group By Key": ["public.lineitem.l_partkey"], "Plans": [{"Node Type": "Nested Loop", "Parent Relationship": "Outer", "Join Type": "Inner", "Startup Cost": 4.28, "Total Cost": 128737.27, "Plan Rows": 11032, "Plan Width": 16, "Inner Unique": false, "Plans": [{"Node Type": "Seq Scan", "Parent Relationship": "Outer", "Relation Name": "part", "Alias": "part", "Startup Cost": 0.0, "Total Cost": 71944.0, "Plan Rows": 2001, "Plan Width": 8, "Filter": "((p_brand = 'Brand#44'::bpchar) AND (p_container = 'WRAP PKG'::bpchar))"}, {"Node Type": "Bitmap Heap Scan", "Parent Relationship": "Inner", "Relation Name": "lineitem", "Alias": "lineitem", "Startup Cost": 4.28, "Total Cost": 28.32, "Plan Rows": 6, "Plan Width": 16, "Recheck Cond": "(l_partkey = public.part.p_partkey)", "Plans": [{"Node Type": "Bitmap Index Scan", "Parent Relationship": "Outer", "Index Name": "idx_lineitem_part_supp", "Startup Cost": 0.0, "Total Cost": 4.28, "Plan Rows": 6, "Plan Width": 0, "Index Cond": "(l_partkey = public.part.p_partkey)"}]}]}]}, {"Node Type": "Bitmap Heap Scan", "Parent Relationship": "Inner", "Relation Name": "part", "Alias": "part", "Startup Cost": 2.52, "Total Cost": 6.54, "Plan Rows": 1, "Plan Width": 8, "Recheck Cond": "(p_partkey = public.lineitem.l_partkey)", "Filter": "((p_brand = 'Brand#44'::bpchar) AND (p_container = 'WRAP PKG'::bpchar))", "Plans": [{"Node Type": "Bitmap Index Scan", "Parent Relationship": "Outer", "Index Name": "part_kpey", "Startup Cost": 0.0, "Total Cost": 2.52, "Plan Rows": 1, "Plan Width": 0, "Index Cond": "(p_partkey = public.lineitem.l_partkey)"}]}]}, {"Node Type": "Bitmap Heap Scan", "Parent Relationship": "Inner", "Relation Name": "lineitem", "Alias": "lineitem", "Startup Cost": 4.22, "Total Cost": 28.29, "Plan Rows": 2, "Plan Width": 24, "Recheck Cond": "(l_partkey = public.lineitem.l_partkey)", "Filter": "(l_quantity < (.2::double precision * (avg(public.lineitem.l_quantity))))", "Plans": [{"Node Type": "Bitmap Index Scan", "Parent Relationship": "Outer", "Index Name": "idx_lineitem_part_supp", "Startup Cost": 0.0, "Total Cost": 4.22, "Plan Rows": 6, "Plan Width": 0, "Index Cond": "(l_partkey = public.lineitem.l_partkey)"}]}]}]}, "Unique SQL Id": 1080450481}, "explain_analyze_plan": {"Plan": {"Node Type": "Aggregate", "Strategy": "Plain", "Startup Cost": 213808.47, "Total Cost": 213808.48, "Plan Rows": 1, "Plan Width": 16, "Actual Startup Time": 1262.962, "Actual Total Time": 1262.962, "Actual Rows": 1, "Actual Loops": 1, "Plans": [{"Node Type": "Nested Loop", "Parent Relationship": "Outer", "Join Type": "Inner", "Startup Cost": 128826.76, "Total Cost": 213806.45, "Plan Rows": 806, "Plan Width": 8, "Actual Startup Time": 1039.016, "Actual Total Time": 1261.836, "Actual Rows": 5403, "Actual Loops": 1, "Inner Unique": false, "Plans": [{"Node Type": "Nested Loop", "Parent Relationship": "Outer", "Join Type": "Inner", "Startup Cost": 128822.53, "Total Cost": 201406.27, "Plan Rows": 438, "Plan Width": 24, "Actual Startup Time": 1038.965, "Actual Total Time": 1062.635, "Actual Rows": 2003, "Actual Loops": 1, "Inner Unique": true, "Plans": [{"Node Type": "Aggregate", "Strategy": "Hashed", "Parent Relationship": "Outer", "Startup Cost": 128820.01, "Total Cost": 129013.07, "Plan Rows": 11032, "Plan Width": 16, "Actual Startup Time": 1038.929, "Actual Total Time": 1040.942, "Actual Rows": 2003, "Actual Loops": 1, "Group By Key": ["public.lineitem.l_partkey"], "Plans": [{"Node Type": "Nested Loop", "Parent Relationship": "Outer", "Join Type": "Inner", "Startup Cost": 4.28, "Total Cost": 128737.27, "Plan Rows": 11032, "Plan Width": 16, "Actual Startup Time": 0.398, "Actual Total Time": 998.539, "Actual Rows": 60021, "Actual Loops": 1, "Inner Unique": false, "Plans": [{"Node Type": "Seq Scan", "Parent Relationship": "Outer", "Relation Name": "part", "Alias": "part", "Startup Cost": 0.0, "Total Cost": 71944.0, "Plan Rows": 2001, "Plan Width": 8, "Actual Startup Time": 0.351, "Actual Total Time": 787.689, "Actual Rows": 2003, "Actual Loops": 1, "Filter": "((p_brand = 'Brand#44'::bpchar) AND (p_container = 'WRAP PKG'::bpchar))", "Rows Removed by Filter": 1997997}, {"Node Type": "Bitmap Heap Scan", "Parent Relationship": "Inner", "Relation Name": "lineitem", "Alias": "lineitem", "Startup Cost": 4.28, "Total Cost": 28.32, "Plan Rows": 6, "Plan Width": 16, "Actual Startup Time": 36.894, "Actual Total Time": 192.967, "Actual Rows": 60021, "Actual Loops": 2003, "Recheck Cond": "(l_partkey = public.part.p_partkey)", "Rows Removed by Index Recheck": 0, "Exact Heap Blocks": 60018, "Lossy Heap Blocks": 60018, "Plans": [{"Node Type": "Bitmap Index Scan", "Parent Relationship": "Outer", "Index Name": "idx_lineitem_part_supp", "Startup Cost": 0.0, "Total Cost": 4.28, "Plan Rows": 6, "Plan Width": 0, "Actual Startup Time": 23.332, "Actual Total Time": 23.332, "Actual Rows": 60021, "Actual Loops": 2003, "Index Cond": "(l_partkey = public.part.p_partkey)"}]}]}]}, {"Node Type": "Bitmap Heap Scan", "Parent Relationship": "Inner", "Relation Name": "part", "Alias": "part", "Startup Cost": 2.52, "Total Cost": 6.54, "Plan Rows": 1, "Plan Width": 8, "Actual Startup Time": 18.355, "Actual Total Time": 18.355, "Actual Rows": 2003, "Actual Loops": 2003, "Recheck Cond": "(p_partkey = public.lineitem.l_partkey)", "Rows Removed by Index Recheck": 0, "Filter": "((p_brand = 'Brand#44'::bpchar) AND (p_container = 'WRAP PKG'::bpchar))", "Rows Removed by Filter": 0, "Exact Heap Blocks": 2003, "Lossy Heap Blocks": 2003, "Plans": [{"Node Type": "Bitmap Index Scan", "Parent Relationship": "Outer", "Index Name": "part_kpey", "Startup Cost": 0.0, "Total Cost": 2.52, "Plan Rows": 1, "Plan Width": 0, "Actual Startup Time": 10.958, "Actual Total Time": 10.958, "Actual Rows": 2003, "Actual Loops": 2003, "Index Cond": "(p_partkey = public.lineitem.l_partkey)"}]}]}, {"Node Type": "Bitmap Heap Scan", "Parent Relationship": "Inner", "Relation Name": "lineitem", "Alias": "lineitem", "Startup Cost": 4.22, "Total Cost": 28.29, "Plan Rows": 2, "Plan Width": 24, "Actual Startup Time": 85.758, "Actual Total Time": 195.222, "Actual Rows": 5403, "Actual Loops": 2003, "Recheck Cond": "(l_partkey = public.lineitem.l_partkey)", "Rows Removed by Index Recheck": 0, "Filter": "(l_quantity < (.2::double precision * (avg(public.lineitem.l_quantity))))", "Rows Removed by Filter": 54618, "Exact Heap Blocks": 60018, "Lossy Heap Blocks": 60018, "Plans": [{"Node Type": "Bitmap Index Scan", "Parent Relationship": "Outer", "Index Name": "idx_lineitem_part_supp", "Startup Cost": 0.0, "Total Cost": 4.22, "Plan Rows": 6, "Plan Width": 0, "Actual Startup Time": 24.279, "Actual Total Time": 24.279, "Actual Rows": 60021, "Actual Loops": 2003, "Index Cond": "(l_partkey = public.lineitem.l_partkey)"}]}]}]}, "Triggers": [], "Planner Runtime": 1.384, "Total Runtime": 1263.375, "Unique SQL Id": 1080450481}}, "(16, 87)": {"explain_plan": {"Plan": {"Node Type": "Aggregate", "Strategy": "Plain", "Startup Cost": 1001032279502.61, "Total Cost": 1001032279502.62, "Plan Rows": 1, "Plan Width": 16, "Plans": [{"Node Type": "Nested Loop", "Parent Relationship": "Outer", "Join Type": "Inner", "Startup Cost": 10000000004.74, "Total Cost": 1001032279500.6, "Plan Rows": 806, "Plan Width": 8, "Inner Unique": true, "Join Filter": "(public.lineitem.l_partkey = public.part.p_partkey)", "Plans": [{"Node Type": "Nested Loop", "Parent Relationship": "Outer", "Join Type": "Inner", "Startup Cost": 10000000004.48, "Total Cost": 1001032192561.0, "Plan Rows": 20274, "Plan Width": 24, "Inner Unique": false, "Plans": [{"Node Type": "Aggregate", "Strategy": "Sorted", "Parent Relationship": "Outer", "Startup Cost": 10000000000.26, "Total Cost": 1001031880124.59, "Plan Rows": 11032, "Plan Width": 80, "Group By Key": ["public.lineitem.l_partkey"], "Plans": [{"Node Type": "Nested Loop", "Parent Relationship": "Outer", "Join Type": "Semi", "Startup Cost": 10000000000.26, "Total Cost": 1001031879848.79, "Plan Rows": 11032, "Plan Width": 16, "Inner Unique": false, "Plans": [{"Node Type": "Index Scan", "Parent Relationship": "Outer", "Scan Direction": "Forward", "Index Name": "idx_lineitem_part_supp", "Relation Name": "lineitem", "Alias": "lineitem", "Startup Cost": 10000000000.0, "Total Cost": 1000775391319.64, "Plan Rows": 59987033, "Plan Width": 16}, {"Node Type": "Bitmap Heap Scan", "Parent Relationship": "Inner", "Relation Name": "part", "Alias": "part", "Startup Cost": 0.26, "Total Cost": 4.28, "Plan Rows": 1, "Plan Width": 8, "Recheck Cond": "(p_partkey = public.lineitem.l_partkey)", "Filter": "((p_brand = 'Brand#44'::bpchar) AND (p_container = 'WRAP PKG'::bpchar))", "Plans": [{"Node Type": "Bitmap Index Scan", "Parent Relationship": "Outer", "Index Name": "part_kpey", "Startup Cost": 0.0, "Total Cost": 0.26, "Plan Rows": 1, "Plan Width": 0, "Index Cond": "(p_partkey = public.lineitem.l_partkey)"}]}]}]}, {"Node Type": "Bitmap Heap Scan", "Parent Relationship": "Inner", "Relation Name": "lineitem", "Alias": "lineitem", "Startup Cost": 4.22, "Total Cost": 28.29, "Plan Rows": 2, "Plan Width": 24, "Recheck Cond": "(l_partkey = public.lineitem.l_partkey)", "Filter": "(l_quantity < (.2::double precision * (avg(public.lineitem.l_quantity))))", "Plans": [{"Node Type": "Bitmap Index Scan", "Parent Relationship": "Outer", "Index Name": "idx_lineitem_part_supp", "Startup Cost": 0.0, "Total Cost": 4.22, "Plan Rows": 6, "Plan Width": 0, "Index Cond": "(l_partkey = public.lineitem.l_partkey)"}]}]}, {"Node Type": "Bitmap Heap Scan", "Parent Relationship": "Inner", "Relation Name": "part", "Alias": "part", "Startup Cost": 0.26, "Total Cost": 4.28, "Plan Rows": 1, "Plan Width": 8, "Recheck Cond": "(p_partkey = public.lineitem.l_partkey)", "Filter": "((p_brand = 'Brand#44'::bpchar) AND (p_container = 'WRAP PKG'::bpchar))", "Plans": [{"Node Type": "Bitmap Index Scan", "Parent Relationship": "Outer", "Index Name": "part_kpey", "Startup Cost": 0.0, "Total Cost": 0.26, "Plan Rows": 1, "Plan Width": 0, "Index Cond": "(p_partkey = public.lineitem.l_partkey)"}]}]}]}, "Unique SQL Id": 1080450481}, "explain_analyze_plan": null}, "(16, 88)": {"explain_plan": {"Plan": {"Node Type": "Aggregate", "Strategy": "Plain", "Startup Cost": 208324.62, "Total Cost": 208324.63, "Plan Rows": 1, "Plan Width": 16, "Plans": [{"Node Type": "Nested Loop", "Parent Relationship": "Outer", "Join Type": "Inner", "Startup Cost": 128691.05, "Total Cost": 208322.6, "Plan Rows": 806, "Plan Width": 8, "Inner Unique": false, "Plans": [{"Node Type": "Nested Loop", "Parent Relationship": "Outer", "Join Type": "Inner", "Startup Cost": 128691.05, "Total Cost": 196146.55, "Plan Rows": 438, "Plan Width": 24, "Inner Unique": true, "Plans": [{"Node Type": "Aggregate", "Strategy": "Hashed", "Parent Relationship": "Outer", "Startup Cost": 128691.05, "Total Cost": 128884.11, "Plan Rows": 11032, "Plan Width": 16, "Group By Key": ["public.lineitem.l_partkey"], "Plans": [{"Node Type": "Nested Loop", "Parent Relationship": "Outer", "Join Type": "Inner", "Startup Cost": 0.0, "Total Cost": 128608.31, "Plan Rows": 11032, "Plan Width": 16, "Inner Unique": false, "Plans": [{"Node Type": "Seq Scan", "Parent Relationship": "Outer", "Relation Name": "part", "Alias": "part", "Startup Cost": 0.0, "Total Cost": 71944.0, "Plan Rows": 2001, "Plan Width": 8, "Filter": "((p_brand = 'Brand#44'::bpchar) AND (p_container = 'WRAP PKG'::bpchar))"}, {"Node Type": "Index Scan", "Parent Relationship": "Inner", "Scan Direction": "Forward", "Index Name": "idx_lineitem_part_supp", "Relation Name": "lineitem", "Alias": "lineitem", "Startup Cost": 0.0, "Total Cost": 28.26, "Plan Rows": 6, "Plan Width": 16, "Index Cond": "(l_partkey = public.part.p_partkey)"}]}]}, {"Node Type": "Index Scan", "Parent Relationship": "Inner", "Scan Direction": "Forward", "Index Name": "part_kpey", "Relation Name": "part", "Alias": "part", "Startup Cost": 0.0, "Total Cost": 6.08, "Plan Rows": 1, "Plan Width": 8, "Index Cond": "(p_partkey = public.lineitem.l_partkey)", "Filter": "((p_brand = 'Brand#44'::bpchar) AND (p_container = 'WRAP PKG'::bpchar))"}]}, {"Node Type": "Index Scan", "Parent Relationship": "Inner", "Scan Direction": "Forward", "Index Name": "idx_lineitem_part_supp", "Relation Name": "lineitem", "Alias": "lineitem", "Startup Cost": 0.0, "Total Cost": 27.78, "Plan Rows": 2, "Plan Width": 24, "Index Cond": "(l_partkey = public.lineitem.l_partkey)", "Filter": "(l_quantity < (.2::double precision * (avg(public.lineitem.l_quantity))))"}]}]}, "Unique SQL Id": 1080450481}, "explain_analyze_plan": {"Plan": {"Node Type": "Aggregate", "Strategy": "Plain", "Startup Cost": 208324.62, "Total Cost": 208324.63, "Plan Rows": 1, "Plan Width": 16, "Actual Startup Time": 1198.059, "Actual Total Time": 1198.06, "Actual Rows": 1, "Actual Loops": 1, "Plans": [{"Node Type": "Nested Loop", "Parent Relationship": "Outer", "Join Type": "Inner", "Startup Cost": 128691.05, "Total Cost": 208322.6, "Plan Rows": 806, "Plan Width": 8, "Actual Startup Time": 1016.325, "Actual Total Time": 1197.018, "Actual Rows": 5403, "Actual Loops": 1, "Inner Unique": false, "Plans": [{"Node Type": "Nested Loop", "Parent Relationship": "Outer", "Join Type": "Inner", "Startup Cost": 128691.05, "Total Cost": 196146.55, "Plan Rows": 438, "Plan Width": 24, "Actual Startup Time": 1016.297, "Actual Total Time": 1034.231, "Actual Rows": 2003, "Actual Loops": 1, "Inner Unique": true, "Plans": [{"Node Type": "Aggregate", "Strategy": "Hashed", "Parent Relationship": "Outer", "Startup Cost": 128691.05, "Total Cost": 128884.11, "Plan Rows": 11032, "Plan Width": 16, "Actual Startup Time": 1016.266, "Actual Total Time": 1017.905, "Actual Rows": 2003, "Actual Loops": 1, "Group By Key": ["public.lineitem.l_partkey"], "Plans": [{"Node Type": "Nested Loop", "Parent Relationship": "Outer", "Join Type": "Inner", "Startup Cost": 0.0, "Total Cost": 128608.31, "Plan Rows": 11032, "Plan Width": 16, "Actual Startup Time": 0.361, "Actual Total Time": 975.259, "Actual Rows": 60021, "Actual Loops": 1, "Inner Unique": false, "Plans": [{"Node Type": "Seq Scan", "Parent Relationship": "Outer", "Relation Name": "part", "Alias": "part", "Startup Cost": 0.0, "Total Cost": 71944.0, "Plan Rows": 2001, "Plan Width": 8, "Actual Startup Time": 0.34, "Actual Total Time": 786.254, "Actual Rows": 2003, "Actual Loops": 1, "Filter": "((p_brand = 'Brand#44'::bpchar) AND (p_container = 'WRAP PKG'::bpchar))", "Rows Removed by Filter": 1997997}, {"Node Type": "Index Scan", "Parent Relationship": "Inner", "Scan Direction": "Forward", "Index Name": "idx_lineitem_part_supp", "Relation Name": "lineitem", "Alias": "lineitem", "Startup Cost": 0.0, "Total Cost": 28.26, "Plan Rows": 6, "Plan Width": 16, "Actual Startup Time": 25.976, "Actual Total Time": 174.503, "Actual Rows": 60021, "Actual Loops": 2003, "Index Cond": "(l_partkey = public.part.p_partkey)", "Rows Removed by Index Recheck": 0}]}]}, {"Node Type": "Index Scan", "Parent Relationship": "Inner", "Scan Direction": "Forward", "Index Name": "part_kpey", "Relation Name": "part", "Alias": "part", "Startup Cost": 0.0, "Total Cost": 6.08, "Plan Rows": 1, "Plan Width": 8, "Actual Startup Time": 14.697, "Actual Total Time": 14.697, "Actual Rows": 2003, "Actual Loops": 2003, "Index Cond": "(p_partkey = public.lineitem.l_partkey)", "Rows Removed by Index Recheck": 0, "Filter": "((p_brand = 'Brand#44'::bpchar) AND (p_container = 'WRAP PKG'::bpchar))", "Rows Removed by Filter": 0}]}, {"Node Type": "Index Scan", "Parent Relationship": "Inner", "Scan Direction": "Forward", "Index Name": "idx_lineitem_part_supp", "Relation Name": "lineitem", "Alias": "lineitem", "Startup Cost": 0.0, "Total Cost": 27.78, "Plan Rows": 2, "Plan Width": 24, "Actual Startup Time": 65.051, "Actual Total Time": 160.425, "Actual Rows": 5403, "Actual Loops": 2003, "Index Cond": "(l_partkey = public.lineitem.l_partkey)", "Rows Removed by Index Recheck": 0, "Filter": "(l_quantity < (.2::double precision * (avg(public.lineitem.l_quantity))))", "Rows Removed by Filter": 54618}]}]}, "Triggers": [], "Planner Runtime": 1.534, "Total Runtime": 1198.321, "Unique SQL Id": 1080450481}}, "(16, 89)": {"explain_plan": {"Plan": {"Node Type": "Aggregate", "Strategy": "Plain", "Startup Cost": 247183.87, "Total Cost": 247183.88, "Plan Rows": 1, "Plan Width": 16, "Plans": [{"Node Type": "Nested Loop", "Parent Relationship": "Outer", "Join Type": "Inner", "Startup Cost": 0.0, "Total Cost": 247181.85, "Plan Rows": 806, "Plan Width": 8, "Inner Unique": false, "Plans": [{"Node Type": "Nested Loop", "Parent Relationship": "Outer", "Join Type": "Inner", "Startup Cost": 0.0, "Total Cost": 235005.8, "Plan Rows": 438, "Plan Width": 24, "Inner Unique": true, "Plans": [{"Node Type": "Aggregate", "Strategy": "Sorted", "Parent Relationship": "Outer", "Startup Cost": 0.0, "Total Cost": 167743.36, "Plan Rows": 11032, "Plan Width": 80, "Group By Key": ["public.lineitem.l_partkey"], "Plans": [{"Node Type": "Nested Loop", "Parent Relationship": "Outer", "Join Type": "Inner", "Startup Cost": 0.0, "Total Cost": 167467.56, "Plan Rows": 11032, "Plan Width": 16, "Inner Unique": false, "Plans": [{"Node Type": "Index Scan", "Parent Relationship": "Outer", "Scan Direction": "Forward", "Index Name": "part_kpey", "Relation Name": "part", "Alias": "part", "Startup Cost": 0.0, "Total Cost": 110803.25, "Plan Rows": 2001, "Plan Width": 8, "Filter": "((p_brand = 'Brand#44'::bpchar) AND (p_container = 'WRAP PKG'::bpchar))"}, {"Node Type": "Index Scan", "Parent Relationship": "Inner", "Scan Direction": "Forward", "Index Name": "idx_lineitem_part_supp", "Relation Name": "lineitem", "Alias": "lineitem", "Startup Cost": 0.0, "Total Cost": 28.26, "Plan Rows": 6, "Plan Width": 16, "Index Cond": "(l_partkey = public.part.p_partkey)"}]}]}, {"Node Type": "Index Scan", "Parent Relationship": "Inner", "Scan Direction": "Forward", "Index Name": "part_kpey", "Relation Name": "part", "Alias": "part", "Startup Cost": 0.0, "Total Cost": 6.08, "Plan Rows": 1, "Plan Width": 8, "Index Cond": "(p_partkey = public.lineitem.l_partkey)", "Filter": "((p_brand = 'Brand#44'::bpchar) AND (p_container = 'WRAP PKG'::bpchar))"}]}, {"Node Type": "Index Scan", "Parent Relationship": "Inner", "Scan Direction": "Forward", "Index Name": "idx_lineitem_part_supp", "Relation Name": "lineitem", "Alias": "lineitem", "Startup Cost": 0.0, "Total Cost": 27.78, "Plan Rows": 2, "Plan Width": 24, "Index Cond": "(l_partkey = public.lineitem.l_partkey)", "Filter": "(l_quantity < (.2::double precision * (avg(public.lineitem.l_quantity))))"}]}]}, "Unique SQL Id": 1080450481}, "explain_analyze_plan": {"Plan": {"Node Type": "Aggregate", "Strategy": "Plain", "Startup Cost": 247183.87, "Total Cost": 247183.88, "Plan Rows": 1, "Plan Width": 16, "Actual Startup Time": 1672.251, "Actual Total Time": 1672.251, "Actual Rows": 1, "Actual Loops": 1, "Plans": [{"Node Type": "Nested Loop", "Parent Relationship": "Outer", "Join Type": "Inner", "Startup Cost": 0.0, "Total Cost": 247181.85, "Plan Rows": 806, "Plan Width": 8, "Actual Startup Time": 1.789, "Actual Total Time": 1671.055, "Actual Rows": 5403, "Actual Loops": 1, "Inner Unique": false, "Plans": [{"Node Type": "Nested Loop", "Parent Relationship": "Outer", "Join Type": "Inner", "Startup Cost": 0.0, "Total Cost": 235005.8, "Plan Rows": 438, "Plan Width": 24, "Actual Startup Time": 1.749, "Actual Total Time": 1591.323, "Actual Rows": 2003, "Actual Loops": 1, "Inner Unique": true, "Plans": [{"Node Type": "Aggregate", "Strategy": "Sorted", "Parent Relationship": "Outer", "Startup Cost": 0.0, "Total Cost": 167743.36, "Plan Rows": 11032, "Plan Width": 80, "Actual Startup Time": 1.737, "Actual Total Time": 1579.292, "Actual Rows": 2003, "Actual Loops": 1, "Group By Key": ["public.lineitem.l_partkey"], "Plans": [{"Node Type": "Nested Loop", "Parent Relationship": "Outer", "Join Type": "Inner", "Startup Cost": 0.0, "Total Cost": 167467.56, "Plan Rows": 11032, "Plan Width": 16, "Actual Startup Time": 0.583, "Actual Total Time": 1545.893, "Actual Rows": 60021, "Actual Loops": 1, "Inner Unique": false, "Plans": [{"Node Type": "Index Scan", "Parent Relationship": "Outer", "Scan Direction": "Forward", "Index Name": "part_kpey", "Relation Name": "part", "Alias": "part", "Startup Cost": 0.0, "Total Cost": 110803.25, "Plan Rows": 2001, "Plan Width": 8, "Actual Startup Time": 0.567, "Actual Total Time": 1351.997, "Actual Rows": 2003, "Actual Loops": 1, "Filter": "((p_brand = 'Brand#44'::bpchar) AND (p_container = 'WRAP PKG'::bpchar))", "Rows Removed by Filter": 1997997}, {"Node Type": "Index Scan", "Parent Relationship": "Inner", "Scan Direction": "Forward", "Index Name": "idx_lineitem_part_supp", "Relation Name": "lineitem", "Alias": "lineitem", "Startup Cost": 0.0, "Total Cost": 28.26, "Plan Rows": 6, "Plan Width": 16, "Actual Startup Time": 26.124, "Actual Total Time": 178.211, "Actual Rows": 60021, "Actual Loops": 2003, "Index Cond": "(l_partkey = public.part.p_partkey)", "Rows Removed by Index Recheck": 0}]}]}, {"Node Type": "Index Scan", "Parent Relationship": "Inner", "Scan Direction": "Forward", "Index Name": "part_kpey", "Relation Name": "part", "Alias": "part", "Startup Cost": 0.0, "Total Cost": 6.08, "Plan Rows": 1, "Plan Width": 8, "Actual Startup Time": 9.363, "Actual Total Time": 9.363, "Actual Rows": 2003, "Actual Loops": 2003, "Index Cond": "(p_partkey = public.lineitem.l_partkey)", "Rows Removed by Index Recheck": 0, "Filter": "((p_brand = 'Brand#44'::bpchar) AND (p_container = 'WRAP PKG'::bpchar))", "Rows Removed by Filter": 0}]}, {"Node Type": "Index Scan", "Parent Relationship": "Inner", "Scan Direction": "Forward", "Index Name": "idx_lineitem_part_supp", "Relation Name": "lineitem", "Alias": "lineitem", "Startup Cost": 0.0, "Total Cost": 27.78, "Plan Rows": 2, "Plan Width": 24, "Actual Startup Time": 33.256, "Actual Total Time": 76.813, "Actual Rows": 5403, "Actual Loops": 2003, "Index Cond": "(l_partkey = public.lineitem.l_partkey)", "Rows Removed by Index Recheck": 0, "Filter": "(l_quantity < (.2::double precision * (avg(public.lineitem.l_quantity))))", "Rows Removed by Filter": 54618}]}]}, "Triggers": [], "Planner Runtime": 1.448, "Total Runtime": 1672.5, "Unique SQL Id": 1080450481}}, "(16, 90)": {"explain_plan": {"Plan": {"Node Type": "Aggregate", "Strategy": "Plain", "Startup Cost": 20274334.15, "Total Cost": 20274334.16, "Plan Rows": 1, "Plan Width": 16, "Plans": [{"Node Type": "Merge Join", "Parent Relationship": "Outer", "Join Type": "Inner", "Startup Cost": 19673876.07, "Total Cost": 20274332.13, "Plan Rows": 806, "Plan Width": 8, "Inner Unique": false, "Merge Cond": "(public.lineitem.l_partkey = public.lineitem.l_partkey)", "Join Filter": "(public.lineitem.l_quantity < (.2::double precision * (avg(public.lineitem.l_quantity))))", "Plans": [{"Node Type": "Merge Join", "Parent Relationship": "Outer", "Join Type": "Inner", "Startup Cost": 9908991.76, "Total Cost": 10209475.33, "Plan Rows": 438, "Plan Width": 24, "Inner Unique": true, "Merge Cond": "(public.lineitem.l_partkey = public.part.p_partkey)", "Plans": [{"Node Type": "Aggregate", "Strategy": "Sorted", "Parent Relationship": "Outer", "Startup Cost": 9836938.04, "Total Cost": 10137269.33, "Plan Rows": 11032, "Plan Width": 80, "Group By Key": ["public.lineitem.l_partkey"], "Plans": [{"Node Type": "Merge Join", "Parent Relationship": "Outer", "Join Type": "Inner", "Startup Cost": 9836938.04, "Total Cost": 10136993.53, "Plan Rows": 11032, "Plan Width": 16, "Inner Unique": false, "Merge Cond": "(public.part.p_partkey = public.lineitem.l_partkey)", "Plans": [{"Node Type": "Sort", "Parent Relationship": "Outer", "Startup Cost": 72053.72, "Total Cost": 72058.72, "Plan Rows": 2001, "Plan Width": 8, "Sort Key": ["public.part.p_partkey"], "Plans": [{"Node Type": "Seq Scan", "Parent Relationship": "Outer", "Relation Name": "part", "Alias": "part", "Startup Cost": 0.0, "Total Cost": 71944.0, "Plan Rows": 2001, "Plan Width": 8, "Filter": "((p_brand = 'Brand#44'::bpchar) AND (p_container = 'WRAP PKG'::bpchar))"}]}, {"Node Type": "Sort", "Parent Relationship": "Inner", "Startup Cost": 9764884.32, "Total Cost": 9914851.9, "Plan Rows": 59987033, "Plan Width": 16, "Sort Key": ["public.lineitem.l_partkey"], "Plans": [{"Node Type": "Seq Scan", "Parent Relationship": "Outer", "Relation Name": "lineitem", "Alias": "lineitem", "Startup Cost": 0.0, "Total Cost": 2015115.33, "Plan Rows": 59987033, "Plan Width": 16}]}]}]}, {"Node Type": "Sort", "Parent Relationship": "Inner", "Startup Cost": 72053.72, "Total Cost": 72058.72, "Plan Rows": 2001, "Plan Width": 8, "Sort Key": ["public.part.p_partkey"], "Plans": [{"Node Type": "Seq Scan", "Parent Relationship": "Outer", "Relation Name": "part", "Alias": "part", "Startup Cost": 0.0, "Total Cost": 71944.0, "Plan Rows": 2001, "Plan Width": 8, "Filter": "((p_brand = 'Brand#44'::bpchar) AND (p_container = 'WRAP PKG'::bpchar))"}]}]}, {"Node Type": "Sort", "Parent Relationship": "Inner", "Startup Cost": 9764884.32, "Total Cost": 9914851.9, "Plan Rows": 59987033, "Plan Width": 24, "Sort Key": ["public.lineitem.l_partkey"], "Plans": [{"Node Type": "Seq Scan", "Parent Relationship": "Outer", "Relation Name": "lineitem", "Alias": "lineitem", "Startup Cost": 0.0, "Total Cost": 2015115.33, "Plan Rows": 59987033, "Plan Width": 24}]}]}]}, "Unique SQL Id": 1080450481}, "explain_analyze_plan": null}, "(16, 91)": {"explain_plan": {"Plan": {"Node Type": "Aggregate", "Strategy": "Plain", "Startup Cost": 4001573244062.54, "Total Cost": 4001573244062.55, "Plan Rows": 1, "Plan Width": 16, "Plans": [{"Node Type": "Merge Join", "Parent Relationship": "Outer", "Join Type": "Inner", "Startup Cost": 40000000000.0, "Total Cost": 4001573244060.52, "Plan Rows": 806, "Plan Width": 8, "Inner Unique": true, "Merge Cond": "(public.part.p_partkey = public.lineitem.l_partkey)", "Join Filter": "(public.lineitem.l_quantity < (.2::double precision * (avg(public.lineitem.l_quantity))))", "Plans": [{"Node Type": "Merge Join", "Parent Relationship": "Outer", "Join Type": "Inner", "Startup Cost": 20000000000.0, "Total Cost": 2000786621777.7, "Plan Rows": 11032, "Plan Width": 32, "Inner Unique": true, "Merge Cond": "(public.lineitem.l_partkey = public.part.p_partkey)", "Plans": [{"Node Type": "Index Scan", "Parent Relationship": "Outer", "Scan Direction": "Forward", "Index Name": "idx_lineitem_part_supp", "Relation Name": "lineitem", "Alias": "lineitem", "Startup Cost": 10000000000.0, "Total Cost": 1000775391319.64, "Plan Rows": 59987033, "Plan Width": 24}, {"Node Type": "Materialize", "Parent Relationship": "Inner", "Startup Cost": 10000000000.0, "Total Cost": 1000011080330.0, "Plan Rows": 2001, "Plan Width": 8, "Plans": [{"Node Type": "Index Scan", "Parent Relationship": "Outer", "Scan Direction": "Forward", "Index Name": "part_kpey", "Relation Name": "part", "Alias": "part", "Startup Cost": 10000000000.0, "Total Cost": 1000011080325.0, "Plan Rows": 2001, "Plan Width": 8, "Filter": "((p_brand = 'Brand#44'::bpchar) AND (p_container = 'WRAP PKG'::bpchar))"}]}]}, {"Node Type": "Materialize", "Parent Relationship": "Inner", "Startup Cost": 20000000000.0, "Total Cost": 2000786622191.4, "Plan Rows": 11032, "Plan Width": 16, "Plans": [{"Node Type": "Aggregate", "Strategy": "Sorted", "Parent Relationship": "Outer", "Startup Cost": 20000000000.0, "Total Cost": 2000786622053.5, "Plan Rows": 11032, "Plan Width": 80, "Group By Key": ["public.lineitem.l_partkey"], "Plans": [{"Node Type": "Merge Join", "Parent Relationship": "Outer", "Join Type": "Semi", "Startup Cost": 20000000000.0, "Total Cost": 2000786621777.7, "Plan Rows": 11032, "Plan Width": 16, "Inner Unique": false, "Merge Cond": "(public.lineitem.l_partkey = public.part.p_partkey)", "Plans": [{"Node Type": "Index Scan", "Parent Relationship": "Outer", "Scan Direction": "Forward", "Index Name": "idx_lineitem_part_supp", "Relation Name": "lineitem", "Alias": "lineitem", "Startup Cost": 10000000000.0, "Total Cost": 1000775391319.64, "Plan Rows": 59987033, "Plan Width": 16}, {"Node Type": "Materialize", "Parent Relationship": "Inner", "Startup Cost": 10000000000.0, "Total Cost": 1000011080330.0, "Plan Rows": 2001, "Plan Width": 8, "Plans": [{"Node Type": "Index Scan", "Parent Relationship": "Outer", "Scan Direction": "Forward", "Index Name": "part_kpey", "Relation Name": "part", "Alias": "part", "Startup Cost": 10000000000.0, "Total Cost": 1000011080325.0, "Plan Rows": 2001, "Plan Width": 8, "Filter": "((p_brand = 'Brand#44'::bpchar) AND (p_container = 'WRAP PKG'::bpchar))"}]}]}]}]}]}]}, "Unique SQL Id": 1080450481}, "explain_analyze_plan": null}, "(16, 92)": {"explain_plan": {"Plan": {"Node Type": "Aggregate", "Strategy": "Plain", "Startup Cost": 208324.62, "Total Cost": 208324.63, "Plan Rows": 1, "Plan Width": 16, "Plans": [{"Node Type": "Nested Loop", "Parent Relationship": "Outer", "Join Type": "Inner", "Startup Cost": 128691.05, "Total Cost": 208322.6, "Plan Rows": 806, "Plan Width": 8, "Inner Unique": false, "Plans": [{"Node Type": "Nested Loop", "Parent Relationship": "Outer", "Join Type": "Inner", "Startup Cost": 128691.05, "Total Cost": 196146.55, "Plan Rows": 438, "Plan Width": 24, "Inner Unique": true, "Plans": [{"Node Type": "Aggregate", "Strategy": "Hashed", "Parent Relationship": "Outer", "Startup Cost": 128691.05, "Total Cost": 128884.11, "Plan Rows": 11032, "Plan Width": 16, "Group By Key": ["public.lineitem.l_partkey"], "Plans": [{"Node Type": "Nested Loop", "Parent Relationship": "Outer", "Join Type": "Inner", "Startup Cost": 0.0, "Total Cost": 128608.31, "Plan Rows": 11032, "Plan Width": 16, "Inner Unique": false, "Plans": [{"Node Type": "Seq Scan", "Parent Relationship": "Outer", "Relation Name": "part", "Alias": "part", "Startup Cost": 0.0, "Total Cost": 71944.0, "Plan Rows": 2001, "Plan Width": 8, "Filter": "((p_brand = 'Brand#44'::bpchar) AND (p_container = 'WRAP PKG'::bpchar))"}, {"Node Type": "Index Scan", "Parent Relationship": "Inner", "Scan Direction": "Forward", "Index Name": "idx_lineitem_part_supp", "Relation Name": "lineitem", "Alias": "lineitem", "Startup Cost": 0.0, "Total Cost": 28.26, "Plan Rows": 6, "Plan Width": 16, "Index Cond": "(l_partkey = public.part.p_partkey)"}]}]}, {"Node Type": "Index Scan", "Parent Relationship": "Inner", "Scan Direction": "Forward", "Index Name": "part_kpey", "Relation Name": "part", "Alias": "part", "Startup Cost": 0.0, "Total Cost": 6.08, "Plan Rows": 1, "Plan Width": 8, "Index Cond": "(p_partkey = public.lineitem.l_partkey)", "Filter": "((p_brand = 'Brand#44'::bpchar) AND (p_container = 'WRAP PKG'::bpchar))"}]}, {"Node Type": "Index Scan", "Parent Relationship": "Inner", "Scan Direction": "Forward", "Index Name": "idx_lineitem_part_supp", "Relation Name": "lineitem", "Alias": "lineitem", "Startup Cost": 0.0, "Total Cost": 27.78, "Plan Rows": 2, "Plan Width": 24, "Index Cond": "(l_partkey = public.lineitem.l_partkey)", "Filter": "(l_quantity < (.2::double precision * (avg(public.lineitem.l_quantity))))"}]}]}, "Unique SQL Id": 1080450481}, "explain_analyze_plan": {"Plan": {"Node Type": "Aggregate", "Strategy": "Plain", "Startup Cost": 208324.62, "Total Cost": 208324.63, "Plan Rows": 1, "Plan Width": 16, "Actual Startup Time": 1198.059, "Actual Total Time": 1198.06, "Actual Rows": 1, "Actual Loops": 1, "Plans": [{"Node Type": "Nested Loop", "Parent Relationship": "Outer", "Join Type": "Inner", "Startup Cost": 128691.05, "Total Cost": 208322.6, "Plan Rows": 806, "Plan Width": 8, "Actual Startup Time": 1016.325, "Actual Total Time": 1197.018, "Actual Rows": 5403, "Actual Loops": 1, "Inner Unique": false, "Plans": [{"Node Type": "Nested Loop", "Parent Relationship": "Outer", "Join Type": "Inner", "Startup Cost": 128691.05, "Total Cost": 196146.55, "Plan Rows": 438, "Plan Width": 24, "Actual Startup Time": 1016.297, "Actual Total Time": 1034.231, "Actual Rows": 2003, "Actual Loops": 1, "Inner Unique": true, "Plans": [{"Node Type": "Aggregate", "Strategy": "Hashed", "Parent Relationship": "Outer", "Startup Cost": 128691.05, "Total Cost": 128884.11, "Plan Rows": 11032, "Plan Width": 16, "Actual Startup Time": 1016.266, "Actual Total Time": 1017.905, "Actual Rows": 2003, "Actual Loops": 1, "Group By Key": ["public.lineitem.l_partkey"], "Plans": [{"Node Type": "Nested Loop", "Parent Relationship": "Outer", "Join Type": "Inner", "Startup Cost": 0.0, "Total Cost": 128608.31, "Plan Rows": 11032, "Plan Width": 16, "Actual Startup Time": 0.361, "Actual Total Time": 975.259, "Actual Rows": 60021, "Actual Loops": 1, "Inner Unique": false, "Plans": [{"Node Type": "Seq Scan", "Parent Relationship": "Outer", "Relation Name": "part", "Alias": "part", "Startup Cost": 0.0, "Total Cost": 71944.0, "Plan Rows": 2001, "Plan Width": 8, "Actual Startup Time": 0.34, "Actual Total Time": 786.254, "Actual Rows": 2003, "Actual Loops": 1, "Filter": "((p_brand = 'Brand#44'::bpchar) AND (p_container = 'WRAP PKG'::bpchar))", "Rows Removed by Filter": 1997997}, {"Node Type": "Index Scan", "Parent Relationship": "Inner", "Scan Direction": "Forward", "Index Name": "idx_lineitem_part_supp", "Relation Name": "lineitem", "Alias": "lineitem", "Startup Cost": 0.0, "Total Cost": 28.26, "Plan Rows": 6, "Plan Width": 16, "Actual Startup Time": 25.976, "Actual Total Time": 174.503, "Actual Rows": 60021, "Actual Loops": 2003, "Index Cond": "(l_partkey = public.part.p_partkey)", "Rows Removed by Index Recheck": 0}]}]}, {"Node Type": "Index Scan", "Parent Relationship": "Inner", "Scan Direction": "Forward", "Index Name": "part_kpey", "Relation Name": "part", "Alias": "part", "Startup Cost": 0.0, "Total Cost": 6.08, "Plan Rows": 1, "Plan Width": 8, "Actual Startup Time": 14.697, "Actual Total Time": 14.697, "Actual Rows": 2003, "Actual Loops": 2003, "Index Cond": "(p_partkey = public.lineitem.l_partkey)", "Rows Removed by Index Recheck": 0, "Filter": "((p_brand = 'Brand#44'::bpchar) AND (p_container = 'WRAP PKG'::bpchar))", "Rows Removed by Filter": 0}]}, {"Node Type": "Index Scan", "Parent Relationship": "Inner", "Scan Direction": "Forward", "Index Name": "idx_lineitem_part_supp", "Relation Name": "lineitem", "Alias": "lineitem", "Startup Cost": 0.0, "Total Cost": 27.78, "Plan Rows": 2, "Plan Width": 24, "Actual Startup Time": 65.051, "Actual Total Time": 160.425, "Actual Rows": 5403, "Actual Loops": 2003, "Index Cond": "(l_partkey = public.lineitem.l_partkey)", "Rows Removed by Index Recheck": 0, "Filter": "(l_quantity < (.2::double precision * (avg(public.lineitem.l_quantity))))", "Rows Removed by Filter": 54618}]}]}, "Triggers": [], "Planner Runtime": 1.534, "Total Runtime": 1198.321, "Unique SQL Id": 1080450481}}, "(16, 93)": {"explain_plan": {"Plan": {"Node Type": "Aggregate", "Strategy": "Plain", "Startup Cost": 247183.87, "Total Cost": 247183.88, "Plan Rows": 1, "Plan Width": 16, "Plans": [{"Node Type": "Nested Loop", "Parent Relationship": "Outer", "Join Type": "Inner", "Startup Cost": 0.0, "Total Cost": 247181.85, "Plan Rows": 806, "Plan Width": 8, "Inner Unique": false, "Plans": [{"Node Type": "Nested Loop", "Parent Relationship": "Outer", "Join Type": "Inner", "Startup Cost": 0.0, "Total Cost": 235005.8, "Plan Rows": 438, "Plan Width": 24, "Inner Unique": true, "Plans": [{"Node Type": "Aggregate", "Strategy": "Sorted", "Parent Relationship": "Outer", "Startup Cost": 0.0, "Total Cost": 167743.36, "Plan Rows": 11032, "Plan Width": 80, "Group By Key": ["public.lineitem.l_partkey"], "Plans": [{"Node Type": "Nested Loop", "Parent Relationship": "Outer", "Join Type": "Inner", "Startup Cost": 0.0, "Total Cost": 167467.56, "Plan Rows": 11032, "Plan Width": 16, "Inner Unique": false, "Plans": [{"Node Type": "Index Scan", "Parent Relationship": "Outer", "Scan Direction": "Forward", "Index Name": "part_kpey", "Relation Name": "part", "Alias": "part", "Startup Cost": 0.0, "Total Cost": 110803.25, "Plan Rows": 2001, "Plan Width": 8, "Filter": "((p_brand = 'Brand#44'::bpchar) AND (p_container = 'WRAP PKG'::bpchar))"}, {"Node Type": "Index Scan", "Parent Relationship": "Inner", "Scan Direction": "Forward", "Index Name": "idx_lineitem_part_supp", "Relation Name": "lineitem", "Alias": "lineitem", "Startup Cost": 0.0, "Total Cost": 28.26, "Plan Rows": 6, "Plan Width": 16, "Index Cond": "(l_partkey = public.part.p_partkey)"}]}]}, {"Node Type": "Index Scan", "Parent Relationship": "Inner", "Scan Direction": "Forward", "Index Name": "part_kpey", "Relation Name": "part", "Alias": "part", "Startup Cost": 0.0, "Total Cost": 6.08, "Plan Rows": 1, "Plan Width": 8, "Index Cond": "(p_partkey = public.lineitem.l_partkey)", "Filter": "((p_brand = 'Brand#44'::bpchar) AND (p_container = 'WRAP PKG'::bpchar))"}]}, {"Node Type": "Index Scan", "Parent Relationship": "Inner", "Scan Direction": "Forward", "Index Name": "idx_lineitem_part_supp", "Relation Name": "lineitem", "Alias": "lineitem", "Startup Cost": 0.0, "Total Cost": 27.78, "Plan Rows": 2, "Plan Width": 24, "Index Cond": "(l_partkey = public.lineitem.l_partkey)", "Filter": "(l_quantity < (.2::double precision * (avg(public.lineitem.l_quantity))))"}]}]}, "Unique SQL Id": 1080450481}, "explain_analyze_plan": {"Plan": {"Node Type": "Aggregate", "Strategy": "Plain", "Startup Cost": 247183.87, "Total Cost": 247183.88, "Plan Rows": 1, "Plan Width": 16, "Actual Startup Time": 1672.251, "Actual Total Time": 1672.251, "Actual Rows": 1, "Actual Loops": 1, "Plans": [{"Node Type": "Nested Loop", "Parent Relationship": "Outer", "Join Type": "Inner", "Startup Cost": 0.0, "Total Cost": 247181.85, "Plan Rows": 806, "Plan Width": 8, "Actual Startup Time": 1.789, "Actual Total Time": 1671.055, "Actual Rows": 5403, "Actual Loops": 1, "Inner Unique": false, "Plans": [{"Node Type": "Nested Loop", "Parent Relationship": "Outer", "Join Type": "Inner", "Startup Cost": 0.0, "Total Cost": 235005.8, "Plan Rows": 438, "Plan Width": 24, "Actual Startup Time": 1.749, "Actual Total Time": 1591.323, "Actual Rows": 2003, "Actual Loops": 1, "Inner Unique": true, "Plans": [{"Node Type": "Aggregate", "Strategy": "Sorted", "Parent Relationship": "Outer", "Startup Cost": 0.0, "Total Cost": 167743.36, "Plan Rows": 11032, "Plan Width": 80, "Actual Startup Time": 1.737, "Actual Total Time": 1579.292, "Actual Rows": 2003, "Actual Loops": 1, "Group By Key": ["public.lineitem.l_partkey"], "Plans": [{"Node Type": "Nested Loop", "Parent Relationship": "Outer", "Join Type": "Inner", "Startup Cost": 0.0, "Total Cost": 167467.56, "Plan Rows": 11032, "Plan Width": 16, "Actual Startup Time": 0.583, "Actual Total Time": 1545.893, "Actual Rows": 60021, "Actual Loops": 1, "Inner Unique": false, "Plans": [{"Node Type": "Index Scan", "Parent Relationship": "Outer", "Scan Direction": "Forward", "Index Name": "part_kpey", "Relation Name": "part", "Alias": "part", "Startup Cost": 0.0, "Total Cost": 110803.25, "Plan Rows": 2001, "Plan Width": 8, "Actual Startup Time": 0.567, "Actual Total Time": 1351.997, "Actual Rows": 2003, "Actual Loops": 1, "Filter": "((p_brand = 'Brand#44'::bpchar) AND (p_container = 'WRAP PKG'::bpchar))", "Rows Removed by Filter": 1997997}, {"Node Type": "Index Scan", "Parent Relationship": "Inner", "Scan Direction": "Forward", "Index Name": "idx_lineitem_part_supp", "Relation Name": "lineitem", "Alias": "lineitem", "Startup Cost": 0.0, "Total Cost": 28.26, "Plan Rows": 6, "Plan Width": 16, "Actual Startup Time": 26.124, "Actual Total Time": 178.211, "Actual Rows": 60021, "Actual Loops": 2003, "Index Cond": "(l_partkey = public.part.p_partkey)", "Rows Removed by Index Recheck": 0}]}]}, {"Node Type": "Index Scan", "Parent Relationship": "Inner", "Scan Direction": "Forward", "Index Name": "part_kpey", "Relation Name": "part", "Alias": "part", "Startup Cost": 0.0, "Total Cost": 6.08, "Plan Rows": 1, "Plan Width": 8, "Actual Startup Time": 9.363, "Actual Total Time": 9.363, "Actual Rows": 2003, "Actual Loops": 2003, "Index Cond": "(p_partkey = public.lineitem.l_partkey)", "Rows Removed by Index Recheck": 0, "Filter": "((p_brand = 'Brand#44'::bpchar) AND (p_container = 'WRAP PKG'::bpchar))", "Rows Removed by Filter": 0}]}, {"Node Type": "Index Scan", "Parent Relationship": "Inner", "Scan Direction": "Forward", "Index Name": "idx_lineitem_part_supp", "Relation Name": "lineitem", "Alias": "lineitem", "Startup Cost": 0.0, "Total Cost": 27.78, "Plan Rows": 2, "Plan Width": 24, "Actual Startup Time": 33.256, "Actual Total Time": 76.813, "Actual Rows": 5403, "Actual Loops": 2003, "Index Cond": "(l_partkey = public.lineitem.l_partkey)", "Rows Removed by Index Recheck": 0, "Filter": "(l_quantity < (.2::double precision * (avg(public.lineitem.l_quantity))))", "Rows Removed by Filter": 54618}]}]}, "Triggers": [], "Planner Runtime": 1.448, "Total Runtime": 1672.5, "Unique SQL Id": 1080450481}}, "(16, 94)": {"explain_plan": {"Plan": {"Node Type": "Aggregate", "Strategy": "Plain", "Startup Cost": 20274334.15, "Total Cost": 20274334.16, "Plan Rows": 1, "Plan Width": 16, "Plans": [{"Node Type": "Merge Join", "Parent Relationship": "Outer", "Join Type": "Inner", "Startup Cost": 19673876.07, "Total Cost": 20274332.13, "Plan Rows": 806, "Plan Width": 8, "Inner Unique": false, "Merge Cond": "(public.lineitem.l_partkey = public.lineitem.l_partkey)", "Join Filter": "(public.lineitem.l_quantity < (.2::double precision * (avg(public.lineitem.l_quantity))))", "Plans": [{"Node Type": "Merge Join", "Parent Relationship": "Outer", "Join Type": "Inner", "Startup Cost": 9908991.76, "Total Cost": 10209475.33, "Plan Rows": 438, "Plan Width": 24, "Inner Unique": true, "Merge Cond": "(public.lineitem.l_partkey = public.part.p_partkey)", "Plans": [{"Node Type": "Aggregate", "Strategy": "Sorted", "Parent Relationship": "Outer", "Startup Cost": 9836938.04, "Total Cost": 10137269.33, "Plan Rows": 11032, "Plan Width": 80, "Group By Key": ["public.lineitem.l_partkey"], "Plans": [{"Node Type": "Merge Join", "Parent Relationship": "Outer", "Join Type": "Inner", "Startup Cost": 9836938.04, "Total Cost": 10136993.53, "Plan Rows": 11032, "Plan Width": 16, "Inner Unique": false, "Merge Cond": "(public.part.p_partkey = public.lineitem.l_partkey)", "Plans": [{"Node Type": "Sort", "Parent Relationship": "Outer", "Startup Cost": 72053.72, "Total Cost": 72058.72, "Plan Rows": 2001, "Plan Width": 8, "Sort Key": ["public.part.p_partkey"], "Plans": [{"Node Type": "Seq Scan", "Parent Relationship": "Outer", "Relation Name": "part", "Alias": "part", "Startup Cost": 0.0, "Total Cost": 71944.0, "Plan Rows": 2001, "Plan Width": 8, "Filter": "((p_brand = 'Brand#44'::bpchar) AND (p_container = 'WRAP PKG'::bpchar))"}]}, {"Node Type": "Sort", "Parent Relationship": "Inner", "Startup Cost": 9764884.32, "Total Cost": 9914851.9, "Plan Rows": 59987033, "Plan Width": 16, "Sort Key": ["public.lineitem.l_partkey"], "Plans": [{"Node Type": "Seq Scan", "Parent Relationship": "Outer", "Relation Name": "lineitem", "Alias": "lineitem", "Startup Cost": 0.0, "Total Cost": 2015115.33, "Plan Rows": 59987033, "Plan Width": 16}]}]}]}, {"Node Type": "Sort", "Parent Relationship": "Inner", "Startup Cost": 72053.72, "Total Cost": 72058.72, "Plan Rows": 2001, "Plan Width": 8, "Sort Key": ["public.part.p_partkey"], "Plans": [{"Node Type": "Seq Scan", "Parent Relationship": "Outer", "Relation Name": "part", "Alias": "part", "Startup Cost": 0.0, "Total Cost": 71944.0, "Plan Rows": 2001, "Plan Width": 8, "Filter": "((p_brand = 'Brand#44'::bpchar) AND (p_container = 'WRAP PKG'::bpchar))"}]}]}, {"Node Type": "Sort", "Parent Relationship": "Inner", "Startup Cost": 9764884.32, "Total Cost": 9914851.9, "Plan Rows": 59987033, "Plan Width": 24, "Sort Key": ["public.lineitem.l_partkey"], "Plans": [{"Node Type": "Seq Scan", "Parent Relationship": "Outer", "Relation Name": "lineitem", "Alias": "lineitem", "Startup Cost": 0.0, "Total Cost": 2015115.33, "Plan Rows": 59987033, "Plan Width": 24}]}]}]}, "Unique SQL Id": 1080450481}, "explain_analyze_plan": null}, "(16, 95)": {"explain_plan": {"Plan": {"Node Type": "Aggregate", "Strategy": "Plain", "Startup Cost": 4001573244062.54, "Total Cost": 4001573244062.55, "Plan Rows": 1, "Plan Width": 16, "Plans": [{"Node Type": "Merge Join", "Parent Relationship": "Outer", "Join Type": "Inner", "Startup Cost": 40000000000.0, "Total Cost": 4001573244060.52, "Plan Rows": 806, "Plan Width": 8, "Inner Unique": true, "Merge Cond": "(public.part.p_partkey = public.lineitem.l_partkey)", "Join Filter": "(public.lineitem.l_quantity < (.2::double precision * (avg(public.lineitem.l_quantity))))", "Plans": [{"Node Type": "Merge Join", "Parent Relationship": "Outer", "Join Type": "Inner", "Startup Cost": 20000000000.0, "Total Cost": 2000786621777.7, "Plan Rows": 11032, "Plan Width": 32, "Inner Unique": true, "Merge Cond": "(public.lineitem.l_partkey = public.part.p_partkey)", "Plans": [{"Node Type": "Index Scan", "Parent Relationship": "Outer", "Scan Direction": "Forward", "Index Name": "idx_lineitem_part_supp", "Relation Name": "lineitem", "Alias": "lineitem", "Startup Cost": 10000000000.0, "Total Cost": 1000775391319.64, "Plan Rows": 59987033, "Plan Width": 24}, {"Node Type": "Materialize", "Parent Relationship": "Inner", "Startup Cost": 10000000000.0, "Total Cost": 1000011080330.0, "Plan Rows": 2001, "Plan Width": 8, "Plans": [{"Node Type": "Index Scan", "Parent Relationship": "Outer", "Scan Direction": "Forward", "Index Name": "part_kpey", "Relation Name": "part", "Alias": "part", "Startup Cost": 10000000000.0, "Total Cost": 1000011080325.0, "Plan Rows": 2001, "Plan Width": 8, "Filter": "((p_brand = 'Brand#44'::bpchar) AND (p_container = 'WRAP PKG'::bpchar))"}]}]}, {"Node Type": "Materialize", "Parent Relationship": "Inner", "Startup Cost": 20000000000.0, "Total Cost": 2000786622191.4, "Plan Rows": 11032, "Plan Width": 16, "Plans": [{"Node Type": "Aggregate", "Strategy": "Sorted", "Parent Relationship": "Outer", "Startup Cost": 20000000000.0, "Total Cost": 2000786622053.5, "Plan Rows": 11032, "Plan Width": 80, "Group By Key": ["public.lineitem.l_partkey"], "Plans": [{"Node Type": "Merge Join", "Parent Relationship": "Outer", "Join Type": "Semi", "Startup Cost": 20000000000.0, "Total Cost": 2000786621777.7, "Plan Rows": 11032, "Plan Width": 16, "Inner Unique": false, "Merge Cond": "(public.lineitem.l_partkey = public.part.p_partkey)", "Plans": [{"Node Type": "Index Scan", "Parent Relationship": "Outer", "Scan Direction": "Forward", "Index Name": "idx_lineitem_part_supp", "Relation Name": "lineitem", "Alias": "lineitem", "Startup Cost": 10000000000.0, "Total Cost": 1000775391319.64, "Plan Rows": 59987033, "Plan Width": 16}, {"Node Type": "Materialize", "Parent Relationship": "Inner", "Startup Cost": 10000000000.0, "Total Cost": 1000011080330.0, "Plan Rows": 2001, "Plan Width": 8, "Plans": [{"Node Type": "Index Scan", "Parent Relationship": "Outer", "Scan Direction": "Forward", "Index Name": "part_kpey", "Relation Name": "part", "Alias": "part", "Startup Cost": 10000000000.0, "Total Cost": 1000011080325.0, "Plan Rows": 2001, "Plan Width": 8, "Filter": "((p_brand = 'Brand#44'::bpchar) AND (p_container = 'WRAP PKG'::bpchar))"}]}]}]}]}]}]}, "Unique SQL Id": 1080450481}, "explain_analyze_plan": null}, "(16, 96)": {"explain_plan": {"Plan": {"Node Type": "Aggregate", "Strategy": "Plain", "Startup Cost": 208324.62, "Total Cost": 208324.63, "Plan Rows": 1, "Plan Width": 16, "Plans": [{"Node Type": "Nested Loop", "Parent Relationship": "Outer", "Join Type": "Inner", "Startup Cost": 128691.05, "Total Cost": 208322.6, "Plan Rows": 806, "Plan Width": 8, "Inner Unique": false, "Plans": [{"Node Type": "Nested Loop", "Parent Relationship": "Outer", "Join Type": "Inner", "Startup Cost": 128691.05, "Total Cost": 196146.55, "Plan Rows": 438, "Plan Width": 24, "Inner Unique": true, "Plans": [{"Node Type": "Aggregate", "Strategy": "Hashed", "Parent Relationship": "Outer", "Startup Cost": 128691.05, "Total Cost": 128884.11, "Plan Rows": 11032, "Plan Width": 16, "Group By Key": ["public.lineitem.l_partkey"], "Plans": [{"Node Type": "Nested Loop", "Parent Relationship": "Outer", "Join Type": "Inner", "Startup Cost": 0.0, "Total Cost": 128608.31, "Plan Rows": 11032, "Plan Width": 16, "Inner Unique": false, "Plans": [{"Node Type": "Seq Scan", "Parent Relationship": "Outer", "Relation Name": "part", "Alias": "part", "Startup Cost": 0.0, "Total Cost": 71944.0, "Plan Rows": 2001, "Plan Width": 8, "Filter": "((p_brand = 'Brand#44'::bpchar) AND (p_container = 'WRAP PKG'::bpchar))"}, {"Node Type": "Index Scan", "Parent Relationship": "Inner", "Scan Direction": "Forward", "Index Name": "idx_lineitem_part_supp", "Relation Name": "lineitem", "Alias": "lineitem", "Startup Cost": 0.0, "Total Cost": 28.26, "Plan Rows": 6, "Plan Width": 16, "Index Cond": "(l_partkey = public.part.p_partkey)"}]}]}, {"Node Type": "Index Scan", "Parent Relationship": "Inner", "Scan Direction": "Forward", "Index Name": "part_kpey", "Relation Name": "part", "Alias": "part", "Startup Cost": 0.0, "Total Cost": 6.08, "Plan Rows": 1, "Plan Width": 8, "Index Cond": "(p_partkey = public.lineitem.l_partkey)", "Filter": "((p_brand = 'Brand#44'::bpchar) AND (p_container = 'WRAP PKG'::bpchar))"}]}, {"Node Type": "Index Scan", "Parent Relationship": "Inner", "Scan Direction": "Forward", "Index Name": "idx_lineitem_part_supp", "Relation Name": "lineitem", "Alias": "lineitem", "Startup Cost": 0.0, "Total Cost": 27.78, "Plan Rows": 2, "Plan Width": 24, "Index Cond": "(l_partkey = public.lineitem.l_partkey)", "Filter": "(l_quantity < (.2::double precision * (avg(public.lineitem.l_quantity))))"}]}]}, "Unique SQL Id": 1080450481}, "explain_analyze_plan": {"Plan": {"Node Type": "Aggregate", "Strategy": "Plain", "Startup Cost": 208324.62, "Total Cost": 208324.63, "Plan Rows": 1, "Plan Width": 16, "Actual Startup Time": 1198.059, "Actual Total Time": 1198.06, "Actual Rows": 1, "Actual Loops": 1, "Plans": [{"Node Type": "Nested Loop", "Parent Relationship": "Outer", "Join Type": "Inner", "Startup Cost": 128691.05, "Total Cost": 208322.6, "Plan Rows": 806, "Plan Width": 8, "Actual Startup Time": 1016.325, "Actual Total Time": 1197.018, "Actual Rows": 5403, "Actual Loops": 1, "Inner Unique": false, "Plans": [{"Node Type": "Nested Loop", "Parent Relationship": "Outer", "Join Type": "Inner", "Startup Cost": 128691.05, "Total Cost": 196146.55, "Plan Rows": 438, "Plan Width": 24, "Actual Startup Time": 1016.297, "Actual Total Time": 1034.231, "Actual Rows": 2003, "Actual Loops": 1, "Inner Unique": true, "Plans": [{"Node Type": "Aggregate", "Strategy": "Hashed", "Parent Relationship": "Outer", "Startup Cost": 128691.05, "Total Cost": 128884.11, "Plan Rows": 11032, "Plan Width": 16, "Actual Startup Time": 1016.266, "Actual Total Time": 1017.905, "Actual Rows": 2003, "Actual Loops": 1, "Group By Key": ["public.lineitem.l_partkey"], "Plans": [{"Node Type": "Nested Loop", "Parent Relationship": "Outer", "Join Type": "Inner", "Startup Cost": 0.0, "Total Cost": 128608.31, "Plan Rows": 11032, "Plan Width": 16, "Actual Startup Time": 0.361, "Actual Total Time": 975.259, "Actual Rows": 60021, "Actual Loops": 1, "Inner Unique": false, "Plans": [{"Node Type": "Seq Scan", "Parent Relationship": "Outer", "Relation Name": "part", "Alias": "part", "Startup Cost": 0.0, "Total Cost": 71944.0, "Plan Rows": 2001, "Plan Width": 8, "Actual Startup Time": 0.34, "Actual Total Time": 786.254, "Actual Rows": 2003, "Actual Loops": 1, "Filter": "((p_brand = 'Brand#44'::bpchar) AND (p_container = 'WRAP PKG'::bpchar))", "Rows Removed by Filter": 1997997}, {"Node Type": "Index Scan", "Parent Relationship": "Inner", "Scan Direction": "Forward", "Index Name": "idx_lineitem_part_supp", "Relation Name": "lineitem", "Alias": "lineitem", "Startup Cost": 0.0, "Total Cost": 28.26, "Plan Rows": 6, "Plan Width": 16, "Actual Startup Time": 25.976, "Actual Total Time": 174.503, "Actual Rows": 60021, "Actual Loops": 2003, "Index Cond": "(l_partkey = public.part.p_partkey)", "Rows Removed by Index Recheck": 0}]}]}, {"Node Type": "Index Scan", "Parent Relationship": "Inner", "Scan Direction": "Forward", "Index Name": "part_kpey", "Relation Name": "part", "Alias": "part", "Startup Cost": 0.0, "Total Cost": 6.08, "Plan Rows": 1, "Plan Width": 8, "Actual Startup Time": 14.697, "Actual Total Time": 14.697, "Actual Rows": 2003, "Actual Loops": 2003, "Index Cond": "(p_partkey = public.lineitem.l_partkey)", "Rows Removed by Index Recheck": 0, "Filter": "((p_brand = 'Brand#44'::bpchar) AND (p_container = 'WRAP PKG'::bpchar))", "Rows Removed by Filter": 0}]}, {"Node Type": "Index Scan", "Parent Relationship": "Inner", "Scan Direction": "Forward", "Index Name": "idx_lineitem_part_supp", "Relation Name": "lineitem", "Alias": "lineitem", "Startup Cost": 0.0, "Total Cost": 27.78, "Plan Rows": 2, "Plan Width": 24, "Actual Startup Time": 65.051, "Actual Total Time": 160.425, "Actual Rows": 5403, "Actual Loops": 2003, "Index Cond": "(l_partkey = public.lineitem.l_partkey)", "Rows Removed by Index Recheck": 0, "Filter": "(l_quantity < (.2::double precision * (avg(public.lineitem.l_quantity))))", "Rows Removed by Filter": 54618}]}]}, "Triggers": [], "Planner Runtime": 1.534, "Total Runtime": 1198.321, "Unique SQL Id": 1080450481}}, "(16, 97)": {"explain_plan": {"Plan": {"Node Type": "Aggregate", "Strategy": "Plain", "Startup Cost": 247183.87, "Total Cost": 247183.88, "Plan Rows": 1, "Plan Width": 16, "Plans": [{"Node Type": "Nested Loop", "Parent Relationship": "Outer", "Join Type": "Inner", "Startup Cost": 0.0, "Total Cost": 247181.85, "Plan Rows": 806, "Plan Width": 8, "Inner Unique": false, "Plans": [{"Node Type": "Nested Loop", "Parent Relationship": "Outer", "Join Type": "Inner", "Startup Cost": 0.0, "Total Cost": 235005.8, "Plan Rows": 438, "Plan Width": 24, "Inner Unique": true, "Plans": [{"Node Type": "Aggregate", "Strategy": "Sorted", "Parent Relationship": "Outer", "Startup Cost": 0.0, "Total Cost": 167743.36, "Plan Rows": 11032, "Plan Width": 80, "Group By Key": ["public.lineitem.l_partkey"], "Plans": [{"Node Type": "Nested Loop", "Parent Relationship": "Outer", "Join Type": "Inner", "Startup Cost": 0.0, "Total Cost": 167467.56, "Plan Rows": 11032, "Plan Width": 16, "Inner Unique": false, "Plans": [{"Node Type": "Index Scan", "Parent Relationship": "Outer", "Scan Direction": "Forward", "Index Name": "part_kpey", "Relation Name": "part", "Alias": "part", "Startup Cost": 0.0, "Total Cost": 110803.25, "Plan Rows": 2001, "Plan Width": 8, "Filter": "((p_brand = 'Brand#44'::bpchar) AND (p_container = 'WRAP PKG'::bpchar))"}, {"Node Type": "Index Scan", "Parent Relationship": "Inner", "Scan Direction": "Forward", "Index Name": "idx_lineitem_part_supp", "Relation Name": "lineitem", "Alias": "lineitem", "Startup Cost": 0.0, "Total Cost": 28.26, "Plan Rows": 6, "Plan Width": 16, "Index Cond": "(l_partkey = public.part.p_partkey)"}]}]}, {"Node Type": "Index Scan", "Parent Relationship": "Inner", "Scan Direction": "Forward", "Index Name": "part_kpey", "Relation Name": "part", "Alias": "part", "Startup Cost": 0.0, "Total Cost": 6.08, "Plan Rows": 1, "Plan Width": 8, "Index Cond": "(p_partkey = public.lineitem.l_partkey)", "Filter": "((p_brand = 'Brand#44'::bpchar) AND (p_container = 'WRAP PKG'::bpchar))"}]}, {"Node Type": "Index Scan", "Parent Relationship": "Inner", "Scan Direction": "Forward", "Index Name": "idx_lineitem_part_supp", "Relation Name": "lineitem", "Alias": "lineitem", "Startup Cost": 0.0, "Total Cost": 27.78, "Plan Rows": 2, "Plan Width": 24, "Index Cond": "(l_partkey = public.lineitem.l_partkey)", "Filter": "(l_quantity < (.2::double precision * (avg(public.lineitem.l_quantity))))"}]}]}, "Unique SQL Id": 1080450481}, "explain_analyze_plan": {"Plan": {"Node Type": "Aggregate", "Strategy": "Plain", "Startup Cost": 247183.87, "Total Cost": 247183.88, "Plan Rows": 1, "Plan Width": 16, "Actual Startup Time": 1672.251, "Actual Total Time": 1672.251, "Actual Rows": 1, "Actual Loops": 1, "Plans": [{"Node Type": "Nested Loop", "Parent Relationship": "Outer", "Join Type": "Inner", "Startup Cost": 0.0, "Total Cost": 247181.85, "Plan Rows": 806, "Plan Width": 8, "Actual Startup Time": 1.789, "Actual Total Time": 1671.055, "Actual Rows": 5403, "Actual Loops": 1, "Inner Unique": false, "Plans": [{"Node Type": "Nested Loop", "Parent Relationship": "Outer", "Join Type": "Inner", "Startup Cost": 0.0, "Total Cost": 235005.8, "Plan Rows": 438, "Plan Width": 24, "Actual Startup Time": 1.749, "Actual Total Time": 1591.323, "Actual Rows": 2003, "Actual Loops": 1, "Inner Unique": true, "Plans": [{"Node Type": "Aggregate", "Strategy": "Sorted", "Parent Relationship": "Outer", "Startup Cost": 0.0, "Total Cost": 167743.36, "Plan Rows": 11032, "Plan Width": 80, "Actual Startup Time": 1.737, "Actual Total Time": 1579.292, "Actual Rows": 2003, "Actual Loops": 1, "Group By Key": ["public.lineitem.l_partkey"], "Plans": [{"Node Type": "Nested Loop", "Parent Relationship": "Outer", "Join Type": "Inner", "Startup Cost": 0.0, "Total Cost": 167467.56, "Plan Rows": 11032, "Plan Width": 16, "Actual Startup Time": 0.583, "Actual Total Time": 1545.893, "Actual Rows": 60021, "Actual Loops": 1, "Inner Unique": false, "Plans": [{"Node Type": "Index Scan", "Parent Relationship": "Outer", "Scan Direction": "Forward", "Index Name": "part_kpey", "Relation Name": "part", "Alias": "part", "Startup Cost": 0.0, "Total Cost": 110803.25, "Plan Rows": 2001, "Plan Width": 8, "Actual Startup Time": 0.567, "Actual Total Time": 1351.997, "Actual Rows": 2003, "Actual Loops": 1, "Filter": "((p_brand = 'Brand#44'::bpchar) AND (p_container = 'WRAP PKG'::bpchar))", "Rows Removed by Filter": 1997997}, {"Node Type": "Index Scan", "Parent Relationship": "Inner", "Scan Direction": "Forward", "Index Name": "idx_lineitem_part_supp", "Relation Name": "lineitem", "Alias": "lineitem", "Startup Cost": 0.0, "Total Cost": 28.26, "Plan Rows": 6, "Plan Width": 16, "Actual Startup Time": 26.124, "Actual Total Time": 178.211, "Actual Rows": 60021, "Actual Loops": 2003, "Index Cond": "(l_partkey = public.part.p_partkey)", "Rows Removed by Index Recheck": 0}]}]}, {"Node Type": "Index Scan", "Parent Relationship": "Inner", "Scan Direction": "Forward", "Index Name": "part_kpey", "Relation Name": "part", "Alias": "part", "Startup Cost": 0.0, "Total Cost": 6.08, "Plan Rows": 1, "Plan Width": 8, "Actual Startup Time": 9.363, "Actual Total Time": 9.363, "Actual Rows": 2003, "Actual Loops": 2003, "Index Cond": "(p_partkey = public.lineitem.l_partkey)", "Rows Removed by Index Recheck": 0, "Filter": "((p_brand = 'Brand#44'::bpchar) AND (p_container = 'WRAP PKG'::bpchar))", "Rows Removed by Filter": 0}]}, {"Node Type": "Index Scan", "Parent Relationship": "Inner", "Scan Direction": "Forward", "Index Name": "idx_lineitem_part_supp", "Relation Name": "lineitem", "Alias": "lineitem", "Startup Cost": 0.0, "Total Cost": 27.78, "Plan Rows": 2, "Plan Width": 24, "Actual Startup Time": 33.256, "Actual Total Time": 76.813, "Actual Rows": 5403, "Actual Loops": 2003, "Index Cond": "(l_partkey = public.lineitem.l_partkey)", "Rows Removed by Index Recheck": 0, "Filter": "(l_quantity < (.2::double precision * (avg(public.lineitem.l_quantity))))", "Rows Removed by Filter": 54618}]}]}, "Triggers": [], "Planner Runtime": 1.448, "Total Runtime": 1672.5, "Unique SQL Id": 1080450481}}, "(16, 98)": {"explain_plan": {"Plan": {"Node Type": "Aggregate", "Strategy": "Plain", "Startup Cost": 213754.44, "Total Cost": 213754.45, "Plan Rows": 1, "Plan Width": 16, "Plans": [{"Node Type": "Nested Loop", "Parent Relationship": "Outer", "Join Type": "Inner", "Startup Cost": 129265.51, "Total Cost": 213752.42, "Plan Rows": 806, "Plan Width": 8, "Inner Unique": false, "Plans": [{"Node Type": "Hash Join", "Parent Relationship": "Outer", "Join Type": "Inner", "Startup Cost": 129261.29, "Total Cost": 201352.24, "Plan Rows": 438, "Plan Width": 24, "Inner Unique": true, "Hash Cond": "(public.part.p_partkey = subquery.\"?column?\")", "Plans": [{"Node Type": "Seq Scan", "Parent Relationship": "Outer", "Relation Name": "part", "Alias": "part", "Startup Cost": 0.0, "Total Cost": 71944.0, "Plan Rows": 2001, "Plan Width": 8, "Filter": "((p_brand = 'Brand#44'::bpchar) AND (p_container = 'WRAP PKG'::bpchar))"}, {"Node Type": "Hash", "Parent Relationship": "Inner", "Startup Cost": 129123.39, "Total Cost": 129123.39, "Plan Rows": 11032, "Plan Width": 16, "Plans": [{"Node Type": "Subquery Scan", "Parent Relationship": "Outer", "Alias": "subquery", "Startup Cost": 128820.01, "Total Cost": 129123.39, "Plan Rows": 11032, "Plan Width": 16, "Plans": [{"Node Type": "Aggregate", "Strategy": "Hashed", "Parent Relationship": "Subquery", "Startup Cost": 128820.01, "Total Cost": 129013.07, "Plan Rows": 11032, "Plan Width": 16, "Group By Key": ["public.lineitem.l_partkey"], "Plans": [{"Node Type": "Nested Loop", "Parent Relationship": "Outer", "Join Type": "Inner", "Startup Cost": 4.28, "Total Cost": 128737.27, "Plan Rows": 11032, "Plan Width": 16, "Inner Unique": false, "Plans": [{"Node Type": "Seq Scan", "Parent Relationship": "Outer", "Relation Name": "part", "Alias": "part", "Startup Cost": 0.0, "Total Cost": 71944.0, "Plan Rows": 2001, "Plan Width": 8, "Filter": "((p_brand = 'Brand#44'::bpchar) AND (p_container = 'WRAP PKG'::bpchar))"}, {"Node Type": "Bitmap Heap Scan", "Parent Relationship": "Inner", "Relation Name": "lineitem", "Alias": "lineitem", "Startup Cost": 4.28, "Total Cost": 28.32, "Plan Rows": 6, "Plan Width": 16, "Recheck Cond": "(l_partkey = public.part.p_partkey)", "Plans": [{"Node Type": "Bitmap Index Scan", "Parent Relationship": "Outer", "Index Name": "idx_lineitem_part_supp", "Startup Cost": 0.0, "Total Cost": 4.28, "Plan Rows": 6, "Plan Width": 0, "Index Cond": "(l_partkey = public.part.p_partkey)"}]}]}]}]}]}]}, {"Node Type": "Bitmap Heap Scan", "Parent Relationship": "Inner", "Relation Name": "lineitem", "Alias": "lineitem", "Startup Cost": 4.22, "Total Cost": 28.29, "Plan Rows": 2, "Plan Width": 24, "Recheck Cond": "(l_partkey = subquery.\"?column?\")", "Filter": "(l_quantity < (.2::double precision * subquery.\"?column?\"))", "Plans": [{"Node Type": "Bitmap Index Scan", "Parent Relationship": "Outer", "Index Name": "idx_lineitem_part_supp", "Startup Cost": 0.0, "Total Cost": 4.22, "Plan Rows": 6, "Plan Width": 0, "Index Cond": "(l_partkey = subquery.\"?column?\")"}]}]}]}, "Unique SQL Id": 1080450481}, "explain_analyze_plan": {"Plan": {"Node Type": "Aggregate", "Strategy": "Plain", "Startup Cost": 213754.44, "Total Cost": 213754.45, "Plan Rows": 1, "Plan Width": 16, "Actual Startup Time": 2042.565, "Actual Total Time": 2042.565, "Actual Rows": 1, "Actual Loops": 1, "Plans": [{"Node Type": "Nested Loop", "Parent Relationship": "Outer", "Join Type": "Inner", "Startup Cost": 129265.51, "Total Cost": 213752.42, "Plan Rows": 806, "Plan Width": 8, "Actual Startup Time": 1040.32, "Actual Total Time": 2041.174, "Actual Rows": 5403, "Actual Loops": 1, "Inner Unique": false, "Plans": [{"Node Type": "Hash Join", "Parent Relationship": "Outer", "Join Type": "Inner", "Startup Cost": 129261.29, "Total Cost": 201352.24, "Plan Rows": 438, "Plan Width": 24, "Actual Startup Time": 1040.253, "Actual Total Time": 1830.392, "Actual Rows": 2003, "Actual Loops": 1, "Inner Unique": true, "Hash Cond": "(public.part.p_partkey = subquery.\"?column?\")", "Plans": [{"Node Type": "Seq Scan", "Parent Relationship": "Outer", "Relation Name": "part", "Alias": "part", "Startup Cost": 0.0, "Total Cost": 71944.0, "Plan Rows": 2001, "Plan Width": 8, "Actual Startup Time": 0.349, "Actual Total Time": 788.001, "Actual Rows": 2003, "Actual Loops": 1, "Filter": "((p_brand = 'Brand#44'::bpchar) AND (p_container = 'WRAP PKG'::bpchar))", "Rows Removed by Filter": 1997997}, {"Node Type": "Hash", "Parent Relationship": "Inner", "Startup Cost": 129123.39, "Total Cost": 129123.39, "Plan Rows": 11032, "Plan Width": 16, "Actual Startup Time": 1039.791, "Actual Total Time": 1039.791, "Actual Rows": 2003, "Actual Loops": 1, "Hash Buckets": 32768, "Hash Batches": 1, "Original Hash Batches": 1, "Peak Memory Usage": 94, "Plans": [{"Node Type": "Subquery Scan", "Parent Relationship": "Outer", "Alias": "subquery", "Startup Cost": 128820.01, "Total Cost": 129123.39, "Plan Rows": 11032, "Plan Width": 16, "Actual Startup Time": 1037.639, "Actual Total Time": 1039.094, "Actual Rows": 2003, "Actual Loops": 1, "Plans": [{"Node Type": "Aggregate", "Strategy": "Hashed", "Parent Relationship": "Subquery", "Startup Cost": 128820.01, "Total Cost": 129013.07, "Plan Rows": 11032, "Plan Width": 16, "Actual Startup Time": 1037.636, "Actual Total Time": 1038.645, "Actual Rows": 2003, "Actual Loops": 1, "Group By Key": ["public.lineitem.l_partkey"], "Plans": [{"Node Type": "Nested Loop", "Parent Relationship": "Outer", "Join Type": "Inner", "Startup Cost": 4.28, "Total Cost": 128737.27, "Plan Rows": 11032, "Plan Width": 16, "Actual Startup Time": 0.43, "Actual Total Time": 997.069, "Actual Rows": 60021, "Actual Loops": 1, "Inner Unique": false, "Plans": [{"Node Type": "Seq Scan", "Parent Relationship": "Outer", "Relation Name": "part", "Alias": "part", "Startup Cost": 0.0, "Total Cost": 71944.0, "Plan Rows": 2001, "Plan Width": 8, "Actual Startup Time": 0.313, "Actual Total Time": 785.123, "Actual Rows": 2003, "Actual Loops": 1, "Filter": "((p_brand = 'Brand#44'::bpchar) AND (p_container = 'WRAP PKG'::bpchar))", "Rows Removed by Filter": 1997997}, {"Node Type": "Bitmap Heap Scan", "Parent Relationship": "Inner", "Relation Name": "lineitem", "Alias": "lineitem", "Startup Cost": 4.28, "Total Cost": 28.32, "Plan Rows": 6, "Plan Width": 16, "Actual Startup Time": 37.436, "Actual Total Time": 194.053, "Actual Rows": 60021, "Actual Loops": 2003, "Recheck Cond": "(l_partkey = public.part.p_partkey)", "Rows Removed by Index Recheck": 0, "Exact Heap Blocks": 60018, "Lossy Heap Blocks": 60018, "Plans": [{"Node Type": "Bitmap Index Scan", "Parent Relationship": "Outer", "Index Name": "idx_lineitem_part_supp", "Startup Cost": 0.0, "Total Cost": 4.28, "Plan Rows": 6, "Plan Width": 0, "Actual Startup Time": 23.891, "Actual Total Time": 23.891, "Actual Rows": 60021, "Actual Loops": 2003, "Index Cond": "(l_partkey = public.part.p_partkey)"}]}]}]}]}]}]}, {"Node Type": "Bitmap Heap Scan", "Parent Relationship": "Inner", "Relation Name": "lineitem", "Alias": "lineitem", "Startup Cost": 4.22, "Total Cost": 28.29, "Plan Rows": 2, "Plan Width": 24, "Actual Startup Time": 89.451, "Actual Total Time": 204.392, "Actual Rows": 5403, "Actual Loops": 2003, "Recheck Cond": "(l_partkey = subquery.\"?column?\")", "Rows Removed by Index Recheck": 0, "Filter": "(l_quantity < (.2::double precision * subquery.\"?column?\"))", "Rows Removed by Filter": 54618, "Exact Heap Blocks": 60018, "Lossy Heap Blocks": 60018, "Plans": [{"Node Type": "Bitmap Index Scan", "Parent Relationship": "Outer", "Index Name": "idx_lineitem_part_supp", "Startup Cost": 0.0, "Total Cost": 4.22, "Plan Rows": 6, "Plan Width": 0, "Actual Startup Time": 24.425, "Actual Total Time": 24.425, "Actual Rows": 60021, "Actual Loops": 2003, "Index Cond": "(l_partkey = subquery.\"?column?\")"}]}]}]}, "Triggers": [], "Planner Runtime": 1.494, "Total Runtime": 2042.862, "Unique SQL Id": 1080450481}}, "(16, 99)": {"explain_plan": {"Plan": {"Node Type": "Aggregate", "Strategy": "Plain", "Startup Cost": 1001032279502.61, "Total Cost": 1001032279502.62, "Plan Rows": 1, "Plan Width": 16, "Plans": [{"Node Type": "Nested Loop", "Parent Relationship": "Outer", "Join Type": "Inner", "Startup Cost": 10000000004.74, "Total Cost": 1001032279500.6, "Plan Rows": 806, "Plan Width": 8, "Inner Unique": true, "Join Filter": "(public.lineitem.l_partkey = public.part.p_partkey)", "Plans": [{"Node Type": "Nested Loop", "Parent Relationship": "Outer", "Join Type": "Inner", "Startup Cost": 10000000004.48, "Total Cost": 1001032192561.0, "Plan Rows": 20274, "Plan Width": 24, "Inner Unique": false, "Plans": [{"Node Type": "Aggregate", "Strategy": "Sorted", "Parent Relationship": "Outer", "Startup Cost": 10000000000.26, "Total Cost": 1001031880124.59, "Plan Rows": 11032, "Plan Width": 80, "Group By Key": ["public.lineitem.l_partkey"], "Plans": [{"Node Type": "Nested Loop", "Parent Relationship": "Outer", "Join Type": "Semi", "Startup Cost": 10000000000.26, "Total Cost": 1001031879848.79, "Plan Rows": 11032, "Plan Width": 16, "Inner Unique": false, "Plans": [{"Node Type": "Index Scan", "Parent Relationship": "Outer", "Scan Direction": "Forward", "Index Name": "idx_lineitem_part_supp", "Relation Name": "lineitem", "Alias": "lineitem", "Startup Cost": 10000000000.0, "Total Cost": 1000775391319.64, "Plan Rows": 59987033, "Plan Width": 16}, {"Node Type": "Bitmap Heap Scan", "Parent Relationship": "Inner", "Relation Name": "part", "Alias": "part", "Startup Cost": 0.26, "Total Cost": 4.28, "Plan Rows": 1, "Plan Width": 8, "Recheck Cond": "(p_partkey = public.lineitem.l_partkey)", "Filter": "((p_brand = 'Brand#44'::bpchar) AND (p_container = 'WRAP PKG'::bpchar))", "Plans": [{"Node Type": "Bitmap Index Scan", "Parent Relationship": "Outer", "Index Name": "part_kpey", "Startup Cost": 0.0, "Total Cost": 0.26, "Plan Rows": 1, "Plan Width": 0, "Index Cond": "(p_partkey = public.lineitem.l_partkey)"}]}]}]}, {"Node Type": "Bitmap Heap Scan", "Parent Relationship": "Inner", "Relation Name": "lineitem", "Alias": "lineitem", "Startup Cost": 4.22, "Total Cost": 28.29, "Plan Rows": 2, "Plan Width": 24, "Recheck Cond": "(l_partkey = public.lineitem.l_partkey)", "Filter": "(l_quantity < (.2::double precision * (avg(public.lineitem.l_quantity))))", "Plans": [{"Node Type": "Bitmap Index Scan", "Parent Relationship": "Outer", "Index Name": "idx_lineitem_part_supp", "Startup Cost": 0.0, "Total Cost": 4.22, "Plan Rows": 6, "Plan Width": 0, "Index Cond": "(l_partkey = public.lineitem.l_partkey)"}]}]}, {"Node Type": "Bitmap Heap Scan", "Parent Relationship": "Inner", "Relation Name": "part", "Alias": "part", "Startup Cost": 0.26, "Total Cost": 4.28, "Plan Rows": 1, "Plan Width": 8, "Recheck Cond": "(p_partkey = public.lineitem.l_partkey)", "Filter": "((p_brand = 'Brand#44'::bpchar) AND (p_container = 'WRAP PKG'::bpchar))", "Plans": [{"Node Type": "Bitmap Index Scan", "Parent Relationship": "Outer", "Index Name": "part_kpey", "Startup Cost": 0.0, "Total Cost": 0.26, "Plan Rows": 1, "Plan Width": 0, "Index Cond": "(p_partkey = public.lineitem.l_partkey)"}]}]}]}, "Unique SQL Id": 1080450481}, "explain_analyze_plan": null}, "(16, 100)": {"explain_plan": {"Plan": {"Node Type": "Aggregate", "Strategy": "Plain", "Startup Cost": 208324.62, "Total Cost": 208324.63, "Plan Rows": 1, "Plan Width": 16, "Plans": [{"Node Type": "Nested Loop", "Parent Relationship": "Outer", "Join Type": "Inner", "Startup Cost": 128691.05, "Total Cost": 208322.6, "Plan Rows": 806, "Plan Width": 8, "Inner Unique": false, "Plans": [{"Node Type": "Nested Loop", "Parent Relationship": "Outer", "Join Type": "Inner", "Startup Cost": 128691.05, "Total Cost": 196146.55, "Plan Rows": 438, "Plan Width": 24, "Inner Unique": true, "Plans": [{"Node Type": "Aggregate", "Strategy": "Hashed", "Parent Relationship": "Outer", "Startup Cost": 128691.05, "Total Cost": 128884.11, "Plan Rows": 11032, "Plan Width": 16, "Group By Key": ["public.lineitem.l_partkey"], "Plans": [{"Node Type": "Nested Loop", "Parent Relationship": "Outer", "Join Type": "Inner", "Startup Cost": 0.0, "Total Cost": 128608.31, "Plan Rows": 11032, "Plan Width": 16, "Inner Unique": false, "Plans": [{"Node Type": "Seq Scan", "Parent Relationship": "Outer", "Relation Name": "part", "Alias": "part", "Startup Cost": 0.0, "Total Cost": 71944.0, "Plan Rows": 2001, "Plan Width": 8, "Filter": "((p_brand = 'Brand#44'::bpchar) AND (p_container = 'WRAP PKG'::bpchar))"}, {"Node Type": "Index Scan", "Parent Relationship": "Inner", "Scan Direction": "Forward", "Index Name": "idx_lineitem_part_supp", "Relation Name": "lineitem", "Alias": "lineitem", "Startup Cost": 0.0, "Total Cost": 28.26, "Plan Rows": 6, "Plan Width": 16, "Index Cond": "(l_partkey = public.part.p_partkey)"}]}]}, {"Node Type": "Index Scan", "Parent Relationship": "Inner", "Scan Direction": "Forward", "Index Name": "part_kpey", "Relation Name": "part", "Alias": "part", "Startup Cost": 0.0, "Total Cost": 6.08, "Plan Rows": 1, "Plan Width": 8, "Index Cond": "(p_partkey = public.lineitem.l_partkey)", "Filter": "((p_brand = 'Brand#44'::bpchar) AND (p_container = 'WRAP PKG'::bpchar))"}]}, {"Node Type": "Index Scan", "Parent Relationship": "Inner", "Scan Direction": "Forward", "Index Name": "idx_lineitem_part_supp", "Relation Name": "lineitem", "Alias": "lineitem", "Startup Cost": 0.0, "Total Cost": 27.78, "Plan Rows": 2, "Plan Width": 24, "Index Cond": "(l_partkey = public.lineitem.l_partkey)", "Filter": "(l_quantity < (.2::double precision * (avg(public.lineitem.l_quantity))))"}]}]}, "Unique SQL Id": 1080450481}, "explain_analyze_plan": {"Plan": {"Node Type": "Aggregate", "Strategy": "Plain", "Startup Cost": 208324.62, "Total Cost": 208324.63, "Plan Rows": 1, "Plan Width": 16, "Actual Startup Time": 1198.059, "Actual Total Time": 1198.06, "Actual Rows": 1, "Actual Loops": 1, "Plans": [{"Node Type": "Nested Loop", "Parent Relationship": "Outer", "Join Type": "Inner", "Startup Cost": 128691.05, "Total Cost": 208322.6, "Plan Rows": 806, "Plan Width": 8, "Actual Startup Time": 1016.325, "Actual Total Time": 1197.018, "Actual Rows": 5403, "Actual Loops": 1, "Inner Unique": false, "Plans": [{"Node Type": "Nested Loop", "Parent Relationship": "Outer", "Join Type": "Inner", "Startup Cost": 128691.05, "Total Cost": 196146.55, "Plan Rows": 438, "Plan Width": 24, "Actual Startup Time": 1016.297, "Actual Total Time": 1034.231, "Actual Rows": 2003, "Actual Loops": 1, "Inner Unique": true, "Plans": [{"Node Type": "Aggregate", "Strategy": "Hashed", "Parent Relationship": "Outer", "Startup Cost": 128691.05, "Total Cost": 128884.11, "Plan Rows": 11032, "Plan Width": 16, "Actual Startup Time": 1016.266, "Actual Total Time": 1017.905, "Actual Rows": 2003, "Actual Loops": 1, "Group By Key": ["public.lineitem.l_partkey"], "Plans": [{"Node Type": "Nested Loop", "Parent Relationship": "Outer", "Join Type": "Inner", "Startup Cost": 0.0, "Total Cost": 128608.31, "Plan Rows": 11032, "Plan Width": 16, "Actual Startup Time": 0.361, "Actual Total Time": 975.259, "Actual Rows": 60021, "Actual Loops": 1, "Inner Unique": false, "Plans": [{"Node Type": "Seq Scan", "Parent Relationship": "Outer", "Relation Name": "part", "Alias": "part", "Startup Cost": 0.0, "Total Cost": 71944.0, "Plan Rows": 2001, "Plan Width": 8, "Actual Startup Time": 0.34, "Actual Total Time": 786.254, "Actual Rows": 2003, "Actual Loops": 1, "Filter": "((p_brand = 'Brand#44'::bpchar) AND (p_container = 'WRAP PKG'::bpchar))", "Rows Removed by Filter": 1997997}, {"Node Type": "Index Scan", "Parent Relationship": "Inner", "Scan Direction": "Forward", "Index Name": "idx_lineitem_part_supp", "Relation Name": "lineitem", "Alias": "lineitem", "Startup Cost": 0.0, "Total Cost": 28.26, "Plan Rows": 6, "Plan Width": 16, "Actual Startup Time": 25.976, "Actual Total Time": 174.503, "Actual Rows": 60021, "Actual Loops": 2003, "Index Cond": "(l_partkey = public.part.p_partkey)", "Rows Removed by Index Recheck": 0}]}]}, {"Node Type": "Index Scan", "Parent Relationship": "Inner", "Scan Direction": "Forward", "Index Name": "part_kpey", "Relation Name": "part", "Alias": "part", "Startup Cost": 0.0, "Total Cost": 6.08, "Plan Rows": 1, "Plan Width": 8, "Actual Startup Time": 14.697, "Actual Total Time": 14.697, "Actual Rows": 2003, "Actual Loops": 2003, "Index Cond": "(p_partkey = public.lineitem.l_partkey)", "Rows Removed by Index Recheck": 0, "Filter": "((p_brand = 'Brand#44'::bpchar) AND (p_container = 'WRAP PKG'::bpchar))", "Rows Removed by Filter": 0}]}, {"Node Type": "Index Scan", "Parent Relationship": "Inner", "Scan Direction": "Forward", "Index Name": "idx_lineitem_part_supp", "Relation Name": "lineitem", "Alias": "lineitem", "Startup Cost": 0.0, "Total Cost": 27.78, "Plan Rows": 2, "Plan Width": 24, "Actual Startup Time": 65.051, "Actual Total Time": 160.425, "Actual Rows": 5403, "Actual Loops": 2003, "Index Cond": "(l_partkey = public.lineitem.l_partkey)", "Rows Removed by Index Recheck": 0, "Filter": "(l_quantity < (.2::double precision * (avg(public.lineitem.l_quantity))))", "Rows Removed by Filter": 54618}]}]}, "Triggers": [], "Planner Runtime": 1.534, "Total Runtime": 1198.321, "Unique SQL Id": 1080450481}}, "(16, 101)": {"explain_plan": {"Plan": {"Node Type": "Aggregate", "Strategy": "Plain", "Startup Cost": 247183.87, "Total Cost": 247183.88, "Plan Rows": 1, "Plan Width": 16, "Plans": [{"Node Type": "Nested Loop", "Parent Relationship": "Outer", "Join Type": "Inner", "Startup Cost": 0.0, "Total Cost": 247181.85, "Plan Rows": 806, "Plan Width": 8, "Inner Unique": false, "Plans": [{"Node Type": "Nested Loop", "Parent Relationship": "Outer", "Join Type": "Inner", "Startup Cost": 0.0, "Total Cost": 235005.8, "Plan Rows": 438, "Plan Width": 24, "Inner Unique": true, "Plans": [{"Node Type": "Aggregate", "Strategy": "Sorted", "Parent Relationship": "Outer", "Startup Cost": 0.0, "Total Cost": 167743.36, "Plan Rows": 11032, "Plan Width": 80, "Group By Key": ["public.lineitem.l_partkey"], "Plans": [{"Node Type": "Nested Loop", "Parent Relationship": "Outer", "Join Type": "Inner", "Startup Cost": 0.0, "Total Cost": 167467.56, "Plan Rows": 11032, "Plan Width": 16, "Inner Unique": false, "Plans": [{"Node Type": "Index Scan", "Parent Relationship": "Outer", "Scan Direction": "Forward", "Index Name": "part_kpey", "Relation Name": "part", "Alias": "part", "Startup Cost": 0.0, "Total Cost": 110803.25, "Plan Rows": 2001, "Plan Width": 8, "Filter": "((p_brand = 'Brand#44'::bpchar) AND (p_container = 'WRAP PKG'::bpchar))"}, {"Node Type": "Index Scan", "Parent Relationship": "Inner", "Scan Direction": "Forward", "Index Name": "idx_lineitem_part_supp", "Relation Name": "lineitem", "Alias": "lineitem", "Startup Cost": 0.0, "Total Cost": 28.26, "Plan Rows": 6, "Plan Width": 16, "Index Cond": "(l_partkey = public.part.p_partkey)"}]}]}, {"Node Type": "Index Scan", "Parent Relationship": "Inner", "Scan Direction": "Forward", "Index Name": "part_kpey", "Relation Name": "part", "Alias": "part", "Startup Cost": 0.0, "Total Cost": 6.08, "Plan Rows": 1, "Plan Width": 8, "Index Cond": "(p_partkey = public.lineitem.l_partkey)", "Filter": "((p_brand = 'Brand#44'::bpchar) AND (p_container = 'WRAP PKG'::bpchar))"}]}, {"Node Type": "Index Scan", "Parent Relationship": "Inner", "Scan Direction": "Forward", "Index Name": "idx_lineitem_part_supp", "Relation Name": "lineitem", "Alias": "lineitem", "Startup Cost": 0.0, "Total Cost": 27.78, "Plan Rows": 2, "Plan Width": 24, "Index Cond": "(l_partkey = public.lineitem.l_partkey)", "Filter": "(l_quantity < (.2::double precision * (avg(public.lineitem.l_quantity))))"}]}]}, "Unique SQL Id": 1080450481}, "explain_analyze_plan": {"Plan": {"Node Type": "Aggregate", "Strategy": "Plain", "Startup Cost": 247183.87, "Total Cost": 247183.88, "Plan Rows": 1, "Plan Width": 16, "Actual Startup Time": 1672.251, "Actual Total Time": 1672.251, "Actual Rows": 1, "Actual Loops": 1, "Plans": [{"Node Type": "Nested Loop", "Parent Relationship": "Outer", "Join Type": "Inner", "Startup Cost": 0.0, "Total Cost": 247181.85, "Plan Rows": 806, "Plan Width": 8, "Actual Startup Time": 1.789, "Actual Total Time": 1671.055, "Actual Rows": 5403, "Actual Loops": 1, "Inner Unique": false, "Plans": [{"Node Type": "Nested Loop", "Parent Relationship": "Outer", "Join Type": "Inner", "Startup Cost": 0.0, "Total Cost": 235005.8, "Plan Rows": 438, "Plan Width": 24, "Actual Startup Time": 1.749, "Actual Total Time": 1591.323, "Actual Rows": 2003, "Actual Loops": 1, "Inner Unique": true, "Plans": [{"Node Type": "Aggregate", "Strategy": "Sorted", "Parent Relationship": "Outer", "Startup Cost": 0.0, "Total Cost": 167743.36, "Plan Rows": 11032, "Plan Width": 80, "Actual Startup Time": 1.737, "Actual Total Time": 1579.292, "Actual Rows": 2003, "Actual Loops": 1, "Group By Key": ["public.lineitem.l_partkey"], "Plans": [{"Node Type": "Nested Loop", "Parent Relationship": "Outer", "Join Type": "Inner", "Startup Cost": 0.0, "Total Cost": 167467.56, "Plan Rows": 11032, "Plan Width": 16, "Actual Startup Time": 0.583, "Actual Total Time": 1545.893, "Actual Rows": 60021, "Actual Loops": 1, "Inner Unique": false, "Plans": [{"Node Type": "Index Scan", "Parent Relationship": "Outer", "Scan Direction": "Forward", "Index Name": "part_kpey", "Relation Name": "part", "Alias": "part", "Startup Cost": 0.0, "Total Cost": 110803.25, "Plan Rows": 2001, "Plan Width": 8, "Actual Startup Time": 0.567, "Actual Total Time": 1351.997, "Actual Rows": 2003, "Actual Loops": 1, "Filter": "((p_brand = 'Brand#44'::bpchar) AND (p_container = 'WRAP PKG'::bpchar))", "Rows Removed by Filter": 1997997}, {"Node Type": "Index Scan", "Parent Relationship": "Inner", "Scan Direction": "Forward", "Index Name": "idx_lineitem_part_supp", "Relation Name": "lineitem", "Alias": "lineitem", "Startup Cost": 0.0, "Total Cost": 28.26, "Plan Rows": 6, "Plan Width": 16, "Actual Startup Time": 26.124, "Actual Total Time": 178.211, "Actual Rows": 60021, "Actual Loops": 2003, "Index Cond": "(l_partkey = public.part.p_partkey)", "Rows Removed by Index Recheck": 0}]}]}, {"Node Type": "Index Scan", "Parent Relationship": "Inner", "Scan Direction": "Forward", "Index Name": "part_kpey", "Relation Name": "part", "Alias": "part", "Startup Cost": 0.0, "Total Cost": 6.08, "Plan Rows": 1, "Plan Width": 8, "Actual Startup Time": 9.363, "Actual Total Time": 9.363, "Actual Rows": 2003, "Actual Loops": 2003, "Index Cond": "(p_partkey = public.lineitem.l_partkey)", "Rows Removed by Index Recheck": 0, "Filter": "((p_brand = 'Brand#44'::bpchar) AND (p_container = 'WRAP PKG'::bpchar))", "Rows Removed by Filter": 0}]}, {"Node Type": "Index Scan", "Parent Relationship": "Inner", "Scan Direction": "Forward", "Index Name": "idx_lineitem_part_supp", "Relation Name": "lineitem", "Alias": "lineitem", "Startup Cost": 0.0, "Total Cost": 27.78, "Plan Rows": 2, "Plan Width": 24, "Actual Startup Time": 33.256, "Actual Total Time": 76.813, "Actual Rows": 5403, "Actual Loops": 2003, "Index Cond": "(l_partkey = public.lineitem.l_partkey)", "Rows Removed by Index Recheck": 0, "Filter": "(l_quantity < (.2::double precision * (avg(public.lineitem.l_quantity))))", "Rows Removed by Filter": 54618}]}]}, "Triggers": [], "Planner Runtime": 1.448, "Total Runtime": 1672.5, "Unique SQL Id": 1080450481}}, "(16, 102)": {"explain_plan": {"Plan": {"Node Type": "Aggregate", "Strategy": "Plain", "Startup Cost": 213754.44, "Total Cost": 213754.45, "Plan Rows": 1, "Plan Width": 16, "Plans": [{"Node Type": "Nested Loop", "Parent Relationship": "Outer", "Join Type": "Inner", "Startup Cost": 129265.51, "Total Cost": 213752.42, "Plan Rows": 806, "Plan Width": 8, "Inner Unique": false, "Plans": [{"Node Type": "Hash Join", "Parent Relationship": "Outer", "Join Type": "Inner", "Startup Cost": 129261.29, "Total Cost": 201352.24, "Plan Rows": 438, "Plan Width": 24, "Inner Unique": true, "Hash Cond": "(public.part.p_partkey = subquery.\"?column?\")", "Plans": [{"Node Type": "Seq Scan", "Parent Relationship": "Outer", "Relation Name": "part", "Alias": "part", "Startup Cost": 0.0, "Total Cost": 71944.0, "Plan Rows": 2001, "Plan Width": 8, "Filter": "((p_brand = 'Brand#44'::bpchar) AND (p_container = 'WRAP PKG'::bpchar))"}, {"Node Type": "Hash", "Parent Relationship": "Inner", "Startup Cost": 129123.39, "Total Cost": 129123.39, "Plan Rows": 11032, "Plan Width": 16, "Plans": [{"Node Type": "Subquery Scan", "Parent Relationship": "Outer", "Alias": "subquery", "Startup Cost": 128820.01, "Total Cost": 129123.39, "Plan Rows": 11032, "Plan Width": 16, "Plans": [{"Node Type": "Aggregate", "Strategy": "Hashed", "Parent Relationship": "Subquery", "Startup Cost": 128820.01, "Total Cost": 129013.07, "Plan Rows": 11032, "Plan Width": 16, "Group By Key": ["public.lineitem.l_partkey"], "Plans": [{"Node Type": "Nested Loop", "Parent Relationship": "Outer", "Join Type": "Inner", "Startup Cost": 4.28, "Total Cost": 128737.27, "Plan Rows": 11032, "Plan Width": 16, "Inner Unique": false, "Plans": [{"Node Type": "Seq Scan", "Parent Relationship": "Outer", "Relation Name": "part", "Alias": "part", "Startup Cost": 0.0, "Total Cost": 71944.0, "Plan Rows": 2001, "Plan Width": 8, "Filter": "((p_brand = 'Brand#44'::bpchar) AND (p_container = 'WRAP PKG'::bpchar))"}, {"Node Type": "Bitmap Heap Scan", "Parent Relationship": "Inner", "Relation Name": "lineitem", "Alias": "lineitem", "Startup Cost": 4.28, "Total Cost": 28.32, "Plan Rows": 6, "Plan Width": 16, "Recheck Cond": "(l_partkey = public.part.p_partkey)", "Plans": [{"Node Type": "Bitmap Index Scan", "Parent Relationship": "Outer", "Index Name": "idx_lineitem_part_supp", "Startup Cost": 0.0, "Total Cost": 4.28, "Plan Rows": 6, "Plan Width": 0, "Index Cond": "(l_partkey = public.part.p_partkey)"}]}]}]}]}]}]}, {"Node Type": "Bitmap Heap Scan", "Parent Relationship": "Inner", "Relation Name": "lineitem", "Alias": "lineitem", "Startup Cost": 4.22, "Total Cost": 28.29, "Plan Rows": 2, "Plan Width": 24, "Recheck Cond": "(l_partkey = subquery.\"?column?\")", "Filter": "(l_quantity < (.2::double precision * subquery.\"?column?\"))", "Plans": [{"Node Type": "Bitmap Index Scan", "Parent Relationship": "Outer", "Index Name": "idx_lineitem_part_supp", "Startup Cost": 0.0, "Total Cost": 4.22, "Plan Rows": 6, "Plan Width": 0, "Index Cond": "(l_partkey = subquery.\"?column?\")"}]}]}]}, "Unique SQL Id": 1080450481}, "explain_analyze_plan": {"Plan": {"Node Type": "Aggregate", "Strategy": "Plain", "Startup Cost": 213754.44, "Total Cost": 213754.45, "Plan Rows": 1, "Plan Width": 16, "Actual Startup Time": 2042.565, "Actual Total Time": 2042.565, "Actual Rows": 1, "Actual Loops": 1, "Plans": [{"Node Type": "Nested Loop", "Parent Relationship": "Outer", "Join Type": "Inner", "Startup Cost": 129265.51, "Total Cost": 213752.42, "Plan Rows": 806, "Plan Width": 8, "Actual Startup Time": 1040.32, "Actual Total Time": 2041.174, "Actual Rows": 5403, "Actual Loops": 1, "Inner Unique": false, "Plans": [{"Node Type": "Hash Join", "Parent Relationship": "Outer", "Join Type": "Inner", "Startup Cost": 129261.29, "Total Cost": 201352.24, "Plan Rows": 438, "Plan Width": 24, "Actual Startup Time": 1040.253, "Actual Total Time": 1830.392, "Actual Rows": 2003, "Actual Loops": 1, "Inner Unique": true, "Hash Cond": "(public.part.p_partkey = subquery.\"?column?\")", "Plans": [{"Node Type": "Seq Scan", "Parent Relationship": "Outer", "Relation Name": "part", "Alias": "part", "Startup Cost": 0.0, "Total Cost": 71944.0, "Plan Rows": 2001, "Plan Width": 8, "Actual Startup Time": 0.349, "Actual Total Time": 788.001, "Actual Rows": 2003, "Actual Loops": 1, "Filter": "((p_brand = 'Brand#44'::bpchar) AND (p_container = 'WRAP PKG'::bpchar))", "Rows Removed by Filter": 1997997}, {"Node Type": "Hash", "Parent Relationship": "Inner", "Startup Cost": 129123.39, "Total Cost": 129123.39, "Plan Rows": 11032, "Plan Width": 16, "Actual Startup Time": 1039.791, "Actual Total Time": 1039.791, "Actual Rows": 2003, "Actual Loops": 1, "Hash Buckets": 32768, "Hash Batches": 1, "Original Hash Batches": 1, "Peak Memory Usage": 94, "Plans": [{"Node Type": "Subquery Scan", "Parent Relationship": "Outer", "Alias": "subquery", "Startup Cost": 128820.01, "Total Cost": 129123.39, "Plan Rows": 11032, "Plan Width": 16, "Actual Startup Time": 1037.639, "Actual Total Time": 1039.094, "Actual Rows": 2003, "Actual Loops": 1, "Plans": [{"Node Type": "Aggregate", "Strategy": "Hashed", "Parent Relationship": "Subquery", "Startup Cost": 128820.01, "Total Cost": 129013.07, "Plan Rows": 11032, "Plan Width": 16, "Actual Startup Time": 1037.636, "Actual Total Time": 1038.645, "Actual Rows": 2003, "Actual Loops": 1, "Group By Key": ["public.lineitem.l_partkey"], "Plans": [{"Node Type": "Nested Loop", "Parent Relationship": "Outer", "Join Type": "Inner", "Startup Cost": 4.28, "Total Cost": 128737.27, "Plan Rows": 11032, "Plan Width": 16, "Actual Startup Time": 0.43, "Actual Total Time": 997.069, "Actual Rows": 60021, "Actual Loops": 1, "Inner Unique": false, "Plans": [{"Node Type": "Seq Scan", "Parent Relationship": "Outer", "Relation Name": "part", "Alias": "part", "Startup Cost": 0.0, "Total Cost": 71944.0, "Plan Rows": 2001, "Plan Width": 8, "Actual Startup Time": 0.313, "Actual Total Time": 785.123, "Actual Rows": 2003, "Actual Loops": 1, "Filter": "((p_brand = 'Brand#44'::bpchar) AND (p_container = 'WRAP PKG'::bpchar))", "Rows Removed by Filter": 1997997}, {"Node Type": "Bitmap Heap Scan", "Parent Relationship": "Inner", "Relation Name": "lineitem", "Alias": "lineitem", "Startup Cost": 4.28, "Total Cost": 28.32, "Plan Rows": 6, "Plan Width": 16, "Actual Startup Time": 37.436, "Actual Total Time": 194.053, "Actual Rows": 60021, "Actual Loops": 2003, "Recheck Cond": "(l_partkey = public.part.p_partkey)", "Rows Removed by Index Recheck": 0, "Exact Heap Blocks": 60018, "Lossy Heap Blocks": 60018, "Plans": [{"Node Type": "Bitmap Index Scan", "Parent Relationship": "Outer", "Index Name": "idx_lineitem_part_supp", "Startup Cost": 0.0, "Total Cost": 4.28, "Plan Rows": 6, "Plan Width": 0, "Actual Startup Time": 23.891, "Actual Total Time": 23.891, "Actual Rows": 60021, "Actual Loops": 2003, "Index Cond": "(l_partkey = public.part.p_partkey)"}]}]}]}]}]}]}, {"Node Type": "Bitmap Heap Scan", "Parent Relationship": "Inner", "Relation Name": "lineitem", "Alias": "lineitem", "Startup Cost": 4.22, "Total Cost": 28.29, "Plan Rows": 2, "Plan Width": 24, "Actual Startup Time": 89.451, "Actual Total Time": 204.392, "Actual Rows": 5403, "Actual Loops": 2003, "Recheck Cond": "(l_partkey = subquery.\"?column?\")", "Rows Removed by Index Recheck": 0, "Filter": "(l_quantity < (.2::double precision * subquery.\"?column?\"))", "Rows Removed by Filter": 54618, "Exact Heap Blocks": 60018, "Lossy Heap Blocks": 60018, "Plans": [{"Node Type": "Bitmap Index Scan", "Parent Relationship": "Outer", "Index Name": "idx_lineitem_part_supp", "Startup Cost": 0.0, "Total Cost": 4.22, "Plan Rows": 6, "Plan Width": 0, "Actual Startup Time": 24.425, "Actual Total Time": 24.425, "Actual Rows": 60021, "Actual Loops": 2003, "Index Cond": "(l_partkey = subquery.\"?column?\")"}]}]}]}, "Triggers": [], "Planner Runtime": 1.494, "Total Runtime": 2042.862, "Unique SQL Id": 1080450481}}, "(16, 103)": {"explain_plan": {"Plan": {"Node Type": "Aggregate", "Strategy": "Plain", "Startup Cost": 1001032279502.61, "Total Cost": 1001032279502.62, "Plan Rows": 1, "Plan Width": 16, "Plans": [{"Node Type": "Nested Loop", "Parent Relationship": "Outer", "Join Type": "Inner", "Startup Cost": 10000000004.74, "Total Cost": 1001032279500.6, "Plan Rows": 806, "Plan Width": 8, "Inner Unique": true, "Join Filter": "(public.lineitem.l_partkey = public.part.p_partkey)", "Plans": [{"Node Type": "Nested Loop", "Parent Relationship": "Outer", "Join Type": "Inner", "Startup Cost": 10000000004.48, "Total Cost": 1001032192561.0, "Plan Rows": 20274, "Plan Width": 24, "Inner Unique": false, "Plans": [{"Node Type": "Aggregate", "Strategy": "Sorted", "Parent Relationship": "Outer", "Startup Cost": 10000000000.26, "Total Cost": 1001031880124.59, "Plan Rows": 11032, "Plan Width": 80, "Group By Key": ["public.lineitem.l_partkey"], "Plans": [{"Node Type": "Nested Loop", "Parent Relationship": "Outer", "Join Type": "Semi", "Startup Cost": 10000000000.26, "Total Cost": 1001031879848.79, "Plan Rows": 11032, "Plan Width": 16, "Inner Unique": false, "Plans": [{"Node Type": "Index Scan", "Parent Relationship": "Outer", "Scan Direction": "Forward", "Index Name": "idx_lineitem_part_supp", "Relation Name": "lineitem", "Alias": "lineitem", "Startup Cost": 10000000000.0, "Total Cost": 1000775391319.64, "Plan Rows": 59987033, "Plan Width": 16}, {"Node Type": "Bitmap Heap Scan", "Parent Relationship": "Inner", "Relation Name": "part", "Alias": "part", "Startup Cost": 0.26, "Total Cost": 4.28, "Plan Rows": 1, "Plan Width": 8, "Recheck Cond": "(p_partkey = public.lineitem.l_partkey)", "Filter": "((p_brand = 'Brand#44'::bpchar) AND (p_container = 'WRAP PKG'::bpchar))", "Plans": [{"Node Type": "Bitmap Index Scan", "Parent Relationship": "Outer", "Index Name": "part_kpey", "Startup Cost": 0.0, "Total Cost": 0.26, "Plan Rows": 1, "Plan Width": 0, "Index Cond": "(p_partkey = public.lineitem.l_partkey)"}]}]}]}, {"Node Type": "Bitmap Heap Scan", "Parent Relationship": "Inner", "Relation Name": "lineitem", "Alias": "lineitem", "Startup Cost": 4.22, "Total Cost": 28.29, "Plan Rows": 2, "Plan Width": 24, "Recheck Cond": "(l_partkey = public.lineitem.l_partkey)", "Filter": "(l_quantity < (.2::double precision * (avg(public.lineitem.l_quantity))))", "Plans": [{"Node Type": "Bitmap Index Scan", "Parent Relationship": "Outer", "Index Name": "idx_lineitem_part_supp", "Startup Cost": 0.0, "Total Cost": 4.22, "Plan Rows": 6, "Plan Width": 0, "Index Cond": "(l_partkey = public.lineitem.l_partkey)"}]}]}, {"Node Type": "Bitmap Heap Scan", "Parent Relationship": "Inner", "Relation Name": "part", "Alias": "part", "Startup Cost": 0.26, "Total Cost": 4.28, "Plan Rows": 1, "Plan Width": 8, "Recheck Cond": "(p_partkey = public.lineitem.l_partkey)", "Filter": "((p_brand = 'Brand#44'::bpchar) AND (p_container = 'WRAP PKG'::bpchar))", "Plans": [{"Node Type": "Bitmap Index Scan", "Parent Relationship": "Outer", "Index Name": "part_kpey", "Startup Cost": 0.0, "Total Cost": 0.26, "Plan Rows": 1, "Plan Width": 0, "Index Cond": "(p_partkey = public.lineitem.l_partkey)"}]}]}]}, "Unique SQL Id": 1080450481}, "explain_analyze_plan": null}, "(16, 104)": {"explain_plan": {"Plan": {"Node Type": "Aggregate", "Strategy": "Plain", "Startup Cost": 208324.62, "Total Cost": 208324.63, "Plan Rows": 1, "Plan Width": 16, "Plans": [{"Node Type": "Nested Loop", "Parent Relationship": "Outer", "Join Type": "Inner", "Startup Cost": 128691.05, "Total Cost": 208322.6, "Plan Rows": 806, "Plan Width": 8, "Inner Unique": false, "Plans": [{"Node Type": "Nested Loop", "Parent Relationship": "Outer", "Join Type": "Inner", "Startup Cost": 128691.05, "Total Cost": 196146.55, "Plan Rows": 438, "Plan Width": 24, "Inner Unique": true, "Plans": [{"Node Type": "Aggregate", "Strategy": "Hashed", "Parent Relationship": "Outer", "Startup Cost": 128691.05, "Total Cost": 128884.11, "Plan Rows": 11032, "Plan Width": 16, "Group By Key": ["public.lineitem.l_partkey"], "Plans": [{"Node Type": "Nested Loop", "Parent Relationship": "Outer", "Join Type": "Inner", "Startup Cost": 0.0, "Total Cost": 128608.31, "Plan Rows": 11032, "Plan Width": 16, "Inner Unique": false, "Plans": [{"Node Type": "Seq Scan", "Parent Relationship": "Outer", "Relation Name": "part", "Alias": "part", "Startup Cost": 0.0, "Total Cost": 71944.0, "Plan Rows": 2001, "Plan Width": 8, "Filter": "((p_brand = 'Brand#44'::bpchar) AND (p_container = 'WRAP PKG'::bpchar))"}, {"Node Type": "Index Scan", "Parent Relationship": "Inner", "Scan Direction": "Forward", "Index Name": "idx_lineitem_part_supp", "Relation Name": "lineitem", "Alias": "lineitem", "Startup Cost": 0.0, "Total Cost": 28.26, "Plan Rows": 6, "Plan Width": 16, "Index Cond": "(l_partkey = public.part.p_partkey)"}]}]}, {"Node Type": "Index Scan", "Parent Relationship": "Inner", "Scan Direction": "Forward", "Index Name": "part_kpey", "Relation Name": "part", "Alias": "part", "Startup Cost": 0.0, "Total Cost": 6.08, "Plan Rows": 1, "Plan Width": 8, "Index Cond": "(p_partkey = public.lineitem.l_partkey)", "Filter": "((p_brand = 'Brand#44'::bpchar) AND (p_container = 'WRAP PKG'::bpchar))"}]}, {"Node Type": "Index Scan", "Parent Relationship": "Inner", "Scan Direction": "Forward", "Index Name": "idx_lineitem_part_supp", "Relation Name": "lineitem", "Alias": "lineitem", "Startup Cost": 0.0, "Total Cost": 27.78, "Plan Rows": 2, "Plan Width": 24, "Index Cond": "(l_partkey = public.lineitem.l_partkey)", "Filter": "(l_quantity < (.2::double precision * (avg(public.lineitem.l_quantity))))"}]}]}, "Unique SQL Id": 1080450481}, "explain_analyze_plan": {"Plan": {"Node Type": "Aggregate", "Strategy": "Plain", "Startup Cost": 208324.62, "Total Cost": 208324.63, "Plan Rows": 1, "Plan Width": 16, "Actual Startup Time": 1198.059, "Actual Total Time": 1198.06, "Actual Rows": 1, "Actual Loops": 1, "Plans": [{"Node Type": "Nested Loop", "Parent Relationship": "Outer", "Join Type": "Inner", "Startup Cost": 128691.05, "Total Cost": 208322.6, "Plan Rows": 806, "Plan Width": 8, "Actual Startup Time": 1016.325, "Actual Total Time": 1197.018, "Actual Rows": 5403, "Actual Loops": 1, "Inner Unique": false, "Plans": [{"Node Type": "Nested Loop", "Parent Relationship": "Outer", "Join Type": "Inner", "Startup Cost": 128691.05, "Total Cost": 196146.55, "Plan Rows": 438, "Plan Width": 24, "Actual Startup Time": 1016.297, "Actual Total Time": 1034.231, "Actual Rows": 2003, "Actual Loops": 1, "Inner Unique": true, "Plans": [{"Node Type": "Aggregate", "Strategy": "Hashed", "Parent Relationship": "Outer", "Startup Cost": 128691.05, "Total Cost": 128884.11, "Plan Rows": 11032, "Plan Width": 16, "Actual Startup Time": 1016.266, "Actual Total Time": 1017.905, "Actual Rows": 2003, "Actual Loops": 1, "Group By Key": ["public.lineitem.l_partkey"], "Plans": [{"Node Type": "Nested Loop", "Parent Relationship": "Outer", "Join Type": "Inner", "Startup Cost": 0.0, "Total Cost": 128608.31, "Plan Rows": 11032, "Plan Width": 16, "Actual Startup Time": 0.361, "Actual Total Time": 975.259, "Actual Rows": 60021, "Actual Loops": 1, "Inner Unique": false, "Plans": [{"Node Type": "Seq Scan", "Parent Relationship": "Outer", "Relation Name": "part", "Alias": "part", "Startup Cost": 0.0, "Total Cost": 71944.0, "Plan Rows": 2001, "Plan Width": 8, "Actual Startup Time": 0.34, "Actual Total Time": 786.254, "Actual Rows": 2003, "Actual Loops": 1, "Filter": "((p_brand = 'Brand#44'::bpchar) AND (p_container = 'WRAP PKG'::bpchar))", "Rows Removed by Filter": 1997997}, {"Node Type": "Index Scan", "Parent Relationship": "Inner", "Scan Direction": "Forward", "Index Name": "idx_lineitem_part_supp", "Relation Name": "lineitem", "Alias": "lineitem", "Startup Cost": 0.0, "Total Cost": 28.26, "Plan Rows": 6, "Plan Width": 16, "Actual Startup Time": 25.976, "Actual Total Time": 174.503, "Actual Rows": 60021, "Actual Loops": 2003, "Index Cond": "(l_partkey = public.part.p_partkey)", "Rows Removed by Index Recheck": 0}]}]}, {"Node Type": "Index Scan", "Parent Relationship": "Inner", "Scan Direction": "Forward", "Index Name": "part_kpey", "Relation Name": "part", "Alias": "part", "Startup Cost": 0.0, "Total Cost": 6.08, "Plan Rows": 1, "Plan Width": 8, "Actual Startup Time": 14.697, "Actual Total Time": 14.697, "Actual Rows": 2003, "Actual Loops": 2003, "Index Cond": "(p_partkey = public.lineitem.l_partkey)", "Rows Removed by Index Recheck": 0, "Filter": "((p_brand = 'Brand#44'::bpchar) AND (p_container = 'WRAP PKG'::bpchar))", "Rows Removed by Filter": 0}]}, {"Node Type": "Index Scan", "Parent Relationship": "Inner", "Scan Direction": "Forward", "Index Name": "idx_lineitem_part_supp", "Relation Name": "lineitem", "Alias": "lineitem", "Startup Cost": 0.0, "Total Cost": 27.78, "Plan Rows": 2, "Plan Width": 24, "Actual Startup Time": 65.051, "Actual Total Time": 160.425, "Actual Rows": 5403, "Actual Loops": 2003, "Index Cond": "(l_partkey = public.lineitem.l_partkey)", "Rows Removed by Index Recheck": 0, "Filter": "(l_quantity < (.2::double precision * (avg(public.lineitem.l_quantity))))", "Rows Removed by Filter": 54618}]}]}, "Triggers": [], "Planner Runtime": 1.534, "Total Runtime": 1198.321, "Unique SQL Id": 1080450481}}, "(16, 105)": {"explain_plan": {"Plan": {"Node Type": "Aggregate", "Strategy": "Plain", "Startup Cost": 247183.87, "Total Cost": 247183.88, "Plan Rows": 1, "Plan Width": 16, "Plans": [{"Node Type": "Nested Loop", "Parent Relationship": "Outer", "Join Type": "Inner", "Startup Cost": 0.0, "Total Cost": 247181.85, "Plan Rows": 806, "Plan Width": 8, "Inner Unique": false, "Plans": [{"Node Type": "Nested Loop", "Parent Relationship": "Outer", "Join Type": "Inner", "Startup Cost": 0.0, "Total Cost": 235005.8, "Plan Rows": 438, "Plan Width": 24, "Inner Unique": true, "Plans": [{"Node Type": "Aggregate", "Strategy": "Sorted", "Parent Relationship": "Outer", "Startup Cost": 0.0, "Total Cost": 167743.36, "Plan Rows": 11032, "Plan Width": 80, "Group By Key": ["public.lineitem.l_partkey"], "Plans": [{"Node Type": "Nested Loop", "Parent Relationship": "Outer", "Join Type": "Inner", "Startup Cost": 0.0, "Total Cost": 167467.56, "Plan Rows": 11032, "Plan Width": 16, "Inner Unique": false, "Plans": [{"Node Type": "Index Scan", "Parent Relationship": "Outer", "Scan Direction": "Forward", "Index Name": "part_kpey", "Relation Name": "part", "Alias": "part", "Startup Cost": 0.0, "Total Cost": 110803.25, "Plan Rows": 2001, "Plan Width": 8, "Filter": "((p_brand = 'Brand#44'::bpchar) AND (p_container = 'WRAP PKG'::bpchar))"}, {"Node Type": "Index Scan", "Parent Relationship": "Inner", "Scan Direction": "Forward", "Index Name": "idx_lineitem_part_supp", "Relation Name": "lineitem", "Alias": "lineitem", "Startup Cost": 0.0, "Total Cost": 28.26, "Plan Rows": 6, "Plan Width": 16, "Index Cond": "(l_partkey = public.part.p_partkey)"}]}]}, {"Node Type": "Index Scan", "Parent Relationship": "Inner", "Scan Direction": "Forward", "Index Name": "part_kpey", "Relation Name": "part", "Alias": "part", "Startup Cost": 0.0, "Total Cost": 6.08, "Plan Rows": 1, "Plan Width": 8, "Index Cond": "(p_partkey = public.lineitem.l_partkey)", "Filter": "((p_brand = 'Brand#44'::bpchar) AND (p_container = 'WRAP PKG'::bpchar))"}]}, {"Node Type": "Index Scan", "Parent Relationship": "Inner", "Scan Direction": "Forward", "Index Name": "idx_lineitem_part_supp", "Relation Name": "lineitem", "Alias": "lineitem", "Startup Cost": 0.0, "Total Cost": 27.78, "Plan Rows": 2, "Plan Width": 24, "Index Cond": "(l_partkey = public.lineitem.l_partkey)", "Filter": "(l_quantity < (.2::double precision * (avg(public.lineitem.l_quantity))))"}]}]}, "Unique SQL Id": 1080450481}, "explain_analyze_plan": {"Plan": {"Node Type": "Aggregate", "Strategy": "Plain", "Startup Cost": 247183.87, "Total Cost": 247183.88, "Plan Rows": 1, "Plan Width": 16, "Actual Startup Time": 1672.251, "Actual Total Time": 1672.251, "Actual Rows": 1, "Actual Loops": 1, "Plans": [{"Node Type": "Nested Loop", "Parent Relationship": "Outer", "Join Type": "Inner", "Startup Cost": 0.0, "Total Cost": 247181.85, "Plan Rows": 806, "Plan Width": 8, "Actual Startup Time": 1.789, "Actual Total Time": 1671.055, "Actual Rows": 5403, "Actual Loops": 1, "Inner Unique": false, "Plans": [{"Node Type": "Nested Loop", "Parent Relationship": "Outer", "Join Type": "Inner", "Startup Cost": 0.0, "Total Cost": 235005.8, "Plan Rows": 438, "Plan Width": 24, "Actual Startup Time": 1.749, "Actual Total Time": 1591.323, "Actual Rows": 2003, "Actual Loops": 1, "Inner Unique": true, "Plans": [{"Node Type": "Aggregate", "Strategy": "Sorted", "Parent Relationship": "Outer", "Startup Cost": 0.0, "Total Cost": 167743.36, "Plan Rows": 11032, "Plan Width": 80, "Actual Startup Time": 1.737, "Actual Total Time": 1579.292, "Actual Rows": 2003, "Actual Loops": 1, "Group By Key": ["public.lineitem.l_partkey"], "Plans": [{"Node Type": "Nested Loop", "Parent Relationship": "Outer", "Join Type": "Inner", "Startup Cost": 0.0, "Total Cost": 167467.56, "Plan Rows": 11032, "Plan Width": 16, "Actual Startup Time": 0.583, "Actual Total Time": 1545.893, "Actual Rows": 60021, "Actual Loops": 1, "Inner Unique": false, "Plans": [{"Node Type": "Index Scan", "Parent Relationship": "Outer", "Scan Direction": "Forward", "Index Name": "part_kpey", "Relation Name": "part", "Alias": "part", "Startup Cost": 0.0, "Total Cost": 110803.25, "Plan Rows": 2001, "Plan Width": 8, "Actual Startup Time": 0.567, "Actual Total Time": 1351.997, "Actual Rows": 2003, "Actual Loops": 1, "Filter": "((p_brand = 'Brand#44'::bpchar) AND (p_container = 'WRAP PKG'::bpchar))", "Rows Removed by Filter": 1997997}, {"Node Type": "Index Scan", "Parent Relationship": "Inner", "Scan Direction": "Forward", "Index Name": "idx_lineitem_part_supp", "Relation Name": "lineitem", "Alias": "lineitem", "Startup Cost": 0.0, "Total Cost": 28.26, "Plan Rows": 6, "Plan Width": 16, "Actual Startup Time": 26.124, "Actual Total Time": 178.211, "Actual Rows": 60021, "Actual Loops": 2003, "Index Cond": "(l_partkey = public.part.p_partkey)", "Rows Removed by Index Recheck": 0}]}]}, {"Node Type": "Index Scan", "Parent Relationship": "Inner", "Scan Direction": "Forward", "Index Name": "part_kpey", "Relation Name": "part", "Alias": "part", "Startup Cost": 0.0, "Total Cost": 6.08, "Plan Rows": 1, "Plan Width": 8, "Actual Startup Time": 9.363, "Actual Total Time": 9.363, "Actual Rows": 2003, "Actual Loops": 2003, "Index Cond": "(p_partkey = public.lineitem.l_partkey)", "Rows Removed by Index Recheck": 0, "Filter": "((p_brand = 'Brand#44'::bpchar) AND (p_container = 'WRAP PKG'::bpchar))", "Rows Removed by Filter": 0}]}, {"Node Type": "Index Scan", "Parent Relationship": "Inner", "Scan Direction": "Forward", "Index Name": "idx_lineitem_part_supp", "Relation Name": "lineitem", "Alias": "lineitem", "Startup Cost": 0.0, "Total Cost": 27.78, "Plan Rows": 2, "Plan Width": 24, "Actual Startup Time": 33.256, "Actual Total Time": 76.813, "Actual Rows": 5403, "Actual Loops": 2003, "Index Cond": "(l_partkey = public.lineitem.l_partkey)", "Rows Removed by Index Recheck": 0, "Filter": "(l_quantity < (.2::double precision * (avg(public.lineitem.l_quantity))))", "Rows Removed by Filter": 54618}]}]}, "Triggers": [], "Planner Runtime": 1.448, "Total Runtime": 1672.5, "Unique SQL Id": 1080450481}}, "(16, 106)": {"explain_plan": {"Plan": {"Node Type": "Aggregate", "Strategy": "Plain", "Startup Cost": 4549973.98, "Total Cost": 4549974.0, "Plan Rows": 1, "Plan Width": 16, "Plans": [{"Node Type": "Hash Join", "Parent Relationship": "Outer", "Join Type": "Inner", "Startup Cost": 2309655.28, "Total Cost": 4549971.97, "Plan Rows": 806, "Plan Width": 8, "Inner Unique": true, "Hash Cond": "(public.part.p_partkey = subquery.\"?column?\")", "Join Filter": "(public.lineitem.l_quantity < (.2::double precision * subquery.\"?column?\"))", "Plans": [{"Node Type": "Hash Join", "Parent Relationship": "Outer", "Join Type": "Inner", "Startup Cost": 71969.01, "Total Cost": 2312146.04, "Plan Rows": 11032, "Plan Width": 32, "Inner Unique": true, "Hash Cond": "(public.lineitem.l_partkey = public.part.p_partkey)", "Plans": [{"Node Type": "Seq Scan", "Parent Relationship": "Outer", "Relation Name": "lineitem", "Alias": "lineitem", "Startup Cost": 0.0, "Total Cost": 2015115.33, "Plan Rows": 59987033, "Plan Width": 24}, {"Node Type": "Hash", "Parent Relationship": "Inner", "Startup Cost": 71944.0, "Total Cost": 71944.0, "Plan Rows": 2001, "Plan Width": 8, "Plans": [{"Node Type": "Seq Scan", "Parent Relationship": "Outer", "Relation Name": "part", "Alias": "part", "Startup Cost": 0.0, "Total Cost": 71944.0, "Plan Rows": 2001, "Plan Width": 8, "Filter": "((p_brand = 'Brand#44'::bpchar) AND (p_container = 'WRAP PKG'::bpchar))"}]}]}, {"Node Type": "Hash", "Parent Relationship": "Inner", "Startup Cost": 2237548.37, "Total Cost": 2237548.37, "Plan Rows": 11032, "Plan Width": 16, "Plans": [{"Node Type": "Subquery Scan", "Parent Relationship": "Outer", "Alias": "subquery", "Startup Cost": 2237244.99, "Total Cost": 2237548.37, "Plan Rows": 11032, "Plan Width": 16, "Plans": [{"Node Type": "Aggregate", "Strategy": "Hashed", "Parent Relationship": "Subquery", "Startup Cost": 2237244.99, "Total Cost": 2237438.05, "Plan Rows": 11032, "Plan Width": 16, "Group By Key": ["public.lineitem.l_partkey"], "Plans": [{"Node Type": "Hash Join", "Parent Relationship": "Outer", "Join Type": "Inner", "Startup Cost": 71969.01, "Total Cost": 2237162.25, "Plan Rows": 11032, "Plan Width": 16, "Inner Unique": true, "Hash Cond": "(public.lineitem.l_partkey = public.part.p_partkey)", "Plans": [{"Node Type": "Seq Scan", "Parent Relationship": "Outer", "Relation Name": "lineitem", "Alias": "lineitem", "Startup Cost": 0.0, "Total Cost": 2015115.33, "Plan Rows": 59987033, "Plan Width": 16}, {"Node Type": "Hash", "Parent Relationship": "Inner", "Startup Cost": 71944.0, "Total Cost": 71944.0, "Plan Rows": 2001, "Plan Width": 8, "Plans": [{"Node Type": "Seq Scan", "Parent Relationship": "Outer", "Relation Name": "part", "Alias": "part", "Startup Cost": 0.0, "Total Cost": 71944.0, "Plan Rows": 2001, "Plan Width": 8, "Filter": "((p_brand = 'Brand#44'::bpchar) AND (p_container = 'WRAP PKG'::bpchar))"}]}]}]}]}]}]}]}, "Unique SQL Id": 1080450481}, "explain_analyze_plan": null}, "(16, 107)": {"explain_plan": {"Plan": {"Node Type": "Aggregate", "Strategy": "Plain", "Startup Cost": 4001573319144.61, "Total Cost": 4001573319144.62, "Plan Rows": 1, "Plan Width": 16, "Plans": [{"Node Type": "Hash Join", "Parent Relationship": "Outer", "Join Type": "Inner", "Startup Cost": 3010797702621.59, "Total Cost": 4001573319142.59, "Plan Rows": 806, "Plan Width": 8, "Inner Unique": true, "Hash Cond": "(public.part.p_partkey = subquery.\"?column?\")", "Join Filter": "(public.lineitem.l_quantity < (.2::double precision * subquery.\"?column?\"))", "Plans": [{"Node Type": "Hash Join", "Parent Relationship": "Outer", "Join Type": "Inner", "Startup Cost": 1010011080350.01, "Total Cost": 2000786696731.35, "Plan Rows": 11032, "Plan Width": 32, "Inner Unique": true, "Hash Cond": "(public.lineitem.l_partkey = public.part.p_partkey)", "Plans": [{"Node Type": "Index Scan", "Parent Relationship": "Outer", "Scan Direction": "Forward", "Index Name": "idx_lineitem_part_supp", "Relation Name": "lineitem", "Alias": "lineitem", "Startup Cost": 10000000000.0, "Total Cost": 1000775391319.64, "Plan Rows": 59987033, "Plan Width": 24}, {"Node Type": "Hash", "Parent Relationship": "Inner", "Startup Cost": 1000011080325.0, "Total Cost": 1000011080325.0, "Plan Rows": 2001, "Plan Width": 8, "Plans": [{"Node Type": "Index Scan", "Parent Relationship": "Outer", "Scan Direction": "Forward", "Index Name": "part_kpey", "Relation Name": "part", "Alias": "part", "Startup Cost": 10000000000.0, "Total Cost": 1000011080325.0, "Plan Rows": 2001, "Plan Width": 8, "Filter": "((p_brand = 'Brand#44'::bpchar) AND (p_container = 'WRAP PKG'::bpchar))"}]}]}, {"Node Type": "Hash", "Parent Relationship": "Inner", "Startup Cost": 2000786622133.68, "Total Cost": 2000786622133.68, "Plan Rows": 11032, "Plan Width": 16, "Plans": [{"Node Type": "Subquery Scan", "Parent Relationship": "Outer", "Alias": "subquery", "Startup Cost": 2000786621830.3, "Total Cost": 2000786622133.68, "Plan Rows": 11032, "Plan Width": 16, "Plans": [{"Node Type": "Aggregate", "Strategy": "Hashed", "Parent Relationship": "Subquery", "Startup Cost": 2000786621830.3, "Total Cost": 2000786622023.36, "Plan Rows": 11032, "Plan Width": 16, "Group By Key": ["public.lineitem.l_partkey"], "Plans": [{"Node Type": "Hash Join", "Parent Relationship": "Outer", "Join Type": "Inner", "Startup Cost": 1010011080350.01, "Total Cost": 2000786621747.56, "Plan Rows": 11032, "Plan Width": 16, "Inner Unique": true, "Hash Cond": "(public.lineitem.l_partkey = public.part.p_partkey)", "Plans": [{"Node Type": "Index Scan", "Parent Relationship": "Outer", "Scan Direction": "Forward", "Index Name": "idx_lineitem_part_supp", "Relation Name": "lineitem", "Alias": "lineitem", "Startup Cost": 10000000000.0, "Total Cost": 1000775391319.64, "Plan Rows": 59987033, "Plan Width": 16}, {"Node Type": "Hash", "Parent Relationship": "Inner", "Startup Cost": 1000011080325.0, "Total Cost": 1000011080325.0, "Plan Rows": 2001, "Plan Width": 8, "Plans": [{"Node Type": "Index Scan", "Parent Relationship": "Outer", "Scan Direction": "Forward", "Index Name": "part_kpey", "Relation Name": "part", "Alias": "part", "Startup Cost": 10000000000.0, "Total Cost": 1000011080325.0, "Plan Rows": 2001, "Plan Width": 8, "Filter": "((p_brand = 'Brand#44'::bpchar) AND (p_container = 'WRAP PKG'::bpchar))"}]}]}]}]}]}]}]}, "Unique SQL Id": 1080450481}, "explain_analyze_plan": null}, "(16, 108)": {"explain_plan": {"Plan": {"Node Type": "Aggregate", "Strategy": "Plain", "Startup Cost": 208324.62, "Total Cost": 208324.63, "Plan Rows": 1, "Plan Width": 16, "Plans": [{"Node Type": "Nested Loop", "Parent Relationship": "Outer", "Join Type": "Inner", "Startup Cost": 128691.05, "Total Cost": 208322.6, "Plan Rows": 806, "Plan Width": 8, "Inner Unique": false, "Plans": [{"Node Type": "Nested Loop", "Parent Relationship": "Outer", "Join Type": "Inner", "Startup Cost": 128691.05, "Total Cost": 196146.55, "Plan Rows": 438, "Plan Width": 24, "Inner Unique": true, "Plans": [{"Node Type": "Aggregate", "Strategy": "Hashed", "Parent Relationship": "Outer", "Startup Cost": 128691.05, "Total Cost": 128884.11, "Plan Rows": 11032, "Plan Width": 16, "Group By Key": ["public.lineitem.l_partkey"], "Plans": [{"Node Type": "Nested Loop", "Parent Relationship": "Outer", "Join Type": "Inner", "Startup Cost": 0.0, "Total Cost": 128608.31, "Plan Rows": 11032, "Plan Width": 16, "Inner Unique": false, "Plans": [{"Node Type": "Seq Scan", "Parent Relationship": "Outer", "Relation Name": "part", "Alias": "part", "Startup Cost": 0.0, "Total Cost": 71944.0, "Plan Rows": 2001, "Plan Width": 8, "Filter": "((p_brand = 'Brand#44'::bpchar) AND (p_container = 'WRAP PKG'::bpchar))"}, {"Node Type": "Index Scan", "Parent Relationship": "Inner", "Scan Direction": "Forward", "Index Name": "idx_lineitem_part_supp", "Relation Name": "lineitem", "Alias": "lineitem", "Startup Cost": 0.0, "Total Cost": 28.26, "Plan Rows": 6, "Plan Width": 16, "Index Cond": "(l_partkey = public.part.p_partkey)"}]}]}, {"Node Type": "Index Scan", "Parent Relationship": "Inner", "Scan Direction": "Forward", "Index Name": "part_kpey", "Relation Name": "part", "Alias": "part", "Startup Cost": 0.0, "Total Cost": 6.08, "Plan Rows": 1, "Plan Width": 8, "Index Cond": "(p_partkey = public.lineitem.l_partkey)", "Filter": "((p_brand = 'Brand#44'::bpchar) AND (p_container = 'WRAP PKG'::bpchar))"}]}, {"Node Type": "Index Scan", "Parent Relationship": "Inner", "Scan Direction": "Forward", "Index Name": "idx_lineitem_part_supp", "Relation Name": "lineitem", "Alias": "lineitem", "Startup Cost": 0.0, "Total Cost": 27.78, "Plan Rows": 2, "Plan Width": 24, "Index Cond": "(l_partkey = public.lineitem.l_partkey)", "Filter": "(l_quantity < (.2::double precision * (avg(public.lineitem.l_quantity))))"}]}]}, "Unique SQL Id": 1080450481}, "explain_analyze_plan": {"Plan": {"Node Type": "Aggregate", "Strategy": "Plain", "Startup Cost": 208324.62, "Total Cost": 208324.63, "Plan Rows": 1, "Plan Width": 16, "Actual Startup Time": 1198.059, "Actual Total Time": 1198.06, "Actual Rows": 1, "Actual Loops": 1, "Plans": [{"Node Type": "Nested Loop", "Parent Relationship": "Outer", "Join Type": "Inner", "Startup Cost": 128691.05, "Total Cost": 208322.6, "Plan Rows": 806, "Plan Width": 8, "Actual Startup Time": 1016.325, "Actual Total Time": 1197.018, "Actual Rows": 5403, "Actual Loops": 1, "Inner Unique": false, "Plans": [{"Node Type": "Nested Loop", "Parent Relationship": "Outer", "Join Type": "Inner", "Startup Cost": 128691.05, "Total Cost": 196146.55, "Plan Rows": 438, "Plan Width": 24, "Actual Startup Time": 1016.297, "Actual Total Time": 1034.231, "Actual Rows": 2003, "Actual Loops": 1, "Inner Unique": true, "Plans": [{"Node Type": "Aggregate", "Strategy": "Hashed", "Parent Relationship": "Outer", "Startup Cost": 128691.05, "Total Cost": 128884.11, "Plan Rows": 11032, "Plan Width": 16, "Actual Startup Time": 1016.266, "Actual Total Time": 1017.905, "Actual Rows": 2003, "Actual Loops": 1, "Group By Key": ["public.lineitem.l_partkey"], "Plans": [{"Node Type": "Nested Loop", "Parent Relationship": "Outer", "Join Type": "Inner", "Startup Cost": 0.0, "Total Cost": 128608.31, "Plan Rows": 11032, "Plan Width": 16, "Actual Startup Time": 0.361, "Actual Total Time": 975.259, "Actual Rows": 60021, "Actual Loops": 1, "Inner Unique": false, "Plans": [{"Node Type": "Seq Scan", "Parent Relationship": "Outer", "Relation Name": "part", "Alias": "part", "Startup Cost": 0.0, "Total Cost": 71944.0, "Plan Rows": 2001, "Plan Width": 8, "Actual Startup Time": 0.34, "Actual Total Time": 786.254, "Actual Rows": 2003, "Actual Loops": 1, "Filter": "((p_brand = 'Brand#44'::bpchar) AND (p_container = 'WRAP PKG'::bpchar))", "Rows Removed by Filter": 1997997}, {"Node Type": "Index Scan", "Parent Relationship": "Inner", "Scan Direction": "Forward", "Index Name": "idx_lineitem_part_supp", "Relation Name": "lineitem", "Alias": "lineitem", "Startup Cost": 0.0, "Total Cost": 28.26, "Plan Rows": 6, "Plan Width": 16, "Actual Startup Time": 25.976, "Actual Total Time": 174.503, "Actual Rows": 60021, "Actual Loops": 2003, "Index Cond": "(l_partkey = public.part.p_partkey)", "Rows Removed by Index Recheck": 0}]}]}, {"Node Type": "Index Scan", "Parent Relationship": "Inner", "Scan Direction": "Forward", "Index Name": "part_kpey", "Relation Name": "part", "Alias": "part", "Startup Cost": 0.0, "Total Cost": 6.08, "Plan Rows": 1, "Plan Width": 8, "Actual Startup Time": 14.697, "Actual Total Time": 14.697, "Actual Rows": 2003, "Actual Loops": 2003, "Index Cond": "(p_partkey = public.lineitem.l_partkey)", "Rows Removed by Index Recheck": 0, "Filter": "((p_brand = 'Brand#44'::bpchar) AND (p_container = 'WRAP PKG'::bpchar))", "Rows Removed by Filter": 0}]}, {"Node Type": "Index Scan", "Parent Relationship": "Inner", "Scan Direction": "Forward", "Index Name": "idx_lineitem_part_supp", "Relation Name": "lineitem", "Alias": "lineitem", "Startup Cost": 0.0, "Total Cost": 27.78, "Plan Rows": 2, "Plan Width": 24, "Actual Startup Time": 65.051, "Actual Total Time": 160.425, "Actual Rows": 5403, "Actual Loops": 2003, "Index Cond": "(l_partkey = public.lineitem.l_partkey)", "Rows Removed by Index Recheck": 0, "Filter": "(l_quantity < (.2::double precision * (avg(public.lineitem.l_quantity))))", "Rows Removed by Filter": 54618}]}]}, "Triggers": [], "Planner Runtime": 1.534, "Total Runtime": 1198.321, "Unique SQL Id": 1080450481}}, "(16, 109)": {"explain_plan": {"Plan": {"Node Type": "Aggregate", "Strategy": "Plain", "Startup Cost": 247183.87, "Total Cost": 247183.88, "Plan Rows": 1, "Plan Width": 16, "Plans": [{"Node Type": "Nested Loop", "Parent Relationship": "Outer", "Join Type": "Inner", "Startup Cost": 0.0, "Total Cost": 247181.85, "Plan Rows": 806, "Plan Width": 8, "Inner Unique": false, "Plans": [{"Node Type": "Nested Loop", "Parent Relationship": "Outer", "Join Type": "Inner", "Startup Cost": 0.0, "Total Cost": 235005.8, "Plan Rows": 438, "Plan Width": 24, "Inner Unique": true, "Plans": [{"Node Type": "Aggregate", "Strategy": "Sorted", "Parent Relationship": "Outer", "Startup Cost": 0.0, "Total Cost": 167743.36, "Plan Rows": 11032, "Plan Width": 80, "Group By Key": ["public.lineitem.l_partkey"], "Plans": [{"Node Type": "Nested Loop", "Parent Relationship": "Outer", "Join Type": "Inner", "Startup Cost": 0.0, "Total Cost": 167467.56, "Plan Rows": 11032, "Plan Width": 16, "Inner Unique": false, "Plans": [{"Node Type": "Index Scan", "Parent Relationship": "Outer", "Scan Direction": "Forward", "Index Name": "part_kpey", "Relation Name": "part", "Alias": "part", "Startup Cost": 0.0, "Total Cost": 110803.25, "Plan Rows": 2001, "Plan Width": 8, "Filter": "((p_brand = 'Brand#44'::bpchar) AND (p_container = 'WRAP PKG'::bpchar))"}, {"Node Type": "Index Scan", "Parent Relationship": "Inner", "Scan Direction": "Forward", "Index Name": "idx_lineitem_part_supp", "Relation Name": "lineitem", "Alias": "lineitem", "Startup Cost": 0.0, "Total Cost": 28.26, "Plan Rows": 6, "Plan Width": 16, "Index Cond": "(l_partkey = public.part.p_partkey)"}]}]}, {"Node Type": "Index Scan", "Parent Relationship": "Inner", "Scan Direction": "Forward", "Index Name": "part_kpey", "Relation Name": "part", "Alias": "part", "Startup Cost": 0.0, "Total Cost": 6.08, "Plan Rows": 1, "Plan Width": 8, "Index Cond": "(p_partkey = public.lineitem.l_partkey)", "Filter": "((p_brand = 'Brand#44'::bpchar) AND (p_container = 'WRAP PKG'::bpchar))"}]}, {"Node Type": "Index Scan", "Parent Relationship": "Inner", "Scan Direction": "Forward", "Index Name": "idx_lineitem_part_supp", "Relation Name": "lineitem", "Alias": "lineitem", "Startup Cost": 0.0, "Total Cost": 27.78, "Plan Rows": 2, "Plan Width": 24, "Index Cond": "(l_partkey = public.lineitem.l_partkey)", "Filter": "(l_quantity < (.2::double precision * (avg(public.lineitem.l_quantity))))"}]}]}, "Unique SQL Id": 1080450481}, "explain_analyze_plan": {"Plan": {"Node Type": "Aggregate", "Strategy": "Plain", "Startup Cost": 247183.87, "Total Cost": 247183.88, "Plan Rows": 1, "Plan Width": 16, "Actual Startup Time": 1672.251, "Actual Total Time": 1672.251, "Actual Rows": 1, "Actual Loops": 1, "Plans": [{"Node Type": "Nested Loop", "Parent Relationship": "Outer", "Join Type": "Inner", "Startup Cost": 0.0, "Total Cost": 247181.85, "Plan Rows": 806, "Plan Width": 8, "Actual Startup Time": 1.789, "Actual Total Time": 1671.055, "Actual Rows": 5403, "Actual Loops": 1, "Inner Unique": false, "Plans": [{"Node Type": "Nested Loop", "Parent Relationship": "Outer", "Join Type": "Inner", "Startup Cost": 0.0, "Total Cost": 235005.8, "Plan Rows": 438, "Plan Width": 24, "Actual Startup Time": 1.749, "Actual Total Time": 1591.323, "Actual Rows": 2003, "Actual Loops": 1, "Inner Unique": true, "Plans": [{"Node Type": "Aggregate", "Strategy": "Sorted", "Parent Relationship": "Outer", "Startup Cost": 0.0, "Total Cost": 167743.36, "Plan Rows": 11032, "Plan Width": 80, "Actual Startup Time": 1.737, "Actual Total Time": 1579.292, "Actual Rows": 2003, "Actual Loops": 1, "Group By Key": ["public.lineitem.l_partkey"], "Plans": [{"Node Type": "Nested Loop", "Parent Relationship": "Outer", "Join Type": "Inner", "Startup Cost": 0.0, "Total Cost": 167467.56, "Plan Rows": 11032, "Plan Width": 16, "Actual Startup Time": 0.583, "Actual Total Time": 1545.893, "Actual Rows": 60021, "Actual Loops": 1, "Inner Unique": false, "Plans": [{"Node Type": "Index Scan", "Parent Relationship": "Outer", "Scan Direction": "Forward", "Index Name": "part_kpey", "Relation Name": "part", "Alias": "part", "Startup Cost": 0.0, "Total Cost": 110803.25, "Plan Rows": 2001, "Plan Width": 8, "Actual Startup Time": 0.567, "Actual Total Time": 1351.997, "Actual Rows": 2003, "Actual Loops": 1, "Filter": "((p_brand = 'Brand#44'::bpchar) AND (p_container = 'WRAP PKG'::bpchar))", "Rows Removed by Filter": 1997997}, {"Node Type": "Index Scan", "Parent Relationship": "Inner", "Scan Direction": "Forward", "Index Name": "idx_lineitem_part_supp", "Relation Name": "lineitem", "Alias": "lineitem", "Startup Cost": 0.0, "Total Cost": 28.26, "Plan Rows": 6, "Plan Width": 16, "Actual Startup Time": 26.124, "Actual Total Time": 178.211, "Actual Rows": 60021, "Actual Loops": 2003, "Index Cond": "(l_partkey = public.part.p_partkey)", "Rows Removed by Index Recheck": 0}]}]}, {"Node Type": "Index Scan", "Parent Relationship": "Inner", "Scan Direction": "Forward", "Index Name": "part_kpey", "Relation Name": "part", "Alias": "part", "Startup Cost": 0.0, "Total Cost": 6.08, "Plan Rows": 1, "Plan Width": 8, "Actual Startup Time": 9.363, "Actual Total Time": 9.363, "Actual Rows": 2003, "Actual Loops": 2003, "Index Cond": "(p_partkey = public.lineitem.l_partkey)", "Rows Removed by Index Recheck": 0, "Filter": "((p_brand = 'Brand#44'::bpchar) AND (p_container = 'WRAP PKG'::bpchar))", "Rows Removed by Filter": 0}]}, {"Node Type": "Index Scan", "Parent Relationship": "Inner", "Scan Direction": "Forward", "Index Name": "idx_lineitem_part_supp", "Relation Name": "lineitem", "Alias": "lineitem", "Startup Cost": 0.0, "Total Cost": 27.78, "Plan Rows": 2, "Plan Width": 24, "Actual Startup Time": 33.256, "Actual Total Time": 76.813, "Actual Rows": 5403, "Actual Loops": 2003, "Index Cond": "(l_partkey = public.lineitem.l_partkey)", "Rows Removed by Index Recheck": 0, "Filter": "(l_quantity < (.2::double precision * (avg(public.lineitem.l_quantity))))", "Rows Removed by Filter": 54618}]}]}, "Triggers": [], "Planner Runtime": 1.448, "Total Runtime": 1672.5, "Unique SQL Id": 1080450481}}, "(16, 110)": {"explain_plan": {"Plan": {"Node Type": "Aggregate", "Strategy": "Plain", "Startup Cost": 4549973.98, "Total Cost": 4549974.0, "Plan Rows": 1, "Plan Width": 16, "Plans": [{"Node Type": "Hash Join", "Parent Relationship": "Outer", "Join Type": "Inner", "Startup Cost": 2309655.28, "Total Cost": 4549971.97, "Plan Rows": 806, "Plan Width": 8, "Inner Unique": true, "Hash Cond": "(public.part.p_partkey = subquery.\"?column?\")", "Join Filter": "(public.lineitem.l_quantity < (.2::double precision * subquery.\"?column?\"))", "Plans": [{"Node Type": "Hash Join", "Parent Relationship": "Outer", "Join Type": "Inner", "Startup Cost": 71969.01, "Total Cost": 2312146.04, "Plan Rows": 11032, "Plan Width": 32, "Inner Unique": true, "Hash Cond": "(public.lineitem.l_partkey = public.part.p_partkey)", "Plans": [{"Node Type": "Seq Scan", "Parent Relationship": "Outer", "Relation Name": "lineitem", "Alias": "lineitem", "Startup Cost": 0.0, "Total Cost": 2015115.33, "Plan Rows": 59987033, "Plan Width": 24}, {"Node Type": "Hash", "Parent Relationship": "Inner", "Startup Cost": 71944.0, "Total Cost": 71944.0, "Plan Rows": 2001, "Plan Width": 8, "Plans": [{"Node Type": "Seq Scan", "Parent Relationship": "Outer", "Relation Name": "part", "Alias": "part", "Startup Cost": 0.0, "Total Cost": 71944.0, "Plan Rows": 2001, "Plan Width": 8, "Filter": "((p_brand = 'Brand#44'::bpchar) AND (p_container = 'WRAP PKG'::bpchar))"}]}]}, {"Node Type": "Hash", "Parent Relationship": "Inner", "Startup Cost": 2237548.37, "Total Cost": 2237548.37, "Plan Rows": 11032, "Plan Width": 16, "Plans": [{"Node Type": "Subquery Scan", "Parent Relationship": "Outer", "Alias": "subquery", "Startup Cost": 2237244.99, "Total Cost": 2237548.37, "Plan Rows": 11032, "Plan Width": 16, "Plans": [{"Node Type": "Aggregate", "Strategy": "Hashed", "Parent Relationship": "Subquery", "Startup Cost": 2237244.99, "Total Cost": 2237438.05, "Plan Rows": 11032, "Plan Width": 16, "Group By Key": ["public.lineitem.l_partkey"], "Plans": [{"Node Type": "Hash Join", "Parent Relationship": "Outer", "Join Type": "Inner", "Startup Cost": 71969.01, "Total Cost": 2237162.25, "Plan Rows": 11032, "Plan Width": 16, "Inner Unique": true, "Hash Cond": "(public.lineitem.l_partkey = public.part.p_partkey)", "Plans": [{"Node Type": "Seq Scan", "Parent Relationship": "Outer", "Relation Name": "lineitem", "Alias": "lineitem", "Startup Cost": 0.0, "Total Cost": 2015115.33, "Plan Rows": 59987033, "Plan Width": 16}, {"Node Type": "Hash", "Parent Relationship": "Inner", "Startup Cost": 71944.0, "Total Cost": 71944.0, "Plan Rows": 2001, "Plan Width": 8, "Plans": [{"Node Type": "Seq Scan", "Parent Relationship": "Outer", "Relation Name": "part", "Alias": "part", "Startup Cost": 0.0, "Total Cost": 71944.0, "Plan Rows": 2001, "Plan Width": 8, "Filter": "((p_brand = 'Brand#44'::bpchar) AND (p_container = 'WRAP PKG'::bpchar))"}]}]}]}]}]}]}]}, "Unique SQL Id": 1080450481}, "explain_analyze_plan": null}, "(16, 111)": {"explain_plan": {"Plan": {"Node Type": "Aggregate", "Strategy": "Plain", "Startup Cost": 4001573319144.61, "Total Cost": 4001573319144.62, "Plan Rows": 1, "Plan Width": 16, "Plans": [{"Node Type": "Hash Join", "Parent Relationship": "Outer", "Join Type": "Inner", "Startup Cost": 3010797702621.59, "Total Cost": 4001573319142.59, "Plan Rows": 806, "Plan Width": 8, "Inner Unique": true, "Hash Cond": "(public.part.p_partkey = subquery.\"?column?\")", "Join Filter": "(public.lineitem.l_quantity < (.2::double precision * subquery.\"?column?\"))", "Plans": [{"Node Type": "Hash Join", "Parent Relationship": "Outer", "Join Type": "Inner", "Startup Cost": 1010011080350.01, "Total Cost": 2000786696731.35, "Plan Rows": 11032, "Plan Width": 32, "Inner Unique": true, "Hash Cond": "(public.lineitem.l_partkey = public.part.p_partkey)", "Plans": [{"Node Type": "Index Scan", "Parent Relationship": "Outer", "Scan Direction": "Forward", "Index Name": "idx_lineitem_part_supp", "Relation Name": "lineitem", "Alias": "lineitem", "Startup Cost": 10000000000.0, "Total Cost": 1000775391319.64, "Plan Rows": 59987033, "Plan Width": 24}, {"Node Type": "Hash", "Parent Relationship": "Inner", "Startup Cost": 1000011080325.0, "Total Cost": 1000011080325.0, "Plan Rows": 2001, "Plan Width": 8, "Plans": [{"Node Type": "Index Scan", "Parent Relationship": "Outer", "Scan Direction": "Forward", "Index Name": "part_kpey", "Relation Name": "part", "Alias": "part", "Startup Cost": 10000000000.0, "Total Cost": 1000011080325.0, "Plan Rows": 2001, "Plan Width": 8, "Filter": "((p_brand = 'Brand#44'::bpchar) AND (p_container = 'WRAP PKG'::bpchar))"}]}]}, {"Node Type": "Hash", "Parent Relationship": "Inner", "Startup Cost": 2000786622133.68, "Total Cost": 2000786622133.68, "Plan Rows": 11032, "Plan Width": 16, "Plans": [{"Node Type": "Subquery Scan", "Parent Relationship": "Outer", "Alias": "subquery", "Startup Cost": 2000786621830.3, "Total Cost": 2000786622133.68, "Plan Rows": 11032, "Plan Width": 16, "Plans": [{"Node Type": "Aggregate", "Strategy": "Hashed", "Parent Relationship": "Subquery", "Startup Cost": 2000786621830.3, "Total Cost": 2000786622023.36, "Plan Rows": 11032, "Plan Width": 16, "Group By Key": ["public.lineitem.l_partkey"], "Plans": [{"Node Type": "Hash Join", "Parent Relationship": "Outer", "Join Type": "Inner", "Startup Cost": 1010011080350.01, "Total Cost": 2000786621747.56, "Plan Rows": 11032, "Plan Width": 16, "Inner Unique": true, "Hash Cond": "(public.lineitem.l_partkey = public.part.p_partkey)", "Plans": [{"Node Type": "Index Scan", "Parent Relationship": "Outer", "Scan Direction": "Forward", "Index Name": "idx_lineitem_part_supp", "Relation Name": "lineitem", "Alias": "lineitem", "Startup Cost": 10000000000.0, "Total Cost": 1000775391319.64, "Plan Rows": 59987033, "Plan Width": 16}, {"Node Type": "Hash", "Parent Relationship": "Inner", "Startup Cost": 1000011080325.0, "Total Cost": 1000011080325.0, "Plan Rows": 2001, "Plan Width": 8, "Plans": [{"Node Type": "Index Scan", "Parent Relationship": "Outer", "Scan Direction": "Forward", "Index Name": "part_kpey", "Relation Name": "part", "Alias": "part", "Startup Cost": 10000000000.0, "Total Cost": 1000011080325.0, "Plan Rows": 2001, "Plan Width": 8, "Filter": "((p_brand = 'Brand#44'::bpchar) AND (p_container = 'WRAP PKG'::bpchar))"}]}]}]}]}]}]}]}, "Unique SQL Id": 1080450481}, "explain_analyze_plan": null}, "(16, 112)": {"explain_plan": {"Plan": {"Node Type": "Aggregate", "Strategy": "Plain", "Startup Cost": 208324.62, "Total Cost": 208324.63, "Plan Rows": 1, "Plan Width": 16, "Plans": [{"Node Type": "Nested Loop", "Parent Relationship": "Outer", "Join Type": "Inner", "Startup Cost": 128691.05, "Total Cost": 208322.6, "Plan Rows": 806, "Plan Width": 8, "Inner Unique": false, "Plans": [{"Node Type": "Nested Loop", "Parent Relationship": "Outer", "Join Type": "Inner", "Startup Cost": 128691.05, "Total Cost": 196146.55, "Plan Rows": 438, "Plan Width": 24, "Inner Unique": true, "Plans": [{"Node Type": "Aggregate", "Strategy": "Hashed", "Parent Relationship": "Outer", "Startup Cost": 128691.05, "Total Cost": 128884.11, "Plan Rows": 11032, "Plan Width": 16, "Group By Key": ["public.lineitem.l_partkey"], "Plans": [{"Node Type": "Nested Loop", "Parent Relationship": "Outer", "Join Type": "Inner", "Startup Cost": 0.0, "Total Cost": 128608.31, "Plan Rows": 11032, "Plan Width": 16, "Inner Unique": false, "Plans": [{"Node Type": "Seq Scan", "Parent Relationship": "Outer", "Relation Name": "part", "Alias": "part", "Startup Cost": 0.0, "Total Cost": 71944.0, "Plan Rows": 2001, "Plan Width": 8, "Filter": "((p_brand = 'Brand#44'::bpchar) AND (p_container = 'WRAP PKG'::bpchar))"}, {"Node Type": "Index Scan", "Parent Relationship": "Inner", "Scan Direction": "Forward", "Index Name": "idx_lineitem_part_supp", "Relation Name": "lineitem", "Alias": "lineitem", "Startup Cost": 0.0, "Total Cost": 28.26, "Plan Rows": 6, "Plan Width": 16, "Index Cond": "(l_partkey = public.part.p_partkey)"}]}]}, {"Node Type": "Index Scan", "Parent Relationship": "Inner", "Scan Direction": "Forward", "Index Name": "part_kpey", "Relation Name": "part", "Alias": "part", "Startup Cost": 0.0, "Total Cost": 6.08, "Plan Rows": 1, "Plan Width": 8, "Index Cond": "(p_partkey = public.lineitem.l_partkey)", "Filter": "((p_brand = 'Brand#44'::bpchar) AND (p_container = 'WRAP PKG'::bpchar))"}]}, {"Node Type": "Index Scan", "Parent Relationship": "Inner", "Scan Direction": "Forward", "Index Name": "idx_lineitem_part_supp", "Relation Name": "lineitem", "Alias": "lineitem", "Startup Cost": 0.0, "Total Cost": 27.78, "Plan Rows": 2, "Plan Width": 24, "Index Cond": "(l_partkey = public.lineitem.l_partkey)", "Filter": "(l_quantity < (.2::double precision * (avg(public.lineitem.l_quantity))))"}]}]}, "Unique SQL Id": 1080450481}, "explain_analyze_plan": {"Plan": {"Node Type": "Aggregate", "Strategy": "Plain", "Startup Cost": 208324.62, "Total Cost": 208324.63, "Plan Rows": 1, "Plan Width": 16, "Actual Startup Time": 1198.059, "Actual Total Time": 1198.06, "Actual Rows": 1, "Actual Loops": 1, "Plans": [{"Node Type": "Nested Loop", "Parent Relationship": "Outer", "Join Type": "Inner", "Startup Cost": 128691.05, "Total Cost": 208322.6, "Plan Rows": 806, "Plan Width": 8, "Actual Startup Time": 1016.325, "Actual Total Time": 1197.018, "Actual Rows": 5403, "Actual Loops": 1, "Inner Unique": false, "Plans": [{"Node Type": "Nested Loop", "Parent Relationship": "Outer", "Join Type": "Inner", "Startup Cost": 128691.05, "Total Cost": 196146.55, "Plan Rows": 438, "Plan Width": 24, "Actual Startup Time": 1016.297, "Actual Total Time": 1034.231, "Actual Rows": 2003, "Actual Loops": 1, "Inner Unique": true, "Plans": [{"Node Type": "Aggregate", "Strategy": "Hashed", "Parent Relationship": "Outer", "Startup Cost": 128691.05, "Total Cost": 128884.11, "Plan Rows": 11032, "Plan Width": 16, "Actual Startup Time": 1016.266, "Actual Total Time": 1017.905, "Actual Rows": 2003, "Actual Loops": 1, "Group By Key": ["public.lineitem.l_partkey"], "Plans": [{"Node Type": "Nested Loop", "Parent Relationship": "Outer", "Join Type": "Inner", "Startup Cost": 0.0, "Total Cost": 128608.31, "Plan Rows": 11032, "Plan Width": 16, "Actual Startup Time": 0.361, "Actual Total Time": 975.259, "Actual Rows": 60021, "Actual Loops": 1, "Inner Unique": false, "Plans": [{"Node Type": "Seq Scan", "Parent Relationship": "Outer", "Relation Name": "part", "Alias": "part", "Startup Cost": 0.0, "Total Cost": 71944.0, "Plan Rows": 2001, "Plan Width": 8, "Actual Startup Time": 0.34, "Actual Total Time": 786.254, "Actual Rows": 2003, "Actual Loops": 1, "Filter": "((p_brand = 'Brand#44'::bpchar) AND (p_container = 'WRAP PKG'::bpchar))", "Rows Removed by Filter": 1997997}, {"Node Type": "Index Scan", "Parent Relationship": "Inner", "Scan Direction": "Forward", "Index Name": "idx_lineitem_part_supp", "Relation Name": "lineitem", "Alias": "lineitem", "Startup Cost": 0.0, "Total Cost": 28.26, "Plan Rows": 6, "Plan Width": 16, "Actual Startup Time": 25.976, "Actual Total Time": 174.503, "Actual Rows": 60021, "Actual Loops": 2003, "Index Cond": "(l_partkey = public.part.p_partkey)", "Rows Removed by Index Recheck": 0}]}]}, {"Node Type": "Index Scan", "Parent Relationship": "Inner", "Scan Direction": "Forward", "Index Name": "part_kpey", "Relation Name": "part", "Alias": "part", "Startup Cost": 0.0, "Total Cost": 6.08, "Plan Rows": 1, "Plan Width": 8, "Actual Startup Time": 14.697, "Actual Total Time": 14.697, "Actual Rows": 2003, "Actual Loops": 2003, "Index Cond": "(p_partkey = public.lineitem.l_partkey)", "Rows Removed by Index Recheck": 0, "Filter": "((p_brand = 'Brand#44'::bpchar) AND (p_container = 'WRAP PKG'::bpchar))", "Rows Removed by Filter": 0}]}, {"Node Type": "Index Scan", "Parent Relationship": "Inner", "Scan Direction": "Forward", "Index Name": "idx_lineitem_part_supp", "Relation Name": "lineitem", "Alias": "lineitem", "Startup Cost": 0.0, "Total Cost": 27.78, "Plan Rows": 2, "Plan Width": 24, "Actual Startup Time": 65.051, "Actual Total Time": 160.425, "Actual Rows": 5403, "Actual Loops": 2003, "Index Cond": "(l_partkey = public.lineitem.l_partkey)", "Rows Removed by Index Recheck": 0, "Filter": "(l_quantity < (.2::double precision * (avg(public.lineitem.l_quantity))))", "Rows Removed by Filter": 54618}]}]}, "Triggers": [], "Planner Runtime": 1.534, "Total Runtime": 1198.321, "Unique SQL Id": 1080450481}}, "(16, 113)": {"explain_plan": {"Plan": {"Node Type": "Aggregate", "Strategy": "Plain", "Startup Cost": 247183.87, "Total Cost": 247183.88, "Plan Rows": 1, "Plan Width": 16, "Plans": [{"Node Type": "Nested Loop", "Parent Relationship": "Outer", "Join Type": "Inner", "Startup Cost": 0.0, "Total Cost": 247181.85, "Plan Rows": 806, "Plan Width": 8, "Inner Unique": false, "Plans": [{"Node Type": "Nested Loop", "Parent Relationship": "Outer", "Join Type": "Inner", "Startup Cost": 0.0, "Total Cost": 235005.8, "Plan Rows": 438, "Plan Width": 24, "Inner Unique": true, "Plans": [{"Node Type": "Aggregate", "Strategy": "Sorted", "Parent Relationship": "Outer", "Startup Cost": 0.0, "Total Cost": 167743.36, "Plan Rows": 11032, "Plan Width": 80, "Group By Key": ["public.lineitem.l_partkey"], "Plans": [{"Node Type": "Nested Loop", "Parent Relationship": "Outer", "Join Type": "Inner", "Startup Cost": 0.0, "Total Cost": 167467.56, "Plan Rows": 11032, "Plan Width": 16, "Inner Unique": false, "Plans": [{"Node Type": "Index Scan", "Parent Relationship": "Outer", "Scan Direction": "Forward", "Index Name": "part_kpey", "Relation Name": "part", "Alias": "part", "Startup Cost": 0.0, "Total Cost": 110803.25, "Plan Rows": 2001, "Plan Width": 8, "Filter": "((p_brand = 'Brand#44'::bpchar) AND (p_container = 'WRAP PKG'::bpchar))"}, {"Node Type": "Index Scan", "Parent Relationship": "Inner", "Scan Direction": "Forward", "Index Name": "idx_lineitem_part_supp", "Relation Name": "lineitem", "Alias": "lineitem", "Startup Cost": 0.0, "Total Cost": 28.26, "Plan Rows": 6, "Plan Width": 16, "Index Cond": "(l_partkey = public.part.p_partkey)"}]}]}, {"Node Type": "Index Scan", "Parent Relationship": "Inner", "Scan Direction": "Forward", "Index Name": "part_kpey", "Relation Name": "part", "Alias": "part", "Startup Cost": 0.0, "Total Cost": 6.08, "Plan Rows": 1, "Plan Width": 8, "Index Cond": "(p_partkey = public.lineitem.l_partkey)", "Filter": "((p_brand = 'Brand#44'::bpchar) AND (p_container = 'WRAP PKG'::bpchar))"}]}, {"Node Type": "Index Scan", "Parent Relationship": "Inner", "Scan Direction": "Forward", "Index Name": "idx_lineitem_part_supp", "Relation Name": "lineitem", "Alias": "lineitem", "Startup Cost": 0.0, "Total Cost": 27.78, "Plan Rows": 2, "Plan Width": 24, "Index Cond": "(l_partkey = public.lineitem.l_partkey)", "Filter": "(l_quantity < (.2::double precision * (avg(public.lineitem.l_quantity))))"}]}]}, "Unique SQL Id": 1080450481}, "explain_analyze_plan": {"Plan": {"Node Type": "Aggregate", "Strategy": "Plain", "Startup Cost": 247183.87, "Total Cost": 247183.88, "Plan Rows": 1, "Plan Width": 16, "Actual Startup Time": 1672.251, "Actual Total Time": 1672.251, "Actual Rows": 1, "Actual Loops": 1, "Plans": [{"Node Type": "Nested Loop", "Parent Relationship": "Outer", "Join Type": "Inner", "Startup Cost": 0.0, "Total Cost": 247181.85, "Plan Rows": 806, "Plan Width": 8, "Actual Startup Time": 1.789, "Actual Total Time": 1671.055, "Actual Rows": 5403, "Actual Loops": 1, "Inner Unique": false, "Plans": [{"Node Type": "Nested Loop", "Parent Relationship": "Outer", "Join Type": "Inner", "Startup Cost": 0.0, "Total Cost": 235005.8, "Plan Rows": 438, "Plan Width": 24, "Actual Startup Time": 1.749, "Actual Total Time": 1591.323, "Actual Rows": 2003, "Actual Loops": 1, "Inner Unique": true, "Plans": [{"Node Type": "Aggregate", "Strategy": "Sorted", "Parent Relationship": "Outer", "Startup Cost": 0.0, "Total Cost": 167743.36, "Plan Rows": 11032, "Plan Width": 80, "Actual Startup Time": 1.737, "Actual Total Time": 1579.292, "Actual Rows": 2003, "Actual Loops": 1, "Group By Key": ["public.lineitem.l_partkey"], "Plans": [{"Node Type": "Nested Loop", "Parent Relationship": "Outer", "Join Type": "Inner", "Startup Cost": 0.0, "Total Cost": 167467.56, "Plan Rows": 11032, "Plan Width": 16, "Actual Startup Time": 0.583, "Actual Total Time": 1545.893, "Actual Rows": 60021, "Actual Loops": 1, "Inner Unique": false, "Plans": [{"Node Type": "Index Scan", "Parent Relationship": "Outer", "Scan Direction": "Forward", "Index Name": "part_kpey", "Relation Name": "part", "Alias": "part", "Startup Cost": 0.0, "Total Cost": 110803.25, "Plan Rows": 2001, "Plan Width": 8, "Actual Startup Time": 0.567, "Actual Total Time": 1351.997, "Actual Rows": 2003, "Actual Loops": 1, "Filter": "((p_brand = 'Brand#44'::bpchar) AND (p_container = 'WRAP PKG'::bpchar))", "Rows Removed by Filter": 1997997}, {"Node Type": "Index Scan", "Parent Relationship": "Inner", "Scan Direction": "Forward", "Index Name": "idx_lineitem_part_supp", "Relation Name": "lineitem", "Alias": "lineitem", "Startup Cost": 0.0, "Total Cost": 28.26, "Plan Rows": 6, "Plan Width": 16, "Actual Startup Time": 26.124, "Actual Total Time": 178.211, "Actual Rows": 60021, "Actual Loops": 2003, "Index Cond": "(l_partkey = public.part.p_partkey)", "Rows Removed by Index Recheck": 0}]}]}, {"Node Type": "Index Scan", "Parent Relationship": "Inner", "Scan Direction": "Forward", "Index Name": "part_kpey", "Relation Name": "part", "Alias": "part", "Startup Cost": 0.0, "Total Cost": 6.08, "Plan Rows": 1, "Plan Width": 8, "Actual Startup Time": 9.363, "Actual Total Time": 9.363, "Actual Rows": 2003, "Actual Loops": 2003, "Index Cond": "(p_partkey = public.lineitem.l_partkey)", "Rows Removed by Index Recheck": 0, "Filter": "((p_brand = 'Brand#44'::bpchar) AND (p_container = 'WRAP PKG'::bpchar))", "Rows Removed by Filter": 0}]}, {"Node Type": "Index Scan", "Parent Relationship": "Inner", "Scan Direction": "Forward", "Index Name": "idx_lineitem_part_supp", "Relation Name": "lineitem", "Alias": "lineitem", "Startup Cost": 0.0, "Total Cost": 27.78, "Plan Rows": 2, "Plan Width": 24, "Actual Startup Time": 33.256, "Actual Total Time": 76.813, "Actual Rows": 5403, "Actual Loops": 2003, "Index Cond": "(l_partkey = public.lineitem.l_partkey)", "Rows Removed by Index Recheck": 0, "Filter": "(l_quantity < (.2::double precision * (avg(public.lineitem.l_quantity))))", "Rows Removed by Filter": 54618}]}]}, "Triggers": [], "Planner Runtime": 1.448, "Total Runtime": 1672.5, "Unique SQL Id": 1080450481}}, "(16, 114)": {"explain_plan": {"Plan": {"Node Type": "Aggregate", "Strategy": "Plain", "Startup Cost": 213808.47, "Total Cost": 213808.48, "Plan Rows": 1, "Plan Width": 16, "Plans": [{"Node Type": "Nested Loop", "Parent Relationship": "Outer", "Join Type": "Inner", "Startup Cost": 128826.76, "Total Cost": 213806.45, "Plan Rows": 806, "Plan Width": 8, "Inner Unique": false, "Plans": [{"Node Type": "Nested Loop", "Parent Relationship": "Outer", "Join Type": "Inner", "Startup Cost": 128822.53, "Total Cost": 201406.27, "Plan Rows": 438, "Plan Width": 24, "Inner Unique": true, "Plans": [{"Node Type": "Aggregate", "Strategy": "Hashed", "Parent Relationship": "Outer", "Startup Cost": 128820.01, "Total Cost": 129013.07, "Plan Rows": 11032, "Plan Width": 16, "Group By Key": ["public.lineitem.l_partkey"], "Plans": [{"Node Type": "Nested Loop", "Parent Relationship": "Outer", "Join Type": "Inner", "Startup Cost": 4.28, "Total Cost": 128737.27, "Plan Rows": 11032, "Plan Width": 16, "Inner Unique": false, "Plans": [{"Node Type": "Seq Scan", "Parent Relationship": "Outer", "Relation Name": "part", "Alias": "part", "Startup Cost": 0.0, "Total Cost": 71944.0, "Plan Rows": 2001, "Plan Width": 8, "Filter": "((p_brand = 'Brand#44'::bpchar) AND (p_container = 'WRAP PKG'::bpchar))"}, {"Node Type": "Bitmap Heap Scan", "Parent Relationship": "Inner", "Relation Name": "lineitem", "Alias": "lineitem", "Startup Cost": 4.28, "Total Cost": 28.32, "Plan Rows": 6, "Plan Width": 16, "Recheck Cond": "(l_partkey = public.part.p_partkey)", "Plans": [{"Node Type": "Bitmap Index Scan", "Parent Relationship": "Outer", "Index Name": "idx_lineitem_part_supp", "Startup Cost": 0.0, "Total Cost": 4.28, "Plan Rows": 6, "Plan Width": 0, "Index Cond": "(l_partkey = public.part.p_partkey)"}]}]}]}, {"Node Type": "Bitmap Heap Scan", "Parent Relationship": "Inner", "Relation Name": "part", "Alias": "part", "Startup Cost": 2.52, "Total Cost": 6.54, "Plan Rows": 1, "Plan Width": 8, "Recheck Cond": "(p_partkey = public.lineitem.l_partkey)", "Filter": "((p_brand = 'Brand#44'::bpchar) AND (p_container = 'WRAP PKG'::bpchar))", "Plans": [{"Node Type": "Bitmap Index Scan", "Parent Relationship": "Outer", "Index Name": "part_kpey", "Startup Cost": 0.0, "Total Cost": 2.52, "Plan Rows": 1, "Plan Width": 0, "Index Cond": "(p_partkey = public.lineitem.l_partkey)"}]}]}, {"Node Type": "Bitmap Heap Scan", "Parent Relationship": "Inner", "Relation Name": "lineitem", "Alias": "lineitem", "Startup Cost": 4.22, "Total Cost": 28.29, "Plan Rows": 2, "Plan Width": 24, "Recheck Cond": "(l_partkey = public.lineitem.l_partkey)", "Filter": "(l_quantity < (.2::double precision * (avg(public.lineitem.l_quantity))))", "Plans": [{"Node Type": "Bitmap Index Scan", "Parent Relationship": "Outer", "Index Name": "idx_lineitem_part_supp", "Startup Cost": 0.0, "Total Cost": 4.22, "Plan Rows": 6, "Plan Width": 0, "Index Cond": "(l_partkey = public.lineitem.l_partkey)"}]}]}]}, "Unique SQL Id": 1080450481}, "explain_analyze_plan": {"Plan": {"Node Type": "Aggregate", "Strategy": "Plain", "Startup Cost": 213808.47, "Total Cost": 213808.48, "Plan Rows": 1, "Plan Width": 16, "Actual Startup Time": 1262.962, "Actual Total Time": 1262.962, "Actual Rows": 1, "Actual Loops": 1, "Plans": [{"Node Type": "Nested Loop", "Parent Relationship": "Outer", "Join Type": "Inner", "Startup Cost": 128826.76, "Total Cost": 213806.45, "Plan Rows": 806, "Plan Width": 8, "Actual Startup Time": 1039.016, "Actual Total Time": 1261.836, "Actual Rows": 5403, "Actual Loops": 1, "Inner Unique": false, "Plans": [{"Node Type": "Nested Loop", "Parent Relationship": "Outer", "Join Type": "Inner", "Startup Cost": 128822.53, "Total Cost": 201406.27, "Plan Rows": 438, "Plan Width": 24, "Actual Startup Time": 1038.965, "Actual Total Time": 1062.635, "Actual Rows": 2003, "Actual Loops": 1, "Inner Unique": true, "Plans": [{"Node Type": "Aggregate", "Strategy": "Hashed", "Parent Relationship": "Outer", "Startup Cost": 128820.01, "Total Cost": 129013.07, "Plan Rows": 11032, "Plan Width": 16, "Actual Startup Time": 1038.929, "Actual Total Time": 1040.942, "Actual Rows": 2003, "Actual Loops": 1, "Group By Key": ["public.lineitem.l_partkey"], "Plans": [{"Node Type": "Nested Loop", "Parent Relationship": "Outer", "Join Type": "Inner", "Startup Cost": 4.28, "Total Cost": 128737.27, "Plan Rows": 11032, "Plan Width": 16, "Actual Startup Time": 0.398, "Actual Total Time": 998.539, "Actual Rows": 60021, "Actual Loops": 1, "Inner Unique": false, "Plans": [{"Node Type": "Seq Scan", "Parent Relationship": "Outer", "Relation Name": "part", "Alias": "part", "Startup Cost": 0.0, "Total Cost": 71944.0, "Plan Rows": 2001, "Plan Width": 8, "Actual Startup Time": 0.351, "Actual Total Time": 787.689, "Actual Rows": 2003, "Actual Loops": 1, "Filter": "((p_brand = 'Brand#44'::bpchar) AND (p_container = 'WRAP PKG'::bpchar))", "Rows Removed by Filter": 1997997}, {"Node Type": "Bitmap Heap Scan", "Parent Relationship": "Inner", "Relation Name": "lineitem", "Alias": "lineitem", "Startup Cost": 4.28, "Total Cost": 28.32, "Plan Rows": 6, "Plan Width": 16, "Actual Startup Time": 36.894, "Actual Total Time": 192.967, "Actual Rows": 60021, "Actual Loops": 2003, "Recheck Cond": "(l_partkey = public.part.p_partkey)", "Rows Removed by Index Recheck": 0, "Exact Heap Blocks": 60018, "Lossy Heap Blocks": 60018, "Plans": [{"Node Type": "Bitmap Index Scan", "Parent Relationship": "Outer", "Index Name": "idx_lineitem_part_supp", "Startup Cost": 0.0, "Total Cost": 4.28, "Plan Rows": 6, "Plan Width": 0, "Actual Startup Time": 23.332, "Actual Total Time": 23.332, "Actual Rows": 60021, "Actual Loops": 2003, "Index Cond": "(l_partkey = public.part.p_partkey)"}]}]}]}, {"Node Type": "Bitmap Heap Scan", "Parent Relationship": "Inner", "Relation Name": "part", "Alias": "part", "Startup Cost": 2.52, "Total Cost": 6.54, "Plan Rows": 1, "Plan Width": 8, "Actual Startup Time": 18.355, "Actual Total Time": 18.355, "Actual Rows": 2003, "Actual Loops": 2003, "Recheck Cond": "(p_partkey = public.lineitem.l_partkey)", "Rows Removed by Index Recheck": 0, "Filter": "((p_brand = 'Brand#44'::bpchar) AND (p_container = 'WRAP PKG'::bpchar))", "Rows Removed by Filter": 0, "Exact Heap Blocks": 2003, "Lossy Heap Blocks": 2003, "Plans": [{"Node Type": "Bitmap Index Scan", "Parent Relationship": "Outer", "Index Name": "part_kpey", "Startup Cost": 0.0, "Total Cost": 2.52, "Plan Rows": 1, "Plan Width": 0, "Actual Startup Time": 10.958, "Actual Total Time": 10.958, "Actual Rows": 2003, "Actual Loops": 2003, "Index Cond": "(p_partkey = public.lineitem.l_partkey)"}]}]}, {"Node Type": "Bitmap Heap Scan", "Parent Relationship": "Inner", "Relation Name": "lineitem", "Alias": "lineitem", "Startup Cost": 4.22, "Total Cost": 28.29, "Plan Rows": 2, "Plan Width": 24, "Actual Startup Time": 85.758, "Actual Total Time": 195.222, "Actual Rows": 5403, "Actual Loops": 2003, "Recheck Cond": "(l_partkey = public.lineitem.l_partkey)", "Rows Removed by Index Recheck": 0, "Filter": "(l_quantity < (.2::double precision * (avg(public.lineitem.l_quantity))))", "Rows Removed by Filter": 54618, "Exact Heap Blocks": 60018, "Lossy Heap Blocks": 60018, "Plans": [{"Node Type": "Bitmap Index Scan", "Parent Relationship": "Outer", "Index Name": "idx_lineitem_part_supp", "Startup Cost": 0.0, "Total Cost": 4.22, "Plan Rows": 6, "Plan Width": 0, "Actual Startup Time": 24.279, "Actual Total Time": 24.279, "Actual Rows": 60021, "Actual Loops": 2003, "Index Cond": "(l_partkey = public.lineitem.l_partkey)"}]}]}]}, "Triggers": [], "Planner Runtime": 1.384, "Total Runtime": 1263.375, "Unique SQL Id": 1080450481}}, "(16, 115)": {"explain_plan": {"Plan": {"Node Type": "Aggregate", "Strategy": "Plain", "Startup Cost": 1001032279502.61, "Total Cost": 1001032279502.62, "Plan Rows": 1, "Plan Width": 16, "Plans": [{"Node Type": "Nested Loop", "Parent Relationship": "Outer", "Join Type": "Inner", "Startup Cost": 10000000004.74, "Total Cost": 1001032279500.6, "Plan Rows": 806, "Plan Width": 8, "Inner Unique": true, "Join Filter": "(public.lineitem.l_partkey = public.part.p_partkey)", "Plans": [{"Node Type": "Nested Loop", "Parent Relationship": "Outer", "Join Type": "Inner", "Startup Cost": 10000000004.48, "Total Cost": 1001032192561.0, "Plan Rows": 20274, "Plan Width": 24, "Inner Unique": false, "Plans": [{"Node Type": "Aggregate", "Strategy": "Sorted", "Parent Relationship": "Outer", "Startup Cost": 10000000000.26, "Total Cost": 1001031880124.59, "Plan Rows": 11032, "Plan Width": 80, "Group By Key": ["public.lineitem.l_partkey"], "Plans": [{"Node Type": "Nested Loop", "Parent Relationship": "Outer", "Join Type": "Semi", "Startup Cost": 10000000000.26, "Total Cost": 1001031879848.79, "Plan Rows": 11032, "Plan Width": 16, "Inner Unique": false, "Plans": [{"Node Type": "Index Scan", "Parent Relationship": "Outer", "Scan Direction": "Forward", "Index Name": "idx_lineitem_part_supp", "Relation Name": "lineitem", "Alias": "lineitem", "Startup Cost": 10000000000.0, "Total Cost": 1000775391319.64, "Plan Rows": 59987033, "Plan Width": 16}, {"Node Type": "Bitmap Heap Scan", "Parent Relationship": "Inner", "Relation Name": "part", "Alias": "part", "Startup Cost": 0.26, "Total Cost": 4.28, "Plan Rows": 1, "Plan Width": 8, "Recheck Cond": "(p_partkey = public.lineitem.l_partkey)", "Filter": "((p_brand = 'Brand#44'::bpchar) AND (p_container = 'WRAP PKG'::bpchar))", "Plans": [{"Node Type": "Bitmap Index Scan", "Parent Relationship": "Outer", "Index Name": "part_kpey", "Startup Cost": 0.0, "Total Cost": 0.26, "Plan Rows": 1, "Plan Width": 0, "Index Cond": "(p_partkey = public.lineitem.l_partkey)"}]}]}]}, {"Node Type": "Bitmap Heap Scan", "Parent Relationship": "Inner", "Relation Name": "lineitem", "Alias": "lineitem", "Startup Cost": 4.22, "Total Cost": 28.29, "Plan Rows": 2, "Plan Width": 24, "Recheck Cond": "(l_partkey = public.lineitem.l_partkey)", "Filter": "(l_quantity < (.2::double precision * (avg(public.lineitem.l_quantity))))", "Plans": [{"Node Type": "Bitmap Index Scan", "Parent Relationship": "Outer", "Index Name": "idx_lineitem_part_supp", "Startup Cost": 0.0, "Total Cost": 4.22, "Plan Rows": 6, "Plan Width": 0, "Index Cond": "(l_partkey = public.lineitem.l_partkey)"}]}]}, {"Node Type": "Bitmap Heap Scan", "Parent Relationship": "Inner", "Relation Name": "part", "Alias": "part", "Startup Cost": 0.26, "Total Cost": 4.28, "Plan Rows": 1, "Plan Width": 8, "Recheck Cond": "(p_partkey = public.lineitem.l_partkey)", "Filter": "((p_brand = 'Brand#44'::bpchar) AND (p_container = 'WRAP PKG'::bpchar))", "Plans": [{"Node Type": "Bitmap Index Scan", "Parent Relationship": "Outer", "Index Name": "part_kpey", "Startup Cost": 0.0, "Total Cost": 0.26, "Plan Rows": 1, "Plan Width": 0, "Index Cond": "(p_partkey = public.lineitem.l_partkey)"}]}]}]}, "Unique SQL Id": 1080450481}, "explain_analyze_plan": null}, "(16, 116)": {"explain_plan": {"Plan": {"Node Type": "Aggregate", "Strategy": "Plain", "Startup Cost": 208324.62, "Total Cost": 208324.63, "Plan Rows": 1, "Plan Width": 16, "Plans": [{"Node Type": "Nested Loop", "Parent Relationship": "Outer", "Join Type": "Inner", "Startup Cost": 128691.05, "Total Cost": 208322.6, "Plan Rows": 806, "Plan Width": 8, "Inner Unique": false, "Plans": [{"Node Type": "Nested Loop", "Parent Relationship": "Outer", "Join Type": "Inner", "Startup Cost": 128691.05, "Total Cost": 196146.55, "Plan Rows": 438, "Plan Width": 24, "Inner Unique": true, "Plans": [{"Node Type": "Aggregate", "Strategy": "Hashed", "Parent Relationship": "Outer", "Startup Cost": 128691.05, "Total Cost": 128884.11, "Plan Rows": 11032, "Plan Width": 16, "Group By Key": ["public.lineitem.l_partkey"], "Plans": [{"Node Type": "Nested Loop", "Parent Relationship": "Outer", "Join Type": "Inner", "Startup Cost": 0.0, "Total Cost": 128608.31, "Plan Rows": 11032, "Plan Width": 16, "Inner Unique": false, "Plans": [{"Node Type": "Seq Scan", "Parent Relationship": "Outer", "Relation Name": "part", "Alias": "part", "Startup Cost": 0.0, "Total Cost": 71944.0, "Plan Rows": 2001, "Plan Width": 8, "Filter": "((p_brand = 'Brand#44'::bpchar) AND (p_container = 'WRAP PKG'::bpchar))"}, {"Node Type": "Index Scan", "Parent Relationship": "Inner", "Scan Direction": "Forward", "Index Name": "idx_lineitem_part_supp", "Relation Name": "lineitem", "Alias": "lineitem", "Startup Cost": 0.0, "Total Cost": 28.26, "Plan Rows": 6, "Plan Width": 16, "Index Cond": "(l_partkey = public.part.p_partkey)"}]}]}, {"Node Type": "Index Scan", "Parent Relationship": "Inner", "Scan Direction": "Forward", "Index Name": "part_kpey", "Relation Name": "part", "Alias": "part", "Startup Cost": 0.0, "Total Cost": 6.08, "Plan Rows": 1, "Plan Width": 8, "Index Cond": "(p_partkey = public.lineitem.l_partkey)", "Filter": "((p_brand = 'Brand#44'::bpchar) AND (p_container = 'WRAP PKG'::bpchar))"}]}, {"Node Type": "Index Scan", "Parent Relationship": "Inner", "Scan Direction": "Forward", "Index Name": "idx_lineitem_part_supp", "Relation Name": "lineitem", "Alias": "lineitem", "Startup Cost": 0.0, "Total Cost": 27.78, "Plan Rows": 2, "Plan Width": 24, "Index Cond": "(l_partkey = public.lineitem.l_partkey)", "Filter": "(l_quantity < (.2::double precision * (avg(public.lineitem.l_quantity))))"}]}]}, "Unique SQL Id": 1080450481}, "explain_analyze_plan": {"Plan": {"Node Type": "Aggregate", "Strategy": "Plain", "Startup Cost": 208324.62, "Total Cost": 208324.63, "Plan Rows": 1, "Plan Width": 16, "Actual Startup Time": 1198.059, "Actual Total Time": 1198.06, "Actual Rows": 1, "Actual Loops": 1, "Plans": [{"Node Type": "Nested Loop", "Parent Relationship": "Outer", "Join Type": "Inner", "Startup Cost": 128691.05, "Total Cost": 208322.6, "Plan Rows": 806, "Plan Width": 8, "Actual Startup Time": 1016.325, "Actual Total Time": 1197.018, "Actual Rows": 5403, "Actual Loops": 1, "Inner Unique": false, "Plans": [{"Node Type": "Nested Loop", "Parent Relationship": "Outer", "Join Type": "Inner", "Startup Cost": 128691.05, "Total Cost": 196146.55, "Plan Rows": 438, "Plan Width": 24, "Actual Startup Time": 1016.297, "Actual Total Time": 1034.231, "Actual Rows": 2003, "Actual Loops": 1, "Inner Unique": true, "Plans": [{"Node Type": "Aggregate", "Strategy": "Hashed", "Parent Relationship": "Outer", "Startup Cost": 128691.05, "Total Cost": 128884.11, "Plan Rows": 11032, "Plan Width": 16, "Actual Startup Time": 1016.266, "Actual Total Time": 1017.905, "Actual Rows": 2003, "Actual Loops": 1, "Group By Key": ["public.lineitem.l_partkey"], "Plans": [{"Node Type": "Nested Loop", "Parent Relationship": "Outer", "Join Type": "Inner", "Startup Cost": 0.0, "Total Cost": 128608.31, "Plan Rows": 11032, "Plan Width": 16, "Actual Startup Time": 0.361, "Actual Total Time": 975.259, "Actual Rows": 60021, "Actual Loops": 1, "Inner Unique": false, "Plans": [{"Node Type": "Seq Scan", "Parent Relationship": "Outer", "Relation Name": "part", "Alias": "part", "Startup Cost": 0.0, "Total Cost": 71944.0, "Plan Rows": 2001, "Plan Width": 8, "Actual Startup Time": 0.34, "Actual Total Time": 786.254, "Actual Rows": 2003, "Actual Loops": 1, "Filter": "((p_brand = 'Brand#44'::bpchar) AND (p_container = 'WRAP PKG'::bpchar))", "Rows Removed by Filter": 1997997}, {"Node Type": "Index Scan", "Parent Relationship": "Inner", "Scan Direction": "Forward", "Index Name": "idx_lineitem_part_supp", "Relation Name": "lineitem", "Alias": "lineitem", "Startup Cost": 0.0, "Total Cost": 28.26, "Plan Rows": 6, "Plan Width": 16, "Actual Startup Time": 25.976, "Actual Total Time": 174.503, "Actual Rows": 60021, "Actual Loops": 2003, "Index Cond": "(l_partkey = public.part.p_partkey)", "Rows Removed by Index Recheck": 0}]}]}, {"Node Type": "Index Scan", "Parent Relationship": "Inner", "Scan Direction": "Forward", "Index Name": "part_kpey", "Relation Name": "part", "Alias": "part", "Startup Cost": 0.0, "Total Cost": 6.08, "Plan Rows": 1, "Plan Width": 8, "Actual Startup Time": 14.697, "Actual Total Time": 14.697, "Actual Rows": 2003, "Actual Loops": 2003, "Index Cond": "(p_partkey = public.lineitem.l_partkey)", "Rows Removed by Index Recheck": 0, "Filter": "((p_brand = 'Brand#44'::bpchar) AND (p_container = 'WRAP PKG'::bpchar))", "Rows Removed by Filter": 0}]}, {"Node Type": "Index Scan", "Parent Relationship": "Inner", "Scan Direction": "Forward", "Index Name": "idx_lineitem_part_supp", "Relation Name": "lineitem", "Alias": "lineitem", "Startup Cost": 0.0, "Total Cost": 27.78, "Plan Rows": 2, "Plan Width": 24, "Actual Startup Time": 65.051, "Actual Total Time": 160.425, "Actual Rows": 5403, "Actual Loops": 2003, "Index Cond": "(l_partkey = public.lineitem.l_partkey)", "Rows Removed by Index Recheck": 0, "Filter": "(l_quantity < (.2::double precision * (avg(public.lineitem.l_quantity))))", "Rows Removed by Filter": 54618}]}]}, "Triggers": [], "Planner Runtime": 1.534, "Total Runtime": 1198.321, "Unique SQL Id": 1080450481}}, "(16, 117)": {"explain_plan": {"Plan": {"Node Type": "Aggregate", "Strategy": "Plain", "Startup Cost": 247183.87, "Total Cost": 247183.88, "Plan Rows": 1, "Plan Width": 16, "Plans": [{"Node Type": "Nested Loop", "Parent Relationship": "Outer", "Join Type": "Inner", "Startup Cost": 0.0, "Total Cost": 247181.85, "Plan Rows": 806, "Plan Width": 8, "Inner Unique": false, "Plans": [{"Node Type": "Nested Loop", "Parent Relationship": "Outer", "Join Type": "Inner", "Startup Cost": 0.0, "Total Cost": 235005.8, "Plan Rows": 438, "Plan Width": 24, "Inner Unique": true, "Plans": [{"Node Type": "Aggregate", "Strategy": "Sorted", "Parent Relationship": "Outer", "Startup Cost": 0.0, "Total Cost": 167743.36, "Plan Rows": 11032, "Plan Width": 80, "Group By Key": ["public.lineitem.l_partkey"], "Plans": [{"Node Type": "Nested Loop", "Parent Relationship": "Outer", "Join Type": "Inner", "Startup Cost": 0.0, "Total Cost": 167467.56, "Plan Rows": 11032, "Plan Width": 16, "Inner Unique": false, "Plans": [{"Node Type": "Index Scan", "Parent Relationship": "Outer", "Scan Direction": "Forward", "Index Name": "part_kpey", "Relation Name": "part", "Alias": "part", "Startup Cost": 0.0, "Total Cost": 110803.25, "Plan Rows": 2001, "Plan Width": 8, "Filter": "((p_brand = 'Brand#44'::bpchar) AND (p_container = 'WRAP PKG'::bpchar))"}, {"Node Type": "Index Scan", "Parent Relationship": "Inner", "Scan Direction": "Forward", "Index Name": "idx_lineitem_part_supp", "Relation Name": "lineitem", "Alias": "lineitem", "Startup Cost": 0.0, "Total Cost": 28.26, "Plan Rows": 6, "Plan Width": 16, "Index Cond": "(l_partkey = public.part.p_partkey)"}]}]}, {"Node Type": "Index Scan", "Parent Relationship": "Inner", "Scan Direction": "Forward", "Index Name": "part_kpey", "Relation Name": "part", "Alias": "part", "Startup Cost": 0.0, "Total Cost": 6.08, "Plan Rows": 1, "Plan Width": 8, "Index Cond": "(p_partkey = public.lineitem.l_partkey)", "Filter": "((p_brand = 'Brand#44'::bpchar) AND (p_container = 'WRAP PKG'::bpchar))"}]}, {"Node Type": "Index Scan", "Parent Relationship": "Inner", "Scan Direction": "Forward", "Index Name": "idx_lineitem_part_supp", "Relation Name": "lineitem", "Alias": "lineitem", "Startup Cost": 0.0, "Total Cost": 27.78, "Plan Rows": 2, "Plan Width": 24, "Index Cond": "(l_partkey = public.lineitem.l_partkey)", "Filter": "(l_quantity < (.2::double precision * (avg(public.lineitem.l_quantity))))"}]}]}, "Unique SQL Id": 1080450481}, "explain_analyze_plan": {"Plan": {"Node Type": "Aggregate", "Strategy": "Plain", "Startup Cost": 247183.87, "Total Cost": 247183.88, "Plan Rows": 1, "Plan Width": 16, "Actual Startup Time": 1672.251, "Actual Total Time": 1672.251, "Actual Rows": 1, "Actual Loops": 1, "Plans": [{"Node Type": "Nested Loop", "Parent Relationship": "Outer", "Join Type": "Inner", "Startup Cost": 0.0, "Total Cost": 247181.85, "Plan Rows": 806, "Plan Width": 8, "Actual Startup Time": 1.789, "Actual Total Time": 1671.055, "Actual Rows": 5403, "Actual Loops": 1, "Inner Unique": false, "Plans": [{"Node Type": "Nested Loop", "Parent Relationship": "Outer", "Join Type": "Inner", "Startup Cost": 0.0, "Total Cost": 235005.8, "Plan Rows": 438, "Plan Width": 24, "Actual Startup Time": 1.749, "Actual Total Time": 1591.323, "Actual Rows": 2003, "Actual Loops": 1, "Inner Unique": true, "Plans": [{"Node Type": "Aggregate", "Strategy": "Sorted", "Parent Relationship": "Outer", "Startup Cost": 0.0, "Total Cost": 167743.36, "Plan Rows": 11032, "Plan Width": 80, "Actual Startup Time": 1.737, "Actual Total Time": 1579.292, "Actual Rows": 2003, "Actual Loops": 1, "Group By Key": ["public.lineitem.l_partkey"], "Plans": [{"Node Type": "Nested Loop", "Parent Relationship": "Outer", "Join Type": "Inner", "Startup Cost": 0.0, "Total Cost": 167467.56, "Plan Rows": 11032, "Plan Width": 16, "Actual Startup Time": 0.583, "Actual Total Time": 1545.893, "Actual Rows": 60021, "Actual Loops": 1, "Inner Unique": false, "Plans": [{"Node Type": "Index Scan", "Parent Relationship": "Outer", "Scan Direction": "Forward", "Index Name": "part_kpey", "Relation Name": "part", "Alias": "part", "Startup Cost": 0.0, "Total Cost": 110803.25, "Plan Rows": 2001, "Plan Width": 8, "Actual Startup Time": 0.567, "Actual Total Time": 1351.997, "Actual Rows": 2003, "Actual Loops": 1, "Filter": "((p_brand = 'Brand#44'::bpchar) AND (p_container = 'WRAP PKG'::bpchar))", "Rows Removed by Filter": 1997997}, {"Node Type": "Index Scan", "Parent Relationship": "Inner", "Scan Direction": "Forward", "Index Name": "idx_lineitem_part_supp", "Relation Name": "lineitem", "Alias": "lineitem", "Startup Cost": 0.0, "Total Cost": 28.26, "Plan Rows": 6, "Plan Width": 16, "Actual Startup Time": 26.124, "Actual Total Time": 178.211, "Actual Rows": 60021, "Actual Loops": 2003, "Index Cond": "(l_partkey = public.part.p_partkey)", "Rows Removed by Index Recheck": 0}]}]}, {"Node Type": "Index Scan", "Parent Relationship": "Inner", "Scan Direction": "Forward", "Index Name": "part_kpey", "Relation Name": "part", "Alias": "part", "Startup Cost": 0.0, "Total Cost": 6.08, "Plan Rows": 1, "Plan Width": 8, "Actual Startup Time": 9.363, "Actual Total Time": 9.363, "Actual Rows": 2003, "Actual Loops": 2003, "Index Cond": "(p_partkey = public.lineitem.l_partkey)", "Rows Removed by Index Recheck": 0, "Filter": "((p_brand = 'Brand#44'::bpchar) AND (p_container = 'WRAP PKG'::bpchar))", "Rows Removed by Filter": 0}]}, {"Node Type": "Index Scan", "Parent Relationship": "Inner", "Scan Direction": "Forward", "Index Name": "idx_lineitem_part_supp", "Relation Name": "lineitem", "Alias": "lineitem", "Startup Cost": 0.0, "Total Cost": 27.78, "Plan Rows": 2, "Plan Width": 24, "Actual Startup Time": 33.256, "Actual Total Time": 76.813, "Actual Rows": 5403, "Actual Loops": 2003, "Index Cond": "(l_partkey = public.lineitem.l_partkey)", "Rows Removed by Index Recheck": 0, "Filter": "(l_quantity < (.2::double precision * (avg(public.lineitem.l_quantity))))", "Rows Removed by Filter": 54618}]}]}, "Triggers": [], "Planner Runtime": 1.448, "Total Runtime": 1672.5, "Unique SQL Id": 1080450481}}, "(16, 118)": {"explain_plan": {"Plan": {"Node Type": "Aggregate", "Strategy": "Plain", "Startup Cost": 213808.47, "Total Cost": 213808.48, "Plan Rows": 1, "Plan Width": 16, "Plans": [{"Node Type": "Nested Loop", "Parent Relationship": "Outer", "Join Type": "Inner", "Startup Cost": 128826.76, "Total Cost": 213806.45, "Plan Rows": 806, "Plan Width": 8, "Inner Unique": false, "Plans": [{"Node Type": "Nested Loop", "Parent Relationship": "Outer", "Join Type": "Inner", "Startup Cost": 128822.53, "Total Cost": 201406.27, "Plan Rows": 438, "Plan Width": 24, "Inner Unique": true, "Plans": [{"Node Type": "Aggregate", "Strategy": "Hashed", "Parent Relationship": "Outer", "Startup Cost": 128820.01, "Total Cost": 129013.07, "Plan Rows": 11032, "Plan Width": 16, "Group By Key": ["public.lineitem.l_partkey"], "Plans": [{"Node Type": "Nested Loop", "Parent Relationship": "Outer", "Join Type": "Inner", "Startup Cost": 4.28, "Total Cost": 128737.27, "Plan Rows": 11032, "Plan Width": 16, "Inner Unique": false, "Plans": [{"Node Type": "Seq Scan", "Parent Relationship": "Outer", "Relation Name": "part", "Alias": "part", "Startup Cost": 0.0, "Total Cost": 71944.0, "Plan Rows": 2001, "Plan Width": 8, "Filter": "((p_brand = 'Brand#44'::bpchar) AND (p_container = 'WRAP PKG'::bpchar))"}, {"Node Type": "Bitmap Heap Scan", "Parent Relationship": "Inner", "Relation Name": "lineitem", "Alias": "lineitem", "Startup Cost": 4.28, "Total Cost": 28.32, "Plan Rows": 6, "Plan Width": 16, "Recheck Cond": "(l_partkey = public.part.p_partkey)", "Plans": [{"Node Type": "Bitmap Index Scan", "Parent Relationship": "Outer", "Index Name": "idx_lineitem_part_supp", "Startup Cost": 0.0, "Total Cost": 4.28, "Plan Rows": 6, "Plan Width": 0, "Index Cond": "(l_partkey = public.part.p_partkey)"}]}]}]}, {"Node Type": "Bitmap Heap Scan", "Parent Relationship": "Inner", "Relation Name": "part", "Alias": "part", "Startup Cost": 2.52, "Total Cost": 6.54, "Plan Rows": 1, "Plan Width": 8, "Recheck Cond": "(p_partkey = public.lineitem.l_partkey)", "Filter": "((p_brand = 'Brand#44'::bpchar) AND (p_container = 'WRAP PKG'::bpchar))", "Plans": [{"Node Type": "Bitmap Index Scan", "Parent Relationship": "Outer", "Index Name": "part_kpey", "Startup Cost": 0.0, "Total Cost": 2.52, "Plan Rows": 1, "Plan Width": 0, "Index Cond": "(p_partkey = public.lineitem.l_partkey)"}]}]}, {"Node Type": "Bitmap Heap Scan", "Parent Relationship": "Inner", "Relation Name": "lineitem", "Alias": "lineitem", "Startup Cost": 4.22, "Total Cost": 28.29, "Plan Rows": 2, "Plan Width": 24, "Recheck Cond": "(l_partkey = public.lineitem.l_partkey)", "Filter": "(l_quantity < (.2::double precision * (avg(public.lineitem.l_quantity))))", "Plans": [{"Node Type": "Bitmap Index Scan", "Parent Relationship": "Outer", "Index Name": "idx_lineitem_part_supp", "Startup Cost": 0.0, "Total Cost": 4.22, "Plan Rows": 6, "Plan Width": 0, "Index Cond": "(l_partkey = public.lineitem.l_partkey)"}]}]}]}, "Unique SQL Id": 1080450481}, "explain_analyze_plan": {"Plan": {"Node Type": "Aggregate", "Strategy": "Plain", "Startup Cost": 213808.47, "Total Cost": 213808.48, "Plan Rows": 1, "Plan Width": 16, "Actual Startup Time": 1262.962, "Actual Total Time": 1262.962, "Actual Rows": 1, "Actual Loops": 1, "Plans": [{"Node Type": "Nested Loop", "Parent Relationship": "Outer", "Join Type": "Inner", "Startup Cost": 128826.76, "Total Cost": 213806.45, "Plan Rows": 806, "Plan Width": 8, "Actual Startup Time": 1039.016, "Actual Total Time": 1261.836, "Actual Rows": 5403, "Actual Loops": 1, "Inner Unique": false, "Plans": [{"Node Type": "Nested Loop", "Parent Relationship": "Outer", "Join Type": "Inner", "Startup Cost": 128822.53, "Total Cost": 201406.27, "Plan Rows": 438, "Plan Width": 24, "Actual Startup Time": 1038.965, "Actual Total Time": 1062.635, "Actual Rows": 2003, "Actual Loops": 1, "Inner Unique": true, "Plans": [{"Node Type": "Aggregate", "Strategy": "Hashed", "Parent Relationship": "Outer", "Startup Cost": 128820.01, "Total Cost": 129013.07, "Plan Rows": 11032, "Plan Width": 16, "Actual Startup Time": 1038.929, "Actual Total Time": 1040.942, "Actual Rows": 2003, "Actual Loops": 1, "Group By Key": ["public.lineitem.l_partkey"], "Plans": [{"Node Type": "Nested Loop", "Parent Relationship": "Outer", "Join Type": "Inner", "Startup Cost": 4.28, "Total Cost": 128737.27, "Plan Rows": 11032, "Plan Width": 16, "Actual Startup Time": 0.398, "Actual Total Time": 998.539, "Actual Rows": 60021, "Actual Loops": 1, "Inner Unique": false, "Plans": [{"Node Type": "Seq Scan", "Parent Relationship": "Outer", "Relation Name": "part", "Alias": "part", "Startup Cost": 0.0, "Total Cost": 71944.0, "Plan Rows": 2001, "Plan Width": 8, "Actual Startup Time": 0.351, "Actual Total Time": 787.689, "Actual Rows": 2003, "Actual Loops": 1, "Filter": "((p_brand = 'Brand#44'::bpchar) AND (p_container = 'WRAP PKG'::bpchar))", "Rows Removed by Filter": 1997997}, {"Node Type": "Bitmap Heap Scan", "Parent Relationship": "Inner", "Relation Name": "lineitem", "Alias": "lineitem", "Startup Cost": 4.28, "Total Cost": 28.32, "Plan Rows": 6, "Plan Width": 16, "Actual Startup Time": 36.894, "Actual Total Time": 192.967, "Actual Rows": 60021, "Actual Loops": 2003, "Recheck Cond": "(l_partkey = public.part.p_partkey)", "Rows Removed by Index Recheck": 0, "Exact Heap Blocks": 60018, "Lossy Heap Blocks": 60018, "Plans": [{"Node Type": "Bitmap Index Scan", "Parent Relationship": "Outer", "Index Name": "idx_lineitem_part_supp", "Startup Cost": 0.0, "Total Cost": 4.28, "Plan Rows": 6, "Plan Width": 0, "Actual Startup Time": 23.332, "Actual Total Time": 23.332, "Actual Rows": 60021, "Actual Loops": 2003, "Index Cond": "(l_partkey = public.part.p_partkey)"}]}]}]}, {"Node Type": "Bitmap Heap Scan", "Parent Relationship": "Inner", "Relation Name": "part", "Alias": "part", "Startup Cost": 2.52, "Total Cost": 6.54, "Plan Rows": 1, "Plan Width": 8, "Actual Startup Time": 18.355, "Actual Total Time": 18.355, "Actual Rows": 2003, "Actual Loops": 2003, "Recheck Cond": "(p_partkey = public.lineitem.l_partkey)", "Rows Removed by Index Recheck": 0, "Filter": "((p_brand = 'Brand#44'::bpchar) AND (p_container = 'WRAP PKG'::bpchar))", "Rows Removed by Filter": 0, "Exact Heap Blocks": 2003, "Lossy Heap Blocks": 2003, "Plans": [{"Node Type": "Bitmap Index Scan", "Parent Relationship": "Outer", "Index Name": "part_kpey", "Startup Cost": 0.0, "Total Cost": 2.52, "Plan Rows": 1, "Plan Width": 0, "Actual Startup Time": 10.958, "Actual Total Time": 10.958, "Actual Rows": 2003, "Actual Loops": 2003, "Index Cond": "(p_partkey = public.lineitem.l_partkey)"}]}]}, {"Node Type": "Bitmap Heap Scan", "Parent Relationship": "Inner", "Relation Name": "lineitem", "Alias": "lineitem", "Startup Cost": 4.22, "Total Cost": 28.29, "Plan Rows": 2, "Plan Width": 24, "Actual Startup Time": 85.758, "Actual Total Time": 195.222, "Actual Rows": 5403, "Actual Loops": 2003, "Recheck Cond": "(l_partkey = public.lineitem.l_partkey)", "Rows Removed by Index Recheck": 0, "Filter": "(l_quantity < (.2::double precision * (avg(public.lineitem.l_quantity))))", "Rows Removed by Filter": 54618, "Exact Heap Blocks": 60018, "Lossy Heap Blocks": 60018, "Plans": [{"Node Type": "Bitmap Index Scan", "Parent Relationship": "Outer", "Index Name": "idx_lineitem_part_supp", "Startup Cost": 0.0, "Total Cost": 4.22, "Plan Rows": 6, "Plan Width": 0, "Actual Startup Time": 24.279, "Actual Total Time": 24.279, "Actual Rows": 60021, "Actual Loops": 2003, "Index Cond": "(l_partkey = public.lineitem.l_partkey)"}]}]}]}, "Triggers": [], "Planner Runtime": 1.384, "Total Runtime": 1263.375, "Unique SQL Id": 1080450481}}, "(16, 119)": {"explain_plan": {"Plan": {"Node Type": "Aggregate", "Strategy": "Plain", "Startup Cost": 1001032279502.61, "Total Cost": 1001032279502.62, "Plan Rows": 1, "Plan Width": 16, "Plans": [{"Node Type": "Nested Loop", "Parent Relationship": "Outer", "Join Type": "Inner", "Startup Cost": 10000000004.74, "Total Cost": 1001032279500.6, "Plan Rows": 806, "Plan Width": 8, "Inner Unique": true, "Join Filter": "(public.lineitem.l_partkey = public.part.p_partkey)", "Plans": [{"Node Type": "Nested Loop", "Parent Relationship": "Outer", "Join Type": "Inner", "Startup Cost": 10000000004.48, "Total Cost": 1001032192561.0, "Plan Rows": 20274, "Plan Width": 24, "Inner Unique": false, "Plans": [{"Node Type": "Aggregate", "Strategy": "Sorted", "Parent Relationship": "Outer", "Startup Cost": 10000000000.26, "Total Cost": 1001031880124.59, "Plan Rows": 11032, "Plan Width": 80, "Group By Key": ["public.lineitem.l_partkey"], "Plans": [{"Node Type": "Nested Loop", "Parent Relationship": "Outer", "Join Type": "Semi", "Startup Cost": 10000000000.26, "Total Cost": 1001031879848.79, "Plan Rows": 11032, "Plan Width": 16, "Inner Unique": false, "Plans": [{"Node Type": "Index Scan", "Parent Relationship": "Outer", "Scan Direction": "Forward", "Index Name": "idx_lineitem_part_supp", "Relation Name": "lineitem", "Alias": "lineitem", "Startup Cost": 10000000000.0, "Total Cost": 1000775391319.64, "Plan Rows": 59987033, "Plan Width": 16}, {"Node Type": "Bitmap Heap Scan", "Parent Relationship": "Inner", "Relation Name": "part", "Alias": "part", "Startup Cost": 0.26, "Total Cost": 4.28, "Plan Rows": 1, "Plan Width": 8, "Recheck Cond": "(p_partkey = public.lineitem.l_partkey)", "Filter": "((p_brand = 'Brand#44'::bpchar) AND (p_container = 'WRAP PKG'::bpchar))", "Plans": [{"Node Type": "Bitmap Index Scan", "Parent Relationship": "Outer", "Index Name": "part_kpey", "Startup Cost": 0.0, "Total Cost": 0.26, "Plan Rows": 1, "Plan Width": 0, "Index Cond": "(p_partkey = public.lineitem.l_partkey)"}]}]}]}, {"Node Type": "Bitmap Heap Scan", "Parent Relationship": "Inner", "Relation Name": "lineitem", "Alias": "lineitem", "Startup Cost": 4.22, "Total Cost": 28.29, "Plan Rows": 2, "Plan Width": 24, "Recheck Cond": "(l_partkey = public.lineitem.l_partkey)", "Filter": "(l_quantity < (.2::double precision * (avg(public.lineitem.l_quantity))))", "Plans": [{"Node Type": "Bitmap Index Scan", "Parent Relationship": "Outer", "Index Name": "idx_lineitem_part_supp", "Startup Cost": 0.0, "Total Cost": 4.22, "Plan Rows": 6, "Plan Width": 0, "Index Cond": "(l_partkey = public.lineitem.l_partkey)"}]}]}, {"Node Type": "Bitmap Heap Scan", "Parent Relationship": "Inner", "Relation Name": "part", "Alias": "part", "Startup Cost": 0.26, "Total Cost": 4.28, "Plan Rows": 1, "Plan Width": 8, "Recheck Cond": "(p_partkey = public.lineitem.l_partkey)", "Filter": "((p_brand = 'Brand#44'::bpchar) AND (p_container = 'WRAP PKG'::bpchar))", "Plans": [{"Node Type": "Bitmap Index Scan", "Parent Relationship": "Outer", "Index Name": "part_kpey", "Startup Cost": 0.0, "Total Cost": 0.26, "Plan Rows": 1, "Plan Width": 0, "Index Cond": "(p_partkey = public.lineitem.l_partkey)"}]}]}]}, "Unique SQL Id": 1080450481}, "explain_analyze_plan": null}, "(16, 120)": {"explain_plan": {"Plan": {"Node Type": "Aggregate", "Strategy": "Plain", "Startup Cost": 208324.62, "Total Cost": 208324.63, "Plan Rows": 1, "Plan Width": 16, "Plans": [{"Node Type": "Nested Loop", "Parent Relationship": "Outer", "Join Type": "Inner", "Startup Cost": 128691.05, "Total Cost": 208322.6, "Plan Rows": 806, "Plan Width": 8, "Inner Unique": false, "Plans": [{"Node Type": "Nested Loop", "Parent Relationship": "Outer", "Join Type": "Inner", "Startup Cost": 128691.05, "Total Cost": 196146.55, "Plan Rows": 438, "Plan Width": 24, "Inner Unique": true, "Plans": [{"Node Type": "Aggregate", "Strategy": "Hashed", "Parent Relationship": "Outer", "Startup Cost": 128691.05, "Total Cost": 128884.11, "Plan Rows": 11032, "Plan Width": 16, "Group By Key": ["public.lineitem.l_partkey"], "Plans": [{"Node Type": "Nested Loop", "Parent Relationship": "Outer", "Join Type": "Inner", "Startup Cost": 0.0, "Total Cost": 128608.31, "Plan Rows": 11032, "Plan Width": 16, "Inner Unique": false, "Plans": [{"Node Type": "Seq Scan", "Parent Relationship": "Outer", "Relation Name": "part", "Alias": "part", "Startup Cost": 0.0, "Total Cost": 71944.0, "Plan Rows": 2001, "Plan Width": 8, "Filter": "((p_brand = 'Brand#44'::bpchar) AND (p_container = 'WRAP PKG'::bpchar))"}, {"Node Type": "Index Scan", "Parent Relationship": "Inner", "Scan Direction": "Forward", "Index Name": "idx_lineitem_part_supp", "Relation Name": "lineitem", "Alias": "lineitem", "Startup Cost": 0.0, "Total Cost": 28.26, "Plan Rows": 6, "Plan Width": 16, "Index Cond": "(l_partkey = public.part.p_partkey)"}]}]}, {"Node Type": "Index Scan", "Parent Relationship": "Inner", "Scan Direction": "Forward", "Index Name": "part_kpey", "Relation Name": "part", "Alias": "part", "Startup Cost": 0.0, "Total Cost": 6.08, "Plan Rows": 1, "Plan Width": 8, "Index Cond": "(p_partkey = public.lineitem.l_partkey)", "Filter": "((p_brand = 'Brand#44'::bpchar) AND (p_container = 'WRAP PKG'::bpchar))"}]}, {"Node Type": "Index Scan", "Parent Relationship": "Inner", "Scan Direction": "Forward", "Index Name": "idx_lineitem_part_supp", "Relation Name": "lineitem", "Alias": "lineitem", "Startup Cost": 0.0, "Total Cost": 27.78, "Plan Rows": 2, "Plan Width": 24, "Index Cond": "(l_partkey = public.lineitem.l_partkey)", "Filter": "(l_quantity < (.2::double precision * (avg(public.lineitem.l_quantity))))"}]}]}, "Unique SQL Id": 1080450481}, "explain_analyze_plan": {"Plan": {"Node Type": "Aggregate", "Strategy": "Plain", "Startup Cost": 208324.62, "Total Cost": 208324.63, "Plan Rows": 1, "Plan Width": 16, "Actual Startup Time": 1198.059, "Actual Total Time": 1198.06, "Actual Rows": 1, "Actual Loops": 1, "Plans": [{"Node Type": "Nested Loop", "Parent Relationship": "Outer", "Join Type": "Inner", "Startup Cost": 128691.05, "Total Cost": 208322.6, "Plan Rows": 806, "Plan Width": 8, "Actual Startup Time": 1016.325, "Actual Total Time": 1197.018, "Actual Rows": 5403, "Actual Loops": 1, "Inner Unique": false, "Plans": [{"Node Type": "Nested Loop", "Parent Relationship": "Outer", "Join Type": "Inner", "Startup Cost": 128691.05, "Total Cost": 196146.55, "Plan Rows": 438, "Plan Width": 24, "Actual Startup Time": 1016.297, "Actual Total Time": 1034.231, "Actual Rows": 2003, "Actual Loops": 1, "Inner Unique": true, "Plans": [{"Node Type": "Aggregate", "Strategy": "Hashed", "Parent Relationship": "Outer", "Startup Cost": 128691.05, "Total Cost": 128884.11, "Plan Rows": 11032, "Plan Width": 16, "Actual Startup Time": 1016.266, "Actual Total Time": 1017.905, "Actual Rows": 2003, "Actual Loops": 1, "Group By Key": ["public.lineitem.l_partkey"], "Plans": [{"Node Type": "Nested Loop", "Parent Relationship": "Outer", "Join Type": "Inner", "Startup Cost": 0.0, "Total Cost": 128608.31, "Plan Rows": 11032, "Plan Width": 16, "Actual Startup Time": 0.361, "Actual Total Time": 975.259, "Actual Rows": 60021, "Actual Loops": 1, "Inner Unique": false, "Plans": [{"Node Type": "Seq Scan", "Parent Relationship": "Outer", "Relation Name": "part", "Alias": "part", "Startup Cost": 0.0, "Total Cost": 71944.0, "Plan Rows": 2001, "Plan Width": 8, "Actual Startup Time": 0.34, "Actual Total Time": 786.254, "Actual Rows": 2003, "Actual Loops": 1, "Filter": "((p_brand = 'Brand#44'::bpchar) AND (p_container = 'WRAP PKG'::bpchar))", "Rows Removed by Filter": 1997997}, {"Node Type": "Index Scan", "Parent Relationship": "Inner", "Scan Direction": "Forward", "Index Name": "idx_lineitem_part_supp", "Relation Name": "lineitem", "Alias": "lineitem", "Startup Cost": 0.0, "Total Cost": 28.26, "Plan Rows": 6, "Plan Width": 16, "Actual Startup Time": 25.976, "Actual Total Time": 174.503, "Actual Rows": 60021, "Actual Loops": 2003, "Index Cond": "(l_partkey = public.part.p_partkey)", "Rows Removed by Index Recheck": 0}]}]}, {"Node Type": "Index Scan", "Parent Relationship": "Inner", "Scan Direction": "Forward", "Index Name": "part_kpey", "Relation Name": "part", "Alias": "part", "Startup Cost": 0.0, "Total Cost": 6.08, "Plan Rows": 1, "Plan Width": 8, "Actual Startup Time": 14.697, "Actual Total Time": 14.697, "Actual Rows": 2003, "Actual Loops": 2003, "Index Cond": "(p_partkey = public.lineitem.l_partkey)", "Rows Removed by Index Recheck": 0, "Filter": "((p_brand = 'Brand#44'::bpchar) AND (p_container = 'WRAP PKG'::bpchar))", "Rows Removed by Filter": 0}]}, {"Node Type": "Index Scan", "Parent Relationship": "Inner", "Scan Direction": "Forward", "Index Name": "idx_lineitem_part_supp", "Relation Name": "lineitem", "Alias": "lineitem", "Startup Cost": 0.0, "Total Cost": 27.78, "Plan Rows": 2, "Plan Width": 24, "Actual Startup Time": 65.051, "Actual Total Time": 160.425, "Actual Rows": 5403, "Actual Loops": 2003, "Index Cond": "(l_partkey = public.lineitem.l_partkey)", "Rows Removed by Index Recheck": 0, "Filter": "(l_quantity < (.2::double precision * (avg(public.lineitem.l_quantity))))", "Rows Removed by Filter": 54618}]}]}, "Triggers": [], "Planner Runtime": 1.534, "Total Runtime": 1198.321, "Unique SQL Id": 1080450481}}, "(16, 121)": {"explain_plan": {"Plan": {"Node Type": "Aggregate", "Strategy": "Plain", "Startup Cost": 247183.87, "Total Cost": 247183.88, "Plan Rows": 1, "Plan Width": 16, "Plans": [{"Node Type": "Nested Loop", "Parent Relationship": "Outer", "Join Type": "Inner", "Startup Cost": 0.0, "Total Cost": 247181.85, "Plan Rows": 806, "Plan Width": 8, "Inner Unique": false, "Plans": [{"Node Type": "Nested Loop", "Parent Relationship": "Outer", "Join Type": "Inner", "Startup Cost": 0.0, "Total Cost": 235005.8, "Plan Rows": 438, "Plan Width": 24, "Inner Unique": true, "Plans": [{"Node Type": "Aggregate", "Strategy": "Sorted", "Parent Relationship": "Outer", "Startup Cost": 0.0, "Total Cost": 167743.36, "Plan Rows": 11032, "Plan Width": 80, "Group By Key": ["public.lineitem.l_partkey"], "Plans": [{"Node Type": "Nested Loop", "Parent Relationship": "Outer", "Join Type": "Inner", "Startup Cost": 0.0, "Total Cost": 167467.56, "Plan Rows": 11032, "Plan Width": 16, "Inner Unique": false, "Plans": [{"Node Type": "Index Scan", "Parent Relationship": "Outer", "Scan Direction": "Forward", "Index Name": "part_kpey", "Relation Name": "part", "Alias": "part", "Startup Cost": 0.0, "Total Cost": 110803.25, "Plan Rows": 2001, "Plan Width": 8, "Filter": "((p_brand = 'Brand#44'::bpchar) AND (p_container = 'WRAP PKG'::bpchar))"}, {"Node Type": "Index Scan", "Parent Relationship": "Inner", "Scan Direction": "Forward", "Index Name": "idx_lineitem_part_supp", "Relation Name": "lineitem", "Alias": "lineitem", "Startup Cost": 0.0, "Total Cost": 28.26, "Plan Rows": 6, "Plan Width": 16, "Index Cond": "(l_partkey = public.part.p_partkey)"}]}]}, {"Node Type": "Index Scan", "Parent Relationship": "Inner", "Scan Direction": "Forward", "Index Name": "part_kpey", "Relation Name": "part", "Alias": "part", "Startup Cost": 0.0, "Total Cost": 6.08, "Plan Rows": 1, "Plan Width": 8, "Index Cond": "(p_partkey = public.lineitem.l_partkey)", "Filter": "((p_brand = 'Brand#44'::bpchar) AND (p_container = 'WRAP PKG'::bpchar))"}]}, {"Node Type": "Index Scan", "Parent Relationship": "Inner", "Scan Direction": "Forward", "Index Name": "idx_lineitem_part_supp", "Relation Name": "lineitem", "Alias": "lineitem", "Startup Cost": 0.0, "Total Cost": 27.78, "Plan Rows": 2, "Plan Width": 24, "Index Cond": "(l_partkey = public.lineitem.l_partkey)", "Filter": "(l_quantity < (.2::double precision * (avg(public.lineitem.l_quantity))))"}]}]}, "Unique SQL Id": 1080450481}, "explain_analyze_plan": {"Plan": {"Node Type": "Aggregate", "Strategy": "Plain", "Startup Cost": 247183.87, "Total Cost": 247183.88, "Plan Rows": 1, "Plan Width": 16, "Actual Startup Time": 1672.251, "Actual Total Time": 1672.251, "Actual Rows": 1, "Actual Loops": 1, "Plans": [{"Node Type": "Nested Loop", "Parent Relationship": "Outer", "Join Type": "Inner", "Startup Cost": 0.0, "Total Cost": 247181.85, "Plan Rows": 806, "Plan Width": 8, "Actual Startup Time": 1.789, "Actual Total Time": 1671.055, "Actual Rows": 5403, "Actual Loops": 1, "Inner Unique": false, "Plans": [{"Node Type": "Nested Loop", "Parent Relationship": "Outer", "Join Type": "Inner", "Startup Cost": 0.0, "Total Cost": 235005.8, "Plan Rows": 438, "Plan Width": 24, "Actual Startup Time": 1.749, "Actual Total Time": 1591.323, "Actual Rows": 2003, "Actual Loops": 1, "Inner Unique": true, "Plans": [{"Node Type": "Aggregate", "Strategy": "Sorted", "Parent Relationship": "Outer", "Startup Cost": 0.0, "Total Cost": 167743.36, "Plan Rows": 11032, "Plan Width": 80, "Actual Startup Time": 1.737, "Actual Total Time": 1579.292, "Actual Rows": 2003, "Actual Loops": 1, "Group By Key": ["public.lineitem.l_partkey"], "Plans": [{"Node Type": "Nested Loop", "Parent Relationship": "Outer", "Join Type": "Inner", "Startup Cost": 0.0, "Total Cost": 167467.56, "Plan Rows": 11032, "Plan Width": 16, "Actual Startup Time": 0.583, "Actual Total Time": 1545.893, "Actual Rows": 60021, "Actual Loops": 1, "Inner Unique": false, "Plans": [{"Node Type": "Index Scan", "Parent Relationship": "Outer", "Scan Direction": "Forward", "Index Name": "part_kpey", "Relation Name": "part", "Alias": "part", "Startup Cost": 0.0, "Total Cost": 110803.25, "Plan Rows": 2001, "Plan Width": 8, "Actual Startup Time": 0.567, "Actual Total Time": 1351.997, "Actual Rows": 2003, "Actual Loops": 1, "Filter": "((p_brand = 'Brand#44'::bpchar) AND (p_container = 'WRAP PKG'::bpchar))", "Rows Removed by Filter": 1997997}, {"Node Type": "Index Scan", "Parent Relationship": "Inner", "Scan Direction": "Forward", "Index Name": "idx_lineitem_part_supp", "Relation Name": "lineitem", "Alias": "lineitem", "Startup Cost": 0.0, "Total Cost": 28.26, "Plan Rows": 6, "Plan Width": 16, "Actual Startup Time": 26.124, "Actual Total Time": 178.211, "Actual Rows": 60021, "Actual Loops": 2003, "Index Cond": "(l_partkey = public.part.p_partkey)", "Rows Removed by Index Recheck": 0}]}]}, {"Node Type": "Index Scan", "Parent Relationship": "Inner", "Scan Direction": "Forward", "Index Name": "part_kpey", "Relation Name": "part", "Alias": "part", "Startup Cost": 0.0, "Total Cost": 6.08, "Plan Rows": 1, "Plan Width": 8, "Actual Startup Time": 9.363, "Actual Total Time": 9.363, "Actual Rows": 2003, "Actual Loops": 2003, "Index Cond": "(p_partkey = public.lineitem.l_partkey)", "Rows Removed by Index Recheck": 0, "Filter": "((p_brand = 'Brand#44'::bpchar) AND (p_container = 'WRAP PKG'::bpchar))", "Rows Removed by Filter": 0}]}, {"Node Type": "Index Scan", "Parent Relationship": "Inner", "Scan Direction": "Forward", "Index Name": "idx_lineitem_part_supp", "Relation Name": "lineitem", "Alias": "lineitem", "Startup Cost": 0.0, "Total Cost": 27.78, "Plan Rows": 2, "Plan Width": 24, "Actual Startup Time": 33.256, "Actual Total Time": 76.813, "Actual Rows": 5403, "Actual Loops": 2003, "Index Cond": "(l_partkey = public.lineitem.l_partkey)", "Rows Removed by Index Recheck": 0, "Filter": "(l_quantity < (.2::double precision * (avg(public.lineitem.l_quantity))))", "Rows Removed by Filter": 54618}]}]}, "Triggers": [], "Planner Runtime": 1.448, "Total Runtime": 1672.5, "Unique SQL Id": 1080450481}}, "(16, 122)": {"explain_plan": {"Plan": {"Node Type": "Aggregate", "Strategy": "Plain", "Startup Cost": 2330502847.95, "Total Cost": 2330502847.96, "Plan Rows": 1, "Plan Width": 16, "Plans": [{"Node Type": "Nested Loop", "Parent Relationship": "Outer", "Join Type": "Inner", "Startup Cost": 1802597942.57, "Total Cost": 2330502845.94, "Plan Rows": 806, "Plan Width": 8, "Inner Unique": false, "Join Filter": "((public.lineitem.l_partkey = public.lineitem.l_partkey) AND (public.lineitem.l_quantity < (.2::double precision * (avg(public.lineitem.l_quantity)))))", "Plans": [{"Node Type": "Seq Scan", "Parent Relationship": "Outer", "Relation Name": "lineitem", "Alias": "lineitem", "Startup Cost": 0.0, "Total Cost": 2015115.33, "Plan Rows": 59987033, "Plan Width": 24}, {"Node Type": "Materialize", "Parent Relationship": "Inner", "Startup Cost": 1802597942.57, "Total Cost": 1803001322.62, "Plan Rows": 438, "Plan Width": 24, "Plans": [{"Node Type": "Nested Loop", "Parent Relationship": "Outer", "Join Type": "Inner", "Startup Cost": 1802597942.57, "Total Cost": 1803001320.43, "Plan Rows": 438, "Plan Width": 24, "Inner Unique": true, "Join Filter": "(public.part.p_partkey = public.lineitem.l_partkey)", "Plans": [{"Node Type": "Aggregate", "Strategy": "Hashed", "Parent Relationship": "Outer", "Startup Cost": 1802597942.57, "Total Cost": 1802598135.63, "Plan Rows": 11032, "Plan Width": 16, "Group By Key": ["public.lineitem.l_partkey"], "Plans": [{"Node Type": "Nested Loop", "Parent Relationship": "Outer", "Join Type": "Semi", "Startup Cost": 0.0, "Total Cost": 1802597859.83, "Plan Rows": 11032, "Plan Width": 16, "Inner Unique": false, "Join Filter": "(public.lineitem.l_partkey = public.part.p_partkey)", "Plans": [{"Node Type": "Seq Scan", "Parent Relationship": "Outer", "Relation Name": "lineitem", "Alias": "lineitem", "Startup Cost": 0.0, "Total Cost": 2015115.33, "Plan Rows": 59987033, "Plan Width": 16}, {"Node Type": "Materialize", "Parent Relationship": "Inner", "Startup Cost": 0.0, "Total Cost": 71954.01, "Plan Rows": 2001, "Plan Width": 8, "Plans": [{"Node Type": "Seq Scan", "Parent Relationship": "Outer", "Relation Name": "part", "Alias": "part", "Startup Cost": 0.0, "Total Cost": 71944.0, "Plan Rows": 2001, "Plan Width": 8, "Filter": "((p_brand = 'Brand#44'::bpchar) AND (p_container = 'WRAP PKG'::bpchar))"}]}]}]}, {"Node Type": "Materialize", "Parent Relationship": "Inner", "Startup Cost": 0.0, "Total Cost": 71954.01, "Plan Rows": 2001, "Plan Width": 8, "Plans": [{"Node Type": "Seq Scan", "Parent Relationship": "Outer", "Relation Name": "part", "Alias": "part", "Startup Cost": 0.0, "Total Cost": 71944.0, "Plan Rows": 2001, "Plan Width": 8, "Filter": "((p_brand = 'Brand#44'::bpchar) AND (p_container = 'WRAP PKG'::bpchar))"}]}]}]}]}]}, "Unique SQL Id": 1080450481}, "explain_analyze_plan": null}, "(16, 123)": {"explain_plan": {"Plan": {"Node Type": "Aggregate", "Strategy": "Plain", "Startup Cost": 4003899272041.15, "Total Cost": 4003899272041.16, "Plan Rows": 1, "Plan Width": 16, "Plans": [{"Node Type": "Nested Loop", "Parent Relationship": "Outer", "Join Type": "Inner", "Startup Cost": 40000000000.0, "Total Cost": 4003899272039.14, "Plan Rows": 806, "Plan Width": 8, "Inner Unique": false, "Join Filter": "((subquery.\"?column?\" = public.lineitem.l_partkey) AND (public.lineitem.l_quantity < (.2::double precision * subquery.\"?column?\")))", "Plans": [{"Node Type": "Index Scan", "Parent Relationship": "Outer", "Scan Direction": "Forward", "Index Name": "idx_lineitem_part_supp", "Relation Name": "lineitem", "Alias": "lineitem", "Startup Cost": 10000000000.0, "Total Cost": 1000775391319.64, "Plan Rows": 59987033, "Plan Width": 24}, {"Node Type": "Materialize", "Parent Relationship": "Inner", "Startup Cost": 30000000000.0, "Total Cost": 3002598394311.51, "Plan Rows": 438, "Plan Width": 24, "Plans": [{"Node Type": "Nested Loop", "Parent Relationship": "Outer", "Join Type": "Inner", "Startup Cost": 30000000000.0, "Total Cost": 3002598394309.32, "Plan Rows": 438, "Plan Width": 24, "Inner Unique": true, "Join Filter": "(public.part.p_partkey = subquery.\"?column?\")", "Plans": [{"Node Type": "Index Scan", "Parent Relationship": "Outer", "Scan Direction": "Forward", "Index Name": "part_kpey", "Relation Name": "part", "Alias": "part", "Startup Cost": 10000000000.0, "Total Cost": 1000011080325.0, "Plan Rows": 2001, "Plan Width": 8, "Filter": "((p_brand = 'Brand#44'::bpchar) AND (p_container = 'WRAP PKG'::bpchar))"}, {"Node Type": "Materialize", "Parent Relationship": "Inner", "Startup Cost": 20000000000.0, "Total Cost": 2002586982886.42, "Plan Rows": 11032, "Plan Width": 16, "Plans": [{"Node Type": "Subquery Scan", "Parent Relationship": "Outer", "Alias": "subquery", "Startup Cost": 20000000000.0, "Total Cost": 2002586982831.26, "Plan Rows": 11032, "Plan Width": 16, "Plans": [{"Node Type": "Aggregate", "Strategy": "Sorted", "Parent Relationship": "Subquery", "Startup Cost": 20000000000.0, "Total Cost": 2002586982720.94, "Plan Rows": 11032, "Plan Width": 80, "Group By Key": ["public.lineitem.l_partkey"], "Plans": [{"Node Type": "Nested Loop", "Parent Relationship": "Outer", "Join Type": "Semi", "Startup Cost": 20000000000.0, "Total Cost": 2002586982445.14, "Plan Rows": 11032, "Plan Width": 16, "Inner Unique": false, "Join Filter": "(public.lineitem.l_partkey = public.part.p_partkey)", "Plans": [{"Node Type": "Index Scan", "Parent Relationship": "Outer", "Scan Direction": "Forward", "Index Name": "idx_lineitem_part_supp", "Relation Name": "lineitem", "Alias": "lineitem", "Startup Cost": 10000000000.0, "Total Cost": 1000775391319.64, "Plan Rows": 59987033, "Plan Width": 16}, {"Node Type": "Materialize", "Parent Relationship": "Inner", "Startup Cost": 10000000000.0, "Total Cost": 1000011080335.01, "Plan Rows": 2001, "Plan Width": 8, "Plans": [{"Node Type": "Index Scan", "Parent Relationship": "Outer", "Scan Direction": "Forward", "Index Name": "part_kpey", "Relation Name": "part", "Alias": "part", "Startup Cost": 10000000000.0, "Total Cost": 1000011080325.0, "Plan Rows": 2001, "Plan Width": 8, "Filter": "((p_brand = 'Brand#44'::bpchar) AND (p_container = 'WRAP PKG'::bpchar))"}]}]}]}]}]}]}]}]}]}, "Unique SQL Id": 1080450481}, "explain_analyze_plan": null}, "(16, 124)": {"explain_plan": {"Plan": {"Node Type": "Aggregate", "Strategy": "Plain", "Startup Cost": 208324.62, "Total Cost": 208324.63, "Plan Rows": 1, "Plan Width": 16, "Plans": [{"Node Type": "Nested Loop", "Parent Relationship": "Outer", "Join Type": "Inner", "Startup Cost": 128691.05, "Total Cost": 208322.6, "Plan Rows": 806, "Plan Width": 8, "Inner Unique": false, "Plans": [{"Node Type": "Nested Loop", "Parent Relationship": "Outer", "Join Type": "Inner", "Startup Cost": 128691.05, "Total Cost": 196146.55, "Plan Rows": 438, "Plan Width": 24, "Inner Unique": true, "Plans": [{"Node Type": "Aggregate", "Strategy": "Hashed", "Parent Relationship": "Outer", "Startup Cost": 128691.05, "Total Cost": 128884.11, "Plan Rows": 11032, "Plan Width": 16, "Group By Key": ["public.lineitem.l_partkey"], "Plans": [{"Node Type": "Nested Loop", "Parent Relationship": "Outer", "Join Type": "Inner", "Startup Cost": 0.0, "Total Cost": 128608.31, "Plan Rows": 11032, "Plan Width": 16, "Inner Unique": false, "Plans": [{"Node Type": "Seq Scan", "Parent Relationship": "Outer", "Relation Name": "part", "Alias": "part", "Startup Cost": 0.0, "Total Cost": 71944.0, "Plan Rows": 2001, "Plan Width": 8, "Filter": "((p_brand = 'Brand#44'::bpchar) AND (p_container = 'WRAP PKG'::bpchar))"}, {"Node Type": "Index Scan", "Parent Relationship": "Inner", "Scan Direction": "Forward", "Index Name": "idx_lineitem_part_supp", "Relation Name": "lineitem", "Alias": "lineitem", "Startup Cost": 0.0, "Total Cost": 28.26, "Plan Rows": 6, "Plan Width": 16, "Index Cond": "(l_partkey = public.part.p_partkey)"}]}]}, {"Node Type": "Index Scan", "Parent Relationship": "Inner", "Scan Direction": "Forward", "Index Name": "part_kpey", "Relation Name": "part", "Alias": "part", "Startup Cost": 0.0, "Total Cost": 6.08, "Plan Rows": 1, "Plan Width": 8, "Index Cond": "(p_partkey = public.lineitem.l_partkey)", "Filter": "((p_brand = 'Brand#44'::bpchar) AND (p_container = 'WRAP PKG'::bpchar))"}]}, {"Node Type": "Index Scan", "Parent Relationship": "Inner", "Scan Direction": "Forward", "Index Name": "idx_lineitem_part_supp", "Relation Name": "lineitem", "Alias": "lineitem", "Startup Cost": 0.0, "Total Cost": 27.78, "Plan Rows": 2, "Plan Width": 24, "Index Cond": "(l_partkey = public.lineitem.l_partkey)", "Filter": "(l_quantity < (.2::double precision * (avg(public.lineitem.l_quantity))))"}]}]}, "Unique SQL Id": 1080450481}, "explain_analyze_plan": {"Plan": {"Node Type": "Aggregate", "Strategy": "Plain", "Startup Cost": 208324.62, "Total Cost": 208324.63, "Plan Rows": 1, "Plan Width": 16, "Actual Startup Time": 1198.059, "Actual Total Time": 1198.06, "Actual Rows": 1, "Actual Loops": 1, "Plans": [{"Node Type": "Nested Loop", "Parent Relationship": "Outer", "Join Type": "Inner", "Startup Cost": 128691.05, "Total Cost": 208322.6, "Plan Rows": 806, "Plan Width": 8, "Actual Startup Time": 1016.325, "Actual Total Time": 1197.018, "Actual Rows": 5403, "Actual Loops": 1, "Inner Unique": false, "Plans": [{"Node Type": "Nested Loop", "Parent Relationship": "Outer", "Join Type": "Inner", "Startup Cost": 128691.05, "Total Cost": 196146.55, "Plan Rows": 438, "Plan Width": 24, "Actual Startup Time": 1016.297, "Actual Total Time": 1034.231, "Actual Rows": 2003, "Actual Loops": 1, "Inner Unique": true, "Plans": [{"Node Type": "Aggregate", "Strategy": "Hashed", "Parent Relationship": "Outer", "Startup Cost": 128691.05, "Total Cost": 128884.11, "Plan Rows": 11032, "Plan Width": 16, "Actual Startup Time": 1016.266, "Actual Total Time": 1017.905, "Actual Rows": 2003, "Actual Loops": 1, "Group By Key": ["public.lineitem.l_partkey"], "Plans": [{"Node Type": "Nested Loop", "Parent Relationship": "Outer", "Join Type": "Inner", "Startup Cost": 0.0, "Total Cost": 128608.31, "Plan Rows": 11032, "Plan Width": 16, "Actual Startup Time": 0.361, "Actual Total Time": 975.259, "Actual Rows": 60021, "Actual Loops": 1, "Inner Unique": false, "Plans": [{"Node Type": "Seq Scan", "Parent Relationship": "Outer", "Relation Name": "part", "Alias": "part", "Startup Cost": 0.0, "Total Cost": 71944.0, "Plan Rows": 2001, "Plan Width": 8, "Actual Startup Time": 0.34, "Actual Total Time": 786.254, "Actual Rows": 2003, "Actual Loops": 1, "Filter": "((p_brand = 'Brand#44'::bpchar) AND (p_container = 'WRAP PKG'::bpchar))", "Rows Removed by Filter": 1997997}, {"Node Type": "Index Scan", "Parent Relationship": "Inner", "Scan Direction": "Forward", "Index Name": "idx_lineitem_part_supp", "Relation Name": "lineitem", "Alias": "lineitem", "Startup Cost": 0.0, "Total Cost": 28.26, "Plan Rows": 6, "Plan Width": 16, "Actual Startup Time": 25.976, "Actual Total Time": 174.503, "Actual Rows": 60021, "Actual Loops": 2003, "Index Cond": "(l_partkey = public.part.p_partkey)", "Rows Removed by Index Recheck": 0}]}]}, {"Node Type": "Index Scan", "Parent Relationship": "Inner", "Scan Direction": "Forward", "Index Name": "part_kpey", "Relation Name": "part", "Alias": "part", "Startup Cost": 0.0, "Total Cost": 6.08, "Plan Rows": 1, "Plan Width": 8, "Actual Startup Time": 14.697, "Actual Total Time": 14.697, "Actual Rows": 2003, "Actual Loops": 2003, "Index Cond": "(p_partkey = public.lineitem.l_partkey)", "Rows Removed by Index Recheck": 0, "Filter": "((p_brand = 'Brand#44'::bpchar) AND (p_container = 'WRAP PKG'::bpchar))", "Rows Removed by Filter": 0}]}, {"Node Type": "Index Scan", "Parent Relationship": "Inner", "Scan Direction": "Forward", "Index Name": "idx_lineitem_part_supp", "Relation Name": "lineitem", "Alias": "lineitem", "Startup Cost": 0.0, "Total Cost": 27.78, "Plan Rows": 2, "Plan Width": 24, "Actual Startup Time": 65.051, "Actual Total Time": 160.425, "Actual Rows": 5403, "Actual Loops": 2003, "Index Cond": "(l_partkey = public.lineitem.l_partkey)", "Rows Removed by Index Recheck": 0, "Filter": "(l_quantity < (.2::double precision * (avg(public.lineitem.l_quantity))))", "Rows Removed by Filter": 54618}]}]}, "Triggers": [], "Planner Runtime": 1.534, "Total Runtime": 1198.321, "Unique SQL Id": 1080450481}}, "(16, 125)": {"explain_plan": {"Plan": {"Node Type": "Aggregate", "Strategy": "Plain", "Startup Cost": 247183.87, "Total Cost": 247183.88, "Plan Rows": 1, "Plan Width": 16, "Plans": [{"Node Type": "Nested Loop", "Parent Relationship": "Outer", "Join Type": "Inner", "Startup Cost": 0.0, "Total Cost": 247181.85, "Plan Rows": 806, "Plan Width": 8, "Inner Unique": false, "Plans": [{"Node Type": "Nested Loop", "Parent Relationship": "Outer", "Join Type": "Inner", "Startup Cost": 0.0, "Total Cost": 235005.8, "Plan Rows": 438, "Plan Width": 24, "Inner Unique": true, "Plans": [{"Node Type": "Aggregate", "Strategy": "Sorted", "Parent Relationship": "Outer", "Startup Cost": 0.0, "Total Cost": 167743.36, "Plan Rows": 11032, "Plan Width": 80, "Group By Key": ["public.lineitem.l_partkey"], "Plans": [{"Node Type": "Nested Loop", "Parent Relationship": "Outer", "Join Type": "Inner", "Startup Cost": 0.0, "Total Cost": 167467.56, "Plan Rows": 11032, "Plan Width": 16, "Inner Unique": false, "Plans": [{"Node Type": "Index Scan", "Parent Relationship": "Outer", "Scan Direction": "Forward", "Index Name": "part_kpey", "Relation Name": "part", "Alias": "part", "Startup Cost": 0.0, "Total Cost": 110803.25, "Plan Rows": 2001, "Plan Width": 8, "Filter": "((p_brand = 'Brand#44'::bpchar) AND (p_container = 'WRAP PKG'::bpchar))"}, {"Node Type": "Index Scan", "Parent Relationship": "Inner", "Scan Direction": "Forward", "Index Name": "idx_lineitem_part_supp", "Relation Name": "lineitem", "Alias": "lineitem", "Startup Cost": 0.0, "Total Cost": 28.26, "Plan Rows": 6, "Plan Width": 16, "Index Cond": "(l_partkey = public.part.p_partkey)"}]}]}, {"Node Type": "Index Scan", "Parent Relationship": "Inner", "Scan Direction": "Forward", "Index Name": "part_kpey", "Relation Name": "part", "Alias": "part", "Startup Cost": 0.0, "Total Cost": 6.08, "Plan Rows": 1, "Plan Width": 8, "Index Cond": "(p_partkey = public.lineitem.l_partkey)", "Filter": "((p_brand = 'Brand#44'::bpchar) AND (p_container = 'WRAP PKG'::bpchar))"}]}, {"Node Type": "Index Scan", "Parent Relationship": "Inner", "Scan Direction": "Forward", "Index Name": "idx_lineitem_part_supp", "Relation Name": "lineitem", "Alias": "lineitem", "Startup Cost": 0.0, "Total Cost": 27.78, "Plan Rows": 2, "Plan Width": 24, "Index Cond": "(l_partkey = public.lineitem.l_partkey)", "Filter": "(l_quantity < (.2::double precision * (avg(public.lineitem.l_quantity))))"}]}]}, "Unique SQL Id": 1080450481}, "explain_analyze_plan": {"Plan": {"Node Type": "Aggregate", "Strategy": "Plain", "Startup Cost": 247183.87, "Total Cost": 247183.88, "Plan Rows": 1, "Plan Width": 16, "Actual Startup Time": 1672.251, "Actual Total Time": 1672.251, "Actual Rows": 1, "Actual Loops": 1, "Plans": [{"Node Type": "Nested Loop", "Parent Relationship": "Outer", "Join Type": "Inner", "Startup Cost": 0.0, "Total Cost": 247181.85, "Plan Rows": 806, "Plan Width": 8, "Actual Startup Time": 1.789, "Actual Total Time": 1671.055, "Actual Rows": 5403, "Actual Loops": 1, "Inner Unique": false, "Plans": [{"Node Type": "Nested Loop", "Parent Relationship": "Outer", "Join Type": "Inner", "Startup Cost": 0.0, "Total Cost": 235005.8, "Plan Rows": 438, "Plan Width": 24, "Actual Startup Time": 1.749, "Actual Total Time": 1591.323, "Actual Rows": 2003, "Actual Loops": 1, "Inner Unique": true, "Plans": [{"Node Type": "Aggregate", "Strategy": "Sorted", "Parent Relationship": "Outer", "Startup Cost": 0.0, "Total Cost": 167743.36, "Plan Rows": 11032, "Plan Width": 80, "Actual Startup Time": 1.737, "Actual Total Time": 1579.292, "Actual Rows": 2003, "Actual Loops": 1, "Group By Key": ["public.lineitem.l_partkey"], "Plans": [{"Node Type": "Nested Loop", "Parent Relationship": "Outer", "Join Type": "Inner", "Startup Cost": 0.0, "Total Cost": 167467.56, "Plan Rows": 11032, "Plan Width": 16, "Actual Startup Time": 0.583, "Actual Total Time": 1545.893, "Actual Rows": 60021, "Actual Loops": 1, "Inner Unique": false, "Plans": [{"Node Type": "Index Scan", "Parent Relationship": "Outer", "Scan Direction": "Forward", "Index Name": "part_kpey", "Relation Name": "part", "Alias": "part", "Startup Cost": 0.0, "Total Cost": 110803.25, "Plan Rows": 2001, "Plan Width": 8, "Actual Startup Time": 0.567, "Actual Total Time": 1351.997, "Actual Rows": 2003, "Actual Loops": 1, "Filter": "((p_brand = 'Brand#44'::bpchar) AND (p_container = 'WRAP PKG'::bpchar))", "Rows Removed by Filter": 1997997}, {"Node Type": "Index Scan", "Parent Relationship": "Inner", "Scan Direction": "Forward", "Index Name": "idx_lineitem_part_supp", "Relation Name": "lineitem", "Alias": "lineitem", "Startup Cost": 0.0, "Total Cost": 28.26, "Plan Rows": 6, "Plan Width": 16, "Actual Startup Time": 26.124, "Actual Total Time": 178.211, "Actual Rows": 60021, "Actual Loops": 2003, "Index Cond": "(l_partkey = public.part.p_partkey)", "Rows Removed by Index Recheck": 0}]}]}, {"Node Type": "Index Scan", "Parent Relationship": "Inner", "Scan Direction": "Forward", "Index Name": "part_kpey", "Relation Name": "part", "Alias": "part", "Startup Cost": 0.0, "Total Cost": 6.08, "Plan Rows": 1, "Plan Width": 8, "Actual Startup Time": 9.363, "Actual Total Time": 9.363, "Actual Rows": 2003, "Actual Loops": 2003, "Index Cond": "(p_partkey = public.lineitem.l_partkey)", "Rows Removed by Index Recheck": 0, "Filter": "((p_brand = 'Brand#44'::bpchar) AND (p_container = 'WRAP PKG'::bpchar))", "Rows Removed by Filter": 0}]}, {"Node Type": "Index Scan", "Parent Relationship": "Inner", "Scan Direction": "Forward", "Index Name": "idx_lineitem_part_supp", "Relation Name": "lineitem", "Alias": "lineitem", "Startup Cost": 0.0, "Total Cost": 27.78, "Plan Rows": 2, "Plan Width": 24, "Actual Startup Time": 33.256, "Actual Total Time": 76.813, "Actual Rows": 5403, "Actual Loops": 2003, "Index Cond": "(l_partkey = public.lineitem.l_partkey)", "Rows Removed by Index Recheck": 0, "Filter": "(l_quantity < (.2::double precision * (avg(public.lineitem.l_quantity))))", "Rows Removed by Filter": 54618}]}]}, "Triggers": [], "Planner Runtime": 1.448, "Total Runtime": 1672.5, "Unique SQL Id": 1080450481}}, "(16, 126)": {"explain_plan": {"Plan": {"Node Type": "Aggregate", "Strategy": "Plain", "Startup Cost": 2330502847.95, "Total Cost": 2330502847.96, "Plan Rows": 1, "Plan Width": 16, "Plans": [{"Node Type": "Nested Loop", "Parent Relationship": "Outer", "Join Type": "Inner", "Startup Cost": 1802597942.57, "Total Cost": 2330502845.94, "Plan Rows": 806, "Plan Width": 8, "Inner Unique": false, "Join Filter": "((public.lineitem.l_partkey = public.lineitem.l_partkey) AND (public.lineitem.l_quantity < (.2::double precision * (avg(public.lineitem.l_quantity)))))", "Plans": [{"Node Type": "Seq Scan", "Parent Relationship": "Outer", "Relation Name": "lineitem", "Alias": "lineitem", "Startup Cost": 0.0, "Total Cost": 2015115.33, "Plan Rows": 59987033, "Plan Width": 24}, {"Node Type": "Materialize", "Parent Relationship": "Inner", "Startup Cost": 1802597942.57, "Total Cost": 1803001322.62, "Plan Rows": 438, "Plan Width": 24, "Plans": [{"Node Type": "Nested Loop", "Parent Relationship": "Outer", "Join Type": "Inner", "Startup Cost": 1802597942.57, "Total Cost": 1803001320.43, "Plan Rows": 438, "Plan Width": 24, "Inner Unique": true, "Join Filter": "(public.part.p_partkey = public.lineitem.l_partkey)", "Plans": [{"Node Type": "Aggregate", "Strategy": "Hashed", "Parent Relationship": "Outer", "Startup Cost": 1802597942.57, "Total Cost": 1802598135.63, "Plan Rows": 11032, "Plan Width": 16, "Group By Key": ["public.lineitem.l_partkey"], "Plans": [{"Node Type": "Nested Loop", "Parent Relationship": "Outer", "Join Type": "Semi", "Startup Cost": 0.0, "Total Cost": 1802597859.83, "Plan Rows": 11032, "Plan Width": 16, "Inner Unique": false, "Join Filter": "(public.lineitem.l_partkey = public.part.p_partkey)", "Plans": [{"Node Type": "Seq Scan", "Parent Relationship": "Outer", "Relation Name": "lineitem", "Alias": "lineitem", "Startup Cost": 0.0, "Total Cost": 2015115.33, "Plan Rows": 59987033, "Plan Width": 16}, {"Node Type": "Materialize", "Parent Relationship": "Inner", "Startup Cost": 0.0, "Total Cost": 71954.01, "Plan Rows": 2001, "Plan Width": 8, "Plans": [{"Node Type": "Seq Scan", "Parent Relationship": "Outer", "Relation Name": "part", "Alias": "part", "Startup Cost": 0.0, "Total Cost": 71944.0, "Plan Rows": 2001, "Plan Width": 8, "Filter": "((p_brand = 'Brand#44'::bpchar) AND (p_container = 'WRAP PKG'::bpchar))"}]}]}]}, {"Node Type": "Materialize", "Parent Relationship": "Inner", "Startup Cost": 0.0, "Total Cost": 71954.01, "Plan Rows": 2001, "Plan Width": 8, "Plans": [{"Node Type": "Seq Scan", "Parent Relationship": "Outer", "Relation Name": "part", "Alias": "part", "Startup Cost": 0.0, "Total Cost": 71944.0, "Plan Rows": 2001, "Plan Width": 8, "Filter": "((p_brand = 'Brand#44'::bpchar) AND (p_container = 'WRAP PKG'::bpchar))"}]}]}]}]}]}, "Unique SQL Id": 1080450481}, "explain_analyze_plan": null}, "(16, 127)": {"explain_plan": {"Plan": {"Node Type": "Aggregate", "Strategy": "Plain", "Startup Cost": 4003899272041.15, "Total Cost": 4003899272041.16, "Plan Rows": 1, "Plan Width": 16, "Plans": [{"Node Type": "Nested Loop", "Parent Relationship": "Outer", "Join Type": "Inner", "Startup Cost": 40000000000.0, "Total Cost": 4003899272039.14, "Plan Rows": 806, "Plan Width": 8, "Inner Unique": false, "Join Filter": "((subquery.\"?column?\" = public.lineitem.l_partkey) AND (public.lineitem.l_quantity < (.2::double precision * subquery.\"?column?\")))", "Plans": [{"Node Type": "Index Scan", "Parent Relationship": "Outer", "Scan Direction": "Forward", "Index Name": "idx_lineitem_part_supp", "Relation Name": "lineitem", "Alias": "lineitem", "Startup Cost": 10000000000.0, "Total Cost": 1000775391319.64, "Plan Rows": 59987033, "Plan Width": 24}, {"Node Type": "Materialize", "Parent Relationship": "Inner", "Startup Cost": 30000000000.0, "Total Cost": 3002598394311.51, "Plan Rows": 438, "Plan Width": 24, "Plans": [{"Node Type": "Nested Loop", "Parent Relationship": "Outer", "Join Type": "Inner", "Startup Cost": 30000000000.0, "Total Cost": 3002598394309.32, "Plan Rows": 438, "Plan Width": 24, "Inner Unique": true, "Join Filter": "(public.part.p_partkey = subquery.\"?column?\")", "Plans": [{"Node Type": "Index Scan", "Parent Relationship": "Outer", "Scan Direction": "Forward", "Index Name": "part_kpey", "Relation Name": "part", "Alias": "part", "Startup Cost": 10000000000.0, "Total Cost": 1000011080325.0, "Plan Rows": 2001, "Plan Width": 8, "Filter": "((p_brand = 'Brand#44'::bpchar) AND (p_container = 'WRAP PKG'::bpchar))"}, {"Node Type": "Materialize", "Parent Relationship": "Inner", "Startup Cost": 20000000000.0, "Total Cost": 2002586982886.42, "Plan Rows": 11032, "Plan Width": 16, "Plans": [{"Node Type": "Subquery Scan", "Parent Relationship": "Outer", "Alias": "subquery", "Startup Cost": 20000000000.0, "Total Cost": 2002586982831.26, "Plan Rows": 11032, "Plan Width": 16, "Plans": [{"Node Type": "Aggregate", "Strategy": "Sorted", "Parent Relationship": "Subquery", "Startup Cost": 20000000000.0, "Total Cost": 2002586982720.94, "Plan Rows": 11032, "Plan Width": 80, "Group By Key": ["public.lineitem.l_partkey"], "Plans": [{"Node Type": "Nested Loop", "Parent Relationship": "Outer", "Join Type": "Semi", "Startup Cost": 20000000000.0, "Total Cost": 2002586982445.14, "Plan Rows": 11032, "Plan Width": 16, "Inner Unique": false, "Join Filter": "(public.lineitem.l_partkey = public.part.p_partkey)", "Plans": [{"Node Type": "Index Scan", "Parent Relationship": "Outer", "Scan Direction": "Forward", "Index Name": "idx_lineitem_part_supp", "Relation Name": "lineitem", "Alias": "lineitem", "Startup Cost": 10000000000.0, "Total Cost": 1000775391319.64, "Plan Rows": 59987033, "Plan Width": 16}, {"Node Type": "Materialize", "Parent Relationship": "Inner", "Startup Cost": 10000000000.0, "Total Cost": 1000011080335.01, "Plan Rows": 2001, "Plan Width": 8, "Plans": [{"Node Type": "Index Scan", "Parent Relationship": "Outer", "Scan Direction": "Forward", "Index Name": "part_kpey", "Relation Name": "part", "Alias": "part", "Startup Cost": 10000000000.0, "Total Cost": 1000011080325.0, "Plan Rows": 2001, "Plan Width": 8, "Filter": "((p_brand = 'Brand#44'::bpchar) AND (p_container = 'WRAP PKG'::bpchar))"}]}]}]}]}]}]}]}]}]}, "Unique SQL Id": 1080450481}, "explain_analyze_plan": null}, "(64, 0)": {"explain_plan": {"Plan": {"Node Type": "Aggregate", "Strategy": "Plain", "Startup Cost": 208324.62, "Total Cost": 208324.63, "Plan Rows": 1, "Plan Width": 16, "Plans": [{"Node Type": "Nested Loop", "Parent Relationship": "Outer", "Join Type": "Inner", "Startup Cost": 128691.05, "Total Cost": 208322.6, "Plan Rows": 806, "Plan Width": 8, "Inner Unique": false, "Plans": [{"Node Type": "Nested Loop", "Parent Relationship": "Outer", "Join Type": "Inner", "Startup Cost": 128691.05, "Total Cost": 196146.55, "Plan Rows": 438, "Plan Width": 24, "Inner Unique": true, "Plans": [{"Node Type": "Aggregate", "Strategy": "Hashed", "Parent Relationship": "Outer", "Startup Cost": 128691.05, "Total Cost": 128884.11, "Plan Rows": 11032, "Plan Width": 16, "Group By Key": ["public.lineitem.l_partkey"], "Plans": [{"Node Type": "Nested Loop", "Parent Relationship": "Outer", "Join Type": "Inner", "Startup Cost": 0.0, "Total Cost": 128608.31, "Plan Rows": 11032, "Plan Width": 16, "Inner Unique": false, "Plans": [{"Node Type": "Seq Scan", "Parent Relationship": "Outer", "Relation Name": "part", "Alias": "part", "Startup Cost": 0.0, "Total Cost": 71944.0, "Plan Rows": 2001, "Plan Width": 8, "Filter": "((p_brand = 'Brand#44'::bpchar) AND (p_container = 'WRAP PKG'::bpchar))"}, {"Node Type": "Index Scan", "Parent Relationship": "Inner", "Scan Direction": "Forward", "Index Name": "idx_lineitem_part_supp", "Relation Name": "lineitem", "Alias": "lineitem", "Startup Cost": 0.0, "Total Cost": 28.26, "Plan Rows": 6, "Plan Width": 16, "Index Cond": "(l_partkey = public.part.p_partkey)"}]}]}, {"Node Type": "Index Scan", "Parent Relationship": "Inner", "Scan Direction": "Forward", "Index Name": "part_kpey", "Relation Name": "part", "Alias": "part", "Startup Cost": 0.0, "Total Cost": 6.08, "Plan Rows": 1, "Plan Width": 8, "Index Cond": "(p_partkey = public.lineitem.l_partkey)", "Filter": "((p_brand = 'Brand#44'::bpchar) AND (p_container = 'WRAP PKG'::bpchar))"}]}, {"Node Type": "Index Scan", "Parent Relationship": "Inner", "Scan Direction": "Forward", "Index Name": "idx_lineitem_part_supp", "Relation Name": "lineitem", "Alias": "lineitem", "Startup Cost": 0.0, "Total Cost": 27.78, "Plan Rows": 2, "Plan Width": 24, "Index Cond": "(l_partkey = public.lineitem.l_partkey)", "Filter": "(l_quantity < (.2::double precision * (avg(public.lineitem.l_quantity))))"}]}]}, "Unique SQL Id": 1080450481}, "explain_analyze_plan": {"Plan": {"Node Type": "Aggregate", "Strategy": "Plain", "Startup Cost": 208324.62, "Total Cost": 208324.63, "Plan Rows": 1, "Plan Width": 16, "Actual Startup Time": 1237.71, "Actual Total Time": 1237.71, "Actual Rows": 1, "Actual Loops": 1, "Plans": [{"Node Type": "Nested Loop", "Parent Relationship": "Outer", "Join Type": "Inner", "Startup Cost": 128691.05, "Total Cost": 208322.6, "Plan Rows": 806, "Plan Width": 8, "Actual Startup Time": 1029.199, "Actual Total Time": 1236.739, "Actual Rows": 5403, "Actual Loops": 1, "Inner Unique": false, "Plans": [{"Node Type": "Nested Loop", "Parent Relationship": "Outer", "Join Type": "Inner", "Startup Cost": 128691.05, "Total Cost": 196146.55, "Plan Rows": 438, "Plan Width": 24, "Actual Startup Time": 1029.156, "Actual Total Time": 1050.822, "Actual Rows": 2003, "Actual Loops": 1, "Inner Unique": true, "Plans": [{"Node Type": "Aggregate", "Strategy": "Hashed", "Parent Relationship": "Outer", "Startup Cost": 128691.05, "Total Cost": 128884.11, "Plan Rows": 11032, "Plan Width": 16, "Actual Startup Time": 1029.115, "Actual Total Time": 1030.893, "Actual Rows": 2003, "Actual Loops": 1, "Group By Key": ["public.lineitem.l_partkey"], "Plans": [{"Node Type": "Nested Loop", "Parent Relationship": "Outer", "Join Type": "Inner", "Startup Cost": 0.0, "Total Cost": 128608.31, "Plan Rows": 11032, "Plan Width": 16, "Actual Startup Time": 0.391, "Actual Total Time": 988.045, "Actual Rows": 60021, "Actual Loops": 1, "Inner Unique": false, "Plans": [{"Node Type": "Seq Scan", "Parent Relationship": "Outer", "Relation Name": "part", "Alias": "part", "Startup Cost": 0.0, "Total Cost": 71944.0, "Plan Rows": 2001, "Plan Width": 8, "Actual Startup Time": 0.368, "Actual Total Time": 794.914, "Actual Rows": 2003, "Actual Loops": 1, "Filter": "((p_brand = 'Brand#44'::bpchar) AND (p_container = 'WRAP PKG'::bpchar))", "Rows Removed by Filter": 1997997}, {"Node Type": "Index Scan", "Parent Relationship": "Inner", "Scan Direction": "Forward", "Index Name": "idx_lineitem_part_supp", "Relation Name": "lineitem", "Alias": "lineitem", "Startup Cost": 0.0, "Total Cost": 28.26, "Plan Rows": 6, "Plan Width": 16, "Actual Startup Time": 25.038, "Actual Total Time": 178.698, "Actual Rows": 60021, "Actual Loops": 2003, "Index Cond": "(l_partkey = public.part.p_partkey)", "Rows Removed by Index Recheck": 0}]}]}, {"Node Type": "Index Scan", "Parent Relationship": "Inner", "Scan Direction": "Forward", "Index Name": "part_kpey", "Relation Name": "part", "Alias": "part", "Startup Cost": 0.0, "Total Cost": 6.08, "Plan Rows": 1, "Plan Width": 8, "Actual Startup Time": 18.14, "Actual Total Time": 18.14, "Actual Rows": 2003, "Actual Loops": 2003, "Index Cond": "(p_partkey = public.lineitem.l_partkey)", "Rows Removed by Index Recheck": 0, "Filter": "((p_brand = 'Brand#44'::bpchar) AND (p_container = 'WRAP PKG'::bpchar))", "Rows Removed by Filter": 0}]}, {"Node Type": "Index Scan", "Parent Relationship": "Inner", "Scan Direction": "Forward", "Index Name": "idx_lineitem_part_supp", "Relation Name": "lineitem", "Alias": "lineitem", "Startup Cost": 0.0, "Total Cost": 27.78, "Plan Rows": 2, "Plan Width": 24, "Actual Startup Time": 74.664, "Actual Total Time": 183.579, "Actual Rows": 5403, "Actual Loops": 2003, "Index Cond": "(l_partkey = public.lineitem.l_partkey)", "Rows Removed by Index Recheck": 0, "Filter": "(l_quantity < (.2::double precision * (avg(public.lineitem.l_quantity))))", "Rows Removed by Filter": 54618}]}]}, "Triggers": [], "Planner Runtime": 1.459, "Total Runtime": 1237.93, "Unique SQL Id": 1080450481}}, "(64, 1)": {"explain_plan": {"Plan": {"Node Type": "Aggregate", "Strategy": "Plain", "Startup Cost": 247183.87, "Total Cost": 247183.88, "Plan Rows": 1, "Plan Width": 16, "Plans": [{"Node Type": "Nested Loop", "Parent Relationship": "Outer", "Join Type": "Inner", "Startup Cost": 0.0, "Total Cost": 247181.85, "Plan Rows": 806, "Plan Width": 8, "Inner Unique": false, "Plans": [{"Node Type": "Nested Loop", "Parent Relationship": "Outer", "Join Type": "Inner", "Startup Cost": 0.0, "Total Cost": 235005.8, "Plan Rows": 438, "Plan Width": 24, "Inner Unique": true, "Plans": [{"Node Type": "Aggregate", "Strategy": "Sorted", "Parent Relationship": "Outer", "Startup Cost": 0.0, "Total Cost": 167743.36, "Plan Rows": 11032, "Plan Width": 80, "Group By Key": ["public.lineitem.l_partkey"], "Plans": [{"Node Type": "Nested Loop", "Parent Relationship": "Outer", "Join Type": "Inner", "Startup Cost": 0.0, "Total Cost": 167467.56, "Plan Rows": 11032, "Plan Width": 16, "Inner Unique": false, "Plans": [{"Node Type": "Index Scan", "Parent Relationship": "Outer", "Scan Direction": "Forward", "Index Name": "part_kpey", "Relation Name": "part", "Alias": "part", "Startup Cost": 0.0, "Total Cost": 110803.25, "Plan Rows": 2001, "Plan Width": 8, "Filter": "((p_brand = 'Brand#44'::bpchar) AND (p_container = 'WRAP PKG'::bpchar))"}, {"Node Type": "Index Scan", "Parent Relationship": "Inner", "Scan Direction": "Forward", "Index Name": "idx_lineitem_part_supp", "Relation Name": "lineitem", "Alias": "lineitem", "Startup Cost": 0.0, "Total Cost": 28.26, "Plan Rows": 6, "Plan Width": 16, "Index Cond": "(l_partkey = public.part.p_partkey)"}]}]}, {"Node Type": "Index Scan", "Parent Relationship": "Inner", "Scan Direction": "Forward", "Index Name": "part_kpey", "Relation Name": "part", "Alias": "part", "Startup Cost": 0.0, "Total Cost": 6.08, "Plan Rows": 1, "Plan Width": 8, "Index Cond": "(p_partkey = public.lineitem.l_partkey)", "Filter": "((p_brand = 'Brand#44'::bpchar) AND (p_container = 'WRAP PKG'::bpchar))"}]}, {"Node Type": "Index Scan", "Parent Relationship": "Inner", "Scan Direction": "Forward", "Index Name": "idx_lineitem_part_supp", "Relation Name": "lineitem", "Alias": "lineitem", "Startup Cost": 0.0, "Total Cost": 27.78, "Plan Rows": 2, "Plan Width": 24, "Index Cond": "(l_partkey = public.lineitem.l_partkey)", "Filter": "(l_quantity < (.2::double precision * (avg(public.lineitem.l_quantity))))"}]}]}, "Unique SQL Id": 1080450481}, "explain_analyze_plan": {"Plan": {"Node Type": "Aggregate", "Strategy": "Plain", "Startup Cost": 247183.87, "Total Cost": 247183.88, "Plan Rows": 1, "Plan Width": 16, "Actual Startup Time": 1786.581, "Actual Total Time": 1786.581, "Actual Rows": 1, "Actual Loops": 1, "Plans": [{"Node Type": "Nested Loop", "Parent Relationship": "Outer", "Join Type": "Inner", "Startup Cost": 0.0, "Total Cost": 247181.85, "Plan Rows": 806, "Plan Width": 8, "Actual Startup Time": 2.095, "Actual Total Time": 1785.363, "Actual Rows": 5403, "Actual Loops": 1, "Inner Unique": false, "Plans": [{"Node Type": "Nested Loop", "Parent Relationship": "Outer", "Join Type": "Inner", "Startup Cost": 0.0, "Total Cost": 235005.8, "Plan Rows": 438, "Plan Width": 24, "Actual Startup Time": 2.05, "Actual Total Time": 1705.146, "Actual Rows": 2003, "Actual Loops": 1, "Inner Unique": true, "Plans": [{"Node Type": "Aggregate", "Strategy": "Sorted", "Parent Relationship": "Outer", "Startup Cost": 0.0, "Total Cost": 167743.36, "Plan Rows": 11032, "Plan Width": 80, "Actual Startup Time": 2.039, "Actual Total Time": 1693.01, "Actual Rows": 2003, "Actual Loops": 1, "Group By Key": ["public.lineitem.l_partkey"], "Plans": [{"Node Type": "Nested Loop", "Parent Relationship": "Outer", "Join Type": "Inner", "Startup Cost": 0.0, "Total Cost": 167467.56, "Plan Rows": 11032, "Plan Width": 16, "Actual Startup Time": 0.668, "Actual Total Time": 1660.016, "Actual Rows": 60021, "Actual Loops": 1, "Inner Unique": false, "Plans": [{"Node Type": "Index Scan", "Parent Relationship": "Outer", "Scan Direction": "Forward", "Index Name": "part_kpey", "Relation Name": "part", "Alias": "part", "Startup Cost": 0.0, "Total Cost": 110803.25, "Plan Rows": 2001, "Plan Width": 8, "Actual Startup Time": 0.649, "Actual Total Time": 1460.778, "Actual Rows": 2003, "Actual Loops": 1, "Filter": "((p_brand = 'Brand#44'::bpchar) AND (p_container = 'WRAP PKG'::bpchar))", "Rows Removed by Filter": 1997997}, {"Node Type": "Index Scan", "Parent Relationship": "Inner", "Scan Direction": "Forward", "Index Name": "idx_lineitem_part_supp", "Relation Name": "lineitem", "Alias": "lineitem", "Startup Cost": 0.0, "Total Cost": 28.26, "Plan Rows": 6, "Plan Width": 16, "Actual Startup Time": 23.917, "Actual Total Time": 183.588, "Actual Rows": 60021, "Actual Loops": 2003, "Index Cond": "(l_partkey = public.part.p_partkey)", "Rows Removed by Index Recheck": 0}]}]}, {"Node Type": "Index Scan", "Parent Relationship": "Inner", "Scan Direction": "Forward", "Index Name": "part_kpey", "Relation Name": "part", "Alias": "part", "Startup Cost": 0.0, "Total Cost": 6.08, "Plan Rows": 1, "Plan Width": 8, "Actual Startup Time": 9.552, "Actual Total Time": 9.552, "Actual Rows": 2003, "Actual Loops": 2003, "Index Cond": "(p_partkey = public.lineitem.l_partkey)", "Rows Removed by Index Recheck": 0, "Filter": "((p_brand = 'Brand#44'::bpchar) AND (p_container = 'WRAP PKG'::bpchar))", "Rows Removed by Filter": 0}]}, {"Node Type": "Index Scan", "Parent Relationship": "Inner", "Scan Direction": "Forward", "Index Name": "idx_lineitem_part_supp", "Relation Name": "lineitem", "Alias": "lineitem", "Startup Cost": 0.0, "Total Cost": 27.78, "Plan Rows": 2, "Plan Width": 24, "Actual Startup Time": 33.922, "Actual Total Time": 77.009, "Actual Rows": 5403, "Actual Loops": 2003, "Index Cond": "(l_partkey = public.lineitem.l_partkey)", "Rows Removed by Index Recheck": 0, "Filter": "(l_quantity < (.2::double precision * (avg(public.lineitem.l_quantity))))", "Rows Removed by Filter": 54618}]}]}, "Triggers": [], "Planner Runtime": 1.403, "Total Runtime": 1786.803, "Unique SQL Id": 1080450481}}, "(64, 2)": {"explain_plan": {"Plan": {"Node Type": "Aggregate", "Strategy": "Plain", "Startup Cost": 213754.44, "Total Cost": 213754.45, "Plan Rows": 1, "Plan Width": 16, "Plans": [{"Node Type": "Nested Loop", "Parent Relationship": "Outer", "Join Type": "Inner", "Startup Cost": 129265.51, "Total Cost": 213752.42, "Plan Rows": 806, "Plan Width": 8, "Inner Unique": false, "Plans": [{"Node Type": "Hash Join", "Parent Relationship": "Outer", "Join Type": "Inner", "Startup Cost": 129261.29, "Total Cost": 201352.24, "Plan Rows": 438, "Plan Width": 24, "Inner Unique": true, "Hash Cond": "(public.part.p_partkey = subquery.\"?column?\")", "Plans": [{"Node Type": "Seq Scan", "Parent Relationship": "Outer", "Relation Name": "part", "Alias": "part", "Startup Cost": 0.0, "Total Cost": 71944.0, "Plan Rows": 2001, "Plan Width": 8, "Filter": "((p_brand = 'Brand#44'::bpchar) AND (p_container = 'WRAP PKG'::bpchar))"}, {"Node Type": "Hash", "Parent Relationship": "Inner", "Startup Cost": 129123.39, "Total Cost": 129123.39, "Plan Rows": 11032, "Plan Width": 16, "Plans": [{"Node Type": "Subquery Scan", "Parent Relationship": "Outer", "Alias": "subquery", "Startup Cost": 128820.01, "Total Cost": 129123.39, "Plan Rows": 11032, "Plan Width": 16, "Plans": [{"Node Type": "Aggregate", "Strategy": "Hashed", "Parent Relationship": "Subquery", "Startup Cost": 128820.01, "Total Cost": 129013.07, "Plan Rows": 11032, "Plan Width": 16, "Group By Key": ["public.lineitem.l_partkey"], "Plans": [{"Node Type": "Nested Loop", "Parent Relationship": "Outer", "Join Type": "Inner", "Startup Cost": 4.28, "Total Cost": 128737.27, "Plan Rows": 11032, "Plan Width": 16, "Inner Unique": false, "Plans": [{"Node Type": "Seq Scan", "Parent Relationship": "Outer", "Relation Name": "part", "Alias": "part", "Startup Cost": 0.0, "Total Cost": 71944.0, "Plan Rows": 2001, "Plan Width": 8, "Filter": "((p_brand = 'Brand#44'::bpchar) AND (p_container = 'WRAP PKG'::bpchar))"}, {"Node Type": "Bitmap Heap Scan", "Parent Relationship": "Inner", "Relation Name": "lineitem", "Alias": "lineitem", "Startup Cost": 4.28, "Total Cost": 28.32, "Plan Rows": 6, "Plan Width": 16, "Recheck Cond": "(l_partkey = public.part.p_partkey)", "Plans": [{"Node Type": "Bitmap Index Scan", "Parent Relationship": "Outer", "Index Name": "idx_lineitem_part_supp", "Startup Cost": 0.0, "Total Cost": 4.28, "Plan Rows": 6, "Plan Width": 0, "Index Cond": "(l_partkey = public.part.p_partkey)"}]}]}]}]}]}]}, {"Node Type": "Bitmap Heap Scan", "Parent Relationship": "Inner", "Relation Name": "lineitem", "Alias": "lineitem", "Startup Cost": 4.22, "Total Cost": 28.29, "Plan Rows": 2, "Plan Width": 24, "Recheck Cond": "(l_partkey = subquery.\"?column?\")", "Filter": "(l_quantity < (.2::double precision * subquery.\"?column?\"))", "Plans": [{"Node Type": "Bitmap Index Scan", "Parent Relationship": "Outer", "Index Name": "idx_lineitem_part_supp", "Startup Cost": 0.0, "Total Cost": 4.22, "Plan Rows": 6, "Plan Width": 0, "Index Cond": "(l_partkey = subquery.\"?column?\")"}]}]}]}, "Unique SQL Id": 1080450481}, "explain_analyze_plan": {"Plan": {"Node Type": "Aggregate", "Strategy": "Plain", "Startup Cost": 213754.44, "Total Cost": 213754.45, "Plan Rows": 1, "Plan Width": 16, "Actual Startup Time": 2114.265, "Actual Total Time": 2114.265, "Actual Rows": 1, "Actual Loops": 1, "Plans": [{"Node Type": "Nested Loop", "Parent Relationship": "Outer", "Join Type": "Inner", "Startup Cost": 129265.51, "Total Cost": 213752.42, "Plan Rows": 806, "Plan Width": 8, "Actual Startup Time": 1067.22, "Actual Total Time": 2113.023, "Actual Rows": 5403, "Actual Loops": 1, "Inner Unique": false, "Plans": [{"Node Type": "Hash Join", "Parent Relationship": "Outer", "Join Type": "Inner", "Startup Cost": 129261.29, "Total Cost": 201352.24, "Plan Rows": 438, "Plan Width": 24, "Actual Startup Time": 1067.138, "Actual Total Time": 1885.555, "Actual Rows": 2003, "Actual Loops": 1, "Inner Unique": true, "Hash Cond": "(public.part.p_partkey = subquery.\"?column?\")", "Plans": [{"Node Type": "Seq Scan", "Parent Relationship": "Outer", "Relation Name": "part", "Alias": "part", "Startup Cost": 0.0, "Total Cost": 71944.0, "Plan Rows": 2001, "Plan Width": 8, "Actual Startup Time": 0.364, "Actual Total Time": 816.434, "Actual Rows": 2003, "Actual Loops": 1, "Filter": "((p_brand = 'Brand#44'::bpchar) AND (p_container = 'WRAP PKG'::bpchar))", "Rows Removed by Filter": 1997997}, {"Node Type": "Hash", "Parent Relationship": "Inner", "Startup Cost": 129123.39, "Total Cost": 129123.39, "Plan Rows": 11032, "Plan Width": 16, "Actual Startup Time": 1066.68, "Actual Total Time": 1066.68, "Actual Rows": 2003, "Actual Loops": 1, "Hash Buckets": 32768, "Hash Batches": 1, "Original Hash Batches": 1, "Peak Memory Usage": 94, "Plans": [{"Node Type": "Subquery Scan", "Parent Relationship": "Outer", "Alias": "subquery", "Startup Cost": 128820.01, "Total Cost": 129123.39, "Plan Rows": 11032, "Plan Width": 16, "Actual Startup Time": 1064.333, "Actual Total Time": 1066.035, "Actual Rows": 2003, "Actual Loops": 1, "Plans": [{"Node Type": "Aggregate", "Strategy": "Hashed", "Parent Relationship": "Subquery", "Startup Cost": 128820.01, "Total Cost": 129013.07, "Plan Rows": 11032, "Plan Width": 16, "Actual Startup Time": 1064.331, "Actual Total Time": 1065.643, "Actual Rows": 2003, "Actual Loops": 1, "Group By Key": ["public.lineitem.l_partkey"], "Plans": [{"Node Type": "Nested Loop", "Parent Relationship": "Outer", "Join Type": "Inner", "Startup Cost": 4.28, "Total Cost": 128737.27, "Plan Rows": 11032, "Plan Width": 16, "Actual Startup Time": 0.362, "Actual Total Time": 1023.864, "Actual Rows": 60021, "Actual Loops": 1, "Inner Unique": false, "Plans": [{"Node Type": "Seq Scan", "Parent Relationship": "Outer", "Relation Name": "part", "Alias": "part", "Startup Cost": 0.0, "Total Cost": 71944.0, "Plan Rows": 2001, "Plan Width": 8, "Actual Startup Time": 0.314, "Actual Total Time": 798.742, "Actual Rows": 2003, "Actual Loops": 1, "Filter": "((p_brand = 'Brand#44'::bpchar) AND (p_container = 'WRAP PKG'::bpchar))", "Rows Removed by Filter": 1997997}, {"Node Type": "Bitmap Heap Scan", "Parent Relationship": "Inner", "Relation Name": "lineitem", "Alias": "lineitem", "Startup Cost": 4.28, "Total Cost": 28.32, "Plan Rows": 6, "Plan Width": 16, "Actual Startup Time": 42.668, "Actual Total Time": 207.495, "Actual Rows": 60021, "Actual Loops": 2003, "Recheck Cond": "(l_partkey = public.part.p_partkey)", "Rows Removed by Index Recheck": 0, "Exact Heap Blocks": 60018, "Lossy Heap Blocks": 60018, "Plans": [{"Node Type": "Bitmap Index Scan", "Parent Relationship": "Outer", "Index Name": "idx_lineitem_part_supp", "Startup Cost": 0.0, "Total Cost": 4.28, "Plan Rows": 6, "Plan Width": 0, "Actual Startup Time": 27.97, "Actual Total Time": 27.97, "Actual Rows": 60021, "Actual Loops": 2003, "Index Cond": "(l_partkey = public.part.p_partkey)"}]}]}]}]}]}]}, {"Node Type": "Bitmap Heap Scan", "Parent Relationship": "Inner", "Relation Name": "lineitem", "Alias": "lineitem", "Startup Cost": 4.22, "Total Cost": 28.29, "Plan Rows": 2, "Plan Width": 24, "Actual Startup Time": 97.194, "Actual Total Time": 221.452, "Actual Rows": 5403, "Actual Loops": 2003, "Recheck Cond": "(l_partkey = subquery.\"?column?\")", "Rows Removed by Index Recheck": 0, "Filter": "(l_quantity < (.2::double precision * subquery.\"?column?\"))", "Rows Removed by Filter": 54618, "Exact Heap Blocks": 60018, "Lossy Heap Blocks": 60018, "Plans": [{"Node Type": "Bitmap Index Scan", "Parent Relationship": "Outer", "Index Name": "idx_lineitem_part_supp", "Startup Cost": 0.0, "Total Cost": 4.22, "Plan Rows": 6, "Plan Width": 0, "Actual Startup Time": 25.497, "Actual Total Time": 25.497, "Actual Rows": 60021, "Actual Loops": 2003, "Index Cond": "(l_partkey = subquery.\"?column?\")"}]}]}]}, "Triggers": [], "Planner Runtime": 1.435, "Total Runtime": 2114.563, "Unique SQL Id": 1080450481}}, "(64, 3)": {"explain_plan": {"Plan": {"Node Type": "Aggregate", "Strategy": "Plain", "Startup Cost": 1001032279502.61, "Total Cost": 1001032279502.62, "Plan Rows": 1, "Plan Width": 16, "Plans": [{"Node Type": "Nested Loop", "Parent Relationship": "Outer", "Join Type": "Inner", "Startup Cost": 10000000004.74, "Total Cost": 1001032279500.6, "Plan Rows": 806, "Plan Width": 8, "Inner Unique": true, "Join Filter": "(public.lineitem.l_partkey = public.part.p_partkey)", "Plans": [{"Node Type": "Nested Loop", "Parent Relationship": "Outer", "Join Type": "Inner", "Startup Cost": 10000000004.48, "Total Cost": 1001032192561.0, "Plan Rows": 20274, "Plan Width": 24, "Inner Unique": false, "Plans": [{"Node Type": "Aggregate", "Strategy": "Sorted", "Parent Relationship": "Outer", "Startup Cost": 10000000000.26, "Total Cost": 1001031880124.59, "Plan Rows": 11032, "Plan Width": 80, "Group By Key": ["public.lineitem.l_partkey"], "Plans": [{"Node Type": "Nested Loop", "Parent Relationship": "Outer", "Join Type": "Semi", "Startup Cost": 10000000000.26, "Total Cost": 1001031879848.79, "Plan Rows": 11032, "Plan Width": 16, "Inner Unique": false, "Plans": [{"Node Type": "Index Scan", "Parent Relationship": "Outer", "Scan Direction": "Forward", "Index Name": "idx_lineitem_part_supp", "Relation Name": "lineitem", "Alias": "lineitem", "Startup Cost": 10000000000.0, "Total Cost": 1000775391319.64, "Plan Rows": 59987033, "Plan Width": 16}, {"Node Type": "Bitmap Heap Scan", "Parent Relationship": "Inner", "Relation Name": "part", "Alias": "part", "Startup Cost": 0.26, "Total Cost": 4.28, "Plan Rows": 1, "Plan Width": 8, "Recheck Cond": "(p_partkey = public.lineitem.l_partkey)", "Filter": "((p_brand = 'Brand#44'::bpchar) AND (p_container = 'WRAP PKG'::bpchar))", "Plans": [{"Node Type": "Bitmap Index Scan", "Parent Relationship": "Outer", "Index Name": "part_kpey", "Startup Cost": 0.0, "Total Cost": 0.26, "Plan Rows": 1, "Plan Width": 0, "Index Cond": "(p_partkey = public.lineitem.l_partkey)"}]}]}]}, {"Node Type": "Bitmap Heap Scan", "Parent Relationship": "Inner", "Relation Name": "lineitem", "Alias": "lineitem", "Startup Cost": 4.22, "Total Cost": 28.29, "Plan Rows": 2, "Plan Width": 24, "Recheck Cond": "(l_partkey = public.lineitem.l_partkey)", "Filter": "(l_quantity < (.2::double precision * (avg(public.lineitem.l_quantity))))", "Plans": [{"Node Type": "Bitmap Index Scan", "Parent Relationship": "Outer", "Index Name": "idx_lineitem_part_supp", "Startup Cost": 0.0, "Total Cost": 4.22, "Plan Rows": 6, "Plan Width": 0, "Index Cond": "(l_partkey = public.lineitem.l_partkey)"}]}]}, {"Node Type": "Bitmap Heap Scan", "Parent Relationship": "Inner", "Relation Name": "part", "Alias": "part", "Startup Cost": 0.26, "Total Cost": 4.28, "Plan Rows": 1, "Plan Width": 8, "Recheck Cond": "(p_partkey = public.lineitem.l_partkey)", "Filter": "((p_brand = 'Brand#44'::bpchar) AND (p_container = 'WRAP PKG'::bpchar))", "Plans": [{"Node Type": "Bitmap Index Scan", "Parent Relationship": "Outer", "Index Name": "part_kpey", "Startup Cost": 0.0, "Total Cost": 0.26, "Plan Rows": 1, "Plan Width": 0, "Index Cond": "(p_partkey = public.lineitem.l_partkey)"}]}]}]}, "Unique SQL Id": 1080450481}, "explain_analyze_plan": null}, "(64, 4)": {"explain_plan": {"Plan": {"Node Type": "Aggregate", "Strategy": "Plain", "Startup Cost": 208324.62, "Total Cost": 208324.63, "Plan Rows": 1, "Plan Width": 16, "Plans": [{"Node Type": "Nested Loop", "Parent Relationship": "Outer", "Join Type": "Inner", "Startup Cost": 128691.05, "Total Cost": 208322.6, "Plan Rows": 806, "Plan Width": 8, "Inner Unique": false, "Plans": [{"Node Type": "Nested Loop", "Parent Relationship": "Outer", "Join Type": "Inner", "Startup Cost": 128691.05, "Total Cost": 196146.55, "Plan Rows": 438, "Plan Width": 24, "Inner Unique": true, "Plans": [{"Node Type": "Aggregate", "Strategy": "Hashed", "Parent Relationship": "Outer", "Startup Cost": 128691.05, "Total Cost": 128884.11, "Plan Rows": 11032, "Plan Width": 16, "Group By Key": ["public.lineitem.l_partkey"], "Plans": [{"Node Type": "Nested Loop", "Parent Relationship": "Outer", "Join Type": "Inner", "Startup Cost": 0.0, "Total Cost": 128608.31, "Plan Rows": 11032, "Plan Width": 16, "Inner Unique": false, "Plans": [{"Node Type": "Seq Scan", "Parent Relationship": "Outer", "Relation Name": "part", "Alias": "part", "Startup Cost": 0.0, "Total Cost": 71944.0, "Plan Rows": 2001, "Plan Width": 8, "Filter": "((p_brand = 'Brand#44'::bpchar) AND (p_container = 'WRAP PKG'::bpchar))"}, {"Node Type": "Index Scan", "Parent Relationship": "Inner", "Scan Direction": "Forward", "Index Name": "idx_lineitem_part_supp", "Relation Name": "lineitem", "Alias": "lineitem", "Startup Cost": 0.0, "Total Cost": 28.26, "Plan Rows": 6, "Plan Width": 16, "Index Cond": "(l_partkey = public.part.p_partkey)"}]}]}, {"Node Type": "Index Scan", "Parent Relationship": "Inner", "Scan Direction": "Forward", "Index Name": "part_kpey", "Relation Name": "part", "Alias": "part", "Startup Cost": 0.0, "Total Cost": 6.08, "Plan Rows": 1, "Plan Width": 8, "Index Cond": "(p_partkey = public.lineitem.l_partkey)", "Filter": "((p_brand = 'Brand#44'::bpchar) AND (p_container = 'WRAP PKG'::bpchar))"}]}, {"Node Type": "Index Scan", "Parent Relationship": "Inner", "Scan Direction": "Forward", "Index Name": "idx_lineitem_part_supp", "Relation Name": "lineitem", "Alias": "lineitem", "Startup Cost": 0.0, "Total Cost": 27.78, "Plan Rows": 2, "Plan Width": 24, "Index Cond": "(l_partkey = public.lineitem.l_partkey)", "Filter": "(l_quantity < (.2::double precision * (avg(public.lineitem.l_quantity))))"}]}]}, "Unique SQL Id": 1080450481}, "explain_analyze_plan": {"Plan": {"Node Type": "Aggregate", "Strategy": "Plain", "Startup Cost": 208324.62, "Total Cost": 208324.63, "Plan Rows": 1, "Plan Width": 16, "Actual Startup Time": 1237.71, "Actual Total Time": 1237.71, "Actual Rows": 1, "Actual Loops": 1, "Plans": [{"Node Type": "Nested Loop", "Parent Relationship": "Outer", "Join Type": "Inner", "Startup Cost": 128691.05, "Total Cost": 208322.6, "Plan Rows": 806, "Plan Width": 8, "Actual Startup Time": 1029.199, "Actual Total Time": 1236.739, "Actual Rows": 5403, "Actual Loops": 1, "Inner Unique": false, "Plans": [{"Node Type": "Nested Loop", "Parent Relationship": "Outer", "Join Type": "Inner", "Startup Cost": 128691.05, "Total Cost": 196146.55, "Plan Rows": 438, "Plan Width": 24, "Actual Startup Time": 1029.156, "Actual Total Time": 1050.822, "Actual Rows": 2003, "Actual Loops": 1, "Inner Unique": true, "Plans": [{"Node Type": "Aggregate", "Strategy": "Hashed", "Parent Relationship": "Outer", "Startup Cost": 128691.05, "Total Cost": 128884.11, "Plan Rows": 11032, "Plan Width": 16, "Actual Startup Time": 1029.115, "Actual Total Time": 1030.893, "Actual Rows": 2003, "Actual Loops": 1, "Group By Key": ["public.lineitem.l_partkey"], "Plans": [{"Node Type": "Nested Loop", "Parent Relationship": "Outer", "Join Type": "Inner", "Startup Cost": 0.0, "Total Cost": 128608.31, "Plan Rows": 11032, "Plan Width": 16, "Actual Startup Time": 0.391, "Actual Total Time": 988.045, "Actual Rows": 60021, "Actual Loops": 1, "Inner Unique": false, "Plans": [{"Node Type": "Seq Scan", "Parent Relationship": "Outer", "Relation Name": "part", "Alias": "part", "Startup Cost": 0.0, "Total Cost": 71944.0, "Plan Rows": 2001, "Plan Width": 8, "Actual Startup Time": 0.368, "Actual Total Time": 794.914, "Actual Rows": 2003, "Actual Loops": 1, "Filter": "((p_brand = 'Brand#44'::bpchar) AND (p_container = 'WRAP PKG'::bpchar))", "Rows Removed by Filter": 1997997}, {"Node Type": "Index Scan", "Parent Relationship": "Inner", "Scan Direction": "Forward", "Index Name": "idx_lineitem_part_supp", "Relation Name": "lineitem", "Alias": "lineitem", "Startup Cost": 0.0, "Total Cost": 28.26, "Plan Rows": 6, "Plan Width": 16, "Actual Startup Time": 25.038, "Actual Total Time": 178.698, "Actual Rows": 60021, "Actual Loops": 2003, "Index Cond": "(l_partkey = public.part.p_partkey)", "Rows Removed by Index Recheck": 0}]}]}, {"Node Type": "Index Scan", "Parent Relationship": "Inner", "Scan Direction": "Forward", "Index Name": "part_kpey", "Relation Name": "part", "Alias": "part", "Startup Cost": 0.0, "Total Cost": 6.08, "Plan Rows": 1, "Plan Width": 8, "Actual Startup Time": 18.14, "Actual Total Time": 18.14, "Actual Rows": 2003, "Actual Loops": 2003, "Index Cond": "(p_partkey = public.lineitem.l_partkey)", "Rows Removed by Index Recheck": 0, "Filter": "((p_brand = 'Brand#44'::bpchar) AND (p_container = 'WRAP PKG'::bpchar))", "Rows Removed by Filter": 0}]}, {"Node Type": "Index Scan", "Parent Relationship": "Inner", "Scan Direction": "Forward", "Index Name": "idx_lineitem_part_supp", "Relation Name": "lineitem", "Alias": "lineitem", "Startup Cost": 0.0, "Total Cost": 27.78, "Plan Rows": 2, "Plan Width": 24, "Actual Startup Time": 74.664, "Actual Total Time": 183.579, "Actual Rows": 5403, "Actual Loops": 2003, "Index Cond": "(l_partkey = public.lineitem.l_partkey)", "Rows Removed by Index Recheck": 0, "Filter": "(l_quantity < (.2::double precision * (avg(public.lineitem.l_quantity))))", "Rows Removed by Filter": 54618}]}]}, "Triggers": [], "Planner Runtime": 1.459, "Total Runtime": 1237.93, "Unique SQL Id": 1080450481}}, "(64, 5)": {"explain_plan": {"Plan": {"Node Type": "Aggregate", "Strategy": "Plain", "Startup Cost": 247183.87, "Total Cost": 247183.88, "Plan Rows": 1, "Plan Width": 16, "Plans": [{"Node Type": "Nested Loop", "Parent Relationship": "Outer", "Join Type": "Inner", "Startup Cost": 0.0, "Total Cost": 247181.85, "Plan Rows": 806, "Plan Width": 8, "Inner Unique": false, "Plans": [{"Node Type": "Nested Loop", "Parent Relationship": "Outer", "Join Type": "Inner", "Startup Cost": 0.0, "Total Cost": 235005.8, "Plan Rows": 438, "Plan Width": 24, "Inner Unique": true, "Plans": [{"Node Type": "Aggregate", "Strategy": "Sorted", "Parent Relationship": "Outer", "Startup Cost": 0.0, "Total Cost": 167743.36, "Plan Rows": 11032, "Plan Width": 80, "Group By Key": ["public.lineitem.l_partkey"], "Plans": [{"Node Type": "Nested Loop", "Parent Relationship": "Outer", "Join Type": "Inner", "Startup Cost": 0.0, "Total Cost": 167467.56, "Plan Rows": 11032, "Plan Width": 16, "Inner Unique": false, "Plans": [{"Node Type": "Index Scan", "Parent Relationship": "Outer", "Scan Direction": "Forward", "Index Name": "part_kpey", "Relation Name": "part", "Alias": "part", "Startup Cost": 0.0, "Total Cost": 110803.25, "Plan Rows": 2001, "Plan Width": 8, "Filter": "((p_brand = 'Brand#44'::bpchar) AND (p_container = 'WRAP PKG'::bpchar))"}, {"Node Type": "Index Scan", "Parent Relationship": "Inner", "Scan Direction": "Forward", "Index Name": "idx_lineitem_part_supp", "Relation Name": "lineitem", "Alias": "lineitem", "Startup Cost": 0.0, "Total Cost": 28.26, "Plan Rows": 6, "Plan Width": 16, "Index Cond": "(l_partkey = public.part.p_partkey)"}]}]}, {"Node Type": "Index Scan", "Parent Relationship": "Inner", "Scan Direction": "Forward", "Index Name": "part_kpey", "Relation Name": "part", "Alias": "part", "Startup Cost": 0.0, "Total Cost": 6.08, "Plan Rows": 1, "Plan Width": 8, "Index Cond": "(p_partkey = public.lineitem.l_partkey)", "Filter": "((p_brand = 'Brand#44'::bpchar) AND (p_container = 'WRAP PKG'::bpchar))"}]}, {"Node Type": "Index Scan", "Parent Relationship": "Inner", "Scan Direction": "Forward", "Index Name": "idx_lineitem_part_supp", "Relation Name": "lineitem", "Alias": "lineitem", "Startup Cost": 0.0, "Total Cost": 27.78, "Plan Rows": 2, "Plan Width": 24, "Index Cond": "(l_partkey = public.lineitem.l_partkey)", "Filter": "(l_quantity < (.2::double precision * (avg(public.lineitem.l_quantity))))"}]}]}, "Unique SQL Id": 1080450481}, "explain_analyze_plan": {"Plan": {"Node Type": "Aggregate", "Strategy": "Plain", "Startup Cost": 247183.87, "Total Cost": 247183.88, "Plan Rows": 1, "Plan Width": 16, "Actual Startup Time": 1786.581, "Actual Total Time": 1786.581, "Actual Rows": 1, "Actual Loops": 1, "Plans": [{"Node Type": "Nested Loop", "Parent Relationship": "Outer", "Join Type": "Inner", "Startup Cost": 0.0, "Total Cost": 247181.85, "Plan Rows": 806, "Plan Width": 8, "Actual Startup Time": 2.095, "Actual Total Time": 1785.363, "Actual Rows": 5403, "Actual Loops": 1, "Inner Unique": false, "Plans": [{"Node Type": "Nested Loop", "Parent Relationship": "Outer", "Join Type": "Inner", "Startup Cost": 0.0, "Total Cost": 235005.8, "Plan Rows": 438, "Plan Width": 24, "Actual Startup Time": 2.05, "Actual Total Time": 1705.146, "Actual Rows": 2003, "Actual Loops": 1, "Inner Unique": true, "Plans": [{"Node Type": "Aggregate", "Strategy": "Sorted", "Parent Relationship": "Outer", "Startup Cost": 0.0, "Total Cost": 167743.36, "Plan Rows": 11032, "Plan Width": 80, "Actual Startup Time": 2.039, "Actual Total Time": 1693.01, "Actual Rows": 2003, "Actual Loops": 1, "Group By Key": ["public.lineitem.l_partkey"], "Plans": [{"Node Type": "Nested Loop", "Parent Relationship": "Outer", "Join Type": "Inner", "Startup Cost": 0.0, "Total Cost": 167467.56, "Plan Rows": 11032, "Plan Width": 16, "Actual Startup Time": 0.668, "Actual Total Time": 1660.016, "Actual Rows": 60021, "Actual Loops": 1, "Inner Unique": false, "Plans": [{"Node Type": "Index Scan", "Parent Relationship": "Outer", "Scan Direction": "Forward", "Index Name": "part_kpey", "Relation Name": "part", "Alias": "part", "Startup Cost": 0.0, "Total Cost": 110803.25, "Plan Rows": 2001, "Plan Width": 8, "Actual Startup Time": 0.649, "Actual Total Time": 1460.778, "Actual Rows": 2003, "Actual Loops": 1, "Filter": "((p_brand = 'Brand#44'::bpchar) AND (p_container = 'WRAP PKG'::bpchar))", "Rows Removed by Filter": 1997997}, {"Node Type": "Index Scan", "Parent Relationship": "Inner", "Scan Direction": "Forward", "Index Name": "idx_lineitem_part_supp", "Relation Name": "lineitem", "Alias": "lineitem", "Startup Cost": 0.0, "Total Cost": 28.26, "Plan Rows": 6, "Plan Width": 16, "Actual Startup Time": 23.917, "Actual Total Time": 183.588, "Actual Rows": 60021, "Actual Loops": 2003, "Index Cond": "(l_partkey = public.part.p_partkey)", "Rows Removed by Index Recheck": 0}]}]}, {"Node Type": "Index Scan", "Parent Relationship": "Inner", "Scan Direction": "Forward", "Index Name": "part_kpey", "Relation Name": "part", "Alias": "part", "Startup Cost": 0.0, "Total Cost": 6.08, "Plan Rows": 1, "Plan Width": 8, "Actual Startup Time": 9.552, "Actual Total Time": 9.552, "Actual Rows": 2003, "Actual Loops": 2003, "Index Cond": "(p_partkey = public.lineitem.l_partkey)", "Rows Removed by Index Recheck": 0, "Filter": "((p_brand = 'Brand#44'::bpchar) AND (p_container = 'WRAP PKG'::bpchar))", "Rows Removed by Filter": 0}]}, {"Node Type": "Index Scan", "Parent Relationship": "Inner", "Scan Direction": "Forward", "Index Name": "idx_lineitem_part_supp", "Relation Name": "lineitem", "Alias": "lineitem", "Startup Cost": 0.0, "Total Cost": 27.78, "Plan Rows": 2, "Plan Width": 24, "Actual Startup Time": 33.922, "Actual Total Time": 77.009, "Actual Rows": 5403, "Actual Loops": 2003, "Index Cond": "(l_partkey = public.lineitem.l_partkey)", "Rows Removed by Index Recheck": 0, "Filter": "(l_quantity < (.2::double precision * (avg(public.lineitem.l_quantity))))", "Rows Removed by Filter": 54618}]}]}, "Triggers": [], "Planner Runtime": 1.403, "Total Runtime": 1786.803, "Unique SQL Id": 1080450481}}, "(64, 6)": {"explain_plan": {"Plan": {"Node Type": "Aggregate", "Strategy": "Plain", "Startup Cost": 213754.44, "Total Cost": 213754.45, "Plan Rows": 1, "Plan Width": 16, "Plans": [{"Node Type": "Nested Loop", "Parent Relationship": "Outer", "Join Type": "Inner", "Startup Cost": 129265.51, "Total Cost": 213752.42, "Plan Rows": 806, "Plan Width": 8, "Inner Unique": false, "Plans": [{"Node Type": "Hash Join", "Parent Relationship": "Outer", "Join Type": "Inner", "Startup Cost": 129261.29, "Total Cost": 201352.24, "Plan Rows": 438, "Plan Width": 24, "Inner Unique": true, "Hash Cond": "(public.part.p_partkey = subquery.\"?column?\")", "Plans": [{"Node Type": "Seq Scan", "Parent Relationship": "Outer", "Relation Name": "part", "Alias": "part", "Startup Cost": 0.0, "Total Cost": 71944.0, "Plan Rows": 2001, "Plan Width": 8, "Filter": "((p_brand = 'Brand#44'::bpchar) AND (p_container = 'WRAP PKG'::bpchar))"}, {"Node Type": "Hash", "Parent Relationship": "Inner", "Startup Cost": 129123.39, "Total Cost": 129123.39, "Plan Rows": 11032, "Plan Width": 16, "Plans": [{"Node Type": "Subquery Scan", "Parent Relationship": "Outer", "Alias": "subquery", "Startup Cost": 128820.01, "Total Cost": 129123.39, "Plan Rows": 11032, "Plan Width": 16, "Plans": [{"Node Type": "Aggregate", "Strategy": "Hashed", "Parent Relationship": "Subquery", "Startup Cost": 128820.01, "Total Cost": 129013.07, "Plan Rows": 11032, "Plan Width": 16, "Group By Key": ["public.lineitem.l_partkey"], "Plans": [{"Node Type": "Nested Loop", "Parent Relationship": "Outer", "Join Type": "Inner", "Startup Cost": 4.28, "Total Cost": 128737.27, "Plan Rows": 11032, "Plan Width": 16, "Inner Unique": false, "Plans": [{"Node Type": "Seq Scan", "Parent Relationship": "Outer", "Relation Name": "part", "Alias": "part", "Startup Cost": 0.0, "Total Cost": 71944.0, "Plan Rows": 2001, "Plan Width": 8, "Filter": "((p_brand = 'Brand#44'::bpchar) AND (p_container = 'WRAP PKG'::bpchar))"}, {"Node Type": "Bitmap Heap Scan", "Parent Relationship": "Inner", "Relation Name": "lineitem", "Alias": "lineitem", "Startup Cost": 4.28, "Total Cost": 28.32, "Plan Rows": 6, "Plan Width": 16, "Recheck Cond": "(l_partkey = public.part.p_partkey)", "Plans": [{"Node Type": "Bitmap Index Scan", "Parent Relationship": "Outer", "Index Name": "idx_lineitem_part_supp", "Startup Cost": 0.0, "Total Cost": 4.28, "Plan Rows": 6, "Plan Width": 0, "Index Cond": "(l_partkey = public.part.p_partkey)"}]}]}]}]}]}]}, {"Node Type": "Bitmap Heap Scan", "Parent Relationship": "Inner", "Relation Name": "lineitem", "Alias": "lineitem", "Startup Cost": 4.22, "Total Cost": 28.29, "Plan Rows": 2, "Plan Width": 24, "Recheck Cond": "(l_partkey = subquery.\"?column?\")", "Filter": "(l_quantity < (.2::double precision * subquery.\"?column?\"))", "Plans": [{"Node Type": "Bitmap Index Scan", "Parent Relationship": "Outer", "Index Name": "idx_lineitem_part_supp", "Startup Cost": 0.0, "Total Cost": 4.22, "Plan Rows": 6, "Plan Width": 0, "Index Cond": "(l_partkey = subquery.\"?column?\")"}]}]}]}, "Unique SQL Id": 1080450481}, "explain_analyze_plan": {"Plan": {"Node Type": "Aggregate", "Strategy": "Plain", "Startup Cost": 213754.44, "Total Cost": 213754.45, "Plan Rows": 1, "Plan Width": 16, "Actual Startup Time": 2114.265, "Actual Total Time": 2114.265, "Actual Rows": 1, "Actual Loops": 1, "Plans": [{"Node Type": "Nested Loop", "Parent Relationship": "Outer", "Join Type": "Inner", "Startup Cost": 129265.51, "Total Cost": 213752.42, "Plan Rows": 806, "Plan Width": 8, "Actual Startup Time": 1067.22, "Actual Total Time": 2113.023, "Actual Rows": 5403, "Actual Loops": 1, "Inner Unique": false, "Plans": [{"Node Type": "Hash Join", "Parent Relationship": "Outer", "Join Type": "Inner", "Startup Cost": 129261.29, "Total Cost": 201352.24, "Plan Rows": 438, "Plan Width": 24, "Actual Startup Time": 1067.138, "Actual Total Time": 1885.555, "Actual Rows": 2003, "Actual Loops": 1, "Inner Unique": true, "Hash Cond": "(public.part.p_partkey = subquery.\"?column?\")", "Plans": [{"Node Type": "Seq Scan", "Parent Relationship": "Outer", "Relation Name": "part", "Alias": "part", "Startup Cost": 0.0, "Total Cost": 71944.0, "Plan Rows": 2001, "Plan Width": 8, "Actual Startup Time": 0.364, "Actual Total Time": 816.434, "Actual Rows": 2003, "Actual Loops": 1, "Filter": "((p_brand = 'Brand#44'::bpchar) AND (p_container = 'WRAP PKG'::bpchar))", "Rows Removed by Filter": 1997997}, {"Node Type": "Hash", "Parent Relationship": "Inner", "Startup Cost": 129123.39, "Total Cost": 129123.39, "Plan Rows": 11032, "Plan Width": 16, "Actual Startup Time": 1066.68, "Actual Total Time": 1066.68, "Actual Rows": 2003, "Actual Loops": 1, "Hash Buckets": 32768, "Hash Batches": 1, "Original Hash Batches": 1, "Peak Memory Usage": 94, "Plans": [{"Node Type": "Subquery Scan", "Parent Relationship": "Outer", "Alias": "subquery", "Startup Cost": 128820.01, "Total Cost": 129123.39, "Plan Rows": 11032, "Plan Width": 16, "Actual Startup Time": 1064.333, "Actual Total Time": 1066.035, "Actual Rows": 2003, "Actual Loops": 1, "Plans": [{"Node Type": "Aggregate", "Strategy": "Hashed", "Parent Relationship": "Subquery", "Startup Cost": 128820.01, "Total Cost": 129013.07, "Plan Rows": 11032, "Plan Width": 16, "Actual Startup Time": 1064.331, "Actual Total Time": 1065.643, "Actual Rows": 2003, "Actual Loops": 1, "Group By Key": ["public.lineitem.l_partkey"], "Plans": [{"Node Type": "Nested Loop", "Parent Relationship": "Outer", "Join Type": "Inner", "Startup Cost": 4.28, "Total Cost": 128737.27, "Plan Rows": 11032, "Plan Width": 16, "Actual Startup Time": 0.362, "Actual Total Time": 1023.864, "Actual Rows": 60021, "Actual Loops": 1, "Inner Unique": false, "Plans": [{"Node Type": "Seq Scan", "Parent Relationship": "Outer", "Relation Name": "part", "Alias": "part", "Startup Cost": 0.0, "Total Cost": 71944.0, "Plan Rows": 2001, "Plan Width": 8, "Actual Startup Time": 0.314, "Actual Total Time": 798.742, "Actual Rows": 2003, "Actual Loops": 1, "Filter": "((p_brand = 'Brand#44'::bpchar) AND (p_container = 'WRAP PKG'::bpchar))", "Rows Removed by Filter": 1997997}, {"Node Type": "Bitmap Heap Scan", "Parent Relationship": "Inner", "Relation Name": "lineitem", "Alias": "lineitem", "Startup Cost": 4.28, "Total Cost": 28.32, "Plan Rows": 6, "Plan Width": 16, "Actual Startup Time": 42.668, "Actual Total Time": 207.495, "Actual Rows": 60021, "Actual Loops": 2003, "Recheck Cond": "(l_partkey = public.part.p_partkey)", "Rows Removed by Index Recheck": 0, "Exact Heap Blocks": 60018, "Lossy Heap Blocks": 60018, "Plans": [{"Node Type": "Bitmap Index Scan", "Parent Relationship": "Outer", "Index Name": "idx_lineitem_part_supp", "Startup Cost": 0.0, "Total Cost": 4.28, "Plan Rows": 6, "Plan Width": 0, "Actual Startup Time": 27.97, "Actual Total Time": 27.97, "Actual Rows": 60021, "Actual Loops": 2003, "Index Cond": "(l_partkey = public.part.p_partkey)"}]}]}]}]}]}]}, {"Node Type": "Bitmap Heap Scan", "Parent Relationship": "Inner", "Relation Name": "lineitem", "Alias": "lineitem", "Startup Cost": 4.22, "Total Cost": 28.29, "Plan Rows": 2, "Plan Width": 24, "Actual Startup Time": 97.194, "Actual Total Time": 221.452, "Actual Rows": 5403, "Actual Loops": 2003, "Recheck Cond": "(l_partkey = subquery.\"?column?\")", "Rows Removed by Index Recheck": 0, "Filter": "(l_quantity < (.2::double precision * subquery.\"?column?\"))", "Rows Removed by Filter": 54618, "Exact Heap Blocks": 60018, "Lossy Heap Blocks": 60018, "Plans": [{"Node Type": "Bitmap Index Scan", "Parent Relationship": "Outer", "Index Name": "idx_lineitem_part_supp", "Startup Cost": 0.0, "Total Cost": 4.22, "Plan Rows": 6, "Plan Width": 0, "Actual Startup Time": 25.497, "Actual Total Time": 25.497, "Actual Rows": 60021, "Actual Loops": 2003, "Index Cond": "(l_partkey = subquery.\"?column?\")"}]}]}]}, "Triggers": [], "Planner Runtime": 1.435, "Total Runtime": 2114.563, "Unique SQL Id": 1080450481}}, "(64, 7)": {"explain_plan": {"Plan": {"Node Type": "Aggregate", "Strategy": "Plain", "Startup Cost": 1001032279502.61, "Total Cost": 1001032279502.62, "Plan Rows": 1, "Plan Width": 16, "Plans": [{"Node Type": "Nested Loop", "Parent Relationship": "Outer", "Join Type": "Inner", "Startup Cost": 10000000004.74, "Total Cost": 1001032279500.6, "Plan Rows": 806, "Plan Width": 8, "Inner Unique": true, "Join Filter": "(public.lineitem.l_partkey = public.part.p_partkey)", "Plans": [{"Node Type": "Nested Loop", "Parent Relationship": "Outer", "Join Type": "Inner", "Startup Cost": 10000000004.48, "Total Cost": 1001032192561.0, "Plan Rows": 20274, "Plan Width": 24, "Inner Unique": false, "Plans": [{"Node Type": "Aggregate", "Strategy": "Sorted", "Parent Relationship": "Outer", "Startup Cost": 10000000000.26, "Total Cost": 1001031880124.59, "Plan Rows": 11032, "Plan Width": 80, "Group By Key": ["public.lineitem.l_partkey"], "Plans": [{"Node Type": "Nested Loop", "Parent Relationship": "Outer", "Join Type": "Semi", "Startup Cost": 10000000000.26, "Total Cost": 1001031879848.79, "Plan Rows": 11032, "Plan Width": 16, "Inner Unique": false, "Plans": [{"Node Type": "Index Scan", "Parent Relationship": "Outer", "Scan Direction": "Forward", "Index Name": "idx_lineitem_part_supp", "Relation Name": "lineitem", "Alias": "lineitem", "Startup Cost": 10000000000.0, "Total Cost": 1000775391319.64, "Plan Rows": 59987033, "Plan Width": 16}, {"Node Type": "Bitmap Heap Scan", "Parent Relationship": "Inner", "Relation Name": "part", "Alias": "part", "Startup Cost": 0.26, "Total Cost": 4.28, "Plan Rows": 1, "Plan Width": 8, "Recheck Cond": "(p_partkey = public.lineitem.l_partkey)", "Filter": "((p_brand = 'Brand#44'::bpchar) AND (p_container = 'WRAP PKG'::bpchar))", "Plans": [{"Node Type": "Bitmap Index Scan", "Parent Relationship": "Outer", "Index Name": "part_kpey", "Startup Cost": 0.0, "Total Cost": 0.26, "Plan Rows": 1, "Plan Width": 0, "Index Cond": "(p_partkey = public.lineitem.l_partkey)"}]}]}]}, {"Node Type": "Bitmap Heap Scan", "Parent Relationship": "Inner", "Relation Name": "lineitem", "Alias": "lineitem", "Startup Cost": 4.22, "Total Cost": 28.29, "Plan Rows": 2, "Plan Width": 24, "Recheck Cond": "(l_partkey = public.lineitem.l_partkey)", "Filter": "(l_quantity < (.2::double precision * (avg(public.lineitem.l_quantity))))", "Plans": [{"Node Type": "Bitmap Index Scan", "Parent Relationship": "Outer", "Index Name": "idx_lineitem_part_supp", "Startup Cost": 0.0, "Total Cost": 4.22, "Plan Rows": 6, "Plan Width": 0, "Index Cond": "(l_partkey = public.lineitem.l_partkey)"}]}]}, {"Node Type": "Bitmap Heap Scan", "Parent Relationship": "Inner", "Relation Name": "part", "Alias": "part", "Startup Cost": 0.26, "Total Cost": 4.28, "Plan Rows": 1, "Plan Width": 8, "Recheck Cond": "(p_partkey = public.lineitem.l_partkey)", "Filter": "((p_brand = 'Brand#44'::bpchar) AND (p_container = 'WRAP PKG'::bpchar))", "Plans": [{"Node Type": "Bitmap Index Scan", "Parent Relationship": "Outer", "Index Name": "part_kpey", "Startup Cost": 0.0, "Total Cost": 0.26, "Plan Rows": 1, "Plan Width": 0, "Index Cond": "(p_partkey = public.lineitem.l_partkey)"}]}]}]}, "Unique SQL Id": 1080450481}, "explain_analyze_plan": null}, "(64, 8)": {"explain_plan": {"Plan": {"Node Type": "Aggregate", "Strategy": "Plain", "Startup Cost": 208324.62, "Total Cost": 208324.63, "Plan Rows": 1, "Plan Width": 16, "Plans": [{"Node Type": "Nested Loop", "Parent Relationship": "Outer", "Join Type": "Inner", "Startup Cost": 128691.05, "Total Cost": 208322.6, "Plan Rows": 806, "Plan Width": 8, "Inner Unique": false, "Plans": [{"Node Type": "Nested Loop", "Parent Relationship": "Outer", "Join Type": "Inner", "Startup Cost": 128691.05, "Total Cost": 196146.55, "Plan Rows": 438, "Plan Width": 24, "Inner Unique": true, "Plans": [{"Node Type": "Aggregate", "Strategy": "Hashed", "Parent Relationship": "Outer", "Startup Cost": 128691.05, "Total Cost": 128884.11, "Plan Rows": 11032, "Plan Width": 16, "Group By Key": ["public.lineitem.l_partkey"], "Plans": [{"Node Type": "Nested Loop", "Parent Relationship": "Outer", "Join Type": "Inner", "Startup Cost": 0.0, "Total Cost": 128608.31, "Plan Rows": 11032, "Plan Width": 16, "Inner Unique": false, "Plans": [{"Node Type": "Seq Scan", "Parent Relationship": "Outer", "Relation Name": "part", "Alias": "part", "Startup Cost": 0.0, "Total Cost": 71944.0, "Plan Rows": 2001, "Plan Width": 8, "Filter": "((p_brand = 'Brand#44'::bpchar) AND (p_container = 'WRAP PKG'::bpchar))"}, {"Node Type": "Index Scan", "Parent Relationship": "Inner", "Scan Direction": "Forward", "Index Name": "idx_lineitem_part_supp", "Relation Name": "lineitem", "Alias": "lineitem", "Startup Cost": 0.0, "Total Cost": 28.26, "Plan Rows": 6, "Plan Width": 16, "Index Cond": "(l_partkey = public.part.p_partkey)"}]}]}, {"Node Type": "Index Scan", "Parent Relationship": "Inner", "Scan Direction": "Forward", "Index Name": "part_kpey", "Relation Name": "part", "Alias": "part", "Startup Cost": 0.0, "Total Cost": 6.08, "Plan Rows": 1, "Plan Width": 8, "Index Cond": "(p_partkey = public.lineitem.l_partkey)", "Filter": "((p_brand = 'Brand#44'::bpchar) AND (p_container = 'WRAP PKG'::bpchar))"}]}, {"Node Type": "Index Scan", "Parent Relationship": "Inner", "Scan Direction": "Forward", "Index Name": "idx_lineitem_part_supp", "Relation Name": "lineitem", "Alias": "lineitem", "Startup Cost": 0.0, "Total Cost": 27.78, "Plan Rows": 2, "Plan Width": 24, "Index Cond": "(l_partkey = public.lineitem.l_partkey)", "Filter": "(l_quantity < (.2::double precision * (avg(public.lineitem.l_quantity))))"}]}]}, "Unique SQL Id": 1080450481}, "explain_analyze_plan": {"Plan": {"Node Type": "Aggregate", "Strategy": "Plain", "Startup Cost": 208324.62, "Total Cost": 208324.63, "Plan Rows": 1, "Plan Width": 16, "Actual Startup Time": 1237.71, "Actual Total Time": 1237.71, "Actual Rows": 1, "Actual Loops": 1, "Plans": [{"Node Type": "Nested Loop", "Parent Relationship": "Outer", "Join Type": "Inner", "Startup Cost": 128691.05, "Total Cost": 208322.6, "Plan Rows": 806, "Plan Width": 8, "Actual Startup Time": 1029.199, "Actual Total Time": 1236.739, "Actual Rows": 5403, "Actual Loops": 1, "Inner Unique": false, "Plans": [{"Node Type": "Nested Loop", "Parent Relationship": "Outer", "Join Type": "Inner", "Startup Cost": 128691.05, "Total Cost": 196146.55, "Plan Rows": 438, "Plan Width": 24, "Actual Startup Time": 1029.156, "Actual Total Time": 1050.822, "Actual Rows": 2003, "Actual Loops": 1, "Inner Unique": true, "Plans": [{"Node Type": "Aggregate", "Strategy": "Hashed", "Parent Relationship": "Outer", "Startup Cost": 128691.05, "Total Cost": 128884.11, "Plan Rows": 11032, "Plan Width": 16, "Actual Startup Time": 1029.115, "Actual Total Time": 1030.893, "Actual Rows": 2003, "Actual Loops": 1, "Group By Key": ["public.lineitem.l_partkey"], "Plans": [{"Node Type": "Nested Loop", "Parent Relationship": "Outer", "Join Type": "Inner", "Startup Cost": 0.0, "Total Cost": 128608.31, "Plan Rows": 11032, "Plan Width": 16, "Actual Startup Time": 0.391, "Actual Total Time": 988.045, "Actual Rows": 60021, "Actual Loops": 1, "Inner Unique": false, "Plans": [{"Node Type": "Seq Scan", "Parent Relationship": "Outer", "Relation Name": "part", "Alias": "part", "Startup Cost": 0.0, "Total Cost": 71944.0, "Plan Rows": 2001, "Plan Width": 8, "Actual Startup Time": 0.368, "Actual Total Time": 794.914, "Actual Rows": 2003, "Actual Loops": 1, "Filter": "((p_brand = 'Brand#44'::bpchar) AND (p_container = 'WRAP PKG'::bpchar))", "Rows Removed by Filter": 1997997}, {"Node Type": "Index Scan", "Parent Relationship": "Inner", "Scan Direction": "Forward", "Index Name": "idx_lineitem_part_supp", "Relation Name": "lineitem", "Alias": "lineitem", "Startup Cost": 0.0, "Total Cost": 28.26, "Plan Rows": 6, "Plan Width": 16, "Actual Startup Time": 25.038, "Actual Total Time": 178.698, "Actual Rows": 60021, "Actual Loops": 2003, "Index Cond": "(l_partkey = public.part.p_partkey)", "Rows Removed by Index Recheck": 0}]}]}, {"Node Type": "Index Scan", "Parent Relationship": "Inner", "Scan Direction": "Forward", "Index Name": "part_kpey", "Relation Name": "part", "Alias": "part", "Startup Cost": 0.0, "Total Cost": 6.08, "Plan Rows": 1, "Plan Width": 8, "Actual Startup Time": 18.14, "Actual Total Time": 18.14, "Actual Rows": 2003, "Actual Loops": 2003, "Index Cond": "(p_partkey = public.lineitem.l_partkey)", "Rows Removed by Index Recheck": 0, "Filter": "((p_brand = 'Brand#44'::bpchar) AND (p_container = 'WRAP PKG'::bpchar))", "Rows Removed by Filter": 0}]}, {"Node Type": "Index Scan", "Parent Relationship": "Inner", "Scan Direction": "Forward", "Index Name": "idx_lineitem_part_supp", "Relation Name": "lineitem", "Alias": "lineitem", "Startup Cost": 0.0, "Total Cost": 27.78, "Plan Rows": 2, "Plan Width": 24, "Actual Startup Time": 74.664, "Actual Total Time": 183.579, "Actual Rows": 5403, "Actual Loops": 2003, "Index Cond": "(l_partkey = public.lineitem.l_partkey)", "Rows Removed by Index Recheck": 0, "Filter": "(l_quantity < (.2::double precision * (avg(public.lineitem.l_quantity))))", "Rows Removed by Filter": 54618}]}]}, "Triggers": [], "Planner Runtime": 1.459, "Total Runtime": 1237.93, "Unique SQL Id": 1080450481}}, "(64, 9)": {"explain_plan": {"Plan": {"Node Type": "Aggregate", "Strategy": "Plain", "Startup Cost": 247183.87, "Total Cost": 247183.88, "Plan Rows": 1, "Plan Width": 16, "Plans": [{"Node Type": "Nested Loop", "Parent Relationship": "Outer", "Join Type": "Inner", "Startup Cost": 0.0, "Total Cost": 247181.85, "Plan Rows": 806, "Plan Width": 8, "Inner Unique": false, "Plans": [{"Node Type": "Nested Loop", "Parent Relationship": "Outer", "Join Type": "Inner", "Startup Cost": 0.0, "Total Cost": 235005.8, "Plan Rows": 438, "Plan Width": 24, "Inner Unique": true, "Plans": [{"Node Type": "Aggregate", "Strategy": "Sorted", "Parent Relationship": "Outer", "Startup Cost": 0.0, "Total Cost": 167743.36, "Plan Rows": 11032, "Plan Width": 80, "Group By Key": ["public.lineitem.l_partkey"], "Plans": [{"Node Type": "Nested Loop", "Parent Relationship": "Outer", "Join Type": "Inner", "Startup Cost": 0.0, "Total Cost": 167467.56, "Plan Rows": 11032, "Plan Width": 16, "Inner Unique": false, "Plans": [{"Node Type": "Index Scan", "Parent Relationship": "Outer", "Scan Direction": "Forward", "Index Name": "part_kpey", "Relation Name": "part", "Alias": "part", "Startup Cost": 0.0, "Total Cost": 110803.25, "Plan Rows": 2001, "Plan Width": 8, "Filter": "((p_brand = 'Brand#44'::bpchar) AND (p_container = 'WRAP PKG'::bpchar))"}, {"Node Type": "Index Scan", "Parent Relationship": "Inner", "Scan Direction": "Forward", "Index Name": "idx_lineitem_part_supp", "Relation Name": "lineitem", "Alias": "lineitem", "Startup Cost": 0.0, "Total Cost": 28.26, "Plan Rows": 6, "Plan Width": 16, "Index Cond": "(l_partkey = public.part.p_partkey)"}]}]}, {"Node Type": "Index Scan", "Parent Relationship": "Inner", "Scan Direction": "Forward", "Index Name": "part_kpey", "Relation Name": "part", "Alias": "part", "Startup Cost": 0.0, "Total Cost": 6.08, "Plan Rows": 1, "Plan Width": 8, "Index Cond": "(p_partkey = public.lineitem.l_partkey)", "Filter": "((p_brand = 'Brand#44'::bpchar) AND (p_container = 'WRAP PKG'::bpchar))"}]}, {"Node Type": "Index Scan", "Parent Relationship": "Inner", "Scan Direction": "Forward", "Index Name": "idx_lineitem_part_supp", "Relation Name": "lineitem", "Alias": "lineitem", "Startup Cost": 0.0, "Total Cost": 27.78, "Plan Rows": 2, "Plan Width": 24, "Index Cond": "(l_partkey = public.lineitem.l_partkey)", "Filter": "(l_quantity < (.2::double precision * (avg(public.lineitem.l_quantity))))"}]}]}, "Unique SQL Id": 1080450481}, "explain_analyze_plan": {"Plan": {"Node Type": "Aggregate", "Strategy": "Plain", "Startup Cost": 247183.87, "Total Cost": 247183.88, "Plan Rows": 1, "Plan Width": 16, "Actual Startup Time": 1786.581, "Actual Total Time": 1786.581, "Actual Rows": 1, "Actual Loops": 1, "Plans": [{"Node Type": "Nested Loop", "Parent Relationship": "Outer", "Join Type": "Inner", "Startup Cost": 0.0, "Total Cost": 247181.85, "Plan Rows": 806, "Plan Width": 8, "Actual Startup Time": 2.095, "Actual Total Time": 1785.363, "Actual Rows": 5403, "Actual Loops": 1, "Inner Unique": false, "Plans": [{"Node Type": "Nested Loop", "Parent Relationship": "Outer", "Join Type": "Inner", "Startup Cost": 0.0, "Total Cost": 235005.8, "Plan Rows": 438, "Plan Width": 24, "Actual Startup Time": 2.05, "Actual Total Time": 1705.146, "Actual Rows": 2003, "Actual Loops": 1, "Inner Unique": true, "Plans": [{"Node Type": "Aggregate", "Strategy": "Sorted", "Parent Relationship": "Outer", "Startup Cost": 0.0, "Total Cost": 167743.36, "Plan Rows": 11032, "Plan Width": 80, "Actual Startup Time": 2.039, "Actual Total Time": 1693.01, "Actual Rows": 2003, "Actual Loops": 1, "Group By Key": ["public.lineitem.l_partkey"], "Plans": [{"Node Type": "Nested Loop", "Parent Relationship": "Outer", "Join Type": "Inner", "Startup Cost": 0.0, "Total Cost": 167467.56, "Plan Rows": 11032, "Plan Width": 16, "Actual Startup Time": 0.668, "Actual Total Time": 1660.016, "Actual Rows": 60021, "Actual Loops": 1, "Inner Unique": false, "Plans": [{"Node Type": "Index Scan", "Parent Relationship": "Outer", "Scan Direction": "Forward", "Index Name": "part_kpey", "Relation Name": "part", "Alias": "part", "Startup Cost": 0.0, "Total Cost": 110803.25, "Plan Rows": 2001, "Plan Width": 8, "Actual Startup Time": 0.649, "Actual Total Time": 1460.778, "Actual Rows": 2003, "Actual Loops": 1, "Filter": "((p_brand = 'Brand#44'::bpchar) AND (p_container = 'WRAP PKG'::bpchar))", "Rows Removed by Filter": 1997997}, {"Node Type": "Index Scan", "Parent Relationship": "Inner", "Scan Direction": "Forward", "Index Name": "idx_lineitem_part_supp", "Relation Name": "lineitem", "Alias": "lineitem", "Startup Cost": 0.0, "Total Cost": 28.26, "Plan Rows": 6, "Plan Width": 16, "Actual Startup Time": 23.917, "Actual Total Time": 183.588, "Actual Rows": 60021, "Actual Loops": 2003, "Index Cond": "(l_partkey = public.part.p_partkey)", "Rows Removed by Index Recheck": 0}]}]}, {"Node Type": "Index Scan", "Parent Relationship": "Inner", "Scan Direction": "Forward", "Index Name": "part_kpey", "Relation Name": "part", "Alias": "part", "Startup Cost": 0.0, "Total Cost": 6.08, "Plan Rows": 1, "Plan Width": 8, "Actual Startup Time": 9.552, "Actual Total Time": 9.552, "Actual Rows": 2003, "Actual Loops": 2003, "Index Cond": "(p_partkey = public.lineitem.l_partkey)", "Rows Removed by Index Recheck": 0, "Filter": "((p_brand = 'Brand#44'::bpchar) AND (p_container = 'WRAP PKG'::bpchar))", "Rows Removed by Filter": 0}]}, {"Node Type": "Index Scan", "Parent Relationship": "Inner", "Scan Direction": "Forward", "Index Name": "idx_lineitem_part_supp", "Relation Name": "lineitem", "Alias": "lineitem", "Startup Cost": 0.0, "Total Cost": 27.78, "Plan Rows": 2, "Plan Width": 24, "Actual Startup Time": 33.922, "Actual Total Time": 77.009, "Actual Rows": 5403, "Actual Loops": 2003, "Index Cond": "(l_partkey = public.lineitem.l_partkey)", "Rows Removed by Index Recheck": 0, "Filter": "(l_quantity < (.2::double precision * (avg(public.lineitem.l_quantity))))", "Rows Removed by Filter": 54618}]}]}, "Triggers": [], "Planner Runtime": 1.403, "Total Runtime": 1786.803, "Unique SQL Id": 1080450481}}, "(64, 10)": {"explain_plan": {"Plan": {"Node Type": "Aggregate", "Strategy": "Plain", "Startup Cost": 4549973.98, "Total Cost": 4549974.0, "Plan Rows": 1, "Plan Width": 16, "Plans": [{"Node Type": "Hash Join", "Parent Relationship": "Outer", "Join Type": "Inner", "Startup Cost": 2309655.28, "Total Cost": 4549971.97, "Plan Rows": 806, "Plan Width": 8, "Inner Unique": true, "Hash Cond": "(public.part.p_partkey = subquery.\"?column?\")", "Join Filter": "(public.lineitem.l_quantity < (.2::double precision * subquery.\"?column?\"))", "Plans": [{"Node Type": "Hash Join", "Parent Relationship": "Outer", "Join Type": "Inner", "Startup Cost": 71969.01, "Total Cost": 2312146.04, "Plan Rows": 11032, "Plan Width": 32, "Inner Unique": true, "Hash Cond": "(public.lineitem.l_partkey = public.part.p_partkey)", "Plans": [{"Node Type": "Seq Scan", "Parent Relationship": "Outer", "Relation Name": "lineitem", "Alias": "lineitem", "Startup Cost": 0.0, "Total Cost": 2015115.33, "Plan Rows": 59987033, "Plan Width": 24}, {"Node Type": "Hash", "Parent Relationship": "Inner", "Startup Cost": 71944.0, "Total Cost": 71944.0, "Plan Rows": 2001, "Plan Width": 8, "Plans": [{"Node Type": "Seq Scan", "Parent Relationship": "Outer", "Relation Name": "part", "Alias": "part", "Startup Cost": 0.0, "Total Cost": 71944.0, "Plan Rows": 2001, "Plan Width": 8, "Filter": "((p_brand = 'Brand#44'::bpchar) AND (p_container = 'WRAP PKG'::bpchar))"}]}]}, {"Node Type": "Hash", "Parent Relationship": "Inner", "Startup Cost": 2237548.37, "Total Cost": 2237548.37, "Plan Rows": 11032, "Plan Width": 16, "Plans": [{"Node Type": "Subquery Scan", "Parent Relationship": "Outer", "Alias": "subquery", "Startup Cost": 2237244.99, "Total Cost": 2237548.37, "Plan Rows": 11032, "Plan Width": 16, "Plans": [{"Node Type": "Aggregate", "Strategy": "Hashed", "Parent Relationship": "Subquery", "Startup Cost": 2237244.99, "Total Cost": 2237438.05, "Plan Rows": 11032, "Plan Width": 16, "Group By Key": ["public.lineitem.l_partkey"], "Plans": [{"Node Type": "Hash Join", "Parent Relationship": "Outer", "Join Type": "Inner", "Startup Cost": 71969.01, "Total Cost": 2237162.25, "Plan Rows": 11032, "Plan Width": 16, "Inner Unique": true, "Hash Cond": "(public.lineitem.l_partkey = public.part.p_partkey)", "Plans": [{"Node Type": "Seq Scan", "Parent Relationship": "Outer", "Relation Name": "lineitem", "Alias": "lineitem", "Startup Cost": 0.0, "Total Cost": 2015115.33, "Plan Rows": 59987033, "Plan Width": 16}, {"Node Type": "Hash", "Parent Relationship": "Inner", "Startup Cost": 71944.0, "Total Cost": 71944.0, "Plan Rows": 2001, "Plan Width": 8, "Plans": [{"Node Type": "Seq Scan", "Parent Relationship": "Outer", "Relation Name": "part", "Alias": "part", "Startup Cost": 0.0, "Total Cost": 71944.0, "Plan Rows": 2001, "Plan Width": 8, "Filter": "((p_brand = 'Brand#44'::bpchar) AND (p_container = 'WRAP PKG'::bpchar))"}]}]}]}]}]}]}]}, "Unique SQL Id": 1080450481}, "explain_analyze_plan": null}, "(64, 11)": {"explain_plan": {"Plan": {"Node Type": "Aggregate", "Strategy": "Plain", "Startup Cost": 4001573244062.54, "Total Cost": 4001573244062.55, "Plan Rows": 1, "Plan Width": 16, "Plans": [{"Node Type": "Merge Join", "Parent Relationship": "Outer", "Join Type": "Inner", "Startup Cost": 40000000000.0, "Total Cost": 4001573244060.52, "Plan Rows": 806, "Plan Width": 8, "Inner Unique": true, "Merge Cond": "(public.part.p_partkey = public.lineitem.l_partkey)", "Join Filter": "(public.lineitem.l_quantity < (.2::double precision * (avg(public.lineitem.l_quantity))))", "Plans": [{"Node Type": "Merge Join", "Parent Relationship": "Outer", "Join Type": "Inner", "Startup Cost": 20000000000.0, "Total Cost": 2000786621777.7, "Plan Rows": 11032, "Plan Width": 32, "Inner Unique": true, "Merge Cond": "(public.lineitem.l_partkey = public.part.p_partkey)", "Plans": [{"Node Type": "Index Scan", "Parent Relationship": "Outer", "Scan Direction": "Forward", "Index Name": "idx_lineitem_part_supp", "Relation Name": "lineitem", "Alias": "lineitem", "Startup Cost": 10000000000.0, "Total Cost": 1000775391319.64, "Plan Rows": 59987033, "Plan Width": 24}, {"Node Type": "Materialize", "Parent Relationship": "Inner", "Startup Cost": 10000000000.0, "Total Cost": 1000011080330.0, "Plan Rows": 2001, "Plan Width": 8, "Plans": [{"Node Type": "Index Scan", "Parent Relationship": "Outer", "Scan Direction": "Forward", "Index Name": "part_kpey", "Relation Name": "part", "Alias": "part", "Startup Cost": 10000000000.0, "Total Cost": 1000011080325.0, "Plan Rows": 2001, "Plan Width": 8, "Filter": "((p_brand = 'Brand#44'::bpchar) AND (p_container = 'WRAP PKG'::bpchar))"}]}]}, {"Node Type": "Materialize", "Parent Relationship": "Inner", "Startup Cost": 20000000000.0, "Total Cost": 2000786622191.4, "Plan Rows": 11032, "Plan Width": 16, "Plans": [{"Node Type": "Aggregate", "Strategy": "Sorted", "Parent Relationship": "Outer", "Startup Cost": 20000000000.0, "Total Cost": 2000786622053.5, "Plan Rows": 11032, "Plan Width": 80, "Group By Key": ["public.lineitem.l_partkey"], "Plans": [{"Node Type": "Merge Join", "Parent Relationship": "Outer", "Join Type": "Semi", "Startup Cost": 20000000000.0, "Total Cost": 2000786621777.7, "Plan Rows": 11032, "Plan Width": 16, "Inner Unique": false, "Merge Cond": "(public.lineitem.l_partkey = public.part.p_partkey)", "Plans": [{"Node Type": "Index Scan", "Parent Relationship": "Outer", "Scan Direction": "Forward", "Index Name": "idx_lineitem_part_supp", "Relation Name": "lineitem", "Alias": "lineitem", "Startup Cost": 10000000000.0, "Total Cost": 1000775391319.64, "Plan Rows": 59987033, "Plan Width": 16}, {"Node Type": "Materialize", "Parent Relationship": "Inner", "Startup Cost": 10000000000.0, "Total Cost": 1000011080330.0, "Plan Rows": 2001, "Plan Width": 8, "Plans": [{"Node Type": "Index Scan", "Parent Relationship": "Outer", "Scan Direction": "Forward", "Index Name": "part_kpey", "Relation Name": "part", "Alias": "part", "Startup Cost": 10000000000.0, "Total Cost": 1000011080325.0, "Plan Rows": 2001, "Plan Width": 8, "Filter": "((p_brand = 'Brand#44'::bpchar) AND (p_container = 'WRAP PKG'::bpchar))"}]}]}]}]}]}]}, "Unique SQL Id": 1080450481}, "explain_analyze_plan": null}, "(64, 12)": {"explain_plan": {"Plan": {"Node Type": "Aggregate", "Strategy": "Plain", "Startup Cost": 208324.62, "Total Cost": 208324.63, "Plan Rows": 1, "Plan Width": 16, "Plans": [{"Node Type": "Nested Loop", "Parent Relationship": "Outer", "Join Type": "Inner", "Startup Cost": 128691.05, "Total Cost": 208322.6, "Plan Rows": 806, "Plan Width": 8, "Inner Unique": false, "Plans": [{"Node Type": "Nested Loop", "Parent Relationship": "Outer", "Join Type": "Inner", "Startup Cost": 128691.05, "Total Cost": 196146.55, "Plan Rows": 438, "Plan Width": 24, "Inner Unique": true, "Plans": [{"Node Type": "Aggregate", "Strategy": "Hashed", "Parent Relationship": "Outer", "Startup Cost": 128691.05, "Total Cost": 128884.11, "Plan Rows": 11032, "Plan Width": 16, "Group By Key": ["public.lineitem.l_partkey"], "Plans": [{"Node Type": "Nested Loop", "Parent Relationship": "Outer", "Join Type": "Inner", "Startup Cost": 0.0, "Total Cost": 128608.31, "Plan Rows": 11032, "Plan Width": 16, "Inner Unique": false, "Plans": [{"Node Type": "Seq Scan", "Parent Relationship": "Outer", "Relation Name": "part", "Alias": "part", "Startup Cost": 0.0, "Total Cost": 71944.0, "Plan Rows": 2001, "Plan Width": 8, "Filter": "((p_brand = 'Brand#44'::bpchar) AND (p_container = 'WRAP PKG'::bpchar))"}, {"Node Type": "Index Scan", "Parent Relationship": "Inner", "Scan Direction": "Forward", "Index Name": "idx_lineitem_part_supp", "Relation Name": "lineitem", "Alias": "lineitem", "Startup Cost": 0.0, "Total Cost": 28.26, "Plan Rows": 6, "Plan Width": 16, "Index Cond": "(l_partkey = public.part.p_partkey)"}]}]}, {"Node Type": "Index Scan", "Parent Relationship": "Inner", "Scan Direction": "Forward", "Index Name": "part_kpey", "Relation Name": "part", "Alias": "part", "Startup Cost": 0.0, "Total Cost": 6.08, "Plan Rows": 1, "Plan Width": 8, "Index Cond": "(p_partkey = public.lineitem.l_partkey)", "Filter": "((p_brand = 'Brand#44'::bpchar) AND (p_container = 'WRAP PKG'::bpchar))"}]}, {"Node Type": "Index Scan", "Parent Relationship": "Inner", "Scan Direction": "Forward", "Index Name": "idx_lineitem_part_supp", "Relation Name": "lineitem", "Alias": "lineitem", "Startup Cost": 0.0, "Total Cost": 27.78, "Plan Rows": 2, "Plan Width": 24, "Index Cond": "(l_partkey = public.lineitem.l_partkey)", "Filter": "(l_quantity < (.2::double precision * (avg(public.lineitem.l_quantity))))"}]}]}, "Unique SQL Id": 1080450481}, "explain_analyze_plan": {"Plan": {"Node Type": "Aggregate", "Strategy": "Plain", "Startup Cost": 208324.62, "Total Cost": 208324.63, "Plan Rows": 1, "Plan Width": 16, "Actual Startup Time": 1237.71, "Actual Total Time": 1237.71, "Actual Rows": 1, "Actual Loops": 1, "Plans": [{"Node Type": "Nested Loop", "Parent Relationship": "Outer", "Join Type": "Inner", "Startup Cost": 128691.05, "Total Cost": 208322.6, "Plan Rows": 806, "Plan Width": 8, "Actual Startup Time": 1029.199, "Actual Total Time": 1236.739, "Actual Rows": 5403, "Actual Loops": 1, "Inner Unique": false, "Plans": [{"Node Type": "Nested Loop", "Parent Relationship": "Outer", "Join Type": "Inner", "Startup Cost": 128691.05, "Total Cost": 196146.55, "Plan Rows": 438, "Plan Width": 24, "Actual Startup Time": 1029.156, "Actual Total Time": 1050.822, "Actual Rows": 2003, "Actual Loops": 1, "Inner Unique": true, "Plans": [{"Node Type": "Aggregate", "Strategy": "Hashed", "Parent Relationship": "Outer", "Startup Cost": 128691.05, "Total Cost": 128884.11, "Plan Rows": 11032, "Plan Width": 16, "Actual Startup Time": 1029.115, "Actual Total Time": 1030.893, "Actual Rows": 2003, "Actual Loops": 1, "Group By Key": ["public.lineitem.l_partkey"], "Plans": [{"Node Type": "Nested Loop", "Parent Relationship": "Outer", "Join Type": "Inner", "Startup Cost": 0.0, "Total Cost": 128608.31, "Plan Rows": 11032, "Plan Width": 16, "Actual Startup Time": 0.391, "Actual Total Time": 988.045, "Actual Rows": 60021, "Actual Loops": 1, "Inner Unique": false, "Plans": [{"Node Type": "Seq Scan", "Parent Relationship": "Outer", "Relation Name": "part", "Alias": "part", "Startup Cost": 0.0, "Total Cost": 71944.0, "Plan Rows": 2001, "Plan Width": 8, "Actual Startup Time": 0.368, "Actual Total Time": 794.914, "Actual Rows": 2003, "Actual Loops": 1, "Filter": "((p_brand = 'Brand#44'::bpchar) AND (p_container = 'WRAP PKG'::bpchar))", "Rows Removed by Filter": 1997997}, {"Node Type": "Index Scan", "Parent Relationship": "Inner", "Scan Direction": "Forward", "Index Name": "idx_lineitem_part_supp", "Relation Name": "lineitem", "Alias": "lineitem", "Startup Cost": 0.0, "Total Cost": 28.26, "Plan Rows": 6, "Plan Width": 16, "Actual Startup Time": 25.038, "Actual Total Time": 178.698, "Actual Rows": 60021, "Actual Loops": 2003, "Index Cond": "(l_partkey = public.part.p_partkey)", "Rows Removed by Index Recheck": 0}]}]}, {"Node Type": "Index Scan", "Parent Relationship": "Inner", "Scan Direction": "Forward", "Index Name": "part_kpey", "Relation Name": "part", "Alias": "part", "Startup Cost": 0.0, "Total Cost": 6.08, "Plan Rows": 1, "Plan Width": 8, "Actual Startup Time": 18.14, "Actual Total Time": 18.14, "Actual Rows": 2003, "Actual Loops": 2003, "Index Cond": "(p_partkey = public.lineitem.l_partkey)", "Rows Removed by Index Recheck": 0, "Filter": "((p_brand = 'Brand#44'::bpchar) AND (p_container = 'WRAP PKG'::bpchar))", "Rows Removed by Filter": 0}]}, {"Node Type": "Index Scan", "Parent Relationship": "Inner", "Scan Direction": "Forward", "Index Name": "idx_lineitem_part_supp", "Relation Name": "lineitem", "Alias": "lineitem", "Startup Cost": 0.0, "Total Cost": 27.78, "Plan Rows": 2, "Plan Width": 24, "Actual Startup Time": 74.664, "Actual Total Time": 183.579, "Actual Rows": 5403, "Actual Loops": 2003, "Index Cond": "(l_partkey = public.lineitem.l_partkey)", "Rows Removed by Index Recheck": 0, "Filter": "(l_quantity < (.2::double precision * (avg(public.lineitem.l_quantity))))", "Rows Removed by Filter": 54618}]}]}, "Triggers": [], "Planner Runtime": 1.459, "Total Runtime": 1237.93, "Unique SQL Id": 1080450481}}, "(64, 13)": {"explain_plan": {"Plan": {"Node Type": "Aggregate", "Strategy": "Plain", "Startup Cost": 247183.87, "Total Cost": 247183.88, "Plan Rows": 1, "Plan Width": 16, "Plans": [{"Node Type": "Nested Loop", "Parent Relationship": "Outer", "Join Type": "Inner", "Startup Cost": 0.0, "Total Cost": 247181.85, "Plan Rows": 806, "Plan Width": 8, "Inner Unique": false, "Plans": [{"Node Type": "Nested Loop", "Parent Relationship": "Outer", "Join Type": "Inner", "Startup Cost": 0.0, "Total Cost": 235005.8, "Plan Rows": 438, "Plan Width": 24, "Inner Unique": true, "Plans": [{"Node Type": "Aggregate", "Strategy": "Sorted", "Parent Relationship": "Outer", "Startup Cost": 0.0, "Total Cost": 167743.36, "Plan Rows": 11032, "Plan Width": 80, "Group By Key": ["public.lineitem.l_partkey"], "Plans": [{"Node Type": "Nested Loop", "Parent Relationship": "Outer", "Join Type": "Inner", "Startup Cost": 0.0, "Total Cost": 167467.56, "Plan Rows": 11032, "Plan Width": 16, "Inner Unique": false, "Plans": [{"Node Type": "Index Scan", "Parent Relationship": "Outer", "Scan Direction": "Forward", "Index Name": "part_kpey", "Relation Name": "part", "Alias": "part", "Startup Cost": 0.0, "Total Cost": 110803.25, "Plan Rows": 2001, "Plan Width": 8, "Filter": "((p_brand = 'Brand#44'::bpchar) AND (p_container = 'WRAP PKG'::bpchar))"}, {"Node Type": "Index Scan", "Parent Relationship": "Inner", "Scan Direction": "Forward", "Index Name": "idx_lineitem_part_supp", "Relation Name": "lineitem", "Alias": "lineitem", "Startup Cost": 0.0, "Total Cost": 28.26, "Plan Rows": 6, "Plan Width": 16, "Index Cond": "(l_partkey = public.part.p_partkey)"}]}]}, {"Node Type": "Index Scan", "Parent Relationship": "Inner", "Scan Direction": "Forward", "Index Name": "part_kpey", "Relation Name": "part", "Alias": "part", "Startup Cost": 0.0, "Total Cost": 6.08, "Plan Rows": 1, "Plan Width": 8, "Index Cond": "(p_partkey = public.lineitem.l_partkey)", "Filter": "((p_brand = 'Brand#44'::bpchar) AND (p_container = 'WRAP PKG'::bpchar))"}]}, {"Node Type": "Index Scan", "Parent Relationship": "Inner", "Scan Direction": "Forward", "Index Name": "idx_lineitem_part_supp", "Relation Name": "lineitem", "Alias": "lineitem", "Startup Cost": 0.0, "Total Cost": 27.78, "Plan Rows": 2, "Plan Width": 24, "Index Cond": "(l_partkey = public.lineitem.l_partkey)", "Filter": "(l_quantity < (.2::double precision * (avg(public.lineitem.l_quantity))))"}]}]}, "Unique SQL Id": 1080450481}, "explain_analyze_plan": {"Plan": {"Node Type": "Aggregate", "Strategy": "Plain", "Startup Cost": 247183.87, "Total Cost": 247183.88, "Plan Rows": 1, "Plan Width": 16, "Actual Startup Time": 1786.581, "Actual Total Time": 1786.581, "Actual Rows": 1, "Actual Loops": 1, "Plans": [{"Node Type": "Nested Loop", "Parent Relationship": "Outer", "Join Type": "Inner", "Startup Cost": 0.0, "Total Cost": 247181.85, "Plan Rows": 806, "Plan Width": 8, "Actual Startup Time": 2.095, "Actual Total Time": 1785.363, "Actual Rows": 5403, "Actual Loops": 1, "Inner Unique": false, "Plans": [{"Node Type": "Nested Loop", "Parent Relationship": "Outer", "Join Type": "Inner", "Startup Cost": 0.0, "Total Cost": 235005.8, "Plan Rows": 438, "Plan Width": 24, "Actual Startup Time": 2.05, "Actual Total Time": 1705.146, "Actual Rows": 2003, "Actual Loops": 1, "Inner Unique": true, "Plans": [{"Node Type": "Aggregate", "Strategy": "Sorted", "Parent Relationship": "Outer", "Startup Cost": 0.0, "Total Cost": 167743.36, "Plan Rows": 11032, "Plan Width": 80, "Actual Startup Time": 2.039, "Actual Total Time": 1693.01, "Actual Rows": 2003, "Actual Loops": 1, "Group By Key": ["public.lineitem.l_partkey"], "Plans": [{"Node Type": "Nested Loop", "Parent Relationship": "Outer", "Join Type": "Inner", "Startup Cost": 0.0, "Total Cost": 167467.56, "Plan Rows": 11032, "Plan Width": 16, "Actual Startup Time": 0.668, "Actual Total Time": 1660.016, "Actual Rows": 60021, "Actual Loops": 1, "Inner Unique": false, "Plans": [{"Node Type": "Index Scan", "Parent Relationship": "Outer", "Scan Direction": "Forward", "Index Name": "part_kpey", "Relation Name": "part", "Alias": "part", "Startup Cost": 0.0, "Total Cost": 110803.25, "Plan Rows": 2001, "Plan Width": 8, "Actual Startup Time": 0.649, "Actual Total Time": 1460.778, "Actual Rows": 2003, "Actual Loops": 1, "Filter": "((p_brand = 'Brand#44'::bpchar) AND (p_container = 'WRAP PKG'::bpchar))", "Rows Removed by Filter": 1997997}, {"Node Type": "Index Scan", "Parent Relationship": "Inner", "Scan Direction": "Forward", "Index Name": "idx_lineitem_part_supp", "Relation Name": "lineitem", "Alias": "lineitem", "Startup Cost": 0.0, "Total Cost": 28.26, "Plan Rows": 6, "Plan Width": 16, "Actual Startup Time": 23.917, "Actual Total Time": 183.588, "Actual Rows": 60021, "Actual Loops": 2003, "Index Cond": "(l_partkey = public.part.p_partkey)", "Rows Removed by Index Recheck": 0}]}]}, {"Node Type": "Index Scan", "Parent Relationship": "Inner", "Scan Direction": "Forward", "Index Name": "part_kpey", "Relation Name": "part", "Alias": "part", "Startup Cost": 0.0, "Total Cost": 6.08, "Plan Rows": 1, "Plan Width": 8, "Actual Startup Time": 9.552, "Actual Total Time": 9.552, "Actual Rows": 2003, "Actual Loops": 2003, "Index Cond": "(p_partkey = public.lineitem.l_partkey)", "Rows Removed by Index Recheck": 0, "Filter": "((p_brand = 'Brand#44'::bpchar) AND (p_container = 'WRAP PKG'::bpchar))", "Rows Removed by Filter": 0}]}, {"Node Type": "Index Scan", "Parent Relationship": "Inner", "Scan Direction": "Forward", "Index Name": "idx_lineitem_part_supp", "Relation Name": "lineitem", "Alias": "lineitem", "Startup Cost": 0.0, "Total Cost": 27.78, "Plan Rows": 2, "Plan Width": 24, "Actual Startup Time": 33.922, "Actual Total Time": 77.009, "Actual Rows": 5403, "Actual Loops": 2003, "Index Cond": "(l_partkey = public.lineitem.l_partkey)", "Rows Removed by Index Recheck": 0, "Filter": "(l_quantity < (.2::double precision * (avg(public.lineitem.l_quantity))))", "Rows Removed by Filter": 54618}]}]}, "Triggers": [], "Planner Runtime": 1.403, "Total Runtime": 1786.803, "Unique SQL Id": 1080450481}}, "(64, 14)": {"explain_plan": {"Plan": {"Node Type": "Aggregate", "Strategy": "Plain", "Startup Cost": 4549973.98, "Total Cost": 4549974.0, "Plan Rows": 1, "Plan Width": 16, "Plans": [{"Node Type": "Hash Join", "Parent Relationship": "Outer", "Join Type": "Inner", "Startup Cost": 2309655.28, "Total Cost": 4549971.97, "Plan Rows": 806, "Plan Width": 8, "Inner Unique": true, "Hash Cond": "(public.part.p_partkey = subquery.\"?column?\")", "Join Filter": "(public.lineitem.l_quantity < (.2::double precision * subquery.\"?column?\"))", "Plans": [{"Node Type": "Hash Join", "Parent Relationship": "Outer", "Join Type": "Inner", "Startup Cost": 71969.01, "Total Cost": 2312146.04, "Plan Rows": 11032, "Plan Width": 32, "Inner Unique": true, "Hash Cond": "(public.lineitem.l_partkey = public.part.p_partkey)", "Plans": [{"Node Type": "Seq Scan", "Parent Relationship": "Outer", "Relation Name": "lineitem", "Alias": "lineitem", "Startup Cost": 0.0, "Total Cost": 2015115.33, "Plan Rows": 59987033, "Plan Width": 24}, {"Node Type": "Hash", "Parent Relationship": "Inner", "Startup Cost": 71944.0, "Total Cost": 71944.0, "Plan Rows": 2001, "Plan Width": 8, "Plans": [{"Node Type": "Seq Scan", "Parent Relationship": "Outer", "Relation Name": "part", "Alias": "part", "Startup Cost": 0.0, "Total Cost": 71944.0, "Plan Rows": 2001, "Plan Width": 8, "Filter": "((p_brand = 'Brand#44'::bpchar) AND (p_container = 'WRAP PKG'::bpchar))"}]}]}, {"Node Type": "Hash", "Parent Relationship": "Inner", "Startup Cost": 2237548.37, "Total Cost": 2237548.37, "Plan Rows": 11032, "Plan Width": 16, "Plans": [{"Node Type": "Subquery Scan", "Parent Relationship": "Outer", "Alias": "subquery", "Startup Cost": 2237244.99, "Total Cost": 2237548.37, "Plan Rows": 11032, "Plan Width": 16, "Plans": [{"Node Type": "Aggregate", "Strategy": "Hashed", "Parent Relationship": "Subquery", "Startup Cost": 2237244.99, "Total Cost": 2237438.05, "Plan Rows": 11032, "Plan Width": 16, "Group By Key": ["public.lineitem.l_partkey"], "Plans": [{"Node Type": "Hash Join", "Parent Relationship": "Outer", "Join Type": "Inner", "Startup Cost": 71969.01, "Total Cost": 2237162.25, "Plan Rows": 11032, "Plan Width": 16, "Inner Unique": true, "Hash Cond": "(public.lineitem.l_partkey = public.part.p_partkey)", "Plans": [{"Node Type": "Seq Scan", "Parent Relationship": "Outer", "Relation Name": "lineitem", "Alias": "lineitem", "Startup Cost": 0.0, "Total Cost": 2015115.33, "Plan Rows": 59987033, "Plan Width": 16}, {"Node Type": "Hash", "Parent Relationship": "Inner", "Startup Cost": 71944.0, "Total Cost": 71944.0, "Plan Rows": 2001, "Plan Width": 8, "Plans": [{"Node Type": "Seq Scan", "Parent Relationship": "Outer", "Relation Name": "part", "Alias": "part", "Startup Cost": 0.0, "Total Cost": 71944.0, "Plan Rows": 2001, "Plan Width": 8, "Filter": "((p_brand = 'Brand#44'::bpchar) AND (p_container = 'WRAP PKG'::bpchar))"}]}]}]}]}]}]}]}, "Unique SQL Id": 1080450481}, "explain_analyze_plan": null}, "(64, 15)": {"explain_plan": {"Plan": {"Node Type": "Aggregate", "Strategy": "Plain", "Startup Cost": 4001573244062.54, "Total Cost": 4001573244062.55, "Plan Rows": 1, "Plan Width": 16, "Plans": [{"Node Type": "Merge Join", "Parent Relationship": "Outer", "Join Type": "Inner", "Startup Cost": 40000000000.0, "Total Cost": 4001573244060.52, "Plan Rows": 806, "Plan Width": 8, "Inner Unique": true, "Merge Cond": "(public.part.p_partkey = public.lineitem.l_partkey)", "Join Filter": "(public.lineitem.l_quantity < (.2::double precision * (avg(public.lineitem.l_quantity))))", "Plans": [{"Node Type": "Merge Join", "Parent Relationship": "Outer", "Join Type": "Inner", "Startup Cost": 20000000000.0, "Total Cost": 2000786621777.7, "Plan Rows": 11032, "Plan Width": 32, "Inner Unique": true, "Merge Cond": "(public.lineitem.l_partkey = public.part.p_partkey)", "Plans": [{"Node Type": "Index Scan", "Parent Relationship": "Outer", "Scan Direction": "Forward", "Index Name": "idx_lineitem_part_supp", "Relation Name": "lineitem", "Alias": "lineitem", "Startup Cost": 10000000000.0, "Total Cost": 1000775391319.64, "Plan Rows": 59987033, "Plan Width": 24}, {"Node Type": "Materialize", "Parent Relationship": "Inner", "Startup Cost": 10000000000.0, "Total Cost": 1000011080330.0, "Plan Rows": 2001, "Plan Width": 8, "Plans": [{"Node Type": "Index Scan", "Parent Relationship": "Outer", "Scan Direction": "Forward", "Index Name": "part_kpey", "Relation Name": "part", "Alias": "part", "Startup Cost": 10000000000.0, "Total Cost": 1000011080325.0, "Plan Rows": 2001, "Plan Width": 8, "Filter": "((p_brand = 'Brand#44'::bpchar) AND (p_container = 'WRAP PKG'::bpchar))"}]}]}, {"Node Type": "Materialize", "Parent Relationship": "Inner", "Startup Cost": 20000000000.0, "Total Cost": 2000786622191.4, "Plan Rows": 11032, "Plan Width": 16, "Plans": [{"Node Type": "Aggregate", "Strategy": "Sorted", "Parent Relationship": "Outer", "Startup Cost": 20000000000.0, "Total Cost": 2000786622053.5, "Plan Rows": 11032, "Plan Width": 80, "Group By Key": ["public.lineitem.l_partkey"], "Plans": [{"Node Type": "Merge Join", "Parent Relationship": "Outer", "Join Type": "Semi", "Startup Cost": 20000000000.0, "Total Cost": 2000786621777.7, "Plan Rows": 11032, "Plan Width": 16, "Inner Unique": false, "Merge Cond": "(public.lineitem.l_partkey = public.part.p_partkey)", "Plans": [{"Node Type": "Index Scan", "Parent Relationship": "Outer", "Scan Direction": "Forward", "Index Name": "idx_lineitem_part_supp", "Relation Name": "lineitem", "Alias": "lineitem", "Startup Cost": 10000000000.0, "Total Cost": 1000775391319.64, "Plan Rows": 59987033, "Plan Width": 16}, {"Node Type": "Materialize", "Parent Relationship": "Inner", "Startup Cost": 10000000000.0, "Total Cost": 1000011080330.0, "Plan Rows": 2001, "Plan Width": 8, "Plans": [{"Node Type": "Index Scan", "Parent Relationship": "Outer", "Scan Direction": "Forward", "Index Name": "part_kpey", "Relation Name": "part", "Alias": "part", "Startup Cost": 10000000000.0, "Total Cost": 1000011080325.0, "Plan Rows": 2001, "Plan Width": 8, "Filter": "((p_brand = 'Brand#44'::bpchar) AND (p_container = 'WRAP PKG'::bpchar))"}]}]}]}]}]}]}, "Unique SQL Id": 1080450481}, "explain_analyze_plan": null}, "(64, 16)": {"explain_plan": {"Plan": {"Node Type": "Aggregate", "Strategy": "Plain", "Startup Cost": 208324.62, "Total Cost": 208324.63, "Plan Rows": 1, "Plan Width": 16, "Plans": [{"Node Type": "Nested Loop", "Parent Relationship": "Outer", "Join Type": "Inner", "Startup Cost": 128691.05, "Total Cost": 208322.6, "Plan Rows": 806, "Plan Width": 8, "Inner Unique": false, "Plans": [{"Node Type": "Nested Loop", "Parent Relationship": "Outer", "Join Type": "Inner", "Startup Cost": 128691.05, "Total Cost": 196146.55, "Plan Rows": 438, "Plan Width": 24, "Inner Unique": true, "Plans": [{"Node Type": "Aggregate", "Strategy": "Hashed", "Parent Relationship": "Outer", "Startup Cost": 128691.05, "Total Cost": 128884.11, "Plan Rows": 11032, "Plan Width": 16, "Group By Key": ["public.lineitem.l_partkey"], "Plans": [{"Node Type": "Nested Loop", "Parent Relationship": "Outer", "Join Type": "Inner", "Startup Cost": 0.0, "Total Cost": 128608.31, "Plan Rows": 11032, "Plan Width": 16, "Inner Unique": false, "Plans": [{"Node Type": "Seq Scan", "Parent Relationship": "Outer", "Relation Name": "part", "Alias": "part", "Startup Cost": 0.0, "Total Cost": 71944.0, "Plan Rows": 2001, "Plan Width": 8, "Filter": "((p_brand = 'Brand#44'::bpchar) AND (p_container = 'WRAP PKG'::bpchar))"}, {"Node Type": "Index Scan", "Parent Relationship": "Inner", "Scan Direction": "Forward", "Index Name": "idx_lineitem_part_supp", "Relation Name": "lineitem", "Alias": "lineitem", "Startup Cost": 0.0, "Total Cost": 28.26, "Plan Rows": 6, "Plan Width": 16, "Index Cond": "(l_partkey = public.part.p_partkey)"}]}]}, {"Node Type": "Index Scan", "Parent Relationship": "Inner", "Scan Direction": "Forward", "Index Name": "part_kpey", "Relation Name": "part", "Alias": "part", "Startup Cost": 0.0, "Total Cost": 6.08, "Plan Rows": 1, "Plan Width": 8, "Index Cond": "(p_partkey = public.lineitem.l_partkey)", "Filter": "((p_brand = 'Brand#44'::bpchar) AND (p_container = 'WRAP PKG'::bpchar))"}]}, {"Node Type": "Index Scan", "Parent Relationship": "Inner", "Scan Direction": "Forward", "Index Name": "idx_lineitem_part_supp", "Relation Name": "lineitem", "Alias": "lineitem", "Startup Cost": 0.0, "Total Cost": 27.78, "Plan Rows": 2, "Plan Width": 24, "Index Cond": "(l_partkey = public.lineitem.l_partkey)", "Filter": "(l_quantity < (.2::double precision * (avg(public.lineitem.l_quantity))))"}]}]}, "Unique SQL Id": 1080450481}, "explain_analyze_plan": {"Plan": {"Node Type": "Aggregate", "Strategy": "Plain", "Startup Cost": 208324.62, "Total Cost": 208324.63, "Plan Rows": 1, "Plan Width": 16, "Actual Startup Time": 1237.71, "Actual Total Time": 1237.71, "Actual Rows": 1, "Actual Loops": 1, "Plans": [{"Node Type": "Nested Loop", "Parent Relationship": "Outer", "Join Type": "Inner", "Startup Cost": 128691.05, "Total Cost": 208322.6, "Plan Rows": 806, "Plan Width": 8, "Actual Startup Time": 1029.199, "Actual Total Time": 1236.739, "Actual Rows": 5403, "Actual Loops": 1, "Inner Unique": false, "Plans": [{"Node Type": "Nested Loop", "Parent Relationship": "Outer", "Join Type": "Inner", "Startup Cost": 128691.05, "Total Cost": 196146.55, "Plan Rows": 438, "Plan Width": 24, "Actual Startup Time": 1029.156, "Actual Total Time": 1050.822, "Actual Rows": 2003, "Actual Loops": 1, "Inner Unique": true, "Plans": [{"Node Type": "Aggregate", "Strategy": "Hashed", "Parent Relationship": "Outer", "Startup Cost": 128691.05, "Total Cost": 128884.11, "Plan Rows": 11032, "Plan Width": 16, "Actual Startup Time": 1029.115, "Actual Total Time": 1030.893, "Actual Rows": 2003, "Actual Loops": 1, "Group By Key": ["public.lineitem.l_partkey"], "Plans": [{"Node Type": "Nested Loop", "Parent Relationship": "Outer", "Join Type": "Inner", "Startup Cost": 0.0, "Total Cost": 128608.31, "Plan Rows": 11032, "Plan Width": 16, "Actual Startup Time": 0.391, "Actual Total Time": 988.045, "Actual Rows": 60021, "Actual Loops": 1, "Inner Unique": false, "Plans": [{"Node Type": "Seq Scan", "Parent Relationship": "Outer", "Relation Name": "part", "Alias": "part", "Startup Cost": 0.0, "Total Cost": 71944.0, "Plan Rows": 2001, "Plan Width": 8, "Actual Startup Time": 0.368, "Actual Total Time": 794.914, "Actual Rows": 2003, "Actual Loops": 1, "Filter": "((p_brand = 'Brand#44'::bpchar) AND (p_container = 'WRAP PKG'::bpchar))", "Rows Removed by Filter": 1997997}, {"Node Type": "Index Scan", "Parent Relationship": "Inner", "Scan Direction": "Forward", "Index Name": "idx_lineitem_part_supp", "Relation Name": "lineitem", "Alias": "lineitem", "Startup Cost": 0.0, "Total Cost": 28.26, "Plan Rows": 6, "Plan Width": 16, "Actual Startup Time": 25.038, "Actual Total Time": 178.698, "Actual Rows": 60021, "Actual Loops": 2003, "Index Cond": "(l_partkey = public.part.p_partkey)", "Rows Removed by Index Recheck": 0}]}]}, {"Node Type": "Index Scan", "Parent Relationship": "Inner", "Scan Direction": "Forward", "Index Name": "part_kpey", "Relation Name": "part", "Alias": "part", "Startup Cost": 0.0, "Total Cost": 6.08, "Plan Rows": 1, "Plan Width": 8, "Actual Startup Time": 18.14, "Actual Total Time": 18.14, "Actual Rows": 2003, "Actual Loops": 2003, "Index Cond": "(p_partkey = public.lineitem.l_partkey)", "Rows Removed by Index Recheck": 0, "Filter": "((p_brand = 'Brand#44'::bpchar) AND (p_container = 'WRAP PKG'::bpchar))", "Rows Removed by Filter": 0}]}, {"Node Type": "Index Scan", "Parent Relationship": "Inner", "Scan Direction": "Forward", "Index Name": "idx_lineitem_part_supp", "Relation Name": "lineitem", "Alias": "lineitem", "Startup Cost": 0.0, "Total Cost": 27.78, "Plan Rows": 2, "Plan Width": 24, "Actual Startup Time": 74.664, "Actual Total Time": 183.579, "Actual Rows": 5403, "Actual Loops": 2003, "Index Cond": "(l_partkey = public.lineitem.l_partkey)", "Rows Removed by Index Recheck": 0, "Filter": "(l_quantity < (.2::double precision * (avg(public.lineitem.l_quantity))))", "Rows Removed by Filter": 54618}]}]}, "Triggers": [], "Planner Runtime": 1.459, "Total Runtime": 1237.93, "Unique SQL Id": 1080450481}}, "(64, 17)": {"explain_plan": {"Plan": {"Node Type": "Aggregate", "Strategy": "Plain", "Startup Cost": 247183.87, "Total Cost": 247183.88, "Plan Rows": 1, "Plan Width": 16, "Plans": [{"Node Type": "Nested Loop", "Parent Relationship": "Outer", "Join Type": "Inner", "Startup Cost": 0.0, "Total Cost": 247181.85, "Plan Rows": 806, "Plan Width": 8, "Inner Unique": false, "Plans": [{"Node Type": "Nested Loop", "Parent Relationship": "Outer", "Join Type": "Inner", "Startup Cost": 0.0, "Total Cost": 235005.8, "Plan Rows": 438, "Plan Width": 24, "Inner Unique": true, "Plans": [{"Node Type": "Aggregate", "Strategy": "Sorted", "Parent Relationship": "Outer", "Startup Cost": 0.0, "Total Cost": 167743.36, "Plan Rows": 11032, "Plan Width": 80, "Group By Key": ["public.lineitem.l_partkey"], "Plans": [{"Node Type": "Nested Loop", "Parent Relationship": "Outer", "Join Type": "Inner", "Startup Cost": 0.0, "Total Cost": 167467.56, "Plan Rows": 11032, "Plan Width": 16, "Inner Unique": false, "Plans": [{"Node Type": "Index Scan", "Parent Relationship": "Outer", "Scan Direction": "Forward", "Index Name": "part_kpey", "Relation Name": "part", "Alias": "part", "Startup Cost": 0.0, "Total Cost": 110803.25, "Plan Rows": 2001, "Plan Width": 8, "Filter": "((p_brand = 'Brand#44'::bpchar) AND (p_container = 'WRAP PKG'::bpchar))"}, {"Node Type": "Index Scan", "Parent Relationship": "Inner", "Scan Direction": "Forward", "Index Name": "idx_lineitem_part_supp", "Relation Name": "lineitem", "Alias": "lineitem", "Startup Cost": 0.0, "Total Cost": 28.26, "Plan Rows": 6, "Plan Width": 16, "Index Cond": "(l_partkey = public.part.p_partkey)"}]}]}, {"Node Type": "Index Scan", "Parent Relationship": "Inner", "Scan Direction": "Forward", "Index Name": "part_kpey", "Relation Name": "part", "Alias": "part", "Startup Cost": 0.0, "Total Cost": 6.08, "Plan Rows": 1, "Plan Width": 8, "Index Cond": "(p_partkey = public.lineitem.l_partkey)", "Filter": "((p_brand = 'Brand#44'::bpchar) AND (p_container = 'WRAP PKG'::bpchar))"}]}, {"Node Type": "Index Scan", "Parent Relationship": "Inner", "Scan Direction": "Forward", "Index Name": "idx_lineitem_part_supp", "Relation Name": "lineitem", "Alias": "lineitem", "Startup Cost": 0.0, "Total Cost": 27.78, "Plan Rows": 2, "Plan Width": 24, "Index Cond": "(l_partkey = public.lineitem.l_partkey)", "Filter": "(l_quantity < (.2::double precision * (avg(public.lineitem.l_quantity))))"}]}]}, "Unique SQL Id": 1080450481}, "explain_analyze_plan": {"Plan": {"Node Type": "Aggregate", "Strategy": "Plain", "Startup Cost": 247183.87, "Total Cost": 247183.88, "Plan Rows": 1, "Plan Width": 16, "Actual Startup Time": 1786.581, "Actual Total Time": 1786.581, "Actual Rows": 1, "Actual Loops": 1, "Plans": [{"Node Type": "Nested Loop", "Parent Relationship": "Outer", "Join Type": "Inner", "Startup Cost": 0.0, "Total Cost": 247181.85, "Plan Rows": 806, "Plan Width": 8, "Actual Startup Time": 2.095, "Actual Total Time": 1785.363, "Actual Rows": 5403, "Actual Loops": 1, "Inner Unique": false, "Plans": [{"Node Type": "Nested Loop", "Parent Relationship": "Outer", "Join Type": "Inner", "Startup Cost": 0.0, "Total Cost": 235005.8, "Plan Rows": 438, "Plan Width": 24, "Actual Startup Time": 2.05, "Actual Total Time": 1705.146, "Actual Rows": 2003, "Actual Loops": 1, "Inner Unique": true, "Plans": [{"Node Type": "Aggregate", "Strategy": "Sorted", "Parent Relationship": "Outer", "Startup Cost": 0.0, "Total Cost": 167743.36, "Plan Rows": 11032, "Plan Width": 80, "Actual Startup Time": 2.039, "Actual Total Time": 1693.01, "Actual Rows": 2003, "Actual Loops": 1, "Group By Key": ["public.lineitem.l_partkey"], "Plans": [{"Node Type": "Nested Loop", "Parent Relationship": "Outer", "Join Type": "Inner", "Startup Cost": 0.0, "Total Cost": 167467.56, "Plan Rows": 11032, "Plan Width": 16, "Actual Startup Time": 0.668, "Actual Total Time": 1660.016, "Actual Rows": 60021, "Actual Loops": 1, "Inner Unique": false, "Plans": [{"Node Type": "Index Scan", "Parent Relationship": "Outer", "Scan Direction": "Forward", "Index Name": "part_kpey", "Relation Name": "part", "Alias": "part", "Startup Cost": 0.0, "Total Cost": 110803.25, "Plan Rows": 2001, "Plan Width": 8, "Actual Startup Time": 0.649, "Actual Total Time": 1460.778, "Actual Rows": 2003, "Actual Loops": 1, "Filter": "((p_brand = 'Brand#44'::bpchar) AND (p_container = 'WRAP PKG'::bpchar))", "Rows Removed by Filter": 1997997}, {"Node Type": "Index Scan", "Parent Relationship": "Inner", "Scan Direction": "Forward", "Index Name": "idx_lineitem_part_supp", "Relation Name": "lineitem", "Alias": "lineitem", "Startup Cost": 0.0, "Total Cost": 28.26, "Plan Rows": 6, "Plan Width": 16, "Actual Startup Time": 23.917, "Actual Total Time": 183.588, "Actual Rows": 60021, "Actual Loops": 2003, "Index Cond": "(l_partkey = public.part.p_partkey)", "Rows Removed by Index Recheck": 0}]}]}, {"Node Type": "Index Scan", "Parent Relationship": "Inner", "Scan Direction": "Forward", "Index Name": "part_kpey", "Relation Name": "part", "Alias": "part", "Startup Cost": 0.0, "Total Cost": 6.08, "Plan Rows": 1, "Plan Width": 8, "Actual Startup Time": 9.552, "Actual Total Time": 9.552, "Actual Rows": 2003, "Actual Loops": 2003, "Index Cond": "(p_partkey = public.lineitem.l_partkey)", "Rows Removed by Index Recheck": 0, "Filter": "((p_brand = 'Brand#44'::bpchar) AND (p_container = 'WRAP PKG'::bpchar))", "Rows Removed by Filter": 0}]}, {"Node Type": "Index Scan", "Parent Relationship": "Inner", "Scan Direction": "Forward", "Index Name": "idx_lineitem_part_supp", "Relation Name": "lineitem", "Alias": "lineitem", "Startup Cost": 0.0, "Total Cost": 27.78, "Plan Rows": 2, "Plan Width": 24, "Actual Startup Time": 33.922, "Actual Total Time": 77.009, "Actual Rows": 5403, "Actual Loops": 2003, "Index Cond": "(l_partkey = public.lineitem.l_partkey)", "Rows Removed by Index Recheck": 0, "Filter": "(l_quantity < (.2::double precision * (avg(public.lineitem.l_quantity))))", "Rows Removed by Filter": 54618}]}]}, "Triggers": [], "Planner Runtime": 1.403, "Total Runtime": 1786.803, "Unique SQL Id": 1080450481}}, "(64, 18)": {"explain_plan": {"Plan": {"Node Type": "Aggregate", "Strategy": "Plain", "Startup Cost": 213808.47, "Total Cost": 213808.48, "Plan Rows": 1, "Plan Width": 16, "Plans": [{"Node Type": "Nested Loop", "Parent Relationship": "Outer", "Join Type": "Inner", "Startup Cost": 128826.76, "Total Cost": 213806.45, "Plan Rows": 806, "Plan Width": 8, "Inner Unique": false, "Plans": [{"Node Type": "Nested Loop", "Parent Relationship": "Outer", "Join Type": "Inner", "Startup Cost": 128822.53, "Total Cost": 201406.27, "Plan Rows": 438, "Plan Width": 24, "Inner Unique": true, "Plans": [{"Node Type": "Aggregate", "Strategy": "Hashed", "Parent Relationship": "Outer", "Startup Cost": 128820.01, "Total Cost": 129013.07, "Plan Rows": 11032, "Plan Width": 16, "Group By Key": ["public.lineitem.l_partkey"], "Plans": [{"Node Type": "Nested Loop", "Parent Relationship": "Outer", "Join Type": "Inner", "Startup Cost": 4.28, "Total Cost": 128737.27, "Plan Rows": 11032, "Plan Width": 16, "Inner Unique": false, "Plans": [{"Node Type": "Seq Scan", "Parent Relationship": "Outer", "Relation Name": "part", "Alias": "part", "Startup Cost": 0.0, "Total Cost": 71944.0, "Plan Rows": 2001, "Plan Width": 8, "Filter": "((p_brand = 'Brand#44'::bpchar) AND (p_container = 'WRAP PKG'::bpchar))"}, {"Node Type": "Bitmap Heap Scan", "Parent Relationship": "Inner", "Relation Name": "lineitem", "Alias": "lineitem", "Startup Cost": 4.28, "Total Cost": 28.32, "Plan Rows": 6, "Plan Width": 16, "Recheck Cond": "(l_partkey = public.part.p_partkey)", "Plans": [{"Node Type": "Bitmap Index Scan", "Parent Relationship": "Outer", "Index Name": "idx_lineitem_part_supp", "Startup Cost": 0.0, "Total Cost": 4.28, "Plan Rows": 6, "Plan Width": 0, "Index Cond": "(l_partkey = public.part.p_partkey)"}]}]}]}, {"Node Type": "Bitmap Heap Scan", "Parent Relationship": "Inner", "Relation Name": "part", "Alias": "part", "Startup Cost": 2.52, "Total Cost": 6.54, "Plan Rows": 1, "Plan Width": 8, "Recheck Cond": "(p_partkey = public.lineitem.l_partkey)", "Filter": "((p_brand = 'Brand#44'::bpchar) AND (p_container = 'WRAP PKG'::bpchar))", "Plans": [{"Node Type": "Bitmap Index Scan", "Parent Relationship": "Outer", "Index Name": "part_kpey", "Startup Cost": 0.0, "Total Cost": 2.52, "Plan Rows": 1, "Plan Width": 0, "Index Cond": "(p_partkey = public.lineitem.l_partkey)"}]}]}, {"Node Type": "Bitmap Heap Scan", "Parent Relationship": "Inner", "Relation Name": "lineitem", "Alias": "lineitem", "Startup Cost": 4.22, "Total Cost": 28.29, "Plan Rows": 2, "Plan Width": 24, "Recheck Cond": "(l_partkey = public.lineitem.l_partkey)", "Filter": "(l_quantity < (.2::double precision * (avg(public.lineitem.l_quantity))))", "Plans": [{"Node Type": "Bitmap Index Scan", "Parent Relationship": "Outer", "Index Name": "idx_lineitem_part_supp", "Startup Cost": 0.0, "Total Cost": 4.22, "Plan Rows": 6, "Plan Width": 0, "Index Cond": "(l_partkey = public.lineitem.l_partkey)"}]}]}]}, "Unique SQL Id": 1080450481}, "explain_analyze_plan": {"Plan": {"Node Type": "Aggregate", "Strategy": "Plain", "Startup Cost": 213808.47, "Total Cost": 213808.48, "Plan Rows": 1, "Plan Width": 16, "Actual Startup Time": 1279.19, "Actual Total Time": 1279.19, "Actual Rows": 1, "Actual Loops": 1, "Plans": [{"Node Type": "Nested Loop", "Parent Relationship": "Outer", "Join Type": "Inner", "Startup Cost": 128826.76, "Total Cost": 213806.45, "Plan Rows": 806, "Plan Width": 8, "Actual Startup Time": 1037.423, "Actual Total Time": 1278.124, "Actual Rows": 5403, "Actual Loops": 1, "Inner Unique": false, "Plans": [{"Node Type": "Nested Loop", "Parent Relationship": "Outer", "Join Type": "Inner", "Startup Cost": 128822.53, "Total Cost": 201406.27, "Plan Rows": 438, "Plan Width": 24, "Actual Startup Time": 1037.36, "Actual Total Time": 1063.781, "Actual Rows": 2003, "Actual Loops": 1, "Inner Unique": true, "Plans": [{"Node Type": "Aggregate", "Strategy": "Hashed", "Parent Relationship": "Outer", "Startup Cost": 128820.01, "Total Cost": 129013.07, "Plan Rows": 11032, "Plan Width": 16, "Actual Startup Time": 1037.311, "Actual Total Time": 1039.347, "Actual Rows": 2003, "Actual Loops": 1, "Group By Key": ["public.lineitem.l_partkey"], "Plans": [{"Node Type": "Nested Loop", "Parent Relationship": "Outer", "Join Type": "Inner", "Startup Cost": 4.28, "Total Cost": 128737.27, "Plan Rows": 11032, "Plan Width": 16, "Actual Startup Time": 0.394, "Actual Total Time": 996.431, "Actual Rows": 60021, "Actual Loops": 1, "Inner Unique": false, "Plans": [{"Node Type": "Seq Scan", "Parent Relationship": "Outer", "Relation Name": "part", "Alias": "part", "Startup Cost": 0.0, "Total Cost": 71944.0, "Plan Rows": 2001, "Plan Width": 8, "Actual Startup Time": 0.348, "Actual Total Time": 778.551, "Actual Rows": 2003, "Actual Loops": 1, "Filter": "((p_brand = 'Brand#44'::bpchar) AND (p_container = 'WRAP PKG'::bpchar))", "Rows Removed by Filter": 1997997}, {"Node Type": "Bitmap Heap Scan", "Parent Relationship": "Inner", "Relation Name": "lineitem", "Alias": "lineitem", "Startup Cost": 4.28, "Total Cost": 28.32, "Plan Rows": 6, "Plan Width": 16, "Actual Startup Time": 41.59, "Actual Total Time": 200.412, "Actual Rows": 60021, "Actual Loops": 2003, "Recheck Cond": "(l_partkey = public.part.p_partkey)", "Rows Removed by Index Recheck": 0, "Exact Heap Blocks": 60018, "Lossy Heap Blocks": 60018, "Plans": [{"Node Type": "Bitmap Index Scan", "Parent Relationship": "Outer", "Index Name": "idx_lineitem_part_supp", "Startup Cost": 0.0, "Total Cost": 4.28, "Plan Rows": 6, "Plan Width": 0, "Actual Startup Time": 27.347, "Actual Total Time": 27.347, "Actual Rows": 60021, "Actual Loops": 2003, "Index Cond": "(l_partkey = public.part.p_partkey)"}]}]}]}, {"Node Type": "Bitmap Heap Scan", "Parent Relationship": "Inner", "Relation Name": "part", "Alias": "part", "Startup Cost": 2.52, "Total Cost": 6.54, "Plan Rows": 1, "Plan Width": 8, "Actual Startup Time": 21.221, "Actual Total Time": 21.221, "Actual Rows": 2003, "Actual Loops": 2003, "Recheck Cond": "(p_partkey = public.lineitem.l_partkey)", "Rows Removed by Index Recheck": 0, "Filter": "((p_brand = 'Brand#44'::bpchar) AND (p_container = 'WRAP PKG'::bpchar))", "Rows Removed by Filter": 0, "Exact Heap Blocks": 2003, "Lossy Heap Blocks": 2003, "Plans": [{"Node Type": "Bitmap Index Scan", "Parent Relationship": "Outer", "Index Name": "part_kpey", "Startup Cost": 0.0, "Total Cost": 2.52, "Plan Rows": 1, "Plan Width": 0, "Actual Startup Time": 12.591, "Actual Total Time": 12.591, "Actual Rows": 2003, "Actual Loops": 2003, "Index Cond": "(p_partkey = public.lineitem.l_partkey)"}]}]}, {"Node Type": "Bitmap Heap Scan", "Parent Relationship": "Inner", "Relation Name": "lineitem", "Alias": "lineitem", "Startup Cost": 4.22, "Total Cost": 28.29, "Plan Rows": 2, "Plan Width": 24, "Actual Startup Time": 91.418, "Actual Total Time": 210.338, "Actual Rows": 5403, "Actual Loops": 2003, "Recheck Cond": "(l_partkey = public.lineitem.l_partkey)", "Rows Removed by Index Recheck": 0, "Filter": "(l_quantity < (.2::double precision * (avg(public.lineitem.l_quantity))))", "Rows Removed by Filter": 54618, "Exact Heap Blocks": 60018, "Lossy Heap Blocks": 60018, "Plans": [{"Node Type": "Bitmap Index Scan", "Parent Relationship": "Outer", "Index Name": "idx_lineitem_part_supp", "Startup Cost": 0.0, "Total Cost": 4.22, "Plan Rows": 6, "Plan Width": 0, "Actual Startup Time": 24.271, "Actual Total Time": 24.271, "Actual Rows": 60021, "Actual Loops": 2003, "Index Cond": "(l_partkey = public.lineitem.l_partkey)"}]}]}]}, "Triggers": [], "Planner Runtime": 1.391, "Total Runtime": 1279.48, "Unique SQL Id": 1080450481}}, "(64, 19)": {"explain_plan": {"Plan": {"Node Type": "Aggregate", "Strategy": "Plain", "Startup Cost": 1001032279502.61, "Total Cost": 1001032279502.62, "Plan Rows": 1, "Plan Width": 16, "Plans": [{"Node Type": "Nested Loop", "Parent Relationship": "Outer", "Join Type": "Inner", "Startup Cost": 10000000004.74, "Total Cost": 1001032279500.6, "Plan Rows": 806, "Plan Width": 8, "Inner Unique": true, "Join Filter": "(public.lineitem.l_partkey = public.part.p_partkey)", "Plans": [{"Node Type": "Nested Loop", "Parent Relationship": "Outer", "Join Type": "Inner", "Startup Cost": 10000000004.48, "Total Cost": 1001032192561.0, "Plan Rows": 20274, "Plan Width": 24, "Inner Unique": false, "Plans": [{"Node Type": "Aggregate", "Strategy": "Sorted", "Parent Relationship": "Outer", "Startup Cost": 10000000000.26, "Total Cost": 1001031880124.59, "Plan Rows": 11032, "Plan Width": 80, "Group By Key": ["public.lineitem.l_partkey"], "Plans": [{"Node Type": "Nested Loop", "Parent Relationship": "Outer", "Join Type": "Semi", "Startup Cost": 10000000000.26, "Total Cost": 1001031879848.79, "Plan Rows": 11032, "Plan Width": 16, "Inner Unique": false, "Plans": [{"Node Type": "Index Scan", "Parent Relationship": "Outer", "Scan Direction": "Forward", "Index Name": "idx_lineitem_part_supp", "Relation Name": "lineitem", "Alias": "lineitem", "Startup Cost": 10000000000.0, "Total Cost": 1000775391319.64, "Plan Rows": 59987033, "Plan Width": 16}, {"Node Type": "Bitmap Heap Scan", "Parent Relationship": "Inner", "Relation Name": "part", "Alias": "part", "Startup Cost": 0.26, "Total Cost": 4.28, "Plan Rows": 1, "Plan Width": 8, "Recheck Cond": "(p_partkey = public.lineitem.l_partkey)", "Filter": "((p_brand = 'Brand#44'::bpchar) AND (p_container = 'WRAP PKG'::bpchar))", "Plans": [{"Node Type": "Bitmap Index Scan", "Parent Relationship": "Outer", "Index Name": "part_kpey", "Startup Cost": 0.0, "Total Cost": 0.26, "Plan Rows": 1, "Plan Width": 0, "Index Cond": "(p_partkey = public.lineitem.l_partkey)"}]}]}]}, {"Node Type": "Bitmap Heap Scan", "Parent Relationship": "Inner", "Relation Name": "lineitem", "Alias": "lineitem", "Startup Cost": 4.22, "Total Cost": 28.29, "Plan Rows": 2, "Plan Width": 24, "Recheck Cond": "(l_partkey = public.lineitem.l_partkey)", "Filter": "(l_quantity < (.2::double precision * (avg(public.lineitem.l_quantity))))", "Plans": [{"Node Type": "Bitmap Index Scan", "Parent Relationship": "Outer", "Index Name": "idx_lineitem_part_supp", "Startup Cost": 0.0, "Total Cost": 4.22, "Plan Rows": 6, "Plan Width": 0, "Index Cond": "(l_partkey = public.lineitem.l_partkey)"}]}]}, {"Node Type": "Bitmap Heap Scan", "Parent Relationship": "Inner", "Relation Name": "part", "Alias": "part", "Startup Cost": 0.26, "Total Cost": 4.28, "Plan Rows": 1, "Plan Width": 8, "Recheck Cond": "(p_partkey = public.lineitem.l_partkey)", "Filter": "((p_brand = 'Brand#44'::bpchar) AND (p_container = 'WRAP PKG'::bpchar))", "Plans": [{"Node Type": "Bitmap Index Scan", "Parent Relationship": "Outer", "Index Name": "part_kpey", "Startup Cost": 0.0, "Total Cost": 0.26, "Plan Rows": 1, "Plan Width": 0, "Index Cond": "(p_partkey = public.lineitem.l_partkey)"}]}]}]}, "Unique SQL Id": 1080450481}, "explain_analyze_plan": null}, "(64, 20)": {"explain_plan": {"Plan": {"Node Type": "Aggregate", "Strategy": "Plain", "Startup Cost": 208324.62, "Total Cost": 208324.63, "Plan Rows": 1, "Plan Width": 16, "Plans": [{"Node Type": "Nested Loop", "Parent Relationship": "Outer", "Join Type": "Inner", "Startup Cost": 128691.05, "Total Cost": 208322.6, "Plan Rows": 806, "Plan Width": 8, "Inner Unique": false, "Plans": [{"Node Type": "Nested Loop", "Parent Relationship": "Outer", "Join Type": "Inner", "Startup Cost": 128691.05, "Total Cost": 196146.55, "Plan Rows": 438, "Plan Width": 24, "Inner Unique": true, "Plans": [{"Node Type": "Aggregate", "Strategy": "Hashed", "Parent Relationship": "Outer", "Startup Cost": 128691.05, "Total Cost": 128884.11, "Plan Rows": 11032, "Plan Width": 16, "Group By Key": ["public.lineitem.l_partkey"], "Plans": [{"Node Type": "Nested Loop", "Parent Relationship": "Outer", "Join Type": "Inner", "Startup Cost": 0.0, "Total Cost": 128608.31, "Plan Rows": 11032, "Plan Width": 16, "Inner Unique": false, "Plans": [{"Node Type": "Seq Scan", "Parent Relationship": "Outer", "Relation Name": "part", "Alias": "part", "Startup Cost": 0.0, "Total Cost": 71944.0, "Plan Rows": 2001, "Plan Width": 8, "Filter": "((p_brand = 'Brand#44'::bpchar) AND (p_container = 'WRAP PKG'::bpchar))"}, {"Node Type": "Index Scan", "Parent Relationship": "Inner", "Scan Direction": "Forward", "Index Name": "idx_lineitem_part_supp", "Relation Name": "lineitem", "Alias": "lineitem", "Startup Cost": 0.0, "Total Cost": 28.26, "Plan Rows": 6, "Plan Width": 16, "Index Cond": "(l_partkey = public.part.p_partkey)"}]}]}, {"Node Type": "Index Scan", "Parent Relationship": "Inner", "Scan Direction": "Forward", "Index Name": "part_kpey", "Relation Name": "part", "Alias": "part", "Startup Cost": 0.0, "Total Cost": 6.08, "Plan Rows": 1, "Plan Width": 8, "Index Cond": "(p_partkey = public.lineitem.l_partkey)", "Filter": "((p_brand = 'Brand#44'::bpchar) AND (p_container = 'WRAP PKG'::bpchar))"}]}, {"Node Type": "Index Scan", "Parent Relationship": "Inner", "Scan Direction": "Forward", "Index Name": "idx_lineitem_part_supp", "Relation Name": "lineitem", "Alias": "lineitem", "Startup Cost": 0.0, "Total Cost": 27.78, "Plan Rows": 2, "Plan Width": 24, "Index Cond": "(l_partkey = public.lineitem.l_partkey)", "Filter": "(l_quantity < (.2::double precision * (avg(public.lineitem.l_quantity))))"}]}]}, "Unique SQL Id": 1080450481}, "explain_analyze_plan": {"Plan": {"Node Type": "Aggregate", "Strategy": "Plain", "Startup Cost": 208324.62, "Total Cost": 208324.63, "Plan Rows": 1, "Plan Width": 16, "Actual Startup Time": 1237.71, "Actual Total Time": 1237.71, "Actual Rows": 1, "Actual Loops": 1, "Plans": [{"Node Type": "Nested Loop", "Parent Relationship": "Outer", "Join Type": "Inner", "Startup Cost": 128691.05, "Total Cost": 208322.6, "Plan Rows": 806, "Plan Width": 8, "Actual Startup Time": 1029.199, "Actual Total Time": 1236.739, "Actual Rows": 5403, "Actual Loops": 1, "Inner Unique": false, "Plans": [{"Node Type": "Nested Loop", "Parent Relationship": "Outer", "Join Type": "Inner", "Startup Cost": 128691.05, "Total Cost": 196146.55, "Plan Rows": 438, "Plan Width": 24, "Actual Startup Time": 1029.156, "Actual Total Time": 1050.822, "Actual Rows": 2003, "Actual Loops": 1, "Inner Unique": true, "Plans": [{"Node Type": "Aggregate", "Strategy": "Hashed", "Parent Relationship": "Outer", "Startup Cost": 128691.05, "Total Cost": 128884.11, "Plan Rows": 11032, "Plan Width": 16, "Actual Startup Time": 1029.115, "Actual Total Time": 1030.893, "Actual Rows": 2003, "Actual Loops": 1, "Group By Key": ["public.lineitem.l_partkey"], "Plans": [{"Node Type": "Nested Loop", "Parent Relationship": "Outer", "Join Type": "Inner", "Startup Cost": 0.0, "Total Cost": 128608.31, "Plan Rows": 11032, "Plan Width": 16, "Actual Startup Time": 0.391, "Actual Total Time": 988.045, "Actual Rows": 60021, "Actual Loops": 1, "Inner Unique": false, "Plans": [{"Node Type": "Seq Scan", "Parent Relationship": "Outer", "Relation Name": "part", "Alias": "part", "Startup Cost": 0.0, "Total Cost": 71944.0, "Plan Rows": 2001, "Plan Width": 8, "Actual Startup Time": 0.368, "Actual Total Time": 794.914, "Actual Rows": 2003, "Actual Loops": 1, "Filter": "((p_brand = 'Brand#44'::bpchar) AND (p_container = 'WRAP PKG'::bpchar))", "Rows Removed by Filter": 1997997}, {"Node Type": "Index Scan", "Parent Relationship": "Inner", "Scan Direction": "Forward", "Index Name": "idx_lineitem_part_supp", "Relation Name": "lineitem", "Alias": "lineitem", "Startup Cost": 0.0, "Total Cost": 28.26, "Plan Rows": 6, "Plan Width": 16, "Actual Startup Time": 25.038, "Actual Total Time": 178.698, "Actual Rows": 60021, "Actual Loops": 2003, "Index Cond": "(l_partkey = public.part.p_partkey)", "Rows Removed by Index Recheck": 0}]}]}, {"Node Type": "Index Scan", "Parent Relationship": "Inner", "Scan Direction": "Forward", "Index Name": "part_kpey", "Relation Name": "part", "Alias": "part", "Startup Cost": 0.0, "Total Cost": 6.08, "Plan Rows": 1, "Plan Width": 8, "Actual Startup Time": 18.14, "Actual Total Time": 18.14, "Actual Rows": 2003, "Actual Loops": 2003, "Index Cond": "(p_partkey = public.lineitem.l_partkey)", "Rows Removed by Index Recheck": 0, "Filter": "((p_brand = 'Brand#44'::bpchar) AND (p_container = 'WRAP PKG'::bpchar))", "Rows Removed by Filter": 0}]}, {"Node Type": "Index Scan", "Parent Relationship": "Inner", "Scan Direction": "Forward", "Index Name": "idx_lineitem_part_supp", "Relation Name": "lineitem", "Alias": "lineitem", "Startup Cost": 0.0, "Total Cost": 27.78, "Plan Rows": 2, "Plan Width": 24, "Actual Startup Time": 74.664, "Actual Total Time": 183.579, "Actual Rows": 5403, "Actual Loops": 2003, "Index Cond": "(l_partkey = public.lineitem.l_partkey)", "Rows Removed by Index Recheck": 0, "Filter": "(l_quantity < (.2::double precision * (avg(public.lineitem.l_quantity))))", "Rows Removed by Filter": 54618}]}]}, "Triggers": [], "Planner Runtime": 1.459, "Total Runtime": 1237.93, "Unique SQL Id": 1080450481}}, "(64, 21)": {"explain_plan": {"Plan": {"Node Type": "Aggregate", "Strategy": "Plain", "Startup Cost": 247183.87, "Total Cost": 247183.88, "Plan Rows": 1, "Plan Width": 16, "Plans": [{"Node Type": "Nested Loop", "Parent Relationship": "Outer", "Join Type": "Inner", "Startup Cost": 0.0, "Total Cost": 247181.85, "Plan Rows": 806, "Plan Width": 8, "Inner Unique": false, "Plans": [{"Node Type": "Nested Loop", "Parent Relationship": "Outer", "Join Type": "Inner", "Startup Cost": 0.0, "Total Cost": 235005.8, "Plan Rows": 438, "Plan Width": 24, "Inner Unique": true, "Plans": [{"Node Type": "Aggregate", "Strategy": "Sorted", "Parent Relationship": "Outer", "Startup Cost": 0.0, "Total Cost": 167743.36, "Plan Rows": 11032, "Plan Width": 80, "Group By Key": ["public.lineitem.l_partkey"], "Plans": [{"Node Type": "Nested Loop", "Parent Relationship": "Outer", "Join Type": "Inner", "Startup Cost": 0.0, "Total Cost": 167467.56, "Plan Rows": 11032, "Plan Width": 16, "Inner Unique": false, "Plans": [{"Node Type": "Index Scan", "Parent Relationship": "Outer", "Scan Direction": "Forward", "Index Name": "part_kpey", "Relation Name": "part", "Alias": "part", "Startup Cost": 0.0, "Total Cost": 110803.25, "Plan Rows": 2001, "Plan Width": 8, "Filter": "((p_brand = 'Brand#44'::bpchar) AND (p_container = 'WRAP PKG'::bpchar))"}, {"Node Type": "Index Scan", "Parent Relationship": "Inner", "Scan Direction": "Forward", "Index Name": "idx_lineitem_part_supp", "Relation Name": "lineitem", "Alias": "lineitem", "Startup Cost": 0.0, "Total Cost": 28.26, "Plan Rows": 6, "Plan Width": 16, "Index Cond": "(l_partkey = public.part.p_partkey)"}]}]}, {"Node Type": "Index Scan", "Parent Relationship": "Inner", "Scan Direction": "Forward", "Index Name": "part_kpey", "Relation Name": "part", "Alias": "part", "Startup Cost": 0.0, "Total Cost": 6.08, "Plan Rows": 1, "Plan Width": 8, "Index Cond": "(p_partkey = public.lineitem.l_partkey)", "Filter": "((p_brand = 'Brand#44'::bpchar) AND (p_container = 'WRAP PKG'::bpchar))"}]}, {"Node Type": "Index Scan", "Parent Relationship": "Inner", "Scan Direction": "Forward", "Index Name": "idx_lineitem_part_supp", "Relation Name": "lineitem", "Alias": "lineitem", "Startup Cost": 0.0, "Total Cost": 27.78, "Plan Rows": 2, "Plan Width": 24, "Index Cond": "(l_partkey = public.lineitem.l_partkey)", "Filter": "(l_quantity < (.2::double precision * (avg(public.lineitem.l_quantity))))"}]}]}, "Unique SQL Id": 1080450481}, "explain_analyze_plan": {"Plan": {"Node Type": "Aggregate", "Strategy": "Plain", "Startup Cost": 247183.87, "Total Cost": 247183.88, "Plan Rows": 1, "Plan Width": 16, "Actual Startup Time": 1786.581, "Actual Total Time": 1786.581, "Actual Rows": 1, "Actual Loops": 1, "Plans": [{"Node Type": "Nested Loop", "Parent Relationship": "Outer", "Join Type": "Inner", "Startup Cost": 0.0, "Total Cost": 247181.85, "Plan Rows": 806, "Plan Width": 8, "Actual Startup Time": 2.095, "Actual Total Time": 1785.363, "Actual Rows": 5403, "Actual Loops": 1, "Inner Unique": false, "Plans": [{"Node Type": "Nested Loop", "Parent Relationship": "Outer", "Join Type": "Inner", "Startup Cost": 0.0, "Total Cost": 235005.8, "Plan Rows": 438, "Plan Width": 24, "Actual Startup Time": 2.05, "Actual Total Time": 1705.146, "Actual Rows": 2003, "Actual Loops": 1, "Inner Unique": true, "Plans": [{"Node Type": "Aggregate", "Strategy": "Sorted", "Parent Relationship": "Outer", "Startup Cost": 0.0, "Total Cost": 167743.36, "Plan Rows": 11032, "Plan Width": 80, "Actual Startup Time": 2.039, "Actual Total Time": 1693.01, "Actual Rows": 2003, "Actual Loops": 1, "Group By Key": ["public.lineitem.l_partkey"], "Plans": [{"Node Type": "Nested Loop", "Parent Relationship": "Outer", "Join Type": "Inner", "Startup Cost": 0.0, "Total Cost": 167467.56, "Plan Rows": 11032, "Plan Width": 16, "Actual Startup Time": 0.668, "Actual Total Time": 1660.016, "Actual Rows": 60021, "Actual Loops": 1, "Inner Unique": false, "Plans": [{"Node Type": "Index Scan", "Parent Relationship": "Outer", "Scan Direction": "Forward", "Index Name": "part_kpey", "Relation Name": "part", "Alias": "part", "Startup Cost": 0.0, "Total Cost": 110803.25, "Plan Rows": 2001, "Plan Width": 8, "Actual Startup Time": 0.649, "Actual Total Time": 1460.778, "Actual Rows": 2003, "Actual Loops": 1, "Filter": "((p_brand = 'Brand#44'::bpchar) AND (p_container = 'WRAP PKG'::bpchar))", "Rows Removed by Filter": 1997997}, {"Node Type": "Index Scan", "Parent Relationship": "Inner", "Scan Direction": "Forward", "Index Name": "idx_lineitem_part_supp", "Relation Name": "lineitem", "Alias": "lineitem", "Startup Cost": 0.0, "Total Cost": 28.26, "Plan Rows": 6, "Plan Width": 16, "Actual Startup Time": 23.917, "Actual Total Time": 183.588, "Actual Rows": 60021, "Actual Loops": 2003, "Index Cond": "(l_partkey = public.part.p_partkey)", "Rows Removed by Index Recheck": 0}]}]}, {"Node Type": "Index Scan", "Parent Relationship": "Inner", "Scan Direction": "Forward", "Index Name": "part_kpey", "Relation Name": "part", "Alias": "part", "Startup Cost": 0.0, "Total Cost": 6.08, "Plan Rows": 1, "Plan Width": 8, "Actual Startup Time": 9.552, "Actual Total Time": 9.552, "Actual Rows": 2003, "Actual Loops": 2003, "Index Cond": "(p_partkey = public.lineitem.l_partkey)", "Rows Removed by Index Recheck": 0, "Filter": "((p_brand = 'Brand#44'::bpchar) AND (p_container = 'WRAP PKG'::bpchar))", "Rows Removed by Filter": 0}]}, {"Node Type": "Index Scan", "Parent Relationship": "Inner", "Scan Direction": "Forward", "Index Name": "idx_lineitem_part_supp", "Relation Name": "lineitem", "Alias": "lineitem", "Startup Cost": 0.0, "Total Cost": 27.78, "Plan Rows": 2, "Plan Width": 24, "Actual Startup Time": 33.922, "Actual Total Time": 77.009, "Actual Rows": 5403, "Actual Loops": 2003, "Index Cond": "(l_partkey = public.lineitem.l_partkey)", "Rows Removed by Index Recheck": 0, "Filter": "(l_quantity < (.2::double precision * (avg(public.lineitem.l_quantity))))", "Rows Removed by Filter": 54618}]}]}, "Triggers": [], "Planner Runtime": 1.403, "Total Runtime": 1786.803, "Unique SQL Id": 1080450481}}, "(64, 22)": {"explain_plan": {"Plan": {"Node Type": "Aggregate", "Strategy": "Plain", "Startup Cost": 213808.47, "Total Cost": 213808.48, "Plan Rows": 1, "Plan Width": 16, "Plans": [{"Node Type": "Nested Loop", "Parent Relationship": "Outer", "Join Type": "Inner", "Startup Cost": 128826.76, "Total Cost": 213806.45, "Plan Rows": 806, "Plan Width": 8, "Inner Unique": false, "Plans": [{"Node Type": "Nested Loop", "Parent Relationship": "Outer", "Join Type": "Inner", "Startup Cost": 128822.53, "Total Cost": 201406.27, "Plan Rows": 438, "Plan Width": 24, "Inner Unique": true, "Plans": [{"Node Type": "Aggregate", "Strategy": "Hashed", "Parent Relationship": "Outer", "Startup Cost": 128820.01, "Total Cost": 129013.07, "Plan Rows": 11032, "Plan Width": 16, "Group By Key": ["public.lineitem.l_partkey"], "Plans": [{"Node Type": "Nested Loop", "Parent Relationship": "Outer", "Join Type": "Inner", "Startup Cost": 4.28, "Total Cost": 128737.27, "Plan Rows": 11032, "Plan Width": 16, "Inner Unique": false, "Plans": [{"Node Type": "Seq Scan", "Parent Relationship": "Outer", "Relation Name": "part", "Alias": "part", "Startup Cost": 0.0, "Total Cost": 71944.0, "Plan Rows": 2001, "Plan Width": 8, "Filter": "((p_brand = 'Brand#44'::bpchar) AND (p_container = 'WRAP PKG'::bpchar))"}, {"Node Type": "Bitmap Heap Scan", "Parent Relationship": "Inner", "Relation Name": "lineitem", "Alias": "lineitem", "Startup Cost": 4.28, "Total Cost": 28.32, "Plan Rows": 6, "Plan Width": 16, "Recheck Cond": "(l_partkey = public.part.p_partkey)", "Plans": [{"Node Type": "Bitmap Index Scan", "Parent Relationship": "Outer", "Index Name": "idx_lineitem_part_supp", "Startup Cost": 0.0, "Total Cost": 4.28, "Plan Rows": 6, "Plan Width": 0, "Index Cond": "(l_partkey = public.part.p_partkey)"}]}]}]}, {"Node Type": "Bitmap Heap Scan", "Parent Relationship": "Inner", "Relation Name": "part", "Alias": "part", "Startup Cost": 2.52, "Total Cost": 6.54, "Plan Rows": 1, "Plan Width": 8, "Recheck Cond": "(p_partkey = public.lineitem.l_partkey)", "Filter": "((p_brand = 'Brand#44'::bpchar) AND (p_container = 'WRAP PKG'::bpchar))", "Plans": [{"Node Type": "Bitmap Index Scan", "Parent Relationship": "Outer", "Index Name": "part_kpey", "Startup Cost": 0.0, "Total Cost": 2.52, "Plan Rows": 1, "Plan Width": 0, "Index Cond": "(p_partkey = public.lineitem.l_partkey)"}]}]}, {"Node Type": "Bitmap Heap Scan", "Parent Relationship": "Inner", "Relation Name": "lineitem", "Alias": "lineitem", "Startup Cost": 4.22, "Total Cost": 28.29, "Plan Rows": 2, "Plan Width": 24, "Recheck Cond": "(l_partkey = public.lineitem.l_partkey)", "Filter": "(l_quantity < (.2::double precision * (avg(public.lineitem.l_quantity))))", "Plans": [{"Node Type": "Bitmap Index Scan", "Parent Relationship": "Outer", "Index Name": "idx_lineitem_part_supp", "Startup Cost": 0.0, "Total Cost": 4.22, "Plan Rows": 6, "Plan Width": 0, "Index Cond": "(l_partkey = public.lineitem.l_partkey)"}]}]}]}, "Unique SQL Id": 1080450481}, "explain_analyze_plan": {"Plan": {"Node Type": "Aggregate", "Strategy": "Plain", "Startup Cost": 213808.47, "Total Cost": 213808.48, "Plan Rows": 1, "Plan Width": 16, "Actual Startup Time": 1279.19, "Actual Total Time": 1279.19, "Actual Rows": 1, "Actual Loops": 1, "Plans": [{"Node Type": "Nested Loop", "Parent Relationship": "Outer", "Join Type": "Inner", "Startup Cost": 128826.76, "Total Cost": 213806.45, "Plan Rows": 806, "Plan Width": 8, "Actual Startup Time": 1037.423, "Actual Total Time": 1278.124, "Actual Rows": 5403, "Actual Loops": 1, "Inner Unique": false, "Plans": [{"Node Type": "Nested Loop", "Parent Relationship": "Outer", "Join Type": "Inner", "Startup Cost": 128822.53, "Total Cost": 201406.27, "Plan Rows": 438, "Plan Width": 24, "Actual Startup Time": 1037.36, "Actual Total Time": 1063.781, "Actual Rows": 2003, "Actual Loops": 1, "Inner Unique": true, "Plans": [{"Node Type": "Aggregate", "Strategy": "Hashed", "Parent Relationship": "Outer", "Startup Cost": 128820.01, "Total Cost": 129013.07, "Plan Rows": 11032, "Plan Width": 16, "Actual Startup Time": 1037.311, "Actual Total Time": 1039.347, "Actual Rows": 2003, "Actual Loops": 1, "Group By Key": ["public.lineitem.l_partkey"], "Plans": [{"Node Type": "Nested Loop", "Parent Relationship": "Outer", "Join Type": "Inner", "Startup Cost": 4.28, "Total Cost": 128737.27, "Plan Rows": 11032, "Plan Width": 16, "Actual Startup Time": 0.394, "Actual Total Time": 996.431, "Actual Rows": 60021, "Actual Loops": 1, "Inner Unique": false, "Plans": [{"Node Type": "Seq Scan", "Parent Relationship": "Outer", "Relation Name": "part", "Alias": "part", "Startup Cost": 0.0, "Total Cost": 71944.0, "Plan Rows": 2001, "Plan Width": 8, "Actual Startup Time": 0.348, "Actual Total Time": 778.551, "Actual Rows": 2003, "Actual Loops": 1, "Filter": "((p_brand = 'Brand#44'::bpchar) AND (p_container = 'WRAP PKG'::bpchar))", "Rows Removed by Filter": 1997997}, {"Node Type": "Bitmap Heap Scan", "Parent Relationship": "Inner", "Relation Name": "lineitem", "Alias": "lineitem", "Startup Cost": 4.28, "Total Cost": 28.32, "Plan Rows": 6, "Plan Width": 16, "Actual Startup Time": 41.59, "Actual Total Time": 200.412, "Actual Rows": 60021, "Actual Loops": 2003, "Recheck Cond": "(l_partkey = public.part.p_partkey)", "Rows Removed by Index Recheck": 0, "Exact Heap Blocks": 60018, "Lossy Heap Blocks": 60018, "Plans": [{"Node Type": "Bitmap Index Scan", "Parent Relationship": "Outer", "Index Name": "idx_lineitem_part_supp", "Startup Cost": 0.0, "Total Cost": 4.28, "Plan Rows": 6, "Plan Width": 0, "Actual Startup Time": 27.347, "Actual Total Time": 27.347, "Actual Rows": 60021, "Actual Loops": 2003, "Index Cond": "(l_partkey = public.part.p_partkey)"}]}]}]}, {"Node Type": "Bitmap Heap Scan", "Parent Relationship": "Inner", "Relation Name": "part", "Alias": "part", "Startup Cost": 2.52, "Total Cost": 6.54, "Plan Rows": 1, "Plan Width": 8, "Actual Startup Time": 21.221, "Actual Total Time": 21.221, "Actual Rows": 2003, "Actual Loops": 2003, "Recheck Cond": "(p_partkey = public.lineitem.l_partkey)", "Rows Removed by Index Recheck": 0, "Filter": "((p_brand = 'Brand#44'::bpchar) AND (p_container = 'WRAP PKG'::bpchar))", "Rows Removed by Filter": 0, "Exact Heap Blocks": 2003, "Lossy Heap Blocks": 2003, "Plans": [{"Node Type": "Bitmap Index Scan", "Parent Relationship": "Outer", "Index Name": "part_kpey", "Startup Cost": 0.0, "Total Cost": 2.52, "Plan Rows": 1, "Plan Width": 0, "Actual Startup Time": 12.591, "Actual Total Time": 12.591, "Actual Rows": 2003, "Actual Loops": 2003, "Index Cond": "(p_partkey = public.lineitem.l_partkey)"}]}]}, {"Node Type": "Bitmap Heap Scan", "Parent Relationship": "Inner", "Relation Name": "lineitem", "Alias": "lineitem", "Startup Cost": 4.22, "Total Cost": 28.29, "Plan Rows": 2, "Plan Width": 24, "Actual Startup Time": 91.418, "Actual Total Time": 210.338, "Actual Rows": 5403, "Actual Loops": 2003, "Recheck Cond": "(l_partkey = public.lineitem.l_partkey)", "Rows Removed by Index Recheck": 0, "Filter": "(l_quantity < (.2::double precision * (avg(public.lineitem.l_quantity))))", "Rows Removed by Filter": 54618, "Exact Heap Blocks": 60018, "Lossy Heap Blocks": 60018, "Plans": [{"Node Type": "Bitmap Index Scan", "Parent Relationship": "Outer", "Index Name": "idx_lineitem_part_supp", "Startup Cost": 0.0, "Total Cost": 4.22, "Plan Rows": 6, "Plan Width": 0, "Actual Startup Time": 24.271, "Actual Total Time": 24.271, "Actual Rows": 60021, "Actual Loops": 2003, "Index Cond": "(l_partkey = public.lineitem.l_partkey)"}]}]}]}, "Triggers": [], "Planner Runtime": 1.391, "Total Runtime": 1279.48, "Unique SQL Id": 1080450481}}, "(64, 23)": {"explain_plan": {"Plan": {"Node Type": "Aggregate", "Strategy": "Plain", "Startup Cost": 1001032279502.61, "Total Cost": 1001032279502.62, "Plan Rows": 1, "Plan Width": 16, "Plans": [{"Node Type": "Nested Loop", "Parent Relationship": "Outer", "Join Type": "Inner", "Startup Cost": 10000000004.74, "Total Cost": 1001032279500.6, "Plan Rows": 806, "Plan Width": 8, "Inner Unique": true, "Join Filter": "(public.lineitem.l_partkey = public.part.p_partkey)", "Plans": [{"Node Type": "Nested Loop", "Parent Relationship": "Outer", "Join Type": "Inner", "Startup Cost": 10000000004.48, "Total Cost": 1001032192561.0, "Plan Rows": 20274, "Plan Width": 24, "Inner Unique": false, "Plans": [{"Node Type": "Aggregate", "Strategy": "Sorted", "Parent Relationship": "Outer", "Startup Cost": 10000000000.26, "Total Cost": 1001031880124.59, "Plan Rows": 11032, "Plan Width": 80, "Group By Key": ["public.lineitem.l_partkey"], "Plans": [{"Node Type": "Nested Loop", "Parent Relationship": "Outer", "Join Type": "Semi", "Startup Cost": 10000000000.26, "Total Cost": 1001031879848.79, "Plan Rows": 11032, "Plan Width": 16, "Inner Unique": false, "Plans": [{"Node Type": "Index Scan", "Parent Relationship": "Outer", "Scan Direction": "Forward", "Index Name": "idx_lineitem_part_supp", "Relation Name": "lineitem", "Alias": "lineitem", "Startup Cost": 10000000000.0, "Total Cost": 1000775391319.64, "Plan Rows": 59987033, "Plan Width": 16}, {"Node Type": "Bitmap Heap Scan", "Parent Relationship": "Inner", "Relation Name": "part", "Alias": "part", "Startup Cost": 0.26, "Total Cost": 4.28, "Plan Rows": 1, "Plan Width": 8, "Recheck Cond": "(p_partkey = public.lineitem.l_partkey)", "Filter": "((p_brand = 'Brand#44'::bpchar) AND (p_container = 'WRAP PKG'::bpchar))", "Plans": [{"Node Type": "Bitmap Index Scan", "Parent Relationship": "Outer", "Index Name": "part_kpey", "Startup Cost": 0.0, "Total Cost": 0.26, "Plan Rows": 1, "Plan Width": 0, "Index Cond": "(p_partkey = public.lineitem.l_partkey)"}]}]}]}, {"Node Type": "Bitmap Heap Scan", "Parent Relationship": "Inner", "Relation Name": "lineitem", "Alias": "lineitem", "Startup Cost": 4.22, "Total Cost": 28.29, "Plan Rows": 2, "Plan Width": 24, "Recheck Cond": "(l_partkey = public.lineitem.l_partkey)", "Filter": "(l_quantity < (.2::double precision * (avg(public.lineitem.l_quantity))))", "Plans": [{"Node Type": "Bitmap Index Scan", "Parent Relationship": "Outer", "Index Name": "idx_lineitem_part_supp", "Startup Cost": 0.0, "Total Cost": 4.22, "Plan Rows": 6, "Plan Width": 0, "Index Cond": "(l_partkey = public.lineitem.l_partkey)"}]}]}, {"Node Type": "Bitmap Heap Scan", "Parent Relationship": "Inner", "Relation Name": "part", "Alias": "part", "Startup Cost": 0.26, "Total Cost": 4.28, "Plan Rows": 1, "Plan Width": 8, "Recheck Cond": "(p_partkey = public.lineitem.l_partkey)", "Filter": "((p_brand = 'Brand#44'::bpchar) AND (p_container = 'WRAP PKG'::bpchar))", "Plans": [{"Node Type": "Bitmap Index Scan", "Parent Relationship": "Outer", "Index Name": "part_kpey", "Startup Cost": 0.0, "Total Cost": 0.26, "Plan Rows": 1, "Plan Width": 0, "Index Cond": "(p_partkey = public.lineitem.l_partkey)"}]}]}]}, "Unique SQL Id": 1080450481}, "explain_analyze_plan": null}, "(64, 24)": {"explain_plan": {"Plan": {"Node Type": "Aggregate", "Strategy": "Plain", "Startup Cost": 208324.62, "Total Cost": 208324.63, "Plan Rows": 1, "Plan Width": 16, "Plans": [{"Node Type": "Nested Loop", "Parent Relationship": "Outer", "Join Type": "Inner", "Startup Cost": 128691.05, "Total Cost": 208322.6, "Plan Rows": 806, "Plan Width": 8, "Inner Unique": false, "Plans": [{"Node Type": "Nested Loop", "Parent Relationship": "Outer", "Join Type": "Inner", "Startup Cost": 128691.05, "Total Cost": 196146.55, "Plan Rows": 438, "Plan Width": 24, "Inner Unique": true, "Plans": [{"Node Type": "Aggregate", "Strategy": "Hashed", "Parent Relationship": "Outer", "Startup Cost": 128691.05, "Total Cost": 128884.11, "Plan Rows": 11032, "Plan Width": 16, "Group By Key": ["public.lineitem.l_partkey"], "Plans": [{"Node Type": "Nested Loop", "Parent Relationship": "Outer", "Join Type": "Inner", "Startup Cost": 0.0, "Total Cost": 128608.31, "Plan Rows": 11032, "Plan Width": 16, "Inner Unique": false, "Plans": [{"Node Type": "Seq Scan", "Parent Relationship": "Outer", "Relation Name": "part", "Alias": "part", "Startup Cost": 0.0, "Total Cost": 71944.0, "Plan Rows": 2001, "Plan Width": 8, "Filter": "((p_brand = 'Brand#44'::bpchar) AND (p_container = 'WRAP PKG'::bpchar))"}, {"Node Type": "Index Scan", "Parent Relationship": "Inner", "Scan Direction": "Forward", "Index Name": "idx_lineitem_part_supp", "Relation Name": "lineitem", "Alias": "lineitem", "Startup Cost": 0.0, "Total Cost": 28.26, "Plan Rows": 6, "Plan Width": 16, "Index Cond": "(l_partkey = public.part.p_partkey)"}]}]}, {"Node Type": "Index Scan", "Parent Relationship": "Inner", "Scan Direction": "Forward", "Index Name": "part_kpey", "Relation Name": "part", "Alias": "part", "Startup Cost": 0.0, "Total Cost": 6.08, "Plan Rows": 1, "Plan Width": 8, "Index Cond": "(p_partkey = public.lineitem.l_partkey)", "Filter": "((p_brand = 'Brand#44'::bpchar) AND (p_container = 'WRAP PKG'::bpchar))"}]}, {"Node Type": "Index Scan", "Parent Relationship": "Inner", "Scan Direction": "Forward", "Index Name": "idx_lineitem_part_supp", "Relation Name": "lineitem", "Alias": "lineitem", "Startup Cost": 0.0, "Total Cost": 27.78, "Plan Rows": 2, "Plan Width": 24, "Index Cond": "(l_partkey = public.lineitem.l_partkey)", "Filter": "(l_quantity < (.2::double precision * (avg(public.lineitem.l_quantity))))"}]}]}, "Unique SQL Id": 1080450481}, "explain_analyze_plan": {"Plan": {"Node Type": "Aggregate", "Strategy": "Plain", "Startup Cost": 208324.62, "Total Cost": 208324.63, "Plan Rows": 1, "Plan Width": 16, "Actual Startup Time": 1237.71, "Actual Total Time": 1237.71, "Actual Rows": 1, "Actual Loops": 1, "Plans": [{"Node Type": "Nested Loop", "Parent Relationship": "Outer", "Join Type": "Inner", "Startup Cost": 128691.05, "Total Cost": 208322.6, "Plan Rows": 806, "Plan Width": 8, "Actual Startup Time": 1029.199, "Actual Total Time": 1236.739, "Actual Rows": 5403, "Actual Loops": 1, "Inner Unique": false, "Plans": [{"Node Type": "Nested Loop", "Parent Relationship": "Outer", "Join Type": "Inner", "Startup Cost": 128691.05, "Total Cost": 196146.55, "Plan Rows": 438, "Plan Width": 24, "Actual Startup Time": 1029.156, "Actual Total Time": 1050.822, "Actual Rows": 2003, "Actual Loops": 1, "Inner Unique": true, "Plans": [{"Node Type": "Aggregate", "Strategy": "Hashed", "Parent Relationship": "Outer", "Startup Cost": 128691.05, "Total Cost": 128884.11, "Plan Rows": 11032, "Plan Width": 16, "Actual Startup Time": 1029.115, "Actual Total Time": 1030.893, "Actual Rows": 2003, "Actual Loops": 1, "Group By Key": ["public.lineitem.l_partkey"], "Plans": [{"Node Type": "Nested Loop", "Parent Relationship": "Outer", "Join Type": "Inner", "Startup Cost": 0.0, "Total Cost": 128608.31, "Plan Rows": 11032, "Plan Width": 16, "Actual Startup Time": 0.391, "Actual Total Time": 988.045, "Actual Rows": 60021, "Actual Loops": 1, "Inner Unique": false, "Plans": [{"Node Type": "Seq Scan", "Parent Relationship": "Outer", "Relation Name": "part", "Alias": "part", "Startup Cost": 0.0, "Total Cost": 71944.0, "Plan Rows": 2001, "Plan Width": 8, "Actual Startup Time": 0.368, "Actual Total Time": 794.914, "Actual Rows": 2003, "Actual Loops": 1, "Filter": "((p_brand = 'Brand#44'::bpchar) AND (p_container = 'WRAP PKG'::bpchar))", "Rows Removed by Filter": 1997997}, {"Node Type": "Index Scan", "Parent Relationship": "Inner", "Scan Direction": "Forward", "Index Name": "idx_lineitem_part_supp", "Relation Name": "lineitem", "Alias": "lineitem", "Startup Cost": 0.0, "Total Cost": 28.26, "Plan Rows": 6, "Plan Width": 16, "Actual Startup Time": 25.038, "Actual Total Time": 178.698, "Actual Rows": 60021, "Actual Loops": 2003, "Index Cond": "(l_partkey = public.part.p_partkey)", "Rows Removed by Index Recheck": 0}]}]}, {"Node Type": "Index Scan", "Parent Relationship": "Inner", "Scan Direction": "Forward", "Index Name": "part_kpey", "Relation Name": "part", "Alias": "part", "Startup Cost": 0.0, "Total Cost": 6.08, "Plan Rows": 1, "Plan Width": 8, "Actual Startup Time": 18.14, "Actual Total Time": 18.14, "Actual Rows": 2003, "Actual Loops": 2003, "Index Cond": "(p_partkey = public.lineitem.l_partkey)", "Rows Removed by Index Recheck": 0, "Filter": "((p_brand = 'Brand#44'::bpchar) AND (p_container = 'WRAP PKG'::bpchar))", "Rows Removed by Filter": 0}]}, {"Node Type": "Index Scan", "Parent Relationship": "Inner", "Scan Direction": "Forward", "Index Name": "idx_lineitem_part_supp", "Relation Name": "lineitem", "Alias": "lineitem", "Startup Cost": 0.0, "Total Cost": 27.78, "Plan Rows": 2, "Plan Width": 24, "Actual Startup Time": 74.664, "Actual Total Time": 183.579, "Actual Rows": 5403, "Actual Loops": 2003, "Index Cond": "(l_partkey = public.lineitem.l_partkey)", "Rows Removed by Index Recheck": 0, "Filter": "(l_quantity < (.2::double precision * (avg(public.lineitem.l_quantity))))", "Rows Removed by Filter": 54618}]}]}, "Triggers": [], "Planner Runtime": 1.459, "Total Runtime": 1237.93, "Unique SQL Id": 1080450481}}, "(64, 25)": {"explain_plan": {"Plan": {"Node Type": "Aggregate", "Strategy": "Plain", "Startup Cost": 247183.87, "Total Cost": 247183.88, "Plan Rows": 1, "Plan Width": 16, "Plans": [{"Node Type": "Nested Loop", "Parent Relationship": "Outer", "Join Type": "Inner", "Startup Cost": 0.0, "Total Cost": 247181.85, "Plan Rows": 806, "Plan Width": 8, "Inner Unique": false, "Plans": [{"Node Type": "Nested Loop", "Parent Relationship": "Outer", "Join Type": "Inner", "Startup Cost": 0.0, "Total Cost": 235005.8, "Plan Rows": 438, "Plan Width": 24, "Inner Unique": true, "Plans": [{"Node Type": "Aggregate", "Strategy": "Sorted", "Parent Relationship": "Outer", "Startup Cost": 0.0, "Total Cost": 167743.36, "Plan Rows": 11032, "Plan Width": 80, "Group By Key": ["public.lineitem.l_partkey"], "Plans": [{"Node Type": "Nested Loop", "Parent Relationship": "Outer", "Join Type": "Inner", "Startup Cost": 0.0, "Total Cost": 167467.56, "Plan Rows": 11032, "Plan Width": 16, "Inner Unique": false, "Plans": [{"Node Type": "Index Scan", "Parent Relationship": "Outer", "Scan Direction": "Forward", "Index Name": "part_kpey", "Relation Name": "part", "Alias": "part", "Startup Cost": 0.0, "Total Cost": 110803.25, "Plan Rows": 2001, "Plan Width": 8, "Filter": "((p_brand = 'Brand#44'::bpchar) AND (p_container = 'WRAP PKG'::bpchar))"}, {"Node Type": "Index Scan", "Parent Relationship": "Inner", "Scan Direction": "Forward", "Index Name": "idx_lineitem_part_supp", "Relation Name": "lineitem", "Alias": "lineitem", "Startup Cost": 0.0, "Total Cost": 28.26, "Plan Rows": 6, "Plan Width": 16, "Index Cond": "(l_partkey = public.part.p_partkey)"}]}]}, {"Node Type": "Index Scan", "Parent Relationship": "Inner", "Scan Direction": "Forward", "Index Name": "part_kpey", "Relation Name": "part", "Alias": "part", "Startup Cost": 0.0, "Total Cost": 6.08, "Plan Rows": 1, "Plan Width": 8, "Index Cond": "(p_partkey = public.lineitem.l_partkey)", "Filter": "((p_brand = 'Brand#44'::bpchar) AND (p_container = 'WRAP PKG'::bpchar))"}]}, {"Node Type": "Index Scan", "Parent Relationship": "Inner", "Scan Direction": "Forward", "Index Name": "idx_lineitem_part_supp", "Relation Name": "lineitem", "Alias": "lineitem", "Startup Cost": 0.0, "Total Cost": 27.78, "Plan Rows": 2, "Plan Width": 24, "Index Cond": "(l_partkey = public.lineitem.l_partkey)", "Filter": "(l_quantity < (.2::double precision * (avg(public.lineitem.l_quantity))))"}]}]}, "Unique SQL Id": 1080450481}, "explain_analyze_plan": {"Plan": {"Node Type": "Aggregate", "Strategy": "Plain", "Startup Cost": 247183.87, "Total Cost": 247183.88, "Plan Rows": 1, "Plan Width": 16, "Actual Startup Time": 1786.581, "Actual Total Time": 1786.581, "Actual Rows": 1, "Actual Loops": 1, "Plans": [{"Node Type": "Nested Loop", "Parent Relationship": "Outer", "Join Type": "Inner", "Startup Cost": 0.0, "Total Cost": 247181.85, "Plan Rows": 806, "Plan Width": 8, "Actual Startup Time": 2.095, "Actual Total Time": 1785.363, "Actual Rows": 5403, "Actual Loops": 1, "Inner Unique": false, "Plans": [{"Node Type": "Nested Loop", "Parent Relationship": "Outer", "Join Type": "Inner", "Startup Cost": 0.0, "Total Cost": 235005.8, "Plan Rows": 438, "Plan Width": 24, "Actual Startup Time": 2.05, "Actual Total Time": 1705.146, "Actual Rows": 2003, "Actual Loops": 1, "Inner Unique": true, "Plans": [{"Node Type": "Aggregate", "Strategy": "Sorted", "Parent Relationship": "Outer", "Startup Cost": 0.0, "Total Cost": 167743.36, "Plan Rows": 11032, "Plan Width": 80, "Actual Startup Time": 2.039, "Actual Total Time": 1693.01, "Actual Rows": 2003, "Actual Loops": 1, "Group By Key": ["public.lineitem.l_partkey"], "Plans": [{"Node Type": "Nested Loop", "Parent Relationship": "Outer", "Join Type": "Inner", "Startup Cost": 0.0, "Total Cost": 167467.56, "Plan Rows": 11032, "Plan Width": 16, "Actual Startup Time": 0.668, "Actual Total Time": 1660.016, "Actual Rows": 60021, "Actual Loops": 1, "Inner Unique": false, "Plans": [{"Node Type": "Index Scan", "Parent Relationship": "Outer", "Scan Direction": "Forward", "Index Name": "part_kpey", "Relation Name": "part", "Alias": "part", "Startup Cost": 0.0, "Total Cost": 110803.25, "Plan Rows": 2001, "Plan Width": 8, "Actual Startup Time": 0.649, "Actual Total Time": 1460.778, "Actual Rows": 2003, "Actual Loops": 1, "Filter": "((p_brand = 'Brand#44'::bpchar) AND (p_container = 'WRAP PKG'::bpchar))", "Rows Removed by Filter": 1997997}, {"Node Type": "Index Scan", "Parent Relationship": "Inner", "Scan Direction": "Forward", "Index Name": "idx_lineitem_part_supp", "Relation Name": "lineitem", "Alias": "lineitem", "Startup Cost": 0.0, "Total Cost": 28.26, "Plan Rows": 6, "Plan Width": 16, "Actual Startup Time": 23.917, "Actual Total Time": 183.588, "Actual Rows": 60021, "Actual Loops": 2003, "Index Cond": "(l_partkey = public.part.p_partkey)", "Rows Removed by Index Recheck": 0}]}]}, {"Node Type": "Index Scan", "Parent Relationship": "Inner", "Scan Direction": "Forward", "Index Name": "part_kpey", "Relation Name": "part", "Alias": "part", "Startup Cost": 0.0, "Total Cost": 6.08, "Plan Rows": 1, "Plan Width": 8, "Actual Startup Time": 9.552, "Actual Total Time": 9.552, "Actual Rows": 2003, "Actual Loops": 2003, "Index Cond": "(p_partkey = public.lineitem.l_partkey)", "Rows Removed by Index Recheck": 0, "Filter": "((p_brand = 'Brand#44'::bpchar) AND (p_container = 'WRAP PKG'::bpchar))", "Rows Removed by Filter": 0}]}, {"Node Type": "Index Scan", "Parent Relationship": "Inner", "Scan Direction": "Forward", "Index Name": "idx_lineitem_part_supp", "Relation Name": "lineitem", "Alias": "lineitem", "Startup Cost": 0.0, "Total Cost": 27.78, "Plan Rows": 2, "Plan Width": 24, "Actual Startup Time": 33.922, "Actual Total Time": 77.009, "Actual Rows": 5403, "Actual Loops": 2003, "Index Cond": "(l_partkey = public.lineitem.l_partkey)", "Rows Removed by Index Recheck": 0, "Filter": "(l_quantity < (.2::double precision * (avg(public.lineitem.l_quantity))))", "Rows Removed by Filter": 54618}]}]}, "Triggers": [], "Planner Runtime": 1.403, "Total Runtime": 1786.803, "Unique SQL Id": 1080450481}}, "(64, 26)": {"explain_plan": {"Plan": {"Node Type": "Aggregate", "Strategy": "Plain", "Startup Cost": 20274334.15, "Total Cost": 20274334.16, "Plan Rows": 1, "Plan Width": 16, "Plans": [{"Node Type": "Merge Join", "Parent Relationship": "Outer", "Join Type": "Inner", "Startup Cost": 19673876.07, "Total Cost": 20274332.13, "Plan Rows": 806, "Plan Width": 8, "Inner Unique": false, "Merge Cond": "(public.lineitem.l_partkey = public.lineitem.l_partkey)", "Join Filter": "(public.lineitem.l_quantity < (.2::double precision * (avg(public.lineitem.l_quantity))))", "Plans": [{"Node Type": "Merge Join", "Parent Relationship": "Outer", "Join Type": "Inner", "Startup Cost": 9908991.76, "Total Cost": 10209475.33, "Plan Rows": 438, "Plan Width": 24, "Inner Unique": true, "Merge Cond": "(public.lineitem.l_partkey = public.part.p_partkey)", "Plans": [{"Node Type": "Aggregate", "Strategy": "Sorted", "Parent Relationship": "Outer", "Startup Cost": 9836938.04, "Total Cost": 10137269.33, "Plan Rows": 11032, "Plan Width": 80, "Group By Key": ["public.lineitem.l_partkey"], "Plans": [{"Node Type": "Merge Join", "Parent Relationship": "Outer", "Join Type": "Inner", "Startup Cost": 9836938.04, "Total Cost": 10136993.53, "Plan Rows": 11032, "Plan Width": 16, "Inner Unique": false, "Merge Cond": "(public.part.p_partkey = public.lineitem.l_partkey)", "Plans": [{"Node Type": "Sort", "Parent Relationship": "Outer", "Startup Cost": 72053.72, "Total Cost": 72058.72, "Plan Rows": 2001, "Plan Width": 8, "Sort Key": ["public.part.p_partkey"], "Plans": [{"Node Type": "Seq Scan", "Parent Relationship": "Outer", "Relation Name": "part", "Alias": "part", "Startup Cost": 0.0, "Total Cost": 71944.0, "Plan Rows": 2001, "Plan Width": 8, "Filter": "((p_brand = 'Brand#44'::bpchar) AND (p_container = 'WRAP PKG'::bpchar))"}]}, {"Node Type": "Sort", "Parent Relationship": "Inner", "Startup Cost": 9764884.32, "Total Cost": 9914851.9, "Plan Rows": 59987033, "Plan Width": 16, "Sort Key": ["public.lineitem.l_partkey"], "Plans": [{"Node Type": "Seq Scan", "Parent Relationship": "Outer", "Relation Name": "lineitem", "Alias": "lineitem", "Startup Cost": 0.0, "Total Cost": 2015115.33, "Plan Rows": 59987033, "Plan Width": 16}]}]}]}, {"Node Type": "Sort", "Parent Relationship": "Inner", "Startup Cost": 72053.72, "Total Cost": 72058.72, "Plan Rows": 2001, "Plan Width": 8, "Sort Key": ["public.part.p_partkey"], "Plans": [{"Node Type": "Seq Scan", "Parent Relationship": "Outer", "Relation Name": "part", "Alias": "part", "Startup Cost": 0.0, "Total Cost": 71944.0, "Plan Rows": 2001, "Plan Width": 8, "Filter": "((p_brand = 'Brand#44'::bpchar) AND (p_container = 'WRAP PKG'::bpchar))"}]}]}, {"Node Type": "Sort", "Parent Relationship": "Inner", "Startup Cost": 9764884.32, "Total Cost": 9914851.9, "Plan Rows": 59987033, "Plan Width": 24, "Sort Key": ["public.lineitem.l_partkey"], "Plans": [{"Node Type": "Seq Scan", "Parent Relationship": "Outer", "Relation Name": "lineitem", "Alias": "lineitem", "Startup Cost": 0.0, "Total Cost": 2015115.33, "Plan Rows": 59987033, "Plan Width": 24}]}]}]}, "Unique SQL Id": 1080450481}, "explain_analyze_plan": null}, "(64, 27)": {"explain_plan": {"Plan": {"Node Type": "Aggregate", "Strategy": "Plain", "Startup Cost": 4001573244062.54, "Total Cost": 4001573244062.55, "Plan Rows": 1, "Plan Width": 16, "Plans": [{"Node Type": "Merge Join", "Parent Relationship": "Outer", "Join Type": "Inner", "Startup Cost": 40000000000.0, "Total Cost": 4001573244060.52, "Plan Rows": 806, "Plan Width": 8, "Inner Unique": true, "Merge Cond": "(public.part.p_partkey = public.lineitem.l_partkey)", "Join Filter": "(public.lineitem.l_quantity < (.2::double precision * (avg(public.lineitem.l_quantity))))", "Plans": [{"Node Type": "Merge Join", "Parent Relationship": "Outer", "Join Type": "Inner", "Startup Cost": 20000000000.0, "Total Cost": 2000786621777.7, "Plan Rows": 11032, "Plan Width": 32, "Inner Unique": true, "Merge Cond": "(public.lineitem.l_partkey = public.part.p_partkey)", "Plans": [{"Node Type": "Index Scan", "Parent Relationship": "Outer", "Scan Direction": "Forward", "Index Name": "idx_lineitem_part_supp", "Relation Name": "lineitem", "Alias": "lineitem", "Startup Cost": 10000000000.0, "Total Cost": 1000775391319.64, "Plan Rows": 59987033, "Plan Width": 24}, {"Node Type": "Materialize", "Parent Relationship": "Inner", "Startup Cost": 10000000000.0, "Total Cost": 1000011080330.0, "Plan Rows": 2001, "Plan Width": 8, "Plans": [{"Node Type": "Index Scan", "Parent Relationship": "Outer", "Scan Direction": "Forward", "Index Name": "part_kpey", "Relation Name": "part", "Alias": "part", "Startup Cost": 10000000000.0, "Total Cost": 1000011080325.0, "Plan Rows": 2001, "Plan Width": 8, "Filter": "((p_brand = 'Brand#44'::bpchar) AND (p_container = 'WRAP PKG'::bpchar))"}]}]}, {"Node Type": "Materialize", "Parent Relationship": "Inner", "Startup Cost": 20000000000.0, "Total Cost": 2000786622191.4, "Plan Rows": 11032, "Plan Width": 16, "Plans": [{"Node Type": "Aggregate", "Strategy": "Sorted", "Parent Relationship": "Outer", "Startup Cost": 20000000000.0, "Total Cost": 2000786622053.5, "Plan Rows": 11032, "Plan Width": 80, "Group By Key": ["public.lineitem.l_partkey"], "Plans": [{"Node Type": "Merge Join", "Parent Relationship": "Outer", "Join Type": "Semi", "Startup Cost": 20000000000.0, "Total Cost": 2000786621777.7, "Plan Rows": 11032, "Plan Width": 16, "Inner Unique": false, "Merge Cond": "(public.lineitem.l_partkey = public.part.p_partkey)", "Plans": [{"Node Type": "Index Scan", "Parent Relationship": "Outer", "Scan Direction": "Forward", "Index Name": "idx_lineitem_part_supp", "Relation Name": "lineitem", "Alias": "lineitem", "Startup Cost": 10000000000.0, "Total Cost": 1000775391319.64, "Plan Rows": 59987033, "Plan Width": 16}, {"Node Type": "Materialize", "Parent Relationship": "Inner", "Startup Cost": 10000000000.0, "Total Cost": 1000011080330.0, "Plan Rows": 2001, "Plan Width": 8, "Plans": [{"Node Type": "Index Scan", "Parent Relationship": "Outer", "Scan Direction": "Forward", "Index Name": "part_kpey", "Relation Name": "part", "Alias": "part", "Startup Cost": 10000000000.0, "Total Cost": 1000011080325.0, "Plan Rows": 2001, "Plan Width": 8, "Filter": "((p_brand = 'Brand#44'::bpchar) AND (p_container = 'WRAP PKG'::bpchar))"}]}]}]}]}]}]}, "Unique SQL Id": 1080450481}, "explain_analyze_plan": null}, "(64, 28)": {"explain_plan": {"Plan": {"Node Type": "Aggregate", "Strategy": "Plain", "Startup Cost": 208324.62, "Total Cost": 208324.63, "Plan Rows": 1, "Plan Width": 16, "Plans": [{"Node Type": "Nested Loop", "Parent Relationship": "Outer", "Join Type": "Inner", "Startup Cost": 128691.05, "Total Cost": 208322.6, "Plan Rows": 806, "Plan Width": 8, "Inner Unique": false, "Plans": [{"Node Type": "Nested Loop", "Parent Relationship": "Outer", "Join Type": "Inner", "Startup Cost": 128691.05, "Total Cost": 196146.55, "Plan Rows": 438, "Plan Width": 24, "Inner Unique": true, "Plans": [{"Node Type": "Aggregate", "Strategy": "Hashed", "Parent Relationship": "Outer", "Startup Cost": 128691.05, "Total Cost": 128884.11, "Plan Rows": 11032, "Plan Width": 16, "Group By Key": ["public.lineitem.l_partkey"], "Plans": [{"Node Type": "Nested Loop", "Parent Relationship": "Outer", "Join Type": "Inner", "Startup Cost": 0.0, "Total Cost": 128608.31, "Plan Rows": 11032, "Plan Width": 16, "Inner Unique": false, "Plans": [{"Node Type": "Seq Scan", "Parent Relationship": "Outer", "Relation Name": "part", "Alias": "part", "Startup Cost": 0.0, "Total Cost": 71944.0, "Plan Rows": 2001, "Plan Width": 8, "Filter": "((p_brand = 'Brand#44'::bpchar) AND (p_container = 'WRAP PKG'::bpchar))"}, {"Node Type": "Index Scan", "Parent Relationship": "Inner", "Scan Direction": "Forward", "Index Name": "idx_lineitem_part_supp", "Relation Name": "lineitem", "Alias": "lineitem", "Startup Cost": 0.0, "Total Cost": 28.26, "Plan Rows": 6, "Plan Width": 16, "Index Cond": "(l_partkey = public.part.p_partkey)"}]}]}, {"Node Type": "Index Scan", "Parent Relationship": "Inner", "Scan Direction": "Forward", "Index Name": "part_kpey", "Relation Name": "part", "Alias": "part", "Startup Cost": 0.0, "Total Cost": 6.08, "Plan Rows": 1, "Plan Width": 8, "Index Cond": "(p_partkey = public.lineitem.l_partkey)", "Filter": "((p_brand = 'Brand#44'::bpchar) AND (p_container = 'WRAP PKG'::bpchar))"}]}, {"Node Type": "Index Scan", "Parent Relationship": "Inner", "Scan Direction": "Forward", "Index Name": "idx_lineitem_part_supp", "Relation Name": "lineitem", "Alias": "lineitem", "Startup Cost": 0.0, "Total Cost": 27.78, "Plan Rows": 2, "Plan Width": 24, "Index Cond": "(l_partkey = public.lineitem.l_partkey)", "Filter": "(l_quantity < (.2::double precision * (avg(public.lineitem.l_quantity))))"}]}]}, "Unique SQL Id": 1080450481}, "explain_analyze_plan": {"Plan": {"Node Type": "Aggregate", "Strategy": "Plain", "Startup Cost": 208324.62, "Total Cost": 208324.63, "Plan Rows": 1, "Plan Width": 16, "Actual Startup Time": 1237.71, "Actual Total Time": 1237.71, "Actual Rows": 1, "Actual Loops": 1, "Plans": [{"Node Type": "Nested Loop", "Parent Relationship": "Outer", "Join Type": "Inner", "Startup Cost": 128691.05, "Total Cost": 208322.6, "Plan Rows": 806, "Plan Width": 8, "Actual Startup Time": 1029.199, "Actual Total Time": 1236.739, "Actual Rows": 5403, "Actual Loops": 1, "Inner Unique": false, "Plans": [{"Node Type": "Nested Loop", "Parent Relationship": "Outer", "Join Type": "Inner", "Startup Cost": 128691.05, "Total Cost": 196146.55, "Plan Rows": 438, "Plan Width": 24, "Actual Startup Time": 1029.156, "Actual Total Time": 1050.822, "Actual Rows": 2003, "Actual Loops": 1, "Inner Unique": true, "Plans": [{"Node Type": "Aggregate", "Strategy": "Hashed", "Parent Relationship": "Outer", "Startup Cost": 128691.05, "Total Cost": 128884.11, "Plan Rows": 11032, "Plan Width": 16, "Actual Startup Time": 1029.115, "Actual Total Time": 1030.893, "Actual Rows": 2003, "Actual Loops": 1, "Group By Key": ["public.lineitem.l_partkey"], "Plans": [{"Node Type": "Nested Loop", "Parent Relationship": "Outer", "Join Type": "Inner", "Startup Cost": 0.0, "Total Cost": 128608.31, "Plan Rows": 11032, "Plan Width": 16, "Actual Startup Time": 0.391, "Actual Total Time": 988.045, "Actual Rows": 60021, "Actual Loops": 1, "Inner Unique": false, "Plans": [{"Node Type": "Seq Scan", "Parent Relationship": "Outer", "Relation Name": "part", "Alias": "part", "Startup Cost": 0.0, "Total Cost": 71944.0, "Plan Rows": 2001, "Plan Width": 8, "Actual Startup Time": 0.368, "Actual Total Time": 794.914, "Actual Rows": 2003, "Actual Loops": 1, "Filter": "((p_brand = 'Brand#44'::bpchar) AND (p_container = 'WRAP PKG'::bpchar))", "Rows Removed by Filter": 1997997}, {"Node Type": "Index Scan", "Parent Relationship": "Inner", "Scan Direction": "Forward", "Index Name": "idx_lineitem_part_supp", "Relation Name": "lineitem", "Alias": "lineitem", "Startup Cost": 0.0, "Total Cost": 28.26, "Plan Rows": 6, "Plan Width": 16, "Actual Startup Time": 25.038, "Actual Total Time": 178.698, "Actual Rows": 60021, "Actual Loops": 2003, "Index Cond": "(l_partkey = public.part.p_partkey)", "Rows Removed by Index Recheck": 0}]}]}, {"Node Type": "Index Scan", "Parent Relationship": "Inner", "Scan Direction": "Forward", "Index Name": "part_kpey", "Relation Name": "part", "Alias": "part", "Startup Cost": 0.0, "Total Cost": 6.08, "Plan Rows": 1, "Plan Width": 8, "Actual Startup Time": 18.14, "Actual Total Time": 18.14, "Actual Rows": 2003, "Actual Loops": 2003, "Index Cond": "(p_partkey = public.lineitem.l_partkey)", "Rows Removed by Index Recheck": 0, "Filter": "((p_brand = 'Brand#44'::bpchar) AND (p_container = 'WRAP PKG'::bpchar))", "Rows Removed by Filter": 0}]}, {"Node Type": "Index Scan", "Parent Relationship": "Inner", "Scan Direction": "Forward", "Index Name": "idx_lineitem_part_supp", "Relation Name": "lineitem", "Alias": "lineitem", "Startup Cost": 0.0, "Total Cost": 27.78, "Plan Rows": 2, "Plan Width": 24, "Actual Startup Time": 74.664, "Actual Total Time": 183.579, "Actual Rows": 5403, "Actual Loops": 2003, "Index Cond": "(l_partkey = public.lineitem.l_partkey)", "Rows Removed by Index Recheck": 0, "Filter": "(l_quantity < (.2::double precision * (avg(public.lineitem.l_quantity))))", "Rows Removed by Filter": 54618}]}]}, "Triggers": [], "Planner Runtime": 1.459, "Total Runtime": 1237.93, "Unique SQL Id": 1080450481}}, "(64, 29)": {"explain_plan": {"Plan": {"Node Type": "Aggregate", "Strategy": "Plain", "Startup Cost": 247183.87, "Total Cost": 247183.88, "Plan Rows": 1, "Plan Width": 16, "Plans": [{"Node Type": "Nested Loop", "Parent Relationship": "Outer", "Join Type": "Inner", "Startup Cost": 0.0, "Total Cost": 247181.85, "Plan Rows": 806, "Plan Width": 8, "Inner Unique": false, "Plans": [{"Node Type": "Nested Loop", "Parent Relationship": "Outer", "Join Type": "Inner", "Startup Cost": 0.0, "Total Cost": 235005.8, "Plan Rows": 438, "Plan Width": 24, "Inner Unique": true, "Plans": [{"Node Type": "Aggregate", "Strategy": "Sorted", "Parent Relationship": "Outer", "Startup Cost": 0.0, "Total Cost": 167743.36, "Plan Rows": 11032, "Plan Width": 80, "Group By Key": ["public.lineitem.l_partkey"], "Plans": [{"Node Type": "Nested Loop", "Parent Relationship": "Outer", "Join Type": "Inner", "Startup Cost": 0.0, "Total Cost": 167467.56, "Plan Rows": 11032, "Plan Width": 16, "Inner Unique": false, "Plans": [{"Node Type": "Index Scan", "Parent Relationship": "Outer", "Scan Direction": "Forward", "Index Name": "part_kpey", "Relation Name": "part", "Alias": "part", "Startup Cost": 0.0, "Total Cost": 110803.25, "Plan Rows": 2001, "Plan Width": 8, "Filter": "((p_brand = 'Brand#44'::bpchar) AND (p_container = 'WRAP PKG'::bpchar))"}, {"Node Type": "Index Scan", "Parent Relationship": "Inner", "Scan Direction": "Forward", "Index Name": "idx_lineitem_part_supp", "Relation Name": "lineitem", "Alias": "lineitem", "Startup Cost": 0.0, "Total Cost": 28.26, "Plan Rows": 6, "Plan Width": 16, "Index Cond": "(l_partkey = public.part.p_partkey)"}]}]}, {"Node Type": "Index Scan", "Parent Relationship": "Inner", "Scan Direction": "Forward", "Index Name": "part_kpey", "Relation Name": "part", "Alias": "part", "Startup Cost": 0.0, "Total Cost": 6.08, "Plan Rows": 1, "Plan Width": 8, "Index Cond": "(p_partkey = public.lineitem.l_partkey)", "Filter": "((p_brand = 'Brand#44'::bpchar) AND (p_container = 'WRAP PKG'::bpchar))"}]}, {"Node Type": "Index Scan", "Parent Relationship": "Inner", "Scan Direction": "Forward", "Index Name": "idx_lineitem_part_supp", "Relation Name": "lineitem", "Alias": "lineitem", "Startup Cost": 0.0, "Total Cost": 27.78, "Plan Rows": 2, "Plan Width": 24, "Index Cond": "(l_partkey = public.lineitem.l_partkey)", "Filter": "(l_quantity < (.2::double precision * (avg(public.lineitem.l_quantity))))"}]}]}, "Unique SQL Id": 1080450481}, "explain_analyze_plan": {"Plan": {"Node Type": "Aggregate", "Strategy": "Plain", "Startup Cost": 247183.87, "Total Cost": 247183.88, "Plan Rows": 1, "Plan Width": 16, "Actual Startup Time": 1786.581, "Actual Total Time": 1786.581, "Actual Rows": 1, "Actual Loops": 1, "Plans": [{"Node Type": "Nested Loop", "Parent Relationship": "Outer", "Join Type": "Inner", "Startup Cost": 0.0, "Total Cost": 247181.85, "Plan Rows": 806, "Plan Width": 8, "Actual Startup Time": 2.095, "Actual Total Time": 1785.363, "Actual Rows": 5403, "Actual Loops": 1, "Inner Unique": false, "Plans": [{"Node Type": "Nested Loop", "Parent Relationship": "Outer", "Join Type": "Inner", "Startup Cost": 0.0, "Total Cost": 235005.8, "Plan Rows": 438, "Plan Width": 24, "Actual Startup Time": 2.05, "Actual Total Time": 1705.146, "Actual Rows": 2003, "Actual Loops": 1, "Inner Unique": true, "Plans": [{"Node Type": "Aggregate", "Strategy": "Sorted", "Parent Relationship": "Outer", "Startup Cost": 0.0, "Total Cost": 167743.36, "Plan Rows": 11032, "Plan Width": 80, "Actual Startup Time": 2.039, "Actual Total Time": 1693.01, "Actual Rows": 2003, "Actual Loops": 1, "Group By Key": ["public.lineitem.l_partkey"], "Plans": [{"Node Type": "Nested Loop", "Parent Relationship": "Outer", "Join Type": "Inner", "Startup Cost": 0.0, "Total Cost": 167467.56, "Plan Rows": 11032, "Plan Width": 16, "Actual Startup Time": 0.668, "Actual Total Time": 1660.016, "Actual Rows": 60021, "Actual Loops": 1, "Inner Unique": false, "Plans": [{"Node Type": "Index Scan", "Parent Relationship": "Outer", "Scan Direction": "Forward", "Index Name": "part_kpey", "Relation Name": "part", "Alias": "part", "Startup Cost": 0.0, "Total Cost": 110803.25, "Plan Rows": 2001, "Plan Width": 8, "Actual Startup Time": 0.649, "Actual Total Time": 1460.778, "Actual Rows": 2003, "Actual Loops": 1, "Filter": "((p_brand = 'Brand#44'::bpchar) AND (p_container = 'WRAP PKG'::bpchar))", "Rows Removed by Filter": 1997997}, {"Node Type": "Index Scan", "Parent Relationship": "Inner", "Scan Direction": "Forward", "Index Name": "idx_lineitem_part_supp", "Relation Name": "lineitem", "Alias": "lineitem", "Startup Cost": 0.0, "Total Cost": 28.26, "Plan Rows": 6, "Plan Width": 16, "Actual Startup Time": 23.917, "Actual Total Time": 183.588, "Actual Rows": 60021, "Actual Loops": 2003, "Index Cond": "(l_partkey = public.part.p_partkey)", "Rows Removed by Index Recheck": 0}]}]}, {"Node Type": "Index Scan", "Parent Relationship": "Inner", "Scan Direction": "Forward", "Index Name": "part_kpey", "Relation Name": "part", "Alias": "part", "Startup Cost": 0.0, "Total Cost": 6.08, "Plan Rows": 1, "Plan Width": 8, "Actual Startup Time": 9.552, "Actual Total Time": 9.552, "Actual Rows": 2003, "Actual Loops": 2003, "Index Cond": "(p_partkey = public.lineitem.l_partkey)", "Rows Removed by Index Recheck": 0, "Filter": "((p_brand = 'Brand#44'::bpchar) AND (p_container = 'WRAP PKG'::bpchar))", "Rows Removed by Filter": 0}]}, {"Node Type": "Index Scan", "Parent Relationship": "Inner", "Scan Direction": "Forward", "Index Name": "idx_lineitem_part_supp", "Relation Name": "lineitem", "Alias": "lineitem", "Startup Cost": 0.0, "Total Cost": 27.78, "Plan Rows": 2, "Plan Width": 24, "Actual Startup Time": 33.922, "Actual Total Time": 77.009, "Actual Rows": 5403, "Actual Loops": 2003, "Index Cond": "(l_partkey = public.lineitem.l_partkey)", "Rows Removed by Index Recheck": 0, "Filter": "(l_quantity < (.2::double precision * (avg(public.lineitem.l_quantity))))", "Rows Removed by Filter": 54618}]}]}, "Triggers": [], "Planner Runtime": 1.403, "Total Runtime": 1786.803, "Unique SQL Id": 1080450481}}, "(64, 30)": {"explain_plan": {"Plan": {"Node Type": "Aggregate", "Strategy": "Plain", "Startup Cost": 20274334.15, "Total Cost": 20274334.16, "Plan Rows": 1, "Plan Width": 16, "Plans": [{"Node Type": "Merge Join", "Parent Relationship": "Outer", "Join Type": "Inner", "Startup Cost": 19673876.07, "Total Cost": 20274332.13, "Plan Rows": 806, "Plan Width": 8, "Inner Unique": false, "Merge Cond": "(public.lineitem.l_partkey = public.lineitem.l_partkey)", "Join Filter": "(public.lineitem.l_quantity < (.2::double precision * (avg(public.lineitem.l_quantity))))", "Plans": [{"Node Type": "Merge Join", "Parent Relationship": "Outer", "Join Type": "Inner", "Startup Cost": 9908991.76, "Total Cost": 10209475.33, "Plan Rows": 438, "Plan Width": 24, "Inner Unique": true, "Merge Cond": "(public.lineitem.l_partkey = public.part.p_partkey)", "Plans": [{"Node Type": "Aggregate", "Strategy": "Sorted", "Parent Relationship": "Outer", "Startup Cost": 9836938.04, "Total Cost": 10137269.33, "Plan Rows": 11032, "Plan Width": 80, "Group By Key": ["public.lineitem.l_partkey"], "Plans": [{"Node Type": "Merge Join", "Parent Relationship": "Outer", "Join Type": "Inner", "Startup Cost": 9836938.04, "Total Cost": 10136993.53, "Plan Rows": 11032, "Plan Width": 16, "Inner Unique": false, "Merge Cond": "(public.part.p_partkey = public.lineitem.l_partkey)", "Plans": [{"Node Type": "Sort", "Parent Relationship": "Outer", "Startup Cost": 72053.72, "Total Cost": 72058.72, "Plan Rows": 2001, "Plan Width": 8, "Sort Key": ["public.part.p_partkey"], "Plans": [{"Node Type": "Seq Scan", "Parent Relationship": "Outer", "Relation Name": "part", "Alias": "part", "Startup Cost": 0.0, "Total Cost": 71944.0, "Plan Rows": 2001, "Plan Width": 8, "Filter": "((p_brand = 'Brand#44'::bpchar) AND (p_container = 'WRAP PKG'::bpchar))"}]}, {"Node Type": "Sort", "Parent Relationship": "Inner", "Startup Cost": 9764884.32, "Total Cost": 9914851.9, "Plan Rows": 59987033, "Plan Width": 16, "Sort Key": ["public.lineitem.l_partkey"], "Plans": [{"Node Type": "Seq Scan", "Parent Relationship": "Outer", "Relation Name": "lineitem", "Alias": "lineitem", "Startup Cost": 0.0, "Total Cost": 2015115.33, "Plan Rows": 59987033, "Plan Width": 16}]}]}]}, {"Node Type": "Sort", "Parent Relationship": "Inner", "Startup Cost": 72053.72, "Total Cost": 72058.72, "Plan Rows": 2001, "Plan Width": 8, "Sort Key": ["public.part.p_partkey"], "Plans": [{"Node Type": "Seq Scan", "Parent Relationship": "Outer", "Relation Name": "part", "Alias": "part", "Startup Cost": 0.0, "Total Cost": 71944.0, "Plan Rows": 2001, "Plan Width": 8, "Filter": "((p_brand = 'Brand#44'::bpchar) AND (p_container = 'WRAP PKG'::bpchar))"}]}]}, {"Node Type": "Sort", "Parent Relationship": "Inner", "Startup Cost": 9764884.32, "Total Cost": 9914851.9, "Plan Rows": 59987033, "Plan Width": 24, "Sort Key": ["public.lineitem.l_partkey"], "Plans": [{"Node Type": "Seq Scan", "Parent Relationship": "Outer", "Relation Name": "lineitem", "Alias": "lineitem", "Startup Cost": 0.0, "Total Cost": 2015115.33, "Plan Rows": 59987033, "Plan Width": 24}]}]}]}, "Unique SQL Id": 1080450481}, "explain_analyze_plan": null}, "(64, 31)": {"explain_plan": {"Plan": {"Node Type": "Aggregate", "Strategy": "Plain", "Startup Cost": 4001573244062.54, "Total Cost": 4001573244062.55, "Plan Rows": 1, "Plan Width": 16, "Plans": [{"Node Type": "Merge Join", "Parent Relationship": "Outer", "Join Type": "Inner", "Startup Cost": 40000000000.0, "Total Cost": 4001573244060.52, "Plan Rows": 806, "Plan Width": 8, "Inner Unique": true, "Merge Cond": "(public.part.p_partkey = public.lineitem.l_partkey)", "Join Filter": "(public.lineitem.l_quantity < (.2::double precision * (avg(public.lineitem.l_quantity))))", "Plans": [{"Node Type": "Merge Join", "Parent Relationship": "Outer", "Join Type": "Inner", "Startup Cost": 20000000000.0, "Total Cost": 2000786621777.7, "Plan Rows": 11032, "Plan Width": 32, "Inner Unique": true, "Merge Cond": "(public.lineitem.l_partkey = public.part.p_partkey)", "Plans": [{"Node Type": "Index Scan", "Parent Relationship": "Outer", "Scan Direction": "Forward", "Index Name": "idx_lineitem_part_supp", "Relation Name": "lineitem", "Alias": "lineitem", "Startup Cost": 10000000000.0, "Total Cost": 1000775391319.64, "Plan Rows": 59987033, "Plan Width": 24}, {"Node Type": "Materialize", "Parent Relationship": "Inner", "Startup Cost": 10000000000.0, "Total Cost": 1000011080330.0, "Plan Rows": 2001, "Plan Width": 8, "Plans": [{"Node Type": "Index Scan", "Parent Relationship": "Outer", "Scan Direction": "Forward", "Index Name": "part_kpey", "Relation Name": "part", "Alias": "part", "Startup Cost": 10000000000.0, "Total Cost": 1000011080325.0, "Plan Rows": 2001, "Plan Width": 8, "Filter": "((p_brand = 'Brand#44'::bpchar) AND (p_container = 'WRAP PKG'::bpchar))"}]}]}, {"Node Type": "Materialize", "Parent Relationship": "Inner", "Startup Cost": 20000000000.0, "Total Cost": 2000786622191.4, "Plan Rows": 11032, "Plan Width": 16, "Plans": [{"Node Type": "Aggregate", "Strategy": "Sorted", "Parent Relationship": "Outer", "Startup Cost": 20000000000.0, "Total Cost": 2000786622053.5, "Plan Rows": 11032, "Plan Width": 80, "Group By Key": ["public.lineitem.l_partkey"], "Plans": [{"Node Type": "Merge Join", "Parent Relationship": "Outer", "Join Type": "Semi", "Startup Cost": 20000000000.0, "Total Cost": 2000786621777.7, "Plan Rows": 11032, "Plan Width": 16, "Inner Unique": false, "Merge Cond": "(public.lineitem.l_partkey = public.part.p_partkey)", "Plans": [{"Node Type": "Index Scan", "Parent Relationship": "Outer", "Scan Direction": "Forward", "Index Name": "idx_lineitem_part_supp", "Relation Name": "lineitem", "Alias": "lineitem", "Startup Cost": 10000000000.0, "Total Cost": 1000775391319.64, "Plan Rows": 59987033, "Plan Width": 16}, {"Node Type": "Materialize", "Parent Relationship": "Inner", "Startup Cost": 10000000000.0, "Total Cost": 1000011080330.0, "Plan Rows": 2001, "Plan Width": 8, "Plans": [{"Node Type": "Index Scan", "Parent Relationship": "Outer", "Scan Direction": "Forward", "Index Name": "part_kpey", "Relation Name": "part", "Alias": "part", "Startup Cost": 10000000000.0, "Total Cost": 1000011080325.0, "Plan Rows": 2001, "Plan Width": 8, "Filter": "((p_brand = 'Brand#44'::bpchar) AND (p_container = 'WRAP PKG'::bpchar))"}]}]}]}]}]}]}, "Unique SQL Id": 1080450481}, "explain_analyze_plan": null}, "(64, 32)": {"explain_plan": {"Plan": {"Node Type": "Aggregate", "Strategy": "Plain", "Startup Cost": 208324.62, "Total Cost": 208324.63, "Plan Rows": 1, "Plan Width": 16, "Plans": [{"Node Type": "Nested Loop", "Parent Relationship": "Outer", "Join Type": "Inner", "Startup Cost": 128691.05, "Total Cost": 208322.6, "Plan Rows": 806, "Plan Width": 8, "Inner Unique": false, "Plans": [{"Node Type": "Nested Loop", "Parent Relationship": "Outer", "Join Type": "Inner", "Startup Cost": 128691.05, "Total Cost": 196146.55, "Plan Rows": 438, "Plan Width": 24, "Inner Unique": true, "Plans": [{"Node Type": "Aggregate", "Strategy": "Hashed", "Parent Relationship": "Outer", "Startup Cost": 128691.05, "Total Cost": 128884.11, "Plan Rows": 11032, "Plan Width": 16, "Group By Key": ["public.lineitem.l_partkey"], "Plans": [{"Node Type": "Nested Loop", "Parent Relationship": "Outer", "Join Type": "Inner", "Startup Cost": 0.0, "Total Cost": 128608.31, "Plan Rows": 11032, "Plan Width": 16, "Inner Unique": false, "Plans": [{"Node Type": "Seq Scan", "Parent Relationship": "Outer", "Relation Name": "part", "Alias": "part", "Startup Cost": 0.0, "Total Cost": 71944.0, "Plan Rows": 2001, "Plan Width": 8, "Filter": "((p_brand = 'Brand#44'::bpchar) AND (p_container = 'WRAP PKG'::bpchar))"}, {"Node Type": "Index Scan", "Parent Relationship": "Inner", "Scan Direction": "Forward", "Index Name": "idx_lineitem_part_supp", "Relation Name": "lineitem", "Alias": "lineitem", "Startup Cost": 0.0, "Total Cost": 28.26, "Plan Rows": 6, "Plan Width": 16, "Index Cond": "(l_partkey = public.part.p_partkey)"}]}]}, {"Node Type": "Index Scan", "Parent Relationship": "Inner", "Scan Direction": "Forward", "Index Name": "part_kpey", "Relation Name": "part", "Alias": "part", "Startup Cost": 0.0, "Total Cost": 6.08, "Plan Rows": 1, "Plan Width": 8, "Index Cond": "(p_partkey = public.lineitem.l_partkey)", "Filter": "((p_brand = 'Brand#44'::bpchar) AND (p_container = 'WRAP PKG'::bpchar))"}]}, {"Node Type": "Index Scan", "Parent Relationship": "Inner", "Scan Direction": "Forward", "Index Name": "idx_lineitem_part_supp", "Relation Name": "lineitem", "Alias": "lineitem", "Startup Cost": 0.0, "Total Cost": 27.78, "Plan Rows": 2, "Plan Width": 24, "Index Cond": "(l_partkey = public.lineitem.l_partkey)", "Filter": "(l_quantity < (.2::double precision * (avg(public.lineitem.l_quantity))))"}]}]}, "Unique SQL Id": 1080450481}, "explain_analyze_plan": {"Plan": {"Node Type": "Aggregate", "Strategy": "Plain", "Startup Cost": 208324.62, "Total Cost": 208324.63, "Plan Rows": 1, "Plan Width": 16, "Actual Startup Time": 1237.71, "Actual Total Time": 1237.71, "Actual Rows": 1, "Actual Loops": 1, "Plans": [{"Node Type": "Nested Loop", "Parent Relationship": "Outer", "Join Type": "Inner", "Startup Cost": 128691.05, "Total Cost": 208322.6, "Plan Rows": 806, "Plan Width": 8, "Actual Startup Time": 1029.199, "Actual Total Time": 1236.739, "Actual Rows": 5403, "Actual Loops": 1, "Inner Unique": false, "Plans": [{"Node Type": "Nested Loop", "Parent Relationship": "Outer", "Join Type": "Inner", "Startup Cost": 128691.05, "Total Cost": 196146.55, "Plan Rows": 438, "Plan Width": 24, "Actual Startup Time": 1029.156, "Actual Total Time": 1050.822, "Actual Rows": 2003, "Actual Loops": 1, "Inner Unique": true, "Plans": [{"Node Type": "Aggregate", "Strategy": "Hashed", "Parent Relationship": "Outer", "Startup Cost": 128691.05, "Total Cost": 128884.11, "Plan Rows": 11032, "Plan Width": 16, "Actual Startup Time": 1029.115, "Actual Total Time": 1030.893, "Actual Rows": 2003, "Actual Loops": 1, "Group By Key": ["public.lineitem.l_partkey"], "Plans": [{"Node Type": "Nested Loop", "Parent Relationship": "Outer", "Join Type": "Inner", "Startup Cost": 0.0, "Total Cost": 128608.31, "Plan Rows": 11032, "Plan Width": 16, "Actual Startup Time": 0.391, "Actual Total Time": 988.045, "Actual Rows": 60021, "Actual Loops": 1, "Inner Unique": false, "Plans": [{"Node Type": "Seq Scan", "Parent Relationship": "Outer", "Relation Name": "part", "Alias": "part", "Startup Cost": 0.0, "Total Cost": 71944.0, "Plan Rows": 2001, "Plan Width": 8, "Actual Startup Time": 0.368, "Actual Total Time": 794.914, "Actual Rows": 2003, "Actual Loops": 1, "Filter": "((p_brand = 'Brand#44'::bpchar) AND (p_container = 'WRAP PKG'::bpchar))", "Rows Removed by Filter": 1997997}, {"Node Type": "Index Scan", "Parent Relationship": "Inner", "Scan Direction": "Forward", "Index Name": "idx_lineitem_part_supp", "Relation Name": "lineitem", "Alias": "lineitem", "Startup Cost": 0.0, "Total Cost": 28.26, "Plan Rows": 6, "Plan Width": 16, "Actual Startup Time": 25.038, "Actual Total Time": 178.698, "Actual Rows": 60021, "Actual Loops": 2003, "Index Cond": "(l_partkey = public.part.p_partkey)", "Rows Removed by Index Recheck": 0}]}]}, {"Node Type": "Index Scan", "Parent Relationship": "Inner", "Scan Direction": "Forward", "Index Name": "part_kpey", "Relation Name": "part", "Alias": "part", "Startup Cost": 0.0, "Total Cost": 6.08, "Plan Rows": 1, "Plan Width": 8, "Actual Startup Time": 18.14, "Actual Total Time": 18.14, "Actual Rows": 2003, "Actual Loops": 2003, "Index Cond": "(p_partkey = public.lineitem.l_partkey)", "Rows Removed by Index Recheck": 0, "Filter": "((p_brand = 'Brand#44'::bpchar) AND (p_container = 'WRAP PKG'::bpchar))", "Rows Removed by Filter": 0}]}, {"Node Type": "Index Scan", "Parent Relationship": "Inner", "Scan Direction": "Forward", "Index Name": "idx_lineitem_part_supp", "Relation Name": "lineitem", "Alias": "lineitem", "Startup Cost": 0.0, "Total Cost": 27.78, "Plan Rows": 2, "Plan Width": 24, "Actual Startup Time": 74.664, "Actual Total Time": 183.579, "Actual Rows": 5403, "Actual Loops": 2003, "Index Cond": "(l_partkey = public.lineitem.l_partkey)", "Rows Removed by Index Recheck": 0, "Filter": "(l_quantity < (.2::double precision * (avg(public.lineitem.l_quantity))))", "Rows Removed by Filter": 54618}]}]}, "Triggers": [], "Planner Runtime": 1.459, "Total Runtime": 1237.93, "Unique SQL Id": 1080450481}}, "(64, 33)": {"explain_plan": {"Plan": {"Node Type": "Aggregate", "Strategy": "Plain", "Startup Cost": 247183.87, "Total Cost": 247183.88, "Plan Rows": 1, "Plan Width": 16, "Plans": [{"Node Type": "Nested Loop", "Parent Relationship": "Outer", "Join Type": "Inner", "Startup Cost": 0.0, "Total Cost": 247181.85, "Plan Rows": 806, "Plan Width": 8, "Inner Unique": false, "Plans": [{"Node Type": "Nested Loop", "Parent Relationship": "Outer", "Join Type": "Inner", "Startup Cost": 0.0, "Total Cost": 235005.8, "Plan Rows": 438, "Plan Width": 24, "Inner Unique": true, "Plans": [{"Node Type": "Aggregate", "Strategy": "Sorted", "Parent Relationship": "Outer", "Startup Cost": 0.0, "Total Cost": 167743.36, "Plan Rows": 11032, "Plan Width": 80, "Group By Key": ["public.lineitem.l_partkey"], "Plans": [{"Node Type": "Nested Loop", "Parent Relationship": "Outer", "Join Type": "Inner", "Startup Cost": 0.0, "Total Cost": 167467.56, "Plan Rows": 11032, "Plan Width": 16, "Inner Unique": false, "Plans": [{"Node Type": "Index Scan", "Parent Relationship": "Outer", "Scan Direction": "Forward", "Index Name": "part_kpey", "Relation Name": "part", "Alias": "part", "Startup Cost": 0.0, "Total Cost": 110803.25, "Plan Rows": 2001, "Plan Width": 8, "Filter": "((p_brand = 'Brand#44'::bpchar) AND (p_container = 'WRAP PKG'::bpchar))"}, {"Node Type": "Index Scan", "Parent Relationship": "Inner", "Scan Direction": "Forward", "Index Name": "idx_lineitem_part_supp", "Relation Name": "lineitem", "Alias": "lineitem", "Startup Cost": 0.0, "Total Cost": 28.26, "Plan Rows": 6, "Plan Width": 16, "Index Cond": "(l_partkey = public.part.p_partkey)"}]}]}, {"Node Type": "Index Scan", "Parent Relationship": "Inner", "Scan Direction": "Forward", "Index Name": "part_kpey", "Relation Name": "part", "Alias": "part", "Startup Cost": 0.0, "Total Cost": 6.08, "Plan Rows": 1, "Plan Width": 8, "Index Cond": "(p_partkey = public.lineitem.l_partkey)", "Filter": "((p_brand = 'Brand#44'::bpchar) AND (p_container = 'WRAP PKG'::bpchar))"}]}, {"Node Type": "Index Scan", "Parent Relationship": "Inner", "Scan Direction": "Forward", "Index Name": "idx_lineitem_part_supp", "Relation Name": "lineitem", "Alias": "lineitem", "Startup Cost": 0.0, "Total Cost": 27.78, "Plan Rows": 2, "Plan Width": 24, "Index Cond": "(l_partkey = public.lineitem.l_partkey)", "Filter": "(l_quantity < (.2::double precision * (avg(public.lineitem.l_quantity))))"}]}]}, "Unique SQL Id": 1080450481}, "explain_analyze_plan": {"Plan": {"Node Type": "Aggregate", "Strategy": "Plain", "Startup Cost": 247183.87, "Total Cost": 247183.88, "Plan Rows": 1, "Plan Width": 16, "Actual Startup Time": 1786.581, "Actual Total Time": 1786.581, "Actual Rows": 1, "Actual Loops": 1, "Plans": [{"Node Type": "Nested Loop", "Parent Relationship": "Outer", "Join Type": "Inner", "Startup Cost": 0.0, "Total Cost": 247181.85, "Plan Rows": 806, "Plan Width": 8, "Actual Startup Time": 2.095, "Actual Total Time": 1785.363, "Actual Rows": 5403, "Actual Loops": 1, "Inner Unique": false, "Plans": [{"Node Type": "Nested Loop", "Parent Relationship": "Outer", "Join Type": "Inner", "Startup Cost": 0.0, "Total Cost": 235005.8, "Plan Rows": 438, "Plan Width": 24, "Actual Startup Time": 2.05, "Actual Total Time": 1705.146, "Actual Rows": 2003, "Actual Loops": 1, "Inner Unique": true, "Plans": [{"Node Type": "Aggregate", "Strategy": "Sorted", "Parent Relationship": "Outer", "Startup Cost": 0.0, "Total Cost": 167743.36, "Plan Rows": 11032, "Plan Width": 80, "Actual Startup Time": 2.039, "Actual Total Time": 1693.01, "Actual Rows": 2003, "Actual Loops": 1, "Group By Key": ["public.lineitem.l_partkey"], "Plans": [{"Node Type": "Nested Loop", "Parent Relationship": "Outer", "Join Type": "Inner", "Startup Cost": 0.0, "Total Cost": 167467.56, "Plan Rows": 11032, "Plan Width": 16, "Actual Startup Time": 0.668, "Actual Total Time": 1660.016, "Actual Rows": 60021, "Actual Loops": 1, "Inner Unique": false, "Plans": [{"Node Type": "Index Scan", "Parent Relationship": "Outer", "Scan Direction": "Forward", "Index Name": "part_kpey", "Relation Name": "part", "Alias": "part", "Startup Cost": 0.0, "Total Cost": 110803.25, "Plan Rows": 2001, "Plan Width": 8, "Actual Startup Time": 0.649, "Actual Total Time": 1460.778, "Actual Rows": 2003, "Actual Loops": 1, "Filter": "((p_brand = 'Brand#44'::bpchar) AND (p_container = 'WRAP PKG'::bpchar))", "Rows Removed by Filter": 1997997}, {"Node Type": "Index Scan", "Parent Relationship": "Inner", "Scan Direction": "Forward", "Index Name": "idx_lineitem_part_supp", "Relation Name": "lineitem", "Alias": "lineitem", "Startup Cost": 0.0, "Total Cost": 28.26, "Plan Rows": 6, "Plan Width": 16, "Actual Startup Time": 23.917, "Actual Total Time": 183.588, "Actual Rows": 60021, "Actual Loops": 2003, "Index Cond": "(l_partkey = public.part.p_partkey)", "Rows Removed by Index Recheck": 0}]}]}, {"Node Type": "Index Scan", "Parent Relationship": "Inner", "Scan Direction": "Forward", "Index Name": "part_kpey", "Relation Name": "part", "Alias": "part", "Startup Cost": 0.0, "Total Cost": 6.08, "Plan Rows": 1, "Plan Width": 8, "Actual Startup Time": 9.552, "Actual Total Time": 9.552, "Actual Rows": 2003, "Actual Loops": 2003, "Index Cond": "(p_partkey = public.lineitem.l_partkey)", "Rows Removed by Index Recheck": 0, "Filter": "((p_brand = 'Brand#44'::bpchar) AND (p_container = 'WRAP PKG'::bpchar))", "Rows Removed by Filter": 0}]}, {"Node Type": "Index Scan", "Parent Relationship": "Inner", "Scan Direction": "Forward", "Index Name": "idx_lineitem_part_supp", "Relation Name": "lineitem", "Alias": "lineitem", "Startup Cost": 0.0, "Total Cost": 27.78, "Plan Rows": 2, "Plan Width": 24, "Actual Startup Time": 33.922, "Actual Total Time": 77.009, "Actual Rows": 5403, "Actual Loops": 2003, "Index Cond": "(l_partkey = public.lineitem.l_partkey)", "Rows Removed by Index Recheck": 0, "Filter": "(l_quantity < (.2::double precision * (avg(public.lineitem.l_quantity))))", "Rows Removed by Filter": 54618}]}]}, "Triggers": [], "Planner Runtime": 1.403, "Total Runtime": 1786.803, "Unique SQL Id": 1080450481}}, "(64, 34)": {"explain_plan": {"Plan": {"Node Type": "Aggregate", "Strategy": "Plain", "Startup Cost": 213754.44, "Total Cost": 213754.45, "Plan Rows": 1, "Plan Width": 16, "Plans": [{"Node Type": "Nested Loop", "Parent Relationship": "Outer", "Join Type": "Inner", "Startup Cost": 129265.51, "Total Cost": 213752.42, "Plan Rows": 806, "Plan Width": 8, "Inner Unique": false, "Plans": [{"Node Type": "Hash Join", "Parent Relationship": "Outer", "Join Type": "Inner", "Startup Cost": 129261.29, "Total Cost": 201352.24, "Plan Rows": 438, "Plan Width": 24, "Inner Unique": true, "Hash Cond": "(public.part.p_partkey = subquery.\"?column?\")", "Plans": [{"Node Type": "Seq Scan", "Parent Relationship": "Outer", "Relation Name": "part", "Alias": "part", "Startup Cost": 0.0, "Total Cost": 71944.0, "Plan Rows": 2001, "Plan Width": 8, "Filter": "((p_brand = 'Brand#44'::bpchar) AND (p_container = 'WRAP PKG'::bpchar))"}, {"Node Type": "Hash", "Parent Relationship": "Inner", "Startup Cost": 129123.39, "Total Cost": 129123.39, "Plan Rows": 11032, "Plan Width": 16, "Plans": [{"Node Type": "Subquery Scan", "Parent Relationship": "Outer", "Alias": "subquery", "Startup Cost": 128820.01, "Total Cost": 129123.39, "Plan Rows": 11032, "Plan Width": 16, "Plans": [{"Node Type": "Aggregate", "Strategy": "Hashed", "Parent Relationship": "Subquery", "Startup Cost": 128820.01, "Total Cost": 129013.07, "Plan Rows": 11032, "Plan Width": 16, "Group By Key": ["public.lineitem.l_partkey"], "Plans": [{"Node Type": "Nested Loop", "Parent Relationship": "Outer", "Join Type": "Inner", "Startup Cost": 4.28, "Total Cost": 128737.27, "Plan Rows": 11032, "Plan Width": 16, "Inner Unique": false, "Plans": [{"Node Type": "Seq Scan", "Parent Relationship": "Outer", "Relation Name": "part", "Alias": "part", "Startup Cost": 0.0, "Total Cost": 71944.0, "Plan Rows": 2001, "Plan Width": 8, "Filter": "((p_brand = 'Brand#44'::bpchar) AND (p_container = 'WRAP PKG'::bpchar))"}, {"Node Type": "Bitmap Heap Scan", "Parent Relationship": "Inner", "Relation Name": "lineitem", "Alias": "lineitem", "Startup Cost": 4.28, "Total Cost": 28.32, "Plan Rows": 6, "Plan Width": 16, "Recheck Cond": "(l_partkey = public.part.p_partkey)", "Plans": [{"Node Type": "Bitmap Index Scan", "Parent Relationship": "Outer", "Index Name": "idx_lineitem_part_supp", "Startup Cost": 0.0, "Total Cost": 4.28, "Plan Rows": 6, "Plan Width": 0, "Index Cond": "(l_partkey = public.part.p_partkey)"}]}]}]}]}]}]}, {"Node Type": "Bitmap Heap Scan", "Parent Relationship": "Inner", "Relation Name": "lineitem", "Alias": "lineitem", "Startup Cost": 4.22, "Total Cost": 28.29, "Plan Rows": 2, "Plan Width": 24, "Recheck Cond": "(l_partkey = subquery.\"?column?\")", "Filter": "(l_quantity < (.2::double precision * subquery.\"?column?\"))", "Plans": [{"Node Type": "Bitmap Index Scan", "Parent Relationship": "Outer", "Index Name": "idx_lineitem_part_supp", "Startup Cost": 0.0, "Total Cost": 4.22, "Plan Rows": 6, "Plan Width": 0, "Index Cond": "(l_partkey = subquery.\"?column?\")"}]}]}]}, "Unique SQL Id": 1080450481}, "explain_analyze_plan": {"Plan": {"Node Type": "Aggregate", "Strategy": "Plain", "Startup Cost": 213754.44, "Total Cost": 213754.45, "Plan Rows": 1, "Plan Width": 16, "Actual Startup Time": 2114.265, "Actual Total Time": 2114.265, "Actual Rows": 1, "Actual Loops": 1, "Plans": [{"Node Type": "Nested Loop", "Parent Relationship": "Outer", "Join Type": "Inner", "Startup Cost": 129265.51, "Total Cost": 213752.42, "Plan Rows": 806, "Plan Width": 8, "Actual Startup Time": 1067.22, "Actual Total Time": 2113.023, "Actual Rows": 5403, "Actual Loops": 1, "Inner Unique": false, "Plans": [{"Node Type": "Hash Join", "Parent Relationship": "Outer", "Join Type": "Inner", "Startup Cost": 129261.29, "Total Cost": 201352.24, "Plan Rows": 438, "Plan Width": 24, "Actual Startup Time": 1067.138, "Actual Total Time": 1885.555, "Actual Rows": 2003, "Actual Loops": 1, "Inner Unique": true, "Hash Cond": "(public.part.p_partkey = subquery.\"?column?\")", "Plans": [{"Node Type": "Seq Scan", "Parent Relationship": "Outer", "Relation Name": "part", "Alias": "part", "Startup Cost": 0.0, "Total Cost": 71944.0, "Plan Rows": 2001, "Plan Width": 8, "Actual Startup Time": 0.364, "Actual Total Time": 816.434, "Actual Rows": 2003, "Actual Loops": 1, "Filter": "((p_brand = 'Brand#44'::bpchar) AND (p_container = 'WRAP PKG'::bpchar))", "Rows Removed by Filter": 1997997}, {"Node Type": "Hash", "Parent Relationship": "Inner", "Startup Cost": 129123.39, "Total Cost": 129123.39, "Plan Rows": 11032, "Plan Width": 16, "Actual Startup Time": 1066.68, "Actual Total Time": 1066.68, "Actual Rows": 2003, "Actual Loops": 1, "Hash Buckets": 32768, "Hash Batches": 1, "Original Hash Batches": 1, "Peak Memory Usage": 94, "Plans": [{"Node Type": "Subquery Scan", "Parent Relationship": "Outer", "Alias": "subquery", "Startup Cost": 128820.01, "Total Cost": 129123.39, "Plan Rows": 11032, "Plan Width": 16, "Actual Startup Time": 1064.333, "Actual Total Time": 1066.035, "Actual Rows": 2003, "Actual Loops": 1, "Plans": [{"Node Type": "Aggregate", "Strategy": "Hashed", "Parent Relationship": "Subquery", "Startup Cost": 128820.01, "Total Cost": 129013.07, "Plan Rows": 11032, "Plan Width": 16, "Actual Startup Time": 1064.331, "Actual Total Time": 1065.643, "Actual Rows": 2003, "Actual Loops": 1, "Group By Key": ["public.lineitem.l_partkey"], "Plans": [{"Node Type": "Nested Loop", "Parent Relationship": "Outer", "Join Type": "Inner", "Startup Cost": 4.28, "Total Cost": 128737.27, "Plan Rows": 11032, "Plan Width": 16, "Actual Startup Time": 0.362, "Actual Total Time": 1023.864, "Actual Rows": 60021, "Actual Loops": 1, "Inner Unique": false, "Plans": [{"Node Type": "Seq Scan", "Parent Relationship": "Outer", "Relation Name": "part", "Alias": "part", "Startup Cost": 0.0, "Total Cost": 71944.0, "Plan Rows": 2001, "Plan Width": 8, "Actual Startup Time": 0.314, "Actual Total Time": 798.742, "Actual Rows": 2003, "Actual Loops": 1, "Filter": "((p_brand = 'Brand#44'::bpchar) AND (p_container = 'WRAP PKG'::bpchar))", "Rows Removed by Filter": 1997997}, {"Node Type": "Bitmap Heap Scan", "Parent Relationship": "Inner", "Relation Name": "lineitem", "Alias": "lineitem", "Startup Cost": 4.28, "Total Cost": 28.32, "Plan Rows": 6, "Plan Width": 16, "Actual Startup Time": 42.668, "Actual Total Time": 207.495, "Actual Rows": 60021, "Actual Loops": 2003, "Recheck Cond": "(l_partkey = public.part.p_partkey)", "Rows Removed by Index Recheck": 0, "Exact Heap Blocks": 60018, "Lossy Heap Blocks": 60018, "Plans": [{"Node Type": "Bitmap Index Scan", "Parent Relationship": "Outer", "Index Name": "idx_lineitem_part_supp", "Startup Cost": 0.0, "Total Cost": 4.28, "Plan Rows": 6, "Plan Width": 0, "Actual Startup Time": 27.97, "Actual Total Time": 27.97, "Actual Rows": 60021, "Actual Loops": 2003, "Index Cond": "(l_partkey = public.part.p_partkey)"}]}]}]}]}]}]}, {"Node Type": "Bitmap Heap Scan", "Parent Relationship": "Inner", "Relation Name": "lineitem", "Alias": "lineitem", "Startup Cost": 4.22, "Total Cost": 28.29, "Plan Rows": 2, "Plan Width": 24, "Actual Startup Time": 97.194, "Actual Total Time": 221.452, "Actual Rows": 5403, "Actual Loops": 2003, "Recheck Cond": "(l_partkey = subquery.\"?column?\")", "Rows Removed by Index Recheck": 0, "Filter": "(l_quantity < (.2::double precision * subquery.\"?column?\"))", "Rows Removed by Filter": 54618, "Exact Heap Blocks": 60018, "Lossy Heap Blocks": 60018, "Plans": [{"Node Type": "Bitmap Index Scan", "Parent Relationship": "Outer", "Index Name": "idx_lineitem_part_supp", "Startup Cost": 0.0, "Total Cost": 4.22, "Plan Rows": 6, "Plan Width": 0, "Actual Startup Time": 25.497, "Actual Total Time": 25.497, "Actual Rows": 60021, "Actual Loops": 2003, "Index Cond": "(l_partkey = subquery.\"?column?\")"}]}]}]}, "Triggers": [], "Planner Runtime": 1.435, "Total Runtime": 2114.563, "Unique SQL Id": 1080450481}}, "(64, 35)": {"explain_plan": {"Plan": {"Node Type": "Aggregate", "Strategy": "Plain", "Startup Cost": 1001032279502.61, "Total Cost": 1001032279502.62, "Plan Rows": 1, "Plan Width": 16, "Plans": [{"Node Type": "Nested Loop", "Parent Relationship": "Outer", "Join Type": "Inner", "Startup Cost": 10000000004.74, "Total Cost": 1001032279500.6, "Plan Rows": 806, "Plan Width": 8, "Inner Unique": true, "Join Filter": "(public.lineitem.l_partkey = public.part.p_partkey)", "Plans": [{"Node Type": "Nested Loop", "Parent Relationship": "Outer", "Join Type": "Inner", "Startup Cost": 10000000004.48, "Total Cost": 1001032192561.0, "Plan Rows": 20274, "Plan Width": 24, "Inner Unique": false, "Plans": [{"Node Type": "Aggregate", "Strategy": "Sorted", "Parent Relationship": "Outer", "Startup Cost": 10000000000.26, "Total Cost": 1001031880124.59, "Plan Rows": 11032, "Plan Width": 80, "Group By Key": ["public.lineitem.l_partkey"], "Plans": [{"Node Type": "Nested Loop", "Parent Relationship": "Outer", "Join Type": "Semi", "Startup Cost": 10000000000.26, "Total Cost": 1001031879848.79, "Plan Rows": 11032, "Plan Width": 16, "Inner Unique": false, "Plans": [{"Node Type": "Index Scan", "Parent Relationship": "Outer", "Scan Direction": "Forward", "Index Name": "idx_lineitem_part_supp", "Relation Name": "lineitem", "Alias": "lineitem", "Startup Cost": 10000000000.0, "Total Cost": 1000775391319.64, "Plan Rows": 59987033, "Plan Width": 16}, {"Node Type": "Bitmap Heap Scan", "Parent Relationship": "Inner", "Relation Name": "part", "Alias": "part", "Startup Cost": 0.26, "Total Cost": 4.28, "Plan Rows": 1, "Plan Width": 8, "Recheck Cond": "(p_partkey = public.lineitem.l_partkey)", "Filter": "((p_brand = 'Brand#44'::bpchar) AND (p_container = 'WRAP PKG'::bpchar))", "Plans": [{"Node Type": "Bitmap Index Scan", "Parent Relationship": "Outer", "Index Name": "part_kpey", "Startup Cost": 0.0, "Total Cost": 0.26, "Plan Rows": 1, "Plan Width": 0, "Index Cond": "(p_partkey = public.lineitem.l_partkey)"}]}]}]}, {"Node Type": "Bitmap Heap Scan", "Parent Relationship": "Inner", "Relation Name": "lineitem", "Alias": "lineitem", "Startup Cost": 4.22, "Total Cost": 28.29, "Plan Rows": 2, "Plan Width": 24, "Recheck Cond": "(l_partkey = public.lineitem.l_partkey)", "Filter": "(l_quantity < (.2::double precision * (avg(public.lineitem.l_quantity))))", "Plans": [{"Node Type": "Bitmap Index Scan", "Parent Relationship": "Outer", "Index Name": "idx_lineitem_part_supp", "Startup Cost": 0.0, "Total Cost": 4.22, "Plan Rows": 6, "Plan Width": 0, "Index Cond": "(l_partkey = public.lineitem.l_partkey)"}]}]}, {"Node Type": "Bitmap Heap Scan", "Parent Relationship": "Inner", "Relation Name": "part", "Alias": "part", "Startup Cost": 0.26, "Total Cost": 4.28, "Plan Rows": 1, "Plan Width": 8, "Recheck Cond": "(p_partkey = public.lineitem.l_partkey)", "Filter": "((p_brand = 'Brand#44'::bpchar) AND (p_container = 'WRAP PKG'::bpchar))", "Plans": [{"Node Type": "Bitmap Index Scan", "Parent Relationship": "Outer", "Index Name": "part_kpey", "Startup Cost": 0.0, "Total Cost": 0.26, "Plan Rows": 1, "Plan Width": 0, "Index Cond": "(p_partkey = public.lineitem.l_partkey)"}]}]}]}, "Unique SQL Id": 1080450481}, "explain_analyze_plan": null}, "(64, 36)": {"explain_plan": {"Plan": {"Node Type": "Aggregate", "Strategy": "Plain", "Startup Cost": 208324.62, "Total Cost": 208324.63, "Plan Rows": 1, "Plan Width": 16, "Plans": [{"Node Type": "Nested Loop", "Parent Relationship": "Outer", "Join Type": "Inner", "Startup Cost": 128691.05, "Total Cost": 208322.6, "Plan Rows": 806, "Plan Width": 8, "Inner Unique": false, "Plans": [{"Node Type": "Nested Loop", "Parent Relationship": "Outer", "Join Type": "Inner", "Startup Cost": 128691.05, "Total Cost": 196146.55, "Plan Rows": 438, "Plan Width": 24, "Inner Unique": true, "Plans": [{"Node Type": "Aggregate", "Strategy": "Hashed", "Parent Relationship": "Outer", "Startup Cost": 128691.05, "Total Cost": 128884.11, "Plan Rows": 11032, "Plan Width": 16, "Group By Key": ["public.lineitem.l_partkey"], "Plans": [{"Node Type": "Nested Loop", "Parent Relationship": "Outer", "Join Type": "Inner", "Startup Cost": 0.0, "Total Cost": 128608.31, "Plan Rows": 11032, "Plan Width": 16, "Inner Unique": false, "Plans": [{"Node Type": "Seq Scan", "Parent Relationship": "Outer", "Relation Name": "part", "Alias": "part", "Startup Cost": 0.0, "Total Cost": 71944.0, "Plan Rows": 2001, "Plan Width": 8, "Filter": "((p_brand = 'Brand#44'::bpchar) AND (p_container = 'WRAP PKG'::bpchar))"}, {"Node Type": "Index Scan", "Parent Relationship": "Inner", "Scan Direction": "Forward", "Index Name": "idx_lineitem_part_supp", "Relation Name": "lineitem", "Alias": "lineitem", "Startup Cost": 0.0, "Total Cost": 28.26, "Plan Rows": 6, "Plan Width": 16, "Index Cond": "(l_partkey = public.part.p_partkey)"}]}]}, {"Node Type": "Index Scan", "Parent Relationship": "Inner", "Scan Direction": "Forward", "Index Name": "part_kpey", "Relation Name": "part", "Alias": "part", "Startup Cost": 0.0, "Total Cost": 6.08, "Plan Rows": 1, "Plan Width": 8, "Index Cond": "(p_partkey = public.lineitem.l_partkey)", "Filter": "((p_brand = 'Brand#44'::bpchar) AND (p_container = 'WRAP PKG'::bpchar))"}]}, {"Node Type": "Index Scan", "Parent Relationship": "Inner", "Scan Direction": "Forward", "Index Name": "idx_lineitem_part_supp", "Relation Name": "lineitem", "Alias": "lineitem", "Startup Cost": 0.0, "Total Cost": 27.78, "Plan Rows": 2, "Plan Width": 24, "Index Cond": "(l_partkey = public.lineitem.l_partkey)", "Filter": "(l_quantity < (.2::double precision * (avg(public.lineitem.l_quantity))))"}]}]}, "Unique SQL Id": 1080450481}, "explain_analyze_plan": {"Plan": {"Node Type": "Aggregate", "Strategy": "Plain", "Startup Cost": 208324.62, "Total Cost": 208324.63, "Plan Rows": 1, "Plan Width": 16, "Actual Startup Time": 1237.71, "Actual Total Time": 1237.71, "Actual Rows": 1, "Actual Loops": 1, "Plans": [{"Node Type": "Nested Loop", "Parent Relationship": "Outer", "Join Type": "Inner", "Startup Cost": 128691.05, "Total Cost": 208322.6, "Plan Rows": 806, "Plan Width": 8, "Actual Startup Time": 1029.199, "Actual Total Time": 1236.739, "Actual Rows": 5403, "Actual Loops": 1, "Inner Unique": false, "Plans": [{"Node Type": "Nested Loop", "Parent Relationship": "Outer", "Join Type": "Inner", "Startup Cost": 128691.05, "Total Cost": 196146.55, "Plan Rows": 438, "Plan Width": 24, "Actual Startup Time": 1029.156, "Actual Total Time": 1050.822, "Actual Rows": 2003, "Actual Loops": 1, "Inner Unique": true, "Plans": [{"Node Type": "Aggregate", "Strategy": "Hashed", "Parent Relationship": "Outer", "Startup Cost": 128691.05, "Total Cost": 128884.11, "Plan Rows": 11032, "Plan Width": 16, "Actual Startup Time": 1029.115, "Actual Total Time": 1030.893, "Actual Rows": 2003, "Actual Loops": 1, "Group By Key": ["public.lineitem.l_partkey"], "Plans": [{"Node Type": "Nested Loop", "Parent Relationship": "Outer", "Join Type": "Inner", "Startup Cost": 0.0, "Total Cost": 128608.31, "Plan Rows": 11032, "Plan Width": 16, "Actual Startup Time": 0.391, "Actual Total Time": 988.045, "Actual Rows": 60021, "Actual Loops": 1, "Inner Unique": false, "Plans": [{"Node Type": "Seq Scan", "Parent Relationship": "Outer", "Relation Name": "part", "Alias": "part", "Startup Cost": 0.0, "Total Cost": 71944.0, "Plan Rows": 2001, "Plan Width": 8, "Actual Startup Time": 0.368, "Actual Total Time": 794.914, "Actual Rows": 2003, "Actual Loops": 1, "Filter": "((p_brand = 'Brand#44'::bpchar) AND (p_container = 'WRAP PKG'::bpchar))", "Rows Removed by Filter": 1997997}, {"Node Type": "Index Scan", "Parent Relationship": "Inner", "Scan Direction": "Forward", "Index Name": "idx_lineitem_part_supp", "Relation Name": "lineitem", "Alias": "lineitem", "Startup Cost": 0.0, "Total Cost": 28.26, "Plan Rows": 6, "Plan Width": 16, "Actual Startup Time": 25.038, "Actual Total Time": 178.698, "Actual Rows": 60021, "Actual Loops": 2003, "Index Cond": "(l_partkey = public.part.p_partkey)", "Rows Removed by Index Recheck": 0}]}]}, {"Node Type": "Index Scan", "Parent Relationship": "Inner", "Scan Direction": "Forward", "Index Name": "part_kpey", "Relation Name": "part", "Alias": "part", "Startup Cost": 0.0, "Total Cost": 6.08, "Plan Rows": 1, "Plan Width": 8, "Actual Startup Time": 18.14, "Actual Total Time": 18.14, "Actual Rows": 2003, "Actual Loops": 2003, "Index Cond": "(p_partkey = public.lineitem.l_partkey)", "Rows Removed by Index Recheck": 0, "Filter": "((p_brand = 'Brand#44'::bpchar) AND (p_container = 'WRAP PKG'::bpchar))", "Rows Removed by Filter": 0}]}, {"Node Type": "Index Scan", "Parent Relationship": "Inner", "Scan Direction": "Forward", "Index Name": "idx_lineitem_part_supp", "Relation Name": "lineitem", "Alias": "lineitem", "Startup Cost": 0.0, "Total Cost": 27.78, "Plan Rows": 2, "Plan Width": 24, "Actual Startup Time": 74.664, "Actual Total Time": 183.579, "Actual Rows": 5403, "Actual Loops": 2003, "Index Cond": "(l_partkey = public.lineitem.l_partkey)", "Rows Removed by Index Recheck": 0, "Filter": "(l_quantity < (.2::double precision * (avg(public.lineitem.l_quantity))))", "Rows Removed by Filter": 54618}]}]}, "Triggers": [], "Planner Runtime": 1.459, "Total Runtime": 1237.93, "Unique SQL Id": 1080450481}}, "(64, 37)": {"explain_plan": {"Plan": {"Node Type": "Aggregate", "Strategy": "Plain", "Startup Cost": 247183.87, "Total Cost": 247183.88, "Plan Rows": 1, "Plan Width": 16, "Plans": [{"Node Type": "Nested Loop", "Parent Relationship": "Outer", "Join Type": "Inner", "Startup Cost": 0.0, "Total Cost": 247181.85, "Plan Rows": 806, "Plan Width": 8, "Inner Unique": false, "Plans": [{"Node Type": "Nested Loop", "Parent Relationship": "Outer", "Join Type": "Inner", "Startup Cost": 0.0, "Total Cost": 235005.8, "Plan Rows": 438, "Plan Width": 24, "Inner Unique": true, "Plans": [{"Node Type": "Aggregate", "Strategy": "Sorted", "Parent Relationship": "Outer", "Startup Cost": 0.0, "Total Cost": 167743.36, "Plan Rows": 11032, "Plan Width": 80, "Group By Key": ["public.lineitem.l_partkey"], "Plans": [{"Node Type": "Nested Loop", "Parent Relationship": "Outer", "Join Type": "Inner", "Startup Cost": 0.0, "Total Cost": 167467.56, "Plan Rows": 11032, "Plan Width": 16, "Inner Unique": false, "Plans": [{"Node Type": "Index Scan", "Parent Relationship": "Outer", "Scan Direction": "Forward", "Index Name": "part_kpey", "Relation Name": "part", "Alias": "part", "Startup Cost": 0.0, "Total Cost": 110803.25, "Plan Rows": 2001, "Plan Width": 8, "Filter": "((p_brand = 'Brand#44'::bpchar) AND (p_container = 'WRAP PKG'::bpchar))"}, {"Node Type": "Index Scan", "Parent Relationship": "Inner", "Scan Direction": "Forward", "Index Name": "idx_lineitem_part_supp", "Relation Name": "lineitem", "Alias": "lineitem", "Startup Cost": 0.0, "Total Cost": 28.26, "Plan Rows": 6, "Plan Width": 16, "Index Cond": "(l_partkey = public.part.p_partkey)"}]}]}, {"Node Type": "Index Scan", "Parent Relationship": "Inner", "Scan Direction": "Forward", "Index Name": "part_kpey", "Relation Name": "part", "Alias": "part", "Startup Cost": 0.0, "Total Cost": 6.08, "Plan Rows": 1, "Plan Width": 8, "Index Cond": "(p_partkey = public.lineitem.l_partkey)", "Filter": "((p_brand = 'Brand#44'::bpchar) AND (p_container = 'WRAP PKG'::bpchar))"}]}, {"Node Type": "Index Scan", "Parent Relationship": "Inner", "Scan Direction": "Forward", "Index Name": "idx_lineitem_part_supp", "Relation Name": "lineitem", "Alias": "lineitem", "Startup Cost": 0.0, "Total Cost": 27.78, "Plan Rows": 2, "Plan Width": 24, "Index Cond": "(l_partkey = public.lineitem.l_partkey)", "Filter": "(l_quantity < (.2::double precision * (avg(public.lineitem.l_quantity))))"}]}]}, "Unique SQL Id": 1080450481}, "explain_analyze_plan": {"Plan": {"Node Type": "Aggregate", "Strategy": "Plain", "Startup Cost": 247183.87, "Total Cost": 247183.88, "Plan Rows": 1, "Plan Width": 16, "Actual Startup Time": 1786.581, "Actual Total Time": 1786.581, "Actual Rows": 1, "Actual Loops": 1, "Plans": [{"Node Type": "Nested Loop", "Parent Relationship": "Outer", "Join Type": "Inner", "Startup Cost": 0.0, "Total Cost": 247181.85, "Plan Rows": 806, "Plan Width": 8, "Actual Startup Time": 2.095, "Actual Total Time": 1785.363, "Actual Rows": 5403, "Actual Loops": 1, "Inner Unique": false, "Plans": [{"Node Type": "Nested Loop", "Parent Relationship": "Outer", "Join Type": "Inner", "Startup Cost": 0.0, "Total Cost": 235005.8, "Plan Rows": 438, "Plan Width": 24, "Actual Startup Time": 2.05, "Actual Total Time": 1705.146, "Actual Rows": 2003, "Actual Loops": 1, "Inner Unique": true, "Plans": [{"Node Type": "Aggregate", "Strategy": "Sorted", "Parent Relationship": "Outer", "Startup Cost": 0.0, "Total Cost": 167743.36, "Plan Rows": 11032, "Plan Width": 80, "Actual Startup Time": 2.039, "Actual Total Time": 1693.01, "Actual Rows": 2003, "Actual Loops": 1, "Group By Key": ["public.lineitem.l_partkey"], "Plans": [{"Node Type": "Nested Loop", "Parent Relationship": "Outer", "Join Type": "Inner", "Startup Cost": 0.0, "Total Cost": 167467.56, "Plan Rows": 11032, "Plan Width": 16, "Actual Startup Time": 0.668, "Actual Total Time": 1660.016, "Actual Rows": 60021, "Actual Loops": 1, "Inner Unique": false, "Plans": [{"Node Type": "Index Scan", "Parent Relationship": "Outer", "Scan Direction": "Forward", "Index Name": "part_kpey", "Relation Name": "part", "Alias": "part", "Startup Cost": 0.0, "Total Cost": 110803.25, "Plan Rows": 2001, "Plan Width": 8, "Actual Startup Time": 0.649, "Actual Total Time": 1460.778, "Actual Rows": 2003, "Actual Loops": 1, "Filter": "((p_brand = 'Brand#44'::bpchar) AND (p_container = 'WRAP PKG'::bpchar))", "Rows Removed by Filter": 1997997}, {"Node Type": "Index Scan", "Parent Relationship": "Inner", "Scan Direction": "Forward", "Index Name": "idx_lineitem_part_supp", "Relation Name": "lineitem", "Alias": "lineitem", "Startup Cost": 0.0, "Total Cost": 28.26, "Plan Rows": 6, "Plan Width": 16, "Actual Startup Time": 23.917, "Actual Total Time": 183.588, "Actual Rows": 60021, "Actual Loops": 2003, "Index Cond": "(l_partkey = public.part.p_partkey)", "Rows Removed by Index Recheck": 0}]}]}, {"Node Type": "Index Scan", "Parent Relationship": "Inner", "Scan Direction": "Forward", "Index Name": "part_kpey", "Relation Name": "part", "Alias": "part", "Startup Cost": 0.0, "Total Cost": 6.08, "Plan Rows": 1, "Plan Width": 8, "Actual Startup Time": 9.552, "Actual Total Time": 9.552, "Actual Rows": 2003, "Actual Loops": 2003, "Index Cond": "(p_partkey = public.lineitem.l_partkey)", "Rows Removed by Index Recheck": 0, "Filter": "((p_brand = 'Brand#44'::bpchar) AND (p_container = 'WRAP PKG'::bpchar))", "Rows Removed by Filter": 0}]}, {"Node Type": "Index Scan", "Parent Relationship": "Inner", "Scan Direction": "Forward", "Index Name": "idx_lineitem_part_supp", "Relation Name": "lineitem", "Alias": "lineitem", "Startup Cost": 0.0, "Total Cost": 27.78, "Plan Rows": 2, "Plan Width": 24, "Actual Startup Time": 33.922, "Actual Total Time": 77.009, "Actual Rows": 5403, "Actual Loops": 2003, "Index Cond": "(l_partkey = public.lineitem.l_partkey)", "Rows Removed by Index Recheck": 0, "Filter": "(l_quantity < (.2::double precision * (avg(public.lineitem.l_quantity))))", "Rows Removed by Filter": 54618}]}]}, "Triggers": [], "Planner Runtime": 1.403, "Total Runtime": 1786.803, "Unique SQL Id": 1080450481}}, "(64, 38)": {"explain_plan": {"Plan": {"Node Type": "Aggregate", "Strategy": "Plain", "Startup Cost": 213754.44, "Total Cost": 213754.45, "Plan Rows": 1, "Plan Width": 16, "Plans": [{"Node Type": "Nested Loop", "Parent Relationship": "Outer", "Join Type": "Inner", "Startup Cost": 129265.51, "Total Cost": 213752.42, "Plan Rows": 806, "Plan Width": 8, "Inner Unique": false, "Plans": [{"Node Type": "Hash Join", "Parent Relationship": "Outer", "Join Type": "Inner", "Startup Cost": 129261.29, "Total Cost": 201352.24, "Plan Rows": 438, "Plan Width": 24, "Inner Unique": true, "Hash Cond": "(public.part.p_partkey = subquery.\"?column?\")", "Plans": [{"Node Type": "Seq Scan", "Parent Relationship": "Outer", "Relation Name": "part", "Alias": "part", "Startup Cost": 0.0, "Total Cost": 71944.0, "Plan Rows": 2001, "Plan Width": 8, "Filter": "((p_brand = 'Brand#44'::bpchar) AND (p_container = 'WRAP PKG'::bpchar))"}, {"Node Type": "Hash", "Parent Relationship": "Inner", "Startup Cost": 129123.39, "Total Cost": 129123.39, "Plan Rows": 11032, "Plan Width": 16, "Plans": [{"Node Type": "Subquery Scan", "Parent Relationship": "Outer", "Alias": "subquery", "Startup Cost": 128820.01, "Total Cost": 129123.39, "Plan Rows": 11032, "Plan Width": 16, "Plans": [{"Node Type": "Aggregate", "Strategy": "Hashed", "Parent Relationship": "Subquery", "Startup Cost": 128820.01, "Total Cost": 129013.07, "Plan Rows": 11032, "Plan Width": 16, "Group By Key": ["public.lineitem.l_partkey"], "Plans": [{"Node Type": "Nested Loop", "Parent Relationship": "Outer", "Join Type": "Inner", "Startup Cost": 4.28, "Total Cost": 128737.27, "Plan Rows": 11032, "Plan Width": 16, "Inner Unique": false, "Plans": [{"Node Type": "Seq Scan", "Parent Relationship": "Outer", "Relation Name": "part", "Alias": "part", "Startup Cost": 0.0, "Total Cost": 71944.0, "Plan Rows": 2001, "Plan Width": 8, "Filter": "((p_brand = 'Brand#44'::bpchar) AND (p_container = 'WRAP PKG'::bpchar))"}, {"Node Type": "Bitmap Heap Scan", "Parent Relationship": "Inner", "Relation Name": "lineitem", "Alias": "lineitem", "Startup Cost": 4.28, "Total Cost": 28.32, "Plan Rows": 6, "Plan Width": 16, "Recheck Cond": "(l_partkey = public.part.p_partkey)", "Plans": [{"Node Type": "Bitmap Index Scan", "Parent Relationship": "Outer", "Index Name": "idx_lineitem_part_supp", "Startup Cost": 0.0, "Total Cost": 4.28, "Plan Rows": 6, "Plan Width": 0, "Index Cond": "(l_partkey = public.part.p_partkey)"}]}]}]}]}]}]}, {"Node Type": "Bitmap Heap Scan", "Parent Relationship": "Inner", "Relation Name": "lineitem", "Alias": "lineitem", "Startup Cost": 4.22, "Total Cost": 28.29, "Plan Rows": 2, "Plan Width": 24, "Recheck Cond": "(l_partkey = subquery.\"?column?\")", "Filter": "(l_quantity < (.2::double precision * subquery.\"?column?\"))", "Plans": [{"Node Type": "Bitmap Index Scan", "Parent Relationship": "Outer", "Index Name": "idx_lineitem_part_supp", "Startup Cost": 0.0, "Total Cost": 4.22, "Plan Rows": 6, "Plan Width": 0, "Index Cond": "(l_partkey = subquery.\"?column?\")"}]}]}]}, "Unique SQL Id": 1080450481}, "explain_analyze_plan": {"Plan": {"Node Type": "Aggregate", "Strategy": "Plain", "Startup Cost": 213754.44, "Total Cost": 213754.45, "Plan Rows": 1, "Plan Width": 16, "Actual Startup Time": 2114.265, "Actual Total Time": 2114.265, "Actual Rows": 1, "Actual Loops": 1, "Plans": [{"Node Type": "Nested Loop", "Parent Relationship": "Outer", "Join Type": "Inner", "Startup Cost": 129265.51, "Total Cost": 213752.42, "Plan Rows": 806, "Plan Width": 8, "Actual Startup Time": 1067.22, "Actual Total Time": 2113.023, "Actual Rows": 5403, "Actual Loops": 1, "Inner Unique": false, "Plans": [{"Node Type": "Hash Join", "Parent Relationship": "Outer", "Join Type": "Inner", "Startup Cost": 129261.29, "Total Cost": 201352.24, "Plan Rows": 438, "Plan Width": 24, "Actual Startup Time": 1067.138, "Actual Total Time": 1885.555, "Actual Rows": 2003, "Actual Loops": 1, "Inner Unique": true, "Hash Cond": "(public.part.p_partkey = subquery.\"?column?\")", "Plans": [{"Node Type": "Seq Scan", "Parent Relationship": "Outer", "Relation Name": "part", "Alias": "part", "Startup Cost": 0.0, "Total Cost": 71944.0, "Plan Rows": 2001, "Plan Width": 8, "Actual Startup Time": 0.364, "Actual Total Time": 816.434, "Actual Rows": 2003, "Actual Loops": 1, "Filter": "((p_brand = 'Brand#44'::bpchar) AND (p_container = 'WRAP PKG'::bpchar))", "Rows Removed by Filter": 1997997}, {"Node Type": "Hash", "Parent Relationship": "Inner", "Startup Cost": 129123.39, "Total Cost": 129123.39, "Plan Rows": 11032, "Plan Width": 16, "Actual Startup Time": 1066.68, "Actual Total Time": 1066.68, "Actual Rows": 2003, "Actual Loops": 1, "Hash Buckets": 32768, "Hash Batches": 1, "Original Hash Batches": 1, "Peak Memory Usage": 94, "Plans": [{"Node Type": "Subquery Scan", "Parent Relationship": "Outer", "Alias": "subquery", "Startup Cost": 128820.01, "Total Cost": 129123.39, "Plan Rows": 11032, "Plan Width": 16, "Actual Startup Time": 1064.333, "Actual Total Time": 1066.035, "Actual Rows": 2003, "Actual Loops": 1, "Plans": [{"Node Type": "Aggregate", "Strategy": "Hashed", "Parent Relationship": "Subquery", "Startup Cost": 128820.01, "Total Cost": 129013.07, "Plan Rows": 11032, "Plan Width": 16, "Actual Startup Time": 1064.331, "Actual Total Time": 1065.643, "Actual Rows": 2003, "Actual Loops": 1, "Group By Key": ["public.lineitem.l_partkey"], "Plans": [{"Node Type": "Nested Loop", "Parent Relationship": "Outer", "Join Type": "Inner", "Startup Cost": 4.28, "Total Cost": 128737.27, "Plan Rows": 11032, "Plan Width": 16, "Actual Startup Time": 0.362, "Actual Total Time": 1023.864, "Actual Rows": 60021, "Actual Loops": 1, "Inner Unique": false, "Plans": [{"Node Type": "Seq Scan", "Parent Relationship": "Outer", "Relation Name": "part", "Alias": "part", "Startup Cost": 0.0, "Total Cost": 71944.0, "Plan Rows": 2001, "Plan Width": 8, "Actual Startup Time": 0.314, "Actual Total Time": 798.742, "Actual Rows": 2003, "Actual Loops": 1, "Filter": "((p_brand = 'Brand#44'::bpchar) AND (p_container = 'WRAP PKG'::bpchar))", "Rows Removed by Filter": 1997997}, {"Node Type": "Bitmap Heap Scan", "Parent Relationship": "Inner", "Relation Name": "lineitem", "Alias": "lineitem", "Startup Cost": 4.28, "Total Cost": 28.32, "Plan Rows": 6, "Plan Width": 16, "Actual Startup Time": 42.668, "Actual Total Time": 207.495, "Actual Rows": 60021, "Actual Loops": 2003, "Recheck Cond": "(l_partkey = public.part.p_partkey)", "Rows Removed by Index Recheck": 0, "Exact Heap Blocks": 60018, "Lossy Heap Blocks": 60018, "Plans": [{"Node Type": "Bitmap Index Scan", "Parent Relationship": "Outer", "Index Name": "idx_lineitem_part_supp", "Startup Cost": 0.0, "Total Cost": 4.28, "Plan Rows": 6, "Plan Width": 0, "Actual Startup Time": 27.97, "Actual Total Time": 27.97, "Actual Rows": 60021, "Actual Loops": 2003, "Index Cond": "(l_partkey = public.part.p_partkey)"}]}]}]}]}]}]}, {"Node Type": "Bitmap Heap Scan", "Parent Relationship": "Inner", "Relation Name": "lineitem", "Alias": "lineitem", "Startup Cost": 4.22, "Total Cost": 28.29, "Plan Rows": 2, "Plan Width": 24, "Actual Startup Time": 97.194, "Actual Total Time": 221.452, "Actual Rows": 5403, "Actual Loops": 2003, "Recheck Cond": "(l_partkey = subquery.\"?column?\")", "Rows Removed by Index Recheck": 0, "Filter": "(l_quantity < (.2::double precision * subquery.\"?column?\"))", "Rows Removed by Filter": 54618, "Exact Heap Blocks": 60018, "Lossy Heap Blocks": 60018, "Plans": [{"Node Type": "Bitmap Index Scan", "Parent Relationship": "Outer", "Index Name": "idx_lineitem_part_supp", "Startup Cost": 0.0, "Total Cost": 4.22, "Plan Rows": 6, "Plan Width": 0, "Actual Startup Time": 25.497, "Actual Total Time": 25.497, "Actual Rows": 60021, "Actual Loops": 2003, "Index Cond": "(l_partkey = subquery.\"?column?\")"}]}]}]}, "Triggers": [], "Planner Runtime": 1.435, "Total Runtime": 2114.563, "Unique SQL Id": 1080450481}}, "(64, 39)": {"explain_plan": {"Plan": {"Node Type": "Aggregate", "Strategy": "Plain", "Startup Cost": 1001032279502.61, "Total Cost": 1001032279502.62, "Plan Rows": 1, "Plan Width": 16, "Plans": [{"Node Type": "Nested Loop", "Parent Relationship": "Outer", "Join Type": "Inner", "Startup Cost": 10000000004.74, "Total Cost": 1001032279500.6, "Plan Rows": 806, "Plan Width": 8, "Inner Unique": true, "Join Filter": "(public.lineitem.l_partkey = public.part.p_partkey)", "Plans": [{"Node Type": "Nested Loop", "Parent Relationship": "Outer", "Join Type": "Inner", "Startup Cost": 10000000004.48, "Total Cost": 1001032192561.0, "Plan Rows": 20274, "Plan Width": 24, "Inner Unique": false, "Plans": [{"Node Type": "Aggregate", "Strategy": "Sorted", "Parent Relationship": "Outer", "Startup Cost": 10000000000.26, "Total Cost": 1001031880124.59, "Plan Rows": 11032, "Plan Width": 80, "Group By Key": ["public.lineitem.l_partkey"], "Plans": [{"Node Type": "Nested Loop", "Parent Relationship": "Outer", "Join Type": "Semi", "Startup Cost": 10000000000.26, "Total Cost": 1001031879848.79, "Plan Rows": 11032, "Plan Width": 16, "Inner Unique": false, "Plans": [{"Node Type": "Index Scan", "Parent Relationship": "Outer", "Scan Direction": "Forward", "Index Name": "idx_lineitem_part_supp", "Relation Name": "lineitem", "Alias": "lineitem", "Startup Cost": 10000000000.0, "Total Cost": 1000775391319.64, "Plan Rows": 59987033, "Plan Width": 16}, {"Node Type": "Bitmap Heap Scan", "Parent Relationship": "Inner", "Relation Name": "part", "Alias": "part", "Startup Cost": 0.26, "Total Cost": 4.28, "Plan Rows": 1, "Plan Width": 8, "Recheck Cond": "(p_partkey = public.lineitem.l_partkey)", "Filter": "((p_brand = 'Brand#44'::bpchar) AND (p_container = 'WRAP PKG'::bpchar))", "Plans": [{"Node Type": "Bitmap Index Scan", "Parent Relationship": "Outer", "Index Name": "part_kpey", "Startup Cost": 0.0, "Total Cost": 0.26, "Plan Rows": 1, "Plan Width": 0, "Index Cond": "(p_partkey = public.lineitem.l_partkey)"}]}]}]}, {"Node Type": "Bitmap Heap Scan", "Parent Relationship": "Inner", "Relation Name": "lineitem", "Alias": "lineitem", "Startup Cost": 4.22, "Total Cost": 28.29, "Plan Rows": 2, "Plan Width": 24, "Recheck Cond": "(l_partkey = public.lineitem.l_partkey)", "Filter": "(l_quantity < (.2::double precision * (avg(public.lineitem.l_quantity))))", "Plans": [{"Node Type": "Bitmap Index Scan", "Parent Relationship": "Outer", "Index Name": "idx_lineitem_part_supp", "Startup Cost": 0.0, "Total Cost": 4.22, "Plan Rows": 6, "Plan Width": 0, "Index Cond": "(l_partkey = public.lineitem.l_partkey)"}]}]}, {"Node Type": "Bitmap Heap Scan", "Parent Relationship": "Inner", "Relation Name": "part", "Alias": "part", "Startup Cost": 0.26, "Total Cost": 4.28, "Plan Rows": 1, "Plan Width": 8, "Recheck Cond": "(p_partkey = public.lineitem.l_partkey)", "Filter": "((p_brand = 'Brand#44'::bpchar) AND (p_container = 'WRAP PKG'::bpchar))", "Plans": [{"Node Type": "Bitmap Index Scan", "Parent Relationship": "Outer", "Index Name": "part_kpey", "Startup Cost": 0.0, "Total Cost": 0.26, "Plan Rows": 1, "Plan Width": 0, "Index Cond": "(p_partkey = public.lineitem.l_partkey)"}]}]}]}, "Unique SQL Id": 1080450481}, "explain_analyze_plan": null}, "(64, 40)": {"explain_plan": {"Plan": {"Node Type": "Aggregate", "Strategy": "Plain", "Startup Cost": 208324.62, "Total Cost": 208324.63, "Plan Rows": 1, "Plan Width": 16, "Plans": [{"Node Type": "Nested Loop", "Parent Relationship": "Outer", "Join Type": "Inner", "Startup Cost": 128691.05, "Total Cost": 208322.6, "Plan Rows": 806, "Plan Width": 8, "Inner Unique": false, "Plans": [{"Node Type": "Nested Loop", "Parent Relationship": "Outer", "Join Type": "Inner", "Startup Cost": 128691.05, "Total Cost": 196146.55, "Plan Rows": 438, "Plan Width": 24, "Inner Unique": true, "Plans": [{"Node Type": "Aggregate", "Strategy": "Hashed", "Parent Relationship": "Outer", "Startup Cost": 128691.05, "Total Cost": 128884.11, "Plan Rows": 11032, "Plan Width": 16, "Group By Key": ["public.lineitem.l_partkey"], "Plans": [{"Node Type": "Nested Loop", "Parent Relationship": "Outer", "Join Type": "Inner", "Startup Cost": 0.0, "Total Cost": 128608.31, "Plan Rows": 11032, "Plan Width": 16, "Inner Unique": false, "Plans": [{"Node Type": "Seq Scan", "Parent Relationship": "Outer", "Relation Name": "part", "Alias": "part", "Startup Cost": 0.0, "Total Cost": 71944.0, "Plan Rows": 2001, "Plan Width": 8, "Filter": "((p_brand = 'Brand#44'::bpchar) AND (p_container = 'WRAP PKG'::bpchar))"}, {"Node Type": "Index Scan", "Parent Relationship": "Inner", "Scan Direction": "Forward", "Index Name": "idx_lineitem_part_supp", "Relation Name": "lineitem", "Alias": "lineitem", "Startup Cost": 0.0, "Total Cost": 28.26, "Plan Rows": 6, "Plan Width": 16, "Index Cond": "(l_partkey = public.part.p_partkey)"}]}]}, {"Node Type": "Index Scan", "Parent Relationship": "Inner", "Scan Direction": "Forward", "Index Name": "part_kpey", "Relation Name": "part", "Alias": "part", "Startup Cost": 0.0, "Total Cost": 6.08, "Plan Rows": 1, "Plan Width": 8, "Index Cond": "(p_partkey = public.lineitem.l_partkey)", "Filter": "((p_brand = 'Brand#44'::bpchar) AND (p_container = 'WRAP PKG'::bpchar))"}]}, {"Node Type": "Index Scan", "Parent Relationship": "Inner", "Scan Direction": "Forward", "Index Name": "idx_lineitem_part_supp", "Relation Name": "lineitem", "Alias": "lineitem", "Startup Cost": 0.0, "Total Cost": 27.78, "Plan Rows": 2, "Plan Width": 24, "Index Cond": "(l_partkey = public.lineitem.l_partkey)", "Filter": "(l_quantity < (.2::double precision * (avg(public.lineitem.l_quantity))))"}]}]}, "Unique SQL Id": 1080450481}, "explain_analyze_plan": {"Plan": {"Node Type": "Aggregate", "Strategy": "Plain", "Startup Cost": 208324.62, "Total Cost": 208324.63, "Plan Rows": 1, "Plan Width": 16, "Actual Startup Time": 1237.71, "Actual Total Time": 1237.71, "Actual Rows": 1, "Actual Loops": 1, "Plans": [{"Node Type": "Nested Loop", "Parent Relationship": "Outer", "Join Type": "Inner", "Startup Cost": 128691.05, "Total Cost": 208322.6, "Plan Rows": 806, "Plan Width": 8, "Actual Startup Time": 1029.199, "Actual Total Time": 1236.739, "Actual Rows": 5403, "Actual Loops": 1, "Inner Unique": false, "Plans": [{"Node Type": "Nested Loop", "Parent Relationship": "Outer", "Join Type": "Inner", "Startup Cost": 128691.05, "Total Cost": 196146.55, "Plan Rows": 438, "Plan Width": 24, "Actual Startup Time": 1029.156, "Actual Total Time": 1050.822, "Actual Rows": 2003, "Actual Loops": 1, "Inner Unique": true, "Plans": [{"Node Type": "Aggregate", "Strategy": "Hashed", "Parent Relationship": "Outer", "Startup Cost": 128691.05, "Total Cost": 128884.11, "Plan Rows": 11032, "Plan Width": 16, "Actual Startup Time": 1029.115, "Actual Total Time": 1030.893, "Actual Rows": 2003, "Actual Loops": 1, "Group By Key": ["public.lineitem.l_partkey"], "Plans": [{"Node Type": "Nested Loop", "Parent Relationship": "Outer", "Join Type": "Inner", "Startup Cost": 0.0, "Total Cost": 128608.31, "Plan Rows": 11032, "Plan Width": 16, "Actual Startup Time": 0.391, "Actual Total Time": 988.045, "Actual Rows": 60021, "Actual Loops": 1, "Inner Unique": false, "Plans": [{"Node Type": "Seq Scan", "Parent Relationship": "Outer", "Relation Name": "part", "Alias": "part", "Startup Cost": 0.0, "Total Cost": 71944.0, "Plan Rows": 2001, "Plan Width": 8, "Actual Startup Time": 0.368, "Actual Total Time": 794.914, "Actual Rows": 2003, "Actual Loops": 1, "Filter": "((p_brand = 'Brand#44'::bpchar) AND (p_container = 'WRAP PKG'::bpchar))", "Rows Removed by Filter": 1997997}, {"Node Type": "Index Scan", "Parent Relationship": "Inner", "Scan Direction": "Forward", "Index Name": "idx_lineitem_part_supp", "Relation Name": "lineitem", "Alias": "lineitem", "Startup Cost": 0.0, "Total Cost": 28.26, "Plan Rows": 6, "Plan Width": 16, "Actual Startup Time": 25.038, "Actual Total Time": 178.698, "Actual Rows": 60021, "Actual Loops": 2003, "Index Cond": "(l_partkey = public.part.p_partkey)", "Rows Removed by Index Recheck": 0}]}]}, {"Node Type": "Index Scan", "Parent Relationship": "Inner", "Scan Direction": "Forward", "Index Name": "part_kpey", "Relation Name": "part", "Alias": "part", "Startup Cost": 0.0, "Total Cost": 6.08, "Plan Rows": 1, "Plan Width": 8, "Actual Startup Time": 18.14, "Actual Total Time": 18.14, "Actual Rows": 2003, "Actual Loops": 2003, "Index Cond": "(p_partkey = public.lineitem.l_partkey)", "Rows Removed by Index Recheck": 0, "Filter": "((p_brand = 'Brand#44'::bpchar) AND (p_container = 'WRAP PKG'::bpchar))", "Rows Removed by Filter": 0}]}, {"Node Type": "Index Scan", "Parent Relationship": "Inner", "Scan Direction": "Forward", "Index Name": "idx_lineitem_part_supp", "Relation Name": "lineitem", "Alias": "lineitem", "Startup Cost": 0.0, "Total Cost": 27.78, "Plan Rows": 2, "Plan Width": 24, "Actual Startup Time": 74.664, "Actual Total Time": 183.579, "Actual Rows": 5403, "Actual Loops": 2003, "Index Cond": "(l_partkey = public.lineitem.l_partkey)", "Rows Removed by Index Recheck": 0, "Filter": "(l_quantity < (.2::double precision * (avg(public.lineitem.l_quantity))))", "Rows Removed by Filter": 54618}]}]}, "Triggers": [], "Planner Runtime": 1.459, "Total Runtime": 1237.93, "Unique SQL Id": 1080450481}}, "(64, 41)": {"explain_plan": {"Plan": {"Node Type": "Aggregate", "Strategy": "Plain", "Startup Cost": 247183.87, "Total Cost": 247183.88, "Plan Rows": 1, "Plan Width": 16, "Plans": [{"Node Type": "Nested Loop", "Parent Relationship": "Outer", "Join Type": "Inner", "Startup Cost": 0.0, "Total Cost": 247181.85, "Plan Rows": 806, "Plan Width": 8, "Inner Unique": false, "Plans": [{"Node Type": "Nested Loop", "Parent Relationship": "Outer", "Join Type": "Inner", "Startup Cost": 0.0, "Total Cost": 235005.8, "Plan Rows": 438, "Plan Width": 24, "Inner Unique": true, "Plans": [{"Node Type": "Aggregate", "Strategy": "Sorted", "Parent Relationship": "Outer", "Startup Cost": 0.0, "Total Cost": 167743.36, "Plan Rows": 11032, "Plan Width": 80, "Group By Key": ["public.lineitem.l_partkey"], "Plans": [{"Node Type": "Nested Loop", "Parent Relationship": "Outer", "Join Type": "Inner", "Startup Cost": 0.0, "Total Cost": 167467.56, "Plan Rows": 11032, "Plan Width": 16, "Inner Unique": false, "Plans": [{"Node Type": "Index Scan", "Parent Relationship": "Outer", "Scan Direction": "Forward", "Index Name": "part_kpey", "Relation Name": "part", "Alias": "part", "Startup Cost": 0.0, "Total Cost": 110803.25, "Plan Rows": 2001, "Plan Width": 8, "Filter": "((p_brand = 'Brand#44'::bpchar) AND (p_container = 'WRAP PKG'::bpchar))"}, {"Node Type": "Index Scan", "Parent Relationship": "Inner", "Scan Direction": "Forward", "Index Name": "idx_lineitem_part_supp", "Relation Name": "lineitem", "Alias": "lineitem", "Startup Cost": 0.0, "Total Cost": 28.26, "Plan Rows": 6, "Plan Width": 16, "Index Cond": "(l_partkey = public.part.p_partkey)"}]}]}, {"Node Type": "Index Scan", "Parent Relationship": "Inner", "Scan Direction": "Forward", "Index Name": "part_kpey", "Relation Name": "part", "Alias": "part", "Startup Cost": 0.0, "Total Cost": 6.08, "Plan Rows": 1, "Plan Width": 8, "Index Cond": "(p_partkey = public.lineitem.l_partkey)", "Filter": "((p_brand = 'Brand#44'::bpchar) AND (p_container = 'WRAP PKG'::bpchar))"}]}, {"Node Type": "Index Scan", "Parent Relationship": "Inner", "Scan Direction": "Forward", "Index Name": "idx_lineitem_part_supp", "Relation Name": "lineitem", "Alias": "lineitem", "Startup Cost": 0.0, "Total Cost": 27.78, "Plan Rows": 2, "Plan Width": 24, "Index Cond": "(l_partkey = public.lineitem.l_partkey)", "Filter": "(l_quantity < (.2::double precision * (avg(public.lineitem.l_quantity))))"}]}]}, "Unique SQL Id": 1080450481}, "explain_analyze_plan": {"Plan": {"Node Type": "Aggregate", "Strategy": "Plain", "Startup Cost": 247183.87, "Total Cost": 247183.88, "Plan Rows": 1, "Plan Width": 16, "Actual Startup Time": 1786.581, "Actual Total Time": 1786.581, "Actual Rows": 1, "Actual Loops": 1, "Plans": [{"Node Type": "Nested Loop", "Parent Relationship": "Outer", "Join Type": "Inner", "Startup Cost": 0.0, "Total Cost": 247181.85, "Plan Rows": 806, "Plan Width": 8, "Actual Startup Time": 2.095, "Actual Total Time": 1785.363, "Actual Rows": 5403, "Actual Loops": 1, "Inner Unique": false, "Plans": [{"Node Type": "Nested Loop", "Parent Relationship": "Outer", "Join Type": "Inner", "Startup Cost": 0.0, "Total Cost": 235005.8, "Plan Rows": 438, "Plan Width": 24, "Actual Startup Time": 2.05, "Actual Total Time": 1705.146, "Actual Rows": 2003, "Actual Loops": 1, "Inner Unique": true, "Plans": [{"Node Type": "Aggregate", "Strategy": "Sorted", "Parent Relationship": "Outer", "Startup Cost": 0.0, "Total Cost": 167743.36, "Plan Rows": 11032, "Plan Width": 80, "Actual Startup Time": 2.039, "Actual Total Time": 1693.01, "Actual Rows": 2003, "Actual Loops": 1, "Group By Key": ["public.lineitem.l_partkey"], "Plans": [{"Node Type": "Nested Loop", "Parent Relationship": "Outer", "Join Type": "Inner", "Startup Cost": 0.0, "Total Cost": 167467.56, "Plan Rows": 11032, "Plan Width": 16, "Actual Startup Time": 0.668, "Actual Total Time": 1660.016, "Actual Rows": 60021, "Actual Loops": 1, "Inner Unique": false, "Plans": [{"Node Type": "Index Scan", "Parent Relationship": "Outer", "Scan Direction": "Forward", "Index Name": "part_kpey", "Relation Name": "part", "Alias": "part", "Startup Cost": 0.0, "Total Cost": 110803.25, "Plan Rows": 2001, "Plan Width": 8, "Actual Startup Time": 0.649, "Actual Total Time": 1460.778, "Actual Rows": 2003, "Actual Loops": 1, "Filter": "((p_brand = 'Brand#44'::bpchar) AND (p_container = 'WRAP PKG'::bpchar))", "Rows Removed by Filter": 1997997}, {"Node Type": "Index Scan", "Parent Relationship": "Inner", "Scan Direction": "Forward", "Index Name": "idx_lineitem_part_supp", "Relation Name": "lineitem", "Alias": "lineitem", "Startup Cost": 0.0, "Total Cost": 28.26, "Plan Rows": 6, "Plan Width": 16, "Actual Startup Time": 23.917, "Actual Total Time": 183.588, "Actual Rows": 60021, "Actual Loops": 2003, "Index Cond": "(l_partkey = public.part.p_partkey)", "Rows Removed by Index Recheck": 0}]}]}, {"Node Type": "Index Scan", "Parent Relationship": "Inner", "Scan Direction": "Forward", "Index Name": "part_kpey", "Relation Name": "part", "Alias": "part", "Startup Cost": 0.0, "Total Cost": 6.08, "Plan Rows": 1, "Plan Width": 8, "Actual Startup Time": 9.552, "Actual Total Time": 9.552, "Actual Rows": 2003, "Actual Loops": 2003, "Index Cond": "(p_partkey = public.lineitem.l_partkey)", "Rows Removed by Index Recheck": 0, "Filter": "((p_brand = 'Brand#44'::bpchar) AND (p_container = 'WRAP PKG'::bpchar))", "Rows Removed by Filter": 0}]}, {"Node Type": "Index Scan", "Parent Relationship": "Inner", "Scan Direction": "Forward", "Index Name": "idx_lineitem_part_supp", "Relation Name": "lineitem", "Alias": "lineitem", "Startup Cost": 0.0, "Total Cost": 27.78, "Plan Rows": 2, "Plan Width": 24, "Actual Startup Time": 33.922, "Actual Total Time": 77.009, "Actual Rows": 5403, "Actual Loops": 2003, "Index Cond": "(l_partkey = public.lineitem.l_partkey)", "Rows Removed by Index Recheck": 0, "Filter": "(l_quantity < (.2::double precision * (avg(public.lineitem.l_quantity))))", "Rows Removed by Filter": 54618}]}]}, "Triggers": [], "Planner Runtime": 1.403, "Total Runtime": 1786.803, "Unique SQL Id": 1080450481}}, "(64, 42)": {"explain_plan": {"Plan": {"Node Type": "Aggregate", "Strategy": "Plain", "Startup Cost": 4549973.98, "Total Cost": 4549974.0, "Plan Rows": 1, "Plan Width": 16, "Plans": [{"Node Type": "Hash Join", "Parent Relationship": "Outer", "Join Type": "Inner", "Startup Cost": 2309655.28, "Total Cost": 4549971.97, "Plan Rows": 806, "Plan Width": 8, "Inner Unique": true, "Hash Cond": "(public.part.p_partkey = subquery.\"?column?\")", "Join Filter": "(public.lineitem.l_quantity < (.2::double precision * subquery.\"?column?\"))", "Plans": [{"Node Type": "Hash Join", "Parent Relationship": "Outer", "Join Type": "Inner", "Startup Cost": 71969.01, "Total Cost": 2312146.04, "Plan Rows": 11032, "Plan Width": 32, "Inner Unique": true, "Hash Cond": "(public.lineitem.l_partkey = public.part.p_partkey)", "Plans": [{"Node Type": "Seq Scan", "Parent Relationship": "Outer", "Relation Name": "lineitem", "Alias": "lineitem", "Startup Cost": 0.0, "Total Cost": 2015115.33, "Plan Rows": 59987033, "Plan Width": 24}, {"Node Type": "Hash", "Parent Relationship": "Inner", "Startup Cost": 71944.0, "Total Cost": 71944.0, "Plan Rows": 2001, "Plan Width": 8, "Plans": [{"Node Type": "Seq Scan", "Parent Relationship": "Outer", "Relation Name": "part", "Alias": "part", "Startup Cost": 0.0, "Total Cost": 71944.0, "Plan Rows": 2001, "Plan Width": 8, "Filter": "((p_brand = 'Brand#44'::bpchar) AND (p_container = 'WRAP PKG'::bpchar))"}]}]}, {"Node Type": "Hash", "Parent Relationship": "Inner", "Startup Cost": 2237548.37, "Total Cost": 2237548.37, "Plan Rows": 11032, "Plan Width": 16, "Plans": [{"Node Type": "Subquery Scan", "Parent Relationship": "Outer", "Alias": "subquery", "Startup Cost": 2237244.99, "Total Cost": 2237548.37, "Plan Rows": 11032, "Plan Width": 16, "Plans": [{"Node Type": "Aggregate", "Strategy": "Hashed", "Parent Relationship": "Subquery", "Startup Cost": 2237244.99, "Total Cost": 2237438.05, "Plan Rows": 11032, "Plan Width": 16, "Group By Key": ["public.lineitem.l_partkey"], "Plans": [{"Node Type": "Hash Join", "Parent Relationship": "Outer", "Join Type": "Inner", "Startup Cost": 71969.01, "Total Cost": 2237162.25, "Plan Rows": 11032, "Plan Width": 16, "Inner Unique": true, "Hash Cond": "(public.lineitem.l_partkey = public.part.p_partkey)", "Plans": [{"Node Type": "Seq Scan", "Parent Relationship": "Outer", "Relation Name": "lineitem", "Alias": "lineitem", "Startup Cost": 0.0, "Total Cost": 2015115.33, "Plan Rows": 59987033, "Plan Width": 16}, {"Node Type": "Hash", "Parent Relationship": "Inner", "Startup Cost": 71944.0, "Total Cost": 71944.0, "Plan Rows": 2001, "Plan Width": 8, "Plans": [{"Node Type": "Seq Scan", "Parent Relationship": "Outer", "Relation Name": "part", "Alias": "part", "Startup Cost": 0.0, "Total Cost": 71944.0, "Plan Rows": 2001, "Plan Width": 8, "Filter": "((p_brand = 'Brand#44'::bpchar) AND (p_container = 'WRAP PKG'::bpchar))"}]}]}]}]}]}]}]}, "Unique SQL Id": 1080450481}, "explain_analyze_plan": null}, "(64, 43)": {"explain_plan": {"Plan": {"Node Type": "Aggregate", "Strategy": "Plain", "Startup Cost": 4003899272041.15, "Total Cost": 4003899272041.16, "Plan Rows": 1, "Plan Width": 16, "Plans": [{"Node Type": "Nested Loop", "Parent Relationship": "Outer", "Join Type": "Inner", "Startup Cost": 40000000000.0, "Total Cost": 4003899272039.14, "Plan Rows": 806, "Plan Width": 8, "Inner Unique": false, "Join Filter": "((subquery.\"?column?\" = public.lineitem.l_partkey) AND (public.lineitem.l_quantity < (.2::double precision * subquery.\"?column?\")))", "Plans": [{"Node Type": "Index Scan", "Parent Relationship": "Outer", "Scan Direction": "Forward", "Index Name": "idx_lineitem_part_supp", "Relation Name": "lineitem", "Alias": "lineitem", "Startup Cost": 10000000000.0, "Total Cost": 1000775391319.64, "Plan Rows": 59987033, "Plan Width": 24}, {"Node Type": "Materialize", "Parent Relationship": "Inner", "Startup Cost": 30000000000.0, "Total Cost": 3002598394311.51, "Plan Rows": 438, "Plan Width": 24, "Plans": [{"Node Type": "Nested Loop", "Parent Relationship": "Outer", "Join Type": "Inner", "Startup Cost": 30000000000.0, "Total Cost": 3002598394309.32, "Plan Rows": 438, "Plan Width": 24, "Inner Unique": true, "Join Filter": "(public.part.p_partkey = subquery.\"?column?\")", "Plans": [{"Node Type": "Index Scan", "Parent Relationship": "Outer", "Scan Direction": "Forward", "Index Name": "part_kpey", "Relation Name": "part", "Alias": "part", "Startup Cost": 10000000000.0, "Total Cost": 1000011080325.0, "Plan Rows": 2001, "Plan Width": 8, "Filter": "((p_brand = 'Brand#44'::bpchar) AND (p_container = 'WRAP PKG'::bpchar))"}, {"Node Type": "Materialize", "Parent Relationship": "Inner", "Startup Cost": 20000000000.0, "Total Cost": 2002586982886.42, "Plan Rows": 11032, "Plan Width": 16, "Plans": [{"Node Type": "Subquery Scan", "Parent Relationship": "Outer", "Alias": "subquery", "Startup Cost": 20000000000.0, "Total Cost": 2002586982831.26, "Plan Rows": 11032, "Plan Width": 16, "Plans": [{"Node Type": "Aggregate", "Strategy": "Sorted", "Parent Relationship": "Subquery", "Startup Cost": 20000000000.0, "Total Cost": 2002586982720.94, "Plan Rows": 11032, "Plan Width": 80, "Group By Key": ["public.lineitem.l_partkey"], "Plans": [{"Node Type": "Nested Loop", "Parent Relationship": "Outer", "Join Type": "Semi", "Startup Cost": 20000000000.0, "Total Cost": 2002586982445.14, "Plan Rows": 11032, "Plan Width": 16, "Inner Unique": false, "Join Filter": "(public.lineitem.l_partkey = public.part.p_partkey)", "Plans": [{"Node Type": "Index Scan", "Parent Relationship": "Outer", "Scan Direction": "Forward", "Index Name": "idx_lineitem_part_supp", "Relation Name": "lineitem", "Alias": "lineitem", "Startup Cost": 10000000000.0, "Total Cost": 1000775391319.64, "Plan Rows": 59987033, "Plan Width": 16}, {"Node Type": "Materialize", "Parent Relationship": "Inner", "Startup Cost": 10000000000.0, "Total Cost": 1000011080335.01, "Plan Rows": 2001, "Plan Width": 8, "Plans": [{"Node Type": "Index Scan", "Parent Relationship": "Outer", "Scan Direction": "Forward", "Index Name": "part_kpey", "Relation Name": "part", "Alias": "part", "Startup Cost": 10000000000.0, "Total Cost": 1000011080325.0, "Plan Rows": 2001, "Plan Width": 8, "Filter": "((p_brand = 'Brand#44'::bpchar) AND (p_container = 'WRAP PKG'::bpchar))"}]}]}]}]}]}]}]}]}]}, "Unique SQL Id": 1080450481}, "explain_analyze_plan": null}, "(64, 44)": {"explain_plan": {"Plan": {"Node Type": "Aggregate", "Strategy": "Plain", "Startup Cost": 208324.62, "Total Cost": 208324.63, "Plan Rows": 1, "Plan Width": 16, "Plans": [{"Node Type": "Nested Loop", "Parent Relationship": "Outer", "Join Type": "Inner", "Startup Cost": 128691.05, "Total Cost": 208322.6, "Plan Rows": 806, "Plan Width": 8, "Inner Unique": false, "Plans": [{"Node Type": "Nested Loop", "Parent Relationship": "Outer", "Join Type": "Inner", "Startup Cost": 128691.05, "Total Cost": 196146.55, "Plan Rows": 438, "Plan Width": 24, "Inner Unique": true, "Plans": [{"Node Type": "Aggregate", "Strategy": "Hashed", "Parent Relationship": "Outer", "Startup Cost": 128691.05, "Total Cost": 128884.11, "Plan Rows": 11032, "Plan Width": 16, "Group By Key": ["public.lineitem.l_partkey"], "Plans": [{"Node Type": "Nested Loop", "Parent Relationship": "Outer", "Join Type": "Inner", "Startup Cost": 0.0, "Total Cost": 128608.31, "Plan Rows": 11032, "Plan Width": 16, "Inner Unique": false, "Plans": [{"Node Type": "Seq Scan", "Parent Relationship": "Outer", "Relation Name": "part", "Alias": "part", "Startup Cost": 0.0, "Total Cost": 71944.0, "Plan Rows": 2001, "Plan Width": 8, "Filter": "((p_brand = 'Brand#44'::bpchar) AND (p_container = 'WRAP PKG'::bpchar))"}, {"Node Type": "Index Scan", "Parent Relationship": "Inner", "Scan Direction": "Forward", "Index Name": "idx_lineitem_part_supp", "Relation Name": "lineitem", "Alias": "lineitem", "Startup Cost": 0.0, "Total Cost": 28.26, "Plan Rows": 6, "Plan Width": 16, "Index Cond": "(l_partkey = public.part.p_partkey)"}]}]}, {"Node Type": "Index Scan", "Parent Relationship": "Inner", "Scan Direction": "Forward", "Index Name": "part_kpey", "Relation Name": "part", "Alias": "part", "Startup Cost": 0.0, "Total Cost": 6.08, "Plan Rows": 1, "Plan Width": 8, "Index Cond": "(p_partkey = public.lineitem.l_partkey)", "Filter": "((p_brand = 'Brand#44'::bpchar) AND (p_container = 'WRAP PKG'::bpchar))"}]}, {"Node Type": "Index Scan", "Parent Relationship": "Inner", "Scan Direction": "Forward", "Index Name": "idx_lineitem_part_supp", "Relation Name": "lineitem", "Alias": "lineitem", "Startup Cost": 0.0, "Total Cost": 27.78, "Plan Rows": 2, "Plan Width": 24, "Index Cond": "(l_partkey = public.lineitem.l_partkey)", "Filter": "(l_quantity < (.2::double precision * (avg(public.lineitem.l_quantity))))"}]}]}, "Unique SQL Id": 1080450481}, "explain_analyze_plan": {"Plan": {"Node Type": "Aggregate", "Strategy": "Plain", "Startup Cost": 208324.62, "Total Cost": 208324.63, "Plan Rows": 1, "Plan Width": 16, "Actual Startup Time": 1237.71, "Actual Total Time": 1237.71, "Actual Rows": 1, "Actual Loops": 1, "Plans": [{"Node Type": "Nested Loop", "Parent Relationship": "Outer", "Join Type": "Inner", "Startup Cost": 128691.05, "Total Cost": 208322.6, "Plan Rows": 806, "Plan Width": 8, "Actual Startup Time": 1029.199, "Actual Total Time": 1236.739, "Actual Rows": 5403, "Actual Loops": 1, "Inner Unique": false, "Plans": [{"Node Type": "Nested Loop", "Parent Relationship": "Outer", "Join Type": "Inner", "Startup Cost": 128691.05, "Total Cost": 196146.55, "Plan Rows": 438, "Plan Width": 24, "Actual Startup Time": 1029.156, "Actual Total Time": 1050.822, "Actual Rows": 2003, "Actual Loops": 1, "Inner Unique": true, "Plans": [{"Node Type": "Aggregate", "Strategy": "Hashed", "Parent Relationship": "Outer", "Startup Cost": 128691.05, "Total Cost": 128884.11, "Plan Rows": 11032, "Plan Width": 16, "Actual Startup Time": 1029.115, "Actual Total Time": 1030.893, "Actual Rows": 2003, "Actual Loops": 1, "Group By Key": ["public.lineitem.l_partkey"], "Plans": [{"Node Type": "Nested Loop", "Parent Relationship": "Outer", "Join Type": "Inner", "Startup Cost": 0.0, "Total Cost": 128608.31, "Plan Rows": 11032, "Plan Width": 16, "Actual Startup Time": 0.391, "Actual Total Time": 988.045, "Actual Rows": 60021, "Actual Loops": 1, "Inner Unique": false, "Plans": [{"Node Type": "Seq Scan", "Parent Relationship": "Outer", "Relation Name": "part", "Alias": "part", "Startup Cost": 0.0, "Total Cost": 71944.0, "Plan Rows": 2001, "Plan Width": 8, "Actual Startup Time": 0.368, "Actual Total Time": 794.914, "Actual Rows": 2003, "Actual Loops": 1, "Filter": "((p_brand = 'Brand#44'::bpchar) AND (p_container = 'WRAP PKG'::bpchar))", "Rows Removed by Filter": 1997997}, {"Node Type": "Index Scan", "Parent Relationship": "Inner", "Scan Direction": "Forward", "Index Name": "idx_lineitem_part_supp", "Relation Name": "lineitem", "Alias": "lineitem", "Startup Cost": 0.0, "Total Cost": 28.26, "Plan Rows": 6, "Plan Width": 16, "Actual Startup Time": 25.038, "Actual Total Time": 178.698, "Actual Rows": 60021, "Actual Loops": 2003, "Index Cond": "(l_partkey = public.part.p_partkey)", "Rows Removed by Index Recheck": 0}]}]}, {"Node Type": "Index Scan", "Parent Relationship": "Inner", "Scan Direction": "Forward", "Index Name": "part_kpey", "Relation Name": "part", "Alias": "part", "Startup Cost": 0.0, "Total Cost": 6.08, "Plan Rows": 1, "Plan Width": 8, "Actual Startup Time": 18.14, "Actual Total Time": 18.14, "Actual Rows": 2003, "Actual Loops": 2003, "Index Cond": "(p_partkey = public.lineitem.l_partkey)", "Rows Removed by Index Recheck": 0, "Filter": "((p_brand = 'Brand#44'::bpchar) AND (p_container = 'WRAP PKG'::bpchar))", "Rows Removed by Filter": 0}]}, {"Node Type": "Index Scan", "Parent Relationship": "Inner", "Scan Direction": "Forward", "Index Name": "idx_lineitem_part_supp", "Relation Name": "lineitem", "Alias": "lineitem", "Startup Cost": 0.0, "Total Cost": 27.78, "Plan Rows": 2, "Plan Width": 24, "Actual Startup Time": 74.664, "Actual Total Time": 183.579, "Actual Rows": 5403, "Actual Loops": 2003, "Index Cond": "(l_partkey = public.lineitem.l_partkey)", "Rows Removed by Index Recheck": 0, "Filter": "(l_quantity < (.2::double precision * (avg(public.lineitem.l_quantity))))", "Rows Removed by Filter": 54618}]}]}, "Triggers": [], "Planner Runtime": 1.459, "Total Runtime": 1237.93, "Unique SQL Id": 1080450481}}, "(64, 45)": {"explain_plan": {"Plan": {"Node Type": "Aggregate", "Strategy": "Plain", "Startup Cost": 247183.87, "Total Cost": 247183.88, "Plan Rows": 1, "Plan Width": 16, "Plans": [{"Node Type": "Nested Loop", "Parent Relationship": "Outer", "Join Type": "Inner", "Startup Cost": 0.0, "Total Cost": 247181.85, "Plan Rows": 806, "Plan Width": 8, "Inner Unique": false, "Plans": [{"Node Type": "Nested Loop", "Parent Relationship": "Outer", "Join Type": "Inner", "Startup Cost": 0.0, "Total Cost": 235005.8, "Plan Rows": 438, "Plan Width": 24, "Inner Unique": true, "Plans": [{"Node Type": "Aggregate", "Strategy": "Sorted", "Parent Relationship": "Outer", "Startup Cost": 0.0, "Total Cost": 167743.36, "Plan Rows": 11032, "Plan Width": 80, "Group By Key": ["public.lineitem.l_partkey"], "Plans": [{"Node Type": "Nested Loop", "Parent Relationship": "Outer", "Join Type": "Inner", "Startup Cost": 0.0, "Total Cost": 167467.56, "Plan Rows": 11032, "Plan Width": 16, "Inner Unique": false, "Plans": [{"Node Type": "Index Scan", "Parent Relationship": "Outer", "Scan Direction": "Forward", "Index Name": "part_kpey", "Relation Name": "part", "Alias": "part", "Startup Cost": 0.0, "Total Cost": 110803.25, "Plan Rows": 2001, "Plan Width": 8, "Filter": "((p_brand = 'Brand#44'::bpchar) AND (p_container = 'WRAP PKG'::bpchar))"}, {"Node Type": "Index Scan", "Parent Relationship": "Inner", "Scan Direction": "Forward", "Index Name": "idx_lineitem_part_supp", "Relation Name": "lineitem", "Alias": "lineitem", "Startup Cost": 0.0, "Total Cost": 28.26, "Plan Rows": 6, "Plan Width": 16, "Index Cond": "(l_partkey = public.part.p_partkey)"}]}]}, {"Node Type": "Index Scan", "Parent Relationship": "Inner", "Scan Direction": "Forward", "Index Name": "part_kpey", "Relation Name": "part", "Alias": "part", "Startup Cost": 0.0, "Total Cost": 6.08, "Plan Rows": 1, "Plan Width": 8, "Index Cond": "(p_partkey = public.lineitem.l_partkey)", "Filter": "((p_brand = 'Brand#44'::bpchar) AND (p_container = 'WRAP PKG'::bpchar))"}]}, {"Node Type": "Index Scan", "Parent Relationship": "Inner", "Scan Direction": "Forward", "Index Name": "idx_lineitem_part_supp", "Relation Name": "lineitem", "Alias": "lineitem", "Startup Cost": 0.0, "Total Cost": 27.78, "Plan Rows": 2, "Plan Width": 24, "Index Cond": "(l_partkey = public.lineitem.l_partkey)", "Filter": "(l_quantity < (.2::double precision * (avg(public.lineitem.l_quantity))))"}]}]}, "Unique SQL Id": 1080450481}, "explain_analyze_plan": {"Plan": {"Node Type": "Aggregate", "Strategy": "Plain", "Startup Cost": 247183.87, "Total Cost": 247183.88, "Plan Rows": 1, "Plan Width": 16, "Actual Startup Time": 1786.581, "Actual Total Time": 1786.581, "Actual Rows": 1, "Actual Loops": 1, "Plans": [{"Node Type": "Nested Loop", "Parent Relationship": "Outer", "Join Type": "Inner", "Startup Cost": 0.0, "Total Cost": 247181.85, "Plan Rows": 806, "Plan Width": 8, "Actual Startup Time": 2.095, "Actual Total Time": 1785.363, "Actual Rows": 5403, "Actual Loops": 1, "Inner Unique": false, "Plans": [{"Node Type": "Nested Loop", "Parent Relationship": "Outer", "Join Type": "Inner", "Startup Cost": 0.0, "Total Cost": 235005.8, "Plan Rows": 438, "Plan Width": 24, "Actual Startup Time": 2.05, "Actual Total Time": 1705.146, "Actual Rows": 2003, "Actual Loops": 1, "Inner Unique": true, "Plans": [{"Node Type": "Aggregate", "Strategy": "Sorted", "Parent Relationship": "Outer", "Startup Cost": 0.0, "Total Cost": 167743.36, "Plan Rows": 11032, "Plan Width": 80, "Actual Startup Time": 2.039, "Actual Total Time": 1693.01, "Actual Rows": 2003, "Actual Loops": 1, "Group By Key": ["public.lineitem.l_partkey"], "Plans": [{"Node Type": "Nested Loop", "Parent Relationship": "Outer", "Join Type": "Inner", "Startup Cost": 0.0, "Total Cost": 167467.56, "Plan Rows": 11032, "Plan Width": 16, "Actual Startup Time": 0.668, "Actual Total Time": 1660.016, "Actual Rows": 60021, "Actual Loops": 1, "Inner Unique": false, "Plans": [{"Node Type": "Index Scan", "Parent Relationship": "Outer", "Scan Direction": "Forward", "Index Name": "part_kpey", "Relation Name": "part", "Alias": "part", "Startup Cost": 0.0, "Total Cost": 110803.25, "Plan Rows": 2001, "Plan Width": 8, "Actual Startup Time": 0.649, "Actual Total Time": 1460.778, "Actual Rows": 2003, "Actual Loops": 1, "Filter": "((p_brand = 'Brand#44'::bpchar) AND (p_container = 'WRAP PKG'::bpchar))", "Rows Removed by Filter": 1997997}, {"Node Type": "Index Scan", "Parent Relationship": "Inner", "Scan Direction": "Forward", "Index Name": "idx_lineitem_part_supp", "Relation Name": "lineitem", "Alias": "lineitem", "Startup Cost": 0.0, "Total Cost": 28.26, "Plan Rows": 6, "Plan Width": 16, "Actual Startup Time": 23.917, "Actual Total Time": 183.588, "Actual Rows": 60021, "Actual Loops": 2003, "Index Cond": "(l_partkey = public.part.p_partkey)", "Rows Removed by Index Recheck": 0}]}]}, {"Node Type": "Index Scan", "Parent Relationship": "Inner", "Scan Direction": "Forward", "Index Name": "part_kpey", "Relation Name": "part", "Alias": "part", "Startup Cost": 0.0, "Total Cost": 6.08, "Plan Rows": 1, "Plan Width": 8, "Actual Startup Time": 9.552, "Actual Total Time": 9.552, "Actual Rows": 2003, "Actual Loops": 2003, "Index Cond": "(p_partkey = public.lineitem.l_partkey)", "Rows Removed by Index Recheck": 0, "Filter": "((p_brand = 'Brand#44'::bpchar) AND (p_container = 'WRAP PKG'::bpchar))", "Rows Removed by Filter": 0}]}, {"Node Type": "Index Scan", "Parent Relationship": "Inner", "Scan Direction": "Forward", "Index Name": "idx_lineitem_part_supp", "Relation Name": "lineitem", "Alias": "lineitem", "Startup Cost": 0.0, "Total Cost": 27.78, "Plan Rows": 2, "Plan Width": 24, "Actual Startup Time": 33.922, "Actual Total Time": 77.009, "Actual Rows": 5403, "Actual Loops": 2003, "Index Cond": "(l_partkey = public.lineitem.l_partkey)", "Rows Removed by Index Recheck": 0, "Filter": "(l_quantity < (.2::double precision * (avg(public.lineitem.l_quantity))))", "Rows Removed by Filter": 54618}]}]}, "Triggers": [], "Planner Runtime": 1.403, "Total Runtime": 1786.803, "Unique SQL Id": 1080450481}}, "(64, 46)": {"explain_plan": {"Plan": {"Node Type": "Aggregate", "Strategy": "Plain", "Startup Cost": 4549973.98, "Total Cost": 4549974.0, "Plan Rows": 1, "Plan Width": 16, "Plans": [{"Node Type": "Hash Join", "Parent Relationship": "Outer", "Join Type": "Inner", "Startup Cost": 2309655.28, "Total Cost": 4549971.97, "Plan Rows": 806, "Plan Width": 8, "Inner Unique": true, "Hash Cond": "(public.part.p_partkey = subquery.\"?column?\")", "Join Filter": "(public.lineitem.l_quantity < (.2::double precision * subquery.\"?column?\"))", "Plans": [{"Node Type": "Hash Join", "Parent Relationship": "Outer", "Join Type": "Inner", "Startup Cost": 71969.01, "Total Cost": 2312146.04, "Plan Rows": 11032, "Plan Width": 32, "Inner Unique": true, "Hash Cond": "(public.lineitem.l_partkey = public.part.p_partkey)", "Plans": [{"Node Type": "Seq Scan", "Parent Relationship": "Outer", "Relation Name": "lineitem", "Alias": "lineitem", "Startup Cost": 0.0, "Total Cost": 2015115.33, "Plan Rows": 59987033, "Plan Width": 24}, {"Node Type": "Hash", "Parent Relationship": "Inner", "Startup Cost": 71944.0, "Total Cost": 71944.0, "Plan Rows": 2001, "Plan Width": 8, "Plans": [{"Node Type": "Seq Scan", "Parent Relationship": "Outer", "Relation Name": "part", "Alias": "part", "Startup Cost": 0.0, "Total Cost": 71944.0, "Plan Rows": 2001, "Plan Width": 8, "Filter": "((p_brand = 'Brand#44'::bpchar) AND (p_container = 'WRAP PKG'::bpchar))"}]}]}, {"Node Type": "Hash", "Parent Relationship": "Inner", "Startup Cost": 2237548.37, "Total Cost": 2237548.37, "Plan Rows": 11032, "Plan Width": 16, "Plans": [{"Node Type": "Subquery Scan", "Parent Relationship": "Outer", "Alias": "subquery", "Startup Cost": 2237244.99, "Total Cost": 2237548.37, "Plan Rows": 11032, "Plan Width": 16, "Plans": [{"Node Type": "Aggregate", "Strategy": "Hashed", "Parent Relationship": "Subquery", "Startup Cost": 2237244.99, "Total Cost": 2237438.05, "Plan Rows": 11032, "Plan Width": 16, "Group By Key": ["public.lineitem.l_partkey"], "Plans": [{"Node Type": "Hash Join", "Parent Relationship": "Outer", "Join Type": "Inner", "Startup Cost": 71969.01, "Total Cost": 2237162.25, "Plan Rows": 11032, "Plan Width": 16, "Inner Unique": true, "Hash Cond": "(public.lineitem.l_partkey = public.part.p_partkey)", "Plans": [{"Node Type": "Seq Scan", "Parent Relationship": "Outer", "Relation Name": "lineitem", "Alias": "lineitem", "Startup Cost": 0.0, "Total Cost": 2015115.33, "Plan Rows": 59987033, "Plan Width": 16}, {"Node Type": "Hash", "Parent Relationship": "Inner", "Startup Cost": 71944.0, "Total Cost": 71944.0, "Plan Rows": 2001, "Plan Width": 8, "Plans": [{"Node Type": "Seq Scan", "Parent Relationship": "Outer", "Relation Name": "part", "Alias": "part", "Startup Cost": 0.0, "Total Cost": 71944.0, "Plan Rows": 2001, "Plan Width": 8, "Filter": "((p_brand = 'Brand#44'::bpchar) AND (p_container = 'WRAP PKG'::bpchar))"}]}]}]}]}]}]}]}, "Unique SQL Id": 1080450481}, "explain_analyze_plan": null}, "(64, 47)": {"explain_plan": {"Plan": {"Node Type": "Aggregate", "Strategy": "Plain", "Startup Cost": 4003899272041.15, "Total Cost": 4003899272041.16, "Plan Rows": 1, "Plan Width": 16, "Plans": [{"Node Type": "Nested Loop", "Parent Relationship": "Outer", "Join Type": "Inner", "Startup Cost": 40000000000.0, "Total Cost": 4003899272039.14, "Plan Rows": 806, "Plan Width": 8, "Inner Unique": false, "Join Filter": "((subquery.\"?column?\" = public.lineitem.l_partkey) AND (public.lineitem.l_quantity < (.2::double precision * subquery.\"?column?\")))", "Plans": [{"Node Type": "Index Scan", "Parent Relationship": "Outer", "Scan Direction": "Forward", "Index Name": "idx_lineitem_part_supp", "Relation Name": "lineitem", "Alias": "lineitem", "Startup Cost": 10000000000.0, "Total Cost": 1000775391319.64, "Plan Rows": 59987033, "Plan Width": 24}, {"Node Type": "Materialize", "Parent Relationship": "Inner", "Startup Cost": 30000000000.0, "Total Cost": 3002598394311.51, "Plan Rows": 438, "Plan Width": 24, "Plans": [{"Node Type": "Nested Loop", "Parent Relationship": "Outer", "Join Type": "Inner", "Startup Cost": 30000000000.0, "Total Cost": 3002598394309.32, "Plan Rows": 438, "Plan Width": 24, "Inner Unique": true, "Join Filter": "(public.part.p_partkey = subquery.\"?column?\")", "Plans": [{"Node Type": "Index Scan", "Parent Relationship": "Outer", "Scan Direction": "Forward", "Index Name": "part_kpey", "Relation Name": "part", "Alias": "part", "Startup Cost": 10000000000.0, "Total Cost": 1000011080325.0, "Plan Rows": 2001, "Plan Width": 8, "Filter": "((p_brand = 'Brand#44'::bpchar) AND (p_container = 'WRAP PKG'::bpchar))"}, {"Node Type": "Materialize", "Parent Relationship": "Inner", "Startup Cost": 20000000000.0, "Total Cost": 2002586982886.42, "Plan Rows": 11032, "Plan Width": 16, "Plans": [{"Node Type": "Subquery Scan", "Parent Relationship": "Outer", "Alias": "subquery", "Startup Cost": 20000000000.0, "Total Cost": 2002586982831.26, "Plan Rows": 11032, "Plan Width": 16, "Plans": [{"Node Type": "Aggregate", "Strategy": "Sorted", "Parent Relationship": "Subquery", "Startup Cost": 20000000000.0, "Total Cost": 2002586982720.94, "Plan Rows": 11032, "Plan Width": 80, "Group By Key": ["public.lineitem.l_partkey"], "Plans": [{"Node Type": "Nested Loop", "Parent Relationship": "Outer", "Join Type": "Semi", "Startup Cost": 20000000000.0, "Total Cost": 2002586982445.14, "Plan Rows": 11032, "Plan Width": 16, "Inner Unique": false, "Join Filter": "(public.lineitem.l_partkey = public.part.p_partkey)", "Plans": [{"Node Type": "Index Scan", "Parent Relationship": "Outer", "Scan Direction": "Forward", "Index Name": "idx_lineitem_part_supp", "Relation Name": "lineitem", "Alias": "lineitem", "Startup Cost": 10000000000.0, "Total Cost": 1000775391319.64, "Plan Rows": 59987033, "Plan Width": 16}, {"Node Type": "Materialize", "Parent Relationship": "Inner", "Startup Cost": 10000000000.0, "Total Cost": 1000011080335.01, "Plan Rows": 2001, "Plan Width": 8, "Plans": [{"Node Type": "Index Scan", "Parent Relationship": "Outer", "Scan Direction": "Forward", "Index Name": "part_kpey", "Relation Name": "part", "Alias": "part", "Startup Cost": 10000000000.0, "Total Cost": 1000011080325.0, "Plan Rows": 2001, "Plan Width": 8, "Filter": "((p_brand = 'Brand#44'::bpchar) AND (p_container = 'WRAP PKG'::bpchar))"}]}]}]}]}]}]}]}]}]}, "Unique SQL Id": 1080450481}, "explain_analyze_plan": null}, "(64, 48)": {"explain_plan": {"Plan": {"Node Type": "Aggregate", "Strategy": "Plain", "Startup Cost": 208324.62, "Total Cost": 208324.63, "Plan Rows": 1, "Plan Width": 16, "Plans": [{"Node Type": "Nested Loop", "Parent Relationship": "Outer", "Join Type": "Inner", "Startup Cost": 128691.05, "Total Cost": 208322.6, "Plan Rows": 806, "Plan Width": 8, "Inner Unique": false, "Plans": [{"Node Type": "Nested Loop", "Parent Relationship": "Outer", "Join Type": "Inner", "Startup Cost": 128691.05, "Total Cost": 196146.55, "Plan Rows": 438, "Plan Width": 24, "Inner Unique": true, "Plans": [{"Node Type": "Aggregate", "Strategy": "Hashed", "Parent Relationship": "Outer", "Startup Cost": 128691.05, "Total Cost": 128884.11, "Plan Rows": 11032, "Plan Width": 16, "Group By Key": ["public.lineitem.l_partkey"], "Plans": [{"Node Type": "Nested Loop", "Parent Relationship": "Outer", "Join Type": "Inner", "Startup Cost": 0.0, "Total Cost": 128608.31, "Plan Rows": 11032, "Plan Width": 16, "Inner Unique": false, "Plans": [{"Node Type": "Seq Scan", "Parent Relationship": "Outer", "Relation Name": "part", "Alias": "part", "Startup Cost": 0.0, "Total Cost": 71944.0, "Plan Rows": 2001, "Plan Width": 8, "Filter": "((p_brand = 'Brand#44'::bpchar) AND (p_container = 'WRAP PKG'::bpchar))"}, {"Node Type": "Index Scan", "Parent Relationship": "Inner", "Scan Direction": "Forward", "Index Name": "idx_lineitem_part_supp", "Relation Name": "lineitem", "Alias": "lineitem", "Startup Cost": 0.0, "Total Cost": 28.26, "Plan Rows": 6, "Plan Width": 16, "Index Cond": "(l_partkey = public.part.p_partkey)"}]}]}, {"Node Type": "Index Scan", "Parent Relationship": "Inner", "Scan Direction": "Forward", "Index Name": "part_kpey", "Relation Name": "part", "Alias": "part", "Startup Cost": 0.0, "Total Cost": 6.08, "Plan Rows": 1, "Plan Width": 8, "Index Cond": "(p_partkey = public.lineitem.l_partkey)", "Filter": "((p_brand = 'Brand#44'::bpchar) AND (p_container = 'WRAP PKG'::bpchar))"}]}, {"Node Type": "Index Scan", "Parent Relationship": "Inner", "Scan Direction": "Forward", "Index Name": "idx_lineitem_part_supp", "Relation Name": "lineitem", "Alias": "lineitem", "Startup Cost": 0.0, "Total Cost": 27.78, "Plan Rows": 2, "Plan Width": 24, "Index Cond": "(l_partkey = public.lineitem.l_partkey)", "Filter": "(l_quantity < (.2::double precision * (avg(public.lineitem.l_quantity))))"}]}]}, "Unique SQL Id": 1080450481}, "explain_analyze_plan": {"Plan": {"Node Type": "Aggregate", "Strategy": "Plain", "Startup Cost": 208324.62, "Total Cost": 208324.63, "Plan Rows": 1, "Plan Width": 16, "Actual Startup Time": 1237.71, "Actual Total Time": 1237.71, "Actual Rows": 1, "Actual Loops": 1, "Plans": [{"Node Type": "Nested Loop", "Parent Relationship": "Outer", "Join Type": "Inner", "Startup Cost": 128691.05, "Total Cost": 208322.6, "Plan Rows": 806, "Plan Width": 8, "Actual Startup Time": 1029.199, "Actual Total Time": 1236.739, "Actual Rows": 5403, "Actual Loops": 1, "Inner Unique": false, "Plans": [{"Node Type": "Nested Loop", "Parent Relationship": "Outer", "Join Type": "Inner", "Startup Cost": 128691.05, "Total Cost": 196146.55, "Plan Rows": 438, "Plan Width": 24, "Actual Startup Time": 1029.156, "Actual Total Time": 1050.822, "Actual Rows": 2003, "Actual Loops": 1, "Inner Unique": true, "Plans": [{"Node Type": "Aggregate", "Strategy": "Hashed", "Parent Relationship": "Outer", "Startup Cost": 128691.05, "Total Cost": 128884.11, "Plan Rows": 11032, "Plan Width": 16, "Actual Startup Time": 1029.115, "Actual Total Time": 1030.893, "Actual Rows": 2003, "Actual Loops": 1, "Group By Key": ["public.lineitem.l_partkey"], "Plans": [{"Node Type": "Nested Loop", "Parent Relationship": "Outer", "Join Type": "Inner", "Startup Cost": 0.0, "Total Cost": 128608.31, "Plan Rows": 11032, "Plan Width": 16, "Actual Startup Time": 0.391, "Actual Total Time": 988.045, "Actual Rows": 60021, "Actual Loops": 1, "Inner Unique": false, "Plans": [{"Node Type": "Seq Scan", "Parent Relationship": "Outer", "Relation Name": "part", "Alias": "part", "Startup Cost": 0.0, "Total Cost": 71944.0, "Plan Rows": 2001, "Plan Width": 8, "Actual Startup Time": 0.368, "Actual Total Time": 794.914, "Actual Rows": 2003, "Actual Loops": 1, "Filter": "((p_brand = 'Brand#44'::bpchar) AND (p_container = 'WRAP PKG'::bpchar))", "Rows Removed by Filter": 1997997}, {"Node Type": "Index Scan", "Parent Relationship": "Inner", "Scan Direction": "Forward", "Index Name": "idx_lineitem_part_supp", "Relation Name": "lineitem", "Alias": "lineitem", "Startup Cost": 0.0, "Total Cost": 28.26, "Plan Rows": 6, "Plan Width": 16, "Actual Startup Time": 25.038, "Actual Total Time": 178.698, "Actual Rows": 60021, "Actual Loops": 2003, "Index Cond": "(l_partkey = public.part.p_partkey)", "Rows Removed by Index Recheck": 0}]}]}, {"Node Type": "Index Scan", "Parent Relationship": "Inner", "Scan Direction": "Forward", "Index Name": "part_kpey", "Relation Name": "part", "Alias": "part", "Startup Cost": 0.0, "Total Cost": 6.08, "Plan Rows": 1, "Plan Width": 8, "Actual Startup Time": 18.14, "Actual Total Time": 18.14, "Actual Rows": 2003, "Actual Loops": 2003, "Index Cond": "(p_partkey = public.lineitem.l_partkey)", "Rows Removed by Index Recheck": 0, "Filter": "((p_brand = 'Brand#44'::bpchar) AND (p_container = 'WRAP PKG'::bpchar))", "Rows Removed by Filter": 0}]}, {"Node Type": "Index Scan", "Parent Relationship": "Inner", "Scan Direction": "Forward", "Index Name": "idx_lineitem_part_supp", "Relation Name": "lineitem", "Alias": "lineitem", "Startup Cost": 0.0, "Total Cost": 27.78, "Plan Rows": 2, "Plan Width": 24, "Actual Startup Time": 74.664, "Actual Total Time": 183.579, "Actual Rows": 5403, "Actual Loops": 2003, "Index Cond": "(l_partkey = public.lineitem.l_partkey)", "Rows Removed by Index Recheck": 0, "Filter": "(l_quantity < (.2::double precision * (avg(public.lineitem.l_quantity))))", "Rows Removed by Filter": 54618}]}]}, "Triggers": [], "Planner Runtime": 1.459, "Total Runtime": 1237.93, "Unique SQL Id": 1080450481}}, "(64, 49)": {"explain_plan": {"Plan": {"Node Type": "Aggregate", "Strategy": "Plain", "Startup Cost": 247183.87, "Total Cost": 247183.88, "Plan Rows": 1, "Plan Width": 16, "Plans": [{"Node Type": "Nested Loop", "Parent Relationship": "Outer", "Join Type": "Inner", "Startup Cost": 0.0, "Total Cost": 247181.85, "Plan Rows": 806, "Plan Width": 8, "Inner Unique": false, "Plans": [{"Node Type": "Nested Loop", "Parent Relationship": "Outer", "Join Type": "Inner", "Startup Cost": 0.0, "Total Cost": 235005.8, "Plan Rows": 438, "Plan Width": 24, "Inner Unique": true, "Plans": [{"Node Type": "Aggregate", "Strategy": "Sorted", "Parent Relationship": "Outer", "Startup Cost": 0.0, "Total Cost": 167743.36, "Plan Rows": 11032, "Plan Width": 80, "Group By Key": ["public.lineitem.l_partkey"], "Plans": [{"Node Type": "Nested Loop", "Parent Relationship": "Outer", "Join Type": "Inner", "Startup Cost": 0.0, "Total Cost": 167467.56, "Plan Rows": 11032, "Plan Width": 16, "Inner Unique": false, "Plans": [{"Node Type": "Index Scan", "Parent Relationship": "Outer", "Scan Direction": "Forward", "Index Name": "part_kpey", "Relation Name": "part", "Alias": "part", "Startup Cost": 0.0, "Total Cost": 110803.25, "Plan Rows": 2001, "Plan Width": 8, "Filter": "((p_brand = 'Brand#44'::bpchar) AND (p_container = 'WRAP PKG'::bpchar))"}, {"Node Type": "Index Scan", "Parent Relationship": "Inner", "Scan Direction": "Forward", "Index Name": "idx_lineitem_part_supp", "Relation Name": "lineitem", "Alias": "lineitem", "Startup Cost": 0.0, "Total Cost": 28.26, "Plan Rows": 6, "Plan Width": 16, "Index Cond": "(l_partkey = public.part.p_partkey)"}]}]}, {"Node Type": "Index Scan", "Parent Relationship": "Inner", "Scan Direction": "Forward", "Index Name": "part_kpey", "Relation Name": "part", "Alias": "part", "Startup Cost": 0.0, "Total Cost": 6.08, "Plan Rows": 1, "Plan Width": 8, "Index Cond": "(p_partkey = public.lineitem.l_partkey)", "Filter": "((p_brand = 'Brand#44'::bpchar) AND (p_container = 'WRAP PKG'::bpchar))"}]}, {"Node Type": "Index Scan", "Parent Relationship": "Inner", "Scan Direction": "Forward", "Index Name": "idx_lineitem_part_supp", "Relation Name": "lineitem", "Alias": "lineitem", "Startup Cost": 0.0, "Total Cost": 27.78, "Plan Rows": 2, "Plan Width": 24, "Index Cond": "(l_partkey = public.lineitem.l_partkey)", "Filter": "(l_quantity < (.2::double precision * (avg(public.lineitem.l_quantity))))"}]}]}, "Unique SQL Id": 1080450481}, "explain_analyze_plan": {"Plan": {"Node Type": "Aggregate", "Strategy": "Plain", "Startup Cost": 247183.87, "Total Cost": 247183.88, "Plan Rows": 1, "Plan Width": 16, "Actual Startup Time": 1786.581, "Actual Total Time": 1786.581, "Actual Rows": 1, "Actual Loops": 1, "Plans": [{"Node Type": "Nested Loop", "Parent Relationship": "Outer", "Join Type": "Inner", "Startup Cost": 0.0, "Total Cost": 247181.85, "Plan Rows": 806, "Plan Width": 8, "Actual Startup Time": 2.095, "Actual Total Time": 1785.363, "Actual Rows": 5403, "Actual Loops": 1, "Inner Unique": false, "Plans": [{"Node Type": "Nested Loop", "Parent Relationship": "Outer", "Join Type": "Inner", "Startup Cost": 0.0, "Total Cost": 235005.8, "Plan Rows": 438, "Plan Width": 24, "Actual Startup Time": 2.05, "Actual Total Time": 1705.146, "Actual Rows": 2003, "Actual Loops": 1, "Inner Unique": true, "Plans": [{"Node Type": "Aggregate", "Strategy": "Sorted", "Parent Relationship": "Outer", "Startup Cost": 0.0, "Total Cost": 167743.36, "Plan Rows": 11032, "Plan Width": 80, "Actual Startup Time": 2.039, "Actual Total Time": 1693.01, "Actual Rows": 2003, "Actual Loops": 1, "Group By Key": ["public.lineitem.l_partkey"], "Plans": [{"Node Type": "Nested Loop", "Parent Relationship": "Outer", "Join Type": "Inner", "Startup Cost": 0.0, "Total Cost": 167467.56, "Plan Rows": 11032, "Plan Width": 16, "Actual Startup Time": 0.668, "Actual Total Time": 1660.016, "Actual Rows": 60021, "Actual Loops": 1, "Inner Unique": false, "Plans": [{"Node Type": "Index Scan", "Parent Relationship": "Outer", "Scan Direction": "Forward", "Index Name": "part_kpey", "Relation Name": "part", "Alias": "part", "Startup Cost": 0.0, "Total Cost": 110803.25, "Plan Rows": 2001, "Plan Width": 8, "Actual Startup Time": 0.649, "Actual Total Time": 1460.778, "Actual Rows": 2003, "Actual Loops": 1, "Filter": "((p_brand = 'Brand#44'::bpchar) AND (p_container = 'WRAP PKG'::bpchar))", "Rows Removed by Filter": 1997997}, {"Node Type": "Index Scan", "Parent Relationship": "Inner", "Scan Direction": "Forward", "Index Name": "idx_lineitem_part_supp", "Relation Name": "lineitem", "Alias": "lineitem", "Startup Cost": 0.0, "Total Cost": 28.26, "Plan Rows": 6, "Plan Width": 16, "Actual Startup Time": 23.917, "Actual Total Time": 183.588, "Actual Rows": 60021, "Actual Loops": 2003, "Index Cond": "(l_partkey = public.part.p_partkey)", "Rows Removed by Index Recheck": 0}]}]}, {"Node Type": "Index Scan", "Parent Relationship": "Inner", "Scan Direction": "Forward", "Index Name": "part_kpey", "Relation Name": "part", "Alias": "part", "Startup Cost": 0.0, "Total Cost": 6.08, "Plan Rows": 1, "Plan Width": 8, "Actual Startup Time": 9.552, "Actual Total Time": 9.552, "Actual Rows": 2003, "Actual Loops": 2003, "Index Cond": "(p_partkey = public.lineitem.l_partkey)", "Rows Removed by Index Recheck": 0, "Filter": "((p_brand = 'Brand#44'::bpchar) AND (p_container = 'WRAP PKG'::bpchar))", "Rows Removed by Filter": 0}]}, {"Node Type": "Index Scan", "Parent Relationship": "Inner", "Scan Direction": "Forward", "Index Name": "idx_lineitem_part_supp", "Relation Name": "lineitem", "Alias": "lineitem", "Startup Cost": 0.0, "Total Cost": 27.78, "Plan Rows": 2, "Plan Width": 24, "Actual Startup Time": 33.922, "Actual Total Time": 77.009, "Actual Rows": 5403, "Actual Loops": 2003, "Index Cond": "(l_partkey = public.lineitem.l_partkey)", "Rows Removed by Index Recheck": 0, "Filter": "(l_quantity < (.2::double precision * (avg(public.lineitem.l_quantity))))", "Rows Removed by Filter": 54618}]}]}, "Triggers": [], "Planner Runtime": 1.403, "Total Runtime": 1786.803, "Unique SQL Id": 1080450481}}, "(64, 50)": {"explain_plan": {"Plan": {"Node Type": "Aggregate", "Strategy": "Plain", "Startup Cost": 213808.47, "Total Cost": 213808.48, "Plan Rows": 1, "Plan Width": 16, "Plans": [{"Node Type": "Nested Loop", "Parent Relationship": "Outer", "Join Type": "Inner", "Startup Cost": 128826.76, "Total Cost": 213806.45, "Plan Rows": 806, "Plan Width": 8, "Inner Unique": false, "Plans": [{"Node Type": "Nested Loop", "Parent Relationship": "Outer", "Join Type": "Inner", "Startup Cost": 128822.53, "Total Cost": 201406.27, "Plan Rows": 438, "Plan Width": 24, "Inner Unique": true, "Plans": [{"Node Type": "Aggregate", "Strategy": "Hashed", "Parent Relationship": "Outer", "Startup Cost": 128820.01, "Total Cost": 129013.07, "Plan Rows": 11032, "Plan Width": 16, "Group By Key": ["public.lineitem.l_partkey"], "Plans": [{"Node Type": "Nested Loop", "Parent Relationship": "Outer", "Join Type": "Inner", "Startup Cost": 4.28, "Total Cost": 128737.27, "Plan Rows": 11032, "Plan Width": 16, "Inner Unique": false, "Plans": [{"Node Type": "Seq Scan", "Parent Relationship": "Outer", "Relation Name": "part", "Alias": "part", "Startup Cost": 0.0, "Total Cost": 71944.0, "Plan Rows": 2001, "Plan Width": 8, "Filter": "((p_brand = 'Brand#44'::bpchar) AND (p_container = 'WRAP PKG'::bpchar))"}, {"Node Type": "Bitmap Heap Scan", "Parent Relationship": "Inner", "Relation Name": "lineitem", "Alias": "lineitem", "Startup Cost": 4.28, "Total Cost": 28.32, "Plan Rows": 6, "Plan Width": 16, "Recheck Cond": "(l_partkey = public.part.p_partkey)", "Plans": [{"Node Type": "Bitmap Index Scan", "Parent Relationship": "Outer", "Index Name": "idx_lineitem_part_supp", "Startup Cost": 0.0, "Total Cost": 4.28, "Plan Rows": 6, "Plan Width": 0, "Index Cond": "(l_partkey = public.part.p_partkey)"}]}]}]}, {"Node Type": "Bitmap Heap Scan", "Parent Relationship": "Inner", "Relation Name": "part", "Alias": "part", "Startup Cost": 2.52, "Total Cost": 6.54, "Plan Rows": 1, "Plan Width": 8, "Recheck Cond": "(p_partkey = public.lineitem.l_partkey)", "Filter": "((p_brand = 'Brand#44'::bpchar) AND (p_container = 'WRAP PKG'::bpchar))", "Plans": [{"Node Type": "Bitmap Index Scan", "Parent Relationship": "Outer", "Index Name": "part_kpey", "Startup Cost": 0.0, "Total Cost": 2.52, "Plan Rows": 1, "Plan Width": 0, "Index Cond": "(p_partkey = public.lineitem.l_partkey)"}]}]}, {"Node Type": "Bitmap Heap Scan", "Parent Relationship": "Inner", "Relation Name": "lineitem", "Alias": "lineitem", "Startup Cost": 4.22, "Total Cost": 28.29, "Plan Rows": 2, "Plan Width": 24, "Recheck Cond": "(l_partkey = public.lineitem.l_partkey)", "Filter": "(l_quantity < (.2::double precision * (avg(public.lineitem.l_quantity))))", "Plans": [{"Node Type": "Bitmap Index Scan", "Parent Relationship": "Outer", "Index Name": "idx_lineitem_part_supp", "Startup Cost": 0.0, "Total Cost": 4.22, "Plan Rows": 6, "Plan Width": 0, "Index Cond": "(l_partkey = public.lineitem.l_partkey)"}]}]}]}, "Unique SQL Id": 1080450481}, "explain_analyze_plan": {"Plan": {"Node Type": "Aggregate", "Strategy": "Plain", "Startup Cost": 213808.47, "Total Cost": 213808.48, "Plan Rows": 1, "Plan Width": 16, "Actual Startup Time": 1279.19, "Actual Total Time": 1279.19, "Actual Rows": 1, "Actual Loops": 1, "Plans": [{"Node Type": "Nested Loop", "Parent Relationship": "Outer", "Join Type": "Inner", "Startup Cost": 128826.76, "Total Cost": 213806.45, "Plan Rows": 806, "Plan Width": 8, "Actual Startup Time": 1037.423, "Actual Total Time": 1278.124, "Actual Rows": 5403, "Actual Loops": 1, "Inner Unique": false, "Plans": [{"Node Type": "Nested Loop", "Parent Relationship": "Outer", "Join Type": "Inner", "Startup Cost": 128822.53, "Total Cost": 201406.27, "Plan Rows": 438, "Plan Width": 24, "Actual Startup Time": 1037.36, "Actual Total Time": 1063.781, "Actual Rows": 2003, "Actual Loops": 1, "Inner Unique": true, "Plans": [{"Node Type": "Aggregate", "Strategy": "Hashed", "Parent Relationship": "Outer", "Startup Cost": 128820.01, "Total Cost": 129013.07, "Plan Rows": 11032, "Plan Width": 16, "Actual Startup Time": 1037.311, "Actual Total Time": 1039.347, "Actual Rows": 2003, "Actual Loops": 1, "Group By Key": ["public.lineitem.l_partkey"], "Plans": [{"Node Type": "Nested Loop", "Parent Relationship": "Outer", "Join Type": "Inner", "Startup Cost": 4.28, "Total Cost": 128737.27, "Plan Rows": 11032, "Plan Width": 16, "Actual Startup Time": 0.394, "Actual Total Time": 996.431, "Actual Rows": 60021, "Actual Loops": 1, "Inner Unique": false, "Plans": [{"Node Type": "Seq Scan", "Parent Relationship": "Outer", "Relation Name": "part", "Alias": "part", "Startup Cost": 0.0, "Total Cost": 71944.0, "Plan Rows": 2001, "Plan Width": 8, "Actual Startup Time": 0.348, "Actual Total Time": 778.551, "Actual Rows": 2003, "Actual Loops": 1, "Filter": "((p_brand = 'Brand#44'::bpchar) AND (p_container = 'WRAP PKG'::bpchar))", "Rows Removed by Filter": 1997997}, {"Node Type": "Bitmap Heap Scan", "Parent Relationship": "Inner", "Relation Name": "lineitem", "Alias": "lineitem", "Startup Cost": 4.28, "Total Cost": 28.32, "Plan Rows": 6, "Plan Width": 16, "Actual Startup Time": 41.59, "Actual Total Time": 200.412, "Actual Rows": 60021, "Actual Loops": 2003, "Recheck Cond": "(l_partkey = public.part.p_partkey)", "Rows Removed by Index Recheck": 0, "Exact Heap Blocks": 60018, "Lossy Heap Blocks": 60018, "Plans": [{"Node Type": "Bitmap Index Scan", "Parent Relationship": "Outer", "Index Name": "idx_lineitem_part_supp", "Startup Cost": 0.0, "Total Cost": 4.28, "Plan Rows": 6, "Plan Width": 0, "Actual Startup Time": 27.347, "Actual Total Time": 27.347, "Actual Rows": 60021, "Actual Loops": 2003, "Index Cond": "(l_partkey = public.part.p_partkey)"}]}]}]}, {"Node Type": "Bitmap Heap Scan", "Parent Relationship": "Inner", "Relation Name": "part", "Alias": "part", "Startup Cost": 2.52, "Total Cost": 6.54, "Plan Rows": 1, "Plan Width": 8, "Actual Startup Time": 21.221, "Actual Total Time": 21.221, "Actual Rows": 2003, "Actual Loops": 2003, "Recheck Cond": "(p_partkey = public.lineitem.l_partkey)", "Rows Removed by Index Recheck": 0, "Filter": "((p_brand = 'Brand#44'::bpchar) AND (p_container = 'WRAP PKG'::bpchar))", "Rows Removed by Filter": 0, "Exact Heap Blocks": 2003, "Lossy Heap Blocks": 2003, "Plans": [{"Node Type": "Bitmap Index Scan", "Parent Relationship": "Outer", "Index Name": "part_kpey", "Startup Cost": 0.0, "Total Cost": 2.52, "Plan Rows": 1, "Plan Width": 0, "Actual Startup Time": 12.591, "Actual Total Time": 12.591, "Actual Rows": 2003, "Actual Loops": 2003, "Index Cond": "(p_partkey = public.lineitem.l_partkey)"}]}]}, {"Node Type": "Bitmap Heap Scan", "Parent Relationship": "Inner", "Relation Name": "lineitem", "Alias": "lineitem", "Startup Cost": 4.22, "Total Cost": 28.29, "Plan Rows": 2, "Plan Width": 24, "Actual Startup Time": 91.418, "Actual Total Time": 210.338, "Actual Rows": 5403, "Actual Loops": 2003, "Recheck Cond": "(l_partkey = public.lineitem.l_partkey)", "Rows Removed by Index Recheck": 0, "Filter": "(l_quantity < (.2::double precision * (avg(public.lineitem.l_quantity))))", "Rows Removed by Filter": 54618, "Exact Heap Blocks": 60018, "Lossy Heap Blocks": 60018, "Plans": [{"Node Type": "Bitmap Index Scan", "Parent Relationship": "Outer", "Index Name": "idx_lineitem_part_supp", "Startup Cost": 0.0, "Total Cost": 4.22, "Plan Rows": 6, "Plan Width": 0, "Actual Startup Time": 24.271, "Actual Total Time": 24.271, "Actual Rows": 60021, "Actual Loops": 2003, "Index Cond": "(l_partkey = public.lineitem.l_partkey)"}]}]}]}, "Triggers": [], "Planner Runtime": 1.391, "Total Runtime": 1279.48, "Unique SQL Id": 1080450481}}, "(64, 51)": {"explain_plan": {"Plan": {"Node Type": "Aggregate", "Strategy": "Plain", "Startup Cost": 1001032279502.61, "Total Cost": 1001032279502.62, "Plan Rows": 1, "Plan Width": 16, "Plans": [{"Node Type": "Nested Loop", "Parent Relationship": "Outer", "Join Type": "Inner", "Startup Cost": 10000000004.74, "Total Cost": 1001032279500.6, "Plan Rows": 806, "Plan Width": 8, "Inner Unique": true, "Join Filter": "(public.lineitem.l_partkey = public.part.p_partkey)", "Plans": [{"Node Type": "Nested Loop", "Parent Relationship": "Outer", "Join Type": "Inner", "Startup Cost": 10000000004.48, "Total Cost": 1001032192561.0, "Plan Rows": 20274, "Plan Width": 24, "Inner Unique": false, "Plans": [{"Node Type": "Aggregate", "Strategy": "Sorted", "Parent Relationship": "Outer", "Startup Cost": 10000000000.26, "Total Cost": 1001031880124.59, "Plan Rows": 11032, "Plan Width": 80, "Group By Key": ["public.lineitem.l_partkey"], "Plans": [{"Node Type": "Nested Loop", "Parent Relationship": "Outer", "Join Type": "Semi", "Startup Cost": 10000000000.26, "Total Cost": 1001031879848.79, "Plan Rows": 11032, "Plan Width": 16, "Inner Unique": false, "Plans": [{"Node Type": "Index Scan", "Parent Relationship": "Outer", "Scan Direction": "Forward", "Index Name": "idx_lineitem_part_supp", "Relation Name": "lineitem", "Alias": "lineitem", "Startup Cost": 10000000000.0, "Total Cost": 1000775391319.64, "Plan Rows": 59987033, "Plan Width": 16}, {"Node Type": "Bitmap Heap Scan", "Parent Relationship": "Inner", "Relation Name": "part", "Alias": "part", "Startup Cost": 0.26, "Total Cost": 4.28, "Plan Rows": 1, "Plan Width": 8, "Recheck Cond": "(p_partkey = public.lineitem.l_partkey)", "Filter": "((p_brand = 'Brand#44'::bpchar) AND (p_container = 'WRAP PKG'::bpchar))", "Plans": [{"Node Type": "Bitmap Index Scan", "Parent Relationship": "Outer", "Index Name": "part_kpey", "Startup Cost": 0.0, "Total Cost": 0.26, "Plan Rows": 1, "Plan Width": 0, "Index Cond": "(p_partkey = public.lineitem.l_partkey)"}]}]}]}, {"Node Type": "Bitmap Heap Scan", "Parent Relationship": "Inner", "Relation Name": "lineitem", "Alias": "lineitem", "Startup Cost": 4.22, "Total Cost": 28.29, "Plan Rows": 2, "Plan Width": 24, "Recheck Cond": "(l_partkey = public.lineitem.l_partkey)", "Filter": "(l_quantity < (.2::double precision * (avg(public.lineitem.l_quantity))))", "Plans": [{"Node Type": "Bitmap Index Scan", "Parent Relationship": "Outer", "Index Name": "idx_lineitem_part_supp", "Startup Cost": 0.0, "Total Cost": 4.22, "Plan Rows": 6, "Plan Width": 0, "Index Cond": "(l_partkey = public.lineitem.l_partkey)"}]}]}, {"Node Type": "Bitmap Heap Scan", "Parent Relationship": "Inner", "Relation Name": "part", "Alias": "part", "Startup Cost": 0.26, "Total Cost": 4.28, "Plan Rows": 1, "Plan Width": 8, "Recheck Cond": "(p_partkey = public.lineitem.l_partkey)", "Filter": "((p_brand = 'Brand#44'::bpchar) AND (p_container = 'WRAP PKG'::bpchar))", "Plans": [{"Node Type": "Bitmap Index Scan", "Parent Relationship": "Outer", "Index Name": "part_kpey", "Startup Cost": 0.0, "Total Cost": 0.26, "Plan Rows": 1, "Plan Width": 0, "Index Cond": "(p_partkey = public.lineitem.l_partkey)"}]}]}]}, "Unique SQL Id": 1080450481}, "explain_analyze_plan": null}, "(64, 52)": {"explain_plan": {"Plan": {"Node Type": "Aggregate", "Strategy": "Plain", "Startup Cost": 208324.62, "Total Cost": 208324.63, "Plan Rows": 1, "Plan Width": 16, "Plans": [{"Node Type": "Nested Loop", "Parent Relationship": "Outer", "Join Type": "Inner", "Startup Cost": 128691.05, "Total Cost": 208322.6, "Plan Rows": 806, "Plan Width": 8, "Inner Unique": false, "Plans": [{"Node Type": "Nested Loop", "Parent Relationship": "Outer", "Join Type": "Inner", "Startup Cost": 128691.05, "Total Cost": 196146.55, "Plan Rows": 438, "Plan Width": 24, "Inner Unique": true, "Plans": [{"Node Type": "Aggregate", "Strategy": "Hashed", "Parent Relationship": "Outer", "Startup Cost": 128691.05, "Total Cost": 128884.11, "Plan Rows": 11032, "Plan Width": 16, "Group By Key": ["public.lineitem.l_partkey"], "Plans": [{"Node Type": "Nested Loop", "Parent Relationship": "Outer", "Join Type": "Inner", "Startup Cost": 0.0, "Total Cost": 128608.31, "Plan Rows": 11032, "Plan Width": 16, "Inner Unique": false, "Plans": [{"Node Type": "Seq Scan", "Parent Relationship": "Outer", "Relation Name": "part", "Alias": "part", "Startup Cost": 0.0, "Total Cost": 71944.0, "Plan Rows": 2001, "Plan Width": 8, "Filter": "((p_brand = 'Brand#44'::bpchar) AND (p_container = 'WRAP PKG'::bpchar))"}, {"Node Type": "Index Scan", "Parent Relationship": "Inner", "Scan Direction": "Forward", "Index Name": "idx_lineitem_part_supp", "Relation Name": "lineitem", "Alias": "lineitem", "Startup Cost": 0.0, "Total Cost": 28.26, "Plan Rows": 6, "Plan Width": 16, "Index Cond": "(l_partkey = public.part.p_partkey)"}]}]}, {"Node Type": "Index Scan", "Parent Relationship": "Inner", "Scan Direction": "Forward", "Index Name": "part_kpey", "Relation Name": "part", "Alias": "part", "Startup Cost": 0.0, "Total Cost": 6.08, "Plan Rows": 1, "Plan Width": 8, "Index Cond": "(p_partkey = public.lineitem.l_partkey)", "Filter": "((p_brand = 'Brand#44'::bpchar) AND (p_container = 'WRAP PKG'::bpchar))"}]}, {"Node Type": "Index Scan", "Parent Relationship": "Inner", "Scan Direction": "Forward", "Index Name": "idx_lineitem_part_supp", "Relation Name": "lineitem", "Alias": "lineitem", "Startup Cost": 0.0, "Total Cost": 27.78, "Plan Rows": 2, "Plan Width": 24, "Index Cond": "(l_partkey = public.lineitem.l_partkey)", "Filter": "(l_quantity < (.2::double precision * (avg(public.lineitem.l_quantity))))"}]}]}, "Unique SQL Id": 1080450481}, "explain_analyze_plan": {"Plan": {"Node Type": "Aggregate", "Strategy": "Plain", "Startup Cost": 208324.62, "Total Cost": 208324.63, "Plan Rows": 1, "Plan Width": 16, "Actual Startup Time": 1237.71, "Actual Total Time": 1237.71, "Actual Rows": 1, "Actual Loops": 1, "Plans": [{"Node Type": "Nested Loop", "Parent Relationship": "Outer", "Join Type": "Inner", "Startup Cost": 128691.05, "Total Cost": 208322.6, "Plan Rows": 806, "Plan Width": 8, "Actual Startup Time": 1029.199, "Actual Total Time": 1236.739, "Actual Rows": 5403, "Actual Loops": 1, "Inner Unique": false, "Plans": [{"Node Type": "Nested Loop", "Parent Relationship": "Outer", "Join Type": "Inner", "Startup Cost": 128691.05, "Total Cost": 196146.55, "Plan Rows": 438, "Plan Width": 24, "Actual Startup Time": 1029.156, "Actual Total Time": 1050.822, "Actual Rows": 2003, "Actual Loops": 1, "Inner Unique": true, "Plans": [{"Node Type": "Aggregate", "Strategy": "Hashed", "Parent Relationship": "Outer", "Startup Cost": 128691.05, "Total Cost": 128884.11, "Plan Rows": 11032, "Plan Width": 16, "Actual Startup Time": 1029.115, "Actual Total Time": 1030.893, "Actual Rows": 2003, "Actual Loops": 1, "Group By Key": ["public.lineitem.l_partkey"], "Plans": [{"Node Type": "Nested Loop", "Parent Relationship": "Outer", "Join Type": "Inner", "Startup Cost": 0.0, "Total Cost": 128608.31, "Plan Rows": 11032, "Plan Width": 16, "Actual Startup Time": 0.391, "Actual Total Time": 988.045, "Actual Rows": 60021, "Actual Loops": 1, "Inner Unique": false, "Plans": [{"Node Type": "Seq Scan", "Parent Relationship": "Outer", "Relation Name": "part", "Alias": "part", "Startup Cost": 0.0, "Total Cost": 71944.0, "Plan Rows": 2001, "Plan Width": 8, "Actual Startup Time": 0.368, "Actual Total Time": 794.914, "Actual Rows": 2003, "Actual Loops": 1, "Filter": "((p_brand = 'Brand#44'::bpchar) AND (p_container = 'WRAP PKG'::bpchar))", "Rows Removed by Filter": 1997997}, {"Node Type": "Index Scan", "Parent Relationship": "Inner", "Scan Direction": "Forward", "Index Name": "idx_lineitem_part_supp", "Relation Name": "lineitem", "Alias": "lineitem", "Startup Cost": 0.0, "Total Cost": 28.26, "Plan Rows": 6, "Plan Width": 16, "Actual Startup Time": 25.038, "Actual Total Time": 178.698, "Actual Rows": 60021, "Actual Loops": 2003, "Index Cond": "(l_partkey = public.part.p_partkey)", "Rows Removed by Index Recheck": 0}]}]}, {"Node Type": "Index Scan", "Parent Relationship": "Inner", "Scan Direction": "Forward", "Index Name": "part_kpey", "Relation Name": "part", "Alias": "part", "Startup Cost": 0.0, "Total Cost": 6.08, "Plan Rows": 1, "Plan Width": 8, "Actual Startup Time": 18.14, "Actual Total Time": 18.14, "Actual Rows": 2003, "Actual Loops": 2003, "Index Cond": "(p_partkey = public.lineitem.l_partkey)", "Rows Removed by Index Recheck": 0, "Filter": "((p_brand = 'Brand#44'::bpchar) AND (p_container = 'WRAP PKG'::bpchar))", "Rows Removed by Filter": 0}]}, {"Node Type": "Index Scan", "Parent Relationship": "Inner", "Scan Direction": "Forward", "Index Name": "idx_lineitem_part_supp", "Relation Name": "lineitem", "Alias": "lineitem", "Startup Cost": 0.0, "Total Cost": 27.78, "Plan Rows": 2, "Plan Width": 24, "Actual Startup Time": 74.664, "Actual Total Time": 183.579, "Actual Rows": 5403, "Actual Loops": 2003, "Index Cond": "(l_partkey = public.lineitem.l_partkey)", "Rows Removed by Index Recheck": 0, "Filter": "(l_quantity < (.2::double precision * (avg(public.lineitem.l_quantity))))", "Rows Removed by Filter": 54618}]}]}, "Triggers": [], "Planner Runtime": 1.459, "Total Runtime": 1237.93, "Unique SQL Id": 1080450481}}, "(64, 53)": {"explain_plan": {"Plan": {"Node Type": "Aggregate", "Strategy": "Plain", "Startup Cost": 247183.87, "Total Cost": 247183.88, "Plan Rows": 1, "Plan Width": 16, "Plans": [{"Node Type": "Nested Loop", "Parent Relationship": "Outer", "Join Type": "Inner", "Startup Cost": 0.0, "Total Cost": 247181.85, "Plan Rows": 806, "Plan Width": 8, "Inner Unique": false, "Plans": [{"Node Type": "Nested Loop", "Parent Relationship": "Outer", "Join Type": "Inner", "Startup Cost": 0.0, "Total Cost": 235005.8, "Plan Rows": 438, "Plan Width": 24, "Inner Unique": true, "Plans": [{"Node Type": "Aggregate", "Strategy": "Sorted", "Parent Relationship": "Outer", "Startup Cost": 0.0, "Total Cost": 167743.36, "Plan Rows": 11032, "Plan Width": 80, "Group By Key": ["public.lineitem.l_partkey"], "Plans": [{"Node Type": "Nested Loop", "Parent Relationship": "Outer", "Join Type": "Inner", "Startup Cost": 0.0, "Total Cost": 167467.56, "Plan Rows": 11032, "Plan Width": 16, "Inner Unique": false, "Plans": [{"Node Type": "Index Scan", "Parent Relationship": "Outer", "Scan Direction": "Forward", "Index Name": "part_kpey", "Relation Name": "part", "Alias": "part", "Startup Cost": 0.0, "Total Cost": 110803.25, "Plan Rows": 2001, "Plan Width": 8, "Filter": "((p_brand = 'Brand#44'::bpchar) AND (p_container = 'WRAP PKG'::bpchar))"}, {"Node Type": "Index Scan", "Parent Relationship": "Inner", "Scan Direction": "Forward", "Index Name": "idx_lineitem_part_supp", "Relation Name": "lineitem", "Alias": "lineitem", "Startup Cost": 0.0, "Total Cost": 28.26, "Plan Rows": 6, "Plan Width": 16, "Index Cond": "(l_partkey = public.part.p_partkey)"}]}]}, {"Node Type": "Index Scan", "Parent Relationship": "Inner", "Scan Direction": "Forward", "Index Name": "part_kpey", "Relation Name": "part", "Alias": "part", "Startup Cost": 0.0, "Total Cost": 6.08, "Plan Rows": 1, "Plan Width": 8, "Index Cond": "(p_partkey = public.lineitem.l_partkey)", "Filter": "((p_brand = 'Brand#44'::bpchar) AND (p_container = 'WRAP PKG'::bpchar))"}]}, {"Node Type": "Index Scan", "Parent Relationship": "Inner", "Scan Direction": "Forward", "Index Name": "idx_lineitem_part_supp", "Relation Name": "lineitem", "Alias": "lineitem", "Startup Cost": 0.0, "Total Cost": 27.78, "Plan Rows": 2, "Plan Width": 24, "Index Cond": "(l_partkey = public.lineitem.l_partkey)", "Filter": "(l_quantity < (.2::double precision * (avg(public.lineitem.l_quantity))))"}]}]}, "Unique SQL Id": 1080450481}, "explain_analyze_plan": {"Plan": {"Node Type": "Aggregate", "Strategy": "Plain", "Startup Cost": 247183.87, "Total Cost": 247183.88, "Plan Rows": 1, "Plan Width": 16, "Actual Startup Time": 1786.581, "Actual Total Time": 1786.581, "Actual Rows": 1, "Actual Loops": 1, "Plans": [{"Node Type": "Nested Loop", "Parent Relationship": "Outer", "Join Type": "Inner", "Startup Cost": 0.0, "Total Cost": 247181.85, "Plan Rows": 806, "Plan Width": 8, "Actual Startup Time": 2.095, "Actual Total Time": 1785.363, "Actual Rows": 5403, "Actual Loops": 1, "Inner Unique": false, "Plans": [{"Node Type": "Nested Loop", "Parent Relationship": "Outer", "Join Type": "Inner", "Startup Cost": 0.0, "Total Cost": 235005.8, "Plan Rows": 438, "Plan Width": 24, "Actual Startup Time": 2.05, "Actual Total Time": 1705.146, "Actual Rows": 2003, "Actual Loops": 1, "Inner Unique": true, "Plans": [{"Node Type": "Aggregate", "Strategy": "Sorted", "Parent Relationship": "Outer", "Startup Cost": 0.0, "Total Cost": 167743.36, "Plan Rows": 11032, "Plan Width": 80, "Actual Startup Time": 2.039, "Actual Total Time": 1693.01, "Actual Rows": 2003, "Actual Loops": 1, "Group By Key": ["public.lineitem.l_partkey"], "Plans": [{"Node Type": "Nested Loop", "Parent Relationship": "Outer", "Join Type": "Inner", "Startup Cost": 0.0, "Total Cost": 167467.56, "Plan Rows": 11032, "Plan Width": 16, "Actual Startup Time": 0.668, "Actual Total Time": 1660.016, "Actual Rows": 60021, "Actual Loops": 1, "Inner Unique": false, "Plans": [{"Node Type": "Index Scan", "Parent Relationship": "Outer", "Scan Direction": "Forward", "Index Name": "part_kpey", "Relation Name": "part", "Alias": "part", "Startup Cost": 0.0, "Total Cost": 110803.25, "Plan Rows": 2001, "Plan Width": 8, "Actual Startup Time": 0.649, "Actual Total Time": 1460.778, "Actual Rows": 2003, "Actual Loops": 1, "Filter": "((p_brand = 'Brand#44'::bpchar) AND (p_container = 'WRAP PKG'::bpchar))", "Rows Removed by Filter": 1997997}, {"Node Type": "Index Scan", "Parent Relationship": "Inner", "Scan Direction": "Forward", "Index Name": "idx_lineitem_part_supp", "Relation Name": "lineitem", "Alias": "lineitem", "Startup Cost": 0.0, "Total Cost": 28.26, "Plan Rows": 6, "Plan Width": 16, "Actual Startup Time": 23.917, "Actual Total Time": 183.588, "Actual Rows": 60021, "Actual Loops": 2003, "Index Cond": "(l_partkey = public.part.p_partkey)", "Rows Removed by Index Recheck": 0}]}]}, {"Node Type": "Index Scan", "Parent Relationship": "Inner", "Scan Direction": "Forward", "Index Name": "part_kpey", "Relation Name": "part", "Alias": "part", "Startup Cost": 0.0, "Total Cost": 6.08, "Plan Rows": 1, "Plan Width": 8, "Actual Startup Time": 9.552, "Actual Total Time": 9.552, "Actual Rows": 2003, "Actual Loops": 2003, "Index Cond": "(p_partkey = public.lineitem.l_partkey)", "Rows Removed by Index Recheck": 0, "Filter": "((p_brand = 'Brand#44'::bpchar) AND (p_container = 'WRAP PKG'::bpchar))", "Rows Removed by Filter": 0}]}, {"Node Type": "Index Scan", "Parent Relationship": "Inner", "Scan Direction": "Forward", "Index Name": "idx_lineitem_part_supp", "Relation Name": "lineitem", "Alias": "lineitem", "Startup Cost": 0.0, "Total Cost": 27.78, "Plan Rows": 2, "Plan Width": 24, "Actual Startup Time": 33.922, "Actual Total Time": 77.009, "Actual Rows": 5403, "Actual Loops": 2003, "Index Cond": "(l_partkey = public.lineitem.l_partkey)", "Rows Removed by Index Recheck": 0, "Filter": "(l_quantity < (.2::double precision * (avg(public.lineitem.l_quantity))))", "Rows Removed by Filter": 54618}]}]}, "Triggers": [], "Planner Runtime": 1.403, "Total Runtime": 1786.803, "Unique SQL Id": 1080450481}}, "(64, 54)": {"explain_plan": {"Plan": {"Node Type": "Aggregate", "Strategy": "Plain", "Startup Cost": 213808.47, "Total Cost": 213808.48, "Plan Rows": 1, "Plan Width": 16, "Plans": [{"Node Type": "Nested Loop", "Parent Relationship": "Outer", "Join Type": "Inner", "Startup Cost": 128826.76, "Total Cost": 213806.45, "Plan Rows": 806, "Plan Width": 8, "Inner Unique": false, "Plans": [{"Node Type": "Nested Loop", "Parent Relationship": "Outer", "Join Type": "Inner", "Startup Cost": 128822.53, "Total Cost": 201406.27, "Plan Rows": 438, "Plan Width": 24, "Inner Unique": true, "Plans": [{"Node Type": "Aggregate", "Strategy": "Hashed", "Parent Relationship": "Outer", "Startup Cost": 128820.01, "Total Cost": 129013.07, "Plan Rows": 11032, "Plan Width": 16, "Group By Key": ["public.lineitem.l_partkey"], "Plans": [{"Node Type": "Nested Loop", "Parent Relationship": "Outer", "Join Type": "Inner", "Startup Cost": 4.28, "Total Cost": 128737.27, "Plan Rows": 11032, "Plan Width": 16, "Inner Unique": false, "Plans": [{"Node Type": "Seq Scan", "Parent Relationship": "Outer", "Relation Name": "part", "Alias": "part", "Startup Cost": 0.0, "Total Cost": 71944.0, "Plan Rows": 2001, "Plan Width": 8, "Filter": "((p_brand = 'Brand#44'::bpchar) AND (p_container = 'WRAP PKG'::bpchar))"}, {"Node Type": "Bitmap Heap Scan", "Parent Relationship": "Inner", "Relation Name": "lineitem", "Alias": "lineitem", "Startup Cost": 4.28, "Total Cost": 28.32, "Plan Rows": 6, "Plan Width": 16, "Recheck Cond": "(l_partkey = public.part.p_partkey)", "Plans": [{"Node Type": "Bitmap Index Scan", "Parent Relationship": "Outer", "Index Name": "idx_lineitem_part_supp", "Startup Cost": 0.0, "Total Cost": 4.28, "Plan Rows": 6, "Plan Width": 0, "Index Cond": "(l_partkey = public.part.p_partkey)"}]}]}]}, {"Node Type": "Bitmap Heap Scan", "Parent Relationship": "Inner", "Relation Name": "part", "Alias": "part", "Startup Cost": 2.52, "Total Cost": 6.54, "Plan Rows": 1, "Plan Width": 8, "Recheck Cond": "(p_partkey = public.lineitem.l_partkey)", "Filter": "((p_brand = 'Brand#44'::bpchar) AND (p_container = 'WRAP PKG'::bpchar))", "Plans": [{"Node Type": "Bitmap Index Scan", "Parent Relationship": "Outer", "Index Name": "part_kpey", "Startup Cost": 0.0, "Total Cost": 2.52, "Plan Rows": 1, "Plan Width": 0, "Index Cond": "(p_partkey = public.lineitem.l_partkey)"}]}]}, {"Node Type": "Bitmap Heap Scan", "Parent Relationship": "Inner", "Relation Name": "lineitem", "Alias": "lineitem", "Startup Cost": 4.22, "Total Cost": 28.29, "Plan Rows": 2, "Plan Width": 24, "Recheck Cond": "(l_partkey = public.lineitem.l_partkey)", "Filter": "(l_quantity < (.2::double precision * (avg(public.lineitem.l_quantity))))", "Plans": [{"Node Type": "Bitmap Index Scan", "Parent Relationship": "Outer", "Index Name": "idx_lineitem_part_supp", "Startup Cost": 0.0, "Total Cost": 4.22, "Plan Rows": 6, "Plan Width": 0, "Index Cond": "(l_partkey = public.lineitem.l_partkey)"}]}]}]}, "Unique SQL Id": 1080450481}, "explain_analyze_plan": {"Plan": {"Node Type": "Aggregate", "Strategy": "Plain", "Startup Cost": 213808.47, "Total Cost": 213808.48, "Plan Rows": 1, "Plan Width": 16, "Actual Startup Time": 1279.19, "Actual Total Time": 1279.19, "Actual Rows": 1, "Actual Loops": 1, "Plans": [{"Node Type": "Nested Loop", "Parent Relationship": "Outer", "Join Type": "Inner", "Startup Cost": 128826.76, "Total Cost": 213806.45, "Plan Rows": 806, "Plan Width": 8, "Actual Startup Time": 1037.423, "Actual Total Time": 1278.124, "Actual Rows": 5403, "Actual Loops": 1, "Inner Unique": false, "Plans": [{"Node Type": "Nested Loop", "Parent Relationship": "Outer", "Join Type": "Inner", "Startup Cost": 128822.53, "Total Cost": 201406.27, "Plan Rows": 438, "Plan Width": 24, "Actual Startup Time": 1037.36, "Actual Total Time": 1063.781, "Actual Rows": 2003, "Actual Loops": 1, "Inner Unique": true, "Plans": [{"Node Type": "Aggregate", "Strategy": "Hashed", "Parent Relationship": "Outer", "Startup Cost": 128820.01, "Total Cost": 129013.07, "Plan Rows": 11032, "Plan Width": 16, "Actual Startup Time": 1037.311, "Actual Total Time": 1039.347, "Actual Rows": 2003, "Actual Loops": 1, "Group By Key": ["public.lineitem.l_partkey"], "Plans": [{"Node Type": "Nested Loop", "Parent Relationship": "Outer", "Join Type": "Inner", "Startup Cost": 4.28, "Total Cost": 128737.27, "Plan Rows": 11032, "Plan Width": 16, "Actual Startup Time": 0.394, "Actual Total Time": 996.431, "Actual Rows": 60021, "Actual Loops": 1, "Inner Unique": false, "Plans": [{"Node Type": "Seq Scan", "Parent Relationship": "Outer", "Relation Name": "part", "Alias": "part", "Startup Cost": 0.0, "Total Cost": 71944.0, "Plan Rows": 2001, "Plan Width": 8, "Actual Startup Time": 0.348, "Actual Total Time": 778.551, "Actual Rows": 2003, "Actual Loops": 1, "Filter": "((p_brand = 'Brand#44'::bpchar) AND (p_container = 'WRAP PKG'::bpchar))", "Rows Removed by Filter": 1997997}, {"Node Type": "Bitmap Heap Scan", "Parent Relationship": "Inner", "Relation Name": "lineitem", "Alias": "lineitem", "Startup Cost": 4.28, "Total Cost": 28.32, "Plan Rows": 6, "Plan Width": 16, "Actual Startup Time": 41.59, "Actual Total Time": 200.412, "Actual Rows": 60021, "Actual Loops": 2003, "Recheck Cond": "(l_partkey = public.part.p_partkey)", "Rows Removed by Index Recheck": 0, "Exact Heap Blocks": 60018, "Lossy Heap Blocks": 60018, "Plans": [{"Node Type": "Bitmap Index Scan", "Parent Relationship": "Outer", "Index Name": "idx_lineitem_part_supp", "Startup Cost": 0.0, "Total Cost": 4.28, "Plan Rows": 6, "Plan Width": 0, "Actual Startup Time": 27.347, "Actual Total Time": 27.347, "Actual Rows": 60021, "Actual Loops": 2003, "Index Cond": "(l_partkey = public.part.p_partkey)"}]}]}]}, {"Node Type": "Bitmap Heap Scan", "Parent Relationship": "Inner", "Relation Name": "part", "Alias": "part", "Startup Cost": 2.52, "Total Cost": 6.54, "Plan Rows": 1, "Plan Width": 8, "Actual Startup Time": 21.221, "Actual Total Time": 21.221, "Actual Rows": 2003, "Actual Loops": 2003, "Recheck Cond": "(p_partkey = public.lineitem.l_partkey)", "Rows Removed by Index Recheck": 0, "Filter": "((p_brand = 'Brand#44'::bpchar) AND (p_container = 'WRAP PKG'::bpchar))", "Rows Removed by Filter": 0, "Exact Heap Blocks": 2003, "Lossy Heap Blocks": 2003, "Plans": [{"Node Type": "Bitmap Index Scan", "Parent Relationship": "Outer", "Index Name": "part_kpey", "Startup Cost": 0.0, "Total Cost": 2.52, "Plan Rows": 1, "Plan Width": 0, "Actual Startup Time": 12.591, "Actual Total Time": 12.591, "Actual Rows": 2003, "Actual Loops": 2003, "Index Cond": "(p_partkey = public.lineitem.l_partkey)"}]}]}, {"Node Type": "Bitmap Heap Scan", "Parent Relationship": "Inner", "Relation Name": "lineitem", "Alias": "lineitem", "Startup Cost": 4.22, "Total Cost": 28.29, "Plan Rows": 2, "Plan Width": 24, "Actual Startup Time": 91.418, "Actual Total Time": 210.338, "Actual Rows": 5403, "Actual Loops": 2003, "Recheck Cond": "(l_partkey = public.lineitem.l_partkey)", "Rows Removed by Index Recheck": 0, "Filter": "(l_quantity < (.2::double precision * (avg(public.lineitem.l_quantity))))", "Rows Removed by Filter": 54618, "Exact Heap Blocks": 60018, "Lossy Heap Blocks": 60018, "Plans": [{"Node Type": "Bitmap Index Scan", "Parent Relationship": "Outer", "Index Name": "idx_lineitem_part_supp", "Startup Cost": 0.0, "Total Cost": 4.22, "Plan Rows": 6, "Plan Width": 0, "Actual Startup Time": 24.271, "Actual Total Time": 24.271, "Actual Rows": 60021, "Actual Loops": 2003, "Index Cond": "(l_partkey = public.lineitem.l_partkey)"}]}]}]}, "Triggers": [], "Planner Runtime": 1.391, "Total Runtime": 1279.48, "Unique SQL Id": 1080450481}}, "(64, 55)": {"explain_plan": {"Plan": {"Node Type": "Aggregate", "Strategy": "Plain", "Startup Cost": 1001032279502.61, "Total Cost": 1001032279502.62, "Plan Rows": 1, "Plan Width": 16, "Plans": [{"Node Type": "Nested Loop", "Parent Relationship": "Outer", "Join Type": "Inner", "Startup Cost": 10000000004.74, "Total Cost": 1001032279500.6, "Plan Rows": 806, "Plan Width": 8, "Inner Unique": true, "Join Filter": "(public.lineitem.l_partkey = public.part.p_partkey)", "Plans": [{"Node Type": "Nested Loop", "Parent Relationship": "Outer", "Join Type": "Inner", "Startup Cost": 10000000004.48, "Total Cost": 1001032192561.0, "Plan Rows": 20274, "Plan Width": 24, "Inner Unique": false, "Plans": [{"Node Type": "Aggregate", "Strategy": "Sorted", "Parent Relationship": "Outer", "Startup Cost": 10000000000.26, "Total Cost": 1001031880124.59, "Plan Rows": 11032, "Plan Width": 80, "Group By Key": ["public.lineitem.l_partkey"], "Plans": [{"Node Type": "Nested Loop", "Parent Relationship": "Outer", "Join Type": "Semi", "Startup Cost": 10000000000.26, "Total Cost": 1001031879848.79, "Plan Rows": 11032, "Plan Width": 16, "Inner Unique": false, "Plans": [{"Node Type": "Index Scan", "Parent Relationship": "Outer", "Scan Direction": "Forward", "Index Name": "idx_lineitem_part_supp", "Relation Name": "lineitem", "Alias": "lineitem", "Startup Cost": 10000000000.0, "Total Cost": 1000775391319.64, "Plan Rows": 59987033, "Plan Width": 16}, {"Node Type": "Bitmap Heap Scan", "Parent Relationship": "Inner", "Relation Name": "part", "Alias": "part", "Startup Cost": 0.26, "Total Cost": 4.28, "Plan Rows": 1, "Plan Width": 8, "Recheck Cond": "(p_partkey = public.lineitem.l_partkey)", "Filter": "((p_brand = 'Brand#44'::bpchar) AND (p_container = 'WRAP PKG'::bpchar))", "Plans": [{"Node Type": "Bitmap Index Scan", "Parent Relationship": "Outer", "Index Name": "part_kpey", "Startup Cost": 0.0, "Total Cost": 0.26, "Plan Rows": 1, "Plan Width": 0, "Index Cond": "(p_partkey = public.lineitem.l_partkey)"}]}]}]}, {"Node Type": "Bitmap Heap Scan", "Parent Relationship": "Inner", "Relation Name": "lineitem", "Alias": "lineitem", "Startup Cost": 4.22, "Total Cost": 28.29, "Plan Rows": 2, "Plan Width": 24, "Recheck Cond": "(l_partkey = public.lineitem.l_partkey)", "Filter": "(l_quantity < (.2::double precision * (avg(public.lineitem.l_quantity))))", "Plans": [{"Node Type": "Bitmap Index Scan", "Parent Relationship": "Outer", "Index Name": "idx_lineitem_part_supp", "Startup Cost": 0.0, "Total Cost": 4.22, "Plan Rows": 6, "Plan Width": 0, "Index Cond": "(l_partkey = public.lineitem.l_partkey)"}]}]}, {"Node Type": "Bitmap Heap Scan", "Parent Relationship": "Inner", "Relation Name": "part", "Alias": "part", "Startup Cost": 0.26, "Total Cost": 4.28, "Plan Rows": 1, "Plan Width": 8, "Recheck Cond": "(p_partkey = public.lineitem.l_partkey)", "Filter": "((p_brand = 'Brand#44'::bpchar) AND (p_container = 'WRAP PKG'::bpchar))", "Plans": [{"Node Type": "Bitmap Index Scan", "Parent Relationship": "Outer", "Index Name": "part_kpey", "Startup Cost": 0.0, "Total Cost": 0.26, "Plan Rows": 1, "Plan Width": 0, "Index Cond": "(p_partkey = public.lineitem.l_partkey)"}]}]}]}, "Unique SQL Id": 1080450481}, "explain_analyze_plan": null}, "(64, 56)": {"explain_plan": {"Plan": {"Node Type": "Aggregate", "Strategy": "Plain", "Startup Cost": 208324.62, "Total Cost": 208324.63, "Plan Rows": 1, "Plan Width": 16, "Plans": [{"Node Type": "Nested Loop", "Parent Relationship": "Outer", "Join Type": "Inner", "Startup Cost": 128691.05, "Total Cost": 208322.6, "Plan Rows": 806, "Plan Width": 8, "Inner Unique": false, "Plans": [{"Node Type": "Nested Loop", "Parent Relationship": "Outer", "Join Type": "Inner", "Startup Cost": 128691.05, "Total Cost": 196146.55, "Plan Rows": 438, "Plan Width": 24, "Inner Unique": true, "Plans": [{"Node Type": "Aggregate", "Strategy": "Hashed", "Parent Relationship": "Outer", "Startup Cost": 128691.05, "Total Cost": 128884.11, "Plan Rows": 11032, "Plan Width": 16, "Group By Key": ["public.lineitem.l_partkey"], "Plans": [{"Node Type": "Nested Loop", "Parent Relationship": "Outer", "Join Type": "Inner", "Startup Cost": 0.0, "Total Cost": 128608.31, "Plan Rows": 11032, "Plan Width": 16, "Inner Unique": false, "Plans": [{"Node Type": "Seq Scan", "Parent Relationship": "Outer", "Relation Name": "part", "Alias": "part", "Startup Cost": 0.0, "Total Cost": 71944.0, "Plan Rows": 2001, "Plan Width": 8, "Filter": "((p_brand = 'Brand#44'::bpchar) AND (p_container = 'WRAP PKG'::bpchar))"}, {"Node Type": "Index Scan", "Parent Relationship": "Inner", "Scan Direction": "Forward", "Index Name": "idx_lineitem_part_supp", "Relation Name": "lineitem", "Alias": "lineitem", "Startup Cost": 0.0, "Total Cost": 28.26, "Plan Rows": 6, "Plan Width": 16, "Index Cond": "(l_partkey = public.part.p_partkey)"}]}]}, {"Node Type": "Index Scan", "Parent Relationship": "Inner", "Scan Direction": "Forward", "Index Name": "part_kpey", "Relation Name": "part", "Alias": "part", "Startup Cost": 0.0, "Total Cost": 6.08, "Plan Rows": 1, "Plan Width": 8, "Index Cond": "(p_partkey = public.lineitem.l_partkey)", "Filter": "((p_brand = 'Brand#44'::bpchar) AND (p_container = 'WRAP PKG'::bpchar))"}]}, {"Node Type": "Index Scan", "Parent Relationship": "Inner", "Scan Direction": "Forward", "Index Name": "idx_lineitem_part_supp", "Relation Name": "lineitem", "Alias": "lineitem", "Startup Cost": 0.0, "Total Cost": 27.78, "Plan Rows": 2, "Plan Width": 24, "Index Cond": "(l_partkey = public.lineitem.l_partkey)", "Filter": "(l_quantity < (.2::double precision * (avg(public.lineitem.l_quantity))))"}]}]}, "Unique SQL Id": 1080450481}, "explain_analyze_plan": {"Plan": {"Node Type": "Aggregate", "Strategy": "Plain", "Startup Cost": 208324.62, "Total Cost": 208324.63, "Plan Rows": 1, "Plan Width": 16, "Actual Startup Time": 1237.71, "Actual Total Time": 1237.71, "Actual Rows": 1, "Actual Loops": 1, "Plans": [{"Node Type": "Nested Loop", "Parent Relationship": "Outer", "Join Type": "Inner", "Startup Cost": 128691.05, "Total Cost": 208322.6, "Plan Rows": 806, "Plan Width": 8, "Actual Startup Time": 1029.199, "Actual Total Time": 1236.739, "Actual Rows": 5403, "Actual Loops": 1, "Inner Unique": false, "Plans": [{"Node Type": "Nested Loop", "Parent Relationship": "Outer", "Join Type": "Inner", "Startup Cost": 128691.05, "Total Cost": 196146.55, "Plan Rows": 438, "Plan Width": 24, "Actual Startup Time": 1029.156, "Actual Total Time": 1050.822, "Actual Rows": 2003, "Actual Loops": 1, "Inner Unique": true, "Plans": [{"Node Type": "Aggregate", "Strategy": "Hashed", "Parent Relationship": "Outer", "Startup Cost": 128691.05, "Total Cost": 128884.11, "Plan Rows": 11032, "Plan Width": 16, "Actual Startup Time": 1029.115, "Actual Total Time": 1030.893, "Actual Rows": 2003, "Actual Loops": 1, "Group By Key": ["public.lineitem.l_partkey"], "Plans": [{"Node Type": "Nested Loop", "Parent Relationship": "Outer", "Join Type": "Inner", "Startup Cost": 0.0, "Total Cost": 128608.31, "Plan Rows": 11032, "Plan Width": 16, "Actual Startup Time": 0.391, "Actual Total Time": 988.045, "Actual Rows": 60021, "Actual Loops": 1, "Inner Unique": false, "Plans": [{"Node Type": "Seq Scan", "Parent Relationship": "Outer", "Relation Name": "part", "Alias": "part", "Startup Cost": 0.0, "Total Cost": 71944.0, "Plan Rows": 2001, "Plan Width": 8, "Actual Startup Time": 0.368, "Actual Total Time": 794.914, "Actual Rows": 2003, "Actual Loops": 1, "Filter": "((p_brand = 'Brand#44'::bpchar) AND (p_container = 'WRAP PKG'::bpchar))", "Rows Removed by Filter": 1997997}, {"Node Type": "Index Scan", "Parent Relationship": "Inner", "Scan Direction": "Forward", "Index Name": "idx_lineitem_part_supp", "Relation Name": "lineitem", "Alias": "lineitem", "Startup Cost": 0.0, "Total Cost": 28.26, "Plan Rows": 6, "Plan Width": 16, "Actual Startup Time": 25.038, "Actual Total Time": 178.698, "Actual Rows": 60021, "Actual Loops": 2003, "Index Cond": "(l_partkey = public.part.p_partkey)", "Rows Removed by Index Recheck": 0}]}]}, {"Node Type": "Index Scan", "Parent Relationship": "Inner", "Scan Direction": "Forward", "Index Name": "part_kpey", "Relation Name": "part", "Alias": "part", "Startup Cost": 0.0, "Total Cost": 6.08, "Plan Rows": 1, "Plan Width": 8, "Actual Startup Time": 18.14, "Actual Total Time": 18.14, "Actual Rows": 2003, "Actual Loops": 2003, "Index Cond": "(p_partkey = public.lineitem.l_partkey)", "Rows Removed by Index Recheck": 0, "Filter": "((p_brand = 'Brand#44'::bpchar) AND (p_container = 'WRAP PKG'::bpchar))", "Rows Removed by Filter": 0}]}, {"Node Type": "Index Scan", "Parent Relationship": "Inner", "Scan Direction": "Forward", "Index Name": "idx_lineitem_part_supp", "Relation Name": "lineitem", "Alias": "lineitem", "Startup Cost": 0.0, "Total Cost": 27.78, "Plan Rows": 2, "Plan Width": 24, "Actual Startup Time": 74.664, "Actual Total Time": 183.579, "Actual Rows": 5403, "Actual Loops": 2003, "Index Cond": "(l_partkey = public.lineitem.l_partkey)", "Rows Removed by Index Recheck": 0, "Filter": "(l_quantity < (.2::double precision * (avg(public.lineitem.l_quantity))))", "Rows Removed by Filter": 54618}]}]}, "Triggers": [], "Planner Runtime": 1.459, "Total Runtime": 1237.93, "Unique SQL Id": 1080450481}}, "(64, 57)": {"explain_plan": {"Plan": {"Node Type": "Aggregate", "Strategy": "Plain", "Startup Cost": 247183.87, "Total Cost": 247183.88, "Plan Rows": 1, "Plan Width": 16, "Plans": [{"Node Type": "Nested Loop", "Parent Relationship": "Outer", "Join Type": "Inner", "Startup Cost": 0.0, "Total Cost": 247181.85, "Plan Rows": 806, "Plan Width": 8, "Inner Unique": false, "Plans": [{"Node Type": "Nested Loop", "Parent Relationship": "Outer", "Join Type": "Inner", "Startup Cost": 0.0, "Total Cost": 235005.8, "Plan Rows": 438, "Plan Width": 24, "Inner Unique": true, "Plans": [{"Node Type": "Aggregate", "Strategy": "Sorted", "Parent Relationship": "Outer", "Startup Cost": 0.0, "Total Cost": 167743.36, "Plan Rows": 11032, "Plan Width": 80, "Group By Key": ["public.lineitem.l_partkey"], "Plans": [{"Node Type": "Nested Loop", "Parent Relationship": "Outer", "Join Type": "Inner", "Startup Cost": 0.0, "Total Cost": 167467.56, "Plan Rows": 11032, "Plan Width": 16, "Inner Unique": false, "Plans": [{"Node Type": "Index Scan", "Parent Relationship": "Outer", "Scan Direction": "Forward", "Index Name": "part_kpey", "Relation Name": "part", "Alias": "part", "Startup Cost": 0.0, "Total Cost": 110803.25, "Plan Rows": 2001, "Plan Width": 8, "Filter": "((p_brand = 'Brand#44'::bpchar) AND (p_container = 'WRAP PKG'::bpchar))"}, {"Node Type": "Index Scan", "Parent Relationship": "Inner", "Scan Direction": "Forward", "Index Name": "idx_lineitem_part_supp", "Relation Name": "lineitem", "Alias": "lineitem", "Startup Cost": 0.0, "Total Cost": 28.26, "Plan Rows": 6, "Plan Width": 16, "Index Cond": "(l_partkey = public.part.p_partkey)"}]}]}, {"Node Type": "Index Scan", "Parent Relationship": "Inner", "Scan Direction": "Forward", "Index Name": "part_kpey", "Relation Name": "part", "Alias": "part", "Startup Cost": 0.0, "Total Cost": 6.08, "Plan Rows": 1, "Plan Width": 8, "Index Cond": "(p_partkey = public.lineitem.l_partkey)", "Filter": "((p_brand = 'Brand#44'::bpchar) AND (p_container = 'WRAP PKG'::bpchar))"}]}, {"Node Type": "Index Scan", "Parent Relationship": "Inner", "Scan Direction": "Forward", "Index Name": "idx_lineitem_part_supp", "Relation Name": "lineitem", "Alias": "lineitem", "Startup Cost": 0.0, "Total Cost": 27.78, "Plan Rows": 2, "Plan Width": 24, "Index Cond": "(l_partkey = public.lineitem.l_partkey)", "Filter": "(l_quantity < (.2::double precision * (avg(public.lineitem.l_quantity))))"}]}]}, "Unique SQL Id": 1080450481}, "explain_analyze_plan": {"Plan": {"Node Type": "Aggregate", "Strategy": "Plain", "Startup Cost": 247183.87, "Total Cost": 247183.88, "Plan Rows": 1, "Plan Width": 16, "Actual Startup Time": 1786.581, "Actual Total Time": 1786.581, "Actual Rows": 1, "Actual Loops": 1, "Plans": [{"Node Type": "Nested Loop", "Parent Relationship": "Outer", "Join Type": "Inner", "Startup Cost": 0.0, "Total Cost": 247181.85, "Plan Rows": 806, "Plan Width": 8, "Actual Startup Time": 2.095, "Actual Total Time": 1785.363, "Actual Rows": 5403, "Actual Loops": 1, "Inner Unique": false, "Plans": [{"Node Type": "Nested Loop", "Parent Relationship": "Outer", "Join Type": "Inner", "Startup Cost": 0.0, "Total Cost": 235005.8, "Plan Rows": 438, "Plan Width": 24, "Actual Startup Time": 2.05, "Actual Total Time": 1705.146, "Actual Rows": 2003, "Actual Loops": 1, "Inner Unique": true, "Plans": [{"Node Type": "Aggregate", "Strategy": "Sorted", "Parent Relationship": "Outer", "Startup Cost": 0.0, "Total Cost": 167743.36, "Plan Rows": 11032, "Plan Width": 80, "Actual Startup Time": 2.039, "Actual Total Time": 1693.01, "Actual Rows": 2003, "Actual Loops": 1, "Group By Key": ["public.lineitem.l_partkey"], "Plans": [{"Node Type": "Nested Loop", "Parent Relationship": "Outer", "Join Type": "Inner", "Startup Cost": 0.0, "Total Cost": 167467.56, "Plan Rows": 11032, "Plan Width": 16, "Actual Startup Time": 0.668, "Actual Total Time": 1660.016, "Actual Rows": 60021, "Actual Loops": 1, "Inner Unique": false, "Plans": [{"Node Type": "Index Scan", "Parent Relationship": "Outer", "Scan Direction": "Forward", "Index Name": "part_kpey", "Relation Name": "part", "Alias": "part", "Startup Cost": 0.0, "Total Cost": 110803.25, "Plan Rows": 2001, "Plan Width": 8, "Actual Startup Time": 0.649, "Actual Total Time": 1460.778, "Actual Rows": 2003, "Actual Loops": 1, "Filter": "((p_brand = 'Brand#44'::bpchar) AND (p_container = 'WRAP PKG'::bpchar))", "Rows Removed by Filter": 1997997}, {"Node Type": "Index Scan", "Parent Relationship": "Inner", "Scan Direction": "Forward", "Index Name": "idx_lineitem_part_supp", "Relation Name": "lineitem", "Alias": "lineitem", "Startup Cost": 0.0, "Total Cost": 28.26, "Plan Rows": 6, "Plan Width": 16, "Actual Startup Time": 23.917, "Actual Total Time": 183.588, "Actual Rows": 60021, "Actual Loops": 2003, "Index Cond": "(l_partkey = public.part.p_partkey)", "Rows Removed by Index Recheck": 0}]}]}, {"Node Type": "Index Scan", "Parent Relationship": "Inner", "Scan Direction": "Forward", "Index Name": "part_kpey", "Relation Name": "part", "Alias": "part", "Startup Cost": 0.0, "Total Cost": 6.08, "Plan Rows": 1, "Plan Width": 8, "Actual Startup Time": 9.552, "Actual Total Time": 9.552, "Actual Rows": 2003, "Actual Loops": 2003, "Index Cond": "(p_partkey = public.lineitem.l_partkey)", "Rows Removed by Index Recheck": 0, "Filter": "((p_brand = 'Brand#44'::bpchar) AND (p_container = 'WRAP PKG'::bpchar))", "Rows Removed by Filter": 0}]}, {"Node Type": "Index Scan", "Parent Relationship": "Inner", "Scan Direction": "Forward", "Index Name": "idx_lineitem_part_supp", "Relation Name": "lineitem", "Alias": "lineitem", "Startup Cost": 0.0, "Total Cost": 27.78, "Plan Rows": 2, "Plan Width": 24, "Actual Startup Time": 33.922, "Actual Total Time": 77.009, "Actual Rows": 5403, "Actual Loops": 2003, "Index Cond": "(l_partkey = public.lineitem.l_partkey)", "Rows Removed by Index Recheck": 0, "Filter": "(l_quantity < (.2::double precision * (avg(public.lineitem.l_quantity))))", "Rows Removed by Filter": 54618}]}]}, "Triggers": [], "Planner Runtime": 1.403, "Total Runtime": 1786.803, "Unique SQL Id": 1080450481}}, "(64, 58)": {"explain_plan": {"Plan": {"Node Type": "Aggregate", "Strategy": "Plain", "Startup Cost": 2330502847.95, "Total Cost": 2330502847.96, "Plan Rows": 1, "Plan Width": 16, "Plans": [{"Node Type": "Nested Loop", "Parent Relationship": "Outer", "Join Type": "Inner", "Startup Cost": 1802597942.57, "Total Cost": 2330502845.94, "Plan Rows": 806, "Plan Width": 8, "Inner Unique": false, "Join Filter": "((public.lineitem.l_partkey = public.lineitem.l_partkey) AND (public.lineitem.l_quantity < (.2::double precision * (avg(public.lineitem.l_quantity)))))", "Plans": [{"Node Type": "Seq Scan", "Parent Relationship": "Outer", "Relation Name": "lineitem", "Alias": "lineitem", "Startup Cost": 0.0, "Total Cost": 2015115.33, "Plan Rows": 59987033, "Plan Width": 24}, {"Node Type": "Materialize", "Parent Relationship": "Inner", "Startup Cost": 1802597942.57, "Total Cost": 1803001322.62, "Plan Rows": 438, "Plan Width": 24, "Plans": [{"Node Type": "Nested Loop", "Parent Relationship": "Outer", "Join Type": "Inner", "Startup Cost": 1802597942.57, "Total Cost": 1803001320.43, "Plan Rows": 438, "Plan Width": 24, "Inner Unique": true, "Join Filter": "(public.part.p_partkey = public.lineitem.l_partkey)", "Plans": [{"Node Type": "Aggregate", "Strategy": "Hashed", "Parent Relationship": "Outer", "Startup Cost": 1802597942.57, "Total Cost": 1802598135.63, "Plan Rows": 11032, "Plan Width": 16, "Group By Key": ["public.lineitem.l_partkey"], "Plans": [{"Node Type": "Nested Loop", "Parent Relationship": "Outer", "Join Type": "Semi", "Startup Cost": 0.0, "Total Cost": 1802597859.83, "Plan Rows": 11032, "Plan Width": 16, "Inner Unique": false, "Join Filter": "(public.lineitem.l_partkey = public.part.p_partkey)", "Plans": [{"Node Type": "Seq Scan", "Parent Relationship": "Outer", "Relation Name": "lineitem", "Alias": "lineitem", "Startup Cost": 0.0, "Total Cost": 2015115.33, "Plan Rows": 59987033, "Plan Width": 16}, {"Node Type": "Materialize", "Parent Relationship": "Inner", "Startup Cost": 0.0, "Total Cost": 71954.01, "Plan Rows": 2001, "Plan Width": 8, "Plans": [{"Node Type": "Seq Scan", "Parent Relationship": "Outer", "Relation Name": "part", "Alias": "part", "Startup Cost": 0.0, "Total Cost": 71944.0, "Plan Rows": 2001, "Plan Width": 8, "Filter": "((p_brand = 'Brand#44'::bpchar) AND (p_container = 'WRAP PKG'::bpchar))"}]}]}]}, {"Node Type": "Materialize", "Parent Relationship": "Inner", "Startup Cost": 0.0, "Total Cost": 71954.01, "Plan Rows": 2001, "Plan Width": 8, "Plans": [{"Node Type": "Seq Scan", "Parent Relationship": "Outer", "Relation Name": "part", "Alias": "part", "Startup Cost": 0.0, "Total Cost": 71944.0, "Plan Rows": 2001, "Plan Width": 8, "Filter": "((p_brand = 'Brand#44'::bpchar) AND (p_container = 'WRAP PKG'::bpchar))"}]}]}]}]}]}, "Unique SQL Id": 1080450481}, "explain_analyze_plan": null}, "(64, 59)": {"explain_plan": {"Plan": {"Node Type": "Aggregate", "Strategy": "Plain", "Startup Cost": 4003899272041.15, "Total Cost": 4003899272041.16, "Plan Rows": 1, "Plan Width": 16, "Plans": [{"Node Type": "Nested Loop", "Parent Relationship": "Outer", "Join Type": "Inner", "Startup Cost": 40000000000.0, "Total Cost": 4003899272039.14, "Plan Rows": 806, "Plan Width": 8, "Inner Unique": false, "Join Filter": "((subquery.\"?column?\" = public.lineitem.l_partkey) AND (public.lineitem.l_quantity < (.2::double precision * subquery.\"?column?\")))", "Plans": [{"Node Type": "Index Scan", "Parent Relationship": "Outer", "Scan Direction": "Forward", "Index Name": "idx_lineitem_part_supp", "Relation Name": "lineitem", "Alias": "lineitem", "Startup Cost": 10000000000.0, "Total Cost": 1000775391319.64, "Plan Rows": 59987033, "Plan Width": 24}, {"Node Type": "Materialize", "Parent Relationship": "Inner", "Startup Cost": 30000000000.0, "Total Cost": 3002598394311.51, "Plan Rows": 438, "Plan Width": 24, "Plans": [{"Node Type": "Nested Loop", "Parent Relationship": "Outer", "Join Type": "Inner", "Startup Cost": 30000000000.0, "Total Cost": 3002598394309.32, "Plan Rows": 438, "Plan Width": 24, "Inner Unique": true, "Join Filter": "(public.part.p_partkey = subquery.\"?column?\")", "Plans": [{"Node Type": "Index Scan", "Parent Relationship": "Outer", "Scan Direction": "Forward", "Index Name": "part_kpey", "Relation Name": "part", "Alias": "part", "Startup Cost": 10000000000.0, "Total Cost": 1000011080325.0, "Plan Rows": 2001, "Plan Width": 8, "Filter": "((p_brand = 'Brand#44'::bpchar) AND (p_container = 'WRAP PKG'::bpchar))"}, {"Node Type": "Materialize", "Parent Relationship": "Inner", "Startup Cost": 20000000000.0, "Total Cost": 2002586982886.42, "Plan Rows": 11032, "Plan Width": 16, "Plans": [{"Node Type": "Subquery Scan", "Parent Relationship": "Outer", "Alias": "subquery", "Startup Cost": 20000000000.0, "Total Cost": 2002586982831.26, "Plan Rows": 11032, "Plan Width": 16, "Plans": [{"Node Type": "Aggregate", "Strategy": "Sorted", "Parent Relationship": "Subquery", "Startup Cost": 20000000000.0, "Total Cost": 2002586982720.94, "Plan Rows": 11032, "Plan Width": 80, "Group By Key": ["public.lineitem.l_partkey"], "Plans": [{"Node Type": "Nested Loop", "Parent Relationship": "Outer", "Join Type": "Semi", "Startup Cost": 20000000000.0, "Total Cost": 2002586982445.14, "Plan Rows": 11032, "Plan Width": 16, "Inner Unique": false, "Join Filter": "(public.lineitem.l_partkey = public.part.p_partkey)", "Plans": [{"Node Type": "Index Scan", "Parent Relationship": "Outer", "Scan Direction": "Forward", "Index Name": "idx_lineitem_part_supp", "Relation Name": "lineitem", "Alias": "lineitem", "Startup Cost": 10000000000.0, "Total Cost": 1000775391319.64, "Plan Rows": 59987033, "Plan Width": 16}, {"Node Type": "Materialize", "Parent Relationship": "Inner", "Startup Cost": 10000000000.0, "Total Cost": 1000011080335.01, "Plan Rows": 2001, "Plan Width": 8, "Plans": [{"Node Type": "Index Scan", "Parent Relationship": "Outer", "Scan Direction": "Forward", "Index Name": "part_kpey", "Relation Name": "part", "Alias": "part", "Startup Cost": 10000000000.0, "Total Cost": 1000011080325.0, "Plan Rows": 2001, "Plan Width": 8, "Filter": "((p_brand = 'Brand#44'::bpchar) AND (p_container = 'WRAP PKG'::bpchar))"}]}]}]}]}]}]}]}]}]}, "Unique SQL Id": 1080450481}, "explain_analyze_plan": null}, "(64, 60)": {"explain_plan": {"Plan": {"Node Type": "Aggregate", "Strategy": "Plain", "Startup Cost": 208324.62, "Total Cost": 208324.63, "Plan Rows": 1, "Plan Width": 16, "Plans": [{"Node Type": "Nested Loop", "Parent Relationship": "Outer", "Join Type": "Inner", "Startup Cost": 128691.05, "Total Cost": 208322.6, "Plan Rows": 806, "Plan Width": 8, "Inner Unique": false, "Plans": [{"Node Type": "Nested Loop", "Parent Relationship": "Outer", "Join Type": "Inner", "Startup Cost": 128691.05, "Total Cost": 196146.55, "Plan Rows": 438, "Plan Width": 24, "Inner Unique": true, "Plans": [{"Node Type": "Aggregate", "Strategy": "Hashed", "Parent Relationship": "Outer", "Startup Cost": 128691.05, "Total Cost": 128884.11, "Plan Rows": 11032, "Plan Width": 16, "Group By Key": ["public.lineitem.l_partkey"], "Plans": [{"Node Type": "Nested Loop", "Parent Relationship": "Outer", "Join Type": "Inner", "Startup Cost": 0.0, "Total Cost": 128608.31, "Plan Rows": 11032, "Plan Width": 16, "Inner Unique": false, "Plans": [{"Node Type": "Seq Scan", "Parent Relationship": "Outer", "Relation Name": "part", "Alias": "part", "Startup Cost": 0.0, "Total Cost": 71944.0, "Plan Rows": 2001, "Plan Width": 8, "Filter": "((p_brand = 'Brand#44'::bpchar) AND (p_container = 'WRAP PKG'::bpchar))"}, {"Node Type": "Index Scan", "Parent Relationship": "Inner", "Scan Direction": "Forward", "Index Name": "idx_lineitem_part_supp", "Relation Name": "lineitem", "Alias": "lineitem", "Startup Cost": 0.0, "Total Cost": 28.26, "Plan Rows": 6, "Plan Width": 16, "Index Cond": "(l_partkey = public.part.p_partkey)"}]}]}, {"Node Type": "Index Scan", "Parent Relationship": "Inner", "Scan Direction": "Forward", "Index Name": "part_kpey", "Relation Name": "part", "Alias": "part", "Startup Cost": 0.0, "Total Cost": 6.08, "Plan Rows": 1, "Plan Width": 8, "Index Cond": "(p_partkey = public.lineitem.l_partkey)", "Filter": "((p_brand = 'Brand#44'::bpchar) AND (p_container = 'WRAP PKG'::bpchar))"}]}, {"Node Type": "Index Scan", "Parent Relationship": "Inner", "Scan Direction": "Forward", "Index Name": "idx_lineitem_part_supp", "Relation Name": "lineitem", "Alias": "lineitem", "Startup Cost": 0.0, "Total Cost": 27.78, "Plan Rows": 2, "Plan Width": 24, "Index Cond": "(l_partkey = public.lineitem.l_partkey)", "Filter": "(l_quantity < (.2::double precision * (avg(public.lineitem.l_quantity))))"}]}]}, "Unique SQL Id": 1080450481}, "explain_analyze_plan": {"Plan": {"Node Type": "Aggregate", "Strategy": "Plain", "Startup Cost": 208324.62, "Total Cost": 208324.63, "Plan Rows": 1, "Plan Width": 16, "Actual Startup Time": 1237.71, "Actual Total Time": 1237.71, "Actual Rows": 1, "Actual Loops": 1, "Plans": [{"Node Type": "Nested Loop", "Parent Relationship": "Outer", "Join Type": "Inner", "Startup Cost": 128691.05, "Total Cost": 208322.6, "Plan Rows": 806, "Plan Width": 8, "Actual Startup Time": 1029.199, "Actual Total Time": 1236.739, "Actual Rows": 5403, "Actual Loops": 1, "Inner Unique": false, "Plans": [{"Node Type": "Nested Loop", "Parent Relationship": "Outer", "Join Type": "Inner", "Startup Cost": 128691.05, "Total Cost": 196146.55, "Plan Rows": 438, "Plan Width": 24, "Actual Startup Time": 1029.156, "Actual Total Time": 1050.822, "Actual Rows": 2003, "Actual Loops": 1, "Inner Unique": true, "Plans": [{"Node Type": "Aggregate", "Strategy": "Hashed", "Parent Relationship": "Outer", "Startup Cost": 128691.05, "Total Cost": 128884.11, "Plan Rows": 11032, "Plan Width": 16, "Actual Startup Time": 1029.115, "Actual Total Time": 1030.893, "Actual Rows": 2003, "Actual Loops": 1, "Group By Key": ["public.lineitem.l_partkey"], "Plans": [{"Node Type": "Nested Loop", "Parent Relationship": "Outer", "Join Type": "Inner", "Startup Cost": 0.0, "Total Cost": 128608.31, "Plan Rows": 11032, "Plan Width": 16, "Actual Startup Time": 0.391, "Actual Total Time": 988.045, "Actual Rows": 60021, "Actual Loops": 1, "Inner Unique": false, "Plans": [{"Node Type": "Seq Scan", "Parent Relationship": "Outer", "Relation Name": "part", "Alias": "part", "Startup Cost": 0.0, "Total Cost": 71944.0, "Plan Rows": 2001, "Plan Width": 8, "Actual Startup Time": 0.368, "Actual Total Time": 794.914, "Actual Rows": 2003, "Actual Loops": 1, "Filter": "((p_brand = 'Brand#44'::bpchar) AND (p_container = 'WRAP PKG'::bpchar))", "Rows Removed by Filter": 1997997}, {"Node Type": "Index Scan", "Parent Relationship": "Inner", "Scan Direction": "Forward", "Index Name": "idx_lineitem_part_supp", "Relation Name": "lineitem", "Alias": "lineitem", "Startup Cost": 0.0, "Total Cost": 28.26, "Plan Rows": 6, "Plan Width": 16, "Actual Startup Time": 25.038, "Actual Total Time": 178.698, "Actual Rows": 60021, "Actual Loops": 2003, "Index Cond": "(l_partkey = public.part.p_partkey)", "Rows Removed by Index Recheck": 0}]}]}, {"Node Type": "Index Scan", "Parent Relationship": "Inner", "Scan Direction": "Forward", "Index Name": "part_kpey", "Relation Name": "part", "Alias": "part", "Startup Cost": 0.0, "Total Cost": 6.08, "Plan Rows": 1, "Plan Width": 8, "Actual Startup Time": 18.14, "Actual Total Time": 18.14, "Actual Rows": 2003, "Actual Loops": 2003, "Index Cond": "(p_partkey = public.lineitem.l_partkey)", "Rows Removed by Index Recheck": 0, "Filter": "((p_brand = 'Brand#44'::bpchar) AND (p_container = 'WRAP PKG'::bpchar))", "Rows Removed by Filter": 0}]}, {"Node Type": "Index Scan", "Parent Relationship": "Inner", "Scan Direction": "Forward", "Index Name": "idx_lineitem_part_supp", "Relation Name": "lineitem", "Alias": "lineitem", "Startup Cost": 0.0, "Total Cost": 27.78, "Plan Rows": 2, "Plan Width": 24, "Actual Startup Time": 74.664, "Actual Total Time": 183.579, "Actual Rows": 5403, "Actual Loops": 2003, "Index Cond": "(l_partkey = public.lineitem.l_partkey)", "Rows Removed by Index Recheck": 0, "Filter": "(l_quantity < (.2::double precision * (avg(public.lineitem.l_quantity))))", "Rows Removed by Filter": 54618}]}]}, "Triggers": [], "Planner Runtime": 1.459, "Total Runtime": 1237.93, "Unique SQL Id": 1080450481}}, "(64, 61)": {"explain_plan": {"Plan": {"Node Type": "Aggregate", "Strategy": "Plain", "Startup Cost": 247183.87, "Total Cost": 247183.88, "Plan Rows": 1, "Plan Width": 16, "Plans": [{"Node Type": "Nested Loop", "Parent Relationship": "Outer", "Join Type": "Inner", "Startup Cost": 0.0, "Total Cost": 247181.85, "Plan Rows": 806, "Plan Width": 8, "Inner Unique": false, "Plans": [{"Node Type": "Nested Loop", "Parent Relationship": "Outer", "Join Type": "Inner", "Startup Cost": 0.0, "Total Cost": 235005.8, "Plan Rows": 438, "Plan Width": 24, "Inner Unique": true, "Plans": [{"Node Type": "Aggregate", "Strategy": "Sorted", "Parent Relationship": "Outer", "Startup Cost": 0.0, "Total Cost": 167743.36, "Plan Rows": 11032, "Plan Width": 80, "Group By Key": ["public.lineitem.l_partkey"], "Plans": [{"Node Type": "Nested Loop", "Parent Relationship": "Outer", "Join Type": "Inner", "Startup Cost": 0.0, "Total Cost": 167467.56, "Plan Rows": 11032, "Plan Width": 16, "Inner Unique": false, "Plans": [{"Node Type": "Index Scan", "Parent Relationship": "Outer", "Scan Direction": "Forward", "Index Name": "part_kpey", "Relation Name": "part", "Alias": "part", "Startup Cost": 0.0, "Total Cost": 110803.25, "Plan Rows": 2001, "Plan Width": 8, "Filter": "((p_brand = 'Brand#44'::bpchar) AND (p_container = 'WRAP PKG'::bpchar))"}, {"Node Type": "Index Scan", "Parent Relationship": "Inner", "Scan Direction": "Forward", "Index Name": "idx_lineitem_part_supp", "Relation Name": "lineitem", "Alias": "lineitem", "Startup Cost": 0.0, "Total Cost": 28.26, "Plan Rows": 6, "Plan Width": 16, "Index Cond": "(l_partkey = public.part.p_partkey)"}]}]}, {"Node Type": "Index Scan", "Parent Relationship": "Inner", "Scan Direction": "Forward", "Index Name": "part_kpey", "Relation Name": "part", "Alias": "part", "Startup Cost": 0.0, "Total Cost": 6.08, "Plan Rows": 1, "Plan Width": 8, "Index Cond": "(p_partkey = public.lineitem.l_partkey)", "Filter": "((p_brand = 'Brand#44'::bpchar) AND (p_container = 'WRAP PKG'::bpchar))"}]}, {"Node Type": "Index Scan", "Parent Relationship": "Inner", "Scan Direction": "Forward", "Index Name": "idx_lineitem_part_supp", "Relation Name": "lineitem", "Alias": "lineitem", "Startup Cost": 0.0, "Total Cost": 27.78, "Plan Rows": 2, "Plan Width": 24, "Index Cond": "(l_partkey = public.lineitem.l_partkey)", "Filter": "(l_quantity < (.2::double precision * (avg(public.lineitem.l_quantity))))"}]}]}, "Unique SQL Id": 1080450481}, "explain_analyze_plan": {"Plan": {"Node Type": "Aggregate", "Strategy": "Plain", "Startup Cost": 247183.87, "Total Cost": 247183.88, "Plan Rows": 1, "Plan Width": 16, "Actual Startup Time": 1786.581, "Actual Total Time": 1786.581, "Actual Rows": 1, "Actual Loops": 1, "Plans": [{"Node Type": "Nested Loop", "Parent Relationship": "Outer", "Join Type": "Inner", "Startup Cost": 0.0, "Total Cost": 247181.85, "Plan Rows": 806, "Plan Width": 8, "Actual Startup Time": 2.095, "Actual Total Time": 1785.363, "Actual Rows": 5403, "Actual Loops": 1, "Inner Unique": false, "Plans": [{"Node Type": "Nested Loop", "Parent Relationship": "Outer", "Join Type": "Inner", "Startup Cost": 0.0, "Total Cost": 235005.8, "Plan Rows": 438, "Plan Width": 24, "Actual Startup Time": 2.05, "Actual Total Time": 1705.146, "Actual Rows": 2003, "Actual Loops": 1, "Inner Unique": true, "Plans": [{"Node Type": "Aggregate", "Strategy": "Sorted", "Parent Relationship": "Outer", "Startup Cost": 0.0, "Total Cost": 167743.36, "Plan Rows": 11032, "Plan Width": 80, "Actual Startup Time": 2.039, "Actual Total Time": 1693.01, "Actual Rows": 2003, "Actual Loops": 1, "Group By Key": ["public.lineitem.l_partkey"], "Plans": [{"Node Type": "Nested Loop", "Parent Relationship": "Outer", "Join Type": "Inner", "Startup Cost": 0.0, "Total Cost": 167467.56, "Plan Rows": 11032, "Plan Width": 16, "Actual Startup Time": 0.668, "Actual Total Time": 1660.016, "Actual Rows": 60021, "Actual Loops": 1, "Inner Unique": false, "Plans": [{"Node Type": "Index Scan", "Parent Relationship": "Outer", "Scan Direction": "Forward", "Index Name": "part_kpey", "Relation Name": "part", "Alias": "part", "Startup Cost": 0.0, "Total Cost": 110803.25, "Plan Rows": 2001, "Plan Width": 8, "Actual Startup Time": 0.649, "Actual Total Time": 1460.778, "Actual Rows": 2003, "Actual Loops": 1, "Filter": "((p_brand = 'Brand#44'::bpchar) AND (p_container = 'WRAP PKG'::bpchar))", "Rows Removed by Filter": 1997997}, {"Node Type": "Index Scan", "Parent Relationship": "Inner", "Scan Direction": "Forward", "Index Name": "idx_lineitem_part_supp", "Relation Name": "lineitem", "Alias": "lineitem", "Startup Cost": 0.0, "Total Cost": 28.26, "Plan Rows": 6, "Plan Width": 16, "Actual Startup Time": 23.917, "Actual Total Time": 183.588, "Actual Rows": 60021, "Actual Loops": 2003, "Index Cond": "(l_partkey = public.part.p_partkey)", "Rows Removed by Index Recheck": 0}]}]}, {"Node Type": "Index Scan", "Parent Relationship": "Inner", "Scan Direction": "Forward", "Index Name": "part_kpey", "Relation Name": "part", "Alias": "part", "Startup Cost": 0.0, "Total Cost": 6.08, "Plan Rows": 1, "Plan Width": 8, "Actual Startup Time": 9.552, "Actual Total Time": 9.552, "Actual Rows": 2003, "Actual Loops": 2003, "Index Cond": "(p_partkey = public.lineitem.l_partkey)", "Rows Removed by Index Recheck": 0, "Filter": "((p_brand = 'Brand#44'::bpchar) AND (p_container = 'WRAP PKG'::bpchar))", "Rows Removed by Filter": 0}]}, {"Node Type": "Index Scan", "Parent Relationship": "Inner", "Scan Direction": "Forward", "Index Name": "idx_lineitem_part_supp", "Relation Name": "lineitem", "Alias": "lineitem", "Startup Cost": 0.0, "Total Cost": 27.78, "Plan Rows": 2, "Plan Width": 24, "Actual Startup Time": 33.922, "Actual Total Time": 77.009, "Actual Rows": 5403, "Actual Loops": 2003, "Index Cond": "(l_partkey = public.lineitem.l_partkey)", "Rows Removed by Index Recheck": 0, "Filter": "(l_quantity < (.2::double precision * (avg(public.lineitem.l_quantity))))", "Rows Removed by Filter": 54618}]}]}, "Triggers": [], "Planner Runtime": 1.403, "Total Runtime": 1786.803, "Unique SQL Id": 1080450481}}, "(64, 62)": {"explain_plan": {"Plan": {"Node Type": "Aggregate", "Strategy": "Plain", "Startup Cost": 2330502847.95, "Total Cost": 2330502847.96, "Plan Rows": 1, "Plan Width": 16, "Plans": [{"Node Type": "Nested Loop", "Parent Relationship": "Outer", "Join Type": "Inner", "Startup Cost": 1802597942.57, "Total Cost": 2330502845.94, "Plan Rows": 806, "Plan Width": 8, "Inner Unique": false, "Join Filter": "((public.lineitem.l_partkey = public.lineitem.l_partkey) AND (public.lineitem.l_quantity < (.2::double precision * (avg(public.lineitem.l_quantity)))))", "Plans": [{"Node Type": "Seq Scan", "Parent Relationship": "Outer", "Relation Name": "lineitem", "Alias": "lineitem", "Startup Cost": 0.0, "Total Cost": 2015115.33, "Plan Rows": 59987033, "Plan Width": 24}, {"Node Type": "Materialize", "Parent Relationship": "Inner", "Startup Cost": 1802597942.57, "Total Cost": 1803001322.62, "Plan Rows": 438, "Plan Width": 24, "Plans": [{"Node Type": "Nested Loop", "Parent Relationship": "Outer", "Join Type": "Inner", "Startup Cost": 1802597942.57, "Total Cost": 1803001320.43, "Plan Rows": 438, "Plan Width": 24, "Inner Unique": true, "Join Filter": "(public.part.p_partkey = public.lineitem.l_partkey)", "Plans": [{"Node Type": "Aggregate", "Strategy": "Hashed", "Parent Relationship": "Outer", "Startup Cost": 1802597942.57, "Total Cost": 1802598135.63, "Plan Rows": 11032, "Plan Width": 16, "Group By Key": ["public.lineitem.l_partkey"], "Plans": [{"Node Type": "Nested Loop", "Parent Relationship": "Outer", "Join Type": "Semi", "Startup Cost": 0.0, "Total Cost": 1802597859.83, "Plan Rows": 11032, "Plan Width": 16, "Inner Unique": false, "Join Filter": "(public.lineitem.l_partkey = public.part.p_partkey)", "Plans": [{"Node Type": "Seq Scan", "Parent Relationship": "Outer", "Relation Name": "lineitem", "Alias": "lineitem", "Startup Cost": 0.0, "Total Cost": 2015115.33, "Plan Rows": 59987033, "Plan Width": 16}, {"Node Type": "Materialize", "Parent Relationship": "Inner", "Startup Cost": 0.0, "Total Cost": 71954.01, "Plan Rows": 2001, "Plan Width": 8, "Plans": [{"Node Type": "Seq Scan", "Parent Relationship": "Outer", "Relation Name": "part", "Alias": "part", "Startup Cost": 0.0, "Total Cost": 71944.0, "Plan Rows": 2001, "Plan Width": 8, "Filter": "((p_brand = 'Brand#44'::bpchar) AND (p_container = 'WRAP PKG'::bpchar))"}]}]}]}, {"Node Type": "Materialize", "Parent Relationship": "Inner", "Startup Cost": 0.0, "Total Cost": 71954.01, "Plan Rows": 2001, "Plan Width": 8, "Plans": [{"Node Type": "Seq Scan", "Parent Relationship": "Outer", "Relation Name": "part", "Alias": "part", "Startup Cost": 0.0, "Total Cost": 71944.0, "Plan Rows": 2001, "Plan Width": 8, "Filter": "((p_brand = 'Brand#44'::bpchar) AND (p_container = 'WRAP PKG'::bpchar))"}]}]}]}]}]}, "Unique SQL Id": 1080450481}, "explain_analyze_plan": null}, "(64, 63)": {"explain_plan": {"Plan": {"Node Type": "Aggregate", "Strategy": "Plain", "Startup Cost": 4003899272041.15, "Total Cost": 4003899272041.16, "Plan Rows": 1, "Plan Width": 16, "Plans": [{"Node Type": "Nested Loop", "Parent Relationship": "Outer", "Join Type": "Inner", "Startup Cost": 40000000000.0, "Total Cost": 4003899272039.14, "Plan Rows": 806, "Plan Width": 8, "Inner Unique": false, "Join Filter": "((subquery.\"?column?\" = public.lineitem.l_partkey) AND (public.lineitem.l_quantity < (.2::double precision * subquery.\"?column?\")))", "Plans": [{"Node Type": "Index Scan", "Parent Relationship": "Outer", "Scan Direction": "Forward", "Index Name": "idx_lineitem_part_supp", "Relation Name": "lineitem", "Alias": "lineitem", "Startup Cost": 10000000000.0, "Total Cost": 1000775391319.64, "Plan Rows": 59987033, "Plan Width": 24}, {"Node Type": "Materialize", "Parent Relationship": "Inner", "Startup Cost": 30000000000.0, "Total Cost": 3002598394311.51, "Plan Rows": 438, "Plan Width": 24, "Plans": [{"Node Type": "Nested Loop", "Parent Relationship": "Outer", "Join Type": "Inner", "Startup Cost": 30000000000.0, "Total Cost": 3002598394309.32, "Plan Rows": 438, "Plan Width": 24, "Inner Unique": true, "Join Filter": "(public.part.p_partkey = subquery.\"?column?\")", "Plans": [{"Node Type": "Index Scan", "Parent Relationship": "Outer", "Scan Direction": "Forward", "Index Name": "part_kpey", "Relation Name": "part", "Alias": "part", "Startup Cost": 10000000000.0, "Total Cost": 1000011080325.0, "Plan Rows": 2001, "Plan Width": 8, "Filter": "((p_brand = 'Brand#44'::bpchar) AND (p_container = 'WRAP PKG'::bpchar))"}, {"Node Type": "Materialize", "Parent Relationship": "Inner", "Startup Cost": 20000000000.0, "Total Cost": 2002586982886.42, "Plan Rows": 11032, "Plan Width": 16, "Plans": [{"Node Type": "Subquery Scan", "Parent Relationship": "Outer", "Alias": "subquery", "Startup Cost": 20000000000.0, "Total Cost": 2002586982831.26, "Plan Rows": 11032, "Plan Width": 16, "Plans": [{"Node Type": "Aggregate", "Strategy": "Sorted", "Parent Relationship": "Subquery", "Startup Cost": 20000000000.0, "Total Cost": 2002586982720.94, "Plan Rows": 11032, "Plan Width": 80, "Group By Key": ["public.lineitem.l_partkey"], "Plans": [{"Node Type": "Nested Loop", "Parent Relationship": "Outer", "Join Type": "Semi", "Startup Cost": 20000000000.0, "Total Cost": 2002586982445.14, "Plan Rows": 11032, "Plan Width": 16, "Inner Unique": false, "Join Filter": "(public.lineitem.l_partkey = public.part.p_partkey)", "Plans": [{"Node Type": "Index Scan", "Parent Relationship": "Outer", "Scan Direction": "Forward", "Index Name": "idx_lineitem_part_supp", "Relation Name": "lineitem", "Alias": "lineitem", "Startup Cost": 10000000000.0, "Total Cost": 1000775391319.64, "Plan Rows": 59987033, "Plan Width": 16}, {"Node Type": "Materialize", "Parent Relationship": "Inner", "Startup Cost": 10000000000.0, "Total Cost": 1000011080335.01, "Plan Rows": 2001, "Plan Width": 8, "Plans": [{"Node Type": "Index Scan", "Parent Relationship": "Outer", "Scan Direction": "Forward", "Index Name": "part_kpey", "Relation Name": "part", "Alias": "part", "Startup Cost": 10000000000.0, "Total Cost": 1000011080325.0, "Plan Rows": 2001, "Plan Width": 8, "Filter": "((p_brand = 'Brand#44'::bpchar) AND (p_container = 'WRAP PKG'::bpchar))"}]}]}]}]}]}]}]}]}]}, "Unique SQL Id": 1080450481}, "explain_analyze_plan": null}, "(64, 64)": {"explain_plan": {"Plan": {"Node Type": "Aggregate", "Strategy": "Plain", "Startup Cost": 208324.62, "Total Cost": 208324.63, "Plan Rows": 1, "Plan Width": 16, "Plans": [{"Node Type": "Nested Loop", "Parent Relationship": "Outer", "Join Type": "Inner", "Startup Cost": 128691.05, "Total Cost": 208322.6, "Plan Rows": 806, "Plan Width": 8, "Inner Unique": false, "Plans": [{"Node Type": "Nested Loop", "Parent Relationship": "Outer", "Join Type": "Inner", "Startup Cost": 128691.05, "Total Cost": 196146.55, "Plan Rows": 438, "Plan Width": 24, "Inner Unique": true, "Plans": [{"Node Type": "Aggregate", "Strategy": "Hashed", "Parent Relationship": "Outer", "Startup Cost": 128691.05, "Total Cost": 128884.11, "Plan Rows": 11032, "Plan Width": 16, "Group By Key": ["public.lineitem.l_partkey"], "Plans": [{"Node Type": "Nested Loop", "Parent Relationship": "Outer", "Join Type": "Inner", "Startup Cost": 0.0, "Total Cost": 128608.31, "Plan Rows": 11032, "Plan Width": 16, "Inner Unique": false, "Plans": [{"Node Type": "Seq Scan", "Parent Relationship": "Outer", "Relation Name": "part", "Alias": "part", "Startup Cost": 0.0, "Total Cost": 71944.0, "Plan Rows": 2001, "Plan Width": 8, "Filter": "((p_brand = 'Brand#44'::bpchar) AND (p_container = 'WRAP PKG'::bpchar))"}, {"Node Type": "Index Scan", "Parent Relationship": "Inner", "Scan Direction": "Forward", "Index Name": "idx_lineitem_part_supp", "Relation Name": "lineitem", "Alias": "lineitem", "Startup Cost": 0.0, "Total Cost": 28.26, "Plan Rows": 6, "Plan Width": 16, "Index Cond": "(l_partkey = public.part.p_partkey)"}]}]}, {"Node Type": "Index Scan", "Parent Relationship": "Inner", "Scan Direction": "Forward", "Index Name": "part_kpey", "Relation Name": "part", "Alias": "part", "Startup Cost": 0.0, "Total Cost": 6.08, "Plan Rows": 1, "Plan Width": 8, "Index Cond": "(p_partkey = public.lineitem.l_partkey)", "Filter": "((p_brand = 'Brand#44'::bpchar) AND (p_container = 'WRAP PKG'::bpchar))"}]}, {"Node Type": "Index Scan", "Parent Relationship": "Inner", "Scan Direction": "Forward", "Index Name": "idx_lineitem_part_supp", "Relation Name": "lineitem", "Alias": "lineitem", "Startup Cost": 0.0, "Total Cost": 27.78, "Plan Rows": 2, "Plan Width": 24, "Index Cond": "(l_partkey = public.lineitem.l_partkey)", "Filter": "(l_quantity < (.2::double precision * (avg(public.lineitem.l_quantity))))"}]}]}, "Unique SQL Id": 1080450481}, "explain_analyze_plan": {"Plan": {"Node Type": "Aggregate", "Strategy": "Plain", "Startup Cost": 208324.62, "Total Cost": 208324.63, "Plan Rows": 1, "Plan Width": 16, "Actual Startup Time": 1237.71, "Actual Total Time": 1237.71, "Actual Rows": 1, "Actual Loops": 1, "Plans": [{"Node Type": "Nested Loop", "Parent Relationship": "Outer", "Join Type": "Inner", "Startup Cost": 128691.05, "Total Cost": 208322.6, "Plan Rows": 806, "Plan Width": 8, "Actual Startup Time": 1029.199, "Actual Total Time": 1236.739, "Actual Rows": 5403, "Actual Loops": 1, "Inner Unique": false, "Plans": [{"Node Type": "Nested Loop", "Parent Relationship": "Outer", "Join Type": "Inner", "Startup Cost": 128691.05, "Total Cost": 196146.55, "Plan Rows": 438, "Plan Width": 24, "Actual Startup Time": 1029.156, "Actual Total Time": 1050.822, "Actual Rows": 2003, "Actual Loops": 1, "Inner Unique": true, "Plans": [{"Node Type": "Aggregate", "Strategy": "Hashed", "Parent Relationship": "Outer", "Startup Cost": 128691.05, "Total Cost": 128884.11, "Plan Rows": 11032, "Plan Width": 16, "Actual Startup Time": 1029.115, "Actual Total Time": 1030.893, "Actual Rows": 2003, "Actual Loops": 1, "Group By Key": ["public.lineitem.l_partkey"], "Plans": [{"Node Type": "Nested Loop", "Parent Relationship": "Outer", "Join Type": "Inner", "Startup Cost": 0.0, "Total Cost": 128608.31, "Plan Rows": 11032, "Plan Width": 16, "Actual Startup Time": 0.391, "Actual Total Time": 988.045, "Actual Rows": 60021, "Actual Loops": 1, "Inner Unique": false, "Plans": [{"Node Type": "Seq Scan", "Parent Relationship": "Outer", "Relation Name": "part", "Alias": "part", "Startup Cost": 0.0, "Total Cost": 71944.0, "Plan Rows": 2001, "Plan Width": 8, "Actual Startup Time": 0.368, "Actual Total Time": 794.914, "Actual Rows": 2003, "Actual Loops": 1, "Filter": "((p_brand = 'Brand#44'::bpchar) AND (p_container = 'WRAP PKG'::bpchar))", "Rows Removed by Filter": 1997997}, {"Node Type": "Index Scan", "Parent Relationship": "Inner", "Scan Direction": "Forward", "Index Name": "idx_lineitem_part_supp", "Relation Name": "lineitem", "Alias": "lineitem", "Startup Cost": 0.0, "Total Cost": 28.26, "Plan Rows": 6, "Plan Width": 16, "Actual Startup Time": 25.038, "Actual Total Time": 178.698, "Actual Rows": 60021, "Actual Loops": 2003, "Index Cond": "(l_partkey = public.part.p_partkey)", "Rows Removed by Index Recheck": 0}]}]}, {"Node Type": "Index Scan", "Parent Relationship": "Inner", "Scan Direction": "Forward", "Index Name": "part_kpey", "Relation Name": "part", "Alias": "part", "Startup Cost": 0.0, "Total Cost": 6.08, "Plan Rows": 1, "Plan Width": 8, "Actual Startup Time": 18.14, "Actual Total Time": 18.14, "Actual Rows": 2003, "Actual Loops": 2003, "Index Cond": "(p_partkey = public.lineitem.l_partkey)", "Rows Removed by Index Recheck": 0, "Filter": "((p_brand = 'Brand#44'::bpchar) AND (p_container = 'WRAP PKG'::bpchar))", "Rows Removed by Filter": 0}]}, {"Node Type": "Index Scan", "Parent Relationship": "Inner", "Scan Direction": "Forward", "Index Name": "idx_lineitem_part_supp", "Relation Name": "lineitem", "Alias": "lineitem", "Startup Cost": 0.0, "Total Cost": 27.78, "Plan Rows": 2, "Plan Width": 24, "Actual Startup Time": 74.664, "Actual Total Time": 183.579, "Actual Rows": 5403, "Actual Loops": 2003, "Index Cond": "(l_partkey = public.lineitem.l_partkey)", "Rows Removed by Index Recheck": 0, "Filter": "(l_quantity < (.2::double precision * (avg(public.lineitem.l_quantity))))", "Rows Removed by Filter": 54618}]}]}, "Triggers": [], "Planner Runtime": 1.459, "Total Runtime": 1237.93, "Unique SQL Id": 1080450481}}, "(64, 65)": {"explain_plan": {"Plan": {"Node Type": "Aggregate", "Strategy": "Plain", "Startup Cost": 247183.87, "Total Cost": 247183.88, "Plan Rows": 1, "Plan Width": 16, "Plans": [{"Node Type": "Nested Loop", "Parent Relationship": "Outer", "Join Type": "Inner", "Startup Cost": 0.0, "Total Cost": 247181.85, "Plan Rows": 806, "Plan Width": 8, "Inner Unique": false, "Plans": [{"Node Type": "Nested Loop", "Parent Relationship": "Outer", "Join Type": "Inner", "Startup Cost": 0.0, "Total Cost": 235005.8, "Plan Rows": 438, "Plan Width": 24, "Inner Unique": true, "Plans": [{"Node Type": "Aggregate", "Strategy": "Sorted", "Parent Relationship": "Outer", "Startup Cost": 0.0, "Total Cost": 167743.36, "Plan Rows": 11032, "Plan Width": 80, "Group By Key": ["public.lineitem.l_partkey"], "Plans": [{"Node Type": "Nested Loop", "Parent Relationship": "Outer", "Join Type": "Inner", "Startup Cost": 0.0, "Total Cost": 167467.56, "Plan Rows": 11032, "Plan Width": 16, "Inner Unique": false, "Plans": [{"Node Type": "Index Scan", "Parent Relationship": "Outer", "Scan Direction": "Forward", "Index Name": "part_kpey", "Relation Name": "part", "Alias": "part", "Startup Cost": 0.0, "Total Cost": 110803.25, "Plan Rows": 2001, "Plan Width": 8, "Filter": "((p_brand = 'Brand#44'::bpchar) AND (p_container = 'WRAP PKG'::bpchar))"}, {"Node Type": "Index Scan", "Parent Relationship": "Inner", "Scan Direction": "Forward", "Index Name": "idx_lineitem_part_supp", "Relation Name": "lineitem", "Alias": "lineitem", "Startup Cost": 0.0, "Total Cost": 28.26, "Plan Rows": 6, "Plan Width": 16, "Index Cond": "(l_partkey = public.part.p_partkey)"}]}]}, {"Node Type": "Index Scan", "Parent Relationship": "Inner", "Scan Direction": "Forward", "Index Name": "part_kpey", "Relation Name": "part", "Alias": "part", "Startup Cost": 0.0, "Total Cost": 6.08, "Plan Rows": 1, "Plan Width": 8, "Index Cond": "(p_partkey = public.lineitem.l_partkey)", "Filter": "((p_brand = 'Brand#44'::bpchar) AND (p_container = 'WRAP PKG'::bpchar))"}]}, {"Node Type": "Index Scan", "Parent Relationship": "Inner", "Scan Direction": "Forward", "Index Name": "idx_lineitem_part_supp", "Relation Name": "lineitem", "Alias": "lineitem", "Startup Cost": 0.0, "Total Cost": 27.78, "Plan Rows": 2, "Plan Width": 24, "Index Cond": "(l_partkey = public.lineitem.l_partkey)", "Filter": "(l_quantity < (.2::double precision * (avg(public.lineitem.l_quantity))))"}]}]}, "Unique SQL Id": 1080450481}, "explain_analyze_plan": {"Plan": {"Node Type": "Aggregate", "Strategy": "Plain", "Startup Cost": 247183.87, "Total Cost": 247183.88, "Plan Rows": 1, "Plan Width": 16, "Actual Startup Time": 1786.581, "Actual Total Time": 1786.581, "Actual Rows": 1, "Actual Loops": 1, "Plans": [{"Node Type": "Nested Loop", "Parent Relationship": "Outer", "Join Type": "Inner", "Startup Cost": 0.0, "Total Cost": 247181.85, "Plan Rows": 806, "Plan Width": 8, "Actual Startup Time": 2.095, "Actual Total Time": 1785.363, "Actual Rows": 5403, "Actual Loops": 1, "Inner Unique": false, "Plans": [{"Node Type": "Nested Loop", "Parent Relationship": "Outer", "Join Type": "Inner", "Startup Cost": 0.0, "Total Cost": 235005.8, "Plan Rows": 438, "Plan Width": 24, "Actual Startup Time": 2.05, "Actual Total Time": 1705.146, "Actual Rows": 2003, "Actual Loops": 1, "Inner Unique": true, "Plans": [{"Node Type": "Aggregate", "Strategy": "Sorted", "Parent Relationship": "Outer", "Startup Cost": 0.0, "Total Cost": 167743.36, "Plan Rows": 11032, "Plan Width": 80, "Actual Startup Time": 2.039, "Actual Total Time": 1693.01, "Actual Rows": 2003, "Actual Loops": 1, "Group By Key": ["public.lineitem.l_partkey"], "Plans": [{"Node Type": "Nested Loop", "Parent Relationship": "Outer", "Join Type": "Inner", "Startup Cost": 0.0, "Total Cost": 167467.56, "Plan Rows": 11032, "Plan Width": 16, "Actual Startup Time": 0.668, "Actual Total Time": 1660.016, "Actual Rows": 60021, "Actual Loops": 1, "Inner Unique": false, "Plans": [{"Node Type": "Index Scan", "Parent Relationship": "Outer", "Scan Direction": "Forward", "Index Name": "part_kpey", "Relation Name": "part", "Alias": "part", "Startup Cost": 0.0, "Total Cost": 110803.25, "Plan Rows": 2001, "Plan Width": 8, "Actual Startup Time": 0.649, "Actual Total Time": 1460.778, "Actual Rows": 2003, "Actual Loops": 1, "Filter": "((p_brand = 'Brand#44'::bpchar) AND (p_container = 'WRAP PKG'::bpchar))", "Rows Removed by Filter": 1997997}, {"Node Type": "Index Scan", "Parent Relationship": "Inner", "Scan Direction": "Forward", "Index Name": "idx_lineitem_part_supp", "Relation Name": "lineitem", "Alias": "lineitem", "Startup Cost": 0.0, "Total Cost": 28.26, "Plan Rows": 6, "Plan Width": 16, "Actual Startup Time": 23.917, "Actual Total Time": 183.588, "Actual Rows": 60021, "Actual Loops": 2003, "Index Cond": "(l_partkey = public.part.p_partkey)", "Rows Removed by Index Recheck": 0}]}]}, {"Node Type": "Index Scan", "Parent Relationship": "Inner", "Scan Direction": "Forward", "Index Name": "part_kpey", "Relation Name": "part", "Alias": "part", "Startup Cost": 0.0, "Total Cost": 6.08, "Plan Rows": 1, "Plan Width": 8, "Actual Startup Time": 9.552, "Actual Total Time": 9.552, "Actual Rows": 2003, "Actual Loops": 2003, "Index Cond": "(p_partkey = public.lineitem.l_partkey)", "Rows Removed by Index Recheck": 0, "Filter": "((p_brand = 'Brand#44'::bpchar) AND (p_container = 'WRAP PKG'::bpchar))", "Rows Removed by Filter": 0}]}, {"Node Type": "Index Scan", "Parent Relationship": "Inner", "Scan Direction": "Forward", "Index Name": "idx_lineitem_part_supp", "Relation Name": "lineitem", "Alias": "lineitem", "Startup Cost": 0.0, "Total Cost": 27.78, "Plan Rows": 2, "Plan Width": 24, "Actual Startup Time": 33.922, "Actual Total Time": 77.009, "Actual Rows": 5403, "Actual Loops": 2003, "Index Cond": "(l_partkey = public.lineitem.l_partkey)", "Rows Removed by Index Recheck": 0, "Filter": "(l_quantity < (.2::double precision * (avg(public.lineitem.l_quantity))))", "Rows Removed by Filter": 54618}]}]}, "Triggers": [], "Planner Runtime": 1.403, "Total Runtime": 1786.803, "Unique SQL Id": 1080450481}}, "(64, 66)": {"explain_plan": {"Plan": {"Node Type": "Aggregate", "Strategy": "Plain", "Startup Cost": 213754.44, "Total Cost": 213754.45, "Plan Rows": 1, "Plan Width": 16, "Plans": [{"Node Type": "Nested Loop", "Parent Relationship": "Outer", "Join Type": "Inner", "Startup Cost": 129265.51, "Total Cost": 213752.42, "Plan Rows": 806, "Plan Width": 8, "Inner Unique": false, "Plans": [{"Node Type": "Hash Join", "Parent Relationship": "Outer", "Join Type": "Inner", "Startup Cost": 129261.29, "Total Cost": 201352.24, "Plan Rows": 438, "Plan Width": 24, "Inner Unique": true, "Hash Cond": "(public.part.p_partkey = subquery.\"?column?\")", "Plans": [{"Node Type": "Seq Scan", "Parent Relationship": "Outer", "Relation Name": "part", "Alias": "part", "Startup Cost": 0.0, "Total Cost": 71944.0, "Plan Rows": 2001, "Plan Width": 8, "Filter": "((p_brand = 'Brand#44'::bpchar) AND (p_container = 'WRAP PKG'::bpchar))"}, {"Node Type": "Hash", "Parent Relationship": "Inner", "Startup Cost": 129123.39, "Total Cost": 129123.39, "Plan Rows": 11032, "Plan Width": 16, "Plans": [{"Node Type": "Subquery Scan", "Parent Relationship": "Outer", "Alias": "subquery", "Startup Cost": 128820.01, "Total Cost": 129123.39, "Plan Rows": 11032, "Plan Width": 16, "Plans": [{"Node Type": "Aggregate", "Strategy": "Hashed", "Parent Relationship": "Subquery", "Startup Cost": 128820.01, "Total Cost": 129013.07, "Plan Rows": 11032, "Plan Width": 16, "Group By Key": ["public.lineitem.l_partkey"], "Plans": [{"Node Type": "Nested Loop", "Parent Relationship": "Outer", "Join Type": "Inner", "Startup Cost": 4.28, "Total Cost": 128737.27, "Plan Rows": 11032, "Plan Width": 16, "Inner Unique": false, "Plans": [{"Node Type": "Seq Scan", "Parent Relationship": "Outer", "Relation Name": "part", "Alias": "part", "Startup Cost": 0.0, "Total Cost": 71944.0, "Plan Rows": 2001, "Plan Width": 8, "Filter": "((p_brand = 'Brand#44'::bpchar) AND (p_container = 'WRAP PKG'::bpchar))"}, {"Node Type": "Bitmap Heap Scan", "Parent Relationship": "Inner", "Relation Name": "lineitem", "Alias": "lineitem", "Startup Cost": 4.28, "Total Cost": 28.32, "Plan Rows": 6, "Plan Width": 16, "Recheck Cond": "(l_partkey = public.part.p_partkey)", "Plans": [{"Node Type": "Bitmap Index Scan", "Parent Relationship": "Outer", "Index Name": "idx_lineitem_part_supp", "Startup Cost": 0.0, "Total Cost": 4.28, "Plan Rows": 6, "Plan Width": 0, "Index Cond": "(l_partkey = public.part.p_partkey)"}]}]}]}]}]}]}, {"Node Type": "Bitmap Heap Scan", "Parent Relationship": "Inner", "Relation Name": "lineitem", "Alias": "lineitem", "Startup Cost": 4.22, "Total Cost": 28.29, "Plan Rows": 2, "Plan Width": 24, "Recheck Cond": "(l_partkey = subquery.\"?column?\")", "Filter": "(l_quantity < (.2::double precision * subquery.\"?column?\"))", "Plans": [{"Node Type": "Bitmap Index Scan", "Parent Relationship": "Outer", "Index Name": "idx_lineitem_part_supp", "Startup Cost": 0.0, "Total Cost": 4.22, "Plan Rows": 6, "Plan Width": 0, "Index Cond": "(l_partkey = subquery.\"?column?\")"}]}]}]}, "Unique SQL Id": 1080450481}, "explain_analyze_plan": {"Plan": {"Node Type": "Aggregate", "Strategy": "Plain", "Startup Cost": 213754.44, "Total Cost": 213754.45, "Plan Rows": 1, "Plan Width": 16, "Actual Startup Time": 2114.265, "Actual Total Time": 2114.265, "Actual Rows": 1, "Actual Loops": 1, "Plans": [{"Node Type": "Nested Loop", "Parent Relationship": "Outer", "Join Type": "Inner", "Startup Cost": 129265.51, "Total Cost": 213752.42, "Plan Rows": 806, "Plan Width": 8, "Actual Startup Time": 1067.22, "Actual Total Time": 2113.023, "Actual Rows": 5403, "Actual Loops": 1, "Inner Unique": false, "Plans": [{"Node Type": "Hash Join", "Parent Relationship": "Outer", "Join Type": "Inner", "Startup Cost": 129261.29, "Total Cost": 201352.24, "Plan Rows": 438, "Plan Width": 24, "Actual Startup Time": 1067.138, "Actual Total Time": 1885.555, "Actual Rows": 2003, "Actual Loops": 1, "Inner Unique": true, "Hash Cond": "(public.part.p_partkey = subquery.\"?column?\")", "Plans": [{"Node Type": "Seq Scan", "Parent Relationship": "Outer", "Relation Name": "part", "Alias": "part", "Startup Cost": 0.0, "Total Cost": 71944.0, "Plan Rows": 2001, "Plan Width": 8, "Actual Startup Time": 0.364, "Actual Total Time": 816.434, "Actual Rows": 2003, "Actual Loops": 1, "Filter": "((p_brand = 'Brand#44'::bpchar) AND (p_container = 'WRAP PKG'::bpchar))", "Rows Removed by Filter": 1997997}, {"Node Type": "Hash", "Parent Relationship": "Inner", "Startup Cost": 129123.39, "Total Cost": 129123.39, "Plan Rows": 11032, "Plan Width": 16, "Actual Startup Time": 1066.68, "Actual Total Time": 1066.68, "Actual Rows": 2003, "Actual Loops": 1, "Hash Buckets": 32768, "Hash Batches": 1, "Original Hash Batches": 1, "Peak Memory Usage": 94, "Plans": [{"Node Type": "Subquery Scan", "Parent Relationship": "Outer", "Alias": "subquery", "Startup Cost": 128820.01, "Total Cost": 129123.39, "Plan Rows": 11032, "Plan Width": 16, "Actual Startup Time": 1064.333, "Actual Total Time": 1066.035, "Actual Rows": 2003, "Actual Loops": 1, "Plans": [{"Node Type": "Aggregate", "Strategy": "Hashed", "Parent Relationship": "Subquery", "Startup Cost": 128820.01, "Total Cost": 129013.07, "Plan Rows": 11032, "Plan Width": 16, "Actual Startup Time": 1064.331, "Actual Total Time": 1065.643, "Actual Rows": 2003, "Actual Loops": 1, "Group By Key": ["public.lineitem.l_partkey"], "Plans": [{"Node Type": "Nested Loop", "Parent Relationship": "Outer", "Join Type": "Inner", "Startup Cost": 4.28, "Total Cost": 128737.27, "Plan Rows": 11032, "Plan Width": 16, "Actual Startup Time": 0.362, "Actual Total Time": 1023.864, "Actual Rows": 60021, "Actual Loops": 1, "Inner Unique": false, "Plans": [{"Node Type": "Seq Scan", "Parent Relationship": "Outer", "Relation Name": "part", "Alias": "part", "Startup Cost": 0.0, "Total Cost": 71944.0, "Plan Rows": 2001, "Plan Width": 8, "Actual Startup Time": 0.314, "Actual Total Time": 798.742, "Actual Rows": 2003, "Actual Loops": 1, "Filter": "((p_brand = 'Brand#44'::bpchar) AND (p_container = 'WRAP PKG'::bpchar))", "Rows Removed by Filter": 1997997}, {"Node Type": "Bitmap Heap Scan", "Parent Relationship": "Inner", "Relation Name": "lineitem", "Alias": "lineitem", "Startup Cost": 4.28, "Total Cost": 28.32, "Plan Rows": 6, "Plan Width": 16, "Actual Startup Time": 42.668, "Actual Total Time": 207.495, "Actual Rows": 60021, "Actual Loops": 2003, "Recheck Cond": "(l_partkey = public.part.p_partkey)", "Rows Removed by Index Recheck": 0, "Exact Heap Blocks": 60018, "Lossy Heap Blocks": 60018, "Plans": [{"Node Type": "Bitmap Index Scan", "Parent Relationship": "Outer", "Index Name": "idx_lineitem_part_supp", "Startup Cost": 0.0, "Total Cost": 4.28, "Plan Rows": 6, "Plan Width": 0, "Actual Startup Time": 27.97, "Actual Total Time": 27.97, "Actual Rows": 60021, "Actual Loops": 2003, "Index Cond": "(l_partkey = public.part.p_partkey)"}]}]}]}]}]}]}, {"Node Type": "Bitmap Heap Scan", "Parent Relationship": "Inner", "Relation Name": "lineitem", "Alias": "lineitem", "Startup Cost": 4.22, "Total Cost": 28.29, "Plan Rows": 2, "Plan Width": 24, "Actual Startup Time": 97.194, "Actual Total Time": 221.452, "Actual Rows": 5403, "Actual Loops": 2003, "Recheck Cond": "(l_partkey = subquery.\"?column?\")", "Rows Removed by Index Recheck": 0, "Filter": "(l_quantity < (.2::double precision * subquery.\"?column?\"))", "Rows Removed by Filter": 54618, "Exact Heap Blocks": 60018, "Lossy Heap Blocks": 60018, "Plans": [{"Node Type": "Bitmap Index Scan", "Parent Relationship": "Outer", "Index Name": "idx_lineitem_part_supp", "Startup Cost": 0.0, "Total Cost": 4.22, "Plan Rows": 6, "Plan Width": 0, "Actual Startup Time": 25.497, "Actual Total Time": 25.497, "Actual Rows": 60021, "Actual Loops": 2003, "Index Cond": "(l_partkey = subquery.\"?column?\")"}]}]}]}, "Triggers": [], "Planner Runtime": 1.435, "Total Runtime": 2114.563, "Unique SQL Id": 1080450481}}, "(64, 67)": {"explain_plan": {"Plan": {"Node Type": "Aggregate", "Strategy": "Plain", "Startup Cost": 1001032279502.61, "Total Cost": 1001032279502.62, "Plan Rows": 1, "Plan Width": 16, "Plans": [{"Node Type": "Nested Loop", "Parent Relationship": "Outer", "Join Type": "Inner", "Startup Cost": 10000000004.74, "Total Cost": 1001032279500.6, "Plan Rows": 806, "Plan Width": 8, "Inner Unique": true, "Join Filter": "(public.lineitem.l_partkey = public.part.p_partkey)", "Plans": [{"Node Type": "Nested Loop", "Parent Relationship": "Outer", "Join Type": "Inner", "Startup Cost": 10000000004.48, "Total Cost": 1001032192561.0, "Plan Rows": 20274, "Plan Width": 24, "Inner Unique": false, "Plans": [{"Node Type": "Aggregate", "Strategy": "Sorted", "Parent Relationship": "Outer", "Startup Cost": 10000000000.26, "Total Cost": 1001031880124.59, "Plan Rows": 11032, "Plan Width": 80, "Group By Key": ["public.lineitem.l_partkey"], "Plans": [{"Node Type": "Nested Loop", "Parent Relationship": "Outer", "Join Type": "Semi", "Startup Cost": 10000000000.26, "Total Cost": 1001031879848.79, "Plan Rows": 11032, "Plan Width": 16, "Inner Unique": false, "Plans": [{"Node Type": "Index Scan", "Parent Relationship": "Outer", "Scan Direction": "Forward", "Index Name": "idx_lineitem_part_supp", "Relation Name": "lineitem", "Alias": "lineitem", "Startup Cost": 10000000000.0, "Total Cost": 1000775391319.64, "Plan Rows": 59987033, "Plan Width": 16}, {"Node Type": "Bitmap Heap Scan", "Parent Relationship": "Inner", "Relation Name": "part", "Alias": "part", "Startup Cost": 0.26, "Total Cost": 4.28, "Plan Rows": 1, "Plan Width": 8, "Recheck Cond": "(p_partkey = public.lineitem.l_partkey)", "Filter": "((p_brand = 'Brand#44'::bpchar) AND (p_container = 'WRAP PKG'::bpchar))", "Plans": [{"Node Type": "Bitmap Index Scan", "Parent Relationship": "Outer", "Index Name": "part_kpey", "Startup Cost": 0.0, "Total Cost": 0.26, "Plan Rows": 1, "Plan Width": 0, "Index Cond": "(p_partkey = public.lineitem.l_partkey)"}]}]}]}, {"Node Type": "Bitmap Heap Scan", "Parent Relationship": "Inner", "Relation Name": "lineitem", "Alias": "lineitem", "Startup Cost": 4.22, "Total Cost": 28.29, "Plan Rows": 2, "Plan Width": 24, "Recheck Cond": "(l_partkey = public.lineitem.l_partkey)", "Filter": "(l_quantity < (.2::double precision * (avg(public.lineitem.l_quantity))))", "Plans": [{"Node Type": "Bitmap Index Scan", "Parent Relationship": "Outer", "Index Name": "idx_lineitem_part_supp", "Startup Cost": 0.0, "Total Cost": 4.22, "Plan Rows": 6, "Plan Width": 0, "Index Cond": "(l_partkey = public.lineitem.l_partkey)"}]}]}, {"Node Type": "Bitmap Heap Scan", "Parent Relationship": "Inner", "Relation Name": "part", "Alias": "part", "Startup Cost": 0.26, "Total Cost": 4.28, "Plan Rows": 1, "Plan Width": 8, "Recheck Cond": "(p_partkey = public.lineitem.l_partkey)", "Filter": "((p_brand = 'Brand#44'::bpchar) AND (p_container = 'WRAP PKG'::bpchar))", "Plans": [{"Node Type": "Bitmap Index Scan", "Parent Relationship": "Outer", "Index Name": "part_kpey", "Startup Cost": 0.0, "Total Cost": 0.26, "Plan Rows": 1, "Plan Width": 0, "Index Cond": "(p_partkey = public.lineitem.l_partkey)"}]}]}]}, "Unique SQL Id": 1080450481}, "explain_analyze_plan": null}, "(64, 68)": {"explain_plan": {"Plan": {"Node Type": "Aggregate", "Strategy": "Plain", "Startup Cost": 208324.62, "Total Cost": 208324.63, "Plan Rows": 1, "Plan Width": 16, "Plans": [{"Node Type": "Nested Loop", "Parent Relationship": "Outer", "Join Type": "Inner", "Startup Cost": 128691.05, "Total Cost": 208322.6, "Plan Rows": 806, "Plan Width": 8, "Inner Unique": false, "Plans": [{"Node Type": "Nested Loop", "Parent Relationship": "Outer", "Join Type": "Inner", "Startup Cost": 128691.05, "Total Cost": 196146.55, "Plan Rows": 438, "Plan Width": 24, "Inner Unique": true, "Plans": [{"Node Type": "Aggregate", "Strategy": "Hashed", "Parent Relationship": "Outer", "Startup Cost": 128691.05, "Total Cost": 128884.11, "Plan Rows": 11032, "Plan Width": 16, "Group By Key": ["public.lineitem.l_partkey"], "Plans": [{"Node Type": "Nested Loop", "Parent Relationship": "Outer", "Join Type": "Inner", "Startup Cost": 0.0, "Total Cost": 128608.31, "Plan Rows": 11032, "Plan Width": 16, "Inner Unique": false, "Plans": [{"Node Type": "Seq Scan", "Parent Relationship": "Outer", "Relation Name": "part", "Alias": "part", "Startup Cost": 0.0, "Total Cost": 71944.0, "Plan Rows": 2001, "Plan Width": 8, "Filter": "((p_brand = 'Brand#44'::bpchar) AND (p_container = 'WRAP PKG'::bpchar))"}, {"Node Type": "Index Scan", "Parent Relationship": "Inner", "Scan Direction": "Forward", "Index Name": "idx_lineitem_part_supp", "Relation Name": "lineitem", "Alias": "lineitem", "Startup Cost": 0.0, "Total Cost": 28.26, "Plan Rows": 6, "Plan Width": 16, "Index Cond": "(l_partkey = public.part.p_partkey)"}]}]}, {"Node Type": "Index Scan", "Parent Relationship": "Inner", "Scan Direction": "Forward", "Index Name": "part_kpey", "Relation Name": "part", "Alias": "part", "Startup Cost": 0.0, "Total Cost": 6.08, "Plan Rows": 1, "Plan Width": 8, "Index Cond": "(p_partkey = public.lineitem.l_partkey)", "Filter": "((p_brand = 'Brand#44'::bpchar) AND (p_container = 'WRAP PKG'::bpchar))"}]}, {"Node Type": "Index Scan", "Parent Relationship": "Inner", "Scan Direction": "Forward", "Index Name": "idx_lineitem_part_supp", "Relation Name": "lineitem", "Alias": "lineitem", "Startup Cost": 0.0, "Total Cost": 27.78, "Plan Rows": 2, "Plan Width": 24, "Index Cond": "(l_partkey = public.lineitem.l_partkey)", "Filter": "(l_quantity < (.2::double precision * (avg(public.lineitem.l_quantity))))"}]}]}, "Unique SQL Id": 1080450481}, "explain_analyze_plan": {"Plan": {"Node Type": "Aggregate", "Strategy": "Plain", "Startup Cost": 208324.62, "Total Cost": 208324.63, "Plan Rows": 1, "Plan Width": 16, "Actual Startup Time": 1237.71, "Actual Total Time": 1237.71, "Actual Rows": 1, "Actual Loops": 1, "Plans": [{"Node Type": "Nested Loop", "Parent Relationship": "Outer", "Join Type": "Inner", "Startup Cost": 128691.05, "Total Cost": 208322.6, "Plan Rows": 806, "Plan Width": 8, "Actual Startup Time": 1029.199, "Actual Total Time": 1236.739, "Actual Rows": 5403, "Actual Loops": 1, "Inner Unique": false, "Plans": [{"Node Type": "Nested Loop", "Parent Relationship": "Outer", "Join Type": "Inner", "Startup Cost": 128691.05, "Total Cost": 196146.55, "Plan Rows": 438, "Plan Width": 24, "Actual Startup Time": 1029.156, "Actual Total Time": 1050.822, "Actual Rows": 2003, "Actual Loops": 1, "Inner Unique": true, "Plans": [{"Node Type": "Aggregate", "Strategy": "Hashed", "Parent Relationship": "Outer", "Startup Cost": 128691.05, "Total Cost": 128884.11, "Plan Rows": 11032, "Plan Width": 16, "Actual Startup Time": 1029.115, "Actual Total Time": 1030.893, "Actual Rows": 2003, "Actual Loops": 1, "Group By Key": ["public.lineitem.l_partkey"], "Plans": [{"Node Type": "Nested Loop", "Parent Relationship": "Outer", "Join Type": "Inner", "Startup Cost": 0.0, "Total Cost": 128608.31, "Plan Rows": 11032, "Plan Width": 16, "Actual Startup Time": 0.391, "Actual Total Time": 988.045, "Actual Rows": 60021, "Actual Loops": 1, "Inner Unique": false, "Plans": [{"Node Type": "Seq Scan", "Parent Relationship": "Outer", "Relation Name": "part", "Alias": "part", "Startup Cost": 0.0, "Total Cost": 71944.0, "Plan Rows": 2001, "Plan Width": 8, "Actual Startup Time": 0.368, "Actual Total Time": 794.914, "Actual Rows": 2003, "Actual Loops": 1, "Filter": "((p_brand = 'Brand#44'::bpchar) AND (p_container = 'WRAP PKG'::bpchar))", "Rows Removed by Filter": 1997997}, {"Node Type": "Index Scan", "Parent Relationship": "Inner", "Scan Direction": "Forward", "Index Name": "idx_lineitem_part_supp", "Relation Name": "lineitem", "Alias": "lineitem", "Startup Cost": 0.0, "Total Cost": 28.26, "Plan Rows": 6, "Plan Width": 16, "Actual Startup Time": 25.038, "Actual Total Time": 178.698, "Actual Rows": 60021, "Actual Loops": 2003, "Index Cond": "(l_partkey = public.part.p_partkey)", "Rows Removed by Index Recheck": 0}]}]}, {"Node Type": "Index Scan", "Parent Relationship": "Inner", "Scan Direction": "Forward", "Index Name": "part_kpey", "Relation Name": "part", "Alias": "part", "Startup Cost": 0.0, "Total Cost": 6.08, "Plan Rows": 1, "Plan Width": 8, "Actual Startup Time": 18.14, "Actual Total Time": 18.14, "Actual Rows": 2003, "Actual Loops": 2003, "Index Cond": "(p_partkey = public.lineitem.l_partkey)", "Rows Removed by Index Recheck": 0, "Filter": "((p_brand = 'Brand#44'::bpchar) AND (p_container = 'WRAP PKG'::bpchar))", "Rows Removed by Filter": 0}]}, {"Node Type": "Index Scan", "Parent Relationship": "Inner", "Scan Direction": "Forward", "Index Name": "idx_lineitem_part_supp", "Relation Name": "lineitem", "Alias": "lineitem", "Startup Cost": 0.0, "Total Cost": 27.78, "Plan Rows": 2, "Plan Width": 24, "Actual Startup Time": 74.664, "Actual Total Time": 183.579, "Actual Rows": 5403, "Actual Loops": 2003, "Index Cond": "(l_partkey = public.lineitem.l_partkey)", "Rows Removed by Index Recheck": 0, "Filter": "(l_quantity < (.2::double precision * (avg(public.lineitem.l_quantity))))", "Rows Removed by Filter": 54618}]}]}, "Triggers": [], "Planner Runtime": 1.459, "Total Runtime": 1237.93, "Unique SQL Id": 1080450481}}, "(64, 69)": {"explain_plan": {"Plan": {"Node Type": "Aggregate", "Strategy": "Plain", "Startup Cost": 247183.87, "Total Cost": 247183.88, "Plan Rows": 1, "Plan Width": 16, "Plans": [{"Node Type": "Nested Loop", "Parent Relationship": "Outer", "Join Type": "Inner", "Startup Cost": 0.0, "Total Cost": 247181.85, "Plan Rows": 806, "Plan Width": 8, "Inner Unique": false, "Plans": [{"Node Type": "Nested Loop", "Parent Relationship": "Outer", "Join Type": "Inner", "Startup Cost": 0.0, "Total Cost": 235005.8, "Plan Rows": 438, "Plan Width": 24, "Inner Unique": true, "Plans": [{"Node Type": "Aggregate", "Strategy": "Sorted", "Parent Relationship": "Outer", "Startup Cost": 0.0, "Total Cost": 167743.36, "Plan Rows": 11032, "Plan Width": 80, "Group By Key": ["public.lineitem.l_partkey"], "Plans": [{"Node Type": "Nested Loop", "Parent Relationship": "Outer", "Join Type": "Inner", "Startup Cost": 0.0, "Total Cost": 167467.56, "Plan Rows": 11032, "Plan Width": 16, "Inner Unique": false, "Plans": [{"Node Type": "Index Scan", "Parent Relationship": "Outer", "Scan Direction": "Forward", "Index Name": "part_kpey", "Relation Name": "part", "Alias": "part", "Startup Cost": 0.0, "Total Cost": 110803.25, "Plan Rows": 2001, "Plan Width": 8, "Filter": "((p_brand = 'Brand#44'::bpchar) AND (p_container = 'WRAP PKG'::bpchar))"}, {"Node Type": "Index Scan", "Parent Relationship": "Inner", "Scan Direction": "Forward", "Index Name": "idx_lineitem_part_supp", "Relation Name": "lineitem", "Alias": "lineitem", "Startup Cost": 0.0, "Total Cost": 28.26, "Plan Rows": 6, "Plan Width": 16, "Index Cond": "(l_partkey = public.part.p_partkey)"}]}]}, {"Node Type": "Index Scan", "Parent Relationship": "Inner", "Scan Direction": "Forward", "Index Name": "part_kpey", "Relation Name": "part", "Alias": "part", "Startup Cost": 0.0, "Total Cost": 6.08, "Plan Rows": 1, "Plan Width": 8, "Index Cond": "(p_partkey = public.lineitem.l_partkey)", "Filter": "((p_brand = 'Brand#44'::bpchar) AND (p_container = 'WRAP PKG'::bpchar))"}]}, {"Node Type": "Index Scan", "Parent Relationship": "Inner", "Scan Direction": "Forward", "Index Name": "idx_lineitem_part_supp", "Relation Name": "lineitem", "Alias": "lineitem", "Startup Cost": 0.0, "Total Cost": 27.78, "Plan Rows": 2, "Plan Width": 24, "Index Cond": "(l_partkey = public.lineitem.l_partkey)", "Filter": "(l_quantity < (.2::double precision * (avg(public.lineitem.l_quantity))))"}]}]}, "Unique SQL Id": 1080450481}, "explain_analyze_plan": {"Plan": {"Node Type": "Aggregate", "Strategy": "Plain", "Startup Cost": 247183.87, "Total Cost": 247183.88, "Plan Rows": 1, "Plan Width": 16, "Actual Startup Time": 1786.581, "Actual Total Time": 1786.581, "Actual Rows": 1, "Actual Loops": 1, "Plans": [{"Node Type": "Nested Loop", "Parent Relationship": "Outer", "Join Type": "Inner", "Startup Cost": 0.0, "Total Cost": 247181.85, "Plan Rows": 806, "Plan Width": 8, "Actual Startup Time": 2.095, "Actual Total Time": 1785.363, "Actual Rows": 5403, "Actual Loops": 1, "Inner Unique": false, "Plans": [{"Node Type": "Nested Loop", "Parent Relationship": "Outer", "Join Type": "Inner", "Startup Cost": 0.0, "Total Cost": 235005.8, "Plan Rows": 438, "Plan Width": 24, "Actual Startup Time": 2.05, "Actual Total Time": 1705.146, "Actual Rows": 2003, "Actual Loops": 1, "Inner Unique": true, "Plans": [{"Node Type": "Aggregate", "Strategy": "Sorted", "Parent Relationship": "Outer", "Startup Cost": 0.0, "Total Cost": 167743.36, "Plan Rows": 11032, "Plan Width": 80, "Actual Startup Time": 2.039, "Actual Total Time": 1693.01, "Actual Rows": 2003, "Actual Loops": 1, "Group By Key": ["public.lineitem.l_partkey"], "Plans": [{"Node Type": "Nested Loop", "Parent Relationship": "Outer", "Join Type": "Inner", "Startup Cost": 0.0, "Total Cost": 167467.56, "Plan Rows": 11032, "Plan Width": 16, "Actual Startup Time": 0.668, "Actual Total Time": 1660.016, "Actual Rows": 60021, "Actual Loops": 1, "Inner Unique": false, "Plans": [{"Node Type": "Index Scan", "Parent Relationship": "Outer", "Scan Direction": "Forward", "Index Name": "part_kpey", "Relation Name": "part", "Alias": "part", "Startup Cost": 0.0, "Total Cost": 110803.25, "Plan Rows": 2001, "Plan Width": 8, "Actual Startup Time": 0.649, "Actual Total Time": 1460.778, "Actual Rows": 2003, "Actual Loops": 1, "Filter": "((p_brand = 'Brand#44'::bpchar) AND (p_container = 'WRAP PKG'::bpchar))", "Rows Removed by Filter": 1997997}, {"Node Type": "Index Scan", "Parent Relationship": "Inner", "Scan Direction": "Forward", "Index Name": "idx_lineitem_part_supp", "Relation Name": "lineitem", "Alias": "lineitem", "Startup Cost": 0.0, "Total Cost": 28.26, "Plan Rows": 6, "Plan Width": 16, "Actual Startup Time": 23.917, "Actual Total Time": 183.588, "Actual Rows": 60021, "Actual Loops": 2003, "Index Cond": "(l_partkey = public.part.p_partkey)", "Rows Removed by Index Recheck": 0}]}]}, {"Node Type": "Index Scan", "Parent Relationship": "Inner", "Scan Direction": "Forward", "Index Name": "part_kpey", "Relation Name": "part", "Alias": "part", "Startup Cost": 0.0, "Total Cost": 6.08, "Plan Rows": 1, "Plan Width": 8, "Actual Startup Time": 9.552, "Actual Total Time": 9.552, "Actual Rows": 2003, "Actual Loops": 2003, "Index Cond": "(p_partkey = public.lineitem.l_partkey)", "Rows Removed by Index Recheck": 0, "Filter": "((p_brand = 'Brand#44'::bpchar) AND (p_container = 'WRAP PKG'::bpchar))", "Rows Removed by Filter": 0}]}, {"Node Type": "Index Scan", "Parent Relationship": "Inner", "Scan Direction": "Forward", "Index Name": "idx_lineitem_part_supp", "Relation Name": "lineitem", "Alias": "lineitem", "Startup Cost": 0.0, "Total Cost": 27.78, "Plan Rows": 2, "Plan Width": 24, "Actual Startup Time": 33.922, "Actual Total Time": 77.009, "Actual Rows": 5403, "Actual Loops": 2003, "Index Cond": "(l_partkey = public.lineitem.l_partkey)", "Rows Removed by Index Recheck": 0, "Filter": "(l_quantity < (.2::double precision * (avg(public.lineitem.l_quantity))))", "Rows Removed by Filter": 54618}]}]}, "Triggers": [], "Planner Runtime": 1.403, "Total Runtime": 1786.803, "Unique SQL Id": 1080450481}}, "(64, 70)": {"explain_plan": {"Plan": {"Node Type": "Aggregate", "Strategy": "Plain", "Startup Cost": 213754.44, "Total Cost": 213754.45, "Plan Rows": 1, "Plan Width": 16, "Plans": [{"Node Type": "Nested Loop", "Parent Relationship": "Outer", "Join Type": "Inner", "Startup Cost": 129265.51, "Total Cost": 213752.42, "Plan Rows": 806, "Plan Width": 8, "Inner Unique": false, "Plans": [{"Node Type": "Hash Join", "Parent Relationship": "Outer", "Join Type": "Inner", "Startup Cost": 129261.29, "Total Cost": 201352.24, "Plan Rows": 438, "Plan Width": 24, "Inner Unique": true, "Hash Cond": "(public.part.p_partkey = subquery.\"?column?\")", "Plans": [{"Node Type": "Seq Scan", "Parent Relationship": "Outer", "Relation Name": "part", "Alias": "part", "Startup Cost": 0.0, "Total Cost": 71944.0, "Plan Rows": 2001, "Plan Width": 8, "Filter": "((p_brand = 'Brand#44'::bpchar) AND (p_container = 'WRAP PKG'::bpchar))"}, {"Node Type": "Hash", "Parent Relationship": "Inner", "Startup Cost": 129123.39, "Total Cost": 129123.39, "Plan Rows": 11032, "Plan Width": 16, "Plans": [{"Node Type": "Subquery Scan", "Parent Relationship": "Outer", "Alias": "subquery", "Startup Cost": 128820.01, "Total Cost": 129123.39, "Plan Rows": 11032, "Plan Width": 16, "Plans": [{"Node Type": "Aggregate", "Strategy": "Hashed", "Parent Relationship": "Subquery", "Startup Cost": 128820.01, "Total Cost": 129013.07, "Plan Rows": 11032, "Plan Width": 16, "Group By Key": ["public.lineitem.l_partkey"], "Plans": [{"Node Type": "Nested Loop", "Parent Relationship": "Outer", "Join Type": "Inner", "Startup Cost": 4.28, "Total Cost": 128737.27, "Plan Rows": 11032, "Plan Width": 16, "Inner Unique": false, "Plans": [{"Node Type": "Seq Scan", "Parent Relationship": "Outer", "Relation Name": "part", "Alias": "part", "Startup Cost": 0.0, "Total Cost": 71944.0, "Plan Rows": 2001, "Plan Width": 8, "Filter": "((p_brand = 'Brand#44'::bpchar) AND (p_container = 'WRAP PKG'::bpchar))"}, {"Node Type": "Bitmap Heap Scan", "Parent Relationship": "Inner", "Relation Name": "lineitem", "Alias": "lineitem", "Startup Cost": 4.28, "Total Cost": 28.32, "Plan Rows": 6, "Plan Width": 16, "Recheck Cond": "(l_partkey = public.part.p_partkey)", "Plans": [{"Node Type": "Bitmap Index Scan", "Parent Relationship": "Outer", "Index Name": "idx_lineitem_part_supp", "Startup Cost": 0.0, "Total Cost": 4.28, "Plan Rows": 6, "Plan Width": 0, "Index Cond": "(l_partkey = public.part.p_partkey)"}]}]}]}]}]}]}, {"Node Type": "Bitmap Heap Scan", "Parent Relationship": "Inner", "Relation Name": "lineitem", "Alias": "lineitem", "Startup Cost": 4.22, "Total Cost": 28.29, "Plan Rows": 2, "Plan Width": 24, "Recheck Cond": "(l_partkey = subquery.\"?column?\")", "Filter": "(l_quantity < (.2::double precision * subquery.\"?column?\"))", "Plans": [{"Node Type": "Bitmap Index Scan", "Parent Relationship": "Outer", "Index Name": "idx_lineitem_part_supp", "Startup Cost": 0.0, "Total Cost": 4.22, "Plan Rows": 6, "Plan Width": 0, "Index Cond": "(l_partkey = subquery.\"?column?\")"}]}]}]}, "Unique SQL Id": 1080450481}, "explain_analyze_plan": {"Plan": {"Node Type": "Aggregate", "Strategy": "Plain", "Startup Cost": 213754.44, "Total Cost": 213754.45, "Plan Rows": 1, "Plan Width": 16, "Actual Startup Time": 2114.265, "Actual Total Time": 2114.265, "Actual Rows": 1, "Actual Loops": 1, "Plans": [{"Node Type": "Nested Loop", "Parent Relationship": "Outer", "Join Type": "Inner", "Startup Cost": 129265.51, "Total Cost": 213752.42, "Plan Rows": 806, "Plan Width": 8, "Actual Startup Time": 1067.22, "Actual Total Time": 2113.023, "Actual Rows": 5403, "Actual Loops": 1, "Inner Unique": false, "Plans": [{"Node Type": "Hash Join", "Parent Relationship": "Outer", "Join Type": "Inner", "Startup Cost": 129261.29, "Total Cost": 201352.24, "Plan Rows": 438, "Plan Width": 24, "Actual Startup Time": 1067.138, "Actual Total Time": 1885.555, "Actual Rows": 2003, "Actual Loops": 1, "Inner Unique": true, "Hash Cond": "(public.part.p_partkey = subquery.\"?column?\")", "Plans": [{"Node Type": "Seq Scan", "Parent Relationship": "Outer", "Relation Name": "part", "Alias": "part", "Startup Cost": 0.0, "Total Cost": 71944.0, "Plan Rows": 2001, "Plan Width": 8, "Actual Startup Time": 0.364, "Actual Total Time": 816.434, "Actual Rows": 2003, "Actual Loops": 1, "Filter": "((p_brand = 'Brand#44'::bpchar) AND (p_container = 'WRAP PKG'::bpchar))", "Rows Removed by Filter": 1997997}, {"Node Type": "Hash", "Parent Relationship": "Inner", "Startup Cost": 129123.39, "Total Cost": 129123.39, "Plan Rows": 11032, "Plan Width": 16, "Actual Startup Time": 1066.68, "Actual Total Time": 1066.68, "Actual Rows": 2003, "Actual Loops": 1, "Hash Buckets": 32768, "Hash Batches": 1, "Original Hash Batches": 1, "Peak Memory Usage": 94, "Plans": [{"Node Type": "Subquery Scan", "Parent Relationship": "Outer", "Alias": "subquery", "Startup Cost": 128820.01, "Total Cost": 129123.39, "Plan Rows": 11032, "Plan Width": 16, "Actual Startup Time": 1064.333, "Actual Total Time": 1066.035, "Actual Rows": 2003, "Actual Loops": 1, "Plans": [{"Node Type": "Aggregate", "Strategy": "Hashed", "Parent Relationship": "Subquery", "Startup Cost": 128820.01, "Total Cost": 129013.07, "Plan Rows": 11032, "Plan Width": 16, "Actual Startup Time": 1064.331, "Actual Total Time": 1065.643, "Actual Rows": 2003, "Actual Loops": 1, "Group By Key": ["public.lineitem.l_partkey"], "Plans": [{"Node Type": "Nested Loop", "Parent Relationship": "Outer", "Join Type": "Inner", "Startup Cost": 4.28, "Total Cost": 128737.27, "Plan Rows": 11032, "Plan Width": 16, "Actual Startup Time": 0.362, "Actual Total Time": 1023.864, "Actual Rows": 60021, "Actual Loops": 1, "Inner Unique": false, "Plans": [{"Node Type": "Seq Scan", "Parent Relationship": "Outer", "Relation Name": "part", "Alias": "part", "Startup Cost": 0.0, "Total Cost": 71944.0, "Plan Rows": 2001, "Plan Width": 8, "Actual Startup Time": 0.314, "Actual Total Time": 798.742, "Actual Rows": 2003, "Actual Loops": 1, "Filter": "((p_brand = 'Brand#44'::bpchar) AND (p_container = 'WRAP PKG'::bpchar))", "Rows Removed by Filter": 1997997}, {"Node Type": "Bitmap Heap Scan", "Parent Relationship": "Inner", "Relation Name": "lineitem", "Alias": "lineitem", "Startup Cost": 4.28, "Total Cost": 28.32, "Plan Rows": 6, "Plan Width": 16, "Actual Startup Time": 42.668, "Actual Total Time": 207.495, "Actual Rows": 60021, "Actual Loops": 2003, "Recheck Cond": "(l_partkey = public.part.p_partkey)", "Rows Removed by Index Recheck": 0, "Exact Heap Blocks": 60018, "Lossy Heap Blocks": 60018, "Plans": [{"Node Type": "Bitmap Index Scan", "Parent Relationship": "Outer", "Index Name": "idx_lineitem_part_supp", "Startup Cost": 0.0, "Total Cost": 4.28, "Plan Rows": 6, "Plan Width": 0, "Actual Startup Time": 27.97, "Actual Total Time": 27.97, "Actual Rows": 60021, "Actual Loops": 2003, "Index Cond": "(l_partkey = public.part.p_partkey)"}]}]}]}]}]}]}, {"Node Type": "Bitmap Heap Scan", "Parent Relationship": "Inner", "Relation Name": "lineitem", "Alias": "lineitem", "Startup Cost": 4.22, "Total Cost": 28.29, "Plan Rows": 2, "Plan Width": 24, "Actual Startup Time": 97.194, "Actual Total Time": 221.452, "Actual Rows": 5403, "Actual Loops": 2003, "Recheck Cond": "(l_partkey = subquery.\"?column?\")", "Rows Removed by Index Recheck": 0, "Filter": "(l_quantity < (.2::double precision * subquery.\"?column?\"))", "Rows Removed by Filter": 54618, "Exact Heap Blocks": 60018, "Lossy Heap Blocks": 60018, "Plans": [{"Node Type": "Bitmap Index Scan", "Parent Relationship": "Outer", "Index Name": "idx_lineitem_part_supp", "Startup Cost": 0.0, "Total Cost": 4.22, "Plan Rows": 6, "Plan Width": 0, "Actual Startup Time": 25.497, "Actual Total Time": 25.497, "Actual Rows": 60021, "Actual Loops": 2003, "Index Cond": "(l_partkey = subquery.\"?column?\")"}]}]}]}, "Triggers": [], "Planner Runtime": 1.435, "Total Runtime": 2114.563, "Unique SQL Id": 1080450481}}, "(64, 71)": {"explain_plan": {"Plan": {"Node Type": "Aggregate", "Strategy": "Plain", "Startup Cost": 1001032279502.61, "Total Cost": 1001032279502.62, "Plan Rows": 1, "Plan Width": 16, "Plans": [{"Node Type": "Nested Loop", "Parent Relationship": "Outer", "Join Type": "Inner", "Startup Cost": 10000000004.74, "Total Cost": 1001032279500.6, "Plan Rows": 806, "Plan Width": 8, "Inner Unique": true, "Join Filter": "(public.lineitem.l_partkey = public.part.p_partkey)", "Plans": [{"Node Type": "Nested Loop", "Parent Relationship": "Outer", "Join Type": "Inner", "Startup Cost": 10000000004.48, "Total Cost": 1001032192561.0, "Plan Rows": 20274, "Plan Width": 24, "Inner Unique": false, "Plans": [{"Node Type": "Aggregate", "Strategy": "Sorted", "Parent Relationship": "Outer", "Startup Cost": 10000000000.26, "Total Cost": 1001031880124.59, "Plan Rows": 11032, "Plan Width": 80, "Group By Key": ["public.lineitem.l_partkey"], "Plans": [{"Node Type": "Nested Loop", "Parent Relationship": "Outer", "Join Type": "Semi", "Startup Cost": 10000000000.26, "Total Cost": 1001031879848.79, "Plan Rows": 11032, "Plan Width": 16, "Inner Unique": false, "Plans": [{"Node Type": "Index Scan", "Parent Relationship": "Outer", "Scan Direction": "Forward", "Index Name": "idx_lineitem_part_supp", "Relation Name": "lineitem", "Alias": "lineitem", "Startup Cost": 10000000000.0, "Total Cost": 1000775391319.64, "Plan Rows": 59987033, "Plan Width": 16}, {"Node Type": "Bitmap Heap Scan", "Parent Relationship": "Inner", "Relation Name": "part", "Alias": "part", "Startup Cost": 0.26, "Total Cost": 4.28, "Plan Rows": 1, "Plan Width": 8, "Recheck Cond": "(p_partkey = public.lineitem.l_partkey)", "Filter": "((p_brand = 'Brand#44'::bpchar) AND (p_container = 'WRAP PKG'::bpchar))", "Plans": [{"Node Type": "Bitmap Index Scan", "Parent Relationship": "Outer", "Index Name": "part_kpey", "Startup Cost": 0.0, "Total Cost": 0.26, "Plan Rows": 1, "Plan Width": 0, "Index Cond": "(p_partkey = public.lineitem.l_partkey)"}]}]}]}, {"Node Type": "Bitmap Heap Scan", "Parent Relationship": "Inner", "Relation Name": "lineitem", "Alias": "lineitem", "Startup Cost": 4.22, "Total Cost": 28.29, "Plan Rows": 2, "Plan Width": 24, "Recheck Cond": "(l_partkey = public.lineitem.l_partkey)", "Filter": "(l_quantity < (.2::double precision * (avg(public.lineitem.l_quantity))))", "Plans": [{"Node Type": "Bitmap Index Scan", "Parent Relationship": "Outer", "Index Name": "idx_lineitem_part_supp", "Startup Cost": 0.0, "Total Cost": 4.22, "Plan Rows": 6, "Plan Width": 0, "Index Cond": "(l_partkey = public.lineitem.l_partkey)"}]}]}, {"Node Type": "Bitmap Heap Scan", "Parent Relationship": "Inner", "Relation Name": "part", "Alias": "part", "Startup Cost": 0.26, "Total Cost": 4.28, "Plan Rows": 1, "Plan Width": 8, "Recheck Cond": "(p_partkey = public.lineitem.l_partkey)", "Filter": "((p_brand = 'Brand#44'::bpchar) AND (p_container = 'WRAP PKG'::bpchar))", "Plans": [{"Node Type": "Bitmap Index Scan", "Parent Relationship": "Outer", "Index Name": "part_kpey", "Startup Cost": 0.0, "Total Cost": 0.26, "Plan Rows": 1, "Plan Width": 0, "Index Cond": "(p_partkey = public.lineitem.l_partkey)"}]}]}]}, "Unique SQL Id": 1080450481}, "explain_analyze_plan": null}, "(64, 72)": {"explain_plan": {"Plan": {"Node Type": "Aggregate", "Strategy": "Plain", "Startup Cost": 208324.62, "Total Cost": 208324.63, "Plan Rows": 1, "Plan Width": 16, "Plans": [{"Node Type": "Nested Loop", "Parent Relationship": "Outer", "Join Type": "Inner", "Startup Cost": 128691.05, "Total Cost": 208322.6, "Plan Rows": 806, "Plan Width": 8, "Inner Unique": false, "Plans": [{"Node Type": "Nested Loop", "Parent Relationship": "Outer", "Join Type": "Inner", "Startup Cost": 128691.05, "Total Cost": 196146.55, "Plan Rows": 438, "Plan Width": 24, "Inner Unique": true, "Plans": [{"Node Type": "Aggregate", "Strategy": "Hashed", "Parent Relationship": "Outer", "Startup Cost": 128691.05, "Total Cost": 128884.11, "Plan Rows": 11032, "Plan Width": 16, "Group By Key": ["public.lineitem.l_partkey"], "Plans": [{"Node Type": "Nested Loop", "Parent Relationship": "Outer", "Join Type": "Inner", "Startup Cost": 0.0, "Total Cost": 128608.31, "Plan Rows": 11032, "Plan Width": 16, "Inner Unique": false, "Plans": [{"Node Type": "Seq Scan", "Parent Relationship": "Outer", "Relation Name": "part", "Alias": "part", "Startup Cost": 0.0, "Total Cost": 71944.0, "Plan Rows": 2001, "Plan Width": 8, "Filter": "((p_brand = 'Brand#44'::bpchar) AND (p_container = 'WRAP PKG'::bpchar))"}, {"Node Type": "Index Scan", "Parent Relationship": "Inner", "Scan Direction": "Forward", "Index Name": "idx_lineitem_part_supp", "Relation Name": "lineitem", "Alias": "lineitem", "Startup Cost": 0.0, "Total Cost": 28.26, "Plan Rows": 6, "Plan Width": 16, "Index Cond": "(l_partkey = public.part.p_partkey)"}]}]}, {"Node Type": "Index Scan", "Parent Relationship": "Inner", "Scan Direction": "Forward", "Index Name": "part_kpey", "Relation Name": "part", "Alias": "part", "Startup Cost": 0.0, "Total Cost": 6.08, "Plan Rows": 1, "Plan Width": 8, "Index Cond": "(p_partkey = public.lineitem.l_partkey)", "Filter": "((p_brand = 'Brand#44'::bpchar) AND (p_container = 'WRAP PKG'::bpchar))"}]}, {"Node Type": "Index Scan", "Parent Relationship": "Inner", "Scan Direction": "Forward", "Index Name": "idx_lineitem_part_supp", "Relation Name": "lineitem", "Alias": "lineitem", "Startup Cost": 0.0, "Total Cost": 27.78, "Plan Rows": 2, "Plan Width": 24, "Index Cond": "(l_partkey = public.lineitem.l_partkey)", "Filter": "(l_quantity < (.2::double precision * (avg(public.lineitem.l_quantity))))"}]}]}, "Unique SQL Id": 1080450481}, "explain_analyze_plan": {"Plan": {"Node Type": "Aggregate", "Strategy": "Plain", "Startup Cost": 208324.62, "Total Cost": 208324.63, "Plan Rows": 1, "Plan Width": 16, "Actual Startup Time": 1237.71, "Actual Total Time": 1237.71, "Actual Rows": 1, "Actual Loops": 1, "Plans": [{"Node Type": "Nested Loop", "Parent Relationship": "Outer", "Join Type": "Inner", "Startup Cost": 128691.05, "Total Cost": 208322.6, "Plan Rows": 806, "Plan Width": 8, "Actual Startup Time": 1029.199, "Actual Total Time": 1236.739, "Actual Rows": 5403, "Actual Loops": 1, "Inner Unique": false, "Plans": [{"Node Type": "Nested Loop", "Parent Relationship": "Outer", "Join Type": "Inner", "Startup Cost": 128691.05, "Total Cost": 196146.55, "Plan Rows": 438, "Plan Width": 24, "Actual Startup Time": 1029.156, "Actual Total Time": 1050.822, "Actual Rows": 2003, "Actual Loops": 1, "Inner Unique": true, "Plans": [{"Node Type": "Aggregate", "Strategy": "Hashed", "Parent Relationship": "Outer", "Startup Cost": 128691.05, "Total Cost": 128884.11, "Plan Rows": 11032, "Plan Width": 16, "Actual Startup Time": 1029.115, "Actual Total Time": 1030.893, "Actual Rows": 2003, "Actual Loops": 1, "Group By Key": ["public.lineitem.l_partkey"], "Plans": [{"Node Type": "Nested Loop", "Parent Relationship": "Outer", "Join Type": "Inner", "Startup Cost": 0.0, "Total Cost": 128608.31, "Plan Rows": 11032, "Plan Width": 16, "Actual Startup Time": 0.391, "Actual Total Time": 988.045, "Actual Rows": 60021, "Actual Loops": 1, "Inner Unique": false, "Plans": [{"Node Type": "Seq Scan", "Parent Relationship": "Outer", "Relation Name": "part", "Alias": "part", "Startup Cost": 0.0, "Total Cost": 71944.0, "Plan Rows": 2001, "Plan Width": 8, "Actual Startup Time": 0.368, "Actual Total Time": 794.914, "Actual Rows": 2003, "Actual Loops": 1, "Filter": "((p_brand = 'Brand#44'::bpchar) AND (p_container = 'WRAP PKG'::bpchar))", "Rows Removed by Filter": 1997997}, {"Node Type": "Index Scan", "Parent Relationship": "Inner", "Scan Direction": "Forward", "Index Name": "idx_lineitem_part_supp", "Relation Name": "lineitem", "Alias": "lineitem", "Startup Cost": 0.0, "Total Cost": 28.26, "Plan Rows": 6, "Plan Width": 16, "Actual Startup Time": 25.038, "Actual Total Time": 178.698, "Actual Rows": 60021, "Actual Loops": 2003, "Index Cond": "(l_partkey = public.part.p_partkey)", "Rows Removed by Index Recheck": 0}]}]}, {"Node Type": "Index Scan", "Parent Relationship": "Inner", "Scan Direction": "Forward", "Index Name": "part_kpey", "Relation Name": "part", "Alias": "part", "Startup Cost": 0.0, "Total Cost": 6.08, "Plan Rows": 1, "Plan Width": 8, "Actual Startup Time": 18.14, "Actual Total Time": 18.14, "Actual Rows": 2003, "Actual Loops": 2003, "Index Cond": "(p_partkey = public.lineitem.l_partkey)", "Rows Removed by Index Recheck": 0, "Filter": "((p_brand = 'Brand#44'::bpchar) AND (p_container = 'WRAP PKG'::bpchar))", "Rows Removed by Filter": 0}]}, {"Node Type": "Index Scan", "Parent Relationship": "Inner", "Scan Direction": "Forward", "Index Name": "idx_lineitem_part_supp", "Relation Name": "lineitem", "Alias": "lineitem", "Startup Cost": 0.0, "Total Cost": 27.78, "Plan Rows": 2, "Plan Width": 24, "Actual Startup Time": 74.664, "Actual Total Time": 183.579, "Actual Rows": 5403, "Actual Loops": 2003, "Index Cond": "(l_partkey = public.lineitem.l_partkey)", "Rows Removed by Index Recheck": 0, "Filter": "(l_quantity < (.2::double precision * (avg(public.lineitem.l_quantity))))", "Rows Removed by Filter": 54618}]}]}, "Triggers": [], "Planner Runtime": 1.459, "Total Runtime": 1237.93, "Unique SQL Id": 1080450481}}, "(64, 73)": {"explain_plan": {"Plan": {"Node Type": "Aggregate", "Strategy": "Plain", "Startup Cost": 247183.87, "Total Cost": 247183.88, "Plan Rows": 1, "Plan Width": 16, "Plans": [{"Node Type": "Nested Loop", "Parent Relationship": "Outer", "Join Type": "Inner", "Startup Cost": 0.0, "Total Cost": 247181.85, "Plan Rows": 806, "Plan Width": 8, "Inner Unique": false, "Plans": [{"Node Type": "Nested Loop", "Parent Relationship": "Outer", "Join Type": "Inner", "Startup Cost": 0.0, "Total Cost": 235005.8, "Plan Rows": 438, "Plan Width": 24, "Inner Unique": true, "Plans": [{"Node Type": "Aggregate", "Strategy": "Sorted", "Parent Relationship": "Outer", "Startup Cost": 0.0, "Total Cost": 167743.36, "Plan Rows": 11032, "Plan Width": 80, "Group By Key": ["public.lineitem.l_partkey"], "Plans": [{"Node Type": "Nested Loop", "Parent Relationship": "Outer", "Join Type": "Inner", "Startup Cost": 0.0, "Total Cost": 167467.56, "Plan Rows": 11032, "Plan Width": 16, "Inner Unique": false, "Plans": [{"Node Type": "Index Scan", "Parent Relationship": "Outer", "Scan Direction": "Forward", "Index Name": "part_kpey", "Relation Name": "part", "Alias": "part", "Startup Cost": 0.0, "Total Cost": 110803.25, "Plan Rows": 2001, "Plan Width": 8, "Filter": "((p_brand = 'Brand#44'::bpchar) AND (p_container = 'WRAP PKG'::bpchar))"}, {"Node Type": "Index Scan", "Parent Relationship": "Inner", "Scan Direction": "Forward", "Index Name": "idx_lineitem_part_supp", "Relation Name": "lineitem", "Alias": "lineitem", "Startup Cost": 0.0, "Total Cost": 28.26, "Plan Rows": 6, "Plan Width": 16, "Index Cond": "(l_partkey = public.part.p_partkey)"}]}]}, {"Node Type": "Index Scan", "Parent Relationship": "Inner", "Scan Direction": "Forward", "Index Name": "part_kpey", "Relation Name": "part", "Alias": "part", "Startup Cost": 0.0, "Total Cost": 6.08, "Plan Rows": 1, "Plan Width": 8, "Index Cond": "(p_partkey = public.lineitem.l_partkey)", "Filter": "((p_brand = 'Brand#44'::bpchar) AND (p_container = 'WRAP PKG'::bpchar))"}]}, {"Node Type": "Index Scan", "Parent Relationship": "Inner", "Scan Direction": "Forward", "Index Name": "idx_lineitem_part_supp", "Relation Name": "lineitem", "Alias": "lineitem", "Startup Cost": 0.0, "Total Cost": 27.78, "Plan Rows": 2, "Plan Width": 24, "Index Cond": "(l_partkey = public.lineitem.l_partkey)", "Filter": "(l_quantity < (.2::double precision * (avg(public.lineitem.l_quantity))))"}]}]}, "Unique SQL Id": 1080450481}, "explain_analyze_plan": {"Plan": {"Node Type": "Aggregate", "Strategy": "Plain", "Startup Cost": 247183.87, "Total Cost": 247183.88, "Plan Rows": 1, "Plan Width": 16, "Actual Startup Time": 1786.581, "Actual Total Time": 1786.581, "Actual Rows": 1, "Actual Loops": 1, "Plans": [{"Node Type": "Nested Loop", "Parent Relationship": "Outer", "Join Type": "Inner", "Startup Cost": 0.0, "Total Cost": 247181.85, "Plan Rows": 806, "Plan Width": 8, "Actual Startup Time": 2.095, "Actual Total Time": 1785.363, "Actual Rows": 5403, "Actual Loops": 1, "Inner Unique": false, "Plans": [{"Node Type": "Nested Loop", "Parent Relationship": "Outer", "Join Type": "Inner", "Startup Cost": 0.0, "Total Cost": 235005.8, "Plan Rows": 438, "Plan Width": 24, "Actual Startup Time": 2.05, "Actual Total Time": 1705.146, "Actual Rows": 2003, "Actual Loops": 1, "Inner Unique": true, "Plans": [{"Node Type": "Aggregate", "Strategy": "Sorted", "Parent Relationship": "Outer", "Startup Cost": 0.0, "Total Cost": 167743.36, "Plan Rows": 11032, "Plan Width": 80, "Actual Startup Time": 2.039, "Actual Total Time": 1693.01, "Actual Rows": 2003, "Actual Loops": 1, "Group By Key": ["public.lineitem.l_partkey"], "Plans": [{"Node Type": "Nested Loop", "Parent Relationship": "Outer", "Join Type": "Inner", "Startup Cost": 0.0, "Total Cost": 167467.56, "Plan Rows": 11032, "Plan Width": 16, "Actual Startup Time": 0.668, "Actual Total Time": 1660.016, "Actual Rows": 60021, "Actual Loops": 1, "Inner Unique": false, "Plans": [{"Node Type": "Index Scan", "Parent Relationship": "Outer", "Scan Direction": "Forward", "Index Name": "part_kpey", "Relation Name": "part", "Alias": "part", "Startup Cost": 0.0, "Total Cost": 110803.25, "Plan Rows": 2001, "Plan Width": 8, "Actual Startup Time": 0.649, "Actual Total Time": 1460.778, "Actual Rows": 2003, "Actual Loops": 1, "Filter": "((p_brand = 'Brand#44'::bpchar) AND (p_container = 'WRAP PKG'::bpchar))", "Rows Removed by Filter": 1997997}, {"Node Type": "Index Scan", "Parent Relationship": "Inner", "Scan Direction": "Forward", "Index Name": "idx_lineitem_part_supp", "Relation Name": "lineitem", "Alias": "lineitem", "Startup Cost": 0.0, "Total Cost": 28.26, "Plan Rows": 6, "Plan Width": 16, "Actual Startup Time": 23.917, "Actual Total Time": 183.588, "Actual Rows": 60021, "Actual Loops": 2003, "Index Cond": "(l_partkey = public.part.p_partkey)", "Rows Removed by Index Recheck": 0}]}]}, {"Node Type": "Index Scan", "Parent Relationship": "Inner", "Scan Direction": "Forward", "Index Name": "part_kpey", "Relation Name": "part", "Alias": "part", "Startup Cost": 0.0, "Total Cost": 6.08, "Plan Rows": 1, "Plan Width": 8, "Actual Startup Time": 9.552, "Actual Total Time": 9.552, "Actual Rows": 2003, "Actual Loops": 2003, "Index Cond": "(p_partkey = public.lineitem.l_partkey)", "Rows Removed by Index Recheck": 0, "Filter": "((p_brand = 'Brand#44'::bpchar) AND (p_container = 'WRAP PKG'::bpchar))", "Rows Removed by Filter": 0}]}, {"Node Type": "Index Scan", "Parent Relationship": "Inner", "Scan Direction": "Forward", "Index Name": "idx_lineitem_part_supp", "Relation Name": "lineitem", "Alias": "lineitem", "Startup Cost": 0.0, "Total Cost": 27.78, "Plan Rows": 2, "Plan Width": 24, "Actual Startup Time": 33.922, "Actual Total Time": 77.009, "Actual Rows": 5403, "Actual Loops": 2003, "Index Cond": "(l_partkey = public.lineitem.l_partkey)", "Rows Removed by Index Recheck": 0, "Filter": "(l_quantity < (.2::double precision * (avg(public.lineitem.l_quantity))))", "Rows Removed by Filter": 54618}]}]}, "Triggers": [], "Planner Runtime": 1.403, "Total Runtime": 1786.803, "Unique SQL Id": 1080450481}}, "(64, 74)": {"explain_plan": {"Plan": {"Node Type": "Aggregate", "Strategy": "Plain", "Startup Cost": 4549973.98, "Total Cost": 4549974.0, "Plan Rows": 1, "Plan Width": 16, "Plans": [{"Node Type": "Hash Join", "Parent Relationship": "Outer", "Join Type": "Inner", "Startup Cost": 2309655.28, "Total Cost": 4549971.97, "Plan Rows": 806, "Plan Width": 8, "Inner Unique": true, "Hash Cond": "(public.part.p_partkey = subquery.\"?column?\")", "Join Filter": "(public.lineitem.l_quantity < (.2::double precision * subquery.\"?column?\"))", "Plans": [{"Node Type": "Hash Join", "Parent Relationship": "Outer", "Join Type": "Inner", "Startup Cost": 71969.01, "Total Cost": 2312146.04, "Plan Rows": 11032, "Plan Width": 32, "Inner Unique": true, "Hash Cond": "(public.lineitem.l_partkey = public.part.p_partkey)", "Plans": [{"Node Type": "Seq Scan", "Parent Relationship": "Outer", "Relation Name": "lineitem", "Alias": "lineitem", "Startup Cost": 0.0, "Total Cost": 2015115.33, "Plan Rows": 59987033, "Plan Width": 24}, {"Node Type": "Hash", "Parent Relationship": "Inner", "Startup Cost": 71944.0, "Total Cost": 71944.0, "Plan Rows": 2001, "Plan Width": 8, "Plans": [{"Node Type": "Seq Scan", "Parent Relationship": "Outer", "Relation Name": "part", "Alias": "part", "Startup Cost": 0.0, "Total Cost": 71944.0, "Plan Rows": 2001, "Plan Width": 8, "Filter": "((p_brand = 'Brand#44'::bpchar) AND (p_container = 'WRAP PKG'::bpchar))"}]}]}, {"Node Type": "Hash", "Parent Relationship": "Inner", "Startup Cost": 2237548.37, "Total Cost": 2237548.37, "Plan Rows": 11032, "Plan Width": 16, "Plans": [{"Node Type": "Subquery Scan", "Parent Relationship": "Outer", "Alias": "subquery", "Startup Cost": 2237244.99, "Total Cost": 2237548.37, "Plan Rows": 11032, "Plan Width": 16, "Plans": [{"Node Type": "Aggregate", "Strategy": "Hashed", "Parent Relationship": "Subquery", "Startup Cost": 2237244.99, "Total Cost": 2237438.05, "Plan Rows": 11032, "Plan Width": 16, "Group By Key": ["public.lineitem.l_partkey"], "Plans": [{"Node Type": "Hash Join", "Parent Relationship": "Outer", "Join Type": "Inner", "Startup Cost": 71969.01, "Total Cost": 2237162.25, "Plan Rows": 11032, "Plan Width": 16, "Inner Unique": true, "Hash Cond": "(public.lineitem.l_partkey = public.part.p_partkey)", "Plans": [{"Node Type": "Seq Scan", "Parent Relationship": "Outer", "Relation Name": "lineitem", "Alias": "lineitem", "Startup Cost": 0.0, "Total Cost": 2015115.33, "Plan Rows": 59987033, "Plan Width": 16}, {"Node Type": "Hash", "Parent Relationship": "Inner", "Startup Cost": 71944.0, "Total Cost": 71944.0, "Plan Rows": 2001, "Plan Width": 8, "Plans": [{"Node Type": "Seq Scan", "Parent Relationship": "Outer", "Relation Name": "part", "Alias": "part", "Startup Cost": 0.0, "Total Cost": 71944.0, "Plan Rows": 2001, "Plan Width": 8, "Filter": "((p_brand = 'Brand#44'::bpchar) AND (p_container = 'WRAP PKG'::bpchar))"}]}]}]}]}]}]}]}, "Unique SQL Id": 1080450481}, "explain_analyze_plan": null}, "(64, 75)": {"explain_plan": {"Plan": {"Node Type": "Aggregate", "Strategy": "Plain", "Startup Cost": 4001573244062.54, "Total Cost": 4001573244062.55, "Plan Rows": 1, "Plan Width": 16, "Plans": [{"Node Type": "Merge Join", "Parent Relationship": "Outer", "Join Type": "Inner", "Startup Cost": 40000000000.0, "Total Cost": 4001573244060.52, "Plan Rows": 806, "Plan Width": 8, "Inner Unique": true, "Merge Cond": "(public.part.p_partkey = public.lineitem.l_partkey)", "Join Filter": "(public.lineitem.l_quantity < (.2::double precision * (avg(public.lineitem.l_quantity))))", "Plans": [{"Node Type": "Merge Join", "Parent Relationship": "Outer", "Join Type": "Inner", "Startup Cost": 20000000000.0, "Total Cost": 2000786621777.7, "Plan Rows": 11032, "Plan Width": 32, "Inner Unique": true, "Merge Cond": "(public.lineitem.l_partkey = public.part.p_partkey)", "Plans": [{"Node Type": "Index Scan", "Parent Relationship": "Outer", "Scan Direction": "Forward", "Index Name": "idx_lineitem_part_supp", "Relation Name": "lineitem", "Alias": "lineitem", "Startup Cost": 10000000000.0, "Total Cost": 1000775391319.64, "Plan Rows": 59987033, "Plan Width": 24}, {"Node Type": "Materialize", "Parent Relationship": "Inner", "Startup Cost": 10000000000.0, "Total Cost": 1000011080330.0, "Plan Rows": 2001, "Plan Width": 8, "Plans": [{"Node Type": "Index Scan", "Parent Relationship": "Outer", "Scan Direction": "Forward", "Index Name": "part_kpey", "Relation Name": "part", "Alias": "part", "Startup Cost": 10000000000.0, "Total Cost": 1000011080325.0, "Plan Rows": 2001, "Plan Width": 8, "Filter": "((p_brand = 'Brand#44'::bpchar) AND (p_container = 'WRAP PKG'::bpchar))"}]}]}, {"Node Type": "Materialize", "Parent Relationship": "Inner", "Startup Cost": 20000000000.0, "Total Cost": 2000786622191.4, "Plan Rows": 11032, "Plan Width": 16, "Plans": [{"Node Type": "Aggregate", "Strategy": "Sorted", "Parent Relationship": "Outer", "Startup Cost": 20000000000.0, "Total Cost": 2000786622053.5, "Plan Rows": 11032, "Plan Width": 80, "Group By Key": ["public.lineitem.l_partkey"], "Plans": [{"Node Type": "Merge Join", "Parent Relationship": "Outer", "Join Type": "Semi", "Startup Cost": 20000000000.0, "Total Cost": 2000786621777.7, "Plan Rows": 11032, "Plan Width": 16, "Inner Unique": false, "Merge Cond": "(public.lineitem.l_partkey = public.part.p_partkey)", "Plans": [{"Node Type": "Index Scan", "Parent Relationship": "Outer", "Scan Direction": "Forward", "Index Name": "idx_lineitem_part_supp", "Relation Name": "lineitem", "Alias": "lineitem", "Startup Cost": 10000000000.0, "Total Cost": 1000775391319.64, "Plan Rows": 59987033, "Plan Width": 16}, {"Node Type": "Materialize", "Parent Relationship": "Inner", "Startup Cost": 10000000000.0, "Total Cost": 1000011080330.0, "Plan Rows": 2001, "Plan Width": 8, "Plans": [{"Node Type": "Index Scan", "Parent Relationship": "Outer", "Scan Direction": "Forward", "Index Name": "part_kpey", "Relation Name": "part", "Alias": "part", "Startup Cost": 10000000000.0, "Total Cost": 1000011080325.0, "Plan Rows": 2001, "Plan Width": 8, "Filter": "((p_brand = 'Brand#44'::bpchar) AND (p_container = 'WRAP PKG'::bpchar))"}]}]}]}]}]}]}, "Unique SQL Id": 1080450481}, "explain_analyze_plan": null}, "(64, 76)": {"explain_plan": {"Plan": {"Node Type": "Aggregate", "Strategy": "Plain", "Startup Cost": 208324.62, "Total Cost": 208324.63, "Plan Rows": 1, "Plan Width": 16, "Plans": [{"Node Type": "Nested Loop", "Parent Relationship": "Outer", "Join Type": "Inner", "Startup Cost": 128691.05, "Total Cost": 208322.6, "Plan Rows": 806, "Plan Width": 8, "Inner Unique": false, "Plans": [{"Node Type": "Nested Loop", "Parent Relationship": "Outer", "Join Type": "Inner", "Startup Cost": 128691.05, "Total Cost": 196146.55, "Plan Rows": 438, "Plan Width": 24, "Inner Unique": true, "Plans": [{"Node Type": "Aggregate", "Strategy": "Hashed", "Parent Relationship": "Outer", "Startup Cost": 128691.05, "Total Cost": 128884.11, "Plan Rows": 11032, "Plan Width": 16, "Group By Key": ["public.lineitem.l_partkey"], "Plans": [{"Node Type": "Nested Loop", "Parent Relationship": "Outer", "Join Type": "Inner", "Startup Cost": 0.0, "Total Cost": 128608.31, "Plan Rows": 11032, "Plan Width": 16, "Inner Unique": false, "Plans": [{"Node Type": "Seq Scan", "Parent Relationship": "Outer", "Relation Name": "part", "Alias": "part", "Startup Cost": 0.0, "Total Cost": 71944.0, "Plan Rows": 2001, "Plan Width": 8, "Filter": "((p_brand = 'Brand#44'::bpchar) AND (p_container = 'WRAP PKG'::bpchar))"}, {"Node Type": "Index Scan", "Parent Relationship": "Inner", "Scan Direction": "Forward", "Index Name": "idx_lineitem_part_supp", "Relation Name": "lineitem", "Alias": "lineitem", "Startup Cost": 0.0, "Total Cost": 28.26, "Plan Rows": 6, "Plan Width": 16, "Index Cond": "(l_partkey = public.part.p_partkey)"}]}]}, {"Node Type": "Index Scan", "Parent Relationship": "Inner", "Scan Direction": "Forward", "Index Name": "part_kpey", "Relation Name": "part", "Alias": "part", "Startup Cost": 0.0, "Total Cost": 6.08, "Plan Rows": 1, "Plan Width": 8, "Index Cond": "(p_partkey = public.lineitem.l_partkey)", "Filter": "((p_brand = 'Brand#44'::bpchar) AND (p_container = 'WRAP PKG'::bpchar))"}]}, {"Node Type": "Index Scan", "Parent Relationship": "Inner", "Scan Direction": "Forward", "Index Name": "idx_lineitem_part_supp", "Relation Name": "lineitem", "Alias": "lineitem", "Startup Cost": 0.0, "Total Cost": 27.78, "Plan Rows": 2, "Plan Width": 24, "Index Cond": "(l_partkey = public.lineitem.l_partkey)", "Filter": "(l_quantity < (.2::double precision * (avg(public.lineitem.l_quantity))))"}]}]}, "Unique SQL Id": 1080450481}, "explain_analyze_plan": {"Plan": {"Node Type": "Aggregate", "Strategy": "Plain", "Startup Cost": 208324.62, "Total Cost": 208324.63, "Plan Rows": 1, "Plan Width": 16, "Actual Startup Time": 1237.71, "Actual Total Time": 1237.71, "Actual Rows": 1, "Actual Loops": 1, "Plans": [{"Node Type": "Nested Loop", "Parent Relationship": "Outer", "Join Type": "Inner", "Startup Cost": 128691.05, "Total Cost": 208322.6, "Plan Rows": 806, "Plan Width": 8, "Actual Startup Time": 1029.199, "Actual Total Time": 1236.739, "Actual Rows": 5403, "Actual Loops": 1, "Inner Unique": false, "Plans": [{"Node Type": "Nested Loop", "Parent Relationship": "Outer", "Join Type": "Inner", "Startup Cost": 128691.05, "Total Cost": 196146.55, "Plan Rows": 438, "Plan Width": 24, "Actual Startup Time": 1029.156, "Actual Total Time": 1050.822, "Actual Rows": 2003, "Actual Loops": 1, "Inner Unique": true, "Plans": [{"Node Type": "Aggregate", "Strategy": "Hashed", "Parent Relationship": "Outer", "Startup Cost": 128691.05, "Total Cost": 128884.11, "Plan Rows": 11032, "Plan Width": 16, "Actual Startup Time": 1029.115, "Actual Total Time": 1030.893, "Actual Rows": 2003, "Actual Loops": 1, "Group By Key": ["public.lineitem.l_partkey"], "Plans": [{"Node Type": "Nested Loop", "Parent Relationship": "Outer", "Join Type": "Inner", "Startup Cost": 0.0, "Total Cost": 128608.31, "Plan Rows": 11032, "Plan Width": 16, "Actual Startup Time": 0.391, "Actual Total Time": 988.045, "Actual Rows": 60021, "Actual Loops": 1, "Inner Unique": false, "Plans": [{"Node Type": "Seq Scan", "Parent Relationship": "Outer", "Relation Name": "part", "Alias": "part", "Startup Cost": 0.0, "Total Cost": 71944.0, "Plan Rows": 2001, "Plan Width": 8, "Actual Startup Time": 0.368, "Actual Total Time": 794.914, "Actual Rows": 2003, "Actual Loops": 1, "Filter": "((p_brand = 'Brand#44'::bpchar) AND (p_container = 'WRAP PKG'::bpchar))", "Rows Removed by Filter": 1997997}, {"Node Type": "Index Scan", "Parent Relationship": "Inner", "Scan Direction": "Forward", "Index Name": "idx_lineitem_part_supp", "Relation Name": "lineitem", "Alias": "lineitem", "Startup Cost": 0.0, "Total Cost": 28.26, "Plan Rows": 6, "Plan Width": 16, "Actual Startup Time": 25.038, "Actual Total Time": 178.698, "Actual Rows": 60021, "Actual Loops": 2003, "Index Cond": "(l_partkey = public.part.p_partkey)", "Rows Removed by Index Recheck": 0}]}]}, {"Node Type": "Index Scan", "Parent Relationship": "Inner", "Scan Direction": "Forward", "Index Name": "part_kpey", "Relation Name": "part", "Alias": "part", "Startup Cost": 0.0, "Total Cost": 6.08, "Plan Rows": 1, "Plan Width": 8, "Actual Startup Time": 18.14, "Actual Total Time": 18.14, "Actual Rows": 2003, "Actual Loops": 2003, "Index Cond": "(p_partkey = public.lineitem.l_partkey)", "Rows Removed by Index Recheck": 0, "Filter": "((p_brand = 'Brand#44'::bpchar) AND (p_container = 'WRAP PKG'::bpchar))", "Rows Removed by Filter": 0}]}, {"Node Type": "Index Scan", "Parent Relationship": "Inner", "Scan Direction": "Forward", "Index Name": "idx_lineitem_part_supp", "Relation Name": "lineitem", "Alias": "lineitem", "Startup Cost": 0.0, "Total Cost": 27.78, "Plan Rows": 2, "Plan Width": 24, "Actual Startup Time": 74.664, "Actual Total Time": 183.579, "Actual Rows": 5403, "Actual Loops": 2003, "Index Cond": "(l_partkey = public.lineitem.l_partkey)", "Rows Removed by Index Recheck": 0, "Filter": "(l_quantity < (.2::double precision * (avg(public.lineitem.l_quantity))))", "Rows Removed by Filter": 54618}]}]}, "Triggers": [], "Planner Runtime": 1.459, "Total Runtime": 1237.93, "Unique SQL Id": 1080450481}}, "(64, 77)": {"explain_plan": {"Plan": {"Node Type": "Aggregate", "Strategy": "Plain", "Startup Cost": 247183.87, "Total Cost": 247183.88, "Plan Rows": 1, "Plan Width": 16, "Plans": [{"Node Type": "Nested Loop", "Parent Relationship": "Outer", "Join Type": "Inner", "Startup Cost": 0.0, "Total Cost": 247181.85, "Plan Rows": 806, "Plan Width": 8, "Inner Unique": false, "Plans": [{"Node Type": "Nested Loop", "Parent Relationship": "Outer", "Join Type": "Inner", "Startup Cost": 0.0, "Total Cost": 235005.8, "Plan Rows": 438, "Plan Width": 24, "Inner Unique": true, "Plans": [{"Node Type": "Aggregate", "Strategy": "Sorted", "Parent Relationship": "Outer", "Startup Cost": 0.0, "Total Cost": 167743.36, "Plan Rows": 11032, "Plan Width": 80, "Group By Key": ["public.lineitem.l_partkey"], "Plans": [{"Node Type": "Nested Loop", "Parent Relationship": "Outer", "Join Type": "Inner", "Startup Cost": 0.0, "Total Cost": 167467.56, "Plan Rows": 11032, "Plan Width": 16, "Inner Unique": false, "Plans": [{"Node Type": "Index Scan", "Parent Relationship": "Outer", "Scan Direction": "Forward", "Index Name": "part_kpey", "Relation Name": "part", "Alias": "part", "Startup Cost": 0.0, "Total Cost": 110803.25, "Plan Rows": 2001, "Plan Width": 8, "Filter": "((p_brand = 'Brand#44'::bpchar) AND (p_container = 'WRAP PKG'::bpchar))"}, {"Node Type": "Index Scan", "Parent Relationship": "Inner", "Scan Direction": "Forward", "Index Name": "idx_lineitem_part_supp", "Relation Name": "lineitem", "Alias": "lineitem", "Startup Cost": 0.0, "Total Cost": 28.26, "Plan Rows": 6, "Plan Width": 16, "Index Cond": "(l_partkey = public.part.p_partkey)"}]}]}, {"Node Type": "Index Scan", "Parent Relationship": "Inner", "Scan Direction": "Forward", "Index Name": "part_kpey", "Relation Name": "part", "Alias": "part", "Startup Cost": 0.0, "Total Cost": 6.08, "Plan Rows": 1, "Plan Width": 8, "Index Cond": "(p_partkey = public.lineitem.l_partkey)", "Filter": "((p_brand = 'Brand#44'::bpchar) AND (p_container = 'WRAP PKG'::bpchar))"}]}, {"Node Type": "Index Scan", "Parent Relationship": "Inner", "Scan Direction": "Forward", "Index Name": "idx_lineitem_part_supp", "Relation Name": "lineitem", "Alias": "lineitem", "Startup Cost": 0.0, "Total Cost": 27.78, "Plan Rows": 2, "Plan Width": 24, "Index Cond": "(l_partkey = public.lineitem.l_partkey)", "Filter": "(l_quantity < (.2::double precision * (avg(public.lineitem.l_quantity))))"}]}]}, "Unique SQL Id": 1080450481}, "explain_analyze_plan": {"Plan": {"Node Type": "Aggregate", "Strategy": "Plain", "Startup Cost": 247183.87, "Total Cost": 247183.88, "Plan Rows": 1, "Plan Width": 16, "Actual Startup Time": 1786.581, "Actual Total Time": 1786.581, "Actual Rows": 1, "Actual Loops": 1, "Plans": [{"Node Type": "Nested Loop", "Parent Relationship": "Outer", "Join Type": "Inner", "Startup Cost": 0.0, "Total Cost": 247181.85, "Plan Rows": 806, "Plan Width": 8, "Actual Startup Time": 2.095, "Actual Total Time": 1785.363, "Actual Rows": 5403, "Actual Loops": 1, "Inner Unique": false, "Plans": [{"Node Type": "Nested Loop", "Parent Relationship": "Outer", "Join Type": "Inner", "Startup Cost": 0.0, "Total Cost": 235005.8, "Plan Rows": 438, "Plan Width": 24, "Actual Startup Time": 2.05, "Actual Total Time": 1705.146, "Actual Rows": 2003, "Actual Loops": 1, "Inner Unique": true, "Plans": [{"Node Type": "Aggregate", "Strategy": "Sorted", "Parent Relationship": "Outer", "Startup Cost": 0.0, "Total Cost": 167743.36, "Plan Rows": 11032, "Plan Width": 80, "Actual Startup Time": 2.039, "Actual Total Time": 1693.01, "Actual Rows": 2003, "Actual Loops": 1, "Group By Key": ["public.lineitem.l_partkey"], "Plans": [{"Node Type": "Nested Loop", "Parent Relationship": "Outer", "Join Type": "Inner", "Startup Cost": 0.0, "Total Cost": 167467.56, "Plan Rows": 11032, "Plan Width": 16, "Actual Startup Time": 0.668, "Actual Total Time": 1660.016, "Actual Rows": 60021, "Actual Loops": 1, "Inner Unique": false, "Plans": [{"Node Type": "Index Scan", "Parent Relationship": "Outer", "Scan Direction": "Forward", "Index Name": "part_kpey", "Relation Name": "part", "Alias": "part", "Startup Cost": 0.0, "Total Cost": 110803.25, "Plan Rows": 2001, "Plan Width": 8, "Actual Startup Time": 0.649, "Actual Total Time": 1460.778, "Actual Rows": 2003, "Actual Loops": 1, "Filter": "((p_brand = 'Brand#44'::bpchar) AND (p_container = 'WRAP PKG'::bpchar))", "Rows Removed by Filter": 1997997}, {"Node Type": "Index Scan", "Parent Relationship": "Inner", "Scan Direction": "Forward", "Index Name": "idx_lineitem_part_supp", "Relation Name": "lineitem", "Alias": "lineitem", "Startup Cost": 0.0, "Total Cost": 28.26, "Plan Rows": 6, "Plan Width": 16, "Actual Startup Time": 23.917, "Actual Total Time": 183.588, "Actual Rows": 60021, "Actual Loops": 2003, "Index Cond": "(l_partkey = public.part.p_partkey)", "Rows Removed by Index Recheck": 0}]}]}, {"Node Type": "Index Scan", "Parent Relationship": "Inner", "Scan Direction": "Forward", "Index Name": "part_kpey", "Relation Name": "part", "Alias": "part", "Startup Cost": 0.0, "Total Cost": 6.08, "Plan Rows": 1, "Plan Width": 8, "Actual Startup Time": 9.552, "Actual Total Time": 9.552, "Actual Rows": 2003, "Actual Loops": 2003, "Index Cond": "(p_partkey = public.lineitem.l_partkey)", "Rows Removed by Index Recheck": 0, "Filter": "((p_brand = 'Brand#44'::bpchar) AND (p_container = 'WRAP PKG'::bpchar))", "Rows Removed by Filter": 0}]}, {"Node Type": "Index Scan", "Parent Relationship": "Inner", "Scan Direction": "Forward", "Index Name": "idx_lineitem_part_supp", "Relation Name": "lineitem", "Alias": "lineitem", "Startup Cost": 0.0, "Total Cost": 27.78, "Plan Rows": 2, "Plan Width": 24, "Actual Startup Time": 33.922, "Actual Total Time": 77.009, "Actual Rows": 5403, "Actual Loops": 2003, "Index Cond": "(l_partkey = public.lineitem.l_partkey)", "Rows Removed by Index Recheck": 0, "Filter": "(l_quantity < (.2::double precision * (avg(public.lineitem.l_quantity))))", "Rows Removed by Filter": 54618}]}]}, "Triggers": [], "Planner Runtime": 1.403, "Total Runtime": 1786.803, "Unique SQL Id": 1080450481}}, "(64, 78)": {"explain_plan": {"Plan": {"Node Type": "Aggregate", "Strategy": "Plain", "Startup Cost": 4549973.98, "Total Cost": 4549974.0, "Plan Rows": 1, "Plan Width": 16, "Plans": [{"Node Type": "Hash Join", "Parent Relationship": "Outer", "Join Type": "Inner", "Startup Cost": 2309655.28, "Total Cost": 4549971.97, "Plan Rows": 806, "Plan Width": 8, "Inner Unique": true, "Hash Cond": "(public.part.p_partkey = subquery.\"?column?\")", "Join Filter": "(public.lineitem.l_quantity < (.2::double precision * subquery.\"?column?\"))", "Plans": [{"Node Type": "Hash Join", "Parent Relationship": "Outer", "Join Type": "Inner", "Startup Cost": 71969.01, "Total Cost": 2312146.04, "Plan Rows": 11032, "Plan Width": 32, "Inner Unique": true, "Hash Cond": "(public.lineitem.l_partkey = public.part.p_partkey)", "Plans": [{"Node Type": "Seq Scan", "Parent Relationship": "Outer", "Relation Name": "lineitem", "Alias": "lineitem", "Startup Cost": 0.0, "Total Cost": 2015115.33, "Plan Rows": 59987033, "Plan Width": 24}, {"Node Type": "Hash", "Parent Relationship": "Inner", "Startup Cost": 71944.0, "Total Cost": 71944.0, "Plan Rows": 2001, "Plan Width": 8, "Plans": [{"Node Type": "Seq Scan", "Parent Relationship": "Outer", "Relation Name": "part", "Alias": "part", "Startup Cost": 0.0, "Total Cost": 71944.0, "Plan Rows": 2001, "Plan Width": 8, "Filter": "((p_brand = 'Brand#44'::bpchar) AND (p_container = 'WRAP PKG'::bpchar))"}]}]}, {"Node Type": "Hash", "Parent Relationship": "Inner", "Startup Cost": 2237548.37, "Total Cost": 2237548.37, "Plan Rows": 11032, "Plan Width": 16, "Plans": [{"Node Type": "Subquery Scan", "Parent Relationship": "Outer", "Alias": "subquery", "Startup Cost": 2237244.99, "Total Cost": 2237548.37, "Plan Rows": 11032, "Plan Width": 16, "Plans": [{"Node Type": "Aggregate", "Strategy": "Hashed", "Parent Relationship": "Subquery", "Startup Cost": 2237244.99, "Total Cost": 2237438.05, "Plan Rows": 11032, "Plan Width": 16, "Group By Key": ["public.lineitem.l_partkey"], "Plans": [{"Node Type": "Hash Join", "Parent Relationship": "Outer", "Join Type": "Inner", "Startup Cost": 71969.01, "Total Cost": 2237162.25, "Plan Rows": 11032, "Plan Width": 16, "Inner Unique": true, "Hash Cond": "(public.lineitem.l_partkey = public.part.p_partkey)", "Plans": [{"Node Type": "Seq Scan", "Parent Relationship": "Outer", "Relation Name": "lineitem", "Alias": "lineitem", "Startup Cost": 0.0, "Total Cost": 2015115.33, "Plan Rows": 59987033, "Plan Width": 16}, {"Node Type": "Hash", "Parent Relationship": "Inner", "Startup Cost": 71944.0, "Total Cost": 71944.0, "Plan Rows": 2001, "Plan Width": 8, "Plans": [{"Node Type": "Seq Scan", "Parent Relationship": "Outer", "Relation Name": "part", "Alias": "part", "Startup Cost": 0.0, "Total Cost": 71944.0, "Plan Rows": 2001, "Plan Width": 8, "Filter": "((p_brand = 'Brand#44'::bpchar) AND (p_container = 'WRAP PKG'::bpchar))"}]}]}]}]}]}]}]}, "Unique SQL Id": 1080450481}, "explain_analyze_plan": null}, "(64, 79)": {"explain_plan": {"Plan": {"Node Type": "Aggregate", "Strategy": "Plain", "Startup Cost": 4001573244062.54, "Total Cost": 4001573244062.55, "Plan Rows": 1, "Plan Width": 16, "Plans": [{"Node Type": "Merge Join", "Parent Relationship": "Outer", "Join Type": "Inner", "Startup Cost": 40000000000.0, "Total Cost": 4001573244060.52, "Plan Rows": 806, "Plan Width": 8, "Inner Unique": true, "Merge Cond": "(public.part.p_partkey = public.lineitem.l_partkey)", "Join Filter": "(public.lineitem.l_quantity < (.2::double precision * (avg(public.lineitem.l_quantity))))", "Plans": [{"Node Type": "Merge Join", "Parent Relationship": "Outer", "Join Type": "Inner", "Startup Cost": 20000000000.0, "Total Cost": 2000786621777.7, "Plan Rows": 11032, "Plan Width": 32, "Inner Unique": true, "Merge Cond": "(public.lineitem.l_partkey = public.part.p_partkey)", "Plans": [{"Node Type": "Index Scan", "Parent Relationship": "Outer", "Scan Direction": "Forward", "Index Name": "idx_lineitem_part_supp", "Relation Name": "lineitem", "Alias": "lineitem", "Startup Cost": 10000000000.0, "Total Cost": 1000775391319.64, "Plan Rows": 59987033, "Plan Width": 24}, {"Node Type": "Materialize", "Parent Relationship": "Inner", "Startup Cost": 10000000000.0, "Total Cost": 1000011080330.0, "Plan Rows": 2001, "Plan Width": 8, "Plans": [{"Node Type": "Index Scan", "Parent Relationship": "Outer", "Scan Direction": "Forward", "Index Name": "part_kpey", "Relation Name": "part", "Alias": "part", "Startup Cost": 10000000000.0, "Total Cost": 1000011080325.0, "Plan Rows": 2001, "Plan Width": 8, "Filter": "((p_brand = 'Brand#44'::bpchar) AND (p_container = 'WRAP PKG'::bpchar))"}]}]}, {"Node Type": "Materialize", "Parent Relationship": "Inner", "Startup Cost": 20000000000.0, "Total Cost": 2000786622191.4, "Plan Rows": 11032, "Plan Width": 16, "Plans": [{"Node Type": "Aggregate", "Strategy": "Sorted", "Parent Relationship": "Outer", "Startup Cost": 20000000000.0, "Total Cost": 2000786622053.5, "Plan Rows": 11032, "Plan Width": 80, "Group By Key": ["public.lineitem.l_partkey"], "Plans": [{"Node Type": "Merge Join", "Parent Relationship": "Outer", "Join Type": "Semi", "Startup Cost": 20000000000.0, "Total Cost": 2000786621777.7, "Plan Rows": 11032, "Plan Width": 16, "Inner Unique": false, "Merge Cond": "(public.lineitem.l_partkey = public.part.p_partkey)", "Plans": [{"Node Type": "Index Scan", "Parent Relationship": "Outer", "Scan Direction": "Forward", "Index Name": "idx_lineitem_part_supp", "Relation Name": "lineitem", "Alias": "lineitem", "Startup Cost": 10000000000.0, "Total Cost": 1000775391319.64, "Plan Rows": 59987033, "Plan Width": 16}, {"Node Type": "Materialize", "Parent Relationship": "Inner", "Startup Cost": 10000000000.0, "Total Cost": 1000011080330.0, "Plan Rows": 2001, "Plan Width": 8, "Plans": [{"Node Type": "Index Scan", "Parent Relationship": "Outer", "Scan Direction": "Forward", "Index Name": "part_kpey", "Relation Name": "part", "Alias": "part", "Startup Cost": 10000000000.0, "Total Cost": 1000011080325.0, "Plan Rows": 2001, "Plan Width": 8, "Filter": "((p_brand = 'Brand#44'::bpchar) AND (p_container = 'WRAP PKG'::bpchar))"}]}]}]}]}]}]}, "Unique SQL Id": 1080450481}, "explain_analyze_plan": null}, "(64, 80)": {"explain_plan": {"Plan": {"Node Type": "Aggregate", "Strategy": "Plain", "Startup Cost": 208324.62, "Total Cost": 208324.63, "Plan Rows": 1, "Plan Width": 16, "Plans": [{"Node Type": "Nested Loop", "Parent Relationship": "Outer", "Join Type": "Inner", "Startup Cost": 128691.05, "Total Cost": 208322.6, "Plan Rows": 806, "Plan Width": 8, "Inner Unique": false, "Plans": [{"Node Type": "Nested Loop", "Parent Relationship": "Outer", "Join Type": "Inner", "Startup Cost": 128691.05, "Total Cost": 196146.55, "Plan Rows": 438, "Plan Width": 24, "Inner Unique": true, "Plans": [{"Node Type": "Aggregate", "Strategy": "Hashed", "Parent Relationship": "Outer", "Startup Cost": 128691.05, "Total Cost": 128884.11, "Plan Rows": 11032, "Plan Width": 16, "Group By Key": ["public.lineitem.l_partkey"], "Plans": [{"Node Type": "Nested Loop", "Parent Relationship": "Outer", "Join Type": "Inner", "Startup Cost": 0.0, "Total Cost": 128608.31, "Plan Rows": 11032, "Plan Width": 16, "Inner Unique": false, "Plans": [{"Node Type": "Seq Scan", "Parent Relationship": "Outer", "Relation Name": "part", "Alias": "part", "Startup Cost": 0.0, "Total Cost": 71944.0, "Plan Rows": 2001, "Plan Width": 8, "Filter": "((p_brand = 'Brand#44'::bpchar) AND (p_container = 'WRAP PKG'::bpchar))"}, {"Node Type": "Index Scan", "Parent Relationship": "Inner", "Scan Direction": "Forward", "Index Name": "idx_lineitem_part_supp", "Relation Name": "lineitem", "Alias": "lineitem", "Startup Cost": 0.0, "Total Cost": 28.26, "Plan Rows": 6, "Plan Width": 16, "Index Cond": "(l_partkey = public.part.p_partkey)"}]}]}, {"Node Type": "Index Scan", "Parent Relationship": "Inner", "Scan Direction": "Forward", "Index Name": "part_kpey", "Relation Name": "part", "Alias": "part", "Startup Cost": 0.0, "Total Cost": 6.08, "Plan Rows": 1, "Plan Width": 8, "Index Cond": "(p_partkey = public.lineitem.l_partkey)", "Filter": "((p_brand = 'Brand#44'::bpchar) AND (p_container = 'WRAP PKG'::bpchar))"}]}, {"Node Type": "Index Scan", "Parent Relationship": "Inner", "Scan Direction": "Forward", "Index Name": "idx_lineitem_part_supp", "Relation Name": "lineitem", "Alias": "lineitem", "Startup Cost": 0.0, "Total Cost": 27.78, "Plan Rows": 2, "Plan Width": 24, "Index Cond": "(l_partkey = public.lineitem.l_partkey)", "Filter": "(l_quantity < (.2::double precision * (avg(public.lineitem.l_quantity))))"}]}]}, "Unique SQL Id": 1080450481}, "explain_analyze_plan": {"Plan": {"Node Type": "Aggregate", "Strategy": "Plain", "Startup Cost": 208324.62, "Total Cost": 208324.63, "Plan Rows": 1, "Plan Width": 16, "Actual Startup Time": 1237.71, "Actual Total Time": 1237.71, "Actual Rows": 1, "Actual Loops": 1, "Plans": [{"Node Type": "Nested Loop", "Parent Relationship": "Outer", "Join Type": "Inner", "Startup Cost": 128691.05, "Total Cost": 208322.6, "Plan Rows": 806, "Plan Width": 8, "Actual Startup Time": 1029.199, "Actual Total Time": 1236.739, "Actual Rows": 5403, "Actual Loops": 1, "Inner Unique": false, "Plans": [{"Node Type": "Nested Loop", "Parent Relationship": "Outer", "Join Type": "Inner", "Startup Cost": 128691.05, "Total Cost": 196146.55, "Plan Rows": 438, "Plan Width": 24, "Actual Startup Time": 1029.156, "Actual Total Time": 1050.822, "Actual Rows": 2003, "Actual Loops": 1, "Inner Unique": true, "Plans": [{"Node Type": "Aggregate", "Strategy": "Hashed", "Parent Relationship": "Outer", "Startup Cost": 128691.05, "Total Cost": 128884.11, "Plan Rows": 11032, "Plan Width": 16, "Actual Startup Time": 1029.115, "Actual Total Time": 1030.893, "Actual Rows": 2003, "Actual Loops": 1, "Group By Key": ["public.lineitem.l_partkey"], "Plans": [{"Node Type": "Nested Loop", "Parent Relationship": "Outer", "Join Type": "Inner", "Startup Cost": 0.0, "Total Cost": 128608.31, "Plan Rows": 11032, "Plan Width": 16, "Actual Startup Time": 0.391, "Actual Total Time": 988.045, "Actual Rows": 60021, "Actual Loops": 1, "Inner Unique": false, "Plans": [{"Node Type": "Seq Scan", "Parent Relationship": "Outer", "Relation Name": "part", "Alias": "part", "Startup Cost": 0.0, "Total Cost": 71944.0, "Plan Rows": 2001, "Plan Width": 8, "Actual Startup Time": 0.368, "Actual Total Time": 794.914, "Actual Rows": 2003, "Actual Loops": 1, "Filter": "((p_brand = 'Brand#44'::bpchar) AND (p_container = 'WRAP PKG'::bpchar))", "Rows Removed by Filter": 1997997}, {"Node Type": "Index Scan", "Parent Relationship": "Inner", "Scan Direction": "Forward", "Index Name": "idx_lineitem_part_supp", "Relation Name": "lineitem", "Alias": "lineitem", "Startup Cost": 0.0, "Total Cost": 28.26, "Plan Rows": 6, "Plan Width": 16, "Actual Startup Time": 25.038, "Actual Total Time": 178.698, "Actual Rows": 60021, "Actual Loops": 2003, "Index Cond": "(l_partkey = public.part.p_partkey)", "Rows Removed by Index Recheck": 0}]}]}, {"Node Type": "Index Scan", "Parent Relationship": "Inner", "Scan Direction": "Forward", "Index Name": "part_kpey", "Relation Name": "part", "Alias": "part", "Startup Cost": 0.0, "Total Cost": 6.08, "Plan Rows": 1, "Plan Width": 8, "Actual Startup Time": 18.14, "Actual Total Time": 18.14, "Actual Rows": 2003, "Actual Loops": 2003, "Index Cond": "(p_partkey = public.lineitem.l_partkey)", "Rows Removed by Index Recheck": 0, "Filter": "((p_brand = 'Brand#44'::bpchar) AND (p_container = 'WRAP PKG'::bpchar))", "Rows Removed by Filter": 0}]}, {"Node Type": "Index Scan", "Parent Relationship": "Inner", "Scan Direction": "Forward", "Index Name": "idx_lineitem_part_supp", "Relation Name": "lineitem", "Alias": "lineitem", "Startup Cost": 0.0, "Total Cost": 27.78, "Plan Rows": 2, "Plan Width": 24, "Actual Startup Time": 74.664, "Actual Total Time": 183.579, "Actual Rows": 5403, "Actual Loops": 2003, "Index Cond": "(l_partkey = public.lineitem.l_partkey)", "Rows Removed by Index Recheck": 0, "Filter": "(l_quantity < (.2::double precision * (avg(public.lineitem.l_quantity))))", "Rows Removed by Filter": 54618}]}]}, "Triggers": [], "Planner Runtime": 1.459, "Total Runtime": 1237.93, "Unique SQL Id": 1080450481}}, "(64, 81)": {"explain_plan": {"Plan": {"Node Type": "Aggregate", "Strategy": "Plain", "Startup Cost": 247183.87, "Total Cost": 247183.88, "Plan Rows": 1, "Plan Width": 16, "Plans": [{"Node Type": "Nested Loop", "Parent Relationship": "Outer", "Join Type": "Inner", "Startup Cost": 0.0, "Total Cost": 247181.85, "Plan Rows": 806, "Plan Width": 8, "Inner Unique": false, "Plans": [{"Node Type": "Nested Loop", "Parent Relationship": "Outer", "Join Type": "Inner", "Startup Cost": 0.0, "Total Cost": 235005.8, "Plan Rows": 438, "Plan Width": 24, "Inner Unique": true, "Plans": [{"Node Type": "Aggregate", "Strategy": "Sorted", "Parent Relationship": "Outer", "Startup Cost": 0.0, "Total Cost": 167743.36, "Plan Rows": 11032, "Plan Width": 80, "Group By Key": ["public.lineitem.l_partkey"], "Plans": [{"Node Type": "Nested Loop", "Parent Relationship": "Outer", "Join Type": "Inner", "Startup Cost": 0.0, "Total Cost": 167467.56, "Plan Rows": 11032, "Plan Width": 16, "Inner Unique": false, "Plans": [{"Node Type": "Index Scan", "Parent Relationship": "Outer", "Scan Direction": "Forward", "Index Name": "part_kpey", "Relation Name": "part", "Alias": "part", "Startup Cost": 0.0, "Total Cost": 110803.25, "Plan Rows": 2001, "Plan Width": 8, "Filter": "((p_brand = 'Brand#44'::bpchar) AND (p_container = 'WRAP PKG'::bpchar))"}, {"Node Type": "Index Scan", "Parent Relationship": "Inner", "Scan Direction": "Forward", "Index Name": "idx_lineitem_part_supp", "Relation Name": "lineitem", "Alias": "lineitem", "Startup Cost": 0.0, "Total Cost": 28.26, "Plan Rows": 6, "Plan Width": 16, "Index Cond": "(l_partkey = public.part.p_partkey)"}]}]}, {"Node Type": "Index Scan", "Parent Relationship": "Inner", "Scan Direction": "Forward", "Index Name": "part_kpey", "Relation Name": "part", "Alias": "part", "Startup Cost": 0.0, "Total Cost": 6.08, "Plan Rows": 1, "Plan Width": 8, "Index Cond": "(p_partkey = public.lineitem.l_partkey)", "Filter": "((p_brand = 'Brand#44'::bpchar) AND (p_container = 'WRAP PKG'::bpchar))"}]}, {"Node Type": "Index Scan", "Parent Relationship": "Inner", "Scan Direction": "Forward", "Index Name": "idx_lineitem_part_supp", "Relation Name": "lineitem", "Alias": "lineitem", "Startup Cost": 0.0, "Total Cost": 27.78, "Plan Rows": 2, "Plan Width": 24, "Index Cond": "(l_partkey = public.lineitem.l_partkey)", "Filter": "(l_quantity < (.2::double precision * (avg(public.lineitem.l_quantity))))"}]}]}, "Unique SQL Id": 1080450481}, "explain_analyze_plan": {"Plan": {"Node Type": "Aggregate", "Strategy": "Plain", "Startup Cost": 247183.87, "Total Cost": 247183.88, "Plan Rows": 1, "Plan Width": 16, "Actual Startup Time": 1786.581, "Actual Total Time": 1786.581, "Actual Rows": 1, "Actual Loops": 1, "Plans": [{"Node Type": "Nested Loop", "Parent Relationship": "Outer", "Join Type": "Inner", "Startup Cost": 0.0, "Total Cost": 247181.85, "Plan Rows": 806, "Plan Width": 8, "Actual Startup Time": 2.095, "Actual Total Time": 1785.363, "Actual Rows": 5403, "Actual Loops": 1, "Inner Unique": false, "Plans": [{"Node Type": "Nested Loop", "Parent Relationship": "Outer", "Join Type": "Inner", "Startup Cost": 0.0, "Total Cost": 235005.8, "Plan Rows": 438, "Plan Width": 24, "Actual Startup Time": 2.05, "Actual Total Time": 1705.146, "Actual Rows": 2003, "Actual Loops": 1, "Inner Unique": true, "Plans": [{"Node Type": "Aggregate", "Strategy": "Sorted", "Parent Relationship": "Outer", "Startup Cost": 0.0, "Total Cost": 167743.36, "Plan Rows": 11032, "Plan Width": 80, "Actual Startup Time": 2.039, "Actual Total Time": 1693.01, "Actual Rows": 2003, "Actual Loops": 1, "Group By Key": ["public.lineitem.l_partkey"], "Plans": [{"Node Type": "Nested Loop", "Parent Relationship": "Outer", "Join Type": "Inner", "Startup Cost": 0.0, "Total Cost": 167467.56, "Plan Rows": 11032, "Plan Width": 16, "Actual Startup Time": 0.668, "Actual Total Time": 1660.016, "Actual Rows": 60021, "Actual Loops": 1, "Inner Unique": false, "Plans": [{"Node Type": "Index Scan", "Parent Relationship": "Outer", "Scan Direction": "Forward", "Index Name": "part_kpey", "Relation Name": "part", "Alias": "part", "Startup Cost": 0.0, "Total Cost": 110803.25, "Plan Rows": 2001, "Plan Width": 8, "Actual Startup Time": 0.649, "Actual Total Time": 1460.778, "Actual Rows": 2003, "Actual Loops": 1, "Filter": "((p_brand = 'Brand#44'::bpchar) AND (p_container = 'WRAP PKG'::bpchar))", "Rows Removed by Filter": 1997997}, {"Node Type": "Index Scan", "Parent Relationship": "Inner", "Scan Direction": "Forward", "Index Name": "idx_lineitem_part_supp", "Relation Name": "lineitem", "Alias": "lineitem", "Startup Cost": 0.0, "Total Cost": 28.26, "Plan Rows": 6, "Plan Width": 16, "Actual Startup Time": 23.917, "Actual Total Time": 183.588, "Actual Rows": 60021, "Actual Loops": 2003, "Index Cond": "(l_partkey = public.part.p_partkey)", "Rows Removed by Index Recheck": 0}]}]}, {"Node Type": "Index Scan", "Parent Relationship": "Inner", "Scan Direction": "Forward", "Index Name": "part_kpey", "Relation Name": "part", "Alias": "part", "Startup Cost": 0.0, "Total Cost": 6.08, "Plan Rows": 1, "Plan Width": 8, "Actual Startup Time": 9.552, "Actual Total Time": 9.552, "Actual Rows": 2003, "Actual Loops": 2003, "Index Cond": "(p_partkey = public.lineitem.l_partkey)", "Rows Removed by Index Recheck": 0, "Filter": "((p_brand = 'Brand#44'::bpchar) AND (p_container = 'WRAP PKG'::bpchar))", "Rows Removed by Filter": 0}]}, {"Node Type": "Index Scan", "Parent Relationship": "Inner", "Scan Direction": "Forward", "Index Name": "idx_lineitem_part_supp", "Relation Name": "lineitem", "Alias": "lineitem", "Startup Cost": 0.0, "Total Cost": 27.78, "Plan Rows": 2, "Plan Width": 24, "Actual Startup Time": 33.922, "Actual Total Time": 77.009, "Actual Rows": 5403, "Actual Loops": 2003, "Index Cond": "(l_partkey = public.lineitem.l_partkey)", "Rows Removed by Index Recheck": 0, "Filter": "(l_quantity < (.2::double precision * (avg(public.lineitem.l_quantity))))", "Rows Removed by Filter": 54618}]}]}, "Triggers": [], "Planner Runtime": 1.403, "Total Runtime": 1786.803, "Unique SQL Id": 1080450481}}, "(64, 82)": {"explain_plan": {"Plan": {"Node Type": "Aggregate", "Strategy": "Plain", "Startup Cost": 213808.47, "Total Cost": 213808.48, "Plan Rows": 1, "Plan Width": 16, "Plans": [{"Node Type": "Nested Loop", "Parent Relationship": "Outer", "Join Type": "Inner", "Startup Cost": 128826.76, "Total Cost": 213806.45, "Plan Rows": 806, "Plan Width": 8, "Inner Unique": false, "Plans": [{"Node Type": "Nested Loop", "Parent Relationship": "Outer", "Join Type": "Inner", "Startup Cost": 128822.53, "Total Cost": 201406.27, "Plan Rows": 438, "Plan Width": 24, "Inner Unique": true, "Plans": [{"Node Type": "Aggregate", "Strategy": "Hashed", "Parent Relationship": "Outer", "Startup Cost": 128820.01, "Total Cost": 129013.07, "Plan Rows": 11032, "Plan Width": 16, "Group By Key": ["public.lineitem.l_partkey"], "Plans": [{"Node Type": "Nested Loop", "Parent Relationship": "Outer", "Join Type": "Inner", "Startup Cost": 4.28, "Total Cost": 128737.27, "Plan Rows": 11032, "Plan Width": 16, "Inner Unique": false, "Plans": [{"Node Type": "Seq Scan", "Parent Relationship": "Outer", "Relation Name": "part", "Alias": "part", "Startup Cost": 0.0, "Total Cost": 71944.0, "Plan Rows": 2001, "Plan Width": 8, "Filter": "((p_brand = 'Brand#44'::bpchar) AND (p_container = 'WRAP PKG'::bpchar))"}, {"Node Type": "Bitmap Heap Scan", "Parent Relationship": "Inner", "Relation Name": "lineitem", "Alias": "lineitem", "Startup Cost": 4.28, "Total Cost": 28.32, "Plan Rows": 6, "Plan Width": 16, "Recheck Cond": "(l_partkey = public.part.p_partkey)", "Plans": [{"Node Type": "Bitmap Index Scan", "Parent Relationship": "Outer", "Index Name": "idx_lineitem_part_supp", "Startup Cost": 0.0, "Total Cost": 4.28, "Plan Rows": 6, "Plan Width": 0, "Index Cond": "(l_partkey = public.part.p_partkey)"}]}]}]}, {"Node Type": "Bitmap Heap Scan", "Parent Relationship": "Inner", "Relation Name": "part", "Alias": "part", "Startup Cost": 2.52, "Total Cost": 6.54, "Plan Rows": 1, "Plan Width": 8, "Recheck Cond": "(p_partkey = public.lineitem.l_partkey)", "Filter": "((p_brand = 'Brand#44'::bpchar) AND (p_container = 'WRAP PKG'::bpchar))", "Plans": [{"Node Type": "Bitmap Index Scan", "Parent Relationship": "Outer", "Index Name": "part_kpey", "Startup Cost": 0.0, "Total Cost": 2.52, "Plan Rows": 1, "Plan Width": 0, "Index Cond": "(p_partkey = public.lineitem.l_partkey)"}]}]}, {"Node Type": "Bitmap Heap Scan", "Parent Relationship": "Inner", "Relation Name": "lineitem", "Alias": "lineitem", "Startup Cost": 4.22, "Total Cost": 28.29, "Plan Rows": 2, "Plan Width": 24, "Recheck Cond": "(l_partkey = public.lineitem.l_partkey)", "Filter": "(l_quantity < (.2::double precision * (avg(public.lineitem.l_quantity))))", "Plans": [{"Node Type": "Bitmap Index Scan", "Parent Relationship": "Outer", "Index Name": "idx_lineitem_part_supp", "Startup Cost": 0.0, "Total Cost": 4.22, "Plan Rows": 6, "Plan Width": 0, "Index Cond": "(l_partkey = public.lineitem.l_partkey)"}]}]}]}, "Unique SQL Id": 1080450481}, "explain_analyze_plan": {"Plan": {"Node Type": "Aggregate", "Strategy": "Plain", "Startup Cost": 213808.47, "Total Cost": 213808.48, "Plan Rows": 1, "Plan Width": 16, "Actual Startup Time": 1279.19, "Actual Total Time": 1279.19, "Actual Rows": 1, "Actual Loops": 1, "Plans": [{"Node Type": "Nested Loop", "Parent Relationship": "Outer", "Join Type": "Inner", "Startup Cost": 128826.76, "Total Cost": 213806.45, "Plan Rows": 806, "Plan Width": 8, "Actual Startup Time": 1037.423, "Actual Total Time": 1278.124, "Actual Rows": 5403, "Actual Loops": 1, "Inner Unique": false, "Plans": [{"Node Type": "Nested Loop", "Parent Relationship": "Outer", "Join Type": "Inner", "Startup Cost": 128822.53, "Total Cost": 201406.27, "Plan Rows": 438, "Plan Width": 24, "Actual Startup Time": 1037.36, "Actual Total Time": 1063.781, "Actual Rows": 2003, "Actual Loops": 1, "Inner Unique": true, "Plans": [{"Node Type": "Aggregate", "Strategy": "Hashed", "Parent Relationship": "Outer", "Startup Cost": 128820.01, "Total Cost": 129013.07, "Plan Rows": 11032, "Plan Width": 16, "Actual Startup Time": 1037.311, "Actual Total Time": 1039.347, "Actual Rows": 2003, "Actual Loops": 1, "Group By Key": ["public.lineitem.l_partkey"], "Plans": [{"Node Type": "Nested Loop", "Parent Relationship": "Outer", "Join Type": "Inner", "Startup Cost": 4.28, "Total Cost": 128737.27, "Plan Rows": 11032, "Plan Width": 16, "Actual Startup Time": 0.394, "Actual Total Time": 996.431, "Actual Rows": 60021, "Actual Loops": 1, "Inner Unique": false, "Plans": [{"Node Type": "Seq Scan", "Parent Relationship": "Outer", "Relation Name": "part", "Alias": "part", "Startup Cost": 0.0, "Total Cost": 71944.0, "Plan Rows": 2001, "Plan Width": 8, "Actual Startup Time": 0.348, "Actual Total Time": 778.551, "Actual Rows": 2003, "Actual Loops": 1, "Filter": "((p_brand = 'Brand#44'::bpchar) AND (p_container = 'WRAP PKG'::bpchar))", "Rows Removed by Filter": 1997997}, {"Node Type": "Bitmap Heap Scan", "Parent Relationship": "Inner", "Relation Name": "lineitem", "Alias": "lineitem", "Startup Cost": 4.28, "Total Cost": 28.32, "Plan Rows": 6, "Plan Width": 16, "Actual Startup Time": 41.59, "Actual Total Time": 200.412, "Actual Rows": 60021, "Actual Loops": 2003, "Recheck Cond": "(l_partkey = public.part.p_partkey)", "Rows Removed by Index Recheck": 0, "Exact Heap Blocks": 60018, "Lossy Heap Blocks": 60018, "Plans": [{"Node Type": "Bitmap Index Scan", "Parent Relationship": "Outer", "Index Name": "idx_lineitem_part_supp", "Startup Cost": 0.0, "Total Cost": 4.28, "Plan Rows": 6, "Plan Width": 0, "Actual Startup Time": 27.347, "Actual Total Time": 27.347, "Actual Rows": 60021, "Actual Loops": 2003, "Index Cond": "(l_partkey = public.part.p_partkey)"}]}]}]}, {"Node Type": "Bitmap Heap Scan", "Parent Relationship": "Inner", "Relation Name": "part", "Alias": "part", "Startup Cost": 2.52, "Total Cost": 6.54, "Plan Rows": 1, "Plan Width": 8, "Actual Startup Time": 21.221, "Actual Total Time": 21.221, "Actual Rows": 2003, "Actual Loops": 2003, "Recheck Cond": "(p_partkey = public.lineitem.l_partkey)", "Rows Removed by Index Recheck": 0, "Filter": "((p_brand = 'Brand#44'::bpchar) AND (p_container = 'WRAP PKG'::bpchar))", "Rows Removed by Filter": 0, "Exact Heap Blocks": 2003, "Lossy Heap Blocks": 2003, "Plans": [{"Node Type": "Bitmap Index Scan", "Parent Relationship": "Outer", "Index Name": "part_kpey", "Startup Cost": 0.0, "Total Cost": 2.52, "Plan Rows": 1, "Plan Width": 0, "Actual Startup Time": 12.591, "Actual Total Time": 12.591, "Actual Rows": 2003, "Actual Loops": 2003, "Index Cond": "(p_partkey = public.lineitem.l_partkey)"}]}]}, {"Node Type": "Bitmap Heap Scan", "Parent Relationship": "Inner", "Relation Name": "lineitem", "Alias": "lineitem", "Startup Cost": 4.22, "Total Cost": 28.29, "Plan Rows": 2, "Plan Width": 24, "Actual Startup Time": 91.418, "Actual Total Time": 210.338, "Actual Rows": 5403, "Actual Loops": 2003, "Recheck Cond": "(l_partkey = public.lineitem.l_partkey)", "Rows Removed by Index Recheck": 0, "Filter": "(l_quantity < (.2::double precision * (avg(public.lineitem.l_quantity))))", "Rows Removed by Filter": 54618, "Exact Heap Blocks": 60018, "Lossy Heap Blocks": 60018, "Plans": [{"Node Type": "Bitmap Index Scan", "Parent Relationship": "Outer", "Index Name": "idx_lineitem_part_supp", "Startup Cost": 0.0, "Total Cost": 4.22, "Plan Rows": 6, "Plan Width": 0, "Actual Startup Time": 24.271, "Actual Total Time": 24.271, "Actual Rows": 60021, "Actual Loops": 2003, "Index Cond": "(l_partkey = public.lineitem.l_partkey)"}]}]}]}, "Triggers": [], "Planner Runtime": 1.391, "Total Runtime": 1279.48, "Unique SQL Id": 1080450481}}, "(64, 83)": {"explain_plan": {"Plan": {"Node Type": "Aggregate", "Strategy": "Plain", "Startup Cost": 1001032279502.61, "Total Cost": 1001032279502.62, "Plan Rows": 1, "Plan Width": 16, "Plans": [{"Node Type": "Nested Loop", "Parent Relationship": "Outer", "Join Type": "Inner", "Startup Cost": 10000000004.74, "Total Cost": 1001032279500.6, "Plan Rows": 806, "Plan Width": 8, "Inner Unique": true, "Join Filter": "(public.lineitem.l_partkey = public.part.p_partkey)", "Plans": [{"Node Type": "Nested Loop", "Parent Relationship": "Outer", "Join Type": "Inner", "Startup Cost": 10000000004.48, "Total Cost": 1001032192561.0, "Plan Rows": 20274, "Plan Width": 24, "Inner Unique": false, "Plans": [{"Node Type": "Aggregate", "Strategy": "Sorted", "Parent Relationship": "Outer", "Startup Cost": 10000000000.26, "Total Cost": 1001031880124.59, "Plan Rows": 11032, "Plan Width": 80, "Group By Key": ["public.lineitem.l_partkey"], "Plans": [{"Node Type": "Nested Loop", "Parent Relationship": "Outer", "Join Type": "Semi", "Startup Cost": 10000000000.26, "Total Cost": 1001031879848.79, "Plan Rows": 11032, "Plan Width": 16, "Inner Unique": false, "Plans": [{"Node Type": "Index Scan", "Parent Relationship": "Outer", "Scan Direction": "Forward", "Index Name": "idx_lineitem_part_supp", "Relation Name": "lineitem", "Alias": "lineitem", "Startup Cost": 10000000000.0, "Total Cost": 1000775391319.64, "Plan Rows": 59987033, "Plan Width": 16}, {"Node Type": "Bitmap Heap Scan", "Parent Relationship": "Inner", "Relation Name": "part", "Alias": "part", "Startup Cost": 0.26, "Total Cost": 4.28, "Plan Rows": 1, "Plan Width": 8, "Recheck Cond": "(p_partkey = public.lineitem.l_partkey)", "Filter": "((p_brand = 'Brand#44'::bpchar) AND (p_container = 'WRAP PKG'::bpchar))", "Plans": [{"Node Type": "Bitmap Index Scan", "Parent Relationship": "Outer", "Index Name": "part_kpey", "Startup Cost": 0.0, "Total Cost": 0.26, "Plan Rows": 1, "Plan Width": 0, "Index Cond": "(p_partkey = public.lineitem.l_partkey)"}]}]}]}, {"Node Type": "Bitmap Heap Scan", "Parent Relationship": "Inner", "Relation Name": "lineitem", "Alias": "lineitem", "Startup Cost": 4.22, "Total Cost": 28.29, "Plan Rows": 2, "Plan Width": 24, "Recheck Cond": "(l_partkey = public.lineitem.l_partkey)", "Filter": "(l_quantity < (.2::double precision * (avg(public.lineitem.l_quantity))))", "Plans": [{"Node Type": "Bitmap Index Scan", "Parent Relationship": "Outer", "Index Name": "idx_lineitem_part_supp", "Startup Cost": 0.0, "Total Cost": 4.22, "Plan Rows": 6, "Plan Width": 0, "Index Cond": "(l_partkey = public.lineitem.l_partkey)"}]}]}, {"Node Type": "Bitmap Heap Scan", "Parent Relationship": "Inner", "Relation Name": "part", "Alias": "part", "Startup Cost": 0.26, "Total Cost": 4.28, "Plan Rows": 1, "Plan Width": 8, "Recheck Cond": "(p_partkey = public.lineitem.l_partkey)", "Filter": "((p_brand = 'Brand#44'::bpchar) AND (p_container = 'WRAP PKG'::bpchar))", "Plans": [{"Node Type": "Bitmap Index Scan", "Parent Relationship": "Outer", "Index Name": "part_kpey", "Startup Cost": 0.0, "Total Cost": 0.26, "Plan Rows": 1, "Plan Width": 0, "Index Cond": "(p_partkey = public.lineitem.l_partkey)"}]}]}]}, "Unique SQL Id": 1080450481}, "explain_analyze_plan": null}, "(64, 84)": {"explain_plan": {"Plan": {"Node Type": "Aggregate", "Strategy": "Plain", "Startup Cost": 208324.62, "Total Cost": 208324.63, "Plan Rows": 1, "Plan Width": 16, "Plans": [{"Node Type": "Nested Loop", "Parent Relationship": "Outer", "Join Type": "Inner", "Startup Cost": 128691.05, "Total Cost": 208322.6, "Plan Rows": 806, "Plan Width": 8, "Inner Unique": false, "Plans": [{"Node Type": "Nested Loop", "Parent Relationship": "Outer", "Join Type": "Inner", "Startup Cost": 128691.05, "Total Cost": 196146.55, "Plan Rows": 438, "Plan Width": 24, "Inner Unique": true, "Plans": [{"Node Type": "Aggregate", "Strategy": "Hashed", "Parent Relationship": "Outer", "Startup Cost": 128691.05, "Total Cost": 128884.11, "Plan Rows": 11032, "Plan Width": 16, "Group By Key": ["public.lineitem.l_partkey"], "Plans": [{"Node Type": "Nested Loop", "Parent Relationship": "Outer", "Join Type": "Inner", "Startup Cost": 0.0, "Total Cost": 128608.31, "Plan Rows": 11032, "Plan Width": 16, "Inner Unique": false, "Plans": [{"Node Type": "Seq Scan", "Parent Relationship": "Outer", "Relation Name": "part", "Alias": "part", "Startup Cost": 0.0, "Total Cost": 71944.0, "Plan Rows": 2001, "Plan Width": 8, "Filter": "((p_brand = 'Brand#44'::bpchar) AND (p_container = 'WRAP PKG'::bpchar))"}, {"Node Type": "Index Scan", "Parent Relationship": "Inner", "Scan Direction": "Forward", "Index Name": "idx_lineitem_part_supp", "Relation Name": "lineitem", "Alias": "lineitem", "Startup Cost": 0.0, "Total Cost": 28.26, "Plan Rows": 6, "Plan Width": 16, "Index Cond": "(l_partkey = public.part.p_partkey)"}]}]}, {"Node Type": "Index Scan", "Parent Relationship": "Inner", "Scan Direction": "Forward", "Index Name": "part_kpey", "Relation Name": "part", "Alias": "part", "Startup Cost": 0.0, "Total Cost": 6.08, "Plan Rows": 1, "Plan Width": 8, "Index Cond": "(p_partkey = public.lineitem.l_partkey)", "Filter": "((p_brand = 'Brand#44'::bpchar) AND (p_container = 'WRAP PKG'::bpchar))"}]}, {"Node Type": "Index Scan", "Parent Relationship": "Inner", "Scan Direction": "Forward", "Index Name": "idx_lineitem_part_supp", "Relation Name": "lineitem", "Alias": "lineitem", "Startup Cost": 0.0, "Total Cost": 27.78, "Plan Rows": 2, "Plan Width": 24, "Index Cond": "(l_partkey = public.lineitem.l_partkey)", "Filter": "(l_quantity < (.2::double precision * (avg(public.lineitem.l_quantity))))"}]}]}, "Unique SQL Id": 1080450481}, "explain_analyze_plan": {"Plan": {"Node Type": "Aggregate", "Strategy": "Plain", "Startup Cost": 208324.62, "Total Cost": 208324.63, "Plan Rows": 1, "Plan Width": 16, "Actual Startup Time": 1237.71, "Actual Total Time": 1237.71, "Actual Rows": 1, "Actual Loops": 1, "Plans": [{"Node Type": "Nested Loop", "Parent Relationship": "Outer", "Join Type": "Inner", "Startup Cost": 128691.05, "Total Cost": 208322.6, "Plan Rows": 806, "Plan Width": 8, "Actual Startup Time": 1029.199, "Actual Total Time": 1236.739, "Actual Rows": 5403, "Actual Loops": 1, "Inner Unique": false, "Plans": [{"Node Type": "Nested Loop", "Parent Relationship": "Outer", "Join Type": "Inner", "Startup Cost": 128691.05, "Total Cost": 196146.55, "Plan Rows": 438, "Plan Width": 24, "Actual Startup Time": 1029.156, "Actual Total Time": 1050.822, "Actual Rows": 2003, "Actual Loops": 1, "Inner Unique": true, "Plans": [{"Node Type": "Aggregate", "Strategy": "Hashed", "Parent Relationship": "Outer", "Startup Cost": 128691.05, "Total Cost": 128884.11, "Plan Rows": 11032, "Plan Width": 16, "Actual Startup Time": 1029.115, "Actual Total Time": 1030.893, "Actual Rows": 2003, "Actual Loops": 1, "Group By Key": ["public.lineitem.l_partkey"], "Plans": [{"Node Type": "Nested Loop", "Parent Relationship": "Outer", "Join Type": "Inner", "Startup Cost": 0.0, "Total Cost": 128608.31, "Plan Rows": 11032, "Plan Width": 16, "Actual Startup Time": 0.391, "Actual Total Time": 988.045, "Actual Rows": 60021, "Actual Loops": 1, "Inner Unique": false, "Plans": [{"Node Type": "Seq Scan", "Parent Relationship": "Outer", "Relation Name": "part", "Alias": "part", "Startup Cost": 0.0, "Total Cost": 71944.0, "Plan Rows": 2001, "Plan Width": 8, "Actual Startup Time": 0.368, "Actual Total Time": 794.914, "Actual Rows": 2003, "Actual Loops": 1, "Filter": "((p_brand = 'Brand#44'::bpchar) AND (p_container = 'WRAP PKG'::bpchar))", "Rows Removed by Filter": 1997997}, {"Node Type": "Index Scan", "Parent Relationship": "Inner", "Scan Direction": "Forward", "Index Name": "idx_lineitem_part_supp", "Relation Name": "lineitem", "Alias": "lineitem", "Startup Cost": 0.0, "Total Cost": 28.26, "Plan Rows": 6, "Plan Width": 16, "Actual Startup Time": 25.038, "Actual Total Time": 178.698, "Actual Rows": 60021, "Actual Loops": 2003, "Index Cond": "(l_partkey = public.part.p_partkey)", "Rows Removed by Index Recheck": 0}]}]}, {"Node Type": "Index Scan", "Parent Relationship": "Inner", "Scan Direction": "Forward", "Index Name": "part_kpey", "Relation Name": "part", "Alias": "part", "Startup Cost": 0.0, "Total Cost": 6.08, "Plan Rows": 1, "Plan Width": 8, "Actual Startup Time": 18.14, "Actual Total Time": 18.14, "Actual Rows": 2003, "Actual Loops": 2003, "Index Cond": "(p_partkey = public.lineitem.l_partkey)", "Rows Removed by Index Recheck": 0, "Filter": "((p_brand = 'Brand#44'::bpchar) AND (p_container = 'WRAP PKG'::bpchar))", "Rows Removed by Filter": 0}]}, {"Node Type": "Index Scan", "Parent Relationship": "Inner", "Scan Direction": "Forward", "Index Name": "idx_lineitem_part_supp", "Relation Name": "lineitem", "Alias": "lineitem", "Startup Cost": 0.0, "Total Cost": 27.78, "Plan Rows": 2, "Plan Width": 24, "Actual Startup Time": 74.664, "Actual Total Time": 183.579, "Actual Rows": 5403, "Actual Loops": 2003, "Index Cond": "(l_partkey = public.lineitem.l_partkey)", "Rows Removed by Index Recheck": 0, "Filter": "(l_quantity < (.2::double precision * (avg(public.lineitem.l_quantity))))", "Rows Removed by Filter": 54618}]}]}, "Triggers": [], "Planner Runtime": 1.459, "Total Runtime": 1237.93, "Unique SQL Id": 1080450481}}, "(64, 85)": {"explain_plan": {"Plan": {"Node Type": "Aggregate", "Strategy": "Plain", "Startup Cost": 247183.87, "Total Cost": 247183.88, "Plan Rows": 1, "Plan Width": 16, "Plans": [{"Node Type": "Nested Loop", "Parent Relationship": "Outer", "Join Type": "Inner", "Startup Cost": 0.0, "Total Cost": 247181.85, "Plan Rows": 806, "Plan Width": 8, "Inner Unique": false, "Plans": [{"Node Type": "Nested Loop", "Parent Relationship": "Outer", "Join Type": "Inner", "Startup Cost": 0.0, "Total Cost": 235005.8, "Plan Rows": 438, "Plan Width": 24, "Inner Unique": true, "Plans": [{"Node Type": "Aggregate", "Strategy": "Sorted", "Parent Relationship": "Outer", "Startup Cost": 0.0, "Total Cost": 167743.36, "Plan Rows": 11032, "Plan Width": 80, "Group By Key": ["public.lineitem.l_partkey"], "Plans": [{"Node Type": "Nested Loop", "Parent Relationship": "Outer", "Join Type": "Inner", "Startup Cost": 0.0, "Total Cost": 167467.56, "Plan Rows": 11032, "Plan Width": 16, "Inner Unique": false, "Plans": [{"Node Type": "Index Scan", "Parent Relationship": "Outer", "Scan Direction": "Forward", "Index Name": "part_kpey", "Relation Name": "part", "Alias": "part", "Startup Cost": 0.0, "Total Cost": 110803.25, "Plan Rows": 2001, "Plan Width": 8, "Filter": "((p_brand = 'Brand#44'::bpchar) AND (p_container = 'WRAP PKG'::bpchar))"}, {"Node Type": "Index Scan", "Parent Relationship": "Inner", "Scan Direction": "Forward", "Index Name": "idx_lineitem_part_supp", "Relation Name": "lineitem", "Alias": "lineitem", "Startup Cost": 0.0, "Total Cost": 28.26, "Plan Rows": 6, "Plan Width": 16, "Index Cond": "(l_partkey = public.part.p_partkey)"}]}]}, {"Node Type": "Index Scan", "Parent Relationship": "Inner", "Scan Direction": "Forward", "Index Name": "part_kpey", "Relation Name": "part", "Alias": "part", "Startup Cost": 0.0, "Total Cost": 6.08, "Plan Rows": 1, "Plan Width": 8, "Index Cond": "(p_partkey = public.lineitem.l_partkey)", "Filter": "((p_brand = 'Brand#44'::bpchar) AND (p_container = 'WRAP PKG'::bpchar))"}]}, {"Node Type": "Index Scan", "Parent Relationship": "Inner", "Scan Direction": "Forward", "Index Name": "idx_lineitem_part_supp", "Relation Name": "lineitem", "Alias": "lineitem", "Startup Cost": 0.0, "Total Cost": 27.78, "Plan Rows": 2, "Plan Width": 24, "Index Cond": "(l_partkey = public.lineitem.l_partkey)", "Filter": "(l_quantity < (.2::double precision * (avg(public.lineitem.l_quantity))))"}]}]}, "Unique SQL Id": 1080450481}, "explain_analyze_plan": {"Plan": {"Node Type": "Aggregate", "Strategy": "Plain", "Startup Cost": 247183.87, "Total Cost": 247183.88, "Plan Rows": 1, "Plan Width": 16, "Actual Startup Time": 1786.581, "Actual Total Time": 1786.581, "Actual Rows": 1, "Actual Loops": 1, "Plans": [{"Node Type": "Nested Loop", "Parent Relationship": "Outer", "Join Type": "Inner", "Startup Cost": 0.0, "Total Cost": 247181.85, "Plan Rows": 806, "Plan Width": 8, "Actual Startup Time": 2.095, "Actual Total Time": 1785.363, "Actual Rows": 5403, "Actual Loops": 1, "Inner Unique": false, "Plans": [{"Node Type": "Nested Loop", "Parent Relationship": "Outer", "Join Type": "Inner", "Startup Cost": 0.0, "Total Cost": 235005.8, "Plan Rows": 438, "Plan Width": 24, "Actual Startup Time": 2.05, "Actual Total Time": 1705.146, "Actual Rows": 2003, "Actual Loops": 1, "Inner Unique": true, "Plans": [{"Node Type": "Aggregate", "Strategy": "Sorted", "Parent Relationship": "Outer", "Startup Cost": 0.0, "Total Cost": 167743.36, "Plan Rows": 11032, "Plan Width": 80, "Actual Startup Time": 2.039, "Actual Total Time": 1693.01, "Actual Rows": 2003, "Actual Loops": 1, "Group By Key": ["public.lineitem.l_partkey"], "Plans": [{"Node Type": "Nested Loop", "Parent Relationship": "Outer", "Join Type": "Inner", "Startup Cost": 0.0, "Total Cost": 167467.56, "Plan Rows": 11032, "Plan Width": 16, "Actual Startup Time": 0.668, "Actual Total Time": 1660.016, "Actual Rows": 60021, "Actual Loops": 1, "Inner Unique": false, "Plans": [{"Node Type": "Index Scan", "Parent Relationship": "Outer", "Scan Direction": "Forward", "Index Name": "part_kpey", "Relation Name": "part", "Alias": "part", "Startup Cost": 0.0, "Total Cost": 110803.25, "Plan Rows": 2001, "Plan Width": 8, "Actual Startup Time": 0.649, "Actual Total Time": 1460.778, "Actual Rows": 2003, "Actual Loops": 1, "Filter": "((p_brand = 'Brand#44'::bpchar) AND (p_container = 'WRAP PKG'::bpchar))", "Rows Removed by Filter": 1997997}, {"Node Type": "Index Scan", "Parent Relationship": "Inner", "Scan Direction": "Forward", "Index Name": "idx_lineitem_part_supp", "Relation Name": "lineitem", "Alias": "lineitem", "Startup Cost": 0.0, "Total Cost": 28.26, "Plan Rows": 6, "Plan Width": 16, "Actual Startup Time": 23.917, "Actual Total Time": 183.588, "Actual Rows": 60021, "Actual Loops": 2003, "Index Cond": "(l_partkey = public.part.p_partkey)", "Rows Removed by Index Recheck": 0}]}]}, {"Node Type": "Index Scan", "Parent Relationship": "Inner", "Scan Direction": "Forward", "Index Name": "part_kpey", "Relation Name": "part", "Alias": "part", "Startup Cost": 0.0, "Total Cost": 6.08, "Plan Rows": 1, "Plan Width": 8, "Actual Startup Time": 9.552, "Actual Total Time": 9.552, "Actual Rows": 2003, "Actual Loops": 2003, "Index Cond": "(p_partkey = public.lineitem.l_partkey)", "Rows Removed by Index Recheck": 0, "Filter": "((p_brand = 'Brand#44'::bpchar) AND (p_container = 'WRAP PKG'::bpchar))", "Rows Removed by Filter": 0}]}, {"Node Type": "Index Scan", "Parent Relationship": "Inner", "Scan Direction": "Forward", "Index Name": "idx_lineitem_part_supp", "Relation Name": "lineitem", "Alias": "lineitem", "Startup Cost": 0.0, "Total Cost": 27.78, "Plan Rows": 2, "Plan Width": 24, "Actual Startup Time": 33.922, "Actual Total Time": 77.009, "Actual Rows": 5403, "Actual Loops": 2003, "Index Cond": "(l_partkey = public.lineitem.l_partkey)", "Rows Removed by Index Recheck": 0, "Filter": "(l_quantity < (.2::double precision * (avg(public.lineitem.l_quantity))))", "Rows Removed by Filter": 54618}]}]}, "Triggers": [], "Planner Runtime": 1.403, "Total Runtime": 1786.803, "Unique SQL Id": 1080450481}}, "(64, 86)": {"explain_plan": {"Plan": {"Node Type": "Aggregate", "Strategy": "Plain", "Startup Cost": 213808.47, "Total Cost": 213808.48, "Plan Rows": 1, "Plan Width": 16, "Plans": [{"Node Type": "Nested Loop", "Parent Relationship": "Outer", "Join Type": "Inner", "Startup Cost": 128826.76, "Total Cost": 213806.45, "Plan Rows": 806, "Plan Width": 8, "Inner Unique": false, "Plans": [{"Node Type": "Nested Loop", "Parent Relationship": "Outer", "Join Type": "Inner", "Startup Cost": 128822.53, "Total Cost": 201406.27, "Plan Rows": 438, "Plan Width": 24, "Inner Unique": true, "Plans": [{"Node Type": "Aggregate", "Strategy": "Hashed", "Parent Relationship": "Outer", "Startup Cost": 128820.01, "Total Cost": 129013.07, "Plan Rows": 11032, "Plan Width": 16, "Group By Key": ["public.lineitem.l_partkey"], "Plans": [{"Node Type": "Nested Loop", "Parent Relationship": "Outer", "Join Type": "Inner", "Startup Cost": 4.28, "Total Cost": 128737.27, "Plan Rows": 11032, "Plan Width": 16, "Inner Unique": false, "Plans": [{"Node Type": "Seq Scan", "Parent Relationship": "Outer", "Relation Name": "part", "Alias": "part", "Startup Cost": 0.0, "Total Cost": 71944.0, "Plan Rows": 2001, "Plan Width": 8, "Filter": "((p_brand = 'Brand#44'::bpchar) AND (p_container = 'WRAP PKG'::bpchar))"}, {"Node Type": "Bitmap Heap Scan", "Parent Relationship": "Inner", "Relation Name": "lineitem", "Alias": "lineitem", "Startup Cost": 4.28, "Total Cost": 28.32, "Plan Rows": 6, "Plan Width": 16, "Recheck Cond": "(l_partkey = public.part.p_partkey)", "Plans": [{"Node Type": "Bitmap Index Scan", "Parent Relationship": "Outer", "Index Name": "idx_lineitem_part_supp", "Startup Cost": 0.0, "Total Cost": 4.28, "Plan Rows": 6, "Plan Width": 0, "Index Cond": "(l_partkey = public.part.p_partkey)"}]}]}]}, {"Node Type": "Bitmap Heap Scan", "Parent Relationship": "Inner", "Relation Name": "part", "Alias": "part", "Startup Cost": 2.52, "Total Cost": 6.54, "Plan Rows": 1, "Plan Width": 8, "Recheck Cond": "(p_partkey = public.lineitem.l_partkey)", "Filter": "((p_brand = 'Brand#44'::bpchar) AND (p_container = 'WRAP PKG'::bpchar))", "Plans": [{"Node Type": "Bitmap Index Scan", "Parent Relationship": "Outer", "Index Name": "part_kpey", "Startup Cost": 0.0, "Total Cost": 2.52, "Plan Rows": 1, "Plan Width": 0, "Index Cond": "(p_partkey = public.lineitem.l_partkey)"}]}]}, {"Node Type": "Bitmap Heap Scan", "Parent Relationship": "Inner", "Relation Name": "lineitem", "Alias": "lineitem", "Startup Cost": 4.22, "Total Cost": 28.29, "Plan Rows": 2, "Plan Width": 24, "Recheck Cond": "(l_partkey = public.lineitem.l_partkey)", "Filter": "(l_quantity < (.2::double precision * (avg(public.lineitem.l_quantity))))", "Plans": [{"Node Type": "Bitmap Index Scan", "Parent Relationship": "Outer", "Index Name": "idx_lineitem_part_supp", "Startup Cost": 0.0, "Total Cost": 4.22, "Plan Rows": 6, "Plan Width": 0, "Index Cond": "(l_partkey = public.lineitem.l_partkey)"}]}]}]}, "Unique SQL Id": 1080450481}, "explain_analyze_plan": {"Plan": {"Node Type": "Aggregate", "Strategy": "Plain", "Startup Cost": 213808.47, "Total Cost": 213808.48, "Plan Rows": 1, "Plan Width": 16, "Actual Startup Time": 1279.19, "Actual Total Time": 1279.19, "Actual Rows": 1, "Actual Loops": 1, "Plans": [{"Node Type": "Nested Loop", "Parent Relationship": "Outer", "Join Type": "Inner", "Startup Cost": 128826.76, "Total Cost": 213806.45, "Plan Rows": 806, "Plan Width": 8, "Actual Startup Time": 1037.423, "Actual Total Time": 1278.124, "Actual Rows": 5403, "Actual Loops": 1, "Inner Unique": false, "Plans": [{"Node Type": "Nested Loop", "Parent Relationship": "Outer", "Join Type": "Inner", "Startup Cost": 128822.53, "Total Cost": 201406.27, "Plan Rows": 438, "Plan Width": 24, "Actual Startup Time": 1037.36, "Actual Total Time": 1063.781, "Actual Rows": 2003, "Actual Loops": 1, "Inner Unique": true, "Plans": [{"Node Type": "Aggregate", "Strategy": "Hashed", "Parent Relationship": "Outer", "Startup Cost": 128820.01, "Total Cost": 129013.07, "Plan Rows": 11032, "Plan Width": 16, "Actual Startup Time": 1037.311, "Actual Total Time": 1039.347, "Actual Rows": 2003, "Actual Loops": 1, "Group By Key": ["public.lineitem.l_partkey"], "Plans": [{"Node Type": "Nested Loop", "Parent Relationship": "Outer", "Join Type": "Inner", "Startup Cost": 4.28, "Total Cost": 128737.27, "Plan Rows": 11032, "Plan Width": 16, "Actual Startup Time": 0.394, "Actual Total Time": 996.431, "Actual Rows": 60021, "Actual Loops": 1, "Inner Unique": false, "Plans": [{"Node Type": "Seq Scan", "Parent Relationship": "Outer", "Relation Name": "part", "Alias": "part", "Startup Cost": 0.0, "Total Cost": 71944.0, "Plan Rows": 2001, "Plan Width": 8, "Actual Startup Time": 0.348, "Actual Total Time": 778.551, "Actual Rows": 2003, "Actual Loops": 1, "Filter": "((p_brand = 'Brand#44'::bpchar) AND (p_container = 'WRAP PKG'::bpchar))", "Rows Removed by Filter": 1997997}, {"Node Type": "Bitmap Heap Scan", "Parent Relationship": "Inner", "Relation Name": "lineitem", "Alias": "lineitem", "Startup Cost": 4.28, "Total Cost": 28.32, "Plan Rows": 6, "Plan Width": 16, "Actual Startup Time": 41.59, "Actual Total Time": 200.412, "Actual Rows": 60021, "Actual Loops": 2003, "Recheck Cond": "(l_partkey = public.part.p_partkey)", "Rows Removed by Index Recheck": 0, "Exact Heap Blocks": 60018, "Lossy Heap Blocks": 60018, "Plans": [{"Node Type": "Bitmap Index Scan", "Parent Relationship": "Outer", "Index Name": "idx_lineitem_part_supp", "Startup Cost": 0.0, "Total Cost": 4.28, "Plan Rows": 6, "Plan Width": 0, "Actual Startup Time": 27.347, "Actual Total Time": 27.347, "Actual Rows": 60021, "Actual Loops": 2003, "Index Cond": "(l_partkey = public.part.p_partkey)"}]}]}]}, {"Node Type": "Bitmap Heap Scan", "Parent Relationship": "Inner", "Relation Name": "part", "Alias": "part", "Startup Cost": 2.52, "Total Cost": 6.54, "Plan Rows": 1, "Plan Width": 8, "Actual Startup Time": 21.221, "Actual Total Time": 21.221, "Actual Rows": 2003, "Actual Loops": 2003, "Recheck Cond": "(p_partkey = public.lineitem.l_partkey)", "Rows Removed by Index Recheck": 0, "Filter": "((p_brand = 'Brand#44'::bpchar) AND (p_container = 'WRAP PKG'::bpchar))", "Rows Removed by Filter": 0, "Exact Heap Blocks": 2003, "Lossy Heap Blocks": 2003, "Plans": [{"Node Type": "Bitmap Index Scan", "Parent Relationship": "Outer", "Index Name": "part_kpey", "Startup Cost": 0.0, "Total Cost": 2.52, "Plan Rows": 1, "Plan Width": 0, "Actual Startup Time": 12.591, "Actual Total Time": 12.591, "Actual Rows": 2003, "Actual Loops": 2003, "Index Cond": "(p_partkey = public.lineitem.l_partkey)"}]}]}, {"Node Type": "Bitmap Heap Scan", "Parent Relationship": "Inner", "Relation Name": "lineitem", "Alias": "lineitem", "Startup Cost": 4.22, "Total Cost": 28.29, "Plan Rows": 2, "Plan Width": 24, "Actual Startup Time": 91.418, "Actual Total Time": 210.338, "Actual Rows": 5403, "Actual Loops": 2003, "Recheck Cond": "(l_partkey = public.lineitem.l_partkey)", "Rows Removed by Index Recheck": 0, "Filter": "(l_quantity < (.2::double precision * (avg(public.lineitem.l_quantity))))", "Rows Removed by Filter": 54618, "Exact Heap Blocks": 60018, "Lossy Heap Blocks": 60018, "Plans": [{"Node Type": "Bitmap Index Scan", "Parent Relationship": "Outer", "Index Name": "idx_lineitem_part_supp", "Startup Cost": 0.0, "Total Cost": 4.22, "Plan Rows": 6, "Plan Width": 0, "Actual Startup Time": 24.271, "Actual Total Time": 24.271, "Actual Rows": 60021, "Actual Loops": 2003, "Index Cond": "(l_partkey = public.lineitem.l_partkey)"}]}]}]}, "Triggers": [], "Planner Runtime": 1.391, "Total Runtime": 1279.48, "Unique SQL Id": 1080450481}}, "(64, 87)": {"explain_plan": {"Plan": {"Node Type": "Aggregate", "Strategy": "Plain", "Startup Cost": 1001032279502.61, "Total Cost": 1001032279502.62, "Plan Rows": 1, "Plan Width": 16, "Plans": [{"Node Type": "Nested Loop", "Parent Relationship": "Outer", "Join Type": "Inner", "Startup Cost": 10000000004.74, "Total Cost": 1001032279500.6, "Plan Rows": 806, "Plan Width": 8, "Inner Unique": true, "Join Filter": "(public.lineitem.l_partkey = public.part.p_partkey)", "Plans": [{"Node Type": "Nested Loop", "Parent Relationship": "Outer", "Join Type": "Inner", "Startup Cost": 10000000004.48, "Total Cost": 1001032192561.0, "Plan Rows": 20274, "Plan Width": 24, "Inner Unique": false, "Plans": [{"Node Type": "Aggregate", "Strategy": "Sorted", "Parent Relationship": "Outer", "Startup Cost": 10000000000.26, "Total Cost": 1001031880124.59, "Plan Rows": 11032, "Plan Width": 80, "Group By Key": ["public.lineitem.l_partkey"], "Plans": [{"Node Type": "Nested Loop", "Parent Relationship": "Outer", "Join Type": "Semi", "Startup Cost": 10000000000.26, "Total Cost": 1001031879848.79, "Plan Rows": 11032, "Plan Width": 16, "Inner Unique": false, "Plans": [{"Node Type": "Index Scan", "Parent Relationship": "Outer", "Scan Direction": "Forward", "Index Name": "idx_lineitem_part_supp", "Relation Name": "lineitem", "Alias": "lineitem", "Startup Cost": 10000000000.0, "Total Cost": 1000775391319.64, "Plan Rows": 59987033, "Plan Width": 16}, {"Node Type": "Bitmap Heap Scan", "Parent Relationship": "Inner", "Relation Name": "part", "Alias": "part", "Startup Cost": 0.26, "Total Cost": 4.28, "Plan Rows": 1, "Plan Width": 8, "Recheck Cond": "(p_partkey = public.lineitem.l_partkey)", "Filter": "((p_brand = 'Brand#44'::bpchar) AND (p_container = 'WRAP PKG'::bpchar))", "Plans": [{"Node Type": "Bitmap Index Scan", "Parent Relationship": "Outer", "Index Name": "part_kpey", "Startup Cost": 0.0, "Total Cost": 0.26, "Plan Rows": 1, "Plan Width": 0, "Index Cond": "(p_partkey = public.lineitem.l_partkey)"}]}]}]}, {"Node Type": "Bitmap Heap Scan", "Parent Relationship": "Inner", "Relation Name": "lineitem", "Alias": "lineitem", "Startup Cost": 4.22, "Total Cost": 28.29, "Plan Rows": 2, "Plan Width": 24, "Recheck Cond": "(l_partkey = public.lineitem.l_partkey)", "Filter": "(l_quantity < (.2::double precision * (avg(public.lineitem.l_quantity))))", "Plans": [{"Node Type": "Bitmap Index Scan", "Parent Relationship": "Outer", "Index Name": "idx_lineitem_part_supp", "Startup Cost": 0.0, "Total Cost": 4.22, "Plan Rows": 6, "Plan Width": 0, "Index Cond": "(l_partkey = public.lineitem.l_partkey)"}]}]}, {"Node Type": "Bitmap Heap Scan", "Parent Relationship": "Inner", "Relation Name": "part", "Alias": "part", "Startup Cost": 0.26, "Total Cost": 4.28, "Plan Rows": 1, "Plan Width": 8, "Recheck Cond": "(p_partkey = public.lineitem.l_partkey)", "Filter": "((p_brand = 'Brand#44'::bpchar) AND (p_container = 'WRAP PKG'::bpchar))", "Plans": [{"Node Type": "Bitmap Index Scan", "Parent Relationship": "Outer", "Index Name": "part_kpey", "Startup Cost": 0.0, "Total Cost": 0.26, "Plan Rows": 1, "Plan Width": 0, "Index Cond": "(p_partkey = public.lineitem.l_partkey)"}]}]}]}, "Unique SQL Id": 1080450481}, "explain_analyze_plan": null}, "(64, 88)": {"explain_plan": {"Plan": {"Node Type": "Aggregate", "Strategy": "Plain", "Startup Cost": 208324.62, "Total Cost": 208324.63, "Plan Rows": 1, "Plan Width": 16, "Plans": [{"Node Type": "Nested Loop", "Parent Relationship": "Outer", "Join Type": "Inner", "Startup Cost": 128691.05, "Total Cost": 208322.6, "Plan Rows": 806, "Plan Width": 8, "Inner Unique": false, "Plans": [{"Node Type": "Nested Loop", "Parent Relationship": "Outer", "Join Type": "Inner", "Startup Cost": 128691.05, "Total Cost": 196146.55, "Plan Rows": 438, "Plan Width": 24, "Inner Unique": true, "Plans": [{"Node Type": "Aggregate", "Strategy": "Hashed", "Parent Relationship": "Outer", "Startup Cost": 128691.05, "Total Cost": 128884.11, "Plan Rows": 11032, "Plan Width": 16, "Group By Key": ["public.lineitem.l_partkey"], "Plans": [{"Node Type": "Nested Loop", "Parent Relationship": "Outer", "Join Type": "Inner", "Startup Cost": 0.0, "Total Cost": 128608.31, "Plan Rows": 11032, "Plan Width": 16, "Inner Unique": false, "Plans": [{"Node Type": "Seq Scan", "Parent Relationship": "Outer", "Relation Name": "part", "Alias": "part", "Startup Cost": 0.0, "Total Cost": 71944.0, "Plan Rows": 2001, "Plan Width": 8, "Filter": "((p_brand = 'Brand#44'::bpchar) AND (p_container = 'WRAP PKG'::bpchar))"}, {"Node Type": "Index Scan", "Parent Relationship": "Inner", "Scan Direction": "Forward", "Index Name": "idx_lineitem_part_supp", "Relation Name": "lineitem", "Alias": "lineitem", "Startup Cost": 0.0, "Total Cost": 28.26, "Plan Rows": 6, "Plan Width": 16, "Index Cond": "(l_partkey = public.part.p_partkey)"}]}]}, {"Node Type": "Index Scan", "Parent Relationship": "Inner", "Scan Direction": "Forward", "Index Name": "part_kpey", "Relation Name": "part", "Alias": "part", "Startup Cost": 0.0, "Total Cost": 6.08, "Plan Rows": 1, "Plan Width": 8, "Index Cond": "(p_partkey = public.lineitem.l_partkey)", "Filter": "((p_brand = 'Brand#44'::bpchar) AND (p_container = 'WRAP PKG'::bpchar))"}]}, {"Node Type": "Index Scan", "Parent Relationship": "Inner", "Scan Direction": "Forward", "Index Name": "idx_lineitem_part_supp", "Relation Name": "lineitem", "Alias": "lineitem", "Startup Cost": 0.0, "Total Cost": 27.78, "Plan Rows": 2, "Plan Width": 24, "Index Cond": "(l_partkey = public.lineitem.l_partkey)", "Filter": "(l_quantity < (.2::double precision * (avg(public.lineitem.l_quantity))))"}]}]}, "Unique SQL Id": 1080450481}, "explain_analyze_plan": {"Plan": {"Node Type": "Aggregate", "Strategy": "Plain", "Startup Cost": 208324.62, "Total Cost": 208324.63, "Plan Rows": 1, "Plan Width": 16, "Actual Startup Time": 1237.71, "Actual Total Time": 1237.71, "Actual Rows": 1, "Actual Loops": 1, "Plans": [{"Node Type": "Nested Loop", "Parent Relationship": "Outer", "Join Type": "Inner", "Startup Cost": 128691.05, "Total Cost": 208322.6, "Plan Rows": 806, "Plan Width": 8, "Actual Startup Time": 1029.199, "Actual Total Time": 1236.739, "Actual Rows": 5403, "Actual Loops": 1, "Inner Unique": false, "Plans": [{"Node Type": "Nested Loop", "Parent Relationship": "Outer", "Join Type": "Inner", "Startup Cost": 128691.05, "Total Cost": 196146.55, "Plan Rows": 438, "Plan Width": 24, "Actual Startup Time": 1029.156, "Actual Total Time": 1050.822, "Actual Rows": 2003, "Actual Loops": 1, "Inner Unique": true, "Plans": [{"Node Type": "Aggregate", "Strategy": "Hashed", "Parent Relationship": "Outer", "Startup Cost": 128691.05, "Total Cost": 128884.11, "Plan Rows": 11032, "Plan Width": 16, "Actual Startup Time": 1029.115, "Actual Total Time": 1030.893, "Actual Rows": 2003, "Actual Loops": 1, "Group By Key": ["public.lineitem.l_partkey"], "Plans": [{"Node Type": "Nested Loop", "Parent Relationship": "Outer", "Join Type": "Inner", "Startup Cost": 0.0, "Total Cost": 128608.31, "Plan Rows": 11032, "Plan Width": 16, "Actual Startup Time": 0.391, "Actual Total Time": 988.045, "Actual Rows": 60021, "Actual Loops": 1, "Inner Unique": false, "Plans": [{"Node Type": "Seq Scan", "Parent Relationship": "Outer", "Relation Name": "part", "Alias": "part", "Startup Cost": 0.0, "Total Cost": 71944.0, "Plan Rows": 2001, "Plan Width": 8, "Actual Startup Time": 0.368, "Actual Total Time": 794.914, "Actual Rows": 2003, "Actual Loops": 1, "Filter": "((p_brand = 'Brand#44'::bpchar) AND (p_container = 'WRAP PKG'::bpchar))", "Rows Removed by Filter": 1997997}, {"Node Type": "Index Scan", "Parent Relationship": "Inner", "Scan Direction": "Forward", "Index Name": "idx_lineitem_part_supp", "Relation Name": "lineitem", "Alias": "lineitem", "Startup Cost": 0.0, "Total Cost": 28.26, "Plan Rows": 6, "Plan Width": 16, "Actual Startup Time": 25.038, "Actual Total Time": 178.698, "Actual Rows": 60021, "Actual Loops": 2003, "Index Cond": "(l_partkey = public.part.p_partkey)", "Rows Removed by Index Recheck": 0}]}]}, {"Node Type": "Index Scan", "Parent Relationship": "Inner", "Scan Direction": "Forward", "Index Name": "part_kpey", "Relation Name": "part", "Alias": "part", "Startup Cost": 0.0, "Total Cost": 6.08, "Plan Rows": 1, "Plan Width": 8, "Actual Startup Time": 18.14, "Actual Total Time": 18.14, "Actual Rows": 2003, "Actual Loops": 2003, "Index Cond": "(p_partkey = public.lineitem.l_partkey)", "Rows Removed by Index Recheck": 0, "Filter": "((p_brand = 'Brand#44'::bpchar) AND (p_container = 'WRAP PKG'::bpchar))", "Rows Removed by Filter": 0}]}, {"Node Type": "Index Scan", "Parent Relationship": "Inner", "Scan Direction": "Forward", "Index Name": "idx_lineitem_part_supp", "Relation Name": "lineitem", "Alias": "lineitem", "Startup Cost": 0.0, "Total Cost": 27.78, "Plan Rows": 2, "Plan Width": 24, "Actual Startup Time": 74.664, "Actual Total Time": 183.579, "Actual Rows": 5403, "Actual Loops": 2003, "Index Cond": "(l_partkey = public.lineitem.l_partkey)", "Rows Removed by Index Recheck": 0, "Filter": "(l_quantity < (.2::double precision * (avg(public.lineitem.l_quantity))))", "Rows Removed by Filter": 54618}]}]}, "Triggers": [], "Planner Runtime": 1.459, "Total Runtime": 1237.93, "Unique SQL Id": 1080450481}}, "(64, 89)": {"explain_plan": {"Plan": {"Node Type": "Aggregate", "Strategy": "Plain", "Startup Cost": 247183.87, "Total Cost": 247183.88, "Plan Rows": 1, "Plan Width": 16, "Plans": [{"Node Type": "Nested Loop", "Parent Relationship": "Outer", "Join Type": "Inner", "Startup Cost": 0.0, "Total Cost": 247181.85, "Plan Rows": 806, "Plan Width": 8, "Inner Unique": false, "Plans": [{"Node Type": "Nested Loop", "Parent Relationship": "Outer", "Join Type": "Inner", "Startup Cost": 0.0, "Total Cost": 235005.8, "Plan Rows": 438, "Plan Width": 24, "Inner Unique": true, "Plans": [{"Node Type": "Aggregate", "Strategy": "Sorted", "Parent Relationship": "Outer", "Startup Cost": 0.0, "Total Cost": 167743.36, "Plan Rows": 11032, "Plan Width": 80, "Group By Key": ["public.lineitem.l_partkey"], "Plans": [{"Node Type": "Nested Loop", "Parent Relationship": "Outer", "Join Type": "Inner", "Startup Cost": 0.0, "Total Cost": 167467.56, "Plan Rows": 11032, "Plan Width": 16, "Inner Unique": false, "Plans": [{"Node Type": "Index Scan", "Parent Relationship": "Outer", "Scan Direction": "Forward", "Index Name": "part_kpey", "Relation Name": "part", "Alias": "part", "Startup Cost": 0.0, "Total Cost": 110803.25, "Plan Rows": 2001, "Plan Width": 8, "Filter": "((p_brand = 'Brand#44'::bpchar) AND (p_container = 'WRAP PKG'::bpchar))"}, {"Node Type": "Index Scan", "Parent Relationship": "Inner", "Scan Direction": "Forward", "Index Name": "idx_lineitem_part_supp", "Relation Name": "lineitem", "Alias": "lineitem", "Startup Cost": 0.0, "Total Cost": 28.26, "Plan Rows": 6, "Plan Width": 16, "Index Cond": "(l_partkey = public.part.p_partkey)"}]}]}, {"Node Type": "Index Scan", "Parent Relationship": "Inner", "Scan Direction": "Forward", "Index Name": "part_kpey", "Relation Name": "part", "Alias": "part", "Startup Cost": 0.0, "Total Cost": 6.08, "Plan Rows": 1, "Plan Width": 8, "Index Cond": "(p_partkey = public.lineitem.l_partkey)", "Filter": "((p_brand = 'Brand#44'::bpchar) AND (p_container = 'WRAP PKG'::bpchar))"}]}, {"Node Type": "Index Scan", "Parent Relationship": "Inner", "Scan Direction": "Forward", "Index Name": "idx_lineitem_part_supp", "Relation Name": "lineitem", "Alias": "lineitem", "Startup Cost": 0.0, "Total Cost": 27.78, "Plan Rows": 2, "Plan Width": 24, "Index Cond": "(l_partkey = public.lineitem.l_partkey)", "Filter": "(l_quantity < (.2::double precision * (avg(public.lineitem.l_quantity))))"}]}]}, "Unique SQL Id": 1080450481}, "explain_analyze_plan": {"Plan": {"Node Type": "Aggregate", "Strategy": "Plain", "Startup Cost": 247183.87, "Total Cost": 247183.88, "Plan Rows": 1, "Plan Width": 16, "Actual Startup Time": 1786.581, "Actual Total Time": 1786.581, "Actual Rows": 1, "Actual Loops": 1, "Plans": [{"Node Type": "Nested Loop", "Parent Relationship": "Outer", "Join Type": "Inner", "Startup Cost": 0.0, "Total Cost": 247181.85, "Plan Rows": 806, "Plan Width": 8, "Actual Startup Time": 2.095, "Actual Total Time": 1785.363, "Actual Rows": 5403, "Actual Loops": 1, "Inner Unique": false, "Plans": [{"Node Type": "Nested Loop", "Parent Relationship": "Outer", "Join Type": "Inner", "Startup Cost": 0.0, "Total Cost": 235005.8, "Plan Rows": 438, "Plan Width": 24, "Actual Startup Time": 2.05, "Actual Total Time": 1705.146, "Actual Rows": 2003, "Actual Loops": 1, "Inner Unique": true, "Plans": [{"Node Type": "Aggregate", "Strategy": "Sorted", "Parent Relationship": "Outer", "Startup Cost": 0.0, "Total Cost": 167743.36, "Plan Rows": 11032, "Plan Width": 80, "Actual Startup Time": 2.039, "Actual Total Time": 1693.01, "Actual Rows": 2003, "Actual Loops": 1, "Group By Key": ["public.lineitem.l_partkey"], "Plans": [{"Node Type": "Nested Loop", "Parent Relationship": "Outer", "Join Type": "Inner", "Startup Cost": 0.0, "Total Cost": 167467.56, "Plan Rows": 11032, "Plan Width": 16, "Actual Startup Time": 0.668, "Actual Total Time": 1660.016, "Actual Rows": 60021, "Actual Loops": 1, "Inner Unique": false, "Plans": [{"Node Type": "Index Scan", "Parent Relationship": "Outer", "Scan Direction": "Forward", "Index Name": "part_kpey", "Relation Name": "part", "Alias": "part", "Startup Cost": 0.0, "Total Cost": 110803.25, "Plan Rows": 2001, "Plan Width": 8, "Actual Startup Time": 0.649, "Actual Total Time": 1460.778, "Actual Rows": 2003, "Actual Loops": 1, "Filter": "((p_brand = 'Brand#44'::bpchar) AND (p_container = 'WRAP PKG'::bpchar))", "Rows Removed by Filter": 1997997}, {"Node Type": "Index Scan", "Parent Relationship": "Inner", "Scan Direction": "Forward", "Index Name": "idx_lineitem_part_supp", "Relation Name": "lineitem", "Alias": "lineitem", "Startup Cost": 0.0, "Total Cost": 28.26, "Plan Rows": 6, "Plan Width": 16, "Actual Startup Time": 23.917, "Actual Total Time": 183.588, "Actual Rows": 60021, "Actual Loops": 2003, "Index Cond": "(l_partkey = public.part.p_partkey)", "Rows Removed by Index Recheck": 0}]}]}, {"Node Type": "Index Scan", "Parent Relationship": "Inner", "Scan Direction": "Forward", "Index Name": "part_kpey", "Relation Name": "part", "Alias": "part", "Startup Cost": 0.0, "Total Cost": 6.08, "Plan Rows": 1, "Plan Width": 8, "Actual Startup Time": 9.552, "Actual Total Time": 9.552, "Actual Rows": 2003, "Actual Loops": 2003, "Index Cond": "(p_partkey = public.lineitem.l_partkey)", "Rows Removed by Index Recheck": 0, "Filter": "((p_brand = 'Brand#44'::bpchar) AND (p_container = 'WRAP PKG'::bpchar))", "Rows Removed by Filter": 0}]}, {"Node Type": "Index Scan", "Parent Relationship": "Inner", "Scan Direction": "Forward", "Index Name": "idx_lineitem_part_supp", "Relation Name": "lineitem", "Alias": "lineitem", "Startup Cost": 0.0, "Total Cost": 27.78, "Plan Rows": 2, "Plan Width": 24, "Actual Startup Time": 33.922, "Actual Total Time": 77.009, "Actual Rows": 5403, "Actual Loops": 2003, "Index Cond": "(l_partkey = public.lineitem.l_partkey)", "Rows Removed by Index Recheck": 0, "Filter": "(l_quantity < (.2::double precision * (avg(public.lineitem.l_quantity))))", "Rows Removed by Filter": 54618}]}]}, "Triggers": [], "Planner Runtime": 1.403, "Total Runtime": 1786.803, "Unique SQL Id": 1080450481}}, "(64, 90)": {"explain_plan": {"Plan": {"Node Type": "Aggregate", "Strategy": "Plain", "Startup Cost": 20274334.15, "Total Cost": 20274334.16, "Plan Rows": 1, "Plan Width": 16, "Plans": [{"Node Type": "Merge Join", "Parent Relationship": "Outer", "Join Type": "Inner", "Startup Cost": 19673876.07, "Total Cost": 20274332.13, "Plan Rows": 806, "Plan Width": 8, "Inner Unique": false, "Merge Cond": "(public.lineitem.l_partkey = public.lineitem.l_partkey)", "Join Filter": "(public.lineitem.l_quantity < (.2::double precision * (avg(public.lineitem.l_quantity))))", "Plans": [{"Node Type": "Merge Join", "Parent Relationship": "Outer", "Join Type": "Inner", "Startup Cost": 9908991.76, "Total Cost": 10209475.33, "Plan Rows": 438, "Plan Width": 24, "Inner Unique": true, "Merge Cond": "(public.lineitem.l_partkey = public.part.p_partkey)", "Plans": [{"Node Type": "Aggregate", "Strategy": "Sorted", "Parent Relationship": "Outer", "Startup Cost": 9836938.04, "Total Cost": 10137269.33, "Plan Rows": 11032, "Plan Width": 80, "Group By Key": ["public.lineitem.l_partkey"], "Plans": [{"Node Type": "Merge Join", "Parent Relationship": "Outer", "Join Type": "Inner", "Startup Cost": 9836938.04, "Total Cost": 10136993.53, "Plan Rows": 11032, "Plan Width": 16, "Inner Unique": false, "Merge Cond": "(public.part.p_partkey = public.lineitem.l_partkey)", "Plans": [{"Node Type": "Sort", "Parent Relationship": "Outer", "Startup Cost": 72053.72, "Total Cost": 72058.72, "Plan Rows": 2001, "Plan Width": 8, "Sort Key": ["public.part.p_partkey"], "Plans": [{"Node Type": "Seq Scan", "Parent Relationship": "Outer", "Relation Name": "part", "Alias": "part", "Startup Cost": 0.0, "Total Cost": 71944.0, "Plan Rows": 2001, "Plan Width": 8, "Filter": "((p_brand = 'Brand#44'::bpchar) AND (p_container = 'WRAP PKG'::bpchar))"}]}, {"Node Type": "Sort", "Parent Relationship": "Inner", "Startup Cost": 9764884.32, "Total Cost": 9914851.9, "Plan Rows": 59987033, "Plan Width": 16, "Sort Key": ["public.lineitem.l_partkey"], "Plans": [{"Node Type": "Seq Scan", "Parent Relationship": "Outer", "Relation Name": "lineitem", "Alias": "lineitem", "Startup Cost": 0.0, "Total Cost": 2015115.33, "Plan Rows": 59987033, "Plan Width": 16}]}]}]}, {"Node Type": "Sort", "Parent Relationship": "Inner", "Startup Cost": 72053.72, "Total Cost": 72058.72, "Plan Rows": 2001, "Plan Width": 8, "Sort Key": ["public.part.p_partkey"], "Plans": [{"Node Type": "Seq Scan", "Parent Relationship": "Outer", "Relation Name": "part", "Alias": "part", "Startup Cost": 0.0, "Total Cost": 71944.0, "Plan Rows": 2001, "Plan Width": 8, "Filter": "((p_brand = 'Brand#44'::bpchar) AND (p_container = 'WRAP PKG'::bpchar))"}]}]}, {"Node Type": "Sort", "Parent Relationship": "Inner", "Startup Cost": 9764884.32, "Total Cost": 9914851.9, "Plan Rows": 59987033, "Plan Width": 24, "Sort Key": ["public.lineitem.l_partkey"], "Plans": [{"Node Type": "Seq Scan", "Parent Relationship": "Outer", "Relation Name": "lineitem", "Alias": "lineitem", "Startup Cost": 0.0, "Total Cost": 2015115.33, "Plan Rows": 59987033, "Plan Width": 24}]}]}]}, "Unique SQL Id": 1080450481}, "explain_analyze_plan": null}, "(64, 91)": {"explain_plan": {"Plan": {"Node Type": "Aggregate", "Strategy": "Plain", "Startup Cost": 4001573244062.54, "Total Cost": 4001573244062.55, "Plan Rows": 1, "Plan Width": 16, "Plans": [{"Node Type": "Merge Join", "Parent Relationship": "Outer", "Join Type": "Inner", "Startup Cost": 40000000000.0, "Total Cost": 4001573244060.52, "Plan Rows": 806, "Plan Width": 8, "Inner Unique": true, "Merge Cond": "(public.part.p_partkey = public.lineitem.l_partkey)", "Join Filter": "(public.lineitem.l_quantity < (.2::double precision * (avg(public.lineitem.l_quantity))))", "Plans": [{"Node Type": "Merge Join", "Parent Relationship": "Outer", "Join Type": "Inner", "Startup Cost": 20000000000.0, "Total Cost": 2000786621777.7, "Plan Rows": 11032, "Plan Width": 32, "Inner Unique": true, "Merge Cond": "(public.lineitem.l_partkey = public.part.p_partkey)", "Plans": [{"Node Type": "Index Scan", "Parent Relationship": "Outer", "Scan Direction": "Forward", "Index Name": "idx_lineitem_part_supp", "Relation Name": "lineitem", "Alias": "lineitem", "Startup Cost": 10000000000.0, "Total Cost": 1000775391319.64, "Plan Rows": 59987033, "Plan Width": 24}, {"Node Type": "Materialize", "Parent Relationship": "Inner", "Startup Cost": 10000000000.0, "Total Cost": 1000011080330.0, "Plan Rows": 2001, "Plan Width": 8, "Plans": [{"Node Type": "Index Scan", "Parent Relationship": "Outer", "Scan Direction": "Forward", "Index Name": "part_kpey", "Relation Name": "part", "Alias": "part", "Startup Cost": 10000000000.0, "Total Cost": 1000011080325.0, "Plan Rows": 2001, "Plan Width": 8, "Filter": "((p_brand = 'Brand#44'::bpchar) AND (p_container = 'WRAP PKG'::bpchar))"}]}]}, {"Node Type": "Materialize", "Parent Relationship": "Inner", "Startup Cost": 20000000000.0, "Total Cost": 2000786622191.4, "Plan Rows": 11032, "Plan Width": 16, "Plans": [{"Node Type": "Aggregate", "Strategy": "Sorted", "Parent Relationship": "Outer", "Startup Cost": 20000000000.0, "Total Cost": 2000786622053.5, "Plan Rows": 11032, "Plan Width": 80, "Group By Key": ["public.lineitem.l_partkey"], "Plans": [{"Node Type": "Merge Join", "Parent Relationship": "Outer", "Join Type": "Semi", "Startup Cost": 20000000000.0, "Total Cost": 2000786621777.7, "Plan Rows": 11032, "Plan Width": 16, "Inner Unique": false, "Merge Cond": "(public.lineitem.l_partkey = public.part.p_partkey)", "Plans": [{"Node Type": "Index Scan", "Parent Relationship": "Outer", "Scan Direction": "Forward", "Index Name": "idx_lineitem_part_supp", "Relation Name": "lineitem", "Alias": "lineitem", "Startup Cost": 10000000000.0, "Total Cost": 1000775391319.64, "Plan Rows": 59987033, "Plan Width": 16}, {"Node Type": "Materialize", "Parent Relationship": "Inner", "Startup Cost": 10000000000.0, "Total Cost": 1000011080330.0, "Plan Rows": 2001, "Plan Width": 8, "Plans": [{"Node Type": "Index Scan", "Parent Relationship": "Outer", "Scan Direction": "Forward", "Index Name": "part_kpey", "Relation Name": "part", "Alias": "part", "Startup Cost": 10000000000.0, "Total Cost": 1000011080325.0, "Plan Rows": 2001, "Plan Width": 8, "Filter": "((p_brand = 'Brand#44'::bpchar) AND (p_container = 'WRAP PKG'::bpchar))"}]}]}]}]}]}]}, "Unique SQL Id": 1080450481}, "explain_analyze_plan": null}, "(64, 92)": {"explain_plan": {"Plan": {"Node Type": "Aggregate", "Strategy": "Plain", "Startup Cost": 208324.62, "Total Cost": 208324.63, "Plan Rows": 1, "Plan Width": 16, "Plans": [{"Node Type": "Nested Loop", "Parent Relationship": "Outer", "Join Type": "Inner", "Startup Cost": 128691.05, "Total Cost": 208322.6, "Plan Rows": 806, "Plan Width": 8, "Inner Unique": false, "Plans": [{"Node Type": "Nested Loop", "Parent Relationship": "Outer", "Join Type": "Inner", "Startup Cost": 128691.05, "Total Cost": 196146.55, "Plan Rows": 438, "Plan Width": 24, "Inner Unique": true, "Plans": [{"Node Type": "Aggregate", "Strategy": "Hashed", "Parent Relationship": "Outer", "Startup Cost": 128691.05, "Total Cost": 128884.11, "Plan Rows": 11032, "Plan Width": 16, "Group By Key": ["public.lineitem.l_partkey"], "Plans": [{"Node Type": "Nested Loop", "Parent Relationship": "Outer", "Join Type": "Inner", "Startup Cost": 0.0, "Total Cost": 128608.31, "Plan Rows": 11032, "Plan Width": 16, "Inner Unique": false, "Plans": [{"Node Type": "Seq Scan", "Parent Relationship": "Outer", "Relation Name": "part", "Alias": "part", "Startup Cost": 0.0, "Total Cost": 71944.0, "Plan Rows": 2001, "Plan Width": 8, "Filter": "((p_brand = 'Brand#44'::bpchar) AND (p_container = 'WRAP PKG'::bpchar))"}, {"Node Type": "Index Scan", "Parent Relationship": "Inner", "Scan Direction": "Forward", "Index Name": "idx_lineitem_part_supp", "Relation Name": "lineitem", "Alias": "lineitem", "Startup Cost": 0.0, "Total Cost": 28.26, "Plan Rows": 6, "Plan Width": 16, "Index Cond": "(l_partkey = public.part.p_partkey)"}]}]}, {"Node Type": "Index Scan", "Parent Relationship": "Inner", "Scan Direction": "Forward", "Index Name": "part_kpey", "Relation Name": "part", "Alias": "part", "Startup Cost": 0.0, "Total Cost": 6.08, "Plan Rows": 1, "Plan Width": 8, "Index Cond": "(p_partkey = public.lineitem.l_partkey)", "Filter": "((p_brand = 'Brand#44'::bpchar) AND (p_container = 'WRAP PKG'::bpchar))"}]}, {"Node Type": "Index Scan", "Parent Relationship": "Inner", "Scan Direction": "Forward", "Index Name": "idx_lineitem_part_supp", "Relation Name": "lineitem", "Alias": "lineitem", "Startup Cost": 0.0, "Total Cost": 27.78, "Plan Rows": 2, "Plan Width": 24, "Index Cond": "(l_partkey = public.lineitem.l_partkey)", "Filter": "(l_quantity < (.2::double precision * (avg(public.lineitem.l_quantity))))"}]}]}, "Unique SQL Id": 1080450481}, "explain_analyze_plan": {"Plan": {"Node Type": "Aggregate", "Strategy": "Plain", "Startup Cost": 208324.62, "Total Cost": 208324.63, "Plan Rows": 1, "Plan Width": 16, "Actual Startup Time": 1237.71, "Actual Total Time": 1237.71, "Actual Rows": 1, "Actual Loops": 1, "Plans": [{"Node Type": "Nested Loop", "Parent Relationship": "Outer", "Join Type": "Inner", "Startup Cost": 128691.05, "Total Cost": 208322.6, "Plan Rows": 806, "Plan Width": 8, "Actual Startup Time": 1029.199, "Actual Total Time": 1236.739, "Actual Rows": 5403, "Actual Loops": 1, "Inner Unique": false, "Plans": [{"Node Type": "Nested Loop", "Parent Relationship": "Outer", "Join Type": "Inner", "Startup Cost": 128691.05, "Total Cost": 196146.55, "Plan Rows": 438, "Plan Width": 24, "Actual Startup Time": 1029.156, "Actual Total Time": 1050.822, "Actual Rows": 2003, "Actual Loops": 1, "Inner Unique": true, "Plans": [{"Node Type": "Aggregate", "Strategy": "Hashed", "Parent Relationship": "Outer", "Startup Cost": 128691.05, "Total Cost": 128884.11, "Plan Rows": 11032, "Plan Width": 16, "Actual Startup Time": 1029.115, "Actual Total Time": 1030.893, "Actual Rows": 2003, "Actual Loops": 1, "Group By Key": ["public.lineitem.l_partkey"], "Plans": [{"Node Type": "Nested Loop", "Parent Relationship": "Outer", "Join Type": "Inner", "Startup Cost": 0.0, "Total Cost": 128608.31, "Plan Rows": 11032, "Plan Width": 16, "Actual Startup Time": 0.391, "Actual Total Time": 988.045, "Actual Rows": 60021, "Actual Loops": 1, "Inner Unique": false, "Plans": [{"Node Type": "Seq Scan", "Parent Relationship": "Outer", "Relation Name": "part", "Alias": "part", "Startup Cost": 0.0, "Total Cost": 71944.0, "Plan Rows": 2001, "Plan Width": 8, "Actual Startup Time": 0.368, "Actual Total Time": 794.914, "Actual Rows": 2003, "Actual Loops": 1, "Filter": "((p_brand = 'Brand#44'::bpchar) AND (p_container = 'WRAP PKG'::bpchar))", "Rows Removed by Filter": 1997997}, {"Node Type": "Index Scan", "Parent Relationship": "Inner", "Scan Direction": "Forward", "Index Name": "idx_lineitem_part_supp", "Relation Name": "lineitem", "Alias": "lineitem", "Startup Cost": 0.0, "Total Cost": 28.26, "Plan Rows": 6, "Plan Width": 16, "Actual Startup Time": 25.038, "Actual Total Time": 178.698, "Actual Rows": 60021, "Actual Loops": 2003, "Index Cond": "(l_partkey = public.part.p_partkey)", "Rows Removed by Index Recheck": 0}]}]}, {"Node Type": "Index Scan", "Parent Relationship": "Inner", "Scan Direction": "Forward", "Index Name": "part_kpey", "Relation Name": "part", "Alias": "part", "Startup Cost": 0.0, "Total Cost": 6.08, "Plan Rows": 1, "Plan Width": 8, "Actual Startup Time": 18.14, "Actual Total Time": 18.14, "Actual Rows": 2003, "Actual Loops": 2003, "Index Cond": "(p_partkey = public.lineitem.l_partkey)", "Rows Removed by Index Recheck": 0, "Filter": "((p_brand = 'Brand#44'::bpchar) AND (p_container = 'WRAP PKG'::bpchar))", "Rows Removed by Filter": 0}]}, {"Node Type": "Index Scan", "Parent Relationship": "Inner", "Scan Direction": "Forward", "Index Name": "idx_lineitem_part_supp", "Relation Name": "lineitem", "Alias": "lineitem", "Startup Cost": 0.0, "Total Cost": 27.78, "Plan Rows": 2, "Plan Width": 24, "Actual Startup Time": 74.664, "Actual Total Time": 183.579, "Actual Rows": 5403, "Actual Loops": 2003, "Index Cond": "(l_partkey = public.lineitem.l_partkey)", "Rows Removed by Index Recheck": 0, "Filter": "(l_quantity < (.2::double precision * (avg(public.lineitem.l_quantity))))", "Rows Removed by Filter": 54618}]}]}, "Triggers": [], "Planner Runtime": 1.459, "Total Runtime": 1237.93, "Unique SQL Id": 1080450481}}, "(64, 93)": {"explain_plan": {"Plan": {"Node Type": "Aggregate", "Strategy": "Plain", "Startup Cost": 247183.87, "Total Cost": 247183.88, "Plan Rows": 1, "Plan Width": 16, "Plans": [{"Node Type": "Nested Loop", "Parent Relationship": "Outer", "Join Type": "Inner", "Startup Cost": 0.0, "Total Cost": 247181.85, "Plan Rows": 806, "Plan Width": 8, "Inner Unique": false, "Plans": [{"Node Type": "Nested Loop", "Parent Relationship": "Outer", "Join Type": "Inner", "Startup Cost": 0.0, "Total Cost": 235005.8, "Plan Rows": 438, "Plan Width": 24, "Inner Unique": true, "Plans": [{"Node Type": "Aggregate", "Strategy": "Sorted", "Parent Relationship": "Outer", "Startup Cost": 0.0, "Total Cost": 167743.36, "Plan Rows": 11032, "Plan Width": 80, "Group By Key": ["public.lineitem.l_partkey"], "Plans": [{"Node Type": "Nested Loop", "Parent Relationship": "Outer", "Join Type": "Inner", "Startup Cost": 0.0, "Total Cost": 167467.56, "Plan Rows": 11032, "Plan Width": 16, "Inner Unique": false, "Plans": [{"Node Type": "Index Scan", "Parent Relationship": "Outer", "Scan Direction": "Forward", "Index Name": "part_kpey", "Relation Name": "part", "Alias": "part", "Startup Cost": 0.0, "Total Cost": 110803.25, "Plan Rows": 2001, "Plan Width": 8, "Filter": "((p_brand = 'Brand#44'::bpchar) AND (p_container = 'WRAP PKG'::bpchar))"}, {"Node Type": "Index Scan", "Parent Relationship": "Inner", "Scan Direction": "Forward", "Index Name": "idx_lineitem_part_supp", "Relation Name": "lineitem", "Alias": "lineitem", "Startup Cost": 0.0, "Total Cost": 28.26, "Plan Rows": 6, "Plan Width": 16, "Index Cond": "(l_partkey = public.part.p_partkey)"}]}]}, {"Node Type": "Index Scan", "Parent Relationship": "Inner", "Scan Direction": "Forward", "Index Name": "part_kpey", "Relation Name": "part", "Alias": "part", "Startup Cost": 0.0, "Total Cost": 6.08, "Plan Rows": 1, "Plan Width": 8, "Index Cond": "(p_partkey = public.lineitem.l_partkey)", "Filter": "((p_brand = 'Brand#44'::bpchar) AND (p_container = 'WRAP PKG'::bpchar))"}]}, {"Node Type": "Index Scan", "Parent Relationship": "Inner", "Scan Direction": "Forward", "Index Name": "idx_lineitem_part_supp", "Relation Name": "lineitem", "Alias": "lineitem", "Startup Cost": 0.0, "Total Cost": 27.78, "Plan Rows": 2, "Plan Width": 24, "Index Cond": "(l_partkey = public.lineitem.l_partkey)", "Filter": "(l_quantity < (.2::double precision * (avg(public.lineitem.l_quantity))))"}]}]}, "Unique SQL Id": 1080450481}, "explain_analyze_plan": {"Plan": {"Node Type": "Aggregate", "Strategy": "Plain", "Startup Cost": 247183.87, "Total Cost": 247183.88, "Plan Rows": 1, "Plan Width": 16, "Actual Startup Time": 1786.581, "Actual Total Time": 1786.581, "Actual Rows": 1, "Actual Loops": 1, "Plans": [{"Node Type": "Nested Loop", "Parent Relationship": "Outer", "Join Type": "Inner", "Startup Cost": 0.0, "Total Cost": 247181.85, "Plan Rows": 806, "Plan Width": 8, "Actual Startup Time": 2.095, "Actual Total Time": 1785.363, "Actual Rows": 5403, "Actual Loops": 1, "Inner Unique": false, "Plans": [{"Node Type": "Nested Loop", "Parent Relationship": "Outer", "Join Type": "Inner", "Startup Cost": 0.0, "Total Cost": 235005.8, "Plan Rows": 438, "Plan Width": 24, "Actual Startup Time": 2.05, "Actual Total Time": 1705.146, "Actual Rows": 2003, "Actual Loops": 1, "Inner Unique": true, "Plans": [{"Node Type": "Aggregate", "Strategy": "Sorted", "Parent Relationship": "Outer", "Startup Cost": 0.0, "Total Cost": 167743.36, "Plan Rows": 11032, "Plan Width": 80, "Actual Startup Time": 2.039, "Actual Total Time": 1693.01, "Actual Rows": 2003, "Actual Loops": 1, "Group By Key": ["public.lineitem.l_partkey"], "Plans": [{"Node Type": "Nested Loop", "Parent Relationship": "Outer", "Join Type": "Inner", "Startup Cost": 0.0, "Total Cost": 167467.56, "Plan Rows": 11032, "Plan Width": 16, "Actual Startup Time": 0.668, "Actual Total Time": 1660.016, "Actual Rows": 60021, "Actual Loops": 1, "Inner Unique": false, "Plans": [{"Node Type": "Index Scan", "Parent Relationship": "Outer", "Scan Direction": "Forward", "Index Name": "part_kpey", "Relation Name": "part", "Alias": "part", "Startup Cost": 0.0, "Total Cost": 110803.25, "Plan Rows": 2001, "Plan Width": 8, "Actual Startup Time": 0.649, "Actual Total Time": 1460.778, "Actual Rows": 2003, "Actual Loops": 1, "Filter": "((p_brand = 'Brand#44'::bpchar) AND (p_container = 'WRAP PKG'::bpchar))", "Rows Removed by Filter": 1997997}, {"Node Type": "Index Scan", "Parent Relationship": "Inner", "Scan Direction": "Forward", "Index Name": "idx_lineitem_part_supp", "Relation Name": "lineitem", "Alias": "lineitem", "Startup Cost": 0.0, "Total Cost": 28.26, "Plan Rows": 6, "Plan Width": 16, "Actual Startup Time": 23.917, "Actual Total Time": 183.588, "Actual Rows": 60021, "Actual Loops": 2003, "Index Cond": "(l_partkey = public.part.p_partkey)", "Rows Removed by Index Recheck": 0}]}]}, {"Node Type": "Index Scan", "Parent Relationship": "Inner", "Scan Direction": "Forward", "Index Name": "part_kpey", "Relation Name": "part", "Alias": "part", "Startup Cost": 0.0, "Total Cost": 6.08, "Plan Rows": 1, "Plan Width": 8, "Actual Startup Time": 9.552, "Actual Total Time": 9.552, "Actual Rows": 2003, "Actual Loops": 2003, "Index Cond": "(p_partkey = public.lineitem.l_partkey)", "Rows Removed by Index Recheck": 0, "Filter": "((p_brand = 'Brand#44'::bpchar) AND (p_container = 'WRAP PKG'::bpchar))", "Rows Removed by Filter": 0}]}, {"Node Type": "Index Scan", "Parent Relationship": "Inner", "Scan Direction": "Forward", "Index Name": "idx_lineitem_part_supp", "Relation Name": "lineitem", "Alias": "lineitem", "Startup Cost": 0.0, "Total Cost": 27.78, "Plan Rows": 2, "Plan Width": 24, "Actual Startup Time": 33.922, "Actual Total Time": 77.009, "Actual Rows": 5403, "Actual Loops": 2003, "Index Cond": "(l_partkey = public.lineitem.l_partkey)", "Rows Removed by Index Recheck": 0, "Filter": "(l_quantity < (.2::double precision * (avg(public.lineitem.l_quantity))))", "Rows Removed by Filter": 54618}]}]}, "Triggers": [], "Planner Runtime": 1.403, "Total Runtime": 1786.803, "Unique SQL Id": 1080450481}}, "(64, 94)": {"explain_plan": {"Plan": {"Node Type": "Aggregate", "Strategy": "Plain", "Startup Cost": 20274334.15, "Total Cost": 20274334.16, "Plan Rows": 1, "Plan Width": 16, "Plans": [{"Node Type": "Merge Join", "Parent Relationship": "Outer", "Join Type": "Inner", "Startup Cost": 19673876.07, "Total Cost": 20274332.13, "Plan Rows": 806, "Plan Width": 8, "Inner Unique": false, "Merge Cond": "(public.lineitem.l_partkey = public.lineitem.l_partkey)", "Join Filter": "(public.lineitem.l_quantity < (.2::double precision * (avg(public.lineitem.l_quantity))))", "Plans": [{"Node Type": "Merge Join", "Parent Relationship": "Outer", "Join Type": "Inner", "Startup Cost": 9908991.76, "Total Cost": 10209475.33, "Plan Rows": 438, "Plan Width": 24, "Inner Unique": true, "Merge Cond": "(public.lineitem.l_partkey = public.part.p_partkey)", "Plans": [{"Node Type": "Aggregate", "Strategy": "Sorted", "Parent Relationship": "Outer", "Startup Cost": 9836938.04, "Total Cost": 10137269.33, "Plan Rows": 11032, "Plan Width": 80, "Group By Key": ["public.lineitem.l_partkey"], "Plans": [{"Node Type": "Merge Join", "Parent Relationship": "Outer", "Join Type": "Inner", "Startup Cost": 9836938.04, "Total Cost": 10136993.53, "Plan Rows": 11032, "Plan Width": 16, "Inner Unique": false, "Merge Cond": "(public.part.p_partkey = public.lineitem.l_partkey)", "Plans": [{"Node Type": "Sort", "Parent Relationship": "Outer", "Startup Cost": 72053.72, "Total Cost": 72058.72, "Plan Rows": 2001, "Plan Width": 8, "Sort Key": ["public.part.p_partkey"], "Plans": [{"Node Type": "Seq Scan", "Parent Relationship": "Outer", "Relation Name": "part", "Alias": "part", "Startup Cost": 0.0, "Total Cost": 71944.0, "Plan Rows": 2001, "Plan Width": 8, "Filter": "((p_brand = 'Brand#44'::bpchar) AND (p_container = 'WRAP PKG'::bpchar))"}]}, {"Node Type": "Sort", "Parent Relationship": "Inner", "Startup Cost": 9764884.32, "Total Cost": 9914851.9, "Plan Rows": 59987033, "Plan Width": 16, "Sort Key": ["public.lineitem.l_partkey"], "Plans": [{"Node Type": "Seq Scan", "Parent Relationship": "Outer", "Relation Name": "lineitem", "Alias": "lineitem", "Startup Cost": 0.0, "Total Cost": 2015115.33, "Plan Rows": 59987033, "Plan Width": 16}]}]}]}, {"Node Type": "Sort", "Parent Relationship": "Inner", "Startup Cost": 72053.72, "Total Cost": 72058.72, "Plan Rows": 2001, "Plan Width": 8, "Sort Key": ["public.part.p_partkey"], "Plans": [{"Node Type": "Seq Scan", "Parent Relationship": "Outer", "Relation Name": "part", "Alias": "part", "Startup Cost": 0.0, "Total Cost": 71944.0, "Plan Rows": 2001, "Plan Width": 8, "Filter": "((p_brand = 'Brand#44'::bpchar) AND (p_container = 'WRAP PKG'::bpchar))"}]}]}, {"Node Type": "Sort", "Parent Relationship": "Inner", "Startup Cost": 9764884.32, "Total Cost": 9914851.9, "Plan Rows": 59987033, "Plan Width": 24, "Sort Key": ["public.lineitem.l_partkey"], "Plans": [{"Node Type": "Seq Scan", "Parent Relationship": "Outer", "Relation Name": "lineitem", "Alias": "lineitem", "Startup Cost": 0.0, "Total Cost": 2015115.33, "Plan Rows": 59987033, "Plan Width": 24}]}]}]}, "Unique SQL Id": 1080450481}, "explain_analyze_plan": null}, "(64, 95)": {"explain_plan": {"Plan": {"Node Type": "Aggregate", "Strategy": "Plain", "Startup Cost": 4001573244062.54, "Total Cost": 4001573244062.55, "Plan Rows": 1, "Plan Width": 16, "Plans": [{"Node Type": "Merge Join", "Parent Relationship": "Outer", "Join Type": "Inner", "Startup Cost": 40000000000.0, "Total Cost": 4001573244060.52, "Plan Rows": 806, "Plan Width": 8, "Inner Unique": true, "Merge Cond": "(public.part.p_partkey = public.lineitem.l_partkey)", "Join Filter": "(public.lineitem.l_quantity < (.2::double precision * (avg(public.lineitem.l_quantity))))", "Plans": [{"Node Type": "Merge Join", "Parent Relationship": "Outer", "Join Type": "Inner", "Startup Cost": 20000000000.0, "Total Cost": 2000786621777.7, "Plan Rows": 11032, "Plan Width": 32, "Inner Unique": true, "Merge Cond": "(public.lineitem.l_partkey = public.part.p_partkey)", "Plans": [{"Node Type": "Index Scan", "Parent Relationship": "Outer", "Scan Direction": "Forward", "Index Name": "idx_lineitem_part_supp", "Relation Name": "lineitem", "Alias": "lineitem", "Startup Cost": 10000000000.0, "Total Cost": 1000775391319.64, "Plan Rows": 59987033, "Plan Width": 24}, {"Node Type": "Materialize", "Parent Relationship": "Inner", "Startup Cost": 10000000000.0, "Total Cost": 1000011080330.0, "Plan Rows": 2001, "Plan Width": 8, "Plans": [{"Node Type": "Index Scan", "Parent Relationship": "Outer", "Scan Direction": "Forward", "Index Name": "part_kpey", "Relation Name": "part", "Alias": "part", "Startup Cost": 10000000000.0, "Total Cost": 1000011080325.0, "Plan Rows": 2001, "Plan Width": 8, "Filter": "((p_brand = 'Brand#44'::bpchar) AND (p_container = 'WRAP PKG'::bpchar))"}]}]}, {"Node Type": "Materialize", "Parent Relationship": "Inner", "Startup Cost": 20000000000.0, "Total Cost": 2000786622191.4, "Plan Rows": 11032, "Plan Width": 16, "Plans": [{"Node Type": "Aggregate", "Strategy": "Sorted", "Parent Relationship": "Outer", "Startup Cost": 20000000000.0, "Total Cost": 2000786622053.5, "Plan Rows": 11032, "Plan Width": 80, "Group By Key": ["public.lineitem.l_partkey"], "Plans": [{"Node Type": "Merge Join", "Parent Relationship": "Outer", "Join Type": "Semi", "Startup Cost": 20000000000.0, "Total Cost": 2000786621777.7, "Plan Rows": 11032, "Plan Width": 16, "Inner Unique": false, "Merge Cond": "(public.lineitem.l_partkey = public.part.p_partkey)", "Plans": [{"Node Type": "Index Scan", "Parent Relationship": "Outer", "Scan Direction": "Forward", "Index Name": "idx_lineitem_part_supp", "Relation Name": "lineitem", "Alias": "lineitem", "Startup Cost": 10000000000.0, "Total Cost": 1000775391319.64, "Plan Rows": 59987033, "Plan Width": 16}, {"Node Type": "Materialize", "Parent Relationship": "Inner", "Startup Cost": 10000000000.0, "Total Cost": 1000011080330.0, "Plan Rows": 2001, "Plan Width": 8, "Plans": [{"Node Type": "Index Scan", "Parent Relationship": "Outer", "Scan Direction": "Forward", "Index Name": "part_kpey", "Relation Name": "part", "Alias": "part", "Startup Cost": 10000000000.0, "Total Cost": 1000011080325.0, "Plan Rows": 2001, "Plan Width": 8, "Filter": "((p_brand = 'Brand#44'::bpchar) AND (p_container = 'WRAP PKG'::bpchar))"}]}]}]}]}]}]}, "Unique SQL Id": 1080450481}, "explain_analyze_plan": null}, "(64, 96)": {"explain_plan": {"Plan": {"Node Type": "Aggregate", "Strategy": "Plain", "Startup Cost": 208324.62, "Total Cost": 208324.63, "Plan Rows": 1, "Plan Width": 16, "Plans": [{"Node Type": "Nested Loop", "Parent Relationship": "Outer", "Join Type": "Inner", "Startup Cost": 128691.05, "Total Cost": 208322.6, "Plan Rows": 806, "Plan Width": 8, "Inner Unique": false, "Plans": [{"Node Type": "Nested Loop", "Parent Relationship": "Outer", "Join Type": "Inner", "Startup Cost": 128691.05, "Total Cost": 196146.55, "Plan Rows": 438, "Plan Width": 24, "Inner Unique": true, "Plans": [{"Node Type": "Aggregate", "Strategy": "Hashed", "Parent Relationship": "Outer", "Startup Cost": 128691.05, "Total Cost": 128884.11, "Plan Rows": 11032, "Plan Width": 16, "Group By Key": ["public.lineitem.l_partkey"], "Plans": [{"Node Type": "Nested Loop", "Parent Relationship": "Outer", "Join Type": "Inner", "Startup Cost": 0.0, "Total Cost": 128608.31, "Plan Rows": 11032, "Plan Width": 16, "Inner Unique": false, "Plans": [{"Node Type": "Seq Scan", "Parent Relationship": "Outer", "Relation Name": "part", "Alias": "part", "Startup Cost": 0.0, "Total Cost": 71944.0, "Plan Rows": 2001, "Plan Width": 8, "Filter": "((p_brand = 'Brand#44'::bpchar) AND (p_container = 'WRAP PKG'::bpchar))"}, {"Node Type": "Index Scan", "Parent Relationship": "Inner", "Scan Direction": "Forward", "Index Name": "idx_lineitem_part_supp", "Relation Name": "lineitem", "Alias": "lineitem", "Startup Cost": 0.0, "Total Cost": 28.26, "Plan Rows": 6, "Plan Width": 16, "Index Cond": "(l_partkey = public.part.p_partkey)"}]}]}, {"Node Type": "Index Scan", "Parent Relationship": "Inner", "Scan Direction": "Forward", "Index Name": "part_kpey", "Relation Name": "part", "Alias": "part", "Startup Cost": 0.0, "Total Cost": 6.08, "Plan Rows": 1, "Plan Width": 8, "Index Cond": "(p_partkey = public.lineitem.l_partkey)", "Filter": "((p_brand = 'Brand#44'::bpchar) AND (p_container = 'WRAP PKG'::bpchar))"}]}, {"Node Type": "Index Scan", "Parent Relationship": "Inner", "Scan Direction": "Forward", "Index Name": "idx_lineitem_part_supp", "Relation Name": "lineitem", "Alias": "lineitem", "Startup Cost": 0.0, "Total Cost": 27.78, "Plan Rows": 2, "Plan Width": 24, "Index Cond": "(l_partkey = public.lineitem.l_partkey)", "Filter": "(l_quantity < (.2::double precision * (avg(public.lineitem.l_quantity))))"}]}]}, "Unique SQL Id": 1080450481}, "explain_analyze_plan": {"Plan": {"Node Type": "Aggregate", "Strategy": "Plain", "Startup Cost": 208324.62, "Total Cost": 208324.63, "Plan Rows": 1, "Plan Width": 16, "Actual Startup Time": 1237.71, "Actual Total Time": 1237.71, "Actual Rows": 1, "Actual Loops": 1, "Plans": [{"Node Type": "Nested Loop", "Parent Relationship": "Outer", "Join Type": "Inner", "Startup Cost": 128691.05, "Total Cost": 208322.6, "Plan Rows": 806, "Plan Width": 8, "Actual Startup Time": 1029.199, "Actual Total Time": 1236.739, "Actual Rows": 5403, "Actual Loops": 1, "Inner Unique": false, "Plans": [{"Node Type": "Nested Loop", "Parent Relationship": "Outer", "Join Type": "Inner", "Startup Cost": 128691.05, "Total Cost": 196146.55, "Plan Rows": 438, "Plan Width": 24, "Actual Startup Time": 1029.156, "Actual Total Time": 1050.822, "Actual Rows": 2003, "Actual Loops": 1, "Inner Unique": true, "Plans": [{"Node Type": "Aggregate", "Strategy": "Hashed", "Parent Relationship": "Outer", "Startup Cost": 128691.05, "Total Cost": 128884.11, "Plan Rows": 11032, "Plan Width": 16, "Actual Startup Time": 1029.115, "Actual Total Time": 1030.893, "Actual Rows": 2003, "Actual Loops": 1, "Group By Key": ["public.lineitem.l_partkey"], "Plans": [{"Node Type": "Nested Loop", "Parent Relationship": "Outer", "Join Type": "Inner", "Startup Cost": 0.0, "Total Cost": 128608.31, "Plan Rows": 11032, "Plan Width": 16, "Actual Startup Time": 0.391, "Actual Total Time": 988.045, "Actual Rows": 60021, "Actual Loops": 1, "Inner Unique": false, "Plans": [{"Node Type": "Seq Scan", "Parent Relationship": "Outer", "Relation Name": "part", "Alias": "part", "Startup Cost": 0.0, "Total Cost": 71944.0, "Plan Rows": 2001, "Plan Width": 8, "Actual Startup Time": 0.368, "Actual Total Time": 794.914, "Actual Rows": 2003, "Actual Loops": 1, "Filter": "((p_brand = 'Brand#44'::bpchar) AND (p_container = 'WRAP PKG'::bpchar))", "Rows Removed by Filter": 1997997}, {"Node Type": "Index Scan", "Parent Relationship": "Inner", "Scan Direction": "Forward", "Index Name": "idx_lineitem_part_supp", "Relation Name": "lineitem", "Alias": "lineitem", "Startup Cost": 0.0, "Total Cost": 28.26, "Plan Rows": 6, "Plan Width": 16, "Actual Startup Time": 25.038, "Actual Total Time": 178.698, "Actual Rows": 60021, "Actual Loops": 2003, "Index Cond": "(l_partkey = public.part.p_partkey)", "Rows Removed by Index Recheck": 0}]}]}, {"Node Type": "Index Scan", "Parent Relationship": "Inner", "Scan Direction": "Forward", "Index Name": "part_kpey", "Relation Name": "part", "Alias": "part", "Startup Cost": 0.0, "Total Cost": 6.08, "Plan Rows": 1, "Plan Width": 8, "Actual Startup Time": 18.14, "Actual Total Time": 18.14, "Actual Rows": 2003, "Actual Loops": 2003, "Index Cond": "(p_partkey = public.lineitem.l_partkey)", "Rows Removed by Index Recheck": 0, "Filter": "((p_brand = 'Brand#44'::bpchar) AND (p_container = 'WRAP PKG'::bpchar))", "Rows Removed by Filter": 0}]}, {"Node Type": "Index Scan", "Parent Relationship": "Inner", "Scan Direction": "Forward", "Index Name": "idx_lineitem_part_supp", "Relation Name": "lineitem", "Alias": "lineitem", "Startup Cost": 0.0, "Total Cost": 27.78, "Plan Rows": 2, "Plan Width": 24, "Actual Startup Time": 74.664, "Actual Total Time": 183.579, "Actual Rows": 5403, "Actual Loops": 2003, "Index Cond": "(l_partkey = public.lineitem.l_partkey)", "Rows Removed by Index Recheck": 0, "Filter": "(l_quantity < (.2::double precision * (avg(public.lineitem.l_quantity))))", "Rows Removed by Filter": 54618}]}]}, "Triggers": [], "Planner Runtime": 1.459, "Total Runtime": 1237.93, "Unique SQL Id": 1080450481}}, "(64, 97)": {"explain_plan": {"Plan": {"Node Type": "Aggregate", "Strategy": "Plain", "Startup Cost": 247183.87, "Total Cost": 247183.88, "Plan Rows": 1, "Plan Width": 16, "Plans": [{"Node Type": "Nested Loop", "Parent Relationship": "Outer", "Join Type": "Inner", "Startup Cost": 0.0, "Total Cost": 247181.85, "Plan Rows": 806, "Plan Width": 8, "Inner Unique": false, "Plans": [{"Node Type": "Nested Loop", "Parent Relationship": "Outer", "Join Type": "Inner", "Startup Cost": 0.0, "Total Cost": 235005.8, "Plan Rows": 438, "Plan Width": 24, "Inner Unique": true, "Plans": [{"Node Type": "Aggregate", "Strategy": "Sorted", "Parent Relationship": "Outer", "Startup Cost": 0.0, "Total Cost": 167743.36, "Plan Rows": 11032, "Plan Width": 80, "Group By Key": ["public.lineitem.l_partkey"], "Plans": [{"Node Type": "Nested Loop", "Parent Relationship": "Outer", "Join Type": "Inner", "Startup Cost": 0.0, "Total Cost": 167467.56, "Plan Rows": 11032, "Plan Width": 16, "Inner Unique": false, "Plans": [{"Node Type": "Index Scan", "Parent Relationship": "Outer", "Scan Direction": "Forward", "Index Name": "part_kpey", "Relation Name": "part", "Alias": "part", "Startup Cost": 0.0, "Total Cost": 110803.25, "Plan Rows": 2001, "Plan Width": 8, "Filter": "((p_brand = 'Brand#44'::bpchar) AND (p_container = 'WRAP PKG'::bpchar))"}, {"Node Type": "Index Scan", "Parent Relationship": "Inner", "Scan Direction": "Forward", "Index Name": "idx_lineitem_part_supp", "Relation Name": "lineitem", "Alias": "lineitem", "Startup Cost": 0.0, "Total Cost": 28.26, "Plan Rows": 6, "Plan Width": 16, "Index Cond": "(l_partkey = public.part.p_partkey)"}]}]}, {"Node Type": "Index Scan", "Parent Relationship": "Inner", "Scan Direction": "Forward", "Index Name": "part_kpey", "Relation Name": "part", "Alias": "part", "Startup Cost": 0.0, "Total Cost": 6.08, "Plan Rows": 1, "Plan Width": 8, "Index Cond": "(p_partkey = public.lineitem.l_partkey)", "Filter": "((p_brand = 'Brand#44'::bpchar) AND (p_container = 'WRAP PKG'::bpchar))"}]}, {"Node Type": "Index Scan", "Parent Relationship": "Inner", "Scan Direction": "Forward", "Index Name": "idx_lineitem_part_supp", "Relation Name": "lineitem", "Alias": "lineitem", "Startup Cost": 0.0, "Total Cost": 27.78, "Plan Rows": 2, "Plan Width": 24, "Index Cond": "(l_partkey = public.lineitem.l_partkey)", "Filter": "(l_quantity < (.2::double precision * (avg(public.lineitem.l_quantity))))"}]}]}, "Unique SQL Id": 1080450481}, "explain_analyze_plan": {"Plan": {"Node Type": "Aggregate", "Strategy": "Plain", "Startup Cost": 247183.87, "Total Cost": 247183.88, "Plan Rows": 1, "Plan Width": 16, "Actual Startup Time": 1786.581, "Actual Total Time": 1786.581, "Actual Rows": 1, "Actual Loops": 1, "Plans": [{"Node Type": "Nested Loop", "Parent Relationship": "Outer", "Join Type": "Inner", "Startup Cost": 0.0, "Total Cost": 247181.85, "Plan Rows": 806, "Plan Width": 8, "Actual Startup Time": 2.095, "Actual Total Time": 1785.363, "Actual Rows": 5403, "Actual Loops": 1, "Inner Unique": false, "Plans": [{"Node Type": "Nested Loop", "Parent Relationship": "Outer", "Join Type": "Inner", "Startup Cost": 0.0, "Total Cost": 235005.8, "Plan Rows": 438, "Plan Width": 24, "Actual Startup Time": 2.05, "Actual Total Time": 1705.146, "Actual Rows": 2003, "Actual Loops": 1, "Inner Unique": true, "Plans": [{"Node Type": "Aggregate", "Strategy": "Sorted", "Parent Relationship": "Outer", "Startup Cost": 0.0, "Total Cost": 167743.36, "Plan Rows": 11032, "Plan Width": 80, "Actual Startup Time": 2.039, "Actual Total Time": 1693.01, "Actual Rows": 2003, "Actual Loops": 1, "Group By Key": ["public.lineitem.l_partkey"], "Plans": [{"Node Type": "Nested Loop", "Parent Relationship": "Outer", "Join Type": "Inner", "Startup Cost": 0.0, "Total Cost": 167467.56, "Plan Rows": 11032, "Plan Width": 16, "Actual Startup Time": 0.668, "Actual Total Time": 1660.016, "Actual Rows": 60021, "Actual Loops": 1, "Inner Unique": false, "Plans": [{"Node Type": "Index Scan", "Parent Relationship": "Outer", "Scan Direction": "Forward", "Index Name": "part_kpey", "Relation Name": "part", "Alias": "part", "Startup Cost": 0.0, "Total Cost": 110803.25, "Plan Rows": 2001, "Plan Width": 8, "Actual Startup Time": 0.649, "Actual Total Time": 1460.778, "Actual Rows": 2003, "Actual Loops": 1, "Filter": "((p_brand = 'Brand#44'::bpchar) AND (p_container = 'WRAP PKG'::bpchar))", "Rows Removed by Filter": 1997997}, {"Node Type": "Index Scan", "Parent Relationship": "Inner", "Scan Direction": "Forward", "Index Name": "idx_lineitem_part_supp", "Relation Name": "lineitem", "Alias": "lineitem", "Startup Cost": 0.0, "Total Cost": 28.26, "Plan Rows": 6, "Plan Width": 16, "Actual Startup Time": 23.917, "Actual Total Time": 183.588, "Actual Rows": 60021, "Actual Loops": 2003, "Index Cond": "(l_partkey = public.part.p_partkey)", "Rows Removed by Index Recheck": 0}]}]}, {"Node Type": "Index Scan", "Parent Relationship": "Inner", "Scan Direction": "Forward", "Index Name": "part_kpey", "Relation Name": "part", "Alias": "part", "Startup Cost": 0.0, "Total Cost": 6.08, "Plan Rows": 1, "Plan Width": 8, "Actual Startup Time": 9.552, "Actual Total Time": 9.552, "Actual Rows": 2003, "Actual Loops": 2003, "Index Cond": "(p_partkey = public.lineitem.l_partkey)", "Rows Removed by Index Recheck": 0, "Filter": "((p_brand = 'Brand#44'::bpchar) AND (p_container = 'WRAP PKG'::bpchar))", "Rows Removed by Filter": 0}]}, {"Node Type": "Index Scan", "Parent Relationship": "Inner", "Scan Direction": "Forward", "Index Name": "idx_lineitem_part_supp", "Relation Name": "lineitem", "Alias": "lineitem", "Startup Cost": 0.0, "Total Cost": 27.78, "Plan Rows": 2, "Plan Width": 24, "Actual Startup Time": 33.922, "Actual Total Time": 77.009, "Actual Rows": 5403, "Actual Loops": 2003, "Index Cond": "(l_partkey = public.lineitem.l_partkey)", "Rows Removed by Index Recheck": 0, "Filter": "(l_quantity < (.2::double precision * (avg(public.lineitem.l_quantity))))", "Rows Removed by Filter": 54618}]}]}, "Triggers": [], "Planner Runtime": 1.403, "Total Runtime": 1786.803, "Unique SQL Id": 1080450481}}, "(64, 98)": {"explain_plan": {"Plan": {"Node Type": "Aggregate", "Strategy": "Plain", "Startup Cost": 213754.44, "Total Cost": 213754.45, "Plan Rows": 1, "Plan Width": 16, "Plans": [{"Node Type": "Nested Loop", "Parent Relationship": "Outer", "Join Type": "Inner", "Startup Cost": 129265.51, "Total Cost": 213752.42, "Plan Rows": 806, "Plan Width": 8, "Inner Unique": false, "Plans": [{"Node Type": "Hash Join", "Parent Relationship": "Outer", "Join Type": "Inner", "Startup Cost": 129261.29, "Total Cost": 201352.24, "Plan Rows": 438, "Plan Width": 24, "Inner Unique": true, "Hash Cond": "(public.part.p_partkey = subquery.\"?column?\")", "Plans": [{"Node Type": "Seq Scan", "Parent Relationship": "Outer", "Relation Name": "part", "Alias": "part", "Startup Cost": 0.0, "Total Cost": 71944.0, "Plan Rows": 2001, "Plan Width": 8, "Filter": "((p_brand = 'Brand#44'::bpchar) AND (p_container = 'WRAP PKG'::bpchar))"}, {"Node Type": "Hash", "Parent Relationship": "Inner", "Startup Cost": 129123.39, "Total Cost": 129123.39, "Plan Rows": 11032, "Plan Width": 16, "Plans": [{"Node Type": "Subquery Scan", "Parent Relationship": "Outer", "Alias": "subquery", "Startup Cost": 128820.01, "Total Cost": 129123.39, "Plan Rows": 11032, "Plan Width": 16, "Plans": [{"Node Type": "Aggregate", "Strategy": "Hashed", "Parent Relationship": "Subquery", "Startup Cost": 128820.01, "Total Cost": 129013.07, "Plan Rows": 11032, "Plan Width": 16, "Group By Key": ["public.lineitem.l_partkey"], "Plans": [{"Node Type": "Nested Loop", "Parent Relationship": "Outer", "Join Type": "Inner", "Startup Cost": 4.28, "Total Cost": 128737.27, "Plan Rows": 11032, "Plan Width": 16, "Inner Unique": false, "Plans": [{"Node Type": "Seq Scan", "Parent Relationship": "Outer", "Relation Name": "part", "Alias": "part", "Startup Cost": 0.0, "Total Cost": 71944.0, "Plan Rows": 2001, "Plan Width": 8, "Filter": "((p_brand = 'Brand#44'::bpchar) AND (p_container = 'WRAP PKG'::bpchar))"}, {"Node Type": "Bitmap Heap Scan", "Parent Relationship": "Inner", "Relation Name": "lineitem", "Alias": "lineitem", "Startup Cost": 4.28, "Total Cost": 28.32, "Plan Rows": 6, "Plan Width": 16, "Recheck Cond": "(l_partkey = public.part.p_partkey)", "Plans": [{"Node Type": "Bitmap Index Scan", "Parent Relationship": "Outer", "Index Name": "idx_lineitem_part_supp", "Startup Cost": 0.0, "Total Cost": 4.28, "Plan Rows": 6, "Plan Width": 0, "Index Cond": "(l_partkey = public.part.p_partkey)"}]}]}]}]}]}]}, {"Node Type": "Bitmap Heap Scan", "Parent Relationship": "Inner", "Relation Name": "lineitem", "Alias": "lineitem", "Startup Cost": 4.22, "Total Cost": 28.29, "Plan Rows": 2, "Plan Width": 24, "Recheck Cond": "(l_partkey = subquery.\"?column?\")", "Filter": "(l_quantity < (.2::double precision * subquery.\"?column?\"))", "Plans": [{"Node Type": "Bitmap Index Scan", "Parent Relationship": "Outer", "Index Name": "idx_lineitem_part_supp", "Startup Cost": 0.0, "Total Cost": 4.22, "Plan Rows": 6, "Plan Width": 0, "Index Cond": "(l_partkey = subquery.\"?column?\")"}]}]}]}, "Unique SQL Id": 1080450481}, "explain_analyze_plan": {"Plan": {"Node Type": "Aggregate", "Strategy": "Plain", "Startup Cost": 213754.44, "Total Cost": 213754.45, "Plan Rows": 1, "Plan Width": 16, "Actual Startup Time": 2114.265, "Actual Total Time": 2114.265, "Actual Rows": 1, "Actual Loops": 1, "Plans": [{"Node Type": "Nested Loop", "Parent Relationship": "Outer", "Join Type": "Inner", "Startup Cost": 129265.51, "Total Cost": 213752.42, "Plan Rows": 806, "Plan Width": 8, "Actual Startup Time": 1067.22, "Actual Total Time": 2113.023, "Actual Rows": 5403, "Actual Loops": 1, "Inner Unique": false, "Plans": [{"Node Type": "Hash Join", "Parent Relationship": "Outer", "Join Type": "Inner", "Startup Cost": 129261.29, "Total Cost": 201352.24, "Plan Rows": 438, "Plan Width": 24, "Actual Startup Time": 1067.138, "Actual Total Time": 1885.555, "Actual Rows": 2003, "Actual Loops": 1, "Inner Unique": true, "Hash Cond": "(public.part.p_partkey = subquery.\"?column?\")", "Plans": [{"Node Type": "Seq Scan", "Parent Relationship": "Outer", "Relation Name": "part", "Alias": "part", "Startup Cost": 0.0, "Total Cost": 71944.0, "Plan Rows": 2001, "Plan Width": 8, "Actual Startup Time": 0.364, "Actual Total Time": 816.434, "Actual Rows": 2003, "Actual Loops": 1, "Filter": "((p_brand = 'Brand#44'::bpchar) AND (p_container = 'WRAP PKG'::bpchar))", "Rows Removed by Filter": 1997997}, {"Node Type": "Hash", "Parent Relationship": "Inner", "Startup Cost": 129123.39, "Total Cost": 129123.39, "Plan Rows": 11032, "Plan Width": 16, "Actual Startup Time": 1066.68, "Actual Total Time": 1066.68, "Actual Rows": 2003, "Actual Loops": 1, "Hash Buckets": 32768, "Hash Batches": 1, "Original Hash Batches": 1, "Peak Memory Usage": 94, "Plans": [{"Node Type": "Subquery Scan", "Parent Relationship": "Outer", "Alias": "subquery", "Startup Cost": 128820.01, "Total Cost": 129123.39, "Plan Rows": 11032, "Plan Width": 16, "Actual Startup Time": 1064.333, "Actual Total Time": 1066.035, "Actual Rows": 2003, "Actual Loops": 1, "Plans": [{"Node Type": "Aggregate", "Strategy": "Hashed", "Parent Relationship": "Subquery", "Startup Cost": 128820.01, "Total Cost": 129013.07, "Plan Rows": 11032, "Plan Width": 16, "Actual Startup Time": 1064.331, "Actual Total Time": 1065.643, "Actual Rows": 2003, "Actual Loops": 1, "Group By Key": ["public.lineitem.l_partkey"], "Plans": [{"Node Type": "Nested Loop", "Parent Relationship": "Outer", "Join Type": "Inner", "Startup Cost": 4.28, "Total Cost": 128737.27, "Plan Rows": 11032, "Plan Width": 16, "Actual Startup Time": 0.362, "Actual Total Time": 1023.864, "Actual Rows": 60021, "Actual Loops": 1, "Inner Unique": false, "Plans": [{"Node Type": "Seq Scan", "Parent Relationship": "Outer", "Relation Name": "part", "Alias": "part", "Startup Cost": 0.0, "Total Cost": 71944.0, "Plan Rows": 2001, "Plan Width": 8, "Actual Startup Time": 0.314, "Actual Total Time": 798.742, "Actual Rows": 2003, "Actual Loops": 1, "Filter": "((p_brand = 'Brand#44'::bpchar) AND (p_container = 'WRAP PKG'::bpchar))", "Rows Removed by Filter": 1997997}, {"Node Type": "Bitmap Heap Scan", "Parent Relationship": "Inner", "Relation Name": "lineitem", "Alias": "lineitem", "Startup Cost": 4.28, "Total Cost": 28.32, "Plan Rows": 6, "Plan Width": 16, "Actual Startup Time": 42.668, "Actual Total Time": 207.495, "Actual Rows": 60021, "Actual Loops": 2003, "Recheck Cond": "(l_partkey = public.part.p_partkey)", "Rows Removed by Index Recheck": 0, "Exact Heap Blocks": 60018, "Lossy Heap Blocks": 60018, "Plans": [{"Node Type": "Bitmap Index Scan", "Parent Relationship": "Outer", "Index Name": "idx_lineitem_part_supp", "Startup Cost": 0.0, "Total Cost": 4.28, "Plan Rows": 6, "Plan Width": 0, "Actual Startup Time": 27.97, "Actual Total Time": 27.97, "Actual Rows": 60021, "Actual Loops": 2003, "Index Cond": "(l_partkey = public.part.p_partkey)"}]}]}]}]}]}]}, {"Node Type": "Bitmap Heap Scan", "Parent Relationship": "Inner", "Relation Name": "lineitem", "Alias": "lineitem", "Startup Cost": 4.22, "Total Cost": 28.29, "Plan Rows": 2, "Plan Width": 24, "Actual Startup Time": 97.194, "Actual Total Time": 221.452, "Actual Rows": 5403, "Actual Loops": 2003, "Recheck Cond": "(l_partkey = subquery.\"?column?\")", "Rows Removed by Index Recheck": 0, "Filter": "(l_quantity < (.2::double precision * subquery.\"?column?\"))", "Rows Removed by Filter": 54618, "Exact Heap Blocks": 60018, "Lossy Heap Blocks": 60018, "Plans": [{"Node Type": "Bitmap Index Scan", "Parent Relationship": "Outer", "Index Name": "idx_lineitem_part_supp", "Startup Cost": 0.0, "Total Cost": 4.22, "Plan Rows": 6, "Plan Width": 0, "Actual Startup Time": 25.497, "Actual Total Time": 25.497, "Actual Rows": 60021, "Actual Loops": 2003, "Index Cond": "(l_partkey = subquery.\"?column?\")"}]}]}]}, "Triggers": [], "Planner Runtime": 1.435, "Total Runtime": 2114.563, "Unique SQL Id": 1080450481}}, "(64, 99)": {"explain_plan": {"Plan": {"Node Type": "Aggregate", "Strategy": "Plain", "Startup Cost": 1001032279502.61, "Total Cost": 1001032279502.62, "Plan Rows": 1, "Plan Width": 16, "Plans": [{"Node Type": "Nested Loop", "Parent Relationship": "Outer", "Join Type": "Inner", "Startup Cost": 10000000004.74, "Total Cost": 1001032279500.6, "Plan Rows": 806, "Plan Width": 8, "Inner Unique": true, "Join Filter": "(public.lineitem.l_partkey = public.part.p_partkey)", "Plans": [{"Node Type": "Nested Loop", "Parent Relationship": "Outer", "Join Type": "Inner", "Startup Cost": 10000000004.48, "Total Cost": 1001032192561.0, "Plan Rows": 20274, "Plan Width": 24, "Inner Unique": false, "Plans": [{"Node Type": "Aggregate", "Strategy": "Sorted", "Parent Relationship": "Outer", "Startup Cost": 10000000000.26, "Total Cost": 1001031880124.59, "Plan Rows": 11032, "Plan Width": 80, "Group By Key": ["public.lineitem.l_partkey"], "Plans": [{"Node Type": "Nested Loop", "Parent Relationship": "Outer", "Join Type": "Semi", "Startup Cost": 10000000000.26, "Total Cost": 1001031879848.79, "Plan Rows": 11032, "Plan Width": 16, "Inner Unique": false, "Plans": [{"Node Type": "Index Scan", "Parent Relationship": "Outer", "Scan Direction": "Forward", "Index Name": "idx_lineitem_part_supp", "Relation Name": "lineitem", "Alias": "lineitem", "Startup Cost": 10000000000.0, "Total Cost": 1000775391319.64, "Plan Rows": 59987033, "Plan Width": 16}, {"Node Type": "Bitmap Heap Scan", "Parent Relationship": "Inner", "Relation Name": "part", "Alias": "part", "Startup Cost": 0.26, "Total Cost": 4.28, "Plan Rows": 1, "Plan Width": 8, "Recheck Cond": "(p_partkey = public.lineitem.l_partkey)", "Filter": "((p_brand = 'Brand#44'::bpchar) AND (p_container = 'WRAP PKG'::bpchar))", "Plans": [{"Node Type": "Bitmap Index Scan", "Parent Relationship": "Outer", "Index Name": "part_kpey", "Startup Cost": 0.0, "Total Cost": 0.26, "Plan Rows": 1, "Plan Width": 0, "Index Cond": "(p_partkey = public.lineitem.l_partkey)"}]}]}]}, {"Node Type": "Bitmap Heap Scan", "Parent Relationship": "Inner", "Relation Name": "lineitem", "Alias": "lineitem", "Startup Cost": 4.22, "Total Cost": 28.29, "Plan Rows": 2, "Plan Width": 24, "Recheck Cond": "(l_partkey = public.lineitem.l_partkey)", "Filter": "(l_quantity < (.2::double precision * (avg(public.lineitem.l_quantity))))", "Plans": [{"Node Type": "Bitmap Index Scan", "Parent Relationship": "Outer", "Index Name": "idx_lineitem_part_supp", "Startup Cost": 0.0, "Total Cost": 4.22, "Plan Rows": 6, "Plan Width": 0, "Index Cond": "(l_partkey = public.lineitem.l_partkey)"}]}]}, {"Node Type": "Bitmap Heap Scan", "Parent Relationship": "Inner", "Relation Name": "part", "Alias": "part", "Startup Cost": 0.26, "Total Cost": 4.28, "Plan Rows": 1, "Plan Width": 8, "Recheck Cond": "(p_partkey = public.lineitem.l_partkey)", "Filter": "((p_brand = 'Brand#44'::bpchar) AND (p_container = 'WRAP PKG'::bpchar))", "Plans": [{"Node Type": "Bitmap Index Scan", "Parent Relationship": "Outer", "Index Name": "part_kpey", "Startup Cost": 0.0, "Total Cost": 0.26, "Plan Rows": 1, "Plan Width": 0, "Index Cond": "(p_partkey = public.lineitem.l_partkey)"}]}]}]}, "Unique SQL Id": 1080450481}, "explain_analyze_plan": null}, "(64, 100)": {"explain_plan": {"Plan": {"Node Type": "Aggregate", "Strategy": "Plain", "Startup Cost": 208324.62, "Total Cost": 208324.63, "Plan Rows": 1, "Plan Width": 16, "Plans": [{"Node Type": "Nested Loop", "Parent Relationship": "Outer", "Join Type": "Inner", "Startup Cost": 128691.05, "Total Cost": 208322.6, "Plan Rows": 806, "Plan Width": 8, "Inner Unique": false, "Plans": [{"Node Type": "Nested Loop", "Parent Relationship": "Outer", "Join Type": "Inner", "Startup Cost": 128691.05, "Total Cost": 196146.55, "Plan Rows": 438, "Plan Width": 24, "Inner Unique": true, "Plans": [{"Node Type": "Aggregate", "Strategy": "Hashed", "Parent Relationship": "Outer", "Startup Cost": 128691.05, "Total Cost": 128884.11, "Plan Rows": 11032, "Plan Width": 16, "Group By Key": ["public.lineitem.l_partkey"], "Plans": [{"Node Type": "Nested Loop", "Parent Relationship": "Outer", "Join Type": "Inner", "Startup Cost": 0.0, "Total Cost": 128608.31, "Plan Rows": 11032, "Plan Width": 16, "Inner Unique": false, "Plans": [{"Node Type": "Seq Scan", "Parent Relationship": "Outer", "Relation Name": "part", "Alias": "part", "Startup Cost": 0.0, "Total Cost": 71944.0, "Plan Rows": 2001, "Plan Width": 8, "Filter": "((p_brand = 'Brand#44'::bpchar) AND (p_container = 'WRAP PKG'::bpchar))"}, {"Node Type": "Index Scan", "Parent Relationship": "Inner", "Scan Direction": "Forward", "Index Name": "idx_lineitem_part_supp", "Relation Name": "lineitem", "Alias": "lineitem", "Startup Cost": 0.0, "Total Cost": 28.26, "Plan Rows": 6, "Plan Width": 16, "Index Cond": "(l_partkey = public.part.p_partkey)"}]}]}, {"Node Type": "Index Scan", "Parent Relationship": "Inner", "Scan Direction": "Forward", "Index Name": "part_kpey", "Relation Name": "part", "Alias": "part", "Startup Cost": 0.0, "Total Cost": 6.08, "Plan Rows": 1, "Plan Width": 8, "Index Cond": "(p_partkey = public.lineitem.l_partkey)", "Filter": "((p_brand = 'Brand#44'::bpchar) AND (p_container = 'WRAP PKG'::bpchar))"}]}, {"Node Type": "Index Scan", "Parent Relationship": "Inner", "Scan Direction": "Forward", "Index Name": "idx_lineitem_part_supp", "Relation Name": "lineitem", "Alias": "lineitem", "Startup Cost": 0.0, "Total Cost": 27.78, "Plan Rows": 2, "Plan Width": 24, "Index Cond": "(l_partkey = public.lineitem.l_partkey)", "Filter": "(l_quantity < (.2::double precision * (avg(public.lineitem.l_quantity))))"}]}]}, "Unique SQL Id": 1080450481}, "explain_analyze_plan": {"Plan": {"Node Type": "Aggregate", "Strategy": "Plain", "Startup Cost": 208324.62, "Total Cost": 208324.63, "Plan Rows": 1, "Plan Width": 16, "Actual Startup Time": 1237.71, "Actual Total Time": 1237.71, "Actual Rows": 1, "Actual Loops": 1, "Plans": [{"Node Type": "Nested Loop", "Parent Relationship": "Outer", "Join Type": "Inner", "Startup Cost": 128691.05, "Total Cost": 208322.6, "Plan Rows": 806, "Plan Width": 8, "Actual Startup Time": 1029.199, "Actual Total Time": 1236.739, "Actual Rows": 5403, "Actual Loops": 1, "Inner Unique": false, "Plans": [{"Node Type": "Nested Loop", "Parent Relationship": "Outer", "Join Type": "Inner", "Startup Cost": 128691.05, "Total Cost": 196146.55, "Plan Rows": 438, "Plan Width": 24, "Actual Startup Time": 1029.156, "Actual Total Time": 1050.822, "Actual Rows": 2003, "Actual Loops": 1, "Inner Unique": true, "Plans": [{"Node Type": "Aggregate", "Strategy": "Hashed", "Parent Relationship": "Outer", "Startup Cost": 128691.05, "Total Cost": 128884.11, "Plan Rows": 11032, "Plan Width": 16, "Actual Startup Time": 1029.115, "Actual Total Time": 1030.893, "Actual Rows": 2003, "Actual Loops": 1, "Group By Key": ["public.lineitem.l_partkey"], "Plans": [{"Node Type": "Nested Loop", "Parent Relationship": "Outer", "Join Type": "Inner", "Startup Cost": 0.0, "Total Cost": 128608.31, "Plan Rows": 11032, "Plan Width": 16, "Actual Startup Time": 0.391, "Actual Total Time": 988.045, "Actual Rows": 60021, "Actual Loops": 1, "Inner Unique": false, "Plans": [{"Node Type": "Seq Scan", "Parent Relationship": "Outer", "Relation Name": "part", "Alias": "part", "Startup Cost": 0.0, "Total Cost": 71944.0, "Plan Rows": 2001, "Plan Width": 8, "Actual Startup Time": 0.368, "Actual Total Time": 794.914, "Actual Rows": 2003, "Actual Loops": 1, "Filter": "((p_brand = 'Brand#44'::bpchar) AND (p_container = 'WRAP PKG'::bpchar))", "Rows Removed by Filter": 1997997}, {"Node Type": "Index Scan", "Parent Relationship": "Inner", "Scan Direction": "Forward", "Index Name": "idx_lineitem_part_supp", "Relation Name": "lineitem", "Alias": "lineitem", "Startup Cost": 0.0, "Total Cost": 28.26, "Plan Rows": 6, "Plan Width": 16, "Actual Startup Time": 25.038, "Actual Total Time": 178.698, "Actual Rows": 60021, "Actual Loops": 2003, "Index Cond": "(l_partkey = public.part.p_partkey)", "Rows Removed by Index Recheck": 0}]}]}, {"Node Type": "Index Scan", "Parent Relationship": "Inner", "Scan Direction": "Forward", "Index Name": "part_kpey", "Relation Name": "part", "Alias": "part", "Startup Cost": 0.0, "Total Cost": 6.08, "Plan Rows": 1, "Plan Width": 8, "Actual Startup Time": 18.14, "Actual Total Time": 18.14, "Actual Rows": 2003, "Actual Loops": 2003, "Index Cond": "(p_partkey = public.lineitem.l_partkey)", "Rows Removed by Index Recheck": 0, "Filter": "((p_brand = 'Brand#44'::bpchar) AND (p_container = 'WRAP PKG'::bpchar))", "Rows Removed by Filter": 0}]}, {"Node Type": "Index Scan", "Parent Relationship": "Inner", "Scan Direction": "Forward", "Index Name": "idx_lineitem_part_supp", "Relation Name": "lineitem", "Alias": "lineitem", "Startup Cost": 0.0, "Total Cost": 27.78, "Plan Rows": 2, "Plan Width": 24, "Actual Startup Time": 74.664, "Actual Total Time": 183.579, "Actual Rows": 5403, "Actual Loops": 2003, "Index Cond": "(l_partkey = public.lineitem.l_partkey)", "Rows Removed by Index Recheck": 0, "Filter": "(l_quantity < (.2::double precision * (avg(public.lineitem.l_quantity))))", "Rows Removed by Filter": 54618}]}]}, "Triggers": [], "Planner Runtime": 1.459, "Total Runtime": 1237.93, "Unique SQL Id": 1080450481}}, "(64, 101)": {"explain_plan": {"Plan": {"Node Type": "Aggregate", "Strategy": "Plain", "Startup Cost": 247183.87, "Total Cost": 247183.88, "Plan Rows": 1, "Plan Width": 16, "Plans": [{"Node Type": "Nested Loop", "Parent Relationship": "Outer", "Join Type": "Inner", "Startup Cost": 0.0, "Total Cost": 247181.85, "Plan Rows": 806, "Plan Width": 8, "Inner Unique": false, "Plans": [{"Node Type": "Nested Loop", "Parent Relationship": "Outer", "Join Type": "Inner", "Startup Cost": 0.0, "Total Cost": 235005.8, "Plan Rows": 438, "Plan Width": 24, "Inner Unique": true, "Plans": [{"Node Type": "Aggregate", "Strategy": "Sorted", "Parent Relationship": "Outer", "Startup Cost": 0.0, "Total Cost": 167743.36, "Plan Rows": 11032, "Plan Width": 80, "Group By Key": ["public.lineitem.l_partkey"], "Plans": [{"Node Type": "Nested Loop", "Parent Relationship": "Outer", "Join Type": "Inner", "Startup Cost": 0.0, "Total Cost": 167467.56, "Plan Rows": 11032, "Plan Width": 16, "Inner Unique": false, "Plans": [{"Node Type": "Index Scan", "Parent Relationship": "Outer", "Scan Direction": "Forward", "Index Name": "part_kpey", "Relation Name": "part", "Alias": "part", "Startup Cost": 0.0, "Total Cost": 110803.25, "Plan Rows": 2001, "Plan Width": 8, "Filter": "((p_brand = 'Brand#44'::bpchar) AND (p_container = 'WRAP PKG'::bpchar))"}, {"Node Type": "Index Scan", "Parent Relationship": "Inner", "Scan Direction": "Forward", "Index Name": "idx_lineitem_part_supp", "Relation Name": "lineitem", "Alias": "lineitem", "Startup Cost": 0.0, "Total Cost": 28.26, "Plan Rows": 6, "Plan Width": 16, "Index Cond": "(l_partkey = public.part.p_partkey)"}]}]}, {"Node Type": "Index Scan", "Parent Relationship": "Inner", "Scan Direction": "Forward", "Index Name": "part_kpey", "Relation Name": "part", "Alias": "part", "Startup Cost": 0.0, "Total Cost": 6.08, "Plan Rows": 1, "Plan Width": 8, "Index Cond": "(p_partkey = public.lineitem.l_partkey)", "Filter": "((p_brand = 'Brand#44'::bpchar) AND (p_container = 'WRAP PKG'::bpchar))"}]}, {"Node Type": "Index Scan", "Parent Relationship": "Inner", "Scan Direction": "Forward", "Index Name": "idx_lineitem_part_supp", "Relation Name": "lineitem", "Alias": "lineitem", "Startup Cost": 0.0, "Total Cost": 27.78, "Plan Rows": 2, "Plan Width": 24, "Index Cond": "(l_partkey = public.lineitem.l_partkey)", "Filter": "(l_quantity < (.2::double precision * (avg(public.lineitem.l_quantity))))"}]}]}, "Unique SQL Id": 1080450481}, "explain_analyze_plan": {"Plan": {"Node Type": "Aggregate", "Strategy": "Plain", "Startup Cost": 247183.87, "Total Cost": 247183.88, "Plan Rows": 1, "Plan Width": 16, "Actual Startup Time": 1786.581, "Actual Total Time": 1786.581, "Actual Rows": 1, "Actual Loops": 1, "Plans": [{"Node Type": "Nested Loop", "Parent Relationship": "Outer", "Join Type": "Inner", "Startup Cost": 0.0, "Total Cost": 247181.85, "Plan Rows": 806, "Plan Width": 8, "Actual Startup Time": 2.095, "Actual Total Time": 1785.363, "Actual Rows": 5403, "Actual Loops": 1, "Inner Unique": false, "Plans": [{"Node Type": "Nested Loop", "Parent Relationship": "Outer", "Join Type": "Inner", "Startup Cost": 0.0, "Total Cost": 235005.8, "Plan Rows": 438, "Plan Width": 24, "Actual Startup Time": 2.05, "Actual Total Time": 1705.146, "Actual Rows": 2003, "Actual Loops": 1, "Inner Unique": true, "Plans": [{"Node Type": "Aggregate", "Strategy": "Sorted", "Parent Relationship": "Outer", "Startup Cost": 0.0, "Total Cost": 167743.36, "Plan Rows": 11032, "Plan Width": 80, "Actual Startup Time": 2.039, "Actual Total Time": 1693.01, "Actual Rows": 2003, "Actual Loops": 1, "Group By Key": ["public.lineitem.l_partkey"], "Plans": [{"Node Type": "Nested Loop", "Parent Relationship": "Outer", "Join Type": "Inner", "Startup Cost": 0.0, "Total Cost": 167467.56, "Plan Rows": 11032, "Plan Width": 16, "Actual Startup Time": 0.668, "Actual Total Time": 1660.016, "Actual Rows": 60021, "Actual Loops": 1, "Inner Unique": false, "Plans": [{"Node Type": "Index Scan", "Parent Relationship": "Outer", "Scan Direction": "Forward", "Index Name": "part_kpey", "Relation Name": "part", "Alias": "part", "Startup Cost": 0.0, "Total Cost": 110803.25, "Plan Rows": 2001, "Plan Width": 8, "Actual Startup Time": 0.649, "Actual Total Time": 1460.778, "Actual Rows": 2003, "Actual Loops": 1, "Filter": "((p_brand = 'Brand#44'::bpchar) AND (p_container = 'WRAP PKG'::bpchar))", "Rows Removed by Filter": 1997997}, {"Node Type": "Index Scan", "Parent Relationship": "Inner", "Scan Direction": "Forward", "Index Name": "idx_lineitem_part_supp", "Relation Name": "lineitem", "Alias": "lineitem", "Startup Cost": 0.0, "Total Cost": 28.26, "Plan Rows": 6, "Plan Width": 16, "Actual Startup Time": 23.917, "Actual Total Time": 183.588, "Actual Rows": 60021, "Actual Loops": 2003, "Index Cond": "(l_partkey = public.part.p_partkey)", "Rows Removed by Index Recheck": 0}]}]}, {"Node Type": "Index Scan", "Parent Relationship": "Inner", "Scan Direction": "Forward", "Index Name": "part_kpey", "Relation Name": "part", "Alias": "part", "Startup Cost": 0.0, "Total Cost": 6.08, "Plan Rows": 1, "Plan Width": 8, "Actual Startup Time": 9.552, "Actual Total Time": 9.552, "Actual Rows": 2003, "Actual Loops": 2003, "Index Cond": "(p_partkey = public.lineitem.l_partkey)", "Rows Removed by Index Recheck": 0, "Filter": "((p_brand = 'Brand#44'::bpchar) AND (p_container = 'WRAP PKG'::bpchar))", "Rows Removed by Filter": 0}]}, {"Node Type": "Index Scan", "Parent Relationship": "Inner", "Scan Direction": "Forward", "Index Name": "idx_lineitem_part_supp", "Relation Name": "lineitem", "Alias": "lineitem", "Startup Cost": 0.0, "Total Cost": 27.78, "Plan Rows": 2, "Plan Width": 24, "Actual Startup Time": 33.922, "Actual Total Time": 77.009, "Actual Rows": 5403, "Actual Loops": 2003, "Index Cond": "(l_partkey = public.lineitem.l_partkey)", "Rows Removed by Index Recheck": 0, "Filter": "(l_quantity < (.2::double precision * (avg(public.lineitem.l_quantity))))", "Rows Removed by Filter": 54618}]}]}, "Triggers": [], "Planner Runtime": 1.403, "Total Runtime": 1786.803, "Unique SQL Id": 1080450481}}, "(64, 102)": {"explain_plan": {"Plan": {"Node Type": "Aggregate", "Strategy": "Plain", "Startup Cost": 213754.44, "Total Cost": 213754.45, "Plan Rows": 1, "Plan Width": 16, "Plans": [{"Node Type": "Nested Loop", "Parent Relationship": "Outer", "Join Type": "Inner", "Startup Cost": 129265.51, "Total Cost": 213752.42, "Plan Rows": 806, "Plan Width": 8, "Inner Unique": false, "Plans": [{"Node Type": "Hash Join", "Parent Relationship": "Outer", "Join Type": "Inner", "Startup Cost": 129261.29, "Total Cost": 201352.24, "Plan Rows": 438, "Plan Width": 24, "Inner Unique": true, "Hash Cond": "(public.part.p_partkey = subquery.\"?column?\")", "Plans": [{"Node Type": "Seq Scan", "Parent Relationship": "Outer", "Relation Name": "part", "Alias": "part", "Startup Cost": 0.0, "Total Cost": 71944.0, "Plan Rows": 2001, "Plan Width": 8, "Filter": "((p_brand = 'Brand#44'::bpchar) AND (p_container = 'WRAP PKG'::bpchar))"}, {"Node Type": "Hash", "Parent Relationship": "Inner", "Startup Cost": 129123.39, "Total Cost": 129123.39, "Plan Rows": 11032, "Plan Width": 16, "Plans": [{"Node Type": "Subquery Scan", "Parent Relationship": "Outer", "Alias": "subquery", "Startup Cost": 128820.01, "Total Cost": 129123.39, "Plan Rows": 11032, "Plan Width": 16, "Plans": [{"Node Type": "Aggregate", "Strategy": "Hashed", "Parent Relationship": "Subquery", "Startup Cost": 128820.01, "Total Cost": 129013.07, "Plan Rows": 11032, "Plan Width": 16, "Group By Key": ["public.lineitem.l_partkey"], "Plans": [{"Node Type": "Nested Loop", "Parent Relationship": "Outer", "Join Type": "Inner", "Startup Cost": 4.28, "Total Cost": 128737.27, "Plan Rows": 11032, "Plan Width": 16, "Inner Unique": false, "Plans": [{"Node Type": "Seq Scan", "Parent Relationship": "Outer", "Relation Name": "part", "Alias": "part", "Startup Cost": 0.0, "Total Cost": 71944.0, "Plan Rows": 2001, "Plan Width": 8, "Filter": "((p_brand = 'Brand#44'::bpchar) AND (p_container = 'WRAP PKG'::bpchar))"}, {"Node Type": "Bitmap Heap Scan", "Parent Relationship": "Inner", "Relation Name": "lineitem", "Alias": "lineitem", "Startup Cost": 4.28, "Total Cost": 28.32, "Plan Rows": 6, "Plan Width": 16, "Recheck Cond": "(l_partkey = public.part.p_partkey)", "Plans": [{"Node Type": "Bitmap Index Scan", "Parent Relationship": "Outer", "Index Name": "idx_lineitem_part_supp", "Startup Cost": 0.0, "Total Cost": 4.28, "Plan Rows": 6, "Plan Width": 0, "Index Cond": "(l_partkey = public.part.p_partkey)"}]}]}]}]}]}]}, {"Node Type": "Bitmap Heap Scan", "Parent Relationship": "Inner", "Relation Name": "lineitem", "Alias": "lineitem", "Startup Cost": 4.22, "Total Cost": 28.29, "Plan Rows": 2, "Plan Width": 24, "Recheck Cond": "(l_partkey = subquery.\"?column?\")", "Filter": "(l_quantity < (.2::double precision * subquery.\"?column?\"))", "Plans": [{"Node Type": "Bitmap Index Scan", "Parent Relationship": "Outer", "Index Name": "idx_lineitem_part_supp", "Startup Cost": 0.0, "Total Cost": 4.22, "Plan Rows": 6, "Plan Width": 0, "Index Cond": "(l_partkey = subquery.\"?column?\")"}]}]}]}, "Unique SQL Id": 1080450481}, "explain_analyze_plan": {"Plan": {"Node Type": "Aggregate", "Strategy": "Plain", "Startup Cost": 213754.44, "Total Cost": 213754.45, "Plan Rows": 1, "Plan Width": 16, "Actual Startup Time": 2114.265, "Actual Total Time": 2114.265, "Actual Rows": 1, "Actual Loops": 1, "Plans": [{"Node Type": "Nested Loop", "Parent Relationship": "Outer", "Join Type": "Inner", "Startup Cost": 129265.51, "Total Cost": 213752.42, "Plan Rows": 806, "Plan Width": 8, "Actual Startup Time": 1067.22, "Actual Total Time": 2113.023, "Actual Rows": 5403, "Actual Loops": 1, "Inner Unique": false, "Plans": [{"Node Type": "Hash Join", "Parent Relationship": "Outer", "Join Type": "Inner", "Startup Cost": 129261.29, "Total Cost": 201352.24, "Plan Rows": 438, "Plan Width": 24, "Actual Startup Time": 1067.138, "Actual Total Time": 1885.555, "Actual Rows": 2003, "Actual Loops": 1, "Inner Unique": true, "Hash Cond": "(public.part.p_partkey = subquery.\"?column?\")", "Plans": [{"Node Type": "Seq Scan", "Parent Relationship": "Outer", "Relation Name": "part", "Alias": "part", "Startup Cost": 0.0, "Total Cost": 71944.0, "Plan Rows": 2001, "Plan Width": 8, "Actual Startup Time": 0.364, "Actual Total Time": 816.434, "Actual Rows": 2003, "Actual Loops": 1, "Filter": "((p_brand = 'Brand#44'::bpchar) AND (p_container = 'WRAP PKG'::bpchar))", "Rows Removed by Filter": 1997997}, {"Node Type": "Hash", "Parent Relationship": "Inner", "Startup Cost": 129123.39, "Total Cost": 129123.39, "Plan Rows": 11032, "Plan Width": 16, "Actual Startup Time": 1066.68, "Actual Total Time": 1066.68, "Actual Rows": 2003, "Actual Loops": 1, "Hash Buckets": 32768, "Hash Batches": 1, "Original Hash Batches": 1, "Peak Memory Usage": 94, "Plans": [{"Node Type": "Subquery Scan", "Parent Relationship": "Outer", "Alias": "subquery", "Startup Cost": 128820.01, "Total Cost": 129123.39, "Plan Rows": 11032, "Plan Width": 16, "Actual Startup Time": 1064.333, "Actual Total Time": 1066.035, "Actual Rows": 2003, "Actual Loops": 1, "Plans": [{"Node Type": "Aggregate", "Strategy": "Hashed", "Parent Relationship": "Subquery", "Startup Cost": 128820.01, "Total Cost": 129013.07, "Plan Rows": 11032, "Plan Width": 16, "Actual Startup Time": 1064.331, "Actual Total Time": 1065.643, "Actual Rows": 2003, "Actual Loops": 1, "Group By Key": ["public.lineitem.l_partkey"], "Plans": [{"Node Type": "Nested Loop", "Parent Relationship": "Outer", "Join Type": "Inner", "Startup Cost": 4.28, "Total Cost": 128737.27, "Plan Rows": 11032, "Plan Width": 16, "Actual Startup Time": 0.362, "Actual Total Time": 1023.864, "Actual Rows": 60021, "Actual Loops": 1, "Inner Unique": false, "Plans": [{"Node Type": "Seq Scan", "Parent Relationship": "Outer", "Relation Name": "part", "Alias": "part", "Startup Cost": 0.0, "Total Cost": 71944.0, "Plan Rows": 2001, "Plan Width": 8, "Actual Startup Time": 0.314, "Actual Total Time": 798.742, "Actual Rows": 2003, "Actual Loops": 1, "Filter": "((p_brand = 'Brand#44'::bpchar) AND (p_container = 'WRAP PKG'::bpchar))", "Rows Removed by Filter": 1997997}, {"Node Type": "Bitmap Heap Scan", "Parent Relationship": "Inner", "Relation Name": "lineitem", "Alias": "lineitem", "Startup Cost": 4.28, "Total Cost": 28.32, "Plan Rows": 6, "Plan Width": 16, "Actual Startup Time": 42.668, "Actual Total Time": 207.495, "Actual Rows": 60021, "Actual Loops": 2003, "Recheck Cond": "(l_partkey = public.part.p_partkey)", "Rows Removed by Index Recheck": 0, "Exact Heap Blocks": 60018, "Lossy Heap Blocks": 60018, "Plans": [{"Node Type": "Bitmap Index Scan", "Parent Relationship": "Outer", "Index Name": "idx_lineitem_part_supp", "Startup Cost": 0.0, "Total Cost": 4.28, "Plan Rows": 6, "Plan Width": 0, "Actual Startup Time": 27.97, "Actual Total Time": 27.97, "Actual Rows": 60021, "Actual Loops": 2003, "Index Cond": "(l_partkey = public.part.p_partkey)"}]}]}]}]}]}]}, {"Node Type": "Bitmap Heap Scan", "Parent Relationship": "Inner", "Relation Name": "lineitem", "Alias": "lineitem", "Startup Cost": 4.22, "Total Cost": 28.29, "Plan Rows": 2, "Plan Width": 24, "Actual Startup Time": 97.194, "Actual Total Time": 221.452, "Actual Rows": 5403, "Actual Loops": 2003, "Recheck Cond": "(l_partkey = subquery.\"?column?\")", "Rows Removed by Index Recheck": 0, "Filter": "(l_quantity < (.2::double precision * subquery.\"?column?\"))", "Rows Removed by Filter": 54618, "Exact Heap Blocks": 60018, "Lossy Heap Blocks": 60018, "Plans": [{"Node Type": "Bitmap Index Scan", "Parent Relationship": "Outer", "Index Name": "idx_lineitem_part_supp", "Startup Cost": 0.0, "Total Cost": 4.22, "Plan Rows": 6, "Plan Width": 0, "Actual Startup Time": 25.497, "Actual Total Time": 25.497, "Actual Rows": 60021, "Actual Loops": 2003, "Index Cond": "(l_partkey = subquery.\"?column?\")"}]}]}]}, "Triggers": [], "Planner Runtime": 1.435, "Total Runtime": 2114.563, "Unique SQL Id": 1080450481}}, "(64, 103)": {"explain_plan": {"Plan": {"Node Type": "Aggregate", "Strategy": "Plain", "Startup Cost": 1001032279502.61, "Total Cost": 1001032279502.62, "Plan Rows": 1, "Plan Width": 16, "Plans": [{"Node Type": "Nested Loop", "Parent Relationship": "Outer", "Join Type": "Inner", "Startup Cost": 10000000004.74, "Total Cost": 1001032279500.6, "Plan Rows": 806, "Plan Width": 8, "Inner Unique": true, "Join Filter": "(public.lineitem.l_partkey = public.part.p_partkey)", "Plans": [{"Node Type": "Nested Loop", "Parent Relationship": "Outer", "Join Type": "Inner", "Startup Cost": 10000000004.48, "Total Cost": 1001032192561.0, "Plan Rows": 20274, "Plan Width": 24, "Inner Unique": false, "Plans": [{"Node Type": "Aggregate", "Strategy": "Sorted", "Parent Relationship": "Outer", "Startup Cost": 10000000000.26, "Total Cost": 1001031880124.59, "Plan Rows": 11032, "Plan Width": 80, "Group By Key": ["public.lineitem.l_partkey"], "Plans": [{"Node Type": "Nested Loop", "Parent Relationship": "Outer", "Join Type": "Semi", "Startup Cost": 10000000000.26, "Total Cost": 1001031879848.79, "Plan Rows": 11032, "Plan Width": 16, "Inner Unique": false, "Plans": [{"Node Type": "Index Scan", "Parent Relationship": "Outer", "Scan Direction": "Forward", "Index Name": "idx_lineitem_part_supp", "Relation Name": "lineitem", "Alias": "lineitem", "Startup Cost": 10000000000.0, "Total Cost": 1000775391319.64, "Plan Rows": 59987033, "Plan Width": 16}, {"Node Type": "Bitmap Heap Scan", "Parent Relationship": "Inner", "Relation Name": "part", "Alias": "part", "Startup Cost": 0.26, "Total Cost": 4.28, "Plan Rows": 1, "Plan Width": 8, "Recheck Cond": "(p_partkey = public.lineitem.l_partkey)", "Filter": "((p_brand = 'Brand#44'::bpchar) AND (p_container = 'WRAP PKG'::bpchar))", "Plans": [{"Node Type": "Bitmap Index Scan", "Parent Relationship": "Outer", "Index Name": "part_kpey", "Startup Cost": 0.0, "Total Cost": 0.26, "Plan Rows": 1, "Plan Width": 0, "Index Cond": "(p_partkey = public.lineitem.l_partkey)"}]}]}]}, {"Node Type": "Bitmap Heap Scan", "Parent Relationship": "Inner", "Relation Name": "lineitem", "Alias": "lineitem", "Startup Cost": 4.22, "Total Cost": 28.29, "Plan Rows": 2, "Plan Width": 24, "Recheck Cond": "(l_partkey = public.lineitem.l_partkey)", "Filter": "(l_quantity < (.2::double precision * (avg(public.lineitem.l_quantity))))", "Plans": [{"Node Type": "Bitmap Index Scan", "Parent Relationship": "Outer", "Index Name": "idx_lineitem_part_supp", "Startup Cost": 0.0, "Total Cost": 4.22, "Plan Rows": 6, "Plan Width": 0, "Index Cond": "(l_partkey = public.lineitem.l_partkey)"}]}]}, {"Node Type": "Bitmap Heap Scan", "Parent Relationship": "Inner", "Relation Name": "part", "Alias": "part", "Startup Cost": 0.26, "Total Cost": 4.28, "Plan Rows": 1, "Plan Width": 8, "Recheck Cond": "(p_partkey = public.lineitem.l_partkey)", "Filter": "((p_brand = 'Brand#44'::bpchar) AND (p_container = 'WRAP PKG'::bpchar))", "Plans": [{"Node Type": "Bitmap Index Scan", "Parent Relationship": "Outer", "Index Name": "part_kpey", "Startup Cost": 0.0, "Total Cost": 0.26, "Plan Rows": 1, "Plan Width": 0, "Index Cond": "(p_partkey = public.lineitem.l_partkey)"}]}]}]}, "Unique SQL Id": 1080450481}, "explain_analyze_plan": null}, "(64, 104)": {"explain_plan": {"Plan": {"Node Type": "Aggregate", "Strategy": "Plain", "Startup Cost": 208324.62, "Total Cost": 208324.63, "Plan Rows": 1, "Plan Width": 16, "Plans": [{"Node Type": "Nested Loop", "Parent Relationship": "Outer", "Join Type": "Inner", "Startup Cost": 128691.05, "Total Cost": 208322.6, "Plan Rows": 806, "Plan Width": 8, "Inner Unique": false, "Plans": [{"Node Type": "Nested Loop", "Parent Relationship": "Outer", "Join Type": "Inner", "Startup Cost": 128691.05, "Total Cost": 196146.55, "Plan Rows": 438, "Plan Width": 24, "Inner Unique": true, "Plans": [{"Node Type": "Aggregate", "Strategy": "Hashed", "Parent Relationship": "Outer", "Startup Cost": 128691.05, "Total Cost": 128884.11, "Plan Rows": 11032, "Plan Width": 16, "Group By Key": ["public.lineitem.l_partkey"], "Plans": [{"Node Type": "Nested Loop", "Parent Relationship": "Outer", "Join Type": "Inner", "Startup Cost": 0.0, "Total Cost": 128608.31, "Plan Rows": 11032, "Plan Width": 16, "Inner Unique": false, "Plans": [{"Node Type": "Seq Scan", "Parent Relationship": "Outer", "Relation Name": "part", "Alias": "part", "Startup Cost": 0.0, "Total Cost": 71944.0, "Plan Rows": 2001, "Plan Width": 8, "Filter": "((p_brand = 'Brand#44'::bpchar) AND (p_container = 'WRAP PKG'::bpchar))"}, {"Node Type": "Index Scan", "Parent Relationship": "Inner", "Scan Direction": "Forward", "Index Name": "idx_lineitem_part_supp", "Relation Name": "lineitem", "Alias": "lineitem", "Startup Cost": 0.0, "Total Cost": 28.26, "Plan Rows": 6, "Plan Width": 16, "Index Cond": "(l_partkey = public.part.p_partkey)"}]}]}, {"Node Type": "Index Scan", "Parent Relationship": "Inner", "Scan Direction": "Forward", "Index Name": "part_kpey", "Relation Name": "part", "Alias": "part", "Startup Cost": 0.0, "Total Cost": 6.08, "Plan Rows": 1, "Plan Width": 8, "Index Cond": "(p_partkey = public.lineitem.l_partkey)", "Filter": "((p_brand = 'Brand#44'::bpchar) AND (p_container = 'WRAP PKG'::bpchar))"}]}, {"Node Type": "Index Scan", "Parent Relationship": "Inner", "Scan Direction": "Forward", "Index Name": "idx_lineitem_part_supp", "Relation Name": "lineitem", "Alias": "lineitem", "Startup Cost": 0.0, "Total Cost": 27.78, "Plan Rows": 2, "Plan Width": 24, "Index Cond": "(l_partkey = public.lineitem.l_partkey)", "Filter": "(l_quantity < (.2::double precision * (avg(public.lineitem.l_quantity))))"}]}]}, "Unique SQL Id": 1080450481}, "explain_analyze_plan": {"Plan": {"Node Type": "Aggregate", "Strategy": "Plain", "Startup Cost": 208324.62, "Total Cost": 208324.63, "Plan Rows": 1, "Plan Width": 16, "Actual Startup Time": 1237.71, "Actual Total Time": 1237.71, "Actual Rows": 1, "Actual Loops": 1, "Plans": [{"Node Type": "Nested Loop", "Parent Relationship": "Outer", "Join Type": "Inner", "Startup Cost": 128691.05, "Total Cost": 208322.6, "Plan Rows": 806, "Plan Width": 8, "Actual Startup Time": 1029.199, "Actual Total Time": 1236.739, "Actual Rows": 5403, "Actual Loops": 1, "Inner Unique": false, "Plans": [{"Node Type": "Nested Loop", "Parent Relationship": "Outer", "Join Type": "Inner", "Startup Cost": 128691.05, "Total Cost": 196146.55, "Plan Rows": 438, "Plan Width": 24, "Actual Startup Time": 1029.156, "Actual Total Time": 1050.822, "Actual Rows": 2003, "Actual Loops": 1, "Inner Unique": true, "Plans": [{"Node Type": "Aggregate", "Strategy": "Hashed", "Parent Relationship": "Outer", "Startup Cost": 128691.05, "Total Cost": 128884.11, "Plan Rows": 11032, "Plan Width": 16, "Actual Startup Time": 1029.115, "Actual Total Time": 1030.893, "Actual Rows": 2003, "Actual Loops": 1, "Group By Key": ["public.lineitem.l_partkey"], "Plans": [{"Node Type": "Nested Loop", "Parent Relationship": "Outer", "Join Type": "Inner", "Startup Cost": 0.0, "Total Cost": 128608.31, "Plan Rows": 11032, "Plan Width": 16, "Actual Startup Time": 0.391, "Actual Total Time": 988.045, "Actual Rows": 60021, "Actual Loops": 1, "Inner Unique": false, "Plans": [{"Node Type": "Seq Scan", "Parent Relationship": "Outer", "Relation Name": "part", "Alias": "part", "Startup Cost": 0.0, "Total Cost": 71944.0, "Plan Rows": 2001, "Plan Width": 8, "Actual Startup Time": 0.368, "Actual Total Time": 794.914, "Actual Rows": 2003, "Actual Loops": 1, "Filter": "((p_brand = 'Brand#44'::bpchar) AND (p_container = 'WRAP PKG'::bpchar))", "Rows Removed by Filter": 1997997}, {"Node Type": "Index Scan", "Parent Relationship": "Inner", "Scan Direction": "Forward", "Index Name": "idx_lineitem_part_supp", "Relation Name": "lineitem", "Alias": "lineitem", "Startup Cost": 0.0, "Total Cost": 28.26, "Plan Rows": 6, "Plan Width": 16, "Actual Startup Time": 25.038, "Actual Total Time": 178.698, "Actual Rows": 60021, "Actual Loops": 2003, "Index Cond": "(l_partkey = public.part.p_partkey)", "Rows Removed by Index Recheck": 0}]}]}, {"Node Type": "Index Scan", "Parent Relationship": "Inner", "Scan Direction": "Forward", "Index Name": "part_kpey", "Relation Name": "part", "Alias": "part", "Startup Cost": 0.0, "Total Cost": 6.08, "Plan Rows": 1, "Plan Width": 8, "Actual Startup Time": 18.14, "Actual Total Time": 18.14, "Actual Rows": 2003, "Actual Loops": 2003, "Index Cond": "(p_partkey = public.lineitem.l_partkey)", "Rows Removed by Index Recheck": 0, "Filter": "((p_brand = 'Brand#44'::bpchar) AND (p_container = 'WRAP PKG'::bpchar))", "Rows Removed by Filter": 0}]}, {"Node Type": "Index Scan", "Parent Relationship": "Inner", "Scan Direction": "Forward", "Index Name": "idx_lineitem_part_supp", "Relation Name": "lineitem", "Alias": "lineitem", "Startup Cost": 0.0, "Total Cost": 27.78, "Plan Rows": 2, "Plan Width": 24, "Actual Startup Time": 74.664, "Actual Total Time": 183.579, "Actual Rows": 5403, "Actual Loops": 2003, "Index Cond": "(l_partkey = public.lineitem.l_partkey)", "Rows Removed by Index Recheck": 0, "Filter": "(l_quantity < (.2::double precision * (avg(public.lineitem.l_quantity))))", "Rows Removed by Filter": 54618}]}]}, "Triggers": [], "Planner Runtime": 1.459, "Total Runtime": 1237.93, "Unique SQL Id": 1080450481}}, "(64, 105)": {"explain_plan": {"Plan": {"Node Type": "Aggregate", "Strategy": "Plain", "Startup Cost": 247183.87, "Total Cost": 247183.88, "Plan Rows": 1, "Plan Width": 16, "Plans": [{"Node Type": "Nested Loop", "Parent Relationship": "Outer", "Join Type": "Inner", "Startup Cost": 0.0, "Total Cost": 247181.85, "Plan Rows": 806, "Plan Width": 8, "Inner Unique": false, "Plans": [{"Node Type": "Nested Loop", "Parent Relationship": "Outer", "Join Type": "Inner", "Startup Cost": 0.0, "Total Cost": 235005.8, "Plan Rows": 438, "Plan Width": 24, "Inner Unique": true, "Plans": [{"Node Type": "Aggregate", "Strategy": "Sorted", "Parent Relationship": "Outer", "Startup Cost": 0.0, "Total Cost": 167743.36, "Plan Rows": 11032, "Plan Width": 80, "Group By Key": ["public.lineitem.l_partkey"], "Plans": [{"Node Type": "Nested Loop", "Parent Relationship": "Outer", "Join Type": "Inner", "Startup Cost": 0.0, "Total Cost": 167467.56, "Plan Rows": 11032, "Plan Width": 16, "Inner Unique": false, "Plans": [{"Node Type": "Index Scan", "Parent Relationship": "Outer", "Scan Direction": "Forward", "Index Name": "part_kpey", "Relation Name": "part", "Alias": "part", "Startup Cost": 0.0, "Total Cost": 110803.25, "Plan Rows": 2001, "Plan Width": 8, "Filter": "((p_brand = 'Brand#44'::bpchar) AND (p_container = 'WRAP PKG'::bpchar))"}, {"Node Type": "Index Scan", "Parent Relationship": "Inner", "Scan Direction": "Forward", "Index Name": "idx_lineitem_part_supp", "Relation Name": "lineitem", "Alias": "lineitem", "Startup Cost": 0.0, "Total Cost": 28.26, "Plan Rows": 6, "Plan Width": 16, "Index Cond": "(l_partkey = public.part.p_partkey)"}]}]}, {"Node Type": "Index Scan", "Parent Relationship": "Inner", "Scan Direction": "Forward", "Index Name": "part_kpey", "Relation Name": "part", "Alias": "part", "Startup Cost": 0.0, "Total Cost": 6.08, "Plan Rows": 1, "Plan Width": 8, "Index Cond": "(p_partkey = public.lineitem.l_partkey)", "Filter": "((p_brand = 'Brand#44'::bpchar) AND (p_container = 'WRAP PKG'::bpchar))"}]}, {"Node Type": "Index Scan", "Parent Relationship": "Inner", "Scan Direction": "Forward", "Index Name": "idx_lineitem_part_supp", "Relation Name": "lineitem", "Alias": "lineitem", "Startup Cost": 0.0, "Total Cost": 27.78, "Plan Rows": 2, "Plan Width": 24, "Index Cond": "(l_partkey = public.lineitem.l_partkey)", "Filter": "(l_quantity < (.2::double precision * (avg(public.lineitem.l_quantity))))"}]}]}, "Unique SQL Id": 1080450481}, "explain_analyze_plan": {"Plan": {"Node Type": "Aggregate", "Strategy": "Plain", "Startup Cost": 247183.87, "Total Cost": 247183.88, "Plan Rows": 1, "Plan Width": 16, "Actual Startup Time": 1786.581, "Actual Total Time": 1786.581, "Actual Rows": 1, "Actual Loops": 1, "Plans": [{"Node Type": "Nested Loop", "Parent Relationship": "Outer", "Join Type": "Inner", "Startup Cost": 0.0, "Total Cost": 247181.85, "Plan Rows": 806, "Plan Width": 8, "Actual Startup Time": 2.095, "Actual Total Time": 1785.363, "Actual Rows": 5403, "Actual Loops": 1, "Inner Unique": false, "Plans": [{"Node Type": "Nested Loop", "Parent Relationship": "Outer", "Join Type": "Inner", "Startup Cost": 0.0, "Total Cost": 235005.8, "Plan Rows": 438, "Plan Width": 24, "Actual Startup Time": 2.05, "Actual Total Time": 1705.146, "Actual Rows": 2003, "Actual Loops": 1, "Inner Unique": true, "Plans": [{"Node Type": "Aggregate", "Strategy": "Sorted", "Parent Relationship": "Outer", "Startup Cost": 0.0, "Total Cost": 167743.36, "Plan Rows": 11032, "Plan Width": 80, "Actual Startup Time": 2.039, "Actual Total Time": 1693.01, "Actual Rows": 2003, "Actual Loops": 1, "Group By Key": ["public.lineitem.l_partkey"], "Plans": [{"Node Type": "Nested Loop", "Parent Relationship": "Outer", "Join Type": "Inner", "Startup Cost": 0.0, "Total Cost": 167467.56, "Plan Rows": 11032, "Plan Width": 16, "Actual Startup Time": 0.668, "Actual Total Time": 1660.016, "Actual Rows": 60021, "Actual Loops": 1, "Inner Unique": false, "Plans": [{"Node Type": "Index Scan", "Parent Relationship": "Outer", "Scan Direction": "Forward", "Index Name": "part_kpey", "Relation Name": "part", "Alias": "part", "Startup Cost": 0.0, "Total Cost": 110803.25, "Plan Rows": 2001, "Plan Width": 8, "Actual Startup Time": 0.649, "Actual Total Time": 1460.778, "Actual Rows": 2003, "Actual Loops": 1, "Filter": "((p_brand = 'Brand#44'::bpchar) AND (p_container = 'WRAP PKG'::bpchar))", "Rows Removed by Filter": 1997997}, {"Node Type": "Index Scan", "Parent Relationship": "Inner", "Scan Direction": "Forward", "Index Name": "idx_lineitem_part_supp", "Relation Name": "lineitem", "Alias": "lineitem", "Startup Cost": 0.0, "Total Cost": 28.26, "Plan Rows": 6, "Plan Width": 16, "Actual Startup Time": 23.917, "Actual Total Time": 183.588, "Actual Rows": 60021, "Actual Loops": 2003, "Index Cond": "(l_partkey = public.part.p_partkey)", "Rows Removed by Index Recheck": 0}]}]}, {"Node Type": "Index Scan", "Parent Relationship": "Inner", "Scan Direction": "Forward", "Index Name": "part_kpey", "Relation Name": "part", "Alias": "part", "Startup Cost": 0.0, "Total Cost": 6.08, "Plan Rows": 1, "Plan Width": 8, "Actual Startup Time": 9.552, "Actual Total Time": 9.552, "Actual Rows": 2003, "Actual Loops": 2003, "Index Cond": "(p_partkey = public.lineitem.l_partkey)", "Rows Removed by Index Recheck": 0, "Filter": "((p_brand = 'Brand#44'::bpchar) AND (p_container = 'WRAP PKG'::bpchar))", "Rows Removed by Filter": 0}]}, {"Node Type": "Index Scan", "Parent Relationship": "Inner", "Scan Direction": "Forward", "Index Name": "idx_lineitem_part_supp", "Relation Name": "lineitem", "Alias": "lineitem", "Startup Cost": 0.0, "Total Cost": 27.78, "Plan Rows": 2, "Plan Width": 24, "Actual Startup Time": 33.922, "Actual Total Time": 77.009, "Actual Rows": 5403, "Actual Loops": 2003, "Index Cond": "(l_partkey = public.lineitem.l_partkey)", "Rows Removed by Index Recheck": 0, "Filter": "(l_quantity < (.2::double precision * (avg(public.lineitem.l_quantity))))", "Rows Removed by Filter": 54618}]}]}, "Triggers": [], "Planner Runtime": 1.403, "Total Runtime": 1786.803, "Unique SQL Id": 1080450481}}, "(64, 106)": {"explain_plan": {"Plan": {"Node Type": "Aggregate", "Strategy": "Plain", "Startup Cost": 4549973.98, "Total Cost": 4549974.0, "Plan Rows": 1, "Plan Width": 16, "Plans": [{"Node Type": "Hash Join", "Parent Relationship": "Outer", "Join Type": "Inner", "Startup Cost": 2309655.28, "Total Cost": 4549971.97, "Plan Rows": 806, "Plan Width": 8, "Inner Unique": true, "Hash Cond": "(public.part.p_partkey = subquery.\"?column?\")", "Join Filter": "(public.lineitem.l_quantity < (.2::double precision * subquery.\"?column?\"))", "Plans": [{"Node Type": "Hash Join", "Parent Relationship": "Outer", "Join Type": "Inner", "Startup Cost": 71969.01, "Total Cost": 2312146.04, "Plan Rows": 11032, "Plan Width": 32, "Inner Unique": true, "Hash Cond": "(public.lineitem.l_partkey = public.part.p_partkey)", "Plans": [{"Node Type": "Seq Scan", "Parent Relationship": "Outer", "Relation Name": "lineitem", "Alias": "lineitem", "Startup Cost": 0.0, "Total Cost": 2015115.33, "Plan Rows": 59987033, "Plan Width": 24}, {"Node Type": "Hash", "Parent Relationship": "Inner", "Startup Cost": 71944.0, "Total Cost": 71944.0, "Plan Rows": 2001, "Plan Width": 8, "Plans": [{"Node Type": "Seq Scan", "Parent Relationship": "Outer", "Relation Name": "part", "Alias": "part", "Startup Cost": 0.0, "Total Cost": 71944.0, "Plan Rows": 2001, "Plan Width": 8, "Filter": "((p_brand = 'Brand#44'::bpchar) AND (p_container = 'WRAP PKG'::bpchar))"}]}]}, {"Node Type": "Hash", "Parent Relationship": "Inner", "Startup Cost": 2237548.37, "Total Cost": 2237548.37, "Plan Rows": 11032, "Plan Width": 16, "Plans": [{"Node Type": "Subquery Scan", "Parent Relationship": "Outer", "Alias": "subquery", "Startup Cost": 2237244.99, "Total Cost": 2237548.37, "Plan Rows": 11032, "Plan Width": 16, "Plans": [{"Node Type": "Aggregate", "Strategy": "Hashed", "Parent Relationship": "Subquery", "Startup Cost": 2237244.99, "Total Cost": 2237438.05, "Plan Rows": 11032, "Plan Width": 16, "Group By Key": ["public.lineitem.l_partkey"], "Plans": [{"Node Type": "Hash Join", "Parent Relationship": "Outer", "Join Type": "Inner", "Startup Cost": 71969.01, "Total Cost": 2237162.25, "Plan Rows": 11032, "Plan Width": 16, "Inner Unique": true, "Hash Cond": "(public.lineitem.l_partkey = public.part.p_partkey)", "Plans": [{"Node Type": "Seq Scan", "Parent Relationship": "Outer", "Relation Name": "lineitem", "Alias": "lineitem", "Startup Cost": 0.0, "Total Cost": 2015115.33, "Plan Rows": 59987033, "Plan Width": 16}, {"Node Type": "Hash", "Parent Relationship": "Inner", "Startup Cost": 71944.0, "Total Cost": 71944.0, "Plan Rows": 2001, "Plan Width": 8, "Plans": [{"Node Type": "Seq Scan", "Parent Relationship": "Outer", "Relation Name": "part", "Alias": "part", "Startup Cost": 0.0, "Total Cost": 71944.0, "Plan Rows": 2001, "Plan Width": 8, "Filter": "((p_brand = 'Brand#44'::bpchar) AND (p_container = 'WRAP PKG'::bpchar))"}]}]}]}]}]}]}]}, "Unique SQL Id": 1080450481}, "explain_analyze_plan": null}, "(64, 107)": {"explain_plan": {"Plan": {"Node Type": "Aggregate", "Strategy": "Plain", "Startup Cost": 4001573319144.61, "Total Cost": 4001573319144.62, "Plan Rows": 1, "Plan Width": 16, "Plans": [{"Node Type": "Hash Join", "Parent Relationship": "Outer", "Join Type": "Inner", "Startup Cost": 3010797702621.59, "Total Cost": 4001573319142.59, "Plan Rows": 806, "Plan Width": 8, "Inner Unique": true, "Hash Cond": "(public.part.p_partkey = subquery.\"?column?\")", "Join Filter": "(public.lineitem.l_quantity < (.2::double precision * subquery.\"?column?\"))", "Plans": [{"Node Type": "Hash Join", "Parent Relationship": "Outer", "Join Type": "Inner", "Startup Cost": 1010011080350.01, "Total Cost": 2000786696731.35, "Plan Rows": 11032, "Plan Width": 32, "Inner Unique": true, "Hash Cond": "(public.lineitem.l_partkey = public.part.p_partkey)", "Plans": [{"Node Type": "Index Scan", "Parent Relationship": "Outer", "Scan Direction": "Forward", "Index Name": "idx_lineitem_part_supp", "Relation Name": "lineitem", "Alias": "lineitem", "Startup Cost": 10000000000.0, "Total Cost": 1000775391319.64, "Plan Rows": 59987033, "Plan Width": 24}, {"Node Type": "Hash", "Parent Relationship": "Inner", "Startup Cost": 1000011080325.0, "Total Cost": 1000011080325.0, "Plan Rows": 2001, "Plan Width": 8, "Plans": [{"Node Type": "Index Scan", "Parent Relationship": "Outer", "Scan Direction": "Forward", "Index Name": "part_kpey", "Relation Name": "part", "Alias": "part", "Startup Cost": 10000000000.0, "Total Cost": 1000011080325.0, "Plan Rows": 2001, "Plan Width": 8, "Filter": "((p_brand = 'Brand#44'::bpchar) AND (p_container = 'WRAP PKG'::bpchar))"}]}]}, {"Node Type": "Hash", "Parent Relationship": "Inner", "Startup Cost": 2000786622133.68, "Total Cost": 2000786622133.68, "Plan Rows": 11032, "Plan Width": 16, "Plans": [{"Node Type": "Subquery Scan", "Parent Relationship": "Outer", "Alias": "subquery", "Startup Cost": 2000786621830.3, "Total Cost": 2000786622133.68, "Plan Rows": 11032, "Plan Width": 16, "Plans": [{"Node Type": "Aggregate", "Strategy": "Hashed", "Parent Relationship": "Subquery", "Startup Cost": 2000786621830.3, "Total Cost": 2000786622023.36, "Plan Rows": 11032, "Plan Width": 16, "Group By Key": ["public.lineitem.l_partkey"], "Plans": [{"Node Type": "Hash Join", "Parent Relationship": "Outer", "Join Type": "Inner", "Startup Cost": 1010011080350.01, "Total Cost": 2000786621747.56, "Plan Rows": 11032, "Plan Width": 16, "Inner Unique": true, "Hash Cond": "(public.lineitem.l_partkey = public.part.p_partkey)", "Plans": [{"Node Type": "Index Scan", "Parent Relationship": "Outer", "Scan Direction": "Forward", "Index Name": "idx_lineitem_part_supp", "Relation Name": "lineitem", "Alias": "lineitem", "Startup Cost": 10000000000.0, "Total Cost": 1000775391319.64, "Plan Rows": 59987033, "Plan Width": 16}, {"Node Type": "Hash", "Parent Relationship": "Inner", "Startup Cost": 1000011080325.0, "Total Cost": 1000011080325.0, "Plan Rows": 2001, "Plan Width": 8, "Plans": [{"Node Type": "Index Scan", "Parent Relationship": "Outer", "Scan Direction": "Forward", "Index Name": "part_kpey", "Relation Name": "part", "Alias": "part", "Startup Cost": 10000000000.0, "Total Cost": 1000011080325.0, "Plan Rows": 2001, "Plan Width": 8, "Filter": "((p_brand = 'Brand#44'::bpchar) AND (p_container = 'WRAP PKG'::bpchar))"}]}]}]}]}]}]}]}, "Unique SQL Id": 1080450481}, "explain_analyze_plan": null}, "(64, 108)": {"explain_plan": {"Plan": {"Node Type": "Aggregate", "Strategy": "Plain", "Startup Cost": 208324.62, "Total Cost": 208324.63, "Plan Rows": 1, "Plan Width": 16, "Plans": [{"Node Type": "Nested Loop", "Parent Relationship": "Outer", "Join Type": "Inner", "Startup Cost": 128691.05, "Total Cost": 208322.6, "Plan Rows": 806, "Plan Width": 8, "Inner Unique": false, "Plans": [{"Node Type": "Nested Loop", "Parent Relationship": "Outer", "Join Type": "Inner", "Startup Cost": 128691.05, "Total Cost": 196146.55, "Plan Rows": 438, "Plan Width": 24, "Inner Unique": true, "Plans": [{"Node Type": "Aggregate", "Strategy": "Hashed", "Parent Relationship": "Outer", "Startup Cost": 128691.05, "Total Cost": 128884.11, "Plan Rows": 11032, "Plan Width": 16, "Group By Key": ["public.lineitem.l_partkey"], "Plans": [{"Node Type": "Nested Loop", "Parent Relationship": "Outer", "Join Type": "Inner", "Startup Cost": 0.0, "Total Cost": 128608.31, "Plan Rows": 11032, "Plan Width": 16, "Inner Unique": false, "Plans": [{"Node Type": "Seq Scan", "Parent Relationship": "Outer", "Relation Name": "part", "Alias": "part", "Startup Cost": 0.0, "Total Cost": 71944.0, "Plan Rows": 2001, "Plan Width": 8, "Filter": "((p_brand = 'Brand#44'::bpchar) AND (p_container = 'WRAP PKG'::bpchar))"}, {"Node Type": "Index Scan", "Parent Relationship": "Inner", "Scan Direction": "Forward", "Index Name": "idx_lineitem_part_supp", "Relation Name": "lineitem", "Alias": "lineitem", "Startup Cost": 0.0, "Total Cost": 28.26, "Plan Rows": 6, "Plan Width": 16, "Index Cond": "(l_partkey = public.part.p_partkey)"}]}]}, {"Node Type": "Index Scan", "Parent Relationship": "Inner", "Scan Direction": "Forward", "Index Name": "part_kpey", "Relation Name": "part", "Alias": "part", "Startup Cost": 0.0, "Total Cost": 6.08, "Plan Rows": 1, "Plan Width": 8, "Index Cond": "(p_partkey = public.lineitem.l_partkey)", "Filter": "((p_brand = 'Brand#44'::bpchar) AND (p_container = 'WRAP PKG'::bpchar))"}]}, {"Node Type": "Index Scan", "Parent Relationship": "Inner", "Scan Direction": "Forward", "Index Name": "idx_lineitem_part_supp", "Relation Name": "lineitem", "Alias": "lineitem", "Startup Cost": 0.0, "Total Cost": 27.78, "Plan Rows": 2, "Plan Width": 24, "Index Cond": "(l_partkey = public.lineitem.l_partkey)", "Filter": "(l_quantity < (.2::double precision * (avg(public.lineitem.l_quantity))))"}]}]}, "Unique SQL Id": 1080450481}, "explain_analyze_plan": {"Plan": {"Node Type": "Aggregate", "Strategy": "Plain", "Startup Cost": 208324.62, "Total Cost": 208324.63, "Plan Rows": 1, "Plan Width": 16, "Actual Startup Time": 1237.71, "Actual Total Time": 1237.71, "Actual Rows": 1, "Actual Loops": 1, "Plans": [{"Node Type": "Nested Loop", "Parent Relationship": "Outer", "Join Type": "Inner", "Startup Cost": 128691.05, "Total Cost": 208322.6, "Plan Rows": 806, "Plan Width": 8, "Actual Startup Time": 1029.199, "Actual Total Time": 1236.739, "Actual Rows": 5403, "Actual Loops": 1, "Inner Unique": false, "Plans": [{"Node Type": "Nested Loop", "Parent Relationship": "Outer", "Join Type": "Inner", "Startup Cost": 128691.05, "Total Cost": 196146.55, "Plan Rows": 438, "Plan Width": 24, "Actual Startup Time": 1029.156, "Actual Total Time": 1050.822, "Actual Rows": 2003, "Actual Loops": 1, "Inner Unique": true, "Plans": [{"Node Type": "Aggregate", "Strategy": "Hashed", "Parent Relationship": "Outer", "Startup Cost": 128691.05, "Total Cost": 128884.11, "Plan Rows": 11032, "Plan Width": 16, "Actual Startup Time": 1029.115, "Actual Total Time": 1030.893, "Actual Rows": 2003, "Actual Loops": 1, "Group By Key": ["public.lineitem.l_partkey"], "Plans": [{"Node Type": "Nested Loop", "Parent Relationship": "Outer", "Join Type": "Inner", "Startup Cost": 0.0, "Total Cost": 128608.31, "Plan Rows": 11032, "Plan Width": 16, "Actual Startup Time": 0.391, "Actual Total Time": 988.045, "Actual Rows": 60021, "Actual Loops": 1, "Inner Unique": false, "Plans": [{"Node Type": "Seq Scan", "Parent Relationship": "Outer", "Relation Name": "part", "Alias": "part", "Startup Cost": 0.0, "Total Cost": 71944.0, "Plan Rows": 2001, "Plan Width": 8, "Actual Startup Time": 0.368, "Actual Total Time": 794.914, "Actual Rows": 2003, "Actual Loops": 1, "Filter": "((p_brand = 'Brand#44'::bpchar) AND (p_container = 'WRAP PKG'::bpchar))", "Rows Removed by Filter": 1997997}, {"Node Type": "Index Scan", "Parent Relationship": "Inner", "Scan Direction": "Forward", "Index Name": "idx_lineitem_part_supp", "Relation Name": "lineitem", "Alias": "lineitem", "Startup Cost": 0.0, "Total Cost": 28.26, "Plan Rows": 6, "Plan Width": 16, "Actual Startup Time": 25.038, "Actual Total Time": 178.698, "Actual Rows": 60021, "Actual Loops": 2003, "Index Cond": "(l_partkey = public.part.p_partkey)", "Rows Removed by Index Recheck": 0}]}]}, {"Node Type": "Index Scan", "Parent Relationship": "Inner", "Scan Direction": "Forward", "Index Name": "part_kpey", "Relation Name": "part", "Alias": "part", "Startup Cost": 0.0, "Total Cost": 6.08, "Plan Rows": 1, "Plan Width": 8, "Actual Startup Time": 18.14, "Actual Total Time": 18.14, "Actual Rows": 2003, "Actual Loops": 2003, "Index Cond": "(p_partkey = public.lineitem.l_partkey)", "Rows Removed by Index Recheck": 0, "Filter": "((p_brand = 'Brand#44'::bpchar) AND (p_container = 'WRAP PKG'::bpchar))", "Rows Removed by Filter": 0}]}, {"Node Type": "Index Scan", "Parent Relationship": "Inner", "Scan Direction": "Forward", "Index Name": "idx_lineitem_part_supp", "Relation Name": "lineitem", "Alias": "lineitem", "Startup Cost": 0.0, "Total Cost": 27.78, "Plan Rows": 2, "Plan Width": 24, "Actual Startup Time": 74.664, "Actual Total Time": 183.579, "Actual Rows": 5403, "Actual Loops": 2003, "Index Cond": "(l_partkey = public.lineitem.l_partkey)", "Rows Removed by Index Recheck": 0, "Filter": "(l_quantity < (.2::double precision * (avg(public.lineitem.l_quantity))))", "Rows Removed by Filter": 54618}]}]}, "Triggers": [], "Planner Runtime": 1.459, "Total Runtime": 1237.93, "Unique SQL Id": 1080450481}}, "(64, 109)": {"explain_plan": {"Plan": {"Node Type": "Aggregate", "Strategy": "Plain", "Startup Cost": 247183.87, "Total Cost": 247183.88, "Plan Rows": 1, "Plan Width": 16, "Plans": [{"Node Type": "Nested Loop", "Parent Relationship": "Outer", "Join Type": "Inner", "Startup Cost": 0.0, "Total Cost": 247181.85, "Plan Rows": 806, "Plan Width": 8, "Inner Unique": false, "Plans": [{"Node Type": "Nested Loop", "Parent Relationship": "Outer", "Join Type": "Inner", "Startup Cost": 0.0, "Total Cost": 235005.8, "Plan Rows": 438, "Plan Width": 24, "Inner Unique": true, "Plans": [{"Node Type": "Aggregate", "Strategy": "Sorted", "Parent Relationship": "Outer", "Startup Cost": 0.0, "Total Cost": 167743.36, "Plan Rows": 11032, "Plan Width": 80, "Group By Key": ["public.lineitem.l_partkey"], "Plans": [{"Node Type": "Nested Loop", "Parent Relationship": "Outer", "Join Type": "Inner", "Startup Cost": 0.0, "Total Cost": 167467.56, "Plan Rows": 11032, "Plan Width": 16, "Inner Unique": false, "Plans": [{"Node Type": "Index Scan", "Parent Relationship": "Outer", "Scan Direction": "Forward", "Index Name": "part_kpey", "Relation Name": "part", "Alias": "part", "Startup Cost": 0.0, "Total Cost": 110803.25, "Plan Rows": 2001, "Plan Width": 8, "Filter": "((p_brand = 'Brand#44'::bpchar) AND (p_container = 'WRAP PKG'::bpchar))"}, {"Node Type": "Index Scan", "Parent Relationship": "Inner", "Scan Direction": "Forward", "Index Name": "idx_lineitem_part_supp", "Relation Name": "lineitem", "Alias": "lineitem", "Startup Cost": 0.0, "Total Cost": 28.26, "Plan Rows": 6, "Plan Width": 16, "Index Cond": "(l_partkey = public.part.p_partkey)"}]}]}, {"Node Type": "Index Scan", "Parent Relationship": "Inner", "Scan Direction": "Forward", "Index Name": "part_kpey", "Relation Name": "part", "Alias": "part", "Startup Cost": 0.0, "Total Cost": 6.08, "Plan Rows": 1, "Plan Width": 8, "Index Cond": "(p_partkey = public.lineitem.l_partkey)", "Filter": "((p_brand = 'Brand#44'::bpchar) AND (p_container = 'WRAP PKG'::bpchar))"}]}, {"Node Type": "Index Scan", "Parent Relationship": "Inner", "Scan Direction": "Forward", "Index Name": "idx_lineitem_part_supp", "Relation Name": "lineitem", "Alias": "lineitem", "Startup Cost": 0.0, "Total Cost": 27.78, "Plan Rows": 2, "Plan Width": 24, "Index Cond": "(l_partkey = public.lineitem.l_partkey)", "Filter": "(l_quantity < (.2::double precision * (avg(public.lineitem.l_quantity))))"}]}]}, "Unique SQL Id": 1080450481}, "explain_analyze_plan": {"Plan": {"Node Type": "Aggregate", "Strategy": "Plain", "Startup Cost": 247183.87, "Total Cost": 247183.88, "Plan Rows": 1, "Plan Width": 16, "Actual Startup Time": 1786.581, "Actual Total Time": 1786.581, "Actual Rows": 1, "Actual Loops": 1, "Plans": [{"Node Type": "Nested Loop", "Parent Relationship": "Outer", "Join Type": "Inner", "Startup Cost": 0.0, "Total Cost": 247181.85, "Plan Rows": 806, "Plan Width": 8, "Actual Startup Time": 2.095, "Actual Total Time": 1785.363, "Actual Rows": 5403, "Actual Loops": 1, "Inner Unique": false, "Plans": [{"Node Type": "Nested Loop", "Parent Relationship": "Outer", "Join Type": "Inner", "Startup Cost": 0.0, "Total Cost": 235005.8, "Plan Rows": 438, "Plan Width": 24, "Actual Startup Time": 2.05, "Actual Total Time": 1705.146, "Actual Rows": 2003, "Actual Loops": 1, "Inner Unique": true, "Plans": [{"Node Type": "Aggregate", "Strategy": "Sorted", "Parent Relationship": "Outer", "Startup Cost": 0.0, "Total Cost": 167743.36, "Plan Rows": 11032, "Plan Width": 80, "Actual Startup Time": 2.039, "Actual Total Time": 1693.01, "Actual Rows": 2003, "Actual Loops": 1, "Group By Key": ["public.lineitem.l_partkey"], "Plans": [{"Node Type": "Nested Loop", "Parent Relationship": "Outer", "Join Type": "Inner", "Startup Cost": 0.0, "Total Cost": 167467.56, "Plan Rows": 11032, "Plan Width": 16, "Actual Startup Time": 0.668, "Actual Total Time": 1660.016, "Actual Rows": 60021, "Actual Loops": 1, "Inner Unique": false, "Plans": [{"Node Type": "Index Scan", "Parent Relationship": "Outer", "Scan Direction": "Forward", "Index Name": "part_kpey", "Relation Name": "part", "Alias": "part", "Startup Cost": 0.0, "Total Cost": 110803.25, "Plan Rows": 2001, "Plan Width": 8, "Actual Startup Time": 0.649, "Actual Total Time": 1460.778, "Actual Rows": 2003, "Actual Loops": 1, "Filter": "((p_brand = 'Brand#44'::bpchar) AND (p_container = 'WRAP PKG'::bpchar))", "Rows Removed by Filter": 1997997}, {"Node Type": "Index Scan", "Parent Relationship": "Inner", "Scan Direction": "Forward", "Index Name": "idx_lineitem_part_supp", "Relation Name": "lineitem", "Alias": "lineitem", "Startup Cost": 0.0, "Total Cost": 28.26, "Plan Rows": 6, "Plan Width": 16, "Actual Startup Time": 23.917, "Actual Total Time": 183.588, "Actual Rows": 60021, "Actual Loops": 2003, "Index Cond": "(l_partkey = public.part.p_partkey)", "Rows Removed by Index Recheck": 0}]}]}, {"Node Type": "Index Scan", "Parent Relationship": "Inner", "Scan Direction": "Forward", "Index Name": "part_kpey", "Relation Name": "part", "Alias": "part", "Startup Cost": 0.0, "Total Cost": 6.08, "Plan Rows": 1, "Plan Width": 8, "Actual Startup Time": 9.552, "Actual Total Time": 9.552, "Actual Rows": 2003, "Actual Loops": 2003, "Index Cond": "(p_partkey = public.lineitem.l_partkey)", "Rows Removed by Index Recheck": 0, "Filter": "((p_brand = 'Brand#44'::bpchar) AND (p_container = 'WRAP PKG'::bpchar))", "Rows Removed by Filter": 0}]}, {"Node Type": "Index Scan", "Parent Relationship": "Inner", "Scan Direction": "Forward", "Index Name": "idx_lineitem_part_supp", "Relation Name": "lineitem", "Alias": "lineitem", "Startup Cost": 0.0, "Total Cost": 27.78, "Plan Rows": 2, "Plan Width": 24, "Actual Startup Time": 33.922, "Actual Total Time": 77.009, "Actual Rows": 5403, "Actual Loops": 2003, "Index Cond": "(l_partkey = public.lineitem.l_partkey)", "Rows Removed by Index Recheck": 0, "Filter": "(l_quantity < (.2::double precision * (avg(public.lineitem.l_quantity))))", "Rows Removed by Filter": 54618}]}]}, "Triggers": [], "Planner Runtime": 1.403, "Total Runtime": 1786.803, "Unique SQL Id": 1080450481}}, "(64, 110)": {"explain_plan": {"Plan": {"Node Type": "Aggregate", "Strategy": "Plain", "Startup Cost": 4549973.98, "Total Cost": 4549974.0, "Plan Rows": 1, "Plan Width": 16, "Plans": [{"Node Type": "Hash Join", "Parent Relationship": "Outer", "Join Type": "Inner", "Startup Cost": 2309655.28, "Total Cost": 4549971.97, "Plan Rows": 806, "Plan Width": 8, "Inner Unique": true, "Hash Cond": "(public.part.p_partkey = subquery.\"?column?\")", "Join Filter": "(public.lineitem.l_quantity < (.2::double precision * subquery.\"?column?\"))", "Plans": [{"Node Type": "Hash Join", "Parent Relationship": "Outer", "Join Type": "Inner", "Startup Cost": 71969.01, "Total Cost": 2312146.04, "Plan Rows": 11032, "Plan Width": 32, "Inner Unique": true, "Hash Cond": "(public.lineitem.l_partkey = public.part.p_partkey)", "Plans": [{"Node Type": "Seq Scan", "Parent Relationship": "Outer", "Relation Name": "lineitem", "Alias": "lineitem", "Startup Cost": 0.0, "Total Cost": 2015115.33, "Plan Rows": 59987033, "Plan Width": 24}, {"Node Type": "Hash", "Parent Relationship": "Inner", "Startup Cost": 71944.0, "Total Cost": 71944.0, "Plan Rows": 2001, "Plan Width": 8, "Plans": [{"Node Type": "Seq Scan", "Parent Relationship": "Outer", "Relation Name": "part", "Alias": "part", "Startup Cost": 0.0, "Total Cost": 71944.0, "Plan Rows": 2001, "Plan Width": 8, "Filter": "((p_brand = 'Brand#44'::bpchar) AND (p_container = 'WRAP PKG'::bpchar))"}]}]}, {"Node Type": "Hash", "Parent Relationship": "Inner", "Startup Cost": 2237548.37, "Total Cost": 2237548.37, "Plan Rows": 11032, "Plan Width": 16, "Plans": [{"Node Type": "Subquery Scan", "Parent Relationship": "Outer", "Alias": "subquery", "Startup Cost": 2237244.99, "Total Cost": 2237548.37, "Plan Rows": 11032, "Plan Width": 16, "Plans": [{"Node Type": "Aggregate", "Strategy": "Hashed", "Parent Relationship": "Subquery", "Startup Cost": 2237244.99, "Total Cost": 2237438.05, "Plan Rows": 11032, "Plan Width": 16, "Group By Key": ["public.lineitem.l_partkey"], "Plans": [{"Node Type": "Hash Join", "Parent Relationship": "Outer", "Join Type": "Inner", "Startup Cost": 71969.01, "Total Cost": 2237162.25, "Plan Rows": 11032, "Plan Width": 16, "Inner Unique": true, "Hash Cond": "(public.lineitem.l_partkey = public.part.p_partkey)", "Plans": [{"Node Type": "Seq Scan", "Parent Relationship": "Outer", "Relation Name": "lineitem", "Alias": "lineitem", "Startup Cost": 0.0, "Total Cost": 2015115.33, "Plan Rows": 59987033, "Plan Width": 16}, {"Node Type": "Hash", "Parent Relationship": "Inner", "Startup Cost": 71944.0, "Total Cost": 71944.0, "Plan Rows": 2001, "Plan Width": 8, "Plans": [{"Node Type": "Seq Scan", "Parent Relationship": "Outer", "Relation Name": "part", "Alias": "part", "Startup Cost": 0.0, "Total Cost": 71944.0, "Plan Rows": 2001, "Plan Width": 8, "Filter": "((p_brand = 'Brand#44'::bpchar) AND (p_container = 'WRAP PKG'::bpchar))"}]}]}]}]}]}]}]}, "Unique SQL Id": 1080450481}, "explain_analyze_plan": null}, "(64, 111)": {"explain_plan": {"Plan": {"Node Type": "Aggregate", "Strategy": "Plain", "Startup Cost": 4001573319144.61, "Total Cost": 4001573319144.62, "Plan Rows": 1, "Plan Width": 16, "Plans": [{"Node Type": "Hash Join", "Parent Relationship": "Outer", "Join Type": "Inner", "Startup Cost": 3010797702621.59, "Total Cost": 4001573319142.59, "Plan Rows": 806, "Plan Width": 8, "Inner Unique": true, "Hash Cond": "(public.part.p_partkey = subquery.\"?column?\")", "Join Filter": "(public.lineitem.l_quantity < (.2::double precision * subquery.\"?column?\"))", "Plans": [{"Node Type": "Hash Join", "Parent Relationship": "Outer", "Join Type": "Inner", "Startup Cost": 1010011080350.01, "Total Cost": 2000786696731.35, "Plan Rows": 11032, "Plan Width": 32, "Inner Unique": true, "Hash Cond": "(public.lineitem.l_partkey = public.part.p_partkey)", "Plans": [{"Node Type": "Index Scan", "Parent Relationship": "Outer", "Scan Direction": "Forward", "Index Name": "idx_lineitem_part_supp", "Relation Name": "lineitem", "Alias": "lineitem", "Startup Cost": 10000000000.0, "Total Cost": 1000775391319.64, "Plan Rows": 59987033, "Plan Width": 24}, {"Node Type": "Hash", "Parent Relationship": "Inner", "Startup Cost": 1000011080325.0, "Total Cost": 1000011080325.0, "Plan Rows": 2001, "Plan Width": 8, "Plans": [{"Node Type": "Index Scan", "Parent Relationship": "Outer", "Scan Direction": "Forward", "Index Name": "part_kpey", "Relation Name": "part", "Alias": "part", "Startup Cost": 10000000000.0, "Total Cost": 1000011080325.0, "Plan Rows": 2001, "Plan Width": 8, "Filter": "((p_brand = 'Brand#44'::bpchar) AND (p_container = 'WRAP PKG'::bpchar))"}]}]}, {"Node Type": "Hash", "Parent Relationship": "Inner", "Startup Cost": 2000786622133.68, "Total Cost": 2000786622133.68, "Plan Rows": 11032, "Plan Width": 16, "Plans": [{"Node Type": "Subquery Scan", "Parent Relationship": "Outer", "Alias": "subquery", "Startup Cost": 2000786621830.3, "Total Cost": 2000786622133.68, "Plan Rows": 11032, "Plan Width": 16, "Plans": [{"Node Type": "Aggregate", "Strategy": "Hashed", "Parent Relationship": "Subquery", "Startup Cost": 2000786621830.3, "Total Cost": 2000786622023.36, "Plan Rows": 11032, "Plan Width": 16, "Group By Key": ["public.lineitem.l_partkey"], "Plans": [{"Node Type": "Hash Join", "Parent Relationship": "Outer", "Join Type": "Inner", "Startup Cost": 1010011080350.01, "Total Cost": 2000786621747.56, "Plan Rows": 11032, "Plan Width": 16, "Inner Unique": true, "Hash Cond": "(public.lineitem.l_partkey = public.part.p_partkey)", "Plans": [{"Node Type": "Index Scan", "Parent Relationship": "Outer", "Scan Direction": "Forward", "Index Name": "idx_lineitem_part_supp", "Relation Name": "lineitem", "Alias": "lineitem", "Startup Cost": 10000000000.0, "Total Cost": 1000775391319.64, "Plan Rows": 59987033, "Plan Width": 16}, {"Node Type": "Hash", "Parent Relationship": "Inner", "Startup Cost": 1000011080325.0, "Total Cost": 1000011080325.0, "Plan Rows": 2001, "Plan Width": 8, "Plans": [{"Node Type": "Index Scan", "Parent Relationship": "Outer", "Scan Direction": "Forward", "Index Name": "part_kpey", "Relation Name": "part", "Alias": "part", "Startup Cost": 10000000000.0, "Total Cost": 1000011080325.0, "Plan Rows": 2001, "Plan Width": 8, "Filter": "((p_brand = 'Brand#44'::bpchar) AND (p_container = 'WRAP PKG'::bpchar))"}]}]}]}]}]}]}]}, "Unique SQL Id": 1080450481}, "explain_analyze_plan": null}, "(64, 112)": {"explain_plan": {"Plan": {"Node Type": "Aggregate", "Strategy": "Plain", "Startup Cost": 208324.62, "Total Cost": 208324.63, "Plan Rows": 1, "Plan Width": 16, "Plans": [{"Node Type": "Nested Loop", "Parent Relationship": "Outer", "Join Type": "Inner", "Startup Cost": 128691.05, "Total Cost": 208322.6, "Plan Rows": 806, "Plan Width": 8, "Inner Unique": false, "Plans": [{"Node Type": "Nested Loop", "Parent Relationship": "Outer", "Join Type": "Inner", "Startup Cost": 128691.05, "Total Cost": 196146.55, "Plan Rows": 438, "Plan Width": 24, "Inner Unique": true, "Plans": [{"Node Type": "Aggregate", "Strategy": "Hashed", "Parent Relationship": "Outer", "Startup Cost": 128691.05, "Total Cost": 128884.11, "Plan Rows": 11032, "Plan Width": 16, "Group By Key": ["public.lineitem.l_partkey"], "Plans": [{"Node Type": "Nested Loop", "Parent Relationship": "Outer", "Join Type": "Inner", "Startup Cost": 0.0, "Total Cost": 128608.31, "Plan Rows": 11032, "Plan Width": 16, "Inner Unique": false, "Plans": [{"Node Type": "Seq Scan", "Parent Relationship": "Outer", "Relation Name": "part", "Alias": "part", "Startup Cost": 0.0, "Total Cost": 71944.0, "Plan Rows": 2001, "Plan Width": 8, "Filter": "((p_brand = 'Brand#44'::bpchar) AND (p_container = 'WRAP PKG'::bpchar))"}, {"Node Type": "Index Scan", "Parent Relationship": "Inner", "Scan Direction": "Forward", "Index Name": "idx_lineitem_part_supp", "Relation Name": "lineitem", "Alias": "lineitem", "Startup Cost": 0.0, "Total Cost": 28.26, "Plan Rows": 6, "Plan Width": 16, "Index Cond": "(l_partkey = public.part.p_partkey)"}]}]}, {"Node Type": "Index Scan", "Parent Relationship": "Inner", "Scan Direction": "Forward", "Index Name": "part_kpey", "Relation Name": "part", "Alias": "part", "Startup Cost": 0.0, "Total Cost": 6.08, "Plan Rows": 1, "Plan Width": 8, "Index Cond": "(p_partkey = public.lineitem.l_partkey)", "Filter": "((p_brand = 'Brand#44'::bpchar) AND (p_container = 'WRAP PKG'::bpchar))"}]}, {"Node Type": "Index Scan", "Parent Relationship": "Inner", "Scan Direction": "Forward", "Index Name": "idx_lineitem_part_supp", "Relation Name": "lineitem", "Alias": "lineitem", "Startup Cost": 0.0, "Total Cost": 27.78, "Plan Rows": 2, "Plan Width": 24, "Index Cond": "(l_partkey = public.lineitem.l_partkey)", "Filter": "(l_quantity < (.2::double precision * (avg(public.lineitem.l_quantity))))"}]}]}, "Unique SQL Id": 1080450481}, "explain_analyze_plan": {"Plan": {"Node Type": "Aggregate", "Strategy": "Plain", "Startup Cost": 208324.62, "Total Cost": 208324.63, "Plan Rows": 1, "Plan Width": 16, "Actual Startup Time": 1237.71, "Actual Total Time": 1237.71, "Actual Rows": 1, "Actual Loops": 1, "Plans": [{"Node Type": "Nested Loop", "Parent Relationship": "Outer", "Join Type": "Inner", "Startup Cost": 128691.05, "Total Cost": 208322.6, "Plan Rows": 806, "Plan Width": 8, "Actual Startup Time": 1029.199, "Actual Total Time": 1236.739, "Actual Rows": 5403, "Actual Loops": 1, "Inner Unique": false, "Plans": [{"Node Type": "Nested Loop", "Parent Relationship": "Outer", "Join Type": "Inner", "Startup Cost": 128691.05, "Total Cost": 196146.55, "Plan Rows": 438, "Plan Width": 24, "Actual Startup Time": 1029.156, "Actual Total Time": 1050.822, "Actual Rows": 2003, "Actual Loops": 1, "Inner Unique": true, "Plans": [{"Node Type": "Aggregate", "Strategy": "Hashed", "Parent Relationship": "Outer", "Startup Cost": 128691.05, "Total Cost": 128884.11, "Plan Rows": 11032, "Plan Width": 16, "Actual Startup Time": 1029.115, "Actual Total Time": 1030.893, "Actual Rows": 2003, "Actual Loops": 1, "Group By Key": ["public.lineitem.l_partkey"], "Plans": [{"Node Type": "Nested Loop", "Parent Relationship": "Outer", "Join Type": "Inner", "Startup Cost": 0.0, "Total Cost": 128608.31, "Plan Rows": 11032, "Plan Width": 16, "Actual Startup Time": 0.391, "Actual Total Time": 988.045, "Actual Rows": 60021, "Actual Loops": 1, "Inner Unique": false, "Plans": [{"Node Type": "Seq Scan", "Parent Relationship": "Outer", "Relation Name": "part", "Alias": "part", "Startup Cost": 0.0, "Total Cost": 71944.0, "Plan Rows": 2001, "Plan Width": 8, "Actual Startup Time": 0.368, "Actual Total Time": 794.914, "Actual Rows": 2003, "Actual Loops": 1, "Filter": "((p_brand = 'Brand#44'::bpchar) AND (p_container = 'WRAP PKG'::bpchar))", "Rows Removed by Filter": 1997997}, {"Node Type": "Index Scan", "Parent Relationship": "Inner", "Scan Direction": "Forward", "Index Name": "idx_lineitem_part_supp", "Relation Name": "lineitem", "Alias": "lineitem", "Startup Cost": 0.0, "Total Cost": 28.26, "Plan Rows": 6, "Plan Width": 16, "Actual Startup Time": 25.038, "Actual Total Time": 178.698, "Actual Rows": 60021, "Actual Loops": 2003, "Index Cond": "(l_partkey = public.part.p_partkey)", "Rows Removed by Index Recheck": 0}]}]}, {"Node Type": "Index Scan", "Parent Relationship": "Inner", "Scan Direction": "Forward", "Index Name": "part_kpey", "Relation Name": "part", "Alias": "part", "Startup Cost": 0.0, "Total Cost": 6.08, "Plan Rows": 1, "Plan Width": 8, "Actual Startup Time": 18.14, "Actual Total Time": 18.14, "Actual Rows": 2003, "Actual Loops": 2003, "Index Cond": "(p_partkey = public.lineitem.l_partkey)", "Rows Removed by Index Recheck": 0, "Filter": "((p_brand = 'Brand#44'::bpchar) AND (p_container = 'WRAP PKG'::bpchar))", "Rows Removed by Filter": 0}]}, {"Node Type": "Index Scan", "Parent Relationship": "Inner", "Scan Direction": "Forward", "Index Name": "idx_lineitem_part_supp", "Relation Name": "lineitem", "Alias": "lineitem", "Startup Cost": 0.0, "Total Cost": 27.78, "Plan Rows": 2, "Plan Width": 24, "Actual Startup Time": 74.664, "Actual Total Time": 183.579, "Actual Rows": 5403, "Actual Loops": 2003, "Index Cond": "(l_partkey = public.lineitem.l_partkey)", "Rows Removed by Index Recheck": 0, "Filter": "(l_quantity < (.2::double precision * (avg(public.lineitem.l_quantity))))", "Rows Removed by Filter": 54618}]}]}, "Triggers": [], "Planner Runtime": 1.459, "Total Runtime": 1237.93, "Unique SQL Id": 1080450481}}, "(64, 113)": {"explain_plan": {"Plan": {"Node Type": "Aggregate", "Strategy": "Plain", "Startup Cost": 247183.87, "Total Cost": 247183.88, "Plan Rows": 1, "Plan Width": 16, "Plans": [{"Node Type": "Nested Loop", "Parent Relationship": "Outer", "Join Type": "Inner", "Startup Cost": 0.0, "Total Cost": 247181.85, "Plan Rows": 806, "Plan Width": 8, "Inner Unique": false, "Plans": [{"Node Type": "Nested Loop", "Parent Relationship": "Outer", "Join Type": "Inner", "Startup Cost": 0.0, "Total Cost": 235005.8, "Plan Rows": 438, "Plan Width": 24, "Inner Unique": true, "Plans": [{"Node Type": "Aggregate", "Strategy": "Sorted", "Parent Relationship": "Outer", "Startup Cost": 0.0, "Total Cost": 167743.36, "Plan Rows": 11032, "Plan Width": 80, "Group By Key": ["public.lineitem.l_partkey"], "Plans": [{"Node Type": "Nested Loop", "Parent Relationship": "Outer", "Join Type": "Inner", "Startup Cost": 0.0, "Total Cost": 167467.56, "Plan Rows": 11032, "Plan Width": 16, "Inner Unique": false, "Plans": [{"Node Type": "Index Scan", "Parent Relationship": "Outer", "Scan Direction": "Forward", "Index Name": "part_kpey", "Relation Name": "part", "Alias": "part", "Startup Cost": 0.0, "Total Cost": 110803.25, "Plan Rows": 2001, "Plan Width": 8, "Filter": "((p_brand = 'Brand#44'::bpchar) AND (p_container = 'WRAP PKG'::bpchar))"}, {"Node Type": "Index Scan", "Parent Relationship": "Inner", "Scan Direction": "Forward", "Index Name": "idx_lineitem_part_supp", "Relation Name": "lineitem", "Alias": "lineitem", "Startup Cost": 0.0, "Total Cost": 28.26, "Plan Rows": 6, "Plan Width": 16, "Index Cond": "(l_partkey = public.part.p_partkey)"}]}]}, {"Node Type": "Index Scan", "Parent Relationship": "Inner", "Scan Direction": "Forward", "Index Name": "part_kpey", "Relation Name": "part", "Alias": "part", "Startup Cost": 0.0, "Total Cost": 6.08, "Plan Rows": 1, "Plan Width": 8, "Index Cond": "(p_partkey = public.lineitem.l_partkey)", "Filter": "((p_brand = 'Brand#44'::bpchar) AND (p_container = 'WRAP PKG'::bpchar))"}]}, {"Node Type": "Index Scan", "Parent Relationship": "Inner", "Scan Direction": "Forward", "Index Name": "idx_lineitem_part_supp", "Relation Name": "lineitem", "Alias": "lineitem", "Startup Cost": 0.0, "Total Cost": 27.78, "Plan Rows": 2, "Plan Width": 24, "Index Cond": "(l_partkey = public.lineitem.l_partkey)", "Filter": "(l_quantity < (.2::double precision * (avg(public.lineitem.l_quantity))))"}]}]}, "Unique SQL Id": 1080450481}, "explain_analyze_plan": {"Plan": {"Node Type": "Aggregate", "Strategy": "Plain", "Startup Cost": 247183.87, "Total Cost": 247183.88, "Plan Rows": 1, "Plan Width": 16, "Actual Startup Time": 1786.581, "Actual Total Time": 1786.581, "Actual Rows": 1, "Actual Loops": 1, "Plans": [{"Node Type": "Nested Loop", "Parent Relationship": "Outer", "Join Type": "Inner", "Startup Cost": 0.0, "Total Cost": 247181.85, "Plan Rows": 806, "Plan Width": 8, "Actual Startup Time": 2.095, "Actual Total Time": 1785.363, "Actual Rows": 5403, "Actual Loops": 1, "Inner Unique": false, "Plans": [{"Node Type": "Nested Loop", "Parent Relationship": "Outer", "Join Type": "Inner", "Startup Cost": 0.0, "Total Cost": 235005.8, "Plan Rows": 438, "Plan Width": 24, "Actual Startup Time": 2.05, "Actual Total Time": 1705.146, "Actual Rows": 2003, "Actual Loops": 1, "Inner Unique": true, "Plans": [{"Node Type": "Aggregate", "Strategy": "Sorted", "Parent Relationship": "Outer", "Startup Cost": 0.0, "Total Cost": 167743.36, "Plan Rows": 11032, "Plan Width": 80, "Actual Startup Time": 2.039, "Actual Total Time": 1693.01, "Actual Rows": 2003, "Actual Loops": 1, "Group By Key": ["public.lineitem.l_partkey"], "Plans": [{"Node Type": "Nested Loop", "Parent Relationship": "Outer", "Join Type": "Inner", "Startup Cost": 0.0, "Total Cost": 167467.56, "Plan Rows": 11032, "Plan Width": 16, "Actual Startup Time": 0.668, "Actual Total Time": 1660.016, "Actual Rows": 60021, "Actual Loops": 1, "Inner Unique": false, "Plans": [{"Node Type": "Index Scan", "Parent Relationship": "Outer", "Scan Direction": "Forward", "Index Name": "part_kpey", "Relation Name": "part", "Alias": "part", "Startup Cost": 0.0, "Total Cost": 110803.25, "Plan Rows": 2001, "Plan Width": 8, "Actual Startup Time": 0.649, "Actual Total Time": 1460.778, "Actual Rows": 2003, "Actual Loops": 1, "Filter": "((p_brand = 'Brand#44'::bpchar) AND (p_container = 'WRAP PKG'::bpchar))", "Rows Removed by Filter": 1997997}, {"Node Type": "Index Scan", "Parent Relationship": "Inner", "Scan Direction": "Forward", "Index Name": "idx_lineitem_part_supp", "Relation Name": "lineitem", "Alias": "lineitem", "Startup Cost": 0.0, "Total Cost": 28.26, "Plan Rows": 6, "Plan Width": 16, "Actual Startup Time": 23.917, "Actual Total Time": 183.588, "Actual Rows": 60021, "Actual Loops": 2003, "Index Cond": "(l_partkey = public.part.p_partkey)", "Rows Removed by Index Recheck": 0}]}]}, {"Node Type": "Index Scan", "Parent Relationship": "Inner", "Scan Direction": "Forward", "Index Name": "part_kpey", "Relation Name": "part", "Alias": "part", "Startup Cost": 0.0, "Total Cost": 6.08, "Plan Rows": 1, "Plan Width": 8, "Actual Startup Time": 9.552, "Actual Total Time": 9.552, "Actual Rows": 2003, "Actual Loops": 2003, "Index Cond": "(p_partkey = public.lineitem.l_partkey)", "Rows Removed by Index Recheck": 0, "Filter": "((p_brand = 'Brand#44'::bpchar) AND (p_container = 'WRAP PKG'::bpchar))", "Rows Removed by Filter": 0}]}, {"Node Type": "Index Scan", "Parent Relationship": "Inner", "Scan Direction": "Forward", "Index Name": "idx_lineitem_part_supp", "Relation Name": "lineitem", "Alias": "lineitem", "Startup Cost": 0.0, "Total Cost": 27.78, "Plan Rows": 2, "Plan Width": 24, "Actual Startup Time": 33.922, "Actual Total Time": 77.009, "Actual Rows": 5403, "Actual Loops": 2003, "Index Cond": "(l_partkey = public.lineitem.l_partkey)", "Rows Removed by Index Recheck": 0, "Filter": "(l_quantity < (.2::double precision * (avg(public.lineitem.l_quantity))))", "Rows Removed by Filter": 54618}]}]}, "Triggers": [], "Planner Runtime": 1.403, "Total Runtime": 1786.803, "Unique SQL Id": 1080450481}}, "(64, 114)": {"explain_plan": {"Plan": {"Node Type": "Aggregate", "Strategy": "Plain", "Startup Cost": 213808.47, "Total Cost": 213808.48, "Plan Rows": 1, "Plan Width": 16, "Plans": [{"Node Type": "Nested Loop", "Parent Relationship": "Outer", "Join Type": "Inner", "Startup Cost": 128826.76, "Total Cost": 213806.45, "Plan Rows": 806, "Plan Width": 8, "Inner Unique": false, "Plans": [{"Node Type": "Nested Loop", "Parent Relationship": "Outer", "Join Type": "Inner", "Startup Cost": 128822.53, "Total Cost": 201406.27, "Plan Rows": 438, "Plan Width": 24, "Inner Unique": true, "Plans": [{"Node Type": "Aggregate", "Strategy": "Hashed", "Parent Relationship": "Outer", "Startup Cost": 128820.01, "Total Cost": 129013.07, "Plan Rows": 11032, "Plan Width": 16, "Group By Key": ["public.lineitem.l_partkey"], "Plans": [{"Node Type": "Nested Loop", "Parent Relationship": "Outer", "Join Type": "Inner", "Startup Cost": 4.28, "Total Cost": 128737.27, "Plan Rows": 11032, "Plan Width": 16, "Inner Unique": false, "Plans": [{"Node Type": "Seq Scan", "Parent Relationship": "Outer", "Relation Name": "part", "Alias": "part", "Startup Cost": 0.0, "Total Cost": 71944.0, "Plan Rows": 2001, "Plan Width": 8, "Filter": "((p_brand = 'Brand#44'::bpchar) AND (p_container = 'WRAP PKG'::bpchar))"}, {"Node Type": "Bitmap Heap Scan", "Parent Relationship": "Inner", "Relation Name": "lineitem", "Alias": "lineitem", "Startup Cost": 4.28, "Total Cost": 28.32, "Plan Rows": 6, "Plan Width": 16, "Recheck Cond": "(l_partkey = public.part.p_partkey)", "Plans": [{"Node Type": "Bitmap Index Scan", "Parent Relationship": "Outer", "Index Name": "idx_lineitem_part_supp", "Startup Cost": 0.0, "Total Cost": 4.28, "Plan Rows": 6, "Plan Width": 0, "Index Cond": "(l_partkey = public.part.p_partkey)"}]}]}]}, {"Node Type": "Bitmap Heap Scan", "Parent Relationship": "Inner", "Relation Name": "part", "Alias": "part", "Startup Cost": 2.52, "Total Cost": 6.54, "Plan Rows": 1, "Plan Width": 8, "Recheck Cond": "(p_partkey = public.lineitem.l_partkey)", "Filter": "((p_brand = 'Brand#44'::bpchar) AND (p_container = 'WRAP PKG'::bpchar))", "Plans": [{"Node Type": "Bitmap Index Scan", "Parent Relationship": "Outer", "Index Name": "part_kpey", "Startup Cost": 0.0, "Total Cost": 2.52, "Plan Rows": 1, "Plan Width": 0, "Index Cond": "(p_partkey = public.lineitem.l_partkey)"}]}]}, {"Node Type": "Bitmap Heap Scan", "Parent Relationship": "Inner", "Relation Name": "lineitem", "Alias": "lineitem", "Startup Cost": 4.22, "Total Cost": 28.29, "Plan Rows": 2, "Plan Width": 24, "Recheck Cond": "(l_partkey = public.lineitem.l_partkey)", "Filter": "(l_quantity < (.2::double precision * (avg(public.lineitem.l_quantity))))", "Plans": [{"Node Type": "Bitmap Index Scan", "Parent Relationship": "Outer", "Index Name": "idx_lineitem_part_supp", "Startup Cost": 0.0, "Total Cost": 4.22, "Plan Rows": 6, "Plan Width": 0, "Index Cond": "(l_partkey = public.lineitem.l_partkey)"}]}]}]}, "Unique SQL Id": 1080450481}, "explain_analyze_plan": {"Plan": {"Node Type": "Aggregate", "Strategy": "Plain", "Startup Cost": 213808.47, "Total Cost": 213808.48, "Plan Rows": 1, "Plan Width": 16, "Actual Startup Time": 1279.19, "Actual Total Time": 1279.19, "Actual Rows": 1, "Actual Loops": 1, "Plans": [{"Node Type": "Nested Loop", "Parent Relationship": "Outer", "Join Type": "Inner", "Startup Cost": 128826.76, "Total Cost": 213806.45, "Plan Rows": 806, "Plan Width": 8, "Actual Startup Time": 1037.423, "Actual Total Time": 1278.124, "Actual Rows": 5403, "Actual Loops": 1, "Inner Unique": false, "Plans": [{"Node Type": "Nested Loop", "Parent Relationship": "Outer", "Join Type": "Inner", "Startup Cost": 128822.53, "Total Cost": 201406.27, "Plan Rows": 438, "Plan Width": 24, "Actual Startup Time": 1037.36, "Actual Total Time": 1063.781, "Actual Rows": 2003, "Actual Loops": 1, "Inner Unique": true, "Plans": [{"Node Type": "Aggregate", "Strategy": "Hashed", "Parent Relationship": "Outer", "Startup Cost": 128820.01, "Total Cost": 129013.07, "Plan Rows": 11032, "Plan Width": 16, "Actual Startup Time": 1037.311, "Actual Total Time": 1039.347, "Actual Rows": 2003, "Actual Loops": 1, "Group By Key": ["public.lineitem.l_partkey"], "Plans": [{"Node Type": "Nested Loop", "Parent Relationship": "Outer", "Join Type": "Inner", "Startup Cost": 4.28, "Total Cost": 128737.27, "Plan Rows": 11032, "Plan Width": 16, "Actual Startup Time": 0.394, "Actual Total Time": 996.431, "Actual Rows": 60021, "Actual Loops": 1, "Inner Unique": false, "Plans": [{"Node Type": "Seq Scan", "Parent Relationship": "Outer", "Relation Name": "part", "Alias": "part", "Startup Cost": 0.0, "Total Cost": 71944.0, "Plan Rows": 2001, "Plan Width": 8, "Actual Startup Time": 0.348, "Actual Total Time": 778.551, "Actual Rows": 2003, "Actual Loops": 1, "Filter": "((p_brand = 'Brand#44'::bpchar) AND (p_container = 'WRAP PKG'::bpchar))", "Rows Removed by Filter": 1997997}, {"Node Type": "Bitmap Heap Scan", "Parent Relationship": "Inner", "Relation Name": "lineitem", "Alias": "lineitem", "Startup Cost": 4.28, "Total Cost": 28.32, "Plan Rows": 6, "Plan Width": 16, "Actual Startup Time": 41.59, "Actual Total Time": 200.412, "Actual Rows": 60021, "Actual Loops": 2003, "Recheck Cond": "(l_partkey = public.part.p_partkey)", "Rows Removed by Index Recheck": 0, "Exact Heap Blocks": 60018, "Lossy Heap Blocks": 60018, "Plans": [{"Node Type": "Bitmap Index Scan", "Parent Relationship": "Outer", "Index Name": "idx_lineitem_part_supp", "Startup Cost": 0.0, "Total Cost": 4.28, "Plan Rows": 6, "Plan Width": 0, "Actual Startup Time": 27.347, "Actual Total Time": 27.347, "Actual Rows": 60021, "Actual Loops": 2003, "Index Cond": "(l_partkey = public.part.p_partkey)"}]}]}]}, {"Node Type": "Bitmap Heap Scan", "Parent Relationship": "Inner", "Relation Name": "part", "Alias": "part", "Startup Cost": 2.52, "Total Cost": 6.54, "Plan Rows": 1, "Plan Width": 8, "Actual Startup Time": 21.221, "Actual Total Time": 21.221, "Actual Rows": 2003, "Actual Loops": 2003, "Recheck Cond": "(p_partkey = public.lineitem.l_partkey)", "Rows Removed by Index Recheck": 0, "Filter": "((p_brand = 'Brand#44'::bpchar) AND (p_container = 'WRAP PKG'::bpchar))", "Rows Removed by Filter": 0, "Exact Heap Blocks": 2003, "Lossy Heap Blocks": 2003, "Plans": [{"Node Type": "Bitmap Index Scan", "Parent Relationship": "Outer", "Index Name": "part_kpey", "Startup Cost": 0.0, "Total Cost": 2.52, "Plan Rows": 1, "Plan Width": 0, "Actual Startup Time": 12.591, "Actual Total Time": 12.591, "Actual Rows": 2003, "Actual Loops": 2003, "Index Cond": "(p_partkey = public.lineitem.l_partkey)"}]}]}, {"Node Type": "Bitmap Heap Scan", "Parent Relationship": "Inner", "Relation Name": "lineitem", "Alias": "lineitem", "Startup Cost": 4.22, "Total Cost": 28.29, "Plan Rows": 2, "Plan Width": 24, "Actual Startup Time": 91.418, "Actual Total Time": 210.338, "Actual Rows": 5403, "Actual Loops": 2003, "Recheck Cond": "(l_partkey = public.lineitem.l_partkey)", "Rows Removed by Index Recheck": 0, "Filter": "(l_quantity < (.2::double precision * (avg(public.lineitem.l_quantity))))", "Rows Removed by Filter": 54618, "Exact Heap Blocks": 60018, "Lossy Heap Blocks": 60018, "Plans": [{"Node Type": "Bitmap Index Scan", "Parent Relationship": "Outer", "Index Name": "idx_lineitem_part_supp", "Startup Cost": 0.0, "Total Cost": 4.22, "Plan Rows": 6, "Plan Width": 0, "Actual Startup Time": 24.271, "Actual Total Time": 24.271, "Actual Rows": 60021, "Actual Loops": 2003, "Index Cond": "(l_partkey = public.lineitem.l_partkey)"}]}]}]}, "Triggers": [], "Planner Runtime": 1.391, "Total Runtime": 1279.48, "Unique SQL Id": 1080450481}}, "(64, 115)": {"explain_plan": {"Plan": {"Node Type": "Aggregate", "Strategy": "Plain", "Startup Cost": 1001032279502.61, "Total Cost": 1001032279502.62, "Plan Rows": 1, "Plan Width": 16, "Plans": [{"Node Type": "Nested Loop", "Parent Relationship": "Outer", "Join Type": "Inner", "Startup Cost": 10000000004.74, "Total Cost": 1001032279500.6, "Plan Rows": 806, "Plan Width": 8, "Inner Unique": true, "Join Filter": "(public.lineitem.l_partkey = public.part.p_partkey)", "Plans": [{"Node Type": "Nested Loop", "Parent Relationship": "Outer", "Join Type": "Inner", "Startup Cost": 10000000004.48, "Total Cost": 1001032192561.0, "Plan Rows": 20274, "Plan Width": 24, "Inner Unique": false, "Plans": [{"Node Type": "Aggregate", "Strategy": "Sorted", "Parent Relationship": "Outer", "Startup Cost": 10000000000.26, "Total Cost": 1001031880124.59, "Plan Rows": 11032, "Plan Width": 80, "Group By Key": ["public.lineitem.l_partkey"], "Plans": [{"Node Type": "Nested Loop", "Parent Relationship": "Outer", "Join Type": "Semi", "Startup Cost": 10000000000.26, "Total Cost": 1001031879848.79, "Plan Rows": 11032, "Plan Width": 16, "Inner Unique": false, "Plans": [{"Node Type": "Index Scan", "Parent Relationship": "Outer", "Scan Direction": "Forward", "Index Name": "idx_lineitem_part_supp", "Relation Name": "lineitem", "Alias": "lineitem", "Startup Cost": 10000000000.0, "Total Cost": 1000775391319.64, "Plan Rows": 59987033, "Plan Width": 16}, {"Node Type": "Bitmap Heap Scan", "Parent Relationship": "Inner", "Relation Name": "part", "Alias": "part", "Startup Cost": 0.26, "Total Cost": 4.28, "Plan Rows": 1, "Plan Width": 8, "Recheck Cond": "(p_partkey = public.lineitem.l_partkey)", "Filter": "((p_brand = 'Brand#44'::bpchar) AND (p_container = 'WRAP PKG'::bpchar))", "Plans": [{"Node Type": "Bitmap Index Scan", "Parent Relationship": "Outer", "Index Name": "part_kpey", "Startup Cost": 0.0, "Total Cost": 0.26, "Plan Rows": 1, "Plan Width": 0, "Index Cond": "(p_partkey = public.lineitem.l_partkey)"}]}]}]}, {"Node Type": "Bitmap Heap Scan", "Parent Relationship": "Inner", "Relation Name": "lineitem", "Alias": "lineitem", "Startup Cost": 4.22, "Total Cost": 28.29, "Plan Rows": 2, "Plan Width": 24, "Recheck Cond": "(l_partkey = public.lineitem.l_partkey)", "Filter": "(l_quantity < (.2::double precision * (avg(public.lineitem.l_quantity))))", "Plans": [{"Node Type": "Bitmap Index Scan", "Parent Relationship": "Outer", "Index Name": "idx_lineitem_part_supp", "Startup Cost": 0.0, "Total Cost": 4.22, "Plan Rows": 6, "Plan Width": 0, "Index Cond": "(l_partkey = public.lineitem.l_partkey)"}]}]}, {"Node Type": "Bitmap Heap Scan", "Parent Relationship": "Inner", "Relation Name": "part", "Alias": "part", "Startup Cost": 0.26, "Total Cost": 4.28, "Plan Rows": 1, "Plan Width": 8, "Recheck Cond": "(p_partkey = public.lineitem.l_partkey)", "Filter": "((p_brand = 'Brand#44'::bpchar) AND (p_container = 'WRAP PKG'::bpchar))", "Plans": [{"Node Type": "Bitmap Index Scan", "Parent Relationship": "Outer", "Index Name": "part_kpey", "Startup Cost": 0.0, "Total Cost": 0.26, "Plan Rows": 1, "Plan Width": 0, "Index Cond": "(p_partkey = public.lineitem.l_partkey)"}]}]}]}, "Unique SQL Id": 1080450481}, "explain_analyze_plan": null}, "(64, 116)": {"explain_plan": {"Plan": {"Node Type": "Aggregate", "Strategy": "Plain", "Startup Cost": 208324.62, "Total Cost": 208324.63, "Plan Rows": 1, "Plan Width": 16, "Plans": [{"Node Type": "Nested Loop", "Parent Relationship": "Outer", "Join Type": "Inner", "Startup Cost": 128691.05, "Total Cost": 208322.6, "Plan Rows": 806, "Plan Width": 8, "Inner Unique": false, "Plans": [{"Node Type": "Nested Loop", "Parent Relationship": "Outer", "Join Type": "Inner", "Startup Cost": 128691.05, "Total Cost": 196146.55, "Plan Rows": 438, "Plan Width": 24, "Inner Unique": true, "Plans": [{"Node Type": "Aggregate", "Strategy": "Hashed", "Parent Relationship": "Outer", "Startup Cost": 128691.05, "Total Cost": 128884.11, "Plan Rows": 11032, "Plan Width": 16, "Group By Key": ["public.lineitem.l_partkey"], "Plans": [{"Node Type": "Nested Loop", "Parent Relationship": "Outer", "Join Type": "Inner", "Startup Cost": 0.0, "Total Cost": 128608.31, "Plan Rows": 11032, "Plan Width": 16, "Inner Unique": false, "Plans": [{"Node Type": "Seq Scan", "Parent Relationship": "Outer", "Relation Name": "part", "Alias": "part", "Startup Cost": 0.0, "Total Cost": 71944.0, "Plan Rows": 2001, "Plan Width": 8, "Filter": "((p_brand = 'Brand#44'::bpchar) AND (p_container = 'WRAP PKG'::bpchar))"}, {"Node Type": "Index Scan", "Parent Relationship": "Inner", "Scan Direction": "Forward", "Index Name": "idx_lineitem_part_supp", "Relation Name": "lineitem", "Alias": "lineitem", "Startup Cost": 0.0, "Total Cost": 28.26, "Plan Rows": 6, "Plan Width": 16, "Index Cond": "(l_partkey = public.part.p_partkey)"}]}]}, {"Node Type": "Index Scan", "Parent Relationship": "Inner", "Scan Direction": "Forward", "Index Name": "part_kpey", "Relation Name": "part", "Alias": "part", "Startup Cost": 0.0, "Total Cost": 6.08, "Plan Rows": 1, "Plan Width": 8, "Index Cond": "(p_partkey = public.lineitem.l_partkey)", "Filter": "((p_brand = 'Brand#44'::bpchar) AND (p_container = 'WRAP PKG'::bpchar))"}]}, {"Node Type": "Index Scan", "Parent Relationship": "Inner", "Scan Direction": "Forward", "Index Name": "idx_lineitem_part_supp", "Relation Name": "lineitem", "Alias": "lineitem", "Startup Cost": 0.0, "Total Cost": 27.78, "Plan Rows": 2, "Plan Width": 24, "Index Cond": "(l_partkey = public.lineitem.l_partkey)", "Filter": "(l_quantity < (.2::double precision * (avg(public.lineitem.l_quantity))))"}]}]}, "Unique SQL Id": 1080450481}, "explain_analyze_plan": {"Plan": {"Node Type": "Aggregate", "Strategy": "Plain", "Startup Cost": 208324.62, "Total Cost": 208324.63, "Plan Rows": 1, "Plan Width": 16, "Actual Startup Time": 1237.71, "Actual Total Time": 1237.71, "Actual Rows": 1, "Actual Loops": 1, "Plans": [{"Node Type": "Nested Loop", "Parent Relationship": "Outer", "Join Type": "Inner", "Startup Cost": 128691.05, "Total Cost": 208322.6, "Plan Rows": 806, "Plan Width": 8, "Actual Startup Time": 1029.199, "Actual Total Time": 1236.739, "Actual Rows": 5403, "Actual Loops": 1, "Inner Unique": false, "Plans": [{"Node Type": "Nested Loop", "Parent Relationship": "Outer", "Join Type": "Inner", "Startup Cost": 128691.05, "Total Cost": 196146.55, "Plan Rows": 438, "Plan Width": 24, "Actual Startup Time": 1029.156, "Actual Total Time": 1050.822, "Actual Rows": 2003, "Actual Loops": 1, "Inner Unique": true, "Plans": [{"Node Type": "Aggregate", "Strategy": "Hashed", "Parent Relationship": "Outer", "Startup Cost": 128691.05, "Total Cost": 128884.11, "Plan Rows": 11032, "Plan Width": 16, "Actual Startup Time": 1029.115, "Actual Total Time": 1030.893, "Actual Rows": 2003, "Actual Loops": 1, "Group By Key": ["public.lineitem.l_partkey"], "Plans": [{"Node Type": "Nested Loop", "Parent Relationship": "Outer", "Join Type": "Inner", "Startup Cost": 0.0, "Total Cost": 128608.31, "Plan Rows": 11032, "Plan Width": 16, "Actual Startup Time": 0.391, "Actual Total Time": 988.045, "Actual Rows": 60021, "Actual Loops": 1, "Inner Unique": false, "Plans": [{"Node Type": "Seq Scan", "Parent Relationship": "Outer", "Relation Name": "part", "Alias": "part", "Startup Cost": 0.0, "Total Cost": 71944.0, "Plan Rows": 2001, "Plan Width": 8, "Actual Startup Time": 0.368, "Actual Total Time": 794.914, "Actual Rows": 2003, "Actual Loops": 1, "Filter": "((p_brand = 'Brand#44'::bpchar) AND (p_container = 'WRAP PKG'::bpchar))", "Rows Removed by Filter": 1997997}, {"Node Type": "Index Scan", "Parent Relationship": "Inner", "Scan Direction": "Forward", "Index Name": "idx_lineitem_part_supp", "Relation Name": "lineitem", "Alias": "lineitem", "Startup Cost": 0.0, "Total Cost": 28.26, "Plan Rows": 6, "Plan Width": 16, "Actual Startup Time": 25.038, "Actual Total Time": 178.698, "Actual Rows": 60021, "Actual Loops": 2003, "Index Cond": "(l_partkey = public.part.p_partkey)", "Rows Removed by Index Recheck": 0}]}]}, {"Node Type": "Index Scan", "Parent Relationship": "Inner", "Scan Direction": "Forward", "Index Name": "part_kpey", "Relation Name": "part", "Alias": "part", "Startup Cost": 0.0, "Total Cost": 6.08, "Plan Rows": 1, "Plan Width": 8, "Actual Startup Time": 18.14, "Actual Total Time": 18.14, "Actual Rows": 2003, "Actual Loops": 2003, "Index Cond": "(p_partkey = public.lineitem.l_partkey)", "Rows Removed by Index Recheck": 0, "Filter": "((p_brand = 'Brand#44'::bpchar) AND (p_container = 'WRAP PKG'::bpchar))", "Rows Removed by Filter": 0}]}, {"Node Type": "Index Scan", "Parent Relationship": "Inner", "Scan Direction": "Forward", "Index Name": "idx_lineitem_part_supp", "Relation Name": "lineitem", "Alias": "lineitem", "Startup Cost": 0.0, "Total Cost": 27.78, "Plan Rows": 2, "Plan Width": 24, "Actual Startup Time": 74.664, "Actual Total Time": 183.579, "Actual Rows": 5403, "Actual Loops": 2003, "Index Cond": "(l_partkey = public.lineitem.l_partkey)", "Rows Removed by Index Recheck": 0, "Filter": "(l_quantity < (.2::double precision * (avg(public.lineitem.l_quantity))))", "Rows Removed by Filter": 54618}]}]}, "Triggers": [], "Planner Runtime": 1.459, "Total Runtime": 1237.93, "Unique SQL Id": 1080450481}}, "(64, 117)": {"explain_plan": {"Plan": {"Node Type": "Aggregate", "Strategy": "Plain", "Startup Cost": 247183.87, "Total Cost": 247183.88, "Plan Rows": 1, "Plan Width": 16, "Plans": [{"Node Type": "Nested Loop", "Parent Relationship": "Outer", "Join Type": "Inner", "Startup Cost": 0.0, "Total Cost": 247181.85, "Plan Rows": 806, "Plan Width": 8, "Inner Unique": false, "Plans": [{"Node Type": "Nested Loop", "Parent Relationship": "Outer", "Join Type": "Inner", "Startup Cost": 0.0, "Total Cost": 235005.8, "Plan Rows": 438, "Plan Width": 24, "Inner Unique": true, "Plans": [{"Node Type": "Aggregate", "Strategy": "Sorted", "Parent Relationship": "Outer", "Startup Cost": 0.0, "Total Cost": 167743.36, "Plan Rows": 11032, "Plan Width": 80, "Group By Key": ["public.lineitem.l_partkey"], "Plans": [{"Node Type": "Nested Loop", "Parent Relationship": "Outer", "Join Type": "Inner", "Startup Cost": 0.0, "Total Cost": 167467.56, "Plan Rows": 11032, "Plan Width": 16, "Inner Unique": false, "Plans": [{"Node Type": "Index Scan", "Parent Relationship": "Outer", "Scan Direction": "Forward", "Index Name": "part_kpey", "Relation Name": "part", "Alias": "part", "Startup Cost": 0.0, "Total Cost": 110803.25, "Plan Rows": 2001, "Plan Width": 8, "Filter": "((p_brand = 'Brand#44'::bpchar) AND (p_container = 'WRAP PKG'::bpchar))"}, {"Node Type": "Index Scan", "Parent Relationship": "Inner", "Scan Direction": "Forward", "Index Name": "idx_lineitem_part_supp", "Relation Name": "lineitem", "Alias": "lineitem", "Startup Cost": 0.0, "Total Cost": 28.26, "Plan Rows": 6, "Plan Width": 16, "Index Cond": "(l_partkey = public.part.p_partkey)"}]}]}, {"Node Type": "Index Scan", "Parent Relationship": "Inner", "Scan Direction": "Forward", "Index Name": "part_kpey", "Relation Name": "part", "Alias": "part", "Startup Cost": 0.0, "Total Cost": 6.08, "Plan Rows": 1, "Plan Width": 8, "Index Cond": "(p_partkey = public.lineitem.l_partkey)", "Filter": "((p_brand = 'Brand#44'::bpchar) AND (p_container = 'WRAP PKG'::bpchar))"}]}, {"Node Type": "Index Scan", "Parent Relationship": "Inner", "Scan Direction": "Forward", "Index Name": "idx_lineitem_part_supp", "Relation Name": "lineitem", "Alias": "lineitem", "Startup Cost": 0.0, "Total Cost": 27.78, "Plan Rows": 2, "Plan Width": 24, "Index Cond": "(l_partkey = public.lineitem.l_partkey)", "Filter": "(l_quantity < (.2::double precision * (avg(public.lineitem.l_quantity))))"}]}]}, "Unique SQL Id": 1080450481}, "explain_analyze_plan": {"Plan": {"Node Type": "Aggregate", "Strategy": "Plain", "Startup Cost": 247183.87, "Total Cost": 247183.88, "Plan Rows": 1, "Plan Width": 16, "Actual Startup Time": 1786.581, "Actual Total Time": 1786.581, "Actual Rows": 1, "Actual Loops": 1, "Plans": [{"Node Type": "Nested Loop", "Parent Relationship": "Outer", "Join Type": "Inner", "Startup Cost": 0.0, "Total Cost": 247181.85, "Plan Rows": 806, "Plan Width": 8, "Actual Startup Time": 2.095, "Actual Total Time": 1785.363, "Actual Rows": 5403, "Actual Loops": 1, "Inner Unique": false, "Plans": [{"Node Type": "Nested Loop", "Parent Relationship": "Outer", "Join Type": "Inner", "Startup Cost": 0.0, "Total Cost": 235005.8, "Plan Rows": 438, "Plan Width": 24, "Actual Startup Time": 2.05, "Actual Total Time": 1705.146, "Actual Rows": 2003, "Actual Loops": 1, "Inner Unique": true, "Plans": [{"Node Type": "Aggregate", "Strategy": "Sorted", "Parent Relationship": "Outer", "Startup Cost": 0.0, "Total Cost": 167743.36, "Plan Rows": 11032, "Plan Width": 80, "Actual Startup Time": 2.039, "Actual Total Time": 1693.01, "Actual Rows": 2003, "Actual Loops": 1, "Group By Key": ["public.lineitem.l_partkey"], "Plans": [{"Node Type": "Nested Loop", "Parent Relationship": "Outer", "Join Type": "Inner", "Startup Cost": 0.0, "Total Cost": 167467.56, "Plan Rows": 11032, "Plan Width": 16, "Actual Startup Time": 0.668, "Actual Total Time": 1660.016, "Actual Rows": 60021, "Actual Loops": 1, "Inner Unique": false, "Plans": [{"Node Type": "Index Scan", "Parent Relationship": "Outer", "Scan Direction": "Forward", "Index Name": "part_kpey", "Relation Name": "part", "Alias": "part", "Startup Cost": 0.0, "Total Cost": 110803.25, "Plan Rows": 2001, "Plan Width": 8, "Actual Startup Time": 0.649, "Actual Total Time": 1460.778, "Actual Rows": 2003, "Actual Loops": 1, "Filter": "((p_brand = 'Brand#44'::bpchar) AND (p_container = 'WRAP PKG'::bpchar))", "Rows Removed by Filter": 1997997}, {"Node Type": "Index Scan", "Parent Relationship": "Inner", "Scan Direction": "Forward", "Index Name": "idx_lineitem_part_supp", "Relation Name": "lineitem", "Alias": "lineitem", "Startup Cost": 0.0, "Total Cost": 28.26, "Plan Rows": 6, "Plan Width": 16, "Actual Startup Time": 23.917, "Actual Total Time": 183.588, "Actual Rows": 60021, "Actual Loops": 2003, "Index Cond": "(l_partkey = public.part.p_partkey)", "Rows Removed by Index Recheck": 0}]}]}, {"Node Type": "Index Scan", "Parent Relationship": "Inner", "Scan Direction": "Forward", "Index Name": "part_kpey", "Relation Name": "part", "Alias": "part", "Startup Cost": 0.0, "Total Cost": 6.08, "Plan Rows": 1, "Plan Width": 8, "Actual Startup Time": 9.552, "Actual Total Time": 9.552, "Actual Rows": 2003, "Actual Loops": 2003, "Index Cond": "(p_partkey = public.lineitem.l_partkey)", "Rows Removed by Index Recheck": 0, "Filter": "((p_brand = 'Brand#44'::bpchar) AND (p_container = 'WRAP PKG'::bpchar))", "Rows Removed by Filter": 0}]}, {"Node Type": "Index Scan", "Parent Relationship": "Inner", "Scan Direction": "Forward", "Index Name": "idx_lineitem_part_supp", "Relation Name": "lineitem", "Alias": "lineitem", "Startup Cost": 0.0, "Total Cost": 27.78, "Plan Rows": 2, "Plan Width": 24, "Actual Startup Time": 33.922, "Actual Total Time": 77.009, "Actual Rows": 5403, "Actual Loops": 2003, "Index Cond": "(l_partkey = public.lineitem.l_partkey)", "Rows Removed by Index Recheck": 0, "Filter": "(l_quantity < (.2::double precision * (avg(public.lineitem.l_quantity))))", "Rows Removed by Filter": 54618}]}]}, "Triggers": [], "Planner Runtime": 1.403, "Total Runtime": 1786.803, "Unique SQL Id": 1080450481}}, "(64, 118)": {"explain_plan": {"Plan": {"Node Type": "Aggregate", "Strategy": "Plain", "Startup Cost": 213808.47, "Total Cost": 213808.48, "Plan Rows": 1, "Plan Width": 16, "Plans": [{"Node Type": "Nested Loop", "Parent Relationship": "Outer", "Join Type": "Inner", "Startup Cost": 128826.76, "Total Cost": 213806.45, "Plan Rows": 806, "Plan Width": 8, "Inner Unique": false, "Plans": [{"Node Type": "Nested Loop", "Parent Relationship": "Outer", "Join Type": "Inner", "Startup Cost": 128822.53, "Total Cost": 201406.27, "Plan Rows": 438, "Plan Width": 24, "Inner Unique": true, "Plans": [{"Node Type": "Aggregate", "Strategy": "Hashed", "Parent Relationship": "Outer", "Startup Cost": 128820.01, "Total Cost": 129013.07, "Plan Rows": 11032, "Plan Width": 16, "Group By Key": ["public.lineitem.l_partkey"], "Plans": [{"Node Type": "Nested Loop", "Parent Relationship": "Outer", "Join Type": "Inner", "Startup Cost": 4.28, "Total Cost": 128737.27, "Plan Rows": 11032, "Plan Width": 16, "Inner Unique": false, "Plans": [{"Node Type": "Seq Scan", "Parent Relationship": "Outer", "Relation Name": "part", "Alias": "part", "Startup Cost": 0.0, "Total Cost": 71944.0, "Plan Rows": 2001, "Plan Width": 8, "Filter": "((p_brand = 'Brand#44'::bpchar) AND (p_container = 'WRAP PKG'::bpchar))"}, {"Node Type": "Bitmap Heap Scan", "Parent Relationship": "Inner", "Relation Name": "lineitem", "Alias": "lineitem", "Startup Cost": 4.28, "Total Cost": 28.32, "Plan Rows": 6, "Plan Width": 16, "Recheck Cond": "(l_partkey = public.part.p_partkey)", "Plans": [{"Node Type": "Bitmap Index Scan", "Parent Relationship": "Outer", "Index Name": "idx_lineitem_part_supp", "Startup Cost": 0.0, "Total Cost": 4.28, "Plan Rows": 6, "Plan Width": 0, "Index Cond": "(l_partkey = public.part.p_partkey)"}]}]}]}, {"Node Type": "Bitmap Heap Scan", "Parent Relationship": "Inner", "Relation Name": "part", "Alias": "part", "Startup Cost": 2.52, "Total Cost": 6.54, "Plan Rows": 1, "Plan Width": 8, "Recheck Cond": "(p_partkey = public.lineitem.l_partkey)", "Filter": "((p_brand = 'Brand#44'::bpchar) AND (p_container = 'WRAP PKG'::bpchar))", "Plans": [{"Node Type": "Bitmap Index Scan", "Parent Relationship": "Outer", "Index Name": "part_kpey", "Startup Cost": 0.0, "Total Cost": 2.52, "Plan Rows": 1, "Plan Width": 0, "Index Cond": "(p_partkey = public.lineitem.l_partkey)"}]}]}, {"Node Type": "Bitmap Heap Scan", "Parent Relationship": "Inner", "Relation Name": "lineitem", "Alias": "lineitem", "Startup Cost": 4.22, "Total Cost": 28.29, "Plan Rows": 2, "Plan Width": 24, "Recheck Cond": "(l_partkey = public.lineitem.l_partkey)", "Filter": "(l_quantity < (.2::double precision * (avg(public.lineitem.l_quantity))))", "Plans": [{"Node Type": "Bitmap Index Scan", "Parent Relationship": "Outer", "Index Name": "idx_lineitem_part_supp", "Startup Cost": 0.0, "Total Cost": 4.22, "Plan Rows": 6, "Plan Width": 0, "Index Cond": "(l_partkey = public.lineitem.l_partkey)"}]}]}]}, "Unique SQL Id": 1080450481}, "explain_analyze_plan": {"Plan": {"Node Type": "Aggregate", "Strategy": "Plain", "Startup Cost": 213808.47, "Total Cost": 213808.48, "Plan Rows": 1, "Plan Width": 16, "Actual Startup Time": 1279.19, "Actual Total Time": 1279.19, "Actual Rows": 1, "Actual Loops": 1, "Plans": [{"Node Type": "Nested Loop", "Parent Relationship": "Outer", "Join Type": "Inner", "Startup Cost": 128826.76, "Total Cost": 213806.45, "Plan Rows": 806, "Plan Width": 8, "Actual Startup Time": 1037.423, "Actual Total Time": 1278.124, "Actual Rows": 5403, "Actual Loops": 1, "Inner Unique": false, "Plans": [{"Node Type": "Nested Loop", "Parent Relationship": "Outer", "Join Type": "Inner", "Startup Cost": 128822.53, "Total Cost": 201406.27, "Plan Rows": 438, "Plan Width": 24, "Actual Startup Time": 1037.36, "Actual Total Time": 1063.781, "Actual Rows": 2003, "Actual Loops": 1, "Inner Unique": true, "Plans": [{"Node Type": "Aggregate", "Strategy": "Hashed", "Parent Relationship": "Outer", "Startup Cost": 128820.01, "Total Cost": 129013.07, "Plan Rows": 11032, "Plan Width": 16, "Actual Startup Time": 1037.311, "Actual Total Time": 1039.347, "Actual Rows": 2003, "Actual Loops": 1, "Group By Key": ["public.lineitem.l_partkey"], "Plans": [{"Node Type": "Nested Loop", "Parent Relationship": "Outer", "Join Type": "Inner", "Startup Cost": 4.28, "Total Cost": 128737.27, "Plan Rows": 11032, "Plan Width": 16, "Actual Startup Time": 0.394, "Actual Total Time": 996.431, "Actual Rows": 60021, "Actual Loops": 1, "Inner Unique": false, "Plans": [{"Node Type": "Seq Scan", "Parent Relationship": "Outer", "Relation Name": "part", "Alias": "part", "Startup Cost": 0.0, "Total Cost": 71944.0, "Plan Rows": 2001, "Plan Width": 8, "Actual Startup Time": 0.348, "Actual Total Time": 778.551, "Actual Rows": 2003, "Actual Loops": 1, "Filter": "((p_brand = 'Brand#44'::bpchar) AND (p_container = 'WRAP PKG'::bpchar))", "Rows Removed by Filter": 1997997}, {"Node Type": "Bitmap Heap Scan", "Parent Relationship": "Inner", "Relation Name": "lineitem", "Alias": "lineitem", "Startup Cost": 4.28, "Total Cost": 28.32, "Plan Rows": 6, "Plan Width": 16, "Actual Startup Time": 41.59, "Actual Total Time": 200.412, "Actual Rows": 60021, "Actual Loops": 2003, "Recheck Cond": "(l_partkey = public.part.p_partkey)", "Rows Removed by Index Recheck": 0, "Exact Heap Blocks": 60018, "Lossy Heap Blocks": 60018, "Plans": [{"Node Type": "Bitmap Index Scan", "Parent Relationship": "Outer", "Index Name": "idx_lineitem_part_supp", "Startup Cost": 0.0, "Total Cost": 4.28, "Plan Rows": 6, "Plan Width": 0, "Actual Startup Time": 27.347, "Actual Total Time": 27.347, "Actual Rows": 60021, "Actual Loops": 2003, "Index Cond": "(l_partkey = public.part.p_partkey)"}]}]}]}, {"Node Type": "Bitmap Heap Scan", "Parent Relationship": "Inner", "Relation Name": "part", "Alias": "part", "Startup Cost": 2.52, "Total Cost": 6.54, "Plan Rows": 1, "Plan Width": 8, "Actual Startup Time": 21.221, "Actual Total Time": 21.221, "Actual Rows": 2003, "Actual Loops": 2003, "Recheck Cond": "(p_partkey = public.lineitem.l_partkey)", "Rows Removed by Index Recheck": 0, "Filter": "((p_brand = 'Brand#44'::bpchar) AND (p_container = 'WRAP PKG'::bpchar))", "Rows Removed by Filter": 0, "Exact Heap Blocks": 2003, "Lossy Heap Blocks": 2003, "Plans": [{"Node Type": "Bitmap Index Scan", "Parent Relationship": "Outer", "Index Name": "part_kpey", "Startup Cost": 0.0, "Total Cost": 2.52, "Plan Rows": 1, "Plan Width": 0, "Actual Startup Time": 12.591, "Actual Total Time": 12.591, "Actual Rows": 2003, "Actual Loops": 2003, "Index Cond": "(p_partkey = public.lineitem.l_partkey)"}]}]}, {"Node Type": "Bitmap Heap Scan", "Parent Relationship": "Inner", "Relation Name": "lineitem", "Alias": "lineitem", "Startup Cost": 4.22, "Total Cost": 28.29, "Plan Rows": 2, "Plan Width": 24, "Actual Startup Time": 91.418, "Actual Total Time": 210.338, "Actual Rows": 5403, "Actual Loops": 2003, "Recheck Cond": "(l_partkey = public.lineitem.l_partkey)", "Rows Removed by Index Recheck": 0, "Filter": "(l_quantity < (.2::double precision * (avg(public.lineitem.l_quantity))))", "Rows Removed by Filter": 54618, "Exact Heap Blocks": 60018, "Lossy Heap Blocks": 60018, "Plans": [{"Node Type": "Bitmap Index Scan", "Parent Relationship": "Outer", "Index Name": "idx_lineitem_part_supp", "Startup Cost": 0.0, "Total Cost": 4.22, "Plan Rows": 6, "Plan Width": 0, "Actual Startup Time": 24.271, "Actual Total Time": 24.271, "Actual Rows": 60021, "Actual Loops": 2003, "Index Cond": "(l_partkey = public.lineitem.l_partkey)"}]}]}]}, "Triggers": [], "Planner Runtime": 1.391, "Total Runtime": 1279.48, "Unique SQL Id": 1080450481}}, "(64, 119)": {"explain_plan": {"Plan": {"Node Type": "Aggregate", "Strategy": "Plain", "Startup Cost": 1001032279502.61, "Total Cost": 1001032279502.62, "Plan Rows": 1, "Plan Width": 16, "Plans": [{"Node Type": "Nested Loop", "Parent Relationship": "Outer", "Join Type": "Inner", "Startup Cost": 10000000004.74, "Total Cost": 1001032279500.6, "Plan Rows": 806, "Plan Width": 8, "Inner Unique": true, "Join Filter": "(public.lineitem.l_partkey = public.part.p_partkey)", "Plans": [{"Node Type": "Nested Loop", "Parent Relationship": "Outer", "Join Type": "Inner", "Startup Cost": 10000000004.48, "Total Cost": 1001032192561.0, "Plan Rows": 20274, "Plan Width": 24, "Inner Unique": false, "Plans": [{"Node Type": "Aggregate", "Strategy": "Sorted", "Parent Relationship": "Outer", "Startup Cost": 10000000000.26, "Total Cost": 1001031880124.59, "Plan Rows": 11032, "Plan Width": 80, "Group By Key": ["public.lineitem.l_partkey"], "Plans": [{"Node Type": "Nested Loop", "Parent Relationship": "Outer", "Join Type": "Semi", "Startup Cost": 10000000000.26, "Total Cost": 1001031879848.79, "Plan Rows": 11032, "Plan Width": 16, "Inner Unique": false, "Plans": [{"Node Type": "Index Scan", "Parent Relationship": "Outer", "Scan Direction": "Forward", "Index Name": "idx_lineitem_part_supp", "Relation Name": "lineitem", "Alias": "lineitem", "Startup Cost": 10000000000.0, "Total Cost": 1000775391319.64, "Plan Rows": 59987033, "Plan Width": 16}, {"Node Type": "Bitmap Heap Scan", "Parent Relationship": "Inner", "Relation Name": "part", "Alias": "part", "Startup Cost": 0.26, "Total Cost": 4.28, "Plan Rows": 1, "Plan Width": 8, "Recheck Cond": "(p_partkey = public.lineitem.l_partkey)", "Filter": "((p_brand = 'Brand#44'::bpchar) AND (p_container = 'WRAP PKG'::bpchar))", "Plans": [{"Node Type": "Bitmap Index Scan", "Parent Relationship": "Outer", "Index Name": "part_kpey", "Startup Cost": 0.0, "Total Cost": 0.26, "Plan Rows": 1, "Plan Width": 0, "Index Cond": "(p_partkey = public.lineitem.l_partkey)"}]}]}]}, {"Node Type": "Bitmap Heap Scan", "Parent Relationship": "Inner", "Relation Name": "lineitem", "Alias": "lineitem", "Startup Cost": 4.22, "Total Cost": 28.29, "Plan Rows": 2, "Plan Width": 24, "Recheck Cond": "(l_partkey = public.lineitem.l_partkey)", "Filter": "(l_quantity < (.2::double precision * (avg(public.lineitem.l_quantity))))", "Plans": [{"Node Type": "Bitmap Index Scan", "Parent Relationship": "Outer", "Index Name": "idx_lineitem_part_supp", "Startup Cost": 0.0, "Total Cost": 4.22, "Plan Rows": 6, "Plan Width": 0, "Index Cond": "(l_partkey = public.lineitem.l_partkey)"}]}]}, {"Node Type": "Bitmap Heap Scan", "Parent Relationship": "Inner", "Relation Name": "part", "Alias": "part", "Startup Cost": 0.26, "Total Cost": 4.28, "Plan Rows": 1, "Plan Width": 8, "Recheck Cond": "(p_partkey = public.lineitem.l_partkey)", "Filter": "((p_brand = 'Brand#44'::bpchar) AND (p_container = 'WRAP PKG'::bpchar))", "Plans": [{"Node Type": "Bitmap Index Scan", "Parent Relationship": "Outer", "Index Name": "part_kpey", "Startup Cost": 0.0, "Total Cost": 0.26, "Plan Rows": 1, "Plan Width": 0, "Index Cond": "(p_partkey = public.lineitem.l_partkey)"}]}]}]}, "Unique SQL Id": 1080450481}, "explain_analyze_plan": null}, "(64, 120)": {"explain_plan": {"Plan": {"Node Type": "Aggregate", "Strategy": "Plain", "Startup Cost": 208324.62, "Total Cost": 208324.63, "Plan Rows": 1, "Plan Width": 16, "Plans": [{"Node Type": "Nested Loop", "Parent Relationship": "Outer", "Join Type": "Inner", "Startup Cost": 128691.05, "Total Cost": 208322.6, "Plan Rows": 806, "Plan Width": 8, "Inner Unique": false, "Plans": [{"Node Type": "Nested Loop", "Parent Relationship": "Outer", "Join Type": "Inner", "Startup Cost": 128691.05, "Total Cost": 196146.55, "Plan Rows": 438, "Plan Width": 24, "Inner Unique": true, "Plans": [{"Node Type": "Aggregate", "Strategy": "Hashed", "Parent Relationship": "Outer", "Startup Cost": 128691.05, "Total Cost": 128884.11, "Plan Rows": 11032, "Plan Width": 16, "Group By Key": ["public.lineitem.l_partkey"], "Plans": [{"Node Type": "Nested Loop", "Parent Relationship": "Outer", "Join Type": "Inner", "Startup Cost": 0.0, "Total Cost": 128608.31, "Plan Rows": 11032, "Plan Width": 16, "Inner Unique": false, "Plans": [{"Node Type": "Seq Scan", "Parent Relationship": "Outer", "Relation Name": "part", "Alias": "part", "Startup Cost": 0.0, "Total Cost": 71944.0, "Plan Rows": 2001, "Plan Width": 8, "Filter": "((p_brand = 'Brand#44'::bpchar) AND (p_container = 'WRAP PKG'::bpchar))"}, {"Node Type": "Index Scan", "Parent Relationship": "Inner", "Scan Direction": "Forward", "Index Name": "idx_lineitem_part_supp", "Relation Name": "lineitem", "Alias": "lineitem", "Startup Cost": 0.0, "Total Cost": 28.26, "Plan Rows": 6, "Plan Width": 16, "Index Cond": "(l_partkey = public.part.p_partkey)"}]}]}, {"Node Type": "Index Scan", "Parent Relationship": "Inner", "Scan Direction": "Forward", "Index Name": "part_kpey", "Relation Name": "part", "Alias": "part", "Startup Cost": 0.0, "Total Cost": 6.08, "Plan Rows": 1, "Plan Width": 8, "Index Cond": "(p_partkey = public.lineitem.l_partkey)", "Filter": "((p_brand = 'Brand#44'::bpchar) AND (p_container = 'WRAP PKG'::bpchar))"}]}, {"Node Type": "Index Scan", "Parent Relationship": "Inner", "Scan Direction": "Forward", "Index Name": "idx_lineitem_part_supp", "Relation Name": "lineitem", "Alias": "lineitem", "Startup Cost": 0.0, "Total Cost": 27.78, "Plan Rows": 2, "Plan Width": 24, "Index Cond": "(l_partkey = public.lineitem.l_partkey)", "Filter": "(l_quantity < (.2::double precision * (avg(public.lineitem.l_quantity))))"}]}]}, "Unique SQL Id": 1080450481}, "explain_analyze_plan": {"Plan": {"Node Type": "Aggregate", "Strategy": "Plain", "Startup Cost": 208324.62, "Total Cost": 208324.63, "Plan Rows": 1, "Plan Width": 16, "Actual Startup Time": 1237.71, "Actual Total Time": 1237.71, "Actual Rows": 1, "Actual Loops": 1, "Plans": [{"Node Type": "Nested Loop", "Parent Relationship": "Outer", "Join Type": "Inner", "Startup Cost": 128691.05, "Total Cost": 208322.6, "Plan Rows": 806, "Plan Width": 8, "Actual Startup Time": 1029.199, "Actual Total Time": 1236.739, "Actual Rows": 5403, "Actual Loops": 1, "Inner Unique": false, "Plans": [{"Node Type": "Nested Loop", "Parent Relationship": "Outer", "Join Type": "Inner", "Startup Cost": 128691.05, "Total Cost": 196146.55, "Plan Rows": 438, "Plan Width": 24, "Actual Startup Time": 1029.156, "Actual Total Time": 1050.822, "Actual Rows": 2003, "Actual Loops": 1, "Inner Unique": true, "Plans": [{"Node Type": "Aggregate", "Strategy": "Hashed", "Parent Relationship": "Outer", "Startup Cost": 128691.05, "Total Cost": 128884.11, "Plan Rows": 11032, "Plan Width": 16, "Actual Startup Time": 1029.115, "Actual Total Time": 1030.893, "Actual Rows": 2003, "Actual Loops": 1, "Group By Key": ["public.lineitem.l_partkey"], "Plans": [{"Node Type": "Nested Loop", "Parent Relationship": "Outer", "Join Type": "Inner", "Startup Cost": 0.0, "Total Cost": 128608.31, "Plan Rows": 11032, "Plan Width": 16, "Actual Startup Time": 0.391, "Actual Total Time": 988.045, "Actual Rows": 60021, "Actual Loops": 1, "Inner Unique": false, "Plans": [{"Node Type": "Seq Scan", "Parent Relationship": "Outer", "Relation Name": "part", "Alias": "part", "Startup Cost": 0.0, "Total Cost": 71944.0, "Plan Rows": 2001, "Plan Width": 8, "Actual Startup Time": 0.368, "Actual Total Time": 794.914, "Actual Rows": 2003, "Actual Loops": 1, "Filter": "((p_brand = 'Brand#44'::bpchar) AND (p_container = 'WRAP PKG'::bpchar))", "Rows Removed by Filter": 1997997}, {"Node Type": "Index Scan", "Parent Relationship": "Inner", "Scan Direction": "Forward", "Index Name": "idx_lineitem_part_supp", "Relation Name": "lineitem", "Alias": "lineitem", "Startup Cost": 0.0, "Total Cost": 28.26, "Plan Rows": 6, "Plan Width": 16, "Actual Startup Time": 25.038, "Actual Total Time": 178.698, "Actual Rows": 60021, "Actual Loops": 2003, "Index Cond": "(l_partkey = public.part.p_partkey)", "Rows Removed by Index Recheck": 0}]}]}, {"Node Type": "Index Scan", "Parent Relationship": "Inner", "Scan Direction": "Forward", "Index Name": "part_kpey", "Relation Name": "part", "Alias": "part", "Startup Cost": 0.0, "Total Cost": 6.08, "Plan Rows": 1, "Plan Width": 8, "Actual Startup Time": 18.14, "Actual Total Time": 18.14, "Actual Rows": 2003, "Actual Loops": 2003, "Index Cond": "(p_partkey = public.lineitem.l_partkey)", "Rows Removed by Index Recheck": 0, "Filter": "((p_brand = 'Brand#44'::bpchar) AND (p_container = 'WRAP PKG'::bpchar))", "Rows Removed by Filter": 0}]}, {"Node Type": "Index Scan", "Parent Relationship": "Inner", "Scan Direction": "Forward", "Index Name": "idx_lineitem_part_supp", "Relation Name": "lineitem", "Alias": "lineitem", "Startup Cost": 0.0, "Total Cost": 27.78, "Plan Rows": 2, "Plan Width": 24, "Actual Startup Time": 74.664, "Actual Total Time": 183.579, "Actual Rows": 5403, "Actual Loops": 2003, "Index Cond": "(l_partkey = public.lineitem.l_partkey)", "Rows Removed by Index Recheck": 0, "Filter": "(l_quantity < (.2::double precision * (avg(public.lineitem.l_quantity))))", "Rows Removed by Filter": 54618}]}]}, "Triggers": [], "Planner Runtime": 1.459, "Total Runtime": 1237.93, "Unique SQL Id": 1080450481}}, "(64, 121)": {"explain_plan": {"Plan": {"Node Type": "Aggregate", "Strategy": "Plain", "Startup Cost": 247183.87, "Total Cost": 247183.88, "Plan Rows": 1, "Plan Width": 16, "Plans": [{"Node Type": "Nested Loop", "Parent Relationship": "Outer", "Join Type": "Inner", "Startup Cost": 0.0, "Total Cost": 247181.85, "Plan Rows": 806, "Plan Width": 8, "Inner Unique": false, "Plans": [{"Node Type": "Nested Loop", "Parent Relationship": "Outer", "Join Type": "Inner", "Startup Cost": 0.0, "Total Cost": 235005.8, "Plan Rows": 438, "Plan Width": 24, "Inner Unique": true, "Plans": [{"Node Type": "Aggregate", "Strategy": "Sorted", "Parent Relationship": "Outer", "Startup Cost": 0.0, "Total Cost": 167743.36, "Plan Rows": 11032, "Plan Width": 80, "Group By Key": ["public.lineitem.l_partkey"], "Plans": [{"Node Type": "Nested Loop", "Parent Relationship": "Outer", "Join Type": "Inner", "Startup Cost": 0.0, "Total Cost": 167467.56, "Plan Rows": 11032, "Plan Width": 16, "Inner Unique": false, "Plans": [{"Node Type": "Index Scan", "Parent Relationship": "Outer", "Scan Direction": "Forward", "Index Name": "part_kpey", "Relation Name": "part", "Alias": "part", "Startup Cost": 0.0, "Total Cost": 110803.25, "Plan Rows": 2001, "Plan Width": 8, "Filter": "((p_brand = 'Brand#44'::bpchar) AND (p_container = 'WRAP PKG'::bpchar))"}, {"Node Type": "Index Scan", "Parent Relationship": "Inner", "Scan Direction": "Forward", "Index Name": "idx_lineitem_part_supp", "Relation Name": "lineitem", "Alias": "lineitem", "Startup Cost": 0.0, "Total Cost": 28.26, "Plan Rows": 6, "Plan Width": 16, "Index Cond": "(l_partkey = public.part.p_partkey)"}]}]}, {"Node Type": "Index Scan", "Parent Relationship": "Inner", "Scan Direction": "Forward", "Index Name": "part_kpey", "Relation Name": "part", "Alias": "part", "Startup Cost": 0.0, "Total Cost": 6.08, "Plan Rows": 1, "Plan Width": 8, "Index Cond": "(p_partkey = public.lineitem.l_partkey)", "Filter": "((p_brand = 'Brand#44'::bpchar) AND (p_container = 'WRAP PKG'::bpchar))"}]}, {"Node Type": "Index Scan", "Parent Relationship": "Inner", "Scan Direction": "Forward", "Index Name": "idx_lineitem_part_supp", "Relation Name": "lineitem", "Alias": "lineitem", "Startup Cost": 0.0, "Total Cost": 27.78, "Plan Rows": 2, "Plan Width": 24, "Index Cond": "(l_partkey = public.lineitem.l_partkey)", "Filter": "(l_quantity < (.2::double precision * (avg(public.lineitem.l_quantity))))"}]}]}, "Unique SQL Id": 1080450481}, "explain_analyze_plan": {"Plan": {"Node Type": "Aggregate", "Strategy": "Plain", "Startup Cost": 247183.87, "Total Cost": 247183.88, "Plan Rows": 1, "Plan Width": 16, "Actual Startup Time": 1786.581, "Actual Total Time": 1786.581, "Actual Rows": 1, "Actual Loops": 1, "Plans": [{"Node Type": "Nested Loop", "Parent Relationship": "Outer", "Join Type": "Inner", "Startup Cost": 0.0, "Total Cost": 247181.85, "Plan Rows": 806, "Plan Width": 8, "Actual Startup Time": 2.095, "Actual Total Time": 1785.363, "Actual Rows": 5403, "Actual Loops": 1, "Inner Unique": false, "Plans": [{"Node Type": "Nested Loop", "Parent Relationship": "Outer", "Join Type": "Inner", "Startup Cost": 0.0, "Total Cost": 235005.8, "Plan Rows": 438, "Plan Width": 24, "Actual Startup Time": 2.05, "Actual Total Time": 1705.146, "Actual Rows": 2003, "Actual Loops": 1, "Inner Unique": true, "Plans": [{"Node Type": "Aggregate", "Strategy": "Sorted", "Parent Relationship": "Outer", "Startup Cost": 0.0, "Total Cost": 167743.36, "Plan Rows": 11032, "Plan Width": 80, "Actual Startup Time": 2.039, "Actual Total Time": 1693.01, "Actual Rows": 2003, "Actual Loops": 1, "Group By Key": ["public.lineitem.l_partkey"], "Plans": [{"Node Type": "Nested Loop", "Parent Relationship": "Outer", "Join Type": "Inner", "Startup Cost": 0.0, "Total Cost": 167467.56, "Plan Rows": 11032, "Plan Width": 16, "Actual Startup Time": 0.668, "Actual Total Time": 1660.016, "Actual Rows": 60021, "Actual Loops": 1, "Inner Unique": false, "Plans": [{"Node Type": "Index Scan", "Parent Relationship": "Outer", "Scan Direction": "Forward", "Index Name": "part_kpey", "Relation Name": "part", "Alias": "part", "Startup Cost": 0.0, "Total Cost": 110803.25, "Plan Rows": 2001, "Plan Width": 8, "Actual Startup Time": 0.649, "Actual Total Time": 1460.778, "Actual Rows": 2003, "Actual Loops": 1, "Filter": "((p_brand = 'Brand#44'::bpchar) AND (p_container = 'WRAP PKG'::bpchar))", "Rows Removed by Filter": 1997997}, {"Node Type": "Index Scan", "Parent Relationship": "Inner", "Scan Direction": "Forward", "Index Name": "idx_lineitem_part_supp", "Relation Name": "lineitem", "Alias": "lineitem", "Startup Cost": 0.0, "Total Cost": 28.26, "Plan Rows": 6, "Plan Width": 16, "Actual Startup Time": 23.917, "Actual Total Time": 183.588, "Actual Rows": 60021, "Actual Loops": 2003, "Index Cond": "(l_partkey = public.part.p_partkey)", "Rows Removed by Index Recheck": 0}]}]}, {"Node Type": "Index Scan", "Parent Relationship": "Inner", "Scan Direction": "Forward", "Index Name": "part_kpey", "Relation Name": "part", "Alias": "part", "Startup Cost": 0.0, "Total Cost": 6.08, "Plan Rows": 1, "Plan Width": 8, "Actual Startup Time": 9.552, "Actual Total Time": 9.552, "Actual Rows": 2003, "Actual Loops": 2003, "Index Cond": "(p_partkey = public.lineitem.l_partkey)", "Rows Removed by Index Recheck": 0, "Filter": "((p_brand = 'Brand#44'::bpchar) AND (p_container = 'WRAP PKG'::bpchar))", "Rows Removed by Filter": 0}]}, {"Node Type": "Index Scan", "Parent Relationship": "Inner", "Scan Direction": "Forward", "Index Name": "idx_lineitem_part_supp", "Relation Name": "lineitem", "Alias": "lineitem", "Startup Cost": 0.0, "Total Cost": 27.78, "Plan Rows": 2, "Plan Width": 24, "Actual Startup Time": 33.922, "Actual Total Time": 77.009, "Actual Rows": 5403, "Actual Loops": 2003, "Index Cond": "(l_partkey = public.lineitem.l_partkey)", "Rows Removed by Index Recheck": 0, "Filter": "(l_quantity < (.2::double precision * (avg(public.lineitem.l_quantity))))", "Rows Removed by Filter": 54618}]}]}, "Triggers": [], "Planner Runtime": 1.403, "Total Runtime": 1786.803, "Unique SQL Id": 1080450481}}, "(64, 122)": {"explain_plan": {"Plan": {"Node Type": "Aggregate", "Strategy": "Plain", "Startup Cost": 2330502847.95, "Total Cost": 2330502847.96, "Plan Rows": 1, "Plan Width": 16, "Plans": [{"Node Type": "Nested Loop", "Parent Relationship": "Outer", "Join Type": "Inner", "Startup Cost": 1802597942.57, "Total Cost": 2330502845.94, "Plan Rows": 806, "Plan Width": 8, "Inner Unique": false, "Join Filter": "((public.lineitem.l_partkey = public.lineitem.l_partkey) AND (public.lineitem.l_quantity < (.2::double precision * (avg(public.lineitem.l_quantity)))))", "Plans": [{"Node Type": "Seq Scan", "Parent Relationship": "Outer", "Relation Name": "lineitem", "Alias": "lineitem", "Startup Cost": 0.0, "Total Cost": 2015115.33, "Plan Rows": 59987033, "Plan Width": 24}, {"Node Type": "Materialize", "Parent Relationship": "Inner", "Startup Cost": 1802597942.57, "Total Cost": 1803001322.62, "Plan Rows": 438, "Plan Width": 24, "Plans": [{"Node Type": "Nested Loop", "Parent Relationship": "Outer", "Join Type": "Inner", "Startup Cost": 1802597942.57, "Total Cost": 1803001320.43, "Plan Rows": 438, "Plan Width": 24, "Inner Unique": true, "Join Filter": "(public.part.p_partkey = public.lineitem.l_partkey)", "Plans": [{"Node Type": "Aggregate", "Strategy": "Hashed", "Parent Relationship": "Outer", "Startup Cost": 1802597942.57, "Total Cost": 1802598135.63, "Plan Rows": 11032, "Plan Width": 16, "Group By Key": ["public.lineitem.l_partkey"], "Plans": [{"Node Type": "Nested Loop", "Parent Relationship": "Outer", "Join Type": "Semi", "Startup Cost": 0.0, "Total Cost": 1802597859.83, "Plan Rows": 11032, "Plan Width": 16, "Inner Unique": false, "Join Filter": "(public.lineitem.l_partkey = public.part.p_partkey)", "Plans": [{"Node Type": "Seq Scan", "Parent Relationship": "Outer", "Relation Name": "lineitem", "Alias": "lineitem", "Startup Cost": 0.0, "Total Cost": 2015115.33, "Plan Rows": 59987033, "Plan Width": 16}, {"Node Type": "Materialize", "Parent Relationship": "Inner", "Startup Cost": 0.0, "Total Cost": 71954.01, "Plan Rows": 2001, "Plan Width": 8, "Plans": [{"Node Type": "Seq Scan", "Parent Relationship": "Outer", "Relation Name": "part", "Alias": "part", "Startup Cost": 0.0, "Total Cost": 71944.0, "Plan Rows": 2001, "Plan Width": 8, "Filter": "((p_brand = 'Brand#44'::bpchar) AND (p_container = 'WRAP PKG'::bpchar))"}]}]}]}, {"Node Type": "Materialize", "Parent Relationship": "Inner", "Startup Cost": 0.0, "Total Cost": 71954.01, "Plan Rows": 2001, "Plan Width": 8, "Plans": [{"Node Type": "Seq Scan", "Parent Relationship": "Outer", "Relation Name": "part", "Alias": "part", "Startup Cost": 0.0, "Total Cost": 71944.0, "Plan Rows": 2001, "Plan Width": 8, "Filter": "((p_brand = 'Brand#44'::bpchar) AND (p_container = 'WRAP PKG'::bpchar))"}]}]}]}]}]}, "Unique SQL Id": 1080450481}, "explain_analyze_plan": null}, "(64, 123)": {"explain_plan": {"Plan": {"Node Type": "Aggregate", "Strategy": "Plain", "Startup Cost": 4003899272041.15, "Total Cost": 4003899272041.16, "Plan Rows": 1, "Plan Width": 16, "Plans": [{"Node Type": "Nested Loop", "Parent Relationship": "Outer", "Join Type": "Inner", "Startup Cost": 40000000000.0, "Total Cost": 4003899272039.14, "Plan Rows": 806, "Plan Width": 8, "Inner Unique": false, "Join Filter": "((subquery.\"?column?\" = public.lineitem.l_partkey) AND (public.lineitem.l_quantity < (.2::double precision * subquery.\"?column?\")))", "Plans": [{"Node Type": "Index Scan", "Parent Relationship": "Outer", "Scan Direction": "Forward", "Index Name": "idx_lineitem_part_supp", "Relation Name": "lineitem", "Alias": "lineitem", "Startup Cost": 10000000000.0, "Total Cost": 1000775391319.64, "Plan Rows": 59987033, "Plan Width": 24}, {"Node Type": "Materialize", "Parent Relationship": "Inner", "Startup Cost": 30000000000.0, "Total Cost": 3002598394311.51, "Plan Rows": 438, "Plan Width": 24, "Plans": [{"Node Type": "Nested Loop", "Parent Relationship": "Outer", "Join Type": "Inner", "Startup Cost": 30000000000.0, "Total Cost": 3002598394309.32, "Plan Rows": 438, "Plan Width": 24, "Inner Unique": true, "Join Filter": "(public.part.p_partkey = subquery.\"?column?\")", "Plans": [{"Node Type": "Index Scan", "Parent Relationship": "Outer", "Scan Direction": "Forward", "Index Name": "part_kpey", "Relation Name": "part", "Alias": "part", "Startup Cost": 10000000000.0, "Total Cost": 1000011080325.0, "Plan Rows": 2001, "Plan Width": 8, "Filter": "((p_brand = 'Brand#44'::bpchar) AND (p_container = 'WRAP PKG'::bpchar))"}, {"Node Type": "Materialize", "Parent Relationship": "Inner", "Startup Cost": 20000000000.0, "Total Cost": 2002586982886.42, "Plan Rows": 11032, "Plan Width": 16, "Plans": [{"Node Type": "Subquery Scan", "Parent Relationship": "Outer", "Alias": "subquery", "Startup Cost": 20000000000.0, "Total Cost": 2002586982831.26, "Plan Rows": 11032, "Plan Width": 16, "Plans": [{"Node Type": "Aggregate", "Strategy": "Sorted", "Parent Relationship": "Subquery", "Startup Cost": 20000000000.0, "Total Cost": 2002586982720.94, "Plan Rows": 11032, "Plan Width": 80, "Group By Key": ["public.lineitem.l_partkey"], "Plans": [{"Node Type": "Nested Loop", "Parent Relationship": "Outer", "Join Type": "Semi", "Startup Cost": 20000000000.0, "Total Cost": 2002586982445.14, "Plan Rows": 11032, "Plan Width": 16, "Inner Unique": false, "Join Filter": "(public.lineitem.l_partkey = public.part.p_partkey)", "Plans": [{"Node Type": "Index Scan", "Parent Relationship": "Outer", "Scan Direction": "Forward", "Index Name": "idx_lineitem_part_supp", "Relation Name": "lineitem", "Alias": "lineitem", "Startup Cost": 10000000000.0, "Total Cost": 1000775391319.64, "Plan Rows": 59987033, "Plan Width": 16}, {"Node Type": "Materialize", "Parent Relationship": "Inner", "Startup Cost": 10000000000.0, "Total Cost": 1000011080335.01, "Plan Rows": 2001, "Plan Width": 8, "Plans": [{"Node Type": "Index Scan", "Parent Relationship": "Outer", "Scan Direction": "Forward", "Index Name": "part_kpey", "Relation Name": "part", "Alias": "part", "Startup Cost": 10000000000.0, "Total Cost": 1000011080325.0, "Plan Rows": 2001, "Plan Width": 8, "Filter": "((p_brand = 'Brand#44'::bpchar) AND (p_container = 'WRAP PKG'::bpchar))"}]}]}]}]}]}]}]}]}]}, "Unique SQL Id": 1080450481}, "explain_analyze_plan": null}, "(64, 124)": {"explain_plan": {"Plan": {"Node Type": "Aggregate", "Strategy": "Plain", "Startup Cost": 208324.62, "Total Cost": 208324.63, "Plan Rows": 1, "Plan Width": 16, "Plans": [{"Node Type": "Nested Loop", "Parent Relationship": "Outer", "Join Type": "Inner", "Startup Cost": 128691.05, "Total Cost": 208322.6, "Plan Rows": 806, "Plan Width": 8, "Inner Unique": false, "Plans": [{"Node Type": "Nested Loop", "Parent Relationship": "Outer", "Join Type": "Inner", "Startup Cost": 128691.05, "Total Cost": 196146.55, "Plan Rows": 438, "Plan Width": 24, "Inner Unique": true, "Plans": [{"Node Type": "Aggregate", "Strategy": "Hashed", "Parent Relationship": "Outer", "Startup Cost": 128691.05, "Total Cost": 128884.11, "Plan Rows": 11032, "Plan Width": 16, "Group By Key": ["public.lineitem.l_partkey"], "Plans": [{"Node Type": "Nested Loop", "Parent Relationship": "Outer", "Join Type": "Inner", "Startup Cost": 0.0, "Total Cost": 128608.31, "Plan Rows": 11032, "Plan Width": 16, "Inner Unique": false, "Plans": [{"Node Type": "Seq Scan", "Parent Relationship": "Outer", "Relation Name": "part", "Alias": "part", "Startup Cost": 0.0, "Total Cost": 71944.0, "Plan Rows": 2001, "Plan Width": 8, "Filter": "((p_brand = 'Brand#44'::bpchar) AND (p_container = 'WRAP PKG'::bpchar))"}, {"Node Type": "Index Scan", "Parent Relationship": "Inner", "Scan Direction": "Forward", "Index Name": "idx_lineitem_part_supp", "Relation Name": "lineitem", "Alias": "lineitem", "Startup Cost": 0.0, "Total Cost": 28.26, "Plan Rows": 6, "Plan Width": 16, "Index Cond": "(l_partkey = public.part.p_partkey)"}]}]}, {"Node Type": "Index Scan", "Parent Relationship": "Inner", "Scan Direction": "Forward", "Index Name": "part_kpey", "Relation Name": "part", "Alias": "part", "Startup Cost": 0.0, "Total Cost": 6.08, "Plan Rows": 1, "Plan Width": 8, "Index Cond": "(p_partkey = public.lineitem.l_partkey)", "Filter": "((p_brand = 'Brand#44'::bpchar) AND (p_container = 'WRAP PKG'::bpchar))"}]}, {"Node Type": "Index Scan", "Parent Relationship": "Inner", "Scan Direction": "Forward", "Index Name": "idx_lineitem_part_supp", "Relation Name": "lineitem", "Alias": "lineitem", "Startup Cost": 0.0, "Total Cost": 27.78, "Plan Rows": 2, "Plan Width": 24, "Index Cond": "(l_partkey = public.lineitem.l_partkey)", "Filter": "(l_quantity < (.2::double precision * (avg(public.lineitem.l_quantity))))"}]}]}, "Unique SQL Id": 1080450481}, "explain_analyze_plan": {"Plan": {"Node Type": "Aggregate", "Strategy": "Plain", "Startup Cost": 208324.62, "Total Cost": 208324.63, "Plan Rows": 1, "Plan Width": 16, "Actual Startup Time": 1237.71, "Actual Total Time": 1237.71, "Actual Rows": 1, "Actual Loops": 1, "Plans": [{"Node Type": "Nested Loop", "Parent Relationship": "Outer", "Join Type": "Inner", "Startup Cost": 128691.05, "Total Cost": 208322.6, "Plan Rows": 806, "Plan Width": 8, "Actual Startup Time": 1029.199, "Actual Total Time": 1236.739, "Actual Rows": 5403, "Actual Loops": 1, "Inner Unique": false, "Plans": [{"Node Type": "Nested Loop", "Parent Relationship": "Outer", "Join Type": "Inner", "Startup Cost": 128691.05, "Total Cost": 196146.55, "Plan Rows": 438, "Plan Width": 24, "Actual Startup Time": 1029.156, "Actual Total Time": 1050.822, "Actual Rows": 2003, "Actual Loops": 1, "Inner Unique": true, "Plans": [{"Node Type": "Aggregate", "Strategy": "Hashed", "Parent Relationship": "Outer", "Startup Cost": 128691.05, "Total Cost": 128884.11, "Plan Rows": 11032, "Plan Width": 16, "Actual Startup Time": 1029.115, "Actual Total Time": 1030.893, "Actual Rows": 2003, "Actual Loops": 1, "Group By Key": ["public.lineitem.l_partkey"], "Plans": [{"Node Type": "Nested Loop", "Parent Relationship": "Outer", "Join Type": "Inner", "Startup Cost": 0.0, "Total Cost": 128608.31, "Plan Rows": 11032, "Plan Width": 16, "Actual Startup Time": 0.391, "Actual Total Time": 988.045, "Actual Rows": 60021, "Actual Loops": 1, "Inner Unique": false, "Plans": [{"Node Type": "Seq Scan", "Parent Relationship": "Outer", "Relation Name": "part", "Alias": "part", "Startup Cost": 0.0, "Total Cost": 71944.0, "Plan Rows": 2001, "Plan Width": 8, "Actual Startup Time": 0.368, "Actual Total Time": 794.914, "Actual Rows": 2003, "Actual Loops": 1, "Filter": "((p_brand = 'Brand#44'::bpchar) AND (p_container = 'WRAP PKG'::bpchar))", "Rows Removed by Filter": 1997997}, {"Node Type": "Index Scan", "Parent Relationship": "Inner", "Scan Direction": "Forward", "Index Name": "idx_lineitem_part_supp", "Relation Name": "lineitem", "Alias": "lineitem", "Startup Cost": 0.0, "Total Cost": 28.26, "Plan Rows": 6, "Plan Width": 16, "Actual Startup Time": 25.038, "Actual Total Time": 178.698, "Actual Rows": 60021, "Actual Loops": 2003, "Index Cond": "(l_partkey = public.part.p_partkey)", "Rows Removed by Index Recheck": 0}]}]}, {"Node Type": "Index Scan", "Parent Relationship": "Inner", "Scan Direction": "Forward", "Index Name": "part_kpey", "Relation Name": "part", "Alias": "part", "Startup Cost": 0.0, "Total Cost": 6.08, "Plan Rows": 1, "Plan Width": 8, "Actual Startup Time": 18.14, "Actual Total Time": 18.14, "Actual Rows": 2003, "Actual Loops": 2003, "Index Cond": "(p_partkey = public.lineitem.l_partkey)", "Rows Removed by Index Recheck": 0, "Filter": "((p_brand = 'Brand#44'::bpchar) AND (p_container = 'WRAP PKG'::bpchar))", "Rows Removed by Filter": 0}]}, {"Node Type": "Index Scan", "Parent Relationship": "Inner", "Scan Direction": "Forward", "Index Name": "idx_lineitem_part_supp", "Relation Name": "lineitem", "Alias": "lineitem", "Startup Cost": 0.0, "Total Cost": 27.78, "Plan Rows": 2, "Plan Width": 24, "Actual Startup Time": 74.664, "Actual Total Time": 183.579, "Actual Rows": 5403, "Actual Loops": 2003, "Index Cond": "(l_partkey = public.lineitem.l_partkey)", "Rows Removed by Index Recheck": 0, "Filter": "(l_quantity < (.2::double precision * (avg(public.lineitem.l_quantity))))", "Rows Removed by Filter": 54618}]}]}, "Triggers": [], "Planner Runtime": 1.459, "Total Runtime": 1237.93, "Unique SQL Id": 1080450481}}, "(64, 125)": {"explain_plan": {"Plan": {"Node Type": "Aggregate", "Strategy": "Plain", "Startup Cost": 247183.87, "Total Cost": 247183.88, "Plan Rows": 1, "Plan Width": 16, "Plans": [{"Node Type": "Nested Loop", "Parent Relationship": "Outer", "Join Type": "Inner", "Startup Cost": 0.0, "Total Cost": 247181.85, "Plan Rows": 806, "Plan Width": 8, "Inner Unique": false, "Plans": [{"Node Type": "Nested Loop", "Parent Relationship": "Outer", "Join Type": "Inner", "Startup Cost": 0.0, "Total Cost": 235005.8, "Plan Rows": 438, "Plan Width": 24, "Inner Unique": true, "Plans": [{"Node Type": "Aggregate", "Strategy": "Sorted", "Parent Relationship": "Outer", "Startup Cost": 0.0, "Total Cost": 167743.36, "Plan Rows": 11032, "Plan Width": 80, "Group By Key": ["public.lineitem.l_partkey"], "Plans": [{"Node Type": "Nested Loop", "Parent Relationship": "Outer", "Join Type": "Inner", "Startup Cost": 0.0, "Total Cost": 167467.56, "Plan Rows": 11032, "Plan Width": 16, "Inner Unique": false, "Plans": [{"Node Type": "Index Scan", "Parent Relationship": "Outer", "Scan Direction": "Forward", "Index Name": "part_kpey", "Relation Name": "part", "Alias": "part", "Startup Cost": 0.0, "Total Cost": 110803.25, "Plan Rows": 2001, "Plan Width": 8, "Filter": "((p_brand = 'Brand#44'::bpchar) AND (p_container = 'WRAP PKG'::bpchar))"}, {"Node Type": "Index Scan", "Parent Relationship": "Inner", "Scan Direction": "Forward", "Index Name": "idx_lineitem_part_supp", "Relation Name": "lineitem", "Alias": "lineitem", "Startup Cost": 0.0, "Total Cost": 28.26, "Plan Rows": 6, "Plan Width": 16, "Index Cond": "(l_partkey = public.part.p_partkey)"}]}]}, {"Node Type": "Index Scan", "Parent Relationship": "Inner", "Scan Direction": "Forward", "Index Name": "part_kpey", "Relation Name": "part", "Alias": "part", "Startup Cost": 0.0, "Total Cost": 6.08, "Plan Rows": 1, "Plan Width": 8, "Index Cond": "(p_partkey = public.lineitem.l_partkey)", "Filter": "((p_brand = 'Brand#44'::bpchar) AND (p_container = 'WRAP PKG'::bpchar))"}]}, {"Node Type": "Index Scan", "Parent Relationship": "Inner", "Scan Direction": "Forward", "Index Name": "idx_lineitem_part_supp", "Relation Name": "lineitem", "Alias": "lineitem", "Startup Cost": 0.0, "Total Cost": 27.78, "Plan Rows": 2, "Plan Width": 24, "Index Cond": "(l_partkey = public.lineitem.l_partkey)", "Filter": "(l_quantity < (.2::double precision * (avg(public.lineitem.l_quantity))))"}]}]}, "Unique SQL Id": 1080450481}, "explain_analyze_plan": {"Plan": {"Node Type": "Aggregate", "Strategy": "Plain", "Startup Cost": 247183.87, "Total Cost": 247183.88, "Plan Rows": 1, "Plan Width": 16, "Actual Startup Time": 1786.581, "Actual Total Time": 1786.581, "Actual Rows": 1, "Actual Loops": 1, "Plans": [{"Node Type": "Nested Loop", "Parent Relationship": "Outer", "Join Type": "Inner", "Startup Cost": 0.0, "Total Cost": 247181.85, "Plan Rows": 806, "Plan Width": 8, "Actual Startup Time": 2.095, "Actual Total Time": 1785.363, "Actual Rows": 5403, "Actual Loops": 1, "Inner Unique": false, "Plans": [{"Node Type": "Nested Loop", "Parent Relationship": "Outer", "Join Type": "Inner", "Startup Cost": 0.0, "Total Cost": 235005.8, "Plan Rows": 438, "Plan Width": 24, "Actual Startup Time": 2.05, "Actual Total Time": 1705.146, "Actual Rows": 2003, "Actual Loops": 1, "Inner Unique": true, "Plans": [{"Node Type": "Aggregate", "Strategy": "Sorted", "Parent Relationship": "Outer", "Startup Cost": 0.0, "Total Cost": 167743.36, "Plan Rows": 11032, "Plan Width": 80, "Actual Startup Time": 2.039, "Actual Total Time": 1693.01, "Actual Rows": 2003, "Actual Loops": 1, "Group By Key": ["public.lineitem.l_partkey"], "Plans": [{"Node Type": "Nested Loop", "Parent Relationship": "Outer", "Join Type": "Inner", "Startup Cost": 0.0, "Total Cost": 167467.56, "Plan Rows": 11032, "Plan Width": 16, "Actual Startup Time": 0.668, "Actual Total Time": 1660.016, "Actual Rows": 60021, "Actual Loops": 1, "Inner Unique": false, "Plans": [{"Node Type": "Index Scan", "Parent Relationship": "Outer", "Scan Direction": "Forward", "Index Name": "part_kpey", "Relation Name": "part", "Alias": "part", "Startup Cost": 0.0, "Total Cost": 110803.25, "Plan Rows": 2001, "Plan Width": 8, "Actual Startup Time": 0.649, "Actual Total Time": 1460.778, "Actual Rows": 2003, "Actual Loops": 1, "Filter": "((p_brand = 'Brand#44'::bpchar) AND (p_container = 'WRAP PKG'::bpchar))", "Rows Removed by Filter": 1997997}, {"Node Type": "Index Scan", "Parent Relationship": "Inner", "Scan Direction": "Forward", "Index Name": "idx_lineitem_part_supp", "Relation Name": "lineitem", "Alias": "lineitem", "Startup Cost": 0.0, "Total Cost": 28.26, "Plan Rows": 6, "Plan Width": 16, "Actual Startup Time": 23.917, "Actual Total Time": 183.588, "Actual Rows": 60021, "Actual Loops": 2003, "Index Cond": "(l_partkey = public.part.p_partkey)", "Rows Removed by Index Recheck": 0}]}]}, {"Node Type": "Index Scan", "Parent Relationship": "Inner", "Scan Direction": "Forward", "Index Name": "part_kpey", "Relation Name": "part", "Alias": "part", "Startup Cost": 0.0, "Total Cost": 6.08, "Plan Rows": 1, "Plan Width": 8, "Actual Startup Time": 9.552, "Actual Total Time": 9.552, "Actual Rows": 2003, "Actual Loops": 2003, "Index Cond": "(p_partkey = public.lineitem.l_partkey)", "Rows Removed by Index Recheck": 0, "Filter": "((p_brand = 'Brand#44'::bpchar) AND (p_container = 'WRAP PKG'::bpchar))", "Rows Removed by Filter": 0}]}, {"Node Type": "Index Scan", "Parent Relationship": "Inner", "Scan Direction": "Forward", "Index Name": "idx_lineitem_part_supp", "Relation Name": "lineitem", "Alias": "lineitem", "Startup Cost": 0.0, "Total Cost": 27.78, "Plan Rows": 2, "Plan Width": 24, "Actual Startup Time": 33.922, "Actual Total Time": 77.009, "Actual Rows": 5403, "Actual Loops": 2003, "Index Cond": "(l_partkey = public.lineitem.l_partkey)", "Rows Removed by Index Recheck": 0, "Filter": "(l_quantity < (.2::double precision * (avg(public.lineitem.l_quantity))))", "Rows Removed by Filter": 54618}]}]}, "Triggers": [], "Planner Runtime": 1.403, "Total Runtime": 1786.803, "Unique SQL Id": 1080450481}}, "(64, 126)": {"explain_plan": {"Plan": {"Node Type": "Aggregate", "Strategy": "Plain", "Startup Cost": 2330502847.95, "Total Cost": 2330502847.96, "Plan Rows": 1, "Plan Width": 16, "Plans": [{"Node Type": "Nested Loop", "Parent Relationship": "Outer", "Join Type": "Inner", "Startup Cost": 1802597942.57, "Total Cost": 2330502845.94, "Plan Rows": 806, "Plan Width": 8, "Inner Unique": false, "Join Filter": "((public.lineitem.l_partkey = public.lineitem.l_partkey) AND (public.lineitem.l_quantity < (.2::double precision * (avg(public.lineitem.l_quantity)))))", "Plans": [{"Node Type": "Seq Scan", "Parent Relationship": "Outer", "Relation Name": "lineitem", "Alias": "lineitem", "Startup Cost": 0.0, "Total Cost": 2015115.33, "Plan Rows": 59987033, "Plan Width": 24}, {"Node Type": "Materialize", "Parent Relationship": "Inner", "Startup Cost": 1802597942.57, "Total Cost": 1803001322.62, "Plan Rows": 438, "Plan Width": 24, "Plans": [{"Node Type": "Nested Loop", "Parent Relationship": "Outer", "Join Type": "Inner", "Startup Cost": 1802597942.57, "Total Cost": 1803001320.43, "Plan Rows": 438, "Plan Width": 24, "Inner Unique": true, "Join Filter": "(public.part.p_partkey = public.lineitem.l_partkey)", "Plans": [{"Node Type": "Aggregate", "Strategy": "Hashed", "Parent Relationship": "Outer", "Startup Cost": 1802597942.57, "Total Cost": 1802598135.63, "Plan Rows": 11032, "Plan Width": 16, "Group By Key": ["public.lineitem.l_partkey"], "Plans": [{"Node Type": "Nested Loop", "Parent Relationship": "Outer", "Join Type": "Semi", "Startup Cost": 0.0, "Total Cost": 1802597859.83, "Plan Rows": 11032, "Plan Width": 16, "Inner Unique": false, "Join Filter": "(public.lineitem.l_partkey = public.part.p_partkey)", "Plans": [{"Node Type": "Seq Scan", "Parent Relationship": "Outer", "Relation Name": "lineitem", "Alias": "lineitem", "Startup Cost": 0.0, "Total Cost": 2015115.33, "Plan Rows": 59987033, "Plan Width": 16}, {"Node Type": "Materialize", "Parent Relationship": "Inner", "Startup Cost": 0.0, "Total Cost": 71954.01, "Plan Rows": 2001, "Plan Width": 8, "Plans": [{"Node Type": "Seq Scan", "Parent Relationship": "Outer", "Relation Name": "part", "Alias": "part", "Startup Cost": 0.0, "Total Cost": 71944.0, "Plan Rows": 2001, "Plan Width": 8, "Filter": "((p_brand = 'Brand#44'::bpchar) AND (p_container = 'WRAP PKG'::bpchar))"}]}]}]}, {"Node Type": "Materialize", "Parent Relationship": "Inner", "Startup Cost": 0.0, "Total Cost": 71954.01, "Plan Rows": 2001, "Plan Width": 8, "Plans": [{"Node Type": "Seq Scan", "Parent Relationship": "Outer", "Relation Name": "part", "Alias": "part", "Startup Cost": 0.0, "Total Cost": 71944.0, "Plan Rows": 2001, "Plan Width": 8, "Filter": "((p_brand = 'Brand#44'::bpchar) AND (p_container = 'WRAP PKG'::bpchar))"}]}]}]}]}]}, "Unique SQL Id": 1080450481}, "explain_analyze_plan": null}, "(64, 127)": {"explain_plan": {"Plan": {"Node Type": "Aggregate", "Strategy": "Plain", "Startup Cost": 4003899272041.15, "Total Cost": 4003899272041.16, "Plan Rows": 1, "Plan Width": 16, "Plans": [{"Node Type": "Nested Loop", "Parent Relationship": "Outer", "Join Type": "Inner", "Startup Cost": 40000000000.0, "Total Cost": 4003899272039.14, "Plan Rows": 806, "Plan Width": 8, "Inner Unique": false, "Join Filter": "((subquery.\"?column?\" = public.lineitem.l_partkey) AND (public.lineitem.l_quantity < (.2::double precision * subquery.\"?column?\")))", "Plans": [{"Node Type": "Index Scan", "Parent Relationship": "Outer", "Scan Direction": "Forward", "Index Name": "idx_lineitem_part_supp", "Relation Name": "lineitem", "Alias": "lineitem", "Startup Cost": 10000000000.0, "Total Cost": 1000775391319.64, "Plan Rows": 59987033, "Plan Width": 24}, {"Node Type": "Materialize", "Parent Relationship": "Inner", "Startup Cost": 30000000000.0, "Total Cost": 3002598394311.51, "Plan Rows": 438, "Plan Width": 24, "Plans": [{"Node Type": "Nested Loop", "Parent Relationship": "Outer", "Join Type": "Inner", "Startup Cost": 30000000000.0, "Total Cost": 3002598394309.32, "Plan Rows": 438, "Plan Width": 24, "Inner Unique": true, "Join Filter": "(public.part.p_partkey = subquery.\"?column?\")", "Plans": [{"Node Type": "Index Scan", "Parent Relationship": "Outer", "Scan Direction": "Forward", "Index Name": "part_kpey", "Relation Name": "part", "Alias": "part", "Startup Cost": 10000000000.0, "Total Cost": 1000011080325.0, "Plan Rows": 2001, "Plan Width": 8, "Filter": "((p_brand = 'Brand#44'::bpchar) AND (p_container = 'WRAP PKG'::bpchar))"}, {"Node Type": "Materialize", "Parent Relationship": "Inner", "Startup Cost": 20000000000.0, "Total Cost": 2002586982886.42, "Plan Rows": 11032, "Plan Width": 16, "Plans": [{"Node Type": "Subquery Scan", "Parent Relationship": "Outer", "Alias": "subquery", "Startup Cost": 20000000000.0, "Total Cost": 2002586982831.26, "Plan Rows": 11032, "Plan Width": 16, "Plans": [{"Node Type": "Aggregate", "Strategy": "Sorted", "Parent Relationship": "Subquery", "Startup Cost": 20000000000.0, "Total Cost": 2002586982720.94, "Plan Rows": 11032, "Plan Width": 80, "Group By Key": ["public.lineitem.l_partkey"], "Plans": [{"Node Type": "Nested Loop", "Parent Relationship": "Outer", "Join Type": "Semi", "Startup Cost": 20000000000.0, "Total Cost": 2002586982445.14, "Plan Rows": 11032, "Plan Width": 16, "Inner Unique": false, "Join Filter": "(public.lineitem.l_partkey = public.part.p_partkey)", "Plans": [{"Node Type": "Index Scan", "Parent Relationship": "Outer", "Scan Direction": "Forward", "Index Name": "idx_lineitem_part_supp", "Relation Name": "lineitem", "Alias": "lineitem", "Startup Cost": 10000000000.0, "Total Cost": 1000775391319.64, "Plan Rows": 59987033, "Plan Width": 16}, {"Node Type": "Materialize", "Parent Relationship": "Inner", "Startup Cost": 10000000000.0, "Total Cost": 1000011080335.01, "Plan Rows": 2001, "Plan Width": 8, "Plans": [{"Node Type": "Index Scan", "Parent Relationship": "Outer", "Scan Direction": "Forward", "Index Name": "part_kpey", "Relation Name": "part", "Alias": "part", "Startup Cost": 10000000000.0, "Total Cost": 1000011080325.0, "Plan Rows": 2001, "Plan Width": 8, "Filter": "((p_brand = 'Brand#44'::bpchar) AND (p_container = 'WRAP PKG'::bpchar))"}]}]}]}]}]}]}]}]}]}, "Unique SQL Id": 1080450481}, "explain_analyze_plan": null}}