{"(1, 0)": {"explain_plan": {"Plan": {"Node Type": "Limit", "Startup Cost": 2300808.41, "Total Cost": 2300808.66, "Plan Rows": 100, "Plan Width": 26, "Plans": [{"Node Type": "Sort", "Parent Relationship": "Outer", "Startup Cost": 2300808.41, "Total Cost": 2300831.34, "Plan Rows": 100, "Plan Width": 26, "Sort Key": ["(count(*)) DESC", "supplier.s_name"], "Plans": [{"Node Type": "Aggregate", "Strategy": "Hashed", "Parent Relationship": "Outer", "Startup Cost": 2300366.14, "Total Cost": 2300457.86, "Plan Rows": 9172, "Plan Width": 26, "Group By Key": ["supplier.s_name"], "Plans": [{"Node Type": "Nested Loop", "Parent Relationship": "Outer", "Join Type": "Inner", "Startup Cost": 2583.35, "Total Cost": 2300320.28, "Plan Rows": 9172, "Plan Width": 26, "Inner Unique": true, "Join Filter": "(l1.l_orderkey = orders.o_orderkey)", "Plans": [{"Node Type": "Nested Loop", "Parent Relationship": "Outer", "Join Type": "Semi", "Startup Cost": 2583.35, "Total Cost": 2293219.91, "Plan Rows": 7254, "Plan Width": 42, "Inner Unique": false, "Plans": [{"Node Type": "Nested Loop", "Parent Relationship": "Outer", "Join Type": "Anti", "Startup Cost": 2583.35, "Total Cost": 2291364.34, "Plan Rows": 7635, "Plan Width": 42, "Inner Unique": false, "Plans": [{"Node Type": "Hash Join", "Parent Relationship": "Outer", "Join Type": "Inner", "Startup Cost": 2583.35, "Total Cost": 2244177.13, "Plan Rows": 152707, "Plan Width": 42, "Inner Unique": false, "Hash Cond": "(l1.l_suppkey = supplier.s_suppkey), (LLVM Optimized)", "Plans": [{"Node Type": "Seq Scan", "Parent Relationship": "Outer", "Relation Name": "lineitem", "Alias": "l1", "Startup Cost": 0.0, "Total Cost": 2165082.91, "Plan Rows": 19995678, "Plan Width": 16, "Filter": "(l_receiptdate > l_commitdate), (LLVM Optimized)"}, {"Node Type": "Hash", "Parent Relationship": "Inner", "Startup Cost": 2533.35, "Total Cost": 2533.35, "Plan Rows": 4000, "Plan Width": 34, "Plans": [{"Node Type": "Nested Loop", "Parent Relationship": "Outer", "Join Type": "Inner", "Startup Cost": 95.25, "Total Cost": 2533.35, "Plan Rows": 4000, "Plan Width": 34, "Inner Unique": false, "Plans": [{"Node Type": "Seq Scan", "Parent Relationship": "Outer", "Relation Name": "nation", "Alias": "nation", "Startup Cost": 0.0, "Total Cost": 1.31, "Plan Rows": 1, "Plan Width": 4, "Filter": "(n_name = 'EGYPT'::bpchar)"}, {"Node Type": "Bitmap Heap Scan", "Parent Relationship": "Inner", "Relation Name": "supplier", "Alias": "supplier", "Startup Cost": 95.25, "Total Cost": 2492.04, "Plan Rows": 4000, "Plan Width": 38, "Recheck Cond": "(s_nationkey = nation.n_nationkey)", "Plans": [{"Node Type": "Bitmap Index Scan", "Parent Relationship": "Outer", "Index Name": "idx_supplier_nation_key", "Startup Cost": 0.0, "Total Cost": 94.25, "Plan Rows": 4000, "Plan Width": 0, "Index Cond": "(s_nationkey = nation.n_nationkey)"}]}]}]}]}, {"Node Type": "Index Scan", "Parent Relationship": "Inner", "Scan Direction": "Forward", "Index Name": "idx_lineitem_orderkey", "Relation Name": "lineitem", "Alias": "l3", "Startup Cost": 0.0, "Total Cost": 1.63, "Plan Rows": 3, "Plan Width": 16, "Index Cond": "(l_orderkey = l1.l_orderkey)", "Filter": "((l_receiptdate > l_commitdate) AND (l_suppkey <> l1.l_suppkey))"}]}, {"Node Type": "Index Scan", "Parent Relationship": "Inner", "Scan Direction": "Forward", "Index Name": "idx_lineitem_orderkey", "Relation Name": "lineitem", "Alias": "l2", "Startup Cost": 0.0, "Total Cost": 1.63, "Plan Rows": 9, "Plan Width": 16, "Index Cond": "(l_orderkey = l1.l_orderkey)", "Filter": "(l_suppkey <> l1.l_suppkey)"}]}, {"Node Type": "Index Scan", "Parent Relationship": "Inner", "Scan Direction": "Forward", "Index Name": "orders_pkey", "Relation Name": "orders", "Alias": "orders", "Startup Cost": 0.0, "Total Cost": 0.97, "Plan Rows": 1, "Plan Width": 8, "Index Cond": "(o_orderkey = l2.l_orderkey)", "Filter": "(o_orderstatus = 'F'::bpchar)"}]}]}]}]}, "Unique SQL Id": 3870093320}, "explain_analyze_plan": {"Plan": {"Node Type": "Limit", "Startup Cost": 2300808.41, "Total Cost": 2300808.66, "Plan Rows": 100, "Plan Width": 26, "Actual Startup Time": 44160.852, "Actual Total Time": 44160.878, "Actual Rows": 100, "Actual Loops": 1, "Plans": [{"Node Type": "Sort", "Parent Relationship": "Outer", "Startup Cost": 2300808.41, "Total Cost": 2300831.34, "Plan Rows": 100, "Plan Width": 26, "Actual Startup Time": 44160.849, "Actual Total Time": 44160.869, "Actual Rows": 100, "Actual Loops": 1, "Sort Key": ["(count(*)) DESC", "supplier.s_name"], "Sort Method": "top-N heapsort", "Sort Space Used": 41, "Sort Space Type": "Memory", "Plans": [{"Node Type": "Aggregate", "Strategy": "Hashed", "Parent Relationship": "Outer", "Startup Cost": 2300366.14, "Total Cost": 2300457.86, "Plan Rows": 9172, "Plan Width": 26, "Actual Startup Time": 44157.449, "Actual Total Time": 44158.792, "Actual Rows": 3981, "Actual Loops": 1, "Group By Key": ["supplier.s_name"], "Plans": [{"Node Type": "Nested Loop", "Parent Relationship": "Outer", "Join Type": "Inner", "Startup Cost": 2583.35, "Total Cost": 2300320.28, "Plan Rows": 9172, "Plan Width": 26, "Actual Startup Time": 9.374, "Actual Total Time": 44086.295, "Actual Rows": 39445, "Actual Loops": 1, "Inner Unique": true, "Join Filter": "(l1.l_orderkey = orders.o_orderkey)", "Rows Removed by Join Filter": 0, "Plans": [{"Node Type": "Nested Loop", "Parent Relationship": "Outer", "Join Type": "Semi", "Startup Cost": 2583.35, "Total Cost": 2293219.91, "Plan Rows": 7254, "Plan Width": 42, "Actual Startup Time": 9.355, "Actual Total Time": 43457.892, "Actual Rows": 80537, "Actual Loops": 1, "Inner Unique": false, "Plans": [{"Node Type": "Nested Loop", "Parent Relationship": "Outer", "Join Type": "Anti", "Startup Cost": 2583.35, "Total Cost": 2291364.34, "Plan Rows": 7635, "Plan Width": 42, "Actual Startup Time": 9.068, "Actual Total Time": 42842.367, "Actual Rows": 135110, "Actual Loops": 1, "Inner Unique": false, "Plans": [{"Node Type": "Hash Join", "Parent Relationship": "Outer", "Join Type": "Inner", "Startup Cost": 2583.35, "Total Cost": 2244177.13, "Plan Rows": 152707, "Plan Width": 42, "Actual Startup Time": 8.439, "Actual Total Time": 33997.816, "Actual Rows": 1511024, "Actual Loops": 1, "Inner Unique": false, "Hash Cond": "(l1.l_suppkey = supplier.s_suppkey), (LLVM Optimized, Jit Execute)", "Plans": [{"Node Type": "Seq Scan", "Parent Relationship": "Outer", "Relation Name": "lineitem", "Alias": "l1", "Startup Cost": 0.0, "Total Cost": 2165082.91, "Plan Rows": 19995678, "Plan Width": 16, "Actual Startup Time": 0.029, "Actual Total Time": 25409.088, "Actual Rows": 37929348, "Actual Loops": 1, "Filter": "(l_receiptdate > l_commitdate), (LLVM Optimized, Jit Execute)", "Rows Removed by Filter": 22056704}, {"Node Type": "Hash", "Parent Relationship": "Inner", "Startup Cost": 2533.35, "Total Cost": 2533.35, "Plan Rows": 4000, "Plan Width": 34, "Actual Startup Time": 8.311, "Actual Total Time": 8.311, "Actual Rows": 3981, "Actual Loops": 1, "Hash Buckets": 32768, "Hash Batches": 1, "Original Hash Batches": 1, "Peak Memory Usage": 280, "Plans": [{"Node Type": "Nested Loop", "Parent Relationship": "Outer", "Join Type": "Inner", "Startup Cost": 95.25, "Total Cost": 2533.35, "Plan Rows": 4000, "Plan Width": 34, "Actual Startup Time": 1.005, "Actual Total Time": 6.936, "Actual Rows": 3981, "Actual Loops": 1, "Inner Unique": false, "Plans": [{"Node Type": "Seq Scan", "Parent Relationship": "Outer", "Relation Name": "nation", "Alias": "nation", "Startup Cost": 0.0, "Total Cost": 1.31, "Plan Rows": 1, "Plan Width": 4, "Actual Startup Time": 0.016, "Actual Total Time": 0.03, "Actual Rows": 1, "Actual Loops": 1, "Filter": "(n_name = 'EGYPT'::bpchar)", "Rows Removed by Filter": 24}, {"Node Type": "Bitmap Heap Scan", "Parent Relationship": "Inner", "Relation Name": "supplier", "Alias": "supplier", "Startup Cost": 95.25, "Total Cost": 2492.04, "Plan Rows": 4000, "Plan Width": 38, "Actual Startup Time": 0.981, "Actual Total Time": 6.079, "Actual Rows": 3981, "Actual Loops": 1, "Recheck Cond": "(s_nationkey = nation.n_nationkey)", "Rows Removed by Index Recheck": 0, "Exact Heap Blocks": 1918, "Lossy Heap Blocks": 1918, "Plans": [{"Node Type": "Bitmap Index Scan", "Parent Relationship": "Outer", "Index Name": "idx_supplier_nation_key", "Startup Cost": 0.0, "Total Cost": 94.25, "Plan Rows": 4000, "Plan Width": 0, "Actual Startup Time": 0.681, "Actual Total Time": 0.681, "Actual Rows": 3981, "Actual Loops": 1, "Index Cond": "(s_nationkey = nation.n_nationkey)"}]}]}]}]}, {"Node Type": "Index Scan", "Parent Relationship": "Inner", "Scan Direction": "Forward", "Index Name": "idx_lineitem_orderkey", "Relation Name": "lineitem", "Alias": "l3", "Startup Cost": 0.0, "Total Cost": 1.63, "Plan Rows": 3, "Plan Width": 16, "Actual Startup Time": 7867.724, "Actual Total Time": 7867.724, "Actual Rows": 1375914, "Actual Loops": 1511024, "Index Cond": "(l_orderkey = l1.l_orderkey)", "Rows Removed by Index Recheck": 0, "Filter": "((l_receiptdate > l_commitdate) AND (l_suppkey <> l1.l_suppkey))", "Rows Removed by Filter": 1348115}]}, {"Node Type": "Index Scan", "Parent Relationship": "Inner", "Scan Direction": "Forward", "Index Name": "idx_lineitem_orderkey", "Relation Name": "lineitem", "Alias": "l2", "Startup Cost": 0.0, "Total Cost": 1.63, "Plan Rows": 9, "Plan Width": 16, "Actual Startup Time": 504.038, "Actual Total Time": 504.038, "Actual Rows": 80537, "Actual Loops": 135110, "Index Cond": "(l_orderkey = l1.l_orderkey)", "Rows Removed by Index Recheck": 0, "Filter": "(l_suppkey <> l1.l_suppkey)", "Rows Removed by Filter": 85912}]}, {"Node Type": "Index Scan", "Parent Relationship": "Inner", "Scan Direction": "Forward", "Index Name": "orders_pkey", "Relation Name": "orders", "Alias": "orders", "Startup Cost": 0.0, "Total Cost": 0.97, "Plan Rows": 1, "Plan Width": 8, "Actual Startup Time": 547.334, "Actual Total Time": 547.334, "Actual Rows": 39445, "Actual Loops": 80537, "Index Cond": "(o_orderkey = l2.l_orderkey)", "Rows Removed by Index Recheck": 0, "Filter": "(o_orderstatus = 'F'::bpchar)", "Rows Removed by Filter": 41092}]}]}]}]}, "Triggers": [], "Planner Runtime": 7.388, "Total Runtime": 44170.065, "Unique SQL Id": 3870093320}}, "(1, 1)": {"explain_plan": {"Plan": {"Node Type": "Limit", "Startup Cost": 3525858.2, "Total Cost": 3525858.45, "Plan Rows": 100, "Plan Width": 26, "Plans": [{"Node Type": "Sort", "Parent Relationship": "Outer", "Startup Cost": 3525858.2, "Total Cost": 3525881.13, "Plan Rows": 100, "Plan Width": 26, "Sort Key": ["(count(*)) DESC", "supplier.s_name"], "Plans": [{"Node Type": "Aggregate", "Strategy": "Hashed", "Parent Relationship": "Outer", "Startup Cost": 3525415.93, "Total Cost": 3525507.65, "Plan Rows": 9172, "Plan Width": 26, "Group By Key": ["supplier.s_name"], "Plans": [{"Node Type": "Nested Loop", "Parent Relationship": "Outer", "Join Type": "Inner", "Startup Cost": 2594.73, "Total Cost": 3525370.07, "Plan Rows": 9172, "Plan Width": 26, "Inner Unique": true, "Join Filter": "(l1.l_orderkey = orders.o_orderkey)", "Plans": [{"Node Type": "Nested Loop", "Parent Relationship": "Outer", "Join Type": "Semi", "Startup Cost": 2594.73, "Total Cost": 3518269.7, "Plan Rows": 7254, "Plan Width": 42, "Inner Unique": false, "Plans": [{"Node Type": "Nested Loop", "Parent Relationship": "Outer", "Join Type": "Anti", "Startup Cost": 2594.73, "Total Cost": 3516414.13, "Plan Rows": 7635, "Plan Width": 42, "Inner Unique": false, "Plans": [{"Node Type": "Hash Join", "Parent Relationship": "Outer", "Join Type": "Inner", "Startup Cost": 2594.73, "Total Cost": 3469226.92, "Plan Rows": 152707, "Plan Width": 42, "Inner Unique": false, "Hash Cond": "(l1.l_suppkey = supplier.s_suppkey), (LLVM Optimized)", "Plans": [{"Node Type": "Index Scan", "Parent Relationship": "Outer", "Scan Direction": "Forward", "Index Name": "idx_lineitem_orderkey", "Relation Name": "lineitem", "Alias": "l1", "Startup Cost": 0.0, "Total Cost": 3390121.33, "Plan Rows": 19995678, "Plan Width": 16, "Filter": "(l_receiptdate > l_commitdate), (LLVM Optimized)"}, {"Node Type": "Hash", "Parent Relationship": "Inner", "Startup Cost": 2544.73, "Total Cost": 2544.73, "Plan Rows": 4000, "Plan Width": 34, "Plans": [{"Node Type": "Nested Loop", "Parent Relationship": "Outer", "Join Type": "Inner", "Startup Cost": 95.25, "Total Cost": 2544.73, "Plan Rows": 4000, "Plan Width": 34, "Inner Unique": false, "Plans": [{"Node Type": "Index Scan", "Parent Relationship": "Outer", "Scan Direction": "Forward", "Index Name": "nation_pkey", "Relation Name": "nation", "Alias": "nation", "Startup Cost": 0.0, "Total Cost": 12.69, "Plan Rows": 1, "Plan Width": 4, "Filter": "(n_name = 'EGYPT'::bpchar)"}, {"Node Type": "Bitmap Heap Scan", "Parent Relationship": "Inner", "Relation Name": "supplier", "Alias": "supplier", "Startup Cost": 95.25, "Total Cost": 2492.04, "Plan Rows": 4000, "Plan Width": 38, "Recheck Cond": "(s_nationkey = nation.n_nationkey)", "Plans": [{"Node Type": "Bitmap Index Scan", "Parent Relationship": "Outer", "Index Name": "idx_supplier_nation_key", "Startup Cost": 0.0, "Total Cost": 94.25, "Plan Rows": 4000, "Plan Width": 0, "Index Cond": "(s_nationkey = nation.n_nationkey)"}]}]}]}]}, {"Node Type": "Index Scan", "Parent Relationship": "Inner", "Scan Direction": "Forward", "Index Name": "idx_lineitem_orderkey", "Relation Name": "lineitem", "Alias": "l3", "Startup Cost": 0.0, "Total Cost": 1.63, "Plan Rows": 3, "Plan Width": 16, "Index Cond": "(l_orderkey = l1.l_orderkey)", "Filter": "((l_receiptdate > l_commitdate) AND (l_suppkey <> l1.l_suppkey))"}]}, {"Node Type": "Index Scan", "Parent Relationship": "Inner", "Scan Direction": "Forward", "Index Name": "idx_lineitem_orderkey", "Relation Name": "lineitem", "Alias": "l2", "Startup Cost": 0.0, "Total Cost": 1.63, "Plan Rows": 9, "Plan Width": 16, "Index Cond": "(l_orderkey = l1.l_orderkey)", "Filter": "(l_suppkey <> l1.l_suppkey)"}]}, {"Node Type": "Index Scan", "Parent Relationship": "Inner", "Scan Direction": "Forward", "Index Name": "orders_pkey", "Relation Name": "orders", "Alias": "orders", "Startup Cost": 0.0, "Total Cost": 0.97, "Plan Rows": 1, "Plan Width": 8, "Index Cond": "(o_orderkey = l2.l_orderkey)", "Filter": "(o_orderstatus = 'F'::bpchar)"}]}]}]}]}, "Unique SQL Id": 3870093320}, "explain_analyze_plan": {"Plan": {"Node Type": "Limit", "Startup Cost": 3525858.2, "Total Cost": 3525858.45, "Plan Rows": 100, "Plan Width": 26, "Actual Startup Time": 66328.983, "Actual Total Time": 66328.998, "Actual Rows": 100, "Actual Loops": 1, "Plans": [{"Node Type": "Sort", "Parent Relationship": "Outer", "Startup Cost": 3525858.2, "Total Cost": 3525881.13, "Plan Rows": 100, "Plan Width": 26, "Actual Startup Time": 66328.981, "Actual Total Time": 66328.983, "Actual Rows": 100, "Actual Loops": 1, "Sort Key": ["(count(*)) DESC", "supplier.s_name"], "Sort Method": "top-N heapsort", "Sort Space Used": 41, "Sort Space Type": "Memory", "Plans": [{"Node Type": "Aggregate", "Strategy": "Hashed", "Parent Relationship": "Outer", "Startup Cost": 3525415.93, "Total Cost": 3525507.65, "Plan Rows": 9172, "Plan Width": 26, "Actual Startup Time": 66325.713, "Actual Total Time": 66326.889, "Actual Rows": 3981, "Actual Loops": 1, "Group By Key": ["supplier.s_name"], "Plans": [{"Node Type": "Nested Loop", "Parent Relationship": "Outer", "Join Type": "Inner", "Startup Cost": 2594.73, "Total Cost": 3525370.07, "Plan Rows": 9172, "Plan Width": 26, "Actual Startup Time": 9.758, "Actual Total Time": 66254.92, "Actual Rows": 39445, "Actual Loops": 1, "Inner Unique": true, "Join Filter": "(l1.l_orderkey = orders.o_orderkey)", "Rows Removed by Join Filter": 0, "Plans": [{"Node Type": "Nested Loop", "Parent Relationship": "Outer", "Join Type": "Semi", "Startup Cost": 2594.73, "Total Cost": 3518269.7, "Plan Rows": 7254, "Plan Width": 42, "Actual Startup Time": 9.738, "Actual Total Time": 65597.437, "Actual Rows": 80537, "Actual Loops": 1, "Inner Unique": false, "Plans": [{"Node Type": "Nested Loop", "Parent Relationship": "Outer", "Join Type": "Anti", "Startup Cost": 2594.73, "Total Cost": 3516414.13, "Plan Rows": 7635, "Plan Width": 42, "Actual Startup Time": 9.36, "Actual Total Time": 64964.719, "Actual Rows": 135110, "Actual Loops": 1, "Inner Unique": false, "Plans": [{"Node Type": "Hash Join", "Parent Relationship": "Outer", "Join Type": "Inner", "Startup Cost": 2594.73, "Total Cost": 3469226.92, "Plan Rows": 152707, "Plan Width": 42, "Actual Startup Time": 8.552, "Actual Total Time": 56797.185, "Actual Rows": 1511024, "Actual Loops": 1, "Inner Unique": false, "Hash Cond": "(l1.l_suppkey = supplier.s_suppkey), (LLVM Optimized, Jit Execute)", "Plans": [{"Node Type": "Index Scan", "Parent Relationship": "Outer", "Scan Direction": "Forward", "Index Name": "idx_lineitem_orderkey", "Relation Name": "lineitem", "Alias": "l1", "Startup Cost": 0.0, "Total Cost": 3390121.33, "Plan Rows": 19995678, "Plan Width": 16, "Actual Startup Time": 0.036, "Actual Total Time": 48747.291, "Actual Rows": 37929348, "Actual Loops": 1, "Filter": "(l_receiptdate > l_commitdate), (LLVM Optimized, Jit Execute)", "Rows Removed by Filter": 22056704}, {"Node Type": "Hash", "Parent Relationship": "Inner", "Startup Cost": 2544.73, "Total Cost": 2544.73, "Plan Rows": 4000, "Plan Width": 34, "Actual Startup Time": 8.395, "Actual Total Time": 8.395, "Actual Rows": 3981, "Actual Loops": 1, "Hash Buckets": 32768, "Hash Batches": 1, "Original Hash Batches": 1, "Peak Memory Usage": 280, "Plans": [{"Node Type": "Nested Loop", "Parent Relationship": "Outer", "Join Type": "Inner", "Startup Cost": 95.25, "Total Cost": 2544.73, "Plan Rows": 4000, "Plan Width": 34, "Actual Startup Time": 0.997, "Actual Total Time": 7.019, "Actual Rows": 3981, "Actual Loops": 1, "Inner Unique": false, "Plans": [{"Node Type": "Index Scan", "Parent Relationship": "Outer", "Scan Direction": "Forward", "Index Name": "nation_pkey", "Relation Name": "nation", "Alias": "nation", "Startup Cost": 0.0, "Total Cost": 12.69, "Plan Rows": 1, "Plan Width": 4, "Actual Startup Time": 0.011, "Actual Total Time": 0.029, "Actual Rows": 1, "Actual Loops": 1, "Filter": "(n_name = 'EGYPT'::bpchar)", "Rows Removed by Filter": 24}, {"Node Type": "Bitmap Heap Scan", "Parent Relationship": "Inner", "Relation Name": "supplier", "Alias": "supplier", "Startup Cost": 95.25, "Total Cost": 2492.04, "Plan Rows": 4000, "Plan Width": 38, "Actual Startup Time": 0.98, "Actual Total Time": 6.17, "Actual Rows": 3981, "Actual Loops": 1, "Recheck Cond": "(s_nationkey = nation.n_nationkey)", "Rows Removed by Index Recheck": 0, "Exact Heap Blocks": 1918, "Lossy Heap Blocks": 1918, "Plans": [{"Node Type": "Bitmap Index Scan", "Parent Relationship": "Outer", "Index Name": "idx_supplier_nation_key", "Startup Cost": 0.0, "Total Cost": 94.25, "Plan Rows": 4000, "Plan Width": 0, "Actual Startup Time": 0.686, "Actual Total Time": 0.686, "Actual Rows": 3981, "Actual Loops": 1, "Index Cond": "(s_nationkey = nation.n_nationkey)"}]}]}]}]}, {"Node Type": "Index Scan", "Parent Relationship": "Inner", "Scan Direction": "Forward", "Index Name": "idx_lineitem_orderkey", "Relation Name": "lineitem", "Alias": "l3", "Startup Cost": 0.0, "Total Cost": 1.63, "Plan Rows": 3, "Plan Width": 16, "Actual Startup Time": 7166.725, "Actual Total Time": 7166.725, "Actual Rows": 1375914, "Actual Loops": 1511024, "Index Cond": "(l_orderkey = l1.l_orderkey)", "Rows Removed by Index Recheck": 0, "Filter": "((l_receiptdate > l_commitdate) AND (l_suppkey <> l1.l_suppkey))", "Rows Removed by Filter": 1348115}]}, {"Node Type": "Index Scan", "Parent Relationship": "Inner", "Scan Direction": "Forward", "Index Name": "idx_lineitem_orderkey", "Relation Name": "lineitem", "Alias": "l2", "Startup Cost": 0.0, "Total Cost": 1.63, "Plan Rows": 9, "Plan Width": 16, "Actual Startup Time": 509.545, "Actual Total Time": 509.545, "Actual Rows": 80537, "Actual Loops": 135110, "Index Cond": "(l_orderkey = l1.l_orderkey)", "Rows Removed by Index Recheck": 0, "Filter": "(l_suppkey <> l1.l_suppkey)", "Rows Removed by Filter": 85912}]}, {"Node Type": "Index Scan", "Parent Relationship": "Inner", "Scan Direction": "Forward", "Index Name": "orders_pkey", "Relation Name": "orders", "Alias": "orders", "Startup Cost": 0.0, "Total Cost": 0.97, "Plan Rows": 1, "Plan Width": 8, "Actual Startup Time": 569.841, "Actual Total Time": 569.841, "Actual Rows": 39445, "Actual Loops": 80537, "Index Cond": "(o_orderkey = l2.l_orderkey)", "Rows Removed by Index Recheck": 0, "Filter": "(o_orderstatus = 'F'::bpchar)", "Rows Removed by Filter": 41092}]}]}]}]}, "Triggers": [], "Planner Runtime": 7.315, "Total Runtime": 66338.102, "Unique SQL Id": 3870093320}}, "(1, 2)": {"explain_plan": {"Plan": {"Node Type": "Limit", "Startup Cost": 2652117.64, "Total Cost": 2652117.89, "Plan Rows": 100, "Plan Width": 26, "Plans": [{"Node Type": "Sort", "Parent Relationship": "Outer", "Startup Cost": 2652117.64, "Total Cost": 2652140.57, "Plan Rows": 100, "Plan Width": 26, "Sort Key": ["(count(*)) DESC", "supplier.s_name"], "Plans": [{"Node Type": "Aggregate", "Strategy": "Hashed", "Parent Relationship": "Outer", "Startup Cost": 2651675.37, "Total Cost": 2651767.09, "Plan Rows": 9172, "Plan Width": 26, "Group By Key": ["supplier.s_name"], "Plans": [{"Node Type": "Nested Loop", "Parent Relationship": "Outer", "Join Type": "Inner", "Startup Cost": 2585.6, "Total Cost": 2651629.51, "Plan Rows": 9172, "Plan Width": 26, "Inner Unique": true, "Join Filter": "(l1.l_orderkey = orders.o_orderkey)", "Plans": [{"Node Type": "Nested Loop", "Parent Relationship": "Outer", "Join Type": "Semi", "Startup Cost": 2585.0, "Total Cost": 2618068.76, "Plan Rows": 7254, "Plan Width": 42, "Inner Unique": false, "Plans": [{"Node Type": "Nested Loop", "Parent Relationship": "Outer", "Join Type": "Anti", "Startup Cost": 2584.17, "Total Cost": 2602890.2, "Plan Rows": 7635, "Plan Width": 42, "Inner Unique": false, "Plans": [{"Node Type": "Hash Join", "Parent Relationship": "Outer", "Join Type": "Inner", "Startup Cost": 2583.35, "Total Cost": 2244177.13, "Plan Rows": 152707, "Plan Width": 42, "Inner Unique": false, "Hash Cond": "(l1.l_suppkey = supplier.s_suppkey), (LLVM Optimized)", "Plans": [{"Node Type": "Seq Scan", "Parent Relationship": "Outer", "Relation Name": "lineitem", "Alias": "l1", "Startup Cost": 0.0, "Total Cost": 2165082.91, "Plan Rows": 19995678, "Plan Width": 16, "Filter": "(l_receiptdate > l_commitdate), (LLVM Optimized)"}, {"Node Type": "Hash", "Parent Relationship": "Inner", "Startup Cost": 2533.35, "Total Cost": 2533.35, "Plan Rows": 4000, "Plan Width": 34, "Plans": [{"Node Type": "Nested Loop", "Parent Relationship": "Outer", "Join Type": "Inner", "Startup Cost": 95.25, "Total Cost": 2533.35, "Plan Rows": 4000, "Plan Width": 34, "Inner Unique": false, "Plans": [{"Node Type": "Seq Scan", "Parent Relationship": "Outer", "Relation Name": "nation", "Alias": "nation", "Startup Cost": 0.0, "Total Cost": 1.31, "Plan Rows": 1, "Plan Width": 4, "Filter": "(n_name = 'EGYPT'::bpchar)"}, {"Node Type": "Bitmap Heap Scan", "Parent Relationship": "Inner", "Relation Name": "supplier", "Alias": "supplier", "Startup Cost": 95.25, "Total Cost": 2492.04, "Plan Rows": 4000, "Plan Width": 38, "Recheck Cond": "(s_nationkey = nation.n_nationkey)", "Plans": [{"Node Type": "Bitmap Index Scan", "Parent Relationship": "Outer", "Index Name": "idx_supplier_nation_key", "Startup Cost": 0.0, "Total Cost": 94.25, "Plan Rows": 4000, "Plan Width": 0, "Index Cond": "(s_nationkey = nation.n_nationkey)"}]}]}]}]}, {"Node Type": "Bitmap Heap Scan", "Parent Relationship": "Inner", "Relation Name": "lineitem", "Alias": "l3", "Startup Cost": 0.82, "Total Cost": 8.97, "Plan Rows": 3, "Plan Width": 16, "Recheck Cond": "(l_orderkey = l1.l_orderkey)", "Filter": "((l_receiptdate > l_commitdate) AND (l_suppkey <> l1.l_suppkey))", "Plans": [{"Node Type": "Bitmap Index Scan", "Parent Relationship": "Outer", "Index Name": "idx_lineitem_orderkey", "Startup Cost": 0.0, "Total Cost": 0.82, "Plan Rows": 9, "Plan Width": 0, "Index Cond": "(l_orderkey = l1.l_orderkey)"}]}]}, {"Node Type": "Bitmap Heap Scan", "Parent Relationship": "Inner", "Relation Name": "lineitem", "Alias": "l2", "Startup Cost": 0.82, "Total Cost": 8.95, "Plan Rows": 9, "Plan Width": 16, "Recheck Cond": "(l_orderkey = l1.l_orderkey)", "Filter": "(l_suppkey <> l1.l_suppkey)", "Plans": [{"Node Type": "Bitmap Index Scan", "Parent Relationship": "Outer", "Index Name": "idx_lineitem_orderkey", "Startup Cost": 0.0, "Total Cost": 0.82, "Plan Rows": 9, "Plan Width": 0, "Index Cond": "(l_orderkey = l1.l_orderkey)"}]}]}, {"Node Type": "Bitmap Heap Scan", "Parent Relationship": "Inner", "Relation Name": "orders", "Alias": "orders", "Startup Cost": 0.6, "Total Cost": 4.61, "Plan Rows": 1, "Plan Width": 8, "Recheck Cond": "(o_orderkey = l2.l_orderkey)", "Filter": "(o_orderstatus = 'F'::bpchar)", "Plans": [{"Node Type": "Bitmap Index Scan", "Parent Relationship": "Outer", "Index Name": "orders_pkey", "Startup Cost": 0.0, "Total Cost": 0.6, "Plan Rows": 1, "Plan Width": 0, "Index Cond": "(o_orderkey = l2.l_orderkey)"}]}]}]}]}]}, "Unique SQL Id": 3870093320}, "explain_analyze_plan": {"Plan": {"Node Type": "Limit", "Startup Cost": 2652117.64, "Total Cost": 2652117.89, "Plan Rows": 100, "Plan Width": 26, "Actual Startup Time": 48542.548, "Actual Total Time": 48542.566, "Actual Rows": 100, "Actual Loops": 1, "Plans": [{"Node Type": "Sort", "Parent Relationship": "Outer", "Startup Cost": 2652117.64, "Total Cost": 2652140.57, "Plan Rows": 100, "Plan Width": 26, "Actual Startup Time": 48542.546, "Actual Total Time": 48542.554, "Actual Rows": 100, "Actual Loops": 1, "Sort Key": ["(count(*)) DESC", "supplier.s_name"], "Sort Method": "top-N heapsort", "Sort Space Used": 41, "Sort Space Type": "Memory", "Plans": [{"Node Type": "Aggregate", "Strategy": "Hashed", "Parent Relationship": "Outer", "Startup Cost": 2651675.37, "Total Cost": 2651767.09, "Plan Rows": 9172, "Plan Width": 26, "Actual Startup Time": 48539.063, "Actual Total Time": 48540.513, "Actual Rows": 3981, "Actual Loops": 1, "Group By Key": ["supplier.s_name"], "Plans": [{"Node Type": "Nested Loop", "Parent Relationship": "Outer", "Join Type": "Inner", "Startup Cost": 2585.6, "Total Cost": 2651629.51, "Plan Rows": 9172, "Plan Width": 26, "Actual Startup Time": 11.989, "Actual Total Time": 48454.234, "Actual Rows": 39445, "Actual Loops": 1, "Inner Unique": true, "Join Filter": "(l1.l_orderkey = orders.o_orderkey)", "Rows Removed by Join Filter": 0, "Plans": [{"Node Type": "Nested Loop", "Parent Relationship": "Outer", "Join Type": "Semi", "Startup Cost": 2585.0, "Total Cost": 2618068.76, "Plan Rows": 7254, "Plan Width": 42, "Actual Startup Time": 11.965, "Actual Total Time": 47684.747, "Actual Rows": 80537, "Actual Loops": 1, "Inner Unique": false, "Plans": [{"Node Type": "Nested Loop", "Parent Relationship": "Outer", "Join Type": "Anti", "Startup Cost": 2584.17, "Total Cost": 2602890.2, "Plan Rows": 7635, "Plan Width": 42, "Actual Startup Time": 11.643, "Actual Total Time": 46787.199, "Actual Rows": 135110, "Actual Loops": 1, "Inner Unique": false, "Plans": [{"Node Type": "Hash Join", "Parent Relationship": "Outer", "Join Type": "Inner", "Startup Cost": 2583.35, "Total Cost": 2244177.13, "Plan Rows": 152707, "Plan Width": 42, "Actual Startup Time": 10.92, "Actual Total Time": 33938.332, "Actual Rows": 1511024, "Actual Loops": 1, "Inner Unique": false, "Hash Cond": "(l1.l_suppkey = supplier.s_suppkey), (LLVM Optimized, Jit Execute)", "Plans": [{"Node Type": "Seq Scan", "Parent Relationship": "Outer", "Relation Name": "lineitem", "Alias": "l1", "Startup Cost": 0.0, "Total Cost": 2165082.91, "Plan Rows": 19995678, "Plan Width": 16, "Actual Startup Time": 0.018, "Actual Total Time": 25391.367, "Actual Rows": 37929348, "Actual Loops": 1, "Filter": "(l_receiptdate > l_commitdate), (LLVM Optimized, Jit Execute)", "Rows Removed by Filter": 22056704}, {"Node Type": "Hash", "Parent Relationship": "Inner", "Startup Cost": 2533.35, "Total Cost": 2533.35, "Plan Rows": 4000, "Plan Width": 34, "Actual Startup Time": 10.809, "Actual Total Time": 10.809, "Actual Rows": 3981, "Actual Loops": 1, "Hash Buckets": 32768, "Hash Batches": 1, "Original Hash Batches": 1, "Peak Memory Usage": 280, "Plans": [{"Node Type": "Nested Loop", "Parent Relationship": "Outer", "Join Type": "Inner", "Startup Cost": 95.25, "Total Cost": 2533.35, "Plan Rows": 4000, "Plan Width": 34, "Actual Startup Time": 1.047, "Actual Total Time": 9.624, "Actual Rows": 3981, "Actual Loops": 1, "Inner Unique": false, "Plans": [{"Node Type": "Seq Scan", "Parent Relationship": "Outer", "Relation Name": "nation", "Alias": "nation", "Startup Cost": 0.0, "Total Cost": 1.31, "Plan Rows": 1, "Plan Width": 4, "Actual Startup Time": 0.017, "Actual Total Time": 0.026, "Actual Rows": 1, "Actual Loops": 1, "Filter": "(n_name = 'EGYPT'::bpchar)", "Rows Removed by Filter": 24}, {"Node Type": "Bitmap Heap Scan", "Parent Relationship": "Inner", "Relation Name": "supplier", "Alias": "supplier", "Startup Cost": 95.25, "Total Cost": 2492.04, "Plan Rows": 4000, "Plan Width": 38, "Actual Startup Time": 1.025, "Actual Total Time": 8.745, "Actual Rows": 3981, "Actual Loops": 1, "Recheck Cond": "(s_nationkey = nation.n_nationkey)", "Rows Removed by Index Recheck": 0, "Exact Heap Blocks": 1918, "Lossy Heap Blocks": 1918, "Plans": [{"Node Type": "Bitmap Index Scan", "Parent Relationship": "Outer", "Index Name": "idx_supplier_nation_key", "Startup Cost": 0.0, "Total Cost": 94.25, "Plan Rows": 4000, "Plan Width": 0, "Actual Startup Time": 0.733, "Actual Total Time": 0.733, "Actual Rows": 3981, "Actual Loops": 1, "Index Cond": "(s_nationkey = nation.n_nationkey)"}]}]}]}]}, {"Node Type": "Bitmap Heap Scan", "Parent Relationship": "Inner", "Relation Name": "lineitem", "Alias": "l3", "Startup Cost": 0.82, "Total Cost": 8.97, "Plan Rows": 3, "Plan Width": 16, "Actual Startup Time": 10918.95, "Actual Total Time": 10918.95, "Actual Rows": 1375914, "Actual Loops": 1511024, "Recheck Cond": "(l_orderkey = l1.l_orderkey)", "Rows Removed by Index Recheck": 0, "Filter": "((l_receiptdate > l_commitdate) AND (l_suppkey <> l1.l_suppkey))", "Rows Removed by Filter": 1348115, "Exact Heap Blocks": 1539822, "Lossy Heap Blocks": 1539822, "Plans": [{"Node Type": "Bitmap Index Scan", "Parent Relationship": "Outer", "Index Name": "idx_lineitem_orderkey", "Startup Cost": 0.0, "Total Cost": 0.82, "Plan Rows": 9, "Plan Width": 0, "Actual Startup Time": 6283.234, "Actual Total Time": 6283.234, "Actual Rows": 7550552, "Actual Loops": 1511024, "Index Cond": "(l_orderkey = l1.l_orderkey)"}]}]}, {"Node Type": "Bitmap Heap Scan", "Parent Relationship": "Inner", "Relation Name": "lineitem", "Alias": "l2", "Startup Cost": 0.82, "Total Cost": 8.95, "Plan Rows": 9, "Plan Width": 16, "Actual Startup Time": 696.878, "Actual Total Time": 696.878, "Actual Rows": 80537, "Actual Loops": 135110, "Recheck Cond": "(l_orderkey = l1.l_orderkey)", "Rows Removed by Index Recheck": 0, "Filter": "(l_suppkey <> l1.l_suppkey)", "Rows Removed by Filter": 85912, "Exact Heap Blocks": 135868, "Lossy Heap Blocks": 135868, "Plans": [{"Node Type": "Bitmap Index Scan", "Parent Relationship": "Outer", "Index Name": "idx_lineitem_orderkey", "Startup Cost": 0.0, "Total Cost": 0.82, "Plan Rows": 9, "Plan Width": 0, "Actual Startup Time": 422.211, "Actual Total Time": 422.211, "Actual Rows": 287712, "Actual Loops": 135110, "Index Cond": "(l_orderkey = l1.l_orderkey)"}]}]}, {"Node Type": "Bitmap Heap Scan", "Parent Relationship": "Inner", "Relation Name": "orders", "Alias": "orders", "Startup Cost": 0.6, "Total Cost": 4.61, "Plan Rows": 1, "Plan Width": 8, "Actual Startup Time": 632.367, "Actual Total Time": 632.367, "Actual Rows": 39445, "Actual Loops": 80537, "Recheck Cond": "(o_orderkey = l2.l_orderkey)", "Rows Removed by Index Recheck": 0, "Filter": "(o_orderstatus = 'F'::bpchar)", "Rows Removed by Filter": 41092, "Exact Heap Blocks": 80537, "Lossy Heap Blocks": 80537, "Plans": [{"Node Type": "Bitmap Index Scan", "Parent Relationship": "Outer", "Index Name": "orders_pkey", "Startup Cost": 0.0, "Total Cost": 0.6, "Plan Rows": 1, "Plan Width": 0, "Actual Startup Time": 353.005, "Actual Total Time": 353.005, "Actual Rows": 80537, "Actual Loops": 80537, "Index Cond": "(o_orderkey = l2.l_orderkey)"}]}]}]}]}]}, "Triggers": [], "Planner Runtime": 7.559, "Total Runtime": 48565.653, "Unique SQL Id": 3870093320}}, "(1, 3)": {"explain_plan": {"Plan": {"Node Type": "Limit", "Startup Cost": 1000209392502.29, "Total Cost": 1000209392502.54, "Plan Rows": 100, "Plan Width": 26, "Plans": [{"Node Type": "Sort", "Parent Relationship": "Outer", "Startup Cost": 1000209392502.29, "Total Cost": 1000209392525.22, "Plan Rows": 100, "Plan Width": 26, "Sort Key": ["(count(*)) DESC", "supplier.s_name"], "Plans": [{"Node Type": "Aggregate", "Strategy": "Hashed", "Parent Relationship": "Outer", "Startup Cost": 1000209392060.03, "Total Cost": 1000209392151.75, "Plan Rows": 9172, "Plan Width": 26, "Group By Key": ["supplier.s_name"], "Plans": [{"Node Type": "Nested Loop", "Parent Relationship": "Outer", "Join Type": "Semi", "Startup Cost": 10000000003.33, "Total Cost": 1000209392014.17, "Plan Rows": 9172, "Plan Width": 26, "Inner Unique": false, "Join Filter": "(orders.o_orderkey = l2.l_orderkey)", "Plans": [{"Node Type": "Nested Loop", "Parent Relationship": "Outer", "Join Type": "Inner", "Startup Cost": 10000000002.51, "Total Cost": 1000209365752.63, "Plan Rows": 9655, "Plan Width": 50, "Inner Unique": true, "Plans": [{"Node Type": "Nested Loop", "Parent Relationship": "Outer", "Join Type": "Inner", "Startup Cost": 10000000002.25, "Total Cost": 1000208331993.1, "Plan Rows": 241373, "Plan Width": 54, "Inner Unique": true, "Plans": [{"Node Type": "Nested Loop", "Parent Relationship": "Outer", "Join Type": "Anti", "Startup Cost": 10000000001.7, "Total Cost": 1000202554809.43, "Plan Rows": 1264232, "Plan Width": 24, "Inner Unique": false, "Plans": [{"Node Type": "Nested Loop", "Parent Relationship": "Outer", "Join Type": "Inner", "Startup Cost": 10000000000.88, "Total Cost": 1000143161213.03, "Plan Rows": 25284641, "Plan Width": 24, "Inner Unique": false, "Plans": [{"Node Type": "Index Scan", "Parent Relationship": "Outer", "Scan Direction": "Forward", "Index Name": "orders_pkey", "Relation Name": "orders", "Alias": "orders", "Startup Cost": 10000000000.0, "Total Cost": 1000076847713.25, "Plan Rows": 7338812, "Plan Width": 8, "Filter": "(o_orderstatus = 'F'::bpchar), (LLVM Optimized)"}, {"Node Type": "Bitmap Heap Scan", "Parent Relationship": "Inner", "Relation Name": "lineitem", "Alias": "l1", "Startup Cost": 0.88, "Total Cost": 9.01, "Plan Rows": 3, "Plan Width": 16, "Recheck Cond": "(l_orderkey = orders.o_orderkey)", "Filter": "(l_receiptdate > l_commitdate)", "Plans": [{"Node Type": "Bitmap Index Scan", "Parent Relationship": "Outer", "Index Name": "idx_lineitem_orderkey", "Startup Cost": 0.0, "Total Cost": 0.88, "Plan Rows": 9, "Plan Width": 0, "Index Cond": "(l_orderkey = orders.o_orderkey)"}]}]}, {"Node Type": "Bitmap Heap Scan", "Parent Relationship": "Inner", "Relation Name": "lineitem", "Alias": "l3", "Startup Cost": 0.82, "Total Cost": 8.97, "Plan Rows": 3, "Plan Width": 16, "Recheck Cond": "(l_orderkey = l1.l_orderkey)", "Filter": "((l_receiptdate > l_commitdate) AND (l_suppkey <> l1.l_suppkey))", "Plans": [{"Node Type": "Bitmap Index Scan", "Parent Relationship": "Outer", "Index Name": "idx_lineitem_orderkey", "Startup Cost": 0.0, "Total Cost": 0.82, "Plan Rows": 9, "Plan Width": 0, "Index Cond": "(l_orderkey = l1.l_orderkey)"}]}]}, {"Node Type": "Bitmap Heap Scan", "Parent Relationship": "Inner", "Relation Name": "supplier", "Alias": "supplier", "Startup Cost": 0.55, "Total Cost": 4.56, "Plan Rows": 1, "Plan Width": 38, "Recheck Cond": "(s_suppkey = l1.l_suppkey)", "Plans": [{"Node Type": "Bitmap Index Scan", "Parent Relationship": "Outer", "Index Name": "supplier_pkey", "Startup Cost": 0.0, "Total Cost": 0.55, "Plan Rows": 1, "Plan Width": 0, "Index Cond": "(s_suppkey = l1.l_suppkey)"}]}]}, {"Node Type": "Bitmap Heap Scan", "Parent Relationship": "Inner", "Relation Name": "nation", "Alias": "nation", "Startup Cost": 0.26, "Total Cost": 4.27, "Plan Rows": 1, "Plan Width": 4, "Recheck Cond": "(n_nationkey = supplier.s_nationkey)", "Filter": "(n_name = 'EGYPT'::bpchar)", "Plans": [{"Node Type": "Bitmap Index Scan", "Parent Relationship": "Outer", "Index Name": "nation_pkey", "Startup Cost": 0.0, "Total Cost": 0.26, "Plan Rows": 1, "Plan Width": 0, "Index Cond": "(n_nationkey = supplier.s_nationkey)"}]}]}, {"Node Type": "Bitmap Heap Scan", "Parent Relationship": "Inner", "Relation Name": "lineitem", "Alias": "l2", "Startup Cost": 0.82, "Total Cost": 8.95, "Plan Rows": 9, "Plan Width": 16, "Recheck Cond": "(l_orderkey = l1.l_orderkey)", "Filter": "(l_suppkey <> l1.l_suppkey)", "Plans": [{"Node Type": "Bitmap Index Scan", "Parent Relationship": "Outer", "Index Name": "idx_lineitem_orderkey", "Startup Cost": 0.0, "Total Cost": 0.82, "Plan Rows": 9, "Plan Width": 0, "Index Cond": "(l_orderkey = l1.l_orderkey)"}]}]}]}]}]}, "Unique SQL Id": 3870093320}, "explain_analyze_plan": null}, "(1, 4)": {"explain_plan": {"Plan": {"Node Type": "Limit", "Startup Cost": 2300808.41, "Total Cost": 2300808.66, "Plan Rows": 100, "Plan Width": 26, "Plans": [{"Node Type": "Sort", "Parent Relationship": "Outer", "Startup Cost": 2300808.41, "Total Cost": 2300831.34, "Plan Rows": 100, "Plan Width": 26, "Sort Key": ["(count(*)) DESC", "supplier.s_name"], "Plans": [{"Node Type": "Aggregate", "Strategy": "Hashed", "Parent Relationship": "Outer", "Startup Cost": 2300366.14, "Total Cost": 2300457.86, "Plan Rows": 9172, "Plan Width": 26, "Group By Key": ["supplier.s_name"], "Plans": [{"Node Type": "Nested Loop", "Parent Relationship": "Outer", "Join Type": "Inner", "Startup Cost": 2583.35, "Total Cost": 2300320.28, "Plan Rows": 9172, "Plan Width": 26, "Inner Unique": true, "Join Filter": "(l1.l_orderkey = orders.o_orderkey)", "Plans": [{"Node Type": "Nested Loop", "Parent Relationship": "Outer", "Join Type": "Semi", "Startup Cost": 2583.35, "Total Cost": 2293219.91, "Plan Rows": 7254, "Plan Width": 42, "Inner Unique": false, "Plans": [{"Node Type": "Nested Loop", "Parent Relationship": "Outer", "Join Type": "Anti", "Startup Cost": 2583.35, "Total Cost": 2291364.34, "Plan Rows": 7635, "Plan Width": 42, "Inner Unique": false, "Plans": [{"Node Type": "Hash Join", "Parent Relationship": "Outer", "Join Type": "Inner", "Startup Cost": 2583.35, "Total Cost": 2244177.13, "Plan Rows": 152707, "Plan Width": 42, "Inner Unique": false, "Hash Cond": "(l1.l_suppkey = supplier.s_suppkey), (LLVM Optimized)", "Plans": [{"Node Type": "Seq Scan", "Parent Relationship": "Outer", "Relation Name": "lineitem", "Alias": "l1", "Startup Cost": 0.0, "Total Cost": 2165082.91, "Plan Rows": 19995678, "Plan Width": 16, "Filter": "(l_receiptdate > l_commitdate), (LLVM Optimized)"}, {"Node Type": "Hash", "Parent Relationship": "Inner", "Startup Cost": 2533.35, "Total Cost": 2533.35, "Plan Rows": 4000, "Plan Width": 34, "Plans": [{"Node Type": "Nested Loop", "Parent Relationship": "Outer", "Join Type": "Inner", "Startup Cost": 95.25, "Total Cost": 2533.35, "Plan Rows": 4000, "Plan Width": 34, "Inner Unique": false, "Plans": [{"Node Type": "Seq Scan", "Parent Relationship": "Outer", "Relation Name": "nation", "Alias": "nation", "Startup Cost": 0.0, "Total Cost": 1.31, "Plan Rows": 1, "Plan Width": 4, "Filter": "(n_name = 'EGYPT'::bpchar)"}, {"Node Type": "Bitmap Heap Scan", "Parent Relationship": "Inner", "Relation Name": "supplier", "Alias": "supplier", "Startup Cost": 95.25, "Total Cost": 2492.04, "Plan Rows": 4000, "Plan Width": 38, "Recheck Cond": "(s_nationkey = nation.n_nationkey)", "Plans": [{"Node Type": "Bitmap Index Scan", "Parent Relationship": "Outer", "Index Name": "idx_supplier_nation_key", "Startup Cost": 0.0, "Total Cost": 94.25, "Plan Rows": 4000, "Plan Width": 0, "Index Cond": "(s_nationkey = nation.n_nationkey)"}]}]}]}]}, {"Node Type": "Index Scan", "Parent Relationship": "Inner", "Scan Direction": "Forward", "Index Name": "idx_lineitem_orderkey", "Relation Name": "lineitem", "Alias": "l3", "Startup Cost": 0.0, "Total Cost": 1.63, "Plan Rows": 3, "Plan Width": 16, "Index Cond": "(l_orderkey = l1.l_orderkey)", "Filter": "((l_receiptdate > l_commitdate) AND (l_suppkey <> l1.l_suppkey))"}]}, {"Node Type": "Index Scan", "Parent Relationship": "Inner", "Scan Direction": "Forward", "Index Name": "idx_lineitem_orderkey", "Relation Name": "lineitem", "Alias": "l2", "Startup Cost": 0.0, "Total Cost": 1.63, "Plan Rows": 9, "Plan Width": 16, "Index Cond": "(l_orderkey = l1.l_orderkey)", "Filter": "(l_suppkey <> l1.l_suppkey)"}]}, {"Node Type": "Index Scan", "Parent Relationship": "Inner", "Scan Direction": "Forward", "Index Name": "orders_pkey", "Relation Name": "orders", "Alias": "orders", "Startup Cost": 0.0, "Total Cost": 0.97, "Plan Rows": 1, "Plan Width": 8, "Index Cond": "(o_orderkey = l2.l_orderkey)", "Filter": "(o_orderstatus = 'F'::bpchar)"}]}]}]}]}, "Unique SQL Id": 3870093320}, "explain_analyze_plan": {"Plan": {"Node Type": "Limit", "Startup Cost": 2300808.41, "Total Cost": 2300808.66, "Plan Rows": 100, "Plan Width": 26, "Actual Startup Time": 44160.852, "Actual Total Time": 44160.878, "Actual Rows": 100, "Actual Loops": 1, "Plans": [{"Node Type": "Sort", "Parent Relationship": "Outer", "Startup Cost": 2300808.41, "Total Cost": 2300831.34, "Plan Rows": 100, "Plan Width": 26, "Actual Startup Time": 44160.849, "Actual Total Time": 44160.869, "Actual Rows": 100, "Actual Loops": 1, "Sort Key": ["(count(*)) DESC", "supplier.s_name"], "Sort Method": "top-N heapsort", "Sort Space Used": 41, "Sort Space Type": "Memory", "Plans": [{"Node Type": "Aggregate", "Strategy": "Hashed", "Parent Relationship": "Outer", "Startup Cost": 2300366.14, "Total Cost": 2300457.86, "Plan Rows": 9172, "Plan Width": 26, "Actual Startup Time": 44157.449, "Actual Total Time": 44158.792, "Actual Rows": 3981, "Actual Loops": 1, "Group By Key": ["supplier.s_name"], "Plans": [{"Node Type": "Nested Loop", "Parent Relationship": "Outer", "Join Type": "Inner", "Startup Cost": 2583.35, "Total Cost": 2300320.28, "Plan Rows": 9172, "Plan Width": 26, "Actual Startup Time": 9.374, "Actual Total Time": 44086.295, "Actual Rows": 39445, "Actual Loops": 1, "Inner Unique": true, "Join Filter": "(l1.l_orderkey = orders.o_orderkey)", "Rows Removed by Join Filter": 0, "Plans": [{"Node Type": "Nested Loop", "Parent Relationship": "Outer", "Join Type": "Semi", "Startup Cost": 2583.35, "Total Cost": 2293219.91, "Plan Rows": 7254, "Plan Width": 42, "Actual Startup Time": 9.355, "Actual Total Time": 43457.892, "Actual Rows": 80537, "Actual Loops": 1, "Inner Unique": false, "Plans": [{"Node Type": "Nested Loop", "Parent Relationship": "Outer", "Join Type": "Anti", "Startup Cost": 2583.35, "Total Cost": 2291364.34, "Plan Rows": 7635, "Plan Width": 42, "Actual Startup Time": 9.068, "Actual Total Time": 42842.367, "Actual Rows": 135110, "Actual Loops": 1, "Inner Unique": false, "Plans": [{"Node Type": "Hash Join", "Parent Relationship": "Outer", "Join Type": "Inner", "Startup Cost": 2583.35, "Total Cost": 2244177.13, "Plan Rows": 152707, "Plan Width": 42, "Actual Startup Time": 8.439, "Actual Total Time": 33997.816, "Actual Rows": 1511024, "Actual Loops": 1, "Inner Unique": false, "Hash Cond": "(l1.l_suppkey = supplier.s_suppkey), (LLVM Optimized, Jit Execute)", "Plans": [{"Node Type": "Seq Scan", "Parent Relationship": "Outer", "Relation Name": "lineitem", "Alias": "l1", "Startup Cost": 0.0, "Total Cost": 2165082.91, "Plan Rows": 19995678, "Plan Width": 16, "Actual Startup Time": 0.029, "Actual Total Time": 25409.088, "Actual Rows": 37929348, "Actual Loops": 1, "Filter": "(l_receiptdate > l_commitdate), (LLVM Optimized, Jit Execute)", "Rows Removed by Filter": 22056704}, {"Node Type": "Hash", "Parent Relationship": "Inner", "Startup Cost": 2533.35, "Total Cost": 2533.35, "Plan Rows": 4000, "Plan Width": 34, "Actual Startup Time": 8.311, "Actual Total Time": 8.311, "Actual Rows": 3981, "Actual Loops": 1, "Hash Buckets": 32768, "Hash Batches": 1, "Original Hash Batches": 1, "Peak Memory Usage": 280, "Plans": [{"Node Type": "Nested Loop", "Parent Relationship": "Outer", "Join Type": "Inner", "Startup Cost": 95.25, "Total Cost": 2533.35, "Plan Rows": 4000, "Plan Width": 34, "Actual Startup Time": 1.005, "Actual Total Time": 6.936, "Actual Rows": 3981, "Actual Loops": 1, "Inner Unique": false, "Plans": [{"Node Type": "Seq Scan", "Parent Relationship": "Outer", "Relation Name": "nation", "Alias": "nation", "Startup Cost": 0.0, "Total Cost": 1.31, "Plan Rows": 1, "Plan Width": 4, "Actual Startup Time": 0.016, "Actual Total Time": 0.03, "Actual Rows": 1, "Actual Loops": 1, "Filter": "(n_name = 'EGYPT'::bpchar)", "Rows Removed by Filter": 24}, {"Node Type": "Bitmap Heap Scan", "Parent Relationship": "Inner", "Relation Name": "supplier", "Alias": "supplier", "Startup Cost": 95.25, "Total Cost": 2492.04, "Plan Rows": 4000, "Plan Width": 38, "Actual Startup Time": 0.981, "Actual Total Time": 6.079, "Actual Rows": 3981, "Actual Loops": 1, "Recheck Cond": "(s_nationkey = nation.n_nationkey)", "Rows Removed by Index Recheck": 0, "Exact Heap Blocks": 1918, "Lossy Heap Blocks": 1918, "Plans": [{"Node Type": "Bitmap Index Scan", "Parent Relationship": "Outer", "Index Name": "idx_supplier_nation_key", "Startup Cost": 0.0, "Total Cost": 94.25, "Plan Rows": 4000, "Plan Width": 0, "Actual Startup Time": 0.681, "Actual Total Time": 0.681, "Actual Rows": 3981, "Actual Loops": 1, "Index Cond": "(s_nationkey = nation.n_nationkey)"}]}]}]}]}, {"Node Type": "Index Scan", "Parent Relationship": "Inner", "Scan Direction": "Forward", "Index Name": "idx_lineitem_orderkey", "Relation Name": "lineitem", "Alias": "l3", "Startup Cost": 0.0, "Total Cost": 1.63, "Plan Rows": 3, "Plan Width": 16, "Actual Startup Time": 7867.724, "Actual Total Time": 7867.724, "Actual Rows": 1375914, "Actual Loops": 1511024, "Index Cond": "(l_orderkey = l1.l_orderkey)", "Rows Removed by Index Recheck": 0, "Filter": "((l_receiptdate > l_commitdate) AND (l_suppkey <> l1.l_suppkey))", "Rows Removed by Filter": 1348115}]}, {"Node Type": "Index Scan", "Parent Relationship": "Inner", "Scan Direction": "Forward", "Index Name": "idx_lineitem_orderkey", "Relation Name": "lineitem", "Alias": "l2", "Startup Cost": 0.0, "Total Cost": 1.63, "Plan Rows": 9, "Plan Width": 16, "Actual Startup Time": 504.038, "Actual Total Time": 504.038, "Actual Rows": 80537, "Actual Loops": 135110, "Index Cond": "(l_orderkey = l1.l_orderkey)", "Rows Removed by Index Recheck": 0, "Filter": "(l_suppkey <> l1.l_suppkey)", "Rows Removed by Filter": 85912}]}, {"Node Type": "Index Scan", "Parent Relationship": "Inner", "Scan Direction": "Forward", "Index Name": "orders_pkey", "Relation Name": "orders", "Alias": "orders", "Startup Cost": 0.0, "Total Cost": 0.97, "Plan Rows": 1, "Plan Width": 8, "Actual Startup Time": 547.334, "Actual Total Time": 547.334, "Actual Rows": 39445, "Actual Loops": 80537, "Index Cond": "(o_orderkey = l2.l_orderkey)", "Rows Removed by Index Recheck": 0, "Filter": "(o_orderstatus = 'F'::bpchar)", "Rows Removed by Filter": 41092}]}]}]}]}, "Triggers": [], "Planner Runtime": 7.388, "Total Runtime": 44170.065, "Unique SQL Id": 3870093320}}, "(1, 5)": {"explain_plan": {"Plan": {"Node Type": "Limit", "Startup Cost": 3525858.2, "Total Cost": 3525858.45, "Plan Rows": 100, "Plan Width": 26, "Plans": [{"Node Type": "Sort", "Parent Relationship": "Outer", "Startup Cost": 3525858.2, "Total Cost": 3525881.13, "Plan Rows": 100, "Plan Width": 26, "Sort Key": ["(count(*)) DESC", "supplier.s_name"], "Plans": [{"Node Type": "Aggregate", "Strategy": "Hashed", "Parent Relationship": "Outer", "Startup Cost": 3525415.93, "Total Cost": 3525507.65, "Plan Rows": 9172, "Plan Width": 26, "Group By Key": ["supplier.s_name"], "Plans": [{"Node Type": "Nested Loop", "Parent Relationship": "Outer", "Join Type": "Inner", "Startup Cost": 2594.73, "Total Cost": 3525370.07, "Plan Rows": 9172, "Plan Width": 26, "Inner Unique": true, "Join Filter": "(l1.l_orderkey = orders.o_orderkey)", "Plans": [{"Node Type": "Nested Loop", "Parent Relationship": "Outer", "Join Type": "Semi", "Startup Cost": 2594.73, "Total Cost": 3518269.7, "Plan Rows": 7254, "Plan Width": 42, "Inner Unique": false, "Plans": [{"Node Type": "Nested Loop", "Parent Relationship": "Outer", "Join Type": "Anti", "Startup Cost": 2594.73, "Total Cost": 3516414.13, "Plan Rows": 7635, "Plan Width": 42, "Inner Unique": false, "Plans": [{"Node Type": "Hash Join", "Parent Relationship": "Outer", "Join Type": "Inner", "Startup Cost": 2594.73, "Total Cost": 3469226.92, "Plan Rows": 152707, "Plan Width": 42, "Inner Unique": false, "Hash Cond": "(l1.l_suppkey = supplier.s_suppkey), (LLVM Optimized)", "Plans": [{"Node Type": "Index Scan", "Parent Relationship": "Outer", "Scan Direction": "Forward", "Index Name": "idx_lineitem_orderkey", "Relation Name": "lineitem", "Alias": "l1", "Startup Cost": 0.0, "Total Cost": 3390121.33, "Plan Rows": 19995678, "Plan Width": 16, "Filter": "(l_receiptdate > l_commitdate), (LLVM Optimized)"}, {"Node Type": "Hash", "Parent Relationship": "Inner", "Startup Cost": 2544.73, "Total Cost": 2544.73, "Plan Rows": 4000, "Plan Width": 34, "Plans": [{"Node Type": "Nested Loop", "Parent Relationship": "Outer", "Join Type": "Inner", "Startup Cost": 95.25, "Total Cost": 2544.73, "Plan Rows": 4000, "Plan Width": 34, "Inner Unique": false, "Plans": [{"Node Type": "Index Scan", "Parent Relationship": "Outer", "Scan Direction": "Forward", "Index Name": "nation_pkey", "Relation Name": "nation", "Alias": "nation", "Startup Cost": 0.0, "Total Cost": 12.69, "Plan Rows": 1, "Plan Width": 4, "Filter": "(n_name = 'EGYPT'::bpchar)"}, {"Node Type": "Bitmap Heap Scan", "Parent Relationship": "Inner", "Relation Name": "supplier", "Alias": "supplier", "Startup Cost": 95.25, "Total Cost": 2492.04, "Plan Rows": 4000, "Plan Width": 38, "Recheck Cond": "(s_nationkey = nation.n_nationkey)", "Plans": [{"Node Type": "Bitmap Index Scan", "Parent Relationship": "Outer", "Index Name": "idx_supplier_nation_key", "Startup Cost": 0.0, "Total Cost": 94.25, "Plan Rows": 4000, "Plan Width": 0, "Index Cond": "(s_nationkey = nation.n_nationkey)"}]}]}]}]}, {"Node Type": "Index Scan", "Parent Relationship": "Inner", "Scan Direction": "Forward", "Index Name": "idx_lineitem_orderkey", "Relation Name": "lineitem", "Alias": "l3", "Startup Cost": 0.0, "Total Cost": 1.63, "Plan Rows": 3, "Plan Width": 16, "Index Cond": "(l_orderkey = l1.l_orderkey)", "Filter": "((l_receiptdate > l_commitdate) AND (l_suppkey <> l1.l_suppkey))"}]}, {"Node Type": "Index Scan", "Parent Relationship": "Inner", "Scan Direction": "Forward", "Index Name": "idx_lineitem_orderkey", "Relation Name": "lineitem", "Alias": "l2", "Startup Cost": 0.0, "Total Cost": 1.63, "Plan Rows": 9, "Plan Width": 16, "Index Cond": "(l_orderkey = l1.l_orderkey)", "Filter": "(l_suppkey <> l1.l_suppkey)"}]}, {"Node Type": "Index Scan", "Parent Relationship": "Inner", "Scan Direction": "Forward", "Index Name": "orders_pkey", "Relation Name": "orders", "Alias": "orders", "Startup Cost": 0.0, "Total Cost": 0.97, "Plan Rows": 1, "Plan Width": 8, "Index Cond": "(o_orderkey = l2.l_orderkey)", "Filter": "(o_orderstatus = 'F'::bpchar)"}]}]}]}]}, "Unique SQL Id": 3870093320}, "explain_analyze_plan": {"Plan": {"Node Type": "Limit", "Startup Cost": 3525858.2, "Total Cost": 3525858.45, "Plan Rows": 100, "Plan Width": 26, "Actual Startup Time": 66328.983, "Actual Total Time": 66328.998, "Actual Rows": 100, "Actual Loops": 1, "Plans": [{"Node Type": "Sort", "Parent Relationship": "Outer", "Startup Cost": 3525858.2, "Total Cost": 3525881.13, "Plan Rows": 100, "Plan Width": 26, "Actual Startup Time": 66328.981, "Actual Total Time": 66328.983, "Actual Rows": 100, "Actual Loops": 1, "Sort Key": ["(count(*)) DESC", "supplier.s_name"], "Sort Method": "top-N heapsort", "Sort Space Used": 41, "Sort Space Type": "Memory", "Plans": [{"Node Type": "Aggregate", "Strategy": "Hashed", "Parent Relationship": "Outer", "Startup Cost": 3525415.93, "Total Cost": 3525507.65, "Plan Rows": 9172, "Plan Width": 26, "Actual Startup Time": 66325.713, "Actual Total Time": 66326.889, "Actual Rows": 3981, "Actual Loops": 1, "Group By Key": ["supplier.s_name"], "Plans": [{"Node Type": "Nested Loop", "Parent Relationship": "Outer", "Join Type": "Inner", "Startup Cost": 2594.73, "Total Cost": 3525370.07, "Plan Rows": 9172, "Plan Width": 26, "Actual Startup Time": 9.758, "Actual Total Time": 66254.92, "Actual Rows": 39445, "Actual Loops": 1, "Inner Unique": true, "Join Filter": "(l1.l_orderkey = orders.o_orderkey)", "Rows Removed by Join Filter": 0, "Plans": [{"Node Type": "Nested Loop", "Parent Relationship": "Outer", "Join Type": "Semi", "Startup Cost": 2594.73, "Total Cost": 3518269.7, "Plan Rows": 7254, "Plan Width": 42, "Actual Startup Time": 9.738, "Actual Total Time": 65597.437, "Actual Rows": 80537, "Actual Loops": 1, "Inner Unique": false, "Plans": [{"Node Type": "Nested Loop", "Parent Relationship": "Outer", "Join Type": "Anti", "Startup Cost": 2594.73, "Total Cost": 3516414.13, "Plan Rows": 7635, "Plan Width": 42, "Actual Startup Time": 9.36, "Actual Total Time": 64964.719, "Actual Rows": 135110, "Actual Loops": 1, "Inner Unique": false, "Plans": [{"Node Type": "Hash Join", "Parent Relationship": "Outer", "Join Type": "Inner", "Startup Cost": 2594.73, "Total Cost": 3469226.92, "Plan Rows": 152707, "Plan Width": 42, "Actual Startup Time": 8.552, "Actual Total Time": 56797.185, "Actual Rows": 1511024, "Actual Loops": 1, "Inner Unique": false, "Hash Cond": "(l1.l_suppkey = supplier.s_suppkey), (LLVM Optimized, Jit Execute)", "Plans": [{"Node Type": "Index Scan", "Parent Relationship": "Outer", "Scan Direction": "Forward", "Index Name": "idx_lineitem_orderkey", "Relation Name": "lineitem", "Alias": "l1", "Startup Cost": 0.0, "Total Cost": 3390121.33, "Plan Rows": 19995678, "Plan Width": 16, "Actual Startup Time": 0.036, "Actual Total Time": 48747.291, "Actual Rows": 37929348, "Actual Loops": 1, "Filter": "(l_receiptdate > l_commitdate), (LLVM Optimized, Jit Execute)", "Rows Removed by Filter": 22056704}, {"Node Type": "Hash", "Parent Relationship": "Inner", "Startup Cost": 2544.73, "Total Cost": 2544.73, "Plan Rows": 4000, "Plan Width": 34, "Actual Startup Time": 8.395, "Actual Total Time": 8.395, "Actual Rows": 3981, "Actual Loops": 1, "Hash Buckets": 32768, "Hash Batches": 1, "Original Hash Batches": 1, "Peak Memory Usage": 280, "Plans": [{"Node Type": "Nested Loop", "Parent Relationship": "Outer", "Join Type": "Inner", "Startup Cost": 95.25, "Total Cost": 2544.73, "Plan Rows": 4000, "Plan Width": 34, "Actual Startup Time": 0.997, "Actual Total Time": 7.019, "Actual Rows": 3981, "Actual Loops": 1, "Inner Unique": false, "Plans": [{"Node Type": "Index Scan", "Parent Relationship": "Outer", "Scan Direction": "Forward", "Index Name": "nation_pkey", "Relation Name": "nation", "Alias": "nation", "Startup Cost": 0.0, "Total Cost": 12.69, "Plan Rows": 1, "Plan Width": 4, "Actual Startup Time": 0.011, "Actual Total Time": 0.029, "Actual Rows": 1, "Actual Loops": 1, "Filter": "(n_name = 'EGYPT'::bpchar)", "Rows Removed by Filter": 24}, {"Node Type": "Bitmap Heap Scan", "Parent Relationship": "Inner", "Relation Name": "supplier", "Alias": "supplier", "Startup Cost": 95.25, "Total Cost": 2492.04, "Plan Rows": 4000, "Plan Width": 38, "Actual Startup Time": 0.98, "Actual Total Time": 6.17, "Actual Rows": 3981, "Actual Loops": 1, "Recheck Cond": "(s_nationkey = nation.n_nationkey)", "Rows Removed by Index Recheck": 0, "Exact Heap Blocks": 1918, "Lossy Heap Blocks": 1918, "Plans": [{"Node Type": "Bitmap Index Scan", "Parent Relationship": "Outer", "Index Name": "idx_supplier_nation_key", "Startup Cost": 0.0, "Total Cost": 94.25, "Plan Rows": 4000, "Plan Width": 0, "Actual Startup Time": 0.686, "Actual Total Time": 0.686, "Actual Rows": 3981, "Actual Loops": 1, "Index Cond": "(s_nationkey = nation.n_nationkey)"}]}]}]}]}, {"Node Type": "Index Scan", "Parent Relationship": "Inner", "Scan Direction": "Forward", "Index Name": "idx_lineitem_orderkey", "Relation Name": "lineitem", "Alias": "l3", "Startup Cost": 0.0, "Total Cost": 1.63, "Plan Rows": 3, "Plan Width": 16, "Actual Startup Time": 7166.725, "Actual Total Time": 7166.725, "Actual Rows": 1375914, "Actual Loops": 1511024, "Index Cond": "(l_orderkey = l1.l_orderkey)", "Rows Removed by Index Recheck": 0, "Filter": "((l_receiptdate > l_commitdate) AND (l_suppkey <> l1.l_suppkey))", "Rows Removed by Filter": 1348115}]}, {"Node Type": "Index Scan", "Parent Relationship": "Inner", "Scan Direction": "Forward", "Index Name": "idx_lineitem_orderkey", "Relation Name": "lineitem", "Alias": "l2", "Startup Cost": 0.0, "Total Cost": 1.63, "Plan Rows": 9, "Plan Width": 16, "Actual Startup Time": 509.545, "Actual Total Time": 509.545, "Actual Rows": 80537, "Actual Loops": 135110, "Index Cond": "(l_orderkey = l1.l_orderkey)", "Rows Removed by Index Recheck": 0, "Filter": "(l_suppkey <> l1.l_suppkey)", "Rows Removed by Filter": 85912}]}, {"Node Type": "Index Scan", "Parent Relationship": "Inner", "Scan Direction": "Forward", "Index Name": "orders_pkey", "Relation Name": "orders", "Alias": "orders", "Startup Cost": 0.0, "Total Cost": 0.97, "Plan Rows": 1, "Plan Width": 8, "Actual Startup Time": 569.841, "Actual Total Time": 569.841, "Actual Rows": 39445, "Actual Loops": 80537, "Index Cond": "(o_orderkey = l2.l_orderkey)", "Rows Removed by Index Recheck": 0, "Filter": "(o_orderstatus = 'F'::bpchar)", "Rows Removed by Filter": 41092}]}]}]}]}, "Triggers": [], "Planner Runtime": 7.315, "Total Runtime": 66338.102, "Unique SQL Id": 3870093320}}, "(1, 6)": {"explain_plan": {"Plan": {"Node Type": "Limit", "Startup Cost": 2652117.64, "Total Cost": 2652117.89, "Plan Rows": 100, "Plan Width": 26, "Plans": [{"Node Type": "Sort", "Parent Relationship": "Outer", "Startup Cost": 2652117.64, "Total Cost": 2652140.57, "Plan Rows": 100, "Plan Width": 26, "Sort Key": ["(count(*)) DESC", "supplier.s_name"], "Plans": [{"Node Type": "Aggregate", "Strategy": "Hashed", "Parent Relationship": "Outer", "Startup Cost": 2651675.37, "Total Cost": 2651767.09, "Plan Rows": 9172, "Plan Width": 26, "Group By Key": ["supplier.s_name"], "Plans": [{"Node Type": "Nested Loop", "Parent Relationship": "Outer", "Join Type": "Inner", "Startup Cost": 2585.6, "Total Cost": 2651629.51, "Plan Rows": 9172, "Plan Width": 26, "Inner Unique": true, "Join Filter": "(l1.l_orderkey = orders.o_orderkey)", "Plans": [{"Node Type": "Nested Loop", "Parent Relationship": "Outer", "Join Type": "Semi", "Startup Cost": 2585.0, "Total Cost": 2618068.76, "Plan Rows": 7254, "Plan Width": 42, "Inner Unique": false, "Plans": [{"Node Type": "Nested Loop", "Parent Relationship": "Outer", "Join Type": "Anti", "Startup Cost": 2584.17, "Total Cost": 2602890.2, "Plan Rows": 7635, "Plan Width": 42, "Inner Unique": false, "Plans": [{"Node Type": "Hash Join", "Parent Relationship": "Outer", "Join Type": "Inner", "Startup Cost": 2583.35, "Total Cost": 2244177.13, "Plan Rows": 152707, "Plan Width": 42, "Inner Unique": false, "Hash Cond": "(l1.l_suppkey = supplier.s_suppkey), (LLVM Optimized)", "Plans": [{"Node Type": "Seq Scan", "Parent Relationship": "Outer", "Relation Name": "lineitem", "Alias": "l1", "Startup Cost": 0.0, "Total Cost": 2165082.91, "Plan Rows": 19995678, "Plan Width": 16, "Filter": "(l_receiptdate > l_commitdate), (LLVM Optimized)"}, {"Node Type": "Hash", "Parent Relationship": "Inner", "Startup Cost": 2533.35, "Total Cost": 2533.35, "Plan Rows": 4000, "Plan Width": 34, "Plans": [{"Node Type": "Nested Loop", "Parent Relationship": "Outer", "Join Type": "Inner", "Startup Cost": 95.25, "Total Cost": 2533.35, "Plan Rows": 4000, "Plan Width": 34, "Inner Unique": false, "Plans": [{"Node Type": "Seq Scan", "Parent Relationship": "Outer", "Relation Name": "nation", "Alias": "nation", "Startup Cost": 0.0, "Total Cost": 1.31, "Plan Rows": 1, "Plan Width": 4, "Filter": "(n_name = 'EGYPT'::bpchar)"}, {"Node Type": "Bitmap Heap Scan", "Parent Relationship": "Inner", "Relation Name": "supplier", "Alias": "supplier", "Startup Cost": 95.25, "Total Cost": 2492.04, "Plan Rows": 4000, "Plan Width": 38, "Recheck Cond": "(s_nationkey = nation.n_nationkey)", "Plans": [{"Node Type": "Bitmap Index Scan", "Parent Relationship": "Outer", "Index Name": "idx_supplier_nation_key", "Startup Cost": 0.0, "Total Cost": 94.25, "Plan Rows": 4000, "Plan Width": 0, "Index Cond": "(s_nationkey = nation.n_nationkey)"}]}]}]}]}, {"Node Type": "Bitmap Heap Scan", "Parent Relationship": "Inner", "Relation Name": "lineitem", "Alias": "l3", "Startup Cost": 0.82, "Total Cost": 8.97, "Plan Rows": 3, "Plan Width": 16, "Recheck Cond": "(l_orderkey = l1.l_orderkey)", "Filter": "((l_receiptdate > l_commitdate) AND (l_suppkey <> l1.l_suppkey))", "Plans": [{"Node Type": "Bitmap Index Scan", "Parent Relationship": "Outer", "Index Name": "idx_lineitem_orderkey", "Startup Cost": 0.0, "Total Cost": 0.82, "Plan Rows": 9, "Plan Width": 0, "Index Cond": "(l_orderkey = l1.l_orderkey)"}]}]}, {"Node Type": "Bitmap Heap Scan", "Parent Relationship": "Inner", "Relation Name": "lineitem", "Alias": "l2", "Startup Cost": 0.82, "Total Cost": 8.95, "Plan Rows": 9, "Plan Width": 16, "Recheck Cond": "(l_orderkey = l1.l_orderkey)", "Filter": "(l_suppkey <> l1.l_suppkey)", "Plans": [{"Node Type": "Bitmap Index Scan", "Parent Relationship": "Outer", "Index Name": "idx_lineitem_orderkey", "Startup Cost": 0.0, "Total Cost": 0.82, "Plan Rows": 9, "Plan Width": 0, "Index Cond": "(l_orderkey = l1.l_orderkey)"}]}]}, {"Node Type": "Bitmap Heap Scan", "Parent Relationship": "Inner", "Relation Name": "orders", "Alias": "orders", "Startup Cost": 0.6, "Total Cost": 4.61, "Plan Rows": 1, "Plan Width": 8, "Recheck Cond": "(o_orderkey = l2.l_orderkey)", "Filter": "(o_orderstatus = 'F'::bpchar)", "Plans": [{"Node Type": "Bitmap Index Scan", "Parent Relationship": "Outer", "Index Name": "orders_pkey", "Startup Cost": 0.0, "Total Cost": 0.6, "Plan Rows": 1, "Plan Width": 0, "Index Cond": "(o_orderkey = l2.l_orderkey)"}]}]}]}]}]}, "Unique SQL Id": 3870093320}, "explain_analyze_plan": {"Plan": {"Node Type": "Limit", "Startup Cost": 2652117.64, "Total Cost": 2652117.89, "Plan Rows": 100, "Plan Width": 26, "Actual Startup Time": 48542.548, "Actual Total Time": 48542.566, "Actual Rows": 100, "Actual Loops": 1, "Plans": [{"Node Type": "Sort", "Parent Relationship": "Outer", "Startup Cost": 2652117.64, "Total Cost": 2652140.57, "Plan Rows": 100, "Plan Width": 26, "Actual Startup Time": 48542.546, "Actual Total Time": 48542.554, "Actual Rows": 100, "Actual Loops": 1, "Sort Key": ["(count(*)) DESC", "supplier.s_name"], "Sort Method": "top-N heapsort", "Sort Space Used": 41, "Sort Space Type": "Memory", "Plans": [{"Node Type": "Aggregate", "Strategy": "Hashed", "Parent Relationship": "Outer", "Startup Cost": 2651675.37, "Total Cost": 2651767.09, "Plan Rows": 9172, "Plan Width": 26, "Actual Startup Time": 48539.063, "Actual Total Time": 48540.513, "Actual Rows": 3981, "Actual Loops": 1, "Group By Key": ["supplier.s_name"], "Plans": [{"Node Type": "Nested Loop", "Parent Relationship": "Outer", "Join Type": "Inner", "Startup Cost": 2585.6, "Total Cost": 2651629.51, "Plan Rows": 9172, "Plan Width": 26, "Actual Startup Time": 11.989, "Actual Total Time": 48454.234, "Actual Rows": 39445, "Actual Loops": 1, "Inner Unique": true, "Join Filter": "(l1.l_orderkey = orders.o_orderkey)", "Rows Removed by Join Filter": 0, "Plans": [{"Node Type": "Nested Loop", "Parent Relationship": "Outer", "Join Type": "Semi", "Startup Cost": 2585.0, "Total Cost": 2618068.76, "Plan Rows": 7254, "Plan Width": 42, "Actual Startup Time": 11.965, "Actual Total Time": 47684.747, "Actual Rows": 80537, "Actual Loops": 1, "Inner Unique": false, "Plans": [{"Node Type": "Nested Loop", "Parent Relationship": "Outer", "Join Type": "Anti", "Startup Cost": 2584.17, "Total Cost": 2602890.2, "Plan Rows": 7635, "Plan Width": 42, "Actual Startup Time": 11.643, "Actual Total Time": 46787.199, "Actual Rows": 135110, "Actual Loops": 1, "Inner Unique": false, "Plans": [{"Node Type": "Hash Join", "Parent Relationship": "Outer", "Join Type": "Inner", "Startup Cost": 2583.35, "Total Cost": 2244177.13, "Plan Rows": 152707, "Plan Width": 42, "Actual Startup Time": 10.92, "Actual Total Time": 33938.332, "Actual Rows": 1511024, "Actual Loops": 1, "Inner Unique": false, "Hash Cond": "(l1.l_suppkey = supplier.s_suppkey), (LLVM Optimized, Jit Execute)", "Plans": [{"Node Type": "Seq Scan", "Parent Relationship": "Outer", "Relation Name": "lineitem", "Alias": "l1", "Startup Cost": 0.0, "Total Cost": 2165082.91, "Plan Rows": 19995678, "Plan Width": 16, "Actual Startup Time": 0.018, "Actual Total Time": 25391.367, "Actual Rows": 37929348, "Actual Loops": 1, "Filter": "(l_receiptdate > l_commitdate), (LLVM Optimized, Jit Execute)", "Rows Removed by Filter": 22056704}, {"Node Type": "Hash", "Parent Relationship": "Inner", "Startup Cost": 2533.35, "Total Cost": 2533.35, "Plan Rows": 4000, "Plan Width": 34, "Actual Startup Time": 10.809, "Actual Total Time": 10.809, "Actual Rows": 3981, "Actual Loops": 1, "Hash Buckets": 32768, "Hash Batches": 1, "Original Hash Batches": 1, "Peak Memory Usage": 280, "Plans": [{"Node Type": "Nested Loop", "Parent Relationship": "Outer", "Join Type": "Inner", "Startup Cost": 95.25, "Total Cost": 2533.35, "Plan Rows": 4000, "Plan Width": 34, "Actual Startup Time": 1.047, "Actual Total Time": 9.624, "Actual Rows": 3981, "Actual Loops": 1, "Inner Unique": false, "Plans": [{"Node Type": "Seq Scan", "Parent Relationship": "Outer", "Relation Name": "nation", "Alias": "nation", "Startup Cost": 0.0, "Total Cost": 1.31, "Plan Rows": 1, "Plan Width": 4, "Actual Startup Time": 0.017, "Actual Total Time": 0.026, "Actual Rows": 1, "Actual Loops": 1, "Filter": "(n_name = 'EGYPT'::bpchar)", "Rows Removed by Filter": 24}, {"Node Type": "Bitmap Heap Scan", "Parent Relationship": "Inner", "Relation Name": "supplier", "Alias": "supplier", "Startup Cost": 95.25, "Total Cost": 2492.04, "Plan Rows": 4000, "Plan Width": 38, "Actual Startup Time": 1.025, "Actual Total Time": 8.745, "Actual Rows": 3981, "Actual Loops": 1, "Recheck Cond": "(s_nationkey = nation.n_nationkey)", "Rows Removed by Index Recheck": 0, "Exact Heap Blocks": 1918, "Lossy Heap Blocks": 1918, "Plans": [{"Node Type": "Bitmap Index Scan", "Parent Relationship": "Outer", "Index Name": "idx_supplier_nation_key", "Startup Cost": 0.0, "Total Cost": 94.25, "Plan Rows": 4000, "Plan Width": 0, "Actual Startup Time": 0.733, "Actual Total Time": 0.733, "Actual Rows": 3981, "Actual Loops": 1, "Index Cond": "(s_nationkey = nation.n_nationkey)"}]}]}]}]}, {"Node Type": "Bitmap Heap Scan", "Parent Relationship": "Inner", "Relation Name": "lineitem", "Alias": "l3", "Startup Cost": 0.82, "Total Cost": 8.97, "Plan Rows": 3, "Plan Width": 16, "Actual Startup Time": 10918.95, "Actual Total Time": 10918.95, "Actual Rows": 1375914, "Actual Loops": 1511024, "Recheck Cond": "(l_orderkey = l1.l_orderkey)", "Rows Removed by Index Recheck": 0, "Filter": "((l_receiptdate > l_commitdate) AND (l_suppkey <> l1.l_suppkey))", "Rows Removed by Filter": 1348115, "Exact Heap Blocks": 1539822, "Lossy Heap Blocks": 1539822, "Plans": [{"Node Type": "Bitmap Index Scan", "Parent Relationship": "Outer", "Index Name": "idx_lineitem_orderkey", "Startup Cost": 0.0, "Total Cost": 0.82, "Plan Rows": 9, "Plan Width": 0, "Actual Startup Time": 6283.234, "Actual Total Time": 6283.234, "Actual Rows": 7550552, "Actual Loops": 1511024, "Index Cond": "(l_orderkey = l1.l_orderkey)"}]}]}, {"Node Type": "Bitmap Heap Scan", "Parent Relationship": "Inner", "Relation Name": "lineitem", "Alias": "l2", "Startup Cost": 0.82, "Total Cost": 8.95, "Plan Rows": 9, "Plan Width": 16, "Actual Startup Time": 696.878, "Actual Total Time": 696.878, "Actual Rows": 80537, "Actual Loops": 135110, "Recheck Cond": "(l_orderkey = l1.l_orderkey)", "Rows Removed by Index Recheck": 0, "Filter": "(l_suppkey <> l1.l_suppkey)", "Rows Removed by Filter": 85912, "Exact Heap Blocks": 135868, "Lossy Heap Blocks": 135868, "Plans": [{"Node Type": "Bitmap Index Scan", "Parent Relationship": "Outer", "Index Name": "idx_lineitem_orderkey", "Startup Cost": 0.0, "Total Cost": 0.82, "Plan Rows": 9, "Plan Width": 0, "Actual Startup Time": 422.211, "Actual Total Time": 422.211, "Actual Rows": 287712, "Actual Loops": 135110, "Index Cond": "(l_orderkey = l1.l_orderkey)"}]}]}, {"Node Type": "Bitmap Heap Scan", "Parent Relationship": "Inner", "Relation Name": "orders", "Alias": "orders", "Startup Cost": 0.6, "Total Cost": 4.61, "Plan Rows": 1, "Plan Width": 8, "Actual Startup Time": 632.367, "Actual Total Time": 632.367, "Actual Rows": 39445, "Actual Loops": 80537, "Recheck Cond": "(o_orderkey = l2.l_orderkey)", "Rows Removed by Index Recheck": 0, "Filter": "(o_orderstatus = 'F'::bpchar)", "Rows Removed by Filter": 41092, "Exact Heap Blocks": 80537, "Lossy Heap Blocks": 80537, "Plans": [{"Node Type": "Bitmap Index Scan", "Parent Relationship": "Outer", "Index Name": "orders_pkey", "Startup Cost": 0.0, "Total Cost": 0.6, "Plan Rows": 1, "Plan Width": 0, "Actual Startup Time": 353.005, "Actual Total Time": 353.005, "Actual Rows": 80537, "Actual Loops": 80537, "Index Cond": "(o_orderkey = l2.l_orderkey)"}]}]}]}]}]}, "Triggers": [], "Planner Runtime": 7.559, "Total Runtime": 48565.653, "Unique SQL Id": 3870093320}}, "(1, 7)": {"explain_plan": {"Plan": {"Node Type": "Limit", "Startup Cost": 1000209392502.29, "Total Cost": 1000209392502.54, "Plan Rows": 100, "Plan Width": 26, "Plans": [{"Node Type": "Sort", "Parent Relationship": "Outer", "Startup Cost": 1000209392502.29, "Total Cost": 1000209392525.22, "Plan Rows": 100, "Plan Width": 26, "Sort Key": ["(count(*)) DESC", "supplier.s_name"], "Plans": [{"Node Type": "Aggregate", "Strategy": "Hashed", "Parent Relationship": "Outer", "Startup Cost": 1000209392060.03, "Total Cost": 1000209392151.75, "Plan Rows": 9172, "Plan Width": 26, "Group By Key": ["supplier.s_name"], "Plans": [{"Node Type": "Nested Loop", "Parent Relationship": "Outer", "Join Type": "Semi", "Startup Cost": 10000000003.33, "Total Cost": 1000209392014.17, "Plan Rows": 9172, "Plan Width": 26, "Inner Unique": false, "Join Filter": "(orders.o_orderkey = l2.l_orderkey)", "Plans": [{"Node Type": "Nested Loop", "Parent Relationship": "Outer", "Join Type": "Inner", "Startup Cost": 10000000002.51, "Total Cost": 1000209365752.63, "Plan Rows": 9655, "Plan Width": 50, "Inner Unique": true, "Plans": [{"Node Type": "Nested Loop", "Parent Relationship": "Outer", "Join Type": "Inner", "Startup Cost": 10000000002.25, "Total Cost": 1000208331993.1, "Plan Rows": 241373, "Plan Width": 54, "Inner Unique": true, "Plans": [{"Node Type": "Nested Loop", "Parent Relationship": "Outer", "Join Type": "Anti", "Startup Cost": 10000000001.7, "Total Cost": 1000202554809.43, "Plan Rows": 1264232, "Plan Width": 24, "Inner Unique": false, "Plans": [{"Node Type": "Nested Loop", "Parent Relationship": "Outer", "Join Type": "Inner", "Startup Cost": 10000000000.88, "Total Cost": 1000143161213.03, "Plan Rows": 25284641, "Plan Width": 24, "Inner Unique": false, "Plans": [{"Node Type": "Index Scan", "Parent Relationship": "Outer", "Scan Direction": "Forward", "Index Name": "orders_pkey", "Relation Name": "orders", "Alias": "orders", "Startup Cost": 10000000000.0, "Total Cost": 1000076847713.25, "Plan Rows": 7338812, "Plan Width": 8, "Filter": "(o_orderstatus = 'F'::bpchar), (LLVM Optimized)"}, {"Node Type": "Bitmap Heap Scan", "Parent Relationship": "Inner", "Relation Name": "lineitem", "Alias": "l1", "Startup Cost": 0.88, "Total Cost": 9.01, "Plan Rows": 3, "Plan Width": 16, "Recheck Cond": "(l_orderkey = orders.o_orderkey)", "Filter": "(l_receiptdate > l_commitdate)", "Plans": [{"Node Type": "Bitmap Index Scan", "Parent Relationship": "Outer", "Index Name": "idx_lineitem_orderkey", "Startup Cost": 0.0, "Total Cost": 0.88, "Plan Rows": 9, "Plan Width": 0, "Index Cond": "(l_orderkey = orders.o_orderkey)"}]}]}, {"Node Type": "Bitmap Heap Scan", "Parent Relationship": "Inner", "Relation Name": "lineitem", "Alias": "l3", "Startup Cost": 0.82, "Total Cost": 8.97, "Plan Rows": 3, "Plan Width": 16, "Recheck Cond": "(l_orderkey = l1.l_orderkey)", "Filter": "((l_receiptdate > l_commitdate) AND (l_suppkey <> l1.l_suppkey))", "Plans": [{"Node Type": "Bitmap Index Scan", "Parent Relationship": "Outer", "Index Name": "idx_lineitem_orderkey", "Startup Cost": 0.0, "Total Cost": 0.82, "Plan Rows": 9, "Plan Width": 0, "Index Cond": "(l_orderkey = l1.l_orderkey)"}]}]}, {"Node Type": "Bitmap Heap Scan", "Parent Relationship": "Inner", "Relation Name": "supplier", "Alias": "supplier", "Startup Cost": 0.55, "Total Cost": 4.56, "Plan Rows": 1, "Plan Width": 38, "Recheck Cond": "(s_suppkey = l1.l_suppkey)", "Plans": [{"Node Type": "Bitmap Index Scan", "Parent Relationship": "Outer", "Index Name": "supplier_pkey", "Startup Cost": 0.0, "Total Cost": 0.55, "Plan Rows": 1, "Plan Width": 0, "Index Cond": "(s_suppkey = l1.l_suppkey)"}]}]}, {"Node Type": "Bitmap Heap Scan", "Parent Relationship": "Inner", "Relation Name": "nation", "Alias": "nation", "Startup Cost": 0.26, "Total Cost": 4.27, "Plan Rows": 1, "Plan Width": 4, "Recheck Cond": "(n_nationkey = supplier.s_nationkey)", "Filter": "(n_name = 'EGYPT'::bpchar)", "Plans": [{"Node Type": "Bitmap Index Scan", "Parent Relationship": "Outer", "Index Name": "nation_pkey", "Startup Cost": 0.0, "Total Cost": 0.26, "Plan Rows": 1, "Plan Width": 0, "Index Cond": "(n_nationkey = supplier.s_nationkey)"}]}]}, {"Node Type": "Bitmap Heap Scan", "Parent Relationship": "Inner", "Relation Name": "lineitem", "Alias": "l2", "Startup Cost": 0.82, "Total Cost": 8.95, "Plan Rows": 9, "Plan Width": 16, "Recheck Cond": "(l_orderkey = l1.l_orderkey)", "Filter": "(l_suppkey <> l1.l_suppkey)", "Plans": [{"Node Type": "Bitmap Index Scan", "Parent Relationship": "Outer", "Index Name": "idx_lineitem_orderkey", "Startup Cost": 0.0, "Total Cost": 0.82, "Plan Rows": 9, "Plan Width": 0, "Index Cond": "(l_orderkey = l1.l_orderkey)"}]}]}]}]}]}, "Unique SQL Id": 3870093320}, "explain_analyze_plan": null}, "(1, 8)": {"explain_plan": {"Plan": {"Node Type": "Limit", "Startup Cost": 2301850.01, "Total Cost": 2301850.26, "Plan Rows": 100, "Plan Width": 26, "Plans": [{"Node Type": "Sort", "Parent Relationship": "Outer", "Startup Cost": 2301850.01, "Total Cost": 2301872.94, "Plan Rows": 100, "Plan Width": 26, "Sort Key": ["(count(*)) DESC", "supplier.s_name"], "Plans": [{"Node Type": "Aggregate", "Strategy": "Hashed", "Parent Relationship": "Outer", "Startup Cost": 2301407.74, "Total Cost": 2301499.46, "Plan Rows": 9172, "Plan Width": 26, "Group By Key": ["supplier.s_name"], "Plans": [{"Node Type": "Nested Loop", "Parent Relationship": "Outer", "Join Type": "Inner", "Startup Cost": 3624.95, "Total Cost": 2301361.88, "Plan Rows": 9172, "Plan Width": 26, "Inner Unique": true, "Join Filter": "(l1.l_orderkey = orders.o_orderkey)", "Plans": [{"Node Type": "Nested Loop", "Parent Relationship": "Outer", "Join Type": "Semi", "Startup Cost": 3624.95, "Total Cost": 2294261.51, "Plan Rows": 7254, "Plan Width": 42, "Inner Unique": false, "Plans": [{"Node Type": "Nested Loop", "Parent Relationship": "Outer", "Join Type": "Anti", "Startup Cost": 3624.95, "Total Cost": 2292405.94, "Plan Rows": 7635, "Plan Width": 42, "Inner Unique": false, "Plans": [{"Node Type": "Hash Join", "Parent Relationship": "Outer", "Join Type": "Inner", "Startup Cost": 3624.95, "Total Cost": 2245218.73, "Plan Rows": 152707, "Plan Width": 42, "Inner Unique": false, "Hash Cond": "(l1.l_suppkey = supplier.s_suppkey), (LLVM Optimized)", "Plans": [{"Node Type": "Seq Scan", "Parent Relationship": "Outer", "Relation Name": "lineitem", "Alias": "l1", "Startup Cost": 0.0, "Total Cost": 2165082.91, "Plan Rows": 19995678, "Plan Width": 16, "Filter": "(l_receiptdate > l_commitdate), (LLVM Optimized)"}, {"Node Type": "Hash", "Parent Relationship": "Inner", "Startup Cost": 3574.95, "Total Cost": 3574.95, "Plan Rows": 4000, "Plan Width": 34, "Plans": [{"Node Type": "Hash Join", "Parent Relationship": "Outer", "Join Type": "Inner", "Startup Cost": 1.32, "Total Cost": 3574.95, "Plan Rows": 4000, "Plan Width": 34, "Inner Unique": true, "Hash Cond": "(supplier.s_nationkey = nation.n_nationkey)", "Plans": [{"Node Type": "Seq Scan", "Parent Relationship": "Outer", "Relation Name": "supplier", "Alias": "supplier", "Startup Cost": 0.0, "Total Cost": 3283.0, "Plan Rows": 100000, "Plan Width": 38}, {"Node Type": "Hash", "Parent Relationship": "Inner", "Startup Cost": 1.31, "Total Cost": 1.31, "Plan Rows": 1, "Plan Width": 4, "Plans": [{"Node Type": "Seq Scan", "Parent Relationship": "Outer", "Relation Name": "nation", "Alias": "nation", "Startup Cost": 0.0, "Total Cost": 1.31, "Plan Rows": 1, "Plan Width": 4, "Filter": "(n_name = 'EGYPT'::bpchar)"}]}]}]}]}, {"Node Type": "Index Scan", "Parent Relationship": "Inner", "Scan Direction": "Forward", "Index Name": "idx_lineitem_orderkey", "Relation Name": "lineitem", "Alias": "l3", "Startup Cost": 0.0, "Total Cost": 1.63, "Plan Rows": 3, "Plan Width": 16, "Index Cond": "(l_orderkey = l1.l_orderkey)", "Filter": "((l_receiptdate > l_commitdate) AND (l_suppkey <> l1.l_suppkey))"}]}, {"Node Type": "Index Scan", "Parent Relationship": "Inner", "Scan Direction": "Forward", "Index Name": "idx_lineitem_orderkey", "Relation Name": "lineitem", "Alias": "l2", "Startup Cost": 0.0, "Total Cost": 1.63, "Plan Rows": 9, "Plan Width": 16, "Index Cond": "(l_orderkey = l1.l_orderkey)", "Filter": "(l_suppkey <> l1.l_suppkey)"}]}, {"Node Type": "Index Scan", "Parent Relationship": "Inner", "Scan Direction": "Forward", "Index Name": "orders_pkey", "Relation Name": "orders", "Alias": "orders", "Startup Cost": 0.0, "Total Cost": 0.97, "Plan Rows": 1, "Plan Width": 8, "Index Cond": "(o_orderkey = l2.l_orderkey)", "Filter": "(o_orderstatus = 'F'::bpchar)"}]}]}]}]}, "Unique SQL Id": 3870093320}, "explain_analyze_plan": {"Plan": {"Node Type": "Limit", "Startup Cost": 2301850.01, "Total Cost": 2301850.26, "Plan Rows": 100, "Plan Width": 26, "Actual Startup Time": 43900.873, "Actual Total Time": 43900.892, "Actual Rows": 100, "Actual Loops": 1, "Plans": [{"Node Type": "Sort", "Parent Relationship": "Outer", "Startup Cost": 2301850.01, "Total Cost": 2301872.94, "Plan Rows": 100, "Plan Width": 26, "Actual Startup Time": 43900.87, "Actual Total Time": 43900.872, "Actual Rows": 100, "Actual Loops": 1, "Sort Key": ["(count(*)) DESC", "supplier.s_name"], "Sort Method": "top-N heapsort", "Sort Space Used": 41, "Sort Space Type": "Memory", "Plans": [{"Node Type": "Aggregate", "Strategy": "Hashed", "Parent Relationship": "Outer", "Startup Cost": 2301407.74, "Total Cost": 2301499.46, "Plan Rows": 9172, "Plan Width": 26, "Actual Startup Time": 43897.401, "Actual Total Time": 43898.802, "Actual Rows": 3981, "Actual Loops": 1, "Group By Key": ["supplier.s_name"], "Plans": [{"Node Type": "Nested Loop", "Parent Relationship": "Outer", "Join Type": "Inner", "Startup Cost": 3624.95, "Total Cost": 2301361.88, "Plan Rows": 9172, "Plan Width": 26, "Actual Startup Time": 52.489, "Actual Total Time": 43825.566, "Actual Rows": 39445, "Actual Loops": 1, "Inner Unique": true, "Join Filter": "(l1.l_orderkey = orders.o_orderkey)", "Rows Removed by Join Filter": 0, "Plans": [{"Node Type": "Nested Loop", "Parent Relationship": "Outer", "Join Type": "Semi", "Startup Cost": 3624.95, "Total Cost": 2294261.51, "Plan Rows": 7254, "Plan Width": 42, "Actual Startup Time": 52.469, "Actual Total Time": 43210.352, "Actual Rows": 80537, "Actual Loops": 1, "Inner Unique": false, "Plans": [{"Node Type": "Nested Loop", "Parent Relationship": "Outer", "Join Type": "Anti", "Startup Cost": 3624.95, "Total Cost": 2292405.94, "Plan Rows": 7635, "Plan Width": 42, "Actual Startup Time": 52.181, "Actual Total Time": 42595.813, "Actual Rows": 135110, "Actual Loops": 1, "Inner Unique": false, "Plans": [{"Node Type": "Hash Join", "Parent Relationship": "Outer", "Join Type": "Inner", "Startup Cost": 3624.95, "Total Cost": 2245218.73, "Plan Rows": 152707, "Plan Width": 42, "Actual Startup Time": 51.538, "Actual Total Time": 33829.123, "Actual Rows": 1511024, "Actual Loops": 1, "Inner Unique": false, "Hash Cond": "(l1.l_suppkey = supplier.s_suppkey), (LLVM Optimized, Jit Execute)", "Plans": [{"Node Type": "Seq Scan", "Parent Relationship": "Outer", "Relation Name": "lineitem", "Alias": "l1", "Startup Cost": 0.0, "Total Cost": 2165082.91, "Plan Rows": 19995678, "Plan Width": 16, "Actual Startup Time": 0.024, "Actual Total Time": 25355.471, "Actual Rows": 37929348, "Actual Loops": 1, "Filter": "(l_receiptdate > l_commitdate), (LLVM Optimized, Jit Execute)", "Rows Removed by Filter": 22056704}, {"Node Type": "Hash", "Parent Relationship": "Inner", "Startup Cost": 3574.95, "Total Cost": 3574.95, "Plan Rows": 4000, "Plan Width": 34, "Actual Startup Time": 51.383, "Actual Total Time": 51.383, "Actual Rows": 3981, "Actual Loops": 1, "Hash Buckets": 32768, "Hash Batches": 1, "Original Hash Batches": 1, "Peak Memory Usage": 280, "Plans": [{"Node Type": "Hash Join", "Parent Relationship": "Outer", "Join Type": "Inner", "Startup Cost": 1.32, "Total Cost": 3574.95, "Plan Rows": 4000, "Plan Width": 34, "Actual Startup Time": 0.083, "Actual Total Time": 49.997, "Actual Rows": 3981, "Actual Loops": 1, "Inner Unique": true, "Hash Cond": "(supplier.s_nationkey = nation.n_nationkey)", "Plans": [{"Node Type": "Seq Scan", "Parent Relationship": "Outer", "Relation Name": "supplier", "Alias": "supplier", "Startup Cost": 0.0, "Total Cost": 3283.0, "Plan Rows": 100000, "Plan Width": 38, "Actual Startup Time": 0.01, "Actual Total Time": 28.721, "Actual Rows": 100000, "Actual Loops": 1}, {"Node Type": "Hash", "Parent Relationship": "Inner", "Startup Cost": 1.31, "Total Cost": 1.31, "Plan Rows": 1, "Plan Width": 4, "Actual Startup Time": 0.03, "Actual Total Time": 0.03, "Actual Rows": 1, "Actual Loops": 1, "Hash Buckets": 32768, "Hash Batches": 1, "Original Hash Batches": 1, "Peak Memory Usage": 1, "Plans": [{"Node Type": "Seq Scan", "Parent Relationship": "Outer", "Relation Name": "nation", "Alias": "nation", "Startup Cost": 0.0, "Total Cost": 1.31, "Plan Rows": 1, "Plan Width": 4, "Actual Startup Time": 0.017, "Actual Total Time": 0.023, "Actual Rows": 1, "Actual Loops": 1, "Filter": "(n_name = 'EGYPT'::bpchar)", "Rows Removed by Filter": 24}]}]}]}]}, {"Node Type": "Index Scan", "Parent Relationship": "Inner", "Scan Direction": "Forward", "Index Name": "idx_lineitem_orderkey", "Relation Name": "lineitem", "Alias": "l3", "Startup Cost": 0.0, "Total Cost": 1.63, "Plan Rows": 3, "Plan Width": 16, "Actual Startup Time": 7791.572, "Actual Total Time": 7791.572, "Actual Rows": 1375914, "Actual Loops": 1511024, "Index Cond": "(l_orderkey = l1.l_orderkey)", "Rows Removed by Index Recheck": 0, "Filter": "((l_receiptdate > l_commitdate) AND (l_suppkey <> l1.l_suppkey))", "Rows Removed by Filter": 1348115}]}, {"Node Type": "Index Scan", "Parent Relationship": "Inner", "Scan Direction": "Forward", "Index Name": "idx_lineitem_orderkey", "Relation Name": "lineitem", "Alias": "l2", "Startup Cost": 0.0, "Total Cost": 1.63, "Plan Rows": 9, "Plan Width": 16, "Actual Startup Time": 502.258, "Actual Total Time": 502.258, "Actual Rows": 80537, "Actual Loops": 135110, "Index Cond": "(l_orderkey = l1.l_orderkey)", "Rows Removed by Index Recheck": 0, "Filter": "(l_suppkey <> l1.l_suppkey)", "Rows Removed by Filter": 85912}]}, {"Node Type": "Index Scan", "Parent Relationship": "Inner", "Scan Direction": "Forward", "Index Name": "orders_pkey", "Relation Name": "orders", "Alias": "orders", "Startup Cost": 0.0, "Total Cost": 0.97, "Plan Rows": 1, "Plan Width": 8, "Actual Startup Time": 535.065, "Actual Total Time": 535.065, "Actual Rows": 39445, "Actual Loops": 80537, "Index Cond": "(o_orderkey = l2.l_orderkey)", "Rows Removed by Index Recheck": 0, "Filter": "(o_orderstatus = 'F'::bpchar)", "Rows Removed by Filter": 41092}]}]}]}]}, "Triggers": [], "Planner Runtime": 7.356, "Total Runtime": 43909.894, "Unique SQL Id": 3870093320}}, "(1, 9)": {"explain_plan": {"Plan": {"Node Type": "Limit", "Startup Cost": 3528952.51, "Total Cost": 3528952.76, "Plan Rows": 100, "Plan Width": 26, "Plans": [{"Node Type": "Sort", "Parent Relationship": "Outer", "Startup Cost": 3528952.51, "Total Cost": 3528975.44, "Plan Rows": 100, "Plan Width": 26, "Sort Key": ["(count(*)) DESC", "supplier.s_name"], "Plans": [{"Node Type": "Aggregate", "Strategy": "Hashed", "Parent Relationship": "Outer", "Startup Cost": 3528510.24, "Total Cost": 3528601.96, "Plan Rows": 9172, "Plan Width": 26, "Group By Key": ["supplier.s_name"], "Plans": [{"Node Type": "Nested Loop", "Parent Relationship": "Outer", "Join Type": "Inner", "Startup Cost": 5689.04, "Total Cost": 3528464.38, "Plan Rows": 9172, "Plan Width": 26, "Inner Unique": true, "Join Filter": "(l1.l_orderkey = orders.o_orderkey)", "Plans": [{"Node Type": "Nested Loop", "Parent Relationship": "Outer", "Join Type": "Semi", "Startup Cost": 5689.04, "Total Cost": 3521364.01, "Plan Rows": 7254, "Plan Width": 42, "Inner Unique": false, "Plans": [{"Node Type": "Nested Loop", "Parent Relationship": "Outer", "Join Type": "Anti", "Startup Cost": 5689.04, "Total Cost": 3519508.45, "Plan Rows": 7635, "Plan Width": 42, "Inner Unique": false, "Plans": [{"Node Type": "Hash Join", "Parent Relationship": "Outer", "Join Type": "Inner", "Startup Cost": 5689.04, "Total Cost": 3472321.23, "Plan Rows": 152707, "Plan Width": 42, "Inner Unique": false, "Hash Cond": "(l1.l_suppkey = supplier.s_suppkey), (LLVM Optimized)", "Plans": [{"Node Type": "Index Scan", "Parent Relationship": "Outer", "Scan Direction": "Forward", "Index Name": "idx_lineitem_orderkey", "Relation Name": "lineitem", "Alias": "l1", "Startup Cost": 0.0, "Total Cost": 3390121.33, "Plan Rows": 19995678, "Plan Width": 16, "Filter": "(l_receiptdate > l_commitdate), (LLVM Optimized)"}, {"Node Type": "Hash", "Parent Relationship": "Inner", "Startup Cost": 5639.04, "Total Cost": 5639.04, "Plan Rows": 4000, "Plan Width": 34, "Plans": [{"Node Type": "Hash Join", "Parent Relationship": "Outer", "Join Type": "Inner", "Startup Cost": 12.7, "Total Cost": 5639.04, "Plan Rows": 4000, "Plan Width": 34, "Inner Unique": true, "Hash Cond": "(supplier.s_nationkey = nation.n_nationkey)", "Plans": [{"Node Type": "Index Scan", "Parent Relationship": "Outer", "Scan Direction": "Forward", "Index Name": "supplier_pkey", "Relation Name": "supplier", "Alias": "supplier", "Startup Cost": 0.0, "Total Cost": 5335.71, "Plan Rows": 100000, "Plan Width": 38}, {"Node Type": "Hash", "Parent Relationship": "Inner", "Startup Cost": 12.69, "Total Cost": 12.69, "Plan Rows": 1, "Plan Width": 4, "Plans": [{"Node Type": "Index Scan", "Parent Relationship": "Outer", "Scan Direction": "Forward", "Index Name": "nation_pkey", "Relation Name": "nation", "Alias": "nation", "Startup Cost": 0.0, "Total Cost": 12.69, "Plan Rows": 1, "Plan Width": 4, "Filter": "(n_name = 'EGYPT'::bpchar)"}]}]}]}]}, {"Node Type": "Index Scan", "Parent Relationship": "Inner", "Scan Direction": "Forward", "Index Name": "idx_lineitem_orderkey", "Relation Name": "lineitem", "Alias": "l3", "Startup Cost": 0.0, "Total Cost": 1.63, "Plan Rows": 3, "Plan Width": 16, "Index Cond": "(l_orderkey = l1.l_orderkey)", "Filter": "((l_receiptdate > l_commitdate) AND (l_suppkey <> l1.l_suppkey))"}]}, {"Node Type": "Index Scan", "Parent Relationship": "Inner", "Scan Direction": "Forward", "Index Name": "idx_lineitem_orderkey", "Relation Name": "lineitem", "Alias": "l2", "Startup Cost": 0.0, "Total Cost": 1.63, "Plan Rows": 9, "Plan Width": 16, "Index Cond": "(l_orderkey = l1.l_orderkey)", "Filter": "(l_suppkey <> l1.l_suppkey)"}]}, {"Node Type": "Index Scan", "Parent Relationship": "Inner", "Scan Direction": "Forward", "Index Name": "orders_pkey", "Relation Name": "orders", "Alias": "orders", "Startup Cost": 0.0, "Total Cost": 0.97, "Plan Rows": 1, "Plan Width": 8, "Index Cond": "(o_orderkey = l2.l_orderkey)", "Filter": "(o_orderstatus = 'F'::bpchar)"}]}]}]}]}, "Unique SQL Id": 3870093320}, "explain_analyze_plan": {"Plan": {"Node Type": "Limit", "Startup Cost": 3528952.51, "Total Cost": 3528952.76, "Plan Rows": 100, "Plan Width": 26, "Actual Startup Time": 64531.618, "Actual Total Time": 64531.632, "Actual Rows": 100, "Actual Loops": 1, "Plans": [{"Node Type": "Sort", "Parent Relationship": "Outer", "Startup Cost": 3528952.51, "Total Cost": 3528975.44, "Plan Rows": 100, "Plan Width": 26, "Actual Startup Time": 64531.614, "Actual Total Time": 64531.616, "Actual Rows": 100, "Actual Loops": 1, "Sort Key": ["(count(*)) DESC", "supplier.s_name"], "Sort Method": "top-N heapsort", "Sort Space Used": 41, "Sort Space Type": "Memory", "Plans": [{"Node Type": "Aggregate", "Strategy": "Hashed", "Parent Relationship": "Outer", "Startup Cost": 3528510.24, "Total Cost": 3528601.96, "Plan Rows": 9172, "Plan Width": 26, "Actual Startup Time": 64528.29, "Actual Total Time": 64529.482, "Actual Rows": 3981, "Actual Loops": 1, "Group By Key": ["supplier.s_name"], "Plans": [{"Node Type": "Nested Loop", "Parent Relationship": "Outer", "Join Type": "Inner", "Startup Cost": 5689.04, "Total Cost": 3528464.38, "Plan Rows": 9172, "Plan Width": 26, "Actual Startup Time": 76.543, "Actual Total Time": 64453.944, "Actual Rows": 39445, "Actual Loops": 1, "Inner Unique": true, "Join Filter": "(l1.l_orderkey = orders.o_orderkey)", "Rows Removed by Join Filter": 0, "Plans": [{"Node Type": "Nested Loop", "Parent Relationship": "Outer", "Join Type": "Semi", "Startup Cost": 5689.04, "Total Cost": 3521364.01, "Plan Rows": 7254, "Plan Width": 42, "Actual Startup Time": 76.52, "Actual Total Time": 63836.711, "Actual Rows": 80537, "Actual Loops": 1, "Inner Unique": false, "Plans": [{"Node Type": "Nested Loop", "Parent Relationship": "Outer", "Join Type": "Anti", "Startup Cost": 5689.04, "Total Cost": 3519508.45, "Plan Rows": 7635, "Plan Width": 42, "Actual Startup Time": 76.144, "Actual Total Time": 63222.256, "Actual Rows": 135110, "Actual Loops": 1, "Inner Unique": false, "Plans": [{"Node Type": "Hash Join", "Parent Relationship": "Outer", "Join Type": "Inner", "Startup Cost": 5689.04, "Total Cost": 3472321.23, "Plan Rows": 152707, "Plan Width": 42, "Actual Startup Time": 75.328, "Actual Total Time": 55228.058, "Actual Rows": 1511024, "Actual Loops": 1, "Inner Unique": false, "Hash Cond": "(l1.l_suppkey = supplier.s_suppkey), (LLVM Optimized, Jit Execute)", "Plans": [{"Node Type": "Index Scan", "Parent Relationship": "Outer", "Scan Direction": "Forward", "Index Name": "idx_lineitem_orderkey", "Relation Name": "lineitem", "Alias": "l1", "Startup Cost": 0.0, "Total Cost": 3390121.33, "Plan Rows": 19995678, "Plan Width": 16, "Actual Startup Time": 0.049, "Actual Total Time": 47134.749, "Actual Rows": 37929348, "Actual Loops": 1, "Filter": "(l_receiptdate > l_commitdate), (LLVM Optimized, Jit Execute)", "Rows Removed by Filter": 22056704}, {"Node Type": "Hash", "Parent Relationship": "Inner", "Startup Cost": 5639.04, "Total Cost": 5639.04, "Plan Rows": 4000, "Plan Width": 34, "Actual Startup Time": 75.114, "Actual Total Time": 75.114, "Actual Rows": 3981, "Actual Loops": 1, "Hash Buckets": 32768, "Hash Batches": 1, "Original Hash Batches": 1, "Peak Memory Usage": 280, "Plans": [{"Node Type": "Hash Join", "Parent Relationship": "Outer", "Join Type": "Inner", "Startup Cost": 12.7, "Total Cost": 5639.04, "Plan Rows": 4000, "Plan Width": 34, "Actual Startup Time": 0.126, "Actual Total Time": 73.635, "Actual Rows": 3981, "Actual Loops": 1, "Inner Unique": true, "Hash Cond": "(supplier.s_nationkey = nation.n_nationkey)", "Plans": [{"Node Type": "Index Scan", "Parent Relationship": "Outer", "Scan Direction": "Forward", "Index Name": "supplier_pkey", "Relation Name": "supplier", "Alias": "supplier", "Startup Cost": 0.0, "Total Cost": 5335.71, "Plan Rows": 100000, "Plan Width": 38, "Actual Startup Time": 0.023, "Actual Total Time": 53.648, "Actual Rows": 100000, "Actual Loops": 1}, {"Node Type": "Hash", "Parent Relationship": "Inner", "Startup Cost": 12.69, "Total Cost": 12.69, "Plan Rows": 1, "Plan Width": 4, "Actual Startup Time": 0.031, "Actual Total Time": 0.031, "Actual Rows": 1, "Actual Loops": 1, "Hash Buckets": 32768, "Hash Batches": 1, "Original Hash Batches": 1, "Peak Memory Usage": 1, "Plans": [{"Node Type": "Index Scan", "Parent Relationship": "Outer", "Scan Direction": "Forward", "Index Name": "nation_pkey", "Relation Name": "nation", "Alias": "nation", "Startup Cost": 0.0, "Total Cost": 12.69, "Plan Rows": 1, "Plan Width": 4, "Actual Startup Time": 0.012, "Actual Total Time": 0.023, "Actual Rows": 1, "Actual Loops": 1, "Filter": "(n_name = 'EGYPT'::bpchar)", "Rows Removed by Filter": 24}]}]}]}]}, {"Node Type": "Index Scan", "Parent Relationship": "Inner", "Scan Direction": "Forward", "Index Name": "idx_lineitem_orderkey", "Relation Name": "lineitem", "Alias": "l3", "Startup Cost": 0.0, "Total Cost": 1.63, "Plan Rows": 3, "Plan Width": 16, "Actual Startup Time": 7005.317, "Actual Total Time": 7005.317, "Actual Rows": 1375914, "Actual Loops": 1511024, "Index Cond": "(l_orderkey = l1.l_orderkey)", "Rows Removed by Index Recheck": 0, "Filter": "((l_receiptdate > l_commitdate) AND (l_suppkey <> l1.l_suppkey))", "Rows Removed by Filter": 1348115}]}, {"Node Type": "Index Scan", "Parent Relationship": "Inner", "Scan Direction": "Forward", "Index Name": "idx_lineitem_orderkey", "Relation Name": "lineitem", "Alias": "l2", "Startup Cost": 0.0, "Total Cost": 1.63, "Plan Rows": 9, "Plan Width": 16, "Actual Startup Time": 496.583, "Actual Total Time": 496.583, "Actual Rows": 80537, "Actual Loops": 135110, "Index Cond": "(l_orderkey = l1.l_orderkey)", "Rows Removed by Index Recheck": 0, "Filter": "(l_suppkey <> l1.l_suppkey)", "Rows Removed by Filter": 85912}]}, {"Node Type": "Index Scan", "Parent Relationship": "Inner", "Scan Direction": "Forward", "Index Name": "orders_pkey", "Relation Name": "orders", "Alias": "orders", "Startup Cost": 0.0, "Total Cost": 0.97, "Plan Rows": 1, "Plan Width": 8, "Actual Startup Time": 531.947, "Actual Total Time": 531.947, "Actual Rows": 39445, "Actual Loops": 80537, "Index Cond": "(o_orderkey = l2.l_orderkey)", "Rows Removed by Index Recheck": 0, "Filter": "(o_orderstatus = 'F'::bpchar)", "Rows Removed by Filter": 41092}]}]}]}]}, "Triggers": [], "Planner Runtime": 7.351, "Total Runtime": 64541.113, "Unique SQL Id": 3870093320}}, "(1, 10)": {"explain_plan": {"Plan": {"Node Type": "Limit", "Startup Cost": 7494113.85, "Total Cost": 7494114.1, "Plan Rows": 100, "Plan Width": 26, "Plans": [{"Node Type": "Sort", "Parent Relationship": "Outer", "Startup Cost": 7494113.85, "Total Cost": 7494136.78, "Plan Rows": 100, "Plan Width": 26, "Sort Key": ["(count(*)) DESC", "supplier.s_name"], "Plans": [{"Node Type": "Aggregate", "Strategy": "Hashed", "Parent Relationship": "Outer", "Startup Cost": 7493671.58, "Total Cost": 7493763.3, "Plan Rows": 9172, "Plan Width": 26, "Group By Key": ["supplier.s_name"], "Plans": [{"Node Type": "Hash Join", "Parent Relationship": "Outer", "Join Type": "Right Semi", "Startup Cost": 5238970.65, "Total Cost": 7493625.72, "Plan Rows": 9172, "Plan Width": 26, "Inner Unique": false, "Hash Cond": "(l2.l_orderkey = orders.o_orderkey)", "Join Filter": "(l2.l_suppkey <> l1.l_suppkey)", "Plans": [{"Node Type": "Seq Scan", "Parent Relationship": "Outer", "Relation Name": "lineitem", "Alias": "l2", "Startup Cost": 0.0, "Total Cost": 2015115.33, "Plan Rows": 59987033, "Plan Width": 16}, {"Node Type": "Hash", "Parent Relationship": "Inner", "Startup Cost": 5238849.96, "Total Cost": 5238849.96, "Plan Rows": 9655, "Plan Width": 50, "Plans": [{"Node Type": "Hash Join", "Parent Relationship": "Outer", "Join Type": "Inner", "Startup Cost": 4747320.39, "Total Cost": 5238849.96, "Plan Rows": 9655, "Plan Width": 50, "Inner Unique": false, "Hash Cond": "(orders.o_orderkey = l1.l_orderkey)", "Plans": [{"Node Type": "Seq Scan", "Parent Relationship": "Outer", "Relation Name": "orders", "Alias": "orders", "Startup Cost": 0.0, "Total Cost": 463912.49, "Plan Rows": 7338812, "Plan Width": 8, "Filter": "(o_orderstatus = 'F'::bpchar), (LLVM Optimized)"}, {"Node Type": "Hash", "Parent Relationship": "Inner", "Startup Cost": 4747224.95, "Total Cost": 4747224.95, "Plan Rows": 7635, "Plan Width": 42, "Plans": [{"Node Type": "Hash Join", "Parent Relationship": "Outer", "Join Type": "Anti", "Startup Cost": 2418653.84, "Total Cost": 4747224.95, "Plan Rows": 7635, "Plan Width": 42, "Inner Unique": false, "Hash Cond": "(l1.l_orderkey = l3.l_orderkey)", "Join Filter": "(l3.l_suppkey <> l1.l_suppkey)", "Plans": [{"Node Type": "Hash Join", "Parent Relationship": "Outer", "Join Type": "Inner", "Startup Cost": 3624.95, "Total Cost": 2245218.73, "Plan Rows": 152707, "Plan Width": 42, "Inner Unique": false, "Hash Cond": "(l1.l_suppkey = supplier.s_suppkey), (LLVM Optimized)", "Plans": [{"Node Type": "Seq Scan", "Parent Relationship": "Outer", "Relation Name": "lineitem", "Alias": "l1", "Startup Cost": 0.0, "Total Cost": 2165082.91, "Plan Rows": 19995678, "Plan Width": 16, "Filter": "(l_receiptdate > l_commitdate), (LLVM Optimized)"}, {"Node Type": "Hash", "Parent Relationship": "Inner", "Startup Cost": 3574.95, "Total Cost": 3574.95, "Plan Rows": 4000, "Plan Width": 34, "Plans": [{"Node Type": "Hash Join", "Parent Relationship": "Outer", "Join Type": "Inner", "Startup Cost": 1.32, "Total Cost": 3574.95, "Plan Rows": 4000, "Plan Width": 34, "Inner Unique": true, "Hash Cond": "(supplier.s_nationkey = nation.n_nationkey)", "Plans": [{"Node Type": "Seq Scan", "Parent Relationship": "Outer", "Relation Name": "supplier", "Alias": "supplier", "Startup Cost": 0.0, "Total Cost": 3283.0, "Plan Rows": 100000, "Plan Width": 38}, {"Node Type": "Hash", "Parent Relationship": "Inner", "Startup Cost": 1.31, "Total Cost": 1.31, "Plan Rows": 1, "Plan Width": 4, "Plans": [{"Node Type": "Seq Scan", "Parent Relationship": "Outer", "Relation Name": "nation", "Alias": "nation", "Startup Cost": 0.0, "Total Cost": 1.31, "Plan Rows": 1, "Plan Width": 4, "Filter": "(n_name = 'EGYPT'::bpchar)"}]}]}]}]}, {"Node Type": "Hash", "Parent Relationship": "Inner", "Startup Cost": 2165082.91, "Total Cost": 2165082.91, "Plan Rows": 19995678, "Plan Width": 16, "Plans": [{"Node Type": "Seq Scan", "Parent Relationship": "Outer", "Relation Name": "lineitem", "Alias": "l3", "Startup Cost": 0.0, "Total Cost": 2165082.91, "Plan Rows": 19995678, "Plan Width": 16, "Filter": "(l_receiptdate > l_commitdate), (LLVM Optimized)"}]}]}]}]}]}]}]}]}]}, "Unique SQL Id": 3870093320}, "explain_analyze_plan": null}, "(1, 11)": {"explain_plan": {"Plan": {"Node Type": "Limit", "Startup Cost": 6001109326245.03, "Total Cost": 6001109326245.28, "Plan Rows": 100, "Plan Width": 26, "Plans": [{"Node Type": "Sort", "Parent Relationship": "Outer", "Startup Cost": 6001109326245.03, "Total Cost": 6001109326267.96, "Plan Rows": 100, "Plan Width": 26, "Sort Key": ["(count(*)) DESC", "supplier.s_name"], "Plans": [{"Node Type": "Aggregate", "Strategy": "Hashed", "Parent Relationship": "Outer", "Startup Cost": 6001109325802.77, "Total Cost": 6001109325894.49, "Plan Rows": 9172, "Plan Width": 26, "Group By Key": ["supplier.s_name"], "Plans": [{"Node Type": "Nested Loop", "Parent Relationship": "Outer", "Join Type": "Inner", "Startup Cost": 60036425616.82, "Total Cost": 6001109325756.91, "Plan Rows": 9172, "Plan Width": 26, "Inner Unique": false, "Join Filter": "(supplier.s_suppkey = l1.l_suppkey)", "Plans": [{"Node Type": "Merge Join", "Parent Relationship": "Outer", "Join Type": "Inner", "Startup Cost": 40036425616.82, "Total Cost": 4001036728206.72, "Plan Rows": 1201020, "Plan Width": 8, "Inner Unique": true, "Merge Cond": "(l1.l_orderkey = orders.o_orderkey)", "Plans": [{"Node Type": "Merge Join", "Parent Relationship": "Outer", "Join Type": "Semi", "Startup Cost": 30000000000.0, "Total Cost": 3001006768519.97, "Plan Rows": 949795, "Plan Width": 24, "Inner Unique": false, "Merge Cond": "(l1.l_orderkey = l2.l_orderkey), (LLVM Optimized)", "Join Filter": "(l2.l_suppkey <> l1.l_suppkey), (LLVM Optimized)", "Plans": [{"Node Type": "Merge Join", "Parent Relationship": "Outer", "Join Type": "Anti", "Startup Cost": 20000000000.0, "Total Cost": 2000682365976.25, "Plan Rows": 999784, "Plan Width": 16, "Inner Unique": false, "Merge Cond": "(l1.l_orderkey = l3.l_orderkey), (LLVM Optimized)", "Join Filter": "(l3.l_suppkey <> l1.l_suppkey), (LLVM Optimized)", "Plans": [{"Node Type": "Index Scan", "Parent Relationship": "Outer", "Scan Direction": "Forward", "Index Name": "idx_lineitem_orderkey", "Relation Name": "lineitem", "Alias": "l1", "Startup Cost": 10000000000.0, "Total Cost": 1000339012132.75, "Plan Rows": 19995678, "Plan Width": 16, "Filter": "(l_receiptdate > l_commitdate), (LLVM Optimized)"}, {"Node Type": "Materialize", "Parent Relationship": "Inner", "Startup Cost": 10000000000.0, "Total Cost": 1000339062121.94, "Plan Rows": 19995678, "Plan Width": 16, "Plans": [{"Node Type": "Index Scan", "Parent Relationship": "Outer", "Scan Direction": "Forward", "Index Name": "idx_lineitem_orderkey", "Relation Name": "lineitem", "Alias": "l3", "Startup Cost": 10000000000.0, "Total Cost": 1000339012132.75, "Plan Rows": 19995678, "Plan Width": 16, "Filter": "(l_receiptdate > l_commitdate), (LLVM Optimized)"}]}]}, {"Node Type": "Index Scan", "Parent Relationship": "Inner", "Scan Direction": "Forward", "Index Name": "idx_lineitem_orderkey", "Relation Name": "lineitem", "Alias": "l2", "Startup Cost": 10000000000.0, "Total Cost": 1000324015374.5, "Plan Rows": 59987033, "Plan Width": 16}]}, {"Node Type": "Index Scan", "Parent Relationship": "Inner", "Scan Direction": "Forward", "Index Name": "orders_pkey", "Relation Name": "orders", "Alias": "orders", "Startup Cost": 10000000000.0, "Total Cost": 1000076847713.25, "Plan Rows": 7338812, "Plan Width": 8, "Filter": "(o_orderstatus = 'F'::bpchar), (LLVM Optimized)"}]}, {"Node Type": "Materialize", "Parent Relationship": "Inner", "Startup Cost": 20000000000.0, "Total Cost": 2000000536360.19, "Plan Rows": 4000, "Plan Width": 34, "Plans": [{"Node Type": "Nested Loop", "Parent Relationship": "Outer", "Join Type": "Inner", "Startup Cost": 20000000000.0, "Total Cost": 2000000536340.19, "Plan Rows": 4000, "Plan Width": 34, "Inner Unique": true, "Join Filter": "(supplier.s_nationkey = nation.n_nationkey)", "Plans": [{"Node Type": "Index Scan", "Parent Relationship": "Outer", "Scan Direction": "Forward", "Index Name": "supplier_pkey", "Relation Name": "supplier", "Alias": "supplier", "Startup Cost": 10000000000.0, "Total Cost": 1000000533571.43, "Plan Rows": 100000, "Plan Width": 38}, {"Node Type": "Materialize", "Parent Relationship": "Inner", "Startup Cost": 10000000000.0, "Total Cost": 1000000001268.76, "Plan Rows": 1, "Plan Width": 4, "Plans": [{"Node Type": "Index Scan", "Parent Relationship": "Outer", "Scan Direction": "Forward", "Index Name": "nation_pkey", "Relation Name": "nation", "Alias": "nation", "Startup Cost": 10000000000.0, "Total Cost": 1000000001268.75, "Plan Rows": 1, "Plan Width": 4, "Filter": "(n_name = 'EGYPT'::bpchar)"}]}]}]}]}]}]}]}, "Unique SQL Id": 3870093320}, "explain_analyze_plan": null}, "(1, 12)": {"explain_plan": {"Plan": {"Node Type": "Limit", "Startup Cost": 2301850.01, "Total Cost": 2301850.26, "Plan Rows": 100, "Plan Width": 26, "Plans": [{"Node Type": "Sort", "Parent Relationship": "Outer", "Startup Cost": 2301850.01, "Total Cost": 2301872.94, "Plan Rows": 100, "Plan Width": 26, "Sort Key": ["(count(*)) DESC", "supplier.s_name"], "Plans": [{"Node Type": "Aggregate", "Strategy": "Hashed", "Parent Relationship": "Outer", "Startup Cost": 2301407.74, "Total Cost": 2301499.46, "Plan Rows": 9172, "Plan Width": 26, "Group By Key": ["supplier.s_name"], "Plans": [{"Node Type": "Nested Loop", "Parent Relationship": "Outer", "Join Type": "Inner", "Startup Cost": 3624.95, "Total Cost": 2301361.88, "Plan Rows": 9172, "Plan Width": 26, "Inner Unique": true, "Join Filter": "(l1.l_orderkey = orders.o_orderkey)", "Plans": [{"Node Type": "Nested Loop", "Parent Relationship": "Outer", "Join Type": "Semi", "Startup Cost": 3624.95, "Total Cost": 2294261.51, "Plan Rows": 7254, "Plan Width": 42, "Inner Unique": false, "Plans": [{"Node Type": "Nested Loop", "Parent Relationship": "Outer", "Join Type": "Anti", "Startup Cost": 3624.95, "Total Cost": 2292405.94, "Plan Rows": 7635, "Plan Width": 42, "Inner Unique": false, "Plans": [{"Node Type": "Hash Join", "Parent Relationship": "Outer", "Join Type": "Inner", "Startup Cost": 3624.95, "Total Cost": 2245218.73, "Plan Rows": 152707, "Plan Width": 42, "Inner Unique": false, "Hash Cond": "(l1.l_suppkey = supplier.s_suppkey), (LLVM Optimized)", "Plans": [{"Node Type": "Seq Scan", "Parent Relationship": "Outer", "Relation Name": "lineitem", "Alias": "l1", "Startup Cost": 0.0, "Total Cost": 2165082.91, "Plan Rows": 19995678, "Plan Width": 16, "Filter": "(l_receiptdate > l_commitdate), (LLVM Optimized)"}, {"Node Type": "Hash", "Parent Relationship": "Inner", "Startup Cost": 3574.95, "Total Cost": 3574.95, "Plan Rows": 4000, "Plan Width": 34, "Plans": [{"Node Type": "Hash Join", "Parent Relationship": "Outer", "Join Type": "Inner", "Startup Cost": 1.32, "Total Cost": 3574.95, "Plan Rows": 4000, "Plan Width": 34, "Inner Unique": true, "Hash Cond": "(supplier.s_nationkey = nation.n_nationkey)", "Plans": [{"Node Type": "Seq Scan", "Parent Relationship": "Outer", "Relation Name": "supplier", "Alias": "supplier", "Startup Cost": 0.0, "Total Cost": 3283.0, "Plan Rows": 100000, "Plan Width": 38}, {"Node Type": "Hash", "Parent Relationship": "Inner", "Startup Cost": 1.31, "Total Cost": 1.31, "Plan Rows": 1, "Plan Width": 4, "Plans": [{"Node Type": "Seq Scan", "Parent Relationship": "Outer", "Relation Name": "nation", "Alias": "nation", "Startup Cost": 0.0, "Total Cost": 1.31, "Plan Rows": 1, "Plan Width": 4, "Filter": "(n_name = 'EGYPT'::bpchar)"}]}]}]}]}, {"Node Type": "Index Scan", "Parent Relationship": "Inner", "Scan Direction": "Forward", "Index Name": "idx_lineitem_orderkey", "Relation Name": "lineitem", "Alias": "l3", "Startup Cost": 0.0, "Total Cost": 1.63, "Plan Rows": 3, "Plan Width": 16, "Index Cond": "(l_orderkey = l1.l_orderkey)", "Filter": "((l_receiptdate > l_commitdate) AND (l_suppkey <> l1.l_suppkey))"}]}, {"Node Type": "Index Scan", "Parent Relationship": "Inner", "Scan Direction": "Forward", "Index Name": "idx_lineitem_orderkey", "Relation Name": "lineitem", "Alias": "l2", "Startup Cost": 0.0, "Total Cost": 1.63, "Plan Rows": 9, "Plan Width": 16, "Index Cond": "(l_orderkey = l1.l_orderkey)", "Filter": "(l_suppkey <> l1.l_suppkey)"}]}, {"Node Type": "Index Scan", "Parent Relationship": "Inner", "Scan Direction": "Forward", "Index Name": "orders_pkey", "Relation Name": "orders", "Alias": "orders", "Startup Cost": 0.0, "Total Cost": 0.97, "Plan Rows": 1, "Plan Width": 8, "Index Cond": "(o_orderkey = l2.l_orderkey)", "Filter": "(o_orderstatus = 'F'::bpchar)"}]}]}]}]}, "Unique SQL Id": 3870093320}, "explain_analyze_plan": {"Plan": {"Node Type": "Limit", "Startup Cost": 2301850.01, "Total Cost": 2301850.26, "Plan Rows": 100, "Plan Width": 26, "Actual Startup Time": 43900.873, "Actual Total Time": 43900.892, "Actual Rows": 100, "Actual Loops": 1, "Plans": [{"Node Type": "Sort", "Parent Relationship": "Outer", "Startup Cost": 2301850.01, "Total Cost": 2301872.94, "Plan Rows": 100, "Plan Width": 26, "Actual Startup Time": 43900.87, "Actual Total Time": 43900.872, "Actual Rows": 100, "Actual Loops": 1, "Sort Key": ["(count(*)) DESC", "supplier.s_name"], "Sort Method": "top-N heapsort", "Sort Space Used": 41, "Sort Space Type": "Memory", "Plans": [{"Node Type": "Aggregate", "Strategy": "Hashed", "Parent Relationship": "Outer", "Startup Cost": 2301407.74, "Total Cost": 2301499.46, "Plan Rows": 9172, "Plan Width": 26, "Actual Startup Time": 43897.401, "Actual Total Time": 43898.802, "Actual Rows": 3981, "Actual Loops": 1, "Group By Key": ["supplier.s_name"], "Plans": [{"Node Type": "Nested Loop", "Parent Relationship": "Outer", "Join Type": "Inner", "Startup Cost": 3624.95, "Total Cost": 2301361.88, "Plan Rows": 9172, "Plan Width": 26, "Actual Startup Time": 52.489, "Actual Total Time": 43825.566, "Actual Rows": 39445, "Actual Loops": 1, "Inner Unique": true, "Join Filter": "(l1.l_orderkey = orders.o_orderkey)", "Rows Removed by Join Filter": 0, "Plans": [{"Node Type": "Nested Loop", "Parent Relationship": "Outer", "Join Type": "Semi", "Startup Cost": 3624.95, "Total Cost": 2294261.51, "Plan Rows": 7254, "Plan Width": 42, "Actual Startup Time": 52.469, "Actual Total Time": 43210.352, "Actual Rows": 80537, "Actual Loops": 1, "Inner Unique": false, "Plans": [{"Node Type": "Nested Loop", "Parent Relationship": "Outer", "Join Type": "Anti", "Startup Cost": 3624.95, "Total Cost": 2292405.94, "Plan Rows": 7635, "Plan Width": 42, "Actual Startup Time": 52.181, "Actual Total Time": 42595.813, "Actual Rows": 135110, "Actual Loops": 1, "Inner Unique": false, "Plans": [{"Node Type": "Hash Join", "Parent Relationship": "Outer", "Join Type": "Inner", "Startup Cost": 3624.95, "Total Cost": 2245218.73, "Plan Rows": 152707, "Plan Width": 42, "Actual Startup Time": 51.538, "Actual Total Time": 33829.123, "Actual Rows": 1511024, "Actual Loops": 1, "Inner Unique": false, "Hash Cond": "(l1.l_suppkey = supplier.s_suppkey), (LLVM Optimized, Jit Execute)", "Plans": [{"Node Type": "Seq Scan", "Parent Relationship": "Outer", "Relation Name": "lineitem", "Alias": "l1", "Startup Cost": 0.0, "Total Cost": 2165082.91, "Plan Rows": 19995678, "Plan Width": 16, "Actual Startup Time": 0.024, "Actual Total Time": 25355.471, "Actual Rows": 37929348, "Actual Loops": 1, "Filter": "(l_receiptdate > l_commitdate), (LLVM Optimized, Jit Execute)", "Rows Removed by Filter": 22056704}, {"Node Type": "Hash", "Parent Relationship": "Inner", "Startup Cost": 3574.95, "Total Cost": 3574.95, "Plan Rows": 4000, "Plan Width": 34, "Actual Startup Time": 51.383, "Actual Total Time": 51.383, "Actual Rows": 3981, "Actual Loops": 1, "Hash Buckets": 32768, "Hash Batches": 1, "Original Hash Batches": 1, "Peak Memory Usage": 280, "Plans": [{"Node Type": "Hash Join", "Parent Relationship": "Outer", "Join Type": "Inner", "Startup Cost": 1.32, "Total Cost": 3574.95, "Plan Rows": 4000, "Plan Width": 34, "Actual Startup Time": 0.083, "Actual Total Time": 49.997, "Actual Rows": 3981, "Actual Loops": 1, "Inner Unique": true, "Hash Cond": "(supplier.s_nationkey = nation.n_nationkey)", "Plans": [{"Node Type": "Seq Scan", "Parent Relationship": "Outer", "Relation Name": "supplier", "Alias": "supplier", "Startup Cost": 0.0, "Total Cost": 3283.0, "Plan Rows": 100000, "Plan Width": 38, "Actual Startup Time": 0.01, "Actual Total Time": 28.721, "Actual Rows": 100000, "Actual Loops": 1}, {"Node Type": "Hash", "Parent Relationship": "Inner", "Startup Cost": 1.31, "Total Cost": 1.31, "Plan Rows": 1, "Plan Width": 4, "Actual Startup Time": 0.03, "Actual Total Time": 0.03, "Actual Rows": 1, "Actual Loops": 1, "Hash Buckets": 32768, "Hash Batches": 1, "Original Hash Batches": 1, "Peak Memory Usage": 1, "Plans": [{"Node Type": "Seq Scan", "Parent Relationship": "Outer", "Relation Name": "nation", "Alias": "nation", "Startup Cost": 0.0, "Total Cost": 1.31, "Plan Rows": 1, "Plan Width": 4, "Actual Startup Time": 0.017, "Actual Total Time": 0.023, "Actual Rows": 1, "Actual Loops": 1, "Filter": "(n_name = 'EGYPT'::bpchar)", "Rows Removed by Filter": 24}]}]}]}]}, {"Node Type": "Index Scan", "Parent Relationship": "Inner", "Scan Direction": "Forward", "Index Name": "idx_lineitem_orderkey", "Relation Name": "lineitem", "Alias": "l3", "Startup Cost": 0.0, "Total Cost": 1.63, "Plan Rows": 3, "Plan Width": 16, "Actual Startup Time": 7791.572, "Actual Total Time": 7791.572, "Actual Rows": 1375914, "Actual Loops": 1511024, "Index Cond": "(l_orderkey = l1.l_orderkey)", "Rows Removed by Index Recheck": 0, "Filter": "((l_receiptdate > l_commitdate) AND (l_suppkey <> l1.l_suppkey))", "Rows Removed by Filter": 1348115}]}, {"Node Type": "Index Scan", "Parent Relationship": "Inner", "Scan Direction": "Forward", "Index Name": "idx_lineitem_orderkey", "Relation Name": "lineitem", "Alias": "l2", "Startup Cost": 0.0, "Total Cost": 1.63, "Plan Rows": 9, "Plan Width": 16, "Actual Startup Time": 502.258, "Actual Total Time": 502.258, "Actual Rows": 80537, "Actual Loops": 135110, "Index Cond": "(l_orderkey = l1.l_orderkey)", "Rows Removed by Index Recheck": 0, "Filter": "(l_suppkey <> l1.l_suppkey)", "Rows Removed by Filter": 85912}]}, {"Node Type": "Index Scan", "Parent Relationship": "Inner", "Scan Direction": "Forward", "Index Name": "orders_pkey", "Relation Name": "orders", "Alias": "orders", "Startup Cost": 0.0, "Total Cost": 0.97, "Plan Rows": 1, "Plan Width": 8, "Actual Startup Time": 535.065, "Actual Total Time": 535.065, "Actual Rows": 39445, "Actual Loops": 80537, "Index Cond": "(o_orderkey = l2.l_orderkey)", "Rows Removed by Index Recheck": 0, "Filter": "(o_orderstatus = 'F'::bpchar)", "Rows Removed by Filter": 41092}]}]}]}]}, "Triggers": [], "Planner Runtime": 7.356, "Total Runtime": 43909.894, "Unique SQL Id": 3870093320}}, "(1, 13)": {"explain_plan": {"Plan": {"Node Type": "Limit", "Startup Cost": 3528952.51, "Total Cost": 3528952.76, "Plan Rows": 100, "Plan Width": 26, "Plans": [{"Node Type": "Sort", "Parent Relationship": "Outer", "Startup Cost": 3528952.51, "Total Cost": 3528975.44, "Plan Rows": 100, "Plan Width": 26, "Sort Key": ["(count(*)) DESC", "supplier.s_name"], "Plans": [{"Node Type": "Aggregate", "Strategy": "Hashed", "Parent Relationship": "Outer", "Startup Cost": 3528510.24, "Total Cost": 3528601.96, "Plan Rows": 9172, "Plan Width": 26, "Group By Key": ["supplier.s_name"], "Plans": [{"Node Type": "Nested Loop", "Parent Relationship": "Outer", "Join Type": "Inner", "Startup Cost": 5689.04, "Total Cost": 3528464.38, "Plan Rows": 9172, "Plan Width": 26, "Inner Unique": true, "Join Filter": "(l1.l_orderkey = orders.o_orderkey)", "Plans": [{"Node Type": "Nested Loop", "Parent Relationship": "Outer", "Join Type": "Semi", "Startup Cost": 5689.04, "Total Cost": 3521364.01, "Plan Rows": 7254, "Plan Width": 42, "Inner Unique": false, "Plans": [{"Node Type": "Nested Loop", "Parent Relationship": "Outer", "Join Type": "Anti", "Startup Cost": 5689.04, "Total Cost": 3519508.45, "Plan Rows": 7635, "Plan Width": 42, "Inner Unique": false, "Plans": [{"Node Type": "Hash Join", "Parent Relationship": "Outer", "Join Type": "Inner", "Startup Cost": 5689.04, "Total Cost": 3472321.23, "Plan Rows": 152707, "Plan Width": 42, "Inner Unique": false, "Hash Cond": "(l1.l_suppkey = supplier.s_suppkey), (LLVM Optimized)", "Plans": [{"Node Type": "Index Scan", "Parent Relationship": "Outer", "Scan Direction": "Forward", "Index Name": "idx_lineitem_orderkey", "Relation Name": "lineitem", "Alias": "l1", "Startup Cost": 0.0, "Total Cost": 3390121.33, "Plan Rows": 19995678, "Plan Width": 16, "Filter": "(l_receiptdate > l_commitdate), (LLVM Optimized)"}, {"Node Type": "Hash", "Parent Relationship": "Inner", "Startup Cost": 5639.04, "Total Cost": 5639.04, "Plan Rows": 4000, "Plan Width": 34, "Plans": [{"Node Type": "Hash Join", "Parent Relationship": "Outer", "Join Type": "Inner", "Startup Cost": 12.7, "Total Cost": 5639.04, "Plan Rows": 4000, "Plan Width": 34, "Inner Unique": true, "Hash Cond": "(supplier.s_nationkey = nation.n_nationkey)", "Plans": [{"Node Type": "Index Scan", "Parent Relationship": "Outer", "Scan Direction": "Forward", "Index Name": "supplier_pkey", "Relation Name": "supplier", "Alias": "supplier", "Startup Cost": 0.0, "Total Cost": 5335.71, "Plan Rows": 100000, "Plan Width": 38}, {"Node Type": "Hash", "Parent Relationship": "Inner", "Startup Cost": 12.69, "Total Cost": 12.69, "Plan Rows": 1, "Plan Width": 4, "Plans": [{"Node Type": "Index Scan", "Parent Relationship": "Outer", "Scan Direction": "Forward", "Index Name": "nation_pkey", "Relation Name": "nation", "Alias": "nation", "Startup Cost": 0.0, "Total Cost": 12.69, "Plan Rows": 1, "Plan Width": 4, "Filter": "(n_name = 'EGYPT'::bpchar)"}]}]}]}]}, {"Node Type": "Index Scan", "Parent Relationship": "Inner", "Scan Direction": "Forward", "Index Name": "idx_lineitem_orderkey", "Relation Name": "lineitem", "Alias": "l3", "Startup Cost": 0.0, "Total Cost": 1.63, "Plan Rows": 3, "Plan Width": 16, "Index Cond": "(l_orderkey = l1.l_orderkey)", "Filter": "((l_receiptdate > l_commitdate) AND (l_suppkey <> l1.l_suppkey))"}]}, {"Node Type": "Index Scan", "Parent Relationship": "Inner", "Scan Direction": "Forward", "Index Name": "idx_lineitem_orderkey", "Relation Name": "lineitem", "Alias": "l2", "Startup Cost": 0.0, "Total Cost": 1.63, "Plan Rows": 9, "Plan Width": 16, "Index Cond": "(l_orderkey = l1.l_orderkey)", "Filter": "(l_suppkey <> l1.l_suppkey)"}]}, {"Node Type": "Index Scan", "Parent Relationship": "Inner", "Scan Direction": "Forward", "Index Name": "orders_pkey", "Relation Name": "orders", "Alias": "orders", "Startup Cost": 0.0, "Total Cost": 0.97, "Plan Rows": 1, "Plan Width": 8, "Index Cond": "(o_orderkey = l2.l_orderkey)", "Filter": "(o_orderstatus = 'F'::bpchar)"}]}]}]}]}, "Unique SQL Id": 3870093320}, "explain_analyze_plan": {"Plan": {"Node Type": "Limit", "Startup Cost": 3528952.51, "Total Cost": 3528952.76, "Plan Rows": 100, "Plan Width": 26, "Actual Startup Time": 64531.618, "Actual Total Time": 64531.632, "Actual Rows": 100, "Actual Loops": 1, "Plans": [{"Node Type": "Sort", "Parent Relationship": "Outer", "Startup Cost": 3528952.51, "Total Cost": 3528975.44, "Plan Rows": 100, "Plan Width": 26, "Actual Startup Time": 64531.614, "Actual Total Time": 64531.616, "Actual Rows": 100, "Actual Loops": 1, "Sort Key": ["(count(*)) DESC", "supplier.s_name"], "Sort Method": "top-N heapsort", "Sort Space Used": 41, "Sort Space Type": "Memory", "Plans": [{"Node Type": "Aggregate", "Strategy": "Hashed", "Parent Relationship": "Outer", "Startup Cost": 3528510.24, "Total Cost": 3528601.96, "Plan Rows": 9172, "Plan Width": 26, "Actual Startup Time": 64528.29, "Actual Total Time": 64529.482, "Actual Rows": 3981, "Actual Loops": 1, "Group By Key": ["supplier.s_name"], "Plans": [{"Node Type": "Nested Loop", "Parent Relationship": "Outer", "Join Type": "Inner", "Startup Cost": 5689.04, "Total Cost": 3528464.38, "Plan Rows": 9172, "Plan Width": 26, "Actual Startup Time": 76.543, "Actual Total Time": 64453.944, "Actual Rows": 39445, "Actual Loops": 1, "Inner Unique": true, "Join Filter": "(l1.l_orderkey = orders.o_orderkey)", "Rows Removed by Join Filter": 0, "Plans": [{"Node Type": "Nested Loop", "Parent Relationship": "Outer", "Join Type": "Semi", "Startup Cost": 5689.04, "Total Cost": 3521364.01, "Plan Rows": 7254, "Plan Width": 42, "Actual Startup Time": 76.52, "Actual Total Time": 63836.711, "Actual Rows": 80537, "Actual Loops": 1, "Inner Unique": false, "Plans": [{"Node Type": "Nested Loop", "Parent Relationship": "Outer", "Join Type": "Anti", "Startup Cost": 5689.04, "Total Cost": 3519508.45, "Plan Rows": 7635, "Plan Width": 42, "Actual Startup Time": 76.144, "Actual Total Time": 63222.256, "Actual Rows": 135110, "Actual Loops": 1, "Inner Unique": false, "Plans": [{"Node Type": "Hash Join", "Parent Relationship": "Outer", "Join Type": "Inner", "Startup Cost": 5689.04, "Total Cost": 3472321.23, "Plan Rows": 152707, "Plan Width": 42, "Actual Startup Time": 75.328, "Actual Total Time": 55228.058, "Actual Rows": 1511024, "Actual Loops": 1, "Inner Unique": false, "Hash Cond": "(l1.l_suppkey = supplier.s_suppkey), (LLVM Optimized, Jit Execute)", "Plans": [{"Node Type": "Index Scan", "Parent Relationship": "Outer", "Scan Direction": "Forward", "Index Name": "idx_lineitem_orderkey", "Relation Name": "lineitem", "Alias": "l1", "Startup Cost": 0.0, "Total Cost": 3390121.33, "Plan Rows": 19995678, "Plan Width": 16, "Actual Startup Time": 0.049, "Actual Total Time": 47134.749, "Actual Rows": 37929348, "Actual Loops": 1, "Filter": "(l_receiptdate > l_commitdate), (LLVM Optimized, Jit Execute)", "Rows Removed by Filter": 22056704}, {"Node Type": "Hash", "Parent Relationship": "Inner", "Startup Cost": 5639.04, "Total Cost": 5639.04, "Plan Rows": 4000, "Plan Width": 34, "Actual Startup Time": 75.114, "Actual Total Time": 75.114, "Actual Rows": 3981, "Actual Loops": 1, "Hash Buckets": 32768, "Hash Batches": 1, "Original Hash Batches": 1, "Peak Memory Usage": 280, "Plans": [{"Node Type": "Hash Join", "Parent Relationship": "Outer", "Join Type": "Inner", "Startup Cost": 12.7, "Total Cost": 5639.04, "Plan Rows": 4000, "Plan Width": 34, "Actual Startup Time": 0.126, "Actual Total Time": 73.635, "Actual Rows": 3981, "Actual Loops": 1, "Inner Unique": true, "Hash Cond": "(supplier.s_nationkey = nation.n_nationkey)", "Plans": [{"Node Type": "Index Scan", "Parent Relationship": "Outer", "Scan Direction": "Forward", "Index Name": "supplier_pkey", "Relation Name": "supplier", "Alias": "supplier", "Startup Cost": 0.0, "Total Cost": 5335.71, "Plan Rows": 100000, "Plan Width": 38, "Actual Startup Time": 0.023, "Actual Total Time": 53.648, "Actual Rows": 100000, "Actual Loops": 1}, {"Node Type": "Hash", "Parent Relationship": "Inner", "Startup Cost": 12.69, "Total Cost": 12.69, "Plan Rows": 1, "Plan Width": 4, "Actual Startup Time": 0.031, "Actual Total Time": 0.031, "Actual Rows": 1, "Actual Loops": 1, "Hash Buckets": 32768, "Hash Batches": 1, "Original Hash Batches": 1, "Peak Memory Usage": 1, "Plans": [{"Node Type": "Index Scan", "Parent Relationship": "Outer", "Scan Direction": "Forward", "Index Name": "nation_pkey", "Relation Name": "nation", "Alias": "nation", "Startup Cost": 0.0, "Total Cost": 12.69, "Plan Rows": 1, "Plan Width": 4, "Actual Startup Time": 0.012, "Actual Total Time": 0.023, "Actual Rows": 1, "Actual Loops": 1, "Filter": "(n_name = 'EGYPT'::bpchar)", "Rows Removed by Filter": 24}]}]}]}]}, {"Node Type": "Index Scan", "Parent Relationship": "Inner", "Scan Direction": "Forward", "Index Name": "idx_lineitem_orderkey", "Relation Name": "lineitem", "Alias": "l3", "Startup Cost": 0.0, "Total Cost": 1.63, "Plan Rows": 3, "Plan Width": 16, "Actual Startup Time": 7005.317, "Actual Total Time": 7005.317, "Actual Rows": 1375914, "Actual Loops": 1511024, "Index Cond": "(l_orderkey = l1.l_orderkey)", "Rows Removed by Index Recheck": 0, "Filter": "((l_receiptdate > l_commitdate) AND (l_suppkey <> l1.l_suppkey))", "Rows Removed by Filter": 1348115}]}, {"Node Type": "Index Scan", "Parent Relationship": "Inner", "Scan Direction": "Forward", "Index Name": "idx_lineitem_orderkey", "Relation Name": "lineitem", "Alias": "l2", "Startup Cost": 0.0, "Total Cost": 1.63, "Plan Rows": 9, "Plan Width": 16, "Actual Startup Time": 496.583, "Actual Total Time": 496.583, "Actual Rows": 80537, "Actual Loops": 135110, "Index Cond": "(l_orderkey = l1.l_orderkey)", "Rows Removed by Index Recheck": 0, "Filter": "(l_suppkey <> l1.l_suppkey)", "Rows Removed by Filter": 85912}]}, {"Node Type": "Index Scan", "Parent Relationship": "Inner", "Scan Direction": "Forward", "Index Name": "orders_pkey", "Relation Name": "orders", "Alias": "orders", "Startup Cost": 0.0, "Total Cost": 0.97, "Plan Rows": 1, "Plan Width": 8, "Actual Startup Time": 531.947, "Actual Total Time": 531.947, "Actual Rows": 39445, "Actual Loops": 80537, "Index Cond": "(o_orderkey = l2.l_orderkey)", "Rows Removed by Index Recheck": 0, "Filter": "(o_orderstatus = 'F'::bpchar)", "Rows Removed by Filter": 41092}]}]}]}]}, "Triggers": [], "Planner Runtime": 7.351, "Total Runtime": 64541.113, "Unique SQL Id": 3870093320}}, "(1, 14)": {"explain_plan": {"Plan": {"Node Type": "Limit", "Startup Cost": 7494113.85, "Total Cost": 7494114.1, "Plan Rows": 100, "Plan Width": 26, "Plans": [{"Node Type": "Sort", "Parent Relationship": "Outer", "Startup Cost": 7494113.85, "Total Cost": 7494136.78, "Plan Rows": 100, "Plan Width": 26, "Sort Key": ["(count(*)) DESC", "supplier.s_name"], "Plans": [{"Node Type": "Aggregate", "Strategy": "Hashed", "Parent Relationship": "Outer", "Startup Cost": 7493671.58, "Total Cost": 7493763.3, "Plan Rows": 9172, "Plan Width": 26, "Group By Key": ["supplier.s_name"], "Plans": [{"Node Type": "Hash Join", "Parent Relationship": "Outer", "Join Type": "Right Semi", "Startup Cost": 5238970.65, "Total Cost": 7493625.72, "Plan Rows": 9172, "Plan Width": 26, "Inner Unique": false, "Hash Cond": "(l2.l_orderkey = orders.o_orderkey)", "Join Filter": "(l2.l_suppkey <> l1.l_suppkey)", "Plans": [{"Node Type": "Seq Scan", "Parent Relationship": "Outer", "Relation Name": "lineitem", "Alias": "l2", "Startup Cost": 0.0, "Total Cost": 2015115.33, "Plan Rows": 59987033, "Plan Width": 16}, {"Node Type": "Hash", "Parent Relationship": "Inner", "Startup Cost": 5238849.96, "Total Cost": 5238849.96, "Plan Rows": 9655, "Plan Width": 50, "Plans": [{"Node Type": "Hash Join", "Parent Relationship": "Outer", "Join Type": "Inner", "Startup Cost": 4747320.39, "Total Cost": 5238849.96, "Plan Rows": 9655, "Plan Width": 50, "Inner Unique": false, "Hash Cond": "(orders.o_orderkey = l1.l_orderkey)", "Plans": [{"Node Type": "Seq Scan", "Parent Relationship": "Outer", "Relation Name": "orders", "Alias": "orders", "Startup Cost": 0.0, "Total Cost": 463912.49, "Plan Rows": 7338812, "Plan Width": 8, "Filter": "(o_orderstatus = 'F'::bpchar), (LLVM Optimized)"}, {"Node Type": "Hash", "Parent Relationship": "Inner", "Startup Cost": 4747224.95, "Total Cost": 4747224.95, "Plan Rows": 7635, "Plan Width": 42, "Plans": [{"Node Type": "Hash Join", "Parent Relationship": "Outer", "Join Type": "Anti", "Startup Cost": 2418653.84, "Total Cost": 4747224.95, "Plan Rows": 7635, "Plan Width": 42, "Inner Unique": false, "Hash Cond": "(l1.l_orderkey = l3.l_orderkey)", "Join Filter": "(l3.l_suppkey <> l1.l_suppkey)", "Plans": [{"Node Type": "Hash Join", "Parent Relationship": "Outer", "Join Type": "Inner", "Startup Cost": 3624.95, "Total Cost": 2245218.73, "Plan Rows": 152707, "Plan Width": 42, "Inner Unique": false, "Hash Cond": "(l1.l_suppkey = supplier.s_suppkey), (LLVM Optimized)", "Plans": [{"Node Type": "Seq Scan", "Parent Relationship": "Outer", "Relation Name": "lineitem", "Alias": "l1", "Startup Cost": 0.0, "Total Cost": 2165082.91, "Plan Rows": 19995678, "Plan Width": 16, "Filter": "(l_receiptdate > l_commitdate), (LLVM Optimized)"}, {"Node Type": "Hash", "Parent Relationship": "Inner", "Startup Cost": 3574.95, "Total Cost": 3574.95, "Plan Rows": 4000, "Plan Width": 34, "Plans": [{"Node Type": "Hash Join", "Parent Relationship": "Outer", "Join Type": "Inner", "Startup Cost": 1.32, "Total Cost": 3574.95, "Plan Rows": 4000, "Plan Width": 34, "Inner Unique": true, "Hash Cond": "(supplier.s_nationkey = nation.n_nationkey)", "Plans": [{"Node Type": "Seq Scan", "Parent Relationship": "Outer", "Relation Name": "supplier", "Alias": "supplier", "Startup Cost": 0.0, "Total Cost": 3283.0, "Plan Rows": 100000, "Plan Width": 38}, {"Node Type": "Hash", "Parent Relationship": "Inner", "Startup Cost": 1.31, "Total Cost": 1.31, "Plan Rows": 1, "Plan Width": 4, "Plans": [{"Node Type": "Seq Scan", "Parent Relationship": "Outer", "Relation Name": "nation", "Alias": "nation", "Startup Cost": 0.0, "Total Cost": 1.31, "Plan Rows": 1, "Plan Width": 4, "Filter": "(n_name = 'EGYPT'::bpchar)"}]}]}]}]}, {"Node Type": "Hash", "Parent Relationship": "Inner", "Startup Cost": 2165082.91, "Total Cost": 2165082.91, "Plan Rows": 19995678, "Plan Width": 16, "Plans": [{"Node Type": "Seq Scan", "Parent Relationship": "Outer", "Relation Name": "lineitem", "Alias": "l3", "Startup Cost": 0.0, "Total Cost": 2165082.91, "Plan Rows": 19995678, "Plan Width": 16, "Filter": "(l_receiptdate > l_commitdate), (LLVM Optimized)"}]}]}]}]}]}]}]}]}]}, "Unique SQL Id": 3870093320}, "explain_analyze_plan": null}, "(1, 15)": {"explain_plan": {"Plan": {"Node Type": "Limit", "Startup Cost": 6001109326245.03, "Total Cost": 6001109326245.28, "Plan Rows": 100, "Plan Width": 26, "Plans": [{"Node Type": "Sort", "Parent Relationship": "Outer", "Startup Cost": 6001109326245.03, "Total Cost": 6001109326267.96, "Plan Rows": 100, "Plan Width": 26, "Sort Key": ["(count(*)) DESC", "supplier.s_name"], "Plans": [{"Node Type": "Aggregate", "Strategy": "Hashed", "Parent Relationship": "Outer", "Startup Cost": 6001109325802.77, "Total Cost": 6001109325894.49, "Plan Rows": 9172, "Plan Width": 26, "Group By Key": ["supplier.s_name"], "Plans": [{"Node Type": "Nested Loop", "Parent Relationship": "Outer", "Join Type": "Inner", "Startup Cost": 60036425616.82, "Total Cost": 6001109325756.91, "Plan Rows": 9172, "Plan Width": 26, "Inner Unique": false, "Join Filter": "(supplier.s_suppkey = l1.l_suppkey)", "Plans": [{"Node Type": "Merge Join", "Parent Relationship": "Outer", "Join Type": "Inner", "Startup Cost": 40036425616.82, "Total Cost": 4001036728206.72, "Plan Rows": 1201020, "Plan Width": 8, "Inner Unique": true, "Merge Cond": "(l1.l_orderkey = orders.o_orderkey)", "Plans": [{"Node Type": "Merge Join", "Parent Relationship": "Outer", "Join Type": "Semi", "Startup Cost": 30000000000.0, "Total Cost": 3001006768519.97, "Plan Rows": 949795, "Plan Width": 24, "Inner Unique": false, "Merge Cond": "(l1.l_orderkey = l2.l_orderkey), (LLVM Optimized)", "Join Filter": "(l2.l_suppkey <> l1.l_suppkey), (LLVM Optimized)", "Plans": [{"Node Type": "Merge Join", "Parent Relationship": "Outer", "Join Type": "Anti", "Startup Cost": 20000000000.0, "Total Cost": 2000682365976.25, "Plan Rows": 999784, "Plan Width": 16, "Inner Unique": false, "Merge Cond": "(l1.l_orderkey = l3.l_orderkey), (LLVM Optimized)", "Join Filter": "(l3.l_suppkey <> l1.l_suppkey), (LLVM Optimized)", "Plans": [{"Node Type": "Index Scan", "Parent Relationship": "Outer", "Scan Direction": "Forward", "Index Name": "idx_lineitem_orderkey", "Relation Name": "lineitem", "Alias": "l1", "Startup Cost": 10000000000.0, "Total Cost": 1000339012132.75, "Plan Rows": 19995678, "Plan Width": 16, "Filter": "(l_receiptdate > l_commitdate), (LLVM Optimized)"}, {"Node Type": "Materialize", "Parent Relationship": "Inner", "Startup Cost": 10000000000.0, "Total Cost": 1000339062121.94, "Plan Rows": 19995678, "Plan Width": 16, "Plans": [{"Node Type": "Index Scan", "Parent Relationship": "Outer", "Scan Direction": "Forward", "Index Name": "idx_lineitem_orderkey", "Relation Name": "lineitem", "Alias": "l3", "Startup Cost": 10000000000.0, "Total Cost": 1000339012132.75, "Plan Rows": 19995678, "Plan Width": 16, "Filter": "(l_receiptdate > l_commitdate), (LLVM Optimized)"}]}]}, {"Node Type": "Index Scan", "Parent Relationship": "Inner", "Scan Direction": "Forward", "Index Name": "idx_lineitem_orderkey", "Relation Name": "lineitem", "Alias": "l2", "Startup Cost": 10000000000.0, "Total Cost": 1000324015374.5, "Plan Rows": 59987033, "Plan Width": 16}]}, {"Node Type": "Index Scan", "Parent Relationship": "Inner", "Scan Direction": "Forward", "Index Name": "orders_pkey", "Relation Name": "orders", "Alias": "orders", "Startup Cost": 10000000000.0, "Total Cost": 1000076847713.25, "Plan Rows": 7338812, "Plan Width": 8, "Filter": "(o_orderstatus = 'F'::bpchar), (LLVM Optimized)"}]}, {"Node Type": "Materialize", "Parent Relationship": "Inner", "Startup Cost": 20000000000.0, "Total Cost": 2000000536360.19, "Plan Rows": 4000, "Plan Width": 34, "Plans": [{"Node Type": "Nested Loop", "Parent Relationship": "Outer", "Join Type": "Inner", "Startup Cost": 20000000000.0, "Total Cost": 2000000536340.19, "Plan Rows": 4000, "Plan Width": 34, "Inner Unique": true, "Join Filter": "(supplier.s_nationkey = nation.n_nationkey)", "Plans": [{"Node Type": "Index Scan", "Parent Relationship": "Outer", "Scan Direction": "Forward", "Index Name": "supplier_pkey", "Relation Name": "supplier", "Alias": "supplier", "Startup Cost": 10000000000.0, "Total Cost": 1000000533571.43, "Plan Rows": 100000, "Plan Width": 38}, {"Node Type": "Materialize", "Parent Relationship": "Inner", "Startup Cost": 10000000000.0, "Total Cost": 1000000001268.76, "Plan Rows": 1, "Plan Width": 4, "Plans": [{"Node Type": "Index Scan", "Parent Relationship": "Outer", "Scan Direction": "Forward", "Index Name": "nation_pkey", "Relation Name": "nation", "Alias": "nation", "Startup Cost": 10000000000.0, "Total Cost": 1000000001268.75, "Plan Rows": 1, "Plan Width": 4, "Filter": "(n_name = 'EGYPT'::bpchar)"}]}]}]}]}]}]}]}, "Unique SQL Id": 3870093320}, "explain_analyze_plan": null}, "(1, 16)": {"explain_plan": {"Plan": {"Node Type": "Limit", "Startup Cost": 4750796.76, "Total Cost": 4750797.01, "Plan Rows": 100, "Plan Width": 26, "Plans": [{"Node Type": "Sort", "Parent Relationship": "Outer", "Startup Cost": 4750796.76, "Total Cost": 4750819.69, "Plan Rows": 100, "Plan Width": 26, "Sort Key": ["(count(*)) DESC", "supplier.s_name"], "Plans": [{"Node Type": "Aggregate", "Strategy": "Hashed", "Parent Relationship": "Outer", "Startup Cost": 4750354.5, "Total Cost": 4750446.22, "Plan Rows": 9172, "Plan Width": 26, "Group By Key": ["supplier.s_name"], "Plans": [{"Node Type": "Nested Loop", "Parent Relationship": "Outer", "Join Type": "Inner", "Startup Cost": 4592659.88, "Total Cost": 4750308.64, "Plan Rows": 9172, "Plan Width": 26, "Inner Unique": true, "Join Filter": "(l1.l_orderkey = orders.o_orderkey)", "Plans": [{"Node Type": "Nested Loop", "Parent Relationship": "Outer", "Join Type": "Semi", "Startup Cost": 4592659.88, "Total Cost": 4743208.27, "Plan Rows": 7254, "Plan Width": 42, "Inner Unique": false, "Plans": [{"Node Type": "Nested Loop", "Parent Relationship": "Outer", "Join Type": "Anti", "Startup Cost": 4592659.88, "Total Cost": 4741352.7, "Plan Rows": 7635, "Plan Width": 42, "Inner Unique": false, "Plans": [{"Node Type": "Merge Join", "Parent Relationship": "Outer", "Join Type": "Inner", "Startup Cost": 4592659.88, "Total Cost": 4694165.48, "Plan Rows": 152707, "Plan Width": 42, "Inner Unique": false, "Merge Cond": "(supplier.s_suppkey = l1.l_suppkey)", "Plans": [{"Node Type": "Sort", "Parent Relationship": "Outer", "Startup Cost": 2772.67, "Total Cost": 2782.67, "Plan Rows": 4000, "Plan Width": 34, "Sort Key": ["supplier.s_suppkey"], "Plans": [{"Node Type": "Nested Loop", "Parent Relationship": "Outer", "Join Type": "Inner", "Startup Cost": 95.25, "Total Cost": 2533.35, "Plan Rows": 4000, "Plan Width": 34, "Inner Unique": false, "Plans": [{"Node Type": "Seq Scan", "Parent Relationship": "Outer", "Relation Name": "nation", "Alias": "nation", "Startup Cost": 0.0, "Total Cost": 1.31, "Plan Rows": 1, "Plan Width": 4, "Filter": "(n_name = 'EGYPT'::bpchar)"}, {"Node Type": "Bitmap Heap Scan", "Parent Relationship": "Inner", "Relation Name": "supplier", "Alias": "supplier", "Startup Cost": 95.25, "Total Cost": 2492.04, "Plan Rows": 4000, "Plan Width": 38, "Recheck Cond": "(s_nationkey = nation.n_nationkey)", "Plans": [{"Node Type": "Bitmap Index Scan", "Parent Relationship": "Outer", "Index Name": "idx_supplier_nation_key", "Startup Cost": 0.0, "Total Cost": 94.25, "Plan Rows": 4000, "Plan Width": 0, "Index Cond": "(s_nationkey = nation.n_nationkey)"}]}]}]}, {"Node Type": "Sort", "Parent Relationship": "Inner", "Startup Cost": 4589877.29, "Total Cost": 4639866.48, "Plan Rows": 19995678, "Plan Width": 16, "Sort Key": ["l1.l_suppkey"], "Plans": [{"Node Type": "Seq Scan", "Parent Relationship": "Outer", "Relation Name": "lineitem", "Alias": "l1", "Startup Cost": 0.0, "Total Cost": 2165082.91, "Plan Rows": 19995678, "Plan Width": 16, "Filter": "(l_receiptdate > l_commitdate), (LLVM Optimized)"}]}]}, {"Node Type": "Index Scan", "Parent Relationship": "Inner", "Scan Direction": "Forward", "Index Name": "idx_lineitem_orderkey", "Relation Name": "lineitem", "Alias": "l3", "Startup Cost": 0.0, "Total Cost": 1.63, "Plan Rows": 3, "Plan Width": 16, "Index Cond": "(l_orderkey = l1.l_orderkey)", "Filter": "((l_receiptdate > l_commitdate) AND (l_suppkey <> l1.l_suppkey))"}]}, {"Node Type": "Index Scan", "Parent Relationship": "Inner", "Scan Direction": "Forward", "Index Name": "idx_lineitem_orderkey", "Relation Name": "lineitem", "Alias": "l2", "Startup Cost": 0.0, "Total Cost": 1.63, "Plan Rows": 9, "Plan Width": 16, "Index Cond": "(l_orderkey = l1.l_orderkey)", "Filter": "(l_suppkey <> l1.l_suppkey)"}]}, {"Node Type": "Index Scan", "Parent Relationship": "Inner", "Scan Direction": "Forward", "Index Name": "orders_pkey", "Relation Name": "orders", "Alias": "orders", "Startup Cost": 0.0, "Total Cost": 0.97, "Plan Rows": 1, "Plan Width": 8, "Index Cond": "(o_orderkey = l2.l_orderkey)", "Filter": "(o_orderstatus = 'F'::bpchar)"}]}]}]}]}, "Unique SQL Id": 3870093320}, "explain_analyze_plan": {"Plan": {"Node Type": "Limit", "Startup Cost": 4750796.76, "Total Cost": 4750797.01, "Plan Rows": 100, "Plan Width": 26, "Actual Startup Time": 74742.382, "Actual Total Time": 74742.401, "Actual Rows": 100, "Actual Loops": 1, "Plans": [{"Node Type": "Sort", "Parent Relationship": "Outer", "Startup Cost": 4750796.76, "Total Cost": 4750819.69, "Plan Rows": 100, "Plan Width": 26, "Actual Startup Time": 74742.38, "Actual Total Time": 74742.389, "Actual Rows": 100, "Actual Loops": 1, "Sort Key": ["(count(*)) DESC", "supplier.s_name"], "Sort Method": "top-N heapsort", "Sort Space Used": 41, "Sort Space Type": "Memory", "Plans": [{"Node Type": "Aggregate", "Strategy": "Hashed", "Parent Relationship": "Outer", "Startup Cost": 4750354.5, "Total Cost": 4750446.22, "Plan Rows": 9172, "Plan Width": 26, "Actual Startup Time": 74739.062, "Actual Total Time": 74740.33, "Actual Rows": 3981, "Actual Loops": 1, "Group By Key": ["supplier.s_name"], "Plans": [{"Node Type": "Nested Loop", "Parent Relationship": "Outer", "Join Type": "Inner", "Startup Cost": 4592659.88, "Total Cost": 4750308.64, "Plan Rows": 9172, "Plan Width": 26, "Actual Startup Time": 41048.781, "Actual Total Time": 74683.252, "Actual Rows": 39445, "Actual Loops": 1, "Inner Unique": true, "Join Filter": "(l1.l_orderkey = orders.o_orderkey)", "Rows Removed by Join Filter": 0, "Plans": [{"Node Type": "Nested Loop", "Parent Relationship": "Outer", "Join Type": "Semi", "Startup Cost": 4592659.88, "Total Cost": 4743208.27, "Plan Rows": 7254, "Plan Width": 42, "Actual Startup Time": 41048.245, "Actual Total Time": 73866.681, "Actual Rows": 80537, "Actual Loops": 1, "Inner Unique": false, "Plans": [{"Node Type": "Nested Loop", "Parent Relationship": "Outer", "Join Type": "Anti", "Startup Cost": 4592659.88, "Total Cost": 4741352.7, "Plan Rows": 7635, "Plan Width": 42, "Actual Startup Time": 41048.065, "Actual Total Time": 73246.054, "Actual Rows": 135110, "Actual Loops": 1, "Inner Unique": false, "Plans": [{"Node Type": "Merge Join", "Parent Relationship": "Outer", "Join Type": "Inner", "Startup Cost": 4592659.88, "Total Cost": 4694165.48, "Plan Rows": 152707, "Plan Width": 42, "Actual Startup Time": 41047.738, "Actual Total Time": 57992.729, "Actual Rows": 1511024, "Actual Loops": 1, "Inner Unique": false, "Merge Cond": "(supplier.s_suppkey = l1.l_suppkey)", "Plans": [{"Node Type": "Sort", "Parent Relationship": "Outer", "Startup Cost": 2772.67, "Total Cost": 2782.67, "Plan Rows": 4000, "Plan Width": 34, "Actual Startup Time": 8.094, "Actual Total Time": 9.36, "Actual Rows": 3981, "Actual Loops": 1, "Sort Key": ["supplier.s_suppkey"], "Sort Method": "quicksort", "Sort Space Used": 470, "Sort Space Type": "Memory", "Plans": [{"Node Type": "Nested Loop", "Parent Relationship": "Outer", "Join Type": "Inner", "Startup Cost": 95.25, "Total Cost": 2533.35, "Plan Rows": 4000, "Plan Width": 34, "Actual Startup Time": 1.009, "Actual Total Time": 6.838, "Actual Rows": 3981, "Actual Loops": 1, "Inner Unique": false, "Plans": [{"Node Type": "Seq Scan", "Parent Relationship": "Outer", "Relation Name": "nation", "Alias": "nation", "Startup Cost": 0.0, "Total Cost": 1.31, "Plan Rows": 1, "Plan Width": 4, "Actual Startup Time": 0.037, "Actual Total Time": 0.049, "Actual Rows": 1, "Actual Loops": 1, "Filter": "(n_name = 'EGYPT'::bpchar)", "Rows Removed by Filter": 24}, {"Node Type": "Bitmap Heap Scan", "Parent Relationship": "Inner", "Relation Name": "supplier", "Alias": "supplier", "Startup Cost": 95.25, "Total Cost": 2492.04, "Plan Rows": 4000, "Plan Width": 38, "Actual Startup Time": 0.965, "Actual Total Time": 6.017, "Actual Rows": 3981, "Actual Loops": 1, "Recheck Cond": "(s_nationkey = nation.n_nationkey)", "Rows Removed by Index Recheck": 0, "Exact Heap Blocks": 1918, "Lossy Heap Blocks": 1918, "Plans": [{"Node Type": "Bitmap Index Scan", "Parent Relationship": "Outer", "Index Name": "idx_supplier_nation_key", "Startup Cost": 0.0, "Total Cost": 94.25, "Plan Rows": 4000, "Plan Width": 0, "Actual Startup Time": 0.674, "Actual Total Time": 0.674, "Actual Rows": 3981, "Actual Loops": 1, "Index Cond": "(s_nationkey = nation.n_nationkey)"}]}]}]}, {"Node Type": "Sort", "Parent Relationship": "Inner", "Startup Cost": 4589877.29, "Total Cost": 4639866.48, "Plan Rows": 19995678, "Plan Width": 16, "Actual Startup Time": 41028.323, "Actual Total Time": 52608.15, "Actual Rows": 37901086, "Actual Loops": 1, "Sort Key": ["l1.l_suppkey"], "Sort Method": "quicksort", "Sort Space Used": 5128741, "Sort Space Type": "Memory", "Plans": [{"Node Type": "Seq Scan", "Parent Relationship": "Outer", "Relation Name": "lineitem", "Alias": "l1", "Startup Cost": 0.0, "Total Cost": 2165082.91, "Plan Rows": 19995678, "Plan Width": 16, "Actual Startup Time": 0.02, "Actual Total Time": 26482.328, "Actual Rows": 37929348, "Actual Loops": 1, "Filter": "(l_receiptdate > l_commitdate), (LLVM Optimized, Jit Execute)", "Rows Removed by Filter": 22056704}]}]}, {"Node Type": "Index Scan", "Parent Relationship": "Inner", "Scan Direction": "Forward", "Index Name": "idx_lineitem_orderkey", "Relation Name": "lineitem", "Alias": "l3", "Startup Cost": 0.0, "Total Cost": 1.63, "Plan Rows": 3, "Plan Width": 16, "Actual Startup Time": 14222.187, "Actual Total Time": 14222.187, "Actual Rows": 1375914, "Actual Loops": 1511024, "Index Cond": "(l_orderkey = l1.l_orderkey)", "Rows Removed by Index Recheck": 0, "Filter": "((l_receiptdate > l_commitdate) AND (l_suppkey <> l1.l_suppkey))", "Rows Removed by Filter": 1348115}]}, {"Node Type": "Index Scan", "Parent Relationship": "Inner", "Scan Direction": "Forward", "Index Name": "idx_lineitem_orderkey", "Relation Name": "lineitem", "Alias": "l2", "Startup Cost": 0.0, "Total Cost": 1.63, "Plan Rows": 9, "Plan Width": 16, "Actual Startup Time": 509.145, "Actual Total Time": 509.145, "Actual Rows": 80537, "Actual Loops": 135110, "Index Cond": "(l_orderkey = l1.l_orderkey)", "Rows Removed by Index Recheck": 0, "Filter": "(l_suppkey <> l1.l_suppkey)", "Rows Removed by Filter": 85912}]}, {"Node Type": "Index Scan", "Parent Relationship": "Inner", "Scan Direction": "Forward", "Index Name": "orders_pkey", "Relation Name": "orders", "Alias": "orders", "Startup Cost": 0.0, "Total Cost": 0.97, "Plan Rows": 1, "Plan Width": 8, "Actual Startup Time": 734.797, "Actual Total Time": 734.797, "Actual Rows": 39445, "Actual Loops": 80537, "Index Cond": "(o_orderkey = l2.l_orderkey)", "Rows Removed by Index Recheck": 0, "Filter": "(o_orderstatus = 'F'::bpchar)", "Rows Removed by Filter": 41092}]}]}]}]}, "Triggers": [], "Planner Runtime": 7.065, "Total Runtime": 74751.114, "Unique SQL Id": 3870093320}}, "(1, 17)": {"explain_plan": {"Plan": {"Node Type": "Limit", "Startup Cost": 5975846.55, "Total Cost": 5975846.8, "Plan Rows": 100, "Plan Width": 26, "Plans": [{"Node Type": "Sort", "Parent Relationship": "Outer", "Startup Cost": 5975846.55, "Total Cost": 5975869.48, "Plan Rows": 100, "Plan Width": 26, "Sort Key": ["(count(*)) DESC", "supplier.s_name"], "Plans": [{"Node Type": "Aggregate", "Strategy": "Hashed", "Parent Relationship": "Outer", "Startup Cost": 5975404.29, "Total Cost": 5975496.01, "Plan Rows": 9172, "Plan Width": 26, "Group By Key": ["supplier.s_name"], "Plans": [{"Node Type": "Nested Loop", "Parent Relationship": "Outer", "Join Type": "Inner", "Startup Cost": 5817709.67, "Total Cost": 5975358.43, "Plan Rows": 9172, "Plan Width": 26, "Inner Unique": true, "Join Filter": "(l1.l_orderkey = orders.o_orderkey)", "Plans": [{"Node Type": "Nested Loop", "Parent Relationship": "Outer", "Join Type": "Semi", "Startup Cost": 5817709.67, "Total Cost": 5968258.06, "Plan Rows": 7254, "Plan Width": 42, "Inner Unique": false, "Plans": [{"Node Type": "Nested Loop", "Parent Relationship": "Outer", "Join Type": "Anti", "Startup Cost": 5817709.67, "Total Cost": 5966402.49, "Plan Rows": 7635, "Plan Width": 42, "Inner Unique": false, "Plans": [{"Node Type": "Merge Join", "Parent Relationship": "Outer", "Join Type": "Inner", "Startup Cost": 5817709.67, "Total Cost": 5919215.27, "Plan Rows": 152707, "Plan Width": 42, "Inner Unique": false, "Merge Cond": "(supplier.s_suppkey = l1.l_suppkey)", "Plans": [{"Node Type": "Sort", "Parent Relationship": "Outer", "Startup Cost": 2784.04, "Total Cost": 2794.04, "Plan Rows": 4000, "Plan Width": 34, "Sort Key": ["supplier.s_suppkey"], "Plans": [{"Node Type": "Nested Loop", "Parent Relationship": "Outer", "Join Type": "Inner", "Startup Cost": 95.25, "Total Cost": 2544.73, "Plan Rows": 4000, "Plan Width": 34, "Inner Unique": false, "Plans": [{"Node Type": "Index Scan", "Parent Relationship": "Outer", "Scan Direction": "Forward", "Index Name": "nation_pkey", "Relation Name": "nation", "Alias": "nation", "Startup Cost": 0.0, "Total Cost": 12.69, "Plan Rows": 1, "Plan Width": 4, "Filter": "(n_name = 'EGYPT'::bpchar)"}, {"Node Type": "Bitmap Heap Scan", "Parent Relationship": "Inner", "Relation Name": "supplier", "Alias": "supplier", "Startup Cost": 95.25, "Total Cost": 2492.04, "Plan Rows": 4000, "Plan Width": 38, "Recheck Cond": "(s_nationkey = nation.n_nationkey)", "Plans": [{"Node Type": "Bitmap Index Scan", "Parent Relationship": "Outer", "Index Name": "idx_supplier_nation_key", "Startup Cost": 0.0, "Total Cost": 94.25, "Plan Rows": 4000, "Plan Width": 0, "Index Cond": "(s_nationkey = nation.n_nationkey)"}]}]}]}, {"Node Type": "Sort", "Parent Relationship": "Inner", "Startup Cost": 5814915.7, "Total Cost": 5864904.9, "Plan Rows": 19995678, "Plan Width": 16, "Sort Key": ["l1.l_suppkey"], "Plans": [{"Node Type": "Index Scan", "Parent Relationship": "Outer", "Scan Direction": "Forward", "Index Name": "idx_lineitem_orderkey", "Relation Name": "lineitem", "Alias": "l1", "Startup Cost": 0.0, "Total Cost": 3390121.33, "Plan Rows": 19995678, "Plan Width": 16, "Filter": "(l_receiptdate > l_commitdate), (LLVM Optimized)"}]}]}, {"Node Type": "Index Scan", "Parent Relationship": "Inner", "Scan Direction": "Forward", "Index Name": "idx_lineitem_orderkey", "Relation Name": "lineitem", "Alias": "l3", "Startup Cost": 0.0, "Total Cost": 1.63, "Plan Rows": 3, "Plan Width": 16, "Index Cond": "(l_orderkey = l1.l_orderkey)", "Filter": "((l_receiptdate > l_commitdate) AND (l_suppkey <> l1.l_suppkey))"}]}, {"Node Type": "Index Scan", "Parent Relationship": "Inner", "Scan Direction": "Forward", "Index Name": "idx_lineitem_orderkey", "Relation Name": "lineitem", "Alias": "l2", "Startup Cost": 0.0, "Total Cost": 1.63, "Plan Rows": 9, "Plan Width": 16, "Index Cond": "(l_orderkey = l1.l_orderkey)", "Filter": "(l_suppkey <> l1.l_suppkey)"}]}, {"Node Type": "Index Scan", "Parent Relationship": "Inner", "Scan Direction": "Forward", "Index Name": "orders_pkey", "Relation Name": "orders", "Alias": "orders", "Startup Cost": 0.0, "Total Cost": 0.97, "Plan Rows": 1, "Plan Width": 8, "Index Cond": "(o_orderkey = l2.l_orderkey)", "Filter": "(o_orderstatus = 'F'::bpchar)"}]}]}]}]}, "Unique SQL Id": 3870093320}, "explain_analyze_plan": null}, "(1, 18)": {"explain_plan": {"Plan": {"Node Type": "Limit", "Startup Cost": 5102106.0, "Total Cost": 5102106.25, "Plan Rows": 100, "Plan Width": 26, "Plans": [{"Node Type": "Sort", "Parent Relationship": "Outer", "Startup Cost": 5102106.0, "Total Cost": 5102128.93, "Plan Rows": 100, "Plan Width": 26, "Sort Key": ["(count(*)) DESC", "supplier.s_name"], "Plans": [{"Node Type": "Aggregate", "Strategy": "Hashed", "Parent Relationship": "Outer", "Startup Cost": 5101663.73, "Total Cost": 5101755.45, "Plan Rows": 9172, "Plan Width": 26, "Group By Key": ["supplier.s_name"], "Plans": [{"Node Type": "Nested Loop", "Parent Relationship": "Outer", "Join Type": "Inner", "Startup Cost": 4592662.13, "Total Cost": 5101617.87, "Plan Rows": 9172, "Plan Width": 26, "Inner Unique": true, "Join Filter": "(l1.l_orderkey = orders.o_orderkey)", "Plans": [{"Node Type": "Nested Loop", "Parent Relationship": "Outer", "Join Type": "Semi", "Startup Cost": 4592661.53, "Total Cost": 5068057.11, "Plan Rows": 7254, "Plan Width": 42, "Inner Unique": false, "Plans": [{"Node Type": "Nested Loop", "Parent Relationship": "Outer", "Join Type": "Anti", "Startup Cost": 4592660.71, "Total Cost": 5052878.56, "Plan Rows": 7635, "Plan Width": 42, "Inner Unique": false, "Plans": [{"Node Type": "Merge Join", "Parent Relationship": "Outer", "Join Type": "Inner", "Startup Cost": 4592659.88, "Total Cost": 4694165.48, "Plan Rows": 152707, "Plan Width": 42, "Inner Unique": false, "Merge Cond": "(supplier.s_suppkey = l1.l_suppkey)", "Plans": [{"Node Type": "Sort", "Parent Relationship": "Outer", "Startup Cost": 2772.67, "Total Cost": 2782.67, "Plan Rows": 4000, "Plan Width": 34, "Sort Key": ["supplier.s_suppkey"], "Plans": [{"Node Type": "Nested Loop", "Parent Relationship": "Outer", "Join Type": "Inner", "Startup Cost": 95.25, "Total Cost": 2533.35, "Plan Rows": 4000, "Plan Width": 34, "Inner Unique": false, "Plans": [{"Node Type": "Seq Scan", "Parent Relationship": "Outer", "Relation Name": "nation", "Alias": "nation", "Startup Cost": 0.0, "Total Cost": 1.31, "Plan Rows": 1, "Plan Width": 4, "Filter": "(n_name = 'EGYPT'::bpchar)"}, {"Node Type": "Bitmap Heap Scan", "Parent Relationship": "Inner", "Relation Name": "supplier", "Alias": "supplier", "Startup Cost": 95.25, "Total Cost": 2492.04, "Plan Rows": 4000, "Plan Width": 38, "Recheck Cond": "(s_nationkey = nation.n_nationkey)", "Plans": [{"Node Type": "Bitmap Index Scan", "Parent Relationship": "Outer", "Index Name": "idx_supplier_nation_key", "Startup Cost": 0.0, "Total Cost": 94.25, "Plan Rows": 4000, "Plan Width": 0, "Index Cond": "(s_nationkey = nation.n_nationkey)"}]}]}]}, {"Node Type": "Sort", "Parent Relationship": "Inner", "Startup Cost": 4589877.29, "Total Cost": 4639866.48, "Plan Rows": 19995678, "Plan Width": 16, "Sort Key": ["l1.l_suppkey"], "Plans": [{"Node Type": "Seq Scan", "Parent Relationship": "Outer", "Relation Name": "lineitem", "Alias": "l1", "Startup Cost": 0.0, "Total Cost": 2165082.91, "Plan Rows": 19995678, "Plan Width": 16, "Filter": "(l_receiptdate > l_commitdate), (LLVM Optimized)"}]}]}, {"Node Type": "Bitmap Heap Scan", "Parent Relationship": "Inner", "Relation Name": "lineitem", "Alias": "l3", "Startup Cost": 0.82, "Total Cost": 8.97, "Plan Rows": 3, "Plan Width": 16, "Recheck Cond": "(l_orderkey = l1.l_orderkey)", "Filter": "((l_receiptdate > l_commitdate) AND (l_suppkey <> l1.l_suppkey))", "Plans": [{"Node Type": "Bitmap Index Scan", "Parent Relationship": "Outer", "Index Name": "idx_lineitem_orderkey", "Startup Cost": 0.0, "Total Cost": 0.82, "Plan Rows": 9, "Plan Width": 0, "Index Cond": "(l_orderkey = l1.l_orderkey)"}]}]}, {"Node Type": "Bitmap Heap Scan", "Parent Relationship": "Inner", "Relation Name": "lineitem", "Alias": "l2", "Startup Cost": 0.82, "Total Cost": 8.95, "Plan Rows": 9, "Plan Width": 16, "Recheck Cond": "(l_orderkey = l1.l_orderkey)", "Filter": "(l_suppkey <> l1.l_suppkey)", "Plans": [{"Node Type": "Bitmap Index Scan", "Parent Relationship": "Outer", "Index Name": "idx_lineitem_orderkey", "Startup Cost": 0.0, "Total Cost": 0.82, "Plan Rows": 9, "Plan Width": 0, "Index Cond": "(l_orderkey = l1.l_orderkey)"}]}]}, {"Node Type": "Bitmap Heap Scan", "Parent Relationship": "Inner", "Relation Name": "orders", "Alias": "orders", "Startup Cost": 0.6, "Total Cost": 4.61, "Plan Rows": 1, "Plan Width": 8, "Recheck Cond": "(o_orderkey = l2.l_orderkey)", "Filter": "(o_orderstatus = 'F'::bpchar)", "Plans": [{"Node Type": "Bitmap Index Scan", "Parent Relationship": "Outer", "Index Name": "orders_pkey", "Startup Cost": 0.0, "Total Cost": 0.6, "Plan Rows": 1, "Plan Width": 0, "Index Cond": "(o_orderkey = l2.l_orderkey)"}]}]}]}]}]}, "Unique SQL Id": 3870093320}, "explain_analyze_plan": {"Plan": {"Node Type": "Limit", "Startup Cost": 5102106.0, "Total Cost": 5102106.25, "Plan Rows": 100, "Plan Width": 26, "Actual Startup Time": 78393.198, "Actual Total Time": 78393.217, "Actual Rows": 100, "Actual Loops": 1, "Plans": [{"Node Type": "Sort", "Parent Relationship": "Outer", "Startup Cost": 5102106.0, "Total Cost": 5102128.93, "Plan Rows": 100, "Plan Width": 26, "Actual Startup Time": 78393.198, "Actual Total Time": 78393.204, "Actual Rows": 100, "Actual Loops": 1, "Sort Key": ["(count(*)) DESC", "supplier.s_name"], "Sort Method": "top-N heapsort", "Sort Space Used": 41, "Sort Space Type": "Memory", "Plans": [{"Node Type": "Aggregate", "Strategy": "Hashed", "Parent Relationship": "Outer", "Startup Cost": 5101663.73, "Total Cost": 5101755.45, "Plan Rows": 9172, "Plan Width": 26, "Actual Startup Time": 78389.699, "Actual Total Time": 78391.127, "Actual Rows": 3981, "Actual Loops": 1, "Group By Key": ["supplier.s_name"], "Plans": [{"Node Type": "Nested Loop", "Parent Relationship": "Outer", "Join Type": "Inner", "Startup Cost": 4592662.13, "Total Cost": 5101617.87, "Plan Rows": 9172, "Plan Width": 26, "Actual Startup Time": 40527.878, "Actual Total Time": 78315.065, "Actual Rows": 39445, "Actual Loops": 1, "Inner Unique": true, "Join Filter": "(l1.l_orderkey = orders.o_orderkey)", "Rows Removed by Join Filter": 0, "Plans": [{"Node Type": "Nested Loop", "Parent Relationship": "Outer", "Join Type": "Semi", "Startup Cost": 4592661.53, "Total Cost": 5068057.11, "Plan Rows": 7254, "Plan Width": 42, "Actual Startup Time": 40527.286, "Actual Total Time": 77333.381, "Actual Rows": 80537, "Actual Loops": 1, "Inner Unique": false, "Plans": [{"Node Type": "Nested Loop", "Parent Relationship": "Outer", "Join Type": "Anti", "Startup Cost": 4592660.71, "Total Cost": 5052878.56, "Plan Rows": 7635, "Plan Width": 42, "Actual Startup Time": 40527.11, "Actual Total Time": 76425.683, "Actual Rows": 135110, "Actual Loops": 1, "Inner Unique": false, "Plans": [{"Node Type": "Merge Join", "Parent Relationship": "Outer", "Join Type": "Inner", "Startup Cost": 4592659.88, "Total Cost": 4694165.48, "Plan Rows": 152707, "Plan Width": 42, "Actual Startup Time": 40526.718, "Actual Total Time": 56733.809, "Actual Rows": 1511024, "Actual Loops": 1, "Inner Unique": false, "Merge Cond": "(supplier.s_suppkey = l1.l_suppkey)", "Plans": [{"Node Type": "Sort", "Parent Relationship": "Outer", "Startup Cost": 2772.67, "Total Cost": 2782.67, "Plan Rows": 4000, "Plan Width": 34, "Actual Startup Time": 10.89, "Actual Total Time": 12.264, "Actual Rows": 3981, "Actual Loops": 1, "Sort Key": ["supplier.s_suppkey"], "Sort Method": "quicksort", "Sort Space Used": 470, "Sort Space Type": "Memory", "Plans": [{"Node Type": "Nested Loop", "Parent Relationship": "Outer", "Join Type": "Inner", "Startup Cost": 95.25, "Total Cost": 2533.35, "Plan Rows": 4000, "Plan Width": 34, "Actual Startup Time": 1.022, "Actual Total Time": 9.49, "Actual Rows": 3981, "Actual Loops": 1, "Inner Unique": false, "Plans": [{"Node Type": "Seq Scan", "Parent Relationship": "Outer", "Relation Name": "nation", "Alias": "nation", "Startup Cost": 0.0, "Total Cost": 1.31, "Plan Rows": 1, "Plan Width": 4, "Actual Startup Time": 0.022, "Actual Total Time": 0.034, "Actual Rows": 1, "Actual Loops": 1, "Filter": "(n_name = 'EGYPT'::bpchar)", "Rows Removed by Filter": 24}, {"Node Type": "Bitmap Heap Scan", "Parent Relationship": "Inner", "Relation Name": "supplier", "Alias": "supplier", "Startup Cost": 95.25, "Total Cost": 2492.04, "Plan Rows": 4000, "Plan Width": 38, "Actual Startup Time": 0.995, "Actual Total Time": 8.698, "Actual Rows": 3981, "Actual Loops": 1, "Recheck Cond": "(s_nationkey = nation.n_nationkey)", "Rows Removed by Index Recheck": 0, "Exact Heap Blocks": 1918, "Lossy Heap Blocks": 1918, "Plans": [{"Node Type": "Bitmap Index Scan", "Parent Relationship": "Outer", "Index Name": "idx_supplier_nation_key", "Startup Cost": 0.0, "Total Cost": 94.25, "Plan Rows": 4000, "Plan Width": 0, "Actual Startup Time": 0.696, "Actual Total Time": 0.696, "Actual Rows": 3981, "Actual Loops": 1, "Index Cond": "(s_nationkey = nation.n_nationkey)"}]}]}]}, {"Node Type": "Sort", "Parent Relationship": "Inner", "Startup Cost": 4589877.29, "Total Cost": 4639866.48, "Plan Rows": 19995678, "Plan Width": 16, "Actual Startup Time": 40508.325, "Actual Total Time": 51287.038, "Actual Rows": 37901086, "Actual Loops": 1, "Sort Key": ["l1.l_suppkey"], "Sort Method": "quicksort", "Sort Space Used": 5128741, "Sort Space Type": "Memory", "Plans": [{"Node Type": "Seq Scan", "Parent Relationship": "Outer", "Relation Name": "lineitem", "Alias": "l1", "Startup Cost": 0.0, "Total Cost": 2165082.91, "Plan Rows": 19995678, "Plan Width": 16, "Actual Startup Time": 0.032, "Actual Total Time": 26077.913, "Actual Rows": 37929348, "Actual Loops": 1, "Filter": "(l_receiptdate > l_commitdate), (LLVM Optimized, Jit Execute)", "Rows Removed by Filter": 22056704}]}]}, {"Node Type": "Bitmap Heap Scan", "Parent Relationship": "Inner", "Relation Name": "lineitem", "Alias": "l3", "Startup Cost": 0.82, "Total Cost": 8.97, "Plan Rows": 3, "Plan Width": 16, "Actual Startup Time": 17808.394, "Actual Total Time": 17808.394, "Actual Rows": 1375914, "Actual Loops": 1511024, "Recheck Cond": "(l_orderkey = l1.l_orderkey)", "Rows Removed by Index Recheck": 0, "Filter": "((l_receiptdate > l_commitdate) AND (l_suppkey <> l1.l_suppkey))", "Rows Removed by Filter": 1348115, "Exact Heap Blocks": 1539822, "Lossy Heap Blocks": 1539822, "Plans": [{"Node Type": "Bitmap Index Scan", "Parent Relationship": "Outer", "Index Name": "idx_lineitem_orderkey", "Startup Cost": 0.0, "Total Cost": 0.82, "Plan Rows": 9, "Plan Width": 0, "Actual Startup Time": 10287.614, "Actual Total Time": 10287.614, "Actual Rows": 7550552, "Actual Loops": 1511024, "Index Cond": "(l_orderkey = l1.l_orderkey)"}]}]}, {"Node Type": "Bitmap Heap Scan", "Parent Relationship": "Inner", "Relation Name": "lineitem", "Alias": "l2", "Startup Cost": 0.82, "Total Cost": 8.95, "Plan Rows": 9, "Plan Width": 16, "Actual Startup Time": 699.21, "Actual Total Time": 699.21, "Actual Rows": 80537, "Actual Loops": 135110, "Recheck Cond": "(l_orderkey = l1.l_orderkey)", "Rows Removed by Index Recheck": 0, "Filter": "(l_suppkey <> l1.l_suppkey)", "Rows Removed by Filter": 85912, "Exact Heap Blocks": 135868, "Lossy Heap Blocks": 135868, "Plans": [{"Node Type": "Bitmap Index Scan", "Parent Relationship": "Outer", "Index Name": "idx_lineitem_orderkey", "Startup Cost": 0.0, "Total Cost": 0.82, "Plan Rows": 9, "Plan Width": 0, "Actual Startup Time": 424.963, "Actual Total Time": 424.963, "Actual Rows": 287712, "Actual Loops": 135110, "Index Cond": "(l_orderkey = l1.l_orderkey)"}]}]}, {"Node Type": "Bitmap Heap Scan", "Parent Relationship": "Inner", "Relation Name": "orders", "Alias": "orders", "Startup Cost": 0.6, "Total Cost": 4.61, "Plan Rows": 1, "Plan Width": 8, "Actual Startup Time": 834.976, "Actual Total Time": 834.976, "Actual Rows": 39445, "Actual Loops": 80537, "Recheck Cond": "(o_orderkey = l2.l_orderkey)", "Rows Removed by Index Recheck": 0, "Filter": "(o_orderstatus = 'F'::bpchar)", "Rows Removed by Filter": 41092, "Exact Heap Blocks": 80537, "Lossy Heap Blocks": 80537, "Plans": [{"Node Type": "Bitmap Index Scan", "Parent Relationship": "Outer", "Index Name": "orders_pkey", "Startup Cost": 0.0, "Total Cost": 0.6, "Plan Rows": 1, "Plan Width": 0, "Actual Startup Time": 540.649, "Actual Total Time": 540.649, "Actual Rows": 80537, "Actual Loops": 80537, "Index Cond": "(o_orderkey = l2.l_orderkey)"}]}]}]}]}]}, "Triggers": [], "Planner Runtime": 7.335, "Total Runtime": 78414.887, "Unique SQL Id": 3870093320}}, "(1, 19)": {"explain_plan": {"Plan": {"Node Type": "Limit", "Startup Cost": 1000209392502.29, "Total Cost": 1000209392502.54, "Plan Rows": 100, "Plan Width": 26, "Plans": [{"Node Type": "Sort", "Parent Relationship": "Outer", "Startup Cost": 1000209392502.29, "Total Cost": 1000209392525.22, "Plan Rows": 100, "Plan Width": 26, "Sort Key": ["(count(*)) DESC", "supplier.s_name"], "Plans": [{"Node Type": "Aggregate", "Strategy": "Hashed", "Parent Relationship": "Outer", "Startup Cost": 1000209392060.03, "Total Cost": 1000209392151.75, "Plan Rows": 9172, "Plan Width": 26, "Group By Key": ["supplier.s_name"], "Plans": [{"Node Type": "Nested Loop", "Parent Relationship": "Outer", "Join Type": "Semi", "Startup Cost": 10000000003.33, "Total Cost": 1000209392014.17, "Plan Rows": 9172, "Plan Width": 26, "Inner Unique": false, "Join Filter": "(orders.o_orderkey = l2.l_orderkey)", "Plans": [{"Node Type": "Nested Loop", "Parent Relationship": "Outer", "Join Type": "Inner", "Startup Cost": 10000000002.51, "Total Cost": 1000209365752.63, "Plan Rows": 9655, "Plan Width": 50, "Inner Unique": true, "Plans": [{"Node Type": "Nested Loop", "Parent Relationship": "Outer", "Join Type": "Inner", "Startup Cost": 10000000002.25, "Total Cost": 1000208331993.1, "Plan Rows": 241373, "Plan Width": 54, "Inner Unique": true, "Plans": [{"Node Type": "Nested Loop", "Parent Relationship": "Outer", "Join Type": "Anti", "Startup Cost": 10000000001.7, "Total Cost": 1000202554809.43, "Plan Rows": 1264232, "Plan Width": 24, "Inner Unique": false, "Plans": [{"Node Type": "Nested Loop", "Parent Relationship": "Outer", "Join Type": "Inner", "Startup Cost": 10000000000.88, "Total Cost": 1000143161213.03, "Plan Rows": 25284641, "Plan Width": 24, "Inner Unique": false, "Plans": [{"Node Type": "Index Scan", "Parent Relationship": "Outer", "Scan Direction": "Forward", "Index Name": "orders_pkey", "Relation Name": "orders", "Alias": "orders", "Startup Cost": 10000000000.0, "Total Cost": 1000076847713.25, "Plan Rows": 7338812, "Plan Width": 8, "Filter": "(o_orderstatus = 'F'::bpchar), (LLVM Optimized)"}, {"Node Type": "Bitmap Heap Scan", "Parent Relationship": "Inner", "Relation Name": "lineitem", "Alias": "l1", "Startup Cost": 0.88, "Total Cost": 9.01, "Plan Rows": 3, "Plan Width": 16, "Recheck Cond": "(l_orderkey = orders.o_orderkey)", "Filter": "(l_receiptdate > l_commitdate)", "Plans": [{"Node Type": "Bitmap Index Scan", "Parent Relationship": "Outer", "Index Name": "idx_lineitem_orderkey", "Startup Cost": 0.0, "Total Cost": 0.88, "Plan Rows": 9, "Plan Width": 0, "Index Cond": "(l_orderkey = orders.o_orderkey)"}]}]}, {"Node Type": "Bitmap Heap Scan", "Parent Relationship": "Inner", "Relation Name": "lineitem", "Alias": "l3", "Startup Cost": 0.82, "Total Cost": 8.97, "Plan Rows": 3, "Plan Width": 16, "Recheck Cond": "(l_orderkey = l1.l_orderkey)", "Filter": "((l_receiptdate > l_commitdate) AND (l_suppkey <> l1.l_suppkey))", "Plans": [{"Node Type": "Bitmap Index Scan", "Parent Relationship": "Outer", "Index Name": "idx_lineitem_orderkey", "Startup Cost": 0.0, "Total Cost": 0.82, "Plan Rows": 9, "Plan Width": 0, "Index Cond": "(l_orderkey = l1.l_orderkey)"}]}]}, {"Node Type": "Bitmap Heap Scan", "Parent Relationship": "Inner", "Relation Name": "supplier", "Alias": "supplier", "Startup Cost": 0.55, "Total Cost": 4.56, "Plan Rows": 1, "Plan Width": 38, "Recheck Cond": "(s_suppkey = l1.l_suppkey)", "Plans": [{"Node Type": "Bitmap Index Scan", "Parent Relationship": "Outer", "Index Name": "supplier_pkey", "Startup Cost": 0.0, "Total Cost": 0.55, "Plan Rows": 1, "Plan Width": 0, "Index Cond": "(s_suppkey = l1.l_suppkey)"}]}]}, {"Node Type": "Bitmap Heap Scan", "Parent Relationship": "Inner", "Relation Name": "nation", "Alias": "nation", "Startup Cost": 0.26, "Total Cost": 4.27, "Plan Rows": 1, "Plan Width": 4, "Recheck Cond": "(n_nationkey = supplier.s_nationkey)", "Filter": "(n_name = 'EGYPT'::bpchar)", "Plans": [{"Node Type": "Bitmap Index Scan", "Parent Relationship": "Outer", "Index Name": "nation_pkey", "Startup Cost": 0.0, "Total Cost": 0.26, "Plan Rows": 1, "Plan Width": 0, "Index Cond": "(n_nationkey = supplier.s_nationkey)"}]}]}, {"Node Type": "Bitmap Heap Scan", "Parent Relationship": "Inner", "Relation Name": "lineitem", "Alias": "l2", "Startup Cost": 0.82, "Total Cost": 8.95, "Plan Rows": 9, "Plan Width": 16, "Recheck Cond": "(l_orderkey = l1.l_orderkey)", "Filter": "(l_suppkey <> l1.l_suppkey)", "Plans": [{"Node Type": "Bitmap Index Scan", "Parent Relationship": "Outer", "Index Name": "idx_lineitem_orderkey", "Startup Cost": 0.0, "Total Cost": 0.82, "Plan Rows": 9, "Plan Width": 0, "Index Cond": "(l_orderkey = l1.l_orderkey)"}]}]}]}]}]}, "Unique SQL Id": 3870093320}, "explain_analyze_plan": null}, "(1, 20)": {"explain_plan": {"Plan": {"Node Type": "Limit", "Startup Cost": 4750796.76, "Total Cost": 4750797.01, "Plan Rows": 100, "Plan Width": 26, "Plans": [{"Node Type": "Sort", "Parent Relationship": "Outer", "Startup Cost": 4750796.76, "Total Cost": 4750819.69, "Plan Rows": 100, "Plan Width": 26, "Sort Key": ["(count(*)) DESC", "supplier.s_name"], "Plans": [{"Node Type": "Aggregate", "Strategy": "Hashed", "Parent Relationship": "Outer", "Startup Cost": 4750354.5, "Total Cost": 4750446.22, "Plan Rows": 9172, "Plan Width": 26, "Group By Key": ["supplier.s_name"], "Plans": [{"Node Type": "Nested Loop", "Parent Relationship": "Outer", "Join Type": "Inner", "Startup Cost": 4592659.88, "Total Cost": 4750308.64, "Plan Rows": 9172, "Plan Width": 26, "Inner Unique": true, "Join Filter": "(l1.l_orderkey = orders.o_orderkey)", "Plans": [{"Node Type": "Nested Loop", "Parent Relationship": "Outer", "Join Type": "Semi", "Startup Cost": 4592659.88, "Total Cost": 4743208.27, "Plan Rows": 7254, "Plan Width": 42, "Inner Unique": false, "Plans": [{"Node Type": "Nested Loop", "Parent Relationship": "Outer", "Join Type": "Anti", "Startup Cost": 4592659.88, "Total Cost": 4741352.7, "Plan Rows": 7635, "Plan Width": 42, "Inner Unique": false, "Plans": [{"Node Type": "Merge Join", "Parent Relationship": "Outer", "Join Type": "Inner", "Startup Cost": 4592659.88, "Total Cost": 4694165.48, "Plan Rows": 152707, "Plan Width": 42, "Inner Unique": false, "Merge Cond": "(supplier.s_suppkey = l1.l_suppkey)", "Plans": [{"Node Type": "Sort", "Parent Relationship": "Outer", "Startup Cost": 2772.67, "Total Cost": 2782.67, "Plan Rows": 4000, "Plan Width": 34, "Sort Key": ["supplier.s_suppkey"], "Plans": [{"Node Type": "Nested Loop", "Parent Relationship": "Outer", "Join Type": "Inner", "Startup Cost": 95.25, "Total Cost": 2533.35, "Plan Rows": 4000, "Plan Width": 34, "Inner Unique": false, "Plans": [{"Node Type": "Seq Scan", "Parent Relationship": "Outer", "Relation Name": "nation", "Alias": "nation", "Startup Cost": 0.0, "Total Cost": 1.31, "Plan Rows": 1, "Plan Width": 4, "Filter": "(n_name = 'EGYPT'::bpchar)"}, {"Node Type": "Bitmap Heap Scan", "Parent Relationship": "Inner", "Relation Name": "supplier", "Alias": "supplier", "Startup Cost": 95.25, "Total Cost": 2492.04, "Plan Rows": 4000, "Plan Width": 38, "Recheck Cond": "(s_nationkey = nation.n_nationkey)", "Plans": [{"Node Type": "Bitmap Index Scan", "Parent Relationship": "Outer", "Index Name": "idx_supplier_nation_key", "Startup Cost": 0.0, "Total Cost": 94.25, "Plan Rows": 4000, "Plan Width": 0, "Index Cond": "(s_nationkey = nation.n_nationkey)"}]}]}]}, {"Node Type": "Sort", "Parent Relationship": "Inner", "Startup Cost": 4589877.29, "Total Cost": 4639866.48, "Plan Rows": 19995678, "Plan Width": 16, "Sort Key": ["l1.l_suppkey"], "Plans": [{"Node Type": "Seq Scan", "Parent Relationship": "Outer", "Relation Name": "lineitem", "Alias": "l1", "Startup Cost": 0.0, "Total Cost": 2165082.91, "Plan Rows": 19995678, "Plan Width": 16, "Filter": "(l_receiptdate > l_commitdate), (LLVM Optimized)"}]}]}, {"Node Type": "Index Scan", "Parent Relationship": "Inner", "Scan Direction": "Forward", "Index Name": "idx_lineitem_orderkey", "Relation Name": "lineitem", "Alias": "l3", "Startup Cost": 0.0, "Total Cost": 1.63, "Plan Rows": 3, "Plan Width": 16, "Index Cond": "(l_orderkey = l1.l_orderkey)", "Filter": "((l_receiptdate > l_commitdate) AND (l_suppkey <> l1.l_suppkey))"}]}, {"Node Type": "Index Scan", "Parent Relationship": "Inner", "Scan Direction": "Forward", "Index Name": "idx_lineitem_orderkey", "Relation Name": "lineitem", "Alias": "l2", "Startup Cost": 0.0, "Total Cost": 1.63, "Plan Rows": 9, "Plan Width": 16, "Index Cond": "(l_orderkey = l1.l_orderkey)", "Filter": "(l_suppkey <> l1.l_suppkey)"}]}, {"Node Type": "Index Scan", "Parent Relationship": "Inner", "Scan Direction": "Forward", "Index Name": "orders_pkey", "Relation Name": "orders", "Alias": "orders", "Startup Cost": 0.0, "Total Cost": 0.97, "Plan Rows": 1, "Plan Width": 8, "Index Cond": "(o_orderkey = l2.l_orderkey)", "Filter": "(o_orderstatus = 'F'::bpchar)"}]}]}]}]}, "Unique SQL Id": 3870093320}, "explain_analyze_plan": {"Plan": {"Node Type": "Limit", "Startup Cost": 4750796.76, "Total Cost": 4750797.01, "Plan Rows": 100, "Plan Width": 26, "Actual Startup Time": 74742.382, "Actual Total Time": 74742.401, "Actual Rows": 100, "Actual Loops": 1, "Plans": [{"Node Type": "Sort", "Parent Relationship": "Outer", "Startup Cost": 4750796.76, "Total Cost": 4750819.69, "Plan Rows": 100, "Plan Width": 26, "Actual Startup Time": 74742.38, "Actual Total Time": 74742.389, "Actual Rows": 100, "Actual Loops": 1, "Sort Key": ["(count(*)) DESC", "supplier.s_name"], "Sort Method": "top-N heapsort", "Sort Space Used": 41, "Sort Space Type": "Memory", "Plans": [{"Node Type": "Aggregate", "Strategy": "Hashed", "Parent Relationship": "Outer", "Startup Cost": 4750354.5, "Total Cost": 4750446.22, "Plan Rows": 9172, "Plan Width": 26, "Actual Startup Time": 74739.062, "Actual Total Time": 74740.33, "Actual Rows": 3981, "Actual Loops": 1, "Group By Key": ["supplier.s_name"], "Plans": [{"Node Type": "Nested Loop", "Parent Relationship": "Outer", "Join Type": "Inner", "Startup Cost": 4592659.88, "Total Cost": 4750308.64, "Plan Rows": 9172, "Plan Width": 26, "Actual Startup Time": 41048.781, "Actual Total Time": 74683.252, "Actual Rows": 39445, "Actual Loops": 1, "Inner Unique": true, "Join Filter": "(l1.l_orderkey = orders.o_orderkey)", "Rows Removed by Join Filter": 0, "Plans": [{"Node Type": "Nested Loop", "Parent Relationship": "Outer", "Join Type": "Semi", "Startup Cost": 4592659.88, "Total Cost": 4743208.27, "Plan Rows": 7254, "Plan Width": 42, "Actual Startup Time": 41048.245, "Actual Total Time": 73866.681, "Actual Rows": 80537, "Actual Loops": 1, "Inner Unique": false, "Plans": [{"Node Type": "Nested Loop", "Parent Relationship": "Outer", "Join Type": "Anti", "Startup Cost": 4592659.88, "Total Cost": 4741352.7, "Plan Rows": 7635, "Plan Width": 42, "Actual Startup Time": 41048.065, "Actual Total Time": 73246.054, "Actual Rows": 135110, "Actual Loops": 1, "Inner Unique": false, "Plans": [{"Node Type": "Merge Join", "Parent Relationship": "Outer", "Join Type": "Inner", "Startup Cost": 4592659.88, "Total Cost": 4694165.48, "Plan Rows": 152707, "Plan Width": 42, "Actual Startup Time": 41047.738, "Actual Total Time": 57992.729, "Actual Rows": 1511024, "Actual Loops": 1, "Inner Unique": false, "Merge Cond": "(supplier.s_suppkey = l1.l_suppkey)", "Plans": [{"Node Type": "Sort", "Parent Relationship": "Outer", "Startup Cost": 2772.67, "Total Cost": 2782.67, "Plan Rows": 4000, "Plan Width": 34, "Actual Startup Time": 8.094, "Actual Total Time": 9.36, "Actual Rows": 3981, "Actual Loops": 1, "Sort Key": ["supplier.s_suppkey"], "Sort Method": "quicksort", "Sort Space Used": 470, "Sort Space Type": "Memory", "Plans": [{"Node Type": "Nested Loop", "Parent Relationship": "Outer", "Join Type": "Inner", "Startup Cost": 95.25, "Total Cost": 2533.35, "Plan Rows": 4000, "Plan Width": 34, "Actual Startup Time": 1.009, "Actual Total Time": 6.838, "Actual Rows": 3981, "Actual Loops": 1, "Inner Unique": false, "Plans": [{"Node Type": "Seq Scan", "Parent Relationship": "Outer", "Relation Name": "nation", "Alias": "nation", "Startup Cost": 0.0, "Total Cost": 1.31, "Plan Rows": 1, "Plan Width": 4, "Actual Startup Time": 0.037, "Actual Total Time": 0.049, "Actual Rows": 1, "Actual Loops": 1, "Filter": "(n_name = 'EGYPT'::bpchar)", "Rows Removed by Filter": 24}, {"Node Type": "Bitmap Heap Scan", "Parent Relationship": "Inner", "Relation Name": "supplier", "Alias": "supplier", "Startup Cost": 95.25, "Total Cost": 2492.04, "Plan Rows": 4000, "Plan Width": 38, "Actual Startup Time": 0.965, "Actual Total Time": 6.017, "Actual Rows": 3981, "Actual Loops": 1, "Recheck Cond": "(s_nationkey = nation.n_nationkey)", "Rows Removed by Index Recheck": 0, "Exact Heap Blocks": 1918, "Lossy Heap Blocks": 1918, "Plans": [{"Node Type": "Bitmap Index Scan", "Parent Relationship": "Outer", "Index Name": "idx_supplier_nation_key", "Startup Cost": 0.0, "Total Cost": 94.25, "Plan Rows": 4000, "Plan Width": 0, "Actual Startup Time": 0.674, "Actual Total Time": 0.674, "Actual Rows": 3981, "Actual Loops": 1, "Index Cond": "(s_nationkey = nation.n_nationkey)"}]}]}]}, {"Node Type": "Sort", "Parent Relationship": "Inner", "Startup Cost": 4589877.29, "Total Cost": 4639866.48, "Plan Rows": 19995678, "Plan Width": 16, "Actual Startup Time": 41028.323, "Actual Total Time": 52608.15, "Actual Rows": 37901086, "Actual Loops": 1, "Sort Key": ["l1.l_suppkey"], "Sort Method": "quicksort", "Sort Space Used": 5128741, "Sort Space Type": "Memory", "Plans": [{"Node Type": "Seq Scan", "Parent Relationship": "Outer", "Relation Name": "lineitem", "Alias": "l1", "Startup Cost": 0.0, "Total Cost": 2165082.91, "Plan Rows": 19995678, "Plan Width": 16, "Actual Startup Time": 0.02, "Actual Total Time": 26482.328, "Actual Rows": 37929348, "Actual Loops": 1, "Filter": "(l_receiptdate > l_commitdate), (LLVM Optimized, Jit Execute)", "Rows Removed by Filter": 22056704}]}]}, {"Node Type": "Index Scan", "Parent Relationship": "Inner", "Scan Direction": "Forward", "Index Name": "idx_lineitem_orderkey", "Relation Name": "lineitem", "Alias": "l3", "Startup Cost": 0.0, "Total Cost": 1.63, "Plan Rows": 3, "Plan Width": 16, "Actual Startup Time": 14222.187, "Actual Total Time": 14222.187, "Actual Rows": 1375914, "Actual Loops": 1511024, "Index Cond": "(l_orderkey = l1.l_orderkey)", "Rows Removed by Index Recheck": 0, "Filter": "((l_receiptdate > l_commitdate) AND (l_suppkey <> l1.l_suppkey))", "Rows Removed by Filter": 1348115}]}, {"Node Type": "Index Scan", "Parent Relationship": "Inner", "Scan Direction": "Forward", "Index Name": "idx_lineitem_orderkey", "Relation Name": "lineitem", "Alias": "l2", "Startup Cost": 0.0, "Total Cost": 1.63, "Plan Rows": 9, "Plan Width": 16, "Actual Startup Time": 509.145, "Actual Total Time": 509.145, "Actual Rows": 80537, "Actual Loops": 135110, "Index Cond": "(l_orderkey = l1.l_orderkey)", "Rows Removed by Index Recheck": 0, "Filter": "(l_suppkey <> l1.l_suppkey)", "Rows Removed by Filter": 85912}]}, {"Node Type": "Index Scan", "Parent Relationship": "Inner", "Scan Direction": "Forward", "Index Name": "orders_pkey", "Relation Name": "orders", "Alias": "orders", "Startup Cost": 0.0, "Total Cost": 0.97, "Plan Rows": 1, "Plan Width": 8, "Actual Startup Time": 734.797, "Actual Total Time": 734.797, "Actual Rows": 39445, "Actual Loops": 80537, "Index Cond": "(o_orderkey = l2.l_orderkey)", "Rows Removed by Index Recheck": 0, "Filter": "(o_orderstatus = 'F'::bpchar)", "Rows Removed by Filter": 41092}]}]}]}]}, "Triggers": [], "Planner Runtime": 7.065, "Total Runtime": 74751.114, "Unique SQL Id": 3870093320}}, "(1, 21)": {"explain_plan": {"Plan": {"Node Type": "Limit", "Startup Cost": 5975846.55, "Total Cost": 5975846.8, "Plan Rows": 100, "Plan Width": 26, "Plans": [{"Node Type": "Sort", "Parent Relationship": "Outer", "Startup Cost": 5975846.55, "Total Cost": 5975869.48, "Plan Rows": 100, "Plan Width": 26, "Sort Key": ["(count(*)) DESC", "supplier.s_name"], "Plans": [{"Node Type": "Aggregate", "Strategy": "Hashed", "Parent Relationship": "Outer", "Startup Cost": 5975404.29, "Total Cost": 5975496.01, "Plan Rows": 9172, "Plan Width": 26, "Group By Key": ["supplier.s_name"], "Plans": [{"Node Type": "Nested Loop", "Parent Relationship": "Outer", "Join Type": "Inner", "Startup Cost": 5817709.67, "Total Cost": 5975358.43, "Plan Rows": 9172, "Plan Width": 26, "Inner Unique": true, "Join Filter": "(l1.l_orderkey = orders.o_orderkey)", "Plans": [{"Node Type": "Nested Loop", "Parent Relationship": "Outer", "Join Type": "Semi", "Startup Cost": 5817709.67, "Total Cost": 5968258.06, "Plan Rows": 7254, "Plan Width": 42, "Inner Unique": false, "Plans": [{"Node Type": "Nested Loop", "Parent Relationship": "Outer", "Join Type": "Anti", "Startup Cost": 5817709.67, "Total Cost": 5966402.49, "Plan Rows": 7635, "Plan Width": 42, "Inner Unique": false, "Plans": [{"Node Type": "Merge Join", "Parent Relationship": "Outer", "Join Type": "Inner", "Startup Cost": 5817709.67, "Total Cost": 5919215.27, "Plan Rows": 152707, "Plan Width": 42, "Inner Unique": false, "Merge Cond": "(supplier.s_suppkey = l1.l_suppkey)", "Plans": [{"Node Type": "Sort", "Parent Relationship": "Outer", "Startup Cost": 2784.04, "Total Cost": 2794.04, "Plan Rows": 4000, "Plan Width": 34, "Sort Key": ["supplier.s_suppkey"], "Plans": [{"Node Type": "Nested Loop", "Parent Relationship": "Outer", "Join Type": "Inner", "Startup Cost": 95.25, "Total Cost": 2544.73, "Plan Rows": 4000, "Plan Width": 34, "Inner Unique": false, "Plans": [{"Node Type": "Index Scan", "Parent Relationship": "Outer", "Scan Direction": "Forward", "Index Name": "nation_pkey", "Relation Name": "nation", "Alias": "nation", "Startup Cost": 0.0, "Total Cost": 12.69, "Plan Rows": 1, "Plan Width": 4, "Filter": "(n_name = 'EGYPT'::bpchar)"}, {"Node Type": "Bitmap Heap Scan", "Parent Relationship": "Inner", "Relation Name": "supplier", "Alias": "supplier", "Startup Cost": 95.25, "Total Cost": 2492.04, "Plan Rows": 4000, "Plan Width": 38, "Recheck Cond": "(s_nationkey = nation.n_nationkey)", "Plans": [{"Node Type": "Bitmap Index Scan", "Parent Relationship": "Outer", "Index Name": "idx_supplier_nation_key", "Startup Cost": 0.0, "Total Cost": 94.25, "Plan Rows": 4000, "Plan Width": 0, "Index Cond": "(s_nationkey = nation.n_nationkey)"}]}]}]}, {"Node Type": "Sort", "Parent Relationship": "Inner", "Startup Cost": 5814915.7, "Total Cost": 5864904.9, "Plan Rows": 19995678, "Plan Width": 16, "Sort Key": ["l1.l_suppkey"], "Plans": [{"Node Type": "Index Scan", "Parent Relationship": "Outer", "Scan Direction": "Forward", "Index Name": "idx_lineitem_orderkey", "Relation Name": "lineitem", "Alias": "l1", "Startup Cost": 0.0, "Total Cost": 3390121.33, "Plan Rows": 19995678, "Plan Width": 16, "Filter": "(l_receiptdate > l_commitdate), (LLVM Optimized)"}]}]}, {"Node Type": "Index Scan", "Parent Relationship": "Inner", "Scan Direction": "Forward", "Index Name": "idx_lineitem_orderkey", "Relation Name": "lineitem", "Alias": "l3", "Startup Cost": 0.0, "Total Cost": 1.63, "Plan Rows": 3, "Plan Width": 16, "Index Cond": "(l_orderkey = l1.l_orderkey)", "Filter": "((l_receiptdate > l_commitdate) AND (l_suppkey <> l1.l_suppkey))"}]}, {"Node Type": "Index Scan", "Parent Relationship": "Inner", "Scan Direction": "Forward", "Index Name": "idx_lineitem_orderkey", "Relation Name": "lineitem", "Alias": "l2", "Startup Cost": 0.0, "Total Cost": 1.63, "Plan Rows": 9, "Plan Width": 16, "Index Cond": "(l_orderkey = l1.l_orderkey)", "Filter": "(l_suppkey <> l1.l_suppkey)"}]}, {"Node Type": "Index Scan", "Parent Relationship": "Inner", "Scan Direction": "Forward", "Index Name": "orders_pkey", "Relation Name": "orders", "Alias": "orders", "Startup Cost": 0.0, "Total Cost": 0.97, "Plan Rows": 1, "Plan Width": 8, "Index Cond": "(o_orderkey = l2.l_orderkey)", "Filter": "(o_orderstatus = 'F'::bpchar)"}]}]}]}]}, "Unique SQL Id": 3870093320}, "explain_analyze_plan": null}, "(1, 22)": {"explain_plan": {"Plan": {"Node Type": "Limit", "Startup Cost": 5102106.0, "Total Cost": 5102106.25, "Plan Rows": 100, "Plan Width": 26, "Plans": [{"Node Type": "Sort", "Parent Relationship": "Outer", "Startup Cost": 5102106.0, "Total Cost": 5102128.93, "Plan Rows": 100, "Plan Width": 26, "Sort Key": ["(count(*)) DESC", "supplier.s_name"], "Plans": [{"Node Type": "Aggregate", "Strategy": "Hashed", "Parent Relationship": "Outer", "Startup Cost": 5101663.73, "Total Cost": 5101755.45, "Plan Rows": 9172, "Plan Width": 26, "Group By Key": ["supplier.s_name"], "Plans": [{"Node Type": "Nested Loop", "Parent Relationship": "Outer", "Join Type": "Inner", "Startup Cost": 4592662.13, "Total Cost": 5101617.87, "Plan Rows": 9172, "Plan Width": 26, "Inner Unique": true, "Join Filter": "(l1.l_orderkey = orders.o_orderkey)", "Plans": [{"Node Type": "Nested Loop", "Parent Relationship": "Outer", "Join Type": "Semi", "Startup Cost": 4592661.53, "Total Cost": 5068057.11, "Plan Rows": 7254, "Plan Width": 42, "Inner Unique": false, "Plans": [{"Node Type": "Nested Loop", "Parent Relationship": "Outer", "Join Type": "Anti", "Startup Cost": 4592660.71, "Total Cost": 5052878.56, "Plan Rows": 7635, "Plan Width": 42, "Inner Unique": false, "Plans": [{"Node Type": "Merge Join", "Parent Relationship": "Outer", "Join Type": "Inner", "Startup Cost": 4592659.88, "Total Cost": 4694165.48, "Plan Rows": 152707, "Plan Width": 42, "Inner Unique": false, "Merge Cond": "(supplier.s_suppkey = l1.l_suppkey)", "Plans": [{"Node Type": "Sort", "Parent Relationship": "Outer", "Startup Cost": 2772.67, "Total Cost": 2782.67, "Plan Rows": 4000, "Plan Width": 34, "Sort Key": ["supplier.s_suppkey"], "Plans": [{"Node Type": "Nested Loop", "Parent Relationship": "Outer", "Join Type": "Inner", "Startup Cost": 95.25, "Total Cost": 2533.35, "Plan Rows": 4000, "Plan Width": 34, "Inner Unique": false, "Plans": [{"Node Type": "Seq Scan", "Parent Relationship": "Outer", "Relation Name": "nation", "Alias": "nation", "Startup Cost": 0.0, "Total Cost": 1.31, "Plan Rows": 1, "Plan Width": 4, "Filter": "(n_name = 'EGYPT'::bpchar)"}, {"Node Type": "Bitmap Heap Scan", "Parent Relationship": "Inner", "Relation Name": "supplier", "Alias": "supplier", "Startup Cost": 95.25, "Total Cost": 2492.04, "Plan Rows": 4000, "Plan Width": 38, "Recheck Cond": "(s_nationkey = nation.n_nationkey)", "Plans": [{"Node Type": "Bitmap Index Scan", "Parent Relationship": "Outer", "Index Name": "idx_supplier_nation_key", "Startup Cost": 0.0, "Total Cost": 94.25, "Plan Rows": 4000, "Plan Width": 0, "Index Cond": "(s_nationkey = nation.n_nationkey)"}]}]}]}, {"Node Type": "Sort", "Parent Relationship": "Inner", "Startup Cost": 4589877.29, "Total Cost": 4639866.48, "Plan Rows": 19995678, "Plan Width": 16, "Sort Key": ["l1.l_suppkey"], "Plans": [{"Node Type": "Seq Scan", "Parent Relationship": "Outer", "Relation Name": "lineitem", "Alias": "l1", "Startup Cost": 0.0, "Total Cost": 2165082.91, "Plan Rows": 19995678, "Plan Width": 16, "Filter": "(l_receiptdate > l_commitdate), (LLVM Optimized)"}]}]}, {"Node Type": "Bitmap Heap Scan", "Parent Relationship": "Inner", "Relation Name": "lineitem", "Alias": "l3", "Startup Cost": 0.82, "Total Cost": 8.97, "Plan Rows": 3, "Plan Width": 16, "Recheck Cond": "(l_orderkey = l1.l_orderkey)", "Filter": "((l_receiptdate > l_commitdate) AND (l_suppkey <> l1.l_suppkey))", "Plans": [{"Node Type": "Bitmap Index Scan", "Parent Relationship": "Outer", "Index Name": "idx_lineitem_orderkey", "Startup Cost": 0.0, "Total Cost": 0.82, "Plan Rows": 9, "Plan Width": 0, "Index Cond": "(l_orderkey = l1.l_orderkey)"}]}]}, {"Node Type": "Bitmap Heap Scan", "Parent Relationship": "Inner", "Relation Name": "lineitem", "Alias": "l2", "Startup Cost": 0.82, "Total Cost": 8.95, "Plan Rows": 9, "Plan Width": 16, "Recheck Cond": "(l_orderkey = l1.l_orderkey)", "Filter": "(l_suppkey <> l1.l_suppkey)", "Plans": [{"Node Type": "Bitmap Index Scan", "Parent Relationship": "Outer", "Index Name": "idx_lineitem_orderkey", "Startup Cost": 0.0, "Total Cost": 0.82, "Plan Rows": 9, "Plan Width": 0, "Index Cond": "(l_orderkey = l1.l_orderkey)"}]}]}, {"Node Type": "Bitmap Heap Scan", "Parent Relationship": "Inner", "Relation Name": "orders", "Alias": "orders", "Startup Cost": 0.6, "Total Cost": 4.61, "Plan Rows": 1, "Plan Width": 8, "Recheck Cond": "(o_orderkey = l2.l_orderkey)", "Filter": "(o_orderstatus = 'F'::bpchar)", "Plans": [{"Node Type": "Bitmap Index Scan", "Parent Relationship": "Outer", "Index Name": "orders_pkey", "Startup Cost": 0.0, "Total Cost": 0.6, "Plan Rows": 1, "Plan Width": 0, "Index Cond": "(o_orderkey = l2.l_orderkey)"}]}]}]}]}]}, "Unique SQL Id": 3870093320}, "explain_analyze_plan": {"Plan": {"Node Type": "Limit", "Startup Cost": 5102106.0, "Total Cost": 5102106.25, "Plan Rows": 100, "Plan Width": 26, "Actual Startup Time": 78393.198, "Actual Total Time": 78393.217, "Actual Rows": 100, "Actual Loops": 1, "Plans": [{"Node Type": "Sort", "Parent Relationship": "Outer", "Startup Cost": 5102106.0, "Total Cost": 5102128.93, "Plan Rows": 100, "Plan Width": 26, "Actual Startup Time": 78393.198, "Actual Total Time": 78393.204, "Actual Rows": 100, "Actual Loops": 1, "Sort Key": ["(count(*)) DESC", "supplier.s_name"], "Sort Method": "top-N heapsort", "Sort Space Used": 41, "Sort Space Type": "Memory", "Plans": [{"Node Type": "Aggregate", "Strategy": "Hashed", "Parent Relationship": "Outer", "Startup Cost": 5101663.73, "Total Cost": 5101755.45, "Plan Rows": 9172, "Plan Width": 26, "Actual Startup Time": 78389.699, "Actual Total Time": 78391.127, "Actual Rows": 3981, "Actual Loops": 1, "Group By Key": ["supplier.s_name"], "Plans": [{"Node Type": "Nested Loop", "Parent Relationship": "Outer", "Join Type": "Inner", "Startup Cost": 4592662.13, "Total Cost": 5101617.87, "Plan Rows": 9172, "Plan Width": 26, "Actual Startup Time": 40527.878, "Actual Total Time": 78315.065, "Actual Rows": 39445, "Actual Loops": 1, "Inner Unique": true, "Join Filter": "(l1.l_orderkey = orders.o_orderkey)", "Rows Removed by Join Filter": 0, "Plans": [{"Node Type": "Nested Loop", "Parent Relationship": "Outer", "Join Type": "Semi", "Startup Cost": 4592661.53, "Total Cost": 5068057.11, "Plan Rows": 7254, "Plan Width": 42, "Actual Startup Time": 40527.286, "Actual Total Time": 77333.381, "Actual Rows": 80537, "Actual Loops": 1, "Inner Unique": false, "Plans": [{"Node Type": "Nested Loop", "Parent Relationship": "Outer", "Join Type": "Anti", "Startup Cost": 4592660.71, "Total Cost": 5052878.56, "Plan Rows": 7635, "Plan Width": 42, "Actual Startup Time": 40527.11, "Actual Total Time": 76425.683, "Actual Rows": 135110, "Actual Loops": 1, "Inner Unique": false, "Plans": [{"Node Type": "Merge Join", "Parent Relationship": "Outer", "Join Type": "Inner", "Startup Cost": 4592659.88, "Total Cost": 4694165.48, "Plan Rows": 152707, "Plan Width": 42, "Actual Startup Time": 40526.718, "Actual Total Time": 56733.809, "Actual Rows": 1511024, "Actual Loops": 1, "Inner Unique": false, "Merge Cond": "(supplier.s_suppkey = l1.l_suppkey)", "Plans": [{"Node Type": "Sort", "Parent Relationship": "Outer", "Startup Cost": 2772.67, "Total Cost": 2782.67, "Plan Rows": 4000, "Plan Width": 34, "Actual Startup Time": 10.89, "Actual Total Time": 12.264, "Actual Rows": 3981, "Actual Loops": 1, "Sort Key": ["supplier.s_suppkey"], "Sort Method": "quicksort", "Sort Space Used": 470, "Sort Space Type": "Memory", "Plans": [{"Node Type": "Nested Loop", "Parent Relationship": "Outer", "Join Type": "Inner", "Startup Cost": 95.25, "Total Cost": 2533.35, "Plan Rows": 4000, "Plan Width": 34, "Actual Startup Time": 1.022, "Actual Total Time": 9.49, "Actual Rows": 3981, "Actual Loops": 1, "Inner Unique": false, "Plans": [{"Node Type": "Seq Scan", "Parent Relationship": "Outer", "Relation Name": "nation", "Alias": "nation", "Startup Cost": 0.0, "Total Cost": 1.31, "Plan Rows": 1, "Plan Width": 4, "Actual Startup Time": 0.022, "Actual Total Time": 0.034, "Actual Rows": 1, "Actual Loops": 1, "Filter": "(n_name = 'EGYPT'::bpchar)", "Rows Removed by Filter": 24}, {"Node Type": "Bitmap Heap Scan", "Parent Relationship": "Inner", "Relation Name": "supplier", "Alias": "supplier", "Startup Cost": 95.25, "Total Cost": 2492.04, "Plan Rows": 4000, "Plan Width": 38, "Actual Startup Time": 0.995, "Actual Total Time": 8.698, "Actual Rows": 3981, "Actual Loops": 1, "Recheck Cond": "(s_nationkey = nation.n_nationkey)", "Rows Removed by Index Recheck": 0, "Exact Heap Blocks": 1918, "Lossy Heap Blocks": 1918, "Plans": [{"Node Type": "Bitmap Index Scan", "Parent Relationship": "Outer", "Index Name": "idx_supplier_nation_key", "Startup Cost": 0.0, "Total Cost": 94.25, "Plan Rows": 4000, "Plan Width": 0, "Actual Startup Time": 0.696, "Actual Total Time": 0.696, "Actual Rows": 3981, "Actual Loops": 1, "Index Cond": "(s_nationkey = nation.n_nationkey)"}]}]}]}, {"Node Type": "Sort", "Parent Relationship": "Inner", "Startup Cost": 4589877.29, "Total Cost": 4639866.48, "Plan Rows": 19995678, "Plan Width": 16, "Actual Startup Time": 40508.325, "Actual Total Time": 51287.038, "Actual Rows": 37901086, "Actual Loops": 1, "Sort Key": ["l1.l_suppkey"], "Sort Method": "quicksort", "Sort Space Used": 5128741, "Sort Space Type": "Memory", "Plans": [{"Node Type": "Seq Scan", "Parent Relationship": "Outer", "Relation Name": "lineitem", "Alias": "l1", "Startup Cost": 0.0, "Total Cost": 2165082.91, "Plan Rows": 19995678, "Plan Width": 16, "Actual Startup Time": 0.032, "Actual Total Time": 26077.913, "Actual Rows": 37929348, "Actual Loops": 1, "Filter": "(l_receiptdate > l_commitdate), (LLVM Optimized, Jit Execute)", "Rows Removed by Filter": 22056704}]}]}, {"Node Type": "Bitmap Heap Scan", "Parent Relationship": "Inner", "Relation Name": "lineitem", "Alias": "l3", "Startup Cost": 0.82, "Total Cost": 8.97, "Plan Rows": 3, "Plan Width": 16, "Actual Startup Time": 17808.394, "Actual Total Time": 17808.394, "Actual Rows": 1375914, "Actual Loops": 1511024, "Recheck Cond": "(l_orderkey = l1.l_orderkey)", "Rows Removed by Index Recheck": 0, "Filter": "((l_receiptdate > l_commitdate) AND (l_suppkey <> l1.l_suppkey))", "Rows Removed by Filter": 1348115, "Exact Heap Blocks": 1539822, "Lossy Heap Blocks": 1539822, "Plans": [{"Node Type": "Bitmap Index Scan", "Parent Relationship": "Outer", "Index Name": "idx_lineitem_orderkey", "Startup Cost": 0.0, "Total Cost": 0.82, "Plan Rows": 9, "Plan Width": 0, "Actual Startup Time": 10287.614, "Actual Total Time": 10287.614, "Actual Rows": 7550552, "Actual Loops": 1511024, "Index Cond": "(l_orderkey = l1.l_orderkey)"}]}]}, {"Node Type": "Bitmap Heap Scan", "Parent Relationship": "Inner", "Relation Name": "lineitem", "Alias": "l2", "Startup Cost": 0.82, "Total Cost": 8.95, "Plan Rows": 9, "Plan Width": 16, "Actual Startup Time": 699.21, "Actual Total Time": 699.21, "Actual Rows": 80537, "Actual Loops": 135110, "Recheck Cond": "(l_orderkey = l1.l_orderkey)", "Rows Removed by Index Recheck": 0, "Filter": "(l_suppkey <> l1.l_suppkey)", "Rows Removed by Filter": 85912, "Exact Heap Blocks": 135868, "Lossy Heap Blocks": 135868, "Plans": [{"Node Type": "Bitmap Index Scan", "Parent Relationship": "Outer", "Index Name": "idx_lineitem_orderkey", "Startup Cost": 0.0, "Total Cost": 0.82, "Plan Rows": 9, "Plan Width": 0, "Actual Startup Time": 424.963, "Actual Total Time": 424.963, "Actual Rows": 287712, "Actual Loops": 135110, "Index Cond": "(l_orderkey = l1.l_orderkey)"}]}]}, {"Node Type": "Bitmap Heap Scan", "Parent Relationship": "Inner", "Relation Name": "orders", "Alias": "orders", "Startup Cost": 0.6, "Total Cost": 4.61, "Plan Rows": 1, "Plan Width": 8, "Actual Startup Time": 834.976, "Actual Total Time": 834.976, "Actual Rows": 39445, "Actual Loops": 80537, "Recheck Cond": "(o_orderkey = l2.l_orderkey)", "Rows Removed by Index Recheck": 0, "Filter": "(o_orderstatus = 'F'::bpchar)", "Rows Removed by Filter": 41092, "Exact Heap Blocks": 80537, "Lossy Heap Blocks": 80537, "Plans": [{"Node Type": "Bitmap Index Scan", "Parent Relationship": "Outer", "Index Name": "orders_pkey", "Startup Cost": 0.0, "Total Cost": 0.6, "Plan Rows": 1, "Plan Width": 0, "Actual Startup Time": 540.649, "Actual Total Time": 540.649, "Actual Rows": 80537, "Actual Loops": 80537, "Index Cond": "(o_orderkey = l2.l_orderkey)"}]}]}]}]}]}, "Triggers": [], "Planner Runtime": 7.335, "Total Runtime": 78414.887, "Unique SQL Id": 3870093320}}, "(1, 23)": {"explain_plan": {"Plan": {"Node Type": "Limit", "Startup Cost": 1000209392502.29, "Total Cost": 1000209392502.54, "Plan Rows": 100, "Plan Width": 26, "Plans": [{"Node Type": "Sort", "Parent Relationship": "Outer", "Startup Cost": 1000209392502.29, "Total Cost": 1000209392525.22, "Plan Rows": 100, "Plan Width": 26, "Sort Key": ["(count(*)) DESC", "supplier.s_name"], "Plans": [{"Node Type": "Aggregate", "Strategy": "Hashed", "Parent Relationship": "Outer", "Startup Cost": 1000209392060.03, "Total Cost": 1000209392151.75, "Plan Rows": 9172, "Plan Width": 26, "Group By Key": ["supplier.s_name"], "Plans": [{"Node Type": "Nested Loop", "Parent Relationship": "Outer", "Join Type": "Semi", "Startup Cost": 10000000003.33, "Total Cost": 1000209392014.17, "Plan Rows": 9172, "Plan Width": 26, "Inner Unique": false, "Join Filter": "(orders.o_orderkey = l2.l_orderkey)", "Plans": [{"Node Type": "Nested Loop", "Parent Relationship": "Outer", "Join Type": "Inner", "Startup Cost": 10000000002.51, "Total Cost": 1000209365752.63, "Plan Rows": 9655, "Plan Width": 50, "Inner Unique": true, "Plans": [{"Node Type": "Nested Loop", "Parent Relationship": "Outer", "Join Type": "Inner", "Startup Cost": 10000000002.25, "Total Cost": 1000208331993.1, "Plan Rows": 241373, "Plan Width": 54, "Inner Unique": true, "Plans": [{"Node Type": "Nested Loop", "Parent Relationship": "Outer", "Join Type": "Anti", "Startup Cost": 10000000001.7, "Total Cost": 1000202554809.43, "Plan Rows": 1264232, "Plan Width": 24, "Inner Unique": false, "Plans": [{"Node Type": "Nested Loop", "Parent Relationship": "Outer", "Join Type": "Inner", "Startup Cost": 10000000000.88, "Total Cost": 1000143161213.03, "Plan Rows": 25284641, "Plan Width": 24, "Inner Unique": false, "Plans": [{"Node Type": "Index Scan", "Parent Relationship": "Outer", "Scan Direction": "Forward", "Index Name": "orders_pkey", "Relation Name": "orders", "Alias": "orders", "Startup Cost": 10000000000.0, "Total Cost": 1000076847713.25, "Plan Rows": 7338812, "Plan Width": 8, "Filter": "(o_orderstatus = 'F'::bpchar), (LLVM Optimized)"}, {"Node Type": "Bitmap Heap Scan", "Parent Relationship": "Inner", "Relation Name": "lineitem", "Alias": "l1", "Startup Cost": 0.88, "Total Cost": 9.01, "Plan Rows": 3, "Plan Width": 16, "Recheck Cond": "(l_orderkey = orders.o_orderkey)", "Filter": "(l_receiptdate > l_commitdate)", "Plans": [{"Node Type": "Bitmap Index Scan", "Parent Relationship": "Outer", "Index Name": "idx_lineitem_orderkey", "Startup Cost": 0.0, "Total Cost": 0.88, "Plan Rows": 9, "Plan Width": 0, "Index Cond": "(l_orderkey = orders.o_orderkey)"}]}]}, {"Node Type": "Bitmap Heap Scan", "Parent Relationship": "Inner", "Relation Name": "lineitem", "Alias": "l3", "Startup Cost": 0.82, "Total Cost": 8.97, "Plan Rows": 3, "Plan Width": 16, "Recheck Cond": "(l_orderkey = l1.l_orderkey)", "Filter": "((l_receiptdate > l_commitdate) AND (l_suppkey <> l1.l_suppkey))", "Plans": [{"Node Type": "Bitmap Index Scan", "Parent Relationship": "Outer", "Index Name": "idx_lineitem_orderkey", "Startup Cost": 0.0, "Total Cost": 0.82, "Plan Rows": 9, "Plan Width": 0, "Index Cond": "(l_orderkey = l1.l_orderkey)"}]}]}, {"Node Type": "Bitmap Heap Scan", "Parent Relationship": "Inner", "Relation Name": "supplier", "Alias": "supplier", "Startup Cost": 0.55, "Total Cost": 4.56, "Plan Rows": 1, "Plan Width": 38, "Recheck Cond": "(s_suppkey = l1.l_suppkey)", "Plans": [{"Node Type": "Bitmap Index Scan", "Parent Relationship": "Outer", "Index Name": "supplier_pkey", "Startup Cost": 0.0, "Total Cost": 0.55, "Plan Rows": 1, "Plan Width": 0, "Index Cond": "(s_suppkey = l1.l_suppkey)"}]}]}, {"Node Type": "Bitmap Heap Scan", "Parent Relationship": "Inner", "Relation Name": "nation", "Alias": "nation", "Startup Cost": 0.26, "Total Cost": 4.27, "Plan Rows": 1, "Plan Width": 4, "Recheck Cond": "(n_nationkey = supplier.s_nationkey)", "Filter": "(n_name = 'EGYPT'::bpchar)", "Plans": [{"Node Type": "Bitmap Index Scan", "Parent Relationship": "Outer", "Index Name": "nation_pkey", "Startup Cost": 0.0, "Total Cost": 0.26, "Plan Rows": 1, "Plan Width": 0, "Index Cond": "(n_nationkey = supplier.s_nationkey)"}]}]}, {"Node Type": "Bitmap Heap Scan", "Parent Relationship": "Inner", "Relation Name": "lineitem", "Alias": "l2", "Startup Cost": 0.82, "Total Cost": 8.95, "Plan Rows": 9, "Plan Width": 16, "Recheck Cond": "(l_orderkey = l1.l_orderkey)", "Filter": "(l_suppkey <> l1.l_suppkey)", "Plans": [{"Node Type": "Bitmap Index Scan", "Parent Relationship": "Outer", "Index Name": "idx_lineitem_orderkey", "Startup Cost": 0.0, "Total Cost": 0.82, "Plan Rows": 9, "Plan Width": 0, "Index Cond": "(l_orderkey = l1.l_orderkey)"}]}]}]}]}]}, "Unique SQL Id": 3870093320}, "explain_analyze_plan": null}, "(1, 24)": {"explain_plan": {"Plan": {"Node Type": "Limit", "Startup Cost": 4752797.73, "Total Cost": 4752797.98, "Plan Rows": 100, "Plan Width": 26, "Plans": [{"Node Type": "Sort", "Parent Relationship": "Outer", "Startup Cost": 4752797.73, "Total Cost": 4752820.66, "Plan Rows": 100, "Plan Width": 26, "Sort Key": ["(count(*)) DESC", "supplier.s_name"], "Plans": [{"Node Type": "Aggregate", "Strategy": "Hashed", "Parent Relationship": "Outer", "Startup Cost": 4752355.46, "Total Cost": 4752447.18, "Plan Rows": 9172, "Plan Width": 26, "Group By Key": ["supplier.s_name"], "Plans": [{"Node Type": "Nested Loop", "Parent Relationship": "Outer", "Join Type": "Inner", "Startup Cost": 4594660.85, "Total Cost": 4752309.6, "Plan Rows": 9172, "Plan Width": 26, "Inner Unique": true, "Join Filter": "(l1.l_orderkey = orders.o_orderkey)", "Plans": [{"Node Type": "Nested Loop", "Parent Relationship": "Outer", "Join Type": "Semi", "Startup Cost": 4594660.85, "Total Cost": 4745209.23, "Plan Rows": 7254, "Plan Width": 42, "Inner Unique": false, "Plans": [{"Node Type": "Nested Loop", "Parent Relationship": "Outer", "Join Type": "Anti", "Startup Cost": 4594660.85, "Total Cost": 4743353.66, "Plan Rows": 7635, "Plan Width": 42, "Inner Unique": false, "Plans": [{"Node Type": "Merge Join", "Parent Relationship": "Outer", "Join Type": "Inner", "Startup Cost": 4594660.85, "Total Cost": 4696166.45, "Plan Rows": 152707, "Plan Width": 42, "Inner Unique": false, "Merge Cond": "(supplier.s_suppkey = l1.l_suppkey)", "Plans": [{"Node Type": "Sort", "Parent Relationship": "Outer", "Startup Cost": 4773.63, "Total Cost": 4783.63, "Plan Rows": 4000, "Plan Width": 34, "Sort Key": ["supplier.s_suppkey"], "Plans": [{"Node Type": "Nested Loop", "Parent Relationship": "Outer", "Join Type": "Inner", "Startup Cost": 0.0, "Total Cost": 4534.31, "Plan Rows": 4000, "Plan Width": 34, "Inner Unique": false, "Join Filter": "(supplier.s_nationkey = nation.n_nationkey)", "Plans": [{"Node Type": "Seq Scan", "Parent Relationship": "Outer", "Relation Name": "nation", "Alias": "nation", "Startup Cost": 0.0, "Total Cost": 1.31, "Plan Rows": 1, "Plan Width": 4, "Filter": "(n_name = 'EGYPT'::bpchar)"}, {"Node Type": "Seq Scan", "Parent Relationship": "Inner", "Relation Name": "supplier", "Alias": "supplier", "Startup Cost": 0.0, "Total Cost": 3283.0, "Plan Rows": 100000, "Plan Width": 38}]}]}, {"Node Type": "Sort", "Parent Relationship": "Inner", "Startup Cost": 4589877.29, "Total Cost": 4639866.48, "Plan Rows": 19995678, "Plan Width": 16, "Sort Key": ["l1.l_suppkey"], "Plans": [{"Node Type": "Seq Scan", "Parent Relationship": "Outer", "Relation Name": "lineitem", "Alias": "l1", "Startup Cost": 0.0, "Total Cost": 2165082.91, "Plan Rows": 19995678, "Plan Width": 16, "Filter": "(l_receiptdate > l_commitdate), (LLVM Optimized)"}]}]}, {"Node Type": "Index Scan", "Parent Relationship": "Inner", "Scan Direction": "Forward", "Index Name": "idx_lineitem_orderkey", "Relation Name": "lineitem", "Alias": "l3", "Startup Cost": 0.0, "Total Cost": 1.63, "Plan Rows": 3, "Plan Width": 16, "Index Cond": "(l_orderkey = l1.l_orderkey)", "Filter": "((l_receiptdate > l_commitdate) AND (l_suppkey <> l1.l_suppkey))"}]}, {"Node Type": "Index Scan", "Parent Relationship": "Inner", "Scan Direction": "Forward", "Index Name": "idx_lineitem_orderkey", "Relation Name": "lineitem", "Alias": "l2", "Startup Cost": 0.0, "Total Cost": 1.63, "Plan Rows": 9, "Plan Width": 16, "Index Cond": "(l_orderkey = l1.l_orderkey)", "Filter": "(l_suppkey <> l1.l_suppkey)"}]}, {"Node Type": "Index Scan", "Parent Relationship": "Inner", "Scan Direction": "Forward", "Index Name": "orders_pkey", "Relation Name": "orders", "Alias": "orders", "Startup Cost": 0.0, "Total Cost": 0.97, "Plan Rows": 1, "Plan Width": 8, "Index Cond": "(o_orderkey = l2.l_orderkey)", "Filter": "(o_orderstatus = 'F'::bpchar)"}]}]}]}]}, "Unique SQL Id": 3870093320}, "explain_analyze_plan": {"Plan": {"Node Type": "Limit", "Startup Cost": 4752797.73, "Total Cost": 4752797.98, "Plan Rows": 100, "Plan Width": 26, "Actual Startup Time": 72749.484, "Actual Total Time": 72749.5, "Actual Rows": 100, "Actual Loops": 1, "Plans": [{"Node Type": "Sort", "Parent Relationship": "Outer", "Startup Cost": 4752797.73, "Total Cost": 4752820.66, "Plan Rows": 100, "Plan Width": 26, "Actual Startup Time": 72749.482, "Actual Total Time": 72749.485, "Actual Rows": 100, "Actual Loops": 1, "Sort Key": ["(count(*)) DESC", "supplier.s_name"], "Sort Method": "top-N heapsort", "Sort Space Used": 41, "Sort Space Type": "Memory", "Plans": [{"Node Type": "Aggregate", "Strategy": "Hashed", "Parent Relationship": "Outer", "Startup Cost": 4752355.46, "Total Cost": 4752447.18, "Plan Rows": 9172, "Plan Width": 26, "Actual Startup Time": 72746.092, "Actual Total Time": 72747.337, "Actual Rows": 3981, "Actual Loops": 1, "Group By Key": ["supplier.s_name"], "Plans": [{"Node Type": "Nested Loop", "Parent Relationship": "Outer", "Join Type": "Inner", "Startup Cost": 4594660.85, "Total Cost": 4752309.6, "Plan Rows": 9172, "Plan Width": 26, "Actual Startup Time": 40581.278, "Actual Total Time": 72689.926, "Actual Rows": 39445, "Actual Loops": 1, "Inner Unique": true, "Join Filter": "(l1.l_orderkey = orders.o_orderkey)", "Rows Removed by Join Filter": 0, "Plans": [{"Node Type": "Nested Loop", "Parent Relationship": "Outer", "Join Type": "Semi", "Startup Cost": 4594660.85, "Total Cost": 4745209.23, "Plan Rows": 7254, "Plan Width": 42, "Actual Startup Time": 40580.775, "Actual Total Time": 71905.219, "Actual Rows": 80537, "Actual Loops": 1, "Inner Unique": false, "Plans": [{"Node Type": "Nested Loop", "Parent Relationship": "Outer", "Join Type": "Anti", "Startup Cost": 4594660.85, "Total Cost": 4743353.66, "Plan Rows": 7635, "Plan Width": 42, "Actual Startup Time": 40580.57, "Actual Total Time": 71276.341, "Actual Rows": 135110, "Actual Loops": 1, "Inner Unique": false, "Plans": [{"Node Type": "Merge Join", "Parent Relationship": "Outer", "Join Type": "Inner", "Startup Cost": 4594660.85, "Total Cost": 4696166.45, "Plan Rows": 152707, "Plan Width": 42, "Actual Startup Time": 40580.147, "Actual Total Time": 56476.492, "Actual Rows": 1511024, "Actual Loops": 1, "Inner Unique": false, "Merge Cond": "(supplier.s_suppkey = l1.l_suppkey)", "Plans": [{"Node Type": "Sort", "Parent Relationship": "Outer", "Startup Cost": 4773.63, "Total Cost": 4783.63, "Plan Rows": 4000, "Plan Width": 34, "Actual Startup Time": 57.875, "Actual Total Time": 59.202, "Actual Rows": 3981, "Actual Loops": 1, "Sort Key": ["supplier.s_suppkey"], "Sort Method": "quicksort", "Sort Space Used": 470, "Sort Space Type": "Memory", "Plans": [{"Node Type": "Nested Loop", "Parent Relationship": "Outer", "Join Type": "Inner", "Startup Cost": 0.0, "Total Cost": 4534.31, "Plan Rows": 4000, "Plan Width": 34, "Actual Startup Time": 0.05, "Actual Total Time": 56.341, "Actual Rows": 3981, "Actual Loops": 1, "Inner Unique": false, "Join Filter": "(supplier.s_nationkey = nation.n_nationkey)", "Rows Removed by Join Filter": 96019, "Plans": [{"Node Type": "Seq Scan", "Parent Relationship": "Outer", "Relation Name": "nation", "Alias": "nation", "Startup Cost": 0.0, "Total Cost": 1.31, "Plan Rows": 1, "Plan Width": 4, "Actual Startup Time": 0.024, "Actual Total Time": 0.038, "Actual Rows": 1, "Actual Loops": 1, "Filter": "(n_name = 'EGYPT'::bpchar)", "Rows Removed by Filter": 24}, {"Node Type": "Seq Scan", "Parent Relationship": "Inner", "Relation Name": "supplier", "Alias": "supplier", "Startup Cost": 0.0, "Total Cost": 3283.0, "Plan Rows": 100000, "Plan Width": 38, "Actual Startup Time": 0.01, "Actual Total Time": 31.801, "Actual Rows": 100000, "Actual Loops": 1}]}]}, {"Node Type": "Sort", "Parent Relationship": "Inner", "Startup Cost": 4589877.29, "Total Cost": 4639866.48, "Plan Rows": 19995678, "Plan Width": 16, "Actual Startup Time": 40497.41, "Actual Total Time": 51046.193, "Actual Rows": 37901086, "Actual Loops": 1, "Sort Key": ["l1.l_suppkey"], "Sort Method": "quicksort", "Sort Space Used": 5128741, "Sort Space Type": "Memory", "Plans": [{"Node Type": "Seq Scan", "Parent Relationship": "Outer", "Relation Name": "lineitem", "Alias": "l1", "Startup Cost": 0.0, "Total Cost": 2165082.91, "Plan Rows": 19995678, "Plan Width": 16, "Actual Startup Time": 0.035, "Actual Total Time": 26181.626, "Actual Rows": 37929348, "Actual Loops": 1, "Filter": "(l_receiptdate > l_commitdate), (LLVM Optimized, Jit Execute)", "Rows Removed by Filter": 22056704}]}]}, {"Node Type": "Index Scan", "Parent Relationship": "Inner", "Scan Direction": "Forward", "Index Name": "idx_lineitem_orderkey", "Relation Name": "lineitem", "Alias": "l3", "Startup Cost": 0.0, "Total Cost": 1.63, "Plan Rows": 3, "Plan Width": 16, "Actual Startup Time": 13786.152, "Actual Total Time": 13786.152, "Actual Rows": 1375914, "Actual Loops": 1511024, "Index Cond": "(l_orderkey = l1.l_orderkey)", "Rows Removed by Index Recheck": 0, "Filter": "((l_receiptdate > l_commitdate) AND (l_suppkey <> l1.l_suppkey))", "Rows Removed by Filter": 1348115}]}, {"Node Type": "Index Scan", "Parent Relationship": "Inner", "Scan Direction": "Forward", "Index Name": "idx_lineitem_orderkey", "Relation Name": "lineitem", "Alias": "l2", "Startup Cost": 0.0, "Total Cost": 1.63, "Plan Rows": 9, "Plan Width": 16, "Actual Startup Time": 510.955, "Actual Total Time": 510.955, "Actual Rows": 80537, "Actual Loops": 135110, "Index Cond": "(l_orderkey = l1.l_orderkey)", "Rows Removed by Index Recheck": 0, "Filter": "(l_suppkey <> l1.l_suppkey)", "Rows Removed by Filter": 85912}]}, {"Node Type": "Index Scan", "Parent Relationship": "Inner", "Scan Direction": "Forward", "Index Name": "orders_pkey", "Relation Name": "orders", "Alias": "orders", "Startup Cost": 0.0, "Total Cost": 0.97, "Plan Rows": 1, "Plan Width": 8, "Actual Startup Time": 705.142, "Actual Total Time": 705.142, "Actual Rows": 39445, "Actual Loops": 80537, "Index Cond": "(o_orderkey = l2.l_orderkey)", "Rows Removed by Index Recheck": 0, "Filter": "(o_orderstatus = 'F'::bpchar)", "Rows Removed by Filter": 41092}]}]}]}]}, "Triggers": [], "Planner Runtime": 7.103, "Total Runtime": 72758.272, "Unique SQL Id": 3870093320}}, "(1, 25)": {"explain_plan": {"Plan": {"Node Type": "Limit", "Startup Cost": 5979900.23, "Total Cost": 5979900.48, "Plan Rows": 100, "Plan Width": 26, "Plans": [{"Node Type": "Sort", "Parent Relationship": "Outer", "Startup Cost": 5979900.23, "Total Cost": 5979923.16, "Plan Rows": 100, "Plan Width": 26, "Sort Key": ["(count(*)) DESC", "supplier.s_name"], "Plans": [{"Node Type": "Aggregate", "Strategy": "Hashed", "Parent Relationship": "Outer", "Startup Cost": 5979457.96, "Total Cost": 5979549.68, "Plan Rows": 9172, "Plan Width": 26, "Group By Key": ["supplier.s_name"], "Plans": [{"Node Type": "Nested Loop", "Parent Relationship": "Outer", "Join Type": "Inner", "Startup Cost": 5821763.35, "Total Cost": 5979412.1, "Plan Rows": 9172, "Plan Width": 26, "Inner Unique": true, "Join Filter": "(l1.l_orderkey = orders.o_orderkey)", "Plans": [{"Node Type": "Nested Loop", "Parent Relationship": "Outer", "Join Type": "Semi", "Startup Cost": 5821763.35, "Total Cost": 5972311.73, "Plan Rows": 7254, "Plan Width": 42, "Inner Unique": false, "Plans": [{"Node Type": "Nested Loop", "Parent Relationship": "Outer", "Join Type": "Anti", "Startup Cost": 5821763.35, "Total Cost": 5970456.17, "Plan Rows": 7635, "Plan Width": 42, "Inner Unique": false, "Plans": [{"Node Type": "Merge Join", "Parent Relationship": "Outer", "Join Type": "Inner", "Startup Cost": 5821763.35, "Total Cost": 5923268.95, "Plan Rows": 152707, "Plan Width": 42, "Inner Unique": false, "Merge Cond": "(supplier.s_suppkey = l1.l_suppkey)", "Plans": [{"Node Type": "Sort", "Parent Relationship": "Outer", "Startup Cost": 6837.72, "Total Cost": 6847.72, "Plan Rows": 4000, "Plan Width": 34, "Sort Key": ["supplier.s_suppkey"], "Plans": [{"Node Type": "Nested Loop", "Parent Relationship": "Outer", "Join Type": "Inner", "Startup Cost": 0.0, "Total Cost": 6598.4, "Plan Rows": 4000, "Plan Width": 34, "Inner Unique": false, "Join Filter": "(supplier.s_nationkey = nation.n_nationkey)", "Plans": [{"Node Type": "Index Scan", "Parent Relationship": "Outer", "Scan Direction": "Forward", "Index Name": "nation_pkey", "Relation Name": "nation", "Alias": "nation", "Startup Cost": 0.0, "Total Cost": 12.69, "Plan Rows": 1, "Plan Width": 4, "Filter": "(n_name = 'EGYPT'::bpchar)"}, {"Node Type": "Index Scan", "Parent Relationship": "Inner", "Scan Direction": "Forward", "Index Name": "supplier_pkey", "Relation Name": "supplier", "Alias": "supplier", "Startup Cost": 0.0, "Total Cost": 5335.71, "Plan Rows": 100000, "Plan Width": 38}]}]}, {"Node Type": "Sort", "Parent Relationship": "Inner", "Startup Cost": 5814915.7, "Total Cost": 5864904.9, "Plan Rows": 19995678, "Plan Width": 16, "Sort Key": ["l1.l_suppkey"], "Plans": [{"Node Type": "Index Scan", "Parent Relationship": "Outer", "Scan Direction": "Forward", "Index Name": "idx_lineitem_orderkey", "Relation Name": "lineitem", "Alias": "l1", "Startup Cost": 0.0, "Total Cost": 3390121.33, "Plan Rows": 19995678, "Plan Width": 16, "Filter": "(l_receiptdate > l_commitdate), (LLVM Optimized)"}]}]}, {"Node Type": "Index Scan", "Parent Relationship": "Inner", "Scan Direction": "Forward", "Index Name": "idx_lineitem_orderkey", "Relation Name": "lineitem", "Alias": "l3", "Startup Cost": 0.0, "Total Cost": 1.63, "Plan Rows": 3, "Plan Width": 16, "Index Cond": "(l_orderkey = l1.l_orderkey)", "Filter": "((l_receiptdate > l_commitdate) AND (l_suppkey <> l1.l_suppkey))"}]}, {"Node Type": "Index Scan", "Parent Relationship": "Inner", "Scan Direction": "Forward", "Index Name": "idx_lineitem_orderkey", "Relation Name": "lineitem", "Alias": "l2", "Startup Cost": 0.0, "Total Cost": 1.63, "Plan Rows": 9, "Plan Width": 16, "Index Cond": "(l_orderkey = l1.l_orderkey)", "Filter": "(l_suppkey <> l1.l_suppkey)"}]}, {"Node Type": "Index Scan", "Parent Relationship": "Inner", "Scan Direction": "Forward", "Index Name": "orders_pkey", "Relation Name": "orders", "Alias": "orders", "Startup Cost": 0.0, "Total Cost": 0.97, "Plan Rows": 1, "Plan Width": 8, "Index Cond": "(o_orderkey = l2.l_orderkey)", "Filter": "(o_orderstatus = 'F'::bpchar)"}]}]}]}]}, "Unique SQL Id": 3870093320}, "explain_analyze_plan": null}, "(1, 26)": {"explain_plan": {"Plan": {"Node Type": "Limit", "Startup Cost": 20827375.84, "Total Cost": 20827376.09, "Plan Rows": 100, "Plan Width": 26, "Plans": [{"Node Type": "Sort", "Parent Relationship": "Outer", "Startup Cost": 20827375.84, "Total Cost": 20827398.77, "Plan Rows": 100, "Plan Width": 26, "Sort Key": ["(count(*)) DESC", "supplier.s_name"], "Plans": [{"Node Type": "Aggregate", "Strategy": "Hashed", "Parent Relationship": "Outer", "Startup Cost": 20826933.58, "Total Cost": 20827025.3, "Plan Rows": 9172, "Plan Width": 26, "Group By Key": ["supplier.s_name"], "Plans": [{"Node Type": "Merge Join", "Parent Relationship": "Outer", "Join Type": "Semi", "Startup Cost": 20364875.92, "Total Cost": 20826887.72, "Plan Rows": 9172, "Plan Width": 26, "Inner Unique": false, "Merge Cond": "(orders.o_orderkey = l2.l_orderkey)", "Join Filter": "(l2.l_suppkey <> l1.l_suppkey)", "Plans": [{"Node Type": "Merge Join", "Parent Relationship": "Outer", "Join Type": "Inner", "Startup Cost": 10599991.6, "Total Cost": 10760953.2, "Plan Rows": 9655, "Plan Width": 50, "Inner Unique": true, "Merge Cond": "(l1.l_orderkey = orders.o_orderkey)", "Plans": [{"Node Type": "Merge Join", "Parent Relationship": "Outer", "Join Type": "Anti", "Startup Cost": 9299192.12, "Total Cost": 9423345.38, "Plan Rows": 7635, "Plan Width": 42, "Inner Unique": false, "Merge Cond": "(l1.l_orderkey = l3.l_orderkey)", "Join Filter": "(l3.l_suppkey <> l1.l_suppkey)", "Plans": [{"Node Type": "Sort", "Parent Relationship": "Outer", "Startup Cost": 4709314.83, "Total Cost": 4709696.6, "Plan Rows": 152707, "Plan Width": 42, "Sort Key": ["l1.l_orderkey"], "Plans": [{"Node Type": "Merge Join", "Parent Relationship": "Outer", "Join Type": "Inner", "Startup Cost": 4594660.85, "Total Cost": 4696166.45, "Plan Rows": 152707, "Plan Width": 42, "Inner Unique": false, "Merge Cond": "(supplier.s_suppkey = l1.l_suppkey)", "Plans": [{"Node Type": "Sort", "Parent Relationship": "Outer", "Startup Cost": 4773.63, "Total Cost": 4783.63, "Plan Rows": 4000, "Plan Width": 34, "Sort Key": ["supplier.s_suppkey"], "Plans": [{"Node Type": "Nested Loop", "Parent Relationship": "Outer", "Join Type": "Inner", "Startup Cost": 0.0, "Total Cost": 4534.31, "Plan Rows": 4000, "Plan Width": 34, "Inner Unique": false, "Join Filter": "(supplier.s_nationkey = nation.n_nationkey)", "Plans": [{"Node Type": "Seq Scan", "Parent Relationship": "Outer", "Relation Name": "nation", "Alias": "nation", "Startup Cost": 0.0, "Total Cost": 1.31, "Plan Rows": 1, "Plan Width": 4, "Filter": "(n_name = 'EGYPT'::bpchar)"}, {"Node Type": "Seq Scan", "Parent Relationship": "Inner", "Relation Name": "supplier", "Alias": "supplier", "Startup Cost": 0.0, "Total Cost": 3283.0, "Plan Rows": 100000, "Plan Width": 38}]}]}, {"Node Type": "Sort", "Parent Relationship": "Inner", "Startup Cost": 4589877.29, "Total Cost": 4639866.48, "Plan Rows": 19995678, "Plan Width": 16, "Sort Key": ["l1.l_suppkey"], "Plans": [{"Node Type": "Seq Scan", "Parent Relationship": "Outer", "Relation Name": "lineitem", "Alias": "l1", "Startup Cost": 0.0, "Total Cost": 2165082.91, "Plan Rows": 19995678, "Plan Width": 16, "Filter": "(l_receiptdate > l_commitdate), (LLVM Optimized)"}]}]}]}, {"Node Type": "Sort", "Parent Relationship": "Inner", "Startup Cost": 4589877.29, "Total Cost": 4639866.48, "Plan Rows": 19995678, "Plan Width": 16, "Sort Key": ["l3.l_orderkey"], "Plans": [{"Node Type": "Seq Scan", "Parent Relationship": "Outer", "Relation Name": "lineitem", "Alias": "l3", "Startup Cost": 0.0, "Total Cost": 2165082.91, "Plan Rows": 19995678, "Plan Width": 16, "Filter": "(l_receiptdate > l_commitdate), (LLVM Optimized)"}]}]}, {"Node Type": "Sort", "Parent Relationship": "Inner", "Startup Cost": 1300798.14, "Total Cost": 1319145.17, "Plan Rows": 7338812, "Plan Width": 8, "Sort Key": ["orders.o_orderkey"], "Plans": [{"Node Type": "Seq Scan", "Parent Relationship": "Outer", "Relation Name": "orders", "Alias": "orders", "Startup Cost": 0.0, "Total Cost": 463912.49, "Plan Rows": 7338812, "Plan Width": 8, "Filter": "(o_orderstatus = 'F'::bpchar), (LLVM Optimized)"}]}]}, {"Node Type": "Sort", "Parent Relationship": "Inner", "Startup Cost": 9764884.32, "Total Cost": 9914851.9, "Plan Rows": 59987033, "Plan Width": 16, "Sort Key": ["l2.l_orderkey"], "Plans": [{"Node Type": "Seq Scan", "Parent Relationship": "Outer", "Relation Name": "lineitem", "Alias": "l2", "Startup Cost": 0.0, "Total Cost": 2015115.33, "Plan Rows": 59987033, "Plan Width": 16}]}]}]}]}]}, "Unique SQL Id": 3870093320}, "explain_analyze_plan": null}, "(1, 27)": {"explain_plan": {"Plan": {"Node Type": "Limit", "Startup Cost": 6001109326245.03, "Total Cost": 6001109326245.28, "Plan Rows": 100, "Plan Width": 26, "Plans": [{"Node Type": "Sort", "Parent Relationship": "Outer", "Startup Cost": 6001109326245.03, "Total Cost": 6001109326267.96, "Plan Rows": 100, "Plan Width": 26, "Sort Key": ["(count(*)) DESC", "supplier.s_name"], "Plans": [{"Node Type": "Aggregate", "Strategy": "Hashed", "Parent Relationship": "Outer", "Startup Cost": 6001109325802.77, "Total Cost": 6001109325894.49, "Plan Rows": 9172, "Plan Width": 26, "Group By Key": ["supplier.s_name"], "Plans": [{"Node Type": "Nested Loop", "Parent Relationship": "Outer", "Join Type": "Inner", "Startup Cost": 60036425616.82, "Total Cost": 6001109325756.91, "Plan Rows": 9172, "Plan Width": 26, "Inner Unique": false, "Join Filter": "(supplier.s_suppkey = l1.l_suppkey)", "Plans": [{"Node Type": "Merge Join", "Parent Relationship": "Outer", "Join Type": "Inner", "Startup Cost": 40036425616.82, "Total Cost": 4001036728206.72, "Plan Rows": 1201020, "Plan Width": 8, "Inner Unique": true, "Merge Cond": "(l1.l_orderkey = orders.o_orderkey)", "Plans": [{"Node Type": "Merge Join", "Parent Relationship": "Outer", "Join Type": "Semi", "Startup Cost": 30000000000.0, "Total Cost": 3001006768519.97, "Plan Rows": 949795, "Plan Width": 24, "Inner Unique": false, "Merge Cond": "(l1.l_orderkey = l2.l_orderkey), (LLVM Optimized)", "Join Filter": "(l2.l_suppkey <> l1.l_suppkey), (LLVM Optimized)", "Plans": [{"Node Type": "Merge Join", "Parent Relationship": "Outer", "Join Type": "Anti", "Startup Cost": 20000000000.0, "Total Cost": 2000682365976.25, "Plan Rows": 999784, "Plan Width": 16, "Inner Unique": false, "Merge Cond": "(l1.l_orderkey = l3.l_orderkey), (LLVM Optimized)", "Join Filter": "(l3.l_suppkey <> l1.l_suppkey), (LLVM Optimized)", "Plans": [{"Node Type": "Index Scan", "Parent Relationship": "Outer", "Scan Direction": "Forward", "Index Name": "idx_lineitem_orderkey", "Relation Name": "lineitem", "Alias": "l1", "Startup Cost": 10000000000.0, "Total Cost": 1000339012132.75, "Plan Rows": 19995678, "Plan Width": 16, "Filter": "(l_receiptdate > l_commitdate), (LLVM Optimized)"}, {"Node Type": "Materialize", "Parent Relationship": "Inner", "Startup Cost": 10000000000.0, "Total Cost": 1000339062121.94, "Plan Rows": 19995678, "Plan Width": 16, "Plans": [{"Node Type": "Index Scan", "Parent Relationship": "Outer", "Scan Direction": "Forward", "Index Name": "idx_lineitem_orderkey", "Relation Name": "lineitem", "Alias": "l3", "Startup Cost": 10000000000.0, "Total Cost": 1000339012132.75, "Plan Rows": 19995678, "Plan Width": 16, "Filter": "(l_receiptdate > l_commitdate), (LLVM Optimized)"}]}]}, {"Node Type": "Index Scan", "Parent Relationship": "Inner", "Scan Direction": "Forward", "Index Name": "idx_lineitem_orderkey", "Relation Name": "lineitem", "Alias": "l2", "Startup Cost": 10000000000.0, "Total Cost": 1000324015374.5, "Plan Rows": 59987033, "Plan Width": 16}]}, {"Node Type": "Index Scan", "Parent Relationship": "Inner", "Scan Direction": "Forward", "Index Name": "orders_pkey", "Relation Name": "orders", "Alias": "orders", "Startup Cost": 10000000000.0, "Total Cost": 1000076847713.25, "Plan Rows": 7338812, "Plan Width": 8, "Filter": "(o_orderstatus = 'F'::bpchar), (LLVM Optimized)"}]}, {"Node Type": "Materialize", "Parent Relationship": "Inner", "Startup Cost": 20000000000.0, "Total Cost": 2000000536360.19, "Plan Rows": 4000, "Plan Width": 34, "Plans": [{"Node Type": "Nested Loop", "Parent Relationship": "Outer", "Join Type": "Inner", "Startup Cost": 20000000000.0, "Total Cost": 2000000536340.19, "Plan Rows": 4000, "Plan Width": 34, "Inner Unique": true, "Join Filter": "(supplier.s_nationkey = nation.n_nationkey)", "Plans": [{"Node Type": "Index Scan", "Parent Relationship": "Outer", "Scan Direction": "Forward", "Index Name": "supplier_pkey", "Relation Name": "supplier", "Alias": "supplier", "Startup Cost": 10000000000.0, "Total Cost": 1000000533571.43, "Plan Rows": 100000, "Plan Width": 38}, {"Node Type": "Materialize", "Parent Relationship": "Inner", "Startup Cost": 10000000000.0, "Total Cost": 1000000001268.76, "Plan Rows": 1, "Plan Width": 4, "Plans": [{"Node Type": "Index Scan", "Parent Relationship": "Outer", "Scan Direction": "Forward", "Index Name": "nation_pkey", "Relation Name": "nation", "Alias": "nation", "Startup Cost": 10000000000.0, "Total Cost": 1000000001268.75, "Plan Rows": 1, "Plan Width": 4, "Filter": "(n_name = 'EGYPT'::bpchar)"}]}]}]}]}]}]}]}, "Unique SQL Id": 3870093320}, "explain_analyze_plan": null}, "(1, 28)": {"explain_plan": {"Plan": {"Node Type": "Limit", "Startup Cost": 4752797.73, "Total Cost": 4752797.98, "Plan Rows": 100, "Plan Width": 26, "Plans": [{"Node Type": "Sort", "Parent Relationship": "Outer", "Startup Cost": 4752797.73, "Total Cost": 4752820.66, "Plan Rows": 100, "Plan Width": 26, "Sort Key": ["(count(*)) DESC", "supplier.s_name"], "Plans": [{"Node Type": "Aggregate", "Strategy": "Hashed", "Parent Relationship": "Outer", "Startup Cost": 4752355.46, "Total Cost": 4752447.18, "Plan Rows": 9172, "Plan Width": 26, "Group By Key": ["supplier.s_name"], "Plans": [{"Node Type": "Nested Loop", "Parent Relationship": "Outer", "Join Type": "Inner", "Startup Cost": 4594660.85, "Total Cost": 4752309.6, "Plan Rows": 9172, "Plan Width": 26, "Inner Unique": true, "Join Filter": "(l1.l_orderkey = orders.o_orderkey)", "Plans": [{"Node Type": "Nested Loop", "Parent Relationship": "Outer", "Join Type": "Semi", "Startup Cost": 4594660.85, "Total Cost": 4745209.23, "Plan Rows": 7254, "Plan Width": 42, "Inner Unique": false, "Plans": [{"Node Type": "Nested Loop", "Parent Relationship": "Outer", "Join Type": "Anti", "Startup Cost": 4594660.85, "Total Cost": 4743353.66, "Plan Rows": 7635, "Plan Width": 42, "Inner Unique": false, "Plans": [{"Node Type": "Merge Join", "Parent Relationship": "Outer", "Join Type": "Inner", "Startup Cost": 4594660.85, "Total Cost": 4696166.45, "Plan Rows": 152707, "Plan Width": 42, "Inner Unique": false, "Merge Cond": "(supplier.s_suppkey = l1.l_suppkey)", "Plans": [{"Node Type": "Sort", "Parent Relationship": "Outer", "Startup Cost": 4773.63, "Total Cost": 4783.63, "Plan Rows": 4000, "Plan Width": 34, "Sort Key": ["supplier.s_suppkey"], "Plans": [{"Node Type": "Nested Loop", "Parent Relationship": "Outer", "Join Type": "Inner", "Startup Cost": 0.0, "Total Cost": 4534.31, "Plan Rows": 4000, "Plan Width": 34, "Inner Unique": false, "Join Filter": "(supplier.s_nationkey = nation.n_nationkey)", "Plans": [{"Node Type": "Seq Scan", "Parent Relationship": "Outer", "Relation Name": "nation", "Alias": "nation", "Startup Cost": 0.0, "Total Cost": 1.31, "Plan Rows": 1, "Plan Width": 4, "Filter": "(n_name = 'EGYPT'::bpchar)"}, {"Node Type": "Seq Scan", "Parent Relationship": "Inner", "Relation Name": "supplier", "Alias": "supplier", "Startup Cost": 0.0, "Total Cost": 3283.0, "Plan Rows": 100000, "Plan Width": 38}]}]}, {"Node Type": "Sort", "Parent Relationship": "Inner", "Startup Cost": 4589877.29, "Total Cost": 4639866.48, "Plan Rows": 19995678, "Plan Width": 16, "Sort Key": ["l1.l_suppkey"], "Plans": [{"Node Type": "Seq Scan", "Parent Relationship": "Outer", "Relation Name": "lineitem", "Alias": "l1", "Startup Cost": 0.0, "Total Cost": 2165082.91, "Plan Rows": 19995678, "Plan Width": 16, "Filter": "(l_receiptdate > l_commitdate), (LLVM Optimized)"}]}]}, {"Node Type": "Index Scan", "Parent Relationship": "Inner", "Scan Direction": "Forward", "Index Name": "idx_lineitem_orderkey", "Relation Name": "lineitem", "Alias": "l3", "Startup Cost": 0.0, "Total Cost": 1.63, "Plan Rows": 3, "Plan Width": 16, "Index Cond": "(l_orderkey = l1.l_orderkey)", "Filter": "((l_receiptdate > l_commitdate) AND (l_suppkey <> l1.l_suppkey))"}]}, {"Node Type": "Index Scan", "Parent Relationship": "Inner", "Scan Direction": "Forward", "Index Name": "idx_lineitem_orderkey", "Relation Name": "lineitem", "Alias": "l2", "Startup Cost": 0.0, "Total Cost": 1.63, "Plan Rows": 9, "Plan Width": 16, "Index Cond": "(l_orderkey = l1.l_orderkey)", "Filter": "(l_suppkey <> l1.l_suppkey)"}]}, {"Node Type": "Index Scan", "Parent Relationship": "Inner", "Scan Direction": "Forward", "Index Name": "orders_pkey", "Relation Name": "orders", "Alias": "orders", "Startup Cost": 0.0, "Total Cost": 0.97, "Plan Rows": 1, "Plan Width": 8, "Index Cond": "(o_orderkey = l2.l_orderkey)", "Filter": "(o_orderstatus = 'F'::bpchar)"}]}]}]}]}, "Unique SQL Id": 3870093320}, "explain_analyze_plan": {"Plan": {"Node Type": "Limit", "Startup Cost": 4752797.73, "Total Cost": 4752797.98, "Plan Rows": 100, "Plan Width": 26, "Actual Startup Time": 72749.484, "Actual Total Time": 72749.5, "Actual Rows": 100, "Actual Loops": 1, "Plans": [{"Node Type": "Sort", "Parent Relationship": "Outer", "Startup Cost": 4752797.73, "Total Cost": 4752820.66, "Plan Rows": 100, "Plan Width": 26, "Actual Startup Time": 72749.482, "Actual Total Time": 72749.485, "Actual Rows": 100, "Actual Loops": 1, "Sort Key": ["(count(*)) DESC", "supplier.s_name"], "Sort Method": "top-N heapsort", "Sort Space Used": 41, "Sort Space Type": "Memory", "Plans": [{"Node Type": "Aggregate", "Strategy": "Hashed", "Parent Relationship": "Outer", "Startup Cost": 4752355.46, "Total Cost": 4752447.18, "Plan Rows": 9172, "Plan Width": 26, "Actual Startup Time": 72746.092, "Actual Total Time": 72747.337, "Actual Rows": 3981, "Actual Loops": 1, "Group By Key": ["supplier.s_name"], "Plans": [{"Node Type": "Nested Loop", "Parent Relationship": "Outer", "Join Type": "Inner", "Startup Cost": 4594660.85, "Total Cost": 4752309.6, "Plan Rows": 9172, "Plan Width": 26, "Actual Startup Time": 40581.278, "Actual Total Time": 72689.926, "Actual Rows": 39445, "Actual Loops": 1, "Inner Unique": true, "Join Filter": "(l1.l_orderkey = orders.o_orderkey)", "Rows Removed by Join Filter": 0, "Plans": [{"Node Type": "Nested Loop", "Parent Relationship": "Outer", "Join Type": "Semi", "Startup Cost": 4594660.85, "Total Cost": 4745209.23, "Plan Rows": 7254, "Plan Width": 42, "Actual Startup Time": 40580.775, "Actual Total Time": 71905.219, "Actual Rows": 80537, "Actual Loops": 1, "Inner Unique": false, "Plans": [{"Node Type": "Nested Loop", "Parent Relationship": "Outer", "Join Type": "Anti", "Startup Cost": 4594660.85, "Total Cost": 4743353.66, "Plan Rows": 7635, "Plan Width": 42, "Actual Startup Time": 40580.57, "Actual Total Time": 71276.341, "Actual Rows": 135110, "Actual Loops": 1, "Inner Unique": false, "Plans": [{"Node Type": "Merge Join", "Parent Relationship": "Outer", "Join Type": "Inner", "Startup Cost": 4594660.85, "Total Cost": 4696166.45, "Plan Rows": 152707, "Plan Width": 42, "Actual Startup Time": 40580.147, "Actual Total Time": 56476.492, "Actual Rows": 1511024, "Actual Loops": 1, "Inner Unique": false, "Merge Cond": "(supplier.s_suppkey = l1.l_suppkey)", "Plans": [{"Node Type": "Sort", "Parent Relationship": "Outer", "Startup Cost": 4773.63, "Total Cost": 4783.63, "Plan Rows": 4000, "Plan Width": 34, "Actual Startup Time": 57.875, "Actual Total Time": 59.202, "Actual Rows": 3981, "Actual Loops": 1, "Sort Key": ["supplier.s_suppkey"], "Sort Method": "quicksort", "Sort Space Used": 470, "Sort Space Type": "Memory", "Plans": [{"Node Type": "Nested Loop", "Parent Relationship": "Outer", "Join Type": "Inner", "Startup Cost": 0.0, "Total Cost": 4534.31, "Plan Rows": 4000, "Plan Width": 34, "Actual Startup Time": 0.05, "Actual Total Time": 56.341, "Actual Rows": 3981, "Actual Loops": 1, "Inner Unique": false, "Join Filter": "(supplier.s_nationkey = nation.n_nationkey)", "Rows Removed by Join Filter": 96019, "Plans": [{"Node Type": "Seq Scan", "Parent Relationship": "Outer", "Relation Name": "nation", "Alias": "nation", "Startup Cost": 0.0, "Total Cost": 1.31, "Plan Rows": 1, "Plan Width": 4, "Actual Startup Time": 0.024, "Actual Total Time": 0.038, "Actual Rows": 1, "Actual Loops": 1, "Filter": "(n_name = 'EGYPT'::bpchar)", "Rows Removed by Filter": 24}, {"Node Type": "Seq Scan", "Parent Relationship": "Inner", "Relation Name": "supplier", "Alias": "supplier", "Startup Cost": 0.0, "Total Cost": 3283.0, "Plan Rows": 100000, "Plan Width": 38, "Actual Startup Time": 0.01, "Actual Total Time": 31.801, "Actual Rows": 100000, "Actual Loops": 1}]}]}, {"Node Type": "Sort", "Parent Relationship": "Inner", "Startup Cost": 4589877.29, "Total Cost": 4639866.48, "Plan Rows": 19995678, "Plan Width": 16, "Actual Startup Time": 40497.41, "Actual Total Time": 51046.193, "Actual Rows": 37901086, "Actual Loops": 1, "Sort Key": ["l1.l_suppkey"], "Sort Method": "quicksort", "Sort Space Used": 5128741, "Sort Space Type": "Memory", "Plans": [{"Node Type": "Seq Scan", "Parent Relationship": "Outer", "Relation Name": "lineitem", "Alias": "l1", "Startup Cost": 0.0, "Total Cost": 2165082.91, "Plan Rows": 19995678, "Plan Width": 16, "Actual Startup Time": 0.035, "Actual Total Time": 26181.626, "Actual Rows": 37929348, "Actual Loops": 1, "Filter": "(l_receiptdate > l_commitdate), (LLVM Optimized, Jit Execute)", "Rows Removed by Filter": 22056704}]}]}, {"Node Type": "Index Scan", "Parent Relationship": "Inner", "Scan Direction": "Forward", "Index Name": "idx_lineitem_orderkey", "Relation Name": "lineitem", "Alias": "l3", "Startup Cost": 0.0, "Total Cost": 1.63, "Plan Rows": 3, "Plan Width": 16, "Actual Startup Time": 13786.152, "Actual Total Time": 13786.152, "Actual Rows": 1375914, "Actual Loops": 1511024, "Index Cond": "(l_orderkey = l1.l_orderkey)", "Rows Removed by Index Recheck": 0, "Filter": "((l_receiptdate > l_commitdate) AND (l_suppkey <> l1.l_suppkey))", "Rows Removed by Filter": 1348115}]}, {"Node Type": "Index Scan", "Parent Relationship": "Inner", "Scan Direction": "Forward", "Index Name": "idx_lineitem_orderkey", "Relation Name": "lineitem", "Alias": "l2", "Startup Cost": 0.0, "Total Cost": 1.63, "Plan Rows": 9, "Plan Width": 16, "Actual Startup Time": 510.955, "Actual Total Time": 510.955, "Actual Rows": 80537, "Actual Loops": 135110, "Index Cond": "(l_orderkey = l1.l_orderkey)", "Rows Removed by Index Recheck": 0, "Filter": "(l_suppkey <> l1.l_suppkey)", "Rows Removed by Filter": 85912}]}, {"Node Type": "Index Scan", "Parent Relationship": "Inner", "Scan Direction": "Forward", "Index Name": "orders_pkey", "Relation Name": "orders", "Alias": "orders", "Startup Cost": 0.0, "Total Cost": 0.97, "Plan Rows": 1, "Plan Width": 8, "Actual Startup Time": 705.142, "Actual Total Time": 705.142, "Actual Rows": 39445, "Actual Loops": 80537, "Index Cond": "(o_orderkey = l2.l_orderkey)", "Rows Removed by Index Recheck": 0, "Filter": "(o_orderstatus = 'F'::bpchar)", "Rows Removed by Filter": 41092}]}]}]}]}, "Triggers": [], "Planner Runtime": 7.103, "Total Runtime": 72758.272, "Unique SQL Id": 3870093320}}, "(1, 29)": {"explain_plan": {"Plan": {"Node Type": "Limit", "Startup Cost": 5979900.23, "Total Cost": 5979900.48, "Plan Rows": 100, "Plan Width": 26, "Plans": [{"Node Type": "Sort", "Parent Relationship": "Outer", "Startup Cost": 5979900.23, "Total Cost": 5979923.16, "Plan Rows": 100, "Plan Width": 26, "Sort Key": ["(count(*)) DESC", "supplier.s_name"], "Plans": [{"Node Type": "Aggregate", "Strategy": "Hashed", "Parent Relationship": "Outer", "Startup Cost": 5979457.96, "Total Cost": 5979549.68, "Plan Rows": 9172, "Plan Width": 26, "Group By Key": ["supplier.s_name"], "Plans": [{"Node Type": "Nested Loop", "Parent Relationship": "Outer", "Join Type": "Inner", "Startup Cost": 5821763.35, "Total Cost": 5979412.1, "Plan Rows": 9172, "Plan Width": 26, "Inner Unique": true, "Join Filter": "(l1.l_orderkey = orders.o_orderkey)", "Plans": [{"Node Type": "Nested Loop", "Parent Relationship": "Outer", "Join Type": "Semi", "Startup Cost": 5821763.35, "Total Cost": 5972311.73, "Plan Rows": 7254, "Plan Width": 42, "Inner Unique": false, "Plans": [{"Node Type": "Nested Loop", "Parent Relationship": "Outer", "Join Type": "Anti", "Startup Cost": 5821763.35, "Total Cost": 5970456.17, "Plan Rows": 7635, "Plan Width": 42, "Inner Unique": false, "Plans": [{"Node Type": "Merge Join", "Parent Relationship": "Outer", "Join Type": "Inner", "Startup Cost": 5821763.35, "Total Cost": 5923268.95, "Plan Rows": 152707, "Plan Width": 42, "Inner Unique": false, "Merge Cond": "(supplier.s_suppkey = l1.l_suppkey)", "Plans": [{"Node Type": "Sort", "Parent Relationship": "Outer", "Startup Cost": 6837.72, "Total Cost": 6847.72, "Plan Rows": 4000, "Plan Width": 34, "Sort Key": ["supplier.s_suppkey"], "Plans": [{"Node Type": "Nested Loop", "Parent Relationship": "Outer", "Join Type": "Inner", "Startup Cost": 0.0, "Total Cost": 6598.4, "Plan Rows": 4000, "Plan Width": 34, "Inner Unique": false, "Join Filter": "(supplier.s_nationkey = nation.n_nationkey)", "Plans": [{"Node Type": "Index Scan", "Parent Relationship": "Outer", "Scan Direction": "Forward", "Index Name": "nation_pkey", "Relation Name": "nation", "Alias": "nation", "Startup Cost": 0.0, "Total Cost": 12.69, "Plan Rows": 1, "Plan Width": 4, "Filter": "(n_name = 'EGYPT'::bpchar)"}, {"Node Type": "Index Scan", "Parent Relationship": "Inner", "Scan Direction": "Forward", "Index Name": "supplier_pkey", "Relation Name": "supplier", "Alias": "supplier", "Startup Cost": 0.0, "Total Cost": 5335.71, "Plan Rows": 100000, "Plan Width": 38}]}]}, {"Node Type": "Sort", "Parent Relationship": "Inner", "Startup Cost": 5814915.7, "Total Cost": 5864904.9, "Plan Rows": 19995678, "Plan Width": 16, "Sort Key": ["l1.l_suppkey"], "Plans": [{"Node Type": "Index Scan", "Parent Relationship": "Outer", "Scan Direction": "Forward", "Index Name": "idx_lineitem_orderkey", "Relation Name": "lineitem", "Alias": "l1", "Startup Cost": 0.0, "Total Cost": 3390121.33, "Plan Rows": 19995678, "Plan Width": 16, "Filter": "(l_receiptdate > l_commitdate), (LLVM Optimized)"}]}]}, {"Node Type": "Index Scan", "Parent Relationship": "Inner", "Scan Direction": "Forward", "Index Name": "idx_lineitem_orderkey", "Relation Name": "lineitem", "Alias": "l3", "Startup Cost": 0.0, "Total Cost": 1.63, "Plan Rows": 3, "Plan Width": 16, "Index Cond": "(l_orderkey = l1.l_orderkey)", "Filter": "((l_receiptdate > l_commitdate) AND (l_suppkey <> l1.l_suppkey))"}]}, {"Node Type": "Index Scan", "Parent Relationship": "Inner", "Scan Direction": "Forward", "Index Name": "idx_lineitem_orderkey", "Relation Name": "lineitem", "Alias": "l2", "Startup Cost": 0.0, "Total Cost": 1.63, "Plan Rows": 9, "Plan Width": 16, "Index Cond": "(l_orderkey = l1.l_orderkey)", "Filter": "(l_suppkey <> l1.l_suppkey)"}]}, {"Node Type": "Index Scan", "Parent Relationship": "Inner", "Scan Direction": "Forward", "Index Name": "orders_pkey", "Relation Name": "orders", "Alias": "orders", "Startup Cost": 0.0, "Total Cost": 0.97, "Plan Rows": 1, "Plan Width": 8, "Index Cond": "(o_orderkey = l2.l_orderkey)", "Filter": "(o_orderstatus = 'F'::bpchar)"}]}]}]}]}, "Unique SQL Id": 3870093320}, "explain_analyze_plan": null}, "(1, 30)": {"explain_plan": {"Plan": {"Node Type": "Limit", "Startup Cost": 20827375.84, "Total Cost": 20827376.09, "Plan Rows": 100, "Plan Width": 26, "Plans": [{"Node Type": "Sort", "Parent Relationship": "Outer", "Startup Cost": 20827375.84, "Total Cost": 20827398.77, "Plan Rows": 100, "Plan Width": 26, "Sort Key": ["(count(*)) DESC", "supplier.s_name"], "Plans": [{"Node Type": "Aggregate", "Strategy": "Hashed", "Parent Relationship": "Outer", "Startup Cost": 20826933.58, "Total Cost": 20827025.3, "Plan Rows": 9172, "Plan Width": 26, "Group By Key": ["supplier.s_name"], "Plans": [{"Node Type": "Merge Join", "Parent Relationship": "Outer", "Join Type": "Semi", "Startup Cost": 20364875.92, "Total Cost": 20826887.72, "Plan Rows": 9172, "Plan Width": 26, "Inner Unique": false, "Merge Cond": "(orders.o_orderkey = l2.l_orderkey)", "Join Filter": "(l2.l_suppkey <> l1.l_suppkey)", "Plans": [{"Node Type": "Merge Join", "Parent Relationship": "Outer", "Join Type": "Inner", "Startup Cost": 10599991.6, "Total Cost": 10760953.2, "Plan Rows": 9655, "Plan Width": 50, "Inner Unique": true, "Merge Cond": "(l1.l_orderkey = orders.o_orderkey)", "Plans": [{"Node Type": "Merge Join", "Parent Relationship": "Outer", "Join Type": "Anti", "Startup Cost": 9299192.12, "Total Cost": 9423345.38, "Plan Rows": 7635, "Plan Width": 42, "Inner Unique": false, "Merge Cond": "(l1.l_orderkey = l3.l_orderkey)", "Join Filter": "(l3.l_suppkey <> l1.l_suppkey)", "Plans": [{"Node Type": "Sort", "Parent Relationship": "Outer", "Startup Cost": 4709314.83, "Total Cost": 4709696.6, "Plan Rows": 152707, "Plan Width": 42, "Sort Key": ["l1.l_orderkey"], "Plans": [{"Node Type": "Merge Join", "Parent Relationship": "Outer", "Join Type": "Inner", "Startup Cost": 4594660.85, "Total Cost": 4696166.45, "Plan Rows": 152707, "Plan Width": 42, "Inner Unique": false, "Merge Cond": "(supplier.s_suppkey = l1.l_suppkey)", "Plans": [{"Node Type": "Sort", "Parent Relationship": "Outer", "Startup Cost": 4773.63, "Total Cost": 4783.63, "Plan Rows": 4000, "Plan Width": 34, "Sort Key": ["supplier.s_suppkey"], "Plans": [{"Node Type": "Nested Loop", "Parent Relationship": "Outer", "Join Type": "Inner", "Startup Cost": 0.0, "Total Cost": 4534.31, "Plan Rows": 4000, "Plan Width": 34, "Inner Unique": false, "Join Filter": "(supplier.s_nationkey = nation.n_nationkey)", "Plans": [{"Node Type": "Seq Scan", "Parent Relationship": "Outer", "Relation Name": "nation", "Alias": "nation", "Startup Cost": 0.0, "Total Cost": 1.31, "Plan Rows": 1, "Plan Width": 4, "Filter": "(n_name = 'EGYPT'::bpchar)"}, {"Node Type": "Seq Scan", "Parent Relationship": "Inner", "Relation Name": "supplier", "Alias": "supplier", "Startup Cost": 0.0, "Total Cost": 3283.0, "Plan Rows": 100000, "Plan Width": 38}]}]}, {"Node Type": "Sort", "Parent Relationship": "Inner", "Startup Cost": 4589877.29, "Total Cost": 4639866.48, "Plan Rows": 19995678, "Plan Width": 16, "Sort Key": ["l1.l_suppkey"], "Plans": [{"Node Type": "Seq Scan", "Parent Relationship": "Outer", "Relation Name": "lineitem", "Alias": "l1", "Startup Cost": 0.0, "Total Cost": 2165082.91, "Plan Rows": 19995678, "Plan Width": 16, "Filter": "(l_receiptdate > l_commitdate), (LLVM Optimized)"}]}]}]}, {"Node Type": "Sort", "Parent Relationship": "Inner", "Startup Cost": 4589877.29, "Total Cost": 4639866.48, "Plan Rows": 19995678, "Plan Width": 16, "Sort Key": ["l3.l_orderkey"], "Plans": [{"Node Type": "Seq Scan", "Parent Relationship": "Outer", "Relation Name": "lineitem", "Alias": "l3", "Startup Cost": 0.0, "Total Cost": 2165082.91, "Plan Rows": 19995678, "Plan Width": 16, "Filter": "(l_receiptdate > l_commitdate), (LLVM Optimized)"}]}]}, {"Node Type": "Sort", "Parent Relationship": "Inner", "Startup Cost": 1300798.14, "Total Cost": 1319145.17, "Plan Rows": 7338812, "Plan Width": 8, "Sort Key": ["orders.o_orderkey"], "Plans": [{"Node Type": "Seq Scan", "Parent Relationship": "Outer", "Relation Name": "orders", "Alias": "orders", "Startup Cost": 0.0, "Total Cost": 463912.49, "Plan Rows": 7338812, "Plan Width": 8, "Filter": "(o_orderstatus = 'F'::bpchar), (LLVM Optimized)"}]}]}, {"Node Type": "Sort", "Parent Relationship": "Inner", "Startup Cost": 9764884.32, "Total Cost": 9914851.9, "Plan Rows": 59987033, "Plan Width": 16, "Sort Key": ["l2.l_orderkey"], "Plans": [{"Node Type": "Seq Scan", "Parent Relationship": "Outer", "Relation Name": "lineitem", "Alias": "l2", "Startup Cost": 0.0, "Total Cost": 2015115.33, "Plan Rows": 59987033, "Plan Width": 16}]}]}]}]}]}, "Unique SQL Id": 3870093320}, "explain_analyze_plan": null}, "(1, 31)": {"explain_plan": {"Plan": {"Node Type": "Limit", "Startup Cost": 6001109326245.03, "Total Cost": 6001109326245.28, "Plan Rows": 100, "Plan Width": 26, "Plans": [{"Node Type": "Sort", "Parent Relationship": "Outer", "Startup Cost": 6001109326245.03, "Total Cost": 6001109326267.96, "Plan Rows": 100, "Plan Width": 26, "Sort Key": ["(count(*)) DESC", "supplier.s_name"], "Plans": [{"Node Type": "Aggregate", "Strategy": "Hashed", "Parent Relationship": "Outer", "Startup Cost": 6001109325802.77, "Total Cost": 6001109325894.49, "Plan Rows": 9172, "Plan Width": 26, "Group By Key": ["supplier.s_name"], "Plans": [{"Node Type": "Nested Loop", "Parent Relationship": "Outer", "Join Type": "Inner", "Startup Cost": 60036425616.82, "Total Cost": 6001109325756.91, "Plan Rows": 9172, "Plan Width": 26, "Inner Unique": false, "Join Filter": "(supplier.s_suppkey = l1.l_suppkey)", "Plans": [{"Node Type": "Merge Join", "Parent Relationship": "Outer", "Join Type": "Inner", "Startup Cost": 40036425616.82, "Total Cost": 4001036728206.72, "Plan Rows": 1201020, "Plan Width": 8, "Inner Unique": true, "Merge Cond": "(l1.l_orderkey = orders.o_orderkey)", "Plans": [{"Node Type": "Merge Join", "Parent Relationship": "Outer", "Join Type": "Semi", "Startup Cost": 30000000000.0, "Total Cost": 3001006768519.97, "Plan Rows": 949795, "Plan Width": 24, "Inner Unique": false, "Merge Cond": "(l1.l_orderkey = l2.l_orderkey), (LLVM Optimized)", "Join Filter": "(l2.l_suppkey <> l1.l_suppkey), (LLVM Optimized)", "Plans": [{"Node Type": "Merge Join", "Parent Relationship": "Outer", "Join Type": "Anti", "Startup Cost": 20000000000.0, "Total Cost": 2000682365976.25, "Plan Rows": 999784, "Plan Width": 16, "Inner Unique": false, "Merge Cond": "(l1.l_orderkey = l3.l_orderkey), (LLVM Optimized)", "Join Filter": "(l3.l_suppkey <> l1.l_suppkey), (LLVM Optimized)", "Plans": [{"Node Type": "Index Scan", "Parent Relationship": "Outer", "Scan Direction": "Forward", "Index Name": "idx_lineitem_orderkey", "Relation Name": "lineitem", "Alias": "l1", "Startup Cost": 10000000000.0, "Total Cost": 1000339012132.75, "Plan Rows": 19995678, "Plan Width": 16, "Filter": "(l_receiptdate > l_commitdate), (LLVM Optimized)"}, {"Node Type": "Materialize", "Parent Relationship": "Inner", "Startup Cost": 10000000000.0, "Total Cost": 1000339062121.94, "Plan Rows": 19995678, "Plan Width": 16, "Plans": [{"Node Type": "Index Scan", "Parent Relationship": "Outer", "Scan Direction": "Forward", "Index Name": "idx_lineitem_orderkey", "Relation Name": "lineitem", "Alias": "l3", "Startup Cost": 10000000000.0, "Total Cost": 1000339012132.75, "Plan Rows": 19995678, "Plan Width": 16, "Filter": "(l_receiptdate > l_commitdate), (LLVM Optimized)"}]}]}, {"Node Type": "Index Scan", "Parent Relationship": "Inner", "Scan Direction": "Forward", "Index Name": "idx_lineitem_orderkey", "Relation Name": "lineitem", "Alias": "l2", "Startup Cost": 10000000000.0, "Total Cost": 1000324015374.5, "Plan Rows": 59987033, "Plan Width": 16}]}, {"Node Type": "Index Scan", "Parent Relationship": "Inner", "Scan Direction": "Forward", "Index Name": "orders_pkey", "Relation Name": "orders", "Alias": "orders", "Startup Cost": 10000000000.0, "Total Cost": 1000076847713.25, "Plan Rows": 7338812, "Plan Width": 8, "Filter": "(o_orderstatus = 'F'::bpchar), (LLVM Optimized)"}]}, {"Node Type": "Materialize", "Parent Relationship": "Inner", "Startup Cost": 20000000000.0, "Total Cost": 2000000536360.19, "Plan Rows": 4000, "Plan Width": 34, "Plans": [{"Node Type": "Nested Loop", "Parent Relationship": "Outer", "Join Type": "Inner", "Startup Cost": 20000000000.0, "Total Cost": 2000000536340.19, "Plan Rows": 4000, "Plan Width": 34, "Inner Unique": true, "Join Filter": "(supplier.s_nationkey = nation.n_nationkey)", "Plans": [{"Node Type": "Index Scan", "Parent Relationship": "Outer", "Scan Direction": "Forward", "Index Name": "supplier_pkey", "Relation Name": "supplier", "Alias": "supplier", "Startup Cost": 10000000000.0, "Total Cost": 1000000533571.43, "Plan Rows": 100000, "Plan Width": 38}, {"Node Type": "Materialize", "Parent Relationship": "Inner", "Startup Cost": 10000000000.0, "Total Cost": 1000000001268.76, "Plan Rows": 1, "Plan Width": 4, "Plans": [{"Node Type": "Index Scan", "Parent Relationship": "Outer", "Scan Direction": "Forward", "Index Name": "nation_pkey", "Relation Name": "nation", "Alias": "nation", "Startup Cost": 10000000000.0, "Total Cost": 1000000001268.75, "Plan Rows": 1, "Plan Width": 4, "Filter": "(n_name = 'EGYPT'::bpchar)"}]}]}]}]}]}]}]}, "Unique SQL Id": 3870093320}, "explain_analyze_plan": null}, "(1, 32)": {"explain_plan": {"Plan": {"Node Type": "Limit", "Startup Cost": 2300808.41, "Total Cost": 2300808.66, "Plan Rows": 100, "Plan Width": 26, "Plans": [{"Node Type": "Sort", "Parent Relationship": "Outer", "Startup Cost": 2300808.41, "Total Cost": 2300831.34, "Plan Rows": 100, "Plan Width": 26, "Sort Key": ["(count(*)) DESC", "supplier.s_name"], "Plans": [{"Node Type": "Aggregate", "Strategy": "Hashed", "Parent Relationship": "Outer", "Startup Cost": 2300366.14, "Total Cost": 2300457.86, "Plan Rows": 9172, "Plan Width": 26, "Group By Key": ["supplier.s_name"], "Plans": [{"Node Type": "Nested Loop", "Parent Relationship": "Outer", "Join Type": "Inner", "Startup Cost": 2583.35, "Total Cost": 2300320.28, "Plan Rows": 9172, "Plan Width": 26, "Inner Unique": true, "Join Filter": "(l1.l_orderkey = orders.o_orderkey)", "Plans": [{"Node Type": "Nested Loop", "Parent Relationship": "Outer", "Join Type": "Semi", "Startup Cost": 2583.35, "Total Cost": 2293219.91, "Plan Rows": 7254, "Plan Width": 42, "Inner Unique": false, "Plans": [{"Node Type": "Nested Loop", "Parent Relationship": "Outer", "Join Type": "Anti", "Startup Cost": 2583.35, "Total Cost": 2291364.34, "Plan Rows": 7635, "Plan Width": 42, "Inner Unique": false, "Plans": [{"Node Type": "Hash Join", "Parent Relationship": "Outer", "Join Type": "Inner", "Startup Cost": 2583.35, "Total Cost": 2244177.13, "Plan Rows": 152707, "Plan Width": 42, "Inner Unique": false, "Hash Cond": "(l1.l_suppkey = supplier.s_suppkey), (LLVM Optimized)", "Plans": [{"Node Type": "Seq Scan", "Parent Relationship": "Outer", "Relation Name": "lineitem", "Alias": "l1", "Startup Cost": 0.0, "Total Cost": 2165082.91, "Plan Rows": 19995678, "Plan Width": 16, "Filter": "(l_receiptdate > l_commitdate), (LLVM Optimized)"}, {"Node Type": "Hash", "Parent Relationship": "Inner", "Startup Cost": 2533.35, "Total Cost": 2533.35, "Plan Rows": 4000, "Plan Width": 34, "Plans": [{"Node Type": "Nested Loop", "Parent Relationship": "Outer", "Join Type": "Inner", "Startup Cost": 95.25, "Total Cost": 2533.35, "Plan Rows": 4000, "Plan Width": 34, "Inner Unique": false, "Plans": [{"Node Type": "Seq Scan", "Parent Relationship": "Outer", "Relation Name": "nation", "Alias": "nation", "Startup Cost": 0.0, "Total Cost": 1.31, "Plan Rows": 1, "Plan Width": 4, "Filter": "(n_name = 'EGYPT'::bpchar)"}, {"Node Type": "Bitmap Heap Scan", "Parent Relationship": "Inner", "Relation Name": "supplier", "Alias": "supplier", "Startup Cost": 95.25, "Total Cost": 2492.04, "Plan Rows": 4000, "Plan Width": 38, "Recheck Cond": "(s_nationkey = nation.n_nationkey)", "Plans": [{"Node Type": "Bitmap Index Scan", "Parent Relationship": "Outer", "Index Name": "idx_supplier_nation_key", "Startup Cost": 0.0, "Total Cost": 94.25, "Plan Rows": 4000, "Plan Width": 0, "Index Cond": "(s_nationkey = nation.n_nationkey)"}]}]}]}]}, {"Node Type": "Index Scan", "Parent Relationship": "Inner", "Scan Direction": "Forward", "Index Name": "idx_lineitem_orderkey", "Relation Name": "lineitem", "Alias": "l3", "Startup Cost": 0.0, "Total Cost": 1.63, "Plan Rows": 3, "Plan Width": 16, "Index Cond": "(l_orderkey = l1.l_orderkey)", "Filter": "((l_receiptdate > l_commitdate) AND (l_suppkey <> l1.l_suppkey))"}]}, {"Node Type": "Index Scan", "Parent Relationship": "Inner", "Scan Direction": "Forward", "Index Name": "idx_lineitem_orderkey", "Relation Name": "lineitem", "Alias": "l2", "Startup Cost": 0.0, "Total Cost": 1.63, "Plan Rows": 9, "Plan Width": 16, "Index Cond": "(l_orderkey = l1.l_orderkey)", "Filter": "(l_suppkey <> l1.l_suppkey)"}]}, {"Node Type": "Index Scan", "Parent Relationship": "Inner", "Scan Direction": "Forward", "Index Name": "orders_pkey", "Relation Name": "orders", "Alias": "orders", "Startup Cost": 0.0, "Total Cost": 0.97, "Plan Rows": 1, "Plan Width": 8, "Index Cond": "(o_orderkey = l2.l_orderkey)", "Filter": "(o_orderstatus = 'F'::bpchar)"}]}]}]}]}, "Unique SQL Id": 3870093320}, "explain_analyze_plan": {"Plan": {"Node Type": "Limit", "Startup Cost": 2300808.41, "Total Cost": 2300808.66, "Plan Rows": 100, "Plan Width": 26, "Actual Startup Time": 44160.852, "Actual Total Time": 44160.878, "Actual Rows": 100, "Actual Loops": 1, "Plans": [{"Node Type": "Sort", "Parent Relationship": "Outer", "Startup Cost": 2300808.41, "Total Cost": 2300831.34, "Plan Rows": 100, "Plan Width": 26, "Actual Startup Time": 44160.849, "Actual Total Time": 44160.869, "Actual Rows": 100, "Actual Loops": 1, "Sort Key": ["(count(*)) DESC", "supplier.s_name"], "Sort Method": "top-N heapsort", "Sort Space Used": 41, "Sort Space Type": "Memory", "Plans": [{"Node Type": "Aggregate", "Strategy": "Hashed", "Parent Relationship": "Outer", "Startup Cost": 2300366.14, "Total Cost": 2300457.86, "Plan Rows": 9172, "Plan Width": 26, "Actual Startup Time": 44157.449, "Actual Total Time": 44158.792, "Actual Rows": 3981, "Actual Loops": 1, "Group By Key": ["supplier.s_name"], "Plans": [{"Node Type": "Nested Loop", "Parent Relationship": "Outer", "Join Type": "Inner", "Startup Cost": 2583.35, "Total Cost": 2300320.28, "Plan Rows": 9172, "Plan Width": 26, "Actual Startup Time": 9.374, "Actual Total Time": 44086.295, "Actual Rows": 39445, "Actual Loops": 1, "Inner Unique": true, "Join Filter": "(l1.l_orderkey = orders.o_orderkey)", "Rows Removed by Join Filter": 0, "Plans": [{"Node Type": "Nested Loop", "Parent Relationship": "Outer", "Join Type": "Semi", "Startup Cost": 2583.35, "Total Cost": 2293219.91, "Plan Rows": 7254, "Plan Width": 42, "Actual Startup Time": 9.355, "Actual Total Time": 43457.892, "Actual Rows": 80537, "Actual Loops": 1, "Inner Unique": false, "Plans": [{"Node Type": "Nested Loop", "Parent Relationship": "Outer", "Join Type": "Anti", "Startup Cost": 2583.35, "Total Cost": 2291364.34, "Plan Rows": 7635, "Plan Width": 42, "Actual Startup Time": 9.068, "Actual Total Time": 42842.367, "Actual Rows": 135110, "Actual Loops": 1, "Inner Unique": false, "Plans": [{"Node Type": "Hash Join", "Parent Relationship": "Outer", "Join Type": "Inner", "Startup Cost": 2583.35, "Total Cost": 2244177.13, "Plan Rows": 152707, "Plan Width": 42, "Actual Startup Time": 8.439, "Actual Total Time": 33997.816, "Actual Rows": 1511024, "Actual Loops": 1, "Inner Unique": false, "Hash Cond": "(l1.l_suppkey = supplier.s_suppkey), (LLVM Optimized, Jit Execute)", "Plans": [{"Node Type": "Seq Scan", "Parent Relationship": "Outer", "Relation Name": "lineitem", "Alias": "l1", "Startup Cost": 0.0, "Total Cost": 2165082.91, "Plan Rows": 19995678, "Plan Width": 16, "Actual Startup Time": 0.029, "Actual Total Time": 25409.088, "Actual Rows": 37929348, "Actual Loops": 1, "Filter": "(l_receiptdate > l_commitdate), (LLVM Optimized, Jit Execute)", "Rows Removed by Filter": 22056704}, {"Node Type": "Hash", "Parent Relationship": "Inner", "Startup Cost": 2533.35, "Total Cost": 2533.35, "Plan Rows": 4000, "Plan Width": 34, "Actual Startup Time": 8.311, "Actual Total Time": 8.311, "Actual Rows": 3981, "Actual Loops": 1, "Hash Buckets": 32768, "Hash Batches": 1, "Original Hash Batches": 1, "Peak Memory Usage": 280, "Plans": [{"Node Type": "Nested Loop", "Parent Relationship": "Outer", "Join Type": "Inner", "Startup Cost": 95.25, "Total Cost": 2533.35, "Plan Rows": 4000, "Plan Width": 34, "Actual Startup Time": 1.005, "Actual Total Time": 6.936, "Actual Rows": 3981, "Actual Loops": 1, "Inner Unique": false, "Plans": [{"Node Type": "Seq Scan", "Parent Relationship": "Outer", "Relation Name": "nation", "Alias": "nation", "Startup Cost": 0.0, "Total Cost": 1.31, "Plan Rows": 1, "Plan Width": 4, "Actual Startup Time": 0.016, "Actual Total Time": 0.03, "Actual Rows": 1, "Actual Loops": 1, "Filter": "(n_name = 'EGYPT'::bpchar)", "Rows Removed by Filter": 24}, {"Node Type": "Bitmap Heap Scan", "Parent Relationship": "Inner", "Relation Name": "supplier", "Alias": "supplier", "Startup Cost": 95.25, "Total Cost": 2492.04, "Plan Rows": 4000, "Plan Width": 38, "Actual Startup Time": 0.981, "Actual Total Time": 6.079, "Actual Rows": 3981, "Actual Loops": 1, "Recheck Cond": "(s_nationkey = nation.n_nationkey)", "Rows Removed by Index Recheck": 0, "Exact Heap Blocks": 1918, "Lossy Heap Blocks": 1918, "Plans": [{"Node Type": "Bitmap Index Scan", "Parent Relationship": "Outer", "Index Name": "idx_supplier_nation_key", "Startup Cost": 0.0, "Total Cost": 94.25, "Plan Rows": 4000, "Plan Width": 0, "Actual Startup Time": 0.681, "Actual Total Time": 0.681, "Actual Rows": 3981, "Actual Loops": 1, "Index Cond": "(s_nationkey = nation.n_nationkey)"}]}]}]}]}, {"Node Type": "Index Scan", "Parent Relationship": "Inner", "Scan Direction": "Forward", "Index Name": "idx_lineitem_orderkey", "Relation Name": "lineitem", "Alias": "l3", "Startup Cost": 0.0, "Total Cost": 1.63, "Plan Rows": 3, "Plan Width": 16, "Actual Startup Time": 7867.724, "Actual Total Time": 7867.724, "Actual Rows": 1375914, "Actual Loops": 1511024, "Index Cond": "(l_orderkey = l1.l_orderkey)", "Rows Removed by Index Recheck": 0, "Filter": "((l_receiptdate > l_commitdate) AND (l_suppkey <> l1.l_suppkey))", "Rows Removed by Filter": 1348115}]}, {"Node Type": "Index Scan", "Parent Relationship": "Inner", "Scan Direction": "Forward", "Index Name": "idx_lineitem_orderkey", "Relation Name": "lineitem", "Alias": "l2", "Startup Cost": 0.0, "Total Cost": 1.63, "Plan Rows": 9, "Plan Width": 16, "Actual Startup Time": 504.038, "Actual Total Time": 504.038, "Actual Rows": 80537, "Actual Loops": 135110, "Index Cond": "(l_orderkey = l1.l_orderkey)", "Rows Removed by Index Recheck": 0, "Filter": "(l_suppkey <> l1.l_suppkey)", "Rows Removed by Filter": 85912}]}, {"Node Type": "Index Scan", "Parent Relationship": "Inner", "Scan Direction": "Forward", "Index Name": "orders_pkey", "Relation Name": "orders", "Alias": "orders", "Startup Cost": 0.0, "Total Cost": 0.97, "Plan Rows": 1, "Plan Width": 8, "Actual Startup Time": 547.334, "Actual Total Time": 547.334, "Actual Rows": 39445, "Actual Loops": 80537, "Index Cond": "(o_orderkey = l2.l_orderkey)", "Rows Removed by Index Recheck": 0, "Filter": "(o_orderstatus = 'F'::bpchar)", "Rows Removed by Filter": 41092}]}]}]}]}, "Triggers": [], "Planner Runtime": 7.388, "Total Runtime": 44170.065, "Unique SQL Id": 3870093320}}, "(1, 33)": {"explain_plan": {"Plan": {"Node Type": "Limit", "Startup Cost": 3525858.2, "Total Cost": 3525858.45, "Plan Rows": 100, "Plan Width": 26, "Plans": [{"Node Type": "Sort", "Parent Relationship": "Outer", "Startup Cost": 3525858.2, "Total Cost": 3525881.13, "Plan Rows": 100, "Plan Width": 26, "Sort Key": ["(count(*)) DESC", "supplier.s_name"], "Plans": [{"Node Type": "Aggregate", "Strategy": "Hashed", "Parent Relationship": "Outer", "Startup Cost": 3525415.93, "Total Cost": 3525507.65, "Plan Rows": 9172, "Plan Width": 26, "Group By Key": ["supplier.s_name"], "Plans": [{"Node Type": "Nested Loop", "Parent Relationship": "Outer", "Join Type": "Inner", "Startup Cost": 2594.73, "Total Cost": 3525370.07, "Plan Rows": 9172, "Plan Width": 26, "Inner Unique": true, "Join Filter": "(l1.l_orderkey = orders.o_orderkey)", "Plans": [{"Node Type": "Nested Loop", "Parent Relationship": "Outer", "Join Type": "Semi", "Startup Cost": 2594.73, "Total Cost": 3518269.7, "Plan Rows": 7254, "Plan Width": 42, "Inner Unique": false, "Plans": [{"Node Type": "Nested Loop", "Parent Relationship": "Outer", "Join Type": "Anti", "Startup Cost": 2594.73, "Total Cost": 3516414.13, "Plan Rows": 7635, "Plan Width": 42, "Inner Unique": false, "Plans": [{"Node Type": "Hash Join", "Parent Relationship": "Outer", "Join Type": "Inner", "Startup Cost": 2594.73, "Total Cost": 3469226.92, "Plan Rows": 152707, "Plan Width": 42, "Inner Unique": false, "Hash Cond": "(l1.l_suppkey = supplier.s_suppkey), (LLVM Optimized)", "Plans": [{"Node Type": "Index Scan", "Parent Relationship": "Outer", "Scan Direction": "Forward", "Index Name": "idx_lineitem_orderkey", "Relation Name": "lineitem", "Alias": "l1", "Startup Cost": 0.0, "Total Cost": 3390121.33, "Plan Rows": 19995678, "Plan Width": 16, "Filter": "(l_receiptdate > l_commitdate), (LLVM Optimized)"}, {"Node Type": "Hash", "Parent Relationship": "Inner", "Startup Cost": 2544.73, "Total Cost": 2544.73, "Plan Rows": 4000, "Plan Width": 34, "Plans": [{"Node Type": "Nested Loop", "Parent Relationship": "Outer", "Join Type": "Inner", "Startup Cost": 95.25, "Total Cost": 2544.73, "Plan Rows": 4000, "Plan Width": 34, "Inner Unique": false, "Plans": [{"Node Type": "Index Scan", "Parent Relationship": "Outer", "Scan Direction": "Forward", "Index Name": "nation_pkey", "Relation Name": "nation", "Alias": "nation", "Startup Cost": 0.0, "Total Cost": 12.69, "Plan Rows": 1, "Plan Width": 4, "Filter": "(n_name = 'EGYPT'::bpchar)"}, {"Node Type": "Bitmap Heap Scan", "Parent Relationship": "Inner", "Relation Name": "supplier", "Alias": "supplier", "Startup Cost": 95.25, "Total Cost": 2492.04, "Plan Rows": 4000, "Plan Width": 38, "Recheck Cond": "(s_nationkey = nation.n_nationkey)", "Plans": [{"Node Type": "Bitmap Index Scan", "Parent Relationship": "Outer", "Index Name": "idx_supplier_nation_key", "Startup Cost": 0.0, "Total Cost": 94.25, "Plan Rows": 4000, "Plan Width": 0, "Index Cond": "(s_nationkey = nation.n_nationkey)"}]}]}]}]}, {"Node Type": "Index Scan", "Parent Relationship": "Inner", "Scan Direction": "Forward", "Index Name": "idx_lineitem_orderkey", "Relation Name": "lineitem", "Alias": "l3", "Startup Cost": 0.0, "Total Cost": 1.63, "Plan Rows": 3, "Plan Width": 16, "Index Cond": "(l_orderkey = l1.l_orderkey)", "Filter": "((l_receiptdate > l_commitdate) AND (l_suppkey <> l1.l_suppkey))"}]}, {"Node Type": "Index Scan", "Parent Relationship": "Inner", "Scan Direction": "Forward", "Index Name": "idx_lineitem_orderkey", "Relation Name": "lineitem", "Alias": "l2", "Startup Cost": 0.0, "Total Cost": 1.63, "Plan Rows": 9, "Plan Width": 16, "Index Cond": "(l_orderkey = l1.l_orderkey)", "Filter": "(l_suppkey <> l1.l_suppkey)"}]}, {"Node Type": "Index Scan", "Parent Relationship": "Inner", "Scan Direction": "Forward", "Index Name": "orders_pkey", "Relation Name": "orders", "Alias": "orders", "Startup Cost": 0.0, "Total Cost": 0.97, "Plan Rows": 1, "Plan Width": 8, "Index Cond": "(o_orderkey = l2.l_orderkey)", "Filter": "(o_orderstatus = 'F'::bpchar)"}]}]}]}]}, "Unique SQL Id": 3870093320}, "explain_analyze_plan": {"Plan": {"Node Type": "Limit", "Startup Cost": 3525858.2, "Total Cost": 3525858.45, "Plan Rows": 100, "Plan Width": 26, "Actual Startup Time": 66328.983, "Actual Total Time": 66328.998, "Actual Rows": 100, "Actual Loops": 1, "Plans": [{"Node Type": "Sort", "Parent Relationship": "Outer", "Startup Cost": 3525858.2, "Total Cost": 3525881.13, "Plan Rows": 100, "Plan Width": 26, "Actual Startup Time": 66328.981, "Actual Total Time": 66328.983, "Actual Rows": 100, "Actual Loops": 1, "Sort Key": ["(count(*)) DESC", "supplier.s_name"], "Sort Method": "top-N heapsort", "Sort Space Used": 41, "Sort Space Type": "Memory", "Plans": [{"Node Type": "Aggregate", "Strategy": "Hashed", "Parent Relationship": "Outer", "Startup Cost": 3525415.93, "Total Cost": 3525507.65, "Plan Rows": 9172, "Plan Width": 26, "Actual Startup Time": 66325.713, "Actual Total Time": 66326.889, "Actual Rows": 3981, "Actual Loops": 1, "Group By Key": ["supplier.s_name"], "Plans": [{"Node Type": "Nested Loop", "Parent Relationship": "Outer", "Join Type": "Inner", "Startup Cost": 2594.73, "Total Cost": 3525370.07, "Plan Rows": 9172, "Plan Width": 26, "Actual Startup Time": 9.758, "Actual Total Time": 66254.92, "Actual Rows": 39445, "Actual Loops": 1, "Inner Unique": true, "Join Filter": "(l1.l_orderkey = orders.o_orderkey)", "Rows Removed by Join Filter": 0, "Plans": [{"Node Type": "Nested Loop", "Parent Relationship": "Outer", "Join Type": "Semi", "Startup Cost": 2594.73, "Total Cost": 3518269.7, "Plan Rows": 7254, "Plan Width": 42, "Actual Startup Time": 9.738, "Actual Total Time": 65597.437, "Actual Rows": 80537, "Actual Loops": 1, "Inner Unique": false, "Plans": [{"Node Type": "Nested Loop", "Parent Relationship": "Outer", "Join Type": "Anti", "Startup Cost": 2594.73, "Total Cost": 3516414.13, "Plan Rows": 7635, "Plan Width": 42, "Actual Startup Time": 9.36, "Actual Total Time": 64964.719, "Actual Rows": 135110, "Actual Loops": 1, "Inner Unique": false, "Plans": [{"Node Type": "Hash Join", "Parent Relationship": "Outer", "Join Type": "Inner", "Startup Cost": 2594.73, "Total Cost": 3469226.92, "Plan Rows": 152707, "Plan Width": 42, "Actual Startup Time": 8.552, "Actual Total Time": 56797.185, "Actual Rows": 1511024, "Actual Loops": 1, "Inner Unique": false, "Hash Cond": "(l1.l_suppkey = supplier.s_suppkey), (LLVM Optimized, Jit Execute)", "Plans": [{"Node Type": "Index Scan", "Parent Relationship": "Outer", "Scan Direction": "Forward", "Index Name": "idx_lineitem_orderkey", "Relation Name": "lineitem", "Alias": "l1", "Startup Cost": 0.0, "Total Cost": 3390121.33, "Plan Rows": 19995678, "Plan Width": 16, "Actual Startup Time": 0.036, "Actual Total Time": 48747.291, "Actual Rows": 37929348, "Actual Loops": 1, "Filter": "(l_receiptdate > l_commitdate), (LLVM Optimized, Jit Execute)", "Rows Removed by Filter": 22056704}, {"Node Type": "Hash", "Parent Relationship": "Inner", "Startup Cost": 2544.73, "Total Cost": 2544.73, "Plan Rows": 4000, "Plan Width": 34, "Actual Startup Time": 8.395, "Actual Total Time": 8.395, "Actual Rows": 3981, "Actual Loops": 1, "Hash Buckets": 32768, "Hash Batches": 1, "Original Hash Batches": 1, "Peak Memory Usage": 280, "Plans": [{"Node Type": "Nested Loop", "Parent Relationship": "Outer", "Join Type": "Inner", "Startup Cost": 95.25, "Total Cost": 2544.73, "Plan Rows": 4000, "Plan Width": 34, "Actual Startup Time": 0.997, "Actual Total Time": 7.019, "Actual Rows": 3981, "Actual Loops": 1, "Inner Unique": false, "Plans": [{"Node Type": "Index Scan", "Parent Relationship": "Outer", "Scan Direction": "Forward", "Index Name": "nation_pkey", "Relation Name": "nation", "Alias": "nation", "Startup Cost": 0.0, "Total Cost": 12.69, "Plan Rows": 1, "Plan Width": 4, "Actual Startup Time": 0.011, "Actual Total Time": 0.029, "Actual Rows": 1, "Actual Loops": 1, "Filter": "(n_name = 'EGYPT'::bpchar)", "Rows Removed by Filter": 24}, {"Node Type": "Bitmap Heap Scan", "Parent Relationship": "Inner", "Relation Name": "supplier", "Alias": "supplier", "Startup Cost": 95.25, "Total Cost": 2492.04, "Plan Rows": 4000, "Plan Width": 38, "Actual Startup Time": 0.98, "Actual Total Time": 6.17, "Actual Rows": 3981, "Actual Loops": 1, "Recheck Cond": "(s_nationkey = nation.n_nationkey)", "Rows Removed by Index Recheck": 0, "Exact Heap Blocks": 1918, "Lossy Heap Blocks": 1918, "Plans": [{"Node Type": "Bitmap Index Scan", "Parent Relationship": "Outer", "Index Name": "idx_supplier_nation_key", "Startup Cost": 0.0, "Total Cost": 94.25, "Plan Rows": 4000, "Plan Width": 0, "Actual Startup Time": 0.686, "Actual Total Time": 0.686, "Actual Rows": 3981, "Actual Loops": 1, "Index Cond": "(s_nationkey = nation.n_nationkey)"}]}]}]}]}, {"Node Type": "Index Scan", "Parent Relationship": "Inner", "Scan Direction": "Forward", "Index Name": "idx_lineitem_orderkey", "Relation Name": "lineitem", "Alias": "l3", "Startup Cost": 0.0, "Total Cost": 1.63, "Plan Rows": 3, "Plan Width": 16, "Actual Startup Time": 7166.725, "Actual Total Time": 7166.725, "Actual Rows": 1375914, "Actual Loops": 1511024, "Index Cond": "(l_orderkey = l1.l_orderkey)", "Rows Removed by Index Recheck": 0, "Filter": "((l_receiptdate > l_commitdate) AND (l_suppkey <> l1.l_suppkey))", "Rows Removed by Filter": 1348115}]}, {"Node Type": "Index Scan", "Parent Relationship": "Inner", "Scan Direction": "Forward", "Index Name": "idx_lineitem_orderkey", "Relation Name": "lineitem", "Alias": "l2", "Startup Cost": 0.0, "Total Cost": 1.63, "Plan Rows": 9, "Plan Width": 16, "Actual Startup Time": 509.545, "Actual Total Time": 509.545, "Actual Rows": 80537, "Actual Loops": 135110, "Index Cond": "(l_orderkey = l1.l_orderkey)", "Rows Removed by Index Recheck": 0, "Filter": "(l_suppkey <> l1.l_suppkey)", "Rows Removed by Filter": 85912}]}, {"Node Type": "Index Scan", "Parent Relationship": "Inner", "Scan Direction": "Forward", "Index Name": "orders_pkey", "Relation Name": "orders", "Alias": "orders", "Startup Cost": 0.0, "Total Cost": 0.97, "Plan Rows": 1, "Plan Width": 8, "Actual Startup Time": 569.841, "Actual Total Time": 569.841, "Actual Rows": 39445, "Actual Loops": 80537, "Index Cond": "(o_orderkey = l2.l_orderkey)", "Rows Removed by Index Recheck": 0, "Filter": "(o_orderstatus = 'F'::bpchar)", "Rows Removed by Filter": 41092}]}]}]}]}, "Triggers": [], "Planner Runtime": 7.315, "Total Runtime": 66338.102, "Unique SQL Id": 3870093320}}, "(1, 34)": {"explain_plan": {"Plan": {"Node Type": "Limit", "Startup Cost": 2652117.64, "Total Cost": 2652117.89, "Plan Rows": 100, "Plan Width": 26, "Plans": [{"Node Type": "Sort", "Parent Relationship": "Outer", "Startup Cost": 2652117.64, "Total Cost": 2652140.57, "Plan Rows": 100, "Plan Width": 26, "Sort Key": ["(count(*)) DESC", "supplier.s_name"], "Plans": [{"Node Type": "Aggregate", "Strategy": "Hashed", "Parent Relationship": "Outer", "Startup Cost": 2651675.37, "Total Cost": 2651767.09, "Plan Rows": 9172, "Plan Width": 26, "Group By Key": ["supplier.s_name"], "Plans": [{"Node Type": "Nested Loop", "Parent Relationship": "Outer", "Join Type": "Inner", "Startup Cost": 2585.6, "Total Cost": 2651629.51, "Plan Rows": 9172, "Plan Width": 26, "Inner Unique": true, "Join Filter": "(l1.l_orderkey = orders.o_orderkey)", "Plans": [{"Node Type": "Nested Loop", "Parent Relationship": "Outer", "Join Type": "Semi", "Startup Cost": 2585.0, "Total Cost": 2618068.76, "Plan Rows": 7254, "Plan Width": 42, "Inner Unique": false, "Plans": [{"Node Type": "Nested Loop", "Parent Relationship": "Outer", "Join Type": "Anti", "Startup Cost": 2584.17, "Total Cost": 2602890.2, "Plan Rows": 7635, "Plan Width": 42, "Inner Unique": false, "Plans": [{"Node Type": "Hash Join", "Parent Relationship": "Outer", "Join Type": "Inner", "Startup Cost": 2583.35, "Total Cost": 2244177.13, "Plan Rows": 152707, "Plan Width": 42, "Inner Unique": false, "Hash Cond": "(l1.l_suppkey = supplier.s_suppkey), (LLVM Optimized)", "Plans": [{"Node Type": "Seq Scan", "Parent Relationship": "Outer", "Relation Name": "lineitem", "Alias": "l1", "Startup Cost": 0.0, "Total Cost": 2165082.91, "Plan Rows": 19995678, "Plan Width": 16, "Filter": "(l_receiptdate > l_commitdate), (LLVM Optimized)"}, {"Node Type": "Hash", "Parent Relationship": "Inner", "Startup Cost": 2533.35, "Total Cost": 2533.35, "Plan Rows": 4000, "Plan Width": 34, "Plans": [{"Node Type": "Nested Loop", "Parent Relationship": "Outer", "Join Type": "Inner", "Startup Cost": 95.25, "Total Cost": 2533.35, "Plan Rows": 4000, "Plan Width": 34, "Inner Unique": false, "Plans": [{"Node Type": "Seq Scan", "Parent Relationship": "Outer", "Relation Name": "nation", "Alias": "nation", "Startup Cost": 0.0, "Total Cost": 1.31, "Plan Rows": 1, "Plan Width": 4, "Filter": "(n_name = 'EGYPT'::bpchar)"}, {"Node Type": "Bitmap Heap Scan", "Parent Relationship": "Inner", "Relation Name": "supplier", "Alias": "supplier", "Startup Cost": 95.25, "Total Cost": 2492.04, "Plan Rows": 4000, "Plan Width": 38, "Recheck Cond": "(s_nationkey = nation.n_nationkey)", "Plans": [{"Node Type": "Bitmap Index Scan", "Parent Relationship": "Outer", "Index Name": "idx_supplier_nation_key", "Startup Cost": 0.0, "Total Cost": 94.25, "Plan Rows": 4000, "Plan Width": 0, "Index Cond": "(s_nationkey = nation.n_nationkey)"}]}]}]}]}, {"Node Type": "Bitmap Heap Scan", "Parent Relationship": "Inner", "Relation Name": "lineitem", "Alias": "l3", "Startup Cost": 0.82, "Total Cost": 8.97, "Plan Rows": 3, "Plan Width": 16, "Recheck Cond": "(l_orderkey = l1.l_orderkey)", "Filter": "((l_receiptdate > l_commitdate) AND (l_suppkey <> l1.l_suppkey))", "Plans": [{"Node Type": "Bitmap Index Scan", "Parent Relationship": "Outer", "Index Name": "idx_lineitem_orderkey", "Startup Cost": 0.0, "Total Cost": 0.82, "Plan Rows": 9, "Plan Width": 0, "Index Cond": "(l_orderkey = l1.l_orderkey)"}]}]}, {"Node Type": "Bitmap Heap Scan", "Parent Relationship": "Inner", "Relation Name": "lineitem", "Alias": "l2", "Startup Cost": 0.82, "Total Cost": 8.95, "Plan Rows": 9, "Plan Width": 16, "Recheck Cond": "(l_orderkey = l1.l_orderkey)", "Filter": "(l_suppkey <> l1.l_suppkey)", "Plans": [{"Node Type": "Bitmap Index Scan", "Parent Relationship": "Outer", "Index Name": "idx_lineitem_orderkey", "Startup Cost": 0.0, "Total Cost": 0.82, "Plan Rows": 9, "Plan Width": 0, "Index Cond": "(l_orderkey = l1.l_orderkey)"}]}]}, {"Node Type": "Bitmap Heap Scan", "Parent Relationship": "Inner", "Relation Name": "orders", "Alias": "orders", "Startup Cost": 0.6, "Total Cost": 4.61, "Plan Rows": 1, "Plan Width": 8, "Recheck Cond": "(o_orderkey = l2.l_orderkey)", "Filter": "(o_orderstatus = 'F'::bpchar)", "Plans": [{"Node Type": "Bitmap Index Scan", "Parent Relationship": "Outer", "Index Name": "orders_pkey", "Startup Cost": 0.0, "Total Cost": 0.6, "Plan Rows": 1, "Plan Width": 0, "Index Cond": "(o_orderkey = l2.l_orderkey)"}]}]}]}]}]}, "Unique SQL Id": 3870093320}, "explain_analyze_plan": {"Plan": {"Node Type": "Limit", "Startup Cost": 2652117.64, "Total Cost": 2652117.89, "Plan Rows": 100, "Plan Width": 26, "Actual Startup Time": 48542.548, "Actual Total Time": 48542.566, "Actual Rows": 100, "Actual Loops": 1, "Plans": [{"Node Type": "Sort", "Parent Relationship": "Outer", "Startup Cost": 2652117.64, "Total Cost": 2652140.57, "Plan Rows": 100, "Plan Width": 26, "Actual Startup Time": 48542.546, "Actual Total Time": 48542.554, "Actual Rows": 100, "Actual Loops": 1, "Sort Key": ["(count(*)) DESC", "supplier.s_name"], "Sort Method": "top-N heapsort", "Sort Space Used": 41, "Sort Space Type": "Memory", "Plans": [{"Node Type": "Aggregate", "Strategy": "Hashed", "Parent Relationship": "Outer", "Startup Cost": 2651675.37, "Total Cost": 2651767.09, "Plan Rows": 9172, "Plan Width": 26, "Actual Startup Time": 48539.063, "Actual Total Time": 48540.513, "Actual Rows": 3981, "Actual Loops": 1, "Group By Key": ["supplier.s_name"], "Plans": [{"Node Type": "Nested Loop", "Parent Relationship": "Outer", "Join Type": "Inner", "Startup Cost": 2585.6, "Total Cost": 2651629.51, "Plan Rows": 9172, "Plan Width": 26, "Actual Startup Time": 11.989, "Actual Total Time": 48454.234, "Actual Rows": 39445, "Actual Loops": 1, "Inner Unique": true, "Join Filter": "(l1.l_orderkey = orders.o_orderkey)", "Rows Removed by Join Filter": 0, "Plans": [{"Node Type": "Nested Loop", "Parent Relationship": "Outer", "Join Type": "Semi", "Startup Cost": 2585.0, "Total Cost": 2618068.76, "Plan Rows": 7254, "Plan Width": 42, "Actual Startup Time": 11.965, "Actual Total Time": 47684.747, "Actual Rows": 80537, "Actual Loops": 1, "Inner Unique": false, "Plans": [{"Node Type": "Nested Loop", "Parent Relationship": "Outer", "Join Type": "Anti", "Startup Cost": 2584.17, "Total Cost": 2602890.2, "Plan Rows": 7635, "Plan Width": 42, "Actual Startup Time": 11.643, "Actual Total Time": 46787.199, "Actual Rows": 135110, "Actual Loops": 1, "Inner Unique": false, "Plans": [{"Node Type": "Hash Join", "Parent Relationship": "Outer", "Join Type": "Inner", "Startup Cost": 2583.35, "Total Cost": 2244177.13, "Plan Rows": 152707, "Plan Width": 42, "Actual Startup Time": 10.92, "Actual Total Time": 33938.332, "Actual Rows": 1511024, "Actual Loops": 1, "Inner Unique": false, "Hash Cond": "(l1.l_suppkey = supplier.s_suppkey), (LLVM Optimized, Jit Execute)", "Plans": [{"Node Type": "Seq Scan", "Parent Relationship": "Outer", "Relation Name": "lineitem", "Alias": "l1", "Startup Cost": 0.0, "Total Cost": 2165082.91, "Plan Rows": 19995678, "Plan Width": 16, "Actual Startup Time": 0.018, "Actual Total Time": 25391.367, "Actual Rows": 37929348, "Actual Loops": 1, "Filter": "(l_receiptdate > l_commitdate), (LLVM Optimized, Jit Execute)", "Rows Removed by Filter": 22056704}, {"Node Type": "Hash", "Parent Relationship": "Inner", "Startup Cost": 2533.35, "Total Cost": 2533.35, "Plan Rows": 4000, "Plan Width": 34, "Actual Startup Time": 10.809, "Actual Total Time": 10.809, "Actual Rows": 3981, "Actual Loops": 1, "Hash Buckets": 32768, "Hash Batches": 1, "Original Hash Batches": 1, "Peak Memory Usage": 280, "Plans": [{"Node Type": "Nested Loop", "Parent Relationship": "Outer", "Join Type": "Inner", "Startup Cost": 95.25, "Total Cost": 2533.35, "Plan Rows": 4000, "Plan Width": 34, "Actual Startup Time": 1.047, "Actual Total Time": 9.624, "Actual Rows": 3981, "Actual Loops": 1, "Inner Unique": false, "Plans": [{"Node Type": "Seq Scan", "Parent Relationship": "Outer", "Relation Name": "nation", "Alias": "nation", "Startup Cost": 0.0, "Total Cost": 1.31, "Plan Rows": 1, "Plan Width": 4, "Actual Startup Time": 0.017, "Actual Total Time": 0.026, "Actual Rows": 1, "Actual Loops": 1, "Filter": "(n_name = 'EGYPT'::bpchar)", "Rows Removed by Filter": 24}, {"Node Type": "Bitmap Heap Scan", "Parent Relationship": "Inner", "Relation Name": "supplier", "Alias": "supplier", "Startup Cost": 95.25, "Total Cost": 2492.04, "Plan Rows": 4000, "Plan Width": 38, "Actual Startup Time": 1.025, "Actual Total Time": 8.745, "Actual Rows": 3981, "Actual Loops": 1, "Recheck Cond": "(s_nationkey = nation.n_nationkey)", "Rows Removed by Index Recheck": 0, "Exact Heap Blocks": 1918, "Lossy Heap Blocks": 1918, "Plans": [{"Node Type": "Bitmap Index Scan", "Parent Relationship": "Outer", "Index Name": "idx_supplier_nation_key", "Startup Cost": 0.0, "Total Cost": 94.25, "Plan Rows": 4000, "Plan Width": 0, "Actual Startup Time": 0.733, "Actual Total Time": 0.733, "Actual Rows": 3981, "Actual Loops": 1, "Index Cond": "(s_nationkey = nation.n_nationkey)"}]}]}]}]}, {"Node Type": "Bitmap Heap Scan", "Parent Relationship": "Inner", "Relation Name": "lineitem", "Alias": "l3", "Startup Cost": 0.82, "Total Cost": 8.97, "Plan Rows": 3, "Plan Width": 16, "Actual Startup Time": 10918.95, "Actual Total Time": 10918.95, "Actual Rows": 1375914, "Actual Loops": 1511024, "Recheck Cond": "(l_orderkey = l1.l_orderkey)", "Rows Removed by Index Recheck": 0, "Filter": "((l_receiptdate > l_commitdate) AND (l_suppkey <> l1.l_suppkey))", "Rows Removed by Filter": 1348115, "Exact Heap Blocks": 1539822, "Lossy Heap Blocks": 1539822, "Plans": [{"Node Type": "Bitmap Index Scan", "Parent Relationship": "Outer", "Index Name": "idx_lineitem_orderkey", "Startup Cost": 0.0, "Total Cost": 0.82, "Plan Rows": 9, "Plan Width": 0, "Actual Startup Time": 6283.234, "Actual Total Time": 6283.234, "Actual Rows": 7550552, "Actual Loops": 1511024, "Index Cond": "(l_orderkey = l1.l_orderkey)"}]}]}, {"Node Type": "Bitmap Heap Scan", "Parent Relationship": "Inner", "Relation Name": "lineitem", "Alias": "l2", "Startup Cost": 0.82, "Total Cost": 8.95, "Plan Rows": 9, "Plan Width": 16, "Actual Startup Time": 696.878, "Actual Total Time": 696.878, "Actual Rows": 80537, "Actual Loops": 135110, "Recheck Cond": "(l_orderkey = l1.l_orderkey)", "Rows Removed by Index Recheck": 0, "Filter": "(l_suppkey <> l1.l_suppkey)", "Rows Removed by Filter": 85912, "Exact Heap Blocks": 135868, "Lossy Heap Blocks": 135868, "Plans": [{"Node Type": "Bitmap Index Scan", "Parent Relationship": "Outer", "Index Name": "idx_lineitem_orderkey", "Startup Cost": 0.0, "Total Cost": 0.82, "Plan Rows": 9, "Plan Width": 0, "Actual Startup Time": 422.211, "Actual Total Time": 422.211, "Actual Rows": 287712, "Actual Loops": 135110, "Index Cond": "(l_orderkey = l1.l_orderkey)"}]}]}, {"Node Type": "Bitmap Heap Scan", "Parent Relationship": "Inner", "Relation Name": "orders", "Alias": "orders", "Startup Cost": 0.6, "Total Cost": 4.61, "Plan Rows": 1, "Plan Width": 8, "Actual Startup Time": 632.367, "Actual Total Time": 632.367, "Actual Rows": 39445, "Actual Loops": 80537, "Recheck Cond": "(o_orderkey = l2.l_orderkey)", "Rows Removed by Index Recheck": 0, "Filter": "(o_orderstatus = 'F'::bpchar)", "Rows Removed by Filter": 41092, "Exact Heap Blocks": 80537, "Lossy Heap Blocks": 80537, "Plans": [{"Node Type": "Bitmap Index Scan", "Parent Relationship": "Outer", "Index Name": "orders_pkey", "Startup Cost": 0.0, "Total Cost": 0.6, "Plan Rows": 1, "Plan Width": 0, "Actual Startup Time": 353.005, "Actual Total Time": 353.005, "Actual Rows": 80537, "Actual Loops": 80537, "Index Cond": "(o_orderkey = l2.l_orderkey)"}]}]}]}]}]}, "Triggers": [], "Planner Runtime": 7.559, "Total Runtime": 48565.653, "Unique SQL Id": 3870093320}}, "(1, 35)": {"explain_plan": {"Plan": {"Node Type": "Limit", "Startup Cost": 1000209392502.29, "Total Cost": 1000209392502.54, "Plan Rows": 100, "Plan Width": 26, "Plans": [{"Node Type": "Sort", "Parent Relationship": "Outer", "Startup Cost": 1000209392502.29, "Total Cost": 1000209392525.22, "Plan Rows": 100, "Plan Width": 26, "Sort Key": ["(count(*)) DESC", "supplier.s_name"], "Plans": [{"Node Type": "Aggregate", "Strategy": "Hashed", "Parent Relationship": "Outer", "Startup Cost": 1000209392060.03, "Total Cost": 1000209392151.75, "Plan Rows": 9172, "Plan Width": 26, "Group By Key": ["supplier.s_name"], "Plans": [{"Node Type": "Nested Loop", "Parent Relationship": "Outer", "Join Type": "Semi", "Startup Cost": 10000000003.33, "Total Cost": 1000209392014.17, "Plan Rows": 9172, "Plan Width": 26, "Inner Unique": false, "Join Filter": "(orders.o_orderkey = l2.l_orderkey)", "Plans": [{"Node Type": "Nested Loop", "Parent Relationship": "Outer", "Join Type": "Inner", "Startup Cost": 10000000002.51, "Total Cost": 1000209365752.63, "Plan Rows": 9655, "Plan Width": 50, "Inner Unique": true, "Plans": [{"Node Type": "Nested Loop", "Parent Relationship": "Outer", "Join Type": "Inner", "Startup Cost": 10000000002.25, "Total Cost": 1000208331993.1, "Plan Rows": 241373, "Plan Width": 54, "Inner Unique": true, "Plans": [{"Node Type": "Nested Loop", "Parent Relationship": "Outer", "Join Type": "Anti", "Startup Cost": 10000000001.7, "Total Cost": 1000202554809.43, "Plan Rows": 1264232, "Plan Width": 24, "Inner Unique": false, "Plans": [{"Node Type": "Nested Loop", "Parent Relationship": "Outer", "Join Type": "Inner", "Startup Cost": 10000000000.88, "Total Cost": 1000143161213.03, "Plan Rows": 25284641, "Plan Width": 24, "Inner Unique": false, "Plans": [{"Node Type": "Index Scan", "Parent Relationship": "Outer", "Scan Direction": "Forward", "Index Name": "orders_pkey", "Relation Name": "orders", "Alias": "orders", "Startup Cost": 10000000000.0, "Total Cost": 1000076847713.25, "Plan Rows": 7338812, "Plan Width": 8, "Filter": "(o_orderstatus = 'F'::bpchar), (LLVM Optimized)"}, {"Node Type": "Bitmap Heap Scan", "Parent Relationship": "Inner", "Relation Name": "lineitem", "Alias": "l1", "Startup Cost": 0.88, "Total Cost": 9.01, "Plan Rows": 3, "Plan Width": 16, "Recheck Cond": "(l_orderkey = orders.o_orderkey)", "Filter": "(l_receiptdate > l_commitdate)", "Plans": [{"Node Type": "Bitmap Index Scan", "Parent Relationship": "Outer", "Index Name": "idx_lineitem_orderkey", "Startup Cost": 0.0, "Total Cost": 0.88, "Plan Rows": 9, "Plan Width": 0, "Index Cond": "(l_orderkey = orders.o_orderkey)"}]}]}, {"Node Type": "Bitmap Heap Scan", "Parent Relationship": "Inner", "Relation Name": "lineitem", "Alias": "l3", "Startup Cost": 0.82, "Total Cost": 8.97, "Plan Rows": 3, "Plan Width": 16, "Recheck Cond": "(l_orderkey = l1.l_orderkey)", "Filter": "((l_receiptdate > l_commitdate) AND (l_suppkey <> l1.l_suppkey))", "Plans": [{"Node Type": "Bitmap Index Scan", "Parent Relationship": "Outer", "Index Name": "idx_lineitem_orderkey", "Startup Cost": 0.0, "Total Cost": 0.82, "Plan Rows": 9, "Plan Width": 0, "Index Cond": "(l_orderkey = l1.l_orderkey)"}]}]}, {"Node Type": "Bitmap Heap Scan", "Parent Relationship": "Inner", "Relation Name": "supplier", "Alias": "supplier", "Startup Cost": 0.55, "Total Cost": 4.56, "Plan Rows": 1, "Plan Width": 38, "Recheck Cond": "(s_suppkey = l1.l_suppkey)", "Plans": [{"Node Type": "Bitmap Index Scan", "Parent Relationship": "Outer", "Index Name": "supplier_pkey", "Startup Cost": 0.0, "Total Cost": 0.55, "Plan Rows": 1, "Plan Width": 0, "Index Cond": "(s_suppkey = l1.l_suppkey)"}]}]}, {"Node Type": "Bitmap Heap Scan", "Parent Relationship": "Inner", "Relation Name": "nation", "Alias": "nation", "Startup Cost": 0.26, "Total Cost": 4.27, "Plan Rows": 1, "Plan Width": 4, "Recheck Cond": "(n_nationkey = supplier.s_nationkey)", "Filter": "(n_name = 'EGYPT'::bpchar)", "Plans": [{"Node Type": "Bitmap Index Scan", "Parent Relationship": "Outer", "Index Name": "nation_pkey", "Startup Cost": 0.0, "Total Cost": 0.26, "Plan Rows": 1, "Plan Width": 0, "Index Cond": "(n_nationkey = supplier.s_nationkey)"}]}]}, {"Node Type": "Bitmap Heap Scan", "Parent Relationship": "Inner", "Relation Name": "lineitem", "Alias": "l2", "Startup Cost": 0.82, "Total Cost": 8.95, "Plan Rows": 9, "Plan Width": 16, "Recheck Cond": "(l_orderkey = l1.l_orderkey)", "Filter": "(l_suppkey <> l1.l_suppkey)", "Plans": [{"Node Type": "Bitmap Index Scan", "Parent Relationship": "Outer", "Index Name": "idx_lineitem_orderkey", "Startup Cost": 0.0, "Total Cost": 0.82, "Plan Rows": 9, "Plan Width": 0, "Index Cond": "(l_orderkey = l1.l_orderkey)"}]}]}]}]}]}, "Unique SQL Id": 3870093320}, "explain_analyze_plan": null}, "(1, 36)": {"explain_plan": {"Plan": {"Node Type": "Limit", "Startup Cost": 2300808.41, "Total Cost": 2300808.66, "Plan Rows": 100, "Plan Width": 26, "Plans": [{"Node Type": "Sort", "Parent Relationship": "Outer", "Startup Cost": 2300808.41, "Total Cost": 2300831.34, "Plan Rows": 100, "Plan Width": 26, "Sort Key": ["(count(*)) DESC", "supplier.s_name"], "Plans": [{"Node Type": "Aggregate", "Strategy": "Hashed", "Parent Relationship": "Outer", "Startup Cost": 2300366.14, "Total Cost": 2300457.86, "Plan Rows": 9172, "Plan Width": 26, "Group By Key": ["supplier.s_name"], "Plans": [{"Node Type": "Nested Loop", "Parent Relationship": "Outer", "Join Type": "Inner", "Startup Cost": 2583.35, "Total Cost": 2300320.28, "Plan Rows": 9172, "Plan Width": 26, "Inner Unique": true, "Join Filter": "(l1.l_orderkey = orders.o_orderkey)", "Plans": [{"Node Type": "Nested Loop", "Parent Relationship": "Outer", "Join Type": "Semi", "Startup Cost": 2583.35, "Total Cost": 2293219.91, "Plan Rows": 7254, "Plan Width": 42, "Inner Unique": false, "Plans": [{"Node Type": "Nested Loop", "Parent Relationship": "Outer", "Join Type": "Anti", "Startup Cost": 2583.35, "Total Cost": 2291364.34, "Plan Rows": 7635, "Plan Width": 42, "Inner Unique": false, "Plans": [{"Node Type": "Hash Join", "Parent Relationship": "Outer", "Join Type": "Inner", "Startup Cost": 2583.35, "Total Cost": 2244177.13, "Plan Rows": 152707, "Plan Width": 42, "Inner Unique": false, "Hash Cond": "(l1.l_suppkey = supplier.s_suppkey), (LLVM Optimized)", "Plans": [{"Node Type": "Seq Scan", "Parent Relationship": "Outer", "Relation Name": "lineitem", "Alias": "l1", "Startup Cost": 0.0, "Total Cost": 2165082.91, "Plan Rows": 19995678, "Plan Width": 16, "Filter": "(l_receiptdate > l_commitdate), (LLVM Optimized)"}, {"Node Type": "Hash", "Parent Relationship": "Inner", "Startup Cost": 2533.35, "Total Cost": 2533.35, "Plan Rows": 4000, "Plan Width": 34, "Plans": [{"Node Type": "Nested Loop", "Parent Relationship": "Outer", "Join Type": "Inner", "Startup Cost": 95.25, "Total Cost": 2533.35, "Plan Rows": 4000, "Plan Width": 34, "Inner Unique": false, "Plans": [{"Node Type": "Seq Scan", "Parent Relationship": "Outer", "Relation Name": "nation", "Alias": "nation", "Startup Cost": 0.0, "Total Cost": 1.31, "Plan Rows": 1, "Plan Width": 4, "Filter": "(n_name = 'EGYPT'::bpchar)"}, {"Node Type": "Bitmap Heap Scan", "Parent Relationship": "Inner", "Relation Name": "supplier", "Alias": "supplier", "Startup Cost": 95.25, "Total Cost": 2492.04, "Plan Rows": 4000, "Plan Width": 38, "Recheck Cond": "(s_nationkey = nation.n_nationkey)", "Plans": [{"Node Type": "Bitmap Index Scan", "Parent Relationship": "Outer", "Index Name": "idx_supplier_nation_key", "Startup Cost": 0.0, "Total Cost": 94.25, "Plan Rows": 4000, "Plan Width": 0, "Index Cond": "(s_nationkey = nation.n_nationkey)"}]}]}]}]}, {"Node Type": "Index Scan", "Parent Relationship": "Inner", "Scan Direction": "Forward", "Index Name": "idx_lineitem_orderkey", "Relation Name": "lineitem", "Alias": "l3", "Startup Cost": 0.0, "Total Cost": 1.63, "Plan Rows": 3, "Plan Width": 16, "Index Cond": "(l_orderkey = l1.l_orderkey)", "Filter": "((l_receiptdate > l_commitdate) AND (l_suppkey <> l1.l_suppkey))"}]}, {"Node Type": "Index Scan", "Parent Relationship": "Inner", "Scan Direction": "Forward", "Index Name": "idx_lineitem_orderkey", "Relation Name": "lineitem", "Alias": "l2", "Startup Cost": 0.0, "Total Cost": 1.63, "Plan Rows": 9, "Plan Width": 16, "Index Cond": "(l_orderkey = l1.l_orderkey)", "Filter": "(l_suppkey <> l1.l_suppkey)"}]}, {"Node Type": "Index Scan", "Parent Relationship": "Inner", "Scan Direction": "Forward", "Index Name": "orders_pkey", "Relation Name": "orders", "Alias": "orders", "Startup Cost": 0.0, "Total Cost": 0.97, "Plan Rows": 1, "Plan Width": 8, "Index Cond": "(o_orderkey = l2.l_orderkey)", "Filter": "(o_orderstatus = 'F'::bpchar)"}]}]}]}]}, "Unique SQL Id": 3870093320}, "explain_analyze_plan": {"Plan": {"Node Type": "Limit", "Startup Cost": 2300808.41, "Total Cost": 2300808.66, "Plan Rows": 100, "Plan Width": 26, "Actual Startup Time": 44160.852, "Actual Total Time": 44160.878, "Actual Rows": 100, "Actual Loops": 1, "Plans": [{"Node Type": "Sort", "Parent Relationship": "Outer", "Startup Cost": 2300808.41, "Total Cost": 2300831.34, "Plan Rows": 100, "Plan Width": 26, "Actual Startup Time": 44160.849, "Actual Total Time": 44160.869, "Actual Rows": 100, "Actual Loops": 1, "Sort Key": ["(count(*)) DESC", "supplier.s_name"], "Sort Method": "top-N heapsort", "Sort Space Used": 41, "Sort Space Type": "Memory", "Plans": [{"Node Type": "Aggregate", "Strategy": "Hashed", "Parent Relationship": "Outer", "Startup Cost": 2300366.14, "Total Cost": 2300457.86, "Plan Rows": 9172, "Plan Width": 26, "Actual Startup Time": 44157.449, "Actual Total Time": 44158.792, "Actual Rows": 3981, "Actual Loops": 1, "Group By Key": ["supplier.s_name"], "Plans": [{"Node Type": "Nested Loop", "Parent Relationship": "Outer", "Join Type": "Inner", "Startup Cost": 2583.35, "Total Cost": 2300320.28, "Plan Rows": 9172, "Plan Width": 26, "Actual Startup Time": 9.374, "Actual Total Time": 44086.295, "Actual Rows": 39445, "Actual Loops": 1, "Inner Unique": true, "Join Filter": "(l1.l_orderkey = orders.o_orderkey)", "Rows Removed by Join Filter": 0, "Plans": [{"Node Type": "Nested Loop", "Parent Relationship": "Outer", "Join Type": "Semi", "Startup Cost": 2583.35, "Total Cost": 2293219.91, "Plan Rows": 7254, "Plan Width": 42, "Actual Startup Time": 9.355, "Actual Total Time": 43457.892, "Actual Rows": 80537, "Actual Loops": 1, "Inner Unique": false, "Plans": [{"Node Type": "Nested Loop", "Parent Relationship": "Outer", "Join Type": "Anti", "Startup Cost": 2583.35, "Total Cost": 2291364.34, "Plan Rows": 7635, "Plan Width": 42, "Actual Startup Time": 9.068, "Actual Total Time": 42842.367, "Actual Rows": 135110, "Actual Loops": 1, "Inner Unique": false, "Plans": [{"Node Type": "Hash Join", "Parent Relationship": "Outer", "Join Type": "Inner", "Startup Cost": 2583.35, "Total Cost": 2244177.13, "Plan Rows": 152707, "Plan Width": 42, "Actual Startup Time": 8.439, "Actual Total Time": 33997.816, "Actual Rows": 1511024, "Actual Loops": 1, "Inner Unique": false, "Hash Cond": "(l1.l_suppkey = supplier.s_suppkey), (LLVM Optimized, Jit Execute)", "Plans": [{"Node Type": "Seq Scan", "Parent Relationship": "Outer", "Relation Name": "lineitem", "Alias": "l1", "Startup Cost": 0.0, "Total Cost": 2165082.91, "Plan Rows": 19995678, "Plan Width": 16, "Actual Startup Time": 0.029, "Actual Total Time": 25409.088, "Actual Rows": 37929348, "Actual Loops": 1, "Filter": "(l_receiptdate > l_commitdate), (LLVM Optimized, Jit Execute)", "Rows Removed by Filter": 22056704}, {"Node Type": "Hash", "Parent Relationship": "Inner", "Startup Cost": 2533.35, "Total Cost": 2533.35, "Plan Rows": 4000, "Plan Width": 34, "Actual Startup Time": 8.311, "Actual Total Time": 8.311, "Actual Rows": 3981, "Actual Loops": 1, "Hash Buckets": 32768, "Hash Batches": 1, "Original Hash Batches": 1, "Peak Memory Usage": 280, "Plans": [{"Node Type": "Nested Loop", "Parent Relationship": "Outer", "Join Type": "Inner", "Startup Cost": 95.25, "Total Cost": 2533.35, "Plan Rows": 4000, "Plan Width": 34, "Actual Startup Time": 1.005, "Actual Total Time": 6.936, "Actual Rows": 3981, "Actual Loops": 1, "Inner Unique": false, "Plans": [{"Node Type": "Seq Scan", "Parent Relationship": "Outer", "Relation Name": "nation", "Alias": "nation", "Startup Cost": 0.0, "Total Cost": 1.31, "Plan Rows": 1, "Plan Width": 4, "Actual Startup Time": 0.016, "Actual Total Time": 0.03, "Actual Rows": 1, "Actual Loops": 1, "Filter": "(n_name = 'EGYPT'::bpchar)", "Rows Removed by Filter": 24}, {"Node Type": "Bitmap Heap Scan", "Parent Relationship": "Inner", "Relation Name": "supplier", "Alias": "supplier", "Startup Cost": 95.25, "Total Cost": 2492.04, "Plan Rows": 4000, "Plan Width": 38, "Actual Startup Time": 0.981, "Actual Total Time": 6.079, "Actual Rows": 3981, "Actual Loops": 1, "Recheck Cond": "(s_nationkey = nation.n_nationkey)", "Rows Removed by Index Recheck": 0, "Exact Heap Blocks": 1918, "Lossy Heap Blocks": 1918, "Plans": [{"Node Type": "Bitmap Index Scan", "Parent Relationship": "Outer", "Index Name": "idx_supplier_nation_key", "Startup Cost": 0.0, "Total Cost": 94.25, "Plan Rows": 4000, "Plan Width": 0, "Actual Startup Time": 0.681, "Actual Total Time": 0.681, "Actual Rows": 3981, "Actual Loops": 1, "Index Cond": "(s_nationkey = nation.n_nationkey)"}]}]}]}]}, {"Node Type": "Index Scan", "Parent Relationship": "Inner", "Scan Direction": "Forward", "Index Name": "idx_lineitem_orderkey", "Relation Name": "lineitem", "Alias": "l3", "Startup Cost": 0.0, "Total Cost": 1.63, "Plan Rows": 3, "Plan Width": 16, "Actual Startup Time": 7867.724, "Actual Total Time": 7867.724, "Actual Rows": 1375914, "Actual Loops": 1511024, "Index Cond": "(l_orderkey = l1.l_orderkey)", "Rows Removed by Index Recheck": 0, "Filter": "((l_receiptdate > l_commitdate) AND (l_suppkey <> l1.l_suppkey))", "Rows Removed by Filter": 1348115}]}, {"Node Type": "Index Scan", "Parent Relationship": "Inner", "Scan Direction": "Forward", "Index Name": "idx_lineitem_orderkey", "Relation Name": "lineitem", "Alias": "l2", "Startup Cost": 0.0, "Total Cost": 1.63, "Plan Rows": 9, "Plan Width": 16, "Actual Startup Time": 504.038, "Actual Total Time": 504.038, "Actual Rows": 80537, "Actual Loops": 135110, "Index Cond": "(l_orderkey = l1.l_orderkey)", "Rows Removed by Index Recheck": 0, "Filter": "(l_suppkey <> l1.l_suppkey)", "Rows Removed by Filter": 85912}]}, {"Node Type": "Index Scan", "Parent Relationship": "Inner", "Scan Direction": "Forward", "Index Name": "orders_pkey", "Relation Name": "orders", "Alias": "orders", "Startup Cost": 0.0, "Total Cost": 0.97, "Plan Rows": 1, "Plan Width": 8, "Actual Startup Time": 547.334, "Actual Total Time": 547.334, "Actual Rows": 39445, "Actual Loops": 80537, "Index Cond": "(o_orderkey = l2.l_orderkey)", "Rows Removed by Index Recheck": 0, "Filter": "(o_orderstatus = 'F'::bpchar)", "Rows Removed by Filter": 41092}]}]}]}]}, "Triggers": [], "Planner Runtime": 7.388, "Total Runtime": 44170.065, "Unique SQL Id": 3870093320}}, "(1, 37)": {"explain_plan": {"Plan": {"Node Type": "Limit", "Startup Cost": 3525858.2, "Total Cost": 3525858.45, "Plan Rows": 100, "Plan Width": 26, "Plans": [{"Node Type": "Sort", "Parent Relationship": "Outer", "Startup Cost": 3525858.2, "Total Cost": 3525881.13, "Plan Rows": 100, "Plan Width": 26, "Sort Key": ["(count(*)) DESC", "supplier.s_name"], "Plans": [{"Node Type": "Aggregate", "Strategy": "Hashed", "Parent Relationship": "Outer", "Startup Cost": 3525415.93, "Total Cost": 3525507.65, "Plan Rows": 9172, "Plan Width": 26, "Group By Key": ["supplier.s_name"], "Plans": [{"Node Type": "Nested Loop", "Parent Relationship": "Outer", "Join Type": "Inner", "Startup Cost": 2594.73, "Total Cost": 3525370.07, "Plan Rows": 9172, "Plan Width": 26, "Inner Unique": true, "Join Filter": "(l1.l_orderkey = orders.o_orderkey)", "Plans": [{"Node Type": "Nested Loop", "Parent Relationship": "Outer", "Join Type": "Semi", "Startup Cost": 2594.73, "Total Cost": 3518269.7, "Plan Rows": 7254, "Plan Width": 42, "Inner Unique": false, "Plans": [{"Node Type": "Nested Loop", "Parent Relationship": "Outer", "Join Type": "Anti", "Startup Cost": 2594.73, "Total Cost": 3516414.13, "Plan Rows": 7635, "Plan Width": 42, "Inner Unique": false, "Plans": [{"Node Type": "Hash Join", "Parent Relationship": "Outer", "Join Type": "Inner", "Startup Cost": 2594.73, "Total Cost": 3469226.92, "Plan Rows": 152707, "Plan Width": 42, "Inner Unique": false, "Hash Cond": "(l1.l_suppkey = supplier.s_suppkey), (LLVM Optimized)", "Plans": [{"Node Type": "Index Scan", "Parent Relationship": "Outer", "Scan Direction": "Forward", "Index Name": "idx_lineitem_orderkey", "Relation Name": "lineitem", "Alias": "l1", "Startup Cost": 0.0, "Total Cost": 3390121.33, "Plan Rows": 19995678, "Plan Width": 16, "Filter": "(l_receiptdate > l_commitdate), (LLVM Optimized)"}, {"Node Type": "Hash", "Parent Relationship": "Inner", "Startup Cost": 2544.73, "Total Cost": 2544.73, "Plan Rows": 4000, "Plan Width": 34, "Plans": [{"Node Type": "Nested Loop", "Parent Relationship": "Outer", "Join Type": "Inner", "Startup Cost": 95.25, "Total Cost": 2544.73, "Plan Rows": 4000, "Plan Width": 34, "Inner Unique": false, "Plans": [{"Node Type": "Index Scan", "Parent Relationship": "Outer", "Scan Direction": "Forward", "Index Name": "nation_pkey", "Relation Name": "nation", "Alias": "nation", "Startup Cost": 0.0, "Total Cost": 12.69, "Plan Rows": 1, "Plan Width": 4, "Filter": "(n_name = 'EGYPT'::bpchar)"}, {"Node Type": "Bitmap Heap Scan", "Parent Relationship": "Inner", "Relation Name": "supplier", "Alias": "supplier", "Startup Cost": 95.25, "Total Cost": 2492.04, "Plan Rows": 4000, "Plan Width": 38, "Recheck Cond": "(s_nationkey = nation.n_nationkey)", "Plans": [{"Node Type": "Bitmap Index Scan", "Parent Relationship": "Outer", "Index Name": "idx_supplier_nation_key", "Startup Cost": 0.0, "Total Cost": 94.25, "Plan Rows": 4000, "Plan Width": 0, "Index Cond": "(s_nationkey = nation.n_nationkey)"}]}]}]}]}, {"Node Type": "Index Scan", "Parent Relationship": "Inner", "Scan Direction": "Forward", "Index Name": "idx_lineitem_orderkey", "Relation Name": "lineitem", "Alias": "l3", "Startup Cost": 0.0, "Total Cost": 1.63, "Plan Rows": 3, "Plan Width": 16, "Index Cond": "(l_orderkey = l1.l_orderkey)", "Filter": "((l_receiptdate > l_commitdate) AND (l_suppkey <> l1.l_suppkey))"}]}, {"Node Type": "Index Scan", "Parent Relationship": "Inner", "Scan Direction": "Forward", "Index Name": "idx_lineitem_orderkey", "Relation Name": "lineitem", "Alias": "l2", "Startup Cost": 0.0, "Total Cost": 1.63, "Plan Rows": 9, "Plan Width": 16, "Index Cond": "(l_orderkey = l1.l_orderkey)", "Filter": "(l_suppkey <> l1.l_suppkey)"}]}, {"Node Type": "Index Scan", "Parent Relationship": "Inner", "Scan Direction": "Forward", "Index Name": "orders_pkey", "Relation Name": "orders", "Alias": "orders", "Startup Cost": 0.0, "Total Cost": 0.97, "Plan Rows": 1, "Plan Width": 8, "Index Cond": "(o_orderkey = l2.l_orderkey)", "Filter": "(o_orderstatus = 'F'::bpchar)"}]}]}]}]}, "Unique SQL Id": 3870093320}, "explain_analyze_plan": {"Plan": {"Node Type": "Limit", "Startup Cost": 3525858.2, "Total Cost": 3525858.45, "Plan Rows": 100, "Plan Width": 26, "Actual Startup Time": 66328.983, "Actual Total Time": 66328.998, "Actual Rows": 100, "Actual Loops": 1, "Plans": [{"Node Type": "Sort", "Parent Relationship": "Outer", "Startup Cost": 3525858.2, "Total Cost": 3525881.13, "Plan Rows": 100, "Plan Width": 26, "Actual Startup Time": 66328.981, "Actual Total Time": 66328.983, "Actual Rows": 100, "Actual Loops": 1, "Sort Key": ["(count(*)) DESC", "supplier.s_name"], "Sort Method": "top-N heapsort", "Sort Space Used": 41, "Sort Space Type": "Memory", "Plans": [{"Node Type": "Aggregate", "Strategy": "Hashed", "Parent Relationship": "Outer", "Startup Cost": 3525415.93, "Total Cost": 3525507.65, "Plan Rows": 9172, "Plan Width": 26, "Actual Startup Time": 66325.713, "Actual Total Time": 66326.889, "Actual Rows": 3981, "Actual Loops": 1, "Group By Key": ["supplier.s_name"], "Plans": [{"Node Type": "Nested Loop", "Parent Relationship": "Outer", "Join Type": "Inner", "Startup Cost": 2594.73, "Total Cost": 3525370.07, "Plan Rows": 9172, "Plan Width": 26, "Actual Startup Time": 9.758, "Actual Total Time": 66254.92, "Actual Rows": 39445, "Actual Loops": 1, "Inner Unique": true, "Join Filter": "(l1.l_orderkey = orders.o_orderkey)", "Rows Removed by Join Filter": 0, "Plans": [{"Node Type": "Nested Loop", "Parent Relationship": "Outer", "Join Type": "Semi", "Startup Cost": 2594.73, "Total Cost": 3518269.7, "Plan Rows": 7254, "Plan Width": 42, "Actual Startup Time": 9.738, "Actual Total Time": 65597.437, "Actual Rows": 80537, "Actual Loops": 1, "Inner Unique": false, "Plans": [{"Node Type": "Nested Loop", "Parent Relationship": "Outer", "Join Type": "Anti", "Startup Cost": 2594.73, "Total Cost": 3516414.13, "Plan Rows": 7635, "Plan Width": 42, "Actual Startup Time": 9.36, "Actual Total Time": 64964.719, "Actual Rows": 135110, "Actual Loops": 1, "Inner Unique": false, "Plans": [{"Node Type": "Hash Join", "Parent Relationship": "Outer", "Join Type": "Inner", "Startup Cost": 2594.73, "Total Cost": 3469226.92, "Plan Rows": 152707, "Plan Width": 42, "Actual Startup Time": 8.552, "Actual Total Time": 56797.185, "Actual Rows": 1511024, "Actual Loops": 1, "Inner Unique": false, "Hash Cond": "(l1.l_suppkey = supplier.s_suppkey), (LLVM Optimized, Jit Execute)", "Plans": [{"Node Type": "Index Scan", "Parent Relationship": "Outer", "Scan Direction": "Forward", "Index Name": "idx_lineitem_orderkey", "Relation Name": "lineitem", "Alias": "l1", "Startup Cost": 0.0, "Total Cost": 3390121.33, "Plan Rows": 19995678, "Plan Width": 16, "Actual Startup Time": 0.036, "Actual Total Time": 48747.291, "Actual Rows": 37929348, "Actual Loops": 1, "Filter": "(l_receiptdate > l_commitdate), (LLVM Optimized, Jit Execute)", "Rows Removed by Filter": 22056704}, {"Node Type": "Hash", "Parent Relationship": "Inner", "Startup Cost": 2544.73, "Total Cost": 2544.73, "Plan Rows": 4000, "Plan Width": 34, "Actual Startup Time": 8.395, "Actual Total Time": 8.395, "Actual Rows": 3981, "Actual Loops": 1, "Hash Buckets": 32768, "Hash Batches": 1, "Original Hash Batches": 1, "Peak Memory Usage": 280, "Plans": [{"Node Type": "Nested Loop", "Parent Relationship": "Outer", "Join Type": "Inner", "Startup Cost": 95.25, "Total Cost": 2544.73, "Plan Rows": 4000, "Plan Width": 34, "Actual Startup Time": 0.997, "Actual Total Time": 7.019, "Actual Rows": 3981, "Actual Loops": 1, "Inner Unique": false, "Plans": [{"Node Type": "Index Scan", "Parent Relationship": "Outer", "Scan Direction": "Forward", "Index Name": "nation_pkey", "Relation Name": "nation", "Alias": "nation", "Startup Cost": 0.0, "Total Cost": 12.69, "Plan Rows": 1, "Plan Width": 4, "Actual Startup Time": 0.011, "Actual Total Time": 0.029, "Actual Rows": 1, "Actual Loops": 1, "Filter": "(n_name = 'EGYPT'::bpchar)", "Rows Removed by Filter": 24}, {"Node Type": "Bitmap Heap Scan", "Parent Relationship": "Inner", "Relation Name": "supplier", "Alias": "supplier", "Startup Cost": 95.25, "Total Cost": 2492.04, "Plan Rows": 4000, "Plan Width": 38, "Actual Startup Time": 0.98, "Actual Total Time": 6.17, "Actual Rows": 3981, "Actual Loops": 1, "Recheck Cond": "(s_nationkey = nation.n_nationkey)", "Rows Removed by Index Recheck": 0, "Exact Heap Blocks": 1918, "Lossy Heap Blocks": 1918, "Plans": [{"Node Type": "Bitmap Index Scan", "Parent Relationship": "Outer", "Index Name": "idx_supplier_nation_key", "Startup Cost": 0.0, "Total Cost": 94.25, "Plan Rows": 4000, "Plan Width": 0, "Actual Startup Time": 0.686, "Actual Total Time": 0.686, "Actual Rows": 3981, "Actual Loops": 1, "Index Cond": "(s_nationkey = nation.n_nationkey)"}]}]}]}]}, {"Node Type": "Index Scan", "Parent Relationship": "Inner", "Scan Direction": "Forward", "Index Name": "idx_lineitem_orderkey", "Relation Name": "lineitem", "Alias": "l3", "Startup Cost": 0.0, "Total Cost": 1.63, "Plan Rows": 3, "Plan Width": 16, "Actual Startup Time": 7166.725, "Actual Total Time": 7166.725, "Actual Rows": 1375914, "Actual Loops": 1511024, "Index Cond": "(l_orderkey = l1.l_orderkey)", "Rows Removed by Index Recheck": 0, "Filter": "((l_receiptdate > l_commitdate) AND (l_suppkey <> l1.l_suppkey))", "Rows Removed by Filter": 1348115}]}, {"Node Type": "Index Scan", "Parent Relationship": "Inner", "Scan Direction": "Forward", "Index Name": "idx_lineitem_orderkey", "Relation Name": "lineitem", "Alias": "l2", "Startup Cost": 0.0, "Total Cost": 1.63, "Plan Rows": 9, "Plan Width": 16, "Actual Startup Time": 509.545, "Actual Total Time": 509.545, "Actual Rows": 80537, "Actual Loops": 135110, "Index Cond": "(l_orderkey = l1.l_orderkey)", "Rows Removed by Index Recheck": 0, "Filter": "(l_suppkey <> l1.l_suppkey)", "Rows Removed by Filter": 85912}]}, {"Node Type": "Index Scan", "Parent Relationship": "Inner", "Scan Direction": "Forward", "Index Name": "orders_pkey", "Relation Name": "orders", "Alias": "orders", "Startup Cost": 0.0, "Total Cost": 0.97, "Plan Rows": 1, "Plan Width": 8, "Actual Startup Time": 569.841, "Actual Total Time": 569.841, "Actual Rows": 39445, "Actual Loops": 80537, "Index Cond": "(o_orderkey = l2.l_orderkey)", "Rows Removed by Index Recheck": 0, "Filter": "(o_orderstatus = 'F'::bpchar)", "Rows Removed by Filter": 41092}]}]}]}]}, "Triggers": [], "Planner Runtime": 7.315, "Total Runtime": 66338.102, "Unique SQL Id": 3870093320}}, "(1, 38)": {"explain_plan": {"Plan": {"Node Type": "Limit", "Startup Cost": 2652117.64, "Total Cost": 2652117.89, "Plan Rows": 100, "Plan Width": 26, "Plans": [{"Node Type": "Sort", "Parent Relationship": "Outer", "Startup Cost": 2652117.64, "Total Cost": 2652140.57, "Plan Rows": 100, "Plan Width": 26, "Sort Key": ["(count(*)) DESC", "supplier.s_name"], "Plans": [{"Node Type": "Aggregate", "Strategy": "Hashed", "Parent Relationship": "Outer", "Startup Cost": 2651675.37, "Total Cost": 2651767.09, "Plan Rows": 9172, "Plan Width": 26, "Group By Key": ["supplier.s_name"], "Plans": [{"Node Type": "Nested Loop", "Parent Relationship": "Outer", "Join Type": "Inner", "Startup Cost": 2585.6, "Total Cost": 2651629.51, "Plan Rows": 9172, "Plan Width": 26, "Inner Unique": true, "Join Filter": "(l1.l_orderkey = orders.o_orderkey)", "Plans": [{"Node Type": "Nested Loop", "Parent Relationship": "Outer", "Join Type": "Semi", "Startup Cost": 2585.0, "Total Cost": 2618068.76, "Plan Rows": 7254, "Plan Width": 42, "Inner Unique": false, "Plans": [{"Node Type": "Nested Loop", "Parent Relationship": "Outer", "Join Type": "Anti", "Startup Cost": 2584.17, "Total Cost": 2602890.2, "Plan Rows": 7635, "Plan Width": 42, "Inner Unique": false, "Plans": [{"Node Type": "Hash Join", "Parent Relationship": "Outer", "Join Type": "Inner", "Startup Cost": 2583.35, "Total Cost": 2244177.13, "Plan Rows": 152707, "Plan Width": 42, "Inner Unique": false, "Hash Cond": "(l1.l_suppkey = supplier.s_suppkey), (LLVM Optimized)", "Plans": [{"Node Type": "Seq Scan", "Parent Relationship": "Outer", "Relation Name": "lineitem", "Alias": "l1", "Startup Cost": 0.0, "Total Cost": 2165082.91, "Plan Rows": 19995678, "Plan Width": 16, "Filter": "(l_receiptdate > l_commitdate), (LLVM Optimized)"}, {"Node Type": "Hash", "Parent Relationship": "Inner", "Startup Cost": 2533.35, "Total Cost": 2533.35, "Plan Rows": 4000, "Plan Width": 34, "Plans": [{"Node Type": "Nested Loop", "Parent Relationship": "Outer", "Join Type": "Inner", "Startup Cost": 95.25, "Total Cost": 2533.35, "Plan Rows": 4000, "Plan Width": 34, "Inner Unique": false, "Plans": [{"Node Type": "Seq Scan", "Parent Relationship": "Outer", "Relation Name": "nation", "Alias": "nation", "Startup Cost": 0.0, "Total Cost": 1.31, "Plan Rows": 1, "Plan Width": 4, "Filter": "(n_name = 'EGYPT'::bpchar)"}, {"Node Type": "Bitmap Heap Scan", "Parent Relationship": "Inner", "Relation Name": "supplier", "Alias": "supplier", "Startup Cost": 95.25, "Total Cost": 2492.04, "Plan Rows": 4000, "Plan Width": 38, "Recheck Cond": "(s_nationkey = nation.n_nationkey)", "Plans": [{"Node Type": "Bitmap Index Scan", "Parent Relationship": "Outer", "Index Name": "idx_supplier_nation_key", "Startup Cost": 0.0, "Total Cost": 94.25, "Plan Rows": 4000, "Plan Width": 0, "Index Cond": "(s_nationkey = nation.n_nationkey)"}]}]}]}]}, {"Node Type": "Bitmap Heap Scan", "Parent Relationship": "Inner", "Relation Name": "lineitem", "Alias": "l3", "Startup Cost": 0.82, "Total Cost": 8.97, "Plan Rows": 3, "Plan Width": 16, "Recheck Cond": "(l_orderkey = l1.l_orderkey)", "Filter": "((l_receiptdate > l_commitdate) AND (l_suppkey <> l1.l_suppkey))", "Plans": [{"Node Type": "Bitmap Index Scan", "Parent Relationship": "Outer", "Index Name": "idx_lineitem_orderkey", "Startup Cost": 0.0, "Total Cost": 0.82, "Plan Rows": 9, "Plan Width": 0, "Index Cond": "(l_orderkey = l1.l_orderkey)"}]}]}, {"Node Type": "Bitmap Heap Scan", "Parent Relationship": "Inner", "Relation Name": "lineitem", "Alias": "l2", "Startup Cost": 0.82, "Total Cost": 8.95, "Plan Rows": 9, "Plan Width": 16, "Recheck Cond": "(l_orderkey = l1.l_orderkey)", "Filter": "(l_suppkey <> l1.l_suppkey)", "Plans": [{"Node Type": "Bitmap Index Scan", "Parent Relationship": "Outer", "Index Name": "idx_lineitem_orderkey", "Startup Cost": 0.0, "Total Cost": 0.82, "Plan Rows": 9, "Plan Width": 0, "Index Cond": "(l_orderkey = l1.l_orderkey)"}]}]}, {"Node Type": "Bitmap Heap Scan", "Parent Relationship": "Inner", "Relation Name": "orders", "Alias": "orders", "Startup Cost": 0.6, "Total Cost": 4.61, "Plan Rows": 1, "Plan Width": 8, "Recheck Cond": "(o_orderkey = l2.l_orderkey)", "Filter": "(o_orderstatus = 'F'::bpchar)", "Plans": [{"Node Type": "Bitmap Index Scan", "Parent Relationship": "Outer", "Index Name": "orders_pkey", "Startup Cost": 0.0, "Total Cost": 0.6, "Plan Rows": 1, "Plan Width": 0, "Index Cond": "(o_orderkey = l2.l_orderkey)"}]}]}]}]}]}, "Unique SQL Id": 3870093320}, "explain_analyze_plan": {"Plan": {"Node Type": "Limit", "Startup Cost": 2652117.64, "Total Cost": 2652117.89, "Plan Rows": 100, "Plan Width": 26, "Actual Startup Time": 48542.548, "Actual Total Time": 48542.566, "Actual Rows": 100, "Actual Loops": 1, "Plans": [{"Node Type": "Sort", "Parent Relationship": "Outer", "Startup Cost": 2652117.64, "Total Cost": 2652140.57, "Plan Rows": 100, "Plan Width": 26, "Actual Startup Time": 48542.546, "Actual Total Time": 48542.554, "Actual Rows": 100, "Actual Loops": 1, "Sort Key": ["(count(*)) DESC", "supplier.s_name"], "Sort Method": "top-N heapsort", "Sort Space Used": 41, "Sort Space Type": "Memory", "Plans": [{"Node Type": "Aggregate", "Strategy": "Hashed", "Parent Relationship": "Outer", "Startup Cost": 2651675.37, "Total Cost": 2651767.09, "Plan Rows": 9172, "Plan Width": 26, "Actual Startup Time": 48539.063, "Actual Total Time": 48540.513, "Actual Rows": 3981, "Actual Loops": 1, "Group By Key": ["supplier.s_name"], "Plans": [{"Node Type": "Nested Loop", "Parent Relationship": "Outer", "Join Type": "Inner", "Startup Cost": 2585.6, "Total Cost": 2651629.51, "Plan Rows": 9172, "Plan Width": 26, "Actual Startup Time": 11.989, "Actual Total Time": 48454.234, "Actual Rows": 39445, "Actual Loops": 1, "Inner Unique": true, "Join Filter": "(l1.l_orderkey = orders.o_orderkey)", "Rows Removed by Join Filter": 0, "Plans": [{"Node Type": "Nested Loop", "Parent Relationship": "Outer", "Join Type": "Semi", "Startup Cost": 2585.0, "Total Cost": 2618068.76, "Plan Rows": 7254, "Plan Width": 42, "Actual Startup Time": 11.965, "Actual Total Time": 47684.747, "Actual Rows": 80537, "Actual Loops": 1, "Inner Unique": false, "Plans": [{"Node Type": "Nested Loop", "Parent Relationship": "Outer", "Join Type": "Anti", "Startup Cost": 2584.17, "Total Cost": 2602890.2, "Plan Rows": 7635, "Plan Width": 42, "Actual Startup Time": 11.643, "Actual Total Time": 46787.199, "Actual Rows": 135110, "Actual Loops": 1, "Inner Unique": false, "Plans": [{"Node Type": "Hash Join", "Parent Relationship": "Outer", "Join Type": "Inner", "Startup Cost": 2583.35, "Total Cost": 2244177.13, "Plan Rows": 152707, "Plan Width": 42, "Actual Startup Time": 10.92, "Actual Total Time": 33938.332, "Actual Rows": 1511024, "Actual Loops": 1, "Inner Unique": false, "Hash Cond": "(l1.l_suppkey = supplier.s_suppkey), (LLVM Optimized, Jit Execute)", "Plans": [{"Node Type": "Seq Scan", "Parent Relationship": "Outer", "Relation Name": "lineitem", "Alias": "l1", "Startup Cost": 0.0, "Total Cost": 2165082.91, "Plan Rows": 19995678, "Plan Width": 16, "Actual Startup Time": 0.018, "Actual Total Time": 25391.367, "Actual Rows": 37929348, "Actual Loops": 1, "Filter": "(l_receiptdate > l_commitdate), (LLVM Optimized, Jit Execute)", "Rows Removed by Filter": 22056704}, {"Node Type": "Hash", "Parent Relationship": "Inner", "Startup Cost": 2533.35, "Total Cost": 2533.35, "Plan Rows": 4000, "Plan Width": 34, "Actual Startup Time": 10.809, "Actual Total Time": 10.809, "Actual Rows": 3981, "Actual Loops": 1, "Hash Buckets": 32768, "Hash Batches": 1, "Original Hash Batches": 1, "Peak Memory Usage": 280, "Plans": [{"Node Type": "Nested Loop", "Parent Relationship": "Outer", "Join Type": "Inner", "Startup Cost": 95.25, "Total Cost": 2533.35, "Plan Rows": 4000, "Plan Width": 34, "Actual Startup Time": 1.047, "Actual Total Time": 9.624, "Actual Rows": 3981, "Actual Loops": 1, "Inner Unique": false, "Plans": [{"Node Type": "Seq Scan", "Parent Relationship": "Outer", "Relation Name": "nation", "Alias": "nation", "Startup Cost": 0.0, "Total Cost": 1.31, "Plan Rows": 1, "Plan Width": 4, "Actual Startup Time": 0.017, "Actual Total Time": 0.026, "Actual Rows": 1, "Actual Loops": 1, "Filter": "(n_name = 'EGYPT'::bpchar)", "Rows Removed by Filter": 24}, {"Node Type": "Bitmap Heap Scan", "Parent Relationship": "Inner", "Relation Name": "supplier", "Alias": "supplier", "Startup Cost": 95.25, "Total Cost": 2492.04, "Plan Rows": 4000, "Plan Width": 38, "Actual Startup Time": 1.025, "Actual Total Time": 8.745, "Actual Rows": 3981, "Actual Loops": 1, "Recheck Cond": "(s_nationkey = nation.n_nationkey)", "Rows Removed by Index Recheck": 0, "Exact Heap Blocks": 1918, "Lossy Heap Blocks": 1918, "Plans": [{"Node Type": "Bitmap Index Scan", "Parent Relationship": "Outer", "Index Name": "idx_supplier_nation_key", "Startup Cost": 0.0, "Total Cost": 94.25, "Plan Rows": 4000, "Plan Width": 0, "Actual Startup Time": 0.733, "Actual Total Time": 0.733, "Actual Rows": 3981, "Actual Loops": 1, "Index Cond": "(s_nationkey = nation.n_nationkey)"}]}]}]}]}, {"Node Type": "Bitmap Heap Scan", "Parent Relationship": "Inner", "Relation Name": "lineitem", "Alias": "l3", "Startup Cost": 0.82, "Total Cost": 8.97, "Plan Rows": 3, "Plan Width": 16, "Actual Startup Time": 10918.95, "Actual Total Time": 10918.95, "Actual Rows": 1375914, "Actual Loops": 1511024, "Recheck Cond": "(l_orderkey = l1.l_orderkey)", "Rows Removed by Index Recheck": 0, "Filter": "((l_receiptdate > l_commitdate) AND (l_suppkey <> l1.l_suppkey))", "Rows Removed by Filter": 1348115, "Exact Heap Blocks": 1539822, "Lossy Heap Blocks": 1539822, "Plans": [{"Node Type": "Bitmap Index Scan", "Parent Relationship": "Outer", "Index Name": "idx_lineitem_orderkey", "Startup Cost": 0.0, "Total Cost": 0.82, "Plan Rows": 9, "Plan Width": 0, "Actual Startup Time": 6283.234, "Actual Total Time": 6283.234, "Actual Rows": 7550552, "Actual Loops": 1511024, "Index Cond": "(l_orderkey = l1.l_orderkey)"}]}]}, {"Node Type": "Bitmap Heap Scan", "Parent Relationship": "Inner", "Relation Name": "lineitem", "Alias": "l2", "Startup Cost": 0.82, "Total Cost": 8.95, "Plan Rows": 9, "Plan Width": 16, "Actual Startup Time": 696.878, "Actual Total Time": 696.878, "Actual Rows": 80537, "Actual Loops": 135110, "Recheck Cond": "(l_orderkey = l1.l_orderkey)", "Rows Removed by Index Recheck": 0, "Filter": "(l_suppkey <> l1.l_suppkey)", "Rows Removed by Filter": 85912, "Exact Heap Blocks": 135868, "Lossy Heap Blocks": 135868, "Plans": [{"Node Type": "Bitmap Index Scan", "Parent Relationship": "Outer", "Index Name": "idx_lineitem_orderkey", "Startup Cost": 0.0, "Total Cost": 0.82, "Plan Rows": 9, "Plan Width": 0, "Actual Startup Time": 422.211, "Actual Total Time": 422.211, "Actual Rows": 287712, "Actual Loops": 135110, "Index Cond": "(l_orderkey = l1.l_orderkey)"}]}]}, {"Node Type": "Bitmap Heap Scan", "Parent Relationship": "Inner", "Relation Name": "orders", "Alias": "orders", "Startup Cost": 0.6, "Total Cost": 4.61, "Plan Rows": 1, "Plan Width": 8, "Actual Startup Time": 632.367, "Actual Total Time": 632.367, "Actual Rows": 39445, "Actual Loops": 80537, "Recheck Cond": "(o_orderkey = l2.l_orderkey)", "Rows Removed by Index Recheck": 0, "Filter": "(o_orderstatus = 'F'::bpchar)", "Rows Removed by Filter": 41092, "Exact Heap Blocks": 80537, "Lossy Heap Blocks": 80537, "Plans": [{"Node Type": "Bitmap Index Scan", "Parent Relationship": "Outer", "Index Name": "orders_pkey", "Startup Cost": 0.0, "Total Cost": 0.6, "Plan Rows": 1, "Plan Width": 0, "Actual Startup Time": 353.005, "Actual Total Time": 353.005, "Actual Rows": 80537, "Actual Loops": 80537, "Index Cond": "(o_orderkey = l2.l_orderkey)"}]}]}]}]}]}, "Triggers": [], "Planner Runtime": 7.559, "Total Runtime": 48565.653, "Unique SQL Id": 3870093320}}, "(1, 39)": {"explain_plan": {"Plan": {"Node Type": "Limit", "Startup Cost": 1000209392502.29, "Total Cost": 1000209392502.54, "Plan Rows": 100, "Plan Width": 26, "Plans": [{"Node Type": "Sort", "Parent Relationship": "Outer", "Startup Cost": 1000209392502.29, "Total Cost": 1000209392525.22, "Plan Rows": 100, "Plan Width": 26, "Sort Key": ["(count(*)) DESC", "supplier.s_name"], "Plans": [{"Node Type": "Aggregate", "Strategy": "Hashed", "Parent Relationship": "Outer", "Startup Cost": 1000209392060.03, "Total Cost": 1000209392151.75, "Plan Rows": 9172, "Plan Width": 26, "Group By Key": ["supplier.s_name"], "Plans": [{"Node Type": "Nested Loop", "Parent Relationship": "Outer", "Join Type": "Semi", "Startup Cost": 10000000003.33, "Total Cost": 1000209392014.17, "Plan Rows": 9172, "Plan Width": 26, "Inner Unique": false, "Join Filter": "(orders.o_orderkey = l2.l_orderkey)", "Plans": [{"Node Type": "Nested Loop", "Parent Relationship": "Outer", "Join Type": "Inner", "Startup Cost": 10000000002.51, "Total Cost": 1000209365752.63, "Plan Rows": 9655, "Plan Width": 50, "Inner Unique": true, "Plans": [{"Node Type": "Nested Loop", "Parent Relationship": "Outer", "Join Type": "Inner", "Startup Cost": 10000000002.25, "Total Cost": 1000208331993.1, "Plan Rows": 241373, "Plan Width": 54, "Inner Unique": true, "Plans": [{"Node Type": "Nested Loop", "Parent Relationship": "Outer", "Join Type": "Anti", "Startup Cost": 10000000001.7, "Total Cost": 1000202554809.43, "Plan Rows": 1264232, "Plan Width": 24, "Inner Unique": false, "Plans": [{"Node Type": "Nested Loop", "Parent Relationship": "Outer", "Join Type": "Inner", "Startup Cost": 10000000000.88, "Total Cost": 1000143161213.03, "Plan Rows": 25284641, "Plan Width": 24, "Inner Unique": false, "Plans": [{"Node Type": "Index Scan", "Parent Relationship": "Outer", "Scan Direction": "Forward", "Index Name": "orders_pkey", "Relation Name": "orders", "Alias": "orders", "Startup Cost": 10000000000.0, "Total Cost": 1000076847713.25, "Plan Rows": 7338812, "Plan Width": 8, "Filter": "(o_orderstatus = 'F'::bpchar), (LLVM Optimized)"}, {"Node Type": "Bitmap Heap Scan", "Parent Relationship": "Inner", "Relation Name": "lineitem", "Alias": "l1", "Startup Cost": 0.88, "Total Cost": 9.01, "Plan Rows": 3, "Plan Width": 16, "Recheck Cond": "(l_orderkey = orders.o_orderkey)", "Filter": "(l_receiptdate > l_commitdate)", "Plans": [{"Node Type": "Bitmap Index Scan", "Parent Relationship": "Outer", "Index Name": "idx_lineitem_orderkey", "Startup Cost": 0.0, "Total Cost": 0.88, "Plan Rows": 9, "Plan Width": 0, "Index Cond": "(l_orderkey = orders.o_orderkey)"}]}]}, {"Node Type": "Bitmap Heap Scan", "Parent Relationship": "Inner", "Relation Name": "lineitem", "Alias": "l3", "Startup Cost": 0.82, "Total Cost": 8.97, "Plan Rows": 3, "Plan Width": 16, "Recheck Cond": "(l_orderkey = l1.l_orderkey)", "Filter": "((l_receiptdate > l_commitdate) AND (l_suppkey <> l1.l_suppkey))", "Plans": [{"Node Type": "Bitmap Index Scan", "Parent Relationship": "Outer", "Index Name": "idx_lineitem_orderkey", "Startup Cost": 0.0, "Total Cost": 0.82, "Plan Rows": 9, "Plan Width": 0, "Index Cond": "(l_orderkey = l1.l_orderkey)"}]}]}, {"Node Type": "Bitmap Heap Scan", "Parent Relationship": "Inner", "Relation Name": "supplier", "Alias": "supplier", "Startup Cost": 0.55, "Total Cost": 4.56, "Plan Rows": 1, "Plan Width": 38, "Recheck Cond": "(s_suppkey = l1.l_suppkey)", "Plans": [{"Node Type": "Bitmap Index Scan", "Parent Relationship": "Outer", "Index Name": "supplier_pkey", "Startup Cost": 0.0, "Total Cost": 0.55, "Plan Rows": 1, "Plan Width": 0, "Index Cond": "(s_suppkey = l1.l_suppkey)"}]}]}, {"Node Type": "Bitmap Heap Scan", "Parent Relationship": "Inner", "Relation Name": "nation", "Alias": "nation", "Startup Cost": 0.26, "Total Cost": 4.27, "Plan Rows": 1, "Plan Width": 4, "Recheck Cond": "(n_nationkey = supplier.s_nationkey)", "Filter": "(n_name = 'EGYPT'::bpchar)", "Plans": [{"Node Type": "Bitmap Index Scan", "Parent Relationship": "Outer", "Index Name": "nation_pkey", "Startup Cost": 0.0, "Total Cost": 0.26, "Plan Rows": 1, "Plan Width": 0, "Index Cond": "(n_nationkey = supplier.s_nationkey)"}]}]}, {"Node Type": "Bitmap Heap Scan", "Parent Relationship": "Inner", "Relation Name": "lineitem", "Alias": "l2", "Startup Cost": 0.82, "Total Cost": 8.95, "Plan Rows": 9, "Plan Width": 16, "Recheck Cond": "(l_orderkey = l1.l_orderkey)", "Filter": "(l_suppkey <> l1.l_suppkey)", "Plans": [{"Node Type": "Bitmap Index Scan", "Parent Relationship": "Outer", "Index Name": "idx_lineitem_orderkey", "Startup Cost": 0.0, "Total Cost": 0.82, "Plan Rows": 9, "Plan Width": 0, "Index Cond": "(l_orderkey = l1.l_orderkey)"}]}]}]}]}]}, "Unique SQL Id": 3870093320}, "explain_analyze_plan": null}, "(1, 40)": {"explain_plan": {"Plan": {"Node Type": "Limit", "Startup Cost": 2301850.01, "Total Cost": 2301850.26, "Plan Rows": 100, "Plan Width": 26, "Plans": [{"Node Type": "Sort", "Parent Relationship": "Outer", "Startup Cost": 2301850.01, "Total Cost": 2301872.94, "Plan Rows": 100, "Plan Width": 26, "Sort Key": ["(count(*)) DESC", "supplier.s_name"], "Plans": [{"Node Type": "Aggregate", "Strategy": "Hashed", "Parent Relationship": "Outer", "Startup Cost": 2301407.74, "Total Cost": 2301499.46, "Plan Rows": 9172, "Plan Width": 26, "Group By Key": ["supplier.s_name"], "Plans": [{"Node Type": "Nested Loop", "Parent Relationship": "Outer", "Join Type": "Inner", "Startup Cost": 3624.95, "Total Cost": 2301361.88, "Plan Rows": 9172, "Plan Width": 26, "Inner Unique": true, "Join Filter": "(l1.l_orderkey = orders.o_orderkey)", "Plans": [{"Node Type": "Nested Loop", "Parent Relationship": "Outer", "Join Type": "Semi", "Startup Cost": 3624.95, "Total Cost": 2294261.51, "Plan Rows": 7254, "Plan Width": 42, "Inner Unique": false, "Plans": [{"Node Type": "Nested Loop", "Parent Relationship": "Outer", "Join Type": "Anti", "Startup Cost": 3624.95, "Total Cost": 2292405.94, "Plan Rows": 7635, "Plan Width": 42, "Inner Unique": false, "Plans": [{"Node Type": "Hash Join", "Parent Relationship": "Outer", "Join Type": "Inner", "Startup Cost": 3624.95, "Total Cost": 2245218.73, "Plan Rows": 152707, "Plan Width": 42, "Inner Unique": false, "Hash Cond": "(l1.l_suppkey = supplier.s_suppkey), (LLVM Optimized)", "Plans": [{"Node Type": "Seq Scan", "Parent Relationship": "Outer", "Relation Name": "lineitem", "Alias": "l1", "Startup Cost": 0.0, "Total Cost": 2165082.91, "Plan Rows": 19995678, "Plan Width": 16, "Filter": "(l_receiptdate > l_commitdate), (LLVM Optimized)"}, {"Node Type": "Hash", "Parent Relationship": "Inner", "Startup Cost": 3574.95, "Total Cost": 3574.95, "Plan Rows": 4000, "Plan Width": 34, "Plans": [{"Node Type": "Hash Join", "Parent Relationship": "Outer", "Join Type": "Inner", "Startup Cost": 1.32, "Total Cost": 3574.95, "Plan Rows": 4000, "Plan Width": 34, "Inner Unique": true, "Hash Cond": "(supplier.s_nationkey = nation.n_nationkey)", "Plans": [{"Node Type": "Seq Scan", "Parent Relationship": "Outer", "Relation Name": "supplier", "Alias": "supplier", "Startup Cost": 0.0, "Total Cost": 3283.0, "Plan Rows": 100000, "Plan Width": 38}, {"Node Type": "Hash", "Parent Relationship": "Inner", "Startup Cost": 1.31, "Total Cost": 1.31, "Plan Rows": 1, "Plan Width": 4, "Plans": [{"Node Type": "Seq Scan", "Parent Relationship": "Outer", "Relation Name": "nation", "Alias": "nation", "Startup Cost": 0.0, "Total Cost": 1.31, "Plan Rows": 1, "Plan Width": 4, "Filter": "(n_name = 'EGYPT'::bpchar)"}]}]}]}]}, {"Node Type": "Index Scan", "Parent Relationship": "Inner", "Scan Direction": "Forward", "Index Name": "idx_lineitem_orderkey", "Relation Name": "lineitem", "Alias": "l3", "Startup Cost": 0.0, "Total Cost": 1.63, "Plan Rows": 3, "Plan Width": 16, "Index Cond": "(l_orderkey = l1.l_orderkey)", "Filter": "((l_receiptdate > l_commitdate) AND (l_suppkey <> l1.l_suppkey))"}]}, {"Node Type": "Index Scan", "Parent Relationship": "Inner", "Scan Direction": "Forward", "Index Name": "idx_lineitem_orderkey", "Relation Name": "lineitem", "Alias": "l2", "Startup Cost": 0.0, "Total Cost": 1.63, "Plan Rows": 9, "Plan Width": 16, "Index Cond": "(l_orderkey = l1.l_orderkey)", "Filter": "(l_suppkey <> l1.l_suppkey)"}]}, {"Node Type": "Index Scan", "Parent Relationship": "Inner", "Scan Direction": "Forward", "Index Name": "orders_pkey", "Relation Name": "orders", "Alias": "orders", "Startup Cost": 0.0, "Total Cost": 0.97, "Plan Rows": 1, "Plan Width": 8, "Index Cond": "(o_orderkey = l2.l_orderkey)", "Filter": "(o_orderstatus = 'F'::bpchar)"}]}]}]}]}, "Unique SQL Id": 3870093320}, "explain_analyze_plan": {"Plan": {"Node Type": "Limit", "Startup Cost": 2301850.01, "Total Cost": 2301850.26, "Plan Rows": 100, "Plan Width": 26, "Actual Startup Time": 43900.873, "Actual Total Time": 43900.892, "Actual Rows": 100, "Actual Loops": 1, "Plans": [{"Node Type": "Sort", "Parent Relationship": "Outer", "Startup Cost": 2301850.01, "Total Cost": 2301872.94, "Plan Rows": 100, "Plan Width": 26, "Actual Startup Time": 43900.87, "Actual Total Time": 43900.872, "Actual Rows": 100, "Actual Loops": 1, "Sort Key": ["(count(*)) DESC", "supplier.s_name"], "Sort Method": "top-N heapsort", "Sort Space Used": 41, "Sort Space Type": "Memory", "Plans": [{"Node Type": "Aggregate", "Strategy": "Hashed", "Parent Relationship": "Outer", "Startup Cost": 2301407.74, "Total Cost": 2301499.46, "Plan Rows": 9172, "Plan Width": 26, "Actual Startup Time": 43897.401, "Actual Total Time": 43898.802, "Actual Rows": 3981, "Actual Loops": 1, "Group By Key": ["supplier.s_name"], "Plans": [{"Node Type": "Nested Loop", "Parent Relationship": "Outer", "Join Type": "Inner", "Startup Cost": 3624.95, "Total Cost": 2301361.88, "Plan Rows": 9172, "Plan Width": 26, "Actual Startup Time": 52.489, "Actual Total Time": 43825.566, "Actual Rows": 39445, "Actual Loops": 1, "Inner Unique": true, "Join Filter": "(l1.l_orderkey = orders.o_orderkey)", "Rows Removed by Join Filter": 0, "Plans": [{"Node Type": "Nested Loop", "Parent Relationship": "Outer", "Join Type": "Semi", "Startup Cost": 3624.95, "Total Cost": 2294261.51, "Plan Rows": 7254, "Plan Width": 42, "Actual Startup Time": 52.469, "Actual Total Time": 43210.352, "Actual Rows": 80537, "Actual Loops": 1, "Inner Unique": false, "Plans": [{"Node Type": "Nested Loop", "Parent Relationship": "Outer", "Join Type": "Anti", "Startup Cost": 3624.95, "Total Cost": 2292405.94, "Plan Rows": 7635, "Plan Width": 42, "Actual Startup Time": 52.181, "Actual Total Time": 42595.813, "Actual Rows": 135110, "Actual Loops": 1, "Inner Unique": false, "Plans": [{"Node Type": "Hash Join", "Parent Relationship": "Outer", "Join Type": "Inner", "Startup Cost": 3624.95, "Total Cost": 2245218.73, "Plan Rows": 152707, "Plan Width": 42, "Actual Startup Time": 51.538, "Actual Total Time": 33829.123, "Actual Rows": 1511024, "Actual Loops": 1, "Inner Unique": false, "Hash Cond": "(l1.l_suppkey = supplier.s_suppkey), (LLVM Optimized, Jit Execute)", "Plans": [{"Node Type": "Seq Scan", "Parent Relationship": "Outer", "Relation Name": "lineitem", "Alias": "l1", "Startup Cost": 0.0, "Total Cost": 2165082.91, "Plan Rows": 19995678, "Plan Width": 16, "Actual Startup Time": 0.024, "Actual Total Time": 25355.471, "Actual Rows": 37929348, "Actual Loops": 1, "Filter": "(l_receiptdate > l_commitdate), (LLVM Optimized, Jit Execute)", "Rows Removed by Filter": 22056704}, {"Node Type": "Hash", "Parent Relationship": "Inner", "Startup Cost": 3574.95, "Total Cost": 3574.95, "Plan Rows": 4000, "Plan Width": 34, "Actual Startup Time": 51.383, "Actual Total Time": 51.383, "Actual Rows": 3981, "Actual Loops": 1, "Hash Buckets": 32768, "Hash Batches": 1, "Original Hash Batches": 1, "Peak Memory Usage": 280, "Plans": [{"Node Type": "Hash Join", "Parent Relationship": "Outer", "Join Type": "Inner", "Startup Cost": 1.32, "Total Cost": 3574.95, "Plan Rows": 4000, "Plan Width": 34, "Actual Startup Time": 0.083, "Actual Total Time": 49.997, "Actual Rows": 3981, "Actual Loops": 1, "Inner Unique": true, "Hash Cond": "(supplier.s_nationkey = nation.n_nationkey)", "Plans": [{"Node Type": "Seq Scan", "Parent Relationship": "Outer", "Relation Name": "supplier", "Alias": "supplier", "Startup Cost": 0.0, "Total Cost": 3283.0, "Plan Rows": 100000, "Plan Width": 38, "Actual Startup Time": 0.01, "Actual Total Time": 28.721, "Actual Rows": 100000, "Actual Loops": 1}, {"Node Type": "Hash", "Parent Relationship": "Inner", "Startup Cost": 1.31, "Total Cost": 1.31, "Plan Rows": 1, "Plan Width": 4, "Actual Startup Time": 0.03, "Actual Total Time": 0.03, "Actual Rows": 1, "Actual Loops": 1, "Hash Buckets": 32768, "Hash Batches": 1, "Original Hash Batches": 1, "Peak Memory Usage": 1, "Plans": [{"Node Type": "Seq Scan", "Parent Relationship": "Outer", "Relation Name": "nation", "Alias": "nation", "Startup Cost": 0.0, "Total Cost": 1.31, "Plan Rows": 1, "Plan Width": 4, "Actual Startup Time": 0.017, "Actual Total Time": 0.023, "Actual Rows": 1, "Actual Loops": 1, "Filter": "(n_name = 'EGYPT'::bpchar)", "Rows Removed by Filter": 24}]}]}]}]}, {"Node Type": "Index Scan", "Parent Relationship": "Inner", "Scan Direction": "Forward", "Index Name": "idx_lineitem_orderkey", "Relation Name": "lineitem", "Alias": "l3", "Startup Cost": 0.0, "Total Cost": 1.63, "Plan Rows": 3, "Plan Width": 16, "Actual Startup Time": 7791.572, "Actual Total Time": 7791.572, "Actual Rows": 1375914, "Actual Loops": 1511024, "Index Cond": "(l_orderkey = l1.l_orderkey)", "Rows Removed by Index Recheck": 0, "Filter": "((l_receiptdate > l_commitdate) AND (l_suppkey <> l1.l_suppkey))", "Rows Removed by Filter": 1348115}]}, {"Node Type": "Index Scan", "Parent Relationship": "Inner", "Scan Direction": "Forward", "Index Name": "idx_lineitem_orderkey", "Relation Name": "lineitem", "Alias": "l2", "Startup Cost": 0.0, "Total Cost": 1.63, "Plan Rows": 9, "Plan Width": 16, "Actual Startup Time": 502.258, "Actual Total Time": 502.258, "Actual Rows": 80537, "Actual Loops": 135110, "Index Cond": "(l_orderkey = l1.l_orderkey)", "Rows Removed by Index Recheck": 0, "Filter": "(l_suppkey <> l1.l_suppkey)", "Rows Removed by Filter": 85912}]}, {"Node Type": "Index Scan", "Parent Relationship": "Inner", "Scan Direction": "Forward", "Index Name": "orders_pkey", "Relation Name": "orders", "Alias": "orders", "Startup Cost": 0.0, "Total Cost": 0.97, "Plan Rows": 1, "Plan Width": 8, "Actual Startup Time": 535.065, "Actual Total Time": 535.065, "Actual Rows": 39445, "Actual Loops": 80537, "Index Cond": "(o_orderkey = l2.l_orderkey)", "Rows Removed by Index Recheck": 0, "Filter": "(o_orderstatus = 'F'::bpchar)", "Rows Removed by Filter": 41092}]}]}]}]}, "Triggers": [], "Planner Runtime": 7.356, "Total Runtime": 43909.894, "Unique SQL Id": 3870093320}}, "(1, 41)": {"explain_plan": {"Plan": {"Node Type": "Limit", "Startup Cost": 3528952.51, "Total Cost": 3528952.76, "Plan Rows": 100, "Plan Width": 26, "Plans": [{"Node Type": "Sort", "Parent Relationship": "Outer", "Startup Cost": 3528952.51, "Total Cost": 3528975.44, "Plan Rows": 100, "Plan Width": 26, "Sort Key": ["(count(*)) DESC", "supplier.s_name"], "Plans": [{"Node Type": "Aggregate", "Strategy": "Hashed", "Parent Relationship": "Outer", "Startup Cost": 3528510.24, "Total Cost": 3528601.96, "Plan Rows": 9172, "Plan Width": 26, "Group By Key": ["supplier.s_name"], "Plans": [{"Node Type": "Nested Loop", "Parent Relationship": "Outer", "Join Type": "Inner", "Startup Cost": 5689.04, "Total Cost": 3528464.38, "Plan Rows": 9172, "Plan Width": 26, "Inner Unique": true, "Join Filter": "(l1.l_orderkey = orders.o_orderkey)", "Plans": [{"Node Type": "Nested Loop", "Parent Relationship": "Outer", "Join Type": "Semi", "Startup Cost": 5689.04, "Total Cost": 3521364.01, "Plan Rows": 7254, "Plan Width": 42, "Inner Unique": false, "Plans": [{"Node Type": "Nested Loop", "Parent Relationship": "Outer", "Join Type": "Anti", "Startup Cost": 5689.04, "Total Cost": 3519508.45, "Plan Rows": 7635, "Plan Width": 42, "Inner Unique": false, "Plans": [{"Node Type": "Hash Join", "Parent Relationship": "Outer", "Join Type": "Inner", "Startup Cost": 5689.04, "Total Cost": 3472321.23, "Plan Rows": 152707, "Plan Width": 42, "Inner Unique": false, "Hash Cond": "(l1.l_suppkey = supplier.s_suppkey), (LLVM Optimized)", "Plans": [{"Node Type": "Index Scan", "Parent Relationship": "Outer", "Scan Direction": "Forward", "Index Name": "idx_lineitem_orderkey", "Relation Name": "lineitem", "Alias": "l1", "Startup Cost": 0.0, "Total Cost": 3390121.33, "Plan Rows": 19995678, "Plan Width": 16, "Filter": "(l_receiptdate > l_commitdate), (LLVM Optimized)"}, {"Node Type": "Hash", "Parent Relationship": "Inner", "Startup Cost": 5639.04, "Total Cost": 5639.04, "Plan Rows": 4000, "Plan Width": 34, "Plans": [{"Node Type": "Hash Join", "Parent Relationship": "Outer", "Join Type": "Inner", "Startup Cost": 12.7, "Total Cost": 5639.04, "Plan Rows": 4000, "Plan Width": 34, "Inner Unique": true, "Hash Cond": "(supplier.s_nationkey = nation.n_nationkey)", "Plans": [{"Node Type": "Index Scan", "Parent Relationship": "Outer", "Scan Direction": "Forward", "Index Name": "supplier_pkey", "Relation Name": "supplier", "Alias": "supplier", "Startup Cost": 0.0, "Total Cost": 5335.71, "Plan Rows": 100000, "Plan Width": 38}, {"Node Type": "Hash", "Parent Relationship": "Inner", "Startup Cost": 12.69, "Total Cost": 12.69, "Plan Rows": 1, "Plan Width": 4, "Plans": [{"Node Type": "Index Scan", "Parent Relationship": "Outer", "Scan Direction": "Forward", "Index Name": "nation_pkey", "Relation Name": "nation", "Alias": "nation", "Startup Cost": 0.0, "Total Cost": 12.69, "Plan Rows": 1, "Plan Width": 4, "Filter": "(n_name = 'EGYPT'::bpchar)"}]}]}]}]}, {"Node Type": "Index Scan", "Parent Relationship": "Inner", "Scan Direction": "Forward", "Index Name": "idx_lineitem_orderkey", "Relation Name": "lineitem", "Alias": "l3", "Startup Cost": 0.0, "Total Cost": 1.63, "Plan Rows": 3, "Plan Width": 16, "Index Cond": "(l_orderkey = l1.l_orderkey)", "Filter": "((l_receiptdate > l_commitdate) AND (l_suppkey <> l1.l_suppkey))"}]}, {"Node Type": "Index Scan", "Parent Relationship": "Inner", "Scan Direction": "Forward", "Index Name": "idx_lineitem_orderkey", "Relation Name": "lineitem", "Alias": "l2", "Startup Cost": 0.0, "Total Cost": 1.63, "Plan Rows": 9, "Plan Width": 16, "Index Cond": "(l_orderkey = l1.l_orderkey)", "Filter": "(l_suppkey <> l1.l_suppkey)"}]}, {"Node Type": "Index Scan", "Parent Relationship": "Inner", "Scan Direction": "Forward", "Index Name": "orders_pkey", "Relation Name": "orders", "Alias": "orders", "Startup Cost": 0.0, "Total Cost": 0.97, "Plan Rows": 1, "Plan Width": 8, "Index Cond": "(o_orderkey = l2.l_orderkey)", "Filter": "(o_orderstatus = 'F'::bpchar)"}]}]}]}]}, "Unique SQL Id": 3870093320}, "explain_analyze_plan": {"Plan": {"Node Type": "Limit", "Startup Cost": 3528952.51, "Total Cost": 3528952.76, "Plan Rows": 100, "Plan Width": 26, "Actual Startup Time": 64531.618, "Actual Total Time": 64531.632, "Actual Rows": 100, "Actual Loops": 1, "Plans": [{"Node Type": "Sort", "Parent Relationship": "Outer", "Startup Cost": 3528952.51, "Total Cost": 3528975.44, "Plan Rows": 100, "Plan Width": 26, "Actual Startup Time": 64531.614, "Actual Total Time": 64531.616, "Actual Rows": 100, "Actual Loops": 1, "Sort Key": ["(count(*)) DESC", "supplier.s_name"], "Sort Method": "top-N heapsort", "Sort Space Used": 41, "Sort Space Type": "Memory", "Plans": [{"Node Type": "Aggregate", "Strategy": "Hashed", "Parent Relationship": "Outer", "Startup Cost": 3528510.24, "Total Cost": 3528601.96, "Plan Rows": 9172, "Plan Width": 26, "Actual Startup Time": 64528.29, "Actual Total Time": 64529.482, "Actual Rows": 3981, "Actual Loops": 1, "Group By Key": ["supplier.s_name"], "Plans": [{"Node Type": "Nested Loop", "Parent Relationship": "Outer", "Join Type": "Inner", "Startup Cost": 5689.04, "Total Cost": 3528464.38, "Plan Rows": 9172, "Plan Width": 26, "Actual Startup Time": 76.543, "Actual Total Time": 64453.944, "Actual Rows": 39445, "Actual Loops": 1, "Inner Unique": true, "Join Filter": "(l1.l_orderkey = orders.o_orderkey)", "Rows Removed by Join Filter": 0, "Plans": [{"Node Type": "Nested Loop", "Parent Relationship": "Outer", "Join Type": "Semi", "Startup Cost": 5689.04, "Total Cost": 3521364.01, "Plan Rows": 7254, "Plan Width": 42, "Actual Startup Time": 76.52, "Actual Total Time": 63836.711, "Actual Rows": 80537, "Actual Loops": 1, "Inner Unique": false, "Plans": [{"Node Type": "Nested Loop", "Parent Relationship": "Outer", "Join Type": "Anti", "Startup Cost": 5689.04, "Total Cost": 3519508.45, "Plan Rows": 7635, "Plan Width": 42, "Actual Startup Time": 76.144, "Actual Total Time": 63222.256, "Actual Rows": 135110, "Actual Loops": 1, "Inner Unique": false, "Plans": [{"Node Type": "Hash Join", "Parent Relationship": "Outer", "Join Type": "Inner", "Startup Cost": 5689.04, "Total Cost": 3472321.23, "Plan Rows": 152707, "Plan Width": 42, "Actual Startup Time": 75.328, "Actual Total Time": 55228.058, "Actual Rows": 1511024, "Actual Loops": 1, "Inner Unique": false, "Hash Cond": "(l1.l_suppkey = supplier.s_suppkey), (LLVM Optimized, Jit Execute)", "Plans": [{"Node Type": "Index Scan", "Parent Relationship": "Outer", "Scan Direction": "Forward", "Index Name": "idx_lineitem_orderkey", "Relation Name": "lineitem", "Alias": "l1", "Startup Cost": 0.0, "Total Cost": 3390121.33, "Plan Rows": 19995678, "Plan Width": 16, "Actual Startup Time": 0.049, "Actual Total Time": 47134.749, "Actual Rows": 37929348, "Actual Loops": 1, "Filter": "(l_receiptdate > l_commitdate), (LLVM Optimized, Jit Execute)", "Rows Removed by Filter": 22056704}, {"Node Type": "Hash", "Parent Relationship": "Inner", "Startup Cost": 5639.04, "Total Cost": 5639.04, "Plan Rows": 4000, "Plan Width": 34, "Actual Startup Time": 75.114, "Actual Total Time": 75.114, "Actual Rows": 3981, "Actual Loops": 1, "Hash Buckets": 32768, "Hash Batches": 1, "Original Hash Batches": 1, "Peak Memory Usage": 280, "Plans": [{"Node Type": "Hash Join", "Parent Relationship": "Outer", "Join Type": "Inner", "Startup Cost": 12.7, "Total Cost": 5639.04, "Plan Rows": 4000, "Plan Width": 34, "Actual Startup Time": 0.126, "Actual Total Time": 73.635, "Actual Rows": 3981, "Actual Loops": 1, "Inner Unique": true, "Hash Cond": "(supplier.s_nationkey = nation.n_nationkey)", "Plans": [{"Node Type": "Index Scan", "Parent Relationship": "Outer", "Scan Direction": "Forward", "Index Name": "supplier_pkey", "Relation Name": "supplier", "Alias": "supplier", "Startup Cost": 0.0, "Total Cost": 5335.71, "Plan Rows": 100000, "Plan Width": 38, "Actual Startup Time": 0.023, "Actual Total Time": 53.648, "Actual Rows": 100000, "Actual Loops": 1}, {"Node Type": "Hash", "Parent Relationship": "Inner", "Startup Cost": 12.69, "Total Cost": 12.69, "Plan Rows": 1, "Plan Width": 4, "Actual Startup Time": 0.031, "Actual Total Time": 0.031, "Actual Rows": 1, "Actual Loops": 1, "Hash Buckets": 32768, "Hash Batches": 1, "Original Hash Batches": 1, "Peak Memory Usage": 1, "Plans": [{"Node Type": "Index Scan", "Parent Relationship": "Outer", "Scan Direction": "Forward", "Index Name": "nation_pkey", "Relation Name": "nation", "Alias": "nation", "Startup Cost": 0.0, "Total Cost": 12.69, "Plan Rows": 1, "Plan Width": 4, "Actual Startup Time": 0.012, "Actual Total Time": 0.023, "Actual Rows": 1, "Actual Loops": 1, "Filter": "(n_name = 'EGYPT'::bpchar)", "Rows Removed by Filter": 24}]}]}]}]}, {"Node Type": "Index Scan", "Parent Relationship": "Inner", "Scan Direction": "Forward", "Index Name": "idx_lineitem_orderkey", "Relation Name": "lineitem", "Alias": "l3", "Startup Cost": 0.0, "Total Cost": 1.63, "Plan Rows": 3, "Plan Width": 16, "Actual Startup Time": 7005.317, "Actual Total Time": 7005.317, "Actual Rows": 1375914, "Actual Loops": 1511024, "Index Cond": "(l_orderkey = l1.l_orderkey)", "Rows Removed by Index Recheck": 0, "Filter": "((l_receiptdate > l_commitdate) AND (l_suppkey <> l1.l_suppkey))", "Rows Removed by Filter": 1348115}]}, {"Node Type": "Index Scan", "Parent Relationship": "Inner", "Scan Direction": "Forward", "Index Name": "idx_lineitem_orderkey", "Relation Name": "lineitem", "Alias": "l2", "Startup Cost": 0.0, "Total Cost": 1.63, "Plan Rows": 9, "Plan Width": 16, "Actual Startup Time": 496.583, "Actual Total Time": 496.583, "Actual Rows": 80537, "Actual Loops": 135110, "Index Cond": "(l_orderkey = l1.l_orderkey)", "Rows Removed by Index Recheck": 0, "Filter": "(l_suppkey <> l1.l_suppkey)", "Rows Removed by Filter": 85912}]}, {"Node Type": "Index Scan", "Parent Relationship": "Inner", "Scan Direction": "Forward", "Index Name": "orders_pkey", "Relation Name": "orders", "Alias": "orders", "Startup Cost": 0.0, "Total Cost": 0.97, "Plan Rows": 1, "Plan Width": 8, "Actual Startup Time": 531.947, "Actual Total Time": 531.947, "Actual Rows": 39445, "Actual Loops": 80537, "Index Cond": "(o_orderkey = l2.l_orderkey)", "Rows Removed by Index Recheck": 0, "Filter": "(o_orderstatus = 'F'::bpchar)", "Rows Removed by Filter": 41092}]}]}]}]}, "Triggers": [], "Planner Runtime": 7.351, "Total Runtime": 64541.113, "Unique SQL Id": 3870093320}}, "(1, 42)": {"explain_plan": {"Plan": {"Node Type": "Limit", "Startup Cost": 7494113.85, "Total Cost": 7494114.1, "Plan Rows": 100, "Plan Width": 26, "Plans": [{"Node Type": "Sort", "Parent Relationship": "Outer", "Startup Cost": 7494113.85, "Total Cost": 7494136.78, "Plan Rows": 100, "Plan Width": 26, "Sort Key": ["(count(*)) DESC", "supplier.s_name"], "Plans": [{"Node Type": "Aggregate", "Strategy": "Hashed", "Parent Relationship": "Outer", "Startup Cost": 7493671.58, "Total Cost": 7493763.3, "Plan Rows": 9172, "Plan Width": 26, "Group By Key": ["supplier.s_name"], "Plans": [{"Node Type": "Hash Join", "Parent Relationship": "Outer", "Join Type": "Right Semi", "Startup Cost": 5238970.65, "Total Cost": 7493625.72, "Plan Rows": 9172, "Plan Width": 26, "Inner Unique": false, "Hash Cond": "(l2.l_orderkey = orders.o_orderkey)", "Join Filter": "(l2.l_suppkey <> l1.l_suppkey)", "Plans": [{"Node Type": "Seq Scan", "Parent Relationship": "Outer", "Relation Name": "lineitem", "Alias": "l2", "Startup Cost": 0.0, "Total Cost": 2015115.33, "Plan Rows": 59987033, "Plan Width": 16}, {"Node Type": "Hash", "Parent Relationship": "Inner", "Startup Cost": 5238849.96, "Total Cost": 5238849.96, "Plan Rows": 9655, "Plan Width": 50, "Plans": [{"Node Type": "Hash Join", "Parent Relationship": "Outer", "Join Type": "Inner", "Startup Cost": 4747320.39, "Total Cost": 5238849.96, "Plan Rows": 9655, "Plan Width": 50, "Inner Unique": false, "Hash Cond": "(orders.o_orderkey = l1.l_orderkey)", "Plans": [{"Node Type": "Seq Scan", "Parent Relationship": "Outer", "Relation Name": "orders", "Alias": "orders", "Startup Cost": 0.0, "Total Cost": 463912.49, "Plan Rows": 7338812, "Plan Width": 8, "Filter": "(o_orderstatus = 'F'::bpchar), (LLVM Optimized)"}, {"Node Type": "Hash", "Parent Relationship": "Inner", "Startup Cost": 4747224.95, "Total Cost": 4747224.95, "Plan Rows": 7635, "Plan Width": 42, "Plans": [{"Node Type": "Hash Join", "Parent Relationship": "Outer", "Join Type": "Anti", "Startup Cost": 2418653.84, "Total Cost": 4747224.95, "Plan Rows": 7635, "Plan Width": 42, "Inner Unique": false, "Hash Cond": "(l1.l_orderkey = l3.l_orderkey)", "Join Filter": "(l3.l_suppkey <> l1.l_suppkey)", "Plans": [{"Node Type": "Hash Join", "Parent Relationship": "Outer", "Join Type": "Inner", "Startup Cost": 3624.95, "Total Cost": 2245218.73, "Plan Rows": 152707, "Plan Width": 42, "Inner Unique": false, "Hash Cond": "(l1.l_suppkey = supplier.s_suppkey), (LLVM Optimized)", "Plans": [{"Node Type": "Seq Scan", "Parent Relationship": "Outer", "Relation Name": "lineitem", "Alias": "l1", "Startup Cost": 0.0, "Total Cost": 2165082.91, "Plan Rows": 19995678, "Plan Width": 16, "Filter": "(l_receiptdate > l_commitdate), (LLVM Optimized)"}, {"Node Type": "Hash", "Parent Relationship": "Inner", "Startup Cost": 3574.95, "Total Cost": 3574.95, "Plan Rows": 4000, "Plan Width": 34, "Plans": [{"Node Type": "Hash Join", "Parent Relationship": "Outer", "Join Type": "Inner", "Startup Cost": 1.32, "Total Cost": 3574.95, "Plan Rows": 4000, "Plan Width": 34, "Inner Unique": true, "Hash Cond": "(supplier.s_nationkey = nation.n_nationkey)", "Plans": [{"Node Type": "Seq Scan", "Parent Relationship": "Outer", "Relation Name": "supplier", "Alias": "supplier", "Startup Cost": 0.0, "Total Cost": 3283.0, "Plan Rows": 100000, "Plan Width": 38}, {"Node Type": "Hash", "Parent Relationship": "Inner", "Startup Cost": 1.31, "Total Cost": 1.31, "Plan Rows": 1, "Plan Width": 4, "Plans": [{"Node Type": "Seq Scan", "Parent Relationship": "Outer", "Relation Name": "nation", "Alias": "nation", "Startup Cost": 0.0, "Total Cost": 1.31, "Plan Rows": 1, "Plan Width": 4, "Filter": "(n_name = 'EGYPT'::bpchar)"}]}]}]}]}, {"Node Type": "Hash", "Parent Relationship": "Inner", "Startup Cost": 2165082.91, "Total Cost": 2165082.91, "Plan Rows": 19995678, "Plan Width": 16, "Plans": [{"Node Type": "Seq Scan", "Parent Relationship": "Outer", "Relation Name": "lineitem", "Alias": "l3", "Startup Cost": 0.0, "Total Cost": 2165082.91, "Plan Rows": 19995678, "Plan Width": 16, "Filter": "(l_receiptdate > l_commitdate), (LLVM Optimized)"}]}]}]}]}]}]}]}]}]}, "Unique SQL Id": 3870093320}, "explain_analyze_plan": null}, "(1, 43)": {"explain_plan": {"Plan": {"Node Type": "Limit", "Startup Cost": 6014182839649.49, "Total Cost": 6014182839649.74, "Plan Rows": 100, "Plan Width": 26, "Plans": [{"Node Type": "Sort", "Parent Relationship": "Outer", "Startup Cost": 6014182839649.49, "Total Cost": 6014182839672.42, "Plan Rows": 100, "Plan Width": 26, "Sort Key": ["(count(*)) DESC", "supplier.s_name"], "Plans": [{"Node Type": "Aggregate", "Strategy": "Hashed", "Parent Relationship": "Outer", "Startup Cost": 6014182839207.22, "Total Cost": 6014182839298.94, "Plan Rows": 9172, "Plan Width": 26, "Group By Key": ["supplier.s_name"], "Plans": [{"Node Type": "Nested Loop", "Parent Relationship": "Outer", "Join Type": "Inner", "Startup Cost": 60000000000.0, "Total Cost": 6014182839161.36, "Plan Rows": 9172, "Plan Width": 26, "Inner Unique": false, "Join Filter": "(l1.l_orderkey = orders.o_orderkey)", "Plans": [{"Node Type": "Index Scan", "Parent Relationship": "Outer", "Scan Direction": "Forward", "Index Name": "orders_pkey", "Relation Name": "orders", "Alias": "orders", "Startup Cost": 10000000000.0, "Total Cost": 1000076847713.25, "Plan Rows": 7338812, "Plan Width": 8, "Filter": "(o_orderstatus = 'F'::bpchar), (LLVM Optimized)"}, {"Node Type": "Materialize", "Parent Relationship": "Inner", "Startup Cost": 50000000000.0, "Total Cost": 5013307455332.53, "Plan Rows": 7254, "Plan Width": 42, "Plans": [{"Node Type": "Nested Loop", "Parent Relationship": "Outer", "Join Type": "Semi", "Startup Cost": 50000000000.0, "Total Cost": 5013307455296.26, "Plan Rows": 7254, "Plan Width": 42, "Inner Unique": false, "Join Filter": "((l2.l_suppkey <> l1.l_suppkey) AND (l1.l_orderkey = l2.l_orderkey))", "Plans": [{"Node Type": "Nested Loop", "Parent Relationship": "Outer", "Join Type": "Anti", "Startup Cost": 40000000000.0, "Total Cost": 4011848919915.73, "Plan Rows": 7635, "Plan Width": 42, "Inner Unique": false, "Join Filter": "((l3.l_suppkey <> l1.l_suppkey) AND (l3.l_orderkey = l1.l_orderkey))", "Plans": [{"Node Type": "Nested Loop", "Parent Relationship": "Outer", "Join Type": "Inner", "Startup Cost": 30000000000.0, "Total Cost": 3001539289162.94, "Plan Rows": 152707, "Plan Width": 42, "Inner Unique": false, "Join Filter": "(supplier.s_suppkey = l1.l_suppkey), (LLVM Optimized)", "Plans": [{"Node Type": "Index Scan", "Parent Relationship": "Outer", "Scan Direction": "Forward", "Index Name": "idx_lineitem_orderkey", "Relation Name": "lineitem", "Alias": "l1", "Startup Cost": 10000000000.0, "Total Cost": 1000339012132.75, "Plan Rows": 19995678, "Plan Width": 16, "Filter": "(l_receiptdate > l_commitdate), (LLVM Optimized)"}, {"Node Type": "Materialize", "Parent Relationship": "Inner", "Startup Cost": 20000000000.0, "Total Cost": 2000000536360.19, "Plan Rows": 4000, "Plan Width": 34, "Plans": [{"Node Type": "Nested Loop", "Parent Relationship": "Outer", "Join Type": "Inner", "Startup Cost": 20000000000.0, "Total Cost": 2000000536340.19, "Plan Rows": 4000, "Plan Width": 34, "Inner Unique": true, "Join Filter": "(supplier.s_nationkey = nation.n_nationkey)", "Plans": [{"Node Type": "Index Scan", "Parent Relationship": "Outer", "Scan Direction": "Forward", "Index Name": "supplier_pkey", "Relation Name": "supplier", "Alias": "supplier", "Startup Cost": 10000000000.0, "Total Cost": 1000000533571.43, "Plan Rows": 100000, "Plan Width": 38}, {"Node Type": "Materialize", "Parent Relationship": "Inner", "Startup Cost": 10000000000.0, "Total Cost": 1000000001268.76, "Plan Rows": 1, "Plan Width": 4, "Plans": [{"Node Type": "Index Scan", "Parent Relationship": "Outer", "Scan Direction": "Forward", "Index Name": "nation_pkey", "Relation Name": "nation", "Alias": "nation", "Startup Cost": 10000000000.0, "Total Cost": 1000000001268.75, "Plan Rows": 1, "Plan Width": 4, "Filter": "(n_name = 'EGYPT'::bpchar)"}]}]}]}]}, {"Node Type": "Materialize", "Parent Relationship": "Inner", "Startup Cost": 10000000000.0, "Total Cost": 1000339112111.14, "Plan Rows": 19995678, "Plan Width": 16, "Plans": [{"Node Type": "Index Scan", "Parent Relationship": "Outer", "Scan Direction": "Forward", "Index Name": "idx_lineitem_orderkey", "Relation Name": "lineitem", "Alias": "l3", "Startup Cost": 10000000000.0, "Total Cost": 1000339012132.75, "Plan Rows": 19995678, "Plan Width": 16, "Filter": "(l_receiptdate > l_commitdate), (LLVM Optimized)"}]}]}, {"Node Type": "Materialize", "Parent Relationship": "Inner", "Startup Cost": 10000000000.0, "Total Cost": 1000324315309.67, "Plan Rows": 59987033, "Plan Width": 16, "Plans": [{"Node Type": "Index Scan", "Parent Relationship": "Outer", "Scan Direction": "Forward", "Index Name": "idx_lineitem_orderkey", "Relation Name": "lineitem", "Alias": "l2", "Startup Cost": 10000000000.0, "Total Cost": 1000324015374.5, "Plan Rows": 59987033, "Plan Width": 16}]}]}]}]}]}]}]}, "Unique SQL Id": 3870093320}, "explain_analyze_plan": null}, "(1, 44)": {"explain_plan": {"Plan": {"Node Type": "Limit", "Startup Cost": 2301850.01, "Total Cost": 2301850.26, "Plan Rows": 100, "Plan Width": 26, "Plans": [{"Node Type": "Sort", "Parent Relationship": "Outer", "Startup Cost": 2301850.01, "Total Cost": 2301872.94, "Plan Rows": 100, "Plan Width": 26, "Sort Key": ["(count(*)) DESC", "supplier.s_name"], "Plans": [{"Node Type": "Aggregate", "Strategy": "Hashed", "Parent Relationship": "Outer", "Startup Cost": 2301407.74, "Total Cost": 2301499.46, "Plan Rows": 9172, "Plan Width": 26, "Group By Key": ["supplier.s_name"], "Plans": [{"Node Type": "Nested Loop", "Parent Relationship": "Outer", "Join Type": "Inner", "Startup Cost": 3624.95, "Total Cost": 2301361.88, "Plan Rows": 9172, "Plan Width": 26, "Inner Unique": true, "Join Filter": "(l1.l_orderkey = orders.o_orderkey)", "Plans": [{"Node Type": "Nested Loop", "Parent Relationship": "Outer", "Join Type": "Semi", "Startup Cost": 3624.95, "Total Cost": 2294261.51, "Plan Rows": 7254, "Plan Width": 42, "Inner Unique": false, "Plans": [{"Node Type": "Nested Loop", "Parent Relationship": "Outer", "Join Type": "Anti", "Startup Cost": 3624.95, "Total Cost": 2292405.94, "Plan Rows": 7635, "Plan Width": 42, "Inner Unique": false, "Plans": [{"Node Type": "Hash Join", "Parent Relationship": "Outer", "Join Type": "Inner", "Startup Cost": 3624.95, "Total Cost": 2245218.73, "Plan Rows": 152707, "Plan Width": 42, "Inner Unique": false, "Hash Cond": "(l1.l_suppkey = supplier.s_suppkey), (LLVM Optimized)", "Plans": [{"Node Type": "Seq Scan", "Parent Relationship": "Outer", "Relation Name": "lineitem", "Alias": "l1", "Startup Cost": 0.0, "Total Cost": 2165082.91, "Plan Rows": 19995678, "Plan Width": 16, "Filter": "(l_receiptdate > l_commitdate), (LLVM Optimized)"}, {"Node Type": "Hash", "Parent Relationship": "Inner", "Startup Cost": 3574.95, "Total Cost": 3574.95, "Plan Rows": 4000, "Plan Width": 34, "Plans": [{"Node Type": "Hash Join", "Parent Relationship": "Outer", "Join Type": "Inner", "Startup Cost": 1.32, "Total Cost": 3574.95, "Plan Rows": 4000, "Plan Width": 34, "Inner Unique": true, "Hash Cond": "(supplier.s_nationkey = nation.n_nationkey)", "Plans": [{"Node Type": "Seq Scan", "Parent Relationship": "Outer", "Relation Name": "supplier", "Alias": "supplier", "Startup Cost": 0.0, "Total Cost": 3283.0, "Plan Rows": 100000, "Plan Width": 38}, {"Node Type": "Hash", "Parent Relationship": "Inner", "Startup Cost": 1.31, "Total Cost": 1.31, "Plan Rows": 1, "Plan Width": 4, "Plans": [{"Node Type": "Seq Scan", "Parent Relationship": "Outer", "Relation Name": "nation", "Alias": "nation", "Startup Cost": 0.0, "Total Cost": 1.31, "Plan Rows": 1, "Plan Width": 4, "Filter": "(n_name = 'EGYPT'::bpchar)"}]}]}]}]}, {"Node Type": "Index Scan", "Parent Relationship": "Inner", "Scan Direction": "Forward", "Index Name": "idx_lineitem_orderkey", "Relation Name": "lineitem", "Alias": "l3", "Startup Cost": 0.0, "Total Cost": 1.63, "Plan Rows": 3, "Plan Width": 16, "Index Cond": "(l_orderkey = l1.l_orderkey)", "Filter": "((l_receiptdate > l_commitdate) AND (l_suppkey <> l1.l_suppkey))"}]}, {"Node Type": "Index Scan", "Parent Relationship": "Inner", "Scan Direction": "Forward", "Index Name": "idx_lineitem_orderkey", "Relation Name": "lineitem", "Alias": "l2", "Startup Cost": 0.0, "Total Cost": 1.63, "Plan Rows": 9, "Plan Width": 16, "Index Cond": "(l_orderkey = l1.l_orderkey)", "Filter": "(l_suppkey <> l1.l_suppkey)"}]}, {"Node Type": "Index Scan", "Parent Relationship": "Inner", "Scan Direction": "Forward", "Index Name": "orders_pkey", "Relation Name": "orders", "Alias": "orders", "Startup Cost": 0.0, "Total Cost": 0.97, "Plan Rows": 1, "Plan Width": 8, "Index Cond": "(o_orderkey = l2.l_orderkey)", "Filter": "(o_orderstatus = 'F'::bpchar)"}]}]}]}]}, "Unique SQL Id": 3870093320}, "explain_analyze_plan": {"Plan": {"Node Type": "Limit", "Startup Cost": 2301850.01, "Total Cost": 2301850.26, "Plan Rows": 100, "Plan Width": 26, "Actual Startup Time": 43900.873, "Actual Total Time": 43900.892, "Actual Rows": 100, "Actual Loops": 1, "Plans": [{"Node Type": "Sort", "Parent Relationship": "Outer", "Startup Cost": 2301850.01, "Total Cost": 2301872.94, "Plan Rows": 100, "Plan Width": 26, "Actual Startup Time": 43900.87, "Actual Total Time": 43900.872, "Actual Rows": 100, "Actual Loops": 1, "Sort Key": ["(count(*)) DESC", "supplier.s_name"], "Sort Method": "top-N heapsort", "Sort Space Used": 41, "Sort Space Type": "Memory", "Plans": [{"Node Type": "Aggregate", "Strategy": "Hashed", "Parent Relationship": "Outer", "Startup Cost": 2301407.74, "Total Cost": 2301499.46, "Plan Rows": 9172, "Plan Width": 26, "Actual Startup Time": 43897.401, "Actual Total Time": 43898.802, "Actual Rows": 3981, "Actual Loops": 1, "Group By Key": ["supplier.s_name"], "Plans": [{"Node Type": "Nested Loop", "Parent Relationship": "Outer", "Join Type": "Inner", "Startup Cost": 3624.95, "Total Cost": 2301361.88, "Plan Rows": 9172, "Plan Width": 26, "Actual Startup Time": 52.489, "Actual Total Time": 43825.566, "Actual Rows": 39445, "Actual Loops": 1, "Inner Unique": true, "Join Filter": "(l1.l_orderkey = orders.o_orderkey)", "Rows Removed by Join Filter": 0, "Plans": [{"Node Type": "Nested Loop", "Parent Relationship": "Outer", "Join Type": "Semi", "Startup Cost": 3624.95, "Total Cost": 2294261.51, "Plan Rows": 7254, "Plan Width": 42, "Actual Startup Time": 52.469, "Actual Total Time": 43210.352, "Actual Rows": 80537, "Actual Loops": 1, "Inner Unique": false, "Plans": [{"Node Type": "Nested Loop", "Parent Relationship": "Outer", "Join Type": "Anti", "Startup Cost": 3624.95, "Total Cost": 2292405.94, "Plan Rows": 7635, "Plan Width": 42, "Actual Startup Time": 52.181, "Actual Total Time": 42595.813, "Actual Rows": 135110, "Actual Loops": 1, "Inner Unique": false, "Plans": [{"Node Type": "Hash Join", "Parent Relationship": "Outer", "Join Type": "Inner", "Startup Cost": 3624.95, "Total Cost": 2245218.73, "Plan Rows": 152707, "Plan Width": 42, "Actual Startup Time": 51.538, "Actual Total Time": 33829.123, "Actual Rows": 1511024, "Actual Loops": 1, "Inner Unique": false, "Hash Cond": "(l1.l_suppkey = supplier.s_suppkey), (LLVM Optimized, Jit Execute)", "Plans": [{"Node Type": "Seq Scan", "Parent Relationship": "Outer", "Relation Name": "lineitem", "Alias": "l1", "Startup Cost": 0.0, "Total Cost": 2165082.91, "Plan Rows": 19995678, "Plan Width": 16, "Actual Startup Time": 0.024, "Actual Total Time": 25355.471, "Actual Rows": 37929348, "Actual Loops": 1, "Filter": "(l_receiptdate > l_commitdate), (LLVM Optimized, Jit Execute)", "Rows Removed by Filter": 22056704}, {"Node Type": "Hash", "Parent Relationship": "Inner", "Startup Cost": 3574.95, "Total Cost": 3574.95, "Plan Rows": 4000, "Plan Width": 34, "Actual Startup Time": 51.383, "Actual Total Time": 51.383, "Actual Rows": 3981, "Actual Loops": 1, "Hash Buckets": 32768, "Hash Batches": 1, "Original Hash Batches": 1, "Peak Memory Usage": 280, "Plans": [{"Node Type": "Hash Join", "Parent Relationship": "Outer", "Join Type": "Inner", "Startup Cost": 1.32, "Total Cost": 3574.95, "Plan Rows": 4000, "Plan Width": 34, "Actual Startup Time": 0.083, "Actual Total Time": 49.997, "Actual Rows": 3981, "Actual Loops": 1, "Inner Unique": true, "Hash Cond": "(supplier.s_nationkey = nation.n_nationkey)", "Plans": [{"Node Type": "Seq Scan", "Parent Relationship": "Outer", "Relation Name": "supplier", "Alias": "supplier", "Startup Cost": 0.0, "Total Cost": 3283.0, "Plan Rows": 100000, "Plan Width": 38, "Actual Startup Time": 0.01, "Actual Total Time": 28.721, "Actual Rows": 100000, "Actual Loops": 1}, {"Node Type": "Hash", "Parent Relationship": "Inner", "Startup Cost": 1.31, "Total Cost": 1.31, "Plan Rows": 1, "Plan Width": 4, "Actual Startup Time": 0.03, "Actual Total Time": 0.03, "Actual Rows": 1, "Actual Loops": 1, "Hash Buckets": 32768, "Hash Batches": 1, "Original Hash Batches": 1, "Peak Memory Usage": 1, "Plans": [{"Node Type": "Seq Scan", "Parent Relationship": "Outer", "Relation Name": "nation", "Alias": "nation", "Startup Cost": 0.0, "Total Cost": 1.31, "Plan Rows": 1, "Plan Width": 4, "Actual Startup Time": 0.017, "Actual Total Time": 0.023, "Actual Rows": 1, "Actual Loops": 1, "Filter": "(n_name = 'EGYPT'::bpchar)", "Rows Removed by Filter": 24}]}]}]}]}, {"Node Type": "Index Scan", "Parent Relationship": "Inner", "Scan Direction": "Forward", "Index Name": "idx_lineitem_orderkey", "Relation Name": "lineitem", "Alias": "l3", "Startup Cost": 0.0, "Total Cost": 1.63, "Plan Rows": 3, "Plan Width": 16, "Actual Startup Time": 7791.572, "Actual Total Time": 7791.572, "Actual Rows": 1375914, "Actual Loops": 1511024, "Index Cond": "(l_orderkey = l1.l_orderkey)", "Rows Removed by Index Recheck": 0, "Filter": "((l_receiptdate > l_commitdate) AND (l_suppkey <> l1.l_suppkey))", "Rows Removed by Filter": 1348115}]}, {"Node Type": "Index Scan", "Parent Relationship": "Inner", "Scan Direction": "Forward", "Index Name": "idx_lineitem_orderkey", "Relation Name": "lineitem", "Alias": "l2", "Startup Cost": 0.0, "Total Cost": 1.63, "Plan Rows": 9, "Plan Width": 16, "Actual Startup Time": 502.258, "Actual Total Time": 502.258, "Actual Rows": 80537, "Actual Loops": 135110, "Index Cond": "(l_orderkey = l1.l_orderkey)", "Rows Removed by Index Recheck": 0, "Filter": "(l_suppkey <> l1.l_suppkey)", "Rows Removed by Filter": 85912}]}, {"Node Type": "Index Scan", "Parent Relationship": "Inner", "Scan Direction": "Forward", "Index Name": "orders_pkey", "Relation Name": "orders", "Alias": "orders", "Startup Cost": 0.0, "Total Cost": 0.97, "Plan Rows": 1, "Plan Width": 8, "Actual Startup Time": 535.065, "Actual Total Time": 535.065, "Actual Rows": 39445, "Actual Loops": 80537, "Index Cond": "(o_orderkey = l2.l_orderkey)", "Rows Removed by Index Recheck": 0, "Filter": "(o_orderstatus = 'F'::bpchar)", "Rows Removed by Filter": 41092}]}]}]}]}, "Triggers": [], "Planner Runtime": 7.356, "Total Runtime": 43909.894, "Unique SQL Id": 3870093320}}, "(1, 45)": {"explain_plan": {"Plan": {"Node Type": "Limit", "Startup Cost": 3528952.51, "Total Cost": 3528952.76, "Plan Rows": 100, "Plan Width": 26, "Plans": [{"Node Type": "Sort", "Parent Relationship": "Outer", "Startup Cost": 3528952.51, "Total Cost": 3528975.44, "Plan Rows": 100, "Plan Width": 26, "Sort Key": ["(count(*)) DESC", "supplier.s_name"], "Plans": [{"Node Type": "Aggregate", "Strategy": "Hashed", "Parent Relationship": "Outer", "Startup Cost": 3528510.24, "Total Cost": 3528601.96, "Plan Rows": 9172, "Plan Width": 26, "Group By Key": ["supplier.s_name"], "Plans": [{"Node Type": "Nested Loop", "Parent Relationship": "Outer", "Join Type": "Inner", "Startup Cost": 5689.04, "Total Cost": 3528464.38, "Plan Rows": 9172, "Plan Width": 26, "Inner Unique": true, "Join Filter": "(l1.l_orderkey = orders.o_orderkey)", "Plans": [{"Node Type": "Nested Loop", "Parent Relationship": "Outer", "Join Type": "Semi", "Startup Cost": 5689.04, "Total Cost": 3521364.01, "Plan Rows": 7254, "Plan Width": 42, "Inner Unique": false, "Plans": [{"Node Type": "Nested Loop", "Parent Relationship": "Outer", "Join Type": "Anti", "Startup Cost": 5689.04, "Total Cost": 3519508.45, "Plan Rows": 7635, "Plan Width": 42, "Inner Unique": false, "Plans": [{"Node Type": "Hash Join", "Parent Relationship": "Outer", "Join Type": "Inner", "Startup Cost": 5689.04, "Total Cost": 3472321.23, "Plan Rows": 152707, "Plan Width": 42, "Inner Unique": false, "Hash Cond": "(l1.l_suppkey = supplier.s_suppkey), (LLVM Optimized)", "Plans": [{"Node Type": "Index Scan", "Parent Relationship": "Outer", "Scan Direction": "Forward", "Index Name": "idx_lineitem_orderkey", "Relation Name": "lineitem", "Alias": "l1", "Startup Cost": 0.0, "Total Cost": 3390121.33, "Plan Rows": 19995678, "Plan Width": 16, "Filter": "(l_receiptdate > l_commitdate), (LLVM Optimized)"}, {"Node Type": "Hash", "Parent Relationship": "Inner", "Startup Cost": 5639.04, "Total Cost": 5639.04, "Plan Rows": 4000, "Plan Width": 34, "Plans": [{"Node Type": "Hash Join", "Parent Relationship": "Outer", "Join Type": "Inner", "Startup Cost": 12.7, "Total Cost": 5639.04, "Plan Rows": 4000, "Plan Width": 34, "Inner Unique": true, "Hash Cond": "(supplier.s_nationkey = nation.n_nationkey)", "Plans": [{"Node Type": "Index Scan", "Parent Relationship": "Outer", "Scan Direction": "Forward", "Index Name": "supplier_pkey", "Relation Name": "supplier", "Alias": "supplier", "Startup Cost": 0.0, "Total Cost": 5335.71, "Plan Rows": 100000, "Plan Width": 38}, {"Node Type": "Hash", "Parent Relationship": "Inner", "Startup Cost": 12.69, "Total Cost": 12.69, "Plan Rows": 1, "Plan Width": 4, "Plans": [{"Node Type": "Index Scan", "Parent Relationship": "Outer", "Scan Direction": "Forward", "Index Name": "nation_pkey", "Relation Name": "nation", "Alias": "nation", "Startup Cost": 0.0, "Total Cost": 12.69, "Plan Rows": 1, "Plan Width": 4, "Filter": "(n_name = 'EGYPT'::bpchar)"}]}]}]}]}, {"Node Type": "Index Scan", "Parent Relationship": "Inner", "Scan Direction": "Forward", "Index Name": "idx_lineitem_orderkey", "Relation Name": "lineitem", "Alias": "l3", "Startup Cost": 0.0, "Total Cost": 1.63, "Plan Rows": 3, "Plan Width": 16, "Index Cond": "(l_orderkey = l1.l_orderkey)", "Filter": "((l_receiptdate > l_commitdate) AND (l_suppkey <> l1.l_suppkey))"}]}, {"Node Type": "Index Scan", "Parent Relationship": "Inner", "Scan Direction": "Forward", "Index Name": "idx_lineitem_orderkey", "Relation Name": "lineitem", "Alias": "l2", "Startup Cost": 0.0, "Total Cost": 1.63, "Plan Rows": 9, "Plan Width": 16, "Index Cond": "(l_orderkey = l1.l_orderkey)", "Filter": "(l_suppkey <> l1.l_suppkey)"}]}, {"Node Type": "Index Scan", "Parent Relationship": "Inner", "Scan Direction": "Forward", "Index Name": "orders_pkey", "Relation Name": "orders", "Alias": "orders", "Startup Cost": 0.0, "Total Cost": 0.97, "Plan Rows": 1, "Plan Width": 8, "Index Cond": "(o_orderkey = l2.l_orderkey)", "Filter": "(o_orderstatus = 'F'::bpchar)"}]}]}]}]}, "Unique SQL Id": 3870093320}, "explain_analyze_plan": {"Plan": {"Node Type": "Limit", "Startup Cost": 3528952.51, "Total Cost": 3528952.76, "Plan Rows": 100, "Plan Width": 26, "Actual Startup Time": 64531.618, "Actual Total Time": 64531.632, "Actual Rows": 100, "Actual Loops": 1, "Plans": [{"Node Type": "Sort", "Parent Relationship": "Outer", "Startup Cost": 3528952.51, "Total Cost": 3528975.44, "Plan Rows": 100, "Plan Width": 26, "Actual Startup Time": 64531.614, "Actual Total Time": 64531.616, "Actual Rows": 100, "Actual Loops": 1, "Sort Key": ["(count(*)) DESC", "supplier.s_name"], "Sort Method": "top-N heapsort", "Sort Space Used": 41, "Sort Space Type": "Memory", "Plans": [{"Node Type": "Aggregate", "Strategy": "Hashed", "Parent Relationship": "Outer", "Startup Cost": 3528510.24, "Total Cost": 3528601.96, "Plan Rows": 9172, "Plan Width": 26, "Actual Startup Time": 64528.29, "Actual Total Time": 64529.482, "Actual Rows": 3981, "Actual Loops": 1, "Group By Key": ["supplier.s_name"], "Plans": [{"Node Type": "Nested Loop", "Parent Relationship": "Outer", "Join Type": "Inner", "Startup Cost": 5689.04, "Total Cost": 3528464.38, "Plan Rows": 9172, "Plan Width": 26, "Actual Startup Time": 76.543, "Actual Total Time": 64453.944, "Actual Rows": 39445, "Actual Loops": 1, "Inner Unique": true, "Join Filter": "(l1.l_orderkey = orders.o_orderkey)", "Rows Removed by Join Filter": 0, "Plans": [{"Node Type": "Nested Loop", "Parent Relationship": "Outer", "Join Type": "Semi", "Startup Cost": 5689.04, "Total Cost": 3521364.01, "Plan Rows": 7254, "Plan Width": 42, "Actual Startup Time": 76.52, "Actual Total Time": 63836.711, "Actual Rows": 80537, "Actual Loops": 1, "Inner Unique": false, "Plans": [{"Node Type": "Nested Loop", "Parent Relationship": "Outer", "Join Type": "Anti", "Startup Cost": 5689.04, "Total Cost": 3519508.45, "Plan Rows": 7635, "Plan Width": 42, "Actual Startup Time": 76.144, "Actual Total Time": 63222.256, "Actual Rows": 135110, "Actual Loops": 1, "Inner Unique": false, "Plans": [{"Node Type": "Hash Join", "Parent Relationship": "Outer", "Join Type": "Inner", "Startup Cost": 5689.04, "Total Cost": 3472321.23, "Plan Rows": 152707, "Plan Width": 42, "Actual Startup Time": 75.328, "Actual Total Time": 55228.058, "Actual Rows": 1511024, "Actual Loops": 1, "Inner Unique": false, "Hash Cond": "(l1.l_suppkey = supplier.s_suppkey), (LLVM Optimized, Jit Execute)", "Plans": [{"Node Type": "Index Scan", "Parent Relationship": "Outer", "Scan Direction": "Forward", "Index Name": "idx_lineitem_orderkey", "Relation Name": "lineitem", "Alias": "l1", "Startup Cost": 0.0, "Total Cost": 3390121.33, "Plan Rows": 19995678, "Plan Width": 16, "Actual Startup Time": 0.049, "Actual Total Time": 47134.749, "Actual Rows": 37929348, "Actual Loops": 1, "Filter": "(l_receiptdate > l_commitdate), (LLVM Optimized, Jit Execute)", "Rows Removed by Filter": 22056704}, {"Node Type": "Hash", "Parent Relationship": "Inner", "Startup Cost": 5639.04, "Total Cost": 5639.04, "Plan Rows": 4000, "Plan Width": 34, "Actual Startup Time": 75.114, "Actual Total Time": 75.114, "Actual Rows": 3981, "Actual Loops": 1, "Hash Buckets": 32768, "Hash Batches": 1, "Original Hash Batches": 1, "Peak Memory Usage": 280, "Plans": [{"Node Type": "Hash Join", "Parent Relationship": "Outer", "Join Type": "Inner", "Startup Cost": 12.7, "Total Cost": 5639.04, "Plan Rows": 4000, "Plan Width": 34, "Actual Startup Time": 0.126, "Actual Total Time": 73.635, "Actual Rows": 3981, "Actual Loops": 1, "Inner Unique": true, "Hash Cond": "(supplier.s_nationkey = nation.n_nationkey)", "Plans": [{"Node Type": "Index Scan", "Parent Relationship": "Outer", "Scan Direction": "Forward", "Index Name": "supplier_pkey", "Relation Name": "supplier", "Alias": "supplier", "Startup Cost": 0.0, "Total Cost": 5335.71, "Plan Rows": 100000, "Plan Width": 38, "Actual Startup Time": 0.023, "Actual Total Time": 53.648, "Actual Rows": 100000, "Actual Loops": 1}, {"Node Type": "Hash", "Parent Relationship": "Inner", "Startup Cost": 12.69, "Total Cost": 12.69, "Plan Rows": 1, "Plan Width": 4, "Actual Startup Time": 0.031, "Actual Total Time": 0.031, "Actual Rows": 1, "Actual Loops": 1, "Hash Buckets": 32768, "Hash Batches": 1, "Original Hash Batches": 1, "Peak Memory Usage": 1, "Plans": [{"Node Type": "Index Scan", "Parent Relationship": "Outer", "Scan Direction": "Forward", "Index Name": "nation_pkey", "Relation Name": "nation", "Alias": "nation", "Startup Cost": 0.0, "Total Cost": 12.69, "Plan Rows": 1, "Plan Width": 4, "Actual Startup Time": 0.012, "Actual Total Time": 0.023, "Actual Rows": 1, "Actual Loops": 1, "Filter": "(n_name = 'EGYPT'::bpchar)", "Rows Removed by Filter": 24}]}]}]}]}, {"Node Type": "Index Scan", "Parent Relationship": "Inner", "Scan Direction": "Forward", "Index Name": "idx_lineitem_orderkey", "Relation Name": "lineitem", "Alias": "l3", "Startup Cost": 0.0, "Total Cost": 1.63, "Plan Rows": 3, "Plan Width": 16, "Actual Startup Time": 7005.317, "Actual Total Time": 7005.317, "Actual Rows": 1375914, "Actual Loops": 1511024, "Index Cond": "(l_orderkey = l1.l_orderkey)", "Rows Removed by Index Recheck": 0, "Filter": "((l_receiptdate > l_commitdate) AND (l_suppkey <> l1.l_suppkey))", "Rows Removed by Filter": 1348115}]}, {"Node Type": "Index Scan", "Parent Relationship": "Inner", "Scan Direction": "Forward", "Index Name": "idx_lineitem_orderkey", "Relation Name": "lineitem", "Alias": "l2", "Startup Cost": 0.0, "Total Cost": 1.63, "Plan Rows": 9, "Plan Width": 16, "Actual Startup Time": 496.583, "Actual Total Time": 496.583, "Actual Rows": 80537, "Actual Loops": 135110, "Index Cond": "(l_orderkey = l1.l_orderkey)", "Rows Removed by Index Recheck": 0, "Filter": "(l_suppkey <> l1.l_suppkey)", "Rows Removed by Filter": 85912}]}, {"Node Type": "Index Scan", "Parent Relationship": "Inner", "Scan Direction": "Forward", "Index Name": "orders_pkey", "Relation Name": "orders", "Alias": "orders", "Startup Cost": 0.0, "Total Cost": 0.97, "Plan Rows": 1, "Plan Width": 8, "Actual Startup Time": 531.947, "Actual Total Time": 531.947, "Actual Rows": 39445, "Actual Loops": 80537, "Index Cond": "(o_orderkey = l2.l_orderkey)", "Rows Removed by Index Recheck": 0, "Filter": "(o_orderstatus = 'F'::bpchar)", "Rows Removed by Filter": 41092}]}]}]}]}, "Triggers": [], "Planner Runtime": 7.351, "Total Runtime": 64541.113, "Unique SQL Id": 3870093320}}, "(1, 46)": {"explain_plan": {"Plan": {"Node Type": "Limit", "Startup Cost": 7494113.85, "Total Cost": 7494114.1, "Plan Rows": 100, "Plan Width": 26, "Plans": [{"Node Type": "Sort", "Parent Relationship": "Outer", "Startup Cost": 7494113.85, "Total Cost": 7494136.78, "Plan Rows": 100, "Plan Width": 26, "Sort Key": ["(count(*)) DESC", "supplier.s_name"], "Plans": [{"Node Type": "Aggregate", "Strategy": "Hashed", "Parent Relationship": "Outer", "Startup Cost": 7493671.58, "Total Cost": 7493763.3, "Plan Rows": 9172, "Plan Width": 26, "Group By Key": ["supplier.s_name"], "Plans": [{"Node Type": "Hash Join", "Parent Relationship": "Outer", "Join Type": "Right Semi", "Startup Cost": 5238970.65, "Total Cost": 7493625.72, "Plan Rows": 9172, "Plan Width": 26, "Inner Unique": false, "Hash Cond": "(l2.l_orderkey = orders.o_orderkey)", "Join Filter": "(l2.l_suppkey <> l1.l_suppkey)", "Plans": [{"Node Type": "Seq Scan", "Parent Relationship": "Outer", "Relation Name": "lineitem", "Alias": "l2", "Startup Cost": 0.0, "Total Cost": 2015115.33, "Plan Rows": 59987033, "Plan Width": 16}, {"Node Type": "Hash", "Parent Relationship": "Inner", "Startup Cost": 5238849.96, "Total Cost": 5238849.96, "Plan Rows": 9655, "Plan Width": 50, "Plans": [{"Node Type": "Hash Join", "Parent Relationship": "Outer", "Join Type": "Inner", "Startup Cost": 4747320.39, "Total Cost": 5238849.96, "Plan Rows": 9655, "Plan Width": 50, "Inner Unique": false, "Hash Cond": "(orders.o_orderkey = l1.l_orderkey)", "Plans": [{"Node Type": "Seq Scan", "Parent Relationship": "Outer", "Relation Name": "orders", "Alias": "orders", "Startup Cost": 0.0, "Total Cost": 463912.49, "Plan Rows": 7338812, "Plan Width": 8, "Filter": "(o_orderstatus = 'F'::bpchar), (LLVM Optimized)"}, {"Node Type": "Hash", "Parent Relationship": "Inner", "Startup Cost": 4747224.95, "Total Cost": 4747224.95, "Plan Rows": 7635, "Plan Width": 42, "Plans": [{"Node Type": "Hash Join", "Parent Relationship": "Outer", "Join Type": "Anti", "Startup Cost": 2418653.84, "Total Cost": 4747224.95, "Plan Rows": 7635, "Plan Width": 42, "Inner Unique": false, "Hash Cond": "(l1.l_orderkey = l3.l_orderkey)", "Join Filter": "(l3.l_suppkey <> l1.l_suppkey)", "Plans": [{"Node Type": "Hash Join", "Parent Relationship": "Outer", "Join Type": "Inner", "Startup Cost": 3624.95, "Total Cost": 2245218.73, "Plan Rows": 152707, "Plan Width": 42, "Inner Unique": false, "Hash Cond": "(l1.l_suppkey = supplier.s_suppkey), (LLVM Optimized)", "Plans": [{"Node Type": "Seq Scan", "Parent Relationship": "Outer", "Relation Name": "lineitem", "Alias": "l1", "Startup Cost": 0.0, "Total Cost": 2165082.91, "Plan Rows": 19995678, "Plan Width": 16, "Filter": "(l_receiptdate > l_commitdate), (LLVM Optimized)"}, {"Node Type": "Hash", "Parent Relationship": "Inner", "Startup Cost": 3574.95, "Total Cost": 3574.95, "Plan Rows": 4000, "Plan Width": 34, "Plans": [{"Node Type": "Hash Join", "Parent Relationship": "Outer", "Join Type": "Inner", "Startup Cost": 1.32, "Total Cost": 3574.95, "Plan Rows": 4000, "Plan Width": 34, "Inner Unique": true, "Hash Cond": "(supplier.s_nationkey = nation.n_nationkey)", "Plans": [{"Node Type": "Seq Scan", "Parent Relationship": "Outer", "Relation Name": "supplier", "Alias": "supplier", "Startup Cost": 0.0, "Total Cost": 3283.0, "Plan Rows": 100000, "Plan Width": 38}, {"Node Type": "Hash", "Parent Relationship": "Inner", "Startup Cost": 1.31, "Total Cost": 1.31, "Plan Rows": 1, "Plan Width": 4, "Plans": [{"Node Type": "Seq Scan", "Parent Relationship": "Outer", "Relation Name": "nation", "Alias": "nation", "Startup Cost": 0.0, "Total Cost": 1.31, "Plan Rows": 1, "Plan Width": 4, "Filter": "(n_name = 'EGYPT'::bpchar)"}]}]}]}]}, {"Node Type": "Hash", "Parent Relationship": "Inner", "Startup Cost": 2165082.91, "Total Cost": 2165082.91, "Plan Rows": 19995678, "Plan Width": 16, "Plans": [{"Node Type": "Seq Scan", "Parent Relationship": "Outer", "Relation Name": "lineitem", "Alias": "l3", "Startup Cost": 0.0, "Total Cost": 2165082.91, "Plan Rows": 19995678, "Plan Width": 16, "Filter": "(l_receiptdate > l_commitdate), (LLVM Optimized)"}]}]}]}]}]}]}]}]}]}, "Unique SQL Id": 3870093320}, "explain_analyze_plan": null}, "(1, 47)": {"explain_plan": {"Plan": {"Node Type": "Limit", "Startup Cost": 6014182839649.49, "Total Cost": 6014182839649.74, "Plan Rows": 100, "Plan Width": 26, "Plans": [{"Node Type": "Sort", "Parent Relationship": "Outer", "Startup Cost": 6014182839649.49, "Total Cost": 6014182839672.42, "Plan Rows": 100, "Plan Width": 26, "Sort Key": ["(count(*)) DESC", "supplier.s_name"], "Plans": [{"Node Type": "Aggregate", "Strategy": "Hashed", "Parent Relationship": "Outer", "Startup Cost": 6014182839207.22, "Total Cost": 6014182839298.94, "Plan Rows": 9172, "Plan Width": 26, "Group By Key": ["supplier.s_name"], "Plans": [{"Node Type": "Nested Loop", "Parent Relationship": "Outer", "Join Type": "Inner", "Startup Cost": 60000000000.0, "Total Cost": 6014182839161.36, "Plan Rows": 9172, "Plan Width": 26, "Inner Unique": false, "Join Filter": "(l1.l_orderkey = orders.o_orderkey)", "Plans": [{"Node Type": "Index Scan", "Parent Relationship": "Outer", "Scan Direction": "Forward", "Index Name": "orders_pkey", "Relation Name": "orders", "Alias": "orders", "Startup Cost": 10000000000.0, "Total Cost": 1000076847713.25, "Plan Rows": 7338812, "Plan Width": 8, "Filter": "(o_orderstatus = 'F'::bpchar), (LLVM Optimized)"}, {"Node Type": "Materialize", "Parent Relationship": "Inner", "Startup Cost": 50000000000.0, "Total Cost": 5013307455332.53, "Plan Rows": 7254, "Plan Width": 42, "Plans": [{"Node Type": "Nested Loop", "Parent Relationship": "Outer", "Join Type": "Semi", "Startup Cost": 50000000000.0, "Total Cost": 5013307455296.26, "Plan Rows": 7254, "Plan Width": 42, "Inner Unique": false, "Join Filter": "((l2.l_suppkey <> l1.l_suppkey) AND (l1.l_orderkey = l2.l_orderkey))", "Plans": [{"Node Type": "Nested Loop", "Parent Relationship": "Outer", "Join Type": "Anti", "Startup Cost": 40000000000.0, "Total Cost": 4011848919915.73, "Plan Rows": 7635, "Plan Width": 42, "Inner Unique": false, "Join Filter": "((l3.l_suppkey <> l1.l_suppkey) AND (l3.l_orderkey = l1.l_orderkey))", "Plans": [{"Node Type": "Nested Loop", "Parent Relationship": "Outer", "Join Type": "Inner", "Startup Cost": 30000000000.0, "Total Cost": 3001539289162.94, "Plan Rows": 152707, "Plan Width": 42, "Inner Unique": false, "Join Filter": "(supplier.s_suppkey = l1.l_suppkey), (LLVM Optimized)", "Plans": [{"Node Type": "Index Scan", "Parent Relationship": "Outer", "Scan Direction": "Forward", "Index Name": "idx_lineitem_orderkey", "Relation Name": "lineitem", "Alias": "l1", "Startup Cost": 10000000000.0, "Total Cost": 1000339012132.75, "Plan Rows": 19995678, "Plan Width": 16, "Filter": "(l_receiptdate > l_commitdate), (LLVM Optimized)"}, {"Node Type": "Materialize", "Parent Relationship": "Inner", "Startup Cost": 20000000000.0, "Total Cost": 2000000536360.19, "Plan Rows": 4000, "Plan Width": 34, "Plans": [{"Node Type": "Nested Loop", "Parent Relationship": "Outer", "Join Type": "Inner", "Startup Cost": 20000000000.0, "Total Cost": 2000000536340.19, "Plan Rows": 4000, "Plan Width": 34, "Inner Unique": true, "Join Filter": "(supplier.s_nationkey = nation.n_nationkey)", "Plans": [{"Node Type": "Index Scan", "Parent Relationship": "Outer", "Scan Direction": "Forward", "Index Name": "supplier_pkey", "Relation Name": "supplier", "Alias": "supplier", "Startup Cost": 10000000000.0, "Total Cost": 1000000533571.43, "Plan Rows": 100000, "Plan Width": 38}, {"Node Type": "Materialize", "Parent Relationship": "Inner", "Startup Cost": 10000000000.0, "Total Cost": 1000000001268.76, "Plan Rows": 1, "Plan Width": 4, "Plans": [{"Node Type": "Index Scan", "Parent Relationship": "Outer", "Scan Direction": "Forward", "Index Name": "nation_pkey", "Relation Name": "nation", "Alias": "nation", "Startup Cost": 10000000000.0, "Total Cost": 1000000001268.75, "Plan Rows": 1, "Plan Width": 4, "Filter": "(n_name = 'EGYPT'::bpchar)"}]}]}]}]}, {"Node Type": "Materialize", "Parent Relationship": "Inner", "Startup Cost": 10000000000.0, "Total Cost": 1000339112111.14, "Plan Rows": 19995678, "Plan Width": 16, "Plans": [{"Node Type": "Index Scan", "Parent Relationship": "Outer", "Scan Direction": "Forward", "Index Name": "idx_lineitem_orderkey", "Relation Name": "lineitem", "Alias": "l3", "Startup Cost": 10000000000.0, "Total Cost": 1000339012132.75, "Plan Rows": 19995678, "Plan Width": 16, "Filter": "(l_receiptdate > l_commitdate), (LLVM Optimized)"}]}]}, {"Node Type": "Materialize", "Parent Relationship": "Inner", "Startup Cost": 10000000000.0, "Total Cost": 1000324315309.67, "Plan Rows": 59987033, "Plan Width": 16, "Plans": [{"Node Type": "Index Scan", "Parent Relationship": "Outer", "Scan Direction": "Forward", "Index Name": "idx_lineitem_orderkey", "Relation Name": "lineitem", "Alias": "l2", "Startup Cost": 10000000000.0, "Total Cost": 1000324015374.5, "Plan Rows": 59987033, "Plan Width": 16}]}]}]}]}]}]}]}, "Unique SQL Id": 3870093320}, "explain_analyze_plan": null}, "(1, 48)": {"explain_plan": {"Plan": {"Node Type": "Limit", "Startup Cost": 9216055.43, "Total Cost": 9216055.68, "Plan Rows": 100, "Plan Width": 26, "Plans": [{"Node Type": "Sort", "Parent Relationship": "Outer", "Startup Cost": 9216055.43, "Total Cost": 9216078.36, "Plan Rows": 100, "Plan Width": 26, "Sort Key": ["(count(*)) DESC", "supplier.s_name"], "Plans": [{"Node Type": "Aggregate", "Strategy": "Hashed", "Parent Relationship": "Outer", "Startup Cost": 9215613.16, "Total Cost": 9215704.88, "Plan Rows": 9172, "Plan Width": 26, "Group By Key": ["supplier.s_name"], "Plans": [{"Node Type": "Nested Loop", "Parent Relationship": "Outer", "Join Type": "Inner", "Startup Cost": 0.0, "Total Cost": 9215567.3, "Plan Rows": 9172, "Plan Width": 26, "Inner Unique": true, "Join Filter": "(l1.l_orderkey = orders.o_orderkey)", "Plans": [{"Node Type": "Nested Loop", "Parent Relationship": "Outer", "Join Type": "Semi", "Startup Cost": 0.0, "Total Cost": 9208466.93, "Plan Rows": 7254, "Plan Width": 42, "Inner Unique": false, "Plans": [{"Node Type": "Nested Loop", "Parent Relationship": "Outer", "Join Type": "Inner", "Startup Cost": 0.0, "Total Cost": 9206611.37, "Plan Rows": 7635, "Plan Width": 42, "Inner Unique": false, "Join Filter": "(supplier.s_nationkey = nation.n_nationkey)", "Plans": [{"Node Type": "Seq Scan", "Parent Relationship": "Outer", "Relation Name": "nation", "Alias": "nation", "Startup Cost": 0.0, "Total Cost": 1.31, "Plan Rows": 1, "Plan Width": 4, "Filter": "(n_name = 'EGYPT'::bpchar)"}, {"Node Type": "Nested Loop", "Parent Relationship": "Inner", "Join Type": "Inner", "Startup Cost": 0.0, "Total Cost": 9204224.0, "Plan Rows": 190884, "Plan Width": 46, "Inner Unique": true, "Plans": [{"Node Type": "Nested Loop", "Parent Relationship": "Outer", "Join Type": "Anti", "Startup Cost": 0.0, "Total Cost": 8343730.42, "Plan Rows": 999784, "Plan Width": 16, "Inner Unique": false, "Plans": [{"Node Type": "Seq Scan", "Parent Relationship": "Outer", "Relation Name": "lineitem", "Alias": "l1", "Startup Cost": 0.0, "Total Cost": 2165082.91, "Plan Rows": 19995678, "Plan Width": 16, "Filter": "(l_receiptdate > l_commitdate), (LLVM Optimized)"}, {"Node Type": "Index Scan", "Parent Relationship": "Inner", "Scan Direction": "Forward", "Index Name": "idx_lineitem_orderkey", "Relation Name": "lineitem", "Alias": "l3", "Startup Cost": 0.0, "Total Cost": 1.63, "Plan Rows": 3, "Plan Width": 16, "Index Cond": "(l_orderkey = l1.l_orderkey)", "Filter": "((l_receiptdate > l_commitdate) AND (l_suppkey <> l1.l_suppkey))"}]}, {"Node Type": "Index Scan", "Parent Relationship": "Inner", "Scan Direction": "Forward", "Index Name": "supplier_pkey", "Relation Name": "supplier", "Alias": "supplier", "Startup Cost": 0.0, "Total Cost": 0.85, "Plan Rows": 1, "Plan Width": 38, "Index Cond": "(s_suppkey = l1.l_suppkey)"}]}]}, {"Node Type": "Index Scan", "Parent Relationship": "Inner", "Scan Direction": "Forward", "Index Name": "idx_lineitem_orderkey", "Relation Name": "lineitem", "Alias": "l2", "Startup Cost": 0.0, "Total Cost": 1.63, "Plan Rows": 9, "Plan Width": 16, "Index Cond": "(l_orderkey = l1.l_orderkey)", "Filter": "(l_suppkey <> l1.l_suppkey)"}]}, {"Node Type": "Index Scan", "Parent Relationship": "Inner", "Scan Direction": "Forward", "Index Name": "orders_pkey", "Relation Name": "orders", "Alias": "orders", "Startup Cost": 0.0, "Total Cost": 0.97, "Plan Rows": 1, "Plan Width": 8, "Index Cond": "(o_orderkey = l2.l_orderkey)", "Filter": "(o_orderstatus = 'F'::bpchar)"}]}]}]}]}, "Unique SQL Id": 3870093320}, "explain_analyze_plan": null}, "(1, 49)": {"explain_plan": {"Plan": {"Node Type": "Limit", "Startup Cost": 10441582.43, "Total Cost": 10441582.68, "Plan Rows": 100, "Plan Width": 26, "Plans": [{"Node Type": "Sort", "Parent Relationship": "Outer", "Startup Cost": 10441582.43, "Total Cost": 10441605.36, "Plan Rows": 100, "Plan Width": 26, "Sort Key": ["(count(*)) DESC", "supplier.s_name"], "Plans": [{"Node Type": "Aggregate", "Strategy": "Hashed", "Parent Relationship": "Outer", "Startup Cost": 10441140.16, "Total Cost": 10441231.88, "Plan Rows": 9172, "Plan Width": 26, "Group By Key": ["supplier.s_name"], "Plans": [{"Node Type": "Nested Loop", "Parent Relationship": "Outer", "Join Type": "Inner", "Startup Cost": 0.0, "Total Cost": 10441094.3, "Plan Rows": 9172, "Plan Width": 26, "Inner Unique": true, "Join Filter": "(l1.l_orderkey = orders.o_orderkey)", "Plans": [{"Node Type": "Nested Loop", "Parent Relationship": "Outer", "Join Type": "Semi", "Startup Cost": 0.0, "Total Cost": 10433993.93, "Plan Rows": 7254, "Plan Width": 42, "Inner Unique": false, "Plans": [{"Node Type": "Nested Loop", "Parent Relationship": "Outer", "Join Type": "Inner", "Startup Cost": 0.0, "Total Cost": 10432138.37, "Plan Rows": 7635, "Plan Width": 42, "Inner Unique": true, "Join Filter": "(supplier.s_nationkey = nation.n_nationkey)", "Plans": [{"Node Type": "Nested Loop", "Parent Relationship": "Outer", "Join Type": "Inner", "Startup Cost": 0.0, "Total Cost": 10429262.42, "Plan Rows": 190884, "Plan Width": 46, "Inner Unique": true, "Plans": [{"Node Type": "Nested Loop", "Parent Relationship": "Outer", "Join Type": "Anti", "Startup Cost": 0.0, "Total Cost": 9568768.84, "Plan Rows": 999784, "Plan Width": 16, "Inner Unique": false, "Plans": [{"Node Type": "Index Scan", "Parent Relationship": "Outer", "Scan Direction": "Forward", "Index Name": "idx_lineitem_orderkey", "Relation Name": "lineitem", "Alias": "l1", "Startup Cost": 0.0, "Total Cost": 3390121.33, "Plan Rows": 19995678, "Plan Width": 16, "Filter": "(l_receiptdate > l_commitdate), (LLVM Optimized)"}, {"Node Type": "Index Scan", "Parent Relationship": "Inner", "Scan Direction": "Forward", "Index Name": "idx_lineitem_orderkey", "Relation Name": "lineitem", "Alias": "l3", "Startup Cost": 0.0, "Total Cost": 1.63, "Plan Rows": 3, "Plan Width": 16, "Index Cond": "(l_orderkey = l1.l_orderkey)", "Filter": "((l_receiptdate > l_commitdate) AND (l_suppkey <> l1.l_suppkey))"}]}, {"Node Type": "Index Scan", "Parent Relationship": "Inner", "Scan Direction": "Forward", "Index Name": "supplier_pkey", "Relation Name": "supplier", "Alias": "supplier", "Startup Cost": 0.0, "Total Cost": 0.85, "Plan Rows": 1, "Plan Width": 38, "Index Cond": "(s_suppkey = l1.l_suppkey)"}]}, {"Node Type": "Materialize", "Parent Relationship": "Inner", "Startup Cost": 0.0, "Total Cost": 12.69, "Plan Rows": 1, "Plan Width": 4, "Plans": [{"Node Type": "Index Scan", "Parent Relationship": "Outer", "Scan Direction": "Forward", "Index Name": "nation_pkey", "Relation Name": "nation", "Alias": "nation", "Startup Cost": 0.0, "Total Cost": 12.69, "Plan Rows": 1, "Plan Width": 4, "Filter": "(n_name = 'EGYPT'::bpchar)"}]}]}, {"Node Type": "Index Scan", "Parent Relationship": "Inner", "Scan Direction": "Forward", "Index Name": "idx_lineitem_orderkey", "Relation Name": "lineitem", "Alias": "l2", "Startup Cost": 0.0, "Total Cost": 1.63, "Plan Rows": 9, "Plan Width": 16, "Index Cond": "(l_orderkey = l1.l_orderkey)", "Filter": "(l_suppkey <> l1.l_suppkey)"}]}, {"Node Type": "Index Scan", "Parent Relationship": "Inner", "Scan Direction": "Forward", "Index Name": "orders_pkey", "Relation Name": "orders", "Alias": "orders", "Startup Cost": 0.0, "Total Cost": 0.97, "Plan Rows": 1, "Plan Width": 8, "Index Cond": "(o_orderkey = l2.l_orderkey)", "Filter": "(o_orderstatus = 'F'::bpchar)"}]}]}]}]}, "Unique SQL Id": 3870093320}, "explain_analyze_plan": null}, "(1, 50)": {"explain_plan": {"Plan": {"Node Type": "Limit", "Startup Cost": 53755258.66, "Total Cost": 53755258.91, "Plan Rows": 100, "Plan Width": 26, "Plans": [{"Node Type": "Sort", "Parent Relationship": "Outer", "Startup Cost": 53755258.66, "Total Cost": 53755281.59, "Plan Rows": 100, "Plan Width": 26, "Sort Key": ["(count(*)) DESC", "supplier.s_name"], "Plans": [{"Node Type": "Aggregate", "Strategy": "Hashed", "Parent Relationship": "Outer", "Startup Cost": 53754816.39, "Total Cost": 53754908.11, "Plan Rows": 9172, "Plan Width": 26, "Group By Key": ["supplier.s_name"], "Plans": [{"Node Type": "Nested Loop", "Parent Relationship": "Outer", "Join Type": "Inner", "Startup Cost": 2.79, "Total Cost": 53754770.53, "Plan Rows": 9172, "Plan Width": 26, "Inner Unique": true, "Join Filter": "(l1.l_orderkey = orders.o_orderkey)", "Plans": [{"Node Type": "Nested Loop", "Parent Relationship": "Outer", "Join Type": "Semi", "Startup Cost": 2.19, "Total Cost": 53721209.77, "Plan Rows": 7254, "Plan Width": 42, "Inner Unique": false, "Plans": [{"Node Type": "Nested Loop", "Parent Relationship": "Outer", "Join Type": "Inner", "Startup Cost": 1.37, "Total Cost": 53706031.22, "Plan Rows": 7635, "Plan Width": 42, "Inner Unique": false, "Join Filter": "(supplier.s_nationkey = nation.n_nationkey)", "Plans": [{"Node Type": "Seq Scan", "Parent Relationship": "Outer", "Relation Name": "nation", "Alias": "nation", "Startup Cost": 0.0, "Total Cost": 1.31, "Plan Rows": 1, "Plan Width": 4, "Filter": "(n_name = 'EGYPT'::bpchar)"}, {"Node Type": "Nested Loop", "Parent Relationship": "Inner", "Join Type": "Inner", "Startup Cost": 1.37, "Total Cost": 53703643.85, "Plan Rows": 190884, "Plan Width": 46, "Inner Unique": true, "Plans": [{"Node Type": "Nested Loop", "Parent Relationship": "Outer", "Join Type": "Anti", "Startup Cost": 0.82, "Total Cost": 49134912.96, "Plan Rows": 999784, "Plan Width": 16, "Inner Unique": false, "Plans": [{"Node Type": "Seq Scan", "Parent Relationship": "Outer", "Relation Name": "lineitem", "Alias": "l1", "Startup Cost": 0.0, "Total Cost": 2165082.91, "Plan Rows": 19995678, "Plan Width": 16, "Filter": "(l_receiptdate > l_commitdate), (LLVM Optimized)"}, {"Node Type": "Bitmap Heap Scan", "Parent Relationship": "Inner", "Relation Name": "lineitem", "Alias": "l3", "Startup Cost": 0.82, "Total Cost": 8.97, "Plan Rows": 3, "Plan Width": 16, "Recheck Cond": "(l_orderkey = l1.l_orderkey)", "Filter": "((l_receiptdate > l_commitdate) AND (l_suppkey <> l1.l_suppkey))", "Plans": [{"Node Type": "Bitmap Index Scan", "Parent Relationship": "Outer", "Index Name": "idx_lineitem_orderkey", "Startup Cost": 0.0, "Total Cost": 0.82, "Plan Rows": 9, "Plan Width": 0, "Index Cond": "(l_orderkey = l1.l_orderkey)"}]}]}, {"Node Type": "Bitmap Heap Scan", "Parent Relationship": "Inner", "Relation Name": "supplier", "Alias": "supplier", "Startup Cost": 0.55, "Total Cost": 4.56, "Plan Rows": 1, "Plan Width": 38, "Recheck Cond": "(s_suppkey = l1.l_suppkey)", "Plans": [{"Node Type": "Bitmap Index Scan", "Parent Relationship": "Outer", "Index Name": "supplier_pkey", "Startup Cost": 0.0, "Total Cost": 0.55, "Plan Rows": 1, "Plan Width": 0, "Index Cond": "(s_suppkey = l1.l_suppkey)"}]}]}]}, {"Node Type": "Bitmap Heap Scan", "Parent Relationship": "Inner", "Relation Name": "lineitem", "Alias": "l2", "Startup Cost": 0.82, "Total Cost": 8.95, "Plan Rows": 9, "Plan Width": 16, "Recheck Cond": "(l_orderkey = l1.l_orderkey)", "Filter": "(l_suppkey <> l1.l_suppkey)", "Plans": [{"Node Type": "Bitmap Index Scan", "Parent Relationship": "Outer", "Index Name": "idx_lineitem_orderkey", "Startup Cost": 0.0, "Total Cost": 0.82, "Plan Rows": 9, "Plan Width": 0, "Index Cond": "(l_orderkey = l1.l_orderkey)"}]}]}, {"Node Type": "Bitmap Heap Scan", "Parent Relationship": "Inner", "Relation Name": "orders", "Alias": "orders", "Startup Cost": 0.6, "Total Cost": 4.61, "Plan Rows": 1, "Plan Width": 8, "Recheck Cond": "(o_orderkey = l2.l_orderkey)", "Filter": "(o_orderstatus = 'F'::bpchar)", "Plans": [{"Node Type": "Bitmap Index Scan", "Parent Relationship": "Outer", "Index Name": "orders_pkey", "Startup Cost": 0.0, "Total Cost": 0.6, "Plan Rows": 1, "Plan Width": 0, "Index Cond": "(o_orderkey = l2.l_orderkey)"}]}]}]}]}]}, "Unique SQL Id": 3870093320}, "explain_analyze_plan": null}, "(1, 51)": {"explain_plan": {"Plan": {"Node Type": "Limit", "Startup Cost": 1000209392502.29, "Total Cost": 1000209392502.54, "Plan Rows": 100, "Plan Width": 26, "Plans": [{"Node Type": "Sort", "Parent Relationship": "Outer", "Startup Cost": 1000209392502.29, "Total Cost": 1000209392525.22, "Plan Rows": 100, "Plan Width": 26, "Sort Key": ["(count(*)) DESC", "supplier.s_name"], "Plans": [{"Node Type": "Aggregate", "Strategy": "Hashed", "Parent Relationship": "Outer", "Startup Cost": 1000209392060.03, "Total Cost": 1000209392151.75, "Plan Rows": 9172, "Plan Width": 26, "Group By Key": ["supplier.s_name"], "Plans": [{"Node Type": "Nested Loop", "Parent Relationship": "Outer", "Join Type": "Semi", "Startup Cost": 10000000003.33, "Total Cost": 1000209392014.17, "Plan Rows": 9172, "Plan Width": 26, "Inner Unique": false, "Join Filter": "(orders.o_orderkey = l2.l_orderkey)", "Plans": [{"Node Type": "Nested Loop", "Parent Relationship": "Outer", "Join Type": "Inner", "Startup Cost": 10000000002.51, "Total Cost": 1000209365752.63, "Plan Rows": 9655, "Plan Width": 50, "Inner Unique": true, "Plans": [{"Node Type": "Nested Loop", "Parent Relationship": "Outer", "Join Type": "Inner", "Startup Cost": 10000000002.25, "Total Cost": 1000208331993.1, "Plan Rows": 241373, "Plan Width": 54, "Inner Unique": true, "Plans": [{"Node Type": "Nested Loop", "Parent Relationship": "Outer", "Join Type": "Anti", "Startup Cost": 10000000001.7, "Total Cost": 1000202554809.43, "Plan Rows": 1264232, "Plan Width": 24, "Inner Unique": false, "Plans": [{"Node Type": "Nested Loop", "Parent Relationship": "Outer", "Join Type": "Inner", "Startup Cost": 10000000000.88, "Total Cost": 1000143161213.03, "Plan Rows": 25284641, "Plan Width": 24, "Inner Unique": false, "Plans": [{"Node Type": "Index Scan", "Parent Relationship": "Outer", "Scan Direction": "Forward", "Index Name": "orders_pkey", "Relation Name": "orders", "Alias": "orders", "Startup Cost": 10000000000.0, "Total Cost": 1000076847713.25, "Plan Rows": 7338812, "Plan Width": 8, "Filter": "(o_orderstatus = 'F'::bpchar), (LLVM Optimized)"}, {"Node Type": "Bitmap Heap Scan", "Parent Relationship": "Inner", "Relation Name": "lineitem", "Alias": "l1", "Startup Cost": 0.88, "Total Cost": 9.01, "Plan Rows": 3, "Plan Width": 16, "Recheck Cond": "(l_orderkey = orders.o_orderkey)", "Filter": "(l_receiptdate > l_commitdate)", "Plans": [{"Node Type": "Bitmap Index Scan", "Parent Relationship": "Outer", "Index Name": "idx_lineitem_orderkey", "Startup Cost": 0.0, "Total Cost": 0.88, "Plan Rows": 9, "Plan Width": 0, "Index Cond": "(l_orderkey = orders.o_orderkey)"}]}]}, {"Node Type": "Bitmap Heap Scan", "Parent Relationship": "Inner", "Relation Name": "lineitem", "Alias": "l3", "Startup Cost": 0.82, "Total Cost": 8.97, "Plan Rows": 3, "Plan Width": 16, "Recheck Cond": "(l_orderkey = l1.l_orderkey)", "Filter": "((l_receiptdate > l_commitdate) AND (l_suppkey <> l1.l_suppkey))", "Plans": [{"Node Type": "Bitmap Index Scan", "Parent Relationship": "Outer", "Index Name": "idx_lineitem_orderkey", "Startup Cost": 0.0, "Total Cost": 0.82, "Plan Rows": 9, "Plan Width": 0, "Index Cond": "(l_orderkey = l1.l_orderkey)"}]}]}, {"Node Type": "Bitmap Heap Scan", "Parent Relationship": "Inner", "Relation Name": "supplier", "Alias": "supplier", "Startup Cost": 0.55, "Total Cost": 4.56, "Plan Rows": 1, "Plan Width": 38, "Recheck Cond": "(s_suppkey = l1.l_suppkey)", "Plans": [{"Node Type": "Bitmap Index Scan", "Parent Relationship": "Outer", "Index Name": "supplier_pkey", "Startup Cost": 0.0, "Total Cost": 0.55, "Plan Rows": 1, "Plan Width": 0, "Index Cond": "(s_suppkey = l1.l_suppkey)"}]}]}, {"Node Type": "Bitmap Heap Scan", "Parent Relationship": "Inner", "Relation Name": "nation", "Alias": "nation", "Startup Cost": 0.26, "Total Cost": 4.27, "Plan Rows": 1, "Plan Width": 4, "Recheck Cond": "(n_nationkey = supplier.s_nationkey)", "Filter": "(n_name = 'EGYPT'::bpchar)", "Plans": [{"Node Type": "Bitmap Index Scan", "Parent Relationship": "Outer", "Index Name": "nation_pkey", "Startup Cost": 0.0, "Total Cost": 0.26, "Plan Rows": 1, "Plan Width": 0, "Index Cond": "(n_nationkey = supplier.s_nationkey)"}]}]}, {"Node Type": "Bitmap Heap Scan", "Parent Relationship": "Inner", "Relation Name": "lineitem", "Alias": "l2", "Startup Cost": 0.82, "Total Cost": 8.95, "Plan Rows": 9, "Plan Width": 16, "Recheck Cond": "(l_orderkey = l1.l_orderkey)", "Filter": "(l_suppkey <> l1.l_suppkey)", "Plans": [{"Node Type": "Bitmap Index Scan", "Parent Relationship": "Outer", "Index Name": "idx_lineitem_orderkey", "Startup Cost": 0.0, "Total Cost": 0.82, "Plan Rows": 9, "Plan Width": 0, "Index Cond": "(l_orderkey = l1.l_orderkey)"}]}]}]}]}]}, "Unique SQL Id": 3870093320}, "explain_analyze_plan": null}, "(1, 52)": {"explain_plan": {"Plan": {"Node Type": "Limit", "Startup Cost": 9216055.43, "Total Cost": 9216055.68, "Plan Rows": 100, "Plan Width": 26, "Plans": [{"Node Type": "Sort", "Parent Relationship": "Outer", "Startup Cost": 9216055.43, "Total Cost": 9216078.36, "Plan Rows": 100, "Plan Width": 26, "Sort Key": ["(count(*)) DESC", "supplier.s_name"], "Plans": [{"Node Type": "Aggregate", "Strategy": "Hashed", "Parent Relationship": "Outer", "Startup Cost": 9215613.16, "Total Cost": 9215704.88, "Plan Rows": 9172, "Plan Width": 26, "Group By Key": ["supplier.s_name"], "Plans": [{"Node Type": "Nested Loop", "Parent Relationship": "Outer", "Join Type": "Inner", "Startup Cost": 0.0, "Total Cost": 9215567.3, "Plan Rows": 9172, "Plan Width": 26, "Inner Unique": true, "Join Filter": "(l1.l_orderkey = orders.o_orderkey)", "Plans": [{"Node Type": "Nested Loop", "Parent Relationship": "Outer", "Join Type": "Semi", "Startup Cost": 0.0, "Total Cost": 9208466.93, "Plan Rows": 7254, "Plan Width": 42, "Inner Unique": false, "Plans": [{"Node Type": "Nested Loop", "Parent Relationship": "Outer", "Join Type": "Inner", "Startup Cost": 0.0, "Total Cost": 9206611.37, "Plan Rows": 7635, "Plan Width": 42, "Inner Unique": false, "Join Filter": "(supplier.s_nationkey = nation.n_nationkey)", "Plans": [{"Node Type": "Seq Scan", "Parent Relationship": "Outer", "Relation Name": "nation", "Alias": "nation", "Startup Cost": 0.0, "Total Cost": 1.31, "Plan Rows": 1, "Plan Width": 4, "Filter": "(n_name = 'EGYPT'::bpchar)"}, {"Node Type": "Nested Loop", "Parent Relationship": "Inner", "Join Type": "Inner", "Startup Cost": 0.0, "Total Cost": 9204224.0, "Plan Rows": 190884, "Plan Width": 46, "Inner Unique": true, "Plans": [{"Node Type": "Nested Loop", "Parent Relationship": "Outer", "Join Type": "Anti", "Startup Cost": 0.0, "Total Cost": 8343730.42, "Plan Rows": 999784, "Plan Width": 16, "Inner Unique": false, "Plans": [{"Node Type": "Seq Scan", "Parent Relationship": "Outer", "Relation Name": "lineitem", "Alias": "l1", "Startup Cost": 0.0, "Total Cost": 2165082.91, "Plan Rows": 19995678, "Plan Width": 16, "Filter": "(l_receiptdate > l_commitdate), (LLVM Optimized)"}, {"Node Type": "Index Scan", "Parent Relationship": "Inner", "Scan Direction": "Forward", "Index Name": "idx_lineitem_orderkey", "Relation Name": "lineitem", "Alias": "l3", "Startup Cost": 0.0, "Total Cost": 1.63, "Plan Rows": 3, "Plan Width": 16, "Index Cond": "(l_orderkey = l1.l_orderkey)", "Filter": "((l_receiptdate > l_commitdate) AND (l_suppkey <> l1.l_suppkey))"}]}, {"Node Type": "Index Scan", "Parent Relationship": "Inner", "Scan Direction": "Forward", "Index Name": "supplier_pkey", "Relation Name": "supplier", "Alias": "supplier", "Startup Cost": 0.0, "Total Cost": 0.85, "Plan Rows": 1, "Plan Width": 38, "Index Cond": "(s_suppkey = l1.l_suppkey)"}]}]}, {"Node Type": "Index Scan", "Parent Relationship": "Inner", "Scan Direction": "Forward", "Index Name": "idx_lineitem_orderkey", "Relation Name": "lineitem", "Alias": "l2", "Startup Cost": 0.0, "Total Cost": 1.63, "Plan Rows": 9, "Plan Width": 16, "Index Cond": "(l_orderkey = l1.l_orderkey)", "Filter": "(l_suppkey <> l1.l_suppkey)"}]}, {"Node Type": "Index Scan", "Parent Relationship": "Inner", "Scan Direction": "Forward", "Index Name": "orders_pkey", "Relation Name": "orders", "Alias": "orders", "Startup Cost": 0.0, "Total Cost": 0.97, "Plan Rows": 1, "Plan Width": 8, "Index Cond": "(o_orderkey = l2.l_orderkey)", "Filter": "(o_orderstatus = 'F'::bpchar)"}]}]}]}]}, "Unique SQL Id": 3870093320}, "explain_analyze_plan": null}, "(1, 53)": {"explain_plan": {"Plan": {"Node Type": "Limit", "Startup Cost": 10441582.43, "Total Cost": 10441582.68, "Plan Rows": 100, "Plan Width": 26, "Plans": [{"Node Type": "Sort", "Parent Relationship": "Outer", "Startup Cost": 10441582.43, "Total Cost": 10441605.36, "Plan Rows": 100, "Plan Width": 26, "Sort Key": ["(count(*)) DESC", "supplier.s_name"], "Plans": [{"Node Type": "Aggregate", "Strategy": "Hashed", "Parent Relationship": "Outer", "Startup Cost": 10441140.16, "Total Cost": 10441231.88, "Plan Rows": 9172, "Plan Width": 26, "Group By Key": ["supplier.s_name"], "Plans": [{"Node Type": "Nested Loop", "Parent Relationship": "Outer", "Join Type": "Inner", "Startup Cost": 0.0, "Total Cost": 10441094.3, "Plan Rows": 9172, "Plan Width": 26, "Inner Unique": true, "Join Filter": "(l1.l_orderkey = orders.o_orderkey)", "Plans": [{"Node Type": "Nested Loop", "Parent Relationship": "Outer", "Join Type": "Semi", "Startup Cost": 0.0, "Total Cost": 10433993.93, "Plan Rows": 7254, "Plan Width": 42, "Inner Unique": false, "Plans": [{"Node Type": "Nested Loop", "Parent Relationship": "Outer", "Join Type": "Inner", "Startup Cost": 0.0, "Total Cost": 10432138.37, "Plan Rows": 7635, "Plan Width": 42, "Inner Unique": true, "Join Filter": "(supplier.s_nationkey = nation.n_nationkey)", "Plans": [{"Node Type": "Nested Loop", "Parent Relationship": "Outer", "Join Type": "Inner", "Startup Cost": 0.0, "Total Cost": 10429262.42, "Plan Rows": 190884, "Plan Width": 46, "Inner Unique": true, "Plans": [{"Node Type": "Nested Loop", "Parent Relationship": "Outer", "Join Type": "Anti", "Startup Cost": 0.0, "Total Cost": 9568768.84, "Plan Rows": 999784, "Plan Width": 16, "Inner Unique": false, "Plans": [{"Node Type": "Index Scan", "Parent Relationship": "Outer", "Scan Direction": "Forward", "Index Name": "idx_lineitem_orderkey", "Relation Name": "lineitem", "Alias": "l1", "Startup Cost": 0.0, "Total Cost": 3390121.33, "Plan Rows": 19995678, "Plan Width": 16, "Filter": "(l_receiptdate > l_commitdate), (LLVM Optimized)"}, {"Node Type": "Index Scan", "Parent Relationship": "Inner", "Scan Direction": "Forward", "Index Name": "idx_lineitem_orderkey", "Relation Name": "lineitem", "Alias": "l3", "Startup Cost": 0.0, "Total Cost": 1.63, "Plan Rows": 3, "Plan Width": 16, "Index Cond": "(l_orderkey = l1.l_orderkey)", "Filter": "((l_receiptdate > l_commitdate) AND (l_suppkey <> l1.l_suppkey))"}]}, {"Node Type": "Index Scan", "Parent Relationship": "Inner", "Scan Direction": "Forward", "Index Name": "supplier_pkey", "Relation Name": "supplier", "Alias": "supplier", "Startup Cost": 0.0, "Total Cost": 0.85, "Plan Rows": 1, "Plan Width": 38, "Index Cond": "(s_suppkey = l1.l_suppkey)"}]}, {"Node Type": "Materialize", "Parent Relationship": "Inner", "Startup Cost": 0.0, "Total Cost": 12.69, "Plan Rows": 1, "Plan Width": 4, "Plans": [{"Node Type": "Index Scan", "Parent Relationship": "Outer", "Scan Direction": "Forward", "Index Name": "nation_pkey", "Relation Name": "nation", "Alias": "nation", "Startup Cost": 0.0, "Total Cost": 12.69, "Plan Rows": 1, "Plan Width": 4, "Filter": "(n_name = 'EGYPT'::bpchar)"}]}]}, {"Node Type": "Index Scan", "Parent Relationship": "Inner", "Scan Direction": "Forward", "Index Name": "idx_lineitem_orderkey", "Relation Name": "lineitem", "Alias": "l2", "Startup Cost": 0.0, "Total Cost": 1.63, "Plan Rows": 9, "Plan Width": 16, "Index Cond": "(l_orderkey = l1.l_orderkey)", "Filter": "(l_suppkey <> l1.l_suppkey)"}]}, {"Node Type": "Index Scan", "Parent Relationship": "Inner", "Scan Direction": "Forward", "Index Name": "orders_pkey", "Relation Name": "orders", "Alias": "orders", "Startup Cost": 0.0, "Total Cost": 0.97, "Plan Rows": 1, "Plan Width": 8, "Index Cond": "(o_orderkey = l2.l_orderkey)", "Filter": "(o_orderstatus = 'F'::bpchar)"}]}]}]}]}, "Unique SQL Id": 3870093320}, "explain_analyze_plan": null}, "(1, 54)": {"explain_plan": {"Plan": {"Node Type": "Limit", "Startup Cost": 53755258.66, "Total Cost": 53755258.91, "Plan Rows": 100, "Plan Width": 26, "Plans": [{"Node Type": "Sort", "Parent Relationship": "Outer", "Startup Cost": 53755258.66, "Total Cost": 53755281.59, "Plan Rows": 100, "Plan Width": 26, "Sort Key": ["(count(*)) DESC", "supplier.s_name"], "Plans": [{"Node Type": "Aggregate", "Strategy": "Hashed", "Parent Relationship": "Outer", "Startup Cost": 53754816.39, "Total Cost": 53754908.11, "Plan Rows": 9172, "Plan Width": 26, "Group By Key": ["supplier.s_name"], "Plans": [{"Node Type": "Nested Loop", "Parent Relationship": "Outer", "Join Type": "Inner", "Startup Cost": 2.79, "Total Cost": 53754770.53, "Plan Rows": 9172, "Plan Width": 26, "Inner Unique": true, "Join Filter": "(l1.l_orderkey = orders.o_orderkey)", "Plans": [{"Node Type": "Nested Loop", "Parent Relationship": "Outer", "Join Type": "Semi", "Startup Cost": 2.19, "Total Cost": 53721209.77, "Plan Rows": 7254, "Plan Width": 42, "Inner Unique": false, "Plans": [{"Node Type": "Nested Loop", "Parent Relationship": "Outer", "Join Type": "Inner", "Startup Cost": 1.37, "Total Cost": 53706031.22, "Plan Rows": 7635, "Plan Width": 42, "Inner Unique": false, "Join Filter": "(supplier.s_nationkey = nation.n_nationkey)", "Plans": [{"Node Type": "Seq Scan", "Parent Relationship": "Outer", "Relation Name": "nation", "Alias": "nation", "Startup Cost": 0.0, "Total Cost": 1.31, "Plan Rows": 1, "Plan Width": 4, "Filter": "(n_name = 'EGYPT'::bpchar)"}, {"Node Type": "Nested Loop", "Parent Relationship": "Inner", "Join Type": "Inner", "Startup Cost": 1.37, "Total Cost": 53703643.85, "Plan Rows": 190884, "Plan Width": 46, "Inner Unique": true, "Plans": [{"Node Type": "Nested Loop", "Parent Relationship": "Outer", "Join Type": "Anti", "Startup Cost": 0.82, "Total Cost": 49134912.96, "Plan Rows": 999784, "Plan Width": 16, "Inner Unique": false, "Plans": [{"Node Type": "Seq Scan", "Parent Relationship": "Outer", "Relation Name": "lineitem", "Alias": "l1", "Startup Cost": 0.0, "Total Cost": 2165082.91, "Plan Rows": 19995678, "Plan Width": 16, "Filter": "(l_receiptdate > l_commitdate), (LLVM Optimized)"}, {"Node Type": "Bitmap Heap Scan", "Parent Relationship": "Inner", "Relation Name": "lineitem", "Alias": "l3", "Startup Cost": 0.82, "Total Cost": 8.97, "Plan Rows": 3, "Plan Width": 16, "Recheck Cond": "(l_orderkey = l1.l_orderkey)", "Filter": "((l_receiptdate > l_commitdate) AND (l_suppkey <> l1.l_suppkey))", "Plans": [{"Node Type": "Bitmap Index Scan", "Parent Relationship": "Outer", "Index Name": "idx_lineitem_orderkey", "Startup Cost": 0.0, "Total Cost": 0.82, "Plan Rows": 9, "Plan Width": 0, "Index Cond": "(l_orderkey = l1.l_orderkey)"}]}]}, {"Node Type": "Bitmap Heap Scan", "Parent Relationship": "Inner", "Relation Name": "supplier", "Alias": "supplier", "Startup Cost": 0.55, "Total Cost": 4.56, "Plan Rows": 1, "Plan Width": 38, "Recheck Cond": "(s_suppkey = l1.l_suppkey)", "Plans": [{"Node Type": "Bitmap Index Scan", "Parent Relationship": "Outer", "Index Name": "supplier_pkey", "Startup Cost": 0.0, "Total Cost": 0.55, "Plan Rows": 1, "Plan Width": 0, "Index Cond": "(s_suppkey = l1.l_suppkey)"}]}]}]}, {"Node Type": "Bitmap Heap Scan", "Parent Relationship": "Inner", "Relation Name": "lineitem", "Alias": "l2", "Startup Cost": 0.82, "Total Cost": 8.95, "Plan Rows": 9, "Plan Width": 16, "Recheck Cond": "(l_orderkey = l1.l_orderkey)", "Filter": "(l_suppkey <> l1.l_suppkey)", "Plans": [{"Node Type": "Bitmap Index Scan", "Parent Relationship": "Outer", "Index Name": "idx_lineitem_orderkey", "Startup Cost": 0.0, "Total Cost": 0.82, "Plan Rows": 9, "Plan Width": 0, "Index Cond": "(l_orderkey = l1.l_orderkey)"}]}]}, {"Node Type": "Bitmap Heap Scan", "Parent Relationship": "Inner", "Relation Name": "orders", "Alias": "orders", "Startup Cost": 0.6, "Total Cost": 4.61, "Plan Rows": 1, "Plan Width": 8, "Recheck Cond": "(o_orderkey = l2.l_orderkey)", "Filter": "(o_orderstatus = 'F'::bpchar)", "Plans": [{"Node Type": "Bitmap Index Scan", "Parent Relationship": "Outer", "Index Name": "orders_pkey", "Startup Cost": 0.0, "Total Cost": 0.6, "Plan Rows": 1, "Plan Width": 0, "Index Cond": "(o_orderkey = l2.l_orderkey)"}]}]}]}]}]}, "Unique SQL Id": 3870093320}, "explain_analyze_plan": null}, "(1, 55)": {"explain_plan": {"Plan": {"Node Type": "Limit", "Startup Cost": 1000209392502.29, "Total Cost": 1000209392502.54, "Plan Rows": 100, "Plan Width": 26, "Plans": [{"Node Type": "Sort", "Parent Relationship": "Outer", "Startup Cost": 1000209392502.29, "Total Cost": 1000209392525.22, "Plan Rows": 100, "Plan Width": 26, "Sort Key": ["(count(*)) DESC", "supplier.s_name"], "Plans": [{"Node Type": "Aggregate", "Strategy": "Hashed", "Parent Relationship": "Outer", "Startup Cost": 1000209392060.03, "Total Cost": 1000209392151.75, "Plan Rows": 9172, "Plan Width": 26, "Group By Key": ["supplier.s_name"], "Plans": [{"Node Type": "Nested Loop", "Parent Relationship": "Outer", "Join Type": "Semi", "Startup Cost": 10000000003.33, "Total Cost": 1000209392014.17, "Plan Rows": 9172, "Plan Width": 26, "Inner Unique": false, "Join Filter": "(orders.o_orderkey = l2.l_orderkey)", "Plans": [{"Node Type": "Nested Loop", "Parent Relationship": "Outer", "Join Type": "Inner", "Startup Cost": 10000000002.51, "Total Cost": 1000209365752.63, "Plan Rows": 9655, "Plan Width": 50, "Inner Unique": true, "Plans": [{"Node Type": "Nested Loop", "Parent Relationship": "Outer", "Join Type": "Inner", "Startup Cost": 10000000002.25, "Total Cost": 1000208331993.1, "Plan Rows": 241373, "Plan Width": 54, "Inner Unique": true, "Plans": [{"Node Type": "Nested Loop", "Parent Relationship": "Outer", "Join Type": "Anti", "Startup Cost": 10000000001.7, "Total Cost": 1000202554809.43, "Plan Rows": 1264232, "Plan Width": 24, "Inner Unique": false, "Plans": [{"Node Type": "Nested Loop", "Parent Relationship": "Outer", "Join Type": "Inner", "Startup Cost": 10000000000.88, "Total Cost": 1000143161213.03, "Plan Rows": 25284641, "Plan Width": 24, "Inner Unique": false, "Plans": [{"Node Type": "Index Scan", "Parent Relationship": "Outer", "Scan Direction": "Forward", "Index Name": "orders_pkey", "Relation Name": "orders", "Alias": "orders", "Startup Cost": 10000000000.0, "Total Cost": 1000076847713.25, "Plan Rows": 7338812, "Plan Width": 8, "Filter": "(o_orderstatus = 'F'::bpchar), (LLVM Optimized)"}, {"Node Type": "Bitmap Heap Scan", "Parent Relationship": "Inner", "Relation Name": "lineitem", "Alias": "l1", "Startup Cost": 0.88, "Total Cost": 9.01, "Plan Rows": 3, "Plan Width": 16, "Recheck Cond": "(l_orderkey = orders.o_orderkey)", "Filter": "(l_receiptdate > l_commitdate)", "Plans": [{"Node Type": "Bitmap Index Scan", "Parent Relationship": "Outer", "Index Name": "idx_lineitem_orderkey", "Startup Cost": 0.0, "Total Cost": 0.88, "Plan Rows": 9, "Plan Width": 0, "Index Cond": "(l_orderkey = orders.o_orderkey)"}]}]}, {"Node Type": "Bitmap Heap Scan", "Parent Relationship": "Inner", "Relation Name": "lineitem", "Alias": "l3", "Startup Cost": 0.82, "Total Cost": 8.97, "Plan Rows": 3, "Plan Width": 16, "Recheck Cond": "(l_orderkey = l1.l_orderkey)", "Filter": "((l_receiptdate > l_commitdate) AND (l_suppkey <> l1.l_suppkey))", "Plans": [{"Node Type": "Bitmap Index Scan", "Parent Relationship": "Outer", "Index Name": "idx_lineitem_orderkey", "Startup Cost": 0.0, "Total Cost": 0.82, "Plan Rows": 9, "Plan Width": 0, "Index Cond": "(l_orderkey = l1.l_orderkey)"}]}]}, {"Node Type": "Bitmap Heap Scan", "Parent Relationship": "Inner", "Relation Name": "supplier", "Alias": "supplier", "Startup Cost": 0.55, "Total Cost": 4.56, "Plan Rows": 1, "Plan Width": 38, "Recheck Cond": "(s_suppkey = l1.l_suppkey)", "Plans": [{"Node Type": "Bitmap Index Scan", "Parent Relationship": "Outer", "Index Name": "supplier_pkey", "Startup Cost": 0.0, "Total Cost": 0.55, "Plan Rows": 1, "Plan Width": 0, "Index Cond": "(s_suppkey = l1.l_suppkey)"}]}]}, {"Node Type": "Bitmap Heap Scan", "Parent Relationship": "Inner", "Relation Name": "nation", "Alias": "nation", "Startup Cost": 0.26, "Total Cost": 4.27, "Plan Rows": 1, "Plan Width": 4, "Recheck Cond": "(n_nationkey = supplier.s_nationkey)", "Filter": "(n_name = 'EGYPT'::bpchar)", "Plans": [{"Node Type": "Bitmap Index Scan", "Parent Relationship": "Outer", "Index Name": "nation_pkey", "Startup Cost": 0.0, "Total Cost": 0.26, "Plan Rows": 1, "Plan Width": 0, "Index Cond": "(n_nationkey = supplier.s_nationkey)"}]}]}, {"Node Type": "Bitmap Heap Scan", "Parent Relationship": "Inner", "Relation Name": "lineitem", "Alias": "l2", "Startup Cost": 0.82, "Total Cost": 8.95, "Plan Rows": 9, "Plan Width": 16, "Recheck Cond": "(l_orderkey = l1.l_orderkey)", "Filter": "(l_suppkey <> l1.l_suppkey)", "Plans": [{"Node Type": "Bitmap Index Scan", "Parent Relationship": "Outer", "Index Name": "idx_lineitem_orderkey", "Startup Cost": 0.0, "Total Cost": 0.82, "Plan Rows": 9, "Plan Width": 0, "Index Cond": "(l_orderkey = l1.l_orderkey)"}]}]}]}]}]}, "Unique SQL Id": 3870093320}, "explain_analyze_plan": null}, "(1, 56)": {"explain_plan": {"Plan": {"Node Type": "Limit", "Startup Cost": 9216055.43, "Total Cost": 9216055.68, "Plan Rows": 100, "Plan Width": 26, "Plans": [{"Node Type": "Sort", "Parent Relationship": "Outer", "Startup Cost": 9216055.43, "Total Cost": 9216078.36, "Plan Rows": 100, "Plan Width": 26, "Sort Key": ["(count(*)) DESC", "supplier.s_name"], "Plans": [{"Node Type": "Aggregate", "Strategy": "Hashed", "Parent Relationship": "Outer", "Startup Cost": 9215613.16, "Total Cost": 9215704.88, "Plan Rows": 9172, "Plan Width": 26, "Group By Key": ["supplier.s_name"], "Plans": [{"Node Type": "Nested Loop", "Parent Relationship": "Outer", "Join Type": "Inner", "Startup Cost": 0.0, "Total Cost": 9215567.3, "Plan Rows": 9172, "Plan Width": 26, "Inner Unique": true, "Join Filter": "(l1.l_orderkey = orders.o_orderkey)", "Plans": [{"Node Type": "Nested Loop", "Parent Relationship": "Outer", "Join Type": "Semi", "Startup Cost": 0.0, "Total Cost": 9208466.93, "Plan Rows": 7254, "Plan Width": 42, "Inner Unique": false, "Plans": [{"Node Type": "Nested Loop", "Parent Relationship": "Outer", "Join Type": "Inner", "Startup Cost": 0.0, "Total Cost": 9206611.37, "Plan Rows": 7635, "Plan Width": 42, "Inner Unique": false, "Join Filter": "(supplier.s_nationkey = nation.n_nationkey)", "Plans": [{"Node Type": "Seq Scan", "Parent Relationship": "Outer", "Relation Name": "nation", "Alias": "nation", "Startup Cost": 0.0, "Total Cost": 1.31, "Plan Rows": 1, "Plan Width": 4, "Filter": "(n_name = 'EGYPT'::bpchar)"}, {"Node Type": "Nested Loop", "Parent Relationship": "Inner", "Join Type": "Inner", "Startup Cost": 0.0, "Total Cost": 9204224.0, "Plan Rows": 190884, "Plan Width": 46, "Inner Unique": true, "Plans": [{"Node Type": "Nested Loop", "Parent Relationship": "Outer", "Join Type": "Anti", "Startup Cost": 0.0, "Total Cost": 8343730.42, "Plan Rows": 999784, "Plan Width": 16, "Inner Unique": false, "Plans": [{"Node Type": "Seq Scan", "Parent Relationship": "Outer", "Relation Name": "lineitem", "Alias": "l1", "Startup Cost": 0.0, "Total Cost": 2165082.91, "Plan Rows": 19995678, "Plan Width": 16, "Filter": "(l_receiptdate > l_commitdate), (LLVM Optimized)"}, {"Node Type": "Index Scan", "Parent Relationship": "Inner", "Scan Direction": "Forward", "Index Name": "idx_lineitem_orderkey", "Relation Name": "lineitem", "Alias": "l3", "Startup Cost": 0.0, "Total Cost": 1.63, "Plan Rows": 3, "Plan Width": 16, "Index Cond": "(l_orderkey = l1.l_orderkey)", "Filter": "((l_receiptdate > l_commitdate) AND (l_suppkey <> l1.l_suppkey))"}]}, {"Node Type": "Index Scan", "Parent Relationship": "Inner", "Scan Direction": "Forward", "Index Name": "supplier_pkey", "Relation Name": "supplier", "Alias": "supplier", "Startup Cost": 0.0, "Total Cost": 0.85, "Plan Rows": 1, "Plan Width": 38, "Index Cond": "(s_suppkey = l1.l_suppkey)"}]}]}, {"Node Type": "Index Scan", "Parent Relationship": "Inner", "Scan Direction": "Forward", "Index Name": "idx_lineitem_orderkey", "Relation Name": "lineitem", "Alias": "l2", "Startup Cost": 0.0, "Total Cost": 1.63, "Plan Rows": 9, "Plan Width": 16, "Index Cond": "(l_orderkey = l1.l_orderkey)", "Filter": "(l_suppkey <> l1.l_suppkey)"}]}, {"Node Type": "Index Scan", "Parent Relationship": "Inner", "Scan Direction": "Forward", "Index Name": "orders_pkey", "Relation Name": "orders", "Alias": "orders", "Startup Cost": 0.0, "Total Cost": 0.97, "Plan Rows": 1, "Plan Width": 8, "Index Cond": "(o_orderkey = l2.l_orderkey)", "Filter": "(o_orderstatus = 'F'::bpchar)"}]}]}]}]}, "Unique SQL Id": 3870093320}, "explain_analyze_plan": null}, "(1, 57)": {"explain_plan": {"Plan": {"Node Type": "Limit", "Startup Cost": 10441582.43, "Total Cost": 10441582.68, "Plan Rows": 100, "Plan Width": 26, "Plans": [{"Node Type": "Sort", "Parent Relationship": "Outer", "Startup Cost": 10441582.43, "Total Cost": 10441605.36, "Plan Rows": 100, "Plan Width": 26, "Sort Key": ["(count(*)) DESC", "supplier.s_name"], "Plans": [{"Node Type": "Aggregate", "Strategy": "Hashed", "Parent Relationship": "Outer", "Startup Cost": 10441140.16, "Total Cost": 10441231.88, "Plan Rows": 9172, "Plan Width": 26, "Group By Key": ["supplier.s_name"], "Plans": [{"Node Type": "Nested Loop", "Parent Relationship": "Outer", "Join Type": "Inner", "Startup Cost": 0.0, "Total Cost": 10441094.3, "Plan Rows": 9172, "Plan Width": 26, "Inner Unique": true, "Join Filter": "(l1.l_orderkey = orders.o_orderkey)", "Plans": [{"Node Type": "Nested Loop", "Parent Relationship": "Outer", "Join Type": "Semi", "Startup Cost": 0.0, "Total Cost": 10433993.93, "Plan Rows": 7254, "Plan Width": 42, "Inner Unique": false, "Plans": [{"Node Type": "Nested Loop", "Parent Relationship": "Outer", "Join Type": "Inner", "Startup Cost": 0.0, "Total Cost": 10432138.37, "Plan Rows": 7635, "Plan Width": 42, "Inner Unique": true, "Join Filter": "(supplier.s_nationkey = nation.n_nationkey)", "Plans": [{"Node Type": "Nested Loop", "Parent Relationship": "Outer", "Join Type": "Inner", "Startup Cost": 0.0, "Total Cost": 10429262.42, "Plan Rows": 190884, "Plan Width": 46, "Inner Unique": true, "Plans": [{"Node Type": "Nested Loop", "Parent Relationship": "Outer", "Join Type": "Anti", "Startup Cost": 0.0, "Total Cost": 9568768.84, "Plan Rows": 999784, "Plan Width": 16, "Inner Unique": false, "Plans": [{"Node Type": "Index Scan", "Parent Relationship": "Outer", "Scan Direction": "Forward", "Index Name": "idx_lineitem_orderkey", "Relation Name": "lineitem", "Alias": "l1", "Startup Cost": 0.0, "Total Cost": 3390121.33, "Plan Rows": 19995678, "Plan Width": 16, "Filter": "(l_receiptdate > l_commitdate), (LLVM Optimized)"}, {"Node Type": "Index Scan", "Parent Relationship": "Inner", "Scan Direction": "Forward", "Index Name": "idx_lineitem_orderkey", "Relation Name": "lineitem", "Alias": "l3", "Startup Cost": 0.0, "Total Cost": 1.63, "Plan Rows": 3, "Plan Width": 16, "Index Cond": "(l_orderkey = l1.l_orderkey)", "Filter": "((l_receiptdate > l_commitdate) AND (l_suppkey <> l1.l_suppkey))"}]}, {"Node Type": "Index Scan", "Parent Relationship": "Inner", "Scan Direction": "Forward", "Index Name": "supplier_pkey", "Relation Name": "supplier", "Alias": "supplier", "Startup Cost": 0.0, "Total Cost": 0.85, "Plan Rows": 1, "Plan Width": 38, "Index Cond": "(s_suppkey = l1.l_suppkey)"}]}, {"Node Type": "Materialize", "Parent Relationship": "Inner", "Startup Cost": 0.0, "Total Cost": 12.69, "Plan Rows": 1, "Plan Width": 4, "Plans": [{"Node Type": "Index Scan", "Parent Relationship": "Outer", "Scan Direction": "Forward", "Index Name": "nation_pkey", "Relation Name": "nation", "Alias": "nation", "Startup Cost": 0.0, "Total Cost": 12.69, "Plan Rows": 1, "Plan Width": 4, "Filter": "(n_name = 'EGYPT'::bpchar)"}]}]}, {"Node Type": "Index Scan", "Parent Relationship": "Inner", "Scan Direction": "Forward", "Index Name": "idx_lineitem_orderkey", "Relation Name": "lineitem", "Alias": "l2", "Startup Cost": 0.0, "Total Cost": 1.63, "Plan Rows": 9, "Plan Width": 16, "Index Cond": "(l_orderkey = l1.l_orderkey)", "Filter": "(l_suppkey <> l1.l_suppkey)"}]}, {"Node Type": "Index Scan", "Parent Relationship": "Inner", "Scan Direction": "Forward", "Index Name": "orders_pkey", "Relation Name": "orders", "Alias": "orders", "Startup Cost": 0.0, "Total Cost": 0.97, "Plan Rows": 1, "Plan Width": 8, "Index Cond": "(o_orderkey = l2.l_orderkey)", "Filter": "(o_orderstatus = 'F'::bpchar)"}]}]}]}]}, "Unique SQL Id": 3870093320}, "explain_analyze_plan": null}, "(1, 58)": {"explain_plan": {"Plan": {"Node Type": "Limit", "Startup Cost": 13110229684.01, "Total Cost": 13110229684.26, "Plan Rows": 100, "Plan Width": 26, "Plans": [{"Node Type": "Sort", "Parent Relationship": "Outer", "Startup Cost": 13110229684.01, "Total Cost": 13110229706.94, "Plan Rows": 100, "Plan Width": 26, "Sort Key": ["(count(*)) DESC", "supplier.s_name"], "Plans": [{"Node Type": "Aggregate", "Strategy": "Hashed", "Parent Relationship": "Outer", "Startup Cost": 13110229241.74, "Total Cost": 13110229333.46, "Plan Rows": 9172, "Plan Width": 26, "Group By Key": ["supplier.s_name"], "Plans": [{"Node Type": "Nested Loop", "Parent Relationship": "Outer", "Join Type": "Inner", "Startup Cost": 0.0, "Total Cost": 13110229195.88, "Plan Rows": 9172, "Plan Width": 26, "Inner Unique": false, "Join Filter": "(l1.l_orderkey = orders.o_orderkey)", "Plans": [{"Node Type": "Seq Scan", "Parent Relationship": "Outer", "Relation Name": "orders", "Alias": "orders", "Startup Cost": 0.0, "Total Cost": 463912.49, "Plan Rows": 7338812, "Plan Width": 8, "Filter": "(o_orderstatus = 'F'::bpchar), (LLVM Optimized)"}, {"Node Type": "Materialize", "Parent Relationship": "Inner", "Startup Cost": 0.0, "Total Cost": 12311229167.81, "Plan Rows": 7254, "Plan Width": 42, "Plans": [{"Node Type": "Nested Loop", "Parent Relationship": "Outer", "Join Type": "Semi", "Startup Cost": 0.0, "Total Cost": 12311229131.54, "Plan Rows": 7254, "Plan Width": 42, "Inner Unique": false, "Join Filter": "((l2.l_suppkey <> l1.l_suppkey) AND (l1.l_orderkey = l2.l_orderkey))", "Plans": [{"Node Type": "Nested Loop", "Parent Relationship": "Outer", "Join Type": "Anti", "Startup Cost": 0.0, "Total Cost": 11174694010.18, "Plan Rows": 7635, "Plan Width": 42, "Inner Unique": false, "Join Filter": "((l3.l_suppkey <> l1.l_suppkey) AND (l3.l_orderkey = l1.l_orderkey))", "Plans": [{"Node Type": "Nested Loop", "Parent Relationship": "Outer", "Join Type": "Inner", "Startup Cost": 0.0, "Total Cost": 1201910307.22, "Plan Rows": 152707, "Plan Width": 42, "Inner Unique": false, "Join Filter": "(supplier.s_suppkey = l1.l_suppkey), (LLVM Optimized)", "Plans": [{"Node Type": "Seq Scan", "Parent Relationship": "Outer", "Relation Name": "lineitem", "Alias": "l1", "Startup Cost": 0.0, "Total Cost": 2165082.91, "Plan Rows": 19995678, "Plan Width": 16, "Filter": "(l_receiptdate > l_commitdate), (LLVM Optimized)"}, {"Node Type": "Materialize", "Parent Relationship": "Inner", "Startup Cost": 0.0, "Total Cost": 4554.31, "Plan Rows": 4000, "Plan Width": 34, "Plans": [{"Node Type": "Nested Loop", "Parent Relationship": "Outer", "Join Type": "Inner", "Startup Cost": 0.0, "Total Cost": 4534.31, "Plan Rows": 4000, "Plan Width": 34, "Inner Unique": false, "Join Filter": "(supplier.s_nationkey = nation.n_nationkey)", "Plans": [{"Node Type": "Seq Scan", "Parent Relationship": "Outer", "Relation Name": "nation", "Alias": "nation", "Startup Cost": 0.0, "Total Cost": 1.31, "Plan Rows": 1, "Plan Width": 4, "Filter": "(n_name = 'EGYPT'::bpchar)"}, {"Node Type": "Seq Scan", "Parent Relationship": "Inner", "Relation Name": "supplier", "Alias": "supplier", "Startup Cost": 0.0, "Total Cost": 3283.0, "Plan Rows": 100000, "Plan Width": 38}]}]}]}, {"Node Type": "Materialize", "Parent Relationship": "Inner", "Startup Cost": 0.0, "Total Cost": 2265061.3, "Plan Rows": 19995678, "Plan Width": 16, "Plans": [{"Node Type": "Seq Scan", "Parent Relationship": "Outer", "Relation Name": "lineitem", "Alias": "l3", "Startup Cost": 0.0, "Total Cost": 2165082.91, "Plan Rows": 19995678, "Plan Width": 16, "Filter": "(l_receiptdate > l_commitdate), (LLVM Optimized)"}]}]}, {"Node Type": "Materialize", "Parent Relationship": "Inner", "Startup Cost": 0.0, "Total Cost": 2315050.5, "Plan Rows": 59987033, "Plan Width": 16, "Plans": [{"Node Type": "Seq Scan", "Parent Relationship": "Outer", "Relation Name": "lineitem", "Alias": "l2", "Startup Cost": 0.0, "Total Cost": 2015115.33, "Plan Rows": 59987033, "Plan Width": 16}]}]}]}]}]}]}]}, "Unique SQL Id": 3870093320}, "explain_analyze_plan": null}, "(1, 59)": {"explain_plan": {"Plan": {"Node Type": "Limit", "Startup Cost": 6014182839649.49, "Total Cost": 6014182839649.74, "Plan Rows": 100, "Plan Width": 26, "Plans": [{"Node Type": "Sort", "Parent Relationship": "Outer", "Startup Cost": 6014182839649.49, "Total Cost": 6014182839672.42, "Plan Rows": 100, "Plan Width": 26, "Sort Key": ["(count(*)) DESC", "supplier.s_name"], "Plans": [{"Node Type": "Aggregate", "Strategy": "Hashed", "Parent Relationship": "Outer", "Startup Cost": 6014182839207.22, "Total Cost": 6014182839298.94, "Plan Rows": 9172, "Plan Width": 26, "Group By Key": ["supplier.s_name"], "Plans": [{"Node Type": "Nested Loop", "Parent Relationship": "Outer", "Join Type": "Inner", "Startup Cost": 60000000000.0, "Total Cost": 6014182839161.36, "Plan Rows": 9172, "Plan Width": 26, "Inner Unique": false, "Join Filter": "(l1.l_orderkey = orders.o_orderkey)", "Plans": [{"Node Type": "Index Scan", "Parent Relationship": "Outer", "Scan Direction": "Forward", "Index Name": "orders_pkey", "Relation Name": "orders", "Alias": "orders", "Startup Cost": 10000000000.0, "Total Cost": 1000076847713.25, "Plan Rows": 7338812, "Plan Width": 8, "Filter": "(o_orderstatus = 'F'::bpchar), (LLVM Optimized)"}, {"Node Type": "Materialize", "Parent Relationship": "Inner", "Startup Cost": 50000000000.0, "Total Cost": 5013307455332.53, "Plan Rows": 7254, "Plan Width": 42, "Plans": [{"Node Type": "Nested Loop", "Parent Relationship": "Outer", "Join Type": "Semi", "Startup Cost": 50000000000.0, "Total Cost": 5013307455296.26, "Plan Rows": 7254, "Plan Width": 42, "Inner Unique": false, "Join Filter": "((l2.l_suppkey <> l1.l_suppkey) AND (l1.l_orderkey = l2.l_orderkey))", "Plans": [{"Node Type": "Nested Loop", "Parent Relationship": "Outer", "Join Type": "Anti", "Startup Cost": 40000000000.0, "Total Cost": 4011848919915.73, "Plan Rows": 7635, "Plan Width": 42, "Inner Unique": false, "Join Filter": "((l3.l_suppkey <> l1.l_suppkey) AND (l3.l_orderkey = l1.l_orderkey))", "Plans": [{"Node Type": "Nested Loop", "Parent Relationship": "Outer", "Join Type": "Inner", "Startup Cost": 30000000000.0, "Total Cost": 3001539289162.94, "Plan Rows": 152707, "Plan Width": 42, "Inner Unique": false, "Join Filter": "(supplier.s_suppkey = l1.l_suppkey), (LLVM Optimized)", "Plans": [{"Node Type": "Index Scan", "Parent Relationship": "Outer", "Scan Direction": "Forward", "Index Name": "idx_lineitem_orderkey", "Relation Name": "lineitem", "Alias": "l1", "Startup Cost": 10000000000.0, "Total Cost": 1000339012132.75, "Plan Rows": 19995678, "Plan Width": 16, "Filter": "(l_receiptdate > l_commitdate), (LLVM Optimized)"}, {"Node Type": "Materialize", "Parent Relationship": "Inner", "Startup Cost": 20000000000.0, "Total Cost": 2000000536360.19, "Plan Rows": 4000, "Plan Width": 34, "Plans": [{"Node Type": "Nested Loop", "Parent Relationship": "Outer", "Join Type": "Inner", "Startup Cost": 20000000000.0, "Total Cost": 2000000536340.19, "Plan Rows": 4000, "Plan Width": 34, "Inner Unique": true, "Join Filter": "(supplier.s_nationkey = nation.n_nationkey)", "Plans": [{"Node Type": "Index Scan", "Parent Relationship": "Outer", "Scan Direction": "Forward", "Index Name": "supplier_pkey", "Relation Name": "supplier", "Alias": "supplier", "Startup Cost": 10000000000.0, "Total Cost": 1000000533571.43, "Plan Rows": 100000, "Plan Width": 38}, {"Node Type": "Materialize", "Parent Relationship": "Inner", "Startup Cost": 10000000000.0, "Total Cost": 1000000001268.76, "Plan Rows": 1, "Plan Width": 4, "Plans": [{"Node Type": "Index Scan", "Parent Relationship": "Outer", "Scan Direction": "Forward", "Index Name": "nation_pkey", "Relation Name": "nation", "Alias": "nation", "Startup Cost": 10000000000.0, "Total Cost": 1000000001268.75, "Plan Rows": 1, "Plan Width": 4, "Filter": "(n_name = 'EGYPT'::bpchar)"}]}]}]}]}, {"Node Type": "Materialize", "Parent Relationship": "Inner", "Startup Cost": 10000000000.0, "Total Cost": 1000339112111.14, "Plan Rows": 19995678, "Plan Width": 16, "Plans": [{"Node Type": "Index Scan", "Parent Relationship": "Outer", "Scan Direction": "Forward", "Index Name": "idx_lineitem_orderkey", "Relation Name": "lineitem", "Alias": "l3", "Startup Cost": 10000000000.0, "Total Cost": 1000339012132.75, "Plan Rows": 19995678, "Plan Width": 16, "Filter": "(l_receiptdate > l_commitdate), (LLVM Optimized)"}]}]}, {"Node Type": "Materialize", "Parent Relationship": "Inner", "Startup Cost": 10000000000.0, "Total Cost": 1000324315309.67, "Plan Rows": 59987033, "Plan Width": 16, "Plans": [{"Node Type": "Index Scan", "Parent Relationship": "Outer", "Scan Direction": "Forward", "Index Name": "idx_lineitem_orderkey", "Relation Name": "lineitem", "Alias": "l2", "Startup Cost": 10000000000.0, "Total Cost": 1000324015374.5, "Plan Rows": 59987033, "Plan Width": 16}]}]}]}]}]}]}]}, "Unique SQL Id": 3870093320}, "explain_analyze_plan": null}, "(1, 60)": {"explain_plan": {"Plan": {"Node Type": "Limit", "Startup Cost": 9216055.43, "Total Cost": 9216055.68, "Plan Rows": 100, "Plan Width": 26, "Plans": [{"Node Type": "Sort", "Parent Relationship": "Outer", "Startup Cost": 9216055.43, "Total Cost": 9216078.36, "Plan Rows": 100, "Plan Width": 26, "Sort Key": ["(count(*)) DESC", "supplier.s_name"], "Plans": [{"Node Type": "Aggregate", "Strategy": "Hashed", "Parent Relationship": "Outer", "Startup Cost": 9215613.16, "Total Cost": 9215704.88, "Plan Rows": 9172, "Plan Width": 26, "Group By Key": ["supplier.s_name"], "Plans": [{"Node Type": "Nested Loop", "Parent Relationship": "Outer", "Join Type": "Inner", "Startup Cost": 0.0, "Total Cost": 9215567.3, "Plan Rows": 9172, "Plan Width": 26, "Inner Unique": true, "Join Filter": "(l1.l_orderkey = orders.o_orderkey)", "Plans": [{"Node Type": "Nested Loop", "Parent Relationship": "Outer", "Join Type": "Semi", "Startup Cost": 0.0, "Total Cost": 9208466.93, "Plan Rows": 7254, "Plan Width": 42, "Inner Unique": false, "Plans": [{"Node Type": "Nested Loop", "Parent Relationship": "Outer", "Join Type": "Inner", "Startup Cost": 0.0, "Total Cost": 9206611.37, "Plan Rows": 7635, "Plan Width": 42, "Inner Unique": false, "Join Filter": "(supplier.s_nationkey = nation.n_nationkey)", "Plans": [{"Node Type": "Seq Scan", "Parent Relationship": "Outer", "Relation Name": "nation", "Alias": "nation", "Startup Cost": 0.0, "Total Cost": 1.31, "Plan Rows": 1, "Plan Width": 4, "Filter": "(n_name = 'EGYPT'::bpchar)"}, {"Node Type": "Nested Loop", "Parent Relationship": "Inner", "Join Type": "Inner", "Startup Cost": 0.0, "Total Cost": 9204224.0, "Plan Rows": 190884, "Plan Width": 46, "Inner Unique": true, "Plans": [{"Node Type": "Nested Loop", "Parent Relationship": "Outer", "Join Type": "Anti", "Startup Cost": 0.0, "Total Cost": 8343730.42, "Plan Rows": 999784, "Plan Width": 16, "Inner Unique": false, "Plans": [{"Node Type": "Seq Scan", "Parent Relationship": "Outer", "Relation Name": "lineitem", "Alias": "l1", "Startup Cost": 0.0, "Total Cost": 2165082.91, "Plan Rows": 19995678, "Plan Width": 16, "Filter": "(l_receiptdate > l_commitdate), (LLVM Optimized)"}, {"Node Type": "Index Scan", "Parent Relationship": "Inner", "Scan Direction": "Forward", "Index Name": "idx_lineitem_orderkey", "Relation Name": "lineitem", "Alias": "l3", "Startup Cost": 0.0, "Total Cost": 1.63, "Plan Rows": 3, "Plan Width": 16, "Index Cond": "(l_orderkey = l1.l_orderkey)", "Filter": "((l_receiptdate > l_commitdate) AND (l_suppkey <> l1.l_suppkey))"}]}, {"Node Type": "Index Scan", "Parent Relationship": "Inner", "Scan Direction": "Forward", "Index Name": "supplier_pkey", "Relation Name": "supplier", "Alias": "supplier", "Startup Cost": 0.0, "Total Cost": 0.85, "Plan Rows": 1, "Plan Width": 38, "Index Cond": "(s_suppkey = l1.l_suppkey)"}]}]}, {"Node Type": "Index Scan", "Parent Relationship": "Inner", "Scan Direction": "Forward", "Index Name": "idx_lineitem_orderkey", "Relation Name": "lineitem", "Alias": "l2", "Startup Cost": 0.0, "Total Cost": 1.63, "Plan Rows": 9, "Plan Width": 16, "Index Cond": "(l_orderkey = l1.l_orderkey)", "Filter": "(l_suppkey <> l1.l_suppkey)"}]}, {"Node Type": "Index Scan", "Parent Relationship": "Inner", "Scan Direction": "Forward", "Index Name": "orders_pkey", "Relation Name": "orders", "Alias": "orders", "Startup Cost": 0.0, "Total Cost": 0.97, "Plan Rows": 1, "Plan Width": 8, "Index Cond": "(o_orderkey = l2.l_orderkey)", "Filter": "(o_orderstatus = 'F'::bpchar)"}]}]}]}]}, "Unique SQL Id": 3870093320}, "explain_analyze_plan": null}, "(1, 61)": {"explain_plan": {"Plan": {"Node Type": "Limit", "Startup Cost": 10441582.43, "Total Cost": 10441582.68, "Plan Rows": 100, "Plan Width": 26, "Plans": [{"Node Type": "Sort", "Parent Relationship": "Outer", "Startup Cost": 10441582.43, "Total Cost": 10441605.36, "Plan Rows": 100, "Plan Width": 26, "Sort Key": ["(count(*)) DESC", "supplier.s_name"], "Plans": [{"Node Type": "Aggregate", "Strategy": "Hashed", "Parent Relationship": "Outer", "Startup Cost": 10441140.16, "Total Cost": 10441231.88, "Plan Rows": 9172, "Plan Width": 26, "Group By Key": ["supplier.s_name"], "Plans": [{"Node Type": "Nested Loop", "Parent Relationship": "Outer", "Join Type": "Inner", "Startup Cost": 0.0, "Total Cost": 10441094.3, "Plan Rows": 9172, "Plan Width": 26, "Inner Unique": true, "Join Filter": "(l1.l_orderkey = orders.o_orderkey)", "Plans": [{"Node Type": "Nested Loop", "Parent Relationship": "Outer", "Join Type": "Semi", "Startup Cost": 0.0, "Total Cost": 10433993.93, "Plan Rows": 7254, "Plan Width": 42, "Inner Unique": false, "Plans": [{"Node Type": "Nested Loop", "Parent Relationship": "Outer", "Join Type": "Inner", "Startup Cost": 0.0, "Total Cost": 10432138.37, "Plan Rows": 7635, "Plan Width": 42, "Inner Unique": true, "Join Filter": "(supplier.s_nationkey = nation.n_nationkey)", "Plans": [{"Node Type": "Nested Loop", "Parent Relationship": "Outer", "Join Type": "Inner", "Startup Cost": 0.0, "Total Cost": 10429262.42, "Plan Rows": 190884, "Plan Width": 46, "Inner Unique": true, "Plans": [{"Node Type": "Nested Loop", "Parent Relationship": "Outer", "Join Type": "Anti", "Startup Cost": 0.0, "Total Cost": 9568768.84, "Plan Rows": 999784, "Plan Width": 16, "Inner Unique": false, "Plans": [{"Node Type": "Index Scan", "Parent Relationship": "Outer", "Scan Direction": "Forward", "Index Name": "idx_lineitem_orderkey", "Relation Name": "lineitem", "Alias": "l1", "Startup Cost": 0.0, "Total Cost": 3390121.33, "Plan Rows": 19995678, "Plan Width": 16, "Filter": "(l_receiptdate > l_commitdate), (LLVM Optimized)"}, {"Node Type": "Index Scan", "Parent Relationship": "Inner", "Scan Direction": "Forward", "Index Name": "idx_lineitem_orderkey", "Relation Name": "lineitem", "Alias": "l3", "Startup Cost": 0.0, "Total Cost": 1.63, "Plan Rows": 3, "Plan Width": 16, "Index Cond": "(l_orderkey = l1.l_orderkey)", "Filter": "((l_receiptdate > l_commitdate) AND (l_suppkey <> l1.l_suppkey))"}]}, {"Node Type": "Index Scan", "Parent Relationship": "Inner", "Scan Direction": "Forward", "Index Name": "supplier_pkey", "Relation Name": "supplier", "Alias": "supplier", "Startup Cost": 0.0, "Total Cost": 0.85, "Plan Rows": 1, "Plan Width": 38, "Index Cond": "(s_suppkey = l1.l_suppkey)"}]}, {"Node Type": "Materialize", "Parent Relationship": "Inner", "Startup Cost": 0.0, "Total Cost": 12.69, "Plan Rows": 1, "Plan Width": 4, "Plans": [{"Node Type": "Index Scan", "Parent Relationship": "Outer", "Scan Direction": "Forward", "Index Name": "nation_pkey", "Relation Name": "nation", "Alias": "nation", "Startup Cost": 0.0, "Total Cost": 12.69, "Plan Rows": 1, "Plan Width": 4, "Filter": "(n_name = 'EGYPT'::bpchar)"}]}]}, {"Node Type": "Index Scan", "Parent Relationship": "Inner", "Scan Direction": "Forward", "Index Name": "idx_lineitem_orderkey", "Relation Name": "lineitem", "Alias": "l2", "Startup Cost": 0.0, "Total Cost": 1.63, "Plan Rows": 9, "Plan Width": 16, "Index Cond": "(l_orderkey = l1.l_orderkey)", "Filter": "(l_suppkey <> l1.l_suppkey)"}]}, {"Node Type": "Index Scan", "Parent Relationship": "Inner", "Scan Direction": "Forward", "Index Name": "orders_pkey", "Relation Name": "orders", "Alias": "orders", "Startup Cost": 0.0, "Total Cost": 0.97, "Plan Rows": 1, "Plan Width": 8, "Index Cond": "(o_orderkey = l2.l_orderkey)", "Filter": "(o_orderstatus = 'F'::bpchar)"}]}]}]}]}, "Unique SQL Id": 3870093320}, "explain_analyze_plan": null}, "(1, 62)": {"explain_plan": {"Plan": {"Node Type": "Limit", "Startup Cost": 13110229684.01, "Total Cost": 13110229684.26, "Plan Rows": 100, "Plan Width": 26, "Plans": [{"Node Type": "Sort", "Parent Relationship": "Outer", "Startup Cost": 13110229684.01, "Total Cost": 13110229706.94, "Plan Rows": 100, "Plan Width": 26, "Sort Key": ["(count(*)) DESC", "supplier.s_name"], "Plans": [{"Node Type": "Aggregate", "Strategy": "Hashed", "Parent Relationship": "Outer", "Startup Cost": 13110229241.74, "Total Cost": 13110229333.46, "Plan Rows": 9172, "Plan Width": 26, "Group By Key": ["supplier.s_name"], "Plans": [{"Node Type": "Nested Loop", "Parent Relationship": "Outer", "Join Type": "Inner", "Startup Cost": 0.0, "Total Cost": 13110229195.88, "Plan Rows": 9172, "Plan Width": 26, "Inner Unique": false, "Join Filter": "(l1.l_orderkey = orders.o_orderkey)", "Plans": [{"Node Type": "Seq Scan", "Parent Relationship": "Outer", "Relation Name": "orders", "Alias": "orders", "Startup Cost": 0.0, "Total Cost": 463912.49, "Plan Rows": 7338812, "Plan Width": 8, "Filter": "(o_orderstatus = 'F'::bpchar), (LLVM Optimized)"}, {"Node Type": "Materialize", "Parent Relationship": "Inner", "Startup Cost": 0.0, "Total Cost": 12311229167.81, "Plan Rows": 7254, "Plan Width": 42, "Plans": [{"Node Type": "Nested Loop", "Parent Relationship": "Outer", "Join Type": "Semi", "Startup Cost": 0.0, "Total Cost": 12311229131.54, "Plan Rows": 7254, "Plan Width": 42, "Inner Unique": false, "Join Filter": "((l2.l_suppkey <> l1.l_suppkey) AND (l1.l_orderkey = l2.l_orderkey))", "Plans": [{"Node Type": "Nested Loop", "Parent Relationship": "Outer", "Join Type": "Anti", "Startup Cost": 0.0, "Total Cost": 11174694010.18, "Plan Rows": 7635, "Plan Width": 42, "Inner Unique": false, "Join Filter": "((l3.l_suppkey <> l1.l_suppkey) AND (l3.l_orderkey = l1.l_orderkey))", "Plans": [{"Node Type": "Nested Loop", "Parent Relationship": "Outer", "Join Type": "Inner", "Startup Cost": 0.0, "Total Cost": 1201910307.22, "Plan Rows": 152707, "Plan Width": 42, "Inner Unique": false, "Join Filter": "(supplier.s_suppkey = l1.l_suppkey), (LLVM Optimized)", "Plans": [{"Node Type": "Seq Scan", "Parent Relationship": "Outer", "Relation Name": "lineitem", "Alias": "l1", "Startup Cost": 0.0, "Total Cost": 2165082.91, "Plan Rows": 19995678, "Plan Width": 16, "Filter": "(l_receiptdate > l_commitdate), (LLVM Optimized)"}, {"Node Type": "Materialize", "Parent Relationship": "Inner", "Startup Cost": 0.0, "Total Cost": 4554.31, "Plan Rows": 4000, "Plan Width": 34, "Plans": [{"Node Type": "Nested Loop", "Parent Relationship": "Outer", "Join Type": "Inner", "Startup Cost": 0.0, "Total Cost": 4534.31, "Plan Rows": 4000, "Plan Width": 34, "Inner Unique": false, "Join Filter": "(supplier.s_nationkey = nation.n_nationkey)", "Plans": [{"Node Type": "Seq Scan", "Parent Relationship": "Outer", "Relation Name": "nation", "Alias": "nation", "Startup Cost": 0.0, "Total Cost": 1.31, "Plan Rows": 1, "Plan Width": 4, "Filter": "(n_name = 'EGYPT'::bpchar)"}, {"Node Type": "Seq Scan", "Parent Relationship": "Inner", "Relation Name": "supplier", "Alias": "supplier", "Startup Cost": 0.0, "Total Cost": 3283.0, "Plan Rows": 100000, "Plan Width": 38}]}]}]}, {"Node Type": "Materialize", "Parent Relationship": "Inner", "Startup Cost": 0.0, "Total Cost": 2265061.3, "Plan Rows": 19995678, "Plan Width": 16, "Plans": [{"Node Type": "Seq Scan", "Parent Relationship": "Outer", "Relation Name": "lineitem", "Alias": "l3", "Startup Cost": 0.0, "Total Cost": 2165082.91, "Plan Rows": 19995678, "Plan Width": 16, "Filter": "(l_receiptdate > l_commitdate), (LLVM Optimized)"}]}]}, {"Node Type": "Materialize", "Parent Relationship": "Inner", "Startup Cost": 0.0, "Total Cost": 2315050.5, "Plan Rows": 59987033, "Plan Width": 16, "Plans": [{"Node Type": "Seq Scan", "Parent Relationship": "Outer", "Relation Name": "lineitem", "Alias": "l2", "Startup Cost": 0.0, "Total Cost": 2015115.33, "Plan Rows": 59987033, "Plan Width": 16}]}]}]}]}]}]}]}, "Unique SQL Id": 3870093320}, "explain_analyze_plan": null}, "(1, 63)": {"explain_plan": {"Plan": {"Node Type": "Limit", "Startup Cost": 6014182839649.49, "Total Cost": 6014182839649.74, "Plan Rows": 100, "Plan Width": 26, "Plans": [{"Node Type": "Sort", "Parent Relationship": "Outer", "Startup Cost": 6014182839649.49, "Total Cost": 6014182839672.42, "Plan Rows": 100, "Plan Width": 26, "Sort Key": ["(count(*)) DESC", "supplier.s_name"], "Plans": [{"Node Type": "Aggregate", "Strategy": "Hashed", "Parent Relationship": "Outer", "Startup Cost": 6014182839207.22, "Total Cost": 6014182839298.94, "Plan Rows": 9172, "Plan Width": 26, "Group By Key": ["supplier.s_name"], "Plans": [{"Node Type": "Nested Loop", "Parent Relationship": "Outer", "Join Type": "Inner", "Startup Cost": 60000000000.0, "Total Cost": 6014182839161.36, "Plan Rows": 9172, "Plan Width": 26, "Inner Unique": false, "Join Filter": "(l1.l_orderkey = orders.o_orderkey)", "Plans": [{"Node Type": "Index Scan", "Parent Relationship": "Outer", "Scan Direction": "Forward", "Index Name": "orders_pkey", "Relation Name": "orders", "Alias": "orders", "Startup Cost": 10000000000.0, "Total Cost": 1000076847713.25, "Plan Rows": 7338812, "Plan Width": 8, "Filter": "(o_orderstatus = 'F'::bpchar), (LLVM Optimized)"}, {"Node Type": "Materialize", "Parent Relationship": "Inner", "Startup Cost": 50000000000.0, "Total Cost": 5013307455332.53, "Plan Rows": 7254, "Plan Width": 42, "Plans": [{"Node Type": "Nested Loop", "Parent Relationship": "Outer", "Join Type": "Semi", "Startup Cost": 50000000000.0, "Total Cost": 5013307455296.26, "Plan Rows": 7254, "Plan Width": 42, "Inner Unique": false, "Join Filter": "((l2.l_suppkey <> l1.l_suppkey) AND (l1.l_orderkey = l2.l_orderkey))", "Plans": [{"Node Type": "Nested Loop", "Parent Relationship": "Outer", "Join Type": "Anti", "Startup Cost": 40000000000.0, "Total Cost": 4011848919915.73, "Plan Rows": 7635, "Plan Width": 42, "Inner Unique": false, "Join Filter": "((l3.l_suppkey <> l1.l_suppkey) AND (l3.l_orderkey = l1.l_orderkey))", "Plans": [{"Node Type": "Nested Loop", "Parent Relationship": "Outer", "Join Type": "Inner", "Startup Cost": 30000000000.0, "Total Cost": 3001539289162.94, "Plan Rows": 152707, "Plan Width": 42, "Inner Unique": false, "Join Filter": "(supplier.s_suppkey = l1.l_suppkey), (LLVM Optimized)", "Plans": [{"Node Type": "Index Scan", "Parent Relationship": "Outer", "Scan Direction": "Forward", "Index Name": "idx_lineitem_orderkey", "Relation Name": "lineitem", "Alias": "l1", "Startup Cost": 10000000000.0, "Total Cost": 1000339012132.75, "Plan Rows": 19995678, "Plan Width": 16, "Filter": "(l_receiptdate > l_commitdate), (LLVM Optimized)"}, {"Node Type": "Materialize", "Parent Relationship": "Inner", "Startup Cost": 20000000000.0, "Total Cost": 2000000536360.19, "Plan Rows": 4000, "Plan Width": 34, "Plans": [{"Node Type": "Nested Loop", "Parent Relationship": "Outer", "Join Type": "Inner", "Startup Cost": 20000000000.0, "Total Cost": 2000000536340.19, "Plan Rows": 4000, "Plan Width": 34, "Inner Unique": true, "Join Filter": "(supplier.s_nationkey = nation.n_nationkey)", "Plans": [{"Node Type": "Index Scan", "Parent Relationship": "Outer", "Scan Direction": "Forward", "Index Name": "supplier_pkey", "Relation Name": "supplier", "Alias": "supplier", "Startup Cost": 10000000000.0, "Total Cost": 1000000533571.43, "Plan Rows": 100000, "Plan Width": 38}, {"Node Type": "Materialize", "Parent Relationship": "Inner", "Startup Cost": 10000000000.0, "Total Cost": 1000000001268.76, "Plan Rows": 1, "Plan Width": 4, "Plans": [{"Node Type": "Index Scan", "Parent Relationship": "Outer", "Scan Direction": "Forward", "Index Name": "nation_pkey", "Relation Name": "nation", "Alias": "nation", "Startup Cost": 10000000000.0, "Total Cost": 1000000001268.75, "Plan Rows": 1, "Plan Width": 4, "Filter": "(n_name = 'EGYPT'::bpchar)"}]}]}]}]}, {"Node Type": "Materialize", "Parent Relationship": "Inner", "Startup Cost": 10000000000.0, "Total Cost": 1000339112111.14, "Plan Rows": 19995678, "Plan Width": 16, "Plans": [{"Node Type": "Index Scan", "Parent Relationship": "Outer", "Scan Direction": "Forward", "Index Name": "idx_lineitem_orderkey", "Relation Name": "lineitem", "Alias": "l3", "Startup Cost": 10000000000.0, "Total Cost": 1000339012132.75, "Plan Rows": 19995678, "Plan Width": 16, "Filter": "(l_receiptdate > l_commitdate), (LLVM Optimized)"}]}]}, {"Node Type": "Materialize", "Parent Relationship": "Inner", "Startup Cost": 10000000000.0, "Total Cost": 1000324315309.67, "Plan Rows": 59987033, "Plan Width": 16, "Plans": [{"Node Type": "Index Scan", "Parent Relationship": "Outer", "Scan Direction": "Forward", "Index Name": "idx_lineitem_orderkey", "Relation Name": "lineitem", "Alias": "l2", "Startup Cost": 10000000000.0, "Total Cost": 1000324015374.5, "Plan Rows": 59987033, "Plan Width": 16}]}]}]}]}]}]}]}, "Unique SQL Id": 3870093320}, "explain_analyze_plan": null}, "(1, 64)": {"explain_plan": {"Plan": {"Node Type": "Limit", "Startup Cost": 2300808.41, "Total Cost": 2300808.66, "Plan Rows": 100, "Plan Width": 26, "Plans": [{"Node Type": "Sort", "Parent Relationship": "Outer", "Startup Cost": 2300808.41, "Total Cost": 2300831.34, "Plan Rows": 100, "Plan Width": 26, "Sort Key": ["(count(*)) DESC", "supplier.s_name"], "Plans": [{"Node Type": "Aggregate", "Strategy": "Hashed", "Parent Relationship": "Outer", "Startup Cost": 2300366.14, "Total Cost": 2300457.86, "Plan Rows": 9172, "Plan Width": 26, "Group By Key": ["supplier.s_name"], "Plans": [{"Node Type": "Nested Loop", "Parent Relationship": "Outer", "Join Type": "Inner", "Startup Cost": 2583.35, "Total Cost": 2300320.28, "Plan Rows": 9172, "Plan Width": 26, "Inner Unique": true, "Join Filter": "(l1.l_orderkey = orders.o_orderkey)", "Plans": [{"Node Type": "Nested Loop", "Parent Relationship": "Outer", "Join Type": "Semi", "Startup Cost": 2583.35, "Total Cost": 2293219.91, "Plan Rows": 7254, "Plan Width": 42, "Inner Unique": false, "Plans": [{"Node Type": "Nested Loop", "Parent Relationship": "Outer", "Join Type": "Anti", "Startup Cost": 2583.35, "Total Cost": 2291364.34, "Plan Rows": 7635, "Plan Width": 42, "Inner Unique": false, "Plans": [{"Node Type": "Hash Join", "Parent Relationship": "Outer", "Join Type": "Inner", "Startup Cost": 2583.35, "Total Cost": 2244177.13, "Plan Rows": 152707, "Plan Width": 42, "Inner Unique": false, "Hash Cond": "(l1.l_suppkey = supplier.s_suppkey), (LLVM Optimized)", "Plans": [{"Node Type": "Seq Scan", "Parent Relationship": "Outer", "Relation Name": "lineitem", "Alias": "l1", "Startup Cost": 0.0, "Total Cost": 2165082.91, "Plan Rows": 19995678, "Plan Width": 16, "Filter": "(l_receiptdate > l_commitdate), (LLVM Optimized)"}, {"Node Type": "Hash", "Parent Relationship": "Inner", "Startup Cost": 2533.35, "Total Cost": 2533.35, "Plan Rows": 4000, "Plan Width": 34, "Plans": [{"Node Type": "Nested Loop", "Parent Relationship": "Outer", "Join Type": "Inner", "Startup Cost": 95.25, "Total Cost": 2533.35, "Plan Rows": 4000, "Plan Width": 34, "Inner Unique": false, "Plans": [{"Node Type": "Seq Scan", "Parent Relationship": "Outer", "Relation Name": "nation", "Alias": "nation", "Startup Cost": 0.0, "Total Cost": 1.31, "Plan Rows": 1, "Plan Width": 4, "Filter": "(n_name = 'EGYPT'::bpchar)"}, {"Node Type": "Bitmap Heap Scan", "Parent Relationship": "Inner", "Relation Name": "supplier", "Alias": "supplier", "Startup Cost": 95.25, "Total Cost": 2492.04, "Plan Rows": 4000, "Plan Width": 38, "Recheck Cond": "(s_nationkey = nation.n_nationkey)", "Plans": [{"Node Type": "Bitmap Index Scan", "Parent Relationship": "Outer", "Index Name": "idx_supplier_nation_key", "Startup Cost": 0.0, "Total Cost": 94.25, "Plan Rows": 4000, "Plan Width": 0, "Index Cond": "(s_nationkey = nation.n_nationkey)"}]}]}]}]}, {"Node Type": "Index Scan", "Parent Relationship": "Inner", "Scan Direction": "Forward", "Index Name": "idx_lineitem_orderkey", "Relation Name": "lineitem", "Alias": "l3", "Startup Cost": 0.0, "Total Cost": 1.63, "Plan Rows": 3, "Plan Width": 16, "Index Cond": "(l_orderkey = l1.l_orderkey)", "Filter": "((l_receiptdate > l_commitdate) AND (l_suppkey <> l1.l_suppkey))"}]}, {"Node Type": "Index Scan", "Parent Relationship": "Inner", "Scan Direction": "Forward", "Index Name": "idx_lineitem_orderkey", "Relation Name": "lineitem", "Alias": "l2", "Startup Cost": 0.0, "Total Cost": 1.63, "Plan Rows": 9, "Plan Width": 16, "Index Cond": "(l_orderkey = l1.l_orderkey)", "Filter": "(l_suppkey <> l1.l_suppkey)"}]}, {"Node Type": "Index Scan", "Parent Relationship": "Inner", "Scan Direction": "Forward", "Index Name": "orders_pkey", "Relation Name": "orders", "Alias": "orders", "Startup Cost": 0.0, "Total Cost": 0.97, "Plan Rows": 1, "Plan Width": 8, "Index Cond": "(o_orderkey = l2.l_orderkey)", "Filter": "(o_orderstatus = 'F'::bpchar)"}]}]}]}]}, "Unique SQL Id": 3870093320}, "explain_analyze_plan": {"Plan": {"Node Type": "Limit", "Startup Cost": 2300808.41, "Total Cost": 2300808.66, "Plan Rows": 100, "Plan Width": 26, "Actual Startup Time": 44160.852, "Actual Total Time": 44160.878, "Actual Rows": 100, "Actual Loops": 1, "Plans": [{"Node Type": "Sort", "Parent Relationship": "Outer", "Startup Cost": 2300808.41, "Total Cost": 2300831.34, "Plan Rows": 100, "Plan Width": 26, "Actual Startup Time": 44160.849, "Actual Total Time": 44160.869, "Actual Rows": 100, "Actual Loops": 1, "Sort Key": ["(count(*)) DESC", "supplier.s_name"], "Sort Method": "top-N heapsort", "Sort Space Used": 41, "Sort Space Type": "Memory", "Plans": [{"Node Type": "Aggregate", "Strategy": "Hashed", "Parent Relationship": "Outer", "Startup Cost": 2300366.14, "Total Cost": 2300457.86, "Plan Rows": 9172, "Plan Width": 26, "Actual Startup Time": 44157.449, "Actual Total Time": 44158.792, "Actual Rows": 3981, "Actual Loops": 1, "Group By Key": ["supplier.s_name"], "Plans": [{"Node Type": "Nested Loop", "Parent Relationship": "Outer", "Join Type": "Inner", "Startup Cost": 2583.35, "Total Cost": 2300320.28, "Plan Rows": 9172, "Plan Width": 26, "Actual Startup Time": 9.374, "Actual Total Time": 44086.295, "Actual Rows": 39445, "Actual Loops": 1, "Inner Unique": true, "Join Filter": "(l1.l_orderkey = orders.o_orderkey)", "Rows Removed by Join Filter": 0, "Plans": [{"Node Type": "Nested Loop", "Parent Relationship": "Outer", "Join Type": "Semi", "Startup Cost": 2583.35, "Total Cost": 2293219.91, "Plan Rows": 7254, "Plan Width": 42, "Actual Startup Time": 9.355, "Actual Total Time": 43457.892, "Actual Rows": 80537, "Actual Loops": 1, "Inner Unique": false, "Plans": [{"Node Type": "Nested Loop", "Parent Relationship": "Outer", "Join Type": "Anti", "Startup Cost": 2583.35, "Total Cost": 2291364.34, "Plan Rows": 7635, "Plan Width": 42, "Actual Startup Time": 9.068, "Actual Total Time": 42842.367, "Actual Rows": 135110, "Actual Loops": 1, "Inner Unique": false, "Plans": [{"Node Type": "Hash Join", "Parent Relationship": "Outer", "Join Type": "Inner", "Startup Cost": 2583.35, "Total Cost": 2244177.13, "Plan Rows": 152707, "Plan Width": 42, "Actual Startup Time": 8.439, "Actual Total Time": 33997.816, "Actual Rows": 1511024, "Actual Loops": 1, "Inner Unique": false, "Hash Cond": "(l1.l_suppkey = supplier.s_suppkey), (LLVM Optimized, Jit Execute)", "Plans": [{"Node Type": "Seq Scan", "Parent Relationship": "Outer", "Relation Name": "lineitem", "Alias": "l1", "Startup Cost": 0.0, "Total Cost": 2165082.91, "Plan Rows": 19995678, "Plan Width": 16, "Actual Startup Time": 0.029, "Actual Total Time": 25409.088, "Actual Rows": 37929348, "Actual Loops": 1, "Filter": "(l_receiptdate > l_commitdate), (LLVM Optimized, Jit Execute)", "Rows Removed by Filter": 22056704}, {"Node Type": "Hash", "Parent Relationship": "Inner", "Startup Cost": 2533.35, "Total Cost": 2533.35, "Plan Rows": 4000, "Plan Width": 34, "Actual Startup Time": 8.311, "Actual Total Time": 8.311, "Actual Rows": 3981, "Actual Loops": 1, "Hash Buckets": 32768, "Hash Batches": 1, "Original Hash Batches": 1, "Peak Memory Usage": 280, "Plans": [{"Node Type": "Nested Loop", "Parent Relationship": "Outer", "Join Type": "Inner", "Startup Cost": 95.25, "Total Cost": 2533.35, "Plan Rows": 4000, "Plan Width": 34, "Actual Startup Time": 1.005, "Actual Total Time": 6.936, "Actual Rows": 3981, "Actual Loops": 1, "Inner Unique": false, "Plans": [{"Node Type": "Seq Scan", "Parent Relationship": "Outer", "Relation Name": "nation", "Alias": "nation", "Startup Cost": 0.0, "Total Cost": 1.31, "Plan Rows": 1, "Plan Width": 4, "Actual Startup Time": 0.016, "Actual Total Time": 0.03, "Actual Rows": 1, "Actual Loops": 1, "Filter": "(n_name = 'EGYPT'::bpchar)", "Rows Removed by Filter": 24}, {"Node Type": "Bitmap Heap Scan", "Parent Relationship": "Inner", "Relation Name": "supplier", "Alias": "supplier", "Startup Cost": 95.25, "Total Cost": 2492.04, "Plan Rows": 4000, "Plan Width": 38, "Actual Startup Time": 0.981, "Actual Total Time": 6.079, "Actual Rows": 3981, "Actual Loops": 1, "Recheck Cond": "(s_nationkey = nation.n_nationkey)", "Rows Removed by Index Recheck": 0, "Exact Heap Blocks": 1918, "Lossy Heap Blocks": 1918, "Plans": [{"Node Type": "Bitmap Index Scan", "Parent Relationship": "Outer", "Index Name": "idx_supplier_nation_key", "Startup Cost": 0.0, "Total Cost": 94.25, "Plan Rows": 4000, "Plan Width": 0, "Actual Startup Time": 0.681, "Actual Total Time": 0.681, "Actual Rows": 3981, "Actual Loops": 1, "Index Cond": "(s_nationkey = nation.n_nationkey)"}]}]}]}]}, {"Node Type": "Index Scan", "Parent Relationship": "Inner", "Scan Direction": "Forward", "Index Name": "idx_lineitem_orderkey", "Relation Name": "lineitem", "Alias": "l3", "Startup Cost": 0.0, "Total Cost": 1.63, "Plan Rows": 3, "Plan Width": 16, "Actual Startup Time": 7867.724, "Actual Total Time": 7867.724, "Actual Rows": 1375914, "Actual Loops": 1511024, "Index Cond": "(l_orderkey = l1.l_orderkey)", "Rows Removed by Index Recheck": 0, "Filter": "((l_receiptdate > l_commitdate) AND (l_suppkey <> l1.l_suppkey))", "Rows Removed by Filter": 1348115}]}, {"Node Type": "Index Scan", "Parent Relationship": "Inner", "Scan Direction": "Forward", "Index Name": "idx_lineitem_orderkey", "Relation Name": "lineitem", "Alias": "l2", "Startup Cost": 0.0, "Total Cost": 1.63, "Plan Rows": 9, "Plan Width": 16, "Actual Startup Time": 504.038, "Actual Total Time": 504.038, "Actual Rows": 80537, "Actual Loops": 135110, "Index Cond": "(l_orderkey = l1.l_orderkey)", "Rows Removed by Index Recheck": 0, "Filter": "(l_suppkey <> l1.l_suppkey)", "Rows Removed by Filter": 85912}]}, {"Node Type": "Index Scan", "Parent Relationship": "Inner", "Scan Direction": "Forward", "Index Name": "orders_pkey", "Relation Name": "orders", "Alias": "orders", "Startup Cost": 0.0, "Total Cost": 0.97, "Plan Rows": 1, "Plan Width": 8, "Actual Startup Time": 547.334, "Actual Total Time": 547.334, "Actual Rows": 39445, "Actual Loops": 80537, "Index Cond": "(o_orderkey = l2.l_orderkey)", "Rows Removed by Index Recheck": 0, "Filter": "(o_orderstatus = 'F'::bpchar)", "Rows Removed by Filter": 41092}]}]}]}]}, "Triggers": [], "Planner Runtime": 7.388, "Total Runtime": 44170.065, "Unique SQL Id": 3870093320}}, "(1, 65)": {"explain_plan": {"Plan": {"Node Type": "Limit", "Startup Cost": 3525858.2, "Total Cost": 3525858.45, "Plan Rows": 100, "Plan Width": 26, "Plans": [{"Node Type": "Sort", "Parent Relationship": "Outer", "Startup Cost": 3525858.2, "Total Cost": 3525881.13, "Plan Rows": 100, "Plan Width": 26, "Sort Key": ["(count(*)) DESC", "supplier.s_name"], "Plans": [{"Node Type": "Aggregate", "Strategy": "Hashed", "Parent Relationship": "Outer", "Startup Cost": 3525415.93, "Total Cost": 3525507.65, "Plan Rows": 9172, "Plan Width": 26, "Group By Key": ["supplier.s_name"], "Plans": [{"Node Type": "Nested Loop", "Parent Relationship": "Outer", "Join Type": "Inner", "Startup Cost": 2594.73, "Total Cost": 3525370.07, "Plan Rows": 9172, "Plan Width": 26, "Inner Unique": true, "Join Filter": "(l1.l_orderkey = orders.o_orderkey)", "Plans": [{"Node Type": "Nested Loop", "Parent Relationship": "Outer", "Join Type": "Semi", "Startup Cost": 2594.73, "Total Cost": 3518269.7, "Plan Rows": 7254, "Plan Width": 42, "Inner Unique": false, "Plans": [{"Node Type": "Nested Loop", "Parent Relationship": "Outer", "Join Type": "Anti", "Startup Cost": 2594.73, "Total Cost": 3516414.13, "Plan Rows": 7635, "Plan Width": 42, "Inner Unique": false, "Plans": [{"Node Type": "Hash Join", "Parent Relationship": "Outer", "Join Type": "Inner", "Startup Cost": 2594.73, "Total Cost": 3469226.92, "Plan Rows": 152707, "Plan Width": 42, "Inner Unique": false, "Hash Cond": "(l1.l_suppkey = supplier.s_suppkey), (LLVM Optimized)", "Plans": [{"Node Type": "Index Scan", "Parent Relationship": "Outer", "Scan Direction": "Forward", "Index Name": "idx_lineitem_orderkey", "Relation Name": "lineitem", "Alias": "l1", "Startup Cost": 0.0, "Total Cost": 3390121.33, "Plan Rows": 19995678, "Plan Width": 16, "Filter": "(l_receiptdate > l_commitdate), (LLVM Optimized)"}, {"Node Type": "Hash", "Parent Relationship": "Inner", "Startup Cost": 2544.73, "Total Cost": 2544.73, "Plan Rows": 4000, "Plan Width": 34, "Plans": [{"Node Type": "Nested Loop", "Parent Relationship": "Outer", "Join Type": "Inner", "Startup Cost": 95.25, "Total Cost": 2544.73, "Plan Rows": 4000, "Plan Width": 34, "Inner Unique": false, "Plans": [{"Node Type": "Index Scan", "Parent Relationship": "Outer", "Scan Direction": "Forward", "Index Name": "nation_pkey", "Relation Name": "nation", "Alias": "nation", "Startup Cost": 0.0, "Total Cost": 12.69, "Plan Rows": 1, "Plan Width": 4, "Filter": "(n_name = 'EGYPT'::bpchar)"}, {"Node Type": "Bitmap Heap Scan", "Parent Relationship": "Inner", "Relation Name": "supplier", "Alias": "supplier", "Startup Cost": 95.25, "Total Cost": 2492.04, "Plan Rows": 4000, "Plan Width": 38, "Recheck Cond": "(s_nationkey = nation.n_nationkey)", "Plans": [{"Node Type": "Bitmap Index Scan", "Parent Relationship": "Outer", "Index Name": "idx_supplier_nation_key", "Startup Cost": 0.0, "Total Cost": 94.25, "Plan Rows": 4000, "Plan Width": 0, "Index Cond": "(s_nationkey = nation.n_nationkey)"}]}]}]}]}, {"Node Type": "Index Scan", "Parent Relationship": "Inner", "Scan Direction": "Forward", "Index Name": "idx_lineitem_orderkey", "Relation Name": "lineitem", "Alias": "l3", "Startup Cost": 0.0, "Total Cost": 1.63, "Plan Rows": 3, "Plan Width": 16, "Index Cond": "(l_orderkey = l1.l_orderkey)", "Filter": "((l_receiptdate > l_commitdate) AND (l_suppkey <> l1.l_suppkey))"}]}, {"Node Type": "Index Scan", "Parent Relationship": "Inner", "Scan Direction": "Forward", "Index Name": "idx_lineitem_orderkey", "Relation Name": "lineitem", "Alias": "l2", "Startup Cost": 0.0, "Total Cost": 1.63, "Plan Rows": 9, "Plan Width": 16, "Index Cond": "(l_orderkey = l1.l_orderkey)", "Filter": "(l_suppkey <> l1.l_suppkey)"}]}, {"Node Type": "Index Scan", "Parent Relationship": "Inner", "Scan Direction": "Forward", "Index Name": "orders_pkey", "Relation Name": "orders", "Alias": "orders", "Startup Cost": 0.0, "Total Cost": 0.97, "Plan Rows": 1, "Plan Width": 8, "Index Cond": "(o_orderkey = l2.l_orderkey)", "Filter": "(o_orderstatus = 'F'::bpchar)"}]}]}]}]}, "Unique SQL Id": 3870093320}, "explain_analyze_plan": {"Plan": {"Node Type": "Limit", "Startup Cost": 3525858.2, "Total Cost": 3525858.45, "Plan Rows": 100, "Plan Width": 26, "Actual Startup Time": 66328.983, "Actual Total Time": 66328.998, "Actual Rows": 100, "Actual Loops": 1, "Plans": [{"Node Type": "Sort", "Parent Relationship": "Outer", "Startup Cost": 3525858.2, "Total Cost": 3525881.13, "Plan Rows": 100, "Plan Width": 26, "Actual Startup Time": 66328.981, "Actual Total Time": 66328.983, "Actual Rows": 100, "Actual Loops": 1, "Sort Key": ["(count(*)) DESC", "supplier.s_name"], "Sort Method": "top-N heapsort", "Sort Space Used": 41, "Sort Space Type": "Memory", "Plans": [{"Node Type": "Aggregate", "Strategy": "Hashed", "Parent Relationship": "Outer", "Startup Cost": 3525415.93, "Total Cost": 3525507.65, "Plan Rows": 9172, "Plan Width": 26, "Actual Startup Time": 66325.713, "Actual Total Time": 66326.889, "Actual Rows": 3981, "Actual Loops": 1, "Group By Key": ["supplier.s_name"], "Plans": [{"Node Type": "Nested Loop", "Parent Relationship": "Outer", "Join Type": "Inner", "Startup Cost": 2594.73, "Total Cost": 3525370.07, "Plan Rows": 9172, "Plan Width": 26, "Actual Startup Time": 9.758, "Actual Total Time": 66254.92, "Actual Rows": 39445, "Actual Loops": 1, "Inner Unique": true, "Join Filter": "(l1.l_orderkey = orders.o_orderkey)", "Rows Removed by Join Filter": 0, "Plans": [{"Node Type": "Nested Loop", "Parent Relationship": "Outer", "Join Type": "Semi", "Startup Cost": 2594.73, "Total Cost": 3518269.7, "Plan Rows": 7254, "Plan Width": 42, "Actual Startup Time": 9.738, "Actual Total Time": 65597.437, "Actual Rows": 80537, "Actual Loops": 1, "Inner Unique": false, "Plans": [{"Node Type": "Nested Loop", "Parent Relationship": "Outer", "Join Type": "Anti", "Startup Cost": 2594.73, "Total Cost": 3516414.13, "Plan Rows": 7635, "Plan Width": 42, "Actual Startup Time": 9.36, "Actual Total Time": 64964.719, "Actual Rows": 135110, "Actual Loops": 1, "Inner Unique": false, "Plans": [{"Node Type": "Hash Join", "Parent Relationship": "Outer", "Join Type": "Inner", "Startup Cost": 2594.73, "Total Cost": 3469226.92, "Plan Rows": 152707, "Plan Width": 42, "Actual Startup Time": 8.552, "Actual Total Time": 56797.185, "Actual Rows": 1511024, "Actual Loops": 1, "Inner Unique": false, "Hash Cond": "(l1.l_suppkey = supplier.s_suppkey), (LLVM Optimized, Jit Execute)", "Plans": [{"Node Type": "Index Scan", "Parent Relationship": "Outer", "Scan Direction": "Forward", "Index Name": "idx_lineitem_orderkey", "Relation Name": "lineitem", "Alias": "l1", "Startup Cost": 0.0, "Total Cost": 3390121.33, "Plan Rows": 19995678, "Plan Width": 16, "Actual Startup Time": 0.036, "Actual Total Time": 48747.291, "Actual Rows": 37929348, "Actual Loops": 1, "Filter": "(l_receiptdate > l_commitdate), (LLVM Optimized, Jit Execute)", "Rows Removed by Filter": 22056704}, {"Node Type": "Hash", "Parent Relationship": "Inner", "Startup Cost": 2544.73, "Total Cost": 2544.73, "Plan Rows": 4000, "Plan Width": 34, "Actual Startup Time": 8.395, "Actual Total Time": 8.395, "Actual Rows": 3981, "Actual Loops": 1, "Hash Buckets": 32768, "Hash Batches": 1, "Original Hash Batches": 1, "Peak Memory Usage": 280, "Plans": [{"Node Type": "Nested Loop", "Parent Relationship": "Outer", "Join Type": "Inner", "Startup Cost": 95.25, "Total Cost": 2544.73, "Plan Rows": 4000, "Plan Width": 34, "Actual Startup Time": 0.997, "Actual Total Time": 7.019, "Actual Rows": 3981, "Actual Loops": 1, "Inner Unique": false, "Plans": [{"Node Type": "Index Scan", "Parent Relationship": "Outer", "Scan Direction": "Forward", "Index Name": "nation_pkey", "Relation Name": "nation", "Alias": "nation", "Startup Cost": 0.0, "Total Cost": 12.69, "Plan Rows": 1, "Plan Width": 4, "Actual Startup Time": 0.011, "Actual Total Time": 0.029, "Actual Rows": 1, "Actual Loops": 1, "Filter": "(n_name = 'EGYPT'::bpchar)", "Rows Removed by Filter": 24}, {"Node Type": "Bitmap Heap Scan", "Parent Relationship": "Inner", "Relation Name": "supplier", "Alias": "supplier", "Startup Cost": 95.25, "Total Cost": 2492.04, "Plan Rows": 4000, "Plan Width": 38, "Actual Startup Time": 0.98, "Actual Total Time": 6.17, "Actual Rows": 3981, "Actual Loops": 1, "Recheck Cond": "(s_nationkey = nation.n_nationkey)", "Rows Removed by Index Recheck": 0, "Exact Heap Blocks": 1918, "Lossy Heap Blocks": 1918, "Plans": [{"Node Type": "Bitmap Index Scan", "Parent Relationship": "Outer", "Index Name": "idx_supplier_nation_key", "Startup Cost": 0.0, "Total Cost": 94.25, "Plan Rows": 4000, "Plan Width": 0, "Actual Startup Time": 0.686, "Actual Total Time": 0.686, "Actual Rows": 3981, "Actual Loops": 1, "Index Cond": "(s_nationkey = nation.n_nationkey)"}]}]}]}]}, {"Node Type": "Index Scan", "Parent Relationship": "Inner", "Scan Direction": "Forward", "Index Name": "idx_lineitem_orderkey", "Relation Name": "lineitem", "Alias": "l3", "Startup Cost": 0.0, "Total Cost": 1.63, "Plan Rows": 3, "Plan Width": 16, "Actual Startup Time": 7166.725, "Actual Total Time": 7166.725, "Actual Rows": 1375914, "Actual Loops": 1511024, "Index Cond": "(l_orderkey = l1.l_orderkey)", "Rows Removed by Index Recheck": 0, "Filter": "((l_receiptdate > l_commitdate) AND (l_suppkey <> l1.l_suppkey))", "Rows Removed by Filter": 1348115}]}, {"Node Type": "Index Scan", "Parent Relationship": "Inner", "Scan Direction": "Forward", "Index Name": "idx_lineitem_orderkey", "Relation Name": "lineitem", "Alias": "l2", "Startup Cost": 0.0, "Total Cost": 1.63, "Plan Rows": 9, "Plan Width": 16, "Actual Startup Time": 509.545, "Actual Total Time": 509.545, "Actual Rows": 80537, "Actual Loops": 135110, "Index Cond": "(l_orderkey = l1.l_orderkey)", "Rows Removed by Index Recheck": 0, "Filter": "(l_suppkey <> l1.l_suppkey)", "Rows Removed by Filter": 85912}]}, {"Node Type": "Index Scan", "Parent Relationship": "Inner", "Scan Direction": "Forward", "Index Name": "orders_pkey", "Relation Name": "orders", "Alias": "orders", "Startup Cost": 0.0, "Total Cost": 0.97, "Plan Rows": 1, "Plan Width": 8, "Actual Startup Time": 569.841, "Actual Total Time": 569.841, "Actual Rows": 39445, "Actual Loops": 80537, "Index Cond": "(o_orderkey = l2.l_orderkey)", "Rows Removed by Index Recheck": 0, "Filter": "(o_orderstatus = 'F'::bpchar)", "Rows Removed by Filter": 41092}]}]}]}]}, "Triggers": [], "Planner Runtime": 7.315, "Total Runtime": 66338.102, "Unique SQL Id": 3870093320}}, "(1, 66)": {"explain_plan": {"Plan": {"Node Type": "Limit", "Startup Cost": 2652117.64, "Total Cost": 2652117.89, "Plan Rows": 100, "Plan Width": 26, "Plans": [{"Node Type": "Sort", "Parent Relationship": "Outer", "Startup Cost": 2652117.64, "Total Cost": 2652140.57, "Plan Rows": 100, "Plan Width": 26, "Sort Key": ["(count(*)) DESC", "supplier.s_name"], "Plans": [{"Node Type": "Aggregate", "Strategy": "Hashed", "Parent Relationship": "Outer", "Startup Cost": 2651675.37, "Total Cost": 2651767.09, "Plan Rows": 9172, "Plan Width": 26, "Group By Key": ["supplier.s_name"], "Plans": [{"Node Type": "Nested Loop", "Parent Relationship": "Outer", "Join Type": "Inner", "Startup Cost": 2585.6, "Total Cost": 2651629.51, "Plan Rows": 9172, "Plan Width": 26, "Inner Unique": true, "Join Filter": "(l1.l_orderkey = orders.o_orderkey)", "Plans": [{"Node Type": "Nested Loop", "Parent Relationship": "Outer", "Join Type": "Semi", "Startup Cost": 2585.0, "Total Cost": 2618068.76, "Plan Rows": 7254, "Plan Width": 42, "Inner Unique": false, "Plans": [{"Node Type": "Nested Loop", "Parent Relationship": "Outer", "Join Type": "Anti", "Startup Cost": 2584.17, "Total Cost": 2602890.2, "Plan Rows": 7635, "Plan Width": 42, "Inner Unique": false, "Plans": [{"Node Type": "Hash Join", "Parent Relationship": "Outer", "Join Type": "Inner", "Startup Cost": 2583.35, "Total Cost": 2244177.13, "Plan Rows": 152707, "Plan Width": 42, "Inner Unique": false, "Hash Cond": "(l1.l_suppkey = supplier.s_suppkey), (LLVM Optimized)", "Plans": [{"Node Type": "Seq Scan", "Parent Relationship": "Outer", "Relation Name": "lineitem", "Alias": "l1", "Startup Cost": 0.0, "Total Cost": 2165082.91, "Plan Rows": 19995678, "Plan Width": 16, "Filter": "(l_receiptdate > l_commitdate), (LLVM Optimized)"}, {"Node Type": "Hash", "Parent Relationship": "Inner", "Startup Cost": 2533.35, "Total Cost": 2533.35, "Plan Rows": 4000, "Plan Width": 34, "Plans": [{"Node Type": "Nested Loop", "Parent Relationship": "Outer", "Join Type": "Inner", "Startup Cost": 95.25, "Total Cost": 2533.35, "Plan Rows": 4000, "Plan Width": 34, "Inner Unique": false, "Plans": [{"Node Type": "Seq Scan", "Parent Relationship": "Outer", "Relation Name": "nation", "Alias": "nation", "Startup Cost": 0.0, "Total Cost": 1.31, "Plan Rows": 1, "Plan Width": 4, "Filter": "(n_name = 'EGYPT'::bpchar)"}, {"Node Type": "Bitmap Heap Scan", "Parent Relationship": "Inner", "Relation Name": "supplier", "Alias": "supplier", "Startup Cost": 95.25, "Total Cost": 2492.04, "Plan Rows": 4000, "Plan Width": 38, "Recheck Cond": "(s_nationkey = nation.n_nationkey)", "Plans": [{"Node Type": "Bitmap Index Scan", "Parent Relationship": "Outer", "Index Name": "idx_supplier_nation_key", "Startup Cost": 0.0, "Total Cost": 94.25, "Plan Rows": 4000, "Plan Width": 0, "Index Cond": "(s_nationkey = nation.n_nationkey)"}]}]}]}]}, {"Node Type": "Bitmap Heap Scan", "Parent Relationship": "Inner", "Relation Name": "lineitem", "Alias": "l3", "Startup Cost": 0.82, "Total Cost": 8.97, "Plan Rows": 3, "Plan Width": 16, "Recheck Cond": "(l_orderkey = l1.l_orderkey)", "Filter": "((l_receiptdate > l_commitdate) AND (l_suppkey <> l1.l_suppkey))", "Plans": [{"Node Type": "Bitmap Index Scan", "Parent Relationship": "Outer", "Index Name": "idx_lineitem_orderkey", "Startup Cost": 0.0, "Total Cost": 0.82, "Plan Rows": 9, "Plan Width": 0, "Index Cond": "(l_orderkey = l1.l_orderkey)"}]}]}, {"Node Type": "Bitmap Heap Scan", "Parent Relationship": "Inner", "Relation Name": "lineitem", "Alias": "l2", "Startup Cost": 0.82, "Total Cost": 8.95, "Plan Rows": 9, "Plan Width": 16, "Recheck Cond": "(l_orderkey = l1.l_orderkey)", "Filter": "(l_suppkey <> l1.l_suppkey)", "Plans": [{"Node Type": "Bitmap Index Scan", "Parent Relationship": "Outer", "Index Name": "idx_lineitem_orderkey", "Startup Cost": 0.0, "Total Cost": 0.82, "Plan Rows": 9, "Plan Width": 0, "Index Cond": "(l_orderkey = l1.l_orderkey)"}]}]}, {"Node Type": "Bitmap Heap Scan", "Parent Relationship": "Inner", "Relation Name": "orders", "Alias": "orders", "Startup Cost": 0.6, "Total Cost": 4.61, "Plan Rows": 1, "Plan Width": 8, "Recheck Cond": "(o_orderkey = l2.l_orderkey)", "Filter": "(o_orderstatus = 'F'::bpchar)", "Plans": [{"Node Type": "Bitmap Index Scan", "Parent Relationship": "Outer", "Index Name": "orders_pkey", "Startup Cost": 0.0, "Total Cost": 0.6, "Plan Rows": 1, "Plan Width": 0, "Index Cond": "(o_orderkey = l2.l_orderkey)"}]}]}]}]}]}, "Unique SQL Id": 3870093320}, "explain_analyze_plan": {"Plan": {"Node Type": "Limit", "Startup Cost": 2652117.64, "Total Cost": 2652117.89, "Plan Rows": 100, "Plan Width": 26, "Actual Startup Time": 48542.548, "Actual Total Time": 48542.566, "Actual Rows": 100, "Actual Loops": 1, "Plans": [{"Node Type": "Sort", "Parent Relationship": "Outer", "Startup Cost": 2652117.64, "Total Cost": 2652140.57, "Plan Rows": 100, "Plan Width": 26, "Actual Startup Time": 48542.546, "Actual Total Time": 48542.554, "Actual Rows": 100, "Actual Loops": 1, "Sort Key": ["(count(*)) DESC", "supplier.s_name"], "Sort Method": "top-N heapsort", "Sort Space Used": 41, "Sort Space Type": "Memory", "Plans": [{"Node Type": "Aggregate", "Strategy": "Hashed", "Parent Relationship": "Outer", "Startup Cost": 2651675.37, "Total Cost": 2651767.09, "Plan Rows": 9172, "Plan Width": 26, "Actual Startup Time": 48539.063, "Actual Total Time": 48540.513, "Actual Rows": 3981, "Actual Loops": 1, "Group By Key": ["supplier.s_name"], "Plans": [{"Node Type": "Nested Loop", "Parent Relationship": "Outer", "Join Type": "Inner", "Startup Cost": 2585.6, "Total Cost": 2651629.51, "Plan Rows": 9172, "Plan Width": 26, "Actual Startup Time": 11.989, "Actual Total Time": 48454.234, "Actual Rows": 39445, "Actual Loops": 1, "Inner Unique": true, "Join Filter": "(l1.l_orderkey = orders.o_orderkey)", "Rows Removed by Join Filter": 0, "Plans": [{"Node Type": "Nested Loop", "Parent Relationship": "Outer", "Join Type": "Semi", "Startup Cost": 2585.0, "Total Cost": 2618068.76, "Plan Rows": 7254, "Plan Width": 42, "Actual Startup Time": 11.965, "Actual Total Time": 47684.747, "Actual Rows": 80537, "Actual Loops": 1, "Inner Unique": false, "Plans": [{"Node Type": "Nested Loop", "Parent Relationship": "Outer", "Join Type": "Anti", "Startup Cost": 2584.17, "Total Cost": 2602890.2, "Plan Rows": 7635, "Plan Width": 42, "Actual Startup Time": 11.643, "Actual Total Time": 46787.199, "Actual Rows": 135110, "Actual Loops": 1, "Inner Unique": false, "Plans": [{"Node Type": "Hash Join", "Parent Relationship": "Outer", "Join Type": "Inner", "Startup Cost": 2583.35, "Total Cost": 2244177.13, "Plan Rows": 152707, "Plan Width": 42, "Actual Startup Time": 10.92, "Actual Total Time": 33938.332, "Actual Rows": 1511024, "Actual Loops": 1, "Inner Unique": false, "Hash Cond": "(l1.l_suppkey = supplier.s_suppkey), (LLVM Optimized, Jit Execute)", "Plans": [{"Node Type": "Seq Scan", "Parent Relationship": "Outer", "Relation Name": "lineitem", "Alias": "l1", "Startup Cost": 0.0, "Total Cost": 2165082.91, "Plan Rows": 19995678, "Plan Width": 16, "Actual Startup Time": 0.018, "Actual Total Time": 25391.367, "Actual Rows": 37929348, "Actual Loops": 1, "Filter": "(l_receiptdate > l_commitdate), (LLVM Optimized, Jit Execute)", "Rows Removed by Filter": 22056704}, {"Node Type": "Hash", "Parent Relationship": "Inner", "Startup Cost": 2533.35, "Total Cost": 2533.35, "Plan Rows": 4000, "Plan Width": 34, "Actual Startup Time": 10.809, "Actual Total Time": 10.809, "Actual Rows": 3981, "Actual Loops": 1, "Hash Buckets": 32768, "Hash Batches": 1, "Original Hash Batches": 1, "Peak Memory Usage": 280, "Plans": [{"Node Type": "Nested Loop", "Parent Relationship": "Outer", "Join Type": "Inner", "Startup Cost": 95.25, "Total Cost": 2533.35, "Plan Rows": 4000, "Plan Width": 34, "Actual Startup Time": 1.047, "Actual Total Time": 9.624, "Actual Rows": 3981, "Actual Loops": 1, "Inner Unique": false, "Plans": [{"Node Type": "Seq Scan", "Parent Relationship": "Outer", "Relation Name": "nation", "Alias": "nation", "Startup Cost": 0.0, "Total Cost": 1.31, "Plan Rows": 1, "Plan Width": 4, "Actual Startup Time": 0.017, "Actual Total Time": 0.026, "Actual Rows": 1, "Actual Loops": 1, "Filter": "(n_name = 'EGYPT'::bpchar)", "Rows Removed by Filter": 24}, {"Node Type": "Bitmap Heap Scan", "Parent Relationship": "Inner", "Relation Name": "supplier", "Alias": "supplier", "Startup Cost": 95.25, "Total Cost": 2492.04, "Plan Rows": 4000, "Plan Width": 38, "Actual Startup Time": 1.025, "Actual Total Time": 8.745, "Actual Rows": 3981, "Actual Loops": 1, "Recheck Cond": "(s_nationkey = nation.n_nationkey)", "Rows Removed by Index Recheck": 0, "Exact Heap Blocks": 1918, "Lossy Heap Blocks": 1918, "Plans": [{"Node Type": "Bitmap Index Scan", "Parent Relationship": "Outer", "Index Name": "idx_supplier_nation_key", "Startup Cost": 0.0, "Total Cost": 94.25, "Plan Rows": 4000, "Plan Width": 0, "Actual Startup Time": 0.733, "Actual Total Time": 0.733, "Actual Rows": 3981, "Actual Loops": 1, "Index Cond": "(s_nationkey = nation.n_nationkey)"}]}]}]}]}, {"Node Type": "Bitmap Heap Scan", "Parent Relationship": "Inner", "Relation Name": "lineitem", "Alias": "l3", "Startup Cost": 0.82, "Total Cost": 8.97, "Plan Rows": 3, "Plan Width": 16, "Actual Startup Time": 10918.95, "Actual Total Time": 10918.95, "Actual Rows": 1375914, "Actual Loops": 1511024, "Recheck Cond": "(l_orderkey = l1.l_orderkey)", "Rows Removed by Index Recheck": 0, "Filter": "((l_receiptdate > l_commitdate) AND (l_suppkey <> l1.l_suppkey))", "Rows Removed by Filter": 1348115, "Exact Heap Blocks": 1539822, "Lossy Heap Blocks": 1539822, "Plans": [{"Node Type": "Bitmap Index Scan", "Parent Relationship": "Outer", "Index Name": "idx_lineitem_orderkey", "Startup Cost": 0.0, "Total Cost": 0.82, "Plan Rows": 9, "Plan Width": 0, "Actual Startup Time": 6283.234, "Actual Total Time": 6283.234, "Actual Rows": 7550552, "Actual Loops": 1511024, "Index Cond": "(l_orderkey = l1.l_orderkey)"}]}]}, {"Node Type": "Bitmap Heap Scan", "Parent Relationship": "Inner", "Relation Name": "lineitem", "Alias": "l2", "Startup Cost": 0.82, "Total Cost": 8.95, "Plan Rows": 9, "Plan Width": 16, "Actual Startup Time": 696.878, "Actual Total Time": 696.878, "Actual Rows": 80537, "Actual Loops": 135110, "Recheck Cond": "(l_orderkey = l1.l_orderkey)", "Rows Removed by Index Recheck": 0, "Filter": "(l_suppkey <> l1.l_suppkey)", "Rows Removed by Filter": 85912, "Exact Heap Blocks": 135868, "Lossy Heap Blocks": 135868, "Plans": [{"Node Type": "Bitmap Index Scan", "Parent Relationship": "Outer", "Index Name": "idx_lineitem_orderkey", "Startup Cost": 0.0, "Total Cost": 0.82, "Plan Rows": 9, "Plan Width": 0, "Actual Startup Time": 422.211, "Actual Total Time": 422.211, "Actual Rows": 287712, "Actual Loops": 135110, "Index Cond": "(l_orderkey = l1.l_orderkey)"}]}]}, {"Node Type": "Bitmap Heap Scan", "Parent Relationship": "Inner", "Relation Name": "orders", "Alias": "orders", "Startup Cost": 0.6, "Total Cost": 4.61, "Plan Rows": 1, "Plan Width": 8, "Actual Startup Time": 632.367, "Actual Total Time": 632.367, "Actual Rows": 39445, "Actual Loops": 80537, "Recheck Cond": "(o_orderkey = l2.l_orderkey)", "Rows Removed by Index Recheck": 0, "Filter": "(o_orderstatus = 'F'::bpchar)", "Rows Removed by Filter": 41092, "Exact Heap Blocks": 80537, "Lossy Heap Blocks": 80537, "Plans": [{"Node Type": "Bitmap Index Scan", "Parent Relationship": "Outer", "Index Name": "orders_pkey", "Startup Cost": 0.0, "Total Cost": 0.6, "Plan Rows": 1, "Plan Width": 0, "Actual Startup Time": 353.005, "Actual Total Time": 353.005, "Actual Rows": 80537, "Actual Loops": 80537, "Index Cond": "(o_orderkey = l2.l_orderkey)"}]}]}]}]}]}, "Triggers": [], "Planner Runtime": 7.559, "Total Runtime": 48565.653, "Unique SQL Id": 3870093320}}, "(1, 67)": {"explain_plan": {"Plan": {"Node Type": "Limit", "Startup Cost": 1000209392502.29, "Total Cost": 1000209392502.54, "Plan Rows": 100, "Plan Width": 26, "Plans": [{"Node Type": "Sort", "Parent Relationship": "Outer", "Startup Cost": 1000209392502.29, "Total Cost": 1000209392525.22, "Plan Rows": 100, "Plan Width": 26, "Sort Key": ["(count(*)) DESC", "supplier.s_name"], "Plans": [{"Node Type": "Aggregate", "Strategy": "Hashed", "Parent Relationship": "Outer", "Startup Cost": 1000209392060.03, "Total Cost": 1000209392151.75, "Plan Rows": 9172, "Plan Width": 26, "Group By Key": ["supplier.s_name"], "Plans": [{"Node Type": "Nested Loop", "Parent Relationship": "Outer", "Join Type": "Semi", "Startup Cost": 10000000003.33, "Total Cost": 1000209392014.17, "Plan Rows": 9172, "Plan Width": 26, "Inner Unique": false, "Join Filter": "(orders.o_orderkey = l2.l_orderkey)", "Plans": [{"Node Type": "Nested Loop", "Parent Relationship": "Outer", "Join Type": "Inner", "Startup Cost": 10000000002.51, "Total Cost": 1000209365752.63, "Plan Rows": 9655, "Plan Width": 50, "Inner Unique": true, "Plans": [{"Node Type": "Nested Loop", "Parent Relationship": "Outer", "Join Type": "Inner", "Startup Cost": 10000000002.25, "Total Cost": 1000208331993.1, "Plan Rows": 241373, "Plan Width": 54, "Inner Unique": true, "Plans": [{"Node Type": "Nested Loop", "Parent Relationship": "Outer", "Join Type": "Anti", "Startup Cost": 10000000001.7, "Total Cost": 1000202554809.43, "Plan Rows": 1264232, "Plan Width": 24, "Inner Unique": false, "Plans": [{"Node Type": "Nested Loop", "Parent Relationship": "Outer", "Join Type": "Inner", "Startup Cost": 10000000000.88, "Total Cost": 1000143161213.03, "Plan Rows": 25284641, "Plan Width": 24, "Inner Unique": false, "Plans": [{"Node Type": "Index Scan", "Parent Relationship": "Outer", "Scan Direction": "Forward", "Index Name": "orders_pkey", "Relation Name": "orders", "Alias": "orders", "Startup Cost": 10000000000.0, "Total Cost": 1000076847713.25, "Plan Rows": 7338812, "Plan Width": 8, "Filter": "(o_orderstatus = 'F'::bpchar), (LLVM Optimized)"}, {"Node Type": "Bitmap Heap Scan", "Parent Relationship": "Inner", "Relation Name": "lineitem", "Alias": "l1", "Startup Cost": 0.88, "Total Cost": 9.01, "Plan Rows": 3, "Plan Width": 16, "Recheck Cond": "(l_orderkey = orders.o_orderkey)", "Filter": "(l_receiptdate > l_commitdate)", "Plans": [{"Node Type": "Bitmap Index Scan", "Parent Relationship": "Outer", "Index Name": "idx_lineitem_orderkey", "Startup Cost": 0.0, "Total Cost": 0.88, "Plan Rows": 9, "Plan Width": 0, "Index Cond": "(l_orderkey = orders.o_orderkey)"}]}]}, {"Node Type": "Bitmap Heap Scan", "Parent Relationship": "Inner", "Relation Name": "lineitem", "Alias": "l3", "Startup Cost": 0.82, "Total Cost": 8.97, "Plan Rows": 3, "Plan Width": 16, "Recheck Cond": "(l_orderkey = l1.l_orderkey)", "Filter": "((l_receiptdate > l_commitdate) AND (l_suppkey <> l1.l_suppkey))", "Plans": [{"Node Type": "Bitmap Index Scan", "Parent Relationship": "Outer", "Index Name": "idx_lineitem_orderkey", "Startup Cost": 0.0, "Total Cost": 0.82, "Plan Rows": 9, "Plan Width": 0, "Index Cond": "(l_orderkey = l1.l_orderkey)"}]}]}, {"Node Type": "Bitmap Heap Scan", "Parent Relationship": "Inner", "Relation Name": "supplier", "Alias": "supplier", "Startup Cost": 0.55, "Total Cost": 4.56, "Plan Rows": 1, "Plan Width": 38, "Recheck Cond": "(s_suppkey = l1.l_suppkey)", "Plans": [{"Node Type": "Bitmap Index Scan", "Parent Relationship": "Outer", "Index Name": "supplier_pkey", "Startup Cost": 0.0, "Total Cost": 0.55, "Plan Rows": 1, "Plan Width": 0, "Index Cond": "(s_suppkey = l1.l_suppkey)"}]}]}, {"Node Type": "Bitmap Heap Scan", "Parent Relationship": "Inner", "Relation Name": "nation", "Alias": "nation", "Startup Cost": 0.26, "Total Cost": 4.27, "Plan Rows": 1, "Plan Width": 4, "Recheck Cond": "(n_nationkey = supplier.s_nationkey)", "Filter": "(n_name = 'EGYPT'::bpchar)", "Plans": [{"Node Type": "Bitmap Index Scan", "Parent Relationship": "Outer", "Index Name": "nation_pkey", "Startup Cost": 0.0, "Total Cost": 0.26, "Plan Rows": 1, "Plan Width": 0, "Index Cond": "(n_nationkey = supplier.s_nationkey)"}]}]}, {"Node Type": "Bitmap Heap Scan", "Parent Relationship": "Inner", "Relation Name": "lineitem", "Alias": "l2", "Startup Cost": 0.82, "Total Cost": 8.95, "Plan Rows": 9, "Plan Width": 16, "Recheck Cond": "(l_orderkey = l1.l_orderkey)", "Filter": "(l_suppkey <> l1.l_suppkey)", "Plans": [{"Node Type": "Bitmap Index Scan", "Parent Relationship": "Outer", "Index Name": "idx_lineitem_orderkey", "Startup Cost": 0.0, "Total Cost": 0.82, "Plan Rows": 9, "Plan Width": 0, "Index Cond": "(l_orderkey = l1.l_orderkey)"}]}]}]}]}]}, "Unique SQL Id": 3870093320}, "explain_analyze_plan": null}, "(1, 68)": {"explain_plan": {"Plan": {"Node Type": "Limit", "Startup Cost": 2300808.41, "Total Cost": 2300808.66, "Plan Rows": 100, "Plan Width": 26, "Plans": [{"Node Type": "Sort", "Parent Relationship": "Outer", "Startup Cost": 2300808.41, "Total Cost": 2300831.34, "Plan Rows": 100, "Plan Width": 26, "Sort Key": ["(count(*)) DESC", "supplier.s_name"], "Plans": [{"Node Type": "Aggregate", "Strategy": "Hashed", "Parent Relationship": "Outer", "Startup Cost": 2300366.14, "Total Cost": 2300457.86, "Plan Rows": 9172, "Plan Width": 26, "Group By Key": ["supplier.s_name"], "Plans": [{"Node Type": "Nested Loop", "Parent Relationship": "Outer", "Join Type": "Inner", "Startup Cost": 2583.35, "Total Cost": 2300320.28, "Plan Rows": 9172, "Plan Width": 26, "Inner Unique": true, "Join Filter": "(l1.l_orderkey = orders.o_orderkey)", "Plans": [{"Node Type": "Nested Loop", "Parent Relationship": "Outer", "Join Type": "Semi", "Startup Cost": 2583.35, "Total Cost": 2293219.91, "Plan Rows": 7254, "Plan Width": 42, "Inner Unique": false, "Plans": [{"Node Type": "Nested Loop", "Parent Relationship": "Outer", "Join Type": "Anti", "Startup Cost": 2583.35, "Total Cost": 2291364.34, "Plan Rows": 7635, "Plan Width": 42, "Inner Unique": false, "Plans": [{"Node Type": "Hash Join", "Parent Relationship": "Outer", "Join Type": "Inner", "Startup Cost": 2583.35, "Total Cost": 2244177.13, "Plan Rows": 152707, "Plan Width": 42, "Inner Unique": false, "Hash Cond": "(l1.l_suppkey = supplier.s_suppkey), (LLVM Optimized)", "Plans": [{"Node Type": "Seq Scan", "Parent Relationship": "Outer", "Relation Name": "lineitem", "Alias": "l1", "Startup Cost": 0.0, "Total Cost": 2165082.91, "Plan Rows": 19995678, "Plan Width": 16, "Filter": "(l_receiptdate > l_commitdate), (LLVM Optimized)"}, {"Node Type": "Hash", "Parent Relationship": "Inner", "Startup Cost": 2533.35, "Total Cost": 2533.35, "Plan Rows": 4000, "Plan Width": 34, "Plans": [{"Node Type": "Nested Loop", "Parent Relationship": "Outer", "Join Type": "Inner", "Startup Cost": 95.25, "Total Cost": 2533.35, "Plan Rows": 4000, "Plan Width": 34, "Inner Unique": false, "Plans": [{"Node Type": "Seq Scan", "Parent Relationship": "Outer", "Relation Name": "nation", "Alias": "nation", "Startup Cost": 0.0, "Total Cost": 1.31, "Plan Rows": 1, "Plan Width": 4, "Filter": "(n_name = 'EGYPT'::bpchar)"}, {"Node Type": "Bitmap Heap Scan", "Parent Relationship": "Inner", "Relation Name": "supplier", "Alias": "supplier", "Startup Cost": 95.25, "Total Cost": 2492.04, "Plan Rows": 4000, "Plan Width": 38, "Recheck Cond": "(s_nationkey = nation.n_nationkey)", "Plans": [{"Node Type": "Bitmap Index Scan", "Parent Relationship": "Outer", "Index Name": "idx_supplier_nation_key", "Startup Cost": 0.0, "Total Cost": 94.25, "Plan Rows": 4000, "Plan Width": 0, "Index Cond": "(s_nationkey = nation.n_nationkey)"}]}]}]}]}, {"Node Type": "Index Scan", "Parent Relationship": "Inner", "Scan Direction": "Forward", "Index Name": "idx_lineitem_orderkey", "Relation Name": "lineitem", "Alias": "l3", "Startup Cost": 0.0, "Total Cost": 1.63, "Plan Rows": 3, "Plan Width": 16, "Index Cond": "(l_orderkey = l1.l_orderkey)", "Filter": "((l_receiptdate > l_commitdate) AND (l_suppkey <> l1.l_suppkey))"}]}, {"Node Type": "Index Scan", "Parent Relationship": "Inner", "Scan Direction": "Forward", "Index Name": "idx_lineitem_orderkey", "Relation Name": "lineitem", "Alias": "l2", "Startup Cost": 0.0, "Total Cost": 1.63, "Plan Rows": 9, "Plan Width": 16, "Index Cond": "(l_orderkey = l1.l_orderkey)", "Filter": "(l_suppkey <> l1.l_suppkey)"}]}, {"Node Type": "Index Scan", "Parent Relationship": "Inner", "Scan Direction": "Forward", "Index Name": "orders_pkey", "Relation Name": "orders", "Alias": "orders", "Startup Cost": 0.0, "Total Cost": 0.97, "Plan Rows": 1, "Plan Width": 8, "Index Cond": "(o_orderkey = l2.l_orderkey)", "Filter": "(o_orderstatus = 'F'::bpchar)"}]}]}]}]}, "Unique SQL Id": 3870093320}, "explain_analyze_plan": {"Plan": {"Node Type": "Limit", "Startup Cost": 2300808.41, "Total Cost": 2300808.66, "Plan Rows": 100, "Plan Width": 26, "Actual Startup Time": 44160.852, "Actual Total Time": 44160.878, "Actual Rows": 100, "Actual Loops": 1, "Plans": [{"Node Type": "Sort", "Parent Relationship": "Outer", "Startup Cost": 2300808.41, "Total Cost": 2300831.34, "Plan Rows": 100, "Plan Width": 26, "Actual Startup Time": 44160.849, "Actual Total Time": 44160.869, "Actual Rows": 100, "Actual Loops": 1, "Sort Key": ["(count(*)) DESC", "supplier.s_name"], "Sort Method": "top-N heapsort", "Sort Space Used": 41, "Sort Space Type": "Memory", "Plans": [{"Node Type": "Aggregate", "Strategy": "Hashed", "Parent Relationship": "Outer", "Startup Cost": 2300366.14, "Total Cost": 2300457.86, "Plan Rows": 9172, "Plan Width": 26, "Actual Startup Time": 44157.449, "Actual Total Time": 44158.792, "Actual Rows": 3981, "Actual Loops": 1, "Group By Key": ["supplier.s_name"], "Plans": [{"Node Type": "Nested Loop", "Parent Relationship": "Outer", "Join Type": "Inner", "Startup Cost": 2583.35, "Total Cost": 2300320.28, "Plan Rows": 9172, "Plan Width": 26, "Actual Startup Time": 9.374, "Actual Total Time": 44086.295, "Actual Rows": 39445, "Actual Loops": 1, "Inner Unique": true, "Join Filter": "(l1.l_orderkey = orders.o_orderkey)", "Rows Removed by Join Filter": 0, "Plans": [{"Node Type": "Nested Loop", "Parent Relationship": "Outer", "Join Type": "Semi", "Startup Cost": 2583.35, "Total Cost": 2293219.91, "Plan Rows": 7254, "Plan Width": 42, "Actual Startup Time": 9.355, "Actual Total Time": 43457.892, "Actual Rows": 80537, "Actual Loops": 1, "Inner Unique": false, "Plans": [{"Node Type": "Nested Loop", "Parent Relationship": "Outer", "Join Type": "Anti", "Startup Cost": 2583.35, "Total Cost": 2291364.34, "Plan Rows": 7635, "Plan Width": 42, "Actual Startup Time": 9.068, "Actual Total Time": 42842.367, "Actual Rows": 135110, "Actual Loops": 1, "Inner Unique": false, "Plans": [{"Node Type": "Hash Join", "Parent Relationship": "Outer", "Join Type": "Inner", "Startup Cost": 2583.35, "Total Cost": 2244177.13, "Plan Rows": 152707, "Plan Width": 42, "Actual Startup Time": 8.439, "Actual Total Time": 33997.816, "Actual Rows": 1511024, "Actual Loops": 1, "Inner Unique": false, "Hash Cond": "(l1.l_suppkey = supplier.s_suppkey), (LLVM Optimized, Jit Execute)", "Plans": [{"Node Type": "Seq Scan", "Parent Relationship": "Outer", "Relation Name": "lineitem", "Alias": "l1", "Startup Cost": 0.0, "Total Cost": 2165082.91, "Plan Rows": 19995678, "Plan Width": 16, "Actual Startup Time": 0.029, "Actual Total Time": 25409.088, "Actual Rows": 37929348, "Actual Loops": 1, "Filter": "(l_receiptdate > l_commitdate), (LLVM Optimized, Jit Execute)", "Rows Removed by Filter": 22056704}, {"Node Type": "Hash", "Parent Relationship": "Inner", "Startup Cost": 2533.35, "Total Cost": 2533.35, "Plan Rows": 4000, "Plan Width": 34, "Actual Startup Time": 8.311, "Actual Total Time": 8.311, "Actual Rows": 3981, "Actual Loops": 1, "Hash Buckets": 32768, "Hash Batches": 1, "Original Hash Batches": 1, "Peak Memory Usage": 280, "Plans": [{"Node Type": "Nested Loop", "Parent Relationship": "Outer", "Join Type": "Inner", "Startup Cost": 95.25, "Total Cost": 2533.35, "Plan Rows": 4000, "Plan Width": 34, "Actual Startup Time": 1.005, "Actual Total Time": 6.936, "Actual Rows": 3981, "Actual Loops": 1, "Inner Unique": false, "Plans": [{"Node Type": "Seq Scan", "Parent Relationship": "Outer", "Relation Name": "nation", "Alias": "nation", "Startup Cost": 0.0, "Total Cost": 1.31, "Plan Rows": 1, "Plan Width": 4, "Actual Startup Time": 0.016, "Actual Total Time": 0.03, "Actual Rows": 1, "Actual Loops": 1, "Filter": "(n_name = 'EGYPT'::bpchar)", "Rows Removed by Filter": 24}, {"Node Type": "Bitmap Heap Scan", "Parent Relationship": "Inner", "Relation Name": "supplier", "Alias": "supplier", "Startup Cost": 95.25, "Total Cost": 2492.04, "Plan Rows": 4000, "Plan Width": 38, "Actual Startup Time": 0.981, "Actual Total Time": 6.079, "Actual Rows": 3981, "Actual Loops": 1, "Recheck Cond": "(s_nationkey = nation.n_nationkey)", "Rows Removed by Index Recheck": 0, "Exact Heap Blocks": 1918, "Lossy Heap Blocks": 1918, "Plans": [{"Node Type": "Bitmap Index Scan", "Parent Relationship": "Outer", "Index Name": "idx_supplier_nation_key", "Startup Cost": 0.0, "Total Cost": 94.25, "Plan Rows": 4000, "Plan Width": 0, "Actual Startup Time": 0.681, "Actual Total Time": 0.681, "Actual Rows": 3981, "Actual Loops": 1, "Index Cond": "(s_nationkey = nation.n_nationkey)"}]}]}]}]}, {"Node Type": "Index Scan", "Parent Relationship": "Inner", "Scan Direction": "Forward", "Index Name": "idx_lineitem_orderkey", "Relation Name": "lineitem", "Alias": "l3", "Startup Cost": 0.0, "Total Cost": 1.63, "Plan Rows": 3, "Plan Width": 16, "Actual Startup Time": 7867.724, "Actual Total Time": 7867.724, "Actual Rows": 1375914, "Actual Loops": 1511024, "Index Cond": "(l_orderkey = l1.l_orderkey)", "Rows Removed by Index Recheck": 0, "Filter": "((l_receiptdate > l_commitdate) AND (l_suppkey <> l1.l_suppkey))", "Rows Removed by Filter": 1348115}]}, {"Node Type": "Index Scan", "Parent Relationship": "Inner", "Scan Direction": "Forward", "Index Name": "idx_lineitem_orderkey", "Relation Name": "lineitem", "Alias": "l2", "Startup Cost": 0.0, "Total Cost": 1.63, "Plan Rows": 9, "Plan Width": 16, "Actual Startup Time": 504.038, "Actual Total Time": 504.038, "Actual Rows": 80537, "Actual Loops": 135110, "Index Cond": "(l_orderkey = l1.l_orderkey)", "Rows Removed by Index Recheck": 0, "Filter": "(l_suppkey <> l1.l_suppkey)", "Rows Removed by Filter": 85912}]}, {"Node Type": "Index Scan", "Parent Relationship": "Inner", "Scan Direction": "Forward", "Index Name": "orders_pkey", "Relation Name": "orders", "Alias": "orders", "Startup Cost": 0.0, "Total Cost": 0.97, "Plan Rows": 1, "Plan Width": 8, "Actual Startup Time": 547.334, "Actual Total Time": 547.334, "Actual Rows": 39445, "Actual Loops": 80537, "Index Cond": "(o_orderkey = l2.l_orderkey)", "Rows Removed by Index Recheck": 0, "Filter": "(o_orderstatus = 'F'::bpchar)", "Rows Removed by Filter": 41092}]}]}]}]}, "Triggers": [], "Planner Runtime": 7.388, "Total Runtime": 44170.065, "Unique SQL Id": 3870093320}}, "(1, 69)": {"explain_plan": {"Plan": {"Node Type": "Limit", "Startup Cost": 3525858.2, "Total Cost": 3525858.45, "Plan Rows": 100, "Plan Width": 26, "Plans": [{"Node Type": "Sort", "Parent Relationship": "Outer", "Startup Cost": 3525858.2, "Total Cost": 3525881.13, "Plan Rows": 100, "Plan Width": 26, "Sort Key": ["(count(*)) DESC", "supplier.s_name"], "Plans": [{"Node Type": "Aggregate", "Strategy": "Hashed", "Parent Relationship": "Outer", "Startup Cost": 3525415.93, "Total Cost": 3525507.65, "Plan Rows": 9172, "Plan Width": 26, "Group By Key": ["supplier.s_name"], "Plans": [{"Node Type": "Nested Loop", "Parent Relationship": "Outer", "Join Type": "Inner", "Startup Cost": 2594.73, "Total Cost": 3525370.07, "Plan Rows": 9172, "Plan Width": 26, "Inner Unique": true, "Join Filter": "(l1.l_orderkey = orders.o_orderkey)", "Plans": [{"Node Type": "Nested Loop", "Parent Relationship": "Outer", "Join Type": "Semi", "Startup Cost": 2594.73, "Total Cost": 3518269.7, "Plan Rows": 7254, "Plan Width": 42, "Inner Unique": false, "Plans": [{"Node Type": "Nested Loop", "Parent Relationship": "Outer", "Join Type": "Anti", "Startup Cost": 2594.73, "Total Cost": 3516414.13, "Plan Rows": 7635, "Plan Width": 42, "Inner Unique": false, "Plans": [{"Node Type": "Hash Join", "Parent Relationship": "Outer", "Join Type": "Inner", "Startup Cost": 2594.73, "Total Cost": 3469226.92, "Plan Rows": 152707, "Plan Width": 42, "Inner Unique": false, "Hash Cond": "(l1.l_suppkey = supplier.s_suppkey), (LLVM Optimized)", "Plans": [{"Node Type": "Index Scan", "Parent Relationship": "Outer", "Scan Direction": "Forward", "Index Name": "idx_lineitem_orderkey", "Relation Name": "lineitem", "Alias": "l1", "Startup Cost": 0.0, "Total Cost": 3390121.33, "Plan Rows": 19995678, "Plan Width": 16, "Filter": "(l_receiptdate > l_commitdate), (LLVM Optimized)"}, {"Node Type": "Hash", "Parent Relationship": "Inner", "Startup Cost": 2544.73, "Total Cost": 2544.73, "Plan Rows": 4000, "Plan Width": 34, "Plans": [{"Node Type": "Nested Loop", "Parent Relationship": "Outer", "Join Type": "Inner", "Startup Cost": 95.25, "Total Cost": 2544.73, "Plan Rows": 4000, "Plan Width": 34, "Inner Unique": false, "Plans": [{"Node Type": "Index Scan", "Parent Relationship": "Outer", "Scan Direction": "Forward", "Index Name": "nation_pkey", "Relation Name": "nation", "Alias": "nation", "Startup Cost": 0.0, "Total Cost": 12.69, "Plan Rows": 1, "Plan Width": 4, "Filter": "(n_name = 'EGYPT'::bpchar)"}, {"Node Type": "Bitmap Heap Scan", "Parent Relationship": "Inner", "Relation Name": "supplier", "Alias": "supplier", "Startup Cost": 95.25, "Total Cost": 2492.04, "Plan Rows": 4000, "Plan Width": 38, "Recheck Cond": "(s_nationkey = nation.n_nationkey)", "Plans": [{"Node Type": "Bitmap Index Scan", "Parent Relationship": "Outer", "Index Name": "idx_supplier_nation_key", "Startup Cost": 0.0, "Total Cost": 94.25, "Plan Rows": 4000, "Plan Width": 0, "Index Cond": "(s_nationkey = nation.n_nationkey)"}]}]}]}]}, {"Node Type": "Index Scan", "Parent Relationship": "Inner", "Scan Direction": "Forward", "Index Name": "idx_lineitem_orderkey", "Relation Name": "lineitem", "Alias": "l3", "Startup Cost": 0.0, "Total Cost": 1.63, "Plan Rows": 3, "Plan Width": 16, "Index Cond": "(l_orderkey = l1.l_orderkey)", "Filter": "((l_receiptdate > l_commitdate) AND (l_suppkey <> l1.l_suppkey))"}]}, {"Node Type": "Index Scan", "Parent Relationship": "Inner", "Scan Direction": "Forward", "Index Name": "idx_lineitem_orderkey", "Relation Name": "lineitem", "Alias": "l2", "Startup Cost": 0.0, "Total Cost": 1.63, "Plan Rows": 9, "Plan Width": 16, "Index Cond": "(l_orderkey = l1.l_orderkey)", "Filter": "(l_suppkey <> l1.l_suppkey)"}]}, {"Node Type": "Index Scan", "Parent Relationship": "Inner", "Scan Direction": "Forward", "Index Name": "orders_pkey", "Relation Name": "orders", "Alias": "orders", "Startup Cost": 0.0, "Total Cost": 0.97, "Plan Rows": 1, "Plan Width": 8, "Index Cond": "(o_orderkey = l2.l_orderkey)", "Filter": "(o_orderstatus = 'F'::bpchar)"}]}]}]}]}, "Unique SQL Id": 3870093320}, "explain_analyze_plan": {"Plan": {"Node Type": "Limit", "Startup Cost": 3525858.2, "Total Cost": 3525858.45, "Plan Rows": 100, "Plan Width": 26, "Actual Startup Time": 66328.983, "Actual Total Time": 66328.998, "Actual Rows": 100, "Actual Loops": 1, "Plans": [{"Node Type": "Sort", "Parent Relationship": "Outer", "Startup Cost": 3525858.2, "Total Cost": 3525881.13, "Plan Rows": 100, "Plan Width": 26, "Actual Startup Time": 66328.981, "Actual Total Time": 66328.983, "Actual Rows": 100, "Actual Loops": 1, "Sort Key": ["(count(*)) DESC", "supplier.s_name"], "Sort Method": "top-N heapsort", "Sort Space Used": 41, "Sort Space Type": "Memory", "Plans": [{"Node Type": "Aggregate", "Strategy": "Hashed", "Parent Relationship": "Outer", "Startup Cost": 3525415.93, "Total Cost": 3525507.65, "Plan Rows": 9172, "Plan Width": 26, "Actual Startup Time": 66325.713, "Actual Total Time": 66326.889, "Actual Rows": 3981, "Actual Loops": 1, "Group By Key": ["supplier.s_name"], "Plans": [{"Node Type": "Nested Loop", "Parent Relationship": "Outer", "Join Type": "Inner", "Startup Cost": 2594.73, "Total Cost": 3525370.07, "Plan Rows": 9172, "Plan Width": 26, "Actual Startup Time": 9.758, "Actual Total Time": 66254.92, "Actual Rows": 39445, "Actual Loops": 1, "Inner Unique": true, "Join Filter": "(l1.l_orderkey = orders.o_orderkey)", "Rows Removed by Join Filter": 0, "Plans": [{"Node Type": "Nested Loop", "Parent Relationship": "Outer", "Join Type": "Semi", "Startup Cost": 2594.73, "Total Cost": 3518269.7, "Plan Rows": 7254, "Plan Width": 42, "Actual Startup Time": 9.738, "Actual Total Time": 65597.437, "Actual Rows": 80537, "Actual Loops": 1, "Inner Unique": false, "Plans": [{"Node Type": "Nested Loop", "Parent Relationship": "Outer", "Join Type": "Anti", "Startup Cost": 2594.73, "Total Cost": 3516414.13, "Plan Rows": 7635, "Plan Width": 42, "Actual Startup Time": 9.36, "Actual Total Time": 64964.719, "Actual Rows": 135110, "Actual Loops": 1, "Inner Unique": false, "Plans": [{"Node Type": "Hash Join", "Parent Relationship": "Outer", "Join Type": "Inner", "Startup Cost": 2594.73, "Total Cost": 3469226.92, "Plan Rows": 152707, "Plan Width": 42, "Actual Startup Time": 8.552, "Actual Total Time": 56797.185, "Actual Rows": 1511024, "Actual Loops": 1, "Inner Unique": false, "Hash Cond": "(l1.l_suppkey = supplier.s_suppkey), (LLVM Optimized, Jit Execute)", "Plans": [{"Node Type": "Index Scan", "Parent Relationship": "Outer", "Scan Direction": "Forward", "Index Name": "idx_lineitem_orderkey", "Relation Name": "lineitem", "Alias": "l1", "Startup Cost": 0.0, "Total Cost": 3390121.33, "Plan Rows": 19995678, "Plan Width": 16, "Actual Startup Time": 0.036, "Actual Total Time": 48747.291, "Actual Rows": 37929348, "Actual Loops": 1, "Filter": "(l_receiptdate > l_commitdate), (LLVM Optimized, Jit Execute)", "Rows Removed by Filter": 22056704}, {"Node Type": "Hash", "Parent Relationship": "Inner", "Startup Cost": 2544.73, "Total Cost": 2544.73, "Plan Rows": 4000, "Plan Width": 34, "Actual Startup Time": 8.395, "Actual Total Time": 8.395, "Actual Rows": 3981, "Actual Loops": 1, "Hash Buckets": 32768, "Hash Batches": 1, "Original Hash Batches": 1, "Peak Memory Usage": 280, "Plans": [{"Node Type": "Nested Loop", "Parent Relationship": "Outer", "Join Type": "Inner", "Startup Cost": 95.25, "Total Cost": 2544.73, "Plan Rows": 4000, "Plan Width": 34, "Actual Startup Time": 0.997, "Actual Total Time": 7.019, "Actual Rows": 3981, "Actual Loops": 1, "Inner Unique": false, "Plans": [{"Node Type": "Index Scan", "Parent Relationship": "Outer", "Scan Direction": "Forward", "Index Name": "nation_pkey", "Relation Name": "nation", "Alias": "nation", "Startup Cost": 0.0, "Total Cost": 12.69, "Plan Rows": 1, "Plan Width": 4, "Actual Startup Time": 0.011, "Actual Total Time": 0.029, "Actual Rows": 1, "Actual Loops": 1, "Filter": "(n_name = 'EGYPT'::bpchar)", "Rows Removed by Filter": 24}, {"Node Type": "Bitmap Heap Scan", "Parent Relationship": "Inner", "Relation Name": "supplier", "Alias": "supplier", "Startup Cost": 95.25, "Total Cost": 2492.04, "Plan Rows": 4000, "Plan Width": 38, "Actual Startup Time": 0.98, "Actual Total Time": 6.17, "Actual Rows": 3981, "Actual Loops": 1, "Recheck Cond": "(s_nationkey = nation.n_nationkey)", "Rows Removed by Index Recheck": 0, "Exact Heap Blocks": 1918, "Lossy Heap Blocks": 1918, "Plans": [{"Node Type": "Bitmap Index Scan", "Parent Relationship": "Outer", "Index Name": "idx_supplier_nation_key", "Startup Cost": 0.0, "Total Cost": 94.25, "Plan Rows": 4000, "Plan Width": 0, "Actual Startup Time": 0.686, "Actual Total Time": 0.686, "Actual Rows": 3981, "Actual Loops": 1, "Index Cond": "(s_nationkey = nation.n_nationkey)"}]}]}]}]}, {"Node Type": "Index Scan", "Parent Relationship": "Inner", "Scan Direction": "Forward", "Index Name": "idx_lineitem_orderkey", "Relation Name": "lineitem", "Alias": "l3", "Startup Cost": 0.0, "Total Cost": 1.63, "Plan Rows": 3, "Plan Width": 16, "Actual Startup Time": 7166.725, "Actual Total Time": 7166.725, "Actual Rows": 1375914, "Actual Loops": 1511024, "Index Cond": "(l_orderkey = l1.l_orderkey)", "Rows Removed by Index Recheck": 0, "Filter": "((l_receiptdate > l_commitdate) AND (l_suppkey <> l1.l_suppkey))", "Rows Removed by Filter": 1348115}]}, {"Node Type": "Index Scan", "Parent Relationship": "Inner", "Scan Direction": "Forward", "Index Name": "idx_lineitem_orderkey", "Relation Name": "lineitem", "Alias": "l2", "Startup Cost": 0.0, "Total Cost": 1.63, "Plan Rows": 9, "Plan Width": 16, "Actual Startup Time": 509.545, "Actual Total Time": 509.545, "Actual Rows": 80537, "Actual Loops": 135110, "Index Cond": "(l_orderkey = l1.l_orderkey)", "Rows Removed by Index Recheck": 0, "Filter": "(l_suppkey <> l1.l_suppkey)", "Rows Removed by Filter": 85912}]}, {"Node Type": "Index Scan", "Parent Relationship": "Inner", "Scan Direction": "Forward", "Index Name": "orders_pkey", "Relation Name": "orders", "Alias": "orders", "Startup Cost": 0.0, "Total Cost": 0.97, "Plan Rows": 1, "Plan Width": 8, "Actual Startup Time": 569.841, "Actual Total Time": 569.841, "Actual Rows": 39445, "Actual Loops": 80537, "Index Cond": "(o_orderkey = l2.l_orderkey)", "Rows Removed by Index Recheck": 0, "Filter": "(o_orderstatus = 'F'::bpchar)", "Rows Removed by Filter": 41092}]}]}]}]}, "Triggers": [], "Planner Runtime": 7.315, "Total Runtime": 66338.102, "Unique SQL Id": 3870093320}}, "(1, 70)": {"explain_plan": {"Plan": {"Node Type": "Limit", "Startup Cost": 2652117.64, "Total Cost": 2652117.89, "Plan Rows": 100, "Plan Width": 26, "Plans": [{"Node Type": "Sort", "Parent Relationship": "Outer", "Startup Cost": 2652117.64, "Total Cost": 2652140.57, "Plan Rows": 100, "Plan Width": 26, "Sort Key": ["(count(*)) DESC", "supplier.s_name"], "Plans": [{"Node Type": "Aggregate", "Strategy": "Hashed", "Parent Relationship": "Outer", "Startup Cost": 2651675.37, "Total Cost": 2651767.09, "Plan Rows": 9172, "Plan Width": 26, "Group By Key": ["supplier.s_name"], "Plans": [{"Node Type": "Nested Loop", "Parent Relationship": "Outer", "Join Type": "Inner", "Startup Cost": 2585.6, "Total Cost": 2651629.51, "Plan Rows": 9172, "Plan Width": 26, "Inner Unique": true, "Join Filter": "(l1.l_orderkey = orders.o_orderkey)", "Plans": [{"Node Type": "Nested Loop", "Parent Relationship": "Outer", "Join Type": "Semi", "Startup Cost": 2585.0, "Total Cost": 2618068.76, "Plan Rows": 7254, "Plan Width": 42, "Inner Unique": false, "Plans": [{"Node Type": "Nested Loop", "Parent Relationship": "Outer", "Join Type": "Anti", "Startup Cost": 2584.17, "Total Cost": 2602890.2, "Plan Rows": 7635, "Plan Width": 42, "Inner Unique": false, "Plans": [{"Node Type": "Hash Join", "Parent Relationship": "Outer", "Join Type": "Inner", "Startup Cost": 2583.35, "Total Cost": 2244177.13, "Plan Rows": 152707, "Plan Width": 42, "Inner Unique": false, "Hash Cond": "(l1.l_suppkey = supplier.s_suppkey), (LLVM Optimized)", "Plans": [{"Node Type": "Seq Scan", "Parent Relationship": "Outer", "Relation Name": "lineitem", "Alias": "l1", "Startup Cost": 0.0, "Total Cost": 2165082.91, "Plan Rows": 19995678, "Plan Width": 16, "Filter": "(l_receiptdate > l_commitdate), (LLVM Optimized)"}, {"Node Type": "Hash", "Parent Relationship": "Inner", "Startup Cost": 2533.35, "Total Cost": 2533.35, "Plan Rows": 4000, "Plan Width": 34, "Plans": [{"Node Type": "Nested Loop", "Parent Relationship": "Outer", "Join Type": "Inner", "Startup Cost": 95.25, "Total Cost": 2533.35, "Plan Rows": 4000, "Plan Width": 34, "Inner Unique": false, "Plans": [{"Node Type": "Seq Scan", "Parent Relationship": "Outer", "Relation Name": "nation", "Alias": "nation", "Startup Cost": 0.0, "Total Cost": 1.31, "Plan Rows": 1, "Plan Width": 4, "Filter": "(n_name = 'EGYPT'::bpchar)"}, {"Node Type": "Bitmap Heap Scan", "Parent Relationship": "Inner", "Relation Name": "supplier", "Alias": "supplier", "Startup Cost": 95.25, "Total Cost": 2492.04, "Plan Rows": 4000, "Plan Width": 38, "Recheck Cond": "(s_nationkey = nation.n_nationkey)", "Plans": [{"Node Type": "Bitmap Index Scan", "Parent Relationship": "Outer", "Index Name": "idx_supplier_nation_key", "Startup Cost": 0.0, "Total Cost": 94.25, "Plan Rows": 4000, "Plan Width": 0, "Index Cond": "(s_nationkey = nation.n_nationkey)"}]}]}]}]}, {"Node Type": "Bitmap Heap Scan", "Parent Relationship": "Inner", "Relation Name": "lineitem", "Alias": "l3", "Startup Cost": 0.82, "Total Cost": 8.97, "Plan Rows": 3, "Plan Width": 16, "Recheck Cond": "(l_orderkey = l1.l_orderkey)", "Filter": "((l_receiptdate > l_commitdate) AND (l_suppkey <> l1.l_suppkey))", "Plans": [{"Node Type": "Bitmap Index Scan", "Parent Relationship": "Outer", "Index Name": "idx_lineitem_orderkey", "Startup Cost": 0.0, "Total Cost": 0.82, "Plan Rows": 9, "Plan Width": 0, "Index Cond": "(l_orderkey = l1.l_orderkey)"}]}]}, {"Node Type": "Bitmap Heap Scan", "Parent Relationship": "Inner", "Relation Name": "lineitem", "Alias": "l2", "Startup Cost": 0.82, "Total Cost": 8.95, "Plan Rows": 9, "Plan Width": 16, "Recheck Cond": "(l_orderkey = l1.l_orderkey)", "Filter": "(l_suppkey <> l1.l_suppkey)", "Plans": [{"Node Type": "Bitmap Index Scan", "Parent Relationship": "Outer", "Index Name": "idx_lineitem_orderkey", "Startup Cost": 0.0, "Total Cost": 0.82, "Plan Rows": 9, "Plan Width": 0, "Index Cond": "(l_orderkey = l1.l_orderkey)"}]}]}, {"Node Type": "Bitmap Heap Scan", "Parent Relationship": "Inner", "Relation Name": "orders", "Alias": "orders", "Startup Cost": 0.6, "Total Cost": 4.61, "Plan Rows": 1, "Plan Width": 8, "Recheck Cond": "(o_orderkey = l2.l_orderkey)", "Filter": "(o_orderstatus = 'F'::bpchar)", "Plans": [{"Node Type": "Bitmap Index Scan", "Parent Relationship": "Outer", "Index Name": "orders_pkey", "Startup Cost": 0.0, "Total Cost": 0.6, "Plan Rows": 1, "Plan Width": 0, "Index Cond": "(o_orderkey = l2.l_orderkey)"}]}]}]}]}]}, "Unique SQL Id": 3870093320}, "explain_analyze_plan": {"Plan": {"Node Type": "Limit", "Startup Cost": 2652117.64, "Total Cost": 2652117.89, "Plan Rows": 100, "Plan Width": 26, "Actual Startup Time": 48542.548, "Actual Total Time": 48542.566, "Actual Rows": 100, "Actual Loops": 1, "Plans": [{"Node Type": "Sort", "Parent Relationship": "Outer", "Startup Cost": 2652117.64, "Total Cost": 2652140.57, "Plan Rows": 100, "Plan Width": 26, "Actual Startup Time": 48542.546, "Actual Total Time": 48542.554, "Actual Rows": 100, "Actual Loops": 1, "Sort Key": ["(count(*)) DESC", "supplier.s_name"], "Sort Method": "top-N heapsort", "Sort Space Used": 41, "Sort Space Type": "Memory", "Plans": [{"Node Type": "Aggregate", "Strategy": "Hashed", "Parent Relationship": "Outer", "Startup Cost": 2651675.37, "Total Cost": 2651767.09, "Plan Rows": 9172, "Plan Width": 26, "Actual Startup Time": 48539.063, "Actual Total Time": 48540.513, "Actual Rows": 3981, "Actual Loops": 1, "Group By Key": ["supplier.s_name"], "Plans": [{"Node Type": "Nested Loop", "Parent Relationship": "Outer", "Join Type": "Inner", "Startup Cost": 2585.6, "Total Cost": 2651629.51, "Plan Rows": 9172, "Plan Width": 26, "Actual Startup Time": 11.989, "Actual Total Time": 48454.234, "Actual Rows": 39445, "Actual Loops": 1, "Inner Unique": true, "Join Filter": "(l1.l_orderkey = orders.o_orderkey)", "Rows Removed by Join Filter": 0, "Plans": [{"Node Type": "Nested Loop", "Parent Relationship": "Outer", "Join Type": "Semi", "Startup Cost": 2585.0, "Total Cost": 2618068.76, "Plan Rows": 7254, "Plan Width": 42, "Actual Startup Time": 11.965, "Actual Total Time": 47684.747, "Actual Rows": 80537, "Actual Loops": 1, "Inner Unique": false, "Plans": [{"Node Type": "Nested Loop", "Parent Relationship": "Outer", "Join Type": "Anti", "Startup Cost": 2584.17, "Total Cost": 2602890.2, "Plan Rows": 7635, "Plan Width": 42, "Actual Startup Time": 11.643, "Actual Total Time": 46787.199, "Actual Rows": 135110, "Actual Loops": 1, "Inner Unique": false, "Plans": [{"Node Type": "Hash Join", "Parent Relationship": "Outer", "Join Type": "Inner", "Startup Cost": 2583.35, "Total Cost": 2244177.13, "Plan Rows": 152707, "Plan Width": 42, "Actual Startup Time": 10.92, "Actual Total Time": 33938.332, "Actual Rows": 1511024, "Actual Loops": 1, "Inner Unique": false, "Hash Cond": "(l1.l_suppkey = supplier.s_suppkey), (LLVM Optimized, Jit Execute)", "Plans": [{"Node Type": "Seq Scan", "Parent Relationship": "Outer", "Relation Name": "lineitem", "Alias": "l1", "Startup Cost": 0.0, "Total Cost": 2165082.91, "Plan Rows": 19995678, "Plan Width": 16, "Actual Startup Time": 0.018, "Actual Total Time": 25391.367, "Actual Rows": 37929348, "Actual Loops": 1, "Filter": "(l_receiptdate > l_commitdate), (LLVM Optimized, Jit Execute)", "Rows Removed by Filter": 22056704}, {"Node Type": "Hash", "Parent Relationship": "Inner", "Startup Cost": 2533.35, "Total Cost": 2533.35, "Plan Rows": 4000, "Plan Width": 34, "Actual Startup Time": 10.809, "Actual Total Time": 10.809, "Actual Rows": 3981, "Actual Loops": 1, "Hash Buckets": 32768, "Hash Batches": 1, "Original Hash Batches": 1, "Peak Memory Usage": 280, "Plans": [{"Node Type": "Nested Loop", "Parent Relationship": "Outer", "Join Type": "Inner", "Startup Cost": 95.25, "Total Cost": 2533.35, "Plan Rows": 4000, "Plan Width": 34, "Actual Startup Time": 1.047, "Actual Total Time": 9.624, "Actual Rows": 3981, "Actual Loops": 1, "Inner Unique": false, "Plans": [{"Node Type": "Seq Scan", "Parent Relationship": "Outer", "Relation Name": "nation", "Alias": "nation", "Startup Cost": 0.0, "Total Cost": 1.31, "Plan Rows": 1, "Plan Width": 4, "Actual Startup Time": 0.017, "Actual Total Time": 0.026, "Actual Rows": 1, "Actual Loops": 1, "Filter": "(n_name = 'EGYPT'::bpchar)", "Rows Removed by Filter": 24}, {"Node Type": "Bitmap Heap Scan", "Parent Relationship": "Inner", "Relation Name": "supplier", "Alias": "supplier", "Startup Cost": 95.25, "Total Cost": 2492.04, "Plan Rows": 4000, "Plan Width": 38, "Actual Startup Time": 1.025, "Actual Total Time": 8.745, "Actual Rows": 3981, "Actual Loops": 1, "Recheck Cond": "(s_nationkey = nation.n_nationkey)", "Rows Removed by Index Recheck": 0, "Exact Heap Blocks": 1918, "Lossy Heap Blocks": 1918, "Plans": [{"Node Type": "Bitmap Index Scan", "Parent Relationship": "Outer", "Index Name": "idx_supplier_nation_key", "Startup Cost": 0.0, "Total Cost": 94.25, "Plan Rows": 4000, "Plan Width": 0, "Actual Startup Time": 0.733, "Actual Total Time": 0.733, "Actual Rows": 3981, "Actual Loops": 1, "Index Cond": "(s_nationkey = nation.n_nationkey)"}]}]}]}]}, {"Node Type": "Bitmap Heap Scan", "Parent Relationship": "Inner", "Relation Name": "lineitem", "Alias": "l3", "Startup Cost": 0.82, "Total Cost": 8.97, "Plan Rows": 3, "Plan Width": 16, "Actual Startup Time": 10918.95, "Actual Total Time": 10918.95, "Actual Rows": 1375914, "Actual Loops": 1511024, "Recheck Cond": "(l_orderkey = l1.l_orderkey)", "Rows Removed by Index Recheck": 0, "Filter": "((l_receiptdate > l_commitdate) AND (l_suppkey <> l1.l_suppkey))", "Rows Removed by Filter": 1348115, "Exact Heap Blocks": 1539822, "Lossy Heap Blocks": 1539822, "Plans": [{"Node Type": "Bitmap Index Scan", "Parent Relationship": "Outer", "Index Name": "idx_lineitem_orderkey", "Startup Cost": 0.0, "Total Cost": 0.82, "Plan Rows": 9, "Plan Width": 0, "Actual Startup Time": 6283.234, "Actual Total Time": 6283.234, "Actual Rows": 7550552, "Actual Loops": 1511024, "Index Cond": "(l_orderkey = l1.l_orderkey)"}]}]}, {"Node Type": "Bitmap Heap Scan", "Parent Relationship": "Inner", "Relation Name": "lineitem", "Alias": "l2", "Startup Cost": 0.82, "Total Cost": 8.95, "Plan Rows": 9, "Plan Width": 16, "Actual Startup Time": 696.878, "Actual Total Time": 696.878, "Actual Rows": 80537, "Actual Loops": 135110, "Recheck Cond": "(l_orderkey = l1.l_orderkey)", "Rows Removed by Index Recheck": 0, "Filter": "(l_suppkey <> l1.l_suppkey)", "Rows Removed by Filter": 85912, "Exact Heap Blocks": 135868, "Lossy Heap Blocks": 135868, "Plans": [{"Node Type": "Bitmap Index Scan", "Parent Relationship": "Outer", "Index Name": "idx_lineitem_orderkey", "Startup Cost": 0.0, "Total Cost": 0.82, "Plan Rows": 9, "Plan Width": 0, "Actual Startup Time": 422.211, "Actual Total Time": 422.211, "Actual Rows": 287712, "Actual Loops": 135110, "Index Cond": "(l_orderkey = l1.l_orderkey)"}]}]}, {"Node Type": "Bitmap Heap Scan", "Parent Relationship": "Inner", "Relation Name": "orders", "Alias": "orders", "Startup Cost": 0.6, "Total Cost": 4.61, "Plan Rows": 1, "Plan Width": 8, "Actual Startup Time": 632.367, "Actual Total Time": 632.367, "Actual Rows": 39445, "Actual Loops": 80537, "Recheck Cond": "(o_orderkey = l2.l_orderkey)", "Rows Removed by Index Recheck": 0, "Filter": "(o_orderstatus = 'F'::bpchar)", "Rows Removed by Filter": 41092, "Exact Heap Blocks": 80537, "Lossy Heap Blocks": 80537, "Plans": [{"Node Type": "Bitmap Index Scan", "Parent Relationship": "Outer", "Index Name": "orders_pkey", "Startup Cost": 0.0, "Total Cost": 0.6, "Plan Rows": 1, "Plan Width": 0, "Actual Startup Time": 353.005, "Actual Total Time": 353.005, "Actual Rows": 80537, "Actual Loops": 80537, "Index Cond": "(o_orderkey = l2.l_orderkey)"}]}]}]}]}]}, "Triggers": [], "Planner Runtime": 7.559, "Total Runtime": 48565.653, "Unique SQL Id": 3870093320}}, "(1, 71)": {"explain_plan": {"Plan": {"Node Type": "Limit", "Startup Cost": 1000209392502.29, "Total Cost": 1000209392502.54, "Plan Rows": 100, "Plan Width": 26, "Plans": [{"Node Type": "Sort", "Parent Relationship": "Outer", "Startup Cost": 1000209392502.29, "Total Cost": 1000209392525.22, "Plan Rows": 100, "Plan Width": 26, "Sort Key": ["(count(*)) DESC", "supplier.s_name"], "Plans": [{"Node Type": "Aggregate", "Strategy": "Hashed", "Parent Relationship": "Outer", "Startup Cost": 1000209392060.03, "Total Cost": 1000209392151.75, "Plan Rows": 9172, "Plan Width": 26, "Group By Key": ["supplier.s_name"], "Plans": [{"Node Type": "Nested Loop", "Parent Relationship": "Outer", "Join Type": "Semi", "Startup Cost": 10000000003.33, "Total Cost": 1000209392014.17, "Plan Rows": 9172, "Plan Width": 26, "Inner Unique": false, "Join Filter": "(orders.o_orderkey = l2.l_orderkey)", "Plans": [{"Node Type": "Nested Loop", "Parent Relationship": "Outer", "Join Type": "Inner", "Startup Cost": 10000000002.51, "Total Cost": 1000209365752.63, "Plan Rows": 9655, "Plan Width": 50, "Inner Unique": true, "Plans": [{"Node Type": "Nested Loop", "Parent Relationship": "Outer", "Join Type": "Inner", "Startup Cost": 10000000002.25, "Total Cost": 1000208331993.1, "Plan Rows": 241373, "Plan Width": 54, "Inner Unique": true, "Plans": [{"Node Type": "Nested Loop", "Parent Relationship": "Outer", "Join Type": "Anti", "Startup Cost": 10000000001.7, "Total Cost": 1000202554809.43, "Plan Rows": 1264232, "Plan Width": 24, "Inner Unique": false, "Plans": [{"Node Type": "Nested Loop", "Parent Relationship": "Outer", "Join Type": "Inner", "Startup Cost": 10000000000.88, "Total Cost": 1000143161213.03, "Plan Rows": 25284641, "Plan Width": 24, "Inner Unique": false, "Plans": [{"Node Type": "Index Scan", "Parent Relationship": "Outer", "Scan Direction": "Forward", "Index Name": "orders_pkey", "Relation Name": "orders", "Alias": "orders", "Startup Cost": 10000000000.0, "Total Cost": 1000076847713.25, "Plan Rows": 7338812, "Plan Width": 8, "Filter": "(o_orderstatus = 'F'::bpchar), (LLVM Optimized)"}, {"Node Type": "Bitmap Heap Scan", "Parent Relationship": "Inner", "Relation Name": "lineitem", "Alias": "l1", "Startup Cost": 0.88, "Total Cost": 9.01, "Plan Rows": 3, "Plan Width": 16, "Recheck Cond": "(l_orderkey = orders.o_orderkey)", "Filter": "(l_receiptdate > l_commitdate)", "Plans": [{"Node Type": "Bitmap Index Scan", "Parent Relationship": "Outer", "Index Name": "idx_lineitem_orderkey", "Startup Cost": 0.0, "Total Cost": 0.88, "Plan Rows": 9, "Plan Width": 0, "Index Cond": "(l_orderkey = orders.o_orderkey)"}]}]}, {"Node Type": "Bitmap Heap Scan", "Parent Relationship": "Inner", "Relation Name": "lineitem", "Alias": "l3", "Startup Cost": 0.82, "Total Cost": 8.97, "Plan Rows": 3, "Plan Width": 16, "Recheck Cond": "(l_orderkey = l1.l_orderkey)", "Filter": "((l_receiptdate > l_commitdate) AND (l_suppkey <> l1.l_suppkey))", "Plans": [{"Node Type": "Bitmap Index Scan", "Parent Relationship": "Outer", "Index Name": "idx_lineitem_orderkey", "Startup Cost": 0.0, "Total Cost": 0.82, "Plan Rows": 9, "Plan Width": 0, "Index Cond": "(l_orderkey = l1.l_orderkey)"}]}]}, {"Node Type": "Bitmap Heap Scan", "Parent Relationship": "Inner", "Relation Name": "supplier", "Alias": "supplier", "Startup Cost": 0.55, "Total Cost": 4.56, "Plan Rows": 1, "Plan Width": 38, "Recheck Cond": "(s_suppkey = l1.l_suppkey)", "Plans": [{"Node Type": "Bitmap Index Scan", "Parent Relationship": "Outer", "Index Name": "supplier_pkey", "Startup Cost": 0.0, "Total Cost": 0.55, "Plan Rows": 1, "Plan Width": 0, "Index Cond": "(s_suppkey = l1.l_suppkey)"}]}]}, {"Node Type": "Bitmap Heap Scan", "Parent Relationship": "Inner", "Relation Name": "nation", "Alias": "nation", "Startup Cost": 0.26, "Total Cost": 4.27, "Plan Rows": 1, "Plan Width": 4, "Recheck Cond": "(n_nationkey = supplier.s_nationkey)", "Filter": "(n_name = 'EGYPT'::bpchar)", "Plans": [{"Node Type": "Bitmap Index Scan", "Parent Relationship": "Outer", "Index Name": "nation_pkey", "Startup Cost": 0.0, "Total Cost": 0.26, "Plan Rows": 1, "Plan Width": 0, "Index Cond": "(n_nationkey = supplier.s_nationkey)"}]}]}, {"Node Type": "Bitmap Heap Scan", "Parent Relationship": "Inner", "Relation Name": "lineitem", "Alias": "l2", "Startup Cost": 0.82, "Total Cost": 8.95, "Plan Rows": 9, "Plan Width": 16, "Recheck Cond": "(l_orderkey = l1.l_orderkey)", "Filter": "(l_suppkey <> l1.l_suppkey)", "Plans": [{"Node Type": "Bitmap Index Scan", "Parent Relationship": "Outer", "Index Name": "idx_lineitem_orderkey", "Startup Cost": 0.0, "Total Cost": 0.82, "Plan Rows": 9, "Plan Width": 0, "Index Cond": "(l_orderkey = l1.l_orderkey)"}]}]}]}]}]}, "Unique SQL Id": 3870093320}, "explain_analyze_plan": null}, "(1, 72)": {"explain_plan": {"Plan": {"Node Type": "Limit", "Startup Cost": 2301850.01, "Total Cost": 2301850.26, "Plan Rows": 100, "Plan Width": 26, "Plans": [{"Node Type": "Sort", "Parent Relationship": "Outer", "Startup Cost": 2301850.01, "Total Cost": 2301872.94, "Plan Rows": 100, "Plan Width": 26, "Sort Key": ["(count(*)) DESC", "supplier.s_name"], "Plans": [{"Node Type": "Aggregate", "Strategy": "Hashed", "Parent Relationship": "Outer", "Startup Cost": 2301407.74, "Total Cost": 2301499.46, "Plan Rows": 9172, "Plan Width": 26, "Group By Key": ["supplier.s_name"], "Plans": [{"Node Type": "Nested Loop", "Parent Relationship": "Outer", "Join Type": "Inner", "Startup Cost": 3624.95, "Total Cost": 2301361.88, "Plan Rows": 9172, "Plan Width": 26, "Inner Unique": true, "Join Filter": "(l1.l_orderkey = orders.o_orderkey)", "Plans": [{"Node Type": "Nested Loop", "Parent Relationship": "Outer", "Join Type": "Semi", "Startup Cost": 3624.95, "Total Cost": 2294261.51, "Plan Rows": 7254, "Plan Width": 42, "Inner Unique": false, "Plans": [{"Node Type": "Nested Loop", "Parent Relationship": "Outer", "Join Type": "Anti", "Startup Cost": 3624.95, "Total Cost": 2292405.94, "Plan Rows": 7635, "Plan Width": 42, "Inner Unique": false, "Plans": [{"Node Type": "Hash Join", "Parent Relationship": "Outer", "Join Type": "Inner", "Startup Cost": 3624.95, "Total Cost": 2245218.73, "Plan Rows": 152707, "Plan Width": 42, "Inner Unique": false, "Hash Cond": "(l1.l_suppkey = supplier.s_suppkey), (LLVM Optimized)", "Plans": [{"Node Type": "Seq Scan", "Parent Relationship": "Outer", "Relation Name": "lineitem", "Alias": "l1", "Startup Cost": 0.0, "Total Cost": 2165082.91, "Plan Rows": 19995678, "Plan Width": 16, "Filter": "(l_receiptdate > l_commitdate), (LLVM Optimized)"}, {"Node Type": "Hash", "Parent Relationship": "Inner", "Startup Cost": 3574.95, "Total Cost": 3574.95, "Plan Rows": 4000, "Plan Width": 34, "Plans": [{"Node Type": "Hash Join", "Parent Relationship": "Outer", "Join Type": "Inner", "Startup Cost": 1.32, "Total Cost": 3574.95, "Plan Rows": 4000, "Plan Width": 34, "Inner Unique": true, "Hash Cond": "(supplier.s_nationkey = nation.n_nationkey)", "Plans": [{"Node Type": "Seq Scan", "Parent Relationship": "Outer", "Relation Name": "supplier", "Alias": "supplier", "Startup Cost": 0.0, "Total Cost": 3283.0, "Plan Rows": 100000, "Plan Width": 38}, {"Node Type": "Hash", "Parent Relationship": "Inner", "Startup Cost": 1.31, "Total Cost": 1.31, "Plan Rows": 1, "Plan Width": 4, "Plans": [{"Node Type": "Seq Scan", "Parent Relationship": "Outer", "Relation Name": "nation", "Alias": "nation", "Startup Cost": 0.0, "Total Cost": 1.31, "Plan Rows": 1, "Plan Width": 4, "Filter": "(n_name = 'EGYPT'::bpchar)"}]}]}]}]}, {"Node Type": "Index Scan", "Parent Relationship": "Inner", "Scan Direction": "Forward", "Index Name": "idx_lineitem_orderkey", "Relation Name": "lineitem", "Alias": "l3", "Startup Cost": 0.0, "Total Cost": 1.63, "Plan Rows": 3, "Plan Width": 16, "Index Cond": "(l_orderkey = l1.l_orderkey)", "Filter": "((l_receiptdate > l_commitdate) AND (l_suppkey <> l1.l_suppkey))"}]}, {"Node Type": "Index Scan", "Parent Relationship": "Inner", "Scan Direction": "Forward", "Index Name": "idx_lineitem_orderkey", "Relation Name": "lineitem", "Alias": "l2", "Startup Cost": 0.0, "Total Cost": 1.63, "Plan Rows": 9, "Plan Width": 16, "Index Cond": "(l_orderkey = l1.l_orderkey)", "Filter": "(l_suppkey <> l1.l_suppkey)"}]}, {"Node Type": "Index Scan", "Parent Relationship": "Inner", "Scan Direction": "Forward", "Index Name": "orders_pkey", "Relation Name": "orders", "Alias": "orders", "Startup Cost": 0.0, "Total Cost": 0.97, "Plan Rows": 1, "Plan Width": 8, "Index Cond": "(o_orderkey = l2.l_orderkey)", "Filter": "(o_orderstatus = 'F'::bpchar)"}]}]}]}]}, "Unique SQL Id": 3870093320}, "explain_analyze_plan": {"Plan": {"Node Type": "Limit", "Startup Cost": 2301850.01, "Total Cost": 2301850.26, "Plan Rows": 100, "Plan Width": 26, "Actual Startup Time": 43900.873, "Actual Total Time": 43900.892, "Actual Rows": 100, "Actual Loops": 1, "Plans": [{"Node Type": "Sort", "Parent Relationship": "Outer", "Startup Cost": 2301850.01, "Total Cost": 2301872.94, "Plan Rows": 100, "Plan Width": 26, "Actual Startup Time": 43900.87, "Actual Total Time": 43900.872, "Actual Rows": 100, "Actual Loops": 1, "Sort Key": ["(count(*)) DESC", "supplier.s_name"], "Sort Method": "top-N heapsort", "Sort Space Used": 41, "Sort Space Type": "Memory", "Plans": [{"Node Type": "Aggregate", "Strategy": "Hashed", "Parent Relationship": "Outer", "Startup Cost": 2301407.74, "Total Cost": 2301499.46, "Plan Rows": 9172, "Plan Width": 26, "Actual Startup Time": 43897.401, "Actual Total Time": 43898.802, "Actual Rows": 3981, "Actual Loops": 1, "Group By Key": ["supplier.s_name"], "Plans": [{"Node Type": "Nested Loop", "Parent Relationship": "Outer", "Join Type": "Inner", "Startup Cost": 3624.95, "Total Cost": 2301361.88, "Plan Rows": 9172, "Plan Width": 26, "Actual Startup Time": 52.489, "Actual Total Time": 43825.566, "Actual Rows": 39445, "Actual Loops": 1, "Inner Unique": true, "Join Filter": "(l1.l_orderkey = orders.o_orderkey)", "Rows Removed by Join Filter": 0, "Plans": [{"Node Type": "Nested Loop", "Parent Relationship": "Outer", "Join Type": "Semi", "Startup Cost": 3624.95, "Total Cost": 2294261.51, "Plan Rows": 7254, "Plan Width": 42, "Actual Startup Time": 52.469, "Actual Total Time": 43210.352, "Actual Rows": 80537, "Actual Loops": 1, "Inner Unique": false, "Plans": [{"Node Type": "Nested Loop", "Parent Relationship": "Outer", "Join Type": "Anti", "Startup Cost": 3624.95, "Total Cost": 2292405.94, "Plan Rows": 7635, "Plan Width": 42, "Actual Startup Time": 52.181, "Actual Total Time": 42595.813, "Actual Rows": 135110, "Actual Loops": 1, "Inner Unique": false, "Plans": [{"Node Type": "Hash Join", "Parent Relationship": "Outer", "Join Type": "Inner", "Startup Cost": 3624.95, "Total Cost": 2245218.73, "Plan Rows": 152707, "Plan Width": 42, "Actual Startup Time": 51.538, "Actual Total Time": 33829.123, "Actual Rows": 1511024, "Actual Loops": 1, "Inner Unique": false, "Hash Cond": "(l1.l_suppkey = supplier.s_suppkey), (LLVM Optimized, Jit Execute)", "Plans": [{"Node Type": "Seq Scan", "Parent Relationship": "Outer", "Relation Name": "lineitem", "Alias": "l1", "Startup Cost": 0.0, "Total Cost": 2165082.91, "Plan Rows": 19995678, "Plan Width": 16, "Actual Startup Time": 0.024, "Actual Total Time": 25355.471, "Actual Rows": 37929348, "Actual Loops": 1, "Filter": "(l_receiptdate > l_commitdate), (LLVM Optimized, Jit Execute)", "Rows Removed by Filter": 22056704}, {"Node Type": "Hash", "Parent Relationship": "Inner", "Startup Cost": 3574.95, "Total Cost": 3574.95, "Plan Rows": 4000, "Plan Width": 34, "Actual Startup Time": 51.383, "Actual Total Time": 51.383, "Actual Rows": 3981, "Actual Loops": 1, "Hash Buckets": 32768, "Hash Batches": 1, "Original Hash Batches": 1, "Peak Memory Usage": 280, "Plans": [{"Node Type": "Hash Join", "Parent Relationship": "Outer", "Join Type": "Inner", "Startup Cost": 1.32, "Total Cost": 3574.95, "Plan Rows": 4000, "Plan Width": 34, "Actual Startup Time": 0.083, "Actual Total Time": 49.997, "Actual Rows": 3981, "Actual Loops": 1, "Inner Unique": true, "Hash Cond": "(supplier.s_nationkey = nation.n_nationkey)", "Plans": [{"Node Type": "Seq Scan", "Parent Relationship": "Outer", "Relation Name": "supplier", "Alias": "supplier", "Startup Cost": 0.0, "Total Cost": 3283.0, "Plan Rows": 100000, "Plan Width": 38, "Actual Startup Time": 0.01, "Actual Total Time": 28.721, "Actual Rows": 100000, "Actual Loops": 1}, {"Node Type": "Hash", "Parent Relationship": "Inner", "Startup Cost": 1.31, "Total Cost": 1.31, "Plan Rows": 1, "Plan Width": 4, "Actual Startup Time": 0.03, "Actual Total Time": 0.03, "Actual Rows": 1, "Actual Loops": 1, "Hash Buckets": 32768, "Hash Batches": 1, "Original Hash Batches": 1, "Peak Memory Usage": 1, "Plans": [{"Node Type": "Seq Scan", "Parent Relationship": "Outer", "Relation Name": "nation", "Alias": "nation", "Startup Cost": 0.0, "Total Cost": 1.31, "Plan Rows": 1, "Plan Width": 4, "Actual Startup Time": 0.017, "Actual Total Time": 0.023, "Actual Rows": 1, "Actual Loops": 1, "Filter": "(n_name = 'EGYPT'::bpchar)", "Rows Removed by Filter": 24}]}]}]}]}, {"Node Type": "Index Scan", "Parent Relationship": "Inner", "Scan Direction": "Forward", "Index Name": "idx_lineitem_orderkey", "Relation Name": "lineitem", "Alias": "l3", "Startup Cost": 0.0, "Total Cost": 1.63, "Plan Rows": 3, "Plan Width": 16, "Actual Startup Time": 7791.572, "Actual Total Time": 7791.572, "Actual Rows": 1375914, "Actual Loops": 1511024, "Index Cond": "(l_orderkey = l1.l_orderkey)", "Rows Removed by Index Recheck": 0, "Filter": "((l_receiptdate > l_commitdate) AND (l_suppkey <> l1.l_suppkey))", "Rows Removed by Filter": 1348115}]}, {"Node Type": "Index Scan", "Parent Relationship": "Inner", "Scan Direction": "Forward", "Index Name": "idx_lineitem_orderkey", "Relation Name": "lineitem", "Alias": "l2", "Startup Cost": 0.0, "Total Cost": 1.63, "Plan Rows": 9, "Plan Width": 16, "Actual Startup Time": 502.258, "Actual Total Time": 502.258, "Actual Rows": 80537, "Actual Loops": 135110, "Index Cond": "(l_orderkey = l1.l_orderkey)", "Rows Removed by Index Recheck": 0, "Filter": "(l_suppkey <> l1.l_suppkey)", "Rows Removed by Filter": 85912}]}, {"Node Type": "Index Scan", "Parent Relationship": "Inner", "Scan Direction": "Forward", "Index Name": "orders_pkey", "Relation Name": "orders", "Alias": "orders", "Startup Cost": 0.0, "Total Cost": 0.97, "Plan Rows": 1, "Plan Width": 8, "Actual Startup Time": 535.065, "Actual Total Time": 535.065, "Actual Rows": 39445, "Actual Loops": 80537, "Index Cond": "(o_orderkey = l2.l_orderkey)", "Rows Removed by Index Recheck": 0, "Filter": "(o_orderstatus = 'F'::bpchar)", "Rows Removed by Filter": 41092}]}]}]}]}, "Triggers": [], "Planner Runtime": 7.356, "Total Runtime": 43909.894, "Unique SQL Id": 3870093320}}, "(1, 73)": {"explain_plan": {"Plan": {"Node Type": "Limit", "Startup Cost": 3528952.51, "Total Cost": 3528952.76, "Plan Rows": 100, "Plan Width": 26, "Plans": [{"Node Type": "Sort", "Parent Relationship": "Outer", "Startup Cost": 3528952.51, "Total Cost": 3528975.44, "Plan Rows": 100, "Plan Width": 26, "Sort Key": ["(count(*)) DESC", "supplier.s_name"], "Plans": [{"Node Type": "Aggregate", "Strategy": "Hashed", "Parent Relationship": "Outer", "Startup Cost": 3528510.24, "Total Cost": 3528601.96, "Plan Rows": 9172, "Plan Width": 26, "Group By Key": ["supplier.s_name"], "Plans": [{"Node Type": "Nested Loop", "Parent Relationship": "Outer", "Join Type": "Inner", "Startup Cost": 5689.04, "Total Cost": 3528464.38, "Plan Rows": 9172, "Plan Width": 26, "Inner Unique": true, "Join Filter": "(l1.l_orderkey = orders.o_orderkey)", "Plans": [{"Node Type": "Nested Loop", "Parent Relationship": "Outer", "Join Type": "Semi", "Startup Cost": 5689.04, "Total Cost": 3521364.01, "Plan Rows": 7254, "Plan Width": 42, "Inner Unique": false, "Plans": [{"Node Type": "Nested Loop", "Parent Relationship": "Outer", "Join Type": "Anti", "Startup Cost": 5689.04, "Total Cost": 3519508.45, "Plan Rows": 7635, "Plan Width": 42, "Inner Unique": false, "Plans": [{"Node Type": "Hash Join", "Parent Relationship": "Outer", "Join Type": "Inner", "Startup Cost": 5689.04, "Total Cost": 3472321.23, "Plan Rows": 152707, "Plan Width": 42, "Inner Unique": false, "Hash Cond": "(l1.l_suppkey = supplier.s_suppkey), (LLVM Optimized)", "Plans": [{"Node Type": "Index Scan", "Parent Relationship": "Outer", "Scan Direction": "Forward", "Index Name": "idx_lineitem_orderkey", "Relation Name": "lineitem", "Alias": "l1", "Startup Cost": 0.0, "Total Cost": 3390121.33, "Plan Rows": 19995678, "Plan Width": 16, "Filter": "(l_receiptdate > l_commitdate), (LLVM Optimized)"}, {"Node Type": "Hash", "Parent Relationship": "Inner", "Startup Cost": 5639.04, "Total Cost": 5639.04, "Plan Rows": 4000, "Plan Width": 34, "Plans": [{"Node Type": "Hash Join", "Parent Relationship": "Outer", "Join Type": "Inner", "Startup Cost": 12.7, "Total Cost": 5639.04, "Plan Rows": 4000, "Plan Width": 34, "Inner Unique": true, "Hash Cond": "(supplier.s_nationkey = nation.n_nationkey)", "Plans": [{"Node Type": "Index Scan", "Parent Relationship": "Outer", "Scan Direction": "Forward", "Index Name": "supplier_pkey", "Relation Name": "supplier", "Alias": "supplier", "Startup Cost": 0.0, "Total Cost": 5335.71, "Plan Rows": 100000, "Plan Width": 38}, {"Node Type": "Hash", "Parent Relationship": "Inner", "Startup Cost": 12.69, "Total Cost": 12.69, "Plan Rows": 1, "Plan Width": 4, "Plans": [{"Node Type": "Index Scan", "Parent Relationship": "Outer", "Scan Direction": "Forward", "Index Name": "nation_pkey", "Relation Name": "nation", "Alias": "nation", "Startup Cost": 0.0, "Total Cost": 12.69, "Plan Rows": 1, "Plan Width": 4, "Filter": "(n_name = 'EGYPT'::bpchar)"}]}]}]}]}, {"Node Type": "Index Scan", "Parent Relationship": "Inner", "Scan Direction": "Forward", "Index Name": "idx_lineitem_orderkey", "Relation Name": "lineitem", "Alias": "l3", "Startup Cost": 0.0, "Total Cost": 1.63, "Plan Rows": 3, "Plan Width": 16, "Index Cond": "(l_orderkey = l1.l_orderkey)", "Filter": "((l_receiptdate > l_commitdate) AND (l_suppkey <> l1.l_suppkey))"}]}, {"Node Type": "Index Scan", "Parent Relationship": "Inner", "Scan Direction": "Forward", "Index Name": "idx_lineitem_orderkey", "Relation Name": "lineitem", "Alias": "l2", "Startup Cost": 0.0, "Total Cost": 1.63, "Plan Rows": 9, "Plan Width": 16, "Index Cond": "(l_orderkey = l1.l_orderkey)", "Filter": "(l_suppkey <> l1.l_suppkey)"}]}, {"Node Type": "Index Scan", "Parent Relationship": "Inner", "Scan Direction": "Forward", "Index Name": "orders_pkey", "Relation Name": "orders", "Alias": "orders", "Startup Cost": 0.0, "Total Cost": 0.97, "Plan Rows": 1, "Plan Width": 8, "Index Cond": "(o_orderkey = l2.l_orderkey)", "Filter": "(o_orderstatus = 'F'::bpchar)"}]}]}]}]}, "Unique SQL Id": 3870093320}, "explain_analyze_plan": {"Plan": {"Node Type": "Limit", "Startup Cost": 3528952.51, "Total Cost": 3528952.76, "Plan Rows": 100, "Plan Width": 26, "Actual Startup Time": 64531.618, "Actual Total Time": 64531.632, "Actual Rows": 100, "Actual Loops": 1, "Plans": [{"Node Type": "Sort", "Parent Relationship": "Outer", "Startup Cost": 3528952.51, "Total Cost": 3528975.44, "Plan Rows": 100, "Plan Width": 26, "Actual Startup Time": 64531.614, "Actual Total Time": 64531.616, "Actual Rows": 100, "Actual Loops": 1, "Sort Key": ["(count(*)) DESC", "supplier.s_name"], "Sort Method": "top-N heapsort", "Sort Space Used": 41, "Sort Space Type": "Memory", "Plans": [{"Node Type": "Aggregate", "Strategy": "Hashed", "Parent Relationship": "Outer", "Startup Cost": 3528510.24, "Total Cost": 3528601.96, "Plan Rows": 9172, "Plan Width": 26, "Actual Startup Time": 64528.29, "Actual Total Time": 64529.482, "Actual Rows": 3981, "Actual Loops": 1, "Group By Key": ["supplier.s_name"], "Plans": [{"Node Type": "Nested Loop", "Parent Relationship": "Outer", "Join Type": "Inner", "Startup Cost": 5689.04, "Total Cost": 3528464.38, "Plan Rows": 9172, "Plan Width": 26, "Actual Startup Time": 76.543, "Actual Total Time": 64453.944, "Actual Rows": 39445, "Actual Loops": 1, "Inner Unique": true, "Join Filter": "(l1.l_orderkey = orders.o_orderkey)", "Rows Removed by Join Filter": 0, "Plans": [{"Node Type": "Nested Loop", "Parent Relationship": "Outer", "Join Type": "Semi", "Startup Cost": 5689.04, "Total Cost": 3521364.01, "Plan Rows": 7254, "Plan Width": 42, "Actual Startup Time": 76.52, "Actual Total Time": 63836.711, "Actual Rows": 80537, "Actual Loops": 1, "Inner Unique": false, "Plans": [{"Node Type": "Nested Loop", "Parent Relationship": "Outer", "Join Type": "Anti", "Startup Cost": 5689.04, "Total Cost": 3519508.45, "Plan Rows": 7635, "Plan Width": 42, "Actual Startup Time": 76.144, "Actual Total Time": 63222.256, "Actual Rows": 135110, "Actual Loops": 1, "Inner Unique": false, "Plans": [{"Node Type": "Hash Join", "Parent Relationship": "Outer", "Join Type": "Inner", "Startup Cost": 5689.04, "Total Cost": 3472321.23, "Plan Rows": 152707, "Plan Width": 42, "Actual Startup Time": 75.328, "Actual Total Time": 55228.058, "Actual Rows": 1511024, "Actual Loops": 1, "Inner Unique": false, "Hash Cond": "(l1.l_suppkey = supplier.s_suppkey), (LLVM Optimized, Jit Execute)", "Plans": [{"Node Type": "Index Scan", "Parent Relationship": "Outer", "Scan Direction": "Forward", "Index Name": "idx_lineitem_orderkey", "Relation Name": "lineitem", "Alias": "l1", "Startup Cost": 0.0, "Total Cost": 3390121.33, "Plan Rows": 19995678, "Plan Width": 16, "Actual Startup Time": 0.049, "Actual Total Time": 47134.749, "Actual Rows": 37929348, "Actual Loops": 1, "Filter": "(l_receiptdate > l_commitdate), (LLVM Optimized, Jit Execute)", "Rows Removed by Filter": 22056704}, {"Node Type": "Hash", "Parent Relationship": "Inner", "Startup Cost": 5639.04, "Total Cost": 5639.04, "Plan Rows": 4000, "Plan Width": 34, "Actual Startup Time": 75.114, "Actual Total Time": 75.114, "Actual Rows": 3981, "Actual Loops": 1, "Hash Buckets": 32768, "Hash Batches": 1, "Original Hash Batches": 1, "Peak Memory Usage": 280, "Plans": [{"Node Type": "Hash Join", "Parent Relationship": "Outer", "Join Type": "Inner", "Startup Cost": 12.7, "Total Cost": 5639.04, "Plan Rows": 4000, "Plan Width": 34, "Actual Startup Time": 0.126, "Actual Total Time": 73.635, "Actual Rows": 3981, "Actual Loops": 1, "Inner Unique": true, "Hash Cond": "(supplier.s_nationkey = nation.n_nationkey)", "Plans": [{"Node Type": "Index Scan", "Parent Relationship": "Outer", "Scan Direction": "Forward", "Index Name": "supplier_pkey", "Relation Name": "supplier", "Alias": "supplier", "Startup Cost": 0.0, "Total Cost": 5335.71, "Plan Rows": 100000, "Plan Width": 38, "Actual Startup Time": 0.023, "Actual Total Time": 53.648, "Actual Rows": 100000, "Actual Loops": 1}, {"Node Type": "Hash", "Parent Relationship": "Inner", "Startup Cost": 12.69, "Total Cost": 12.69, "Plan Rows": 1, "Plan Width": 4, "Actual Startup Time": 0.031, "Actual Total Time": 0.031, "Actual Rows": 1, "Actual Loops": 1, "Hash Buckets": 32768, "Hash Batches": 1, "Original Hash Batches": 1, "Peak Memory Usage": 1, "Plans": [{"Node Type": "Index Scan", "Parent Relationship": "Outer", "Scan Direction": "Forward", "Index Name": "nation_pkey", "Relation Name": "nation", "Alias": "nation", "Startup Cost": 0.0, "Total Cost": 12.69, "Plan Rows": 1, "Plan Width": 4, "Actual Startup Time": 0.012, "Actual Total Time": 0.023, "Actual Rows": 1, "Actual Loops": 1, "Filter": "(n_name = 'EGYPT'::bpchar)", "Rows Removed by Filter": 24}]}]}]}]}, {"Node Type": "Index Scan", "Parent Relationship": "Inner", "Scan Direction": "Forward", "Index Name": "idx_lineitem_orderkey", "Relation Name": "lineitem", "Alias": "l3", "Startup Cost": 0.0, "Total Cost": 1.63, "Plan Rows": 3, "Plan Width": 16, "Actual Startup Time": 7005.317, "Actual Total Time": 7005.317, "Actual Rows": 1375914, "Actual Loops": 1511024, "Index Cond": "(l_orderkey = l1.l_orderkey)", "Rows Removed by Index Recheck": 0, "Filter": "((l_receiptdate > l_commitdate) AND (l_suppkey <> l1.l_suppkey))", "Rows Removed by Filter": 1348115}]}, {"Node Type": "Index Scan", "Parent Relationship": "Inner", "Scan Direction": "Forward", "Index Name": "idx_lineitem_orderkey", "Relation Name": "lineitem", "Alias": "l2", "Startup Cost": 0.0, "Total Cost": 1.63, "Plan Rows": 9, "Plan Width": 16, "Actual Startup Time": 496.583, "Actual Total Time": 496.583, "Actual Rows": 80537, "Actual Loops": 135110, "Index Cond": "(l_orderkey = l1.l_orderkey)", "Rows Removed by Index Recheck": 0, "Filter": "(l_suppkey <> l1.l_suppkey)", "Rows Removed by Filter": 85912}]}, {"Node Type": "Index Scan", "Parent Relationship": "Inner", "Scan Direction": "Forward", "Index Name": "orders_pkey", "Relation Name": "orders", "Alias": "orders", "Startup Cost": 0.0, "Total Cost": 0.97, "Plan Rows": 1, "Plan Width": 8, "Actual Startup Time": 531.947, "Actual Total Time": 531.947, "Actual Rows": 39445, "Actual Loops": 80537, "Index Cond": "(o_orderkey = l2.l_orderkey)", "Rows Removed by Index Recheck": 0, "Filter": "(o_orderstatus = 'F'::bpchar)", "Rows Removed by Filter": 41092}]}]}]}]}, "Triggers": [], "Planner Runtime": 7.351, "Total Runtime": 64541.113, "Unique SQL Id": 3870093320}}, "(1, 74)": {"explain_plan": {"Plan": {"Node Type": "Limit", "Startup Cost": 7494113.85, "Total Cost": 7494114.1, "Plan Rows": 100, "Plan Width": 26, "Plans": [{"Node Type": "Sort", "Parent Relationship": "Outer", "Startup Cost": 7494113.85, "Total Cost": 7494136.78, "Plan Rows": 100, "Plan Width": 26, "Sort Key": ["(count(*)) DESC", "supplier.s_name"], "Plans": [{"Node Type": "Aggregate", "Strategy": "Hashed", "Parent Relationship": "Outer", "Startup Cost": 7493671.58, "Total Cost": 7493763.3, "Plan Rows": 9172, "Plan Width": 26, "Group By Key": ["supplier.s_name"], "Plans": [{"Node Type": "Hash Join", "Parent Relationship": "Outer", "Join Type": "Right Semi", "Startup Cost": 5238970.65, "Total Cost": 7493625.72, "Plan Rows": 9172, "Plan Width": 26, "Inner Unique": false, "Hash Cond": "(l2.l_orderkey = orders.o_orderkey)", "Join Filter": "(l2.l_suppkey <> l1.l_suppkey)", "Plans": [{"Node Type": "Seq Scan", "Parent Relationship": "Outer", "Relation Name": "lineitem", "Alias": "l2", "Startup Cost": 0.0, "Total Cost": 2015115.33, "Plan Rows": 59987033, "Plan Width": 16}, {"Node Type": "Hash", "Parent Relationship": "Inner", "Startup Cost": 5238849.96, "Total Cost": 5238849.96, "Plan Rows": 9655, "Plan Width": 50, "Plans": [{"Node Type": "Hash Join", "Parent Relationship": "Outer", "Join Type": "Inner", "Startup Cost": 4747320.39, "Total Cost": 5238849.96, "Plan Rows": 9655, "Plan Width": 50, "Inner Unique": false, "Hash Cond": "(orders.o_orderkey = l1.l_orderkey)", "Plans": [{"Node Type": "Seq Scan", "Parent Relationship": "Outer", "Relation Name": "orders", "Alias": "orders", "Startup Cost": 0.0, "Total Cost": 463912.49, "Plan Rows": 7338812, "Plan Width": 8, "Filter": "(o_orderstatus = 'F'::bpchar), (LLVM Optimized)"}, {"Node Type": "Hash", "Parent Relationship": "Inner", "Startup Cost": 4747224.95, "Total Cost": 4747224.95, "Plan Rows": 7635, "Plan Width": 42, "Plans": [{"Node Type": "Hash Join", "Parent Relationship": "Outer", "Join Type": "Anti", "Startup Cost": 2418653.84, "Total Cost": 4747224.95, "Plan Rows": 7635, "Plan Width": 42, "Inner Unique": false, "Hash Cond": "(l1.l_orderkey = l3.l_orderkey)", "Join Filter": "(l3.l_suppkey <> l1.l_suppkey)", "Plans": [{"Node Type": "Hash Join", "Parent Relationship": "Outer", "Join Type": "Inner", "Startup Cost": 3624.95, "Total Cost": 2245218.73, "Plan Rows": 152707, "Plan Width": 42, "Inner Unique": false, "Hash Cond": "(l1.l_suppkey = supplier.s_suppkey), (LLVM Optimized)", "Plans": [{"Node Type": "Seq Scan", "Parent Relationship": "Outer", "Relation Name": "lineitem", "Alias": "l1", "Startup Cost": 0.0, "Total Cost": 2165082.91, "Plan Rows": 19995678, "Plan Width": 16, "Filter": "(l_receiptdate > l_commitdate), (LLVM Optimized)"}, {"Node Type": "Hash", "Parent Relationship": "Inner", "Startup Cost": 3574.95, "Total Cost": 3574.95, "Plan Rows": 4000, "Plan Width": 34, "Plans": [{"Node Type": "Hash Join", "Parent Relationship": "Outer", "Join Type": "Inner", "Startup Cost": 1.32, "Total Cost": 3574.95, "Plan Rows": 4000, "Plan Width": 34, "Inner Unique": true, "Hash Cond": "(supplier.s_nationkey = nation.n_nationkey)", "Plans": [{"Node Type": "Seq Scan", "Parent Relationship": "Outer", "Relation Name": "supplier", "Alias": "supplier", "Startup Cost": 0.0, "Total Cost": 3283.0, "Plan Rows": 100000, "Plan Width": 38}, {"Node Type": "Hash", "Parent Relationship": "Inner", "Startup Cost": 1.31, "Total Cost": 1.31, "Plan Rows": 1, "Plan Width": 4, "Plans": [{"Node Type": "Seq Scan", "Parent Relationship": "Outer", "Relation Name": "nation", "Alias": "nation", "Startup Cost": 0.0, "Total Cost": 1.31, "Plan Rows": 1, "Plan Width": 4, "Filter": "(n_name = 'EGYPT'::bpchar)"}]}]}]}]}, {"Node Type": "Hash", "Parent Relationship": "Inner", "Startup Cost": 2165082.91, "Total Cost": 2165082.91, "Plan Rows": 19995678, "Plan Width": 16, "Plans": [{"Node Type": "Seq Scan", "Parent Relationship": "Outer", "Relation Name": "lineitem", "Alias": "l3", "Startup Cost": 0.0, "Total Cost": 2165082.91, "Plan Rows": 19995678, "Plan Width": 16, "Filter": "(l_receiptdate > l_commitdate), (LLVM Optimized)"}]}]}]}]}]}]}]}]}]}, "Unique SQL Id": 3870093320}, "explain_analyze_plan": null}, "(1, 75)": {"explain_plan": {"Plan": {"Node Type": "Limit", "Startup Cost": 6001037270730.47, "Total Cost": 6001037270730.72, "Plan Rows": 100, "Plan Width": 26, "Plans": [{"Node Type": "Sort", "Parent Relationship": "Outer", "Startup Cost": 6001037270730.47, "Total Cost": 6001037270753.4, "Plan Rows": 100, "Plan Width": 26, "Sort Key": ["(count(*)) DESC", "supplier.s_name"], "Plans": [{"Node Type": "Aggregate", "Strategy": "Hashed", "Parent Relationship": "Outer", "Startup Cost": 6001037270288.2, "Total Cost": 6001037270379.92, "Plan Rows": 9172, "Plan Width": 26, "Group By Key": ["supplier.s_name"], "Plans": [{"Node Type": "Hash Join", "Parent Relationship": "Outer", "Join Type": "Inner", "Startup Cost": 2040036961707.02, "Total Cost": 6001037270242.34, "Plan Rows": 9172, "Plan Width": 26, "Inner Unique": true, "Hash Cond": "(supplier.s_nationkey = nation.n_nationkey)", "Plans": [{"Node Type": "Hash Join", "Parent Relationship": "Outer", "Join Type": "Inner", "Startup Cost": 1040036960438.26, "Total Cost": 5001037268296.33, "Plan Rows": 229305, "Plan Width": 30, "Inner Unique": true, "Hash Cond": "(l1.l_suppkey = supplier.s_suppkey), (LLVM Optimized)", "Plans": [{"Node Type": "Merge Join", "Parent Relationship": "Outer", "Join Type": "Inner", "Startup Cost": 40036425616.82, "Total Cost": 4001036728206.72, "Plan Rows": 1201020, "Plan Width": 8, "Inner Unique": true, "Merge Cond": "(l1.l_orderkey = orders.o_orderkey)", "Plans": [{"Node Type": "Merge Join", "Parent Relationship": "Outer", "Join Type": "Semi", "Startup Cost": 30000000000.0, "Total Cost": 3001006768519.97, "Plan Rows": 949795, "Plan Width": 24, "Inner Unique": false, "Merge Cond": "(l1.l_orderkey = l2.l_orderkey), (LLVM Optimized)", "Join Filter": "(l2.l_suppkey <> l1.l_suppkey), (LLVM Optimized)", "Plans": [{"Node Type": "Merge Join", "Parent Relationship": "Outer", "Join Type": "Anti", "Startup Cost": 20000000000.0, "Total Cost": 2000682365976.25, "Plan Rows": 999784, "Plan Width": 16, "Inner Unique": false, "Merge Cond": "(l1.l_orderkey = l3.l_orderkey), (LLVM Optimized)", "Join Filter": "(l3.l_suppkey <> l1.l_suppkey), (LLVM Optimized)", "Plans": [{"Node Type": "Index Scan", "Parent Relationship": "Outer", "Scan Direction": "Forward", "Index Name": "idx_lineitem_orderkey", "Relation Name": "lineitem", "Alias": "l1", "Startup Cost": 10000000000.0, "Total Cost": 1000339012132.75, "Plan Rows": 19995678, "Plan Width": 16, "Filter": "(l_receiptdate > l_commitdate), (LLVM Optimized)"}, {"Node Type": "Materialize", "Parent Relationship": "Inner", "Startup Cost": 10000000000.0, "Total Cost": 1000339062121.94, "Plan Rows": 19995678, "Plan Width": 16, "Plans": [{"Node Type": "Index Scan", "Parent Relationship": "Outer", "Scan Direction": "Forward", "Index Name": "idx_lineitem_orderkey", "Relation Name": "lineitem", "Alias": "l3", "Startup Cost": 10000000000.0, "Total Cost": 1000339012132.75, "Plan Rows": 19995678, "Plan Width": 16, "Filter": "(l_receiptdate > l_commitdate), (LLVM Optimized)"}]}]}, {"Node Type": "Index Scan", "Parent Relationship": "Inner", "Scan Direction": "Forward", "Index Name": "idx_lineitem_orderkey", "Relation Name": "lineitem", "Alias": "l2", "Startup Cost": 10000000000.0, "Total Cost": 1000324015374.5, "Plan Rows": 59987033, "Plan Width": 16}]}, {"Node Type": "Index Scan", "Parent Relationship": "Inner", "Scan Direction": "Forward", "Index Name": "orders_pkey", "Relation Name": "orders", "Alias": "orders", "Startup Cost": 10000000000.0, "Total Cost": 1000076847713.25, "Plan Rows": 7338812, "Plan Width": 8, "Filter": "(o_orderstatus = 'F'::bpchar), (LLVM Optimized)"}]}, {"Node Type": "Hash", "Parent Relationship": "Inner", "Startup Cost": 1000000533571.43, "Total Cost": 1000000533571.43, "Plan Rows": 100000, "Plan Width": 38, "Plans": [{"Node Type": "Index Scan", "Parent Relationship": "Outer", "Scan Direction": "Forward", "Index Name": "supplier_pkey", "Relation Name": "supplier", "Alias": "supplier", "Startup Cost": 10000000000.0, "Total Cost": 1000000533571.43, "Plan Rows": 100000, "Plan Width": 38}]}]}, {"Node Type": "Hash", "Parent Relationship": "Inner", "Startup Cost": 1000000001268.75, "Total Cost": 1000000001268.75, "Plan Rows": 1, "Plan Width": 4, "Plans": [{"Node Type": "Index Scan", "Parent Relationship": "Outer", "Scan Direction": "Forward", "Index Name": "nation_pkey", "Relation Name": "nation", "Alias": "nation", "Startup Cost": 10000000000.0, "Total Cost": 1000000001268.75, "Plan Rows": 1, "Plan Width": 4, "Filter": "(n_name = 'EGYPT'::bpchar)"}]}]}]}]}]}, "Unique SQL Id": 3870093320}, "explain_analyze_plan": null}, "(1, 76)": {"explain_plan": {"Plan": {"Node Type": "Limit", "Startup Cost": 2301850.01, "Total Cost": 2301850.26, "Plan Rows": 100, "Plan Width": 26, "Plans": [{"Node Type": "Sort", "Parent Relationship": "Outer", "Startup Cost": 2301850.01, "Total Cost": 2301872.94, "Plan Rows": 100, "Plan Width": 26, "Sort Key": ["(count(*)) DESC", "supplier.s_name"], "Plans": [{"Node Type": "Aggregate", "Strategy": "Hashed", "Parent Relationship": "Outer", "Startup Cost": 2301407.74, "Total Cost": 2301499.46, "Plan Rows": 9172, "Plan Width": 26, "Group By Key": ["supplier.s_name"], "Plans": [{"Node Type": "Nested Loop", "Parent Relationship": "Outer", "Join Type": "Inner", "Startup Cost": 3624.95, "Total Cost": 2301361.88, "Plan Rows": 9172, "Plan Width": 26, "Inner Unique": true, "Join Filter": "(l1.l_orderkey = orders.o_orderkey)", "Plans": [{"Node Type": "Nested Loop", "Parent Relationship": "Outer", "Join Type": "Semi", "Startup Cost": 3624.95, "Total Cost": 2294261.51, "Plan Rows": 7254, "Plan Width": 42, "Inner Unique": false, "Plans": [{"Node Type": "Nested Loop", "Parent Relationship": "Outer", "Join Type": "Anti", "Startup Cost": 3624.95, "Total Cost": 2292405.94, "Plan Rows": 7635, "Plan Width": 42, "Inner Unique": false, "Plans": [{"Node Type": "Hash Join", "Parent Relationship": "Outer", "Join Type": "Inner", "Startup Cost": 3624.95, "Total Cost": 2245218.73, "Plan Rows": 152707, "Plan Width": 42, "Inner Unique": false, "Hash Cond": "(l1.l_suppkey = supplier.s_suppkey), (LLVM Optimized)", "Plans": [{"Node Type": "Seq Scan", "Parent Relationship": "Outer", "Relation Name": "lineitem", "Alias": "l1", "Startup Cost": 0.0, "Total Cost": 2165082.91, "Plan Rows": 19995678, "Plan Width": 16, "Filter": "(l_receiptdate > l_commitdate), (LLVM Optimized)"}, {"Node Type": "Hash", "Parent Relationship": "Inner", "Startup Cost": 3574.95, "Total Cost": 3574.95, "Plan Rows": 4000, "Plan Width": 34, "Plans": [{"Node Type": "Hash Join", "Parent Relationship": "Outer", "Join Type": "Inner", "Startup Cost": 1.32, "Total Cost": 3574.95, "Plan Rows": 4000, "Plan Width": 34, "Inner Unique": true, "Hash Cond": "(supplier.s_nationkey = nation.n_nationkey)", "Plans": [{"Node Type": "Seq Scan", "Parent Relationship": "Outer", "Relation Name": "supplier", "Alias": "supplier", "Startup Cost": 0.0, "Total Cost": 3283.0, "Plan Rows": 100000, "Plan Width": 38}, {"Node Type": "Hash", "Parent Relationship": "Inner", "Startup Cost": 1.31, "Total Cost": 1.31, "Plan Rows": 1, "Plan Width": 4, "Plans": [{"Node Type": "Seq Scan", "Parent Relationship": "Outer", "Relation Name": "nation", "Alias": "nation", "Startup Cost": 0.0, "Total Cost": 1.31, "Plan Rows": 1, "Plan Width": 4, "Filter": "(n_name = 'EGYPT'::bpchar)"}]}]}]}]}, {"Node Type": "Index Scan", "Parent Relationship": "Inner", "Scan Direction": "Forward", "Index Name": "idx_lineitem_orderkey", "Relation Name": "lineitem", "Alias": "l3", "Startup Cost": 0.0, "Total Cost": 1.63, "Plan Rows": 3, "Plan Width": 16, "Index Cond": "(l_orderkey = l1.l_orderkey)", "Filter": "((l_receiptdate > l_commitdate) AND (l_suppkey <> l1.l_suppkey))"}]}, {"Node Type": "Index Scan", "Parent Relationship": "Inner", "Scan Direction": "Forward", "Index Name": "idx_lineitem_orderkey", "Relation Name": "lineitem", "Alias": "l2", "Startup Cost": 0.0, "Total Cost": 1.63, "Plan Rows": 9, "Plan Width": 16, "Index Cond": "(l_orderkey = l1.l_orderkey)", "Filter": "(l_suppkey <> l1.l_suppkey)"}]}, {"Node Type": "Index Scan", "Parent Relationship": "Inner", "Scan Direction": "Forward", "Index Name": "orders_pkey", "Relation Name": "orders", "Alias": "orders", "Startup Cost": 0.0, "Total Cost": 0.97, "Plan Rows": 1, "Plan Width": 8, "Index Cond": "(o_orderkey = l2.l_orderkey)", "Filter": "(o_orderstatus = 'F'::bpchar)"}]}]}]}]}, "Unique SQL Id": 3870093320}, "explain_analyze_plan": {"Plan": {"Node Type": "Limit", "Startup Cost": 2301850.01, "Total Cost": 2301850.26, "Plan Rows": 100, "Plan Width": 26, "Actual Startup Time": 43900.873, "Actual Total Time": 43900.892, "Actual Rows": 100, "Actual Loops": 1, "Plans": [{"Node Type": "Sort", "Parent Relationship": "Outer", "Startup Cost": 2301850.01, "Total Cost": 2301872.94, "Plan Rows": 100, "Plan Width": 26, "Actual Startup Time": 43900.87, "Actual Total Time": 43900.872, "Actual Rows": 100, "Actual Loops": 1, "Sort Key": ["(count(*)) DESC", "supplier.s_name"], "Sort Method": "top-N heapsort", "Sort Space Used": 41, "Sort Space Type": "Memory", "Plans": [{"Node Type": "Aggregate", "Strategy": "Hashed", "Parent Relationship": "Outer", "Startup Cost": 2301407.74, "Total Cost": 2301499.46, "Plan Rows": 9172, "Plan Width": 26, "Actual Startup Time": 43897.401, "Actual Total Time": 43898.802, "Actual Rows": 3981, "Actual Loops": 1, "Group By Key": ["supplier.s_name"], "Plans": [{"Node Type": "Nested Loop", "Parent Relationship": "Outer", "Join Type": "Inner", "Startup Cost": 3624.95, "Total Cost": 2301361.88, "Plan Rows": 9172, "Plan Width": 26, "Actual Startup Time": 52.489, "Actual Total Time": 43825.566, "Actual Rows": 39445, "Actual Loops": 1, "Inner Unique": true, "Join Filter": "(l1.l_orderkey = orders.o_orderkey)", "Rows Removed by Join Filter": 0, "Plans": [{"Node Type": "Nested Loop", "Parent Relationship": "Outer", "Join Type": "Semi", "Startup Cost": 3624.95, "Total Cost": 2294261.51, "Plan Rows": 7254, "Plan Width": 42, "Actual Startup Time": 52.469, "Actual Total Time": 43210.352, "Actual Rows": 80537, "Actual Loops": 1, "Inner Unique": false, "Plans": [{"Node Type": "Nested Loop", "Parent Relationship": "Outer", "Join Type": "Anti", "Startup Cost": 3624.95, "Total Cost": 2292405.94, "Plan Rows": 7635, "Plan Width": 42, "Actual Startup Time": 52.181, "Actual Total Time": 42595.813, "Actual Rows": 135110, "Actual Loops": 1, "Inner Unique": false, "Plans": [{"Node Type": "Hash Join", "Parent Relationship": "Outer", "Join Type": "Inner", "Startup Cost": 3624.95, "Total Cost": 2245218.73, "Plan Rows": 152707, "Plan Width": 42, "Actual Startup Time": 51.538, "Actual Total Time": 33829.123, "Actual Rows": 1511024, "Actual Loops": 1, "Inner Unique": false, "Hash Cond": "(l1.l_suppkey = supplier.s_suppkey), (LLVM Optimized, Jit Execute)", "Plans": [{"Node Type": "Seq Scan", "Parent Relationship": "Outer", "Relation Name": "lineitem", "Alias": "l1", "Startup Cost": 0.0, "Total Cost": 2165082.91, "Plan Rows": 19995678, "Plan Width": 16, "Actual Startup Time": 0.024, "Actual Total Time": 25355.471, "Actual Rows": 37929348, "Actual Loops": 1, "Filter": "(l_receiptdate > l_commitdate), (LLVM Optimized, Jit Execute)", "Rows Removed by Filter": 22056704}, {"Node Type": "Hash", "Parent Relationship": "Inner", "Startup Cost": 3574.95, "Total Cost": 3574.95, "Plan Rows": 4000, "Plan Width": 34, "Actual Startup Time": 51.383, "Actual Total Time": 51.383, "Actual Rows": 3981, "Actual Loops": 1, "Hash Buckets": 32768, "Hash Batches": 1, "Original Hash Batches": 1, "Peak Memory Usage": 280, "Plans": [{"Node Type": "Hash Join", "Parent Relationship": "Outer", "Join Type": "Inner", "Startup Cost": 1.32, "Total Cost": 3574.95, "Plan Rows": 4000, "Plan Width": 34, "Actual Startup Time": 0.083, "Actual Total Time": 49.997, "Actual Rows": 3981, "Actual Loops": 1, "Inner Unique": true, "Hash Cond": "(supplier.s_nationkey = nation.n_nationkey)", "Plans": [{"Node Type": "Seq Scan", "Parent Relationship": "Outer", "Relation Name": "supplier", "Alias": "supplier", "Startup Cost": 0.0, "Total Cost": 3283.0, "Plan Rows": 100000, "Plan Width": 38, "Actual Startup Time": 0.01, "Actual Total Time": 28.721, "Actual Rows": 100000, "Actual Loops": 1}, {"Node Type": "Hash", "Parent Relationship": "Inner", "Startup Cost": 1.31, "Total Cost": 1.31, "Plan Rows": 1, "Plan Width": 4, "Actual Startup Time": 0.03, "Actual Total Time": 0.03, "Actual Rows": 1, "Actual Loops": 1, "Hash Buckets": 32768, "Hash Batches": 1, "Original Hash Batches": 1, "Peak Memory Usage": 1, "Plans": [{"Node Type": "Seq Scan", "Parent Relationship": "Outer", "Relation Name": "nation", "Alias": "nation", "Startup Cost": 0.0, "Total Cost": 1.31, "Plan Rows": 1, "Plan Width": 4, "Actual Startup Time": 0.017, "Actual Total Time": 0.023, "Actual Rows": 1, "Actual Loops": 1, "Filter": "(n_name = 'EGYPT'::bpchar)", "Rows Removed by Filter": 24}]}]}]}]}, {"Node Type": "Index Scan", "Parent Relationship": "Inner", "Scan Direction": "Forward", "Index Name": "idx_lineitem_orderkey", "Relation Name": "lineitem", "Alias": "l3", "Startup Cost": 0.0, "Total Cost": 1.63, "Plan Rows": 3, "Plan Width": 16, "Actual Startup Time": 7791.572, "Actual Total Time": 7791.572, "Actual Rows": 1375914, "Actual Loops": 1511024, "Index Cond": "(l_orderkey = l1.l_orderkey)", "Rows Removed by Index Recheck": 0, "Filter": "((l_receiptdate > l_commitdate) AND (l_suppkey <> l1.l_suppkey))", "Rows Removed by Filter": 1348115}]}, {"Node Type": "Index Scan", "Parent Relationship": "Inner", "Scan Direction": "Forward", "Index Name": "idx_lineitem_orderkey", "Relation Name": "lineitem", "Alias": "l2", "Startup Cost": 0.0, "Total Cost": 1.63, "Plan Rows": 9, "Plan Width": 16, "Actual Startup Time": 502.258, "Actual Total Time": 502.258, "Actual Rows": 80537, "Actual Loops": 135110, "Index Cond": "(l_orderkey = l1.l_orderkey)", "Rows Removed by Index Recheck": 0, "Filter": "(l_suppkey <> l1.l_suppkey)", "Rows Removed by Filter": 85912}]}, {"Node Type": "Index Scan", "Parent Relationship": "Inner", "Scan Direction": "Forward", "Index Name": "orders_pkey", "Relation Name": "orders", "Alias": "orders", "Startup Cost": 0.0, "Total Cost": 0.97, "Plan Rows": 1, "Plan Width": 8, "Actual Startup Time": 535.065, "Actual Total Time": 535.065, "Actual Rows": 39445, "Actual Loops": 80537, "Index Cond": "(o_orderkey = l2.l_orderkey)", "Rows Removed by Index Recheck": 0, "Filter": "(o_orderstatus = 'F'::bpchar)", "Rows Removed by Filter": 41092}]}]}]}]}, "Triggers": [], "Planner Runtime": 7.356, "Total Runtime": 43909.894, "Unique SQL Id": 3870093320}}, "(1, 77)": {"explain_plan": {"Plan": {"Node Type": "Limit", "Startup Cost": 3528952.51, "Total Cost": 3528952.76, "Plan Rows": 100, "Plan Width": 26, "Plans": [{"Node Type": "Sort", "Parent Relationship": "Outer", "Startup Cost": 3528952.51, "Total Cost": 3528975.44, "Plan Rows": 100, "Plan Width": 26, "Sort Key": ["(count(*)) DESC", "supplier.s_name"], "Plans": [{"Node Type": "Aggregate", "Strategy": "Hashed", "Parent Relationship": "Outer", "Startup Cost": 3528510.24, "Total Cost": 3528601.96, "Plan Rows": 9172, "Plan Width": 26, "Group By Key": ["supplier.s_name"], "Plans": [{"Node Type": "Nested Loop", "Parent Relationship": "Outer", "Join Type": "Inner", "Startup Cost": 5689.04, "Total Cost": 3528464.38, "Plan Rows": 9172, "Plan Width": 26, "Inner Unique": true, "Join Filter": "(l1.l_orderkey = orders.o_orderkey)", "Plans": [{"Node Type": "Nested Loop", "Parent Relationship": "Outer", "Join Type": "Semi", "Startup Cost": 5689.04, "Total Cost": 3521364.01, "Plan Rows": 7254, "Plan Width": 42, "Inner Unique": false, "Plans": [{"Node Type": "Nested Loop", "Parent Relationship": "Outer", "Join Type": "Anti", "Startup Cost": 5689.04, "Total Cost": 3519508.45, "Plan Rows": 7635, "Plan Width": 42, "Inner Unique": false, "Plans": [{"Node Type": "Hash Join", "Parent Relationship": "Outer", "Join Type": "Inner", "Startup Cost": 5689.04, "Total Cost": 3472321.23, "Plan Rows": 152707, "Plan Width": 42, "Inner Unique": false, "Hash Cond": "(l1.l_suppkey = supplier.s_suppkey), (LLVM Optimized)", "Plans": [{"Node Type": "Index Scan", "Parent Relationship": "Outer", "Scan Direction": "Forward", "Index Name": "idx_lineitem_orderkey", "Relation Name": "lineitem", "Alias": "l1", "Startup Cost": 0.0, "Total Cost": 3390121.33, "Plan Rows": 19995678, "Plan Width": 16, "Filter": "(l_receiptdate > l_commitdate), (LLVM Optimized)"}, {"Node Type": "Hash", "Parent Relationship": "Inner", "Startup Cost": 5639.04, "Total Cost": 5639.04, "Plan Rows": 4000, "Plan Width": 34, "Plans": [{"Node Type": "Hash Join", "Parent Relationship": "Outer", "Join Type": "Inner", "Startup Cost": 12.7, "Total Cost": 5639.04, "Plan Rows": 4000, "Plan Width": 34, "Inner Unique": true, "Hash Cond": "(supplier.s_nationkey = nation.n_nationkey)", "Plans": [{"Node Type": "Index Scan", "Parent Relationship": "Outer", "Scan Direction": "Forward", "Index Name": "supplier_pkey", "Relation Name": "supplier", "Alias": "supplier", "Startup Cost": 0.0, "Total Cost": 5335.71, "Plan Rows": 100000, "Plan Width": 38}, {"Node Type": "Hash", "Parent Relationship": "Inner", "Startup Cost": 12.69, "Total Cost": 12.69, "Plan Rows": 1, "Plan Width": 4, "Plans": [{"Node Type": "Index Scan", "Parent Relationship": "Outer", "Scan Direction": "Forward", "Index Name": "nation_pkey", "Relation Name": "nation", "Alias": "nation", "Startup Cost": 0.0, "Total Cost": 12.69, "Plan Rows": 1, "Plan Width": 4, "Filter": "(n_name = 'EGYPT'::bpchar)"}]}]}]}]}, {"Node Type": "Index Scan", "Parent Relationship": "Inner", "Scan Direction": "Forward", "Index Name": "idx_lineitem_orderkey", "Relation Name": "lineitem", "Alias": "l3", "Startup Cost": 0.0, "Total Cost": 1.63, "Plan Rows": 3, "Plan Width": 16, "Index Cond": "(l_orderkey = l1.l_orderkey)", "Filter": "((l_receiptdate > l_commitdate) AND (l_suppkey <> l1.l_suppkey))"}]}, {"Node Type": "Index Scan", "Parent Relationship": "Inner", "Scan Direction": "Forward", "Index Name": "idx_lineitem_orderkey", "Relation Name": "lineitem", "Alias": "l2", "Startup Cost": 0.0, "Total Cost": 1.63, "Plan Rows": 9, "Plan Width": 16, "Index Cond": "(l_orderkey = l1.l_orderkey)", "Filter": "(l_suppkey <> l1.l_suppkey)"}]}, {"Node Type": "Index Scan", "Parent Relationship": "Inner", "Scan Direction": "Forward", "Index Name": "orders_pkey", "Relation Name": "orders", "Alias": "orders", "Startup Cost": 0.0, "Total Cost": 0.97, "Plan Rows": 1, "Plan Width": 8, "Index Cond": "(o_orderkey = l2.l_orderkey)", "Filter": "(o_orderstatus = 'F'::bpchar)"}]}]}]}]}, "Unique SQL Id": 3870093320}, "explain_analyze_plan": {"Plan": {"Node Type": "Limit", "Startup Cost": 3528952.51, "Total Cost": 3528952.76, "Plan Rows": 100, "Plan Width": 26, "Actual Startup Time": 64531.618, "Actual Total Time": 64531.632, "Actual Rows": 100, "Actual Loops": 1, "Plans": [{"Node Type": "Sort", "Parent Relationship": "Outer", "Startup Cost": 3528952.51, "Total Cost": 3528975.44, "Plan Rows": 100, "Plan Width": 26, "Actual Startup Time": 64531.614, "Actual Total Time": 64531.616, "Actual Rows": 100, "Actual Loops": 1, "Sort Key": ["(count(*)) DESC", "supplier.s_name"], "Sort Method": "top-N heapsort", "Sort Space Used": 41, "Sort Space Type": "Memory", "Plans": [{"Node Type": "Aggregate", "Strategy": "Hashed", "Parent Relationship": "Outer", "Startup Cost": 3528510.24, "Total Cost": 3528601.96, "Plan Rows": 9172, "Plan Width": 26, "Actual Startup Time": 64528.29, "Actual Total Time": 64529.482, "Actual Rows": 3981, "Actual Loops": 1, "Group By Key": ["supplier.s_name"], "Plans": [{"Node Type": "Nested Loop", "Parent Relationship": "Outer", "Join Type": "Inner", "Startup Cost": 5689.04, "Total Cost": 3528464.38, "Plan Rows": 9172, "Plan Width": 26, "Actual Startup Time": 76.543, "Actual Total Time": 64453.944, "Actual Rows": 39445, "Actual Loops": 1, "Inner Unique": true, "Join Filter": "(l1.l_orderkey = orders.o_orderkey)", "Rows Removed by Join Filter": 0, "Plans": [{"Node Type": "Nested Loop", "Parent Relationship": "Outer", "Join Type": "Semi", "Startup Cost": 5689.04, "Total Cost": 3521364.01, "Plan Rows": 7254, "Plan Width": 42, "Actual Startup Time": 76.52, "Actual Total Time": 63836.711, "Actual Rows": 80537, "Actual Loops": 1, "Inner Unique": false, "Plans": [{"Node Type": "Nested Loop", "Parent Relationship": "Outer", "Join Type": "Anti", "Startup Cost": 5689.04, "Total Cost": 3519508.45, "Plan Rows": 7635, "Plan Width": 42, "Actual Startup Time": 76.144, "Actual Total Time": 63222.256, "Actual Rows": 135110, "Actual Loops": 1, "Inner Unique": false, "Plans": [{"Node Type": "Hash Join", "Parent Relationship": "Outer", "Join Type": "Inner", "Startup Cost": 5689.04, "Total Cost": 3472321.23, "Plan Rows": 152707, "Plan Width": 42, "Actual Startup Time": 75.328, "Actual Total Time": 55228.058, "Actual Rows": 1511024, "Actual Loops": 1, "Inner Unique": false, "Hash Cond": "(l1.l_suppkey = supplier.s_suppkey), (LLVM Optimized, Jit Execute)", "Plans": [{"Node Type": "Index Scan", "Parent Relationship": "Outer", "Scan Direction": "Forward", "Index Name": "idx_lineitem_orderkey", "Relation Name": "lineitem", "Alias": "l1", "Startup Cost": 0.0, "Total Cost": 3390121.33, "Plan Rows": 19995678, "Plan Width": 16, "Actual Startup Time": 0.049, "Actual Total Time": 47134.749, "Actual Rows": 37929348, "Actual Loops": 1, "Filter": "(l_receiptdate > l_commitdate), (LLVM Optimized, Jit Execute)", "Rows Removed by Filter": 22056704}, {"Node Type": "Hash", "Parent Relationship": "Inner", "Startup Cost": 5639.04, "Total Cost": 5639.04, "Plan Rows": 4000, "Plan Width": 34, "Actual Startup Time": 75.114, "Actual Total Time": 75.114, "Actual Rows": 3981, "Actual Loops": 1, "Hash Buckets": 32768, "Hash Batches": 1, "Original Hash Batches": 1, "Peak Memory Usage": 280, "Plans": [{"Node Type": "Hash Join", "Parent Relationship": "Outer", "Join Type": "Inner", "Startup Cost": 12.7, "Total Cost": 5639.04, "Plan Rows": 4000, "Plan Width": 34, "Actual Startup Time": 0.126, "Actual Total Time": 73.635, "Actual Rows": 3981, "Actual Loops": 1, "Inner Unique": true, "Hash Cond": "(supplier.s_nationkey = nation.n_nationkey)", "Plans": [{"Node Type": "Index Scan", "Parent Relationship": "Outer", "Scan Direction": "Forward", "Index Name": "supplier_pkey", "Relation Name": "supplier", "Alias": "supplier", "Startup Cost": 0.0, "Total Cost": 5335.71, "Plan Rows": 100000, "Plan Width": 38, "Actual Startup Time": 0.023, "Actual Total Time": 53.648, "Actual Rows": 100000, "Actual Loops": 1}, {"Node Type": "Hash", "Parent Relationship": "Inner", "Startup Cost": 12.69, "Total Cost": 12.69, "Plan Rows": 1, "Plan Width": 4, "Actual Startup Time": 0.031, "Actual Total Time": 0.031, "Actual Rows": 1, "Actual Loops": 1, "Hash Buckets": 32768, "Hash Batches": 1, "Original Hash Batches": 1, "Peak Memory Usage": 1, "Plans": [{"Node Type": "Index Scan", "Parent Relationship": "Outer", "Scan Direction": "Forward", "Index Name": "nation_pkey", "Relation Name": "nation", "Alias": "nation", "Startup Cost": 0.0, "Total Cost": 12.69, "Plan Rows": 1, "Plan Width": 4, "Actual Startup Time": 0.012, "Actual Total Time": 0.023, "Actual Rows": 1, "Actual Loops": 1, "Filter": "(n_name = 'EGYPT'::bpchar)", "Rows Removed by Filter": 24}]}]}]}]}, {"Node Type": "Index Scan", "Parent Relationship": "Inner", "Scan Direction": "Forward", "Index Name": "idx_lineitem_orderkey", "Relation Name": "lineitem", "Alias": "l3", "Startup Cost": 0.0, "Total Cost": 1.63, "Plan Rows": 3, "Plan Width": 16, "Actual Startup Time": 7005.317, "Actual Total Time": 7005.317, "Actual Rows": 1375914, "Actual Loops": 1511024, "Index Cond": "(l_orderkey = l1.l_orderkey)", "Rows Removed by Index Recheck": 0, "Filter": "((l_receiptdate > l_commitdate) AND (l_suppkey <> l1.l_suppkey))", "Rows Removed by Filter": 1348115}]}, {"Node Type": "Index Scan", "Parent Relationship": "Inner", "Scan Direction": "Forward", "Index Name": "idx_lineitem_orderkey", "Relation Name": "lineitem", "Alias": "l2", "Startup Cost": 0.0, "Total Cost": 1.63, "Plan Rows": 9, "Plan Width": 16, "Actual Startup Time": 496.583, "Actual Total Time": 496.583, "Actual Rows": 80537, "Actual Loops": 135110, "Index Cond": "(l_orderkey = l1.l_orderkey)", "Rows Removed by Index Recheck": 0, "Filter": "(l_suppkey <> l1.l_suppkey)", "Rows Removed by Filter": 85912}]}, {"Node Type": "Index Scan", "Parent Relationship": "Inner", "Scan Direction": "Forward", "Index Name": "orders_pkey", "Relation Name": "orders", "Alias": "orders", "Startup Cost": 0.0, "Total Cost": 0.97, "Plan Rows": 1, "Plan Width": 8, "Actual Startup Time": 531.947, "Actual Total Time": 531.947, "Actual Rows": 39445, "Actual Loops": 80537, "Index Cond": "(o_orderkey = l2.l_orderkey)", "Rows Removed by Index Recheck": 0, "Filter": "(o_orderstatus = 'F'::bpchar)", "Rows Removed by Filter": 41092}]}]}]}]}, "Triggers": [], "Planner Runtime": 7.351, "Total Runtime": 64541.113, "Unique SQL Id": 3870093320}}, "(1, 78)": {"explain_plan": {"Plan": {"Node Type": "Limit", "Startup Cost": 7494113.85, "Total Cost": 7494114.1, "Plan Rows": 100, "Plan Width": 26, "Plans": [{"Node Type": "Sort", "Parent Relationship": "Outer", "Startup Cost": 7494113.85, "Total Cost": 7494136.78, "Plan Rows": 100, "Plan Width": 26, "Sort Key": ["(count(*)) DESC", "supplier.s_name"], "Plans": [{"Node Type": "Aggregate", "Strategy": "Hashed", "Parent Relationship": "Outer", "Startup Cost": 7493671.58, "Total Cost": 7493763.3, "Plan Rows": 9172, "Plan Width": 26, "Group By Key": ["supplier.s_name"], "Plans": [{"Node Type": "Hash Join", "Parent Relationship": "Outer", "Join Type": "Right Semi", "Startup Cost": 5238970.65, "Total Cost": 7493625.72, "Plan Rows": 9172, "Plan Width": 26, "Inner Unique": false, "Hash Cond": "(l2.l_orderkey = orders.o_orderkey)", "Join Filter": "(l2.l_suppkey <> l1.l_suppkey)", "Plans": [{"Node Type": "Seq Scan", "Parent Relationship": "Outer", "Relation Name": "lineitem", "Alias": "l2", "Startup Cost": 0.0, "Total Cost": 2015115.33, "Plan Rows": 59987033, "Plan Width": 16}, {"Node Type": "Hash", "Parent Relationship": "Inner", "Startup Cost": 5238849.96, "Total Cost": 5238849.96, "Plan Rows": 9655, "Plan Width": 50, "Plans": [{"Node Type": "Hash Join", "Parent Relationship": "Outer", "Join Type": "Inner", "Startup Cost": 4747320.39, "Total Cost": 5238849.96, "Plan Rows": 9655, "Plan Width": 50, "Inner Unique": false, "Hash Cond": "(orders.o_orderkey = l1.l_orderkey)", "Plans": [{"Node Type": "Seq Scan", "Parent Relationship": "Outer", "Relation Name": "orders", "Alias": "orders", "Startup Cost": 0.0, "Total Cost": 463912.49, "Plan Rows": 7338812, "Plan Width": 8, "Filter": "(o_orderstatus = 'F'::bpchar), (LLVM Optimized)"}, {"Node Type": "Hash", "Parent Relationship": "Inner", "Startup Cost": 4747224.95, "Total Cost": 4747224.95, "Plan Rows": 7635, "Plan Width": 42, "Plans": [{"Node Type": "Hash Join", "Parent Relationship": "Outer", "Join Type": "Anti", "Startup Cost": 2418653.84, "Total Cost": 4747224.95, "Plan Rows": 7635, "Plan Width": 42, "Inner Unique": false, "Hash Cond": "(l1.l_orderkey = l3.l_orderkey)", "Join Filter": "(l3.l_suppkey <> l1.l_suppkey)", "Plans": [{"Node Type": "Hash Join", "Parent Relationship": "Outer", "Join Type": "Inner", "Startup Cost": 3624.95, "Total Cost": 2245218.73, "Plan Rows": 152707, "Plan Width": 42, "Inner Unique": false, "Hash Cond": "(l1.l_suppkey = supplier.s_suppkey), (LLVM Optimized)", "Plans": [{"Node Type": "Seq Scan", "Parent Relationship": "Outer", "Relation Name": "lineitem", "Alias": "l1", "Startup Cost": 0.0, "Total Cost": 2165082.91, "Plan Rows": 19995678, "Plan Width": 16, "Filter": "(l_receiptdate > l_commitdate), (LLVM Optimized)"}, {"Node Type": "Hash", "Parent Relationship": "Inner", "Startup Cost": 3574.95, "Total Cost": 3574.95, "Plan Rows": 4000, "Plan Width": 34, "Plans": [{"Node Type": "Hash Join", "Parent Relationship": "Outer", "Join Type": "Inner", "Startup Cost": 1.32, "Total Cost": 3574.95, "Plan Rows": 4000, "Plan Width": 34, "Inner Unique": true, "Hash Cond": "(supplier.s_nationkey = nation.n_nationkey)", "Plans": [{"Node Type": "Seq Scan", "Parent Relationship": "Outer", "Relation Name": "supplier", "Alias": "supplier", "Startup Cost": 0.0, "Total Cost": 3283.0, "Plan Rows": 100000, "Plan Width": 38}, {"Node Type": "Hash", "Parent Relationship": "Inner", "Startup Cost": 1.31, "Total Cost": 1.31, "Plan Rows": 1, "Plan Width": 4, "Plans": [{"Node Type": "Seq Scan", "Parent Relationship": "Outer", "Relation Name": "nation", "Alias": "nation", "Startup Cost": 0.0, "Total Cost": 1.31, "Plan Rows": 1, "Plan Width": 4, "Filter": "(n_name = 'EGYPT'::bpchar)"}]}]}]}]}, {"Node Type": "Hash", "Parent Relationship": "Inner", "Startup Cost": 2165082.91, "Total Cost": 2165082.91, "Plan Rows": 19995678, "Plan Width": 16, "Plans": [{"Node Type": "Seq Scan", "Parent Relationship": "Outer", "Relation Name": "lineitem", "Alias": "l3", "Startup Cost": 0.0, "Total Cost": 2165082.91, "Plan Rows": 19995678, "Plan Width": 16, "Filter": "(l_receiptdate > l_commitdate), (LLVM Optimized)"}]}]}]}]}]}]}]}]}]}, "Unique SQL Id": 3870093320}, "explain_analyze_plan": null}, "(1, 79)": {"explain_plan": {"Plan": {"Node Type": "Limit", "Startup Cost": 6001037270730.47, "Total Cost": 6001037270730.72, "Plan Rows": 100, "Plan Width": 26, "Plans": [{"Node Type": "Sort", "Parent Relationship": "Outer", "Startup Cost": 6001037270730.47, "Total Cost": 6001037270753.4, "Plan Rows": 100, "Plan Width": 26, "Sort Key": ["(count(*)) DESC", "supplier.s_name"], "Plans": [{"Node Type": "Aggregate", "Strategy": "Hashed", "Parent Relationship": "Outer", "Startup Cost": 6001037270288.2, "Total Cost": 6001037270379.92, "Plan Rows": 9172, "Plan Width": 26, "Group By Key": ["supplier.s_name"], "Plans": [{"Node Type": "Hash Join", "Parent Relationship": "Outer", "Join Type": "Inner", "Startup Cost": 2040036961707.02, "Total Cost": 6001037270242.34, "Plan Rows": 9172, "Plan Width": 26, "Inner Unique": true, "Hash Cond": "(supplier.s_nationkey = nation.n_nationkey)", "Plans": [{"Node Type": "Hash Join", "Parent Relationship": "Outer", "Join Type": "Inner", "Startup Cost": 1040036960438.26, "Total Cost": 5001037268296.33, "Plan Rows": 229305, "Plan Width": 30, "Inner Unique": true, "Hash Cond": "(l1.l_suppkey = supplier.s_suppkey), (LLVM Optimized)", "Plans": [{"Node Type": "Merge Join", "Parent Relationship": "Outer", "Join Type": "Inner", "Startup Cost": 40036425616.82, "Total Cost": 4001036728206.72, "Plan Rows": 1201020, "Plan Width": 8, "Inner Unique": true, "Merge Cond": "(l1.l_orderkey = orders.o_orderkey)", "Plans": [{"Node Type": "Merge Join", "Parent Relationship": "Outer", "Join Type": "Semi", "Startup Cost": 30000000000.0, "Total Cost": 3001006768519.97, "Plan Rows": 949795, "Plan Width": 24, "Inner Unique": false, "Merge Cond": "(l1.l_orderkey = l2.l_orderkey), (LLVM Optimized)", "Join Filter": "(l2.l_suppkey <> l1.l_suppkey), (LLVM Optimized)", "Plans": [{"Node Type": "Merge Join", "Parent Relationship": "Outer", "Join Type": "Anti", "Startup Cost": 20000000000.0, "Total Cost": 2000682365976.25, "Plan Rows": 999784, "Plan Width": 16, "Inner Unique": false, "Merge Cond": "(l1.l_orderkey = l3.l_orderkey), (LLVM Optimized)", "Join Filter": "(l3.l_suppkey <> l1.l_suppkey), (LLVM Optimized)", "Plans": [{"Node Type": "Index Scan", "Parent Relationship": "Outer", "Scan Direction": "Forward", "Index Name": "idx_lineitem_orderkey", "Relation Name": "lineitem", "Alias": "l1", "Startup Cost": 10000000000.0, "Total Cost": 1000339012132.75, "Plan Rows": 19995678, "Plan Width": 16, "Filter": "(l_receiptdate > l_commitdate), (LLVM Optimized)"}, {"Node Type": "Materialize", "Parent Relationship": "Inner", "Startup Cost": 10000000000.0, "Total Cost": 1000339062121.94, "Plan Rows": 19995678, "Plan Width": 16, "Plans": [{"Node Type": "Index Scan", "Parent Relationship": "Outer", "Scan Direction": "Forward", "Index Name": "idx_lineitem_orderkey", "Relation Name": "lineitem", "Alias": "l3", "Startup Cost": 10000000000.0, "Total Cost": 1000339012132.75, "Plan Rows": 19995678, "Plan Width": 16, "Filter": "(l_receiptdate > l_commitdate), (LLVM Optimized)"}]}]}, {"Node Type": "Index Scan", "Parent Relationship": "Inner", "Scan Direction": "Forward", "Index Name": "idx_lineitem_orderkey", "Relation Name": "lineitem", "Alias": "l2", "Startup Cost": 10000000000.0, "Total Cost": 1000324015374.5, "Plan Rows": 59987033, "Plan Width": 16}]}, {"Node Type": "Index Scan", "Parent Relationship": "Inner", "Scan Direction": "Forward", "Index Name": "orders_pkey", "Relation Name": "orders", "Alias": "orders", "Startup Cost": 10000000000.0, "Total Cost": 1000076847713.25, "Plan Rows": 7338812, "Plan Width": 8, "Filter": "(o_orderstatus = 'F'::bpchar), (LLVM Optimized)"}]}, {"Node Type": "Hash", "Parent Relationship": "Inner", "Startup Cost": 1000000533571.43, "Total Cost": 1000000533571.43, "Plan Rows": 100000, "Plan Width": 38, "Plans": [{"Node Type": "Index Scan", "Parent Relationship": "Outer", "Scan Direction": "Forward", "Index Name": "supplier_pkey", "Relation Name": "supplier", "Alias": "supplier", "Startup Cost": 10000000000.0, "Total Cost": 1000000533571.43, "Plan Rows": 100000, "Plan Width": 38}]}]}, {"Node Type": "Hash", "Parent Relationship": "Inner", "Startup Cost": 1000000001268.75, "Total Cost": 1000000001268.75, "Plan Rows": 1, "Plan Width": 4, "Plans": [{"Node Type": "Index Scan", "Parent Relationship": "Outer", "Scan Direction": "Forward", "Index Name": "nation_pkey", "Relation Name": "nation", "Alias": "nation", "Startup Cost": 10000000000.0, "Total Cost": 1000000001268.75, "Plan Rows": 1, "Plan Width": 4, "Filter": "(n_name = 'EGYPT'::bpchar)"}]}]}]}]}]}, "Unique SQL Id": 3870093320}, "explain_analyze_plan": null}, "(1, 80)": {"explain_plan": {"Plan": {"Node Type": "Limit", "Startup Cost": 4750796.76, "Total Cost": 4750797.01, "Plan Rows": 100, "Plan Width": 26, "Plans": [{"Node Type": "Sort", "Parent Relationship": "Outer", "Startup Cost": 4750796.76, "Total Cost": 4750819.69, "Plan Rows": 100, "Plan Width": 26, "Sort Key": ["(count(*)) DESC", "supplier.s_name"], "Plans": [{"Node Type": "Aggregate", "Strategy": "Hashed", "Parent Relationship": "Outer", "Startup Cost": 4750354.5, "Total Cost": 4750446.22, "Plan Rows": 9172, "Plan Width": 26, "Group By Key": ["supplier.s_name"], "Plans": [{"Node Type": "Nested Loop", "Parent Relationship": "Outer", "Join Type": "Inner", "Startup Cost": 4592659.88, "Total Cost": 4750308.64, "Plan Rows": 9172, "Plan Width": 26, "Inner Unique": true, "Join Filter": "(l1.l_orderkey = orders.o_orderkey)", "Plans": [{"Node Type": "Nested Loop", "Parent Relationship": "Outer", "Join Type": "Semi", "Startup Cost": 4592659.88, "Total Cost": 4743208.27, "Plan Rows": 7254, "Plan Width": 42, "Inner Unique": false, "Plans": [{"Node Type": "Nested Loop", "Parent Relationship": "Outer", "Join Type": "Anti", "Startup Cost": 4592659.88, "Total Cost": 4741352.7, "Plan Rows": 7635, "Plan Width": 42, "Inner Unique": false, "Plans": [{"Node Type": "Merge Join", "Parent Relationship": "Outer", "Join Type": "Inner", "Startup Cost": 4592659.88, "Total Cost": 4694165.48, "Plan Rows": 152707, "Plan Width": 42, "Inner Unique": false, "Merge Cond": "(supplier.s_suppkey = l1.l_suppkey)", "Plans": [{"Node Type": "Sort", "Parent Relationship": "Outer", "Startup Cost": 2772.67, "Total Cost": 2782.67, "Plan Rows": 4000, "Plan Width": 34, "Sort Key": ["supplier.s_suppkey"], "Plans": [{"Node Type": "Nested Loop", "Parent Relationship": "Outer", "Join Type": "Inner", "Startup Cost": 95.25, "Total Cost": 2533.35, "Plan Rows": 4000, "Plan Width": 34, "Inner Unique": false, "Plans": [{"Node Type": "Seq Scan", "Parent Relationship": "Outer", "Relation Name": "nation", "Alias": "nation", "Startup Cost": 0.0, "Total Cost": 1.31, "Plan Rows": 1, "Plan Width": 4, "Filter": "(n_name = 'EGYPT'::bpchar)"}, {"Node Type": "Bitmap Heap Scan", "Parent Relationship": "Inner", "Relation Name": "supplier", "Alias": "supplier", "Startup Cost": 95.25, "Total Cost": 2492.04, "Plan Rows": 4000, "Plan Width": 38, "Recheck Cond": "(s_nationkey = nation.n_nationkey)", "Plans": [{"Node Type": "Bitmap Index Scan", "Parent Relationship": "Outer", "Index Name": "idx_supplier_nation_key", "Startup Cost": 0.0, "Total Cost": 94.25, "Plan Rows": 4000, "Plan Width": 0, "Index Cond": "(s_nationkey = nation.n_nationkey)"}]}]}]}, {"Node Type": "Sort", "Parent Relationship": "Inner", "Startup Cost": 4589877.29, "Total Cost": 4639866.48, "Plan Rows": 19995678, "Plan Width": 16, "Sort Key": ["l1.l_suppkey"], "Plans": [{"Node Type": "Seq Scan", "Parent Relationship": "Outer", "Relation Name": "lineitem", "Alias": "l1", "Startup Cost": 0.0, "Total Cost": 2165082.91, "Plan Rows": 19995678, "Plan Width": 16, "Filter": "(l_receiptdate > l_commitdate), (LLVM Optimized)"}]}]}, {"Node Type": "Index Scan", "Parent Relationship": "Inner", "Scan Direction": "Forward", "Index Name": "idx_lineitem_orderkey", "Relation Name": "lineitem", "Alias": "l3", "Startup Cost": 0.0, "Total Cost": 1.63, "Plan Rows": 3, "Plan Width": 16, "Index Cond": "(l_orderkey = l1.l_orderkey)", "Filter": "((l_receiptdate > l_commitdate) AND (l_suppkey <> l1.l_suppkey))"}]}, {"Node Type": "Index Scan", "Parent Relationship": "Inner", "Scan Direction": "Forward", "Index Name": "idx_lineitem_orderkey", "Relation Name": "lineitem", "Alias": "l2", "Startup Cost": 0.0, "Total Cost": 1.63, "Plan Rows": 9, "Plan Width": 16, "Index Cond": "(l_orderkey = l1.l_orderkey)", "Filter": "(l_suppkey <> l1.l_suppkey)"}]}, {"Node Type": "Index Scan", "Parent Relationship": "Inner", "Scan Direction": "Forward", "Index Name": "orders_pkey", "Relation Name": "orders", "Alias": "orders", "Startup Cost": 0.0, "Total Cost": 0.97, "Plan Rows": 1, "Plan Width": 8, "Index Cond": "(o_orderkey = l2.l_orderkey)", "Filter": "(o_orderstatus = 'F'::bpchar)"}]}]}]}]}, "Unique SQL Id": 3870093320}, "explain_analyze_plan": {"Plan": {"Node Type": "Limit", "Startup Cost": 4750796.76, "Total Cost": 4750797.01, "Plan Rows": 100, "Plan Width": 26, "Actual Startup Time": 74742.382, "Actual Total Time": 74742.401, "Actual Rows": 100, "Actual Loops": 1, "Plans": [{"Node Type": "Sort", "Parent Relationship": "Outer", "Startup Cost": 4750796.76, "Total Cost": 4750819.69, "Plan Rows": 100, "Plan Width": 26, "Actual Startup Time": 74742.38, "Actual Total Time": 74742.389, "Actual Rows": 100, "Actual Loops": 1, "Sort Key": ["(count(*)) DESC", "supplier.s_name"], "Sort Method": "top-N heapsort", "Sort Space Used": 41, "Sort Space Type": "Memory", "Plans": [{"Node Type": "Aggregate", "Strategy": "Hashed", "Parent Relationship": "Outer", "Startup Cost": 4750354.5, "Total Cost": 4750446.22, "Plan Rows": 9172, "Plan Width": 26, "Actual Startup Time": 74739.062, "Actual Total Time": 74740.33, "Actual Rows": 3981, "Actual Loops": 1, "Group By Key": ["supplier.s_name"], "Plans": [{"Node Type": "Nested Loop", "Parent Relationship": "Outer", "Join Type": "Inner", "Startup Cost": 4592659.88, "Total Cost": 4750308.64, "Plan Rows": 9172, "Plan Width": 26, "Actual Startup Time": 41048.781, "Actual Total Time": 74683.252, "Actual Rows": 39445, "Actual Loops": 1, "Inner Unique": true, "Join Filter": "(l1.l_orderkey = orders.o_orderkey)", "Rows Removed by Join Filter": 0, "Plans": [{"Node Type": "Nested Loop", "Parent Relationship": "Outer", "Join Type": "Semi", "Startup Cost": 4592659.88, "Total Cost": 4743208.27, "Plan Rows": 7254, "Plan Width": 42, "Actual Startup Time": 41048.245, "Actual Total Time": 73866.681, "Actual Rows": 80537, "Actual Loops": 1, "Inner Unique": false, "Plans": [{"Node Type": "Nested Loop", "Parent Relationship": "Outer", "Join Type": "Anti", "Startup Cost": 4592659.88, "Total Cost": 4741352.7, "Plan Rows": 7635, "Plan Width": 42, "Actual Startup Time": 41048.065, "Actual Total Time": 73246.054, "Actual Rows": 135110, "Actual Loops": 1, "Inner Unique": false, "Plans": [{"Node Type": "Merge Join", "Parent Relationship": "Outer", "Join Type": "Inner", "Startup Cost": 4592659.88, "Total Cost": 4694165.48, "Plan Rows": 152707, "Plan Width": 42, "Actual Startup Time": 41047.738, "Actual Total Time": 57992.729, "Actual Rows": 1511024, "Actual Loops": 1, "Inner Unique": false, "Merge Cond": "(supplier.s_suppkey = l1.l_suppkey)", "Plans": [{"Node Type": "Sort", "Parent Relationship": "Outer", "Startup Cost": 2772.67, "Total Cost": 2782.67, "Plan Rows": 4000, "Plan Width": 34, "Actual Startup Time": 8.094, "Actual Total Time": 9.36, "Actual Rows": 3981, "Actual Loops": 1, "Sort Key": ["supplier.s_suppkey"], "Sort Method": "quicksort", "Sort Space Used": 470, "Sort Space Type": "Memory", "Plans": [{"Node Type": "Nested Loop", "Parent Relationship": "Outer", "Join Type": "Inner", "Startup Cost": 95.25, "Total Cost": 2533.35, "Plan Rows": 4000, "Plan Width": 34, "Actual Startup Time": 1.009, "Actual Total Time": 6.838, "Actual Rows": 3981, "Actual Loops": 1, "Inner Unique": false, "Plans": [{"Node Type": "Seq Scan", "Parent Relationship": "Outer", "Relation Name": "nation", "Alias": "nation", "Startup Cost": 0.0, "Total Cost": 1.31, "Plan Rows": 1, "Plan Width": 4, "Actual Startup Time": 0.037, "Actual Total Time": 0.049, "Actual Rows": 1, "Actual Loops": 1, "Filter": "(n_name = 'EGYPT'::bpchar)", "Rows Removed by Filter": 24}, {"Node Type": "Bitmap Heap Scan", "Parent Relationship": "Inner", "Relation Name": "supplier", "Alias": "supplier", "Startup Cost": 95.25, "Total Cost": 2492.04, "Plan Rows": 4000, "Plan Width": 38, "Actual Startup Time": 0.965, "Actual Total Time": 6.017, "Actual Rows": 3981, "Actual Loops": 1, "Recheck Cond": "(s_nationkey = nation.n_nationkey)", "Rows Removed by Index Recheck": 0, "Exact Heap Blocks": 1918, "Lossy Heap Blocks": 1918, "Plans": [{"Node Type": "Bitmap Index Scan", "Parent Relationship": "Outer", "Index Name": "idx_supplier_nation_key", "Startup Cost": 0.0, "Total Cost": 94.25, "Plan Rows": 4000, "Plan Width": 0, "Actual Startup Time": 0.674, "Actual Total Time": 0.674, "Actual Rows": 3981, "Actual Loops": 1, "Index Cond": "(s_nationkey = nation.n_nationkey)"}]}]}]}, {"Node Type": "Sort", "Parent Relationship": "Inner", "Startup Cost": 4589877.29, "Total Cost": 4639866.48, "Plan Rows": 19995678, "Plan Width": 16, "Actual Startup Time": 41028.323, "Actual Total Time": 52608.15, "Actual Rows": 37901086, "Actual Loops": 1, "Sort Key": ["l1.l_suppkey"], "Sort Method": "quicksort", "Sort Space Used": 5128741, "Sort Space Type": "Memory", "Plans": [{"Node Type": "Seq Scan", "Parent Relationship": "Outer", "Relation Name": "lineitem", "Alias": "l1", "Startup Cost": 0.0, "Total Cost": 2165082.91, "Plan Rows": 19995678, "Plan Width": 16, "Actual Startup Time": 0.02, "Actual Total Time": 26482.328, "Actual Rows": 37929348, "Actual Loops": 1, "Filter": "(l_receiptdate > l_commitdate), (LLVM Optimized, Jit Execute)", "Rows Removed by Filter": 22056704}]}]}, {"Node Type": "Index Scan", "Parent Relationship": "Inner", "Scan Direction": "Forward", "Index Name": "idx_lineitem_orderkey", "Relation Name": "lineitem", "Alias": "l3", "Startup Cost": 0.0, "Total Cost": 1.63, "Plan Rows": 3, "Plan Width": 16, "Actual Startup Time": 14222.187, "Actual Total Time": 14222.187, "Actual Rows": 1375914, "Actual Loops": 1511024, "Index Cond": "(l_orderkey = l1.l_orderkey)", "Rows Removed by Index Recheck": 0, "Filter": "((l_receiptdate > l_commitdate) AND (l_suppkey <> l1.l_suppkey))", "Rows Removed by Filter": 1348115}]}, {"Node Type": "Index Scan", "Parent Relationship": "Inner", "Scan Direction": "Forward", "Index Name": "idx_lineitem_orderkey", "Relation Name": "lineitem", "Alias": "l2", "Startup Cost": 0.0, "Total Cost": 1.63, "Plan Rows": 9, "Plan Width": 16, "Actual Startup Time": 509.145, "Actual Total Time": 509.145, "Actual Rows": 80537, "Actual Loops": 135110, "Index Cond": "(l_orderkey = l1.l_orderkey)", "Rows Removed by Index Recheck": 0, "Filter": "(l_suppkey <> l1.l_suppkey)", "Rows Removed by Filter": 85912}]}, {"Node Type": "Index Scan", "Parent Relationship": "Inner", "Scan Direction": "Forward", "Index Name": "orders_pkey", "Relation Name": "orders", "Alias": "orders", "Startup Cost": 0.0, "Total Cost": 0.97, "Plan Rows": 1, "Plan Width": 8, "Actual Startup Time": 734.797, "Actual Total Time": 734.797, "Actual Rows": 39445, "Actual Loops": 80537, "Index Cond": "(o_orderkey = l2.l_orderkey)", "Rows Removed by Index Recheck": 0, "Filter": "(o_orderstatus = 'F'::bpchar)", "Rows Removed by Filter": 41092}]}]}]}]}, "Triggers": [], "Planner Runtime": 7.065, "Total Runtime": 74751.114, "Unique SQL Id": 3870093320}}, "(1, 81)": {"explain_plan": {"Plan": {"Node Type": "Limit", "Startup Cost": 5975846.55, "Total Cost": 5975846.8, "Plan Rows": 100, "Plan Width": 26, "Plans": [{"Node Type": "Sort", "Parent Relationship": "Outer", "Startup Cost": 5975846.55, "Total Cost": 5975869.48, "Plan Rows": 100, "Plan Width": 26, "Sort Key": ["(count(*)) DESC", "supplier.s_name"], "Plans": [{"Node Type": "Aggregate", "Strategy": "Hashed", "Parent Relationship": "Outer", "Startup Cost": 5975404.29, "Total Cost": 5975496.01, "Plan Rows": 9172, "Plan Width": 26, "Group By Key": ["supplier.s_name"], "Plans": [{"Node Type": "Nested Loop", "Parent Relationship": "Outer", "Join Type": "Inner", "Startup Cost": 5817709.67, "Total Cost": 5975358.43, "Plan Rows": 9172, "Plan Width": 26, "Inner Unique": true, "Join Filter": "(l1.l_orderkey = orders.o_orderkey)", "Plans": [{"Node Type": "Nested Loop", "Parent Relationship": "Outer", "Join Type": "Semi", "Startup Cost": 5817709.67, "Total Cost": 5968258.06, "Plan Rows": 7254, "Plan Width": 42, "Inner Unique": false, "Plans": [{"Node Type": "Nested Loop", "Parent Relationship": "Outer", "Join Type": "Anti", "Startup Cost": 5817709.67, "Total Cost": 5966402.49, "Plan Rows": 7635, "Plan Width": 42, "Inner Unique": false, "Plans": [{"Node Type": "Merge Join", "Parent Relationship": "Outer", "Join Type": "Inner", "Startup Cost": 5817709.67, "Total Cost": 5919215.27, "Plan Rows": 152707, "Plan Width": 42, "Inner Unique": false, "Merge Cond": "(supplier.s_suppkey = l1.l_suppkey)", "Plans": [{"Node Type": "Sort", "Parent Relationship": "Outer", "Startup Cost": 2784.04, "Total Cost": 2794.04, "Plan Rows": 4000, "Plan Width": 34, "Sort Key": ["supplier.s_suppkey"], "Plans": [{"Node Type": "Nested Loop", "Parent Relationship": "Outer", "Join Type": "Inner", "Startup Cost": 95.25, "Total Cost": 2544.73, "Plan Rows": 4000, "Plan Width": 34, "Inner Unique": false, "Plans": [{"Node Type": "Index Scan", "Parent Relationship": "Outer", "Scan Direction": "Forward", "Index Name": "nation_pkey", "Relation Name": "nation", "Alias": "nation", "Startup Cost": 0.0, "Total Cost": 12.69, "Plan Rows": 1, "Plan Width": 4, "Filter": "(n_name = 'EGYPT'::bpchar)"}, {"Node Type": "Bitmap Heap Scan", "Parent Relationship": "Inner", "Relation Name": "supplier", "Alias": "supplier", "Startup Cost": 95.25, "Total Cost": 2492.04, "Plan Rows": 4000, "Plan Width": 38, "Recheck Cond": "(s_nationkey = nation.n_nationkey)", "Plans": [{"Node Type": "Bitmap Index Scan", "Parent Relationship": "Outer", "Index Name": "idx_supplier_nation_key", "Startup Cost": 0.0, "Total Cost": 94.25, "Plan Rows": 4000, "Plan Width": 0, "Index Cond": "(s_nationkey = nation.n_nationkey)"}]}]}]}, {"Node Type": "Sort", "Parent Relationship": "Inner", "Startup Cost": 5814915.7, "Total Cost": 5864904.9, "Plan Rows": 19995678, "Plan Width": 16, "Sort Key": ["l1.l_suppkey"], "Plans": [{"Node Type": "Index Scan", "Parent Relationship": "Outer", "Scan Direction": "Forward", "Index Name": "idx_lineitem_orderkey", "Relation Name": "lineitem", "Alias": "l1", "Startup Cost": 0.0, "Total Cost": 3390121.33, "Plan Rows": 19995678, "Plan Width": 16, "Filter": "(l_receiptdate > l_commitdate), (LLVM Optimized)"}]}]}, {"Node Type": "Index Scan", "Parent Relationship": "Inner", "Scan Direction": "Forward", "Index Name": "idx_lineitem_orderkey", "Relation Name": "lineitem", "Alias": "l3", "Startup Cost": 0.0, "Total Cost": 1.63, "Plan Rows": 3, "Plan Width": 16, "Index Cond": "(l_orderkey = l1.l_orderkey)", "Filter": "((l_receiptdate > l_commitdate) AND (l_suppkey <> l1.l_suppkey))"}]}, {"Node Type": "Index Scan", "Parent Relationship": "Inner", "Scan Direction": "Forward", "Index Name": "idx_lineitem_orderkey", "Relation Name": "lineitem", "Alias": "l2", "Startup Cost": 0.0, "Total Cost": 1.63, "Plan Rows": 9, "Plan Width": 16, "Index Cond": "(l_orderkey = l1.l_orderkey)", "Filter": "(l_suppkey <> l1.l_suppkey)"}]}, {"Node Type": "Index Scan", "Parent Relationship": "Inner", "Scan Direction": "Forward", "Index Name": "orders_pkey", "Relation Name": "orders", "Alias": "orders", "Startup Cost": 0.0, "Total Cost": 0.97, "Plan Rows": 1, "Plan Width": 8, "Index Cond": "(o_orderkey = l2.l_orderkey)", "Filter": "(o_orderstatus = 'F'::bpchar)"}]}]}]}]}, "Unique SQL Id": 3870093320}, "explain_analyze_plan": null}, "(1, 82)": {"explain_plan": {"Plan": {"Node Type": "Limit", "Startup Cost": 5102106.0, "Total Cost": 5102106.25, "Plan Rows": 100, "Plan Width": 26, "Plans": [{"Node Type": "Sort", "Parent Relationship": "Outer", "Startup Cost": 5102106.0, "Total Cost": 5102128.93, "Plan Rows": 100, "Plan Width": 26, "Sort Key": ["(count(*)) DESC", "supplier.s_name"], "Plans": [{"Node Type": "Aggregate", "Strategy": "Hashed", "Parent Relationship": "Outer", "Startup Cost": 5101663.73, "Total Cost": 5101755.45, "Plan Rows": 9172, "Plan Width": 26, "Group By Key": ["supplier.s_name"], "Plans": [{"Node Type": "Nested Loop", "Parent Relationship": "Outer", "Join Type": "Inner", "Startup Cost": 4592662.13, "Total Cost": 5101617.87, "Plan Rows": 9172, "Plan Width": 26, "Inner Unique": true, "Join Filter": "(l1.l_orderkey = orders.o_orderkey)", "Plans": [{"Node Type": "Nested Loop", "Parent Relationship": "Outer", "Join Type": "Semi", "Startup Cost": 4592661.53, "Total Cost": 5068057.11, "Plan Rows": 7254, "Plan Width": 42, "Inner Unique": false, "Plans": [{"Node Type": "Nested Loop", "Parent Relationship": "Outer", "Join Type": "Anti", "Startup Cost": 4592660.71, "Total Cost": 5052878.56, "Plan Rows": 7635, "Plan Width": 42, "Inner Unique": false, "Plans": [{"Node Type": "Merge Join", "Parent Relationship": "Outer", "Join Type": "Inner", "Startup Cost": 4592659.88, "Total Cost": 4694165.48, "Plan Rows": 152707, "Plan Width": 42, "Inner Unique": false, "Merge Cond": "(supplier.s_suppkey = l1.l_suppkey)", "Plans": [{"Node Type": "Sort", "Parent Relationship": "Outer", "Startup Cost": 2772.67, "Total Cost": 2782.67, "Plan Rows": 4000, "Plan Width": 34, "Sort Key": ["supplier.s_suppkey"], "Plans": [{"Node Type": "Nested Loop", "Parent Relationship": "Outer", "Join Type": "Inner", "Startup Cost": 95.25, "Total Cost": 2533.35, "Plan Rows": 4000, "Plan Width": 34, "Inner Unique": false, "Plans": [{"Node Type": "Seq Scan", "Parent Relationship": "Outer", "Relation Name": "nation", "Alias": "nation", "Startup Cost": 0.0, "Total Cost": 1.31, "Plan Rows": 1, "Plan Width": 4, "Filter": "(n_name = 'EGYPT'::bpchar)"}, {"Node Type": "Bitmap Heap Scan", "Parent Relationship": "Inner", "Relation Name": "supplier", "Alias": "supplier", "Startup Cost": 95.25, "Total Cost": 2492.04, "Plan Rows": 4000, "Plan Width": 38, "Recheck Cond": "(s_nationkey = nation.n_nationkey)", "Plans": [{"Node Type": "Bitmap Index Scan", "Parent Relationship": "Outer", "Index Name": "idx_supplier_nation_key", "Startup Cost": 0.0, "Total Cost": 94.25, "Plan Rows": 4000, "Plan Width": 0, "Index Cond": "(s_nationkey = nation.n_nationkey)"}]}]}]}, {"Node Type": "Sort", "Parent Relationship": "Inner", "Startup Cost": 4589877.29, "Total Cost": 4639866.48, "Plan Rows": 19995678, "Plan Width": 16, "Sort Key": ["l1.l_suppkey"], "Plans": [{"Node Type": "Seq Scan", "Parent Relationship": "Outer", "Relation Name": "lineitem", "Alias": "l1", "Startup Cost": 0.0, "Total Cost": 2165082.91, "Plan Rows": 19995678, "Plan Width": 16, "Filter": "(l_receiptdate > l_commitdate), (LLVM Optimized)"}]}]}, {"Node Type": "Bitmap Heap Scan", "Parent Relationship": "Inner", "Relation Name": "lineitem", "Alias": "l3", "Startup Cost": 0.82, "Total Cost": 8.97, "Plan Rows": 3, "Plan Width": 16, "Recheck Cond": "(l_orderkey = l1.l_orderkey)", "Filter": "((l_receiptdate > l_commitdate) AND (l_suppkey <> l1.l_suppkey))", "Plans": [{"Node Type": "Bitmap Index Scan", "Parent Relationship": "Outer", "Index Name": "idx_lineitem_orderkey", "Startup Cost": 0.0, "Total Cost": 0.82, "Plan Rows": 9, "Plan Width": 0, "Index Cond": "(l_orderkey = l1.l_orderkey)"}]}]}, {"Node Type": "Bitmap Heap Scan", "Parent Relationship": "Inner", "Relation Name": "lineitem", "Alias": "l2", "Startup Cost": 0.82, "Total Cost": 8.95, "Plan Rows": 9, "Plan Width": 16, "Recheck Cond": "(l_orderkey = l1.l_orderkey)", "Filter": "(l_suppkey <> l1.l_suppkey)", "Plans": [{"Node Type": "Bitmap Index Scan", "Parent Relationship": "Outer", "Index Name": "idx_lineitem_orderkey", "Startup Cost": 0.0, "Total Cost": 0.82, "Plan Rows": 9, "Plan Width": 0, "Index Cond": "(l_orderkey = l1.l_orderkey)"}]}]}, {"Node Type": "Bitmap Heap Scan", "Parent Relationship": "Inner", "Relation Name": "orders", "Alias": "orders", "Startup Cost": 0.6, "Total Cost": 4.61, "Plan Rows": 1, "Plan Width": 8, "Recheck Cond": "(o_orderkey = l2.l_orderkey)", "Filter": "(o_orderstatus = 'F'::bpchar)", "Plans": [{"Node Type": "Bitmap Index Scan", "Parent Relationship": "Outer", "Index Name": "orders_pkey", "Startup Cost": 0.0, "Total Cost": 0.6, "Plan Rows": 1, "Plan Width": 0, "Index Cond": "(o_orderkey = l2.l_orderkey)"}]}]}]}]}]}, "Unique SQL Id": 3870093320}, "explain_analyze_plan": {"Plan": {"Node Type": "Limit", "Startup Cost": 5102106.0, "Total Cost": 5102106.25, "Plan Rows": 100, "Plan Width": 26, "Actual Startup Time": 78393.198, "Actual Total Time": 78393.217, "Actual Rows": 100, "Actual Loops": 1, "Plans": [{"Node Type": "Sort", "Parent Relationship": "Outer", "Startup Cost": 5102106.0, "Total Cost": 5102128.93, "Plan Rows": 100, "Plan Width": 26, "Actual Startup Time": 78393.198, "Actual Total Time": 78393.204, "Actual Rows": 100, "Actual Loops": 1, "Sort Key": ["(count(*)) DESC", "supplier.s_name"], "Sort Method": "top-N heapsort", "Sort Space Used": 41, "Sort Space Type": "Memory", "Plans": [{"Node Type": "Aggregate", "Strategy": "Hashed", "Parent Relationship": "Outer", "Startup Cost": 5101663.73, "Total Cost": 5101755.45, "Plan Rows": 9172, "Plan Width": 26, "Actual Startup Time": 78389.699, "Actual Total Time": 78391.127, "Actual Rows": 3981, "Actual Loops": 1, "Group By Key": ["supplier.s_name"], "Plans": [{"Node Type": "Nested Loop", "Parent Relationship": "Outer", "Join Type": "Inner", "Startup Cost": 4592662.13, "Total Cost": 5101617.87, "Plan Rows": 9172, "Plan Width": 26, "Actual Startup Time": 40527.878, "Actual Total Time": 78315.065, "Actual Rows": 39445, "Actual Loops": 1, "Inner Unique": true, "Join Filter": "(l1.l_orderkey = orders.o_orderkey)", "Rows Removed by Join Filter": 0, "Plans": [{"Node Type": "Nested Loop", "Parent Relationship": "Outer", "Join Type": "Semi", "Startup Cost": 4592661.53, "Total Cost": 5068057.11, "Plan Rows": 7254, "Plan Width": 42, "Actual Startup Time": 40527.286, "Actual Total Time": 77333.381, "Actual Rows": 80537, "Actual Loops": 1, "Inner Unique": false, "Plans": [{"Node Type": "Nested Loop", "Parent Relationship": "Outer", "Join Type": "Anti", "Startup Cost": 4592660.71, "Total Cost": 5052878.56, "Plan Rows": 7635, "Plan Width": 42, "Actual Startup Time": 40527.11, "Actual Total Time": 76425.683, "Actual Rows": 135110, "Actual Loops": 1, "Inner Unique": false, "Plans": [{"Node Type": "Merge Join", "Parent Relationship": "Outer", "Join Type": "Inner", "Startup Cost": 4592659.88, "Total Cost": 4694165.48, "Plan Rows": 152707, "Plan Width": 42, "Actual Startup Time": 40526.718, "Actual Total Time": 56733.809, "Actual Rows": 1511024, "Actual Loops": 1, "Inner Unique": false, "Merge Cond": "(supplier.s_suppkey = l1.l_suppkey)", "Plans": [{"Node Type": "Sort", "Parent Relationship": "Outer", "Startup Cost": 2772.67, "Total Cost": 2782.67, "Plan Rows": 4000, "Plan Width": 34, "Actual Startup Time": 10.89, "Actual Total Time": 12.264, "Actual Rows": 3981, "Actual Loops": 1, "Sort Key": ["supplier.s_suppkey"], "Sort Method": "quicksort", "Sort Space Used": 470, "Sort Space Type": "Memory", "Plans": [{"Node Type": "Nested Loop", "Parent Relationship": "Outer", "Join Type": "Inner", "Startup Cost": 95.25, "Total Cost": 2533.35, "Plan Rows": 4000, "Plan Width": 34, "Actual Startup Time": 1.022, "Actual Total Time": 9.49, "Actual Rows": 3981, "Actual Loops": 1, "Inner Unique": false, "Plans": [{"Node Type": "Seq Scan", "Parent Relationship": "Outer", "Relation Name": "nation", "Alias": "nation", "Startup Cost": 0.0, "Total Cost": 1.31, "Plan Rows": 1, "Plan Width": 4, "Actual Startup Time": 0.022, "Actual Total Time": 0.034, "Actual Rows": 1, "Actual Loops": 1, "Filter": "(n_name = 'EGYPT'::bpchar)", "Rows Removed by Filter": 24}, {"Node Type": "Bitmap Heap Scan", "Parent Relationship": "Inner", "Relation Name": "supplier", "Alias": "supplier", "Startup Cost": 95.25, "Total Cost": 2492.04, "Plan Rows": 4000, "Plan Width": 38, "Actual Startup Time": 0.995, "Actual Total Time": 8.698, "Actual Rows": 3981, "Actual Loops": 1, "Recheck Cond": "(s_nationkey = nation.n_nationkey)", "Rows Removed by Index Recheck": 0, "Exact Heap Blocks": 1918, "Lossy Heap Blocks": 1918, "Plans": [{"Node Type": "Bitmap Index Scan", "Parent Relationship": "Outer", "Index Name": "idx_supplier_nation_key", "Startup Cost": 0.0, "Total Cost": 94.25, "Plan Rows": 4000, "Plan Width": 0, "Actual Startup Time": 0.696, "Actual Total Time": 0.696, "Actual Rows": 3981, "Actual Loops": 1, "Index Cond": "(s_nationkey = nation.n_nationkey)"}]}]}]}, {"Node Type": "Sort", "Parent Relationship": "Inner", "Startup Cost": 4589877.29, "Total Cost": 4639866.48, "Plan Rows": 19995678, "Plan Width": 16, "Actual Startup Time": 40508.325, "Actual Total Time": 51287.038, "Actual Rows": 37901086, "Actual Loops": 1, "Sort Key": ["l1.l_suppkey"], "Sort Method": "quicksort", "Sort Space Used": 5128741, "Sort Space Type": "Memory", "Plans": [{"Node Type": "Seq Scan", "Parent Relationship": "Outer", "Relation Name": "lineitem", "Alias": "l1", "Startup Cost": 0.0, "Total Cost": 2165082.91, "Plan Rows": 19995678, "Plan Width": 16, "Actual Startup Time": 0.032, "Actual Total Time": 26077.913, "Actual Rows": 37929348, "Actual Loops": 1, "Filter": "(l_receiptdate > l_commitdate), (LLVM Optimized, Jit Execute)", "Rows Removed by Filter": 22056704}]}]}, {"Node Type": "Bitmap Heap Scan", "Parent Relationship": "Inner", "Relation Name": "lineitem", "Alias": "l3", "Startup Cost": 0.82, "Total Cost": 8.97, "Plan Rows": 3, "Plan Width": 16, "Actual Startup Time": 17808.394, "Actual Total Time": 17808.394, "Actual Rows": 1375914, "Actual Loops": 1511024, "Recheck Cond": "(l_orderkey = l1.l_orderkey)", "Rows Removed by Index Recheck": 0, "Filter": "((l_receiptdate > l_commitdate) AND (l_suppkey <> l1.l_suppkey))", "Rows Removed by Filter": 1348115, "Exact Heap Blocks": 1539822, "Lossy Heap Blocks": 1539822, "Plans": [{"Node Type": "Bitmap Index Scan", "Parent Relationship": "Outer", "Index Name": "idx_lineitem_orderkey", "Startup Cost": 0.0, "Total Cost": 0.82, "Plan Rows": 9, "Plan Width": 0, "Actual Startup Time": 10287.614, "Actual Total Time": 10287.614, "Actual Rows": 7550552, "Actual Loops": 1511024, "Index Cond": "(l_orderkey = l1.l_orderkey)"}]}]}, {"Node Type": "Bitmap Heap Scan", "Parent Relationship": "Inner", "Relation Name": "lineitem", "Alias": "l2", "Startup Cost": 0.82, "Total Cost": 8.95, "Plan Rows": 9, "Plan Width": 16, "Actual Startup Time": 699.21, "Actual Total Time": 699.21, "Actual Rows": 80537, "Actual Loops": 135110, "Recheck Cond": "(l_orderkey = l1.l_orderkey)", "Rows Removed by Index Recheck": 0, "Filter": "(l_suppkey <> l1.l_suppkey)", "Rows Removed by Filter": 85912, "Exact Heap Blocks": 135868, "Lossy Heap Blocks": 135868, "Plans": [{"Node Type": "Bitmap Index Scan", "Parent Relationship": "Outer", "Index Name": "idx_lineitem_orderkey", "Startup Cost": 0.0, "Total Cost": 0.82, "Plan Rows": 9, "Plan Width": 0, "Actual Startup Time": 424.963, "Actual Total Time": 424.963, "Actual Rows": 287712, "Actual Loops": 135110, "Index Cond": "(l_orderkey = l1.l_orderkey)"}]}]}, {"Node Type": "Bitmap Heap Scan", "Parent Relationship": "Inner", "Relation Name": "orders", "Alias": "orders", "Startup Cost": 0.6, "Total Cost": 4.61, "Plan Rows": 1, "Plan Width": 8, "Actual Startup Time": 834.976, "Actual Total Time": 834.976, "Actual Rows": 39445, "Actual Loops": 80537, "Recheck Cond": "(o_orderkey = l2.l_orderkey)", "Rows Removed by Index Recheck": 0, "Filter": "(o_orderstatus = 'F'::bpchar)", "Rows Removed by Filter": 41092, "Exact Heap Blocks": 80537, "Lossy Heap Blocks": 80537, "Plans": [{"Node Type": "Bitmap Index Scan", "Parent Relationship": "Outer", "Index Name": "orders_pkey", "Startup Cost": 0.0, "Total Cost": 0.6, "Plan Rows": 1, "Plan Width": 0, "Actual Startup Time": 540.649, "Actual Total Time": 540.649, "Actual Rows": 80537, "Actual Loops": 80537, "Index Cond": "(o_orderkey = l2.l_orderkey)"}]}]}]}]}]}, "Triggers": [], "Planner Runtime": 7.335, "Total Runtime": 78414.887, "Unique SQL Id": 3870093320}}, "(1, 83)": {"explain_plan": {"Plan": {"Node Type": "Limit", "Startup Cost": 1000209392502.29, "Total Cost": 1000209392502.54, "Plan Rows": 100, "Plan Width": 26, "Plans": [{"Node Type": "Sort", "Parent Relationship": "Outer", "Startup Cost": 1000209392502.29, "Total Cost": 1000209392525.22, "Plan Rows": 100, "Plan Width": 26, "Sort Key": ["(count(*)) DESC", "supplier.s_name"], "Plans": [{"Node Type": "Aggregate", "Strategy": "Hashed", "Parent Relationship": "Outer", "Startup Cost": 1000209392060.03, "Total Cost": 1000209392151.75, "Plan Rows": 9172, "Plan Width": 26, "Group By Key": ["supplier.s_name"], "Plans": [{"Node Type": "Nested Loop", "Parent Relationship": "Outer", "Join Type": "Semi", "Startup Cost": 10000000003.33, "Total Cost": 1000209392014.17, "Plan Rows": 9172, "Plan Width": 26, "Inner Unique": false, "Join Filter": "(orders.o_orderkey = l2.l_orderkey)", "Plans": [{"Node Type": "Nested Loop", "Parent Relationship": "Outer", "Join Type": "Inner", "Startup Cost": 10000000002.51, "Total Cost": 1000209365752.63, "Plan Rows": 9655, "Plan Width": 50, "Inner Unique": true, "Plans": [{"Node Type": "Nested Loop", "Parent Relationship": "Outer", "Join Type": "Inner", "Startup Cost": 10000000002.25, "Total Cost": 1000208331993.1, "Plan Rows": 241373, "Plan Width": 54, "Inner Unique": true, "Plans": [{"Node Type": "Nested Loop", "Parent Relationship": "Outer", "Join Type": "Anti", "Startup Cost": 10000000001.7, "Total Cost": 1000202554809.43, "Plan Rows": 1264232, "Plan Width": 24, "Inner Unique": false, "Plans": [{"Node Type": "Nested Loop", "Parent Relationship": "Outer", "Join Type": "Inner", "Startup Cost": 10000000000.88, "Total Cost": 1000143161213.03, "Plan Rows": 25284641, "Plan Width": 24, "Inner Unique": false, "Plans": [{"Node Type": "Index Scan", "Parent Relationship": "Outer", "Scan Direction": "Forward", "Index Name": "orders_pkey", "Relation Name": "orders", "Alias": "orders", "Startup Cost": 10000000000.0, "Total Cost": 1000076847713.25, "Plan Rows": 7338812, "Plan Width": 8, "Filter": "(o_orderstatus = 'F'::bpchar), (LLVM Optimized)"}, {"Node Type": "Bitmap Heap Scan", "Parent Relationship": "Inner", "Relation Name": "lineitem", "Alias": "l1", "Startup Cost": 0.88, "Total Cost": 9.01, "Plan Rows": 3, "Plan Width": 16, "Recheck Cond": "(l_orderkey = orders.o_orderkey)", "Filter": "(l_receiptdate > l_commitdate)", "Plans": [{"Node Type": "Bitmap Index Scan", "Parent Relationship": "Outer", "Index Name": "idx_lineitem_orderkey", "Startup Cost": 0.0, "Total Cost": 0.88, "Plan Rows": 9, "Plan Width": 0, "Index Cond": "(l_orderkey = orders.o_orderkey)"}]}]}, {"Node Type": "Bitmap Heap Scan", "Parent Relationship": "Inner", "Relation Name": "lineitem", "Alias": "l3", "Startup Cost": 0.82, "Total Cost": 8.97, "Plan Rows": 3, "Plan Width": 16, "Recheck Cond": "(l_orderkey = l1.l_orderkey)", "Filter": "((l_receiptdate > l_commitdate) AND (l_suppkey <> l1.l_suppkey))", "Plans": [{"Node Type": "Bitmap Index Scan", "Parent Relationship": "Outer", "Index Name": "idx_lineitem_orderkey", "Startup Cost": 0.0, "Total Cost": 0.82, "Plan Rows": 9, "Plan Width": 0, "Index Cond": "(l_orderkey = l1.l_orderkey)"}]}]}, {"Node Type": "Bitmap Heap Scan", "Parent Relationship": "Inner", "Relation Name": "supplier", "Alias": "supplier", "Startup Cost": 0.55, "Total Cost": 4.56, "Plan Rows": 1, "Plan Width": 38, "Recheck Cond": "(s_suppkey = l1.l_suppkey)", "Plans": [{"Node Type": "Bitmap Index Scan", "Parent Relationship": "Outer", "Index Name": "supplier_pkey", "Startup Cost": 0.0, "Total Cost": 0.55, "Plan Rows": 1, "Plan Width": 0, "Index Cond": "(s_suppkey = l1.l_suppkey)"}]}]}, {"Node Type": "Bitmap Heap Scan", "Parent Relationship": "Inner", "Relation Name": "nation", "Alias": "nation", "Startup Cost": 0.26, "Total Cost": 4.27, "Plan Rows": 1, "Plan Width": 4, "Recheck Cond": "(n_nationkey = supplier.s_nationkey)", "Filter": "(n_name = 'EGYPT'::bpchar)", "Plans": [{"Node Type": "Bitmap Index Scan", "Parent Relationship": "Outer", "Index Name": "nation_pkey", "Startup Cost": 0.0, "Total Cost": 0.26, "Plan Rows": 1, "Plan Width": 0, "Index Cond": "(n_nationkey = supplier.s_nationkey)"}]}]}, {"Node Type": "Bitmap Heap Scan", "Parent Relationship": "Inner", "Relation Name": "lineitem", "Alias": "l2", "Startup Cost": 0.82, "Total Cost": 8.95, "Plan Rows": 9, "Plan Width": 16, "Recheck Cond": "(l_orderkey = l1.l_orderkey)", "Filter": "(l_suppkey <> l1.l_suppkey)", "Plans": [{"Node Type": "Bitmap Index Scan", "Parent Relationship": "Outer", "Index Name": "idx_lineitem_orderkey", "Startup Cost": 0.0, "Total Cost": 0.82, "Plan Rows": 9, "Plan Width": 0, "Index Cond": "(l_orderkey = l1.l_orderkey)"}]}]}]}]}]}, "Unique SQL Id": 3870093320}, "explain_analyze_plan": null}, "(1, 84)": {"explain_plan": {"Plan": {"Node Type": "Limit", "Startup Cost": 4750796.76, "Total Cost": 4750797.01, "Plan Rows": 100, "Plan Width": 26, "Plans": [{"Node Type": "Sort", "Parent Relationship": "Outer", "Startup Cost": 4750796.76, "Total Cost": 4750819.69, "Plan Rows": 100, "Plan Width": 26, "Sort Key": ["(count(*)) DESC", "supplier.s_name"], "Plans": [{"Node Type": "Aggregate", "Strategy": "Hashed", "Parent Relationship": "Outer", "Startup Cost": 4750354.5, "Total Cost": 4750446.22, "Plan Rows": 9172, "Plan Width": 26, "Group By Key": ["supplier.s_name"], "Plans": [{"Node Type": "Nested Loop", "Parent Relationship": "Outer", "Join Type": "Inner", "Startup Cost": 4592659.88, "Total Cost": 4750308.64, "Plan Rows": 9172, "Plan Width": 26, "Inner Unique": true, "Join Filter": "(l1.l_orderkey = orders.o_orderkey)", "Plans": [{"Node Type": "Nested Loop", "Parent Relationship": "Outer", "Join Type": "Semi", "Startup Cost": 4592659.88, "Total Cost": 4743208.27, "Plan Rows": 7254, "Plan Width": 42, "Inner Unique": false, "Plans": [{"Node Type": "Nested Loop", "Parent Relationship": "Outer", "Join Type": "Anti", "Startup Cost": 4592659.88, "Total Cost": 4741352.7, "Plan Rows": 7635, "Plan Width": 42, "Inner Unique": false, "Plans": [{"Node Type": "Merge Join", "Parent Relationship": "Outer", "Join Type": "Inner", "Startup Cost": 4592659.88, "Total Cost": 4694165.48, "Plan Rows": 152707, "Plan Width": 42, "Inner Unique": false, "Merge Cond": "(supplier.s_suppkey = l1.l_suppkey)", "Plans": [{"Node Type": "Sort", "Parent Relationship": "Outer", "Startup Cost": 2772.67, "Total Cost": 2782.67, "Plan Rows": 4000, "Plan Width": 34, "Sort Key": ["supplier.s_suppkey"], "Plans": [{"Node Type": "Nested Loop", "Parent Relationship": "Outer", "Join Type": "Inner", "Startup Cost": 95.25, "Total Cost": 2533.35, "Plan Rows": 4000, "Plan Width": 34, "Inner Unique": false, "Plans": [{"Node Type": "Seq Scan", "Parent Relationship": "Outer", "Relation Name": "nation", "Alias": "nation", "Startup Cost": 0.0, "Total Cost": 1.31, "Plan Rows": 1, "Plan Width": 4, "Filter": "(n_name = 'EGYPT'::bpchar)"}, {"Node Type": "Bitmap Heap Scan", "Parent Relationship": "Inner", "Relation Name": "supplier", "Alias": "supplier", "Startup Cost": 95.25, "Total Cost": 2492.04, "Plan Rows": 4000, "Plan Width": 38, "Recheck Cond": "(s_nationkey = nation.n_nationkey)", "Plans": [{"Node Type": "Bitmap Index Scan", "Parent Relationship": "Outer", "Index Name": "idx_supplier_nation_key", "Startup Cost": 0.0, "Total Cost": 94.25, "Plan Rows": 4000, "Plan Width": 0, "Index Cond": "(s_nationkey = nation.n_nationkey)"}]}]}]}, {"Node Type": "Sort", "Parent Relationship": "Inner", "Startup Cost": 4589877.29, "Total Cost": 4639866.48, "Plan Rows": 19995678, "Plan Width": 16, "Sort Key": ["l1.l_suppkey"], "Plans": [{"Node Type": "Seq Scan", "Parent Relationship": "Outer", "Relation Name": "lineitem", "Alias": "l1", "Startup Cost": 0.0, "Total Cost": 2165082.91, "Plan Rows": 19995678, "Plan Width": 16, "Filter": "(l_receiptdate > l_commitdate), (LLVM Optimized)"}]}]}, {"Node Type": "Index Scan", "Parent Relationship": "Inner", "Scan Direction": "Forward", "Index Name": "idx_lineitem_orderkey", "Relation Name": "lineitem", "Alias": "l3", "Startup Cost": 0.0, "Total Cost": 1.63, "Plan Rows": 3, "Plan Width": 16, "Index Cond": "(l_orderkey = l1.l_orderkey)", "Filter": "((l_receiptdate > l_commitdate) AND (l_suppkey <> l1.l_suppkey))"}]}, {"Node Type": "Index Scan", "Parent Relationship": "Inner", "Scan Direction": "Forward", "Index Name": "idx_lineitem_orderkey", "Relation Name": "lineitem", "Alias": "l2", "Startup Cost": 0.0, "Total Cost": 1.63, "Plan Rows": 9, "Plan Width": 16, "Index Cond": "(l_orderkey = l1.l_orderkey)", "Filter": "(l_suppkey <> l1.l_suppkey)"}]}, {"Node Type": "Index Scan", "Parent Relationship": "Inner", "Scan Direction": "Forward", "Index Name": "orders_pkey", "Relation Name": "orders", "Alias": "orders", "Startup Cost": 0.0, "Total Cost": 0.97, "Plan Rows": 1, "Plan Width": 8, "Index Cond": "(o_orderkey = l2.l_orderkey)", "Filter": "(o_orderstatus = 'F'::bpchar)"}]}]}]}]}, "Unique SQL Id": 3870093320}, "explain_analyze_plan": {"Plan": {"Node Type": "Limit", "Startup Cost": 4750796.76, "Total Cost": 4750797.01, "Plan Rows": 100, "Plan Width": 26, "Actual Startup Time": 74742.382, "Actual Total Time": 74742.401, "Actual Rows": 100, "Actual Loops": 1, "Plans": [{"Node Type": "Sort", "Parent Relationship": "Outer", "Startup Cost": 4750796.76, "Total Cost": 4750819.69, "Plan Rows": 100, "Plan Width": 26, "Actual Startup Time": 74742.38, "Actual Total Time": 74742.389, "Actual Rows": 100, "Actual Loops": 1, "Sort Key": ["(count(*)) DESC", "supplier.s_name"], "Sort Method": "top-N heapsort", "Sort Space Used": 41, "Sort Space Type": "Memory", "Plans": [{"Node Type": "Aggregate", "Strategy": "Hashed", "Parent Relationship": "Outer", "Startup Cost": 4750354.5, "Total Cost": 4750446.22, "Plan Rows": 9172, "Plan Width": 26, "Actual Startup Time": 74739.062, "Actual Total Time": 74740.33, "Actual Rows": 3981, "Actual Loops": 1, "Group By Key": ["supplier.s_name"], "Plans": [{"Node Type": "Nested Loop", "Parent Relationship": "Outer", "Join Type": "Inner", "Startup Cost": 4592659.88, "Total Cost": 4750308.64, "Plan Rows": 9172, "Plan Width": 26, "Actual Startup Time": 41048.781, "Actual Total Time": 74683.252, "Actual Rows": 39445, "Actual Loops": 1, "Inner Unique": true, "Join Filter": "(l1.l_orderkey = orders.o_orderkey)", "Rows Removed by Join Filter": 0, "Plans": [{"Node Type": "Nested Loop", "Parent Relationship": "Outer", "Join Type": "Semi", "Startup Cost": 4592659.88, "Total Cost": 4743208.27, "Plan Rows": 7254, "Plan Width": 42, "Actual Startup Time": 41048.245, "Actual Total Time": 73866.681, "Actual Rows": 80537, "Actual Loops": 1, "Inner Unique": false, "Plans": [{"Node Type": "Nested Loop", "Parent Relationship": "Outer", "Join Type": "Anti", "Startup Cost": 4592659.88, "Total Cost": 4741352.7, "Plan Rows": 7635, "Plan Width": 42, "Actual Startup Time": 41048.065, "Actual Total Time": 73246.054, "Actual Rows": 135110, "Actual Loops": 1, "Inner Unique": false, "Plans": [{"Node Type": "Merge Join", "Parent Relationship": "Outer", "Join Type": "Inner", "Startup Cost": 4592659.88, "Total Cost": 4694165.48, "Plan Rows": 152707, "Plan Width": 42, "Actual Startup Time": 41047.738, "Actual Total Time": 57992.729, "Actual Rows": 1511024, "Actual Loops": 1, "Inner Unique": false, "Merge Cond": "(supplier.s_suppkey = l1.l_suppkey)", "Plans": [{"Node Type": "Sort", "Parent Relationship": "Outer", "Startup Cost": 2772.67, "Total Cost": 2782.67, "Plan Rows": 4000, "Plan Width": 34, "Actual Startup Time": 8.094, "Actual Total Time": 9.36, "Actual Rows": 3981, "Actual Loops": 1, "Sort Key": ["supplier.s_suppkey"], "Sort Method": "quicksort", "Sort Space Used": 470, "Sort Space Type": "Memory", "Plans": [{"Node Type": "Nested Loop", "Parent Relationship": "Outer", "Join Type": "Inner", "Startup Cost": 95.25, "Total Cost": 2533.35, "Plan Rows": 4000, "Plan Width": 34, "Actual Startup Time": 1.009, "Actual Total Time": 6.838, "Actual Rows": 3981, "Actual Loops": 1, "Inner Unique": false, "Plans": [{"Node Type": "Seq Scan", "Parent Relationship": "Outer", "Relation Name": "nation", "Alias": "nation", "Startup Cost": 0.0, "Total Cost": 1.31, "Plan Rows": 1, "Plan Width": 4, "Actual Startup Time": 0.037, "Actual Total Time": 0.049, "Actual Rows": 1, "Actual Loops": 1, "Filter": "(n_name = 'EGYPT'::bpchar)", "Rows Removed by Filter": 24}, {"Node Type": "Bitmap Heap Scan", "Parent Relationship": "Inner", "Relation Name": "supplier", "Alias": "supplier", "Startup Cost": 95.25, "Total Cost": 2492.04, "Plan Rows": 4000, "Plan Width": 38, "Actual Startup Time": 0.965, "Actual Total Time": 6.017, "Actual Rows": 3981, "Actual Loops": 1, "Recheck Cond": "(s_nationkey = nation.n_nationkey)", "Rows Removed by Index Recheck": 0, "Exact Heap Blocks": 1918, "Lossy Heap Blocks": 1918, "Plans": [{"Node Type": "Bitmap Index Scan", "Parent Relationship": "Outer", "Index Name": "idx_supplier_nation_key", "Startup Cost": 0.0, "Total Cost": 94.25, "Plan Rows": 4000, "Plan Width": 0, "Actual Startup Time": 0.674, "Actual Total Time": 0.674, "Actual Rows": 3981, "Actual Loops": 1, "Index Cond": "(s_nationkey = nation.n_nationkey)"}]}]}]}, {"Node Type": "Sort", "Parent Relationship": "Inner", "Startup Cost": 4589877.29, "Total Cost": 4639866.48, "Plan Rows": 19995678, "Plan Width": 16, "Actual Startup Time": 41028.323, "Actual Total Time": 52608.15, "Actual Rows": 37901086, "Actual Loops": 1, "Sort Key": ["l1.l_suppkey"], "Sort Method": "quicksort", "Sort Space Used": 5128741, "Sort Space Type": "Memory", "Plans": [{"Node Type": "Seq Scan", "Parent Relationship": "Outer", "Relation Name": "lineitem", "Alias": "l1", "Startup Cost": 0.0, "Total Cost": 2165082.91, "Plan Rows": 19995678, "Plan Width": 16, "Actual Startup Time": 0.02, "Actual Total Time": 26482.328, "Actual Rows": 37929348, "Actual Loops": 1, "Filter": "(l_receiptdate > l_commitdate), (LLVM Optimized, Jit Execute)", "Rows Removed by Filter": 22056704}]}]}, {"Node Type": "Index Scan", "Parent Relationship": "Inner", "Scan Direction": "Forward", "Index Name": "idx_lineitem_orderkey", "Relation Name": "lineitem", "Alias": "l3", "Startup Cost": 0.0, "Total Cost": 1.63, "Plan Rows": 3, "Plan Width": 16, "Actual Startup Time": 14222.187, "Actual Total Time": 14222.187, "Actual Rows": 1375914, "Actual Loops": 1511024, "Index Cond": "(l_orderkey = l1.l_orderkey)", "Rows Removed by Index Recheck": 0, "Filter": "((l_receiptdate > l_commitdate) AND (l_suppkey <> l1.l_suppkey))", "Rows Removed by Filter": 1348115}]}, {"Node Type": "Index Scan", "Parent Relationship": "Inner", "Scan Direction": "Forward", "Index Name": "idx_lineitem_orderkey", "Relation Name": "lineitem", "Alias": "l2", "Startup Cost": 0.0, "Total Cost": 1.63, "Plan Rows": 9, "Plan Width": 16, "Actual Startup Time": 509.145, "Actual Total Time": 509.145, "Actual Rows": 80537, "Actual Loops": 135110, "Index Cond": "(l_orderkey = l1.l_orderkey)", "Rows Removed by Index Recheck": 0, "Filter": "(l_suppkey <> l1.l_suppkey)", "Rows Removed by Filter": 85912}]}, {"Node Type": "Index Scan", "Parent Relationship": "Inner", "Scan Direction": "Forward", "Index Name": "orders_pkey", "Relation Name": "orders", "Alias": "orders", "Startup Cost": 0.0, "Total Cost": 0.97, "Plan Rows": 1, "Plan Width": 8, "Actual Startup Time": 734.797, "Actual Total Time": 734.797, "Actual Rows": 39445, "Actual Loops": 80537, "Index Cond": "(o_orderkey = l2.l_orderkey)", "Rows Removed by Index Recheck": 0, "Filter": "(o_orderstatus = 'F'::bpchar)", "Rows Removed by Filter": 41092}]}]}]}]}, "Triggers": [], "Planner Runtime": 7.065, "Total Runtime": 74751.114, "Unique SQL Id": 3870093320}}, "(1, 85)": {"explain_plan": {"Plan": {"Node Type": "Limit", "Startup Cost": 5975846.55, "Total Cost": 5975846.8, "Plan Rows": 100, "Plan Width": 26, "Plans": [{"Node Type": "Sort", "Parent Relationship": "Outer", "Startup Cost": 5975846.55, "Total Cost": 5975869.48, "Plan Rows": 100, "Plan Width": 26, "Sort Key": ["(count(*)) DESC", "supplier.s_name"], "Plans": [{"Node Type": "Aggregate", "Strategy": "Hashed", "Parent Relationship": "Outer", "Startup Cost": 5975404.29, "Total Cost": 5975496.01, "Plan Rows": 9172, "Plan Width": 26, "Group By Key": ["supplier.s_name"], "Plans": [{"Node Type": "Nested Loop", "Parent Relationship": "Outer", "Join Type": "Inner", "Startup Cost": 5817709.67, "Total Cost": 5975358.43, "Plan Rows": 9172, "Plan Width": 26, "Inner Unique": true, "Join Filter": "(l1.l_orderkey = orders.o_orderkey)", "Plans": [{"Node Type": "Nested Loop", "Parent Relationship": "Outer", "Join Type": "Semi", "Startup Cost": 5817709.67, "Total Cost": 5968258.06, "Plan Rows": 7254, "Plan Width": 42, "Inner Unique": false, "Plans": [{"Node Type": "Nested Loop", "Parent Relationship": "Outer", "Join Type": "Anti", "Startup Cost": 5817709.67, "Total Cost": 5966402.49, "Plan Rows": 7635, "Plan Width": 42, "Inner Unique": false, "Plans": [{"Node Type": "Merge Join", "Parent Relationship": "Outer", "Join Type": "Inner", "Startup Cost": 5817709.67, "Total Cost": 5919215.27, "Plan Rows": 152707, "Plan Width": 42, "Inner Unique": false, "Merge Cond": "(supplier.s_suppkey = l1.l_suppkey)", "Plans": [{"Node Type": "Sort", "Parent Relationship": "Outer", "Startup Cost": 2784.04, "Total Cost": 2794.04, "Plan Rows": 4000, "Plan Width": 34, "Sort Key": ["supplier.s_suppkey"], "Plans": [{"Node Type": "Nested Loop", "Parent Relationship": "Outer", "Join Type": "Inner", "Startup Cost": 95.25, "Total Cost": 2544.73, "Plan Rows": 4000, "Plan Width": 34, "Inner Unique": false, "Plans": [{"Node Type": "Index Scan", "Parent Relationship": "Outer", "Scan Direction": "Forward", "Index Name": "nation_pkey", "Relation Name": "nation", "Alias": "nation", "Startup Cost": 0.0, "Total Cost": 12.69, "Plan Rows": 1, "Plan Width": 4, "Filter": "(n_name = 'EGYPT'::bpchar)"}, {"Node Type": "Bitmap Heap Scan", "Parent Relationship": "Inner", "Relation Name": "supplier", "Alias": "supplier", "Startup Cost": 95.25, "Total Cost": 2492.04, "Plan Rows": 4000, "Plan Width": 38, "Recheck Cond": "(s_nationkey = nation.n_nationkey)", "Plans": [{"Node Type": "Bitmap Index Scan", "Parent Relationship": "Outer", "Index Name": "idx_supplier_nation_key", "Startup Cost": 0.0, "Total Cost": 94.25, "Plan Rows": 4000, "Plan Width": 0, "Index Cond": "(s_nationkey = nation.n_nationkey)"}]}]}]}, {"Node Type": "Sort", "Parent Relationship": "Inner", "Startup Cost": 5814915.7, "Total Cost": 5864904.9, "Plan Rows": 19995678, "Plan Width": 16, "Sort Key": ["l1.l_suppkey"], "Plans": [{"Node Type": "Index Scan", "Parent Relationship": "Outer", "Scan Direction": "Forward", "Index Name": "idx_lineitem_orderkey", "Relation Name": "lineitem", "Alias": "l1", "Startup Cost": 0.0, "Total Cost": 3390121.33, "Plan Rows": 19995678, "Plan Width": 16, "Filter": "(l_receiptdate > l_commitdate), (LLVM Optimized)"}]}]}, {"Node Type": "Index Scan", "Parent Relationship": "Inner", "Scan Direction": "Forward", "Index Name": "idx_lineitem_orderkey", "Relation Name": "lineitem", "Alias": "l3", "Startup Cost": 0.0, "Total Cost": 1.63, "Plan Rows": 3, "Plan Width": 16, "Index Cond": "(l_orderkey = l1.l_orderkey)", "Filter": "((l_receiptdate > l_commitdate) AND (l_suppkey <> l1.l_suppkey))"}]}, {"Node Type": "Index Scan", "Parent Relationship": "Inner", "Scan Direction": "Forward", "Index Name": "idx_lineitem_orderkey", "Relation Name": "lineitem", "Alias": "l2", "Startup Cost": 0.0, "Total Cost": 1.63, "Plan Rows": 9, "Plan Width": 16, "Index Cond": "(l_orderkey = l1.l_orderkey)", "Filter": "(l_suppkey <> l1.l_suppkey)"}]}, {"Node Type": "Index Scan", "Parent Relationship": "Inner", "Scan Direction": "Forward", "Index Name": "orders_pkey", "Relation Name": "orders", "Alias": "orders", "Startup Cost": 0.0, "Total Cost": 0.97, "Plan Rows": 1, "Plan Width": 8, "Index Cond": "(o_orderkey = l2.l_orderkey)", "Filter": "(o_orderstatus = 'F'::bpchar)"}]}]}]}]}, "Unique SQL Id": 3870093320}, "explain_analyze_plan": null}, "(1, 86)": {"explain_plan": {"Plan": {"Node Type": "Limit", "Startup Cost": 5102106.0, "Total Cost": 5102106.25, "Plan Rows": 100, "Plan Width": 26, "Plans": [{"Node Type": "Sort", "Parent Relationship": "Outer", "Startup Cost": 5102106.0, "Total Cost": 5102128.93, "Plan Rows": 100, "Plan Width": 26, "Sort Key": ["(count(*)) DESC", "supplier.s_name"], "Plans": [{"Node Type": "Aggregate", "Strategy": "Hashed", "Parent Relationship": "Outer", "Startup Cost": 5101663.73, "Total Cost": 5101755.45, "Plan Rows": 9172, "Plan Width": 26, "Group By Key": ["supplier.s_name"], "Plans": [{"Node Type": "Nested Loop", "Parent Relationship": "Outer", "Join Type": "Inner", "Startup Cost": 4592662.13, "Total Cost": 5101617.87, "Plan Rows": 9172, "Plan Width": 26, "Inner Unique": true, "Join Filter": "(l1.l_orderkey = orders.o_orderkey)", "Plans": [{"Node Type": "Nested Loop", "Parent Relationship": "Outer", "Join Type": "Semi", "Startup Cost": 4592661.53, "Total Cost": 5068057.11, "Plan Rows": 7254, "Plan Width": 42, "Inner Unique": false, "Plans": [{"Node Type": "Nested Loop", "Parent Relationship": "Outer", "Join Type": "Anti", "Startup Cost": 4592660.71, "Total Cost": 5052878.56, "Plan Rows": 7635, "Plan Width": 42, "Inner Unique": false, "Plans": [{"Node Type": "Merge Join", "Parent Relationship": "Outer", "Join Type": "Inner", "Startup Cost": 4592659.88, "Total Cost": 4694165.48, "Plan Rows": 152707, "Plan Width": 42, "Inner Unique": false, "Merge Cond": "(supplier.s_suppkey = l1.l_suppkey)", "Plans": [{"Node Type": "Sort", "Parent Relationship": "Outer", "Startup Cost": 2772.67, "Total Cost": 2782.67, "Plan Rows": 4000, "Plan Width": 34, "Sort Key": ["supplier.s_suppkey"], "Plans": [{"Node Type": "Nested Loop", "Parent Relationship": "Outer", "Join Type": "Inner", "Startup Cost": 95.25, "Total Cost": 2533.35, "Plan Rows": 4000, "Plan Width": 34, "Inner Unique": false, "Plans": [{"Node Type": "Seq Scan", "Parent Relationship": "Outer", "Relation Name": "nation", "Alias": "nation", "Startup Cost": 0.0, "Total Cost": 1.31, "Plan Rows": 1, "Plan Width": 4, "Filter": "(n_name = 'EGYPT'::bpchar)"}, {"Node Type": "Bitmap Heap Scan", "Parent Relationship": "Inner", "Relation Name": "supplier", "Alias": "supplier", "Startup Cost": 95.25, "Total Cost": 2492.04, "Plan Rows": 4000, "Plan Width": 38, "Recheck Cond": "(s_nationkey = nation.n_nationkey)", "Plans": [{"Node Type": "Bitmap Index Scan", "Parent Relationship": "Outer", "Index Name": "idx_supplier_nation_key", "Startup Cost": 0.0, "Total Cost": 94.25, "Plan Rows": 4000, "Plan Width": 0, "Index Cond": "(s_nationkey = nation.n_nationkey)"}]}]}]}, {"Node Type": "Sort", "Parent Relationship": "Inner", "Startup Cost": 4589877.29, "Total Cost": 4639866.48, "Plan Rows": 19995678, "Plan Width": 16, "Sort Key": ["l1.l_suppkey"], "Plans": [{"Node Type": "Seq Scan", "Parent Relationship": "Outer", "Relation Name": "lineitem", "Alias": "l1", "Startup Cost": 0.0, "Total Cost": 2165082.91, "Plan Rows": 19995678, "Plan Width": 16, "Filter": "(l_receiptdate > l_commitdate), (LLVM Optimized)"}]}]}, {"Node Type": "Bitmap Heap Scan", "Parent Relationship": "Inner", "Relation Name": "lineitem", "Alias": "l3", "Startup Cost": 0.82, "Total Cost": 8.97, "Plan Rows": 3, "Plan Width": 16, "Recheck Cond": "(l_orderkey = l1.l_orderkey)", "Filter": "((l_receiptdate > l_commitdate) AND (l_suppkey <> l1.l_suppkey))", "Plans": [{"Node Type": "Bitmap Index Scan", "Parent Relationship": "Outer", "Index Name": "idx_lineitem_orderkey", "Startup Cost": 0.0, "Total Cost": 0.82, "Plan Rows": 9, "Plan Width": 0, "Index Cond": "(l_orderkey = l1.l_orderkey)"}]}]}, {"Node Type": "Bitmap Heap Scan", "Parent Relationship": "Inner", "Relation Name": "lineitem", "Alias": "l2", "Startup Cost": 0.82, "Total Cost": 8.95, "Plan Rows": 9, "Plan Width": 16, "Recheck Cond": "(l_orderkey = l1.l_orderkey)", "Filter": "(l_suppkey <> l1.l_suppkey)", "Plans": [{"Node Type": "Bitmap Index Scan", "Parent Relationship": "Outer", "Index Name": "idx_lineitem_orderkey", "Startup Cost": 0.0, "Total Cost": 0.82, "Plan Rows": 9, "Plan Width": 0, "Index Cond": "(l_orderkey = l1.l_orderkey)"}]}]}, {"Node Type": "Bitmap Heap Scan", "Parent Relationship": "Inner", "Relation Name": "orders", "Alias": "orders", "Startup Cost": 0.6, "Total Cost": 4.61, "Plan Rows": 1, "Plan Width": 8, "Recheck Cond": "(o_orderkey = l2.l_orderkey)", "Filter": "(o_orderstatus = 'F'::bpchar)", "Plans": [{"Node Type": "Bitmap Index Scan", "Parent Relationship": "Outer", "Index Name": "orders_pkey", "Startup Cost": 0.0, "Total Cost": 0.6, "Plan Rows": 1, "Plan Width": 0, "Index Cond": "(o_orderkey = l2.l_orderkey)"}]}]}]}]}]}, "Unique SQL Id": 3870093320}, "explain_analyze_plan": {"Plan": {"Node Type": "Limit", "Startup Cost": 5102106.0, "Total Cost": 5102106.25, "Plan Rows": 100, "Plan Width": 26, "Actual Startup Time": 78393.198, "Actual Total Time": 78393.217, "Actual Rows": 100, "Actual Loops": 1, "Plans": [{"Node Type": "Sort", "Parent Relationship": "Outer", "Startup Cost": 5102106.0, "Total Cost": 5102128.93, "Plan Rows": 100, "Plan Width": 26, "Actual Startup Time": 78393.198, "Actual Total Time": 78393.204, "Actual Rows": 100, "Actual Loops": 1, "Sort Key": ["(count(*)) DESC", "supplier.s_name"], "Sort Method": "top-N heapsort", "Sort Space Used": 41, "Sort Space Type": "Memory", "Plans": [{"Node Type": "Aggregate", "Strategy": "Hashed", "Parent Relationship": "Outer", "Startup Cost": 5101663.73, "Total Cost": 5101755.45, "Plan Rows": 9172, "Plan Width": 26, "Actual Startup Time": 78389.699, "Actual Total Time": 78391.127, "Actual Rows": 3981, "Actual Loops": 1, "Group By Key": ["supplier.s_name"], "Plans": [{"Node Type": "Nested Loop", "Parent Relationship": "Outer", "Join Type": "Inner", "Startup Cost": 4592662.13, "Total Cost": 5101617.87, "Plan Rows": 9172, "Plan Width": 26, "Actual Startup Time": 40527.878, "Actual Total Time": 78315.065, "Actual Rows": 39445, "Actual Loops": 1, "Inner Unique": true, "Join Filter": "(l1.l_orderkey = orders.o_orderkey)", "Rows Removed by Join Filter": 0, "Plans": [{"Node Type": "Nested Loop", "Parent Relationship": "Outer", "Join Type": "Semi", "Startup Cost": 4592661.53, "Total Cost": 5068057.11, "Plan Rows": 7254, "Plan Width": 42, "Actual Startup Time": 40527.286, "Actual Total Time": 77333.381, "Actual Rows": 80537, "Actual Loops": 1, "Inner Unique": false, "Plans": [{"Node Type": "Nested Loop", "Parent Relationship": "Outer", "Join Type": "Anti", "Startup Cost": 4592660.71, "Total Cost": 5052878.56, "Plan Rows": 7635, "Plan Width": 42, "Actual Startup Time": 40527.11, "Actual Total Time": 76425.683, "Actual Rows": 135110, "Actual Loops": 1, "Inner Unique": false, "Plans": [{"Node Type": "Merge Join", "Parent Relationship": "Outer", "Join Type": "Inner", "Startup Cost": 4592659.88, "Total Cost": 4694165.48, "Plan Rows": 152707, "Plan Width": 42, "Actual Startup Time": 40526.718, "Actual Total Time": 56733.809, "Actual Rows": 1511024, "Actual Loops": 1, "Inner Unique": false, "Merge Cond": "(supplier.s_suppkey = l1.l_suppkey)", "Plans": [{"Node Type": "Sort", "Parent Relationship": "Outer", "Startup Cost": 2772.67, "Total Cost": 2782.67, "Plan Rows": 4000, "Plan Width": 34, "Actual Startup Time": 10.89, "Actual Total Time": 12.264, "Actual Rows": 3981, "Actual Loops": 1, "Sort Key": ["supplier.s_suppkey"], "Sort Method": "quicksort", "Sort Space Used": 470, "Sort Space Type": "Memory", "Plans": [{"Node Type": "Nested Loop", "Parent Relationship": "Outer", "Join Type": "Inner", "Startup Cost": 95.25, "Total Cost": 2533.35, "Plan Rows": 4000, "Plan Width": 34, "Actual Startup Time": 1.022, "Actual Total Time": 9.49, "Actual Rows": 3981, "Actual Loops": 1, "Inner Unique": false, "Plans": [{"Node Type": "Seq Scan", "Parent Relationship": "Outer", "Relation Name": "nation", "Alias": "nation", "Startup Cost": 0.0, "Total Cost": 1.31, "Plan Rows": 1, "Plan Width": 4, "Actual Startup Time": 0.022, "Actual Total Time": 0.034, "Actual Rows": 1, "Actual Loops": 1, "Filter": "(n_name = 'EGYPT'::bpchar)", "Rows Removed by Filter": 24}, {"Node Type": "Bitmap Heap Scan", "Parent Relationship": "Inner", "Relation Name": "supplier", "Alias": "supplier", "Startup Cost": 95.25, "Total Cost": 2492.04, "Plan Rows": 4000, "Plan Width": 38, "Actual Startup Time": 0.995, "Actual Total Time": 8.698, "Actual Rows": 3981, "Actual Loops": 1, "Recheck Cond": "(s_nationkey = nation.n_nationkey)", "Rows Removed by Index Recheck": 0, "Exact Heap Blocks": 1918, "Lossy Heap Blocks": 1918, "Plans": [{"Node Type": "Bitmap Index Scan", "Parent Relationship": "Outer", "Index Name": "idx_supplier_nation_key", "Startup Cost": 0.0, "Total Cost": 94.25, "Plan Rows": 4000, "Plan Width": 0, "Actual Startup Time": 0.696, "Actual Total Time": 0.696, "Actual Rows": 3981, "Actual Loops": 1, "Index Cond": "(s_nationkey = nation.n_nationkey)"}]}]}]}, {"Node Type": "Sort", "Parent Relationship": "Inner", "Startup Cost": 4589877.29, "Total Cost": 4639866.48, "Plan Rows": 19995678, "Plan Width": 16, "Actual Startup Time": 40508.325, "Actual Total Time": 51287.038, "Actual Rows": 37901086, "Actual Loops": 1, "Sort Key": ["l1.l_suppkey"], "Sort Method": "quicksort", "Sort Space Used": 5128741, "Sort Space Type": "Memory", "Plans": [{"Node Type": "Seq Scan", "Parent Relationship": "Outer", "Relation Name": "lineitem", "Alias": "l1", "Startup Cost": 0.0, "Total Cost": 2165082.91, "Plan Rows": 19995678, "Plan Width": 16, "Actual Startup Time": 0.032, "Actual Total Time": 26077.913, "Actual Rows": 37929348, "Actual Loops": 1, "Filter": "(l_receiptdate > l_commitdate), (LLVM Optimized, Jit Execute)", "Rows Removed by Filter": 22056704}]}]}, {"Node Type": "Bitmap Heap Scan", "Parent Relationship": "Inner", "Relation Name": "lineitem", "Alias": "l3", "Startup Cost": 0.82, "Total Cost": 8.97, "Plan Rows": 3, "Plan Width": 16, "Actual Startup Time": 17808.394, "Actual Total Time": 17808.394, "Actual Rows": 1375914, "Actual Loops": 1511024, "Recheck Cond": "(l_orderkey = l1.l_orderkey)", "Rows Removed by Index Recheck": 0, "Filter": "((l_receiptdate > l_commitdate) AND (l_suppkey <> l1.l_suppkey))", "Rows Removed by Filter": 1348115, "Exact Heap Blocks": 1539822, "Lossy Heap Blocks": 1539822, "Plans": [{"Node Type": "Bitmap Index Scan", "Parent Relationship": "Outer", "Index Name": "idx_lineitem_orderkey", "Startup Cost": 0.0, "Total Cost": 0.82, "Plan Rows": 9, "Plan Width": 0, "Actual Startup Time": 10287.614, "Actual Total Time": 10287.614, "Actual Rows": 7550552, "Actual Loops": 1511024, "Index Cond": "(l_orderkey = l1.l_orderkey)"}]}]}, {"Node Type": "Bitmap Heap Scan", "Parent Relationship": "Inner", "Relation Name": "lineitem", "Alias": "l2", "Startup Cost": 0.82, "Total Cost": 8.95, "Plan Rows": 9, "Plan Width": 16, "Actual Startup Time": 699.21, "Actual Total Time": 699.21, "Actual Rows": 80537, "Actual Loops": 135110, "Recheck Cond": "(l_orderkey = l1.l_orderkey)", "Rows Removed by Index Recheck": 0, "Filter": "(l_suppkey <> l1.l_suppkey)", "Rows Removed by Filter": 85912, "Exact Heap Blocks": 135868, "Lossy Heap Blocks": 135868, "Plans": [{"Node Type": "Bitmap Index Scan", "Parent Relationship": "Outer", "Index Name": "idx_lineitem_orderkey", "Startup Cost": 0.0, "Total Cost": 0.82, "Plan Rows": 9, "Plan Width": 0, "Actual Startup Time": 424.963, "Actual Total Time": 424.963, "Actual Rows": 287712, "Actual Loops": 135110, "Index Cond": "(l_orderkey = l1.l_orderkey)"}]}]}, {"Node Type": "Bitmap Heap Scan", "Parent Relationship": "Inner", "Relation Name": "orders", "Alias": "orders", "Startup Cost": 0.6, "Total Cost": 4.61, "Plan Rows": 1, "Plan Width": 8, "Actual Startup Time": 834.976, "Actual Total Time": 834.976, "Actual Rows": 39445, "Actual Loops": 80537, "Recheck Cond": "(o_orderkey = l2.l_orderkey)", "Rows Removed by Index Recheck": 0, "Filter": "(o_orderstatus = 'F'::bpchar)", "Rows Removed by Filter": 41092, "Exact Heap Blocks": 80537, "Lossy Heap Blocks": 80537, "Plans": [{"Node Type": "Bitmap Index Scan", "Parent Relationship": "Outer", "Index Name": "orders_pkey", "Startup Cost": 0.0, "Total Cost": 0.6, "Plan Rows": 1, "Plan Width": 0, "Actual Startup Time": 540.649, "Actual Total Time": 540.649, "Actual Rows": 80537, "Actual Loops": 80537, "Index Cond": "(o_orderkey = l2.l_orderkey)"}]}]}]}]}]}, "Triggers": [], "Planner Runtime": 7.335, "Total Runtime": 78414.887, "Unique SQL Id": 3870093320}}, "(1, 87)": {"explain_plan": {"Plan": {"Node Type": "Limit", "Startup Cost": 1000209392502.29, "Total Cost": 1000209392502.54, "Plan Rows": 100, "Plan Width": 26, "Plans": [{"Node Type": "Sort", "Parent Relationship": "Outer", "Startup Cost": 1000209392502.29, "Total Cost": 1000209392525.22, "Plan Rows": 100, "Plan Width": 26, "Sort Key": ["(count(*)) DESC", "supplier.s_name"], "Plans": [{"Node Type": "Aggregate", "Strategy": "Hashed", "Parent Relationship": "Outer", "Startup Cost": 1000209392060.03, "Total Cost": 1000209392151.75, "Plan Rows": 9172, "Plan Width": 26, "Group By Key": ["supplier.s_name"], "Plans": [{"Node Type": "Nested Loop", "Parent Relationship": "Outer", "Join Type": "Semi", "Startup Cost": 10000000003.33, "Total Cost": 1000209392014.17, "Plan Rows": 9172, "Plan Width": 26, "Inner Unique": false, "Join Filter": "(orders.o_orderkey = l2.l_orderkey)", "Plans": [{"Node Type": "Nested Loop", "Parent Relationship": "Outer", "Join Type": "Inner", "Startup Cost": 10000000002.51, "Total Cost": 1000209365752.63, "Plan Rows": 9655, "Plan Width": 50, "Inner Unique": true, "Plans": [{"Node Type": "Nested Loop", "Parent Relationship": "Outer", "Join Type": "Inner", "Startup Cost": 10000000002.25, "Total Cost": 1000208331993.1, "Plan Rows": 241373, "Plan Width": 54, "Inner Unique": true, "Plans": [{"Node Type": "Nested Loop", "Parent Relationship": "Outer", "Join Type": "Anti", "Startup Cost": 10000000001.7, "Total Cost": 1000202554809.43, "Plan Rows": 1264232, "Plan Width": 24, "Inner Unique": false, "Plans": [{"Node Type": "Nested Loop", "Parent Relationship": "Outer", "Join Type": "Inner", "Startup Cost": 10000000000.88, "Total Cost": 1000143161213.03, "Plan Rows": 25284641, "Plan Width": 24, "Inner Unique": false, "Plans": [{"Node Type": "Index Scan", "Parent Relationship": "Outer", "Scan Direction": "Forward", "Index Name": "orders_pkey", "Relation Name": "orders", "Alias": "orders", "Startup Cost": 10000000000.0, "Total Cost": 1000076847713.25, "Plan Rows": 7338812, "Plan Width": 8, "Filter": "(o_orderstatus = 'F'::bpchar), (LLVM Optimized)"}, {"Node Type": "Bitmap Heap Scan", "Parent Relationship": "Inner", "Relation Name": "lineitem", "Alias": "l1", "Startup Cost": 0.88, "Total Cost": 9.01, "Plan Rows": 3, "Plan Width": 16, "Recheck Cond": "(l_orderkey = orders.o_orderkey)", "Filter": "(l_receiptdate > l_commitdate)", "Plans": [{"Node Type": "Bitmap Index Scan", "Parent Relationship": "Outer", "Index Name": "idx_lineitem_orderkey", "Startup Cost": 0.0, "Total Cost": 0.88, "Plan Rows": 9, "Plan Width": 0, "Index Cond": "(l_orderkey = orders.o_orderkey)"}]}]}, {"Node Type": "Bitmap Heap Scan", "Parent Relationship": "Inner", "Relation Name": "lineitem", "Alias": "l3", "Startup Cost": 0.82, "Total Cost": 8.97, "Plan Rows": 3, "Plan Width": 16, "Recheck Cond": "(l_orderkey = l1.l_orderkey)", "Filter": "((l_receiptdate > l_commitdate) AND (l_suppkey <> l1.l_suppkey))", "Plans": [{"Node Type": "Bitmap Index Scan", "Parent Relationship": "Outer", "Index Name": "idx_lineitem_orderkey", "Startup Cost": 0.0, "Total Cost": 0.82, "Plan Rows": 9, "Plan Width": 0, "Index Cond": "(l_orderkey = l1.l_orderkey)"}]}]}, {"Node Type": "Bitmap Heap Scan", "Parent Relationship": "Inner", "Relation Name": "supplier", "Alias": "supplier", "Startup Cost": 0.55, "Total Cost": 4.56, "Plan Rows": 1, "Plan Width": 38, "Recheck Cond": "(s_suppkey = l1.l_suppkey)", "Plans": [{"Node Type": "Bitmap Index Scan", "Parent Relationship": "Outer", "Index Name": "supplier_pkey", "Startup Cost": 0.0, "Total Cost": 0.55, "Plan Rows": 1, "Plan Width": 0, "Index Cond": "(s_suppkey = l1.l_suppkey)"}]}]}, {"Node Type": "Bitmap Heap Scan", "Parent Relationship": "Inner", "Relation Name": "nation", "Alias": "nation", "Startup Cost": 0.26, "Total Cost": 4.27, "Plan Rows": 1, "Plan Width": 4, "Recheck Cond": "(n_nationkey = supplier.s_nationkey)", "Filter": "(n_name = 'EGYPT'::bpchar)", "Plans": [{"Node Type": "Bitmap Index Scan", "Parent Relationship": "Outer", "Index Name": "nation_pkey", "Startup Cost": 0.0, "Total Cost": 0.26, "Plan Rows": 1, "Plan Width": 0, "Index Cond": "(n_nationkey = supplier.s_nationkey)"}]}]}, {"Node Type": "Bitmap Heap Scan", "Parent Relationship": "Inner", "Relation Name": "lineitem", "Alias": "l2", "Startup Cost": 0.82, "Total Cost": 8.95, "Plan Rows": 9, "Plan Width": 16, "Recheck Cond": "(l_orderkey = l1.l_orderkey)", "Filter": "(l_suppkey <> l1.l_suppkey)", "Plans": [{"Node Type": "Bitmap Index Scan", "Parent Relationship": "Outer", "Index Name": "idx_lineitem_orderkey", "Startup Cost": 0.0, "Total Cost": 0.82, "Plan Rows": 9, "Plan Width": 0, "Index Cond": "(l_orderkey = l1.l_orderkey)"}]}]}]}]}]}, "Unique SQL Id": 3870093320}, "explain_analyze_plan": null}, "(1, 88)": {"explain_plan": {"Plan": {"Node Type": "Limit", "Startup Cost": 4756917.44, "Total Cost": 4756917.69, "Plan Rows": 100, "Plan Width": 26, "Plans": [{"Node Type": "Sort", "Parent Relationship": "Outer", "Startup Cost": 4756917.44, "Total Cost": 4756940.37, "Plan Rows": 100, "Plan Width": 26, "Sort Key": ["(count(*)) DESC", "supplier.s_name"], "Plans": [{"Node Type": "Aggregate", "Strategy": "Hashed", "Parent Relationship": "Outer", "Startup Cost": 4756475.17, "Total Cost": 4756566.89, "Plan Rows": 9172, "Plan Width": 26, "Group By Key": ["supplier.s_name"], "Plans": [{"Node Type": "Nested Loop", "Parent Relationship": "Outer", "Join Type": "Inner", "Startup Cost": 4598780.56, "Total Cost": 4756429.31, "Plan Rows": 9172, "Plan Width": 26, "Inner Unique": true, "Join Filter": "(l1.l_orderkey = orders.o_orderkey)", "Plans": [{"Node Type": "Nested Loop", "Parent Relationship": "Outer", "Join Type": "Semi", "Startup Cost": 4598780.56, "Total Cost": 4749328.94, "Plan Rows": 7254, "Plan Width": 42, "Inner Unique": false, "Plans": [{"Node Type": "Nested Loop", "Parent Relationship": "Outer", "Join Type": "Anti", "Startup Cost": 4598780.56, "Total Cost": 4747473.37, "Plan Rows": 7635, "Plan Width": 42, "Inner Unique": false, "Plans": [{"Node Type": "Merge Join", "Parent Relationship": "Outer", "Join Type": "Inner", "Startup Cost": 4598780.56, "Total Cost": 4700286.16, "Plan Rows": 152707, "Plan Width": 42, "Inner Unique": false, "Merge Cond": "(supplier.s_suppkey = l1.l_suppkey)", "Plans": [{"Node Type": "Sort", "Parent Relationship": "Outer", "Startup Cost": 8893.34, "Total Cost": 8903.34, "Plan Rows": 4000, "Plan Width": 34, "Sort Key": ["supplier.s_suppkey"], "Plans": [{"Node Type": "Nested Loop", "Parent Relationship": "Outer", "Join Type": "Inner", "Startup Cost": 0.0, "Total Cost": 8654.02, "Plan Rows": 4000, "Plan Width": 34, "Inner Unique": false, "Plans": [{"Node Type": "Seq Scan", "Parent Relationship": "Outer", "Relation Name": "nation", "Alias": "nation", "Startup Cost": 0.0, "Total Cost": 1.31, "Plan Rows": 1, "Plan Width": 4, "Filter": "(n_name = 'EGYPT'::bpchar)"}, {"Node Type": "Index Scan", "Parent Relationship": "Inner", "Scan Direction": "Forward", "Index Name": "idx_supplier_nation_key", "Relation Name": "supplier", "Alias": "supplier", "Startup Cost": 0.0, "Total Cost": 8612.71, "Plan Rows": 4000, "Plan Width": 38, "Index Cond": "(s_nationkey = nation.n_nationkey)"}]}]}, {"Node Type": "Sort", "Parent Relationship": "Inner", "Startup Cost": 4589877.29, "Total Cost": 4639866.48, "Plan Rows": 19995678, "Plan Width": 16, "Sort Key": ["l1.l_suppkey"], "Plans": [{"Node Type": "Seq Scan", "Parent Relationship": "Outer", "Relation Name": "lineitem", "Alias": "l1", "Startup Cost": 0.0, "Total Cost": 2165082.91, "Plan Rows": 19995678, "Plan Width": 16, "Filter": "(l_receiptdate > l_commitdate), (LLVM Optimized)"}]}]}, {"Node Type": "Index Scan", "Parent Relationship": "Inner", "Scan Direction": "Forward", "Index Name": "idx_lineitem_orderkey", "Relation Name": "lineitem", "Alias": "l3", "Startup Cost": 0.0, "Total Cost": 1.63, "Plan Rows": 3, "Plan Width": 16, "Index Cond": "(l_orderkey = l1.l_orderkey)", "Filter": "((l_receiptdate > l_commitdate) AND (l_suppkey <> l1.l_suppkey))"}]}, {"Node Type": "Index Scan", "Parent Relationship": "Inner", "Scan Direction": "Forward", "Index Name": "idx_lineitem_orderkey", "Relation Name": "lineitem", "Alias": "l2", "Startup Cost": 0.0, "Total Cost": 1.63, "Plan Rows": 9, "Plan Width": 16, "Index Cond": "(l_orderkey = l1.l_orderkey)", "Filter": "(l_suppkey <> l1.l_suppkey)"}]}, {"Node Type": "Index Scan", "Parent Relationship": "Inner", "Scan Direction": "Forward", "Index Name": "orders_pkey", "Relation Name": "orders", "Alias": "orders", "Startup Cost": 0.0, "Total Cost": 0.97, "Plan Rows": 1, "Plan Width": 8, "Index Cond": "(o_orderkey = l2.l_orderkey)", "Filter": "(o_orderstatus = 'F'::bpchar)"}]}]}]}]}, "Unique SQL Id": 3870093320}, "explain_analyze_plan": {"Plan": {"Node Type": "Limit", "Startup Cost": 4756917.44, "Total Cost": 4756917.69, "Plan Rows": 100, "Plan Width": 26, "Actual Startup Time": 73352.485, "Actual Total Time": 73352.506, "Actual Rows": 100, "Actual Loops": 1, "Plans": [{"Node Type": "Sort", "Parent Relationship": "Outer", "Startup Cost": 4756917.44, "Total Cost": 4756940.37, "Plan Rows": 100, "Plan Width": 26, "Actual Startup Time": 73352.483, "Actual Total Time": 73352.488, "Actual Rows": 100, "Actual Loops": 1, "Sort Key": ["(count(*)) DESC", "supplier.s_name"], "Sort Method": "top-N heapsort", "Sort Space Used": 41, "Sort Space Type": "Memory", "Plans": [{"Node Type": "Aggregate", "Strategy": "Hashed", "Parent Relationship": "Outer", "Startup Cost": 4756475.17, "Total Cost": 4756566.89, "Plan Rows": 9172, "Plan Width": 26, "Actual Startup Time": 73348.852, "Actual Total Time": 73350.451, "Actual Rows": 3981, "Actual Loops": 1, "Group By Key": ["supplier.s_name"], "Plans": [{"Node Type": "Nested Loop", "Parent Relationship": "Outer", "Join Type": "Inner", "Startup Cost": 4598780.56, "Total Cost": 4756429.31, "Plan Rows": 9172, "Plan Width": 26, "Actual Startup Time": 40487.499, "Actual Total Time": 73295.282, "Actual Rows": 39445, "Actual Loops": 1, "Inner Unique": true, "Join Filter": "(l1.l_orderkey = orders.o_orderkey)", "Rows Removed by Join Filter": 0, "Plans": [{"Node Type": "Nested Loop", "Parent Relationship": "Outer", "Join Type": "Semi", "Startup Cost": 4598780.56, "Total Cost": 4749328.94, "Plan Rows": 7254, "Plan Width": 42, "Actual Startup Time": 40486.689, "Actual Total Time": 72464.471, "Actual Rows": 80537, "Actual Loops": 1, "Inner Unique": false, "Plans": [{"Node Type": "Nested Loop", "Parent Relationship": "Outer", "Join Type": "Anti", "Startup Cost": 4598780.56, "Total Cost": 4747473.37, "Plan Rows": 7635, "Plan Width": 42, "Actual Startup Time": 40486.463, "Actual Total Time": 71842.122, "Actual Rows": 135110, "Actual Loops": 1, "Inner Unique": false, "Plans": [{"Node Type": "Merge Join", "Parent Relationship": "Outer", "Join Type": "Inner", "Startup Cost": 4598780.56, "Total Cost": 4700286.16, "Plan Rows": 152707, "Plan Width": 42, "Actual Startup Time": 40485.865, "Actual Total Time": 56391.408, "Actual Rows": 1511024, "Actual Loops": 1, "Inner Unique": false, "Merge Cond": "(supplier.s_suppkey = l1.l_suppkey)", "Plans": [{"Node Type": "Sort", "Parent Relationship": "Outer", "Startup Cost": 8893.34, "Total Cost": 8903.34, "Plan Rows": 4000, "Plan Width": 34, "Actual Startup Time": 7.682, "Actual Total Time": 8.929, "Actual Rows": 3981, "Actual Loops": 1, "Sort Key": ["supplier.s_suppkey"], "Sort Method": "quicksort", "Sort Space Used": 470, "Sort Space Type": "Memory", "Plans": [{"Node Type": "Nested Loop", "Parent Relationship": "Outer", "Join Type": "Inner", "Startup Cost": 0.0, "Total Cost": 8654.02, "Plan Rows": 4000, "Plan Width": 34, "Actual Startup Time": 0.066, "Actual Total Time": 6.311, "Actual Rows": 3981, "Actual Loops": 1, "Inner Unique": false, "Plans": [{"Node Type": "Seq Scan", "Parent Relationship": "Outer", "Relation Name": "nation", "Alias": "nation", "Startup Cost": 0.0, "Total Cost": 1.31, "Plan Rows": 1, "Plan Width": 4, "Actual Startup Time": 0.03, "Actual Total Time": 0.041, "Actual Rows": 1, "Actual Loops": 1, "Filter": "(n_name = 'EGYPT'::bpchar)", "Rows Removed by Filter": 24}, {"Node Type": "Index Scan", "Parent Relationship": "Inner", "Scan Direction": "Forward", "Index Name": "idx_supplier_nation_key", "Relation Name": "supplier", "Alias": "supplier", "Startup Cost": 0.0, "Total Cost": 8612.71, "Plan Rows": 4000, "Plan Width": 38, "Actual Startup Time": 0.03, "Actual Total Time": 5.407, "Actual Rows": 3981, "Actual Loops": 1, "Index Cond": "(s_nationkey = nation.n_nationkey)", "Rows Removed by Index Recheck": 0}]}]}, {"Node Type": "Sort", "Parent Relationship": "Inner", "Startup Cost": 4589877.29, "Total Cost": 4639866.48, "Plan Rows": 19995678, "Plan Width": 16, "Actual Startup Time": 40416.547, "Actual Total Time": 51026.825, "Actual Rows": 37901086, "Actual Loops": 1, "Sort Key": ["l1.l_suppkey"], "Sort Method": "quicksort", "Sort Space Used": 5128741, "Sort Space Type": "Memory", "Plans": [{"Node Type": "Seq Scan", "Parent Relationship": "Outer", "Relation Name": "lineitem", "Alias": "l1", "Startup Cost": 0.0, "Total Cost": 2165082.91, "Plan Rows": 19995678, "Plan Width": 16, "Actual Startup Time": 0.031, "Actual Total Time": 26031.885, "Actual Rows": 37929348, "Actual Loops": 1, "Filter": "(l_receiptdate > l_commitdate), (LLVM Optimized, Jit Execute)", "Rows Removed by Filter": 22056704}]}]}, {"Node Type": "Index Scan", "Parent Relationship": "Inner", "Scan Direction": "Forward", "Index Name": "idx_lineitem_orderkey", "Relation Name": "lineitem", "Alias": "l3", "Startup Cost": 0.0, "Total Cost": 1.63, "Plan Rows": 3, "Plan Width": 16, "Actual Startup Time": 14442.206, "Actual Total Time": 14442.206, "Actual Rows": 1375914, "Actual Loops": 1511024, "Index Cond": "(l_orderkey = l1.l_orderkey)", "Rows Removed by Index Recheck": 0, "Filter": "((l_receiptdate > l_commitdate) AND (l_suppkey <> l1.l_suppkey))", "Rows Removed by Filter": 1348115}]}, {"Node Type": "Index Scan", "Parent Relationship": "Inner", "Scan Direction": "Forward", "Index Name": "idx_lineitem_orderkey", "Relation Name": "lineitem", "Alias": "l2", "Startup Cost": 0.0, "Total Cost": 1.63, "Plan Rows": 9, "Plan Width": 16, "Actual Startup Time": 508.94, "Actual Total Time": 508.94, "Actual Rows": 80537, "Actual Loops": 135110, "Index Cond": "(l_orderkey = l1.l_orderkey)", "Rows Removed by Index Recheck": 0, "Filter": "(l_suppkey <> l1.l_suppkey)", "Rows Removed by Filter": 85912}]}, {"Node Type": "Index Scan", "Parent Relationship": "Inner", "Scan Direction": "Forward", "Index Name": "orders_pkey", "Relation Name": "orders", "Alias": "orders", "Startup Cost": 0.0, "Total Cost": 0.97, "Plan Rows": 1, "Plan Width": 8, "Actual Startup Time": 752.259, "Actual Total Time": 752.259, "Actual Rows": 39445, "Actual Loops": 80537, "Index Cond": "(o_orderkey = l2.l_orderkey)", "Rows Removed by Index Recheck": 0, "Filter": "(o_orderstatus = 'F'::bpchar)", "Rows Removed by Filter": 41092}]}]}]}]}, "Triggers": [], "Planner Runtime": 7.084, "Total Runtime": 73361.27, "Unique SQL Id": 3870093320}}, "(1, 89)": {"explain_plan": {"Plan": {"Node Type": "Limit", "Startup Cost": 5981967.23, "Total Cost": 5981967.48, "Plan Rows": 100, "Plan Width": 26, "Plans": [{"Node Type": "Sort", "Parent Relationship": "Outer", "Startup Cost": 5981967.23, "Total Cost": 5981990.16, "Plan Rows": 100, "Plan Width": 26, "Sort Key": ["(count(*)) DESC", "supplier.s_name"], "Plans": [{"Node Type": "Aggregate", "Strategy": "Hashed", "Parent Relationship": "Outer", "Startup Cost": 5981524.96, "Total Cost": 5981616.68, "Plan Rows": 9172, "Plan Width": 26, "Group By Key": ["supplier.s_name"], "Plans": [{"Node Type": "Nested Loop", "Parent Relationship": "Outer", "Join Type": "Inner", "Startup Cost": 5823830.35, "Total Cost": 5981479.1, "Plan Rows": 9172, "Plan Width": 26, "Inner Unique": true, "Join Filter": "(l1.l_orderkey = orders.o_orderkey)", "Plans": [{"Node Type": "Nested Loop", "Parent Relationship": "Outer", "Join Type": "Semi", "Startup Cost": 5823830.35, "Total Cost": 5974378.73, "Plan Rows": 7254, "Plan Width": 42, "Inner Unique": false, "Plans": [{"Node Type": "Nested Loop", "Parent Relationship": "Outer", "Join Type": "Anti", "Startup Cost": 5823830.35, "Total Cost": 5972523.16, "Plan Rows": 7635, "Plan Width": 42, "Inner Unique": false, "Plans": [{"Node Type": "Merge Join", "Parent Relationship": "Outer", "Join Type": "Inner", "Startup Cost": 5823830.35, "Total Cost": 5925335.95, "Plan Rows": 152707, "Plan Width": 42, "Inner Unique": false, "Merge Cond": "(supplier.s_suppkey = l1.l_suppkey)", "Plans": [{"Node Type": "Sort", "Parent Relationship": "Outer", "Startup Cost": 8904.71, "Total Cost": 8914.71, "Plan Rows": 4000, "Plan Width": 34, "Sort Key": ["supplier.s_suppkey"], "Plans": [{"Node Type": "Nested Loop", "Parent Relationship": "Outer", "Join Type": "Inner", "Startup Cost": 0.0, "Total Cost": 8665.4, "Plan Rows": 4000, "Plan Width": 34, "Inner Unique": false, "Plans": [{"Node Type": "Index Scan", "Parent Relationship": "Outer", "Scan Direction": "Forward", "Index Name": "nation_pkey", "Relation Name": "nation", "Alias": "nation", "Startup Cost": 0.0, "Total Cost": 12.69, "Plan Rows": 1, "Plan Width": 4, "Filter": "(n_name = 'EGYPT'::bpchar)"}, {"Node Type": "Index Scan", "Parent Relationship": "Inner", "Scan Direction": "Forward", "Index Name": "idx_supplier_nation_key", "Relation Name": "supplier", "Alias": "supplier", "Startup Cost": 0.0, "Total Cost": 8612.71, "Plan Rows": 4000, "Plan Width": 38, "Index Cond": "(s_nationkey = nation.n_nationkey)"}]}]}, {"Node Type": "Sort", "Parent Relationship": "Inner", "Startup Cost": 5814915.7, "Total Cost": 5864904.9, "Plan Rows": 19995678, "Plan Width": 16, "Sort Key": ["l1.l_suppkey"], "Plans": [{"Node Type": "Index Scan", "Parent Relationship": "Outer", "Scan Direction": "Forward", "Index Name": "idx_lineitem_orderkey", "Relation Name": "lineitem", "Alias": "l1", "Startup Cost": 0.0, "Total Cost": 3390121.33, "Plan Rows": 19995678, "Plan Width": 16, "Filter": "(l_receiptdate > l_commitdate), (LLVM Optimized)"}]}]}, {"Node Type": "Index Scan", "Parent Relationship": "Inner", "Scan Direction": "Forward", "Index Name": "idx_lineitem_orderkey", "Relation Name": "lineitem", "Alias": "l3", "Startup Cost": 0.0, "Total Cost": 1.63, "Plan Rows": 3, "Plan Width": 16, "Index Cond": "(l_orderkey = l1.l_orderkey)", "Filter": "((l_receiptdate > l_commitdate) AND (l_suppkey <> l1.l_suppkey))"}]}, {"Node Type": "Index Scan", "Parent Relationship": "Inner", "Scan Direction": "Forward", "Index Name": "idx_lineitem_orderkey", "Relation Name": "lineitem", "Alias": "l2", "Startup Cost": 0.0, "Total Cost": 1.63, "Plan Rows": 9, "Plan Width": 16, "Index Cond": "(l_orderkey = l1.l_orderkey)", "Filter": "(l_suppkey <> l1.l_suppkey)"}]}, {"Node Type": "Index Scan", "Parent Relationship": "Inner", "Scan Direction": "Forward", "Index Name": "orders_pkey", "Relation Name": "orders", "Alias": "orders", "Startup Cost": 0.0, "Total Cost": 0.97, "Plan Rows": 1, "Plan Width": 8, "Index Cond": "(o_orderkey = l2.l_orderkey)", "Filter": "(o_orderstatus = 'F'::bpchar)"}]}]}]}]}, "Unique SQL Id": 3870093320}, "explain_analyze_plan": null}, "(1, 90)": {"explain_plan": {"Plan": {"Node Type": "Limit", "Startup Cost": 20834970.68, "Total Cost": 20834970.93, "Plan Rows": 100, "Plan Width": 26, "Plans": [{"Node Type": "Sort", "Parent Relationship": "Outer", "Startup Cost": 20834970.68, "Total Cost": 20834993.61, "Plan Rows": 100, "Plan Width": 26, "Sort Key": ["(count(*)) DESC", "supplier.s_name"], "Plans": [{"Node Type": "Aggregate", "Strategy": "Hashed", "Parent Relationship": "Outer", "Startup Cost": 20834528.41, "Total Cost": 20834620.13, "Plan Rows": 9172, "Plan Width": 26, "Group By Key": ["supplier.s_name"], "Plans": [{"Node Type": "Merge Join", "Parent Relationship": "Outer", "Join Type": "Semi", "Startup Cost": 20372470.76, "Total Cost": 20834482.55, "Plan Rows": 9172, "Plan Width": 26, "Inner Unique": false, "Merge Cond": "(orders.o_orderkey = l2.l_orderkey)", "Join Filter": "(l2.l_suppkey <> l1.l_suppkey)", "Plans": [{"Node Type": "Merge Join", "Parent Relationship": "Outer", "Join Type": "Inner", "Startup Cost": 10607586.44, "Total Cost": 10768548.04, "Plan Rows": 9655, "Plan Width": 50, "Inner Unique": true, "Merge Cond": "(l1.l_orderkey = orders.o_orderkey)", "Plans": [{"Node Type": "Merge Join", "Parent Relationship": "Outer", "Join Type": "Anti", "Startup Cost": 9306786.95, "Total Cost": 9430940.22, "Plan Rows": 7635, "Plan Width": 42, "Inner Unique": false, "Merge Cond": "(l1.l_orderkey = l3.l_orderkey)", "Join Filter": "(l3.l_suppkey <> l1.l_suppkey)", "Plans": [{"Node Type": "Sort", "Parent Relationship": "Outer", "Startup Cost": 4716909.67, "Total Cost": 4717291.43, "Plan Rows": 152707, "Plan Width": 42, "Sort Key": ["l1.l_orderkey"], "Plans": [{"Node Type": "Merge Join", "Parent Relationship": "Outer", "Join Type": "Inner", "Startup Cost": 4602255.68, "Total Cost": 4703761.28, "Plan Rows": 152707, "Plan Width": 42, "Inner Unique": false, "Merge Cond": "(supplier.s_suppkey = l1.l_suppkey)", "Plans": [{"Node Type": "Sort", "Parent Relationship": "Outer", "Startup Cost": 12368.47, "Total Cost": 12378.47, "Plan Rows": 4000, "Plan Width": 34, "Sort Key": ["supplier.s_suppkey"], "Plans": [{"Node Type": "Merge Join", "Parent Relationship": "Outer", "Join Type": "Inner", "Startup Cost": 11589.14, "Total Cost": 12129.15, "Plan Rows": 4000, "Plan Width": 34, "Inner Unique": false, "Merge Cond": "(nation.n_nationkey = supplier.s_nationkey)", "Plans": [{"Node Type": "Sort", "Parent Relationship": "Outer", "Startup Cost": 1.32, "Total Cost": 1.33, "Plan Rows": 1, "Plan Width": 4, "Sort Key": ["nation.n_nationkey"], "Plans": [{"Node Type": "Seq Scan", "Parent Relationship": "Outer", "Relation Name": "nation", "Alias": "nation", "Startup Cost": 0.0, "Total Cost": 1.31, "Plan Rows": 1, "Plan Width": 4, "Filter": "(n_name = 'EGYPT'::bpchar)"}]}, {"Node Type": "Sort", "Parent Relationship": "Inner", "Startup Cost": 11587.82, "Total Cost": 11837.82, "Plan Rows": 100000, "Plan Width": 38, "Sort Key": ["supplier.s_nationkey"], "Plans": [{"Node Type": "Seq Scan", "Parent Relationship": "Outer", "Relation Name": "supplier", "Alias": "supplier", "Startup Cost": 0.0, "Total Cost": 3283.0, "Plan Rows": 100000, "Plan Width": 38}]}]}]}, {"Node Type": "Sort", "Parent Relationship": "Inner", "Startup Cost": 4589877.29, "Total Cost": 4639866.48, "Plan Rows": 19995678, "Plan Width": 16, "Sort Key": ["l1.l_suppkey"], "Plans": [{"Node Type": "Seq Scan", "Parent Relationship": "Outer", "Relation Name": "lineitem", "Alias": "l1", "Startup Cost": 0.0, "Total Cost": 2165082.91, "Plan Rows": 19995678, "Plan Width": 16, "Filter": "(l_receiptdate > l_commitdate), (LLVM Optimized)"}]}]}]}, {"Node Type": "Sort", "Parent Relationship": "Inner", "Startup Cost": 4589877.29, "Total Cost": 4639866.48, "Plan Rows": 19995678, "Plan Width": 16, "Sort Key": ["l3.l_orderkey"], "Plans": [{"Node Type": "Seq Scan", "Parent Relationship": "Outer", "Relation Name": "lineitem", "Alias": "l3", "Startup Cost": 0.0, "Total Cost": 2165082.91, "Plan Rows": 19995678, "Plan Width": 16, "Filter": "(l_receiptdate > l_commitdate), (LLVM Optimized)"}]}]}, {"Node Type": "Sort", "Parent Relationship": "Inner", "Startup Cost": 1300798.14, "Total Cost": 1319145.17, "Plan Rows": 7338812, "Plan Width": 8, "Sort Key": ["orders.o_orderkey"], "Plans": [{"Node Type": "Seq Scan", "Parent Relationship": "Outer", "Relation Name": "orders", "Alias": "orders", "Startup Cost": 0.0, "Total Cost": 463912.49, "Plan Rows": 7338812, "Plan Width": 8, "Filter": "(o_orderstatus = 'F'::bpchar), (LLVM Optimized)"}]}]}, {"Node Type": "Sort", "Parent Relationship": "Inner", "Startup Cost": 9764884.32, "Total Cost": 9914851.9, "Plan Rows": 59987033, "Plan Width": 16, "Sort Key": ["l2.l_orderkey"], "Plans": [{"Node Type": "Seq Scan", "Parent Relationship": "Outer", "Relation Name": "lineitem", "Alias": "l2", "Startup Cost": 0.0, "Total Cost": 2015115.33, "Plan Rows": 59987033, "Plan Width": 16}]}]}]}]}]}, "Unique SQL Id": 3870093320}, "explain_analyze_plan": null}, "(1, 91)": {"explain_plan": {"Plan": {"Node Type": "Limit", "Startup Cost": 6001066518420.09, "Total Cost": 6001066518420.34, "Plan Rows": 100, "Plan Width": 26, "Plans": [{"Node Type": "Sort", "Parent Relationship": "Outer", "Startup Cost": 6001066518420.09, "Total Cost": 6001066518443.02, "Plan Rows": 100, "Plan Width": 26, "Sort Key": ["(count(*)) DESC", "supplier.s_name"], "Plans": [{"Node Type": "Aggregate", "Strategy": "Hashed", "Parent Relationship": "Outer", "Startup Cost": 6001066517977.82, "Total Cost": 6001066518069.54, "Plan Rows": 9172, "Plan Width": 26, "Group By Key": ["supplier.s_name"], "Plans": [{"Node Type": "Merge Join", "Parent Relationship": "Outer", "Join Type": "Semi", "Startup Cost": 3030378986896.29, "Total Cost": 6001066517931.96, "Plan Rows": 9172, "Plan Width": 26, "Inner Unique": false, "Merge Cond": "(orders.o_orderkey = l2.l_orderkey)", "Join Filter": "(l2.l_suppkey <> l1.l_suppkey)", "Plans": [{"Node Type": "Merge Join", "Parent Relationship": "Outer", "Join Type": "Inner", "Startup Cost": 3020378986896.29, "Total Cost": 5000758513752.19, "Plan Rows": 9655, "Plan Width": 50, "Inner Unique": true, "Merge Cond": "(l1.l_orderkey = orders.o_orderkey)", "Plans": [{"Node Type": "Merge Join", "Parent Relationship": "Outer", "Join Type": "Anti", "Startup Cost": 3010342561279.47, "Total Cost": 4000681647576.29, "Plan Rows": 7635, "Plan Width": 42, "Inner Unique": false, "Merge Cond": "(l1.l_orderkey = l3.l_orderkey)", "Join Filter": "(l3.l_suppkey <> l1.l_suppkey)", "Plans": [{"Node Type": "Sort", "Parent Relationship": "Outer", "Startup Cost": 3000342561279.47, "Total Cost": 3000342561661.23, "Plan Rows": 152707, "Plan Width": 42, "Sort Key": ["l1.l_orderkey"], "Plans": [{"Node Type": "Merge Join", "Parent Relationship": "Outer", "Join Type": "Inner", "Startup Cost": 2010342526246.89, "Total Cost": 3000342548131.08, "Plan Rows": 152707, "Plan Width": 42, "Inner Unique": false, "Merge Cond": "(nation.n_nationkey = supplier.s_nationkey)", "Plans": [{"Node Type": "Index Scan", "Parent Relationship": "Outer", "Scan Direction": "Forward", "Index Name": "nation_pkey", "Relation Name": "nation", "Alias": "nation", "Startup Cost": 10000000000.0, "Total Cost": 1000000001268.75, "Plan Rows": 1, "Plan Width": 4, "Filter": "(n_name = 'EGYPT'::bpchar)"}, {"Node Type": "Sort", "Parent Relationship": "Inner", "Startup Cost": 2000342526246.89, "Total Cost": 2000342535791.08, "Plan Rows": 3817674, "Plan Width": 46, "Sort Key": ["supplier.s_nationkey"], "Plans": [{"Node Type": "Merge Join", "Parent Relationship": "Outer", "Join Type": "Inner", "Startup Cost": 1010341436937.06, "Total Cost": 2000342108893.76, "Plan Rows": 3817674, "Plan Width": 46, "Inner Unique": false, "Merge Cond": "(supplier.s_suppkey = l1.l_suppkey)", "Plans": [{"Node Type": "Index Scan", "Parent Relationship": "Outer", "Scan Direction": "Forward", "Index Name": "supplier_pkey", "Relation Name": "supplier", "Alias": "supplier", "Startup Cost": 10000000000.0, "Total Cost": 1000000533571.43, "Plan Rows": 100000, "Plan Width": 38}, {"Node Type": "Sort", "Parent Relationship": "Inner", "Startup Cost": 1000341436927.13, "Total Cost": 1000341486916.32, "Plan Rows": 19995678, "Plan Width": 16, "Sort Key": ["l1.l_suppkey"], "Plans": [{"Node Type": "Index Scan", "Parent Relationship": "Outer", "Scan Direction": "Forward", "Index Name": "idx_lineitem_orderkey", "Relation Name": "lineitem", "Alias": "l1", "Startup Cost": 10000000000.0, "Total Cost": 1000339012132.75, "Plan Rows": 19995678, "Plan Width": 16, "Filter": "(l_receiptdate > l_commitdate), (LLVM Optimized)"}]}]}]}]}]}, {"Node Type": "Index Scan", "Parent Relationship": "Inner", "Scan Direction": "Forward", "Index Name": "idx_lineitem_orderkey", "Relation Name": "lineitem", "Alias": "l3", "Startup Cost": 10000000000.0, "Total Cost": 1000339012132.75, "Plan Rows": 19995678, "Plan Width": 16, "Filter": "(l_receiptdate > l_commitdate), (LLVM Optimized)"}]}, {"Node Type": "Index Scan", "Parent Relationship": "Inner", "Scan Direction": "Forward", "Index Name": "orders_pkey", "Relation Name": "orders", "Alias": "orders", "Startup Cost": 10000000000.0, "Total Cost": 1000076847713.25, "Plan Rows": 7338812, "Plan Width": 8, "Filter": "(o_orderstatus = 'F'::bpchar), (LLVM Optimized)"}]}, {"Node Type": "Index Scan", "Parent Relationship": "Inner", "Scan Direction": "Forward", "Index Name": "idx_lineitem_orderkey", "Relation Name": "lineitem", "Alias": "l2", "Startup Cost": 10000000000.0, "Total Cost": 1000324015374.5, "Plan Rows": 59987033, "Plan Width": 16}]}]}]}]}, "Unique SQL Id": 3870093320}, "explain_analyze_plan": null}, "(1, 92)": {"explain_plan": {"Plan": {"Node Type": "Limit", "Startup Cost": 4756917.44, "Total Cost": 4756917.69, "Plan Rows": 100, "Plan Width": 26, "Plans": [{"Node Type": "Sort", "Parent Relationship": "Outer", "Startup Cost": 4756917.44, "Total Cost": 4756940.37, "Plan Rows": 100, "Plan Width": 26, "Sort Key": ["(count(*)) DESC", "supplier.s_name"], "Plans": [{"Node Type": "Aggregate", "Strategy": "Hashed", "Parent Relationship": "Outer", "Startup Cost": 4756475.17, "Total Cost": 4756566.89, "Plan Rows": 9172, "Plan Width": 26, "Group By Key": ["supplier.s_name"], "Plans": [{"Node Type": "Nested Loop", "Parent Relationship": "Outer", "Join Type": "Inner", "Startup Cost": 4598780.56, "Total Cost": 4756429.31, "Plan Rows": 9172, "Plan Width": 26, "Inner Unique": true, "Join Filter": "(l1.l_orderkey = orders.o_orderkey)", "Plans": [{"Node Type": "Nested Loop", "Parent Relationship": "Outer", "Join Type": "Semi", "Startup Cost": 4598780.56, "Total Cost": 4749328.94, "Plan Rows": 7254, "Plan Width": 42, "Inner Unique": false, "Plans": [{"Node Type": "Nested Loop", "Parent Relationship": "Outer", "Join Type": "Anti", "Startup Cost": 4598780.56, "Total Cost": 4747473.37, "Plan Rows": 7635, "Plan Width": 42, "Inner Unique": false, "Plans": [{"Node Type": "Merge Join", "Parent Relationship": "Outer", "Join Type": "Inner", "Startup Cost": 4598780.56, "Total Cost": 4700286.16, "Plan Rows": 152707, "Plan Width": 42, "Inner Unique": false, "Merge Cond": "(supplier.s_suppkey = l1.l_suppkey)", "Plans": [{"Node Type": "Sort", "Parent Relationship": "Outer", "Startup Cost": 8893.34, "Total Cost": 8903.34, "Plan Rows": 4000, "Plan Width": 34, "Sort Key": ["supplier.s_suppkey"], "Plans": [{"Node Type": "Nested Loop", "Parent Relationship": "Outer", "Join Type": "Inner", "Startup Cost": 0.0, "Total Cost": 8654.02, "Plan Rows": 4000, "Plan Width": 34, "Inner Unique": false, "Plans": [{"Node Type": "Seq Scan", "Parent Relationship": "Outer", "Relation Name": "nation", "Alias": "nation", "Startup Cost": 0.0, "Total Cost": 1.31, "Plan Rows": 1, "Plan Width": 4, "Filter": "(n_name = 'EGYPT'::bpchar)"}, {"Node Type": "Index Scan", "Parent Relationship": "Inner", "Scan Direction": "Forward", "Index Name": "idx_supplier_nation_key", "Relation Name": "supplier", "Alias": "supplier", "Startup Cost": 0.0, "Total Cost": 8612.71, "Plan Rows": 4000, "Plan Width": 38, "Index Cond": "(s_nationkey = nation.n_nationkey)"}]}]}, {"Node Type": "Sort", "Parent Relationship": "Inner", "Startup Cost": 4589877.29, "Total Cost": 4639866.48, "Plan Rows": 19995678, "Plan Width": 16, "Sort Key": ["l1.l_suppkey"], "Plans": [{"Node Type": "Seq Scan", "Parent Relationship": "Outer", "Relation Name": "lineitem", "Alias": "l1", "Startup Cost": 0.0, "Total Cost": 2165082.91, "Plan Rows": 19995678, "Plan Width": 16, "Filter": "(l_receiptdate > l_commitdate), (LLVM Optimized)"}]}]}, {"Node Type": "Index Scan", "Parent Relationship": "Inner", "Scan Direction": "Forward", "Index Name": "idx_lineitem_orderkey", "Relation Name": "lineitem", "Alias": "l3", "Startup Cost": 0.0, "Total Cost": 1.63, "Plan Rows": 3, "Plan Width": 16, "Index Cond": "(l_orderkey = l1.l_orderkey)", "Filter": "((l_receiptdate > l_commitdate) AND (l_suppkey <> l1.l_suppkey))"}]}, {"Node Type": "Index Scan", "Parent Relationship": "Inner", "Scan Direction": "Forward", "Index Name": "idx_lineitem_orderkey", "Relation Name": "lineitem", "Alias": "l2", "Startup Cost": 0.0, "Total Cost": 1.63, "Plan Rows": 9, "Plan Width": 16, "Index Cond": "(l_orderkey = l1.l_orderkey)", "Filter": "(l_suppkey <> l1.l_suppkey)"}]}, {"Node Type": "Index Scan", "Parent Relationship": "Inner", "Scan Direction": "Forward", "Index Name": "orders_pkey", "Relation Name": "orders", "Alias": "orders", "Startup Cost": 0.0, "Total Cost": 0.97, "Plan Rows": 1, "Plan Width": 8, "Index Cond": "(o_orderkey = l2.l_orderkey)", "Filter": "(o_orderstatus = 'F'::bpchar)"}]}]}]}]}, "Unique SQL Id": 3870093320}, "explain_analyze_plan": {"Plan": {"Node Type": "Limit", "Startup Cost": 4756917.44, "Total Cost": 4756917.69, "Plan Rows": 100, "Plan Width": 26, "Actual Startup Time": 73352.485, "Actual Total Time": 73352.506, "Actual Rows": 100, "Actual Loops": 1, "Plans": [{"Node Type": "Sort", "Parent Relationship": "Outer", "Startup Cost": 4756917.44, "Total Cost": 4756940.37, "Plan Rows": 100, "Plan Width": 26, "Actual Startup Time": 73352.483, "Actual Total Time": 73352.488, "Actual Rows": 100, "Actual Loops": 1, "Sort Key": ["(count(*)) DESC", "supplier.s_name"], "Sort Method": "top-N heapsort", "Sort Space Used": 41, "Sort Space Type": "Memory", "Plans": [{"Node Type": "Aggregate", "Strategy": "Hashed", "Parent Relationship": "Outer", "Startup Cost": 4756475.17, "Total Cost": 4756566.89, "Plan Rows": 9172, "Plan Width": 26, "Actual Startup Time": 73348.852, "Actual Total Time": 73350.451, "Actual Rows": 3981, "Actual Loops": 1, "Group By Key": ["supplier.s_name"], "Plans": [{"Node Type": "Nested Loop", "Parent Relationship": "Outer", "Join Type": "Inner", "Startup Cost": 4598780.56, "Total Cost": 4756429.31, "Plan Rows": 9172, "Plan Width": 26, "Actual Startup Time": 40487.499, "Actual Total Time": 73295.282, "Actual Rows": 39445, "Actual Loops": 1, "Inner Unique": true, "Join Filter": "(l1.l_orderkey = orders.o_orderkey)", "Rows Removed by Join Filter": 0, "Plans": [{"Node Type": "Nested Loop", "Parent Relationship": "Outer", "Join Type": "Semi", "Startup Cost": 4598780.56, "Total Cost": 4749328.94, "Plan Rows": 7254, "Plan Width": 42, "Actual Startup Time": 40486.689, "Actual Total Time": 72464.471, "Actual Rows": 80537, "Actual Loops": 1, "Inner Unique": false, "Plans": [{"Node Type": "Nested Loop", "Parent Relationship": "Outer", "Join Type": "Anti", "Startup Cost": 4598780.56, "Total Cost": 4747473.37, "Plan Rows": 7635, "Plan Width": 42, "Actual Startup Time": 40486.463, "Actual Total Time": 71842.122, "Actual Rows": 135110, "Actual Loops": 1, "Inner Unique": false, "Plans": [{"Node Type": "Merge Join", "Parent Relationship": "Outer", "Join Type": "Inner", "Startup Cost": 4598780.56, "Total Cost": 4700286.16, "Plan Rows": 152707, "Plan Width": 42, "Actual Startup Time": 40485.865, "Actual Total Time": 56391.408, "Actual Rows": 1511024, "Actual Loops": 1, "Inner Unique": false, "Merge Cond": "(supplier.s_suppkey = l1.l_suppkey)", "Plans": [{"Node Type": "Sort", "Parent Relationship": "Outer", "Startup Cost": 8893.34, "Total Cost": 8903.34, "Plan Rows": 4000, "Plan Width": 34, "Actual Startup Time": 7.682, "Actual Total Time": 8.929, "Actual Rows": 3981, "Actual Loops": 1, "Sort Key": ["supplier.s_suppkey"], "Sort Method": "quicksort", "Sort Space Used": 470, "Sort Space Type": "Memory", "Plans": [{"Node Type": "Nested Loop", "Parent Relationship": "Outer", "Join Type": "Inner", "Startup Cost": 0.0, "Total Cost": 8654.02, "Plan Rows": 4000, "Plan Width": 34, "Actual Startup Time": 0.066, "Actual Total Time": 6.311, "Actual Rows": 3981, "Actual Loops": 1, "Inner Unique": false, "Plans": [{"Node Type": "Seq Scan", "Parent Relationship": "Outer", "Relation Name": "nation", "Alias": "nation", "Startup Cost": 0.0, "Total Cost": 1.31, "Plan Rows": 1, "Plan Width": 4, "Actual Startup Time": 0.03, "Actual Total Time": 0.041, "Actual Rows": 1, "Actual Loops": 1, "Filter": "(n_name = 'EGYPT'::bpchar)", "Rows Removed by Filter": 24}, {"Node Type": "Index Scan", "Parent Relationship": "Inner", "Scan Direction": "Forward", "Index Name": "idx_supplier_nation_key", "Relation Name": "supplier", "Alias": "supplier", "Startup Cost": 0.0, "Total Cost": 8612.71, "Plan Rows": 4000, "Plan Width": 38, "Actual Startup Time": 0.03, "Actual Total Time": 5.407, "Actual Rows": 3981, "Actual Loops": 1, "Index Cond": "(s_nationkey = nation.n_nationkey)", "Rows Removed by Index Recheck": 0}]}]}, {"Node Type": "Sort", "Parent Relationship": "Inner", "Startup Cost": 4589877.29, "Total Cost": 4639866.48, "Plan Rows": 19995678, "Plan Width": 16, "Actual Startup Time": 40416.547, "Actual Total Time": 51026.825, "Actual Rows": 37901086, "Actual Loops": 1, "Sort Key": ["l1.l_suppkey"], "Sort Method": "quicksort", "Sort Space Used": 5128741, "Sort Space Type": "Memory", "Plans": [{"Node Type": "Seq Scan", "Parent Relationship": "Outer", "Relation Name": "lineitem", "Alias": "l1", "Startup Cost": 0.0, "Total Cost": 2165082.91, "Plan Rows": 19995678, "Plan Width": 16, "Actual Startup Time": 0.031, "Actual Total Time": 26031.885, "Actual Rows": 37929348, "Actual Loops": 1, "Filter": "(l_receiptdate > l_commitdate), (LLVM Optimized, Jit Execute)", "Rows Removed by Filter": 22056704}]}]}, {"Node Type": "Index Scan", "Parent Relationship": "Inner", "Scan Direction": "Forward", "Index Name": "idx_lineitem_orderkey", "Relation Name": "lineitem", "Alias": "l3", "Startup Cost": 0.0, "Total Cost": 1.63, "Plan Rows": 3, "Plan Width": 16, "Actual Startup Time": 14442.206, "Actual Total Time": 14442.206, "Actual Rows": 1375914, "Actual Loops": 1511024, "Index Cond": "(l_orderkey = l1.l_orderkey)", "Rows Removed by Index Recheck": 0, "Filter": "((l_receiptdate > l_commitdate) AND (l_suppkey <> l1.l_suppkey))", "Rows Removed by Filter": 1348115}]}, {"Node Type": "Index Scan", "Parent Relationship": "Inner", "Scan Direction": "Forward", "Index Name": "idx_lineitem_orderkey", "Relation Name": "lineitem", "Alias": "l2", "Startup Cost": 0.0, "Total Cost": 1.63, "Plan Rows": 9, "Plan Width": 16, "Actual Startup Time": 508.94, "Actual Total Time": 508.94, "Actual Rows": 80537, "Actual Loops": 135110, "Index Cond": "(l_orderkey = l1.l_orderkey)", "Rows Removed by Index Recheck": 0, "Filter": "(l_suppkey <> l1.l_suppkey)", "Rows Removed by Filter": 85912}]}, {"Node Type": "Index Scan", "Parent Relationship": "Inner", "Scan Direction": "Forward", "Index Name": "orders_pkey", "Relation Name": "orders", "Alias": "orders", "Startup Cost": 0.0, "Total Cost": 0.97, "Plan Rows": 1, "Plan Width": 8, "Actual Startup Time": 752.259, "Actual Total Time": 752.259, "Actual Rows": 39445, "Actual Loops": 80537, "Index Cond": "(o_orderkey = l2.l_orderkey)", "Rows Removed by Index Recheck": 0, "Filter": "(o_orderstatus = 'F'::bpchar)", "Rows Removed by Filter": 41092}]}]}]}]}, "Triggers": [], "Planner Runtime": 7.084, "Total Runtime": 73361.27, "Unique SQL Id": 3870093320}}, "(1, 93)": {"explain_plan": {"Plan": {"Node Type": "Limit", "Startup Cost": 5981967.23, "Total Cost": 5981967.48, "Plan Rows": 100, "Plan Width": 26, "Plans": [{"Node Type": "Sort", "Parent Relationship": "Outer", "Startup Cost": 5981967.23, "Total Cost": 5981990.16, "Plan Rows": 100, "Plan Width": 26, "Sort Key": ["(count(*)) DESC", "supplier.s_name"], "Plans": [{"Node Type": "Aggregate", "Strategy": "Hashed", "Parent Relationship": "Outer", "Startup Cost": 5981524.96, "Total Cost": 5981616.68, "Plan Rows": 9172, "Plan Width": 26, "Group By Key": ["supplier.s_name"], "Plans": [{"Node Type": "Nested Loop", "Parent Relationship": "Outer", "Join Type": "Inner", "Startup Cost": 5823830.35, "Total Cost": 5981479.1, "Plan Rows": 9172, "Plan Width": 26, "Inner Unique": true, "Join Filter": "(l1.l_orderkey = orders.o_orderkey)", "Plans": [{"Node Type": "Nested Loop", "Parent Relationship": "Outer", "Join Type": "Semi", "Startup Cost": 5823830.35, "Total Cost": 5974378.73, "Plan Rows": 7254, "Plan Width": 42, "Inner Unique": false, "Plans": [{"Node Type": "Nested Loop", "Parent Relationship": "Outer", "Join Type": "Anti", "Startup Cost": 5823830.35, "Total Cost": 5972523.16, "Plan Rows": 7635, "Plan Width": 42, "Inner Unique": false, "Plans": [{"Node Type": "Merge Join", "Parent Relationship": "Outer", "Join Type": "Inner", "Startup Cost": 5823830.35, "Total Cost": 5925335.95, "Plan Rows": 152707, "Plan Width": 42, "Inner Unique": false, "Merge Cond": "(supplier.s_suppkey = l1.l_suppkey)", "Plans": [{"Node Type": "Sort", "Parent Relationship": "Outer", "Startup Cost": 8904.71, "Total Cost": 8914.71, "Plan Rows": 4000, "Plan Width": 34, "Sort Key": ["supplier.s_suppkey"], "Plans": [{"Node Type": "Nested Loop", "Parent Relationship": "Outer", "Join Type": "Inner", "Startup Cost": 0.0, "Total Cost": 8665.4, "Plan Rows": 4000, "Plan Width": 34, "Inner Unique": false, "Plans": [{"Node Type": "Index Scan", "Parent Relationship": "Outer", "Scan Direction": "Forward", "Index Name": "nation_pkey", "Relation Name": "nation", "Alias": "nation", "Startup Cost": 0.0, "Total Cost": 12.69, "Plan Rows": 1, "Plan Width": 4, "Filter": "(n_name = 'EGYPT'::bpchar)"}, {"Node Type": "Index Scan", "Parent Relationship": "Inner", "Scan Direction": "Forward", "Index Name": "idx_supplier_nation_key", "Relation Name": "supplier", "Alias": "supplier", "Startup Cost": 0.0, "Total Cost": 8612.71, "Plan Rows": 4000, "Plan Width": 38, "Index Cond": "(s_nationkey = nation.n_nationkey)"}]}]}, {"Node Type": "Sort", "Parent Relationship": "Inner", "Startup Cost": 5814915.7, "Total Cost": 5864904.9, "Plan Rows": 19995678, "Plan Width": 16, "Sort Key": ["l1.l_suppkey"], "Plans": [{"Node Type": "Index Scan", "Parent Relationship": "Outer", "Scan Direction": "Forward", "Index Name": "idx_lineitem_orderkey", "Relation Name": "lineitem", "Alias": "l1", "Startup Cost": 0.0, "Total Cost": 3390121.33, "Plan Rows": 19995678, "Plan Width": 16, "Filter": "(l_receiptdate > l_commitdate), (LLVM Optimized)"}]}]}, {"Node Type": "Index Scan", "Parent Relationship": "Inner", "Scan Direction": "Forward", "Index Name": "idx_lineitem_orderkey", "Relation Name": "lineitem", "Alias": "l3", "Startup Cost": 0.0, "Total Cost": 1.63, "Plan Rows": 3, "Plan Width": 16, "Index Cond": "(l_orderkey = l1.l_orderkey)", "Filter": "((l_receiptdate > l_commitdate) AND (l_suppkey <> l1.l_suppkey))"}]}, {"Node Type": "Index Scan", "Parent Relationship": "Inner", "Scan Direction": "Forward", "Index Name": "idx_lineitem_orderkey", "Relation Name": "lineitem", "Alias": "l2", "Startup Cost": 0.0, "Total Cost": 1.63, "Plan Rows": 9, "Plan Width": 16, "Index Cond": "(l_orderkey = l1.l_orderkey)", "Filter": "(l_suppkey <> l1.l_suppkey)"}]}, {"Node Type": "Index Scan", "Parent Relationship": "Inner", "Scan Direction": "Forward", "Index Name": "orders_pkey", "Relation Name": "orders", "Alias": "orders", "Startup Cost": 0.0, "Total Cost": 0.97, "Plan Rows": 1, "Plan Width": 8, "Index Cond": "(o_orderkey = l2.l_orderkey)", "Filter": "(o_orderstatus = 'F'::bpchar)"}]}]}]}]}, "Unique SQL Id": 3870093320}, "explain_analyze_plan": null}, "(1, 94)": {"explain_plan": {"Plan": {"Node Type": "Limit", "Startup Cost": 20834970.68, "Total Cost": 20834970.93, "Plan Rows": 100, "Plan Width": 26, "Plans": [{"Node Type": "Sort", "Parent Relationship": "Outer", "Startup Cost": 20834970.68, "Total Cost": 20834993.61, "Plan Rows": 100, "Plan Width": 26, "Sort Key": ["(count(*)) DESC", "supplier.s_name"], "Plans": [{"Node Type": "Aggregate", "Strategy": "Hashed", "Parent Relationship": "Outer", "Startup Cost": 20834528.41, "Total Cost": 20834620.13, "Plan Rows": 9172, "Plan Width": 26, "Group By Key": ["supplier.s_name"], "Plans": [{"Node Type": "Merge Join", "Parent Relationship": "Outer", "Join Type": "Semi", "Startup Cost": 20372470.76, "Total Cost": 20834482.55, "Plan Rows": 9172, "Plan Width": 26, "Inner Unique": false, "Merge Cond": "(orders.o_orderkey = l2.l_orderkey)", "Join Filter": "(l2.l_suppkey <> l1.l_suppkey)", "Plans": [{"Node Type": "Merge Join", "Parent Relationship": "Outer", "Join Type": "Inner", "Startup Cost": 10607586.44, "Total Cost": 10768548.04, "Plan Rows": 9655, "Plan Width": 50, "Inner Unique": true, "Merge Cond": "(l1.l_orderkey = orders.o_orderkey)", "Plans": [{"Node Type": "Merge Join", "Parent Relationship": "Outer", "Join Type": "Anti", "Startup Cost": 9306786.95, "Total Cost": 9430940.22, "Plan Rows": 7635, "Plan Width": 42, "Inner Unique": false, "Merge Cond": "(l1.l_orderkey = l3.l_orderkey)", "Join Filter": "(l3.l_suppkey <> l1.l_suppkey)", "Plans": [{"Node Type": "Sort", "Parent Relationship": "Outer", "Startup Cost": 4716909.67, "Total Cost": 4717291.43, "Plan Rows": 152707, "Plan Width": 42, "Sort Key": ["l1.l_orderkey"], "Plans": [{"Node Type": "Merge Join", "Parent Relationship": "Outer", "Join Type": "Inner", "Startup Cost": 4602255.68, "Total Cost": 4703761.28, "Plan Rows": 152707, "Plan Width": 42, "Inner Unique": false, "Merge Cond": "(supplier.s_suppkey = l1.l_suppkey)", "Plans": [{"Node Type": "Sort", "Parent Relationship": "Outer", "Startup Cost": 12368.47, "Total Cost": 12378.47, "Plan Rows": 4000, "Plan Width": 34, "Sort Key": ["supplier.s_suppkey"], "Plans": [{"Node Type": "Merge Join", "Parent Relationship": "Outer", "Join Type": "Inner", "Startup Cost": 11589.14, "Total Cost": 12129.15, "Plan Rows": 4000, "Plan Width": 34, "Inner Unique": false, "Merge Cond": "(nation.n_nationkey = supplier.s_nationkey)", "Plans": [{"Node Type": "Sort", "Parent Relationship": "Outer", "Startup Cost": 1.32, "Total Cost": 1.33, "Plan Rows": 1, "Plan Width": 4, "Sort Key": ["nation.n_nationkey"], "Plans": [{"Node Type": "Seq Scan", "Parent Relationship": "Outer", "Relation Name": "nation", "Alias": "nation", "Startup Cost": 0.0, "Total Cost": 1.31, "Plan Rows": 1, "Plan Width": 4, "Filter": "(n_name = 'EGYPT'::bpchar)"}]}, {"Node Type": "Sort", "Parent Relationship": "Inner", "Startup Cost": 11587.82, "Total Cost": 11837.82, "Plan Rows": 100000, "Plan Width": 38, "Sort Key": ["supplier.s_nationkey"], "Plans": [{"Node Type": "Seq Scan", "Parent Relationship": "Outer", "Relation Name": "supplier", "Alias": "supplier", "Startup Cost": 0.0, "Total Cost": 3283.0, "Plan Rows": 100000, "Plan Width": 38}]}]}]}, {"Node Type": "Sort", "Parent Relationship": "Inner", "Startup Cost": 4589877.29, "Total Cost": 4639866.48, "Plan Rows": 19995678, "Plan Width": 16, "Sort Key": ["l1.l_suppkey"], "Plans": [{"Node Type": "Seq Scan", "Parent Relationship": "Outer", "Relation Name": "lineitem", "Alias": "l1", "Startup Cost": 0.0, "Total Cost": 2165082.91, "Plan Rows": 19995678, "Plan Width": 16, "Filter": "(l_receiptdate > l_commitdate), (LLVM Optimized)"}]}]}]}, {"Node Type": "Sort", "Parent Relationship": "Inner", "Startup Cost": 4589877.29, "Total Cost": 4639866.48, "Plan Rows": 19995678, "Plan Width": 16, "Sort Key": ["l3.l_orderkey"], "Plans": [{"Node Type": "Seq Scan", "Parent Relationship": "Outer", "Relation Name": "lineitem", "Alias": "l3", "Startup Cost": 0.0, "Total Cost": 2165082.91, "Plan Rows": 19995678, "Plan Width": 16, "Filter": "(l_receiptdate > l_commitdate), (LLVM Optimized)"}]}]}, {"Node Type": "Sort", "Parent Relationship": "Inner", "Startup Cost": 1300798.14, "Total Cost": 1319145.17, "Plan Rows": 7338812, "Plan Width": 8, "Sort Key": ["orders.o_orderkey"], "Plans": [{"Node Type": "Seq Scan", "Parent Relationship": "Outer", "Relation Name": "orders", "Alias": "orders", "Startup Cost": 0.0, "Total Cost": 463912.49, "Plan Rows": 7338812, "Plan Width": 8, "Filter": "(o_orderstatus = 'F'::bpchar), (LLVM Optimized)"}]}]}, {"Node Type": "Sort", "Parent Relationship": "Inner", "Startup Cost": 9764884.32, "Total Cost": 9914851.9, "Plan Rows": 59987033, "Plan Width": 16, "Sort Key": ["l2.l_orderkey"], "Plans": [{"Node Type": "Seq Scan", "Parent Relationship": "Outer", "Relation Name": "lineitem", "Alias": "l2", "Startup Cost": 0.0, "Total Cost": 2015115.33, "Plan Rows": 59987033, "Plan Width": 16}]}]}]}]}]}, "Unique SQL Id": 3870093320}, "explain_analyze_plan": null}, "(1, 95)": {"explain_plan": {"Plan": {"Node Type": "Limit", "Startup Cost": 6001066518420.09, "Total Cost": 6001066518420.34, "Plan Rows": 100, "Plan Width": 26, "Plans": [{"Node Type": "Sort", "Parent Relationship": "Outer", "Startup Cost": 6001066518420.09, "Total Cost": 6001066518443.02, "Plan Rows": 100, "Plan Width": 26, "Sort Key": ["(count(*)) DESC", "supplier.s_name"], "Plans": [{"Node Type": "Aggregate", "Strategy": "Hashed", "Parent Relationship": "Outer", "Startup Cost": 6001066517977.82, "Total Cost": 6001066518069.54, "Plan Rows": 9172, "Plan Width": 26, "Group By Key": ["supplier.s_name"], "Plans": [{"Node Type": "Merge Join", "Parent Relationship": "Outer", "Join Type": "Semi", "Startup Cost": 3030378986896.29, "Total Cost": 6001066517931.96, "Plan Rows": 9172, "Plan Width": 26, "Inner Unique": false, "Merge Cond": "(orders.o_orderkey = l2.l_orderkey)", "Join Filter": "(l2.l_suppkey <> l1.l_suppkey)", "Plans": [{"Node Type": "Merge Join", "Parent Relationship": "Outer", "Join Type": "Inner", "Startup Cost": 3020378986896.29, "Total Cost": 5000758513752.19, "Plan Rows": 9655, "Plan Width": 50, "Inner Unique": true, "Merge Cond": "(l1.l_orderkey = orders.o_orderkey)", "Plans": [{"Node Type": "Merge Join", "Parent Relationship": "Outer", "Join Type": "Anti", "Startup Cost": 3010342561279.47, "Total Cost": 4000681647576.29, "Plan Rows": 7635, "Plan Width": 42, "Inner Unique": false, "Merge Cond": "(l1.l_orderkey = l3.l_orderkey)", "Join Filter": "(l3.l_suppkey <> l1.l_suppkey)", "Plans": [{"Node Type": "Sort", "Parent Relationship": "Outer", "Startup Cost": 3000342561279.47, "Total Cost": 3000342561661.23, "Plan Rows": 152707, "Plan Width": 42, "Sort Key": ["l1.l_orderkey"], "Plans": [{"Node Type": "Merge Join", "Parent Relationship": "Outer", "Join Type": "Inner", "Startup Cost": 2010342526246.89, "Total Cost": 3000342548131.08, "Plan Rows": 152707, "Plan Width": 42, "Inner Unique": false, "Merge Cond": "(nation.n_nationkey = supplier.s_nationkey)", "Plans": [{"Node Type": "Index Scan", "Parent Relationship": "Outer", "Scan Direction": "Forward", "Index Name": "nation_pkey", "Relation Name": "nation", "Alias": "nation", "Startup Cost": 10000000000.0, "Total Cost": 1000000001268.75, "Plan Rows": 1, "Plan Width": 4, "Filter": "(n_name = 'EGYPT'::bpchar)"}, {"Node Type": "Sort", "Parent Relationship": "Inner", "Startup Cost": 2000342526246.89, "Total Cost": 2000342535791.08, "Plan Rows": 3817674, "Plan Width": 46, "Sort Key": ["supplier.s_nationkey"], "Plans": [{"Node Type": "Merge Join", "Parent Relationship": "Outer", "Join Type": "Inner", "Startup Cost": 1010341436937.06, "Total Cost": 2000342108893.76, "Plan Rows": 3817674, "Plan Width": 46, "Inner Unique": false, "Merge Cond": "(supplier.s_suppkey = l1.l_suppkey)", "Plans": [{"Node Type": "Index Scan", "Parent Relationship": "Outer", "Scan Direction": "Forward", "Index Name": "supplier_pkey", "Relation Name": "supplier", "Alias": "supplier", "Startup Cost": 10000000000.0, "Total Cost": 1000000533571.43, "Plan Rows": 100000, "Plan Width": 38}, {"Node Type": "Sort", "Parent Relationship": "Inner", "Startup Cost": 1000341436927.13, "Total Cost": 1000341486916.32, "Plan Rows": 19995678, "Plan Width": 16, "Sort Key": ["l1.l_suppkey"], "Plans": [{"Node Type": "Index Scan", "Parent Relationship": "Outer", "Scan Direction": "Forward", "Index Name": "idx_lineitem_orderkey", "Relation Name": "lineitem", "Alias": "l1", "Startup Cost": 10000000000.0, "Total Cost": 1000339012132.75, "Plan Rows": 19995678, "Plan Width": 16, "Filter": "(l_receiptdate > l_commitdate), (LLVM Optimized)"}]}]}]}]}]}, {"Node Type": "Index Scan", "Parent Relationship": "Inner", "Scan Direction": "Forward", "Index Name": "idx_lineitem_orderkey", "Relation Name": "lineitem", "Alias": "l3", "Startup Cost": 10000000000.0, "Total Cost": 1000339012132.75, "Plan Rows": 19995678, "Plan Width": 16, "Filter": "(l_receiptdate > l_commitdate), (LLVM Optimized)"}]}, {"Node Type": "Index Scan", "Parent Relationship": "Inner", "Scan Direction": "Forward", "Index Name": "orders_pkey", "Relation Name": "orders", "Alias": "orders", "Startup Cost": 10000000000.0, "Total Cost": 1000076847713.25, "Plan Rows": 7338812, "Plan Width": 8, "Filter": "(o_orderstatus = 'F'::bpchar), (LLVM Optimized)"}]}, {"Node Type": "Index Scan", "Parent Relationship": "Inner", "Scan Direction": "Forward", "Index Name": "idx_lineitem_orderkey", "Relation Name": "lineitem", "Alias": "l2", "Startup Cost": 10000000000.0, "Total Cost": 1000324015374.5, "Plan Rows": 59987033, "Plan Width": 16}]}]}]}]}, "Unique SQL Id": 3870093320}, "explain_analyze_plan": null}, "(1, 96)": {"explain_plan": {"Plan": {"Node Type": "Limit", "Startup Cost": 2300808.41, "Total Cost": 2300808.66, "Plan Rows": 100, "Plan Width": 26, "Plans": [{"Node Type": "Sort", "Parent Relationship": "Outer", "Startup Cost": 2300808.41, "Total Cost": 2300831.34, "Plan Rows": 100, "Plan Width": 26, "Sort Key": ["(count(*)) DESC", "supplier.s_name"], "Plans": [{"Node Type": "Aggregate", "Strategy": "Hashed", "Parent Relationship": "Outer", "Startup Cost": 2300366.14, "Total Cost": 2300457.86, "Plan Rows": 9172, "Plan Width": 26, "Group By Key": ["supplier.s_name"], "Plans": [{"Node Type": "Nested Loop", "Parent Relationship": "Outer", "Join Type": "Inner", "Startup Cost": 2583.35, "Total Cost": 2300320.28, "Plan Rows": 9172, "Plan Width": 26, "Inner Unique": true, "Join Filter": "(l1.l_orderkey = orders.o_orderkey)", "Plans": [{"Node Type": "Nested Loop", "Parent Relationship": "Outer", "Join Type": "Semi", "Startup Cost": 2583.35, "Total Cost": 2293219.91, "Plan Rows": 7254, "Plan Width": 42, "Inner Unique": false, "Plans": [{"Node Type": "Nested Loop", "Parent Relationship": "Outer", "Join Type": "Anti", "Startup Cost": 2583.35, "Total Cost": 2291364.34, "Plan Rows": 7635, "Plan Width": 42, "Inner Unique": false, "Plans": [{"Node Type": "Hash Join", "Parent Relationship": "Outer", "Join Type": "Inner", "Startup Cost": 2583.35, "Total Cost": 2244177.13, "Plan Rows": 152707, "Plan Width": 42, "Inner Unique": false, "Hash Cond": "(l1.l_suppkey = supplier.s_suppkey), (LLVM Optimized)", "Plans": [{"Node Type": "Seq Scan", "Parent Relationship": "Outer", "Relation Name": "lineitem", "Alias": "l1", "Startup Cost": 0.0, "Total Cost": 2165082.91, "Plan Rows": 19995678, "Plan Width": 16, "Filter": "(l_receiptdate > l_commitdate), (LLVM Optimized)"}, {"Node Type": "Hash", "Parent Relationship": "Inner", "Startup Cost": 2533.35, "Total Cost": 2533.35, "Plan Rows": 4000, "Plan Width": 34, "Plans": [{"Node Type": "Nested Loop", "Parent Relationship": "Outer", "Join Type": "Inner", "Startup Cost": 95.25, "Total Cost": 2533.35, "Plan Rows": 4000, "Plan Width": 34, "Inner Unique": false, "Plans": [{"Node Type": "Seq Scan", "Parent Relationship": "Outer", "Relation Name": "nation", "Alias": "nation", "Startup Cost": 0.0, "Total Cost": 1.31, "Plan Rows": 1, "Plan Width": 4, "Filter": "(n_name = 'EGYPT'::bpchar)"}, {"Node Type": "Bitmap Heap Scan", "Parent Relationship": "Inner", "Relation Name": "supplier", "Alias": "supplier", "Startup Cost": 95.25, "Total Cost": 2492.04, "Plan Rows": 4000, "Plan Width": 38, "Recheck Cond": "(s_nationkey = nation.n_nationkey)", "Plans": [{"Node Type": "Bitmap Index Scan", "Parent Relationship": "Outer", "Index Name": "idx_supplier_nation_key", "Startup Cost": 0.0, "Total Cost": 94.25, "Plan Rows": 4000, "Plan Width": 0, "Index Cond": "(s_nationkey = nation.n_nationkey)"}]}]}]}]}, {"Node Type": "Index Scan", "Parent Relationship": "Inner", "Scan Direction": "Forward", "Index Name": "idx_lineitem_orderkey", "Relation Name": "lineitem", "Alias": "l3", "Startup Cost": 0.0, "Total Cost": 1.63, "Plan Rows": 3, "Plan Width": 16, "Index Cond": "(l_orderkey = l1.l_orderkey)", "Filter": "((l_receiptdate > l_commitdate) AND (l_suppkey <> l1.l_suppkey))"}]}, {"Node Type": "Index Scan", "Parent Relationship": "Inner", "Scan Direction": "Forward", "Index Name": "idx_lineitem_orderkey", "Relation Name": "lineitem", "Alias": "l2", "Startup Cost": 0.0, "Total Cost": 1.63, "Plan Rows": 9, "Plan Width": 16, "Index Cond": "(l_orderkey = l1.l_orderkey)", "Filter": "(l_suppkey <> l1.l_suppkey)"}]}, {"Node Type": "Index Scan", "Parent Relationship": "Inner", "Scan Direction": "Forward", "Index Name": "orders_pkey", "Relation Name": "orders", "Alias": "orders", "Startup Cost": 0.0, "Total Cost": 0.97, "Plan Rows": 1, "Plan Width": 8, "Index Cond": "(o_orderkey = l2.l_orderkey)", "Filter": "(o_orderstatus = 'F'::bpchar)"}]}]}]}]}, "Unique SQL Id": 3870093320}, "explain_analyze_plan": {"Plan": {"Node Type": "Limit", "Startup Cost": 2300808.41, "Total Cost": 2300808.66, "Plan Rows": 100, "Plan Width": 26, "Actual Startup Time": 44160.852, "Actual Total Time": 44160.878, "Actual Rows": 100, "Actual Loops": 1, "Plans": [{"Node Type": "Sort", "Parent Relationship": "Outer", "Startup Cost": 2300808.41, "Total Cost": 2300831.34, "Plan Rows": 100, "Plan Width": 26, "Actual Startup Time": 44160.849, "Actual Total Time": 44160.869, "Actual Rows": 100, "Actual Loops": 1, "Sort Key": ["(count(*)) DESC", "supplier.s_name"], "Sort Method": "top-N heapsort", "Sort Space Used": 41, "Sort Space Type": "Memory", "Plans": [{"Node Type": "Aggregate", "Strategy": "Hashed", "Parent Relationship": "Outer", "Startup Cost": 2300366.14, "Total Cost": 2300457.86, "Plan Rows": 9172, "Plan Width": 26, "Actual Startup Time": 44157.449, "Actual Total Time": 44158.792, "Actual Rows": 3981, "Actual Loops": 1, "Group By Key": ["supplier.s_name"], "Plans": [{"Node Type": "Nested Loop", "Parent Relationship": "Outer", "Join Type": "Inner", "Startup Cost": 2583.35, "Total Cost": 2300320.28, "Plan Rows": 9172, "Plan Width": 26, "Actual Startup Time": 9.374, "Actual Total Time": 44086.295, "Actual Rows": 39445, "Actual Loops": 1, "Inner Unique": true, "Join Filter": "(l1.l_orderkey = orders.o_orderkey)", "Rows Removed by Join Filter": 0, "Plans": [{"Node Type": "Nested Loop", "Parent Relationship": "Outer", "Join Type": "Semi", "Startup Cost": 2583.35, "Total Cost": 2293219.91, "Plan Rows": 7254, "Plan Width": 42, "Actual Startup Time": 9.355, "Actual Total Time": 43457.892, "Actual Rows": 80537, "Actual Loops": 1, "Inner Unique": false, "Plans": [{"Node Type": "Nested Loop", "Parent Relationship": "Outer", "Join Type": "Anti", "Startup Cost": 2583.35, "Total Cost": 2291364.34, "Plan Rows": 7635, "Plan Width": 42, "Actual Startup Time": 9.068, "Actual Total Time": 42842.367, "Actual Rows": 135110, "Actual Loops": 1, "Inner Unique": false, "Plans": [{"Node Type": "Hash Join", "Parent Relationship": "Outer", "Join Type": "Inner", "Startup Cost": 2583.35, "Total Cost": 2244177.13, "Plan Rows": 152707, "Plan Width": 42, "Actual Startup Time": 8.439, "Actual Total Time": 33997.816, "Actual Rows": 1511024, "Actual Loops": 1, "Inner Unique": false, "Hash Cond": "(l1.l_suppkey = supplier.s_suppkey), (LLVM Optimized, Jit Execute)", "Plans": [{"Node Type": "Seq Scan", "Parent Relationship": "Outer", "Relation Name": "lineitem", "Alias": "l1", "Startup Cost": 0.0, "Total Cost": 2165082.91, "Plan Rows": 19995678, "Plan Width": 16, "Actual Startup Time": 0.029, "Actual Total Time": 25409.088, "Actual Rows": 37929348, "Actual Loops": 1, "Filter": "(l_receiptdate > l_commitdate), (LLVM Optimized, Jit Execute)", "Rows Removed by Filter": 22056704}, {"Node Type": "Hash", "Parent Relationship": "Inner", "Startup Cost": 2533.35, "Total Cost": 2533.35, "Plan Rows": 4000, "Plan Width": 34, "Actual Startup Time": 8.311, "Actual Total Time": 8.311, "Actual Rows": 3981, "Actual Loops": 1, "Hash Buckets": 32768, "Hash Batches": 1, "Original Hash Batches": 1, "Peak Memory Usage": 280, "Plans": [{"Node Type": "Nested Loop", "Parent Relationship": "Outer", "Join Type": "Inner", "Startup Cost": 95.25, "Total Cost": 2533.35, "Plan Rows": 4000, "Plan Width": 34, "Actual Startup Time": 1.005, "Actual Total Time": 6.936, "Actual Rows": 3981, "Actual Loops": 1, "Inner Unique": false, "Plans": [{"Node Type": "Seq Scan", "Parent Relationship": "Outer", "Relation Name": "nation", "Alias": "nation", "Startup Cost": 0.0, "Total Cost": 1.31, "Plan Rows": 1, "Plan Width": 4, "Actual Startup Time": 0.016, "Actual Total Time": 0.03, "Actual Rows": 1, "Actual Loops": 1, "Filter": "(n_name = 'EGYPT'::bpchar)", "Rows Removed by Filter": 24}, {"Node Type": "Bitmap Heap Scan", "Parent Relationship": "Inner", "Relation Name": "supplier", "Alias": "supplier", "Startup Cost": 95.25, "Total Cost": 2492.04, "Plan Rows": 4000, "Plan Width": 38, "Actual Startup Time": 0.981, "Actual Total Time": 6.079, "Actual Rows": 3981, "Actual Loops": 1, "Recheck Cond": "(s_nationkey = nation.n_nationkey)", "Rows Removed by Index Recheck": 0, "Exact Heap Blocks": 1918, "Lossy Heap Blocks": 1918, "Plans": [{"Node Type": "Bitmap Index Scan", "Parent Relationship": "Outer", "Index Name": "idx_supplier_nation_key", "Startup Cost": 0.0, "Total Cost": 94.25, "Plan Rows": 4000, "Plan Width": 0, "Actual Startup Time": 0.681, "Actual Total Time": 0.681, "Actual Rows": 3981, "Actual Loops": 1, "Index Cond": "(s_nationkey = nation.n_nationkey)"}]}]}]}]}, {"Node Type": "Index Scan", "Parent Relationship": "Inner", "Scan Direction": "Forward", "Index Name": "idx_lineitem_orderkey", "Relation Name": "lineitem", "Alias": "l3", "Startup Cost": 0.0, "Total Cost": 1.63, "Plan Rows": 3, "Plan Width": 16, "Actual Startup Time": 7867.724, "Actual Total Time": 7867.724, "Actual Rows": 1375914, "Actual Loops": 1511024, "Index Cond": "(l_orderkey = l1.l_orderkey)", "Rows Removed by Index Recheck": 0, "Filter": "((l_receiptdate > l_commitdate) AND (l_suppkey <> l1.l_suppkey))", "Rows Removed by Filter": 1348115}]}, {"Node Type": "Index Scan", "Parent Relationship": "Inner", "Scan Direction": "Forward", "Index Name": "idx_lineitem_orderkey", "Relation Name": "lineitem", "Alias": "l2", "Startup Cost": 0.0, "Total Cost": 1.63, "Plan Rows": 9, "Plan Width": 16, "Actual Startup Time": 504.038, "Actual Total Time": 504.038, "Actual Rows": 80537, "Actual Loops": 135110, "Index Cond": "(l_orderkey = l1.l_orderkey)", "Rows Removed by Index Recheck": 0, "Filter": "(l_suppkey <> l1.l_suppkey)", "Rows Removed by Filter": 85912}]}, {"Node Type": "Index Scan", "Parent Relationship": "Inner", "Scan Direction": "Forward", "Index Name": "orders_pkey", "Relation Name": "orders", "Alias": "orders", "Startup Cost": 0.0, "Total Cost": 0.97, "Plan Rows": 1, "Plan Width": 8, "Actual Startup Time": 547.334, "Actual Total Time": 547.334, "Actual Rows": 39445, "Actual Loops": 80537, "Index Cond": "(o_orderkey = l2.l_orderkey)", "Rows Removed by Index Recheck": 0, "Filter": "(o_orderstatus = 'F'::bpchar)", "Rows Removed by Filter": 41092}]}]}]}]}, "Triggers": [], "Planner Runtime": 7.388, "Total Runtime": 44170.065, "Unique SQL Id": 3870093320}}, "(1, 97)": {"explain_plan": {"Plan": {"Node Type": "Limit", "Startup Cost": 3525858.2, "Total Cost": 3525858.45, "Plan Rows": 100, "Plan Width": 26, "Plans": [{"Node Type": "Sort", "Parent Relationship": "Outer", "Startup Cost": 3525858.2, "Total Cost": 3525881.13, "Plan Rows": 100, "Plan Width": 26, "Sort Key": ["(count(*)) DESC", "supplier.s_name"], "Plans": [{"Node Type": "Aggregate", "Strategy": "Hashed", "Parent Relationship": "Outer", "Startup Cost": 3525415.93, "Total Cost": 3525507.65, "Plan Rows": 9172, "Plan Width": 26, "Group By Key": ["supplier.s_name"], "Plans": [{"Node Type": "Nested Loop", "Parent Relationship": "Outer", "Join Type": "Inner", "Startup Cost": 2594.73, "Total Cost": 3525370.07, "Plan Rows": 9172, "Plan Width": 26, "Inner Unique": true, "Join Filter": "(l1.l_orderkey = orders.o_orderkey)", "Plans": [{"Node Type": "Nested Loop", "Parent Relationship": "Outer", "Join Type": "Semi", "Startup Cost": 2594.73, "Total Cost": 3518269.7, "Plan Rows": 7254, "Plan Width": 42, "Inner Unique": false, "Plans": [{"Node Type": "Nested Loop", "Parent Relationship": "Outer", "Join Type": "Anti", "Startup Cost": 2594.73, "Total Cost": 3516414.13, "Plan Rows": 7635, "Plan Width": 42, "Inner Unique": false, "Plans": [{"Node Type": "Hash Join", "Parent Relationship": "Outer", "Join Type": "Inner", "Startup Cost": 2594.73, "Total Cost": 3469226.92, "Plan Rows": 152707, "Plan Width": 42, "Inner Unique": false, "Hash Cond": "(l1.l_suppkey = supplier.s_suppkey), (LLVM Optimized)", "Plans": [{"Node Type": "Index Scan", "Parent Relationship": "Outer", "Scan Direction": "Forward", "Index Name": "idx_lineitem_orderkey", "Relation Name": "lineitem", "Alias": "l1", "Startup Cost": 0.0, "Total Cost": 3390121.33, "Plan Rows": 19995678, "Plan Width": 16, "Filter": "(l_receiptdate > l_commitdate), (LLVM Optimized)"}, {"Node Type": "Hash", "Parent Relationship": "Inner", "Startup Cost": 2544.73, "Total Cost": 2544.73, "Plan Rows": 4000, "Plan Width": 34, "Plans": [{"Node Type": "Nested Loop", "Parent Relationship": "Outer", "Join Type": "Inner", "Startup Cost": 95.25, "Total Cost": 2544.73, "Plan Rows": 4000, "Plan Width": 34, "Inner Unique": false, "Plans": [{"Node Type": "Index Scan", "Parent Relationship": "Outer", "Scan Direction": "Forward", "Index Name": "nation_pkey", "Relation Name": "nation", "Alias": "nation", "Startup Cost": 0.0, "Total Cost": 12.69, "Plan Rows": 1, "Plan Width": 4, "Filter": "(n_name = 'EGYPT'::bpchar)"}, {"Node Type": "Bitmap Heap Scan", "Parent Relationship": "Inner", "Relation Name": "supplier", "Alias": "supplier", "Startup Cost": 95.25, "Total Cost": 2492.04, "Plan Rows": 4000, "Plan Width": 38, "Recheck Cond": "(s_nationkey = nation.n_nationkey)", "Plans": [{"Node Type": "Bitmap Index Scan", "Parent Relationship": "Outer", "Index Name": "idx_supplier_nation_key", "Startup Cost": 0.0, "Total Cost": 94.25, "Plan Rows": 4000, "Plan Width": 0, "Index Cond": "(s_nationkey = nation.n_nationkey)"}]}]}]}]}, {"Node Type": "Index Scan", "Parent Relationship": "Inner", "Scan Direction": "Forward", "Index Name": "idx_lineitem_orderkey", "Relation Name": "lineitem", "Alias": "l3", "Startup Cost": 0.0, "Total Cost": 1.63, "Plan Rows": 3, "Plan Width": 16, "Index Cond": "(l_orderkey = l1.l_orderkey)", "Filter": "((l_receiptdate > l_commitdate) AND (l_suppkey <> l1.l_suppkey))"}]}, {"Node Type": "Index Scan", "Parent Relationship": "Inner", "Scan Direction": "Forward", "Index Name": "idx_lineitem_orderkey", "Relation Name": "lineitem", "Alias": "l2", "Startup Cost": 0.0, "Total Cost": 1.63, "Plan Rows": 9, "Plan Width": 16, "Index Cond": "(l_orderkey = l1.l_orderkey)", "Filter": "(l_suppkey <> l1.l_suppkey)"}]}, {"Node Type": "Index Scan", "Parent Relationship": "Inner", "Scan Direction": "Forward", "Index Name": "orders_pkey", "Relation Name": "orders", "Alias": "orders", "Startup Cost": 0.0, "Total Cost": 0.97, "Plan Rows": 1, "Plan Width": 8, "Index Cond": "(o_orderkey = l2.l_orderkey)", "Filter": "(o_orderstatus = 'F'::bpchar)"}]}]}]}]}, "Unique SQL Id": 3870093320}, "explain_analyze_plan": {"Plan": {"Node Type": "Limit", "Startup Cost": 3525858.2, "Total Cost": 3525858.45, "Plan Rows": 100, "Plan Width": 26, "Actual Startup Time": 66328.983, "Actual Total Time": 66328.998, "Actual Rows": 100, "Actual Loops": 1, "Plans": [{"Node Type": "Sort", "Parent Relationship": "Outer", "Startup Cost": 3525858.2, "Total Cost": 3525881.13, "Plan Rows": 100, "Plan Width": 26, "Actual Startup Time": 66328.981, "Actual Total Time": 66328.983, "Actual Rows": 100, "Actual Loops": 1, "Sort Key": ["(count(*)) DESC", "supplier.s_name"], "Sort Method": "top-N heapsort", "Sort Space Used": 41, "Sort Space Type": "Memory", "Plans": [{"Node Type": "Aggregate", "Strategy": "Hashed", "Parent Relationship": "Outer", "Startup Cost": 3525415.93, "Total Cost": 3525507.65, "Plan Rows": 9172, "Plan Width": 26, "Actual Startup Time": 66325.713, "Actual Total Time": 66326.889, "Actual Rows": 3981, "Actual Loops": 1, "Group By Key": ["supplier.s_name"], "Plans": [{"Node Type": "Nested Loop", "Parent Relationship": "Outer", "Join Type": "Inner", "Startup Cost": 2594.73, "Total Cost": 3525370.07, "Plan Rows": 9172, "Plan Width": 26, "Actual Startup Time": 9.758, "Actual Total Time": 66254.92, "Actual Rows": 39445, "Actual Loops": 1, "Inner Unique": true, "Join Filter": "(l1.l_orderkey = orders.o_orderkey)", "Rows Removed by Join Filter": 0, "Plans": [{"Node Type": "Nested Loop", "Parent Relationship": "Outer", "Join Type": "Semi", "Startup Cost": 2594.73, "Total Cost": 3518269.7, "Plan Rows": 7254, "Plan Width": 42, "Actual Startup Time": 9.738, "Actual Total Time": 65597.437, "Actual Rows": 80537, "Actual Loops": 1, "Inner Unique": false, "Plans": [{"Node Type": "Nested Loop", "Parent Relationship": "Outer", "Join Type": "Anti", "Startup Cost": 2594.73, "Total Cost": 3516414.13, "Plan Rows": 7635, "Plan Width": 42, "Actual Startup Time": 9.36, "Actual Total Time": 64964.719, "Actual Rows": 135110, "Actual Loops": 1, "Inner Unique": false, "Plans": [{"Node Type": "Hash Join", "Parent Relationship": "Outer", "Join Type": "Inner", "Startup Cost": 2594.73, "Total Cost": 3469226.92, "Plan Rows": 152707, "Plan Width": 42, "Actual Startup Time": 8.552, "Actual Total Time": 56797.185, "Actual Rows": 1511024, "Actual Loops": 1, "Inner Unique": false, "Hash Cond": "(l1.l_suppkey = supplier.s_suppkey), (LLVM Optimized, Jit Execute)", "Plans": [{"Node Type": "Index Scan", "Parent Relationship": "Outer", "Scan Direction": "Forward", "Index Name": "idx_lineitem_orderkey", "Relation Name": "lineitem", "Alias": "l1", "Startup Cost": 0.0, "Total Cost": 3390121.33, "Plan Rows": 19995678, "Plan Width": 16, "Actual Startup Time": 0.036, "Actual Total Time": 48747.291, "Actual Rows": 37929348, "Actual Loops": 1, "Filter": "(l_receiptdate > l_commitdate), (LLVM Optimized, Jit Execute)", "Rows Removed by Filter": 22056704}, {"Node Type": "Hash", "Parent Relationship": "Inner", "Startup Cost": 2544.73, "Total Cost": 2544.73, "Plan Rows": 4000, "Plan Width": 34, "Actual Startup Time": 8.395, "Actual Total Time": 8.395, "Actual Rows": 3981, "Actual Loops": 1, "Hash Buckets": 32768, "Hash Batches": 1, "Original Hash Batches": 1, "Peak Memory Usage": 280, "Plans": [{"Node Type": "Nested Loop", "Parent Relationship": "Outer", "Join Type": "Inner", "Startup Cost": 95.25, "Total Cost": 2544.73, "Plan Rows": 4000, "Plan Width": 34, "Actual Startup Time": 0.997, "Actual Total Time": 7.019, "Actual Rows": 3981, "Actual Loops": 1, "Inner Unique": false, "Plans": [{"Node Type": "Index Scan", "Parent Relationship": "Outer", "Scan Direction": "Forward", "Index Name": "nation_pkey", "Relation Name": "nation", "Alias": "nation", "Startup Cost": 0.0, "Total Cost": 12.69, "Plan Rows": 1, "Plan Width": 4, "Actual Startup Time": 0.011, "Actual Total Time": 0.029, "Actual Rows": 1, "Actual Loops": 1, "Filter": "(n_name = 'EGYPT'::bpchar)", "Rows Removed by Filter": 24}, {"Node Type": "Bitmap Heap Scan", "Parent Relationship": "Inner", "Relation Name": "supplier", "Alias": "supplier", "Startup Cost": 95.25, "Total Cost": 2492.04, "Plan Rows": 4000, "Plan Width": 38, "Actual Startup Time": 0.98, "Actual Total Time": 6.17, "Actual Rows": 3981, "Actual Loops": 1, "Recheck Cond": "(s_nationkey = nation.n_nationkey)", "Rows Removed by Index Recheck": 0, "Exact Heap Blocks": 1918, "Lossy Heap Blocks": 1918, "Plans": [{"Node Type": "Bitmap Index Scan", "Parent Relationship": "Outer", "Index Name": "idx_supplier_nation_key", "Startup Cost": 0.0, "Total Cost": 94.25, "Plan Rows": 4000, "Plan Width": 0, "Actual Startup Time": 0.686, "Actual Total Time": 0.686, "Actual Rows": 3981, "Actual Loops": 1, "Index Cond": "(s_nationkey = nation.n_nationkey)"}]}]}]}]}, {"Node Type": "Index Scan", "Parent Relationship": "Inner", "Scan Direction": "Forward", "Index Name": "idx_lineitem_orderkey", "Relation Name": "lineitem", "Alias": "l3", "Startup Cost": 0.0, "Total Cost": 1.63, "Plan Rows": 3, "Plan Width": 16, "Actual Startup Time": 7166.725, "Actual Total Time": 7166.725, "Actual Rows": 1375914, "Actual Loops": 1511024, "Index Cond": "(l_orderkey = l1.l_orderkey)", "Rows Removed by Index Recheck": 0, "Filter": "((l_receiptdate > l_commitdate) AND (l_suppkey <> l1.l_suppkey))", "Rows Removed by Filter": 1348115}]}, {"Node Type": "Index Scan", "Parent Relationship": "Inner", "Scan Direction": "Forward", "Index Name": "idx_lineitem_orderkey", "Relation Name": "lineitem", "Alias": "l2", "Startup Cost": 0.0, "Total Cost": 1.63, "Plan Rows": 9, "Plan Width": 16, "Actual Startup Time": 509.545, "Actual Total Time": 509.545, "Actual Rows": 80537, "Actual Loops": 135110, "Index Cond": "(l_orderkey = l1.l_orderkey)", "Rows Removed by Index Recheck": 0, "Filter": "(l_suppkey <> l1.l_suppkey)", "Rows Removed by Filter": 85912}]}, {"Node Type": "Index Scan", "Parent Relationship": "Inner", "Scan Direction": "Forward", "Index Name": "orders_pkey", "Relation Name": "orders", "Alias": "orders", "Startup Cost": 0.0, "Total Cost": 0.97, "Plan Rows": 1, "Plan Width": 8, "Actual Startup Time": 569.841, "Actual Total Time": 569.841, "Actual Rows": 39445, "Actual Loops": 80537, "Index Cond": "(o_orderkey = l2.l_orderkey)", "Rows Removed by Index Recheck": 0, "Filter": "(o_orderstatus = 'F'::bpchar)", "Rows Removed by Filter": 41092}]}]}]}]}, "Triggers": [], "Planner Runtime": 7.315, "Total Runtime": 66338.102, "Unique SQL Id": 3870093320}}, "(1, 98)": {"explain_plan": {"Plan": {"Node Type": "Limit", "Startup Cost": 2652117.64, "Total Cost": 2652117.89, "Plan Rows": 100, "Plan Width": 26, "Plans": [{"Node Type": "Sort", "Parent Relationship": "Outer", "Startup Cost": 2652117.64, "Total Cost": 2652140.57, "Plan Rows": 100, "Plan Width": 26, "Sort Key": ["(count(*)) DESC", "supplier.s_name"], "Plans": [{"Node Type": "Aggregate", "Strategy": "Hashed", "Parent Relationship": "Outer", "Startup Cost": 2651675.37, "Total Cost": 2651767.09, "Plan Rows": 9172, "Plan Width": 26, "Group By Key": ["supplier.s_name"], "Plans": [{"Node Type": "Nested Loop", "Parent Relationship": "Outer", "Join Type": "Inner", "Startup Cost": 2585.6, "Total Cost": 2651629.51, "Plan Rows": 9172, "Plan Width": 26, "Inner Unique": true, "Join Filter": "(l1.l_orderkey = orders.o_orderkey)", "Plans": [{"Node Type": "Nested Loop", "Parent Relationship": "Outer", "Join Type": "Semi", "Startup Cost": 2585.0, "Total Cost": 2618068.76, "Plan Rows": 7254, "Plan Width": 42, "Inner Unique": false, "Plans": [{"Node Type": "Nested Loop", "Parent Relationship": "Outer", "Join Type": "Anti", "Startup Cost": 2584.17, "Total Cost": 2602890.2, "Plan Rows": 7635, "Plan Width": 42, "Inner Unique": false, "Plans": [{"Node Type": "Hash Join", "Parent Relationship": "Outer", "Join Type": "Inner", "Startup Cost": 2583.35, "Total Cost": 2244177.13, "Plan Rows": 152707, "Plan Width": 42, "Inner Unique": false, "Hash Cond": "(l1.l_suppkey = supplier.s_suppkey), (LLVM Optimized)", "Plans": [{"Node Type": "Seq Scan", "Parent Relationship": "Outer", "Relation Name": "lineitem", "Alias": "l1", "Startup Cost": 0.0, "Total Cost": 2165082.91, "Plan Rows": 19995678, "Plan Width": 16, "Filter": "(l_receiptdate > l_commitdate), (LLVM Optimized)"}, {"Node Type": "Hash", "Parent Relationship": "Inner", "Startup Cost": 2533.35, "Total Cost": 2533.35, "Plan Rows": 4000, "Plan Width": 34, "Plans": [{"Node Type": "Nested Loop", "Parent Relationship": "Outer", "Join Type": "Inner", "Startup Cost": 95.25, "Total Cost": 2533.35, "Plan Rows": 4000, "Plan Width": 34, "Inner Unique": false, "Plans": [{"Node Type": "Seq Scan", "Parent Relationship": "Outer", "Relation Name": "nation", "Alias": "nation", "Startup Cost": 0.0, "Total Cost": 1.31, "Plan Rows": 1, "Plan Width": 4, "Filter": "(n_name = 'EGYPT'::bpchar)"}, {"Node Type": "Bitmap Heap Scan", "Parent Relationship": "Inner", "Relation Name": "supplier", "Alias": "supplier", "Startup Cost": 95.25, "Total Cost": 2492.04, "Plan Rows": 4000, "Plan Width": 38, "Recheck Cond": "(s_nationkey = nation.n_nationkey)", "Plans": [{"Node Type": "Bitmap Index Scan", "Parent Relationship": "Outer", "Index Name": "idx_supplier_nation_key", "Startup Cost": 0.0, "Total Cost": 94.25, "Plan Rows": 4000, "Plan Width": 0, "Index Cond": "(s_nationkey = nation.n_nationkey)"}]}]}]}]}, {"Node Type": "Bitmap Heap Scan", "Parent Relationship": "Inner", "Relation Name": "lineitem", "Alias": "l3", "Startup Cost": 0.82, "Total Cost": 8.97, "Plan Rows": 3, "Plan Width": 16, "Recheck Cond": "(l_orderkey = l1.l_orderkey)", "Filter": "((l_receiptdate > l_commitdate) AND (l_suppkey <> l1.l_suppkey))", "Plans": [{"Node Type": "Bitmap Index Scan", "Parent Relationship": "Outer", "Index Name": "idx_lineitem_orderkey", "Startup Cost": 0.0, "Total Cost": 0.82, "Plan Rows": 9, "Plan Width": 0, "Index Cond": "(l_orderkey = l1.l_orderkey)"}]}]}, {"Node Type": "Bitmap Heap Scan", "Parent Relationship": "Inner", "Relation Name": "lineitem", "Alias": "l2", "Startup Cost": 0.82, "Total Cost": 8.95, "Plan Rows": 9, "Plan Width": 16, "Recheck Cond": "(l_orderkey = l1.l_orderkey)", "Filter": "(l_suppkey <> l1.l_suppkey)", "Plans": [{"Node Type": "Bitmap Index Scan", "Parent Relationship": "Outer", "Index Name": "idx_lineitem_orderkey", "Startup Cost": 0.0, "Total Cost": 0.82, "Plan Rows": 9, "Plan Width": 0, "Index Cond": "(l_orderkey = l1.l_orderkey)"}]}]}, {"Node Type": "Bitmap Heap Scan", "Parent Relationship": "Inner", "Relation Name": "orders", "Alias": "orders", "Startup Cost": 0.6, "Total Cost": 4.61, "Plan Rows": 1, "Plan Width": 8, "Recheck Cond": "(o_orderkey = l2.l_orderkey)", "Filter": "(o_orderstatus = 'F'::bpchar)", "Plans": [{"Node Type": "Bitmap Index Scan", "Parent Relationship": "Outer", "Index Name": "orders_pkey", "Startup Cost": 0.0, "Total Cost": 0.6, "Plan Rows": 1, "Plan Width": 0, "Index Cond": "(o_orderkey = l2.l_orderkey)"}]}]}]}]}]}, "Unique SQL Id": 3870093320}, "explain_analyze_plan": {"Plan": {"Node Type": "Limit", "Startup Cost": 2652117.64, "Total Cost": 2652117.89, "Plan Rows": 100, "Plan Width": 26, "Actual Startup Time": 48542.548, "Actual Total Time": 48542.566, "Actual Rows": 100, "Actual Loops": 1, "Plans": [{"Node Type": "Sort", "Parent Relationship": "Outer", "Startup Cost": 2652117.64, "Total Cost": 2652140.57, "Plan Rows": 100, "Plan Width": 26, "Actual Startup Time": 48542.546, "Actual Total Time": 48542.554, "Actual Rows": 100, "Actual Loops": 1, "Sort Key": ["(count(*)) DESC", "supplier.s_name"], "Sort Method": "top-N heapsort", "Sort Space Used": 41, "Sort Space Type": "Memory", "Plans": [{"Node Type": "Aggregate", "Strategy": "Hashed", "Parent Relationship": "Outer", "Startup Cost": 2651675.37, "Total Cost": 2651767.09, "Plan Rows": 9172, "Plan Width": 26, "Actual Startup Time": 48539.063, "Actual Total Time": 48540.513, "Actual Rows": 3981, "Actual Loops": 1, "Group By Key": ["supplier.s_name"], "Plans": [{"Node Type": "Nested Loop", "Parent Relationship": "Outer", "Join Type": "Inner", "Startup Cost": 2585.6, "Total Cost": 2651629.51, "Plan Rows": 9172, "Plan Width": 26, "Actual Startup Time": 11.989, "Actual Total Time": 48454.234, "Actual Rows": 39445, "Actual Loops": 1, "Inner Unique": true, "Join Filter": "(l1.l_orderkey = orders.o_orderkey)", "Rows Removed by Join Filter": 0, "Plans": [{"Node Type": "Nested Loop", "Parent Relationship": "Outer", "Join Type": "Semi", "Startup Cost": 2585.0, "Total Cost": 2618068.76, "Plan Rows": 7254, "Plan Width": 42, "Actual Startup Time": 11.965, "Actual Total Time": 47684.747, "Actual Rows": 80537, "Actual Loops": 1, "Inner Unique": false, "Plans": [{"Node Type": "Nested Loop", "Parent Relationship": "Outer", "Join Type": "Anti", "Startup Cost": 2584.17, "Total Cost": 2602890.2, "Plan Rows": 7635, "Plan Width": 42, "Actual Startup Time": 11.643, "Actual Total Time": 46787.199, "Actual Rows": 135110, "Actual Loops": 1, "Inner Unique": false, "Plans": [{"Node Type": "Hash Join", "Parent Relationship": "Outer", "Join Type": "Inner", "Startup Cost": 2583.35, "Total Cost": 2244177.13, "Plan Rows": 152707, "Plan Width": 42, "Actual Startup Time": 10.92, "Actual Total Time": 33938.332, "Actual Rows": 1511024, "Actual Loops": 1, "Inner Unique": false, "Hash Cond": "(l1.l_suppkey = supplier.s_suppkey), (LLVM Optimized, Jit Execute)", "Plans": [{"Node Type": "Seq Scan", "Parent Relationship": "Outer", "Relation Name": "lineitem", "Alias": "l1", "Startup Cost": 0.0, "Total Cost": 2165082.91, "Plan Rows": 19995678, "Plan Width": 16, "Actual Startup Time": 0.018, "Actual Total Time": 25391.367, "Actual Rows": 37929348, "Actual Loops": 1, "Filter": "(l_receiptdate > l_commitdate), (LLVM Optimized, Jit Execute)", "Rows Removed by Filter": 22056704}, {"Node Type": "Hash", "Parent Relationship": "Inner", "Startup Cost": 2533.35, "Total Cost": 2533.35, "Plan Rows": 4000, "Plan Width": 34, "Actual Startup Time": 10.809, "Actual Total Time": 10.809, "Actual Rows": 3981, "Actual Loops": 1, "Hash Buckets": 32768, "Hash Batches": 1, "Original Hash Batches": 1, "Peak Memory Usage": 280, "Plans": [{"Node Type": "Nested Loop", "Parent Relationship": "Outer", "Join Type": "Inner", "Startup Cost": 95.25, "Total Cost": 2533.35, "Plan Rows": 4000, "Plan Width": 34, "Actual Startup Time": 1.047, "Actual Total Time": 9.624, "Actual Rows": 3981, "Actual Loops": 1, "Inner Unique": false, "Plans": [{"Node Type": "Seq Scan", "Parent Relationship": "Outer", "Relation Name": "nation", "Alias": "nation", "Startup Cost": 0.0, "Total Cost": 1.31, "Plan Rows": 1, "Plan Width": 4, "Actual Startup Time": 0.017, "Actual Total Time": 0.026, "Actual Rows": 1, "Actual Loops": 1, "Filter": "(n_name = 'EGYPT'::bpchar)", "Rows Removed by Filter": 24}, {"Node Type": "Bitmap Heap Scan", "Parent Relationship": "Inner", "Relation Name": "supplier", "Alias": "supplier", "Startup Cost": 95.25, "Total Cost": 2492.04, "Plan Rows": 4000, "Plan Width": 38, "Actual Startup Time": 1.025, "Actual Total Time": 8.745, "Actual Rows": 3981, "Actual Loops": 1, "Recheck Cond": "(s_nationkey = nation.n_nationkey)", "Rows Removed by Index Recheck": 0, "Exact Heap Blocks": 1918, "Lossy Heap Blocks": 1918, "Plans": [{"Node Type": "Bitmap Index Scan", "Parent Relationship": "Outer", "Index Name": "idx_supplier_nation_key", "Startup Cost": 0.0, "Total Cost": 94.25, "Plan Rows": 4000, "Plan Width": 0, "Actual Startup Time": 0.733, "Actual Total Time": 0.733, "Actual Rows": 3981, "Actual Loops": 1, "Index Cond": "(s_nationkey = nation.n_nationkey)"}]}]}]}]}, {"Node Type": "Bitmap Heap Scan", "Parent Relationship": "Inner", "Relation Name": "lineitem", "Alias": "l3", "Startup Cost": 0.82, "Total Cost": 8.97, "Plan Rows": 3, "Plan Width": 16, "Actual Startup Time": 10918.95, "Actual Total Time": 10918.95, "Actual Rows": 1375914, "Actual Loops": 1511024, "Recheck Cond": "(l_orderkey = l1.l_orderkey)", "Rows Removed by Index Recheck": 0, "Filter": "((l_receiptdate > l_commitdate) AND (l_suppkey <> l1.l_suppkey))", "Rows Removed by Filter": 1348115, "Exact Heap Blocks": 1539822, "Lossy Heap Blocks": 1539822, "Plans": [{"Node Type": "Bitmap Index Scan", "Parent Relationship": "Outer", "Index Name": "idx_lineitem_orderkey", "Startup Cost": 0.0, "Total Cost": 0.82, "Plan Rows": 9, "Plan Width": 0, "Actual Startup Time": 6283.234, "Actual Total Time": 6283.234, "Actual Rows": 7550552, "Actual Loops": 1511024, "Index Cond": "(l_orderkey = l1.l_orderkey)"}]}]}, {"Node Type": "Bitmap Heap Scan", "Parent Relationship": "Inner", "Relation Name": "lineitem", "Alias": "l2", "Startup Cost": 0.82, "Total Cost": 8.95, "Plan Rows": 9, "Plan Width": 16, "Actual Startup Time": 696.878, "Actual Total Time": 696.878, "Actual Rows": 80537, "Actual Loops": 135110, "Recheck Cond": "(l_orderkey = l1.l_orderkey)", "Rows Removed by Index Recheck": 0, "Filter": "(l_suppkey <> l1.l_suppkey)", "Rows Removed by Filter": 85912, "Exact Heap Blocks": 135868, "Lossy Heap Blocks": 135868, "Plans": [{"Node Type": "Bitmap Index Scan", "Parent Relationship": "Outer", "Index Name": "idx_lineitem_orderkey", "Startup Cost": 0.0, "Total Cost": 0.82, "Plan Rows": 9, "Plan Width": 0, "Actual Startup Time": 422.211, "Actual Total Time": 422.211, "Actual Rows": 287712, "Actual Loops": 135110, "Index Cond": "(l_orderkey = l1.l_orderkey)"}]}]}, {"Node Type": "Bitmap Heap Scan", "Parent Relationship": "Inner", "Relation Name": "orders", "Alias": "orders", "Startup Cost": 0.6, "Total Cost": 4.61, "Plan Rows": 1, "Plan Width": 8, "Actual Startup Time": 632.367, "Actual Total Time": 632.367, "Actual Rows": 39445, "Actual Loops": 80537, "Recheck Cond": "(o_orderkey = l2.l_orderkey)", "Rows Removed by Index Recheck": 0, "Filter": "(o_orderstatus = 'F'::bpchar)", "Rows Removed by Filter": 41092, "Exact Heap Blocks": 80537, "Lossy Heap Blocks": 80537, "Plans": [{"Node Type": "Bitmap Index Scan", "Parent Relationship": "Outer", "Index Name": "orders_pkey", "Startup Cost": 0.0, "Total Cost": 0.6, "Plan Rows": 1, "Plan Width": 0, "Actual Startup Time": 353.005, "Actual Total Time": 353.005, "Actual Rows": 80537, "Actual Loops": 80537, "Index Cond": "(o_orderkey = l2.l_orderkey)"}]}]}]}]}]}, "Triggers": [], "Planner Runtime": 7.559, "Total Runtime": 48565.653, "Unique SQL Id": 3870093320}}, "(1, 99)": {"explain_plan": {"Plan": {"Node Type": "Limit", "Startup Cost": 1000209392502.29, "Total Cost": 1000209392502.54, "Plan Rows": 100, "Plan Width": 26, "Plans": [{"Node Type": "Sort", "Parent Relationship": "Outer", "Startup Cost": 1000209392502.29, "Total Cost": 1000209392525.22, "Plan Rows": 100, "Plan Width": 26, "Sort Key": ["(count(*)) DESC", "supplier.s_name"], "Plans": [{"Node Type": "Aggregate", "Strategy": "Hashed", "Parent Relationship": "Outer", "Startup Cost": 1000209392060.03, "Total Cost": 1000209392151.75, "Plan Rows": 9172, "Plan Width": 26, "Group By Key": ["supplier.s_name"], "Plans": [{"Node Type": "Nested Loop", "Parent Relationship": "Outer", "Join Type": "Semi", "Startup Cost": 10000000003.33, "Total Cost": 1000209392014.17, "Plan Rows": 9172, "Plan Width": 26, "Inner Unique": false, "Join Filter": "(orders.o_orderkey = l2.l_orderkey)", "Plans": [{"Node Type": "Nested Loop", "Parent Relationship": "Outer", "Join Type": "Inner", "Startup Cost": 10000000002.51, "Total Cost": 1000209365752.63, "Plan Rows": 9655, "Plan Width": 50, "Inner Unique": true, "Plans": [{"Node Type": "Nested Loop", "Parent Relationship": "Outer", "Join Type": "Inner", "Startup Cost": 10000000002.25, "Total Cost": 1000208331993.1, "Plan Rows": 241373, "Plan Width": 54, "Inner Unique": true, "Plans": [{"Node Type": "Nested Loop", "Parent Relationship": "Outer", "Join Type": "Anti", "Startup Cost": 10000000001.7, "Total Cost": 1000202554809.43, "Plan Rows": 1264232, "Plan Width": 24, "Inner Unique": false, "Plans": [{"Node Type": "Nested Loop", "Parent Relationship": "Outer", "Join Type": "Inner", "Startup Cost": 10000000000.88, "Total Cost": 1000143161213.03, "Plan Rows": 25284641, "Plan Width": 24, "Inner Unique": false, "Plans": [{"Node Type": "Index Scan", "Parent Relationship": "Outer", "Scan Direction": "Forward", "Index Name": "orders_pkey", "Relation Name": "orders", "Alias": "orders", "Startup Cost": 10000000000.0, "Total Cost": 1000076847713.25, "Plan Rows": 7338812, "Plan Width": 8, "Filter": "(o_orderstatus = 'F'::bpchar), (LLVM Optimized)"}, {"Node Type": "Bitmap Heap Scan", "Parent Relationship": "Inner", "Relation Name": "lineitem", "Alias": "l1", "Startup Cost": 0.88, "Total Cost": 9.01, "Plan Rows": 3, "Plan Width": 16, "Recheck Cond": "(l_orderkey = orders.o_orderkey)", "Filter": "(l_receiptdate > l_commitdate)", "Plans": [{"Node Type": "Bitmap Index Scan", "Parent Relationship": "Outer", "Index Name": "idx_lineitem_orderkey", "Startup Cost": 0.0, "Total Cost": 0.88, "Plan Rows": 9, "Plan Width": 0, "Index Cond": "(l_orderkey = orders.o_orderkey)"}]}]}, {"Node Type": "Bitmap Heap Scan", "Parent Relationship": "Inner", "Relation Name": "lineitem", "Alias": "l3", "Startup Cost": 0.82, "Total Cost": 8.97, "Plan Rows": 3, "Plan Width": 16, "Recheck Cond": "(l_orderkey = l1.l_orderkey)", "Filter": "((l_receiptdate > l_commitdate) AND (l_suppkey <> l1.l_suppkey))", "Plans": [{"Node Type": "Bitmap Index Scan", "Parent Relationship": "Outer", "Index Name": "idx_lineitem_orderkey", "Startup Cost": 0.0, "Total Cost": 0.82, "Plan Rows": 9, "Plan Width": 0, "Index Cond": "(l_orderkey = l1.l_orderkey)"}]}]}, {"Node Type": "Bitmap Heap Scan", "Parent Relationship": "Inner", "Relation Name": "supplier", "Alias": "supplier", "Startup Cost": 0.55, "Total Cost": 4.56, "Plan Rows": 1, "Plan Width": 38, "Recheck Cond": "(s_suppkey = l1.l_suppkey)", "Plans": [{"Node Type": "Bitmap Index Scan", "Parent Relationship": "Outer", "Index Name": "supplier_pkey", "Startup Cost": 0.0, "Total Cost": 0.55, "Plan Rows": 1, "Plan Width": 0, "Index Cond": "(s_suppkey = l1.l_suppkey)"}]}]}, {"Node Type": "Bitmap Heap Scan", "Parent Relationship": "Inner", "Relation Name": "nation", "Alias": "nation", "Startup Cost": 0.26, "Total Cost": 4.27, "Plan Rows": 1, "Plan Width": 4, "Recheck Cond": "(n_nationkey = supplier.s_nationkey)", "Filter": "(n_name = 'EGYPT'::bpchar)", "Plans": [{"Node Type": "Bitmap Index Scan", "Parent Relationship": "Outer", "Index Name": "nation_pkey", "Startup Cost": 0.0, "Total Cost": 0.26, "Plan Rows": 1, "Plan Width": 0, "Index Cond": "(n_nationkey = supplier.s_nationkey)"}]}]}, {"Node Type": "Bitmap Heap Scan", "Parent Relationship": "Inner", "Relation Name": "lineitem", "Alias": "l2", "Startup Cost": 0.82, "Total Cost": 8.95, "Plan Rows": 9, "Plan Width": 16, "Recheck Cond": "(l_orderkey = l1.l_orderkey)", "Filter": "(l_suppkey <> l1.l_suppkey)", "Plans": [{"Node Type": "Bitmap Index Scan", "Parent Relationship": "Outer", "Index Name": "idx_lineitem_orderkey", "Startup Cost": 0.0, "Total Cost": 0.82, "Plan Rows": 9, "Plan Width": 0, "Index Cond": "(l_orderkey = l1.l_orderkey)"}]}]}]}]}]}, "Unique SQL Id": 3870093320}, "explain_analyze_plan": null}, "(1, 100)": {"explain_plan": {"Plan": {"Node Type": "Limit", "Startup Cost": 2300808.41, "Total Cost": 2300808.66, "Plan Rows": 100, "Plan Width": 26, "Plans": [{"Node Type": "Sort", "Parent Relationship": "Outer", "Startup Cost": 2300808.41, "Total Cost": 2300831.34, "Plan Rows": 100, "Plan Width": 26, "Sort Key": ["(count(*)) DESC", "supplier.s_name"], "Plans": [{"Node Type": "Aggregate", "Strategy": "Hashed", "Parent Relationship": "Outer", "Startup Cost": 2300366.14, "Total Cost": 2300457.86, "Plan Rows": 9172, "Plan Width": 26, "Group By Key": ["supplier.s_name"], "Plans": [{"Node Type": "Nested Loop", "Parent Relationship": "Outer", "Join Type": "Inner", "Startup Cost": 2583.35, "Total Cost": 2300320.28, "Plan Rows": 9172, "Plan Width": 26, "Inner Unique": true, "Join Filter": "(l1.l_orderkey = orders.o_orderkey)", "Plans": [{"Node Type": "Nested Loop", "Parent Relationship": "Outer", "Join Type": "Semi", "Startup Cost": 2583.35, "Total Cost": 2293219.91, "Plan Rows": 7254, "Plan Width": 42, "Inner Unique": false, "Plans": [{"Node Type": "Nested Loop", "Parent Relationship": "Outer", "Join Type": "Anti", "Startup Cost": 2583.35, "Total Cost": 2291364.34, "Plan Rows": 7635, "Plan Width": 42, "Inner Unique": false, "Plans": [{"Node Type": "Hash Join", "Parent Relationship": "Outer", "Join Type": "Inner", "Startup Cost": 2583.35, "Total Cost": 2244177.13, "Plan Rows": 152707, "Plan Width": 42, "Inner Unique": false, "Hash Cond": "(l1.l_suppkey = supplier.s_suppkey), (LLVM Optimized)", "Plans": [{"Node Type": "Seq Scan", "Parent Relationship": "Outer", "Relation Name": "lineitem", "Alias": "l1", "Startup Cost": 0.0, "Total Cost": 2165082.91, "Plan Rows": 19995678, "Plan Width": 16, "Filter": "(l_receiptdate > l_commitdate), (LLVM Optimized)"}, {"Node Type": "Hash", "Parent Relationship": "Inner", "Startup Cost": 2533.35, "Total Cost": 2533.35, "Plan Rows": 4000, "Plan Width": 34, "Plans": [{"Node Type": "Nested Loop", "Parent Relationship": "Outer", "Join Type": "Inner", "Startup Cost": 95.25, "Total Cost": 2533.35, "Plan Rows": 4000, "Plan Width": 34, "Inner Unique": false, "Plans": [{"Node Type": "Seq Scan", "Parent Relationship": "Outer", "Relation Name": "nation", "Alias": "nation", "Startup Cost": 0.0, "Total Cost": 1.31, "Plan Rows": 1, "Plan Width": 4, "Filter": "(n_name = 'EGYPT'::bpchar)"}, {"Node Type": "Bitmap Heap Scan", "Parent Relationship": "Inner", "Relation Name": "supplier", "Alias": "supplier", "Startup Cost": 95.25, "Total Cost": 2492.04, "Plan Rows": 4000, "Plan Width": 38, "Recheck Cond": "(s_nationkey = nation.n_nationkey)", "Plans": [{"Node Type": "Bitmap Index Scan", "Parent Relationship": "Outer", "Index Name": "idx_supplier_nation_key", "Startup Cost": 0.0, "Total Cost": 94.25, "Plan Rows": 4000, "Plan Width": 0, "Index Cond": "(s_nationkey = nation.n_nationkey)"}]}]}]}]}, {"Node Type": "Index Scan", "Parent Relationship": "Inner", "Scan Direction": "Forward", "Index Name": "idx_lineitem_orderkey", "Relation Name": "lineitem", "Alias": "l3", "Startup Cost": 0.0, "Total Cost": 1.63, "Plan Rows": 3, "Plan Width": 16, "Index Cond": "(l_orderkey = l1.l_orderkey)", "Filter": "((l_receiptdate > l_commitdate) AND (l_suppkey <> l1.l_suppkey))"}]}, {"Node Type": "Index Scan", "Parent Relationship": "Inner", "Scan Direction": "Forward", "Index Name": "idx_lineitem_orderkey", "Relation Name": "lineitem", "Alias": "l2", "Startup Cost": 0.0, "Total Cost": 1.63, "Plan Rows": 9, "Plan Width": 16, "Index Cond": "(l_orderkey = l1.l_orderkey)", "Filter": "(l_suppkey <> l1.l_suppkey)"}]}, {"Node Type": "Index Scan", "Parent Relationship": "Inner", "Scan Direction": "Forward", "Index Name": "orders_pkey", "Relation Name": "orders", "Alias": "orders", "Startup Cost": 0.0, "Total Cost": 0.97, "Plan Rows": 1, "Plan Width": 8, "Index Cond": "(o_orderkey = l2.l_orderkey)", "Filter": "(o_orderstatus = 'F'::bpchar)"}]}]}]}]}, "Unique SQL Id": 3870093320}, "explain_analyze_plan": {"Plan": {"Node Type": "Limit", "Startup Cost": 2300808.41, "Total Cost": 2300808.66, "Plan Rows": 100, "Plan Width": 26, "Actual Startup Time": 44160.852, "Actual Total Time": 44160.878, "Actual Rows": 100, "Actual Loops": 1, "Plans": [{"Node Type": "Sort", "Parent Relationship": "Outer", "Startup Cost": 2300808.41, "Total Cost": 2300831.34, "Plan Rows": 100, "Plan Width": 26, "Actual Startup Time": 44160.849, "Actual Total Time": 44160.869, "Actual Rows": 100, "Actual Loops": 1, "Sort Key": ["(count(*)) DESC", "supplier.s_name"], "Sort Method": "top-N heapsort", "Sort Space Used": 41, "Sort Space Type": "Memory", "Plans": [{"Node Type": "Aggregate", "Strategy": "Hashed", "Parent Relationship": "Outer", "Startup Cost": 2300366.14, "Total Cost": 2300457.86, "Plan Rows": 9172, "Plan Width": 26, "Actual Startup Time": 44157.449, "Actual Total Time": 44158.792, "Actual Rows": 3981, "Actual Loops": 1, "Group By Key": ["supplier.s_name"], "Plans": [{"Node Type": "Nested Loop", "Parent Relationship": "Outer", "Join Type": "Inner", "Startup Cost": 2583.35, "Total Cost": 2300320.28, "Plan Rows": 9172, "Plan Width": 26, "Actual Startup Time": 9.374, "Actual Total Time": 44086.295, "Actual Rows": 39445, "Actual Loops": 1, "Inner Unique": true, "Join Filter": "(l1.l_orderkey = orders.o_orderkey)", "Rows Removed by Join Filter": 0, "Plans": [{"Node Type": "Nested Loop", "Parent Relationship": "Outer", "Join Type": "Semi", "Startup Cost": 2583.35, "Total Cost": 2293219.91, "Plan Rows": 7254, "Plan Width": 42, "Actual Startup Time": 9.355, "Actual Total Time": 43457.892, "Actual Rows": 80537, "Actual Loops": 1, "Inner Unique": false, "Plans": [{"Node Type": "Nested Loop", "Parent Relationship": "Outer", "Join Type": "Anti", "Startup Cost": 2583.35, "Total Cost": 2291364.34, "Plan Rows": 7635, "Plan Width": 42, "Actual Startup Time": 9.068, "Actual Total Time": 42842.367, "Actual Rows": 135110, "Actual Loops": 1, "Inner Unique": false, "Plans": [{"Node Type": "Hash Join", "Parent Relationship": "Outer", "Join Type": "Inner", "Startup Cost": 2583.35, "Total Cost": 2244177.13, "Plan Rows": 152707, "Plan Width": 42, "Actual Startup Time": 8.439, "Actual Total Time": 33997.816, "Actual Rows": 1511024, "Actual Loops": 1, "Inner Unique": false, "Hash Cond": "(l1.l_suppkey = supplier.s_suppkey), (LLVM Optimized, Jit Execute)", "Plans": [{"Node Type": "Seq Scan", "Parent Relationship": "Outer", "Relation Name": "lineitem", "Alias": "l1", "Startup Cost": 0.0, "Total Cost": 2165082.91, "Plan Rows": 19995678, "Plan Width": 16, "Actual Startup Time": 0.029, "Actual Total Time": 25409.088, "Actual Rows": 37929348, "Actual Loops": 1, "Filter": "(l_receiptdate > l_commitdate), (LLVM Optimized, Jit Execute)", "Rows Removed by Filter": 22056704}, {"Node Type": "Hash", "Parent Relationship": "Inner", "Startup Cost": 2533.35, "Total Cost": 2533.35, "Plan Rows": 4000, "Plan Width": 34, "Actual Startup Time": 8.311, "Actual Total Time": 8.311, "Actual Rows": 3981, "Actual Loops": 1, "Hash Buckets": 32768, "Hash Batches": 1, "Original Hash Batches": 1, "Peak Memory Usage": 280, "Plans": [{"Node Type": "Nested Loop", "Parent Relationship": "Outer", "Join Type": "Inner", "Startup Cost": 95.25, "Total Cost": 2533.35, "Plan Rows": 4000, "Plan Width": 34, "Actual Startup Time": 1.005, "Actual Total Time": 6.936, "Actual Rows": 3981, "Actual Loops": 1, "Inner Unique": false, "Plans": [{"Node Type": "Seq Scan", "Parent Relationship": "Outer", "Relation Name": "nation", "Alias": "nation", "Startup Cost": 0.0, "Total Cost": 1.31, "Plan Rows": 1, "Plan Width": 4, "Actual Startup Time": 0.016, "Actual Total Time": 0.03, "Actual Rows": 1, "Actual Loops": 1, "Filter": "(n_name = 'EGYPT'::bpchar)", "Rows Removed by Filter": 24}, {"Node Type": "Bitmap Heap Scan", "Parent Relationship": "Inner", "Relation Name": "supplier", "Alias": "supplier", "Startup Cost": 95.25, "Total Cost": 2492.04, "Plan Rows": 4000, "Plan Width": 38, "Actual Startup Time": 0.981, "Actual Total Time": 6.079, "Actual Rows": 3981, "Actual Loops": 1, "Recheck Cond": "(s_nationkey = nation.n_nationkey)", "Rows Removed by Index Recheck": 0, "Exact Heap Blocks": 1918, "Lossy Heap Blocks": 1918, "Plans": [{"Node Type": "Bitmap Index Scan", "Parent Relationship": "Outer", "Index Name": "idx_supplier_nation_key", "Startup Cost": 0.0, "Total Cost": 94.25, "Plan Rows": 4000, "Plan Width": 0, "Actual Startup Time": 0.681, "Actual Total Time": 0.681, "Actual Rows": 3981, "Actual Loops": 1, "Index Cond": "(s_nationkey = nation.n_nationkey)"}]}]}]}]}, {"Node Type": "Index Scan", "Parent Relationship": "Inner", "Scan Direction": "Forward", "Index Name": "idx_lineitem_orderkey", "Relation Name": "lineitem", "Alias": "l3", "Startup Cost": 0.0, "Total Cost": 1.63, "Plan Rows": 3, "Plan Width": 16, "Actual Startup Time": 7867.724, "Actual Total Time": 7867.724, "Actual Rows": 1375914, "Actual Loops": 1511024, "Index Cond": "(l_orderkey = l1.l_orderkey)", "Rows Removed by Index Recheck": 0, "Filter": "((l_receiptdate > l_commitdate) AND (l_suppkey <> l1.l_suppkey))", "Rows Removed by Filter": 1348115}]}, {"Node Type": "Index Scan", "Parent Relationship": "Inner", "Scan Direction": "Forward", "Index Name": "idx_lineitem_orderkey", "Relation Name": "lineitem", "Alias": "l2", "Startup Cost": 0.0, "Total Cost": 1.63, "Plan Rows": 9, "Plan Width": 16, "Actual Startup Time": 504.038, "Actual Total Time": 504.038, "Actual Rows": 80537, "Actual Loops": 135110, "Index Cond": "(l_orderkey = l1.l_orderkey)", "Rows Removed by Index Recheck": 0, "Filter": "(l_suppkey <> l1.l_suppkey)", "Rows Removed by Filter": 85912}]}, {"Node Type": "Index Scan", "Parent Relationship": "Inner", "Scan Direction": "Forward", "Index Name": "orders_pkey", "Relation Name": "orders", "Alias": "orders", "Startup Cost": 0.0, "Total Cost": 0.97, "Plan Rows": 1, "Plan Width": 8, "Actual Startup Time": 547.334, "Actual Total Time": 547.334, "Actual Rows": 39445, "Actual Loops": 80537, "Index Cond": "(o_orderkey = l2.l_orderkey)", "Rows Removed by Index Recheck": 0, "Filter": "(o_orderstatus = 'F'::bpchar)", "Rows Removed by Filter": 41092}]}]}]}]}, "Triggers": [], "Planner Runtime": 7.388, "Total Runtime": 44170.065, "Unique SQL Id": 3870093320}}, "(1, 101)": {"explain_plan": {"Plan": {"Node Type": "Limit", "Startup Cost": 3525858.2, "Total Cost": 3525858.45, "Plan Rows": 100, "Plan Width": 26, "Plans": [{"Node Type": "Sort", "Parent Relationship": "Outer", "Startup Cost": 3525858.2, "Total Cost": 3525881.13, "Plan Rows": 100, "Plan Width": 26, "Sort Key": ["(count(*)) DESC", "supplier.s_name"], "Plans": [{"Node Type": "Aggregate", "Strategy": "Hashed", "Parent Relationship": "Outer", "Startup Cost": 3525415.93, "Total Cost": 3525507.65, "Plan Rows": 9172, "Plan Width": 26, "Group By Key": ["supplier.s_name"], "Plans": [{"Node Type": "Nested Loop", "Parent Relationship": "Outer", "Join Type": "Inner", "Startup Cost": 2594.73, "Total Cost": 3525370.07, "Plan Rows": 9172, "Plan Width": 26, "Inner Unique": true, "Join Filter": "(l1.l_orderkey = orders.o_orderkey)", "Plans": [{"Node Type": "Nested Loop", "Parent Relationship": "Outer", "Join Type": "Semi", "Startup Cost": 2594.73, "Total Cost": 3518269.7, "Plan Rows": 7254, "Plan Width": 42, "Inner Unique": false, "Plans": [{"Node Type": "Nested Loop", "Parent Relationship": "Outer", "Join Type": "Anti", "Startup Cost": 2594.73, "Total Cost": 3516414.13, "Plan Rows": 7635, "Plan Width": 42, "Inner Unique": false, "Plans": [{"Node Type": "Hash Join", "Parent Relationship": "Outer", "Join Type": "Inner", "Startup Cost": 2594.73, "Total Cost": 3469226.92, "Plan Rows": 152707, "Plan Width": 42, "Inner Unique": false, "Hash Cond": "(l1.l_suppkey = supplier.s_suppkey), (LLVM Optimized)", "Plans": [{"Node Type": "Index Scan", "Parent Relationship": "Outer", "Scan Direction": "Forward", "Index Name": "idx_lineitem_orderkey", "Relation Name": "lineitem", "Alias": "l1", "Startup Cost": 0.0, "Total Cost": 3390121.33, "Plan Rows": 19995678, "Plan Width": 16, "Filter": "(l_receiptdate > l_commitdate), (LLVM Optimized)"}, {"Node Type": "Hash", "Parent Relationship": "Inner", "Startup Cost": 2544.73, "Total Cost": 2544.73, "Plan Rows": 4000, "Plan Width": 34, "Plans": [{"Node Type": "Nested Loop", "Parent Relationship": "Outer", "Join Type": "Inner", "Startup Cost": 95.25, "Total Cost": 2544.73, "Plan Rows": 4000, "Plan Width": 34, "Inner Unique": false, "Plans": [{"Node Type": "Index Scan", "Parent Relationship": "Outer", "Scan Direction": "Forward", "Index Name": "nation_pkey", "Relation Name": "nation", "Alias": "nation", "Startup Cost": 0.0, "Total Cost": 12.69, "Plan Rows": 1, "Plan Width": 4, "Filter": "(n_name = 'EGYPT'::bpchar)"}, {"Node Type": "Bitmap Heap Scan", "Parent Relationship": "Inner", "Relation Name": "supplier", "Alias": "supplier", "Startup Cost": 95.25, "Total Cost": 2492.04, "Plan Rows": 4000, "Plan Width": 38, "Recheck Cond": "(s_nationkey = nation.n_nationkey)", "Plans": [{"Node Type": "Bitmap Index Scan", "Parent Relationship": "Outer", "Index Name": "idx_supplier_nation_key", "Startup Cost": 0.0, "Total Cost": 94.25, "Plan Rows": 4000, "Plan Width": 0, "Index Cond": "(s_nationkey = nation.n_nationkey)"}]}]}]}]}, {"Node Type": "Index Scan", "Parent Relationship": "Inner", "Scan Direction": "Forward", "Index Name": "idx_lineitem_orderkey", "Relation Name": "lineitem", "Alias": "l3", "Startup Cost": 0.0, "Total Cost": 1.63, "Plan Rows": 3, "Plan Width": 16, "Index Cond": "(l_orderkey = l1.l_orderkey)", "Filter": "((l_receiptdate > l_commitdate) AND (l_suppkey <> l1.l_suppkey))"}]}, {"Node Type": "Index Scan", "Parent Relationship": "Inner", "Scan Direction": "Forward", "Index Name": "idx_lineitem_orderkey", "Relation Name": "lineitem", "Alias": "l2", "Startup Cost": 0.0, "Total Cost": 1.63, "Plan Rows": 9, "Plan Width": 16, "Index Cond": "(l_orderkey = l1.l_orderkey)", "Filter": "(l_suppkey <> l1.l_suppkey)"}]}, {"Node Type": "Index Scan", "Parent Relationship": "Inner", "Scan Direction": "Forward", "Index Name": "orders_pkey", "Relation Name": "orders", "Alias": "orders", "Startup Cost": 0.0, "Total Cost": 0.97, "Plan Rows": 1, "Plan Width": 8, "Index Cond": "(o_orderkey = l2.l_orderkey)", "Filter": "(o_orderstatus = 'F'::bpchar)"}]}]}]}]}, "Unique SQL Id": 3870093320}, "explain_analyze_plan": {"Plan": {"Node Type": "Limit", "Startup Cost": 3525858.2, "Total Cost": 3525858.45, "Plan Rows": 100, "Plan Width": 26, "Actual Startup Time": 66328.983, "Actual Total Time": 66328.998, "Actual Rows": 100, "Actual Loops": 1, "Plans": [{"Node Type": "Sort", "Parent Relationship": "Outer", "Startup Cost": 3525858.2, "Total Cost": 3525881.13, "Plan Rows": 100, "Plan Width": 26, "Actual Startup Time": 66328.981, "Actual Total Time": 66328.983, "Actual Rows": 100, "Actual Loops": 1, "Sort Key": ["(count(*)) DESC", "supplier.s_name"], "Sort Method": "top-N heapsort", "Sort Space Used": 41, "Sort Space Type": "Memory", "Plans": [{"Node Type": "Aggregate", "Strategy": "Hashed", "Parent Relationship": "Outer", "Startup Cost": 3525415.93, "Total Cost": 3525507.65, "Plan Rows": 9172, "Plan Width": 26, "Actual Startup Time": 66325.713, "Actual Total Time": 66326.889, "Actual Rows": 3981, "Actual Loops": 1, "Group By Key": ["supplier.s_name"], "Plans": [{"Node Type": "Nested Loop", "Parent Relationship": "Outer", "Join Type": "Inner", "Startup Cost": 2594.73, "Total Cost": 3525370.07, "Plan Rows": 9172, "Plan Width": 26, "Actual Startup Time": 9.758, "Actual Total Time": 66254.92, "Actual Rows": 39445, "Actual Loops": 1, "Inner Unique": true, "Join Filter": "(l1.l_orderkey = orders.o_orderkey)", "Rows Removed by Join Filter": 0, "Plans": [{"Node Type": "Nested Loop", "Parent Relationship": "Outer", "Join Type": "Semi", "Startup Cost": 2594.73, "Total Cost": 3518269.7, "Plan Rows": 7254, "Plan Width": 42, "Actual Startup Time": 9.738, "Actual Total Time": 65597.437, "Actual Rows": 80537, "Actual Loops": 1, "Inner Unique": false, "Plans": [{"Node Type": "Nested Loop", "Parent Relationship": "Outer", "Join Type": "Anti", "Startup Cost": 2594.73, "Total Cost": 3516414.13, "Plan Rows": 7635, "Plan Width": 42, "Actual Startup Time": 9.36, "Actual Total Time": 64964.719, "Actual Rows": 135110, "Actual Loops": 1, "Inner Unique": false, "Plans": [{"Node Type": "Hash Join", "Parent Relationship": "Outer", "Join Type": "Inner", "Startup Cost": 2594.73, "Total Cost": 3469226.92, "Plan Rows": 152707, "Plan Width": 42, "Actual Startup Time": 8.552, "Actual Total Time": 56797.185, "Actual Rows": 1511024, "Actual Loops": 1, "Inner Unique": false, "Hash Cond": "(l1.l_suppkey = supplier.s_suppkey), (LLVM Optimized, Jit Execute)", "Plans": [{"Node Type": "Index Scan", "Parent Relationship": "Outer", "Scan Direction": "Forward", "Index Name": "idx_lineitem_orderkey", "Relation Name": "lineitem", "Alias": "l1", "Startup Cost": 0.0, "Total Cost": 3390121.33, "Plan Rows": 19995678, "Plan Width": 16, "Actual Startup Time": 0.036, "Actual Total Time": 48747.291, "Actual Rows": 37929348, "Actual Loops": 1, "Filter": "(l_receiptdate > l_commitdate), (LLVM Optimized, Jit Execute)", "Rows Removed by Filter": 22056704}, {"Node Type": "Hash", "Parent Relationship": "Inner", "Startup Cost": 2544.73, "Total Cost": 2544.73, "Plan Rows": 4000, "Plan Width": 34, "Actual Startup Time": 8.395, "Actual Total Time": 8.395, "Actual Rows": 3981, "Actual Loops": 1, "Hash Buckets": 32768, "Hash Batches": 1, "Original Hash Batches": 1, "Peak Memory Usage": 280, "Plans": [{"Node Type": "Nested Loop", "Parent Relationship": "Outer", "Join Type": "Inner", "Startup Cost": 95.25, "Total Cost": 2544.73, "Plan Rows": 4000, "Plan Width": 34, "Actual Startup Time": 0.997, "Actual Total Time": 7.019, "Actual Rows": 3981, "Actual Loops": 1, "Inner Unique": false, "Plans": [{"Node Type": "Index Scan", "Parent Relationship": "Outer", "Scan Direction": "Forward", "Index Name": "nation_pkey", "Relation Name": "nation", "Alias": "nation", "Startup Cost": 0.0, "Total Cost": 12.69, "Plan Rows": 1, "Plan Width": 4, "Actual Startup Time": 0.011, "Actual Total Time": 0.029, "Actual Rows": 1, "Actual Loops": 1, "Filter": "(n_name = 'EGYPT'::bpchar)", "Rows Removed by Filter": 24}, {"Node Type": "Bitmap Heap Scan", "Parent Relationship": "Inner", "Relation Name": "supplier", "Alias": "supplier", "Startup Cost": 95.25, "Total Cost": 2492.04, "Plan Rows": 4000, "Plan Width": 38, "Actual Startup Time": 0.98, "Actual Total Time": 6.17, "Actual Rows": 3981, "Actual Loops": 1, "Recheck Cond": "(s_nationkey = nation.n_nationkey)", "Rows Removed by Index Recheck": 0, "Exact Heap Blocks": 1918, "Lossy Heap Blocks": 1918, "Plans": [{"Node Type": "Bitmap Index Scan", "Parent Relationship": "Outer", "Index Name": "idx_supplier_nation_key", "Startup Cost": 0.0, "Total Cost": 94.25, "Plan Rows": 4000, "Plan Width": 0, "Actual Startup Time": 0.686, "Actual Total Time": 0.686, "Actual Rows": 3981, "Actual Loops": 1, "Index Cond": "(s_nationkey = nation.n_nationkey)"}]}]}]}]}, {"Node Type": "Index Scan", "Parent Relationship": "Inner", "Scan Direction": "Forward", "Index Name": "idx_lineitem_orderkey", "Relation Name": "lineitem", "Alias": "l3", "Startup Cost": 0.0, "Total Cost": 1.63, "Plan Rows": 3, "Plan Width": 16, "Actual Startup Time": 7166.725, "Actual Total Time": 7166.725, "Actual Rows": 1375914, "Actual Loops": 1511024, "Index Cond": "(l_orderkey = l1.l_orderkey)", "Rows Removed by Index Recheck": 0, "Filter": "((l_receiptdate > l_commitdate) AND (l_suppkey <> l1.l_suppkey))", "Rows Removed by Filter": 1348115}]}, {"Node Type": "Index Scan", "Parent Relationship": "Inner", "Scan Direction": "Forward", "Index Name": "idx_lineitem_orderkey", "Relation Name": "lineitem", "Alias": "l2", "Startup Cost": 0.0, "Total Cost": 1.63, "Plan Rows": 9, "Plan Width": 16, "Actual Startup Time": 509.545, "Actual Total Time": 509.545, "Actual Rows": 80537, "Actual Loops": 135110, "Index Cond": "(l_orderkey = l1.l_orderkey)", "Rows Removed by Index Recheck": 0, "Filter": "(l_suppkey <> l1.l_suppkey)", "Rows Removed by Filter": 85912}]}, {"Node Type": "Index Scan", "Parent Relationship": "Inner", "Scan Direction": "Forward", "Index Name": "orders_pkey", "Relation Name": "orders", "Alias": "orders", "Startup Cost": 0.0, "Total Cost": 0.97, "Plan Rows": 1, "Plan Width": 8, "Actual Startup Time": 569.841, "Actual Total Time": 569.841, "Actual Rows": 39445, "Actual Loops": 80537, "Index Cond": "(o_orderkey = l2.l_orderkey)", "Rows Removed by Index Recheck": 0, "Filter": "(o_orderstatus = 'F'::bpchar)", "Rows Removed by Filter": 41092}]}]}]}]}, "Triggers": [], "Planner Runtime": 7.315, "Total Runtime": 66338.102, "Unique SQL Id": 3870093320}}, "(1, 102)": {"explain_plan": {"Plan": {"Node Type": "Limit", "Startup Cost": 2652117.64, "Total Cost": 2652117.89, "Plan Rows": 100, "Plan Width": 26, "Plans": [{"Node Type": "Sort", "Parent Relationship": "Outer", "Startup Cost": 2652117.64, "Total Cost": 2652140.57, "Plan Rows": 100, "Plan Width": 26, "Sort Key": ["(count(*)) DESC", "supplier.s_name"], "Plans": [{"Node Type": "Aggregate", "Strategy": "Hashed", "Parent Relationship": "Outer", "Startup Cost": 2651675.37, "Total Cost": 2651767.09, "Plan Rows": 9172, "Plan Width": 26, "Group By Key": ["supplier.s_name"], "Plans": [{"Node Type": "Nested Loop", "Parent Relationship": "Outer", "Join Type": "Inner", "Startup Cost": 2585.6, "Total Cost": 2651629.51, "Plan Rows": 9172, "Plan Width": 26, "Inner Unique": true, "Join Filter": "(l1.l_orderkey = orders.o_orderkey)", "Plans": [{"Node Type": "Nested Loop", "Parent Relationship": "Outer", "Join Type": "Semi", "Startup Cost": 2585.0, "Total Cost": 2618068.76, "Plan Rows": 7254, "Plan Width": 42, "Inner Unique": false, "Plans": [{"Node Type": "Nested Loop", "Parent Relationship": "Outer", "Join Type": "Anti", "Startup Cost": 2584.17, "Total Cost": 2602890.2, "Plan Rows": 7635, "Plan Width": 42, "Inner Unique": false, "Plans": [{"Node Type": "Hash Join", "Parent Relationship": "Outer", "Join Type": "Inner", "Startup Cost": 2583.35, "Total Cost": 2244177.13, "Plan Rows": 152707, "Plan Width": 42, "Inner Unique": false, "Hash Cond": "(l1.l_suppkey = supplier.s_suppkey), (LLVM Optimized)", "Plans": [{"Node Type": "Seq Scan", "Parent Relationship": "Outer", "Relation Name": "lineitem", "Alias": "l1", "Startup Cost": 0.0, "Total Cost": 2165082.91, "Plan Rows": 19995678, "Plan Width": 16, "Filter": "(l_receiptdate > l_commitdate), (LLVM Optimized)"}, {"Node Type": "Hash", "Parent Relationship": "Inner", "Startup Cost": 2533.35, "Total Cost": 2533.35, "Plan Rows": 4000, "Plan Width": 34, "Plans": [{"Node Type": "Nested Loop", "Parent Relationship": "Outer", "Join Type": "Inner", "Startup Cost": 95.25, "Total Cost": 2533.35, "Plan Rows": 4000, "Plan Width": 34, "Inner Unique": false, "Plans": [{"Node Type": "Seq Scan", "Parent Relationship": "Outer", "Relation Name": "nation", "Alias": "nation", "Startup Cost": 0.0, "Total Cost": 1.31, "Plan Rows": 1, "Plan Width": 4, "Filter": "(n_name = 'EGYPT'::bpchar)"}, {"Node Type": "Bitmap Heap Scan", "Parent Relationship": "Inner", "Relation Name": "supplier", "Alias": "supplier", "Startup Cost": 95.25, "Total Cost": 2492.04, "Plan Rows": 4000, "Plan Width": 38, "Recheck Cond": "(s_nationkey = nation.n_nationkey)", "Plans": [{"Node Type": "Bitmap Index Scan", "Parent Relationship": "Outer", "Index Name": "idx_supplier_nation_key", "Startup Cost": 0.0, "Total Cost": 94.25, "Plan Rows": 4000, "Plan Width": 0, "Index Cond": "(s_nationkey = nation.n_nationkey)"}]}]}]}]}, {"Node Type": "Bitmap Heap Scan", "Parent Relationship": "Inner", "Relation Name": "lineitem", "Alias": "l3", "Startup Cost": 0.82, "Total Cost": 8.97, "Plan Rows": 3, "Plan Width": 16, "Recheck Cond": "(l_orderkey = l1.l_orderkey)", "Filter": "((l_receiptdate > l_commitdate) AND (l_suppkey <> l1.l_suppkey))", "Plans": [{"Node Type": "Bitmap Index Scan", "Parent Relationship": "Outer", "Index Name": "idx_lineitem_orderkey", "Startup Cost": 0.0, "Total Cost": 0.82, "Plan Rows": 9, "Plan Width": 0, "Index Cond": "(l_orderkey = l1.l_orderkey)"}]}]}, {"Node Type": "Bitmap Heap Scan", "Parent Relationship": "Inner", "Relation Name": "lineitem", "Alias": "l2", "Startup Cost": 0.82, "Total Cost": 8.95, "Plan Rows": 9, "Plan Width": 16, "Recheck Cond": "(l_orderkey = l1.l_orderkey)", "Filter": "(l_suppkey <> l1.l_suppkey)", "Plans": [{"Node Type": "Bitmap Index Scan", "Parent Relationship": "Outer", "Index Name": "idx_lineitem_orderkey", "Startup Cost": 0.0, "Total Cost": 0.82, "Plan Rows": 9, "Plan Width": 0, "Index Cond": "(l_orderkey = l1.l_orderkey)"}]}]}, {"Node Type": "Bitmap Heap Scan", "Parent Relationship": "Inner", "Relation Name": "orders", "Alias": "orders", "Startup Cost": 0.6, "Total Cost": 4.61, "Plan Rows": 1, "Plan Width": 8, "Recheck Cond": "(o_orderkey = l2.l_orderkey)", "Filter": "(o_orderstatus = 'F'::bpchar)", "Plans": [{"Node Type": "Bitmap Index Scan", "Parent Relationship": "Outer", "Index Name": "orders_pkey", "Startup Cost": 0.0, "Total Cost": 0.6, "Plan Rows": 1, "Plan Width": 0, "Index Cond": "(o_orderkey = l2.l_orderkey)"}]}]}]}]}]}, "Unique SQL Id": 3870093320}, "explain_analyze_plan": {"Plan": {"Node Type": "Limit", "Startup Cost": 2652117.64, "Total Cost": 2652117.89, "Plan Rows": 100, "Plan Width": 26, "Actual Startup Time": 48542.548, "Actual Total Time": 48542.566, "Actual Rows": 100, "Actual Loops": 1, "Plans": [{"Node Type": "Sort", "Parent Relationship": "Outer", "Startup Cost": 2652117.64, "Total Cost": 2652140.57, "Plan Rows": 100, "Plan Width": 26, "Actual Startup Time": 48542.546, "Actual Total Time": 48542.554, "Actual Rows": 100, "Actual Loops": 1, "Sort Key": ["(count(*)) DESC", "supplier.s_name"], "Sort Method": "top-N heapsort", "Sort Space Used": 41, "Sort Space Type": "Memory", "Plans": [{"Node Type": "Aggregate", "Strategy": "Hashed", "Parent Relationship": "Outer", "Startup Cost": 2651675.37, "Total Cost": 2651767.09, "Plan Rows": 9172, "Plan Width": 26, "Actual Startup Time": 48539.063, "Actual Total Time": 48540.513, "Actual Rows": 3981, "Actual Loops": 1, "Group By Key": ["supplier.s_name"], "Plans": [{"Node Type": "Nested Loop", "Parent Relationship": "Outer", "Join Type": "Inner", "Startup Cost": 2585.6, "Total Cost": 2651629.51, "Plan Rows": 9172, "Plan Width": 26, "Actual Startup Time": 11.989, "Actual Total Time": 48454.234, "Actual Rows": 39445, "Actual Loops": 1, "Inner Unique": true, "Join Filter": "(l1.l_orderkey = orders.o_orderkey)", "Rows Removed by Join Filter": 0, "Plans": [{"Node Type": "Nested Loop", "Parent Relationship": "Outer", "Join Type": "Semi", "Startup Cost": 2585.0, "Total Cost": 2618068.76, "Plan Rows": 7254, "Plan Width": 42, "Actual Startup Time": 11.965, "Actual Total Time": 47684.747, "Actual Rows": 80537, "Actual Loops": 1, "Inner Unique": false, "Plans": [{"Node Type": "Nested Loop", "Parent Relationship": "Outer", "Join Type": "Anti", "Startup Cost": 2584.17, "Total Cost": 2602890.2, "Plan Rows": 7635, "Plan Width": 42, "Actual Startup Time": 11.643, "Actual Total Time": 46787.199, "Actual Rows": 135110, "Actual Loops": 1, "Inner Unique": false, "Plans": [{"Node Type": "Hash Join", "Parent Relationship": "Outer", "Join Type": "Inner", "Startup Cost": 2583.35, "Total Cost": 2244177.13, "Plan Rows": 152707, "Plan Width": 42, "Actual Startup Time": 10.92, "Actual Total Time": 33938.332, "Actual Rows": 1511024, "Actual Loops": 1, "Inner Unique": false, "Hash Cond": "(l1.l_suppkey = supplier.s_suppkey), (LLVM Optimized, Jit Execute)", "Plans": [{"Node Type": "Seq Scan", "Parent Relationship": "Outer", "Relation Name": "lineitem", "Alias": "l1", "Startup Cost": 0.0, "Total Cost": 2165082.91, "Plan Rows": 19995678, "Plan Width": 16, "Actual Startup Time": 0.018, "Actual Total Time": 25391.367, "Actual Rows": 37929348, "Actual Loops": 1, "Filter": "(l_receiptdate > l_commitdate), (LLVM Optimized, Jit Execute)", "Rows Removed by Filter": 22056704}, {"Node Type": "Hash", "Parent Relationship": "Inner", "Startup Cost": 2533.35, "Total Cost": 2533.35, "Plan Rows": 4000, "Plan Width": 34, "Actual Startup Time": 10.809, "Actual Total Time": 10.809, "Actual Rows": 3981, "Actual Loops": 1, "Hash Buckets": 32768, "Hash Batches": 1, "Original Hash Batches": 1, "Peak Memory Usage": 280, "Plans": [{"Node Type": "Nested Loop", "Parent Relationship": "Outer", "Join Type": "Inner", "Startup Cost": 95.25, "Total Cost": 2533.35, "Plan Rows": 4000, "Plan Width": 34, "Actual Startup Time": 1.047, "Actual Total Time": 9.624, "Actual Rows": 3981, "Actual Loops": 1, "Inner Unique": false, "Plans": [{"Node Type": "Seq Scan", "Parent Relationship": "Outer", "Relation Name": "nation", "Alias": "nation", "Startup Cost": 0.0, "Total Cost": 1.31, "Plan Rows": 1, "Plan Width": 4, "Actual Startup Time": 0.017, "Actual Total Time": 0.026, "Actual Rows": 1, "Actual Loops": 1, "Filter": "(n_name = 'EGYPT'::bpchar)", "Rows Removed by Filter": 24}, {"Node Type": "Bitmap Heap Scan", "Parent Relationship": "Inner", "Relation Name": "supplier", "Alias": "supplier", "Startup Cost": 95.25, "Total Cost": 2492.04, "Plan Rows": 4000, "Plan Width": 38, "Actual Startup Time": 1.025, "Actual Total Time": 8.745, "Actual Rows": 3981, "Actual Loops": 1, "Recheck Cond": "(s_nationkey = nation.n_nationkey)", "Rows Removed by Index Recheck": 0, "Exact Heap Blocks": 1918, "Lossy Heap Blocks": 1918, "Plans": [{"Node Type": "Bitmap Index Scan", "Parent Relationship": "Outer", "Index Name": "idx_supplier_nation_key", "Startup Cost": 0.0, "Total Cost": 94.25, "Plan Rows": 4000, "Plan Width": 0, "Actual Startup Time": 0.733, "Actual Total Time": 0.733, "Actual Rows": 3981, "Actual Loops": 1, "Index Cond": "(s_nationkey = nation.n_nationkey)"}]}]}]}]}, {"Node Type": "Bitmap Heap Scan", "Parent Relationship": "Inner", "Relation Name": "lineitem", "Alias": "l3", "Startup Cost": 0.82, "Total Cost": 8.97, "Plan Rows": 3, "Plan Width": 16, "Actual Startup Time": 10918.95, "Actual Total Time": 10918.95, "Actual Rows": 1375914, "Actual Loops": 1511024, "Recheck Cond": "(l_orderkey = l1.l_orderkey)", "Rows Removed by Index Recheck": 0, "Filter": "((l_receiptdate > l_commitdate) AND (l_suppkey <> l1.l_suppkey))", "Rows Removed by Filter": 1348115, "Exact Heap Blocks": 1539822, "Lossy Heap Blocks": 1539822, "Plans": [{"Node Type": "Bitmap Index Scan", "Parent Relationship": "Outer", "Index Name": "idx_lineitem_orderkey", "Startup Cost": 0.0, "Total Cost": 0.82, "Plan Rows": 9, "Plan Width": 0, "Actual Startup Time": 6283.234, "Actual Total Time": 6283.234, "Actual Rows": 7550552, "Actual Loops": 1511024, "Index Cond": "(l_orderkey = l1.l_orderkey)"}]}]}, {"Node Type": "Bitmap Heap Scan", "Parent Relationship": "Inner", "Relation Name": "lineitem", "Alias": "l2", "Startup Cost": 0.82, "Total Cost": 8.95, "Plan Rows": 9, "Plan Width": 16, "Actual Startup Time": 696.878, "Actual Total Time": 696.878, "Actual Rows": 80537, "Actual Loops": 135110, "Recheck Cond": "(l_orderkey = l1.l_orderkey)", "Rows Removed by Index Recheck": 0, "Filter": "(l_suppkey <> l1.l_suppkey)", "Rows Removed by Filter": 85912, "Exact Heap Blocks": 135868, "Lossy Heap Blocks": 135868, "Plans": [{"Node Type": "Bitmap Index Scan", "Parent Relationship": "Outer", "Index Name": "idx_lineitem_orderkey", "Startup Cost": 0.0, "Total Cost": 0.82, "Plan Rows": 9, "Plan Width": 0, "Actual Startup Time": 422.211, "Actual Total Time": 422.211, "Actual Rows": 287712, "Actual Loops": 135110, "Index Cond": "(l_orderkey = l1.l_orderkey)"}]}]}, {"Node Type": "Bitmap Heap Scan", "Parent Relationship": "Inner", "Relation Name": "orders", "Alias": "orders", "Startup Cost": 0.6, "Total Cost": 4.61, "Plan Rows": 1, "Plan Width": 8, "Actual Startup Time": 632.367, "Actual Total Time": 632.367, "Actual Rows": 39445, "Actual Loops": 80537, "Recheck Cond": "(o_orderkey = l2.l_orderkey)", "Rows Removed by Index Recheck": 0, "Filter": "(o_orderstatus = 'F'::bpchar)", "Rows Removed by Filter": 41092, "Exact Heap Blocks": 80537, "Lossy Heap Blocks": 80537, "Plans": [{"Node Type": "Bitmap Index Scan", "Parent Relationship": "Outer", "Index Name": "orders_pkey", "Startup Cost": 0.0, "Total Cost": 0.6, "Plan Rows": 1, "Plan Width": 0, "Actual Startup Time": 353.005, "Actual Total Time": 353.005, "Actual Rows": 80537, "Actual Loops": 80537, "Index Cond": "(o_orderkey = l2.l_orderkey)"}]}]}]}]}]}, "Triggers": [], "Planner Runtime": 7.559, "Total Runtime": 48565.653, "Unique SQL Id": 3870093320}}, "(1, 103)": {"explain_plan": {"Plan": {"Node Type": "Limit", "Startup Cost": 1000209392502.29, "Total Cost": 1000209392502.54, "Plan Rows": 100, "Plan Width": 26, "Plans": [{"Node Type": "Sort", "Parent Relationship": "Outer", "Startup Cost": 1000209392502.29, "Total Cost": 1000209392525.22, "Plan Rows": 100, "Plan Width": 26, "Sort Key": ["(count(*)) DESC", "supplier.s_name"], "Plans": [{"Node Type": "Aggregate", "Strategy": "Hashed", "Parent Relationship": "Outer", "Startup Cost": 1000209392060.03, "Total Cost": 1000209392151.75, "Plan Rows": 9172, "Plan Width": 26, "Group By Key": ["supplier.s_name"], "Plans": [{"Node Type": "Nested Loop", "Parent Relationship": "Outer", "Join Type": "Semi", "Startup Cost": 10000000003.33, "Total Cost": 1000209392014.17, "Plan Rows": 9172, "Plan Width": 26, "Inner Unique": false, "Join Filter": "(orders.o_orderkey = l2.l_orderkey)", "Plans": [{"Node Type": "Nested Loop", "Parent Relationship": "Outer", "Join Type": "Inner", "Startup Cost": 10000000002.51, "Total Cost": 1000209365752.63, "Plan Rows": 9655, "Plan Width": 50, "Inner Unique": true, "Plans": [{"Node Type": "Nested Loop", "Parent Relationship": "Outer", "Join Type": "Inner", "Startup Cost": 10000000002.25, "Total Cost": 1000208331993.1, "Plan Rows": 241373, "Plan Width": 54, "Inner Unique": true, "Plans": [{"Node Type": "Nested Loop", "Parent Relationship": "Outer", "Join Type": "Anti", "Startup Cost": 10000000001.7, "Total Cost": 1000202554809.43, "Plan Rows": 1264232, "Plan Width": 24, "Inner Unique": false, "Plans": [{"Node Type": "Nested Loop", "Parent Relationship": "Outer", "Join Type": "Inner", "Startup Cost": 10000000000.88, "Total Cost": 1000143161213.03, "Plan Rows": 25284641, "Plan Width": 24, "Inner Unique": false, "Plans": [{"Node Type": "Index Scan", "Parent Relationship": "Outer", "Scan Direction": "Forward", "Index Name": "orders_pkey", "Relation Name": "orders", "Alias": "orders", "Startup Cost": 10000000000.0, "Total Cost": 1000076847713.25, "Plan Rows": 7338812, "Plan Width": 8, "Filter": "(o_orderstatus = 'F'::bpchar), (LLVM Optimized)"}, {"Node Type": "Bitmap Heap Scan", "Parent Relationship": "Inner", "Relation Name": "lineitem", "Alias": "l1", "Startup Cost": 0.88, "Total Cost": 9.01, "Plan Rows": 3, "Plan Width": 16, "Recheck Cond": "(l_orderkey = orders.o_orderkey)", "Filter": "(l_receiptdate > l_commitdate)", "Plans": [{"Node Type": "Bitmap Index Scan", "Parent Relationship": "Outer", "Index Name": "idx_lineitem_orderkey", "Startup Cost": 0.0, "Total Cost": 0.88, "Plan Rows": 9, "Plan Width": 0, "Index Cond": "(l_orderkey = orders.o_orderkey)"}]}]}, {"Node Type": "Bitmap Heap Scan", "Parent Relationship": "Inner", "Relation Name": "lineitem", "Alias": "l3", "Startup Cost": 0.82, "Total Cost": 8.97, "Plan Rows": 3, "Plan Width": 16, "Recheck Cond": "(l_orderkey = l1.l_orderkey)", "Filter": "((l_receiptdate > l_commitdate) AND (l_suppkey <> l1.l_suppkey))", "Plans": [{"Node Type": "Bitmap Index Scan", "Parent Relationship": "Outer", "Index Name": "idx_lineitem_orderkey", "Startup Cost": 0.0, "Total Cost": 0.82, "Plan Rows": 9, "Plan Width": 0, "Index Cond": "(l_orderkey = l1.l_orderkey)"}]}]}, {"Node Type": "Bitmap Heap Scan", "Parent Relationship": "Inner", "Relation Name": "supplier", "Alias": "supplier", "Startup Cost": 0.55, "Total Cost": 4.56, "Plan Rows": 1, "Plan Width": 38, "Recheck Cond": "(s_suppkey = l1.l_suppkey)", "Plans": [{"Node Type": "Bitmap Index Scan", "Parent Relationship": "Outer", "Index Name": "supplier_pkey", "Startup Cost": 0.0, "Total Cost": 0.55, "Plan Rows": 1, "Plan Width": 0, "Index Cond": "(s_suppkey = l1.l_suppkey)"}]}]}, {"Node Type": "Bitmap Heap Scan", "Parent Relationship": "Inner", "Relation Name": "nation", "Alias": "nation", "Startup Cost": 0.26, "Total Cost": 4.27, "Plan Rows": 1, "Plan Width": 4, "Recheck Cond": "(n_nationkey = supplier.s_nationkey)", "Filter": "(n_name = 'EGYPT'::bpchar)", "Plans": [{"Node Type": "Bitmap Index Scan", "Parent Relationship": "Outer", "Index Name": "nation_pkey", "Startup Cost": 0.0, "Total Cost": 0.26, "Plan Rows": 1, "Plan Width": 0, "Index Cond": "(n_nationkey = supplier.s_nationkey)"}]}]}, {"Node Type": "Bitmap Heap Scan", "Parent Relationship": "Inner", "Relation Name": "lineitem", "Alias": "l2", "Startup Cost": 0.82, "Total Cost": 8.95, "Plan Rows": 9, "Plan Width": 16, "Recheck Cond": "(l_orderkey = l1.l_orderkey)", "Filter": "(l_suppkey <> l1.l_suppkey)", "Plans": [{"Node Type": "Bitmap Index Scan", "Parent Relationship": "Outer", "Index Name": "idx_lineitem_orderkey", "Startup Cost": 0.0, "Total Cost": 0.82, "Plan Rows": 9, "Plan Width": 0, "Index Cond": "(l_orderkey = l1.l_orderkey)"}]}]}]}]}]}, "Unique SQL Id": 3870093320}, "explain_analyze_plan": null}, "(1, 104)": {"explain_plan": {"Plan": {"Node Type": "Limit", "Startup Cost": 2301850.01, "Total Cost": 2301850.26, "Plan Rows": 100, "Plan Width": 26, "Plans": [{"Node Type": "Sort", "Parent Relationship": "Outer", "Startup Cost": 2301850.01, "Total Cost": 2301872.94, "Plan Rows": 100, "Plan Width": 26, "Sort Key": ["(count(*)) DESC", "supplier.s_name"], "Plans": [{"Node Type": "Aggregate", "Strategy": "Hashed", "Parent Relationship": "Outer", "Startup Cost": 2301407.74, "Total Cost": 2301499.46, "Plan Rows": 9172, "Plan Width": 26, "Group By Key": ["supplier.s_name"], "Plans": [{"Node Type": "Nested Loop", "Parent Relationship": "Outer", "Join Type": "Inner", "Startup Cost": 3624.95, "Total Cost": 2301361.88, "Plan Rows": 9172, "Plan Width": 26, "Inner Unique": true, "Join Filter": "(l1.l_orderkey = orders.o_orderkey)", "Plans": [{"Node Type": "Nested Loop", "Parent Relationship": "Outer", "Join Type": "Semi", "Startup Cost": 3624.95, "Total Cost": 2294261.51, "Plan Rows": 7254, "Plan Width": 42, "Inner Unique": false, "Plans": [{"Node Type": "Nested Loop", "Parent Relationship": "Outer", "Join Type": "Anti", "Startup Cost": 3624.95, "Total Cost": 2292405.94, "Plan Rows": 7635, "Plan Width": 42, "Inner Unique": false, "Plans": [{"Node Type": "Hash Join", "Parent Relationship": "Outer", "Join Type": "Inner", "Startup Cost": 3624.95, "Total Cost": 2245218.73, "Plan Rows": 152707, "Plan Width": 42, "Inner Unique": false, "Hash Cond": "(l1.l_suppkey = supplier.s_suppkey), (LLVM Optimized)", "Plans": [{"Node Type": "Seq Scan", "Parent Relationship": "Outer", "Relation Name": "lineitem", "Alias": "l1", "Startup Cost": 0.0, "Total Cost": 2165082.91, "Plan Rows": 19995678, "Plan Width": 16, "Filter": "(l_receiptdate > l_commitdate), (LLVM Optimized)"}, {"Node Type": "Hash", "Parent Relationship": "Inner", "Startup Cost": 3574.95, "Total Cost": 3574.95, "Plan Rows": 4000, "Plan Width": 34, "Plans": [{"Node Type": "Hash Join", "Parent Relationship": "Outer", "Join Type": "Inner", "Startup Cost": 1.32, "Total Cost": 3574.95, "Plan Rows": 4000, "Plan Width": 34, "Inner Unique": true, "Hash Cond": "(supplier.s_nationkey = nation.n_nationkey)", "Plans": [{"Node Type": "Seq Scan", "Parent Relationship": "Outer", "Relation Name": "supplier", "Alias": "supplier", "Startup Cost": 0.0, "Total Cost": 3283.0, "Plan Rows": 100000, "Plan Width": 38}, {"Node Type": "Hash", "Parent Relationship": "Inner", "Startup Cost": 1.31, "Total Cost": 1.31, "Plan Rows": 1, "Plan Width": 4, "Plans": [{"Node Type": "Seq Scan", "Parent Relationship": "Outer", "Relation Name": "nation", "Alias": "nation", "Startup Cost": 0.0, "Total Cost": 1.31, "Plan Rows": 1, "Plan Width": 4, "Filter": "(n_name = 'EGYPT'::bpchar)"}]}]}]}]}, {"Node Type": "Index Scan", "Parent Relationship": "Inner", "Scan Direction": "Forward", "Index Name": "idx_lineitem_orderkey", "Relation Name": "lineitem", "Alias": "l3", "Startup Cost": 0.0, "Total Cost": 1.63, "Plan Rows": 3, "Plan Width": 16, "Index Cond": "(l_orderkey = l1.l_orderkey)", "Filter": "((l_receiptdate > l_commitdate) AND (l_suppkey <> l1.l_suppkey))"}]}, {"Node Type": "Index Scan", "Parent Relationship": "Inner", "Scan Direction": "Forward", "Index Name": "idx_lineitem_orderkey", "Relation Name": "lineitem", "Alias": "l2", "Startup Cost": 0.0, "Total Cost": 1.63, "Plan Rows": 9, "Plan Width": 16, "Index Cond": "(l_orderkey = l1.l_orderkey)", "Filter": "(l_suppkey <> l1.l_suppkey)"}]}, {"Node Type": "Index Scan", "Parent Relationship": "Inner", "Scan Direction": "Forward", "Index Name": "orders_pkey", "Relation Name": "orders", "Alias": "orders", "Startup Cost": 0.0, "Total Cost": 0.97, "Plan Rows": 1, "Plan Width": 8, "Index Cond": "(o_orderkey = l2.l_orderkey)", "Filter": "(o_orderstatus = 'F'::bpchar)"}]}]}]}]}, "Unique SQL Id": 3870093320}, "explain_analyze_plan": {"Plan": {"Node Type": "Limit", "Startup Cost": 2301850.01, "Total Cost": 2301850.26, "Plan Rows": 100, "Plan Width": 26, "Actual Startup Time": 43900.873, "Actual Total Time": 43900.892, "Actual Rows": 100, "Actual Loops": 1, "Plans": [{"Node Type": "Sort", "Parent Relationship": "Outer", "Startup Cost": 2301850.01, "Total Cost": 2301872.94, "Plan Rows": 100, "Plan Width": 26, "Actual Startup Time": 43900.87, "Actual Total Time": 43900.872, "Actual Rows": 100, "Actual Loops": 1, "Sort Key": ["(count(*)) DESC", "supplier.s_name"], "Sort Method": "top-N heapsort", "Sort Space Used": 41, "Sort Space Type": "Memory", "Plans": [{"Node Type": "Aggregate", "Strategy": "Hashed", "Parent Relationship": "Outer", "Startup Cost": 2301407.74, "Total Cost": 2301499.46, "Plan Rows": 9172, "Plan Width": 26, "Actual Startup Time": 43897.401, "Actual Total Time": 43898.802, "Actual Rows": 3981, "Actual Loops": 1, "Group By Key": ["supplier.s_name"], "Plans": [{"Node Type": "Nested Loop", "Parent Relationship": "Outer", "Join Type": "Inner", "Startup Cost": 3624.95, "Total Cost": 2301361.88, "Plan Rows": 9172, "Plan Width": 26, "Actual Startup Time": 52.489, "Actual Total Time": 43825.566, "Actual Rows": 39445, "Actual Loops": 1, "Inner Unique": true, "Join Filter": "(l1.l_orderkey = orders.o_orderkey)", "Rows Removed by Join Filter": 0, "Plans": [{"Node Type": "Nested Loop", "Parent Relationship": "Outer", "Join Type": "Semi", "Startup Cost": 3624.95, "Total Cost": 2294261.51, "Plan Rows": 7254, "Plan Width": 42, "Actual Startup Time": 52.469, "Actual Total Time": 43210.352, "Actual Rows": 80537, "Actual Loops": 1, "Inner Unique": false, "Plans": [{"Node Type": "Nested Loop", "Parent Relationship": "Outer", "Join Type": "Anti", "Startup Cost": 3624.95, "Total Cost": 2292405.94, "Plan Rows": 7635, "Plan Width": 42, "Actual Startup Time": 52.181, "Actual Total Time": 42595.813, "Actual Rows": 135110, "Actual Loops": 1, "Inner Unique": false, "Plans": [{"Node Type": "Hash Join", "Parent Relationship": "Outer", "Join Type": "Inner", "Startup Cost": 3624.95, "Total Cost": 2245218.73, "Plan Rows": 152707, "Plan Width": 42, "Actual Startup Time": 51.538, "Actual Total Time": 33829.123, "Actual Rows": 1511024, "Actual Loops": 1, "Inner Unique": false, "Hash Cond": "(l1.l_suppkey = supplier.s_suppkey), (LLVM Optimized, Jit Execute)", "Plans": [{"Node Type": "Seq Scan", "Parent Relationship": "Outer", "Relation Name": "lineitem", "Alias": "l1", "Startup Cost": 0.0, "Total Cost": 2165082.91, "Plan Rows": 19995678, "Plan Width": 16, "Actual Startup Time": 0.024, "Actual Total Time": 25355.471, "Actual Rows": 37929348, "Actual Loops": 1, "Filter": "(l_receiptdate > l_commitdate), (LLVM Optimized, Jit Execute)", "Rows Removed by Filter": 22056704}, {"Node Type": "Hash", "Parent Relationship": "Inner", "Startup Cost": 3574.95, "Total Cost": 3574.95, "Plan Rows": 4000, "Plan Width": 34, "Actual Startup Time": 51.383, "Actual Total Time": 51.383, "Actual Rows": 3981, "Actual Loops": 1, "Hash Buckets": 32768, "Hash Batches": 1, "Original Hash Batches": 1, "Peak Memory Usage": 280, "Plans": [{"Node Type": "Hash Join", "Parent Relationship": "Outer", "Join Type": "Inner", "Startup Cost": 1.32, "Total Cost": 3574.95, "Plan Rows": 4000, "Plan Width": 34, "Actual Startup Time": 0.083, "Actual Total Time": 49.997, "Actual Rows": 3981, "Actual Loops": 1, "Inner Unique": true, "Hash Cond": "(supplier.s_nationkey = nation.n_nationkey)", "Plans": [{"Node Type": "Seq Scan", "Parent Relationship": "Outer", "Relation Name": "supplier", "Alias": "supplier", "Startup Cost": 0.0, "Total Cost": 3283.0, "Plan Rows": 100000, "Plan Width": 38, "Actual Startup Time": 0.01, "Actual Total Time": 28.721, "Actual Rows": 100000, "Actual Loops": 1}, {"Node Type": "Hash", "Parent Relationship": "Inner", "Startup Cost": 1.31, "Total Cost": 1.31, "Plan Rows": 1, "Plan Width": 4, "Actual Startup Time": 0.03, "Actual Total Time": 0.03, "Actual Rows": 1, "Actual Loops": 1, "Hash Buckets": 32768, "Hash Batches": 1, "Original Hash Batches": 1, "Peak Memory Usage": 1, "Plans": [{"Node Type": "Seq Scan", "Parent Relationship": "Outer", "Relation Name": "nation", "Alias": "nation", "Startup Cost": 0.0, "Total Cost": 1.31, "Plan Rows": 1, "Plan Width": 4, "Actual Startup Time": 0.017, "Actual Total Time": 0.023, "Actual Rows": 1, "Actual Loops": 1, "Filter": "(n_name = 'EGYPT'::bpchar)", "Rows Removed by Filter": 24}]}]}]}]}, {"Node Type": "Index Scan", "Parent Relationship": "Inner", "Scan Direction": "Forward", "Index Name": "idx_lineitem_orderkey", "Relation Name": "lineitem", "Alias": "l3", "Startup Cost": 0.0, "Total Cost": 1.63, "Plan Rows": 3, "Plan Width": 16, "Actual Startup Time": 7791.572, "Actual Total Time": 7791.572, "Actual Rows": 1375914, "Actual Loops": 1511024, "Index Cond": "(l_orderkey = l1.l_orderkey)", "Rows Removed by Index Recheck": 0, "Filter": "((l_receiptdate > l_commitdate) AND (l_suppkey <> l1.l_suppkey))", "Rows Removed by Filter": 1348115}]}, {"Node Type": "Index Scan", "Parent Relationship": "Inner", "Scan Direction": "Forward", "Index Name": "idx_lineitem_orderkey", "Relation Name": "lineitem", "Alias": "l2", "Startup Cost": 0.0, "Total Cost": 1.63, "Plan Rows": 9, "Plan Width": 16, "Actual Startup Time": 502.258, "Actual Total Time": 502.258, "Actual Rows": 80537, "Actual Loops": 135110, "Index Cond": "(l_orderkey = l1.l_orderkey)", "Rows Removed by Index Recheck": 0, "Filter": "(l_suppkey <> l1.l_suppkey)", "Rows Removed by Filter": 85912}]}, {"Node Type": "Index Scan", "Parent Relationship": "Inner", "Scan Direction": "Forward", "Index Name": "orders_pkey", "Relation Name": "orders", "Alias": "orders", "Startup Cost": 0.0, "Total Cost": 0.97, "Plan Rows": 1, "Plan Width": 8, "Actual Startup Time": 535.065, "Actual Total Time": 535.065, "Actual Rows": 39445, "Actual Loops": 80537, "Index Cond": "(o_orderkey = l2.l_orderkey)", "Rows Removed by Index Recheck": 0, "Filter": "(o_orderstatus = 'F'::bpchar)", "Rows Removed by Filter": 41092}]}]}]}]}, "Triggers": [], "Planner Runtime": 7.356, "Total Runtime": 43909.894, "Unique SQL Id": 3870093320}}, "(1, 105)": {"explain_plan": {"Plan": {"Node Type": "Limit", "Startup Cost": 3528952.51, "Total Cost": 3528952.76, "Plan Rows": 100, "Plan Width": 26, "Plans": [{"Node Type": "Sort", "Parent Relationship": "Outer", "Startup Cost": 3528952.51, "Total Cost": 3528975.44, "Plan Rows": 100, "Plan Width": 26, "Sort Key": ["(count(*)) DESC", "supplier.s_name"], "Plans": [{"Node Type": "Aggregate", "Strategy": "Hashed", "Parent Relationship": "Outer", "Startup Cost": 3528510.24, "Total Cost": 3528601.96, "Plan Rows": 9172, "Plan Width": 26, "Group By Key": ["supplier.s_name"], "Plans": [{"Node Type": "Nested Loop", "Parent Relationship": "Outer", "Join Type": "Inner", "Startup Cost": 5689.04, "Total Cost": 3528464.38, "Plan Rows": 9172, "Plan Width": 26, "Inner Unique": true, "Join Filter": "(l1.l_orderkey = orders.o_orderkey)", "Plans": [{"Node Type": "Nested Loop", "Parent Relationship": "Outer", "Join Type": "Semi", "Startup Cost": 5689.04, "Total Cost": 3521364.01, "Plan Rows": 7254, "Plan Width": 42, "Inner Unique": false, "Plans": [{"Node Type": "Nested Loop", "Parent Relationship": "Outer", "Join Type": "Anti", "Startup Cost": 5689.04, "Total Cost": 3519508.45, "Plan Rows": 7635, "Plan Width": 42, "Inner Unique": false, "Plans": [{"Node Type": "Hash Join", "Parent Relationship": "Outer", "Join Type": "Inner", "Startup Cost": 5689.04, "Total Cost": 3472321.23, "Plan Rows": 152707, "Plan Width": 42, "Inner Unique": false, "Hash Cond": "(l1.l_suppkey = supplier.s_suppkey), (LLVM Optimized)", "Plans": [{"Node Type": "Index Scan", "Parent Relationship": "Outer", "Scan Direction": "Forward", "Index Name": "idx_lineitem_orderkey", "Relation Name": "lineitem", "Alias": "l1", "Startup Cost": 0.0, "Total Cost": 3390121.33, "Plan Rows": 19995678, "Plan Width": 16, "Filter": "(l_receiptdate > l_commitdate), (LLVM Optimized)"}, {"Node Type": "Hash", "Parent Relationship": "Inner", "Startup Cost": 5639.04, "Total Cost": 5639.04, "Plan Rows": 4000, "Plan Width": 34, "Plans": [{"Node Type": "Hash Join", "Parent Relationship": "Outer", "Join Type": "Inner", "Startup Cost": 12.7, "Total Cost": 5639.04, "Plan Rows": 4000, "Plan Width": 34, "Inner Unique": true, "Hash Cond": "(supplier.s_nationkey = nation.n_nationkey)", "Plans": [{"Node Type": "Index Scan", "Parent Relationship": "Outer", "Scan Direction": "Forward", "Index Name": "supplier_pkey", "Relation Name": "supplier", "Alias": "supplier", "Startup Cost": 0.0, "Total Cost": 5335.71, "Plan Rows": 100000, "Plan Width": 38}, {"Node Type": "Hash", "Parent Relationship": "Inner", "Startup Cost": 12.69, "Total Cost": 12.69, "Plan Rows": 1, "Plan Width": 4, "Plans": [{"Node Type": "Index Scan", "Parent Relationship": "Outer", "Scan Direction": "Forward", "Index Name": "nation_pkey", "Relation Name": "nation", "Alias": "nation", "Startup Cost": 0.0, "Total Cost": 12.69, "Plan Rows": 1, "Plan Width": 4, "Filter": "(n_name = 'EGYPT'::bpchar)"}]}]}]}]}, {"Node Type": "Index Scan", "Parent Relationship": "Inner", "Scan Direction": "Forward", "Index Name": "idx_lineitem_orderkey", "Relation Name": "lineitem", "Alias": "l3", "Startup Cost": 0.0, "Total Cost": 1.63, "Plan Rows": 3, "Plan Width": 16, "Index Cond": "(l_orderkey = l1.l_orderkey)", "Filter": "((l_receiptdate > l_commitdate) AND (l_suppkey <> l1.l_suppkey))"}]}, {"Node Type": "Index Scan", "Parent Relationship": "Inner", "Scan Direction": "Forward", "Index Name": "idx_lineitem_orderkey", "Relation Name": "lineitem", "Alias": "l2", "Startup Cost": 0.0, "Total Cost": 1.63, "Plan Rows": 9, "Plan Width": 16, "Index Cond": "(l_orderkey = l1.l_orderkey)", "Filter": "(l_suppkey <> l1.l_suppkey)"}]}, {"Node Type": "Index Scan", "Parent Relationship": "Inner", "Scan Direction": "Forward", "Index Name": "orders_pkey", "Relation Name": "orders", "Alias": "orders", "Startup Cost": 0.0, "Total Cost": 0.97, "Plan Rows": 1, "Plan Width": 8, "Index Cond": "(o_orderkey = l2.l_orderkey)", "Filter": "(o_orderstatus = 'F'::bpchar)"}]}]}]}]}, "Unique SQL Id": 3870093320}, "explain_analyze_plan": {"Plan": {"Node Type": "Limit", "Startup Cost": 3528952.51, "Total Cost": 3528952.76, "Plan Rows": 100, "Plan Width": 26, "Actual Startup Time": 64531.618, "Actual Total Time": 64531.632, "Actual Rows": 100, "Actual Loops": 1, "Plans": [{"Node Type": "Sort", "Parent Relationship": "Outer", "Startup Cost": 3528952.51, "Total Cost": 3528975.44, "Plan Rows": 100, "Plan Width": 26, "Actual Startup Time": 64531.614, "Actual Total Time": 64531.616, "Actual Rows": 100, "Actual Loops": 1, "Sort Key": ["(count(*)) DESC", "supplier.s_name"], "Sort Method": "top-N heapsort", "Sort Space Used": 41, "Sort Space Type": "Memory", "Plans": [{"Node Type": "Aggregate", "Strategy": "Hashed", "Parent Relationship": "Outer", "Startup Cost": 3528510.24, "Total Cost": 3528601.96, "Plan Rows": 9172, "Plan Width": 26, "Actual Startup Time": 64528.29, "Actual Total Time": 64529.482, "Actual Rows": 3981, "Actual Loops": 1, "Group By Key": ["supplier.s_name"], "Plans": [{"Node Type": "Nested Loop", "Parent Relationship": "Outer", "Join Type": "Inner", "Startup Cost": 5689.04, "Total Cost": 3528464.38, "Plan Rows": 9172, "Plan Width": 26, "Actual Startup Time": 76.543, "Actual Total Time": 64453.944, "Actual Rows": 39445, "Actual Loops": 1, "Inner Unique": true, "Join Filter": "(l1.l_orderkey = orders.o_orderkey)", "Rows Removed by Join Filter": 0, "Plans": [{"Node Type": "Nested Loop", "Parent Relationship": "Outer", "Join Type": "Semi", "Startup Cost": 5689.04, "Total Cost": 3521364.01, "Plan Rows": 7254, "Plan Width": 42, "Actual Startup Time": 76.52, "Actual Total Time": 63836.711, "Actual Rows": 80537, "Actual Loops": 1, "Inner Unique": false, "Plans": [{"Node Type": "Nested Loop", "Parent Relationship": "Outer", "Join Type": "Anti", "Startup Cost": 5689.04, "Total Cost": 3519508.45, "Plan Rows": 7635, "Plan Width": 42, "Actual Startup Time": 76.144, "Actual Total Time": 63222.256, "Actual Rows": 135110, "Actual Loops": 1, "Inner Unique": false, "Plans": [{"Node Type": "Hash Join", "Parent Relationship": "Outer", "Join Type": "Inner", "Startup Cost": 5689.04, "Total Cost": 3472321.23, "Plan Rows": 152707, "Plan Width": 42, "Actual Startup Time": 75.328, "Actual Total Time": 55228.058, "Actual Rows": 1511024, "Actual Loops": 1, "Inner Unique": false, "Hash Cond": "(l1.l_suppkey = supplier.s_suppkey), (LLVM Optimized, Jit Execute)", "Plans": [{"Node Type": "Index Scan", "Parent Relationship": "Outer", "Scan Direction": "Forward", "Index Name": "idx_lineitem_orderkey", "Relation Name": "lineitem", "Alias": "l1", "Startup Cost": 0.0, "Total Cost": 3390121.33, "Plan Rows": 19995678, "Plan Width": 16, "Actual Startup Time": 0.049, "Actual Total Time": 47134.749, "Actual Rows": 37929348, "Actual Loops": 1, "Filter": "(l_receiptdate > l_commitdate), (LLVM Optimized, Jit Execute)", "Rows Removed by Filter": 22056704}, {"Node Type": "Hash", "Parent Relationship": "Inner", "Startup Cost": 5639.04, "Total Cost": 5639.04, "Plan Rows": 4000, "Plan Width": 34, "Actual Startup Time": 75.114, "Actual Total Time": 75.114, "Actual Rows": 3981, "Actual Loops": 1, "Hash Buckets": 32768, "Hash Batches": 1, "Original Hash Batches": 1, "Peak Memory Usage": 280, "Plans": [{"Node Type": "Hash Join", "Parent Relationship": "Outer", "Join Type": "Inner", "Startup Cost": 12.7, "Total Cost": 5639.04, "Plan Rows": 4000, "Plan Width": 34, "Actual Startup Time": 0.126, "Actual Total Time": 73.635, "Actual Rows": 3981, "Actual Loops": 1, "Inner Unique": true, "Hash Cond": "(supplier.s_nationkey = nation.n_nationkey)", "Plans": [{"Node Type": "Index Scan", "Parent Relationship": "Outer", "Scan Direction": "Forward", "Index Name": "supplier_pkey", "Relation Name": "supplier", "Alias": "supplier", "Startup Cost": 0.0, "Total Cost": 5335.71, "Plan Rows": 100000, "Plan Width": 38, "Actual Startup Time": 0.023, "Actual Total Time": 53.648, "Actual Rows": 100000, "Actual Loops": 1}, {"Node Type": "Hash", "Parent Relationship": "Inner", "Startup Cost": 12.69, "Total Cost": 12.69, "Plan Rows": 1, "Plan Width": 4, "Actual Startup Time": 0.031, "Actual Total Time": 0.031, "Actual Rows": 1, "Actual Loops": 1, "Hash Buckets": 32768, "Hash Batches": 1, "Original Hash Batches": 1, "Peak Memory Usage": 1, "Plans": [{"Node Type": "Index Scan", "Parent Relationship": "Outer", "Scan Direction": "Forward", "Index Name": "nation_pkey", "Relation Name": "nation", "Alias": "nation", "Startup Cost": 0.0, "Total Cost": 12.69, "Plan Rows": 1, "Plan Width": 4, "Actual Startup Time": 0.012, "Actual Total Time": 0.023, "Actual Rows": 1, "Actual Loops": 1, "Filter": "(n_name = 'EGYPT'::bpchar)", "Rows Removed by Filter": 24}]}]}]}]}, {"Node Type": "Index Scan", "Parent Relationship": "Inner", "Scan Direction": "Forward", "Index Name": "idx_lineitem_orderkey", "Relation Name": "lineitem", "Alias": "l3", "Startup Cost": 0.0, "Total Cost": 1.63, "Plan Rows": 3, "Plan Width": 16, "Actual Startup Time": 7005.317, "Actual Total Time": 7005.317, "Actual Rows": 1375914, "Actual Loops": 1511024, "Index Cond": "(l_orderkey = l1.l_orderkey)", "Rows Removed by Index Recheck": 0, "Filter": "((l_receiptdate > l_commitdate) AND (l_suppkey <> l1.l_suppkey))", "Rows Removed by Filter": 1348115}]}, {"Node Type": "Index Scan", "Parent Relationship": "Inner", "Scan Direction": "Forward", "Index Name": "idx_lineitem_orderkey", "Relation Name": "lineitem", "Alias": "l2", "Startup Cost": 0.0, "Total Cost": 1.63, "Plan Rows": 9, "Plan Width": 16, "Actual Startup Time": 496.583, "Actual Total Time": 496.583, "Actual Rows": 80537, "Actual Loops": 135110, "Index Cond": "(l_orderkey = l1.l_orderkey)", "Rows Removed by Index Recheck": 0, "Filter": "(l_suppkey <> l1.l_suppkey)", "Rows Removed by Filter": 85912}]}, {"Node Type": "Index Scan", "Parent Relationship": "Inner", "Scan Direction": "Forward", "Index Name": "orders_pkey", "Relation Name": "orders", "Alias": "orders", "Startup Cost": 0.0, "Total Cost": 0.97, "Plan Rows": 1, "Plan Width": 8, "Actual Startup Time": 531.947, "Actual Total Time": 531.947, "Actual Rows": 39445, "Actual Loops": 80537, "Index Cond": "(o_orderkey = l2.l_orderkey)", "Rows Removed by Index Recheck": 0, "Filter": "(o_orderstatus = 'F'::bpchar)", "Rows Removed by Filter": 41092}]}]}]}]}, "Triggers": [], "Planner Runtime": 7.351, "Total Runtime": 64541.113, "Unique SQL Id": 3870093320}}, "(1, 106)": {"explain_plan": {"Plan": {"Node Type": "Limit", "Startup Cost": 7494113.85, "Total Cost": 7494114.1, "Plan Rows": 100, "Plan Width": 26, "Plans": [{"Node Type": "Sort", "Parent Relationship": "Outer", "Startup Cost": 7494113.85, "Total Cost": 7494136.78, "Plan Rows": 100, "Plan Width": 26, "Sort Key": ["(count(*)) DESC", "supplier.s_name"], "Plans": [{"Node Type": "Aggregate", "Strategy": "Hashed", "Parent Relationship": "Outer", "Startup Cost": 7493671.58, "Total Cost": 7493763.3, "Plan Rows": 9172, "Plan Width": 26, "Group By Key": ["supplier.s_name"], "Plans": [{"Node Type": "Hash Join", "Parent Relationship": "Outer", "Join Type": "Right Semi", "Startup Cost": 5238970.65, "Total Cost": 7493625.72, "Plan Rows": 9172, "Plan Width": 26, "Inner Unique": false, "Hash Cond": "(l2.l_orderkey = orders.o_orderkey)", "Join Filter": "(l2.l_suppkey <> l1.l_suppkey)", "Plans": [{"Node Type": "Seq Scan", "Parent Relationship": "Outer", "Relation Name": "lineitem", "Alias": "l2", "Startup Cost": 0.0, "Total Cost": 2015115.33, "Plan Rows": 59987033, "Plan Width": 16}, {"Node Type": "Hash", "Parent Relationship": "Inner", "Startup Cost": 5238849.96, "Total Cost": 5238849.96, "Plan Rows": 9655, "Plan Width": 50, "Plans": [{"Node Type": "Hash Join", "Parent Relationship": "Outer", "Join Type": "Inner", "Startup Cost": 4747320.39, "Total Cost": 5238849.96, "Plan Rows": 9655, "Plan Width": 50, "Inner Unique": false, "Hash Cond": "(orders.o_orderkey = l1.l_orderkey)", "Plans": [{"Node Type": "Seq Scan", "Parent Relationship": "Outer", "Relation Name": "orders", "Alias": "orders", "Startup Cost": 0.0, "Total Cost": 463912.49, "Plan Rows": 7338812, "Plan Width": 8, "Filter": "(o_orderstatus = 'F'::bpchar), (LLVM Optimized)"}, {"Node Type": "Hash", "Parent Relationship": "Inner", "Startup Cost": 4747224.95, "Total Cost": 4747224.95, "Plan Rows": 7635, "Plan Width": 42, "Plans": [{"Node Type": "Hash Join", "Parent Relationship": "Outer", "Join Type": "Anti", "Startup Cost": 2418653.84, "Total Cost": 4747224.95, "Plan Rows": 7635, "Plan Width": 42, "Inner Unique": false, "Hash Cond": "(l1.l_orderkey = l3.l_orderkey)", "Join Filter": "(l3.l_suppkey <> l1.l_suppkey)", "Plans": [{"Node Type": "Hash Join", "Parent Relationship": "Outer", "Join Type": "Inner", "Startup Cost": 3624.95, "Total Cost": 2245218.73, "Plan Rows": 152707, "Plan Width": 42, "Inner Unique": false, "Hash Cond": "(l1.l_suppkey = supplier.s_suppkey), (LLVM Optimized)", "Plans": [{"Node Type": "Seq Scan", "Parent Relationship": "Outer", "Relation Name": "lineitem", "Alias": "l1", "Startup Cost": 0.0, "Total Cost": 2165082.91, "Plan Rows": 19995678, "Plan Width": 16, "Filter": "(l_receiptdate > l_commitdate), (LLVM Optimized)"}, {"Node Type": "Hash", "Parent Relationship": "Inner", "Startup Cost": 3574.95, "Total Cost": 3574.95, "Plan Rows": 4000, "Plan Width": 34, "Plans": [{"Node Type": "Hash Join", "Parent Relationship": "Outer", "Join Type": "Inner", "Startup Cost": 1.32, "Total Cost": 3574.95, "Plan Rows": 4000, "Plan Width": 34, "Inner Unique": true, "Hash Cond": "(supplier.s_nationkey = nation.n_nationkey)", "Plans": [{"Node Type": "Seq Scan", "Parent Relationship": "Outer", "Relation Name": "supplier", "Alias": "supplier", "Startup Cost": 0.0, "Total Cost": 3283.0, "Plan Rows": 100000, "Plan Width": 38}, {"Node Type": "Hash", "Parent Relationship": "Inner", "Startup Cost": 1.31, "Total Cost": 1.31, "Plan Rows": 1, "Plan Width": 4, "Plans": [{"Node Type": "Seq Scan", "Parent Relationship": "Outer", "Relation Name": "nation", "Alias": "nation", "Startup Cost": 0.0, "Total Cost": 1.31, "Plan Rows": 1, "Plan Width": 4, "Filter": "(n_name = 'EGYPT'::bpchar)"}]}]}]}]}, {"Node Type": "Hash", "Parent Relationship": "Inner", "Startup Cost": 2165082.91, "Total Cost": 2165082.91, "Plan Rows": 19995678, "Plan Width": 16, "Plans": [{"Node Type": "Seq Scan", "Parent Relationship": "Outer", "Relation Name": "lineitem", "Alias": "l3", "Startup Cost": 0.0, "Total Cost": 2165082.91, "Plan Rows": 19995678, "Plan Width": 16, "Filter": "(l_receiptdate > l_commitdate), (LLVM Optimized)"}]}]}]}]}]}]}]}]}]}, "Unique SQL Id": 3870093320}, "explain_analyze_plan": null}, "(1, 107)": {"explain_plan": {"Plan": {"Node Type": "Limit", "Startup Cost": 6001081212565.42, "Total Cost": 6001081212565.67, "Plan Rows": 100, "Plan Width": 26, "Plans": [{"Node Type": "Sort", "Parent Relationship": "Outer", "Startup Cost": 6001081212565.42, "Total Cost": 6001081212588.35, "Plan Rows": 100, "Plan Width": 26, "Sort Key": ["(count(*)) DESC", "supplier.s_name"], "Plans": [{"Node Type": "Aggregate", "Strategy": "Hashed", "Parent Relationship": "Outer", "Startup Cost": 6001081212123.16, "Total Cost": 6001081212214.88, "Plan Rows": 9172, "Plan Width": 26, "Group By Key": ["supplier.s_name"], "Plans": [{"Node Type": "Hash Join", "Parent Relationship": "Outer", "Join Type": "Inner", "Startup Cost": 4021080228818.26, "Total Cost": 6001081212077.3, "Plan Rows": 9172, "Plan Width": 26, "Inner Unique": true, "Hash Cond": "(l1.l_orderkey = orders.o_orderkey)", "Plans": [{"Node Type": "Hash Join", "Parent Relationship": "Outer", "Join Type": "Semi", "Startup Cost": 3021003289369.86, "Total Cost": 5001004272509.96, "Plan Rows": 7254, "Plan Width": 42, "Inner Unique": false, "Hash Cond": "(l1.l_orderkey = l2.l_orderkey)", "Join Filter": "(l2.l_suppkey <> l1.l_suppkey)", "Plans": [{"Node Type": "Hash Join", "Parent Relationship": "Outer", "Join Type": "Anti", "Startup Cost": 2020678524157.45, "Total Cost": 4000679504286.55, "Plan Rows": 7635, "Plan Width": 42, "Inner Unique": false, "Hash Cond": "(l1.l_orderkey = l3.l_orderkey)", "Join Filter": "(l3.l_suppkey <> l1.l_suppkey)", "Plans": [{"Node Type": "Hash Join", "Parent Relationship": "Outer", "Join Type": "Inner", "Startup Cost": 1020339262078.72, "Total Cost": 3000340155230.49, "Plan Rows": 152707, "Plan Width": 42, "Inner Unique": false, "Hash Cond": "(supplier.s_suppkey = l1.l_suppkey), (LLVM Optimized)", "Plans": [{"Node Type": "Nested Loop", "Parent Relationship": "Outer", "Join Type": "Inner", "Startup Cost": 20000000000.0, "Total Cost": 2000000862579.69, "Plan Rows": 4000, "Plan Width": 34, "Inner Unique": false, "Plans": [{"Node Type": "Index Scan", "Parent Relationship": "Outer", "Scan Direction": "Forward", "Index Name": "nation_pkey", "Relation Name": "nation", "Alias": "nation", "Startup Cost": 10000000000.0, "Total Cost": 1000000001268.75, "Plan Rows": 1, "Plan Width": 4, "Filter": "(n_name = 'EGYPT'::bpchar)"}, {"Node Type": "Index Scan", "Parent Relationship": "Inner", "Scan Direction": "Forward", "Index Name": "idx_supplier_nation_key", "Relation Name": "supplier", "Alias": "supplier", "Startup Cost": 10000000000.0, "Total Cost": 1000000861270.94, "Plan Rows": 4000, "Plan Width": 38, "Index Cond": "(s_nationkey = nation.n_nationkey)"}]}, {"Node Type": "Hash", "Parent Relationship": "Inner", "Startup Cost": 1000339012132.75, "Total Cost": 1000339012132.75, "Plan Rows": 19995678, "Plan Width": 16, "Plans": [{"Node Type": "Index Scan", "Parent Relationship": "Outer", "Scan Direction": "Forward", "Index Name": "idx_lineitem_orderkey", "Relation Name": "lineitem", "Alias": "l1", "Startup Cost": 10000000000.0, "Total Cost": 1000339012132.75, "Plan Rows": 19995678, "Plan Width": 16, "Filter": "(l_receiptdate > l_commitdate), (LLVM Optimized)"}]}]}, {"Node Type": "Hash", "Parent Relationship": "Inner", "Startup Cost": 1000339012132.75, "Total Cost": 1000339012132.75, "Plan Rows": 19995678, "Plan Width": 16, "Plans": [{"Node Type": "Index Scan", "Parent Relationship": "Outer", "Scan Direction": "Forward", "Index Name": "idx_lineitem_orderkey", "Relation Name": "lineitem", "Alias": "l3", "Startup Cost": 10000000000.0, "Total Cost": 1000339012132.75, "Plan Rows": 19995678, "Plan Width": 16, "Filter": "(l_receiptdate > l_commitdate), (LLVM Optimized)"}]}]}, {"Node Type": "Hash", "Parent Relationship": "Inner", "Startup Cost": 1000324015374.5, "Total Cost": 1000324015374.5, "Plan Rows": 59987033, "Plan Width": 16, "Plans": [{"Node Type": "Index Scan", "Parent Relationship": "Outer", "Scan Direction": "Forward", "Index Name": "idx_lineitem_orderkey", "Relation Name": "lineitem", "Alias": "l2", "Startup Cost": 10000000000.0, "Total Cost": 1000324015374.5, "Plan Rows": 59987033, "Plan Width": 16}]}]}, {"Node Type": "Hash", "Parent Relationship": "Inner", "Startup Cost": 1000076847713.25, "Total Cost": 1000076847713.25, "Plan Rows": 7338812, "Plan Width": 8, "Plans": [{"Node Type": "Index Scan", "Parent Relationship": "Outer", "Scan Direction": "Forward", "Index Name": "orders_pkey", "Relation Name": "orders", "Alias": "orders", "Startup Cost": 10000000000.0, "Total Cost": 1000076847713.25, "Plan Rows": 7338812, "Plan Width": 8, "Filter": "(o_orderstatus = 'F'::bpchar), (LLVM Optimized)"}]}]}]}]}]}, "Unique SQL Id": 3870093320}, "explain_analyze_plan": null}, "(1, 108)": {"explain_plan": {"Plan": {"Node Type": "Limit", "Startup Cost": 2301850.01, "Total Cost": 2301850.26, "Plan Rows": 100, "Plan Width": 26, "Plans": [{"Node Type": "Sort", "Parent Relationship": "Outer", "Startup Cost": 2301850.01, "Total Cost": 2301872.94, "Plan Rows": 100, "Plan Width": 26, "Sort Key": ["(count(*)) DESC", "supplier.s_name"], "Plans": [{"Node Type": "Aggregate", "Strategy": "Hashed", "Parent Relationship": "Outer", "Startup Cost": 2301407.74, "Total Cost": 2301499.46, "Plan Rows": 9172, "Plan Width": 26, "Group By Key": ["supplier.s_name"], "Plans": [{"Node Type": "Nested Loop", "Parent Relationship": "Outer", "Join Type": "Inner", "Startup Cost": 3624.95, "Total Cost": 2301361.88, "Plan Rows": 9172, "Plan Width": 26, "Inner Unique": true, "Join Filter": "(l1.l_orderkey = orders.o_orderkey)", "Plans": [{"Node Type": "Nested Loop", "Parent Relationship": "Outer", "Join Type": "Semi", "Startup Cost": 3624.95, "Total Cost": 2294261.51, "Plan Rows": 7254, "Plan Width": 42, "Inner Unique": false, "Plans": [{"Node Type": "Nested Loop", "Parent Relationship": "Outer", "Join Type": "Anti", "Startup Cost": 3624.95, "Total Cost": 2292405.94, "Plan Rows": 7635, "Plan Width": 42, "Inner Unique": false, "Plans": [{"Node Type": "Hash Join", "Parent Relationship": "Outer", "Join Type": "Inner", "Startup Cost": 3624.95, "Total Cost": 2245218.73, "Plan Rows": 152707, "Plan Width": 42, "Inner Unique": false, "Hash Cond": "(l1.l_suppkey = supplier.s_suppkey), (LLVM Optimized)", "Plans": [{"Node Type": "Seq Scan", "Parent Relationship": "Outer", "Relation Name": "lineitem", "Alias": "l1", "Startup Cost": 0.0, "Total Cost": 2165082.91, "Plan Rows": 19995678, "Plan Width": 16, "Filter": "(l_receiptdate > l_commitdate), (LLVM Optimized)"}, {"Node Type": "Hash", "Parent Relationship": "Inner", "Startup Cost": 3574.95, "Total Cost": 3574.95, "Plan Rows": 4000, "Plan Width": 34, "Plans": [{"Node Type": "Hash Join", "Parent Relationship": "Outer", "Join Type": "Inner", "Startup Cost": 1.32, "Total Cost": 3574.95, "Plan Rows": 4000, "Plan Width": 34, "Inner Unique": true, "Hash Cond": "(supplier.s_nationkey = nation.n_nationkey)", "Plans": [{"Node Type": "Seq Scan", "Parent Relationship": "Outer", "Relation Name": "supplier", "Alias": "supplier", "Startup Cost": 0.0, "Total Cost": 3283.0, "Plan Rows": 100000, "Plan Width": 38}, {"Node Type": "Hash", "Parent Relationship": "Inner", "Startup Cost": 1.31, "Total Cost": 1.31, "Plan Rows": 1, "Plan Width": 4, "Plans": [{"Node Type": "Seq Scan", "Parent Relationship": "Outer", "Relation Name": "nation", "Alias": "nation", "Startup Cost": 0.0, "Total Cost": 1.31, "Plan Rows": 1, "Plan Width": 4, "Filter": "(n_name = 'EGYPT'::bpchar)"}]}]}]}]}, {"Node Type": "Index Scan", "Parent Relationship": "Inner", "Scan Direction": "Forward", "Index Name": "idx_lineitem_orderkey", "Relation Name": "lineitem", "Alias": "l3", "Startup Cost": 0.0, "Total Cost": 1.63, "Plan Rows": 3, "Plan Width": 16, "Index Cond": "(l_orderkey = l1.l_orderkey)", "Filter": "((l_receiptdate > l_commitdate) AND (l_suppkey <> l1.l_suppkey))"}]}, {"Node Type": "Index Scan", "Parent Relationship": "Inner", "Scan Direction": "Forward", "Index Name": "idx_lineitem_orderkey", "Relation Name": "lineitem", "Alias": "l2", "Startup Cost": 0.0, "Total Cost": 1.63, "Plan Rows": 9, "Plan Width": 16, "Index Cond": "(l_orderkey = l1.l_orderkey)", "Filter": "(l_suppkey <> l1.l_suppkey)"}]}, {"Node Type": "Index Scan", "Parent Relationship": "Inner", "Scan Direction": "Forward", "Index Name": "orders_pkey", "Relation Name": "orders", "Alias": "orders", "Startup Cost": 0.0, "Total Cost": 0.97, "Plan Rows": 1, "Plan Width": 8, "Index Cond": "(o_orderkey = l2.l_orderkey)", "Filter": "(o_orderstatus = 'F'::bpchar)"}]}]}]}]}, "Unique SQL Id": 3870093320}, "explain_analyze_plan": {"Plan": {"Node Type": "Limit", "Startup Cost": 2301850.01, "Total Cost": 2301850.26, "Plan Rows": 100, "Plan Width": 26, "Actual Startup Time": 43900.873, "Actual Total Time": 43900.892, "Actual Rows": 100, "Actual Loops": 1, "Plans": [{"Node Type": "Sort", "Parent Relationship": "Outer", "Startup Cost": 2301850.01, "Total Cost": 2301872.94, "Plan Rows": 100, "Plan Width": 26, "Actual Startup Time": 43900.87, "Actual Total Time": 43900.872, "Actual Rows": 100, "Actual Loops": 1, "Sort Key": ["(count(*)) DESC", "supplier.s_name"], "Sort Method": "top-N heapsort", "Sort Space Used": 41, "Sort Space Type": "Memory", "Plans": [{"Node Type": "Aggregate", "Strategy": "Hashed", "Parent Relationship": "Outer", "Startup Cost": 2301407.74, "Total Cost": 2301499.46, "Plan Rows": 9172, "Plan Width": 26, "Actual Startup Time": 43897.401, "Actual Total Time": 43898.802, "Actual Rows": 3981, "Actual Loops": 1, "Group By Key": ["supplier.s_name"], "Plans": [{"Node Type": "Nested Loop", "Parent Relationship": "Outer", "Join Type": "Inner", "Startup Cost": 3624.95, "Total Cost": 2301361.88, "Plan Rows": 9172, "Plan Width": 26, "Actual Startup Time": 52.489, "Actual Total Time": 43825.566, "Actual Rows": 39445, "Actual Loops": 1, "Inner Unique": true, "Join Filter": "(l1.l_orderkey = orders.o_orderkey)", "Rows Removed by Join Filter": 0, "Plans": [{"Node Type": "Nested Loop", "Parent Relationship": "Outer", "Join Type": "Semi", "Startup Cost": 3624.95, "Total Cost": 2294261.51, "Plan Rows": 7254, "Plan Width": 42, "Actual Startup Time": 52.469, "Actual Total Time": 43210.352, "Actual Rows": 80537, "Actual Loops": 1, "Inner Unique": false, "Plans": [{"Node Type": "Nested Loop", "Parent Relationship": "Outer", "Join Type": "Anti", "Startup Cost": 3624.95, "Total Cost": 2292405.94, "Plan Rows": 7635, "Plan Width": 42, "Actual Startup Time": 52.181, "Actual Total Time": 42595.813, "Actual Rows": 135110, "Actual Loops": 1, "Inner Unique": false, "Plans": [{"Node Type": "Hash Join", "Parent Relationship": "Outer", "Join Type": "Inner", "Startup Cost": 3624.95, "Total Cost": 2245218.73, "Plan Rows": 152707, "Plan Width": 42, "Actual Startup Time": 51.538, "Actual Total Time": 33829.123, "Actual Rows": 1511024, "Actual Loops": 1, "Inner Unique": false, "Hash Cond": "(l1.l_suppkey = supplier.s_suppkey), (LLVM Optimized, Jit Execute)", "Plans": [{"Node Type": "Seq Scan", "Parent Relationship": "Outer", "Relation Name": "lineitem", "Alias": "l1", "Startup Cost": 0.0, "Total Cost": 2165082.91, "Plan Rows": 19995678, "Plan Width": 16, "Actual Startup Time": 0.024, "Actual Total Time": 25355.471, "Actual Rows": 37929348, "Actual Loops": 1, "Filter": "(l_receiptdate > l_commitdate), (LLVM Optimized, Jit Execute)", "Rows Removed by Filter": 22056704}, {"Node Type": "Hash", "Parent Relationship": "Inner", "Startup Cost": 3574.95, "Total Cost": 3574.95, "Plan Rows": 4000, "Plan Width": 34, "Actual Startup Time": 51.383, "Actual Total Time": 51.383, "Actual Rows": 3981, "Actual Loops": 1, "Hash Buckets": 32768, "Hash Batches": 1, "Original Hash Batches": 1, "Peak Memory Usage": 280, "Plans": [{"Node Type": "Hash Join", "Parent Relationship": "Outer", "Join Type": "Inner", "Startup Cost": 1.32, "Total Cost": 3574.95, "Plan Rows": 4000, "Plan Width": 34, "Actual Startup Time": 0.083, "Actual Total Time": 49.997, "Actual Rows": 3981, "Actual Loops": 1, "Inner Unique": true, "Hash Cond": "(supplier.s_nationkey = nation.n_nationkey)", "Plans": [{"Node Type": "Seq Scan", "Parent Relationship": "Outer", "Relation Name": "supplier", "Alias": "supplier", "Startup Cost": 0.0, "Total Cost": 3283.0, "Plan Rows": 100000, "Plan Width": 38, "Actual Startup Time": 0.01, "Actual Total Time": 28.721, "Actual Rows": 100000, "Actual Loops": 1}, {"Node Type": "Hash", "Parent Relationship": "Inner", "Startup Cost": 1.31, "Total Cost": 1.31, "Plan Rows": 1, "Plan Width": 4, "Actual Startup Time": 0.03, "Actual Total Time": 0.03, "Actual Rows": 1, "Actual Loops": 1, "Hash Buckets": 32768, "Hash Batches": 1, "Original Hash Batches": 1, "Peak Memory Usage": 1, "Plans": [{"Node Type": "Seq Scan", "Parent Relationship": "Outer", "Relation Name": "nation", "Alias": "nation", "Startup Cost": 0.0, "Total Cost": 1.31, "Plan Rows": 1, "Plan Width": 4, "Actual Startup Time": 0.017, "Actual Total Time": 0.023, "Actual Rows": 1, "Actual Loops": 1, "Filter": "(n_name = 'EGYPT'::bpchar)", "Rows Removed by Filter": 24}]}]}]}]}, {"Node Type": "Index Scan", "Parent Relationship": "Inner", "Scan Direction": "Forward", "Index Name": "idx_lineitem_orderkey", "Relation Name": "lineitem", "Alias": "l3", "Startup Cost": 0.0, "Total Cost": 1.63, "Plan Rows": 3, "Plan Width": 16, "Actual Startup Time": 7791.572, "Actual Total Time": 7791.572, "Actual Rows": 1375914, "Actual Loops": 1511024, "Index Cond": "(l_orderkey = l1.l_orderkey)", "Rows Removed by Index Recheck": 0, "Filter": "((l_receiptdate > l_commitdate) AND (l_suppkey <> l1.l_suppkey))", "Rows Removed by Filter": 1348115}]}, {"Node Type": "Index Scan", "Parent Relationship": "Inner", "Scan Direction": "Forward", "Index Name": "idx_lineitem_orderkey", "Relation Name": "lineitem", "Alias": "l2", "Startup Cost": 0.0, "Total Cost": 1.63, "Plan Rows": 9, "Plan Width": 16, "Actual Startup Time": 502.258, "Actual Total Time": 502.258, "Actual Rows": 80537, "Actual Loops": 135110, "Index Cond": "(l_orderkey = l1.l_orderkey)", "Rows Removed by Index Recheck": 0, "Filter": "(l_suppkey <> l1.l_suppkey)", "Rows Removed by Filter": 85912}]}, {"Node Type": "Index Scan", "Parent Relationship": "Inner", "Scan Direction": "Forward", "Index Name": "orders_pkey", "Relation Name": "orders", "Alias": "orders", "Startup Cost": 0.0, "Total Cost": 0.97, "Plan Rows": 1, "Plan Width": 8, "Actual Startup Time": 535.065, "Actual Total Time": 535.065, "Actual Rows": 39445, "Actual Loops": 80537, "Index Cond": "(o_orderkey = l2.l_orderkey)", "Rows Removed by Index Recheck": 0, "Filter": "(o_orderstatus = 'F'::bpchar)", "Rows Removed by Filter": 41092}]}]}]}]}, "Triggers": [], "Planner Runtime": 7.356, "Total Runtime": 43909.894, "Unique SQL Id": 3870093320}}, "(1, 109)": {"explain_plan": {"Plan": {"Node Type": "Limit", "Startup Cost": 3528952.51, "Total Cost": 3528952.76, "Plan Rows": 100, "Plan Width": 26, "Plans": [{"Node Type": "Sort", "Parent Relationship": "Outer", "Startup Cost": 3528952.51, "Total Cost": 3528975.44, "Plan Rows": 100, "Plan Width": 26, "Sort Key": ["(count(*)) DESC", "supplier.s_name"], "Plans": [{"Node Type": "Aggregate", "Strategy": "Hashed", "Parent Relationship": "Outer", "Startup Cost": 3528510.24, "Total Cost": 3528601.96, "Plan Rows": 9172, "Plan Width": 26, "Group By Key": ["supplier.s_name"], "Plans": [{"Node Type": "Nested Loop", "Parent Relationship": "Outer", "Join Type": "Inner", "Startup Cost": 5689.04, "Total Cost": 3528464.38, "Plan Rows": 9172, "Plan Width": 26, "Inner Unique": true, "Join Filter": "(l1.l_orderkey = orders.o_orderkey)", "Plans": [{"Node Type": "Nested Loop", "Parent Relationship": "Outer", "Join Type": "Semi", "Startup Cost": 5689.04, "Total Cost": 3521364.01, "Plan Rows": 7254, "Plan Width": 42, "Inner Unique": false, "Plans": [{"Node Type": "Nested Loop", "Parent Relationship": "Outer", "Join Type": "Anti", "Startup Cost": 5689.04, "Total Cost": 3519508.45, "Plan Rows": 7635, "Plan Width": 42, "Inner Unique": false, "Plans": [{"Node Type": "Hash Join", "Parent Relationship": "Outer", "Join Type": "Inner", "Startup Cost": 5689.04, "Total Cost": 3472321.23, "Plan Rows": 152707, "Plan Width": 42, "Inner Unique": false, "Hash Cond": "(l1.l_suppkey = supplier.s_suppkey), (LLVM Optimized)", "Plans": [{"Node Type": "Index Scan", "Parent Relationship": "Outer", "Scan Direction": "Forward", "Index Name": "idx_lineitem_orderkey", "Relation Name": "lineitem", "Alias": "l1", "Startup Cost": 0.0, "Total Cost": 3390121.33, "Plan Rows": 19995678, "Plan Width": 16, "Filter": "(l_receiptdate > l_commitdate), (LLVM Optimized)"}, {"Node Type": "Hash", "Parent Relationship": "Inner", "Startup Cost": 5639.04, "Total Cost": 5639.04, "Plan Rows": 4000, "Plan Width": 34, "Plans": [{"Node Type": "Hash Join", "Parent Relationship": "Outer", "Join Type": "Inner", "Startup Cost": 12.7, "Total Cost": 5639.04, "Plan Rows": 4000, "Plan Width": 34, "Inner Unique": true, "Hash Cond": "(supplier.s_nationkey = nation.n_nationkey)", "Plans": [{"Node Type": "Index Scan", "Parent Relationship": "Outer", "Scan Direction": "Forward", "Index Name": "supplier_pkey", "Relation Name": "supplier", "Alias": "supplier", "Startup Cost": 0.0, "Total Cost": 5335.71, "Plan Rows": 100000, "Plan Width": 38}, {"Node Type": "Hash", "Parent Relationship": "Inner", "Startup Cost": 12.69, "Total Cost": 12.69, "Plan Rows": 1, "Plan Width": 4, "Plans": [{"Node Type": "Index Scan", "Parent Relationship": "Outer", "Scan Direction": "Forward", "Index Name": "nation_pkey", "Relation Name": "nation", "Alias": "nation", "Startup Cost": 0.0, "Total Cost": 12.69, "Plan Rows": 1, "Plan Width": 4, "Filter": "(n_name = 'EGYPT'::bpchar)"}]}]}]}]}, {"Node Type": "Index Scan", "Parent Relationship": "Inner", "Scan Direction": "Forward", "Index Name": "idx_lineitem_orderkey", "Relation Name": "lineitem", "Alias": "l3", "Startup Cost": 0.0, "Total Cost": 1.63, "Plan Rows": 3, "Plan Width": 16, "Index Cond": "(l_orderkey = l1.l_orderkey)", "Filter": "((l_receiptdate > l_commitdate) AND (l_suppkey <> l1.l_suppkey))"}]}, {"Node Type": "Index Scan", "Parent Relationship": "Inner", "Scan Direction": "Forward", "Index Name": "idx_lineitem_orderkey", "Relation Name": "lineitem", "Alias": "l2", "Startup Cost": 0.0, "Total Cost": 1.63, "Plan Rows": 9, "Plan Width": 16, "Index Cond": "(l_orderkey = l1.l_orderkey)", "Filter": "(l_suppkey <> l1.l_suppkey)"}]}, {"Node Type": "Index Scan", "Parent Relationship": "Inner", "Scan Direction": "Forward", "Index Name": "orders_pkey", "Relation Name": "orders", "Alias": "orders", "Startup Cost": 0.0, "Total Cost": 0.97, "Plan Rows": 1, "Plan Width": 8, "Index Cond": "(o_orderkey = l2.l_orderkey)", "Filter": "(o_orderstatus = 'F'::bpchar)"}]}]}]}]}, "Unique SQL Id": 3870093320}, "explain_analyze_plan": {"Plan": {"Node Type": "Limit", "Startup Cost": 3528952.51, "Total Cost": 3528952.76, "Plan Rows": 100, "Plan Width": 26, "Actual Startup Time": 64531.618, "Actual Total Time": 64531.632, "Actual Rows": 100, "Actual Loops": 1, "Plans": [{"Node Type": "Sort", "Parent Relationship": "Outer", "Startup Cost": 3528952.51, "Total Cost": 3528975.44, "Plan Rows": 100, "Plan Width": 26, "Actual Startup Time": 64531.614, "Actual Total Time": 64531.616, "Actual Rows": 100, "Actual Loops": 1, "Sort Key": ["(count(*)) DESC", "supplier.s_name"], "Sort Method": "top-N heapsort", "Sort Space Used": 41, "Sort Space Type": "Memory", "Plans": [{"Node Type": "Aggregate", "Strategy": "Hashed", "Parent Relationship": "Outer", "Startup Cost": 3528510.24, "Total Cost": 3528601.96, "Plan Rows": 9172, "Plan Width": 26, "Actual Startup Time": 64528.29, "Actual Total Time": 64529.482, "Actual Rows": 3981, "Actual Loops": 1, "Group By Key": ["supplier.s_name"], "Plans": [{"Node Type": "Nested Loop", "Parent Relationship": "Outer", "Join Type": "Inner", "Startup Cost": 5689.04, "Total Cost": 3528464.38, "Plan Rows": 9172, "Plan Width": 26, "Actual Startup Time": 76.543, "Actual Total Time": 64453.944, "Actual Rows": 39445, "Actual Loops": 1, "Inner Unique": true, "Join Filter": "(l1.l_orderkey = orders.o_orderkey)", "Rows Removed by Join Filter": 0, "Plans": [{"Node Type": "Nested Loop", "Parent Relationship": "Outer", "Join Type": "Semi", "Startup Cost": 5689.04, "Total Cost": 3521364.01, "Plan Rows": 7254, "Plan Width": 42, "Actual Startup Time": 76.52, "Actual Total Time": 63836.711, "Actual Rows": 80537, "Actual Loops": 1, "Inner Unique": false, "Plans": [{"Node Type": "Nested Loop", "Parent Relationship": "Outer", "Join Type": "Anti", "Startup Cost": 5689.04, "Total Cost": 3519508.45, "Plan Rows": 7635, "Plan Width": 42, "Actual Startup Time": 76.144, "Actual Total Time": 63222.256, "Actual Rows": 135110, "Actual Loops": 1, "Inner Unique": false, "Plans": [{"Node Type": "Hash Join", "Parent Relationship": "Outer", "Join Type": "Inner", "Startup Cost": 5689.04, "Total Cost": 3472321.23, "Plan Rows": 152707, "Plan Width": 42, "Actual Startup Time": 75.328, "Actual Total Time": 55228.058, "Actual Rows": 1511024, "Actual Loops": 1, "Inner Unique": false, "Hash Cond": "(l1.l_suppkey = supplier.s_suppkey), (LLVM Optimized, Jit Execute)", "Plans": [{"Node Type": "Index Scan", "Parent Relationship": "Outer", "Scan Direction": "Forward", "Index Name": "idx_lineitem_orderkey", "Relation Name": "lineitem", "Alias": "l1", "Startup Cost": 0.0, "Total Cost": 3390121.33, "Plan Rows": 19995678, "Plan Width": 16, "Actual Startup Time": 0.049, "Actual Total Time": 47134.749, "Actual Rows": 37929348, "Actual Loops": 1, "Filter": "(l_receiptdate > l_commitdate), (LLVM Optimized, Jit Execute)", "Rows Removed by Filter": 22056704}, {"Node Type": "Hash", "Parent Relationship": "Inner", "Startup Cost": 5639.04, "Total Cost": 5639.04, "Plan Rows": 4000, "Plan Width": 34, "Actual Startup Time": 75.114, "Actual Total Time": 75.114, "Actual Rows": 3981, "Actual Loops": 1, "Hash Buckets": 32768, "Hash Batches": 1, "Original Hash Batches": 1, "Peak Memory Usage": 280, "Plans": [{"Node Type": "Hash Join", "Parent Relationship": "Outer", "Join Type": "Inner", "Startup Cost": 12.7, "Total Cost": 5639.04, "Plan Rows": 4000, "Plan Width": 34, "Actual Startup Time": 0.126, "Actual Total Time": 73.635, "Actual Rows": 3981, "Actual Loops": 1, "Inner Unique": true, "Hash Cond": "(supplier.s_nationkey = nation.n_nationkey)", "Plans": [{"Node Type": "Index Scan", "Parent Relationship": "Outer", "Scan Direction": "Forward", "Index Name": "supplier_pkey", "Relation Name": "supplier", "Alias": "supplier", "Startup Cost": 0.0, "Total Cost": 5335.71, "Plan Rows": 100000, "Plan Width": 38, "Actual Startup Time": 0.023, "Actual Total Time": 53.648, "Actual Rows": 100000, "Actual Loops": 1}, {"Node Type": "Hash", "Parent Relationship": "Inner", "Startup Cost": 12.69, "Total Cost": 12.69, "Plan Rows": 1, "Plan Width": 4, "Actual Startup Time": 0.031, "Actual Total Time": 0.031, "Actual Rows": 1, "Actual Loops": 1, "Hash Buckets": 32768, "Hash Batches": 1, "Original Hash Batches": 1, "Peak Memory Usage": 1, "Plans": [{"Node Type": "Index Scan", "Parent Relationship": "Outer", "Scan Direction": "Forward", "Index Name": "nation_pkey", "Relation Name": "nation", "Alias": "nation", "Startup Cost": 0.0, "Total Cost": 12.69, "Plan Rows": 1, "Plan Width": 4, "Actual Startup Time": 0.012, "Actual Total Time": 0.023, "Actual Rows": 1, "Actual Loops": 1, "Filter": "(n_name = 'EGYPT'::bpchar)", "Rows Removed by Filter": 24}]}]}]}]}, {"Node Type": "Index Scan", "Parent Relationship": "Inner", "Scan Direction": "Forward", "Index Name": "idx_lineitem_orderkey", "Relation Name": "lineitem", "Alias": "l3", "Startup Cost": 0.0, "Total Cost": 1.63, "Plan Rows": 3, "Plan Width": 16, "Actual Startup Time": 7005.317, "Actual Total Time": 7005.317, "Actual Rows": 1375914, "Actual Loops": 1511024, "Index Cond": "(l_orderkey = l1.l_orderkey)", "Rows Removed by Index Recheck": 0, "Filter": "((l_receiptdate > l_commitdate) AND (l_suppkey <> l1.l_suppkey))", "Rows Removed by Filter": 1348115}]}, {"Node Type": "Index Scan", "Parent Relationship": "Inner", "Scan Direction": "Forward", "Index Name": "idx_lineitem_orderkey", "Relation Name": "lineitem", "Alias": "l2", "Startup Cost": 0.0, "Total Cost": 1.63, "Plan Rows": 9, "Plan Width": 16, "Actual Startup Time": 496.583, "Actual Total Time": 496.583, "Actual Rows": 80537, "Actual Loops": 135110, "Index Cond": "(l_orderkey = l1.l_orderkey)", "Rows Removed by Index Recheck": 0, "Filter": "(l_suppkey <> l1.l_suppkey)", "Rows Removed by Filter": 85912}]}, {"Node Type": "Index Scan", "Parent Relationship": "Inner", "Scan Direction": "Forward", "Index Name": "orders_pkey", "Relation Name": "orders", "Alias": "orders", "Startup Cost": 0.0, "Total Cost": 0.97, "Plan Rows": 1, "Plan Width": 8, "Actual Startup Time": 531.947, "Actual Total Time": 531.947, "Actual Rows": 39445, "Actual Loops": 80537, "Index Cond": "(o_orderkey = l2.l_orderkey)", "Rows Removed by Index Recheck": 0, "Filter": "(o_orderstatus = 'F'::bpchar)", "Rows Removed by Filter": 41092}]}]}]}]}, "Triggers": [], "Planner Runtime": 7.351, "Total Runtime": 64541.113, "Unique SQL Id": 3870093320}}, "(1, 110)": {"explain_plan": {"Plan": {"Node Type": "Limit", "Startup Cost": 7494113.85, "Total Cost": 7494114.1, "Plan Rows": 100, "Plan Width": 26, "Plans": [{"Node Type": "Sort", "Parent Relationship": "Outer", "Startup Cost": 7494113.85, "Total Cost": 7494136.78, "Plan Rows": 100, "Plan Width": 26, "Sort Key": ["(count(*)) DESC", "supplier.s_name"], "Plans": [{"Node Type": "Aggregate", "Strategy": "Hashed", "Parent Relationship": "Outer", "Startup Cost": 7493671.58, "Total Cost": 7493763.3, "Plan Rows": 9172, "Plan Width": 26, "Group By Key": ["supplier.s_name"], "Plans": [{"Node Type": "Hash Join", "Parent Relationship": "Outer", "Join Type": "Right Semi", "Startup Cost": 5238970.65, "Total Cost": 7493625.72, "Plan Rows": 9172, "Plan Width": 26, "Inner Unique": false, "Hash Cond": "(l2.l_orderkey = orders.o_orderkey)", "Join Filter": "(l2.l_suppkey <> l1.l_suppkey)", "Plans": [{"Node Type": "Seq Scan", "Parent Relationship": "Outer", "Relation Name": "lineitem", "Alias": "l2", "Startup Cost": 0.0, "Total Cost": 2015115.33, "Plan Rows": 59987033, "Plan Width": 16}, {"Node Type": "Hash", "Parent Relationship": "Inner", "Startup Cost": 5238849.96, "Total Cost": 5238849.96, "Plan Rows": 9655, "Plan Width": 50, "Plans": [{"Node Type": "Hash Join", "Parent Relationship": "Outer", "Join Type": "Inner", "Startup Cost": 4747320.39, "Total Cost": 5238849.96, "Plan Rows": 9655, "Plan Width": 50, "Inner Unique": false, "Hash Cond": "(orders.o_orderkey = l1.l_orderkey)", "Plans": [{"Node Type": "Seq Scan", "Parent Relationship": "Outer", "Relation Name": "orders", "Alias": "orders", "Startup Cost": 0.0, "Total Cost": 463912.49, "Plan Rows": 7338812, "Plan Width": 8, "Filter": "(o_orderstatus = 'F'::bpchar), (LLVM Optimized)"}, {"Node Type": "Hash", "Parent Relationship": "Inner", "Startup Cost": 4747224.95, "Total Cost": 4747224.95, "Plan Rows": 7635, "Plan Width": 42, "Plans": [{"Node Type": "Hash Join", "Parent Relationship": "Outer", "Join Type": "Anti", "Startup Cost": 2418653.84, "Total Cost": 4747224.95, "Plan Rows": 7635, "Plan Width": 42, "Inner Unique": false, "Hash Cond": "(l1.l_orderkey = l3.l_orderkey)", "Join Filter": "(l3.l_suppkey <> l1.l_suppkey)", "Plans": [{"Node Type": "Hash Join", "Parent Relationship": "Outer", "Join Type": "Inner", "Startup Cost": 3624.95, "Total Cost": 2245218.73, "Plan Rows": 152707, "Plan Width": 42, "Inner Unique": false, "Hash Cond": "(l1.l_suppkey = supplier.s_suppkey), (LLVM Optimized)", "Plans": [{"Node Type": "Seq Scan", "Parent Relationship": "Outer", "Relation Name": "lineitem", "Alias": "l1", "Startup Cost": 0.0, "Total Cost": 2165082.91, "Plan Rows": 19995678, "Plan Width": 16, "Filter": "(l_receiptdate > l_commitdate), (LLVM Optimized)"}, {"Node Type": "Hash", "Parent Relationship": "Inner", "Startup Cost": 3574.95, "Total Cost": 3574.95, "Plan Rows": 4000, "Plan Width": 34, "Plans": [{"Node Type": "Hash Join", "Parent Relationship": "Outer", "Join Type": "Inner", "Startup Cost": 1.32, "Total Cost": 3574.95, "Plan Rows": 4000, "Plan Width": 34, "Inner Unique": true, "Hash Cond": "(supplier.s_nationkey = nation.n_nationkey)", "Plans": [{"Node Type": "Seq Scan", "Parent Relationship": "Outer", "Relation Name": "supplier", "Alias": "supplier", "Startup Cost": 0.0, "Total Cost": 3283.0, "Plan Rows": 100000, "Plan Width": 38}, {"Node Type": "Hash", "Parent Relationship": "Inner", "Startup Cost": 1.31, "Total Cost": 1.31, "Plan Rows": 1, "Plan Width": 4, "Plans": [{"Node Type": "Seq Scan", "Parent Relationship": "Outer", "Relation Name": "nation", "Alias": "nation", "Startup Cost": 0.0, "Total Cost": 1.31, "Plan Rows": 1, "Plan Width": 4, "Filter": "(n_name = 'EGYPT'::bpchar)"}]}]}]}]}, {"Node Type": "Hash", "Parent Relationship": "Inner", "Startup Cost": 2165082.91, "Total Cost": 2165082.91, "Plan Rows": 19995678, "Plan Width": 16, "Plans": [{"Node Type": "Seq Scan", "Parent Relationship": "Outer", "Relation Name": "lineitem", "Alias": "l3", "Startup Cost": 0.0, "Total Cost": 2165082.91, "Plan Rows": 19995678, "Plan Width": 16, "Filter": "(l_receiptdate > l_commitdate), (LLVM Optimized)"}]}]}]}]}]}]}]}]}]}, "Unique SQL Id": 3870093320}, "explain_analyze_plan": null}, "(1, 111)": {"explain_plan": {"Plan": {"Node Type": "Limit", "Startup Cost": 6001081212565.42, "Total Cost": 6001081212565.67, "Plan Rows": 100, "Plan Width": 26, "Plans": [{"Node Type": "Sort", "Parent Relationship": "Outer", "Startup Cost": 6001081212565.42, "Total Cost": 6001081212588.35, "Plan Rows": 100, "Plan Width": 26, "Sort Key": ["(count(*)) DESC", "supplier.s_name"], "Plans": [{"Node Type": "Aggregate", "Strategy": "Hashed", "Parent Relationship": "Outer", "Startup Cost": 6001081212123.16, "Total Cost": 6001081212214.88, "Plan Rows": 9172, "Plan Width": 26, "Group By Key": ["supplier.s_name"], "Plans": [{"Node Type": "Hash Join", "Parent Relationship": "Outer", "Join Type": "Inner", "Startup Cost": 4021080228818.26, "Total Cost": 6001081212077.3, "Plan Rows": 9172, "Plan Width": 26, "Inner Unique": true, "Hash Cond": "(l1.l_orderkey = orders.o_orderkey)", "Plans": [{"Node Type": "Hash Join", "Parent Relationship": "Outer", "Join Type": "Semi", "Startup Cost": 3021003289369.86, "Total Cost": 5001004272509.96, "Plan Rows": 7254, "Plan Width": 42, "Inner Unique": false, "Hash Cond": "(l1.l_orderkey = l2.l_orderkey)", "Join Filter": "(l2.l_suppkey <> l1.l_suppkey)", "Plans": [{"Node Type": "Hash Join", "Parent Relationship": "Outer", "Join Type": "Anti", "Startup Cost": 2020678524157.45, "Total Cost": 4000679504286.55, "Plan Rows": 7635, "Plan Width": 42, "Inner Unique": false, "Hash Cond": "(l1.l_orderkey = l3.l_orderkey)", "Join Filter": "(l3.l_suppkey <> l1.l_suppkey)", "Plans": [{"Node Type": "Hash Join", "Parent Relationship": "Outer", "Join Type": "Inner", "Startup Cost": 1020339262078.72, "Total Cost": 3000340155230.49, "Plan Rows": 152707, "Plan Width": 42, "Inner Unique": false, "Hash Cond": "(supplier.s_suppkey = l1.l_suppkey), (LLVM Optimized)", "Plans": [{"Node Type": "Nested Loop", "Parent Relationship": "Outer", "Join Type": "Inner", "Startup Cost": 20000000000.0, "Total Cost": 2000000862579.69, "Plan Rows": 4000, "Plan Width": 34, "Inner Unique": false, "Plans": [{"Node Type": "Index Scan", "Parent Relationship": "Outer", "Scan Direction": "Forward", "Index Name": "nation_pkey", "Relation Name": "nation", "Alias": "nation", "Startup Cost": 10000000000.0, "Total Cost": 1000000001268.75, "Plan Rows": 1, "Plan Width": 4, "Filter": "(n_name = 'EGYPT'::bpchar)"}, {"Node Type": "Index Scan", "Parent Relationship": "Inner", "Scan Direction": "Forward", "Index Name": "idx_supplier_nation_key", "Relation Name": "supplier", "Alias": "supplier", "Startup Cost": 10000000000.0, "Total Cost": 1000000861270.94, "Plan Rows": 4000, "Plan Width": 38, "Index Cond": "(s_nationkey = nation.n_nationkey)"}]}, {"Node Type": "Hash", "Parent Relationship": "Inner", "Startup Cost": 1000339012132.75, "Total Cost": 1000339012132.75, "Plan Rows": 19995678, "Plan Width": 16, "Plans": [{"Node Type": "Index Scan", "Parent Relationship": "Outer", "Scan Direction": "Forward", "Index Name": "idx_lineitem_orderkey", "Relation Name": "lineitem", "Alias": "l1", "Startup Cost": 10000000000.0, "Total Cost": 1000339012132.75, "Plan Rows": 19995678, "Plan Width": 16, "Filter": "(l_receiptdate > l_commitdate), (LLVM Optimized)"}]}]}, {"Node Type": "Hash", "Parent Relationship": "Inner", "Startup Cost": 1000339012132.75, "Total Cost": 1000339012132.75, "Plan Rows": 19995678, "Plan Width": 16, "Plans": [{"Node Type": "Index Scan", "Parent Relationship": "Outer", "Scan Direction": "Forward", "Index Name": "idx_lineitem_orderkey", "Relation Name": "lineitem", "Alias": "l3", "Startup Cost": 10000000000.0, "Total Cost": 1000339012132.75, "Plan Rows": 19995678, "Plan Width": 16, "Filter": "(l_receiptdate > l_commitdate), (LLVM Optimized)"}]}]}, {"Node Type": "Hash", "Parent Relationship": "Inner", "Startup Cost": 1000324015374.5, "Total Cost": 1000324015374.5, "Plan Rows": 59987033, "Plan Width": 16, "Plans": [{"Node Type": "Index Scan", "Parent Relationship": "Outer", "Scan Direction": "Forward", "Index Name": "idx_lineitem_orderkey", "Relation Name": "lineitem", "Alias": "l2", "Startup Cost": 10000000000.0, "Total Cost": 1000324015374.5, "Plan Rows": 59987033, "Plan Width": 16}]}]}, {"Node Type": "Hash", "Parent Relationship": "Inner", "Startup Cost": 1000076847713.25, "Total Cost": 1000076847713.25, "Plan Rows": 7338812, "Plan Width": 8, "Plans": [{"Node Type": "Index Scan", "Parent Relationship": "Outer", "Scan Direction": "Forward", "Index Name": "orders_pkey", "Relation Name": "orders", "Alias": "orders", "Startup Cost": 10000000000.0, "Total Cost": 1000076847713.25, "Plan Rows": 7338812, "Plan Width": 8, "Filter": "(o_orderstatus = 'F'::bpchar), (LLVM Optimized)"}]}]}]}]}]}, "Unique SQL Id": 3870093320}, "explain_analyze_plan": null}, "(1, 112)": {"explain_plan": {"Plan": {"Node Type": "Limit", "Startup Cost": 9216055.43, "Total Cost": 9216055.68, "Plan Rows": 100, "Plan Width": 26, "Plans": [{"Node Type": "Sort", "Parent Relationship": "Outer", "Startup Cost": 9216055.43, "Total Cost": 9216078.36, "Plan Rows": 100, "Plan Width": 26, "Sort Key": ["(count(*)) DESC", "supplier.s_name"], "Plans": [{"Node Type": "Aggregate", "Strategy": "Hashed", "Parent Relationship": "Outer", "Startup Cost": 9215613.16, "Total Cost": 9215704.88, "Plan Rows": 9172, "Plan Width": 26, "Group By Key": ["supplier.s_name"], "Plans": [{"Node Type": "Nested Loop", "Parent Relationship": "Outer", "Join Type": "Inner", "Startup Cost": 0.0, "Total Cost": 9215567.3, "Plan Rows": 9172, "Plan Width": 26, "Inner Unique": true, "Join Filter": "(l1.l_orderkey = orders.o_orderkey)", "Plans": [{"Node Type": "Nested Loop", "Parent Relationship": "Outer", "Join Type": "Semi", "Startup Cost": 0.0, "Total Cost": 9208466.93, "Plan Rows": 7254, "Plan Width": 42, "Inner Unique": false, "Plans": [{"Node Type": "Nested Loop", "Parent Relationship": "Outer", "Join Type": "Inner", "Startup Cost": 0.0, "Total Cost": 9206611.37, "Plan Rows": 7635, "Plan Width": 42, "Inner Unique": false, "Join Filter": "(supplier.s_nationkey = nation.n_nationkey)", "Plans": [{"Node Type": "Seq Scan", "Parent Relationship": "Outer", "Relation Name": "nation", "Alias": "nation", "Startup Cost": 0.0, "Total Cost": 1.31, "Plan Rows": 1, "Plan Width": 4, "Filter": "(n_name = 'EGYPT'::bpchar)"}, {"Node Type": "Nested Loop", "Parent Relationship": "Inner", "Join Type": "Inner", "Startup Cost": 0.0, "Total Cost": 9204224.0, "Plan Rows": 190884, "Plan Width": 46, "Inner Unique": true, "Plans": [{"Node Type": "Nested Loop", "Parent Relationship": "Outer", "Join Type": "Anti", "Startup Cost": 0.0, "Total Cost": 8343730.42, "Plan Rows": 999784, "Plan Width": 16, "Inner Unique": false, "Plans": [{"Node Type": "Seq Scan", "Parent Relationship": "Outer", "Relation Name": "lineitem", "Alias": "l1", "Startup Cost": 0.0, "Total Cost": 2165082.91, "Plan Rows": 19995678, "Plan Width": 16, "Filter": "(l_receiptdate > l_commitdate), (LLVM Optimized)"}, {"Node Type": "Index Scan", "Parent Relationship": "Inner", "Scan Direction": "Forward", "Index Name": "idx_lineitem_orderkey", "Relation Name": "lineitem", "Alias": "l3", "Startup Cost": 0.0, "Total Cost": 1.63, "Plan Rows": 3, "Plan Width": 16, "Index Cond": "(l_orderkey = l1.l_orderkey)", "Filter": "((l_receiptdate > l_commitdate) AND (l_suppkey <> l1.l_suppkey))"}]}, {"Node Type": "Index Scan", "Parent Relationship": "Inner", "Scan Direction": "Forward", "Index Name": "supplier_pkey", "Relation Name": "supplier", "Alias": "supplier", "Startup Cost": 0.0, "Total Cost": 0.85, "Plan Rows": 1, "Plan Width": 38, "Index Cond": "(s_suppkey = l1.l_suppkey)"}]}]}, {"Node Type": "Index Scan", "Parent Relationship": "Inner", "Scan Direction": "Forward", "Index Name": "idx_lineitem_orderkey", "Relation Name": "lineitem", "Alias": "l2", "Startup Cost": 0.0, "Total Cost": 1.63, "Plan Rows": 9, "Plan Width": 16, "Index Cond": "(l_orderkey = l1.l_orderkey)", "Filter": "(l_suppkey <> l1.l_suppkey)"}]}, {"Node Type": "Index Scan", "Parent Relationship": "Inner", "Scan Direction": "Forward", "Index Name": "orders_pkey", "Relation Name": "orders", "Alias": "orders", "Startup Cost": 0.0, "Total Cost": 0.97, "Plan Rows": 1, "Plan Width": 8, "Index Cond": "(o_orderkey = l2.l_orderkey)", "Filter": "(o_orderstatus = 'F'::bpchar)"}]}]}]}]}, "Unique SQL Id": 3870093320}, "explain_analyze_plan": null}, "(1, 113)": {"explain_plan": {"Plan": {"Node Type": "Limit", "Startup Cost": 10441582.43, "Total Cost": 10441582.68, "Plan Rows": 100, "Plan Width": 26, "Plans": [{"Node Type": "Sort", "Parent Relationship": "Outer", "Startup Cost": 10441582.43, "Total Cost": 10441605.36, "Plan Rows": 100, "Plan Width": 26, "Sort Key": ["(count(*)) DESC", "supplier.s_name"], "Plans": [{"Node Type": "Aggregate", "Strategy": "Hashed", "Parent Relationship": "Outer", "Startup Cost": 10441140.16, "Total Cost": 10441231.88, "Plan Rows": 9172, "Plan Width": 26, "Group By Key": ["supplier.s_name"], "Plans": [{"Node Type": "Nested Loop", "Parent Relationship": "Outer", "Join Type": "Inner", "Startup Cost": 0.0, "Total Cost": 10441094.3, "Plan Rows": 9172, "Plan Width": 26, "Inner Unique": true, "Join Filter": "(l1.l_orderkey = orders.o_orderkey)", "Plans": [{"Node Type": "Nested Loop", "Parent Relationship": "Outer", "Join Type": "Semi", "Startup Cost": 0.0, "Total Cost": 10433993.93, "Plan Rows": 7254, "Plan Width": 42, "Inner Unique": false, "Plans": [{"Node Type": "Nested Loop", "Parent Relationship": "Outer", "Join Type": "Inner", "Startup Cost": 0.0, "Total Cost": 10432138.37, "Plan Rows": 7635, "Plan Width": 42, "Inner Unique": true, "Join Filter": "(supplier.s_nationkey = nation.n_nationkey)", "Plans": [{"Node Type": "Nested Loop", "Parent Relationship": "Outer", "Join Type": "Inner", "Startup Cost": 0.0, "Total Cost": 10429262.42, "Plan Rows": 190884, "Plan Width": 46, "Inner Unique": true, "Plans": [{"Node Type": "Nested Loop", "Parent Relationship": "Outer", "Join Type": "Anti", "Startup Cost": 0.0, "Total Cost": 9568768.84, "Plan Rows": 999784, "Plan Width": 16, "Inner Unique": false, "Plans": [{"Node Type": "Index Scan", "Parent Relationship": "Outer", "Scan Direction": "Forward", "Index Name": "idx_lineitem_orderkey", "Relation Name": "lineitem", "Alias": "l1", "Startup Cost": 0.0, "Total Cost": 3390121.33, "Plan Rows": 19995678, "Plan Width": 16, "Filter": "(l_receiptdate > l_commitdate), (LLVM Optimized)"}, {"Node Type": "Index Scan", "Parent Relationship": "Inner", "Scan Direction": "Forward", "Index Name": "idx_lineitem_orderkey", "Relation Name": "lineitem", "Alias": "l3", "Startup Cost": 0.0, "Total Cost": 1.63, "Plan Rows": 3, "Plan Width": 16, "Index Cond": "(l_orderkey = l1.l_orderkey)", "Filter": "((l_receiptdate > l_commitdate) AND (l_suppkey <> l1.l_suppkey))"}]}, {"Node Type": "Index Scan", "Parent Relationship": "Inner", "Scan Direction": "Forward", "Index Name": "supplier_pkey", "Relation Name": "supplier", "Alias": "supplier", "Startup Cost": 0.0, "Total Cost": 0.85, "Plan Rows": 1, "Plan Width": 38, "Index Cond": "(s_suppkey = l1.l_suppkey)"}]}, {"Node Type": "Materialize", "Parent Relationship": "Inner", "Startup Cost": 0.0, "Total Cost": 12.69, "Plan Rows": 1, "Plan Width": 4, "Plans": [{"Node Type": "Index Scan", "Parent Relationship": "Outer", "Scan Direction": "Forward", "Index Name": "nation_pkey", "Relation Name": "nation", "Alias": "nation", "Startup Cost": 0.0, "Total Cost": 12.69, "Plan Rows": 1, "Plan Width": 4, "Filter": "(n_name = 'EGYPT'::bpchar)"}]}]}, {"Node Type": "Index Scan", "Parent Relationship": "Inner", "Scan Direction": "Forward", "Index Name": "idx_lineitem_orderkey", "Relation Name": "lineitem", "Alias": "l2", "Startup Cost": 0.0, "Total Cost": 1.63, "Plan Rows": 9, "Plan Width": 16, "Index Cond": "(l_orderkey = l1.l_orderkey)", "Filter": "(l_suppkey <> l1.l_suppkey)"}]}, {"Node Type": "Index Scan", "Parent Relationship": "Inner", "Scan Direction": "Forward", "Index Name": "orders_pkey", "Relation Name": "orders", "Alias": "orders", "Startup Cost": 0.0, "Total Cost": 0.97, "Plan Rows": 1, "Plan Width": 8, "Index Cond": "(o_orderkey = l2.l_orderkey)", "Filter": "(o_orderstatus = 'F'::bpchar)"}]}]}]}]}, "Unique SQL Id": 3870093320}, "explain_analyze_plan": null}, "(1, 114)": {"explain_plan": {"Plan": {"Node Type": "Limit", "Startup Cost": 53755258.66, "Total Cost": 53755258.91, "Plan Rows": 100, "Plan Width": 26, "Plans": [{"Node Type": "Sort", "Parent Relationship": "Outer", "Startup Cost": 53755258.66, "Total Cost": 53755281.59, "Plan Rows": 100, "Plan Width": 26, "Sort Key": ["(count(*)) DESC", "supplier.s_name"], "Plans": [{"Node Type": "Aggregate", "Strategy": "Hashed", "Parent Relationship": "Outer", "Startup Cost": 53754816.39, "Total Cost": 53754908.11, "Plan Rows": 9172, "Plan Width": 26, "Group By Key": ["supplier.s_name"], "Plans": [{"Node Type": "Nested Loop", "Parent Relationship": "Outer", "Join Type": "Inner", "Startup Cost": 2.79, "Total Cost": 53754770.53, "Plan Rows": 9172, "Plan Width": 26, "Inner Unique": true, "Join Filter": "(l1.l_orderkey = orders.o_orderkey)", "Plans": [{"Node Type": "Nested Loop", "Parent Relationship": "Outer", "Join Type": "Semi", "Startup Cost": 2.19, "Total Cost": 53721209.77, "Plan Rows": 7254, "Plan Width": 42, "Inner Unique": false, "Plans": [{"Node Type": "Nested Loop", "Parent Relationship": "Outer", "Join Type": "Inner", "Startup Cost": 1.37, "Total Cost": 53706031.22, "Plan Rows": 7635, "Plan Width": 42, "Inner Unique": false, "Join Filter": "(supplier.s_nationkey = nation.n_nationkey)", "Plans": [{"Node Type": "Seq Scan", "Parent Relationship": "Outer", "Relation Name": "nation", "Alias": "nation", "Startup Cost": 0.0, "Total Cost": 1.31, "Plan Rows": 1, "Plan Width": 4, "Filter": "(n_name = 'EGYPT'::bpchar)"}, {"Node Type": "Nested Loop", "Parent Relationship": "Inner", "Join Type": "Inner", "Startup Cost": 1.37, "Total Cost": 53703643.85, "Plan Rows": 190884, "Plan Width": 46, "Inner Unique": true, "Plans": [{"Node Type": "Nested Loop", "Parent Relationship": "Outer", "Join Type": "Anti", "Startup Cost": 0.82, "Total Cost": 49134912.96, "Plan Rows": 999784, "Plan Width": 16, "Inner Unique": false, "Plans": [{"Node Type": "Seq Scan", "Parent Relationship": "Outer", "Relation Name": "lineitem", "Alias": "l1", "Startup Cost": 0.0, "Total Cost": 2165082.91, "Plan Rows": 19995678, "Plan Width": 16, "Filter": "(l_receiptdate > l_commitdate), (LLVM Optimized)"}, {"Node Type": "Bitmap Heap Scan", "Parent Relationship": "Inner", "Relation Name": "lineitem", "Alias": "l3", "Startup Cost": 0.82, "Total Cost": 8.97, "Plan Rows": 3, "Plan Width": 16, "Recheck Cond": "(l_orderkey = l1.l_orderkey)", "Filter": "((l_receiptdate > l_commitdate) AND (l_suppkey <> l1.l_suppkey))", "Plans": [{"Node Type": "Bitmap Index Scan", "Parent Relationship": "Outer", "Index Name": "idx_lineitem_orderkey", "Startup Cost": 0.0, "Total Cost": 0.82, "Plan Rows": 9, "Plan Width": 0, "Index Cond": "(l_orderkey = l1.l_orderkey)"}]}]}, {"Node Type": "Bitmap Heap Scan", "Parent Relationship": "Inner", "Relation Name": "supplier", "Alias": "supplier", "Startup Cost": 0.55, "Total Cost": 4.56, "Plan Rows": 1, "Plan Width": 38, "Recheck Cond": "(s_suppkey = l1.l_suppkey)", "Plans": [{"Node Type": "Bitmap Index Scan", "Parent Relationship": "Outer", "Index Name": "supplier_pkey", "Startup Cost": 0.0, "Total Cost": 0.55, "Plan Rows": 1, "Plan Width": 0, "Index Cond": "(s_suppkey = l1.l_suppkey)"}]}]}]}, {"Node Type": "Bitmap Heap Scan", "Parent Relationship": "Inner", "Relation Name": "lineitem", "Alias": "l2", "Startup Cost": 0.82, "Total Cost": 8.95, "Plan Rows": 9, "Plan Width": 16, "Recheck Cond": "(l_orderkey = l1.l_orderkey)", "Filter": "(l_suppkey <> l1.l_suppkey)", "Plans": [{"Node Type": "Bitmap Index Scan", "Parent Relationship": "Outer", "Index Name": "idx_lineitem_orderkey", "Startup Cost": 0.0, "Total Cost": 0.82, "Plan Rows": 9, "Plan Width": 0, "Index Cond": "(l_orderkey = l1.l_orderkey)"}]}]}, {"Node Type": "Bitmap Heap Scan", "Parent Relationship": "Inner", "Relation Name": "orders", "Alias": "orders", "Startup Cost": 0.6, "Total Cost": 4.61, "Plan Rows": 1, "Plan Width": 8, "Recheck Cond": "(o_orderkey = l2.l_orderkey)", "Filter": "(o_orderstatus = 'F'::bpchar)", "Plans": [{"Node Type": "Bitmap Index Scan", "Parent Relationship": "Outer", "Index Name": "orders_pkey", "Startup Cost": 0.0, "Total Cost": 0.6, "Plan Rows": 1, "Plan Width": 0, "Index Cond": "(o_orderkey = l2.l_orderkey)"}]}]}]}]}]}, "Unique SQL Id": 3870093320}, "explain_analyze_plan": null}, "(1, 115)": {"explain_plan": {"Plan": {"Node Type": "Limit", "Startup Cost": 1000209392502.29, "Total Cost": 1000209392502.54, "Plan Rows": 100, "Plan Width": 26, "Plans": [{"Node Type": "Sort", "Parent Relationship": "Outer", "Startup Cost": 1000209392502.29, "Total Cost": 1000209392525.22, "Plan Rows": 100, "Plan Width": 26, "Sort Key": ["(count(*)) DESC", "supplier.s_name"], "Plans": [{"Node Type": "Aggregate", "Strategy": "Hashed", "Parent Relationship": "Outer", "Startup Cost": 1000209392060.03, "Total Cost": 1000209392151.75, "Plan Rows": 9172, "Plan Width": 26, "Group By Key": ["supplier.s_name"], "Plans": [{"Node Type": "Nested Loop", "Parent Relationship": "Outer", "Join Type": "Semi", "Startup Cost": 10000000003.33, "Total Cost": 1000209392014.17, "Plan Rows": 9172, "Plan Width": 26, "Inner Unique": false, "Join Filter": "(orders.o_orderkey = l2.l_orderkey)", "Plans": [{"Node Type": "Nested Loop", "Parent Relationship": "Outer", "Join Type": "Inner", "Startup Cost": 10000000002.51, "Total Cost": 1000209365752.63, "Plan Rows": 9655, "Plan Width": 50, "Inner Unique": true, "Plans": [{"Node Type": "Nested Loop", "Parent Relationship": "Outer", "Join Type": "Inner", "Startup Cost": 10000000002.25, "Total Cost": 1000208331993.1, "Plan Rows": 241373, "Plan Width": 54, "Inner Unique": true, "Plans": [{"Node Type": "Nested Loop", "Parent Relationship": "Outer", "Join Type": "Anti", "Startup Cost": 10000000001.7, "Total Cost": 1000202554809.43, "Plan Rows": 1264232, "Plan Width": 24, "Inner Unique": false, "Plans": [{"Node Type": "Nested Loop", "Parent Relationship": "Outer", "Join Type": "Inner", "Startup Cost": 10000000000.88, "Total Cost": 1000143161213.03, "Plan Rows": 25284641, "Plan Width": 24, "Inner Unique": false, "Plans": [{"Node Type": "Index Scan", "Parent Relationship": "Outer", "Scan Direction": "Forward", "Index Name": "orders_pkey", "Relation Name": "orders", "Alias": "orders", "Startup Cost": 10000000000.0, "Total Cost": 1000076847713.25, "Plan Rows": 7338812, "Plan Width": 8, "Filter": "(o_orderstatus = 'F'::bpchar), (LLVM Optimized)"}, {"Node Type": "Bitmap Heap Scan", "Parent Relationship": "Inner", "Relation Name": "lineitem", "Alias": "l1", "Startup Cost": 0.88, "Total Cost": 9.01, "Plan Rows": 3, "Plan Width": 16, "Recheck Cond": "(l_orderkey = orders.o_orderkey)", "Filter": "(l_receiptdate > l_commitdate)", "Plans": [{"Node Type": "Bitmap Index Scan", "Parent Relationship": "Outer", "Index Name": "idx_lineitem_orderkey", "Startup Cost": 0.0, "Total Cost": 0.88, "Plan Rows": 9, "Plan Width": 0, "Index Cond": "(l_orderkey = orders.o_orderkey)"}]}]}, {"Node Type": "Bitmap Heap Scan", "Parent Relationship": "Inner", "Relation Name": "lineitem", "Alias": "l3", "Startup Cost": 0.82, "Total Cost": 8.97, "Plan Rows": 3, "Plan Width": 16, "Recheck Cond": "(l_orderkey = l1.l_orderkey)", "Filter": "((l_receiptdate > l_commitdate) AND (l_suppkey <> l1.l_suppkey))", "Plans": [{"Node Type": "Bitmap Index Scan", "Parent Relationship": "Outer", "Index Name": "idx_lineitem_orderkey", "Startup Cost": 0.0, "Total Cost": 0.82, "Plan Rows": 9, "Plan Width": 0, "Index Cond": "(l_orderkey = l1.l_orderkey)"}]}]}, {"Node Type": "Bitmap Heap Scan", "Parent Relationship": "Inner", "Relation Name": "supplier", "Alias": "supplier", "Startup Cost": 0.55, "Total Cost": 4.56, "Plan Rows": 1, "Plan Width": 38, "Recheck Cond": "(s_suppkey = l1.l_suppkey)", "Plans": [{"Node Type": "Bitmap Index Scan", "Parent Relationship": "Outer", "Index Name": "supplier_pkey", "Startup Cost": 0.0, "Total Cost": 0.55, "Plan Rows": 1, "Plan Width": 0, "Index Cond": "(s_suppkey = l1.l_suppkey)"}]}]}, {"Node Type": "Bitmap Heap Scan", "Parent Relationship": "Inner", "Relation Name": "nation", "Alias": "nation", "Startup Cost": 0.26, "Total Cost": 4.27, "Plan Rows": 1, "Plan Width": 4, "Recheck Cond": "(n_nationkey = supplier.s_nationkey)", "Filter": "(n_name = 'EGYPT'::bpchar)", "Plans": [{"Node Type": "Bitmap Index Scan", "Parent Relationship": "Outer", "Index Name": "nation_pkey", "Startup Cost": 0.0, "Total Cost": 0.26, "Plan Rows": 1, "Plan Width": 0, "Index Cond": "(n_nationkey = supplier.s_nationkey)"}]}]}, {"Node Type": "Bitmap Heap Scan", "Parent Relationship": "Inner", "Relation Name": "lineitem", "Alias": "l2", "Startup Cost": 0.82, "Total Cost": 8.95, "Plan Rows": 9, "Plan Width": 16, "Recheck Cond": "(l_orderkey = l1.l_orderkey)", "Filter": "(l_suppkey <> l1.l_suppkey)", "Plans": [{"Node Type": "Bitmap Index Scan", "Parent Relationship": "Outer", "Index Name": "idx_lineitem_orderkey", "Startup Cost": 0.0, "Total Cost": 0.82, "Plan Rows": 9, "Plan Width": 0, "Index Cond": "(l_orderkey = l1.l_orderkey)"}]}]}]}]}]}, "Unique SQL Id": 3870093320}, "explain_analyze_plan": null}, "(1, 116)": {"explain_plan": {"Plan": {"Node Type": "Limit", "Startup Cost": 9216055.43, "Total Cost": 9216055.68, "Plan Rows": 100, "Plan Width": 26, "Plans": [{"Node Type": "Sort", "Parent Relationship": "Outer", "Startup Cost": 9216055.43, "Total Cost": 9216078.36, "Plan Rows": 100, "Plan Width": 26, "Sort Key": ["(count(*)) DESC", "supplier.s_name"], "Plans": [{"Node Type": "Aggregate", "Strategy": "Hashed", "Parent Relationship": "Outer", "Startup Cost": 9215613.16, "Total Cost": 9215704.88, "Plan Rows": 9172, "Plan Width": 26, "Group By Key": ["supplier.s_name"], "Plans": [{"Node Type": "Nested Loop", "Parent Relationship": "Outer", "Join Type": "Inner", "Startup Cost": 0.0, "Total Cost": 9215567.3, "Plan Rows": 9172, "Plan Width": 26, "Inner Unique": true, "Join Filter": "(l1.l_orderkey = orders.o_orderkey)", "Plans": [{"Node Type": "Nested Loop", "Parent Relationship": "Outer", "Join Type": "Semi", "Startup Cost": 0.0, "Total Cost": 9208466.93, "Plan Rows": 7254, "Plan Width": 42, "Inner Unique": false, "Plans": [{"Node Type": "Nested Loop", "Parent Relationship": "Outer", "Join Type": "Inner", "Startup Cost": 0.0, "Total Cost": 9206611.37, "Plan Rows": 7635, "Plan Width": 42, "Inner Unique": false, "Join Filter": "(supplier.s_nationkey = nation.n_nationkey)", "Plans": [{"Node Type": "Seq Scan", "Parent Relationship": "Outer", "Relation Name": "nation", "Alias": "nation", "Startup Cost": 0.0, "Total Cost": 1.31, "Plan Rows": 1, "Plan Width": 4, "Filter": "(n_name = 'EGYPT'::bpchar)"}, {"Node Type": "Nested Loop", "Parent Relationship": "Inner", "Join Type": "Inner", "Startup Cost": 0.0, "Total Cost": 9204224.0, "Plan Rows": 190884, "Plan Width": 46, "Inner Unique": true, "Plans": [{"Node Type": "Nested Loop", "Parent Relationship": "Outer", "Join Type": "Anti", "Startup Cost": 0.0, "Total Cost": 8343730.42, "Plan Rows": 999784, "Plan Width": 16, "Inner Unique": false, "Plans": [{"Node Type": "Seq Scan", "Parent Relationship": "Outer", "Relation Name": "lineitem", "Alias": "l1", "Startup Cost": 0.0, "Total Cost": 2165082.91, "Plan Rows": 19995678, "Plan Width": 16, "Filter": "(l_receiptdate > l_commitdate), (LLVM Optimized)"}, {"Node Type": "Index Scan", "Parent Relationship": "Inner", "Scan Direction": "Forward", "Index Name": "idx_lineitem_orderkey", "Relation Name": "lineitem", "Alias": "l3", "Startup Cost": 0.0, "Total Cost": 1.63, "Plan Rows": 3, "Plan Width": 16, "Index Cond": "(l_orderkey = l1.l_orderkey)", "Filter": "((l_receiptdate > l_commitdate) AND (l_suppkey <> l1.l_suppkey))"}]}, {"Node Type": "Index Scan", "Parent Relationship": "Inner", "Scan Direction": "Forward", "Index Name": "supplier_pkey", "Relation Name": "supplier", "Alias": "supplier", "Startup Cost": 0.0, "Total Cost": 0.85, "Plan Rows": 1, "Plan Width": 38, "Index Cond": "(s_suppkey = l1.l_suppkey)"}]}]}, {"Node Type": "Index Scan", "Parent Relationship": "Inner", "Scan Direction": "Forward", "Index Name": "idx_lineitem_orderkey", "Relation Name": "lineitem", "Alias": "l2", "Startup Cost": 0.0, "Total Cost": 1.63, "Plan Rows": 9, "Plan Width": 16, "Index Cond": "(l_orderkey = l1.l_orderkey)", "Filter": "(l_suppkey <> l1.l_suppkey)"}]}, {"Node Type": "Index Scan", "Parent Relationship": "Inner", "Scan Direction": "Forward", "Index Name": "orders_pkey", "Relation Name": "orders", "Alias": "orders", "Startup Cost": 0.0, "Total Cost": 0.97, "Plan Rows": 1, "Plan Width": 8, "Index Cond": "(o_orderkey = l2.l_orderkey)", "Filter": "(o_orderstatus = 'F'::bpchar)"}]}]}]}]}, "Unique SQL Id": 3870093320}, "explain_analyze_plan": null}, "(1, 117)": {"explain_plan": {"Plan": {"Node Type": "Limit", "Startup Cost": 10441582.43, "Total Cost": 10441582.68, "Plan Rows": 100, "Plan Width": 26, "Plans": [{"Node Type": "Sort", "Parent Relationship": "Outer", "Startup Cost": 10441582.43, "Total Cost": 10441605.36, "Plan Rows": 100, "Plan Width": 26, "Sort Key": ["(count(*)) DESC", "supplier.s_name"], "Plans": [{"Node Type": "Aggregate", "Strategy": "Hashed", "Parent Relationship": "Outer", "Startup Cost": 10441140.16, "Total Cost": 10441231.88, "Plan Rows": 9172, "Plan Width": 26, "Group By Key": ["supplier.s_name"], "Plans": [{"Node Type": "Nested Loop", "Parent Relationship": "Outer", "Join Type": "Inner", "Startup Cost": 0.0, "Total Cost": 10441094.3, "Plan Rows": 9172, "Plan Width": 26, "Inner Unique": true, "Join Filter": "(l1.l_orderkey = orders.o_orderkey)", "Plans": [{"Node Type": "Nested Loop", "Parent Relationship": "Outer", "Join Type": "Semi", "Startup Cost": 0.0, "Total Cost": 10433993.93, "Plan Rows": 7254, "Plan Width": 42, "Inner Unique": false, "Plans": [{"Node Type": "Nested Loop", "Parent Relationship": "Outer", "Join Type": "Inner", "Startup Cost": 0.0, "Total Cost": 10432138.37, "Plan Rows": 7635, "Plan Width": 42, "Inner Unique": true, "Join Filter": "(supplier.s_nationkey = nation.n_nationkey)", "Plans": [{"Node Type": "Nested Loop", "Parent Relationship": "Outer", "Join Type": "Inner", "Startup Cost": 0.0, "Total Cost": 10429262.42, "Plan Rows": 190884, "Plan Width": 46, "Inner Unique": true, "Plans": [{"Node Type": "Nested Loop", "Parent Relationship": "Outer", "Join Type": "Anti", "Startup Cost": 0.0, "Total Cost": 9568768.84, "Plan Rows": 999784, "Plan Width": 16, "Inner Unique": false, "Plans": [{"Node Type": "Index Scan", "Parent Relationship": "Outer", "Scan Direction": "Forward", "Index Name": "idx_lineitem_orderkey", "Relation Name": "lineitem", "Alias": "l1", "Startup Cost": 0.0, "Total Cost": 3390121.33, "Plan Rows": 19995678, "Plan Width": 16, "Filter": "(l_receiptdate > l_commitdate), (LLVM Optimized)"}, {"Node Type": "Index Scan", "Parent Relationship": "Inner", "Scan Direction": "Forward", "Index Name": "idx_lineitem_orderkey", "Relation Name": "lineitem", "Alias": "l3", "Startup Cost": 0.0, "Total Cost": 1.63, "Plan Rows": 3, "Plan Width": 16, "Index Cond": "(l_orderkey = l1.l_orderkey)", "Filter": "((l_receiptdate > l_commitdate) AND (l_suppkey <> l1.l_suppkey))"}]}, {"Node Type": "Index Scan", "Parent Relationship": "Inner", "Scan Direction": "Forward", "Index Name": "supplier_pkey", "Relation Name": "supplier", "Alias": "supplier", "Startup Cost": 0.0, "Total Cost": 0.85, "Plan Rows": 1, "Plan Width": 38, "Index Cond": "(s_suppkey = l1.l_suppkey)"}]}, {"Node Type": "Materialize", "Parent Relationship": "Inner", "Startup Cost": 0.0, "Total Cost": 12.69, "Plan Rows": 1, "Plan Width": 4, "Plans": [{"Node Type": "Index Scan", "Parent Relationship": "Outer", "Scan Direction": "Forward", "Index Name": "nation_pkey", "Relation Name": "nation", "Alias": "nation", "Startup Cost": 0.0, "Total Cost": 12.69, "Plan Rows": 1, "Plan Width": 4, "Filter": "(n_name = 'EGYPT'::bpchar)"}]}]}, {"Node Type": "Index Scan", "Parent Relationship": "Inner", "Scan Direction": "Forward", "Index Name": "idx_lineitem_orderkey", "Relation Name": "lineitem", "Alias": "l2", "Startup Cost": 0.0, "Total Cost": 1.63, "Plan Rows": 9, "Plan Width": 16, "Index Cond": "(l_orderkey = l1.l_orderkey)", "Filter": "(l_suppkey <> l1.l_suppkey)"}]}, {"Node Type": "Index Scan", "Parent Relationship": "Inner", "Scan Direction": "Forward", "Index Name": "orders_pkey", "Relation Name": "orders", "Alias": "orders", "Startup Cost": 0.0, "Total Cost": 0.97, "Plan Rows": 1, "Plan Width": 8, "Index Cond": "(o_orderkey = l2.l_orderkey)", "Filter": "(o_orderstatus = 'F'::bpchar)"}]}]}]}]}, "Unique SQL Id": 3870093320}, "explain_analyze_plan": null}, "(1, 118)": {"explain_plan": {"Plan": {"Node Type": "Limit", "Startup Cost": 53755258.66, "Total Cost": 53755258.91, "Plan Rows": 100, "Plan Width": 26, "Plans": [{"Node Type": "Sort", "Parent Relationship": "Outer", "Startup Cost": 53755258.66, "Total Cost": 53755281.59, "Plan Rows": 100, "Plan Width": 26, "Sort Key": ["(count(*)) DESC", "supplier.s_name"], "Plans": [{"Node Type": "Aggregate", "Strategy": "Hashed", "Parent Relationship": "Outer", "Startup Cost": 53754816.39, "Total Cost": 53754908.11, "Plan Rows": 9172, "Plan Width": 26, "Group By Key": ["supplier.s_name"], "Plans": [{"Node Type": "Nested Loop", "Parent Relationship": "Outer", "Join Type": "Inner", "Startup Cost": 2.79, "Total Cost": 53754770.53, "Plan Rows": 9172, "Plan Width": 26, "Inner Unique": true, "Join Filter": "(l1.l_orderkey = orders.o_orderkey)", "Plans": [{"Node Type": "Nested Loop", "Parent Relationship": "Outer", "Join Type": "Semi", "Startup Cost": 2.19, "Total Cost": 53721209.77, "Plan Rows": 7254, "Plan Width": 42, "Inner Unique": false, "Plans": [{"Node Type": "Nested Loop", "Parent Relationship": "Outer", "Join Type": "Inner", "Startup Cost": 1.37, "Total Cost": 53706031.22, "Plan Rows": 7635, "Plan Width": 42, "Inner Unique": false, "Join Filter": "(supplier.s_nationkey = nation.n_nationkey)", "Plans": [{"Node Type": "Seq Scan", "Parent Relationship": "Outer", "Relation Name": "nation", "Alias": "nation", "Startup Cost": 0.0, "Total Cost": 1.31, "Plan Rows": 1, "Plan Width": 4, "Filter": "(n_name = 'EGYPT'::bpchar)"}, {"Node Type": "Nested Loop", "Parent Relationship": "Inner", "Join Type": "Inner", "Startup Cost": 1.37, "Total Cost": 53703643.85, "Plan Rows": 190884, "Plan Width": 46, "Inner Unique": true, "Plans": [{"Node Type": "Nested Loop", "Parent Relationship": "Outer", "Join Type": "Anti", "Startup Cost": 0.82, "Total Cost": 49134912.96, "Plan Rows": 999784, "Plan Width": 16, "Inner Unique": false, "Plans": [{"Node Type": "Seq Scan", "Parent Relationship": "Outer", "Relation Name": "lineitem", "Alias": "l1", "Startup Cost": 0.0, "Total Cost": 2165082.91, "Plan Rows": 19995678, "Plan Width": 16, "Filter": "(l_receiptdate > l_commitdate), (LLVM Optimized)"}, {"Node Type": "Bitmap Heap Scan", "Parent Relationship": "Inner", "Relation Name": "lineitem", "Alias": "l3", "Startup Cost": 0.82, "Total Cost": 8.97, "Plan Rows": 3, "Plan Width": 16, "Recheck Cond": "(l_orderkey = l1.l_orderkey)", "Filter": "((l_receiptdate > l_commitdate) AND (l_suppkey <> l1.l_suppkey))", "Plans": [{"Node Type": "Bitmap Index Scan", "Parent Relationship": "Outer", "Index Name": "idx_lineitem_orderkey", "Startup Cost": 0.0, "Total Cost": 0.82, "Plan Rows": 9, "Plan Width": 0, "Index Cond": "(l_orderkey = l1.l_orderkey)"}]}]}, {"Node Type": "Bitmap Heap Scan", "Parent Relationship": "Inner", "Relation Name": "supplier", "Alias": "supplier", "Startup Cost": 0.55, "Total Cost": 4.56, "Plan Rows": 1, "Plan Width": 38, "Recheck Cond": "(s_suppkey = l1.l_suppkey)", "Plans": [{"Node Type": "Bitmap Index Scan", "Parent Relationship": "Outer", "Index Name": "supplier_pkey", "Startup Cost": 0.0, "Total Cost": 0.55, "Plan Rows": 1, "Plan Width": 0, "Index Cond": "(s_suppkey = l1.l_suppkey)"}]}]}]}, {"Node Type": "Bitmap Heap Scan", "Parent Relationship": "Inner", "Relation Name": "lineitem", "Alias": "l2", "Startup Cost": 0.82, "Total Cost": 8.95, "Plan Rows": 9, "Plan Width": 16, "Recheck Cond": "(l_orderkey = l1.l_orderkey)", "Filter": "(l_suppkey <> l1.l_suppkey)", "Plans": [{"Node Type": "Bitmap Index Scan", "Parent Relationship": "Outer", "Index Name": "idx_lineitem_orderkey", "Startup Cost": 0.0, "Total Cost": 0.82, "Plan Rows": 9, "Plan Width": 0, "Index Cond": "(l_orderkey = l1.l_orderkey)"}]}]}, {"Node Type": "Bitmap Heap Scan", "Parent Relationship": "Inner", "Relation Name": "orders", "Alias": "orders", "Startup Cost": 0.6, "Total Cost": 4.61, "Plan Rows": 1, "Plan Width": 8, "Recheck Cond": "(o_orderkey = l2.l_orderkey)", "Filter": "(o_orderstatus = 'F'::bpchar)", "Plans": [{"Node Type": "Bitmap Index Scan", "Parent Relationship": "Outer", "Index Name": "orders_pkey", "Startup Cost": 0.0, "Total Cost": 0.6, "Plan Rows": 1, "Plan Width": 0, "Index Cond": "(o_orderkey = l2.l_orderkey)"}]}]}]}]}]}, "Unique SQL Id": 3870093320}, "explain_analyze_plan": null}, "(1, 119)": {"explain_plan": {"Plan": {"Node Type": "Limit", "Startup Cost": 1000209392502.29, "Total Cost": 1000209392502.54, "Plan Rows": 100, "Plan Width": 26, "Plans": [{"Node Type": "Sort", "Parent Relationship": "Outer", "Startup Cost": 1000209392502.29, "Total Cost": 1000209392525.22, "Plan Rows": 100, "Plan Width": 26, "Sort Key": ["(count(*)) DESC", "supplier.s_name"], "Plans": [{"Node Type": "Aggregate", "Strategy": "Hashed", "Parent Relationship": "Outer", "Startup Cost": 1000209392060.03, "Total Cost": 1000209392151.75, "Plan Rows": 9172, "Plan Width": 26, "Group By Key": ["supplier.s_name"], "Plans": [{"Node Type": "Nested Loop", "Parent Relationship": "Outer", "Join Type": "Semi", "Startup Cost": 10000000003.33, "Total Cost": 1000209392014.17, "Plan Rows": 9172, "Plan Width": 26, "Inner Unique": false, "Join Filter": "(orders.o_orderkey = l2.l_orderkey)", "Plans": [{"Node Type": "Nested Loop", "Parent Relationship": "Outer", "Join Type": "Inner", "Startup Cost": 10000000002.51, "Total Cost": 1000209365752.63, "Plan Rows": 9655, "Plan Width": 50, "Inner Unique": true, "Plans": [{"Node Type": "Nested Loop", "Parent Relationship": "Outer", "Join Type": "Inner", "Startup Cost": 10000000002.25, "Total Cost": 1000208331993.1, "Plan Rows": 241373, "Plan Width": 54, "Inner Unique": true, "Plans": [{"Node Type": "Nested Loop", "Parent Relationship": "Outer", "Join Type": "Anti", "Startup Cost": 10000000001.7, "Total Cost": 1000202554809.43, "Plan Rows": 1264232, "Plan Width": 24, "Inner Unique": false, "Plans": [{"Node Type": "Nested Loop", "Parent Relationship": "Outer", "Join Type": "Inner", "Startup Cost": 10000000000.88, "Total Cost": 1000143161213.03, "Plan Rows": 25284641, "Plan Width": 24, "Inner Unique": false, "Plans": [{"Node Type": "Index Scan", "Parent Relationship": "Outer", "Scan Direction": "Forward", "Index Name": "orders_pkey", "Relation Name": "orders", "Alias": "orders", "Startup Cost": 10000000000.0, "Total Cost": 1000076847713.25, "Plan Rows": 7338812, "Plan Width": 8, "Filter": "(o_orderstatus = 'F'::bpchar), (LLVM Optimized)"}, {"Node Type": "Bitmap Heap Scan", "Parent Relationship": "Inner", "Relation Name": "lineitem", "Alias": "l1", "Startup Cost": 0.88, "Total Cost": 9.01, "Plan Rows": 3, "Plan Width": 16, "Recheck Cond": "(l_orderkey = orders.o_orderkey)", "Filter": "(l_receiptdate > l_commitdate)", "Plans": [{"Node Type": "Bitmap Index Scan", "Parent Relationship": "Outer", "Index Name": "idx_lineitem_orderkey", "Startup Cost": 0.0, "Total Cost": 0.88, "Plan Rows": 9, "Plan Width": 0, "Index Cond": "(l_orderkey = orders.o_orderkey)"}]}]}, {"Node Type": "Bitmap Heap Scan", "Parent Relationship": "Inner", "Relation Name": "lineitem", "Alias": "l3", "Startup Cost": 0.82, "Total Cost": 8.97, "Plan Rows": 3, "Plan Width": 16, "Recheck Cond": "(l_orderkey = l1.l_orderkey)", "Filter": "((l_receiptdate > l_commitdate) AND (l_suppkey <> l1.l_suppkey))", "Plans": [{"Node Type": "Bitmap Index Scan", "Parent Relationship": "Outer", "Index Name": "idx_lineitem_orderkey", "Startup Cost": 0.0, "Total Cost": 0.82, "Plan Rows": 9, "Plan Width": 0, "Index Cond": "(l_orderkey = l1.l_orderkey)"}]}]}, {"Node Type": "Bitmap Heap Scan", "Parent Relationship": "Inner", "Relation Name": "supplier", "Alias": "supplier", "Startup Cost": 0.55, "Total Cost": 4.56, "Plan Rows": 1, "Plan Width": 38, "Recheck Cond": "(s_suppkey = l1.l_suppkey)", "Plans": [{"Node Type": "Bitmap Index Scan", "Parent Relationship": "Outer", "Index Name": "supplier_pkey", "Startup Cost": 0.0, "Total Cost": 0.55, "Plan Rows": 1, "Plan Width": 0, "Index Cond": "(s_suppkey = l1.l_suppkey)"}]}]}, {"Node Type": "Bitmap Heap Scan", "Parent Relationship": "Inner", "Relation Name": "nation", "Alias": "nation", "Startup Cost": 0.26, "Total Cost": 4.27, "Plan Rows": 1, "Plan Width": 4, "Recheck Cond": "(n_nationkey = supplier.s_nationkey)", "Filter": "(n_name = 'EGYPT'::bpchar)", "Plans": [{"Node Type": "Bitmap Index Scan", "Parent Relationship": "Outer", "Index Name": "nation_pkey", "Startup Cost": 0.0, "Total Cost": 0.26, "Plan Rows": 1, "Plan Width": 0, "Index Cond": "(n_nationkey = supplier.s_nationkey)"}]}]}, {"Node Type": "Bitmap Heap Scan", "Parent Relationship": "Inner", "Relation Name": "lineitem", "Alias": "l2", "Startup Cost": 0.82, "Total Cost": 8.95, "Plan Rows": 9, "Plan Width": 16, "Recheck Cond": "(l_orderkey = l1.l_orderkey)", "Filter": "(l_suppkey <> l1.l_suppkey)", "Plans": [{"Node Type": "Bitmap Index Scan", "Parent Relationship": "Outer", "Index Name": "idx_lineitem_orderkey", "Startup Cost": 0.0, "Total Cost": 0.82, "Plan Rows": 9, "Plan Width": 0, "Index Cond": "(l_orderkey = l1.l_orderkey)"}]}]}]}]}]}, "Unique SQL Id": 3870093320}, "explain_analyze_plan": null}, "(1, 120)": {"explain_plan": {"Plan": {"Node Type": "Limit", "Startup Cost": 9216055.43, "Total Cost": 9216055.68, "Plan Rows": 100, "Plan Width": 26, "Plans": [{"Node Type": "Sort", "Parent Relationship": "Outer", "Startup Cost": 9216055.43, "Total Cost": 9216078.36, "Plan Rows": 100, "Plan Width": 26, "Sort Key": ["(count(*)) DESC", "supplier.s_name"], "Plans": [{"Node Type": "Aggregate", "Strategy": "Hashed", "Parent Relationship": "Outer", "Startup Cost": 9215613.16, "Total Cost": 9215704.88, "Plan Rows": 9172, "Plan Width": 26, "Group By Key": ["supplier.s_name"], "Plans": [{"Node Type": "Nested Loop", "Parent Relationship": "Outer", "Join Type": "Inner", "Startup Cost": 0.0, "Total Cost": 9215567.3, "Plan Rows": 9172, "Plan Width": 26, "Inner Unique": true, "Join Filter": "(l1.l_orderkey = orders.o_orderkey)", "Plans": [{"Node Type": "Nested Loop", "Parent Relationship": "Outer", "Join Type": "Semi", "Startup Cost": 0.0, "Total Cost": 9208466.93, "Plan Rows": 7254, "Plan Width": 42, "Inner Unique": false, "Plans": [{"Node Type": "Nested Loop", "Parent Relationship": "Outer", "Join Type": "Inner", "Startup Cost": 0.0, "Total Cost": 9206611.37, "Plan Rows": 7635, "Plan Width": 42, "Inner Unique": false, "Join Filter": "(supplier.s_nationkey = nation.n_nationkey)", "Plans": [{"Node Type": "Seq Scan", "Parent Relationship": "Outer", "Relation Name": "nation", "Alias": "nation", "Startup Cost": 0.0, "Total Cost": 1.31, "Plan Rows": 1, "Plan Width": 4, "Filter": "(n_name = 'EGYPT'::bpchar)"}, {"Node Type": "Nested Loop", "Parent Relationship": "Inner", "Join Type": "Inner", "Startup Cost": 0.0, "Total Cost": 9204224.0, "Plan Rows": 190884, "Plan Width": 46, "Inner Unique": true, "Plans": [{"Node Type": "Nested Loop", "Parent Relationship": "Outer", "Join Type": "Anti", "Startup Cost": 0.0, "Total Cost": 8343730.42, "Plan Rows": 999784, "Plan Width": 16, "Inner Unique": false, "Plans": [{"Node Type": "Seq Scan", "Parent Relationship": "Outer", "Relation Name": "lineitem", "Alias": "l1", "Startup Cost": 0.0, "Total Cost": 2165082.91, "Plan Rows": 19995678, "Plan Width": 16, "Filter": "(l_receiptdate > l_commitdate), (LLVM Optimized)"}, {"Node Type": "Index Scan", "Parent Relationship": "Inner", "Scan Direction": "Forward", "Index Name": "idx_lineitem_orderkey", "Relation Name": "lineitem", "Alias": "l3", "Startup Cost": 0.0, "Total Cost": 1.63, "Plan Rows": 3, "Plan Width": 16, "Index Cond": "(l_orderkey = l1.l_orderkey)", "Filter": "((l_receiptdate > l_commitdate) AND (l_suppkey <> l1.l_suppkey))"}]}, {"Node Type": "Index Scan", "Parent Relationship": "Inner", "Scan Direction": "Forward", "Index Name": "supplier_pkey", "Relation Name": "supplier", "Alias": "supplier", "Startup Cost": 0.0, "Total Cost": 0.85, "Plan Rows": 1, "Plan Width": 38, "Index Cond": "(s_suppkey = l1.l_suppkey)"}]}]}, {"Node Type": "Index Scan", "Parent Relationship": "Inner", "Scan Direction": "Forward", "Index Name": "idx_lineitem_orderkey", "Relation Name": "lineitem", "Alias": "l2", "Startup Cost": 0.0, "Total Cost": 1.63, "Plan Rows": 9, "Plan Width": 16, "Index Cond": "(l_orderkey = l1.l_orderkey)", "Filter": "(l_suppkey <> l1.l_suppkey)"}]}, {"Node Type": "Index Scan", "Parent Relationship": "Inner", "Scan Direction": "Forward", "Index Name": "orders_pkey", "Relation Name": "orders", "Alias": "orders", "Startup Cost": 0.0, "Total Cost": 0.97, "Plan Rows": 1, "Plan Width": 8, "Index Cond": "(o_orderkey = l2.l_orderkey)", "Filter": "(o_orderstatus = 'F'::bpchar)"}]}]}]}]}, "Unique SQL Id": 3870093320}, "explain_analyze_plan": null}, "(1, 121)": {"explain_plan": {"Plan": {"Node Type": "Limit", "Startup Cost": 10441582.43, "Total Cost": 10441582.68, "Plan Rows": 100, "Plan Width": 26, "Plans": [{"Node Type": "Sort", "Parent Relationship": "Outer", "Startup Cost": 10441582.43, "Total Cost": 10441605.36, "Plan Rows": 100, "Plan Width": 26, "Sort Key": ["(count(*)) DESC", "supplier.s_name"], "Plans": [{"Node Type": "Aggregate", "Strategy": "Hashed", "Parent Relationship": "Outer", "Startup Cost": 10441140.16, "Total Cost": 10441231.88, "Plan Rows": 9172, "Plan Width": 26, "Group By Key": ["supplier.s_name"], "Plans": [{"Node Type": "Nested Loop", "Parent Relationship": "Outer", "Join Type": "Inner", "Startup Cost": 0.0, "Total Cost": 10441094.3, "Plan Rows": 9172, "Plan Width": 26, "Inner Unique": true, "Join Filter": "(l1.l_orderkey = orders.o_orderkey)", "Plans": [{"Node Type": "Nested Loop", "Parent Relationship": "Outer", "Join Type": "Semi", "Startup Cost": 0.0, "Total Cost": 10433993.93, "Plan Rows": 7254, "Plan Width": 42, "Inner Unique": false, "Plans": [{"Node Type": "Nested Loop", "Parent Relationship": "Outer", "Join Type": "Inner", "Startup Cost": 0.0, "Total Cost": 10432138.37, "Plan Rows": 7635, "Plan Width": 42, "Inner Unique": true, "Join Filter": "(supplier.s_nationkey = nation.n_nationkey)", "Plans": [{"Node Type": "Nested Loop", "Parent Relationship": "Outer", "Join Type": "Inner", "Startup Cost": 0.0, "Total Cost": 10429262.42, "Plan Rows": 190884, "Plan Width": 46, "Inner Unique": true, "Plans": [{"Node Type": "Nested Loop", "Parent Relationship": "Outer", "Join Type": "Anti", "Startup Cost": 0.0, "Total Cost": 9568768.84, "Plan Rows": 999784, "Plan Width": 16, "Inner Unique": false, "Plans": [{"Node Type": "Index Scan", "Parent Relationship": "Outer", "Scan Direction": "Forward", "Index Name": "idx_lineitem_orderkey", "Relation Name": "lineitem", "Alias": "l1", "Startup Cost": 0.0, "Total Cost": 3390121.33, "Plan Rows": 19995678, "Plan Width": 16, "Filter": "(l_receiptdate > l_commitdate), (LLVM Optimized)"}, {"Node Type": "Index Scan", "Parent Relationship": "Inner", "Scan Direction": "Forward", "Index Name": "idx_lineitem_orderkey", "Relation Name": "lineitem", "Alias": "l3", "Startup Cost": 0.0, "Total Cost": 1.63, "Plan Rows": 3, "Plan Width": 16, "Index Cond": "(l_orderkey = l1.l_orderkey)", "Filter": "((l_receiptdate > l_commitdate) AND (l_suppkey <> l1.l_suppkey))"}]}, {"Node Type": "Index Scan", "Parent Relationship": "Inner", "Scan Direction": "Forward", "Index Name": "supplier_pkey", "Relation Name": "supplier", "Alias": "supplier", "Startup Cost": 0.0, "Total Cost": 0.85, "Plan Rows": 1, "Plan Width": 38, "Index Cond": "(s_suppkey = l1.l_suppkey)"}]}, {"Node Type": "Materialize", "Parent Relationship": "Inner", "Startup Cost": 0.0, "Total Cost": 12.69, "Plan Rows": 1, "Plan Width": 4, "Plans": [{"Node Type": "Index Scan", "Parent Relationship": "Outer", "Scan Direction": "Forward", "Index Name": "nation_pkey", "Relation Name": "nation", "Alias": "nation", "Startup Cost": 0.0, "Total Cost": 12.69, "Plan Rows": 1, "Plan Width": 4, "Filter": "(n_name = 'EGYPT'::bpchar)"}]}]}, {"Node Type": "Index Scan", "Parent Relationship": "Inner", "Scan Direction": "Forward", "Index Name": "idx_lineitem_orderkey", "Relation Name": "lineitem", "Alias": "l2", "Startup Cost": 0.0, "Total Cost": 1.63, "Plan Rows": 9, "Plan Width": 16, "Index Cond": "(l_orderkey = l1.l_orderkey)", "Filter": "(l_suppkey <> l1.l_suppkey)"}]}, {"Node Type": "Index Scan", "Parent Relationship": "Inner", "Scan Direction": "Forward", "Index Name": "orders_pkey", "Relation Name": "orders", "Alias": "orders", "Startup Cost": 0.0, "Total Cost": 0.97, "Plan Rows": 1, "Plan Width": 8, "Index Cond": "(o_orderkey = l2.l_orderkey)", "Filter": "(o_orderstatus = 'F'::bpchar)"}]}]}]}]}, "Unique SQL Id": 3870093320}, "explain_analyze_plan": null}, "(1, 122)": {"explain_plan": {"Plan": {"Node Type": "Limit", "Startup Cost": 13110229684.01, "Total Cost": 13110229684.26, "Plan Rows": 100, "Plan Width": 26, "Plans": [{"Node Type": "Sort", "Parent Relationship": "Outer", "Startup Cost": 13110229684.01, "Total Cost": 13110229706.94, "Plan Rows": 100, "Plan Width": 26, "Sort Key": ["(count(*)) DESC", "supplier.s_name"], "Plans": [{"Node Type": "Aggregate", "Strategy": "Hashed", "Parent Relationship": "Outer", "Startup Cost": 13110229241.74, "Total Cost": 13110229333.46, "Plan Rows": 9172, "Plan Width": 26, "Group By Key": ["supplier.s_name"], "Plans": [{"Node Type": "Nested Loop", "Parent Relationship": "Outer", "Join Type": "Inner", "Startup Cost": 0.0, "Total Cost": 13110229195.88, "Plan Rows": 9172, "Plan Width": 26, "Inner Unique": false, "Join Filter": "(l1.l_orderkey = orders.o_orderkey)", "Plans": [{"Node Type": "Seq Scan", "Parent Relationship": "Outer", "Relation Name": "orders", "Alias": "orders", "Startup Cost": 0.0, "Total Cost": 463912.49, "Plan Rows": 7338812, "Plan Width": 8, "Filter": "(o_orderstatus = 'F'::bpchar), (LLVM Optimized)"}, {"Node Type": "Materialize", "Parent Relationship": "Inner", "Startup Cost": 0.0, "Total Cost": 12311229167.81, "Plan Rows": 7254, "Plan Width": 42, "Plans": [{"Node Type": "Nested Loop", "Parent Relationship": "Outer", "Join Type": "Semi", "Startup Cost": 0.0, "Total Cost": 12311229131.54, "Plan Rows": 7254, "Plan Width": 42, "Inner Unique": false, "Join Filter": "((l2.l_suppkey <> l1.l_suppkey) AND (l1.l_orderkey = l2.l_orderkey))", "Plans": [{"Node Type": "Nested Loop", "Parent Relationship": "Outer", "Join Type": "Anti", "Startup Cost": 0.0, "Total Cost": 11174694010.18, "Plan Rows": 7635, "Plan Width": 42, "Inner Unique": false, "Join Filter": "((l3.l_suppkey <> l1.l_suppkey) AND (l3.l_orderkey = l1.l_orderkey))", "Plans": [{"Node Type": "Nested Loop", "Parent Relationship": "Outer", "Join Type": "Inner", "Startup Cost": 0.0, "Total Cost": 1201910307.22, "Plan Rows": 152707, "Plan Width": 42, "Inner Unique": false, "Join Filter": "(supplier.s_suppkey = l1.l_suppkey), (LLVM Optimized)", "Plans": [{"Node Type": "Seq Scan", "Parent Relationship": "Outer", "Relation Name": "lineitem", "Alias": "l1", "Startup Cost": 0.0, "Total Cost": 2165082.91, "Plan Rows": 19995678, "Plan Width": 16, "Filter": "(l_receiptdate > l_commitdate), (LLVM Optimized)"}, {"Node Type": "Materialize", "Parent Relationship": "Inner", "Startup Cost": 0.0, "Total Cost": 4554.31, "Plan Rows": 4000, "Plan Width": 34, "Plans": [{"Node Type": "Nested Loop", "Parent Relationship": "Outer", "Join Type": "Inner", "Startup Cost": 0.0, "Total Cost": 4534.31, "Plan Rows": 4000, "Plan Width": 34, "Inner Unique": false, "Join Filter": "(supplier.s_nationkey = nation.n_nationkey)", "Plans": [{"Node Type": "Seq Scan", "Parent Relationship": "Outer", "Relation Name": "nation", "Alias": "nation", "Startup Cost": 0.0, "Total Cost": 1.31, "Plan Rows": 1, "Plan Width": 4, "Filter": "(n_name = 'EGYPT'::bpchar)"}, {"Node Type": "Seq Scan", "Parent Relationship": "Inner", "Relation Name": "supplier", "Alias": "supplier", "Startup Cost": 0.0, "Total Cost": 3283.0, "Plan Rows": 100000, "Plan Width": 38}]}]}]}, {"Node Type": "Materialize", "Parent Relationship": "Inner", "Startup Cost": 0.0, "Total Cost": 2265061.3, "Plan Rows": 19995678, "Plan Width": 16, "Plans": [{"Node Type": "Seq Scan", "Parent Relationship": "Outer", "Relation Name": "lineitem", "Alias": "l3", "Startup Cost": 0.0, "Total Cost": 2165082.91, "Plan Rows": 19995678, "Plan Width": 16, "Filter": "(l_receiptdate > l_commitdate), (LLVM Optimized)"}]}]}, {"Node Type": "Materialize", "Parent Relationship": "Inner", "Startup Cost": 0.0, "Total Cost": 2315050.5, "Plan Rows": 59987033, "Plan Width": 16, "Plans": [{"Node Type": "Seq Scan", "Parent Relationship": "Outer", "Relation Name": "lineitem", "Alias": "l2", "Startup Cost": 0.0, "Total Cost": 2015115.33, "Plan Rows": 59987033, "Plan Width": 16}]}]}]}]}]}]}]}, "Unique SQL Id": 3870093320}, "explain_analyze_plan": null}, "(1, 123)": {"explain_plan": {"Plan": {"Node Type": "Limit", "Startup Cost": 6014182839649.49, "Total Cost": 6014182839649.74, "Plan Rows": 100, "Plan Width": 26, "Plans": [{"Node Type": "Sort", "Parent Relationship": "Outer", "Startup Cost": 6014182839649.49, "Total Cost": 6014182839672.42, "Plan Rows": 100, "Plan Width": 26, "Sort Key": ["(count(*)) DESC", "supplier.s_name"], "Plans": [{"Node Type": "Aggregate", "Strategy": "Hashed", "Parent Relationship": "Outer", "Startup Cost": 6014182839207.22, "Total Cost": 6014182839298.94, "Plan Rows": 9172, "Plan Width": 26, "Group By Key": ["supplier.s_name"], "Plans": [{"Node Type": "Nested Loop", "Parent Relationship": "Outer", "Join Type": "Inner", "Startup Cost": 60000000000.0, "Total Cost": 6014182839161.36, "Plan Rows": 9172, "Plan Width": 26, "Inner Unique": false, "Join Filter": "(l1.l_orderkey = orders.o_orderkey)", "Plans": [{"Node Type": "Index Scan", "Parent Relationship": "Outer", "Scan Direction": "Forward", "Index Name": "orders_pkey", "Relation Name": "orders", "Alias": "orders", "Startup Cost": 10000000000.0, "Total Cost": 1000076847713.25, "Plan Rows": 7338812, "Plan Width": 8, "Filter": "(o_orderstatus = 'F'::bpchar), (LLVM Optimized)"}, {"Node Type": "Materialize", "Parent Relationship": "Inner", "Startup Cost": 50000000000.0, "Total Cost": 5013307455332.53, "Plan Rows": 7254, "Plan Width": 42, "Plans": [{"Node Type": "Nested Loop", "Parent Relationship": "Outer", "Join Type": "Semi", "Startup Cost": 50000000000.0, "Total Cost": 5013307455296.26, "Plan Rows": 7254, "Plan Width": 42, "Inner Unique": false, "Join Filter": "((l2.l_suppkey <> l1.l_suppkey) AND (l1.l_orderkey = l2.l_orderkey))", "Plans": [{"Node Type": "Nested Loop", "Parent Relationship": "Outer", "Join Type": "Anti", "Startup Cost": 40000000000.0, "Total Cost": 4011848919915.73, "Plan Rows": 7635, "Plan Width": 42, "Inner Unique": false, "Join Filter": "((l3.l_suppkey <> l1.l_suppkey) AND (l3.l_orderkey = l1.l_orderkey))", "Plans": [{"Node Type": "Nested Loop", "Parent Relationship": "Outer", "Join Type": "Inner", "Startup Cost": 30000000000.0, "Total Cost": 3001539289162.94, "Plan Rows": 152707, "Plan Width": 42, "Inner Unique": false, "Join Filter": "(supplier.s_suppkey = l1.l_suppkey), (LLVM Optimized)", "Plans": [{"Node Type": "Index Scan", "Parent Relationship": "Outer", "Scan Direction": "Forward", "Index Name": "idx_lineitem_orderkey", "Relation Name": "lineitem", "Alias": "l1", "Startup Cost": 10000000000.0, "Total Cost": 1000339012132.75, "Plan Rows": 19995678, "Plan Width": 16, "Filter": "(l_receiptdate > l_commitdate), (LLVM Optimized)"}, {"Node Type": "Materialize", "Parent Relationship": "Inner", "Startup Cost": 20000000000.0, "Total Cost": 2000000536360.19, "Plan Rows": 4000, "Plan Width": 34, "Plans": [{"Node Type": "Nested Loop", "Parent Relationship": "Outer", "Join Type": "Inner", "Startup Cost": 20000000000.0, "Total Cost": 2000000536340.19, "Plan Rows": 4000, "Plan Width": 34, "Inner Unique": true, "Join Filter": "(supplier.s_nationkey = nation.n_nationkey)", "Plans": [{"Node Type": "Index Scan", "Parent Relationship": "Outer", "Scan Direction": "Forward", "Index Name": "supplier_pkey", "Relation Name": "supplier", "Alias": "supplier", "Startup Cost": 10000000000.0, "Total Cost": 1000000533571.43, "Plan Rows": 100000, "Plan Width": 38}, {"Node Type": "Materialize", "Parent Relationship": "Inner", "Startup Cost": 10000000000.0, "Total Cost": 1000000001268.76, "Plan Rows": 1, "Plan Width": 4, "Plans": [{"Node Type": "Index Scan", "Parent Relationship": "Outer", "Scan Direction": "Forward", "Index Name": "nation_pkey", "Relation Name": "nation", "Alias": "nation", "Startup Cost": 10000000000.0, "Total Cost": 1000000001268.75, "Plan Rows": 1, "Plan Width": 4, "Filter": "(n_name = 'EGYPT'::bpchar)"}]}]}]}]}, {"Node Type": "Materialize", "Parent Relationship": "Inner", "Startup Cost": 10000000000.0, "Total Cost": 1000339112111.14, "Plan Rows": 19995678, "Plan Width": 16, "Plans": [{"Node Type": "Index Scan", "Parent Relationship": "Outer", "Scan Direction": "Forward", "Index Name": "idx_lineitem_orderkey", "Relation Name": "lineitem", "Alias": "l3", "Startup Cost": 10000000000.0, "Total Cost": 1000339012132.75, "Plan Rows": 19995678, "Plan Width": 16, "Filter": "(l_receiptdate > l_commitdate), (LLVM Optimized)"}]}]}, {"Node Type": "Materialize", "Parent Relationship": "Inner", "Startup Cost": 10000000000.0, "Total Cost": 1000324315309.67, "Plan Rows": 59987033, "Plan Width": 16, "Plans": [{"Node Type": "Index Scan", "Parent Relationship": "Outer", "Scan Direction": "Forward", "Index Name": "idx_lineitem_orderkey", "Relation Name": "lineitem", "Alias": "l2", "Startup Cost": 10000000000.0, "Total Cost": 1000324015374.5, "Plan Rows": 59987033, "Plan Width": 16}]}]}]}]}]}]}]}, "Unique SQL Id": 3870093320}, "explain_analyze_plan": null}, "(1, 124)": {"explain_plan": {"Plan": {"Node Type": "Limit", "Startup Cost": 9216055.43, "Total Cost": 9216055.68, "Plan Rows": 100, "Plan Width": 26, "Plans": [{"Node Type": "Sort", "Parent Relationship": "Outer", "Startup Cost": 9216055.43, "Total Cost": 9216078.36, "Plan Rows": 100, "Plan Width": 26, "Sort Key": ["(count(*)) DESC", "supplier.s_name"], "Plans": [{"Node Type": "Aggregate", "Strategy": "Hashed", "Parent Relationship": "Outer", "Startup Cost": 9215613.16, "Total Cost": 9215704.88, "Plan Rows": 9172, "Plan Width": 26, "Group By Key": ["supplier.s_name"], "Plans": [{"Node Type": "Nested Loop", "Parent Relationship": "Outer", "Join Type": "Inner", "Startup Cost": 0.0, "Total Cost": 9215567.3, "Plan Rows": 9172, "Plan Width": 26, "Inner Unique": true, "Join Filter": "(l1.l_orderkey = orders.o_orderkey)", "Plans": [{"Node Type": "Nested Loop", "Parent Relationship": "Outer", "Join Type": "Semi", "Startup Cost": 0.0, "Total Cost": 9208466.93, "Plan Rows": 7254, "Plan Width": 42, "Inner Unique": false, "Plans": [{"Node Type": "Nested Loop", "Parent Relationship": "Outer", "Join Type": "Inner", "Startup Cost": 0.0, "Total Cost": 9206611.37, "Plan Rows": 7635, "Plan Width": 42, "Inner Unique": false, "Join Filter": "(supplier.s_nationkey = nation.n_nationkey)", "Plans": [{"Node Type": "Seq Scan", "Parent Relationship": "Outer", "Relation Name": "nation", "Alias": "nation", "Startup Cost": 0.0, "Total Cost": 1.31, "Plan Rows": 1, "Plan Width": 4, "Filter": "(n_name = 'EGYPT'::bpchar)"}, {"Node Type": "Nested Loop", "Parent Relationship": "Inner", "Join Type": "Inner", "Startup Cost": 0.0, "Total Cost": 9204224.0, "Plan Rows": 190884, "Plan Width": 46, "Inner Unique": true, "Plans": [{"Node Type": "Nested Loop", "Parent Relationship": "Outer", "Join Type": "Anti", "Startup Cost": 0.0, "Total Cost": 8343730.42, "Plan Rows": 999784, "Plan Width": 16, "Inner Unique": false, "Plans": [{"Node Type": "Seq Scan", "Parent Relationship": "Outer", "Relation Name": "lineitem", "Alias": "l1", "Startup Cost": 0.0, "Total Cost": 2165082.91, "Plan Rows": 19995678, "Plan Width": 16, "Filter": "(l_receiptdate > l_commitdate), (LLVM Optimized)"}, {"Node Type": "Index Scan", "Parent Relationship": "Inner", "Scan Direction": "Forward", "Index Name": "idx_lineitem_orderkey", "Relation Name": "lineitem", "Alias": "l3", "Startup Cost": 0.0, "Total Cost": 1.63, "Plan Rows": 3, "Plan Width": 16, "Index Cond": "(l_orderkey = l1.l_orderkey)", "Filter": "((l_receiptdate > l_commitdate) AND (l_suppkey <> l1.l_suppkey))"}]}, {"Node Type": "Index Scan", "Parent Relationship": "Inner", "Scan Direction": "Forward", "Index Name": "supplier_pkey", "Relation Name": "supplier", "Alias": "supplier", "Startup Cost": 0.0, "Total Cost": 0.85, "Plan Rows": 1, "Plan Width": 38, "Index Cond": "(s_suppkey = l1.l_suppkey)"}]}]}, {"Node Type": "Index Scan", "Parent Relationship": "Inner", "Scan Direction": "Forward", "Index Name": "idx_lineitem_orderkey", "Relation Name": "lineitem", "Alias": "l2", "Startup Cost": 0.0, "Total Cost": 1.63, "Plan Rows": 9, "Plan Width": 16, "Index Cond": "(l_orderkey = l1.l_orderkey)", "Filter": "(l_suppkey <> l1.l_suppkey)"}]}, {"Node Type": "Index Scan", "Parent Relationship": "Inner", "Scan Direction": "Forward", "Index Name": "orders_pkey", "Relation Name": "orders", "Alias": "orders", "Startup Cost": 0.0, "Total Cost": 0.97, "Plan Rows": 1, "Plan Width": 8, "Index Cond": "(o_orderkey = l2.l_orderkey)", "Filter": "(o_orderstatus = 'F'::bpchar)"}]}]}]}]}, "Unique SQL Id": 3870093320}, "explain_analyze_plan": null}, "(1, 125)": {"explain_plan": {"Plan": {"Node Type": "Limit", "Startup Cost": 10441582.43, "Total Cost": 10441582.68, "Plan Rows": 100, "Plan Width": 26, "Plans": [{"Node Type": "Sort", "Parent Relationship": "Outer", "Startup Cost": 10441582.43, "Total Cost": 10441605.36, "Plan Rows": 100, "Plan Width": 26, "Sort Key": ["(count(*)) DESC", "supplier.s_name"], "Plans": [{"Node Type": "Aggregate", "Strategy": "Hashed", "Parent Relationship": "Outer", "Startup Cost": 10441140.16, "Total Cost": 10441231.88, "Plan Rows": 9172, "Plan Width": 26, "Group By Key": ["supplier.s_name"], "Plans": [{"Node Type": "Nested Loop", "Parent Relationship": "Outer", "Join Type": "Inner", "Startup Cost": 0.0, "Total Cost": 10441094.3, "Plan Rows": 9172, "Plan Width": 26, "Inner Unique": true, "Join Filter": "(l1.l_orderkey = orders.o_orderkey)", "Plans": [{"Node Type": "Nested Loop", "Parent Relationship": "Outer", "Join Type": "Semi", "Startup Cost": 0.0, "Total Cost": 10433993.93, "Plan Rows": 7254, "Plan Width": 42, "Inner Unique": false, "Plans": [{"Node Type": "Nested Loop", "Parent Relationship": "Outer", "Join Type": "Inner", "Startup Cost": 0.0, "Total Cost": 10432138.37, "Plan Rows": 7635, "Plan Width": 42, "Inner Unique": true, "Join Filter": "(supplier.s_nationkey = nation.n_nationkey)", "Plans": [{"Node Type": "Nested Loop", "Parent Relationship": "Outer", "Join Type": "Inner", "Startup Cost": 0.0, "Total Cost": 10429262.42, "Plan Rows": 190884, "Plan Width": 46, "Inner Unique": true, "Plans": [{"Node Type": "Nested Loop", "Parent Relationship": "Outer", "Join Type": "Anti", "Startup Cost": 0.0, "Total Cost": 9568768.84, "Plan Rows": 999784, "Plan Width": 16, "Inner Unique": false, "Plans": [{"Node Type": "Index Scan", "Parent Relationship": "Outer", "Scan Direction": "Forward", "Index Name": "idx_lineitem_orderkey", "Relation Name": "lineitem", "Alias": "l1", "Startup Cost": 0.0, "Total Cost": 3390121.33, "Plan Rows": 19995678, "Plan Width": 16, "Filter": "(l_receiptdate > l_commitdate), (LLVM Optimized)"}, {"Node Type": "Index Scan", "Parent Relationship": "Inner", "Scan Direction": "Forward", "Index Name": "idx_lineitem_orderkey", "Relation Name": "lineitem", "Alias": "l3", "Startup Cost": 0.0, "Total Cost": 1.63, "Plan Rows": 3, "Plan Width": 16, "Index Cond": "(l_orderkey = l1.l_orderkey)", "Filter": "((l_receiptdate > l_commitdate) AND (l_suppkey <> l1.l_suppkey))"}]}, {"Node Type": "Index Scan", "Parent Relationship": "Inner", "Scan Direction": "Forward", "Index Name": "supplier_pkey", "Relation Name": "supplier", "Alias": "supplier", "Startup Cost": 0.0, "Total Cost": 0.85, "Plan Rows": 1, "Plan Width": 38, "Index Cond": "(s_suppkey = l1.l_suppkey)"}]}, {"Node Type": "Materialize", "Parent Relationship": "Inner", "Startup Cost": 0.0, "Total Cost": 12.69, "Plan Rows": 1, "Plan Width": 4, "Plans": [{"Node Type": "Index Scan", "Parent Relationship": "Outer", "Scan Direction": "Forward", "Index Name": "nation_pkey", "Relation Name": "nation", "Alias": "nation", "Startup Cost": 0.0, "Total Cost": 12.69, "Plan Rows": 1, "Plan Width": 4, "Filter": "(n_name = 'EGYPT'::bpchar)"}]}]}, {"Node Type": "Index Scan", "Parent Relationship": "Inner", "Scan Direction": "Forward", "Index Name": "idx_lineitem_orderkey", "Relation Name": "lineitem", "Alias": "l2", "Startup Cost": 0.0, "Total Cost": 1.63, "Plan Rows": 9, "Plan Width": 16, "Index Cond": "(l_orderkey = l1.l_orderkey)", "Filter": "(l_suppkey <> l1.l_suppkey)"}]}, {"Node Type": "Index Scan", "Parent Relationship": "Inner", "Scan Direction": "Forward", "Index Name": "orders_pkey", "Relation Name": "orders", "Alias": "orders", "Startup Cost": 0.0, "Total Cost": 0.97, "Plan Rows": 1, "Plan Width": 8, "Index Cond": "(o_orderkey = l2.l_orderkey)", "Filter": "(o_orderstatus = 'F'::bpchar)"}]}]}]}]}, "Unique SQL Id": 3870093320}, "explain_analyze_plan": null}, "(1, 126)": {"explain_plan": {"Plan": {"Node Type": "Limit", "Startup Cost": 13110229684.01, "Total Cost": 13110229684.26, "Plan Rows": 100, "Plan Width": 26, "Plans": [{"Node Type": "Sort", "Parent Relationship": "Outer", "Startup Cost": 13110229684.01, "Total Cost": 13110229706.94, "Plan Rows": 100, "Plan Width": 26, "Sort Key": ["(count(*)) DESC", "supplier.s_name"], "Plans": [{"Node Type": "Aggregate", "Strategy": "Hashed", "Parent Relationship": "Outer", "Startup Cost": 13110229241.74, "Total Cost": 13110229333.46, "Plan Rows": 9172, "Plan Width": 26, "Group By Key": ["supplier.s_name"], "Plans": [{"Node Type": "Nested Loop", "Parent Relationship": "Outer", "Join Type": "Inner", "Startup Cost": 0.0, "Total Cost": 13110229195.88, "Plan Rows": 9172, "Plan Width": 26, "Inner Unique": false, "Join Filter": "(l1.l_orderkey = orders.o_orderkey)", "Plans": [{"Node Type": "Seq Scan", "Parent Relationship": "Outer", "Relation Name": "orders", "Alias": "orders", "Startup Cost": 0.0, "Total Cost": 463912.49, "Plan Rows": 7338812, "Plan Width": 8, "Filter": "(o_orderstatus = 'F'::bpchar), (LLVM Optimized)"}, {"Node Type": "Materialize", "Parent Relationship": "Inner", "Startup Cost": 0.0, "Total Cost": 12311229167.81, "Plan Rows": 7254, "Plan Width": 42, "Plans": [{"Node Type": "Nested Loop", "Parent Relationship": "Outer", "Join Type": "Semi", "Startup Cost": 0.0, "Total Cost": 12311229131.54, "Plan Rows": 7254, "Plan Width": 42, "Inner Unique": false, "Join Filter": "((l2.l_suppkey <> l1.l_suppkey) AND (l1.l_orderkey = l2.l_orderkey))", "Plans": [{"Node Type": "Nested Loop", "Parent Relationship": "Outer", "Join Type": "Anti", "Startup Cost": 0.0, "Total Cost": 11174694010.18, "Plan Rows": 7635, "Plan Width": 42, "Inner Unique": false, "Join Filter": "((l3.l_suppkey <> l1.l_suppkey) AND (l3.l_orderkey = l1.l_orderkey))", "Plans": [{"Node Type": "Nested Loop", "Parent Relationship": "Outer", "Join Type": "Inner", "Startup Cost": 0.0, "Total Cost": 1201910307.22, "Plan Rows": 152707, "Plan Width": 42, "Inner Unique": false, "Join Filter": "(supplier.s_suppkey = l1.l_suppkey), (LLVM Optimized)", "Plans": [{"Node Type": "Seq Scan", "Parent Relationship": "Outer", "Relation Name": "lineitem", "Alias": "l1", "Startup Cost": 0.0, "Total Cost": 2165082.91, "Plan Rows": 19995678, "Plan Width": 16, "Filter": "(l_receiptdate > l_commitdate), (LLVM Optimized)"}, {"Node Type": "Materialize", "Parent Relationship": "Inner", "Startup Cost": 0.0, "Total Cost": 4554.31, "Plan Rows": 4000, "Plan Width": 34, "Plans": [{"Node Type": "Nested Loop", "Parent Relationship": "Outer", "Join Type": "Inner", "Startup Cost": 0.0, "Total Cost": 4534.31, "Plan Rows": 4000, "Plan Width": 34, "Inner Unique": false, "Join Filter": "(supplier.s_nationkey = nation.n_nationkey)", "Plans": [{"Node Type": "Seq Scan", "Parent Relationship": "Outer", "Relation Name": "nation", "Alias": "nation", "Startup Cost": 0.0, "Total Cost": 1.31, "Plan Rows": 1, "Plan Width": 4, "Filter": "(n_name = 'EGYPT'::bpchar)"}, {"Node Type": "Seq Scan", "Parent Relationship": "Inner", "Relation Name": "supplier", "Alias": "supplier", "Startup Cost": 0.0, "Total Cost": 3283.0, "Plan Rows": 100000, "Plan Width": 38}]}]}]}, {"Node Type": "Materialize", "Parent Relationship": "Inner", "Startup Cost": 0.0, "Total Cost": 2265061.3, "Plan Rows": 19995678, "Plan Width": 16, "Plans": [{"Node Type": "Seq Scan", "Parent Relationship": "Outer", "Relation Name": "lineitem", "Alias": "l3", "Startup Cost": 0.0, "Total Cost": 2165082.91, "Plan Rows": 19995678, "Plan Width": 16, "Filter": "(l_receiptdate > l_commitdate), (LLVM Optimized)"}]}]}, {"Node Type": "Materialize", "Parent Relationship": "Inner", "Startup Cost": 0.0, "Total Cost": 2315050.5, "Plan Rows": 59987033, "Plan Width": 16, "Plans": [{"Node Type": "Seq Scan", "Parent Relationship": "Outer", "Relation Name": "lineitem", "Alias": "l2", "Startup Cost": 0.0, "Total Cost": 2015115.33, "Plan Rows": 59987033, "Plan Width": 16}]}]}]}]}]}]}]}, "Unique SQL Id": 3870093320}, "explain_analyze_plan": null}, "(1, 127)": {"explain_plan": {"Plan": {"Node Type": "Limit", "Startup Cost": 6014182839649.49, "Total Cost": 6014182839649.74, "Plan Rows": 100, "Plan Width": 26, "Plans": [{"Node Type": "Sort", "Parent Relationship": "Outer", "Startup Cost": 6014182839649.49, "Total Cost": 6014182839672.42, "Plan Rows": 100, "Plan Width": 26, "Sort Key": ["(count(*)) DESC", "supplier.s_name"], "Plans": [{"Node Type": "Aggregate", "Strategy": "Hashed", "Parent Relationship": "Outer", "Startup Cost": 6014182839207.22, "Total Cost": 6014182839298.94, "Plan Rows": 9172, "Plan Width": 26, "Group By Key": ["supplier.s_name"], "Plans": [{"Node Type": "Nested Loop", "Parent Relationship": "Outer", "Join Type": "Inner", "Startup Cost": 60000000000.0, "Total Cost": 6014182839161.36, "Plan Rows": 9172, "Plan Width": 26, "Inner Unique": false, "Join Filter": "(l1.l_orderkey = orders.o_orderkey)", "Plans": [{"Node Type": "Index Scan", "Parent Relationship": "Outer", "Scan Direction": "Forward", "Index Name": "orders_pkey", "Relation Name": "orders", "Alias": "orders", "Startup Cost": 10000000000.0, "Total Cost": 1000076847713.25, "Plan Rows": 7338812, "Plan Width": 8, "Filter": "(o_orderstatus = 'F'::bpchar), (LLVM Optimized)"}, {"Node Type": "Materialize", "Parent Relationship": "Inner", "Startup Cost": 50000000000.0, "Total Cost": 5013307455332.53, "Plan Rows": 7254, "Plan Width": 42, "Plans": [{"Node Type": "Nested Loop", "Parent Relationship": "Outer", "Join Type": "Semi", "Startup Cost": 50000000000.0, "Total Cost": 5013307455296.26, "Plan Rows": 7254, "Plan Width": 42, "Inner Unique": false, "Join Filter": "((l2.l_suppkey <> l1.l_suppkey) AND (l1.l_orderkey = l2.l_orderkey))", "Plans": [{"Node Type": "Nested Loop", "Parent Relationship": "Outer", "Join Type": "Anti", "Startup Cost": 40000000000.0, "Total Cost": 4011848919915.73, "Plan Rows": 7635, "Plan Width": 42, "Inner Unique": false, "Join Filter": "((l3.l_suppkey <> l1.l_suppkey) AND (l3.l_orderkey = l1.l_orderkey))", "Plans": [{"Node Type": "Nested Loop", "Parent Relationship": "Outer", "Join Type": "Inner", "Startup Cost": 30000000000.0, "Total Cost": 3001539289162.94, "Plan Rows": 152707, "Plan Width": 42, "Inner Unique": false, "Join Filter": "(supplier.s_suppkey = l1.l_suppkey), (LLVM Optimized)", "Plans": [{"Node Type": "Index Scan", "Parent Relationship": "Outer", "Scan Direction": "Forward", "Index Name": "idx_lineitem_orderkey", "Relation Name": "lineitem", "Alias": "l1", "Startup Cost": 10000000000.0, "Total Cost": 1000339012132.75, "Plan Rows": 19995678, "Plan Width": 16, "Filter": "(l_receiptdate > l_commitdate), (LLVM Optimized)"}, {"Node Type": "Materialize", "Parent Relationship": "Inner", "Startup Cost": 20000000000.0, "Total Cost": 2000000536360.19, "Plan Rows": 4000, "Plan Width": 34, "Plans": [{"Node Type": "Nested Loop", "Parent Relationship": "Outer", "Join Type": "Inner", "Startup Cost": 20000000000.0, "Total Cost": 2000000536340.19, "Plan Rows": 4000, "Plan Width": 34, "Inner Unique": true, "Join Filter": "(supplier.s_nationkey = nation.n_nationkey)", "Plans": [{"Node Type": "Index Scan", "Parent Relationship": "Outer", "Scan Direction": "Forward", "Index Name": "supplier_pkey", "Relation Name": "supplier", "Alias": "supplier", "Startup Cost": 10000000000.0, "Total Cost": 1000000533571.43, "Plan Rows": 100000, "Plan Width": 38}, {"Node Type": "Materialize", "Parent Relationship": "Inner", "Startup Cost": 10000000000.0, "Total Cost": 1000000001268.76, "Plan Rows": 1, "Plan Width": 4, "Plans": [{"Node Type": "Index Scan", "Parent Relationship": "Outer", "Scan Direction": "Forward", "Index Name": "nation_pkey", "Relation Name": "nation", "Alias": "nation", "Startup Cost": 10000000000.0, "Total Cost": 1000000001268.75, "Plan Rows": 1, "Plan Width": 4, "Filter": "(n_name = 'EGYPT'::bpchar)"}]}]}]}]}, {"Node Type": "Materialize", "Parent Relationship": "Inner", "Startup Cost": 10000000000.0, "Total Cost": 1000339112111.14, "Plan Rows": 19995678, "Plan Width": 16, "Plans": [{"Node Type": "Index Scan", "Parent Relationship": "Outer", "Scan Direction": "Forward", "Index Name": "idx_lineitem_orderkey", "Relation Name": "lineitem", "Alias": "l3", "Startup Cost": 10000000000.0, "Total Cost": 1000339012132.75, "Plan Rows": 19995678, "Plan Width": 16, "Filter": "(l_receiptdate > l_commitdate), (LLVM Optimized)"}]}]}, {"Node Type": "Materialize", "Parent Relationship": "Inner", "Startup Cost": 10000000000.0, "Total Cost": 1000324315309.67, "Plan Rows": 59987033, "Plan Width": 16, "Plans": [{"Node Type": "Index Scan", "Parent Relationship": "Outer", "Scan Direction": "Forward", "Index Name": "idx_lineitem_orderkey", "Relation Name": "lineitem", "Alias": "l2", "Startup Cost": 10000000000.0, "Total Cost": 1000324015374.5, "Plan Rows": 59987033, "Plan Width": 16}]}]}]}]}]}]}]}, "Unique SQL Id": 3870093320}, "explain_analyze_plan": null}, "(16, 0)": {"explain_plan": {"Plan": {"Node Type": "Limit", "Startup Cost": 233991.22, "Total Cost": 233991.47, "Plan Rows": 100, "Plan Width": 34, "Plans": [{"Node Type": "Sort", "Parent Relationship": "Outer", "Startup Cost": 233991.22, "Total Cost": 234014.15, "Plan Rows": 100, "Plan Width": 34, "Sort Key": ["(count(*)) DESC", "supplier.s_name"], "Plans": [{"Node Type": "Aggregate", "Strategy": "Hashed", "Parent Relationship": "Outer", "Startup Cost": 233548.95, "Total Cost": 233640.67, "Plan Rows": 9172, "Plan Width": 34, "Group By Key": ["supplier.s_name"], "Plans": [{"Node Type": "Nested Loop", "Parent Relationship": "Outer", "Join Type": "Inner", "Startup Cost": 18964.6, "Total Cost": 233503.09, "Plan Rows": 9172, "Plan Width": 26, "Inner Unique": true, "Join Filter": "(l1.l_orderkey = orders.o_orderkey)", "Plans": [{"Node Type": "Nested Loop", "Parent Relationship": "Outer", "Join Type": "Semi", "Startup Cost": 18964.6, "Total Cost": 226402.72, "Plan Rows": 7254, "Plan Width": 42, "Inner Unique": false, "Plans": [{"Node Type": "Nested Loop", "Parent Relationship": "Outer", "Join Type": "Anti", "Startup Cost": 18964.6, "Total Cost": 224547.15, "Plan Rows": 7635, "Plan Width": 42, "Inner Unique": false, "Plans": [{"Node Type": "Streaming(type: LOCAL GATHER dop: 1/16)", "Parent Relationship": "Outer", "Startup Cost": 18964.6, "Total Cost": 177359.94, "Plan Rows": 152707, "Plan Width": 42, "Plans": [{"Node Type": "Hash Join", "Parent Relationship": "Outer", "Join Type": "Inner", "Startup Cost": 18964.6, "Total Cost": 174064.21, "Plan Rows": 152707, "Plan Width": 42, "Inner Unique": false, "Hash Cond": "(l1.l_suppkey = supplier.s_suppkey), (LLVM Optimized)", "Plans": [{"Node Type": "Seq Scan", "Parent Relationship": "Outer", "Relation Name": "lineitem", "Alias": "l1", "Startup Cost": 0.0, "Total Cost": 150317.68, "Plan Rows": 19995678, "Plan Width": 16, "Filter": "(l_receiptdate > l_commitdate), (LLVM Optimized)"}, {"Node Type": "Hash", "Parent Relationship": "Inner", "Startup Cost": 18914.6, "Total Cost": 18914.6, "Plan Rows": 64000, "Plan Width": 34, "Plans": [{"Node Type": "Streaming(type: BROADCAST dop: 16/1)", "Parent Relationship": "Outer", "Startup Cost": 95.25, "Total Cost": 18914.6, "Plan Rows": 64000, "Plan Width": 34, "Plans": [{"Node Type": "Nested Loop", "Parent Relationship": "Outer", "Join Type": "Inner", "Startup Cost": 95.25, "Total Cost": 2533.35, "Plan Rows": 4000, "Plan Width": 34, "Inner Unique": false, "Plans": [{"Node Type": "Seq Scan", "Parent Relationship": "Outer", "Relation Name": "nation", "Alias": "nation", "Startup Cost": 0.0, "Total Cost": 1.31, "Plan Rows": 1, "Plan Width": 4, "Filter": "(n_name = 'EGYPT'::bpchar)"}, {"Node Type": "Bitmap Heap Scan", "Parent Relationship": "Inner", "Relation Name": "supplier", "Alias": "supplier", "Startup Cost": 95.25, "Total Cost": 2492.04, "Plan Rows": 4000, "Plan Width": 38, "Recheck Cond": "(s_nationkey = nation.n_nationkey)", "Plans": [{"Node Type": "Bitmap Index Scan", "Parent Relationship": "Outer", "Index Name": "idx_supplier_nation_key", "Startup Cost": 0.0, "Total Cost": 94.25, "Plan Rows": 4000, "Plan Width": 0, "Index Cond": "(s_nationkey = nation.n_nationkey)"}]}]}]}]}]}]}, {"Node Type": "Index Scan", "Parent Relationship": "Inner", "Scan Direction": "Forward", "Index Name": "idx_lineitem_orderkey", "Relation Name": "lineitem", "Alias": "l3", "Startup Cost": 0.0, "Total Cost": 1.63, "Plan Rows": 3, "Plan Width": 16, "Index Cond": "(l_orderkey = l1.l_orderkey)", "Filter": "((l_receiptdate > l_commitdate) AND (l_suppkey <> l1.l_suppkey))"}]}, {"Node Type": "Index Scan", "Parent Relationship": "Inner", "Scan Direction": "Forward", "Index Name": "idx_lineitem_orderkey", "Relation Name": "lineitem", "Alias": "l2", "Startup Cost": 0.0, "Total Cost": 1.63, "Plan Rows": 9, "Plan Width": 16, "Index Cond": "(l_orderkey = l1.l_orderkey)", "Filter": "(l_suppkey <> l1.l_suppkey)"}]}, {"Node Type": "Index Scan", "Parent Relationship": "Inner", "Scan Direction": "Forward", "Index Name": "orders_pkey", "Relation Name": "orders", "Alias": "orders", "Startup Cost": 0.0, "Total Cost": 0.97, "Plan Rows": 1, "Plan Width": 8, "Index Cond": "(o_orderkey = l2.l_orderkey)", "Filter": "(o_orderstatus = 'F'::bpchar)"}]}]}]}]}, "Unique SQL Id": 3870093320}, "explain_analyze_plan": {"Plan": {"Node Type": "Limit", "Startup Cost": 233991.22, "Total Cost": 233991.47, "Plan Rows": 100, "Plan Width": 34, "Actual Min Startup Time": 12229.654, "Actual Max Startup Time": 12229.654, "Actual Min Total Time": 12229.673, "Actual Max Total Time": 12229.673, "Actual Total Rows": 100, "Plans": [{"Node Type": "Sort", "Parent Relationship": "Outer", "Startup Cost": 233991.22, "Total Cost": 234014.15, "Plan Rows": 100, "Plan Width": 34, "Actual Min Startup Time": 12229.651, "Actual Max Startup Time": 12229.651, "Actual Min Total Time": 12229.656, "Actual Max Total Time": 12229.656, "Actual Total Rows": 100, "Sort Key": ["(count(*)) DESC", "supplier.s_name"], "Sort Method": "top-N heapsort", "Sort Space Min Used": 41, "Sort Space Max Used": 41, "Sort Space Type": "Memory", "Plans": [{"Node Type": "Aggregate", "Strategy": "Hashed", "Parent Relationship": "Outer", "Startup Cost": 233548.95, "Total Cost": 233640.67, "Plan Rows": 9172, "Plan Width": 34, "Actual Min Startup Time": 12226.217, "Actual Max Startup Time": 12226.217, "Actual Min Total Time": 12227.502, "Actual Max Total Time": 12227.502, "Actual Total Rows": 3981, "Group By Key": ["supplier.s_name"], "Plans": [{"Node Type": "Nested Loop", "Parent Relationship": "Outer", "Join Type": "Inner", "Startup Cost": 18964.6, "Total Cost": 233503.09, "Plan Rows": 9172, "Plan Width": 26, "Actual Min Startup Time": 84.248, "Actual Max Startup Time": 84.248, "Actual Min Total Time": 12174.868, "Actual Max Total Time": 12174.868, "Actual Total Rows": 39445, "Inner Unique": true, "Join Filter": "(l1.l_orderkey = orders.o_orderkey)", "Rows Removed by Join Filter": 0, "Plans": [{"Node Type": "Nested Loop", "Parent Relationship": "Outer", "Join Type": "Semi", "Startup Cost": 18964.6, "Total Cost": 226402.72, "Plan Rows": 7254, "Plan Width": 42, "Actual Min Startup Time": 84.22, "Actual Max Startup Time": 84.22, "Actual Min Total Time": 11595.118, "Actual Max Total Time": 11595.118, "Actual Total Rows": 80537, "Inner Unique": false, "Plans": [{"Node Type": "Nested Loop", "Parent Relationship": "Outer", "Join Type": "Anti", "Startup Cost": 18964.6, "Total Cost": 224547.15, "Plan Rows": 7635, "Plan Width": 42, "Actual Min Startup Time": 84.209, "Actual Max Startup Time": 84.209, "Actual Min Total Time": 11003.815, "Actual Max Total Time": 11003.815, "Actual Total Rows": 135110, "Inner Unique": false, "Plans": [{"Node Type": "Streaming(type: LOCAL GATHER dop: 1/16)", "Parent Relationship": "Outer", "Startup Cost": 18964.6, "Total Cost": 177359.94, "Plan Rows": 152707, "Plan Width": 42, "Actual Min Startup Time": 84.043, "Actual Max Startup Time": 84.043, "Actual Min Total Time": 749.673, "Actual Max Total Time": 749.673, "Actual Total Rows": 1511024, "Plans": [{"Node Type": "Hash Join", "Parent Relationship": "Outer", "Join Type": "Inner", "Startup Cost": 18964.6, "Total Cost": 174064.21, "Plan Rows": 152707, "Plan Width": 42, "Actual Min Startup Time": 39.442, "Actual Max Startup Time": 45.147, "Actual Min Total Time": 2132.334, "Actual Max Total Time": 2213.238, "Actual Total Rows": 1511024, "Inner Unique": false, "Hash Cond": "(l1.l_suppkey = supplier.s_suppkey), (LLVM Optimized, Jit Execute)", "Plans": [{"Node Type": "Seq Scan", "Parent Relationship": "Outer", "Relation Name": "lineitem", "Alias": "l1", "Startup Cost": 0.0, "Total Cost": 150317.68, "Plan Rows": 19995678, "Plan Width": 16, "Actual Min Startup Time": 0.023, "Actual Max Startup Time": 0.039, "Actual Min Total Time": 1589.34, "Actual Max Total Time": 1658.229, "Actual Total Rows": 37929348, "Filter": "(l_receiptdate > l_commitdate), (LLVM Optimized, Jit Execute)", "Rows Removed by Filter": 22056704}, {"Node Type": "Hash", "Parent Relationship": "Inner", "Startup Cost": 18914.6, "Total Cost": 18914.6, "Plan Rows": 64000, "Plan Width": 34, "Actual Min Startup Time": 39.31, "Actual Max Startup Time": 45.002, "Actual Min Total Time": 39.31, "Actual Max Total Time": 45.002, "Actual Total Rows": 63696, "Max Hash Buckets": 32768, "Min Hash Buckets": 32768, "Max Hash Batches": 1, "Min Hash Batches": 1, "Max Original Hash Batches": 1, "Min Original Hash Batches": 1, "Max Peak Memory Usage": 280, "min Peak Memory Usage": 280, "Plans": [{"Node Type": "Streaming(type: BROADCAST dop: 16/1)", "Parent Relationship": "Outer", "Startup Cost": 95.25, "Total Cost": 18914.6, "Plan Rows": 64000, "Plan Width": 34, "Actual Min Startup Time": 0.023, "Actual Max Startup Time": 0.069, "Actual Min Total Time": 38.317, "Actual Max Total Time": 43.918, "Actual Total Rows": 63696, "Plans": [{"Node Type": "Nested Loop", "Parent Relationship": "Outer", "Join Type": "Inner", "Startup Cost": 95.25, "Total Cost": 2533.35, "Plan Rows": 4000, "Plan Width": 34, "Actual Min Startup Time": 1.203, "Actual Max Startup Time": 1.203, "Actual Min Total Time": 7.534, "Actual Max Total Time": 7.534, "Actual Total Rows": 3981, "Inner Unique": false, "Plans": [{"Node Type": "Seq Scan", "Parent Relationship": "Outer", "Relation Name": "nation", "Alias": "nation", "Startup Cost": 0.0, "Total Cost": 1.31, "Plan Rows": 1, "Plan Width": 4, "Actual Min Startup Time": 0.047, "Actual Max Startup Time": 0.047, "Actual Min Total Time": 0.067, "Actual Max Total Time": 0.067, "Actual Total Rows": 1, "Filter": "(n_name = 'EGYPT'::bpchar)", "Rows Removed by Filter": 24}, {"Node Type": "Bitmap Heap Scan", "Parent Relationship": "Inner", "Relation Name": "supplier", "Alias": "supplier", "Startup Cost": 95.25, "Total Cost": 2492.04, "Plan Rows": 4000, "Plan Width": 38, "Actual Min Startup Time": 1.144, "Actual Max Startup Time": 1.144, "Actual Min Total Time": 6.664, "Actual Max Total Time": 6.664, "Actual Total Rows": 3981, "Recheck Cond": "(s_nationkey = nation.n_nationkey)", "Rows Removed by Index Recheck": 0, "Exact Heap Blocks": 0, "Lossy Heap Blocks": 0, "Plans": [{"Node Type": "Bitmap Index Scan", "Parent Relationship": "Outer", "Index Name": "idx_supplier_nation_key", "Startup Cost": 0.0, "Total Cost": 94.25, "Plan Rows": 4000, "Plan Width": 0, "Actual Min Startup Time": 0.811, "Actual Max Startup Time": 0.811, "Actual Min Total Time": 0.811, "Actual Max Total Time": 0.811, "Actual Total Rows": 3981, "Index Cond": "(s_nationkey = nation.n_nationkey)"}]}]}]}]}]}]}, {"Node Type": "Index Scan", "Parent Relationship": "Inner", "Scan Direction": "Forward", "Index Name": "idx_lineitem_orderkey", "Relation Name": "lineitem", "Alias": "l3", "Startup Cost": 0.0, "Total Cost": 1.63, "Plan Rows": 3, "Plan Width": 16, "Actual Min Startup Time": 9221.901, "Actual Max Startup Time": 9221.901, "Actual Min Total Time": 9221.901, "Actual Max Total Time": 9221.901, "Actual Total Rows": 1375914, "Index Cond": "(l_orderkey = l1.l_orderkey)", "Rows Removed by Index Recheck": 0, "Filter": "((l_receiptdate > l_commitdate) AND (l_suppkey <> l1.l_suppkey))", "Rows Removed by Filter": 1348115}]}, {"Node Type": "Index Scan", "Parent Relationship": "Inner", "Scan Direction": "Forward", "Index Name": "idx_lineitem_orderkey", "Relation Name": "lineitem", "Alias": "l2", "Startup Cost": 0.0, "Total Cost": 1.63, "Plan Rows": 9, "Plan Width": 16, "Actual Min Startup Time": 496.479, "Actual Max Startup Time": 496.479, "Actual Min Total Time": 496.479, "Actual Max Total Time": 496.479, "Actual Total Rows": 80537, "Index Cond": "(l_orderkey = l1.l_orderkey)", "Rows Removed by Index Recheck": 0, "Filter": "(l_suppkey <> l1.l_suppkey)", "Rows Removed by Filter": 85912}]}, {"Node Type": "Index Scan", "Parent Relationship": "Inner", "Scan Direction": "Forward", "Index Name": "orders_pkey", "Relation Name": "orders", "Alias": "orders", "Startup Cost": 0.0, "Total Cost": 0.97, "Plan Rows": 1, "Plan Width": 8, "Actual Min Startup Time": 513.763, "Actual Max Startup Time": 513.763, "Actual Min Total Time": 513.763, "Actual Max Total Time": 513.763, "Actual Total Rows": 39445, "Index Cond": "(o_orderkey = l2.l_orderkey)", "Rows Removed by Index Recheck": 0, "Filter": "(o_orderstatus = 'F'::bpchar)", "Rows Removed by Filter": 41092}]}]}]}]}, "Triggers": [], "Planner Runtime": 13.94, "Total Runtime": 12242.166, "Unique SQL Id": 3870093320}}, "(16, 1)": {"explain_plan": {"Plan": {"Node Type": "Limit", "Startup Cost": 2785833.2, "Total Cost": 2785833.45, "Plan Rows": 100, "Plan Width": 34, "Plans": [{"Node Type": "Sort", "Parent Relationship": "Outer", "Startup Cost": 2785833.2, "Total Cost": 2785856.13, "Plan Rows": 100, "Plan Width": 34, "Sort Key": ["(count(*)) DESC", "supplier.s_name"], "Plans": [{"Node Type": "Aggregate", "Strategy": "Hashed", "Parent Relationship": "Outer", "Startup Cost": 2785390.93, "Total Cost": 2785482.65, "Plan Rows": 9172, "Plan Width": 34, "Group By Key": ["supplier.s_name"], "Plans": [{"Node Type": "Nested Loop", "Parent Relationship": "Outer", "Join Type": "Inner", "Startup Cost": 18975.98, "Total Cost": 2785345.07, "Plan Rows": 9172, "Plan Width": 26, "Inner Unique": true, "Join Filter": "(l1.l_orderkey = orders.o_orderkey)", "Plans": [{"Node Type": "Nested Loop", "Parent Relationship": "Outer", "Join Type": "Semi", "Startup Cost": 18975.98, "Total Cost": 2778244.7, "Plan Rows": 7254, "Plan Width": 42, "Inner Unique": false, "Plans": [{"Node Type": "Nested Loop", "Parent Relationship": "Outer", "Join Type": "Anti", "Startup Cost": 18975.98, "Total Cost": 2776389.13, "Plan Rows": 7635, "Plan Width": 42, "Inner Unique": false, "Plans": [{"Node Type": "Streaming(type: LOCAL GATHER dop: 1/16)", "Parent Relationship": "Outer", "Startup Cost": 18975.98, "Total Cost": 2729201.91, "Plan Rows": 152707, "Plan Width": 42, "Plans": [{"Node Type": "Hash Join", "Parent Relationship": "Outer", "Join Type": "Inner", "Startup Cost": 18975.98, "Total Cost": 2725906.19, "Plan Rows": 152707, "Plan Width": 42, "Inner Unique": false, "Hash Cond": "(l1.l_suppkey = supplier.s_suppkey), (LLVM Optimized)", "Plans": [{"Node Type": "Index Scan", "Parent Relationship": "Outer", "Scan Direction": "Forward", "Index Name": "idx_lineitem_orderkey", "Relation Name": "lineitem", "Alias": "l1", "Startup Cost": 0.0, "Total Cost": 2702148.28, "Plan Rows": 19995678, "Plan Width": 16, "Filter": "(l_receiptdate > l_commitdate), (LLVM Optimized)"}, {"Node Type": "Hash", "Parent Relationship": "Inner", "Startup Cost": 18925.98, "Total Cost": 18925.98, "Plan Rows": 64000, "Plan Width": 34, "Plans": [{"Node Type": "Streaming(type: BROADCAST dop: 16/1)", "Parent Relationship": "Outer", "Startup Cost": 95.25, "Total Cost": 18925.98, "Plan Rows": 64000, "Plan Width": 34, "Plans": [{"Node Type": "Nested Loop", "Parent Relationship": "Outer", "Join Type": "Inner", "Startup Cost": 95.25, "Total Cost": 2544.73, "Plan Rows": 4000, "Plan Width": 34, "Inner Unique": false, "Plans": [{"Node Type": "Index Scan", "Parent Relationship": "Outer", "Scan Direction": "Forward", "Index Name": "nation_pkey", "Relation Name": "nation", "Alias": "nation", "Startup Cost": 0.0, "Total Cost": 12.69, "Plan Rows": 1, "Plan Width": 4, "Filter": "(n_name = 'EGYPT'::bpchar)"}, {"Node Type": "Bitmap Heap Scan", "Parent Relationship": "Inner", "Relation Name": "supplier", "Alias": "supplier", "Startup Cost": 95.25, "Total Cost": 2492.04, "Plan Rows": 4000, "Plan Width": 38, "Recheck Cond": "(s_nationkey = nation.n_nationkey)", "Plans": [{"Node Type": "Bitmap Index Scan", "Parent Relationship": "Outer", "Index Name": "idx_supplier_nation_key", "Startup Cost": 0.0, "Total Cost": 94.25, "Plan Rows": 4000, "Plan Width": 0, "Index Cond": "(s_nationkey = nation.n_nationkey)"}]}]}]}]}]}]}, {"Node Type": "Index Scan", "Parent Relationship": "Inner", "Scan Direction": "Forward", "Index Name": "idx_lineitem_orderkey", "Relation Name": "lineitem", "Alias": "l3", "Startup Cost": 0.0, "Total Cost": 1.63, "Plan Rows": 3, "Plan Width": 16, "Index Cond": "(l_orderkey = l1.l_orderkey)", "Filter": "((l_receiptdate > l_commitdate) AND (l_suppkey <> l1.l_suppkey))"}]}, {"Node Type": "Index Scan", "Parent Relationship": "Inner", "Scan Direction": "Forward", "Index Name": "idx_lineitem_orderkey", "Relation Name": "lineitem", "Alias": "l2", "Startup Cost": 0.0, "Total Cost": 1.63, "Plan Rows": 9, "Plan Width": 16, "Index Cond": "(l_orderkey = l1.l_orderkey)", "Filter": "(l_suppkey <> l1.l_suppkey)"}]}, {"Node Type": "Index Scan", "Parent Relationship": "Inner", "Scan Direction": "Forward", "Index Name": "orders_pkey", "Relation Name": "orders", "Alias": "orders", "Startup Cost": 0.0, "Total Cost": 0.97, "Plan Rows": 1, "Plan Width": 8, "Index Cond": "(o_orderkey = l2.l_orderkey)", "Filter": "(o_orderstatus = 'F'::bpchar)"}]}]}]}]}, "Unique SQL Id": 3870093320}, "explain_analyze_plan": {"Plan": {"Node Type": "Limit", "Startup Cost": 2785833.2, "Total Cost": 2785833.45, "Plan Rows": 100, "Plan Width": 34, "Actual Min Startup Time": 13764.738, "Actual Max Startup Time": 13764.738, "Actual Min Total Time": 13764.757, "Actual Max Total Time": 13764.757, "Actual Total Rows": 100, "Plans": [{"Node Type": "Sort", "Parent Relationship": "Outer", "Startup Cost": 2785833.2, "Total Cost": 2785856.13, "Plan Rows": 100, "Plan Width": 34, "Actual Min Startup Time": 13764.736, "Actual Max Startup Time": 13764.736, "Actual Min Total Time": 13764.743, "Actual Max Total Time": 13764.743, "Actual Total Rows": 100, "Sort Key": ["(count(*)) DESC", "supplier.s_name"], "Sort Method": "top-N heapsort", "Sort Space Min Used": 41, "Sort Space Max Used": 41, "Sort Space Type": "Memory", "Plans": [{"Node Type": "Aggregate", "Strategy": "Hashed", "Parent Relationship": "Outer", "Startup Cost": 2785390.93, "Total Cost": 2785482.65, "Plan Rows": 9172, "Plan Width": 34, "Actual Min Startup Time": 13761.425, "Actual Max Startup Time": 13761.425, "Actual Min Total Time": 13762.64, "Actual Max Total Time": 13762.64, "Actual Total Rows": 3981, "Group By Key": ["supplier.s_name"], "Plans": [{"Node Type": "Nested Loop", "Parent Relationship": "Outer", "Join Type": "Inner", "Startup Cost": 18975.98, "Total Cost": 2785345.07, "Plan Rows": 9172, "Plan Width": 26, "Actual Min Startup Time": 917.898, "Actual Max Startup Time": 917.898, "Actual Min Total Time": 13711.073, "Actual Max Total Time": 13711.073, "Actual Total Rows": 39445, "Inner Unique": true, "Join Filter": "(l1.l_orderkey = orders.o_orderkey)", "Rows Removed by Join Filter": 0, "Plans": [{"Node Type": "Nested Loop", "Parent Relationship": "Outer", "Join Type": "Semi", "Startup Cost": 18975.98, "Total Cost": 2778244.7, "Plan Rows": 7254, "Plan Width": 42, "Actual Min Startup Time": 917.632, "Actual Max Startup Time": 917.632, "Actual Min Total Time": 13105.313, "Actual Max Total Time": 13105.313, "Actual Total Rows": 80537, "Inner Unique": false, "Plans": [{"Node Type": "Nested Loop", "Parent Relationship": "Outer", "Join Type": "Anti", "Startup Cost": 18975.98, "Total Cost": 2776389.13, "Plan Rows": 7635, "Plan Width": 42, "Actual Min Startup Time": 917.613, "Actual Max Startup Time": 917.613, "Actual Min Total Time": 12509.033, "Actual Max Total Time": 12509.033, "Actual Total Rows": 135110, "Inner Unique": false, "Plans": [{"Node Type": "Streaming(type: LOCAL GATHER dop: 1/16)", "Parent Relationship": "Outer", "Startup Cost": 18975.98, "Total Cost": 2729201.91, "Plan Rows": 152707, "Plan Width": 42, "Actual Min Startup Time": 917.55, "Actual Max Startup Time": 917.55, "Actual Min Total Time": 1686.927, "Actual Max Total Time": 1686.927, "Actual Total Rows": 1511024, "Plans": [{"Node Type": "Hash Join", "Parent Relationship": "Outer", "Join Type": "Inner", "Startup Cost": 18975.98, "Total Cost": 2725906.19, "Plan Rows": 152707, "Plan Width": 42, "Actual Min Startup Time": 836.153, "Actual Max Startup Time": 859.668, "Actual Min Total Time": 3988.911, "Actual Max Total Time": 4372.024, "Actual Total Rows": 1511024, "Inner Unique": false, "Hash Cond": "(l1.l_suppkey = supplier.s_suppkey), (LLVM Optimized, Jit Execute)", "Plans": [{"Node Type": "Index Scan", "Parent Relationship": "Outer", "Scan Direction": "Forward", "Index Name": "idx_lineitem_orderkey", "Relation Name": "lineitem", "Alias": "l1", "Startup Cost": 0.0, "Total Cost": 2702148.28, "Plan Rows": 19995678, "Plan Width": 16, "Actual Min Startup Time": 780.017, "Actual Max Startup Time": 780.159, "Actual Min Total Time": 3389.52, "Actual Max Total Time": 3791.658, "Actual Total Rows": 37929348, "Filter": "(l_receiptdate > l_commitdate), (LLVM Optimized, Jit Execute)", "Rows Removed by Filter": 22056704}, {"Node Type": "Hash", "Parent Relationship": "Inner", "Startup Cost": 18925.98, "Total Cost": 18925.98, "Plan Rows": 64000, "Plan Width": 34, "Actual Min Startup Time": 56.016, "Actual Max Startup Time": 79.435, "Actual Min Total Time": 56.016, "Actual Max Total Time": 79.435, "Actual Total Rows": 63696, "Max Hash Buckets": 32768, "Min Hash Buckets": 32768, "Max Hash Batches": 1, "Min Hash Batches": 1, "Max Original Hash Batches": 1, "Min Original Hash Batches": 1, "Max Peak Memory Usage": 280, "min Peak Memory Usage": 280, "Plans": [{"Node Type": "Streaming(type: BROADCAST dop: 16/1)", "Parent Relationship": "Outer", "Startup Cost": 95.25, "Total Cost": 18925.98, "Plan Rows": 64000, "Plan Width": 34, "Actual Min Startup Time": 0.042, "Actual Max Startup Time": 0.079, "Actual Min Total Time": 54.796, "Actual Max Total Time": 77.96, "Actual Total Rows": 63696, "Plans": [{"Node Type": "Nested Loop", "Parent Relationship": "Outer", "Join Type": "Inner", "Startup Cost": 95.25, "Total Cost": 2544.73, "Plan Rows": 4000, "Plan Width": 34, "Actual Min Startup Time": 1.239, "Actual Max Startup Time": 1.239, "Actual Min Total Time": 10.075, "Actual Max Total Time": 10.075, "Actual Total Rows": 3981, "Inner Unique": false, "Plans": [{"Node Type": "Index Scan", "Parent Relationship": "Outer", "Scan Direction": "Forward", "Index Name": "nation_pkey", "Relation Name": "nation", "Alias": "nation", "Startup Cost": 0.0, "Total Cost": 12.69, "Plan Rows": 1, "Plan Width": 4, "Actual Min Startup Time": 0.043, "Actual Max Startup Time": 0.043, "Actual Min Total Time": 0.067, "Actual Max Total Time": 0.067, "Actual Total Rows": 1, "Filter": "(n_name = 'EGYPT'::bpchar)", "Rows Removed by Filter": 24}, {"Node Type": "Bitmap Heap Scan", "Parent Relationship": "Inner", "Relation Name": "supplier", "Alias": "supplier", "Startup Cost": 95.25, "Total Cost": 2492.04, "Plan Rows": 4000, "Plan Width": 38, "Actual Min Startup Time": 1.189, "Actual Max Startup Time": 1.189, "Actual Min Total Time": 9.235, "Actual Max Total Time": 9.235, "Actual Total Rows": 3981, "Recheck Cond": "(s_nationkey = nation.n_nationkey)", "Rows Removed by Index Recheck": 0, "Exact Heap Blocks": 0, "Lossy Heap Blocks": 0, "Plans": [{"Node Type": "Bitmap Index Scan", "Parent Relationship": "Outer", "Index Name": "idx_supplier_nation_key", "Startup Cost": 0.0, "Total Cost": 94.25, "Plan Rows": 4000, "Plan Width": 0, "Actual Min Startup Time": 0.876, "Actual Max Startup Time": 0.876, "Actual Min Total Time": 0.876, "Actual Max Total Time": 0.876, "Actual Total Rows": 3981, "Index Cond": "(s_nationkey = nation.n_nationkey)"}]}]}]}]}]}]}, {"Node Type": "Index Scan", "Parent Relationship": "Inner", "Scan Direction": "Forward", "Index Name": "idx_lineitem_orderkey", "Relation Name": "lineitem", "Alias": "l3", "Startup Cost": 0.0, "Total Cost": 1.63, "Plan Rows": 3, "Plan Width": 16, "Actual Min Startup Time": 9803.763, "Actual Max Startup Time": 9803.763, "Actual Min Total Time": 9803.763, "Actual Max Total Time": 9803.763, "Actual Total Rows": 1375914, "Index Cond": "(l_orderkey = l1.l_orderkey)", "Rows Removed by Index Recheck": 0, "Filter": "((l_receiptdate > l_commitdate) AND (l_suppkey <> l1.l_suppkey))", "Rows Removed by Filter": 1348115}]}, {"Node Type": "Index Scan", "Parent Relationship": "Inner", "Scan Direction": "Forward", "Index Name": "idx_lineitem_orderkey", "Relation Name": "lineitem", "Alias": "l2", "Startup Cost": 0.0, "Total Cost": 1.63, "Plan Rows": 9, "Plan Width": 16, "Actual Min Startup Time": 498.159, "Actual Max Startup Time": 498.159, "Actual Min Total Time": 498.159, "Actual Max Total Time": 498.159, "Actual Total Rows": 80537, "Index Cond": "(l_orderkey = l1.l_orderkey)", "Rows Removed by Index Recheck": 0, "Filter": "(l_suppkey <> l1.l_suppkey)", "Rows Removed by Filter": 85912}]}, {"Node Type": "Index Scan", "Parent Relationship": "Inner", "Scan Direction": "Forward", "Index Name": "orders_pkey", "Relation Name": "orders", "Alias": "orders", "Startup Cost": 0.0, "Total Cost": 0.97, "Plan Rows": 1, "Plan Width": 8, "Actual Min Startup Time": 540.279, "Actual Max Startup Time": 540.279, "Actual Min Total Time": 540.279, "Actual Max Total Time": 540.279, "Actual Total Rows": 39445, "Index Cond": "(o_orderkey = l2.l_orderkey)", "Rows Removed by Index Recheck": 0, "Filter": "(o_orderstatus = 'F'::bpchar)", "Rows Removed by Filter": 41092}]}]}]}]}, "Triggers": [], "Planner Runtime": 12.499, "Total Runtime": 13777.942, "Unique SQL Id": 3870093320}}, "(16, 2)": {"explain_plan": {"Plan": {"Node Type": "Limit", "Startup Cost": 486140.51, "Total Cost": 486140.76, "Plan Rows": 100, "Plan Width": 34, "Plans": [{"Node Type": "Sort", "Parent Relationship": "Outer", "Startup Cost": 486140.51, "Total Cost": 486163.44, "Plan Rows": 100, "Plan Width": 34, "Sort Key": ["(count(*)) DESC", "supplier.s_name"], "Plans": [{"Node Type": "Aggregate", "Strategy": "Hashed", "Parent Relationship": "Outer", "Startup Cost": 485698.24, "Total Cost": 485789.96, "Plan Rows": 9172, "Plan Width": 34, "Group By Key": ["supplier.s_name"], "Plans": [{"Node Type": "Nested Loop", "Parent Relationship": "Outer", "Join Type": "Inner", "Startup Cost": 189763.55, "Total Cost": 485652.38, "Plan Rows": 9172, "Plan Width": 26, "Inner Unique": true, "Join Filter": "(l1.l_orderkey = orders.o_orderkey)", "Plans": [{"Node Type": "Nested Loop", "Parent Relationship": "Outer", "Join Type": "Semi", "Startup Cost": 189762.95, "Total Cost": 452091.62, "Plan Rows": 7254, "Plan Width": 42, "Inner Unique": false, "Plans": [{"Node Type": "Streaming(type: LOCAL GATHER dop: 1/16)", "Parent Relationship": "Outer", "Startup Cost": 189762.13, "Total Cost": 436913.07, "Plan Rows": 7635, "Plan Width": 42, "Plans": [{"Node Type": "Hash Join", "Parent Relationship": "Outer", "Join Type": "Right Anti", "Startup Cost": 189762.13, "Total Cost": 436748.29, "Plan Rows": 7635, "Plan Width": 42, "Inner Unique": false, "Hash Cond": "(l3.l_orderkey = l1.l_orderkey)", "Join Filter": "(l3.l_suppkey <> l1.l_suppkey)", "Plans": [{"Node Type": "Streaming(type: LOCAL REDISTRIBUTE dop: 16/16)", "Parent Relationship": "Outer", "Startup Cost": 0.0, "Total Cost": 241082.56, "Plan Rows": 19995678, "Plan Width": 16, "Plans": [{"Node Type": "Seq Scan", "Parent Relationship": "Outer", "Relation Name": "lineitem", "Alias": "l3", "Startup Cost": 0.0, "Total Cost": 150317.68, "Plan Rows": 19995678, "Plan Width": 16, "Filter": "(l_receiptdate > l_commitdate), (LLVM Optimized)"}]}, {"Node Type": "Hash", "Parent Relationship": "Inner", "Startup Cost": 189642.83, "Total Cost": 189642.83, "Plan Rows": 152707, "Plan Width": 42, "Plans": [{"Node Type": "Streaming(type: LOCAL REDISTRIBUTE dop: 16/16)", "Parent Relationship": "Outer", "Startup Cost": 18964.6, "Total Cost": 189642.83, "Plan Rows": 152707, "Plan Width": 42, "Plans": [{"Node Type": "Hash Join", "Parent Relationship": "Outer", "Join Type": "Inner", "Startup Cost": 18964.6, "Total Cost": 174064.21, "Plan Rows": 152707, "Plan Width": 42, "Inner Unique": false, "Hash Cond": "(l1.l_suppkey = supplier.s_suppkey), (LLVM Optimized)", "Plans": [{"Node Type": "Seq Scan", "Parent Relationship": "Outer", "Relation Name": "lineitem", "Alias": "l1", "Startup Cost": 0.0, "Total Cost": 150317.68, "Plan Rows": 19995678, "Plan Width": 16, "Filter": "(l_receiptdate > l_commitdate), (LLVM Optimized)"}, {"Node Type": "Hash", "Parent Relationship": "Inner", "Startup Cost": 18914.6, "Total Cost": 18914.6, "Plan Rows": 64000, "Plan Width": 34, "Plans": [{"Node Type": "Streaming(type: BROADCAST dop: 16/1)", "Parent Relationship": "Outer", "Startup Cost": 95.25, "Total Cost": 18914.6, "Plan Rows": 64000, "Plan Width": 34, "Plans": [{"Node Type": "Nested Loop", "Parent Relationship": "Outer", "Join Type": "Inner", "Startup Cost": 95.25, "Total Cost": 2533.35, "Plan Rows": 4000, "Plan Width": 34, "Inner Unique": false, "Plans": [{"Node Type": "Seq Scan", "Parent Relationship": "Outer", "Relation Name": "nation", "Alias": "nation", "Startup Cost": 0.0, "Total Cost": 1.31, "Plan Rows": 1, "Plan Width": 4, "Filter": "(n_name = 'EGYPT'::bpchar)"}, {"Node Type": "Bitmap Heap Scan", "Parent Relationship": "Inner", "Relation Name": "supplier", "Alias": "supplier", "Startup Cost": 95.25, "Total Cost": 2492.04, "Plan Rows": 4000, "Plan Width": 38, "Recheck Cond": "(s_nationkey = nation.n_nationkey)", "Plans": [{"Node Type": "Bitmap Index Scan", "Parent Relationship": "Outer", "Index Name": "idx_supplier_nation_key", "Startup Cost": 0.0, "Total Cost": 94.25, "Plan Rows": 4000, "Plan Width": 0, "Index Cond": "(s_nationkey = nation.n_nationkey)"}]}]}]}]}]}]}]}]}]}, {"Node Type": "Bitmap Heap Scan", "Parent Relationship": "Inner", "Relation Name": "lineitem", "Alias": "l2", "Startup Cost": 0.82, "Total Cost": 8.95, "Plan Rows": 9, "Plan Width": 16, "Recheck Cond": "(l_orderkey = l1.l_orderkey)", "Filter": "(l_suppkey <> l1.l_suppkey)", "Plans": [{"Node Type": "Bitmap Index Scan", "Parent Relationship": "Outer", "Index Name": "idx_lineitem_orderkey", "Startup Cost": 0.0, "Total Cost": 0.82, "Plan Rows": 9, "Plan Width": 0, "Index Cond": "(l_orderkey = l1.l_orderkey)"}]}]}, {"Node Type": "Bitmap Heap Scan", "Parent Relationship": "Inner", "Relation Name": "orders", "Alias": "orders", "Startup Cost": 0.6, "Total Cost": 4.61, "Plan Rows": 1, "Plan Width": 8, "Recheck Cond": "(o_orderkey = l2.l_orderkey)", "Filter": "(o_orderstatus = 'F'::bpchar)", "Plans": [{"Node Type": "Bitmap Index Scan", "Parent Relationship": "Outer", "Index Name": "orders_pkey", "Startup Cost": 0.0, "Total Cost": 0.6, "Plan Rows": 1, "Plan Width": 0, "Index Cond": "(o_orderkey = l2.l_orderkey)"}]}]}]}]}]}, "Unique SQL Id": 3870093320}, "explain_analyze_plan": {"Plan": {"Node Type": "Limit", "Startup Cost": 486140.51, "Total Cost": 486140.76, "Plan Rows": 100, "Plan Width": 34, "Actual Min Startup Time": 11240.864, "Actual Max Startup Time": 11240.864, "Actual Min Total Time": 11240.88, "Actual Max Total Time": 11240.88, "Actual Total Rows": 100, "Plans": [{"Node Type": "Sort", "Parent Relationship": "Outer", "Startup Cost": 486140.51, "Total Cost": 486163.44, "Plan Rows": 100, "Plan Width": 34, "Actual Min Startup Time": 11240.861, "Actual Max Startup Time": 11240.861, "Actual Min Total Time": 11240.867, "Actual Max Total Time": 11240.867, "Actual Total Rows": 100, "Sort Key": ["(count(*)) DESC", "supplier.s_name"], "Sort Method": "top-N heapsort", "Sort Space Min Used": 41, "Sort Space Max Used": 41, "Sort Space Type": "Memory", "Plans": [{"Node Type": "Aggregate", "Strategy": "Hashed", "Parent Relationship": "Outer", "Startup Cost": 485698.24, "Total Cost": 485789.96, "Plan Rows": 9172, "Plan Width": 34, "Actual Min Startup Time": 11237.401, "Actual Max Startup Time": 11237.401, "Actual Min Total Time": 11238.769, "Actual Max Total Time": 11238.769, "Actual Total Rows": 3981, "Group By Key": ["supplier.s_name"], "Plans": [{"Node Type": "Nested Loop", "Parent Relationship": "Outer", "Join Type": "Inner", "Startup Cost": 189763.55, "Total Cost": 485652.38, "Plan Rows": 9172, "Plan Width": 26, "Actual Min Startup Time": 8590.269, "Actual Max Startup Time": 8590.269, "Actual Min Total Time": 11197.681, "Actual Max Total Time": 11197.681, "Actual Total Rows": 39445, "Inner Unique": true, "Join Filter": "(l1.l_orderkey = orders.o_orderkey)", "Rows Removed by Join Filter": 0, "Plans": [{"Node Type": "Nested Loop", "Parent Relationship": "Outer", "Join Type": "Semi", "Startup Cost": 189762.95, "Total Cost": 452091.62, "Plan Rows": 7254, "Plan Width": 42, "Actual Min Startup Time": 8590.209, "Actual Max Startup Time": 8590.209, "Actual Min Total Time": 10305.578, "Actual Max Total Time": 10305.578, "Actual Total Rows": 80537, "Inner Unique": false, "Plans": [{"Node Type": "Streaming(type: LOCAL GATHER dop: 1/16)", "Parent Relationship": "Outer", "Startup Cost": 189762.13, "Total Cost": 436913.07, "Plan Rows": 7635, "Plan Width": 42, "Actual Min Startup Time": 8590.108, "Actual Max Startup Time": 8590.108, "Actual Min Total Time": 8662.465, "Actual Max Total Time": 8662.465, "Actual Total Rows": 135110, "Plans": [{"Node Type": "Hash Join", "Parent Relationship": "Outer", "Join Type": "Right Anti", "Startup Cost": 189762.13, "Total Cost": 436748.29, "Plan Rows": 7635, "Plan Width": 42, "Actual Min Startup Time": 8445.861, "Actual Max Startup Time": 8466.538, "Actual Min Total Time": 8449.069, "Actual Max Total Time": 8468.683, "Actual Total Rows": 135110, "Inner Unique": false, "Hash Cond": "(l3.l_orderkey = l1.l_orderkey)", "Join Filter": "(l3.l_suppkey <> l1.l_suppkey)", "Rows Removed by Join Filter": 548525, "Plans": [{"Node Type": "Streaming(type: LOCAL REDISTRIBUTE dop: 16/16)", "Parent Relationship": "Outer", "Startup Cost": 0.0, "Total Cost": 241082.56, "Plan Rows": 19995678, "Plan Width": 16, "Actual Min Startup Time": 0.066, "Actual Max Startup Time": 0.722, "Actual Min Total Time": 4955.966, "Actual Max Total Time": 5250.864, "Actual Total Rows": 37929348, "Plans": [{"Node Type": "Seq Scan", "Parent Relationship": "Outer", "Relation Name": "lineitem", "Alias": "l3", "Startup Cost": 0.0, "Total Cost": 150317.68, "Plan Rows": 19995678, "Plan Width": 16, "Actual Min Startup Time": 0.025, "Actual Max Startup Time": 0.071, "Actual Min Total Time": 1694.545, "Actual Max Total Time": 1785.562, "Actual Total Rows": 37929348, "Filter": "(l_receiptdate > l_commitdate), (LLVM Optimized, Jit Execute)", "Rows Removed by Filter": 22056704}]}, {"Node Type": "Hash", "Parent Relationship": "Inner", "Startup Cost": 189642.83, "Total Cost": 189642.83, "Plan Rows": 152707, "Plan Width": 42, "Actual Min Startup Time": 2634.573, "Actual Max Startup Time": 2655.314, "Actual Min Total Time": 2634.573, "Actual Max Total Time": 2655.314, "Actual Total Rows": 1511024, "Max Hash Buckets": 32768, "Min Hash Buckets": 32768, "Max Hash Batches": 1, "Min Hash Batches": 1, "Max Original Hash Batches": 1, "Min Original Hash Batches": 1, "Max Peak Memory Usage": 7375, "min Peak Memory Usage": 7375, "Plans": [{"Node Type": "Streaming(type: LOCAL REDISTRIBUTE dop: 16/16)", "Parent Relationship": "Outer", "Startup Cost": 18964.6, "Total Cost": 189642.83, "Plan Rows": 152707, "Plan Width": 42, "Actual Min Startup Time": 141.431, "Actual Max Startup Time": 165.14, "Actual Min Total Time": 2584.986, "Actual Max Total Time": 2630.417, "Actual Total Rows": 1511024, "Plans": [{"Node Type": "Hash Join", "Parent Relationship": "Outer", "Join Type": "Inner", "Startup Cost": 18964.6, "Total Cost": 174064.21, "Plan Rows": 152707, "Plan Width": 42, "Actual Min Startup Time": 55.875, "Actual Max Startup Time": 173.167, "Actual Min Total Time": 2287.562, "Actual Max Total Time": 2444.859, "Actual Total Rows": 1511024, "Inner Unique": false, "Hash Cond": "(l1.l_suppkey = supplier.s_suppkey), (LLVM Optimized, Jit Execute)", "Plans": [{"Node Type": "Seq Scan", "Parent Relationship": "Outer", "Relation Name": "lineitem", "Alias": "l1", "Startup Cost": 0.0, "Total Cost": 150317.68, "Plan Rows": 19995678, "Plan Width": 16, "Actual Min Startup Time": 0.025, "Actual Max Startup Time": 0.044, "Actual Min Total Time": 1692.272, "Actual Max Total Time": 1818.782, "Actual Total Rows": 37929348, "Filter": "(l_receiptdate > l_commitdate), (LLVM Optimized, Jit Execute)", "Rows Removed by Filter": 22056704}, {"Node Type": "Hash", "Parent Relationship": "Inner", "Startup Cost": 18914.6, "Total Cost": 18914.6, "Plan Rows": 64000, "Plan Width": 34, "Actual Min Startup Time": 55.738, "Actual Max Startup Time": 172.992, "Actual Min Total Time": 55.738, "Actual Max Total Time": 172.992, "Actual Total Rows": 63696, "Max Hash Buckets": 32768, "Min Hash Buckets": 32768, "Max Hash Batches": 1, "Min Hash Batches": 1, "Max Original Hash Batches": 1, "Min Original Hash Batches": 1, "Max Peak Memory Usage": 280, "min Peak Memory Usage": 280, "Plans": [{"Node Type": "Streaming(type: BROADCAST dop: 16/1)", "Parent Relationship": "Outer", "Startup Cost": 95.25, "Total Cost": 18914.6, "Plan Rows": 64000, "Plan Width": 34, "Actual Min Startup Time": 0.032, "Actual Max Startup Time": 0.08, "Actual Min Total Time": 54.443, "Actual Max Total Time": 171.515, "Actual Total Rows": 63696, "Plans": [{"Node Type": "Nested Loop", "Parent Relationship": "Outer", "Join Type": "Inner", "Startup Cost": 95.25, "Total Cost": 2533.35, "Plan Rows": 4000, "Plan Width": 34, "Actual Min Startup Time": 1.18, "Actual Max Startup Time": 1.18, "Actual Min Total Time": 10.071, "Actual Max Total Time": 10.071, "Actual Total Rows": 3981, "Inner Unique": false, "Plans": [{"Node Type": "Seq Scan", "Parent Relationship": "Outer", "Relation Name": "nation", "Alias": "nation", "Startup Cost": 0.0, "Total Cost": 1.31, "Plan Rows": 1, "Plan Width": 4, "Actual Min Startup Time": 0.036, "Actual Max Startup Time": 0.036, "Actual Min Total Time": 0.057, "Actual Max Total Time": 0.057, "Actual Total Rows": 1, "Filter": "(n_name = 'EGYPT'::bpchar)", "Rows Removed by Filter": 24}, {"Node Type": "Bitmap Heap Scan", "Parent Relationship": "Inner", "Relation Name": "supplier", "Alias": "supplier", "Startup Cost": 95.25, "Total Cost": 2492.04, "Plan Rows": 4000, "Plan Width": 38, "Actual Min Startup Time": 1.135, "Actual Max Startup Time": 1.135, "Actual Min Total Time": 9.171, "Actual Max Total Time": 9.171, "Actual Total Rows": 3981, "Recheck Cond": "(s_nationkey = nation.n_nationkey)", "Rows Removed by Index Recheck": 0, "Exact Heap Blocks": 0, "Lossy Heap Blocks": 0, "Plans": [{"Node Type": "Bitmap Index Scan", "Parent Relationship": "Outer", "Index Name": "idx_supplier_nation_key", "Startup Cost": 0.0, "Total Cost": 94.25, "Plan Rows": 4000, "Plan Width": 0, "Actual Min Startup Time": 0.824, "Actual Max Startup Time": 0.824, "Actual Min Total Time": 0.824, "Actual Max Total Time": 0.824, "Actual Total Rows": 3981, "Index Cond": "(s_nationkey = nation.n_nationkey)"}]}]}]}]}]}]}]}]}]}, {"Node Type": "Bitmap Heap Scan", "Parent Relationship": "Inner", "Relation Name": "lineitem", "Alias": "l2", "Startup Cost": 0.82, "Total Cost": 8.95, "Plan Rows": 9, "Plan Width": 16, "Actual Min Startup Time": 1463.89, "Actual Max Startup Time": 1463.89, "Actual Min Total Time": 1463.89, "Actual Max Total Time": 1463.89, "Actual Total Rows": 80537, "Recheck Cond": "(l_orderkey = l1.l_orderkey)", "Rows Removed by Index Recheck": 0, "Filter": "(l_suppkey <> l1.l_suppkey)", "Rows Removed by Filter": 85912, "Exact Heap Blocks": 135868, "Lossy Heap Blocks": 135868, "Plans": [{"Node Type": "Bitmap Index Scan", "Parent Relationship": "Outer", "Index Name": "idx_lineitem_orderkey", "Startup Cost": 0.0, "Total Cost": 0.82, "Plan Rows": 9, "Plan Width": 0, "Actual Min Startup Time": 913.992, "Actual Max Startup Time": 913.992, "Actual Min Total Time": 913.992, "Actual Max Total Time": 913.992, "Actual Total Rows": 287712, "Index Cond": "(l_orderkey = l1.l_orderkey)"}]}]}, {"Node Type": "Bitmap Heap Scan", "Parent Relationship": "Inner", "Relation Name": "orders", "Alias": "orders", "Startup Cost": 0.6, "Total Cost": 4.61, "Plan Rows": 1, "Plan Width": 8, "Actual Min Startup Time": 790.443, "Actual Max Startup Time": 790.443, "Actual Min Total Time": 790.443, "Actual Max Total Time": 790.443, "Actual Total Rows": 39445, "Recheck Cond": "(o_orderkey = l2.l_orderkey)", "Rows Removed by Index Recheck": 0, "Filter": "(o_orderstatus = 'F'::bpchar)", "Rows Removed by Filter": 41092, "Exact Heap Blocks": 80537, "Lossy Heap Blocks": 80537, "Plans": [{"Node Type": "Bitmap Index Scan", "Parent Relationship": "Outer", "Index Name": "orders_pkey", "Startup Cost": 0.0, "Total Cost": 0.6, "Plan Rows": 1, "Plan Width": 0, "Actual Min Startup Time": 483.093, "Actual Max Startup Time": 483.093, "Actual Min Total Time": 483.093, "Actual Max Total Time": 483.093, "Actual Total Rows": 80537, "Index Cond": "(o_orderkey = l2.l_orderkey)"}]}]}]}]}]}, "Triggers": [], "Planner Runtime": 15.989, "Total Runtime": 11264.77, "Unique SQL Id": 3870093320}}, "(16, 3)": {"explain_plan": {"Plan": {"Node Type": "Limit", "Startup Cost": 3882163.35, "Total Cost": 3882163.6, "Plan Rows": 100, "Plan Width": 34, "Plans": [{"Node Type": "Sort", "Parent Relationship": "Outer", "Startup Cost": 3882163.35, "Total Cost": 3882186.28, "Plan Rows": 100, "Plan Width": 34, "Sort Key": ["(count(*)) DESC", "supplier.s_name"], "Plans": [{"Node Type": "Aggregate", "Strategy": "Hashed", "Parent Relationship": "Outer", "Startup Cost": 3881721.08, "Total Cost": 3881812.8, "Plan Rows": 9172, "Plan Width": 34, "Group By Key": ["supplier.s_name"], "Plans": [{"Node Type": "Nested Loop", "Parent Relationship": "Outer", "Join Type": "Inner", "Startup Cost": 1232631.31, "Total Cost": 3881675.22, "Plan Rows": 9172, "Plan Width": 26, "Inner Unique": true, "Join Filter": "(l1.l_orderkey = orders.o_orderkey)", "Plans": [{"Node Type": "Nested Loop", "Parent Relationship": "Outer", "Join Type": "Semi", "Startup Cost": 1232630.71, "Total Cost": 3848114.46, "Plan Rows": 7254, "Plan Width": 42, "Inner Unique": false, "Plans": [{"Node Type": "Nested Loop", "Parent Relationship": "Outer", "Join Type": "Anti", "Startup Cost": 1232629.88, "Total Cost": 3832935.91, "Plan Rows": 7635, "Plan Width": 42, "Inner Unique": false, "Plans": [{"Node Type": "Hash Join", "Parent Relationship": "Outer", "Join Type": "Inner", "Startup Cost": 1232629.06, "Total Cost": 3474222.84, "Plan Rows": 152707, "Plan Width": 42, "Inner Unique": false, "Hash Cond": "(l1.l_suppkey = supplier.s_suppkey), (LLVM Optimized)", "Plans": [{"Node Type": "Bitmap Heap Scan", "Parent Relationship": "Outer", "Relation Name": "lineitem", "Alias": "l1", "Startup Cost": 1230034.33, "Total Cost": 3395117.25, "Plan Rows": 19995678, "Plan Width": 16, "Filter": "(l_receiptdate > l_commitdate), (LLVM Optimized)", "Plans": [{"Node Type": "Bitmap Index Scan", "Parent Relationship": "Outer", "Index Name": "idx_lineitem_orderkey", "Startup Cost": 0.0, "Total Cost": 1225035.42, "Plan Rows": 59987033, "Plan Width": 0}]}, {"Node Type": "Hash", "Parent Relationship": "Inner", "Startup Cost": 2544.73, "Total Cost": 2544.73, "Plan Rows": 4000, "Plan Width": 34, "Plans": [{"Node Type": "Nested Loop", "Parent Relationship": "Outer", "Join Type": "Inner", "Startup Cost": 103.63, "Total Cost": 2544.73, "Plan Rows": 4000, "Plan Width": 34, "Inner Unique": false, "Plans": [{"Node Type": "Bitmap Heap Scan", "Parent Relationship": "Outer", "Relation Name": "nation", "Alias": "nation", "Startup Cost": 8.38, "Total Cost": 12.69, "Plan Rows": 1, "Plan Width": 4, "Filter": "(n_name = 'EGYPT'::bpchar)", "Plans": [{"Node Type": "Bitmap Index Scan", "Parent Relationship": "Outer", "Index Name": "nation_pkey", "Startup Cost": 0.0, "Total Cost": 8.38, "Plan Rows": 25, "Plan Width": 0}]}, {"Node Type": "Bitmap Heap Scan", "Parent Relationship": "Inner", "Relation Name": "supplier", "Alias": "supplier", "Startup Cost": 95.25, "Total Cost": 2492.04, "Plan Rows": 4000, "Plan Width": 38, "Recheck Cond": "(s_nationkey = nation.n_nationkey)", "Plans": [{"Node Type": "Bitmap Index Scan", "Parent Relationship": "Outer", "Index Name": "idx_supplier_nation_key", "Startup Cost": 0.0, "Total Cost": 94.25, "Plan Rows": 4000, "Plan Width": 0, "Index Cond": "(s_nationkey = nation.n_nationkey)"}]}]}]}]}, {"Node Type": "Bitmap Heap Scan", "Parent Relationship": "Inner", "Relation Name": "lineitem", "Alias": "l3", "Startup Cost": 0.82, "Total Cost": 8.97, "Plan Rows": 3, "Plan Width": 16, "Recheck Cond": "(l_orderkey = l1.l_orderkey)", "Filter": "((l_receiptdate > l_commitdate) AND (l_suppkey <> l1.l_suppkey))", "Plans": [{"Node Type": "Bitmap Index Scan", "Parent Relationship": "Outer", "Index Name": "idx_lineitem_orderkey", "Startup Cost": 0.0, "Total Cost": 0.82, "Plan Rows": 9, "Plan Width": 0, "Index Cond": "(l_orderkey = l1.l_orderkey)"}]}]}, {"Node Type": "Bitmap Heap Scan", "Parent Relationship": "Inner", "Relation Name": "lineitem", "Alias": "l2", "Startup Cost": 0.82, "Total Cost": 8.95, "Plan Rows": 9, "Plan Width": 16, "Recheck Cond": "(l_orderkey = l1.l_orderkey)", "Filter": "(l_suppkey <> l1.l_suppkey)", "Plans": [{"Node Type": "Bitmap Index Scan", "Parent Relationship": "Outer", "Index Name": "idx_lineitem_orderkey", "Startup Cost": 0.0, "Total Cost": 0.82, "Plan Rows": 9, "Plan Width": 0, "Index Cond": "(l_orderkey = l1.l_orderkey)"}]}]}, {"Node Type": "Bitmap Heap Scan", "Parent Relationship": "Inner", "Relation Name": "orders", "Alias": "orders", "Startup Cost": 0.6, "Total Cost": 4.61, "Plan Rows": 1, "Plan Width": 8, "Recheck Cond": "(o_orderkey = l2.l_orderkey)", "Filter": "(o_orderstatus = 'F'::bpchar)", "Plans": [{"Node Type": "Bitmap Index Scan", "Parent Relationship": "Outer", "Index Name": "orders_pkey", "Startup Cost": 0.0, "Total Cost": 0.6, "Plan Rows": 1, "Plan Width": 0, "Index Cond": "(o_orderkey = l2.l_orderkey)"}]}]}]}]}]}, "Unique SQL Id": 3870093320}, "explain_analyze_plan": null}, "(16, 4)": {"explain_plan": {"Plan": {"Node Type": "Limit", "Startup Cost": 233991.22, "Total Cost": 233991.47, "Plan Rows": 100, "Plan Width": 34, "Plans": [{"Node Type": "Sort", "Parent Relationship": "Outer", "Startup Cost": 233991.22, "Total Cost": 234014.15, "Plan Rows": 100, "Plan Width": 34, "Sort Key": ["(count(*)) DESC", "supplier.s_name"], "Plans": [{"Node Type": "Aggregate", "Strategy": "Hashed", "Parent Relationship": "Outer", "Startup Cost": 233548.95, "Total Cost": 233640.67, "Plan Rows": 9172, "Plan Width": 34, "Group By Key": ["supplier.s_name"], "Plans": [{"Node Type": "Nested Loop", "Parent Relationship": "Outer", "Join Type": "Inner", "Startup Cost": 18964.6, "Total Cost": 233503.09, "Plan Rows": 9172, "Plan Width": 26, "Inner Unique": true, "Join Filter": "(l1.l_orderkey = orders.o_orderkey)", "Plans": [{"Node Type": "Nested Loop", "Parent Relationship": "Outer", "Join Type": "Semi", "Startup Cost": 18964.6, "Total Cost": 226402.72, "Plan Rows": 7254, "Plan Width": 42, "Inner Unique": false, "Plans": [{"Node Type": "Nested Loop", "Parent Relationship": "Outer", "Join Type": "Anti", "Startup Cost": 18964.6, "Total Cost": 224547.15, "Plan Rows": 7635, "Plan Width": 42, "Inner Unique": false, "Plans": [{"Node Type": "Streaming(type: LOCAL GATHER dop: 1/16)", "Parent Relationship": "Outer", "Startup Cost": 18964.6, "Total Cost": 177359.94, "Plan Rows": 152707, "Plan Width": 42, "Plans": [{"Node Type": "Hash Join", "Parent Relationship": "Outer", "Join Type": "Inner", "Startup Cost": 18964.6, "Total Cost": 174064.21, "Plan Rows": 152707, "Plan Width": 42, "Inner Unique": false, "Hash Cond": "(l1.l_suppkey = supplier.s_suppkey), (LLVM Optimized)", "Plans": [{"Node Type": "Seq Scan", "Parent Relationship": "Outer", "Relation Name": "lineitem", "Alias": "l1", "Startup Cost": 0.0, "Total Cost": 150317.68, "Plan Rows": 19995678, "Plan Width": 16, "Filter": "(l_receiptdate > l_commitdate), (LLVM Optimized)"}, {"Node Type": "Hash", "Parent Relationship": "Inner", "Startup Cost": 18914.6, "Total Cost": 18914.6, "Plan Rows": 64000, "Plan Width": 34, "Plans": [{"Node Type": "Streaming(type: BROADCAST dop: 16/1)", "Parent Relationship": "Outer", "Startup Cost": 95.25, "Total Cost": 18914.6, "Plan Rows": 64000, "Plan Width": 34, "Plans": [{"Node Type": "Nested Loop", "Parent Relationship": "Outer", "Join Type": "Inner", "Startup Cost": 95.25, "Total Cost": 2533.35, "Plan Rows": 4000, "Plan Width": 34, "Inner Unique": false, "Plans": [{"Node Type": "Seq Scan", "Parent Relationship": "Outer", "Relation Name": "nation", "Alias": "nation", "Startup Cost": 0.0, "Total Cost": 1.31, "Plan Rows": 1, "Plan Width": 4, "Filter": "(n_name = 'EGYPT'::bpchar)"}, {"Node Type": "Bitmap Heap Scan", "Parent Relationship": "Inner", "Relation Name": "supplier", "Alias": "supplier", "Startup Cost": 95.25, "Total Cost": 2492.04, "Plan Rows": 4000, "Plan Width": 38, "Recheck Cond": "(s_nationkey = nation.n_nationkey)", "Plans": [{"Node Type": "Bitmap Index Scan", "Parent Relationship": "Outer", "Index Name": "idx_supplier_nation_key", "Startup Cost": 0.0, "Total Cost": 94.25, "Plan Rows": 4000, "Plan Width": 0, "Index Cond": "(s_nationkey = nation.n_nationkey)"}]}]}]}]}]}]}, {"Node Type": "Index Scan", "Parent Relationship": "Inner", "Scan Direction": "Forward", "Index Name": "idx_lineitem_orderkey", "Relation Name": "lineitem", "Alias": "l3", "Startup Cost": 0.0, "Total Cost": 1.63, "Plan Rows": 3, "Plan Width": 16, "Index Cond": "(l_orderkey = l1.l_orderkey)", "Filter": "((l_receiptdate > l_commitdate) AND (l_suppkey <> l1.l_suppkey))"}]}, {"Node Type": "Index Scan", "Parent Relationship": "Inner", "Scan Direction": "Forward", "Index Name": "idx_lineitem_orderkey", "Relation Name": "lineitem", "Alias": "l2", "Startup Cost": 0.0, "Total Cost": 1.63, "Plan Rows": 9, "Plan Width": 16, "Index Cond": "(l_orderkey = l1.l_orderkey)", "Filter": "(l_suppkey <> l1.l_suppkey)"}]}, {"Node Type": "Index Scan", "Parent Relationship": "Inner", "Scan Direction": "Forward", "Index Name": "orders_pkey", "Relation Name": "orders", "Alias": "orders", "Startup Cost": 0.0, "Total Cost": 0.97, "Plan Rows": 1, "Plan Width": 8, "Index Cond": "(o_orderkey = l2.l_orderkey)", "Filter": "(o_orderstatus = 'F'::bpchar)"}]}]}]}]}, "Unique SQL Id": 3870093320}, "explain_analyze_plan": {"Plan": {"Node Type": "Limit", "Startup Cost": 233991.22, "Total Cost": 233991.47, "Plan Rows": 100, "Plan Width": 34, "Actual Min Startup Time": 12229.654, "Actual Max Startup Time": 12229.654, "Actual Min Total Time": 12229.673, "Actual Max Total Time": 12229.673, "Actual Total Rows": 100, "Plans": [{"Node Type": "Sort", "Parent Relationship": "Outer", "Startup Cost": 233991.22, "Total Cost": 234014.15, "Plan Rows": 100, "Plan Width": 34, "Actual Min Startup Time": 12229.651, "Actual Max Startup Time": 12229.651, "Actual Min Total Time": 12229.656, "Actual Max Total Time": 12229.656, "Actual Total Rows": 100, "Sort Key": ["(count(*)) DESC", "supplier.s_name"], "Sort Method": "top-N heapsort", "Sort Space Min Used": 41, "Sort Space Max Used": 41, "Sort Space Type": "Memory", "Plans": [{"Node Type": "Aggregate", "Strategy": "Hashed", "Parent Relationship": "Outer", "Startup Cost": 233548.95, "Total Cost": 233640.67, "Plan Rows": 9172, "Plan Width": 34, "Actual Min Startup Time": 12226.217, "Actual Max Startup Time": 12226.217, "Actual Min Total Time": 12227.502, "Actual Max Total Time": 12227.502, "Actual Total Rows": 3981, "Group By Key": ["supplier.s_name"], "Plans": [{"Node Type": "Nested Loop", "Parent Relationship": "Outer", "Join Type": "Inner", "Startup Cost": 18964.6, "Total Cost": 233503.09, "Plan Rows": 9172, "Plan Width": 26, "Actual Min Startup Time": 84.248, "Actual Max Startup Time": 84.248, "Actual Min Total Time": 12174.868, "Actual Max Total Time": 12174.868, "Actual Total Rows": 39445, "Inner Unique": true, "Join Filter": "(l1.l_orderkey = orders.o_orderkey)", "Rows Removed by Join Filter": 0, "Plans": [{"Node Type": "Nested Loop", "Parent Relationship": "Outer", "Join Type": "Semi", "Startup Cost": 18964.6, "Total Cost": 226402.72, "Plan Rows": 7254, "Plan Width": 42, "Actual Min Startup Time": 84.22, "Actual Max Startup Time": 84.22, "Actual Min Total Time": 11595.118, "Actual Max Total Time": 11595.118, "Actual Total Rows": 80537, "Inner Unique": false, "Plans": [{"Node Type": "Nested Loop", "Parent Relationship": "Outer", "Join Type": "Anti", "Startup Cost": 18964.6, "Total Cost": 224547.15, "Plan Rows": 7635, "Plan Width": 42, "Actual Min Startup Time": 84.209, "Actual Max Startup Time": 84.209, "Actual Min Total Time": 11003.815, "Actual Max Total Time": 11003.815, "Actual Total Rows": 135110, "Inner Unique": false, "Plans": [{"Node Type": "Streaming(type: LOCAL GATHER dop: 1/16)", "Parent Relationship": "Outer", "Startup Cost": 18964.6, "Total Cost": 177359.94, "Plan Rows": 152707, "Plan Width": 42, "Actual Min Startup Time": 84.043, "Actual Max Startup Time": 84.043, "Actual Min Total Time": 749.673, "Actual Max Total Time": 749.673, "Actual Total Rows": 1511024, "Plans": [{"Node Type": "Hash Join", "Parent Relationship": "Outer", "Join Type": "Inner", "Startup Cost": 18964.6, "Total Cost": 174064.21, "Plan Rows": 152707, "Plan Width": 42, "Actual Min Startup Time": 39.442, "Actual Max Startup Time": 45.147, "Actual Min Total Time": 2132.334, "Actual Max Total Time": 2213.238, "Actual Total Rows": 1511024, "Inner Unique": false, "Hash Cond": "(l1.l_suppkey = supplier.s_suppkey), (LLVM Optimized, Jit Execute)", "Plans": [{"Node Type": "Seq Scan", "Parent Relationship": "Outer", "Relation Name": "lineitem", "Alias": "l1", "Startup Cost": 0.0, "Total Cost": 150317.68, "Plan Rows": 19995678, "Plan Width": 16, "Actual Min Startup Time": 0.023, "Actual Max Startup Time": 0.039, "Actual Min Total Time": 1589.34, "Actual Max Total Time": 1658.229, "Actual Total Rows": 37929348, "Filter": "(l_receiptdate > l_commitdate), (LLVM Optimized, Jit Execute)", "Rows Removed by Filter": 22056704}, {"Node Type": "Hash", "Parent Relationship": "Inner", "Startup Cost": 18914.6, "Total Cost": 18914.6, "Plan Rows": 64000, "Plan Width": 34, "Actual Min Startup Time": 39.31, "Actual Max Startup Time": 45.002, "Actual Min Total Time": 39.31, "Actual Max Total Time": 45.002, "Actual Total Rows": 63696, "Max Hash Buckets": 32768, "Min Hash Buckets": 32768, "Max Hash Batches": 1, "Min Hash Batches": 1, "Max Original Hash Batches": 1, "Min Original Hash Batches": 1, "Max Peak Memory Usage": 280, "min Peak Memory Usage": 280, "Plans": [{"Node Type": "Streaming(type: BROADCAST dop: 16/1)", "Parent Relationship": "Outer", "Startup Cost": 95.25, "Total Cost": 18914.6, "Plan Rows": 64000, "Plan Width": 34, "Actual Min Startup Time": 0.023, "Actual Max Startup Time": 0.069, "Actual Min Total Time": 38.317, "Actual Max Total Time": 43.918, "Actual Total Rows": 63696, "Plans": [{"Node Type": "Nested Loop", "Parent Relationship": "Outer", "Join Type": "Inner", "Startup Cost": 95.25, "Total Cost": 2533.35, "Plan Rows": 4000, "Plan Width": 34, "Actual Min Startup Time": 1.203, "Actual Max Startup Time": 1.203, "Actual Min Total Time": 7.534, "Actual Max Total Time": 7.534, "Actual Total Rows": 3981, "Inner Unique": false, "Plans": [{"Node Type": "Seq Scan", "Parent Relationship": "Outer", "Relation Name": "nation", "Alias": "nation", "Startup Cost": 0.0, "Total Cost": 1.31, "Plan Rows": 1, "Plan Width": 4, "Actual Min Startup Time": 0.047, "Actual Max Startup Time": 0.047, "Actual Min Total Time": 0.067, "Actual Max Total Time": 0.067, "Actual Total Rows": 1, "Filter": "(n_name = 'EGYPT'::bpchar)", "Rows Removed by Filter": 24}, {"Node Type": "Bitmap Heap Scan", "Parent Relationship": "Inner", "Relation Name": "supplier", "Alias": "supplier", "Startup Cost": 95.25, "Total Cost": 2492.04, "Plan Rows": 4000, "Plan Width": 38, "Actual Min Startup Time": 1.144, "Actual Max Startup Time": 1.144, "Actual Min Total Time": 6.664, "Actual Max Total Time": 6.664, "Actual Total Rows": 3981, "Recheck Cond": "(s_nationkey = nation.n_nationkey)", "Rows Removed by Index Recheck": 0, "Exact Heap Blocks": 0, "Lossy Heap Blocks": 0, "Plans": [{"Node Type": "Bitmap Index Scan", "Parent Relationship": "Outer", "Index Name": "idx_supplier_nation_key", "Startup Cost": 0.0, "Total Cost": 94.25, "Plan Rows": 4000, "Plan Width": 0, "Actual Min Startup Time": 0.811, "Actual Max Startup Time": 0.811, "Actual Min Total Time": 0.811, "Actual Max Total Time": 0.811, "Actual Total Rows": 3981, "Index Cond": "(s_nationkey = nation.n_nationkey)"}]}]}]}]}]}]}, {"Node Type": "Index Scan", "Parent Relationship": "Inner", "Scan Direction": "Forward", "Index Name": "idx_lineitem_orderkey", "Relation Name": "lineitem", "Alias": "l3", "Startup Cost": 0.0, "Total Cost": 1.63, "Plan Rows": 3, "Plan Width": 16, "Actual Min Startup Time": 9221.901, "Actual Max Startup Time": 9221.901, "Actual Min Total Time": 9221.901, "Actual Max Total Time": 9221.901, "Actual Total Rows": 1375914, "Index Cond": "(l_orderkey = l1.l_orderkey)", "Rows Removed by Index Recheck": 0, "Filter": "((l_receiptdate > l_commitdate) AND (l_suppkey <> l1.l_suppkey))", "Rows Removed by Filter": 1348115}]}, {"Node Type": "Index Scan", "Parent Relationship": "Inner", "Scan Direction": "Forward", "Index Name": "idx_lineitem_orderkey", "Relation Name": "lineitem", "Alias": "l2", "Startup Cost": 0.0, "Total Cost": 1.63, "Plan Rows": 9, "Plan Width": 16, "Actual Min Startup Time": 496.479, "Actual Max Startup Time": 496.479, "Actual Min Total Time": 496.479, "Actual Max Total Time": 496.479, "Actual Total Rows": 80537, "Index Cond": "(l_orderkey = l1.l_orderkey)", "Rows Removed by Index Recheck": 0, "Filter": "(l_suppkey <> l1.l_suppkey)", "Rows Removed by Filter": 85912}]}, {"Node Type": "Index Scan", "Parent Relationship": "Inner", "Scan Direction": "Forward", "Index Name": "orders_pkey", "Relation Name": "orders", "Alias": "orders", "Startup Cost": 0.0, "Total Cost": 0.97, "Plan Rows": 1, "Plan Width": 8, "Actual Min Startup Time": 513.763, "Actual Max Startup Time": 513.763, "Actual Min Total Time": 513.763, "Actual Max Total Time": 513.763, "Actual Total Rows": 39445, "Index Cond": "(o_orderkey = l2.l_orderkey)", "Rows Removed by Index Recheck": 0, "Filter": "(o_orderstatus = 'F'::bpchar)", "Rows Removed by Filter": 41092}]}]}]}]}, "Triggers": [], "Planner Runtime": 13.94, "Total Runtime": 12242.166, "Unique SQL Id": 3870093320}}, "(16, 5)": {"explain_plan": {"Plan": {"Node Type": "Limit", "Startup Cost": 2785833.2, "Total Cost": 2785833.45, "Plan Rows": 100, "Plan Width": 34, "Plans": [{"Node Type": "Sort", "Parent Relationship": "Outer", "Startup Cost": 2785833.2, "Total Cost": 2785856.13, "Plan Rows": 100, "Plan Width": 34, "Sort Key": ["(count(*)) DESC", "supplier.s_name"], "Plans": [{"Node Type": "Aggregate", "Strategy": "Hashed", "Parent Relationship": "Outer", "Startup Cost": 2785390.93, "Total Cost": 2785482.65, "Plan Rows": 9172, "Plan Width": 34, "Group By Key": ["supplier.s_name"], "Plans": [{"Node Type": "Nested Loop", "Parent Relationship": "Outer", "Join Type": "Inner", "Startup Cost": 18975.98, "Total Cost": 2785345.07, "Plan Rows": 9172, "Plan Width": 26, "Inner Unique": true, "Join Filter": "(l1.l_orderkey = orders.o_orderkey)", "Plans": [{"Node Type": "Nested Loop", "Parent Relationship": "Outer", "Join Type": "Semi", "Startup Cost": 18975.98, "Total Cost": 2778244.7, "Plan Rows": 7254, "Plan Width": 42, "Inner Unique": false, "Plans": [{"Node Type": "Nested Loop", "Parent Relationship": "Outer", "Join Type": "Anti", "Startup Cost": 18975.98, "Total Cost": 2776389.13, "Plan Rows": 7635, "Plan Width": 42, "Inner Unique": false, "Plans": [{"Node Type": "Streaming(type: LOCAL GATHER dop: 1/16)", "Parent Relationship": "Outer", "Startup Cost": 18975.98, "Total Cost": 2729201.91, "Plan Rows": 152707, "Plan Width": 42, "Plans": [{"Node Type": "Hash Join", "Parent Relationship": "Outer", "Join Type": "Inner", "Startup Cost": 18975.98, "Total Cost": 2725906.19, "Plan Rows": 152707, "Plan Width": 42, "Inner Unique": false, "Hash Cond": "(l1.l_suppkey = supplier.s_suppkey), (LLVM Optimized)", "Plans": [{"Node Type": "Index Scan", "Parent Relationship": "Outer", "Scan Direction": "Forward", "Index Name": "idx_lineitem_orderkey", "Relation Name": "lineitem", "Alias": "l1", "Startup Cost": 0.0, "Total Cost": 2702148.28, "Plan Rows": 19995678, "Plan Width": 16, "Filter": "(l_receiptdate > l_commitdate), (LLVM Optimized)"}, {"Node Type": "Hash", "Parent Relationship": "Inner", "Startup Cost": 18925.98, "Total Cost": 18925.98, "Plan Rows": 64000, "Plan Width": 34, "Plans": [{"Node Type": "Streaming(type: BROADCAST dop: 16/1)", "Parent Relationship": "Outer", "Startup Cost": 95.25, "Total Cost": 18925.98, "Plan Rows": 64000, "Plan Width": 34, "Plans": [{"Node Type": "Nested Loop", "Parent Relationship": "Outer", "Join Type": "Inner", "Startup Cost": 95.25, "Total Cost": 2544.73, "Plan Rows": 4000, "Plan Width": 34, "Inner Unique": false, "Plans": [{"Node Type": "Index Scan", "Parent Relationship": "Outer", "Scan Direction": "Forward", "Index Name": "nation_pkey", "Relation Name": "nation", "Alias": "nation", "Startup Cost": 0.0, "Total Cost": 12.69, "Plan Rows": 1, "Plan Width": 4, "Filter": "(n_name = 'EGYPT'::bpchar)"}, {"Node Type": "Bitmap Heap Scan", "Parent Relationship": "Inner", "Relation Name": "supplier", "Alias": "supplier", "Startup Cost": 95.25, "Total Cost": 2492.04, "Plan Rows": 4000, "Plan Width": 38, "Recheck Cond": "(s_nationkey = nation.n_nationkey)", "Plans": [{"Node Type": "Bitmap Index Scan", "Parent Relationship": "Outer", "Index Name": "idx_supplier_nation_key", "Startup Cost": 0.0, "Total Cost": 94.25, "Plan Rows": 4000, "Plan Width": 0, "Index Cond": "(s_nationkey = nation.n_nationkey)"}]}]}]}]}]}]}, {"Node Type": "Index Scan", "Parent Relationship": "Inner", "Scan Direction": "Forward", "Index Name": "idx_lineitem_orderkey", "Relation Name": "lineitem", "Alias": "l3", "Startup Cost": 0.0, "Total Cost": 1.63, "Plan Rows": 3, "Plan Width": 16, "Index Cond": "(l_orderkey = l1.l_orderkey)", "Filter": "((l_receiptdate > l_commitdate) AND (l_suppkey <> l1.l_suppkey))"}]}, {"Node Type": "Index Scan", "Parent Relationship": "Inner", "Scan Direction": "Forward", "Index Name": "idx_lineitem_orderkey", "Relation Name": "lineitem", "Alias": "l2", "Startup Cost": 0.0, "Total Cost": 1.63, "Plan Rows": 9, "Plan Width": 16, "Index Cond": "(l_orderkey = l1.l_orderkey)", "Filter": "(l_suppkey <> l1.l_suppkey)"}]}, {"Node Type": "Index Scan", "Parent Relationship": "Inner", "Scan Direction": "Forward", "Index Name": "orders_pkey", "Relation Name": "orders", "Alias": "orders", "Startup Cost": 0.0, "Total Cost": 0.97, "Plan Rows": 1, "Plan Width": 8, "Index Cond": "(o_orderkey = l2.l_orderkey)", "Filter": "(o_orderstatus = 'F'::bpchar)"}]}]}]}]}, "Unique SQL Id": 3870093320}, "explain_analyze_plan": {"Plan": {"Node Type": "Limit", "Startup Cost": 2785833.2, "Total Cost": 2785833.45, "Plan Rows": 100, "Plan Width": 34, "Actual Min Startup Time": 13764.738, "Actual Max Startup Time": 13764.738, "Actual Min Total Time": 13764.757, "Actual Max Total Time": 13764.757, "Actual Total Rows": 100, "Plans": [{"Node Type": "Sort", "Parent Relationship": "Outer", "Startup Cost": 2785833.2, "Total Cost": 2785856.13, "Plan Rows": 100, "Plan Width": 34, "Actual Min Startup Time": 13764.736, "Actual Max Startup Time": 13764.736, "Actual Min Total Time": 13764.743, "Actual Max Total Time": 13764.743, "Actual Total Rows": 100, "Sort Key": ["(count(*)) DESC", "supplier.s_name"], "Sort Method": "top-N heapsort", "Sort Space Min Used": 41, "Sort Space Max Used": 41, "Sort Space Type": "Memory", "Plans": [{"Node Type": "Aggregate", "Strategy": "Hashed", "Parent Relationship": "Outer", "Startup Cost": 2785390.93, "Total Cost": 2785482.65, "Plan Rows": 9172, "Plan Width": 34, "Actual Min Startup Time": 13761.425, "Actual Max Startup Time": 13761.425, "Actual Min Total Time": 13762.64, "Actual Max Total Time": 13762.64, "Actual Total Rows": 3981, "Group By Key": ["supplier.s_name"], "Plans": [{"Node Type": "Nested Loop", "Parent Relationship": "Outer", "Join Type": "Inner", "Startup Cost": 18975.98, "Total Cost": 2785345.07, "Plan Rows": 9172, "Plan Width": 26, "Actual Min Startup Time": 917.898, "Actual Max Startup Time": 917.898, "Actual Min Total Time": 13711.073, "Actual Max Total Time": 13711.073, "Actual Total Rows": 39445, "Inner Unique": true, "Join Filter": "(l1.l_orderkey = orders.o_orderkey)", "Rows Removed by Join Filter": 0, "Plans": [{"Node Type": "Nested Loop", "Parent Relationship": "Outer", "Join Type": "Semi", "Startup Cost": 18975.98, "Total Cost": 2778244.7, "Plan Rows": 7254, "Plan Width": 42, "Actual Min Startup Time": 917.632, "Actual Max Startup Time": 917.632, "Actual Min Total Time": 13105.313, "Actual Max Total Time": 13105.313, "Actual Total Rows": 80537, "Inner Unique": false, "Plans": [{"Node Type": "Nested Loop", "Parent Relationship": "Outer", "Join Type": "Anti", "Startup Cost": 18975.98, "Total Cost": 2776389.13, "Plan Rows": 7635, "Plan Width": 42, "Actual Min Startup Time": 917.613, "Actual Max Startup Time": 917.613, "Actual Min Total Time": 12509.033, "Actual Max Total Time": 12509.033, "Actual Total Rows": 135110, "Inner Unique": false, "Plans": [{"Node Type": "Streaming(type: LOCAL GATHER dop: 1/16)", "Parent Relationship": "Outer", "Startup Cost": 18975.98, "Total Cost": 2729201.91, "Plan Rows": 152707, "Plan Width": 42, "Actual Min Startup Time": 917.55, "Actual Max Startup Time": 917.55, "Actual Min Total Time": 1686.927, "Actual Max Total Time": 1686.927, "Actual Total Rows": 1511024, "Plans": [{"Node Type": "Hash Join", "Parent Relationship": "Outer", "Join Type": "Inner", "Startup Cost": 18975.98, "Total Cost": 2725906.19, "Plan Rows": 152707, "Plan Width": 42, "Actual Min Startup Time": 836.153, "Actual Max Startup Time": 859.668, "Actual Min Total Time": 3988.911, "Actual Max Total Time": 4372.024, "Actual Total Rows": 1511024, "Inner Unique": false, "Hash Cond": "(l1.l_suppkey = supplier.s_suppkey), (LLVM Optimized, Jit Execute)", "Plans": [{"Node Type": "Index Scan", "Parent Relationship": "Outer", "Scan Direction": "Forward", "Index Name": "idx_lineitem_orderkey", "Relation Name": "lineitem", "Alias": "l1", "Startup Cost": 0.0, "Total Cost": 2702148.28, "Plan Rows": 19995678, "Plan Width": 16, "Actual Min Startup Time": 780.017, "Actual Max Startup Time": 780.159, "Actual Min Total Time": 3389.52, "Actual Max Total Time": 3791.658, "Actual Total Rows": 37929348, "Filter": "(l_receiptdate > l_commitdate), (LLVM Optimized, Jit Execute)", "Rows Removed by Filter": 22056704}, {"Node Type": "Hash", "Parent Relationship": "Inner", "Startup Cost": 18925.98, "Total Cost": 18925.98, "Plan Rows": 64000, "Plan Width": 34, "Actual Min Startup Time": 56.016, "Actual Max Startup Time": 79.435, "Actual Min Total Time": 56.016, "Actual Max Total Time": 79.435, "Actual Total Rows": 63696, "Max Hash Buckets": 32768, "Min Hash Buckets": 32768, "Max Hash Batches": 1, "Min Hash Batches": 1, "Max Original Hash Batches": 1, "Min Original Hash Batches": 1, "Max Peak Memory Usage": 280, "min Peak Memory Usage": 280, "Plans": [{"Node Type": "Streaming(type: BROADCAST dop: 16/1)", "Parent Relationship": "Outer", "Startup Cost": 95.25, "Total Cost": 18925.98, "Plan Rows": 64000, "Plan Width": 34, "Actual Min Startup Time": 0.042, "Actual Max Startup Time": 0.079, "Actual Min Total Time": 54.796, "Actual Max Total Time": 77.96, "Actual Total Rows": 63696, "Plans": [{"Node Type": "Nested Loop", "Parent Relationship": "Outer", "Join Type": "Inner", "Startup Cost": 95.25, "Total Cost": 2544.73, "Plan Rows": 4000, "Plan Width": 34, "Actual Min Startup Time": 1.239, "Actual Max Startup Time": 1.239, "Actual Min Total Time": 10.075, "Actual Max Total Time": 10.075, "Actual Total Rows": 3981, "Inner Unique": false, "Plans": [{"Node Type": "Index Scan", "Parent Relationship": "Outer", "Scan Direction": "Forward", "Index Name": "nation_pkey", "Relation Name": "nation", "Alias": "nation", "Startup Cost": 0.0, "Total Cost": 12.69, "Plan Rows": 1, "Plan Width": 4, "Actual Min Startup Time": 0.043, "Actual Max Startup Time": 0.043, "Actual Min Total Time": 0.067, "Actual Max Total Time": 0.067, "Actual Total Rows": 1, "Filter": "(n_name = 'EGYPT'::bpchar)", "Rows Removed by Filter": 24}, {"Node Type": "Bitmap Heap Scan", "Parent Relationship": "Inner", "Relation Name": "supplier", "Alias": "supplier", "Startup Cost": 95.25, "Total Cost": 2492.04, "Plan Rows": 4000, "Plan Width": 38, "Actual Min Startup Time": 1.189, "Actual Max Startup Time": 1.189, "Actual Min Total Time": 9.235, "Actual Max Total Time": 9.235, "Actual Total Rows": 3981, "Recheck Cond": "(s_nationkey = nation.n_nationkey)", "Rows Removed by Index Recheck": 0, "Exact Heap Blocks": 0, "Lossy Heap Blocks": 0, "Plans": [{"Node Type": "Bitmap Index Scan", "Parent Relationship": "Outer", "Index Name": "idx_supplier_nation_key", "Startup Cost": 0.0, "Total Cost": 94.25, "Plan Rows": 4000, "Plan Width": 0, "Actual Min Startup Time": 0.876, "Actual Max Startup Time": 0.876, "Actual Min Total Time": 0.876, "Actual Max Total Time": 0.876, "Actual Total Rows": 3981, "Index Cond": "(s_nationkey = nation.n_nationkey)"}]}]}]}]}]}]}, {"Node Type": "Index Scan", "Parent Relationship": "Inner", "Scan Direction": "Forward", "Index Name": "idx_lineitem_orderkey", "Relation Name": "lineitem", "Alias": "l3", "Startup Cost": 0.0, "Total Cost": 1.63, "Plan Rows": 3, "Plan Width": 16, "Actual Min Startup Time": 9803.763, "Actual Max Startup Time": 9803.763, "Actual Min Total Time": 9803.763, "Actual Max Total Time": 9803.763, "Actual Total Rows": 1375914, "Index Cond": "(l_orderkey = l1.l_orderkey)", "Rows Removed by Index Recheck": 0, "Filter": "((l_receiptdate > l_commitdate) AND (l_suppkey <> l1.l_suppkey))", "Rows Removed by Filter": 1348115}]}, {"Node Type": "Index Scan", "Parent Relationship": "Inner", "Scan Direction": "Forward", "Index Name": "idx_lineitem_orderkey", "Relation Name": "lineitem", "Alias": "l2", "Startup Cost": 0.0, "Total Cost": 1.63, "Plan Rows": 9, "Plan Width": 16, "Actual Min Startup Time": 498.159, "Actual Max Startup Time": 498.159, "Actual Min Total Time": 498.159, "Actual Max Total Time": 498.159, "Actual Total Rows": 80537, "Index Cond": "(l_orderkey = l1.l_orderkey)", "Rows Removed by Index Recheck": 0, "Filter": "(l_suppkey <> l1.l_suppkey)", "Rows Removed by Filter": 85912}]}, {"Node Type": "Index Scan", "Parent Relationship": "Inner", "Scan Direction": "Forward", "Index Name": "orders_pkey", "Relation Name": "orders", "Alias": "orders", "Startup Cost": 0.0, "Total Cost": 0.97, "Plan Rows": 1, "Plan Width": 8, "Actual Min Startup Time": 540.279, "Actual Max Startup Time": 540.279, "Actual Min Total Time": 540.279, "Actual Max Total Time": 540.279, "Actual Total Rows": 39445, "Index Cond": "(o_orderkey = l2.l_orderkey)", "Rows Removed by Index Recheck": 0, "Filter": "(o_orderstatus = 'F'::bpchar)", "Rows Removed by Filter": 41092}]}]}]}]}, "Triggers": [], "Planner Runtime": 12.499, "Total Runtime": 13777.942, "Unique SQL Id": 3870093320}}, "(16, 6)": {"explain_plan": {"Plan": {"Node Type": "Limit", "Startup Cost": 486140.51, "Total Cost": 486140.76, "Plan Rows": 100, "Plan Width": 34, "Plans": [{"Node Type": "Sort", "Parent Relationship": "Outer", "Startup Cost": 486140.51, "Total Cost": 486163.44, "Plan Rows": 100, "Plan Width": 34, "Sort Key": ["(count(*)) DESC", "supplier.s_name"], "Plans": [{"Node Type": "Aggregate", "Strategy": "Hashed", "Parent Relationship": "Outer", "Startup Cost": 485698.24, "Total Cost": 485789.96, "Plan Rows": 9172, "Plan Width": 34, "Group By Key": ["supplier.s_name"], "Plans": [{"Node Type": "Nested Loop", "Parent Relationship": "Outer", "Join Type": "Inner", "Startup Cost": 189763.55, "Total Cost": 485652.38, "Plan Rows": 9172, "Plan Width": 26, "Inner Unique": true, "Join Filter": "(l1.l_orderkey = orders.o_orderkey)", "Plans": [{"Node Type": "Nested Loop", "Parent Relationship": "Outer", "Join Type": "Semi", "Startup Cost": 189762.95, "Total Cost": 452091.62, "Plan Rows": 7254, "Plan Width": 42, "Inner Unique": false, "Plans": [{"Node Type": "Streaming(type: LOCAL GATHER dop: 1/16)", "Parent Relationship": "Outer", "Startup Cost": 189762.13, "Total Cost": 436913.07, "Plan Rows": 7635, "Plan Width": 42, "Plans": [{"Node Type": "Hash Join", "Parent Relationship": "Outer", "Join Type": "Right Anti", "Startup Cost": 189762.13, "Total Cost": 436748.29, "Plan Rows": 7635, "Plan Width": 42, "Inner Unique": false, "Hash Cond": "(l3.l_orderkey = l1.l_orderkey)", "Join Filter": "(l3.l_suppkey <> l1.l_suppkey)", "Plans": [{"Node Type": "Streaming(type: LOCAL REDISTRIBUTE dop: 16/16)", "Parent Relationship": "Outer", "Startup Cost": 0.0, "Total Cost": 241082.56, "Plan Rows": 19995678, "Plan Width": 16, "Plans": [{"Node Type": "Seq Scan", "Parent Relationship": "Outer", "Relation Name": "lineitem", "Alias": "l3", "Startup Cost": 0.0, "Total Cost": 150317.68, "Plan Rows": 19995678, "Plan Width": 16, "Filter": "(l_receiptdate > l_commitdate), (LLVM Optimized)"}]}, {"Node Type": "Hash", "Parent Relationship": "Inner", "Startup Cost": 189642.83, "Total Cost": 189642.83, "Plan Rows": 152707, "Plan Width": 42, "Plans": [{"Node Type": "Streaming(type: LOCAL REDISTRIBUTE dop: 16/16)", "Parent Relationship": "Outer", "Startup Cost": 18964.6, "Total Cost": 189642.83, "Plan Rows": 152707, "Plan Width": 42, "Plans": [{"Node Type": "Hash Join", "Parent Relationship": "Outer", "Join Type": "Inner", "Startup Cost": 18964.6, "Total Cost": 174064.21, "Plan Rows": 152707, "Plan Width": 42, "Inner Unique": false, "Hash Cond": "(l1.l_suppkey = supplier.s_suppkey), (LLVM Optimized)", "Plans": [{"Node Type": "Seq Scan", "Parent Relationship": "Outer", "Relation Name": "lineitem", "Alias": "l1", "Startup Cost": 0.0, "Total Cost": 150317.68, "Plan Rows": 19995678, "Plan Width": 16, "Filter": "(l_receiptdate > l_commitdate), (LLVM Optimized)"}, {"Node Type": "Hash", "Parent Relationship": "Inner", "Startup Cost": 18914.6, "Total Cost": 18914.6, "Plan Rows": 64000, "Plan Width": 34, "Plans": [{"Node Type": "Streaming(type: BROADCAST dop: 16/1)", "Parent Relationship": "Outer", "Startup Cost": 95.25, "Total Cost": 18914.6, "Plan Rows": 64000, "Plan Width": 34, "Plans": [{"Node Type": "Nested Loop", "Parent Relationship": "Outer", "Join Type": "Inner", "Startup Cost": 95.25, "Total Cost": 2533.35, "Plan Rows": 4000, "Plan Width": 34, "Inner Unique": false, "Plans": [{"Node Type": "Seq Scan", "Parent Relationship": "Outer", "Relation Name": "nation", "Alias": "nation", "Startup Cost": 0.0, "Total Cost": 1.31, "Plan Rows": 1, "Plan Width": 4, "Filter": "(n_name = 'EGYPT'::bpchar)"}, {"Node Type": "Bitmap Heap Scan", "Parent Relationship": "Inner", "Relation Name": "supplier", "Alias": "supplier", "Startup Cost": 95.25, "Total Cost": 2492.04, "Plan Rows": 4000, "Plan Width": 38, "Recheck Cond": "(s_nationkey = nation.n_nationkey)", "Plans": [{"Node Type": "Bitmap Index Scan", "Parent Relationship": "Outer", "Index Name": "idx_supplier_nation_key", "Startup Cost": 0.0, "Total Cost": 94.25, "Plan Rows": 4000, "Plan Width": 0, "Index Cond": "(s_nationkey = nation.n_nationkey)"}]}]}]}]}]}]}]}]}]}, {"Node Type": "Bitmap Heap Scan", "Parent Relationship": "Inner", "Relation Name": "lineitem", "Alias": "l2", "Startup Cost": 0.82, "Total Cost": 8.95, "Plan Rows": 9, "Plan Width": 16, "Recheck Cond": "(l_orderkey = l1.l_orderkey)", "Filter": "(l_suppkey <> l1.l_suppkey)", "Plans": [{"Node Type": "Bitmap Index Scan", "Parent Relationship": "Outer", "Index Name": "idx_lineitem_orderkey", "Startup Cost": 0.0, "Total Cost": 0.82, "Plan Rows": 9, "Plan Width": 0, "Index Cond": "(l_orderkey = l1.l_orderkey)"}]}]}, {"Node Type": "Bitmap Heap Scan", "Parent Relationship": "Inner", "Relation Name": "orders", "Alias": "orders", "Startup Cost": 0.6, "Total Cost": 4.61, "Plan Rows": 1, "Plan Width": 8, "Recheck Cond": "(o_orderkey = l2.l_orderkey)", "Filter": "(o_orderstatus = 'F'::bpchar)", "Plans": [{"Node Type": "Bitmap Index Scan", "Parent Relationship": "Outer", "Index Name": "orders_pkey", "Startup Cost": 0.0, "Total Cost": 0.6, "Plan Rows": 1, "Plan Width": 0, "Index Cond": "(o_orderkey = l2.l_orderkey)"}]}]}]}]}]}, "Unique SQL Id": 3870093320}, "explain_analyze_plan": {"Plan": {"Node Type": "Limit", "Startup Cost": 486140.51, "Total Cost": 486140.76, "Plan Rows": 100, "Plan Width": 34, "Actual Min Startup Time": 11240.864, "Actual Max Startup Time": 11240.864, "Actual Min Total Time": 11240.88, "Actual Max Total Time": 11240.88, "Actual Total Rows": 100, "Plans": [{"Node Type": "Sort", "Parent Relationship": "Outer", "Startup Cost": 486140.51, "Total Cost": 486163.44, "Plan Rows": 100, "Plan Width": 34, "Actual Min Startup Time": 11240.861, "Actual Max Startup Time": 11240.861, "Actual Min Total Time": 11240.867, "Actual Max Total Time": 11240.867, "Actual Total Rows": 100, "Sort Key": ["(count(*)) DESC", "supplier.s_name"], "Sort Method": "top-N heapsort", "Sort Space Min Used": 41, "Sort Space Max Used": 41, "Sort Space Type": "Memory", "Plans": [{"Node Type": "Aggregate", "Strategy": "Hashed", "Parent Relationship": "Outer", "Startup Cost": 485698.24, "Total Cost": 485789.96, "Plan Rows": 9172, "Plan Width": 34, "Actual Min Startup Time": 11237.401, "Actual Max Startup Time": 11237.401, "Actual Min Total Time": 11238.769, "Actual Max Total Time": 11238.769, "Actual Total Rows": 3981, "Group By Key": ["supplier.s_name"], "Plans": [{"Node Type": "Nested Loop", "Parent Relationship": "Outer", "Join Type": "Inner", "Startup Cost": 189763.55, "Total Cost": 485652.38, "Plan Rows": 9172, "Plan Width": 26, "Actual Min Startup Time": 8590.269, "Actual Max Startup Time": 8590.269, "Actual Min Total Time": 11197.681, "Actual Max Total Time": 11197.681, "Actual Total Rows": 39445, "Inner Unique": true, "Join Filter": "(l1.l_orderkey = orders.o_orderkey)", "Rows Removed by Join Filter": 0, "Plans": [{"Node Type": "Nested Loop", "Parent Relationship": "Outer", "Join Type": "Semi", "Startup Cost": 189762.95, "Total Cost": 452091.62, "Plan Rows": 7254, "Plan Width": 42, "Actual Min Startup Time": 8590.209, "Actual Max Startup Time": 8590.209, "Actual Min Total Time": 10305.578, "Actual Max Total Time": 10305.578, "Actual Total Rows": 80537, "Inner Unique": false, "Plans": [{"Node Type": "Streaming(type: LOCAL GATHER dop: 1/16)", "Parent Relationship": "Outer", "Startup Cost": 189762.13, "Total Cost": 436913.07, "Plan Rows": 7635, "Plan Width": 42, "Actual Min Startup Time": 8590.108, "Actual Max Startup Time": 8590.108, "Actual Min Total Time": 8662.465, "Actual Max Total Time": 8662.465, "Actual Total Rows": 135110, "Plans": [{"Node Type": "Hash Join", "Parent Relationship": "Outer", "Join Type": "Right Anti", "Startup Cost": 189762.13, "Total Cost": 436748.29, "Plan Rows": 7635, "Plan Width": 42, "Actual Min Startup Time": 8445.861, "Actual Max Startup Time": 8466.538, "Actual Min Total Time": 8449.069, "Actual Max Total Time": 8468.683, "Actual Total Rows": 135110, "Inner Unique": false, "Hash Cond": "(l3.l_orderkey = l1.l_orderkey)", "Join Filter": "(l3.l_suppkey <> l1.l_suppkey)", "Rows Removed by Join Filter": 548525, "Plans": [{"Node Type": "Streaming(type: LOCAL REDISTRIBUTE dop: 16/16)", "Parent Relationship": "Outer", "Startup Cost": 0.0, "Total Cost": 241082.56, "Plan Rows": 19995678, "Plan Width": 16, "Actual Min Startup Time": 0.066, "Actual Max Startup Time": 0.722, "Actual Min Total Time": 4955.966, "Actual Max Total Time": 5250.864, "Actual Total Rows": 37929348, "Plans": [{"Node Type": "Seq Scan", "Parent Relationship": "Outer", "Relation Name": "lineitem", "Alias": "l3", "Startup Cost": 0.0, "Total Cost": 150317.68, "Plan Rows": 19995678, "Plan Width": 16, "Actual Min Startup Time": 0.025, "Actual Max Startup Time": 0.071, "Actual Min Total Time": 1694.545, "Actual Max Total Time": 1785.562, "Actual Total Rows": 37929348, "Filter": "(l_receiptdate > l_commitdate), (LLVM Optimized, Jit Execute)", "Rows Removed by Filter": 22056704}]}, {"Node Type": "Hash", "Parent Relationship": "Inner", "Startup Cost": 189642.83, "Total Cost": 189642.83, "Plan Rows": 152707, "Plan Width": 42, "Actual Min Startup Time": 2634.573, "Actual Max Startup Time": 2655.314, "Actual Min Total Time": 2634.573, "Actual Max Total Time": 2655.314, "Actual Total Rows": 1511024, "Max Hash Buckets": 32768, "Min Hash Buckets": 32768, "Max Hash Batches": 1, "Min Hash Batches": 1, "Max Original Hash Batches": 1, "Min Original Hash Batches": 1, "Max Peak Memory Usage": 7375, "min Peak Memory Usage": 7375, "Plans": [{"Node Type": "Streaming(type: LOCAL REDISTRIBUTE dop: 16/16)", "Parent Relationship": "Outer", "Startup Cost": 18964.6, "Total Cost": 189642.83, "Plan Rows": 152707, "Plan Width": 42, "Actual Min Startup Time": 141.431, "Actual Max Startup Time": 165.14, "Actual Min Total Time": 2584.986, "Actual Max Total Time": 2630.417, "Actual Total Rows": 1511024, "Plans": [{"Node Type": "Hash Join", "Parent Relationship": "Outer", "Join Type": "Inner", "Startup Cost": 18964.6, "Total Cost": 174064.21, "Plan Rows": 152707, "Plan Width": 42, "Actual Min Startup Time": 55.875, "Actual Max Startup Time": 173.167, "Actual Min Total Time": 2287.562, "Actual Max Total Time": 2444.859, "Actual Total Rows": 1511024, "Inner Unique": false, "Hash Cond": "(l1.l_suppkey = supplier.s_suppkey), (LLVM Optimized, Jit Execute)", "Plans": [{"Node Type": "Seq Scan", "Parent Relationship": "Outer", "Relation Name": "lineitem", "Alias": "l1", "Startup Cost": 0.0, "Total Cost": 150317.68, "Plan Rows": 19995678, "Plan Width": 16, "Actual Min Startup Time": 0.025, "Actual Max Startup Time": 0.044, "Actual Min Total Time": 1692.272, "Actual Max Total Time": 1818.782, "Actual Total Rows": 37929348, "Filter": "(l_receiptdate > l_commitdate), (LLVM Optimized, Jit Execute)", "Rows Removed by Filter": 22056704}, {"Node Type": "Hash", "Parent Relationship": "Inner", "Startup Cost": 18914.6, "Total Cost": 18914.6, "Plan Rows": 64000, "Plan Width": 34, "Actual Min Startup Time": 55.738, "Actual Max Startup Time": 172.992, "Actual Min Total Time": 55.738, "Actual Max Total Time": 172.992, "Actual Total Rows": 63696, "Max Hash Buckets": 32768, "Min Hash Buckets": 32768, "Max Hash Batches": 1, "Min Hash Batches": 1, "Max Original Hash Batches": 1, "Min Original Hash Batches": 1, "Max Peak Memory Usage": 280, "min Peak Memory Usage": 280, "Plans": [{"Node Type": "Streaming(type: BROADCAST dop: 16/1)", "Parent Relationship": "Outer", "Startup Cost": 95.25, "Total Cost": 18914.6, "Plan Rows": 64000, "Plan Width": 34, "Actual Min Startup Time": 0.032, "Actual Max Startup Time": 0.08, "Actual Min Total Time": 54.443, "Actual Max Total Time": 171.515, "Actual Total Rows": 63696, "Plans": [{"Node Type": "Nested Loop", "Parent Relationship": "Outer", "Join Type": "Inner", "Startup Cost": 95.25, "Total Cost": 2533.35, "Plan Rows": 4000, "Plan Width": 34, "Actual Min Startup Time": 1.18, "Actual Max Startup Time": 1.18, "Actual Min Total Time": 10.071, "Actual Max Total Time": 10.071, "Actual Total Rows": 3981, "Inner Unique": false, "Plans": [{"Node Type": "Seq Scan", "Parent Relationship": "Outer", "Relation Name": "nation", "Alias": "nation", "Startup Cost": 0.0, "Total Cost": 1.31, "Plan Rows": 1, "Plan Width": 4, "Actual Min Startup Time": 0.036, "Actual Max Startup Time": 0.036, "Actual Min Total Time": 0.057, "Actual Max Total Time": 0.057, "Actual Total Rows": 1, "Filter": "(n_name = 'EGYPT'::bpchar)", "Rows Removed by Filter": 24}, {"Node Type": "Bitmap Heap Scan", "Parent Relationship": "Inner", "Relation Name": "supplier", "Alias": "supplier", "Startup Cost": 95.25, "Total Cost": 2492.04, "Plan Rows": 4000, "Plan Width": 38, "Actual Min Startup Time": 1.135, "Actual Max Startup Time": 1.135, "Actual Min Total Time": 9.171, "Actual Max Total Time": 9.171, "Actual Total Rows": 3981, "Recheck Cond": "(s_nationkey = nation.n_nationkey)", "Rows Removed by Index Recheck": 0, "Exact Heap Blocks": 0, "Lossy Heap Blocks": 0, "Plans": [{"Node Type": "Bitmap Index Scan", "Parent Relationship": "Outer", "Index Name": "idx_supplier_nation_key", "Startup Cost": 0.0, "Total Cost": 94.25, "Plan Rows": 4000, "Plan Width": 0, "Actual Min Startup Time": 0.824, "Actual Max Startup Time": 0.824, "Actual Min Total Time": 0.824, "Actual Max Total Time": 0.824, "Actual Total Rows": 3981, "Index Cond": "(s_nationkey = nation.n_nationkey)"}]}]}]}]}]}]}]}]}]}, {"Node Type": "Bitmap Heap Scan", "Parent Relationship": "Inner", "Relation Name": "lineitem", "Alias": "l2", "Startup Cost": 0.82, "Total Cost": 8.95, "Plan Rows": 9, "Plan Width": 16, "Actual Min Startup Time": 1463.89, "Actual Max Startup Time": 1463.89, "Actual Min Total Time": 1463.89, "Actual Max Total Time": 1463.89, "Actual Total Rows": 80537, "Recheck Cond": "(l_orderkey = l1.l_orderkey)", "Rows Removed by Index Recheck": 0, "Filter": "(l_suppkey <> l1.l_suppkey)", "Rows Removed by Filter": 85912, "Exact Heap Blocks": 135868, "Lossy Heap Blocks": 135868, "Plans": [{"Node Type": "Bitmap Index Scan", "Parent Relationship": "Outer", "Index Name": "idx_lineitem_orderkey", "Startup Cost": 0.0, "Total Cost": 0.82, "Plan Rows": 9, "Plan Width": 0, "Actual Min Startup Time": 913.992, "Actual Max Startup Time": 913.992, "Actual Min Total Time": 913.992, "Actual Max Total Time": 913.992, "Actual Total Rows": 287712, "Index Cond": "(l_orderkey = l1.l_orderkey)"}]}]}, {"Node Type": "Bitmap Heap Scan", "Parent Relationship": "Inner", "Relation Name": "orders", "Alias": "orders", "Startup Cost": 0.6, "Total Cost": 4.61, "Plan Rows": 1, "Plan Width": 8, "Actual Min Startup Time": 790.443, "Actual Max Startup Time": 790.443, "Actual Min Total Time": 790.443, "Actual Max Total Time": 790.443, "Actual Total Rows": 39445, "Recheck Cond": "(o_orderkey = l2.l_orderkey)", "Rows Removed by Index Recheck": 0, "Filter": "(o_orderstatus = 'F'::bpchar)", "Rows Removed by Filter": 41092, "Exact Heap Blocks": 80537, "Lossy Heap Blocks": 80537, "Plans": [{"Node Type": "Bitmap Index Scan", "Parent Relationship": "Outer", "Index Name": "orders_pkey", "Startup Cost": 0.0, "Total Cost": 0.6, "Plan Rows": 1, "Plan Width": 0, "Actual Min Startup Time": 483.093, "Actual Max Startup Time": 483.093, "Actual Min Total Time": 483.093, "Actual Max Total Time": 483.093, "Actual Total Rows": 80537, "Index Cond": "(o_orderkey = l2.l_orderkey)"}]}]}]}]}]}, "Triggers": [], "Planner Runtime": 15.989, "Total Runtime": 11264.77, "Unique SQL Id": 3870093320}}, "(16, 7)": {"explain_plan": {"Plan": {"Node Type": "Limit", "Startup Cost": 3882163.35, "Total Cost": 3882163.6, "Plan Rows": 100, "Plan Width": 34, "Plans": [{"Node Type": "Sort", "Parent Relationship": "Outer", "Startup Cost": 3882163.35, "Total Cost": 3882186.28, "Plan Rows": 100, "Plan Width": 34, "Sort Key": ["(count(*)) DESC", "supplier.s_name"], "Plans": [{"Node Type": "Aggregate", "Strategy": "Hashed", "Parent Relationship": "Outer", "Startup Cost": 3881721.08, "Total Cost": 3881812.8, "Plan Rows": 9172, "Plan Width": 34, "Group By Key": ["supplier.s_name"], "Plans": [{"Node Type": "Nested Loop", "Parent Relationship": "Outer", "Join Type": "Inner", "Startup Cost": 1232631.31, "Total Cost": 3881675.22, "Plan Rows": 9172, "Plan Width": 26, "Inner Unique": true, "Join Filter": "(l1.l_orderkey = orders.o_orderkey)", "Plans": [{"Node Type": "Nested Loop", "Parent Relationship": "Outer", "Join Type": "Semi", "Startup Cost": 1232630.71, "Total Cost": 3848114.46, "Plan Rows": 7254, "Plan Width": 42, "Inner Unique": false, "Plans": [{"Node Type": "Nested Loop", "Parent Relationship": "Outer", "Join Type": "Anti", "Startup Cost": 1232629.88, "Total Cost": 3832935.91, "Plan Rows": 7635, "Plan Width": 42, "Inner Unique": false, "Plans": [{"Node Type": "Hash Join", "Parent Relationship": "Outer", "Join Type": "Inner", "Startup Cost": 1232629.06, "Total Cost": 3474222.84, "Plan Rows": 152707, "Plan Width": 42, "Inner Unique": false, "Hash Cond": "(l1.l_suppkey = supplier.s_suppkey), (LLVM Optimized)", "Plans": [{"Node Type": "Bitmap Heap Scan", "Parent Relationship": "Outer", "Relation Name": "lineitem", "Alias": "l1", "Startup Cost": 1230034.33, "Total Cost": 3395117.25, "Plan Rows": 19995678, "Plan Width": 16, "Filter": "(l_receiptdate > l_commitdate), (LLVM Optimized)", "Plans": [{"Node Type": "Bitmap Index Scan", "Parent Relationship": "Outer", "Index Name": "idx_lineitem_orderkey", "Startup Cost": 0.0, "Total Cost": 1225035.42, "Plan Rows": 59987033, "Plan Width": 0}]}, {"Node Type": "Hash", "Parent Relationship": "Inner", "Startup Cost": 2544.73, "Total Cost": 2544.73, "Plan Rows": 4000, "Plan Width": 34, "Plans": [{"Node Type": "Nested Loop", "Parent Relationship": "Outer", "Join Type": "Inner", "Startup Cost": 103.63, "Total Cost": 2544.73, "Plan Rows": 4000, "Plan Width": 34, "Inner Unique": false, "Plans": [{"Node Type": "Bitmap Heap Scan", "Parent Relationship": "Outer", "Relation Name": "nation", "Alias": "nation", "Startup Cost": 8.38, "Total Cost": 12.69, "Plan Rows": 1, "Plan Width": 4, "Filter": "(n_name = 'EGYPT'::bpchar)", "Plans": [{"Node Type": "Bitmap Index Scan", "Parent Relationship": "Outer", "Index Name": "nation_pkey", "Startup Cost": 0.0, "Total Cost": 8.38, "Plan Rows": 25, "Plan Width": 0}]}, {"Node Type": "Bitmap Heap Scan", "Parent Relationship": "Inner", "Relation Name": "supplier", "Alias": "supplier", "Startup Cost": 95.25, "Total Cost": 2492.04, "Plan Rows": 4000, "Plan Width": 38, "Recheck Cond": "(s_nationkey = nation.n_nationkey)", "Plans": [{"Node Type": "Bitmap Index Scan", "Parent Relationship": "Outer", "Index Name": "idx_supplier_nation_key", "Startup Cost": 0.0, "Total Cost": 94.25, "Plan Rows": 4000, "Plan Width": 0, "Index Cond": "(s_nationkey = nation.n_nationkey)"}]}]}]}]}, {"Node Type": "Bitmap Heap Scan", "Parent Relationship": "Inner", "Relation Name": "lineitem", "Alias": "l3", "Startup Cost": 0.82, "Total Cost": 8.97, "Plan Rows": 3, "Plan Width": 16, "Recheck Cond": "(l_orderkey = l1.l_orderkey)", "Filter": "((l_receiptdate > l_commitdate) AND (l_suppkey <> l1.l_suppkey))", "Plans": [{"Node Type": "Bitmap Index Scan", "Parent Relationship": "Outer", "Index Name": "idx_lineitem_orderkey", "Startup Cost": 0.0, "Total Cost": 0.82, "Plan Rows": 9, "Plan Width": 0, "Index Cond": "(l_orderkey = l1.l_orderkey)"}]}]}, {"Node Type": "Bitmap Heap Scan", "Parent Relationship": "Inner", "Relation Name": "lineitem", "Alias": "l2", "Startup Cost": 0.82, "Total Cost": 8.95, "Plan Rows": 9, "Plan Width": 16, "Recheck Cond": "(l_orderkey = l1.l_orderkey)", "Filter": "(l_suppkey <> l1.l_suppkey)", "Plans": [{"Node Type": "Bitmap Index Scan", "Parent Relationship": "Outer", "Index Name": "idx_lineitem_orderkey", "Startup Cost": 0.0, "Total Cost": 0.82, "Plan Rows": 9, "Plan Width": 0, "Index Cond": "(l_orderkey = l1.l_orderkey)"}]}]}, {"Node Type": "Bitmap Heap Scan", "Parent Relationship": "Inner", "Relation Name": "orders", "Alias": "orders", "Startup Cost": 0.6, "Total Cost": 4.61, "Plan Rows": 1, "Plan Width": 8, "Recheck Cond": "(o_orderkey = l2.l_orderkey)", "Filter": "(o_orderstatus = 'F'::bpchar)", "Plans": [{"Node Type": "Bitmap Index Scan", "Parent Relationship": "Outer", "Index Name": "orders_pkey", "Startup Cost": 0.0, "Total Cost": 0.6, "Plan Rows": 1, "Plan Width": 0, "Index Cond": "(o_orderkey = l2.l_orderkey)"}]}]}]}]}]}, "Unique SQL Id": 3870093320}, "explain_analyze_plan": null}, "(16, 8)": {"explain_plan": {"Plan": {"Node Type": "Limit", "Startup Cost": 235032.82, "Total Cost": 235033.07, "Plan Rows": 100, "Plan Width": 34, "Plans": [{"Node Type": "Sort", "Parent Relationship": "Outer", "Startup Cost": 235032.82, "Total Cost": 235055.75, "Plan Rows": 100, "Plan Width": 34, "Sort Key": ["(count(*)) DESC", "supplier.s_name"], "Plans": [{"Node Type": "Aggregate", "Strategy": "Hashed", "Parent Relationship": "Outer", "Startup Cost": 234590.55, "Total Cost": 234682.27, "Plan Rows": 9172, "Plan Width": 34, "Group By Key": ["supplier.s_name"], "Plans": [{"Node Type": "Nested Loop", "Parent Relationship": "Outer", "Join Type": "Inner", "Startup Cost": 20006.2, "Total Cost": 234544.69, "Plan Rows": 9172, "Plan Width": 26, "Inner Unique": true, "Join Filter": "(l1.l_orderkey = orders.o_orderkey)", "Plans": [{"Node Type": "Nested Loop", "Parent Relationship": "Outer", "Join Type": "Semi", "Startup Cost": 20006.2, "Total Cost": 227444.32, "Plan Rows": 7254, "Plan Width": 42, "Inner Unique": false, "Plans": [{"Node Type": "Nested Loop", "Parent Relationship": "Outer", "Join Type": "Anti", "Startup Cost": 20006.2, "Total Cost": 225588.75, "Plan Rows": 7635, "Plan Width": 42, "Inner Unique": false, "Plans": [{"Node Type": "Streaming(type: LOCAL GATHER dop: 1/16)", "Parent Relationship": "Outer", "Startup Cost": 20006.2, "Total Cost": 178401.54, "Plan Rows": 152707, "Plan Width": 42, "Plans": [{"Node Type": "Hash Join", "Parent Relationship": "Outer", "Join Type": "Inner", "Startup Cost": 20006.2, "Total Cost": 175105.81, "Plan Rows": 152707, "Plan Width": 42, "Inner Unique": false, "Hash Cond": "(l1.l_suppkey = supplier.s_suppkey), (LLVM Optimized)", "Plans": [{"Node Type": "Seq Scan", "Parent Relationship": "Outer", "Relation Name": "lineitem", "Alias": "l1", "Startup Cost": 0.0, "Total Cost": 150317.68, "Plan Rows": 19995678, "Plan Width": 16, "Filter": "(l_receiptdate > l_commitdate), (LLVM Optimized)"}, {"Node Type": "Hash", "Parent Relationship": "Inner", "Startup Cost": 19956.2, "Total Cost": 19956.2, "Plan Rows": 64000, "Plan Width": 34, "Plans": [{"Node Type": "Streaming(type: BROADCAST dop: 16/1)", "Parent Relationship": "Outer", "Startup Cost": 1.32, "Total Cost": 19956.2, "Plan Rows": 64000, "Plan Width": 34, "Plans": [{"Node Type": "Hash Join", "Parent Relationship": "Outer", "Join Type": "Inner", "Startup Cost": 1.32, "Total Cost": 3574.95, "Plan Rows": 4000, "Plan Width": 34, "Inner Unique": true, "Hash Cond": "(supplier.s_nationkey = nation.n_nationkey)", "Plans": [{"Node Type": "Seq Scan", "Parent Relationship": "Outer", "Relation Name": "supplier", "Alias": "supplier", "Startup Cost": 0.0, "Total Cost": 3283.0, "Plan Rows": 100000, "Plan Width": 38}, {"Node Type": "Hash", "Parent Relationship": "Inner", "Startup Cost": 1.31, "Total Cost": 1.31, "Plan Rows": 1, "Plan Width": 4, "Plans": [{"Node Type": "Seq Scan", "Parent Relationship": "Outer", "Relation Name": "nation", "Alias": "nation", "Startup Cost": 0.0, "Total Cost": 1.31, "Plan Rows": 1, "Plan Width": 4, "Filter": "(n_name = 'EGYPT'::bpchar)"}]}]}]}]}]}]}, {"Node Type": "Index Scan", "Parent Relationship": "Inner", "Scan Direction": "Forward", "Index Name": "idx_lineitem_orderkey", "Relation Name": "lineitem", "Alias": "l3", "Startup Cost": 0.0, "Total Cost": 1.63, "Plan Rows": 3, "Plan Width": 16, "Index Cond": "(l_orderkey = l1.l_orderkey)", "Filter": "((l_receiptdate > l_commitdate) AND (l_suppkey <> l1.l_suppkey))"}]}, {"Node Type": "Index Scan", "Parent Relationship": "Inner", "Scan Direction": "Forward", "Index Name": "idx_lineitem_orderkey", "Relation Name": "lineitem", "Alias": "l2", "Startup Cost": 0.0, "Total Cost": 1.63, "Plan Rows": 9, "Plan Width": 16, "Index Cond": "(l_orderkey = l1.l_orderkey)", "Filter": "(l_suppkey <> l1.l_suppkey)"}]}, {"Node Type": "Index Scan", "Parent Relationship": "Inner", "Scan Direction": "Forward", "Index Name": "orders_pkey", "Relation Name": "orders", "Alias": "orders", "Startup Cost": 0.0, "Total Cost": 0.97, "Plan Rows": 1, "Plan Width": 8, "Index Cond": "(o_orderkey = l2.l_orderkey)", "Filter": "(o_orderstatus = 'F'::bpchar)"}]}]}]}]}, "Unique SQL Id": 3870093320}, "explain_analyze_plan": {"Plan": {"Node Type": "Limit", "Startup Cost": 235032.82, "Total Cost": 235033.07, "Plan Rows": 100, "Plan Width": 34, "Actual Min Startup Time": 12530.294, "Actual Max Startup Time": 12530.294, "Actual Min Total Time": 12530.313, "Actual Max Total Time": 12530.313, "Actual Total Rows": 100, "Plans": [{"Node Type": "Sort", "Parent Relationship": "Outer", "Startup Cost": 235032.82, "Total Cost": 235055.75, "Plan Rows": 100, "Plan Width": 34, "Actual Min Startup Time": 12530.291, "Actual Max Startup Time": 12530.291, "Actual Min Total Time": 12530.299, "Actual Max Total Time": 12530.299, "Actual Total Rows": 100, "Sort Key": ["(count(*)) DESC", "supplier.s_name"], "Sort Method": "top-N heapsort", "Sort Space Min Used": 41, "Sort Space Max Used": 41, "Sort Space Type": "Memory", "Plans": [{"Node Type": "Aggregate", "Strategy": "Hashed", "Parent Relationship": "Outer", "Startup Cost": 234590.55, "Total Cost": 234682.27, "Plan Rows": 9172, "Plan Width": 34, "Actual Min Startup Time": 12526.982, "Actual Max Startup Time": 12526.982, "Actual Min Total Time": 12528.236, "Actual Max Total Time": 12528.236, "Actual Total Rows": 3981, "Group By Key": ["supplier.s_name"], "Plans": [{"Node Type": "Nested Loop", "Parent Relationship": "Outer", "Join Type": "Inner", "Startup Cost": 20006.2, "Total Cost": 234544.69, "Plan Rows": 9172, "Plan Width": 26, "Actual Min Startup Time": 136.969, "Actual Max Startup Time": 136.969, "Actual Min Total Time": 12474.882, "Actual Max Total Time": 12474.882, "Actual Total Rows": 39445, "Inner Unique": true, "Join Filter": "(l1.l_orderkey = orders.o_orderkey)", "Rows Removed by Join Filter": 0, "Plans": [{"Node Type": "Nested Loop", "Parent Relationship": "Outer", "Join Type": "Semi", "Startup Cost": 20006.2, "Total Cost": 227444.32, "Plan Rows": 7254, "Plan Width": 42, "Actual Min Startup Time": 136.943, "Actual Max Startup Time": 136.943, "Actual Min Total Time": 11885.225, "Actual Max Total Time": 11885.225, "Actual Total Rows": 80537, "Inner Unique": false, "Plans": [{"Node Type": "Nested Loop", "Parent Relationship": "Outer", "Join Type": "Anti", "Startup Cost": 20006.2, "Total Cost": 225588.75, "Plan Rows": 7635, "Plan Width": 42, "Actual Min Startup Time": 136.931, "Actual Max Startup Time": 136.931, "Actual Min Total Time": 11294.761, "Actual Max Total Time": 11294.761, "Actual Total Rows": 135110, "Inner Unique": false, "Plans": [{"Node Type": "Streaming(type: LOCAL GATHER dop: 1/16)", "Parent Relationship": "Outer", "Startup Cost": 20006.2, "Total Cost": 178401.54, "Plan Rows": 152707, "Plan Width": 42, "Actual Min Startup Time": 136.761, "Actual Max Startup Time": 136.761, "Actual Min Total Time": 860.562, "Actual Max Total Time": 860.562, "Actual Total Rows": 1511024, "Plans": [{"Node Type": "Hash Join", "Parent Relationship": "Outer", "Join Type": "Inner", "Startup Cost": 20006.2, "Total Cost": 175105.81, "Plan Rows": 152707, "Plan Width": 42, "Actual Min Startup Time": 80.661, "Actual Max Startup Time": 92.066, "Actual Min Total Time": 2173.837, "Actual Max Total Time": 2246.976, "Actual Total Rows": 1511024, "Inner Unique": false, "Hash Cond": "(l1.l_suppkey = supplier.s_suppkey), (LLVM Optimized, Jit Execute)", "Plans": [{"Node Type": "Seq Scan", "Parent Relationship": "Outer", "Relation Name": "lineitem", "Alias": "l1", "Startup Cost": 0.0, "Total Cost": 150317.68, "Plan Rows": 19995678, "Plan Width": 16, "Actual Min Startup Time": 0.026, "Actual Max Startup Time": 0.042, "Actual Min Total Time": 1600.127, "Actual Max Total Time": 1653.437, "Actual Total Rows": 37929348, "Filter": "(l_receiptdate > l_commitdate), (LLVM Optimized, Jit Execute)", "Rows Removed by Filter": 22056704}, {"Node Type": "Hash", "Parent Relationship": "Inner", "Startup Cost": 19956.2, "Total Cost": 19956.2, "Plan Rows": 64000, "Plan Width": 34, "Actual Min Startup Time": 80.532, "Actual Max Startup Time": 91.922, "Actual Min Total Time": 80.532, "Actual Max Total Time": 91.922, "Actual Total Rows": 63696, "Max Hash Buckets": 32768, "Min Hash Buckets": 32768, "Max Hash Batches": 1, "Min Hash Batches": 1, "Max Original Hash Batches": 1, "Min Original Hash Batches": 1, "Max Peak Memory Usage": 280, "min Peak Memory Usage": 280, "Plans": [{"Node Type": "Streaming(type: BROADCAST dop: 16/1)", "Parent Relationship": "Outer", "Startup Cost": 1.32, "Total Cost": 19956.2, "Plan Rows": 64000, "Plan Width": 34, "Actual Min Startup Time": 0.024, "Actual Max Startup Time": 0.063, "Actual Min Total Time": 79.469, "Actual Max Total Time": 90.784, "Actual Total Rows": 63696, "Plans": [{"Node Type": "Hash Join", "Parent Relationship": "Outer", "Join Type": "Inner", "Startup Cost": 1.32, "Total Cost": 3574.95, "Plan Rows": 4000, "Plan Width": 34, "Actual Min Startup Time": 0.155, "Actual Max Startup Time": 0.155, "Actual Min Total Time": 48.476, "Actual Max Total Time": 48.476, "Actual Total Rows": 3981, "Inner Unique": true, "Hash Cond": "(supplier.s_nationkey = nation.n_nationkey)", "Plans": [{"Node Type": "Seq Scan", "Parent Relationship": "Outer", "Relation Name": "supplier", "Alias": "supplier", "Startup Cost": 0.0, "Total Cost": 3283.0, "Plan Rows": 100000, "Plan Width": 38, "Actual Min Startup Time": 0.028, "Actual Max Startup Time": 0.028, "Actual Min Total Time": 28.676, "Actual Max Total Time": 28.676, "Actual Total Rows": 100000}, {"Node Type": "Hash", "Parent Relationship": "Inner", "Startup Cost": 1.31, "Total Cost": 1.31, "Plan Rows": 1, "Plan Width": 4, "Actual Min Startup Time": 0.056, "Actual Max Startup Time": 0.056, "Actual Min Total Time": 0.056, "Actual Max Total Time": 0.056, "Actual Total Rows": 1, "Max Hash Buckets": 32768, "Min Hash Buckets": 32768, "Max Hash Batches": 1, "Min Hash Batches": 1, "Max Original Hash Batches": 1, "Min Original Hash Batches": 1, "Max Peak Memory Usage": 1, "min Peak Memory Usage": 1, "Plans": [{"Node Type": "Seq Scan", "Parent Relationship": "Outer", "Relation Name": "nation", "Alias": "nation", "Startup Cost": 0.0, "Total Cost": 1.31, "Plan Rows": 1, "Plan Width": 4, "Actual Min Startup Time": 0.034, "Actual Max Startup Time": 0.034, "Actual Min Total Time": 0.041, "Actual Max Total Time": 0.041, "Actual Total Rows": 1, "Filter": "(n_name = 'EGYPT'::bpchar)", "Rows Removed by Filter": 24}]}]}]}]}]}]}, {"Node Type": "Index Scan", "Parent Relationship": "Inner", "Scan Direction": "Forward", "Index Name": "idx_lineitem_orderkey", "Relation Name": "lineitem", "Alias": "l3", "Startup Cost": 0.0, "Total Cost": 1.63, "Plan Rows": 3, "Plan Width": 16, "Actual Min Startup Time": 9409.766, "Actual Max Startup Time": 9409.766, "Actual Min Total Time": 9409.766, "Actual Max Total Time": 9409.766, "Actual Total Rows": 1375914, "Index Cond": "(l_orderkey = l1.l_orderkey)", "Rows Removed by Index Recheck": 0, "Filter": "((l_receiptdate > l_commitdate) AND (l_suppkey <> l1.l_suppkey))", "Rows Removed by Filter": 1348115}]}, {"Node Type": "Index Scan", "Parent Relationship": "Inner", "Scan Direction": "Forward", "Index Name": "idx_lineitem_orderkey", "Relation Name": "lineitem", "Alias": "l2", "Startup Cost": 0.0, "Total Cost": 1.63, "Plan Rows": 9, "Plan Width": 16, "Actual Min Startup Time": 495.485, "Actual Max Startup Time": 495.485, "Actual Min Total Time": 495.485, "Actual Max Total Time": 495.485, "Actual Total Rows": 80537, "Index Cond": "(l_orderkey = l1.l_orderkey)", "Rows Removed by Index Recheck": 0, "Filter": "(l_suppkey <> l1.l_suppkey)", "Rows Removed by Filter": 85912}]}, {"Node Type": "Index Scan", "Parent Relationship": "Inner", "Scan Direction": "Forward", "Index Name": "orders_pkey", "Relation Name": "orders", "Alias": "orders", "Startup Cost": 0.0, "Total Cost": 0.97, "Plan Rows": 1, "Plan Width": 8, "Actual Min Startup Time": 525.838, "Actual Max Startup Time": 525.838, "Actual Min Total Time": 525.838, "Actual Max Total Time": 525.838, "Actual Total Rows": 39445, "Index Cond": "(o_orderkey = l2.l_orderkey)", "Rows Removed by Index Recheck": 0, "Filter": "(o_orderstatus = 'F'::bpchar)", "Rows Removed by Filter": 41092}]}]}]}]}, "Triggers": [], "Planner Runtime": 13.269, "Total Runtime": 12542.759, "Unique SQL Id": 3870093320}}, "(16, 9)": {"explain_plan": {"Plan": {"Node Type": "Limit", "Startup Cost": 2788927.51, "Total Cost": 2788927.76, "Plan Rows": 100, "Plan Width": 34, "Plans": [{"Node Type": "Sort", "Parent Relationship": "Outer", "Startup Cost": 2788927.51, "Total Cost": 2788950.44, "Plan Rows": 100, "Plan Width": 34, "Sort Key": ["(count(*)) DESC", "supplier.s_name"], "Plans": [{"Node Type": "Aggregate", "Strategy": "Hashed", "Parent Relationship": "Outer", "Startup Cost": 2788485.24, "Total Cost": 2788576.96, "Plan Rows": 9172, "Plan Width": 34, "Group By Key": ["supplier.s_name"], "Plans": [{"Node Type": "Nested Loop", "Parent Relationship": "Outer", "Join Type": "Inner", "Startup Cost": 22070.29, "Total Cost": 2788439.38, "Plan Rows": 9172, "Plan Width": 26, "Inner Unique": true, "Join Filter": "(l1.l_orderkey = orders.o_orderkey)", "Plans": [{"Node Type": "Nested Loop", "Parent Relationship": "Outer", "Join Type": "Semi", "Startup Cost": 22070.29, "Total Cost": 2781339.01, "Plan Rows": 7254, "Plan Width": 42, "Inner Unique": false, "Plans": [{"Node Type": "Nested Loop", "Parent Relationship": "Outer", "Join Type": "Anti", "Startup Cost": 22070.29, "Total Cost": 2779483.45, "Plan Rows": 7635, "Plan Width": 42, "Inner Unique": false, "Plans": [{"Node Type": "Streaming(type: LOCAL GATHER dop: 1/16)", "Parent Relationship": "Outer", "Startup Cost": 22070.29, "Total Cost": 2732296.23, "Plan Rows": 152707, "Plan Width": 42, "Plans": [{"Node Type": "Hash Join", "Parent Relationship": "Outer", "Join Type": "Inner", "Startup Cost": 22070.29, "Total Cost": 2729000.5, "Plan Rows": 152707, "Plan Width": 42, "Inner Unique": false, "Hash Cond": "(l1.l_suppkey = supplier.s_suppkey), (LLVM Optimized)", "Plans": [{"Node Type": "Index Scan", "Parent Relationship": "Outer", "Scan Direction": "Forward", "Index Name": "idx_lineitem_orderkey", "Relation Name": "lineitem", "Alias": "l1", "Startup Cost": 0.0, "Total Cost": 2702148.28, "Plan Rows": 19995678, "Plan Width": 16, "Filter": "(l_receiptdate > l_commitdate), (LLVM Optimized)"}, {"Node Type": "Hash", "Parent Relationship": "Inner", "Startup Cost": 22020.29, "Total Cost": 22020.29, "Plan Rows": 64000, "Plan Width": 34, "Plans": [{"Node Type": "Streaming(type: BROADCAST dop: 16/1)", "Parent Relationship": "Outer", "Startup Cost": 12.7, "Total Cost": 22020.29, "Plan Rows": 64000, "Plan Width": 34, "Plans": [{"Node Type": "Hash Join", "Parent Relationship": "Outer", "Join Type": "Inner", "Startup Cost": 12.7, "Total Cost": 5639.04, "Plan Rows": 4000, "Plan Width": 34, "Inner Unique": true, "Hash Cond": "(supplier.s_nationkey = nation.n_nationkey)", "Plans": [{"Node Type": "Index Scan", "Parent Relationship": "Outer", "Scan Direction": "Forward", "Index Name": "supplier_pkey", "Relation Name": "supplier", "Alias": "supplier", "Startup Cost": 0.0, "Total Cost": 5335.71, "Plan Rows": 100000, "Plan Width": 38}, {"Node Type": "Hash", "Parent Relationship": "Inner", "Startup Cost": 12.69, "Total Cost": 12.69, "Plan Rows": 1, "Plan Width": 4, "Plans": [{"Node Type": "Index Scan", "Parent Relationship": "Outer", "Scan Direction": "Forward", "Index Name": "nation_pkey", "Relation Name": "nation", "Alias": "nation", "Startup Cost": 0.0, "Total Cost": 12.69, "Plan Rows": 1, "Plan Width": 4, "Filter": "(n_name = 'EGYPT'::bpchar)"}]}]}]}]}]}]}, {"Node Type": "Index Scan", "Parent Relationship": "Inner", "Scan Direction": "Forward", "Index Name": "idx_lineitem_orderkey", "Relation Name": "lineitem", "Alias": "l3", "Startup Cost": 0.0, "Total Cost": 1.63, "Plan Rows": 3, "Plan Width": 16, "Index Cond": "(l_orderkey = l1.l_orderkey)", "Filter": "((l_receiptdate > l_commitdate) AND (l_suppkey <> l1.l_suppkey))"}]}, {"Node Type": "Index Scan", "Parent Relationship": "Inner", "Scan Direction": "Forward", "Index Name": "idx_lineitem_orderkey", "Relation Name": "lineitem", "Alias": "l2", "Startup Cost": 0.0, "Total Cost": 1.63, "Plan Rows": 9, "Plan Width": 16, "Index Cond": "(l_orderkey = l1.l_orderkey)", "Filter": "(l_suppkey <> l1.l_suppkey)"}]}, {"Node Type": "Index Scan", "Parent Relationship": "Inner", "Scan Direction": "Forward", "Index Name": "orders_pkey", "Relation Name": "orders", "Alias": "orders", "Startup Cost": 0.0, "Total Cost": 0.97, "Plan Rows": 1, "Plan Width": 8, "Index Cond": "(o_orderkey = l2.l_orderkey)", "Filter": "(o_orderstatus = 'F'::bpchar)"}]}]}]}]}, "Unique SQL Id": 3870093320}, "explain_analyze_plan": {"Plan": {"Node Type": "Limit", "Startup Cost": 2788927.51, "Total Cost": 2788927.76, "Plan Rows": 100, "Plan Width": 34, "Actual Min Startup Time": 12922.857, "Actual Max Startup Time": 12922.857, "Actual Min Total Time": 12922.875, "Actual Max Total Time": 12922.875, "Actual Total Rows": 100, "Plans": [{"Node Type": "Sort", "Parent Relationship": "Outer", "Startup Cost": 2788927.51, "Total Cost": 2788950.44, "Plan Rows": 100, "Plan Width": 34, "Actual Min Startup Time": 12922.854, "Actual Max Startup Time": 12922.854, "Actual Min Total Time": 12922.86, "Actual Max Total Time": 12922.86, "Actual Total Rows": 100, "Sort Key": ["(count(*)) DESC", "supplier.s_name"], "Sort Method": "top-N heapsort", "Sort Space Min Used": 41, "Sort Space Max Used": 41, "Sort Space Type": "Memory", "Plans": [{"Node Type": "Aggregate", "Strategy": "Hashed", "Parent Relationship": "Outer", "Startup Cost": 2788485.24, "Total Cost": 2788576.96, "Plan Rows": 9172, "Plan Width": 34, "Actual Min Startup Time": 12919.417, "Actual Max Startup Time": 12919.417, "Actual Min Total Time": 12920.679, "Actual Max Total Time": 12920.679, "Actual Total Rows": 3981, "Group By Key": ["supplier.s_name"], "Plans": [{"Node Type": "Nested Loop", "Parent Relationship": "Outer", "Join Type": "Inner", "Startup Cost": 22070.29, "Total Cost": 2788439.38, "Plan Rows": 9172, "Plan Width": 26, "Actual Min Startup Time": 666.487, "Actual Max Startup Time": 666.487, "Actual Min Total Time": 12872.21, "Actual Max Total Time": 12872.21, "Actual Total Rows": 39445, "Inner Unique": true, "Join Filter": "(l1.l_orderkey = orders.o_orderkey)", "Rows Removed by Join Filter": 0, "Plans": [{"Node Type": "Nested Loop", "Parent Relationship": "Outer", "Join Type": "Semi", "Startup Cost": 22070.29, "Total Cost": 2781339.01, "Plan Rows": 7254, "Plan Width": 42, "Actual Min Startup Time": 666.46, "Actual Max Startup Time": 666.46, "Actual Min Total Time": 12299.192, "Actual Max Total Time": 12299.192, "Actual Total Rows": 80537, "Inner Unique": false, "Plans": [{"Node Type": "Nested Loop", "Parent Relationship": "Outer", "Join Type": "Anti", "Startup Cost": 22070.29, "Total Cost": 2779483.45, "Plan Rows": 7635, "Plan Width": 42, "Actual Min Startup Time": 666.386, "Actual Max Startup Time": 666.386, "Actual Min Total Time": 11708.158, "Actual Max Total Time": 11708.158, "Actual Total Rows": 135110, "Inner Unique": false, "Plans": [{"Node Type": "Streaming(type: LOCAL GATHER dop: 1/16)", "Parent Relationship": "Outer", "Startup Cost": 22070.29, "Total Cost": 2732296.23, "Plan Rows": 152707, "Plan Width": 42, "Actual Min Startup Time": 666.221, "Actual Max Startup Time": 666.221, "Actual Min Total Time": 1331.623, "Actual Max Total Time": 1331.623, "Actual Total Rows": 1511024, "Plans": [{"Node Type": "Hash Join", "Parent Relationship": "Outer", "Join Type": "Inner", "Startup Cost": 22070.29, "Total Cost": 2729000.5, "Plan Rows": 152707, "Plan Width": 42, "Actual Min Startup Time": 619.322, "Actual Max Startup Time": 626.753, "Actual Min Total Time": 3761.45, "Actual Max Total Time": 4319.253, "Actual Total Rows": 1511024, "Inner Unique": false, "Hash Cond": "(l1.l_suppkey = supplier.s_suppkey), (LLVM Optimized, Jit Execute)", "Plans": [{"Node Type": "Index Scan", "Parent Relationship": "Outer", "Scan Direction": "Forward", "Index Name": "idx_lineitem_orderkey", "Relation Name": "lineitem", "Alias": "l1", "Startup Cost": 0.0, "Total Cost": 2702148.28, "Plan Rows": 19995678, "Plan Width": 16, "Actual Min Startup Time": 513.995, "Actual Max Startup Time": 514.08, "Actual Min Total Time": 3148.309, "Actual Max Total Time": 3722.33, "Actual Total Rows": 37929348, "Filter": "(l_receiptdate > l_commitdate), (LLVM Optimized, Jit Execute)", "Rows Removed by Filter": 22056704}, {"Node Type": "Hash", "Parent Relationship": "Inner", "Startup Cost": 22020.29, "Total Cost": 22020.29, "Plan Rows": 64000, "Plan Width": 34, "Actual Min Startup Time": 105.209, "Actual Max Startup Time": 112.612, "Actual Min Total Time": 105.209, "Actual Max Total Time": 112.612, "Actual Total Rows": 63696, "Max Hash Buckets": 32768, "Min Hash Buckets": 32768, "Max Hash Batches": 1, "Min Hash Batches": 1, "Max Original Hash Batches": 1, "Min Original Hash Batches": 1, "Max Peak Memory Usage": 280, "min Peak Memory Usage": 280, "Plans": [{"Node Type": "Streaming(type: BROADCAST dop: 16/1)", "Parent Relationship": "Outer", "Startup Cost": 12.7, "Total Cost": 22020.29, "Plan Rows": 64000, "Plan Width": 34, "Actual Min Startup Time": 0.024, "Actual Max Startup Time": 0.035, "Actual Min Total Time": 104.15, "Actual Max Total Time": 111.392, "Actual Total Rows": 63696, "Plans": [{"Node Type": "Hash Join", "Parent Relationship": "Outer", "Join Type": "Inner", "Startup Cost": 12.7, "Total Cost": 5639.04, "Plan Rows": 4000, "Plan Width": 34, "Actual Min Startup Time": 0.213, "Actual Max Startup Time": 0.213, "Actual Min Total Time": 77.672, "Actual Max Total Time": 77.672, "Actual Total Rows": 3981, "Inner Unique": true, "Hash Cond": "(supplier.s_nationkey = nation.n_nationkey)", "Plans": [{"Node Type": "Index Scan", "Parent Relationship": "Outer", "Scan Direction": "Forward", "Index Name": "supplier_pkey", "Relation Name": "supplier", "Alias": "supplier", "Startup Cost": 0.0, "Total Cost": 5335.71, "Plan Rows": 100000, "Plan Width": 38, "Actual Min Startup Time": 0.048, "Actual Max Startup Time": 0.048, "Actual Min Total Time": 57.848, "Actual Max Total Time": 57.848, "Actual Total Rows": 100000}, {"Node Type": "Hash", "Parent Relationship": "Inner", "Startup Cost": 12.69, "Total Cost": 12.69, "Plan Rows": 1, "Plan Width": 4, "Actual Min Startup Time": 0.066, "Actual Max Startup Time": 0.066, "Actual Min Total Time": 0.066, "Actual Max Total Time": 0.066, "Actual Total Rows": 1, "Max Hash Buckets": 32768, "Min Hash Buckets": 32768, "Max Hash Batches": 1, "Min Hash Batches": 1, "Max Original Hash Batches": 1, "Min Original Hash Batches": 1, "Max Peak Memory Usage": 1, "min Peak Memory Usage": 1, "Plans": [{"Node Type": "Index Scan", "Parent Relationship": "Outer", "Scan Direction": "Forward", "Index Name": "nation_pkey", "Relation Name": "nation", "Alias": "nation", "Startup Cost": 0.0, "Total Cost": 12.69, "Plan Rows": 1, "Plan Width": 4, "Actual Min Startup Time": 0.038, "Actual Max Startup Time": 0.038, "Actual Min Total Time": 0.054, "Actual Max Total Time": 0.054, "Actual Total Rows": 1, "Filter": "(n_name = 'EGYPT'::bpchar)", "Rows Removed by Filter": 24}]}]}]}]}]}]}, {"Node Type": "Index Scan", "Parent Relationship": "Inner", "Scan Direction": "Forward", "Index Name": "idx_lineitem_orderkey", "Relation Name": "lineitem", "Alias": "l3", "Startup Cost": 0.0, "Total Cost": 1.63, "Plan Rows": 3, "Plan Width": 16, "Actual Min Startup Time": 9355.858, "Actual Max Startup Time": 9355.858, "Actual Min Total Time": 9355.858, "Actual Max Total Time": 9355.858, "Actual Total Rows": 1375914, "Index Cond": "(l_orderkey = l1.l_orderkey)", "Rows Removed by Index Recheck": 0, "Filter": "((l_receiptdate > l_commitdate) AND (l_suppkey <> l1.l_suppkey))", "Rows Removed by Filter": 1348115}]}, {"Node Type": "Index Scan", "Parent Relationship": "Inner", "Scan Direction": "Forward", "Index Name": "idx_lineitem_orderkey", "Relation Name": "lineitem", "Alias": "l2", "Startup Cost": 0.0, "Total Cost": 1.63, "Plan Rows": 9, "Plan Width": 16, "Actual Min Startup Time": 496.109, "Actual Max Startup Time": 496.109, "Actual Min Total Time": 496.109, "Actual Max Total Time": 496.109, "Actual Total Rows": 80537, "Index Cond": "(l_orderkey = l1.l_orderkey)", "Rows Removed by Index Recheck": 0, "Filter": "(l_suppkey <> l1.l_suppkey)", "Rows Removed by Filter": 85912}]}, {"Node Type": "Index Scan", "Parent Relationship": "Inner", "Scan Direction": "Forward", "Index Name": "orders_pkey", "Relation Name": "orders", "Alias": "orders", "Startup Cost": 0.0, "Total Cost": 0.97, "Plan Rows": 1, "Plan Width": 8, "Actual Min Startup Time": 510.002, "Actual Max Startup Time": 510.002, "Actual Min Total Time": 510.002, "Actual Max Total Time": 510.002, "Actual Total Rows": 39445, "Index Cond": "(o_orderkey = l2.l_orderkey)", "Rows Removed by Index Recheck": 0, "Filter": "(o_orderstatus = 'F'::bpchar)", "Rows Removed by Filter": 41092}]}]}]}]}, "Triggers": [], "Planner Runtime": 12.553, "Total Runtime": 12935.306, "Unique SQL Id": 3870093320}}, "(16, 10)": {"explain_plan": {"Plan": {"Node Type": "Limit", "Startup Cost": 747988.54, "Total Cost": 747988.79, "Plan Rows": 100, "Plan Width": 34, "Plans": [{"Node Type": "Sort", "Parent Relationship": "Outer", "Startup Cost": 747988.54, "Total Cost": 747988.79, "Plan Rows": 100, "Plan Width": 34, "Sort Key": ["(count(*)) DESC", "supplier.s_name"], "Plans": [{"Node Type": "Streaming(type: LOCAL GATHER dop: 1/16)", "Parent Relationship": "Outer", "Startup Cost": 747984.4, "Total Cost": 747985.22, "Plan Rows": 100, "Plan Width": 34, "Plans": [{"Node Type": "Limit", "Parent Relationship": "Outer", "Startup Cost": 747984.4, "Total Cost": 747984.65, "Plan Rows": 100, "Plan Width": 34, "Plans": [{"Node Type": "Sort", "Parent Relationship": "Outer", "Startup Cost": 747984.4, "Total Cost": 748007.33, "Plan Rows": 100, "Plan Width": 34, "Sort Key": ["(count(*)) DESC", "supplier.s_name"], "Plans": [{"Node Type": "Aggregate", "Strategy": "Hashed", "Parent Relationship": "Outer", "Startup Cost": 747628.12, "Total Cost": 747633.85, "Plan Rows": 9172, "Plan Width": 34, "Group By Key": ["supplier.s_name"], "Plans": [{"Node Type": "Streaming(type: LOCAL REDISTRIBUTE dop: 16/16)", "Parent Relationship": "Outer", "Startup Cost": 308588.13, "Total Cost": 747625.25, "Plan Rows": 9172, "Plan Width": 26, "Plans": [{"Node Type": "Hash Join", "Parent Relationship": "Outer", "Join Type": "Anti", "Startup Cost": 308588.13, "Total Cost": 747325.37, "Plan Rows": 9172, "Plan Width": 26, "Inner Unique": false, "Hash Cond": "(l1.l_orderkey = l3.l_orderkey)", "Join Filter": "(l3.l_suppkey <> l1.l_suppkey)", "Plans": [{"Node Type": "Streaming(type: LOCAL REDISTRIBUTE dop: 16/16)", "Parent Relationship": "Outer", "Startup Cost": 207535.81, "Total Cost": 645828.7, "Plan Rows": 183444, "Plan Width": 42, "Plans": [{"Node Type": "Hash Join", "Parent Relationship": "Outer", "Join Type": "Inner", "Startup Cost": 207535.81, "Total Cost": 630133.61, "Plan Rows": 183444, "Plan Width": 42, "Inner Unique": true, "Hash Cond": "(l1.l_orderkey = orders.o_orderkey), (LLVM Optimized)", "Plans": [{"Node Type": "Streaming(type: BROADCAST dop: 16/16)", "Parent Relationship": "Outer", "Startup Cost": 190803.73, "Total Cost": 612742.87, "Plan Rows": 2321152, "Plan Width": 50, "Plans": [{"Node Type": "Hash Join", "Parent Relationship": "Outer", "Join Type": "Right Semi", "Startup Cost": 190803.73, "Total Cost": 591849.32, "Plan Rows": 145072, "Plan Width": 50, "Inner Unique": false, "Hash Cond": "(l2.l_orderkey = l1.l_orderkey), (LLVM Optimized)", "Join Filter": "(l2.l_suppkey <> l1.l_suppkey), (LLVM Optimized)", "Plans": [{"Node Type": "Streaming(type: LOCAL REDISTRIBUTE dop: 16/16)", "Parent Relationship": "Outer", "Startup Cost": 0.0, "Total Cost": 383239.33, "Plan Rows": 59987033, "Plan Width": 16, "Plans": [{"Node Type": "Seq Scan", "Parent Relationship": "Outer", "Relation Name": "lineitem", "Alias": "l2", "Startup Cost": 0.0, "Total Cost": 140944.71, "Plan Rows": 59987033, "Plan Width": 16}]}, {"Node Type": "Hash", "Parent Relationship": "Inner", "Startup Cost": 190684.43, "Total Cost": 190684.43, "Plan Rows": 152707, "Plan Width": 42, "Plans": [{"Node Type": "Streaming(type: LOCAL REDISTRIBUTE dop: 16/16)", "Parent Relationship": "Outer", "Startup Cost": 20006.2, "Total Cost": 190684.43, "Plan Rows": 152707, "Plan Width": 42, "Plans": [{"Node Type": "Hash Join", "Parent Relationship": "Outer", "Join Type": "Inner", "Startup Cost": 20006.2, "Total Cost": 175105.81, "Plan Rows": 152707, "Plan Width": 42, "Inner Unique": false, "Hash Cond": "(l1.l_suppkey = supplier.s_suppkey), (LLVM Optimized)", "Plans": [{"Node Type": "Seq Scan", "Parent Relationship": "Outer", "Relation Name": "lineitem", "Alias": "l1", "Startup Cost": 0.0, "Total Cost": 150317.68, "Plan Rows": 19995678, "Plan Width": 16, "Filter": "(l_receiptdate > l_commitdate), (LLVM Optimized)"}, {"Node Type": "Hash", "Parent Relationship": "Inner", "Startup Cost": 19956.2, "Total Cost": 19956.2, "Plan Rows": 64000, "Plan Width": 34, "Plans": [{"Node Type": "Streaming(type: BROADCAST dop: 16/1)", "Parent Relationship": "Outer", "Startup Cost": 1.32, "Total Cost": 19956.2, "Plan Rows": 64000, "Plan Width": 34, "Plans": [{"Node Type": "Hash Join", "Parent Relationship": "Outer", "Join Type": "Inner", "Startup Cost": 1.32, "Total Cost": 3574.95, "Plan Rows": 4000, "Plan Width": 34, "Inner Unique": true, "Hash Cond": "(supplier.s_nationkey = nation.n_nationkey)", "Plans": [{"Node Type": "Seq Scan", "Parent Relationship": "Outer", "Relation Name": "supplier", "Alias": "supplier", "Startup Cost": 0.0, "Total Cost": 3283.0, "Plan Rows": 100000, "Plan Width": 38}, {"Node Type": "Hash", "Parent Relationship": "Inner", "Startup Cost": 1.31, "Total Cost": 1.31, "Plan Rows": 1, "Plan Width": 4, "Plans": [{"Node Type": "Seq Scan", "Parent Relationship": "Outer", "Relation Name": "nation", "Alias": "nation", "Startup Cost": 0.0, "Total Cost": 1.31, "Plan Rows": 1, "Plan Width": 4, "Filter": "(n_name = 'EGYPT'::bpchar)"}]}]}]}]}]}]}]}]}]}, {"Node Type": "Hash", "Parent Relationship": "Inner", "Startup Cost": 43994.53, "Total Cost": 43994.53, "Plan Rows": 7338812, "Plan Width": 8, "Plans": [{"Node Type": "Seq Scan", "Parent Relationship": "Outer", "Relation Name": "orders", "Alias": "orders", "Startup Cost": 0.0, "Total Cost": 43994.53, "Plan Rows": 7338812, "Plan Width": 8, "Filter": "(o_orderstatus = 'F'::bpchar), (LLVM Optimized)"}]}]}]}, {"Node Type": "Hash", "Parent Relationship": "Inner", "Startup Cost": 241082.56, "Total Cost": 241082.56, "Plan Rows": 19995678, "Plan Width": 16, "Plans": [{"Node Type": "Streaming(type: LOCAL REDISTRIBUTE dop: 16/16)", "Parent Relationship": "Outer", "Startup Cost": 0.0, "Total Cost": 241082.56, "Plan Rows": 19995678, "Plan Width": 16, "Plans": [{"Node Type": "Seq Scan", "Parent Relationship": "Outer", "Relation Name": "lineitem", "Alias": "l3", "Startup Cost": 0.0, "Total Cost": 150317.68, "Plan Rows": 19995678, "Plan Width": 16, "Filter": "(l_receiptdate > l_commitdate), (LLVM Optimized)"}]}]}]}]}]}]}]}]}]}]}, "Unique SQL Id": 3870093320}, "explain_analyze_plan": {"Plan": {"Node Type": "Limit", "Startup Cost": 747988.54, "Total Cost": 747988.79, "Plan Rows": 100, "Plan Width": 34, "Actual Min Startup Time": 16410.512, "Actual Max Startup Time": 16410.512, "Actual Min Total Time": 16410.529, "Actual Max Total Time": 16410.529, "Actual Total Rows": 100, "Plans": [{"Node Type": "Sort", "Parent Relationship": "Outer", "Startup Cost": 747988.54, "Total Cost": 747988.79, "Plan Rows": 100, "Plan Width": 34, "Actual Min Startup Time": 16410.509, "Actual Max Startup Time": 16410.509, "Actual Min Total Time": 16410.514, "Actual Max Total Time": 16410.514, "Actual Total Rows": 100, "Sort Key": ["(count(*)) DESC", "supplier.s_name"], "Sort Method": "top-N heapsort", "Sort Space Min Used": 39, "Sort Space Max Used": 39, "Sort Space Type": "Memory", "Plans": [{"Node Type": "Streaming(type: LOCAL GATHER dop: 1/16)", "Parent Relationship": "Outer", "Startup Cost": 747984.4, "Total Cost": 747985.22, "Plan Rows": 100, "Plan Width": 34, "Actual Min Startup Time": 16408.559, "Actual Max Startup Time": 16408.559, "Actual Min Total Time": 16409.348, "Actual Max Total Time": 16409.348, "Actual Total Rows": 1600, "Plans": [{"Node Type": "Limit", "Parent Relationship": "Outer", "Startup Cost": 747984.4, "Total Cost": 747984.65, "Plan Rows": 100, "Plan Width": 34, "Actual Min Startup Time": 16227.99, "Actual Max Startup Time": 16274.744, "Actual Min Total Time": 16228.007, "Actual Max Total Time": 16274.763, "Actual Total Rows": 1600, "Plans": [{"Node Type": "Sort", "Parent Relationship": "Outer", "Startup Cost": 747984.4, "Total Cost": 748007.33, "Plan Rows": 100, "Plan Width": 34, "Actual Min Startup Time": 16227.988, "Actual Max Startup Time": 16274.742, "Actual Min Total Time": 16227.993, "Actual Max Total Time": 16274.755, "Actual Total Rows": 1600, "Sort Key": ["(count(*)) DESC", "supplier.s_name"], "Sort Method": "top-N heapsort", "Sort Space Min Used": 40, "Sort Space Max Used": 40, "Sort Space Type": "Memory", "Plans": [{"Node Type": "Aggregate", "Strategy": "Hashed", "Parent Relationship": "Outer", "Startup Cost": 747628.12, "Total Cost": 747633.85, "Plan Rows": 9172, "Plan Width": 34, "Actual Min Startup Time": 16227.545, "Actual Max Startup Time": 16274.259, "Actual Min Total Time": 16227.597, "Actual Max Total Time": 16274.321, "Actual Total Rows": 3981, "Group By Key": ["supplier.s_name"], "Plans": [{"Node Type": "Streaming(type: LOCAL REDISTRIBUTE dop: 16/16)", "Parent Relationship": "Outer", "Startup Cost": 308588.13, "Total Cost": 747625.25, "Plan Rows": 9172, "Plan Width": 26, "Actual Min Startup Time": 10228.571, "Actual Max Startup Time": 11360.079, "Actual Min Total Time": 16225.834, "Actual Max Total Time": 16272.714, "Actual Total Rows": 39445, "Plans": [{"Node Type": "Hash Join", "Parent Relationship": "Outer", "Join Type": "Anti", "Startup Cost": 308588.13, "Total Cost": 747325.37, "Plan Rows": 9172, "Plan Width": 26, "Actual Min Startup Time": 6983.332, "Actual Max Startup Time": 7054.674, "Actual Min Total Time": 16196.812, "Actual Max Total Time": 16259.256, "Actual Total Rows": 39445, "Inner Unique": false, "Hash Cond": "(l1.l_orderkey = l3.l_orderkey)", "Join Filter": "(l3.l_suppkey <> l1.l_suppkey)", "Rows Removed by Join Filter": 238782, "Plans": [{"Node Type": "Streaming(type: LOCAL REDISTRIBUTE dop: 16/16)", "Parent Relationship": "Outer", "Startup Cost": 207535.81, "Total Cost": 645828.7, "Plan Rows": 183444, "Plan Width": 42, "Actual Min Startup Time": 0.135, "Actual Max Startup Time": 43.029, "Actual Min Total Time": 9168.228, "Actual Max Total Time": 9190.867, "Actual Total Rows": 702947, "Plans": [{"Node Type": "Hash Join", "Parent Relationship": "Outer", "Join Type": "Inner", "Startup Cost": 207535.81, "Total Cost": 630133.61, "Plan Rows": 183444, "Plan Width": 42, "Actual Min Startup Time": 2555.285, "Actual Max Startup Time": 2670.703, "Actual Min Total Time": 11900.486, "Actual Max Total Time": 16155.15, "Actual Total Rows": 702947, "Inner Unique": true, "Hash Cond": "(l1.l_orderkey = orders.o_orderkey), (LLVM Optimized, Jit Execute)", "Plans": [{"Node Type": "Streaming(type: BROADCAST dop: 16/16)", "Parent Relationship": "Outer", "Startup Cost": 190803.73, "Total Cost": 612742.87, "Plan Rows": 2321152, "Plan Width": 50, "Actual Min Startup Time": 1988.914, "Actual Max Startup Time": 2131.436, "Actual Min Total Time": 10689.438, "Actual Max Total Time": 15092.162, "Actual Total Rows": 23303216, "Plans": [{"Node Type": "Hash Join", "Parent Relationship": "Outer", "Join Type": "Right Semi", "Startup Cost": 190803.73, "Total Cost": 591849.32, "Plan Rows": 145072, "Plan Width": 50, "Actual Min Startup Time": 2549.297, "Actual Max Startup Time": 2692.713, "Actual Min Total Time": 10751.753, "Actual Max Total Time": 14944.542, "Actual Total Rows": 1456451, "Inner Unique": false, "Hash Cond": "(l2.l_orderkey = l1.l_orderkey), (LLVM Optimized, Jit Execute)", "Join Filter": "(l2.l_suppkey <> l1.l_suppkey), (LLVM Optimized, Jit Execute)", "Rows Removed by Join Filter": 378638, "Plans": [{"Node Type": "Streaming(type: LOCAL REDISTRIBUTE dop: 16/16)", "Parent Relationship": "Outer", "Startup Cost": 0.0, "Total Cost": 383239.33, "Plan Rows": 59987033, "Plan Width": 16, "Actual Min Startup Time": 0.058, "Actual Max Startup Time": 0.674, "Actual Min Total Time": 7368.742, "Actual Max Total Time": 11544.093, "Actual Total Rows": 59986052, "Plans": [{"Node Type": "Seq Scan", "Parent Relationship": "Outer", "Relation Name": "lineitem", "Alias": "l2", "Startup Cost": 0.0, "Total Cost": 140944.71, "Plan Rows": 59987033, "Plan Width": 16, "Actual Min Startup Time": 0.015, "Actual Max Startup Time": 0.033, "Actual Min Total Time": 1271.44, "Actual Max Total Time": 1327.364, "Actual Total Rows": 59986052}]}, {"Node Type": "Hash", "Parent Relationship": "Inner", "Startup Cost": 190684.43, "Total Cost": 190684.43, "Plan Rows": 152707, "Plan Width": 42, "Actual Min Startup Time": 2549.086, "Actual Max Startup Time": 2692.512, "Actual Min Total Time": 2549.086, "Actual Max Total Time": 2692.512, "Actual Total Rows": 1511024, "Max Hash Buckets": 32768, "Min Hash Buckets": 32768, "Max Hash Batches": 1, "Min Hash Batches": 1, "Max Original Hash Batches": 1, "Min Original Hash Batches": 1, "Max Peak Memory Usage": 7375, "min Peak Memory Usage": 7375, "Plans": [{"Node Type": "Streaming(type: LOCAL REDISTRIBUTE dop: 16/16)", "Parent Relationship": "Outer", "Startup Cost": 20006.2, "Total Cost": 190684.43, "Plan Rows": 152707, "Plan Width": 42, "Actual Min Startup Time": 124.128, "Actual Max Startup Time": 267.623, "Actual Min Total Time": 2519.224, "Actual Max Total Time": 2658.141, "Actual Total Rows": 1511024, "Plans": [{"Node Type": "Hash Join", "Parent Relationship": "Outer", "Join Type": "Inner", "Startup Cost": 20006.2, "Total Cost": 175105.81, "Plan Rows": 152707, "Plan Width": 42, "Actual Min Startup Time": 90.24, "Actual Max Startup Time": 206.607, "Actual Min Total Time": 2322.808, "Actual Max Total Time": 2449.347, "Actual Total Rows": 1511024, "Inner Unique": false, "Hash Cond": "(l1.l_suppkey = supplier.s_suppkey), (LLVM Optimized, Jit Execute)", "Plans": [{"Node Type": "Seq Scan", "Parent Relationship": "Outer", "Relation Name": "lineitem", "Alias": "l1", "Startup Cost": 0.0, "Total Cost": 150317.68, "Plan Rows": 19995678, "Plan Width": 16, "Actual Min Startup Time": 0.025, "Actual Max Startup Time": 0.051, "Actual Min Total Time": 1653.774, "Actual Max Total Time": 1841.41, "Actual Total Rows": 37929348, "Filter": "(l_receiptdate > l_commitdate), (LLVM Optimized, Jit Execute)", "Rows Removed by Filter": 22056704}, {"Node Type": "Hash", "Parent Relationship": "Inner", "Startup Cost": 19956.2, "Total Cost": 19956.2, "Plan Rows": 64000, "Plan Width": 34, "Actual Min Startup Time": 90.15, "Actual Max Startup Time": 206.445, "Actual Min Total Time": 90.15, "Actual Max Total Time": 206.445, "Actual Total Rows": 63696, "Max Hash Buckets": 32768, "Min Hash Buckets": 32768, "Max Hash Batches": 1, "Min Hash Batches": 1, "Max Original Hash Batches": 1, "Min Original Hash Batches": 1, "Max Peak Memory Usage": 280, "min Peak Memory Usage": 280, "Plans": [{"Node Type": "Streaming(type: BROADCAST dop: 16/1)", "Parent Relationship": "Outer", "Startup Cost": 1.32, "Total Cost": 19956.2, "Plan Rows": 64000, "Plan Width": 34, "Actual Min Startup Time": 0.029, "Actual Max Startup Time": 9.77, "Actual Min Total Time": 88.951, "Actual Max Total Time": 204.951, "Actual Total Rows": 63696, "Plans": [{"Node Type": "Hash Join", "Parent Relationship": "Outer", "Join Type": "Inner", "Startup Cost": 1.32, "Total Cost": 3574.95, "Plan Rows": 4000, "Plan Width": 34, "Actual Min Startup Time": 0.128, "Actual Max Startup Time": 0.128, "Actual Min Total Time": 49.23, "Actual Max Total Time": 49.23, "Actual Total Rows": 3981, "Inner Unique": true, "Hash Cond": "(supplier.s_nationkey = nation.n_nationkey)", "Plans": [{"Node Type": "Seq Scan", "Parent Relationship": "Outer", "Relation Name": "supplier", "Alias": "supplier", "Startup Cost": 0.0, "Total Cost": 3283.0, "Plan Rows": 100000, "Plan Width": 38, "Actual Min Startup Time": 0.019, "Actual Max Startup Time": 0.019, "Actual Min Total Time": 29.179, "Actual Max Total Time": 29.179, "Actual Total Rows": 100000}, {"Node Type": "Hash", "Parent Relationship": "Inner", "Startup Cost": 1.31, "Total Cost": 1.31, "Plan Rows": 1, "Plan Width": 4, "Actual Min Startup Time": 0.044, "Actual Max Startup Time": 0.044, "Actual Min Total Time": 0.044, "Actual Max Total Time": 0.044, "Actual Total Rows": 1, "Max Hash Buckets": 32768, "Min Hash Buckets": 32768, "Max Hash Batches": 1, "Min Hash Batches": 1, "Max Original Hash Batches": 1, "Min Original Hash Batches": 1, "Max Peak Memory Usage": 1, "min Peak Memory Usage": 1, "Plans": [{"Node Type": "Seq Scan", "Parent Relationship": "Outer", "Relation Name": "nation", "Alias": "nation", "Startup Cost": 0.0, "Total Cost": 1.31, "Plan Rows": 1, "Plan Width": 4, "Actual Min Startup Time": 0.025, "Actual Max Startup Time": 0.025, "Actual Min Total Time": 0.032, "Actual Max Total Time": 0.032, "Actual Total Rows": 1, "Filter": "(n_name = 'EGYPT'::bpchar)", "Rows Removed by Filter": 24}]}]}]}]}]}]}]}]}]}, {"Node Type": "Hash", "Parent Relationship": "Inner", "Startup Cost": 43994.53, "Total Cost": 43994.53, "Plan Rows": 7338812, "Plan Width": 8, "Actual Min Startup Time": 538.843, "Actual Max Startup Time": 584.562, "Actual Min Total Time": 538.843, "Actual Max Total Time": 584.562, "Actual Total Rows": 7309184, "Max Hash Buckets": 524288, "Min Hash Buckets": 524288, "Max Hash Batches": 1, "Min Hash Batches": 1, "Max Original Hash Batches": 1, "Min Original Hash Batches": 1, "Max Peak Memory Usage": 17868, "min Peak Memory Usage": 17868, "Plans": [{"Node Type": "Seq Scan", "Parent Relationship": "Outer", "Relation Name": "orders", "Alias": "orders", "Startup Cost": 0.0, "Total Cost": 43994.53, "Plan Rows": 7338812, "Plan Width": 8, "Actual Min Startup Time": 0.024, "Actual Max Startup Time": 0.04, "Actual Min Total Time": 391.155, "Actual Max Total Time": 427.794, "Actual Total Rows": 7309184, "Filter": "(o_orderstatus = 'F'::bpchar), (LLVM Optimized, Jit Execute)", "Rows Removed by Filter": 7690816}]}]}]}, {"Node Type": "Hash", "Parent Relationship": "Inner", "Startup Cost": 241082.56, "Total Cost": 241082.56, "Plan Rows": 19995678, "Plan Width": 16, "Actual Min Startup Time": 6968.583, "Actual Max Startup Time": 7030.982, "Actual Min Total Time": 6968.583, "Actual Max Total Time": 7030.982, "Actual Total Rows": 37929348, "Max Hash Buckets": 2097152, "Min Hash Buckets": 2097152, "Max Hash Batches": 1, "Min Hash Batches": 1, "Max Original Hash Batches": 1, "Min Original Hash Batches": 1, "Max Peak Memory Usage": 110961, "min Peak Memory Usage": 110961, "Plans": [{"Node Type": "Streaming(type: LOCAL REDISTRIBUTE dop: 16/16)", "Parent Relationship": "Outer", "Startup Cost": 0.0, "Total Cost": 241082.56, "Plan Rows": 19995678, "Plan Width": 16, "Actual Min Startup Time": 0.064, "Actual Max Startup Time": 60.836, "Actual Min Total Time": 6228.998, "Actual Max Total Time": 6400.75, "Actual Total Rows": 37929348, "Plans": [{"Node Type": "Seq Scan", "Parent Relationship": "Outer", "Relation Name": "lineitem", "Alias": "l3", "Startup Cost": 0.0, "Total Cost": 150317.68, "Plan Rows": 19995678, "Plan Width": 16, "Actual Min Startup Time": 0.027, "Actual Max Startup Time": 0.059, "Actual Min Total Time": 1713.209, "Actual Max Total Time": 1837.634, "Actual Total Rows": 37929348, "Filter": "(l_receiptdate > l_commitdate), (LLVM Optimized, Jit Execute)", "Rows Removed by Filter": 22056704}]}]}]}]}]}]}]}]}]}]}, "Triggers": [], "Planner Runtime": 14.822, "Total Runtime": 16447.818, "Unique SQL Id": 3870093320}}, "(16, 11)": {"explain_plan": {"Plan": {"Node Type": "Limit", "Startup Cost": 6001109326245.03, "Total Cost": 6001109326245.28, "Plan Rows": 100, "Plan Width": 34, "Plans": [{"Node Type": "Sort", "Parent Relationship": "Outer", "Startup Cost": 6001109326245.03, "Total Cost": 6001109326267.96, "Plan Rows": 100, "Plan Width": 34, "Sort Key": ["(count(*)) DESC", "supplier.s_name"], "Plans": [{"Node Type": "Aggregate", "Strategy": "Hashed", "Parent Relationship": "Outer", "Startup Cost": 6001109325802.77, "Total Cost": 6001109325894.49, "Plan Rows": 9172, "Plan Width": 34, "Group By Key": ["supplier.s_name"], "Plans": [{"Node Type": "Nested Loop", "Parent Relationship": "Outer", "Join Type": "Inner", "Startup Cost": 60036425616.82, "Total Cost": 6001109325756.91, "Plan Rows": 9172, "Plan Width": 26, "Inner Unique": false, "Join Filter": "(supplier.s_suppkey = l1.l_suppkey)", "Plans": [{"Node Type": "Merge Join", "Parent Relationship": "Outer", "Join Type": "Inner", "Startup Cost": 40036425616.82, "Total Cost": 4001036728206.72, "Plan Rows": 1201020, "Plan Width": 8, "Inner Unique": true, "Merge Cond": "(l1.l_orderkey = orders.o_orderkey)", "Plans": [{"Node Type": "Merge Join", "Parent Relationship": "Outer", "Join Type": "Semi", "Startup Cost": 30000000000.0, "Total Cost": 3001006768519.97, "Plan Rows": 949795, "Plan Width": 24, "Inner Unique": false, "Merge Cond": "(l1.l_orderkey = l2.l_orderkey), (LLVM Optimized)", "Join Filter": "(l2.l_suppkey <> l1.l_suppkey), (LLVM Optimized)", "Plans": [{"Node Type": "Merge Join", "Parent Relationship": "Outer", "Join Type": "Anti", "Startup Cost": 20000000000.0, "Total Cost": 2000682365976.25, "Plan Rows": 999784, "Plan Width": 16, "Inner Unique": false, "Merge Cond": "(l1.l_orderkey = l3.l_orderkey), (LLVM Optimized)", "Join Filter": "(l3.l_suppkey <> l1.l_suppkey), (LLVM Optimized)", "Plans": [{"Node Type": "Index Scan", "Parent Relationship": "Outer", "Scan Direction": "Forward", "Index Name": "idx_lineitem_orderkey", "Relation Name": "lineitem", "Alias": "l1", "Startup Cost": 10000000000.0, "Total Cost": 1000339012132.75, "Plan Rows": 19995678, "Plan Width": 16, "Filter": "(l_receiptdate > l_commitdate), (LLVM Optimized)"}, {"Node Type": "Materialize", "Parent Relationship": "Inner", "Startup Cost": 10000000000.0, "Total Cost": 1000339062121.94, "Plan Rows": 19995678, "Plan Width": 16, "Plans": [{"Node Type": "Index Scan", "Parent Relationship": "Outer", "Scan Direction": "Forward", "Index Name": "idx_lineitem_orderkey", "Relation Name": "lineitem", "Alias": "l3", "Startup Cost": 10000000000.0, "Total Cost": 1000339012132.75, "Plan Rows": 19995678, "Plan Width": 16, "Filter": "(l_receiptdate > l_commitdate), (LLVM Optimized)"}]}]}, {"Node Type": "Index Scan", "Parent Relationship": "Inner", "Scan Direction": "Forward", "Index Name": "idx_lineitem_orderkey", "Relation Name": "lineitem", "Alias": "l2", "Startup Cost": 10000000000.0, "Total Cost": 1000324015374.5, "Plan Rows": 59987033, "Plan Width": 16}]}, {"Node Type": "Index Scan", "Parent Relationship": "Inner", "Scan Direction": "Forward", "Index Name": "orders_pkey", "Relation Name": "orders", "Alias": "orders", "Startup Cost": 10000000000.0, "Total Cost": 1000076847713.25, "Plan Rows": 7338812, "Plan Width": 8, "Filter": "(o_orderstatus = 'F'::bpchar), (LLVM Optimized)"}]}, {"Node Type": "Materialize", "Parent Relationship": "Inner", "Startup Cost": 20000000000.0, "Total Cost": 2000000536360.19, "Plan Rows": 4000, "Plan Width": 34, "Plans": [{"Node Type": "Nested Loop", "Parent Relationship": "Outer", "Join Type": "Inner", "Startup Cost": 20000000000.0, "Total Cost": 2000000536340.19, "Plan Rows": 4000, "Plan Width": 34, "Inner Unique": true, "Join Filter": "(supplier.s_nationkey = nation.n_nationkey)", "Plans": [{"Node Type": "Index Scan", "Parent Relationship": "Outer", "Scan Direction": "Forward", "Index Name": "supplier_pkey", "Relation Name": "supplier", "Alias": "supplier", "Startup Cost": 10000000000.0, "Total Cost": 1000000533571.43, "Plan Rows": 100000, "Plan Width": 38}, {"Node Type": "Materialize", "Parent Relationship": "Inner", "Startup Cost": 10000000000.0, "Total Cost": 1000000001268.76, "Plan Rows": 1, "Plan Width": 4, "Plans": [{"Node Type": "Index Scan", "Parent Relationship": "Outer", "Scan Direction": "Forward", "Index Name": "nation_pkey", "Relation Name": "nation", "Alias": "nation", "Startup Cost": 10000000000.0, "Total Cost": 1000000001268.75, "Plan Rows": 1, "Plan Width": 4, "Filter": "(n_name = 'EGYPT'::bpchar)"}]}]}]}]}]}]}]}, "Unique SQL Id": 3870093320}, "explain_analyze_plan": null}, "(16, 12)": {"explain_plan": {"Plan": {"Node Type": "Limit", "Startup Cost": 235032.82, "Total Cost": 235033.07, "Plan Rows": 100, "Plan Width": 34, "Plans": [{"Node Type": "Sort", "Parent Relationship": "Outer", "Startup Cost": 235032.82, "Total Cost": 235055.75, "Plan Rows": 100, "Plan Width": 34, "Sort Key": ["(count(*)) DESC", "supplier.s_name"], "Plans": [{"Node Type": "Aggregate", "Strategy": "Hashed", "Parent Relationship": "Outer", "Startup Cost": 234590.55, "Total Cost": 234682.27, "Plan Rows": 9172, "Plan Width": 34, "Group By Key": ["supplier.s_name"], "Plans": [{"Node Type": "Nested Loop", "Parent Relationship": "Outer", "Join Type": "Inner", "Startup Cost": 20006.2, "Total Cost": 234544.69, "Plan Rows": 9172, "Plan Width": 26, "Inner Unique": true, "Join Filter": "(l1.l_orderkey = orders.o_orderkey)", "Plans": [{"Node Type": "Nested Loop", "Parent Relationship": "Outer", "Join Type": "Semi", "Startup Cost": 20006.2, "Total Cost": 227444.32, "Plan Rows": 7254, "Plan Width": 42, "Inner Unique": false, "Plans": [{"Node Type": "Nested Loop", "Parent Relationship": "Outer", "Join Type": "Anti", "Startup Cost": 20006.2, "Total Cost": 225588.75, "Plan Rows": 7635, "Plan Width": 42, "Inner Unique": false, "Plans": [{"Node Type": "Streaming(type: LOCAL GATHER dop: 1/16)", "Parent Relationship": "Outer", "Startup Cost": 20006.2, "Total Cost": 178401.54, "Plan Rows": 152707, "Plan Width": 42, "Plans": [{"Node Type": "Hash Join", "Parent Relationship": "Outer", "Join Type": "Inner", "Startup Cost": 20006.2, "Total Cost": 175105.81, "Plan Rows": 152707, "Plan Width": 42, "Inner Unique": false, "Hash Cond": "(l1.l_suppkey = supplier.s_suppkey), (LLVM Optimized)", "Plans": [{"Node Type": "Seq Scan", "Parent Relationship": "Outer", "Relation Name": "lineitem", "Alias": "l1", "Startup Cost": 0.0, "Total Cost": 150317.68, "Plan Rows": 19995678, "Plan Width": 16, "Filter": "(l_receiptdate > l_commitdate), (LLVM Optimized)"}, {"Node Type": "Hash", "Parent Relationship": "Inner", "Startup Cost": 19956.2, "Total Cost": 19956.2, "Plan Rows": 64000, "Plan Width": 34, "Plans": [{"Node Type": "Streaming(type: BROADCAST dop: 16/1)", "Parent Relationship": "Outer", "Startup Cost": 1.32, "Total Cost": 19956.2, "Plan Rows": 64000, "Plan Width": 34, "Plans": [{"Node Type": "Hash Join", "Parent Relationship": "Outer", "Join Type": "Inner", "Startup Cost": 1.32, "Total Cost": 3574.95, "Plan Rows": 4000, "Plan Width": 34, "Inner Unique": true, "Hash Cond": "(supplier.s_nationkey = nation.n_nationkey)", "Plans": [{"Node Type": "Seq Scan", "Parent Relationship": "Outer", "Relation Name": "supplier", "Alias": "supplier", "Startup Cost": 0.0, "Total Cost": 3283.0, "Plan Rows": 100000, "Plan Width": 38}, {"Node Type": "Hash", "Parent Relationship": "Inner", "Startup Cost": 1.31, "Total Cost": 1.31, "Plan Rows": 1, "Plan Width": 4, "Plans": [{"Node Type": "Seq Scan", "Parent Relationship": "Outer", "Relation Name": "nation", "Alias": "nation", "Startup Cost": 0.0, "Total Cost": 1.31, "Plan Rows": 1, "Plan Width": 4, "Filter": "(n_name = 'EGYPT'::bpchar)"}]}]}]}]}]}]}, {"Node Type": "Index Scan", "Parent Relationship": "Inner", "Scan Direction": "Forward", "Index Name": "idx_lineitem_orderkey", "Relation Name": "lineitem", "Alias": "l3", "Startup Cost": 0.0, "Total Cost": 1.63, "Plan Rows": 3, "Plan Width": 16, "Index Cond": "(l_orderkey = l1.l_orderkey)", "Filter": "((l_receiptdate > l_commitdate) AND (l_suppkey <> l1.l_suppkey))"}]}, {"Node Type": "Index Scan", "Parent Relationship": "Inner", "Scan Direction": "Forward", "Index Name": "idx_lineitem_orderkey", "Relation Name": "lineitem", "Alias": "l2", "Startup Cost": 0.0, "Total Cost": 1.63, "Plan Rows": 9, "Plan Width": 16, "Index Cond": "(l_orderkey = l1.l_orderkey)", "Filter": "(l_suppkey <> l1.l_suppkey)"}]}, {"Node Type": "Index Scan", "Parent Relationship": "Inner", "Scan Direction": "Forward", "Index Name": "orders_pkey", "Relation Name": "orders", "Alias": "orders", "Startup Cost": 0.0, "Total Cost": 0.97, "Plan Rows": 1, "Plan Width": 8, "Index Cond": "(o_orderkey = l2.l_orderkey)", "Filter": "(o_orderstatus = 'F'::bpchar)"}]}]}]}]}, "Unique SQL Id": 3870093320}, "explain_analyze_plan": {"Plan": {"Node Type": "Limit", "Startup Cost": 235032.82, "Total Cost": 235033.07, "Plan Rows": 100, "Plan Width": 34, "Actual Min Startup Time": 12530.294, "Actual Max Startup Time": 12530.294, "Actual Min Total Time": 12530.313, "Actual Max Total Time": 12530.313, "Actual Total Rows": 100, "Plans": [{"Node Type": "Sort", "Parent Relationship": "Outer", "Startup Cost": 235032.82, "Total Cost": 235055.75, "Plan Rows": 100, "Plan Width": 34, "Actual Min Startup Time": 12530.291, "Actual Max Startup Time": 12530.291, "Actual Min Total Time": 12530.299, "Actual Max Total Time": 12530.299, "Actual Total Rows": 100, "Sort Key": ["(count(*)) DESC", "supplier.s_name"], "Sort Method": "top-N heapsort", "Sort Space Min Used": 41, "Sort Space Max Used": 41, "Sort Space Type": "Memory", "Plans": [{"Node Type": "Aggregate", "Strategy": "Hashed", "Parent Relationship": "Outer", "Startup Cost": 234590.55, "Total Cost": 234682.27, "Plan Rows": 9172, "Plan Width": 34, "Actual Min Startup Time": 12526.982, "Actual Max Startup Time": 12526.982, "Actual Min Total Time": 12528.236, "Actual Max Total Time": 12528.236, "Actual Total Rows": 3981, "Group By Key": ["supplier.s_name"], "Plans": [{"Node Type": "Nested Loop", "Parent Relationship": "Outer", "Join Type": "Inner", "Startup Cost": 20006.2, "Total Cost": 234544.69, "Plan Rows": 9172, "Plan Width": 26, "Actual Min Startup Time": 136.969, "Actual Max Startup Time": 136.969, "Actual Min Total Time": 12474.882, "Actual Max Total Time": 12474.882, "Actual Total Rows": 39445, "Inner Unique": true, "Join Filter": "(l1.l_orderkey = orders.o_orderkey)", "Rows Removed by Join Filter": 0, "Plans": [{"Node Type": "Nested Loop", "Parent Relationship": "Outer", "Join Type": "Semi", "Startup Cost": 20006.2, "Total Cost": 227444.32, "Plan Rows": 7254, "Plan Width": 42, "Actual Min Startup Time": 136.943, "Actual Max Startup Time": 136.943, "Actual Min Total Time": 11885.225, "Actual Max Total Time": 11885.225, "Actual Total Rows": 80537, "Inner Unique": false, "Plans": [{"Node Type": "Nested Loop", "Parent Relationship": "Outer", "Join Type": "Anti", "Startup Cost": 20006.2, "Total Cost": 225588.75, "Plan Rows": 7635, "Plan Width": 42, "Actual Min Startup Time": 136.931, "Actual Max Startup Time": 136.931, "Actual Min Total Time": 11294.761, "Actual Max Total Time": 11294.761, "Actual Total Rows": 135110, "Inner Unique": false, "Plans": [{"Node Type": "Streaming(type: LOCAL GATHER dop: 1/16)", "Parent Relationship": "Outer", "Startup Cost": 20006.2, "Total Cost": 178401.54, "Plan Rows": 152707, "Plan Width": 42, "Actual Min Startup Time": 136.761, "Actual Max Startup Time": 136.761, "Actual Min Total Time": 860.562, "Actual Max Total Time": 860.562, "Actual Total Rows": 1511024, "Plans": [{"Node Type": "Hash Join", "Parent Relationship": "Outer", "Join Type": "Inner", "Startup Cost": 20006.2, "Total Cost": 175105.81, "Plan Rows": 152707, "Plan Width": 42, "Actual Min Startup Time": 80.661, "Actual Max Startup Time": 92.066, "Actual Min Total Time": 2173.837, "Actual Max Total Time": 2246.976, "Actual Total Rows": 1511024, "Inner Unique": false, "Hash Cond": "(l1.l_suppkey = supplier.s_suppkey), (LLVM Optimized, Jit Execute)", "Plans": [{"Node Type": "Seq Scan", "Parent Relationship": "Outer", "Relation Name": "lineitem", "Alias": "l1", "Startup Cost": 0.0, "Total Cost": 150317.68, "Plan Rows": 19995678, "Plan Width": 16, "Actual Min Startup Time": 0.026, "Actual Max Startup Time": 0.042, "Actual Min Total Time": 1600.127, "Actual Max Total Time": 1653.437, "Actual Total Rows": 37929348, "Filter": "(l_receiptdate > l_commitdate), (LLVM Optimized, Jit Execute)", "Rows Removed by Filter": 22056704}, {"Node Type": "Hash", "Parent Relationship": "Inner", "Startup Cost": 19956.2, "Total Cost": 19956.2, "Plan Rows": 64000, "Plan Width": 34, "Actual Min Startup Time": 80.532, "Actual Max Startup Time": 91.922, "Actual Min Total Time": 80.532, "Actual Max Total Time": 91.922, "Actual Total Rows": 63696, "Max Hash Buckets": 32768, "Min Hash Buckets": 32768, "Max Hash Batches": 1, "Min Hash Batches": 1, "Max Original Hash Batches": 1, "Min Original Hash Batches": 1, "Max Peak Memory Usage": 280, "min Peak Memory Usage": 280, "Plans": [{"Node Type": "Streaming(type: BROADCAST dop: 16/1)", "Parent Relationship": "Outer", "Startup Cost": 1.32, "Total Cost": 19956.2, "Plan Rows": 64000, "Plan Width": 34, "Actual Min Startup Time": 0.024, "Actual Max Startup Time": 0.063, "Actual Min Total Time": 79.469, "Actual Max Total Time": 90.784, "Actual Total Rows": 63696, "Plans": [{"Node Type": "Hash Join", "Parent Relationship": "Outer", "Join Type": "Inner", "Startup Cost": 1.32, "Total Cost": 3574.95, "Plan Rows": 4000, "Plan Width": 34, "Actual Min Startup Time": 0.155, "Actual Max Startup Time": 0.155, "Actual Min Total Time": 48.476, "Actual Max Total Time": 48.476, "Actual Total Rows": 3981, "Inner Unique": true, "Hash Cond": "(supplier.s_nationkey = nation.n_nationkey)", "Plans": [{"Node Type": "Seq Scan", "Parent Relationship": "Outer", "Relation Name": "supplier", "Alias": "supplier", "Startup Cost": 0.0, "Total Cost": 3283.0, "Plan Rows": 100000, "Plan Width": 38, "Actual Min Startup Time": 0.028, "Actual Max Startup Time": 0.028, "Actual Min Total Time": 28.676, "Actual Max Total Time": 28.676, "Actual Total Rows": 100000}, {"Node Type": "Hash", "Parent Relationship": "Inner", "Startup Cost": 1.31, "Total Cost": 1.31, "Plan Rows": 1, "Plan Width": 4, "Actual Min Startup Time": 0.056, "Actual Max Startup Time": 0.056, "Actual Min Total Time": 0.056, "Actual Max Total Time": 0.056, "Actual Total Rows": 1, "Max Hash Buckets": 32768, "Min Hash Buckets": 32768, "Max Hash Batches": 1, "Min Hash Batches": 1, "Max Original Hash Batches": 1, "Min Original Hash Batches": 1, "Max Peak Memory Usage": 1, "min Peak Memory Usage": 1, "Plans": [{"Node Type": "Seq Scan", "Parent Relationship": "Outer", "Relation Name": "nation", "Alias": "nation", "Startup Cost": 0.0, "Total Cost": 1.31, "Plan Rows": 1, "Plan Width": 4, "Actual Min Startup Time": 0.034, "Actual Max Startup Time": 0.034, "Actual Min Total Time": 0.041, "Actual Max Total Time": 0.041, "Actual Total Rows": 1, "Filter": "(n_name = 'EGYPT'::bpchar)", "Rows Removed by Filter": 24}]}]}]}]}]}]}, {"Node Type": "Index Scan", "Parent Relationship": "Inner", "Scan Direction": "Forward", "Index Name": "idx_lineitem_orderkey", "Relation Name": "lineitem", "Alias": "l3", "Startup Cost": 0.0, "Total Cost": 1.63, "Plan Rows": 3, "Plan Width": 16, "Actual Min Startup Time": 9409.766, "Actual Max Startup Time": 9409.766, "Actual Min Total Time": 9409.766, "Actual Max Total Time": 9409.766, "Actual Total Rows": 1375914, "Index Cond": "(l_orderkey = l1.l_orderkey)", "Rows Removed by Index Recheck": 0, "Filter": "((l_receiptdate > l_commitdate) AND (l_suppkey <> l1.l_suppkey))", "Rows Removed by Filter": 1348115}]}, {"Node Type": "Index Scan", "Parent Relationship": "Inner", "Scan Direction": "Forward", "Index Name": "idx_lineitem_orderkey", "Relation Name": "lineitem", "Alias": "l2", "Startup Cost": 0.0, "Total Cost": 1.63, "Plan Rows": 9, "Plan Width": 16, "Actual Min Startup Time": 495.485, "Actual Max Startup Time": 495.485, "Actual Min Total Time": 495.485, "Actual Max Total Time": 495.485, "Actual Total Rows": 80537, "Index Cond": "(l_orderkey = l1.l_orderkey)", "Rows Removed by Index Recheck": 0, "Filter": "(l_suppkey <> l1.l_suppkey)", "Rows Removed by Filter": 85912}]}, {"Node Type": "Index Scan", "Parent Relationship": "Inner", "Scan Direction": "Forward", "Index Name": "orders_pkey", "Relation Name": "orders", "Alias": "orders", "Startup Cost": 0.0, "Total Cost": 0.97, "Plan Rows": 1, "Plan Width": 8, "Actual Min Startup Time": 525.838, "Actual Max Startup Time": 525.838, "Actual Min Total Time": 525.838, "Actual Max Total Time": 525.838, "Actual Total Rows": 39445, "Index Cond": "(o_orderkey = l2.l_orderkey)", "Rows Removed by Index Recheck": 0, "Filter": "(o_orderstatus = 'F'::bpchar)", "Rows Removed by Filter": 41092}]}]}]}]}, "Triggers": [], "Planner Runtime": 13.269, "Total Runtime": 12542.759, "Unique SQL Id": 3870093320}}, "(16, 13)": {"explain_plan": {"Plan": {"Node Type": "Limit", "Startup Cost": 2788927.51, "Total Cost": 2788927.76, "Plan Rows": 100, "Plan Width": 34, "Plans": [{"Node Type": "Sort", "Parent Relationship": "Outer", "Startup Cost": 2788927.51, "Total Cost": 2788950.44, "Plan Rows": 100, "Plan Width": 34, "Sort Key": ["(count(*)) DESC", "supplier.s_name"], "Plans": [{"Node Type": "Aggregate", "Strategy": "Hashed", "Parent Relationship": "Outer", "Startup Cost": 2788485.24, "Total Cost": 2788576.96, "Plan Rows": 9172, "Plan Width": 34, "Group By Key": ["supplier.s_name"], "Plans": [{"Node Type": "Nested Loop", "Parent Relationship": "Outer", "Join Type": "Inner", "Startup Cost": 22070.29, "Total Cost": 2788439.38, "Plan Rows": 9172, "Plan Width": 26, "Inner Unique": true, "Join Filter": "(l1.l_orderkey = orders.o_orderkey)", "Plans": [{"Node Type": "Nested Loop", "Parent Relationship": "Outer", "Join Type": "Semi", "Startup Cost": 22070.29, "Total Cost": 2781339.01, "Plan Rows": 7254, "Plan Width": 42, "Inner Unique": false, "Plans": [{"Node Type": "Nested Loop", "Parent Relationship": "Outer", "Join Type": "Anti", "Startup Cost": 22070.29, "Total Cost": 2779483.45, "Plan Rows": 7635, "Plan Width": 42, "Inner Unique": false, "Plans": [{"Node Type": "Streaming(type: LOCAL GATHER dop: 1/16)", "Parent Relationship": "Outer", "Startup Cost": 22070.29, "Total Cost": 2732296.23, "Plan Rows": 152707, "Plan Width": 42, "Plans": [{"Node Type": "Hash Join", "Parent Relationship": "Outer", "Join Type": "Inner", "Startup Cost": 22070.29, "Total Cost": 2729000.5, "Plan Rows": 152707, "Plan Width": 42, "Inner Unique": false, "Hash Cond": "(l1.l_suppkey = supplier.s_suppkey), (LLVM Optimized)", "Plans": [{"Node Type": "Index Scan", "Parent Relationship": "Outer", "Scan Direction": "Forward", "Index Name": "idx_lineitem_orderkey", "Relation Name": "lineitem", "Alias": "l1", "Startup Cost": 0.0, "Total Cost": 2702148.28, "Plan Rows": 19995678, "Plan Width": 16, "Filter": "(l_receiptdate > l_commitdate), (LLVM Optimized)"}, {"Node Type": "Hash", "Parent Relationship": "Inner", "Startup Cost": 22020.29, "Total Cost": 22020.29, "Plan Rows": 64000, "Plan Width": 34, "Plans": [{"Node Type": "Streaming(type: BROADCAST dop: 16/1)", "Parent Relationship": "Outer", "Startup Cost": 12.7, "Total Cost": 22020.29, "Plan Rows": 64000, "Plan Width": 34, "Plans": [{"Node Type": "Hash Join", "Parent Relationship": "Outer", "Join Type": "Inner", "Startup Cost": 12.7, "Total Cost": 5639.04, "Plan Rows": 4000, "Plan Width": 34, "Inner Unique": true, "Hash Cond": "(supplier.s_nationkey = nation.n_nationkey)", "Plans": [{"Node Type": "Index Scan", "Parent Relationship": "Outer", "Scan Direction": "Forward", "Index Name": "supplier_pkey", "Relation Name": "supplier", "Alias": "supplier", "Startup Cost": 0.0, "Total Cost": 5335.71, "Plan Rows": 100000, "Plan Width": 38}, {"Node Type": "Hash", "Parent Relationship": "Inner", "Startup Cost": 12.69, "Total Cost": 12.69, "Plan Rows": 1, "Plan Width": 4, "Plans": [{"Node Type": "Index Scan", "Parent Relationship": "Outer", "Scan Direction": "Forward", "Index Name": "nation_pkey", "Relation Name": "nation", "Alias": "nation", "Startup Cost": 0.0, "Total Cost": 12.69, "Plan Rows": 1, "Plan Width": 4, "Filter": "(n_name = 'EGYPT'::bpchar)"}]}]}]}]}]}]}, {"Node Type": "Index Scan", "Parent Relationship": "Inner", "Scan Direction": "Forward", "Index Name": "idx_lineitem_orderkey", "Relation Name": "lineitem", "Alias": "l3", "Startup Cost": 0.0, "Total Cost": 1.63, "Plan Rows": 3, "Plan Width": 16, "Index Cond": "(l_orderkey = l1.l_orderkey)", "Filter": "((l_receiptdate > l_commitdate) AND (l_suppkey <> l1.l_suppkey))"}]}, {"Node Type": "Index Scan", "Parent Relationship": "Inner", "Scan Direction": "Forward", "Index Name": "idx_lineitem_orderkey", "Relation Name": "lineitem", "Alias": "l2", "Startup Cost": 0.0, "Total Cost": 1.63, "Plan Rows": 9, "Plan Width": 16, "Index Cond": "(l_orderkey = l1.l_orderkey)", "Filter": "(l_suppkey <> l1.l_suppkey)"}]}, {"Node Type": "Index Scan", "Parent Relationship": "Inner", "Scan Direction": "Forward", "Index Name": "orders_pkey", "Relation Name": "orders", "Alias": "orders", "Startup Cost": 0.0, "Total Cost": 0.97, "Plan Rows": 1, "Plan Width": 8, "Index Cond": "(o_orderkey = l2.l_orderkey)", "Filter": "(o_orderstatus = 'F'::bpchar)"}]}]}]}]}, "Unique SQL Id": 3870093320}, "explain_analyze_plan": {"Plan": {"Node Type": "Limit", "Startup Cost": 2788927.51, "Total Cost": 2788927.76, "Plan Rows": 100, "Plan Width": 34, "Actual Min Startup Time": 12922.857, "Actual Max Startup Time": 12922.857, "Actual Min Total Time": 12922.875, "Actual Max Total Time": 12922.875, "Actual Total Rows": 100, "Plans": [{"Node Type": "Sort", "Parent Relationship": "Outer", "Startup Cost": 2788927.51, "Total Cost": 2788950.44, "Plan Rows": 100, "Plan Width": 34, "Actual Min Startup Time": 12922.854, "Actual Max Startup Time": 12922.854, "Actual Min Total Time": 12922.86, "Actual Max Total Time": 12922.86, "Actual Total Rows": 100, "Sort Key": ["(count(*)) DESC", "supplier.s_name"], "Sort Method": "top-N heapsort", "Sort Space Min Used": 41, "Sort Space Max Used": 41, "Sort Space Type": "Memory", "Plans": [{"Node Type": "Aggregate", "Strategy": "Hashed", "Parent Relationship": "Outer", "Startup Cost": 2788485.24, "Total Cost": 2788576.96, "Plan Rows": 9172, "Plan Width": 34, "Actual Min Startup Time": 12919.417, "Actual Max Startup Time": 12919.417, "Actual Min Total Time": 12920.679, "Actual Max Total Time": 12920.679, "Actual Total Rows": 3981, "Group By Key": ["supplier.s_name"], "Plans": [{"Node Type": "Nested Loop", "Parent Relationship": "Outer", "Join Type": "Inner", "Startup Cost": 22070.29, "Total Cost": 2788439.38, "Plan Rows": 9172, "Plan Width": 26, "Actual Min Startup Time": 666.487, "Actual Max Startup Time": 666.487, "Actual Min Total Time": 12872.21, "Actual Max Total Time": 12872.21, "Actual Total Rows": 39445, "Inner Unique": true, "Join Filter": "(l1.l_orderkey = orders.o_orderkey)", "Rows Removed by Join Filter": 0, "Plans": [{"Node Type": "Nested Loop", "Parent Relationship": "Outer", "Join Type": "Semi", "Startup Cost": 22070.29, "Total Cost": 2781339.01, "Plan Rows": 7254, "Plan Width": 42, "Actual Min Startup Time": 666.46, "Actual Max Startup Time": 666.46, "Actual Min Total Time": 12299.192, "Actual Max Total Time": 12299.192, "Actual Total Rows": 80537, "Inner Unique": false, "Plans": [{"Node Type": "Nested Loop", "Parent Relationship": "Outer", "Join Type": "Anti", "Startup Cost": 22070.29, "Total Cost": 2779483.45, "Plan Rows": 7635, "Plan Width": 42, "Actual Min Startup Time": 666.386, "Actual Max Startup Time": 666.386, "Actual Min Total Time": 11708.158, "Actual Max Total Time": 11708.158, "Actual Total Rows": 135110, "Inner Unique": false, "Plans": [{"Node Type": "Streaming(type: LOCAL GATHER dop: 1/16)", "Parent Relationship": "Outer", "Startup Cost": 22070.29, "Total Cost": 2732296.23, "Plan Rows": 152707, "Plan Width": 42, "Actual Min Startup Time": 666.221, "Actual Max Startup Time": 666.221, "Actual Min Total Time": 1331.623, "Actual Max Total Time": 1331.623, "Actual Total Rows": 1511024, "Plans": [{"Node Type": "Hash Join", "Parent Relationship": "Outer", "Join Type": "Inner", "Startup Cost": 22070.29, "Total Cost": 2729000.5, "Plan Rows": 152707, "Plan Width": 42, "Actual Min Startup Time": 619.322, "Actual Max Startup Time": 626.753, "Actual Min Total Time": 3761.45, "Actual Max Total Time": 4319.253, "Actual Total Rows": 1511024, "Inner Unique": false, "Hash Cond": "(l1.l_suppkey = supplier.s_suppkey), (LLVM Optimized, Jit Execute)", "Plans": [{"Node Type": "Index Scan", "Parent Relationship": "Outer", "Scan Direction": "Forward", "Index Name": "idx_lineitem_orderkey", "Relation Name": "lineitem", "Alias": "l1", "Startup Cost": 0.0, "Total Cost": 2702148.28, "Plan Rows": 19995678, "Plan Width": 16, "Actual Min Startup Time": 513.995, "Actual Max Startup Time": 514.08, "Actual Min Total Time": 3148.309, "Actual Max Total Time": 3722.33, "Actual Total Rows": 37929348, "Filter": "(l_receiptdate > l_commitdate), (LLVM Optimized, Jit Execute)", "Rows Removed by Filter": 22056704}, {"Node Type": "Hash", "Parent Relationship": "Inner", "Startup Cost": 22020.29, "Total Cost": 22020.29, "Plan Rows": 64000, "Plan Width": 34, "Actual Min Startup Time": 105.209, "Actual Max Startup Time": 112.612, "Actual Min Total Time": 105.209, "Actual Max Total Time": 112.612, "Actual Total Rows": 63696, "Max Hash Buckets": 32768, "Min Hash Buckets": 32768, "Max Hash Batches": 1, "Min Hash Batches": 1, "Max Original Hash Batches": 1, "Min Original Hash Batches": 1, "Max Peak Memory Usage": 280, "min Peak Memory Usage": 280, "Plans": [{"Node Type": "Streaming(type: BROADCAST dop: 16/1)", "Parent Relationship": "Outer", "Startup Cost": 12.7, "Total Cost": 22020.29, "Plan Rows": 64000, "Plan Width": 34, "Actual Min Startup Time": 0.024, "Actual Max Startup Time": 0.035, "Actual Min Total Time": 104.15, "Actual Max Total Time": 111.392, "Actual Total Rows": 63696, "Plans": [{"Node Type": "Hash Join", "Parent Relationship": "Outer", "Join Type": "Inner", "Startup Cost": 12.7, "Total Cost": 5639.04, "Plan Rows": 4000, "Plan Width": 34, "Actual Min Startup Time": 0.213, "Actual Max Startup Time": 0.213, "Actual Min Total Time": 77.672, "Actual Max Total Time": 77.672, "Actual Total Rows": 3981, "Inner Unique": true, "Hash Cond": "(supplier.s_nationkey = nation.n_nationkey)", "Plans": [{"Node Type": "Index Scan", "Parent Relationship": "Outer", "Scan Direction": "Forward", "Index Name": "supplier_pkey", "Relation Name": "supplier", "Alias": "supplier", "Startup Cost": 0.0, "Total Cost": 5335.71, "Plan Rows": 100000, "Plan Width": 38, "Actual Min Startup Time": 0.048, "Actual Max Startup Time": 0.048, "Actual Min Total Time": 57.848, "Actual Max Total Time": 57.848, "Actual Total Rows": 100000}, {"Node Type": "Hash", "Parent Relationship": "Inner", "Startup Cost": 12.69, "Total Cost": 12.69, "Plan Rows": 1, "Plan Width": 4, "Actual Min Startup Time": 0.066, "Actual Max Startup Time": 0.066, "Actual Min Total Time": 0.066, "Actual Max Total Time": 0.066, "Actual Total Rows": 1, "Max Hash Buckets": 32768, "Min Hash Buckets": 32768, "Max Hash Batches": 1, "Min Hash Batches": 1, "Max Original Hash Batches": 1, "Min Original Hash Batches": 1, "Max Peak Memory Usage": 1, "min Peak Memory Usage": 1, "Plans": [{"Node Type": "Index Scan", "Parent Relationship": "Outer", "Scan Direction": "Forward", "Index Name": "nation_pkey", "Relation Name": "nation", "Alias": "nation", "Startup Cost": 0.0, "Total Cost": 12.69, "Plan Rows": 1, "Plan Width": 4, "Actual Min Startup Time": 0.038, "Actual Max Startup Time": 0.038, "Actual Min Total Time": 0.054, "Actual Max Total Time": 0.054, "Actual Total Rows": 1, "Filter": "(n_name = 'EGYPT'::bpchar)", "Rows Removed by Filter": 24}]}]}]}]}]}]}, {"Node Type": "Index Scan", "Parent Relationship": "Inner", "Scan Direction": "Forward", "Index Name": "idx_lineitem_orderkey", "Relation Name": "lineitem", "Alias": "l3", "Startup Cost": 0.0, "Total Cost": 1.63, "Plan Rows": 3, "Plan Width": 16, "Actual Min Startup Time": 9355.858, "Actual Max Startup Time": 9355.858, "Actual Min Total Time": 9355.858, "Actual Max Total Time": 9355.858, "Actual Total Rows": 1375914, "Index Cond": "(l_orderkey = l1.l_orderkey)", "Rows Removed by Index Recheck": 0, "Filter": "((l_receiptdate > l_commitdate) AND (l_suppkey <> l1.l_suppkey))", "Rows Removed by Filter": 1348115}]}, {"Node Type": "Index Scan", "Parent Relationship": "Inner", "Scan Direction": "Forward", "Index Name": "idx_lineitem_orderkey", "Relation Name": "lineitem", "Alias": "l2", "Startup Cost": 0.0, "Total Cost": 1.63, "Plan Rows": 9, "Plan Width": 16, "Actual Min Startup Time": 496.109, "Actual Max Startup Time": 496.109, "Actual Min Total Time": 496.109, "Actual Max Total Time": 496.109, "Actual Total Rows": 80537, "Index Cond": "(l_orderkey = l1.l_orderkey)", "Rows Removed by Index Recheck": 0, "Filter": "(l_suppkey <> l1.l_suppkey)", "Rows Removed by Filter": 85912}]}, {"Node Type": "Index Scan", "Parent Relationship": "Inner", "Scan Direction": "Forward", "Index Name": "orders_pkey", "Relation Name": "orders", "Alias": "orders", "Startup Cost": 0.0, "Total Cost": 0.97, "Plan Rows": 1, "Plan Width": 8, "Actual Min Startup Time": 510.002, "Actual Max Startup Time": 510.002, "Actual Min Total Time": 510.002, "Actual Max Total Time": 510.002, "Actual Total Rows": 39445, "Index Cond": "(o_orderkey = l2.l_orderkey)", "Rows Removed by Index Recheck": 0, "Filter": "(o_orderstatus = 'F'::bpchar)", "Rows Removed by Filter": 41092}]}]}]}]}, "Triggers": [], "Planner Runtime": 12.553, "Total Runtime": 12935.306, "Unique SQL Id": 3870093320}}, "(16, 14)": {"explain_plan": {"Plan": {"Node Type": "Limit", "Startup Cost": 747988.54, "Total Cost": 747988.79, "Plan Rows": 100, "Plan Width": 34, "Plans": [{"Node Type": "Sort", "Parent Relationship": "Outer", "Startup Cost": 747988.54, "Total Cost": 747988.79, "Plan Rows": 100, "Plan Width": 34, "Sort Key": ["(count(*)) DESC", "supplier.s_name"], "Plans": [{"Node Type": "Streaming(type: LOCAL GATHER dop: 1/16)", "Parent Relationship": "Outer", "Startup Cost": 747984.4, "Total Cost": 747985.22, "Plan Rows": 100, "Plan Width": 34, "Plans": [{"Node Type": "Limit", "Parent Relationship": "Outer", "Startup Cost": 747984.4, "Total Cost": 747984.65, "Plan Rows": 100, "Plan Width": 34, "Plans": [{"Node Type": "Sort", "Parent Relationship": "Outer", "Startup Cost": 747984.4, "Total Cost": 748007.33, "Plan Rows": 100, "Plan Width": 34, "Sort Key": ["(count(*)) DESC", "supplier.s_name"], "Plans": [{"Node Type": "Aggregate", "Strategy": "Hashed", "Parent Relationship": "Outer", "Startup Cost": 747628.12, "Total Cost": 747633.85, "Plan Rows": 9172, "Plan Width": 34, "Group By Key": ["supplier.s_name"], "Plans": [{"Node Type": "Streaming(type: LOCAL REDISTRIBUTE dop: 16/16)", "Parent Relationship": "Outer", "Startup Cost": 308588.13, "Total Cost": 747625.25, "Plan Rows": 9172, "Plan Width": 26, "Plans": [{"Node Type": "Hash Join", "Parent Relationship": "Outer", "Join Type": "Anti", "Startup Cost": 308588.13, "Total Cost": 747325.37, "Plan Rows": 9172, "Plan Width": 26, "Inner Unique": false, "Hash Cond": "(l1.l_orderkey = l3.l_orderkey)", "Join Filter": "(l3.l_suppkey <> l1.l_suppkey)", "Plans": [{"Node Type": "Streaming(type: LOCAL REDISTRIBUTE dop: 16/16)", "Parent Relationship": "Outer", "Startup Cost": 207535.81, "Total Cost": 645828.7, "Plan Rows": 183444, "Plan Width": 42, "Plans": [{"Node Type": "Hash Join", "Parent Relationship": "Outer", "Join Type": "Inner", "Startup Cost": 207535.81, "Total Cost": 630133.61, "Plan Rows": 183444, "Plan Width": 42, "Inner Unique": true, "Hash Cond": "(l1.l_orderkey = orders.o_orderkey), (LLVM Optimized)", "Plans": [{"Node Type": "Streaming(type: BROADCAST dop: 16/16)", "Parent Relationship": "Outer", "Startup Cost": 190803.73, "Total Cost": 612742.87, "Plan Rows": 2321152, "Plan Width": 50, "Plans": [{"Node Type": "Hash Join", "Parent Relationship": "Outer", "Join Type": "Right Semi", "Startup Cost": 190803.73, "Total Cost": 591849.32, "Plan Rows": 145072, "Plan Width": 50, "Inner Unique": false, "Hash Cond": "(l2.l_orderkey = l1.l_orderkey), (LLVM Optimized)", "Join Filter": "(l2.l_suppkey <> l1.l_suppkey), (LLVM Optimized)", "Plans": [{"Node Type": "Streaming(type: LOCAL REDISTRIBUTE dop: 16/16)", "Parent Relationship": "Outer", "Startup Cost": 0.0, "Total Cost": 383239.33, "Plan Rows": 59987033, "Plan Width": 16, "Plans": [{"Node Type": "Seq Scan", "Parent Relationship": "Outer", "Relation Name": "lineitem", "Alias": "l2", "Startup Cost": 0.0, "Total Cost": 140944.71, "Plan Rows": 59987033, "Plan Width": 16}]}, {"Node Type": "Hash", "Parent Relationship": "Inner", "Startup Cost": 190684.43, "Total Cost": 190684.43, "Plan Rows": 152707, "Plan Width": 42, "Plans": [{"Node Type": "Streaming(type: LOCAL REDISTRIBUTE dop: 16/16)", "Parent Relationship": "Outer", "Startup Cost": 20006.2, "Total Cost": 190684.43, "Plan Rows": 152707, "Plan Width": 42, "Plans": [{"Node Type": "Hash Join", "Parent Relationship": "Outer", "Join Type": "Inner", "Startup Cost": 20006.2, "Total Cost": 175105.81, "Plan Rows": 152707, "Plan Width": 42, "Inner Unique": false, "Hash Cond": "(l1.l_suppkey = supplier.s_suppkey), (LLVM Optimized)", "Plans": [{"Node Type": "Seq Scan", "Parent Relationship": "Outer", "Relation Name": "lineitem", "Alias": "l1", "Startup Cost": 0.0, "Total Cost": 150317.68, "Plan Rows": 19995678, "Plan Width": 16, "Filter": "(l_receiptdate > l_commitdate), (LLVM Optimized)"}, {"Node Type": "Hash", "Parent Relationship": "Inner", "Startup Cost": 19956.2, "Total Cost": 19956.2, "Plan Rows": 64000, "Plan Width": 34, "Plans": [{"Node Type": "Streaming(type: BROADCAST dop: 16/1)", "Parent Relationship": "Outer", "Startup Cost": 1.32, "Total Cost": 19956.2, "Plan Rows": 64000, "Plan Width": 34, "Plans": [{"Node Type": "Hash Join", "Parent Relationship": "Outer", "Join Type": "Inner", "Startup Cost": 1.32, "Total Cost": 3574.95, "Plan Rows": 4000, "Plan Width": 34, "Inner Unique": true, "Hash Cond": "(supplier.s_nationkey = nation.n_nationkey)", "Plans": [{"Node Type": "Seq Scan", "Parent Relationship": "Outer", "Relation Name": "supplier", "Alias": "supplier", "Startup Cost": 0.0, "Total Cost": 3283.0, "Plan Rows": 100000, "Plan Width": 38}, {"Node Type": "Hash", "Parent Relationship": "Inner", "Startup Cost": 1.31, "Total Cost": 1.31, "Plan Rows": 1, "Plan Width": 4, "Plans": [{"Node Type": "Seq Scan", "Parent Relationship": "Outer", "Relation Name": "nation", "Alias": "nation", "Startup Cost": 0.0, "Total Cost": 1.31, "Plan Rows": 1, "Plan Width": 4, "Filter": "(n_name = 'EGYPT'::bpchar)"}]}]}]}]}]}]}]}]}]}, {"Node Type": "Hash", "Parent Relationship": "Inner", "Startup Cost": 43994.53, "Total Cost": 43994.53, "Plan Rows": 7338812, "Plan Width": 8, "Plans": [{"Node Type": "Seq Scan", "Parent Relationship": "Outer", "Relation Name": "orders", "Alias": "orders", "Startup Cost": 0.0, "Total Cost": 43994.53, "Plan Rows": 7338812, "Plan Width": 8, "Filter": "(o_orderstatus = 'F'::bpchar), (LLVM Optimized)"}]}]}]}, {"Node Type": "Hash", "Parent Relationship": "Inner", "Startup Cost": 241082.56, "Total Cost": 241082.56, "Plan Rows": 19995678, "Plan Width": 16, "Plans": [{"Node Type": "Streaming(type: LOCAL REDISTRIBUTE dop: 16/16)", "Parent Relationship": "Outer", "Startup Cost": 0.0, "Total Cost": 241082.56, "Plan Rows": 19995678, "Plan Width": 16, "Plans": [{"Node Type": "Seq Scan", "Parent Relationship": "Outer", "Relation Name": "lineitem", "Alias": "l3", "Startup Cost": 0.0, "Total Cost": 150317.68, "Plan Rows": 19995678, "Plan Width": 16, "Filter": "(l_receiptdate > l_commitdate), (LLVM Optimized)"}]}]}]}]}]}]}]}]}]}]}, "Unique SQL Id": 3870093320}, "explain_analyze_plan": {"Plan": {"Node Type": "Limit", "Startup Cost": 747988.54, "Total Cost": 747988.79, "Plan Rows": 100, "Plan Width": 34, "Actual Min Startup Time": 16410.512, "Actual Max Startup Time": 16410.512, "Actual Min Total Time": 16410.529, "Actual Max Total Time": 16410.529, "Actual Total Rows": 100, "Plans": [{"Node Type": "Sort", "Parent Relationship": "Outer", "Startup Cost": 747988.54, "Total Cost": 747988.79, "Plan Rows": 100, "Plan Width": 34, "Actual Min Startup Time": 16410.509, "Actual Max Startup Time": 16410.509, "Actual Min Total Time": 16410.514, "Actual Max Total Time": 16410.514, "Actual Total Rows": 100, "Sort Key": ["(count(*)) DESC", "supplier.s_name"], "Sort Method": "top-N heapsort", "Sort Space Min Used": 39, "Sort Space Max Used": 39, "Sort Space Type": "Memory", "Plans": [{"Node Type": "Streaming(type: LOCAL GATHER dop: 1/16)", "Parent Relationship": "Outer", "Startup Cost": 747984.4, "Total Cost": 747985.22, "Plan Rows": 100, "Plan Width": 34, "Actual Min Startup Time": 16408.559, "Actual Max Startup Time": 16408.559, "Actual Min Total Time": 16409.348, "Actual Max Total Time": 16409.348, "Actual Total Rows": 1600, "Plans": [{"Node Type": "Limit", "Parent Relationship": "Outer", "Startup Cost": 747984.4, "Total Cost": 747984.65, "Plan Rows": 100, "Plan Width": 34, "Actual Min Startup Time": 16227.99, "Actual Max Startup Time": 16274.744, "Actual Min Total Time": 16228.007, "Actual Max Total Time": 16274.763, "Actual Total Rows": 1600, "Plans": [{"Node Type": "Sort", "Parent Relationship": "Outer", "Startup Cost": 747984.4, "Total Cost": 748007.33, "Plan Rows": 100, "Plan Width": 34, "Actual Min Startup Time": 16227.988, "Actual Max Startup Time": 16274.742, "Actual Min Total Time": 16227.993, "Actual Max Total Time": 16274.755, "Actual Total Rows": 1600, "Sort Key": ["(count(*)) DESC", "supplier.s_name"], "Sort Method": "top-N heapsort", "Sort Space Min Used": 40, "Sort Space Max Used": 40, "Sort Space Type": "Memory", "Plans": [{"Node Type": "Aggregate", "Strategy": "Hashed", "Parent Relationship": "Outer", "Startup Cost": 747628.12, "Total Cost": 747633.85, "Plan Rows": 9172, "Plan Width": 34, "Actual Min Startup Time": 16227.545, "Actual Max Startup Time": 16274.259, "Actual Min Total Time": 16227.597, "Actual Max Total Time": 16274.321, "Actual Total Rows": 3981, "Group By Key": ["supplier.s_name"], "Plans": [{"Node Type": "Streaming(type: LOCAL REDISTRIBUTE dop: 16/16)", "Parent Relationship": "Outer", "Startup Cost": 308588.13, "Total Cost": 747625.25, "Plan Rows": 9172, "Plan Width": 26, "Actual Min Startup Time": 10228.571, "Actual Max Startup Time": 11360.079, "Actual Min Total Time": 16225.834, "Actual Max Total Time": 16272.714, "Actual Total Rows": 39445, "Plans": [{"Node Type": "Hash Join", "Parent Relationship": "Outer", "Join Type": "Anti", "Startup Cost": 308588.13, "Total Cost": 747325.37, "Plan Rows": 9172, "Plan Width": 26, "Actual Min Startup Time": 6983.332, "Actual Max Startup Time": 7054.674, "Actual Min Total Time": 16196.812, "Actual Max Total Time": 16259.256, "Actual Total Rows": 39445, "Inner Unique": false, "Hash Cond": "(l1.l_orderkey = l3.l_orderkey)", "Join Filter": "(l3.l_suppkey <> l1.l_suppkey)", "Rows Removed by Join Filter": 238782, "Plans": [{"Node Type": "Streaming(type: LOCAL REDISTRIBUTE dop: 16/16)", "Parent Relationship": "Outer", "Startup Cost": 207535.81, "Total Cost": 645828.7, "Plan Rows": 183444, "Plan Width": 42, "Actual Min Startup Time": 0.135, "Actual Max Startup Time": 43.029, "Actual Min Total Time": 9168.228, "Actual Max Total Time": 9190.867, "Actual Total Rows": 702947, "Plans": [{"Node Type": "Hash Join", "Parent Relationship": "Outer", "Join Type": "Inner", "Startup Cost": 207535.81, "Total Cost": 630133.61, "Plan Rows": 183444, "Plan Width": 42, "Actual Min Startup Time": 2555.285, "Actual Max Startup Time": 2670.703, "Actual Min Total Time": 11900.486, "Actual Max Total Time": 16155.15, "Actual Total Rows": 702947, "Inner Unique": true, "Hash Cond": "(l1.l_orderkey = orders.o_orderkey), (LLVM Optimized, Jit Execute)", "Plans": [{"Node Type": "Streaming(type: BROADCAST dop: 16/16)", "Parent Relationship": "Outer", "Startup Cost": 190803.73, "Total Cost": 612742.87, "Plan Rows": 2321152, "Plan Width": 50, "Actual Min Startup Time": 1988.914, "Actual Max Startup Time": 2131.436, "Actual Min Total Time": 10689.438, "Actual Max Total Time": 15092.162, "Actual Total Rows": 23303216, "Plans": [{"Node Type": "Hash Join", "Parent Relationship": "Outer", "Join Type": "Right Semi", "Startup Cost": 190803.73, "Total Cost": 591849.32, "Plan Rows": 145072, "Plan Width": 50, "Actual Min Startup Time": 2549.297, "Actual Max Startup Time": 2692.713, "Actual Min Total Time": 10751.753, "Actual Max Total Time": 14944.542, "Actual Total Rows": 1456451, "Inner Unique": false, "Hash Cond": "(l2.l_orderkey = l1.l_orderkey), (LLVM Optimized, Jit Execute)", "Join Filter": "(l2.l_suppkey <> l1.l_suppkey), (LLVM Optimized, Jit Execute)", "Rows Removed by Join Filter": 378638, "Plans": [{"Node Type": "Streaming(type: LOCAL REDISTRIBUTE dop: 16/16)", "Parent Relationship": "Outer", "Startup Cost": 0.0, "Total Cost": 383239.33, "Plan Rows": 59987033, "Plan Width": 16, "Actual Min Startup Time": 0.058, "Actual Max Startup Time": 0.674, "Actual Min Total Time": 7368.742, "Actual Max Total Time": 11544.093, "Actual Total Rows": 59986052, "Plans": [{"Node Type": "Seq Scan", "Parent Relationship": "Outer", "Relation Name": "lineitem", "Alias": "l2", "Startup Cost": 0.0, "Total Cost": 140944.71, "Plan Rows": 59987033, "Plan Width": 16, "Actual Min Startup Time": 0.015, "Actual Max Startup Time": 0.033, "Actual Min Total Time": 1271.44, "Actual Max Total Time": 1327.364, "Actual Total Rows": 59986052}]}, {"Node Type": "Hash", "Parent Relationship": "Inner", "Startup Cost": 190684.43, "Total Cost": 190684.43, "Plan Rows": 152707, "Plan Width": 42, "Actual Min Startup Time": 2549.086, "Actual Max Startup Time": 2692.512, "Actual Min Total Time": 2549.086, "Actual Max Total Time": 2692.512, "Actual Total Rows": 1511024, "Max Hash Buckets": 32768, "Min Hash Buckets": 32768, "Max Hash Batches": 1, "Min Hash Batches": 1, "Max Original Hash Batches": 1, "Min Original Hash Batches": 1, "Max Peak Memory Usage": 7375, "min Peak Memory Usage": 7375, "Plans": [{"Node Type": "Streaming(type: LOCAL REDISTRIBUTE dop: 16/16)", "Parent Relationship": "Outer", "Startup Cost": 20006.2, "Total Cost": 190684.43, "Plan Rows": 152707, "Plan Width": 42, "Actual Min Startup Time": 124.128, "Actual Max Startup Time": 267.623, "Actual Min Total Time": 2519.224, "Actual Max Total Time": 2658.141, "Actual Total Rows": 1511024, "Plans": [{"Node Type": "Hash Join", "Parent Relationship": "Outer", "Join Type": "Inner", "Startup Cost": 20006.2, "Total Cost": 175105.81, "Plan Rows": 152707, "Plan Width": 42, "Actual Min Startup Time": 90.24, "Actual Max Startup Time": 206.607, "Actual Min Total Time": 2322.808, "Actual Max Total Time": 2449.347, "Actual Total Rows": 1511024, "Inner Unique": false, "Hash Cond": "(l1.l_suppkey = supplier.s_suppkey), (LLVM Optimized, Jit Execute)", "Plans": [{"Node Type": "Seq Scan", "Parent Relationship": "Outer", "Relation Name": "lineitem", "Alias": "l1", "Startup Cost": 0.0, "Total Cost": 150317.68, "Plan Rows": 19995678, "Plan Width": 16, "Actual Min Startup Time": 0.025, "Actual Max Startup Time": 0.051, "Actual Min Total Time": 1653.774, "Actual Max Total Time": 1841.41, "Actual Total Rows": 37929348, "Filter": "(l_receiptdate > l_commitdate), (LLVM Optimized, Jit Execute)", "Rows Removed by Filter": 22056704}, {"Node Type": "Hash", "Parent Relationship": "Inner", "Startup Cost": 19956.2, "Total Cost": 19956.2, "Plan Rows": 64000, "Plan Width": 34, "Actual Min Startup Time": 90.15, "Actual Max Startup Time": 206.445, "Actual Min Total Time": 90.15, "Actual Max Total Time": 206.445, "Actual Total Rows": 63696, "Max Hash Buckets": 32768, "Min Hash Buckets": 32768, "Max Hash Batches": 1, "Min Hash Batches": 1, "Max Original Hash Batches": 1, "Min Original Hash Batches": 1, "Max Peak Memory Usage": 280, "min Peak Memory Usage": 280, "Plans": [{"Node Type": "Streaming(type: BROADCAST dop: 16/1)", "Parent Relationship": "Outer", "Startup Cost": 1.32, "Total Cost": 19956.2, "Plan Rows": 64000, "Plan Width": 34, "Actual Min Startup Time": 0.029, "Actual Max Startup Time": 9.77, "Actual Min Total Time": 88.951, "Actual Max Total Time": 204.951, "Actual Total Rows": 63696, "Plans": [{"Node Type": "Hash Join", "Parent Relationship": "Outer", "Join Type": "Inner", "Startup Cost": 1.32, "Total Cost": 3574.95, "Plan Rows": 4000, "Plan Width": 34, "Actual Min Startup Time": 0.128, "Actual Max Startup Time": 0.128, "Actual Min Total Time": 49.23, "Actual Max Total Time": 49.23, "Actual Total Rows": 3981, "Inner Unique": true, "Hash Cond": "(supplier.s_nationkey = nation.n_nationkey)", "Plans": [{"Node Type": "Seq Scan", "Parent Relationship": "Outer", "Relation Name": "supplier", "Alias": "supplier", "Startup Cost": 0.0, "Total Cost": 3283.0, "Plan Rows": 100000, "Plan Width": 38, "Actual Min Startup Time": 0.019, "Actual Max Startup Time": 0.019, "Actual Min Total Time": 29.179, "Actual Max Total Time": 29.179, "Actual Total Rows": 100000}, {"Node Type": "Hash", "Parent Relationship": "Inner", "Startup Cost": 1.31, "Total Cost": 1.31, "Plan Rows": 1, "Plan Width": 4, "Actual Min Startup Time": 0.044, "Actual Max Startup Time": 0.044, "Actual Min Total Time": 0.044, "Actual Max Total Time": 0.044, "Actual Total Rows": 1, "Max Hash Buckets": 32768, "Min Hash Buckets": 32768, "Max Hash Batches": 1, "Min Hash Batches": 1, "Max Original Hash Batches": 1, "Min Original Hash Batches": 1, "Max Peak Memory Usage": 1, "min Peak Memory Usage": 1, "Plans": [{"Node Type": "Seq Scan", "Parent Relationship": "Outer", "Relation Name": "nation", "Alias": "nation", "Startup Cost": 0.0, "Total Cost": 1.31, "Plan Rows": 1, "Plan Width": 4, "Actual Min Startup Time": 0.025, "Actual Max Startup Time": 0.025, "Actual Min Total Time": 0.032, "Actual Max Total Time": 0.032, "Actual Total Rows": 1, "Filter": "(n_name = 'EGYPT'::bpchar)", "Rows Removed by Filter": 24}]}]}]}]}]}]}]}]}]}, {"Node Type": "Hash", "Parent Relationship": "Inner", "Startup Cost": 43994.53, "Total Cost": 43994.53, "Plan Rows": 7338812, "Plan Width": 8, "Actual Min Startup Time": 538.843, "Actual Max Startup Time": 584.562, "Actual Min Total Time": 538.843, "Actual Max Total Time": 584.562, "Actual Total Rows": 7309184, "Max Hash Buckets": 524288, "Min Hash Buckets": 524288, "Max Hash Batches": 1, "Min Hash Batches": 1, "Max Original Hash Batches": 1, "Min Original Hash Batches": 1, "Max Peak Memory Usage": 17868, "min Peak Memory Usage": 17868, "Plans": [{"Node Type": "Seq Scan", "Parent Relationship": "Outer", "Relation Name": "orders", "Alias": "orders", "Startup Cost": 0.0, "Total Cost": 43994.53, "Plan Rows": 7338812, "Plan Width": 8, "Actual Min Startup Time": 0.024, "Actual Max Startup Time": 0.04, "Actual Min Total Time": 391.155, "Actual Max Total Time": 427.794, "Actual Total Rows": 7309184, "Filter": "(o_orderstatus = 'F'::bpchar), (LLVM Optimized, Jit Execute)", "Rows Removed by Filter": 7690816}]}]}]}, {"Node Type": "Hash", "Parent Relationship": "Inner", "Startup Cost": 241082.56, "Total Cost": 241082.56, "Plan Rows": 19995678, "Plan Width": 16, "Actual Min Startup Time": 6968.583, "Actual Max Startup Time": 7030.982, "Actual Min Total Time": 6968.583, "Actual Max Total Time": 7030.982, "Actual Total Rows": 37929348, "Max Hash Buckets": 2097152, "Min Hash Buckets": 2097152, "Max Hash Batches": 1, "Min Hash Batches": 1, "Max Original Hash Batches": 1, "Min Original Hash Batches": 1, "Max Peak Memory Usage": 110961, "min Peak Memory Usage": 110961, "Plans": [{"Node Type": "Streaming(type: LOCAL REDISTRIBUTE dop: 16/16)", "Parent Relationship": "Outer", "Startup Cost": 0.0, "Total Cost": 241082.56, "Plan Rows": 19995678, "Plan Width": 16, "Actual Min Startup Time": 0.064, "Actual Max Startup Time": 60.836, "Actual Min Total Time": 6228.998, "Actual Max Total Time": 6400.75, "Actual Total Rows": 37929348, "Plans": [{"Node Type": "Seq Scan", "Parent Relationship": "Outer", "Relation Name": "lineitem", "Alias": "l3", "Startup Cost": 0.0, "Total Cost": 150317.68, "Plan Rows": 19995678, "Plan Width": 16, "Actual Min Startup Time": 0.027, "Actual Max Startup Time": 0.059, "Actual Min Total Time": 1713.209, "Actual Max Total Time": 1837.634, "Actual Total Rows": 37929348, "Filter": "(l_receiptdate > l_commitdate), (LLVM Optimized, Jit Execute)", "Rows Removed by Filter": 22056704}]}]}]}]}]}]}]}]}]}]}, "Triggers": [], "Planner Runtime": 14.822, "Total Runtime": 16447.818, "Unique SQL Id": 3870093320}}, "(16, 15)": {"explain_plan": {"Plan": {"Node Type": "Limit", "Startup Cost": 6001109326245.03, "Total Cost": 6001109326245.28, "Plan Rows": 100, "Plan Width": 34, "Plans": [{"Node Type": "Sort", "Parent Relationship": "Outer", "Startup Cost": 6001109326245.03, "Total Cost": 6001109326267.96, "Plan Rows": 100, "Plan Width": 34, "Sort Key": ["(count(*)) DESC", "supplier.s_name"], "Plans": [{"Node Type": "Aggregate", "Strategy": "Hashed", "Parent Relationship": "Outer", "Startup Cost": 6001109325802.77, "Total Cost": 6001109325894.49, "Plan Rows": 9172, "Plan Width": 34, "Group By Key": ["supplier.s_name"], "Plans": [{"Node Type": "Nested Loop", "Parent Relationship": "Outer", "Join Type": "Inner", "Startup Cost": 60036425616.82, "Total Cost": 6001109325756.91, "Plan Rows": 9172, "Plan Width": 26, "Inner Unique": false, "Join Filter": "(supplier.s_suppkey = l1.l_suppkey)", "Plans": [{"Node Type": "Merge Join", "Parent Relationship": "Outer", "Join Type": "Inner", "Startup Cost": 40036425616.82, "Total Cost": 4001036728206.72, "Plan Rows": 1201020, "Plan Width": 8, "Inner Unique": true, "Merge Cond": "(l1.l_orderkey = orders.o_orderkey)", "Plans": [{"Node Type": "Merge Join", "Parent Relationship": "Outer", "Join Type": "Semi", "Startup Cost": 30000000000.0, "Total Cost": 3001006768519.97, "Plan Rows": 949795, "Plan Width": 24, "Inner Unique": false, "Merge Cond": "(l1.l_orderkey = l2.l_orderkey), (LLVM Optimized)", "Join Filter": "(l2.l_suppkey <> l1.l_suppkey), (LLVM Optimized)", "Plans": [{"Node Type": "Merge Join", "Parent Relationship": "Outer", "Join Type": "Anti", "Startup Cost": 20000000000.0, "Total Cost": 2000682365976.25, "Plan Rows": 999784, "Plan Width": 16, "Inner Unique": false, "Merge Cond": "(l1.l_orderkey = l3.l_orderkey), (LLVM Optimized)", "Join Filter": "(l3.l_suppkey <> l1.l_suppkey), (LLVM Optimized)", "Plans": [{"Node Type": "Index Scan", "Parent Relationship": "Outer", "Scan Direction": "Forward", "Index Name": "idx_lineitem_orderkey", "Relation Name": "lineitem", "Alias": "l1", "Startup Cost": 10000000000.0, "Total Cost": 1000339012132.75, "Plan Rows": 19995678, "Plan Width": 16, "Filter": "(l_receiptdate > l_commitdate), (LLVM Optimized)"}, {"Node Type": "Materialize", "Parent Relationship": "Inner", "Startup Cost": 10000000000.0, "Total Cost": 1000339062121.94, "Plan Rows": 19995678, "Plan Width": 16, "Plans": [{"Node Type": "Index Scan", "Parent Relationship": "Outer", "Scan Direction": "Forward", "Index Name": "idx_lineitem_orderkey", "Relation Name": "lineitem", "Alias": "l3", "Startup Cost": 10000000000.0, "Total Cost": 1000339012132.75, "Plan Rows": 19995678, "Plan Width": 16, "Filter": "(l_receiptdate > l_commitdate), (LLVM Optimized)"}]}]}, {"Node Type": "Index Scan", "Parent Relationship": "Inner", "Scan Direction": "Forward", "Index Name": "idx_lineitem_orderkey", "Relation Name": "lineitem", "Alias": "l2", "Startup Cost": 10000000000.0, "Total Cost": 1000324015374.5, "Plan Rows": 59987033, "Plan Width": 16}]}, {"Node Type": "Index Scan", "Parent Relationship": "Inner", "Scan Direction": "Forward", "Index Name": "orders_pkey", "Relation Name": "orders", "Alias": "orders", "Startup Cost": 10000000000.0, "Total Cost": 1000076847713.25, "Plan Rows": 7338812, "Plan Width": 8, "Filter": "(o_orderstatus = 'F'::bpchar), (LLVM Optimized)"}]}, {"Node Type": "Materialize", "Parent Relationship": "Inner", "Startup Cost": 20000000000.0, "Total Cost": 2000000536360.19, "Plan Rows": 4000, "Plan Width": 34, "Plans": [{"Node Type": "Nested Loop", "Parent Relationship": "Outer", "Join Type": "Inner", "Startup Cost": 20000000000.0, "Total Cost": 2000000536340.19, "Plan Rows": 4000, "Plan Width": 34, "Inner Unique": true, "Join Filter": "(supplier.s_nationkey = nation.n_nationkey)", "Plans": [{"Node Type": "Index Scan", "Parent Relationship": "Outer", "Scan Direction": "Forward", "Index Name": "supplier_pkey", "Relation Name": "supplier", "Alias": "supplier", "Startup Cost": 10000000000.0, "Total Cost": 1000000533571.43, "Plan Rows": 100000, "Plan Width": 38}, {"Node Type": "Materialize", "Parent Relationship": "Inner", "Startup Cost": 10000000000.0, "Total Cost": 1000000001268.76, "Plan Rows": 1, "Plan Width": 4, "Plans": [{"Node Type": "Index Scan", "Parent Relationship": "Outer", "Scan Direction": "Forward", "Index Name": "nation_pkey", "Relation Name": "nation", "Alias": "nation", "Startup Cost": 10000000000.0, "Total Cost": 1000000001268.75, "Plan Rows": 1, "Plan Width": 4, "Filter": "(n_name = 'EGYPT'::bpchar)"}]}]}]}]}]}]}]}, "Unique SQL Id": 3870093320}, "explain_analyze_plan": null}, "(16, 16)": {"explain_plan": {"Plan": {"Node Type": "Limit", "Startup Cost": 5010321.56, "Total Cost": 5010321.81, "Plan Rows": 100, "Plan Width": 34, "Plans": [{"Node Type": "Sort", "Parent Relationship": "Outer", "Startup Cost": 5010321.56, "Total Cost": 5010344.49, "Plan Rows": 100, "Plan Width": 34, "Sort Key": ["(count(*)) DESC", "supplier.s_name"], "Plans": [{"Node Type": "Aggregate", "Strategy": "Hashed", "Parent Relationship": "Outer", "Startup Cost": 5009879.29, "Total Cost": 5009971.01, "Plan Rows": 9172, "Plan Width": 34, "Group By Key": ["supplier.s_name"], "Plans": [{"Node Type": "Nested Loop", "Parent Relationship": "Outer", "Join Type": "Inner", "Startup Cost": 0.0, "Total Cost": 5009833.43, "Plan Rows": 9172, "Plan Width": 26, "Inner Unique": true, "Join Filter": "(l1.l_orderkey = orders.o_orderkey)", "Plans": [{"Node Type": "Nested Loop", "Parent Relationship": "Outer", "Join Type": "Semi", "Startup Cost": 0.0, "Total Cost": 5002733.06, "Plan Rows": 7254, "Plan Width": 42, "Inner Unique": false, "Plans": [{"Node Type": "Nested Loop", "Parent Relationship": "Outer", "Join Type": "Anti", "Startup Cost": 0.0, "Total Cost": 5000877.5, "Plan Rows": 7635, "Plan Width": 42, "Inner Unique": false, "Plans": [{"Node Type": "Streaming(type: LOCAL GATHER dop: 1/16)", "Parent Relationship": "Outer", "Startup Cost": 0.0, "Total Cost": 4953690.28, "Plan Rows": 152707, "Plan Width": 42, "Plans": [{"Node Type": "Nested Loop", "Parent Relationship": "Outer", "Join Type": "Inner", "Startup Cost": 0.0, "Total Cost": 4950394.55, "Plan Rows": 152707, "Plan Width": 42, "Inner Unique": false, "Join Filter": "(supplier.s_suppkey = l1.l_suppkey), (LLVM Optimized)", "Plans": [{"Node Type": "Streaming(type: LOCAL REDISTRIBUTE dop: 16/1)", "Parent Relationship": "Outer", "Startup Cost": 0.0, "Total Cost": 19700.64, "Plan Rows": 4000, "Plan Width": 34, "Plans": [{"Node Type": "Nested Loop", "Parent Relationship": "Outer", "Join Type": "Inner", "Startup Cost": 0.0, "Total Cost": 4534.31, "Plan Rows": 4000, "Plan Width": 34, "Inner Unique": false, "Join Filter": "(supplier.s_nationkey = nation.n_nationkey)", "Plans": [{"Node Type": "Seq Scan", "Parent Relationship": "Outer", "Relation Name": "nation", "Alias": "nation", "Startup Cost": 0.0, "Total Cost": 1.31, "Plan Rows": 1, "Plan Width": 4, "Filter": "(n_name = 'EGYPT'::bpchar)"}, {"Node Type": "Seq Scan", "Parent Relationship": "Inner", "Relation Name": "supplier", "Alias": "supplier", "Startup Cost": 0.0, "Total Cost": 3283.0, "Plan Rows": 100000, "Plan Width": 38}]}]}, {"Node Type": "Materialize", "Parent Relationship": "Inner", "Startup Cost": 0.0, "Total Cost": 247331.21, "Plan Rows": 19995678, "Plan Width": 16, "Plans": [{"Node Type": "Streaming(type: LOCAL REDISTRIBUTE dop: 16/16)", "Parent Relationship": "Outer", "Startup Cost": 0.0, "Total Cost": 241082.56, "Plan Rows": 19995678, "Plan Width": 16, "Plans": [{"Node Type": "Seq Scan", "Parent Relationship": "Outer", "Relation Name": "lineitem", "Alias": "l1", "Startup Cost": 0.0, "Total Cost": 150317.68, "Plan Rows": 19995678, "Plan Width": 16, "Filter": "(l_receiptdate > l_commitdate), (LLVM Optimized)"}]}]}]}]}, {"Node Type": "Index Scan", "Parent Relationship": "Inner", "Scan Direction": "Forward", "Index Name": "idx_lineitem_orderkey", "Relation Name": "lineitem", "Alias": "l3", "Startup Cost": 0.0, "Total Cost": 1.63, "Plan Rows": 3, "Plan Width": 16, "Index Cond": "(l_orderkey = l1.l_orderkey)", "Filter": "((l_receiptdate > l_commitdate) AND (l_suppkey <> l1.l_suppkey))"}]}, {"Node Type": "Index Scan", "Parent Relationship": "Inner", "Scan Direction": "Forward", "Index Name": "idx_lineitem_orderkey", "Relation Name": "lineitem", "Alias": "l2", "Startup Cost": 0.0, "Total Cost": 1.63, "Plan Rows": 9, "Plan Width": 16, "Index Cond": "(l_orderkey = l1.l_orderkey)", "Filter": "(l_suppkey <> l1.l_suppkey)"}]}, {"Node Type": "Index Scan", "Parent Relationship": "Inner", "Scan Direction": "Forward", "Index Name": "orders_pkey", "Relation Name": "orders", "Alias": "orders", "Startup Cost": 0.0, "Total Cost": 0.97, "Plan Rows": 1, "Plan Width": 8, "Index Cond": "(o_orderkey = l2.l_orderkey)", "Filter": "(o_orderstatus = 'F'::bpchar)"}]}]}]}]}, "Unique SQL Id": 3870093320}, "explain_analyze_plan": null}, "(16, 17)": {"explain_plan": {"Plan": {"Node Type": "Limit", "Startup Cost": 7564216.25, "Total Cost": 7564216.5, "Plan Rows": 100, "Plan Width": 34, "Plans": [{"Node Type": "Sort", "Parent Relationship": "Outer", "Startup Cost": 7564216.25, "Total Cost": 7564239.18, "Plan Rows": 100, "Plan Width": 34, "Sort Key": ["(count(*)) DESC", "supplier.s_name"], "Plans": [{"Node Type": "Aggregate", "Strategy": "Hashed", "Parent Relationship": "Outer", "Startup Cost": 7563773.98, "Total Cost": 7563865.7, "Plan Rows": 9172, "Plan Width": 34, "Group By Key": ["supplier.s_name"], "Plans": [{"Node Type": "Nested Loop", "Parent Relationship": "Outer", "Join Type": "Inner", "Startup Cost": 0.0, "Total Cost": 7563728.12, "Plan Rows": 9172, "Plan Width": 26, "Inner Unique": true, "Join Filter": "(l1.l_orderkey = orders.o_orderkey)", "Plans": [{"Node Type": "Nested Loop", "Parent Relationship": "Outer", "Join Type": "Semi", "Startup Cost": 0.0, "Total Cost": 7556627.75, "Plan Rows": 7254, "Plan Width": 42, "Inner Unique": false, "Plans": [{"Node Type": "Nested Loop", "Parent Relationship": "Outer", "Join Type": "Anti", "Startup Cost": 0.0, "Total Cost": 7554772.19, "Plan Rows": 7635, "Plan Width": 42, "Inner Unique": false, "Plans": [{"Node Type": "Streaming(type: LOCAL GATHER dop: 1/16)", "Parent Relationship": "Outer", "Startup Cost": 0.0, "Total Cost": 7507584.97, "Plan Rows": 152707, "Plan Width": 42, "Plans": [{"Node Type": "Nested Loop", "Parent Relationship": "Outer", "Join Type": "Inner", "Startup Cost": 0.0, "Total Cost": 7504289.24, "Plan Rows": 152707, "Plan Width": 42, "Inner Unique": false, "Join Filter": "(supplier.s_suppkey = l1.l_suppkey), (LLVM Optimized)", "Plans": [{"Node Type": "Streaming(type: LOCAL REDISTRIBUTE dop: 16/1)", "Parent Relationship": "Outer", "Startup Cost": 0.0, "Total Cost": 21764.73, "Plan Rows": 4000, "Plan Width": 34, "Plans": [{"Node Type": "Nested Loop", "Parent Relationship": "Outer", "Join Type": "Inner", "Startup Cost": 0.0, "Total Cost": 6598.4, "Plan Rows": 4000, "Plan Width": 34, "Inner Unique": false, "Join Filter": "(supplier.s_nationkey = nation.n_nationkey)", "Plans": [{"Node Type": "Index Scan", "Parent Relationship": "Outer", "Scan Direction": "Forward", "Index Name": "nation_pkey", "Relation Name": "nation", "Alias": "nation", "Startup Cost": 0.0, "Total Cost": 12.69, "Plan Rows": 1, "Plan Width": 4, "Filter": "(n_name = 'EGYPT'::bpchar)"}, {"Node Type": "Index Scan", "Parent Relationship": "Inner", "Scan Direction": "Forward", "Index Name": "supplier_pkey", "Relation Name": "supplier", "Alias": "supplier", "Startup Cost": 0.0, "Total Cost": 5335.71, "Plan Rows": 100000, "Plan Width": 38}]}]}, {"Node Type": "Materialize", "Parent Relationship": "Inner", "Startup Cost": 0.0, "Total Cost": 2799161.81, "Plan Rows": 19995678, "Plan Width": 16, "Plans": [{"Node Type": "Streaming(type: LOCAL REDISTRIBUTE dop: 16/16)", "Parent Relationship": "Outer", "Startup Cost": 0.0, "Total Cost": 2792913.16, "Plan Rows": 19995678, "Plan Width": 16, "Plans": [{"Node Type": "Index Scan", "Parent Relationship": "Outer", "Scan Direction": "Forward", "Index Name": "idx_lineitem_orderkey", "Relation Name": "lineitem", "Alias": "l1", "Startup Cost": 0.0, "Total Cost": 2702148.28, "Plan Rows": 19995678, "Plan Width": 16, "Filter": "(l_receiptdate > l_commitdate), (LLVM Optimized)"}]}]}]}]}, {"Node Type": "Index Scan", "Parent Relationship": "Inner", "Scan Direction": "Forward", "Index Name": "idx_lineitem_orderkey", "Relation Name": "lineitem", "Alias": "l3", "Startup Cost": 0.0, "Total Cost": 1.63, "Plan Rows": 3, "Plan Width": 16, "Index Cond": "(l_orderkey = l1.l_orderkey)", "Filter": "((l_receiptdate > l_commitdate) AND (l_suppkey <> l1.l_suppkey))"}]}, {"Node Type": "Index Scan", "Parent Relationship": "Inner", "Scan Direction": "Forward", "Index Name": "idx_lineitem_orderkey", "Relation Name": "lineitem", "Alias": "l2", "Startup Cost": 0.0, "Total Cost": 1.63, "Plan Rows": 9, "Plan Width": 16, "Index Cond": "(l_orderkey = l1.l_orderkey)", "Filter": "(l_suppkey <> l1.l_suppkey)"}]}, {"Node Type": "Index Scan", "Parent Relationship": "Inner", "Scan Direction": "Forward", "Index Name": "orders_pkey", "Relation Name": "orders", "Alias": "orders", "Startup Cost": 0.0, "Total Cost": 0.97, "Plan Rows": 1, "Plan Width": 8, "Index Cond": "(o_orderkey = l2.l_orderkey)", "Filter": "(o_orderstatus = 'F'::bpchar)"}]}]}]}]}, "Unique SQL Id": 3870093320}, "explain_analyze_plan": null}, "(16, 18)": {"explain_plan": {"Plan": {"Node Type": "Limit", "Startup Cost": 5361630.8, "Total Cost": 5361631.05, "Plan Rows": 100, "Plan Width": 34, "Plans": [{"Node Type": "Sort", "Parent Relationship": "Outer", "Startup Cost": 5361630.8, "Total Cost": 5361653.73, "Plan Rows": 100, "Plan Width": 34, "Sort Key": ["(count(*)) DESC", "supplier.s_name"], "Plans": [{"Node Type": "Aggregate", "Strategy": "Hashed", "Parent Relationship": "Outer", "Startup Cost": 5361188.53, "Total Cost": 5361280.25, "Plan Rows": 9172, "Plan Width": 34, "Group By Key": ["supplier.s_name"], "Plans": [{"Node Type": "Nested Loop", "Parent Relationship": "Outer", "Join Type": "Inner", "Startup Cost": 2.25, "Total Cost": 5361142.67, "Plan Rows": 9172, "Plan Width": 26, "Inner Unique": true, "Join Filter": "(l1.l_orderkey = orders.o_orderkey)", "Plans": [{"Node Type": "Nested Loop", "Parent Relationship": "Outer", "Join Type": "Semi", "Startup Cost": 1.65, "Total Cost": 5327581.91, "Plan Rows": 7254, "Plan Width": 42, "Inner Unique": false, "Plans": [{"Node Type": "Nested Loop", "Parent Relationship": "Outer", "Join Type": "Anti", "Startup Cost": 0.82, "Total Cost": 5312403.36, "Plan Rows": 7635, "Plan Width": 42, "Inner Unique": false, "Plans": [{"Node Type": "Streaming(type: LOCAL GATHER dop: 1/16)", "Parent Relationship": "Outer", "Startup Cost": 0.0, "Total Cost": 4953690.28, "Plan Rows": 152707, "Plan Width": 42, "Plans": [{"Node Type": "Nested Loop", "Parent Relationship": "Outer", "Join Type": "Inner", "Startup Cost": 0.0, "Total Cost": 4950394.55, "Plan Rows": 152707, "Plan Width": 42, "Inner Unique": false, "Join Filter": "(supplier.s_suppkey = l1.l_suppkey), (LLVM Optimized)", "Plans": [{"Node Type": "Streaming(type: LOCAL REDISTRIBUTE dop: 16/1)", "Parent Relationship": "Outer", "Startup Cost": 0.0, "Total Cost": 19700.64, "Plan Rows": 4000, "Plan Width": 34, "Plans": [{"Node Type": "Nested Loop", "Parent Relationship": "Outer", "Join Type": "Inner", "Startup Cost": 0.0, "Total Cost": 4534.31, "Plan Rows": 4000, "Plan Width": 34, "Inner Unique": false, "Join Filter": "(supplier.s_nationkey = nation.n_nationkey)", "Plans": [{"Node Type": "Seq Scan", "Parent Relationship": "Outer", "Relation Name": "nation", "Alias": "nation", "Startup Cost": 0.0, "Total Cost": 1.31, "Plan Rows": 1, "Plan Width": 4, "Filter": "(n_name = 'EGYPT'::bpchar)"}, {"Node Type": "Seq Scan", "Parent Relationship": "Inner", "Relation Name": "supplier", "Alias": "supplier", "Startup Cost": 0.0, "Total Cost": 3283.0, "Plan Rows": 100000, "Plan Width": 38}]}]}, {"Node Type": "Materialize", "Parent Relationship": "Inner", "Startup Cost": 0.0, "Total Cost": 247331.21, "Plan Rows": 19995678, "Plan Width": 16, "Plans": [{"Node Type": "Streaming(type: LOCAL REDISTRIBUTE dop: 16/16)", "Parent Relationship": "Outer", "Startup Cost": 0.0, "Total Cost": 241082.56, "Plan Rows": 19995678, "Plan Width": 16, "Plans": [{"Node Type": "Seq Scan", "Parent Relationship": "Outer", "Relation Name": "lineitem", "Alias": "l1", "Startup Cost": 0.0, "Total Cost": 150317.68, "Plan Rows": 19995678, "Plan Width": 16, "Filter": "(l_receiptdate > l_commitdate), (LLVM Optimized)"}]}]}]}]}, {"Node Type": "Bitmap Heap Scan", "Parent Relationship": "Inner", "Relation Name": "lineitem", "Alias": "l3", "Startup Cost": 0.82, "Total Cost": 8.97, "Plan Rows": 3, "Plan Width": 16, "Recheck Cond": "(l_orderkey = l1.l_orderkey)", "Filter": "((l_receiptdate > l_commitdate) AND (l_suppkey <> l1.l_suppkey))", "Plans": [{"Node Type": "Bitmap Index Scan", "Parent Relationship": "Outer", "Index Name": "idx_lineitem_orderkey", "Startup Cost": 0.0, "Total Cost": 0.82, "Plan Rows": 9, "Plan Width": 0, "Index Cond": "(l_orderkey = l1.l_orderkey)"}]}]}, {"Node Type": "Bitmap Heap Scan", "Parent Relationship": "Inner", "Relation Name": "lineitem", "Alias": "l2", "Startup Cost": 0.82, "Total Cost": 8.95, "Plan Rows": 9, "Plan Width": 16, "Recheck Cond": "(l_orderkey = l1.l_orderkey)", "Filter": "(l_suppkey <> l1.l_suppkey)", "Plans": [{"Node Type": "Bitmap Index Scan", "Parent Relationship": "Outer", "Index Name": "idx_lineitem_orderkey", "Startup Cost": 0.0, "Total Cost": 0.82, "Plan Rows": 9, "Plan Width": 0, "Index Cond": "(l_orderkey = l1.l_orderkey)"}]}]}, {"Node Type": "Bitmap Heap Scan", "Parent Relationship": "Inner", "Relation Name": "orders", "Alias": "orders", "Startup Cost": 0.6, "Total Cost": 4.61, "Plan Rows": 1, "Plan Width": 8, "Recheck Cond": "(o_orderkey = l2.l_orderkey)", "Filter": "(o_orderstatus = 'F'::bpchar)", "Plans": [{"Node Type": "Bitmap Index Scan", "Parent Relationship": "Outer", "Index Name": "orders_pkey", "Startup Cost": 0.0, "Total Cost": 0.6, "Plan Rows": 1, "Plan Width": 0, "Index Cond": "(o_orderkey = l2.l_orderkey)"}]}]}]}]}]}, "Unique SQL Id": 3870093320}, "explain_analyze_plan": null}, "(16, 19)": {"explain_plan": {"Plan": {"Node Type": "Limit", "Startup Cost": 6332151.71, "Total Cost": 6332151.96, "Plan Rows": 100, "Plan Width": 34, "Plans": [{"Node Type": "Sort", "Parent Relationship": "Outer", "Startup Cost": 6332151.71, "Total Cost": 6332174.64, "Plan Rows": 100, "Plan Width": 34, "Sort Key": ["(count(*)) DESC", "supplier.s_name"], "Plans": [{"Node Type": "Aggregate", "Strategy": "Hashed", "Parent Relationship": "Outer", "Startup Cost": 6331709.44, "Total Cost": 6331801.16, "Plan Rows": 9172, "Plan Width": 34, "Group By Key": ["supplier.s_name"], "Plans": [{"Node Type": "Nested Loop", "Parent Relationship": "Outer", "Join Type": "Inner", "Startup Cost": 5822707.84, "Total Cost": 6331663.58, "Plan Rows": 9172, "Plan Width": 26, "Inner Unique": true, "Join Filter": "(l1.l_orderkey = orders.o_orderkey)", "Plans": [{"Node Type": "Nested Loop", "Parent Relationship": "Outer", "Join Type": "Semi", "Startup Cost": 5822707.24, "Total Cost": 6298102.82, "Plan Rows": 7254, "Plan Width": 42, "Inner Unique": false, "Plans": [{"Node Type": "Nested Loop", "Parent Relationship": "Outer", "Join Type": "Anti", "Startup Cost": 5822706.42, "Total Cost": 6282924.27, "Plan Rows": 7635, "Plan Width": 42, "Inner Unique": false, "Plans": [{"Node Type": "Merge Join", "Parent Relationship": "Outer", "Join Type": "Inner", "Startup Cost": 5822705.59, "Total Cost": 5924211.19, "Plan Rows": 152707, "Plan Width": 42, "Inner Unique": false, "Merge Cond": "(supplier.s_suppkey = l1.l_suppkey)", "Plans": [{"Node Type": "Sort", "Parent Relationship": "Outer", "Startup Cost": 2784.04, "Total Cost": 2794.04, "Plan Rows": 4000, "Plan Width": 34, "Sort Key": ["supplier.s_suppkey"], "Plans": [{"Node Type": "Nested Loop", "Parent Relationship": "Outer", "Join Type": "Inner", "Startup Cost": 103.63, "Total Cost": 2544.73, "Plan Rows": 4000, "Plan Width": 34, "Inner Unique": false, "Plans": [{"Node Type": "Bitmap Heap Scan", "Parent Relationship": "Outer", "Relation Name": "nation", "Alias": "nation", "Startup Cost": 8.38, "Total Cost": 12.69, "Plan Rows": 1, "Plan Width": 4, "Filter": "(n_name = 'EGYPT'::bpchar)", "Plans": [{"Node Type": "Bitmap Index Scan", "Parent Relationship": "Outer", "Index Name": "nation_pkey", "Startup Cost": 0.0, "Total Cost": 8.38, "Plan Rows": 25, "Plan Width": 0}]}, {"Node Type": "Bitmap Heap Scan", "Parent Relationship": "Inner", "Relation Name": "supplier", "Alias": "supplier", "Startup Cost": 95.25, "Total Cost": 2492.04, "Plan Rows": 4000, "Plan Width": 38, "Recheck Cond": "(s_nationkey = nation.n_nationkey)", "Plans": [{"Node Type": "Bitmap Index Scan", "Parent Relationship": "Outer", "Index Name": "idx_supplier_nation_key", "Startup Cost": 0.0, "Total Cost": 94.25, "Plan Rows": 4000, "Plan Width": 0, "Index Cond": "(s_nationkey = nation.n_nationkey)"}]}]}]}, {"Node Type": "Sort", "Parent Relationship": "Inner", "Startup Cost": 5819911.62, "Total Cost": 5869900.82, "Plan Rows": 19995678, "Plan Width": 16, "Sort Key": ["l1.l_suppkey"], "Plans": [{"Node Type": "Bitmap Heap Scan", "Parent Relationship": "Outer", "Relation Name": "lineitem", "Alias": "l1", "Startup Cost": 1230034.33, "Total Cost": 3395117.25, "Plan Rows": 19995678, "Plan Width": 16, "Filter": "(l_receiptdate > l_commitdate), (LLVM Optimized)", "Plans": [{"Node Type": "Bitmap Index Scan", "Parent Relationship": "Outer", "Index Name": "idx_lineitem_orderkey", "Startup Cost": 0.0, "Total Cost": 1225035.42, "Plan Rows": 59987033, "Plan Width": 0}]}]}]}, {"Node Type": "Bitmap Heap Scan", "Parent Relationship": "Inner", "Relation Name": "lineitem", "Alias": "l3", "Startup Cost": 0.82, "Total Cost": 8.97, "Plan Rows": 3, "Plan Width": 16, "Recheck Cond": "(l_orderkey = l1.l_orderkey)", "Filter": "((l_receiptdate > l_commitdate) AND (l_suppkey <> l1.l_suppkey))", "Plans": [{"Node Type": "Bitmap Index Scan", "Parent Relationship": "Outer", "Index Name": "idx_lineitem_orderkey", "Startup Cost": 0.0, "Total Cost": 0.82, "Plan Rows": 9, "Plan Width": 0, "Index Cond": "(l_orderkey = l1.l_orderkey)"}]}]}, {"Node Type": "Bitmap Heap Scan", "Parent Relationship": "Inner", "Relation Name": "lineitem", "Alias": "l2", "Startup Cost": 0.82, "Total Cost": 8.95, "Plan Rows": 9, "Plan Width": 16, "Recheck Cond": "(l_orderkey = l1.l_orderkey)", "Filter": "(l_suppkey <> l1.l_suppkey)", "Plans": [{"Node Type": "Bitmap Index Scan", "Parent Relationship": "Outer", "Index Name": "idx_lineitem_orderkey", "Startup Cost": 0.0, "Total Cost": 0.82, "Plan Rows": 9, "Plan Width": 0, "Index Cond": "(l_orderkey = l1.l_orderkey)"}]}]}, {"Node Type": "Bitmap Heap Scan", "Parent Relationship": "Inner", "Relation Name": "orders", "Alias": "orders", "Startup Cost": 0.6, "Total Cost": 4.61, "Plan Rows": 1, "Plan Width": 8, "Recheck Cond": "(o_orderkey = l2.l_orderkey)", "Filter": "(o_orderstatus = 'F'::bpchar)", "Plans": [{"Node Type": "Bitmap Index Scan", "Parent Relationship": "Outer", "Index Name": "orders_pkey", "Startup Cost": 0.0, "Total Cost": 0.6, "Plan Rows": 1, "Plan Width": 0, "Index Cond": "(o_orderkey = l2.l_orderkey)"}]}]}]}]}]}, "Unique SQL Id": 3870093320}, "explain_analyze_plan": null}, "(16, 20)": {"explain_plan": {"Plan": {"Node Type": "Limit", "Startup Cost": 5010321.56, "Total Cost": 5010321.81, "Plan Rows": 100, "Plan Width": 34, "Plans": [{"Node Type": "Sort", "Parent Relationship": "Outer", "Startup Cost": 5010321.56, "Total Cost": 5010344.49, "Plan Rows": 100, "Plan Width": 34, "Sort Key": ["(count(*)) DESC", "supplier.s_name"], "Plans": [{"Node Type": "Aggregate", "Strategy": "Hashed", "Parent Relationship": "Outer", "Startup Cost": 5009879.29, "Total Cost": 5009971.01, "Plan Rows": 9172, "Plan Width": 34, "Group By Key": ["supplier.s_name"], "Plans": [{"Node Type": "Nested Loop", "Parent Relationship": "Outer", "Join Type": "Inner", "Startup Cost": 0.0, "Total Cost": 5009833.43, "Plan Rows": 9172, "Plan Width": 26, "Inner Unique": true, "Join Filter": "(l1.l_orderkey = orders.o_orderkey)", "Plans": [{"Node Type": "Nested Loop", "Parent Relationship": "Outer", "Join Type": "Semi", "Startup Cost": 0.0, "Total Cost": 5002733.06, "Plan Rows": 7254, "Plan Width": 42, "Inner Unique": false, "Plans": [{"Node Type": "Nested Loop", "Parent Relationship": "Outer", "Join Type": "Anti", "Startup Cost": 0.0, "Total Cost": 5000877.5, "Plan Rows": 7635, "Plan Width": 42, "Inner Unique": false, "Plans": [{"Node Type": "Streaming(type: LOCAL GATHER dop: 1/16)", "Parent Relationship": "Outer", "Startup Cost": 0.0, "Total Cost": 4953690.28, "Plan Rows": 152707, "Plan Width": 42, "Plans": [{"Node Type": "Nested Loop", "Parent Relationship": "Outer", "Join Type": "Inner", "Startup Cost": 0.0, "Total Cost": 4950394.55, "Plan Rows": 152707, "Plan Width": 42, "Inner Unique": false, "Join Filter": "(supplier.s_suppkey = l1.l_suppkey), (LLVM Optimized)", "Plans": [{"Node Type": "Streaming(type: LOCAL REDISTRIBUTE dop: 16/1)", "Parent Relationship": "Outer", "Startup Cost": 0.0, "Total Cost": 19700.64, "Plan Rows": 4000, "Plan Width": 34, "Plans": [{"Node Type": "Nested Loop", "Parent Relationship": "Outer", "Join Type": "Inner", "Startup Cost": 0.0, "Total Cost": 4534.31, "Plan Rows": 4000, "Plan Width": 34, "Inner Unique": false, "Join Filter": "(supplier.s_nationkey = nation.n_nationkey)", "Plans": [{"Node Type": "Seq Scan", "Parent Relationship": "Outer", "Relation Name": "nation", "Alias": "nation", "Startup Cost": 0.0, "Total Cost": 1.31, "Plan Rows": 1, "Plan Width": 4, "Filter": "(n_name = 'EGYPT'::bpchar)"}, {"Node Type": "Seq Scan", "Parent Relationship": "Inner", "Relation Name": "supplier", "Alias": "supplier", "Startup Cost": 0.0, "Total Cost": 3283.0, "Plan Rows": 100000, "Plan Width": 38}]}]}, {"Node Type": "Materialize", "Parent Relationship": "Inner", "Startup Cost": 0.0, "Total Cost": 247331.21, "Plan Rows": 19995678, "Plan Width": 16, "Plans": [{"Node Type": "Streaming(type: LOCAL REDISTRIBUTE dop: 16/16)", "Parent Relationship": "Outer", "Startup Cost": 0.0, "Total Cost": 241082.56, "Plan Rows": 19995678, "Plan Width": 16, "Plans": [{"Node Type": "Seq Scan", "Parent Relationship": "Outer", "Relation Name": "lineitem", "Alias": "l1", "Startup Cost": 0.0, "Total Cost": 150317.68, "Plan Rows": 19995678, "Plan Width": 16, "Filter": "(l_receiptdate > l_commitdate), (LLVM Optimized)"}]}]}]}]}, {"Node Type": "Index Scan", "Parent Relationship": "Inner", "Scan Direction": "Forward", "Index Name": "idx_lineitem_orderkey", "Relation Name": "lineitem", "Alias": "l3", "Startup Cost": 0.0, "Total Cost": 1.63, "Plan Rows": 3, "Plan Width": 16, "Index Cond": "(l_orderkey = l1.l_orderkey)", "Filter": "((l_receiptdate > l_commitdate) AND (l_suppkey <> l1.l_suppkey))"}]}, {"Node Type": "Index Scan", "Parent Relationship": "Inner", "Scan Direction": "Forward", "Index Name": "idx_lineitem_orderkey", "Relation Name": "lineitem", "Alias": "l2", "Startup Cost": 0.0, "Total Cost": 1.63, "Plan Rows": 9, "Plan Width": 16, "Index Cond": "(l_orderkey = l1.l_orderkey)", "Filter": "(l_suppkey <> l1.l_suppkey)"}]}, {"Node Type": "Index Scan", "Parent Relationship": "Inner", "Scan Direction": "Forward", "Index Name": "orders_pkey", "Relation Name": "orders", "Alias": "orders", "Startup Cost": 0.0, "Total Cost": 0.97, "Plan Rows": 1, "Plan Width": 8, "Index Cond": "(o_orderkey = l2.l_orderkey)", "Filter": "(o_orderstatus = 'F'::bpchar)"}]}]}]}]}, "Unique SQL Id": 3870093320}, "explain_analyze_plan": null}, "(16, 21)": {"explain_plan": {"Plan": {"Node Type": "Limit", "Startup Cost": 7564216.25, "Total Cost": 7564216.5, "Plan Rows": 100, "Plan Width": 34, "Plans": [{"Node Type": "Sort", "Parent Relationship": "Outer", "Startup Cost": 7564216.25, "Total Cost": 7564239.18, "Plan Rows": 100, "Plan Width": 34, "Sort Key": ["(count(*)) DESC", "supplier.s_name"], "Plans": [{"Node Type": "Aggregate", "Strategy": "Hashed", "Parent Relationship": "Outer", "Startup Cost": 7563773.98, "Total Cost": 7563865.7, "Plan Rows": 9172, "Plan Width": 34, "Group By Key": ["supplier.s_name"], "Plans": [{"Node Type": "Nested Loop", "Parent Relationship": "Outer", "Join Type": "Inner", "Startup Cost": 0.0, "Total Cost": 7563728.12, "Plan Rows": 9172, "Plan Width": 26, "Inner Unique": true, "Join Filter": "(l1.l_orderkey = orders.o_orderkey)", "Plans": [{"Node Type": "Nested Loop", "Parent Relationship": "Outer", "Join Type": "Semi", "Startup Cost": 0.0, "Total Cost": 7556627.75, "Plan Rows": 7254, "Plan Width": 42, "Inner Unique": false, "Plans": [{"Node Type": "Nested Loop", "Parent Relationship": "Outer", "Join Type": "Anti", "Startup Cost": 0.0, "Total Cost": 7554772.19, "Plan Rows": 7635, "Plan Width": 42, "Inner Unique": false, "Plans": [{"Node Type": "Streaming(type: LOCAL GATHER dop: 1/16)", "Parent Relationship": "Outer", "Startup Cost": 0.0, "Total Cost": 7507584.97, "Plan Rows": 152707, "Plan Width": 42, "Plans": [{"Node Type": "Nested Loop", "Parent Relationship": "Outer", "Join Type": "Inner", "Startup Cost": 0.0, "Total Cost": 7504289.24, "Plan Rows": 152707, "Plan Width": 42, "Inner Unique": false, "Join Filter": "(supplier.s_suppkey = l1.l_suppkey), (LLVM Optimized)", "Plans": [{"Node Type": "Streaming(type: LOCAL REDISTRIBUTE dop: 16/1)", "Parent Relationship": "Outer", "Startup Cost": 0.0, "Total Cost": 21764.73, "Plan Rows": 4000, "Plan Width": 34, "Plans": [{"Node Type": "Nested Loop", "Parent Relationship": "Outer", "Join Type": "Inner", "Startup Cost": 0.0, "Total Cost": 6598.4, "Plan Rows": 4000, "Plan Width": 34, "Inner Unique": false, "Join Filter": "(supplier.s_nationkey = nation.n_nationkey)", "Plans": [{"Node Type": "Index Scan", "Parent Relationship": "Outer", "Scan Direction": "Forward", "Index Name": "nation_pkey", "Relation Name": "nation", "Alias": "nation", "Startup Cost": 0.0, "Total Cost": 12.69, "Plan Rows": 1, "Plan Width": 4, "Filter": "(n_name = 'EGYPT'::bpchar)"}, {"Node Type": "Index Scan", "Parent Relationship": "Inner", "Scan Direction": "Forward", "Index Name": "supplier_pkey", "Relation Name": "supplier", "Alias": "supplier", "Startup Cost": 0.0, "Total Cost": 5335.71, "Plan Rows": 100000, "Plan Width": 38}]}]}, {"Node Type": "Materialize", "Parent Relationship": "Inner", "Startup Cost": 0.0, "Total Cost": 2799161.81, "Plan Rows": 19995678, "Plan Width": 16, "Plans": [{"Node Type": "Streaming(type: LOCAL REDISTRIBUTE dop: 16/16)", "Parent Relationship": "Outer", "Startup Cost": 0.0, "Total Cost": 2792913.16, "Plan Rows": 19995678, "Plan Width": 16, "Plans": [{"Node Type": "Index Scan", "Parent Relationship": "Outer", "Scan Direction": "Forward", "Index Name": "idx_lineitem_orderkey", "Relation Name": "lineitem", "Alias": "l1", "Startup Cost": 0.0, "Total Cost": 2702148.28, "Plan Rows": 19995678, "Plan Width": 16, "Filter": "(l_receiptdate > l_commitdate), (LLVM Optimized)"}]}]}]}]}, {"Node Type": "Index Scan", "Parent Relationship": "Inner", "Scan Direction": "Forward", "Index Name": "idx_lineitem_orderkey", "Relation Name": "lineitem", "Alias": "l3", "Startup Cost": 0.0, "Total Cost": 1.63, "Plan Rows": 3, "Plan Width": 16, "Index Cond": "(l_orderkey = l1.l_orderkey)", "Filter": "((l_receiptdate > l_commitdate) AND (l_suppkey <> l1.l_suppkey))"}]}, {"Node Type": "Index Scan", "Parent Relationship": "Inner", "Scan Direction": "Forward", "Index Name": "idx_lineitem_orderkey", "Relation Name": "lineitem", "Alias": "l2", "Startup Cost": 0.0, "Total Cost": 1.63, "Plan Rows": 9, "Plan Width": 16, "Index Cond": "(l_orderkey = l1.l_orderkey)", "Filter": "(l_suppkey <> l1.l_suppkey)"}]}, {"Node Type": "Index Scan", "Parent Relationship": "Inner", "Scan Direction": "Forward", "Index Name": "orders_pkey", "Relation Name": "orders", "Alias": "orders", "Startup Cost": 0.0, "Total Cost": 0.97, "Plan Rows": 1, "Plan Width": 8, "Index Cond": "(o_orderkey = l2.l_orderkey)", "Filter": "(o_orderstatus = 'F'::bpchar)"}]}]}]}]}, "Unique SQL Id": 3870093320}, "explain_analyze_plan": null}, "(16, 22)": {"explain_plan": {"Plan": {"Node Type": "Limit", "Startup Cost": 5361630.8, "Total Cost": 5361631.05, "Plan Rows": 100, "Plan Width": 34, "Plans": [{"Node Type": "Sort", "Parent Relationship": "Outer", "Startup Cost": 5361630.8, "Total Cost": 5361653.73, "Plan Rows": 100, "Plan Width": 34, "Sort Key": ["(count(*)) DESC", "supplier.s_name"], "Plans": [{"Node Type": "Aggregate", "Strategy": "Hashed", "Parent Relationship": "Outer", "Startup Cost": 5361188.53, "Total Cost": 5361280.25, "Plan Rows": 9172, "Plan Width": 34, "Group By Key": ["supplier.s_name"], "Plans": [{"Node Type": "Nested Loop", "Parent Relationship": "Outer", "Join Type": "Inner", "Startup Cost": 2.25, "Total Cost": 5361142.67, "Plan Rows": 9172, "Plan Width": 26, "Inner Unique": true, "Join Filter": "(l1.l_orderkey = orders.o_orderkey)", "Plans": [{"Node Type": "Nested Loop", "Parent Relationship": "Outer", "Join Type": "Semi", "Startup Cost": 1.65, "Total Cost": 5327581.91, "Plan Rows": 7254, "Plan Width": 42, "Inner Unique": false, "Plans": [{"Node Type": "Nested Loop", "Parent Relationship": "Outer", "Join Type": "Anti", "Startup Cost": 0.82, "Total Cost": 5312403.36, "Plan Rows": 7635, "Plan Width": 42, "Inner Unique": false, "Plans": [{"Node Type": "Streaming(type: LOCAL GATHER dop: 1/16)", "Parent Relationship": "Outer", "Startup Cost": 0.0, "Total Cost": 4953690.28, "Plan Rows": 152707, "Plan Width": 42, "Plans": [{"Node Type": "Nested Loop", "Parent Relationship": "Outer", "Join Type": "Inner", "Startup Cost": 0.0, "Total Cost": 4950394.55, "Plan Rows": 152707, "Plan Width": 42, "Inner Unique": false, "Join Filter": "(supplier.s_suppkey = l1.l_suppkey), (LLVM Optimized)", "Plans": [{"Node Type": "Streaming(type: LOCAL REDISTRIBUTE dop: 16/1)", "Parent Relationship": "Outer", "Startup Cost": 0.0, "Total Cost": 19700.64, "Plan Rows": 4000, "Plan Width": 34, "Plans": [{"Node Type": "Nested Loop", "Parent Relationship": "Outer", "Join Type": "Inner", "Startup Cost": 0.0, "Total Cost": 4534.31, "Plan Rows": 4000, "Plan Width": 34, "Inner Unique": false, "Join Filter": "(supplier.s_nationkey = nation.n_nationkey)", "Plans": [{"Node Type": "Seq Scan", "Parent Relationship": "Outer", "Relation Name": "nation", "Alias": "nation", "Startup Cost": 0.0, "Total Cost": 1.31, "Plan Rows": 1, "Plan Width": 4, "Filter": "(n_name = 'EGYPT'::bpchar)"}, {"Node Type": "Seq Scan", "Parent Relationship": "Inner", "Relation Name": "supplier", "Alias": "supplier", "Startup Cost": 0.0, "Total Cost": 3283.0, "Plan Rows": 100000, "Plan Width": 38}]}]}, {"Node Type": "Materialize", "Parent Relationship": "Inner", "Startup Cost": 0.0, "Total Cost": 247331.21, "Plan Rows": 19995678, "Plan Width": 16, "Plans": [{"Node Type": "Streaming(type: LOCAL REDISTRIBUTE dop: 16/16)", "Parent Relationship": "Outer", "Startup Cost": 0.0, "Total Cost": 241082.56, "Plan Rows": 19995678, "Plan Width": 16, "Plans": [{"Node Type": "Seq Scan", "Parent Relationship": "Outer", "Relation Name": "lineitem", "Alias": "l1", "Startup Cost": 0.0, "Total Cost": 150317.68, "Plan Rows": 19995678, "Plan Width": 16, "Filter": "(l_receiptdate > l_commitdate), (LLVM Optimized)"}]}]}]}]}, {"Node Type": "Bitmap Heap Scan", "Parent Relationship": "Inner", "Relation Name": "lineitem", "Alias": "l3", "Startup Cost": 0.82, "Total Cost": 8.97, "Plan Rows": 3, "Plan Width": 16, "Recheck Cond": "(l_orderkey = l1.l_orderkey)", "Filter": "((l_receiptdate > l_commitdate) AND (l_suppkey <> l1.l_suppkey))", "Plans": [{"Node Type": "Bitmap Index Scan", "Parent Relationship": "Outer", "Index Name": "idx_lineitem_orderkey", "Startup Cost": 0.0, "Total Cost": 0.82, "Plan Rows": 9, "Plan Width": 0, "Index Cond": "(l_orderkey = l1.l_orderkey)"}]}]}, {"Node Type": "Bitmap Heap Scan", "Parent Relationship": "Inner", "Relation Name": "lineitem", "Alias": "l2", "Startup Cost": 0.82, "Total Cost": 8.95, "Plan Rows": 9, "Plan Width": 16, "Recheck Cond": "(l_orderkey = l1.l_orderkey)", "Filter": "(l_suppkey <> l1.l_suppkey)", "Plans": [{"Node Type": "Bitmap Index Scan", "Parent Relationship": "Outer", "Index Name": "idx_lineitem_orderkey", "Startup Cost": 0.0, "Total Cost": 0.82, "Plan Rows": 9, "Plan Width": 0, "Index Cond": "(l_orderkey = l1.l_orderkey)"}]}]}, {"Node Type": "Bitmap Heap Scan", "Parent Relationship": "Inner", "Relation Name": "orders", "Alias": "orders", "Startup Cost": 0.6, "Total Cost": 4.61, "Plan Rows": 1, "Plan Width": 8, "Recheck Cond": "(o_orderkey = l2.l_orderkey)", "Filter": "(o_orderstatus = 'F'::bpchar)", "Plans": [{"Node Type": "Bitmap Index Scan", "Parent Relationship": "Outer", "Index Name": "orders_pkey", "Startup Cost": 0.0, "Total Cost": 0.6, "Plan Rows": 1, "Plan Width": 0, "Index Cond": "(o_orderkey = l2.l_orderkey)"}]}]}]}]}]}, "Unique SQL Id": 3870093320}, "explain_analyze_plan": null}, "(16, 23)": {"explain_plan": {"Plan": {"Node Type": "Limit", "Startup Cost": 6332151.71, "Total Cost": 6332151.96, "Plan Rows": 100, "Plan Width": 34, "Plans": [{"Node Type": "Sort", "Parent Relationship": "Outer", "Startup Cost": 6332151.71, "Total Cost": 6332174.64, "Plan Rows": 100, "Plan Width": 34, "Sort Key": ["(count(*)) DESC", "supplier.s_name"], "Plans": [{"Node Type": "Aggregate", "Strategy": "Hashed", "Parent Relationship": "Outer", "Startup Cost": 6331709.44, "Total Cost": 6331801.16, "Plan Rows": 9172, "Plan Width": 34, "Group By Key": ["supplier.s_name"], "Plans": [{"Node Type": "Nested Loop", "Parent Relationship": "Outer", "Join Type": "Inner", "Startup Cost": 5822707.84, "Total Cost": 6331663.58, "Plan Rows": 9172, "Plan Width": 26, "Inner Unique": true, "Join Filter": "(l1.l_orderkey = orders.o_orderkey)", "Plans": [{"Node Type": "Nested Loop", "Parent Relationship": "Outer", "Join Type": "Semi", "Startup Cost": 5822707.24, "Total Cost": 6298102.82, "Plan Rows": 7254, "Plan Width": 42, "Inner Unique": false, "Plans": [{"Node Type": "Nested Loop", "Parent Relationship": "Outer", "Join Type": "Anti", "Startup Cost": 5822706.42, "Total Cost": 6282924.27, "Plan Rows": 7635, "Plan Width": 42, "Inner Unique": false, "Plans": [{"Node Type": "Merge Join", "Parent Relationship": "Outer", "Join Type": "Inner", "Startup Cost": 5822705.59, "Total Cost": 5924211.19, "Plan Rows": 152707, "Plan Width": 42, "Inner Unique": false, "Merge Cond": "(supplier.s_suppkey = l1.l_suppkey)", "Plans": [{"Node Type": "Sort", "Parent Relationship": "Outer", "Startup Cost": 2784.04, "Total Cost": 2794.04, "Plan Rows": 4000, "Plan Width": 34, "Sort Key": ["supplier.s_suppkey"], "Plans": [{"Node Type": "Nested Loop", "Parent Relationship": "Outer", "Join Type": "Inner", "Startup Cost": 103.63, "Total Cost": 2544.73, "Plan Rows": 4000, "Plan Width": 34, "Inner Unique": false, "Plans": [{"Node Type": "Bitmap Heap Scan", "Parent Relationship": "Outer", "Relation Name": "nation", "Alias": "nation", "Startup Cost": 8.38, "Total Cost": 12.69, "Plan Rows": 1, "Plan Width": 4, "Filter": "(n_name = 'EGYPT'::bpchar)", "Plans": [{"Node Type": "Bitmap Index Scan", "Parent Relationship": "Outer", "Index Name": "nation_pkey", "Startup Cost": 0.0, "Total Cost": 8.38, "Plan Rows": 25, "Plan Width": 0}]}, {"Node Type": "Bitmap Heap Scan", "Parent Relationship": "Inner", "Relation Name": "supplier", "Alias": "supplier", "Startup Cost": 95.25, "Total Cost": 2492.04, "Plan Rows": 4000, "Plan Width": 38, "Recheck Cond": "(s_nationkey = nation.n_nationkey)", "Plans": [{"Node Type": "Bitmap Index Scan", "Parent Relationship": "Outer", "Index Name": "idx_supplier_nation_key", "Startup Cost": 0.0, "Total Cost": 94.25, "Plan Rows": 4000, "Plan Width": 0, "Index Cond": "(s_nationkey = nation.n_nationkey)"}]}]}]}, {"Node Type": "Sort", "Parent Relationship": "Inner", "Startup Cost": 5819911.62, "Total Cost": 5869900.82, "Plan Rows": 19995678, "Plan Width": 16, "Sort Key": ["l1.l_suppkey"], "Plans": [{"Node Type": "Bitmap Heap Scan", "Parent Relationship": "Outer", "Relation Name": "lineitem", "Alias": "l1", "Startup Cost": 1230034.33, "Total Cost": 3395117.25, "Plan Rows": 19995678, "Plan Width": 16, "Filter": "(l_receiptdate > l_commitdate), (LLVM Optimized)", "Plans": [{"Node Type": "Bitmap Index Scan", "Parent Relationship": "Outer", "Index Name": "idx_lineitem_orderkey", "Startup Cost": 0.0, "Total Cost": 1225035.42, "Plan Rows": 59987033, "Plan Width": 0}]}]}]}, {"Node Type": "Bitmap Heap Scan", "Parent Relationship": "Inner", "Relation Name": "lineitem", "Alias": "l3", "Startup Cost": 0.82, "Total Cost": 8.97, "Plan Rows": 3, "Plan Width": 16, "Recheck Cond": "(l_orderkey = l1.l_orderkey)", "Filter": "((l_receiptdate > l_commitdate) AND (l_suppkey <> l1.l_suppkey))", "Plans": [{"Node Type": "Bitmap Index Scan", "Parent Relationship": "Outer", "Index Name": "idx_lineitem_orderkey", "Startup Cost": 0.0, "Total Cost": 0.82, "Plan Rows": 9, "Plan Width": 0, "Index Cond": "(l_orderkey = l1.l_orderkey)"}]}]}, {"Node Type": "Bitmap Heap Scan", "Parent Relationship": "Inner", "Relation Name": "lineitem", "Alias": "l2", "Startup Cost": 0.82, "Total Cost": 8.95, "Plan Rows": 9, "Plan Width": 16, "Recheck Cond": "(l_orderkey = l1.l_orderkey)", "Filter": "(l_suppkey <> l1.l_suppkey)", "Plans": [{"Node Type": "Bitmap Index Scan", "Parent Relationship": "Outer", "Index Name": "idx_lineitem_orderkey", "Startup Cost": 0.0, "Total Cost": 0.82, "Plan Rows": 9, "Plan Width": 0, "Index Cond": "(l_orderkey = l1.l_orderkey)"}]}]}, {"Node Type": "Bitmap Heap Scan", "Parent Relationship": "Inner", "Relation Name": "orders", "Alias": "orders", "Startup Cost": 0.6, "Total Cost": 4.61, "Plan Rows": 1, "Plan Width": 8, "Recheck Cond": "(o_orderkey = l2.l_orderkey)", "Filter": "(o_orderstatus = 'F'::bpchar)", "Plans": [{"Node Type": "Bitmap Index Scan", "Parent Relationship": "Outer", "Index Name": "orders_pkey", "Startup Cost": 0.0, "Total Cost": 0.6, "Plan Rows": 1, "Plan Width": 0, "Index Cond": "(o_orderkey = l2.l_orderkey)"}]}]}]}]}]}, "Unique SQL Id": 3870093320}, "explain_analyze_plan": null}, "(16, 24)": {"explain_plan": {"Plan": {"Node Type": "Limit", "Startup Cost": 5010321.56, "Total Cost": 5010321.81, "Plan Rows": 100, "Plan Width": 34, "Plans": [{"Node Type": "Sort", "Parent Relationship": "Outer", "Startup Cost": 5010321.56, "Total Cost": 5010344.49, "Plan Rows": 100, "Plan Width": 34, "Sort Key": ["(count(*)) DESC", "supplier.s_name"], "Plans": [{"Node Type": "Aggregate", "Strategy": "Hashed", "Parent Relationship": "Outer", "Startup Cost": 5009879.29, "Total Cost": 5009971.01, "Plan Rows": 9172, "Plan Width": 34, "Group By Key": ["supplier.s_name"], "Plans": [{"Node Type": "Nested Loop", "Parent Relationship": "Outer", "Join Type": "Inner", "Startup Cost": 0.0, "Total Cost": 5009833.43, "Plan Rows": 9172, "Plan Width": 26, "Inner Unique": true, "Join Filter": "(l1.l_orderkey = orders.o_orderkey)", "Plans": [{"Node Type": "Nested Loop", "Parent Relationship": "Outer", "Join Type": "Semi", "Startup Cost": 0.0, "Total Cost": 5002733.06, "Plan Rows": 7254, "Plan Width": 42, "Inner Unique": false, "Plans": [{"Node Type": "Nested Loop", "Parent Relationship": "Outer", "Join Type": "Anti", "Startup Cost": 0.0, "Total Cost": 5000877.5, "Plan Rows": 7635, "Plan Width": 42, "Inner Unique": false, "Plans": [{"Node Type": "Streaming(type: LOCAL GATHER dop: 1/16)", "Parent Relationship": "Outer", "Startup Cost": 0.0, "Total Cost": 4953690.28, "Plan Rows": 152707, "Plan Width": 42, "Plans": [{"Node Type": "Nested Loop", "Parent Relationship": "Outer", "Join Type": "Inner", "Startup Cost": 0.0, "Total Cost": 4950394.55, "Plan Rows": 152707, "Plan Width": 42, "Inner Unique": false, "Join Filter": "(supplier.s_suppkey = l1.l_suppkey), (LLVM Optimized)", "Plans": [{"Node Type": "Streaming(type: LOCAL REDISTRIBUTE dop: 16/1)", "Parent Relationship": "Outer", "Startup Cost": 0.0, "Total Cost": 19700.64, "Plan Rows": 4000, "Plan Width": 34, "Plans": [{"Node Type": "Nested Loop", "Parent Relationship": "Outer", "Join Type": "Inner", "Startup Cost": 0.0, "Total Cost": 4534.31, "Plan Rows": 4000, "Plan Width": 34, "Inner Unique": false, "Join Filter": "(supplier.s_nationkey = nation.n_nationkey)", "Plans": [{"Node Type": "Seq Scan", "Parent Relationship": "Outer", "Relation Name": "nation", "Alias": "nation", "Startup Cost": 0.0, "Total Cost": 1.31, "Plan Rows": 1, "Plan Width": 4, "Filter": "(n_name = 'EGYPT'::bpchar)"}, {"Node Type": "Seq Scan", "Parent Relationship": "Inner", "Relation Name": "supplier", "Alias": "supplier", "Startup Cost": 0.0, "Total Cost": 3283.0, "Plan Rows": 100000, "Plan Width": 38}]}]}, {"Node Type": "Materialize", "Parent Relationship": "Inner", "Startup Cost": 0.0, "Total Cost": 247331.21, "Plan Rows": 19995678, "Plan Width": 16, "Plans": [{"Node Type": "Streaming(type: LOCAL REDISTRIBUTE dop: 16/16)", "Parent Relationship": "Outer", "Startup Cost": 0.0, "Total Cost": 241082.56, "Plan Rows": 19995678, "Plan Width": 16, "Plans": [{"Node Type": "Seq Scan", "Parent Relationship": "Outer", "Relation Name": "lineitem", "Alias": "l1", "Startup Cost": 0.0, "Total Cost": 150317.68, "Plan Rows": 19995678, "Plan Width": 16, "Filter": "(l_receiptdate > l_commitdate), (LLVM Optimized)"}]}]}]}]}, {"Node Type": "Index Scan", "Parent Relationship": "Inner", "Scan Direction": "Forward", "Index Name": "idx_lineitem_orderkey", "Relation Name": "lineitem", "Alias": "l3", "Startup Cost": 0.0, "Total Cost": 1.63, "Plan Rows": 3, "Plan Width": 16, "Index Cond": "(l_orderkey = l1.l_orderkey)", "Filter": "((l_receiptdate > l_commitdate) AND (l_suppkey <> l1.l_suppkey))"}]}, {"Node Type": "Index Scan", "Parent Relationship": "Inner", "Scan Direction": "Forward", "Index Name": "idx_lineitem_orderkey", "Relation Name": "lineitem", "Alias": "l2", "Startup Cost": 0.0, "Total Cost": 1.63, "Plan Rows": 9, "Plan Width": 16, "Index Cond": "(l_orderkey = l1.l_orderkey)", "Filter": "(l_suppkey <> l1.l_suppkey)"}]}, {"Node Type": "Index Scan", "Parent Relationship": "Inner", "Scan Direction": "Forward", "Index Name": "orders_pkey", "Relation Name": "orders", "Alias": "orders", "Startup Cost": 0.0, "Total Cost": 0.97, "Plan Rows": 1, "Plan Width": 8, "Index Cond": "(o_orderkey = l2.l_orderkey)", "Filter": "(o_orderstatus = 'F'::bpchar)"}]}]}]}]}, "Unique SQL Id": 3870093320}, "explain_analyze_plan": null}, "(16, 25)": {"explain_plan": {"Plan": {"Node Type": "Limit", "Startup Cost": 7564216.25, "Total Cost": 7564216.5, "Plan Rows": 100, "Plan Width": 34, "Plans": [{"Node Type": "Sort", "Parent Relationship": "Outer", "Startup Cost": 7564216.25, "Total Cost": 7564239.18, "Plan Rows": 100, "Plan Width": 34, "Sort Key": ["(count(*)) DESC", "supplier.s_name"], "Plans": [{"Node Type": "Aggregate", "Strategy": "Hashed", "Parent Relationship": "Outer", "Startup Cost": 7563773.98, "Total Cost": 7563865.7, "Plan Rows": 9172, "Plan Width": 34, "Group By Key": ["supplier.s_name"], "Plans": [{"Node Type": "Nested Loop", "Parent Relationship": "Outer", "Join Type": "Inner", "Startup Cost": 0.0, "Total Cost": 7563728.12, "Plan Rows": 9172, "Plan Width": 26, "Inner Unique": true, "Join Filter": "(l1.l_orderkey = orders.o_orderkey)", "Plans": [{"Node Type": "Nested Loop", "Parent Relationship": "Outer", "Join Type": "Semi", "Startup Cost": 0.0, "Total Cost": 7556627.75, "Plan Rows": 7254, "Plan Width": 42, "Inner Unique": false, "Plans": [{"Node Type": "Nested Loop", "Parent Relationship": "Outer", "Join Type": "Anti", "Startup Cost": 0.0, "Total Cost": 7554772.19, "Plan Rows": 7635, "Plan Width": 42, "Inner Unique": false, "Plans": [{"Node Type": "Streaming(type: LOCAL GATHER dop: 1/16)", "Parent Relationship": "Outer", "Startup Cost": 0.0, "Total Cost": 7507584.97, "Plan Rows": 152707, "Plan Width": 42, "Plans": [{"Node Type": "Nested Loop", "Parent Relationship": "Outer", "Join Type": "Inner", "Startup Cost": 0.0, "Total Cost": 7504289.24, "Plan Rows": 152707, "Plan Width": 42, "Inner Unique": false, "Join Filter": "(supplier.s_suppkey = l1.l_suppkey), (LLVM Optimized)", "Plans": [{"Node Type": "Streaming(type: LOCAL REDISTRIBUTE dop: 16/1)", "Parent Relationship": "Outer", "Startup Cost": 0.0, "Total Cost": 21764.73, "Plan Rows": 4000, "Plan Width": 34, "Plans": [{"Node Type": "Nested Loop", "Parent Relationship": "Outer", "Join Type": "Inner", "Startup Cost": 0.0, "Total Cost": 6598.4, "Plan Rows": 4000, "Plan Width": 34, "Inner Unique": false, "Join Filter": "(supplier.s_nationkey = nation.n_nationkey)", "Plans": [{"Node Type": "Index Scan", "Parent Relationship": "Outer", "Scan Direction": "Forward", "Index Name": "nation_pkey", "Relation Name": "nation", "Alias": "nation", "Startup Cost": 0.0, "Total Cost": 12.69, "Plan Rows": 1, "Plan Width": 4, "Filter": "(n_name = 'EGYPT'::bpchar)"}, {"Node Type": "Index Scan", "Parent Relationship": "Inner", "Scan Direction": "Forward", "Index Name": "supplier_pkey", "Relation Name": "supplier", "Alias": "supplier", "Startup Cost": 0.0, "Total Cost": 5335.71, "Plan Rows": 100000, "Plan Width": 38}]}]}, {"Node Type": "Materialize", "Parent Relationship": "Inner", "Startup Cost": 0.0, "Total Cost": 2799161.81, "Plan Rows": 19995678, "Plan Width": 16, "Plans": [{"Node Type": "Streaming(type: LOCAL REDISTRIBUTE dop: 16/16)", "Parent Relationship": "Outer", "Startup Cost": 0.0, "Total Cost": 2792913.16, "Plan Rows": 19995678, "Plan Width": 16, "Plans": [{"Node Type": "Index Scan", "Parent Relationship": "Outer", "Scan Direction": "Forward", "Index Name": "idx_lineitem_orderkey", "Relation Name": "lineitem", "Alias": "l1", "Startup Cost": 0.0, "Total Cost": 2702148.28, "Plan Rows": 19995678, "Plan Width": 16, "Filter": "(l_receiptdate > l_commitdate), (LLVM Optimized)"}]}]}]}]}, {"Node Type": "Index Scan", "Parent Relationship": "Inner", "Scan Direction": "Forward", "Index Name": "idx_lineitem_orderkey", "Relation Name": "lineitem", "Alias": "l3", "Startup Cost": 0.0, "Total Cost": 1.63, "Plan Rows": 3, "Plan Width": 16, "Index Cond": "(l_orderkey = l1.l_orderkey)", "Filter": "((l_receiptdate > l_commitdate) AND (l_suppkey <> l1.l_suppkey))"}]}, {"Node Type": "Index Scan", "Parent Relationship": "Inner", "Scan Direction": "Forward", "Index Name": "idx_lineitem_orderkey", "Relation Name": "lineitem", "Alias": "l2", "Startup Cost": 0.0, "Total Cost": 1.63, "Plan Rows": 9, "Plan Width": 16, "Index Cond": "(l_orderkey = l1.l_orderkey)", "Filter": "(l_suppkey <> l1.l_suppkey)"}]}, {"Node Type": "Index Scan", "Parent Relationship": "Inner", "Scan Direction": "Forward", "Index Name": "orders_pkey", "Relation Name": "orders", "Alias": "orders", "Startup Cost": 0.0, "Total Cost": 0.97, "Plan Rows": 1, "Plan Width": 8, "Index Cond": "(o_orderkey = l2.l_orderkey)", "Filter": "(o_orderstatus = 'F'::bpchar)"}]}]}]}]}, "Unique SQL Id": 3870093320}, "explain_analyze_plan": null}, "(16, 26)": {"explain_plan": {"Plan": {"Node Type": "Limit", "Startup Cost": 52247241.08, "Total Cost": 52247241.33, "Plan Rows": 100, "Plan Width": 34, "Plans": [{"Node Type": "Sort", "Parent Relationship": "Outer", "Startup Cost": 52247241.08, "Total Cost": 52247241.33, "Plan Rows": 100, "Plan Width": 34, "Sort Key": ["(count(*)) DESC", "supplier.s_name"], "Plans": [{"Node Type": "Streaming(type: LOCAL GATHER dop: 1/16)", "Parent Relationship": "Outer", "Startup Cost": 52247236.93, "Total Cost": 52247237.75, "Plan Rows": 100, "Plan Width": 34, "Plans": [{"Node Type": "Limit", "Parent Relationship": "Outer", "Startup Cost": 52247236.93, "Total Cost": 52247237.18, "Plan Rows": 100, "Plan Width": 34, "Plans": [{"Node Type": "Sort", "Parent Relationship": "Outer", "Startup Cost": 52247236.93, "Total Cost": 52247259.86, "Plan Rows": 100, "Plan Width": 34, "Sort Key": ["(count(*)) DESC", "supplier.s_name"], "Plans": [{"Node Type": "Aggregate", "Strategy": "Hashed", "Parent Relationship": "Outer", "Startup Cost": 52246880.65, "Total Cost": 52246886.38, "Plan Rows": 9172, "Plan Width": 34, "Group By Key": ["supplier.s_name"], "Plans": [{"Node Type": "Streaming(type: LOCAL REDISTRIBUTE dop: 16/16)", "Parent Relationship": "Outer", "Startup Cost": 0.0, "Total Cost": 52246877.78, "Plan Rows": 9172, "Plan Width": 26, "Plans": [{"Node Type": "Nested Loop", "Parent Relationship": "Outer", "Join Type": "Inner", "Startup Cost": 0.0, "Total Cost": 52246577.9, "Plan Rows": 9172, "Plan Width": 26, "Inner Unique": false, "Join Filter": "(l1.l_orderkey = orders.o_orderkey)", "Plans": [{"Node Type": "Streaming(type: LOCAL REDISTRIBUTE dop: 16/16)", "Parent Relationship": "Outer", "Startup Cost": 0.0, "Total Cost": 86801.75, "Plan Rows": 7338812, "Plan Width": 8, "Plans": [{"Node Type": "Seq Scan", "Parent Relationship": "Outer", "Relation Name": "orders", "Alias": "orders", "Startup Cost": 0.0, "Total Cost": 43994.53, "Plan Rows": 7338812, "Plan Width": 8, "Filter": "(o_orderstatus = 'F'::bpchar), (LLVM Optimized)"}]}, {"Node Type": "Materialize", "Parent Relationship": "Inner", "Startup Cost": 0.0, "Total Cost": 49040495.52, "Plan Rows": 7254, "Plan Width": 42, "Plans": [{"Node Type": "Streaming(type: LOCAL REDISTRIBUTE dop: 16/16)", "Parent Relationship": "Outer", "Startup Cost": 0.0, "Total Cost": 49040493.25, "Plan Rows": 7254, "Plan Width": 42, "Plans": [{"Node Type": "Nested Loop", "Parent Relationship": "Outer", "Join Type": "Semi", "Startup Cost": 0.0, "Total Cost": 49025465.76, "Plan Rows": 7254, "Plan Width": 42, "Inner Unique": false, "Join Filter": "((l2.l_suppkey <> l1.l_suppkey) AND (l1.l_orderkey = l2.l_orderkey))", "Plans": [{"Node Type": "Streaming(type: LOCAL REDISTRIBUTE dop: 16/16)", "Parent Relationship": "Outer", "Startup Cost": 0.0, "Total Cost": 44175250.61, "Plan Rows": 7635, "Plan Width": 42, "Plans": [{"Node Type": "Nested Loop", "Parent Relationship": "Outer", "Join Type": "Anti", "Startup Cost": 0.0, "Total Cost": 44160221.68, "Plan Rows": 7635, "Plan Width": 42, "Inner Unique": false, "Join Filter": "((l3.l_suppkey <> l1.l_suppkey) AND (l3.l_orderkey = l1.l_orderkey))", "Plans": [{"Node Type": "Streaming(type: LOCAL REDISTRIBUTE dop: 16/16)", "Parent Relationship": "Outer", "Startup Cost": 0.0, "Total Cost": 4965973.17, "Plan Rows": 152707, "Plan Width": 42, "Plans": [{"Node Type": "Nested Loop", "Parent Relationship": "Outer", "Join Type": "Inner", "Startup Cost": 0.0, "Total Cost": 4950394.55, "Plan Rows": 152707, "Plan Width": 42, "Inner Unique": false, "Join Filter": "(supplier.s_suppkey = l1.l_suppkey), (LLVM Optimized)", "Plans": [{"Node Type": "Streaming(type: LOCAL REDISTRIBUTE dop: 16/1)", "Parent Relationship": "Outer", "Startup Cost": 0.0, "Total Cost": 19700.64, "Plan Rows": 4000, "Plan Width": 34, "Plans": [{"Node Type": "Nested Loop", "Parent Relationship": "Outer", "Join Type": "Inner", "Startup Cost": 0.0, "Total Cost": 4534.31, "Plan Rows": 4000, "Plan Width": 34, "Inner Unique": false, "Join Filter": "(supplier.s_nationkey = nation.n_nationkey)", "Plans": [{"Node Type": "Seq Scan", "Parent Relationship": "Outer", "Relation Name": "nation", "Alias": "nation", "Startup Cost": 0.0, "Total Cost": 1.31, "Plan Rows": 1, "Plan Width": 4, "Filter": "(n_name = 'EGYPT'::bpchar)"}, {"Node Type": "Seq Scan", "Parent Relationship": "Inner", "Relation Name": "supplier", "Alias": "supplier", "Startup Cost": 0.0, "Total Cost": 3283.0, "Plan Rows": 100000, "Plan Width": 38}]}]}, {"Node Type": "Materialize", "Parent Relationship": "Inner", "Startup Cost": 0.0, "Total Cost": 247331.21, "Plan Rows": 19995678, "Plan Width": 16, "Plans": [{"Node Type": "Streaming(type: LOCAL REDISTRIBUTE dop: 16/16)", "Parent Relationship": "Outer", "Startup Cost": 0.0, "Total Cost": 241082.56, "Plan Rows": 19995678, "Plan Width": 16, "Plans": [{"Node Type": "Seq Scan", "Parent Relationship": "Outer", "Relation Name": "lineitem", "Alias": "l1", "Startup Cost": 0.0, "Total Cost": 150317.68, "Plan Rows": 19995678, "Plan Width": 16, "Filter": "(l_receiptdate > l_commitdate), (LLVM Optimized)"}]}]}]}]}, {"Node Type": "Materialize", "Parent Relationship": "Inner", "Startup Cost": 0.0, "Total Cost": 247331.21, "Plan Rows": 19995678, "Plan Width": 16, "Plans": [{"Node Type": "Streaming(type: LOCAL REDISTRIBUTE dop: 16/16)", "Parent Relationship": "Outer", "Startup Cost": 0.0, "Total Cost": 241082.56, "Plan Rows": 19995678, "Plan Width": 16, "Plans": [{"Node Type": "Seq Scan", "Parent Relationship": "Outer", "Relation Name": "lineitem", "Alias": "l3", "Startup Cost": 0.0, "Total Cost": 150317.68, "Plan Rows": 19995678, "Plan Width": 16, "Filter": "(l_receiptdate > l_commitdate), (LLVM Optimized)"}]}]}]}]}, {"Node Type": "Materialize", "Parent Relationship": "Inner", "Startup Cost": 0.0, "Total Cost": 401985.27, "Plan Rows": 59987033, "Plan Width": 16, "Plans": [{"Node Type": "Streaming(type: LOCAL REDISTRIBUTE dop: 16/16)", "Parent Relationship": "Outer", "Startup Cost": 0.0, "Total Cost": 383239.33, "Plan Rows": 59987033, "Plan Width": 16, "Plans": [{"Node Type": "Seq Scan", "Parent Relationship": "Outer", "Relation Name": "lineitem", "Alias": "l2", "Startup Cost": 0.0, "Total Cost": 140944.71, "Plan Rows": 59987033, "Plan Width": 16}]}]}]}]}]}]}]}]}]}]}]}]}]}, "Unique SQL Id": 3870093320}, "explain_analyze_plan": null}, "(16, 27)": {"explain_plan": {"Plan": {"Node Type": "Limit", "Startup Cost": 6001109326245.03, "Total Cost": 6001109326245.28, "Plan Rows": 100, "Plan Width": 34, "Plans": [{"Node Type": "Sort", "Parent Relationship": "Outer", "Startup Cost": 6001109326245.03, "Total Cost": 6001109326267.96, "Plan Rows": 100, "Plan Width": 34, "Sort Key": ["(count(*)) DESC", "supplier.s_name"], "Plans": [{"Node Type": "Aggregate", "Strategy": "Hashed", "Parent Relationship": "Outer", "Startup Cost": 6001109325802.77, "Total Cost": 6001109325894.49, "Plan Rows": 9172, "Plan Width": 34, "Group By Key": ["supplier.s_name"], "Plans": [{"Node Type": "Nested Loop", "Parent Relationship": "Outer", "Join Type": "Inner", "Startup Cost": 60036425616.82, "Total Cost": 6001109325756.91, "Plan Rows": 9172, "Plan Width": 26, "Inner Unique": false, "Join Filter": "(supplier.s_suppkey = l1.l_suppkey)", "Plans": [{"Node Type": "Merge Join", "Parent Relationship": "Outer", "Join Type": "Inner", "Startup Cost": 40036425616.82, "Total Cost": 4001036728206.72, "Plan Rows": 1201020, "Plan Width": 8, "Inner Unique": true, "Merge Cond": "(l1.l_orderkey = orders.o_orderkey)", "Plans": [{"Node Type": "Merge Join", "Parent Relationship": "Outer", "Join Type": "Semi", "Startup Cost": 30000000000.0, "Total Cost": 3001006768519.97, "Plan Rows": 949795, "Plan Width": 24, "Inner Unique": false, "Merge Cond": "(l1.l_orderkey = l2.l_orderkey), (LLVM Optimized)", "Join Filter": "(l2.l_suppkey <> l1.l_suppkey), (LLVM Optimized)", "Plans": [{"Node Type": "Merge Join", "Parent Relationship": "Outer", "Join Type": "Anti", "Startup Cost": 20000000000.0, "Total Cost": 2000682365976.25, "Plan Rows": 999784, "Plan Width": 16, "Inner Unique": false, "Merge Cond": "(l1.l_orderkey = l3.l_orderkey), (LLVM Optimized)", "Join Filter": "(l3.l_suppkey <> l1.l_suppkey), (LLVM Optimized)", "Plans": [{"Node Type": "Index Scan", "Parent Relationship": "Outer", "Scan Direction": "Forward", "Index Name": "idx_lineitem_orderkey", "Relation Name": "lineitem", "Alias": "l1", "Startup Cost": 10000000000.0, "Total Cost": 1000339012132.75, "Plan Rows": 19995678, "Plan Width": 16, "Filter": "(l_receiptdate > l_commitdate), (LLVM Optimized)"}, {"Node Type": "Materialize", "Parent Relationship": "Inner", "Startup Cost": 10000000000.0, "Total Cost": 1000339062121.94, "Plan Rows": 19995678, "Plan Width": 16, "Plans": [{"Node Type": "Index Scan", "Parent Relationship": "Outer", "Scan Direction": "Forward", "Index Name": "idx_lineitem_orderkey", "Relation Name": "lineitem", "Alias": "l3", "Startup Cost": 10000000000.0, "Total Cost": 1000339012132.75, "Plan Rows": 19995678, "Plan Width": 16, "Filter": "(l_receiptdate > l_commitdate), (LLVM Optimized)"}]}]}, {"Node Type": "Index Scan", "Parent Relationship": "Inner", "Scan Direction": "Forward", "Index Name": "idx_lineitem_orderkey", "Relation Name": "lineitem", "Alias": "l2", "Startup Cost": 10000000000.0, "Total Cost": 1000324015374.5, "Plan Rows": 59987033, "Plan Width": 16}]}, {"Node Type": "Index Scan", "Parent Relationship": "Inner", "Scan Direction": "Forward", "Index Name": "orders_pkey", "Relation Name": "orders", "Alias": "orders", "Startup Cost": 10000000000.0, "Total Cost": 1000076847713.25, "Plan Rows": 7338812, "Plan Width": 8, "Filter": "(o_orderstatus = 'F'::bpchar), (LLVM Optimized)"}]}, {"Node Type": "Materialize", "Parent Relationship": "Inner", "Startup Cost": 20000000000.0, "Total Cost": 2000000536360.19, "Plan Rows": 4000, "Plan Width": 34, "Plans": [{"Node Type": "Nested Loop", "Parent Relationship": "Outer", "Join Type": "Inner", "Startup Cost": 20000000000.0, "Total Cost": 2000000536340.19, "Plan Rows": 4000, "Plan Width": 34, "Inner Unique": true, "Join Filter": "(supplier.s_nationkey = nation.n_nationkey)", "Plans": [{"Node Type": "Index Scan", "Parent Relationship": "Outer", "Scan Direction": "Forward", "Index Name": "supplier_pkey", "Relation Name": "supplier", "Alias": "supplier", "Startup Cost": 10000000000.0, "Total Cost": 1000000533571.43, "Plan Rows": 100000, "Plan Width": 38}, {"Node Type": "Materialize", "Parent Relationship": "Inner", "Startup Cost": 10000000000.0, "Total Cost": 1000000001268.76, "Plan Rows": 1, "Plan Width": 4, "Plans": [{"Node Type": "Index Scan", "Parent Relationship": "Outer", "Scan Direction": "Forward", "Index Name": "nation_pkey", "Relation Name": "nation", "Alias": "nation", "Startup Cost": 10000000000.0, "Total Cost": 1000000001268.75, "Plan Rows": 1, "Plan Width": 4, "Filter": "(n_name = 'EGYPT'::bpchar)"}]}]}]}]}]}]}]}, "Unique SQL Id": 3870093320}, "explain_analyze_plan": null}, "(16, 28)": {"explain_plan": {"Plan": {"Node Type": "Limit", "Startup Cost": 5010321.56, "Total Cost": 5010321.81, "Plan Rows": 100, "Plan Width": 34, "Plans": [{"Node Type": "Sort", "Parent Relationship": "Outer", "Startup Cost": 5010321.56, "Total Cost": 5010344.49, "Plan Rows": 100, "Plan Width": 34, "Sort Key": ["(count(*)) DESC", "supplier.s_name"], "Plans": [{"Node Type": "Aggregate", "Strategy": "Hashed", "Parent Relationship": "Outer", "Startup Cost": 5009879.29, "Total Cost": 5009971.01, "Plan Rows": 9172, "Plan Width": 34, "Group By Key": ["supplier.s_name"], "Plans": [{"Node Type": "Nested Loop", "Parent Relationship": "Outer", "Join Type": "Inner", "Startup Cost": 0.0, "Total Cost": 5009833.43, "Plan Rows": 9172, "Plan Width": 26, "Inner Unique": true, "Join Filter": "(l1.l_orderkey = orders.o_orderkey)", "Plans": [{"Node Type": "Nested Loop", "Parent Relationship": "Outer", "Join Type": "Semi", "Startup Cost": 0.0, "Total Cost": 5002733.06, "Plan Rows": 7254, "Plan Width": 42, "Inner Unique": false, "Plans": [{"Node Type": "Nested Loop", "Parent Relationship": "Outer", "Join Type": "Anti", "Startup Cost": 0.0, "Total Cost": 5000877.5, "Plan Rows": 7635, "Plan Width": 42, "Inner Unique": false, "Plans": [{"Node Type": "Streaming(type: LOCAL GATHER dop: 1/16)", "Parent Relationship": "Outer", "Startup Cost": 0.0, "Total Cost": 4953690.28, "Plan Rows": 152707, "Plan Width": 42, "Plans": [{"Node Type": "Nested Loop", "Parent Relationship": "Outer", "Join Type": "Inner", "Startup Cost": 0.0, "Total Cost": 4950394.55, "Plan Rows": 152707, "Plan Width": 42, "Inner Unique": false, "Join Filter": "(supplier.s_suppkey = l1.l_suppkey), (LLVM Optimized)", "Plans": [{"Node Type": "Streaming(type: LOCAL REDISTRIBUTE dop: 16/1)", "Parent Relationship": "Outer", "Startup Cost": 0.0, "Total Cost": 19700.64, "Plan Rows": 4000, "Plan Width": 34, "Plans": [{"Node Type": "Nested Loop", "Parent Relationship": "Outer", "Join Type": "Inner", "Startup Cost": 0.0, "Total Cost": 4534.31, "Plan Rows": 4000, "Plan Width": 34, "Inner Unique": false, "Join Filter": "(supplier.s_nationkey = nation.n_nationkey)", "Plans": [{"Node Type": "Seq Scan", "Parent Relationship": "Outer", "Relation Name": "nation", "Alias": "nation", "Startup Cost": 0.0, "Total Cost": 1.31, "Plan Rows": 1, "Plan Width": 4, "Filter": "(n_name = 'EGYPT'::bpchar)"}, {"Node Type": "Seq Scan", "Parent Relationship": "Inner", "Relation Name": "supplier", "Alias": "supplier", "Startup Cost": 0.0, "Total Cost": 3283.0, "Plan Rows": 100000, "Plan Width": 38}]}]}, {"Node Type": "Materialize", "Parent Relationship": "Inner", "Startup Cost": 0.0, "Total Cost": 247331.21, "Plan Rows": 19995678, "Plan Width": 16, "Plans": [{"Node Type": "Streaming(type: LOCAL REDISTRIBUTE dop: 16/16)", "Parent Relationship": "Outer", "Startup Cost": 0.0, "Total Cost": 241082.56, "Plan Rows": 19995678, "Plan Width": 16, "Plans": [{"Node Type": "Seq Scan", "Parent Relationship": "Outer", "Relation Name": "lineitem", "Alias": "l1", "Startup Cost": 0.0, "Total Cost": 150317.68, "Plan Rows": 19995678, "Plan Width": 16, "Filter": "(l_receiptdate > l_commitdate), (LLVM Optimized)"}]}]}]}]}, {"Node Type": "Index Scan", "Parent Relationship": "Inner", "Scan Direction": "Forward", "Index Name": "idx_lineitem_orderkey", "Relation Name": "lineitem", "Alias": "l3", "Startup Cost": 0.0, "Total Cost": 1.63, "Plan Rows": 3, "Plan Width": 16, "Index Cond": "(l_orderkey = l1.l_orderkey)", "Filter": "((l_receiptdate > l_commitdate) AND (l_suppkey <> l1.l_suppkey))"}]}, {"Node Type": "Index Scan", "Parent Relationship": "Inner", "Scan Direction": "Forward", "Index Name": "idx_lineitem_orderkey", "Relation Name": "lineitem", "Alias": "l2", "Startup Cost": 0.0, "Total Cost": 1.63, "Plan Rows": 9, "Plan Width": 16, "Index Cond": "(l_orderkey = l1.l_orderkey)", "Filter": "(l_suppkey <> l1.l_suppkey)"}]}, {"Node Type": "Index Scan", "Parent Relationship": "Inner", "Scan Direction": "Forward", "Index Name": "orders_pkey", "Relation Name": "orders", "Alias": "orders", "Startup Cost": 0.0, "Total Cost": 0.97, "Plan Rows": 1, "Plan Width": 8, "Index Cond": "(o_orderkey = l2.l_orderkey)", "Filter": "(o_orderstatus = 'F'::bpchar)"}]}]}]}]}, "Unique SQL Id": 3870093320}, "explain_analyze_plan": null}, "(16, 29)": {"explain_plan": {"Plan": {"Node Type": "Limit", "Startup Cost": 7564216.25, "Total Cost": 7564216.5, "Plan Rows": 100, "Plan Width": 34, "Plans": [{"Node Type": "Sort", "Parent Relationship": "Outer", "Startup Cost": 7564216.25, "Total Cost": 7564239.18, "Plan Rows": 100, "Plan Width": 34, "Sort Key": ["(count(*)) DESC", "supplier.s_name"], "Plans": [{"Node Type": "Aggregate", "Strategy": "Hashed", "Parent Relationship": "Outer", "Startup Cost": 7563773.98, "Total Cost": 7563865.7, "Plan Rows": 9172, "Plan Width": 34, "Group By Key": ["supplier.s_name"], "Plans": [{"Node Type": "Nested Loop", "Parent Relationship": "Outer", "Join Type": "Inner", "Startup Cost": 0.0, "Total Cost": 7563728.12, "Plan Rows": 9172, "Plan Width": 26, "Inner Unique": true, "Join Filter": "(l1.l_orderkey = orders.o_orderkey)", "Plans": [{"Node Type": "Nested Loop", "Parent Relationship": "Outer", "Join Type": "Semi", "Startup Cost": 0.0, "Total Cost": 7556627.75, "Plan Rows": 7254, "Plan Width": 42, "Inner Unique": false, "Plans": [{"Node Type": "Nested Loop", "Parent Relationship": "Outer", "Join Type": "Anti", "Startup Cost": 0.0, "Total Cost": 7554772.19, "Plan Rows": 7635, "Plan Width": 42, "Inner Unique": false, "Plans": [{"Node Type": "Streaming(type: LOCAL GATHER dop: 1/16)", "Parent Relationship": "Outer", "Startup Cost": 0.0, "Total Cost": 7507584.97, "Plan Rows": 152707, "Plan Width": 42, "Plans": [{"Node Type": "Nested Loop", "Parent Relationship": "Outer", "Join Type": "Inner", "Startup Cost": 0.0, "Total Cost": 7504289.24, "Plan Rows": 152707, "Plan Width": 42, "Inner Unique": false, "Join Filter": "(supplier.s_suppkey = l1.l_suppkey), (LLVM Optimized)", "Plans": [{"Node Type": "Streaming(type: LOCAL REDISTRIBUTE dop: 16/1)", "Parent Relationship": "Outer", "Startup Cost": 0.0, "Total Cost": 21764.73, "Plan Rows": 4000, "Plan Width": 34, "Plans": [{"Node Type": "Nested Loop", "Parent Relationship": "Outer", "Join Type": "Inner", "Startup Cost": 0.0, "Total Cost": 6598.4, "Plan Rows": 4000, "Plan Width": 34, "Inner Unique": false, "Join Filter": "(supplier.s_nationkey = nation.n_nationkey)", "Plans": [{"Node Type": "Index Scan", "Parent Relationship": "Outer", "Scan Direction": "Forward", "Index Name": "nation_pkey", "Relation Name": "nation", "Alias": "nation", "Startup Cost": 0.0, "Total Cost": 12.69, "Plan Rows": 1, "Plan Width": 4, "Filter": "(n_name = 'EGYPT'::bpchar)"}, {"Node Type": "Index Scan", "Parent Relationship": "Inner", "Scan Direction": "Forward", "Index Name": "supplier_pkey", "Relation Name": "supplier", "Alias": "supplier", "Startup Cost": 0.0, "Total Cost": 5335.71, "Plan Rows": 100000, "Plan Width": 38}]}]}, {"Node Type": "Materialize", "Parent Relationship": "Inner", "Startup Cost": 0.0, "Total Cost": 2799161.81, "Plan Rows": 19995678, "Plan Width": 16, "Plans": [{"Node Type": "Streaming(type: LOCAL REDISTRIBUTE dop: 16/16)", "Parent Relationship": "Outer", "Startup Cost": 0.0, "Total Cost": 2792913.16, "Plan Rows": 19995678, "Plan Width": 16, "Plans": [{"Node Type": "Index Scan", "Parent Relationship": "Outer", "Scan Direction": "Forward", "Index Name": "idx_lineitem_orderkey", "Relation Name": "lineitem", "Alias": "l1", "Startup Cost": 0.0, "Total Cost": 2702148.28, "Plan Rows": 19995678, "Plan Width": 16, "Filter": "(l_receiptdate > l_commitdate), (LLVM Optimized)"}]}]}]}]}, {"Node Type": "Index Scan", "Parent Relationship": "Inner", "Scan Direction": "Forward", "Index Name": "idx_lineitem_orderkey", "Relation Name": "lineitem", "Alias": "l3", "Startup Cost": 0.0, "Total Cost": 1.63, "Plan Rows": 3, "Plan Width": 16, "Index Cond": "(l_orderkey = l1.l_orderkey)", "Filter": "((l_receiptdate > l_commitdate) AND (l_suppkey <> l1.l_suppkey))"}]}, {"Node Type": "Index Scan", "Parent Relationship": "Inner", "Scan Direction": "Forward", "Index Name": "idx_lineitem_orderkey", "Relation Name": "lineitem", "Alias": "l2", "Startup Cost": 0.0, "Total Cost": 1.63, "Plan Rows": 9, "Plan Width": 16, "Index Cond": "(l_orderkey = l1.l_orderkey)", "Filter": "(l_suppkey <> l1.l_suppkey)"}]}, {"Node Type": "Index Scan", "Parent Relationship": "Inner", "Scan Direction": "Forward", "Index Name": "orders_pkey", "Relation Name": "orders", "Alias": "orders", "Startup Cost": 0.0, "Total Cost": 0.97, "Plan Rows": 1, "Plan Width": 8, "Index Cond": "(o_orderkey = l2.l_orderkey)", "Filter": "(o_orderstatus = 'F'::bpchar)"}]}]}]}]}, "Unique SQL Id": 3870093320}, "explain_analyze_plan": null}, "(16, 30)": {"explain_plan": {"Plan": {"Node Type": "Limit", "Startup Cost": 52247241.08, "Total Cost": 52247241.33, "Plan Rows": 100, "Plan Width": 34, "Plans": [{"Node Type": "Sort", "Parent Relationship": "Outer", "Startup Cost": 52247241.08, "Total Cost": 52247241.33, "Plan Rows": 100, "Plan Width": 34, "Sort Key": ["(count(*)) DESC", "supplier.s_name"], "Plans": [{"Node Type": "Streaming(type: LOCAL GATHER dop: 1/16)", "Parent Relationship": "Outer", "Startup Cost": 52247236.93, "Total Cost": 52247237.75, "Plan Rows": 100, "Plan Width": 34, "Plans": [{"Node Type": "Limit", "Parent Relationship": "Outer", "Startup Cost": 52247236.93, "Total Cost": 52247237.18, "Plan Rows": 100, "Plan Width": 34, "Plans": [{"Node Type": "Sort", "Parent Relationship": "Outer", "Startup Cost": 52247236.93, "Total Cost": 52247259.86, "Plan Rows": 100, "Plan Width": 34, "Sort Key": ["(count(*)) DESC", "supplier.s_name"], "Plans": [{"Node Type": "Aggregate", "Strategy": "Hashed", "Parent Relationship": "Outer", "Startup Cost": 52246880.65, "Total Cost": 52246886.38, "Plan Rows": 9172, "Plan Width": 34, "Group By Key": ["supplier.s_name"], "Plans": [{"Node Type": "Streaming(type: LOCAL REDISTRIBUTE dop: 16/16)", "Parent Relationship": "Outer", "Startup Cost": 0.0, "Total Cost": 52246877.78, "Plan Rows": 9172, "Plan Width": 26, "Plans": [{"Node Type": "Nested Loop", "Parent Relationship": "Outer", "Join Type": "Inner", "Startup Cost": 0.0, "Total Cost": 52246577.9, "Plan Rows": 9172, "Plan Width": 26, "Inner Unique": false, "Join Filter": "(l1.l_orderkey = orders.o_orderkey)", "Plans": [{"Node Type": "Streaming(type: LOCAL REDISTRIBUTE dop: 16/16)", "Parent Relationship": "Outer", "Startup Cost": 0.0, "Total Cost": 86801.75, "Plan Rows": 7338812, "Plan Width": 8, "Plans": [{"Node Type": "Seq Scan", "Parent Relationship": "Outer", "Relation Name": "orders", "Alias": "orders", "Startup Cost": 0.0, "Total Cost": 43994.53, "Plan Rows": 7338812, "Plan Width": 8, "Filter": "(o_orderstatus = 'F'::bpchar), (LLVM Optimized)"}]}, {"Node Type": "Materialize", "Parent Relationship": "Inner", "Startup Cost": 0.0, "Total Cost": 49040495.52, "Plan Rows": 7254, "Plan Width": 42, "Plans": [{"Node Type": "Streaming(type: LOCAL REDISTRIBUTE dop: 16/16)", "Parent Relationship": "Outer", "Startup Cost": 0.0, "Total Cost": 49040493.25, "Plan Rows": 7254, "Plan Width": 42, "Plans": [{"Node Type": "Nested Loop", "Parent Relationship": "Outer", "Join Type": "Semi", "Startup Cost": 0.0, "Total Cost": 49025465.76, "Plan Rows": 7254, "Plan Width": 42, "Inner Unique": false, "Join Filter": "((l2.l_suppkey <> l1.l_suppkey) AND (l1.l_orderkey = l2.l_orderkey))", "Plans": [{"Node Type": "Streaming(type: LOCAL REDISTRIBUTE dop: 16/16)", "Parent Relationship": "Outer", "Startup Cost": 0.0, "Total Cost": 44175250.61, "Plan Rows": 7635, "Plan Width": 42, "Plans": [{"Node Type": "Nested Loop", "Parent Relationship": "Outer", "Join Type": "Anti", "Startup Cost": 0.0, "Total Cost": 44160221.68, "Plan Rows": 7635, "Plan Width": 42, "Inner Unique": false, "Join Filter": "((l3.l_suppkey <> l1.l_suppkey) AND (l3.l_orderkey = l1.l_orderkey))", "Plans": [{"Node Type": "Streaming(type: LOCAL REDISTRIBUTE dop: 16/16)", "Parent Relationship": "Outer", "Startup Cost": 0.0, "Total Cost": 4965973.17, "Plan Rows": 152707, "Plan Width": 42, "Plans": [{"Node Type": "Nested Loop", "Parent Relationship": "Outer", "Join Type": "Inner", "Startup Cost": 0.0, "Total Cost": 4950394.55, "Plan Rows": 152707, "Plan Width": 42, "Inner Unique": false, "Join Filter": "(supplier.s_suppkey = l1.l_suppkey), (LLVM Optimized)", "Plans": [{"Node Type": "Streaming(type: LOCAL REDISTRIBUTE dop: 16/1)", "Parent Relationship": "Outer", "Startup Cost": 0.0, "Total Cost": 19700.64, "Plan Rows": 4000, "Plan Width": 34, "Plans": [{"Node Type": "Nested Loop", "Parent Relationship": "Outer", "Join Type": "Inner", "Startup Cost": 0.0, "Total Cost": 4534.31, "Plan Rows": 4000, "Plan Width": 34, "Inner Unique": false, "Join Filter": "(supplier.s_nationkey = nation.n_nationkey)", "Plans": [{"Node Type": "Seq Scan", "Parent Relationship": "Outer", "Relation Name": "nation", "Alias": "nation", "Startup Cost": 0.0, "Total Cost": 1.31, "Plan Rows": 1, "Plan Width": 4, "Filter": "(n_name = 'EGYPT'::bpchar)"}, {"Node Type": "Seq Scan", "Parent Relationship": "Inner", "Relation Name": "supplier", "Alias": "supplier", "Startup Cost": 0.0, "Total Cost": 3283.0, "Plan Rows": 100000, "Plan Width": 38}]}]}, {"Node Type": "Materialize", "Parent Relationship": "Inner", "Startup Cost": 0.0, "Total Cost": 247331.21, "Plan Rows": 19995678, "Plan Width": 16, "Plans": [{"Node Type": "Streaming(type: LOCAL REDISTRIBUTE dop: 16/16)", "Parent Relationship": "Outer", "Startup Cost": 0.0, "Total Cost": 241082.56, "Plan Rows": 19995678, "Plan Width": 16, "Plans": [{"Node Type": "Seq Scan", "Parent Relationship": "Outer", "Relation Name": "lineitem", "Alias": "l1", "Startup Cost": 0.0, "Total Cost": 150317.68, "Plan Rows": 19995678, "Plan Width": 16, "Filter": "(l_receiptdate > l_commitdate), (LLVM Optimized)"}]}]}]}]}, {"Node Type": "Materialize", "Parent Relationship": "Inner", "Startup Cost": 0.0, "Total Cost": 247331.21, "Plan Rows": 19995678, "Plan Width": 16, "Plans": [{"Node Type": "Streaming(type: LOCAL REDISTRIBUTE dop: 16/16)", "Parent Relationship": "Outer", "Startup Cost": 0.0, "Total Cost": 241082.56, "Plan Rows": 19995678, "Plan Width": 16, "Plans": [{"Node Type": "Seq Scan", "Parent Relationship": "Outer", "Relation Name": "lineitem", "Alias": "l3", "Startup Cost": 0.0, "Total Cost": 150317.68, "Plan Rows": 19995678, "Plan Width": 16, "Filter": "(l_receiptdate > l_commitdate), (LLVM Optimized)"}]}]}]}]}, {"Node Type": "Materialize", "Parent Relationship": "Inner", "Startup Cost": 0.0, "Total Cost": 401985.27, "Plan Rows": 59987033, "Plan Width": 16, "Plans": [{"Node Type": "Streaming(type: LOCAL REDISTRIBUTE dop: 16/16)", "Parent Relationship": "Outer", "Startup Cost": 0.0, "Total Cost": 383239.33, "Plan Rows": 59987033, "Plan Width": 16, "Plans": [{"Node Type": "Seq Scan", "Parent Relationship": "Outer", "Relation Name": "lineitem", "Alias": "l2", "Startup Cost": 0.0, "Total Cost": 140944.71, "Plan Rows": 59987033, "Plan Width": 16}]}]}]}]}]}]}]}]}]}]}]}]}]}, "Unique SQL Id": 3870093320}, "explain_analyze_plan": null}, "(16, 31)": {"explain_plan": {"Plan": {"Node Type": "Limit", "Startup Cost": 6001109326245.03, "Total Cost": 6001109326245.28, "Plan Rows": 100, "Plan Width": 34, "Plans": [{"Node Type": "Sort", "Parent Relationship": "Outer", "Startup Cost": 6001109326245.03, "Total Cost": 6001109326267.96, "Plan Rows": 100, "Plan Width": 34, "Sort Key": ["(count(*)) DESC", "supplier.s_name"], "Plans": [{"Node Type": "Aggregate", "Strategy": "Hashed", "Parent Relationship": "Outer", "Startup Cost": 6001109325802.77, "Total Cost": 6001109325894.49, "Plan Rows": 9172, "Plan Width": 34, "Group By Key": ["supplier.s_name"], "Plans": [{"Node Type": "Nested Loop", "Parent Relationship": "Outer", "Join Type": "Inner", "Startup Cost": 60036425616.82, "Total Cost": 6001109325756.91, "Plan Rows": 9172, "Plan Width": 26, "Inner Unique": false, "Join Filter": "(supplier.s_suppkey = l1.l_suppkey)", "Plans": [{"Node Type": "Merge Join", "Parent Relationship": "Outer", "Join Type": "Inner", "Startup Cost": 40036425616.82, "Total Cost": 4001036728206.72, "Plan Rows": 1201020, "Plan Width": 8, "Inner Unique": true, "Merge Cond": "(l1.l_orderkey = orders.o_orderkey)", "Plans": [{"Node Type": "Merge Join", "Parent Relationship": "Outer", "Join Type": "Semi", "Startup Cost": 30000000000.0, "Total Cost": 3001006768519.97, "Plan Rows": 949795, "Plan Width": 24, "Inner Unique": false, "Merge Cond": "(l1.l_orderkey = l2.l_orderkey), (LLVM Optimized)", "Join Filter": "(l2.l_suppkey <> l1.l_suppkey), (LLVM Optimized)", "Plans": [{"Node Type": "Merge Join", "Parent Relationship": "Outer", "Join Type": "Anti", "Startup Cost": 20000000000.0, "Total Cost": 2000682365976.25, "Plan Rows": 999784, "Plan Width": 16, "Inner Unique": false, "Merge Cond": "(l1.l_orderkey = l3.l_orderkey), (LLVM Optimized)", "Join Filter": "(l3.l_suppkey <> l1.l_suppkey), (LLVM Optimized)", "Plans": [{"Node Type": "Index Scan", "Parent Relationship": "Outer", "Scan Direction": "Forward", "Index Name": "idx_lineitem_orderkey", "Relation Name": "lineitem", "Alias": "l1", "Startup Cost": 10000000000.0, "Total Cost": 1000339012132.75, "Plan Rows": 19995678, "Plan Width": 16, "Filter": "(l_receiptdate > l_commitdate), (LLVM Optimized)"}, {"Node Type": "Materialize", "Parent Relationship": "Inner", "Startup Cost": 10000000000.0, "Total Cost": 1000339062121.94, "Plan Rows": 19995678, "Plan Width": 16, "Plans": [{"Node Type": "Index Scan", "Parent Relationship": "Outer", "Scan Direction": "Forward", "Index Name": "idx_lineitem_orderkey", "Relation Name": "lineitem", "Alias": "l3", "Startup Cost": 10000000000.0, "Total Cost": 1000339012132.75, "Plan Rows": 19995678, "Plan Width": 16, "Filter": "(l_receiptdate > l_commitdate), (LLVM Optimized)"}]}]}, {"Node Type": "Index Scan", "Parent Relationship": "Inner", "Scan Direction": "Forward", "Index Name": "idx_lineitem_orderkey", "Relation Name": "lineitem", "Alias": "l2", "Startup Cost": 10000000000.0, "Total Cost": 1000324015374.5, "Plan Rows": 59987033, "Plan Width": 16}]}, {"Node Type": "Index Scan", "Parent Relationship": "Inner", "Scan Direction": "Forward", "Index Name": "orders_pkey", "Relation Name": "orders", "Alias": "orders", "Startup Cost": 10000000000.0, "Total Cost": 1000076847713.25, "Plan Rows": 7338812, "Plan Width": 8, "Filter": "(o_orderstatus = 'F'::bpchar), (LLVM Optimized)"}]}, {"Node Type": "Materialize", "Parent Relationship": "Inner", "Startup Cost": 20000000000.0, "Total Cost": 2000000536360.19, "Plan Rows": 4000, "Plan Width": 34, "Plans": [{"Node Type": "Nested Loop", "Parent Relationship": "Outer", "Join Type": "Inner", "Startup Cost": 20000000000.0, "Total Cost": 2000000536340.19, "Plan Rows": 4000, "Plan Width": 34, "Inner Unique": true, "Join Filter": "(supplier.s_nationkey = nation.n_nationkey)", "Plans": [{"Node Type": "Index Scan", "Parent Relationship": "Outer", "Scan Direction": "Forward", "Index Name": "supplier_pkey", "Relation Name": "supplier", "Alias": "supplier", "Startup Cost": 10000000000.0, "Total Cost": 1000000533571.43, "Plan Rows": 100000, "Plan Width": 38}, {"Node Type": "Materialize", "Parent Relationship": "Inner", "Startup Cost": 10000000000.0, "Total Cost": 1000000001268.76, "Plan Rows": 1, "Plan Width": 4, "Plans": [{"Node Type": "Index Scan", "Parent Relationship": "Outer", "Scan Direction": "Forward", "Index Name": "nation_pkey", "Relation Name": "nation", "Alias": "nation", "Startup Cost": 10000000000.0, "Total Cost": 1000000001268.75, "Plan Rows": 1, "Plan Width": 4, "Filter": "(n_name = 'EGYPT'::bpchar)"}]}]}]}]}]}]}]}, "Unique SQL Id": 3870093320}, "explain_analyze_plan": null}, "(16, 32)": {"explain_plan": {"Plan": {"Node Type": "Limit", "Startup Cost": 233991.22, "Total Cost": 233991.47, "Plan Rows": 100, "Plan Width": 34, "Plans": [{"Node Type": "Sort", "Parent Relationship": "Outer", "Startup Cost": 233991.22, "Total Cost": 234014.15, "Plan Rows": 100, "Plan Width": 34, "Sort Key": ["(count(*)) DESC", "supplier.s_name"], "Plans": [{"Node Type": "Aggregate", "Strategy": "Hashed", "Parent Relationship": "Outer", "Startup Cost": 233548.95, "Total Cost": 233640.67, "Plan Rows": 9172, "Plan Width": 34, "Group By Key": ["supplier.s_name"], "Plans": [{"Node Type": "Nested Loop", "Parent Relationship": "Outer", "Join Type": "Inner", "Startup Cost": 18964.6, "Total Cost": 233503.09, "Plan Rows": 9172, "Plan Width": 26, "Inner Unique": true, "Join Filter": "(l1.l_orderkey = orders.o_orderkey)", "Plans": [{"Node Type": "Nested Loop", "Parent Relationship": "Outer", "Join Type": "Semi", "Startup Cost": 18964.6, "Total Cost": 226402.72, "Plan Rows": 7254, "Plan Width": 42, "Inner Unique": false, "Plans": [{"Node Type": "Nested Loop", "Parent Relationship": "Outer", "Join Type": "Anti", "Startup Cost": 18964.6, "Total Cost": 224547.15, "Plan Rows": 7635, "Plan Width": 42, "Inner Unique": false, "Plans": [{"Node Type": "Streaming(type: LOCAL GATHER dop: 1/16)", "Parent Relationship": "Outer", "Startup Cost": 18964.6, "Total Cost": 177359.94, "Plan Rows": 152707, "Plan Width": 42, "Plans": [{"Node Type": "Hash Join", "Parent Relationship": "Outer", "Join Type": "Inner", "Startup Cost": 18964.6, "Total Cost": 174064.21, "Plan Rows": 152707, "Plan Width": 42, "Inner Unique": false, "Hash Cond": "(l1.l_suppkey = supplier.s_suppkey), (LLVM Optimized)", "Plans": [{"Node Type": "Seq Scan", "Parent Relationship": "Outer", "Relation Name": "lineitem", "Alias": "l1", "Startup Cost": 0.0, "Total Cost": 150317.68, "Plan Rows": 19995678, "Plan Width": 16, "Filter": "(l_receiptdate > l_commitdate), (LLVM Optimized)"}, {"Node Type": "Hash", "Parent Relationship": "Inner", "Startup Cost": 18914.6, "Total Cost": 18914.6, "Plan Rows": 64000, "Plan Width": 34, "Plans": [{"Node Type": "Streaming(type: BROADCAST dop: 16/1)", "Parent Relationship": "Outer", "Startup Cost": 95.25, "Total Cost": 18914.6, "Plan Rows": 64000, "Plan Width": 34, "Plans": [{"Node Type": "Nested Loop", "Parent Relationship": "Outer", "Join Type": "Inner", "Startup Cost": 95.25, "Total Cost": 2533.35, "Plan Rows": 4000, "Plan Width": 34, "Inner Unique": false, "Plans": [{"Node Type": "Seq Scan", "Parent Relationship": "Outer", "Relation Name": "nation", "Alias": "nation", "Startup Cost": 0.0, "Total Cost": 1.31, "Plan Rows": 1, "Plan Width": 4, "Filter": "(n_name = 'EGYPT'::bpchar)"}, {"Node Type": "Bitmap Heap Scan", "Parent Relationship": "Inner", "Relation Name": "supplier", "Alias": "supplier", "Startup Cost": 95.25, "Total Cost": 2492.04, "Plan Rows": 4000, "Plan Width": 38, "Recheck Cond": "(s_nationkey = nation.n_nationkey)", "Plans": [{"Node Type": "Bitmap Index Scan", "Parent Relationship": "Outer", "Index Name": "idx_supplier_nation_key", "Startup Cost": 0.0, "Total Cost": 94.25, "Plan Rows": 4000, "Plan Width": 0, "Index Cond": "(s_nationkey = nation.n_nationkey)"}]}]}]}]}]}]}, {"Node Type": "Index Scan", "Parent Relationship": "Inner", "Scan Direction": "Forward", "Index Name": "idx_lineitem_orderkey", "Relation Name": "lineitem", "Alias": "l3", "Startup Cost": 0.0, "Total Cost": 1.63, "Plan Rows": 3, "Plan Width": 16, "Index Cond": "(l_orderkey = l1.l_orderkey)", "Filter": "((l_receiptdate > l_commitdate) AND (l_suppkey <> l1.l_suppkey))"}]}, {"Node Type": "Index Scan", "Parent Relationship": "Inner", "Scan Direction": "Forward", "Index Name": "idx_lineitem_orderkey", "Relation Name": "lineitem", "Alias": "l2", "Startup Cost": 0.0, "Total Cost": 1.63, "Plan Rows": 9, "Plan Width": 16, "Index Cond": "(l_orderkey = l1.l_orderkey)", "Filter": "(l_suppkey <> l1.l_suppkey)"}]}, {"Node Type": "Index Scan", "Parent Relationship": "Inner", "Scan Direction": "Forward", "Index Name": "orders_pkey", "Relation Name": "orders", "Alias": "orders", "Startup Cost": 0.0, "Total Cost": 0.97, "Plan Rows": 1, "Plan Width": 8, "Index Cond": "(o_orderkey = l2.l_orderkey)", "Filter": "(o_orderstatus = 'F'::bpchar)"}]}]}]}]}, "Unique SQL Id": 3870093320}, "explain_analyze_plan": {"Plan": {"Node Type": "Limit", "Startup Cost": 233991.22, "Total Cost": 233991.47, "Plan Rows": 100, "Plan Width": 34, "Actual Min Startup Time": 12229.654, "Actual Max Startup Time": 12229.654, "Actual Min Total Time": 12229.673, "Actual Max Total Time": 12229.673, "Actual Total Rows": 100, "Plans": [{"Node Type": "Sort", "Parent Relationship": "Outer", "Startup Cost": 233991.22, "Total Cost": 234014.15, "Plan Rows": 100, "Plan Width": 34, "Actual Min Startup Time": 12229.651, "Actual Max Startup Time": 12229.651, "Actual Min Total Time": 12229.656, "Actual Max Total Time": 12229.656, "Actual Total Rows": 100, "Sort Key": ["(count(*)) DESC", "supplier.s_name"], "Sort Method": "top-N heapsort", "Sort Space Min Used": 41, "Sort Space Max Used": 41, "Sort Space Type": "Memory", "Plans": [{"Node Type": "Aggregate", "Strategy": "Hashed", "Parent Relationship": "Outer", "Startup Cost": 233548.95, "Total Cost": 233640.67, "Plan Rows": 9172, "Plan Width": 34, "Actual Min Startup Time": 12226.217, "Actual Max Startup Time": 12226.217, "Actual Min Total Time": 12227.502, "Actual Max Total Time": 12227.502, "Actual Total Rows": 3981, "Group By Key": ["supplier.s_name"], "Plans": [{"Node Type": "Nested Loop", "Parent Relationship": "Outer", "Join Type": "Inner", "Startup Cost": 18964.6, "Total Cost": 233503.09, "Plan Rows": 9172, "Plan Width": 26, "Actual Min Startup Time": 84.248, "Actual Max Startup Time": 84.248, "Actual Min Total Time": 12174.868, "Actual Max Total Time": 12174.868, "Actual Total Rows": 39445, "Inner Unique": true, "Join Filter": "(l1.l_orderkey = orders.o_orderkey)", "Rows Removed by Join Filter": 0, "Plans": [{"Node Type": "Nested Loop", "Parent Relationship": "Outer", "Join Type": "Semi", "Startup Cost": 18964.6, "Total Cost": 226402.72, "Plan Rows": 7254, "Plan Width": 42, "Actual Min Startup Time": 84.22, "Actual Max Startup Time": 84.22, "Actual Min Total Time": 11595.118, "Actual Max Total Time": 11595.118, "Actual Total Rows": 80537, "Inner Unique": false, "Plans": [{"Node Type": "Nested Loop", "Parent Relationship": "Outer", "Join Type": "Anti", "Startup Cost": 18964.6, "Total Cost": 224547.15, "Plan Rows": 7635, "Plan Width": 42, "Actual Min Startup Time": 84.209, "Actual Max Startup Time": 84.209, "Actual Min Total Time": 11003.815, "Actual Max Total Time": 11003.815, "Actual Total Rows": 135110, "Inner Unique": false, "Plans": [{"Node Type": "Streaming(type: LOCAL GATHER dop: 1/16)", "Parent Relationship": "Outer", "Startup Cost": 18964.6, "Total Cost": 177359.94, "Plan Rows": 152707, "Plan Width": 42, "Actual Min Startup Time": 84.043, "Actual Max Startup Time": 84.043, "Actual Min Total Time": 749.673, "Actual Max Total Time": 749.673, "Actual Total Rows": 1511024, "Plans": [{"Node Type": "Hash Join", "Parent Relationship": "Outer", "Join Type": "Inner", "Startup Cost": 18964.6, "Total Cost": 174064.21, "Plan Rows": 152707, "Plan Width": 42, "Actual Min Startup Time": 39.442, "Actual Max Startup Time": 45.147, "Actual Min Total Time": 2132.334, "Actual Max Total Time": 2213.238, "Actual Total Rows": 1511024, "Inner Unique": false, "Hash Cond": "(l1.l_suppkey = supplier.s_suppkey), (LLVM Optimized, Jit Execute)", "Plans": [{"Node Type": "Seq Scan", "Parent Relationship": "Outer", "Relation Name": "lineitem", "Alias": "l1", "Startup Cost": 0.0, "Total Cost": 150317.68, "Plan Rows": 19995678, "Plan Width": 16, "Actual Min Startup Time": 0.023, "Actual Max Startup Time": 0.039, "Actual Min Total Time": 1589.34, "Actual Max Total Time": 1658.229, "Actual Total Rows": 37929348, "Filter": "(l_receiptdate > l_commitdate), (LLVM Optimized, Jit Execute)", "Rows Removed by Filter": 22056704}, {"Node Type": "Hash", "Parent Relationship": "Inner", "Startup Cost": 18914.6, "Total Cost": 18914.6, "Plan Rows": 64000, "Plan Width": 34, "Actual Min Startup Time": 39.31, "Actual Max Startup Time": 45.002, "Actual Min Total Time": 39.31, "Actual Max Total Time": 45.002, "Actual Total Rows": 63696, "Max Hash Buckets": 32768, "Min Hash Buckets": 32768, "Max Hash Batches": 1, "Min Hash Batches": 1, "Max Original Hash Batches": 1, "Min Original Hash Batches": 1, "Max Peak Memory Usage": 280, "min Peak Memory Usage": 280, "Plans": [{"Node Type": "Streaming(type: BROADCAST dop: 16/1)", "Parent Relationship": "Outer", "Startup Cost": 95.25, "Total Cost": 18914.6, "Plan Rows": 64000, "Plan Width": 34, "Actual Min Startup Time": 0.023, "Actual Max Startup Time": 0.069, "Actual Min Total Time": 38.317, "Actual Max Total Time": 43.918, "Actual Total Rows": 63696, "Plans": [{"Node Type": "Nested Loop", "Parent Relationship": "Outer", "Join Type": "Inner", "Startup Cost": 95.25, "Total Cost": 2533.35, "Plan Rows": 4000, "Plan Width": 34, "Actual Min Startup Time": 1.203, "Actual Max Startup Time": 1.203, "Actual Min Total Time": 7.534, "Actual Max Total Time": 7.534, "Actual Total Rows": 3981, "Inner Unique": false, "Plans": [{"Node Type": "Seq Scan", "Parent Relationship": "Outer", "Relation Name": "nation", "Alias": "nation", "Startup Cost": 0.0, "Total Cost": 1.31, "Plan Rows": 1, "Plan Width": 4, "Actual Min Startup Time": 0.047, "Actual Max Startup Time": 0.047, "Actual Min Total Time": 0.067, "Actual Max Total Time": 0.067, "Actual Total Rows": 1, "Filter": "(n_name = 'EGYPT'::bpchar)", "Rows Removed by Filter": 24}, {"Node Type": "Bitmap Heap Scan", "Parent Relationship": "Inner", "Relation Name": "supplier", "Alias": "supplier", "Startup Cost": 95.25, "Total Cost": 2492.04, "Plan Rows": 4000, "Plan Width": 38, "Actual Min Startup Time": 1.144, "Actual Max Startup Time": 1.144, "Actual Min Total Time": 6.664, "Actual Max Total Time": 6.664, "Actual Total Rows": 3981, "Recheck Cond": "(s_nationkey = nation.n_nationkey)", "Rows Removed by Index Recheck": 0, "Exact Heap Blocks": 0, "Lossy Heap Blocks": 0, "Plans": [{"Node Type": "Bitmap Index Scan", "Parent Relationship": "Outer", "Index Name": "idx_supplier_nation_key", "Startup Cost": 0.0, "Total Cost": 94.25, "Plan Rows": 4000, "Plan Width": 0, "Actual Min Startup Time": 0.811, "Actual Max Startup Time": 0.811, "Actual Min Total Time": 0.811, "Actual Max Total Time": 0.811, "Actual Total Rows": 3981, "Index Cond": "(s_nationkey = nation.n_nationkey)"}]}]}]}]}]}]}, {"Node Type": "Index Scan", "Parent Relationship": "Inner", "Scan Direction": "Forward", "Index Name": "idx_lineitem_orderkey", "Relation Name": "lineitem", "Alias": "l3", "Startup Cost": 0.0, "Total Cost": 1.63, "Plan Rows": 3, "Plan Width": 16, "Actual Min Startup Time": 9221.901, "Actual Max Startup Time": 9221.901, "Actual Min Total Time": 9221.901, "Actual Max Total Time": 9221.901, "Actual Total Rows": 1375914, "Index Cond": "(l_orderkey = l1.l_orderkey)", "Rows Removed by Index Recheck": 0, "Filter": "((l_receiptdate > l_commitdate) AND (l_suppkey <> l1.l_suppkey))", "Rows Removed by Filter": 1348115}]}, {"Node Type": "Index Scan", "Parent Relationship": "Inner", "Scan Direction": "Forward", "Index Name": "idx_lineitem_orderkey", "Relation Name": "lineitem", "Alias": "l2", "Startup Cost": 0.0, "Total Cost": 1.63, "Plan Rows": 9, "Plan Width": 16, "Actual Min Startup Time": 496.479, "Actual Max Startup Time": 496.479, "Actual Min Total Time": 496.479, "Actual Max Total Time": 496.479, "Actual Total Rows": 80537, "Index Cond": "(l_orderkey = l1.l_orderkey)", "Rows Removed by Index Recheck": 0, "Filter": "(l_suppkey <> l1.l_suppkey)", "Rows Removed by Filter": 85912}]}, {"Node Type": "Index Scan", "Parent Relationship": "Inner", "Scan Direction": "Forward", "Index Name": "orders_pkey", "Relation Name": "orders", "Alias": "orders", "Startup Cost": 0.0, "Total Cost": 0.97, "Plan Rows": 1, "Plan Width": 8, "Actual Min Startup Time": 513.763, "Actual Max Startup Time": 513.763, "Actual Min Total Time": 513.763, "Actual Max Total Time": 513.763, "Actual Total Rows": 39445, "Index Cond": "(o_orderkey = l2.l_orderkey)", "Rows Removed by Index Recheck": 0, "Filter": "(o_orderstatus = 'F'::bpchar)", "Rows Removed by Filter": 41092}]}]}]}]}, "Triggers": [], "Planner Runtime": 13.94, "Total Runtime": 12242.166, "Unique SQL Id": 3870093320}}, "(16, 33)": {"explain_plan": {"Plan": {"Node Type": "Limit", "Startup Cost": 2785833.2, "Total Cost": 2785833.45, "Plan Rows": 100, "Plan Width": 34, "Plans": [{"Node Type": "Sort", "Parent Relationship": "Outer", "Startup Cost": 2785833.2, "Total Cost": 2785856.13, "Plan Rows": 100, "Plan Width": 34, "Sort Key": ["(count(*)) DESC", "supplier.s_name"], "Plans": [{"Node Type": "Aggregate", "Strategy": "Hashed", "Parent Relationship": "Outer", "Startup Cost": 2785390.93, "Total Cost": 2785482.65, "Plan Rows": 9172, "Plan Width": 34, "Group By Key": ["supplier.s_name"], "Plans": [{"Node Type": "Nested Loop", "Parent Relationship": "Outer", "Join Type": "Inner", "Startup Cost": 18975.98, "Total Cost": 2785345.07, "Plan Rows": 9172, "Plan Width": 26, "Inner Unique": true, "Join Filter": "(l1.l_orderkey = orders.o_orderkey)", "Plans": [{"Node Type": "Nested Loop", "Parent Relationship": "Outer", "Join Type": "Semi", "Startup Cost": 18975.98, "Total Cost": 2778244.7, "Plan Rows": 7254, "Plan Width": 42, "Inner Unique": false, "Plans": [{"Node Type": "Nested Loop", "Parent Relationship": "Outer", "Join Type": "Anti", "Startup Cost": 18975.98, "Total Cost": 2776389.13, "Plan Rows": 7635, "Plan Width": 42, "Inner Unique": false, "Plans": [{"Node Type": "Streaming(type: LOCAL GATHER dop: 1/16)", "Parent Relationship": "Outer", "Startup Cost": 18975.98, "Total Cost": 2729201.91, "Plan Rows": 152707, "Plan Width": 42, "Plans": [{"Node Type": "Hash Join", "Parent Relationship": "Outer", "Join Type": "Inner", "Startup Cost": 18975.98, "Total Cost": 2725906.19, "Plan Rows": 152707, "Plan Width": 42, "Inner Unique": false, "Hash Cond": "(l1.l_suppkey = supplier.s_suppkey), (LLVM Optimized)", "Plans": [{"Node Type": "Index Scan", "Parent Relationship": "Outer", "Scan Direction": "Forward", "Index Name": "idx_lineitem_orderkey", "Relation Name": "lineitem", "Alias": "l1", "Startup Cost": 0.0, "Total Cost": 2702148.28, "Plan Rows": 19995678, "Plan Width": 16, "Filter": "(l_receiptdate > l_commitdate), (LLVM Optimized)"}, {"Node Type": "Hash", "Parent Relationship": "Inner", "Startup Cost": 18925.98, "Total Cost": 18925.98, "Plan Rows": 64000, "Plan Width": 34, "Plans": [{"Node Type": "Streaming(type: BROADCAST dop: 16/1)", "Parent Relationship": "Outer", "Startup Cost": 95.25, "Total Cost": 18925.98, "Plan Rows": 64000, "Plan Width": 34, "Plans": [{"Node Type": "Nested Loop", "Parent Relationship": "Outer", "Join Type": "Inner", "Startup Cost": 95.25, "Total Cost": 2544.73, "Plan Rows": 4000, "Plan Width": 34, "Inner Unique": false, "Plans": [{"Node Type": "Index Scan", "Parent Relationship": "Outer", "Scan Direction": "Forward", "Index Name": "nation_pkey", "Relation Name": "nation", "Alias": "nation", "Startup Cost": 0.0, "Total Cost": 12.69, "Plan Rows": 1, "Plan Width": 4, "Filter": "(n_name = 'EGYPT'::bpchar)"}, {"Node Type": "Bitmap Heap Scan", "Parent Relationship": "Inner", "Relation Name": "supplier", "Alias": "supplier", "Startup Cost": 95.25, "Total Cost": 2492.04, "Plan Rows": 4000, "Plan Width": 38, "Recheck Cond": "(s_nationkey = nation.n_nationkey)", "Plans": [{"Node Type": "Bitmap Index Scan", "Parent Relationship": "Outer", "Index Name": "idx_supplier_nation_key", "Startup Cost": 0.0, "Total Cost": 94.25, "Plan Rows": 4000, "Plan Width": 0, "Index Cond": "(s_nationkey = nation.n_nationkey)"}]}]}]}]}]}]}, {"Node Type": "Index Scan", "Parent Relationship": "Inner", "Scan Direction": "Forward", "Index Name": "idx_lineitem_orderkey", "Relation Name": "lineitem", "Alias": "l3", "Startup Cost": 0.0, "Total Cost": 1.63, "Plan Rows": 3, "Plan Width": 16, "Index Cond": "(l_orderkey = l1.l_orderkey)", "Filter": "((l_receiptdate > l_commitdate) AND (l_suppkey <> l1.l_suppkey))"}]}, {"Node Type": "Index Scan", "Parent Relationship": "Inner", "Scan Direction": "Forward", "Index Name": "idx_lineitem_orderkey", "Relation Name": "lineitem", "Alias": "l2", "Startup Cost": 0.0, "Total Cost": 1.63, "Plan Rows": 9, "Plan Width": 16, "Index Cond": "(l_orderkey = l1.l_orderkey)", "Filter": "(l_suppkey <> l1.l_suppkey)"}]}, {"Node Type": "Index Scan", "Parent Relationship": "Inner", "Scan Direction": "Forward", "Index Name": "orders_pkey", "Relation Name": "orders", "Alias": "orders", "Startup Cost": 0.0, "Total Cost": 0.97, "Plan Rows": 1, "Plan Width": 8, "Index Cond": "(o_orderkey = l2.l_orderkey)", "Filter": "(o_orderstatus = 'F'::bpchar)"}]}]}]}]}, "Unique SQL Id": 3870093320}, "explain_analyze_plan": {"Plan": {"Node Type": "Limit", "Startup Cost": 2785833.2, "Total Cost": 2785833.45, "Plan Rows": 100, "Plan Width": 34, "Actual Min Startup Time": 13764.738, "Actual Max Startup Time": 13764.738, "Actual Min Total Time": 13764.757, "Actual Max Total Time": 13764.757, "Actual Total Rows": 100, "Plans": [{"Node Type": "Sort", "Parent Relationship": "Outer", "Startup Cost": 2785833.2, "Total Cost": 2785856.13, "Plan Rows": 100, "Plan Width": 34, "Actual Min Startup Time": 13764.736, "Actual Max Startup Time": 13764.736, "Actual Min Total Time": 13764.743, "Actual Max Total Time": 13764.743, "Actual Total Rows": 100, "Sort Key": ["(count(*)) DESC", "supplier.s_name"], "Sort Method": "top-N heapsort", "Sort Space Min Used": 41, "Sort Space Max Used": 41, "Sort Space Type": "Memory", "Plans": [{"Node Type": "Aggregate", "Strategy": "Hashed", "Parent Relationship": "Outer", "Startup Cost": 2785390.93, "Total Cost": 2785482.65, "Plan Rows": 9172, "Plan Width": 34, "Actual Min Startup Time": 13761.425, "Actual Max Startup Time": 13761.425, "Actual Min Total Time": 13762.64, "Actual Max Total Time": 13762.64, "Actual Total Rows": 3981, "Group By Key": ["supplier.s_name"], "Plans": [{"Node Type": "Nested Loop", "Parent Relationship": "Outer", "Join Type": "Inner", "Startup Cost": 18975.98, "Total Cost": 2785345.07, "Plan Rows": 9172, "Plan Width": 26, "Actual Min Startup Time": 917.898, "Actual Max Startup Time": 917.898, "Actual Min Total Time": 13711.073, "Actual Max Total Time": 13711.073, "Actual Total Rows": 39445, "Inner Unique": true, "Join Filter": "(l1.l_orderkey = orders.o_orderkey)", "Rows Removed by Join Filter": 0, "Plans": [{"Node Type": "Nested Loop", "Parent Relationship": "Outer", "Join Type": "Semi", "Startup Cost": 18975.98, "Total Cost": 2778244.7, "Plan Rows": 7254, "Plan Width": 42, "Actual Min Startup Time": 917.632, "Actual Max Startup Time": 917.632, "Actual Min Total Time": 13105.313, "Actual Max Total Time": 13105.313, "Actual Total Rows": 80537, "Inner Unique": false, "Plans": [{"Node Type": "Nested Loop", "Parent Relationship": "Outer", "Join Type": "Anti", "Startup Cost": 18975.98, "Total Cost": 2776389.13, "Plan Rows": 7635, "Plan Width": 42, "Actual Min Startup Time": 917.613, "Actual Max Startup Time": 917.613, "Actual Min Total Time": 12509.033, "Actual Max Total Time": 12509.033, "Actual Total Rows": 135110, "Inner Unique": false, "Plans": [{"Node Type": "Streaming(type: LOCAL GATHER dop: 1/16)", "Parent Relationship": "Outer", "Startup Cost": 18975.98, "Total Cost": 2729201.91, "Plan Rows": 152707, "Plan Width": 42, "Actual Min Startup Time": 917.55, "Actual Max Startup Time": 917.55, "Actual Min Total Time": 1686.927, "Actual Max Total Time": 1686.927, "Actual Total Rows": 1511024, "Plans": [{"Node Type": "Hash Join", "Parent Relationship": "Outer", "Join Type": "Inner", "Startup Cost": 18975.98, "Total Cost": 2725906.19, "Plan Rows": 152707, "Plan Width": 42, "Actual Min Startup Time": 836.153, "Actual Max Startup Time": 859.668, "Actual Min Total Time": 3988.911, "Actual Max Total Time": 4372.024, "Actual Total Rows": 1511024, "Inner Unique": false, "Hash Cond": "(l1.l_suppkey = supplier.s_suppkey), (LLVM Optimized, Jit Execute)", "Plans": [{"Node Type": "Index Scan", "Parent Relationship": "Outer", "Scan Direction": "Forward", "Index Name": "idx_lineitem_orderkey", "Relation Name": "lineitem", "Alias": "l1", "Startup Cost": 0.0, "Total Cost": 2702148.28, "Plan Rows": 19995678, "Plan Width": 16, "Actual Min Startup Time": 780.017, "Actual Max Startup Time": 780.159, "Actual Min Total Time": 3389.52, "Actual Max Total Time": 3791.658, "Actual Total Rows": 37929348, "Filter": "(l_receiptdate > l_commitdate), (LLVM Optimized, Jit Execute)", "Rows Removed by Filter": 22056704}, {"Node Type": "Hash", "Parent Relationship": "Inner", "Startup Cost": 18925.98, "Total Cost": 18925.98, "Plan Rows": 64000, "Plan Width": 34, "Actual Min Startup Time": 56.016, "Actual Max Startup Time": 79.435, "Actual Min Total Time": 56.016, "Actual Max Total Time": 79.435, "Actual Total Rows": 63696, "Max Hash Buckets": 32768, "Min Hash Buckets": 32768, "Max Hash Batches": 1, "Min Hash Batches": 1, "Max Original Hash Batches": 1, "Min Original Hash Batches": 1, "Max Peak Memory Usage": 280, "min Peak Memory Usage": 280, "Plans": [{"Node Type": "Streaming(type: BROADCAST dop: 16/1)", "Parent Relationship": "Outer", "Startup Cost": 95.25, "Total Cost": 18925.98, "Plan Rows": 64000, "Plan Width": 34, "Actual Min Startup Time": 0.042, "Actual Max Startup Time": 0.079, "Actual Min Total Time": 54.796, "Actual Max Total Time": 77.96, "Actual Total Rows": 63696, "Plans": [{"Node Type": "Nested Loop", "Parent Relationship": "Outer", "Join Type": "Inner", "Startup Cost": 95.25, "Total Cost": 2544.73, "Plan Rows": 4000, "Plan Width": 34, "Actual Min Startup Time": 1.239, "Actual Max Startup Time": 1.239, "Actual Min Total Time": 10.075, "Actual Max Total Time": 10.075, "Actual Total Rows": 3981, "Inner Unique": false, "Plans": [{"Node Type": "Index Scan", "Parent Relationship": "Outer", "Scan Direction": "Forward", "Index Name": "nation_pkey", "Relation Name": "nation", "Alias": "nation", "Startup Cost": 0.0, "Total Cost": 12.69, "Plan Rows": 1, "Plan Width": 4, "Actual Min Startup Time": 0.043, "Actual Max Startup Time": 0.043, "Actual Min Total Time": 0.067, "Actual Max Total Time": 0.067, "Actual Total Rows": 1, "Filter": "(n_name = 'EGYPT'::bpchar)", "Rows Removed by Filter": 24}, {"Node Type": "Bitmap Heap Scan", "Parent Relationship": "Inner", "Relation Name": "supplier", "Alias": "supplier", "Startup Cost": 95.25, "Total Cost": 2492.04, "Plan Rows": 4000, "Plan Width": 38, "Actual Min Startup Time": 1.189, "Actual Max Startup Time": 1.189, "Actual Min Total Time": 9.235, "Actual Max Total Time": 9.235, "Actual Total Rows": 3981, "Recheck Cond": "(s_nationkey = nation.n_nationkey)", "Rows Removed by Index Recheck": 0, "Exact Heap Blocks": 0, "Lossy Heap Blocks": 0, "Plans": [{"Node Type": "Bitmap Index Scan", "Parent Relationship": "Outer", "Index Name": "idx_supplier_nation_key", "Startup Cost": 0.0, "Total Cost": 94.25, "Plan Rows": 4000, "Plan Width": 0, "Actual Min Startup Time": 0.876, "Actual Max Startup Time": 0.876, "Actual Min Total Time": 0.876, "Actual Max Total Time": 0.876, "Actual Total Rows": 3981, "Index Cond": "(s_nationkey = nation.n_nationkey)"}]}]}]}]}]}]}, {"Node Type": "Index Scan", "Parent Relationship": "Inner", "Scan Direction": "Forward", "Index Name": "idx_lineitem_orderkey", "Relation Name": "lineitem", "Alias": "l3", "Startup Cost": 0.0, "Total Cost": 1.63, "Plan Rows": 3, "Plan Width": 16, "Actual Min Startup Time": 9803.763, "Actual Max Startup Time": 9803.763, "Actual Min Total Time": 9803.763, "Actual Max Total Time": 9803.763, "Actual Total Rows": 1375914, "Index Cond": "(l_orderkey = l1.l_orderkey)", "Rows Removed by Index Recheck": 0, "Filter": "((l_receiptdate > l_commitdate) AND (l_suppkey <> l1.l_suppkey))", "Rows Removed by Filter": 1348115}]}, {"Node Type": "Index Scan", "Parent Relationship": "Inner", "Scan Direction": "Forward", "Index Name": "idx_lineitem_orderkey", "Relation Name": "lineitem", "Alias": "l2", "Startup Cost": 0.0, "Total Cost": 1.63, "Plan Rows": 9, "Plan Width": 16, "Actual Min Startup Time": 498.159, "Actual Max Startup Time": 498.159, "Actual Min Total Time": 498.159, "Actual Max Total Time": 498.159, "Actual Total Rows": 80537, "Index Cond": "(l_orderkey = l1.l_orderkey)", "Rows Removed by Index Recheck": 0, "Filter": "(l_suppkey <> l1.l_suppkey)", "Rows Removed by Filter": 85912}]}, {"Node Type": "Index Scan", "Parent Relationship": "Inner", "Scan Direction": "Forward", "Index Name": "orders_pkey", "Relation Name": "orders", "Alias": "orders", "Startup Cost": 0.0, "Total Cost": 0.97, "Plan Rows": 1, "Plan Width": 8, "Actual Min Startup Time": 540.279, "Actual Max Startup Time": 540.279, "Actual Min Total Time": 540.279, "Actual Max Total Time": 540.279, "Actual Total Rows": 39445, "Index Cond": "(o_orderkey = l2.l_orderkey)", "Rows Removed by Index Recheck": 0, "Filter": "(o_orderstatus = 'F'::bpchar)", "Rows Removed by Filter": 41092}]}]}]}]}, "Triggers": [], "Planner Runtime": 12.499, "Total Runtime": 13777.942, "Unique SQL Id": 3870093320}}, "(16, 34)": {"explain_plan": {"Plan": {"Node Type": "Limit", "Startup Cost": 486140.51, "Total Cost": 486140.76, "Plan Rows": 100, "Plan Width": 34, "Plans": [{"Node Type": "Sort", "Parent Relationship": "Outer", "Startup Cost": 486140.51, "Total Cost": 486163.44, "Plan Rows": 100, "Plan Width": 34, "Sort Key": ["(count(*)) DESC", "supplier.s_name"], "Plans": [{"Node Type": "Aggregate", "Strategy": "Hashed", "Parent Relationship": "Outer", "Startup Cost": 485698.24, "Total Cost": 485789.96, "Plan Rows": 9172, "Plan Width": 34, "Group By Key": ["supplier.s_name"], "Plans": [{"Node Type": "Nested Loop", "Parent Relationship": "Outer", "Join Type": "Inner", "Startup Cost": 189763.55, "Total Cost": 485652.38, "Plan Rows": 9172, "Plan Width": 26, "Inner Unique": true, "Join Filter": "(l1.l_orderkey = orders.o_orderkey)", "Plans": [{"Node Type": "Nested Loop", "Parent Relationship": "Outer", "Join Type": "Semi", "Startup Cost": 189762.95, "Total Cost": 452091.62, "Plan Rows": 7254, "Plan Width": 42, "Inner Unique": false, "Plans": [{"Node Type": "Streaming(type: LOCAL GATHER dop: 1/16)", "Parent Relationship": "Outer", "Startup Cost": 189762.13, "Total Cost": 436913.07, "Plan Rows": 7635, "Plan Width": 42, "Plans": [{"Node Type": "Hash Join", "Parent Relationship": "Outer", "Join Type": "Right Anti", "Startup Cost": 189762.13, "Total Cost": 436748.29, "Plan Rows": 7635, "Plan Width": 42, "Inner Unique": false, "Hash Cond": "(l3.l_orderkey = l1.l_orderkey)", "Join Filter": "(l3.l_suppkey <> l1.l_suppkey)", "Plans": [{"Node Type": "Streaming(type: LOCAL REDISTRIBUTE dop: 16/16)", "Parent Relationship": "Outer", "Startup Cost": 0.0, "Total Cost": 241082.56, "Plan Rows": 19995678, "Plan Width": 16, "Plans": [{"Node Type": "Seq Scan", "Parent Relationship": "Outer", "Relation Name": "lineitem", "Alias": "l3", "Startup Cost": 0.0, "Total Cost": 150317.68, "Plan Rows": 19995678, "Plan Width": 16, "Filter": "(l_receiptdate > l_commitdate), (LLVM Optimized)"}]}, {"Node Type": "Hash", "Parent Relationship": "Inner", "Startup Cost": 189642.83, "Total Cost": 189642.83, "Plan Rows": 152707, "Plan Width": 42, "Plans": [{"Node Type": "Streaming(type: LOCAL REDISTRIBUTE dop: 16/16)", "Parent Relationship": "Outer", "Startup Cost": 18964.6, "Total Cost": 189642.83, "Plan Rows": 152707, "Plan Width": 42, "Plans": [{"Node Type": "Hash Join", "Parent Relationship": "Outer", "Join Type": "Inner", "Startup Cost": 18964.6, "Total Cost": 174064.21, "Plan Rows": 152707, "Plan Width": 42, "Inner Unique": false, "Hash Cond": "(l1.l_suppkey = supplier.s_suppkey), (LLVM Optimized)", "Plans": [{"Node Type": "Seq Scan", "Parent Relationship": "Outer", "Relation Name": "lineitem", "Alias": "l1", "Startup Cost": 0.0, "Total Cost": 150317.68, "Plan Rows": 19995678, "Plan Width": 16, "Filter": "(l_receiptdate > l_commitdate), (LLVM Optimized)"}, {"Node Type": "Hash", "Parent Relationship": "Inner", "Startup Cost": 18914.6, "Total Cost": 18914.6, "Plan Rows": 64000, "Plan Width": 34, "Plans": [{"Node Type": "Streaming(type: BROADCAST dop: 16/1)", "Parent Relationship": "Outer", "Startup Cost": 95.25, "Total Cost": 18914.6, "Plan Rows": 64000, "Plan Width": 34, "Plans": [{"Node Type": "Nested Loop", "Parent Relationship": "Outer", "Join Type": "Inner", "Startup Cost": 95.25, "Total Cost": 2533.35, "Plan Rows": 4000, "Plan Width": 34, "Inner Unique": false, "Plans": [{"Node Type": "Seq Scan", "Parent Relationship": "Outer", "Relation Name": "nation", "Alias": "nation", "Startup Cost": 0.0, "Total Cost": 1.31, "Plan Rows": 1, "Plan Width": 4, "Filter": "(n_name = 'EGYPT'::bpchar)"}, {"Node Type": "Bitmap Heap Scan", "Parent Relationship": "Inner", "Relation Name": "supplier", "Alias": "supplier", "Startup Cost": 95.25, "Total Cost": 2492.04, "Plan Rows": 4000, "Plan Width": 38, "Recheck Cond": "(s_nationkey = nation.n_nationkey)", "Plans": [{"Node Type": "Bitmap Index Scan", "Parent Relationship": "Outer", "Index Name": "idx_supplier_nation_key", "Startup Cost": 0.0, "Total Cost": 94.25, "Plan Rows": 4000, "Plan Width": 0, "Index Cond": "(s_nationkey = nation.n_nationkey)"}]}]}]}]}]}]}]}]}]}, {"Node Type": "Bitmap Heap Scan", "Parent Relationship": "Inner", "Relation Name": "lineitem", "Alias": "l2", "Startup Cost": 0.82, "Total Cost": 8.95, "Plan Rows": 9, "Plan Width": 16, "Recheck Cond": "(l_orderkey = l1.l_orderkey)", "Filter": "(l_suppkey <> l1.l_suppkey)", "Plans": [{"Node Type": "Bitmap Index Scan", "Parent Relationship": "Outer", "Index Name": "idx_lineitem_orderkey", "Startup Cost": 0.0, "Total Cost": 0.82, "Plan Rows": 9, "Plan Width": 0, "Index Cond": "(l_orderkey = l1.l_orderkey)"}]}]}, {"Node Type": "Bitmap Heap Scan", "Parent Relationship": "Inner", "Relation Name": "orders", "Alias": "orders", "Startup Cost": 0.6, "Total Cost": 4.61, "Plan Rows": 1, "Plan Width": 8, "Recheck Cond": "(o_orderkey = l2.l_orderkey)", "Filter": "(o_orderstatus = 'F'::bpchar)", "Plans": [{"Node Type": "Bitmap Index Scan", "Parent Relationship": "Outer", "Index Name": "orders_pkey", "Startup Cost": 0.0, "Total Cost": 0.6, "Plan Rows": 1, "Plan Width": 0, "Index Cond": "(o_orderkey = l2.l_orderkey)"}]}]}]}]}]}, "Unique SQL Id": 3870093320}, "explain_analyze_plan": {"Plan": {"Node Type": "Limit", "Startup Cost": 486140.51, "Total Cost": 486140.76, "Plan Rows": 100, "Plan Width": 34, "Actual Min Startup Time": 11240.864, "Actual Max Startup Time": 11240.864, "Actual Min Total Time": 11240.88, "Actual Max Total Time": 11240.88, "Actual Total Rows": 100, "Plans": [{"Node Type": "Sort", "Parent Relationship": "Outer", "Startup Cost": 486140.51, "Total Cost": 486163.44, "Plan Rows": 100, "Plan Width": 34, "Actual Min Startup Time": 11240.861, "Actual Max Startup Time": 11240.861, "Actual Min Total Time": 11240.867, "Actual Max Total Time": 11240.867, "Actual Total Rows": 100, "Sort Key": ["(count(*)) DESC", "supplier.s_name"], "Sort Method": "top-N heapsort", "Sort Space Min Used": 41, "Sort Space Max Used": 41, "Sort Space Type": "Memory", "Plans": [{"Node Type": "Aggregate", "Strategy": "Hashed", "Parent Relationship": "Outer", "Startup Cost": 485698.24, "Total Cost": 485789.96, "Plan Rows": 9172, "Plan Width": 34, "Actual Min Startup Time": 11237.401, "Actual Max Startup Time": 11237.401, "Actual Min Total Time": 11238.769, "Actual Max Total Time": 11238.769, "Actual Total Rows": 3981, "Group By Key": ["supplier.s_name"], "Plans": [{"Node Type": "Nested Loop", "Parent Relationship": "Outer", "Join Type": "Inner", "Startup Cost": 189763.55, "Total Cost": 485652.38, "Plan Rows": 9172, "Plan Width": 26, "Actual Min Startup Time": 8590.269, "Actual Max Startup Time": 8590.269, "Actual Min Total Time": 11197.681, "Actual Max Total Time": 11197.681, "Actual Total Rows": 39445, "Inner Unique": true, "Join Filter": "(l1.l_orderkey = orders.o_orderkey)", "Rows Removed by Join Filter": 0, "Plans": [{"Node Type": "Nested Loop", "Parent Relationship": "Outer", "Join Type": "Semi", "Startup Cost": 189762.95, "Total Cost": 452091.62, "Plan Rows": 7254, "Plan Width": 42, "Actual Min Startup Time": 8590.209, "Actual Max Startup Time": 8590.209, "Actual Min Total Time": 10305.578, "Actual Max Total Time": 10305.578, "Actual Total Rows": 80537, "Inner Unique": false, "Plans": [{"Node Type": "Streaming(type: LOCAL GATHER dop: 1/16)", "Parent Relationship": "Outer", "Startup Cost": 189762.13, "Total Cost": 436913.07, "Plan Rows": 7635, "Plan Width": 42, "Actual Min Startup Time": 8590.108, "Actual Max Startup Time": 8590.108, "Actual Min Total Time": 8662.465, "Actual Max Total Time": 8662.465, "Actual Total Rows": 135110, "Plans": [{"Node Type": "Hash Join", "Parent Relationship": "Outer", "Join Type": "Right Anti", "Startup Cost": 189762.13, "Total Cost": 436748.29, "Plan Rows": 7635, "Plan Width": 42, "Actual Min Startup Time": 8445.861, "Actual Max Startup Time": 8466.538, "Actual Min Total Time": 8449.069, "Actual Max Total Time": 8468.683, "Actual Total Rows": 135110, "Inner Unique": false, "Hash Cond": "(l3.l_orderkey = l1.l_orderkey)", "Join Filter": "(l3.l_suppkey <> l1.l_suppkey)", "Rows Removed by Join Filter": 548525, "Plans": [{"Node Type": "Streaming(type: LOCAL REDISTRIBUTE dop: 16/16)", "Parent Relationship": "Outer", "Startup Cost": 0.0, "Total Cost": 241082.56, "Plan Rows": 19995678, "Plan Width": 16, "Actual Min Startup Time": 0.066, "Actual Max Startup Time": 0.722, "Actual Min Total Time": 4955.966, "Actual Max Total Time": 5250.864, "Actual Total Rows": 37929348, "Plans": [{"Node Type": "Seq Scan", "Parent Relationship": "Outer", "Relation Name": "lineitem", "Alias": "l3", "Startup Cost": 0.0, "Total Cost": 150317.68, "Plan Rows": 19995678, "Plan Width": 16, "Actual Min Startup Time": 0.025, "Actual Max Startup Time": 0.071, "Actual Min Total Time": 1694.545, "Actual Max Total Time": 1785.562, "Actual Total Rows": 37929348, "Filter": "(l_receiptdate > l_commitdate), (LLVM Optimized, Jit Execute)", "Rows Removed by Filter": 22056704}]}, {"Node Type": "Hash", "Parent Relationship": "Inner", "Startup Cost": 189642.83, "Total Cost": 189642.83, "Plan Rows": 152707, "Plan Width": 42, "Actual Min Startup Time": 2634.573, "Actual Max Startup Time": 2655.314, "Actual Min Total Time": 2634.573, "Actual Max Total Time": 2655.314, "Actual Total Rows": 1511024, "Max Hash Buckets": 32768, "Min Hash Buckets": 32768, "Max Hash Batches": 1, "Min Hash Batches": 1, "Max Original Hash Batches": 1, "Min Original Hash Batches": 1, "Max Peak Memory Usage": 7375, "min Peak Memory Usage": 7375, "Plans": [{"Node Type": "Streaming(type: LOCAL REDISTRIBUTE dop: 16/16)", "Parent Relationship": "Outer", "Startup Cost": 18964.6, "Total Cost": 189642.83, "Plan Rows": 152707, "Plan Width": 42, "Actual Min Startup Time": 141.431, "Actual Max Startup Time": 165.14, "Actual Min Total Time": 2584.986, "Actual Max Total Time": 2630.417, "Actual Total Rows": 1511024, "Plans": [{"Node Type": "Hash Join", "Parent Relationship": "Outer", "Join Type": "Inner", "Startup Cost": 18964.6, "Total Cost": 174064.21, "Plan Rows": 152707, "Plan Width": 42, "Actual Min Startup Time": 55.875, "Actual Max Startup Time": 173.167, "Actual Min Total Time": 2287.562, "Actual Max Total Time": 2444.859, "Actual Total Rows": 1511024, "Inner Unique": false, "Hash Cond": "(l1.l_suppkey = supplier.s_suppkey), (LLVM Optimized, Jit Execute)", "Plans": [{"Node Type": "Seq Scan", "Parent Relationship": "Outer", "Relation Name": "lineitem", "Alias": "l1", "Startup Cost": 0.0, "Total Cost": 150317.68, "Plan Rows": 19995678, "Plan Width": 16, "Actual Min Startup Time": 0.025, "Actual Max Startup Time": 0.044, "Actual Min Total Time": 1692.272, "Actual Max Total Time": 1818.782, "Actual Total Rows": 37929348, "Filter": "(l_receiptdate > l_commitdate), (LLVM Optimized, Jit Execute)", "Rows Removed by Filter": 22056704}, {"Node Type": "Hash", "Parent Relationship": "Inner", "Startup Cost": 18914.6, "Total Cost": 18914.6, "Plan Rows": 64000, "Plan Width": 34, "Actual Min Startup Time": 55.738, "Actual Max Startup Time": 172.992, "Actual Min Total Time": 55.738, "Actual Max Total Time": 172.992, "Actual Total Rows": 63696, "Max Hash Buckets": 32768, "Min Hash Buckets": 32768, "Max Hash Batches": 1, "Min Hash Batches": 1, "Max Original Hash Batches": 1, "Min Original Hash Batches": 1, "Max Peak Memory Usage": 280, "min Peak Memory Usage": 280, "Plans": [{"Node Type": "Streaming(type: BROADCAST dop: 16/1)", "Parent Relationship": "Outer", "Startup Cost": 95.25, "Total Cost": 18914.6, "Plan Rows": 64000, "Plan Width": 34, "Actual Min Startup Time": 0.032, "Actual Max Startup Time": 0.08, "Actual Min Total Time": 54.443, "Actual Max Total Time": 171.515, "Actual Total Rows": 63696, "Plans": [{"Node Type": "Nested Loop", "Parent Relationship": "Outer", "Join Type": "Inner", "Startup Cost": 95.25, "Total Cost": 2533.35, "Plan Rows": 4000, "Plan Width": 34, "Actual Min Startup Time": 1.18, "Actual Max Startup Time": 1.18, "Actual Min Total Time": 10.071, "Actual Max Total Time": 10.071, "Actual Total Rows": 3981, "Inner Unique": false, "Plans": [{"Node Type": "Seq Scan", "Parent Relationship": "Outer", "Relation Name": "nation", "Alias": "nation", "Startup Cost": 0.0, "Total Cost": 1.31, "Plan Rows": 1, "Plan Width": 4, "Actual Min Startup Time": 0.036, "Actual Max Startup Time": 0.036, "Actual Min Total Time": 0.057, "Actual Max Total Time": 0.057, "Actual Total Rows": 1, "Filter": "(n_name = 'EGYPT'::bpchar)", "Rows Removed by Filter": 24}, {"Node Type": "Bitmap Heap Scan", "Parent Relationship": "Inner", "Relation Name": "supplier", "Alias": "supplier", "Startup Cost": 95.25, "Total Cost": 2492.04, "Plan Rows": 4000, "Plan Width": 38, "Actual Min Startup Time": 1.135, "Actual Max Startup Time": 1.135, "Actual Min Total Time": 9.171, "Actual Max Total Time": 9.171, "Actual Total Rows": 3981, "Recheck Cond": "(s_nationkey = nation.n_nationkey)", "Rows Removed by Index Recheck": 0, "Exact Heap Blocks": 0, "Lossy Heap Blocks": 0, "Plans": [{"Node Type": "Bitmap Index Scan", "Parent Relationship": "Outer", "Index Name": "idx_supplier_nation_key", "Startup Cost": 0.0, "Total Cost": 94.25, "Plan Rows": 4000, "Plan Width": 0, "Actual Min Startup Time": 0.824, "Actual Max Startup Time": 0.824, "Actual Min Total Time": 0.824, "Actual Max Total Time": 0.824, "Actual Total Rows": 3981, "Index Cond": "(s_nationkey = nation.n_nationkey)"}]}]}]}]}]}]}]}]}]}, {"Node Type": "Bitmap Heap Scan", "Parent Relationship": "Inner", "Relation Name": "lineitem", "Alias": "l2", "Startup Cost": 0.82, "Total Cost": 8.95, "Plan Rows": 9, "Plan Width": 16, "Actual Min Startup Time": 1463.89, "Actual Max Startup Time": 1463.89, "Actual Min Total Time": 1463.89, "Actual Max Total Time": 1463.89, "Actual Total Rows": 80537, "Recheck Cond": "(l_orderkey = l1.l_orderkey)", "Rows Removed by Index Recheck": 0, "Filter": "(l_suppkey <> l1.l_suppkey)", "Rows Removed by Filter": 85912, "Exact Heap Blocks": 135868, "Lossy Heap Blocks": 135868, "Plans": [{"Node Type": "Bitmap Index Scan", "Parent Relationship": "Outer", "Index Name": "idx_lineitem_orderkey", "Startup Cost": 0.0, "Total Cost": 0.82, "Plan Rows": 9, "Plan Width": 0, "Actual Min Startup Time": 913.992, "Actual Max Startup Time": 913.992, "Actual Min Total Time": 913.992, "Actual Max Total Time": 913.992, "Actual Total Rows": 287712, "Index Cond": "(l_orderkey = l1.l_orderkey)"}]}]}, {"Node Type": "Bitmap Heap Scan", "Parent Relationship": "Inner", "Relation Name": "orders", "Alias": "orders", "Startup Cost": 0.6, "Total Cost": 4.61, "Plan Rows": 1, "Plan Width": 8, "Actual Min Startup Time": 790.443, "Actual Max Startup Time": 790.443, "Actual Min Total Time": 790.443, "Actual Max Total Time": 790.443, "Actual Total Rows": 39445, "Recheck Cond": "(o_orderkey = l2.l_orderkey)", "Rows Removed by Index Recheck": 0, "Filter": "(o_orderstatus = 'F'::bpchar)", "Rows Removed by Filter": 41092, "Exact Heap Blocks": 80537, "Lossy Heap Blocks": 80537, "Plans": [{"Node Type": "Bitmap Index Scan", "Parent Relationship": "Outer", "Index Name": "orders_pkey", "Startup Cost": 0.0, "Total Cost": 0.6, "Plan Rows": 1, "Plan Width": 0, "Actual Min Startup Time": 483.093, "Actual Max Startup Time": 483.093, "Actual Min Total Time": 483.093, "Actual Max Total Time": 483.093, "Actual Total Rows": 80537, "Index Cond": "(o_orderkey = l2.l_orderkey)"}]}]}]}]}]}, "Triggers": [], "Planner Runtime": 15.989, "Total Runtime": 11264.77, "Unique SQL Id": 3870093320}}, "(16, 35)": {"explain_plan": {"Plan": {"Node Type": "Limit", "Startup Cost": 3882163.35, "Total Cost": 3882163.6, "Plan Rows": 100, "Plan Width": 34, "Plans": [{"Node Type": "Sort", "Parent Relationship": "Outer", "Startup Cost": 3882163.35, "Total Cost": 3882186.28, "Plan Rows": 100, "Plan Width": 34, "Sort Key": ["(count(*)) DESC", "supplier.s_name"], "Plans": [{"Node Type": "Aggregate", "Strategy": "Hashed", "Parent Relationship": "Outer", "Startup Cost": 3881721.08, "Total Cost": 3881812.8, "Plan Rows": 9172, "Plan Width": 34, "Group By Key": ["supplier.s_name"], "Plans": [{"Node Type": "Nested Loop", "Parent Relationship": "Outer", "Join Type": "Inner", "Startup Cost": 1232631.31, "Total Cost": 3881675.22, "Plan Rows": 9172, "Plan Width": 26, "Inner Unique": true, "Join Filter": "(l1.l_orderkey = orders.o_orderkey)", "Plans": [{"Node Type": "Nested Loop", "Parent Relationship": "Outer", "Join Type": "Semi", "Startup Cost": 1232630.71, "Total Cost": 3848114.46, "Plan Rows": 7254, "Plan Width": 42, "Inner Unique": false, "Plans": [{"Node Type": "Nested Loop", "Parent Relationship": "Outer", "Join Type": "Anti", "Startup Cost": 1232629.88, "Total Cost": 3832935.91, "Plan Rows": 7635, "Plan Width": 42, "Inner Unique": false, "Plans": [{"Node Type": "Hash Join", "Parent Relationship": "Outer", "Join Type": "Inner", "Startup Cost": 1232629.06, "Total Cost": 3474222.84, "Plan Rows": 152707, "Plan Width": 42, "Inner Unique": false, "Hash Cond": "(l1.l_suppkey = supplier.s_suppkey), (LLVM Optimized)", "Plans": [{"Node Type": "Bitmap Heap Scan", "Parent Relationship": "Outer", "Relation Name": "lineitem", "Alias": "l1", "Startup Cost": 1230034.33, "Total Cost": 3395117.25, "Plan Rows": 19995678, "Plan Width": 16, "Filter": "(l_receiptdate > l_commitdate), (LLVM Optimized)", "Plans": [{"Node Type": "Bitmap Index Scan", "Parent Relationship": "Outer", "Index Name": "idx_lineitem_orderkey", "Startup Cost": 0.0, "Total Cost": 1225035.42, "Plan Rows": 59987033, "Plan Width": 0}]}, {"Node Type": "Hash", "Parent Relationship": "Inner", "Startup Cost": 2544.73, "Total Cost": 2544.73, "Plan Rows": 4000, "Plan Width": 34, "Plans": [{"Node Type": "Nested Loop", "Parent Relationship": "Outer", "Join Type": "Inner", "Startup Cost": 103.63, "Total Cost": 2544.73, "Plan Rows": 4000, "Plan Width": 34, "Inner Unique": false, "Plans": [{"Node Type": "Bitmap Heap Scan", "Parent Relationship": "Outer", "Relation Name": "nation", "Alias": "nation", "Startup Cost": 8.38, "Total Cost": 12.69, "Plan Rows": 1, "Plan Width": 4, "Filter": "(n_name = 'EGYPT'::bpchar)", "Plans": [{"Node Type": "Bitmap Index Scan", "Parent Relationship": "Outer", "Index Name": "nation_pkey", "Startup Cost": 0.0, "Total Cost": 8.38, "Plan Rows": 25, "Plan Width": 0}]}, {"Node Type": "Bitmap Heap Scan", "Parent Relationship": "Inner", "Relation Name": "supplier", "Alias": "supplier", "Startup Cost": 95.25, "Total Cost": 2492.04, "Plan Rows": 4000, "Plan Width": 38, "Recheck Cond": "(s_nationkey = nation.n_nationkey)", "Plans": [{"Node Type": "Bitmap Index Scan", "Parent Relationship": "Outer", "Index Name": "idx_supplier_nation_key", "Startup Cost": 0.0, "Total Cost": 94.25, "Plan Rows": 4000, "Plan Width": 0, "Index Cond": "(s_nationkey = nation.n_nationkey)"}]}]}]}]}, {"Node Type": "Bitmap Heap Scan", "Parent Relationship": "Inner", "Relation Name": "lineitem", "Alias": "l3", "Startup Cost": 0.82, "Total Cost": 8.97, "Plan Rows": 3, "Plan Width": 16, "Recheck Cond": "(l_orderkey = l1.l_orderkey)", "Filter": "((l_receiptdate > l_commitdate) AND (l_suppkey <> l1.l_suppkey))", "Plans": [{"Node Type": "Bitmap Index Scan", "Parent Relationship": "Outer", "Index Name": "idx_lineitem_orderkey", "Startup Cost": 0.0, "Total Cost": 0.82, "Plan Rows": 9, "Plan Width": 0, "Index Cond": "(l_orderkey = l1.l_orderkey)"}]}]}, {"Node Type": "Bitmap Heap Scan", "Parent Relationship": "Inner", "Relation Name": "lineitem", "Alias": "l2", "Startup Cost": 0.82, "Total Cost": 8.95, "Plan Rows": 9, "Plan Width": 16, "Recheck Cond": "(l_orderkey = l1.l_orderkey)", "Filter": "(l_suppkey <> l1.l_suppkey)", "Plans": [{"Node Type": "Bitmap Index Scan", "Parent Relationship": "Outer", "Index Name": "idx_lineitem_orderkey", "Startup Cost": 0.0, "Total Cost": 0.82, "Plan Rows": 9, "Plan Width": 0, "Index Cond": "(l_orderkey = l1.l_orderkey)"}]}]}, {"Node Type": "Bitmap Heap Scan", "Parent Relationship": "Inner", "Relation Name": "orders", "Alias": "orders", "Startup Cost": 0.6, "Total Cost": 4.61, "Plan Rows": 1, "Plan Width": 8, "Recheck Cond": "(o_orderkey = l2.l_orderkey)", "Filter": "(o_orderstatus = 'F'::bpchar)", "Plans": [{"Node Type": "Bitmap Index Scan", "Parent Relationship": "Outer", "Index Name": "orders_pkey", "Startup Cost": 0.0, "Total Cost": 0.6, "Plan Rows": 1, "Plan Width": 0, "Index Cond": "(o_orderkey = l2.l_orderkey)"}]}]}]}]}]}, "Unique SQL Id": 3870093320}, "explain_analyze_plan": null}, "(16, 36)": {"explain_plan": {"Plan": {"Node Type": "Limit", "Startup Cost": 233991.22, "Total Cost": 233991.47, "Plan Rows": 100, "Plan Width": 34, "Plans": [{"Node Type": "Sort", "Parent Relationship": "Outer", "Startup Cost": 233991.22, "Total Cost": 234014.15, "Plan Rows": 100, "Plan Width": 34, "Sort Key": ["(count(*)) DESC", "supplier.s_name"], "Plans": [{"Node Type": "Aggregate", "Strategy": "Hashed", "Parent Relationship": "Outer", "Startup Cost": 233548.95, "Total Cost": 233640.67, "Plan Rows": 9172, "Plan Width": 34, "Group By Key": ["supplier.s_name"], "Plans": [{"Node Type": "Nested Loop", "Parent Relationship": "Outer", "Join Type": "Inner", "Startup Cost": 18964.6, "Total Cost": 233503.09, "Plan Rows": 9172, "Plan Width": 26, "Inner Unique": true, "Join Filter": "(l1.l_orderkey = orders.o_orderkey)", "Plans": [{"Node Type": "Nested Loop", "Parent Relationship": "Outer", "Join Type": "Semi", "Startup Cost": 18964.6, "Total Cost": 226402.72, "Plan Rows": 7254, "Plan Width": 42, "Inner Unique": false, "Plans": [{"Node Type": "Nested Loop", "Parent Relationship": "Outer", "Join Type": "Anti", "Startup Cost": 18964.6, "Total Cost": 224547.15, "Plan Rows": 7635, "Plan Width": 42, "Inner Unique": false, "Plans": [{"Node Type": "Streaming(type: LOCAL GATHER dop: 1/16)", "Parent Relationship": "Outer", "Startup Cost": 18964.6, "Total Cost": 177359.94, "Plan Rows": 152707, "Plan Width": 42, "Plans": [{"Node Type": "Hash Join", "Parent Relationship": "Outer", "Join Type": "Inner", "Startup Cost": 18964.6, "Total Cost": 174064.21, "Plan Rows": 152707, "Plan Width": 42, "Inner Unique": false, "Hash Cond": "(l1.l_suppkey = supplier.s_suppkey), (LLVM Optimized)", "Plans": [{"Node Type": "Seq Scan", "Parent Relationship": "Outer", "Relation Name": "lineitem", "Alias": "l1", "Startup Cost": 0.0, "Total Cost": 150317.68, "Plan Rows": 19995678, "Plan Width": 16, "Filter": "(l_receiptdate > l_commitdate), (LLVM Optimized)"}, {"Node Type": "Hash", "Parent Relationship": "Inner", "Startup Cost": 18914.6, "Total Cost": 18914.6, "Plan Rows": 64000, "Plan Width": 34, "Plans": [{"Node Type": "Streaming(type: BROADCAST dop: 16/1)", "Parent Relationship": "Outer", "Startup Cost": 95.25, "Total Cost": 18914.6, "Plan Rows": 64000, "Plan Width": 34, "Plans": [{"Node Type": "Nested Loop", "Parent Relationship": "Outer", "Join Type": "Inner", "Startup Cost": 95.25, "Total Cost": 2533.35, "Plan Rows": 4000, "Plan Width": 34, "Inner Unique": false, "Plans": [{"Node Type": "Seq Scan", "Parent Relationship": "Outer", "Relation Name": "nation", "Alias": "nation", "Startup Cost": 0.0, "Total Cost": 1.31, "Plan Rows": 1, "Plan Width": 4, "Filter": "(n_name = 'EGYPT'::bpchar)"}, {"Node Type": "Bitmap Heap Scan", "Parent Relationship": "Inner", "Relation Name": "supplier", "Alias": "supplier", "Startup Cost": 95.25, "Total Cost": 2492.04, "Plan Rows": 4000, "Plan Width": 38, "Recheck Cond": "(s_nationkey = nation.n_nationkey)", "Plans": [{"Node Type": "Bitmap Index Scan", "Parent Relationship": "Outer", "Index Name": "idx_supplier_nation_key", "Startup Cost": 0.0, "Total Cost": 94.25, "Plan Rows": 4000, "Plan Width": 0, "Index Cond": "(s_nationkey = nation.n_nationkey)"}]}]}]}]}]}]}, {"Node Type": "Index Scan", "Parent Relationship": "Inner", "Scan Direction": "Forward", "Index Name": "idx_lineitem_orderkey", "Relation Name": "lineitem", "Alias": "l3", "Startup Cost": 0.0, "Total Cost": 1.63, "Plan Rows": 3, "Plan Width": 16, "Index Cond": "(l_orderkey = l1.l_orderkey)", "Filter": "((l_receiptdate > l_commitdate) AND (l_suppkey <> l1.l_suppkey))"}]}, {"Node Type": "Index Scan", "Parent Relationship": "Inner", "Scan Direction": "Forward", "Index Name": "idx_lineitem_orderkey", "Relation Name": "lineitem", "Alias": "l2", "Startup Cost": 0.0, "Total Cost": 1.63, "Plan Rows": 9, "Plan Width": 16, "Index Cond": "(l_orderkey = l1.l_orderkey)", "Filter": "(l_suppkey <> l1.l_suppkey)"}]}, {"Node Type": "Index Scan", "Parent Relationship": "Inner", "Scan Direction": "Forward", "Index Name": "orders_pkey", "Relation Name": "orders", "Alias": "orders", "Startup Cost": 0.0, "Total Cost": 0.97, "Plan Rows": 1, "Plan Width": 8, "Index Cond": "(o_orderkey = l2.l_orderkey)", "Filter": "(o_orderstatus = 'F'::bpchar)"}]}]}]}]}, "Unique SQL Id": 3870093320}, "explain_analyze_plan": {"Plan": {"Node Type": "Limit", "Startup Cost": 233991.22, "Total Cost": 233991.47, "Plan Rows": 100, "Plan Width": 34, "Actual Min Startup Time": 12229.654, "Actual Max Startup Time": 12229.654, "Actual Min Total Time": 12229.673, "Actual Max Total Time": 12229.673, "Actual Total Rows": 100, "Plans": [{"Node Type": "Sort", "Parent Relationship": "Outer", "Startup Cost": 233991.22, "Total Cost": 234014.15, "Plan Rows": 100, "Plan Width": 34, "Actual Min Startup Time": 12229.651, "Actual Max Startup Time": 12229.651, "Actual Min Total Time": 12229.656, "Actual Max Total Time": 12229.656, "Actual Total Rows": 100, "Sort Key": ["(count(*)) DESC", "supplier.s_name"], "Sort Method": "top-N heapsort", "Sort Space Min Used": 41, "Sort Space Max Used": 41, "Sort Space Type": "Memory", "Plans": [{"Node Type": "Aggregate", "Strategy": "Hashed", "Parent Relationship": "Outer", "Startup Cost": 233548.95, "Total Cost": 233640.67, "Plan Rows": 9172, "Plan Width": 34, "Actual Min Startup Time": 12226.217, "Actual Max Startup Time": 12226.217, "Actual Min Total Time": 12227.502, "Actual Max Total Time": 12227.502, "Actual Total Rows": 3981, "Group By Key": ["supplier.s_name"], "Plans": [{"Node Type": "Nested Loop", "Parent Relationship": "Outer", "Join Type": "Inner", "Startup Cost": 18964.6, "Total Cost": 233503.09, "Plan Rows": 9172, "Plan Width": 26, "Actual Min Startup Time": 84.248, "Actual Max Startup Time": 84.248, "Actual Min Total Time": 12174.868, "Actual Max Total Time": 12174.868, "Actual Total Rows": 39445, "Inner Unique": true, "Join Filter": "(l1.l_orderkey = orders.o_orderkey)", "Rows Removed by Join Filter": 0, "Plans": [{"Node Type": "Nested Loop", "Parent Relationship": "Outer", "Join Type": "Semi", "Startup Cost": 18964.6, "Total Cost": 226402.72, "Plan Rows": 7254, "Plan Width": 42, "Actual Min Startup Time": 84.22, "Actual Max Startup Time": 84.22, "Actual Min Total Time": 11595.118, "Actual Max Total Time": 11595.118, "Actual Total Rows": 80537, "Inner Unique": false, "Plans": [{"Node Type": "Nested Loop", "Parent Relationship": "Outer", "Join Type": "Anti", "Startup Cost": 18964.6, "Total Cost": 224547.15, "Plan Rows": 7635, "Plan Width": 42, "Actual Min Startup Time": 84.209, "Actual Max Startup Time": 84.209, "Actual Min Total Time": 11003.815, "Actual Max Total Time": 11003.815, "Actual Total Rows": 135110, "Inner Unique": false, "Plans": [{"Node Type": "Streaming(type: LOCAL GATHER dop: 1/16)", "Parent Relationship": "Outer", "Startup Cost": 18964.6, "Total Cost": 177359.94, "Plan Rows": 152707, "Plan Width": 42, "Actual Min Startup Time": 84.043, "Actual Max Startup Time": 84.043, "Actual Min Total Time": 749.673, "Actual Max Total Time": 749.673, "Actual Total Rows": 1511024, "Plans": [{"Node Type": "Hash Join", "Parent Relationship": "Outer", "Join Type": "Inner", "Startup Cost": 18964.6, "Total Cost": 174064.21, "Plan Rows": 152707, "Plan Width": 42, "Actual Min Startup Time": 39.442, "Actual Max Startup Time": 45.147, "Actual Min Total Time": 2132.334, "Actual Max Total Time": 2213.238, "Actual Total Rows": 1511024, "Inner Unique": false, "Hash Cond": "(l1.l_suppkey = supplier.s_suppkey), (LLVM Optimized, Jit Execute)", "Plans": [{"Node Type": "Seq Scan", "Parent Relationship": "Outer", "Relation Name": "lineitem", "Alias": "l1", "Startup Cost": 0.0, "Total Cost": 150317.68, "Plan Rows": 19995678, "Plan Width": 16, "Actual Min Startup Time": 0.023, "Actual Max Startup Time": 0.039, "Actual Min Total Time": 1589.34, "Actual Max Total Time": 1658.229, "Actual Total Rows": 37929348, "Filter": "(l_receiptdate > l_commitdate), (LLVM Optimized, Jit Execute)", "Rows Removed by Filter": 22056704}, {"Node Type": "Hash", "Parent Relationship": "Inner", "Startup Cost": 18914.6, "Total Cost": 18914.6, "Plan Rows": 64000, "Plan Width": 34, "Actual Min Startup Time": 39.31, "Actual Max Startup Time": 45.002, "Actual Min Total Time": 39.31, "Actual Max Total Time": 45.002, "Actual Total Rows": 63696, "Max Hash Buckets": 32768, "Min Hash Buckets": 32768, "Max Hash Batches": 1, "Min Hash Batches": 1, "Max Original Hash Batches": 1, "Min Original Hash Batches": 1, "Max Peak Memory Usage": 280, "min Peak Memory Usage": 280, "Plans": [{"Node Type": "Streaming(type: BROADCAST dop: 16/1)", "Parent Relationship": "Outer", "Startup Cost": 95.25, "Total Cost": 18914.6, "Plan Rows": 64000, "Plan Width": 34, "Actual Min Startup Time": 0.023, "Actual Max Startup Time": 0.069, "Actual Min Total Time": 38.317, "Actual Max Total Time": 43.918, "Actual Total Rows": 63696, "Plans": [{"Node Type": "Nested Loop", "Parent Relationship": "Outer", "Join Type": "Inner", "Startup Cost": 95.25, "Total Cost": 2533.35, "Plan Rows": 4000, "Plan Width": 34, "Actual Min Startup Time": 1.203, "Actual Max Startup Time": 1.203, "Actual Min Total Time": 7.534, "Actual Max Total Time": 7.534, "Actual Total Rows": 3981, "Inner Unique": false, "Plans": [{"Node Type": "Seq Scan", "Parent Relationship": "Outer", "Relation Name": "nation", "Alias": "nation", "Startup Cost": 0.0, "Total Cost": 1.31, "Plan Rows": 1, "Plan Width": 4, "Actual Min Startup Time": 0.047, "Actual Max Startup Time": 0.047, "Actual Min Total Time": 0.067, "Actual Max Total Time": 0.067, "Actual Total Rows": 1, "Filter": "(n_name = 'EGYPT'::bpchar)", "Rows Removed by Filter": 24}, {"Node Type": "Bitmap Heap Scan", "Parent Relationship": "Inner", "Relation Name": "supplier", "Alias": "supplier", "Startup Cost": 95.25, "Total Cost": 2492.04, "Plan Rows": 4000, "Plan Width": 38, "Actual Min Startup Time": 1.144, "Actual Max Startup Time": 1.144, "Actual Min Total Time": 6.664, "Actual Max Total Time": 6.664, "Actual Total Rows": 3981, "Recheck Cond": "(s_nationkey = nation.n_nationkey)", "Rows Removed by Index Recheck": 0, "Exact Heap Blocks": 0, "Lossy Heap Blocks": 0, "Plans": [{"Node Type": "Bitmap Index Scan", "Parent Relationship": "Outer", "Index Name": "idx_supplier_nation_key", "Startup Cost": 0.0, "Total Cost": 94.25, "Plan Rows": 4000, "Plan Width": 0, "Actual Min Startup Time": 0.811, "Actual Max Startup Time": 0.811, "Actual Min Total Time": 0.811, "Actual Max Total Time": 0.811, "Actual Total Rows": 3981, "Index Cond": "(s_nationkey = nation.n_nationkey)"}]}]}]}]}]}]}, {"Node Type": "Index Scan", "Parent Relationship": "Inner", "Scan Direction": "Forward", "Index Name": "idx_lineitem_orderkey", "Relation Name": "lineitem", "Alias": "l3", "Startup Cost": 0.0, "Total Cost": 1.63, "Plan Rows": 3, "Plan Width": 16, "Actual Min Startup Time": 9221.901, "Actual Max Startup Time": 9221.901, "Actual Min Total Time": 9221.901, "Actual Max Total Time": 9221.901, "Actual Total Rows": 1375914, "Index Cond": "(l_orderkey = l1.l_orderkey)", "Rows Removed by Index Recheck": 0, "Filter": "((l_receiptdate > l_commitdate) AND (l_suppkey <> l1.l_suppkey))", "Rows Removed by Filter": 1348115}]}, {"Node Type": "Index Scan", "Parent Relationship": "Inner", "Scan Direction": "Forward", "Index Name": "idx_lineitem_orderkey", "Relation Name": "lineitem", "Alias": "l2", "Startup Cost": 0.0, "Total Cost": 1.63, "Plan Rows": 9, "Plan Width": 16, "Actual Min Startup Time": 496.479, "Actual Max Startup Time": 496.479, "Actual Min Total Time": 496.479, "Actual Max Total Time": 496.479, "Actual Total Rows": 80537, "Index Cond": "(l_orderkey = l1.l_orderkey)", "Rows Removed by Index Recheck": 0, "Filter": "(l_suppkey <> l1.l_suppkey)", "Rows Removed by Filter": 85912}]}, {"Node Type": "Index Scan", "Parent Relationship": "Inner", "Scan Direction": "Forward", "Index Name": "orders_pkey", "Relation Name": "orders", "Alias": "orders", "Startup Cost": 0.0, "Total Cost": 0.97, "Plan Rows": 1, "Plan Width": 8, "Actual Min Startup Time": 513.763, "Actual Max Startup Time": 513.763, "Actual Min Total Time": 513.763, "Actual Max Total Time": 513.763, "Actual Total Rows": 39445, "Index Cond": "(o_orderkey = l2.l_orderkey)", "Rows Removed by Index Recheck": 0, "Filter": "(o_orderstatus = 'F'::bpchar)", "Rows Removed by Filter": 41092}]}]}]}]}, "Triggers": [], "Planner Runtime": 13.94, "Total Runtime": 12242.166, "Unique SQL Id": 3870093320}}, "(16, 37)": {"explain_plan": {"Plan": {"Node Type": "Limit", "Startup Cost": 2785833.2, "Total Cost": 2785833.45, "Plan Rows": 100, "Plan Width": 34, "Plans": [{"Node Type": "Sort", "Parent Relationship": "Outer", "Startup Cost": 2785833.2, "Total Cost": 2785856.13, "Plan Rows": 100, "Plan Width": 34, "Sort Key": ["(count(*)) DESC", "supplier.s_name"], "Plans": [{"Node Type": "Aggregate", "Strategy": "Hashed", "Parent Relationship": "Outer", "Startup Cost": 2785390.93, "Total Cost": 2785482.65, "Plan Rows": 9172, "Plan Width": 34, "Group By Key": ["supplier.s_name"], "Plans": [{"Node Type": "Nested Loop", "Parent Relationship": "Outer", "Join Type": "Inner", "Startup Cost": 18975.98, "Total Cost": 2785345.07, "Plan Rows": 9172, "Plan Width": 26, "Inner Unique": true, "Join Filter": "(l1.l_orderkey = orders.o_orderkey)", "Plans": [{"Node Type": "Nested Loop", "Parent Relationship": "Outer", "Join Type": "Semi", "Startup Cost": 18975.98, "Total Cost": 2778244.7, "Plan Rows": 7254, "Plan Width": 42, "Inner Unique": false, "Plans": [{"Node Type": "Nested Loop", "Parent Relationship": "Outer", "Join Type": "Anti", "Startup Cost": 18975.98, "Total Cost": 2776389.13, "Plan Rows": 7635, "Plan Width": 42, "Inner Unique": false, "Plans": [{"Node Type": "Streaming(type: LOCAL GATHER dop: 1/16)", "Parent Relationship": "Outer", "Startup Cost": 18975.98, "Total Cost": 2729201.91, "Plan Rows": 152707, "Plan Width": 42, "Plans": [{"Node Type": "Hash Join", "Parent Relationship": "Outer", "Join Type": "Inner", "Startup Cost": 18975.98, "Total Cost": 2725906.19, "Plan Rows": 152707, "Plan Width": 42, "Inner Unique": false, "Hash Cond": "(l1.l_suppkey = supplier.s_suppkey), (LLVM Optimized)", "Plans": [{"Node Type": "Index Scan", "Parent Relationship": "Outer", "Scan Direction": "Forward", "Index Name": "idx_lineitem_orderkey", "Relation Name": "lineitem", "Alias": "l1", "Startup Cost": 0.0, "Total Cost": 2702148.28, "Plan Rows": 19995678, "Plan Width": 16, "Filter": "(l_receiptdate > l_commitdate), (LLVM Optimized)"}, {"Node Type": "Hash", "Parent Relationship": "Inner", "Startup Cost": 18925.98, "Total Cost": 18925.98, "Plan Rows": 64000, "Plan Width": 34, "Plans": [{"Node Type": "Streaming(type: BROADCAST dop: 16/1)", "Parent Relationship": "Outer", "Startup Cost": 95.25, "Total Cost": 18925.98, "Plan Rows": 64000, "Plan Width": 34, "Plans": [{"Node Type": "Nested Loop", "Parent Relationship": "Outer", "Join Type": "Inner", "Startup Cost": 95.25, "Total Cost": 2544.73, "Plan Rows": 4000, "Plan Width": 34, "Inner Unique": false, "Plans": [{"Node Type": "Index Scan", "Parent Relationship": "Outer", "Scan Direction": "Forward", "Index Name": "nation_pkey", "Relation Name": "nation", "Alias": "nation", "Startup Cost": 0.0, "Total Cost": 12.69, "Plan Rows": 1, "Plan Width": 4, "Filter": "(n_name = 'EGYPT'::bpchar)"}, {"Node Type": "Bitmap Heap Scan", "Parent Relationship": "Inner", "Relation Name": "supplier", "Alias": "supplier", "Startup Cost": 95.25, "Total Cost": 2492.04, "Plan Rows": 4000, "Plan Width": 38, "Recheck Cond": "(s_nationkey = nation.n_nationkey)", "Plans": [{"Node Type": "Bitmap Index Scan", "Parent Relationship": "Outer", "Index Name": "idx_supplier_nation_key", "Startup Cost": 0.0, "Total Cost": 94.25, "Plan Rows": 4000, "Plan Width": 0, "Index Cond": "(s_nationkey = nation.n_nationkey)"}]}]}]}]}]}]}, {"Node Type": "Index Scan", "Parent Relationship": "Inner", "Scan Direction": "Forward", "Index Name": "idx_lineitem_orderkey", "Relation Name": "lineitem", "Alias": "l3", "Startup Cost": 0.0, "Total Cost": 1.63, "Plan Rows": 3, "Plan Width": 16, "Index Cond": "(l_orderkey = l1.l_orderkey)", "Filter": "((l_receiptdate > l_commitdate) AND (l_suppkey <> l1.l_suppkey))"}]}, {"Node Type": "Index Scan", "Parent Relationship": "Inner", "Scan Direction": "Forward", "Index Name": "idx_lineitem_orderkey", "Relation Name": "lineitem", "Alias": "l2", "Startup Cost": 0.0, "Total Cost": 1.63, "Plan Rows": 9, "Plan Width": 16, "Index Cond": "(l_orderkey = l1.l_orderkey)", "Filter": "(l_suppkey <> l1.l_suppkey)"}]}, {"Node Type": "Index Scan", "Parent Relationship": "Inner", "Scan Direction": "Forward", "Index Name": "orders_pkey", "Relation Name": "orders", "Alias": "orders", "Startup Cost": 0.0, "Total Cost": 0.97, "Plan Rows": 1, "Plan Width": 8, "Index Cond": "(o_orderkey = l2.l_orderkey)", "Filter": "(o_orderstatus = 'F'::bpchar)"}]}]}]}]}, "Unique SQL Id": 3870093320}, "explain_analyze_plan": {"Plan": {"Node Type": "Limit", "Startup Cost": 2785833.2, "Total Cost": 2785833.45, "Plan Rows": 100, "Plan Width": 34, "Actual Min Startup Time": 13764.738, "Actual Max Startup Time": 13764.738, "Actual Min Total Time": 13764.757, "Actual Max Total Time": 13764.757, "Actual Total Rows": 100, "Plans": [{"Node Type": "Sort", "Parent Relationship": "Outer", "Startup Cost": 2785833.2, "Total Cost": 2785856.13, "Plan Rows": 100, "Plan Width": 34, "Actual Min Startup Time": 13764.736, "Actual Max Startup Time": 13764.736, "Actual Min Total Time": 13764.743, "Actual Max Total Time": 13764.743, "Actual Total Rows": 100, "Sort Key": ["(count(*)) DESC", "supplier.s_name"], "Sort Method": "top-N heapsort", "Sort Space Min Used": 41, "Sort Space Max Used": 41, "Sort Space Type": "Memory", "Plans": [{"Node Type": "Aggregate", "Strategy": "Hashed", "Parent Relationship": "Outer", "Startup Cost": 2785390.93, "Total Cost": 2785482.65, "Plan Rows": 9172, "Plan Width": 34, "Actual Min Startup Time": 13761.425, "Actual Max Startup Time": 13761.425, "Actual Min Total Time": 13762.64, "Actual Max Total Time": 13762.64, "Actual Total Rows": 3981, "Group By Key": ["supplier.s_name"], "Plans": [{"Node Type": "Nested Loop", "Parent Relationship": "Outer", "Join Type": "Inner", "Startup Cost": 18975.98, "Total Cost": 2785345.07, "Plan Rows": 9172, "Plan Width": 26, "Actual Min Startup Time": 917.898, "Actual Max Startup Time": 917.898, "Actual Min Total Time": 13711.073, "Actual Max Total Time": 13711.073, "Actual Total Rows": 39445, "Inner Unique": true, "Join Filter": "(l1.l_orderkey = orders.o_orderkey)", "Rows Removed by Join Filter": 0, "Plans": [{"Node Type": "Nested Loop", "Parent Relationship": "Outer", "Join Type": "Semi", "Startup Cost": 18975.98, "Total Cost": 2778244.7, "Plan Rows": 7254, "Plan Width": 42, "Actual Min Startup Time": 917.632, "Actual Max Startup Time": 917.632, "Actual Min Total Time": 13105.313, "Actual Max Total Time": 13105.313, "Actual Total Rows": 80537, "Inner Unique": false, "Plans": [{"Node Type": "Nested Loop", "Parent Relationship": "Outer", "Join Type": "Anti", "Startup Cost": 18975.98, "Total Cost": 2776389.13, "Plan Rows": 7635, "Plan Width": 42, "Actual Min Startup Time": 917.613, "Actual Max Startup Time": 917.613, "Actual Min Total Time": 12509.033, "Actual Max Total Time": 12509.033, "Actual Total Rows": 135110, "Inner Unique": false, "Plans": [{"Node Type": "Streaming(type: LOCAL GATHER dop: 1/16)", "Parent Relationship": "Outer", "Startup Cost": 18975.98, "Total Cost": 2729201.91, "Plan Rows": 152707, "Plan Width": 42, "Actual Min Startup Time": 917.55, "Actual Max Startup Time": 917.55, "Actual Min Total Time": 1686.927, "Actual Max Total Time": 1686.927, "Actual Total Rows": 1511024, "Plans": [{"Node Type": "Hash Join", "Parent Relationship": "Outer", "Join Type": "Inner", "Startup Cost": 18975.98, "Total Cost": 2725906.19, "Plan Rows": 152707, "Plan Width": 42, "Actual Min Startup Time": 836.153, "Actual Max Startup Time": 859.668, "Actual Min Total Time": 3988.911, "Actual Max Total Time": 4372.024, "Actual Total Rows": 1511024, "Inner Unique": false, "Hash Cond": "(l1.l_suppkey = supplier.s_suppkey), (LLVM Optimized, Jit Execute)", "Plans": [{"Node Type": "Index Scan", "Parent Relationship": "Outer", "Scan Direction": "Forward", "Index Name": "idx_lineitem_orderkey", "Relation Name": "lineitem", "Alias": "l1", "Startup Cost": 0.0, "Total Cost": 2702148.28, "Plan Rows": 19995678, "Plan Width": 16, "Actual Min Startup Time": 780.017, "Actual Max Startup Time": 780.159, "Actual Min Total Time": 3389.52, "Actual Max Total Time": 3791.658, "Actual Total Rows": 37929348, "Filter": "(l_receiptdate > l_commitdate), (LLVM Optimized, Jit Execute)", "Rows Removed by Filter": 22056704}, {"Node Type": "Hash", "Parent Relationship": "Inner", "Startup Cost": 18925.98, "Total Cost": 18925.98, "Plan Rows": 64000, "Plan Width": 34, "Actual Min Startup Time": 56.016, "Actual Max Startup Time": 79.435, "Actual Min Total Time": 56.016, "Actual Max Total Time": 79.435, "Actual Total Rows": 63696, "Max Hash Buckets": 32768, "Min Hash Buckets": 32768, "Max Hash Batches": 1, "Min Hash Batches": 1, "Max Original Hash Batches": 1, "Min Original Hash Batches": 1, "Max Peak Memory Usage": 280, "min Peak Memory Usage": 280, "Plans": [{"Node Type": "Streaming(type: BROADCAST dop: 16/1)", "Parent Relationship": "Outer", "Startup Cost": 95.25, "Total Cost": 18925.98, "Plan Rows": 64000, "Plan Width": 34, "Actual Min Startup Time": 0.042, "Actual Max Startup Time": 0.079, "Actual Min Total Time": 54.796, "Actual Max Total Time": 77.96, "Actual Total Rows": 63696, "Plans": [{"Node Type": "Nested Loop", "Parent Relationship": "Outer", "Join Type": "Inner", "Startup Cost": 95.25, "Total Cost": 2544.73, "Plan Rows": 4000, "Plan Width": 34, "Actual Min Startup Time": 1.239, "Actual Max Startup Time": 1.239, "Actual Min Total Time": 10.075, "Actual Max Total Time": 10.075, "Actual Total Rows": 3981, "Inner Unique": false, "Plans": [{"Node Type": "Index Scan", "Parent Relationship": "Outer", "Scan Direction": "Forward", "Index Name": "nation_pkey", "Relation Name": "nation", "Alias": "nation", "Startup Cost": 0.0, "Total Cost": 12.69, "Plan Rows": 1, "Plan Width": 4, "Actual Min Startup Time": 0.043, "Actual Max Startup Time": 0.043, "Actual Min Total Time": 0.067, "Actual Max Total Time": 0.067, "Actual Total Rows": 1, "Filter": "(n_name = 'EGYPT'::bpchar)", "Rows Removed by Filter": 24}, {"Node Type": "Bitmap Heap Scan", "Parent Relationship": "Inner", "Relation Name": "supplier", "Alias": "supplier", "Startup Cost": 95.25, "Total Cost": 2492.04, "Plan Rows": 4000, "Plan Width": 38, "Actual Min Startup Time": 1.189, "Actual Max Startup Time": 1.189, "Actual Min Total Time": 9.235, "Actual Max Total Time": 9.235, "Actual Total Rows": 3981, "Recheck Cond": "(s_nationkey = nation.n_nationkey)", "Rows Removed by Index Recheck": 0, "Exact Heap Blocks": 0, "Lossy Heap Blocks": 0, "Plans": [{"Node Type": "Bitmap Index Scan", "Parent Relationship": "Outer", "Index Name": "idx_supplier_nation_key", "Startup Cost": 0.0, "Total Cost": 94.25, "Plan Rows": 4000, "Plan Width": 0, "Actual Min Startup Time": 0.876, "Actual Max Startup Time": 0.876, "Actual Min Total Time": 0.876, "Actual Max Total Time": 0.876, "Actual Total Rows": 3981, "Index Cond": "(s_nationkey = nation.n_nationkey)"}]}]}]}]}]}]}, {"Node Type": "Index Scan", "Parent Relationship": "Inner", "Scan Direction": "Forward", "Index Name": "idx_lineitem_orderkey", "Relation Name": "lineitem", "Alias": "l3", "Startup Cost": 0.0, "Total Cost": 1.63, "Plan Rows": 3, "Plan Width": 16, "Actual Min Startup Time": 9803.763, "Actual Max Startup Time": 9803.763, "Actual Min Total Time": 9803.763, "Actual Max Total Time": 9803.763, "Actual Total Rows": 1375914, "Index Cond": "(l_orderkey = l1.l_orderkey)", "Rows Removed by Index Recheck": 0, "Filter": "((l_receiptdate > l_commitdate) AND (l_suppkey <> l1.l_suppkey))", "Rows Removed by Filter": 1348115}]}, {"Node Type": "Index Scan", "Parent Relationship": "Inner", "Scan Direction": "Forward", "Index Name": "idx_lineitem_orderkey", "Relation Name": "lineitem", "Alias": "l2", "Startup Cost": 0.0, "Total Cost": 1.63, "Plan Rows": 9, "Plan Width": 16, "Actual Min Startup Time": 498.159, "Actual Max Startup Time": 498.159, "Actual Min Total Time": 498.159, "Actual Max Total Time": 498.159, "Actual Total Rows": 80537, "Index Cond": "(l_orderkey = l1.l_orderkey)", "Rows Removed by Index Recheck": 0, "Filter": "(l_suppkey <> l1.l_suppkey)", "Rows Removed by Filter": 85912}]}, {"Node Type": "Index Scan", "Parent Relationship": "Inner", "Scan Direction": "Forward", "Index Name": "orders_pkey", "Relation Name": "orders", "Alias": "orders", "Startup Cost": 0.0, "Total Cost": 0.97, "Plan Rows": 1, "Plan Width": 8, "Actual Min Startup Time": 540.279, "Actual Max Startup Time": 540.279, "Actual Min Total Time": 540.279, "Actual Max Total Time": 540.279, "Actual Total Rows": 39445, "Index Cond": "(o_orderkey = l2.l_orderkey)", "Rows Removed by Index Recheck": 0, "Filter": "(o_orderstatus = 'F'::bpchar)", "Rows Removed by Filter": 41092}]}]}]}]}, "Triggers": [], "Planner Runtime": 12.499, "Total Runtime": 13777.942, "Unique SQL Id": 3870093320}}, "(16, 38)": {"explain_plan": {"Plan": {"Node Type": "Limit", "Startup Cost": 486140.51, "Total Cost": 486140.76, "Plan Rows": 100, "Plan Width": 34, "Plans": [{"Node Type": "Sort", "Parent Relationship": "Outer", "Startup Cost": 486140.51, "Total Cost": 486163.44, "Plan Rows": 100, "Plan Width": 34, "Sort Key": ["(count(*)) DESC", "supplier.s_name"], "Plans": [{"Node Type": "Aggregate", "Strategy": "Hashed", "Parent Relationship": "Outer", "Startup Cost": 485698.24, "Total Cost": 485789.96, "Plan Rows": 9172, "Plan Width": 34, "Group By Key": ["supplier.s_name"], "Plans": [{"Node Type": "Nested Loop", "Parent Relationship": "Outer", "Join Type": "Inner", "Startup Cost": 189763.55, "Total Cost": 485652.38, "Plan Rows": 9172, "Plan Width": 26, "Inner Unique": true, "Join Filter": "(l1.l_orderkey = orders.o_orderkey)", "Plans": [{"Node Type": "Nested Loop", "Parent Relationship": "Outer", "Join Type": "Semi", "Startup Cost": 189762.95, "Total Cost": 452091.62, "Plan Rows": 7254, "Plan Width": 42, "Inner Unique": false, "Plans": [{"Node Type": "Streaming(type: LOCAL GATHER dop: 1/16)", "Parent Relationship": "Outer", "Startup Cost": 189762.13, "Total Cost": 436913.07, "Plan Rows": 7635, "Plan Width": 42, "Plans": [{"Node Type": "Hash Join", "Parent Relationship": "Outer", "Join Type": "Right Anti", "Startup Cost": 189762.13, "Total Cost": 436748.29, "Plan Rows": 7635, "Plan Width": 42, "Inner Unique": false, "Hash Cond": "(l3.l_orderkey = l1.l_orderkey)", "Join Filter": "(l3.l_suppkey <> l1.l_suppkey)", "Plans": [{"Node Type": "Streaming(type: LOCAL REDISTRIBUTE dop: 16/16)", "Parent Relationship": "Outer", "Startup Cost": 0.0, "Total Cost": 241082.56, "Plan Rows": 19995678, "Plan Width": 16, "Plans": [{"Node Type": "Seq Scan", "Parent Relationship": "Outer", "Relation Name": "lineitem", "Alias": "l3", "Startup Cost": 0.0, "Total Cost": 150317.68, "Plan Rows": 19995678, "Plan Width": 16, "Filter": "(l_receiptdate > l_commitdate), (LLVM Optimized)"}]}, {"Node Type": "Hash", "Parent Relationship": "Inner", "Startup Cost": 189642.83, "Total Cost": 189642.83, "Plan Rows": 152707, "Plan Width": 42, "Plans": [{"Node Type": "Streaming(type: LOCAL REDISTRIBUTE dop: 16/16)", "Parent Relationship": "Outer", "Startup Cost": 18964.6, "Total Cost": 189642.83, "Plan Rows": 152707, "Plan Width": 42, "Plans": [{"Node Type": "Hash Join", "Parent Relationship": "Outer", "Join Type": "Inner", "Startup Cost": 18964.6, "Total Cost": 174064.21, "Plan Rows": 152707, "Plan Width": 42, "Inner Unique": false, "Hash Cond": "(l1.l_suppkey = supplier.s_suppkey), (LLVM Optimized)", "Plans": [{"Node Type": "Seq Scan", "Parent Relationship": "Outer", "Relation Name": "lineitem", "Alias": "l1", "Startup Cost": 0.0, "Total Cost": 150317.68, "Plan Rows": 19995678, "Plan Width": 16, "Filter": "(l_receiptdate > l_commitdate), (LLVM Optimized)"}, {"Node Type": "Hash", "Parent Relationship": "Inner", "Startup Cost": 18914.6, "Total Cost": 18914.6, "Plan Rows": 64000, "Plan Width": 34, "Plans": [{"Node Type": "Streaming(type: BROADCAST dop: 16/1)", "Parent Relationship": "Outer", "Startup Cost": 95.25, "Total Cost": 18914.6, "Plan Rows": 64000, "Plan Width": 34, "Plans": [{"Node Type": "Nested Loop", "Parent Relationship": "Outer", "Join Type": "Inner", "Startup Cost": 95.25, "Total Cost": 2533.35, "Plan Rows": 4000, "Plan Width": 34, "Inner Unique": false, "Plans": [{"Node Type": "Seq Scan", "Parent Relationship": "Outer", "Relation Name": "nation", "Alias": "nation", "Startup Cost": 0.0, "Total Cost": 1.31, "Plan Rows": 1, "Plan Width": 4, "Filter": "(n_name = 'EGYPT'::bpchar)"}, {"Node Type": "Bitmap Heap Scan", "Parent Relationship": "Inner", "Relation Name": "supplier", "Alias": "supplier", "Startup Cost": 95.25, "Total Cost": 2492.04, "Plan Rows": 4000, "Plan Width": 38, "Recheck Cond": "(s_nationkey = nation.n_nationkey)", "Plans": [{"Node Type": "Bitmap Index Scan", "Parent Relationship": "Outer", "Index Name": "idx_supplier_nation_key", "Startup Cost": 0.0, "Total Cost": 94.25, "Plan Rows": 4000, "Plan Width": 0, "Index Cond": "(s_nationkey = nation.n_nationkey)"}]}]}]}]}]}]}]}]}]}, {"Node Type": "Bitmap Heap Scan", "Parent Relationship": "Inner", "Relation Name": "lineitem", "Alias": "l2", "Startup Cost": 0.82, "Total Cost": 8.95, "Plan Rows": 9, "Plan Width": 16, "Recheck Cond": "(l_orderkey = l1.l_orderkey)", "Filter": "(l_suppkey <> l1.l_suppkey)", "Plans": [{"Node Type": "Bitmap Index Scan", "Parent Relationship": "Outer", "Index Name": "idx_lineitem_orderkey", "Startup Cost": 0.0, "Total Cost": 0.82, "Plan Rows": 9, "Plan Width": 0, "Index Cond": "(l_orderkey = l1.l_orderkey)"}]}]}, {"Node Type": "Bitmap Heap Scan", "Parent Relationship": "Inner", "Relation Name": "orders", "Alias": "orders", "Startup Cost": 0.6, "Total Cost": 4.61, "Plan Rows": 1, "Plan Width": 8, "Recheck Cond": "(o_orderkey = l2.l_orderkey)", "Filter": "(o_orderstatus = 'F'::bpchar)", "Plans": [{"Node Type": "Bitmap Index Scan", "Parent Relationship": "Outer", "Index Name": "orders_pkey", "Startup Cost": 0.0, "Total Cost": 0.6, "Plan Rows": 1, "Plan Width": 0, "Index Cond": "(o_orderkey = l2.l_orderkey)"}]}]}]}]}]}, "Unique SQL Id": 3870093320}, "explain_analyze_plan": {"Plan": {"Node Type": "Limit", "Startup Cost": 486140.51, "Total Cost": 486140.76, "Plan Rows": 100, "Plan Width": 34, "Actual Min Startup Time": 11240.864, "Actual Max Startup Time": 11240.864, "Actual Min Total Time": 11240.88, "Actual Max Total Time": 11240.88, "Actual Total Rows": 100, "Plans": [{"Node Type": "Sort", "Parent Relationship": "Outer", "Startup Cost": 486140.51, "Total Cost": 486163.44, "Plan Rows": 100, "Plan Width": 34, "Actual Min Startup Time": 11240.861, "Actual Max Startup Time": 11240.861, "Actual Min Total Time": 11240.867, "Actual Max Total Time": 11240.867, "Actual Total Rows": 100, "Sort Key": ["(count(*)) DESC", "supplier.s_name"], "Sort Method": "top-N heapsort", "Sort Space Min Used": 41, "Sort Space Max Used": 41, "Sort Space Type": "Memory", "Plans": [{"Node Type": "Aggregate", "Strategy": "Hashed", "Parent Relationship": "Outer", "Startup Cost": 485698.24, "Total Cost": 485789.96, "Plan Rows": 9172, "Plan Width": 34, "Actual Min Startup Time": 11237.401, "Actual Max Startup Time": 11237.401, "Actual Min Total Time": 11238.769, "Actual Max Total Time": 11238.769, "Actual Total Rows": 3981, "Group By Key": ["supplier.s_name"], "Plans": [{"Node Type": "Nested Loop", "Parent Relationship": "Outer", "Join Type": "Inner", "Startup Cost": 189763.55, "Total Cost": 485652.38, "Plan Rows": 9172, "Plan Width": 26, "Actual Min Startup Time": 8590.269, "Actual Max Startup Time": 8590.269, "Actual Min Total Time": 11197.681, "Actual Max Total Time": 11197.681, "Actual Total Rows": 39445, "Inner Unique": true, "Join Filter": "(l1.l_orderkey = orders.o_orderkey)", "Rows Removed by Join Filter": 0, "Plans": [{"Node Type": "Nested Loop", "Parent Relationship": "Outer", "Join Type": "Semi", "Startup Cost": 189762.95, "Total Cost": 452091.62, "Plan Rows": 7254, "Plan Width": 42, "Actual Min Startup Time": 8590.209, "Actual Max Startup Time": 8590.209, "Actual Min Total Time": 10305.578, "Actual Max Total Time": 10305.578, "Actual Total Rows": 80537, "Inner Unique": false, "Plans": [{"Node Type": "Streaming(type: LOCAL GATHER dop: 1/16)", "Parent Relationship": "Outer", "Startup Cost": 189762.13, "Total Cost": 436913.07, "Plan Rows": 7635, "Plan Width": 42, "Actual Min Startup Time": 8590.108, "Actual Max Startup Time": 8590.108, "Actual Min Total Time": 8662.465, "Actual Max Total Time": 8662.465, "Actual Total Rows": 135110, "Plans": [{"Node Type": "Hash Join", "Parent Relationship": "Outer", "Join Type": "Right Anti", "Startup Cost": 189762.13, "Total Cost": 436748.29, "Plan Rows": 7635, "Plan Width": 42, "Actual Min Startup Time": 8445.861, "Actual Max Startup Time": 8466.538, "Actual Min Total Time": 8449.069, "Actual Max Total Time": 8468.683, "Actual Total Rows": 135110, "Inner Unique": false, "Hash Cond": "(l3.l_orderkey = l1.l_orderkey)", "Join Filter": "(l3.l_suppkey <> l1.l_suppkey)", "Rows Removed by Join Filter": 548525, "Plans": [{"Node Type": "Streaming(type: LOCAL REDISTRIBUTE dop: 16/16)", "Parent Relationship": "Outer", "Startup Cost": 0.0, "Total Cost": 241082.56, "Plan Rows": 19995678, "Plan Width": 16, "Actual Min Startup Time": 0.066, "Actual Max Startup Time": 0.722, "Actual Min Total Time": 4955.966, "Actual Max Total Time": 5250.864, "Actual Total Rows": 37929348, "Plans": [{"Node Type": "Seq Scan", "Parent Relationship": "Outer", "Relation Name": "lineitem", "Alias": "l3", "Startup Cost": 0.0, "Total Cost": 150317.68, "Plan Rows": 19995678, "Plan Width": 16, "Actual Min Startup Time": 0.025, "Actual Max Startup Time": 0.071, "Actual Min Total Time": 1694.545, "Actual Max Total Time": 1785.562, "Actual Total Rows": 37929348, "Filter": "(l_receiptdate > l_commitdate), (LLVM Optimized, Jit Execute)", "Rows Removed by Filter": 22056704}]}, {"Node Type": "Hash", "Parent Relationship": "Inner", "Startup Cost": 189642.83, "Total Cost": 189642.83, "Plan Rows": 152707, "Plan Width": 42, "Actual Min Startup Time": 2634.573, "Actual Max Startup Time": 2655.314, "Actual Min Total Time": 2634.573, "Actual Max Total Time": 2655.314, "Actual Total Rows": 1511024, "Max Hash Buckets": 32768, "Min Hash Buckets": 32768, "Max Hash Batches": 1, "Min Hash Batches": 1, "Max Original Hash Batches": 1, "Min Original Hash Batches": 1, "Max Peak Memory Usage": 7375, "min Peak Memory Usage": 7375, "Plans": [{"Node Type": "Streaming(type: LOCAL REDISTRIBUTE dop: 16/16)", "Parent Relationship": "Outer", "Startup Cost": 18964.6, "Total Cost": 189642.83, "Plan Rows": 152707, "Plan Width": 42, "Actual Min Startup Time": 141.431, "Actual Max Startup Time": 165.14, "Actual Min Total Time": 2584.986, "Actual Max Total Time": 2630.417, "Actual Total Rows": 1511024, "Plans": [{"Node Type": "Hash Join", "Parent Relationship": "Outer", "Join Type": "Inner", "Startup Cost": 18964.6, "Total Cost": 174064.21, "Plan Rows": 152707, "Plan Width": 42, "Actual Min Startup Time": 55.875, "Actual Max Startup Time": 173.167, "Actual Min Total Time": 2287.562, "Actual Max Total Time": 2444.859, "Actual Total Rows": 1511024, "Inner Unique": false, "Hash Cond": "(l1.l_suppkey = supplier.s_suppkey), (LLVM Optimized, Jit Execute)", "Plans": [{"Node Type": "Seq Scan", "Parent Relationship": "Outer", "Relation Name": "lineitem", "Alias": "l1", "Startup Cost": 0.0, "Total Cost": 150317.68, "Plan Rows": 19995678, "Plan Width": 16, "Actual Min Startup Time": 0.025, "Actual Max Startup Time": 0.044, "Actual Min Total Time": 1692.272, "Actual Max Total Time": 1818.782, "Actual Total Rows": 37929348, "Filter": "(l_receiptdate > l_commitdate), (LLVM Optimized, Jit Execute)", "Rows Removed by Filter": 22056704}, {"Node Type": "Hash", "Parent Relationship": "Inner", "Startup Cost": 18914.6, "Total Cost": 18914.6, "Plan Rows": 64000, "Plan Width": 34, "Actual Min Startup Time": 55.738, "Actual Max Startup Time": 172.992, "Actual Min Total Time": 55.738, "Actual Max Total Time": 172.992, "Actual Total Rows": 63696, "Max Hash Buckets": 32768, "Min Hash Buckets": 32768, "Max Hash Batches": 1, "Min Hash Batches": 1, "Max Original Hash Batches": 1, "Min Original Hash Batches": 1, "Max Peak Memory Usage": 280, "min Peak Memory Usage": 280, "Plans": [{"Node Type": "Streaming(type: BROADCAST dop: 16/1)", "Parent Relationship": "Outer", "Startup Cost": 95.25, "Total Cost": 18914.6, "Plan Rows": 64000, "Plan Width": 34, "Actual Min Startup Time": 0.032, "Actual Max Startup Time": 0.08, "Actual Min Total Time": 54.443, "Actual Max Total Time": 171.515, "Actual Total Rows": 63696, "Plans": [{"Node Type": "Nested Loop", "Parent Relationship": "Outer", "Join Type": "Inner", "Startup Cost": 95.25, "Total Cost": 2533.35, "Plan Rows": 4000, "Plan Width": 34, "Actual Min Startup Time": 1.18, "Actual Max Startup Time": 1.18, "Actual Min Total Time": 10.071, "Actual Max Total Time": 10.071, "Actual Total Rows": 3981, "Inner Unique": false, "Plans": [{"Node Type": "Seq Scan", "Parent Relationship": "Outer", "Relation Name": "nation", "Alias": "nation", "Startup Cost": 0.0, "Total Cost": 1.31, "Plan Rows": 1, "Plan Width": 4, "Actual Min Startup Time": 0.036, "Actual Max Startup Time": 0.036, "Actual Min Total Time": 0.057, "Actual Max Total Time": 0.057, "Actual Total Rows": 1, "Filter": "(n_name = 'EGYPT'::bpchar)", "Rows Removed by Filter": 24}, {"Node Type": "Bitmap Heap Scan", "Parent Relationship": "Inner", "Relation Name": "supplier", "Alias": "supplier", "Startup Cost": 95.25, "Total Cost": 2492.04, "Plan Rows": 4000, "Plan Width": 38, "Actual Min Startup Time": 1.135, "Actual Max Startup Time": 1.135, "Actual Min Total Time": 9.171, "Actual Max Total Time": 9.171, "Actual Total Rows": 3981, "Recheck Cond": "(s_nationkey = nation.n_nationkey)", "Rows Removed by Index Recheck": 0, "Exact Heap Blocks": 0, "Lossy Heap Blocks": 0, "Plans": [{"Node Type": "Bitmap Index Scan", "Parent Relationship": "Outer", "Index Name": "idx_supplier_nation_key", "Startup Cost": 0.0, "Total Cost": 94.25, "Plan Rows": 4000, "Plan Width": 0, "Actual Min Startup Time": 0.824, "Actual Max Startup Time": 0.824, "Actual Min Total Time": 0.824, "Actual Max Total Time": 0.824, "Actual Total Rows": 3981, "Index Cond": "(s_nationkey = nation.n_nationkey)"}]}]}]}]}]}]}]}]}]}, {"Node Type": "Bitmap Heap Scan", "Parent Relationship": "Inner", "Relation Name": "lineitem", "Alias": "l2", "Startup Cost": 0.82, "Total Cost": 8.95, "Plan Rows": 9, "Plan Width": 16, "Actual Min Startup Time": 1463.89, "Actual Max Startup Time": 1463.89, "Actual Min Total Time": 1463.89, "Actual Max Total Time": 1463.89, "Actual Total Rows": 80537, "Recheck Cond": "(l_orderkey = l1.l_orderkey)", "Rows Removed by Index Recheck": 0, "Filter": "(l_suppkey <> l1.l_suppkey)", "Rows Removed by Filter": 85912, "Exact Heap Blocks": 135868, "Lossy Heap Blocks": 135868, "Plans": [{"Node Type": "Bitmap Index Scan", "Parent Relationship": "Outer", "Index Name": "idx_lineitem_orderkey", "Startup Cost": 0.0, "Total Cost": 0.82, "Plan Rows": 9, "Plan Width": 0, "Actual Min Startup Time": 913.992, "Actual Max Startup Time": 913.992, "Actual Min Total Time": 913.992, "Actual Max Total Time": 913.992, "Actual Total Rows": 287712, "Index Cond": "(l_orderkey = l1.l_orderkey)"}]}]}, {"Node Type": "Bitmap Heap Scan", "Parent Relationship": "Inner", "Relation Name": "orders", "Alias": "orders", "Startup Cost": 0.6, "Total Cost": 4.61, "Plan Rows": 1, "Plan Width": 8, "Actual Min Startup Time": 790.443, "Actual Max Startup Time": 790.443, "Actual Min Total Time": 790.443, "Actual Max Total Time": 790.443, "Actual Total Rows": 39445, "Recheck Cond": "(o_orderkey = l2.l_orderkey)", "Rows Removed by Index Recheck": 0, "Filter": "(o_orderstatus = 'F'::bpchar)", "Rows Removed by Filter": 41092, "Exact Heap Blocks": 80537, "Lossy Heap Blocks": 80537, "Plans": [{"Node Type": "Bitmap Index Scan", "Parent Relationship": "Outer", "Index Name": "orders_pkey", "Startup Cost": 0.0, "Total Cost": 0.6, "Plan Rows": 1, "Plan Width": 0, "Actual Min Startup Time": 483.093, "Actual Max Startup Time": 483.093, "Actual Min Total Time": 483.093, "Actual Max Total Time": 483.093, "Actual Total Rows": 80537, "Index Cond": "(o_orderkey = l2.l_orderkey)"}]}]}]}]}]}, "Triggers": [], "Planner Runtime": 15.989, "Total Runtime": 11264.77, "Unique SQL Id": 3870093320}}, "(16, 39)": {"explain_plan": {"Plan": {"Node Type": "Limit", "Startup Cost": 3882163.35, "Total Cost": 3882163.6, "Plan Rows": 100, "Plan Width": 34, "Plans": [{"Node Type": "Sort", "Parent Relationship": "Outer", "Startup Cost": 3882163.35, "Total Cost": 3882186.28, "Plan Rows": 100, "Plan Width": 34, "Sort Key": ["(count(*)) DESC", "supplier.s_name"], "Plans": [{"Node Type": "Aggregate", "Strategy": "Hashed", "Parent Relationship": "Outer", "Startup Cost": 3881721.08, "Total Cost": 3881812.8, "Plan Rows": 9172, "Plan Width": 34, "Group By Key": ["supplier.s_name"], "Plans": [{"Node Type": "Nested Loop", "Parent Relationship": "Outer", "Join Type": "Inner", "Startup Cost": 1232631.31, "Total Cost": 3881675.22, "Plan Rows": 9172, "Plan Width": 26, "Inner Unique": true, "Join Filter": "(l1.l_orderkey = orders.o_orderkey)", "Plans": [{"Node Type": "Nested Loop", "Parent Relationship": "Outer", "Join Type": "Semi", "Startup Cost": 1232630.71, "Total Cost": 3848114.46, "Plan Rows": 7254, "Plan Width": 42, "Inner Unique": false, "Plans": [{"Node Type": "Nested Loop", "Parent Relationship": "Outer", "Join Type": "Anti", "Startup Cost": 1232629.88, "Total Cost": 3832935.91, "Plan Rows": 7635, "Plan Width": 42, "Inner Unique": false, "Plans": [{"Node Type": "Hash Join", "Parent Relationship": "Outer", "Join Type": "Inner", "Startup Cost": 1232629.06, "Total Cost": 3474222.84, "Plan Rows": 152707, "Plan Width": 42, "Inner Unique": false, "Hash Cond": "(l1.l_suppkey = supplier.s_suppkey), (LLVM Optimized)", "Plans": [{"Node Type": "Bitmap Heap Scan", "Parent Relationship": "Outer", "Relation Name": "lineitem", "Alias": "l1", "Startup Cost": 1230034.33, "Total Cost": 3395117.25, "Plan Rows": 19995678, "Plan Width": 16, "Filter": "(l_receiptdate > l_commitdate), (LLVM Optimized)", "Plans": [{"Node Type": "Bitmap Index Scan", "Parent Relationship": "Outer", "Index Name": "idx_lineitem_orderkey", "Startup Cost": 0.0, "Total Cost": 1225035.42, "Plan Rows": 59987033, "Plan Width": 0}]}, {"Node Type": "Hash", "Parent Relationship": "Inner", "Startup Cost": 2544.73, "Total Cost": 2544.73, "Plan Rows": 4000, "Plan Width": 34, "Plans": [{"Node Type": "Nested Loop", "Parent Relationship": "Outer", "Join Type": "Inner", "Startup Cost": 103.63, "Total Cost": 2544.73, "Plan Rows": 4000, "Plan Width": 34, "Inner Unique": false, "Plans": [{"Node Type": "Bitmap Heap Scan", "Parent Relationship": "Outer", "Relation Name": "nation", "Alias": "nation", "Startup Cost": 8.38, "Total Cost": 12.69, "Plan Rows": 1, "Plan Width": 4, "Filter": "(n_name = 'EGYPT'::bpchar)", "Plans": [{"Node Type": "Bitmap Index Scan", "Parent Relationship": "Outer", "Index Name": "nation_pkey", "Startup Cost": 0.0, "Total Cost": 8.38, "Plan Rows": 25, "Plan Width": 0}]}, {"Node Type": "Bitmap Heap Scan", "Parent Relationship": "Inner", "Relation Name": "supplier", "Alias": "supplier", "Startup Cost": 95.25, "Total Cost": 2492.04, "Plan Rows": 4000, "Plan Width": 38, "Recheck Cond": "(s_nationkey = nation.n_nationkey)", "Plans": [{"Node Type": "Bitmap Index Scan", "Parent Relationship": "Outer", "Index Name": "idx_supplier_nation_key", "Startup Cost": 0.0, "Total Cost": 94.25, "Plan Rows": 4000, "Plan Width": 0, "Index Cond": "(s_nationkey = nation.n_nationkey)"}]}]}]}]}, {"Node Type": "Bitmap Heap Scan", "Parent Relationship": "Inner", "Relation Name": "lineitem", "Alias": "l3", "Startup Cost": 0.82, "Total Cost": 8.97, "Plan Rows": 3, "Plan Width": 16, "Recheck Cond": "(l_orderkey = l1.l_orderkey)", "Filter": "((l_receiptdate > l_commitdate) AND (l_suppkey <> l1.l_suppkey))", "Plans": [{"Node Type": "Bitmap Index Scan", "Parent Relationship": "Outer", "Index Name": "idx_lineitem_orderkey", "Startup Cost": 0.0, "Total Cost": 0.82, "Plan Rows": 9, "Plan Width": 0, "Index Cond": "(l_orderkey = l1.l_orderkey)"}]}]}, {"Node Type": "Bitmap Heap Scan", "Parent Relationship": "Inner", "Relation Name": "lineitem", "Alias": "l2", "Startup Cost": 0.82, "Total Cost": 8.95, "Plan Rows": 9, "Plan Width": 16, "Recheck Cond": "(l_orderkey = l1.l_orderkey)", "Filter": "(l_suppkey <> l1.l_suppkey)", "Plans": [{"Node Type": "Bitmap Index Scan", "Parent Relationship": "Outer", "Index Name": "idx_lineitem_orderkey", "Startup Cost": 0.0, "Total Cost": 0.82, "Plan Rows": 9, "Plan Width": 0, "Index Cond": "(l_orderkey = l1.l_orderkey)"}]}]}, {"Node Type": "Bitmap Heap Scan", "Parent Relationship": "Inner", "Relation Name": "orders", "Alias": "orders", "Startup Cost": 0.6, "Total Cost": 4.61, "Plan Rows": 1, "Plan Width": 8, "Recheck Cond": "(o_orderkey = l2.l_orderkey)", "Filter": "(o_orderstatus = 'F'::bpchar)", "Plans": [{"Node Type": "Bitmap Index Scan", "Parent Relationship": "Outer", "Index Name": "orders_pkey", "Startup Cost": 0.0, "Total Cost": 0.6, "Plan Rows": 1, "Plan Width": 0, "Index Cond": "(o_orderkey = l2.l_orderkey)"}]}]}]}]}]}, "Unique SQL Id": 3870093320}, "explain_analyze_plan": null}, "(16, 40)": {"explain_plan": {"Plan": {"Node Type": "Limit", "Startup Cost": 235032.82, "Total Cost": 235033.07, "Plan Rows": 100, "Plan Width": 34, "Plans": [{"Node Type": "Sort", "Parent Relationship": "Outer", "Startup Cost": 235032.82, "Total Cost": 235055.75, "Plan Rows": 100, "Plan Width": 34, "Sort Key": ["(count(*)) DESC", "supplier.s_name"], "Plans": [{"Node Type": "Aggregate", "Strategy": "Hashed", "Parent Relationship": "Outer", "Startup Cost": 234590.55, "Total Cost": 234682.27, "Plan Rows": 9172, "Plan Width": 34, "Group By Key": ["supplier.s_name"], "Plans": [{"Node Type": "Nested Loop", "Parent Relationship": "Outer", "Join Type": "Inner", "Startup Cost": 20006.2, "Total Cost": 234544.69, "Plan Rows": 9172, "Plan Width": 26, "Inner Unique": true, "Join Filter": "(l1.l_orderkey = orders.o_orderkey)", "Plans": [{"Node Type": "Nested Loop", "Parent Relationship": "Outer", "Join Type": "Semi", "Startup Cost": 20006.2, "Total Cost": 227444.32, "Plan Rows": 7254, "Plan Width": 42, "Inner Unique": false, "Plans": [{"Node Type": "Nested Loop", "Parent Relationship": "Outer", "Join Type": "Anti", "Startup Cost": 20006.2, "Total Cost": 225588.75, "Plan Rows": 7635, "Plan Width": 42, "Inner Unique": false, "Plans": [{"Node Type": "Streaming(type: LOCAL GATHER dop: 1/16)", "Parent Relationship": "Outer", "Startup Cost": 20006.2, "Total Cost": 178401.54, "Plan Rows": 152707, "Plan Width": 42, "Plans": [{"Node Type": "Hash Join", "Parent Relationship": "Outer", "Join Type": "Inner", "Startup Cost": 20006.2, "Total Cost": 175105.81, "Plan Rows": 152707, "Plan Width": 42, "Inner Unique": false, "Hash Cond": "(l1.l_suppkey = supplier.s_suppkey), (LLVM Optimized)", "Plans": [{"Node Type": "Seq Scan", "Parent Relationship": "Outer", "Relation Name": "lineitem", "Alias": "l1", "Startup Cost": 0.0, "Total Cost": 150317.68, "Plan Rows": 19995678, "Plan Width": 16, "Filter": "(l_receiptdate > l_commitdate), (LLVM Optimized)"}, {"Node Type": "Hash", "Parent Relationship": "Inner", "Startup Cost": 19956.2, "Total Cost": 19956.2, "Plan Rows": 64000, "Plan Width": 34, "Plans": [{"Node Type": "Streaming(type: BROADCAST dop: 16/1)", "Parent Relationship": "Outer", "Startup Cost": 1.32, "Total Cost": 19956.2, "Plan Rows": 64000, "Plan Width": 34, "Plans": [{"Node Type": "Hash Join", "Parent Relationship": "Outer", "Join Type": "Inner", "Startup Cost": 1.32, "Total Cost": 3574.95, "Plan Rows": 4000, "Plan Width": 34, "Inner Unique": true, "Hash Cond": "(supplier.s_nationkey = nation.n_nationkey)", "Plans": [{"Node Type": "Seq Scan", "Parent Relationship": "Outer", "Relation Name": "supplier", "Alias": "supplier", "Startup Cost": 0.0, "Total Cost": 3283.0, "Plan Rows": 100000, "Plan Width": 38}, {"Node Type": "Hash", "Parent Relationship": "Inner", "Startup Cost": 1.31, "Total Cost": 1.31, "Plan Rows": 1, "Plan Width": 4, "Plans": [{"Node Type": "Seq Scan", "Parent Relationship": "Outer", "Relation Name": "nation", "Alias": "nation", "Startup Cost": 0.0, "Total Cost": 1.31, "Plan Rows": 1, "Plan Width": 4, "Filter": "(n_name = 'EGYPT'::bpchar)"}]}]}]}]}]}]}, {"Node Type": "Index Scan", "Parent Relationship": "Inner", "Scan Direction": "Forward", "Index Name": "idx_lineitem_orderkey", "Relation Name": "lineitem", "Alias": "l3", "Startup Cost": 0.0, "Total Cost": 1.63, "Plan Rows": 3, "Plan Width": 16, "Index Cond": "(l_orderkey = l1.l_orderkey)", "Filter": "((l_receiptdate > l_commitdate) AND (l_suppkey <> l1.l_suppkey))"}]}, {"Node Type": "Index Scan", "Parent Relationship": "Inner", "Scan Direction": "Forward", "Index Name": "idx_lineitem_orderkey", "Relation Name": "lineitem", "Alias": "l2", "Startup Cost": 0.0, "Total Cost": 1.63, "Plan Rows": 9, "Plan Width": 16, "Index Cond": "(l_orderkey = l1.l_orderkey)", "Filter": "(l_suppkey <> l1.l_suppkey)"}]}, {"Node Type": "Index Scan", "Parent Relationship": "Inner", "Scan Direction": "Forward", "Index Name": "orders_pkey", "Relation Name": "orders", "Alias": "orders", "Startup Cost": 0.0, "Total Cost": 0.97, "Plan Rows": 1, "Plan Width": 8, "Index Cond": "(o_orderkey = l2.l_orderkey)", "Filter": "(o_orderstatus = 'F'::bpchar)"}]}]}]}]}, "Unique SQL Id": 3870093320}, "explain_analyze_plan": {"Plan": {"Node Type": "Limit", "Startup Cost": 235032.82, "Total Cost": 235033.07, "Plan Rows": 100, "Plan Width": 34, "Actual Min Startup Time": 12530.294, "Actual Max Startup Time": 12530.294, "Actual Min Total Time": 12530.313, "Actual Max Total Time": 12530.313, "Actual Total Rows": 100, "Plans": [{"Node Type": "Sort", "Parent Relationship": "Outer", "Startup Cost": 235032.82, "Total Cost": 235055.75, "Plan Rows": 100, "Plan Width": 34, "Actual Min Startup Time": 12530.291, "Actual Max Startup Time": 12530.291, "Actual Min Total Time": 12530.299, "Actual Max Total Time": 12530.299, "Actual Total Rows": 100, "Sort Key": ["(count(*)) DESC", "supplier.s_name"], "Sort Method": "top-N heapsort", "Sort Space Min Used": 41, "Sort Space Max Used": 41, "Sort Space Type": "Memory", "Plans": [{"Node Type": "Aggregate", "Strategy": "Hashed", "Parent Relationship": "Outer", "Startup Cost": 234590.55, "Total Cost": 234682.27, "Plan Rows": 9172, "Plan Width": 34, "Actual Min Startup Time": 12526.982, "Actual Max Startup Time": 12526.982, "Actual Min Total Time": 12528.236, "Actual Max Total Time": 12528.236, "Actual Total Rows": 3981, "Group By Key": ["supplier.s_name"], "Plans": [{"Node Type": "Nested Loop", "Parent Relationship": "Outer", "Join Type": "Inner", "Startup Cost": 20006.2, "Total Cost": 234544.69, "Plan Rows": 9172, "Plan Width": 26, "Actual Min Startup Time": 136.969, "Actual Max Startup Time": 136.969, "Actual Min Total Time": 12474.882, "Actual Max Total Time": 12474.882, "Actual Total Rows": 39445, "Inner Unique": true, "Join Filter": "(l1.l_orderkey = orders.o_orderkey)", "Rows Removed by Join Filter": 0, "Plans": [{"Node Type": "Nested Loop", "Parent Relationship": "Outer", "Join Type": "Semi", "Startup Cost": 20006.2, "Total Cost": 227444.32, "Plan Rows": 7254, "Plan Width": 42, "Actual Min Startup Time": 136.943, "Actual Max Startup Time": 136.943, "Actual Min Total Time": 11885.225, "Actual Max Total Time": 11885.225, "Actual Total Rows": 80537, "Inner Unique": false, "Plans": [{"Node Type": "Nested Loop", "Parent Relationship": "Outer", "Join Type": "Anti", "Startup Cost": 20006.2, "Total Cost": 225588.75, "Plan Rows": 7635, "Plan Width": 42, "Actual Min Startup Time": 136.931, "Actual Max Startup Time": 136.931, "Actual Min Total Time": 11294.761, "Actual Max Total Time": 11294.761, "Actual Total Rows": 135110, "Inner Unique": false, "Plans": [{"Node Type": "Streaming(type: LOCAL GATHER dop: 1/16)", "Parent Relationship": "Outer", "Startup Cost": 20006.2, "Total Cost": 178401.54, "Plan Rows": 152707, "Plan Width": 42, "Actual Min Startup Time": 136.761, "Actual Max Startup Time": 136.761, "Actual Min Total Time": 860.562, "Actual Max Total Time": 860.562, "Actual Total Rows": 1511024, "Plans": [{"Node Type": "Hash Join", "Parent Relationship": "Outer", "Join Type": "Inner", "Startup Cost": 20006.2, "Total Cost": 175105.81, "Plan Rows": 152707, "Plan Width": 42, "Actual Min Startup Time": 80.661, "Actual Max Startup Time": 92.066, "Actual Min Total Time": 2173.837, "Actual Max Total Time": 2246.976, "Actual Total Rows": 1511024, "Inner Unique": false, "Hash Cond": "(l1.l_suppkey = supplier.s_suppkey), (LLVM Optimized, Jit Execute)", "Plans": [{"Node Type": "Seq Scan", "Parent Relationship": "Outer", "Relation Name": "lineitem", "Alias": "l1", "Startup Cost": 0.0, "Total Cost": 150317.68, "Plan Rows": 19995678, "Plan Width": 16, "Actual Min Startup Time": 0.026, "Actual Max Startup Time": 0.042, "Actual Min Total Time": 1600.127, "Actual Max Total Time": 1653.437, "Actual Total Rows": 37929348, "Filter": "(l_receiptdate > l_commitdate), (LLVM Optimized, Jit Execute)", "Rows Removed by Filter": 22056704}, {"Node Type": "Hash", "Parent Relationship": "Inner", "Startup Cost": 19956.2, "Total Cost": 19956.2, "Plan Rows": 64000, "Plan Width": 34, "Actual Min Startup Time": 80.532, "Actual Max Startup Time": 91.922, "Actual Min Total Time": 80.532, "Actual Max Total Time": 91.922, "Actual Total Rows": 63696, "Max Hash Buckets": 32768, "Min Hash Buckets": 32768, "Max Hash Batches": 1, "Min Hash Batches": 1, "Max Original Hash Batches": 1, "Min Original Hash Batches": 1, "Max Peak Memory Usage": 280, "min Peak Memory Usage": 280, "Plans": [{"Node Type": "Streaming(type: BROADCAST dop: 16/1)", "Parent Relationship": "Outer", "Startup Cost": 1.32, "Total Cost": 19956.2, "Plan Rows": 64000, "Plan Width": 34, "Actual Min Startup Time": 0.024, "Actual Max Startup Time": 0.063, "Actual Min Total Time": 79.469, "Actual Max Total Time": 90.784, "Actual Total Rows": 63696, "Plans": [{"Node Type": "Hash Join", "Parent Relationship": "Outer", "Join Type": "Inner", "Startup Cost": 1.32, "Total Cost": 3574.95, "Plan Rows": 4000, "Plan Width": 34, "Actual Min Startup Time": 0.155, "Actual Max Startup Time": 0.155, "Actual Min Total Time": 48.476, "Actual Max Total Time": 48.476, "Actual Total Rows": 3981, "Inner Unique": true, "Hash Cond": "(supplier.s_nationkey = nation.n_nationkey)", "Plans": [{"Node Type": "Seq Scan", "Parent Relationship": "Outer", "Relation Name": "supplier", "Alias": "supplier", "Startup Cost": 0.0, "Total Cost": 3283.0, "Plan Rows": 100000, "Plan Width": 38, "Actual Min Startup Time": 0.028, "Actual Max Startup Time": 0.028, "Actual Min Total Time": 28.676, "Actual Max Total Time": 28.676, "Actual Total Rows": 100000}, {"Node Type": "Hash", "Parent Relationship": "Inner", "Startup Cost": 1.31, "Total Cost": 1.31, "Plan Rows": 1, "Plan Width": 4, "Actual Min Startup Time": 0.056, "Actual Max Startup Time": 0.056, "Actual Min Total Time": 0.056, "Actual Max Total Time": 0.056, "Actual Total Rows": 1, "Max Hash Buckets": 32768, "Min Hash Buckets": 32768, "Max Hash Batches": 1, "Min Hash Batches": 1, "Max Original Hash Batches": 1, "Min Original Hash Batches": 1, "Max Peak Memory Usage": 1, "min Peak Memory Usage": 1, "Plans": [{"Node Type": "Seq Scan", "Parent Relationship": "Outer", "Relation Name": "nation", "Alias": "nation", "Startup Cost": 0.0, "Total Cost": 1.31, "Plan Rows": 1, "Plan Width": 4, "Actual Min Startup Time": 0.034, "Actual Max Startup Time": 0.034, "Actual Min Total Time": 0.041, "Actual Max Total Time": 0.041, "Actual Total Rows": 1, "Filter": "(n_name = 'EGYPT'::bpchar)", "Rows Removed by Filter": 24}]}]}]}]}]}]}, {"Node Type": "Index Scan", "Parent Relationship": "Inner", "Scan Direction": "Forward", "Index Name": "idx_lineitem_orderkey", "Relation Name": "lineitem", "Alias": "l3", "Startup Cost": 0.0, "Total Cost": 1.63, "Plan Rows": 3, "Plan Width": 16, "Actual Min Startup Time": 9409.766, "Actual Max Startup Time": 9409.766, "Actual Min Total Time": 9409.766, "Actual Max Total Time": 9409.766, "Actual Total Rows": 1375914, "Index Cond": "(l_orderkey = l1.l_orderkey)", "Rows Removed by Index Recheck": 0, "Filter": "((l_receiptdate > l_commitdate) AND (l_suppkey <> l1.l_suppkey))", "Rows Removed by Filter": 1348115}]}, {"Node Type": "Index Scan", "Parent Relationship": "Inner", "Scan Direction": "Forward", "Index Name": "idx_lineitem_orderkey", "Relation Name": "lineitem", "Alias": "l2", "Startup Cost": 0.0, "Total Cost": 1.63, "Plan Rows": 9, "Plan Width": 16, "Actual Min Startup Time": 495.485, "Actual Max Startup Time": 495.485, "Actual Min Total Time": 495.485, "Actual Max Total Time": 495.485, "Actual Total Rows": 80537, "Index Cond": "(l_orderkey = l1.l_orderkey)", "Rows Removed by Index Recheck": 0, "Filter": "(l_suppkey <> l1.l_suppkey)", "Rows Removed by Filter": 85912}]}, {"Node Type": "Index Scan", "Parent Relationship": "Inner", "Scan Direction": "Forward", "Index Name": "orders_pkey", "Relation Name": "orders", "Alias": "orders", "Startup Cost": 0.0, "Total Cost": 0.97, "Plan Rows": 1, "Plan Width": 8, "Actual Min Startup Time": 525.838, "Actual Max Startup Time": 525.838, "Actual Min Total Time": 525.838, "Actual Max Total Time": 525.838, "Actual Total Rows": 39445, "Index Cond": "(o_orderkey = l2.l_orderkey)", "Rows Removed by Index Recheck": 0, "Filter": "(o_orderstatus = 'F'::bpchar)", "Rows Removed by Filter": 41092}]}]}]}]}, "Triggers": [], "Planner Runtime": 13.269, "Total Runtime": 12542.759, "Unique SQL Id": 3870093320}}, "(16, 41)": {"explain_plan": {"Plan": {"Node Type": "Limit", "Startup Cost": 2788927.51, "Total Cost": 2788927.76, "Plan Rows": 100, "Plan Width": 34, "Plans": [{"Node Type": "Sort", "Parent Relationship": "Outer", "Startup Cost": 2788927.51, "Total Cost": 2788950.44, "Plan Rows": 100, "Plan Width": 34, "Sort Key": ["(count(*)) DESC", "supplier.s_name"], "Plans": [{"Node Type": "Aggregate", "Strategy": "Hashed", "Parent Relationship": "Outer", "Startup Cost": 2788485.24, "Total Cost": 2788576.96, "Plan Rows": 9172, "Plan Width": 34, "Group By Key": ["supplier.s_name"], "Plans": [{"Node Type": "Nested Loop", "Parent Relationship": "Outer", "Join Type": "Inner", "Startup Cost": 22070.29, "Total Cost": 2788439.38, "Plan Rows": 9172, "Plan Width": 26, "Inner Unique": true, "Join Filter": "(l1.l_orderkey = orders.o_orderkey)", "Plans": [{"Node Type": "Nested Loop", "Parent Relationship": "Outer", "Join Type": "Semi", "Startup Cost": 22070.29, "Total Cost": 2781339.01, "Plan Rows": 7254, "Plan Width": 42, "Inner Unique": false, "Plans": [{"Node Type": "Nested Loop", "Parent Relationship": "Outer", "Join Type": "Anti", "Startup Cost": 22070.29, "Total Cost": 2779483.45, "Plan Rows": 7635, "Plan Width": 42, "Inner Unique": false, "Plans": [{"Node Type": "Streaming(type: LOCAL GATHER dop: 1/16)", "Parent Relationship": "Outer", "Startup Cost": 22070.29, "Total Cost": 2732296.23, "Plan Rows": 152707, "Plan Width": 42, "Plans": [{"Node Type": "Hash Join", "Parent Relationship": "Outer", "Join Type": "Inner", "Startup Cost": 22070.29, "Total Cost": 2729000.5, "Plan Rows": 152707, "Plan Width": 42, "Inner Unique": false, "Hash Cond": "(l1.l_suppkey = supplier.s_suppkey), (LLVM Optimized)", "Plans": [{"Node Type": "Index Scan", "Parent Relationship": "Outer", "Scan Direction": "Forward", "Index Name": "idx_lineitem_orderkey", "Relation Name": "lineitem", "Alias": "l1", "Startup Cost": 0.0, "Total Cost": 2702148.28, "Plan Rows": 19995678, "Plan Width": 16, "Filter": "(l_receiptdate > l_commitdate), (LLVM Optimized)"}, {"Node Type": "Hash", "Parent Relationship": "Inner", "Startup Cost": 22020.29, "Total Cost": 22020.29, "Plan Rows": 64000, "Plan Width": 34, "Plans": [{"Node Type": "Streaming(type: BROADCAST dop: 16/1)", "Parent Relationship": "Outer", "Startup Cost": 12.7, "Total Cost": 22020.29, "Plan Rows": 64000, "Plan Width": 34, "Plans": [{"Node Type": "Hash Join", "Parent Relationship": "Outer", "Join Type": "Inner", "Startup Cost": 12.7, "Total Cost": 5639.04, "Plan Rows": 4000, "Plan Width": 34, "Inner Unique": true, "Hash Cond": "(supplier.s_nationkey = nation.n_nationkey)", "Plans": [{"Node Type": "Index Scan", "Parent Relationship": "Outer", "Scan Direction": "Forward", "Index Name": "supplier_pkey", "Relation Name": "supplier", "Alias": "supplier", "Startup Cost": 0.0, "Total Cost": 5335.71, "Plan Rows": 100000, "Plan Width": 38}, {"Node Type": "Hash", "Parent Relationship": "Inner", "Startup Cost": 12.69, "Total Cost": 12.69, "Plan Rows": 1, "Plan Width": 4, "Plans": [{"Node Type": "Index Scan", "Parent Relationship": "Outer", "Scan Direction": "Forward", "Index Name": "nation_pkey", "Relation Name": "nation", "Alias": "nation", "Startup Cost": 0.0, "Total Cost": 12.69, "Plan Rows": 1, "Plan Width": 4, "Filter": "(n_name = 'EGYPT'::bpchar)"}]}]}]}]}]}]}, {"Node Type": "Index Scan", "Parent Relationship": "Inner", "Scan Direction": "Forward", "Index Name": "idx_lineitem_orderkey", "Relation Name": "lineitem", "Alias": "l3", "Startup Cost": 0.0, "Total Cost": 1.63, "Plan Rows": 3, "Plan Width": 16, "Index Cond": "(l_orderkey = l1.l_orderkey)", "Filter": "((l_receiptdate > l_commitdate) AND (l_suppkey <> l1.l_suppkey))"}]}, {"Node Type": "Index Scan", "Parent Relationship": "Inner", "Scan Direction": "Forward", "Index Name": "idx_lineitem_orderkey", "Relation Name": "lineitem", "Alias": "l2", "Startup Cost": 0.0, "Total Cost": 1.63, "Plan Rows": 9, "Plan Width": 16, "Index Cond": "(l_orderkey = l1.l_orderkey)", "Filter": "(l_suppkey <> l1.l_suppkey)"}]}, {"Node Type": "Index Scan", "Parent Relationship": "Inner", "Scan Direction": "Forward", "Index Name": "orders_pkey", "Relation Name": "orders", "Alias": "orders", "Startup Cost": 0.0, "Total Cost": 0.97, "Plan Rows": 1, "Plan Width": 8, "Index Cond": "(o_orderkey = l2.l_orderkey)", "Filter": "(o_orderstatus = 'F'::bpchar)"}]}]}]}]}, "Unique SQL Id": 3870093320}, "explain_analyze_plan": {"Plan": {"Node Type": "Limit", "Startup Cost": 2788927.51, "Total Cost": 2788927.76, "Plan Rows": 100, "Plan Width": 34, "Actual Min Startup Time": 12922.857, "Actual Max Startup Time": 12922.857, "Actual Min Total Time": 12922.875, "Actual Max Total Time": 12922.875, "Actual Total Rows": 100, "Plans": [{"Node Type": "Sort", "Parent Relationship": "Outer", "Startup Cost": 2788927.51, "Total Cost": 2788950.44, "Plan Rows": 100, "Plan Width": 34, "Actual Min Startup Time": 12922.854, "Actual Max Startup Time": 12922.854, "Actual Min Total Time": 12922.86, "Actual Max Total Time": 12922.86, "Actual Total Rows": 100, "Sort Key": ["(count(*)) DESC", "supplier.s_name"], "Sort Method": "top-N heapsort", "Sort Space Min Used": 41, "Sort Space Max Used": 41, "Sort Space Type": "Memory", "Plans": [{"Node Type": "Aggregate", "Strategy": "Hashed", "Parent Relationship": "Outer", "Startup Cost": 2788485.24, "Total Cost": 2788576.96, "Plan Rows": 9172, "Plan Width": 34, "Actual Min Startup Time": 12919.417, "Actual Max Startup Time": 12919.417, "Actual Min Total Time": 12920.679, "Actual Max Total Time": 12920.679, "Actual Total Rows": 3981, "Group By Key": ["supplier.s_name"], "Plans": [{"Node Type": "Nested Loop", "Parent Relationship": "Outer", "Join Type": "Inner", "Startup Cost": 22070.29, "Total Cost": 2788439.38, "Plan Rows": 9172, "Plan Width": 26, "Actual Min Startup Time": 666.487, "Actual Max Startup Time": 666.487, "Actual Min Total Time": 12872.21, "Actual Max Total Time": 12872.21, "Actual Total Rows": 39445, "Inner Unique": true, "Join Filter": "(l1.l_orderkey = orders.o_orderkey)", "Rows Removed by Join Filter": 0, "Plans": [{"Node Type": "Nested Loop", "Parent Relationship": "Outer", "Join Type": "Semi", "Startup Cost": 22070.29, "Total Cost": 2781339.01, "Plan Rows": 7254, "Plan Width": 42, "Actual Min Startup Time": 666.46, "Actual Max Startup Time": 666.46, "Actual Min Total Time": 12299.192, "Actual Max Total Time": 12299.192, "Actual Total Rows": 80537, "Inner Unique": false, "Plans": [{"Node Type": "Nested Loop", "Parent Relationship": "Outer", "Join Type": "Anti", "Startup Cost": 22070.29, "Total Cost": 2779483.45, "Plan Rows": 7635, "Plan Width": 42, "Actual Min Startup Time": 666.386, "Actual Max Startup Time": 666.386, "Actual Min Total Time": 11708.158, "Actual Max Total Time": 11708.158, "Actual Total Rows": 135110, "Inner Unique": false, "Plans": [{"Node Type": "Streaming(type: LOCAL GATHER dop: 1/16)", "Parent Relationship": "Outer", "Startup Cost": 22070.29, "Total Cost": 2732296.23, "Plan Rows": 152707, "Plan Width": 42, "Actual Min Startup Time": 666.221, "Actual Max Startup Time": 666.221, "Actual Min Total Time": 1331.623, "Actual Max Total Time": 1331.623, "Actual Total Rows": 1511024, "Plans": [{"Node Type": "Hash Join", "Parent Relationship": "Outer", "Join Type": "Inner", "Startup Cost": 22070.29, "Total Cost": 2729000.5, "Plan Rows": 152707, "Plan Width": 42, "Actual Min Startup Time": 619.322, "Actual Max Startup Time": 626.753, "Actual Min Total Time": 3761.45, "Actual Max Total Time": 4319.253, "Actual Total Rows": 1511024, "Inner Unique": false, "Hash Cond": "(l1.l_suppkey = supplier.s_suppkey), (LLVM Optimized, Jit Execute)", "Plans": [{"Node Type": "Index Scan", "Parent Relationship": "Outer", "Scan Direction": "Forward", "Index Name": "idx_lineitem_orderkey", "Relation Name": "lineitem", "Alias": "l1", "Startup Cost": 0.0, "Total Cost": 2702148.28, "Plan Rows": 19995678, "Plan Width": 16, "Actual Min Startup Time": 513.995, "Actual Max Startup Time": 514.08, "Actual Min Total Time": 3148.309, "Actual Max Total Time": 3722.33, "Actual Total Rows": 37929348, "Filter": "(l_receiptdate > l_commitdate), (LLVM Optimized, Jit Execute)", "Rows Removed by Filter": 22056704}, {"Node Type": "Hash", "Parent Relationship": "Inner", "Startup Cost": 22020.29, "Total Cost": 22020.29, "Plan Rows": 64000, "Plan Width": 34, "Actual Min Startup Time": 105.209, "Actual Max Startup Time": 112.612, "Actual Min Total Time": 105.209, "Actual Max Total Time": 112.612, "Actual Total Rows": 63696, "Max Hash Buckets": 32768, "Min Hash Buckets": 32768, "Max Hash Batches": 1, "Min Hash Batches": 1, "Max Original Hash Batches": 1, "Min Original Hash Batches": 1, "Max Peak Memory Usage": 280, "min Peak Memory Usage": 280, "Plans": [{"Node Type": "Streaming(type: BROADCAST dop: 16/1)", "Parent Relationship": "Outer", "Startup Cost": 12.7, "Total Cost": 22020.29, "Plan Rows": 64000, "Plan Width": 34, "Actual Min Startup Time": 0.024, "Actual Max Startup Time": 0.035, "Actual Min Total Time": 104.15, "Actual Max Total Time": 111.392, "Actual Total Rows": 63696, "Plans": [{"Node Type": "Hash Join", "Parent Relationship": "Outer", "Join Type": "Inner", "Startup Cost": 12.7, "Total Cost": 5639.04, "Plan Rows": 4000, "Plan Width": 34, "Actual Min Startup Time": 0.213, "Actual Max Startup Time": 0.213, "Actual Min Total Time": 77.672, "Actual Max Total Time": 77.672, "Actual Total Rows": 3981, "Inner Unique": true, "Hash Cond": "(supplier.s_nationkey = nation.n_nationkey)", "Plans": [{"Node Type": "Index Scan", "Parent Relationship": "Outer", "Scan Direction": "Forward", "Index Name": "supplier_pkey", "Relation Name": "supplier", "Alias": "supplier", "Startup Cost": 0.0, "Total Cost": 5335.71, "Plan Rows": 100000, "Plan Width": 38, "Actual Min Startup Time": 0.048, "Actual Max Startup Time": 0.048, "Actual Min Total Time": 57.848, "Actual Max Total Time": 57.848, "Actual Total Rows": 100000}, {"Node Type": "Hash", "Parent Relationship": "Inner", "Startup Cost": 12.69, "Total Cost": 12.69, "Plan Rows": 1, "Plan Width": 4, "Actual Min Startup Time": 0.066, "Actual Max Startup Time": 0.066, "Actual Min Total Time": 0.066, "Actual Max Total Time": 0.066, "Actual Total Rows": 1, "Max Hash Buckets": 32768, "Min Hash Buckets": 32768, "Max Hash Batches": 1, "Min Hash Batches": 1, "Max Original Hash Batches": 1, "Min Original Hash Batches": 1, "Max Peak Memory Usage": 1, "min Peak Memory Usage": 1, "Plans": [{"Node Type": "Index Scan", "Parent Relationship": "Outer", "Scan Direction": "Forward", "Index Name": "nation_pkey", "Relation Name": "nation", "Alias": "nation", "Startup Cost": 0.0, "Total Cost": 12.69, "Plan Rows": 1, "Plan Width": 4, "Actual Min Startup Time": 0.038, "Actual Max Startup Time": 0.038, "Actual Min Total Time": 0.054, "Actual Max Total Time": 0.054, "Actual Total Rows": 1, "Filter": "(n_name = 'EGYPT'::bpchar)", "Rows Removed by Filter": 24}]}]}]}]}]}]}, {"Node Type": "Index Scan", "Parent Relationship": "Inner", "Scan Direction": "Forward", "Index Name": "idx_lineitem_orderkey", "Relation Name": "lineitem", "Alias": "l3", "Startup Cost": 0.0, "Total Cost": 1.63, "Plan Rows": 3, "Plan Width": 16, "Actual Min Startup Time": 9355.858, "Actual Max Startup Time": 9355.858, "Actual Min Total Time": 9355.858, "Actual Max Total Time": 9355.858, "Actual Total Rows": 1375914, "Index Cond": "(l_orderkey = l1.l_orderkey)", "Rows Removed by Index Recheck": 0, "Filter": "((l_receiptdate > l_commitdate) AND (l_suppkey <> l1.l_suppkey))", "Rows Removed by Filter": 1348115}]}, {"Node Type": "Index Scan", "Parent Relationship": "Inner", "Scan Direction": "Forward", "Index Name": "idx_lineitem_orderkey", "Relation Name": "lineitem", "Alias": "l2", "Startup Cost": 0.0, "Total Cost": 1.63, "Plan Rows": 9, "Plan Width": 16, "Actual Min Startup Time": 496.109, "Actual Max Startup Time": 496.109, "Actual Min Total Time": 496.109, "Actual Max Total Time": 496.109, "Actual Total Rows": 80537, "Index Cond": "(l_orderkey = l1.l_orderkey)", "Rows Removed by Index Recheck": 0, "Filter": "(l_suppkey <> l1.l_suppkey)", "Rows Removed by Filter": 85912}]}, {"Node Type": "Index Scan", "Parent Relationship": "Inner", "Scan Direction": "Forward", "Index Name": "orders_pkey", "Relation Name": "orders", "Alias": "orders", "Startup Cost": 0.0, "Total Cost": 0.97, "Plan Rows": 1, "Plan Width": 8, "Actual Min Startup Time": 510.002, "Actual Max Startup Time": 510.002, "Actual Min Total Time": 510.002, "Actual Max Total Time": 510.002, "Actual Total Rows": 39445, "Index Cond": "(o_orderkey = l2.l_orderkey)", "Rows Removed by Index Recheck": 0, "Filter": "(o_orderstatus = 'F'::bpchar)", "Rows Removed by Filter": 41092}]}]}]}]}, "Triggers": [], "Planner Runtime": 12.553, "Total Runtime": 12935.306, "Unique SQL Id": 3870093320}}, "(16, 42)": {"explain_plan": {"Plan": {"Node Type": "Limit", "Startup Cost": 747988.54, "Total Cost": 747988.79, "Plan Rows": 100, "Plan Width": 34, "Plans": [{"Node Type": "Sort", "Parent Relationship": "Outer", "Startup Cost": 747988.54, "Total Cost": 747988.79, "Plan Rows": 100, "Plan Width": 34, "Sort Key": ["(count(*)) DESC", "supplier.s_name"], "Plans": [{"Node Type": "Streaming(type: LOCAL GATHER dop: 1/16)", "Parent Relationship": "Outer", "Startup Cost": 747984.4, "Total Cost": 747985.22, "Plan Rows": 100, "Plan Width": 34, "Plans": [{"Node Type": "Limit", "Parent Relationship": "Outer", "Startup Cost": 747984.4, "Total Cost": 747984.65, "Plan Rows": 100, "Plan Width": 34, "Plans": [{"Node Type": "Sort", "Parent Relationship": "Outer", "Startup Cost": 747984.4, "Total Cost": 748007.33, "Plan Rows": 100, "Plan Width": 34, "Sort Key": ["(count(*)) DESC", "supplier.s_name"], "Plans": [{"Node Type": "Aggregate", "Strategy": "Hashed", "Parent Relationship": "Outer", "Startup Cost": 747628.12, "Total Cost": 747633.85, "Plan Rows": 9172, "Plan Width": 34, "Group By Key": ["supplier.s_name"], "Plans": [{"Node Type": "Streaming(type: LOCAL REDISTRIBUTE dop: 16/16)", "Parent Relationship": "Outer", "Startup Cost": 308588.13, "Total Cost": 747625.25, "Plan Rows": 9172, "Plan Width": 26, "Plans": [{"Node Type": "Hash Join", "Parent Relationship": "Outer", "Join Type": "Anti", "Startup Cost": 308588.13, "Total Cost": 747325.37, "Plan Rows": 9172, "Plan Width": 26, "Inner Unique": false, "Hash Cond": "(l1.l_orderkey = l3.l_orderkey)", "Join Filter": "(l3.l_suppkey <> l1.l_suppkey)", "Plans": [{"Node Type": "Streaming(type: LOCAL REDISTRIBUTE dop: 16/16)", "Parent Relationship": "Outer", "Startup Cost": 207535.81, "Total Cost": 645828.7, "Plan Rows": 183444, "Plan Width": 42, "Plans": [{"Node Type": "Hash Join", "Parent Relationship": "Outer", "Join Type": "Inner", "Startup Cost": 207535.81, "Total Cost": 630133.61, "Plan Rows": 183444, "Plan Width": 42, "Inner Unique": true, "Hash Cond": "(l1.l_orderkey = orders.o_orderkey), (LLVM Optimized)", "Plans": [{"Node Type": "Streaming(type: BROADCAST dop: 16/16)", "Parent Relationship": "Outer", "Startup Cost": 190803.73, "Total Cost": 612742.87, "Plan Rows": 2321152, "Plan Width": 50, "Plans": [{"Node Type": "Hash Join", "Parent Relationship": "Outer", "Join Type": "Right Semi", "Startup Cost": 190803.73, "Total Cost": 591849.32, "Plan Rows": 145072, "Plan Width": 50, "Inner Unique": false, "Hash Cond": "(l2.l_orderkey = l1.l_orderkey), (LLVM Optimized)", "Join Filter": "(l2.l_suppkey <> l1.l_suppkey), (LLVM Optimized)", "Plans": [{"Node Type": "Streaming(type: LOCAL REDISTRIBUTE dop: 16/16)", "Parent Relationship": "Outer", "Startup Cost": 0.0, "Total Cost": 383239.33, "Plan Rows": 59987033, "Plan Width": 16, "Plans": [{"Node Type": "Seq Scan", "Parent Relationship": "Outer", "Relation Name": "lineitem", "Alias": "l2", "Startup Cost": 0.0, "Total Cost": 140944.71, "Plan Rows": 59987033, "Plan Width": 16}]}, {"Node Type": "Hash", "Parent Relationship": "Inner", "Startup Cost": 190684.43, "Total Cost": 190684.43, "Plan Rows": 152707, "Plan Width": 42, "Plans": [{"Node Type": "Streaming(type: LOCAL REDISTRIBUTE dop: 16/16)", "Parent Relationship": "Outer", "Startup Cost": 20006.2, "Total Cost": 190684.43, "Plan Rows": 152707, "Plan Width": 42, "Plans": [{"Node Type": "Hash Join", "Parent Relationship": "Outer", "Join Type": "Inner", "Startup Cost": 20006.2, "Total Cost": 175105.81, "Plan Rows": 152707, "Plan Width": 42, "Inner Unique": false, "Hash Cond": "(l1.l_suppkey = supplier.s_suppkey), (LLVM Optimized)", "Plans": [{"Node Type": "Seq Scan", "Parent Relationship": "Outer", "Relation Name": "lineitem", "Alias": "l1", "Startup Cost": 0.0, "Total Cost": 150317.68, "Plan Rows": 19995678, "Plan Width": 16, "Filter": "(l_receiptdate > l_commitdate), (LLVM Optimized)"}, {"Node Type": "Hash", "Parent Relationship": "Inner", "Startup Cost": 19956.2, "Total Cost": 19956.2, "Plan Rows": 64000, "Plan Width": 34, "Plans": [{"Node Type": "Streaming(type: BROADCAST dop: 16/1)", "Parent Relationship": "Outer", "Startup Cost": 1.32, "Total Cost": 19956.2, "Plan Rows": 64000, "Plan Width": 34, "Plans": [{"Node Type": "Hash Join", "Parent Relationship": "Outer", "Join Type": "Inner", "Startup Cost": 1.32, "Total Cost": 3574.95, "Plan Rows": 4000, "Plan Width": 34, "Inner Unique": true, "Hash Cond": "(supplier.s_nationkey = nation.n_nationkey)", "Plans": [{"Node Type": "Seq Scan", "Parent Relationship": "Outer", "Relation Name": "supplier", "Alias": "supplier", "Startup Cost": 0.0, "Total Cost": 3283.0, "Plan Rows": 100000, "Plan Width": 38}, {"Node Type": "Hash", "Parent Relationship": "Inner", "Startup Cost": 1.31, "Total Cost": 1.31, "Plan Rows": 1, "Plan Width": 4, "Plans": [{"Node Type": "Seq Scan", "Parent Relationship": "Outer", "Relation Name": "nation", "Alias": "nation", "Startup Cost": 0.0, "Total Cost": 1.31, "Plan Rows": 1, "Plan Width": 4, "Filter": "(n_name = 'EGYPT'::bpchar)"}]}]}]}]}]}]}]}]}]}, {"Node Type": "Hash", "Parent Relationship": "Inner", "Startup Cost": 43994.53, "Total Cost": 43994.53, "Plan Rows": 7338812, "Plan Width": 8, "Plans": [{"Node Type": "Seq Scan", "Parent Relationship": "Outer", "Relation Name": "orders", "Alias": "orders", "Startup Cost": 0.0, "Total Cost": 43994.53, "Plan Rows": 7338812, "Plan Width": 8, "Filter": "(o_orderstatus = 'F'::bpchar), (LLVM Optimized)"}]}]}]}, {"Node Type": "Hash", "Parent Relationship": "Inner", "Startup Cost": 241082.56, "Total Cost": 241082.56, "Plan Rows": 19995678, "Plan Width": 16, "Plans": [{"Node Type": "Streaming(type: LOCAL REDISTRIBUTE dop: 16/16)", "Parent Relationship": "Outer", "Startup Cost": 0.0, "Total Cost": 241082.56, "Plan Rows": 19995678, "Plan Width": 16, "Plans": [{"Node Type": "Seq Scan", "Parent Relationship": "Outer", "Relation Name": "lineitem", "Alias": "l3", "Startup Cost": 0.0, "Total Cost": 150317.68, "Plan Rows": 19995678, "Plan Width": 16, "Filter": "(l_receiptdate > l_commitdate), (LLVM Optimized)"}]}]}]}]}]}]}]}]}]}]}, "Unique SQL Id": 3870093320}, "explain_analyze_plan": {"Plan": {"Node Type": "Limit", "Startup Cost": 747988.54, "Total Cost": 747988.79, "Plan Rows": 100, "Plan Width": 34, "Actual Min Startup Time": 16410.512, "Actual Max Startup Time": 16410.512, "Actual Min Total Time": 16410.529, "Actual Max Total Time": 16410.529, "Actual Total Rows": 100, "Plans": [{"Node Type": "Sort", "Parent Relationship": "Outer", "Startup Cost": 747988.54, "Total Cost": 747988.79, "Plan Rows": 100, "Plan Width": 34, "Actual Min Startup Time": 16410.509, "Actual Max Startup Time": 16410.509, "Actual Min Total Time": 16410.514, "Actual Max Total Time": 16410.514, "Actual Total Rows": 100, "Sort Key": ["(count(*)) DESC", "supplier.s_name"], "Sort Method": "top-N heapsort", "Sort Space Min Used": 39, "Sort Space Max Used": 39, "Sort Space Type": "Memory", "Plans": [{"Node Type": "Streaming(type: LOCAL GATHER dop: 1/16)", "Parent Relationship": "Outer", "Startup Cost": 747984.4, "Total Cost": 747985.22, "Plan Rows": 100, "Plan Width": 34, "Actual Min Startup Time": 16408.559, "Actual Max Startup Time": 16408.559, "Actual Min Total Time": 16409.348, "Actual Max Total Time": 16409.348, "Actual Total Rows": 1600, "Plans": [{"Node Type": "Limit", "Parent Relationship": "Outer", "Startup Cost": 747984.4, "Total Cost": 747984.65, "Plan Rows": 100, "Plan Width": 34, "Actual Min Startup Time": 16227.99, "Actual Max Startup Time": 16274.744, "Actual Min Total Time": 16228.007, "Actual Max Total Time": 16274.763, "Actual Total Rows": 1600, "Plans": [{"Node Type": "Sort", "Parent Relationship": "Outer", "Startup Cost": 747984.4, "Total Cost": 748007.33, "Plan Rows": 100, "Plan Width": 34, "Actual Min Startup Time": 16227.988, "Actual Max Startup Time": 16274.742, "Actual Min Total Time": 16227.993, "Actual Max Total Time": 16274.755, "Actual Total Rows": 1600, "Sort Key": ["(count(*)) DESC", "supplier.s_name"], "Sort Method": "top-N heapsort", "Sort Space Min Used": 40, "Sort Space Max Used": 40, "Sort Space Type": "Memory", "Plans": [{"Node Type": "Aggregate", "Strategy": "Hashed", "Parent Relationship": "Outer", "Startup Cost": 747628.12, "Total Cost": 747633.85, "Plan Rows": 9172, "Plan Width": 34, "Actual Min Startup Time": 16227.545, "Actual Max Startup Time": 16274.259, "Actual Min Total Time": 16227.597, "Actual Max Total Time": 16274.321, "Actual Total Rows": 3981, "Group By Key": ["supplier.s_name"], "Plans": [{"Node Type": "Streaming(type: LOCAL REDISTRIBUTE dop: 16/16)", "Parent Relationship": "Outer", "Startup Cost": 308588.13, "Total Cost": 747625.25, "Plan Rows": 9172, "Plan Width": 26, "Actual Min Startup Time": 10228.571, "Actual Max Startup Time": 11360.079, "Actual Min Total Time": 16225.834, "Actual Max Total Time": 16272.714, "Actual Total Rows": 39445, "Plans": [{"Node Type": "Hash Join", "Parent Relationship": "Outer", "Join Type": "Anti", "Startup Cost": 308588.13, "Total Cost": 747325.37, "Plan Rows": 9172, "Plan Width": 26, "Actual Min Startup Time": 6983.332, "Actual Max Startup Time": 7054.674, "Actual Min Total Time": 16196.812, "Actual Max Total Time": 16259.256, "Actual Total Rows": 39445, "Inner Unique": false, "Hash Cond": "(l1.l_orderkey = l3.l_orderkey)", "Join Filter": "(l3.l_suppkey <> l1.l_suppkey)", "Rows Removed by Join Filter": 238782, "Plans": [{"Node Type": "Streaming(type: LOCAL REDISTRIBUTE dop: 16/16)", "Parent Relationship": "Outer", "Startup Cost": 207535.81, "Total Cost": 645828.7, "Plan Rows": 183444, "Plan Width": 42, "Actual Min Startup Time": 0.135, "Actual Max Startup Time": 43.029, "Actual Min Total Time": 9168.228, "Actual Max Total Time": 9190.867, "Actual Total Rows": 702947, "Plans": [{"Node Type": "Hash Join", "Parent Relationship": "Outer", "Join Type": "Inner", "Startup Cost": 207535.81, "Total Cost": 630133.61, "Plan Rows": 183444, "Plan Width": 42, "Actual Min Startup Time": 2555.285, "Actual Max Startup Time": 2670.703, "Actual Min Total Time": 11900.486, "Actual Max Total Time": 16155.15, "Actual Total Rows": 702947, "Inner Unique": true, "Hash Cond": "(l1.l_orderkey = orders.o_orderkey), (LLVM Optimized, Jit Execute)", "Plans": [{"Node Type": "Streaming(type: BROADCAST dop: 16/16)", "Parent Relationship": "Outer", "Startup Cost": 190803.73, "Total Cost": 612742.87, "Plan Rows": 2321152, "Plan Width": 50, "Actual Min Startup Time": 1988.914, "Actual Max Startup Time": 2131.436, "Actual Min Total Time": 10689.438, "Actual Max Total Time": 15092.162, "Actual Total Rows": 23303216, "Plans": [{"Node Type": "Hash Join", "Parent Relationship": "Outer", "Join Type": "Right Semi", "Startup Cost": 190803.73, "Total Cost": 591849.32, "Plan Rows": 145072, "Plan Width": 50, "Actual Min Startup Time": 2549.297, "Actual Max Startup Time": 2692.713, "Actual Min Total Time": 10751.753, "Actual Max Total Time": 14944.542, "Actual Total Rows": 1456451, "Inner Unique": false, "Hash Cond": "(l2.l_orderkey = l1.l_orderkey), (LLVM Optimized, Jit Execute)", "Join Filter": "(l2.l_suppkey <> l1.l_suppkey), (LLVM Optimized, Jit Execute)", "Rows Removed by Join Filter": 378638, "Plans": [{"Node Type": "Streaming(type: LOCAL REDISTRIBUTE dop: 16/16)", "Parent Relationship": "Outer", "Startup Cost": 0.0, "Total Cost": 383239.33, "Plan Rows": 59987033, "Plan Width": 16, "Actual Min Startup Time": 0.058, "Actual Max Startup Time": 0.674, "Actual Min Total Time": 7368.742, "Actual Max Total Time": 11544.093, "Actual Total Rows": 59986052, "Plans": [{"Node Type": "Seq Scan", "Parent Relationship": "Outer", "Relation Name": "lineitem", "Alias": "l2", "Startup Cost": 0.0, "Total Cost": 140944.71, "Plan Rows": 59987033, "Plan Width": 16, "Actual Min Startup Time": 0.015, "Actual Max Startup Time": 0.033, "Actual Min Total Time": 1271.44, "Actual Max Total Time": 1327.364, "Actual Total Rows": 59986052}]}, {"Node Type": "Hash", "Parent Relationship": "Inner", "Startup Cost": 190684.43, "Total Cost": 190684.43, "Plan Rows": 152707, "Plan Width": 42, "Actual Min Startup Time": 2549.086, "Actual Max Startup Time": 2692.512, "Actual Min Total Time": 2549.086, "Actual Max Total Time": 2692.512, "Actual Total Rows": 1511024, "Max Hash Buckets": 32768, "Min Hash Buckets": 32768, "Max Hash Batches": 1, "Min Hash Batches": 1, "Max Original Hash Batches": 1, "Min Original Hash Batches": 1, "Max Peak Memory Usage": 7375, "min Peak Memory Usage": 7375, "Plans": [{"Node Type": "Streaming(type: LOCAL REDISTRIBUTE dop: 16/16)", "Parent Relationship": "Outer", "Startup Cost": 20006.2, "Total Cost": 190684.43, "Plan Rows": 152707, "Plan Width": 42, "Actual Min Startup Time": 124.128, "Actual Max Startup Time": 267.623, "Actual Min Total Time": 2519.224, "Actual Max Total Time": 2658.141, "Actual Total Rows": 1511024, "Plans": [{"Node Type": "Hash Join", "Parent Relationship": "Outer", "Join Type": "Inner", "Startup Cost": 20006.2, "Total Cost": 175105.81, "Plan Rows": 152707, "Plan Width": 42, "Actual Min Startup Time": 90.24, "Actual Max Startup Time": 206.607, "Actual Min Total Time": 2322.808, "Actual Max Total Time": 2449.347, "Actual Total Rows": 1511024, "Inner Unique": false, "Hash Cond": "(l1.l_suppkey = supplier.s_suppkey), (LLVM Optimized, Jit Execute)", "Plans": [{"Node Type": "Seq Scan", "Parent Relationship": "Outer", "Relation Name": "lineitem", "Alias": "l1", "Startup Cost": 0.0, "Total Cost": 150317.68, "Plan Rows": 19995678, "Plan Width": 16, "Actual Min Startup Time": 0.025, "Actual Max Startup Time": 0.051, "Actual Min Total Time": 1653.774, "Actual Max Total Time": 1841.41, "Actual Total Rows": 37929348, "Filter": "(l_receiptdate > l_commitdate), (LLVM Optimized, Jit Execute)", "Rows Removed by Filter": 22056704}, {"Node Type": "Hash", "Parent Relationship": "Inner", "Startup Cost": 19956.2, "Total Cost": 19956.2, "Plan Rows": 64000, "Plan Width": 34, "Actual Min Startup Time": 90.15, "Actual Max Startup Time": 206.445, "Actual Min Total Time": 90.15, "Actual Max Total Time": 206.445, "Actual Total Rows": 63696, "Max Hash Buckets": 32768, "Min Hash Buckets": 32768, "Max Hash Batches": 1, "Min Hash Batches": 1, "Max Original Hash Batches": 1, "Min Original Hash Batches": 1, "Max Peak Memory Usage": 280, "min Peak Memory Usage": 280, "Plans": [{"Node Type": "Streaming(type: BROADCAST dop: 16/1)", "Parent Relationship": "Outer", "Startup Cost": 1.32, "Total Cost": 19956.2, "Plan Rows": 64000, "Plan Width": 34, "Actual Min Startup Time": 0.029, "Actual Max Startup Time": 9.77, "Actual Min Total Time": 88.951, "Actual Max Total Time": 204.951, "Actual Total Rows": 63696, "Plans": [{"Node Type": "Hash Join", "Parent Relationship": "Outer", "Join Type": "Inner", "Startup Cost": 1.32, "Total Cost": 3574.95, "Plan Rows": 4000, "Plan Width": 34, "Actual Min Startup Time": 0.128, "Actual Max Startup Time": 0.128, "Actual Min Total Time": 49.23, "Actual Max Total Time": 49.23, "Actual Total Rows": 3981, "Inner Unique": true, "Hash Cond": "(supplier.s_nationkey = nation.n_nationkey)", "Plans": [{"Node Type": "Seq Scan", "Parent Relationship": "Outer", "Relation Name": "supplier", "Alias": "supplier", "Startup Cost": 0.0, "Total Cost": 3283.0, "Plan Rows": 100000, "Plan Width": 38, "Actual Min Startup Time": 0.019, "Actual Max Startup Time": 0.019, "Actual Min Total Time": 29.179, "Actual Max Total Time": 29.179, "Actual Total Rows": 100000}, {"Node Type": "Hash", "Parent Relationship": "Inner", "Startup Cost": 1.31, "Total Cost": 1.31, "Plan Rows": 1, "Plan Width": 4, "Actual Min Startup Time": 0.044, "Actual Max Startup Time": 0.044, "Actual Min Total Time": 0.044, "Actual Max Total Time": 0.044, "Actual Total Rows": 1, "Max Hash Buckets": 32768, "Min Hash Buckets": 32768, "Max Hash Batches": 1, "Min Hash Batches": 1, "Max Original Hash Batches": 1, "Min Original Hash Batches": 1, "Max Peak Memory Usage": 1, "min Peak Memory Usage": 1, "Plans": [{"Node Type": "Seq Scan", "Parent Relationship": "Outer", "Relation Name": "nation", "Alias": "nation", "Startup Cost": 0.0, "Total Cost": 1.31, "Plan Rows": 1, "Plan Width": 4, "Actual Min Startup Time": 0.025, "Actual Max Startup Time": 0.025, "Actual Min Total Time": 0.032, "Actual Max Total Time": 0.032, "Actual Total Rows": 1, "Filter": "(n_name = 'EGYPT'::bpchar)", "Rows Removed by Filter": 24}]}]}]}]}]}]}]}]}]}, {"Node Type": "Hash", "Parent Relationship": "Inner", "Startup Cost": 43994.53, "Total Cost": 43994.53, "Plan Rows": 7338812, "Plan Width": 8, "Actual Min Startup Time": 538.843, "Actual Max Startup Time": 584.562, "Actual Min Total Time": 538.843, "Actual Max Total Time": 584.562, "Actual Total Rows": 7309184, "Max Hash Buckets": 524288, "Min Hash Buckets": 524288, "Max Hash Batches": 1, "Min Hash Batches": 1, "Max Original Hash Batches": 1, "Min Original Hash Batches": 1, "Max Peak Memory Usage": 17868, "min Peak Memory Usage": 17868, "Plans": [{"Node Type": "Seq Scan", "Parent Relationship": "Outer", "Relation Name": "orders", "Alias": "orders", "Startup Cost": 0.0, "Total Cost": 43994.53, "Plan Rows": 7338812, "Plan Width": 8, "Actual Min Startup Time": 0.024, "Actual Max Startup Time": 0.04, "Actual Min Total Time": 391.155, "Actual Max Total Time": 427.794, "Actual Total Rows": 7309184, "Filter": "(o_orderstatus = 'F'::bpchar), (LLVM Optimized, Jit Execute)", "Rows Removed by Filter": 7690816}]}]}]}, {"Node Type": "Hash", "Parent Relationship": "Inner", "Startup Cost": 241082.56, "Total Cost": 241082.56, "Plan Rows": 19995678, "Plan Width": 16, "Actual Min Startup Time": 6968.583, "Actual Max Startup Time": 7030.982, "Actual Min Total Time": 6968.583, "Actual Max Total Time": 7030.982, "Actual Total Rows": 37929348, "Max Hash Buckets": 2097152, "Min Hash Buckets": 2097152, "Max Hash Batches": 1, "Min Hash Batches": 1, "Max Original Hash Batches": 1, "Min Original Hash Batches": 1, "Max Peak Memory Usage": 110961, "min Peak Memory Usage": 110961, "Plans": [{"Node Type": "Streaming(type: LOCAL REDISTRIBUTE dop: 16/16)", "Parent Relationship": "Outer", "Startup Cost": 0.0, "Total Cost": 241082.56, "Plan Rows": 19995678, "Plan Width": 16, "Actual Min Startup Time": 0.064, "Actual Max Startup Time": 60.836, "Actual Min Total Time": 6228.998, "Actual Max Total Time": 6400.75, "Actual Total Rows": 37929348, "Plans": [{"Node Type": "Seq Scan", "Parent Relationship": "Outer", "Relation Name": "lineitem", "Alias": "l3", "Startup Cost": 0.0, "Total Cost": 150317.68, "Plan Rows": 19995678, "Plan Width": 16, "Actual Min Startup Time": 0.027, "Actual Max Startup Time": 0.059, "Actual Min Total Time": 1713.209, "Actual Max Total Time": 1837.634, "Actual Total Rows": 37929348, "Filter": "(l_receiptdate > l_commitdate), (LLVM Optimized, Jit Execute)", "Rows Removed by Filter": 22056704}]}]}]}]}]}]}]}]}]}]}, "Triggers": [], "Planner Runtime": 14.822, "Total Runtime": 16447.818, "Unique SQL Id": 3870093320}}, "(16, 43)": {"explain_plan": {"Plan": {"Node Type": "Limit", "Startup Cost": 6014182839649.49, "Total Cost": 6014182839649.74, "Plan Rows": 100, "Plan Width": 34, "Plans": [{"Node Type": "Sort", "Parent Relationship": "Outer", "Startup Cost": 6014182839649.49, "Total Cost": 6014182839672.42, "Plan Rows": 100, "Plan Width": 34, "Sort Key": ["(count(*)) DESC", "supplier.s_name"], "Plans": [{"Node Type": "Aggregate", "Strategy": "Hashed", "Parent Relationship": "Outer", "Startup Cost": 6014182839207.22, "Total Cost": 6014182839298.94, "Plan Rows": 9172, "Plan Width": 34, "Group By Key": ["supplier.s_name"], "Plans": [{"Node Type": "Nested Loop", "Parent Relationship": "Outer", "Join Type": "Inner", "Startup Cost": 60000000000.0, "Total Cost": 6014182839161.36, "Plan Rows": 9172, "Plan Width": 26, "Inner Unique": false, "Join Filter": "(l1.l_orderkey = orders.o_orderkey)", "Plans": [{"Node Type": "Index Scan", "Parent Relationship": "Outer", "Scan Direction": "Forward", "Index Name": "orders_pkey", "Relation Name": "orders", "Alias": "orders", "Startup Cost": 10000000000.0, "Total Cost": 1000076847713.25, "Plan Rows": 7338812, "Plan Width": 8, "Filter": "(o_orderstatus = 'F'::bpchar), (LLVM Optimized)"}, {"Node Type": "Materialize", "Parent Relationship": "Inner", "Startup Cost": 50000000000.0, "Total Cost": 5013307455332.53, "Plan Rows": 7254, "Plan Width": 42, "Plans": [{"Node Type": "Nested Loop", "Parent Relationship": "Outer", "Join Type": "Semi", "Startup Cost": 50000000000.0, "Total Cost": 5013307455296.26, "Plan Rows": 7254, "Plan Width": 42, "Inner Unique": false, "Join Filter": "((l2.l_suppkey <> l1.l_suppkey) AND (l1.l_orderkey = l2.l_orderkey))", "Plans": [{"Node Type": "Nested Loop", "Parent Relationship": "Outer", "Join Type": "Anti", "Startup Cost": 40000000000.0, "Total Cost": 4011848919915.73, "Plan Rows": 7635, "Plan Width": 42, "Inner Unique": false, "Join Filter": "((l3.l_suppkey <> l1.l_suppkey) AND (l3.l_orderkey = l1.l_orderkey))", "Plans": [{"Node Type": "Nested Loop", "Parent Relationship": "Outer", "Join Type": "Inner", "Startup Cost": 30000000000.0, "Total Cost": 3001539289162.94, "Plan Rows": 152707, "Plan Width": 42, "Inner Unique": false, "Join Filter": "(supplier.s_suppkey = l1.l_suppkey), (LLVM Optimized)", "Plans": [{"Node Type": "Index Scan", "Parent Relationship": "Outer", "Scan Direction": "Forward", "Index Name": "idx_lineitem_orderkey", "Relation Name": "lineitem", "Alias": "l1", "Startup Cost": 10000000000.0, "Total Cost": 1000339012132.75, "Plan Rows": 19995678, "Plan Width": 16, "Filter": "(l_receiptdate > l_commitdate), (LLVM Optimized)"}, {"Node Type": "Materialize", "Parent Relationship": "Inner", "Startup Cost": 20000000000.0, "Total Cost": 2000000536360.19, "Plan Rows": 4000, "Plan Width": 34, "Plans": [{"Node Type": "Nested Loop", "Parent Relationship": "Outer", "Join Type": "Inner", "Startup Cost": 20000000000.0, "Total Cost": 2000000536340.19, "Plan Rows": 4000, "Plan Width": 34, "Inner Unique": true, "Join Filter": "(supplier.s_nationkey = nation.n_nationkey)", "Plans": [{"Node Type": "Index Scan", "Parent Relationship": "Outer", "Scan Direction": "Forward", "Index Name": "supplier_pkey", "Relation Name": "supplier", "Alias": "supplier", "Startup Cost": 10000000000.0, "Total Cost": 1000000533571.43, "Plan Rows": 100000, "Plan Width": 38}, {"Node Type": "Materialize", "Parent Relationship": "Inner", "Startup Cost": 10000000000.0, "Total Cost": 1000000001268.76, "Plan Rows": 1, "Plan Width": 4, "Plans": [{"Node Type": "Index Scan", "Parent Relationship": "Outer", "Scan Direction": "Forward", "Index Name": "nation_pkey", "Relation Name": "nation", "Alias": "nation", "Startup Cost": 10000000000.0, "Total Cost": 1000000001268.75, "Plan Rows": 1, "Plan Width": 4, "Filter": "(n_name = 'EGYPT'::bpchar)"}]}]}]}]}, {"Node Type": "Materialize", "Parent Relationship": "Inner", "Startup Cost": 10000000000.0, "Total Cost": 1000339112111.14, "Plan Rows": 19995678, "Plan Width": 16, "Plans": [{"Node Type": "Index Scan", "Parent Relationship": "Outer", "Scan Direction": "Forward", "Index Name": "idx_lineitem_orderkey", "Relation Name": "lineitem", "Alias": "l3", "Startup Cost": 10000000000.0, "Total Cost": 1000339012132.75, "Plan Rows": 19995678, "Plan Width": 16, "Filter": "(l_receiptdate > l_commitdate), (LLVM Optimized)"}]}]}, {"Node Type": "Materialize", "Parent Relationship": "Inner", "Startup Cost": 10000000000.0, "Total Cost": 1000324315309.67, "Plan Rows": 59987033, "Plan Width": 16, "Plans": [{"Node Type": "Index Scan", "Parent Relationship": "Outer", "Scan Direction": "Forward", "Index Name": "idx_lineitem_orderkey", "Relation Name": "lineitem", "Alias": "l2", "Startup Cost": 10000000000.0, "Total Cost": 1000324015374.5, "Plan Rows": 59987033, "Plan Width": 16}]}]}]}]}]}]}]}, "Unique SQL Id": 3870093320}, "explain_analyze_plan": null}, "(16, 44)": {"explain_plan": {"Plan": {"Node Type": "Limit", "Startup Cost": 235032.82, "Total Cost": 235033.07, "Plan Rows": 100, "Plan Width": 34, "Plans": [{"Node Type": "Sort", "Parent Relationship": "Outer", "Startup Cost": 235032.82, "Total Cost": 235055.75, "Plan Rows": 100, "Plan Width": 34, "Sort Key": ["(count(*)) DESC", "supplier.s_name"], "Plans": [{"Node Type": "Aggregate", "Strategy": "Hashed", "Parent Relationship": "Outer", "Startup Cost": 234590.55, "Total Cost": 234682.27, "Plan Rows": 9172, "Plan Width": 34, "Group By Key": ["supplier.s_name"], "Plans": [{"Node Type": "Nested Loop", "Parent Relationship": "Outer", "Join Type": "Inner", "Startup Cost": 20006.2, "Total Cost": 234544.69, "Plan Rows": 9172, "Plan Width": 26, "Inner Unique": true, "Join Filter": "(l1.l_orderkey = orders.o_orderkey)", "Plans": [{"Node Type": "Nested Loop", "Parent Relationship": "Outer", "Join Type": "Semi", "Startup Cost": 20006.2, "Total Cost": 227444.32, "Plan Rows": 7254, "Plan Width": 42, "Inner Unique": false, "Plans": [{"Node Type": "Nested Loop", "Parent Relationship": "Outer", "Join Type": "Anti", "Startup Cost": 20006.2, "Total Cost": 225588.75, "Plan Rows": 7635, "Plan Width": 42, "Inner Unique": false, "Plans": [{"Node Type": "Streaming(type: LOCAL GATHER dop: 1/16)", "Parent Relationship": "Outer", "Startup Cost": 20006.2, "Total Cost": 178401.54, "Plan Rows": 152707, "Plan Width": 42, "Plans": [{"Node Type": "Hash Join", "Parent Relationship": "Outer", "Join Type": "Inner", "Startup Cost": 20006.2, "Total Cost": 175105.81, "Plan Rows": 152707, "Plan Width": 42, "Inner Unique": false, "Hash Cond": "(l1.l_suppkey = supplier.s_suppkey), (LLVM Optimized)", "Plans": [{"Node Type": "Seq Scan", "Parent Relationship": "Outer", "Relation Name": "lineitem", "Alias": "l1", "Startup Cost": 0.0, "Total Cost": 150317.68, "Plan Rows": 19995678, "Plan Width": 16, "Filter": "(l_receiptdate > l_commitdate), (LLVM Optimized)"}, {"Node Type": "Hash", "Parent Relationship": "Inner", "Startup Cost": 19956.2, "Total Cost": 19956.2, "Plan Rows": 64000, "Plan Width": 34, "Plans": [{"Node Type": "Streaming(type: BROADCAST dop: 16/1)", "Parent Relationship": "Outer", "Startup Cost": 1.32, "Total Cost": 19956.2, "Plan Rows": 64000, "Plan Width": 34, "Plans": [{"Node Type": "Hash Join", "Parent Relationship": "Outer", "Join Type": "Inner", "Startup Cost": 1.32, "Total Cost": 3574.95, "Plan Rows": 4000, "Plan Width": 34, "Inner Unique": true, "Hash Cond": "(supplier.s_nationkey = nation.n_nationkey)", "Plans": [{"Node Type": "Seq Scan", "Parent Relationship": "Outer", "Relation Name": "supplier", "Alias": "supplier", "Startup Cost": 0.0, "Total Cost": 3283.0, "Plan Rows": 100000, "Plan Width": 38}, {"Node Type": "Hash", "Parent Relationship": "Inner", "Startup Cost": 1.31, "Total Cost": 1.31, "Plan Rows": 1, "Plan Width": 4, "Plans": [{"Node Type": "Seq Scan", "Parent Relationship": "Outer", "Relation Name": "nation", "Alias": "nation", "Startup Cost": 0.0, "Total Cost": 1.31, "Plan Rows": 1, "Plan Width": 4, "Filter": "(n_name = 'EGYPT'::bpchar)"}]}]}]}]}]}]}, {"Node Type": "Index Scan", "Parent Relationship": "Inner", "Scan Direction": "Forward", "Index Name": "idx_lineitem_orderkey", "Relation Name": "lineitem", "Alias": "l3", "Startup Cost": 0.0, "Total Cost": 1.63, "Plan Rows": 3, "Plan Width": 16, "Index Cond": "(l_orderkey = l1.l_orderkey)", "Filter": "((l_receiptdate > l_commitdate) AND (l_suppkey <> l1.l_suppkey))"}]}, {"Node Type": "Index Scan", "Parent Relationship": "Inner", "Scan Direction": "Forward", "Index Name": "idx_lineitem_orderkey", "Relation Name": "lineitem", "Alias": "l2", "Startup Cost": 0.0, "Total Cost": 1.63, "Plan Rows": 9, "Plan Width": 16, "Index Cond": "(l_orderkey = l1.l_orderkey)", "Filter": "(l_suppkey <> l1.l_suppkey)"}]}, {"Node Type": "Index Scan", "Parent Relationship": "Inner", "Scan Direction": "Forward", "Index Name": "orders_pkey", "Relation Name": "orders", "Alias": "orders", "Startup Cost": 0.0, "Total Cost": 0.97, "Plan Rows": 1, "Plan Width": 8, "Index Cond": "(o_orderkey = l2.l_orderkey)", "Filter": "(o_orderstatus = 'F'::bpchar)"}]}]}]}]}, "Unique SQL Id": 3870093320}, "explain_analyze_plan": {"Plan": {"Node Type": "Limit", "Startup Cost": 235032.82, "Total Cost": 235033.07, "Plan Rows": 100, "Plan Width": 34, "Actual Min Startup Time": 12530.294, "Actual Max Startup Time": 12530.294, "Actual Min Total Time": 12530.313, "Actual Max Total Time": 12530.313, "Actual Total Rows": 100, "Plans": [{"Node Type": "Sort", "Parent Relationship": "Outer", "Startup Cost": 235032.82, "Total Cost": 235055.75, "Plan Rows": 100, "Plan Width": 34, "Actual Min Startup Time": 12530.291, "Actual Max Startup Time": 12530.291, "Actual Min Total Time": 12530.299, "Actual Max Total Time": 12530.299, "Actual Total Rows": 100, "Sort Key": ["(count(*)) DESC", "supplier.s_name"], "Sort Method": "top-N heapsort", "Sort Space Min Used": 41, "Sort Space Max Used": 41, "Sort Space Type": "Memory", "Plans": [{"Node Type": "Aggregate", "Strategy": "Hashed", "Parent Relationship": "Outer", "Startup Cost": 234590.55, "Total Cost": 234682.27, "Plan Rows": 9172, "Plan Width": 34, "Actual Min Startup Time": 12526.982, "Actual Max Startup Time": 12526.982, "Actual Min Total Time": 12528.236, "Actual Max Total Time": 12528.236, "Actual Total Rows": 3981, "Group By Key": ["supplier.s_name"], "Plans": [{"Node Type": "Nested Loop", "Parent Relationship": "Outer", "Join Type": "Inner", "Startup Cost": 20006.2, "Total Cost": 234544.69, "Plan Rows": 9172, "Plan Width": 26, "Actual Min Startup Time": 136.969, "Actual Max Startup Time": 136.969, "Actual Min Total Time": 12474.882, "Actual Max Total Time": 12474.882, "Actual Total Rows": 39445, "Inner Unique": true, "Join Filter": "(l1.l_orderkey = orders.o_orderkey)", "Rows Removed by Join Filter": 0, "Plans": [{"Node Type": "Nested Loop", "Parent Relationship": "Outer", "Join Type": "Semi", "Startup Cost": 20006.2, "Total Cost": 227444.32, "Plan Rows": 7254, "Plan Width": 42, "Actual Min Startup Time": 136.943, "Actual Max Startup Time": 136.943, "Actual Min Total Time": 11885.225, "Actual Max Total Time": 11885.225, "Actual Total Rows": 80537, "Inner Unique": false, "Plans": [{"Node Type": "Nested Loop", "Parent Relationship": "Outer", "Join Type": "Anti", "Startup Cost": 20006.2, "Total Cost": 225588.75, "Plan Rows": 7635, "Plan Width": 42, "Actual Min Startup Time": 136.931, "Actual Max Startup Time": 136.931, "Actual Min Total Time": 11294.761, "Actual Max Total Time": 11294.761, "Actual Total Rows": 135110, "Inner Unique": false, "Plans": [{"Node Type": "Streaming(type: LOCAL GATHER dop: 1/16)", "Parent Relationship": "Outer", "Startup Cost": 20006.2, "Total Cost": 178401.54, "Plan Rows": 152707, "Plan Width": 42, "Actual Min Startup Time": 136.761, "Actual Max Startup Time": 136.761, "Actual Min Total Time": 860.562, "Actual Max Total Time": 860.562, "Actual Total Rows": 1511024, "Plans": [{"Node Type": "Hash Join", "Parent Relationship": "Outer", "Join Type": "Inner", "Startup Cost": 20006.2, "Total Cost": 175105.81, "Plan Rows": 152707, "Plan Width": 42, "Actual Min Startup Time": 80.661, "Actual Max Startup Time": 92.066, "Actual Min Total Time": 2173.837, "Actual Max Total Time": 2246.976, "Actual Total Rows": 1511024, "Inner Unique": false, "Hash Cond": "(l1.l_suppkey = supplier.s_suppkey), (LLVM Optimized, Jit Execute)", "Plans": [{"Node Type": "Seq Scan", "Parent Relationship": "Outer", "Relation Name": "lineitem", "Alias": "l1", "Startup Cost": 0.0, "Total Cost": 150317.68, "Plan Rows": 19995678, "Plan Width": 16, "Actual Min Startup Time": 0.026, "Actual Max Startup Time": 0.042, "Actual Min Total Time": 1600.127, "Actual Max Total Time": 1653.437, "Actual Total Rows": 37929348, "Filter": "(l_receiptdate > l_commitdate), (LLVM Optimized, Jit Execute)", "Rows Removed by Filter": 22056704}, {"Node Type": "Hash", "Parent Relationship": "Inner", "Startup Cost": 19956.2, "Total Cost": 19956.2, "Plan Rows": 64000, "Plan Width": 34, "Actual Min Startup Time": 80.532, "Actual Max Startup Time": 91.922, "Actual Min Total Time": 80.532, "Actual Max Total Time": 91.922, "Actual Total Rows": 63696, "Max Hash Buckets": 32768, "Min Hash Buckets": 32768, "Max Hash Batches": 1, "Min Hash Batches": 1, "Max Original Hash Batches": 1, "Min Original Hash Batches": 1, "Max Peak Memory Usage": 280, "min Peak Memory Usage": 280, "Plans": [{"Node Type": "Streaming(type: BROADCAST dop: 16/1)", "Parent Relationship": "Outer", "Startup Cost": 1.32, "Total Cost": 19956.2, "Plan Rows": 64000, "Plan Width": 34, "Actual Min Startup Time": 0.024, "Actual Max Startup Time": 0.063, "Actual Min Total Time": 79.469, "Actual Max Total Time": 90.784, "Actual Total Rows": 63696, "Plans": [{"Node Type": "Hash Join", "Parent Relationship": "Outer", "Join Type": "Inner", "Startup Cost": 1.32, "Total Cost": 3574.95, "Plan Rows": 4000, "Plan Width": 34, "Actual Min Startup Time": 0.155, "Actual Max Startup Time": 0.155, "Actual Min Total Time": 48.476, "Actual Max Total Time": 48.476, "Actual Total Rows": 3981, "Inner Unique": true, "Hash Cond": "(supplier.s_nationkey = nation.n_nationkey)", "Plans": [{"Node Type": "Seq Scan", "Parent Relationship": "Outer", "Relation Name": "supplier", "Alias": "supplier", "Startup Cost": 0.0, "Total Cost": 3283.0, "Plan Rows": 100000, "Plan Width": 38, "Actual Min Startup Time": 0.028, "Actual Max Startup Time": 0.028, "Actual Min Total Time": 28.676, "Actual Max Total Time": 28.676, "Actual Total Rows": 100000}, {"Node Type": "Hash", "Parent Relationship": "Inner", "Startup Cost": 1.31, "Total Cost": 1.31, "Plan Rows": 1, "Plan Width": 4, "Actual Min Startup Time": 0.056, "Actual Max Startup Time": 0.056, "Actual Min Total Time": 0.056, "Actual Max Total Time": 0.056, "Actual Total Rows": 1, "Max Hash Buckets": 32768, "Min Hash Buckets": 32768, "Max Hash Batches": 1, "Min Hash Batches": 1, "Max Original Hash Batches": 1, "Min Original Hash Batches": 1, "Max Peak Memory Usage": 1, "min Peak Memory Usage": 1, "Plans": [{"Node Type": "Seq Scan", "Parent Relationship": "Outer", "Relation Name": "nation", "Alias": "nation", "Startup Cost": 0.0, "Total Cost": 1.31, "Plan Rows": 1, "Plan Width": 4, "Actual Min Startup Time": 0.034, "Actual Max Startup Time": 0.034, "Actual Min Total Time": 0.041, "Actual Max Total Time": 0.041, "Actual Total Rows": 1, "Filter": "(n_name = 'EGYPT'::bpchar)", "Rows Removed by Filter": 24}]}]}]}]}]}]}, {"Node Type": "Index Scan", "Parent Relationship": "Inner", "Scan Direction": "Forward", "Index Name": "idx_lineitem_orderkey", "Relation Name": "lineitem", "Alias": "l3", "Startup Cost": 0.0, "Total Cost": 1.63, "Plan Rows": 3, "Plan Width": 16, "Actual Min Startup Time": 9409.766, "Actual Max Startup Time": 9409.766, "Actual Min Total Time": 9409.766, "Actual Max Total Time": 9409.766, "Actual Total Rows": 1375914, "Index Cond": "(l_orderkey = l1.l_orderkey)", "Rows Removed by Index Recheck": 0, "Filter": "((l_receiptdate > l_commitdate) AND (l_suppkey <> l1.l_suppkey))", "Rows Removed by Filter": 1348115}]}, {"Node Type": "Index Scan", "Parent Relationship": "Inner", "Scan Direction": "Forward", "Index Name": "idx_lineitem_orderkey", "Relation Name": "lineitem", "Alias": "l2", "Startup Cost": 0.0, "Total Cost": 1.63, "Plan Rows": 9, "Plan Width": 16, "Actual Min Startup Time": 495.485, "Actual Max Startup Time": 495.485, "Actual Min Total Time": 495.485, "Actual Max Total Time": 495.485, "Actual Total Rows": 80537, "Index Cond": "(l_orderkey = l1.l_orderkey)", "Rows Removed by Index Recheck": 0, "Filter": "(l_suppkey <> l1.l_suppkey)", "Rows Removed by Filter": 85912}]}, {"Node Type": "Index Scan", "Parent Relationship": "Inner", "Scan Direction": "Forward", "Index Name": "orders_pkey", "Relation Name": "orders", "Alias": "orders", "Startup Cost": 0.0, "Total Cost": 0.97, "Plan Rows": 1, "Plan Width": 8, "Actual Min Startup Time": 525.838, "Actual Max Startup Time": 525.838, "Actual Min Total Time": 525.838, "Actual Max Total Time": 525.838, "Actual Total Rows": 39445, "Index Cond": "(o_orderkey = l2.l_orderkey)", "Rows Removed by Index Recheck": 0, "Filter": "(o_orderstatus = 'F'::bpchar)", "Rows Removed by Filter": 41092}]}]}]}]}, "Triggers": [], "Planner Runtime": 13.269, "Total Runtime": 12542.759, "Unique SQL Id": 3870093320}}, "(16, 45)": {"explain_plan": {"Plan": {"Node Type": "Limit", "Startup Cost": 2788927.51, "Total Cost": 2788927.76, "Plan Rows": 100, "Plan Width": 34, "Plans": [{"Node Type": "Sort", "Parent Relationship": "Outer", "Startup Cost": 2788927.51, "Total Cost": 2788950.44, "Plan Rows": 100, "Plan Width": 34, "Sort Key": ["(count(*)) DESC", "supplier.s_name"], "Plans": [{"Node Type": "Aggregate", "Strategy": "Hashed", "Parent Relationship": "Outer", "Startup Cost": 2788485.24, "Total Cost": 2788576.96, "Plan Rows": 9172, "Plan Width": 34, "Group By Key": ["supplier.s_name"], "Plans": [{"Node Type": "Nested Loop", "Parent Relationship": "Outer", "Join Type": "Inner", "Startup Cost": 22070.29, "Total Cost": 2788439.38, "Plan Rows": 9172, "Plan Width": 26, "Inner Unique": true, "Join Filter": "(l1.l_orderkey = orders.o_orderkey)", "Plans": [{"Node Type": "Nested Loop", "Parent Relationship": "Outer", "Join Type": "Semi", "Startup Cost": 22070.29, "Total Cost": 2781339.01, "Plan Rows": 7254, "Plan Width": 42, "Inner Unique": false, "Plans": [{"Node Type": "Nested Loop", "Parent Relationship": "Outer", "Join Type": "Anti", "Startup Cost": 22070.29, "Total Cost": 2779483.45, "Plan Rows": 7635, "Plan Width": 42, "Inner Unique": false, "Plans": [{"Node Type": "Streaming(type: LOCAL GATHER dop: 1/16)", "Parent Relationship": "Outer", "Startup Cost": 22070.29, "Total Cost": 2732296.23, "Plan Rows": 152707, "Plan Width": 42, "Plans": [{"Node Type": "Hash Join", "Parent Relationship": "Outer", "Join Type": "Inner", "Startup Cost": 22070.29, "Total Cost": 2729000.5, "Plan Rows": 152707, "Plan Width": 42, "Inner Unique": false, "Hash Cond": "(l1.l_suppkey = supplier.s_suppkey), (LLVM Optimized)", "Plans": [{"Node Type": "Index Scan", "Parent Relationship": "Outer", "Scan Direction": "Forward", "Index Name": "idx_lineitem_orderkey", "Relation Name": "lineitem", "Alias": "l1", "Startup Cost": 0.0, "Total Cost": 2702148.28, "Plan Rows": 19995678, "Plan Width": 16, "Filter": "(l_receiptdate > l_commitdate), (LLVM Optimized)"}, {"Node Type": "Hash", "Parent Relationship": "Inner", "Startup Cost": 22020.29, "Total Cost": 22020.29, "Plan Rows": 64000, "Plan Width": 34, "Plans": [{"Node Type": "Streaming(type: BROADCAST dop: 16/1)", "Parent Relationship": "Outer", "Startup Cost": 12.7, "Total Cost": 22020.29, "Plan Rows": 64000, "Plan Width": 34, "Plans": [{"Node Type": "Hash Join", "Parent Relationship": "Outer", "Join Type": "Inner", "Startup Cost": 12.7, "Total Cost": 5639.04, "Plan Rows": 4000, "Plan Width": 34, "Inner Unique": true, "Hash Cond": "(supplier.s_nationkey = nation.n_nationkey)", "Plans": [{"Node Type": "Index Scan", "Parent Relationship": "Outer", "Scan Direction": "Forward", "Index Name": "supplier_pkey", "Relation Name": "supplier", "Alias": "supplier", "Startup Cost": 0.0, "Total Cost": 5335.71, "Plan Rows": 100000, "Plan Width": 38}, {"Node Type": "Hash", "Parent Relationship": "Inner", "Startup Cost": 12.69, "Total Cost": 12.69, "Plan Rows": 1, "Plan Width": 4, "Plans": [{"Node Type": "Index Scan", "Parent Relationship": "Outer", "Scan Direction": "Forward", "Index Name": "nation_pkey", "Relation Name": "nation", "Alias": "nation", "Startup Cost": 0.0, "Total Cost": 12.69, "Plan Rows": 1, "Plan Width": 4, "Filter": "(n_name = 'EGYPT'::bpchar)"}]}]}]}]}]}]}, {"Node Type": "Index Scan", "Parent Relationship": "Inner", "Scan Direction": "Forward", "Index Name": "idx_lineitem_orderkey", "Relation Name": "lineitem", "Alias": "l3", "Startup Cost": 0.0, "Total Cost": 1.63, "Plan Rows": 3, "Plan Width": 16, "Index Cond": "(l_orderkey = l1.l_orderkey)", "Filter": "((l_receiptdate > l_commitdate) AND (l_suppkey <> l1.l_suppkey))"}]}, {"Node Type": "Index Scan", "Parent Relationship": "Inner", "Scan Direction": "Forward", "Index Name": "idx_lineitem_orderkey", "Relation Name": "lineitem", "Alias": "l2", "Startup Cost": 0.0, "Total Cost": 1.63, "Plan Rows": 9, "Plan Width": 16, "Index Cond": "(l_orderkey = l1.l_orderkey)", "Filter": "(l_suppkey <> l1.l_suppkey)"}]}, {"Node Type": "Index Scan", "Parent Relationship": "Inner", "Scan Direction": "Forward", "Index Name": "orders_pkey", "Relation Name": "orders", "Alias": "orders", "Startup Cost": 0.0, "Total Cost": 0.97, "Plan Rows": 1, "Plan Width": 8, "Index Cond": "(o_orderkey = l2.l_orderkey)", "Filter": "(o_orderstatus = 'F'::bpchar)"}]}]}]}]}, "Unique SQL Id": 3870093320}, "explain_analyze_plan": {"Plan": {"Node Type": "Limit", "Startup Cost": 2788927.51, "Total Cost": 2788927.76, "Plan Rows": 100, "Plan Width": 34, "Actual Min Startup Time": 12922.857, "Actual Max Startup Time": 12922.857, "Actual Min Total Time": 12922.875, "Actual Max Total Time": 12922.875, "Actual Total Rows": 100, "Plans": [{"Node Type": "Sort", "Parent Relationship": "Outer", "Startup Cost": 2788927.51, "Total Cost": 2788950.44, "Plan Rows": 100, "Plan Width": 34, "Actual Min Startup Time": 12922.854, "Actual Max Startup Time": 12922.854, "Actual Min Total Time": 12922.86, "Actual Max Total Time": 12922.86, "Actual Total Rows": 100, "Sort Key": ["(count(*)) DESC", "supplier.s_name"], "Sort Method": "top-N heapsort", "Sort Space Min Used": 41, "Sort Space Max Used": 41, "Sort Space Type": "Memory", "Plans": [{"Node Type": "Aggregate", "Strategy": "Hashed", "Parent Relationship": "Outer", "Startup Cost": 2788485.24, "Total Cost": 2788576.96, "Plan Rows": 9172, "Plan Width": 34, "Actual Min Startup Time": 12919.417, "Actual Max Startup Time": 12919.417, "Actual Min Total Time": 12920.679, "Actual Max Total Time": 12920.679, "Actual Total Rows": 3981, "Group By Key": ["supplier.s_name"], "Plans": [{"Node Type": "Nested Loop", "Parent Relationship": "Outer", "Join Type": "Inner", "Startup Cost": 22070.29, "Total Cost": 2788439.38, "Plan Rows": 9172, "Plan Width": 26, "Actual Min Startup Time": 666.487, "Actual Max Startup Time": 666.487, "Actual Min Total Time": 12872.21, "Actual Max Total Time": 12872.21, "Actual Total Rows": 39445, "Inner Unique": true, "Join Filter": "(l1.l_orderkey = orders.o_orderkey)", "Rows Removed by Join Filter": 0, "Plans": [{"Node Type": "Nested Loop", "Parent Relationship": "Outer", "Join Type": "Semi", "Startup Cost": 22070.29, "Total Cost": 2781339.01, "Plan Rows": 7254, "Plan Width": 42, "Actual Min Startup Time": 666.46, "Actual Max Startup Time": 666.46, "Actual Min Total Time": 12299.192, "Actual Max Total Time": 12299.192, "Actual Total Rows": 80537, "Inner Unique": false, "Plans": [{"Node Type": "Nested Loop", "Parent Relationship": "Outer", "Join Type": "Anti", "Startup Cost": 22070.29, "Total Cost": 2779483.45, "Plan Rows": 7635, "Plan Width": 42, "Actual Min Startup Time": 666.386, "Actual Max Startup Time": 666.386, "Actual Min Total Time": 11708.158, "Actual Max Total Time": 11708.158, "Actual Total Rows": 135110, "Inner Unique": false, "Plans": [{"Node Type": "Streaming(type: LOCAL GATHER dop: 1/16)", "Parent Relationship": "Outer", "Startup Cost": 22070.29, "Total Cost": 2732296.23, "Plan Rows": 152707, "Plan Width": 42, "Actual Min Startup Time": 666.221, "Actual Max Startup Time": 666.221, "Actual Min Total Time": 1331.623, "Actual Max Total Time": 1331.623, "Actual Total Rows": 1511024, "Plans": [{"Node Type": "Hash Join", "Parent Relationship": "Outer", "Join Type": "Inner", "Startup Cost": 22070.29, "Total Cost": 2729000.5, "Plan Rows": 152707, "Plan Width": 42, "Actual Min Startup Time": 619.322, "Actual Max Startup Time": 626.753, "Actual Min Total Time": 3761.45, "Actual Max Total Time": 4319.253, "Actual Total Rows": 1511024, "Inner Unique": false, "Hash Cond": "(l1.l_suppkey = supplier.s_suppkey), (LLVM Optimized, Jit Execute)", "Plans": [{"Node Type": "Index Scan", "Parent Relationship": "Outer", "Scan Direction": "Forward", "Index Name": "idx_lineitem_orderkey", "Relation Name": "lineitem", "Alias": "l1", "Startup Cost": 0.0, "Total Cost": 2702148.28, "Plan Rows": 19995678, "Plan Width": 16, "Actual Min Startup Time": 513.995, "Actual Max Startup Time": 514.08, "Actual Min Total Time": 3148.309, "Actual Max Total Time": 3722.33, "Actual Total Rows": 37929348, "Filter": "(l_receiptdate > l_commitdate), (LLVM Optimized, Jit Execute)", "Rows Removed by Filter": 22056704}, {"Node Type": "Hash", "Parent Relationship": "Inner", "Startup Cost": 22020.29, "Total Cost": 22020.29, "Plan Rows": 64000, "Plan Width": 34, "Actual Min Startup Time": 105.209, "Actual Max Startup Time": 112.612, "Actual Min Total Time": 105.209, "Actual Max Total Time": 112.612, "Actual Total Rows": 63696, "Max Hash Buckets": 32768, "Min Hash Buckets": 32768, "Max Hash Batches": 1, "Min Hash Batches": 1, "Max Original Hash Batches": 1, "Min Original Hash Batches": 1, "Max Peak Memory Usage": 280, "min Peak Memory Usage": 280, "Plans": [{"Node Type": "Streaming(type: BROADCAST dop: 16/1)", "Parent Relationship": "Outer", "Startup Cost": 12.7, "Total Cost": 22020.29, "Plan Rows": 64000, "Plan Width": 34, "Actual Min Startup Time": 0.024, "Actual Max Startup Time": 0.035, "Actual Min Total Time": 104.15, "Actual Max Total Time": 111.392, "Actual Total Rows": 63696, "Plans": [{"Node Type": "Hash Join", "Parent Relationship": "Outer", "Join Type": "Inner", "Startup Cost": 12.7, "Total Cost": 5639.04, "Plan Rows": 4000, "Plan Width": 34, "Actual Min Startup Time": 0.213, "Actual Max Startup Time": 0.213, "Actual Min Total Time": 77.672, "Actual Max Total Time": 77.672, "Actual Total Rows": 3981, "Inner Unique": true, "Hash Cond": "(supplier.s_nationkey = nation.n_nationkey)", "Plans": [{"Node Type": "Index Scan", "Parent Relationship": "Outer", "Scan Direction": "Forward", "Index Name": "supplier_pkey", "Relation Name": "supplier", "Alias": "supplier", "Startup Cost": 0.0, "Total Cost": 5335.71, "Plan Rows": 100000, "Plan Width": 38, "Actual Min Startup Time": 0.048, "Actual Max Startup Time": 0.048, "Actual Min Total Time": 57.848, "Actual Max Total Time": 57.848, "Actual Total Rows": 100000}, {"Node Type": "Hash", "Parent Relationship": "Inner", "Startup Cost": 12.69, "Total Cost": 12.69, "Plan Rows": 1, "Plan Width": 4, "Actual Min Startup Time": 0.066, "Actual Max Startup Time": 0.066, "Actual Min Total Time": 0.066, "Actual Max Total Time": 0.066, "Actual Total Rows": 1, "Max Hash Buckets": 32768, "Min Hash Buckets": 32768, "Max Hash Batches": 1, "Min Hash Batches": 1, "Max Original Hash Batches": 1, "Min Original Hash Batches": 1, "Max Peak Memory Usage": 1, "min Peak Memory Usage": 1, "Plans": [{"Node Type": "Index Scan", "Parent Relationship": "Outer", "Scan Direction": "Forward", "Index Name": "nation_pkey", "Relation Name": "nation", "Alias": "nation", "Startup Cost": 0.0, "Total Cost": 12.69, "Plan Rows": 1, "Plan Width": 4, "Actual Min Startup Time": 0.038, "Actual Max Startup Time": 0.038, "Actual Min Total Time": 0.054, "Actual Max Total Time": 0.054, "Actual Total Rows": 1, "Filter": "(n_name = 'EGYPT'::bpchar)", "Rows Removed by Filter": 24}]}]}]}]}]}]}, {"Node Type": "Index Scan", "Parent Relationship": "Inner", "Scan Direction": "Forward", "Index Name": "idx_lineitem_orderkey", "Relation Name": "lineitem", "Alias": "l3", "Startup Cost": 0.0, "Total Cost": 1.63, "Plan Rows": 3, "Plan Width": 16, "Actual Min Startup Time": 9355.858, "Actual Max Startup Time": 9355.858, "Actual Min Total Time": 9355.858, "Actual Max Total Time": 9355.858, "Actual Total Rows": 1375914, "Index Cond": "(l_orderkey = l1.l_orderkey)", "Rows Removed by Index Recheck": 0, "Filter": "((l_receiptdate > l_commitdate) AND (l_suppkey <> l1.l_suppkey))", "Rows Removed by Filter": 1348115}]}, {"Node Type": "Index Scan", "Parent Relationship": "Inner", "Scan Direction": "Forward", "Index Name": "idx_lineitem_orderkey", "Relation Name": "lineitem", "Alias": "l2", "Startup Cost": 0.0, "Total Cost": 1.63, "Plan Rows": 9, "Plan Width": 16, "Actual Min Startup Time": 496.109, "Actual Max Startup Time": 496.109, "Actual Min Total Time": 496.109, "Actual Max Total Time": 496.109, "Actual Total Rows": 80537, "Index Cond": "(l_orderkey = l1.l_orderkey)", "Rows Removed by Index Recheck": 0, "Filter": "(l_suppkey <> l1.l_suppkey)", "Rows Removed by Filter": 85912}]}, {"Node Type": "Index Scan", "Parent Relationship": "Inner", "Scan Direction": "Forward", "Index Name": "orders_pkey", "Relation Name": "orders", "Alias": "orders", "Startup Cost": 0.0, "Total Cost": 0.97, "Plan Rows": 1, "Plan Width": 8, "Actual Min Startup Time": 510.002, "Actual Max Startup Time": 510.002, "Actual Min Total Time": 510.002, "Actual Max Total Time": 510.002, "Actual Total Rows": 39445, "Index Cond": "(o_orderkey = l2.l_orderkey)", "Rows Removed by Index Recheck": 0, "Filter": "(o_orderstatus = 'F'::bpchar)", "Rows Removed by Filter": 41092}]}]}]}]}, "Triggers": [], "Planner Runtime": 12.553, "Total Runtime": 12935.306, "Unique SQL Id": 3870093320}}, "(16, 46)": {"explain_plan": {"Plan": {"Node Type": "Limit", "Startup Cost": 747988.54, "Total Cost": 747988.79, "Plan Rows": 100, "Plan Width": 34, "Plans": [{"Node Type": "Sort", "Parent Relationship": "Outer", "Startup Cost": 747988.54, "Total Cost": 747988.79, "Plan Rows": 100, "Plan Width": 34, "Sort Key": ["(count(*)) DESC", "supplier.s_name"], "Plans": [{"Node Type": "Streaming(type: LOCAL GATHER dop: 1/16)", "Parent Relationship": "Outer", "Startup Cost": 747984.4, "Total Cost": 747985.22, "Plan Rows": 100, "Plan Width": 34, "Plans": [{"Node Type": "Limit", "Parent Relationship": "Outer", "Startup Cost": 747984.4, "Total Cost": 747984.65, "Plan Rows": 100, "Plan Width": 34, "Plans": [{"Node Type": "Sort", "Parent Relationship": "Outer", "Startup Cost": 747984.4, "Total Cost": 748007.33, "Plan Rows": 100, "Plan Width": 34, "Sort Key": ["(count(*)) DESC", "supplier.s_name"], "Plans": [{"Node Type": "Aggregate", "Strategy": "Hashed", "Parent Relationship": "Outer", "Startup Cost": 747628.12, "Total Cost": 747633.85, "Plan Rows": 9172, "Plan Width": 34, "Group By Key": ["supplier.s_name"], "Plans": [{"Node Type": "Streaming(type: LOCAL REDISTRIBUTE dop: 16/16)", "Parent Relationship": "Outer", "Startup Cost": 308588.13, "Total Cost": 747625.25, "Plan Rows": 9172, "Plan Width": 26, "Plans": [{"Node Type": "Hash Join", "Parent Relationship": "Outer", "Join Type": "Anti", "Startup Cost": 308588.13, "Total Cost": 747325.37, "Plan Rows": 9172, "Plan Width": 26, "Inner Unique": false, "Hash Cond": "(l1.l_orderkey = l3.l_orderkey)", "Join Filter": "(l3.l_suppkey <> l1.l_suppkey)", "Plans": [{"Node Type": "Streaming(type: LOCAL REDISTRIBUTE dop: 16/16)", "Parent Relationship": "Outer", "Startup Cost": 207535.81, "Total Cost": 645828.7, "Plan Rows": 183444, "Plan Width": 42, "Plans": [{"Node Type": "Hash Join", "Parent Relationship": "Outer", "Join Type": "Inner", "Startup Cost": 207535.81, "Total Cost": 630133.61, "Plan Rows": 183444, "Plan Width": 42, "Inner Unique": true, "Hash Cond": "(l1.l_orderkey = orders.o_orderkey), (LLVM Optimized)", "Plans": [{"Node Type": "Streaming(type: BROADCAST dop: 16/16)", "Parent Relationship": "Outer", "Startup Cost": 190803.73, "Total Cost": 612742.87, "Plan Rows": 2321152, "Plan Width": 50, "Plans": [{"Node Type": "Hash Join", "Parent Relationship": "Outer", "Join Type": "Right Semi", "Startup Cost": 190803.73, "Total Cost": 591849.32, "Plan Rows": 145072, "Plan Width": 50, "Inner Unique": false, "Hash Cond": "(l2.l_orderkey = l1.l_orderkey), (LLVM Optimized)", "Join Filter": "(l2.l_suppkey <> l1.l_suppkey), (LLVM Optimized)", "Plans": [{"Node Type": "Streaming(type: LOCAL REDISTRIBUTE dop: 16/16)", "Parent Relationship": "Outer", "Startup Cost": 0.0, "Total Cost": 383239.33, "Plan Rows": 59987033, "Plan Width": 16, "Plans": [{"Node Type": "Seq Scan", "Parent Relationship": "Outer", "Relation Name": "lineitem", "Alias": "l2", "Startup Cost": 0.0, "Total Cost": 140944.71, "Plan Rows": 59987033, "Plan Width": 16}]}, {"Node Type": "Hash", "Parent Relationship": "Inner", "Startup Cost": 190684.43, "Total Cost": 190684.43, "Plan Rows": 152707, "Plan Width": 42, "Plans": [{"Node Type": "Streaming(type: LOCAL REDISTRIBUTE dop: 16/16)", "Parent Relationship": "Outer", "Startup Cost": 20006.2, "Total Cost": 190684.43, "Plan Rows": 152707, "Plan Width": 42, "Plans": [{"Node Type": "Hash Join", "Parent Relationship": "Outer", "Join Type": "Inner", "Startup Cost": 20006.2, "Total Cost": 175105.81, "Plan Rows": 152707, "Plan Width": 42, "Inner Unique": false, "Hash Cond": "(l1.l_suppkey = supplier.s_suppkey), (LLVM Optimized)", "Plans": [{"Node Type": "Seq Scan", "Parent Relationship": "Outer", "Relation Name": "lineitem", "Alias": "l1", "Startup Cost": 0.0, "Total Cost": 150317.68, "Plan Rows": 19995678, "Plan Width": 16, "Filter": "(l_receiptdate > l_commitdate), (LLVM Optimized)"}, {"Node Type": "Hash", "Parent Relationship": "Inner", "Startup Cost": 19956.2, "Total Cost": 19956.2, "Plan Rows": 64000, "Plan Width": 34, "Plans": [{"Node Type": "Streaming(type: BROADCAST dop: 16/1)", "Parent Relationship": "Outer", "Startup Cost": 1.32, "Total Cost": 19956.2, "Plan Rows": 64000, "Plan Width": 34, "Plans": [{"Node Type": "Hash Join", "Parent Relationship": "Outer", "Join Type": "Inner", "Startup Cost": 1.32, "Total Cost": 3574.95, "Plan Rows": 4000, "Plan Width": 34, "Inner Unique": true, "Hash Cond": "(supplier.s_nationkey = nation.n_nationkey)", "Plans": [{"Node Type": "Seq Scan", "Parent Relationship": "Outer", "Relation Name": "supplier", "Alias": "supplier", "Startup Cost": 0.0, "Total Cost": 3283.0, "Plan Rows": 100000, "Plan Width": 38}, {"Node Type": "Hash", "Parent Relationship": "Inner", "Startup Cost": 1.31, "Total Cost": 1.31, "Plan Rows": 1, "Plan Width": 4, "Plans": [{"Node Type": "Seq Scan", "Parent Relationship": "Outer", "Relation Name": "nation", "Alias": "nation", "Startup Cost": 0.0, "Total Cost": 1.31, "Plan Rows": 1, "Plan Width": 4, "Filter": "(n_name = 'EGYPT'::bpchar)"}]}]}]}]}]}]}]}]}]}, {"Node Type": "Hash", "Parent Relationship": "Inner", "Startup Cost": 43994.53, "Total Cost": 43994.53, "Plan Rows": 7338812, "Plan Width": 8, "Plans": [{"Node Type": "Seq Scan", "Parent Relationship": "Outer", "Relation Name": "orders", "Alias": "orders", "Startup Cost": 0.0, "Total Cost": 43994.53, "Plan Rows": 7338812, "Plan Width": 8, "Filter": "(o_orderstatus = 'F'::bpchar), (LLVM Optimized)"}]}]}]}, {"Node Type": "Hash", "Parent Relationship": "Inner", "Startup Cost": 241082.56, "Total Cost": 241082.56, "Plan Rows": 19995678, "Plan Width": 16, "Plans": [{"Node Type": "Streaming(type: LOCAL REDISTRIBUTE dop: 16/16)", "Parent Relationship": "Outer", "Startup Cost": 0.0, "Total Cost": 241082.56, "Plan Rows": 19995678, "Plan Width": 16, "Plans": [{"Node Type": "Seq Scan", "Parent Relationship": "Outer", "Relation Name": "lineitem", "Alias": "l3", "Startup Cost": 0.0, "Total Cost": 150317.68, "Plan Rows": 19995678, "Plan Width": 16, "Filter": "(l_receiptdate > l_commitdate), (LLVM Optimized)"}]}]}]}]}]}]}]}]}]}]}, "Unique SQL Id": 3870093320}, "explain_analyze_plan": {"Plan": {"Node Type": "Limit", "Startup Cost": 747988.54, "Total Cost": 747988.79, "Plan Rows": 100, "Plan Width": 34, "Actual Min Startup Time": 16410.512, "Actual Max Startup Time": 16410.512, "Actual Min Total Time": 16410.529, "Actual Max Total Time": 16410.529, "Actual Total Rows": 100, "Plans": [{"Node Type": "Sort", "Parent Relationship": "Outer", "Startup Cost": 747988.54, "Total Cost": 747988.79, "Plan Rows": 100, "Plan Width": 34, "Actual Min Startup Time": 16410.509, "Actual Max Startup Time": 16410.509, "Actual Min Total Time": 16410.514, "Actual Max Total Time": 16410.514, "Actual Total Rows": 100, "Sort Key": ["(count(*)) DESC", "supplier.s_name"], "Sort Method": "top-N heapsort", "Sort Space Min Used": 39, "Sort Space Max Used": 39, "Sort Space Type": "Memory", "Plans": [{"Node Type": "Streaming(type: LOCAL GATHER dop: 1/16)", "Parent Relationship": "Outer", "Startup Cost": 747984.4, "Total Cost": 747985.22, "Plan Rows": 100, "Plan Width": 34, "Actual Min Startup Time": 16408.559, "Actual Max Startup Time": 16408.559, "Actual Min Total Time": 16409.348, "Actual Max Total Time": 16409.348, "Actual Total Rows": 1600, "Plans": [{"Node Type": "Limit", "Parent Relationship": "Outer", "Startup Cost": 747984.4, "Total Cost": 747984.65, "Plan Rows": 100, "Plan Width": 34, "Actual Min Startup Time": 16227.99, "Actual Max Startup Time": 16274.744, "Actual Min Total Time": 16228.007, "Actual Max Total Time": 16274.763, "Actual Total Rows": 1600, "Plans": [{"Node Type": "Sort", "Parent Relationship": "Outer", "Startup Cost": 747984.4, "Total Cost": 748007.33, "Plan Rows": 100, "Plan Width": 34, "Actual Min Startup Time": 16227.988, "Actual Max Startup Time": 16274.742, "Actual Min Total Time": 16227.993, "Actual Max Total Time": 16274.755, "Actual Total Rows": 1600, "Sort Key": ["(count(*)) DESC", "supplier.s_name"], "Sort Method": "top-N heapsort", "Sort Space Min Used": 40, "Sort Space Max Used": 40, "Sort Space Type": "Memory", "Plans": [{"Node Type": "Aggregate", "Strategy": "Hashed", "Parent Relationship": "Outer", "Startup Cost": 747628.12, "Total Cost": 747633.85, "Plan Rows": 9172, "Plan Width": 34, "Actual Min Startup Time": 16227.545, "Actual Max Startup Time": 16274.259, "Actual Min Total Time": 16227.597, "Actual Max Total Time": 16274.321, "Actual Total Rows": 3981, "Group By Key": ["supplier.s_name"], "Plans": [{"Node Type": "Streaming(type: LOCAL REDISTRIBUTE dop: 16/16)", "Parent Relationship": "Outer", "Startup Cost": 308588.13, "Total Cost": 747625.25, "Plan Rows": 9172, "Plan Width": 26, "Actual Min Startup Time": 10228.571, "Actual Max Startup Time": 11360.079, "Actual Min Total Time": 16225.834, "Actual Max Total Time": 16272.714, "Actual Total Rows": 39445, "Plans": [{"Node Type": "Hash Join", "Parent Relationship": "Outer", "Join Type": "Anti", "Startup Cost": 308588.13, "Total Cost": 747325.37, "Plan Rows": 9172, "Plan Width": 26, "Actual Min Startup Time": 6983.332, "Actual Max Startup Time": 7054.674, "Actual Min Total Time": 16196.812, "Actual Max Total Time": 16259.256, "Actual Total Rows": 39445, "Inner Unique": false, "Hash Cond": "(l1.l_orderkey = l3.l_orderkey)", "Join Filter": "(l3.l_suppkey <> l1.l_suppkey)", "Rows Removed by Join Filter": 238782, "Plans": [{"Node Type": "Streaming(type: LOCAL REDISTRIBUTE dop: 16/16)", "Parent Relationship": "Outer", "Startup Cost": 207535.81, "Total Cost": 645828.7, "Plan Rows": 183444, "Plan Width": 42, "Actual Min Startup Time": 0.135, "Actual Max Startup Time": 43.029, "Actual Min Total Time": 9168.228, "Actual Max Total Time": 9190.867, "Actual Total Rows": 702947, "Plans": [{"Node Type": "Hash Join", "Parent Relationship": "Outer", "Join Type": "Inner", "Startup Cost": 207535.81, "Total Cost": 630133.61, "Plan Rows": 183444, "Plan Width": 42, "Actual Min Startup Time": 2555.285, "Actual Max Startup Time": 2670.703, "Actual Min Total Time": 11900.486, "Actual Max Total Time": 16155.15, "Actual Total Rows": 702947, "Inner Unique": true, "Hash Cond": "(l1.l_orderkey = orders.o_orderkey), (LLVM Optimized, Jit Execute)", "Plans": [{"Node Type": "Streaming(type: BROADCAST dop: 16/16)", "Parent Relationship": "Outer", "Startup Cost": 190803.73, "Total Cost": 612742.87, "Plan Rows": 2321152, "Plan Width": 50, "Actual Min Startup Time": 1988.914, "Actual Max Startup Time": 2131.436, "Actual Min Total Time": 10689.438, "Actual Max Total Time": 15092.162, "Actual Total Rows": 23303216, "Plans": [{"Node Type": "Hash Join", "Parent Relationship": "Outer", "Join Type": "Right Semi", "Startup Cost": 190803.73, "Total Cost": 591849.32, "Plan Rows": 145072, "Plan Width": 50, "Actual Min Startup Time": 2549.297, "Actual Max Startup Time": 2692.713, "Actual Min Total Time": 10751.753, "Actual Max Total Time": 14944.542, "Actual Total Rows": 1456451, "Inner Unique": false, "Hash Cond": "(l2.l_orderkey = l1.l_orderkey), (LLVM Optimized, Jit Execute)", "Join Filter": "(l2.l_suppkey <> l1.l_suppkey), (LLVM Optimized, Jit Execute)", "Rows Removed by Join Filter": 378638, "Plans": [{"Node Type": "Streaming(type: LOCAL REDISTRIBUTE dop: 16/16)", "Parent Relationship": "Outer", "Startup Cost": 0.0, "Total Cost": 383239.33, "Plan Rows": 59987033, "Plan Width": 16, "Actual Min Startup Time": 0.058, "Actual Max Startup Time": 0.674, "Actual Min Total Time": 7368.742, "Actual Max Total Time": 11544.093, "Actual Total Rows": 59986052, "Plans": [{"Node Type": "Seq Scan", "Parent Relationship": "Outer", "Relation Name": "lineitem", "Alias": "l2", "Startup Cost": 0.0, "Total Cost": 140944.71, "Plan Rows": 59987033, "Plan Width": 16, "Actual Min Startup Time": 0.015, "Actual Max Startup Time": 0.033, "Actual Min Total Time": 1271.44, "Actual Max Total Time": 1327.364, "Actual Total Rows": 59986052}]}, {"Node Type": "Hash", "Parent Relationship": "Inner", "Startup Cost": 190684.43, "Total Cost": 190684.43, "Plan Rows": 152707, "Plan Width": 42, "Actual Min Startup Time": 2549.086, "Actual Max Startup Time": 2692.512, "Actual Min Total Time": 2549.086, "Actual Max Total Time": 2692.512, "Actual Total Rows": 1511024, "Max Hash Buckets": 32768, "Min Hash Buckets": 32768, "Max Hash Batches": 1, "Min Hash Batches": 1, "Max Original Hash Batches": 1, "Min Original Hash Batches": 1, "Max Peak Memory Usage": 7375, "min Peak Memory Usage": 7375, "Plans": [{"Node Type": "Streaming(type: LOCAL REDISTRIBUTE dop: 16/16)", "Parent Relationship": "Outer", "Startup Cost": 20006.2, "Total Cost": 190684.43, "Plan Rows": 152707, "Plan Width": 42, "Actual Min Startup Time": 124.128, "Actual Max Startup Time": 267.623, "Actual Min Total Time": 2519.224, "Actual Max Total Time": 2658.141, "Actual Total Rows": 1511024, "Plans": [{"Node Type": "Hash Join", "Parent Relationship": "Outer", "Join Type": "Inner", "Startup Cost": 20006.2, "Total Cost": 175105.81, "Plan Rows": 152707, "Plan Width": 42, "Actual Min Startup Time": 90.24, "Actual Max Startup Time": 206.607, "Actual Min Total Time": 2322.808, "Actual Max Total Time": 2449.347, "Actual Total Rows": 1511024, "Inner Unique": false, "Hash Cond": "(l1.l_suppkey = supplier.s_suppkey), (LLVM Optimized, Jit Execute)", "Plans": [{"Node Type": "Seq Scan", "Parent Relationship": "Outer", "Relation Name": "lineitem", "Alias": "l1", "Startup Cost": 0.0, "Total Cost": 150317.68, "Plan Rows": 19995678, "Plan Width": 16, "Actual Min Startup Time": 0.025, "Actual Max Startup Time": 0.051, "Actual Min Total Time": 1653.774, "Actual Max Total Time": 1841.41, "Actual Total Rows": 37929348, "Filter": "(l_receiptdate > l_commitdate), (LLVM Optimized, Jit Execute)", "Rows Removed by Filter": 22056704}, {"Node Type": "Hash", "Parent Relationship": "Inner", "Startup Cost": 19956.2, "Total Cost": 19956.2, "Plan Rows": 64000, "Plan Width": 34, "Actual Min Startup Time": 90.15, "Actual Max Startup Time": 206.445, "Actual Min Total Time": 90.15, "Actual Max Total Time": 206.445, "Actual Total Rows": 63696, "Max Hash Buckets": 32768, "Min Hash Buckets": 32768, "Max Hash Batches": 1, "Min Hash Batches": 1, "Max Original Hash Batches": 1, "Min Original Hash Batches": 1, "Max Peak Memory Usage": 280, "min Peak Memory Usage": 280, "Plans": [{"Node Type": "Streaming(type: BROADCAST dop: 16/1)", "Parent Relationship": "Outer", "Startup Cost": 1.32, "Total Cost": 19956.2, "Plan Rows": 64000, "Plan Width": 34, "Actual Min Startup Time": 0.029, "Actual Max Startup Time": 9.77, "Actual Min Total Time": 88.951, "Actual Max Total Time": 204.951, "Actual Total Rows": 63696, "Plans": [{"Node Type": "Hash Join", "Parent Relationship": "Outer", "Join Type": "Inner", "Startup Cost": 1.32, "Total Cost": 3574.95, "Plan Rows": 4000, "Plan Width": 34, "Actual Min Startup Time": 0.128, "Actual Max Startup Time": 0.128, "Actual Min Total Time": 49.23, "Actual Max Total Time": 49.23, "Actual Total Rows": 3981, "Inner Unique": true, "Hash Cond": "(supplier.s_nationkey = nation.n_nationkey)", "Plans": [{"Node Type": "Seq Scan", "Parent Relationship": "Outer", "Relation Name": "supplier", "Alias": "supplier", "Startup Cost": 0.0, "Total Cost": 3283.0, "Plan Rows": 100000, "Plan Width": 38, "Actual Min Startup Time": 0.019, "Actual Max Startup Time": 0.019, "Actual Min Total Time": 29.179, "Actual Max Total Time": 29.179, "Actual Total Rows": 100000}, {"Node Type": "Hash", "Parent Relationship": "Inner", "Startup Cost": 1.31, "Total Cost": 1.31, "Plan Rows": 1, "Plan Width": 4, "Actual Min Startup Time": 0.044, "Actual Max Startup Time": 0.044, "Actual Min Total Time": 0.044, "Actual Max Total Time": 0.044, "Actual Total Rows": 1, "Max Hash Buckets": 32768, "Min Hash Buckets": 32768, "Max Hash Batches": 1, "Min Hash Batches": 1, "Max Original Hash Batches": 1, "Min Original Hash Batches": 1, "Max Peak Memory Usage": 1, "min Peak Memory Usage": 1, "Plans": [{"Node Type": "Seq Scan", "Parent Relationship": "Outer", "Relation Name": "nation", "Alias": "nation", "Startup Cost": 0.0, "Total Cost": 1.31, "Plan Rows": 1, "Plan Width": 4, "Actual Min Startup Time": 0.025, "Actual Max Startup Time": 0.025, "Actual Min Total Time": 0.032, "Actual Max Total Time": 0.032, "Actual Total Rows": 1, "Filter": "(n_name = 'EGYPT'::bpchar)", "Rows Removed by Filter": 24}]}]}]}]}]}]}]}]}]}, {"Node Type": "Hash", "Parent Relationship": "Inner", "Startup Cost": 43994.53, "Total Cost": 43994.53, "Plan Rows": 7338812, "Plan Width": 8, "Actual Min Startup Time": 538.843, "Actual Max Startup Time": 584.562, "Actual Min Total Time": 538.843, "Actual Max Total Time": 584.562, "Actual Total Rows": 7309184, "Max Hash Buckets": 524288, "Min Hash Buckets": 524288, "Max Hash Batches": 1, "Min Hash Batches": 1, "Max Original Hash Batches": 1, "Min Original Hash Batches": 1, "Max Peak Memory Usage": 17868, "min Peak Memory Usage": 17868, "Plans": [{"Node Type": "Seq Scan", "Parent Relationship": "Outer", "Relation Name": "orders", "Alias": "orders", "Startup Cost": 0.0, "Total Cost": 43994.53, "Plan Rows": 7338812, "Plan Width": 8, "Actual Min Startup Time": 0.024, "Actual Max Startup Time": 0.04, "Actual Min Total Time": 391.155, "Actual Max Total Time": 427.794, "Actual Total Rows": 7309184, "Filter": "(o_orderstatus = 'F'::bpchar), (LLVM Optimized, Jit Execute)", "Rows Removed by Filter": 7690816}]}]}]}, {"Node Type": "Hash", "Parent Relationship": "Inner", "Startup Cost": 241082.56, "Total Cost": 241082.56, "Plan Rows": 19995678, "Plan Width": 16, "Actual Min Startup Time": 6968.583, "Actual Max Startup Time": 7030.982, "Actual Min Total Time": 6968.583, "Actual Max Total Time": 7030.982, "Actual Total Rows": 37929348, "Max Hash Buckets": 2097152, "Min Hash Buckets": 2097152, "Max Hash Batches": 1, "Min Hash Batches": 1, "Max Original Hash Batches": 1, "Min Original Hash Batches": 1, "Max Peak Memory Usage": 110961, "min Peak Memory Usage": 110961, "Plans": [{"Node Type": "Streaming(type: LOCAL REDISTRIBUTE dop: 16/16)", "Parent Relationship": "Outer", "Startup Cost": 0.0, "Total Cost": 241082.56, "Plan Rows": 19995678, "Plan Width": 16, "Actual Min Startup Time": 0.064, "Actual Max Startup Time": 60.836, "Actual Min Total Time": 6228.998, "Actual Max Total Time": 6400.75, "Actual Total Rows": 37929348, "Plans": [{"Node Type": "Seq Scan", "Parent Relationship": "Outer", "Relation Name": "lineitem", "Alias": "l3", "Startup Cost": 0.0, "Total Cost": 150317.68, "Plan Rows": 19995678, "Plan Width": 16, "Actual Min Startup Time": 0.027, "Actual Max Startup Time": 0.059, "Actual Min Total Time": 1713.209, "Actual Max Total Time": 1837.634, "Actual Total Rows": 37929348, "Filter": "(l_receiptdate > l_commitdate), (LLVM Optimized, Jit Execute)", "Rows Removed by Filter": 22056704}]}]}]}]}]}]}]}]}]}]}, "Triggers": [], "Planner Runtime": 14.822, "Total Runtime": 16447.818, "Unique SQL Id": 3870093320}}, "(16, 47)": {"explain_plan": {"Plan": {"Node Type": "Limit", "Startup Cost": 6014182839649.49, "Total Cost": 6014182839649.74, "Plan Rows": 100, "Plan Width": 34, "Plans": [{"Node Type": "Sort", "Parent Relationship": "Outer", "Startup Cost": 6014182839649.49, "Total Cost": 6014182839672.42, "Plan Rows": 100, "Plan Width": 34, "Sort Key": ["(count(*)) DESC", "supplier.s_name"], "Plans": [{"Node Type": "Aggregate", "Strategy": "Hashed", "Parent Relationship": "Outer", "Startup Cost": 6014182839207.22, "Total Cost": 6014182839298.94, "Plan Rows": 9172, "Plan Width": 34, "Group By Key": ["supplier.s_name"], "Plans": [{"Node Type": "Nested Loop", "Parent Relationship": "Outer", "Join Type": "Inner", "Startup Cost": 60000000000.0, "Total Cost": 6014182839161.36, "Plan Rows": 9172, "Plan Width": 26, "Inner Unique": false, "Join Filter": "(l1.l_orderkey = orders.o_orderkey)", "Plans": [{"Node Type": "Index Scan", "Parent Relationship": "Outer", "Scan Direction": "Forward", "Index Name": "orders_pkey", "Relation Name": "orders", "Alias": "orders", "Startup Cost": 10000000000.0, "Total Cost": 1000076847713.25, "Plan Rows": 7338812, "Plan Width": 8, "Filter": "(o_orderstatus = 'F'::bpchar), (LLVM Optimized)"}, {"Node Type": "Materialize", "Parent Relationship": "Inner", "Startup Cost": 50000000000.0, "Total Cost": 5013307455332.53, "Plan Rows": 7254, "Plan Width": 42, "Plans": [{"Node Type": "Nested Loop", "Parent Relationship": "Outer", "Join Type": "Semi", "Startup Cost": 50000000000.0, "Total Cost": 5013307455296.26, "Plan Rows": 7254, "Plan Width": 42, "Inner Unique": false, "Join Filter": "((l2.l_suppkey <> l1.l_suppkey) AND (l1.l_orderkey = l2.l_orderkey))", "Plans": [{"Node Type": "Nested Loop", "Parent Relationship": "Outer", "Join Type": "Anti", "Startup Cost": 40000000000.0, "Total Cost": 4011848919915.73, "Plan Rows": 7635, "Plan Width": 42, "Inner Unique": false, "Join Filter": "((l3.l_suppkey <> l1.l_suppkey) AND (l3.l_orderkey = l1.l_orderkey))", "Plans": [{"Node Type": "Nested Loop", "Parent Relationship": "Outer", "Join Type": "Inner", "Startup Cost": 30000000000.0, "Total Cost": 3001539289162.94, "Plan Rows": 152707, "Plan Width": 42, "Inner Unique": false, "Join Filter": "(supplier.s_suppkey = l1.l_suppkey), (LLVM Optimized)", "Plans": [{"Node Type": "Index Scan", "Parent Relationship": "Outer", "Scan Direction": "Forward", "Index Name": "idx_lineitem_orderkey", "Relation Name": "lineitem", "Alias": "l1", "Startup Cost": 10000000000.0, "Total Cost": 1000339012132.75, "Plan Rows": 19995678, "Plan Width": 16, "Filter": "(l_receiptdate > l_commitdate), (LLVM Optimized)"}, {"Node Type": "Materialize", "Parent Relationship": "Inner", "Startup Cost": 20000000000.0, "Total Cost": 2000000536360.19, "Plan Rows": 4000, "Plan Width": 34, "Plans": [{"Node Type": "Nested Loop", "Parent Relationship": "Outer", "Join Type": "Inner", "Startup Cost": 20000000000.0, "Total Cost": 2000000536340.19, "Plan Rows": 4000, "Plan Width": 34, "Inner Unique": true, "Join Filter": "(supplier.s_nationkey = nation.n_nationkey)", "Plans": [{"Node Type": "Index Scan", "Parent Relationship": "Outer", "Scan Direction": "Forward", "Index Name": "supplier_pkey", "Relation Name": "supplier", "Alias": "supplier", "Startup Cost": 10000000000.0, "Total Cost": 1000000533571.43, "Plan Rows": 100000, "Plan Width": 38}, {"Node Type": "Materialize", "Parent Relationship": "Inner", "Startup Cost": 10000000000.0, "Total Cost": 1000000001268.76, "Plan Rows": 1, "Plan Width": 4, "Plans": [{"Node Type": "Index Scan", "Parent Relationship": "Outer", "Scan Direction": "Forward", "Index Name": "nation_pkey", "Relation Name": "nation", "Alias": "nation", "Startup Cost": 10000000000.0, "Total Cost": 1000000001268.75, "Plan Rows": 1, "Plan Width": 4, "Filter": "(n_name = 'EGYPT'::bpchar)"}]}]}]}]}, {"Node Type": "Materialize", "Parent Relationship": "Inner", "Startup Cost": 10000000000.0, "Total Cost": 1000339112111.14, "Plan Rows": 19995678, "Plan Width": 16, "Plans": [{"Node Type": "Index Scan", "Parent Relationship": "Outer", "Scan Direction": "Forward", "Index Name": "idx_lineitem_orderkey", "Relation Name": "lineitem", "Alias": "l3", "Startup Cost": 10000000000.0, "Total Cost": 1000339012132.75, "Plan Rows": 19995678, "Plan Width": 16, "Filter": "(l_receiptdate > l_commitdate), (LLVM Optimized)"}]}]}, {"Node Type": "Materialize", "Parent Relationship": "Inner", "Startup Cost": 10000000000.0, "Total Cost": 1000324315309.67, "Plan Rows": 59987033, "Plan Width": 16, "Plans": [{"Node Type": "Index Scan", "Parent Relationship": "Outer", "Scan Direction": "Forward", "Index Name": "idx_lineitem_orderkey", "Relation Name": "lineitem", "Alias": "l2", "Startup Cost": 10000000000.0, "Total Cost": 1000324015374.5, "Plan Rows": 59987033, "Plan Width": 16}]}]}]}]}]}]}]}, "Unique SQL Id": 3870093320}, "explain_analyze_plan": null}, "(16, 48)": {"explain_plan": {"Plan": {"Node Type": "Limit", "Startup Cost": 5010321.56, "Total Cost": 5010321.81, "Plan Rows": 100, "Plan Width": 34, "Plans": [{"Node Type": "Sort", "Parent Relationship": "Outer", "Startup Cost": 5010321.56, "Total Cost": 5010344.49, "Plan Rows": 100, "Plan Width": 34, "Sort Key": ["(count(*)) DESC", "supplier.s_name"], "Plans": [{"Node Type": "Aggregate", "Strategy": "Hashed", "Parent Relationship": "Outer", "Startup Cost": 5009879.29, "Total Cost": 5009971.01, "Plan Rows": 9172, "Plan Width": 34, "Group By Key": ["supplier.s_name"], "Plans": [{"Node Type": "Nested Loop", "Parent Relationship": "Outer", "Join Type": "Inner", "Startup Cost": 0.0, "Total Cost": 5009833.43, "Plan Rows": 9172, "Plan Width": 26, "Inner Unique": true, "Join Filter": "(l1.l_orderkey = orders.o_orderkey)", "Plans": [{"Node Type": "Nested Loop", "Parent Relationship": "Outer", "Join Type": "Semi", "Startup Cost": 0.0, "Total Cost": 5002733.06, "Plan Rows": 7254, "Plan Width": 42, "Inner Unique": false, "Plans": [{"Node Type": "Nested Loop", "Parent Relationship": "Outer", "Join Type": "Anti", "Startup Cost": 0.0, "Total Cost": 5000877.5, "Plan Rows": 7635, "Plan Width": 42, "Inner Unique": false, "Plans": [{"Node Type": "Streaming(type: LOCAL GATHER dop: 1/16)", "Parent Relationship": "Outer", "Startup Cost": 0.0, "Total Cost": 4953690.28, "Plan Rows": 152707, "Plan Width": 42, "Plans": [{"Node Type": "Nested Loop", "Parent Relationship": "Outer", "Join Type": "Inner", "Startup Cost": 0.0, "Total Cost": 4950394.55, "Plan Rows": 152707, "Plan Width": 42, "Inner Unique": false, "Join Filter": "(supplier.s_suppkey = l1.l_suppkey), (LLVM Optimized)", "Plans": [{"Node Type": "Streaming(type: LOCAL REDISTRIBUTE dop: 16/1)", "Parent Relationship": "Outer", "Startup Cost": 0.0, "Total Cost": 19700.64, "Plan Rows": 4000, "Plan Width": 34, "Plans": [{"Node Type": "Nested Loop", "Parent Relationship": "Outer", "Join Type": "Inner", "Startup Cost": 0.0, "Total Cost": 4534.31, "Plan Rows": 4000, "Plan Width": 34, "Inner Unique": false, "Join Filter": "(supplier.s_nationkey = nation.n_nationkey)", "Plans": [{"Node Type": "Seq Scan", "Parent Relationship": "Outer", "Relation Name": "nation", "Alias": "nation", "Startup Cost": 0.0, "Total Cost": 1.31, "Plan Rows": 1, "Plan Width": 4, "Filter": "(n_name = 'EGYPT'::bpchar)"}, {"Node Type": "Seq Scan", "Parent Relationship": "Inner", "Relation Name": "supplier", "Alias": "supplier", "Startup Cost": 0.0, "Total Cost": 3283.0, "Plan Rows": 100000, "Plan Width": 38}]}]}, {"Node Type": "Materialize", "Parent Relationship": "Inner", "Startup Cost": 0.0, "Total Cost": 247331.21, "Plan Rows": 19995678, "Plan Width": 16, "Plans": [{"Node Type": "Streaming(type: LOCAL REDISTRIBUTE dop: 16/16)", "Parent Relationship": "Outer", "Startup Cost": 0.0, "Total Cost": 241082.56, "Plan Rows": 19995678, "Plan Width": 16, "Plans": [{"Node Type": "Seq Scan", "Parent Relationship": "Outer", "Relation Name": "lineitem", "Alias": "l1", "Startup Cost": 0.0, "Total Cost": 150317.68, "Plan Rows": 19995678, "Plan Width": 16, "Filter": "(l_receiptdate > l_commitdate), (LLVM Optimized)"}]}]}]}]}, {"Node Type": "Index Scan", "Parent Relationship": "Inner", "Scan Direction": "Forward", "Index Name": "idx_lineitem_orderkey", "Relation Name": "lineitem", "Alias": "l3", "Startup Cost": 0.0, "Total Cost": 1.63, "Plan Rows": 3, "Plan Width": 16, "Index Cond": "(l_orderkey = l1.l_orderkey)", "Filter": "((l_receiptdate > l_commitdate) AND (l_suppkey <> l1.l_suppkey))"}]}, {"Node Type": "Index Scan", "Parent Relationship": "Inner", "Scan Direction": "Forward", "Index Name": "idx_lineitem_orderkey", "Relation Name": "lineitem", "Alias": "l2", "Startup Cost": 0.0, "Total Cost": 1.63, "Plan Rows": 9, "Plan Width": 16, "Index Cond": "(l_orderkey = l1.l_orderkey)", "Filter": "(l_suppkey <> l1.l_suppkey)"}]}, {"Node Type": "Index Scan", "Parent Relationship": "Inner", "Scan Direction": "Forward", "Index Name": "orders_pkey", "Relation Name": "orders", "Alias": "orders", "Startup Cost": 0.0, "Total Cost": 0.97, "Plan Rows": 1, "Plan Width": 8, "Index Cond": "(o_orderkey = l2.l_orderkey)", "Filter": "(o_orderstatus = 'F'::bpchar)"}]}]}]}]}, "Unique SQL Id": 3870093320}, "explain_analyze_plan": null}, "(16, 49)": {"explain_plan": {"Plan": {"Node Type": "Limit", "Startup Cost": 7564216.25, "Total Cost": 7564216.5, "Plan Rows": 100, "Plan Width": 34, "Plans": [{"Node Type": "Sort", "Parent Relationship": "Outer", "Startup Cost": 7564216.25, "Total Cost": 7564239.18, "Plan Rows": 100, "Plan Width": 34, "Sort Key": ["(count(*)) DESC", "supplier.s_name"], "Plans": [{"Node Type": "Aggregate", "Strategy": "Hashed", "Parent Relationship": "Outer", "Startup Cost": 7563773.98, "Total Cost": 7563865.7, "Plan Rows": 9172, "Plan Width": 34, "Group By Key": ["supplier.s_name"], "Plans": [{"Node Type": "Nested Loop", "Parent Relationship": "Outer", "Join Type": "Inner", "Startup Cost": 0.0, "Total Cost": 7563728.12, "Plan Rows": 9172, "Plan Width": 26, "Inner Unique": true, "Join Filter": "(l1.l_orderkey = orders.o_orderkey)", "Plans": [{"Node Type": "Nested Loop", "Parent Relationship": "Outer", "Join Type": "Semi", "Startup Cost": 0.0, "Total Cost": 7556627.75, "Plan Rows": 7254, "Plan Width": 42, "Inner Unique": false, "Plans": [{"Node Type": "Nested Loop", "Parent Relationship": "Outer", "Join Type": "Anti", "Startup Cost": 0.0, "Total Cost": 7554772.19, "Plan Rows": 7635, "Plan Width": 42, "Inner Unique": false, "Plans": [{"Node Type": "Streaming(type: LOCAL GATHER dop: 1/16)", "Parent Relationship": "Outer", "Startup Cost": 0.0, "Total Cost": 7507584.97, "Plan Rows": 152707, "Plan Width": 42, "Plans": [{"Node Type": "Nested Loop", "Parent Relationship": "Outer", "Join Type": "Inner", "Startup Cost": 0.0, "Total Cost": 7504289.24, "Plan Rows": 152707, "Plan Width": 42, "Inner Unique": false, "Join Filter": "(supplier.s_suppkey = l1.l_suppkey), (LLVM Optimized)", "Plans": [{"Node Type": "Streaming(type: LOCAL REDISTRIBUTE dop: 16/1)", "Parent Relationship": "Outer", "Startup Cost": 0.0, "Total Cost": 21764.73, "Plan Rows": 4000, "Plan Width": 34, "Plans": [{"Node Type": "Nested Loop", "Parent Relationship": "Outer", "Join Type": "Inner", "Startup Cost": 0.0, "Total Cost": 6598.4, "Plan Rows": 4000, "Plan Width": 34, "Inner Unique": false, "Join Filter": "(supplier.s_nationkey = nation.n_nationkey)", "Plans": [{"Node Type": "Index Scan", "Parent Relationship": "Outer", "Scan Direction": "Forward", "Index Name": "nation_pkey", "Relation Name": "nation", "Alias": "nation", "Startup Cost": 0.0, "Total Cost": 12.69, "Plan Rows": 1, "Plan Width": 4, "Filter": "(n_name = 'EGYPT'::bpchar)"}, {"Node Type": "Index Scan", "Parent Relationship": "Inner", "Scan Direction": "Forward", "Index Name": "supplier_pkey", "Relation Name": "supplier", "Alias": "supplier", "Startup Cost": 0.0, "Total Cost": 5335.71, "Plan Rows": 100000, "Plan Width": 38}]}]}, {"Node Type": "Materialize", "Parent Relationship": "Inner", "Startup Cost": 0.0, "Total Cost": 2799161.81, "Plan Rows": 19995678, "Plan Width": 16, "Plans": [{"Node Type": "Streaming(type: LOCAL REDISTRIBUTE dop: 16/16)", "Parent Relationship": "Outer", "Startup Cost": 0.0, "Total Cost": 2792913.16, "Plan Rows": 19995678, "Plan Width": 16, "Plans": [{"Node Type": "Index Scan", "Parent Relationship": "Outer", "Scan Direction": "Forward", "Index Name": "idx_lineitem_orderkey", "Relation Name": "lineitem", "Alias": "l1", "Startup Cost": 0.0, "Total Cost": 2702148.28, "Plan Rows": 19995678, "Plan Width": 16, "Filter": "(l_receiptdate > l_commitdate), (LLVM Optimized)"}]}]}]}]}, {"Node Type": "Index Scan", "Parent Relationship": "Inner", "Scan Direction": "Forward", "Index Name": "idx_lineitem_orderkey", "Relation Name": "lineitem", "Alias": "l3", "Startup Cost": 0.0, "Total Cost": 1.63, "Plan Rows": 3, "Plan Width": 16, "Index Cond": "(l_orderkey = l1.l_orderkey)", "Filter": "((l_receiptdate > l_commitdate) AND (l_suppkey <> l1.l_suppkey))"}]}, {"Node Type": "Index Scan", "Parent Relationship": "Inner", "Scan Direction": "Forward", "Index Name": "idx_lineitem_orderkey", "Relation Name": "lineitem", "Alias": "l2", "Startup Cost": 0.0, "Total Cost": 1.63, "Plan Rows": 9, "Plan Width": 16, "Index Cond": "(l_orderkey = l1.l_orderkey)", "Filter": "(l_suppkey <> l1.l_suppkey)"}]}, {"Node Type": "Index Scan", "Parent Relationship": "Inner", "Scan Direction": "Forward", "Index Name": "orders_pkey", "Relation Name": "orders", "Alias": "orders", "Startup Cost": 0.0, "Total Cost": 0.97, "Plan Rows": 1, "Plan Width": 8, "Index Cond": "(o_orderkey = l2.l_orderkey)", "Filter": "(o_orderstatus = 'F'::bpchar)"}]}]}]}]}, "Unique SQL Id": 3870093320}, "explain_analyze_plan": null}, "(16, 50)": {"explain_plan": {"Plan": {"Node Type": "Limit", "Startup Cost": 5361630.8, "Total Cost": 5361631.05, "Plan Rows": 100, "Plan Width": 34, "Plans": [{"Node Type": "Sort", "Parent Relationship": "Outer", "Startup Cost": 5361630.8, "Total Cost": 5361653.73, "Plan Rows": 100, "Plan Width": 34, "Sort Key": ["(count(*)) DESC", "supplier.s_name"], "Plans": [{"Node Type": "Aggregate", "Strategy": "Hashed", "Parent Relationship": "Outer", "Startup Cost": 5361188.53, "Total Cost": 5361280.25, "Plan Rows": 9172, "Plan Width": 34, "Group By Key": ["supplier.s_name"], "Plans": [{"Node Type": "Nested Loop", "Parent Relationship": "Outer", "Join Type": "Inner", "Startup Cost": 2.25, "Total Cost": 5361142.67, "Plan Rows": 9172, "Plan Width": 26, "Inner Unique": true, "Join Filter": "(l1.l_orderkey = orders.o_orderkey)", "Plans": [{"Node Type": "Nested Loop", "Parent Relationship": "Outer", "Join Type": "Semi", "Startup Cost": 1.65, "Total Cost": 5327581.91, "Plan Rows": 7254, "Plan Width": 42, "Inner Unique": false, "Plans": [{"Node Type": "Nested Loop", "Parent Relationship": "Outer", "Join Type": "Anti", "Startup Cost": 0.82, "Total Cost": 5312403.36, "Plan Rows": 7635, "Plan Width": 42, "Inner Unique": false, "Plans": [{"Node Type": "Streaming(type: LOCAL GATHER dop: 1/16)", "Parent Relationship": "Outer", "Startup Cost": 0.0, "Total Cost": 4953690.28, "Plan Rows": 152707, "Plan Width": 42, "Plans": [{"Node Type": "Nested Loop", "Parent Relationship": "Outer", "Join Type": "Inner", "Startup Cost": 0.0, "Total Cost": 4950394.55, "Plan Rows": 152707, "Plan Width": 42, "Inner Unique": false, "Join Filter": "(supplier.s_suppkey = l1.l_suppkey), (LLVM Optimized)", "Plans": [{"Node Type": "Streaming(type: LOCAL REDISTRIBUTE dop: 16/1)", "Parent Relationship": "Outer", "Startup Cost": 0.0, "Total Cost": 19700.64, "Plan Rows": 4000, "Plan Width": 34, "Plans": [{"Node Type": "Nested Loop", "Parent Relationship": "Outer", "Join Type": "Inner", "Startup Cost": 0.0, "Total Cost": 4534.31, "Plan Rows": 4000, "Plan Width": 34, "Inner Unique": false, "Join Filter": "(supplier.s_nationkey = nation.n_nationkey)", "Plans": [{"Node Type": "Seq Scan", "Parent Relationship": "Outer", "Relation Name": "nation", "Alias": "nation", "Startup Cost": 0.0, "Total Cost": 1.31, "Plan Rows": 1, "Plan Width": 4, "Filter": "(n_name = 'EGYPT'::bpchar)"}, {"Node Type": "Seq Scan", "Parent Relationship": "Inner", "Relation Name": "supplier", "Alias": "supplier", "Startup Cost": 0.0, "Total Cost": 3283.0, "Plan Rows": 100000, "Plan Width": 38}]}]}, {"Node Type": "Materialize", "Parent Relationship": "Inner", "Startup Cost": 0.0, "Total Cost": 247331.21, "Plan Rows": 19995678, "Plan Width": 16, "Plans": [{"Node Type": "Streaming(type: LOCAL REDISTRIBUTE dop: 16/16)", "Parent Relationship": "Outer", "Startup Cost": 0.0, "Total Cost": 241082.56, "Plan Rows": 19995678, "Plan Width": 16, "Plans": [{"Node Type": "Seq Scan", "Parent Relationship": "Outer", "Relation Name": "lineitem", "Alias": "l1", "Startup Cost": 0.0, "Total Cost": 150317.68, "Plan Rows": 19995678, "Plan Width": 16, "Filter": "(l_receiptdate > l_commitdate), (LLVM Optimized)"}]}]}]}]}, {"Node Type": "Bitmap Heap Scan", "Parent Relationship": "Inner", "Relation Name": "lineitem", "Alias": "l3", "Startup Cost": 0.82, "Total Cost": 8.97, "Plan Rows": 3, "Plan Width": 16, "Recheck Cond": "(l_orderkey = l1.l_orderkey)", "Filter": "((l_receiptdate > l_commitdate) AND (l_suppkey <> l1.l_suppkey))", "Plans": [{"Node Type": "Bitmap Index Scan", "Parent Relationship": "Outer", "Index Name": "idx_lineitem_orderkey", "Startup Cost": 0.0, "Total Cost": 0.82, "Plan Rows": 9, "Plan Width": 0, "Index Cond": "(l_orderkey = l1.l_orderkey)"}]}]}, {"Node Type": "Bitmap Heap Scan", "Parent Relationship": "Inner", "Relation Name": "lineitem", "Alias": "l2", "Startup Cost": 0.82, "Total Cost": 8.95, "Plan Rows": 9, "Plan Width": 16, "Recheck Cond": "(l_orderkey = l1.l_orderkey)", "Filter": "(l_suppkey <> l1.l_suppkey)", "Plans": [{"Node Type": "Bitmap Index Scan", "Parent Relationship": "Outer", "Index Name": "idx_lineitem_orderkey", "Startup Cost": 0.0, "Total Cost": 0.82, "Plan Rows": 9, "Plan Width": 0, "Index Cond": "(l_orderkey = l1.l_orderkey)"}]}]}, {"Node Type": "Bitmap Heap Scan", "Parent Relationship": "Inner", "Relation Name": "orders", "Alias": "orders", "Startup Cost": 0.6, "Total Cost": 4.61, "Plan Rows": 1, "Plan Width": 8, "Recheck Cond": "(o_orderkey = l2.l_orderkey)", "Filter": "(o_orderstatus = 'F'::bpchar)", "Plans": [{"Node Type": "Bitmap Index Scan", "Parent Relationship": "Outer", "Index Name": "orders_pkey", "Startup Cost": 0.0, "Total Cost": 0.6, "Plan Rows": 1, "Plan Width": 0, "Index Cond": "(o_orderkey = l2.l_orderkey)"}]}]}]}]}]}, "Unique SQL Id": 3870093320}, "explain_analyze_plan": null}, "(16, 51)": {"explain_plan": {"Plan": {"Node Type": "Limit", "Startup Cost": 54985304.37, "Total Cost": 54985304.62, "Plan Rows": 100, "Plan Width": 34, "Plans": [{"Node Type": "Sort", "Parent Relationship": "Outer", "Startup Cost": 54985304.37, "Total Cost": 54985327.3, "Plan Rows": 100, "Plan Width": 34, "Sort Key": ["(count(*)) DESC", "supplier.s_name"], "Plans": [{"Node Type": "Aggregate", "Strategy": "Hashed", "Parent Relationship": "Outer", "Startup Cost": 54984862.1, "Total Cost": 54984953.82, "Plan Rows": 9172, "Plan Width": 34, "Group By Key": ["supplier.s_name"], "Plans": [{"Node Type": "Nested Loop", "Parent Relationship": "Outer", "Join Type": "Inner", "Startup Cost": 1230045.5, "Total Cost": 54984816.24, "Plan Rows": 9172, "Plan Width": 26, "Inner Unique": true, "Join Filter": "(l1.l_orderkey = orders.o_orderkey)", "Plans": [{"Node Type": "Nested Loop", "Parent Relationship": "Outer", "Join Type": "Semi", "Startup Cost": 1230044.9, "Total Cost": 54951255.48, "Plan Rows": 7254, "Plan Width": 42, "Inner Unique": false, "Plans": [{"Node Type": "Nested Loop", "Parent Relationship": "Outer", "Join Type": "Inner", "Startup Cost": 1230044.08, "Total Cost": 54936076.93, "Plan Rows": 7635, "Plan Width": 42, "Inner Unique": false, "Join Filter": "(supplier.s_nationkey = nation.n_nationkey)", "Plans": [{"Node Type": "Bitmap Heap Scan", "Parent Relationship": "Outer", "Relation Name": "nation", "Alias": "nation", "Startup Cost": 8.38, "Total Cost": 12.69, "Plan Rows": 1, "Plan Width": 4, "Filter": "(n_name = 'EGYPT'::bpchar)", "Plans": [{"Node Type": "Bitmap Index Scan", "Parent Relationship": "Outer", "Index Name": "nation_pkey", "Startup Cost": 0.0, "Total Cost": 8.38, "Plan Rows": 25, "Plan Width": 0}]}, {"Node Type": "Nested Loop", "Parent Relationship": "Inner", "Join Type": "Inner", "Startup Cost": 1230035.7, "Total Cost": 54933678.19, "Plan Rows": 190884, "Plan Width": 46, "Inner Unique": true, "Plans": [{"Node Type": "Nested Loop", "Parent Relationship": "Outer", "Join Type": "Anti", "Startup Cost": 1230035.16, "Total Cost": 50364947.29, "Plan Rows": 999784, "Plan Width": 16, "Inner Unique": false, "Plans": [{"Node Type": "Bitmap Heap Scan", "Parent Relationship": "Outer", "Relation Name": "lineitem", "Alias": "l1", "Startup Cost": 1230034.33, "Total Cost": 3395117.25, "Plan Rows": 19995678, "Plan Width": 16, "Filter": "(l_receiptdate > l_commitdate), (LLVM Optimized)", "Plans": [{"Node Type": "Bitmap Index Scan", "Parent Relationship": "Outer", "Index Name": "idx_lineitem_orderkey", "Startup Cost": 0.0, "Total Cost": 1225035.42, "Plan Rows": 59987033, "Plan Width": 0}]}, {"Node Type": "Bitmap Heap Scan", "Parent Relationship": "Inner", "Relation Name": "lineitem", "Alias": "l3", "Startup Cost": 0.82, "Total Cost": 8.97, "Plan Rows": 3, "Plan Width": 16, "Recheck Cond": "(l_orderkey = l1.l_orderkey)", "Filter": "((l_receiptdate > l_commitdate) AND (l_suppkey <> l1.l_suppkey))", "Plans": [{"Node Type": "Bitmap Index Scan", "Parent Relationship": "Outer", "Index Name": "idx_lineitem_orderkey", "Startup Cost": 0.0, "Total Cost": 0.82, "Plan Rows": 9, "Plan Width": 0, "Index Cond": "(l_orderkey = l1.l_orderkey)"}]}]}, {"Node Type": "Bitmap Heap Scan", "Parent Relationship": "Inner", "Relation Name": "supplier", "Alias": "supplier", "Startup Cost": 0.55, "Total Cost": 4.56, "Plan Rows": 1, "Plan Width": 38, "Recheck Cond": "(s_suppkey = l1.l_suppkey)", "Plans": [{"Node Type": "Bitmap Index Scan", "Parent Relationship": "Outer", "Index Name": "supplier_pkey", "Startup Cost": 0.0, "Total Cost": 0.55, "Plan Rows": 1, "Plan Width": 0, "Index Cond": "(s_suppkey = l1.l_suppkey)"}]}]}]}, {"Node Type": "Bitmap Heap Scan", "Parent Relationship": "Inner", "Relation Name": "lineitem", "Alias": "l2", "Startup Cost": 0.82, "Total Cost": 8.95, "Plan Rows": 9, "Plan Width": 16, "Recheck Cond": "(l_orderkey = l1.l_orderkey)", "Filter": "(l_suppkey <> l1.l_suppkey)", "Plans": [{"Node Type": "Bitmap Index Scan", "Parent Relationship": "Outer", "Index Name": "idx_lineitem_orderkey", "Startup Cost": 0.0, "Total Cost": 0.82, "Plan Rows": 9, "Plan Width": 0, "Index Cond": "(l_orderkey = l1.l_orderkey)"}]}]}, {"Node Type": "Bitmap Heap Scan", "Parent Relationship": "Inner", "Relation Name": "orders", "Alias": "orders", "Startup Cost": 0.6, "Total Cost": 4.61, "Plan Rows": 1, "Plan Width": 8, "Recheck Cond": "(o_orderkey = l2.l_orderkey)", "Filter": "(o_orderstatus = 'F'::bpchar)", "Plans": [{"Node Type": "Bitmap Index Scan", "Parent Relationship": "Outer", "Index Name": "orders_pkey", "Startup Cost": 0.0, "Total Cost": 0.6, "Plan Rows": 1, "Plan Width": 0, "Index Cond": "(o_orderkey = l2.l_orderkey)"}]}]}]}]}]}, "Unique SQL Id": 3870093320}, "explain_analyze_plan": null}, "(16, 52)": {"explain_plan": {"Plan": {"Node Type": "Limit", "Startup Cost": 5010321.56, "Total Cost": 5010321.81, "Plan Rows": 100, "Plan Width": 34, "Plans": [{"Node Type": "Sort", "Parent Relationship": "Outer", "Startup Cost": 5010321.56, "Total Cost": 5010344.49, "Plan Rows": 100, "Plan Width": 34, "Sort Key": ["(count(*)) DESC", "supplier.s_name"], "Plans": [{"Node Type": "Aggregate", "Strategy": "Hashed", "Parent Relationship": "Outer", "Startup Cost": 5009879.29, "Total Cost": 5009971.01, "Plan Rows": 9172, "Plan Width": 34, "Group By Key": ["supplier.s_name"], "Plans": [{"Node Type": "Nested Loop", "Parent Relationship": "Outer", "Join Type": "Inner", "Startup Cost": 0.0, "Total Cost": 5009833.43, "Plan Rows": 9172, "Plan Width": 26, "Inner Unique": true, "Join Filter": "(l1.l_orderkey = orders.o_orderkey)", "Plans": [{"Node Type": "Nested Loop", "Parent Relationship": "Outer", "Join Type": "Semi", "Startup Cost": 0.0, "Total Cost": 5002733.06, "Plan Rows": 7254, "Plan Width": 42, "Inner Unique": false, "Plans": [{"Node Type": "Nested Loop", "Parent Relationship": "Outer", "Join Type": "Anti", "Startup Cost": 0.0, "Total Cost": 5000877.5, "Plan Rows": 7635, "Plan Width": 42, "Inner Unique": false, "Plans": [{"Node Type": "Streaming(type: LOCAL GATHER dop: 1/16)", "Parent Relationship": "Outer", "Startup Cost": 0.0, "Total Cost": 4953690.28, "Plan Rows": 152707, "Plan Width": 42, "Plans": [{"Node Type": "Nested Loop", "Parent Relationship": "Outer", "Join Type": "Inner", "Startup Cost": 0.0, "Total Cost": 4950394.55, "Plan Rows": 152707, "Plan Width": 42, "Inner Unique": false, "Join Filter": "(supplier.s_suppkey = l1.l_suppkey), (LLVM Optimized)", "Plans": [{"Node Type": "Streaming(type: LOCAL REDISTRIBUTE dop: 16/1)", "Parent Relationship": "Outer", "Startup Cost": 0.0, "Total Cost": 19700.64, "Plan Rows": 4000, "Plan Width": 34, "Plans": [{"Node Type": "Nested Loop", "Parent Relationship": "Outer", "Join Type": "Inner", "Startup Cost": 0.0, "Total Cost": 4534.31, "Plan Rows": 4000, "Plan Width": 34, "Inner Unique": false, "Join Filter": "(supplier.s_nationkey = nation.n_nationkey)", "Plans": [{"Node Type": "Seq Scan", "Parent Relationship": "Outer", "Relation Name": "nation", "Alias": "nation", "Startup Cost": 0.0, "Total Cost": 1.31, "Plan Rows": 1, "Plan Width": 4, "Filter": "(n_name = 'EGYPT'::bpchar)"}, {"Node Type": "Seq Scan", "Parent Relationship": "Inner", "Relation Name": "supplier", "Alias": "supplier", "Startup Cost": 0.0, "Total Cost": 3283.0, "Plan Rows": 100000, "Plan Width": 38}]}]}, {"Node Type": "Materialize", "Parent Relationship": "Inner", "Startup Cost": 0.0, "Total Cost": 247331.21, "Plan Rows": 19995678, "Plan Width": 16, "Plans": [{"Node Type": "Streaming(type: LOCAL REDISTRIBUTE dop: 16/16)", "Parent Relationship": "Outer", "Startup Cost": 0.0, "Total Cost": 241082.56, "Plan Rows": 19995678, "Plan Width": 16, "Plans": [{"Node Type": "Seq Scan", "Parent Relationship": "Outer", "Relation Name": "lineitem", "Alias": "l1", "Startup Cost": 0.0, "Total Cost": 150317.68, "Plan Rows": 19995678, "Plan Width": 16, "Filter": "(l_receiptdate > l_commitdate), (LLVM Optimized)"}]}]}]}]}, {"Node Type": "Index Scan", "Parent Relationship": "Inner", "Scan Direction": "Forward", "Index Name": "idx_lineitem_orderkey", "Relation Name": "lineitem", "Alias": "l3", "Startup Cost": 0.0, "Total Cost": 1.63, "Plan Rows": 3, "Plan Width": 16, "Index Cond": "(l_orderkey = l1.l_orderkey)", "Filter": "((l_receiptdate > l_commitdate) AND (l_suppkey <> l1.l_suppkey))"}]}, {"Node Type": "Index Scan", "Parent Relationship": "Inner", "Scan Direction": "Forward", "Index Name": "idx_lineitem_orderkey", "Relation Name": "lineitem", "Alias": "l2", "Startup Cost": 0.0, "Total Cost": 1.63, "Plan Rows": 9, "Plan Width": 16, "Index Cond": "(l_orderkey = l1.l_orderkey)", "Filter": "(l_suppkey <> l1.l_suppkey)"}]}, {"Node Type": "Index Scan", "Parent Relationship": "Inner", "Scan Direction": "Forward", "Index Name": "orders_pkey", "Relation Name": "orders", "Alias": "orders", "Startup Cost": 0.0, "Total Cost": 0.97, "Plan Rows": 1, "Plan Width": 8, "Index Cond": "(o_orderkey = l2.l_orderkey)", "Filter": "(o_orderstatus = 'F'::bpchar)"}]}]}]}]}, "Unique SQL Id": 3870093320}, "explain_analyze_plan": null}, "(16, 53)": {"explain_plan": {"Plan": {"Node Type": "Limit", "Startup Cost": 7564216.25, "Total Cost": 7564216.5, "Plan Rows": 100, "Plan Width": 34, "Plans": [{"Node Type": "Sort", "Parent Relationship": "Outer", "Startup Cost": 7564216.25, "Total Cost": 7564239.18, "Plan Rows": 100, "Plan Width": 34, "Sort Key": ["(count(*)) DESC", "supplier.s_name"], "Plans": [{"Node Type": "Aggregate", "Strategy": "Hashed", "Parent Relationship": "Outer", "Startup Cost": 7563773.98, "Total Cost": 7563865.7, "Plan Rows": 9172, "Plan Width": 34, "Group By Key": ["supplier.s_name"], "Plans": [{"Node Type": "Nested Loop", "Parent Relationship": "Outer", "Join Type": "Inner", "Startup Cost": 0.0, "Total Cost": 7563728.12, "Plan Rows": 9172, "Plan Width": 26, "Inner Unique": true, "Join Filter": "(l1.l_orderkey = orders.o_orderkey)", "Plans": [{"Node Type": "Nested Loop", "Parent Relationship": "Outer", "Join Type": "Semi", "Startup Cost": 0.0, "Total Cost": 7556627.75, "Plan Rows": 7254, "Plan Width": 42, "Inner Unique": false, "Plans": [{"Node Type": "Nested Loop", "Parent Relationship": "Outer", "Join Type": "Anti", "Startup Cost": 0.0, "Total Cost": 7554772.19, "Plan Rows": 7635, "Plan Width": 42, "Inner Unique": false, "Plans": [{"Node Type": "Streaming(type: LOCAL GATHER dop: 1/16)", "Parent Relationship": "Outer", "Startup Cost": 0.0, "Total Cost": 7507584.97, "Plan Rows": 152707, "Plan Width": 42, "Plans": [{"Node Type": "Nested Loop", "Parent Relationship": "Outer", "Join Type": "Inner", "Startup Cost": 0.0, "Total Cost": 7504289.24, "Plan Rows": 152707, "Plan Width": 42, "Inner Unique": false, "Join Filter": "(supplier.s_suppkey = l1.l_suppkey), (LLVM Optimized)", "Plans": [{"Node Type": "Streaming(type: LOCAL REDISTRIBUTE dop: 16/1)", "Parent Relationship": "Outer", "Startup Cost": 0.0, "Total Cost": 21764.73, "Plan Rows": 4000, "Plan Width": 34, "Plans": [{"Node Type": "Nested Loop", "Parent Relationship": "Outer", "Join Type": "Inner", "Startup Cost": 0.0, "Total Cost": 6598.4, "Plan Rows": 4000, "Plan Width": 34, "Inner Unique": false, "Join Filter": "(supplier.s_nationkey = nation.n_nationkey)", "Plans": [{"Node Type": "Index Scan", "Parent Relationship": "Outer", "Scan Direction": "Forward", "Index Name": "nation_pkey", "Relation Name": "nation", "Alias": "nation", "Startup Cost": 0.0, "Total Cost": 12.69, "Plan Rows": 1, "Plan Width": 4, "Filter": "(n_name = 'EGYPT'::bpchar)"}, {"Node Type": "Index Scan", "Parent Relationship": "Inner", "Scan Direction": "Forward", "Index Name": "supplier_pkey", "Relation Name": "supplier", "Alias": "supplier", "Startup Cost": 0.0, "Total Cost": 5335.71, "Plan Rows": 100000, "Plan Width": 38}]}]}, {"Node Type": "Materialize", "Parent Relationship": "Inner", "Startup Cost": 0.0, "Total Cost": 2799161.81, "Plan Rows": 19995678, "Plan Width": 16, "Plans": [{"Node Type": "Streaming(type: LOCAL REDISTRIBUTE dop: 16/16)", "Parent Relationship": "Outer", "Startup Cost": 0.0, "Total Cost": 2792913.16, "Plan Rows": 19995678, "Plan Width": 16, "Plans": [{"Node Type": "Index Scan", "Parent Relationship": "Outer", "Scan Direction": "Forward", "Index Name": "idx_lineitem_orderkey", "Relation Name": "lineitem", "Alias": "l1", "Startup Cost": 0.0, "Total Cost": 2702148.28, "Plan Rows": 19995678, "Plan Width": 16, "Filter": "(l_receiptdate > l_commitdate), (LLVM Optimized)"}]}]}]}]}, {"Node Type": "Index Scan", "Parent Relationship": "Inner", "Scan Direction": "Forward", "Index Name": "idx_lineitem_orderkey", "Relation Name": "lineitem", "Alias": "l3", "Startup Cost": 0.0, "Total Cost": 1.63, "Plan Rows": 3, "Plan Width": 16, "Index Cond": "(l_orderkey = l1.l_orderkey)", "Filter": "((l_receiptdate > l_commitdate) AND (l_suppkey <> l1.l_suppkey))"}]}, {"Node Type": "Index Scan", "Parent Relationship": "Inner", "Scan Direction": "Forward", "Index Name": "idx_lineitem_orderkey", "Relation Name": "lineitem", "Alias": "l2", "Startup Cost": 0.0, "Total Cost": 1.63, "Plan Rows": 9, "Plan Width": 16, "Index Cond": "(l_orderkey = l1.l_orderkey)", "Filter": "(l_suppkey <> l1.l_suppkey)"}]}, {"Node Type": "Index Scan", "Parent Relationship": "Inner", "Scan Direction": "Forward", "Index Name": "orders_pkey", "Relation Name": "orders", "Alias": "orders", "Startup Cost": 0.0, "Total Cost": 0.97, "Plan Rows": 1, "Plan Width": 8, "Index Cond": "(o_orderkey = l2.l_orderkey)", "Filter": "(o_orderstatus = 'F'::bpchar)"}]}]}]}]}, "Unique SQL Id": 3870093320}, "explain_analyze_plan": null}, "(16, 54)": {"explain_plan": {"Plan": {"Node Type": "Limit", "Startup Cost": 5361630.8, "Total Cost": 5361631.05, "Plan Rows": 100, "Plan Width": 34, "Plans": [{"Node Type": "Sort", "Parent Relationship": "Outer", "Startup Cost": 5361630.8, "Total Cost": 5361653.73, "Plan Rows": 100, "Plan Width": 34, "Sort Key": ["(count(*)) DESC", "supplier.s_name"], "Plans": [{"Node Type": "Aggregate", "Strategy": "Hashed", "Parent Relationship": "Outer", "Startup Cost": 5361188.53, "Total Cost": 5361280.25, "Plan Rows": 9172, "Plan Width": 34, "Group By Key": ["supplier.s_name"], "Plans": [{"Node Type": "Nested Loop", "Parent Relationship": "Outer", "Join Type": "Inner", "Startup Cost": 2.25, "Total Cost": 5361142.67, "Plan Rows": 9172, "Plan Width": 26, "Inner Unique": true, "Join Filter": "(l1.l_orderkey = orders.o_orderkey)", "Plans": [{"Node Type": "Nested Loop", "Parent Relationship": "Outer", "Join Type": "Semi", "Startup Cost": 1.65, "Total Cost": 5327581.91, "Plan Rows": 7254, "Plan Width": 42, "Inner Unique": false, "Plans": [{"Node Type": "Nested Loop", "Parent Relationship": "Outer", "Join Type": "Anti", "Startup Cost": 0.82, "Total Cost": 5312403.36, "Plan Rows": 7635, "Plan Width": 42, "Inner Unique": false, "Plans": [{"Node Type": "Streaming(type: LOCAL GATHER dop: 1/16)", "Parent Relationship": "Outer", "Startup Cost": 0.0, "Total Cost": 4953690.28, "Plan Rows": 152707, "Plan Width": 42, "Plans": [{"Node Type": "Nested Loop", "Parent Relationship": "Outer", "Join Type": "Inner", "Startup Cost": 0.0, "Total Cost": 4950394.55, "Plan Rows": 152707, "Plan Width": 42, "Inner Unique": false, "Join Filter": "(supplier.s_suppkey = l1.l_suppkey), (LLVM Optimized)", "Plans": [{"Node Type": "Streaming(type: LOCAL REDISTRIBUTE dop: 16/1)", "Parent Relationship": "Outer", "Startup Cost": 0.0, "Total Cost": 19700.64, "Plan Rows": 4000, "Plan Width": 34, "Plans": [{"Node Type": "Nested Loop", "Parent Relationship": "Outer", "Join Type": "Inner", "Startup Cost": 0.0, "Total Cost": 4534.31, "Plan Rows": 4000, "Plan Width": 34, "Inner Unique": false, "Join Filter": "(supplier.s_nationkey = nation.n_nationkey)", "Plans": [{"Node Type": "Seq Scan", "Parent Relationship": "Outer", "Relation Name": "nation", "Alias": "nation", "Startup Cost": 0.0, "Total Cost": 1.31, "Plan Rows": 1, "Plan Width": 4, "Filter": "(n_name = 'EGYPT'::bpchar)"}, {"Node Type": "Seq Scan", "Parent Relationship": "Inner", "Relation Name": "supplier", "Alias": "supplier", "Startup Cost": 0.0, "Total Cost": 3283.0, "Plan Rows": 100000, "Plan Width": 38}]}]}, {"Node Type": "Materialize", "Parent Relationship": "Inner", "Startup Cost": 0.0, "Total Cost": 247331.21, "Plan Rows": 19995678, "Plan Width": 16, "Plans": [{"Node Type": "Streaming(type: LOCAL REDISTRIBUTE dop: 16/16)", "Parent Relationship": "Outer", "Startup Cost": 0.0, "Total Cost": 241082.56, "Plan Rows": 19995678, "Plan Width": 16, "Plans": [{"Node Type": "Seq Scan", "Parent Relationship": "Outer", "Relation Name": "lineitem", "Alias": "l1", "Startup Cost": 0.0, "Total Cost": 150317.68, "Plan Rows": 19995678, "Plan Width": 16, "Filter": "(l_receiptdate > l_commitdate), (LLVM Optimized)"}]}]}]}]}, {"Node Type": "Bitmap Heap Scan", "Parent Relationship": "Inner", "Relation Name": "lineitem", "Alias": "l3", "Startup Cost": 0.82, "Total Cost": 8.97, "Plan Rows": 3, "Plan Width": 16, "Recheck Cond": "(l_orderkey = l1.l_orderkey)", "Filter": "((l_receiptdate > l_commitdate) AND (l_suppkey <> l1.l_suppkey))", "Plans": [{"Node Type": "Bitmap Index Scan", "Parent Relationship": "Outer", "Index Name": "idx_lineitem_orderkey", "Startup Cost": 0.0, "Total Cost": 0.82, "Plan Rows": 9, "Plan Width": 0, "Index Cond": "(l_orderkey = l1.l_orderkey)"}]}]}, {"Node Type": "Bitmap Heap Scan", "Parent Relationship": "Inner", "Relation Name": "lineitem", "Alias": "l2", "Startup Cost": 0.82, "Total Cost": 8.95, "Plan Rows": 9, "Plan Width": 16, "Recheck Cond": "(l_orderkey = l1.l_orderkey)", "Filter": "(l_suppkey <> l1.l_suppkey)", "Plans": [{"Node Type": "Bitmap Index Scan", "Parent Relationship": "Outer", "Index Name": "idx_lineitem_orderkey", "Startup Cost": 0.0, "Total Cost": 0.82, "Plan Rows": 9, "Plan Width": 0, "Index Cond": "(l_orderkey = l1.l_orderkey)"}]}]}, {"Node Type": "Bitmap Heap Scan", "Parent Relationship": "Inner", "Relation Name": "orders", "Alias": "orders", "Startup Cost": 0.6, "Total Cost": 4.61, "Plan Rows": 1, "Plan Width": 8, "Recheck Cond": "(o_orderkey = l2.l_orderkey)", "Filter": "(o_orderstatus = 'F'::bpchar)", "Plans": [{"Node Type": "Bitmap Index Scan", "Parent Relationship": "Outer", "Index Name": "orders_pkey", "Startup Cost": 0.0, "Total Cost": 0.6, "Plan Rows": 1, "Plan Width": 0, "Index Cond": "(o_orderkey = l2.l_orderkey)"}]}]}]}]}]}, "Unique SQL Id": 3870093320}, "explain_analyze_plan": null}, "(16, 55)": {"explain_plan": {"Plan": {"Node Type": "Limit", "Startup Cost": 54985304.37, "Total Cost": 54985304.62, "Plan Rows": 100, "Plan Width": 34, "Plans": [{"Node Type": "Sort", "Parent Relationship": "Outer", "Startup Cost": 54985304.37, "Total Cost": 54985327.3, "Plan Rows": 100, "Plan Width": 34, "Sort Key": ["(count(*)) DESC", "supplier.s_name"], "Plans": [{"Node Type": "Aggregate", "Strategy": "Hashed", "Parent Relationship": "Outer", "Startup Cost": 54984862.1, "Total Cost": 54984953.82, "Plan Rows": 9172, "Plan Width": 34, "Group By Key": ["supplier.s_name"], "Plans": [{"Node Type": "Nested Loop", "Parent Relationship": "Outer", "Join Type": "Inner", "Startup Cost": 1230045.5, "Total Cost": 54984816.24, "Plan Rows": 9172, "Plan Width": 26, "Inner Unique": true, "Join Filter": "(l1.l_orderkey = orders.o_orderkey)", "Plans": [{"Node Type": "Nested Loop", "Parent Relationship": "Outer", "Join Type": "Semi", "Startup Cost": 1230044.9, "Total Cost": 54951255.48, "Plan Rows": 7254, "Plan Width": 42, "Inner Unique": false, "Plans": [{"Node Type": "Nested Loop", "Parent Relationship": "Outer", "Join Type": "Inner", "Startup Cost": 1230044.08, "Total Cost": 54936076.93, "Plan Rows": 7635, "Plan Width": 42, "Inner Unique": false, "Join Filter": "(supplier.s_nationkey = nation.n_nationkey)", "Plans": [{"Node Type": "Bitmap Heap Scan", "Parent Relationship": "Outer", "Relation Name": "nation", "Alias": "nation", "Startup Cost": 8.38, "Total Cost": 12.69, "Plan Rows": 1, "Plan Width": 4, "Filter": "(n_name = 'EGYPT'::bpchar)", "Plans": [{"Node Type": "Bitmap Index Scan", "Parent Relationship": "Outer", "Index Name": "nation_pkey", "Startup Cost": 0.0, "Total Cost": 8.38, "Plan Rows": 25, "Plan Width": 0}]}, {"Node Type": "Nested Loop", "Parent Relationship": "Inner", "Join Type": "Inner", "Startup Cost": 1230035.7, "Total Cost": 54933678.19, "Plan Rows": 190884, "Plan Width": 46, "Inner Unique": true, "Plans": [{"Node Type": "Nested Loop", "Parent Relationship": "Outer", "Join Type": "Anti", "Startup Cost": 1230035.16, "Total Cost": 50364947.29, "Plan Rows": 999784, "Plan Width": 16, "Inner Unique": false, "Plans": [{"Node Type": "Bitmap Heap Scan", "Parent Relationship": "Outer", "Relation Name": "lineitem", "Alias": "l1", "Startup Cost": 1230034.33, "Total Cost": 3395117.25, "Plan Rows": 19995678, "Plan Width": 16, "Filter": "(l_receiptdate > l_commitdate), (LLVM Optimized)", "Plans": [{"Node Type": "Bitmap Index Scan", "Parent Relationship": "Outer", "Index Name": "idx_lineitem_orderkey", "Startup Cost": 0.0, "Total Cost": 1225035.42, "Plan Rows": 59987033, "Plan Width": 0}]}, {"Node Type": "Bitmap Heap Scan", "Parent Relationship": "Inner", "Relation Name": "lineitem", "Alias": "l3", "Startup Cost": 0.82, "Total Cost": 8.97, "Plan Rows": 3, "Plan Width": 16, "Recheck Cond": "(l_orderkey = l1.l_orderkey)", "Filter": "((l_receiptdate > l_commitdate) AND (l_suppkey <> l1.l_suppkey))", "Plans": [{"Node Type": "Bitmap Index Scan", "Parent Relationship": "Outer", "Index Name": "idx_lineitem_orderkey", "Startup Cost": 0.0, "Total Cost": 0.82, "Plan Rows": 9, "Plan Width": 0, "Index Cond": "(l_orderkey = l1.l_orderkey)"}]}]}, {"Node Type": "Bitmap Heap Scan", "Parent Relationship": "Inner", "Relation Name": "supplier", "Alias": "supplier", "Startup Cost": 0.55, "Total Cost": 4.56, "Plan Rows": 1, "Plan Width": 38, "Recheck Cond": "(s_suppkey = l1.l_suppkey)", "Plans": [{"Node Type": "Bitmap Index Scan", "Parent Relationship": "Outer", "Index Name": "supplier_pkey", "Startup Cost": 0.0, "Total Cost": 0.55, "Plan Rows": 1, "Plan Width": 0, "Index Cond": "(s_suppkey = l1.l_suppkey)"}]}]}]}, {"Node Type": "Bitmap Heap Scan", "Parent Relationship": "Inner", "Relation Name": "lineitem", "Alias": "l2", "Startup Cost": 0.82, "Total Cost": 8.95, "Plan Rows": 9, "Plan Width": 16, "Recheck Cond": "(l_orderkey = l1.l_orderkey)", "Filter": "(l_suppkey <> l1.l_suppkey)", "Plans": [{"Node Type": "Bitmap Index Scan", "Parent Relationship": "Outer", "Index Name": "idx_lineitem_orderkey", "Startup Cost": 0.0, "Total Cost": 0.82, "Plan Rows": 9, "Plan Width": 0, "Index Cond": "(l_orderkey = l1.l_orderkey)"}]}]}, {"Node Type": "Bitmap Heap Scan", "Parent Relationship": "Inner", "Relation Name": "orders", "Alias": "orders", "Startup Cost": 0.6, "Total Cost": 4.61, "Plan Rows": 1, "Plan Width": 8, "Recheck Cond": "(o_orderkey = l2.l_orderkey)", "Filter": "(o_orderstatus = 'F'::bpchar)", "Plans": [{"Node Type": "Bitmap Index Scan", "Parent Relationship": "Outer", "Index Name": "orders_pkey", "Startup Cost": 0.0, "Total Cost": 0.6, "Plan Rows": 1, "Plan Width": 0, "Index Cond": "(o_orderkey = l2.l_orderkey)"}]}]}]}]}]}, "Unique SQL Id": 3870093320}, "explain_analyze_plan": null}, "(16, 56)": {"explain_plan": {"Plan": {"Node Type": "Limit", "Startup Cost": 5010321.56, "Total Cost": 5010321.81, "Plan Rows": 100, "Plan Width": 34, "Plans": [{"Node Type": "Sort", "Parent Relationship": "Outer", "Startup Cost": 5010321.56, "Total Cost": 5010344.49, "Plan Rows": 100, "Plan Width": 34, "Sort Key": ["(count(*)) DESC", "supplier.s_name"], "Plans": [{"Node Type": "Aggregate", "Strategy": "Hashed", "Parent Relationship": "Outer", "Startup Cost": 5009879.29, "Total Cost": 5009971.01, "Plan Rows": 9172, "Plan Width": 34, "Group By Key": ["supplier.s_name"], "Plans": [{"Node Type": "Nested Loop", "Parent Relationship": "Outer", "Join Type": "Inner", "Startup Cost": 0.0, "Total Cost": 5009833.43, "Plan Rows": 9172, "Plan Width": 26, "Inner Unique": true, "Join Filter": "(l1.l_orderkey = orders.o_orderkey)", "Plans": [{"Node Type": "Nested Loop", "Parent Relationship": "Outer", "Join Type": "Semi", "Startup Cost": 0.0, "Total Cost": 5002733.06, "Plan Rows": 7254, "Plan Width": 42, "Inner Unique": false, "Plans": [{"Node Type": "Nested Loop", "Parent Relationship": "Outer", "Join Type": "Anti", "Startup Cost": 0.0, "Total Cost": 5000877.5, "Plan Rows": 7635, "Plan Width": 42, "Inner Unique": false, "Plans": [{"Node Type": "Streaming(type: LOCAL GATHER dop: 1/16)", "Parent Relationship": "Outer", "Startup Cost": 0.0, "Total Cost": 4953690.28, "Plan Rows": 152707, "Plan Width": 42, "Plans": [{"Node Type": "Nested Loop", "Parent Relationship": "Outer", "Join Type": "Inner", "Startup Cost": 0.0, "Total Cost": 4950394.55, "Plan Rows": 152707, "Plan Width": 42, "Inner Unique": false, "Join Filter": "(supplier.s_suppkey = l1.l_suppkey), (LLVM Optimized)", "Plans": [{"Node Type": "Streaming(type: LOCAL REDISTRIBUTE dop: 16/1)", "Parent Relationship": "Outer", "Startup Cost": 0.0, "Total Cost": 19700.64, "Plan Rows": 4000, "Plan Width": 34, "Plans": [{"Node Type": "Nested Loop", "Parent Relationship": "Outer", "Join Type": "Inner", "Startup Cost": 0.0, "Total Cost": 4534.31, "Plan Rows": 4000, "Plan Width": 34, "Inner Unique": false, "Join Filter": "(supplier.s_nationkey = nation.n_nationkey)", "Plans": [{"Node Type": "Seq Scan", "Parent Relationship": "Outer", "Relation Name": "nation", "Alias": "nation", "Startup Cost": 0.0, "Total Cost": 1.31, "Plan Rows": 1, "Plan Width": 4, "Filter": "(n_name = 'EGYPT'::bpchar)"}, {"Node Type": "Seq Scan", "Parent Relationship": "Inner", "Relation Name": "supplier", "Alias": "supplier", "Startup Cost": 0.0, "Total Cost": 3283.0, "Plan Rows": 100000, "Plan Width": 38}]}]}, {"Node Type": "Materialize", "Parent Relationship": "Inner", "Startup Cost": 0.0, "Total Cost": 247331.21, "Plan Rows": 19995678, "Plan Width": 16, "Plans": [{"Node Type": "Streaming(type: LOCAL REDISTRIBUTE dop: 16/16)", "Parent Relationship": "Outer", "Startup Cost": 0.0, "Total Cost": 241082.56, "Plan Rows": 19995678, "Plan Width": 16, "Plans": [{"Node Type": "Seq Scan", "Parent Relationship": "Outer", "Relation Name": "lineitem", "Alias": "l1", "Startup Cost": 0.0, "Total Cost": 150317.68, "Plan Rows": 19995678, "Plan Width": 16, "Filter": "(l_receiptdate > l_commitdate), (LLVM Optimized)"}]}]}]}]}, {"Node Type": "Index Scan", "Parent Relationship": "Inner", "Scan Direction": "Forward", "Index Name": "idx_lineitem_orderkey", "Relation Name": "lineitem", "Alias": "l3", "Startup Cost": 0.0, "Total Cost": 1.63, "Plan Rows": 3, "Plan Width": 16, "Index Cond": "(l_orderkey = l1.l_orderkey)", "Filter": "((l_receiptdate > l_commitdate) AND (l_suppkey <> l1.l_suppkey))"}]}, {"Node Type": "Index Scan", "Parent Relationship": "Inner", "Scan Direction": "Forward", "Index Name": "idx_lineitem_orderkey", "Relation Name": "lineitem", "Alias": "l2", "Startup Cost": 0.0, "Total Cost": 1.63, "Plan Rows": 9, "Plan Width": 16, "Index Cond": "(l_orderkey = l1.l_orderkey)", "Filter": "(l_suppkey <> l1.l_suppkey)"}]}, {"Node Type": "Index Scan", "Parent Relationship": "Inner", "Scan Direction": "Forward", "Index Name": "orders_pkey", "Relation Name": "orders", "Alias": "orders", "Startup Cost": 0.0, "Total Cost": 0.97, "Plan Rows": 1, "Plan Width": 8, "Index Cond": "(o_orderkey = l2.l_orderkey)", "Filter": "(o_orderstatus = 'F'::bpchar)"}]}]}]}]}, "Unique SQL Id": 3870093320}, "explain_analyze_plan": null}, "(16, 57)": {"explain_plan": {"Plan": {"Node Type": "Limit", "Startup Cost": 7564216.25, "Total Cost": 7564216.5, "Plan Rows": 100, "Plan Width": 34, "Plans": [{"Node Type": "Sort", "Parent Relationship": "Outer", "Startup Cost": 7564216.25, "Total Cost": 7564239.18, "Plan Rows": 100, "Plan Width": 34, "Sort Key": ["(count(*)) DESC", "supplier.s_name"], "Plans": [{"Node Type": "Aggregate", "Strategy": "Hashed", "Parent Relationship": "Outer", "Startup Cost": 7563773.98, "Total Cost": 7563865.7, "Plan Rows": 9172, "Plan Width": 34, "Group By Key": ["supplier.s_name"], "Plans": [{"Node Type": "Nested Loop", "Parent Relationship": "Outer", "Join Type": "Inner", "Startup Cost": 0.0, "Total Cost": 7563728.12, "Plan Rows": 9172, "Plan Width": 26, "Inner Unique": true, "Join Filter": "(l1.l_orderkey = orders.o_orderkey)", "Plans": [{"Node Type": "Nested Loop", "Parent Relationship": "Outer", "Join Type": "Semi", "Startup Cost": 0.0, "Total Cost": 7556627.75, "Plan Rows": 7254, "Plan Width": 42, "Inner Unique": false, "Plans": [{"Node Type": "Nested Loop", "Parent Relationship": "Outer", "Join Type": "Anti", "Startup Cost": 0.0, "Total Cost": 7554772.19, "Plan Rows": 7635, "Plan Width": 42, "Inner Unique": false, "Plans": [{"Node Type": "Streaming(type: LOCAL GATHER dop: 1/16)", "Parent Relationship": "Outer", "Startup Cost": 0.0, "Total Cost": 7507584.97, "Plan Rows": 152707, "Plan Width": 42, "Plans": [{"Node Type": "Nested Loop", "Parent Relationship": "Outer", "Join Type": "Inner", "Startup Cost": 0.0, "Total Cost": 7504289.24, "Plan Rows": 152707, "Plan Width": 42, "Inner Unique": false, "Join Filter": "(supplier.s_suppkey = l1.l_suppkey), (LLVM Optimized)", "Plans": [{"Node Type": "Streaming(type: LOCAL REDISTRIBUTE dop: 16/1)", "Parent Relationship": "Outer", "Startup Cost": 0.0, "Total Cost": 21764.73, "Plan Rows": 4000, "Plan Width": 34, "Plans": [{"Node Type": "Nested Loop", "Parent Relationship": "Outer", "Join Type": "Inner", "Startup Cost": 0.0, "Total Cost": 6598.4, "Plan Rows": 4000, "Plan Width": 34, "Inner Unique": false, "Join Filter": "(supplier.s_nationkey = nation.n_nationkey)", "Plans": [{"Node Type": "Index Scan", "Parent Relationship": "Outer", "Scan Direction": "Forward", "Index Name": "nation_pkey", "Relation Name": "nation", "Alias": "nation", "Startup Cost": 0.0, "Total Cost": 12.69, "Plan Rows": 1, "Plan Width": 4, "Filter": "(n_name = 'EGYPT'::bpchar)"}, {"Node Type": "Index Scan", "Parent Relationship": "Inner", "Scan Direction": "Forward", "Index Name": "supplier_pkey", "Relation Name": "supplier", "Alias": "supplier", "Startup Cost": 0.0, "Total Cost": 5335.71, "Plan Rows": 100000, "Plan Width": 38}]}]}, {"Node Type": "Materialize", "Parent Relationship": "Inner", "Startup Cost": 0.0, "Total Cost": 2799161.81, "Plan Rows": 19995678, "Plan Width": 16, "Plans": [{"Node Type": "Streaming(type: LOCAL REDISTRIBUTE dop: 16/16)", "Parent Relationship": "Outer", "Startup Cost": 0.0, "Total Cost": 2792913.16, "Plan Rows": 19995678, "Plan Width": 16, "Plans": [{"Node Type": "Index Scan", "Parent Relationship": "Outer", "Scan Direction": "Forward", "Index Name": "idx_lineitem_orderkey", "Relation Name": "lineitem", "Alias": "l1", "Startup Cost": 0.0, "Total Cost": 2702148.28, "Plan Rows": 19995678, "Plan Width": 16, "Filter": "(l_receiptdate > l_commitdate), (LLVM Optimized)"}]}]}]}]}, {"Node Type": "Index Scan", "Parent Relationship": "Inner", "Scan Direction": "Forward", "Index Name": "idx_lineitem_orderkey", "Relation Name": "lineitem", "Alias": "l3", "Startup Cost": 0.0, "Total Cost": 1.63, "Plan Rows": 3, "Plan Width": 16, "Index Cond": "(l_orderkey = l1.l_orderkey)", "Filter": "((l_receiptdate > l_commitdate) AND (l_suppkey <> l1.l_suppkey))"}]}, {"Node Type": "Index Scan", "Parent Relationship": "Inner", "Scan Direction": "Forward", "Index Name": "idx_lineitem_orderkey", "Relation Name": "lineitem", "Alias": "l2", "Startup Cost": 0.0, "Total Cost": 1.63, "Plan Rows": 9, "Plan Width": 16, "Index Cond": "(l_orderkey = l1.l_orderkey)", "Filter": "(l_suppkey <> l1.l_suppkey)"}]}, {"Node Type": "Index Scan", "Parent Relationship": "Inner", "Scan Direction": "Forward", "Index Name": "orders_pkey", "Relation Name": "orders", "Alias": "orders", "Startup Cost": 0.0, "Total Cost": 0.97, "Plan Rows": 1, "Plan Width": 8, "Index Cond": "(o_orderkey = l2.l_orderkey)", "Filter": "(o_orderstatus = 'F'::bpchar)"}]}]}]}]}, "Unique SQL Id": 3870093320}, "explain_analyze_plan": null}, "(16, 58)": {"explain_plan": {"Plan": {"Node Type": "Limit", "Startup Cost": 52247241.08, "Total Cost": 52247241.33, "Plan Rows": 100, "Plan Width": 34, "Plans": [{"Node Type": "Sort", "Parent Relationship": "Outer", "Startup Cost": 52247241.08, "Total Cost": 52247241.33, "Plan Rows": 100, "Plan Width": 34, "Sort Key": ["(count(*)) DESC", "supplier.s_name"], "Plans": [{"Node Type": "Streaming(type: LOCAL GATHER dop: 1/16)", "Parent Relationship": "Outer", "Startup Cost": 52247236.93, "Total Cost": 52247237.75, "Plan Rows": 100, "Plan Width": 34, "Plans": [{"Node Type": "Limit", "Parent Relationship": "Outer", "Startup Cost": 52247236.93, "Total Cost": 52247237.18, "Plan Rows": 100, "Plan Width": 34, "Plans": [{"Node Type": "Sort", "Parent Relationship": "Outer", "Startup Cost": 52247236.93, "Total Cost": 52247259.86, "Plan Rows": 100, "Plan Width": 34, "Sort Key": ["(count(*)) DESC", "supplier.s_name"], "Plans": [{"Node Type": "Aggregate", "Strategy": "Hashed", "Parent Relationship": "Outer", "Startup Cost": 52246880.65, "Total Cost": 52246886.38, "Plan Rows": 9172, "Plan Width": 34, "Group By Key": ["supplier.s_name"], "Plans": [{"Node Type": "Streaming(type: LOCAL REDISTRIBUTE dop: 16/16)", "Parent Relationship": "Outer", "Startup Cost": 0.0, "Total Cost": 52246877.78, "Plan Rows": 9172, "Plan Width": 26, "Plans": [{"Node Type": "Nested Loop", "Parent Relationship": "Outer", "Join Type": "Inner", "Startup Cost": 0.0, "Total Cost": 52246577.9, "Plan Rows": 9172, "Plan Width": 26, "Inner Unique": false, "Join Filter": "(l1.l_orderkey = orders.o_orderkey)", "Plans": [{"Node Type": "Streaming(type: LOCAL REDISTRIBUTE dop: 16/16)", "Parent Relationship": "Outer", "Startup Cost": 0.0, "Total Cost": 86801.75, "Plan Rows": 7338812, "Plan Width": 8, "Plans": [{"Node Type": "Seq Scan", "Parent Relationship": "Outer", "Relation Name": "orders", "Alias": "orders", "Startup Cost": 0.0, "Total Cost": 43994.53, "Plan Rows": 7338812, "Plan Width": 8, "Filter": "(o_orderstatus = 'F'::bpchar), (LLVM Optimized)"}]}, {"Node Type": "Materialize", "Parent Relationship": "Inner", "Startup Cost": 0.0, "Total Cost": 49040495.52, "Plan Rows": 7254, "Plan Width": 42, "Plans": [{"Node Type": "Streaming(type: LOCAL REDISTRIBUTE dop: 16/16)", "Parent Relationship": "Outer", "Startup Cost": 0.0, "Total Cost": 49040493.25, "Plan Rows": 7254, "Plan Width": 42, "Plans": [{"Node Type": "Nested Loop", "Parent Relationship": "Outer", "Join Type": "Semi", "Startup Cost": 0.0, "Total Cost": 49025465.76, "Plan Rows": 7254, "Plan Width": 42, "Inner Unique": false, "Join Filter": "((l2.l_suppkey <> l1.l_suppkey) AND (l1.l_orderkey = l2.l_orderkey))", "Plans": [{"Node Type": "Streaming(type: LOCAL REDISTRIBUTE dop: 16/16)", "Parent Relationship": "Outer", "Startup Cost": 0.0, "Total Cost": 44175250.61, "Plan Rows": 7635, "Plan Width": 42, "Plans": [{"Node Type": "Nested Loop", "Parent Relationship": "Outer", "Join Type": "Anti", "Startup Cost": 0.0, "Total Cost": 44160221.68, "Plan Rows": 7635, "Plan Width": 42, "Inner Unique": false, "Join Filter": "((l3.l_suppkey <> l1.l_suppkey) AND (l3.l_orderkey = l1.l_orderkey))", "Plans": [{"Node Type": "Streaming(type: LOCAL REDISTRIBUTE dop: 16/16)", "Parent Relationship": "Outer", "Startup Cost": 0.0, "Total Cost": 4965973.17, "Plan Rows": 152707, "Plan Width": 42, "Plans": [{"Node Type": "Nested Loop", "Parent Relationship": "Outer", "Join Type": "Inner", "Startup Cost": 0.0, "Total Cost": 4950394.55, "Plan Rows": 152707, "Plan Width": 42, "Inner Unique": false, "Join Filter": "(supplier.s_suppkey = l1.l_suppkey), (LLVM Optimized)", "Plans": [{"Node Type": "Streaming(type: LOCAL REDISTRIBUTE dop: 16/1)", "Parent Relationship": "Outer", "Startup Cost": 0.0, "Total Cost": 19700.64, "Plan Rows": 4000, "Plan Width": 34, "Plans": [{"Node Type": "Nested Loop", "Parent Relationship": "Outer", "Join Type": "Inner", "Startup Cost": 0.0, "Total Cost": 4534.31, "Plan Rows": 4000, "Plan Width": 34, "Inner Unique": false, "Join Filter": "(supplier.s_nationkey = nation.n_nationkey)", "Plans": [{"Node Type": "Seq Scan", "Parent Relationship": "Outer", "Relation Name": "nation", "Alias": "nation", "Startup Cost": 0.0, "Total Cost": 1.31, "Plan Rows": 1, "Plan Width": 4, "Filter": "(n_name = 'EGYPT'::bpchar)"}, {"Node Type": "Seq Scan", "Parent Relationship": "Inner", "Relation Name": "supplier", "Alias": "supplier", "Startup Cost": 0.0, "Total Cost": 3283.0, "Plan Rows": 100000, "Plan Width": 38}]}]}, {"Node Type": "Materialize", "Parent Relationship": "Inner", "Startup Cost": 0.0, "Total Cost": 247331.21, "Plan Rows": 19995678, "Plan Width": 16, "Plans": [{"Node Type": "Streaming(type: LOCAL REDISTRIBUTE dop: 16/16)", "Parent Relationship": "Outer", "Startup Cost": 0.0, "Total Cost": 241082.56, "Plan Rows": 19995678, "Plan Width": 16, "Plans": [{"Node Type": "Seq Scan", "Parent Relationship": "Outer", "Relation Name": "lineitem", "Alias": "l1", "Startup Cost": 0.0, "Total Cost": 150317.68, "Plan Rows": 19995678, "Plan Width": 16, "Filter": "(l_receiptdate > l_commitdate), (LLVM Optimized)"}]}]}]}]}, {"Node Type": "Materialize", "Parent Relationship": "Inner", "Startup Cost": 0.0, "Total Cost": 247331.21, "Plan Rows": 19995678, "Plan Width": 16, "Plans": [{"Node Type": "Streaming(type: LOCAL REDISTRIBUTE dop: 16/16)", "Parent Relationship": "Outer", "Startup Cost": 0.0, "Total Cost": 241082.56, "Plan Rows": 19995678, "Plan Width": 16, "Plans": [{"Node Type": "Seq Scan", "Parent Relationship": "Outer", "Relation Name": "lineitem", "Alias": "l3", "Startup Cost": 0.0, "Total Cost": 150317.68, "Plan Rows": 19995678, "Plan Width": 16, "Filter": "(l_receiptdate > l_commitdate), (LLVM Optimized)"}]}]}]}]}, {"Node Type": "Materialize", "Parent Relationship": "Inner", "Startup Cost": 0.0, "Total Cost": 401985.27, "Plan Rows": 59987033, "Plan Width": 16, "Plans": [{"Node Type": "Streaming(type: LOCAL REDISTRIBUTE dop: 16/16)", "Parent Relationship": "Outer", "Startup Cost": 0.0, "Total Cost": 383239.33, "Plan Rows": 59987033, "Plan Width": 16, "Plans": [{"Node Type": "Seq Scan", "Parent Relationship": "Outer", "Relation Name": "lineitem", "Alias": "l2", "Startup Cost": 0.0, "Total Cost": 140944.71, "Plan Rows": 59987033, "Plan Width": 16}]}]}]}]}]}]}]}]}]}]}]}]}]}, "Unique SQL Id": 3870093320}, "explain_analyze_plan": null}, "(16, 59)": {"explain_plan": {"Plan": {"Node Type": "Limit", "Startup Cost": 6014182839649.49, "Total Cost": 6014182839649.74, "Plan Rows": 100, "Plan Width": 34, "Plans": [{"Node Type": "Sort", "Parent Relationship": "Outer", "Startup Cost": 6014182839649.49, "Total Cost": 6014182839672.42, "Plan Rows": 100, "Plan Width": 34, "Sort Key": ["(count(*)) DESC", "supplier.s_name"], "Plans": [{"Node Type": "Aggregate", "Strategy": "Hashed", "Parent Relationship": "Outer", "Startup Cost": 6014182839207.22, "Total Cost": 6014182839298.94, "Plan Rows": 9172, "Plan Width": 34, "Group By Key": ["supplier.s_name"], "Plans": [{"Node Type": "Nested Loop", "Parent Relationship": "Outer", "Join Type": "Inner", "Startup Cost": 60000000000.0, "Total Cost": 6014182839161.36, "Plan Rows": 9172, "Plan Width": 26, "Inner Unique": false, "Join Filter": "(l1.l_orderkey = orders.o_orderkey)", "Plans": [{"Node Type": "Index Scan", "Parent Relationship": "Outer", "Scan Direction": "Forward", "Index Name": "orders_pkey", "Relation Name": "orders", "Alias": "orders", "Startup Cost": 10000000000.0, "Total Cost": 1000076847713.25, "Plan Rows": 7338812, "Plan Width": 8, "Filter": "(o_orderstatus = 'F'::bpchar), (LLVM Optimized)"}, {"Node Type": "Materialize", "Parent Relationship": "Inner", "Startup Cost": 50000000000.0, "Total Cost": 5013307455332.53, "Plan Rows": 7254, "Plan Width": 42, "Plans": [{"Node Type": "Nested Loop", "Parent Relationship": "Outer", "Join Type": "Semi", "Startup Cost": 50000000000.0, "Total Cost": 5013307455296.26, "Plan Rows": 7254, "Plan Width": 42, "Inner Unique": false, "Join Filter": "((l2.l_suppkey <> l1.l_suppkey) AND (l1.l_orderkey = l2.l_orderkey))", "Plans": [{"Node Type": "Nested Loop", "Parent Relationship": "Outer", "Join Type": "Anti", "Startup Cost": 40000000000.0, "Total Cost": 4011848919915.73, "Plan Rows": 7635, "Plan Width": 42, "Inner Unique": false, "Join Filter": "((l3.l_suppkey <> l1.l_suppkey) AND (l3.l_orderkey = l1.l_orderkey))", "Plans": [{"Node Type": "Nested Loop", "Parent Relationship": "Outer", "Join Type": "Inner", "Startup Cost": 30000000000.0, "Total Cost": 3001539289162.94, "Plan Rows": 152707, "Plan Width": 42, "Inner Unique": false, "Join Filter": "(supplier.s_suppkey = l1.l_suppkey), (LLVM Optimized)", "Plans": [{"Node Type": "Index Scan", "Parent Relationship": "Outer", "Scan Direction": "Forward", "Index Name": "idx_lineitem_orderkey", "Relation Name": "lineitem", "Alias": "l1", "Startup Cost": 10000000000.0, "Total Cost": 1000339012132.75, "Plan Rows": 19995678, "Plan Width": 16, "Filter": "(l_receiptdate > l_commitdate), (LLVM Optimized)"}, {"Node Type": "Materialize", "Parent Relationship": "Inner", "Startup Cost": 20000000000.0, "Total Cost": 2000000536360.19, "Plan Rows": 4000, "Plan Width": 34, "Plans": [{"Node Type": "Nested Loop", "Parent Relationship": "Outer", "Join Type": "Inner", "Startup Cost": 20000000000.0, "Total Cost": 2000000536340.19, "Plan Rows": 4000, "Plan Width": 34, "Inner Unique": true, "Join Filter": "(supplier.s_nationkey = nation.n_nationkey)", "Plans": [{"Node Type": "Index Scan", "Parent Relationship": "Outer", "Scan Direction": "Forward", "Index Name": "supplier_pkey", "Relation Name": "supplier", "Alias": "supplier", "Startup Cost": 10000000000.0, "Total Cost": 1000000533571.43, "Plan Rows": 100000, "Plan Width": 38}, {"Node Type": "Materialize", "Parent Relationship": "Inner", "Startup Cost": 10000000000.0, "Total Cost": 1000000001268.76, "Plan Rows": 1, "Plan Width": 4, "Plans": [{"Node Type": "Index Scan", "Parent Relationship": "Outer", "Scan Direction": "Forward", "Index Name": "nation_pkey", "Relation Name": "nation", "Alias": "nation", "Startup Cost": 10000000000.0, "Total Cost": 1000000001268.75, "Plan Rows": 1, "Plan Width": 4, "Filter": "(n_name = 'EGYPT'::bpchar)"}]}]}]}]}, {"Node Type": "Materialize", "Parent Relationship": "Inner", "Startup Cost": 10000000000.0, "Total Cost": 1000339112111.14, "Plan Rows": 19995678, "Plan Width": 16, "Plans": [{"Node Type": "Index Scan", "Parent Relationship": "Outer", "Scan Direction": "Forward", "Index Name": "idx_lineitem_orderkey", "Relation Name": "lineitem", "Alias": "l3", "Startup Cost": 10000000000.0, "Total Cost": 1000339012132.75, "Plan Rows": 19995678, "Plan Width": 16, "Filter": "(l_receiptdate > l_commitdate), (LLVM Optimized)"}]}]}, {"Node Type": "Materialize", "Parent Relationship": "Inner", "Startup Cost": 10000000000.0, "Total Cost": 1000324315309.67, "Plan Rows": 59987033, "Plan Width": 16, "Plans": [{"Node Type": "Index Scan", "Parent Relationship": "Outer", "Scan Direction": "Forward", "Index Name": "idx_lineitem_orderkey", "Relation Name": "lineitem", "Alias": "l2", "Startup Cost": 10000000000.0, "Total Cost": 1000324015374.5, "Plan Rows": 59987033, "Plan Width": 16}]}]}]}]}]}]}]}, "Unique SQL Id": 3870093320}, "explain_analyze_plan": null}, "(16, 60)": {"explain_plan": {"Plan": {"Node Type": "Limit", "Startup Cost": 5010321.56, "Total Cost": 5010321.81, "Plan Rows": 100, "Plan Width": 34, "Plans": [{"Node Type": "Sort", "Parent Relationship": "Outer", "Startup Cost": 5010321.56, "Total Cost": 5010344.49, "Plan Rows": 100, "Plan Width": 34, "Sort Key": ["(count(*)) DESC", "supplier.s_name"], "Plans": [{"Node Type": "Aggregate", "Strategy": "Hashed", "Parent Relationship": "Outer", "Startup Cost": 5009879.29, "Total Cost": 5009971.01, "Plan Rows": 9172, "Plan Width": 34, "Group By Key": ["supplier.s_name"], "Plans": [{"Node Type": "Nested Loop", "Parent Relationship": "Outer", "Join Type": "Inner", "Startup Cost": 0.0, "Total Cost": 5009833.43, "Plan Rows": 9172, "Plan Width": 26, "Inner Unique": true, "Join Filter": "(l1.l_orderkey = orders.o_orderkey)", "Plans": [{"Node Type": "Nested Loop", "Parent Relationship": "Outer", "Join Type": "Semi", "Startup Cost": 0.0, "Total Cost": 5002733.06, "Plan Rows": 7254, "Plan Width": 42, "Inner Unique": false, "Plans": [{"Node Type": "Nested Loop", "Parent Relationship": "Outer", "Join Type": "Anti", "Startup Cost": 0.0, "Total Cost": 5000877.5, "Plan Rows": 7635, "Plan Width": 42, "Inner Unique": false, "Plans": [{"Node Type": "Streaming(type: LOCAL GATHER dop: 1/16)", "Parent Relationship": "Outer", "Startup Cost": 0.0, "Total Cost": 4953690.28, "Plan Rows": 152707, "Plan Width": 42, "Plans": [{"Node Type": "Nested Loop", "Parent Relationship": "Outer", "Join Type": "Inner", "Startup Cost": 0.0, "Total Cost": 4950394.55, "Plan Rows": 152707, "Plan Width": 42, "Inner Unique": false, "Join Filter": "(supplier.s_suppkey = l1.l_suppkey), (LLVM Optimized)", "Plans": [{"Node Type": "Streaming(type: LOCAL REDISTRIBUTE dop: 16/1)", "Parent Relationship": "Outer", "Startup Cost": 0.0, "Total Cost": 19700.64, "Plan Rows": 4000, "Plan Width": 34, "Plans": [{"Node Type": "Nested Loop", "Parent Relationship": "Outer", "Join Type": "Inner", "Startup Cost": 0.0, "Total Cost": 4534.31, "Plan Rows": 4000, "Plan Width": 34, "Inner Unique": false, "Join Filter": "(supplier.s_nationkey = nation.n_nationkey)", "Plans": [{"Node Type": "Seq Scan", "Parent Relationship": "Outer", "Relation Name": "nation", "Alias": "nation", "Startup Cost": 0.0, "Total Cost": 1.31, "Plan Rows": 1, "Plan Width": 4, "Filter": "(n_name = 'EGYPT'::bpchar)"}, {"Node Type": "Seq Scan", "Parent Relationship": "Inner", "Relation Name": "supplier", "Alias": "supplier", "Startup Cost": 0.0, "Total Cost": 3283.0, "Plan Rows": 100000, "Plan Width": 38}]}]}, {"Node Type": "Materialize", "Parent Relationship": "Inner", "Startup Cost": 0.0, "Total Cost": 247331.21, "Plan Rows": 19995678, "Plan Width": 16, "Plans": [{"Node Type": "Streaming(type: LOCAL REDISTRIBUTE dop: 16/16)", "Parent Relationship": "Outer", "Startup Cost": 0.0, "Total Cost": 241082.56, "Plan Rows": 19995678, "Plan Width": 16, "Plans": [{"Node Type": "Seq Scan", "Parent Relationship": "Outer", "Relation Name": "lineitem", "Alias": "l1", "Startup Cost": 0.0, "Total Cost": 150317.68, "Plan Rows": 19995678, "Plan Width": 16, "Filter": "(l_receiptdate > l_commitdate), (LLVM Optimized)"}]}]}]}]}, {"Node Type": "Index Scan", "Parent Relationship": "Inner", "Scan Direction": "Forward", "Index Name": "idx_lineitem_orderkey", "Relation Name": "lineitem", "Alias": "l3", "Startup Cost": 0.0, "Total Cost": 1.63, "Plan Rows": 3, "Plan Width": 16, "Index Cond": "(l_orderkey = l1.l_orderkey)", "Filter": "((l_receiptdate > l_commitdate) AND (l_suppkey <> l1.l_suppkey))"}]}, {"Node Type": "Index Scan", "Parent Relationship": "Inner", "Scan Direction": "Forward", "Index Name": "idx_lineitem_orderkey", "Relation Name": "lineitem", "Alias": "l2", "Startup Cost": 0.0, "Total Cost": 1.63, "Plan Rows": 9, "Plan Width": 16, "Index Cond": "(l_orderkey = l1.l_orderkey)", "Filter": "(l_suppkey <> l1.l_suppkey)"}]}, {"Node Type": "Index Scan", "Parent Relationship": "Inner", "Scan Direction": "Forward", "Index Name": "orders_pkey", "Relation Name": "orders", "Alias": "orders", "Startup Cost": 0.0, "Total Cost": 0.97, "Plan Rows": 1, "Plan Width": 8, "Index Cond": "(o_orderkey = l2.l_orderkey)", "Filter": "(o_orderstatus = 'F'::bpchar)"}]}]}]}]}, "Unique SQL Id": 3870093320}, "explain_analyze_plan": null}, "(16, 61)": {"explain_plan": {"Plan": {"Node Type": "Limit", "Startup Cost": 7564216.25, "Total Cost": 7564216.5, "Plan Rows": 100, "Plan Width": 34, "Plans": [{"Node Type": "Sort", "Parent Relationship": "Outer", "Startup Cost": 7564216.25, "Total Cost": 7564239.18, "Plan Rows": 100, "Plan Width": 34, "Sort Key": ["(count(*)) DESC", "supplier.s_name"], "Plans": [{"Node Type": "Aggregate", "Strategy": "Hashed", "Parent Relationship": "Outer", "Startup Cost": 7563773.98, "Total Cost": 7563865.7, "Plan Rows": 9172, "Plan Width": 34, "Group By Key": ["supplier.s_name"], "Plans": [{"Node Type": "Nested Loop", "Parent Relationship": "Outer", "Join Type": "Inner", "Startup Cost": 0.0, "Total Cost": 7563728.12, "Plan Rows": 9172, "Plan Width": 26, "Inner Unique": true, "Join Filter": "(l1.l_orderkey = orders.o_orderkey)", "Plans": [{"Node Type": "Nested Loop", "Parent Relationship": "Outer", "Join Type": "Semi", "Startup Cost": 0.0, "Total Cost": 7556627.75, "Plan Rows": 7254, "Plan Width": 42, "Inner Unique": false, "Plans": [{"Node Type": "Nested Loop", "Parent Relationship": "Outer", "Join Type": "Anti", "Startup Cost": 0.0, "Total Cost": 7554772.19, "Plan Rows": 7635, "Plan Width": 42, "Inner Unique": false, "Plans": [{"Node Type": "Streaming(type: LOCAL GATHER dop: 1/16)", "Parent Relationship": "Outer", "Startup Cost": 0.0, "Total Cost": 7507584.97, "Plan Rows": 152707, "Plan Width": 42, "Plans": [{"Node Type": "Nested Loop", "Parent Relationship": "Outer", "Join Type": "Inner", "Startup Cost": 0.0, "Total Cost": 7504289.24, "Plan Rows": 152707, "Plan Width": 42, "Inner Unique": false, "Join Filter": "(supplier.s_suppkey = l1.l_suppkey), (LLVM Optimized)", "Plans": [{"Node Type": "Streaming(type: LOCAL REDISTRIBUTE dop: 16/1)", "Parent Relationship": "Outer", "Startup Cost": 0.0, "Total Cost": 21764.73, "Plan Rows": 4000, "Plan Width": 34, "Plans": [{"Node Type": "Nested Loop", "Parent Relationship": "Outer", "Join Type": "Inner", "Startup Cost": 0.0, "Total Cost": 6598.4, "Plan Rows": 4000, "Plan Width": 34, "Inner Unique": false, "Join Filter": "(supplier.s_nationkey = nation.n_nationkey)", "Plans": [{"Node Type": "Index Scan", "Parent Relationship": "Outer", "Scan Direction": "Forward", "Index Name": "nation_pkey", "Relation Name": "nation", "Alias": "nation", "Startup Cost": 0.0, "Total Cost": 12.69, "Plan Rows": 1, "Plan Width": 4, "Filter": "(n_name = 'EGYPT'::bpchar)"}, {"Node Type": "Index Scan", "Parent Relationship": "Inner", "Scan Direction": "Forward", "Index Name": "supplier_pkey", "Relation Name": "supplier", "Alias": "supplier", "Startup Cost": 0.0, "Total Cost": 5335.71, "Plan Rows": 100000, "Plan Width": 38}]}]}, {"Node Type": "Materialize", "Parent Relationship": "Inner", "Startup Cost": 0.0, "Total Cost": 2799161.81, "Plan Rows": 19995678, "Plan Width": 16, "Plans": [{"Node Type": "Streaming(type: LOCAL REDISTRIBUTE dop: 16/16)", "Parent Relationship": "Outer", "Startup Cost": 0.0, "Total Cost": 2792913.16, "Plan Rows": 19995678, "Plan Width": 16, "Plans": [{"Node Type": "Index Scan", "Parent Relationship": "Outer", "Scan Direction": "Forward", "Index Name": "idx_lineitem_orderkey", "Relation Name": "lineitem", "Alias": "l1", "Startup Cost": 0.0, "Total Cost": 2702148.28, "Plan Rows": 19995678, "Plan Width": 16, "Filter": "(l_receiptdate > l_commitdate), (LLVM Optimized)"}]}]}]}]}, {"Node Type": "Index Scan", "Parent Relationship": "Inner", "Scan Direction": "Forward", "Index Name": "idx_lineitem_orderkey", "Relation Name": "lineitem", "Alias": "l3", "Startup Cost": 0.0, "Total Cost": 1.63, "Plan Rows": 3, "Plan Width": 16, "Index Cond": "(l_orderkey = l1.l_orderkey)", "Filter": "((l_receiptdate > l_commitdate) AND (l_suppkey <> l1.l_suppkey))"}]}, {"Node Type": "Index Scan", "Parent Relationship": "Inner", "Scan Direction": "Forward", "Index Name": "idx_lineitem_orderkey", "Relation Name": "lineitem", "Alias": "l2", "Startup Cost": 0.0, "Total Cost": 1.63, "Plan Rows": 9, "Plan Width": 16, "Index Cond": "(l_orderkey = l1.l_orderkey)", "Filter": "(l_suppkey <> l1.l_suppkey)"}]}, {"Node Type": "Index Scan", "Parent Relationship": "Inner", "Scan Direction": "Forward", "Index Name": "orders_pkey", "Relation Name": "orders", "Alias": "orders", "Startup Cost": 0.0, "Total Cost": 0.97, "Plan Rows": 1, "Plan Width": 8, "Index Cond": "(o_orderkey = l2.l_orderkey)", "Filter": "(o_orderstatus = 'F'::bpchar)"}]}]}]}]}, "Unique SQL Id": 3870093320}, "explain_analyze_plan": null}, "(16, 62)": {"explain_plan": {"Plan": {"Node Type": "Limit", "Startup Cost": 52247241.08, "Total Cost": 52247241.33, "Plan Rows": 100, "Plan Width": 34, "Plans": [{"Node Type": "Sort", "Parent Relationship": "Outer", "Startup Cost": 52247241.08, "Total Cost": 52247241.33, "Plan Rows": 100, "Plan Width": 34, "Sort Key": ["(count(*)) DESC", "supplier.s_name"], "Plans": [{"Node Type": "Streaming(type: LOCAL GATHER dop: 1/16)", "Parent Relationship": "Outer", "Startup Cost": 52247236.93, "Total Cost": 52247237.75, "Plan Rows": 100, "Plan Width": 34, "Plans": [{"Node Type": "Limit", "Parent Relationship": "Outer", "Startup Cost": 52247236.93, "Total Cost": 52247237.18, "Plan Rows": 100, "Plan Width": 34, "Plans": [{"Node Type": "Sort", "Parent Relationship": "Outer", "Startup Cost": 52247236.93, "Total Cost": 52247259.86, "Plan Rows": 100, "Plan Width": 34, "Sort Key": ["(count(*)) DESC", "supplier.s_name"], "Plans": [{"Node Type": "Aggregate", "Strategy": "Hashed", "Parent Relationship": "Outer", "Startup Cost": 52246880.65, "Total Cost": 52246886.38, "Plan Rows": 9172, "Plan Width": 34, "Group By Key": ["supplier.s_name"], "Plans": [{"Node Type": "Streaming(type: LOCAL REDISTRIBUTE dop: 16/16)", "Parent Relationship": "Outer", "Startup Cost": 0.0, "Total Cost": 52246877.78, "Plan Rows": 9172, "Plan Width": 26, "Plans": [{"Node Type": "Nested Loop", "Parent Relationship": "Outer", "Join Type": "Inner", "Startup Cost": 0.0, "Total Cost": 52246577.9, "Plan Rows": 9172, "Plan Width": 26, "Inner Unique": false, "Join Filter": "(l1.l_orderkey = orders.o_orderkey)", "Plans": [{"Node Type": "Streaming(type: LOCAL REDISTRIBUTE dop: 16/16)", "Parent Relationship": "Outer", "Startup Cost": 0.0, "Total Cost": 86801.75, "Plan Rows": 7338812, "Plan Width": 8, "Plans": [{"Node Type": "Seq Scan", "Parent Relationship": "Outer", "Relation Name": "orders", "Alias": "orders", "Startup Cost": 0.0, "Total Cost": 43994.53, "Plan Rows": 7338812, "Plan Width": 8, "Filter": "(o_orderstatus = 'F'::bpchar), (LLVM Optimized)"}]}, {"Node Type": "Materialize", "Parent Relationship": "Inner", "Startup Cost": 0.0, "Total Cost": 49040495.52, "Plan Rows": 7254, "Plan Width": 42, "Plans": [{"Node Type": "Streaming(type: LOCAL REDISTRIBUTE dop: 16/16)", "Parent Relationship": "Outer", "Startup Cost": 0.0, "Total Cost": 49040493.25, "Plan Rows": 7254, "Plan Width": 42, "Plans": [{"Node Type": "Nested Loop", "Parent Relationship": "Outer", "Join Type": "Semi", "Startup Cost": 0.0, "Total Cost": 49025465.76, "Plan Rows": 7254, "Plan Width": 42, "Inner Unique": false, "Join Filter": "((l2.l_suppkey <> l1.l_suppkey) AND (l1.l_orderkey = l2.l_orderkey))", "Plans": [{"Node Type": "Streaming(type: LOCAL REDISTRIBUTE dop: 16/16)", "Parent Relationship": "Outer", "Startup Cost": 0.0, "Total Cost": 44175250.61, "Plan Rows": 7635, "Plan Width": 42, "Plans": [{"Node Type": "Nested Loop", "Parent Relationship": "Outer", "Join Type": "Anti", "Startup Cost": 0.0, "Total Cost": 44160221.68, "Plan Rows": 7635, "Plan Width": 42, "Inner Unique": false, "Join Filter": "((l3.l_suppkey <> l1.l_suppkey) AND (l3.l_orderkey = l1.l_orderkey))", "Plans": [{"Node Type": "Streaming(type: LOCAL REDISTRIBUTE dop: 16/16)", "Parent Relationship": "Outer", "Startup Cost": 0.0, "Total Cost": 4965973.17, "Plan Rows": 152707, "Plan Width": 42, "Plans": [{"Node Type": "Nested Loop", "Parent Relationship": "Outer", "Join Type": "Inner", "Startup Cost": 0.0, "Total Cost": 4950394.55, "Plan Rows": 152707, "Plan Width": 42, "Inner Unique": false, "Join Filter": "(supplier.s_suppkey = l1.l_suppkey), (LLVM Optimized)", "Plans": [{"Node Type": "Streaming(type: LOCAL REDISTRIBUTE dop: 16/1)", "Parent Relationship": "Outer", "Startup Cost": 0.0, "Total Cost": 19700.64, "Plan Rows": 4000, "Plan Width": 34, "Plans": [{"Node Type": "Nested Loop", "Parent Relationship": "Outer", "Join Type": "Inner", "Startup Cost": 0.0, "Total Cost": 4534.31, "Plan Rows": 4000, "Plan Width": 34, "Inner Unique": false, "Join Filter": "(supplier.s_nationkey = nation.n_nationkey)", "Plans": [{"Node Type": "Seq Scan", "Parent Relationship": "Outer", "Relation Name": "nation", "Alias": "nation", "Startup Cost": 0.0, "Total Cost": 1.31, "Plan Rows": 1, "Plan Width": 4, "Filter": "(n_name = 'EGYPT'::bpchar)"}, {"Node Type": "Seq Scan", "Parent Relationship": "Inner", "Relation Name": "supplier", "Alias": "supplier", "Startup Cost": 0.0, "Total Cost": 3283.0, "Plan Rows": 100000, "Plan Width": 38}]}]}, {"Node Type": "Materialize", "Parent Relationship": "Inner", "Startup Cost": 0.0, "Total Cost": 247331.21, "Plan Rows": 19995678, "Plan Width": 16, "Plans": [{"Node Type": "Streaming(type: LOCAL REDISTRIBUTE dop: 16/16)", "Parent Relationship": "Outer", "Startup Cost": 0.0, "Total Cost": 241082.56, "Plan Rows": 19995678, "Plan Width": 16, "Plans": [{"Node Type": "Seq Scan", "Parent Relationship": "Outer", "Relation Name": "lineitem", "Alias": "l1", "Startup Cost": 0.0, "Total Cost": 150317.68, "Plan Rows": 19995678, "Plan Width": 16, "Filter": "(l_receiptdate > l_commitdate), (LLVM Optimized)"}]}]}]}]}, {"Node Type": "Materialize", "Parent Relationship": "Inner", "Startup Cost": 0.0, "Total Cost": 247331.21, "Plan Rows": 19995678, "Plan Width": 16, "Plans": [{"Node Type": "Streaming(type: LOCAL REDISTRIBUTE dop: 16/16)", "Parent Relationship": "Outer", "Startup Cost": 0.0, "Total Cost": 241082.56, "Plan Rows": 19995678, "Plan Width": 16, "Plans": [{"Node Type": "Seq Scan", "Parent Relationship": "Outer", "Relation Name": "lineitem", "Alias": "l3", "Startup Cost": 0.0, "Total Cost": 150317.68, "Plan Rows": 19995678, "Plan Width": 16, "Filter": "(l_receiptdate > l_commitdate), (LLVM Optimized)"}]}]}]}]}, {"Node Type": "Materialize", "Parent Relationship": "Inner", "Startup Cost": 0.0, "Total Cost": 401985.27, "Plan Rows": 59987033, "Plan Width": 16, "Plans": [{"Node Type": "Streaming(type: LOCAL REDISTRIBUTE dop: 16/16)", "Parent Relationship": "Outer", "Startup Cost": 0.0, "Total Cost": 383239.33, "Plan Rows": 59987033, "Plan Width": 16, "Plans": [{"Node Type": "Seq Scan", "Parent Relationship": "Outer", "Relation Name": "lineitem", "Alias": "l2", "Startup Cost": 0.0, "Total Cost": 140944.71, "Plan Rows": 59987033, "Plan Width": 16}]}]}]}]}]}]}]}]}]}]}]}]}]}, "Unique SQL Id": 3870093320}, "explain_analyze_plan": null}, "(16, 63)": {"explain_plan": {"Plan": {"Node Type": "Limit", "Startup Cost": 6014182839649.49, "Total Cost": 6014182839649.74, "Plan Rows": 100, "Plan Width": 34, "Plans": [{"Node Type": "Sort", "Parent Relationship": "Outer", "Startup Cost": 6014182839649.49, "Total Cost": 6014182839672.42, "Plan Rows": 100, "Plan Width": 34, "Sort Key": ["(count(*)) DESC", "supplier.s_name"], "Plans": [{"Node Type": "Aggregate", "Strategy": "Hashed", "Parent Relationship": "Outer", "Startup Cost": 6014182839207.22, "Total Cost": 6014182839298.94, "Plan Rows": 9172, "Plan Width": 34, "Group By Key": ["supplier.s_name"], "Plans": [{"Node Type": "Nested Loop", "Parent Relationship": "Outer", "Join Type": "Inner", "Startup Cost": 60000000000.0, "Total Cost": 6014182839161.36, "Plan Rows": 9172, "Plan Width": 26, "Inner Unique": false, "Join Filter": "(l1.l_orderkey = orders.o_orderkey)", "Plans": [{"Node Type": "Index Scan", "Parent Relationship": "Outer", "Scan Direction": "Forward", "Index Name": "orders_pkey", "Relation Name": "orders", "Alias": "orders", "Startup Cost": 10000000000.0, "Total Cost": 1000076847713.25, "Plan Rows": 7338812, "Plan Width": 8, "Filter": "(o_orderstatus = 'F'::bpchar), (LLVM Optimized)"}, {"Node Type": "Materialize", "Parent Relationship": "Inner", "Startup Cost": 50000000000.0, "Total Cost": 5013307455332.53, "Plan Rows": 7254, "Plan Width": 42, "Plans": [{"Node Type": "Nested Loop", "Parent Relationship": "Outer", "Join Type": "Semi", "Startup Cost": 50000000000.0, "Total Cost": 5013307455296.26, "Plan Rows": 7254, "Plan Width": 42, "Inner Unique": false, "Join Filter": "((l2.l_suppkey <> l1.l_suppkey) AND (l1.l_orderkey = l2.l_orderkey))", "Plans": [{"Node Type": "Nested Loop", "Parent Relationship": "Outer", "Join Type": "Anti", "Startup Cost": 40000000000.0, "Total Cost": 4011848919915.73, "Plan Rows": 7635, "Plan Width": 42, "Inner Unique": false, "Join Filter": "((l3.l_suppkey <> l1.l_suppkey) AND (l3.l_orderkey = l1.l_orderkey))", "Plans": [{"Node Type": "Nested Loop", "Parent Relationship": "Outer", "Join Type": "Inner", "Startup Cost": 30000000000.0, "Total Cost": 3001539289162.94, "Plan Rows": 152707, "Plan Width": 42, "Inner Unique": false, "Join Filter": "(supplier.s_suppkey = l1.l_suppkey), (LLVM Optimized)", "Plans": [{"Node Type": "Index Scan", "Parent Relationship": "Outer", "Scan Direction": "Forward", "Index Name": "idx_lineitem_orderkey", "Relation Name": "lineitem", "Alias": "l1", "Startup Cost": 10000000000.0, "Total Cost": 1000339012132.75, "Plan Rows": 19995678, "Plan Width": 16, "Filter": "(l_receiptdate > l_commitdate), (LLVM Optimized)"}, {"Node Type": "Materialize", "Parent Relationship": "Inner", "Startup Cost": 20000000000.0, "Total Cost": 2000000536360.19, "Plan Rows": 4000, "Plan Width": 34, "Plans": [{"Node Type": "Nested Loop", "Parent Relationship": "Outer", "Join Type": "Inner", "Startup Cost": 20000000000.0, "Total Cost": 2000000536340.19, "Plan Rows": 4000, "Plan Width": 34, "Inner Unique": true, "Join Filter": "(supplier.s_nationkey = nation.n_nationkey)", "Plans": [{"Node Type": "Index Scan", "Parent Relationship": "Outer", "Scan Direction": "Forward", "Index Name": "supplier_pkey", "Relation Name": "supplier", "Alias": "supplier", "Startup Cost": 10000000000.0, "Total Cost": 1000000533571.43, "Plan Rows": 100000, "Plan Width": 38}, {"Node Type": "Materialize", "Parent Relationship": "Inner", "Startup Cost": 10000000000.0, "Total Cost": 1000000001268.76, "Plan Rows": 1, "Plan Width": 4, "Plans": [{"Node Type": "Index Scan", "Parent Relationship": "Outer", "Scan Direction": "Forward", "Index Name": "nation_pkey", "Relation Name": "nation", "Alias": "nation", "Startup Cost": 10000000000.0, "Total Cost": 1000000001268.75, "Plan Rows": 1, "Plan Width": 4, "Filter": "(n_name = 'EGYPT'::bpchar)"}]}]}]}]}, {"Node Type": "Materialize", "Parent Relationship": "Inner", "Startup Cost": 10000000000.0, "Total Cost": 1000339112111.14, "Plan Rows": 19995678, "Plan Width": 16, "Plans": [{"Node Type": "Index Scan", "Parent Relationship": "Outer", "Scan Direction": "Forward", "Index Name": "idx_lineitem_orderkey", "Relation Name": "lineitem", "Alias": "l3", "Startup Cost": 10000000000.0, "Total Cost": 1000339012132.75, "Plan Rows": 19995678, "Plan Width": 16, "Filter": "(l_receiptdate > l_commitdate), (LLVM Optimized)"}]}]}, {"Node Type": "Materialize", "Parent Relationship": "Inner", "Startup Cost": 10000000000.0, "Total Cost": 1000324315309.67, "Plan Rows": 59987033, "Plan Width": 16, "Plans": [{"Node Type": "Index Scan", "Parent Relationship": "Outer", "Scan Direction": "Forward", "Index Name": "idx_lineitem_orderkey", "Relation Name": "lineitem", "Alias": "l2", "Startup Cost": 10000000000.0, "Total Cost": 1000324015374.5, "Plan Rows": 59987033, "Plan Width": 16}]}]}]}]}]}]}]}, "Unique SQL Id": 3870093320}, "explain_analyze_plan": null}, "(16, 64)": {"explain_plan": {"Plan": {"Node Type": "Limit", "Startup Cost": 233991.22, "Total Cost": 233991.47, "Plan Rows": 100, "Plan Width": 34, "Plans": [{"Node Type": "Sort", "Parent Relationship": "Outer", "Startup Cost": 233991.22, "Total Cost": 234014.15, "Plan Rows": 100, "Plan Width": 34, "Sort Key": ["(count(*)) DESC", "supplier.s_name"], "Plans": [{"Node Type": "Aggregate", "Strategy": "Hashed", "Parent Relationship": "Outer", "Startup Cost": 233548.95, "Total Cost": 233640.67, "Plan Rows": 9172, "Plan Width": 34, "Group By Key": ["supplier.s_name"], "Plans": [{"Node Type": "Nested Loop", "Parent Relationship": "Outer", "Join Type": "Inner", "Startup Cost": 18964.6, "Total Cost": 233503.09, "Plan Rows": 9172, "Plan Width": 26, "Inner Unique": true, "Join Filter": "(l1.l_orderkey = orders.o_orderkey)", "Plans": [{"Node Type": "Nested Loop", "Parent Relationship": "Outer", "Join Type": "Semi", "Startup Cost": 18964.6, "Total Cost": 226402.72, "Plan Rows": 7254, "Plan Width": 42, "Inner Unique": false, "Plans": [{"Node Type": "Nested Loop", "Parent Relationship": "Outer", "Join Type": "Anti", "Startup Cost": 18964.6, "Total Cost": 224547.15, "Plan Rows": 7635, "Plan Width": 42, "Inner Unique": false, "Plans": [{"Node Type": "Streaming(type: LOCAL GATHER dop: 1/16)", "Parent Relationship": "Outer", "Startup Cost": 18964.6, "Total Cost": 177359.94, "Plan Rows": 152707, "Plan Width": 42, "Plans": [{"Node Type": "Hash Join", "Parent Relationship": "Outer", "Join Type": "Inner", "Startup Cost": 18964.6, "Total Cost": 174064.21, "Plan Rows": 152707, "Plan Width": 42, "Inner Unique": false, "Hash Cond": "(l1.l_suppkey = supplier.s_suppkey), (LLVM Optimized)", "Plans": [{"Node Type": "Seq Scan", "Parent Relationship": "Outer", "Relation Name": "lineitem", "Alias": "l1", "Startup Cost": 0.0, "Total Cost": 150317.68, "Plan Rows": 19995678, "Plan Width": 16, "Filter": "(l_receiptdate > l_commitdate), (LLVM Optimized)"}, {"Node Type": "Hash", "Parent Relationship": "Inner", "Startup Cost": 18914.6, "Total Cost": 18914.6, "Plan Rows": 64000, "Plan Width": 34, "Plans": [{"Node Type": "Streaming(type: BROADCAST dop: 16/1)", "Parent Relationship": "Outer", "Startup Cost": 95.25, "Total Cost": 18914.6, "Plan Rows": 64000, "Plan Width": 34, "Plans": [{"Node Type": "Nested Loop", "Parent Relationship": "Outer", "Join Type": "Inner", "Startup Cost": 95.25, "Total Cost": 2533.35, "Plan Rows": 4000, "Plan Width": 34, "Inner Unique": false, "Plans": [{"Node Type": "Seq Scan", "Parent Relationship": "Outer", "Relation Name": "nation", "Alias": "nation", "Startup Cost": 0.0, "Total Cost": 1.31, "Plan Rows": 1, "Plan Width": 4, "Filter": "(n_name = 'EGYPT'::bpchar)"}, {"Node Type": "Bitmap Heap Scan", "Parent Relationship": "Inner", "Relation Name": "supplier", "Alias": "supplier", "Startup Cost": 95.25, "Total Cost": 2492.04, "Plan Rows": 4000, "Plan Width": 38, "Recheck Cond": "(s_nationkey = nation.n_nationkey)", "Plans": [{"Node Type": "Bitmap Index Scan", "Parent Relationship": "Outer", "Index Name": "idx_supplier_nation_key", "Startup Cost": 0.0, "Total Cost": 94.25, "Plan Rows": 4000, "Plan Width": 0, "Index Cond": "(s_nationkey = nation.n_nationkey)"}]}]}]}]}]}]}, {"Node Type": "Index Scan", "Parent Relationship": "Inner", "Scan Direction": "Forward", "Index Name": "idx_lineitem_orderkey", "Relation Name": "lineitem", "Alias": "l3", "Startup Cost": 0.0, "Total Cost": 1.63, "Plan Rows": 3, "Plan Width": 16, "Index Cond": "(l_orderkey = l1.l_orderkey)", "Filter": "((l_receiptdate > l_commitdate) AND (l_suppkey <> l1.l_suppkey))"}]}, {"Node Type": "Index Scan", "Parent Relationship": "Inner", "Scan Direction": "Forward", "Index Name": "idx_lineitem_orderkey", "Relation Name": "lineitem", "Alias": "l2", "Startup Cost": 0.0, "Total Cost": 1.63, "Plan Rows": 9, "Plan Width": 16, "Index Cond": "(l_orderkey = l1.l_orderkey)", "Filter": "(l_suppkey <> l1.l_suppkey)"}]}, {"Node Type": "Index Scan", "Parent Relationship": "Inner", "Scan Direction": "Forward", "Index Name": "orders_pkey", "Relation Name": "orders", "Alias": "orders", "Startup Cost": 0.0, "Total Cost": 0.97, "Plan Rows": 1, "Plan Width": 8, "Index Cond": "(o_orderkey = l2.l_orderkey)", "Filter": "(o_orderstatus = 'F'::bpchar)"}]}]}]}]}, "Unique SQL Id": 3870093320}, "explain_analyze_plan": {"Plan": {"Node Type": "Limit", "Startup Cost": 233991.22, "Total Cost": 233991.47, "Plan Rows": 100, "Plan Width": 34, "Actual Min Startup Time": 12229.654, "Actual Max Startup Time": 12229.654, "Actual Min Total Time": 12229.673, "Actual Max Total Time": 12229.673, "Actual Total Rows": 100, "Plans": [{"Node Type": "Sort", "Parent Relationship": "Outer", "Startup Cost": 233991.22, "Total Cost": 234014.15, "Plan Rows": 100, "Plan Width": 34, "Actual Min Startup Time": 12229.651, "Actual Max Startup Time": 12229.651, "Actual Min Total Time": 12229.656, "Actual Max Total Time": 12229.656, "Actual Total Rows": 100, "Sort Key": ["(count(*)) DESC", "supplier.s_name"], "Sort Method": "top-N heapsort", "Sort Space Min Used": 41, "Sort Space Max Used": 41, "Sort Space Type": "Memory", "Plans": [{"Node Type": "Aggregate", "Strategy": "Hashed", "Parent Relationship": "Outer", "Startup Cost": 233548.95, "Total Cost": 233640.67, "Plan Rows": 9172, "Plan Width": 34, "Actual Min Startup Time": 12226.217, "Actual Max Startup Time": 12226.217, "Actual Min Total Time": 12227.502, "Actual Max Total Time": 12227.502, "Actual Total Rows": 3981, "Group By Key": ["supplier.s_name"], "Plans": [{"Node Type": "Nested Loop", "Parent Relationship": "Outer", "Join Type": "Inner", "Startup Cost": 18964.6, "Total Cost": 233503.09, "Plan Rows": 9172, "Plan Width": 26, "Actual Min Startup Time": 84.248, "Actual Max Startup Time": 84.248, "Actual Min Total Time": 12174.868, "Actual Max Total Time": 12174.868, "Actual Total Rows": 39445, "Inner Unique": true, "Join Filter": "(l1.l_orderkey = orders.o_orderkey)", "Rows Removed by Join Filter": 0, "Plans": [{"Node Type": "Nested Loop", "Parent Relationship": "Outer", "Join Type": "Semi", "Startup Cost": 18964.6, "Total Cost": 226402.72, "Plan Rows": 7254, "Plan Width": 42, "Actual Min Startup Time": 84.22, "Actual Max Startup Time": 84.22, "Actual Min Total Time": 11595.118, "Actual Max Total Time": 11595.118, "Actual Total Rows": 80537, "Inner Unique": false, "Plans": [{"Node Type": "Nested Loop", "Parent Relationship": "Outer", "Join Type": "Anti", "Startup Cost": 18964.6, "Total Cost": 224547.15, "Plan Rows": 7635, "Plan Width": 42, "Actual Min Startup Time": 84.209, "Actual Max Startup Time": 84.209, "Actual Min Total Time": 11003.815, "Actual Max Total Time": 11003.815, "Actual Total Rows": 135110, "Inner Unique": false, "Plans": [{"Node Type": "Streaming(type: LOCAL GATHER dop: 1/16)", "Parent Relationship": "Outer", "Startup Cost": 18964.6, "Total Cost": 177359.94, "Plan Rows": 152707, "Plan Width": 42, "Actual Min Startup Time": 84.043, "Actual Max Startup Time": 84.043, "Actual Min Total Time": 749.673, "Actual Max Total Time": 749.673, "Actual Total Rows": 1511024, "Plans": [{"Node Type": "Hash Join", "Parent Relationship": "Outer", "Join Type": "Inner", "Startup Cost": 18964.6, "Total Cost": 174064.21, "Plan Rows": 152707, "Plan Width": 42, "Actual Min Startup Time": 39.442, "Actual Max Startup Time": 45.147, "Actual Min Total Time": 2132.334, "Actual Max Total Time": 2213.238, "Actual Total Rows": 1511024, "Inner Unique": false, "Hash Cond": "(l1.l_suppkey = supplier.s_suppkey), (LLVM Optimized, Jit Execute)", "Plans": [{"Node Type": "Seq Scan", "Parent Relationship": "Outer", "Relation Name": "lineitem", "Alias": "l1", "Startup Cost": 0.0, "Total Cost": 150317.68, "Plan Rows": 19995678, "Plan Width": 16, "Actual Min Startup Time": 0.023, "Actual Max Startup Time": 0.039, "Actual Min Total Time": 1589.34, "Actual Max Total Time": 1658.229, "Actual Total Rows": 37929348, "Filter": "(l_receiptdate > l_commitdate), (LLVM Optimized, Jit Execute)", "Rows Removed by Filter": 22056704}, {"Node Type": "Hash", "Parent Relationship": "Inner", "Startup Cost": 18914.6, "Total Cost": 18914.6, "Plan Rows": 64000, "Plan Width": 34, "Actual Min Startup Time": 39.31, "Actual Max Startup Time": 45.002, "Actual Min Total Time": 39.31, "Actual Max Total Time": 45.002, "Actual Total Rows": 63696, "Max Hash Buckets": 32768, "Min Hash Buckets": 32768, "Max Hash Batches": 1, "Min Hash Batches": 1, "Max Original Hash Batches": 1, "Min Original Hash Batches": 1, "Max Peak Memory Usage": 280, "min Peak Memory Usage": 280, "Plans": [{"Node Type": "Streaming(type: BROADCAST dop: 16/1)", "Parent Relationship": "Outer", "Startup Cost": 95.25, "Total Cost": 18914.6, "Plan Rows": 64000, "Plan Width": 34, "Actual Min Startup Time": 0.023, "Actual Max Startup Time": 0.069, "Actual Min Total Time": 38.317, "Actual Max Total Time": 43.918, "Actual Total Rows": 63696, "Plans": [{"Node Type": "Nested Loop", "Parent Relationship": "Outer", "Join Type": "Inner", "Startup Cost": 95.25, "Total Cost": 2533.35, "Plan Rows": 4000, "Plan Width": 34, "Actual Min Startup Time": 1.203, "Actual Max Startup Time": 1.203, "Actual Min Total Time": 7.534, "Actual Max Total Time": 7.534, "Actual Total Rows": 3981, "Inner Unique": false, "Plans": [{"Node Type": "Seq Scan", "Parent Relationship": "Outer", "Relation Name": "nation", "Alias": "nation", "Startup Cost": 0.0, "Total Cost": 1.31, "Plan Rows": 1, "Plan Width": 4, "Actual Min Startup Time": 0.047, "Actual Max Startup Time": 0.047, "Actual Min Total Time": 0.067, "Actual Max Total Time": 0.067, "Actual Total Rows": 1, "Filter": "(n_name = 'EGYPT'::bpchar)", "Rows Removed by Filter": 24}, {"Node Type": "Bitmap Heap Scan", "Parent Relationship": "Inner", "Relation Name": "supplier", "Alias": "supplier", "Startup Cost": 95.25, "Total Cost": 2492.04, "Plan Rows": 4000, "Plan Width": 38, "Actual Min Startup Time": 1.144, "Actual Max Startup Time": 1.144, "Actual Min Total Time": 6.664, "Actual Max Total Time": 6.664, "Actual Total Rows": 3981, "Recheck Cond": "(s_nationkey = nation.n_nationkey)", "Rows Removed by Index Recheck": 0, "Exact Heap Blocks": 0, "Lossy Heap Blocks": 0, "Plans": [{"Node Type": "Bitmap Index Scan", "Parent Relationship": "Outer", "Index Name": "idx_supplier_nation_key", "Startup Cost": 0.0, "Total Cost": 94.25, "Plan Rows": 4000, "Plan Width": 0, "Actual Min Startup Time": 0.811, "Actual Max Startup Time": 0.811, "Actual Min Total Time": 0.811, "Actual Max Total Time": 0.811, "Actual Total Rows": 3981, "Index Cond": "(s_nationkey = nation.n_nationkey)"}]}]}]}]}]}]}, {"Node Type": "Index Scan", "Parent Relationship": "Inner", "Scan Direction": "Forward", "Index Name": "idx_lineitem_orderkey", "Relation Name": "lineitem", "Alias": "l3", "Startup Cost": 0.0, "Total Cost": 1.63, "Plan Rows": 3, "Plan Width": 16, "Actual Min Startup Time": 9221.901, "Actual Max Startup Time": 9221.901, "Actual Min Total Time": 9221.901, "Actual Max Total Time": 9221.901, "Actual Total Rows": 1375914, "Index Cond": "(l_orderkey = l1.l_orderkey)", "Rows Removed by Index Recheck": 0, "Filter": "((l_receiptdate > l_commitdate) AND (l_suppkey <> l1.l_suppkey))", "Rows Removed by Filter": 1348115}]}, {"Node Type": "Index Scan", "Parent Relationship": "Inner", "Scan Direction": "Forward", "Index Name": "idx_lineitem_orderkey", "Relation Name": "lineitem", "Alias": "l2", "Startup Cost": 0.0, "Total Cost": 1.63, "Plan Rows": 9, "Plan Width": 16, "Actual Min Startup Time": 496.479, "Actual Max Startup Time": 496.479, "Actual Min Total Time": 496.479, "Actual Max Total Time": 496.479, "Actual Total Rows": 80537, "Index Cond": "(l_orderkey = l1.l_orderkey)", "Rows Removed by Index Recheck": 0, "Filter": "(l_suppkey <> l1.l_suppkey)", "Rows Removed by Filter": 85912}]}, {"Node Type": "Index Scan", "Parent Relationship": "Inner", "Scan Direction": "Forward", "Index Name": "orders_pkey", "Relation Name": "orders", "Alias": "orders", "Startup Cost": 0.0, "Total Cost": 0.97, "Plan Rows": 1, "Plan Width": 8, "Actual Min Startup Time": 513.763, "Actual Max Startup Time": 513.763, "Actual Min Total Time": 513.763, "Actual Max Total Time": 513.763, "Actual Total Rows": 39445, "Index Cond": "(o_orderkey = l2.l_orderkey)", "Rows Removed by Index Recheck": 0, "Filter": "(o_orderstatus = 'F'::bpchar)", "Rows Removed by Filter": 41092}]}]}]}]}, "Triggers": [], "Planner Runtime": 13.94, "Total Runtime": 12242.166, "Unique SQL Id": 3870093320}}, "(16, 65)": {"explain_plan": {"Plan": {"Node Type": "Limit", "Startup Cost": 2785833.2, "Total Cost": 2785833.45, "Plan Rows": 100, "Plan Width": 34, "Plans": [{"Node Type": "Sort", "Parent Relationship": "Outer", "Startup Cost": 2785833.2, "Total Cost": 2785856.13, "Plan Rows": 100, "Plan Width": 34, "Sort Key": ["(count(*)) DESC", "supplier.s_name"], "Plans": [{"Node Type": "Aggregate", "Strategy": "Hashed", "Parent Relationship": "Outer", "Startup Cost": 2785390.93, "Total Cost": 2785482.65, "Plan Rows": 9172, "Plan Width": 34, "Group By Key": ["supplier.s_name"], "Plans": [{"Node Type": "Nested Loop", "Parent Relationship": "Outer", "Join Type": "Inner", "Startup Cost": 18975.98, "Total Cost": 2785345.07, "Plan Rows": 9172, "Plan Width": 26, "Inner Unique": true, "Join Filter": "(l1.l_orderkey = orders.o_orderkey)", "Plans": [{"Node Type": "Nested Loop", "Parent Relationship": "Outer", "Join Type": "Semi", "Startup Cost": 18975.98, "Total Cost": 2778244.7, "Plan Rows": 7254, "Plan Width": 42, "Inner Unique": false, "Plans": [{"Node Type": "Nested Loop", "Parent Relationship": "Outer", "Join Type": "Anti", "Startup Cost": 18975.98, "Total Cost": 2776389.13, "Plan Rows": 7635, "Plan Width": 42, "Inner Unique": false, "Plans": [{"Node Type": "Streaming(type: LOCAL GATHER dop: 1/16)", "Parent Relationship": "Outer", "Startup Cost": 18975.98, "Total Cost": 2729201.91, "Plan Rows": 152707, "Plan Width": 42, "Plans": [{"Node Type": "Hash Join", "Parent Relationship": "Outer", "Join Type": "Inner", "Startup Cost": 18975.98, "Total Cost": 2725906.19, "Plan Rows": 152707, "Plan Width": 42, "Inner Unique": false, "Hash Cond": "(l1.l_suppkey = supplier.s_suppkey), (LLVM Optimized)", "Plans": [{"Node Type": "Index Scan", "Parent Relationship": "Outer", "Scan Direction": "Forward", "Index Name": "idx_lineitem_orderkey", "Relation Name": "lineitem", "Alias": "l1", "Startup Cost": 0.0, "Total Cost": 2702148.28, "Plan Rows": 19995678, "Plan Width": 16, "Filter": "(l_receiptdate > l_commitdate), (LLVM Optimized)"}, {"Node Type": "Hash", "Parent Relationship": "Inner", "Startup Cost": 18925.98, "Total Cost": 18925.98, "Plan Rows": 64000, "Plan Width": 34, "Plans": [{"Node Type": "Streaming(type: BROADCAST dop: 16/1)", "Parent Relationship": "Outer", "Startup Cost": 95.25, "Total Cost": 18925.98, "Plan Rows": 64000, "Plan Width": 34, "Plans": [{"Node Type": "Nested Loop", "Parent Relationship": "Outer", "Join Type": "Inner", "Startup Cost": 95.25, "Total Cost": 2544.73, "Plan Rows": 4000, "Plan Width": 34, "Inner Unique": false, "Plans": [{"Node Type": "Index Scan", "Parent Relationship": "Outer", "Scan Direction": "Forward", "Index Name": "nation_pkey", "Relation Name": "nation", "Alias": "nation", "Startup Cost": 0.0, "Total Cost": 12.69, "Plan Rows": 1, "Plan Width": 4, "Filter": "(n_name = 'EGYPT'::bpchar)"}, {"Node Type": "Bitmap Heap Scan", "Parent Relationship": "Inner", "Relation Name": "supplier", "Alias": "supplier", "Startup Cost": 95.25, "Total Cost": 2492.04, "Plan Rows": 4000, "Plan Width": 38, "Recheck Cond": "(s_nationkey = nation.n_nationkey)", "Plans": [{"Node Type": "Bitmap Index Scan", "Parent Relationship": "Outer", "Index Name": "idx_supplier_nation_key", "Startup Cost": 0.0, "Total Cost": 94.25, "Plan Rows": 4000, "Plan Width": 0, "Index Cond": "(s_nationkey = nation.n_nationkey)"}]}]}]}]}]}]}, {"Node Type": "Index Scan", "Parent Relationship": "Inner", "Scan Direction": "Forward", "Index Name": "idx_lineitem_orderkey", "Relation Name": "lineitem", "Alias": "l3", "Startup Cost": 0.0, "Total Cost": 1.63, "Plan Rows": 3, "Plan Width": 16, "Index Cond": "(l_orderkey = l1.l_orderkey)", "Filter": "((l_receiptdate > l_commitdate) AND (l_suppkey <> l1.l_suppkey))"}]}, {"Node Type": "Index Scan", "Parent Relationship": "Inner", "Scan Direction": "Forward", "Index Name": "idx_lineitem_orderkey", "Relation Name": "lineitem", "Alias": "l2", "Startup Cost": 0.0, "Total Cost": 1.63, "Plan Rows": 9, "Plan Width": 16, "Index Cond": "(l_orderkey = l1.l_orderkey)", "Filter": "(l_suppkey <> l1.l_suppkey)"}]}, {"Node Type": "Index Scan", "Parent Relationship": "Inner", "Scan Direction": "Forward", "Index Name": "orders_pkey", "Relation Name": "orders", "Alias": "orders", "Startup Cost": 0.0, "Total Cost": 0.97, "Plan Rows": 1, "Plan Width": 8, "Index Cond": "(o_orderkey = l2.l_orderkey)", "Filter": "(o_orderstatus = 'F'::bpchar)"}]}]}]}]}, "Unique SQL Id": 3870093320}, "explain_analyze_plan": {"Plan": {"Node Type": "Limit", "Startup Cost": 2785833.2, "Total Cost": 2785833.45, "Plan Rows": 100, "Plan Width": 34, "Actual Min Startup Time": 13764.738, "Actual Max Startup Time": 13764.738, "Actual Min Total Time": 13764.757, "Actual Max Total Time": 13764.757, "Actual Total Rows": 100, "Plans": [{"Node Type": "Sort", "Parent Relationship": "Outer", "Startup Cost": 2785833.2, "Total Cost": 2785856.13, "Plan Rows": 100, "Plan Width": 34, "Actual Min Startup Time": 13764.736, "Actual Max Startup Time": 13764.736, "Actual Min Total Time": 13764.743, "Actual Max Total Time": 13764.743, "Actual Total Rows": 100, "Sort Key": ["(count(*)) DESC", "supplier.s_name"], "Sort Method": "top-N heapsort", "Sort Space Min Used": 41, "Sort Space Max Used": 41, "Sort Space Type": "Memory", "Plans": [{"Node Type": "Aggregate", "Strategy": "Hashed", "Parent Relationship": "Outer", "Startup Cost": 2785390.93, "Total Cost": 2785482.65, "Plan Rows": 9172, "Plan Width": 34, "Actual Min Startup Time": 13761.425, "Actual Max Startup Time": 13761.425, "Actual Min Total Time": 13762.64, "Actual Max Total Time": 13762.64, "Actual Total Rows": 3981, "Group By Key": ["supplier.s_name"], "Plans": [{"Node Type": "Nested Loop", "Parent Relationship": "Outer", "Join Type": "Inner", "Startup Cost": 18975.98, "Total Cost": 2785345.07, "Plan Rows": 9172, "Plan Width": 26, "Actual Min Startup Time": 917.898, "Actual Max Startup Time": 917.898, "Actual Min Total Time": 13711.073, "Actual Max Total Time": 13711.073, "Actual Total Rows": 39445, "Inner Unique": true, "Join Filter": "(l1.l_orderkey = orders.o_orderkey)", "Rows Removed by Join Filter": 0, "Plans": [{"Node Type": "Nested Loop", "Parent Relationship": "Outer", "Join Type": "Semi", "Startup Cost": 18975.98, "Total Cost": 2778244.7, "Plan Rows": 7254, "Plan Width": 42, "Actual Min Startup Time": 917.632, "Actual Max Startup Time": 917.632, "Actual Min Total Time": 13105.313, "Actual Max Total Time": 13105.313, "Actual Total Rows": 80537, "Inner Unique": false, "Plans": [{"Node Type": "Nested Loop", "Parent Relationship": "Outer", "Join Type": "Anti", "Startup Cost": 18975.98, "Total Cost": 2776389.13, "Plan Rows": 7635, "Plan Width": 42, "Actual Min Startup Time": 917.613, "Actual Max Startup Time": 917.613, "Actual Min Total Time": 12509.033, "Actual Max Total Time": 12509.033, "Actual Total Rows": 135110, "Inner Unique": false, "Plans": [{"Node Type": "Streaming(type: LOCAL GATHER dop: 1/16)", "Parent Relationship": "Outer", "Startup Cost": 18975.98, "Total Cost": 2729201.91, "Plan Rows": 152707, "Plan Width": 42, "Actual Min Startup Time": 917.55, "Actual Max Startup Time": 917.55, "Actual Min Total Time": 1686.927, "Actual Max Total Time": 1686.927, "Actual Total Rows": 1511024, "Plans": [{"Node Type": "Hash Join", "Parent Relationship": "Outer", "Join Type": "Inner", "Startup Cost": 18975.98, "Total Cost": 2725906.19, "Plan Rows": 152707, "Plan Width": 42, "Actual Min Startup Time": 836.153, "Actual Max Startup Time": 859.668, "Actual Min Total Time": 3988.911, "Actual Max Total Time": 4372.024, "Actual Total Rows": 1511024, "Inner Unique": false, "Hash Cond": "(l1.l_suppkey = supplier.s_suppkey), (LLVM Optimized, Jit Execute)", "Plans": [{"Node Type": "Index Scan", "Parent Relationship": "Outer", "Scan Direction": "Forward", "Index Name": "idx_lineitem_orderkey", "Relation Name": "lineitem", "Alias": "l1", "Startup Cost": 0.0, "Total Cost": 2702148.28, "Plan Rows": 19995678, "Plan Width": 16, "Actual Min Startup Time": 780.017, "Actual Max Startup Time": 780.159, "Actual Min Total Time": 3389.52, "Actual Max Total Time": 3791.658, "Actual Total Rows": 37929348, "Filter": "(l_receiptdate > l_commitdate), (LLVM Optimized, Jit Execute)", "Rows Removed by Filter": 22056704}, {"Node Type": "Hash", "Parent Relationship": "Inner", "Startup Cost": 18925.98, "Total Cost": 18925.98, "Plan Rows": 64000, "Plan Width": 34, "Actual Min Startup Time": 56.016, "Actual Max Startup Time": 79.435, "Actual Min Total Time": 56.016, "Actual Max Total Time": 79.435, "Actual Total Rows": 63696, "Max Hash Buckets": 32768, "Min Hash Buckets": 32768, "Max Hash Batches": 1, "Min Hash Batches": 1, "Max Original Hash Batches": 1, "Min Original Hash Batches": 1, "Max Peak Memory Usage": 280, "min Peak Memory Usage": 280, "Plans": [{"Node Type": "Streaming(type: BROADCAST dop: 16/1)", "Parent Relationship": "Outer", "Startup Cost": 95.25, "Total Cost": 18925.98, "Plan Rows": 64000, "Plan Width": 34, "Actual Min Startup Time": 0.042, "Actual Max Startup Time": 0.079, "Actual Min Total Time": 54.796, "Actual Max Total Time": 77.96, "Actual Total Rows": 63696, "Plans": [{"Node Type": "Nested Loop", "Parent Relationship": "Outer", "Join Type": "Inner", "Startup Cost": 95.25, "Total Cost": 2544.73, "Plan Rows": 4000, "Plan Width": 34, "Actual Min Startup Time": 1.239, "Actual Max Startup Time": 1.239, "Actual Min Total Time": 10.075, "Actual Max Total Time": 10.075, "Actual Total Rows": 3981, "Inner Unique": false, "Plans": [{"Node Type": "Index Scan", "Parent Relationship": "Outer", "Scan Direction": "Forward", "Index Name": "nation_pkey", "Relation Name": "nation", "Alias": "nation", "Startup Cost": 0.0, "Total Cost": 12.69, "Plan Rows": 1, "Plan Width": 4, "Actual Min Startup Time": 0.043, "Actual Max Startup Time": 0.043, "Actual Min Total Time": 0.067, "Actual Max Total Time": 0.067, "Actual Total Rows": 1, "Filter": "(n_name = 'EGYPT'::bpchar)", "Rows Removed by Filter": 24}, {"Node Type": "Bitmap Heap Scan", "Parent Relationship": "Inner", "Relation Name": "supplier", "Alias": "supplier", "Startup Cost": 95.25, "Total Cost": 2492.04, "Plan Rows": 4000, "Plan Width": 38, "Actual Min Startup Time": 1.189, "Actual Max Startup Time": 1.189, "Actual Min Total Time": 9.235, "Actual Max Total Time": 9.235, "Actual Total Rows": 3981, "Recheck Cond": "(s_nationkey = nation.n_nationkey)", "Rows Removed by Index Recheck": 0, "Exact Heap Blocks": 0, "Lossy Heap Blocks": 0, "Plans": [{"Node Type": "Bitmap Index Scan", "Parent Relationship": "Outer", "Index Name": "idx_supplier_nation_key", "Startup Cost": 0.0, "Total Cost": 94.25, "Plan Rows": 4000, "Plan Width": 0, "Actual Min Startup Time": 0.876, "Actual Max Startup Time": 0.876, "Actual Min Total Time": 0.876, "Actual Max Total Time": 0.876, "Actual Total Rows": 3981, "Index Cond": "(s_nationkey = nation.n_nationkey)"}]}]}]}]}]}]}, {"Node Type": "Index Scan", "Parent Relationship": "Inner", "Scan Direction": "Forward", "Index Name": "idx_lineitem_orderkey", "Relation Name": "lineitem", "Alias": "l3", "Startup Cost": 0.0, "Total Cost": 1.63, "Plan Rows": 3, "Plan Width": 16, "Actual Min Startup Time": 9803.763, "Actual Max Startup Time": 9803.763, "Actual Min Total Time": 9803.763, "Actual Max Total Time": 9803.763, "Actual Total Rows": 1375914, "Index Cond": "(l_orderkey = l1.l_orderkey)", "Rows Removed by Index Recheck": 0, "Filter": "((l_receiptdate > l_commitdate) AND (l_suppkey <> l1.l_suppkey))", "Rows Removed by Filter": 1348115}]}, {"Node Type": "Index Scan", "Parent Relationship": "Inner", "Scan Direction": "Forward", "Index Name": "idx_lineitem_orderkey", "Relation Name": "lineitem", "Alias": "l2", "Startup Cost": 0.0, "Total Cost": 1.63, "Plan Rows": 9, "Plan Width": 16, "Actual Min Startup Time": 498.159, "Actual Max Startup Time": 498.159, "Actual Min Total Time": 498.159, "Actual Max Total Time": 498.159, "Actual Total Rows": 80537, "Index Cond": "(l_orderkey = l1.l_orderkey)", "Rows Removed by Index Recheck": 0, "Filter": "(l_suppkey <> l1.l_suppkey)", "Rows Removed by Filter": 85912}]}, {"Node Type": "Index Scan", "Parent Relationship": "Inner", "Scan Direction": "Forward", "Index Name": "orders_pkey", "Relation Name": "orders", "Alias": "orders", "Startup Cost": 0.0, "Total Cost": 0.97, "Plan Rows": 1, "Plan Width": 8, "Actual Min Startup Time": 540.279, "Actual Max Startup Time": 540.279, "Actual Min Total Time": 540.279, "Actual Max Total Time": 540.279, "Actual Total Rows": 39445, "Index Cond": "(o_orderkey = l2.l_orderkey)", "Rows Removed by Index Recheck": 0, "Filter": "(o_orderstatus = 'F'::bpchar)", "Rows Removed by Filter": 41092}]}]}]}]}, "Triggers": [], "Planner Runtime": 12.499, "Total Runtime": 13777.942, "Unique SQL Id": 3870093320}}, "(16, 66)": {"explain_plan": {"Plan": {"Node Type": "Limit", "Startup Cost": 486140.51, "Total Cost": 486140.76, "Plan Rows": 100, "Plan Width": 34, "Plans": [{"Node Type": "Sort", "Parent Relationship": "Outer", "Startup Cost": 486140.51, "Total Cost": 486163.44, "Plan Rows": 100, "Plan Width": 34, "Sort Key": ["(count(*)) DESC", "supplier.s_name"], "Plans": [{"Node Type": "Aggregate", "Strategy": "Hashed", "Parent Relationship": "Outer", "Startup Cost": 485698.24, "Total Cost": 485789.96, "Plan Rows": 9172, "Plan Width": 34, "Group By Key": ["supplier.s_name"], "Plans": [{"Node Type": "Nested Loop", "Parent Relationship": "Outer", "Join Type": "Inner", "Startup Cost": 189763.55, "Total Cost": 485652.38, "Plan Rows": 9172, "Plan Width": 26, "Inner Unique": true, "Join Filter": "(l1.l_orderkey = orders.o_orderkey)", "Plans": [{"Node Type": "Nested Loop", "Parent Relationship": "Outer", "Join Type": "Semi", "Startup Cost": 189762.95, "Total Cost": 452091.62, "Plan Rows": 7254, "Plan Width": 42, "Inner Unique": false, "Plans": [{"Node Type": "Streaming(type: LOCAL GATHER dop: 1/16)", "Parent Relationship": "Outer", "Startup Cost": 189762.13, "Total Cost": 436913.07, "Plan Rows": 7635, "Plan Width": 42, "Plans": [{"Node Type": "Hash Join", "Parent Relationship": "Outer", "Join Type": "Right Anti", "Startup Cost": 189762.13, "Total Cost": 436748.29, "Plan Rows": 7635, "Plan Width": 42, "Inner Unique": false, "Hash Cond": "(l3.l_orderkey = l1.l_orderkey)", "Join Filter": "(l3.l_suppkey <> l1.l_suppkey)", "Plans": [{"Node Type": "Streaming(type: LOCAL REDISTRIBUTE dop: 16/16)", "Parent Relationship": "Outer", "Startup Cost": 0.0, "Total Cost": 241082.56, "Plan Rows": 19995678, "Plan Width": 16, "Plans": [{"Node Type": "Seq Scan", "Parent Relationship": "Outer", "Relation Name": "lineitem", "Alias": "l3", "Startup Cost": 0.0, "Total Cost": 150317.68, "Plan Rows": 19995678, "Plan Width": 16, "Filter": "(l_receiptdate > l_commitdate), (LLVM Optimized)"}]}, {"Node Type": "Hash", "Parent Relationship": "Inner", "Startup Cost": 189642.83, "Total Cost": 189642.83, "Plan Rows": 152707, "Plan Width": 42, "Plans": [{"Node Type": "Streaming(type: LOCAL REDISTRIBUTE dop: 16/16)", "Parent Relationship": "Outer", "Startup Cost": 18964.6, "Total Cost": 189642.83, "Plan Rows": 152707, "Plan Width": 42, "Plans": [{"Node Type": "Hash Join", "Parent Relationship": "Outer", "Join Type": "Inner", "Startup Cost": 18964.6, "Total Cost": 174064.21, "Plan Rows": 152707, "Plan Width": 42, "Inner Unique": false, "Hash Cond": "(l1.l_suppkey = supplier.s_suppkey), (LLVM Optimized)", "Plans": [{"Node Type": "Seq Scan", "Parent Relationship": "Outer", "Relation Name": "lineitem", "Alias": "l1", "Startup Cost": 0.0, "Total Cost": 150317.68, "Plan Rows": 19995678, "Plan Width": 16, "Filter": "(l_receiptdate > l_commitdate), (LLVM Optimized)"}, {"Node Type": "Hash", "Parent Relationship": "Inner", "Startup Cost": 18914.6, "Total Cost": 18914.6, "Plan Rows": 64000, "Plan Width": 34, "Plans": [{"Node Type": "Streaming(type: BROADCAST dop: 16/1)", "Parent Relationship": "Outer", "Startup Cost": 95.25, "Total Cost": 18914.6, "Plan Rows": 64000, "Plan Width": 34, "Plans": [{"Node Type": "Nested Loop", "Parent Relationship": "Outer", "Join Type": "Inner", "Startup Cost": 95.25, "Total Cost": 2533.35, "Plan Rows": 4000, "Plan Width": 34, "Inner Unique": false, "Plans": [{"Node Type": "Seq Scan", "Parent Relationship": "Outer", "Relation Name": "nation", "Alias": "nation", "Startup Cost": 0.0, "Total Cost": 1.31, "Plan Rows": 1, "Plan Width": 4, "Filter": "(n_name = 'EGYPT'::bpchar)"}, {"Node Type": "Bitmap Heap Scan", "Parent Relationship": "Inner", "Relation Name": "supplier", "Alias": "supplier", "Startup Cost": 95.25, "Total Cost": 2492.04, "Plan Rows": 4000, "Plan Width": 38, "Recheck Cond": "(s_nationkey = nation.n_nationkey)", "Plans": [{"Node Type": "Bitmap Index Scan", "Parent Relationship": "Outer", "Index Name": "idx_supplier_nation_key", "Startup Cost": 0.0, "Total Cost": 94.25, "Plan Rows": 4000, "Plan Width": 0, "Index Cond": "(s_nationkey = nation.n_nationkey)"}]}]}]}]}]}]}]}]}]}, {"Node Type": "Bitmap Heap Scan", "Parent Relationship": "Inner", "Relation Name": "lineitem", "Alias": "l2", "Startup Cost": 0.82, "Total Cost": 8.95, "Plan Rows": 9, "Plan Width": 16, "Recheck Cond": "(l_orderkey = l1.l_orderkey)", "Filter": "(l_suppkey <> l1.l_suppkey)", "Plans": [{"Node Type": "Bitmap Index Scan", "Parent Relationship": "Outer", "Index Name": "idx_lineitem_orderkey", "Startup Cost": 0.0, "Total Cost": 0.82, "Plan Rows": 9, "Plan Width": 0, "Index Cond": "(l_orderkey = l1.l_orderkey)"}]}]}, {"Node Type": "Bitmap Heap Scan", "Parent Relationship": "Inner", "Relation Name": "orders", "Alias": "orders", "Startup Cost": 0.6, "Total Cost": 4.61, "Plan Rows": 1, "Plan Width": 8, "Recheck Cond": "(o_orderkey = l2.l_orderkey)", "Filter": "(o_orderstatus = 'F'::bpchar)", "Plans": [{"Node Type": "Bitmap Index Scan", "Parent Relationship": "Outer", "Index Name": "orders_pkey", "Startup Cost": 0.0, "Total Cost": 0.6, "Plan Rows": 1, "Plan Width": 0, "Index Cond": "(o_orderkey = l2.l_orderkey)"}]}]}]}]}]}, "Unique SQL Id": 3870093320}, "explain_analyze_plan": {"Plan": {"Node Type": "Limit", "Startup Cost": 486140.51, "Total Cost": 486140.76, "Plan Rows": 100, "Plan Width": 34, "Actual Min Startup Time": 11240.864, "Actual Max Startup Time": 11240.864, "Actual Min Total Time": 11240.88, "Actual Max Total Time": 11240.88, "Actual Total Rows": 100, "Plans": [{"Node Type": "Sort", "Parent Relationship": "Outer", "Startup Cost": 486140.51, "Total Cost": 486163.44, "Plan Rows": 100, "Plan Width": 34, "Actual Min Startup Time": 11240.861, "Actual Max Startup Time": 11240.861, "Actual Min Total Time": 11240.867, "Actual Max Total Time": 11240.867, "Actual Total Rows": 100, "Sort Key": ["(count(*)) DESC", "supplier.s_name"], "Sort Method": "top-N heapsort", "Sort Space Min Used": 41, "Sort Space Max Used": 41, "Sort Space Type": "Memory", "Plans": [{"Node Type": "Aggregate", "Strategy": "Hashed", "Parent Relationship": "Outer", "Startup Cost": 485698.24, "Total Cost": 485789.96, "Plan Rows": 9172, "Plan Width": 34, "Actual Min Startup Time": 11237.401, "Actual Max Startup Time": 11237.401, "Actual Min Total Time": 11238.769, "Actual Max Total Time": 11238.769, "Actual Total Rows": 3981, "Group By Key": ["supplier.s_name"], "Plans": [{"Node Type": "Nested Loop", "Parent Relationship": "Outer", "Join Type": "Inner", "Startup Cost": 189763.55, "Total Cost": 485652.38, "Plan Rows": 9172, "Plan Width": 26, "Actual Min Startup Time": 8590.269, "Actual Max Startup Time": 8590.269, "Actual Min Total Time": 11197.681, "Actual Max Total Time": 11197.681, "Actual Total Rows": 39445, "Inner Unique": true, "Join Filter": "(l1.l_orderkey = orders.o_orderkey)", "Rows Removed by Join Filter": 0, "Plans": [{"Node Type": "Nested Loop", "Parent Relationship": "Outer", "Join Type": "Semi", "Startup Cost": 189762.95, "Total Cost": 452091.62, "Plan Rows": 7254, "Plan Width": 42, "Actual Min Startup Time": 8590.209, "Actual Max Startup Time": 8590.209, "Actual Min Total Time": 10305.578, "Actual Max Total Time": 10305.578, "Actual Total Rows": 80537, "Inner Unique": false, "Plans": [{"Node Type": "Streaming(type: LOCAL GATHER dop: 1/16)", "Parent Relationship": "Outer", "Startup Cost": 189762.13, "Total Cost": 436913.07, "Plan Rows": 7635, "Plan Width": 42, "Actual Min Startup Time": 8590.108, "Actual Max Startup Time": 8590.108, "Actual Min Total Time": 8662.465, "Actual Max Total Time": 8662.465, "Actual Total Rows": 135110, "Plans": [{"Node Type": "Hash Join", "Parent Relationship": "Outer", "Join Type": "Right Anti", "Startup Cost": 189762.13, "Total Cost": 436748.29, "Plan Rows": 7635, "Plan Width": 42, "Actual Min Startup Time": 8445.861, "Actual Max Startup Time": 8466.538, "Actual Min Total Time": 8449.069, "Actual Max Total Time": 8468.683, "Actual Total Rows": 135110, "Inner Unique": false, "Hash Cond": "(l3.l_orderkey = l1.l_orderkey)", "Join Filter": "(l3.l_suppkey <> l1.l_suppkey)", "Rows Removed by Join Filter": 548525, "Plans": [{"Node Type": "Streaming(type: LOCAL REDISTRIBUTE dop: 16/16)", "Parent Relationship": "Outer", "Startup Cost": 0.0, "Total Cost": 241082.56, "Plan Rows": 19995678, "Plan Width": 16, "Actual Min Startup Time": 0.066, "Actual Max Startup Time": 0.722, "Actual Min Total Time": 4955.966, "Actual Max Total Time": 5250.864, "Actual Total Rows": 37929348, "Plans": [{"Node Type": "Seq Scan", "Parent Relationship": "Outer", "Relation Name": "lineitem", "Alias": "l3", "Startup Cost": 0.0, "Total Cost": 150317.68, "Plan Rows": 19995678, "Plan Width": 16, "Actual Min Startup Time": 0.025, "Actual Max Startup Time": 0.071, "Actual Min Total Time": 1694.545, "Actual Max Total Time": 1785.562, "Actual Total Rows": 37929348, "Filter": "(l_receiptdate > l_commitdate), (LLVM Optimized, Jit Execute)", "Rows Removed by Filter": 22056704}]}, {"Node Type": "Hash", "Parent Relationship": "Inner", "Startup Cost": 189642.83, "Total Cost": 189642.83, "Plan Rows": 152707, "Plan Width": 42, "Actual Min Startup Time": 2634.573, "Actual Max Startup Time": 2655.314, "Actual Min Total Time": 2634.573, "Actual Max Total Time": 2655.314, "Actual Total Rows": 1511024, "Max Hash Buckets": 32768, "Min Hash Buckets": 32768, "Max Hash Batches": 1, "Min Hash Batches": 1, "Max Original Hash Batches": 1, "Min Original Hash Batches": 1, "Max Peak Memory Usage": 7375, "min Peak Memory Usage": 7375, "Plans": [{"Node Type": "Streaming(type: LOCAL REDISTRIBUTE dop: 16/16)", "Parent Relationship": "Outer", "Startup Cost": 18964.6, "Total Cost": 189642.83, "Plan Rows": 152707, "Plan Width": 42, "Actual Min Startup Time": 141.431, "Actual Max Startup Time": 165.14, "Actual Min Total Time": 2584.986, "Actual Max Total Time": 2630.417, "Actual Total Rows": 1511024, "Plans": [{"Node Type": "Hash Join", "Parent Relationship": "Outer", "Join Type": "Inner", "Startup Cost": 18964.6, "Total Cost": 174064.21, "Plan Rows": 152707, "Plan Width": 42, "Actual Min Startup Time": 55.875, "Actual Max Startup Time": 173.167, "Actual Min Total Time": 2287.562, "Actual Max Total Time": 2444.859, "Actual Total Rows": 1511024, "Inner Unique": false, "Hash Cond": "(l1.l_suppkey = supplier.s_suppkey), (LLVM Optimized, Jit Execute)", "Plans": [{"Node Type": "Seq Scan", "Parent Relationship": "Outer", "Relation Name": "lineitem", "Alias": "l1", "Startup Cost": 0.0, "Total Cost": 150317.68, "Plan Rows": 19995678, "Plan Width": 16, "Actual Min Startup Time": 0.025, "Actual Max Startup Time": 0.044, "Actual Min Total Time": 1692.272, "Actual Max Total Time": 1818.782, "Actual Total Rows": 37929348, "Filter": "(l_receiptdate > l_commitdate), (LLVM Optimized, Jit Execute)", "Rows Removed by Filter": 22056704}, {"Node Type": "Hash", "Parent Relationship": "Inner", "Startup Cost": 18914.6, "Total Cost": 18914.6, "Plan Rows": 64000, "Plan Width": 34, "Actual Min Startup Time": 55.738, "Actual Max Startup Time": 172.992, "Actual Min Total Time": 55.738, "Actual Max Total Time": 172.992, "Actual Total Rows": 63696, "Max Hash Buckets": 32768, "Min Hash Buckets": 32768, "Max Hash Batches": 1, "Min Hash Batches": 1, "Max Original Hash Batches": 1, "Min Original Hash Batches": 1, "Max Peak Memory Usage": 280, "min Peak Memory Usage": 280, "Plans": [{"Node Type": "Streaming(type: BROADCAST dop: 16/1)", "Parent Relationship": "Outer", "Startup Cost": 95.25, "Total Cost": 18914.6, "Plan Rows": 64000, "Plan Width": 34, "Actual Min Startup Time": 0.032, "Actual Max Startup Time": 0.08, "Actual Min Total Time": 54.443, "Actual Max Total Time": 171.515, "Actual Total Rows": 63696, "Plans": [{"Node Type": "Nested Loop", "Parent Relationship": "Outer", "Join Type": "Inner", "Startup Cost": 95.25, "Total Cost": 2533.35, "Plan Rows": 4000, "Plan Width": 34, "Actual Min Startup Time": 1.18, "Actual Max Startup Time": 1.18, "Actual Min Total Time": 10.071, "Actual Max Total Time": 10.071, "Actual Total Rows": 3981, "Inner Unique": false, "Plans": [{"Node Type": "Seq Scan", "Parent Relationship": "Outer", "Relation Name": "nation", "Alias": "nation", "Startup Cost": 0.0, "Total Cost": 1.31, "Plan Rows": 1, "Plan Width": 4, "Actual Min Startup Time": 0.036, "Actual Max Startup Time": 0.036, "Actual Min Total Time": 0.057, "Actual Max Total Time": 0.057, "Actual Total Rows": 1, "Filter": "(n_name = 'EGYPT'::bpchar)", "Rows Removed by Filter": 24}, {"Node Type": "Bitmap Heap Scan", "Parent Relationship": "Inner", "Relation Name": "supplier", "Alias": "supplier", "Startup Cost": 95.25, "Total Cost": 2492.04, "Plan Rows": 4000, "Plan Width": 38, "Actual Min Startup Time": 1.135, "Actual Max Startup Time": 1.135, "Actual Min Total Time": 9.171, "Actual Max Total Time": 9.171, "Actual Total Rows": 3981, "Recheck Cond": "(s_nationkey = nation.n_nationkey)", "Rows Removed by Index Recheck": 0, "Exact Heap Blocks": 0, "Lossy Heap Blocks": 0, "Plans": [{"Node Type": "Bitmap Index Scan", "Parent Relationship": "Outer", "Index Name": "idx_supplier_nation_key", "Startup Cost": 0.0, "Total Cost": 94.25, "Plan Rows": 4000, "Plan Width": 0, "Actual Min Startup Time": 0.824, "Actual Max Startup Time": 0.824, "Actual Min Total Time": 0.824, "Actual Max Total Time": 0.824, "Actual Total Rows": 3981, "Index Cond": "(s_nationkey = nation.n_nationkey)"}]}]}]}]}]}]}]}]}]}, {"Node Type": "Bitmap Heap Scan", "Parent Relationship": "Inner", "Relation Name": "lineitem", "Alias": "l2", "Startup Cost": 0.82, "Total Cost": 8.95, "Plan Rows": 9, "Plan Width": 16, "Actual Min Startup Time": 1463.89, "Actual Max Startup Time": 1463.89, "Actual Min Total Time": 1463.89, "Actual Max Total Time": 1463.89, "Actual Total Rows": 80537, "Recheck Cond": "(l_orderkey = l1.l_orderkey)", "Rows Removed by Index Recheck": 0, "Filter": "(l_suppkey <> l1.l_suppkey)", "Rows Removed by Filter": 85912, "Exact Heap Blocks": 135868, "Lossy Heap Blocks": 135868, "Plans": [{"Node Type": "Bitmap Index Scan", "Parent Relationship": "Outer", "Index Name": "idx_lineitem_orderkey", "Startup Cost": 0.0, "Total Cost": 0.82, "Plan Rows": 9, "Plan Width": 0, "Actual Min Startup Time": 913.992, "Actual Max Startup Time": 913.992, "Actual Min Total Time": 913.992, "Actual Max Total Time": 913.992, "Actual Total Rows": 287712, "Index Cond": "(l_orderkey = l1.l_orderkey)"}]}]}, {"Node Type": "Bitmap Heap Scan", "Parent Relationship": "Inner", "Relation Name": "orders", "Alias": "orders", "Startup Cost": 0.6, "Total Cost": 4.61, "Plan Rows": 1, "Plan Width": 8, "Actual Min Startup Time": 790.443, "Actual Max Startup Time": 790.443, "Actual Min Total Time": 790.443, "Actual Max Total Time": 790.443, "Actual Total Rows": 39445, "Recheck Cond": "(o_orderkey = l2.l_orderkey)", "Rows Removed by Index Recheck": 0, "Filter": "(o_orderstatus = 'F'::bpchar)", "Rows Removed by Filter": 41092, "Exact Heap Blocks": 80537, "Lossy Heap Blocks": 80537, "Plans": [{"Node Type": "Bitmap Index Scan", "Parent Relationship": "Outer", "Index Name": "orders_pkey", "Startup Cost": 0.0, "Total Cost": 0.6, "Plan Rows": 1, "Plan Width": 0, "Actual Min Startup Time": 483.093, "Actual Max Startup Time": 483.093, "Actual Min Total Time": 483.093, "Actual Max Total Time": 483.093, "Actual Total Rows": 80537, "Index Cond": "(o_orderkey = l2.l_orderkey)"}]}]}]}]}]}, "Triggers": [], "Planner Runtime": 15.989, "Total Runtime": 11264.77, "Unique SQL Id": 3870093320}}, "(16, 67)": {"explain_plan": {"Plan": {"Node Type": "Limit", "Startup Cost": 3882163.35, "Total Cost": 3882163.6, "Plan Rows": 100, "Plan Width": 34, "Plans": [{"Node Type": "Sort", "Parent Relationship": "Outer", "Startup Cost": 3882163.35, "Total Cost": 3882186.28, "Plan Rows": 100, "Plan Width": 34, "Sort Key": ["(count(*)) DESC", "supplier.s_name"], "Plans": [{"Node Type": "Aggregate", "Strategy": "Hashed", "Parent Relationship": "Outer", "Startup Cost": 3881721.08, "Total Cost": 3881812.8, "Plan Rows": 9172, "Plan Width": 34, "Group By Key": ["supplier.s_name"], "Plans": [{"Node Type": "Nested Loop", "Parent Relationship": "Outer", "Join Type": "Inner", "Startup Cost": 1232631.31, "Total Cost": 3881675.22, "Plan Rows": 9172, "Plan Width": 26, "Inner Unique": true, "Join Filter": "(l1.l_orderkey = orders.o_orderkey)", "Plans": [{"Node Type": "Nested Loop", "Parent Relationship": "Outer", "Join Type": "Semi", "Startup Cost": 1232630.71, "Total Cost": 3848114.46, "Plan Rows": 7254, "Plan Width": 42, "Inner Unique": false, "Plans": [{"Node Type": "Nested Loop", "Parent Relationship": "Outer", "Join Type": "Anti", "Startup Cost": 1232629.88, "Total Cost": 3832935.91, "Plan Rows": 7635, "Plan Width": 42, "Inner Unique": false, "Plans": [{"Node Type": "Hash Join", "Parent Relationship": "Outer", "Join Type": "Inner", "Startup Cost": 1232629.06, "Total Cost": 3474222.84, "Plan Rows": 152707, "Plan Width": 42, "Inner Unique": false, "Hash Cond": "(l1.l_suppkey = supplier.s_suppkey), (LLVM Optimized)", "Plans": [{"Node Type": "Bitmap Heap Scan", "Parent Relationship": "Outer", "Relation Name": "lineitem", "Alias": "l1", "Startup Cost": 1230034.33, "Total Cost": 3395117.25, "Plan Rows": 19995678, "Plan Width": 16, "Filter": "(l_receiptdate > l_commitdate), (LLVM Optimized)", "Plans": [{"Node Type": "Bitmap Index Scan", "Parent Relationship": "Outer", "Index Name": "idx_lineitem_orderkey", "Startup Cost": 0.0, "Total Cost": 1225035.42, "Plan Rows": 59987033, "Plan Width": 0}]}, {"Node Type": "Hash", "Parent Relationship": "Inner", "Startup Cost": 2544.73, "Total Cost": 2544.73, "Plan Rows": 4000, "Plan Width": 34, "Plans": [{"Node Type": "Nested Loop", "Parent Relationship": "Outer", "Join Type": "Inner", "Startup Cost": 103.63, "Total Cost": 2544.73, "Plan Rows": 4000, "Plan Width": 34, "Inner Unique": false, "Plans": [{"Node Type": "Bitmap Heap Scan", "Parent Relationship": "Outer", "Relation Name": "nation", "Alias": "nation", "Startup Cost": 8.38, "Total Cost": 12.69, "Plan Rows": 1, "Plan Width": 4, "Filter": "(n_name = 'EGYPT'::bpchar)", "Plans": [{"Node Type": "Bitmap Index Scan", "Parent Relationship": "Outer", "Index Name": "nation_pkey", "Startup Cost": 0.0, "Total Cost": 8.38, "Plan Rows": 25, "Plan Width": 0}]}, {"Node Type": "Bitmap Heap Scan", "Parent Relationship": "Inner", "Relation Name": "supplier", "Alias": "supplier", "Startup Cost": 95.25, "Total Cost": 2492.04, "Plan Rows": 4000, "Plan Width": 38, "Recheck Cond": "(s_nationkey = nation.n_nationkey)", "Plans": [{"Node Type": "Bitmap Index Scan", "Parent Relationship": "Outer", "Index Name": "idx_supplier_nation_key", "Startup Cost": 0.0, "Total Cost": 94.25, "Plan Rows": 4000, "Plan Width": 0, "Index Cond": "(s_nationkey = nation.n_nationkey)"}]}]}]}]}, {"Node Type": "Bitmap Heap Scan", "Parent Relationship": "Inner", "Relation Name": "lineitem", "Alias": "l3", "Startup Cost": 0.82, "Total Cost": 8.97, "Plan Rows": 3, "Plan Width": 16, "Recheck Cond": "(l_orderkey = l1.l_orderkey)", "Filter": "((l_receiptdate > l_commitdate) AND (l_suppkey <> l1.l_suppkey))", "Plans": [{"Node Type": "Bitmap Index Scan", "Parent Relationship": "Outer", "Index Name": "idx_lineitem_orderkey", "Startup Cost": 0.0, "Total Cost": 0.82, "Plan Rows": 9, "Plan Width": 0, "Index Cond": "(l_orderkey = l1.l_orderkey)"}]}]}, {"Node Type": "Bitmap Heap Scan", "Parent Relationship": "Inner", "Relation Name": "lineitem", "Alias": "l2", "Startup Cost": 0.82, "Total Cost": 8.95, "Plan Rows": 9, "Plan Width": 16, "Recheck Cond": "(l_orderkey = l1.l_orderkey)", "Filter": "(l_suppkey <> l1.l_suppkey)", "Plans": [{"Node Type": "Bitmap Index Scan", "Parent Relationship": "Outer", "Index Name": "idx_lineitem_orderkey", "Startup Cost": 0.0, "Total Cost": 0.82, "Plan Rows": 9, "Plan Width": 0, "Index Cond": "(l_orderkey = l1.l_orderkey)"}]}]}, {"Node Type": "Bitmap Heap Scan", "Parent Relationship": "Inner", "Relation Name": "orders", "Alias": "orders", "Startup Cost": 0.6, "Total Cost": 4.61, "Plan Rows": 1, "Plan Width": 8, "Recheck Cond": "(o_orderkey = l2.l_orderkey)", "Filter": "(o_orderstatus = 'F'::bpchar)", "Plans": [{"Node Type": "Bitmap Index Scan", "Parent Relationship": "Outer", "Index Name": "orders_pkey", "Startup Cost": 0.0, "Total Cost": 0.6, "Plan Rows": 1, "Plan Width": 0, "Index Cond": "(o_orderkey = l2.l_orderkey)"}]}]}]}]}]}, "Unique SQL Id": 3870093320}, "explain_analyze_plan": null}, "(16, 68)": {"explain_plan": {"Plan": {"Node Type": "Limit", "Startup Cost": 233991.22, "Total Cost": 233991.47, "Plan Rows": 100, "Plan Width": 34, "Plans": [{"Node Type": "Sort", "Parent Relationship": "Outer", "Startup Cost": 233991.22, "Total Cost": 234014.15, "Plan Rows": 100, "Plan Width": 34, "Sort Key": ["(count(*)) DESC", "supplier.s_name"], "Plans": [{"Node Type": "Aggregate", "Strategy": "Hashed", "Parent Relationship": "Outer", "Startup Cost": 233548.95, "Total Cost": 233640.67, "Plan Rows": 9172, "Plan Width": 34, "Group By Key": ["supplier.s_name"], "Plans": [{"Node Type": "Nested Loop", "Parent Relationship": "Outer", "Join Type": "Inner", "Startup Cost": 18964.6, "Total Cost": 233503.09, "Plan Rows": 9172, "Plan Width": 26, "Inner Unique": true, "Join Filter": "(l1.l_orderkey = orders.o_orderkey)", "Plans": [{"Node Type": "Nested Loop", "Parent Relationship": "Outer", "Join Type": "Semi", "Startup Cost": 18964.6, "Total Cost": 226402.72, "Plan Rows": 7254, "Plan Width": 42, "Inner Unique": false, "Plans": [{"Node Type": "Nested Loop", "Parent Relationship": "Outer", "Join Type": "Anti", "Startup Cost": 18964.6, "Total Cost": 224547.15, "Plan Rows": 7635, "Plan Width": 42, "Inner Unique": false, "Plans": [{"Node Type": "Streaming(type: LOCAL GATHER dop: 1/16)", "Parent Relationship": "Outer", "Startup Cost": 18964.6, "Total Cost": 177359.94, "Plan Rows": 152707, "Plan Width": 42, "Plans": [{"Node Type": "Hash Join", "Parent Relationship": "Outer", "Join Type": "Inner", "Startup Cost": 18964.6, "Total Cost": 174064.21, "Plan Rows": 152707, "Plan Width": 42, "Inner Unique": false, "Hash Cond": "(l1.l_suppkey = supplier.s_suppkey), (LLVM Optimized)", "Plans": [{"Node Type": "Seq Scan", "Parent Relationship": "Outer", "Relation Name": "lineitem", "Alias": "l1", "Startup Cost": 0.0, "Total Cost": 150317.68, "Plan Rows": 19995678, "Plan Width": 16, "Filter": "(l_receiptdate > l_commitdate), (LLVM Optimized)"}, {"Node Type": "Hash", "Parent Relationship": "Inner", "Startup Cost": 18914.6, "Total Cost": 18914.6, "Plan Rows": 64000, "Plan Width": 34, "Plans": [{"Node Type": "Streaming(type: BROADCAST dop: 16/1)", "Parent Relationship": "Outer", "Startup Cost": 95.25, "Total Cost": 18914.6, "Plan Rows": 64000, "Plan Width": 34, "Plans": [{"Node Type": "Nested Loop", "Parent Relationship": "Outer", "Join Type": "Inner", "Startup Cost": 95.25, "Total Cost": 2533.35, "Plan Rows": 4000, "Plan Width": 34, "Inner Unique": false, "Plans": [{"Node Type": "Seq Scan", "Parent Relationship": "Outer", "Relation Name": "nation", "Alias": "nation", "Startup Cost": 0.0, "Total Cost": 1.31, "Plan Rows": 1, "Plan Width": 4, "Filter": "(n_name = 'EGYPT'::bpchar)"}, {"Node Type": "Bitmap Heap Scan", "Parent Relationship": "Inner", "Relation Name": "supplier", "Alias": "supplier", "Startup Cost": 95.25, "Total Cost": 2492.04, "Plan Rows": 4000, "Plan Width": 38, "Recheck Cond": "(s_nationkey = nation.n_nationkey)", "Plans": [{"Node Type": "Bitmap Index Scan", "Parent Relationship": "Outer", "Index Name": "idx_supplier_nation_key", "Startup Cost": 0.0, "Total Cost": 94.25, "Plan Rows": 4000, "Plan Width": 0, "Index Cond": "(s_nationkey = nation.n_nationkey)"}]}]}]}]}]}]}, {"Node Type": "Index Scan", "Parent Relationship": "Inner", "Scan Direction": "Forward", "Index Name": "idx_lineitem_orderkey", "Relation Name": "lineitem", "Alias": "l3", "Startup Cost": 0.0, "Total Cost": 1.63, "Plan Rows": 3, "Plan Width": 16, "Index Cond": "(l_orderkey = l1.l_orderkey)", "Filter": "((l_receiptdate > l_commitdate) AND (l_suppkey <> l1.l_suppkey))"}]}, {"Node Type": "Index Scan", "Parent Relationship": "Inner", "Scan Direction": "Forward", "Index Name": "idx_lineitem_orderkey", "Relation Name": "lineitem", "Alias": "l2", "Startup Cost": 0.0, "Total Cost": 1.63, "Plan Rows": 9, "Plan Width": 16, "Index Cond": "(l_orderkey = l1.l_orderkey)", "Filter": "(l_suppkey <> l1.l_suppkey)"}]}, {"Node Type": "Index Scan", "Parent Relationship": "Inner", "Scan Direction": "Forward", "Index Name": "orders_pkey", "Relation Name": "orders", "Alias": "orders", "Startup Cost": 0.0, "Total Cost": 0.97, "Plan Rows": 1, "Plan Width": 8, "Index Cond": "(o_orderkey = l2.l_orderkey)", "Filter": "(o_orderstatus = 'F'::bpchar)"}]}]}]}]}, "Unique SQL Id": 3870093320}, "explain_analyze_plan": {"Plan": {"Node Type": "Limit", "Startup Cost": 233991.22, "Total Cost": 233991.47, "Plan Rows": 100, "Plan Width": 34, "Actual Min Startup Time": 12229.654, "Actual Max Startup Time": 12229.654, "Actual Min Total Time": 12229.673, "Actual Max Total Time": 12229.673, "Actual Total Rows": 100, "Plans": [{"Node Type": "Sort", "Parent Relationship": "Outer", "Startup Cost": 233991.22, "Total Cost": 234014.15, "Plan Rows": 100, "Plan Width": 34, "Actual Min Startup Time": 12229.651, "Actual Max Startup Time": 12229.651, "Actual Min Total Time": 12229.656, "Actual Max Total Time": 12229.656, "Actual Total Rows": 100, "Sort Key": ["(count(*)) DESC", "supplier.s_name"], "Sort Method": "top-N heapsort", "Sort Space Min Used": 41, "Sort Space Max Used": 41, "Sort Space Type": "Memory", "Plans": [{"Node Type": "Aggregate", "Strategy": "Hashed", "Parent Relationship": "Outer", "Startup Cost": 233548.95, "Total Cost": 233640.67, "Plan Rows": 9172, "Plan Width": 34, "Actual Min Startup Time": 12226.217, "Actual Max Startup Time": 12226.217, "Actual Min Total Time": 12227.502, "Actual Max Total Time": 12227.502, "Actual Total Rows": 3981, "Group By Key": ["supplier.s_name"], "Plans": [{"Node Type": "Nested Loop", "Parent Relationship": "Outer", "Join Type": "Inner", "Startup Cost": 18964.6, "Total Cost": 233503.09, "Plan Rows": 9172, "Plan Width": 26, "Actual Min Startup Time": 84.248, "Actual Max Startup Time": 84.248, "Actual Min Total Time": 12174.868, "Actual Max Total Time": 12174.868, "Actual Total Rows": 39445, "Inner Unique": true, "Join Filter": "(l1.l_orderkey = orders.o_orderkey)", "Rows Removed by Join Filter": 0, "Plans": [{"Node Type": "Nested Loop", "Parent Relationship": "Outer", "Join Type": "Semi", "Startup Cost": 18964.6, "Total Cost": 226402.72, "Plan Rows": 7254, "Plan Width": 42, "Actual Min Startup Time": 84.22, "Actual Max Startup Time": 84.22, "Actual Min Total Time": 11595.118, "Actual Max Total Time": 11595.118, "Actual Total Rows": 80537, "Inner Unique": false, "Plans": [{"Node Type": "Nested Loop", "Parent Relationship": "Outer", "Join Type": "Anti", "Startup Cost": 18964.6, "Total Cost": 224547.15, "Plan Rows": 7635, "Plan Width": 42, "Actual Min Startup Time": 84.209, "Actual Max Startup Time": 84.209, "Actual Min Total Time": 11003.815, "Actual Max Total Time": 11003.815, "Actual Total Rows": 135110, "Inner Unique": false, "Plans": [{"Node Type": "Streaming(type: LOCAL GATHER dop: 1/16)", "Parent Relationship": "Outer", "Startup Cost": 18964.6, "Total Cost": 177359.94, "Plan Rows": 152707, "Plan Width": 42, "Actual Min Startup Time": 84.043, "Actual Max Startup Time": 84.043, "Actual Min Total Time": 749.673, "Actual Max Total Time": 749.673, "Actual Total Rows": 1511024, "Plans": [{"Node Type": "Hash Join", "Parent Relationship": "Outer", "Join Type": "Inner", "Startup Cost": 18964.6, "Total Cost": 174064.21, "Plan Rows": 152707, "Plan Width": 42, "Actual Min Startup Time": 39.442, "Actual Max Startup Time": 45.147, "Actual Min Total Time": 2132.334, "Actual Max Total Time": 2213.238, "Actual Total Rows": 1511024, "Inner Unique": false, "Hash Cond": "(l1.l_suppkey = supplier.s_suppkey), (LLVM Optimized, Jit Execute)", "Plans": [{"Node Type": "Seq Scan", "Parent Relationship": "Outer", "Relation Name": "lineitem", "Alias": "l1", "Startup Cost": 0.0, "Total Cost": 150317.68, "Plan Rows": 19995678, "Plan Width": 16, "Actual Min Startup Time": 0.023, "Actual Max Startup Time": 0.039, "Actual Min Total Time": 1589.34, "Actual Max Total Time": 1658.229, "Actual Total Rows": 37929348, "Filter": "(l_receiptdate > l_commitdate), (LLVM Optimized, Jit Execute)", "Rows Removed by Filter": 22056704}, {"Node Type": "Hash", "Parent Relationship": "Inner", "Startup Cost": 18914.6, "Total Cost": 18914.6, "Plan Rows": 64000, "Plan Width": 34, "Actual Min Startup Time": 39.31, "Actual Max Startup Time": 45.002, "Actual Min Total Time": 39.31, "Actual Max Total Time": 45.002, "Actual Total Rows": 63696, "Max Hash Buckets": 32768, "Min Hash Buckets": 32768, "Max Hash Batches": 1, "Min Hash Batches": 1, "Max Original Hash Batches": 1, "Min Original Hash Batches": 1, "Max Peak Memory Usage": 280, "min Peak Memory Usage": 280, "Plans": [{"Node Type": "Streaming(type: BROADCAST dop: 16/1)", "Parent Relationship": "Outer", "Startup Cost": 95.25, "Total Cost": 18914.6, "Plan Rows": 64000, "Plan Width": 34, "Actual Min Startup Time": 0.023, "Actual Max Startup Time": 0.069, "Actual Min Total Time": 38.317, "Actual Max Total Time": 43.918, "Actual Total Rows": 63696, "Plans": [{"Node Type": "Nested Loop", "Parent Relationship": "Outer", "Join Type": "Inner", "Startup Cost": 95.25, "Total Cost": 2533.35, "Plan Rows": 4000, "Plan Width": 34, "Actual Min Startup Time": 1.203, "Actual Max Startup Time": 1.203, "Actual Min Total Time": 7.534, "Actual Max Total Time": 7.534, "Actual Total Rows": 3981, "Inner Unique": false, "Plans": [{"Node Type": "Seq Scan", "Parent Relationship": "Outer", "Relation Name": "nation", "Alias": "nation", "Startup Cost": 0.0, "Total Cost": 1.31, "Plan Rows": 1, "Plan Width": 4, "Actual Min Startup Time": 0.047, "Actual Max Startup Time": 0.047, "Actual Min Total Time": 0.067, "Actual Max Total Time": 0.067, "Actual Total Rows": 1, "Filter": "(n_name = 'EGYPT'::bpchar)", "Rows Removed by Filter": 24}, {"Node Type": "Bitmap Heap Scan", "Parent Relationship": "Inner", "Relation Name": "supplier", "Alias": "supplier", "Startup Cost": 95.25, "Total Cost": 2492.04, "Plan Rows": 4000, "Plan Width": 38, "Actual Min Startup Time": 1.144, "Actual Max Startup Time": 1.144, "Actual Min Total Time": 6.664, "Actual Max Total Time": 6.664, "Actual Total Rows": 3981, "Recheck Cond": "(s_nationkey = nation.n_nationkey)", "Rows Removed by Index Recheck": 0, "Exact Heap Blocks": 0, "Lossy Heap Blocks": 0, "Plans": [{"Node Type": "Bitmap Index Scan", "Parent Relationship": "Outer", "Index Name": "idx_supplier_nation_key", "Startup Cost": 0.0, "Total Cost": 94.25, "Plan Rows": 4000, "Plan Width": 0, "Actual Min Startup Time": 0.811, "Actual Max Startup Time": 0.811, "Actual Min Total Time": 0.811, "Actual Max Total Time": 0.811, "Actual Total Rows": 3981, "Index Cond": "(s_nationkey = nation.n_nationkey)"}]}]}]}]}]}]}, {"Node Type": "Index Scan", "Parent Relationship": "Inner", "Scan Direction": "Forward", "Index Name": "idx_lineitem_orderkey", "Relation Name": "lineitem", "Alias": "l3", "Startup Cost": 0.0, "Total Cost": 1.63, "Plan Rows": 3, "Plan Width": 16, "Actual Min Startup Time": 9221.901, "Actual Max Startup Time": 9221.901, "Actual Min Total Time": 9221.901, "Actual Max Total Time": 9221.901, "Actual Total Rows": 1375914, "Index Cond": "(l_orderkey = l1.l_orderkey)", "Rows Removed by Index Recheck": 0, "Filter": "((l_receiptdate > l_commitdate) AND (l_suppkey <> l1.l_suppkey))", "Rows Removed by Filter": 1348115}]}, {"Node Type": "Index Scan", "Parent Relationship": "Inner", "Scan Direction": "Forward", "Index Name": "idx_lineitem_orderkey", "Relation Name": "lineitem", "Alias": "l2", "Startup Cost": 0.0, "Total Cost": 1.63, "Plan Rows": 9, "Plan Width": 16, "Actual Min Startup Time": 496.479, "Actual Max Startup Time": 496.479, "Actual Min Total Time": 496.479, "Actual Max Total Time": 496.479, "Actual Total Rows": 80537, "Index Cond": "(l_orderkey = l1.l_orderkey)", "Rows Removed by Index Recheck": 0, "Filter": "(l_suppkey <> l1.l_suppkey)", "Rows Removed by Filter": 85912}]}, {"Node Type": "Index Scan", "Parent Relationship": "Inner", "Scan Direction": "Forward", "Index Name": "orders_pkey", "Relation Name": "orders", "Alias": "orders", "Startup Cost": 0.0, "Total Cost": 0.97, "Plan Rows": 1, "Plan Width": 8, "Actual Min Startup Time": 513.763, "Actual Max Startup Time": 513.763, "Actual Min Total Time": 513.763, "Actual Max Total Time": 513.763, "Actual Total Rows": 39445, "Index Cond": "(o_orderkey = l2.l_orderkey)", "Rows Removed by Index Recheck": 0, "Filter": "(o_orderstatus = 'F'::bpchar)", "Rows Removed by Filter": 41092}]}]}]}]}, "Triggers": [], "Planner Runtime": 13.94, "Total Runtime": 12242.166, "Unique SQL Id": 3870093320}}, "(16, 69)": {"explain_plan": {"Plan": {"Node Type": "Limit", "Startup Cost": 2785833.2, "Total Cost": 2785833.45, "Plan Rows": 100, "Plan Width": 34, "Plans": [{"Node Type": "Sort", "Parent Relationship": "Outer", "Startup Cost": 2785833.2, "Total Cost": 2785856.13, "Plan Rows": 100, "Plan Width": 34, "Sort Key": ["(count(*)) DESC", "supplier.s_name"], "Plans": [{"Node Type": "Aggregate", "Strategy": "Hashed", "Parent Relationship": "Outer", "Startup Cost": 2785390.93, "Total Cost": 2785482.65, "Plan Rows": 9172, "Plan Width": 34, "Group By Key": ["supplier.s_name"], "Plans": [{"Node Type": "Nested Loop", "Parent Relationship": "Outer", "Join Type": "Inner", "Startup Cost": 18975.98, "Total Cost": 2785345.07, "Plan Rows": 9172, "Plan Width": 26, "Inner Unique": true, "Join Filter": "(l1.l_orderkey = orders.o_orderkey)", "Plans": [{"Node Type": "Nested Loop", "Parent Relationship": "Outer", "Join Type": "Semi", "Startup Cost": 18975.98, "Total Cost": 2778244.7, "Plan Rows": 7254, "Plan Width": 42, "Inner Unique": false, "Plans": [{"Node Type": "Nested Loop", "Parent Relationship": "Outer", "Join Type": "Anti", "Startup Cost": 18975.98, "Total Cost": 2776389.13, "Plan Rows": 7635, "Plan Width": 42, "Inner Unique": false, "Plans": [{"Node Type": "Streaming(type: LOCAL GATHER dop: 1/16)", "Parent Relationship": "Outer", "Startup Cost": 18975.98, "Total Cost": 2729201.91, "Plan Rows": 152707, "Plan Width": 42, "Plans": [{"Node Type": "Hash Join", "Parent Relationship": "Outer", "Join Type": "Inner", "Startup Cost": 18975.98, "Total Cost": 2725906.19, "Plan Rows": 152707, "Plan Width": 42, "Inner Unique": false, "Hash Cond": "(l1.l_suppkey = supplier.s_suppkey), (LLVM Optimized)", "Plans": [{"Node Type": "Index Scan", "Parent Relationship": "Outer", "Scan Direction": "Forward", "Index Name": "idx_lineitem_orderkey", "Relation Name": "lineitem", "Alias": "l1", "Startup Cost": 0.0, "Total Cost": 2702148.28, "Plan Rows": 19995678, "Plan Width": 16, "Filter": "(l_receiptdate > l_commitdate), (LLVM Optimized)"}, {"Node Type": "Hash", "Parent Relationship": "Inner", "Startup Cost": 18925.98, "Total Cost": 18925.98, "Plan Rows": 64000, "Plan Width": 34, "Plans": [{"Node Type": "Streaming(type: BROADCAST dop: 16/1)", "Parent Relationship": "Outer", "Startup Cost": 95.25, "Total Cost": 18925.98, "Plan Rows": 64000, "Plan Width": 34, "Plans": [{"Node Type": "Nested Loop", "Parent Relationship": "Outer", "Join Type": "Inner", "Startup Cost": 95.25, "Total Cost": 2544.73, "Plan Rows": 4000, "Plan Width": 34, "Inner Unique": false, "Plans": [{"Node Type": "Index Scan", "Parent Relationship": "Outer", "Scan Direction": "Forward", "Index Name": "nation_pkey", "Relation Name": "nation", "Alias": "nation", "Startup Cost": 0.0, "Total Cost": 12.69, "Plan Rows": 1, "Plan Width": 4, "Filter": "(n_name = 'EGYPT'::bpchar)"}, {"Node Type": "Bitmap Heap Scan", "Parent Relationship": "Inner", "Relation Name": "supplier", "Alias": "supplier", "Startup Cost": 95.25, "Total Cost": 2492.04, "Plan Rows": 4000, "Plan Width": 38, "Recheck Cond": "(s_nationkey = nation.n_nationkey)", "Plans": [{"Node Type": "Bitmap Index Scan", "Parent Relationship": "Outer", "Index Name": "idx_supplier_nation_key", "Startup Cost": 0.0, "Total Cost": 94.25, "Plan Rows": 4000, "Plan Width": 0, "Index Cond": "(s_nationkey = nation.n_nationkey)"}]}]}]}]}]}]}, {"Node Type": "Index Scan", "Parent Relationship": "Inner", "Scan Direction": "Forward", "Index Name": "idx_lineitem_orderkey", "Relation Name": "lineitem", "Alias": "l3", "Startup Cost": 0.0, "Total Cost": 1.63, "Plan Rows": 3, "Plan Width": 16, "Index Cond": "(l_orderkey = l1.l_orderkey)", "Filter": "((l_receiptdate > l_commitdate) AND (l_suppkey <> l1.l_suppkey))"}]}, {"Node Type": "Index Scan", "Parent Relationship": "Inner", "Scan Direction": "Forward", "Index Name": "idx_lineitem_orderkey", "Relation Name": "lineitem", "Alias": "l2", "Startup Cost": 0.0, "Total Cost": 1.63, "Plan Rows": 9, "Plan Width": 16, "Index Cond": "(l_orderkey = l1.l_orderkey)", "Filter": "(l_suppkey <> l1.l_suppkey)"}]}, {"Node Type": "Index Scan", "Parent Relationship": "Inner", "Scan Direction": "Forward", "Index Name": "orders_pkey", "Relation Name": "orders", "Alias": "orders", "Startup Cost": 0.0, "Total Cost": 0.97, "Plan Rows": 1, "Plan Width": 8, "Index Cond": "(o_orderkey = l2.l_orderkey)", "Filter": "(o_orderstatus = 'F'::bpchar)"}]}]}]}]}, "Unique SQL Id": 3870093320}, "explain_analyze_plan": {"Plan": {"Node Type": "Limit", "Startup Cost": 2785833.2, "Total Cost": 2785833.45, "Plan Rows": 100, "Plan Width": 34, "Actual Min Startup Time": 13764.738, "Actual Max Startup Time": 13764.738, "Actual Min Total Time": 13764.757, "Actual Max Total Time": 13764.757, "Actual Total Rows": 100, "Plans": [{"Node Type": "Sort", "Parent Relationship": "Outer", "Startup Cost": 2785833.2, "Total Cost": 2785856.13, "Plan Rows": 100, "Plan Width": 34, "Actual Min Startup Time": 13764.736, "Actual Max Startup Time": 13764.736, "Actual Min Total Time": 13764.743, "Actual Max Total Time": 13764.743, "Actual Total Rows": 100, "Sort Key": ["(count(*)) DESC", "supplier.s_name"], "Sort Method": "top-N heapsort", "Sort Space Min Used": 41, "Sort Space Max Used": 41, "Sort Space Type": "Memory", "Plans": [{"Node Type": "Aggregate", "Strategy": "Hashed", "Parent Relationship": "Outer", "Startup Cost": 2785390.93, "Total Cost": 2785482.65, "Plan Rows": 9172, "Plan Width": 34, "Actual Min Startup Time": 13761.425, "Actual Max Startup Time": 13761.425, "Actual Min Total Time": 13762.64, "Actual Max Total Time": 13762.64, "Actual Total Rows": 3981, "Group By Key": ["supplier.s_name"], "Plans": [{"Node Type": "Nested Loop", "Parent Relationship": "Outer", "Join Type": "Inner", "Startup Cost": 18975.98, "Total Cost": 2785345.07, "Plan Rows": 9172, "Plan Width": 26, "Actual Min Startup Time": 917.898, "Actual Max Startup Time": 917.898, "Actual Min Total Time": 13711.073, "Actual Max Total Time": 13711.073, "Actual Total Rows": 39445, "Inner Unique": true, "Join Filter": "(l1.l_orderkey = orders.o_orderkey)", "Rows Removed by Join Filter": 0, "Plans": [{"Node Type": "Nested Loop", "Parent Relationship": "Outer", "Join Type": "Semi", "Startup Cost": 18975.98, "Total Cost": 2778244.7, "Plan Rows": 7254, "Plan Width": 42, "Actual Min Startup Time": 917.632, "Actual Max Startup Time": 917.632, "Actual Min Total Time": 13105.313, "Actual Max Total Time": 13105.313, "Actual Total Rows": 80537, "Inner Unique": false, "Plans": [{"Node Type": "Nested Loop", "Parent Relationship": "Outer", "Join Type": "Anti", "Startup Cost": 18975.98, "Total Cost": 2776389.13, "Plan Rows": 7635, "Plan Width": 42, "Actual Min Startup Time": 917.613, "Actual Max Startup Time": 917.613, "Actual Min Total Time": 12509.033, "Actual Max Total Time": 12509.033, "Actual Total Rows": 135110, "Inner Unique": false, "Plans": [{"Node Type": "Streaming(type: LOCAL GATHER dop: 1/16)", "Parent Relationship": "Outer", "Startup Cost": 18975.98, "Total Cost": 2729201.91, "Plan Rows": 152707, "Plan Width": 42, "Actual Min Startup Time": 917.55, "Actual Max Startup Time": 917.55, "Actual Min Total Time": 1686.927, "Actual Max Total Time": 1686.927, "Actual Total Rows": 1511024, "Plans": [{"Node Type": "Hash Join", "Parent Relationship": "Outer", "Join Type": "Inner", "Startup Cost": 18975.98, "Total Cost": 2725906.19, "Plan Rows": 152707, "Plan Width": 42, "Actual Min Startup Time": 836.153, "Actual Max Startup Time": 859.668, "Actual Min Total Time": 3988.911, "Actual Max Total Time": 4372.024, "Actual Total Rows": 1511024, "Inner Unique": false, "Hash Cond": "(l1.l_suppkey = supplier.s_suppkey), (LLVM Optimized, Jit Execute)", "Plans": [{"Node Type": "Index Scan", "Parent Relationship": "Outer", "Scan Direction": "Forward", "Index Name": "idx_lineitem_orderkey", "Relation Name": "lineitem", "Alias": "l1", "Startup Cost": 0.0, "Total Cost": 2702148.28, "Plan Rows": 19995678, "Plan Width": 16, "Actual Min Startup Time": 780.017, "Actual Max Startup Time": 780.159, "Actual Min Total Time": 3389.52, "Actual Max Total Time": 3791.658, "Actual Total Rows": 37929348, "Filter": "(l_receiptdate > l_commitdate), (LLVM Optimized, Jit Execute)", "Rows Removed by Filter": 22056704}, {"Node Type": "Hash", "Parent Relationship": "Inner", "Startup Cost": 18925.98, "Total Cost": 18925.98, "Plan Rows": 64000, "Plan Width": 34, "Actual Min Startup Time": 56.016, "Actual Max Startup Time": 79.435, "Actual Min Total Time": 56.016, "Actual Max Total Time": 79.435, "Actual Total Rows": 63696, "Max Hash Buckets": 32768, "Min Hash Buckets": 32768, "Max Hash Batches": 1, "Min Hash Batches": 1, "Max Original Hash Batches": 1, "Min Original Hash Batches": 1, "Max Peak Memory Usage": 280, "min Peak Memory Usage": 280, "Plans": [{"Node Type": "Streaming(type: BROADCAST dop: 16/1)", "Parent Relationship": "Outer", "Startup Cost": 95.25, "Total Cost": 18925.98, "Plan Rows": 64000, "Plan Width": 34, "Actual Min Startup Time": 0.042, "Actual Max Startup Time": 0.079, "Actual Min Total Time": 54.796, "Actual Max Total Time": 77.96, "Actual Total Rows": 63696, "Plans": [{"Node Type": "Nested Loop", "Parent Relationship": "Outer", "Join Type": "Inner", "Startup Cost": 95.25, "Total Cost": 2544.73, "Plan Rows": 4000, "Plan Width": 34, "Actual Min Startup Time": 1.239, "Actual Max Startup Time": 1.239, "Actual Min Total Time": 10.075, "Actual Max Total Time": 10.075, "Actual Total Rows": 3981, "Inner Unique": false, "Plans": [{"Node Type": "Index Scan", "Parent Relationship": "Outer", "Scan Direction": "Forward", "Index Name": "nation_pkey", "Relation Name": "nation", "Alias": "nation", "Startup Cost": 0.0, "Total Cost": 12.69, "Plan Rows": 1, "Plan Width": 4, "Actual Min Startup Time": 0.043, "Actual Max Startup Time": 0.043, "Actual Min Total Time": 0.067, "Actual Max Total Time": 0.067, "Actual Total Rows": 1, "Filter": "(n_name = 'EGYPT'::bpchar)", "Rows Removed by Filter": 24}, {"Node Type": "Bitmap Heap Scan", "Parent Relationship": "Inner", "Relation Name": "supplier", "Alias": "supplier", "Startup Cost": 95.25, "Total Cost": 2492.04, "Plan Rows": 4000, "Plan Width": 38, "Actual Min Startup Time": 1.189, "Actual Max Startup Time": 1.189, "Actual Min Total Time": 9.235, "Actual Max Total Time": 9.235, "Actual Total Rows": 3981, "Recheck Cond": "(s_nationkey = nation.n_nationkey)", "Rows Removed by Index Recheck": 0, "Exact Heap Blocks": 0, "Lossy Heap Blocks": 0, "Plans": [{"Node Type": "Bitmap Index Scan", "Parent Relationship": "Outer", "Index Name": "idx_supplier_nation_key", "Startup Cost": 0.0, "Total Cost": 94.25, "Plan Rows": 4000, "Plan Width": 0, "Actual Min Startup Time": 0.876, "Actual Max Startup Time": 0.876, "Actual Min Total Time": 0.876, "Actual Max Total Time": 0.876, "Actual Total Rows": 3981, "Index Cond": "(s_nationkey = nation.n_nationkey)"}]}]}]}]}]}]}, {"Node Type": "Index Scan", "Parent Relationship": "Inner", "Scan Direction": "Forward", "Index Name": "idx_lineitem_orderkey", "Relation Name": "lineitem", "Alias": "l3", "Startup Cost": 0.0, "Total Cost": 1.63, "Plan Rows": 3, "Plan Width": 16, "Actual Min Startup Time": 9803.763, "Actual Max Startup Time": 9803.763, "Actual Min Total Time": 9803.763, "Actual Max Total Time": 9803.763, "Actual Total Rows": 1375914, "Index Cond": "(l_orderkey = l1.l_orderkey)", "Rows Removed by Index Recheck": 0, "Filter": "((l_receiptdate > l_commitdate) AND (l_suppkey <> l1.l_suppkey))", "Rows Removed by Filter": 1348115}]}, {"Node Type": "Index Scan", "Parent Relationship": "Inner", "Scan Direction": "Forward", "Index Name": "idx_lineitem_orderkey", "Relation Name": "lineitem", "Alias": "l2", "Startup Cost": 0.0, "Total Cost": 1.63, "Plan Rows": 9, "Plan Width": 16, "Actual Min Startup Time": 498.159, "Actual Max Startup Time": 498.159, "Actual Min Total Time": 498.159, "Actual Max Total Time": 498.159, "Actual Total Rows": 80537, "Index Cond": "(l_orderkey = l1.l_orderkey)", "Rows Removed by Index Recheck": 0, "Filter": "(l_suppkey <> l1.l_suppkey)", "Rows Removed by Filter": 85912}]}, {"Node Type": "Index Scan", "Parent Relationship": "Inner", "Scan Direction": "Forward", "Index Name": "orders_pkey", "Relation Name": "orders", "Alias": "orders", "Startup Cost": 0.0, "Total Cost": 0.97, "Plan Rows": 1, "Plan Width": 8, "Actual Min Startup Time": 540.279, "Actual Max Startup Time": 540.279, "Actual Min Total Time": 540.279, "Actual Max Total Time": 540.279, "Actual Total Rows": 39445, "Index Cond": "(o_orderkey = l2.l_orderkey)", "Rows Removed by Index Recheck": 0, "Filter": "(o_orderstatus = 'F'::bpchar)", "Rows Removed by Filter": 41092}]}]}]}]}, "Triggers": [], "Planner Runtime": 12.499, "Total Runtime": 13777.942, "Unique SQL Id": 3870093320}}, "(16, 70)": {"explain_plan": {"Plan": {"Node Type": "Limit", "Startup Cost": 486140.51, "Total Cost": 486140.76, "Plan Rows": 100, "Plan Width": 34, "Plans": [{"Node Type": "Sort", "Parent Relationship": "Outer", "Startup Cost": 486140.51, "Total Cost": 486163.44, "Plan Rows": 100, "Plan Width": 34, "Sort Key": ["(count(*)) DESC", "supplier.s_name"], "Plans": [{"Node Type": "Aggregate", "Strategy": "Hashed", "Parent Relationship": "Outer", "Startup Cost": 485698.24, "Total Cost": 485789.96, "Plan Rows": 9172, "Plan Width": 34, "Group By Key": ["supplier.s_name"], "Plans": [{"Node Type": "Nested Loop", "Parent Relationship": "Outer", "Join Type": "Inner", "Startup Cost": 189763.55, "Total Cost": 485652.38, "Plan Rows": 9172, "Plan Width": 26, "Inner Unique": true, "Join Filter": "(l1.l_orderkey = orders.o_orderkey)", "Plans": [{"Node Type": "Nested Loop", "Parent Relationship": "Outer", "Join Type": "Semi", "Startup Cost": 189762.95, "Total Cost": 452091.62, "Plan Rows": 7254, "Plan Width": 42, "Inner Unique": false, "Plans": [{"Node Type": "Streaming(type: LOCAL GATHER dop: 1/16)", "Parent Relationship": "Outer", "Startup Cost": 189762.13, "Total Cost": 436913.07, "Plan Rows": 7635, "Plan Width": 42, "Plans": [{"Node Type": "Hash Join", "Parent Relationship": "Outer", "Join Type": "Right Anti", "Startup Cost": 189762.13, "Total Cost": 436748.29, "Plan Rows": 7635, "Plan Width": 42, "Inner Unique": false, "Hash Cond": "(l3.l_orderkey = l1.l_orderkey)", "Join Filter": "(l3.l_suppkey <> l1.l_suppkey)", "Plans": [{"Node Type": "Streaming(type: LOCAL REDISTRIBUTE dop: 16/16)", "Parent Relationship": "Outer", "Startup Cost": 0.0, "Total Cost": 241082.56, "Plan Rows": 19995678, "Plan Width": 16, "Plans": [{"Node Type": "Seq Scan", "Parent Relationship": "Outer", "Relation Name": "lineitem", "Alias": "l3", "Startup Cost": 0.0, "Total Cost": 150317.68, "Plan Rows": 19995678, "Plan Width": 16, "Filter": "(l_receiptdate > l_commitdate), (LLVM Optimized)"}]}, {"Node Type": "Hash", "Parent Relationship": "Inner", "Startup Cost": 189642.83, "Total Cost": 189642.83, "Plan Rows": 152707, "Plan Width": 42, "Plans": [{"Node Type": "Streaming(type: LOCAL REDISTRIBUTE dop: 16/16)", "Parent Relationship": "Outer", "Startup Cost": 18964.6, "Total Cost": 189642.83, "Plan Rows": 152707, "Plan Width": 42, "Plans": [{"Node Type": "Hash Join", "Parent Relationship": "Outer", "Join Type": "Inner", "Startup Cost": 18964.6, "Total Cost": 174064.21, "Plan Rows": 152707, "Plan Width": 42, "Inner Unique": false, "Hash Cond": "(l1.l_suppkey = supplier.s_suppkey), (LLVM Optimized)", "Plans": [{"Node Type": "Seq Scan", "Parent Relationship": "Outer", "Relation Name": "lineitem", "Alias": "l1", "Startup Cost": 0.0, "Total Cost": 150317.68, "Plan Rows": 19995678, "Plan Width": 16, "Filter": "(l_receiptdate > l_commitdate), (LLVM Optimized)"}, {"Node Type": "Hash", "Parent Relationship": "Inner", "Startup Cost": 18914.6, "Total Cost": 18914.6, "Plan Rows": 64000, "Plan Width": 34, "Plans": [{"Node Type": "Streaming(type: BROADCAST dop: 16/1)", "Parent Relationship": "Outer", "Startup Cost": 95.25, "Total Cost": 18914.6, "Plan Rows": 64000, "Plan Width": 34, "Plans": [{"Node Type": "Nested Loop", "Parent Relationship": "Outer", "Join Type": "Inner", "Startup Cost": 95.25, "Total Cost": 2533.35, "Plan Rows": 4000, "Plan Width": 34, "Inner Unique": false, "Plans": [{"Node Type": "Seq Scan", "Parent Relationship": "Outer", "Relation Name": "nation", "Alias": "nation", "Startup Cost": 0.0, "Total Cost": 1.31, "Plan Rows": 1, "Plan Width": 4, "Filter": "(n_name = 'EGYPT'::bpchar)"}, {"Node Type": "Bitmap Heap Scan", "Parent Relationship": "Inner", "Relation Name": "supplier", "Alias": "supplier", "Startup Cost": 95.25, "Total Cost": 2492.04, "Plan Rows": 4000, "Plan Width": 38, "Recheck Cond": "(s_nationkey = nation.n_nationkey)", "Plans": [{"Node Type": "Bitmap Index Scan", "Parent Relationship": "Outer", "Index Name": "idx_supplier_nation_key", "Startup Cost": 0.0, "Total Cost": 94.25, "Plan Rows": 4000, "Plan Width": 0, "Index Cond": "(s_nationkey = nation.n_nationkey)"}]}]}]}]}]}]}]}]}]}, {"Node Type": "Bitmap Heap Scan", "Parent Relationship": "Inner", "Relation Name": "lineitem", "Alias": "l2", "Startup Cost": 0.82, "Total Cost": 8.95, "Plan Rows": 9, "Plan Width": 16, "Recheck Cond": "(l_orderkey = l1.l_orderkey)", "Filter": "(l_suppkey <> l1.l_suppkey)", "Plans": [{"Node Type": "Bitmap Index Scan", "Parent Relationship": "Outer", "Index Name": "idx_lineitem_orderkey", "Startup Cost": 0.0, "Total Cost": 0.82, "Plan Rows": 9, "Plan Width": 0, "Index Cond": "(l_orderkey = l1.l_orderkey)"}]}]}, {"Node Type": "Bitmap Heap Scan", "Parent Relationship": "Inner", "Relation Name": "orders", "Alias": "orders", "Startup Cost": 0.6, "Total Cost": 4.61, "Plan Rows": 1, "Plan Width": 8, "Recheck Cond": "(o_orderkey = l2.l_orderkey)", "Filter": "(o_orderstatus = 'F'::bpchar)", "Plans": [{"Node Type": "Bitmap Index Scan", "Parent Relationship": "Outer", "Index Name": "orders_pkey", "Startup Cost": 0.0, "Total Cost": 0.6, "Plan Rows": 1, "Plan Width": 0, "Index Cond": "(o_orderkey = l2.l_orderkey)"}]}]}]}]}]}, "Unique SQL Id": 3870093320}, "explain_analyze_plan": {"Plan": {"Node Type": "Limit", "Startup Cost": 486140.51, "Total Cost": 486140.76, "Plan Rows": 100, "Plan Width": 34, "Actual Min Startup Time": 11240.864, "Actual Max Startup Time": 11240.864, "Actual Min Total Time": 11240.88, "Actual Max Total Time": 11240.88, "Actual Total Rows": 100, "Plans": [{"Node Type": "Sort", "Parent Relationship": "Outer", "Startup Cost": 486140.51, "Total Cost": 486163.44, "Plan Rows": 100, "Plan Width": 34, "Actual Min Startup Time": 11240.861, "Actual Max Startup Time": 11240.861, "Actual Min Total Time": 11240.867, "Actual Max Total Time": 11240.867, "Actual Total Rows": 100, "Sort Key": ["(count(*)) DESC", "supplier.s_name"], "Sort Method": "top-N heapsort", "Sort Space Min Used": 41, "Sort Space Max Used": 41, "Sort Space Type": "Memory", "Plans": [{"Node Type": "Aggregate", "Strategy": "Hashed", "Parent Relationship": "Outer", "Startup Cost": 485698.24, "Total Cost": 485789.96, "Plan Rows": 9172, "Plan Width": 34, "Actual Min Startup Time": 11237.401, "Actual Max Startup Time": 11237.401, "Actual Min Total Time": 11238.769, "Actual Max Total Time": 11238.769, "Actual Total Rows": 3981, "Group By Key": ["supplier.s_name"], "Plans": [{"Node Type": "Nested Loop", "Parent Relationship": "Outer", "Join Type": "Inner", "Startup Cost": 189763.55, "Total Cost": 485652.38, "Plan Rows": 9172, "Plan Width": 26, "Actual Min Startup Time": 8590.269, "Actual Max Startup Time": 8590.269, "Actual Min Total Time": 11197.681, "Actual Max Total Time": 11197.681, "Actual Total Rows": 39445, "Inner Unique": true, "Join Filter": "(l1.l_orderkey = orders.o_orderkey)", "Rows Removed by Join Filter": 0, "Plans": [{"Node Type": "Nested Loop", "Parent Relationship": "Outer", "Join Type": "Semi", "Startup Cost": 189762.95, "Total Cost": 452091.62, "Plan Rows": 7254, "Plan Width": 42, "Actual Min Startup Time": 8590.209, "Actual Max Startup Time": 8590.209, "Actual Min Total Time": 10305.578, "Actual Max Total Time": 10305.578, "Actual Total Rows": 80537, "Inner Unique": false, "Plans": [{"Node Type": "Streaming(type: LOCAL GATHER dop: 1/16)", "Parent Relationship": "Outer", "Startup Cost": 189762.13, "Total Cost": 436913.07, "Plan Rows": 7635, "Plan Width": 42, "Actual Min Startup Time": 8590.108, "Actual Max Startup Time": 8590.108, "Actual Min Total Time": 8662.465, "Actual Max Total Time": 8662.465, "Actual Total Rows": 135110, "Plans": [{"Node Type": "Hash Join", "Parent Relationship": "Outer", "Join Type": "Right Anti", "Startup Cost": 189762.13, "Total Cost": 436748.29, "Plan Rows": 7635, "Plan Width": 42, "Actual Min Startup Time": 8445.861, "Actual Max Startup Time": 8466.538, "Actual Min Total Time": 8449.069, "Actual Max Total Time": 8468.683, "Actual Total Rows": 135110, "Inner Unique": false, "Hash Cond": "(l3.l_orderkey = l1.l_orderkey)", "Join Filter": "(l3.l_suppkey <> l1.l_suppkey)", "Rows Removed by Join Filter": 548525, "Plans": [{"Node Type": "Streaming(type: LOCAL REDISTRIBUTE dop: 16/16)", "Parent Relationship": "Outer", "Startup Cost": 0.0, "Total Cost": 241082.56, "Plan Rows": 19995678, "Plan Width": 16, "Actual Min Startup Time": 0.066, "Actual Max Startup Time": 0.722, "Actual Min Total Time": 4955.966, "Actual Max Total Time": 5250.864, "Actual Total Rows": 37929348, "Plans": [{"Node Type": "Seq Scan", "Parent Relationship": "Outer", "Relation Name": "lineitem", "Alias": "l3", "Startup Cost": 0.0, "Total Cost": 150317.68, "Plan Rows": 19995678, "Plan Width": 16, "Actual Min Startup Time": 0.025, "Actual Max Startup Time": 0.071, "Actual Min Total Time": 1694.545, "Actual Max Total Time": 1785.562, "Actual Total Rows": 37929348, "Filter": "(l_receiptdate > l_commitdate), (LLVM Optimized, Jit Execute)", "Rows Removed by Filter": 22056704}]}, {"Node Type": "Hash", "Parent Relationship": "Inner", "Startup Cost": 189642.83, "Total Cost": 189642.83, "Plan Rows": 152707, "Plan Width": 42, "Actual Min Startup Time": 2634.573, "Actual Max Startup Time": 2655.314, "Actual Min Total Time": 2634.573, "Actual Max Total Time": 2655.314, "Actual Total Rows": 1511024, "Max Hash Buckets": 32768, "Min Hash Buckets": 32768, "Max Hash Batches": 1, "Min Hash Batches": 1, "Max Original Hash Batches": 1, "Min Original Hash Batches": 1, "Max Peak Memory Usage": 7375, "min Peak Memory Usage": 7375, "Plans": [{"Node Type": "Streaming(type: LOCAL REDISTRIBUTE dop: 16/16)", "Parent Relationship": "Outer", "Startup Cost": 18964.6, "Total Cost": 189642.83, "Plan Rows": 152707, "Plan Width": 42, "Actual Min Startup Time": 141.431, "Actual Max Startup Time": 165.14, "Actual Min Total Time": 2584.986, "Actual Max Total Time": 2630.417, "Actual Total Rows": 1511024, "Plans": [{"Node Type": "Hash Join", "Parent Relationship": "Outer", "Join Type": "Inner", "Startup Cost": 18964.6, "Total Cost": 174064.21, "Plan Rows": 152707, "Plan Width": 42, "Actual Min Startup Time": 55.875, "Actual Max Startup Time": 173.167, "Actual Min Total Time": 2287.562, "Actual Max Total Time": 2444.859, "Actual Total Rows": 1511024, "Inner Unique": false, "Hash Cond": "(l1.l_suppkey = supplier.s_suppkey), (LLVM Optimized, Jit Execute)", "Plans": [{"Node Type": "Seq Scan", "Parent Relationship": "Outer", "Relation Name": "lineitem", "Alias": "l1", "Startup Cost": 0.0, "Total Cost": 150317.68, "Plan Rows": 19995678, "Plan Width": 16, "Actual Min Startup Time": 0.025, "Actual Max Startup Time": 0.044, "Actual Min Total Time": 1692.272, "Actual Max Total Time": 1818.782, "Actual Total Rows": 37929348, "Filter": "(l_receiptdate > l_commitdate), (LLVM Optimized, Jit Execute)", "Rows Removed by Filter": 22056704}, {"Node Type": "Hash", "Parent Relationship": "Inner", "Startup Cost": 18914.6, "Total Cost": 18914.6, "Plan Rows": 64000, "Plan Width": 34, "Actual Min Startup Time": 55.738, "Actual Max Startup Time": 172.992, "Actual Min Total Time": 55.738, "Actual Max Total Time": 172.992, "Actual Total Rows": 63696, "Max Hash Buckets": 32768, "Min Hash Buckets": 32768, "Max Hash Batches": 1, "Min Hash Batches": 1, "Max Original Hash Batches": 1, "Min Original Hash Batches": 1, "Max Peak Memory Usage": 280, "min Peak Memory Usage": 280, "Plans": [{"Node Type": "Streaming(type: BROADCAST dop: 16/1)", "Parent Relationship": "Outer", "Startup Cost": 95.25, "Total Cost": 18914.6, "Plan Rows": 64000, "Plan Width": 34, "Actual Min Startup Time": 0.032, "Actual Max Startup Time": 0.08, "Actual Min Total Time": 54.443, "Actual Max Total Time": 171.515, "Actual Total Rows": 63696, "Plans": [{"Node Type": "Nested Loop", "Parent Relationship": "Outer", "Join Type": "Inner", "Startup Cost": 95.25, "Total Cost": 2533.35, "Plan Rows": 4000, "Plan Width": 34, "Actual Min Startup Time": 1.18, "Actual Max Startup Time": 1.18, "Actual Min Total Time": 10.071, "Actual Max Total Time": 10.071, "Actual Total Rows": 3981, "Inner Unique": false, "Plans": [{"Node Type": "Seq Scan", "Parent Relationship": "Outer", "Relation Name": "nation", "Alias": "nation", "Startup Cost": 0.0, "Total Cost": 1.31, "Plan Rows": 1, "Plan Width": 4, "Actual Min Startup Time": 0.036, "Actual Max Startup Time": 0.036, "Actual Min Total Time": 0.057, "Actual Max Total Time": 0.057, "Actual Total Rows": 1, "Filter": "(n_name = 'EGYPT'::bpchar)", "Rows Removed by Filter": 24}, {"Node Type": "Bitmap Heap Scan", "Parent Relationship": "Inner", "Relation Name": "supplier", "Alias": "supplier", "Startup Cost": 95.25, "Total Cost": 2492.04, "Plan Rows": 4000, "Plan Width": 38, "Actual Min Startup Time": 1.135, "Actual Max Startup Time": 1.135, "Actual Min Total Time": 9.171, "Actual Max Total Time": 9.171, "Actual Total Rows": 3981, "Recheck Cond": "(s_nationkey = nation.n_nationkey)", "Rows Removed by Index Recheck": 0, "Exact Heap Blocks": 0, "Lossy Heap Blocks": 0, "Plans": [{"Node Type": "Bitmap Index Scan", "Parent Relationship": "Outer", "Index Name": "idx_supplier_nation_key", "Startup Cost": 0.0, "Total Cost": 94.25, "Plan Rows": 4000, "Plan Width": 0, "Actual Min Startup Time": 0.824, "Actual Max Startup Time": 0.824, "Actual Min Total Time": 0.824, "Actual Max Total Time": 0.824, "Actual Total Rows": 3981, "Index Cond": "(s_nationkey = nation.n_nationkey)"}]}]}]}]}]}]}]}]}]}, {"Node Type": "Bitmap Heap Scan", "Parent Relationship": "Inner", "Relation Name": "lineitem", "Alias": "l2", "Startup Cost": 0.82, "Total Cost": 8.95, "Plan Rows": 9, "Plan Width": 16, "Actual Min Startup Time": 1463.89, "Actual Max Startup Time": 1463.89, "Actual Min Total Time": 1463.89, "Actual Max Total Time": 1463.89, "Actual Total Rows": 80537, "Recheck Cond": "(l_orderkey = l1.l_orderkey)", "Rows Removed by Index Recheck": 0, "Filter": "(l_suppkey <> l1.l_suppkey)", "Rows Removed by Filter": 85912, "Exact Heap Blocks": 135868, "Lossy Heap Blocks": 135868, "Plans": [{"Node Type": "Bitmap Index Scan", "Parent Relationship": "Outer", "Index Name": "idx_lineitem_orderkey", "Startup Cost": 0.0, "Total Cost": 0.82, "Plan Rows": 9, "Plan Width": 0, "Actual Min Startup Time": 913.992, "Actual Max Startup Time": 913.992, "Actual Min Total Time": 913.992, "Actual Max Total Time": 913.992, "Actual Total Rows": 287712, "Index Cond": "(l_orderkey = l1.l_orderkey)"}]}]}, {"Node Type": "Bitmap Heap Scan", "Parent Relationship": "Inner", "Relation Name": "orders", "Alias": "orders", "Startup Cost": 0.6, "Total Cost": 4.61, "Plan Rows": 1, "Plan Width": 8, "Actual Min Startup Time": 790.443, "Actual Max Startup Time": 790.443, "Actual Min Total Time": 790.443, "Actual Max Total Time": 790.443, "Actual Total Rows": 39445, "Recheck Cond": "(o_orderkey = l2.l_orderkey)", "Rows Removed by Index Recheck": 0, "Filter": "(o_orderstatus = 'F'::bpchar)", "Rows Removed by Filter": 41092, "Exact Heap Blocks": 80537, "Lossy Heap Blocks": 80537, "Plans": [{"Node Type": "Bitmap Index Scan", "Parent Relationship": "Outer", "Index Name": "orders_pkey", "Startup Cost": 0.0, "Total Cost": 0.6, "Plan Rows": 1, "Plan Width": 0, "Actual Min Startup Time": 483.093, "Actual Max Startup Time": 483.093, "Actual Min Total Time": 483.093, "Actual Max Total Time": 483.093, "Actual Total Rows": 80537, "Index Cond": "(o_orderkey = l2.l_orderkey)"}]}]}]}]}]}, "Triggers": [], "Planner Runtime": 15.989, "Total Runtime": 11264.77, "Unique SQL Id": 3870093320}}, "(16, 71)": {"explain_plan": {"Plan": {"Node Type": "Limit", "Startup Cost": 3882163.35, "Total Cost": 3882163.6, "Plan Rows": 100, "Plan Width": 34, "Plans": [{"Node Type": "Sort", "Parent Relationship": "Outer", "Startup Cost": 3882163.35, "Total Cost": 3882186.28, "Plan Rows": 100, "Plan Width": 34, "Sort Key": ["(count(*)) DESC", "supplier.s_name"], "Plans": [{"Node Type": "Aggregate", "Strategy": "Hashed", "Parent Relationship": "Outer", "Startup Cost": 3881721.08, "Total Cost": 3881812.8, "Plan Rows": 9172, "Plan Width": 34, "Group By Key": ["supplier.s_name"], "Plans": [{"Node Type": "Nested Loop", "Parent Relationship": "Outer", "Join Type": "Inner", "Startup Cost": 1232631.31, "Total Cost": 3881675.22, "Plan Rows": 9172, "Plan Width": 26, "Inner Unique": true, "Join Filter": "(l1.l_orderkey = orders.o_orderkey)", "Plans": [{"Node Type": "Nested Loop", "Parent Relationship": "Outer", "Join Type": "Semi", "Startup Cost": 1232630.71, "Total Cost": 3848114.46, "Plan Rows": 7254, "Plan Width": 42, "Inner Unique": false, "Plans": [{"Node Type": "Nested Loop", "Parent Relationship": "Outer", "Join Type": "Anti", "Startup Cost": 1232629.88, "Total Cost": 3832935.91, "Plan Rows": 7635, "Plan Width": 42, "Inner Unique": false, "Plans": [{"Node Type": "Hash Join", "Parent Relationship": "Outer", "Join Type": "Inner", "Startup Cost": 1232629.06, "Total Cost": 3474222.84, "Plan Rows": 152707, "Plan Width": 42, "Inner Unique": false, "Hash Cond": "(l1.l_suppkey = supplier.s_suppkey), (LLVM Optimized)", "Plans": [{"Node Type": "Bitmap Heap Scan", "Parent Relationship": "Outer", "Relation Name": "lineitem", "Alias": "l1", "Startup Cost": 1230034.33, "Total Cost": 3395117.25, "Plan Rows": 19995678, "Plan Width": 16, "Filter": "(l_receiptdate > l_commitdate), (LLVM Optimized)", "Plans": [{"Node Type": "Bitmap Index Scan", "Parent Relationship": "Outer", "Index Name": "idx_lineitem_orderkey", "Startup Cost": 0.0, "Total Cost": 1225035.42, "Plan Rows": 59987033, "Plan Width": 0}]}, {"Node Type": "Hash", "Parent Relationship": "Inner", "Startup Cost": 2544.73, "Total Cost": 2544.73, "Plan Rows": 4000, "Plan Width": 34, "Plans": [{"Node Type": "Nested Loop", "Parent Relationship": "Outer", "Join Type": "Inner", "Startup Cost": 103.63, "Total Cost": 2544.73, "Plan Rows": 4000, "Plan Width": 34, "Inner Unique": false, "Plans": [{"Node Type": "Bitmap Heap Scan", "Parent Relationship": "Outer", "Relation Name": "nation", "Alias": "nation", "Startup Cost": 8.38, "Total Cost": 12.69, "Plan Rows": 1, "Plan Width": 4, "Filter": "(n_name = 'EGYPT'::bpchar)", "Plans": [{"Node Type": "Bitmap Index Scan", "Parent Relationship": "Outer", "Index Name": "nation_pkey", "Startup Cost": 0.0, "Total Cost": 8.38, "Plan Rows": 25, "Plan Width": 0}]}, {"Node Type": "Bitmap Heap Scan", "Parent Relationship": "Inner", "Relation Name": "supplier", "Alias": "supplier", "Startup Cost": 95.25, "Total Cost": 2492.04, "Plan Rows": 4000, "Plan Width": 38, "Recheck Cond": "(s_nationkey = nation.n_nationkey)", "Plans": [{"Node Type": "Bitmap Index Scan", "Parent Relationship": "Outer", "Index Name": "idx_supplier_nation_key", "Startup Cost": 0.0, "Total Cost": 94.25, "Plan Rows": 4000, "Plan Width": 0, "Index Cond": "(s_nationkey = nation.n_nationkey)"}]}]}]}]}, {"Node Type": "Bitmap Heap Scan", "Parent Relationship": "Inner", "Relation Name": "lineitem", "Alias": "l3", "Startup Cost": 0.82, "Total Cost": 8.97, "Plan Rows": 3, "Plan Width": 16, "Recheck Cond": "(l_orderkey = l1.l_orderkey)", "Filter": "((l_receiptdate > l_commitdate) AND (l_suppkey <> l1.l_suppkey))", "Plans": [{"Node Type": "Bitmap Index Scan", "Parent Relationship": "Outer", "Index Name": "idx_lineitem_orderkey", "Startup Cost": 0.0, "Total Cost": 0.82, "Plan Rows": 9, "Plan Width": 0, "Index Cond": "(l_orderkey = l1.l_orderkey)"}]}]}, {"Node Type": "Bitmap Heap Scan", "Parent Relationship": "Inner", "Relation Name": "lineitem", "Alias": "l2", "Startup Cost": 0.82, "Total Cost": 8.95, "Plan Rows": 9, "Plan Width": 16, "Recheck Cond": "(l_orderkey = l1.l_orderkey)", "Filter": "(l_suppkey <> l1.l_suppkey)", "Plans": [{"Node Type": "Bitmap Index Scan", "Parent Relationship": "Outer", "Index Name": "idx_lineitem_orderkey", "Startup Cost": 0.0, "Total Cost": 0.82, "Plan Rows": 9, "Plan Width": 0, "Index Cond": "(l_orderkey = l1.l_orderkey)"}]}]}, {"Node Type": "Bitmap Heap Scan", "Parent Relationship": "Inner", "Relation Name": "orders", "Alias": "orders", "Startup Cost": 0.6, "Total Cost": 4.61, "Plan Rows": 1, "Plan Width": 8, "Recheck Cond": "(o_orderkey = l2.l_orderkey)", "Filter": "(o_orderstatus = 'F'::bpchar)", "Plans": [{"Node Type": "Bitmap Index Scan", "Parent Relationship": "Outer", "Index Name": "orders_pkey", "Startup Cost": 0.0, "Total Cost": 0.6, "Plan Rows": 1, "Plan Width": 0, "Index Cond": "(o_orderkey = l2.l_orderkey)"}]}]}]}]}]}, "Unique SQL Id": 3870093320}, "explain_analyze_plan": null}, "(16, 72)": {"explain_plan": {"Plan": {"Node Type": "Limit", "Startup Cost": 235032.82, "Total Cost": 235033.07, "Plan Rows": 100, "Plan Width": 34, "Plans": [{"Node Type": "Sort", "Parent Relationship": "Outer", "Startup Cost": 235032.82, "Total Cost": 235055.75, "Plan Rows": 100, "Plan Width": 34, "Sort Key": ["(count(*)) DESC", "supplier.s_name"], "Plans": [{"Node Type": "Aggregate", "Strategy": "Hashed", "Parent Relationship": "Outer", "Startup Cost": 234590.55, "Total Cost": 234682.27, "Plan Rows": 9172, "Plan Width": 34, "Group By Key": ["supplier.s_name"], "Plans": [{"Node Type": "Nested Loop", "Parent Relationship": "Outer", "Join Type": "Inner", "Startup Cost": 20006.2, "Total Cost": 234544.69, "Plan Rows": 9172, "Plan Width": 26, "Inner Unique": true, "Join Filter": "(l1.l_orderkey = orders.o_orderkey)", "Plans": [{"Node Type": "Nested Loop", "Parent Relationship": "Outer", "Join Type": "Semi", "Startup Cost": 20006.2, "Total Cost": 227444.32, "Plan Rows": 7254, "Plan Width": 42, "Inner Unique": false, "Plans": [{"Node Type": "Nested Loop", "Parent Relationship": "Outer", "Join Type": "Anti", "Startup Cost": 20006.2, "Total Cost": 225588.75, "Plan Rows": 7635, "Plan Width": 42, "Inner Unique": false, "Plans": [{"Node Type": "Streaming(type: LOCAL GATHER dop: 1/16)", "Parent Relationship": "Outer", "Startup Cost": 20006.2, "Total Cost": 178401.54, "Plan Rows": 152707, "Plan Width": 42, "Plans": [{"Node Type": "Hash Join", "Parent Relationship": "Outer", "Join Type": "Inner", "Startup Cost": 20006.2, "Total Cost": 175105.81, "Plan Rows": 152707, "Plan Width": 42, "Inner Unique": false, "Hash Cond": "(l1.l_suppkey = supplier.s_suppkey), (LLVM Optimized)", "Plans": [{"Node Type": "Seq Scan", "Parent Relationship": "Outer", "Relation Name": "lineitem", "Alias": "l1", "Startup Cost": 0.0, "Total Cost": 150317.68, "Plan Rows": 19995678, "Plan Width": 16, "Filter": "(l_receiptdate > l_commitdate), (LLVM Optimized)"}, {"Node Type": "Hash", "Parent Relationship": "Inner", "Startup Cost": 19956.2, "Total Cost": 19956.2, "Plan Rows": 64000, "Plan Width": 34, "Plans": [{"Node Type": "Streaming(type: BROADCAST dop: 16/1)", "Parent Relationship": "Outer", "Startup Cost": 1.32, "Total Cost": 19956.2, "Plan Rows": 64000, "Plan Width": 34, "Plans": [{"Node Type": "Hash Join", "Parent Relationship": "Outer", "Join Type": "Inner", "Startup Cost": 1.32, "Total Cost": 3574.95, "Plan Rows": 4000, "Plan Width": 34, "Inner Unique": true, "Hash Cond": "(supplier.s_nationkey = nation.n_nationkey)", "Plans": [{"Node Type": "Seq Scan", "Parent Relationship": "Outer", "Relation Name": "supplier", "Alias": "supplier", "Startup Cost": 0.0, "Total Cost": 3283.0, "Plan Rows": 100000, "Plan Width": 38}, {"Node Type": "Hash", "Parent Relationship": "Inner", "Startup Cost": 1.31, "Total Cost": 1.31, "Plan Rows": 1, "Plan Width": 4, "Plans": [{"Node Type": "Seq Scan", "Parent Relationship": "Outer", "Relation Name": "nation", "Alias": "nation", "Startup Cost": 0.0, "Total Cost": 1.31, "Plan Rows": 1, "Plan Width": 4, "Filter": "(n_name = 'EGYPT'::bpchar)"}]}]}]}]}]}]}, {"Node Type": "Index Scan", "Parent Relationship": "Inner", "Scan Direction": "Forward", "Index Name": "idx_lineitem_orderkey", "Relation Name": "lineitem", "Alias": "l3", "Startup Cost": 0.0, "Total Cost": 1.63, "Plan Rows": 3, "Plan Width": 16, "Index Cond": "(l_orderkey = l1.l_orderkey)", "Filter": "((l_receiptdate > l_commitdate) AND (l_suppkey <> l1.l_suppkey))"}]}, {"Node Type": "Index Scan", "Parent Relationship": "Inner", "Scan Direction": "Forward", "Index Name": "idx_lineitem_orderkey", "Relation Name": "lineitem", "Alias": "l2", "Startup Cost": 0.0, "Total Cost": 1.63, "Plan Rows": 9, "Plan Width": 16, "Index Cond": "(l_orderkey = l1.l_orderkey)", "Filter": "(l_suppkey <> l1.l_suppkey)"}]}, {"Node Type": "Index Scan", "Parent Relationship": "Inner", "Scan Direction": "Forward", "Index Name": "orders_pkey", "Relation Name": "orders", "Alias": "orders", "Startup Cost": 0.0, "Total Cost": 0.97, "Plan Rows": 1, "Plan Width": 8, "Index Cond": "(o_orderkey = l2.l_orderkey)", "Filter": "(o_orderstatus = 'F'::bpchar)"}]}]}]}]}, "Unique SQL Id": 3870093320}, "explain_analyze_plan": {"Plan": {"Node Type": "Limit", "Startup Cost": 235032.82, "Total Cost": 235033.07, "Plan Rows": 100, "Plan Width": 34, "Actual Min Startup Time": 12530.294, "Actual Max Startup Time": 12530.294, "Actual Min Total Time": 12530.313, "Actual Max Total Time": 12530.313, "Actual Total Rows": 100, "Plans": [{"Node Type": "Sort", "Parent Relationship": "Outer", "Startup Cost": 235032.82, "Total Cost": 235055.75, "Plan Rows": 100, "Plan Width": 34, "Actual Min Startup Time": 12530.291, "Actual Max Startup Time": 12530.291, "Actual Min Total Time": 12530.299, "Actual Max Total Time": 12530.299, "Actual Total Rows": 100, "Sort Key": ["(count(*)) DESC", "supplier.s_name"], "Sort Method": "top-N heapsort", "Sort Space Min Used": 41, "Sort Space Max Used": 41, "Sort Space Type": "Memory", "Plans": [{"Node Type": "Aggregate", "Strategy": "Hashed", "Parent Relationship": "Outer", "Startup Cost": 234590.55, "Total Cost": 234682.27, "Plan Rows": 9172, "Plan Width": 34, "Actual Min Startup Time": 12526.982, "Actual Max Startup Time": 12526.982, "Actual Min Total Time": 12528.236, "Actual Max Total Time": 12528.236, "Actual Total Rows": 3981, "Group By Key": ["supplier.s_name"], "Plans": [{"Node Type": "Nested Loop", "Parent Relationship": "Outer", "Join Type": "Inner", "Startup Cost": 20006.2, "Total Cost": 234544.69, "Plan Rows": 9172, "Plan Width": 26, "Actual Min Startup Time": 136.969, "Actual Max Startup Time": 136.969, "Actual Min Total Time": 12474.882, "Actual Max Total Time": 12474.882, "Actual Total Rows": 39445, "Inner Unique": true, "Join Filter": "(l1.l_orderkey = orders.o_orderkey)", "Rows Removed by Join Filter": 0, "Plans": [{"Node Type": "Nested Loop", "Parent Relationship": "Outer", "Join Type": "Semi", "Startup Cost": 20006.2, "Total Cost": 227444.32, "Plan Rows": 7254, "Plan Width": 42, "Actual Min Startup Time": 136.943, "Actual Max Startup Time": 136.943, "Actual Min Total Time": 11885.225, "Actual Max Total Time": 11885.225, "Actual Total Rows": 80537, "Inner Unique": false, "Plans": [{"Node Type": "Nested Loop", "Parent Relationship": "Outer", "Join Type": "Anti", "Startup Cost": 20006.2, "Total Cost": 225588.75, "Plan Rows": 7635, "Plan Width": 42, "Actual Min Startup Time": 136.931, "Actual Max Startup Time": 136.931, "Actual Min Total Time": 11294.761, "Actual Max Total Time": 11294.761, "Actual Total Rows": 135110, "Inner Unique": false, "Plans": [{"Node Type": "Streaming(type: LOCAL GATHER dop: 1/16)", "Parent Relationship": "Outer", "Startup Cost": 20006.2, "Total Cost": 178401.54, "Plan Rows": 152707, "Plan Width": 42, "Actual Min Startup Time": 136.761, "Actual Max Startup Time": 136.761, "Actual Min Total Time": 860.562, "Actual Max Total Time": 860.562, "Actual Total Rows": 1511024, "Plans": [{"Node Type": "Hash Join", "Parent Relationship": "Outer", "Join Type": "Inner", "Startup Cost": 20006.2, "Total Cost": 175105.81, "Plan Rows": 152707, "Plan Width": 42, "Actual Min Startup Time": 80.661, "Actual Max Startup Time": 92.066, "Actual Min Total Time": 2173.837, "Actual Max Total Time": 2246.976, "Actual Total Rows": 1511024, "Inner Unique": false, "Hash Cond": "(l1.l_suppkey = supplier.s_suppkey), (LLVM Optimized, Jit Execute)", "Plans": [{"Node Type": "Seq Scan", "Parent Relationship": "Outer", "Relation Name": "lineitem", "Alias": "l1", "Startup Cost": 0.0, "Total Cost": 150317.68, "Plan Rows": 19995678, "Plan Width": 16, "Actual Min Startup Time": 0.026, "Actual Max Startup Time": 0.042, "Actual Min Total Time": 1600.127, "Actual Max Total Time": 1653.437, "Actual Total Rows": 37929348, "Filter": "(l_receiptdate > l_commitdate), (LLVM Optimized, Jit Execute)", "Rows Removed by Filter": 22056704}, {"Node Type": "Hash", "Parent Relationship": "Inner", "Startup Cost": 19956.2, "Total Cost": 19956.2, "Plan Rows": 64000, "Plan Width": 34, "Actual Min Startup Time": 80.532, "Actual Max Startup Time": 91.922, "Actual Min Total Time": 80.532, "Actual Max Total Time": 91.922, "Actual Total Rows": 63696, "Max Hash Buckets": 32768, "Min Hash Buckets": 32768, "Max Hash Batches": 1, "Min Hash Batches": 1, "Max Original Hash Batches": 1, "Min Original Hash Batches": 1, "Max Peak Memory Usage": 280, "min Peak Memory Usage": 280, "Plans": [{"Node Type": "Streaming(type: BROADCAST dop: 16/1)", "Parent Relationship": "Outer", "Startup Cost": 1.32, "Total Cost": 19956.2, "Plan Rows": 64000, "Plan Width": 34, "Actual Min Startup Time": 0.024, "Actual Max Startup Time": 0.063, "Actual Min Total Time": 79.469, "Actual Max Total Time": 90.784, "Actual Total Rows": 63696, "Plans": [{"Node Type": "Hash Join", "Parent Relationship": "Outer", "Join Type": "Inner", "Startup Cost": 1.32, "Total Cost": 3574.95, "Plan Rows": 4000, "Plan Width": 34, "Actual Min Startup Time": 0.155, "Actual Max Startup Time": 0.155, "Actual Min Total Time": 48.476, "Actual Max Total Time": 48.476, "Actual Total Rows": 3981, "Inner Unique": true, "Hash Cond": "(supplier.s_nationkey = nation.n_nationkey)", "Plans": [{"Node Type": "Seq Scan", "Parent Relationship": "Outer", "Relation Name": "supplier", "Alias": "supplier", "Startup Cost": 0.0, "Total Cost": 3283.0, "Plan Rows": 100000, "Plan Width": 38, "Actual Min Startup Time": 0.028, "Actual Max Startup Time": 0.028, "Actual Min Total Time": 28.676, "Actual Max Total Time": 28.676, "Actual Total Rows": 100000}, {"Node Type": "Hash", "Parent Relationship": "Inner", "Startup Cost": 1.31, "Total Cost": 1.31, "Plan Rows": 1, "Plan Width": 4, "Actual Min Startup Time": 0.056, "Actual Max Startup Time": 0.056, "Actual Min Total Time": 0.056, "Actual Max Total Time": 0.056, "Actual Total Rows": 1, "Max Hash Buckets": 32768, "Min Hash Buckets": 32768, "Max Hash Batches": 1, "Min Hash Batches": 1, "Max Original Hash Batches": 1, "Min Original Hash Batches": 1, "Max Peak Memory Usage": 1, "min Peak Memory Usage": 1, "Plans": [{"Node Type": "Seq Scan", "Parent Relationship": "Outer", "Relation Name": "nation", "Alias": "nation", "Startup Cost": 0.0, "Total Cost": 1.31, "Plan Rows": 1, "Plan Width": 4, "Actual Min Startup Time": 0.034, "Actual Max Startup Time": 0.034, "Actual Min Total Time": 0.041, "Actual Max Total Time": 0.041, "Actual Total Rows": 1, "Filter": "(n_name = 'EGYPT'::bpchar)", "Rows Removed by Filter": 24}]}]}]}]}]}]}, {"Node Type": "Index Scan", "Parent Relationship": "Inner", "Scan Direction": "Forward", "Index Name": "idx_lineitem_orderkey", "Relation Name": "lineitem", "Alias": "l3", "Startup Cost": 0.0, "Total Cost": 1.63, "Plan Rows": 3, "Plan Width": 16, "Actual Min Startup Time": 9409.766, "Actual Max Startup Time": 9409.766, "Actual Min Total Time": 9409.766, "Actual Max Total Time": 9409.766, "Actual Total Rows": 1375914, "Index Cond": "(l_orderkey = l1.l_orderkey)", "Rows Removed by Index Recheck": 0, "Filter": "((l_receiptdate > l_commitdate) AND (l_suppkey <> l1.l_suppkey))", "Rows Removed by Filter": 1348115}]}, {"Node Type": "Index Scan", "Parent Relationship": "Inner", "Scan Direction": "Forward", "Index Name": "idx_lineitem_orderkey", "Relation Name": "lineitem", "Alias": "l2", "Startup Cost": 0.0, "Total Cost": 1.63, "Plan Rows": 9, "Plan Width": 16, "Actual Min Startup Time": 495.485, "Actual Max Startup Time": 495.485, "Actual Min Total Time": 495.485, "Actual Max Total Time": 495.485, "Actual Total Rows": 80537, "Index Cond": "(l_orderkey = l1.l_orderkey)", "Rows Removed by Index Recheck": 0, "Filter": "(l_suppkey <> l1.l_suppkey)", "Rows Removed by Filter": 85912}]}, {"Node Type": "Index Scan", "Parent Relationship": "Inner", "Scan Direction": "Forward", "Index Name": "orders_pkey", "Relation Name": "orders", "Alias": "orders", "Startup Cost": 0.0, "Total Cost": 0.97, "Plan Rows": 1, "Plan Width": 8, "Actual Min Startup Time": 525.838, "Actual Max Startup Time": 525.838, "Actual Min Total Time": 525.838, "Actual Max Total Time": 525.838, "Actual Total Rows": 39445, "Index Cond": "(o_orderkey = l2.l_orderkey)", "Rows Removed by Index Recheck": 0, "Filter": "(o_orderstatus = 'F'::bpchar)", "Rows Removed by Filter": 41092}]}]}]}]}, "Triggers": [], "Planner Runtime": 13.269, "Total Runtime": 12542.759, "Unique SQL Id": 3870093320}}, "(16, 73)": {"explain_plan": {"Plan": {"Node Type": "Limit", "Startup Cost": 2788927.51, "Total Cost": 2788927.76, "Plan Rows": 100, "Plan Width": 34, "Plans": [{"Node Type": "Sort", "Parent Relationship": "Outer", "Startup Cost": 2788927.51, "Total Cost": 2788950.44, "Plan Rows": 100, "Plan Width": 34, "Sort Key": ["(count(*)) DESC", "supplier.s_name"], "Plans": [{"Node Type": "Aggregate", "Strategy": "Hashed", "Parent Relationship": "Outer", "Startup Cost": 2788485.24, "Total Cost": 2788576.96, "Plan Rows": 9172, "Plan Width": 34, "Group By Key": ["supplier.s_name"], "Plans": [{"Node Type": "Nested Loop", "Parent Relationship": "Outer", "Join Type": "Inner", "Startup Cost": 22070.29, "Total Cost": 2788439.38, "Plan Rows": 9172, "Plan Width": 26, "Inner Unique": true, "Join Filter": "(l1.l_orderkey = orders.o_orderkey)", "Plans": [{"Node Type": "Nested Loop", "Parent Relationship": "Outer", "Join Type": "Semi", "Startup Cost": 22070.29, "Total Cost": 2781339.01, "Plan Rows": 7254, "Plan Width": 42, "Inner Unique": false, "Plans": [{"Node Type": "Nested Loop", "Parent Relationship": "Outer", "Join Type": "Anti", "Startup Cost": 22070.29, "Total Cost": 2779483.45, "Plan Rows": 7635, "Plan Width": 42, "Inner Unique": false, "Plans": [{"Node Type": "Streaming(type: LOCAL GATHER dop: 1/16)", "Parent Relationship": "Outer", "Startup Cost": 22070.29, "Total Cost": 2732296.23, "Plan Rows": 152707, "Plan Width": 42, "Plans": [{"Node Type": "Hash Join", "Parent Relationship": "Outer", "Join Type": "Inner", "Startup Cost": 22070.29, "Total Cost": 2729000.5, "Plan Rows": 152707, "Plan Width": 42, "Inner Unique": false, "Hash Cond": "(l1.l_suppkey = supplier.s_suppkey), (LLVM Optimized)", "Plans": [{"Node Type": "Index Scan", "Parent Relationship": "Outer", "Scan Direction": "Forward", "Index Name": "idx_lineitem_orderkey", "Relation Name": "lineitem", "Alias": "l1", "Startup Cost": 0.0, "Total Cost": 2702148.28, "Plan Rows": 19995678, "Plan Width": 16, "Filter": "(l_receiptdate > l_commitdate), (LLVM Optimized)"}, {"Node Type": "Hash", "Parent Relationship": "Inner", "Startup Cost": 22020.29, "Total Cost": 22020.29, "Plan Rows": 64000, "Plan Width": 34, "Plans": [{"Node Type": "Streaming(type: BROADCAST dop: 16/1)", "Parent Relationship": "Outer", "Startup Cost": 12.7, "Total Cost": 22020.29, "Plan Rows": 64000, "Plan Width": 34, "Plans": [{"Node Type": "Hash Join", "Parent Relationship": "Outer", "Join Type": "Inner", "Startup Cost": 12.7, "Total Cost": 5639.04, "Plan Rows": 4000, "Plan Width": 34, "Inner Unique": true, "Hash Cond": "(supplier.s_nationkey = nation.n_nationkey)", "Plans": [{"Node Type": "Index Scan", "Parent Relationship": "Outer", "Scan Direction": "Forward", "Index Name": "supplier_pkey", "Relation Name": "supplier", "Alias": "supplier", "Startup Cost": 0.0, "Total Cost": 5335.71, "Plan Rows": 100000, "Plan Width": 38}, {"Node Type": "Hash", "Parent Relationship": "Inner", "Startup Cost": 12.69, "Total Cost": 12.69, "Plan Rows": 1, "Plan Width": 4, "Plans": [{"Node Type": "Index Scan", "Parent Relationship": "Outer", "Scan Direction": "Forward", "Index Name": "nation_pkey", "Relation Name": "nation", "Alias": "nation", "Startup Cost": 0.0, "Total Cost": 12.69, "Plan Rows": 1, "Plan Width": 4, "Filter": "(n_name = 'EGYPT'::bpchar)"}]}]}]}]}]}]}, {"Node Type": "Index Scan", "Parent Relationship": "Inner", "Scan Direction": "Forward", "Index Name": "idx_lineitem_orderkey", "Relation Name": "lineitem", "Alias": "l3", "Startup Cost": 0.0, "Total Cost": 1.63, "Plan Rows": 3, "Plan Width": 16, "Index Cond": "(l_orderkey = l1.l_orderkey)", "Filter": "((l_receiptdate > l_commitdate) AND (l_suppkey <> l1.l_suppkey))"}]}, {"Node Type": "Index Scan", "Parent Relationship": "Inner", "Scan Direction": "Forward", "Index Name": "idx_lineitem_orderkey", "Relation Name": "lineitem", "Alias": "l2", "Startup Cost": 0.0, "Total Cost": 1.63, "Plan Rows": 9, "Plan Width": 16, "Index Cond": "(l_orderkey = l1.l_orderkey)", "Filter": "(l_suppkey <> l1.l_suppkey)"}]}, {"Node Type": "Index Scan", "Parent Relationship": "Inner", "Scan Direction": "Forward", "Index Name": "orders_pkey", "Relation Name": "orders", "Alias": "orders", "Startup Cost": 0.0, "Total Cost": 0.97, "Plan Rows": 1, "Plan Width": 8, "Index Cond": "(o_orderkey = l2.l_orderkey)", "Filter": "(o_orderstatus = 'F'::bpchar)"}]}]}]}]}, "Unique SQL Id": 3870093320}, "explain_analyze_plan": {"Plan": {"Node Type": "Limit", "Startup Cost": 2788927.51, "Total Cost": 2788927.76, "Plan Rows": 100, "Plan Width": 34, "Actual Min Startup Time": 12922.857, "Actual Max Startup Time": 12922.857, "Actual Min Total Time": 12922.875, "Actual Max Total Time": 12922.875, "Actual Total Rows": 100, "Plans": [{"Node Type": "Sort", "Parent Relationship": "Outer", "Startup Cost": 2788927.51, "Total Cost": 2788950.44, "Plan Rows": 100, "Plan Width": 34, "Actual Min Startup Time": 12922.854, "Actual Max Startup Time": 12922.854, "Actual Min Total Time": 12922.86, "Actual Max Total Time": 12922.86, "Actual Total Rows": 100, "Sort Key": ["(count(*)) DESC", "supplier.s_name"], "Sort Method": "top-N heapsort", "Sort Space Min Used": 41, "Sort Space Max Used": 41, "Sort Space Type": "Memory", "Plans": [{"Node Type": "Aggregate", "Strategy": "Hashed", "Parent Relationship": "Outer", "Startup Cost": 2788485.24, "Total Cost": 2788576.96, "Plan Rows": 9172, "Plan Width": 34, "Actual Min Startup Time": 12919.417, "Actual Max Startup Time": 12919.417, "Actual Min Total Time": 12920.679, "Actual Max Total Time": 12920.679, "Actual Total Rows": 3981, "Group By Key": ["supplier.s_name"], "Plans": [{"Node Type": "Nested Loop", "Parent Relationship": "Outer", "Join Type": "Inner", "Startup Cost": 22070.29, "Total Cost": 2788439.38, "Plan Rows": 9172, "Plan Width": 26, "Actual Min Startup Time": 666.487, "Actual Max Startup Time": 666.487, "Actual Min Total Time": 12872.21, "Actual Max Total Time": 12872.21, "Actual Total Rows": 39445, "Inner Unique": true, "Join Filter": "(l1.l_orderkey = orders.o_orderkey)", "Rows Removed by Join Filter": 0, "Plans": [{"Node Type": "Nested Loop", "Parent Relationship": "Outer", "Join Type": "Semi", "Startup Cost": 22070.29, "Total Cost": 2781339.01, "Plan Rows": 7254, "Plan Width": 42, "Actual Min Startup Time": 666.46, "Actual Max Startup Time": 666.46, "Actual Min Total Time": 12299.192, "Actual Max Total Time": 12299.192, "Actual Total Rows": 80537, "Inner Unique": false, "Plans": [{"Node Type": "Nested Loop", "Parent Relationship": "Outer", "Join Type": "Anti", "Startup Cost": 22070.29, "Total Cost": 2779483.45, "Plan Rows": 7635, "Plan Width": 42, "Actual Min Startup Time": 666.386, "Actual Max Startup Time": 666.386, "Actual Min Total Time": 11708.158, "Actual Max Total Time": 11708.158, "Actual Total Rows": 135110, "Inner Unique": false, "Plans": [{"Node Type": "Streaming(type: LOCAL GATHER dop: 1/16)", "Parent Relationship": "Outer", "Startup Cost": 22070.29, "Total Cost": 2732296.23, "Plan Rows": 152707, "Plan Width": 42, "Actual Min Startup Time": 666.221, "Actual Max Startup Time": 666.221, "Actual Min Total Time": 1331.623, "Actual Max Total Time": 1331.623, "Actual Total Rows": 1511024, "Plans": [{"Node Type": "Hash Join", "Parent Relationship": "Outer", "Join Type": "Inner", "Startup Cost": 22070.29, "Total Cost": 2729000.5, "Plan Rows": 152707, "Plan Width": 42, "Actual Min Startup Time": 619.322, "Actual Max Startup Time": 626.753, "Actual Min Total Time": 3761.45, "Actual Max Total Time": 4319.253, "Actual Total Rows": 1511024, "Inner Unique": false, "Hash Cond": "(l1.l_suppkey = supplier.s_suppkey), (LLVM Optimized, Jit Execute)", "Plans": [{"Node Type": "Index Scan", "Parent Relationship": "Outer", "Scan Direction": "Forward", "Index Name": "idx_lineitem_orderkey", "Relation Name": "lineitem", "Alias": "l1", "Startup Cost": 0.0, "Total Cost": 2702148.28, "Plan Rows": 19995678, "Plan Width": 16, "Actual Min Startup Time": 513.995, "Actual Max Startup Time": 514.08, "Actual Min Total Time": 3148.309, "Actual Max Total Time": 3722.33, "Actual Total Rows": 37929348, "Filter": "(l_receiptdate > l_commitdate), (LLVM Optimized, Jit Execute)", "Rows Removed by Filter": 22056704}, {"Node Type": "Hash", "Parent Relationship": "Inner", "Startup Cost": 22020.29, "Total Cost": 22020.29, "Plan Rows": 64000, "Plan Width": 34, "Actual Min Startup Time": 105.209, "Actual Max Startup Time": 112.612, "Actual Min Total Time": 105.209, "Actual Max Total Time": 112.612, "Actual Total Rows": 63696, "Max Hash Buckets": 32768, "Min Hash Buckets": 32768, "Max Hash Batches": 1, "Min Hash Batches": 1, "Max Original Hash Batches": 1, "Min Original Hash Batches": 1, "Max Peak Memory Usage": 280, "min Peak Memory Usage": 280, "Plans": [{"Node Type": "Streaming(type: BROADCAST dop: 16/1)", "Parent Relationship": "Outer", "Startup Cost": 12.7, "Total Cost": 22020.29, "Plan Rows": 64000, "Plan Width": 34, "Actual Min Startup Time": 0.024, "Actual Max Startup Time": 0.035, "Actual Min Total Time": 104.15, "Actual Max Total Time": 111.392, "Actual Total Rows": 63696, "Plans": [{"Node Type": "Hash Join", "Parent Relationship": "Outer", "Join Type": "Inner", "Startup Cost": 12.7, "Total Cost": 5639.04, "Plan Rows": 4000, "Plan Width": 34, "Actual Min Startup Time": 0.213, "Actual Max Startup Time": 0.213, "Actual Min Total Time": 77.672, "Actual Max Total Time": 77.672, "Actual Total Rows": 3981, "Inner Unique": true, "Hash Cond": "(supplier.s_nationkey = nation.n_nationkey)", "Plans": [{"Node Type": "Index Scan", "Parent Relationship": "Outer", "Scan Direction": "Forward", "Index Name": "supplier_pkey", "Relation Name": "supplier", "Alias": "supplier", "Startup Cost": 0.0, "Total Cost": 5335.71, "Plan Rows": 100000, "Plan Width": 38, "Actual Min Startup Time": 0.048, "Actual Max Startup Time": 0.048, "Actual Min Total Time": 57.848, "Actual Max Total Time": 57.848, "Actual Total Rows": 100000}, {"Node Type": "Hash", "Parent Relationship": "Inner", "Startup Cost": 12.69, "Total Cost": 12.69, "Plan Rows": 1, "Plan Width": 4, "Actual Min Startup Time": 0.066, "Actual Max Startup Time": 0.066, "Actual Min Total Time": 0.066, "Actual Max Total Time": 0.066, "Actual Total Rows": 1, "Max Hash Buckets": 32768, "Min Hash Buckets": 32768, "Max Hash Batches": 1, "Min Hash Batches": 1, "Max Original Hash Batches": 1, "Min Original Hash Batches": 1, "Max Peak Memory Usage": 1, "min Peak Memory Usage": 1, "Plans": [{"Node Type": "Index Scan", "Parent Relationship": "Outer", "Scan Direction": "Forward", "Index Name": "nation_pkey", "Relation Name": "nation", "Alias": "nation", "Startup Cost": 0.0, "Total Cost": 12.69, "Plan Rows": 1, "Plan Width": 4, "Actual Min Startup Time": 0.038, "Actual Max Startup Time": 0.038, "Actual Min Total Time": 0.054, "Actual Max Total Time": 0.054, "Actual Total Rows": 1, "Filter": "(n_name = 'EGYPT'::bpchar)", "Rows Removed by Filter": 24}]}]}]}]}]}]}, {"Node Type": "Index Scan", "Parent Relationship": "Inner", "Scan Direction": "Forward", "Index Name": "idx_lineitem_orderkey", "Relation Name": "lineitem", "Alias": "l3", "Startup Cost": 0.0, "Total Cost": 1.63, "Plan Rows": 3, "Plan Width": 16, "Actual Min Startup Time": 9355.858, "Actual Max Startup Time": 9355.858, "Actual Min Total Time": 9355.858, "Actual Max Total Time": 9355.858, "Actual Total Rows": 1375914, "Index Cond": "(l_orderkey = l1.l_orderkey)", "Rows Removed by Index Recheck": 0, "Filter": "((l_receiptdate > l_commitdate) AND (l_suppkey <> l1.l_suppkey))", "Rows Removed by Filter": 1348115}]}, {"Node Type": "Index Scan", "Parent Relationship": "Inner", "Scan Direction": "Forward", "Index Name": "idx_lineitem_orderkey", "Relation Name": "lineitem", "Alias": "l2", "Startup Cost": 0.0, "Total Cost": 1.63, "Plan Rows": 9, "Plan Width": 16, "Actual Min Startup Time": 496.109, "Actual Max Startup Time": 496.109, "Actual Min Total Time": 496.109, "Actual Max Total Time": 496.109, "Actual Total Rows": 80537, "Index Cond": "(l_orderkey = l1.l_orderkey)", "Rows Removed by Index Recheck": 0, "Filter": "(l_suppkey <> l1.l_suppkey)", "Rows Removed by Filter": 85912}]}, {"Node Type": "Index Scan", "Parent Relationship": "Inner", "Scan Direction": "Forward", "Index Name": "orders_pkey", "Relation Name": "orders", "Alias": "orders", "Startup Cost": 0.0, "Total Cost": 0.97, "Plan Rows": 1, "Plan Width": 8, "Actual Min Startup Time": 510.002, "Actual Max Startup Time": 510.002, "Actual Min Total Time": 510.002, "Actual Max Total Time": 510.002, "Actual Total Rows": 39445, "Index Cond": "(o_orderkey = l2.l_orderkey)", "Rows Removed by Index Recheck": 0, "Filter": "(o_orderstatus = 'F'::bpchar)", "Rows Removed by Filter": 41092}]}]}]}]}, "Triggers": [], "Planner Runtime": 12.553, "Total Runtime": 12935.306, "Unique SQL Id": 3870093320}}, "(16, 74)": {"explain_plan": {"Plan": {"Node Type": "Limit", "Startup Cost": 747988.54, "Total Cost": 747988.79, "Plan Rows": 100, "Plan Width": 34, "Plans": [{"Node Type": "Sort", "Parent Relationship": "Outer", "Startup Cost": 747988.54, "Total Cost": 747988.79, "Plan Rows": 100, "Plan Width": 34, "Sort Key": ["(count(*)) DESC", "supplier.s_name"], "Plans": [{"Node Type": "Streaming(type: LOCAL GATHER dop: 1/16)", "Parent Relationship": "Outer", "Startup Cost": 747984.4, "Total Cost": 747985.22, "Plan Rows": 100, "Plan Width": 34, "Plans": [{"Node Type": "Limit", "Parent Relationship": "Outer", "Startup Cost": 747984.4, "Total Cost": 747984.65, "Plan Rows": 100, "Plan Width": 34, "Plans": [{"Node Type": "Sort", "Parent Relationship": "Outer", "Startup Cost": 747984.4, "Total Cost": 748007.33, "Plan Rows": 100, "Plan Width": 34, "Sort Key": ["(count(*)) DESC", "supplier.s_name"], "Plans": [{"Node Type": "Aggregate", "Strategy": "Hashed", "Parent Relationship": "Outer", "Startup Cost": 747628.12, "Total Cost": 747633.85, "Plan Rows": 9172, "Plan Width": 34, "Group By Key": ["supplier.s_name"], "Plans": [{"Node Type": "Streaming(type: LOCAL REDISTRIBUTE dop: 16/16)", "Parent Relationship": "Outer", "Startup Cost": 308588.13, "Total Cost": 747625.25, "Plan Rows": 9172, "Plan Width": 26, "Plans": [{"Node Type": "Hash Join", "Parent Relationship": "Outer", "Join Type": "Anti", "Startup Cost": 308588.13, "Total Cost": 747325.37, "Plan Rows": 9172, "Plan Width": 26, "Inner Unique": false, "Hash Cond": "(l1.l_orderkey = l3.l_orderkey)", "Join Filter": "(l3.l_suppkey <> l1.l_suppkey)", "Plans": [{"Node Type": "Streaming(type: LOCAL REDISTRIBUTE dop: 16/16)", "Parent Relationship": "Outer", "Startup Cost": 207535.81, "Total Cost": 645828.7, "Plan Rows": 183444, "Plan Width": 42, "Plans": [{"Node Type": "Hash Join", "Parent Relationship": "Outer", "Join Type": "Inner", "Startup Cost": 207535.81, "Total Cost": 630133.61, "Plan Rows": 183444, "Plan Width": 42, "Inner Unique": true, "Hash Cond": "(l1.l_orderkey = orders.o_orderkey), (LLVM Optimized)", "Plans": [{"Node Type": "Streaming(type: BROADCAST dop: 16/16)", "Parent Relationship": "Outer", "Startup Cost": 190803.73, "Total Cost": 612742.87, "Plan Rows": 2321152, "Plan Width": 50, "Plans": [{"Node Type": "Hash Join", "Parent Relationship": "Outer", "Join Type": "Right Semi", "Startup Cost": 190803.73, "Total Cost": 591849.32, "Plan Rows": 145072, "Plan Width": 50, "Inner Unique": false, "Hash Cond": "(l2.l_orderkey = l1.l_orderkey), (LLVM Optimized)", "Join Filter": "(l2.l_suppkey <> l1.l_suppkey), (LLVM Optimized)", "Plans": [{"Node Type": "Streaming(type: LOCAL REDISTRIBUTE dop: 16/16)", "Parent Relationship": "Outer", "Startup Cost": 0.0, "Total Cost": 383239.33, "Plan Rows": 59987033, "Plan Width": 16, "Plans": [{"Node Type": "Seq Scan", "Parent Relationship": "Outer", "Relation Name": "lineitem", "Alias": "l2", "Startup Cost": 0.0, "Total Cost": 140944.71, "Plan Rows": 59987033, "Plan Width": 16}]}, {"Node Type": "Hash", "Parent Relationship": "Inner", "Startup Cost": 190684.43, "Total Cost": 190684.43, "Plan Rows": 152707, "Plan Width": 42, "Plans": [{"Node Type": "Streaming(type: LOCAL REDISTRIBUTE dop: 16/16)", "Parent Relationship": "Outer", "Startup Cost": 20006.2, "Total Cost": 190684.43, "Plan Rows": 152707, "Plan Width": 42, "Plans": [{"Node Type": "Hash Join", "Parent Relationship": "Outer", "Join Type": "Inner", "Startup Cost": 20006.2, "Total Cost": 175105.81, "Plan Rows": 152707, "Plan Width": 42, "Inner Unique": false, "Hash Cond": "(l1.l_suppkey = supplier.s_suppkey), (LLVM Optimized)", "Plans": [{"Node Type": "Seq Scan", "Parent Relationship": "Outer", "Relation Name": "lineitem", "Alias": "l1", "Startup Cost": 0.0, "Total Cost": 150317.68, "Plan Rows": 19995678, "Plan Width": 16, "Filter": "(l_receiptdate > l_commitdate), (LLVM Optimized)"}, {"Node Type": "Hash", "Parent Relationship": "Inner", "Startup Cost": 19956.2, "Total Cost": 19956.2, "Plan Rows": 64000, "Plan Width": 34, "Plans": [{"Node Type": "Streaming(type: BROADCAST dop: 16/1)", "Parent Relationship": "Outer", "Startup Cost": 1.32, "Total Cost": 19956.2, "Plan Rows": 64000, "Plan Width": 34, "Plans": [{"Node Type": "Hash Join", "Parent Relationship": "Outer", "Join Type": "Inner", "Startup Cost": 1.32, "Total Cost": 3574.95, "Plan Rows": 4000, "Plan Width": 34, "Inner Unique": true, "Hash Cond": "(supplier.s_nationkey = nation.n_nationkey)", "Plans": [{"Node Type": "Seq Scan", "Parent Relationship": "Outer", "Relation Name": "supplier", "Alias": "supplier", "Startup Cost": 0.0, "Total Cost": 3283.0, "Plan Rows": 100000, "Plan Width": 38}, {"Node Type": "Hash", "Parent Relationship": "Inner", "Startup Cost": 1.31, "Total Cost": 1.31, "Plan Rows": 1, "Plan Width": 4, "Plans": [{"Node Type": "Seq Scan", "Parent Relationship": "Outer", "Relation Name": "nation", "Alias": "nation", "Startup Cost": 0.0, "Total Cost": 1.31, "Plan Rows": 1, "Plan Width": 4, "Filter": "(n_name = 'EGYPT'::bpchar)"}]}]}]}]}]}]}]}]}]}, {"Node Type": "Hash", "Parent Relationship": "Inner", "Startup Cost": 43994.53, "Total Cost": 43994.53, "Plan Rows": 7338812, "Plan Width": 8, "Plans": [{"Node Type": "Seq Scan", "Parent Relationship": "Outer", "Relation Name": "orders", "Alias": "orders", "Startup Cost": 0.0, "Total Cost": 43994.53, "Plan Rows": 7338812, "Plan Width": 8, "Filter": "(o_orderstatus = 'F'::bpchar), (LLVM Optimized)"}]}]}]}, {"Node Type": "Hash", "Parent Relationship": "Inner", "Startup Cost": 241082.56, "Total Cost": 241082.56, "Plan Rows": 19995678, "Plan Width": 16, "Plans": [{"Node Type": "Streaming(type: LOCAL REDISTRIBUTE dop: 16/16)", "Parent Relationship": "Outer", "Startup Cost": 0.0, "Total Cost": 241082.56, "Plan Rows": 19995678, "Plan Width": 16, "Plans": [{"Node Type": "Seq Scan", "Parent Relationship": "Outer", "Relation Name": "lineitem", "Alias": "l3", "Startup Cost": 0.0, "Total Cost": 150317.68, "Plan Rows": 19995678, "Plan Width": 16, "Filter": "(l_receiptdate > l_commitdate), (LLVM Optimized)"}]}]}]}]}]}]}]}]}]}]}, "Unique SQL Id": 3870093320}, "explain_analyze_plan": {"Plan": {"Node Type": "Limit", "Startup Cost": 747988.54, "Total Cost": 747988.79, "Plan Rows": 100, "Plan Width": 34, "Actual Min Startup Time": 16410.512, "Actual Max Startup Time": 16410.512, "Actual Min Total Time": 16410.529, "Actual Max Total Time": 16410.529, "Actual Total Rows": 100, "Plans": [{"Node Type": "Sort", "Parent Relationship": "Outer", "Startup Cost": 747988.54, "Total Cost": 747988.79, "Plan Rows": 100, "Plan Width": 34, "Actual Min Startup Time": 16410.509, "Actual Max Startup Time": 16410.509, "Actual Min Total Time": 16410.514, "Actual Max Total Time": 16410.514, "Actual Total Rows": 100, "Sort Key": ["(count(*)) DESC", "supplier.s_name"], "Sort Method": "top-N heapsort", "Sort Space Min Used": 39, "Sort Space Max Used": 39, "Sort Space Type": "Memory", "Plans": [{"Node Type": "Streaming(type: LOCAL GATHER dop: 1/16)", "Parent Relationship": "Outer", "Startup Cost": 747984.4, "Total Cost": 747985.22, "Plan Rows": 100, "Plan Width": 34, "Actual Min Startup Time": 16408.559, "Actual Max Startup Time": 16408.559, "Actual Min Total Time": 16409.348, "Actual Max Total Time": 16409.348, "Actual Total Rows": 1600, "Plans": [{"Node Type": "Limit", "Parent Relationship": "Outer", "Startup Cost": 747984.4, "Total Cost": 747984.65, "Plan Rows": 100, "Plan Width": 34, "Actual Min Startup Time": 16227.99, "Actual Max Startup Time": 16274.744, "Actual Min Total Time": 16228.007, "Actual Max Total Time": 16274.763, "Actual Total Rows": 1600, "Plans": [{"Node Type": "Sort", "Parent Relationship": "Outer", "Startup Cost": 747984.4, "Total Cost": 748007.33, "Plan Rows": 100, "Plan Width": 34, "Actual Min Startup Time": 16227.988, "Actual Max Startup Time": 16274.742, "Actual Min Total Time": 16227.993, "Actual Max Total Time": 16274.755, "Actual Total Rows": 1600, "Sort Key": ["(count(*)) DESC", "supplier.s_name"], "Sort Method": "top-N heapsort", "Sort Space Min Used": 40, "Sort Space Max Used": 40, "Sort Space Type": "Memory", "Plans": [{"Node Type": "Aggregate", "Strategy": "Hashed", "Parent Relationship": "Outer", "Startup Cost": 747628.12, "Total Cost": 747633.85, "Plan Rows": 9172, "Plan Width": 34, "Actual Min Startup Time": 16227.545, "Actual Max Startup Time": 16274.259, "Actual Min Total Time": 16227.597, "Actual Max Total Time": 16274.321, "Actual Total Rows": 3981, "Group By Key": ["supplier.s_name"], "Plans": [{"Node Type": "Streaming(type: LOCAL REDISTRIBUTE dop: 16/16)", "Parent Relationship": "Outer", "Startup Cost": 308588.13, "Total Cost": 747625.25, "Plan Rows": 9172, "Plan Width": 26, "Actual Min Startup Time": 10228.571, "Actual Max Startup Time": 11360.079, "Actual Min Total Time": 16225.834, "Actual Max Total Time": 16272.714, "Actual Total Rows": 39445, "Plans": [{"Node Type": "Hash Join", "Parent Relationship": "Outer", "Join Type": "Anti", "Startup Cost": 308588.13, "Total Cost": 747325.37, "Plan Rows": 9172, "Plan Width": 26, "Actual Min Startup Time": 6983.332, "Actual Max Startup Time": 7054.674, "Actual Min Total Time": 16196.812, "Actual Max Total Time": 16259.256, "Actual Total Rows": 39445, "Inner Unique": false, "Hash Cond": "(l1.l_orderkey = l3.l_orderkey)", "Join Filter": "(l3.l_suppkey <> l1.l_suppkey)", "Rows Removed by Join Filter": 238782, "Plans": [{"Node Type": "Streaming(type: LOCAL REDISTRIBUTE dop: 16/16)", "Parent Relationship": "Outer", "Startup Cost": 207535.81, "Total Cost": 645828.7, "Plan Rows": 183444, "Plan Width": 42, "Actual Min Startup Time": 0.135, "Actual Max Startup Time": 43.029, "Actual Min Total Time": 9168.228, "Actual Max Total Time": 9190.867, "Actual Total Rows": 702947, "Plans": [{"Node Type": "Hash Join", "Parent Relationship": "Outer", "Join Type": "Inner", "Startup Cost": 207535.81, "Total Cost": 630133.61, "Plan Rows": 183444, "Plan Width": 42, "Actual Min Startup Time": 2555.285, "Actual Max Startup Time": 2670.703, "Actual Min Total Time": 11900.486, "Actual Max Total Time": 16155.15, "Actual Total Rows": 702947, "Inner Unique": true, "Hash Cond": "(l1.l_orderkey = orders.o_orderkey), (LLVM Optimized, Jit Execute)", "Plans": [{"Node Type": "Streaming(type: BROADCAST dop: 16/16)", "Parent Relationship": "Outer", "Startup Cost": 190803.73, "Total Cost": 612742.87, "Plan Rows": 2321152, "Plan Width": 50, "Actual Min Startup Time": 1988.914, "Actual Max Startup Time": 2131.436, "Actual Min Total Time": 10689.438, "Actual Max Total Time": 15092.162, "Actual Total Rows": 23303216, "Plans": [{"Node Type": "Hash Join", "Parent Relationship": "Outer", "Join Type": "Right Semi", "Startup Cost": 190803.73, "Total Cost": 591849.32, "Plan Rows": 145072, "Plan Width": 50, "Actual Min Startup Time": 2549.297, "Actual Max Startup Time": 2692.713, "Actual Min Total Time": 10751.753, "Actual Max Total Time": 14944.542, "Actual Total Rows": 1456451, "Inner Unique": false, "Hash Cond": "(l2.l_orderkey = l1.l_orderkey), (LLVM Optimized, Jit Execute)", "Join Filter": "(l2.l_suppkey <> l1.l_suppkey), (LLVM Optimized, Jit Execute)", "Rows Removed by Join Filter": 378638, "Plans": [{"Node Type": "Streaming(type: LOCAL REDISTRIBUTE dop: 16/16)", "Parent Relationship": "Outer", "Startup Cost": 0.0, "Total Cost": 383239.33, "Plan Rows": 59987033, "Plan Width": 16, "Actual Min Startup Time": 0.058, "Actual Max Startup Time": 0.674, "Actual Min Total Time": 7368.742, "Actual Max Total Time": 11544.093, "Actual Total Rows": 59986052, "Plans": [{"Node Type": "Seq Scan", "Parent Relationship": "Outer", "Relation Name": "lineitem", "Alias": "l2", "Startup Cost": 0.0, "Total Cost": 140944.71, "Plan Rows": 59987033, "Plan Width": 16, "Actual Min Startup Time": 0.015, "Actual Max Startup Time": 0.033, "Actual Min Total Time": 1271.44, "Actual Max Total Time": 1327.364, "Actual Total Rows": 59986052}]}, {"Node Type": "Hash", "Parent Relationship": "Inner", "Startup Cost": 190684.43, "Total Cost": 190684.43, "Plan Rows": 152707, "Plan Width": 42, "Actual Min Startup Time": 2549.086, "Actual Max Startup Time": 2692.512, "Actual Min Total Time": 2549.086, "Actual Max Total Time": 2692.512, "Actual Total Rows": 1511024, "Max Hash Buckets": 32768, "Min Hash Buckets": 32768, "Max Hash Batches": 1, "Min Hash Batches": 1, "Max Original Hash Batches": 1, "Min Original Hash Batches": 1, "Max Peak Memory Usage": 7375, "min Peak Memory Usage": 7375, "Plans": [{"Node Type": "Streaming(type: LOCAL REDISTRIBUTE dop: 16/16)", "Parent Relationship": "Outer", "Startup Cost": 20006.2, "Total Cost": 190684.43, "Plan Rows": 152707, "Plan Width": 42, "Actual Min Startup Time": 124.128, "Actual Max Startup Time": 267.623, "Actual Min Total Time": 2519.224, "Actual Max Total Time": 2658.141, "Actual Total Rows": 1511024, "Plans": [{"Node Type": "Hash Join", "Parent Relationship": "Outer", "Join Type": "Inner", "Startup Cost": 20006.2, "Total Cost": 175105.81, "Plan Rows": 152707, "Plan Width": 42, "Actual Min Startup Time": 90.24, "Actual Max Startup Time": 206.607, "Actual Min Total Time": 2322.808, "Actual Max Total Time": 2449.347, "Actual Total Rows": 1511024, "Inner Unique": false, "Hash Cond": "(l1.l_suppkey = supplier.s_suppkey), (LLVM Optimized, Jit Execute)", "Plans": [{"Node Type": "Seq Scan", "Parent Relationship": "Outer", "Relation Name": "lineitem", "Alias": "l1", "Startup Cost": 0.0, "Total Cost": 150317.68, "Plan Rows": 19995678, "Plan Width": 16, "Actual Min Startup Time": 0.025, "Actual Max Startup Time": 0.051, "Actual Min Total Time": 1653.774, "Actual Max Total Time": 1841.41, "Actual Total Rows": 37929348, "Filter": "(l_receiptdate > l_commitdate), (LLVM Optimized, Jit Execute)", "Rows Removed by Filter": 22056704}, {"Node Type": "Hash", "Parent Relationship": "Inner", "Startup Cost": 19956.2, "Total Cost": 19956.2, "Plan Rows": 64000, "Plan Width": 34, "Actual Min Startup Time": 90.15, "Actual Max Startup Time": 206.445, "Actual Min Total Time": 90.15, "Actual Max Total Time": 206.445, "Actual Total Rows": 63696, "Max Hash Buckets": 32768, "Min Hash Buckets": 32768, "Max Hash Batches": 1, "Min Hash Batches": 1, "Max Original Hash Batches": 1, "Min Original Hash Batches": 1, "Max Peak Memory Usage": 280, "min Peak Memory Usage": 280, "Plans": [{"Node Type": "Streaming(type: BROADCAST dop: 16/1)", "Parent Relationship": "Outer", "Startup Cost": 1.32, "Total Cost": 19956.2, "Plan Rows": 64000, "Plan Width": 34, "Actual Min Startup Time": 0.029, "Actual Max Startup Time": 9.77, "Actual Min Total Time": 88.951, "Actual Max Total Time": 204.951, "Actual Total Rows": 63696, "Plans": [{"Node Type": "Hash Join", "Parent Relationship": "Outer", "Join Type": "Inner", "Startup Cost": 1.32, "Total Cost": 3574.95, "Plan Rows": 4000, "Plan Width": 34, "Actual Min Startup Time": 0.128, "Actual Max Startup Time": 0.128, "Actual Min Total Time": 49.23, "Actual Max Total Time": 49.23, "Actual Total Rows": 3981, "Inner Unique": true, "Hash Cond": "(supplier.s_nationkey = nation.n_nationkey)", "Plans": [{"Node Type": "Seq Scan", "Parent Relationship": "Outer", "Relation Name": "supplier", "Alias": "supplier", "Startup Cost": 0.0, "Total Cost": 3283.0, "Plan Rows": 100000, "Plan Width": 38, "Actual Min Startup Time": 0.019, "Actual Max Startup Time": 0.019, "Actual Min Total Time": 29.179, "Actual Max Total Time": 29.179, "Actual Total Rows": 100000}, {"Node Type": "Hash", "Parent Relationship": "Inner", "Startup Cost": 1.31, "Total Cost": 1.31, "Plan Rows": 1, "Plan Width": 4, "Actual Min Startup Time": 0.044, "Actual Max Startup Time": 0.044, "Actual Min Total Time": 0.044, "Actual Max Total Time": 0.044, "Actual Total Rows": 1, "Max Hash Buckets": 32768, "Min Hash Buckets": 32768, "Max Hash Batches": 1, "Min Hash Batches": 1, "Max Original Hash Batches": 1, "Min Original Hash Batches": 1, "Max Peak Memory Usage": 1, "min Peak Memory Usage": 1, "Plans": [{"Node Type": "Seq Scan", "Parent Relationship": "Outer", "Relation Name": "nation", "Alias": "nation", "Startup Cost": 0.0, "Total Cost": 1.31, "Plan Rows": 1, "Plan Width": 4, "Actual Min Startup Time": 0.025, "Actual Max Startup Time": 0.025, "Actual Min Total Time": 0.032, "Actual Max Total Time": 0.032, "Actual Total Rows": 1, "Filter": "(n_name = 'EGYPT'::bpchar)", "Rows Removed by Filter": 24}]}]}]}]}]}]}]}]}]}, {"Node Type": "Hash", "Parent Relationship": "Inner", "Startup Cost": 43994.53, "Total Cost": 43994.53, "Plan Rows": 7338812, "Plan Width": 8, "Actual Min Startup Time": 538.843, "Actual Max Startup Time": 584.562, "Actual Min Total Time": 538.843, "Actual Max Total Time": 584.562, "Actual Total Rows": 7309184, "Max Hash Buckets": 524288, "Min Hash Buckets": 524288, "Max Hash Batches": 1, "Min Hash Batches": 1, "Max Original Hash Batches": 1, "Min Original Hash Batches": 1, "Max Peak Memory Usage": 17868, "min Peak Memory Usage": 17868, "Plans": [{"Node Type": "Seq Scan", "Parent Relationship": "Outer", "Relation Name": "orders", "Alias": "orders", "Startup Cost": 0.0, "Total Cost": 43994.53, "Plan Rows": 7338812, "Plan Width": 8, "Actual Min Startup Time": 0.024, "Actual Max Startup Time": 0.04, "Actual Min Total Time": 391.155, "Actual Max Total Time": 427.794, "Actual Total Rows": 7309184, "Filter": "(o_orderstatus = 'F'::bpchar), (LLVM Optimized, Jit Execute)", "Rows Removed by Filter": 7690816}]}]}]}, {"Node Type": "Hash", "Parent Relationship": "Inner", "Startup Cost": 241082.56, "Total Cost": 241082.56, "Plan Rows": 19995678, "Plan Width": 16, "Actual Min Startup Time": 6968.583, "Actual Max Startup Time": 7030.982, "Actual Min Total Time": 6968.583, "Actual Max Total Time": 7030.982, "Actual Total Rows": 37929348, "Max Hash Buckets": 2097152, "Min Hash Buckets": 2097152, "Max Hash Batches": 1, "Min Hash Batches": 1, "Max Original Hash Batches": 1, "Min Original Hash Batches": 1, "Max Peak Memory Usage": 110961, "min Peak Memory Usage": 110961, "Plans": [{"Node Type": "Streaming(type: LOCAL REDISTRIBUTE dop: 16/16)", "Parent Relationship": "Outer", "Startup Cost": 0.0, "Total Cost": 241082.56, "Plan Rows": 19995678, "Plan Width": 16, "Actual Min Startup Time": 0.064, "Actual Max Startup Time": 60.836, "Actual Min Total Time": 6228.998, "Actual Max Total Time": 6400.75, "Actual Total Rows": 37929348, "Plans": [{"Node Type": "Seq Scan", "Parent Relationship": "Outer", "Relation Name": "lineitem", "Alias": "l3", "Startup Cost": 0.0, "Total Cost": 150317.68, "Plan Rows": 19995678, "Plan Width": 16, "Actual Min Startup Time": 0.027, "Actual Max Startup Time": 0.059, "Actual Min Total Time": 1713.209, "Actual Max Total Time": 1837.634, "Actual Total Rows": 37929348, "Filter": "(l_receiptdate > l_commitdate), (LLVM Optimized, Jit Execute)", "Rows Removed by Filter": 22056704}]}]}]}]}]}]}]}]}]}]}, "Triggers": [], "Planner Runtime": 14.822, "Total Runtime": 16447.818, "Unique SQL Id": 3870093320}}, "(16, 75)": {"explain_plan": {"Plan": {"Node Type": "Limit", "Startup Cost": 6001037270730.47, "Total Cost": 6001037270730.72, "Plan Rows": 100, "Plan Width": 34, "Plans": [{"Node Type": "Sort", "Parent Relationship": "Outer", "Startup Cost": 6001037270730.47, "Total Cost": 6001037270753.4, "Plan Rows": 100, "Plan Width": 34, "Sort Key": ["(count(*)) DESC", "supplier.s_name"], "Plans": [{"Node Type": "Aggregate", "Strategy": "Hashed", "Parent Relationship": "Outer", "Startup Cost": 6001037270288.2, "Total Cost": 6001037270379.92, "Plan Rows": 9172, "Plan Width": 34, "Group By Key": ["supplier.s_name"], "Plans": [{"Node Type": "Hash Join", "Parent Relationship": "Outer", "Join Type": "Inner", "Startup Cost": 2040036961707.02, "Total Cost": 6001037270242.34, "Plan Rows": 9172, "Plan Width": 26, "Inner Unique": true, "Hash Cond": "(supplier.s_nationkey = nation.n_nationkey)", "Plans": [{"Node Type": "Hash Join", "Parent Relationship": "Outer", "Join Type": "Inner", "Startup Cost": 1040036960438.26, "Total Cost": 5001037268296.33, "Plan Rows": 229305, "Plan Width": 30, "Inner Unique": true, "Hash Cond": "(l1.l_suppkey = supplier.s_suppkey), (LLVM Optimized)", "Plans": [{"Node Type": "Merge Join", "Parent Relationship": "Outer", "Join Type": "Inner", "Startup Cost": 40036425616.82, "Total Cost": 4001036728206.72, "Plan Rows": 1201020, "Plan Width": 8, "Inner Unique": true, "Merge Cond": "(l1.l_orderkey = orders.o_orderkey)", "Plans": [{"Node Type": "Merge Join", "Parent Relationship": "Outer", "Join Type": "Semi", "Startup Cost": 30000000000.0, "Total Cost": 3001006768519.97, "Plan Rows": 949795, "Plan Width": 24, "Inner Unique": false, "Merge Cond": "(l1.l_orderkey = l2.l_orderkey), (LLVM Optimized)", "Join Filter": "(l2.l_suppkey <> l1.l_suppkey), (LLVM Optimized)", "Plans": [{"Node Type": "Merge Join", "Parent Relationship": "Outer", "Join Type": "Anti", "Startup Cost": 20000000000.0, "Total Cost": 2000682365976.25, "Plan Rows": 999784, "Plan Width": 16, "Inner Unique": false, "Merge Cond": "(l1.l_orderkey = l3.l_orderkey), (LLVM Optimized)", "Join Filter": "(l3.l_suppkey <> l1.l_suppkey), (LLVM Optimized)", "Plans": [{"Node Type": "Index Scan", "Parent Relationship": "Outer", "Scan Direction": "Forward", "Index Name": "idx_lineitem_orderkey", "Relation Name": "lineitem", "Alias": "l1", "Startup Cost": 10000000000.0, "Total Cost": 1000339012132.75, "Plan Rows": 19995678, "Plan Width": 16, "Filter": "(l_receiptdate > l_commitdate), (LLVM Optimized)"}, {"Node Type": "Materialize", "Parent Relationship": "Inner", "Startup Cost": 10000000000.0, "Total Cost": 1000339062121.94, "Plan Rows": 19995678, "Plan Width": 16, "Plans": [{"Node Type": "Index Scan", "Parent Relationship": "Outer", "Scan Direction": "Forward", "Index Name": "idx_lineitem_orderkey", "Relation Name": "lineitem", "Alias": "l3", "Startup Cost": 10000000000.0, "Total Cost": 1000339012132.75, "Plan Rows": 19995678, "Plan Width": 16, "Filter": "(l_receiptdate > l_commitdate), (LLVM Optimized)"}]}]}, {"Node Type": "Index Scan", "Parent Relationship": "Inner", "Scan Direction": "Forward", "Index Name": "idx_lineitem_orderkey", "Relation Name": "lineitem", "Alias": "l2", "Startup Cost": 10000000000.0, "Total Cost": 1000324015374.5, "Plan Rows": 59987033, "Plan Width": 16}]}, {"Node Type": "Index Scan", "Parent Relationship": "Inner", "Scan Direction": "Forward", "Index Name": "orders_pkey", "Relation Name": "orders", "Alias": "orders", "Startup Cost": 10000000000.0, "Total Cost": 1000076847713.25, "Plan Rows": 7338812, "Plan Width": 8, "Filter": "(o_orderstatus = 'F'::bpchar), (LLVM Optimized)"}]}, {"Node Type": "Hash", "Parent Relationship": "Inner", "Startup Cost": 1000000533571.43, "Total Cost": 1000000533571.43, "Plan Rows": 100000, "Plan Width": 38, "Plans": [{"Node Type": "Index Scan", "Parent Relationship": "Outer", "Scan Direction": "Forward", "Index Name": "supplier_pkey", "Relation Name": "supplier", "Alias": "supplier", "Startup Cost": 10000000000.0, "Total Cost": 1000000533571.43, "Plan Rows": 100000, "Plan Width": 38}]}]}, {"Node Type": "Hash", "Parent Relationship": "Inner", "Startup Cost": 1000000001268.75, "Total Cost": 1000000001268.75, "Plan Rows": 1, "Plan Width": 4, "Plans": [{"Node Type": "Index Scan", "Parent Relationship": "Outer", "Scan Direction": "Forward", "Index Name": "nation_pkey", "Relation Name": "nation", "Alias": "nation", "Startup Cost": 10000000000.0, "Total Cost": 1000000001268.75, "Plan Rows": 1, "Plan Width": 4, "Filter": "(n_name = 'EGYPT'::bpchar)"}]}]}]}]}]}, "Unique SQL Id": 3870093320}, "explain_analyze_plan": null}, "(16, 76)": {"explain_plan": {"Plan": {"Node Type": "Limit", "Startup Cost": 235032.82, "Total Cost": 235033.07, "Plan Rows": 100, "Plan Width": 34, "Plans": [{"Node Type": "Sort", "Parent Relationship": "Outer", "Startup Cost": 235032.82, "Total Cost": 235055.75, "Plan Rows": 100, "Plan Width": 34, "Sort Key": ["(count(*)) DESC", "supplier.s_name"], "Plans": [{"Node Type": "Aggregate", "Strategy": "Hashed", "Parent Relationship": "Outer", "Startup Cost": 234590.55, "Total Cost": 234682.27, "Plan Rows": 9172, "Plan Width": 34, "Group By Key": ["supplier.s_name"], "Plans": [{"Node Type": "Nested Loop", "Parent Relationship": "Outer", "Join Type": "Inner", "Startup Cost": 20006.2, "Total Cost": 234544.69, "Plan Rows": 9172, "Plan Width": 26, "Inner Unique": true, "Join Filter": "(l1.l_orderkey = orders.o_orderkey)", "Plans": [{"Node Type": "Nested Loop", "Parent Relationship": "Outer", "Join Type": "Semi", "Startup Cost": 20006.2, "Total Cost": 227444.32, "Plan Rows": 7254, "Plan Width": 42, "Inner Unique": false, "Plans": [{"Node Type": "Nested Loop", "Parent Relationship": "Outer", "Join Type": "Anti", "Startup Cost": 20006.2, "Total Cost": 225588.75, "Plan Rows": 7635, "Plan Width": 42, "Inner Unique": false, "Plans": [{"Node Type": "Streaming(type: LOCAL GATHER dop: 1/16)", "Parent Relationship": "Outer", "Startup Cost": 20006.2, "Total Cost": 178401.54, "Plan Rows": 152707, "Plan Width": 42, "Plans": [{"Node Type": "Hash Join", "Parent Relationship": "Outer", "Join Type": "Inner", "Startup Cost": 20006.2, "Total Cost": 175105.81, "Plan Rows": 152707, "Plan Width": 42, "Inner Unique": false, "Hash Cond": "(l1.l_suppkey = supplier.s_suppkey), (LLVM Optimized)", "Plans": [{"Node Type": "Seq Scan", "Parent Relationship": "Outer", "Relation Name": "lineitem", "Alias": "l1", "Startup Cost": 0.0, "Total Cost": 150317.68, "Plan Rows": 19995678, "Plan Width": 16, "Filter": "(l_receiptdate > l_commitdate), (LLVM Optimized)"}, {"Node Type": "Hash", "Parent Relationship": "Inner", "Startup Cost": 19956.2, "Total Cost": 19956.2, "Plan Rows": 64000, "Plan Width": 34, "Plans": [{"Node Type": "Streaming(type: BROADCAST dop: 16/1)", "Parent Relationship": "Outer", "Startup Cost": 1.32, "Total Cost": 19956.2, "Plan Rows": 64000, "Plan Width": 34, "Plans": [{"Node Type": "Hash Join", "Parent Relationship": "Outer", "Join Type": "Inner", "Startup Cost": 1.32, "Total Cost": 3574.95, "Plan Rows": 4000, "Plan Width": 34, "Inner Unique": true, "Hash Cond": "(supplier.s_nationkey = nation.n_nationkey)", "Plans": [{"Node Type": "Seq Scan", "Parent Relationship": "Outer", "Relation Name": "supplier", "Alias": "supplier", "Startup Cost": 0.0, "Total Cost": 3283.0, "Plan Rows": 100000, "Plan Width": 38}, {"Node Type": "Hash", "Parent Relationship": "Inner", "Startup Cost": 1.31, "Total Cost": 1.31, "Plan Rows": 1, "Plan Width": 4, "Plans": [{"Node Type": "Seq Scan", "Parent Relationship": "Outer", "Relation Name": "nation", "Alias": "nation", "Startup Cost": 0.0, "Total Cost": 1.31, "Plan Rows": 1, "Plan Width": 4, "Filter": "(n_name = 'EGYPT'::bpchar)"}]}]}]}]}]}]}, {"Node Type": "Index Scan", "Parent Relationship": "Inner", "Scan Direction": "Forward", "Index Name": "idx_lineitem_orderkey", "Relation Name": "lineitem", "Alias": "l3", "Startup Cost": 0.0, "Total Cost": 1.63, "Plan Rows": 3, "Plan Width": 16, "Index Cond": "(l_orderkey = l1.l_orderkey)", "Filter": "((l_receiptdate > l_commitdate) AND (l_suppkey <> l1.l_suppkey))"}]}, {"Node Type": "Index Scan", "Parent Relationship": "Inner", "Scan Direction": "Forward", "Index Name": "idx_lineitem_orderkey", "Relation Name": "lineitem", "Alias": "l2", "Startup Cost": 0.0, "Total Cost": 1.63, "Plan Rows": 9, "Plan Width": 16, "Index Cond": "(l_orderkey = l1.l_orderkey)", "Filter": "(l_suppkey <> l1.l_suppkey)"}]}, {"Node Type": "Index Scan", "Parent Relationship": "Inner", "Scan Direction": "Forward", "Index Name": "orders_pkey", "Relation Name": "orders", "Alias": "orders", "Startup Cost": 0.0, "Total Cost": 0.97, "Plan Rows": 1, "Plan Width": 8, "Index Cond": "(o_orderkey = l2.l_orderkey)", "Filter": "(o_orderstatus = 'F'::bpchar)"}]}]}]}]}, "Unique SQL Id": 3870093320}, "explain_analyze_plan": {"Plan": {"Node Type": "Limit", "Startup Cost": 235032.82, "Total Cost": 235033.07, "Plan Rows": 100, "Plan Width": 34, "Actual Min Startup Time": 12530.294, "Actual Max Startup Time": 12530.294, "Actual Min Total Time": 12530.313, "Actual Max Total Time": 12530.313, "Actual Total Rows": 100, "Plans": [{"Node Type": "Sort", "Parent Relationship": "Outer", "Startup Cost": 235032.82, "Total Cost": 235055.75, "Plan Rows": 100, "Plan Width": 34, "Actual Min Startup Time": 12530.291, "Actual Max Startup Time": 12530.291, "Actual Min Total Time": 12530.299, "Actual Max Total Time": 12530.299, "Actual Total Rows": 100, "Sort Key": ["(count(*)) DESC", "supplier.s_name"], "Sort Method": "top-N heapsort", "Sort Space Min Used": 41, "Sort Space Max Used": 41, "Sort Space Type": "Memory", "Plans": [{"Node Type": "Aggregate", "Strategy": "Hashed", "Parent Relationship": "Outer", "Startup Cost": 234590.55, "Total Cost": 234682.27, "Plan Rows": 9172, "Plan Width": 34, "Actual Min Startup Time": 12526.982, "Actual Max Startup Time": 12526.982, "Actual Min Total Time": 12528.236, "Actual Max Total Time": 12528.236, "Actual Total Rows": 3981, "Group By Key": ["supplier.s_name"], "Plans": [{"Node Type": "Nested Loop", "Parent Relationship": "Outer", "Join Type": "Inner", "Startup Cost": 20006.2, "Total Cost": 234544.69, "Plan Rows": 9172, "Plan Width": 26, "Actual Min Startup Time": 136.969, "Actual Max Startup Time": 136.969, "Actual Min Total Time": 12474.882, "Actual Max Total Time": 12474.882, "Actual Total Rows": 39445, "Inner Unique": true, "Join Filter": "(l1.l_orderkey = orders.o_orderkey)", "Rows Removed by Join Filter": 0, "Plans": [{"Node Type": "Nested Loop", "Parent Relationship": "Outer", "Join Type": "Semi", "Startup Cost": 20006.2, "Total Cost": 227444.32, "Plan Rows": 7254, "Plan Width": 42, "Actual Min Startup Time": 136.943, "Actual Max Startup Time": 136.943, "Actual Min Total Time": 11885.225, "Actual Max Total Time": 11885.225, "Actual Total Rows": 80537, "Inner Unique": false, "Plans": [{"Node Type": "Nested Loop", "Parent Relationship": "Outer", "Join Type": "Anti", "Startup Cost": 20006.2, "Total Cost": 225588.75, "Plan Rows": 7635, "Plan Width": 42, "Actual Min Startup Time": 136.931, "Actual Max Startup Time": 136.931, "Actual Min Total Time": 11294.761, "Actual Max Total Time": 11294.761, "Actual Total Rows": 135110, "Inner Unique": false, "Plans": [{"Node Type": "Streaming(type: LOCAL GATHER dop: 1/16)", "Parent Relationship": "Outer", "Startup Cost": 20006.2, "Total Cost": 178401.54, "Plan Rows": 152707, "Plan Width": 42, "Actual Min Startup Time": 136.761, "Actual Max Startup Time": 136.761, "Actual Min Total Time": 860.562, "Actual Max Total Time": 860.562, "Actual Total Rows": 1511024, "Plans": [{"Node Type": "Hash Join", "Parent Relationship": "Outer", "Join Type": "Inner", "Startup Cost": 20006.2, "Total Cost": 175105.81, "Plan Rows": 152707, "Plan Width": 42, "Actual Min Startup Time": 80.661, "Actual Max Startup Time": 92.066, "Actual Min Total Time": 2173.837, "Actual Max Total Time": 2246.976, "Actual Total Rows": 1511024, "Inner Unique": false, "Hash Cond": "(l1.l_suppkey = supplier.s_suppkey), (LLVM Optimized, Jit Execute)", "Plans": [{"Node Type": "Seq Scan", "Parent Relationship": "Outer", "Relation Name": "lineitem", "Alias": "l1", "Startup Cost": 0.0, "Total Cost": 150317.68, "Plan Rows": 19995678, "Plan Width": 16, "Actual Min Startup Time": 0.026, "Actual Max Startup Time": 0.042, "Actual Min Total Time": 1600.127, "Actual Max Total Time": 1653.437, "Actual Total Rows": 37929348, "Filter": "(l_receiptdate > l_commitdate), (LLVM Optimized, Jit Execute)", "Rows Removed by Filter": 22056704}, {"Node Type": "Hash", "Parent Relationship": "Inner", "Startup Cost": 19956.2, "Total Cost": 19956.2, "Plan Rows": 64000, "Plan Width": 34, "Actual Min Startup Time": 80.532, "Actual Max Startup Time": 91.922, "Actual Min Total Time": 80.532, "Actual Max Total Time": 91.922, "Actual Total Rows": 63696, "Max Hash Buckets": 32768, "Min Hash Buckets": 32768, "Max Hash Batches": 1, "Min Hash Batches": 1, "Max Original Hash Batches": 1, "Min Original Hash Batches": 1, "Max Peak Memory Usage": 280, "min Peak Memory Usage": 280, "Plans": [{"Node Type": "Streaming(type: BROADCAST dop: 16/1)", "Parent Relationship": "Outer", "Startup Cost": 1.32, "Total Cost": 19956.2, "Plan Rows": 64000, "Plan Width": 34, "Actual Min Startup Time": 0.024, "Actual Max Startup Time": 0.063, "Actual Min Total Time": 79.469, "Actual Max Total Time": 90.784, "Actual Total Rows": 63696, "Plans": [{"Node Type": "Hash Join", "Parent Relationship": "Outer", "Join Type": "Inner", "Startup Cost": 1.32, "Total Cost": 3574.95, "Plan Rows": 4000, "Plan Width": 34, "Actual Min Startup Time": 0.155, "Actual Max Startup Time": 0.155, "Actual Min Total Time": 48.476, "Actual Max Total Time": 48.476, "Actual Total Rows": 3981, "Inner Unique": true, "Hash Cond": "(supplier.s_nationkey = nation.n_nationkey)", "Plans": [{"Node Type": "Seq Scan", "Parent Relationship": "Outer", "Relation Name": "supplier", "Alias": "supplier", "Startup Cost": 0.0, "Total Cost": 3283.0, "Plan Rows": 100000, "Plan Width": 38, "Actual Min Startup Time": 0.028, "Actual Max Startup Time": 0.028, "Actual Min Total Time": 28.676, "Actual Max Total Time": 28.676, "Actual Total Rows": 100000}, {"Node Type": "Hash", "Parent Relationship": "Inner", "Startup Cost": 1.31, "Total Cost": 1.31, "Plan Rows": 1, "Plan Width": 4, "Actual Min Startup Time": 0.056, "Actual Max Startup Time": 0.056, "Actual Min Total Time": 0.056, "Actual Max Total Time": 0.056, "Actual Total Rows": 1, "Max Hash Buckets": 32768, "Min Hash Buckets": 32768, "Max Hash Batches": 1, "Min Hash Batches": 1, "Max Original Hash Batches": 1, "Min Original Hash Batches": 1, "Max Peak Memory Usage": 1, "min Peak Memory Usage": 1, "Plans": [{"Node Type": "Seq Scan", "Parent Relationship": "Outer", "Relation Name": "nation", "Alias": "nation", "Startup Cost": 0.0, "Total Cost": 1.31, "Plan Rows": 1, "Plan Width": 4, "Actual Min Startup Time": 0.034, "Actual Max Startup Time": 0.034, "Actual Min Total Time": 0.041, "Actual Max Total Time": 0.041, "Actual Total Rows": 1, "Filter": "(n_name = 'EGYPT'::bpchar)", "Rows Removed by Filter": 24}]}]}]}]}]}]}, {"Node Type": "Index Scan", "Parent Relationship": "Inner", "Scan Direction": "Forward", "Index Name": "idx_lineitem_orderkey", "Relation Name": "lineitem", "Alias": "l3", "Startup Cost": 0.0, "Total Cost": 1.63, "Plan Rows": 3, "Plan Width": 16, "Actual Min Startup Time": 9409.766, "Actual Max Startup Time": 9409.766, "Actual Min Total Time": 9409.766, "Actual Max Total Time": 9409.766, "Actual Total Rows": 1375914, "Index Cond": "(l_orderkey = l1.l_orderkey)", "Rows Removed by Index Recheck": 0, "Filter": "((l_receiptdate > l_commitdate) AND (l_suppkey <> l1.l_suppkey))", "Rows Removed by Filter": 1348115}]}, {"Node Type": "Index Scan", "Parent Relationship": "Inner", "Scan Direction": "Forward", "Index Name": "idx_lineitem_orderkey", "Relation Name": "lineitem", "Alias": "l2", "Startup Cost": 0.0, "Total Cost": 1.63, "Plan Rows": 9, "Plan Width": 16, "Actual Min Startup Time": 495.485, "Actual Max Startup Time": 495.485, "Actual Min Total Time": 495.485, "Actual Max Total Time": 495.485, "Actual Total Rows": 80537, "Index Cond": "(l_orderkey = l1.l_orderkey)", "Rows Removed by Index Recheck": 0, "Filter": "(l_suppkey <> l1.l_suppkey)", "Rows Removed by Filter": 85912}]}, {"Node Type": "Index Scan", "Parent Relationship": "Inner", "Scan Direction": "Forward", "Index Name": "orders_pkey", "Relation Name": "orders", "Alias": "orders", "Startup Cost": 0.0, "Total Cost": 0.97, "Plan Rows": 1, "Plan Width": 8, "Actual Min Startup Time": 525.838, "Actual Max Startup Time": 525.838, "Actual Min Total Time": 525.838, "Actual Max Total Time": 525.838, "Actual Total Rows": 39445, "Index Cond": "(o_orderkey = l2.l_orderkey)", "Rows Removed by Index Recheck": 0, "Filter": "(o_orderstatus = 'F'::bpchar)", "Rows Removed by Filter": 41092}]}]}]}]}, "Triggers": [], "Planner Runtime": 13.269, "Total Runtime": 12542.759, "Unique SQL Id": 3870093320}}, "(16, 77)": {"explain_plan": {"Plan": {"Node Type": "Limit", "Startup Cost": 2788927.51, "Total Cost": 2788927.76, "Plan Rows": 100, "Plan Width": 34, "Plans": [{"Node Type": "Sort", "Parent Relationship": "Outer", "Startup Cost": 2788927.51, "Total Cost": 2788950.44, "Plan Rows": 100, "Plan Width": 34, "Sort Key": ["(count(*)) DESC", "supplier.s_name"], "Plans": [{"Node Type": "Aggregate", "Strategy": "Hashed", "Parent Relationship": "Outer", "Startup Cost": 2788485.24, "Total Cost": 2788576.96, "Plan Rows": 9172, "Plan Width": 34, "Group By Key": ["supplier.s_name"], "Plans": [{"Node Type": "Nested Loop", "Parent Relationship": "Outer", "Join Type": "Inner", "Startup Cost": 22070.29, "Total Cost": 2788439.38, "Plan Rows": 9172, "Plan Width": 26, "Inner Unique": true, "Join Filter": "(l1.l_orderkey = orders.o_orderkey)", "Plans": [{"Node Type": "Nested Loop", "Parent Relationship": "Outer", "Join Type": "Semi", "Startup Cost": 22070.29, "Total Cost": 2781339.01, "Plan Rows": 7254, "Plan Width": 42, "Inner Unique": false, "Plans": [{"Node Type": "Nested Loop", "Parent Relationship": "Outer", "Join Type": "Anti", "Startup Cost": 22070.29, "Total Cost": 2779483.45, "Plan Rows": 7635, "Plan Width": 42, "Inner Unique": false, "Plans": [{"Node Type": "Streaming(type: LOCAL GATHER dop: 1/16)", "Parent Relationship": "Outer", "Startup Cost": 22070.29, "Total Cost": 2732296.23, "Plan Rows": 152707, "Plan Width": 42, "Plans": [{"Node Type": "Hash Join", "Parent Relationship": "Outer", "Join Type": "Inner", "Startup Cost": 22070.29, "Total Cost": 2729000.5, "Plan Rows": 152707, "Plan Width": 42, "Inner Unique": false, "Hash Cond": "(l1.l_suppkey = supplier.s_suppkey), (LLVM Optimized)", "Plans": [{"Node Type": "Index Scan", "Parent Relationship": "Outer", "Scan Direction": "Forward", "Index Name": "idx_lineitem_orderkey", "Relation Name": "lineitem", "Alias": "l1", "Startup Cost": 0.0, "Total Cost": 2702148.28, "Plan Rows": 19995678, "Plan Width": 16, "Filter": "(l_receiptdate > l_commitdate), (LLVM Optimized)"}, {"Node Type": "Hash", "Parent Relationship": "Inner", "Startup Cost": 22020.29, "Total Cost": 22020.29, "Plan Rows": 64000, "Plan Width": 34, "Plans": [{"Node Type": "Streaming(type: BROADCAST dop: 16/1)", "Parent Relationship": "Outer", "Startup Cost": 12.7, "Total Cost": 22020.29, "Plan Rows": 64000, "Plan Width": 34, "Plans": [{"Node Type": "Hash Join", "Parent Relationship": "Outer", "Join Type": "Inner", "Startup Cost": 12.7, "Total Cost": 5639.04, "Plan Rows": 4000, "Plan Width": 34, "Inner Unique": true, "Hash Cond": "(supplier.s_nationkey = nation.n_nationkey)", "Plans": [{"Node Type": "Index Scan", "Parent Relationship": "Outer", "Scan Direction": "Forward", "Index Name": "supplier_pkey", "Relation Name": "supplier", "Alias": "supplier", "Startup Cost": 0.0, "Total Cost": 5335.71, "Plan Rows": 100000, "Plan Width": 38}, {"Node Type": "Hash", "Parent Relationship": "Inner", "Startup Cost": 12.69, "Total Cost": 12.69, "Plan Rows": 1, "Plan Width": 4, "Plans": [{"Node Type": "Index Scan", "Parent Relationship": "Outer", "Scan Direction": "Forward", "Index Name": "nation_pkey", "Relation Name": "nation", "Alias": "nation", "Startup Cost": 0.0, "Total Cost": 12.69, "Plan Rows": 1, "Plan Width": 4, "Filter": "(n_name = 'EGYPT'::bpchar)"}]}]}]}]}]}]}, {"Node Type": "Index Scan", "Parent Relationship": "Inner", "Scan Direction": "Forward", "Index Name": "idx_lineitem_orderkey", "Relation Name": "lineitem", "Alias": "l3", "Startup Cost": 0.0, "Total Cost": 1.63, "Plan Rows": 3, "Plan Width": 16, "Index Cond": "(l_orderkey = l1.l_orderkey)", "Filter": "((l_receiptdate > l_commitdate) AND (l_suppkey <> l1.l_suppkey))"}]}, {"Node Type": "Index Scan", "Parent Relationship": "Inner", "Scan Direction": "Forward", "Index Name": "idx_lineitem_orderkey", "Relation Name": "lineitem", "Alias": "l2", "Startup Cost": 0.0, "Total Cost": 1.63, "Plan Rows": 9, "Plan Width": 16, "Index Cond": "(l_orderkey = l1.l_orderkey)", "Filter": "(l_suppkey <> l1.l_suppkey)"}]}, {"Node Type": "Index Scan", "Parent Relationship": "Inner", "Scan Direction": "Forward", "Index Name": "orders_pkey", "Relation Name": "orders", "Alias": "orders", "Startup Cost": 0.0, "Total Cost": 0.97, "Plan Rows": 1, "Plan Width": 8, "Index Cond": "(o_orderkey = l2.l_orderkey)", "Filter": "(o_orderstatus = 'F'::bpchar)"}]}]}]}]}, "Unique SQL Id": 3870093320}, "explain_analyze_plan": {"Plan": {"Node Type": "Limit", "Startup Cost": 2788927.51, "Total Cost": 2788927.76, "Plan Rows": 100, "Plan Width": 34, "Actual Min Startup Time": 12922.857, "Actual Max Startup Time": 12922.857, "Actual Min Total Time": 12922.875, "Actual Max Total Time": 12922.875, "Actual Total Rows": 100, "Plans": [{"Node Type": "Sort", "Parent Relationship": "Outer", "Startup Cost": 2788927.51, "Total Cost": 2788950.44, "Plan Rows": 100, "Plan Width": 34, "Actual Min Startup Time": 12922.854, "Actual Max Startup Time": 12922.854, "Actual Min Total Time": 12922.86, "Actual Max Total Time": 12922.86, "Actual Total Rows": 100, "Sort Key": ["(count(*)) DESC", "supplier.s_name"], "Sort Method": "top-N heapsort", "Sort Space Min Used": 41, "Sort Space Max Used": 41, "Sort Space Type": "Memory", "Plans": [{"Node Type": "Aggregate", "Strategy": "Hashed", "Parent Relationship": "Outer", "Startup Cost": 2788485.24, "Total Cost": 2788576.96, "Plan Rows": 9172, "Plan Width": 34, "Actual Min Startup Time": 12919.417, "Actual Max Startup Time": 12919.417, "Actual Min Total Time": 12920.679, "Actual Max Total Time": 12920.679, "Actual Total Rows": 3981, "Group By Key": ["supplier.s_name"], "Plans": [{"Node Type": "Nested Loop", "Parent Relationship": "Outer", "Join Type": "Inner", "Startup Cost": 22070.29, "Total Cost": 2788439.38, "Plan Rows": 9172, "Plan Width": 26, "Actual Min Startup Time": 666.487, "Actual Max Startup Time": 666.487, "Actual Min Total Time": 12872.21, "Actual Max Total Time": 12872.21, "Actual Total Rows": 39445, "Inner Unique": true, "Join Filter": "(l1.l_orderkey = orders.o_orderkey)", "Rows Removed by Join Filter": 0, "Plans": [{"Node Type": "Nested Loop", "Parent Relationship": "Outer", "Join Type": "Semi", "Startup Cost": 22070.29, "Total Cost": 2781339.01, "Plan Rows": 7254, "Plan Width": 42, "Actual Min Startup Time": 666.46, "Actual Max Startup Time": 666.46, "Actual Min Total Time": 12299.192, "Actual Max Total Time": 12299.192, "Actual Total Rows": 80537, "Inner Unique": false, "Plans": [{"Node Type": "Nested Loop", "Parent Relationship": "Outer", "Join Type": "Anti", "Startup Cost": 22070.29, "Total Cost": 2779483.45, "Plan Rows": 7635, "Plan Width": 42, "Actual Min Startup Time": 666.386, "Actual Max Startup Time": 666.386, "Actual Min Total Time": 11708.158, "Actual Max Total Time": 11708.158, "Actual Total Rows": 135110, "Inner Unique": false, "Plans": [{"Node Type": "Streaming(type: LOCAL GATHER dop: 1/16)", "Parent Relationship": "Outer", "Startup Cost": 22070.29, "Total Cost": 2732296.23, "Plan Rows": 152707, "Plan Width": 42, "Actual Min Startup Time": 666.221, "Actual Max Startup Time": 666.221, "Actual Min Total Time": 1331.623, "Actual Max Total Time": 1331.623, "Actual Total Rows": 1511024, "Plans": [{"Node Type": "Hash Join", "Parent Relationship": "Outer", "Join Type": "Inner", "Startup Cost": 22070.29, "Total Cost": 2729000.5, "Plan Rows": 152707, "Plan Width": 42, "Actual Min Startup Time": 619.322, "Actual Max Startup Time": 626.753, "Actual Min Total Time": 3761.45, "Actual Max Total Time": 4319.253, "Actual Total Rows": 1511024, "Inner Unique": false, "Hash Cond": "(l1.l_suppkey = supplier.s_suppkey), (LLVM Optimized, Jit Execute)", "Plans": [{"Node Type": "Index Scan", "Parent Relationship": "Outer", "Scan Direction": "Forward", "Index Name": "idx_lineitem_orderkey", "Relation Name": "lineitem", "Alias": "l1", "Startup Cost": 0.0, "Total Cost": 2702148.28, "Plan Rows": 19995678, "Plan Width": 16, "Actual Min Startup Time": 513.995, "Actual Max Startup Time": 514.08, "Actual Min Total Time": 3148.309, "Actual Max Total Time": 3722.33, "Actual Total Rows": 37929348, "Filter": "(l_receiptdate > l_commitdate), (LLVM Optimized, Jit Execute)", "Rows Removed by Filter": 22056704}, {"Node Type": "Hash", "Parent Relationship": "Inner", "Startup Cost": 22020.29, "Total Cost": 22020.29, "Plan Rows": 64000, "Plan Width": 34, "Actual Min Startup Time": 105.209, "Actual Max Startup Time": 112.612, "Actual Min Total Time": 105.209, "Actual Max Total Time": 112.612, "Actual Total Rows": 63696, "Max Hash Buckets": 32768, "Min Hash Buckets": 32768, "Max Hash Batches": 1, "Min Hash Batches": 1, "Max Original Hash Batches": 1, "Min Original Hash Batches": 1, "Max Peak Memory Usage": 280, "min Peak Memory Usage": 280, "Plans": [{"Node Type": "Streaming(type: BROADCAST dop: 16/1)", "Parent Relationship": "Outer", "Startup Cost": 12.7, "Total Cost": 22020.29, "Plan Rows": 64000, "Plan Width": 34, "Actual Min Startup Time": 0.024, "Actual Max Startup Time": 0.035, "Actual Min Total Time": 104.15, "Actual Max Total Time": 111.392, "Actual Total Rows": 63696, "Plans": [{"Node Type": "Hash Join", "Parent Relationship": "Outer", "Join Type": "Inner", "Startup Cost": 12.7, "Total Cost": 5639.04, "Plan Rows": 4000, "Plan Width": 34, "Actual Min Startup Time": 0.213, "Actual Max Startup Time": 0.213, "Actual Min Total Time": 77.672, "Actual Max Total Time": 77.672, "Actual Total Rows": 3981, "Inner Unique": true, "Hash Cond": "(supplier.s_nationkey = nation.n_nationkey)", "Plans": [{"Node Type": "Index Scan", "Parent Relationship": "Outer", "Scan Direction": "Forward", "Index Name": "supplier_pkey", "Relation Name": "supplier", "Alias": "supplier", "Startup Cost": 0.0, "Total Cost": 5335.71, "Plan Rows": 100000, "Plan Width": 38, "Actual Min Startup Time": 0.048, "Actual Max Startup Time": 0.048, "Actual Min Total Time": 57.848, "Actual Max Total Time": 57.848, "Actual Total Rows": 100000}, {"Node Type": "Hash", "Parent Relationship": "Inner", "Startup Cost": 12.69, "Total Cost": 12.69, "Plan Rows": 1, "Plan Width": 4, "Actual Min Startup Time": 0.066, "Actual Max Startup Time": 0.066, "Actual Min Total Time": 0.066, "Actual Max Total Time": 0.066, "Actual Total Rows": 1, "Max Hash Buckets": 32768, "Min Hash Buckets": 32768, "Max Hash Batches": 1, "Min Hash Batches": 1, "Max Original Hash Batches": 1, "Min Original Hash Batches": 1, "Max Peak Memory Usage": 1, "min Peak Memory Usage": 1, "Plans": [{"Node Type": "Index Scan", "Parent Relationship": "Outer", "Scan Direction": "Forward", "Index Name": "nation_pkey", "Relation Name": "nation", "Alias": "nation", "Startup Cost": 0.0, "Total Cost": 12.69, "Plan Rows": 1, "Plan Width": 4, "Actual Min Startup Time": 0.038, "Actual Max Startup Time": 0.038, "Actual Min Total Time": 0.054, "Actual Max Total Time": 0.054, "Actual Total Rows": 1, "Filter": "(n_name = 'EGYPT'::bpchar)", "Rows Removed by Filter": 24}]}]}]}]}]}]}, {"Node Type": "Index Scan", "Parent Relationship": "Inner", "Scan Direction": "Forward", "Index Name": "idx_lineitem_orderkey", "Relation Name": "lineitem", "Alias": "l3", "Startup Cost": 0.0, "Total Cost": 1.63, "Plan Rows": 3, "Plan Width": 16, "Actual Min Startup Time": 9355.858, "Actual Max Startup Time": 9355.858, "Actual Min Total Time": 9355.858, "Actual Max Total Time": 9355.858, "Actual Total Rows": 1375914, "Index Cond": "(l_orderkey = l1.l_orderkey)", "Rows Removed by Index Recheck": 0, "Filter": "((l_receiptdate > l_commitdate) AND (l_suppkey <> l1.l_suppkey))", "Rows Removed by Filter": 1348115}]}, {"Node Type": "Index Scan", "Parent Relationship": "Inner", "Scan Direction": "Forward", "Index Name": "idx_lineitem_orderkey", "Relation Name": "lineitem", "Alias": "l2", "Startup Cost": 0.0, "Total Cost": 1.63, "Plan Rows": 9, "Plan Width": 16, "Actual Min Startup Time": 496.109, "Actual Max Startup Time": 496.109, "Actual Min Total Time": 496.109, "Actual Max Total Time": 496.109, "Actual Total Rows": 80537, "Index Cond": "(l_orderkey = l1.l_orderkey)", "Rows Removed by Index Recheck": 0, "Filter": "(l_suppkey <> l1.l_suppkey)", "Rows Removed by Filter": 85912}]}, {"Node Type": "Index Scan", "Parent Relationship": "Inner", "Scan Direction": "Forward", "Index Name": "orders_pkey", "Relation Name": "orders", "Alias": "orders", "Startup Cost": 0.0, "Total Cost": 0.97, "Plan Rows": 1, "Plan Width": 8, "Actual Min Startup Time": 510.002, "Actual Max Startup Time": 510.002, "Actual Min Total Time": 510.002, "Actual Max Total Time": 510.002, "Actual Total Rows": 39445, "Index Cond": "(o_orderkey = l2.l_orderkey)", "Rows Removed by Index Recheck": 0, "Filter": "(o_orderstatus = 'F'::bpchar)", "Rows Removed by Filter": 41092}]}]}]}]}, "Triggers": [], "Planner Runtime": 12.553, "Total Runtime": 12935.306, "Unique SQL Id": 3870093320}}, "(16, 78)": {"explain_plan": {"Plan": {"Node Type": "Limit", "Startup Cost": 747988.54, "Total Cost": 747988.79, "Plan Rows": 100, "Plan Width": 34, "Plans": [{"Node Type": "Sort", "Parent Relationship": "Outer", "Startup Cost": 747988.54, "Total Cost": 747988.79, "Plan Rows": 100, "Plan Width": 34, "Sort Key": ["(count(*)) DESC", "supplier.s_name"], "Plans": [{"Node Type": "Streaming(type: LOCAL GATHER dop: 1/16)", "Parent Relationship": "Outer", "Startup Cost": 747984.4, "Total Cost": 747985.22, "Plan Rows": 100, "Plan Width": 34, "Plans": [{"Node Type": "Limit", "Parent Relationship": "Outer", "Startup Cost": 747984.4, "Total Cost": 747984.65, "Plan Rows": 100, "Plan Width": 34, "Plans": [{"Node Type": "Sort", "Parent Relationship": "Outer", "Startup Cost": 747984.4, "Total Cost": 748007.33, "Plan Rows": 100, "Plan Width": 34, "Sort Key": ["(count(*)) DESC", "supplier.s_name"], "Plans": [{"Node Type": "Aggregate", "Strategy": "Hashed", "Parent Relationship": "Outer", "Startup Cost": 747628.12, "Total Cost": 747633.85, "Plan Rows": 9172, "Plan Width": 34, "Group By Key": ["supplier.s_name"], "Plans": [{"Node Type": "Streaming(type: LOCAL REDISTRIBUTE dop: 16/16)", "Parent Relationship": "Outer", "Startup Cost": 308588.13, "Total Cost": 747625.25, "Plan Rows": 9172, "Plan Width": 26, "Plans": [{"Node Type": "Hash Join", "Parent Relationship": "Outer", "Join Type": "Anti", "Startup Cost": 308588.13, "Total Cost": 747325.37, "Plan Rows": 9172, "Plan Width": 26, "Inner Unique": false, "Hash Cond": "(l1.l_orderkey = l3.l_orderkey)", "Join Filter": "(l3.l_suppkey <> l1.l_suppkey)", "Plans": [{"Node Type": "Streaming(type: LOCAL REDISTRIBUTE dop: 16/16)", "Parent Relationship": "Outer", "Startup Cost": 207535.81, "Total Cost": 645828.7, "Plan Rows": 183444, "Plan Width": 42, "Plans": [{"Node Type": "Hash Join", "Parent Relationship": "Outer", "Join Type": "Inner", "Startup Cost": 207535.81, "Total Cost": 630133.61, "Plan Rows": 183444, "Plan Width": 42, "Inner Unique": true, "Hash Cond": "(l1.l_orderkey = orders.o_orderkey), (LLVM Optimized)", "Plans": [{"Node Type": "Streaming(type: BROADCAST dop: 16/16)", "Parent Relationship": "Outer", "Startup Cost": 190803.73, "Total Cost": 612742.87, "Plan Rows": 2321152, "Plan Width": 50, "Plans": [{"Node Type": "Hash Join", "Parent Relationship": "Outer", "Join Type": "Right Semi", "Startup Cost": 190803.73, "Total Cost": 591849.32, "Plan Rows": 145072, "Plan Width": 50, "Inner Unique": false, "Hash Cond": "(l2.l_orderkey = l1.l_orderkey), (LLVM Optimized)", "Join Filter": "(l2.l_suppkey <> l1.l_suppkey), (LLVM Optimized)", "Plans": [{"Node Type": "Streaming(type: LOCAL REDISTRIBUTE dop: 16/16)", "Parent Relationship": "Outer", "Startup Cost": 0.0, "Total Cost": 383239.33, "Plan Rows": 59987033, "Plan Width": 16, "Plans": [{"Node Type": "Seq Scan", "Parent Relationship": "Outer", "Relation Name": "lineitem", "Alias": "l2", "Startup Cost": 0.0, "Total Cost": 140944.71, "Plan Rows": 59987033, "Plan Width": 16}]}, {"Node Type": "Hash", "Parent Relationship": "Inner", "Startup Cost": 190684.43, "Total Cost": 190684.43, "Plan Rows": 152707, "Plan Width": 42, "Plans": [{"Node Type": "Streaming(type: LOCAL REDISTRIBUTE dop: 16/16)", "Parent Relationship": "Outer", "Startup Cost": 20006.2, "Total Cost": 190684.43, "Plan Rows": 152707, "Plan Width": 42, "Plans": [{"Node Type": "Hash Join", "Parent Relationship": "Outer", "Join Type": "Inner", "Startup Cost": 20006.2, "Total Cost": 175105.81, "Plan Rows": 152707, "Plan Width": 42, "Inner Unique": false, "Hash Cond": "(l1.l_suppkey = supplier.s_suppkey), (LLVM Optimized)", "Plans": [{"Node Type": "Seq Scan", "Parent Relationship": "Outer", "Relation Name": "lineitem", "Alias": "l1", "Startup Cost": 0.0, "Total Cost": 150317.68, "Plan Rows": 19995678, "Plan Width": 16, "Filter": "(l_receiptdate > l_commitdate), (LLVM Optimized)"}, {"Node Type": "Hash", "Parent Relationship": "Inner", "Startup Cost": 19956.2, "Total Cost": 19956.2, "Plan Rows": 64000, "Plan Width": 34, "Plans": [{"Node Type": "Streaming(type: BROADCAST dop: 16/1)", "Parent Relationship": "Outer", "Startup Cost": 1.32, "Total Cost": 19956.2, "Plan Rows": 64000, "Plan Width": 34, "Plans": [{"Node Type": "Hash Join", "Parent Relationship": "Outer", "Join Type": "Inner", "Startup Cost": 1.32, "Total Cost": 3574.95, "Plan Rows": 4000, "Plan Width": 34, "Inner Unique": true, "Hash Cond": "(supplier.s_nationkey = nation.n_nationkey)", "Plans": [{"Node Type": "Seq Scan", "Parent Relationship": "Outer", "Relation Name": "supplier", "Alias": "supplier", "Startup Cost": 0.0, "Total Cost": 3283.0, "Plan Rows": 100000, "Plan Width": 38}, {"Node Type": "Hash", "Parent Relationship": "Inner", "Startup Cost": 1.31, "Total Cost": 1.31, "Plan Rows": 1, "Plan Width": 4, "Plans": [{"Node Type": "Seq Scan", "Parent Relationship": "Outer", "Relation Name": "nation", "Alias": "nation", "Startup Cost": 0.0, "Total Cost": 1.31, "Plan Rows": 1, "Plan Width": 4, "Filter": "(n_name = 'EGYPT'::bpchar)"}]}]}]}]}]}]}]}]}]}, {"Node Type": "Hash", "Parent Relationship": "Inner", "Startup Cost": 43994.53, "Total Cost": 43994.53, "Plan Rows": 7338812, "Plan Width": 8, "Plans": [{"Node Type": "Seq Scan", "Parent Relationship": "Outer", "Relation Name": "orders", "Alias": "orders", "Startup Cost": 0.0, "Total Cost": 43994.53, "Plan Rows": 7338812, "Plan Width": 8, "Filter": "(o_orderstatus = 'F'::bpchar), (LLVM Optimized)"}]}]}]}, {"Node Type": "Hash", "Parent Relationship": "Inner", "Startup Cost": 241082.56, "Total Cost": 241082.56, "Plan Rows": 19995678, "Plan Width": 16, "Plans": [{"Node Type": "Streaming(type: LOCAL REDISTRIBUTE dop: 16/16)", "Parent Relationship": "Outer", "Startup Cost": 0.0, "Total Cost": 241082.56, "Plan Rows": 19995678, "Plan Width": 16, "Plans": [{"Node Type": "Seq Scan", "Parent Relationship": "Outer", "Relation Name": "lineitem", "Alias": "l3", "Startup Cost": 0.0, "Total Cost": 150317.68, "Plan Rows": 19995678, "Plan Width": 16, "Filter": "(l_receiptdate > l_commitdate), (LLVM Optimized)"}]}]}]}]}]}]}]}]}]}]}, "Unique SQL Id": 3870093320}, "explain_analyze_plan": {"Plan": {"Node Type": "Limit", "Startup Cost": 747988.54, "Total Cost": 747988.79, "Plan Rows": 100, "Plan Width": 34, "Actual Min Startup Time": 16410.512, "Actual Max Startup Time": 16410.512, "Actual Min Total Time": 16410.529, "Actual Max Total Time": 16410.529, "Actual Total Rows": 100, "Plans": [{"Node Type": "Sort", "Parent Relationship": "Outer", "Startup Cost": 747988.54, "Total Cost": 747988.79, "Plan Rows": 100, "Plan Width": 34, "Actual Min Startup Time": 16410.509, "Actual Max Startup Time": 16410.509, "Actual Min Total Time": 16410.514, "Actual Max Total Time": 16410.514, "Actual Total Rows": 100, "Sort Key": ["(count(*)) DESC", "supplier.s_name"], "Sort Method": "top-N heapsort", "Sort Space Min Used": 39, "Sort Space Max Used": 39, "Sort Space Type": "Memory", "Plans": [{"Node Type": "Streaming(type: LOCAL GATHER dop: 1/16)", "Parent Relationship": "Outer", "Startup Cost": 747984.4, "Total Cost": 747985.22, "Plan Rows": 100, "Plan Width": 34, "Actual Min Startup Time": 16408.559, "Actual Max Startup Time": 16408.559, "Actual Min Total Time": 16409.348, "Actual Max Total Time": 16409.348, "Actual Total Rows": 1600, "Plans": [{"Node Type": "Limit", "Parent Relationship": "Outer", "Startup Cost": 747984.4, "Total Cost": 747984.65, "Plan Rows": 100, "Plan Width": 34, "Actual Min Startup Time": 16227.99, "Actual Max Startup Time": 16274.744, "Actual Min Total Time": 16228.007, "Actual Max Total Time": 16274.763, "Actual Total Rows": 1600, "Plans": [{"Node Type": "Sort", "Parent Relationship": "Outer", "Startup Cost": 747984.4, "Total Cost": 748007.33, "Plan Rows": 100, "Plan Width": 34, "Actual Min Startup Time": 16227.988, "Actual Max Startup Time": 16274.742, "Actual Min Total Time": 16227.993, "Actual Max Total Time": 16274.755, "Actual Total Rows": 1600, "Sort Key": ["(count(*)) DESC", "supplier.s_name"], "Sort Method": "top-N heapsort", "Sort Space Min Used": 40, "Sort Space Max Used": 40, "Sort Space Type": "Memory", "Plans": [{"Node Type": "Aggregate", "Strategy": "Hashed", "Parent Relationship": "Outer", "Startup Cost": 747628.12, "Total Cost": 747633.85, "Plan Rows": 9172, "Plan Width": 34, "Actual Min Startup Time": 16227.545, "Actual Max Startup Time": 16274.259, "Actual Min Total Time": 16227.597, "Actual Max Total Time": 16274.321, "Actual Total Rows": 3981, "Group By Key": ["supplier.s_name"], "Plans": [{"Node Type": "Streaming(type: LOCAL REDISTRIBUTE dop: 16/16)", "Parent Relationship": "Outer", "Startup Cost": 308588.13, "Total Cost": 747625.25, "Plan Rows": 9172, "Plan Width": 26, "Actual Min Startup Time": 10228.571, "Actual Max Startup Time": 11360.079, "Actual Min Total Time": 16225.834, "Actual Max Total Time": 16272.714, "Actual Total Rows": 39445, "Plans": [{"Node Type": "Hash Join", "Parent Relationship": "Outer", "Join Type": "Anti", "Startup Cost": 308588.13, "Total Cost": 747325.37, "Plan Rows": 9172, "Plan Width": 26, "Actual Min Startup Time": 6983.332, "Actual Max Startup Time": 7054.674, "Actual Min Total Time": 16196.812, "Actual Max Total Time": 16259.256, "Actual Total Rows": 39445, "Inner Unique": false, "Hash Cond": "(l1.l_orderkey = l3.l_orderkey)", "Join Filter": "(l3.l_suppkey <> l1.l_suppkey)", "Rows Removed by Join Filter": 238782, "Plans": [{"Node Type": "Streaming(type: LOCAL REDISTRIBUTE dop: 16/16)", "Parent Relationship": "Outer", "Startup Cost": 207535.81, "Total Cost": 645828.7, "Plan Rows": 183444, "Plan Width": 42, "Actual Min Startup Time": 0.135, "Actual Max Startup Time": 43.029, "Actual Min Total Time": 9168.228, "Actual Max Total Time": 9190.867, "Actual Total Rows": 702947, "Plans": [{"Node Type": "Hash Join", "Parent Relationship": "Outer", "Join Type": "Inner", "Startup Cost": 207535.81, "Total Cost": 630133.61, "Plan Rows": 183444, "Plan Width": 42, "Actual Min Startup Time": 2555.285, "Actual Max Startup Time": 2670.703, "Actual Min Total Time": 11900.486, "Actual Max Total Time": 16155.15, "Actual Total Rows": 702947, "Inner Unique": true, "Hash Cond": "(l1.l_orderkey = orders.o_orderkey), (LLVM Optimized, Jit Execute)", "Plans": [{"Node Type": "Streaming(type: BROADCAST dop: 16/16)", "Parent Relationship": "Outer", "Startup Cost": 190803.73, "Total Cost": 612742.87, "Plan Rows": 2321152, "Plan Width": 50, "Actual Min Startup Time": 1988.914, "Actual Max Startup Time": 2131.436, "Actual Min Total Time": 10689.438, "Actual Max Total Time": 15092.162, "Actual Total Rows": 23303216, "Plans": [{"Node Type": "Hash Join", "Parent Relationship": "Outer", "Join Type": "Right Semi", "Startup Cost": 190803.73, "Total Cost": 591849.32, "Plan Rows": 145072, "Plan Width": 50, "Actual Min Startup Time": 2549.297, "Actual Max Startup Time": 2692.713, "Actual Min Total Time": 10751.753, "Actual Max Total Time": 14944.542, "Actual Total Rows": 1456451, "Inner Unique": false, "Hash Cond": "(l2.l_orderkey = l1.l_orderkey), (LLVM Optimized, Jit Execute)", "Join Filter": "(l2.l_suppkey <> l1.l_suppkey), (LLVM Optimized, Jit Execute)", "Rows Removed by Join Filter": 378638, "Plans": [{"Node Type": "Streaming(type: LOCAL REDISTRIBUTE dop: 16/16)", "Parent Relationship": "Outer", "Startup Cost": 0.0, "Total Cost": 383239.33, "Plan Rows": 59987033, "Plan Width": 16, "Actual Min Startup Time": 0.058, "Actual Max Startup Time": 0.674, "Actual Min Total Time": 7368.742, "Actual Max Total Time": 11544.093, "Actual Total Rows": 59986052, "Plans": [{"Node Type": "Seq Scan", "Parent Relationship": "Outer", "Relation Name": "lineitem", "Alias": "l2", "Startup Cost": 0.0, "Total Cost": 140944.71, "Plan Rows": 59987033, "Plan Width": 16, "Actual Min Startup Time": 0.015, "Actual Max Startup Time": 0.033, "Actual Min Total Time": 1271.44, "Actual Max Total Time": 1327.364, "Actual Total Rows": 59986052}]}, {"Node Type": "Hash", "Parent Relationship": "Inner", "Startup Cost": 190684.43, "Total Cost": 190684.43, "Plan Rows": 152707, "Plan Width": 42, "Actual Min Startup Time": 2549.086, "Actual Max Startup Time": 2692.512, "Actual Min Total Time": 2549.086, "Actual Max Total Time": 2692.512, "Actual Total Rows": 1511024, "Max Hash Buckets": 32768, "Min Hash Buckets": 32768, "Max Hash Batches": 1, "Min Hash Batches": 1, "Max Original Hash Batches": 1, "Min Original Hash Batches": 1, "Max Peak Memory Usage": 7375, "min Peak Memory Usage": 7375, "Plans": [{"Node Type": "Streaming(type: LOCAL REDISTRIBUTE dop: 16/16)", "Parent Relationship": "Outer", "Startup Cost": 20006.2, "Total Cost": 190684.43, "Plan Rows": 152707, "Plan Width": 42, "Actual Min Startup Time": 124.128, "Actual Max Startup Time": 267.623, "Actual Min Total Time": 2519.224, "Actual Max Total Time": 2658.141, "Actual Total Rows": 1511024, "Plans": [{"Node Type": "Hash Join", "Parent Relationship": "Outer", "Join Type": "Inner", "Startup Cost": 20006.2, "Total Cost": 175105.81, "Plan Rows": 152707, "Plan Width": 42, "Actual Min Startup Time": 90.24, "Actual Max Startup Time": 206.607, "Actual Min Total Time": 2322.808, "Actual Max Total Time": 2449.347, "Actual Total Rows": 1511024, "Inner Unique": false, "Hash Cond": "(l1.l_suppkey = supplier.s_suppkey), (LLVM Optimized, Jit Execute)", "Plans": [{"Node Type": "Seq Scan", "Parent Relationship": "Outer", "Relation Name": "lineitem", "Alias": "l1", "Startup Cost": 0.0, "Total Cost": 150317.68, "Plan Rows": 19995678, "Plan Width": 16, "Actual Min Startup Time": 0.025, "Actual Max Startup Time": 0.051, "Actual Min Total Time": 1653.774, "Actual Max Total Time": 1841.41, "Actual Total Rows": 37929348, "Filter": "(l_receiptdate > l_commitdate), (LLVM Optimized, Jit Execute)", "Rows Removed by Filter": 22056704}, {"Node Type": "Hash", "Parent Relationship": "Inner", "Startup Cost": 19956.2, "Total Cost": 19956.2, "Plan Rows": 64000, "Plan Width": 34, "Actual Min Startup Time": 90.15, "Actual Max Startup Time": 206.445, "Actual Min Total Time": 90.15, "Actual Max Total Time": 206.445, "Actual Total Rows": 63696, "Max Hash Buckets": 32768, "Min Hash Buckets": 32768, "Max Hash Batches": 1, "Min Hash Batches": 1, "Max Original Hash Batches": 1, "Min Original Hash Batches": 1, "Max Peak Memory Usage": 280, "min Peak Memory Usage": 280, "Plans": [{"Node Type": "Streaming(type: BROADCAST dop: 16/1)", "Parent Relationship": "Outer", "Startup Cost": 1.32, "Total Cost": 19956.2, "Plan Rows": 64000, "Plan Width": 34, "Actual Min Startup Time": 0.029, "Actual Max Startup Time": 9.77, "Actual Min Total Time": 88.951, "Actual Max Total Time": 204.951, "Actual Total Rows": 63696, "Plans": [{"Node Type": "Hash Join", "Parent Relationship": "Outer", "Join Type": "Inner", "Startup Cost": 1.32, "Total Cost": 3574.95, "Plan Rows": 4000, "Plan Width": 34, "Actual Min Startup Time": 0.128, "Actual Max Startup Time": 0.128, "Actual Min Total Time": 49.23, "Actual Max Total Time": 49.23, "Actual Total Rows": 3981, "Inner Unique": true, "Hash Cond": "(supplier.s_nationkey = nation.n_nationkey)", "Plans": [{"Node Type": "Seq Scan", "Parent Relationship": "Outer", "Relation Name": "supplier", "Alias": "supplier", "Startup Cost": 0.0, "Total Cost": 3283.0, "Plan Rows": 100000, "Plan Width": 38, "Actual Min Startup Time": 0.019, "Actual Max Startup Time": 0.019, "Actual Min Total Time": 29.179, "Actual Max Total Time": 29.179, "Actual Total Rows": 100000}, {"Node Type": "Hash", "Parent Relationship": "Inner", "Startup Cost": 1.31, "Total Cost": 1.31, "Plan Rows": 1, "Plan Width": 4, "Actual Min Startup Time": 0.044, "Actual Max Startup Time": 0.044, "Actual Min Total Time": 0.044, "Actual Max Total Time": 0.044, "Actual Total Rows": 1, "Max Hash Buckets": 32768, "Min Hash Buckets": 32768, "Max Hash Batches": 1, "Min Hash Batches": 1, "Max Original Hash Batches": 1, "Min Original Hash Batches": 1, "Max Peak Memory Usage": 1, "min Peak Memory Usage": 1, "Plans": [{"Node Type": "Seq Scan", "Parent Relationship": "Outer", "Relation Name": "nation", "Alias": "nation", "Startup Cost": 0.0, "Total Cost": 1.31, "Plan Rows": 1, "Plan Width": 4, "Actual Min Startup Time": 0.025, "Actual Max Startup Time": 0.025, "Actual Min Total Time": 0.032, "Actual Max Total Time": 0.032, "Actual Total Rows": 1, "Filter": "(n_name = 'EGYPT'::bpchar)", "Rows Removed by Filter": 24}]}]}]}]}]}]}]}]}]}, {"Node Type": "Hash", "Parent Relationship": "Inner", "Startup Cost": 43994.53, "Total Cost": 43994.53, "Plan Rows": 7338812, "Plan Width": 8, "Actual Min Startup Time": 538.843, "Actual Max Startup Time": 584.562, "Actual Min Total Time": 538.843, "Actual Max Total Time": 584.562, "Actual Total Rows": 7309184, "Max Hash Buckets": 524288, "Min Hash Buckets": 524288, "Max Hash Batches": 1, "Min Hash Batches": 1, "Max Original Hash Batches": 1, "Min Original Hash Batches": 1, "Max Peak Memory Usage": 17868, "min Peak Memory Usage": 17868, "Plans": [{"Node Type": "Seq Scan", "Parent Relationship": "Outer", "Relation Name": "orders", "Alias": "orders", "Startup Cost": 0.0, "Total Cost": 43994.53, "Plan Rows": 7338812, "Plan Width": 8, "Actual Min Startup Time": 0.024, "Actual Max Startup Time": 0.04, "Actual Min Total Time": 391.155, "Actual Max Total Time": 427.794, "Actual Total Rows": 7309184, "Filter": "(o_orderstatus = 'F'::bpchar), (LLVM Optimized, Jit Execute)", "Rows Removed by Filter": 7690816}]}]}]}, {"Node Type": "Hash", "Parent Relationship": "Inner", "Startup Cost": 241082.56, "Total Cost": 241082.56, "Plan Rows": 19995678, "Plan Width": 16, "Actual Min Startup Time": 6968.583, "Actual Max Startup Time": 7030.982, "Actual Min Total Time": 6968.583, "Actual Max Total Time": 7030.982, "Actual Total Rows": 37929348, "Max Hash Buckets": 2097152, "Min Hash Buckets": 2097152, "Max Hash Batches": 1, "Min Hash Batches": 1, "Max Original Hash Batches": 1, "Min Original Hash Batches": 1, "Max Peak Memory Usage": 110961, "min Peak Memory Usage": 110961, "Plans": [{"Node Type": "Streaming(type: LOCAL REDISTRIBUTE dop: 16/16)", "Parent Relationship": "Outer", "Startup Cost": 0.0, "Total Cost": 241082.56, "Plan Rows": 19995678, "Plan Width": 16, "Actual Min Startup Time": 0.064, "Actual Max Startup Time": 60.836, "Actual Min Total Time": 6228.998, "Actual Max Total Time": 6400.75, "Actual Total Rows": 37929348, "Plans": [{"Node Type": "Seq Scan", "Parent Relationship": "Outer", "Relation Name": "lineitem", "Alias": "l3", "Startup Cost": 0.0, "Total Cost": 150317.68, "Plan Rows": 19995678, "Plan Width": 16, "Actual Min Startup Time": 0.027, "Actual Max Startup Time": 0.059, "Actual Min Total Time": 1713.209, "Actual Max Total Time": 1837.634, "Actual Total Rows": 37929348, "Filter": "(l_receiptdate > l_commitdate), (LLVM Optimized, Jit Execute)", "Rows Removed by Filter": 22056704}]}]}]}]}]}]}]}]}]}]}, "Triggers": [], "Planner Runtime": 14.822, "Total Runtime": 16447.818, "Unique SQL Id": 3870093320}}, "(16, 79)": {"explain_plan": {"Plan": {"Node Type": "Limit", "Startup Cost": 6001037270730.47, "Total Cost": 6001037270730.72, "Plan Rows": 100, "Plan Width": 34, "Plans": [{"Node Type": "Sort", "Parent Relationship": "Outer", "Startup Cost": 6001037270730.47, "Total Cost": 6001037270753.4, "Plan Rows": 100, "Plan Width": 34, "Sort Key": ["(count(*)) DESC", "supplier.s_name"], "Plans": [{"Node Type": "Aggregate", "Strategy": "Hashed", "Parent Relationship": "Outer", "Startup Cost": 6001037270288.2, "Total Cost": 6001037270379.92, "Plan Rows": 9172, "Plan Width": 34, "Group By Key": ["supplier.s_name"], "Plans": [{"Node Type": "Hash Join", "Parent Relationship": "Outer", "Join Type": "Inner", "Startup Cost": 2040036961707.02, "Total Cost": 6001037270242.34, "Plan Rows": 9172, "Plan Width": 26, "Inner Unique": true, "Hash Cond": "(supplier.s_nationkey = nation.n_nationkey)", "Plans": [{"Node Type": "Hash Join", "Parent Relationship": "Outer", "Join Type": "Inner", "Startup Cost": 1040036960438.26, "Total Cost": 5001037268296.33, "Plan Rows": 229305, "Plan Width": 30, "Inner Unique": true, "Hash Cond": "(l1.l_suppkey = supplier.s_suppkey), (LLVM Optimized)", "Plans": [{"Node Type": "Merge Join", "Parent Relationship": "Outer", "Join Type": "Inner", "Startup Cost": 40036425616.82, "Total Cost": 4001036728206.72, "Plan Rows": 1201020, "Plan Width": 8, "Inner Unique": true, "Merge Cond": "(l1.l_orderkey = orders.o_orderkey)", "Plans": [{"Node Type": "Merge Join", "Parent Relationship": "Outer", "Join Type": "Semi", "Startup Cost": 30000000000.0, "Total Cost": 3001006768519.97, "Plan Rows": 949795, "Plan Width": 24, "Inner Unique": false, "Merge Cond": "(l1.l_orderkey = l2.l_orderkey), (LLVM Optimized)", "Join Filter": "(l2.l_suppkey <> l1.l_suppkey), (LLVM Optimized)", "Plans": [{"Node Type": "Merge Join", "Parent Relationship": "Outer", "Join Type": "Anti", "Startup Cost": 20000000000.0, "Total Cost": 2000682365976.25, "Plan Rows": 999784, "Plan Width": 16, "Inner Unique": false, "Merge Cond": "(l1.l_orderkey = l3.l_orderkey), (LLVM Optimized)", "Join Filter": "(l3.l_suppkey <> l1.l_suppkey), (LLVM Optimized)", "Plans": [{"Node Type": "Index Scan", "Parent Relationship": "Outer", "Scan Direction": "Forward", "Index Name": "idx_lineitem_orderkey", "Relation Name": "lineitem", "Alias": "l1", "Startup Cost": 10000000000.0, "Total Cost": 1000339012132.75, "Plan Rows": 19995678, "Plan Width": 16, "Filter": "(l_receiptdate > l_commitdate), (LLVM Optimized)"}, {"Node Type": "Materialize", "Parent Relationship": "Inner", "Startup Cost": 10000000000.0, "Total Cost": 1000339062121.94, "Plan Rows": 19995678, "Plan Width": 16, "Plans": [{"Node Type": "Index Scan", "Parent Relationship": "Outer", "Scan Direction": "Forward", "Index Name": "idx_lineitem_orderkey", "Relation Name": "lineitem", "Alias": "l3", "Startup Cost": 10000000000.0, "Total Cost": 1000339012132.75, "Plan Rows": 19995678, "Plan Width": 16, "Filter": "(l_receiptdate > l_commitdate), (LLVM Optimized)"}]}]}, {"Node Type": "Index Scan", "Parent Relationship": "Inner", "Scan Direction": "Forward", "Index Name": "idx_lineitem_orderkey", "Relation Name": "lineitem", "Alias": "l2", "Startup Cost": 10000000000.0, "Total Cost": 1000324015374.5, "Plan Rows": 59987033, "Plan Width": 16}]}, {"Node Type": "Index Scan", "Parent Relationship": "Inner", "Scan Direction": "Forward", "Index Name": "orders_pkey", "Relation Name": "orders", "Alias": "orders", "Startup Cost": 10000000000.0, "Total Cost": 1000076847713.25, "Plan Rows": 7338812, "Plan Width": 8, "Filter": "(o_orderstatus = 'F'::bpchar), (LLVM Optimized)"}]}, {"Node Type": "Hash", "Parent Relationship": "Inner", "Startup Cost": 1000000533571.43, "Total Cost": 1000000533571.43, "Plan Rows": 100000, "Plan Width": 38, "Plans": [{"Node Type": "Index Scan", "Parent Relationship": "Outer", "Scan Direction": "Forward", "Index Name": "supplier_pkey", "Relation Name": "supplier", "Alias": "supplier", "Startup Cost": 10000000000.0, "Total Cost": 1000000533571.43, "Plan Rows": 100000, "Plan Width": 38}]}]}, {"Node Type": "Hash", "Parent Relationship": "Inner", "Startup Cost": 1000000001268.75, "Total Cost": 1000000001268.75, "Plan Rows": 1, "Plan Width": 4, "Plans": [{"Node Type": "Index Scan", "Parent Relationship": "Outer", "Scan Direction": "Forward", "Index Name": "nation_pkey", "Relation Name": "nation", "Alias": "nation", "Startup Cost": 10000000000.0, "Total Cost": 1000000001268.75, "Plan Rows": 1, "Plan Width": 4, "Filter": "(n_name = 'EGYPT'::bpchar)"}]}]}]}]}]}, "Unique SQL Id": 3870093320}, "explain_analyze_plan": null}, "(16, 80)": {"explain_plan": {"Plan": {"Node Type": "Limit", "Startup Cost": 6877894.02, "Total Cost": 6877894.27, "Plan Rows": 100, "Plan Width": 34, "Plans": [{"Node Type": "Sort", "Parent Relationship": "Outer", "Startup Cost": 6877894.02, "Total Cost": 6877916.95, "Plan Rows": 100, "Plan Width": 34, "Sort Key": ["(count(*)) DESC", "supplier.s_name"], "Plans": [{"Node Type": "Aggregate", "Strategy": "Hashed", "Parent Relationship": "Outer", "Startup Cost": 6877451.75, "Total Cost": 6877543.47, "Plan Rows": 9172, "Plan Width": 34, "Group By Key": ["supplier.s_name"], "Plans": [{"Node Type": "Nested Loop", "Parent Relationship": "Outer", "Join Type": "Inner", "Startup Cost": 6862920.46, "Total Cost": 6877405.89, "Plan Rows": 9172, "Plan Width": 26, "Inner Unique": true, "Join Filter": "(l1.l_orderkey = orders.o_orderkey)", "Plans": [{"Node Type": "Nested Loop", "Parent Relationship": "Outer", "Join Type": "Semi", "Startup Cost": 6862920.46, "Total Cost": 6870305.52, "Plan Rows": 7254, "Plan Width": 42, "Inner Unique": false, "Plans": [{"Node Type": "Merge Join", "Parent Relationship": "Outer", "Join Type": "Inner", "Startup Cost": 6862920.46, "Total Cost": 6868449.95, "Plan Rows": 7635, "Plan Width": 42, "Inner Unique": false, "Merge Cond": "(supplier.s_suppkey = l1.l_suppkey)", "Plans": [{"Node Type": "Sort", "Parent Relationship": "Outer", "Startup Cost": 2772.67, "Total Cost": 2782.67, "Plan Rows": 4000, "Plan Width": 34, "Sort Key": ["supplier.s_suppkey"], "Plans": [{"Node Type": "Nested Loop", "Parent Relationship": "Outer", "Join Type": "Inner", "Startup Cost": 95.25, "Total Cost": 2533.35, "Plan Rows": 4000, "Plan Width": 34, "Inner Unique": false, "Plans": [{"Node Type": "Seq Scan", "Parent Relationship": "Outer", "Relation Name": "nation", "Alias": "nation", "Startup Cost": 0.0, "Total Cost": 1.31, "Plan Rows": 1, "Plan Width": 4, "Filter": "(n_name = 'EGYPT'::bpchar)"}, {"Node Type": "Bitmap Heap Scan", "Parent Relationship": "Inner", "Relation Name": "supplier", "Alias": "supplier", "Startup Cost": 95.25, "Total Cost": 2492.04, "Plan Rows": 4000, "Plan Width": 38, "Recheck Cond": "(s_nationkey = nation.n_nationkey)", "Plans": [{"Node Type": "Bitmap Index Scan", "Parent Relationship": "Outer", "Index Name": "idx_supplier_nation_key", "Startup Cost": 0.0, "Total Cost": 94.25, "Plan Rows": 4000, "Plan Width": 0, "Index Cond": "(s_nationkey = nation.n_nationkey)"}]}]}]}, {"Node Type": "Sort", "Parent Relationship": "Inner", "Startup Cost": 6860147.3, "Total Cost": 6862646.76, "Plan Rows": 999784, "Plan Width": 16, "Sort Key": ["l1.l_suppkey"], "Plans": [{"Node Type": "Nested Loop", "Parent Relationship": "Outer", "Join Type": "Anti", "Startup Cost": 0.0, "Total Cost": 6760512.54, "Plan Rows": 999784, "Plan Width": 16, "Inner Unique": false, "Plans": [{"Node Type": "Streaming(type: LOCAL GATHER dop: 1/16)", "Parent Relationship": "Outer", "Startup Cost": 0.0, "Total Cost": 581865.03, "Plan Rows": 19995678, "Plan Width": 16, "Plans": [{"Node Type": "Seq Scan", "Parent Relationship": "Outer", "Relation Name": "lineitem", "Alias": "l1", "Startup Cost": 0.0, "Total Cost": 150317.68, "Plan Rows": 19995678, "Plan Width": 16, "Filter": "(l_receiptdate > l_commitdate), (LLVM Optimized)"}]}, {"Node Type": "Index Scan", "Parent Relationship": "Inner", "Scan Direction": "Forward", "Index Name": "idx_lineitem_orderkey", "Relation Name": "lineitem", "Alias": "l3", "Startup Cost": 0.0, "Total Cost": 1.63, "Plan Rows": 3, "Plan Width": 16, "Index Cond": "(l_orderkey = l1.l_orderkey)", "Filter": "((l_receiptdate > l_commitdate) AND (l_suppkey <> l1.l_suppkey))"}]}]}]}, {"Node Type": "Index Scan", "Parent Relationship": "Inner", "Scan Direction": "Forward", "Index Name": "idx_lineitem_orderkey", "Relation Name": "lineitem", "Alias": "l2", "Startup Cost": 0.0, "Total Cost": 1.63, "Plan Rows": 9, "Plan Width": 16, "Index Cond": "(l_orderkey = l1.l_orderkey)", "Filter": "(l_suppkey <> l1.l_suppkey)"}]}, {"Node Type": "Index Scan", "Parent Relationship": "Inner", "Scan Direction": "Forward", "Index Name": "orders_pkey", "Relation Name": "orders", "Alias": "orders", "Startup Cost": 0.0, "Total Cost": 0.97, "Plan Rows": 1, "Plan Width": 8, "Index Cond": "(o_orderkey = l2.l_orderkey)", "Filter": "(o_orderstatus = 'F'::bpchar)"}]}]}]}]}, "Unique SQL Id": 3870093320}, "explain_analyze_plan": null}, "(16, 81)": {"explain_plan": {"Plan": {"Node Type": "Limit", "Startup Cost": 7860292.14, "Total Cost": 7860292.39, "Plan Rows": 100, "Plan Width": 34, "Plans": [{"Node Type": "Sort", "Parent Relationship": "Outer", "Startup Cost": 7860292.14, "Total Cost": 7860315.07, "Plan Rows": 100, "Plan Width": 34, "Sort Key": ["(count(*)) DESC", "supplier.s_name"], "Plans": [{"Node Type": "Aggregate", "Strategy": "Hashed", "Parent Relationship": "Outer", "Startup Cost": 7859849.87, "Total Cost": 7859941.59, "Plan Rows": 9172, "Plan Width": 34, "Group By Key": ["supplier.s_name"], "Plans": [{"Node Type": "Nested Loop", "Parent Relationship": "Outer", "Join Type": "Semi", "Startup Cost": 7667924.26, "Total Cost": 7859804.01, "Plan Rows": 9172, "Plan Width": 26, "Inner Unique": false, "Join Filter": "(orders.o_orderkey = l2.l_orderkey)", "Plans": [{"Node Type": "Nested Loop", "Parent Relationship": "Outer", "Join Type": "Anti", "Startup Cost": 7667924.26, "Total Cost": 7855942.22, "Plan Rows": 9655, "Plan Width": 50, "Inner Unique": false, "Plans": [{"Node Type": "Merge Join", "Parent Relationship": "Outer", "Join Type": "Inner", "Startup Cost": 7667924.26, "Total Cost": 7796273.34, "Plan Rows": 193099, "Plan Width": 50, "Inner Unique": false, "Merge Cond": "(supplier.s_suppkey = l1.l_suppkey)", "Plans": [{"Node Type": "Sort", "Parent Relationship": "Outer", "Startup Cost": 2784.04, "Total Cost": 2794.04, "Plan Rows": 4000, "Plan Width": 34, "Sort Key": ["supplier.s_suppkey"], "Plans": [{"Node Type": "Nested Loop", "Parent Relationship": "Outer", "Join Type": "Inner", "Startup Cost": 95.25, "Total Cost": 2544.73, "Plan Rows": 4000, "Plan Width": 34, "Inner Unique": false, "Plans": [{"Node Type": "Index Scan", "Parent Relationship": "Outer", "Scan Direction": "Forward", "Index Name": "nation_pkey", "Relation Name": "nation", "Alias": "nation", "Startup Cost": 0.0, "Total Cost": 12.69, "Plan Rows": 1, "Plan Width": 4, "Filter": "(n_name = 'EGYPT'::bpchar)"}, {"Node Type": "Bitmap Heap Scan", "Parent Relationship": "Inner", "Relation Name": "supplier", "Alias": "supplier", "Startup Cost": 95.25, "Total Cost": 2492.04, "Plan Rows": 4000, "Plan Width": 38, "Recheck Cond": "(s_nationkey = nation.n_nationkey)", "Plans": [{"Node Type": "Bitmap Index Scan", "Parent Relationship": "Outer", "Index Name": "idx_supplier_nation_key", "Startup Cost": 0.0, "Total Cost": 94.25, "Plan Rows": 4000, "Plan Width": 0, "Index Cond": "(s_nationkey = nation.n_nationkey)"}]}]}]}, {"Node Type": "Sort", "Parent Relationship": "Inner", "Startup Cost": 7665127.66, "Total Cost": 7728339.26, "Plan Rows": 25284641, "Plan Width": 24, "Sort Key": ["l1.l_suppkey"], "Plans": [{"Node Type": "Merge Join", "Parent Relationship": "Outer", "Join Type": "Inner", "Startup Cost": 28.95, "Total Cost": 4556158.8, "Plan Rows": 25284641, "Plan Width": 24, "Inner Unique": false, "Merge Cond": "(orders.o_orderkey = l1.l_orderkey)", "Plans": [{"Node Type": "Index Scan", "Parent Relationship": "Outer", "Scan Direction": "Forward", "Index Name": "orders_pkey", "Relation Name": "orders", "Alias": "orders", "Startup Cost": 0.0, "Total Cost": 768477.13, "Plan Rows": 7338812, "Plan Width": 8, "Filter": "(o_orderstatus = 'F'::bpchar), (LLVM Optimized)"}, {"Node Type": "Materialize", "Parent Relationship": "Inner", "Startup Cost": 0.0, "Total Cost": 3440110.52, "Plan Rows": 19995678, "Plan Width": 16, "Plans": [{"Node Type": "Index Scan", "Parent Relationship": "Outer", "Scan Direction": "Forward", "Index Name": "idx_lineitem_orderkey", "Relation Name": "lineitem", "Alias": "l1", "Startup Cost": 0.0, "Total Cost": 3390121.33, "Plan Rows": 19995678, "Plan Width": 16, "Filter": "(l_receiptdate > l_commitdate), (LLVM Optimized)"}]}]}]}]}, {"Node Type": "Index Scan", "Parent Relationship": "Inner", "Scan Direction": "Forward", "Index Name": "idx_lineitem_orderkey", "Relation Name": "lineitem", "Alias": "l3", "Startup Cost": 0.0, "Total Cost": 1.63, "Plan Rows": 3, "Plan Width": 16, "Index Cond": "(l_orderkey = l1.l_orderkey)", "Filter": "((l_receiptdate > l_commitdate) AND (l_suppkey <> l1.l_suppkey))"}]}, {"Node Type": "Index Scan", "Parent Relationship": "Inner", "Scan Direction": "Forward", "Index Name": "idx_lineitem_orderkey", "Relation Name": "lineitem", "Alias": "l2", "Startup Cost": 0.0, "Total Cost": 1.63, "Plan Rows": 9, "Plan Width": 16, "Index Cond": "(l_orderkey = l1.l_orderkey)", "Filter": "(l_suppkey <> l1.l_suppkey)"}]}]}]}]}, "Unique SQL Id": 3870093320}, "explain_analyze_plan": null}, "(16, 82)": {"explain_plan": {"Plan": {"Node Type": "Limit", "Startup Cost": 43080281.97, "Total Cost": 43080282.22, "Plan Rows": 100, "Plan Width": 34, "Plans": [{"Node Type": "Sort", "Parent Relationship": "Outer", "Startup Cost": 43080281.97, "Total Cost": 43080304.9, "Plan Rows": 100, "Plan Width": 34, "Sort Key": ["(count(*)) DESC", "supplier.s_name"], "Plans": [{"Node Type": "Aggregate", "Strategy": "Hashed", "Parent Relationship": "Outer", "Startup Cost": 43079839.7, "Total Cost": 43079931.42, "Plan Rows": 9172, "Plan Width": 34, "Group By Key": ["supplier.s_name"], "Plans": [{"Node Type": "Nested Loop", "Parent Relationship": "Outer", "Join Type": "Inner", "Startup Cost": 42608943.1, "Total Cost": 43079793.84, "Plan Rows": 9172, "Plan Width": 26, "Inner Unique": true, "Join Filter": "(l1.l_orderkey = orders.o_orderkey)", "Plans": [{"Node Type": "Nested Loop", "Parent Relationship": "Outer", "Join Type": "Anti", "Startup Cost": 42608942.5, "Total Cost": 43046233.08, "Plan Rows": 7254, "Plan Width": 42, "Inner Unique": false, "Plans": [{"Node Type": "Merge Join", "Parent Relationship": "Outer", "Join Type": "Inner", "Startup Cost": 42608941.68, "Total Cost": 42705449.36, "Plan Rows": 145072, "Plan Width": 50, "Inner Unique": false, "Merge Cond": "(supplier.s_suppkey = l1.l_suppkey)", "Plans": [{"Node Type": "Sort", "Parent Relationship": "Outer", "Startup Cost": 2772.67, "Total Cost": 2782.67, "Plan Rows": 4000, "Plan Width": 34, "Sort Key": ["supplier.s_suppkey"], "Plans": [{"Node Type": "Nested Loop", "Parent Relationship": "Outer", "Join Type": "Inner", "Startup Cost": 95.25, "Total Cost": 2533.35, "Plan Rows": 4000, "Plan Width": 34, "Inner Unique": false, "Plans": [{"Node Type": "Seq Scan", "Parent Relationship": "Outer", "Relation Name": "nation", "Alias": "nation", "Startup Cost": 0.0, "Total Cost": 1.31, "Plan Rows": 1, "Plan Width": 4, "Filter": "(n_name = 'EGYPT'::bpchar)"}, {"Node Type": "Bitmap Heap Scan", "Parent Relationship": "Inner", "Relation Name": "supplier", "Alias": "supplier", "Startup Cost": 95.25, "Total Cost": 2492.04, "Plan Rows": 4000, "Plan Width": 38, "Recheck Cond": "(s_nationkey = nation.n_nationkey)", "Plans": [{"Node Type": "Bitmap Index Scan", "Parent Relationship": "Outer", "Index Name": "idx_supplier_nation_key", "Startup Cost": 0.0, "Total Cost": 94.25, "Plan Rows": 4000, "Plan Width": 0, "Index Cond": "(s_nationkey = nation.n_nationkey)"}]}]}]}, {"Node Type": "Sort", "Parent Relationship": "Inner", "Startup Cost": 42606159.58, "Total Cost": 42653649.32, "Plan Rows": 18995894, "Plan Width": 24, "Sort Key": ["l1.l_suppkey"], "Plans": [{"Node Type": "Nested Loop", "Parent Relationship": "Outer", "Join Type": "Semi", "Startup Cost": 0.82, "Total Cost": 40309633.47, "Plan Rows": 18995894, "Plan Width": 24, "Inner Unique": false, "Plans": [{"Node Type": "Streaming(type: LOCAL GATHER dop: 1/16)", "Parent Relationship": "Outer", "Startup Cost": 0.0, "Total Cost": 581865.03, "Plan Rows": 19995678, "Plan Width": 16, "Plans": [{"Node Type": "Seq Scan", "Parent Relationship": "Outer", "Relation Name": "lineitem", "Alias": "l1", "Startup Cost": 0.0, "Total Cost": 150317.68, "Plan Rows": 19995678, "Plan Width": 16, "Filter": "(l_receiptdate > l_commitdate), (LLVM Optimized)"}]}, {"Node Type": "Bitmap Heap Scan", "Parent Relationship": "Inner", "Relation Name": "lineitem", "Alias": "l2", "Startup Cost": 0.82, "Total Cost": 8.95, "Plan Rows": 9, "Plan Width": 16, "Recheck Cond": "(l_orderkey = l1.l_orderkey)", "Filter": "(l_suppkey <> l1.l_suppkey)", "Plans": [{"Node Type": "Bitmap Index Scan", "Parent Relationship": "Outer", "Index Name": "idx_lineitem_orderkey", "Startup Cost": 0.0, "Total Cost": 0.82, "Plan Rows": 9, "Plan Width": 0, "Index Cond": "(l_orderkey = l1.l_orderkey)"}]}]}]}]}, {"Node Type": "Bitmap Heap Scan", "Parent Relationship": "Inner", "Relation Name": "lineitem", "Alias": "l3", "Startup Cost": 0.82, "Total Cost": 8.97, "Plan Rows": 3, "Plan Width": 16, "Recheck Cond": "(l_orderkey = l1.l_orderkey)", "Filter": "((l_receiptdate > l_commitdate) AND (l_suppkey <> l1.l_suppkey))", "Plans": [{"Node Type": "Bitmap Index Scan", "Parent Relationship": "Outer", "Index Name": "idx_lineitem_orderkey", "Startup Cost": 0.0, "Total Cost": 0.82, "Plan Rows": 9, "Plan Width": 0, "Index Cond": "(l_orderkey = l1.l_orderkey)"}]}]}, {"Node Type": "Bitmap Heap Scan", "Parent Relationship": "Inner", "Relation Name": "orders", "Alias": "orders", "Startup Cost": 0.6, "Total Cost": 4.61, "Plan Rows": 1, "Plan Width": 8, "Recheck Cond": "(o_orderkey = l2.l_orderkey)", "Filter": "(o_orderstatus = 'F'::bpchar)", "Plans": [{"Node Type": "Bitmap Index Scan", "Parent Relationship": "Outer", "Index Name": "orders_pkey", "Startup Cost": 0.0, "Total Cost": 0.6, "Plan Rows": 1, "Plan Width": 0, "Index Cond": "(o_orderkey = l2.l_orderkey)"}]}]}]}]}]}, "Unique SQL Id": 3870093320}, "explain_analyze_plan": null}, "(16, 83)": {"explain_plan": {"Plan": {"Node Type": "Limit", "Startup Cost": 6332151.71, "Total Cost": 6332151.96, "Plan Rows": 100, "Plan Width": 34, "Plans": [{"Node Type": "Sort", "Parent Relationship": "Outer", "Startup Cost": 6332151.71, "Total Cost": 6332174.64, "Plan Rows": 100, "Plan Width": 34, "Sort Key": ["(count(*)) DESC", "supplier.s_name"], "Plans": [{"Node Type": "Aggregate", "Strategy": "Hashed", "Parent Relationship": "Outer", "Startup Cost": 6331709.44, "Total Cost": 6331801.16, "Plan Rows": 9172, "Plan Width": 34, "Group By Key": ["supplier.s_name"], "Plans": [{"Node Type": "Nested Loop", "Parent Relationship": "Outer", "Join Type": "Inner", "Startup Cost": 5822707.84, "Total Cost": 6331663.58, "Plan Rows": 9172, "Plan Width": 26, "Inner Unique": true, "Join Filter": "(l1.l_orderkey = orders.o_orderkey)", "Plans": [{"Node Type": "Nested Loop", "Parent Relationship": "Outer", "Join Type": "Semi", "Startup Cost": 5822707.24, "Total Cost": 6298102.82, "Plan Rows": 7254, "Plan Width": 42, "Inner Unique": false, "Plans": [{"Node Type": "Nested Loop", "Parent Relationship": "Outer", "Join Type": "Anti", "Startup Cost": 5822706.42, "Total Cost": 6282924.27, "Plan Rows": 7635, "Plan Width": 42, "Inner Unique": false, "Plans": [{"Node Type": "Merge Join", "Parent Relationship": "Outer", "Join Type": "Inner", "Startup Cost": 5822705.59, "Total Cost": 5924211.19, "Plan Rows": 152707, "Plan Width": 42, "Inner Unique": false, "Merge Cond": "(supplier.s_suppkey = l1.l_suppkey)", "Plans": [{"Node Type": "Sort", "Parent Relationship": "Outer", "Startup Cost": 2784.04, "Total Cost": 2794.04, "Plan Rows": 4000, "Plan Width": 34, "Sort Key": ["supplier.s_suppkey"], "Plans": [{"Node Type": "Nested Loop", "Parent Relationship": "Outer", "Join Type": "Inner", "Startup Cost": 103.63, "Total Cost": 2544.73, "Plan Rows": 4000, "Plan Width": 34, "Inner Unique": false, "Plans": [{"Node Type": "Bitmap Heap Scan", "Parent Relationship": "Outer", "Relation Name": "nation", "Alias": "nation", "Startup Cost": 8.38, "Total Cost": 12.69, "Plan Rows": 1, "Plan Width": 4, "Filter": "(n_name = 'EGYPT'::bpchar)", "Plans": [{"Node Type": "Bitmap Index Scan", "Parent Relationship": "Outer", "Index Name": "nation_pkey", "Startup Cost": 0.0, "Total Cost": 8.38, "Plan Rows": 25, "Plan Width": 0}]}, {"Node Type": "Bitmap Heap Scan", "Parent Relationship": "Inner", "Relation Name": "supplier", "Alias": "supplier", "Startup Cost": 95.25, "Total Cost": 2492.04, "Plan Rows": 4000, "Plan Width": 38, "Recheck Cond": "(s_nationkey = nation.n_nationkey)", "Plans": [{"Node Type": "Bitmap Index Scan", "Parent Relationship": "Outer", "Index Name": "idx_supplier_nation_key", "Startup Cost": 0.0, "Total Cost": 94.25, "Plan Rows": 4000, "Plan Width": 0, "Index Cond": "(s_nationkey = nation.n_nationkey)"}]}]}]}, {"Node Type": "Sort", "Parent Relationship": "Inner", "Startup Cost": 5819911.62, "Total Cost": 5869900.82, "Plan Rows": 19995678, "Plan Width": 16, "Sort Key": ["l1.l_suppkey"], "Plans": [{"Node Type": "Bitmap Heap Scan", "Parent Relationship": "Outer", "Relation Name": "lineitem", "Alias": "l1", "Startup Cost": 1230034.33, "Total Cost": 3395117.25, "Plan Rows": 19995678, "Plan Width": 16, "Filter": "(l_receiptdate > l_commitdate), (LLVM Optimized)", "Plans": [{"Node Type": "Bitmap Index Scan", "Parent Relationship": "Outer", "Index Name": "idx_lineitem_orderkey", "Startup Cost": 0.0, "Total Cost": 1225035.42, "Plan Rows": 59987033, "Plan Width": 0}]}]}]}, {"Node Type": "Bitmap Heap Scan", "Parent Relationship": "Inner", "Relation Name": "lineitem", "Alias": "l3", "Startup Cost": 0.82, "Total Cost": 8.97, "Plan Rows": 3, "Plan Width": 16, "Recheck Cond": "(l_orderkey = l1.l_orderkey)", "Filter": "((l_receiptdate > l_commitdate) AND (l_suppkey <> l1.l_suppkey))", "Plans": [{"Node Type": "Bitmap Index Scan", "Parent Relationship": "Outer", "Index Name": "idx_lineitem_orderkey", "Startup Cost": 0.0, "Total Cost": 0.82, "Plan Rows": 9, "Plan Width": 0, "Index Cond": "(l_orderkey = l1.l_orderkey)"}]}]}, {"Node Type": "Bitmap Heap Scan", "Parent Relationship": "Inner", "Relation Name": "lineitem", "Alias": "l2", "Startup Cost": 0.82, "Total Cost": 8.95, "Plan Rows": 9, "Plan Width": 16, "Recheck Cond": "(l_orderkey = l1.l_orderkey)", "Filter": "(l_suppkey <> l1.l_suppkey)", "Plans": [{"Node Type": "Bitmap Index Scan", "Parent Relationship": "Outer", "Index Name": "idx_lineitem_orderkey", "Startup Cost": 0.0, "Total Cost": 0.82, "Plan Rows": 9, "Plan Width": 0, "Index Cond": "(l_orderkey = l1.l_orderkey)"}]}]}, {"Node Type": "Bitmap Heap Scan", "Parent Relationship": "Inner", "Relation Name": "orders", "Alias": "orders", "Startup Cost": 0.6, "Total Cost": 4.61, "Plan Rows": 1, "Plan Width": 8, "Recheck Cond": "(o_orderkey = l2.l_orderkey)", "Filter": "(o_orderstatus = 'F'::bpchar)", "Plans": [{"Node Type": "Bitmap Index Scan", "Parent Relationship": "Outer", "Index Name": "orders_pkey", "Startup Cost": 0.0, "Total Cost": 0.6, "Plan Rows": 1, "Plan Width": 0, "Index Cond": "(o_orderkey = l2.l_orderkey)"}]}]}]}]}]}, "Unique SQL Id": 3870093320}, "explain_analyze_plan": null}, "(16, 84)": {"explain_plan": {"Plan": {"Node Type": "Limit", "Startup Cost": 6877894.02, "Total Cost": 6877894.27, "Plan Rows": 100, "Plan Width": 34, "Plans": [{"Node Type": "Sort", "Parent Relationship": "Outer", "Startup Cost": 6877894.02, "Total Cost": 6877916.95, "Plan Rows": 100, "Plan Width": 34, "Sort Key": ["(count(*)) DESC", "supplier.s_name"], "Plans": [{"Node Type": "Aggregate", "Strategy": "Hashed", "Parent Relationship": "Outer", "Startup Cost": 6877451.75, "Total Cost": 6877543.47, "Plan Rows": 9172, "Plan Width": 34, "Group By Key": ["supplier.s_name"], "Plans": [{"Node Type": "Nested Loop", "Parent Relationship": "Outer", "Join Type": "Inner", "Startup Cost": 6862920.46, "Total Cost": 6877405.89, "Plan Rows": 9172, "Plan Width": 26, "Inner Unique": true, "Join Filter": "(l1.l_orderkey = orders.o_orderkey)", "Plans": [{"Node Type": "Nested Loop", "Parent Relationship": "Outer", "Join Type": "Semi", "Startup Cost": 6862920.46, "Total Cost": 6870305.52, "Plan Rows": 7254, "Plan Width": 42, "Inner Unique": false, "Plans": [{"Node Type": "Merge Join", "Parent Relationship": "Outer", "Join Type": "Inner", "Startup Cost": 6862920.46, "Total Cost": 6868449.95, "Plan Rows": 7635, "Plan Width": 42, "Inner Unique": false, "Merge Cond": "(supplier.s_suppkey = l1.l_suppkey)", "Plans": [{"Node Type": "Sort", "Parent Relationship": "Outer", "Startup Cost": 2772.67, "Total Cost": 2782.67, "Plan Rows": 4000, "Plan Width": 34, "Sort Key": ["supplier.s_suppkey"], "Plans": [{"Node Type": "Nested Loop", "Parent Relationship": "Outer", "Join Type": "Inner", "Startup Cost": 95.25, "Total Cost": 2533.35, "Plan Rows": 4000, "Plan Width": 34, "Inner Unique": false, "Plans": [{"Node Type": "Seq Scan", "Parent Relationship": "Outer", "Relation Name": "nation", "Alias": "nation", "Startup Cost": 0.0, "Total Cost": 1.31, "Plan Rows": 1, "Plan Width": 4, "Filter": "(n_name = 'EGYPT'::bpchar)"}, {"Node Type": "Bitmap Heap Scan", "Parent Relationship": "Inner", "Relation Name": "supplier", "Alias": "supplier", "Startup Cost": 95.25, "Total Cost": 2492.04, "Plan Rows": 4000, "Plan Width": 38, "Recheck Cond": "(s_nationkey = nation.n_nationkey)", "Plans": [{"Node Type": "Bitmap Index Scan", "Parent Relationship": "Outer", "Index Name": "idx_supplier_nation_key", "Startup Cost": 0.0, "Total Cost": 94.25, "Plan Rows": 4000, "Plan Width": 0, "Index Cond": "(s_nationkey = nation.n_nationkey)"}]}]}]}, {"Node Type": "Sort", "Parent Relationship": "Inner", "Startup Cost": 6860147.3, "Total Cost": 6862646.76, "Plan Rows": 999784, "Plan Width": 16, "Sort Key": ["l1.l_suppkey"], "Plans": [{"Node Type": "Nested Loop", "Parent Relationship": "Outer", "Join Type": "Anti", "Startup Cost": 0.0, "Total Cost": 6760512.54, "Plan Rows": 999784, "Plan Width": 16, "Inner Unique": false, "Plans": [{"Node Type": "Streaming(type: LOCAL GATHER dop: 1/16)", "Parent Relationship": "Outer", "Startup Cost": 0.0, "Total Cost": 581865.03, "Plan Rows": 19995678, "Plan Width": 16, "Plans": [{"Node Type": "Seq Scan", "Parent Relationship": "Outer", "Relation Name": "lineitem", "Alias": "l1", "Startup Cost": 0.0, "Total Cost": 150317.68, "Plan Rows": 19995678, "Plan Width": 16, "Filter": "(l_receiptdate > l_commitdate), (LLVM Optimized)"}]}, {"Node Type": "Index Scan", "Parent Relationship": "Inner", "Scan Direction": "Forward", "Index Name": "idx_lineitem_orderkey", "Relation Name": "lineitem", "Alias": "l3", "Startup Cost": 0.0, "Total Cost": 1.63, "Plan Rows": 3, "Plan Width": 16, "Index Cond": "(l_orderkey = l1.l_orderkey)", "Filter": "((l_receiptdate > l_commitdate) AND (l_suppkey <> l1.l_suppkey))"}]}]}]}, {"Node Type": "Index Scan", "Parent Relationship": "Inner", "Scan Direction": "Forward", "Index Name": "idx_lineitem_orderkey", "Relation Name": "lineitem", "Alias": "l2", "Startup Cost": 0.0, "Total Cost": 1.63, "Plan Rows": 9, "Plan Width": 16, "Index Cond": "(l_orderkey = l1.l_orderkey)", "Filter": "(l_suppkey <> l1.l_suppkey)"}]}, {"Node Type": "Index Scan", "Parent Relationship": "Inner", "Scan Direction": "Forward", "Index Name": "orders_pkey", "Relation Name": "orders", "Alias": "orders", "Startup Cost": 0.0, "Total Cost": 0.97, "Plan Rows": 1, "Plan Width": 8, "Index Cond": "(o_orderkey = l2.l_orderkey)", "Filter": "(o_orderstatus = 'F'::bpchar)"}]}]}]}]}, "Unique SQL Id": 3870093320}, "explain_analyze_plan": null}, "(16, 85)": {"explain_plan": {"Plan": {"Node Type": "Limit", "Startup Cost": 7860292.14, "Total Cost": 7860292.39, "Plan Rows": 100, "Plan Width": 34, "Plans": [{"Node Type": "Sort", "Parent Relationship": "Outer", "Startup Cost": 7860292.14, "Total Cost": 7860315.07, "Plan Rows": 100, "Plan Width": 34, "Sort Key": ["(count(*)) DESC", "supplier.s_name"], "Plans": [{"Node Type": "Aggregate", "Strategy": "Hashed", "Parent Relationship": "Outer", "Startup Cost": 7859849.87, "Total Cost": 7859941.59, "Plan Rows": 9172, "Plan Width": 34, "Group By Key": ["supplier.s_name"], "Plans": [{"Node Type": "Nested Loop", "Parent Relationship": "Outer", "Join Type": "Semi", "Startup Cost": 7667924.26, "Total Cost": 7859804.01, "Plan Rows": 9172, "Plan Width": 26, "Inner Unique": false, "Join Filter": "(orders.o_orderkey = l2.l_orderkey)", "Plans": [{"Node Type": "Nested Loop", "Parent Relationship": "Outer", "Join Type": "Anti", "Startup Cost": 7667924.26, "Total Cost": 7855942.22, "Plan Rows": 9655, "Plan Width": 50, "Inner Unique": false, "Plans": [{"Node Type": "Merge Join", "Parent Relationship": "Outer", "Join Type": "Inner", "Startup Cost": 7667924.26, "Total Cost": 7796273.34, "Plan Rows": 193099, "Plan Width": 50, "Inner Unique": false, "Merge Cond": "(supplier.s_suppkey = l1.l_suppkey)", "Plans": [{"Node Type": "Sort", "Parent Relationship": "Outer", "Startup Cost": 2784.04, "Total Cost": 2794.04, "Plan Rows": 4000, "Plan Width": 34, "Sort Key": ["supplier.s_suppkey"], "Plans": [{"Node Type": "Nested Loop", "Parent Relationship": "Outer", "Join Type": "Inner", "Startup Cost": 95.25, "Total Cost": 2544.73, "Plan Rows": 4000, "Plan Width": 34, "Inner Unique": false, "Plans": [{"Node Type": "Index Scan", "Parent Relationship": "Outer", "Scan Direction": "Forward", "Index Name": "nation_pkey", "Relation Name": "nation", "Alias": "nation", "Startup Cost": 0.0, "Total Cost": 12.69, "Plan Rows": 1, "Plan Width": 4, "Filter": "(n_name = 'EGYPT'::bpchar)"}, {"Node Type": "Bitmap Heap Scan", "Parent Relationship": "Inner", "Relation Name": "supplier", "Alias": "supplier", "Startup Cost": 95.25, "Total Cost": 2492.04, "Plan Rows": 4000, "Plan Width": 38, "Recheck Cond": "(s_nationkey = nation.n_nationkey)", "Plans": [{"Node Type": "Bitmap Index Scan", "Parent Relationship": "Outer", "Index Name": "idx_supplier_nation_key", "Startup Cost": 0.0, "Total Cost": 94.25, "Plan Rows": 4000, "Plan Width": 0, "Index Cond": "(s_nationkey = nation.n_nationkey)"}]}]}]}, {"Node Type": "Sort", "Parent Relationship": "Inner", "Startup Cost": 7665127.66, "Total Cost": 7728339.26, "Plan Rows": 25284641, "Plan Width": 24, "Sort Key": ["l1.l_suppkey"], "Plans": [{"Node Type": "Merge Join", "Parent Relationship": "Outer", "Join Type": "Inner", "Startup Cost": 28.95, "Total Cost": 4556158.8, "Plan Rows": 25284641, "Plan Width": 24, "Inner Unique": false, "Merge Cond": "(orders.o_orderkey = l1.l_orderkey)", "Plans": [{"Node Type": "Index Scan", "Parent Relationship": "Outer", "Scan Direction": "Forward", "Index Name": "orders_pkey", "Relation Name": "orders", "Alias": "orders", "Startup Cost": 0.0, "Total Cost": 768477.13, "Plan Rows": 7338812, "Plan Width": 8, "Filter": "(o_orderstatus = 'F'::bpchar), (LLVM Optimized)"}, {"Node Type": "Materialize", "Parent Relationship": "Inner", "Startup Cost": 0.0, "Total Cost": 3440110.52, "Plan Rows": 19995678, "Plan Width": 16, "Plans": [{"Node Type": "Index Scan", "Parent Relationship": "Outer", "Scan Direction": "Forward", "Index Name": "idx_lineitem_orderkey", "Relation Name": "lineitem", "Alias": "l1", "Startup Cost": 0.0, "Total Cost": 3390121.33, "Plan Rows": 19995678, "Plan Width": 16, "Filter": "(l_receiptdate > l_commitdate), (LLVM Optimized)"}]}]}]}]}, {"Node Type": "Index Scan", "Parent Relationship": "Inner", "Scan Direction": "Forward", "Index Name": "idx_lineitem_orderkey", "Relation Name": "lineitem", "Alias": "l3", "Startup Cost": 0.0, "Total Cost": 1.63, "Plan Rows": 3, "Plan Width": 16, "Index Cond": "(l_orderkey = l1.l_orderkey)", "Filter": "((l_receiptdate > l_commitdate) AND (l_suppkey <> l1.l_suppkey))"}]}, {"Node Type": "Index Scan", "Parent Relationship": "Inner", "Scan Direction": "Forward", "Index Name": "idx_lineitem_orderkey", "Relation Name": "lineitem", "Alias": "l2", "Startup Cost": 0.0, "Total Cost": 1.63, "Plan Rows": 9, "Plan Width": 16, "Index Cond": "(l_orderkey = l1.l_orderkey)", "Filter": "(l_suppkey <> l1.l_suppkey)"}]}]}]}]}, "Unique SQL Id": 3870093320}, "explain_analyze_plan": null}, "(16, 86)": {"explain_plan": {"Plan": {"Node Type": "Limit", "Startup Cost": 43080281.97, "Total Cost": 43080282.22, "Plan Rows": 100, "Plan Width": 34, "Plans": [{"Node Type": "Sort", "Parent Relationship": "Outer", "Startup Cost": 43080281.97, "Total Cost": 43080304.9, "Plan Rows": 100, "Plan Width": 34, "Sort Key": ["(count(*)) DESC", "supplier.s_name"], "Plans": [{"Node Type": "Aggregate", "Strategy": "Hashed", "Parent Relationship": "Outer", "Startup Cost": 43079839.7, "Total Cost": 43079931.42, "Plan Rows": 9172, "Plan Width": 34, "Group By Key": ["supplier.s_name"], "Plans": [{"Node Type": "Nested Loop", "Parent Relationship": "Outer", "Join Type": "Inner", "Startup Cost": 42608943.1, "Total Cost": 43079793.84, "Plan Rows": 9172, "Plan Width": 26, "Inner Unique": true, "Join Filter": "(l1.l_orderkey = orders.o_orderkey)", "Plans": [{"Node Type": "Nested Loop", "Parent Relationship": "Outer", "Join Type": "Anti", "Startup Cost": 42608942.5, "Total Cost": 43046233.08, "Plan Rows": 7254, "Plan Width": 42, "Inner Unique": false, "Plans": [{"Node Type": "Merge Join", "Parent Relationship": "Outer", "Join Type": "Inner", "Startup Cost": 42608941.68, "Total Cost": 42705449.36, "Plan Rows": 145072, "Plan Width": 50, "Inner Unique": false, "Merge Cond": "(supplier.s_suppkey = l1.l_suppkey)", "Plans": [{"Node Type": "Sort", "Parent Relationship": "Outer", "Startup Cost": 2772.67, "Total Cost": 2782.67, "Plan Rows": 4000, "Plan Width": 34, "Sort Key": ["supplier.s_suppkey"], "Plans": [{"Node Type": "Nested Loop", "Parent Relationship": "Outer", "Join Type": "Inner", "Startup Cost": 95.25, "Total Cost": 2533.35, "Plan Rows": 4000, "Plan Width": 34, "Inner Unique": false, "Plans": [{"Node Type": "Seq Scan", "Parent Relationship": "Outer", "Relation Name": "nation", "Alias": "nation", "Startup Cost": 0.0, "Total Cost": 1.31, "Plan Rows": 1, "Plan Width": 4, "Filter": "(n_name = 'EGYPT'::bpchar)"}, {"Node Type": "Bitmap Heap Scan", "Parent Relationship": "Inner", "Relation Name": "supplier", "Alias": "supplier", "Startup Cost": 95.25, "Total Cost": 2492.04, "Plan Rows": 4000, "Plan Width": 38, "Recheck Cond": "(s_nationkey = nation.n_nationkey)", "Plans": [{"Node Type": "Bitmap Index Scan", "Parent Relationship": "Outer", "Index Name": "idx_supplier_nation_key", "Startup Cost": 0.0, "Total Cost": 94.25, "Plan Rows": 4000, "Plan Width": 0, "Index Cond": "(s_nationkey = nation.n_nationkey)"}]}]}]}, {"Node Type": "Sort", "Parent Relationship": "Inner", "Startup Cost": 42606159.58, "Total Cost": 42653649.32, "Plan Rows": 18995894, "Plan Width": 24, "Sort Key": ["l1.l_suppkey"], "Plans": [{"Node Type": "Nested Loop", "Parent Relationship": "Outer", "Join Type": "Semi", "Startup Cost": 0.82, "Total Cost": 40309633.47, "Plan Rows": 18995894, "Plan Width": 24, "Inner Unique": false, "Plans": [{"Node Type": "Streaming(type: LOCAL GATHER dop: 1/16)", "Parent Relationship": "Outer", "Startup Cost": 0.0, "Total Cost": 581865.03, "Plan Rows": 19995678, "Plan Width": 16, "Plans": [{"Node Type": "Seq Scan", "Parent Relationship": "Outer", "Relation Name": "lineitem", "Alias": "l1", "Startup Cost": 0.0, "Total Cost": 150317.68, "Plan Rows": 19995678, "Plan Width": 16, "Filter": "(l_receiptdate > l_commitdate), (LLVM Optimized)"}]}, {"Node Type": "Bitmap Heap Scan", "Parent Relationship": "Inner", "Relation Name": "lineitem", "Alias": "l2", "Startup Cost": 0.82, "Total Cost": 8.95, "Plan Rows": 9, "Plan Width": 16, "Recheck Cond": "(l_orderkey = l1.l_orderkey)", "Filter": "(l_suppkey <> l1.l_suppkey)", "Plans": [{"Node Type": "Bitmap Index Scan", "Parent Relationship": "Outer", "Index Name": "idx_lineitem_orderkey", "Startup Cost": 0.0, "Total Cost": 0.82, "Plan Rows": 9, "Plan Width": 0, "Index Cond": "(l_orderkey = l1.l_orderkey)"}]}]}]}]}, {"Node Type": "Bitmap Heap Scan", "Parent Relationship": "Inner", "Relation Name": "lineitem", "Alias": "l3", "Startup Cost": 0.82, "Total Cost": 8.97, "Plan Rows": 3, "Plan Width": 16, "Recheck Cond": "(l_orderkey = l1.l_orderkey)", "Filter": "((l_receiptdate > l_commitdate) AND (l_suppkey <> l1.l_suppkey))", "Plans": [{"Node Type": "Bitmap Index Scan", "Parent Relationship": "Outer", "Index Name": "idx_lineitem_orderkey", "Startup Cost": 0.0, "Total Cost": 0.82, "Plan Rows": 9, "Plan Width": 0, "Index Cond": "(l_orderkey = l1.l_orderkey)"}]}]}, {"Node Type": "Bitmap Heap Scan", "Parent Relationship": "Inner", "Relation Name": "orders", "Alias": "orders", "Startup Cost": 0.6, "Total Cost": 4.61, "Plan Rows": 1, "Plan Width": 8, "Recheck Cond": "(o_orderkey = l2.l_orderkey)", "Filter": "(o_orderstatus = 'F'::bpchar)", "Plans": [{"Node Type": "Bitmap Index Scan", "Parent Relationship": "Outer", "Index Name": "orders_pkey", "Startup Cost": 0.0, "Total Cost": 0.6, "Plan Rows": 1, "Plan Width": 0, "Index Cond": "(o_orderkey = l2.l_orderkey)"}]}]}]}]}]}, "Unique SQL Id": 3870093320}, "explain_analyze_plan": null}, "(16, 87)": {"explain_plan": {"Plan": {"Node Type": "Limit", "Startup Cost": 6332151.71, "Total Cost": 6332151.96, "Plan Rows": 100, "Plan Width": 34, "Plans": [{"Node Type": "Sort", "Parent Relationship": "Outer", "Startup Cost": 6332151.71, "Total Cost": 6332174.64, "Plan Rows": 100, "Plan Width": 34, "Sort Key": ["(count(*)) DESC", "supplier.s_name"], "Plans": [{"Node Type": "Aggregate", "Strategy": "Hashed", "Parent Relationship": "Outer", "Startup Cost": 6331709.44, "Total Cost": 6331801.16, "Plan Rows": 9172, "Plan Width": 34, "Group By Key": ["supplier.s_name"], "Plans": [{"Node Type": "Nested Loop", "Parent Relationship": "Outer", "Join Type": "Inner", "Startup Cost": 5822707.84, "Total Cost": 6331663.58, "Plan Rows": 9172, "Plan Width": 26, "Inner Unique": true, "Join Filter": "(l1.l_orderkey = orders.o_orderkey)", "Plans": [{"Node Type": "Nested Loop", "Parent Relationship": "Outer", "Join Type": "Semi", "Startup Cost": 5822707.24, "Total Cost": 6298102.82, "Plan Rows": 7254, "Plan Width": 42, "Inner Unique": false, "Plans": [{"Node Type": "Nested Loop", "Parent Relationship": "Outer", "Join Type": "Anti", "Startup Cost": 5822706.42, "Total Cost": 6282924.27, "Plan Rows": 7635, "Plan Width": 42, "Inner Unique": false, "Plans": [{"Node Type": "Merge Join", "Parent Relationship": "Outer", "Join Type": "Inner", "Startup Cost": 5822705.59, "Total Cost": 5924211.19, "Plan Rows": 152707, "Plan Width": 42, "Inner Unique": false, "Merge Cond": "(supplier.s_suppkey = l1.l_suppkey)", "Plans": [{"Node Type": "Sort", "Parent Relationship": "Outer", "Startup Cost": 2784.04, "Total Cost": 2794.04, "Plan Rows": 4000, "Plan Width": 34, "Sort Key": ["supplier.s_suppkey"], "Plans": [{"Node Type": "Nested Loop", "Parent Relationship": "Outer", "Join Type": "Inner", "Startup Cost": 103.63, "Total Cost": 2544.73, "Plan Rows": 4000, "Plan Width": 34, "Inner Unique": false, "Plans": [{"Node Type": "Bitmap Heap Scan", "Parent Relationship": "Outer", "Relation Name": "nation", "Alias": "nation", "Startup Cost": 8.38, "Total Cost": 12.69, "Plan Rows": 1, "Plan Width": 4, "Filter": "(n_name = 'EGYPT'::bpchar)", "Plans": [{"Node Type": "Bitmap Index Scan", "Parent Relationship": "Outer", "Index Name": "nation_pkey", "Startup Cost": 0.0, "Total Cost": 8.38, "Plan Rows": 25, "Plan Width": 0}]}, {"Node Type": "Bitmap Heap Scan", "Parent Relationship": "Inner", "Relation Name": "supplier", "Alias": "supplier", "Startup Cost": 95.25, "Total Cost": 2492.04, "Plan Rows": 4000, "Plan Width": 38, "Recheck Cond": "(s_nationkey = nation.n_nationkey)", "Plans": [{"Node Type": "Bitmap Index Scan", "Parent Relationship": "Outer", "Index Name": "idx_supplier_nation_key", "Startup Cost": 0.0, "Total Cost": 94.25, "Plan Rows": 4000, "Plan Width": 0, "Index Cond": "(s_nationkey = nation.n_nationkey)"}]}]}]}, {"Node Type": "Sort", "Parent Relationship": "Inner", "Startup Cost": 5819911.62, "Total Cost": 5869900.82, "Plan Rows": 19995678, "Plan Width": 16, "Sort Key": ["l1.l_suppkey"], "Plans": [{"Node Type": "Bitmap Heap Scan", "Parent Relationship": "Outer", "Relation Name": "lineitem", "Alias": "l1", "Startup Cost": 1230034.33, "Total Cost": 3395117.25, "Plan Rows": 19995678, "Plan Width": 16, "Filter": "(l_receiptdate > l_commitdate), (LLVM Optimized)", "Plans": [{"Node Type": "Bitmap Index Scan", "Parent Relationship": "Outer", "Index Name": "idx_lineitem_orderkey", "Startup Cost": 0.0, "Total Cost": 1225035.42, "Plan Rows": 59987033, "Plan Width": 0}]}]}]}, {"Node Type": "Bitmap Heap Scan", "Parent Relationship": "Inner", "Relation Name": "lineitem", "Alias": "l3", "Startup Cost": 0.82, "Total Cost": 8.97, "Plan Rows": 3, "Plan Width": 16, "Recheck Cond": "(l_orderkey = l1.l_orderkey)", "Filter": "((l_receiptdate > l_commitdate) AND (l_suppkey <> l1.l_suppkey))", "Plans": [{"Node Type": "Bitmap Index Scan", "Parent Relationship": "Outer", "Index Name": "idx_lineitem_orderkey", "Startup Cost": 0.0, "Total Cost": 0.82, "Plan Rows": 9, "Plan Width": 0, "Index Cond": "(l_orderkey = l1.l_orderkey)"}]}]}, {"Node Type": "Bitmap Heap Scan", "Parent Relationship": "Inner", "Relation Name": "lineitem", "Alias": "l2", "Startup Cost": 0.82, "Total Cost": 8.95, "Plan Rows": 9, "Plan Width": 16, "Recheck Cond": "(l_orderkey = l1.l_orderkey)", "Filter": "(l_suppkey <> l1.l_suppkey)", "Plans": [{"Node Type": "Bitmap Index Scan", "Parent Relationship": "Outer", "Index Name": "idx_lineitem_orderkey", "Startup Cost": 0.0, "Total Cost": 0.82, "Plan Rows": 9, "Plan Width": 0, "Index Cond": "(l_orderkey = l1.l_orderkey)"}]}]}, {"Node Type": "Bitmap Heap Scan", "Parent Relationship": "Inner", "Relation Name": "orders", "Alias": "orders", "Startup Cost": 0.6, "Total Cost": 4.61, "Plan Rows": 1, "Plan Width": 8, "Recheck Cond": "(o_orderkey = l2.l_orderkey)", "Filter": "(o_orderstatus = 'F'::bpchar)", "Plans": [{"Node Type": "Bitmap Index Scan", "Parent Relationship": "Outer", "Index Name": "orders_pkey", "Startup Cost": 0.0, "Total Cost": 0.6, "Plan Rows": 1, "Plan Width": 0, "Index Cond": "(o_orderkey = l2.l_orderkey)"}]}]}]}]}]}, "Unique SQL Id": 3870093320}, "explain_analyze_plan": null}, "(16, 88)": {"explain_plan": {"Plan": {"Node Type": "Limit", "Startup Cost": 6884014.69, "Total Cost": 6884014.94, "Plan Rows": 100, "Plan Width": 34, "Plans": [{"Node Type": "Sort", "Parent Relationship": "Outer", "Startup Cost": 6884014.69, "Total Cost": 6884037.62, "Plan Rows": 100, "Plan Width": 34, "Sort Key": ["(count(*)) DESC", "supplier.s_name"], "Plans": [{"Node Type": "Aggregate", "Strategy": "Hashed", "Parent Relationship": "Outer", "Startup Cost": 6883572.42, "Total Cost": 6883664.14, "Plan Rows": 9172, "Plan Width": 34, "Group By Key": ["supplier.s_name"], "Plans": [{"Node Type": "Nested Loop", "Parent Relationship": "Outer", "Join Type": "Inner", "Startup Cost": 6869041.13, "Total Cost": 6883526.56, "Plan Rows": 9172, "Plan Width": 26, "Inner Unique": true, "Join Filter": "(l1.l_orderkey = orders.o_orderkey)", "Plans": [{"Node Type": "Nested Loop", "Parent Relationship": "Outer", "Join Type": "Semi", "Startup Cost": 6869041.13, "Total Cost": 6876426.19, "Plan Rows": 7254, "Plan Width": 42, "Inner Unique": false, "Plans": [{"Node Type": "Merge Join", "Parent Relationship": "Outer", "Join Type": "Inner", "Startup Cost": 6869041.13, "Total Cost": 6874570.62, "Plan Rows": 7635, "Plan Width": 42, "Inner Unique": false, "Merge Cond": "(supplier.s_suppkey = l1.l_suppkey)", "Plans": [{"Node Type": "Sort", "Parent Relationship": "Outer", "Startup Cost": 8893.34, "Total Cost": 8903.34, "Plan Rows": 4000, "Plan Width": 34, "Sort Key": ["supplier.s_suppkey"], "Plans": [{"Node Type": "Nested Loop", "Parent Relationship": "Outer", "Join Type": "Inner", "Startup Cost": 0.0, "Total Cost": 8654.02, "Plan Rows": 4000, "Plan Width": 34, "Inner Unique": false, "Plans": [{"Node Type": "Seq Scan", "Parent Relationship": "Outer", "Relation Name": "nation", "Alias": "nation", "Startup Cost": 0.0, "Total Cost": 1.31, "Plan Rows": 1, "Plan Width": 4, "Filter": "(n_name = 'EGYPT'::bpchar)"}, {"Node Type": "Index Scan", "Parent Relationship": "Inner", "Scan Direction": "Forward", "Index Name": "idx_supplier_nation_key", "Relation Name": "supplier", "Alias": "supplier", "Startup Cost": 0.0, "Total Cost": 8612.71, "Plan Rows": 4000, "Plan Width": 38, "Index Cond": "(s_nationkey = nation.n_nationkey)"}]}]}, {"Node Type": "Sort", "Parent Relationship": "Inner", "Startup Cost": 6860147.3, "Total Cost": 6862646.76, "Plan Rows": 999784, "Plan Width": 16, "Sort Key": ["l1.l_suppkey"], "Plans": [{"Node Type": "Nested Loop", "Parent Relationship": "Outer", "Join Type": "Anti", "Startup Cost": 0.0, "Total Cost": 6760512.54, "Plan Rows": 999784, "Plan Width": 16, "Inner Unique": false, "Plans": [{"Node Type": "Streaming(type: LOCAL GATHER dop: 1/16)", "Parent Relationship": "Outer", "Startup Cost": 0.0, "Total Cost": 581865.03, "Plan Rows": 19995678, "Plan Width": 16, "Plans": [{"Node Type": "Seq Scan", "Parent Relationship": "Outer", "Relation Name": "lineitem", "Alias": "l1", "Startup Cost": 0.0, "Total Cost": 150317.68, "Plan Rows": 19995678, "Plan Width": 16, "Filter": "(l_receiptdate > l_commitdate), (LLVM Optimized)"}]}, {"Node Type": "Index Scan", "Parent Relationship": "Inner", "Scan Direction": "Forward", "Index Name": "idx_lineitem_orderkey", "Relation Name": "lineitem", "Alias": "l3", "Startup Cost": 0.0, "Total Cost": 1.63, "Plan Rows": 3, "Plan Width": 16, "Index Cond": "(l_orderkey = l1.l_orderkey)", "Filter": "((l_receiptdate > l_commitdate) AND (l_suppkey <> l1.l_suppkey))"}]}]}]}, {"Node Type": "Index Scan", "Parent Relationship": "Inner", "Scan Direction": "Forward", "Index Name": "idx_lineitem_orderkey", "Relation Name": "lineitem", "Alias": "l2", "Startup Cost": 0.0, "Total Cost": 1.63, "Plan Rows": 9, "Plan Width": 16, "Index Cond": "(l_orderkey = l1.l_orderkey)", "Filter": "(l_suppkey <> l1.l_suppkey)"}]}, {"Node Type": "Index Scan", "Parent Relationship": "Inner", "Scan Direction": "Forward", "Index Name": "orders_pkey", "Relation Name": "orders", "Alias": "orders", "Startup Cost": 0.0, "Total Cost": 0.97, "Plan Rows": 1, "Plan Width": 8, "Index Cond": "(o_orderkey = l2.l_orderkey)", "Filter": "(o_orderstatus = 'F'::bpchar)"}]}]}]}]}, "Unique SQL Id": 3870093320}, "explain_analyze_plan": null}, "(16, 89)": {"explain_plan": {"Plan": {"Node Type": "Limit", "Startup Cost": 7866412.81, "Total Cost": 7866413.06, "Plan Rows": 100, "Plan Width": 34, "Plans": [{"Node Type": "Sort", "Parent Relationship": "Outer", "Startup Cost": 7866412.81, "Total Cost": 7866435.74, "Plan Rows": 100, "Plan Width": 34, "Sort Key": ["(count(*)) DESC", "supplier.s_name"], "Plans": [{"Node Type": "Aggregate", "Strategy": "Hashed", "Parent Relationship": "Outer", "Startup Cost": 7865970.54, "Total Cost": 7866062.26, "Plan Rows": 9172, "Plan Width": 34, "Group By Key": ["supplier.s_name"], "Plans": [{"Node Type": "Nested Loop", "Parent Relationship": "Outer", "Join Type": "Semi", "Startup Cost": 7674044.93, "Total Cost": 7865924.68, "Plan Rows": 9172, "Plan Width": 26, "Inner Unique": false, "Join Filter": "(orders.o_orderkey = l2.l_orderkey)", "Plans": [{"Node Type": "Nested Loop", "Parent Relationship": "Outer", "Join Type": "Anti", "Startup Cost": 7674044.93, "Total Cost": 7862062.89, "Plan Rows": 9655, "Plan Width": 50, "Inner Unique": false, "Plans": [{"Node Type": "Merge Join", "Parent Relationship": "Outer", "Join Type": "Inner", "Startup Cost": 7674044.93, "Total Cost": 7802394.01, "Plan Rows": 193099, "Plan Width": 50, "Inner Unique": false, "Merge Cond": "(supplier.s_suppkey = l1.l_suppkey)", "Plans": [{"Node Type": "Sort", "Parent Relationship": "Outer", "Startup Cost": 8904.71, "Total Cost": 8914.71, "Plan Rows": 4000, "Plan Width": 34, "Sort Key": ["supplier.s_suppkey"], "Plans": [{"Node Type": "Nested Loop", "Parent Relationship": "Outer", "Join Type": "Inner", "Startup Cost": 0.0, "Total Cost": 8665.4, "Plan Rows": 4000, "Plan Width": 34, "Inner Unique": false, "Plans": [{"Node Type": "Index Scan", "Parent Relationship": "Outer", "Scan Direction": "Forward", "Index Name": "nation_pkey", "Relation Name": "nation", "Alias": "nation", "Startup Cost": 0.0, "Total Cost": 12.69, "Plan Rows": 1, "Plan Width": 4, "Filter": "(n_name = 'EGYPT'::bpchar)"}, {"Node Type": "Index Scan", "Parent Relationship": "Inner", "Scan Direction": "Forward", "Index Name": "idx_supplier_nation_key", "Relation Name": "supplier", "Alias": "supplier", "Startup Cost": 0.0, "Total Cost": 8612.71, "Plan Rows": 4000, "Plan Width": 38, "Index Cond": "(s_nationkey = nation.n_nationkey)"}]}]}, {"Node Type": "Sort", "Parent Relationship": "Inner", "Startup Cost": 7665127.66, "Total Cost": 7728339.26, "Plan Rows": 25284641, "Plan Width": 24, "Sort Key": ["l1.l_suppkey"], "Plans": [{"Node Type": "Merge Join", "Parent Relationship": "Outer", "Join Type": "Inner", "Startup Cost": 28.95, "Total Cost": 4556158.8, "Plan Rows": 25284641, "Plan Width": 24, "Inner Unique": false, "Merge Cond": "(orders.o_orderkey = l1.l_orderkey)", "Plans": [{"Node Type": "Index Scan", "Parent Relationship": "Outer", "Scan Direction": "Forward", "Index Name": "orders_pkey", "Relation Name": "orders", "Alias": "orders", "Startup Cost": 0.0, "Total Cost": 768477.13, "Plan Rows": 7338812, "Plan Width": 8, "Filter": "(o_orderstatus = 'F'::bpchar), (LLVM Optimized)"}, {"Node Type": "Materialize", "Parent Relationship": "Inner", "Startup Cost": 0.0, "Total Cost": 3440110.52, "Plan Rows": 19995678, "Plan Width": 16, "Plans": [{"Node Type": "Index Scan", "Parent Relationship": "Outer", "Scan Direction": "Forward", "Index Name": "idx_lineitem_orderkey", "Relation Name": "lineitem", "Alias": "l1", "Startup Cost": 0.0, "Total Cost": 3390121.33, "Plan Rows": 19995678, "Plan Width": 16, "Filter": "(l_receiptdate > l_commitdate), (LLVM Optimized)"}]}]}]}]}, {"Node Type": "Index Scan", "Parent Relationship": "Inner", "Scan Direction": "Forward", "Index Name": "idx_lineitem_orderkey", "Relation Name": "lineitem", "Alias": "l3", "Startup Cost": 0.0, "Total Cost": 1.63, "Plan Rows": 3, "Plan Width": 16, "Index Cond": "(l_orderkey = l1.l_orderkey)", "Filter": "((l_receiptdate > l_commitdate) AND (l_suppkey <> l1.l_suppkey))"}]}, {"Node Type": "Index Scan", "Parent Relationship": "Inner", "Scan Direction": "Forward", "Index Name": "idx_lineitem_orderkey", "Relation Name": "lineitem", "Alias": "l2", "Startup Cost": 0.0, "Total Cost": 1.63, "Plan Rows": 9, "Plan Width": 16, "Index Cond": "(l_orderkey = l1.l_orderkey)", "Filter": "(l_suppkey <> l1.l_suppkey)"}]}]}]}]}, "Unique SQL Id": 3870093320}, "explain_analyze_plan": null}, "(16, 90)": {"explain_plan": {"Plan": {"Node Type": "Limit", "Startup Cost": 4001036868396.36, "Total Cost": 4001036868396.61, "Plan Rows": 100, "Plan Width": 34, "Plans": [{"Node Type": "Sort", "Parent Relationship": "Outer", "Startup Cost": 4001036868396.36, "Total Cost": 4001036868419.29, "Plan Rows": 100, "Plan Width": 34, "Sort Key": ["(count(*)) DESC", "supplier.s_name"], "Plans": [{"Node Type": "Aggregate", "Strategy": "Hashed", "Parent Relationship": "Outer", "Startup Cost": 4001036867954.09, "Total Cost": 4001036868045.81, "Plan Rows": 9172, "Plan Width": 34, "Group By Key": ["supplier.s_name"], "Plans": [{"Node Type": "Merge Join", "Parent Relationship": "Outer", "Join Type": "Inner", "Startup Cost": 4001036861853.75, "Total Cost": 4001036867908.23, "Plan Rows": 9172, "Plan Width": 26, "Inner Unique": false, "Merge Cond": "(supplier.s_suppkey = l1.l_suppkey)", "Plans": [{"Node Type": "Sort", "Parent Relationship": "Outer", "Startup Cost": 12368.47, "Total Cost": 12378.47, "Plan Rows": 4000, "Plan Width": 34, "Sort Key": ["supplier.s_suppkey"], "Plans": [{"Node Type": "Merge Join", "Parent Relationship": "Outer", "Join Type": "Inner", "Startup Cost": 11589.14, "Total Cost": 12129.15, "Plan Rows": 4000, "Plan Width": 34, "Inner Unique": false, "Merge Cond": "(nation.n_nationkey = supplier.s_nationkey)", "Plans": [{"Node Type": "Sort", "Parent Relationship": "Outer", "Startup Cost": 1.32, "Total Cost": 1.33, "Plan Rows": 1, "Plan Width": 4, "Sort Key": ["nation.n_nationkey"], "Plans": [{"Node Type": "Seq Scan", "Parent Relationship": "Outer", "Relation Name": "nation", "Alias": "nation", "Startup Cost": 0.0, "Total Cost": 1.31, "Plan Rows": 1, "Plan Width": 4, "Filter": "(n_name = 'EGYPT'::bpchar)"}]}, {"Node Type": "Sort", "Parent Relationship": "Inner", "Startup Cost": 11587.82, "Total Cost": 11837.82, "Plan Rows": 100000, "Plan Width": 38, "Sort Key": ["supplier.s_nationkey"], "Plans": [{"Node Type": "Seq Scan", "Parent Relationship": "Outer", "Relation Name": "supplier", "Alias": "supplier", "Startup Cost": 0.0, "Total Cost": 3283.0, "Plan Rows": 100000, "Plan Width": 38}]}]}]}, {"Node Type": "Sort", "Parent Relationship": "Inner", "Startup Cost": 4001036849484.69, "Total Cost": 4001036852487.24, "Plan Rows": 1201020, "Plan Width": 8, "Sort Key": ["l1.l_suppkey"], "Plans": [{"Node Type": "Merge Join", "Parent Relationship": "Outer", "Join Type": "Inner", "Startup Cost": 40036425616.82, "Total Cost": 4001036728206.72, "Plan Rows": 1201020, "Plan Width": 8, "Inner Unique": true, "Merge Cond": "(l1.l_orderkey = orders.o_orderkey)", "Plans": [{"Node Type": "Merge Join", "Parent Relationship": "Outer", "Join Type": "Semi", "Startup Cost": 30000000000.0, "Total Cost": 3001006768519.97, "Plan Rows": 949795, "Plan Width": 24, "Inner Unique": false, "Merge Cond": "(l1.l_orderkey = l2.l_orderkey), (LLVM Optimized)", "Join Filter": "(l2.l_suppkey <> l1.l_suppkey), (LLVM Optimized)", "Plans": [{"Node Type": "Merge Join", "Parent Relationship": "Outer", "Join Type": "Anti", "Startup Cost": 20000000000.0, "Total Cost": 2000682365976.25, "Plan Rows": 999784, "Plan Width": 16, "Inner Unique": false, "Merge Cond": "(l1.l_orderkey = l3.l_orderkey), (LLVM Optimized)", "Join Filter": "(l3.l_suppkey <> l1.l_suppkey), (LLVM Optimized)", "Plans": [{"Node Type": "Index Scan", "Parent Relationship": "Outer", "Scan Direction": "Forward", "Index Name": "idx_lineitem_orderkey", "Relation Name": "lineitem", "Alias": "l1", "Startup Cost": 10000000000.0, "Total Cost": 1000339012132.75, "Plan Rows": 19995678, "Plan Width": 16, "Filter": "(l_receiptdate > l_commitdate), (LLVM Optimized)"}, {"Node Type": "Materialize", "Parent Relationship": "Inner", "Startup Cost": 10000000000.0, "Total Cost": 1000339062121.94, "Plan Rows": 19995678, "Plan Width": 16, "Plans": [{"Node Type": "Index Scan", "Parent Relationship": "Outer", "Scan Direction": "Forward", "Index Name": "idx_lineitem_orderkey", "Relation Name": "lineitem", "Alias": "l3", "Startup Cost": 10000000000.0, "Total Cost": 1000339012132.75, "Plan Rows": 19995678, "Plan Width": 16, "Filter": "(l_receiptdate > l_commitdate), (LLVM Optimized)"}]}]}, {"Node Type": "Index Scan", "Parent Relationship": "Inner", "Scan Direction": "Forward", "Index Name": "idx_lineitem_orderkey", "Relation Name": "lineitem", "Alias": "l2", "Startup Cost": 10000000000.0, "Total Cost": 1000324015374.5, "Plan Rows": 59987033, "Plan Width": 16}]}, {"Node Type": "Index Scan", "Parent Relationship": "Inner", "Scan Direction": "Forward", "Index Name": "orders_pkey", "Relation Name": "orders", "Alias": "orders", "Startup Cost": 10000000000.0, "Total Cost": 1000076847713.25, "Plan Rows": 7338812, "Plan Width": 8, "Filter": "(o_orderstatus = 'F'::bpchar), (LLVM Optimized)"}]}]}]}]}]}]}, "Unique SQL Id": 3870093320}, "explain_analyze_plan": null}, "(16, 91)": {"explain_plan": {"Plan": {"Node Type": "Limit", "Startup Cost": 6001066518420.09, "Total Cost": 6001066518420.34, "Plan Rows": 100, "Plan Width": 34, "Plans": [{"Node Type": "Sort", "Parent Relationship": "Outer", "Startup Cost": 6001066518420.09, "Total Cost": 6001066518443.02, "Plan Rows": 100, "Plan Width": 34, "Sort Key": ["(count(*)) DESC", "supplier.s_name"], "Plans": [{"Node Type": "Aggregate", "Strategy": "Hashed", "Parent Relationship": "Outer", "Startup Cost": 6001066517977.82, "Total Cost": 6001066518069.54, "Plan Rows": 9172, "Plan Width": 34, "Group By Key": ["supplier.s_name"], "Plans": [{"Node Type": "Merge Join", "Parent Relationship": "Outer", "Join Type": "Semi", "Startup Cost": 3030378986896.29, "Total Cost": 6001066517931.96, "Plan Rows": 9172, "Plan Width": 26, "Inner Unique": false, "Merge Cond": "(orders.o_orderkey = l2.l_orderkey)", "Join Filter": "(l2.l_suppkey <> l1.l_suppkey)", "Plans": [{"Node Type": "Merge Join", "Parent Relationship": "Outer", "Join Type": "Inner", "Startup Cost": 3020378986896.29, "Total Cost": 5000758513752.19, "Plan Rows": 9655, "Plan Width": 50, "Inner Unique": true, "Merge Cond": "(l1.l_orderkey = orders.o_orderkey)", "Plans": [{"Node Type": "Merge Join", "Parent Relationship": "Outer", "Join Type": "Anti", "Startup Cost": 3010342561279.47, "Total Cost": 4000681647576.29, "Plan Rows": 7635, "Plan Width": 42, "Inner Unique": false, "Merge Cond": "(l1.l_orderkey = l3.l_orderkey)", "Join Filter": "(l3.l_suppkey <> l1.l_suppkey)", "Plans": [{"Node Type": "Sort", "Parent Relationship": "Outer", "Startup Cost": 3000342561279.47, "Total Cost": 3000342561661.23, "Plan Rows": 152707, "Plan Width": 42, "Sort Key": ["l1.l_orderkey"], "Plans": [{"Node Type": "Merge Join", "Parent Relationship": "Outer", "Join Type": "Inner", "Startup Cost": 2010342526246.89, "Total Cost": 3000342548131.08, "Plan Rows": 152707, "Plan Width": 42, "Inner Unique": false, "Merge Cond": "(nation.n_nationkey = supplier.s_nationkey)", "Plans": [{"Node Type": "Index Scan", "Parent Relationship": "Outer", "Scan Direction": "Forward", "Index Name": "nation_pkey", "Relation Name": "nation", "Alias": "nation", "Startup Cost": 10000000000.0, "Total Cost": 1000000001268.75, "Plan Rows": 1, "Plan Width": 4, "Filter": "(n_name = 'EGYPT'::bpchar)"}, {"Node Type": "Sort", "Parent Relationship": "Inner", "Startup Cost": 2000342526246.89, "Total Cost": 2000342535791.08, "Plan Rows": 3817674, "Plan Width": 46, "Sort Key": ["supplier.s_nationkey"], "Plans": [{"Node Type": "Merge Join", "Parent Relationship": "Outer", "Join Type": "Inner", "Startup Cost": 1010341436937.06, "Total Cost": 2000342108893.76, "Plan Rows": 3817674, "Plan Width": 46, "Inner Unique": false, "Merge Cond": "(supplier.s_suppkey = l1.l_suppkey)", "Plans": [{"Node Type": "Index Scan", "Parent Relationship": "Outer", "Scan Direction": "Forward", "Index Name": "supplier_pkey", "Relation Name": "supplier", "Alias": "supplier", "Startup Cost": 10000000000.0, "Total Cost": 1000000533571.43, "Plan Rows": 100000, "Plan Width": 38}, {"Node Type": "Sort", "Parent Relationship": "Inner", "Startup Cost": 1000341436927.13, "Total Cost": 1000341486916.32, "Plan Rows": 19995678, "Plan Width": 16, "Sort Key": ["l1.l_suppkey"], "Plans": [{"Node Type": "Index Scan", "Parent Relationship": "Outer", "Scan Direction": "Forward", "Index Name": "idx_lineitem_orderkey", "Relation Name": "lineitem", "Alias": "l1", "Startup Cost": 10000000000.0, "Total Cost": 1000339012132.75, "Plan Rows": 19995678, "Plan Width": 16, "Filter": "(l_receiptdate > l_commitdate), (LLVM Optimized)"}]}]}]}]}]}, {"Node Type": "Index Scan", "Parent Relationship": "Inner", "Scan Direction": "Forward", "Index Name": "idx_lineitem_orderkey", "Relation Name": "lineitem", "Alias": "l3", "Startup Cost": 10000000000.0, "Total Cost": 1000339012132.75, "Plan Rows": 19995678, "Plan Width": 16, "Filter": "(l_receiptdate > l_commitdate), (LLVM Optimized)"}]}, {"Node Type": "Index Scan", "Parent Relationship": "Inner", "Scan Direction": "Forward", "Index Name": "orders_pkey", "Relation Name": "orders", "Alias": "orders", "Startup Cost": 10000000000.0, "Total Cost": 1000076847713.25, "Plan Rows": 7338812, "Plan Width": 8, "Filter": "(o_orderstatus = 'F'::bpchar), (LLVM Optimized)"}]}, {"Node Type": "Index Scan", "Parent Relationship": "Inner", "Scan Direction": "Forward", "Index Name": "idx_lineitem_orderkey", "Relation Name": "lineitem", "Alias": "l2", "Startup Cost": 10000000000.0, "Total Cost": 1000324015374.5, "Plan Rows": 59987033, "Plan Width": 16}]}]}]}]}, "Unique SQL Id": 3870093320}, "explain_analyze_plan": null}, "(16, 92)": {"explain_plan": {"Plan": {"Node Type": "Limit", "Startup Cost": 6884014.69, "Total Cost": 6884014.94, "Plan Rows": 100, "Plan Width": 34, "Plans": [{"Node Type": "Sort", "Parent Relationship": "Outer", "Startup Cost": 6884014.69, "Total Cost": 6884037.62, "Plan Rows": 100, "Plan Width": 34, "Sort Key": ["(count(*)) DESC", "supplier.s_name"], "Plans": [{"Node Type": "Aggregate", "Strategy": "Hashed", "Parent Relationship": "Outer", "Startup Cost": 6883572.42, "Total Cost": 6883664.14, "Plan Rows": 9172, "Plan Width": 34, "Group By Key": ["supplier.s_name"], "Plans": [{"Node Type": "Nested Loop", "Parent Relationship": "Outer", "Join Type": "Inner", "Startup Cost": 6869041.13, "Total Cost": 6883526.56, "Plan Rows": 9172, "Plan Width": 26, "Inner Unique": true, "Join Filter": "(l1.l_orderkey = orders.o_orderkey)", "Plans": [{"Node Type": "Nested Loop", "Parent Relationship": "Outer", "Join Type": "Semi", "Startup Cost": 6869041.13, "Total Cost": 6876426.19, "Plan Rows": 7254, "Plan Width": 42, "Inner Unique": false, "Plans": [{"Node Type": "Merge Join", "Parent Relationship": "Outer", "Join Type": "Inner", "Startup Cost": 6869041.13, "Total Cost": 6874570.62, "Plan Rows": 7635, "Plan Width": 42, "Inner Unique": false, "Merge Cond": "(supplier.s_suppkey = l1.l_suppkey)", "Plans": [{"Node Type": "Sort", "Parent Relationship": "Outer", "Startup Cost": 8893.34, "Total Cost": 8903.34, "Plan Rows": 4000, "Plan Width": 34, "Sort Key": ["supplier.s_suppkey"], "Plans": [{"Node Type": "Nested Loop", "Parent Relationship": "Outer", "Join Type": "Inner", "Startup Cost": 0.0, "Total Cost": 8654.02, "Plan Rows": 4000, "Plan Width": 34, "Inner Unique": false, "Plans": [{"Node Type": "Seq Scan", "Parent Relationship": "Outer", "Relation Name": "nation", "Alias": "nation", "Startup Cost": 0.0, "Total Cost": 1.31, "Plan Rows": 1, "Plan Width": 4, "Filter": "(n_name = 'EGYPT'::bpchar)"}, {"Node Type": "Index Scan", "Parent Relationship": "Inner", "Scan Direction": "Forward", "Index Name": "idx_supplier_nation_key", "Relation Name": "supplier", "Alias": "supplier", "Startup Cost": 0.0, "Total Cost": 8612.71, "Plan Rows": 4000, "Plan Width": 38, "Index Cond": "(s_nationkey = nation.n_nationkey)"}]}]}, {"Node Type": "Sort", "Parent Relationship": "Inner", "Startup Cost": 6860147.3, "Total Cost": 6862646.76, "Plan Rows": 999784, "Plan Width": 16, "Sort Key": ["l1.l_suppkey"], "Plans": [{"Node Type": "Nested Loop", "Parent Relationship": "Outer", "Join Type": "Anti", "Startup Cost": 0.0, "Total Cost": 6760512.54, "Plan Rows": 999784, "Plan Width": 16, "Inner Unique": false, "Plans": [{"Node Type": "Streaming(type: LOCAL GATHER dop: 1/16)", "Parent Relationship": "Outer", "Startup Cost": 0.0, "Total Cost": 581865.03, "Plan Rows": 19995678, "Plan Width": 16, "Plans": [{"Node Type": "Seq Scan", "Parent Relationship": "Outer", "Relation Name": "lineitem", "Alias": "l1", "Startup Cost": 0.0, "Total Cost": 150317.68, "Plan Rows": 19995678, "Plan Width": 16, "Filter": "(l_receiptdate > l_commitdate), (LLVM Optimized)"}]}, {"Node Type": "Index Scan", "Parent Relationship": "Inner", "Scan Direction": "Forward", "Index Name": "idx_lineitem_orderkey", "Relation Name": "lineitem", "Alias": "l3", "Startup Cost": 0.0, "Total Cost": 1.63, "Plan Rows": 3, "Plan Width": 16, "Index Cond": "(l_orderkey = l1.l_orderkey)", "Filter": "((l_receiptdate > l_commitdate) AND (l_suppkey <> l1.l_suppkey))"}]}]}]}, {"Node Type": "Index Scan", "Parent Relationship": "Inner", "Scan Direction": "Forward", "Index Name": "idx_lineitem_orderkey", "Relation Name": "lineitem", "Alias": "l2", "Startup Cost": 0.0, "Total Cost": 1.63, "Plan Rows": 9, "Plan Width": 16, "Index Cond": "(l_orderkey = l1.l_orderkey)", "Filter": "(l_suppkey <> l1.l_suppkey)"}]}, {"Node Type": "Index Scan", "Parent Relationship": "Inner", "Scan Direction": "Forward", "Index Name": "orders_pkey", "Relation Name": "orders", "Alias": "orders", "Startup Cost": 0.0, "Total Cost": 0.97, "Plan Rows": 1, "Plan Width": 8, "Index Cond": "(o_orderkey = l2.l_orderkey)", "Filter": "(o_orderstatus = 'F'::bpchar)"}]}]}]}]}, "Unique SQL Id": 3870093320}, "explain_analyze_plan": null}, "(16, 93)": {"explain_plan": {"Plan": {"Node Type": "Limit", "Startup Cost": 7866412.81, "Total Cost": 7866413.06, "Plan Rows": 100, "Plan Width": 34, "Plans": [{"Node Type": "Sort", "Parent Relationship": "Outer", "Startup Cost": 7866412.81, "Total Cost": 7866435.74, "Plan Rows": 100, "Plan Width": 34, "Sort Key": ["(count(*)) DESC", "supplier.s_name"], "Plans": [{"Node Type": "Aggregate", "Strategy": "Hashed", "Parent Relationship": "Outer", "Startup Cost": 7865970.54, "Total Cost": 7866062.26, "Plan Rows": 9172, "Plan Width": 34, "Group By Key": ["supplier.s_name"], "Plans": [{"Node Type": "Nested Loop", "Parent Relationship": "Outer", "Join Type": "Semi", "Startup Cost": 7674044.93, "Total Cost": 7865924.68, "Plan Rows": 9172, "Plan Width": 26, "Inner Unique": false, "Join Filter": "(orders.o_orderkey = l2.l_orderkey)", "Plans": [{"Node Type": "Nested Loop", "Parent Relationship": "Outer", "Join Type": "Anti", "Startup Cost": 7674044.93, "Total Cost": 7862062.89, "Plan Rows": 9655, "Plan Width": 50, "Inner Unique": false, "Plans": [{"Node Type": "Merge Join", "Parent Relationship": "Outer", "Join Type": "Inner", "Startup Cost": 7674044.93, "Total Cost": 7802394.01, "Plan Rows": 193099, "Plan Width": 50, "Inner Unique": false, "Merge Cond": "(supplier.s_suppkey = l1.l_suppkey)", "Plans": [{"Node Type": "Sort", "Parent Relationship": "Outer", "Startup Cost": 8904.71, "Total Cost": 8914.71, "Plan Rows": 4000, "Plan Width": 34, "Sort Key": ["supplier.s_suppkey"], "Plans": [{"Node Type": "Nested Loop", "Parent Relationship": "Outer", "Join Type": "Inner", "Startup Cost": 0.0, "Total Cost": 8665.4, "Plan Rows": 4000, "Plan Width": 34, "Inner Unique": false, "Plans": [{"Node Type": "Index Scan", "Parent Relationship": "Outer", "Scan Direction": "Forward", "Index Name": "nation_pkey", "Relation Name": "nation", "Alias": "nation", "Startup Cost": 0.0, "Total Cost": 12.69, "Plan Rows": 1, "Plan Width": 4, "Filter": "(n_name = 'EGYPT'::bpchar)"}, {"Node Type": "Index Scan", "Parent Relationship": "Inner", "Scan Direction": "Forward", "Index Name": "idx_supplier_nation_key", "Relation Name": "supplier", "Alias": "supplier", "Startup Cost": 0.0, "Total Cost": 8612.71, "Plan Rows": 4000, "Plan Width": 38, "Index Cond": "(s_nationkey = nation.n_nationkey)"}]}]}, {"Node Type": "Sort", "Parent Relationship": "Inner", "Startup Cost": 7665127.66, "Total Cost": 7728339.26, "Plan Rows": 25284641, "Plan Width": 24, "Sort Key": ["l1.l_suppkey"], "Plans": [{"Node Type": "Merge Join", "Parent Relationship": "Outer", "Join Type": "Inner", "Startup Cost": 28.95, "Total Cost": 4556158.8, "Plan Rows": 25284641, "Plan Width": 24, "Inner Unique": false, "Merge Cond": "(orders.o_orderkey = l1.l_orderkey)", "Plans": [{"Node Type": "Index Scan", "Parent Relationship": "Outer", "Scan Direction": "Forward", "Index Name": "orders_pkey", "Relation Name": "orders", "Alias": "orders", "Startup Cost": 0.0, "Total Cost": 768477.13, "Plan Rows": 7338812, "Plan Width": 8, "Filter": "(o_orderstatus = 'F'::bpchar), (LLVM Optimized)"}, {"Node Type": "Materialize", "Parent Relationship": "Inner", "Startup Cost": 0.0, "Total Cost": 3440110.52, "Plan Rows": 19995678, "Plan Width": 16, "Plans": [{"Node Type": "Index Scan", "Parent Relationship": "Outer", "Scan Direction": "Forward", "Index Name": "idx_lineitem_orderkey", "Relation Name": "lineitem", "Alias": "l1", "Startup Cost": 0.0, "Total Cost": 3390121.33, "Plan Rows": 19995678, "Plan Width": 16, "Filter": "(l_receiptdate > l_commitdate), (LLVM Optimized)"}]}]}]}]}, {"Node Type": "Index Scan", "Parent Relationship": "Inner", "Scan Direction": "Forward", "Index Name": "idx_lineitem_orderkey", "Relation Name": "lineitem", "Alias": "l3", "Startup Cost": 0.0, "Total Cost": 1.63, "Plan Rows": 3, "Plan Width": 16, "Index Cond": "(l_orderkey = l1.l_orderkey)", "Filter": "((l_receiptdate > l_commitdate) AND (l_suppkey <> l1.l_suppkey))"}]}, {"Node Type": "Index Scan", "Parent Relationship": "Inner", "Scan Direction": "Forward", "Index Name": "idx_lineitem_orderkey", "Relation Name": "lineitem", "Alias": "l2", "Startup Cost": 0.0, "Total Cost": 1.63, "Plan Rows": 9, "Plan Width": 16, "Index Cond": "(l_orderkey = l1.l_orderkey)", "Filter": "(l_suppkey <> l1.l_suppkey)"}]}]}]}]}, "Unique SQL Id": 3870093320}, "explain_analyze_plan": null}, "(16, 94)": {"explain_plan": {"Plan": {"Node Type": "Limit", "Startup Cost": 4001036868396.36, "Total Cost": 4001036868396.61, "Plan Rows": 100, "Plan Width": 34, "Plans": [{"Node Type": "Sort", "Parent Relationship": "Outer", "Startup Cost": 4001036868396.36, "Total Cost": 4001036868419.29, "Plan Rows": 100, "Plan Width": 34, "Sort Key": ["(count(*)) DESC", "supplier.s_name"], "Plans": [{"Node Type": "Aggregate", "Strategy": "Hashed", "Parent Relationship": "Outer", "Startup Cost": 4001036867954.09, "Total Cost": 4001036868045.81, "Plan Rows": 9172, "Plan Width": 34, "Group By Key": ["supplier.s_name"], "Plans": [{"Node Type": "Merge Join", "Parent Relationship": "Outer", "Join Type": "Inner", "Startup Cost": 4001036861853.75, "Total Cost": 4001036867908.23, "Plan Rows": 9172, "Plan Width": 26, "Inner Unique": false, "Merge Cond": "(supplier.s_suppkey = l1.l_suppkey)", "Plans": [{"Node Type": "Sort", "Parent Relationship": "Outer", "Startup Cost": 12368.47, "Total Cost": 12378.47, "Plan Rows": 4000, "Plan Width": 34, "Sort Key": ["supplier.s_suppkey"], "Plans": [{"Node Type": "Merge Join", "Parent Relationship": "Outer", "Join Type": "Inner", "Startup Cost": 11589.14, "Total Cost": 12129.15, "Plan Rows": 4000, "Plan Width": 34, "Inner Unique": false, "Merge Cond": "(nation.n_nationkey = supplier.s_nationkey)", "Plans": [{"Node Type": "Sort", "Parent Relationship": "Outer", "Startup Cost": 1.32, "Total Cost": 1.33, "Plan Rows": 1, "Plan Width": 4, "Sort Key": ["nation.n_nationkey"], "Plans": [{"Node Type": "Seq Scan", "Parent Relationship": "Outer", "Relation Name": "nation", "Alias": "nation", "Startup Cost": 0.0, "Total Cost": 1.31, "Plan Rows": 1, "Plan Width": 4, "Filter": "(n_name = 'EGYPT'::bpchar)"}]}, {"Node Type": "Sort", "Parent Relationship": "Inner", "Startup Cost": 11587.82, "Total Cost": 11837.82, "Plan Rows": 100000, "Plan Width": 38, "Sort Key": ["supplier.s_nationkey"], "Plans": [{"Node Type": "Seq Scan", "Parent Relationship": "Outer", "Relation Name": "supplier", "Alias": "supplier", "Startup Cost": 0.0, "Total Cost": 3283.0, "Plan Rows": 100000, "Plan Width": 38}]}]}]}, {"Node Type": "Sort", "Parent Relationship": "Inner", "Startup Cost": 4001036849484.69, "Total Cost": 4001036852487.24, "Plan Rows": 1201020, "Plan Width": 8, "Sort Key": ["l1.l_suppkey"], "Plans": [{"Node Type": "Merge Join", "Parent Relationship": "Outer", "Join Type": "Inner", "Startup Cost": 40036425616.82, "Total Cost": 4001036728206.72, "Plan Rows": 1201020, "Plan Width": 8, "Inner Unique": true, "Merge Cond": "(l1.l_orderkey = orders.o_orderkey)", "Plans": [{"Node Type": "Merge Join", "Parent Relationship": "Outer", "Join Type": "Semi", "Startup Cost": 30000000000.0, "Total Cost": 3001006768519.97, "Plan Rows": 949795, "Plan Width": 24, "Inner Unique": false, "Merge Cond": "(l1.l_orderkey = l2.l_orderkey), (LLVM Optimized)", "Join Filter": "(l2.l_suppkey <> l1.l_suppkey), (LLVM Optimized)", "Plans": [{"Node Type": "Merge Join", "Parent Relationship": "Outer", "Join Type": "Anti", "Startup Cost": 20000000000.0, "Total Cost": 2000682365976.25, "Plan Rows": 999784, "Plan Width": 16, "Inner Unique": false, "Merge Cond": "(l1.l_orderkey = l3.l_orderkey), (LLVM Optimized)", "Join Filter": "(l3.l_suppkey <> l1.l_suppkey), (LLVM Optimized)", "Plans": [{"Node Type": "Index Scan", "Parent Relationship": "Outer", "Scan Direction": "Forward", "Index Name": "idx_lineitem_orderkey", "Relation Name": "lineitem", "Alias": "l1", "Startup Cost": 10000000000.0, "Total Cost": 1000339012132.75, "Plan Rows": 19995678, "Plan Width": 16, "Filter": "(l_receiptdate > l_commitdate), (LLVM Optimized)"}, {"Node Type": "Materialize", "Parent Relationship": "Inner", "Startup Cost": 10000000000.0, "Total Cost": 1000339062121.94, "Plan Rows": 19995678, "Plan Width": 16, "Plans": [{"Node Type": "Index Scan", "Parent Relationship": "Outer", "Scan Direction": "Forward", "Index Name": "idx_lineitem_orderkey", "Relation Name": "lineitem", "Alias": "l3", "Startup Cost": 10000000000.0, "Total Cost": 1000339012132.75, "Plan Rows": 19995678, "Plan Width": 16, "Filter": "(l_receiptdate > l_commitdate), (LLVM Optimized)"}]}]}, {"Node Type": "Index Scan", "Parent Relationship": "Inner", "Scan Direction": "Forward", "Index Name": "idx_lineitem_orderkey", "Relation Name": "lineitem", "Alias": "l2", "Startup Cost": 10000000000.0, "Total Cost": 1000324015374.5, "Plan Rows": 59987033, "Plan Width": 16}]}, {"Node Type": "Index Scan", "Parent Relationship": "Inner", "Scan Direction": "Forward", "Index Name": "orders_pkey", "Relation Name": "orders", "Alias": "orders", "Startup Cost": 10000000000.0, "Total Cost": 1000076847713.25, "Plan Rows": 7338812, "Plan Width": 8, "Filter": "(o_orderstatus = 'F'::bpchar), (LLVM Optimized)"}]}]}]}]}]}]}, "Unique SQL Id": 3870093320}, "explain_analyze_plan": null}, "(16, 95)": {"explain_plan": {"Plan": {"Node Type": "Limit", "Startup Cost": 6001066518420.09, "Total Cost": 6001066518420.34, "Plan Rows": 100, "Plan Width": 34, "Plans": [{"Node Type": "Sort", "Parent Relationship": "Outer", "Startup Cost": 6001066518420.09, "Total Cost": 6001066518443.02, "Plan Rows": 100, "Plan Width": 34, "Sort Key": ["(count(*)) DESC", "supplier.s_name"], "Plans": [{"Node Type": "Aggregate", "Strategy": "Hashed", "Parent Relationship": "Outer", "Startup Cost": 6001066517977.82, "Total Cost": 6001066518069.54, "Plan Rows": 9172, "Plan Width": 34, "Group By Key": ["supplier.s_name"], "Plans": [{"Node Type": "Merge Join", "Parent Relationship": "Outer", "Join Type": "Semi", "Startup Cost": 3030378986896.29, "Total Cost": 6001066517931.96, "Plan Rows": 9172, "Plan Width": 26, "Inner Unique": false, "Merge Cond": "(orders.o_orderkey = l2.l_orderkey)", "Join Filter": "(l2.l_suppkey <> l1.l_suppkey)", "Plans": [{"Node Type": "Merge Join", "Parent Relationship": "Outer", "Join Type": "Inner", "Startup Cost": 3020378986896.29, "Total Cost": 5000758513752.19, "Plan Rows": 9655, "Plan Width": 50, "Inner Unique": true, "Merge Cond": "(l1.l_orderkey = orders.o_orderkey)", "Plans": [{"Node Type": "Merge Join", "Parent Relationship": "Outer", "Join Type": "Anti", "Startup Cost": 3010342561279.47, "Total Cost": 4000681647576.29, "Plan Rows": 7635, "Plan Width": 42, "Inner Unique": false, "Merge Cond": "(l1.l_orderkey = l3.l_orderkey)", "Join Filter": "(l3.l_suppkey <> l1.l_suppkey)", "Plans": [{"Node Type": "Sort", "Parent Relationship": "Outer", "Startup Cost": 3000342561279.47, "Total Cost": 3000342561661.23, "Plan Rows": 152707, "Plan Width": 42, "Sort Key": ["l1.l_orderkey"], "Plans": [{"Node Type": "Merge Join", "Parent Relationship": "Outer", "Join Type": "Inner", "Startup Cost": 2010342526246.89, "Total Cost": 3000342548131.08, "Plan Rows": 152707, "Plan Width": 42, "Inner Unique": false, "Merge Cond": "(nation.n_nationkey = supplier.s_nationkey)", "Plans": [{"Node Type": "Index Scan", "Parent Relationship": "Outer", "Scan Direction": "Forward", "Index Name": "nation_pkey", "Relation Name": "nation", "Alias": "nation", "Startup Cost": 10000000000.0, "Total Cost": 1000000001268.75, "Plan Rows": 1, "Plan Width": 4, "Filter": "(n_name = 'EGYPT'::bpchar)"}, {"Node Type": "Sort", "Parent Relationship": "Inner", "Startup Cost": 2000342526246.89, "Total Cost": 2000342535791.08, "Plan Rows": 3817674, "Plan Width": 46, "Sort Key": ["supplier.s_nationkey"], "Plans": [{"Node Type": "Merge Join", "Parent Relationship": "Outer", "Join Type": "Inner", "Startup Cost": 1010341436937.06, "Total Cost": 2000342108893.76, "Plan Rows": 3817674, "Plan Width": 46, "Inner Unique": false, "Merge Cond": "(supplier.s_suppkey = l1.l_suppkey)", "Plans": [{"Node Type": "Index Scan", "Parent Relationship": "Outer", "Scan Direction": "Forward", "Index Name": "supplier_pkey", "Relation Name": "supplier", "Alias": "supplier", "Startup Cost": 10000000000.0, "Total Cost": 1000000533571.43, "Plan Rows": 100000, "Plan Width": 38}, {"Node Type": "Sort", "Parent Relationship": "Inner", "Startup Cost": 1000341436927.13, "Total Cost": 1000341486916.32, "Plan Rows": 19995678, "Plan Width": 16, "Sort Key": ["l1.l_suppkey"], "Plans": [{"Node Type": "Index Scan", "Parent Relationship": "Outer", "Scan Direction": "Forward", "Index Name": "idx_lineitem_orderkey", "Relation Name": "lineitem", "Alias": "l1", "Startup Cost": 10000000000.0, "Total Cost": 1000339012132.75, "Plan Rows": 19995678, "Plan Width": 16, "Filter": "(l_receiptdate > l_commitdate), (LLVM Optimized)"}]}]}]}]}]}, {"Node Type": "Index Scan", "Parent Relationship": "Inner", "Scan Direction": "Forward", "Index Name": "idx_lineitem_orderkey", "Relation Name": "lineitem", "Alias": "l3", "Startup Cost": 10000000000.0, "Total Cost": 1000339012132.75, "Plan Rows": 19995678, "Plan Width": 16, "Filter": "(l_receiptdate > l_commitdate), (LLVM Optimized)"}]}, {"Node Type": "Index Scan", "Parent Relationship": "Inner", "Scan Direction": "Forward", "Index Name": "orders_pkey", "Relation Name": "orders", "Alias": "orders", "Startup Cost": 10000000000.0, "Total Cost": 1000076847713.25, "Plan Rows": 7338812, "Plan Width": 8, "Filter": "(o_orderstatus = 'F'::bpchar), (LLVM Optimized)"}]}, {"Node Type": "Index Scan", "Parent Relationship": "Inner", "Scan Direction": "Forward", "Index Name": "idx_lineitem_orderkey", "Relation Name": "lineitem", "Alias": "l2", "Startup Cost": 10000000000.0, "Total Cost": 1000324015374.5, "Plan Rows": 59987033, "Plan Width": 16}]}]}]}]}, "Unique SQL Id": 3870093320}, "explain_analyze_plan": null}, "(16, 96)": {"explain_plan": {"Plan": {"Node Type": "Limit", "Startup Cost": 233991.22, "Total Cost": 233991.47, "Plan Rows": 100, "Plan Width": 34, "Plans": [{"Node Type": "Sort", "Parent Relationship": "Outer", "Startup Cost": 233991.22, "Total Cost": 234014.15, "Plan Rows": 100, "Plan Width": 34, "Sort Key": ["(count(*)) DESC", "supplier.s_name"], "Plans": [{"Node Type": "Aggregate", "Strategy": "Hashed", "Parent Relationship": "Outer", "Startup Cost": 233548.95, "Total Cost": 233640.67, "Plan Rows": 9172, "Plan Width": 34, "Group By Key": ["supplier.s_name"], "Plans": [{"Node Type": "Nested Loop", "Parent Relationship": "Outer", "Join Type": "Inner", "Startup Cost": 18964.6, "Total Cost": 233503.09, "Plan Rows": 9172, "Plan Width": 26, "Inner Unique": true, "Join Filter": "(l1.l_orderkey = orders.o_orderkey)", "Plans": [{"Node Type": "Nested Loop", "Parent Relationship": "Outer", "Join Type": "Semi", "Startup Cost": 18964.6, "Total Cost": 226402.72, "Plan Rows": 7254, "Plan Width": 42, "Inner Unique": false, "Plans": [{"Node Type": "Nested Loop", "Parent Relationship": "Outer", "Join Type": "Anti", "Startup Cost": 18964.6, "Total Cost": 224547.15, "Plan Rows": 7635, "Plan Width": 42, "Inner Unique": false, "Plans": [{"Node Type": "Streaming(type: LOCAL GATHER dop: 1/16)", "Parent Relationship": "Outer", "Startup Cost": 18964.6, "Total Cost": 177359.94, "Plan Rows": 152707, "Plan Width": 42, "Plans": [{"Node Type": "Hash Join", "Parent Relationship": "Outer", "Join Type": "Inner", "Startup Cost": 18964.6, "Total Cost": 174064.21, "Plan Rows": 152707, "Plan Width": 42, "Inner Unique": false, "Hash Cond": "(l1.l_suppkey = supplier.s_suppkey), (LLVM Optimized)", "Plans": [{"Node Type": "Seq Scan", "Parent Relationship": "Outer", "Relation Name": "lineitem", "Alias": "l1", "Startup Cost": 0.0, "Total Cost": 150317.68, "Plan Rows": 19995678, "Plan Width": 16, "Filter": "(l_receiptdate > l_commitdate), (LLVM Optimized)"}, {"Node Type": "Hash", "Parent Relationship": "Inner", "Startup Cost": 18914.6, "Total Cost": 18914.6, "Plan Rows": 64000, "Plan Width": 34, "Plans": [{"Node Type": "Streaming(type: BROADCAST dop: 16/1)", "Parent Relationship": "Outer", "Startup Cost": 95.25, "Total Cost": 18914.6, "Plan Rows": 64000, "Plan Width": 34, "Plans": [{"Node Type": "Nested Loop", "Parent Relationship": "Outer", "Join Type": "Inner", "Startup Cost": 95.25, "Total Cost": 2533.35, "Plan Rows": 4000, "Plan Width": 34, "Inner Unique": false, "Plans": [{"Node Type": "Seq Scan", "Parent Relationship": "Outer", "Relation Name": "nation", "Alias": "nation", "Startup Cost": 0.0, "Total Cost": 1.31, "Plan Rows": 1, "Plan Width": 4, "Filter": "(n_name = 'EGYPT'::bpchar)"}, {"Node Type": "Bitmap Heap Scan", "Parent Relationship": "Inner", "Relation Name": "supplier", "Alias": "supplier", "Startup Cost": 95.25, "Total Cost": 2492.04, "Plan Rows": 4000, "Plan Width": 38, "Recheck Cond": "(s_nationkey = nation.n_nationkey)", "Plans": [{"Node Type": "Bitmap Index Scan", "Parent Relationship": "Outer", "Index Name": "idx_supplier_nation_key", "Startup Cost": 0.0, "Total Cost": 94.25, "Plan Rows": 4000, "Plan Width": 0, "Index Cond": "(s_nationkey = nation.n_nationkey)"}]}]}]}]}]}]}, {"Node Type": "Index Scan", "Parent Relationship": "Inner", "Scan Direction": "Forward", "Index Name": "idx_lineitem_orderkey", "Relation Name": "lineitem", "Alias": "l3", "Startup Cost": 0.0, "Total Cost": 1.63, "Plan Rows": 3, "Plan Width": 16, "Index Cond": "(l_orderkey = l1.l_orderkey)", "Filter": "((l_receiptdate > l_commitdate) AND (l_suppkey <> l1.l_suppkey))"}]}, {"Node Type": "Index Scan", "Parent Relationship": "Inner", "Scan Direction": "Forward", "Index Name": "idx_lineitem_orderkey", "Relation Name": "lineitem", "Alias": "l2", "Startup Cost": 0.0, "Total Cost": 1.63, "Plan Rows": 9, "Plan Width": 16, "Index Cond": "(l_orderkey = l1.l_orderkey)", "Filter": "(l_suppkey <> l1.l_suppkey)"}]}, {"Node Type": "Index Scan", "Parent Relationship": "Inner", "Scan Direction": "Forward", "Index Name": "orders_pkey", "Relation Name": "orders", "Alias": "orders", "Startup Cost": 0.0, "Total Cost": 0.97, "Plan Rows": 1, "Plan Width": 8, "Index Cond": "(o_orderkey = l2.l_orderkey)", "Filter": "(o_orderstatus = 'F'::bpchar)"}]}]}]}]}, "Unique SQL Id": 3870093320}, "explain_analyze_plan": {"Plan": {"Node Type": "Limit", "Startup Cost": 233991.22, "Total Cost": 233991.47, "Plan Rows": 100, "Plan Width": 34, "Actual Min Startup Time": 12229.654, "Actual Max Startup Time": 12229.654, "Actual Min Total Time": 12229.673, "Actual Max Total Time": 12229.673, "Actual Total Rows": 100, "Plans": [{"Node Type": "Sort", "Parent Relationship": "Outer", "Startup Cost": 233991.22, "Total Cost": 234014.15, "Plan Rows": 100, "Plan Width": 34, "Actual Min Startup Time": 12229.651, "Actual Max Startup Time": 12229.651, "Actual Min Total Time": 12229.656, "Actual Max Total Time": 12229.656, "Actual Total Rows": 100, "Sort Key": ["(count(*)) DESC", "supplier.s_name"], "Sort Method": "top-N heapsort", "Sort Space Min Used": 41, "Sort Space Max Used": 41, "Sort Space Type": "Memory", "Plans": [{"Node Type": "Aggregate", "Strategy": "Hashed", "Parent Relationship": "Outer", "Startup Cost": 233548.95, "Total Cost": 233640.67, "Plan Rows": 9172, "Plan Width": 34, "Actual Min Startup Time": 12226.217, "Actual Max Startup Time": 12226.217, "Actual Min Total Time": 12227.502, "Actual Max Total Time": 12227.502, "Actual Total Rows": 3981, "Group By Key": ["supplier.s_name"], "Plans": [{"Node Type": "Nested Loop", "Parent Relationship": "Outer", "Join Type": "Inner", "Startup Cost": 18964.6, "Total Cost": 233503.09, "Plan Rows": 9172, "Plan Width": 26, "Actual Min Startup Time": 84.248, "Actual Max Startup Time": 84.248, "Actual Min Total Time": 12174.868, "Actual Max Total Time": 12174.868, "Actual Total Rows": 39445, "Inner Unique": true, "Join Filter": "(l1.l_orderkey = orders.o_orderkey)", "Rows Removed by Join Filter": 0, "Plans": [{"Node Type": "Nested Loop", "Parent Relationship": "Outer", "Join Type": "Semi", "Startup Cost": 18964.6, "Total Cost": 226402.72, "Plan Rows": 7254, "Plan Width": 42, "Actual Min Startup Time": 84.22, "Actual Max Startup Time": 84.22, "Actual Min Total Time": 11595.118, "Actual Max Total Time": 11595.118, "Actual Total Rows": 80537, "Inner Unique": false, "Plans": [{"Node Type": "Nested Loop", "Parent Relationship": "Outer", "Join Type": "Anti", "Startup Cost": 18964.6, "Total Cost": 224547.15, "Plan Rows": 7635, "Plan Width": 42, "Actual Min Startup Time": 84.209, "Actual Max Startup Time": 84.209, "Actual Min Total Time": 11003.815, "Actual Max Total Time": 11003.815, "Actual Total Rows": 135110, "Inner Unique": false, "Plans": [{"Node Type": "Streaming(type: LOCAL GATHER dop: 1/16)", "Parent Relationship": "Outer", "Startup Cost": 18964.6, "Total Cost": 177359.94, "Plan Rows": 152707, "Plan Width": 42, "Actual Min Startup Time": 84.043, "Actual Max Startup Time": 84.043, "Actual Min Total Time": 749.673, "Actual Max Total Time": 749.673, "Actual Total Rows": 1511024, "Plans": [{"Node Type": "Hash Join", "Parent Relationship": "Outer", "Join Type": "Inner", "Startup Cost": 18964.6, "Total Cost": 174064.21, "Plan Rows": 152707, "Plan Width": 42, "Actual Min Startup Time": 39.442, "Actual Max Startup Time": 45.147, "Actual Min Total Time": 2132.334, "Actual Max Total Time": 2213.238, "Actual Total Rows": 1511024, "Inner Unique": false, "Hash Cond": "(l1.l_suppkey = supplier.s_suppkey), (LLVM Optimized, Jit Execute)", "Plans": [{"Node Type": "Seq Scan", "Parent Relationship": "Outer", "Relation Name": "lineitem", "Alias": "l1", "Startup Cost": 0.0, "Total Cost": 150317.68, "Plan Rows": 19995678, "Plan Width": 16, "Actual Min Startup Time": 0.023, "Actual Max Startup Time": 0.039, "Actual Min Total Time": 1589.34, "Actual Max Total Time": 1658.229, "Actual Total Rows": 37929348, "Filter": "(l_receiptdate > l_commitdate), (LLVM Optimized, Jit Execute)", "Rows Removed by Filter": 22056704}, {"Node Type": "Hash", "Parent Relationship": "Inner", "Startup Cost": 18914.6, "Total Cost": 18914.6, "Plan Rows": 64000, "Plan Width": 34, "Actual Min Startup Time": 39.31, "Actual Max Startup Time": 45.002, "Actual Min Total Time": 39.31, "Actual Max Total Time": 45.002, "Actual Total Rows": 63696, "Max Hash Buckets": 32768, "Min Hash Buckets": 32768, "Max Hash Batches": 1, "Min Hash Batches": 1, "Max Original Hash Batches": 1, "Min Original Hash Batches": 1, "Max Peak Memory Usage": 280, "min Peak Memory Usage": 280, "Plans": [{"Node Type": "Streaming(type: BROADCAST dop: 16/1)", "Parent Relationship": "Outer", "Startup Cost": 95.25, "Total Cost": 18914.6, "Plan Rows": 64000, "Plan Width": 34, "Actual Min Startup Time": 0.023, "Actual Max Startup Time": 0.069, "Actual Min Total Time": 38.317, "Actual Max Total Time": 43.918, "Actual Total Rows": 63696, "Plans": [{"Node Type": "Nested Loop", "Parent Relationship": "Outer", "Join Type": "Inner", "Startup Cost": 95.25, "Total Cost": 2533.35, "Plan Rows": 4000, "Plan Width": 34, "Actual Min Startup Time": 1.203, "Actual Max Startup Time": 1.203, "Actual Min Total Time": 7.534, "Actual Max Total Time": 7.534, "Actual Total Rows": 3981, "Inner Unique": false, "Plans": [{"Node Type": "Seq Scan", "Parent Relationship": "Outer", "Relation Name": "nation", "Alias": "nation", "Startup Cost": 0.0, "Total Cost": 1.31, "Plan Rows": 1, "Plan Width": 4, "Actual Min Startup Time": 0.047, "Actual Max Startup Time": 0.047, "Actual Min Total Time": 0.067, "Actual Max Total Time": 0.067, "Actual Total Rows": 1, "Filter": "(n_name = 'EGYPT'::bpchar)", "Rows Removed by Filter": 24}, {"Node Type": "Bitmap Heap Scan", "Parent Relationship": "Inner", "Relation Name": "supplier", "Alias": "supplier", "Startup Cost": 95.25, "Total Cost": 2492.04, "Plan Rows": 4000, "Plan Width": 38, "Actual Min Startup Time": 1.144, "Actual Max Startup Time": 1.144, "Actual Min Total Time": 6.664, "Actual Max Total Time": 6.664, "Actual Total Rows": 3981, "Recheck Cond": "(s_nationkey = nation.n_nationkey)", "Rows Removed by Index Recheck": 0, "Exact Heap Blocks": 0, "Lossy Heap Blocks": 0, "Plans": [{"Node Type": "Bitmap Index Scan", "Parent Relationship": "Outer", "Index Name": "idx_supplier_nation_key", "Startup Cost": 0.0, "Total Cost": 94.25, "Plan Rows": 4000, "Plan Width": 0, "Actual Min Startup Time": 0.811, "Actual Max Startup Time": 0.811, "Actual Min Total Time": 0.811, "Actual Max Total Time": 0.811, "Actual Total Rows": 3981, "Index Cond": "(s_nationkey = nation.n_nationkey)"}]}]}]}]}]}]}, {"Node Type": "Index Scan", "Parent Relationship": "Inner", "Scan Direction": "Forward", "Index Name": "idx_lineitem_orderkey", "Relation Name": "lineitem", "Alias": "l3", "Startup Cost": 0.0, "Total Cost": 1.63, "Plan Rows": 3, "Plan Width": 16, "Actual Min Startup Time": 9221.901, "Actual Max Startup Time": 9221.901, "Actual Min Total Time": 9221.901, "Actual Max Total Time": 9221.901, "Actual Total Rows": 1375914, "Index Cond": "(l_orderkey = l1.l_orderkey)", "Rows Removed by Index Recheck": 0, "Filter": "((l_receiptdate > l_commitdate) AND (l_suppkey <> l1.l_suppkey))", "Rows Removed by Filter": 1348115}]}, {"Node Type": "Index Scan", "Parent Relationship": "Inner", "Scan Direction": "Forward", "Index Name": "idx_lineitem_orderkey", "Relation Name": "lineitem", "Alias": "l2", "Startup Cost": 0.0, "Total Cost": 1.63, "Plan Rows": 9, "Plan Width": 16, "Actual Min Startup Time": 496.479, "Actual Max Startup Time": 496.479, "Actual Min Total Time": 496.479, "Actual Max Total Time": 496.479, "Actual Total Rows": 80537, "Index Cond": "(l_orderkey = l1.l_orderkey)", "Rows Removed by Index Recheck": 0, "Filter": "(l_suppkey <> l1.l_suppkey)", "Rows Removed by Filter": 85912}]}, {"Node Type": "Index Scan", "Parent Relationship": "Inner", "Scan Direction": "Forward", "Index Name": "orders_pkey", "Relation Name": "orders", "Alias": "orders", "Startup Cost": 0.0, "Total Cost": 0.97, "Plan Rows": 1, "Plan Width": 8, "Actual Min Startup Time": 513.763, "Actual Max Startup Time": 513.763, "Actual Min Total Time": 513.763, "Actual Max Total Time": 513.763, "Actual Total Rows": 39445, "Index Cond": "(o_orderkey = l2.l_orderkey)", "Rows Removed by Index Recheck": 0, "Filter": "(o_orderstatus = 'F'::bpchar)", "Rows Removed by Filter": 41092}]}]}]}]}, "Triggers": [], "Planner Runtime": 13.94, "Total Runtime": 12242.166, "Unique SQL Id": 3870093320}}, "(16, 97)": {"explain_plan": {"Plan": {"Node Type": "Limit", "Startup Cost": 2785833.2, "Total Cost": 2785833.45, "Plan Rows": 100, "Plan Width": 34, "Plans": [{"Node Type": "Sort", "Parent Relationship": "Outer", "Startup Cost": 2785833.2, "Total Cost": 2785856.13, "Plan Rows": 100, "Plan Width": 34, "Sort Key": ["(count(*)) DESC", "supplier.s_name"], "Plans": [{"Node Type": "Aggregate", "Strategy": "Hashed", "Parent Relationship": "Outer", "Startup Cost": 2785390.93, "Total Cost": 2785482.65, "Plan Rows": 9172, "Plan Width": 34, "Group By Key": ["supplier.s_name"], "Plans": [{"Node Type": "Nested Loop", "Parent Relationship": "Outer", "Join Type": "Inner", "Startup Cost": 18975.98, "Total Cost": 2785345.07, "Plan Rows": 9172, "Plan Width": 26, "Inner Unique": true, "Join Filter": "(l1.l_orderkey = orders.o_orderkey)", "Plans": [{"Node Type": "Nested Loop", "Parent Relationship": "Outer", "Join Type": "Semi", "Startup Cost": 18975.98, "Total Cost": 2778244.7, "Plan Rows": 7254, "Plan Width": 42, "Inner Unique": false, "Plans": [{"Node Type": "Nested Loop", "Parent Relationship": "Outer", "Join Type": "Anti", "Startup Cost": 18975.98, "Total Cost": 2776389.13, "Plan Rows": 7635, "Plan Width": 42, "Inner Unique": false, "Plans": [{"Node Type": "Streaming(type: LOCAL GATHER dop: 1/16)", "Parent Relationship": "Outer", "Startup Cost": 18975.98, "Total Cost": 2729201.91, "Plan Rows": 152707, "Plan Width": 42, "Plans": [{"Node Type": "Hash Join", "Parent Relationship": "Outer", "Join Type": "Inner", "Startup Cost": 18975.98, "Total Cost": 2725906.19, "Plan Rows": 152707, "Plan Width": 42, "Inner Unique": false, "Hash Cond": "(l1.l_suppkey = supplier.s_suppkey), (LLVM Optimized)", "Plans": [{"Node Type": "Index Scan", "Parent Relationship": "Outer", "Scan Direction": "Forward", "Index Name": "idx_lineitem_orderkey", "Relation Name": "lineitem", "Alias": "l1", "Startup Cost": 0.0, "Total Cost": 2702148.28, "Plan Rows": 19995678, "Plan Width": 16, "Filter": "(l_receiptdate > l_commitdate), (LLVM Optimized)"}, {"Node Type": "Hash", "Parent Relationship": "Inner", "Startup Cost": 18925.98, "Total Cost": 18925.98, "Plan Rows": 64000, "Plan Width": 34, "Plans": [{"Node Type": "Streaming(type: BROADCAST dop: 16/1)", "Parent Relationship": "Outer", "Startup Cost": 95.25, "Total Cost": 18925.98, "Plan Rows": 64000, "Plan Width": 34, "Plans": [{"Node Type": "Nested Loop", "Parent Relationship": "Outer", "Join Type": "Inner", "Startup Cost": 95.25, "Total Cost": 2544.73, "Plan Rows": 4000, "Plan Width": 34, "Inner Unique": false, "Plans": [{"Node Type": "Index Scan", "Parent Relationship": "Outer", "Scan Direction": "Forward", "Index Name": "nation_pkey", "Relation Name": "nation", "Alias": "nation", "Startup Cost": 0.0, "Total Cost": 12.69, "Plan Rows": 1, "Plan Width": 4, "Filter": "(n_name = 'EGYPT'::bpchar)"}, {"Node Type": "Bitmap Heap Scan", "Parent Relationship": "Inner", "Relation Name": "supplier", "Alias": "supplier", "Startup Cost": 95.25, "Total Cost": 2492.04, "Plan Rows": 4000, "Plan Width": 38, "Recheck Cond": "(s_nationkey = nation.n_nationkey)", "Plans": [{"Node Type": "Bitmap Index Scan", "Parent Relationship": "Outer", "Index Name": "idx_supplier_nation_key", "Startup Cost": 0.0, "Total Cost": 94.25, "Plan Rows": 4000, "Plan Width": 0, "Index Cond": "(s_nationkey = nation.n_nationkey)"}]}]}]}]}]}]}, {"Node Type": "Index Scan", "Parent Relationship": "Inner", "Scan Direction": "Forward", "Index Name": "idx_lineitem_orderkey", "Relation Name": "lineitem", "Alias": "l3", "Startup Cost": 0.0, "Total Cost": 1.63, "Plan Rows": 3, "Plan Width": 16, "Index Cond": "(l_orderkey = l1.l_orderkey)", "Filter": "((l_receiptdate > l_commitdate) AND (l_suppkey <> l1.l_suppkey))"}]}, {"Node Type": "Index Scan", "Parent Relationship": "Inner", "Scan Direction": "Forward", "Index Name": "idx_lineitem_orderkey", "Relation Name": "lineitem", "Alias": "l2", "Startup Cost": 0.0, "Total Cost": 1.63, "Plan Rows": 9, "Plan Width": 16, "Index Cond": "(l_orderkey = l1.l_orderkey)", "Filter": "(l_suppkey <> l1.l_suppkey)"}]}, {"Node Type": "Index Scan", "Parent Relationship": "Inner", "Scan Direction": "Forward", "Index Name": "orders_pkey", "Relation Name": "orders", "Alias": "orders", "Startup Cost": 0.0, "Total Cost": 0.97, "Plan Rows": 1, "Plan Width": 8, "Index Cond": "(o_orderkey = l2.l_orderkey)", "Filter": "(o_orderstatus = 'F'::bpchar)"}]}]}]}]}, "Unique SQL Id": 3870093320}, "explain_analyze_plan": {"Plan": {"Node Type": "Limit", "Startup Cost": 2785833.2, "Total Cost": 2785833.45, "Plan Rows": 100, "Plan Width": 34, "Actual Min Startup Time": 13764.738, "Actual Max Startup Time": 13764.738, "Actual Min Total Time": 13764.757, "Actual Max Total Time": 13764.757, "Actual Total Rows": 100, "Plans": [{"Node Type": "Sort", "Parent Relationship": "Outer", "Startup Cost": 2785833.2, "Total Cost": 2785856.13, "Plan Rows": 100, "Plan Width": 34, "Actual Min Startup Time": 13764.736, "Actual Max Startup Time": 13764.736, "Actual Min Total Time": 13764.743, "Actual Max Total Time": 13764.743, "Actual Total Rows": 100, "Sort Key": ["(count(*)) DESC", "supplier.s_name"], "Sort Method": "top-N heapsort", "Sort Space Min Used": 41, "Sort Space Max Used": 41, "Sort Space Type": "Memory", "Plans": [{"Node Type": "Aggregate", "Strategy": "Hashed", "Parent Relationship": "Outer", "Startup Cost": 2785390.93, "Total Cost": 2785482.65, "Plan Rows": 9172, "Plan Width": 34, "Actual Min Startup Time": 13761.425, "Actual Max Startup Time": 13761.425, "Actual Min Total Time": 13762.64, "Actual Max Total Time": 13762.64, "Actual Total Rows": 3981, "Group By Key": ["supplier.s_name"], "Plans": [{"Node Type": "Nested Loop", "Parent Relationship": "Outer", "Join Type": "Inner", "Startup Cost": 18975.98, "Total Cost": 2785345.07, "Plan Rows": 9172, "Plan Width": 26, "Actual Min Startup Time": 917.898, "Actual Max Startup Time": 917.898, "Actual Min Total Time": 13711.073, "Actual Max Total Time": 13711.073, "Actual Total Rows": 39445, "Inner Unique": true, "Join Filter": "(l1.l_orderkey = orders.o_orderkey)", "Rows Removed by Join Filter": 0, "Plans": [{"Node Type": "Nested Loop", "Parent Relationship": "Outer", "Join Type": "Semi", "Startup Cost": 18975.98, "Total Cost": 2778244.7, "Plan Rows": 7254, "Plan Width": 42, "Actual Min Startup Time": 917.632, "Actual Max Startup Time": 917.632, "Actual Min Total Time": 13105.313, "Actual Max Total Time": 13105.313, "Actual Total Rows": 80537, "Inner Unique": false, "Plans": [{"Node Type": "Nested Loop", "Parent Relationship": "Outer", "Join Type": "Anti", "Startup Cost": 18975.98, "Total Cost": 2776389.13, "Plan Rows": 7635, "Plan Width": 42, "Actual Min Startup Time": 917.613, "Actual Max Startup Time": 917.613, "Actual Min Total Time": 12509.033, "Actual Max Total Time": 12509.033, "Actual Total Rows": 135110, "Inner Unique": false, "Plans": [{"Node Type": "Streaming(type: LOCAL GATHER dop: 1/16)", "Parent Relationship": "Outer", "Startup Cost": 18975.98, "Total Cost": 2729201.91, "Plan Rows": 152707, "Plan Width": 42, "Actual Min Startup Time": 917.55, "Actual Max Startup Time": 917.55, "Actual Min Total Time": 1686.927, "Actual Max Total Time": 1686.927, "Actual Total Rows": 1511024, "Plans": [{"Node Type": "Hash Join", "Parent Relationship": "Outer", "Join Type": "Inner", "Startup Cost": 18975.98, "Total Cost": 2725906.19, "Plan Rows": 152707, "Plan Width": 42, "Actual Min Startup Time": 836.153, "Actual Max Startup Time": 859.668, "Actual Min Total Time": 3988.911, "Actual Max Total Time": 4372.024, "Actual Total Rows": 1511024, "Inner Unique": false, "Hash Cond": "(l1.l_suppkey = supplier.s_suppkey), (LLVM Optimized, Jit Execute)", "Plans": [{"Node Type": "Index Scan", "Parent Relationship": "Outer", "Scan Direction": "Forward", "Index Name": "idx_lineitem_orderkey", "Relation Name": "lineitem", "Alias": "l1", "Startup Cost": 0.0, "Total Cost": 2702148.28, "Plan Rows": 19995678, "Plan Width": 16, "Actual Min Startup Time": 780.017, "Actual Max Startup Time": 780.159, "Actual Min Total Time": 3389.52, "Actual Max Total Time": 3791.658, "Actual Total Rows": 37929348, "Filter": "(l_receiptdate > l_commitdate), (LLVM Optimized, Jit Execute)", "Rows Removed by Filter": 22056704}, {"Node Type": "Hash", "Parent Relationship": "Inner", "Startup Cost": 18925.98, "Total Cost": 18925.98, "Plan Rows": 64000, "Plan Width": 34, "Actual Min Startup Time": 56.016, "Actual Max Startup Time": 79.435, "Actual Min Total Time": 56.016, "Actual Max Total Time": 79.435, "Actual Total Rows": 63696, "Max Hash Buckets": 32768, "Min Hash Buckets": 32768, "Max Hash Batches": 1, "Min Hash Batches": 1, "Max Original Hash Batches": 1, "Min Original Hash Batches": 1, "Max Peak Memory Usage": 280, "min Peak Memory Usage": 280, "Plans": [{"Node Type": "Streaming(type: BROADCAST dop: 16/1)", "Parent Relationship": "Outer", "Startup Cost": 95.25, "Total Cost": 18925.98, "Plan Rows": 64000, "Plan Width": 34, "Actual Min Startup Time": 0.042, "Actual Max Startup Time": 0.079, "Actual Min Total Time": 54.796, "Actual Max Total Time": 77.96, "Actual Total Rows": 63696, "Plans": [{"Node Type": "Nested Loop", "Parent Relationship": "Outer", "Join Type": "Inner", "Startup Cost": 95.25, "Total Cost": 2544.73, "Plan Rows": 4000, "Plan Width": 34, "Actual Min Startup Time": 1.239, "Actual Max Startup Time": 1.239, "Actual Min Total Time": 10.075, "Actual Max Total Time": 10.075, "Actual Total Rows": 3981, "Inner Unique": false, "Plans": [{"Node Type": "Index Scan", "Parent Relationship": "Outer", "Scan Direction": "Forward", "Index Name": "nation_pkey", "Relation Name": "nation", "Alias": "nation", "Startup Cost": 0.0, "Total Cost": 12.69, "Plan Rows": 1, "Plan Width": 4, "Actual Min Startup Time": 0.043, "Actual Max Startup Time": 0.043, "Actual Min Total Time": 0.067, "Actual Max Total Time": 0.067, "Actual Total Rows": 1, "Filter": "(n_name = 'EGYPT'::bpchar)", "Rows Removed by Filter": 24}, {"Node Type": "Bitmap Heap Scan", "Parent Relationship": "Inner", "Relation Name": "supplier", "Alias": "supplier", "Startup Cost": 95.25, "Total Cost": 2492.04, "Plan Rows": 4000, "Plan Width": 38, "Actual Min Startup Time": 1.189, "Actual Max Startup Time": 1.189, "Actual Min Total Time": 9.235, "Actual Max Total Time": 9.235, "Actual Total Rows": 3981, "Recheck Cond": "(s_nationkey = nation.n_nationkey)", "Rows Removed by Index Recheck": 0, "Exact Heap Blocks": 0, "Lossy Heap Blocks": 0, "Plans": [{"Node Type": "Bitmap Index Scan", "Parent Relationship": "Outer", "Index Name": "idx_supplier_nation_key", "Startup Cost": 0.0, "Total Cost": 94.25, "Plan Rows": 4000, "Plan Width": 0, "Actual Min Startup Time": 0.876, "Actual Max Startup Time": 0.876, "Actual Min Total Time": 0.876, "Actual Max Total Time": 0.876, "Actual Total Rows": 3981, "Index Cond": "(s_nationkey = nation.n_nationkey)"}]}]}]}]}]}]}, {"Node Type": "Index Scan", "Parent Relationship": "Inner", "Scan Direction": "Forward", "Index Name": "idx_lineitem_orderkey", "Relation Name": "lineitem", "Alias": "l3", "Startup Cost": 0.0, "Total Cost": 1.63, "Plan Rows": 3, "Plan Width": 16, "Actual Min Startup Time": 9803.763, "Actual Max Startup Time": 9803.763, "Actual Min Total Time": 9803.763, "Actual Max Total Time": 9803.763, "Actual Total Rows": 1375914, "Index Cond": "(l_orderkey = l1.l_orderkey)", "Rows Removed by Index Recheck": 0, "Filter": "((l_receiptdate > l_commitdate) AND (l_suppkey <> l1.l_suppkey))", "Rows Removed by Filter": 1348115}]}, {"Node Type": "Index Scan", "Parent Relationship": "Inner", "Scan Direction": "Forward", "Index Name": "idx_lineitem_orderkey", "Relation Name": "lineitem", "Alias": "l2", "Startup Cost": 0.0, "Total Cost": 1.63, "Plan Rows": 9, "Plan Width": 16, "Actual Min Startup Time": 498.159, "Actual Max Startup Time": 498.159, "Actual Min Total Time": 498.159, "Actual Max Total Time": 498.159, "Actual Total Rows": 80537, "Index Cond": "(l_orderkey = l1.l_orderkey)", "Rows Removed by Index Recheck": 0, "Filter": "(l_suppkey <> l1.l_suppkey)", "Rows Removed by Filter": 85912}]}, {"Node Type": "Index Scan", "Parent Relationship": "Inner", "Scan Direction": "Forward", "Index Name": "orders_pkey", "Relation Name": "orders", "Alias": "orders", "Startup Cost": 0.0, "Total Cost": 0.97, "Plan Rows": 1, "Plan Width": 8, "Actual Min Startup Time": 540.279, "Actual Max Startup Time": 540.279, "Actual Min Total Time": 540.279, "Actual Max Total Time": 540.279, "Actual Total Rows": 39445, "Index Cond": "(o_orderkey = l2.l_orderkey)", "Rows Removed by Index Recheck": 0, "Filter": "(o_orderstatus = 'F'::bpchar)", "Rows Removed by Filter": 41092}]}]}]}]}, "Triggers": [], "Planner Runtime": 12.499, "Total Runtime": 13777.942, "Unique SQL Id": 3870093320}}, "(16, 98)": {"explain_plan": {"Plan": {"Node Type": "Limit", "Startup Cost": 486140.51, "Total Cost": 486140.76, "Plan Rows": 100, "Plan Width": 34, "Plans": [{"Node Type": "Sort", "Parent Relationship": "Outer", "Startup Cost": 486140.51, "Total Cost": 486163.44, "Plan Rows": 100, "Plan Width": 34, "Sort Key": ["(count(*)) DESC", "supplier.s_name"], "Plans": [{"Node Type": "Aggregate", "Strategy": "Hashed", "Parent Relationship": "Outer", "Startup Cost": 485698.24, "Total Cost": 485789.96, "Plan Rows": 9172, "Plan Width": 34, "Group By Key": ["supplier.s_name"], "Plans": [{"Node Type": "Nested Loop", "Parent Relationship": "Outer", "Join Type": "Inner", "Startup Cost": 189763.55, "Total Cost": 485652.38, "Plan Rows": 9172, "Plan Width": 26, "Inner Unique": true, "Join Filter": "(l1.l_orderkey = orders.o_orderkey)", "Plans": [{"Node Type": "Nested Loop", "Parent Relationship": "Outer", "Join Type": "Semi", "Startup Cost": 189762.95, "Total Cost": 452091.62, "Plan Rows": 7254, "Plan Width": 42, "Inner Unique": false, "Plans": [{"Node Type": "Streaming(type: LOCAL GATHER dop: 1/16)", "Parent Relationship": "Outer", "Startup Cost": 189762.13, "Total Cost": 436913.07, "Plan Rows": 7635, "Plan Width": 42, "Plans": [{"Node Type": "Hash Join", "Parent Relationship": "Outer", "Join Type": "Right Anti", "Startup Cost": 189762.13, "Total Cost": 436748.29, "Plan Rows": 7635, "Plan Width": 42, "Inner Unique": false, "Hash Cond": "(l3.l_orderkey = l1.l_orderkey)", "Join Filter": "(l3.l_suppkey <> l1.l_suppkey)", "Plans": [{"Node Type": "Streaming(type: LOCAL REDISTRIBUTE dop: 16/16)", "Parent Relationship": "Outer", "Startup Cost": 0.0, "Total Cost": 241082.56, "Plan Rows": 19995678, "Plan Width": 16, "Plans": [{"Node Type": "Seq Scan", "Parent Relationship": "Outer", "Relation Name": "lineitem", "Alias": "l3", "Startup Cost": 0.0, "Total Cost": 150317.68, "Plan Rows": 19995678, "Plan Width": 16, "Filter": "(l_receiptdate > l_commitdate), (LLVM Optimized)"}]}, {"Node Type": "Hash", "Parent Relationship": "Inner", "Startup Cost": 189642.83, "Total Cost": 189642.83, "Plan Rows": 152707, "Plan Width": 42, "Plans": [{"Node Type": "Streaming(type: LOCAL REDISTRIBUTE dop: 16/16)", "Parent Relationship": "Outer", "Startup Cost": 18964.6, "Total Cost": 189642.83, "Plan Rows": 152707, "Plan Width": 42, "Plans": [{"Node Type": "Hash Join", "Parent Relationship": "Outer", "Join Type": "Inner", "Startup Cost": 18964.6, "Total Cost": 174064.21, "Plan Rows": 152707, "Plan Width": 42, "Inner Unique": false, "Hash Cond": "(l1.l_suppkey = supplier.s_suppkey), (LLVM Optimized)", "Plans": [{"Node Type": "Seq Scan", "Parent Relationship": "Outer", "Relation Name": "lineitem", "Alias": "l1", "Startup Cost": 0.0, "Total Cost": 150317.68, "Plan Rows": 19995678, "Plan Width": 16, "Filter": "(l_receiptdate > l_commitdate), (LLVM Optimized)"}, {"Node Type": "Hash", "Parent Relationship": "Inner", "Startup Cost": 18914.6, "Total Cost": 18914.6, "Plan Rows": 64000, "Plan Width": 34, "Plans": [{"Node Type": "Streaming(type: BROADCAST dop: 16/1)", "Parent Relationship": "Outer", "Startup Cost": 95.25, "Total Cost": 18914.6, "Plan Rows": 64000, "Plan Width": 34, "Plans": [{"Node Type": "Nested Loop", "Parent Relationship": "Outer", "Join Type": "Inner", "Startup Cost": 95.25, "Total Cost": 2533.35, "Plan Rows": 4000, "Plan Width": 34, "Inner Unique": false, "Plans": [{"Node Type": "Seq Scan", "Parent Relationship": "Outer", "Relation Name": "nation", "Alias": "nation", "Startup Cost": 0.0, "Total Cost": 1.31, "Plan Rows": 1, "Plan Width": 4, "Filter": "(n_name = 'EGYPT'::bpchar)"}, {"Node Type": "Bitmap Heap Scan", "Parent Relationship": "Inner", "Relation Name": "supplier", "Alias": "supplier", "Startup Cost": 95.25, "Total Cost": 2492.04, "Plan Rows": 4000, "Plan Width": 38, "Recheck Cond": "(s_nationkey = nation.n_nationkey)", "Plans": [{"Node Type": "Bitmap Index Scan", "Parent Relationship": "Outer", "Index Name": "idx_supplier_nation_key", "Startup Cost": 0.0, "Total Cost": 94.25, "Plan Rows": 4000, "Plan Width": 0, "Index Cond": "(s_nationkey = nation.n_nationkey)"}]}]}]}]}]}]}]}]}]}, {"Node Type": "Bitmap Heap Scan", "Parent Relationship": "Inner", "Relation Name": "lineitem", "Alias": "l2", "Startup Cost": 0.82, "Total Cost": 8.95, "Plan Rows": 9, "Plan Width": 16, "Recheck Cond": "(l_orderkey = l1.l_orderkey)", "Filter": "(l_suppkey <> l1.l_suppkey)", "Plans": [{"Node Type": "Bitmap Index Scan", "Parent Relationship": "Outer", "Index Name": "idx_lineitem_orderkey", "Startup Cost": 0.0, "Total Cost": 0.82, "Plan Rows": 9, "Plan Width": 0, "Index Cond": "(l_orderkey = l1.l_orderkey)"}]}]}, {"Node Type": "Bitmap Heap Scan", "Parent Relationship": "Inner", "Relation Name": "orders", "Alias": "orders", "Startup Cost": 0.6, "Total Cost": 4.61, "Plan Rows": 1, "Plan Width": 8, "Recheck Cond": "(o_orderkey = l2.l_orderkey)", "Filter": "(o_orderstatus = 'F'::bpchar)", "Plans": [{"Node Type": "Bitmap Index Scan", "Parent Relationship": "Outer", "Index Name": "orders_pkey", "Startup Cost": 0.0, "Total Cost": 0.6, "Plan Rows": 1, "Plan Width": 0, "Index Cond": "(o_orderkey = l2.l_orderkey)"}]}]}]}]}]}, "Unique SQL Id": 3870093320}, "explain_analyze_plan": {"Plan": {"Node Type": "Limit", "Startup Cost": 486140.51, "Total Cost": 486140.76, "Plan Rows": 100, "Plan Width": 34, "Actual Min Startup Time": 11240.864, "Actual Max Startup Time": 11240.864, "Actual Min Total Time": 11240.88, "Actual Max Total Time": 11240.88, "Actual Total Rows": 100, "Plans": [{"Node Type": "Sort", "Parent Relationship": "Outer", "Startup Cost": 486140.51, "Total Cost": 486163.44, "Plan Rows": 100, "Plan Width": 34, "Actual Min Startup Time": 11240.861, "Actual Max Startup Time": 11240.861, "Actual Min Total Time": 11240.867, "Actual Max Total Time": 11240.867, "Actual Total Rows": 100, "Sort Key": ["(count(*)) DESC", "supplier.s_name"], "Sort Method": "top-N heapsort", "Sort Space Min Used": 41, "Sort Space Max Used": 41, "Sort Space Type": "Memory", "Plans": [{"Node Type": "Aggregate", "Strategy": "Hashed", "Parent Relationship": "Outer", "Startup Cost": 485698.24, "Total Cost": 485789.96, "Plan Rows": 9172, "Plan Width": 34, "Actual Min Startup Time": 11237.401, "Actual Max Startup Time": 11237.401, "Actual Min Total Time": 11238.769, "Actual Max Total Time": 11238.769, "Actual Total Rows": 3981, "Group By Key": ["supplier.s_name"], "Plans": [{"Node Type": "Nested Loop", "Parent Relationship": "Outer", "Join Type": "Inner", "Startup Cost": 189763.55, "Total Cost": 485652.38, "Plan Rows": 9172, "Plan Width": 26, "Actual Min Startup Time": 8590.269, "Actual Max Startup Time": 8590.269, "Actual Min Total Time": 11197.681, "Actual Max Total Time": 11197.681, "Actual Total Rows": 39445, "Inner Unique": true, "Join Filter": "(l1.l_orderkey = orders.o_orderkey)", "Rows Removed by Join Filter": 0, "Plans": [{"Node Type": "Nested Loop", "Parent Relationship": "Outer", "Join Type": "Semi", "Startup Cost": 189762.95, "Total Cost": 452091.62, "Plan Rows": 7254, "Plan Width": 42, "Actual Min Startup Time": 8590.209, "Actual Max Startup Time": 8590.209, "Actual Min Total Time": 10305.578, "Actual Max Total Time": 10305.578, "Actual Total Rows": 80537, "Inner Unique": false, "Plans": [{"Node Type": "Streaming(type: LOCAL GATHER dop: 1/16)", "Parent Relationship": "Outer", "Startup Cost": 189762.13, "Total Cost": 436913.07, "Plan Rows": 7635, "Plan Width": 42, "Actual Min Startup Time": 8590.108, "Actual Max Startup Time": 8590.108, "Actual Min Total Time": 8662.465, "Actual Max Total Time": 8662.465, "Actual Total Rows": 135110, "Plans": [{"Node Type": "Hash Join", "Parent Relationship": "Outer", "Join Type": "Right Anti", "Startup Cost": 189762.13, "Total Cost": 436748.29, "Plan Rows": 7635, "Plan Width": 42, "Actual Min Startup Time": 8445.861, "Actual Max Startup Time": 8466.538, "Actual Min Total Time": 8449.069, "Actual Max Total Time": 8468.683, "Actual Total Rows": 135110, "Inner Unique": false, "Hash Cond": "(l3.l_orderkey = l1.l_orderkey)", "Join Filter": "(l3.l_suppkey <> l1.l_suppkey)", "Rows Removed by Join Filter": 548525, "Plans": [{"Node Type": "Streaming(type: LOCAL REDISTRIBUTE dop: 16/16)", "Parent Relationship": "Outer", "Startup Cost": 0.0, "Total Cost": 241082.56, "Plan Rows": 19995678, "Plan Width": 16, "Actual Min Startup Time": 0.066, "Actual Max Startup Time": 0.722, "Actual Min Total Time": 4955.966, "Actual Max Total Time": 5250.864, "Actual Total Rows": 37929348, "Plans": [{"Node Type": "Seq Scan", "Parent Relationship": "Outer", "Relation Name": "lineitem", "Alias": "l3", "Startup Cost": 0.0, "Total Cost": 150317.68, "Plan Rows": 19995678, "Plan Width": 16, "Actual Min Startup Time": 0.025, "Actual Max Startup Time": 0.071, "Actual Min Total Time": 1694.545, "Actual Max Total Time": 1785.562, "Actual Total Rows": 37929348, "Filter": "(l_receiptdate > l_commitdate), (LLVM Optimized, Jit Execute)", "Rows Removed by Filter": 22056704}]}, {"Node Type": "Hash", "Parent Relationship": "Inner", "Startup Cost": 189642.83, "Total Cost": 189642.83, "Plan Rows": 152707, "Plan Width": 42, "Actual Min Startup Time": 2634.573, "Actual Max Startup Time": 2655.314, "Actual Min Total Time": 2634.573, "Actual Max Total Time": 2655.314, "Actual Total Rows": 1511024, "Max Hash Buckets": 32768, "Min Hash Buckets": 32768, "Max Hash Batches": 1, "Min Hash Batches": 1, "Max Original Hash Batches": 1, "Min Original Hash Batches": 1, "Max Peak Memory Usage": 7375, "min Peak Memory Usage": 7375, "Plans": [{"Node Type": "Streaming(type: LOCAL REDISTRIBUTE dop: 16/16)", "Parent Relationship": "Outer", "Startup Cost": 18964.6, "Total Cost": 189642.83, "Plan Rows": 152707, "Plan Width": 42, "Actual Min Startup Time": 141.431, "Actual Max Startup Time": 165.14, "Actual Min Total Time": 2584.986, "Actual Max Total Time": 2630.417, "Actual Total Rows": 1511024, "Plans": [{"Node Type": "Hash Join", "Parent Relationship": "Outer", "Join Type": "Inner", "Startup Cost": 18964.6, "Total Cost": 174064.21, "Plan Rows": 152707, "Plan Width": 42, "Actual Min Startup Time": 55.875, "Actual Max Startup Time": 173.167, "Actual Min Total Time": 2287.562, "Actual Max Total Time": 2444.859, "Actual Total Rows": 1511024, "Inner Unique": false, "Hash Cond": "(l1.l_suppkey = supplier.s_suppkey), (LLVM Optimized, Jit Execute)", "Plans": [{"Node Type": "Seq Scan", "Parent Relationship": "Outer", "Relation Name": "lineitem", "Alias": "l1", "Startup Cost": 0.0, "Total Cost": 150317.68, "Plan Rows": 19995678, "Plan Width": 16, "Actual Min Startup Time": 0.025, "Actual Max Startup Time": 0.044, "Actual Min Total Time": 1692.272, "Actual Max Total Time": 1818.782, "Actual Total Rows": 37929348, "Filter": "(l_receiptdate > l_commitdate), (LLVM Optimized, Jit Execute)", "Rows Removed by Filter": 22056704}, {"Node Type": "Hash", "Parent Relationship": "Inner", "Startup Cost": 18914.6, "Total Cost": 18914.6, "Plan Rows": 64000, "Plan Width": 34, "Actual Min Startup Time": 55.738, "Actual Max Startup Time": 172.992, "Actual Min Total Time": 55.738, "Actual Max Total Time": 172.992, "Actual Total Rows": 63696, "Max Hash Buckets": 32768, "Min Hash Buckets": 32768, "Max Hash Batches": 1, "Min Hash Batches": 1, "Max Original Hash Batches": 1, "Min Original Hash Batches": 1, "Max Peak Memory Usage": 280, "min Peak Memory Usage": 280, "Plans": [{"Node Type": "Streaming(type: BROADCAST dop: 16/1)", "Parent Relationship": "Outer", "Startup Cost": 95.25, "Total Cost": 18914.6, "Plan Rows": 64000, "Plan Width": 34, "Actual Min Startup Time": 0.032, "Actual Max Startup Time": 0.08, "Actual Min Total Time": 54.443, "Actual Max Total Time": 171.515, "Actual Total Rows": 63696, "Plans": [{"Node Type": "Nested Loop", "Parent Relationship": "Outer", "Join Type": "Inner", "Startup Cost": 95.25, "Total Cost": 2533.35, "Plan Rows": 4000, "Plan Width": 34, "Actual Min Startup Time": 1.18, "Actual Max Startup Time": 1.18, "Actual Min Total Time": 10.071, "Actual Max Total Time": 10.071, "Actual Total Rows": 3981, "Inner Unique": false, "Plans": [{"Node Type": "Seq Scan", "Parent Relationship": "Outer", "Relation Name": "nation", "Alias": "nation", "Startup Cost": 0.0, "Total Cost": 1.31, "Plan Rows": 1, "Plan Width": 4, "Actual Min Startup Time": 0.036, "Actual Max Startup Time": 0.036, "Actual Min Total Time": 0.057, "Actual Max Total Time": 0.057, "Actual Total Rows": 1, "Filter": "(n_name = 'EGYPT'::bpchar)", "Rows Removed by Filter": 24}, {"Node Type": "Bitmap Heap Scan", "Parent Relationship": "Inner", "Relation Name": "supplier", "Alias": "supplier", "Startup Cost": 95.25, "Total Cost": 2492.04, "Plan Rows": 4000, "Plan Width": 38, "Actual Min Startup Time": 1.135, "Actual Max Startup Time": 1.135, "Actual Min Total Time": 9.171, "Actual Max Total Time": 9.171, "Actual Total Rows": 3981, "Recheck Cond": "(s_nationkey = nation.n_nationkey)", "Rows Removed by Index Recheck": 0, "Exact Heap Blocks": 0, "Lossy Heap Blocks": 0, "Plans": [{"Node Type": "Bitmap Index Scan", "Parent Relationship": "Outer", "Index Name": "idx_supplier_nation_key", "Startup Cost": 0.0, "Total Cost": 94.25, "Plan Rows": 4000, "Plan Width": 0, "Actual Min Startup Time": 0.824, "Actual Max Startup Time": 0.824, "Actual Min Total Time": 0.824, "Actual Max Total Time": 0.824, "Actual Total Rows": 3981, "Index Cond": "(s_nationkey = nation.n_nationkey)"}]}]}]}]}]}]}]}]}]}, {"Node Type": "Bitmap Heap Scan", "Parent Relationship": "Inner", "Relation Name": "lineitem", "Alias": "l2", "Startup Cost": 0.82, "Total Cost": 8.95, "Plan Rows": 9, "Plan Width": 16, "Actual Min Startup Time": 1463.89, "Actual Max Startup Time": 1463.89, "Actual Min Total Time": 1463.89, "Actual Max Total Time": 1463.89, "Actual Total Rows": 80537, "Recheck Cond": "(l_orderkey = l1.l_orderkey)", "Rows Removed by Index Recheck": 0, "Filter": "(l_suppkey <> l1.l_suppkey)", "Rows Removed by Filter": 85912, "Exact Heap Blocks": 135868, "Lossy Heap Blocks": 135868, "Plans": [{"Node Type": "Bitmap Index Scan", "Parent Relationship": "Outer", "Index Name": "idx_lineitem_orderkey", "Startup Cost": 0.0, "Total Cost": 0.82, "Plan Rows": 9, "Plan Width": 0, "Actual Min Startup Time": 913.992, "Actual Max Startup Time": 913.992, "Actual Min Total Time": 913.992, "Actual Max Total Time": 913.992, "Actual Total Rows": 287712, "Index Cond": "(l_orderkey = l1.l_orderkey)"}]}]}, {"Node Type": "Bitmap Heap Scan", "Parent Relationship": "Inner", "Relation Name": "orders", "Alias": "orders", "Startup Cost": 0.6, "Total Cost": 4.61, "Plan Rows": 1, "Plan Width": 8, "Actual Min Startup Time": 790.443, "Actual Max Startup Time": 790.443, "Actual Min Total Time": 790.443, "Actual Max Total Time": 790.443, "Actual Total Rows": 39445, "Recheck Cond": "(o_orderkey = l2.l_orderkey)", "Rows Removed by Index Recheck": 0, "Filter": "(o_orderstatus = 'F'::bpchar)", "Rows Removed by Filter": 41092, "Exact Heap Blocks": 80537, "Lossy Heap Blocks": 80537, "Plans": [{"Node Type": "Bitmap Index Scan", "Parent Relationship": "Outer", "Index Name": "orders_pkey", "Startup Cost": 0.0, "Total Cost": 0.6, "Plan Rows": 1, "Plan Width": 0, "Actual Min Startup Time": 483.093, "Actual Max Startup Time": 483.093, "Actual Min Total Time": 483.093, "Actual Max Total Time": 483.093, "Actual Total Rows": 80537, "Index Cond": "(o_orderkey = l2.l_orderkey)"}]}]}]}]}]}, "Triggers": [], "Planner Runtime": 15.989, "Total Runtime": 11264.77, "Unique SQL Id": 3870093320}}, "(16, 99)": {"explain_plan": {"Plan": {"Node Type": "Limit", "Startup Cost": 3882163.35, "Total Cost": 3882163.6, "Plan Rows": 100, "Plan Width": 34, "Plans": [{"Node Type": "Sort", "Parent Relationship": "Outer", "Startup Cost": 3882163.35, "Total Cost": 3882186.28, "Plan Rows": 100, "Plan Width": 34, "Sort Key": ["(count(*)) DESC", "supplier.s_name"], "Plans": [{"Node Type": "Aggregate", "Strategy": "Hashed", "Parent Relationship": "Outer", "Startup Cost": 3881721.08, "Total Cost": 3881812.8, "Plan Rows": 9172, "Plan Width": 34, "Group By Key": ["supplier.s_name"], "Plans": [{"Node Type": "Nested Loop", "Parent Relationship": "Outer", "Join Type": "Inner", "Startup Cost": 1232631.31, "Total Cost": 3881675.22, "Plan Rows": 9172, "Plan Width": 26, "Inner Unique": true, "Join Filter": "(l1.l_orderkey = orders.o_orderkey)", "Plans": [{"Node Type": "Nested Loop", "Parent Relationship": "Outer", "Join Type": "Semi", "Startup Cost": 1232630.71, "Total Cost": 3848114.46, "Plan Rows": 7254, "Plan Width": 42, "Inner Unique": false, "Plans": [{"Node Type": "Nested Loop", "Parent Relationship": "Outer", "Join Type": "Anti", "Startup Cost": 1232629.88, "Total Cost": 3832935.91, "Plan Rows": 7635, "Plan Width": 42, "Inner Unique": false, "Plans": [{"Node Type": "Hash Join", "Parent Relationship": "Outer", "Join Type": "Inner", "Startup Cost": 1232629.06, "Total Cost": 3474222.84, "Plan Rows": 152707, "Plan Width": 42, "Inner Unique": false, "Hash Cond": "(l1.l_suppkey = supplier.s_suppkey), (LLVM Optimized)", "Plans": [{"Node Type": "Bitmap Heap Scan", "Parent Relationship": "Outer", "Relation Name": "lineitem", "Alias": "l1", "Startup Cost": 1230034.33, "Total Cost": 3395117.25, "Plan Rows": 19995678, "Plan Width": 16, "Filter": "(l_receiptdate > l_commitdate), (LLVM Optimized)", "Plans": [{"Node Type": "Bitmap Index Scan", "Parent Relationship": "Outer", "Index Name": "idx_lineitem_orderkey", "Startup Cost": 0.0, "Total Cost": 1225035.42, "Plan Rows": 59987033, "Plan Width": 0}]}, {"Node Type": "Hash", "Parent Relationship": "Inner", "Startup Cost": 2544.73, "Total Cost": 2544.73, "Plan Rows": 4000, "Plan Width": 34, "Plans": [{"Node Type": "Nested Loop", "Parent Relationship": "Outer", "Join Type": "Inner", "Startup Cost": 103.63, "Total Cost": 2544.73, "Plan Rows": 4000, "Plan Width": 34, "Inner Unique": false, "Plans": [{"Node Type": "Bitmap Heap Scan", "Parent Relationship": "Outer", "Relation Name": "nation", "Alias": "nation", "Startup Cost": 8.38, "Total Cost": 12.69, "Plan Rows": 1, "Plan Width": 4, "Filter": "(n_name = 'EGYPT'::bpchar)", "Plans": [{"Node Type": "Bitmap Index Scan", "Parent Relationship": "Outer", "Index Name": "nation_pkey", "Startup Cost": 0.0, "Total Cost": 8.38, "Plan Rows": 25, "Plan Width": 0}]}, {"Node Type": "Bitmap Heap Scan", "Parent Relationship": "Inner", "Relation Name": "supplier", "Alias": "supplier", "Startup Cost": 95.25, "Total Cost": 2492.04, "Plan Rows": 4000, "Plan Width": 38, "Recheck Cond": "(s_nationkey = nation.n_nationkey)", "Plans": [{"Node Type": "Bitmap Index Scan", "Parent Relationship": "Outer", "Index Name": "idx_supplier_nation_key", "Startup Cost": 0.0, "Total Cost": 94.25, "Plan Rows": 4000, "Plan Width": 0, "Index Cond": "(s_nationkey = nation.n_nationkey)"}]}]}]}]}, {"Node Type": "Bitmap Heap Scan", "Parent Relationship": "Inner", "Relation Name": "lineitem", "Alias": "l3", "Startup Cost": 0.82, "Total Cost": 8.97, "Plan Rows": 3, "Plan Width": 16, "Recheck Cond": "(l_orderkey = l1.l_orderkey)", "Filter": "((l_receiptdate > l_commitdate) AND (l_suppkey <> l1.l_suppkey))", "Plans": [{"Node Type": "Bitmap Index Scan", "Parent Relationship": "Outer", "Index Name": "idx_lineitem_orderkey", "Startup Cost": 0.0, "Total Cost": 0.82, "Plan Rows": 9, "Plan Width": 0, "Index Cond": "(l_orderkey = l1.l_orderkey)"}]}]}, {"Node Type": "Bitmap Heap Scan", "Parent Relationship": "Inner", "Relation Name": "lineitem", "Alias": "l2", "Startup Cost": 0.82, "Total Cost": 8.95, "Plan Rows": 9, "Plan Width": 16, "Recheck Cond": "(l_orderkey = l1.l_orderkey)", "Filter": "(l_suppkey <> l1.l_suppkey)", "Plans": [{"Node Type": "Bitmap Index Scan", "Parent Relationship": "Outer", "Index Name": "idx_lineitem_orderkey", "Startup Cost": 0.0, "Total Cost": 0.82, "Plan Rows": 9, "Plan Width": 0, "Index Cond": "(l_orderkey = l1.l_orderkey)"}]}]}, {"Node Type": "Bitmap Heap Scan", "Parent Relationship": "Inner", "Relation Name": "orders", "Alias": "orders", "Startup Cost": 0.6, "Total Cost": 4.61, "Plan Rows": 1, "Plan Width": 8, "Recheck Cond": "(o_orderkey = l2.l_orderkey)", "Filter": "(o_orderstatus = 'F'::bpchar)", "Plans": [{"Node Type": "Bitmap Index Scan", "Parent Relationship": "Outer", "Index Name": "orders_pkey", "Startup Cost": 0.0, "Total Cost": 0.6, "Plan Rows": 1, "Plan Width": 0, "Index Cond": "(o_orderkey = l2.l_orderkey)"}]}]}]}]}]}, "Unique SQL Id": 3870093320}, "explain_analyze_plan": null}, "(16, 100)": {"explain_plan": {"Plan": {"Node Type": "Limit", "Startup Cost": 233991.22, "Total Cost": 233991.47, "Plan Rows": 100, "Plan Width": 34, "Plans": [{"Node Type": "Sort", "Parent Relationship": "Outer", "Startup Cost": 233991.22, "Total Cost": 234014.15, "Plan Rows": 100, "Plan Width": 34, "Sort Key": ["(count(*)) DESC", "supplier.s_name"], "Plans": [{"Node Type": "Aggregate", "Strategy": "Hashed", "Parent Relationship": "Outer", "Startup Cost": 233548.95, "Total Cost": 233640.67, "Plan Rows": 9172, "Plan Width": 34, "Group By Key": ["supplier.s_name"], "Plans": [{"Node Type": "Nested Loop", "Parent Relationship": "Outer", "Join Type": "Inner", "Startup Cost": 18964.6, "Total Cost": 233503.09, "Plan Rows": 9172, "Plan Width": 26, "Inner Unique": true, "Join Filter": "(l1.l_orderkey = orders.o_orderkey)", "Plans": [{"Node Type": "Nested Loop", "Parent Relationship": "Outer", "Join Type": "Semi", "Startup Cost": 18964.6, "Total Cost": 226402.72, "Plan Rows": 7254, "Plan Width": 42, "Inner Unique": false, "Plans": [{"Node Type": "Nested Loop", "Parent Relationship": "Outer", "Join Type": "Anti", "Startup Cost": 18964.6, "Total Cost": 224547.15, "Plan Rows": 7635, "Plan Width": 42, "Inner Unique": false, "Plans": [{"Node Type": "Streaming(type: LOCAL GATHER dop: 1/16)", "Parent Relationship": "Outer", "Startup Cost": 18964.6, "Total Cost": 177359.94, "Plan Rows": 152707, "Plan Width": 42, "Plans": [{"Node Type": "Hash Join", "Parent Relationship": "Outer", "Join Type": "Inner", "Startup Cost": 18964.6, "Total Cost": 174064.21, "Plan Rows": 152707, "Plan Width": 42, "Inner Unique": false, "Hash Cond": "(l1.l_suppkey = supplier.s_suppkey), (LLVM Optimized)", "Plans": [{"Node Type": "Seq Scan", "Parent Relationship": "Outer", "Relation Name": "lineitem", "Alias": "l1", "Startup Cost": 0.0, "Total Cost": 150317.68, "Plan Rows": 19995678, "Plan Width": 16, "Filter": "(l_receiptdate > l_commitdate), (LLVM Optimized)"}, {"Node Type": "Hash", "Parent Relationship": "Inner", "Startup Cost": 18914.6, "Total Cost": 18914.6, "Plan Rows": 64000, "Plan Width": 34, "Plans": [{"Node Type": "Streaming(type: BROADCAST dop: 16/1)", "Parent Relationship": "Outer", "Startup Cost": 95.25, "Total Cost": 18914.6, "Plan Rows": 64000, "Plan Width": 34, "Plans": [{"Node Type": "Nested Loop", "Parent Relationship": "Outer", "Join Type": "Inner", "Startup Cost": 95.25, "Total Cost": 2533.35, "Plan Rows": 4000, "Plan Width": 34, "Inner Unique": false, "Plans": [{"Node Type": "Seq Scan", "Parent Relationship": "Outer", "Relation Name": "nation", "Alias": "nation", "Startup Cost": 0.0, "Total Cost": 1.31, "Plan Rows": 1, "Plan Width": 4, "Filter": "(n_name = 'EGYPT'::bpchar)"}, {"Node Type": "Bitmap Heap Scan", "Parent Relationship": "Inner", "Relation Name": "supplier", "Alias": "supplier", "Startup Cost": 95.25, "Total Cost": 2492.04, "Plan Rows": 4000, "Plan Width": 38, "Recheck Cond": "(s_nationkey = nation.n_nationkey)", "Plans": [{"Node Type": "Bitmap Index Scan", "Parent Relationship": "Outer", "Index Name": "idx_supplier_nation_key", "Startup Cost": 0.0, "Total Cost": 94.25, "Plan Rows": 4000, "Plan Width": 0, "Index Cond": "(s_nationkey = nation.n_nationkey)"}]}]}]}]}]}]}, {"Node Type": "Index Scan", "Parent Relationship": "Inner", "Scan Direction": "Forward", "Index Name": "idx_lineitem_orderkey", "Relation Name": "lineitem", "Alias": "l3", "Startup Cost": 0.0, "Total Cost": 1.63, "Plan Rows": 3, "Plan Width": 16, "Index Cond": "(l_orderkey = l1.l_orderkey)", "Filter": "((l_receiptdate > l_commitdate) AND (l_suppkey <> l1.l_suppkey))"}]}, {"Node Type": "Index Scan", "Parent Relationship": "Inner", "Scan Direction": "Forward", "Index Name": "idx_lineitem_orderkey", "Relation Name": "lineitem", "Alias": "l2", "Startup Cost": 0.0, "Total Cost": 1.63, "Plan Rows": 9, "Plan Width": 16, "Index Cond": "(l_orderkey = l1.l_orderkey)", "Filter": "(l_suppkey <> l1.l_suppkey)"}]}, {"Node Type": "Index Scan", "Parent Relationship": "Inner", "Scan Direction": "Forward", "Index Name": "orders_pkey", "Relation Name": "orders", "Alias": "orders", "Startup Cost": 0.0, "Total Cost": 0.97, "Plan Rows": 1, "Plan Width": 8, "Index Cond": "(o_orderkey = l2.l_orderkey)", "Filter": "(o_orderstatus = 'F'::bpchar)"}]}]}]}]}, "Unique SQL Id": 3870093320}, "explain_analyze_plan": {"Plan": {"Node Type": "Limit", "Startup Cost": 233991.22, "Total Cost": 233991.47, "Plan Rows": 100, "Plan Width": 34, "Actual Min Startup Time": 12229.654, "Actual Max Startup Time": 12229.654, "Actual Min Total Time": 12229.673, "Actual Max Total Time": 12229.673, "Actual Total Rows": 100, "Plans": [{"Node Type": "Sort", "Parent Relationship": "Outer", "Startup Cost": 233991.22, "Total Cost": 234014.15, "Plan Rows": 100, "Plan Width": 34, "Actual Min Startup Time": 12229.651, "Actual Max Startup Time": 12229.651, "Actual Min Total Time": 12229.656, "Actual Max Total Time": 12229.656, "Actual Total Rows": 100, "Sort Key": ["(count(*)) DESC", "supplier.s_name"], "Sort Method": "top-N heapsort", "Sort Space Min Used": 41, "Sort Space Max Used": 41, "Sort Space Type": "Memory", "Plans": [{"Node Type": "Aggregate", "Strategy": "Hashed", "Parent Relationship": "Outer", "Startup Cost": 233548.95, "Total Cost": 233640.67, "Plan Rows": 9172, "Plan Width": 34, "Actual Min Startup Time": 12226.217, "Actual Max Startup Time": 12226.217, "Actual Min Total Time": 12227.502, "Actual Max Total Time": 12227.502, "Actual Total Rows": 3981, "Group By Key": ["supplier.s_name"], "Plans": [{"Node Type": "Nested Loop", "Parent Relationship": "Outer", "Join Type": "Inner", "Startup Cost": 18964.6, "Total Cost": 233503.09, "Plan Rows": 9172, "Plan Width": 26, "Actual Min Startup Time": 84.248, "Actual Max Startup Time": 84.248, "Actual Min Total Time": 12174.868, "Actual Max Total Time": 12174.868, "Actual Total Rows": 39445, "Inner Unique": true, "Join Filter": "(l1.l_orderkey = orders.o_orderkey)", "Rows Removed by Join Filter": 0, "Plans": [{"Node Type": "Nested Loop", "Parent Relationship": "Outer", "Join Type": "Semi", "Startup Cost": 18964.6, "Total Cost": 226402.72, "Plan Rows": 7254, "Plan Width": 42, "Actual Min Startup Time": 84.22, "Actual Max Startup Time": 84.22, "Actual Min Total Time": 11595.118, "Actual Max Total Time": 11595.118, "Actual Total Rows": 80537, "Inner Unique": false, "Plans": [{"Node Type": "Nested Loop", "Parent Relationship": "Outer", "Join Type": "Anti", "Startup Cost": 18964.6, "Total Cost": 224547.15, "Plan Rows": 7635, "Plan Width": 42, "Actual Min Startup Time": 84.209, "Actual Max Startup Time": 84.209, "Actual Min Total Time": 11003.815, "Actual Max Total Time": 11003.815, "Actual Total Rows": 135110, "Inner Unique": false, "Plans": [{"Node Type": "Streaming(type: LOCAL GATHER dop: 1/16)", "Parent Relationship": "Outer", "Startup Cost": 18964.6, "Total Cost": 177359.94, "Plan Rows": 152707, "Plan Width": 42, "Actual Min Startup Time": 84.043, "Actual Max Startup Time": 84.043, "Actual Min Total Time": 749.673, "Actual Max Total Time": 749.673, "Actual Total Rows": 1511024, "Plans": [{"Node Type": "Hash Join", "Parent Relationship": "Outer", "Join Type": "Inner", "Startup Cost": 18964.6, "Total Cost": 174064.21, "Plan Rows": 152707, "Plan Width": 42, "Actual Min Startup Time": 39.442, "Actual Max Startup Time": 45.147, "Actual Min Total Time": 2132.334, "Actual Max Total Time": 2213.238, "Actual Total Rows": 1511024, "Inner Unique": false, "Hash Cond": "(l1.l_suppkey = supplier.s_suppkey), (LLVM Optimized, Jit Execute)", "Plans": [{"Node Type": "Seq Scan", "Parent Relationship": "Outer", "Relation Name": "lineitem", "Alias": "l1", "Startup Cost": 0.0, "Total Cost": 150317.68, "Plan Rows": 19995678, "Plan Width": 16, "Actual Min Startup Time": 0.023, "Actual Max Startup Time": 0.039, "Actual Min Total Time": 1589.34, "Actual Max Total Time": 1658.229, "Actual Total Rows": 37929348, "Filter": "(l_receiptdate > l_commitdate), (LLVM Optimized, Jit Execute)", "Rows Removed by Filter": 22056704}, {"Node Type": "Hash", "Parent Relationship": "Inner", "Startup Cost": 18914.6, "Total Cost": 18914.6, "Plan Rows": 64000, "Plan Width": 34, "Actual Min Startup Time": 39.31, "Actual Max Startup Time": 45.002, "Actual Min Total Time": 39.31, "Actual Max Total Time": 45.002, "Actual Total Rows": 63696, "Max Hash Buckets": 32768, "Min Hash Buckets": 32768, "Max Hash Batches": 1, "Min Hash Batches": 1, "Max Original Hash Batches": 1, "Min Original Hash Batches": 1, "Max Peak Memory Usage": 280, "min Peak Memory Usage": 280, "Plans": [{"Node Type": "Streaming(type: BROADCAST dop: 16/1)", "Parent Relationship": "Outer", "Startup Cost": 95.25, "Total Cost": 18914.6, "Plan Rows": 64000, "Plan Width": 34, "Actual Min Startup Time": 0.023, "Actual Max Startup Time": 0.069, "Actual Min Total Time": 38.317, "Actual Max Total Time": 43.918, "Actual Total Rows": 63696, "Plans": [{"Node Type": "Nested Loop", "Parent Relationship": "Outer", "Join Type": "Inner", "Startup Cost": 95.25, "Total Cost": 2533.35, "Plan Rows": 4000, "Plan Width": 34, "Actual Min Startup Time": 1.203, "Actual Max Startup Time": 1.203, "Actual Min Total Time": 7.534, "Actual Max Total Time": 7.534, "Actual Total Rows": 3981, "Inner Unique": false, "Plans": [{"Node Type": "Seq Scan", "Parent Relationship": "Outer", "Relation Name": "nation", "Alias": "nation", "Startup Cost": 0.0, "Total Cost": 1.31, "Plan Rows": 1, "Plan Width": 4, "Actual Min Startup Time": 0.047, "Actual Max Startup Time": 0.047, "Actual Min Total Time": 0.067, "Actual Max Total Time": 0.067, "Actual Total Rows": 1, "Filter": "(n_name = 'EGYPT'::bpchar)", "Rows Removed by Filter": 24}, {"Node Type": "Bitmap Heap Scan", "Parent Relationship": "Inner", "Relation Name": "supplier", "Alias": "supplier", "Startup Cost": 95.25, "Total Cost": 2492.04, "Plan Rows": 4000, "Plan Width": 38, "Actual Min Startup Time": 1.144, "Actual Max Startup Time": 1.144, "Actual Min Total Time": 6.664, "Actual Max Total Time": 6.664, "Actual Total Rows": 3981, "Recheck Cond": "(s_nationkey = nation.n_nationkey)", "Rows Removed by Index Recheck": 0, "Exact Heap Blocks": 0, "Lossy Heap Blocks": 0, "Plans": [{"Node Type": "Bitmap Index Scan", "Parent Relationship": "Outer", "Index Name": "idx_supplier_nation_key", "Startup Cost": 0.0, "Total Cost": 94.25, "Plan Rows": 4000, "Plan Width": 0, "Actual Min Startup Time": 0.811, "Actual Max Startup Time": 0.811, "Actual Min Total Time": 0.811, "Actual Max Total Time": 0.811, "Actual Total Rows": 3981, "Index Cond": "(s_nationkey = nation.n_nationkey)"}]}]}]}]}]}]}, {"Node Type": "Index Scan", "Parent Relationship": "Inner", "Scan Direction": "Forward", "Index Name": "idx_lineitem_orderkey", "Relation Name": "lineitem", "Alias": "l3", "Startup Cost": 0.0, "Total Cost": 1.63, "Plan Rows": 3, "Plan Width": 16, "Actual Min Startup Time": 9221.901, "Actual Max Startup Time": 9221.901, "Actual Min Total Time": 9221.901, "Actual Max Total Time": 9221.901, "Actual Total Rows": 1375914, "Index Cond": "(l_orderkey = l1.l_orderkey)", "Rows Removed by Index Recheck": 0, "Filter": "((l_receiptdate > l_commitdate) AND (l_suppkey <> l1.l_suppkey))", "Rows Removed by Filter": 1348115}]}, {"Node Type": "Index Scan", "Parent Relationship": "Inner", "Scan Direction": "Forward", "Index Name": "idx_lineitem_orderkey", "Relation Name": "lineitem", "Alias": "l2", "Startup Cost": 0.0, "Total Cost": 1.63, "Plan Rows": 9, "Plan Width": 16, "Actual Min Startup Time": 496.479, "Actual Max Startup Time": 496.479, "Actual Min Total Time": 496.479, "Actual Max Total Time": 496.479, "Actual Total Rows": 80537, "Index Cond": "(l_orderkey = l1.l_orderkey)", "Rows Removed by Index Recheck": 0, "Filter": "(l_suppkey <> l1.l_suppkey)", "Rows Removed by Filter": 85912}]}, {"Node Type": "Index Scan", "Parent Relationship": "Inner", "Scan Direction": "Forward", "Index Name": "orders_pkey", "Relation Name": "orders", "Alias": "orders", "Startup Cost": 0.0, "Total Cost": 0.97, "Plan Rows": 1, "Plan Width": 8, "Actual Min Startup Time": 513.763, "Actual Max Startup Time": 513.763, "Actual Min Total Time": 513.763, "Actual Max Total Time": 513.763, "Actual Total Rows": 39445, "Index Cond": "(o_orderkey = l2.l_orderkey)", "Rows Removed by Index Recheck": 0, "Filter": "(o_orderstatus = 'F'::bpchar)", "Rows Removed by Filter": 41092}]}]}]}]}, "Triggers": [], "Planner Runtime": 13.94, "Total Runtime": 12242.166, "Unique SQL Id": 3870093320}}, "(16, 101)": {"explain_plan": {"Plan": {"Node Type": "Limit", "Startup Cost": 2785833.2, "Total Cost": 2785833.45, "Plan Rows": 100, "Plan Width": 34, "Plans": [{"Node Type": "Sort", "Parent Relationship": "Outer", "Startup Cost": 2785833.2, "Total Cost": 2785856.13, "Plan Rows": 100, "Plan Width": 34, "Sort Key": ["(count(*)) DESC", "supplier.s_name"], "Plans": [{"Node Type": "Aggregate", "Strategy": "Hashed", "Parent Relationship": "Outer", "Startup Cost": 2785390.93, "Total Cost": 2785482.65, "Plan Rows": 9172, "Plan Width": 34, "Group By Key": ["supplier.s_name"], "Plans": [{"Node Type": "Nested Loop", "Parent Relationship": "Outer", "Join Type": "Inner", "Startup Cost": 18975.98, "Total Cost": 2785345.07, "Plan Rows": 9172, "Plan Width": 26, "Inner Unique": true, "Join Filter": "(l1.l_orderkey = orders.o_orderkey)", "Plans": [{"Node Type": "Nested Loop", "Parent Relationship": "Outer", "Join Type": "Semi", "Startup Cost": 18975.98, "Total Cost": 2778244.7, "Plan Rows": 7254, "Plan Width": 42, "Inner Unique": false, "Plans": [{"Node Type": "Nested Loop", "Parent Relationship": "Outer", "Join Type": "Anti", "Startup Cost": 18975.98, "Total Cost": 2776389.13, "Plan Rows": 7635, "Plan Width": 42, "Inner Unique": false, "Plans": [{"Node Type": "Streaming(type: LOCAL GATHER dop: 1/16)", "Parent Relationship": "Outer", "Startup Cost": 18975.98, "Total Cost": 2729201.91, "Plan Rows": 152707, "Plan Width": 42, "Plans": [{"Node Type": "Hash Join", "Parent Relationship": "Outer", "Join Type": "Inner", "Startup Cost": 18975.98, "Total Cost": 2725906.19, "Plan Rows": 152707, "Plan Width": 42, "Inner Unique": false, "Hash Cond": "(l1.l_suppkey = supplier.s_suppkey), (LLVM Optimized)", "Plans": [{"Node Type": "Index Scan", "Parent Relationship": "Outer", "Scan Direction": "Forward", "Index Name": "idx_lineitem_orderkey", "Relation Name": "lineitem", "Alias": "l1", "Startup Cost": 0.0, "Total Cost": 2702148.28, "Plan Rows": 19995678, "Plan Width": 16, "Filter": "(l_receiptdate > l_commitdate), (LLVM Optimized)"}, {"Node Type": "Hash", "Parent Relationship": "Inner", "Startup Cost": 18925.98, "Total Cost": 18925.98, "Plan Rows": 64000, "Plan Width": 34, "Plans": [{"Node Type": "Streaming(type: BROADCAST dop: 16/1)", "Parent Relationship": "Outer", "Startup Cost": 95.25, "Total Cost": 18925.98, "Plan Rows": 64000, "Plan Width": 34, "Plans": [{"Node Type": "Nested Loop", "Parent Relationship": "Outer", "Join Type": "Inner", "Startup Cost": 95.25, "Total Cost": 2544.73, "Plan Rows": 4000, "Plan Width": 34, "Inner Unique": false, "Plans": [{"Node Type": "Index Scan", "Parent Relationship": "Outer", "Scan Direction": "Forward", "Index Name": "nation_pkey", "Relation Name": "nation", "Alias": "nation", "Startup Cost": 0.0, "Total Cost": 12.69, "Plan Rows": 1, "Plan Width": 4, "Filter": "(n_name = 'EGYPT'::bpchar)"}, {"Node Type": "Bitmap Heap Scan", "Parent Relationship": "Inner", "Relation Name": "supplier", "Alias": "supplier", "Startup Cost": 95.25, "Total Cost": 2492.04, "Plan Rows": 4000, "Plan Width": 38, "Recheck Cond": "(s_nationkey = nation.n_nationkey)", "Plans": [{"Node Type": "Bitmap Index Scan", "Parent Relationship": "Outer", "Index Name": "idx_supplier_nation_key", "Startup Cost": 0.0, "Total Cost": 94.25, "Plan Rows": 4000, "Plan Width": 0, "Index Cond": "(s_nationkey = nation.n_nationkey)"}]}]}]}]}]}]}, {"Node Type": "Index Scan", "Parent Relationship": "Inner", "Scan Direction": "Forward", "Index Name": "idx_lineitem_orderkey", "Relation Name": "lineitem", "Alias": "l3", "Startup Cost": 0.0, "Total Cost": 1.63, "Plan Rows": 3, "Plan Width": 16, "Index Cond": "(l_orderkey = l1.l_orderkey)", "Filter": "((l_receiptdate > l_commitdate) AND (l_suppkey <> l1.l_suppkey))"}]}, {"Node Type": "Index Scan", "Parent Relationship": "Inner", "Scan Direction": "Forward", "Index Name": "idx_lineitem_orderkey", "Relation Name": "lineitem", "Alias": "l2", "Startup Cost": 0.0, "Total Cost": 1.63, "Plan Rows": 9, "Plan Width": 16, "Index Cond": "(l_orderkey = l1.l_orderkey)", "Filter": "(l_suppkey <> l1.l_suppkey)"}]}, {"Node Type": "Index Scan", "Parent Relationship": "Inner", "Scan Direction": "Forward", "Index Name": "orders_pkey", "Relation Name": "orders", "Alias": "orders", "Startup Cost": 0.0, "Total Cost": 0.97, "Plan Rows": 1, "Plan Width": 8, "Index Cond": "(o_orderkey = l2.l_orderkey)", "Filter": "(o_orderstatus = 'F'::bpchar)"}]}]}]}]}, "Unique SQL Id": 3870093320}, "explain_analyze_plan": {"Plan": {"Node Type": "Limit", "Startup Cost": 2785833.2, "Total Cost": 2785833.45, "Plan Rows": 100, "Plan Width": 34, "Actual Min Startup Time": 13764.738, "Actual Max Startup Time": 13764.738, "Actual Min Total Time": 13764.757, "Actual Max Total Time": 13764.757, "Actual Total Rows": 100, "Plans": [{"Node Type": "Sort", "Parent Relationship": "Outer", "Startup Cost": 2785833.2, "Total Cost": 2785856.13, "Plan Rows": 100, "Plan Width": 34, "Actual Min Startup Time": 13764.736, "Actual Max Startup Time": 13764.736, "Actual Min Total Time": 13764.743, "Actual Max Total Time": 13764.743, "Actual Total Rows": 100, "Sort Key": ["(count(*)) DESC", "supplier.s_name"], "Sort Method": "top-N heapsort", "Sort Space Min Used": 41, "Sort Space Max Used": 41, "Sort Space Type": "Memory", "Plans": [{"Node Type": "Aggregate", "Strategy": "Hashed", "Parent Relationship": "Outer", "Startup Cost": 2785390.93, "Total Cost": 2785482.65, "Plan Rows": 9172, "Plan Width": 34, "Actual Min Startup Time": 13761.425, "Actual Max Startup Time": 13761.425, "Actual Min Total Time": 13762.64, "Actual Max Total Time": 13762.64, "Actual Total Rows": 3981, "Group By Key": ["supplier.s_name"], "Plans": [{"Node Type": "Nested Loop", "Parent Relationship": "Outer", "Join Type": "Inner", "Startup Cost": 18975.98, "Total Cost": 2785345.07, "Plan Rows": 9172, "Plan Width": 26, "Actual Min Startup Time": 917.898, "Actual Max Startup Time": 917.898, "Actual Min Total Time": 13711.073, "Actual Max Total Time": 13711.073, "Actual Total Rows": 39445, "Inner Unique": true, "Join Filter": "(l1.l_orderkey = orders.o_orderkey)", "Rows Removed by Join Filter": 0, "Plans": [{"Node Type": "Nested Loop", "Parent Relationship": "Outer", "Join Type": "Semi", "Startup Cost": 18975.98, "Total Cost": 2778244.7, "Plan Rows": 7254, "Plan Width": 42, "Actual Min Startup Time": 917.632, "Actual Max Startup Time": 917.632, "Actual Min Total Time": 13105.313, "Actual Max Total Time": 13105.313, "Actual Total Rows": 80537, "Inner Unique": false, "Plans": [{"Node Type": "Nested Loop", "Parent Relationship": "Outer", "Join Type": "Anti", "Startup Cost": 18975.98, "Total Cost": 2776389.13, "Plan Rows": 7635, "Plan Width": 42, "Actual Min Startup Time": 917.613, "Actual Max Startup Time": 917.613, "Actual Min Total Time": 12509.033, "Actual Max Total Time": 12509.033, "Actual Total Rows": 135110, "Inner Unique": false, "Plans": [{"Node Type": "Streaming(type: LOCAL GATHER dop: 1/16)", "Parent Relationship": "Outer", "Startup Cost": 18975.98, "Total Cost": 2729201.91, "Plan Rows": 152707, "Plan Width": 42, "Actual Min Startup Time": 917.55, "Actual Max Startup Time": 917.55, "Actual Min Total Time": 1686.927, "Actual Max Total Time": 1686.927, "Actual Total Rows": 1511024, "Plans": [{"Node Type": "Hash Join", "Parent Relationship": "Outer", "Join Type": "Inner", "Startup Cost": 18975.98, "Total Cost": 2725906.19, "Plan Rows": 152707, "Plan Width": 42, "Actual Min Startup Time": 836.153, "Actual Max Startup Time": 859.668, "Actual Min Total Time": 3988.911, "Actual Max Total Time": 4372.024, "Actual Total Rows": 1511024, "Inner Unique": false, "Hash Cond": "(l1.l_suppkey = supplier.s_suppkey), (LLVM Optimized, Jit Execute)", "Plans": [{"Node Type": "Index Scan", "Parent Relationship": "Outer", "Scan Direction": "Forward", "Index Name": "idx_lineitem_orderkey", "Relation Name": "lineitem", "Alias": "l1", "Startup Cost": 0.0, "Total Cost": 2702148.28, "Plan Rows": 19995678, "Plan Width": 16, "Actual Min Startup Time": 780.017, "Actual Max Startup Time": 780.159, "Actual Min Total Time": 3389.52, "Actual Max Total Time": 3791.658, "Actual Total Rows": 37929348, "Filter": "(l_receiptdate > l_commitdate), (LLVM Optimized, Jit Execute)", "Rows Removed by Filter": 22056704}, {"Node Type": "Hash", "Parent Relationship": "Inner", "Startup Cost": 18925.98, "Total Cost": 18925.98, "Plan Rows": 64000, "Plan Width": 34, "Actual Min Startup Time": 56.016, "Actual Max Startup Time": 79.435, "Actual Min Total Time": 56.016, "Actual Max Total Time": 79.435, "Actual Total Rows": 63696, "Max Hash Buckets": 32768, "Min Hash Buckets": 32768, "Max Hash Batches": 1, "Min Hash Batches": 1, "Max Original Hash Batches": 1, "Min Original Hash Batches": 1, "Max Peak Memory Usage": 280, "min Peak Memory Usage": 280, "Plans": [{"Node Type": "Streaming(type: BROADCAST dop: 16/1)", "Parent Relationship": "Outer", "Startup Cost": 95.25, "Total Cost": 18925.98, "Plan Rows": 64000, "Plan Width": 34, "Actual Min Startup Time": 0.042, "Actual Max Startup Time": 0.079, "Actual Min Total Time": 54.796, "Actual Max Total Time": 77.96, "Actual Total Rows": 63696, "Plans": [{"Node Type": "Nested Loop", "Parent Relationship": "Outer", "Join Type": "Inner", "Startup Cost": 95.25, "Total Cost": 2544.73, "Plan Rows": 4000, "Plan Width": 34, "Actual Min Startup Time": 1.239, "Actual Max Startup Time": 1.239, "Actual Min Total Time": 10.075, "Actual Max Total Time": 10.075, "Actual Total Rows": 3981, "Inner Unique": false, "Plans": [{"Node Type": "Index Scan", "Parent Relationship": "Outer", "Scan Direction": "Forward", "Index Name": "nation_pkey", "Relation Name": "nation", "Alias": "nation", "Startup Cost": 0.0, "Total Cost": 12.69, "Plan Rows": 1, "Plan Width": 4, "Actual Min Startup Time": 0.043, "Actual Max Startup Time": 0.043, "Actual Min Total Time": 0.067, "Actual Max Total Time": 0.067, "Actual Total Rows": 1, "Filter": "(n_name = 'EGYPT'::bpchar)", "Rows Removed by Filter": 24}, {"Node Type": "Bitmap Heap Scan", "Parent Relationship": "Inner", "Relation Name": "supplier", "Alias": "supplier", "Startup Cost": 95.25, "Total Cost": 2492.04, "Plan Rows": 4000, "Plan Width": 38, "Actual Min Startup Time": 1.189, "Actual Max Startup Time": 1.189, "Actual Min Total Time": 9.235, "Actual Max Total Time": 9.235, "Actual Total Rows": 3981, "Recheck Cond": "(s_nationkey = nation.n_nationkey)", "Rows Removed by Index Recheck": 0, "Exact Heap Blocks": 0, "Lossy Heap Blocks": 0, "Plans": [{"Node Type": "Bitmap Index Scan", "Parent Relationship": "Outer", "Index Name": "idx_supplier_nation_key", "Startup Cost": 0.0, "Total Cost": 94.25, "Plan Rows": 4000, "Plan Width": 0, "Actual Min Startup Time": 0.876, "Actual Max Startup Time": 0.876, "Actual Min Total Time": 0.876, "Actual Max Total Time": 0.876, "Actual Total Rows": 3981, "Index Cond": "(s_nationkey = nation.n_nationkey)"}]}]}]}]}]}]}, {"Node Type": "Index Scan", "Parent Relationship": "Inner", "Scan Direction": "Forward", "Index Name": "idx_lineitem_orderkey", "Relation Name": "lineitem", "Alias": "l3", "Startup Cost": 0.0, "Total Cost": 1.63, "Plan Rows": 3, "Plan Width": 16, "Actual Min Startup Time": 9803.763, "Actual Max Startup Time": 9803.763, "Actual Min Total Time": 9803.763, "Actual Max Total Time": 9803.763, "Actual Total Rows": 1375914, "Index Cond": "(l_orderkey = l1.l_orderkey)", "Rows Removed by Index Recheck": 0, "Filter": "((l_receiptdate > l_commitdate) AND (l_suppkey <> l1.l_suppkey))", "Rows Removed by Filter": 1348115}]}, {"Node Type": "Index Scan", "Parent Relationship": "Inner", "Scan Direction": "Forward", "Index Name": "idx_lineitem_orderkey", "Relation Name": "lineitem", "Alias": "l2", "Startup Cost": 0.0, "Total Cost": 1.63, "Plan Rows": 9, "Plan Width": 16, "Actual Min Startup Time": 498.159, "Actual Max Startup Time": 498.159, "Actual Min Total Time": 498.159, "Actual Max Total Time": 498.159, "Actual Total Rows": 80537, "Index Cond": "(l_orderkey = l1.l_orderkey)", "Rows Removed by Index Recheck": 0, "Filter": "(l_suppkey <> l1.l_suppkey)", "Rows Removed by Filter": 85912}]}, {"Node Type": "Index Scan", "Parent Relationship": "Inner", "Scan Direction": "Forward", "Index Name": "orders_pkey", "Relation Name": "orders", "Alias": "orders", "Startup Cost": 0.0, "Total Cost": 0.97, "Plan Rows": 1, "Plan Width": 8, "Actual Min Startup Time": 540.279, "Actual Max Startup Time": 540.279, "Actual Min Total Time": 540.279, "Actual Max Total Time": 540.279, "Actual Total Rows": 39445, "Index Cond": "(o_orderkey = l2.l_orderkey)", "Rows Removed by Index Recheck": 0, "Filter": "(o_orderstatus = 'F'::bpchar)", "Rows Removed by Filter": 41092}]}]}]}]}, "Triggers": [], "Planner Runtime": 12.499, "Total Runtime": 13777.942, "Unique SQL Id": 3870093320}}, "(16, 102)": {"explain_plan": {"Plan": {"Node Type": "Limit", "Startup Cost": 486140.51, "Total Cost": 486140.76, "Plan Rows": 100, "Plan Width": 34, "Plans": [{"Node Type": "Sort", "Parent Relationship": "Outer", "Startup Cost": 486140.51, "Total Cost": 486163.44, "Plan Rows": 100, "Plan Width": 34, "Sort Key": ["(count(*)) DESC", "supplier.s_name"], "Plans": [{"Node Type": "Aggregate", "Strategy": "Hashed", "Parent Relationship": "Outer", "Startup Cost": 485698.24, "Total Cost": 485789.96, "Plan Rows": 9172, "Plan Width": 34, "Group By Key": ["supplier.s_name"], "Plans": [{"Node Type": "Nested Loop", "Parent Relationship": "Outer", "Join Type": "Inner", "Startup Cost": 189763.55, "Total Cost": 485652.38, "Plan Rows": 9172, "Plan Width": 26, "Inner Unique": true, "Join Filter": "(l1.l_orderkey = orders.o_orderkey)", "Plans": [{"Node Type": "Nested Loop", "Parent Relationship": "Outer", "Join Type": "Semi", "Startup Cost": 189762.95, "Total Cost": 452091.62, "Plan Rows": 7254, "Plan Width": 42, "Inner Unique": false, "Plans": [{"Node Type": "Streaming(type: LOCAL GATHER dop: 1/16)", "Parent Relationship": "Outer", "Startup Cost": 189762.13, "Total Cost": 436913.07, "Plan Rows": 7635, "Plan Width": 42, "Plans": [{"Node Type": "Hash Join", "Parent Relationship": "Outer", "Join Type": "Right Anti", "Startup Cost": 189762.13, "Total Cost": 436748.29, "Plan Rows": 7635, "Plan Width": 42, "Inner Unique": false, "Hash Cond": "(l3.l_orderkey = l1.l_orderkey)", "Join Filter": "(l3.l_suppkey <> l1.l_suppkey)", "Plans": [{"Node Type": "Streaming(type: LOCAL REDISTRIBUTE dop: 16/16)", "Parent Relationship": "Outer", "Startup Cost": 0.0, "Total Cost": 241082.56, "Plan Rows": 19995678, "Plan Width": 16, "Plans": [{"Node Type": "Seq Scan", "Parent Relationship": "Outer", "Relation Name": "lineitem", "Alias": "l3", "Startup Cost": 0.0, "Total Cost": 150317.68, "Plan Rows": 19995678, "Plan Width": 16, "Filter": "(l_receiptdate > l_commitdate), (LLVM Optimized)"}]}, {"Node Type": "Hash", "Parent Relationship": "Inner", "Startup Cost": 189642.83, "Total Cost": 189642.83, "Plan Rows": 152707, "Plan Width": 42, "Plans": [{"Node Type": "Streaming(type: LOCAL REDISTRIBUTE dop: 16/16)", "Parent Relationship": "Outer", "Startup Cost": 18964.6, "Total Cost": 189642.83, "Plan Rows": 152707, "Plan Width": 42, "Plans": [{"Node Type": "Hash Join", "Parent Relationship": "Outer", "Join Type": "Inner", "Startup Cost": 18964.6, "Total Cost": 174064.21, "Plan Rows": 152707, "Plan Width": 42, "Inner Unique": false, "Hash Cond": "(l1.l_suppkey = supplier.s_suppkey), (LLVM Optimized)", "Plans": [{"Node Type": "Seq Scan", "Parent Relationship": "Outer", "Relation Name": "lineitem", "Alias": "l1", "Startup Cost": 0.0, "Total Cost": 150317.68, "Plan Rows": 19995678, "Plan Width": 16, "Filter": "(l_receiptdate > l_commitdate), (LLVM Optimized)"}, {"Node Type": "Hash", "Parent Relationship": "Inner", "Startup Cost": 18914.6, "Total Cost": 18914.6, "Plan Rows": 64000, "Plan Width": 34, "Plans": [{"Node Type": "Streaming(type: BROADCAST dop: 16/1)", "Parent Relationship": "Outer", "Startup Cost": 95.25, "Total Cost": 18914.6, "Plan Rows": 64000, "Plan Width": 34, "Plans": [{"Node Type": "Nested Loop", "Parent Relationship": "Outer", "Join Type": "Inner", "Startup Cost": 95.25, "Total Cost": 2533.35, "Plan Rows": 4000, "Plan Width": 34, "Inner Unique": false, "Plans": [{"Node Type": "Seq Scan", "Parent Relationship": "Outer", "Relation Name": "nation", "Alias": "nation", "Startup Cost": 0.0, "Total Cost": 1.31, "Plan Rows": 1, "Plan Width": 4, "Filter": "(n_name = 'EGYPT'::bpchar)"}, {"Node Type": "Bitmap Heap Scan", "Parent Relationship": "Inner", "Relation Name": "supplier", "Alias": "supplier", "Startup Cost": 95.25, "Total Cost": 2492.04, "Plan Rows": 4000, "Plan Width": 38, "Recheck Cond": "(s_nationkey = nation.n_nationkey)", "Plans": [{"Node Type": "Bitmap Index Scan", "Parent Relationship": "Outer", "Index Name": "idx_supplier_nation_key", "Startup Cost": 0.0, "Total Cost": 94.25, "Plan Rows": 4000, "Plan Width": 0, "Index Cond": "(s_nationkey = nation.n_nationkey)"}]}]}]}]}]}]}]}]}]}, {"Node Type": "Bitmap Heap Scan", "Parent Relationship": "Inner", "Relation Name": "lineitem", "Alias": "l2", "Startup Cost": 0.82, "Total Cost": 8.95, "Plan Rows": 9, "Plan Width": 16, "Recheck Cond": "(l_orderkey = l1.l_orderkey)", "Filter": "(l_suppkey <> l1.l_suppkey)", "Plans": [{"Node Type": "Bitmap Index Scan", "Parent Relationship": "Outer", "Index Name": "idx_lineitem_orderkey", "Startup Cost": 0.0, "Total Cost": 0.82, "Plan Rows": 9, "Plan Width": 0, "Index Cond": "(l_orderkey = l1.l_orderkey)"}]}]}, {"Node Type": "Bitmap Heap Scan", "Parent Relationship": "Inner", "Relation Name": "orders", "Alias": "orders", "Startup Cost": 0.6, "Total Cost": 4.61, "Plan Rows": 1, "Plan Width": 8, "Recheck Cond": "(o_orderkey = l2.l_orderkey)", "Filter": "(o_orderstatus = 'F'::bpchar)", "Plans": [{"Node Type": "Bitmap Index Scan", "Parent Relationship": "Outer", "Index Name": "orders_pkey", "Startup Cost": 0.0, "Total Cost": 0.6, "Plan Rows": 1, "Plan Width": 0, "Index Cond": "(o_orderkey = l2.l_orderkey)"}]}]}]}]}]}, "Unique SQL Id": 3870093320}, "explain_analyze_plan": {"Plan": {"Node Type": "Limit", "Startup Cost": 486140.51, "Total Cost": 486140.76, "Plan Rows": 100, "Plan Width": 34, "Actual Min Startup Time": 11240.864, "Actual Max Startup Time": 11240.864, "Actual Min Total Time": 11240.88, "Actual Max Total Time": 11240.88, "Actual Total Rows": 100, "Plans": [{"Node Type": "Sort", "Parent Relationship": "Outer", "Startup Cost": 486140.51, "Total Cost": 486163.44, "Plan Rows": 100, "Plan Width": 34, "Actual Min Startup Time": 11240.861, "Actual Max Startup Time": 11240.861, "Actual Min Total Time": 11240.867, "Actual Max Total Time": 11240.867, "Actual Total Rows": 100, "Sort Key": ["(count(*)) DESC", "supplier.s_name"], "Sort Method": "top-N heapsort", "Sort Space Min Used": 41, "Sort Space Max Used": 41, "Sort Space Type": "Memory", "Plans": [{"Node Type": "Aggregate", "Strategy": "Hashed", "Parent Relationship": "Outer", "Startup Cost": 485698.24, "Total Cost": 485789.96, "Plan Rows": 9172, "Plan Width": 34, "Actual Min Startup Time": 11237.401, "Actual Max Startup Time": 11237.401, "Actual Min Total Time": 11238.769, "Actual Max Total Time": 11238.769, "Actual Total Rows": 3981, "Group By Key": ["supplier.s_name"], "Plans": [{"Node Type": "Nested Loop", "Parent Relationship": "Outer", "Join Type": "Inner", "Startup Cost": 189763.55, "Total Cost": 485652.38, "Plan Rows": 9172, "Plan Width": 26, "Actual Min Startup Time": 8590.269, "Actual Max Startup Time": 8590.269, "Actual Min Total Time": 11197.681, "Actual Max Total Time": 11197.681, "Actual Total Rows": 39445, "Inner Unique": true, "Join Filter": "(l1.l_orderkey = orders.o_orderkey)", "Rows Removed by Join Filter": 0, "Plans": [{"Node Type": "Nested Loop", "Parent Relationship": "Outer", "Join Type": "Semi", "Startup Cost": 189762.95, "Total Cost": 452091.62, "Plan Rows": 7254, "Plan Width": 42, "Actual Min Startup Time": 8590.209, "Actual Max Startup Time": 8590.209, "Actual Min Total Time": 10305.578, "Actual Max Total Time": 10305.578, "Actual Total Rows": 80537, "Inner Unique": false, "Plans": [{"Node Type": "Streaming(type: LOCAL GATHER dop: 1/16)", "Parent Relationship": "Outer", "Startup Cost": 189762.13, "Total Cost": 436913.07, "Plan Rows": 7635, "Plan Width": 42, "Actual Min Startup Time": 8590.108, "Actual Max Startup Time": 8590.108, "Actual Min Total Time": 8662.465, "Actual Max Total Time": 8662.465, "Actual Total Rows": 135110, "Plans": [{"Node Type": "Hash Join", "Parent Relationship": "Outer", "Join Type": "Right Anti", "Startup Cost": 189762.13, "Total Cost": 436748.29, "Plan Rows": 7635, "Plan Width": 42, "Actual Min Startup Time": 8445.861, "Actual Max Startup Time": 8466.538, "Actual Min Total Time": 8449.069, "Actual Max Total Time": 8468.683, "Actual Total Rows": 135110, "Inner Unique": false, "Hash Cond": "(l3.l_orderkey = l1.l_orderkey)", "Join Filter": "(l3.l_suppkey <> l1.l_suppkey)", "Rows Removed by Join Filter": 548525, "Plans": [{"Node Type": "Streaming(type: LOCAL REDISTRIBUTE dop: 16/16)", "Parent Relationship": "Outer", "Startup Cost": 0.0, "Total Cost": 241082.56, "Plan Rows": 19995678, "Plan Width": 16, "Actual Min Startup Time": 0.066, "Actual Max Startup Time": 0.722, "Actual Min Total Time": 4955.966, "Actual Max Total Time": 5250.864, "Actual Total Rows": 37929348, "Plans": [{"Node Type": "Seq Scan", "Parent Relationship": "Outer", "Relation Name": "lineitem", "Alias": "l3", "Startup Cost": 0.0, "Total Cost": 150317.68, "Plan Rows": 19995678, "Plan Width": 16, "Actual Min Startup Time": 0.025, "Actual Max Startup Time": 0.071, "Actual Min Total Time": 1694.545, "Actual Max Total Time": 1785.562, "Actual Total Rows": 37929348, "Filter": "(l_receiptdate > l_commitdate), (LLVM Optimized, Jit Execute)", "Rows Removed by Filter": 22056704}]}, {"Node Type": "Hash", "Parent Relationship": "Inner", "Startup Cost": 189642.83, "Total Cost": 189642.83, "Plan Rows": 152707, "Plan Width": 42, "Actual Min Startup Time": 2634.573, "Actual Max Startup Time": 2655.314, "Actual Min Total Time": 2634.573, "Actual Max Total Time": 2655.314, "Actual Total Rows": 1511024, "Max Hash Buckets": 32768, "Min Hash Buckets": 32768, "Max Hash Batches": 1, "Min Hash Batches": 1, "Max Original Hash Batches": 1, "Min Original Hash Batches": 1, "Max Peak Memory Usage": 7375, "min Peak Memory Usage": 7375, "Plans": [{"Node Type": "Streaming(type: LOCAL REDISTRIBUTE dop: 16/16)", "Parent Relationship": "Outer", "Startup Cost": 18964.6, "Total Cost": 189642.83, "Plan Rows": 152707, "Plan Width": 42, "Actual Min Startup Time": 141.431, "Actual Max Startup Time": 165.14, "Actual Min Total Time": 2584.986, "Actual Max Total Time": 2630.417, "Actual Total Rows": 1511024, "Plans": [{"Node Type": "Hash Join", "Parent Relationship": "Outer", "Join Type": "Inner", "Startup Cost": 18964.6, "Total Cost": 174064.21, "Plan Rows": 152707, "Plan Width": 42, "Actual Min Startup Time": 55.875, "Actual Max Startup Time": 173.167, "Actual Min Total Time": 2287.562, "Actual Max Total Time": 2444.859, "Actual Total Rows": 1511024, "Inner Unique": false, "Hash Cond": "(l1.l_suppkey = supplier.s_suppkey), (LLVM Optimized, Jit Execute)", "Plans": [{"Node Type": "Seq Scan", "Parent Relationship": "Outer", "Relation Name": "lineitem", "Alias": "l1", "Startup Cost": 0.0, "Total Cost": 150317.68, "Plan Rows": 19995678, "Plan Width": 16, "Actual Min Startup Time": 0.025, "Actual Max Startup Time": 0.044, "Actual Min Total Time": 1692.272, "Actual Max Total Time": 1818.782, "Actual Total Rows": 37929348, "Filter": "(l_receiptdate > l_commitdate), (LLVM Optimized, Jit Execute)", "Rows Removed by Filter": 22056704}, {"Node Type": "Hash", "Parent Relationship": "Inner", "Startup Cost": 18914.6, "Total Cost": 18914.6, "Plan Rows": 64000, "Plan Width": 34, "Actual Min Startup Time": 55.738, "Actual Max Startup Time": 172.992, "Actual Min Total Time": 55.738, "Actual Max Total Time": 172.992, "Actual Total Rows": 63696, "Max Hash Buckets": 32768, "Min Hash Buckets": 32768, "Max Hash Batches": 1, "Min Hash Batches": 1, "Max Original Hash Batches": 1, "Min Original Hash Batches": 1, "Max Peak Memory Usage": 280, "min Peak Memory Usage": 280, "Plans": [{"Node Type": "Streaming(type: BROADCAST dop: 16/1)", "Parent Relationship": "Outer", "Startup Cost": 95.25, "Total Cost": 18914.6, "Plan Rows": 64000, "Plan Width": 34, "Actual Min Startup Time": 0.032, "Actual Max Startup Time": 0.08, "Actual Min Total Time": 54.443, "Actual Max Total Time": 171.515, "Actual Total Rows": 63696, "Plans": [{"Node Type": "Nested Loop", "Parent Relationship": "Outer", "Join Type": "Inner", "Startup Cost": 95.25, "Total Cost": 2533.35, "Plan Rows": 4000, "Plan Width": 34, "Actual Min Startup Time": 1.18, "Actual Max Startup Time": 1.18, "Actual Min Total Time": 10.071, "Actual Max Total Time": 10.071, "Actual Total Rows": 3981, "Inner Unique": false, "Plans": [{"Node Type": "Seq Scan", "Parent Relationship": "Outer", "Relation Name": "nation", "Alias": "nation", "Startup Cost": 0.0, "Total Cost": 1.31, "Plan Rows": 1, "Plan Width": 4, "Actual Min Startup Time": 0.036, "Actual Max Startup Time": 0.036, "Actual Min Total Time": 0.057, "Actual Max Total Time": 0.057, "Actual Total Rows": 1, "Filter": "(n_name = 'EGYPT'::bpchar)", "Rows Removed by Filter": 24}, {"Node Type": "Bitmap Heap Scan", "Parent Relationship": "Inner", "Relation Name": "supplier", "Alias": "supplier", "Startup Cost": 95.25, "Total Cost": 2492.04, "Plan Rows": 4000, "Plan Width": 38, "Actual Min Startup Time": 1.135, "Actual Max Startup Time": 1.135, "Actual Min Total Time": 9.171, "Actual Max Total Time": 9.171, "Actual Total Rows": 3981, "Recheck Cond": "(s_nationkey = nation.n_nationkey)", "Rows Removed by Index Recheck": 0, "Exact Heap Blocks": 0, "Lossy Heap Blocks": 0, "Plans": [{"Node Type": "Bitmap Index Scan", "Parent Relationship": "Outer", "Index Name": "idx_supplier_nation_key", "Startup Cost": 0.0, "Total Cost": 94.25, "Plan Rows": 4000, "Plan Width": 0, "Actual Min Startup Time": 0.824, "Actual Max Startup Time": 0.824, "Actual Min Total Time": 0.824, "Actual Max Total Time": 0.824, "Actual Total Rows": 3981, "Index Cond": "(s_nationkey = nation.n_nationkey)"}]}]}]}]}]}]}]}]}]}, {"Node Type": "Bitmap Heap Scan", "Parent Relationship": "Inner", "Relation Name": "lineitem", "Alias": "l2", "Startup Cost": 0.82, "Total Cost": 8.95, "Plan Rows": 9, "Plan Width": 16, "Actual Min Startup Time": 1463.89, "Actual Max Startup Time": 1463.89, "Actual Min Total Time": 1463.89, "Actual Max Total Time": 1463.89, "Actual Total Rows": 80537, "Recheck Cond": "(l_orderkey = l1.l_orderkey)", "Rows Removed by Index Recheck": 0, "Filter": "(l_suppkey <> l1.l_suppkey)", "Rows Removed by Filter": 85912, "Exact Heap Blocks": 135868, "Lossy Heap Blocks": 135868, "Plans": [{"Node Type": "Bitmap Index Scan", "Parent Relationship": "Outer", "Index Name": "idx_lineitem_orderkey", "Startup Cost": 0.0, "Total Cost": 0.82, "Plan Rows": 9, "Plan Width": 0, "Actual Min Startup Time": 913.992, "Actual Max Startup Time": 913.992, "Actual Min Total Time": 913.992, "Actual Max Total Time": 913.992, "Actual Total Rows": 287712, "Index Cond": "(l_orderkey = l1.l_orderkey)"}]}]}, {"Node Type": "Bitmap Heap Scan", "Parent Relationship": "Inner", "Relation Name": "orders", "Alias": "orders", "Startup Cost": 0.6, "Total Cost": 4.61, "Plan Rows": 1, "Plan Width": 8, "Actual Min Startup Time": 790.443, "Actual Max Startup Time": 790.443, "Actual Min Total Time": 790.443, "Actual Max Total Time": 790.443, "Actual Total Rows": 39445, "Recheck Cond": "(o_orderkey = l2.l_orderkey)", "Rows Removed by Index Recheck": 0, "Filter": "(o_orderstatus = 'F'::bpchar)", "Rows Removed by Filter": 41092, "Exact Heap Blocks": 80537, "Lossy Heap Blocks": 80537, "Plans": [{"Node Type": "Bitmap Index Scan", "Parent Relationship": "Outer", "Index Name": "orders_pkey", "Startup Cost": 0.0, "Total Cost": 0.6, "Plan Rows": 1, "Plan Width": 0, "Actual Min Startup Time": 483.093, "Actual Max Startup Time": 483.093, "Actual Min Total Time": 483.093, "Actual Max Total Time": 483.093, "Actual Total Rows": 80537, "Index Cond": "(o_orderkey = l2.l_orderkey)"}]}]}]}]}]}, "Triggers": [], "Planner Runtime": 15.989, "Total Runtime": 11264.77, "Unique SQL Id": 3870093320}}, "(16, 103)": {"explain_plan": {"Plan": {"Node Type": "Limit", "Startup Cost": 3882163.35, "Total Cost": 3882163.6, "Plan Rows": 100, "Plan Width": 34, "Plans": [{"Node Type": "Sort", "Parent Relationship": "Outer", "Startup Cost": 3882163.35, "Total Cost": 3882186.28, "Plan Rows": 100, "Plan Width": 34, "Sort Key": ["(count(*)) DESC", "supplier.s_name"], "Plans": [{"Node Type": "Aggregate", "Strategy": "Hashed", "Parent Relationship": "Outer", "Startup Cost": 3881721.08, "Total Cost": 3881812.8, "Plan Rows": 9172, "Plan Width": 34, "Group By Key": ["supplier.s_name"], "Plans": [{"Node Type": "Nested Loop", "Parent Relationship": "Outer", "Join Type": "Inner", "Startup Cost": 1232631.31, "Total Cost": 3881675.22, "Plan Rows": 9172, "Plan Width": 26, "Inner Unique": true, "Join Filter": "(l1.l_orderkey = orders.o_orderkey)", "Plans": [{"Node Type": "Nested Loop", "Parent Relationship": "Outer", "Join Type": "Semi", "Startup Cost": 1232630.71, "Total Cost": 3848114.46, "Plan Rows": 7254, "Plan Width": 42, "Inner Unique": false, "Plans": [{"Node Type": "Nested Loop", "Parent Relationship": "Outer", "Join Type": "Anti", "Startup Cost": 1232629.88, "Total Cost": 3832935.91, "Plan Rows": 7635, "Plan Width": 42, "Inner Unique": false, "Plans": [{"Node Type": "Hash Join", "Parent Relationship": "Outer", "Join Type": "Inner", "Startup Cost": 1232629.06, "Total Cost": 3474222.84, "Plan Rows": 152707, "Plan Width": 42, "Inner Unique": false, "Hash Cond": "(l1.l_suppkey = supplier.s_suppkey), (LLVM Optimized)", "Plans": [{"Node Type": "Bitmap Heap Scan", "Parent Relationship": "Outer", "Relation Name": "lineitem", "Alias": "l1", "Startup Cost": 1230034.33, "Total Cost": 3395117.25, "Plan Rows": 19995678, "Plan Width": 16, "Filter": "(l_receiptdate > l_commitdate), (LLVM Optimized)", "Plans": [{"Node Type": "Bitmap Index Scan", "Parent Relationship": "Outer", "Index Name": "idx_lineitem_orderkey", "Startup Cost": 0.0, "Total Cost": 1225035.42, "Plan Rows": 59987033, "Plan Width": 0}]}, {"Node Type": "Hash", "Parent Relationship": "Inner", "Startup Cost": 2544.73, "Total Cost": 2544.73, "Plan Rows": 4000, "Plan Width": 34, "Plans": [{"Node Type": "Nested Loop", "Parent Relationship": "Outer", "Join Type": "Inner", "Startup Cost": 103.63, "Total Cost": 2544.73, "Plan Rows": 4000, "Plan Width": 34, "Inner Unique": false, "Plans": [{"Node Type": "Bitmap Heap Scan", "Parent Relationship": "Outer", "Relation Name": "nation", "Alias": "nation", "Startup Cost": 8.38, "Total Cost": 12.69, "Plan Rows": 1, "Plan Width": 4, "Filter": "(n_name = 'EGYPT'::bpchar)", "Plans": [{"Node Type": "Bitmap Index Scan", "Parent Relationship": "Outer", "Index Name": "nation_pkey", "Startup Cost": 0.0, "Total Cost": 8.38, "Plan Rows": 25, "Plan Width": 0}]}, {"Node Type": "Bitmap Heap Scan", "Parent Relationship": "Inner", "Relation Name": "supplier", "Alias": "supplier", "Startup Cost": 95.25, "Total Cost": 2492.04, "Plan Rows": 4000, "Plan Width": 38, "Recheck Cond": "(s_nationkey = nation.n_nationkey)", "Plans": [{"Node Type": "Bitmap Index Scan", "Parent Relationship": "Outer", "Index Name": "idx_supplier_nation_key", "Startup Cost": 0.0, "Total Cost": 94.25, "Plan Rows": 4000, "Plan Width": 0, "Index Cond": "(s_nationkey = nation.n_nationkey)"}]}]}]}]}, {"Node Type": "Bitmap Heap Scan", "Parent Relationship": "Inner", "Relation Name": "lineitem", "Alias": "l3", "Startup Cost": 0.82, "Total Cost": 8.97, "Plan Rows": 3, "Plan Width": 16, "Recheck Cond": "(l_orderkey = l1.l_orderkey)", "Filter": "((l_receiptdate > l_commitdate) AND (l_suppkey <> l1.l_suppkey))", "Plans": [{"Node Type": "Bitmap Index Scan", "Parent Relationship": "Outer", "Index Name": "idx_lineitem_orderkey", "Startup Cost": 0.0, "Total Cost": 0.82, "Plan Rows": 9, "Plan Width": 0, "Index Cond": "(l_orderkey = l1.l_orderkey)"}]}]}, {"Node Type": "Bitmap Heap Scan", "Parent Relationship": "Inner", "Relation Name": "lineitem", "Alias": "l2", "Startup Cost": 0.82, "Total Cost": 8.95, "Plan Rows": 9, "Plan Width": 16, "Recheck Cond": "(l_orderkey = l1.l_orderkey)", "Filter": "(l_suppkey <> l1.l_suppkey)", "Plans": [{"Node Type": "Bitmap Index Scan", "Parent Relationship": "Outer", "Index Name": "idx_lineitem_orderkey", "Startup Cost": 0.0, "Total Cost": 0.82, "Plan Rows": 9, "Plan Width": 0, "Index Cond": "(l_orderkey = l1.l_orderkey)"}]}]}, {"Node Type": "Bitmap Heap Scan", "Parent Relationship": "Inner", "Relation Name": "orders", "Alias": "orders", "Startup Cost": 0.6, "Total Cost": 4.61, "Plan Rows": 1, "Plan Width": 8, "Recheck Cond": "(o_orderkey = l2.l_orderkey)", "Filter": "(o_orderstatus = 'F'::bpchar)", "Plans": [{"Node Type": "Bitmap Index Scan", "Parent Relationship": "Outer", "Index Name": "orders_pkey", "Startup Cost": 0.0, "Total Cost": 0.6, "Plan Rows": 1, "Plan Width": 0, "Index Cond": "(o_orderkey = l2.l_orderkey)"}]}]}]}]}]}, "Unique SQL Id": 3870093320}, "explain_analyze_plan": null}, "(16, 104)": {"explain_plan": {"Plan": {"Node Type": "Limit", "Startup Cost": 235032.82, "Total Cost": 235033.07, "Plan Rows": 100, "Plan Width": 34, "Plans": [{"Node Type": "Sort", "Parent Relationship": "Outer", "Startup Cost": 235032.82, "Total Cost": 235055.75, "Plan Rows": 100, "Plan Width": 34, "Sort Key": ["(count(*)) DESC", "supplier.s_name"], "Plans": [{"Node Type": "Aggregate", "Strategy": "Hashed", "Parent Relationship": "Outer", "Startup Cost": 234590.55, "Total Cost": 234682.27, "Plan Rows": 9172, "Plan Width": 34, "Group By Key": ["supplier.s_name"], "Plans": [{"Node Type": "Nested Loop", "Parent Relationship": "Outer", "Join Type": "Inner", "Startup Cost": 20006.2, "Total Cost": 234544.69, "Plan Rows": 9172, "Plan Width": 26, "Inner Unique": true, "Join Filter": "(l1.l_orderkey = orders.o_orderkey)", "Plans": [{"Node Type": "Nested Loop", "Parent Relationship": "Outer", "Join Type": "Semi", "Startup Cost": 20006.2, "Total Cost": 227444.32, "Plan Rows": 7254, "Plan Width": 42, "Inner Unique": false, "Plans": [{"Node Type": "Nested Loop", "Parent Relationship": "Outer", "Join Type": "Anti", "Startup Cost": 20006.2, "Total Cost": 225588.75, "Plan Rows": 7635, "Plan Width": 42, "Inner Unique": false, "Plans": [{"Node Type": "Streaming(type: LOCAL GATHER dop: 1/16)", "Parent Relationship": "Outer", "Startup Cost": 20006.2, "Total Cost": 178401.54, "Plan Rows": 152707, "Plan Width": 42, "Plans": [{"Node Type": "Hash Join", "Parent Relationship": "Outer", "Join Type": "Inner", "Startup Cost": 20006.2, "Total Cost": 175105.81, "Plan Rows": 152707, "Plan Width": 42, "Inner Unique": false, "Hash Cond": "(l1.l_suppkey = supplier.s_suppkey), (LLVM Optimized)", "Plans": [{"Node Type": "Seq Scan", "Parent Relationship": "Outer", "Relation Name": "lineitem", "Alias": "l1", "Startup Cost": 0.0, "Total Cost": 150317.68, "Plan Rows": 19995678, "Plan Width": 16, "Filter": "(l_receiptdate > l_commitdate), (LLVM Optimized)"}, {"Node Type": "Hash", "Parent Relationship": "Inner", "Startup Cost": 19956.2, "Total Cost": 19956.2, "Plan Rows": 64000, "Plan Width": 34, "Plans": [{"Node Type": "Streaming(type: BROADCAST dop: 16/1)", "Parent Relationship": "Outer", "Startup Cost": 1.32, "Total Cost": 19956.2, "Plan Rows": 64000, "Plan Width": 34, "Plans": [{"Node Type": "Hash Join", "Parent Relationship": "Outer", "Join Type": "Inner", "Startup Cost": 1.32, "Total Cost": 3574.95, "Plan Rows": 4000, "Plan Width": 34, "Inner Unique": true, "Hash Cond": "(supplier.s_nationkey = nation.n_nationkey)", "Plans": [{"Node Type": "Seq Scan", "Parent Relationship": "Outer", "Relation Name": "supplier", "Alias": "supplier", "Startup Cost": 0.0, "Total Cost": 3283.0, "Plan Rows": 100000, "Plan Width": 38}, {"Node Type": "Hash", "Parent Relationship": "Inner", "Startup Cost": 1.31, "Total Cost": 1.31, "Plan Rows": 1, "Plan Width": 4, "Plans": [{"Node Type": "Seq Scan", "Parent Relationship": "Outer", "Relation Name": "nation", "Alias": "nation", "Startup Cost": 0.0, "Total Cost": 1.31, "Plan Rows": 1, "Plan Width": 4, "Filter": "(n_name = 'EGYPT'::bpchar)"}]}]}]}]}]}]}, {"Node Type": "Index Scan", "Parent Relationship": "Inner", "Scan Direction": "Forward", "Index Name": "idx_lineitem_orderkey", "Relation Name": "lineitem", "Alias": "l3", "Startup Cost": 0.0, "Total Cost": 1.63, "Plan Rows": 3, "Plan Width": 16, "Index Cond": "(l_orderkey = l1.l_orderkey)", "Filter": "((l_receiptdate > l_commitdate) AND (l_suppkey <> l1.l_suppkey))"}]}, {"Node Type": "Index Scan", "Parent Relationship": "Inner", "Scan Direction": "Forward", "Index Name": "idx_lineitem_orderkey", "Relation Name": "lineitem", "Alias": "l2", "Startup Cost": 0.0, "Total Cost": 1.63, "Plan Rows": 9, "Plan Width": 16, "Index Cond": "(l_orderkey = l1.l_orderkey)", "Filter": "(l_suppkey <> l1.l_suppkey)"}]}, {"Node Type": "Index Scan", "Parent Relationship": "Inner", "Scan Direction": "Forward", "Index Name": "orders_pkey", "Relation Name": "orders", "Alias": "orders", "Startup Cost": 0.0, "Total Cost": 0.97, "Plan Rows": 1, "Plan Width": 8, "Index Cond": "(o_orderkey = l2.l_orderkey)", "Filter": "(o_orderstatus = 'F'::bpchar)"}]}]}]}]}, "Unique SQL Id": 3870093320}, "explain_analyze_plan": {"Plan": {"Node Type": "Limit", "Startup Cost": 235032.82, "Total Cost": 235033.07, "Plan Rows": 100, "Plan Width": 34, "Actual Min Startup Time": 12530.294, "Actual Max Startup Time": 12530.294, "Actual Min Total Time": 12530.313, "Actual Max Total Time": 12530.313, "Actual Total Rows": 100, "Plans": [{"Node Type": "Sort", "Parent Relationship": "Outer", "Startup Cost": 235032.82, "Total Cost": 235055.75, "Plan Rows": 100, "Plan Width": 34, "Actual Min Startup Time": 12530.291, "Actual Max Startup Time": 12530.291, "Actual Min Total Time": 12530.299, "Actual Max Total Time": 12530.299, "Actual Total Rows": 100, "Sort Key": ["(count(*)) DESC", "supplier.s_name"], "Sort Method": "top-N heapsort", "Sort Space Min Used": 41, "Sort Space Max Used": 41, "Sort Space Type": "Memory", "Plans": [{"Node Type": "Aggregate", "Strategy": "Hashed", "Parent Relationship": "Outer", "Startup Cost": 234590.55, "Total Cost": 234682.27, "Plan Rows": 9172, "Plan Width": 34, "Actual Min Startup Time": 12526.982, "Actual Max Startup Time": 12526.982, "Actual Min Total Time": 12528.236, "Actual Max Total Time": 12528.236, "Actual Total Rows": 3981, "Group By Key": ["supplier.s_name"], "Plans": [{"Node Type": "Nested Loop", "Parent Relationship": "Outer", "Join Type": "Inner", "Startup Cost": 20006.2, "Total Cost": 234544.69, "Plan Rows": 9172, "Plan Width": 26, "Actual Min Startup Time": 136.969, "Actual Max Startup Time": 136.969, "Actual Min Total Time": 12474.882, "Actual Max Total Time": 12474.882, "Actual Total Rows": 39445, "Inner Unique": true, "Join Filter": "(l1.l_orderkey = orders.o_orderkey)", "Rows Removed by Join Filter": 0, "Plans": [{"Node Type": "Nested Loop", "Parent Relationship": "Outer", "Join Type": "Semi", "Startup Cost": 20006.2, "Total Cost": 227444.32, "Plan Rows": 7254, "Plan Width": 42, "Actual Min Startup Time": 136.943, "Actual Max Startup Time": 136.943, "Actual Min Total Time": 11885.225, "Actual Max Total Time": 11885.225, "Actual Total Rows": 80537, "Inner Unique": false, "Plans": [{"Node Type": "Nested Loop", "Parent Relationship": "Outer", "Join Type": "Anti", "Startup Cost": 20006.2, "Total Cost": 225588.75, "Plan Rows": 7635, "Plan Width": 42, "Actual Min Startup Time": 136.931, "Actual Max Startup Time": 136.931, "Actual Min Total Time": 11294.761, "Actual Max Total Time": 11294.761, "Actual Total Rows": 135110, "Inner Unique": false, "Plans": [{"Node Type": "Streaming(type: LOCAL GATHER dop: 1/16)", "Parent Relationship": "Outer", "Startup Cost": 20006.2, "Total Cost": 178401.54, "Plan Rows": 152707, "Plan Width": 42, "Actual Min Startup Time": 136.761, "Actual Max Startup Time": 136.761, "Actual Min Total Time": 860.562, "Actual Max Total Time": 860.562, "Actual Total Rows": 1511024, "Plans": [{"Node Type": "Hash Join", "Parent Relationship": "Outer", "Join Type": "Inner", "Startup Cost": 20006.2, "Total Cost": 175105.81, "Plan Rows": 152707, "Plan Width": 42, "Actual Min Startup Time": 80.661, "Actual Max Startup Time": 92.066, "Actual Min Total Time": 2173.837, "Actual Max Total Time": 2246.976, "Actual Total Rows": 1511024, "Inner Unique": false, "Hash Cond": "(l1.l_suppkey = supplier.s_suppkey), (LLVM Optimized, Jit Execute)", "Plans": [{"Node Type": "Seq Scan", "Parent Relationship": "Outer", "Relation Name": "lineitem", "Alias": "l1", "Startup Cost": 0.0, "Total Cost": 150317.68, "Plan Rows": 19995678, "Plan Width": 16, "Actual Min Startup Time": 0.026, "Actual Max Startup Time": 0.042, "Actual Min Total Time": 1600.127, "Actual Max Total Time": 1653.437, "Actual Total Rows": 37929348, "Filter": "(l_receiptdate > l_commitdate), (LLVM Optimized, Jit Execute)", "Rows Removed by Filter": 22056704}, {"Node Type": "Hash", "Parent Relationship": "Inner", "Startup Cost": 19956.2, "Total Cost": 19956.2, "Plan Rows": 64000, "Plan Width": 34, "Actual Min Startup Time": 80.532, "Actual Max Startup Time": 91.922, "Actual Min Total Time": 80.532, "Actual Max Total Time": 91.922, "Actual Total Rows": 63696, "Max Hash Buckets": 32768, "Min Hash Buckets": 32768, "Max Hash Batches": 1, "Min Hash Batches": 1, "Max Original Hash Batches": 1, "Min Original Hash Batches": 1, "Max Peak Memory Usage": 280, "min Peak Memory Usage": 280, "Plans": [{"Node Type": "Streaming(type: BROADCAST dop: 16/1)", "Parent Relationship": "Outer", "Startup Cost": 1.32, "Total Cost": 19956.2, "Plan Rows": 64000, "Plan Width": 34, "Actual Min Startup Time": 0.024, "Actual Max Startup Time": 0.063, "Actual Min Total Time": 79.469, "Actual Max Total Time": 90.784, "Actual Total Rows": 63696, "Plans": [{"Node Type": "Hash Join", "Parent Relationship": "Outer", "Join Type": "Inner", "Startup Cost": 1.32, "Total Cost": 3574.95, "Plan Rows": 4000, "Plan Width": 34, "Actual Min Startup Time": 0.155, "Actual Max Startup Time": 0.155, "Actual Min Total Time": 48.476, "Actual Max Total Time": 48.476, "Actual Total Rows": 3981, "Inner Unique": true, "Hash Cond": "(supplier.s_nationkey = nation.n_nationkey)", "Plans": [{"Node Type": "Seq Scan", "Parent Relationship": "Outer", "Relation Name": "supplier", "Alias": "supplier", "Startup Cost": 0.0, "Total Cost": 3283.0, "Plan Rows": 100000, "Plan Width": 38, "Actual Min Startup Time": 0.028, "Actual Max Startup Time": 0.028, "Actual Min Total Time": 28.676, "Actual Max Total Time": 28.676, "Actual Total Rows": 100000}, {"Node Type": "Hash", "Parent Relationship": "Inner", "Startup Cost": 1.31, "Total Cost": 1.31, "Plan Rows": 1, "Plan Width": 4, "Actual Min Startup Time": 0.056, "Actual Max Startup Time": 0.056, "Actual Min Total Time": 0.056, "Actual Max Total Time": 0.056, "Actual Total Rows": 1, "Max Hash Buckets": 32768, "Min Hash Buckets": 32768, "Max Hash Batches": 1, "Min Hash Batches": 1, "Max Original Hash Batches": 1, "Min Original Hash Batches": 1, "Max Peak Memory Usage": 1, "min Peak Memory Usage": 1, "Plans": [{"Node Type": "Seq Scan", "Parent Relationship": "Outer", "Relation Name": "nation", "Alias": "nation", "Startup Cost": 0.0, "Total Cost": 1.31, "Plan Rows": 1, "Plan Width": 4, "Actual Min Startup Time": 0.034, "Actual Max Startup Time": 0.034, "Actual Min Total Time": 0.041, "Actual Max Total Time": 0.041, "Actual Total Rows": 1, "Filter": "(n_name = 'EGYPT'::bpchar)", "Rows Removed by Filter": 24}]}]}]}]}]}]}, {"Node Type": "Index Scan", "Parent Relationship": "Inner", "Scan Direction": "Forward", "Index Name": "idx_lineitem_orderkey", "Relation Name": "lineitem", "Alias": "l3", "Startup Cost": 0.0, "Total Cost": 1.63, "Plan Rows": 3, "Plan Width": 16, "Actual Min Startup Time": 9409.766, "Actual Max Startup Time": 9409.766, "Actual Min Total Time": 9409.766, "Actual Max Total Time": 9409.766, "Actual Total Rows": 1375914, "Index Cond": "(l_orderkey = l1.l_orderkey)", "Rows Removed by Index Recheck": 0, "Filter": "((l_receiptdate > l_commitdate) AND (l_suppkey <> l1.l_suppkey))", "Rows Removed by Filter": 1348115}]}, {"Node Type": "Index Scan", "Parent Relationship": "Inner", "Scan Direction": "Forward", "Index Name": "idx_lineitem_orderkey", "Relation Name": "lineitem", "Alias": "l2", "Startup Cost": 0.0, "Total Cost": 1.63, "Plan Rows": 9, "Plan Width": 16, "Actual Min Startup Time": 495.485, "Actual Max Startup Time": 495.485, "Actual Min Total Time": 495.485, "Actual Max Total Time": 495.485, "Actual Total Rows": 80537, "Index Cond": "(l_orderkey = l1.l_orderkey)", "Rows Removed by Index Recheck": 0, "Filter": "(l_suppkey <> l1.l_suppkey)", "Rows Removed by Filter": 85912}]}, {"Node Type": "Index Scan", "Parent Relationship": "Inner", "Scan Direction": "Forward", "Index Name": "orders_pkey", "Relation Name": "orders", "Alias": "orders", "Startup Cost": 0.0, "Total Cost": 0.97, "Plan Rows": 1, "Plan Width": 8, "Actual Min Startup Time": 525.838, "Actual Max Startup Time": 525.838, "Actual Min Total Time": 525.838, "Actual Max Total Time": 525.838, "Actual Total Rows": 39445, "Index Cond": "(o_orderkey = l2.l_orderkey)", "Rows Removed by Index Recheck": 0, "Filter": "(o_orderstatus = 'F'::bpchar)", "Rows Removed by Filter": 41092}]}]}]}]}, "Triggers": [], "Planner Runtime": 13.269, "Total Runtime": 12542.759, "Unique SQL Id": 3870093320}}, "(16, 105)": {"explain_plan": {"Plan": {"Node Type": "Limit", "Startup Cost": 2788927.51, "Total Cost": 2788927.76, "Plan Rows": 100, "Plan Width": 34, "Plans": [{"Node Type": "Sort", "Parent Relationship": "Outer", "Startup Cost": 2788927.51, "Total Cost": 2788950.44, "Plan Rows": 100, "Plan Width": 34, "Sort Key": ["(count(*)) DESC", "supplier.s_name"], "Plans": [{"Node Type": "Aggregate", "Strategy": "Hashed", "Parent Relationship": "Outer", "Startup Cost": 2788485.24, "Total Cost": 2788576.96, "Plan Rows": 9172, "Plan Width": 34, "Group By Key": ["supplier.s_name"], "Plans": [{"Node Type": "Nested Loop", "Parent Relationship": "Outer", "Join Type": "Inner", "Startup Cost": 22070.29, "Total Cost": 2788439.38, "Plan Rows": 9172, "Plan Width": 26, "Inner Unique": true, "Join Filter": "(l1.l_orderkey = orders.o_orderkey)", "Plans": [{"Node Type": "Nested Loop", "Parent Relationship": "Outer", "Join Type": "Semi", "Startup Cost": 22070.29, "Total Cost": 2781339.01, "Plan Rows": 7254, "Plan Width": 42, "Inner Unique": false, "Plans": [{"Node Type": "Nested Loop", "Parent Relationship": "Outer", "Join Type": "Anti", "Startup Cost": 22070.29, "Total Cost": 2779483.45, "Plan Rows": 7635, "Plan Width": 42, "Inner Unique": false, "Plans": [{"Node Type": "Streaming(type: LOCAL GATHER dop: 1/16)", "Parent Relationship": "Outer", "Startup Cost": 22070.29, "Total Cost": 2732296.23, "Plan Rows": 152707, "Plan Width": 42, "Plans": [{"Node Type": "Hash Join", "Parent Relationship": "Outer", "Join Type": "Inner", "Startup Cost": 22070.29, "Total Cost": 2729000.5, "Plan Rows": 152707, "Plan Width": 42, "Inner Unique": false, "Hash Cond": "(l1.l_suppkey = supplier.s_suppkey), (LLVM Optimized)", "Plans": [{"Node Type": "Index Scan", "Parent Relationship": "Outer", "Scan Direction": "Forward", "Index Name": "idx_lineitem_orderkey", "Relation Name": "lineitem", "Alias": "l1", "Startup Cost": 0.0, "Total Cost": 2702148.28, "Plan Rows": 19995678, "Plan Width": 16, "Filter": "(l_receiptdate > l_commitdate), (LLVM Optimized)"}, {"Node Type": "Hash", "Parent Relationship": "Inner", "Startup Cost": 22020.29, "Total Cost": 22020.29, "Plan Rows": 64000, "Plan Width": 34, "Plans": [{"Node Type": "Streaming(type: BROADCAST dop: 16/1)", "Parent Relationship": "Outer", "Startup Cost": 12.7, "Total Cost": 22020.29, "Plan Rows": 64000, "Plan Width": 34, "Plans": [{"Node Type": "Hash Join", "Parent Relationship": "Outer", "Join Type": "Inner", "Startup Cost": 12.7, "Total Cost": 5639.04, "Plan Rows": 4000, "Plan Width": 34, "Inner Unique": true, "Hash Cond": "(supplier.s_nationkey = nation.n_nationkey)", "Plans": [{"Node Type": "Index Scan", "Parent Relationship": "Outer", "Scan Direction": "Forward", "Index Name": "supplier_pkey", "Relation Name": "supplier", "Alias": "supplier", "Startup Cost": 0.0, "Total Cost": 5335.71, "Plan Rows": 100000, "Plan Width": 38}, {"Node Type": "Hash", "Parent Relationship": "Inner", "Startup Cost": 12.69, "Total Cost": 12.69, "Plan Rows": 1, "Plan Width": 4, "Plans": [{"Node Type": "Index Scan", "Parent Relationship": "Outer", "Scan Direction": "Forward", "Index Name": "nation_pkey", "Relation Name": "nation", "Alias": "nation", "Startup Cost": 0.0, "Total Cost": 12.69, "Plan Rows": 1, "Plan Width": 4, "Filter": "(n_name = 'EGYPT'::bpchar)"}]}]}]}]}]}]}, {"Node Type": "Index Scan", "Parent Relationship": "Inner", "Scan Direction": "Forward", "Index Name": "idx_lineitem_orderkey", "Relation Name": "lineitem", "Alias": "l3", "Startup Cost": 0.0, "Total Cost": 1.63, "Plan Rows": 3, "Plan Width": 16, "Index Cond": "(l_orderkey = l1.l_orderkey)", "Filter": "((l_receiptdate > l_commitdate) AND (l_suppkey <> l1.l_suppkey))"}]}, {"Node Type": "Index Scan", "Parent Relationship": "Inner", "Scan Direction": "Forward", "Index Name": "idx_lineitem_orderkey", "Relation Name": "lineitem", "Alias": "l2", "Startup Cost": 0.0, "Total Cost": 1.63, "Plan Rows": 9, "Plan Width": 16, "Index Cond": "(l_orderkey = l1.l_orderkey)", "Filter": "(l_suppkey <> l1.l_suppkey)"}]}, {"Node Type": "Index Scan", "Parent Relationship": "Inner", "Scan Direction": "Forward", "Index Name": "orders_pkey", "Relation Name": "orders", "Alias": "orders", "Startup Cost": 0.0, "Total Cost": 0.97, "Plan Rows": 1, "Plan Width": 8, "Index Cond": "(o_orderkey = l2.l_orderkey)", "Filter": "(o_orderstatus = 'F'::bpchar)"}]}]}]}]}, "Unique SQL Id": 3870093320}, "explain_analyze_plan": {"Plan": {"Node Type": "Limit", "Startup Cost": 2788927.51, "Total Cost": 2788927.76, "Plan Rows": 100, "Plan Width": 34, "Actual Min Startup Time": 12922.857, "Actual Max Startup Time": 12922.857, "Actual Min Total Time": 12922.875, "Actual Max Total Time": 12922.875, "Actual Total Rows": 100, "Plans": [{"Node Type": "Sort", "Parent Relationship": "Outer", "Startup Cost": 2788927.51, "Total Cost": 2788950.44, "Plan Rows": 100, "Plan Width": 34, "Actual Min Startup Time": 12922.854, "Actual Max Startup Time": 12922.854, "Actual Min Total Time": 12922.86, "Actual Max Total Time": 12922.86, "Actual Total Rows": 100, "Sort Key": ["(count(*)) DESC", "supplier.s_name"], "Sort Method": "top-N heapsort", "Sort Space Min Used": 41, "Sort Space Max Used": 41, "Sort Space Type": "Memory", "Plans": [{"Node Type": "Aggregate", "Strategy": "Hashed", "Parent Relationship": "Outer", "Startup Cost": 2788485.24, "Total Cost": 2788576.96, "Plan Rows": 9172, "Plan Width": 34, "Actual Min Startup Time": 12919.417, "Actual Max Startup Time": 12919.417, "Actual Min Total Time": 12920.679, "Actual Max Total Time": 12920.679, "Actual Total Rows": 3981, "Group By Key": ["supplier.s_name"], "Plans": [{"Node Type": "Nested Loop", "Parent Relationship": "Outer", "Join Type": "Inner", "Startup Cost": 22070.29, "Total Cost": 2788439.38, "Plan Rows": 9172, "Plan Width": 26, "Actual Min Startup Time": 666.487, "Actual Max Startup Time": 666.487, "Actual Min Total Time": 12872.21, "Actual Max Total Time": 12872.21, "Actual Total Rows": 39445, "Inner Unique": true, "Join Filter": "(l1.l_orderkey = orders.o_orderkey)", "Rows Removed by Join Filter": 0, "Plans": [{"Node Type": "Nested Loop", "Parent Relationship": "Outer", "Join Type": "Semi", "Startup Cost": 22070.29, "Total Cost": 2781339.01, "Plan Rows": 7254, "Plan Width": 42, "Actual Min Startup Time": 666.46, "Actual Max Startup Time": 666.46, "Actual Min Total Time": 12299.192, "Actual Max Total Time": 12299.192, "Actual Total Rows": 80537, "Inner Unique": false, "Plans": [{"Node Type": "Nested Loop", "Parent Relationship": "Outer", "Join Type": "Anti", "Startup Cost": 22070.29, "Total Cost": 2779483.45, "Plan Rows": 7635, "Plan Width": 42, "Actual Min Startup Time": 666.386, "Actual Max Startup Time": 666.386, "Actual Min Total Time": 11708.158, "Actual Max Total Time": 11708.158, "Actual Total Rows": 135110, "Inner Unique": false, "Plans": [{"Node Type": "Streaming(type: LOCAL GATHER dop: 1/16)", "Parent Relationship": "Outer", "Startup Cost": 22070.29, "Total Cost": 2732296.23, "Plan Rows": 152707, "Plan Width": 42, "Actual Min Startup Time": 666.221, "Actual Max Startup Time": 666.221, "Actual Min Total Time": 1331.623, "Actual Max Total Time": 1331.623, "Actual Total Rows": 1511024, "Plans": [{"Node Type": "Hash Join", "Parent Relationship": "Outer", "Join Type": "Inner", "Startup Cost": 22070.29, "Total Cost": 2729000.5, "Plan Rows": 152707, "Plan Width": 42, "Actual Min Startup Time": 619.322, "Actual Max Startup Time": 626.753, "Actual Min Total Time": 3761.45, "Actual Max Total Time": 4319.253, "Actual Total Rows": 1511024, "Inner Unique": false, "Hash Cond": "(l1.l_suppkey = supplier.s_suppkey), (LLVM Optimized, Jit Execute)", "Plans": [{"Node Type": "Index Scan", "Parent Relationship": "Outer", "Scan Direction": "Forward", "Index Name": "idx_lineitem_orderkey", "Relation Name": "lineitem", "Alias": "l1", "Startup Cost": 0.0, "Total Cost": 2702148.28, "Plan Rows": 19995678, "Plan Width": 16, "Actual Min Startup Time": 513.995, "Actual Max Startup Time": 514.08, "Actual Min Total Time": 3148.309, "Actual Max Total Time": 3722.33, "Actual Total Rows": 37929348, "Filter": "(l_receiptdate > l_commitdate), (LLVM Optimized, Jit Execute)", "Rows Removed by Filter": 22056704}, {"Node Type": "Hash", "Parent Relationship": "Inner", "Startup Cost": 22020.29, "Total Cost": 22020.29, "Plan Rows": 64000, "Plan Width": 34, "Actual Min Startup Time": 105.209, "Actual Max Startup Time": 112.612, "Actual Min Total Time": 105.209, "Actual Max Total Time": 112.612, "Actual Total Rows": 63696, "Max Hash Buckets": 32768, "Min Hash Buckets": 32768, "Max Hash Batches": 1, "Min Hash Batches": 1, "Max Original Hash Batches": 1, "Min Original Hash Batches": 1, "Max Peak Memory Usage": 280, "min Peak Memory Usage": 280, "Plans": [{"Node Type": "Streaming(type: BROADCAST dop: 16/1)", "Parent Relationship": "Outer", "Startup Cost": 12.7, "Total Cost": 22020.29, "Plan Rows": 64000, "Plan Width": 34, "Actual Min Startup Time": 0.024, "Actual Max Startup Time": 0.035, "Actual Min Total Time": 104.15, "Actual Max Total Time": 111.392, "Actual Total Rows": 63696, "Plans": [{"Node Type": "Hash Join", "Parent Relationship": "Outer", "Join Type": "Inner", "Startup Cost": 12.7, "Total Cost": 5639.04, "Plan Rows": 4000, "Plan Width": 34, "Actual Min Startup Time": 0.213, "Actual Max Startup Time": 0.213, "Actual Min Total Time": 77.672, "Actual Max Total Time": 77.672, "Actual Total Rows": 3981, "Inner Unique": true, "Hash Cond": "(supplier.s_nationkey = nation.n_nationkey)", "Plans": [{"Node Type": "Index Scan", "Parent Relationship": "Outer", "Scan Direction": "Forward", "Index Name": "supplier_pkey", "Relation Name": "supplier", "Alias": "supplier", "Startup Cost": 0.0, "Total Cost": 5335.71, "Plan Rows": 100000, "Plan Width": 38, "Actual Min Startup Time": 0.048, "Actual Max Startup Time": 0.048, "Actual Min Total Time": 57.848, "Actual Max Total Time": 57.848, "Actual Total Rows": 100000}, {"Node Type": "Hash", "Parent Relationship": "Inner", "Startup Cost": 12.69, "Total Cost": 12.69, "Plan Rows": 1, "Plan Width": 4, "Actual Min Startup Time": 0.066, "Actual Max Startup Time": 0.066, "Actual Min Total Time": 0.066, "Actual Max Total Time": 0.066, "Actual Total Rows": 1, "Max Hash Buckets": 32768, "Min Hash Buckets": 32768, "Max Hash Batches": 1, "Min Hash Batches": 1, "Max Original Hash Batches": 1, "Min Original Hash Batches": 1, "Max Peak Memory Usage": 1, "min Peak Memory Usage": 1, "Plans": [{"Node Type": "Index Scan", "Parent Relationship": "Outer", "Scan Direction": "Forward", "Index Name": "nation_pkey", "Relation Name": "nation", "Alias": "nation", "Startup Cost": 0.0, "Total Cost": 12.69, "Plan Rows": 1, "Plan Width": 4, "Actual Min Startup Time": 0.038, "Actual Max Startup Time": 0.038, "Actual Min Total Time": 0.054, "Actual Max Total Time": 0.054, "Actual Total Rows": 1, "Filter": "(n_name = 'EGYPT'::bpchar)", "Rows Removed by Filter": 24}]}]}]}]}]}]}, {"Node Type": "Index Scan", "Parent Relationship": "Inner", "Scan Direction": "Forward", "Index Name": "idx_lineitem_orderkey", "Relation Name": "lineitem", "Alias": "l3", "Startup Cost": 0.0, "Total Cost": 1.63, "Plan Rows": 3, "Plan Width": 16, "Actual Min Startup Time": 9355.858, "Actual Max Startup Time": 9355.858, "Actual Min Total Time": 9355.858, "Actual Max Total Time": 9355.858, "Actual Total Rows": 1375914, "Index Cond": "(l_orderkey = l1.l_orderkey)", "Rows Removed by Index Recheck": 0, "Filter": "((l_receiptdate > l_commitdate) AND (l_suppkey <> l1.l_suppkey))", "Rows Removed by Filter": 1348115}]}, {"Node Type": "Index Scan", "Parent Relationship": "Inner", "Scan Direction": "Forward", "Index Name": "idx_lineitem_orderkey", "Relation Name": "lineitem", "Alias": "l2", "Startup Cost": 0.0, "Total Cost": 1.63, "Plan Rows": 9, "Plan Width": 16, "Actual Min Startup Time": 496.109, "Actual Max Startup Time": 496.109, "Actual Min Total Time": 496.109, "Actual Max Total Time": 496.109, "Actual Total Rows": 80537, "Index Cond": "(l_orderkey = l1.l_orderkey)", "Rows Removed by Index Recheck": 0, "Filter": "(l_suppkey <> l1.l_suppkey)", "Rows Removed by Filter": 85912}]}, {"Node Type": "Index Scan", "Parent Relationship": "Inner", "Scan Direction": "Forward", "Index Name": "orders_pkey", "Relation Name": "orders", "Alias": "orders", "Startup Cost": 0.0, "Total Cost": 0.97, "Plan Rows": 1, "Plan Width": 8, "Actual Min Startup Time": 510.002, "Actual Max Startup Time": 510.002, "Actual Min Total Time": 510.002, "Actual Max Total Time": 510.002, "Actual Total Rows": 39445, "Index Cond": "(o_orderkey = l2.l_orderkey)", "Rows Removed by Index Recheck": 0, "Filter": "(o_orderstatus = 'F'::bpchar)", "Rows Removed by Filter": 41092}]}]}]}]}, "Triggers": [], "Planner Runtime": 12.553, "Total Runtime": 12935.306, "Unique SQL Id": 3870093320}}, "(16, 106)": {"explain_plan": {"Plan": {"Node Type": "Limit", "Startup Cost": 747988.54, "Total Cost": 747988.79, "Plan Rows": 100, "Plan Width": 34, "Plans": [{"Node Type": "Sort", "Parent Relationship": "Outer", "Startup Cost": 747988.54, "Total Cost": 747988.79, "Plan Rows": 100, "Plan Width": 34, "Sort Key": ["(count(*)) DESC", "supplier.s_name"], "Plans": [{"Node Type": "Streaming(type: LOCAL GATHER dop: 1/16)", "Parent Relationship": "Outer", "Startup Cost": 747984.4, "Total Cost": 747985.22, "Plan Rows": 100, "Plan Width": 34, "Plans": [{"Node Type": "Limit", "Parent Relationship": "Outer", "Startup Cost": 747984.4, "Total Cost": 747984.65, "Plan Rows": 100, "Plan Width": 34, "Plans": [{"Node Type": "Sort", "Parent Relationship": "Outer", "Startup Cost": 747984.4, "Total Cost": 748007.33, "Plan Rows": 100, "Plan Width": 34, "Sort Key": ["(count(*)) DESC", "supplier.s_name"], "Plans": [{"Node Type": "Aggregate", "Strategy": "Hashed", "Parent Relationship": "Outer", "Startup Cost": 747628.12, "Total Cost": 747633.85, "Plan Rows": 9172, "Plan Width": 34, "Group By Key": ["supplier.s_name"], "Plans": [{"Node Type": "Streaming(type: LOCAL REDISTRIBUTE dop: 16/16)", "Parent Relationship": "Outer", "Startup Cost": 308588.13, "Total Cost": 747625.25, "Plan Rows": 9172, "Plan Width": 26, "Plans": [{"Node Type": "Hash Join", "Parent Relationship": "Outer", "Join Type": "Anti", "Startup Cost": 308588.13, "Total Cost": 747325.37, "Plan Rows": 9172, "Plan Width": 26, "Inner Unique": false, "Hash Cond": "(l1.l_orderkey = l3.l_orderkey)", "Join Filter": "(l3.l_suppkey <> l1.l_suppkey)", "Plans": [{"Node Type": "Streaming(type: LOCAL REDISTRIBUTE dop: 16/16)", "Parent Relationship": "Outer", "Startup Cost": 207535.81, "Total Cost": 645828.7, "Plan Rows": 183444, "Plan Width": 42, "Plans": [{"Node Type": "Hash Join", "Parent Relationship": "Outer", "Join Type": "Inner", "Startup Cost": 207535.81, "Total Cost": 630133.61, "Plan Rows": 183444, "Plan Width": 42, "Inner Unique": true, "Hash Cond": "(l1.l_orderkey = orders.o_orderkey), (LLVM Optimized)", "Plans": [{"Node Type": "Streaming(type: BROADCAST dop: 16/16)", "Parent Relationship": "Outer", "Startup Cost": 190803.73, "Total Cost": 612742.87, "Plan Rows": 2321152, "Plan Width": 50, "Plans": [{"Node Type": "Hash Join", "Parent Relationship": "Outer", "Join Type": "Right Semi", "Startup Cost": 190803.73, "Total Cost": 591849.32, "Plan Rows": 145072, "Plan Width": 50, "Inner Unique": false, "Hash Cond": "(l2.l_orderkey = l1.l_orderkey), (LLVM Optimized)", "Join Filter": "(l2.l_suppkey <> l1.l_suppkey), (LLVM Optimized)", "Plans": [{"Node Type": "Streaming(type: LOCAL REDISTRIBUTE dop: 16/16)", "Parent Relationship": "Outer", "Startup Cost": 0.0, "Total Cost": 383239.33, "Plan Rows": 59987033, "Plan Width": 16, "Plans": [{"Node Type": "Seq Scan", "Parent Relationship": "Outer", "Relation Name": "lineitem", "Alias": "l2", "Startup Cost": 0.0, "Total Cost": 140944.71, "Plan Rows": 59987033, "Plan Width": 16}]}, {"Node Type": "Hash", "Parent Relationship": "Inner", "Startup Cost": 190684.43, "Total Cost": 190684.43, "Plan Rows": 152707, "Plan Width": 42, "Plans": [{"Node Type": "Streaming(type: LOCAL REDISTRIBUTE dop: 16/16)", "Parent Relationship": "Outer", "Startup Cost": 20006.2, "Total Cost": 190684.43, "Plan Rows": 152707, "Plan Width": 42, "Plans": [{"Node Type": "Hash Join", "Parent Relationship": "Outer", "Join Type": "Inner", "Startup Cost": 20006.2, "Total Cost": 175105.81, "Plan Rows": 152707, "Plan Width": 42, "Inner Unique": false, "Hash Cond": "(l1.l_suppkey = supplier.s_suppkey), (LLVM Optimized)", "Plans": [{"Node Type": "Seq Scan", "Parent Relationship": "Outer", "Relation Name": "lineitem", "Alias": "l1", "Startup Cost": 0.0, "Total Cost": 150317.68, "Plan Rows": 19995678, "Plan Width": 16, "Filter": "(l_receiptdate > l_commitdate), (LLVM Optimized)"}, {"Node Type": "Hash", "Parent Relationship": "Inner", "Startup Cost": 19956.2, "Total Cost": 19956.2, "Plan Rows": 64000, "Plan Width": 34, "Plans": [{"Node Type": "Streaming(type: BROADCAST dop: 16/1)", "Parent Relationship": "Outer", "Startup Cost": 1.32, "Total Cost": 19956.2, "Plan Rows": 64000, "Plan Width": 34, "Plans": [{"Node Type": "Hash Join", "Parent Relationship": "Outer", "Join Type": "Inner", "Startup Cost": 1.32, "Total Cost": 3574.95, "Plan Rows": 4000, "Plan Width": 34, "Inner Unique": true, "Hash Cond": "(supplier.s_nationkey = nation.n_nationkey)", "Plans": [{"Node Type": "Seq Scan", "Parent Relationship": "Outer", "Relation Name": "supplier", "Alias": "supplier", "Startup Cost": 0.0, "Total Cost": 3283.0, "Plan Rows": 100000, "Plan Width": 38}, {"Node Type": "Hash", "Parent Relationship": "Inner", "Startup Cost": 1.31, "Total Cost": 1.31, "Plan Rows": 1, "Plan Width": 4, "Plans": [{"Node Type": "Seq Scan", "Parent Relationship": "Outer", "Relation Name": "nation", "Alias": "nation", "Startup Cost": 0.0, "Total Cost": 1.31, "Plan Rows": 1, "Plan Width": 4, "Filter": "(n_name = 'EGYPT'::bpchar)"}]}]}]}]}]}]}]}]}]}, {"Node Type": "Hash", "Parent Relationship": "Inner", "Startup Cost": 43994.53, "Total Cost": 43994.53, "Plan Rows": 7338812, "Plan Width": 8, "Plans": [{"Node Type": "Seq Scan", "Parent Relationship": "Outer", "Relation Name": "orders", "Alias": "orders", "Startup Cost": 0.0, "Total Cost": 43994.53, "Plan Rows": 7338812, "Plan Width": 8, "Filter": "(o_orderstatus = 'F'::bpchar), (LLVM Optimized)"}]}]}]}, {"Node Type": "Hash", "Parent Relationship": "Inner", "Startup Cost": 241082.56, "Total Cost": 241082.56, "Plan Rows": 19995678, "Plan Width": 16, "Plans": [{"Node Type": "Streaming(type: LOCAL REDISTRIBUTE dop: 16/16)", "Parent Relationship": "Outer", "Startup Cost": 0.0, "Total Cost": 241082.56, "Plan Rows": 19995678, "Plan Width": 16, "Plans": [{"Node Type": "Seq Scan", "Parent Relationship": "Outer", "Relation Name": "lineitem", "Alias": "l3", "Startup Cost": 0.0, "Total Cost": 150317.68, "Plan Rows": 19995678, "Plan Width": 16, "Filter": "(l_receiptdate > l_commitdate), (LLVM Optimized)"}]}]}]}]}]}]}]}]}]}]}, "Unique SQL Id": 3870093320}, "explain_analyze_plan": {"Plan": {"Node Type": "Limit", "Startup Cost": 747988.54, "Total Cost": 747988.79, "Plan Rows": 100, "Plan Width": 34, "Actual Min Startup Time": 16410.512, "Actual Max Startup Time": 16410.512, "Actual Min Total Time": 16410.529, "Actual Max Total Time": 16410.529, "Actual Total Rows": 100, "Plans": [{"Node Type": "Sort", "Parent Relationship": "Outer", "Startup Cost": 747988.54, "Total Cost": 747988.79, "Plan Rows": 100, "Plan Width": 34, "Actual Min Startup Time": 16410.509, "Actual Max Startup Time": 16410.509, "Actual Min Total Time": 16410.514, "Actual Max Total Time": 16410.514, "Actual Total Rows": 100, "Sort Key": ["(count(*)) DESC", "supplier.s_name"], "Sort Method": "top-N heapsort", "Sort Space Min Used": 39, "Sort Space Max Used": 39, "Sort Space Type": "Memory", "Plans": [{"Node Type": "Streaming(type: LOCAL GATHER dop: 1/16)", "Parent Relationship": "Outer", "Startup Cost": 747984.4, "Total Cost": 747985.22, "Plan Rows": 100, "Plan Width": 34, "Actual Min Startup Time": 16408.559, "Actual Max Startup Time": 16408.559, "Actual Min Total Time": 16409.348, "Actual Max Total Time": 16409.348, "Actual Total Rows": 1600, "Plans": [{"Node Type": "Limit", "Parent Relationship": "Outer", "Startup Cost": 747984.4, "Total Cost": 747984.65, "Plan Rows": 100, "Plan Width": 34, "Actual Min Startup Time": 16227.99, "Actual Max Startup Time": 16274.744, "Actual Min Total Time": 16228.007, "Actual Max Total Time": 16274.763, "Actual Total Rows": 1600, "Plans": [{"Node Type": "Sort", "Parent Relationship": "Outer", "Startup Cost": 747984.4, "Total Cost": 748007.33, "Plan Rows": 100, "Plan Width": 34, "Actual Min Startup Time": 16227.988, "Actual Max Startup Time": 16274.742, "Actual Min Total Time": 16227.993, "Actual Max Total Time": 16274.755, "Actual Total Rows": 1600, "Sort Key": ["(count(*)) DESC", "supplier.s_name"], "Sort Method": "top-N heapsort", "Sort Space Min Used": 40, "Sort Space Max Used": 40, "Sort Space Type": "Memory", "Plans": [{"Node Type": "Aggregate", "Strategy": "Hashed", "Parent Relationship": "Outer", "Startup Cost": 747628.12, "Total Cost": 747633.85, "Plan Rows": 9172, "Plan Width": 34, "Actual Min Startup Time": 16227.545, "Actual Max Startup Time": 16274.259, "Actual Min Total Time": 16227.597, "Actual Max Total Time": 16274.321, "Actual Total Rows": 3981, "Group By Key": ["supplier.s_name"], "Plans": [{"Node Type": "Streaming(type: LOCAL REDISTRIBUTE dop: 16/16)", "Parent Relationship": "Outer", "Startup Cost": 308588.13, "Total Cost": 747625.25, "Plan Rows": 9172, "Plan Width": 26, "Actual Min Startup Time": 10228.571, "Actual Max Startup Time": 11360.079, "Actual Min Total Time": 16225.834, "Actual Max Total Time": 16272.714, "Actual Total Rows": 39445, "Plans": [{"Node Type": "Hash Join", "Parent Relationship": "Outer", "Join Type": "Anti", "Startup Cost": 308588.13, "Total Cost": 747325.37, "Plan Rows": 9172, "Plan Width": 26, "Actual Min Startup Time": 6983.332, "Actual Max Startup Time": 7054.674, "Actual Min Total Time": 16196.812, "Actual Max Total Time": 16259.256, "Actual Total Rows": 39445, "Inner Unique": false, "Hash Cond": "(l1.l_orderkey = l3.l_orderkey)", "Join Filter": "(l3.l_suppkey <> l1.l_suppkey)", "Rows Removed by Join Filter": 238782, "Plans": [{"Node Type": "Streaming(type: LOCAL REDISTRIBUTE dop: 16/16)", "Parent Relationship": "Outer", "Startup Cost": 207535.81, "Total Cost": 645828.7, "Plan Rows": 183444, "Plan Width": 42, "Actual Min Startup Time": 0.135, "Actual Max Startup Time": 43.029, "Actual Min Total Time": 9168.228, "Actual Max Total Time": 9190.867, "Actual Total Rows": 702947, "Plans": [{"Node Type": "Hash Join", "Parent Relationship": "Outer", "Join Type": "Inner", "Startup Cost": 207535.81, "Total Cost": 630133.61, "Plan Rows": 183444, "Plan Width": 42, "Actual Min Startup Time": 2555.285, "Actual Max Startup Time": 2670.703, "Actual Min Total Time": 11900.486, "Actual Max Total Time": 16155.15, "Actual Total Rows": 702947, "Inner Unique": true, "Hash Cond": "(l1.l_orderkey = orders.o_orderkey), (LLVM Optimized, Jit Execute)", "Plans": [{"Node Type": "Streaming(type: BROADCAST dop: 16/16)", "Parent Relationship": "Outer", "Startup Cost": 190803.73, "Total Cost": 612742.87, "Plan Rows": 2321152, "Plan Width": 50, "Actual Min Startup Time": 1988.914, "Actual Max Startup Time": 2131.436, "Actual Min Total Time": 10689.438, "Actual Max Total Time": 15092.162, "Actual Total Rows": 23303216, "Plans": [{"Node Type": "Hash Join", "Parent Relationship": "Outer", "Join Type": "Right Semi", "Startup Cost": 190803.73, "Total Cost": 591849.32, "Plan Rows": 145072, "Plan Width": 50, "Actual Min Startup Time": 2549.297, "Actual Max Startup Time": 2692.713, "Actual Min Total Time": 10751.753, "Actual Max Total Time": 14944.542, "Actual Total Rows": 1456451, "Inner Unique": false, "Hash Cond": "(l2.l_orderkey = l1.l_orderkey), (LLVM Optimized, Jit Execute)", "Join Filter": "(l2.l_suppkey <> l1.l_suppkey), (LLVM Optimized, Jit Execute)", "Rows Removed by Join Filter": 378638, "Plans": [{"Node Type": "Streaming(type: LOCAL REDISTRIBUTE dop: 16/16)", "Parent Relationship": "Outer", "Startup Cost": 0.0, "Total Cost": 383239.33, "Plan Rows": 59987033, "Plan Width": 16, "Actual Min Startup Time": 0.058, "Actual Max Startup Time": 0.674, "Actual Min Total Time": 7368.742, "Actual Max Total Time": 11544.093, "Actual Total Rows": 59986052, "Plans": [{"Node Type": "Seq Scan", "Parent Relationship": "Outer", "Relation Name": "lineitem", "Alias": "l2", "Startup Cost": 0.0, "Total Cost": 140944.71, "Plan Rows": 59987033, "Plan Width": 16, "Actual Min Startup Time": 0.015, "Actual Max Startup Time": 0.033, "Actual Min Total Time": 1271.44, "Actual Max Total Time": 1327.364, "Actual Total Rows": 59986052}]}, {"Node Type": "Hash", "Parent Relationship": "Inner", "Startup Cost": 190684.43, "Total Cost": 190684.43, "Plan Rows": 152707, "Plan Width": 42, "Actual Min Startup Time": 2549.086, "Actual Max Startup Time": 2692.512, "Actual Min Total Time": 2549.086, "Actual Max Total Time": 2692.512, "Actual Total Rows": 1511024, "Max Hash Buckets": 32768, "Min Hash Buckets": 32768, "Max Hash Batches": 1, "Min Hash Batches": 1, "Max Original Hash Batches": 1, "Min Original Hash Batches": 1, "Max Peak Memory Usage": 7375, "min Peak Memory Usage": 7375, "Plans": [{"Node Type": "Streaming(type: LOCAL REDISTRIBUTE dop: 16/16)", "Parent Relationship": "Outer", "Startup Cost": 20006.2, "Total Cost": 190684.43, "Plan Rows": 152707, "Plan Width": 42, "Actual Min Startup Time": 124.128, "Actual Max Startup Time": 267.623, "Actual Min Total Time": 2519.224, "Actual Max Total Time": 2658.141, "Actual Total Rows": 1511024, "Plans": [{"Node Type": "Hash Join", "Parent Relationship": "Outer", "Join Type": "Inner", "Startup Cost": 20006.2, "Total Cost": 175105.81, "Plan Rows": 152707, "Plan Width": 42, "Actual Min Startup Time": 90.24, "Actual Max Startup Time": 206.607, "Actual Min Total Time": 2322.808, "Actual Max Total Time": 2449.347, "Actual Total Rows": 1511024, "Inner Unique": false, "Hash Cond": "(l1.l_suppkey = supplier.s_suppkey), (LLVM Optimized, Jit Execute)", "Plans": [{"Node Type": "Seq Scan", "Parent Relationship": "Outer", "Relation Name": "lineitem", "Alias": "l1", "Startup Cost": 0.0, "Total Cost": 150317.68, "Plan Rows": 19995678, "Plan Width": 16, "Actual Min Startup Time": 0.025, "Actual Max Startup Time": 0.051, "Actual Min Total Time": 1653.774, "Actual Max Total Time": 1841.41, "Actual Total Rows": 37929348, "Filter": "(l_receiptdate > l_commitdate), (LLVM Optimized, Jit Execute)", "Rows Removed by Filter": 22056704}, {"Node Type": "Hash", "Parent Relationship": "Inner", "Startup Cost": 19956.2, "Total Cost": 19956.2, "Plan Rows": 64000, "Plan Width": 34, "Actual Min Startup Time": 90.15, "Actual Max Startup Time": 206.445, "Actual Min Total Time": 90.15, "Actual Max Total Time": 206.445, "Actual Total Rows": 63696, "Max Hash Buckets": 32768, "Min Hash Buckets": 32768, "Max Hash Batches": 1, "Min Hash Batches": 1, "Max Original Hash Batches": 1, "Min Original Hash Batches": 1, "Max Peak Memory Usage": 280, "min Peak Memory Usage": 280, "Plans": [{"Node Type": "Streaming(type: BROADCAST dop: 16/1)", "Parent Relationship": "Outer", "Startup Cost": 1.32, "Total Cost": 19956.2, "Plan Rows": 64000, "Plan Width": 34, "Actual Min Startup Time": 0.029, "Actual Max Startup Time": 9.77, "Actual Min Total Time": 88.951, "Actual Max Total Time": 204.951, "Actual Total Rows": 63696, "Plans": [{"Node Type": "Hash Join", "Parent Relationship": "Outer", "Join Type": "Inner", "Startup Cost": 1.32, "Total Cost": 3574.95, "Plan Rows": 4000, "Plan Width": 34, "Actual Min Startup Time": 0.128, "Actual Max Startup Time": 0.128, "Actual Min Total Time": 49.23, "Actual Max Total Time": 49.23, "Actual Total Rows": 3981, "Inner Unique": true, "Hash Cond": "(supplier.s_nationkey = nation.n_nationkey)", "Plans": [{"Node Type": "Seq Scan", "Parent Relationship": "Outer", "Relation Name": "supplier", "Alias": "supplier", "Startup Cost": 0.0, "Total Cost": 3283.0, "Plan Rows": 100000, "Plan Width": 38, "Actual Min Startup Time": 0.019, "Actual Max Startup Time": 0.019, "Actual Min Total Time": 29.179, "Actual Max Total Time": 29.179, "Actual Total Rows": 100000}, {"Node Type": "Hash", "Parent Relationship": "Inner", "Startup Cost": 1.31, "Total Cost": 1.31, "Plan Rows": 1, "Plan Width": 4, "Actual Min Startup Time": 0.044, "Actual Max Startup Time": 0.044, "Actual Min Total Time": 0.044, "Actual Max Total Time": 0.044, "Actual Total Rows": 1, "Max Hash Buckets": 32768, "Min Hash Buckets": 32768, "Max Hash Batches": 1, "Min Hash Batches": 1, "Max Original Hash Batches": 1, "Min Original Hash Batches": 1, "Max Peak Memory Usage": 1, "min Peak Memory Usage": 1, "Plans": [{"Node Type": "Seq Scan", "Parent Relationship": "Outer", "Relation Name": "nation", "Alias": "nation", "Startup Cost": 0.0, "Total Cost": 1.31, "Plan Rows": 1, "Plan Width": 4, "Actual Min Startup Time": 0.025, "Actual Max Startup Time": 0.025, "Actual Min Total Time": 0.032, "Actual Max Total Time": 0.032, "Actual Total Rows": 1, "Filter": "(n_name = 'EGYPT'::bpchar)", "Rows Removed by Filter": 24}]}]}]}]}]}]}]}]}]}, {"Node Type": "Hash", "Parent Relationship": "Inner", "Startup Cost": 43994.53, "Total Cost": 43994.53, "Plan Rows": 7338812, "Plan Width": 8, "Actual Min Startup Time": 538.843, "Actual Max Startup Time": 584.562, "Actual Min Total Time": 538.843, "Actual Max Total Time": 584.562, "Actual Total Rows": 7309184, "Max Hash Buckets": 524288, "Min Hash Buckets": 524288, "Max Hash Batches": 1, "Min Hash Batches": 1, "Max Original Hash Batches": 1, "Min Original Hash Batches": 1, "Max Peak Memory Usage": 17868, "min Peak Memory Usage": 17868, "Plans": [{"Node Type": "Seq Scan", "Parent Relationship": "Outer", "Relation Name": "orders", "Alias": "orders", "Startup Cost": 0.0, "Total Cost": 43994.53, "Plan Rows": 7338812, "Plan Width": 8, "Actual Min Startup Time": 0.024, "Actual Max Startup Time": 0.04, "Actual Min Total Time": 391.155, "Actual Max Total Time": 427.794, "Actual Total Rows": 7309184, "Filter": "(o_orderstatus = 'F'::bpchar), (LLVM Optimized, Jit Execute)", "Rows Removed by Filter": 7690816}]}]}]}, {"Node Type": "Hash", "Parent Relationship": "Inner", "Startup Cost": 241082.56, "Total Cost": 241082.56, "Plan Rows": 19995678, "Plan Width": 16, "Actual Min Startup Time": 6968.583, "Actual Max Startup Time": 7030.982, "Actual Min Total Time": 6968.583, "Actual Max Total Time": 7030.982, "Actual Total Rows": 37929348, "Max Hash Buckets": 2097152, "Min Hash Buckets": 2097152, "Max Hash Batches": 1, "Min Hash Batches": 1, "Max Original Hash Batches": 1, "Min Original Hash Batches": 1, "Max Peak Memory Usage": 110961, "min Peak Memory Usage": 110961, "Plans": [{"Node Type": "Streaming(type: LOCAL REDISTRIBUTE dop: 16/16)", "Parent Relationship": "Outer", "Startup Cost": 0.0, "Total Cost": 241082.56, "Plan Rows": 19995678, "Plan Width": 16, "Actual Min Startup Time": 0.064, "Actual Max Startup Time": 60.836, "Actual Min Total Time": 6228.998, "Actual Max Total Time": 6400.75, "Actual Total Rows": 37929348, "Plans": [{"Node Type": "Seq Scan", "Parent Relationship": "Outer", "Relation Name": "lineitem", "Alias": "l3", "Startup Cost": 0.0, "Total Cost": 150317.68, "Plan Rows": 19995678, "Plan Width": 16, "Actual Min Startup Time": 0.027, "Actual Max Startup Time": 0.059, "Actual Min Total Time": 1713.209, "Actual Max Total Time": 1837.634, "Actual Total Rows": 37929348, "Filter": "(l_receiptdate > l_commitdate), (LLVM Optimized, Jit Execute)", "Rows Removed by Filter": 22056704}]}]}]}]}]}]}]}]}]}]}, "Triggers": [], "Planner Runtime": 14.822, "Total Runtime": 16447.818, "Unique SQL Id": 3870093320}}, "(16, 107)": {"explain_plan": {"Plan": {"Node Type": "Limit", "Startup Cost": 6001081212565.42, "Total Cost": 6001081212565.67, "Plan Rows": 100, "Plan Width": 34, "Plans": [{"Node Type": "Sort", "Parent Relationship": "Outer", "Startup Cost": 6001081212565.42, "Total Cost": 6001081212588.35, "Plan Rows": 100, "Plan Width": 34, "Sort Key": ["(count(*)) DESC", "supplier.s_name"], "Plans": [{"Node Type": "Aggregate", "Strategy": "Hashed", "Parent Relationship": "Outer", "Startup Cost": 6001081212123.16, "Total Cost": 6001081212214.88, "Plan Rows": 9172, "Plan Width": 34, "Group By Key": ["supplier.s_name"], "Plans": [{"Node Type": "Hash Join", "Parent Relationship": "Outer", "Join Type": "Inner", "Startup Cost": 4021080228818.26, "Total Cost": 6001081212077.3, "Plan Rows": 9172, "Plan Width": 26, "Inner Unique": true, "Hash Cond": "(l1.l_orderkey = orders.o_orderkey)", "Plans": [{"Node Type": "Hash Join", "Parent Relationship": "Outer", "Join Type": "Semi", "Startup Cost": 3021003289369.86, "Total Cost": 5001004272509.96, "Plan Rows": 7254, "Plan Width": 42, "Inner Unique": false, "Hash Cond": "(l1.l_orderkey = l2.l_orderkey)", "Join Filter": "(l2.l_suppkey <> l1.l_suppkey)", "Plans": [{"Node Type": "Hash Join", "Parent Relationship": "Outer", "Join Type": "Anti", "Startup Cost": 2020678524157.45, "Total Cost": 4000679504286.55, "Plan Rows": 7635, "Plan Width": 42, "Inner Unique": false, "Hash Cond": "(l1.l_orderkey = l3.l_orderkey)", "Join Filter": "(l3.l_suppkey <> l1.l_suppkey)", "Plans": [{"Node Type": "Hash Join", "Parent Relationship": "Outer", "Join Type": "Inner", "Startup Cost": 1020339262078.72, "Total Cost": 3000340155230.49, "Plan Rows": 152707, "Plan Width": 42, "Inner Unique": false, "Hash Cond": "(supplier.s_suppkey = l1.l_suppkey), (LLVM Optimized)", "Plans": [{"Node Type": "Nested Loop", "Parent Relationship": "Outer", "Join Type": "Inner", "Startup Cost": 20000000000.0, "Total Cost": 2000000862579.69, "Plan Rows": 4000, "Plan Width": 34, "Inner Unique": false, "Plans": [{"Node Type": "Index Scan", "Parent Relationship": "Outer", "Scan Direction": "Forward", "Index Name": "nation_pkey", "Relation Name": "nation", "Alias": "nation", "Startup Cost": 10000000000.0, "Total Cost": 1000000001268.75, "Plan Rows": 1, "Plan Width": 4, "Filter": "(n_name = 'EGYPT'::bpchar)"}, {"Node Type": "Index Scan", "Parent Relationship": "Inner", "Scan Direction": "Forward", "Index Name": "idx_supplier_nation_key", "Relation Name": "supplier", "Alias": "supplier", "Startup Cost": 10000000000.0, "Total Cost": 1000000861270.94, "Plan Rows": 4000, "Plan Width": 38, "Index Cond": "(s_nationkey = nation.n_nationkey)"}]}, {"Node Type": "Hash", "Parent Relationship": "Inner", "Startup Cost": 1000339012132.75, "Total Cost": 1000339012132.75, "Plan Rows": 19995678, "Plan Width": 16, "Plans": [{"Node Type": "Index Scan", "Parent Relationship": "Outer", "Scan Direction": "Forward", "Index Name": "idx_lineitem_orderkey", "Relation Name": "lineitem", "Alias": "l1", "Startup Cost": 10000000000.0, "Total Cost": 1000339012132.75, "Plan Rows": 19995678, "Plan Width": 16, "Filter": "(l_receiptdate > l_commitdate), (LLVM Optimized)"}]}]}, {"Node Type": "Hash", "Parent Relationship": "Inner", "Startup Cost": 1000339012132.75, "Total Cost": 1000339012132.75, "Plan Rows": 19995678, "Plan Width": 16, "Plans": [{"Node Type": "Index Scan", "Parent Relationship": "Outer", "Scan Direction": "Forward", "Index Name": "idx_lineitem_orderkey", "Relation Name": "lineitem", "Alias": "l3", "Startup Cost": 10000000000.0, "Total Cost": 1000339012132.75, "Plan Rows": 19995678, "Plan Width": 16, "Filter": "(l_receiptdate > l_commitdate), (LLVM Optimized)"}]}]}, {"Node Type": "Hash", "Parent Relationship": "Inner", "Startup Cost": 1000324015374.5, "Total Cost": 1000324015374.5, "Plan Rows": 59987033, "Plan Width": 16, "Plans": [{"Node Type": "Index Scan", "Parent Relationship": "Outer", "Scan Direction": "Forward", "Index Name": "idx_lineitem_orderkey", "Relation Name": "lineitem", "Alias": "l2", "Startup Cost": 10000000000.0, "Total Cost": 1000324015374.5, "Plan Rows": 59987033, "Plan Width": 16}]}]}, {"Node Type": "Hash", "Parent Relationship": "Inner", "Startup Cost": 1000076847713.25, "Total Cost": 1000076847713.25, "Plan Rows": 7338812, "Plan Width": 8, "Plans": [{"Node Type": "Index Scan", "Parent Relationship": "Outer", "Scan Direction": "Forward", "Index Name": "orders_pkey", "Relation Name": "orders", "Alias": "orders", "Startup Cost": 10000000000.0, "Total Cost": 1000076847713.25, "Plan Rows": 7338812, "Plan Width": 8, "Filter": "(o_orderstatus = 'F'::bpchar), (LLVM Optimized)"}]}]}]}]}]}, "Unique SQL Id": 3870093320}, "explain_analyze_plan": null}, "(16, 108)": {"explain_plan": {"Plan": {"Node Type": "Limit", "Startup Cost": 235032.82, "Total Cost": 235033.07, "Plan Rows": 100, "Plan Width": 34, "Plans": [{"Node Type": "Sort", "Parent Relationship": "Outer", "Startup Cost": 235032.82, "Total Cost": 235055.75, "Plan Rows": 100, "Plan Width": 34, "Sort Key": ["(count(*)) DESC", "supplier.s_name"], "Plans": [{"Node Type": "Aggregate", "Strategy": "Hashed", "Parent Relationship": "Outer", "Startup Cost": 234590.55, "Total Cost": 234682.27, "Plan Rows": 9172, "Plan Width": 34, "Group By Key": ["supplier.s_name"], "Plans": [{"Node Type": "Nested Loop", "Parent Relationship": "Outer", "Join Type": "Inner", "Startup Cost": 20006.2, "Total Cost": 234544.69, "Plan Rows": 9172, "Plan Width": 26, "Inner Unique": true, "Join Filter": "(l1.l_orderkey = orders.o_orderkey)", "Plans": [{"Node Type": "Nested Loop", "Parent Relationship": "Outer", "Join Type": "Semi", "Startup Cost": 20006.2, "Total Cost": 227444.32, "Plan Rows": 7254, "Plan Width": 42, "Inner Unique": false, "Plans": [{"Node Type": "Nested Loop", "Parent Relationship": "Outer", "Join Type": "Anti", "Startup Cost": 20006.2, "Total Cost": 225588.75, "Plan Rows": 7635, "Plan Width": 42, "Inner Unique": false, "Plans": [{"Node Type": "Streaming(type: LOCAL GATHER dop: 1/16)", "Parent Relationship": "Outer", "Startup Cost": 20006.2, "Total Cost": 178401.54, "Plan Rows": 152707, "Plan Width": 42, "Plans": [{"Node Type": "Hash Join", "Parent Relationship": "Outer", "Join Type": "Inner", "Startup Cost": 20006.2, "Total Cost": 175105.81, "Plan Rows": 152707, "Plan Width": 42, "Inner Unique": false, "Hash Cond": "(l1.l_suppkey = supplier.s_suppkey), (LLVM Optimized)", "Plans": [{"Node Type": "Seq Scan", "Parent Relationship": "Outer", "Relation Name": "lineitem", "Alias": "l1", "Startup Cost": 0.0, "Total Cost": 150317.68, "Plan Rows": 19995678, "Plan Width": 16, "Filter": "(l_receiptdate > l_commitdate), (LLVM Optimized)"}, {"Node Type": "Hash", "Parent Relationship": "Inner", "Startup Cost": 19956.2, "Total Cost": 19956.2, "Plan Rows": 64000, "Plan Width": 34, "Plans": [{"Node Type": "Streaming(type: BROADCAST dop: 16/1)", "Parent Relationship": "Outer", "Startup Cost": 1.32, "Total Cost": 19956.2, "Plan Rows": 64000, "Plan Width": 34, "Plans": [{"Node Type": "Hash Join", "Parent Relationship": "Outer", "Join Type": "Inner", "Startup Cost": 1.32, "Total Cost": 3574.95, "Plan Rows": 4000, "Plan Width": 34, "Inner Unique": true, "Hash Cond": "(supplier.s_nationkey = nation.n_nationkey)", "Plans": [{"Node Type": "Seq Scan", "Parent Relationship": "Outer", "Relation Name": "supplier", "Alias": "supplier", "Startup Cost": 0.0, "Total Cost": 3283.0, "Plan Rows": 100000, "Plan Width": 38}, {"Node Type": "Hash", "Parent Relationship": "Inner", "Startup Cost": 1.31, "Total Cost": 1.31, "Plan Rows": 1, "Plan Width": 4, "Plans": [{"Node Type": "Seq Scan", "Parent Relationship": "Outer", "Relation Name": "nation", "Alias": "nation", "Startup Cost": 0.0, "Total Cost": 1.31, "Plan Rows": 1, "Plan Width": 4, "Filter": "(n_name = 'EGYPT'::bpchar)"}]}]}]}]}]}]}, {"Node Type": "Index Scan", "Parent Relationship": "Inner", "Scan Direction": "Forward", "Index Name": "idx_lineitem_orderkey", "Relation Name": "lineitem", "Alias": "l3", "Startup Cost": 0.0, "Total Cost": 1.63, "Plan Rows": 3, "Plan Width": 16, "Index Cond": "(l_orderkey = l1.l_orderkey)", "Filter": "((l_receiptdate > l_commitdate) AND (l_suppkey <> l1.l_suppkey))"}]}, {"Node Type": "Index Scan", "Parent Relationship": "Inner", "Scan Direction": "Forward", "Index Name": "idx_lineitem_orderkey", "Relation Name": "lineitem", "Alias": "l2", "Startup Cost": 0.0, "Total Cost": 1.63, "Plan Rows": 9, "Plan Width": 16, "Index Cond": "(l_orderkey = l1.l_orderkey)", "Filter": "(l_suppkey <> l1.l_suppkey)"}]}, {"Node Type": "Index Scan", "Parent Relationship": "Inner", "Scan Direction": "Forward", "Index Name": "orders_pkey", "Relation Name": "orders", "Alias": "orders", "Startup Cost": 0.0, "Total Cost": 0.97, "Plan Rows": 1, "Plan Width": 8, "Index Cond": "(o_orderkey = l2.l_orderkey)", "Filter": "(o_orderstatus = 'F'::bpchar)"}]}]}]}]}, "Unique SQL Id": 3870093320}, "explain_analyze_plan": {"Plan": {"Node Type": "Limit", "Startup Cost": 235032.82, "Total Cost": 235033.07, "Plan Rows": 100, "Plan Width": 34, "Actual Min Startup Time": 12530.294, "Actual Max Startup Time": 12530.294, "Actual Min Total Time": 12530.313, "Actual Max Total Time": 12530.313, "Actual Total Rows": 100, "Plans": [{"Node Type": "Sort", "Parent Relationship": "Outer", "Startup Cost": 235032.82, "Total Cost": 235055.75, "Plan Rows": 100, "Plan Width": 34, "Actual Min Startup Time": 12530.291, "Actual Max Startup Time": 12530.291, "Actual Min Total Time": 12530.299, "Actual Max Total Time": 12530.299, "Actual Total Rows": 100, "Sort Key": ["(count(*)) DESC", "supplier.s_name"], "Sort Method": "top-N heapsort", "Sort Space Min Used": 41, "Sort Space Max Used": 41, "Sort Space Type": "Memory", "Plans": [{"Node Type": "Aggregate", "Strategy": "Hashed", "Parent Relationship": "Outer", "Startup Cost": 234590.55, "Total Cost": 234682.27, "Plan Rows": 9172, "Plan Width": 34, "Actual Min Startup Time": 12526.982, "Actual Max Startup Time": 12526.982, "Actual Min Total Time": 12528.236, "Actual Max Total Time": 12528.236, "Actual Total Rows": 3981, "Group By Key": ["supplier.s_name"], "Plans": [{"Node Type": "Nested Loop", "Parent Relationship": "Outer", "Join Type": "Inner", "Startup Cost": 20006.2, "Total Cost": 234544.69, "Plan Rows": 9172, "Plan Width": 26, "Actual Min Startup Time": 136.969, "Actual Max Startup Time": 136.969, "Actual Min Total Time": 12474.882, "Actual Max Total Time": 12474.882, "Actual Total Rows": 39445, "Inner Unique": true, "Join Filter": "(l1.l_orderkey = orders.o_orderkey)", "Rows Removed by Join Filter": 0, "Plans": [{"Node Type": "Nested Loop", "Parent Relationship": "Outer", "Join Type": "Semi", "Startup Cost": 20006.2, "Total Cost": 227444.32, "Plan Rows": 7254, "Plan Width": 42, "Actual Min Startup Time": 136.943, "Actual Max Startup Time": 136.943, "Actual Min Total Time": 11885.225, "Actual Max Total Time": 11885.225, "Actual Total Rows": 80537, "Inner Unique": false, "Plans": [{"Node Type": "Nested Loop", "Parent Relationship": "Outer", "Join Type": "Anti", "Startup Cost": 20006.2, "Total Cost": 225588.75, "Plan Rows": 7635, "Plan Width": 42, "Actual Min Startup Time": 136.931, "Actual Max Startup Time": 136.931, "Actual Min Total Time": 11294.761, "Actual Max Total Time": 11294.761, "Actual Total Rows": 135110, "Inner Unique": false, "Plans": [{"Node Type": "Streaming(type: LOCAL GATHER dop: 1/16)", "Parent Relationship": "Outer", "Startup Cost": 20006.2, "Total Cost": 178401.54, "Plan Rows": 152707, "Plan Width": 42, "Actual Min Startup Time": 136.761, "Actual Max Startup Time": 136.761, "Actual Min Total Time": 860.562, "Actual Max Total Time": 860.562, "Actual Total Rows": 1511024, "Plans": [{"Node Type": "Hash Join", "Parent Relationship": "Outer", "Join Type": "Inner", "Startup Cost": 20006.2, "Total Cost": 175105.81, "Plan Rows": 152707, "Plan Width": 42, "Actual Min Startup Time": 80.661, "Actual Max Startup Time": 92.066, "Actual Min Total Time": 2173.837, "Actual Max Total Time": 2246.976, "Actual Total Rows": 1511024, "Inner Unique": false, "Hash Cond": "(l1.l_suppkey = supplier.s_suppkey), (LLVM Optimized, Jit Execute)", "Plans": [{"Node Type": "Seq Scan", "Parent Relationship": "Outer", "Relation Name": "lineitem", "Alias": "l1", "Startup Cost": 0.0, "Total Cost": 150317.68, "Plan Rows": 19995678, "Plan Width": 16, "Actual Min Startup Time": 0.026, "Actual Max Startup Time": 0.042, "Actual Min Total Time": 1600.127, "Actual Max Total Time": 1653.437, "Actual Total Rows": 37929348, "Filter": "(l_receiptdate > l_commitdate), (LLVM Optimized, Jit Execute)", "Rows Removed by Filter": 22056704}, {"Node Type": "Hash", "Parent Relationship": "Inner", "Startup Cost": 19956.2, "Total Cost": 19956.2, "Plan Rows": 64000, "Plan Width": 34, "Actual Min Startup Time": 80.532, "Actual Max Startup Time": 91.922, "Actual Min Total Time": 80.532, "Actual Max Total Time": 91.922, "Actual Total Rows": 63696, "Max Hash Buckets": 32768, "Min Hash Buckets": 32768, "Max Hash Batches": 1, "Min Hash Batches": 1, "Max Original Hash Batches": 1, "Min Original Hash Batches": 1, "Max Peak Memory Usage": 280, "min Peak Memory Usage": 280, "Plans": [{"Node Type": "Streaming(type: BROADCAST dop: 16/1)", "Parent Relationship": "Outer", "Startup Cost": 1.32, "Total Cost": 19956.2, "Plan Rows": 64000, "Plan Width": 34, "Actual Min Startup Time": 0.024, "Actual Max Startup Time": 0.063, "Actual Min Total Time": 79.469, "Actual Max Total Time": 90.784, "Actual Total Rows": 63696, "Plans": [{"Node Type": "Hash Join", "Parent Relationship": "Outer", "Join Type": "Inner", "Startup Cost": 1.32, "Total Cost": 3574.95, "Plan Rows": 4000, "Plan Width": 34, "Actual Min Startup Time": 0.155, "Actual Max Startup Time": 0.155, "Actual Min Total Time": 48.476, "Actual Max Total Time": 48.476, "Actual Total Rows": 3981, "Inner Unique": true, "Hash Cond": "(supplier.s_nationkey = nation.n_nationkey)", "Plans": [{"Node Type": "Seq Scan", "Parent Relationship": "Outer", "Relation Name": "supplier", "Alias": "supplier", "Startup Cost": 0.0, "Total Cost": 3283.0, "Plan Rows": 100000, "Plan Width": 38, "Actual Min Startup Time": 0.028, "Actual Max Startup Time": 0.028, "Actual Min Total Time": 28.676, "Actual Max Total Time": 28.676, "Actual Total Rows": 100000}, {"Node Type": "Hash", "Parent Relationship": "Inner", "Startup Cost": 1.31, "Total Cost": 1.31, "Plan Rows": 1, "Plan Width": 4, "Actual Min Startup Time": 0.056, "Actual Max Startup Time": 0.056, "Actual Min Total Time": 0.056, "Actual Max Total Time": 0.056, "Actual Total Rows": 1, "Max Hash Buckets": 32768, "Min Hash Buckets": 32768, "Max Hash Batches": 1, "Min Hash Batches": 1, "Max Original Hash Batches": 1, "Min Original Hash Batches": 1, "Max Peak Memory Usage": 1, "min Peak Memory Usage": 1, "Plans": [{"Node Type": "Seq Scan", "Parent Relationship": "Outer", "Relation Name": "nation", "Alias": "nation", "Startup Cost": 0.0, "Total Cost": 1.31, "Plan Rows": 1, "Plan Width": 4, "Actual Min Startup Time": 0.034, "Actual Max Startup Time": 0.034, "Actual Min Total Time": 0.041, "Actual Max Total Time": 0.041, "Actual Total Rows": 1, "Filter": "(n_name = 'EGYPT'::bpchar)", "Rows Removed by Filter": 24}]}]}]}]}]}]}, {"Node Type": "Index Scan", "Parent Relationship": "Inner", "Scan Direction": "Forward", "Index Name": "idx_lineitem_orderkey", "Relation Name": "lineitem", "Alias": "l3", "Startup Cost": 0.0, "Total Cost": 1.63, "Plan Rows": 3, "Plan Width": 16, "Actual Min Startup Time": 9409.766, "Actual Max Startup Time": 9409.766, "Actual Min Total Time": 9409.766, "Actual Max Total Time": 9409.766, "Actual Total Rows": 1375914, "Index Cond": "(l_orderkey = l1.l_orderkey)", "Rows Removed by Index Recheck": 0, "Filter": "((l_receiptdate > l_commitdate) AND (l_suppkey <> l1.l_suppkey))", "Rows Removed by Filter": 1348115}]}, {"Node Type": "Index Scan", "Parent Relationship": "Inner", "Scan Direction": "Forward", "Index Name": "idx_lineitem_orderkey", "Relation Name": "lineitem", "Alias": "l2", "Startup Cost": 0.0, "Total Cost": 1.63, "Plan Rows": 9, "Plan Width": 16, "Actual Min Startup Time": 495.485, "Actual Max Startup Time": 495.485, "Actual Min Total Time": 495.485, "Actual Max Total Time": 495.485, "Actual Total Rows": 80537, "Index Cond": "(l_orderkey = l1.l_orderkey)", "Rows Removed by Index Recheck": 0, "Filter": "(l_suppkey <> l1.l_suppkey)", "Rows Removed by Filter": 85912}]}, {"Node Type": "Index Scan", "Parent Relationship": "Inner", "Scan Direction": "Forward", "Index Name": "orders_pkey", "Relation Name": "orders", "Alias": "orders", "Startup Cost": 0.0, "Total Cost": 0.97, "Plan Rows": 1, "Plan Width": 8, "Actual Min Startup Time": 525.838, "Actual Max Startup Time": 525.838, "Actual Min Total Time": 525.838, "Actual Max Total Time": 525.838, "Actual Total Rows": 39445, "Index Cond": "(o_orderkey = l2.l_orderkey)", "Rows Removed by Index Recheck": 0, "Filter": "(o_orderstatus = 'F'::bpchar)", "Rows Removed by Filter": 41092}]}]}]}]}, "Triggers": [], "Planner Runtime": 13.269, "Total Runtime": 12542.759, "Unique SQL Id": 3870093320}}, "(16, 109)": {"explain_plan": {"Plan": {"Node Type": "Limit", "Startup Cost": 2788927.51, "Total Cost": 2788927.76, "Plan Rows": 100, "Plan Width": 34, "Plans": [{"Node Type": "Sort", "Parent Relationship": "Outer", "Startup Cost": 2788927.51, "Total Cost": 2788950.44, "Plan Rows": 100, "Plan Width": 34, "Sort Key": ["(count(*)) DESC", "supplier.s_name"], "Plans": [{"Node Type": "Aggregate", "Strategy": "Hashed", "Parent Relationship": "Outer", "Startup Cost": 2788485.24, "Total Cost": 2788576.96, "Plan Rows": 9172, "Plan Width": 34, "Group By Key": ["supplier.s_name"], "Plans": [{"Node Type": "Nested Loop", "Parent Relationship": "Outer", "Join Type": "Inner", "Startup Cost": 22070.29, "Total Cost": 2788439.38, "Plan Rows": 9172, "Plan Width": 26, "Inner Unique": true, "Join Filter": "(l1.l_orderkey = orders.o_orderkey)", "Plans": [{"Node Type": "Nested Loop", "Parent Relationship": "Outer", "Join Type": "Semi", "Startup Cost": 22070.29, "Total Cost": 2781339.01, "Plan Rows": 7254, "Plan Width": 42, "Inner Unique": false, "Plans": [{"Node Type": "Nested Loop", "Parent Relationship": "Outer", "Join Type": "Anti", "Startup Cost": 22070.29, "Total Cost": 2779483.45, "Plan Rows": 7635, "Plan Width": 42, "Inner Unique": false, "Plans": [{"Node Type": "Streaming(type: LOCAL GATHER dop: 1/16)", "Parent Relationship": "Outer", "Startup Cost": 22070.29, "Total Cost": 2732296.23, "Plan Rows": 152707, "Plan Width": 42, "Plans": [{"Node Type": "Hash Join", "Parent Relationship": "Outer", "Join Type": "Inner", "Startup Cost": 22070.29, "Total Cost": 2729000.5, "Plan Rows": 152707, "Plan Width": 42, "Inner Unique": false, "Hash Cond": "(l1.l_suppkey = supplier.s_suppkey), (LLVM Optimized)", "Plans": [{"Node Type": "Index Scan", "Parent Relationship": "Outer", "Scan Direction": "Forward", "Index Name": "idx_lineitem_orderkey", "Relation Name": "lineitem", "Alias": "l1", "Startup Cost": 0.0, "Total Cost": 2702148.28, "Plan Rows": 19995678, "Plan Width": 16, "Filter": "(l_receiptdate > l_commitdate), (LLVM Optimized)"}, {"Node Type": "Hash", "Parent Relationship": "Inner", "Startup Cost": 22020.29, "Total Cost": 22020.29, "Plan Rows": 64000, "Plan Width": 34, "Plans": [{"Node Type": "Streaming(type: BROADCAST dop: 16/1)", "Parent Relationship": "Outer", "Startup Cost": 12.7, "Total Cost": 22020.29, "Plan Rows": 64000, "Plan Width": 34, "Plans": [{"Node Type": "Hash Join", "Parent Relationship": "Outer", "Join Type": "Inner", "Startup Cost": 12.7, "Total Cost": 5639.04, "Plan Rows": 4000, "Plan Width": 34, "Inner Unique": true, "Hash Cond": "(supplier.s_nationkey = nation.n_nationkey)", "Plans": [{"Node Type": "Index Scan", "Parent Relationship": "Outer", "Scan Direction": "Forward", "Index Name": "supplier_pkey", "Relation Name": "supplier", "Alias": "supplier", "Startup Cost": 0.0, "Total Cost": 5335.71, "Plan Rows": 100000, "Plan Width": 38}, {"Node Type": "Hash", "Parent Relationship": "Inner", "Startup Cost": 12.69, "Total Cost": 12.69, "Plan Rows": 1, "Plan Width": 4, "Plans": [{"Node Type": "Index Scan", "Parent Relationship": "Outer", "Scan Direction": "Forward", "Index Name": "nation_pkey", "Relation Name": "nation", "Alias": "nation", "Startup Cost": 0.0, "Total Cost": 12.69, "Plan Rows": 1, "Plan Width": 4, "Filter": "(n_name = 'EGYPT'::bpchar)"}]}]}]}]}]}]}, {"Node Type": "Index Scan", "Parent Relationship": "Inner", "Scan Direction": "Forward", "Index Name": "idx_lineitem_orderkey", "Relation Name": "lineitem", "Alias": "l3", "Startup Cost": 0.0, "Total Cost": 1.63, "Plan Rows": 3, "Plan Width": 16, "Index Cond": "(l_orderkey = l1.l_orderkey)", "Filter": "((l_receiptdate > l_commitdate) AND (l_suppkey <> l1.l_suppkey))"}]}, {"Node Type": "Index Scan", "Parent Relationship": "Inner", "Scan Direction": "Forward", "Index Name": "idx_lineitem_orderkey", "Relation Name": "lineitem", "Alias": "l2", "Startup Cost": 0.0, "Total Cost": 1.63, "Plan Rows": 9, "Plan Width": 16, "Index Cond": "(l_orderkey = l1.l_orderkey)", "Filter": "(l_suppkey <> l1.l_suppkey)"}]}, {"Node Type": "Index Scan", "Parent Relationship": "Inner", "Scan Direction": "Forward", "Index Name": "orders_pkey", "Relation Name": "orders", "Alias": "orders", "Startup Cost": 0.0, "Total Cost": 0.97, "Plan Rows": 1, "Plan Width": 8, "Index Cond": "(o_orderkey = l2.l_orderkey)", "Filter": "(o_orderstatus = 'F'::bpchar)"}]}]}]}]}, "Unique SQL Id": 3870093320}, "explain_analyze_plan": {"Plan": {"Node Type": "Limit", "Startup Cost": 2788927.51, "Total Cost": 2788927.76, "Plan Rows": 100, "Plan Width": 34, "Actual Min Startup Time": 12922.857, "Actual Max Startup Time": 12922.857, "Actual Min Total Time": 12922.875, "Actual Max Total Time": 12922.875, "Actual Total Rows": 100, "Plans": [{"Node Type": "Sort", "Parent Relationship": "Outer", "Startup Cost": 2788927.51, "Total Cost": 2788950.44, "Plan Rows": 100, "Plan Width": 34, "Actual Min Startup Time": 12922.854, "Actual Max Startup Time": 12922.854, "Actual Min Total Time": 12922.86, "Actual Max Total Time": 12922.86, "Actual Total Rows": 100, "Sort Key": ["(count(*)) DESC", "supplier.s_name"], "Sort Method": "top-N heapsort", "Sort Space Min Used": 41, "Sort Space Max Used": 41, "Sort Space Type": "Memory", "Plans": [{"Node Type": "Aggregate", "Strategy": "Hashed", "Parent Relationship": "Outer", "Startup Cost": 2788485.24, "Total Cost": 2788576.96, "Plan Rows": 9172, "Plan Width": 34, "Actual Min Startup Time": 12919.417, "Actual Max Startup Time": 12919.417, "Actual Min Total Time": 12920.679, "Actual Max Total Time": 12920.679, "Actual Total Rows": 3981, "Group By Key": ["supplier.s_name"], "Plans": [{"Node Type": "Nested Loop", "Parent Relationship": "Outer", "Join Type": "Inner", "Startup Cost": 22070.29, "Total Cost": 2788439.38, "Plan Rows": 9172, "Plan Width": 26, "Actual Min Startup Time": 666.487, "Actual Max Startup Time": 666.487, "Actual Min Total Time": 12872.21, "Actual Max Total Time": 12872.21, "Actual Total Rows": 39445, "Inner Unique": true, "Join Filter": "(l1.l_orderkey = orders.o_orderkey)", "Rows Removed by Join Filter": 0, "Plans": [{"Node Type": "Nested Loop", "Parent Relationship": "Outer", "Join Type": "Semi", "Startup Cost": 22070.29, "Total Cost": 2781339.01, "Plan Rows": 7254, "Plan Width": 42, "Actual Min Startup Time": 666.46, "Actual Max Startup Time": 666.46, "Actual Min Total Time": 12299.192, "Actual Max Total Time": 12299.192, "Actual Total Rows": 80537, "Inner Unique": false, "Plans": [{"Node Type": "Nested Loop", "Parent Relationship": "Outer", "Join Type": "Anti", "Startup Cost": 22070.29, "Total Cost": 2779483.45, "Plan Rows": 7635, "Plan Width": 42, "Actual Min Startup Time": 666.386, "Actual Max Startup Time": 666.386, "Actual Min Total Time": 11708.158, "Actual Max Total Time": 11708.158, "Actual Total Rows": 135110, "Inner Unique": false, "Plans": [{"Node Type": "Streaming(type: LOCAL GATHER dop: 1/16)", "Parent Relationship": "Outer", "Startup Cost": 22070.29, "Total Cost": 2732296.23, "Plan Rows": 152707, "Plan Width": 42, "Actual Min Startup Time": 666.221, "Actual Max Startup Time": 666.221, "Actual Min Total Time": 1331.623, "Actual Max Total Time": 1331.623, "Actual Total Rows": 1511024, "Plans": [{"Node Type": "Hash Join", "Parent Relationship": "Outer", "Join Type": "Inner", "Startup Cost": 22070.29, "Total Cost": 2729000.5, "Plan Rows": 152707, "Plan Width": 42, "Actual Min Startup Time": 619.322, "Actual Max Startup Time": 626.753, "Actual Min Total Time": 3761.45, "Actual Max Total Time": 4319.253, "Actual Total Rows": 1511024, "Inner Unique": false, "Hash Cond": "(l1.l_suppkey = supplier.s_suppkey), (LLVM Optimized, Jit Execute)", "Plans": [{"Node Type": "Index Scan", "Parent Relationship": "Outer", "Scan Direction": "Forward", "Index Name": "idx_lineitem_orderkey", "Relation Name": "lineitem", "Alias": "l1", "Startup Cost": 0.0, "Total Cost": 2702148.28, "Plan Rows": 19995678, "Plan Width": 16, "Actual Min Startup Time": 513.995, "Actual Max Startup Time": 514.08, "Actual Min Total Time": 3148.309, "Actual Max Total Time": 3722.33, "Actual Total Rows": 37929348, "Filter": "(l_receiptdate > l_commitdate), (LLVM Optimized, Jit Execute)", "Rows Removed by Filter": 22056704}, {"Node Type": "Hash", "Parent Relationship": "Inner", "Startup Cost": 22020.29, "Total Cost": 22020.29, "Plan Rows": 64000, "Plan Width": 34, "Actual Min Startup Time": 105.209, "Actual Max Startup Time": 112.612, "Actual Min Total Time": 105.209, "Actual Max Total Time": 112.612, "Actual Total Rows": 63696, "Max Hash Buckets": 32768, "Min Hash Buckets": 32768, "Max Hash Batches": 1, "Min Hash Batches": 1, "Max Original Hash Batches": 1, "Min Original Hash Batches": 1, "Max Peak Memory Usage": 280, "min Peak Memory Usage": 280, "Plans": [{"Node Type": "Streaming(type: BROADCAST dop: 16/1)", "Parent Relationship": "Outer", "Startup Cost": 12.7, "Total Cost": 22020.29, "Plan Rows": 64000, "Plan Width": 34, "Actual Min Startup Time": 0.024, "Actual Max Startup Time": 0.035, "Actual Min Total Time": 104.15, "Actual Max Total Time": 111.392, "Actual Total Rows": 63696, "Plans": [{"Node Type": "Hash Join", "Parent Relationship": "Outer", "Join Type": "Inner", "Startup Cost": 12.7, "Total Cost": 5639.04, "Plan Rows": 4000, "Plan Width": 34, "Actual Min Startup Time": 0.213, "Actual Max Startup Time": 0.213, "Actual Min Total Time": 77.672, "Actual Max Total Time": 77.672, "Actual Total Rows": 3981, "Inner Unique": true, "Hash Cond": "(supplier.s_nationkey = nation.n_nationkey)", "Plans": [{"Node Type": "Index Scan", "Parent Relationship": "Outer", "Scan Direction": "Forward", "Index Name": "supplier_pkey", "Relation Name": "supplier", "Alias": "supplier", "Startup Cost": 0.0, "Total Cost": 5335.71, "Plan Rows": 100000, "Plan Width": 38, "Actual Min Startup Time": 0.048, "Actual Max Startup Time": 0.048, "Actual Min Total Time": 57.848, "Actual Max Total Time": 57.848, "Actual Total Rows": 100000}, {"Node Type": "Hash", "Parent Relationship": "Inner", "Startup Cost": 12.69, "Total Cost": 12.69, "Plan Rows": 1, "Plan Width": 4, "Actual Min Startup Time": 0.066, "Actual Max Startup Time": 0.066, "Actual Min Total Time": 0.066, "Actual Max Total Time": 0.066, "Actual Total Rows": 1, "Max Hash Buckets": 32768, "Min Hash Buckets": 32768, "Max Hash Batches": 1, "Min Hash Batches": 1, "Max Original Hash Batches": 1, "Min Original Hash Batches": 1, "Max Peak Memory Usage": 1, "min Peak Memory Usage": 1, "Plans": [{"Node Type": "Index Scan", "Parent Relationship": "Outer", "Scan Direction": "Forward", "Index Name": "nation_pkey", "Relation Name": "nation", "Alias": "nation", "Startup Cost": 0.0, "Total Cost": 12.69, "Plan Rows": 1, "Plan Width": 4, "Actual Min Startup Time": 0.038, "Actual Max Startup Time": 0.038, "Actual Min Total Time": 0.054, "Actual Max Total Time": 0.054, "Actual Total Rows": 1, "Filter": "(n_name = 'EGYPT'::bpchar)", "Rows Removed by Filter": 24}]}]}]}]}]}]}, {"Node Type": "Index Scan", "Parent Relationship": "Inner", "Scan Direction": "Forward", "Index Name": "idx_lineitem_orderkey", "Relation Name": "lineitem", "Alias": "l3", "Startup Cost": 0.0, "Total Cost": 1.63, "Plan Rows": 3, "Plan Width": 16, "Actual Min Startup Time": 9355.858, "Actual Max Startup Time": 9355.858, "Actual Min Total Time": 9355.858, "Actual Max Total Time": 9355.858, "Actual Total Rows": 1375914, "Index Cond": "(l_orderkey = l1.l_orderkey)", "Rows Removed by Index Recheck": 0, "Filter": "((l_receiptdate > l_commitdate) AND (l_suppkey <> l1.l_suppkey))", "Rows Removed by Filter": 1348115}]}, {"Node Type": "Index Scan", "Parent Relationship": "Inner", "Scan Direction": "Forward", "Index Name": "idx_lineitem_orderkey", "Relation Name": "lineitem", "Alias": "l2", "Startup Cost": 0.0, "Total Cost": 1.63, "Plan Rows": 9, "Plan Width": 16, "Actual Min Startup Time": 496.109, "Actual Max Startup Time": 496.109, "Actual Min Total Time": 496.109, "Actual Max Total Time": 496.109, "Actual Total Rows": 80537, "Index Cond": "(l_orderkey = l1.l_orderkey)", "Rows Removed by Index Recheck": 0, "Filter": "(l_suppkey <> l1.l_suppkey)", "Rows Removed by Filter": 85912}]}, {"Node Type": "Index Scan", "Parent Relationship": "Inner", "Scan Direction": "Forward", "Index Name": "orders_pkey", "Relation Name": "orders", "Alias": "orders", "Startup Cost": 0.0, "Total Cost": 0.97, "Plan Rows": 1, "Plan Width": 8, "Actual Min Startup Time": 510.002, "Actual Max Startup Time": 510.002, "Actual Min Total Time": 510.002, "Actual Max Total Time": 510.002, "Actual Total Rows": 39445, "Index Cond": "(o_orderkey = l2.l_orderkey)", "Rows Removed by Index Recheck": 0, "Filter": "(o_orderstatus = 'F'::bpchar)", "Rows Removed by Filter": 41092}]}]}]}]}, "Triggers": [], "Planner Runtime": 12.553, "Total Runtime": 12935.306, "Unique SQL Id": 3870093320}}, "(16, 110)": {"explain_plan": {"Plan": {"Node Type": "Limit", "Startup Cost": 747988.54, "Total Cost": 747988.79, "Plan Rows": 100, "Plan Width": 34, "Plans": [{"Node Type": "Sort", "Parent Relationship": "Outer", "Startup Cost": 747988.54, "Total Cost": 747988.79, "Plan Rows": 100, "Plan Width": 34, "Sort Key": ["(count(*)) DESC", "supplier.s_name"], "Plans": [{"Node Type": "Streaming(type: LOCAL GATHER dop: 1/16)", "Parent Relationship": "Outer", "Startup Cost": 747984.4, "Total Cost": 747985.22, "Plan Rows": 100, "Plan Width": 34, "Plans": [{"Node Type": "Limit", "Parent Relationship": "Outer", "Startup Cost": 747984.4, "Total Cost": 747984.65, "Plan Rows": 100, "Plan Width": 34, "Plans": [{"Node Type": "Sort", "Parent Relationship": "Outer", "Startup Cost": 747984.4, "Total Cost": 748007.33, "Plan Rows": 100, "Plan Width": 34, "Sort Key": ["(count(*)) DESC", "supplier.s_name"], "Plans": [{"Node Type": "Aggregate", "Strategy": "Hashed", "Parent Relationship": "Outer", "Startup Cost": 747628.12, "Total Cost": 747633.85, "Plan Rows": 9172, "Plan Width": 34, "Group By Key": ["supplier.s_name"], "Plans": [{"Node Type": "Streaming(type: LOCAL REDISTRIBUTE dop: 16/16)", "Parent Relationship": "Outer", "Startup Cost": 308588.13, "Total Cost": 747625.25, "Plan Rows": 9172, "Plan Width": 26, "Plans": [{"Node Type": "Hash Join", "Parent Relationship": "Outer", "Join Type": "Anti", "Startup Cost": 308588.13, "Total Cost": 747325.37, "Plan Rows": 9172, "Plan Width": 26, "Inner Unique": false, "Hash Cond": "(l1.l_orderkey = l3.l_orderkey)", "Join Filter": "(l3.l_suppkey <> l1.l_suppkey)", "Plans": [{"Node Type": "Streaming(type: LOCAL REDISTRIBUTE dop: 16/16)", "Parent Relationship": "Outer", "Startup Cost": 207535.81, "Total Cost": 645828.7, "Plan Rows": 183444, "Plan Width": 42, "Plans": [{"Node Type": "Hash Join", "Parent Relationship": "Outer", "Join Type": "Inner", "Startup Cost": 207535.81, "Total Cost": 630133.61, "Plan Rows": 183444, "Plan Width": 42, "Inner Unique": true, "Hash Cond": "(l1.l_orderkey = orders.o_orderkey), (LLVM Optimized)", "Plans": [{"Node Type": "Streaming(type: BROADCAST dop: 16/16)", "Parent Relationship": "Outer", "Startup Cost": 190803.73, "Total Cost": 612742.87, "Plan Rows": 2321152, "Plan Width": 50, "Plans": [{"Node Type": "Hash Join", "Parent Relationship": "Outer", "Join Type": "Right Semi", "Startup Cost": 190803.73, "Total Cost": 591849.32, "Plan Rows": 145072, "Plan Width": 50, "Inner Unique": false, "Hash Cond": "(l2.l_orderkey = l1.l_orderkey), (LLVM Optimized)", "Join Filter": "(l2.l_suppkey <> l1.l_suppkey), (LLVM Optimized)", "Plans": [{"Node Type": "Streaming(type: LOCAL REDISTRIBUTE dop: 16/16)", "Parent Relationship": "Outer", "Startup Cost": 0.0, "Total Cost": 383239.33, "Plan Rows": 59987033, "Plan Width": 16, "Plans": [{"Node Type": "Seq Scan", "Parent Relationship": "Outer", "Relation Name": "lineitem", "Alias": "l2", "Startup Cost": 0.0, "Total Cost": 140944.71, "Plan Rows": 59987033, "Plan Width": 16}]}, {"Node Type": "Hash", "Parent Relationship": "Inner", "Startup Cost": 190684.43, "Total Cost": 190684.43, "Plan Rows": 152707, "Plan Width": 42, "Plans": [{"Node Type": "Streaming(type: LOCAL REDISTRIBUTE dop: 16/16)", "Parent Relationship": "Outer", "Startup Cost": 20006.2, "Total Cost": 190684.43, "Plan Rows": 152707, "Plan Width": 42, "Plans": [{"Node Type": "Hash Join", "Parent Relationship": "Outer", "Join Type": "Inner", "Startup Cost": 20006.2, "Total Cost": 175105.81, "Plan Rows": 152707, "Plan Width": 42, "Inner Unique": false, "Hash Cond": "(l1.l_suppkey = supplier.s_suppkey), (LLVM Optimized)", "Plans": [{"Node Type": "Seq Scan", "Parent Relationship": "Outer", "Relation Name": "lineitem", "Alias": "l1", "Startup Cost": 0.0, "Total Cost": 150317.68, "Plan Rows": 19995678, "Plan Width": 16, "Filter": "(l_receiptdate > l_commitdate), (LLVM Optimized)"}, {"Node Type": "Hash", "Parent Relationship": "Inner", "Startup Cost": 19956.2, "Total Cost": 19956.2, "Plan Rows": 64000, "Plan Width": 34, "Plans": [{"Node Type": "Streaming(type: BROADCAST dop: 16/1)", "Parent Relationship": "Outer", "Startup Cost": 1.32, "Total Cost": 19956.2, "Plan Rows": 64000, "Plan Width": 34, "Plans": [{"Node Type": "Hash Join", "Parent Relationship": "Outer", "Join Type": "Inner", "Startup Cost": 1.32, "Total Cost": 3574.95, "Plan Rows": 4000, "Plan Width": 34, "Inner Unique": true, "Hash Cond": "(supplier.s_nationkey = nation.n_nationkey)", "Plans": [{"Node Type": "Seq Scan", "Parent Relationship": "Outer", "Relation Name": "supplier", "Alias": "supplier", "Startup Cost": 0.0, "Total Cost": 3283.0, "Plan Rows": 100000, "Plan Width": 38}, {"Node Type": "Hash", "Parent Relationship": "Inner", "Startup Cost": 1.31, "Total Cost": 1.31, "Plan Rows": 1, "Plan Width": 4, "Plans": [{"Node Type": "Seq Scan", "Parent Relationship": "Outer", "Relation Name": "nation", "Alias": "nation", "Startup Cost": 0.0, "Total Cost": 1.31, "Plan Rows": 1, "Plan Width": 4, "Filter": "(n_name = 'EGYPT'::bpchar)"}]}]}]}]}]}]}]}]}]}, {"Node Type": "Hash", "Parent Relationship": "Inner", "Startup Cost": 43994.53, "Total Cost": 43994.53, "Plan Rows": 7338812, "Plan Width": 8, "Plans": [{"Node Type": "Seq Scan", "Parent Relationship": "Outer", "Relation Name": "orders", "Alias": "orders", "Startup Cost": 0.0, "Total Cost": 43994.53, "Plan Rows": 7338812, "Plan Width": 8, "Filter": "(o_orderstatus = 'F'::bpchar), (LLVM Optimized)"}]}]}]}, {"Node Type": "Hash", "Parent Relationship": "Inner", "Startup Cost": 241082.56, "Total Cost": 241082.56, "Plan Rows": 19995678, "Plan Width": 16, "Plans": [{"Node Type": "Streaming(type: LOCAL REDISTRIBUTE dop: 16/16)", "Parent Relationship": "Outer", "Startup Cost": 0.0, "Total Cost": 241082.56, "Plan Rows": 19995678, "Plan Width": 16, "Plans": [{"Node Type": "Seq Scan", "Parent Relationship": "Outer", "Relation Name": "lineitem", "Alias": "l3", "Startup Cost": 0.0, "Total Cost": 150317.68, "Plan Rows": 19995678, "Plan Width": 16, "Filter": "(l_receiptdate > l_commitdate), (LLVM Optimized)"}]}]}]}]}]}]}]}]}]}]}, "Unique SQL Id": 3870093320}, "explain_analyze_plan": {"Plan": {"Node Type": "Limit", "Startup Cost": 747988.54, "Total Cost": 747988.79, "Plan Rows": 100, "Plan Width": 34, "Actual Min Startup Time": 16410.512, "Actual Max Startup Time": 16410.512, "Actual Min Total Time": 16410.529, "Actual Max Total Time": 16410.529, "Actual Total Rows": 100, "Plans": [{"Node Type": "Sort", "Parent Relationship": "Outer", "Startup Cost": 747988.54, "Total Cost": 747988.79, "Plan Rows": 100, "Plan Width": 34, "Actual Min Startup Time": 16410.509, "Actual Max Startup Time": 16410.509, "Actual Min Total Time": 16410.514, "Actual Max Total Time": 16410.514, "Actual Total Rows": 100, "Sort Key": ["(count(*)) DESC", "supplier.s_name"], "Sort Method": "top-N heapsort", "Sort Space Min Used": 39, "Sort Space Max Used": 39, "Sort Space Type": "Memory", "Plans": [{"Node Type": "Streaming(type: LOCAL GATHER dop: 1/16)", "Parent Relationship": "Outer", "Startup Cost": 747984.4, "Total Cost": 747985.22, "Plan Rows": 100, "Plan Width": 34, "Actual Min Startup Time": 16408.559, "Actual Max Startup Time": 16408.559, "Actual Min Total Time": 16409.348, "Actual Max Total Time": 16409.348, "Actual Total Rows": 1600, "Plans": [{"Node Type": "Limit", "Parent Relationship": "Outer", "Startup Cost": 747984.4, "Total Cost": 747984.65, "Plan Rows": 100, "Plan Width": 34, "Actual Min Startup Time": 16227.99, "Actual Max Startup Time": 16274.744, "Actual Min Total Time": 16228.007, "Actual Max Total Time": 16274.763, "Actual Total Rows": 1600, "Plans": [{"Node Type": "Sort", "Parent Relationship": "Outer", "Startup Cost": 747984.4, "Total Cost": 748007.33, "Plan Rows": 100, "Plan Width": 34, "Actual Min Startup Time": 16227.988, "Actual Max Startup Time": 16274.742, "Actual Min Total Time": 16227.993, "Actual Max Total Time": 16274.755, "Actual Total Rows": 1600, "Sort Key": ["(count(*)) DESC", "supplier.s_name"], "Sort Method": "top-N heapsort", "Sort Space Min Used": 40, "Sort Space Max Used": 40, "Sort Space Type": "Memory", "Plans": [{"Node Type": "Aggregate", "Strategy": "Hashed", "Parent Relationship": "Outer", "Startup Cost": 747628.12, "Total Cost": 747633.85, "Plan Rows": 9172, "Plan Width": 34, "Actual Min Startup Time": 16227.545, "Actual Max Startup Time": 16274.259, "Actual Min Total Time": 16227.597, "Actual Max Total Time": 16274.321, "Actual Total Rows": 3981, "Group By Key": ["supplier.s_name"], "Plans": [{"Node Type": "Streaming(type: LOCAL REDISTRIBUTE dop: 16/16)", "Parent Relationship": "Outer", "Startup Cost": 308588.13, "Total Cost": 747625.25, "Plan Rows": 9172, "Plan Width": 26, "Actual Min Startup Time": 10228.571, "Actual Max Startup Time": 11360.079, "Actual Min Total Time": 16225.834, "Actual Max Total Time": 16272.714, "Actual Total Rows": 39445, "Plans": [{"Node Type": "Hash Join", "Parent Relationship": "Outer", "Join Type": "Anti", "Startup Cost": 308588.13, "Total Cost": 747325.37, "Plan Rows": 9172, "Plan Width": 26, "Actual Min Startup Time": 6983.332, "Actual Max Startup Time": 7054.674, "Actual Min Total Time": 16196.812, "Actual Max Total Time": 16259.256, "Actual Total Rows": 39445, "Inner Unique": false, "Hash Cond": "(l1.l_orderkey = l3.l_orderkey)", "Join Filter": "(l3.l_suppkey <> l1.l_suppkey)", "Rows Removed by Join Filter": 238782, "Plans": [{"Node Type": "Streaming(type: LOCAL REDISTRIBUTE dop: 16/16)", "Parent Relationship": "Outer", "Startup Cost": 207535.81, "Total Cost": 645828.7, "Plan Rows": 183444, "Plan Width": 42, "Actual Min Startup Time": 0.135, "Actual Max Startup Time": 43.029, "Actual Min Total Time": 9168.228, "Actual Max Total Time": 9190.867, "Actual Total Rows": 702947, "Plans": [{"Node Type": "Hash Join", "Parent Relationship": "Outer", "Join Type": "Inner", "Startup Cost": 207535.81, "Total Cost": 630133.61, "Plan Rows": 183444, "Plan Width": 42, "Actual Min Startup Time": 2555.285, "Actual Max Startup Time": 2670.703, "Actual Min Total Time": 11900.486, "Actual Max Total Time": 16155.15, "Actual Total Rows": 702947, "Inner Unique": true, "Hash Cond": "(l1.l_orderkey = orders.o_orderkey), (LLVM Optimized, Jit Execute)", "Plans": [{"Node Type": "Streaming(type: BROADCAST dop: 16/16)", "Parent Relationship": "Outer", "Startup Cost": 190803.73, "Total Cost": 612742.87, "Plan Rows": 2321152, "Plan Width": 50, "Actual Min Startup Time": 1988.914, "Actual Max Startup Time": 2131.436, "Actual Min Total Time": 10689.438, "Actual Max Total Time": 15092.162, "Actual Total Rows": 23303216, "Plans": [{"Node Type": "Hash Join", "Parent Relationship": "Outer", "Join Type": "Right Semi", "Startup Cost": 190803.73, "Total Cost": 591849.32, "Plan Rows": 145072, "Plan Width": 50, "Actual Min Startup Time": 2549.297, "Actual Max Startup Time": 2692.713, "Actual Min Total Time": 10751.753, "Actual Max Total Time": 14944.542, "Actual Total Rows": 1456451, "Inner Unique": false, "Hash Cond": "(l2.l_orderkey = l1.l_orderkey), (LLVM Optimized, Jit Execute)", "Join Filter": "(l2.l_suppkey <> l1.l_suppkey), (LLVM Optimized, Jit Execute)", "Rows Removed by Join Filter": 378638, "Plans": [{"Node Type": "Streaming(type: LOCAL REDISTRIBUTE dop: 16/16)", "Parent Relationship": "Outer", "Startup Cost": 0.0, "Total Cost": 383239.33, "Plan Rows": 59987033, "Plan Width": 16, "Actual Min Startup Time": 0.058, "Actual Max Startup Time": 0.674, "Actual Min Total Time": 7368.742, "Actual Max Total Time": 11544.093, "Actual Total Rows": 59986052, "Plans": [{"Node Type": "Seq Scan", "Parent Relationship": "Outer", "Relation Name": "lineitem", "Alias": "l2", "Startup Cost": 0.0, "Total Cost": 140944.71, "Plan Rows": 59987033, "Plan Width": 16, "Actual Min Startup Time": 0.015, "Actual Max Startup Time": 0.033, "Actual Min Total Time": 1271.44, "Actual Max Total Time": 1327.364, "Actual Total Rows": 59986052}]}, {"Node Type": "Hash", "Parent Relationship": "Inner", "Startup Cost": 190684.43, "Total Cost": 190684.43, "Plan Rows": 152707, "Plan Width": 42, "Actual Min Startup Time": 2549.086, "Actual Max Startup Time": 2692.512, "Actual Min Total Time": 2549.086, "Actual Max Total Time": 2692.512, "Actual Total Rows": 1511024, "Max Hash Buckets": 32768, "Min Hash Buckets": 32768, "Max Hash Batches": 1, "Min Hash Batches": 1, "Max Original Hash Batches": 1, "Min Original Hash Batches": 1, "Max Peak Memory Usage": 7375, "min Peak Memory Usage": 7375, "Plans": [{"Node Type": "Streaming(type: LOCAL REDISTRIBUTE dop: 16/16)", "Parent Relationship": "Outer", "Startup Cost": 20006.2, "Total Cost": 190684.43, "Plan Rows": 152707, "Plan Width": 42, "Actual Min Startup Time": 124.128, "Actual Max Startup Time": 267.623, "Actual Min Total Time": 2519.224, "Actual Max Total Time": 2658.141, "Actual Total Rows": 1511024, "Plans": [{"Node Type": "Hash Join", "Parent Relationship": "Outer", "Join Type": "Inner", "Startup Cost": 20006.2, "Total Cost": 175105.81, "Plan Rows": 152707, "Plan Width": 42, "Actual Min Startup Time": 90.24, "Actual Max Startup Time": 206.607, "Actual Min Total Time": 2322.808, "Actual Max Total Time": 2449.347, "Actual Total Rows": 1511024, "Inner Unique": false, "Hash Cond": "(l1.l_suppkey = supplier.s_suppkey), (LLVM Optimized, Jit Execute)", "Plans": [{"Node Type": "Seq Scan", "Parent Relationship": "Outer", "Relation Name": "lineitem", "Alias": "l1", "Startup Cost": 0.0, "Total Cost": 150317.68, "Plan Rows": 19995678, "Plan Width": 16, "Actual Min Startup Time": 0.025, "Actual Max Startup Time": 0.051, "Actual Min Total Time": 1653.774, "Actual Max Total Time": 1841.41, "Actual Total Rows": 37929348, "Filter": "(l_receiptdate > l_commitdate), (LLVM Optimized, Jit Execute)", "Rows Removed by Filter": 22056704}, {"Node Type": "Hash", "Parent Relationship": "Inner", "Startup Cost": 19956.2, "Total Cost": 19956.2, "Plan Rows": 64000, "Plan Width": 34, "Actual Min Startup Time": 90.15, "Actual Max Startup Time": 206.445, "Actual Min Total Time": 90.15, "Actual Max Total Time": 206.445, "Actual Total Rows": 63696, "Max Hash Buckets": 32768, "Min Hash Buckets": 32768, "Max Hash Batches": 1, "Min Hash Batches": 1, "Max Original Hash Batches": 1, "Min Original Hash Batches": 1, "Max Peak Memory Usage": 280, "min Peak Memory Usage": 280, "Plans": [{"Node Type": "Streaming(type: BROADCAST dop: 16/1)", "Parent Relationship": "Outer", "Startup Cost": 1.32, "Total Cost": 19956.2, "Plan Rows": 64000, "Plan Width": 34, "Actual Min Startup Time": 0.029, "Actual Max Startup Time": 9.77, "Actual Min Total Time": 88.951, "Actual Max Total Time": 204.951, "Actual Total Rows": 63696, "Plans": [{"Node Type": "Hash Join", "Parent Relationship": "Outer", "Join Type": "Inner", "Startup Cost": 1.32, "Total Cost": 3574.95, "Plan Rows": 4000, "Plan Width": 34, "Actual Min Startup Time": 0.128, "Actual Max Startup Time": 0.128, "Actual Min Total Time": 49.23, "Actual Max Total Time": 49.23, "Actual Total Rows": 3981, "Inner Unique": true, "Hash Cond": "(supplier.s_nationkey = nation.n_nationkey)", "Plans": [{"Node Type": "Seq Scan", "Parent Relationship": "Outer", "Relation Name": "supplier", "Alias": "supplier", "Startup Cost": 0.0, "Total Cost": 3283.0, "Plan Rows": 100000, "Plan Width": 38, "Actual Min Startup Time": 0.019, "Actual Max Startup Time": 0.019, "Actual Min Total Time": 29.179, "Actual Max Total Time": 29.179, "Actual Total Rows": 100000}, {"Node Type": "Hash", "Parent Relationship": "Inner", "Startup Cost": 1.31, "Total Cost": 1.31, "Plan Rows": 1, "Plan Width": 4, "Actual Min Startup Time": 0.044, "Actual Max Startup Time": 0.044, "Actual Min Total Time": 0.044, "Actual Max Total Time": 0.044, "Actual Total Rows": 1, "Max Hash Buckets": 32768, "Min Hash Buckets": 32768, "Max Hash Batches": 1, "Min Hash Batches": 1, "Max Original Hash Batches": 1, "Min Original Hash Batches": 1, "Max Peak Memory Usage": 1, "min Peak Memory Usage": 1, "Plans": [{"Node Type": "Seq Scan", "Parent Relationship": "Outer", "Relation Name": "nation", "Alias": "nation", "Startup Cost": 0.0, "Total Cost": 1.31, "Plan Rows": 1, "Plan Width": 4, "Actual Min Startup Time": 0.025, "Actual Max Startup Time": 0.025, "Actual Min Total Time": 0.032, "Actual Max Total Time": 0.032, "Actual Total Rows": 1, "Filter": "(n_name = 'EGYPT'::bpchar)", "Rows Removed by Filter": 24}]}]}]}]}]}]}]}]}]}, {"Node Type": "Hash", "Parent Relationship": "Inner", "Startup Cost": 43994.53, "Total Cost": 43994.53, "Plan Rows": 7338812, "Plan Width": 8, "Actual Min Startup Time": 538.843, "Actual Max Startup Time": 584.562, "Actual Min Total Time": 538.843, "Actual Max Total Time": 584.562, "Actual Total Rows": 7309184, "Max Hash Buckets": 524288, "Min Hash Buckets": 524288, "Max Hash Batches": 1, "Min Hash Batches": 1, "Max Original Hash Batches": 1, "Min Original Hash Batches": 1, "Max Peak Memory Usage": 17868, "min Peak Memory Usage": 17868, "Plans": [{"Node Type": "Seq Scan", "Parent Relationship": "Outer", "Relation Name": "orders", "Alias": "orders", "Startup Cost": 0.0, "Total Cost": 43994.53, "Plan Rows": 7338812, "Plan Width": 8, "Actual Min Startup Time": 0.024, "Actual Max Startup Time": 0.04, "Actual Min Total Time": 391.155, "Actual Max Total Time": 427.794, "Actual Total Rows": 7309184, "Filter": "(o_orderstatus = 'F'::bpchar), (LLVM Optimized, Jit Execute)", "Rows Removed by Filter": 7690816}]}]}]}, {"Node Type": "Hash", "Parent Relationship": "Inner", "Startup Cost": 241082.56, "Total Cost": 241082.56, "Plan Rows": 19995678, "Plan Width": 16, "Actual Min Startup Time": 6968.583, "Actual Max Startup Time": 7030.982, "Actual Min Total Time": 6968.583, "Actual Max Total Time": 7030.982, "Actual Total Rows": 37929348, "Max Hash Buckets": 2097152, "Min Hash Buckets": 2097152, "Max Hash Batches": 1, "Min Hash Batches": 1, "Max Original Hash Batches": 1, "Min Original Hash Batches": 1, "Max Peak Memory Usage": 110961, "min Peak Memory Usage": 110961, "Plans": [{"Node Type": "Streaming(type: LOCAL REDISTRIBUTE dop: 16/16)", "Parent Relationship": "Outer", "Startup Cost": 0.0, "Total Cost": 241082.56, "Plan Rows": 19995678, "Plan Width": 16, "Actual Min Startup Time": 0.064, "Actual Max Startup Time": 60.836, "Actual Min Total Time": 6228.998, "Actual Max Total Time": 6400.75, "Actual Total Rows": 37929348, "Plans": [{"Node Type": "Seq Scan", "Parent Relationship": "Outer", "Relation Name": "lineitem", "Alias": "l3", "Startup Cost": 0.0, "Total Cost": 150317.68, "Plan Rows": 19995678, "Plan Width": 16, "Actual Min Startup Time": 0.027, "Actual Max Startup Time": 0.059, "Actual Min Total Time": 1713.209, "Actual Max Total Time": 1837.634, "Actual Total Rows": 37929348, "Filter": "(l_receiptdate > l_commitdate), (LLVM Optimized, Jit Execute)", "Rows Removed by Filter": 22056704}]}]}]}]}]}]}]}]}]}]}, "Triggers": [], "Planner Runtime": 14.822, "Total Runtime": 16447.818, "Unique SQL Id": 3870093320}}, "(16, 111)": {"explain_plan": {"Plan": {"Node Type": "Limit", "Startup Cost": 6001081212565.42, "Total Cost": 6001081212565.67, "Plan Rows": 100, "Plan Width": 34, "Plans": [{"Node Type": "Sort", "Parent Relationship": "Outer", "Startup Cost": 6001081212565.42, "Total Cost": 6001081212588.35, "Plan Rows": 100, "Plan Width": 34, "Sort Key": ["(count(*)) DESC", "supplier.s_name"], "Plans": [{"Node Type": "Aggregate", "Strategy": "Hashed", "Parent Relationship": "Outer", "Startup Cost": 6001081212123.16, "Total Cost": 6001081212214.88, "Plan Rows": 9172, "Plan Width": 34, "Group By Key": ["supplier.s_name"], "Plans": [{"Node Type": "Hash Join", "Parent Relationship": "Outer", "Join Type": "Inner", "Startup Cost": 4021080228818.26, "Total Cost": 6001081212077.3, "Plan Rows": 9172, "Plan Width": 26, "Inner Unique": true, "Hash Cond": "(l1.l_orderkey = orders.o_orderkey)", "Plans": [{"Node Type": "Hash Join", "Parent Relationship": "Outer", "Join Type": "Semi", "Startup Cost": 3021003289369.86, "Total Cost": 5001004272509.96, "Plan Rows": 7254, "Plan Width": 42, "Inner Unique": false, "Hash Cond": "(l1.l_orderkey = l2.l_orderkey)", "Join Filter": "(l2.l_suppkey <> l1.l_suppkey)", "Plans": [{"Node Type": "Hash Join", "Parent Relationship": "Outer", "Join Type": "Anti", "Startup Cost": 2020678524157.45, "Total Cost": 4000679504286.55, "Plan Rows": 7635, "Plan Width": 42, "Inner Unique": false, "Hash Cond": "(l1.l_orderkey = l3.l_orderkey)", "Join Filter": "(l3.l_suppkey <> l1.l_suppkey)", "Plans": [{"Node Type": "Hash Join", "Parent Relationship": "Outer", "Join Type": "Inner", "Startup Cost": 1020339262078.72, "Total Cost": 3000340155230.49, "Plan Rows": 152707, "Plan Width": 42, "Inner Unique": false, "Hash Cond": "(supplier.s_suppkey = l1.l_suppkey), (LLVM Optimized)", "Plans": [{"Node Type": "Nested Loop", "Parent Relationship": "Outer", "Join Type": "Inner", "Startup Cost": 20000000000.0, "Total Cost": 2000000862579.69, "Plan Rows": 4000, "Plan Width": 34, "Inner Unique": false, "Plans": [{"Node Type": "Index Scan", "Parent Relationship": "Outer", "Scan Direction": "Forward", "Index Name": "nation_pkey", "Relation Name": "nation", "Alias": "nation", "Startup Cost": 10000000000.0, "Total Cost": 1000000001268.75, "Plan Rows": 1, "Plan Width": 4, "Filter": "(n_name = 'EGYPT'::bpchar)"}, {"Node Type": "Index Scan", "Parent Relationship": "Inner", "Scan Direction": "Forward", "Index Name": "idx_supplier_nation_key", "Relation Name": "supplier", "Alias": "supplier", "Startup Cost": 10000000000.0, "Total Cost": 1000000861270.94, "Plan Rows": 4000, "Plan Width": 38, "Index Cond": "(s_nationkey = nation.n_nationkey)"}]}, {"Node Type": "Hash", "Parent Relationship": "Inner", "Startup Cost": 1000339012132.75, "Total Cost": 1000339012132.75, "Plan Rows": 19995678, "Plan Width": 16, "Plans": [{"Node Type": "Index Scan", "Parent Relationship": "Outer", "Scan Direction": "Forward", "Index Name": "idx_lineitem_orderkey", "Relation Name": "lineitem", "Alias": "l1", "Startup Cost": 10000000000.0, "Total Cost": 1000339012132.75, "Plan Rows": 19995678, "Plan Width": 16, "Filter": "(l_receiptdate > l_commitdate), (LLVM Optimized)"}]}]}, {"Node Type": "Hash", "Parent Relationship": "Inner", "Startup Cost": 1000339012132.75, "Total Cost": 1000339012132.75, "Plan Rows": 19995678, "Plan Width": 16, "Plans": [{"Node Type": "Index Scan", "Parent Relationship": "Outer", "Scan Direction": "Forward", "Index Name": "idx_lineitem_orderkey", "Relation Name": "lineitem", "Alias": "l3", "Startup Cost": 10000000000.0, "Total Cost": 1000339012132.75, "Plan Rows": 19995678, "Plan Width": 16, "Filter": "(l_receiptdate > l_commitdate), (LLVM Optimized)"}]}]}, {"Node Type": "Hash", "Parent Relationship": "Inner", "Startup Cost": 1000324015374.5, "Total Cost": 1000324015374.5, "Plan Rows": 59987033, "Plan Width": 16, "Plans": [{"Node Type": "Index Scan", "Parent Relationship": "Outer", "Scan Direction": "Forward", "Index Name": "idx_lineitem_orderkey", "Relation Name": "lineitem", "Alias": "l2", "Startup Cost": 10000000000.0, "Total Cost": 1000324015374.5, "Plan Rows": 59987033, "Plan Width": 16}]}]}, {"Node Type": "Hash", "Parent Relationship": "Inner", "Startup Cost": 1000076847713.25, "Total Cost": 1000076847713.25, "Plan Rows": 7338812, "Plan Width": 8, "Plans": [{"Node Type": "Index Scan", "Parent Relationship": "Outer", "Scan Direction": "Forward", "Index Name": "orders_pkey", "Relation Name": "orders", "Alias": "orders", "Startup Cost": 10000000000.0, "Total Cost": 1000076847713.25, "Plan Rows": 7338812, "Plan Width": 8, "Filter": "(o_orderstatus = 'F'::bpchar), (LLVM Optimized)"}]}]}]}]}]}, "Unique SQL Id": 3870093320}, "explain_analyze_plan": null}, "(16, 112)": {"explain_plan": {"Plan": {"Node Type": "Limit", "Startup Cost": 5010321.56, "Total Cost": 5010321.81, "Plan Rows": 100, "Plan Width": 34, "Plans": [{"Node Type": "Sort", "Parent Relationship": "Outer", "Startup Cost": 5010321.56, "Total Cost": 5010344.49, "Plan Rows": 100, "Plan Width": 34, "Sort Key": ["(count(*)) DESC", "supplier.s_name"], "Plans": [{"Node Type": "Aggregate", "Strategy": "Hashed", "Parent Relationship": "Outer", "Startup Cost": 5009879.29, "Total Cost": 5009971.01, "Plan Rows": 9172, "Plan Width": 34, "Group By Key": ["supplier.s_name"], "Plans": [{"Node Type": "Nested Loop", "Parent Relationship": "Outer", "Join Type": "Inner", "Startup Cost": 0.0, "Total Cost": 5009833.43, "Plan Rows": 9172, "Plan Width": 26, "Inner Unique": true, "Join Filter": "(l1.l_orderkey = orders.o_orderkey)", "Plans": [{"Node Type": "Nested Loop", "Parent Relationship": "Outer", "Join Type": "Semi", "Startup Cost": 0.0, "Total Cost": 5002733.06, "Plan Rows": 7254, "Plan Width": 42, "Inner Unique": false, "Plans": [{"Node Type": "Nested Loop", "Parent Relationship": "Outer", "Join Type": "Anti", "Startup Cost": 0.0, "Total Cost": 5000877.5, "Plan Rows": 7635, "Plan Width": 42, "Inner Unique": false, "Plans": [{"Node Type": "Streaming(type: LOCAL GATHER dop: 1/16)", "Parent Relationship": "Outer", "Startup Cost": 0.0, "Total Cost": 4953690.28, "Plan Rows": 152707, "Plan Width": 42, "Plans": [{"Node Type": "Nested Loop", "Parent Relationship": "Outer", "Join Type": "Inner", "Startup Cost": 0.0, "Total Cost": 4950394.55, "Plan Rows": 152707, "Plan Width": 42, "Inner Unique": false, "Join Filter": "(supplier.s_suppkey = l1.l_suppkey), (LLVM Optimized)", "Plans": [{"Node Type": "Streaming(type: LOCAL REDISTRIBUTE dop: 16/1)", "Parent Relationship": "Outer", "Startup Cost": 0.0, "Total Cost": 19700.64, "Plan Rows": 4000, "Plan Width": 34, "Plans": [{"Node Type": "Nested Loop", "Parent Relationship": "Outer", "Join Type": "Inner", "Startup Cost": 0.0, "Total Cost": 4534.31, "Plan Rows": 4000, "Plan Width": 34, "Inner Unique": false, "Join Filter": "(supplier.s_nationkey = nation.n_nationkey)", "Plans": [{"Node Type": "Seq Scan", "Parent Relationship": "Outer", "Relation Name": "nation", "Alias": "nation", "Startup Cost": 0.0, "Total Cost": 1.31, "Plan Rows": 1, "Plan Width": 4, "Filter": "(n_name = 'EGYPT'::bpchar)"}, {"Node Type": "Seq Scan", "Parent Relationship": "Inner", "Relation Name": "supplier", "Alias": "supplier", "Startup Cost": 0.0, "Total Cost": 3283.0, "Plan Rows": 100000, "Plan Width": 38}]}]}, {"Node Type": "Materialize", "Parent Relationship": "Inner", "Startup Cost": 0.0, "Total Cost": 247331.21, "Plan Rows": 19995678, "Plan Width": 16, "Plans": [{"Node Type": "Streaming(type: LOCAL REDISTRIBUTE dop: 16/16)", "Parent Relationship": "Outer", "Startup Cost": 0.0, "Total Cost": 241082.56, "Plan Rows": 19995678, "Plan Width": 16, "Plans": [{"Node Type": "Seq Scan", "Parent Relationship": "Outer", "Relation Name": "lineitem", "Alias": "l1", "Startup Cost": 0.0, "Total Cost": 150317.68, "Plan Rows": 19995678, "Plan Width": 16, "Filter": "(l_receiptdate > l_commitdate), (LLVM Optimized)"}]}]}]}]}, {"Node Type": "Index Scan", "Parent Relationship": "Inner", "Scan Direction": "Forward", "Index Name": "idx_lineitem_orderkey", "Relation Name": "lineitem", "Alias": "l3", "Startup Cost": 0.0, "Total Cost": 1.63, "Plan Rows": 3, "Plan Width": 16, "Index Cond": "(l_orderkey = l1.l_orderkey)", "Filter": "((l_receiptdate > l_commitdate) AND (l_suppkey <> l1.l_suppkey))"}]}, {"Node Type": "Index Scan", "Parent Relationship": "Inner", "Scan Direction": "Forward", "Index Name": "idx_lineitem_orderkey", "Relation Name": "lineitem", "Alias": "l2", "Startup Cost": 0.0, "Total Cost": 1.63, "Plan Rows": 9, "Plan Width": 16, "Index Cond": "(l_orderkey = l1.l_orderkey)", "Filter": "(l_suppkey <> l1.l_suppkey)"}]}, {"Node Type": "Index Scan", "Parent Relationship": "Inner", "Scan Direction": "Forward", "Index Name": "orders_pkey", "Relation Name": "orders", "Alias": "orders", "Startup Cost": 0.0, "Total Cost": 0.97, "Plan Rows": 1, "Plan Width": 8, "Index Cond": "(o_orderkey = l2.l_orderkey)", "Filter": "(o_orderstatus = 'F'::bpchar)"}]}]}]}]}, "Unique SQL Id": 3870093320}, "explain_analyze_plan": null}, "(16, 113)": {"explain_plan": {"Plan": {"Node Type": "Limit", "Startup Cost": 7564216.25, "Total Cost": 7564216.5, "Plan Rows": 100, "Plan Width": 34, "Plans": [{"Node Type": "Sort", "Parent Relationship": "Outer", "Startup Cost": 7564216.25, "Total Cost": 7564239.18, "Plan Rows": 100, "Plan Width": 34, "Sort Key": ["(count(*)) DESC", "supplier.s_name"], "Plans": [{"Node Type": "Aggregate", "Strategy": "Hashed", "Parent Relationship": "Outer", "Startup Cost": 7563773.98, "Total Cost": 7563865.7, "Plan Rows": 9172, "Plan Width": 34, "Group By Key": ["supplier.s_name"], "Plans": [{"Node Type": "Nested Loop", "Parent Relationship": "Outer", "Join Type": "Inner", "Startup Cost": 0.0, "Total Cost": 7563728.12, "Plan Rows": 9172, "Plan Width": 26, "Inner Unique": true, "Join Filter": "(l1.l_orderkey = orders.o_orderkey)", "Plans": [{"Node Type": "Nested Loop", "Parent Relationship": "Outer", "Join Type": "Semi", "Startup Cost": 0.0, "Total Cost": 7556627.75, "Plan Rows": 7254, "Plan Width": 42, "Inner Unique": false, "Plans": [{"Node Type": "Nested Loop", "Parent Relationship": "Outer", "Join Type": "Anti", "Startup Cost": 0.0, "Total Cost": 7554772.19, "Plan Rows": 7635, "Plan Width": 42, "Inner Unique": false, "Plans": [{"Node Type": "Streaming(type: LOCAL GATHER dop: 1/16)", "Parent Relationship": "Outer", "Startup Cost": 0.0, "Total Cost": 7507584.97, "Plan Rows": 152707, "Plan Width": 42, "Plans": [{"Node Type": "Nested Loop", "Parent Relationship": "Outer", "Join Type": "Inner", "Startup Cost": 0.0, "Total Cost": 7504289.24, "Plan Rows": 152707, "Plan Width": 42, "Inner Unique": false, "Join Filter": "(supplier.s_suppkey = l1.l_suppkey), (LLVM Optimized)", "Plans": [{"Node Type": "Streaming(type: LOCAL REDISTRIBUTE dop: 16/1)", "Parent Relationship": "Outer", "Startup Cost": 0.0, "Total Cost": 21764.73, "Plan Rows": 4000, "Plan Width": 34, "Plans": [{"Node Type": "Nested Loop", "Parent Relationship": "Outer", "Join Type": "Inner", "Startup Cost": 0.0, "Total Cost": 6598.4, "Plan Rows": 4000, "Plan Width": 34, "Inner Unique": false, "Join Filter": "(supplier.s_nationkey = nation.n_nationkey)", "Plans": [{"Node Type": "Index Scan", "Parent Relationship": "Outer", "Scan Direction": "Forward", "Index Name": "nation_pkey", "Relation Name": "nation", "Alias": "nation", "Startup Cost": 0.0, "Total Cost": 12.69, "Plan Rows": 1, "Plan Width": 4, "Filter": "(n_name = 'EGYPT'::bpchar)"}, {"Node Type": "Index Scan", "Parent Relationship": "Inner", "Scan Direction": "Forward", "Index Name": "supplier_pkey", "Relation Name": "supplier", "Alias": "supplier", "Startup Cost": 0.0, "Total Cost": 5335.71, "Plan Rows": 100000, "Plan Width": 38}]}]}, {"Node Type": "Materialize", "Parent Relationship": "Inner", "Startup Cost": 0.0, "Total Cost": 2799161.81, "Plan Rows": 19995678, "Plan Width": 16, "Plans": [{"Node Type": "Streaming(type: LOCAL REDISTRIBUTE dop: 16/16)", "Parent Relationship": "Outer", "Startup Cost": 0.0, "Total Cost": 2792913.16, "Plan Rows": 19995678, "Plan Width": 16, "Plans": [{"Node Type": "Index Scan", "Parent Relationship": "Outer", "Scan Direction": "Forward", "Index Name": "idx_lineitem_orderkey", "Relation Name": "lineitem", "Alias": "l1", "Startup Cost": 0.0, "Total Cost": 2702148.28, "Plan Rows": 19995678, "Plan Width": 16, "Filter": "(l_receiptdate > l_commitdate), (LLVM Optimized)"}]}]}]}]}, {"Node Type": "Index Scan", "Parent Relationship": "Inner", "Scan Direction": "Forward", "Index Name": "idx_lineitem_orderkey", "Relation Name": "lineitem", "Alias": "l3", "Startup Cost": 0.0, "Total Cost": 1.63, "Plan Rows": 3, "Plan Width": 16, "Index Cond": "(l_orderkey = l1.l_orderkey)", "Filter": "((l_receiptdate > l_commitdate) AND (l_suppkey <> l1.l_suppkey))"}]}, {"Node Type": "Index Scan", "Parent Relationship": "Inner", "Scan Direction": "Forward", "Index Name": "idx_lineitem_orderkey", "Relation Name": "lineitem", "Alias": "l2", "Startup Cost": 0.0, "Total Cost": 1.63, "Plan Rows": 9, "Plan Width": 16, "Index Cond": "(l_orderkey = l1.l_orderkey)", "Filter": "(l_suppkey <> l1.l_suppkey)"}]}, {"Node Type": "Index Scan", "Parent Relationship": "Inner", "Scan Direction": "Forward", "Index Name": "orders_pkey", "Relation Name": "orders", "Alias": "orders", "Startup Cost": 0.0, "Total Cost": 0.97, "Plan Rows": 1, "Plan Width": 8, "Index Cond": "(o_orderkey = l2.l_orderkey)", "Filter": "(o_orderstatus = 'F'::bpchar)"}]}]}]}]}, "Unique SQL Id": 3870093320}, "explain_analyze_plan": null}, "(16, 114)": {"explain_plan": {"Plan": {"Node Type": "Limit", "Startup Cost": 5361630.8, "Total Cost": 5361631.05, "Plan Rows": 100, "Plan Width": 34, "Plans": [{"Node Type": "Sort", "Parent Relationship": "Outer", "Startup Cost": 5361630.8, "Total Cost": 5361653.73, "Plan Rows": 100, "Plan Width": 34, "Sort Key": ["(count(*)) DESC", "supplier.s_name"], "Plans": [{"Node Type": "Aggregate", "Strategy": "Hashed", "Parent Relationship": "Outer", "Startup Cost": 5361188.53, "Total Cost": 5361280.25, "Plan Rows": 9172, "Plan Width": 34, "Group By Key": ["supplier.s_name"], "Plans": [{"Node Type": "Nested Loop", "Parent Relationship": "Outer", "Join Type": "Inner", "Startup Cost": 2.25, "Total Cost": 5361142.67, "Plan Rows": 9172, "Plan Width": 26, "Inner Unique": true, "Join Filter": "(l1.l_orderkey = orders.o_orderkey)", "Plans": [{"Node Type": "Nested Loop", "Parent Relationship": "Outer", "Join Type": "Semi", "Startup Cost": 1.65, "Total Cost": 5327581.91, "Plan Rows": 7254, "Plan Width": 42, "Inner Unique": false, "Plans": [{"Node Type": "Nested Loop", "Parent Relationship": "Outer", "Join Type": "Anti", "Startup Cost": 0.82, "Total Cost": 5312403.36, "Plan Rows": 7635, "Plan Width": 42, "Inner Unique": false, "Plans": [{"Node Type": "Streaming(type: LOCAL GATHER dop: 1/16)", "Parent Relationship": "Outer", "Startup Cost": 0.0, "Total Cost": 4953690.28, "Plan Rows": 152707, "Plan Width": 42, "Plans": [{"Node Type": "Nested Loop", "Parent Relationship": "Outer", "Join Type": "Inner", "Startup Cost": 0.0, "Total Cost": 4950394.55, "Plan Rows": 152707, "Plan Width": 42, "Inner Unique": false, "Join Filter": "(supplier.s_suppkey = l1.l_suppkey), (LLVM Optimized)", "Plans": [{"Node Type": "Streaming(type: LOCAL REDISTRIBUTE dop: 16/1)", "Parent Relationship": "Outer", "Startup Cost": 0.0, "Total Cost": 19700.64, "Plan Rows": 4000, "Plan Width": 34, "Plans": [{"Node Type": "Nested Loop", "Parent Relationship": "Outer", "Join Type": "Inner", "Startup Cost": 0.0, "Total Cost": 4534.31, "Plan Rows": 4000, "Plan Width": 34, "Inner Unique": false, "Join Filter": "(supplier.s_nationkey = nation.n_nationkey)", "Plans": [{"Node Type": "Seq Scan", "Parent Relationship": "Outer", "Relation Name": "nation", "Alias": "nation", "Startup Cost": 0.0, "Total Cost": 1.31, "Plan Rows": 1, "Plan Width": 4, "Filter": "(n_name = 'EGYPT'::bpchar)"}, {"Node Type": "Seq Scan", "Parent Relationship": "Inner", "Relation Name": "supplier", "Alias": "supplier", "Startup Cost": 0.0, "Total Cost": 3283.0, "Plan Rows": 100000, "Plan Width": 38}]}]}, {"Node Type": "Materialize", "Parent Relationship": "Inner", "Startup Cost": 0.0, "Total Cost": 247331.21, "Plan Rows": 19995678, "Plan Width": 16, "Plans": [{"Node Type": "Streaming(type: LOCAL REDISTRIBUTE dop: 16/16)", "Parent Relationship": "Outer", "Startup Cost": 0.0, "Total Cost": 241082.56, "Plan Rows": 19995678, "Plan Width": 16, "Plans": [{"Node Type": "Seq Scan", "Parent Relationship": "Outer", "Relation Name": "lineitem", "Alias": "l1", "Startup Cost": 0.0, "Total Cost": 150317.68, "Plan Rows": 19995678, "Plan Width": 16, "Filter": "(l_receiptdate > l_commitdate), (LLVM Optimized)"}]}]}]}]}, {"Node Type": "Bitmap Heap Scan", "Parent Relationship": "Inner", "Relation Name": "lineitem", "Alias": "l3", "Startup Cost": 0.82, "Total Cost": 8.97, "Plan Rows": 3, "Plan Width": 16, "Recheck Cond": "(l_orderkey = l1.l_orderkey)", "Filter": "((l_receiptdate > l_commitdate) AND (l_suppkey <> l1.l_suppkey))", "Plans": [{"Node Type": "Bitmap Index Scan", "Parent Relationship": "Outer", "Index Name": "idx_lineitem_orderkey", "Startup Cost": 0.0, "Total Cost": 0.82, "Plan Rows": 9, "Plan Width": 0, "Index Cond": "(l_orderkey = l1.l_orderkey)"}]}]}, {"Node Type": "Bitmap Heap Scan", "Parent Relationship": "Inner", "Relation Name": "lineitem", "Alias": "l2", "Startup Cost": 0.82, "Total Cost": 8.95, "Plan Rows": 9, "Plan Width": 16, "Recheck Cond": "(l_orderkey = l1.l_orderkey)", "Filter": "(l_suppkey <> l1.l_suppkey)", "Plans": [{"Node Type": "Bitmap Index Scan", "Parent Relationship": "Outer", "Index Name": "idx_lineitem_orderkey", "Startup Cost": 0.0, "Total Cost": 0.82, "Plan Rows": 9, "Plan Width": 0, "Index Cond": "(l_orderkey = l1.l_orderkey)"}]}]}, {"Node Type": "Bitmap Heap Scan", "Parent Relationship": "Inner", "Relation Name": "orders", "Alias": "orders", "Startup Cost": 0.6, "Total Cost": 4.61, "Plan Rows": 1, "Plan Width": 8, "Recheck Cond": "(o_orderkey = l2.l_orderkey)", "Filter": "(o_orderstatus = 'F'::bpchar)", "Plans": [{"Node Type": "Bitmap Index Scan", "Parent Relationship": "Outer", "Index Name": "orders_pkey", "Startup Cost": 0.0, "Total Cost": 0.6, "Plan Rows": 1, "Plan Width": 0, "Index Cond": "(o_orderkey = l2.l_orderkey)"}]}]}]}]}]}, "Unique SQL Id": 3870093320}, "explain_analyze_plan": null}, "(16, 115)": {"explain_plan": {"Plan": {"Node Type": "Limit", "Startup Cost": 54985304.37, "Total Cost": 54985304.62, "Plan Rows": 100, "Plan Width": 34, "Plans": [{"Node Type": "Sort", "Parent Relationship": "Outer", "Startup Cost": 54985304.37, "Total Cost": 54985327.3, "Plan Rows": 100, "Plan Width": 34, "Sort Key": ["(count(*)) DESC", "supplier.s_name"], "Plans": [{"Node Type": "Aggregate", "Strategy": "Hashed", "Parent Relationship": "Outer", "Startup Cost": 54984862.1, "Total Cost": 54984953.82, "Plan Rows": 9172, "Plan Width": 34, "Group By Key": ["supplier.s_name"], "Plans": [{"Node Type": "Nested Loop", "Parent Relationship": "Outer", "Join Type": "Inner", "Startup Cost": 1230045.5, "Total Cost": 54984816.24, "Plan Rows": 9172, "Plan Width": 26, "Inner Unique": true, "Join Filter": "(l1.l_orderkey = orders.o_orderkey)", "Plans": [{"Node Type": "Nested Loop", "Parent Relationship": "Outer", "Join Type": "Semi", "Startup Cost": 1230044.9, "Total Cost": 54951255.48, "Plan Rows": 7254, "Plan Width": 42, "Inner Unique": false, "Plans": [{"Node Type": "Nested Loop", "Parent Relationship": "Outer", "Join Type": "Inner", "Startup Cost": 1230044.08, "Total Cost": 54936076.93, "Plan Rows": 7635, "Plan Width": 42, "Inner Unique": false, "Join Filter": "(supplier.s_nationkey = nation.n_nationkey)", "Plans": [{"Node Type": "Bitmap Heap Scan", "Parent Relationship": "Outer", "Relation Name": "nation", "Alias": "nation", "Startup Cost": 8.38, "Total Cost": 12.69, "Plan Rows": 1, "Plan Width": 4, "Filter": "(n_name = 'EGYPT'::bpchar)", "Plans": [{"Node Type": "Bitmap Index Scan", "Parent Relationship": "Outer", "Index Name": "nation_pkey", "Startup Cost": 0.0, "Total Cost": 8.38, "Plan Rows": 25, "Plan Width": 0}]}, {"Node Type": "Nested Loop", "Parent Relationship": "Inner", "Join Type": "Inner", "Startup Cost": 1230035.7, "Total Cost": 54933678.19, "Plan Rows": 190884, "Plan Width": 46, "Inner Unique": true, "Plans": [{"Node Type": "Nested Loop", "Parent Relationship": "Outer", "Join Type": "Anti", "Startup Cost": 1230035.16, "Total Cost": 50364947.29, "Plan Rows": 999784, "Plan Width": 16, "Inner Unique": false, "Plans": [{"Node Type": "Bitmap Heap Scan", "Parent Relationship": "Outer", "Relation Name": "lineitem", "Alias": "l1", "Startup Cost": 1230034.33, "Total Cost": 3395117.25, "Plan Rows": 19995678, "Plan Width": 16, "Filter": "(l_receiptdate > l_commitdate), (LLVM Optimized)", "Plans": [{"Node Type": "Bitmap Index Scan", "Parent Relationship": "Outer", "Index Name": "idx_lineitem_orderkey", "Startup Cost": 0.0, "Total Cost": 1225035.42, "Plan Rows": 59987033, "Plan Width": 0}]}, {"Node Type": "Bitmap Heap Scan", "Parent Relationship": "Inner", "Relation Name": "lineitem", "Alias": "l3", "Startup Cost": 0.82, "Total Cost": 8.97, "Plan Rows": 3, "Plan Width": 16, "Recheck Cond": "(l_orderkey = l1.l_orderkey)", "Filter": "((l_receiptdate > l_commitdate) AND (l_suppkey <> l1.l_suppkey))", "Plans": [{"Node Type": "Bitmap Index Scan", "Parent Relationship": "Outer", "Index Name": "idx_lineitem_orderkey", "Startup Cost": 0.0, "Total Cost": 0.82, "Plan Rows": 9, "Plan Width": 0, "Index Cond": "(l_orderkey = l1.l_orderkey)"}]}]}, {"Node Type": "Bitmap Heap Scan", "Parent Relationship": "Inner", "Relation Name": "supplier", "Alias": "supplier", "Startup Cost": 0.55, "Total Cost": 4.56, "Plan Rows": 1, "Plan Width": 38, "Recheck Cond": "(s_suppkey = l1.l_suppkey)", "Plans": [{"Node Type": "Bitmap Index Scan", "Parent Relationship": "Outer", "Index Name": "supplier_pkey", "Startup Cost": 0.0, "Total Cost": 0.55, "Plan Rows": 1, "Plan Width": 0, "Index Cond": "(s_suppkey = l1.l_suppkey)"}]}]}]}, {"Node Type": "Bitmap Heap Scan", "Parent Relationship": "Inner", "Relation Name": "lineitem", "Alias": "l2", "Startup Cost": 0.82, "Total Cost": 8.95, "Plan Rows": 9, "Plan Width": 16, "Recheck Cond": "(l_orderkey = l1.l_orderkey)", "Filter": "(l_suppkey <> l1.l_suppkey)", "Plans": [{"Node Type": "Bitmap Index Scan", "Parent Relationship": "Outer", "Index Name": "idx_lineitem_orderkey", "Startup Cost": 0.0, "Total Cost": 0.82, "Plan Rows": 9, "Plan Width": 0, "Index Cond": "(l_orderkey = l1.l_orderkey)"}]}]}, {"Node Type": "Bitmap Heap Scan", "Parent Relationship": "Inner", "Relation Name": "orders", "Alias": "orders", "Startup Cost": 0.6, "Total Cost": 4.61, "Plan Rows": 1, "Plan Width": 8, "Recheck Cond": "(o_orderkey = l2.l_orderkey)", "Filter": "(o_orderstatus = 'F'::bpchar)", "Plans": [{"Node Type": "Bitmap Index Scan", "Parent Relationship": "Outer", "Index Name": "orders_pkey", "Startup Cost": 0.0, "Total Cost": 0.6, "Plan Rows": 1, "Plan Width": 0, "Index Cond": "(o_orderkey = l2.l_orderkey)"}]}]}]}]}]}, "Unique SQL Id": 3870093320}, "explain_analyze_plan": null}, "(16, 116)": {"explain_plan": {"Plan": {"Node Type": "Limit", "Startup Cost": 5010321.56, "Total Cost": 5010321.81, "Plan Rows": 100, "Plan Width": 34, "Plans": [{"Node Type": "Sort", "Parent Relationship": "Outer", "Startup Cost": 5010321.56, "Total Cost": 5010344.49, "Plan Rows": 100, "Plan Width": 34, "Sort Key": ["(count(*)) DESC", "supplier.s_name"], "Plans": [{"Node Type": "Aggregate", "Strategy": "Hashed", "Parent Relationship": "Outer", "Startup Cost": 5009879.29, "Total Cost": 5009971.01, "Plan Rows": 9172, "Plan Width": 34, "Group By Key": ["supplier.s_name"], "Plans": [{"Node Type": "Nested Loop", "Parent Relationship": "Outer", "Join Type": "Inner", "Startup Cost": 0.0, "Total Cost": 5009833.43, "Plan Rows": 9172, "Plan Width": 26, "Inner Unique": true, "Join Filter": "(l1.l_orderkey = orders.o_orderkey)", "Plans": [{"Node Type": "Nested Loop", "Parent Relationship": "Outer", "Join Type": "Semi", "Startup Cost": 0.0, "Total Cost": 5002733.06, "Plan Rows": 7254, "Plan Width": 42, "Inner Unique": false, "Plans": [{"Node Type": "Nested Loop", "Parent Relationship": "Outer", "Join Type": "Anti", "Startup Cost": 0.0, "Total Cost": 5000877.5, "Plan Rows": 7635, "Plan Width": 42, "Inner Unique": false, "Plans": [{"Node Type": "Streaming(type: LOCAL GATHER dop: 1/16)", "Parent Relationship": "Outer", "Startup Cost": 0.0, "Total Cost": 4953690.28, "Plan Rows": 152707, "Plan Width": 42, "Plans": [{"Node Type": "Nested Loop", "Parent Relationship": "Outer", "Join Type": "Inner", "Startup Cost": 0.0, "Total Cost": 4950394.55, "Plan Rows": 152707, "Plan Width": 42, "Inner Unique": false, "Join Filter": "(supplier.s_suppkey = l1.l_suppkey), (LLVM Optimized)", "Plans": [{"Node Type": "Streaming(type: LOCAL REDISTRIBUTE dop: 16/1)", "Parent Relationship": "Outer", "Startup Cost": 0.0, "Total Cost": 19700.64, "Plan Rows": 4000, "Plan Width": 34, "Plans": [{"Node Type": "Nested Loop", "Parent Relationship": "Outer", "Join Type": "Inner", "Startup Cost": 0.0, "Total Cost": 4534.31, "Plan Rows": 4000, "Plan Width": 34, "Inner Unique": false, "Join Filter": "(supplier.s_nationkey = nation.n_nationkey)", "Plans": [{"Node Type": "Seq Scan", "Parent Relationship": "Outer", "Relation Name": "nation", "Alias": "nation", "Startup Cost": 0.0, "Total Cost": 1.31, "Plan Rows": 1, "Plan Width": 4, "Filter": "(n_name = 'EGYPT'::bpchar)"}, {"Node Type": "Seq Scan", "Parent Relationship": "Inner", "Relation Name": "supplier", "Alias": "supplier", "Startup Cost": 0.0, "Total Cost": 3283.0, "Plan Rows": 100000, "Plan Width": 38}]}]}, {"Node Type": "Materialize", "Parent Relationship": "Inner", "Startup Cost": 0.0, "Total Cost": 247331.21, "Plan Rows": 19995678, "Plan Width": 16, "Plans": [{"Node Type": "Streaming(type: LOCAL REDISTRIBUTE dop: 16/16)", "Parent Relationship": "Outer", "Startup Cost": 0.0, "Total Cost": 241082.56, "Plan Rows": 19995678, "Plan Width": 16, "Plans": [{"Node Type": "Seq Scan", "Parent Relationship": "Outer", "Relation Name": "lineitem", "Alias": "l1", "Startup Cost": 0.0, "Total Cost": 150317.68, "Plan Rows": 19995678, "Plan Width": 16, "Filter": "(l_receiptdate > l_commitdate), (LLVM Optimized)"}]}]}]}]}, {"Node Type": "Index Scan", "Parent Relationship": "Inner", "Scan Direction": "Forward", "Index Name": "idx_lineitem_orderkey", "Relation Name": "lineitem", "Alias": "l3", "Startup Cost": 0.0, "Total Cost": 1.63, "Plan Rows": 3, "Plan Width": 16, "Index Cond": "(l_orderkey = l1.l_orderkey)", "Filter": "((l_receiptdate > l_commitdate) AND (l_suppkey <> l1.l_suppkey))"}]}, {"Node Type": "Index Scan", "Parent Relationship": "Inner", "Scan Direction": "Forward", "Index Name": "idx_lineitem_orderkey", "Relation Name": "lineitem", "Alias": "l2", "Startup Cost": 0.0, "Total Cost": 1.63, "Plan Rows": 9, "Plan Width": 16, "Index Cond": "(l_orderkey = l1.l_orderkey)", "Filter": "(l_suppkey <> l1.l_suppkey)"}]}, {"Node Type": "Index Scan", "Parent Relationship": "Inner", "Scan Direction": "Forward", "Index Name": "orders_pkey", "Relation Name": "orders", "Alias": "orders", "Startup Cost": 0.0, "Total Cost": 0.97, "Plan Rows": 1, "Plan Width": 8, "Index Cond": "(o_orderkey = l2.l_orderkey)", "Filter": "(o_orderstatus = 'F'::bpchar)"}]}]}]}]}, "Unique SQL Id": 3870093320}, "explain_analyze_plan": null}, "(16, 117)": {"explain_plan": {"Plan": {"Node Type": "Limit", "Startup Cost": 7564216.25, "Total Cost": 7564216.5, "Plan Rows": 100, "Plan Width": 34, "Plans": [{"Node Type": "Sort", "Parent Relationship": "Outer", "Startup Cost": 7564216.25, "Total Cost": 7564239.18, "Plan Rows": 100, "Plan Width": 34, "Sort Key": ["(count(*)) DESC", "supplier.s_name"], "Plans": [{"Node Type": "Aggregate", "Strategy": "Hashed", "Parent Relationship": "Outer", "Startup Cost": 7563773.98, "Total Cost": 7563865.7, "Plan Rows": 9172, "Plan Width": 34, "Group By Key": ["supplier.s_name"], "Plans": [{"Node Type": "Nested Loop", "Parent Relationship": "Outer", "Join Type": "Inner", "Startup Cost": 0.0, "Total Cost": 7563728.12, "Plan Rows": 9172, "Plan Width": 26, "Inner Unique": true, "Join Filter": "(l1.l_orderkey = orders.o_orderkey)", "Plans": [{"Node Type": "Nested Loop", "Parent Relationship": "Outer", "Join Type": "Semi", "Startup Cost": 0.0, "Total Cost": 7556627.75, "Plan Rows": 7254, "Plan Width": 42, "Inner Unique": false, "Plans": [{"Node Type": "Nested Loop", "Parent Relationship": "Outer", "Join Type": "Anti", "Startup Cost": 0.0, "Total Cost": 7554772.19, "Plan Rows": 7635, "Plan Width": 42, "Inner Unique": false, "Plans": [{"Node Type": "Streaming(type: LOCAL GATHER dop: 1/16)", "Parent Relationship": "Outer", "Startup Cost": 0.0, "Total Cost": 7507584.97, "Plan Rows": 152707, "Plan Width": 42, "Plans": [{"Node Type": "Nested Loop", "Parent Relationship": "Outer", "Join Type": "Inner", "Startup Cost": 0.0, "Total Cost": 7504289.24, "Plan Rows": 152707, "Plan Width": 42, "Inner Unique": false, "Join Filter": "(supplier.s_suppkey = l1.l_suppkey), (LLVM Optimized)", "Plans": [{"Node Type": "Streaming(type: LOCAL REDISTRIBUTE dop: 16/1)", "Parent Relationship": "Outer", "Startup Cost": 0.0, "Total Cost": 21764.73, "Plan Rows": 4000, "Plan Width": 34, "Plans": [{"Node Type": "Nested Loop", "Parent Relationship": "Outer", "Join Type": "Inner", "Startup Cost": 0.0, "Total Cost": 6598.4, "Plan Rows": 4000, "Plan Width": 34, "Inner Unique": false, "Join Filter": "(supplier.s_nationkey = nation.n_nationkey)", "Plans": [{"Node Type": "Index Scan", "Parent Relationship": "Outer", "Scan Direction": "Forward", "Index Name": "nation_pkey", "Relation Name": "nation", "Alias": "nation", "Startup Cost": 0.0, "Total Cost": 12.69, "Plan Rows": 1, "Plan Width": 4, "Filter": "(n_name = 'EGYPT'::bpchar)"}, {"Node Type": "Index Scan", "Parent Relationship": "Inner", "Scan Direction": "Forward", "Index Name": "supplier_pkey", "Relation Name": "supplier", "Alias": "supplier", "Startup Cost": 0.0, "Total Cost": 5335.71, "Plan Rows": 100000, "Plan Width": 38}]}]}, {"Node Type": "Materialize", "Parent Relationship": "Inner", "Startup Cost": 0.0, "Total Cost": 2799161.81, "Plan Rows": 19995678, "Plan Width": 16, "Plans": [{"Node Type": "Streaming(type: LOCAL REDISTRIBUTE dop: 16/16)", "Parent Relationship": "Outer", "Startup Cost": 0.0, "Total Cost": 2792913.16, "Plan Rows": 19995678, "Plan Width": 16, "Plans": [{"Node Type": "Index Scan", "Parent Relationship": "Outer", "Scan Direction": "Forward", "Index Name": "idx_lineitem_orderkey", "Relation Name": "lineitem", "Alias": "l1", "Startup Cost": 0.0, "Total Cost": 2702148.28, "Plan Rows": 19995678, "Plan Width": 16, "Filter": "(l_receiptdate > l_commitdate), (LLVM Optimized)"}]}]}]}]}, {"Node Type": "Index Scan", "Parent Relationship": "Inner", "Scan Direction": "Forward", "Index Name": "idx_lineitem_orderkey", "Relation Name": "lineitem", "Alias": "l3", "Startup Cost": 0.0, "Total Cost": 1.63, "Plan Rows": 3, "Plan Width": 16, "Index Cond": "(l_orderkey = l1.l_orderkey)", "Filter": "((l_receiptdate > l_commitdate) AND (l_suppkey <> l1.l_suppkey))"}]}, {"Node Type": "Index Scan", "Parent Relationship": "Inner", "Scan Direction": "Forward", "Index Name": "idx_lineitem_orderkey", "Relation Name": "lineitem", "Alias": "l2", "Startup Cost": 0.0, "Total Cost": 1.63, "Plan Rows": 9, "Plan Width": 16, "Index Cond": "(l_orderkey = l1.l_orderkey)", "Filter": "(l_suppkey <> l1.l_suppkey)"}]}, {"Node Type": "Index Scan", "Parent Relationship": "Inner", "Scan Direction": "Forward", "Index Name": "orders_pkey", "Relation Name": "orders", "Alias": "orders", "Startup Cost": 0.0, "Total Cost": 0.97, "Plan Rows": 1, "Plan Width": 8, "Index Cond": "(o_orderkey = l2.l_orderkey)", "Filter": "(o_orderstatus = 'F'::bpchar)"}]}]}]}]}, "Unique SQL Id": 3870093320}, "explain_analyze_plan": null}, "(16, 118)": {"explain_plan": {"Plan": {"Node Type": "Limit", "Startup Cost": 5361630.8, "Total Cost": 5361631.05, "Plan Rows": 100, "Plan Width": 34, "Plans": [{"Node Type": "Sort", "Parent Relationship": "Outer", "Startup Cost": 5361630.8, "Total Cost": 5361653.73, "Plan Rows": 100, "Plan Width": 34, "Sort Key": ["(count(*)) DESC", "supplier.s_name"], "Plans": [{"Node Type": "Aggregate", "Strategy": "Hashed", "Parent Relationship": "Outer", "Startup Cost": 5361188.53, "Total Cost": 5361280.25, "Plan Rows": 9172, "Plan Width": 34, "Group By Key": ["supplier.s_name"], "Plans": [{"Node Type": "Nested Loop", "Parent Relationship": "Outer", "Join Type": "Inner", "Startup Cost": 2.25, "Total Cost": 5361142.67, "Plan Rows": 9172, "Plan Width": 26, "Inner Unique": true, "Join Filter": "(l1.l_orderkey = orders.o_orderkey)", "Plans": [{"Node Type": "Nested Loop", "Parent Relationship": "Outer", "Join Type": "Semi", "Startup Cost": 1.65, "Total Cost": 5327581.91, "Plan Rows": 7254, "Plan Width": 42, "Inner Unique": false, "Plans": [{"Node Type": "Nested Loop", "Parent Relationship": "Outer", "Join Type": "Anti", "Startup Cost": 0.82, "Total Cost": 5312403.36, "Plan Rows": 7635, "Plan Width": 42, "Inner Unique": false, "Plans": [{"Node Type": "Streaming(type: LOCAL GATHER dop: 1/16)", "Parent Relationship": "Outer", "Startup Cost": 0.0, "Total Cost": 4953690.28, "Plan Rows": 152707, "Plan Width": 42, "Plans": [{"Node Type": "Nested Loop", "Parent Relationship": "Outer", "Join Type": "Inner", "Startup Cost": 0.0, "Total Cost": 4950394.55, "Plan Rows": 152707, "Plan Width": 42, "Inner Unique": false, "Join Filter": "(supplier.s_suppkey = l1.l_suppkey), (LLVM Optimized)", "Plans": [{"Node Type": "Streaming(type: LOCAL REDISTRIBUTE dop: 16/1)", "Parent Relationship": "Outer", "Startup Cost": 0.0, "Total Cost": 19700.64, "Plan Rows": 4000, "Plan Width": 34, "Plans": [{"Node Type": "Nested Loop", "Parent Relationship": "Outer", "Join Type": "Inner", "Startup Cost": 0.0, "Total Cost": 4534.31, "Plan Rows": 4000, "Plan Width": 34, "Inner Unique": false, "Join Filter": "(supplier.s_nationkey = nation.n_nationkey)", "Plans": [{"Node Type": "Seq Scan", "Parent Relationship": "Outer", "Relation Name": "nation", "Alias": "nation", "Startup Cost": 0.0, "Total Cost": 1.31, "Plan Rows": 1, "Plan Width": 4, "Filter": "(n_name = 'EGYPT'::bpchar)"}, {"Node Type": "Seq Scan", "Parent Relationship": "Inner", "Relation Name": "supplier", "Alias": "supplier", "Startup Cost": 0.0, "Total Cost": 3283.0, "Plan Rows": 100000, "Plan Width": 38}]}]}, {"Node Type": "Materialize", "Parent Relationship": "Inner", "Startup Cost": 0.0, "Total Cost": 247331.21, "Plan Rows": 19995678, "Plan Width": 16, "Plans": [{"Node Type": "Streaming(type: LOCAL REDISTRIBUTE dop: 16/16)", "Parent Relationship": "Outer", "Startup Cost": 0.0, "Total Cost": 241082.56, "Plan Rows": 19995678, "Plan Width": 16, "Plans": [{"Node Type": "Seq Scan", "Parent Relationship": "Outer", "Relation Name": "lineitem", "Alias": "l1", "Startup Cost": 0.0, "Total Cost": 150317.68, "Plan Rows": 19995678, "Plan Width": 16, "Filter": "(l_receiptdate > l_commitdate), (LLVM Optimized)"}]}]}]}]}, {"Node Type": "Bitmap Heap Scan", "Parent Relationship": "Inner", "Relation Name": "lineitem", "Alias": "l3", "Startup Cost": 0.82, "Total Cost": 8.97, "Plan Rows": 3, "Plan Width": 16, "Recheck Cond": "(l_orderkey = l1.l_orderkey)", "Filter": "((l_receiptdate > l_commitdate) AND (l_suppkey <> l1.l_suppkey))", "Plans": [{"Node Type": "Bitmap Index Scan", "Parent Relationship": "Outer", "Index Name": "idx_lineitem_orderkey", "Startup Cost": 0.0, "Total Cost": 0.82, "Plan Rows": 9, "Plan Width": 0, "Index Cond": "(l_orderkey = l1.l_orderkey)"}]}]}, {"Node Type": "Bitmap Heap Scan", "Parent Relationship": "Inner", "Relation Name": "lineitem", "Alias": "l2", "Startup Cost": 0.82, "Total Cost": 8.95, "Plan Rows": 9, "Plan Width": 16, "Recheck Cond": "(l_orderkey = l1.l_orderkey)", "Filter": "(l_suppkey <> l1.l_suppkey)", "Plans": [{"Node Type": "Bitmap Index Scan", "Parent Relationship": "Outer", "Index Name": "idx_lineitem_orderkey", "Startup Cost": 0.0, "Total Cost": 0.82, "Plan Rows": 9, "Plan Width": 0, "Index Cond": "(l_orderkey = l1.l_orderkey)"}]}]}, {"Node Type": "Bitmap Heap Scan", "Parent Relationship": "Inner", "Relation Name": "orders", "Alias": "orders", "Startup Cost": 0.6, "Total Cost": 4.61, "Plan Rows": 1, "Plan Width": 8, "Recheck Cond": "(o_orderkey = l2.l_orderkey)", "Filter": "(o_orderstatus = 'F'::bpchar)", "Plans": [{"Node Type": "Bitmap Index Scan", "Parent Relationship": "Outer", "Index Name": "orders_pkey", "Startup Cost": 0.0, "Total Cost": 0.6, "Plan Rows": 1, "Plan Width": 0, "Index Cond": "(o_orderkey = l2.l_orderkey)"}]}]}]}]}]}, "Unique SQL Id": 3870093320}, "explain_analyze_plan": null}, "(16, 119)": {"explain_plan": {"Plan": {"Node Type": "Limit", "Startup Cost": 54985304.37, "Total Cost": 54985304.62, "Plan Rows": 100, "Plan Width": 34, "Plans": [{"Node Type": "Sort", "Parent Relationship": "Outer", "Startup Cost": 54985304.37, "Total Cost": 54985327.3, "Plan Rows": 100, "Plan Width": 34, "Sort Key": ["(count(*)) DESC", "supplier.s_name"], "Plans": [{"Node Type": "Aggregate", "Strategy": "Hashed", "Parent Relationship": "Outer", "Startup Cost": 54984862.1, "Total Cost": 54984953.82, "Plan Rows": 9172, "Plan Width": 34, "Group By Key": ["supplier.s_name"], "Plans": [{"Node Type": "Nested Loop", "Parent Relationship": "Outer", "Join Type": "Inner", "Startup Cost": 1230045.5, "Total Cost": 54984816.24, "Plan Rows": 9172, "Plan Width": 26, "Inner Unique": true, "Join Filter": "(l1.l_orderkey = orders.o_orderkey)", "Plans": [{"Node Type": "Nested Loop", "Parent Relationship": "Outer", "Join Type": "Semi", "Startup Cost": 1230044.9, "Total Cost": 54951255.48, "Plan Rows": 7254, "Plan Width": 42, "Inner Unique": false, "Plans": [{"Node Type": "Nested Loop", "Parent Relationship": "Outer", "Join Type": "Inner", "Startup Cost": 1230044.08, "Total Cost": 54936076.93, "Plan Rows": 7635, "Plan Width": 42, "Inner Unique": false, "Join Filter": "(supplier.s_nationkey = nation.n_nationkey)", "Plans": [{"Node Type": "Bitmap Heap Scan", "Parent Relationship": "Outer", "Relation Name": "nation", "Alias": "nation", "Startup Cost": 8.38, "Total Cost": 12.69, "Plan Rows": 1, "Plan Width": 4, "Filter": "(n_name = 'EGYPT'::bpchar)", "Plans": [{"Node Type": "Bitmap Index Scan", "Parent Relationship": "Outer", "Index Name": "nation_pkey", "Startup Cost": 0.0, "Total Cost": 8.38, "Plan Rows": 25, "Plan Width": 0}]}, {"Node Type": "Nested Loop", "Parent Relationship": "Inner", "Join Type": "Inner", "Startup Cost": 1230035.7, "Total Cost": 54933678.19, "Plan Rows": 190884, "Plan Width": 46, "Inner Unique": true, "Plans": [{"Node Type": "Nested Loop", "Parent Relationship": "Outer", "Join Type": "Anti", "Startup Cost": 1230035.16, "Total Cost": 50364947.29, "Plan Rows": 999784, "Plan Width": 16, "Inner Unique": false, "Plans": [{"Node Type": "Bitmap Heap Scan", "Parent Relationship": "Outer", "Relation Name": "lineitem", "Alias": "l1", "Startup Cost": 1230034.33, "Total Cost": 3395117.25, "Plan Rows": 19995678, "Plan Width": 16, "Filter": "(l_receiptdate > l_commitdate), (LLVM Optimized)", "Plans": [{"Node Type": "Bitmap Index Scan", "Parent Relationship": "Outer", "Index Name": "idx_lineitem_orderkey", "Startup Cost": 0.0, "Total Cost": 1225035.42, "Plan Rows": 59987033, "Plan Width": 0}]}, {"Node Type": "Bitmap Heap Scan", "Parent Relationship": "Inner", "Relation Name": "lineitem", "Alias": "l3", "Startup Cost": 0.82, "Total Cost": 8.97, "Plan Rows": 3, "Plan Width": 16, "Recheck Cond": "(l_orderkey = l1.l_orderkey)", "Filter": "((l_receiptdate > l_commitdate) AND (l_suppkey <> l1.l_suppkey))", "Plans": [{"Node Type": "Bitmap Index Scan", "Parent Relationship": "Outer", "Index Name": "idx_lineitem_orderkey", "Startup Cost": 0.0, "Total Cost": 0.82, "Plan Rows": 9, "Plan Width": 0, "Index Cond": "(l_orderkey = l1.l_orderkey)"}]}]}, {"Node Type": "Bitmap Heap Scan", "Parent Relationship": "Inner", "Relation Name": "supplier", "Alias": "supplier", "Startup Cost": 0.55, "Total Cost": 4.56, "Plan Rows": 1, "Plan Width": 38, "Recheck Cond": "(s_suppkey = l1.l_suppkey)", "Plans": [{"Node Type": "Bitmap Index Scan", "Parent Relationship": "Outer", "Index Name": "supplier_pkey", "Startup Cost": 0.0, "Total Cost": 0.55, "Plan Rows": 1, "Plan Width": 0, "Index Cond": "(s_suppkey = l1.l_suppkey)"}]}]}]}, {"Node Type": "Bitmap Heap Scan", "Parent Relationship": "Inner", "Relation Name": "lineitem", "Alias": "l2", "Startup Cost": 0.82, "Total Cost": 8.95, "Plan Rows": 9, "Plan Width": 16, "Recheck Cond": "(l_orderkey = l1.l_orderkey)", "Filter": "(l_suppkey <> l1.l_suppkey)", "Plans": [{"Node Type": "Bitmap Index Scan", "Parent Relationship": "Outer", "Index Name": "idx_lineitem_orderkey", "Startup Cost": 0.0, "Total Cost": 0.82, "Plan Rows": 9, "Plan Width": 0, "Index Cond": "(l_orderkey = l1.l_orderkey)"}]}]}, {"Node Type": "Bitmap Heap Scan", "Parent Relationship": "Inner", "Relation Name": "orders", "Alias": "orders", "Startup Cost": 0.6, "Total Cost": 4.61, "Plan Rows": 1, "Plan Width": 8, "Recheck Cond": "(o_orderkey = l2.l_orderkey)", "Filter": "(o_orderstatus = 'F'::bpchar)", "Plans": [{"Node Type": "Bitmap Index Scan", "Parent Relationship": "Outer", "Index Name": "orders_pkey", "Startup Cost": 0.0, "Total Cost": 0.6, "Plan Rows": 1, "Plan Width": 0, "Index Cond": "(o_orderkey = l2.l_orderkey)"}]}]}]}]}]}, "Unique SQL Id": 3870093320}, "explain_analyze_plan": null}, "(16, 120)": {"explain_plan": {"Plan": {"Node Type": "Limit", "Startup Cost": 5010321.56, "Total Cost": 5010321.81, "Plan Rows": 100, "Plan Width": 34, "Plans": [{"Node Type": "Sort", "Parent Relationship": "Outer", "Startup Cost": 5010321.56, "Total Cost": 5010344.49, "Plan Rows": 100, "Plan Width": 34, "Sort Key": ["(count(*)) DESC", "supplier.s_name"], "Plans": [{"Node Type": "Aggregate", "Strategy": "Hashed", "Parent Relationship": "Outer", "Startup Cost": 5009879.29, "Total Cost": 5009971.01, "Plan Rows": 9172, "Plan Width": 34, "Group By Key": ["supplier.s_name"], "Plans": [{"Node Type": "Nested Loop", "Parent Relationship": "Outer", "Join Type": "Inner", "Startup Cost": 0.0, "Total Cost": 5009833.43, "Plan Rows": 9172, "Plan Width": 26, "Inner Unique": true, "Join Filter": "(l1.l_orderkey = orders.o_orderkey)", "Plans": [{"Node Type": "Nested Loop", "Parent Relationship": "Outer", "Join Type": "Semi", "Startup Cost": 0.0, "Total Cost": 5002733.06, "Plan Rows": 7254, "Plan Width": 42, "Inner Unique": false, "Plans": [{"Node Type": "Nested Loop", "Parent Relationship": "Outer", "Join Type": "Anti", "Startup Cost": 0.0, "Total Cost": 5000877.5, "Plan Rows": 7635, "Plan Width": 42, "Inner Unique": false, "Plans": [{"Node Type": "Streaming(type: LOCAL GATHER dop: 1/16)", "Parent Relationship": "Outer", "Startup Cost": 0.0, "Total Cost": 4953690.28, "Plan Rows": 152707, "Plan Width": 42, "Plans": [{"Node Type": "Nested Loop", "Parent Relationship": "Outer", "Join Type": "Inner", "Startup Cost": 0.0, "Total Cost": 4950394.55, "Plan Rows": 152707, "Plan Width": 42, "Inner Unique": false, "Join Filter": "(supplier.s_suppkey = l1.l_suppkey), (LLVM Optimized)", "Plans": [{"Node Type": "Streaming(type: LOCAL REDISTRIBUTE dop: 16/1)", "Parent Relationship": "Outer", "Startup Cost": 0.0, "Total Cost": 19700.64, "Plan Rows": 4000, "Plan Width": 34, "Plans": [{"Node Type": "Nested Loop", "Parent Relationship": "Outer", "Join Type": "Inner", "Startup Cost": 0.0, "Total Cost": 4534.31, "Plan Rows": 4000, "Plan Width": 34, "Inner Unique": false, "Join Filter": "(supplier.s_nationkey = nation.n_nationkey)", "Plans": [{"Node Type": "Seq Scan", "Parent Relationship": "Outer", "Relation Name": "nation", "Alias": "nation", "Startup Cost": 0.0, "Total Cost": 1.31, "Plan Rows": 1, "Plan Width": 4, "Filter": "(n_name = 'EGYPT'::bpchar)"}, {"Node Type": "Seq Scan", "Parent Relationship": "Inner", "Relation Name": "supplier", "Alias": "supplier", "Startup Cost": 0.0, "Total Cost": 3283.0, "Plan Rows": 100000, "Plan Width": 38}]}]}, {"Node Type": "Materialize", "Parent Relationship": "Inner", "Startup Cost": 0.0, "Total Cost": 247331.21, "Plan Rows": 19995678, "Plan Width": 16, "Plans": [{"Node Type": "Streaming(type: LOCAL REDISTRIBUTE dop: 16/16)", "Parent Relationship": "Outer", "Startup Cost": 0.0, "Total Cost": 241082.56, "Plan Rows": 19995678, "Plan Width": 16, "Plans": [{"Node Type": "Seq Scan", "Parent Relationship": "Outer", "Relation Name": "lineitem", "Alias": "l1", "Startup Cost": 0.0, "Total Cost": 150317.68, "Plan Rows": 19995678, "Plan Width": 16, "Filter": "(l_receiptdate > l_commitdate), (LLVM Optimized)"}]}]}]}]}, {"Node Type": "Index Scan", "Parent Relationship": "Inner", "Scan Direction": "Forward", "Index Name": "idx_lineitem_orderkey", "Relation Name": "lineitem", "Alias": "l3", "Startup Cost": 0.0, "Total Cost": 1.63, "Plan Rows": 3, "Plan Width": 16, "Index Cond": "(l_orderkey = l1.l_orderkey)", "Filter": "((l_receiptdate > l_commitdate) AND (l_suppkey <> l1.l_suppkey))"}]}, {"Node Type": "Index Scan", "Parent Relationship": "Inner", "Scan Direction": "Forward", "Index Name": "idx_lineitem_orderkey", "Relation Name": "lineitem", "Alias": "l2", "Startup Cost": 0.0, "Total Cost": 1.63, "Plan Rows": 9, "Plan Width": 16, "Index Cond": "(l_orderkey = l1.l_orderkey)", "Filter": "(l_suppkey <> l1.l_suppkey)"}]}, {"Node Type": "Index Scan", "Parent Relationship": "Inner", "Scan Direction": "Forward", "Index Name": "orders_pkey", "Relation Name": "orders", "Alias": "orders", "Startup Cost": 0.0, "Total Cost": 0.97, "Plan Rows": 1, "Plan Width": 8, "Index Cond": "(o_orderkey = l2.l_orderkey)", "Filter": "(o_orderstatus = 'F'::bpchar)"}]}]}]}]}, "Unique SQL Id": 3870093320}, "explain_analyze_plan": null}, "(16, 121)": {"explain_plan": {"Plan": {"Node Type": "Limit", "Startup Cost": 7564216.25, "Total Cost": 7564216.5, "Plan Rows": 100, "Plan Width": 34, "Plans": [{"Node Type": "Sort", "Parent Relationship": "Outer", "Startup Cost": 7564216.25, "Total Cost": 7564239.18, "Plan Rows": 100, "Plan Width": 34, "Sort Key": ["(count(*)) DESC", "supplier.s_name"], "Plans": [{"Node Type": "Aggregate", "Strategy": "Hashed", "Parent Relationship": "Outer", "Startup Cost": 7563773.98, "Total Cost": 7563865.7, "Plan Rows": 9172, "Plan Width": 34, "Group By Key": ["supplier.s_name"], "Plans": [{"Node Type": "Nested Loop", "Parent Relationship": "Outer", "Join Type": "Inner", "Startup Cost": 0.0, "Total Cost": 7563728.12, "Plan Rows": 9172, "Plan Width": 26, "Inner Unique": true, "Join Filter": "(l1.l_orderkey = orders.o_orderkey)", "Plans": [{"Node Type": "Nested Loop", "Parent Relationship": "Outer", "Join Type": "Semi", "Startup Cost": 0.0, "Total Cost": 7556627.75, "Plan Rows": 7254, "Plan Width": 42, "Inner Unique": false, "Plans": [{"Node Type": "Nested Loop", "Parent Relationship": "Outer", "Join Type": "Anti", "Startup Cost": 0.0, "Total Cost": 7554772.19, "Plan Rows": 7635, "Plan Width": 42, "Inner Unique": false, "Plans": [{"Node Type": "Streaming(type: LOCAL GATHER dop: 1/16)", "Parent Relationship": "Outer", "Startup Cost": 0.0, "Total Cost": 7507584.97, "Plan Rows": 152707, "Plan Width": 42, "Plans": [{"Node Type": "Nested Loop", "Parent Relationship": "Outer", "Join Type": "Inner", "Startup Cost": 0.0, "Total Cost": 7504289.24, "Plan Rows": 152707, "Plan Width": 42, "Inner Unique": false, "Join Filter": "(supplier.s_suppkey = l1.l_suppkey), (LLVM Optimized)", "Plans": [{"Node Type": "Streaming(type: LOCAL REDISTRIBUTE dop: 16/1)", "Parent Relationship": "Outer", "Startup Cost": 0.0, "Total Cost": 21764.73, "Plan Rows": 4000, "Plan Width": 34, "Plans": [{"Node Type": "Nested Loop", "Parent Relationship": "Outer", "Join Type": "Inner", "Startup Cost": 0.0, "Total Cost": 6598.4, "Plan Rows": 4000, "Plan Width": 34, "Inner Unique": false, "Join Filter": "(supplier.s_nationkey = nation.n_nationkey)", "Plans": [{"Node Type": "Index Scan", "Parent Relationship": "Outer", "Scan Direction": "Forward", "Index Name": "nation_pkey", "Relation Name": "nation", "Alias": "nation", "Startup Cost": 0.0, "Total Cost": 12.69, "Plan Rows": 1, "Plan Width": 4, "Filter": "(n_name = 'EGYPT'::bpchar)"}, {"Node Type": "Index Scan", "Parent Relationship": "Inner", "Scan Direction": "Forward", "Index Name": "supplier_pkey", "Relation Name": "supplier", "Alias": "supplier", "Startup Cost": 0.0, "Total Cost": 5335.71, "Plan Rows": 100000, "Plan Width": 38}]}]}, {"Node Type": "Materialize", "Parent Relationship": "Inner", "Startup Cost": 0.0, "Total Cost": 2799161.81, "Plan Rows": 19995678, "Plan Width": 16, "Plans": [{"Node Type": "Streaming(type: LOCAL REDISTRIBUTE dop: 16/16)", "Parent Relationship": "Outer", "Startup Cost": 0.0, "Total Cost": 2792913.16, "Plan Rows": 19995678, "Plan Width": 16, "Plans": [{"Node Type": "Index Scan", "Parent Relationship": "Outer", "Scan Direction": "Forward", "Index Name": "idx_lineitem_orderkey", "Relation Name": "lineitem", "Alias": "l1", "Startup Cost": 0.0, "Total Cost": 2702148.28, "Plan Rows": 19995678, "Plan Width": 16, "Filter": "(l_receiptdate > l_commitdate), (LLVM Optimized)"}]}]}]}]}, {"Node Type": "Index Scan", "Parent Relationship": "Inner", "Scan Direction": "Forward", "Index Name": "idx_lineitem_orderkey", "Relation Name": "lineitem", "Alias": "l3", "Startup Cost": 0.0, "Total Cost": 1.63, "Plan Rows": 3, "Plan Width": 16, "Index Cond": "(l_orderkey = l1.l_orderkey)", "Filter": "((l_receiptdate > l_commitdate) AND (l_suppkey <> l1.l_suppkey))"}]}, {"Node Type": "Index Scan", "Parent Relationship": "Inner", "Scan Direction": "Forward", "Index Name": "idx_lineitem_orderkey", "Relation Name": "lineitem", "Alias": "l2", "Startup Cost": 0.0, "Total Cost": 1.63, "Plan Rows": 9, "Plan Width": 16, "Index Cond": "(l_orderkey = l1.l_orderkey)", "Filter": "(l_suppkey <> l1.l_suppkey)"}]}, {"Node Type": "Index Scan", "Parent Relationship": "Inner", "Scan Direction": "Forward", "Index Name": "orders_pkey", "Relation Name": "orders", "Alias": "orders", "Startup Cost": 0.0, "Total Cost": 0.97, "Plan Rows": 1, "Plan Width": 8, "Index Cond": "(o_orderkey = l2.l_orderkey)", "Filter": "(o_orderstatus = 'F'::bpchar)"}]}]}]}]}, "Unique SQL Id": 3870093320}, "explain_analyze_plan": null}, "(16, 122)": {"explain_plan": {"Plan": {"Node Type": "Limit", "Startup Cost": 52247241.08, "Total Cost": 52247241.33, "Plan Rows": 100, "Plan Width": 34, "Plans": [{"Node Type": "Sort", "Parent Relationship": "Outer", "Startup Cost": 52247241.08, "Total Cost": 52247241.33, "Plan Rows": 100, "Plan Width": 34, "Sort Key": ["(count(*)) DESC", "supplier.s_name"], "Plans": [{"Node Type": "Streaming(type: LOCAL GATHER dop: 1/16)", "Parent Relationship": "Outer", "Startup Cost": 52247236.93, "Total Cost": 52247237.75, "Plan Rows": 100, "Plan Width": 34, "Plans": [{"Node Type": "Limit", "Parent Relationship": "Outer", "Startup Cost": 52247236.93, "Total Cost": 52247237.18, "Plan Rows": 100, "Plan Width": 34, "Plans": [{"Node Type": "Sort", "Parent Relationship": "Outer", "Startup Cost": 52247236.93, "Total Cost": 52247259.86, "Plan Rows": 100, "Plan Width": 34, "Sort Key": ["(count(*)) DESC", "supplier.s_name"], "Plans": [{"Node Type": "Aggregate", "Strategy": "Hashed", "Parent Relationship": "Outer", "Startup Cost": 52246880.65, "Total Cost": 52246886.38, "Plan Rows": 9172, "Plan Width": 34, "Group By Key": ["supplier.s_name"], "Plans": [{"Node Type": "Streaming(type: LOCAL REDISTRIBUTE dop: 16/16)", "Parent Relationship": "Outer", "Startup Cost": 0.0, "Total Cost": 52246877.78, "Plan Rows": 9172, "Plan Width": 26, "Plans": [{"Node Type": "Nested Loop", "Parent Relationship": "Outer", "Join Type": "Inner", "Startup Cost": 0.0, "Total Cost": 52246577.9, "Plan Rows": 9172, "Plan Width": 26, "Inner Unique": false, "Join Filter": "(l1.l_orderkey = orders.o_orderkey)", "Plans": [{"Node Type": "Streaming(type: LOCAL REDISTRIBUTE dop: 16/16)", "Parent Relationship": "Outer", "Startup Cost": 0.0, "Total Cost": 86801.75, "Plan Rows": 7338812, "Plan Width": 8, "Plans": [{"Node Type": "Seq Scan", "Parent Relationship": "Outer", "Relation Name": "orders", "Alias": "orders", "Startup Cost": 0.0, "Total Cost": 43994.53, "Plan Rows": 7338812, "Plan Width": 8, "Filter": "(o_orderstatus = 'F'::bpchar), (LLVM Optimized)"}]}, {"Node Type": "Materialize", "Parent Relationship": "Inner", "Startup Cost": 0.0, "Total Cost": 49040495.52, "Plan Rows": 7254, "Plan Width": 42, "Plans": [{"Node Type": "Streaming(type: LOCAL REDISTRIBUTE dop: 16/16)", "Parent Relationship": "Outer", "Startup Cost": 0.0, "Total Cost": 49040493.25, "Plan Rows": 7254, "Plan Width": 42, "Plans": [{"Node Type": "Nested Loop", "Parent Relationship": "Outer", "Join Type": "Semi", "Startup Cost": 0.0, "Total Cost": 49025465.76, "Plan Rows": 7254, "Plan Width": 42, "Inner Unique": false, "Join Filter": "((l2.l_suppkey <> l1.l_suppkey) AND (l1.l_orderkey = l2.l_orderkey))", "Plans": [{"Node Type": "Streaming(type: LOCAL REDISTRIBUTE dop: 16/16)", "Parent Relationship": "Outer", "Startup Cost": 0.0, "Total Cost": 44175250.61, "Plan Rows": 7635, "Plan Width": 42, "Plans": [{"Node Type": "Nested Loop", "Parent Relationship": "Outer", "Join Type": "Anti", "Startup Cost": 0.0, "Total Cost": 44160221.68, "Plan Rows": 7635, "Plan Width": 42, "Inner Unique": false, "Join Filter": "((l3.l_suppkey <> l1.l_suppkey) AND (l3.l_orderkey = l1.l_orderkey))", "Plans": [{"Node Type": "Streaming(type: LOCAL REDISTRIBUTE dop: 16/16)", "Parent Relationship": "Outer", "Startup Cost": 0.0, "Total Cost": 4965973.17, "Plan Rows": 152707, "Plan Width": 42, "Plans": [{"Node Type": "Nested Loop", "Parent Relationship": "Outer", "Join Type": "Inner", "Startup Cost": 0.0, "Total Cost": 4950394.55, "Plan Rows": 152707, "Plan Width": 42, "Inner Unique": false, "Join Filter": "(supplier.s_suppkey = l1.l_suppkey), (LLVM Optimized)", "Plans": [{"Node Type": "Streaming(type: LOCAL REDISTRIBUTE dop: 16/1)", "Parent Relationship": "Outer", "Startup Cost": 0.0, "Total Cost": 19700.64, "Plan Rows": 4000, "Plan Width": 34, "Plans": [{"Node Type": "Nested Loop", "Parent Relationship": "Outer", "Join Type": "Inner", "Startup Cost": 0.0, "Total Cost": 4534.31, "Plan Rows": 4000, "Plan Width": 34, "Inner Unique": false, "Join Filter": "(supplier.s_nationkey = nation.n_nationkey)", "Plans": [{"Node Type": "Seq Scan", "Parent Relationship": "Outer", "Relation Name": "nation", "Alias": "nation", "Startup Cost": 0.0, "Total Cost": 1.31, "Plan Rows": 1, "Plan Width": 4, "Filter": "(n_name = 'EGYPT'::bpchar)"}, {"Node Type": "Seq Scan", "Parent Relationship": "Inner", "Relation Name": "supplier", "Alias": "supplier", "Startup Cost": 0.0, "Total Cost": 3283.0, "Plan Rows": 100000, "Plan Width": 38}]}]}, {"Node Type": "Materialize", "Parent Relationship": "Inner", "Startup Cost": 0.0, "Total Cost": 247331.21, "Plan Rows": 19995678, "Plan Width": 16, "Plans": [{"Node Type": "Streaming(type: LOCAL REDISTRIBUTE dop: 16/16)", "Parent Relationship": "Outer", "Startup Cost": 0.0, "Total Cost": 241082.56, "Plan Rows": 19995678, "Plan Width": 16, "Plans": [{"Node Type": "Seq Scan", "Parent Relationship": "Outer", "Relation Name": "lineitem", "Alias": "l1", "Startup Cost": 0.0, "Total Cost": 150317.68, "Plan Rows": 19995678, "Plan Width": 16, "Filter": "(l_receiptdate > l_commitdate), (LLVM Optimized)"}]}]}]}]}, {"Node Type": "Materialize", "Parent Relationship": "Inner", "Startup Cost": 0.0, "Total Cost": 247331.21, "Plan Rows": 19995678, "Plan Width": 16, "Plans": [{"Node Type": "Streaming(type: LOCAL REDISTRIBUTE dop: 16/16)", "Parent Relationship": "Outer", "Startup Cost": 0.0, "Total Cost": 241082.56, "Plan Rows": 19995678, "Plan Width": 16, "Plans": [{"Node Type": "Seq Scan", "Parent Relationship": "Outer", "Relation Name": "lineitem", "Alias": "l3", "Startup Cost": 0.0, "Total Cost": 150317.68, "Plan Rows": 19995678, "Plan Width": 16, "Filter": "(l_receiptdate > l_commitdate), (LLVM Optimized)"}]}]}]}]}, {"Node Type": "Materialize", "Parent Relationship": "Inner", "Startup Cost": 0.0, "Total Cost": 401985.27, "Plan Rows": 59987033, "Plan Width": 16, "Plans": [{"Node Type": "Streaming(type: LOCAL REDISTRIBUTE dop: 16/16)", "Parent Relationship": "Outer", "Startup Cost": 0.0, "Total Cost": 383239.33, "Plan Rows": 59987033, "Plan Width": 16, "Plans": [{"Node Type": "Seq Scan", "Parent Relationship": "Outer", "Relation Name": "lineitem", "Alias": "l2", "Startup Cost": 0.0, "Total Cost": 140944.71, "Plan Rows": 59987033, "Plan Width": 16}]}]}]}]}]}]}]}]}]}]}]}]}]}, "Unique SQL Id": 3870093320}, "explain_analyze_plan": null}, "(16, 123)": {"explain_plan": {"Plan": {"Node Type": "Limit", "Startup Cost": 6014182839649.49, "Total Cost": 6014182839649.74, "Plan Rows": 100, "Plan Width": 34, "Plans": [{"Node Type": "Sort", "Parent Relationship": "Outer", "Startup Cost": 6014182839649.49, "Total Cost": 6014182839672.42, "Plan Rows": 100, "Plan Width": 34, "Sort Key": ["(count(*)) DESC", "supplier.s_name"], "Plans": [{"Node Type": "Aggregate", "Strategy": "Hashed", "Parent Relationship": "Outer", "Startup Cost": 6014182839207.22, "Total Cost": 6014182839298.94, "Plan Rows": 9172, "Plan Width": 34, "Group By Key": ["supplier.s_name"], "Plans": [{"Node Type": "Nested Loop", "Parent Relationship": "Outer", "Join Type": "Inner", "Startup Cost": 60000000000.0, "Total Cost": 6014182839161.36, "Plan Rows": 9172, "Plan Width": 26, "Inner Unique": false, "Join Filter": "(l1.l_orderkey = orders.o_orderkey)", "Plans": [{"Node Type": "Index Scan", "Parent Relationship": "Outer", "Scan Direction": "Forward", "Index Name": "orders_pkey", "Relation Name": "orders", "Alias": "orders", "Startup Cost": 10000000000.0, "Total Cost": 1000076847713.25, "Plan Rows": 7338812, "Plan Width": 8, "Filter": "(o_orderstatus = 'F'::bpchar), (LLVM Optimized)"}, {"Node Type": "Materialize", "Parent Relationship": "Inner", "Startup Cost": 50000000000.0, "Total Cost": 5013307455332.53, "Plan Rows": 7254, "Plan Width": 42, "Plans": [{"Node Type": "Nested Loop", "Parent Relationship": "Outer", "Join Type": "Semi", "Startup Cost": 50000000000.0, "Total Cost": 5013307455296.26, "Plan Rows": 7254, "Plan Width": 42, "Inner Unique": false, "Join Filter": "((l2.l_suppkey <> l1.l_suppkey) AND (l1.l_orderkey = l2.l_orderkey))", "Plans": [{"Node Type": "Nested Loop", "Parent Relationship": "Outer", "Join Type": "Anti", "Startup Cost": 40000000000.0, "Total Cost": 4011848919915.73, "Plan Rows": 7635, "Plan Width": 42, "Inner Unique": false, "Join Filter": "((l3.l_suppkey <> l1.l_suppkey) AND (l3.l_orderkey = l1.l_orderkey))", "Plans": [{"Node Type": "Nested Loop", "Parent Relationship": "Outer", "Join Type": "Inner", "Startup Cost": 30000000000.0, "Total Cost": 3001539289162.94, "Plan Rows": 152707, "Plan Width": 42, "Inner Unique": false, "Join Filter": "(supplier.s_suppkey = l1.l_suppkey), (LLVM Optimized)", "Plans": [{"Node Type": "Index Scan", "Parent Relationship": "Outer", "Scan Direction": "Forward", "Index Name": "idx_lineitem_orderkey", "Relation Name": "lineitem", "Alias": "l1", "Startup Cost": 10000000000.0, "Total Cost": 1000339012132.75, "Plan Rows": 19995678, "Plan Width": 16, "Filter": "(l_receiptdate > l_commitdate), (LLVM Optimized)"}, {"Node Type": "Materialize", "Parent Relationship": "Inner", "Startup Cost": 20000000000.0, "Total Cost": 2000000536360.19, "Plan Rows": 4000, "Plan Width": 34, "Plans": [{"Node Type": "Nested Loop", "Parent Relationship": "Outer", "Join Type": "Inner", "Startup Cost": 20000000000.0, "Total Cost": 2000000536340.19, "Plan Rows": 4000, "Plan Width": 34, "Inner Unique": true, "Join Filter": "(supplier.s_nationkey = nation.n_nationkey)", "Plans": [{"Node Type": "Index Scan", "Parent Relationship": "Outer", "Scan Direction": "Forward", "Index Name": "supplier_pkey", "Relation Name": "supplier", "Alias": "supplier", "Startup Cost": 10000000000.0, "Total Cost": 1000000533571.43, "Plan Rows": 100000, "Plan Width": 38}, {"Node Type": "Materialize", "Parent Relationship": "Inner", "Startup Cost": 10000000000.0, "Total Cost": 1000000001268.76, "Plan Rows": 1, "Plan Width": 4, "Plans": [{"Node Type": "Index Scan", "Parent Relationship": "Outer", "Scan Direction": "Forward", "Index Name": "nation_pkey", "Relation Name": "nation", "Alias": "nation", "Startup Cost": 10000000000.0, "Total Cost": 1000000001268.75, "Plan Rows": 1, "Plan Width": 4, "Filter": "(n_name = 'EGYPT'::bpchar)"}]}]}]}]}, {"Node Type": "Materialize", "Parent Relationship": "Inner", "Startup Cost": 10000000000.0, "Total Cost": 1000339112111.14, "Plan Rows": 19995678, "Plan Width": 16, "Plans": [{"Node Type": "Index Scan", "Parent Relationship": "Outer", "Scan Direction": "Forward", "Index Name": "idx_lineitem_orderkey", "Relation Name": "lineitem", "Alias": "l3", "Startup Cost": 10000000000.0, "Total Cost": 1000339012132.75, "Plan Rows": 19995678, "Plan Width": 16, "Filter": "(l_receiptdate > l_commitdate), (LLVM Optimized)"}]}]}, {"Node Type": "Materialize", "Parent Relationship": "Inner", "Startup Cost": 10000000000.0, "Total Cost": 1000324315309.67, "Plan Rows": 59987033, "Plan Width": 16, "Plans": [{"Node Type": "Index Scan", "Parent Relationship": "Outer", "Scan Direction": "Forward", "Index Name": "idx_lineitem_orderkey", "Relation Name": "lineitem", "Alias": "l2", "Startup Cost": 10000000000.0, "Total Cost": 1000324015374.5, "Plan Rows": 59987033, "Plan Width": 16}]}]}]}]}]}]}]}, "Unique SQL Id": 3870093320}, "explain_analyze_plan": null}, "(16, 124)": {"explain_plan": {"Plan": {"Node Type": "Limit", "Startup Cost": 5010321.56, "Total Cost": 5010321.81, "Plan Rows": 100, "Plan Width": 34, "Plans": [{"Node Type": "Sort", "Parent Relationship": "Outer", "Startup Cost": 5010321.56, "Total Cost": 5010344.49, "Plan Rows": 100, "Plan Width": 34, "Sort Key": ["(count(*)) DESC", "supplier.s_name"], "Plans": [{"Node Type": "Aggregate", "Strategy": "Hashed", "Parent Relationship": "Outer", "Startup Cost": 5009879.29, "Total Cost": 5009971.01, "Plan Rows": 9172, "Plan Width": 34, "Group By Key": ["supplier.s_name"], "Plans": [{"Node Type": "Nested Loop", "Parent Relationship": "Outer", "Join Type": "Inner", "Startup Cost": 0.0, "Total Cost": 5009833.43, "Plan Rows": 9172, "Plan Width": 26, "Inner Unique": true, "Join Filter": "(l1.l_orderkey = orders.o_orderkey)", "Plans": [{"Node Type": "Nested Loop", "Parent Relationship": "Outer", "Join Type": "Semi", "Startup Cost": 0.0, "Total Cost": 5002733.06, "Plan Rows": 7254, "Plan Width": 42, "Inner Unique": false, "Plans": [{"Node Type": "Nested Loop", "Parent Relationship": "Outer", "Join Type": "Anti", "Startup Cost": 0.0, "Total Cost": 5000877.5, "Plan Rows": 7635, "Plan Width": 42, "Inner Unique": false, "Plans": [{"Node Type": "Streaming(type: LOCAL GATHER dop: 1/16)", "Parent Relationship": "Outer", "Startup Cost": 0.0, "Total Cost": 4953690.28, "Plan Rows": 152707, "Plan Width": 42, "Plans": [{"Node Type": "Nested Loop", "Parent Relationship": "Outer", "Join Type": "Inner", "Startup Cost": 0.0, "Total Cost": 4950394.55, "Plan Rows": 152707, "Plan Width": 42, "Inner Unique": false, "Join Filter": "(supplier.s_suppkey = l1.l_suppkey), (LLVM Optimized)", "Plans": [{"Node Type": "Streaming(type: LOCAL REDISTRIBUTE dop: 16/1)", "Parent Relationship": "Outer", "Startup Cost": 0.0, "Total Cost": 19700.64, "Plan Rows": 4000, "Plan Width": 34, "Plans": [{"Node Type": "Nested Loop", "Parent Relationship": "Outer", "Join Type": "Inner", "Startup Cost": 0.0, "Total Cost": 4534.31, "Plan Rows": 4000, "Plan Width": 34, "Inner Unique": false, "Join Filter": "(supplier.s_nationkey = nation.n_nationkey)", "Plans": [{"Node Type": "Seq Scan", "Parent Relationship": "Outer", "Relation Name": "nation", "Alias": "nation", "Startup Cost": 0.0, "Total Cost": 1.31, "Plan Rows": 1, "Plan Width": 4, "Filter": "(n_name = 'EGYPT'::bpchar)"}, {"Node Type": "Seq Scan", "Parent Relationship": "Inner", "Relation Name": "supplier", "Alias": "supplier", "Startup Cost": 0.0, "Total Cost": 3283.0, "Plan Rows": 100000, "Plan Width": 38}]}]}, {"Node Type": "Materialize", "Parent Relationship": "Inner", "Startup Cost": 0.0, "Total Cost": 247331.21, "Plan Rows": 19995678, "Plan Width": 16, "Plans": [{"Node Type": "Streaming(type: LOCAL REDISTRIBUTE dop: 16/16)", "Parent Relationship": "Outer", "Startup Cost": 0.0, "Total Cost": 241082.56, "Plan Rows": 19995678, "Plan Width": 16, "Plans": [{"Node Type": "Seq Scan", "Parent Relationship": "Outer", "Relation Name": "lineitem", "Alias": "l1", "Startup Cost": 0.0, "Total Cost": 150317.68, "Plan Rows": 19995678, "Plan Width": 16, "Filter": "(l_receiptdate > l_commitdate), (LLVM Optimized)"}]}]}]}]}, {"Node Type": "Index Scan", "Parent Relationship": "Inner", "Scan Direction": "Forward", "Index Name": "idx_lineitem_orderkey", "Relation Name": "lineitem", "Alias": "l3", "Startup Cost": 0.0, "Total Cost": 1.63, "Plan Rows": 3, "Plan Width": 16, "Index Cond": "(l_orderkey = l1.l_orderkey)", "Filter": "((l_receiptdate > l_commitdate) AND (l_suppkey <> l1.l_suppkey))"}]}, {"Node Type": "Index Scan", "Parent Relationship": "Inner", "Scan Direction": "Forward", "Index Name": "idx_lineitem_orderkey", "Relation Name": "lineitem", "Alias": "l2", "Startup Cost": 0.0, "Total Cost": 1.63, "Plan Rows": 9, "Plan Width": 16, "Index Cond": "(l_orderkey = l1.l_orderkey)", "Filter": "(l_suppkey <> l1.l_suppkey)"}]}, {"Node Type": "Index Scan", "Parent Relationship": "Inner", "Scan Direction": "Forward", "Index Name": "orders_pkey", "Relation Name": "orders", "Alias": "orders", "Startup Cost": 0.0, "Total Cost": 0.97, "Plan Rows": 1, "Plan Width": 8, "Index Cond": "(o_orderkey = l2.l_orderkey)", "Filter": "(o_orderstatus = 'F'::bpchar)"}]}]}]}]}, "Unique SQL Id": 3870093320}, "explain_analyze_plan": null}, "(16, 125)": {"explain_plan": {"Plan": {"Node Type": "Limit", "Startup Cost": 7564216.25, "Total Cost": 7564216.5, "Plan Rows": 100, "Plan Width": 34, "Plans": [{"Node Type": "Sort", "Parent Relationship": "Outer", "Startup Cost": 7564216.25, "Total Cost": 7564239.18, "Plan Rows": 100, "Plan Width": 34, "Sort Key": ["(count(*)) DESC", "supplier.s_name"], "Plans": [{"Node Type": "Aggregate", "Strategy": "Hashed", "Parent Relationship": "Outer", "Startup Cost": 7563773.98, "Total Cost": 7563865.7, "Plan Rows": 9172, "Plan Width": 34, "Group By Key": ["supplier.s_name"], "Plans": [{"Node Type": "Nested Loop", "Parent Relationship": "Outer", "Join Type": "Inner", "Startup Cost": 0.0, "Total Cost": 7563728.12, "Plan Rows": 9172, "Plan Width": 26, "Inner Unique": true, "Join Filter": "(l1.l_orderkey = orders.o_orderkey)", "Plans": [{"Node Type": "Nested Loop", "Parent Relationship": "Outer", "Join Type": "Semi", "Startup Cost": 0.0, "Total Cost": 7556627.75, "Plan Rows": 7254, "Plan Width": 42, "Inner Unique": false, "Plans": [{"Node Type": "Nested Loop", "Parent Relationship": "Outer", "Join Type": "Anti", "Startup Cost": 0.0, "Total Cost": 7554772.19, "Plan Rows": 7635, "Plan Width": 42, "Inner Unique": false, "Plans": [{"Node Type": "Streaming(type: LOCAL GATHER dop: 1/16)", "Parent Relationship": "Outer", "Startup Cost": 0.0, "Total Cost": 7507584.97, "Plan Rows": 152707, "Plan Width": 42, "Plans": [{"Node Type": "Nested Loop", "Parent Relationship": "Outer", "Join Type": "Inner", "Startup Cost": 0.0, "Total Cost": 7504289.24, "Plan Rows": 152707, "Plan Width": 42, "Inner Unique": false, "Join Filter": "(supplier.s_suppkey = l1.l_suppkey), (LLVM Optimized)", "Plans": [{"Node Type": "Streaming(type: LOCAL REDISTRIBUTE dop: 16/1)", "Parent Relationship": "Outer", "Startup Cost": 0.0, "Total Cost": 21764.73, "Plan Rows": 4000, "Plan Width": 34, "Plans": [{"Node Type": "Nested Loop", "Parent Relationship": "Outer", "Join Type": "Inner", "Startup Cost": 0.0, "Total Cost": 6598.4, "Plan Rows": 4000, "Plan Width": 34, "Inner Unique": false, "Join Filter": "(supplier.s_nationkey = nation.n_nationkey)", "Plans": [{"Node Type": "Index Scan", "Parent Relationship": "Outer", "Scan Direction": "Forward", "Index Name": "nation_pkey", "Relation Name": "nation", "Alias": "nation", "Startup Cost": 0.0, "Total Cost": 12.69, "Plan Rows": 1, "Plan Width": 4, "Filter": "(n_name = 'EGYPT'::bpchar)"}, {"Node Type": "Index Scan", "Parent Relationship": "Inner", "Scan Direction": "Forward", "Index Name": "supplier_pkey", "Relation Name": "supplier", "Alias": "supplier", "Startup Cost": 0.0, "Total Cost": 5335.71, "Plan Rows": 100000, "Plan Width": 38}]}]}, {"Node Type": "Materialize", "Parent Relationship": "Inner", "Startup Cost": 0.0, "Total Cost": 2799161.81, "Plan Rows": 19995678, "Plan Width": 16, "Plans": [{"Node Type": "Streaming(type: LOCAL REDISTRIBUTE dop: 16/16)", "Parent Relationship": "Outer", "Startup Cost": 0.0, "Total Cost": 2792913.16, "Plan Rows": 19995678, "Plan Width": 16, "Plans": [{"Node Type": "Index Scan", "Parent Relationship": "Outer", "Scan Direction": "Forward", "Index Name": "idx_lineitem_orderkey", "Relation Name": "lineitem", "Alias": "l1", "Startup Cost": 0.0, "Total Cost": 2702148.28, "Plan Rows": 19995678, "Plan Width": 16, "Filter": "(l_receiptdate > l_commitdate), (LLVM Optimized)"}]}]}]}]}, {"Node Type": "Index Scan", "Parent Relationship": "Inner", "Scan Direction": "Forward", "Index Name": "idx_lineitem_orderkey", "Relation Name": "lineitem", "Alias": "l3", "Startup Cost": 0.0, "Total Cost": 1.63, "Plan Rows": 3, "Plan Width": 16, "Index Cond": "(l_orderkey = l1.l_orderkey)", "Filter": "((l_receiptdate > l_commitdate) AND (l_suppkey <> l1.l_suppkey))"}]}, {"Node Type": "Index Scan", "Parent Relationship": "Inner", "Scan Direction": "Forward", "Index Name": "idx_lineitem_orderkey", "Relation Name": "lineitem", "Alias": "l2", "Startup Cost": 0.0, "Total Cost": 1.63, "Plan Rows": 9, "Plan Width": 16, "Index Cond": "(l_orderkey = l1.l_orderkey)", "Filter": "(l_suppkey <> l1.l_suppkey)"}]}, {"Node Type": "Index Scan", "Parent Relationship": "Inner", "Scan Direction": "Forward", "Index Name": "orders_pkey", "Relation Name": "orders", "Alias": "orders", "Startup Cost": 0.0, "Total Cost": 0.97, "Plan Rows": 1, "Plan Width": 8, "Index Cond": "(o_orderkey = l2.l_orderkey)", "Filter": "(o_orderstatus = 'F'::bpchar)"}]}]}]}]}, "Unique SQL Id": 3870093320}, "explain_analyze_plan": null}, "(16, 126)": {"explain_plan": {"Plan": {"Node Type": "Limit", "Startup Cost": 52247241.08, "Total Cost": 52247241.33, "Plan Rows": 100, "Plan Width": 34, "Plans": [{"Node Type": "Sort", "Parent Relationship": "Outer", "Startup Cost": 52247241.08, "Total Cost": 52247241.33, "Plan Rows": 100, "Plan Width": 34, "Sort Key": ["(count(*)) DESC", "supplier.s_name"], "Plans": [{"Node Type": "Streaming(type: LOCAL GATHER dop: 1/16)", "Parent Relationship": "Outer", "Startup Cost": 52247236.93, "Total Cost": 52247237.75, "Plan Rows": 100, "Plan Width": 34, "Plans": [{"Node Type": "Limit", "Parent Relationship": "Outer", "Startup Cost": 52247236.93, "Total Cost": 52247237.18, "Plan Rows": 100, "Plan Width": 34, "Plans": [{"Node Type": "Sort", "Parent Relationship": "Outer", "Startup Cost": 52247236.93, "Total Cost": 52247259.86, "Plan Rows": 100, "Plan Width": 34, "Sort Key": ["(count(*)) DESC", "supplier.s_name"], "Plans": [{"Node Type": "Aggregate", "Strategy": "Hashed", "Parent Relationship": "Outer", "Startup Cost": 52246880.65, "Total Cost": 52246886.38, "Plan Rows": 9172, "Plan Width": 34, "Group By Key": ["supplier.s_name"], "Plans": [{"Node Type": "Streaming(type: LOCAL REDISTRIBUTE dop: 16/16)", "Parent Relationship": "Outer", "Startup Cost": 0.0, "Total Cost": 52246877.78, "Plan Rows": 9172, "Plan Width": 26, "Plans": [{"Node Type": "Nested Loop", "Parent Relationship": "Outer", "Join Type": "Inner", "Startup Cost": 0.0, "Total Cost": 52246577.9, "Plan Rows": 9172, "Plan Width": 26, "Inner Unique": false, "Join Filter": "(l1.l_orderkey = orders.o_orderkey)", "Plans": [{"Node Type": "Streaming(type: LOCAL REDISTRIBUTE dop: 16/16)", "Parent Relationship": "Outer", "Startup Cost": 0.0, "Total Cost": 86801.75, "Plan Rows": 7338812, "Plan Width": 8, "Plans": [{"Node Type": "Seq Scan", "Parent Relationship": "Outer", "Relation Name": "orders", "Alias": "orders", "Startup Cost": 0.0, "Total Cost": 43994.53, "Plan Rows": 7338812, "Plan Width": 8, "Filter": "(o_orderstatus = 'F'::bpchar), (LLVM Optimized)"}]}, {"Node Type": "Materialize", "Parent Relationship": "Inner", "Startup Cost": 0.0, "Total Cost": 49040495.52, "Plan Rows": 7254, "Plan Width": 42, "Plans": [{"Node Type": "Streaming(type: LOCAL REDISTRIBUTE dop: 16/16)", "Parent Relationship": "Outer", "Startup Cost": 0.0, "Total Cost": 49040493.25, "Plan Rows": 7254, "Plan Width": 42, "Plans": [{"Node Type": "Nested Loop", "Parent Relationship": "Outer", "Join Type": "Semi", "Startup Cost": 0.0, "Total Cost": 49025465.76, "Plan Rows": 7254, "Plan Width": 42, "Inner Unique": false, "Join Filter": "((l2.l_suppkey <> l1.l_suppkey) AND (l1.l_orderkey = l2.l_orderkey))", "Plans": [{"Node Type": "Streaming(type: LOCAL REDISTRIBUTE dop: 16/16)", "Parent Relationship": "Outer", "Startup Cost": 0.0, "Total Cost": 44175250.61, "Plan Rows": 7635, "Plan Width": 42, "Plans": [{"Node Type": "Nested Loop", "Parent Relationship": "Outer", "Join Type": "Anti", "Startup Cost": 0.0, "Total Cost": 44160221.68, "Plan Rows": 7635, "Plan Width": 42, "Inner Unique": false, "Join Filter": "((l3.l_suppkey <> l1.l_suppkey) AND (l3.l_orderkey = l1.l_orderkey))", "Plans": [{"Node Type": "Streaming(type: LOCAL REDISTRIBUTE dop: 16/16)", "Parent Relationship": "Outer", "Startup Cost": 0.0, "Total Cost": 4965973.17, "Plan Rows": 152707, "Plan Width": 42, "Plans": [{"Node Type": "Nested Loop", "Parent Relationship": "Outer", "Join Type": "Inner", "Startup Cost": 0.0, "Total Cost": 4950394.55, "Plan Rows": 152707, "Plan Width": 42, "Inner Unique": false, "Join Filter": "(supplier.s_suppkey = l1.l_suppkey), (LLVM Optimized)", "Plans": [{"Node Type": "Streaming(type: LOCAL REDISTRIBUTE dop: 16/1)", "Parent Relationship": "Outer", "Startup Cost": 0.0, "Total Cost": 19700.64, "Plan Rows": 4000, "Plan Width": 34, "Plans": [{"Node Type": "Nested Loop", "Parent Relationship": "Outer", "Join Type": "Inner", "Startup Cost": 0.0, "Total Cost": 4534.31, "Plan Rows": 4000, "Plan Width": 34, "Inner Unique": false, "Join Filter": "(supplier.s_nationkey = nation.n_nationkey)", "Plans": [{"Node Type": "Seq Scan", "Parent Relationship": "Outer", "Relation Name": "nation", "Alias": "nation", "Startup Cost": 0.0, "Total Cost": 1.31, "Plan Rows": 1, "Plan Width": 4, "Filter": "(n_name = 'EGYPT'::bpchar)"}, {"Node Type": "Seq Scan", "Parent Relationship": "Inner", "Relation Name": "supplier", "Alias": "supplier", "Startup Cost": 0.0, "Total Cost": 3283.0, "Plan Rows": 100000, "Plan Width": 38}]}]}, {"Node Type": "Materialize", "Parent Relationship": "Inner", "Startup Cost": 0.0, "Total Cost": 247331.21, "Plan Rows": 19995678, "Plan Width": 16, "Plans": [{"Node Type": "Streaming(type: LOCAL REDISTRIBUTE dop: 16/16)", "Parent Relationship": "Outer", "Startup Cost": 0.0, "Total Cost": 241082.56, "Plan Rows": 19995678, "Plan Width": 16, "Plans": [{"Node Type": "Seq Scan", "Parent Relationship": "Outer", "Relation Name": "lineitem", "Alias": "l1", "Startup Cost": 0.0, "Total Cost": 150317.68, "Plan Rows": 19995678, "Plan Width": 16, "Filter": "(l_receiptdate > l_commitdate), (LLVM Optimized)"}]}]}]}]}, {"Node Type": "Materialize", "Parent Relationship": "Inner", "Startup Cost": 0.0, "Total Cost": 247331.21, "Plan Rows": 19995678, "Plan Width": 16, "Plans": [{"Node Type": "Streaming(type: LOCAL REDISTRIBUTE dop: 16/16)", "Parent Relationship": "Outer", "Startup Cost": 0.0, "Total Cost": 241082.56, "Plan Rows": 19995678, "Plan Width": 16, "Plans": [{"Node Type": "Seq Scan", "Parent Relationship": "Outer", "Relation Name": "lineitem", "Alias": "l3", "Startup Cost": 0.0, "Total Cost": 150317.68, "Plan Rows": 19995678, "Plan Width": 16, "Filter": "(l_receiptdate > l_commitdate), (LLVM Optimized)"}]}]}]}]}, {"Node Type": "Materialize", "Parent Relationship": "Inner", "Startup Cost": 0.0, "Total Cost": 401985.27, "Plan Rows": 59987033, "Plan Width": 16, "Plans": [{"Node Type": "Streaming(type: LOCAL REDISTRIBUTE dop: 16/16)", "Parent Relationship": "Outer", "Startup Cost": 0.0, "Total Cost": 383239.33, "Plan Rows": 59987033, "Plan Width": 16, "Plans": [{"Node Type": "Seq Scan", "Parent Relationship": "Outer", "Relation Name": "lineitem", "Alias": "l2", "Startup Cost": 0.0, "Total Cost": 140944.71, "Plan Rows": 59987033, "Plan Width": 16}]}]}]}]}]}]}]}]}]}]}]}]}]}, "Unique SQL Id": 3870093320}, "explain_analyze_plan": null}, "(16, 127)": {"explain_plan": {"Plan": {"Node Type": "Limit", "Startup Cost": 6014182839649.49, "Total Cost": 6014182839649.74, "Plan Rows": 100, "Plan Width": 34, "Plans": [{"Node Type": "Sort", "Parent Relationship": "Outer", "Startup Cost": 6014182839649.49, "Total Cost": 6014182839672.42, "Plan Rows": 100, "Plan Width": 34, "Sort Key": ["(count(*)) DESC", "supplier.s_name"], "Plans": [{"Node Type": "Aggregate", "Strategy": "Hashed", "Parent Relationship": "Outer", "Startup Cost": 6014182839207.22, "Total Cost": 6014182839298.94, "Plan Rows": 9172, "Plan Width": 34, "Group By Key": ["supplier.s_name"], "Plans": [{"Node Type": "Nested Loop", "Parent Relationship": "Outer", "Join Type": "Inner", "Startup Cost": 60000000000.0, "Total Cost": 6014182839161.36, "Plan Rows": 9172, "Plan Width": 26, "Inner Unique": false, "Join Filter": "(l1.l_orderkey = orders.o_orderkey)", "Plans": [{"Node Type": "Index Scan", "Parent Relationship": "Outer", "Scan Direction": "Forward", "Index Name": "orders_pkey", "Relation Name": "orders", "Alias": "orders", "Startup Cost": 10000000000.0, "Total Cost": 1000076847713.25, "Plan Rows": 7338812, "Plan Width": 8, "Filter": "(o_orderstatus = 'F'::bpchar), (LLVM Optimized)"}, {"Node Type": "Materialize", "Parent Relationship": "Inner", "Startup Cost": 50000000000.0, "Total Cost": 5013307455332.53, "Plan Rows": 7254, "Plan Width": 42, "Plans": [{"Node Type": "Nested Loop", "Parent Relationship": "Outer", "Join Type": "Semi", "Startup Cost": 50000000000.0, "Total Cost": 5013307455296.26, "Plan Rows": 7254, "Plan Width": 42, "Inner Unique": false, "Join Filter": "((l2.l_suppkey <> l1.l_suppkey) AND (l1.l_orderkey = l2.l_orderkey))", "Plans": [{"Node Type": "Nested Loop", "Parent Relationship": "Outer", "Join Type": "Anti", "Startup Cost": 40000000000.0, "Total Cost": 4011848919915.73, "Plan Rows": 7635, "Plan Width": 42, "Inner Unique": false, "Join Filter": "((l3.l_suppkey <> l1.l_suppkey) AND (l3.l_orderkey = l1.l_orderkey))", "Plans": [{"Node Type": "Nested Loop", "Parent Relationship": "Outer", "Join Type": "Inner", "Startup Cost": 30000000000.0, "Total Cost": 3001539289162.94, "Plan Rows": 152707, "Plan Width": 42, "Inner Unique": false, "Join Filter": "(supplier.s_suppkey = l1.l_suppkey), (LLVM Optimized)", "Plans": [{"Node Type": "Index Scan", "Parent Relationship": "Outer", "Scan Direction": "Forward", "Index Name": "idx_lineitem_orderkey", "Relation Name": "lineitem", "Alias": "l1", "Startup Cost": 10000000000.0, "Total Cost": 1000339012132.75, "Plan Rows": 19995678, "Plan Width": 16, "Filter": "(l_receiptdate > l_commitdate), (LLVM Optimized)"}, {"Node Type": "Materialize", "Parent Relationship": "Inner", "Startup Cost": 20000000000.0, "Total Cost": 2000000536360.19, "Plan Rows": 4000, "Plan Width": 34, "Plans": [{"Node Type": "Nested Loop", "Parent Relationship": "Outer", "Join Type": "Inner", "Startup Cost": 20000000000.0, "Total Cost": 2000000536340.19, "Plan Rows": 4000, "Plan Width": 34, "Inner Unique": true, "Join Filter": "(supplier.s_nationkey = nation.n_nationkey)", "Plans": [{"Node Type": "Index Scan", "Parent Relationship": "Outer", "Scan Direction": "Forward", "Index Name": "supplier_pkey", "Relation Name": "supplier", "Alias": "supplier", "Startup Cost": 10000000000.0, "Total Cost": 1000000533571.43, "Plan Rows": 100000, "Plan Width": 38}, {"Node Type": "Materialize", "Parent Relationship": "Inner", "Startup Cost": 10000000000.0, "Total Cost": 1000000001268.76, "Plan Rows": 1, "Plan Width": 4, "Plans": [{"Node Type": "Index Scan", "Parent Relationship": "Outer", "Scan Direction": "Forward", "Index Name": "nation_pkey", "Relation Name": "nation", "Alias": "nation", "Startup Cost": 10000000000.0, "Total Cost": 1000000001268.75, "Plan Rows": 1, "Plan Width": 4, "Filter": "(n_name = 'EGYPT'::bpchar)"}]}]}]}]}, {"Node Type": "Materialize", "Parent Relationship": "Inner", "Startup Cost": 10000000000.0, "Total Cost": 1000339112111.14, "Plan Rows": 19995678, "Plan Width": 16, "Plans": [{"Node Type": "Index Scan", "Parent Relationship": "Outer", "Scan Direction": "Forward", "Index Name": "idx_lineitem_orderkey", "Relation Name": "lineitem", "Alias": "l3", "Startup Cost": 10000000000.0, "Total Cost": 1000339012132.75, "Plan Rows": 19995678, "Plan Width": 16, "Filter": "(l_receiptdate > l_commitdate), (LLVM Optimized)"}]}]}, {"Node Type": "Materialize", "Parent Relationship": "Inner", "Startup Cost": 10000000000.0, "Total Cost": 1000324315309.67, "Plan Rows": 59987033, "Plan Width": 16, "Plans": [{"Node Type": "Index Scan", "Parent Relationship": "Outer", "Scan Direction": "Forward", "Index Name": "idx_lineitem_orderkey", "Relation Name": "lineitem", "Alias": "l2", "Startup Cost": 10000000000.0, "Total Cost": 1000324015374.5, "Plan Rows": 59987033, "Plan Width": 16}]}]}]}]}]}]}]}, "Unique SQL Id": 3870093320}, "explain_analyze_plan": null}, "(64, 0)": {"explain_plan": {"Plan": {"Node Type": "Limit", "Startup Cost": 228671.11, "Total Cost": 228671.36, "Plan Rows": 100, "Plan Width": 34, "Plans": [{"Node Type": "Sort", "Parent Relationship": "Outer", "Startup Cost": 228671.11, "Total Cost": 228694.04, "Plan Rows": 100, "Plan Width": 34, "Sort Key": ["(count(*)) DESC", "supplier.s_name"], "Plans": [{"Node Type": "Aggregate", "Strategy": "Hashed", "Parent Relationship": "Outer", "Startup Cost": 228228.84, "Total Cost": 228320.56, "Plan Rows": 9172, "Plan Width": 34, "Group By Key": ["supplier.s_name"], "Plans": [{"Node Type": "Nested Loop", "Parent Relationship": "Outer", "Join Type": "Inner", "Startup Cost": 70864.6, "Total Cost": 228182.98, "Plan Rows": 9172, "Plan Width": 26, "Inner Unique": true, "Join Filter": "(l1.l_orderkey = orders.o_orderkey)", "Plans": [{"Node Type": "Nested Loop", "Parent Relationship": "Outer", "Join Type": "Semi", "Startup Cost": 70864.6, "Total Cost": 221082.61, "Plan Rows": 7254, "Plan Width": 42, "Inner Unique": false, "Plans": [{"Node Type": "Nested Loop", "Parent Relationship": "Outer", "Join Type": "Anti", "Startup Cost": 70864.6, "Total Cost": 219227.05, "Plan Rows": 7635, "Plan Width": 42, "Inner Unique": false, "Plans": [{"Node Type": "Streaming(type: LOCAL GATHER dop: 1/64)", "Parent Relationship": "Outer", "Startup Cost": 70864.6, "Total Cost": 172039.83, "Plan Rows": 152707, "Plan Width": 42, "Plans": [{"Node Type": "Hash Join", "Parent Relationship": "Outer", "Join Type": "Inner", "Startup Cost": 70864.6, "Total Cost": 168889.5, "Plan Rows": 152707, "Plan Width": 42, "Inner Unique": false, "Hash Cond": "(l1.l_suppkey = supplier.s_suppkey), (LLVM Optimized)", "Plans": [{"Node Type": "Seq Scan", "Parent Relationship": "Outer", "Relation Name": "lineitem", "Alias": "l1", "Startup Cost": 0.0, "Total Cost": 96829.42, "Plan Rows": 19995678, "Plan Width": 16, "Filter": "(l_receiptdate > l_commitdate), (LLVM Optimized)"}, {"Node Type": "Hash", "Parent Relationship": "Inner", "Startup Cost": 70814.6, "Total Cost": 70814.6, "Plan Rows": 256000, "Plan Width": 34, "Plans": [{"Node Type": "Streaming(type: BROADCAST dop: 64/1)", "Parent Relationship": "Outer", "Startup Cost": 95.25, "Total Cost": 70814.6, "Plan Rows": 256000, "Plan Width": 34, "Plans": [{"Node Type": "Nested Loop", "Parent Relationship": "Outer", "Join Type": "Inner", "Startup Cost": 95.25, "Total Cost": 2533.35, "Plan Rows": 4000, "Plan Width": 34, "Inner Unique": false, "Plans": [{"Node Type": "Seq Scan", "Parent Relationship": "Outer", "Relation Name": "nation", "Alias": "nation", "Startup Cost": 0.0, "Total Cost": 1.31, "Plan Rows": 1, "Plan Width": 4, "Filter": "(n_name = 'EGYPT'::bpchar)"}, {"Node Type": "Bitmap Heap Scan", "Parent Relationship": "Inner", "Relation Name": "supplier", "Alias": "supplier", "Startup Cost": 95.25, "Total Cost": 2492.04, "Plan Rows": 4000, "Plan Width": 38, "Recheck Cond": "(s_nationkey = nation.n_nationkey)", "Plans": [{"Node Type": "Bitmap Index Scan", "Parent Relationship": "Outer", "Index Name": "idx_supplier_nation_key", "Startup Cost": 0.0, "Total Cost": 94.25, "Plan Rows": 4000, "Plan Width": 0, "Index Cond": "(s_nationkey = nation.n_nationkey)"}]}]}]}]}]}]}, {"Node Type": "Index Scan", "Parent Relationship": "Inner", "Scan Direction": "Forward", "Index Name": "idx_lineitem_orderkey", "Relation Name": "lineitem", "Alias": "l3", "Startup Cost": 0.0, "Total Cost": 1.63, "Plan Rows": 3, "Plan Width": 16, "Index Cond": "(l_orderkey = l1.l_orderkey)", "Filter": "((l_receiptdate > l_commitdate) AND (l_suppkey <> l1.l_suppkey))"}]}, {"Node Type": "Index Scan", "Parent Relationship": "Inner", "Scan Direction": "Forward", "Index Name": "idx_lineitem_orderkey", "Relation Name": "lineitem", "Alias": "l2", "Startup Cost": 0.0, "Total Cost": 1.63, "Plan Rows": 9, "Plan Width": 16, "Index Cond": "(l_orderkey = l1.l_orderkey)", "Filter": "(l_suppkey <> l1.l_suppkey)"}]}, {"Node Type": "Index Scan", "Parent Relationship": "Inner", "Scan Direction": "Forward", "Index Name": "orders_pkey", "Relation Name": "orders", "Alias": "orders", "Startup Cost": 0.0, "Total Cost": 0.97, "Plan Rows": 1, "Plan Width": 8, "Index Cond": "(o_orderkey = l2.l_orderkey)", "Filter": "(o_orderstatus = 'F'::bpchar)"}]}]}]}]}, "Unique SQL Id": 3870093320}, "explain_analyze_plan": {"Plan": {"Node Type": "Limit", "Startup Cost": 228671.11, "Total Cost": 228671.36, "Plan Rows": 100, "Plan Width": 34, "Actual Min Startup Time": 12866.621, "Actual Max Startup Time": 12866.621, "Actual Min Total Time": 12866.642, "Actual Max Total Time": 12866.642, "Actual Total Rows": 100, "Plans": [{"Node Type": "Sort", "Parent Relationship": "Outer", "Startup Cost": 228671.11, "Total Cost": 228694.04, "Plan Rows": 100, "Plan Width": 34, "Actual Min Startup Time": 12866.617, "Actual Max Startup Time": 12866.617, "Actual Min Total Time": 12866.628, "Actual Max Total Time": 12866.628, "Actual Total Rows": 100, "Sort Key": ["(count(*)) DESC", "supplier.s_name"], "Sort Method": "top-N heapsort", "Sort Space Min Used": 41, "Sort Space Max Used": 41, "Sort Space Type": "Memory", "Plans": [{"Node Type": "Aggregate", "Strategy": "Hashed", "Parent Relationship": "Outer", "Startup Cost": 228228.84, "Total Cost": 228320.56, "Plan Rows": 9172, "Plan Width": 34, "Actual Min Startup Time": 12863.299, "Actual Max Startup Time": 12863.299, "Actual Min Total Time": 12864.519, "Actual Max Total Time": 12864.519, "Actual Total Rows": 3981, "Group By Key": ["supplier.s_name"], "Plans": [{"Node Type": "Nested Loop", "Parent Relationship": "Outer", "Join Type": "Inner", "Startup Cost": 70864.6, "Total Cost": 228182.98, "Plan Rows": 9172, "Plan Width": 26, "Actual Min Startup Time": 321.296, "Actual Max Startup Time": 321.296, "Actual Min Total Time": 12810.71, "Actual Max Total Time": 12810.71, "Actual Total Rows": 39445, "Inner Unique": true, "Join Filter": "(l1.l_orderkey = orders.o_orderkey)", "Rows Removed by Join Filter": 0, "Plans": [{"Node Type": "Nested Loop", "Parent Relationship": "Outer", "Join Type": "Semi", "Startup Cost": 70864.6, "Total Cost": 221082.61, "Plan Rows": 7254, "Plan Width": 42, "Actual Min Startup Time": 321.137, "Actual Max Startup Time": 321.137, "Actual Min Total Time": 12228.446, "Actual Max Total Time": 12228.446, "Actual Total Rows": 80537, "Inner Unique": false, "Plans": [{"Node Type": "Nested Loop", "Parent Relationship": "Outer", "Join Type": "Anti", "Startup Cost": 70864.6, "Total Cost": 219227.05, "Plan Rows": 7635, "Plan Width": 42, "Actual Min Startup Time": 320.888, "Actual Max Startup Time": 320.888, "Actual Min Total Time": 11631.181, "Actual Max Total Time": 11631.181, "Actual Total Rows": 135110, "Inner Unique": false, "Plans": [{"Node Type": "Streaming(type: LOCAL GATHER dop: 1/64)", "Parent Relationship": "Outer", "Startup Cost": 70864.6, "Total Cost": 172039.83, "Plan Rows": 152707, "Plan Width": 42, "Actual Min Startup Time": 320.789, "Actual Max Startup Time": 320.789, "Actual Min Total Time": 1148.491, "Actual Max Total Time": 1148.491, "Actual Total Rows": 1511024, "Plans": [{"Node Type": "Hash Join", "Parent Relationship": "Outer", "Join Type": "Inner", "Startup Cost": 70864.6, "Total Cost": 168889.5, "Plan Rows": 152707, "Plan Width": 42, "Actual Min Startup Time": 121.617, "Actual Max Startup Time": 246.073, "Actual Min Total Time": 668.067, "Actual Max Total Time": 800.781, "Actual Total Rows": 1511024, "Inner Unique": false, "Hash Cond": "(l1.l_suppkey = supplier.s_suppkey), (LLVM Optimized, Jit Execute)", "Plans": [{"Node Type": "Seq Scan", "Parent Relationship": "Outer", "Relation Name": "lineitem", "Alias": "l1", "Startup Cost": 0.0, "Total Cost": 96829.42, "Plan Rows": 19995678, "Plan Width": 16, "Actual Min Startup Time": 0.021, "Actual Max Startup Time": 0.048, "Actual Min Total Time": 402.886, "Actual Max Total Time": 424.103, "Actual Total Rows": 37929348, "Filter": "(l_receiptdate > l_commitdate), (LLVM Optimized, Jit Execute)", "Rows Removed by Filter": 22056704}, {"Node Type": "Hash", "Parent Relationship": "Inner", "Startup Cost": 70814.6, "Total Cost": 70814.6, "Plan Rows": 256000, "Plan Width": 34, "Actual Min Startup Time": 121.517, "Actual Max Startup Time": 245.924, "Actual Min Total Time": 121.517, "Actual Max Total Time": 245.924, "Actual Total Rows": 254784, "Max Hash Buckets": 32768, "Min Hash Buckets": 32768, "Max Hash Batches": 1, "Min Hash Batches": 1, "Max Original Hash Batches": 1, "Min Original Hash Batches": 1, "Max Peak Memory Usage": 280, "min Peak Memory Usage": 280, "Plans": [{"Node Type": "Streaming(type: BROADCAST dop: 64/1)", "Parent Relationship": "Outer", "Startup Cost": 95.25, "Total Cost": 70814.6, "Plan Rows": 256000, "Plan Width": 34, "Actual Min Startup Time": 0.028, "Actual Max Startup Time": 5.142, "Actual Min Total Time": 120.402, "Actual Max Total Time": 244.779, "Actual Total Rows": 254784, "Plans": [{"Node Type": "Nested Loop", "Parent Relationship": "Outer", "Join Type": "Inner", "Startup Cost": 95.25, "Total Cost": 2533.35, "Plan Rows": 4000, "Plan Width": 34, "Actual Min Startup Time": 1.073, "Actual Max Startup Time": 1.073, "Actual Min Total Time": 7.094, "Actual Max Total Time": 7.094, "Actual Total Rows": 3981, "Inner Unique": false, "Plans": [{"Node Type": "Seq Scan", "Parent Relationship": "Outer", "Relation Name": "nation", "Alias": "nation", "Startup Cost": 0.0, "Total Cost": 1.31, "Plan Rows": 1, "Plan Width": 4, "Actual Min Startup Time": 0.039, "Actual Max Startup Time": 0.039, "Actual Min Total Time": 0.062, "Actual Max Total Time": 0.062, "Actual Total Rows": 1, "Filter": "(n_name = 'EGYPT'::bpchar)", "Rows Removed by Filter": 24}, {"Node Type": "Bitmap Heap Scan", "Parent Relationship": "Inner", "Relation Name": "supplier", "Alias": "supplier", "Startup Cost": 95.25, "Total Cost": 2492.04, "Plan Rows": 4000, "Plan Width": 38, "Actual Min Startup Time": 1.024, "Actual Max Startup Time": 1.024, "Actual Min Total Time": 6.258, "Actual Max Total Time": 6.258, "Actual Total Rows": 3981, "Recheck Cond": "(s_nationkey = nation.n_nationkey)", "Rows Removed by Index Recheck": 0, "Exact Heap Blocks": 0, "Lossy Heap Blocks": 0, "Plans": [{"Node Type": "Bitmap Index Scan", "Parent Relationship": "Outer", "Index Name": "idx_supplier_nation_key", "Startup Cost": 0.0, "Total Cost": 94.25, "Plan Rows": 4000, "Plan Width": 0, "Actual Min Startup Time": 0.694, "Actual Max Startup Time": 0.694, "Actual Min Total Time": 0.694, "Actual Max Total Time": 0.694, "Actual Total Rows": 3981, "Index Cond": "(s_nationkey = nation.n_nationkey)"}]}]}]}]}]}]}, {"Node Type": "Index Scan", "Parent Relationship": "Inner", "Scan Direction": "Forward", "Index Name": "idx_lineitem_orderkey", "Relation Name": "lineitem", "Alias": "l3", "Startup Cost": 0.0, "Total Cost": 1.63, "Plan Rows": 3, "Plan Width": 16, "Actual Min Startup Time": 9467.156, "Actual Max Startup Time": 9467.156, "Actual Min Total Time": 9467.156, "Actual Max Total Time": 9467.156, "Actual Total Rows": 1375914, "Index Cond": "(l_orderkey = l1.l_orderkey)", "Rows Removed by Index Recheck": 0, "Filter": "((l_receiptdate > l_commitdate) AND (l_suppkey <> l1.l_suppkey))", "Rows Removed by Filter": 1348115}]}, {"Node Type": "Index Scan", "Parent Relationship": "Inner", "Scan Direction": "Forward", "Index Name": "idx_lineitem_orderkey", "Relation Name": "lineitem", "Alias": "l2", "Startup Cost": 0.0, "Total Cost": 1.63, "Plan Rows": 9, "Plan Width": 16, "Actual Min Startup Time": 498.704, "Actual Max Startup Time": 498.704, "Actual Min Total Time": 498.704, "Actual Max Total Time": 498.704, "Actual Total Rows": 80537, "Index Cond": "(l_orderkey = l1.l_orderkey)", "Rows Removed by Index Recheck": 0, "Filter": "(l_suppkey <> l1.l_suppkey)", "Rows Removed by Filter": 85912}]}, {"Node Type": "Index Scan", "Parent Relationship": "Inner", "Scan Direction": "Forward", "Index Name": "orders_pkey", "Relation Name": "orders", "Alias": "orders", "Startup Cost": 0.0, "Total Cost": 0.97, "Plan Rows": 1, "Plan Width": 8, "Actual Min Startup Time": 517.398, "Actual Max Startup Time": 517.398, "Actual Min Total Time": 517.398, "Actual Max Total Time": 517.398, "Actual Total Rows": 39445, "Index Cond": "(o_orderkey = l2.l_orderkey)", "Rows Removed by Index Recheck": 0, "Filter": "(o_orderstatus = 'F'::bpchar)", "Rows Removed by Filter": 41092}]}]}]}]}, "Triggers": [], "Planner Runtime": 15.081, "Total Runtime": 12890.496, "Unique SQL Id": 3870093320}}, "(64, 1)": {"explain_plan": {"Plan": {"Node Type": "Limit", "Startup Cost": 2846852.7, "Total Cost": 2846852.95, "Plan Rows": 100, "Plan Width": 34, "Plans": [{"Node Type": "Sort", "Parent Relationship": "Outer", "Startup Cost": 2846852.7, "Total Cost": 2846875.63, "Plan Rows": 100, "Plan Width": 34, "Sort Key": ["(count(*)) DESC", "supplier.s_name"], "Plans": [{"Node Type": "Aggregate", "Strategy": "Hashed", "Parent Relationship": "Outer", "Startup Cost": 2846410.43, "Total Cost": 2846502.15, "Plan Rows": 9172, "Plan Width": 34, "Group By Key": ["supplier.s_name"], "Plans": [{"Node Type": "Nested Loop", "Parent Relationship": "Outer", "Join Type": "Inner", "Startup Cost": 70875.98, "Total Cost": 2846364.57, "Plan Rows": 9172, "Plan Width": 26, "Inner Unique": true, "Join Filter": "(l1.l_orderkey = orders.o_orderkey)", "Plans": [{"Node Type": "Nested Loop", "Parent Relationship": "Outer", "Join Type": "Semi", "Startup Cost": 70875.98, "Total Cost": 2839264.2, "Plan Rows": 7254, "Plan Width": 42, "Inner Unique": false, "Plans": [{"Node Type": "Nested Loop", "Parent Relationship": "Outer", "Join Type": "Anti", "Startup Cost": 70875.98, "Total Cost": 2837408.63, "Plan Rows": 7635, "Plan Width": 42, "Inner Unique": false, "Plans": [{"Node Type": "Streaming(type: LOCAL GATHER dop: 1/64)", "Parent Relationship": "Outer", "Startup Cost": 70875.98, "Total Cost": 2790221.42, "Plan Rows": 152707, "Plan Width": 42, "Plans": [{"Node Type": "Hash Join", "Parent Relationship": "Outer", "Join Type": "Inner", "Startup Cost": 70875.98, "Total Cost": 2787071.09, "Plan Rows": 152707, "Plan Width": 42, "Inner Unique": false, "Hash Cond": "(l1.l_suppkey = supplier.s_suppkey), (LLVM Optimized)", "Plans": [{"Node Type": "Index Scan", "Parent Relationship": "Outer", "Scan Direction": "Forward", "Index Name": "idx_lineitem_orderkey", "Relation Name": "lineitem", "Alias": "l1", "Startup Cost": 0.0, "Total Cost": 2714999.63, "Plan Rows": 19995678, "Plan Width": 16, "Filter": "(l_receiptdate > l_commitdate), (LLVM Optimized)"}, {"Node Type": "Hash", "Parent Relationship": "Inner", "Startup Cost": 70825.98, "Total Cost": 70825.98, "Plan Rows": 256000, "Plan Width": 34, "Plans": [{"Node Type": "Streaming(type: BROADCAST dop: 64/1)", "Parent Relationship": "Outer", "Startup Cost": 95.25, "Total Cost": 70825.98, "Plan Rows": 256000, "Plan Width": 34, "Plans": [{"Node Type": "Nested Loop", "Parent Relationship": "Outer", "Join Type": "Inner", "Startup Cost": 95.25, "Total Cost": 2544.73, "Plan Rows": 4000, "Plan Width": 34, "Inner Unique": false, "Plans": [{"Node Type": "Index Scan", "Parent Relationship": "Outer", "Scan Direction": "Forward", "Index Name": "nation_pkey", "Relation Name": "nation", "Alias": "nation", "Startup Cost": 0.0, "Total Cost": 12.69, "Plan Rows": 1, "Plan Width": 4, "Filter": "(n_name = 'EGYPT'::bpchar)"}, {"Node Type": "Bitmap Heap Scan", "Parent Relationship": "Inner", "Relation Name": "supplier", "Alias": "supplier", "Startup Cost": 95.25, "Total Cost": 2492.04, "Plan Rows": 4000, "Plan Width": 38, "Recheck Cond": "(s_nationkey = nation.n_nationkey)", "Plans": [{"Node Type": "Bitmap Index Scan", "Parent Relationship": "Outer", "Index Name": "idx_supplier_nation_key", "Startup Cost": 0.0, "Total Cost": 94.25, "Plan Rows": 4000, "Plan Width": 0, "Index Cond": "(s_nationkey = nation.n_nationkey)"}]}]}]}]}]}]}, {"Node Type": "Index Scan", "Parent Relationship": "Inner", "Scan Direction": "Forward", "Index Name": "idx_lineitem_orderkey", "Relation Name": "lineitem", "Alias": "l3", "Startup Cost": 0.0, "Total Cost": 1.63, "Plan Rows": 3, "Plan Width": 16, "Index Cond": "(l_orderkey = l1.l_orderkey)", "Filter": "((l_receiptdate > l_commitdate) AND (l_suppkey <> l1.l_suppkey))"}]}, {"Node Type": "Index Scan", "Parent Relationship": "Inner", "Scan Direction": "Forward", "Index Name": "idx_lineitem_orderkey", "Relation Name": "lineitem", "Alias": "l2", "Startup Cost": 0.0, "Total Cost": 1.63, "Plan Rows": 9, "Plan Width": 16, "Index Cond": "(l_orderkey = l1.l_orderkey)", "Filter": "(l_suppkey <> l1.l_suppkey)"}]}, {"Node Type": "Index Scan", "Parent Relationship": "Inner", "Scan Direction": "Forward", "Index Name": "orders_pkey", "Relation Name": "orders", "Alias": "orders", "Startup Cost": 0.0, "Total Cost": 0.97, "Plan Rows": 1, "Plan Width": 8, "Index Cond": "(o_orderkey = l2.l_orderkey)", "Filter": "(o_orderstatus = 'F'::bpchar)"}]}]}]}]}, "Unique SQL Id": 3870093320}, "explain_analyze_plan": {"Plan": {"Node Type": "Limit", "Startup Cost": 2846852.7, "Total Cost": 2846852.95, "Plan Rows": 100, "Plan Width": 34, "Actual Min Startup Time": 14119.717, "Actual Max Startup Time": 14119.717, "Actual Min Total Time": 14119.737, "Actual Max Total Time": 14119.737, "Actual Total Rows": 100, "Plans": [{"Node Type": "Sort", "Parent Relationship": "Outer", "Startup Cost": 2846852.7, "Total Cost": 2846875.63, "Plan Rows": 100, "Plan Width": 34, "Actual Min Startup Time": 14119.713, "Actual Max Startup Time": 14119.713, "Actual Min Total Time": 14119.719, "Actual Max Total Time": 14119.719, "Actual Total Rows": 100, "Sort Key": ["(count(*)) DESC", "supplier.s_name"], "Sort Method": "top-N heapsort", "Sort Space Min Used": 41, "Sort Space Max Used": 41, "Sort Space Type": "Memory", "Plans": [{"Node Type": "Aggregate", "Strategy": "Hashed", "Parent Relationship": "Outer", "Startup Cost": 2846410.43, "Total Cost": 2846502.15, "Plan Rows": 9172, "Plan Width": 34, "Actual Min Startup Time": 14116.34, "Actual Max Startup Time": 14116.34, "Actual Min Total Time": 14117.647, "Actual Max Total Time": 14117.647, "Actual Total Rows": 3981, "Group By Key": ["supplier.s_name"], "Plans": [{"Node Type": "Nested Loop", "Parent Relationship": "Outer", "Join Type": "Inner", "Startup Cost": 70875.98, "Total Cost": 2846364.57, "Plan Rows": 9172, "Plan Width": 26, "Actual Min Startup Time": 815.129, "Actual Max Startup Time": 815.129, "Actual Min Total Time": 14059.159, "Actual Max Total Time": 14059.159, "Actual Total Rows": 39445, "Inner Unique": true, "Join Filter": "(l1.l_orderkey = orders.o_orderkey)", "Rows Removed by Join Filter": 0, "Plans": [{"Node Type": "Nested Loop", "Parent Relationship": "Outer", "Join Type": "Semi", "Startup Cost": 70875.98, "Total Cost": 2839264.2, "Plan Rows": 7254, "Plan Width": 42, "Actual Min Startup Time": 815.101, "Actual Max Startup Time": 815.101, "Actual Min Total Time": 13358.527, "Actual Max Total Time": 13358.527, "Actual Total Rows": 80537, "Inner Unique": false, "Plans": [{"Node Type": "Nested Loop", "Parent Relationship": "Outer", "Join Type": "Anti", "Startup Cost": 70875.98, "Total Cost": 2837408.63, "Plan Rows": 7635, "Plan Width": 42, "Actual Min Startup Time": 815.089, "Actual Max Startup Time": 815.089, "Actual Min Total Time": 12762.463, "Actual Max Total Time": 12762.463, "Actual Total Rows": 135110, "Inner Unique": false, "Plans": [{"Node Type": "Streaming(type: LOCAL GATHER dop: 1/64)", "Parent Relationship": "Outer", "Startup Cost": 70875.98, "Total Cost": 2790221.42, "Plan Rows": 152707, "Plan Width": 42, "Actual Min Startup Time": 814.659, "Actual Max Startup Time": 814.659, "Actual Min Total Time": 1782.848, "Actual Max Total Time": 1782.848, "Actual Total Rows": 1511024, "Plans": [{"Node Type": "Hash Join", "Parent Relationship": "Outer", "Join Type": "Inner", "Startup Cost": 70875.98, "Total Cost": 2787071.09, "Plan Rows": 152707, "Plan Width": 42, "Actual Min Startup Time": 598.254, "Actual Max Startup Time": 727.718, "Actual Min Total Time": 1399.128, "Actual Max Total Time": 1628.166, "Actual Total Rows": 1511024, "Inner Unique": false, "Hash Cond": "(l1.l_suppkey = supplier.s_suppkey), (LLVM Optimized, Jit Execute)", "Plans": [{"Node Type": "Index Scan", "Parent Relationship": "Outer", "Scan Direction": "Forward", "Index Name": "idx_lineitem_orderkey", "Relation Name": "lineitem", "Alias": "l1", "Startup Cost": 0.0, "Total Cost": 2714999.63, "Plan Rows": 19995678, "Plan Width": 16, "Actual Min Startup Time": 471.178, "Actual Max Startup Time": 471.721, "Actual Min Total Time": 1129.758, "Actual Max Total Time": 1291.227, "Actual Total Rows": 37929348, "Filter": "(l_receiptdate > l_commitdate), (LLVM Optimized, Jit Execute)", "Rows Removed by Filter": 22056704}, {"Node Type": "Hash", "Parent Relationship": "Inner", "Startup Cost": 70825.98, "Total Cost": 70825.98, "Plan Rows": 256000, "Plan Width": 34, "Actual Min Startup Time": 126.512, "Actual Max Startup Time": 256.207, "Actual Min Total Time": 126.512, "Actual Max Total Time": 256.207, "Actual Total Rows": 254784, "Max Hash Buckets": 32768, "Min Hash Buckets": 32768, "Max Hash Batches": 1, "Min Hash Batches": 1, "Max Original Hash Batches": 1, "Min Original Hash Batches": 1, "Max Peak Memory Usage": 280, "min Peak Memory Usage": 280, "Plans": [{"Node Type": "Streaming(type: BROADCAST dop: 64/1)", "Parent Relationship": "Outer", "Startup Cost": 95.25, "Total Cost": 70825.98, "Plan Rows": 256000, "Plan Width": 34, "Actual Min Startup Time": 0.026, "Actual Max Startup Time": 3.984, "Actual Min Total Time": 125.506, "Actual Max Total Time": 255.076, "Actual Total Rows": 254784, "Plans": [{"Node Type": "Nested Loop", "Parent Relationship": "Outer", "Join Type": "Inner", "Startup Cost": 95.25, "Total Cost": 2544.73, "Plan Rows": 4000, "Plan Width": 34, "Actual Min Startup Time": 1.031, "Actual Max Startup Time": 1.031, "Actual Min Total Time": 7.098, "Actual Max Total Time": 7.098, "Actual Total Rows": 3981, "Inner Unique": false, "Plans": [{"Node Type": "Index Scan", "Parent Relationship": "Outer", "Scan Direction": "Forward", "Index Name": "nation_pkey", "Relation Name": "nation", "Alias": "nation", "Startup Cost": 0.0, "Total Cost": 12.69, "Plan Rows": 1, "Plan Width": 4, "Actual Min Startup Time": 0.048, "Actual Max Startup Time": 0.048, "Actual Min Total Time": 0.079, "Actual Max Total Time": 0.079, "Actual Total Rows": 1, "Filter": "(n_name = 'EGYPT'::bpchar)", "Rows Removed by Filter": 24}, {"Node Type": "Bitmap Heap Scan", "Parent Relationship": "Inner", "Relation Name": "supplier", "Alias": "supplier", "Startup Cost": 95.25, "Total Cost": 2492.04, "Plan Rows": 4000, "Plan Width": 38, "Actual Min Startup Time": 0.971, "Actual Max Startup Time": 0.971, "Actual Min Total Time": 6.221, "Actual Max Total Time": 6.221, "Actual Total Rows": 3981, "Recheck Cond": "(s_nationkey = nation.n_nationkey)", "Rows Removed by Index Recheck": 0, "Exact Heap Blocks": 0, "Lossy Heap Blocks": 0, "Plans": [{"Node Type": "Bitmap Index Scan", "Parent Relationship": "Outer", "Index Name": "idx_supplier_nation_key", "Startup Cost": 0.0, "Total Cost": 94.25, "Plan Rows": 4000, "Plan Width": 0, "Actual Min Startup Time": 0.671, "Actual Max Startup Time": 0.671, "Actual Min Total Time": 0.671, "Actual Max Total Time": 0.671, "Actual Total Rows": 3981, "Index Cond": "(s_nationkey = nation.n_nationkey)"}]}]}]}]}]}]}, {"Node Type": "Index Scan", "Parent Relationship": "Inner", "Scan Direction": "Forward", "Index Name": "idx_lineitem_orderkey", "Relation Name": "lineitem", "Alias": "l3", "Startup Cost": 0.0, "Total Cost": 1.63, "Plan Rows": 3, "Plan Width": 16, "Actual Min Startup Time": 9956.083, "Actual Max Startup Time": 9956.083, "Actual Min Total Time": 9956.083, "Actual Max Total Time": 9956.083, "Actual Total Rows": 1375914, "Index Cond": "(l_orderkey = l1.l_orderkey)", "Rows Removed by Index Recheck": 0, "Filter": "((l_receiptdate > l_commitdate) AND (l_suppkey <> l1.l_suppkey))", "Rows Removed by Filter": 1348115}]}, {"Node Type": "Index Scan", "Parent Relationship": "Inner", "Scan Direction": "Forward", "Index Name": "idx_lineitem_orderkey", "Relation Name": "lineitem", "Alias": "l2", "Startup Cost": 0.0, "Total Cost": 1.63, "Plan Rows": 9, "Plan Width": 16, "Actual Min Startup Time": 497.47, "Actual Max Startup Time": 497.47, "Actual Min Total Time": 497.47, "Actual Max Total Time": 497.47, "Actual Total Rows": 80537, "Index Cond": "(l_orderkey = l1.l_orderkey)", "Rows Removed by Index Recheck": 0, "Filter": "(l_suppkey <> l1.l_suppkey)", "Rows Removed by Filter": 85912}]}, {"Node Type": "Index Scan", "Parent Relationship": "Inner", "Scan Direction": "Forward", "Index Name": "orders_pkey", "Relation Name": "orders", "Alias": "orders", "Startup Cost": 0.0, "Total Cost": 0.97, "Plan Rows": 1, "Plan Width": 8, "Actual Min Startup Time": 630.576, "Actual Max Startup Time": 630.576, "Actual Min Total Time": 630.576, "Actual Max Total Time": 630.576, "Actual Total Rows": 39445, "Index Cond": "(o_orderkey = l2.l_orderkey)", "Rows Removed by Index Recheck": 0, "Filter": "(o_orderstatus = 'F'::bpchar)", "Rows Removed by Filter": 41092}]}]}]}]}, "Triggers": [], "Planner Runtime": 13.163, "Total Runtime": 14143.047, "Unique SQL Id": 3870093320}}, "(64, 2)": {"explain_plan": {"Plan": {"Node Type": "Limit", "Startup Cost": 439387.85, "Total Cost": 439388.1, "Plan Rows": 100, "Plan Width": 34, "Plans": [{"Node Type": "Sort", "Parent Relationship": "Outer", "Startup Cost": 439387.85, "Total Cost": 439410.78, "Plan Rows": 100, "Plan Width": 34, "Sort Key": ["(count(*)) DESC", "supplier.s_name"], "Plans": [{"Node Type": "Aggregate", "Strategy": "Hashed", "Parent Relationship": "Outer", "Startup Cost": 438945.58, "Total Cost": 439037.3, "Plan Rows": 9172, "Plan Width": 34, "Group By Key": ["supplier.s_name"], "Plans": [{"Node Type": "Nested Loop", "Parent Relationship": "Outer", "Join Type": "Inner", "Startup Cost": 183360.81, "Total Cost": 438899.72, "Plan Rows": 9172, "Plan Width": 26, "Inner Unique": true, "Join Filter": "(l1.l_orderkey = orders.o_orderkey)", "Plans": [{"Node Type": "Nested Loop", "Parent Relationship": "Outer", "Join Type": "Semi", "Startup Cost": 183360.21, "Total Cost": 405338.96, "Plan Rows": 7254, "Plan Width": 42, "Inner Unique": false, "Plans": [{"Node Type": "Hash Join", "Parent Relationship": "Outer", "Join Type": "Inner", "Startup Cost": 183359.38, "Total Cost": 390160.41, "Plan Rows": 7635, "Plan Width": 42, "Inner Unique": false, "Hash Cond": "(l1.l_suppkey = supplier.s_suppkey)", "Plans": [{"Node Type": "Streaming(type: LOCAL GATHER dop: 1/64)", "Parent Relationship": "Outer", "Startup Cost": 182676.04, "Total Cost": 385647.51, "Plan Rows": 999784, "Plan Width": 16, "Plans": [{"Node Type": "Hash Join", "Parent Relationship": "Outer", "Join Type": "Anti", "Startup Cost": 182676.04, "Total Cost": 365022.08, "Plan Rows": 999784, "Plan Width": 16, "Inner Unique": false, "Hash Cond": "(l1.l_orderkey = l3.l_orderkey), (LLVM Optimized)", "Join Filter": "(l3.l_suppkey <> l1.l_suppkey), (LLVM Optimized)", "Plans": [{"Node Type": "Streaming(type: LOCAL REDISTRIBUTE dop: 64/64)", "Parent Relationship": "Outer", "Startup Cost": 0.0, "Total Cost": 178770.64, "Plan Rows": 19995678, "Plan Width": 16, "Plans": [{"Node Type": "Seq Scan", "Parent Relationship": "Outer", "Relation Name": "lineitem", "Alias": "l1", "Startup Cost": 0.0, "Total Cost": 96829.42, "Plan Rows": 19995678, "Plan Width": 16, "Filter": "(l_receiptdate > l_commitdate), (LLVM Optimized)"}]}, {"Node Type": "Hash", "Parent Relationship": "Inner", "Startup Cost": 178770.64, "Total Cost": 178770.64, "Plan Rows": 19995678, "Plan Width": 16, "Plans": [{"Node Type": "Streaming(type: LOCAL REDISTRIBUTE dop: 64/64)", "Parent Relationship": "Outer", "Startup Cost": 0.0, "Total Cost": 178770.64, "Plan Rows": 19995678, "Plan Width": 16, "Plans": [{"Node Type": "Seq Scan", "Parent Relationship": "Outer", "Relation Name": "lineitem", "Alias": "l3", "Startup Cost": 0.0, "Total Cost": 96829.42, "Plan Rows": 19995678, "Plan Width": 16, "Filter": "(l_receiptdate > l_commitdate), (LLVM Optimized)"}]}]}]}]}, {"Node Type": "Hash", "Parent Relationship": "Inner", "Startup Cost": 2533.35, "Total Cost": 2533.35, "Plan Rows": 4000, "Plan Width": 34, "Plans": [{"Node Type": "Nested Loop", "Parent Relationship": "Outer", "Join Type": "Inner", "Startup Cost": 95.25, "Total Cost": 2533.35, "Plan Rows": 4000, "Plan Width": 34, "Inner Unique": false, "Plans": [{"Node Type": "Seq Scan", "Parent Relationship": "Outer", "Relation Name": "nation", "Alias": "nation", "Startup Cost": 0.0, "Total Cost": 1.31, "Plan Rows": 1, "Plan Width": 4, "Filter": "(n_name = 'EGYPT'::bpchar)"}, {"Node Type": "Bitmap Heap Scan", "Parent Relationship": "Inner", "Relation Name": "supplier", "Alias": "supplier", "Startup Cost": 95.25, "Total Cost": 2492.04, "Plan Rows": 4000, "Plan Width": 38, "Recheck Cond": "(s_nationkey = nation.n_nationkey)", "Plans": [{"Node Type": "Bitmap Index Scan", "Parent Relationship": "Outer", "Index Name": "idx_supplier_nation_key", "Startup Cost": 0.0, "Total Cost": 94.25, "Plan Rows": 4000, "Plan Width": 0, "Index Cond": "(s_nationkey = nation.n_nationkey)"}]}]}]}]}, {"Node Type": "Bitmap Heap Scan", "Parent Relationship": "Inner", "Relation Name": "lineitem", "Alias": "l2", "Startup Cost": 0.82, "Total Cost": 8.95, "Plan Rows": 9, "Plan Width": 16, "Recheck Cond": "(l_orderkey = l1.l_orderkey)", "Filter": "(l_suppkey <> l1.l_suppkey)", "Plans": [{"Node Type": "Bitmap Index Scan", "Parent Relationship": "Outer", "Index Name": "idx_lineitem_orderkey", "Startup Cost": 0.0, "Total Cost": 0.82, "Plan Rows": 9, "Plan Width": 0, "Index Cond": "(l_orderkey = l1.l_orderkey)"}]}]}, {"Node Type": "Bitmap Heap Scan", "Parent Relationship": "Inner", "Relation Name": "orders", "Alias": "orders", "Startup Cost": 0.6, "Total Cost": 4.61, "Plan Rows": 1, "Plan Width": 8, "Recheck Cond": "(o_orderkey = l2.l_orderkey)", "Filter": "(o_orderstatus = 'F'::bpchar)", "Plans": [{"Node Type": "Bitmap Index Scan", "Parent Relationship": "Outer", "Index Name": "orders_pkey", "Startup Cost": 0.0, "Total Cost": 0.6, "Plan Rows": 1, "Plan Width": 0, "Index Cond": "(o_orderkey = l2.l_orderkey)"}]}]}]}]}]}, "Unique SQL Id": 3870093320}, "explain_analyze_plan": {"Plan": {"Node Type": "Limit", "Startup Cost": 439387.85, "Total Cost": 439388.1, "Plan Rows": 100, "Plan Width": 34, "Actual Min Startup Time": 6805.192, "Actual Max Startup Time": 6805.192, "Actual Min Total Time": 6805.211, "Actual Max Total Time": 6805.211, "Actual Total Rows": 100, "Plans": [{"Node Type": "Sort", "Parent Relationship": "Outer", "Startup Cost": 439387.85, "Total Cost": 439410.78, "Plan Rows": 100, "Plan Width": 34, "Actual Min Startup Time": 6805.189, "Actual Max Startup Time": 6805.189, "Actual Min Total Time": 6805.197, "Actual Max Total Time": 6805.197, "Actual Total Rows": 100, "Sort Key": ["(count(*)) DESC", "supplier.s_name"], "Sort Method": "top-N heapsort", "Sort Space Min Used": 41, "Sort Space Max Used": 41, "Sort Space Type": "Memory", "Plans": [{"Node Type": "Aggregate", "Strategy": "Hashed", "Parent Relationship": "Outer", "Startup Cost": 438945.58, "Total Cost": 439037.3, "Plan Rows": 9172, "Plan Width": 34, "Actual Min Startup Time": 6801.849, "Actual Max Startup Time": 6801.849, "Actual Min Total Time": 6803.071, "Actual Max Total Time": 6803.071, "Actual Total Rows": 3981, "Group By Key": ["supplier.s_name"], "Plans": [{"Node Type": "Nested Loop", "Parent Relationship": "Outer", "Join Type": "Inner", "Startup Cost": 183360.81, "Total Cost": 438899.72, "Plan Rows": 9172, "Plan Width": 26, "Actual Min Startup Time": 2335.66, "Actual Max Startup Time": 2335.66, "Actual Min Total Time": 6750.185, "Actual Max Total Time": 6750.185, "Actual Total Rows": 39445, "Inner Unique": true, "Join Filter": "(l1.l_orderkey = orders.o_orderkey)", "Rows Removed by Join Filter": 0, "Plans": [{"Node Type": "Nested Loop", "Parent Relationship": "Outer", "Join Type": "Semi", "Startup Cost": 183360.21, "Total Cost": 405338.96, "Plan Rows": 7254, "Plan Width": 42, "Actual Min Startup Time": 2335.626, "Actual Max Startup Time": 2335.626, "Actual Min Total Time": 5990.539, "Actual Max Total Time": 5990.539, "Actual Total Rows": 80537, "Inner Unique": false, "Plans": [{"Node Type": "Hash Join", "Parent Relationship": "Outer", "Join Type": "Inner", "Startup Cost": 183359.38, "Total Cost": 390160.41, "Plan Rows": 7635, "Plan Width": 42, "Actual Min Startup Time": 2335.536, "Actual Max Startup Time": 2335.536, "Actual Min Total Time": 4375.103, "Actual Max Total Time": 4375.103, "Actual Total Rows": 135110, "Inner Unique": false, "Hash Cond": "(l1.l_suppkey = supplier.s_suppkey)", "Plans": [{"Node Type": "Streaming(type: LOCAL GATHER dop: 1/64)", "Parent Relationship": "Outer", "Startup Cost": 182676.04, "Total Cost": 385647.51, "Plan Rows": 999784, "Plan Width": 16, "Actual Min Startup Time": 2327.148, "Actual Max Startup Time": 2327.148, "Actual Min Total Time": 3628.242, "Actual Max Total Time": 3628.242, "Actual Total Rows": 3372284, "Plans": [{"Node Type": "Hash Join", "Parent Relationship": "Outer", "Join Type": "Anti", "Startup Cost": 182676.04, "Total Cost": 365022.08, "Plan Rows": 999784, "Plan Width": 16, "Actual Min Startup Time": 1871.399, "Actual Max Startup Time": 2172.815, "Actual Min Total Time": 4997.074, "Actual Max Total Time": 5364.352, "Actual Total Rows": 3372284, "Inner Unique": false, "Hash Cond": "(l1.l_orderkey = l3.l_orderkey), (LLVM Optimized, Jit Execute)", "Join Filter": "(l3.l_suppkey <> l1.l_suppkey), (LLVM Optimized, Jit Execute)", "Rows Removed by Join Filter": 13753927, "Plans": [{"Node Type": "Streaming(type: LOCAL REDISTRIBUTE dop: 64/64)", "Parent Relationship": "Outer", "Startup Cost": 0.0, "Total Cost": 178770.64, "Plan Rows": 19995678, "Plan Width": 16, "Actual Min Startup Time": 0.187, "Actual Max Startup Time": 2.117, "Actual Min Total Time": 2743.561, "Actual Max Total Time": 3006.219, "Actual Total Rows": 37929348, "Plans": [{"Node Type": "Seq Scan", "Parent Relationship": "Outer", "Relation Name": "lineitem", "Alias": "l1", "Startup Cost": 0.0, "Total Cost": 96829.42, "Plan Rows": 19995678, "Plan Width": 16, "Actual Min Startup Time": 0.022, "Actual Max Startup Time": 0.06, "Actual Min Total Time": 431.074, "Actual Max Total Time": 522.621, "Actual Total Rows": 37929348, "Filter": "(l_receiptdate > l_commitdate), (LLVM Optimized, Jit Execute)", "Rows Removed by Filter": 22056704}]}, {"Node Type": "Hash", "Parent Relationship": "Inner", "Startup Cost": 178770.64, "Total Cost": 178770.64, "Plan Rows": 19995678, "Plan Width": 16, "Actual Min Startup Time": 1870.6, "Actual Max Startup Time": 2170.353, "Actual Min Total Time": 1870.6, "Actual Max Total Time": 2170.353, "Actual Total Rows": 37929348, "Max Hash Buckets": 524288, "Min Hash Buckets": 524288, "Max Hash Batches": 1, "Min Hash Batches": 1, "Max Original Hash Batches": 1, "Min Original Hash Batches": 1, "Max Peak Memory Usage": 27746, "min Peak Memory Usage": 27746, "Plans": [{"Node Type": "Streaming(type: LOCAL REDISTRIBUTE dop: 64/64)", "Parent Relationship": "Outer", "Startup Cost": 0.0, "Total Cost": 178770.64, "Plan Rows": 19995678, "Plan Width": 16, "Actual Min Startup Time": 0.107, "Actual Max Startup Time": 283.799, "Actual Min Total Time": 1596.76, "Actual Max Total Time": 1956.811, "Actual Total Rows": 37929348, "Plans": [{"Node Type": "Seq Scan", "Parent Relationship": "Outer", "Relation Name": "lineitem", "Alias": "l3", "Startup Cost": 0.0, "Total Cost": 96829.42, "Plan Rows": 19995678, "Plan Width": 16, "Actual Min Startup Time": 0.022, "Actual Max Startup Time": 0.05, "Actual Min Total Time": 453.051, "Actual Max Total Time": 583.951, "Actual Total Rows": 37929348, "Filter": "(l_receiptdate > l_commitdate), (LLVM Optimized, Jit Execute)", "Rows Removed by Filter": 22056704}]}]}]}]}, {"Node Type": "Hash", "Parent Relationship": "Inner", "Startup Cost": 2533.35, "Total Cost": 2533.35, "Plan Rows": 4000, "Plan Width": 34, "Actual Min Startup Time": 8.315, "Actual Max Startup Time": 8.315, "Actual Min Total Time": 8.315, "Actual Max Total Time": 8.315, "Actual Total Rows": 3981, "Max Hash Buckets": 32768, "Min Hash Buckets": 32768, "Max Hash Batches": 1, "Min Hash Batches": 1, "Max Original Hash Batches": 1, "Min Original Hash Batches": 1, "Max Peak Memory Usage": 280, "min Peak Memory Usage": 280, "Plans": [{"Node Type": "Nested Loop", "Parent Relationship": "Outer", "Join Type": "Inner", "Startup Cost": 95.25, "Total Cost": 2533.35, "Plan Rows": 4000, "Plan Width": 34, "Actual Min Startup Time": 1.141, "Actual Max Startup Time": 1.141, "Actual Min Total Time": 6.835, "Actual Max Total Time": 6.835, "Actual Total Rows": 3981, "Inner Unique": false, "Plans": [{"Node Type": "Seq Scan", "Parent Relationship": "Outer", "Relation Name": "nation", "Alias": "nation", "Startup Cost": 0.0, "Total Cost": 1.31, "Plan Rows": 1, "Plan Width": 4, "Actual Min Startup Time": 0.057, "Actual Max Startup Time": 0.057, "Actual Min Total Time": 0.072, "Actual Max Total Time": 0.072, "Actual Total Rows": 1, "Filter": "(n_name = 'EGYPT'::bpchar)", "Rows Removed by Filter": 24}, {"Node Type": "Bitmap Heap Scan", "Parent Relationship": "Inner", "Relation Name": "supplier", "Alias": "supplier", "Startup Cost": 95.25, "Total Cost": 2492.04, "Plan Rows": 4000, "Plan Width": 38, "Actual Min Startup Time": 1.065, "Actual Max Startup Time": 1.065, "Actual Min Total Time": 5.925, "Actual Max Total Time": 5.925, "Actual Total Rows": 3981, "Recheck Cond": "(s_nationkey = nation.n_nationkey)", "Rows Removed by Index Recheck": 0, "Exact Heap Blocks": 1918, "Lossy Heap Blocks": 1918, "Plans": [{"Node Type": "Bitmap Index Scan", "Parent Relationship": "Outer", "Index Name": "idx_supplier_nation_key", "Startup Cost": 0.0, "Total Cost": 94.25, "Plan Rows": 4000, "Plan Width": 0, "Actual Min Startup Time": 0.751, "Actual Max Startup Time": 0.751, "Actual Min Total Time": 0.751, "Actual Max Total Time": 0.751, "Actual Total Rows": 3981, "Index Cond": "(s_nationkey = nation.n_nationkey)"}]}]}]}]}, {"Node Type": "Bitmap Heap Scan", "Parent Relationship": "Inner", "Relation Name": "lineitem", "Alias": "l2", "Startup Cost": 0.82, "Total Cost": 8.95, "Plan Rows": 9, "Plan Width": 16, "Actual Min Startup Time": 1418.438, "Actual Max Startup Time": 1418.438, "Actual Min Total Time": 1418.438, "Actual Max Total Time": 1418.438, "Actual Total Rows": 80537, "Recheck Cond": "(l_orderkey = l1.l_orderkey)", "Rows Removed by Index Recheck": 0, "Filter": "(l_suppkey <> l1.l_suppkey)", "Rows Removed by Filter": 85912, "Exact Heap Blocks": 135868, "Lossy Heap Blocks": 135868, "Plans": [{"Node Type": "Bitmap Index Scan", "Parent Relationship": "Outer", "Index Name": "idx_lineitem_orderkey", "Startup Cost": 0.0, "Total Cost": 0.82, "Plan Rows": 9, "Plan Width": 0, "Actual Min Startup Time": 846.578, "Actual Max Startup Time": 846.578, "Actual Min Total Time": 846.578, "Actual Max Total Time": 846.578, "Actual Total Rows": 287712, "Index Cond": "(l_orderkey = l1.l_orderkey)"}]}]}, {"Node Type": "Bitmap Heap Scan", "Parent Relationship": "Inner", "Relation Name": "orders", "Alias": "orders", "Startup Cost": 0.6, "Total Cost": 4.61, "Plan Rows": 1, "Plan Width": 8, "Actual Min Startup Time": 649.326, "Actual Max Startup Time": 649.326, "Actual Min Total Time": 649.326, "Actual Max Total Time": 649.326, "Actual Total Rows": 39445, "Recheck Cond": "(o_orderkey = l2.l_orderkey)", "Rows Removed by Index Recheck": 0, "Filter": "(o_orderstatus = 'F'::bpchar)", "Rows Removed by Filter": 41092, "Exact Heap Blocks": 80537, "Lossy Heap Blocks": 80537, "Plans": [{"Node Type": "Bitmap Index Scan", "Parent Relationship": "Outer", "Index Name": "orders_pkey", "Startup Cost": 0.0, "Total Cost": 0.6, "Plan Rows": 1, "Plan Width": 0, "Actual Min Startup Time": 405.033, "Actual Max Startup Time": 405.033, "Actual Min Total Time": 405.033, "Actual Max Total Time": 405.033, "Actual Total Rows": 80537, "Index Cond": "(o_orderkey = l2.l_orderkey)"}]}]}]}]}]}, "Triggers": [], "Planner Runtime": 19.277, "Total Runtime": 6865.707, "Unique SQL Id": 3870093320}}, "(64, 3)": {"explain_plan": {"Plan": {"Node Type": "Limit", "Startup Cost": 3882163.35, "Total Cost": 3882163.6, "Plan Rows": 100, "Plan Width": 34, "Plans": [{"Node Type": "Sort", "Parent Relationship": "Outer", "Startup Cost": 3882163.35, "Total Cost": 3882186.28, "Plan Rows": 100, "Plan Width": 34, "Sort Key": ["(count(*)) DESC", "supplier.s_name"], "Plans": [{"Node Type": "Aggregate", "Strategy": "Hashed", "Parent Relationship": "Outer", "Startup Cost": 3881721.08, "Total Cost": 3881812.8, "Plan Rows": 9172, "Plan Width": 34, "Group By Key": ["supplier.s_name"], "Plans": [{"Node Type": "Nested Loop", "Parent Relationship": "Outer", "Join Type": "Inner", "Startup Cost": 1232631.31, "Total Cost": 3881675.22, "Plan Rows": 9172, "Plan Width": 26, "Inner Unique": true, "Join Filter": "(l1.l_orderkey = orders.o_orderkey)", "Plans": [{"Node Type": "Nested Loop", "Parent Relationship": "Outer", "Join Type": "Semi", "Startup Cost": 1232630.71, "Total Cost": 3848114.46, "Plan Rows": 7254, "Plan Width": 42, "Inner Unique": false, "Plans": [{"Node Type": "Nested Loop", "Parent Relationship": "Outer", "Join Type": "Anti", "Startup Cost": 1232629.88, "Total Cost": 3832935.91, "Plan Rows": 7635, "Plan Width": 42, "Inner Unique": false, "Plans": [{"Node Type": "Hash Join", "Parent Relationship": "Outer", "Join Type": "Inner", "Startup Cost": 1232629.06, "Total Cost": 3474222.84, "Plan Rows": 152707, "Plan Width": 42, "Inner Unique": false, "Hash Cond": "(l1.l_suppkey = supplier.s_suppkey), (LLVM Optimized)", "Plans": [{"Node Type": "Bitmap Heap Scan", "Parent Relationship": "Outer", "Relation Name": "lineitem", "Alias": "l1", "Startup Cost": 1230034.33, "Total Cost": 3395117.25, "Plan Rows": 19995678, "Plan Width": 16, "Filter": "(l_receiptdate > l_commitdate), (LLVM Optimized)", "Plans": [{"Node Type": "Bitmap Index Scan", "Parent Relationship": "Outer", "Index Name": "idx_lineitem_orderkey", "Startup Cost": 0.0, "Total Cost": 1225035.42, "Plan Rows": 59987033, "Plan Width": 0}]}, {"Node Type": "Hash", "Parent Relationship": "Inner", "Startup Cost": 2544.73, "Total Cost": 2544.73, "Plan Rows": 4000, "Plan Width": 34, "Plans": [{"Node Type": "Nested Loop", "Parent Relationship": "Outer", "Join Type": "Inner", "Startup Cost": 103.63, "Total Cost": 2544.73, "Plan Rows": 4000, "Plan Width": 34, "Inner Unique": false, "Plans": [{"Node Type": "Bitmap Heap Scan", "Parent Relationship": "Outer", "Relation Name": "nation", "Alias": "nation", "Startup Cost": 8.38, "Total Cost": 12.69, "Plan Rows": 1, "Plan Width": 4, "Filter": "(n_name = 'EGYPT'::bpchar)", "Plans": [{"Node Type": "Bitmap Index Scan", "Parent Relationship": "Outer", "Index Name": "nation_pkey", "Startup Cost": 0.0, "Total Cost": 8.38, "Plan Rows": 25, "Plan Width": 0}]}, {"Node Type": "Bitmap Heap Scan", "Parent Relationship": "Inner", "Relation Name": "supplier", "Alias": "supplier", "Startup Cost": 95.25, "Total Cost": 2492.04, "Plan Rows": 4000, "Plan Width": 38, "Recheck Cond": "(s_nationkey = nation.n_nationkey)", "Plans": [{"Node Type": "Bitmap Index Scan", "Parent Relationship": "Outer", "Index Name": "idx_supplier_nation_key", "Startup Cost": 0.0, "Total Cost": 94.25, "Plan Rows": 4000, "Plan Width": 0, "Index Cond": "(s_nationkey = nation.n_nationkey)"}]}]}]}]}, {"Node Type": "Bitmap Heap Scan", "Parent Relationship": "Inner", "Relation Name": "lineitem", "Alias": "l3", "Startup Cost": 0.82, "Total Cost": 8.97, "Plan Rows": 3, "Plan Width": 16, "Recheck Cond": "(l_orderkey = l1.l_orderkey)", "Filter": "((l_receiptdate > l_commitdate) AND (l_suppkey <> l1.l_suppkey))", "Plans": [{"Node Type": "Bitmap Index Scan", "Parent Relationship": "Outer", "Index Name": "idx_lineitem_orderkey", "Startup Cost": 0.0, "Total Cost": 0.82, "Plan Rows": 9, "Plan Width": 0, "Index Cond": "(l_orderkey = l1.l_orderkey)"}]}]}, {"Node Type": "Bitmap Heap Scan", "Parent Relationship": "Inner", "Relation Name": "lineitem", "Alias": "l2", "Startup Cost": 0.82, "Total Cost": 8.95, "Plan Rows": 9, "Plan Width": 16, "Recheck Cond": "(l_orderkey = l1.l_orderkey)", "Filter": "(l_suppkey <> l1.l_suppkey)", "Plans": [{"Node Type": "Bitmap Index Scan", "Parent Relationship": "Outer", "Index Name": "idx_lineitem_orderkey", "Startup Cost": 0.0, "Total Cost": 0.82, "Plan Rows": 9, "Plan Width": 0, "Index Cond": "(l_orderkey = l1.l_orderkey)"}]}]}, {"Node Type": "Bitmap Heap Scan", "Parent Relationship": "Inner", "Relation Name": "orders", "Alias": "orders", "Startup Cost": 0.6, "Total Cost": 4.61, "Plan Rows": 1, "Plan Width": 8, "Recheck Cond": "(o_orderkey = l2.l_orderkey)", "Filter": "(o_orderstatus = 'F'::bpchar)", "Plans": [{"Node Type": "Bitmap Index Scan", "Parent Relationship": "Outer", "Index Name": "orders_pkey", "Startup Cost": 0.0, "Total Cost": 0.6, "Plan Rows": 1, "Plan Width": 0, "Index Cond": "(o_orderkey = l2.l_orderkey)"}]}]}]}]}]}, "Unique SQL Id": 3870093320}, "explain_analyze_plan": null}, "(64, 4)": {"explain_plan": {"Plan": {"Node Type": "Limit", "Startup Cost": 228671.11, "Total Cost": 228671.36, "Plan Rows": 100, "Plan Width": 34, "Plans": [{"Node Type": "Sort", "Parent Relationship": "Outer", "Startup Cost": 228671.11, "Total Cost": 228694.04, "Plan Rows": 100, "Plan Width": 34, "Sort Key": ["(count(*)) DESC", "supplier.s_name"], "Plans": [{"Node Type": "Aggregate", "Strategy": "Hashed", "Parent Relationship": "Outer", "Startup Cost": 228228.84, "Total Cost": 228320.56, "Plan Rows": 9172, "Plan Width": 34, "Group By Key": ["supplier.s_name"], "Plans": [{"Node Type": "Nested Loop", "Parent Relationship": "Outer", "Join Type": "Inner", "Startup Cost": 70864.6, "Total Cost": 228182.98, "Plan Rows": 9172, "Plan Width": 26, "Inner Unique": true, "Join Filter": "(l1.l_orderkey = orders.o_orderkey)", "Plans": [{"Node Type": "Nested Loop", "Parent Relationship": "Outer", "Join Type": "Semi", "Startup Cost": 70864.6, "Total Cost": 221082.61, "Plan Rows": 7254, "Plan Width": 42, "Inner Unique": false, "Plans": [{"Node Type": "Nested Loop", "Parent Relationship": "Outer", "Join Type": "Anti", "Startup Cost": 70864.6, "Total Cost": 219227.05, "Plan Rows": 7635, "Plan Width": 42, "Inner Unique": false, "Plans": [{"Node Type": "Streaming(type: LOCAL GATHER dop: 1/64)", "Parent Relationship": "Outer", "Startup Cost": 70864.6, "Total Cost": 172039.83, "Plan Rows": 152707, "Plan Width": 42, "Plans": [{"Node Type": "Hash Join", "Parent Relationship": "Outer", "Join Type": "Inner", "Startup Cost": 70864.6, "Total Cost": 168889.5, "Plan Rows": 152707, "Plan Width": 42, "Inner Unique": false, "Hash Cond": "(l1.l_suppkey = supplier.s_suppkey), (LLVM Optimized)", "Plans": [{"Node Type": "Seq Scan", "Parent Relationship": "Outer", "Relation Name": "lineitem", "Alias": "l1", "Startup Cost": 0.0, "Total Cost": 96829.42, "Plan Rows": 19995678, "Plan Width": 16, "Filter": "(l_receiptdate > l_commitdate), (LLVM Optimized)"}, {"Node Type": "Hash", "Parent Relationship": "Inner", "Startup Cost": 70814.6, "Total Cost": 70814.6, "Plan Rows": 256000, "Plan Width": 34, "Plans": [{"Node Type": "Streaming(type: BROADCAST dop: 64/1)", "Parent Relationship": "Outer", "Startup Cost": 95.25, "Total Cost": 70814.6, "Plan Rows": 256000, "Plan Width": 34, "Plans": [{"Node Type": "Nested Loop", "Parent Relationship": "Outer", "Join Type": "Inner", "Startup Cost": 95.25, "Total Cost": 2533.35, "Plan Rows": 4000, "Plan Width": 34, "Inner Unique": false, "Plans": [{"Node Type": "Seq Scan", "Parent Relationship": "Outer", "Relation Name": "nation", "Alias": "nation", "Startup Cost": 0.0, "Total Cost": 1.31, "Plan Rows": 1, "Plan Width": 4, "Filter": "(n_name = 'EGYPT'::bpchar)"}, {"Node Type": "Bitmap Heap Scan", "Parent Relationship": "Inner", "Relation Name": "supplier", "Alias": "supplier", "Startup Cost": 95.25, "Total Cost": 2492.04, "Plan Rows": 4000, "Plan Width": 38, "Recheck Cond": "(s_nationkey = nation.n_nationkey)", "Plans": [{"Node Type": "Bitmap Index Scan", "Parent Relationship": "Outer", "Index Name": "idx_supplier_nation_key", "Startup Cost": 0.0, "Total Cost": 94.25, "Plan Rows": 4000, "Plan Width": 0, "Index Cond": "(s_nationkey = nation.n_nationkey)"}]}]}]}]}]}]}, {"Node Type": "Index Scan", "Parent Relationship": "Inner", "Scan Direction": "Forward", "Index Name": "idx_lineitem_orderkey", "Relation Name": "lineitem", "Alias": "l3", "Startup Cost": 0.0, "Total Cost": 1.63, "Plan Rows": 3, "Plan Width": 16, "Index Cond": "(l_orderkey = l1.l_orderkey)", "Filter": "((l_receiptdate > l_commitdate) AND (l_suppkey <> l1.l_suppkey))"}]}, {"Node Type": "Index Scan", "Parent Relationship": "Inner", "Scan Direction": "Forward", "Index Name": "idx_lineitem_orderkey", "Relation Name": "lineitem", "Alias": "l2", "Startup Cost": 0.0, "Total Cost": 1.63, "Plan Rows": 9, "Plan Width": 16, "Index Cond": "(l_orderkey = l1.l_orderkey)", "Filter": "(l_suppkey <> l1.l_suppkey)"}]}, {"Node Type": "Index Scan", "Parent Relationship": "Inner", "Scan Direction": "Forward", "Index Name": "orders_pkey", "Relation Name": "orders", "Alias": "orders", "Startup Cost": 0.0, "Total Cost": 0.97, "Plan Rows": 1, "Plan Width": 8, "Index Cond": "(o_orderkey = l2.l_orderkey)", "Filter": "(o_orderstatus = 'F'::bpchar)"}]}]}]}]}, "Unique SQL Id": 3870093320}, "explain_analyze_plan": {"Plan": {"Node Type": "Limit", "Startup Cost": 228671.11, "Total Cost": 228671.36, "Plan Rows": 100, "Plan Width": 34, "Actual Min Startup Time": 12866.621, "Actual Max Startup Time": 12866.621, "Actual Min Total Time": 12866.642, "Actual Max Total Time": 12866.642, "Actual Total Rows": 100, "Plans": [{"Node Type": "Sort", "Parent Relationship": "Outer", "Startup Cost": 228671.11, "Total Cost": 228694.04, "Plan Rows": 100, "Plan Width": 34, "Actual Min Startup Time": 12866.617, "Actual Max Startup Time": 12866.617, "Actual Min Total Time": 12866.628, "Actual Max Total Time": 12866.628, "Actual Total Rows": 100, "Sort Key": ["(count(*)) DESC", "supplier.s_name"], "Sort Method": "top-N heapsort", "Sort Space Min Used": 41, "Sort Space Max Used": 41, "Sort Space Type": "Memory", "Plans": [{"Node Type": "Aggregate", "Strategy": "Hashed", "Parent Relationship": "Outer", "Startup Cost": 228228.84, "Total Cost": 228320.56, "Plan Rows": 9172, "Plan Width": 34, "Actual Min Startup Time": 12863.299, "Actual Max Startup Time": 12863.299, "Actual Min Total Time": 12864.519, "Actual Max Total Time": 12864.519, "Actual Total Rows": 3981, "Group By Key": ["supplier.s_name"], "Plans": [{"Node Type": "Nested Loop", "Parent Relationship": "Outer", "Join Type": "Inner", "Startup Cost": 70864.6, "Total Cost": 228182.98, "Plan Rows": 9172, "Plan Width": 26, "Actual Min Startup Time": 321.296, "Actual Max Startup Time": 321.296, "Actual Min Total Time": 12810.71, "Actual Max Total Time": 12810.71, "Actual Total Rows": 39445, "Inner Unique": true, "Join Filter": "(l1.l_orderkey = orders.o_orderkey)", "Rows Removed by Join Filter": 0, "Plans": [{"Node Type": "Nested Loop", "Parent Relationship": "Outer", "Join Type": "Semi", "Startup Cost": 70864.6, "Total Cost": 221082.61, "Plan Rows": 7254, "Plan Width": 42, "Actual Min Startup Time": 321.137, "Actual Max Startup Time": 321.137, "Actual Min Total Time": 12228.446, "Actual Max Total Time": 12228.446, "Actual Total Rows": 80537, "Inner Unique": false, "Plans": [{"Node Type": "Nested Loop", "Parent Relationship": "Outer", "Join Type": "Anti", "Startup Cost": 70864.6, "Total Cost": 219227.05, "Plan Rows": 7635, "Plan Width": 42, "Actual Min Startup Time": 320.888, "Actual Max Startup Time": 320.888, "Actual Min Total Time": 11631.181, "Actual Max Total Time": 11631.181, "Actual Total Rows": 135110, "Inner Unique": false, "Plans": [{"Node Type": "Streaming(type: LOCAL GATHER dop: 1/64)", "Parent Relationship": "Outer", "Startup Cost": 70864.6, "Total Cost": 172039.83, "Plan Rows": 152707, "Plan Width": 42, "Actual Min Startup Time": 320.789, "Actual Max Startup Time": 320.789, "Actual Min Total Time": 1148.491, "Actual Max Total Time": 1148.491, "Actual Total Rows": 1511024, "Plans": [{"Node Type": "Hash Join", "Parent Relationship": "Outer", "Join Type": "Inner", "Startup Cost": 70864.6, "Total Cost": 168889.5, "Plan Rows": 152707, "Plan Width": 42, "Actual Min Startup Time": 121.617, "Actual Max Startup Time": 246.073, "Actual Min Total Time": 668.067, "Actual Max Total Time": 800.781, "Actual Total Rows": 1511024, "Inner Unique": false, "Hash Cond": "(l1.l_suppkey = supplier.s_suppkey), (LLVM Optimized, Jit Execute)", "Plans": [{"Node Type": "Seq Scan", "Parent Relationship": "Outer", "Relation Name": "lineitem", "Alias": "l1", "Startup Cost": 0.0, "Total Cost": 96829.42, "Plan Rows": 19995678, "Plan Width": 16, "Actual Min Startup Time": 0.021, "Actual Max Startup Time": 0.048, "Actual Min Total Time": 402.886, "Actual Max Total Time": 424.103, "Actual Total Rows": 37929348, "Filter": "(l_receiptdate > l_commitdate), (LLVM Optimized, Jit Execute)", "Rows Removed by Filter": 22056704}, {"Node Type": "Hash", "Parent Relationship": "Inner", "Startup Cost": 70814.6, "Total Cost": 70814.6, "Plan Rows": 256000, "Plan Width": 34, "Actual Min Startup Time": 121.517, "Actual Max Startup Time": 245.924, "Actual Min Total Time": 121.517, "Actual Max Total Time": 245.924, "Actual Total Rows": 254784, "Max Hash Buckets": 32768, "Min Hash Buckets": 32768, "Max Hash Batches": 1, "Min Hash Batches": 1, "Max Original Hash Batches": 1, "Min Original Hash Batches": 1, "Max Peak Memory Usage": 280, "min Peak Memory Usage": 280, "Plans": [{"Node Type": "Streaming(type: BROADCAST dop: 64/1)", "Parent Relationship": "Outer", "Startup Cost": 95.25, "Total Cost": 70814.6, "Plan Rows": 256000, "Plan Width": 34, "Actual Min Startup Time": 0.028, "Actual Max Startup Time": 5.142, "Actual Min Total Time": 120.402, "Actual Max Total Time": 244.779, "Actual Total Rows": 254784, "Plans": [{"Node Type": "Nested Loop", "Parent Relationship": "Outer", "Join Type": "Inner", "Startup Cost": 95.25, "Total Cost": 2533.35, "Plan Rows": 4000, "Plan Width": 34, "Actual Min Startup Time": 1.073, "Actual Max Startup Time": 1.073, "Actual Min Total Time": 7.094, "Actual Max Total Time": 7.094, "Actual Total Rows": 3981, "Inner Unique": false, "Plans": [{"Node Type": "Seq Scan", "Parent Relationship": "Outer", "Relation Name": "nation", "Alias": "nation", "Startup Cost": 0.0, "Total Cost": 1.31, "Plan Rows": 1, "Plan Width": 4, "Actual Min Startup Time": 0.039, "Actual Max Startup Time": 0.039, "Actual Min Total Time": 0.062, "Actual Max Total Time": 0.062, "Actual Total Rows": 1, "Filter": "(n_name = 'EGYPT'::bpchar)", "Rows Removed by Filter": 24}, {"Node Type": "Bitmap Heap Scan", "Parent Relationship": "Inner", "Relation Name": "supplier", "Alias": "supplier", "Startup Cost": 95.25, "Total Cost": 2492.04, "Plan Rows": 4000, "Plan Width": 38, "Actual Min Startup Time": 1.024, "Actual Max Startup Time": 1.024, "Actual Min Total Time": 6.258, "Actual Max Total Time": 6.258, "Actual Total Rows": 3981, "Recheck Cond": "(s_nationkey = nation.n_nationkey)", "Rows Removed by Index Recheck": 0, "Exact Heap Blocks": 0, "Lossy Heap Blocks": 0, "Plans": [{"Node Type": "Bitmap Index Scan", "Parent Relationship": "Outer", "Index Name": "idx_supplier_nation_key", "Startup Cost": 0.0, "Total Cost": 94.25, "Plan Rows": 4000, "Plan Width": 0, "Actual Min Startup Time": 0.694, "Actual Max Startup Time": 0.694, "Actual Min Total Time": 0.694, "Actual Max Total Time": 0.694, "Actual Total Rows": 3981, "Index Cond": "(s_nationkey = nation.n_nationkey)"}]}]}]}]}]}]}, {"Node Type": "Index Scan", "Parent Relationship": "Inner", "Scan Direction": "Forward", "Index Name": "idx_lineitem_orderkey", "Relation Name": "lineitem", "Alias": "l3", "Startup Cost": 0.0, "Total Cost": 1.63, "Plan Rows": 3, "Plan Width": 16, "Actual Min Startup Time": 9467.156, "Actual Max Startup Time": 9467.156, "Actual Min Total Time": 9467.156, "Actual Max Total Time": 9467.156, "Actual Total Rows": 1375914, "Index Cond": "(l_orderkey = l1.l_orderkey)", "Rows Removed by Index Recheck": 0, "Filter": "((l_receiptdate > l_commitdate) AND (l_suppkey <> l1.l_suppkey))", "Rows Removed by Filter": 1348115}]}, {"Node Type": "Index Scan", "Parent Relationship": "Inner", "Scan Direction": "Forward", "Index Name": "idx_lineitem_orderkey", "Relation Name": "lineitem", "Alias": "l2", "Startup Cost": 0.0, "Total Cost": 1.63, "Plan Rows": 9, "Plan Width": 16, "Actual Min Startup Time": 498.704, "Actual Max Startup Time": 498.704, "Actual Min Total Time": 498.704, "Actual Max Total Time": 498.704, "Actual Total Rows": 80537, "Index Cond": "(l_orderkey = l1.l_orderkey)", "Rows Removed by Index Recheck": 0, "Filter": "(l_suppkey <> l1.l_suppkey)", "Rows Removed by Filter": 85912}]}, {"Node Type": "Index Scan", "Parent Relationship": "Inner", "Scan Direction": "Forward", "Index Name": "orders_pkey", "Relation Name": "orders", "Alias": "orders", "Startup Cost": 0.0, "Total Cost": 0.97, "Plan Rows": 1, "Plan Width": 8, "Actual Min Startup Time": 517.398, "Actual Max Startup Time": 517.398, "Actual Min Total Time": 517.398, "Actual Max Total Time": 517.398, "Actual Total Rows": 39445, "Index Cond": "(o_orderkey = l2.l_orderkey)", "Rows Removed by Index Recheck": 0, "Filter": "(o_orderstatus = 'F'::bpchar)", "Rows Removed by Filter": 41092}]}]}]}]}, "Triggers": [], "Planner Runtime": 15.081, "Total Runtime": 12890.496, "Unique SQL Id": 3870093320}}, "(64, 5)": {"explain_plan": {"Plan": {"Node Type": "Limit", "Startup Cost": 2846852.7, "Total Cost": 2846852.95, "Plan Rows": 100, "Plan Width": 34, "Plans": [{"Node Type": "Sort", "Parent Relationship": "Outer", "Startup Cost": 2846852.7, "Total Cost": 2846875.63, "Plan Rows": 100, "Plan Width": 34, "Sort Key": ["(count(*)) DESC", "supplier.s_name"], "Plans": [{"Node Type": "Aggregate", "Strategy": "Hashed", "Parent Relationship": "Outer", "Startup Cost": 2846410.43, "Total Cost": 2846502.15, "Plan Rows": 9172, "Plan Width": 34, "Group By Key": ["supplier.s_name"], "Plans": [{"Node Type": "Nested Loop", "Parent Relationship": "Outer", "Join Type": "Inner", "Startup Cost": 70875.98, "Total Cost": 2846364.57, "Plan Rows": 9172, "Plan Width": 26, "Inner Unique": true, "Join Filter": "(l1.l_orderkey = orders.o_orderkey)", "Plans": [{"Node Type": "Nested Loop", "Parent Relationship": "Outer", "Join Type": "Semi", "Startup Cost": 70875.98, "Total Cost": 2839264.2, "Plan Rows": 7254, "Plan Width": 42, "Inner Unique": false, "Plans": [{"Node Type": "Nested Loop", "Parent Relationship": "Outer", "Join Type": "Anti", "Startup Cost": 70875.98, "Total Cost": 2837408.63, "Plan Rows": 7635, "Plan Width": 42, "Inner Unique": false, "Plans": [{"Node Type": "Streaming(type: LOCAL GATHER dop: 1/64)", "Parent Relationship": "Outer", "Startup Cost": 70875.98, "Total Cost": 2790221.42, "Plan Rows": 152707, "Plan Width": 42, "Plans": [{"Node Type": "Hash Join", "Parent Relationship": "Outer", "Join Type": "Inner", "Startup Cost": 70875.98, "Total Cost": 2787071.09, "Plan Rows": 152707, "Plan Width": 42, "Inner Unique": false, "Hash Cond": "(l1.l_suppkey = supplier.s_suppkey), (LLVM Optimized)", "Plans": [{"Node Type": "Index Scan", "Parent Relationship": "Outer", "Scan Direction": "Forward", "Index Name": "idx_lineitem_orderkey", "Relation Name": "lineitem", "Alias": "l1", "Startup Cost": 0.0, "Total Cost": 2714999.63, "Plan Rows": 19995678, "Plan Width": 16, "Filter": "(l_receiptdate > l_commitdate), (LLVM Optimized)"}, {"Node Type": "Hash", "Parent Relationship": "Inner", "Startup Cost": 70825.98, "Total Cost": 70825.98, "Plan Rows": 256000, "Plan Width": 34, "Plans": [{"Node Type": "Streaming(type: BROADCAST dop: 64/1)", "Parent Relationship": "Outer", "Startup Cost": 95.25, "Total Cost": 70825.98, "Plan Rows": 256000, "Plan Width": 34, "Plans": [{"Node Type": "Nested Loop", "Parent Relationship": "Outer", "Join Type": "Inner", "Startup Cost": 95.25, "Total Cost": 2544.73, "Plan Rows": 4000, "Plan Width": 34, "Inner Unique": false, "Plans": [{"Node Type": "Index Scan", "Parent Relationship": "Outer", "Scan Direction": "Forward", "Index Name": "nation_pkey", "Relation Name": "nation", "Alias": "nation", "Startup Cost": 0.0, "Total Cost": 12.69, "Plan Rows": 1, "Plan Width": 4, "Filter": "(n_name = 'EGYPT'::bpchar)"}, {"Node Type": "Bitmap Heap Scan", "Parent Relationship": "Inner", "Relation Name": "supplier", "Alias": "supplier", "Startup Cost": 95.25, "Total Cost": 2492.04, "Plan Rows": 4000, "Plan Width": 38, "Recheck Cond": "(s_nationkey = nation.n_nationkey)", "Plans": [{"Node Type": "Bitmap Index Scan", "Parent Relationship": "Outer", "Index Name": "idx_supplier_nation_key", "Startup Cost": 0.0, "Total Cost": 94.25, "Plan Rows": 4000, "Plan Width": 0, "Index Cond": "(s_nationkey = nation.n_nationkey)"}]}]}]}]}]}]}, {"Node Type": "Index Scan", "Parent Relationship": "Inner", "Scan Direction": "Forward", "Index Name": "idx_lineitem_orderkey", "Relation Name": "lineitem", "Alias": "l3", "Startup Cost": 0.0, "Total Cost": 1.63, "Plan Rows": 3, "Plan Width": 16, "Index Cond": "(l_orderkey = l1.l_orderkey)", "Filter": "((l_receiptdate > l_commitdate) AND (l_suppkey <> l1.l_suppkey))"}]}, {"Node Type": "Index Scan", "Parent Relationship": "Inner", "Scan Direction": "Forward", "Index Name": "idx_lineitem_orderkey", "Relation Name": "lineitem", "Alias": "l2", "Startup Cost": 0.0, "Total Cost": 1.63, "Plan Rows": 9, "Plan Width": 16, "Index Cond": "(l_orderkey = l1.l_orderkey)", "Filter": "(l_suppkey <> l1.l_suppkey)"}]}, {"Node Type": "Index Scan", "Parent Relationship": "Inner", "Scan Direction": "Forward", "Index Name": "orders_pkey", "Relation Name": "orders", "Alias": "orders", "Startup Cost": 0.0, "Total Cost": 0.97, "Plan Rows": 1, "Plan Width": 8, "Index Cond": "(o_orderkey = l2.l_orderkey)", "Filter": "(o_orderstatus = 'F'::bpchar)"}]}]}]}]}, "Unique SQL Id": 3870093320}, "explain_analyze_plan": {"Plan": {"Node Type": "Limit", "Startup Cost": 2846852.7, "Total Cost": 2846852.95, "Plan Rows": 100, "Plan Width": 34, "Actual Min Startup Time": 14119.717, "Actual Max Startup Time": 14119.717, "Actual Min Total Time": 14119.737, "Actual Max Total Time": 14119.737, "Actual Total Rows": 100, "Plans": [{"Node Type": "Sort", "Parent Relationship": "Outer", "Startup Cost": 2846852.7, "Total Cost": 2846875.63, "Plan Rows": 100, "Plan Width": 34, "Actual Min Startup Time": 14119.713, "Actual Max Startup Time": 14119.713, "Actual Min Total Time": 14119.719, "Actual Max Total Time": 14119.719, "Actual Total Rows": 100, "Sort Key": ["(count(*)) DESC", "supplier.s_name"], "Sort Method": "top-N heapsort", "Sort Space Min Used": 41, "Sort Space Max Used": 41, "Sort Space Type": "Memory", "Plans": [{"Node Type": "Aggregate", "Strategy": "Hashed", "Parent Relationship": "Outer", "Startup Cost": 2846410.43, "Total Cost": 2846502.15, "Plan Rows": 9172, "Plan Width": 34, "Actual Min Startup Time": 14116.34, "Actual Max Startup Time": 14116.34, "Actual Min Total Time": 14117.647, "Actual Max Total Time": 14117.647, "Actual Total Rows": 3981, "Group By Key": ["supplier.s_name"], "Plans": [{"Node Type": "Nested Loop", "Parent Relationship": "Outer", "Join Type": "Inner", "Startup Cost": 70875.98, "Total Cost": 2846364.57, "Plan Rows": 9172, "Plan Width": 26, "Actual Min Startup Time": 815.129, "Actual Max Startup Time": 815.129, "Actual Min Total Time": 14059.159, "Actual Max Total Time": 14059.159, "Actual Total Rows": 39445, "Inner Unique": true, "Join Filter": "(l1.l_orderkey = orders.o_orderkey)", "Rows Removed by Join Filter": 0, "Plans": [{"Node Type": "Nested Loop", "Parent Relationship": "Outer", "Join Type": "Semi", "Startup Cost": 70875.98, "Total Cost": 2839264.2, "Plan Rows": 7254, "Plan Width": 42, "Actual Min Startup Time": 815.101, "Actual Max Startup Time": 815.101, "Actual Min Total Time": 13358.527, "Actual Max Total Time": 13358.527, "Actual Total Rows": 80537, "Inner Unique": false, "Plans": [{"Node Type": "Nested Loop", "Parent Relationship": "Outer", "Join Type": "Anti", "Startup Cost": 70875.98, "Total Cost": 2837408.63, "Plan Rows": 7635, "Plan Width": 42, "Actual Min Startup Time": 815.089, "Actual Max Startup Time": 815.089, "Actual Min Total Time": 12762.463, "Actual Max Total Time": 12762.463, "Actual Total Rows": 135110, "Inner Unique": false, "Plans": [{"Node Type": "Streaming(type: LOCAL GATHER dop: 1/64)", "Parent Relationship": "Outer", "Startup Cost": 70875.98, "Total Cost": 2790221.42, "Plan Rows": 152707, "Plan Width": 42, "Actual Min Startup Time": 814.659, "Actual Max Startup Time": 814.659, "Actual Min Total Time": 1782.848, "Actual Max Total Time": 1782.848, "Actual Total Rows": 1511024, "Plans": [{"Node Type": "Hash Join", "Parent Relationship": "Outer", "Join Type": "Inner", "Startup Cost": 70875.98, "Total Cost": 2787071.09, "Plan Rows": 152707, "Plan Width": 42, "Actual Min Startup Time": 598.254, "Actual Max Startup Time": 727.718, "Actual Min Total Time": 1399.128, "Actual Max Total Time": 1628.166, "Actual Total Rows": 1511024, "Inner Unique": false, "Hash Cond": "(l1.l_suppkey = supplier.s_suppkey), (LLVM Optimized, Jit Execute)", "Plans": [{"Node Type": "Index Scan", "Parent Relationship": "Outer", "Scan Direction": "Forward", "Index Name": "idx_lineitem_orderkey", "Relation Name": "lineitem", "Alias": "l1", "Startup Cost": 0.0, "Total Cost": 2714999.63, "Plan Rows": 19995678, "Plan Width": 16, "Actual Min Startup Time": 471.178, "Actual Max Startup Time": 471.721, "Actual Min Total Time": 1129.758, "Actual Max Total Time": 1291.227, "Actual Total Rows": 37929348, "Filter": "(l_receiptdate > l_commitdate), (LLVM Optimized, Jit Execute)", "Rows Removed by Filter": 22056704}, {"Node Type": "Hash", "Parent Relationship": "Inner", "Startup Cost": 70825.98, "Total Cost": 70825.98, "Plan Rows": 256000, "Plan Width": 34, "Actual Min Startup Time": 126.512, "Actual Max Startup Time": 256.207, "Actual Min Total Time": 126.512, "Actual Max Total Time": 256.207, "Actual Total Rows": 254784, "Max Hash Buckets": 32768, "Min Hash Buckets": 32768, "Max Hash Batches": 1, "Min Hash Batches": 1, "Max Original Hash Batches": 1, "Min Original Hash Batches": 1, "Max Peak Memory Usage": 280, "min Peak Memory Usage": 280, "Plans": [{"Node Type": "Streaming(type: BROADCAST dop: 64/1)", "Parent Relationship": "Outer", "Startup Cost": 95.25, "Total Cost": 70825.98, "Plan Rows": 256000, "Plan Width": 34, "Actual Min Startup Time": 0.026, "Actual Max Startup Time": 3.984, "Actual Min Total Time": 125.506, "Actual Max Total Time": 255.076, "Actual Total Rows": 254784, "Plans": [{"Node Type": "Nested Loop", "Parent Relationship": "Outer", "Join Type": "Inner", "Startup Cost": 95.25, "Total Cost": 2544.73, "Plan Rows": 4000, "Plan Width": 34, "Actual Min Startup Time": 1.031, "Actual Max Startup Time": 1.031, "Actual Min Total Time": 7.098, "Actual Max Total Time": 7.098, "Actual Total Rows": 3981, "Inner Unique": false, "Plans": [{"Node Type": "Index Scan", "Parent Relationship": "Outer", "Scan Direction": "Forward", "Index Name": "nation_pkey", "Relation Name": "nation", "Alias": "nation", "Startup Cost": 0.0, "Total Cost": 12.69, "Plan Rows": 1, "Plan Width": 4, "Actual Min Startup Time": 0.048, "Actual Max Startup Time": 0.048, "Actual Min Total Time": 0.079, "Actual Max Total Time": 0.079, "Actual Total Rows": 1, "Filter": "(n_name = 'EGYPT'::bpchar)", "Rows Removed by Filter": 24}, {"Node Type": "Bitmap Heap Scan", "Parent Relationship": "Inner", "Relation Name": "supplier", "Alias": "supplier", "Startup Cost": 95.25, "Total Cost": 2492.04, "Plan Rows": 4000, "Plan Width": 38, "Actual Min Startup Time": 0.971, "Actual Max Startup Time": 0.971, "Actual Min Total Time": 6.221, "Actual Max Total Time": 6.221, "Actual Total Rows": 3981, "Recheck Cond": "(s_nationkey = nation.n_nationkey)", "Rows Removed by Index Recheck": 0, "Exact Heap Blocks": 0, "Lossy Heap Blocks": 0, "Plans": [{"Node Type": "Bitmap Index Scan", "Parent Relationship": "Outer", "Index Name": "idx_supplier_nation_key", "Startup Cost": 0.0, "Total Cost": 94.25, "Plan Rows": 4000, "Plan Width": 0, "Actual Min Startup Time": 0.671, "Actual Max Startup Time": 0.671, "Actual Min Total Time": 0.671, "Actual Max Total Time": 0.671, "Actual Total Rows": 3981, "Index Cond": "(s_nationkey = nation.n_nationkey)"}]}]}]}]}]}]}, {"Node Type": "Index Scan", "Parent Relationship": "Inner", "Scan Direction": "Forward", "Index Name": "idx_lineitem_orderkey", "Relation Name": "lineitem", "Alias": "l3", "Startup Cost": 0.0, "Total Cost": 1.63, "Plan Rows": 3, "Plan Width": 16, "Actual Min Startup Time": 9956.083, "Actual Max Startup Time": 9956.083, "Actual Min Total Time": 9956.083, "Actual Max Total Time": 9956.083, "Actual Total Rows": 1375914, "Index Cond": "(l_orderkey = l1.l_orderkey)", "Rows Removed by Index Recheck": 0, "Filter": "((l_receiptdate > l_commitdate) AND (l_suppkey <> l1.l_suppkey))", "Rows Removed by Filter": 1348115}]}, {"Node Type": "Index Scan", "Parent Relationship": "Inner", "Scan Direction": "Forward", "Index Name": "idx_lineitem_orderkey", "Relation Name": "lineitem", "Alias": "l2", "Startup Cost": 0.0, "Total Cost": 1.63, "Plan Rows": 9, "Plan Width": 16, "Actual Min Startup Time": 497.47, "Actual Max Startup Time": 497.47, "Actual Min Total Time": 497.47, "Actual Max Total Time": 497.47, "Actual Total Rows": 80537, "Index Cond": "(l_orderkey = l1.l_orderkey)", "Rows Removed by Index Recheck": 0, "Filter": "(l_suppkey <> l1.l_suppkey)", "Rows Removed by Filter": 85912}]}, {"Node Type": "Index Scan", "Parent Relationship": "Inner", "Scan Direction": "Forward", "Index Name": "orders_pkey", "Relation Name": "orders", "Alias": "orders", "Startup Cost": 0.0, "Total Cost": 0.97, "Plan Rows": 1, "Plan Width": 8, "Actual Min Startup Time": 630.576, "Actual Max Startup Time": 630.576, "Actual Min Total Time": 630.576, "Actual Max Total Time": 630.576, "Actual Total Rows": 39445, "Index Cond": "(o_orderkey = l2.l_orderkey)", "Rows Removed by Index Recheck": 0, "Filter": "(o_orderstatus = 'F'::bpchar)", "Rows Removed by Filter": 41092}]}]}]}]}, "Triggers": [], "Planner Runtime": 13.163, "Total Runtime": 14143.047, "Unique SQL Id": 3870093320}}, "(64, 6)": {"explain_plan": {"Plan": {"Node Type": "Limit", "Startup Cost": 439387.85, "Total Cost": 439388.1, "Plan Rows": 100, "Plan Width": 34, "Plans": [{"Node Type": "Sort", "Parent Relationship": "Outer", "Startup Cost": 439387.85, "Total Cost": 439410.78, "Plan Rows": 100, "Plan Width": 34, "Sort Key": ["(count(*)) DESC", "supplier.s_name"], "Plans": [{"Node Type": "Aggregate", "Strategy": "Hashed", "Parent Relationship": "Outer", "Startup Cost": 438945.58, "Total Cost": 439037.3, "Plan Rows": 9172, "Plan Width": 34, "Group By Key": ["supplier.s_name"], "Plans": [{"Node Type": "Nested Loop", "Parent Relationship": "Outer", "Join Type": "Inner", "Startup Cost": 183360.81, "Total Cost": 438899.72, "Plan Rows": 9172, "Plan Width": 26, "Inner Unique": true, "Join Filter": "(l1.l_orderkey = orders.o_orderkey)", "Plans": [{"Node Type": "Nested Loop", "Parent Relationship": "Outer", "Join Type": "Semi", "Startup Cost": 183360.21, "Total Cost": 405338.96, "Plan Rows": 7254, "Plan Width": 42, "Inner Unique": false, "Plans": [{"Node Type": "Hash Join", "Parent Relationship": "Outer", "Join Type": "Inner", "Startup Cost": 183359.38, "Total Cost": 390160.41, "Plan Rows": 7635, "Plan Width": 42, "Inner Unique": false, "Hash Cond": "(l1.l_suppkey = supplier.s_suppkey)", "Plans": [{"Node Type": "Streaming(type: LOCAL GATHER dop: 1/64)", "Parent Relationship": "Outer", "Startup Cost": 182676.04, "Total Cost": 385647.51, "Plan Rows": 999784, "Plan Width": 16, "Plans": [{"Node Type": "Hash Join", "Parent Relationship": "Outer", "Join Type": "Anti", "Startup Cost": 182676.04, "Total Cost": 365022.08, "Plan Rows": 999784, "Plan Width": 16, "Inner Unique": false, "Hash Cond": "(l1.l_orderkey = l3.l_orderkey), (LLVM Optimized)", "Join Filter": "(l3.l_suppkey <> l1.l_suppkey), (LLVM Optimized)", "Plans": [{"Node Type": "Streaming(type: LOCAL REDISTRIBUTE dop: 64/64)", "Parent Relationship": "Outer", "Startup Cost": 0.0, "Total Cost": 178770.64, "Plan Rows": 19995678, "Plan Width": 16, "Plans": [{"Node Type": "Seq Scan", "Parent Relationship": "Outer", "Relation Name": "lineitem", "Alias": "l1", "Startup Cost": 0.0, "Total Cost": 96829.42, "Plan Rows": 19995678, "Plan Width": 16, "Filter": "(l_receiptdate > l_commitdate), (LLVM Optimized)"}]}, {"Node Type": "Hash", "Parent Relationship": "Inner", "Startup Cost": 178770.64, "Total Cost": 178770.64, "Plan Rows": 19995678, "Plan Width": 16, "Plans": [{"Node Type": "Streaming(type: LOCAL REDISTRIBUTE dop: 64/64)", "Parent Relationship": "Outer", "Startup Cost": 0.0, "Total Cost": 178770.64, "Plan Rows": 19995678, "Plan Width": 16, "Plans": [{"Node Type": "Seq Scan", "Parent Relationship": "Outer", "Relation Name": "lineitem", "Alias": "l3", "Startup Cost": 0.0, "Total Cost": 96829.42, "Plan Rows": 19995678, "Plan Width": 16, "Filter": "(l_receiptdate > l_commitdate), (LLVM Optimized)"}]}]}]}]}, {"Node Type": "Hash", "Parent Relationship": "Inner", "Startup Cost": 2533.35, "Total Cost": 2533.35, "Plan Rows": 4000, "Plan Width": 34, "Plans": [{"Node Type": "Nested Loop", "Parent Relationship": "Outer", "Join Type": "Inner", "Startup Cost": 95.25, "Total Cost": 2533.35, "Plan Rows": 4000, "Plan Width": 34, "Inner Unique": false, "Plans": [{"Node Type": "Seq Scan", "Parent Relationship": "Outer", "Relation Name": "nation", "Alias": "nation", "Startup Cost": 0.0, "Total Cost": 1.31, "Plan Rows": 1, "Plan Width": 4, "Filter": "(n_name = 'EGYPT'::bpchar)"}, {"Node Type": "Bitmap Heap Scan", "Parent Relationship": "Inner", "Relation Name": "supplier", "Alias": "supplier", "Startup Cost": 95.25, "Total Cost": 2492.04, "Plan Rows": 4000, "Plan Width": 38, "Recheck Cond": "(s_nationkey = nation.n_nationkey)", "Plans": [{"Node Type": "Bitmap Index Scan", "Parent Relationship": "Outer", "Index Name": "idx_supplier_nation_key", "Startup Cost": 0.0, "Total Cost": 94.25, "Plan Rows": 4000, "Plan Width": 0, "Index Cond": "(s_nationkey = nation.n_nationkey)"}]}]}]}]}, {"Node Type": "Bitmap Heap Scan", "Parent Relationship": "Inner", "Relation Name": "lineitem", "Alias": "l2", "Startup Cost": 0.82, "Total Cost": 8.95, "Plan Rows": 9, "Plan Width": 16, "Recheck Cond": "(l_orderkey = l1.l_orderkey)", "Filter": "(l_suppkey <> l1.l_suppkey)", "Plans": [{"Node Type": "Bitmap Index Scan", "Parent Relationship": "Outer", "Index Name": "idx_lineitem_orderkey", "Startup Cost": 0.0, "Total Cost": 0.82, "Plan Rows": 9, "Plan Width": 0, "Index Cond": "(l_orderkey = l1.l_orderkey)"}]}]}, {"Node Type": "Bitmap Heap Scan", "Parent Relationship": "Inner", "Relation Name": "orders", "Alias": "orders", "Startup Cost": 0.6, "Total Cost": 4.61, "Plan Rows": 1, "Plan Width": 8, "Recheck Cond": "(o_orderkey = l2.l_orderkey)", "Filter": "(o_orderstatus = 'F'::bpchar)", "Plans": [{"Node Type": "Bitmap Index Scan", "Parent Relationship": "Outer", "Index Name": "orders_pkey", "Startup Cost": 0.0, "Total Cost": 0.6, "Plan Rows": 1, "Plan Width": 0, "Index Cond": "(o_orderkey = l2.l_orderkey)"}]}]}]}]}]}, "Unique SQL Id": 3870093320}, "explain_analyze_plan": {"Plan": {"Node Type": "Limit", "Startup Cost": 439387.85, "Total Cost": 439388.1, "Plan Rows": 100, "Plan Width": 34, "Actual Min Startup Time": 6805.192, "Actual Max Startup Time": 6805.192, "Actual Min Total Time": 6805.211, "Actual Max Total Time": 6805.211, "Actual Total Rows": 100, "Plans": [{"Node Type": "Sort", "Parent Relationship": "Outer", "Startup Cost": 439387.85, "Total Cost": 439410.78, "Plan Rows": 100, "Plan Width": 34, "Actual Min Startup Time": 6805.189, "Actual Max Startup Time": 6805.189, "Actual Min Total Time": 6805.197, "Actual Max Total Time": 6805.197, "Actual Total Rows": 100, "Sort Key": ["(count(*)) DESC", "supplier.s_name"], "Sort Method": "top-N heapsort", "Sort Space Min Used": 41, "Sort Space Max Used": 41, "Sort Space Type": "Memory", "Plans": [{"Node Type": "Aggregate", "Strategy": "Hashed", "Parent Relationship": "Outer", "Startup Cost": 438945.58, "Total Cost": 439037.3, "Plan Rows": 9172, "Plan Width": 34, "Actual Min Startup Time": 6801.849, "Actual Max Startup Time": 6801.849, "Actual Min Total Time": 6803.071, "Actual Max Total Time": 6803.071, "Actual Total Rows": 3981, "Group By Key": ["supplier.s_name"], "Plans": [{"Node Type": "Nested Loop", "Parent Relationship": "Outer", "Join Type": "Inner", "Startup Cost": 183360.81, "Total Cost": 438899.72, "Plan Rows": 9172, "Plan Width": 26, "Actual Min Startup Time": 2335.66, "Actual Max Startup Time": 2335.66, "Actual Min Total Time": 6750.185, "Actual Max Total Time": 6750.185, "Actual Total Rows": 39445, "Inner Unique": true, "Join Filter": "(l1.l_orderkey = orders.o_orderkey)", "Rows Removed by Join Filter": 0, "Plans": [{"Node Type": "Nested Loop", "Parent Relationship": "Outer", "Join Type": "Semi", "Startup Cost": 183360.21, "Total Cost": 405338.96, "Plan Rows": 7254, "Plan Width": 42, "Actual Min Startup Time": 2335.626, "Actual Max Startup Time": 2335.626, "Actual Min Total Time": 5990.539, "Actual Max Total Time": 5990.539, "Actual Total Rows": 80537, "Inner Unique": false, "Plans": [{"Node Type": "Hash Join", "Parent Relationship": "Outer", "Join Type": "Inner", "Startup Cost": 183359.38, "Total Cost": 390160.41, "Plan Rows": 7635, "Plan Width": 42, "Actual Min Startup Time": 2335.536, "Actual Max Startup Time": 2335.536, "Actual Min Total Time": 4375.103, "Actual Max Total Time": 4375.103, "Actual Total Rows": 135110, "Inner Unique": false, "Hash Cond": "(l1.l_suppkey = supplier.s_suppkey)", "Plans": [{"Node Type": "Streaming(type: LOCAL GATHER dop: 1/64)", "Parent Relationship": "Outer", "Startup Cost": 182676.04, "Total Cost": 385647.51, "Plan Rows": 999784, "Plan Width": 16, "Actual Min Startup Time": 2327.148, "Actual Max Startup Time": 2327.148, "Actual Min Total Time": 3628.242, "Actual Max Total Time": 3628.242, "Actual Total Rows": 3372284, "Plans": [{"Node Type": "Hash Join", "Parent Relationship": "Outer", "Join Type": "Anti", "Startup Cost": 182676.04, "Total Cost": 365022.08, "Plan Rows": 999784, "Plan Width": 16, "Actual Min Startup Time": 1871.399, "Actual Max Startup Time": 2172.815, "Actual Min Total Time": 4997.074, "Actual Max Total Time": 5364.352, "Actual Total Rows": 3372284, "Inner Unique": false, "Hash Cond": "(l1.l_orderkey = l3.l_orderkey), (LLVM Optimized, Jit Execute)", "Join Filter": "(l3.l_suppkey <> l1.l_suppkey), (LLVM Optimized, Jit Execute)", "Rows Removed by Join Filter": 13753927, "Plans": [{"Node Type": "Streaming(type: LOCAL REDISTRIBUTE dop: 64/64)", "Parent Relationship": "Outer", "Startup Cost": 0.0, "Total Cost": 178770.64, "Plan Rows": 19995678, "Plan Width": 16, "Actual Min Startup Time": 0.187, "Actual Max Startup Time": 2.117, "Actual Min Total Time": 2743.561, "Actual Max Total Time": 3006.219, "Actual Total Rows": 37929348, "Plans": [{"Node Type": "Seq Scan", "Parent Relationship": "Outer", "Relation Name": "lineitem", "Alias": "l1", "Startup Cost": 0.0, "Total Cost": 96829.42, "Plan Rows": 19995678, "Plan Width": 16, "Actual Min Startup Time": 0.022, "Actual Max Startup Time": 0.06, "Actual Min Total Time": 431.074, "Actual Max Total Time": 522.621, "Actual Total Rows": 37929348, "Filter": "(l_receiptdate > l_commitdate), (LLVM Optimized, Jit Execute)", "Rows Removed by Filter": 22056704}]}, {"Node Type": "Hash", "Parent Relationship": "Inner", "Startup Cost": 178770.64, "Total Cost": 178770.64, "Plan Rows": 19995678, "Plan Width": 16, "Actual Min Startup Time": 1870.6, "Actual Max Startup Time": 2170.353, "Actual Min Total Time": 1870.6, "Actual Max Total Time": 2170.353, "Actual Total Rows": 37929348, "Max Hash Buckets": 524288, "Min Hash Buckets": 524288, "Max Hash Batches": 1, "Min Hash Batches": 1, "Max Original Hash Batches": 1, "Min Original Hash Batches": 1, "Max Peak Memory Usage": 27746, "min Peak Memory Usage": 27746, "Plans": [{"Node Type": "Streaming(type: LOCAL REDISTRIBUTE dop: 64/64)", "Parent Relationship": "Outer", "Startup Cost": 0.0, "Total Cost": 178770.64, "Plan Rows": 19995678, "Plan Width": 16, "Actual Min Startup Time": 0.107, "Actual Max Startup Time": 283.799, "Actual Min Total Time": 1596.76, "Actual Max Total Time": 1956.811, "Actual Total Rows": 37929348, "Plans": [{"Node Type": "Seq Scan", "Parent Relationship": "Outer", "Relation Name": "lineitem", "Alias": "l3", "Startup Cost": 0.0, "Total Cost": 96829.42, "Plan Rows": 19995678, "Plan Width": 16, "Actual Min Startup Time": 0.022, "Actual Max Startup Time": 0.05, "Actual Min Total Time": 453.051, "Actual Max Total Time": 583.951, "Actual Total Rows": 37929348, "Filter": "(l_receiptdate > l_commitdate), (LLVM Optimized, Jit Execute)", "Rows Removed by Filter": 22056704}]}]}]}]}, {"Node Type": "Hash", "Parent Relationship": "Inner", "Startup Cost": 2533.35, "Total Cost": 2533.35, "Plan Rows": 4000, "Plan Width": 34, "Actual Min Startup Time": 8.315, "Actual Max Startup Time": 8.315, "Actual Min Total Time": 8.315, "Actual Max Total Time": 8.315, "Actual Total Rows": 3981, "Max Hash Buckets": 32768, "Min Hash Buckets": 32768, "Max Hash Batches": 1, "Min Hash Batches": 1, "Max Original Hash Batches": 1, "Min Original Hash Batches": 1, "Max Peak Memory Usage": 280, "min Peak Memory Usage": 280, "Plans": [{"Node Type": "Nested Loop", "Parent Relationship": "Outer", "Join Type": "Inner", "Startup Cost": 95.25, "Total Cost": 2533.35, "Plan Rows": 4000, "Plan Width": 34, "Actual Min Startup Time": 1.141, "Actual Max Startup Time": 1.141, "Actual Min Total Time": 6.835, "Actual Max Total Time": 6.835, "Actual Total Rows": 3981, "Inner Unique": false, "Plans": [{"Node Type": "Seq Scan", "Parent Relationship": "Outer", "Relation Name": "nation", "Alias": "nation", "Startup Cost": 0.0, "Total Cost": 1.31, "Plan Rows": 1, "Plan Width": 4, "Actual Min Startup Time": 0.057, "Actual Max Startup Time": 0.057, "Actual Min Total Time": 0.072, "Actual Max Total Time": 0.072, "Actual Total Rows": 1, "Filter": "(n_name = 'EGYPT'::bpchar)", "Rows Removed by Filter": 24}, {"Node Type": "Bitmap Heap Scan", "Parent Relationship": "Inner", "Relation Name": "supplier", "Alias": "supplier", "Startup Cost": 95.25, "Total Cost": 2492.04, "Plan Rows": 4000, "Plan Width": 38, "Actual Min Startup Time": 1.065, "Actual Max Startup Time": 1.065, "Actual Min Total Time": 5.925, "Actual Max Total Time": 5.925, "Actual Total Rows": 3981, "Recheck Cond": "(s_nationkey = nation.n_nationkey)", "Rows Removed by Index Recheck": 0, "Exact Heap Blocks": 1918, "Lossy Heap Blocks": 1918, "Plans": [{"Node Type": "Bitmap Index Scan", "Parent Relationship": "Outer", "Index Name": "idx_supplier_nation_key", "Startup Cost": 0.0, "Total Cost": 94.25, "Plan Rows": 4000, "Plan Width": 0, "Actual Min Startup Time": 0.751, "Actual Max Startup Time": 0.751, "Actual Min Total Time": 0.751, "Actual Max Total Time": 0.751, "Actual Total Rows": 3981, "Index Cond": "(s_nationkey = nation.n_nationkey)"}]}]}]}]}, {"Node Type": "Bitmap Heap Scan", "Parent Relationship": "Inner", "Relation Name": "lineitem", "Alias": "l2", "Startup Cost": 0.82, "Total Cost": 8.95, "Plan Rows": 9, "Plan Width": 16, "Actual Min Startup Time": 1418.438, "Actual Max Startup Time": 1418.438, "Actual Min Total Time": 1418.438, "Actual Max Total Time": 1418.438, "Actual Total Rows": 80537, "Recheck Cond": "(l_orderkey = l1.l_orderkey)", "Rows Removed by Index Recheck": 0, "Filter": "(l_suppkey <> l1.l_suppkey)", "Rows Removed by Filter": 85912, "Exact Heap Blocks": 135868, "Lossy Heap Blocks": 135868, "Plans": [{"Node Type": "Bitmap Index Scan", "Parent Relationship": "Outer", "Index Name": "idx_lineitem_orderkey", "Startup Cost": 0.0, "Total Cost": 0.82, "Plan Rows": 9, "Plan Width": 0, "Actual Min Startup Time": 846.578, "Actual Max Startup Time": 846.578, "Actual Min Total Time": 846.578, "Actual Max Total Time": 846.578, "Actual Total Rows": 287712, "Index Cond": "(l_orderkey = l1.l_orderkey)"}]}]}, {"Node Type": "Bitmap Heap Scan", "Parent Relationship": "Inner", "Relation Name": "orders", "Alias": "orders", "Startup Cost": 0.6, "Total Cost": 4.61, "Plan Rows": 1, "Plan Width": 8, "Actual Min Startup Time": 649.326, "Actual Max Startup Time": 649.326, "Actual Min Total Time": 649.326, "Actual Max Total Time": 649.326, "Actual Total Rows": 39445, "Recheck Cond": "(o_orderkey = l2.l_orderkey)", "Rows Removed by Index Recheck": 0, "Filter": "(o_orderstatus = 'F'::bpchar)", "Rows Removed by Filter": 41092, "Exact Heap Blocks": 80537, "Lossy Heap Blocks": 80537, "Plans": [{"Node Type": "Bitmap Index Scan", "Parent Relationship": "Outer", "Index Name": "orders_pkey", "Startup Cost": 0.0, "Total Cost": 0.6, "Plan Rows": 1, "Plan Width": 0, "Actual Min Startup Time": 405.033, "Actual Max Startup Time": 405.033, "Actual Min Total Time": 405.033, "Actual Max Total Time": 405.033, "Actual Total Rows": 80537, "Index Cond": "(o_orderkey = l2.l_orderkey)"}]}]}]}]}]}, "Triggers": [], "Planner Runtime": 19.277, "Total Runtime": 6865.707, "Unique SQL Id": 3870093320}}, "(64, 7)": {"explain_plan": {"Plan": {"Node Type": "Limit", "Startup Cost": 3882163.35, "Total Cost": 3882163.6, "Plan Rows": 100, "Plan Width": 34, "Plans": [{"Node Type": "Sort", "Parent Relationship": "Outer", "Startup Cost": 3882163.35, "Total Cost": 3882186.28, "Plan Rows": 100, "Plan Width": 34, "Sort Key": ["(count(*)) DESC", "supplier.s_name"], "Plans": [{"Node Type": "Aggregate", "Strategy": "Hashed", "Parent Relationship": "Outer", "Startup Cost": 3881721.08, "Total Cost": 3881812.8, "Plan Rows": 9172, "Plan Width": 34, "Group By Key": ["supplier.s_name"], "Plans": [{"Node Type": "Nested Loop", "Parent Relationship": "Outer", "Join Type": "Inner", "Startup Cost": 1232631.31, "Total Cost": 3881675.22, "Plan Rows": 9172, "Plan Width": 26, "Inner Unique": true, "Join Filter": "(l1.l_orderkey = orders.o_orderkey)", "Plans": [{"Node Type": "Nested Loop", "Parent Relationship": "Outer", "Join Type": "Semi", "Startup Cost": 1232630.71, "Total Cost": 3848114.46, "Plan Rows": 7254, "Plan Width": 42, "Inner Unique": false, "Plans": [{"Node Type": "Nested Loop", "Parent Relationship": "Outer", "Join Type": "Anti", "Startup Cost": 1232629.88, "Total Cost": 3832935.91, "Plan Rows": 7635, "Plan Width": 42, "Inner Unique": false, "Plans": [{"Node Type": "Hash Join", "Parent Relationship": "Outer", "Join Type": "Inner", "Startup Cost": 1232629.06, "Total Cost": 3474222.84, "Plan Rows": 152707, "Plan Width": 42, "Inner Unique": false, "Hash Cond": "(l1.l_suppkey = supplier.s_suppkey), (LLVM Optimized)", "Plans": [{"Node Type": "Bitmap Heap Scan", "Parent Relationship": "Outer", "Relation Name": "lineitem", "Alias": "l1", "Startup Cost": 1230034.33, "Total Cost": 3395117.25, "Plan Rows": 19995678, "Plan Width": 16, "Filter": "(l_receiptdate > l_commitdate), (LLVM Optimized)", "Plans": [{"Node Type": "Bitmap Index Scan", "Parent Relationship": "Outer", "Index Name": "idx_lineitem_orderkey", "Startup Cost": 0.0, "Total Cost": 1225035.42, "Plan Rows": 59987033, "Plan Width": 0}]}, {"Node Type": "Hash", "Parent Relationship": "Inner", "Startup Cost": 2544.73, "Total Cost": 2544.73, "Plan Rows": 4000, "Plan Width": 34, "Plans": [{"Node Type": "Nested Loop", "Parent Relationship": "Outer", "Join Type": "Inner", "Startup Cost": 103.63, "Total Cost": 2544.73, "Plan Rows": 4000, "Plan Width": 34, "Inner Unique": false, "Plans": [{"Node Type": "Bitmap Heap Scan", "Parent Relationship": "Outer", "Relation Name": "nation", "Alias": "nation", "Startup Cost": 8.38, "Total Cost": 12.69, "Plan Rows": 1, "Plan Width": 4, "Filter": "(n_name = 'EGYPT'::bpchar)", "Plans": [{"Node Type": "Bitmap Index Scan", "Parent Relationship": "Outer", "Index Name": "nation_pkey", "Startup Cost": 0.0, "Total Cost": 8.38, "Plan Rows": 25, "Plan Width": 0}]}, {"Node Type": "Bitmap Heap Scan", "Parent Relationship": "Inner", "Relation Name": "supplier", "Alias": "supplier", "Startup Cost": 95.25, "Total Cost": 2492.04, "Plan Rows": 4000, "Plan Width": 38, "Recheck Cond": "(s_nationkey = nation.n_nationkey)", "Plans": [{"Node Type": "Bitmap Index Scan", "Parent Relationship": "Outer", "Index Name": "idx_supplier_nation_key", "Startup Cost": 0.0, "Total Cost": 94.25, "Plan Rows": 4000, "Plan Width": 0, "Index Cond": "(s_nationkey = nation.n_nationkey)"}]}]}]}]}, {"Node Type": "Bitmap Heap Scan", "Parent Relationship": "Inner", "Relation Name": "lineitem", "Alias": "l3", "Startup Cost": 0.82, "Total Cost": 8.97, "Plan Rows": 3, "Plan Width": 16, "Recheck Cond": "(l_orderkey = l1.l_orderkey)", "Filter": "((l_receiptdate > l_commitdate) AND (l_suppkey <> l1.l_suppkey))", "Plans": [{"Node Type": "Bitmap Index Scan", "Parent Relationship": "Outer", "Index Name": "idx_lineitem_orderkey", "Startup Cost": 0.0, "Total Cost": 0.82, "Plan Rows": 9, "Plan Width": 0, "Index Cond": "(l_orderkey = l1.l_orderkey)"}]}]}, {"Node Type": "Bitmap Heap Scan", "Parent Relationship": "Inner", "Relation Name": "lineitem", "Alias": "l2", "Startup Cost": 0.82, "Total Cost": 8.95, "Plan Rows": 9, "Plan Width": 16, "Recheck Cond": "(l_orderkey = l1.l_orderkey)", "Filter": "(l_suppkey <> l1.l_suppkey)", "Plans": [{"Node Type": "Bitmap Index Scan", "Parent Relationship": "Outer", "Index Name": "idx_lineitem_orderkey", "Startup Cost": 0.0, "Total Cost": 0.82, "Plan Rows": 9, "Plan Width": 0, "Index Cond": "(l_orderkey = l1.l_orderkey)"}]}]}, {"Node Type": "Bitmap Heap Scan", "Parent Relationship": "Inner", "Relation Name": "orders", "Alias": "orders", "Startup Cost": 0.6, "Total Cost": 4.61, "Plan Rows": 1, "Plan Width": 8, "Recheck Cond": "(o_orderkey = l2.l_orderkey)", "Filter": "(o_orderstatus = 'F'::bpchar)", "Plans": [{"Node Type": "Bitmap Index Scan", "Parent Relationship": "Outer", "Index Name": "orders_pkey", "Startup Cost": 0.0, "Total Cost": 0.6, "Plan Rows": 1, "Plan Width": 0, "Index Cond": "(o_orderkey = l2.l_orderkey)"}]}]}]}]}]}, "Unique SQL Id": 3870093320}, "explain_analyze_plan": null}, "(64, 8)": {"explain_plan": {"Plan": {"Node Type": "Limit", "Startup Cost": 229712.71, "Total Cost": 229712.96, "Plan Rows": 100, "Plan Width": 34, "Plans": [{"Node Type": "Sort", "Parent Relationship": "Outer", "Startup Cost": 229712.71, "Total Cost": 229735.64, "Plan Rows": 100, "Plan Width": 34, "Sort Key": ["(count(*)) DESC", "supplier.s_name"], "Plans": [{"Node Type": "Aggregate", "Strategy": "Hashed", "Parent Relationship": "Outer", "Startup Cost": 229270.44, "Total Cost": 229362.16, "Plan Rows": 9172, "Plan Width": 34, "Group By Key": ["supplier.s_name"], "Plans": [{"Node Type": "Nested Loop", "Parent Relationship": "Outer", "Join Type": "Inner", "Startup Cost": 71906.2, "Total Cost": 229224.58, "Plan Rows": 9172, "Plan Width": 26, "Inner Unique": true, "Join Filter": "(l1.l_orderkey = orders.o_orderkey)", "Plans": [{"Node Type": "Nested Loop", "Parent Relationship": "Outer", "Join Type": "Semi", "Startup Cost": 71906.2, "Total Cost": 222124.21, "Plan Rows": 7254, "Plan Width": 42, "Inner Unique": false, "Plans": [{"Node Type": "Nested Loop", "Parent Relationship": "Outer", "Join Type": "Anti", "Startup Cost": 71906.2, "Total Cost": 220268.65, "Plan Rows": 7635, "Plan Width": 42, "Inner Unique": false, "Plans": [{"Node Type": "Streaming(type: LOCAL GATHER dop: 1/64)", "Parent Relationship": "Outer", "Startup Cost": 71906.2, "Total Cost": 173081.43, "Plan Rows": 152707, "Plan Width": 42, "Plans": [{"Node Type": "Hash Join", "Parent Relationship": "Outer", "Join Type": "Inner", "Startup Cost": 71906.2, "Total Cost": 169931.1, "Plan Rows": 152707, "Plan Width": 42, "Inner Unique": false, "Hash Cond": "(l1.l_suppkey = supplier.s_suppkey), (LLVM Optimized)", "Plans": [{"Node Type": "Seq Scan", "Parent Relationship": "Outer", "Relation Name": "lineitem", "Alias": "l1", "Startup Cost": 0.0, "Total Cost": 96829.42, "Plan Rows": 19995678, "Plan Width": 16, "Filter": "(l_receiptdate > l_commitdate), (LLVM Optimized)"}, {"Node Type": "Hash", "Parent Relationship": "Inner", "Startup Cost": 71856.2, "Total Cost": 71856.2, "Plan Rows": 256000, "Plan Width": 34, "Plans": [{"Node Type": "Streaming(type: BROADCAST dop: 64/1)", "Parent Relationship": "Outer", "Startup Cost": 1.32, "Total Cost": 71856.2, "Plan Rows": 256000, "Plan Width": 34, "Plans": [{"Node Type": "Hash Join", "Parent Relationship": "Outer", "Join Type": "Inner", "Startup Cost": 1.32, "Total Cost": 3574.95, "Plan Rows": 4000, "Plan Width": 34, "Inner Unique": true, "Hash Cond": "(supplier.s_nationkey = nation.n_nationkey)", "Plans": [{"Node Type": "Seq Scan", "Parent Relationship": "Outer", "Relation Name": "supplier", "Alias": "supplier", "Startup Cost": 0.0, "Total Cost": 3283.0, "Plan Rows": 100000, "Plan Width": 38}, {"Node Type": "Hash", "Parent Relationship": "Inner", "Startup Cost": 1.31, "Total Cost": 1.31, "Plan Rows": 1, "Plan Width": 4, "Plans": [{"Node Type": "Seq Scan", "Parent Relationship": "Outer", "Relation Name": "nation", "Alias": "nation", "Startup Cost": 0.0, "Total Cost": 1.31, "Plan Rows": 1, "Plan Width": 4, "Filter": "(n_name = 'EGYPT'::bpchar)"}]}]}]}]}]}]}, {"Node Type": "Index Scan", "Parent Relationship": "Inner", "Scan Direction": "Forward", "Index Name": "idx_lineitem_orderkey", "Relation Name": "lineitem", "Alias": "l3", "Startup Cost": 0.0, "Total Cost": 1.63, "Plan Rows": 3, "Plan Width": 16, "Index Cond": "(l_orderkey = l1.l_orderkey)", "Filter": "((l_receiptdate > l_commitdate) AND (l_suppkey <> l1.l_suppkey))"}]}, {"Node Type": "Index Scan", "Parent Relationship": "Inner", "Scan Direction": "Forward", "Index Name": "idx_lineitem_orderkey", "Relation Name": "lineitem", "Alias": "l2", "Startup Cost": 0.0, "Total Cost": 1.63, "Plan Rows": 9, "Plan Width": 16, "Index Cond": "(l_orderkey = l1.l_orderkey)", "Filter": "(l_suppkey <> l1.l_suppkey)"}]}, {"Node Type": "Index Scan", "Parent Relationship": "Inner", "Scan Direction": "Forward", "Index Name": "orders_pkey", "Relation Name": "orders", "Alias": "orders", "Startup Cost": 0.0, "Total Cost": 0.97, "Plan Rows": 1, "Plan Width": 8, "Index Cond": "(o_orderkey = l2.l_orderkey)", "Filter": "(o_orderstatus = 'F'::bpchar)"}]}]}]}]}, "Unique SQL Id": 3870093320}, "explain_analyze_plan": {"Plan": {"Node Type": "Limit", "Startup Cost": 229712.71, "Total Cost": 229712.96, "Plan Rows": 100, "Plan Width": 34, "Actual Min Startup Time": 13636.309, "Actual Max Startup Time": 13636.309, "Actual Min Total Time": 13636.327, "Actual Max Total Time": 13636.327, "Actual Total Rows": 100, "Plans": [{"Node Type": "Sort", "Parent Relationship": "Outer", "Startup Cost": 229712.71, "Total Cost": 229735.64, "Plan Rows": 100, "Plan Width": 34, "Actual Min Startup Time": 13636.305, "Actual Max Startup Time": 13636.305, "Actual Min Total Time": 13636.311, "Actual Max Total Time": 13636.311, "Actual Total Rows": 100, "Sort Key": ["(count(*)) DESC", "supplier.s_name"], "Sort Method": "top-N heapsort", "Sort Space Min Used": 41, "Sort Space Max Used": 41, "Sort Space Type": "Memory", "Plans": [{"Node Type": "Aggregate", "Strategy": "Hashed", "Parent Relationship": "Outer", "Startup Cost": 229270.44, "Total Cost": 229362.16, "Plan Rows": 9172, "Plan Width": 34, "Actual Min Startup Time": 13632.846, "Actual Max Startup Time": 13632.846, "Actual Min Total Time": 13634.137, "Actual Max Total Time": 13634.137, "Actual Total Rows": 3981, "Group By Key": ["supplier.s_name"], "Plans": [{"Node Type": "Nested Loop", "Parent Relationship": "Outer", "Join Type": "Inner", "Startup Cost": 71906.2, "Total Cost": 229224.58, "Plan Rows": 9172, "Plan Width": 26, "Actual Min Startup Time": 512.775, "Actual Max Startup Time": 512.775, "Actual Min Total Time": 13579.691, "Actual Max Total Time": 13579.691, "Actual Total Rows": 39445, "Inner Unique": true, "Join Filter": "(l1.l_orderkey = orders.o_orderkey)", "Rows Removed by Join Filter": 0, "Plans": [{"Node Type": "Nested Loop", "Parent Relationship": "Outer", "Join Type": "Semi", "Startup Cost": 71906.2, "Total Cost": 222124.21, "Plan Rows": 7254, "Plan Width": 42, "Actual Min Startup Time": 512.571, "Actual Max Startup Time": 512.571, "Actual Min Total Time": 12928.423, "Actual Max Total Time": 12928.423, "Actual Total Rows": 80537, "Inner Unique": false, "Plans": [{"Node Type": "Nested Loop", "Parent Relationship": "Outer", "Join Type": "Anti", "Startup Cost": 71906.2, "Total Cost": 220268.65, "Plan Rows": 7635, "Plan Width": 42, "Actual Min Startup Time": 512.276, "Actual Max Startup Time": 512.276, "Actual Min Total Time": 12331.031, "Actual Max Total Time": 12331.031, "Actual Total Rows": 135110, "Inner Unique": false, "Plans": [{"Node Type": "Streaming(type: LOCAL GATHER dop: 1/64)", "Parent Relationship": "Outer", "Startup Cost": 71906.2, "Total Cost": 173081.43, "Plan Rows": 152707, "Plan Width": 42, "Actual Min Startup Time": 512.176, "Actual Max Startup Time": 512.176, "Actual Min Total Time": 1439.978, "Actual Max Total Time": 1439.978, "Actual Total Rows": 1511024, "Plans": [{"Node Type": "Hash Join", "Parent Relationship": "Outer", "Join Type": "Inner", "Startup Cost": 71906.2, "Total Cost": 169931.1, "Plan Rows": 152707, "Plan Width": 42, "Actual Min Startup Time": 228.244, "Actual Max Startup Time": 394.247, "Actual Min Total Time": 773.975, "Actual Max Total Time": 997.986, "Actual Total Rows": 1511024, "Inner Unique": false, "Hash Cond": "(l1.l_suppkey = supplier.s_suppkey), (LLVM Optimized, Jit Execute)", "Plans": [{"Node Type": "Seq Scan", "Parent Relationship": "Outer", "Relation Name": "lineitem", "Alias": "l1", "Startup Cost": 0.0, "Total Cost": 96829.42, "Plan Rows": 19995678, "Plan Width": 16, "Actual Min Startup Time": 0.024, "Actual Max Startup Time": 0.057, "Actual Min Total Time": 399.743, "Actual Max Total Time": 428.009, "Actual Total Rows": 37929348, "Filter": "(l_receiptdate > l_commitdate), (LLVM Optimized, Jit Execute)", "Rows Removed by Filter": 22056704}, {"Node Type": "Hash", "Parent Relationship": "Inner", "Startup Cost": 71856.2, "Total Cost": 71856.2, "Plan Rows": 256000, "Plan Width": 34, "Actual Min Startup Time": 228.117, "Actual Max Startup Time": 394.061, "Actual Min Total Time": 228.117, "Actual Max Total Time": 394.061, "Actual Total Rows": 254784, "Max Hash Buckets": 32768, "Min Hash Buckets": 32768, "Max Hash Batches": 1, "Min Hash Batches": 1, "Max Original Hash Batches": 1, "Min Original Hash Batches": 1, "Max Peak Memory Usage": 280, "min Peak Memory Usage": 280, "Plans": [{"Node Type": "Streaming(type: BROADCAST dop: 64/1)", "Parent Relationship": "Outer", "Startup Cost": 1.32, "Total Cost": 71856.2, "Plan Rows": 256000, "Plan Width": 34, "Actual Min Startup Time": 0.031, "Actual Max Startup Time": 0.086, "Actual Min Total Time": 226.542, "Actual Max Total Time": 392.45, "Actual Total Rows": 254784, "Plans": [{"Node Type": "Hash Join", "Parent Relationship": "Outer", "Join Type": "Inner", "Startup Cost": 1.32, "Total Cost": 3574.95, "Plan Rows": 4000, "Plan Width": 34, "Actual Min Startup Time": 0.169, "Actual Max Startup Time": 0.169, "Actual Min Total Time": 53.537, "Actual Max Total Time": 53.537, "Actual Total Rows": 3981, "Inner Unique": true, "Hash Cond": "(supplier.s_nationkey = nation.n_nationkey)", "Plans": [{"Node Type": "Seq Scan", "Parent Relationship": "Outer", "Relation Name": "supplier", "Alias": "supplier", "Startup Cost": 0.0, "Total Cost": 3283.0, "Plan Rows": 100000, "Plan Width": 38, "Actual Min Startup Time": 0.029, "Actual Max Startup Time": 0.029, "Actual Min Total Time": 33.55, "Actual Max Total Time": 33.55, "Actual Total Rows": 100000}, {"Node Type": "Hash", "Parent Relationship": "Inner", "Startup Cost": 1.31, "Total Cost": 1.31, "Plan Rows": 1, "Plan Width": 4, "Actual Min Startup Time": 0.052, "Actual Max Startup Time": 0.052, "Actual Min Total Time": 0.052, "Actual Max Total Time": 0.052, "Actual Total Rows": 1, "Max Hash Buckets": 32768, "Min Hash Buckets": 32768, "Max Hash Batches": 1, "Min Hash Batches": 1, "Max Original Hash Batches": 1, "Min Original Hash Batches": 1, "Max Peak Memory Usage": 1, "min Peak Memory Usage": 1, "Plans": [{"Node Type": "Seq Scan", "Parent Relationship": "Outer", "Relation Name": "nation", "Alias": "nation", "Startup Cost": 0.0, "Total Cost": 1.31, "Plan Rows": 1, "Plan Width": 4, "Actual Min Startup Time": 0.029, "Actual Max Startup Time": 0.029, "Actual Min Total Time": 0.035, "Actual Max Total Time": 0.035, "Actual Total Rows": 1, "Filter": "(n_name = 'EGYPT'::bpchar)", "Rows Removed by Filter": 24}]}]}]}]}]}]}, {"Node Type": "Index Scan", "Parent Relationship": "Inner", "Scan Direction": "Forward", "Index Name": "idx_lineitem_orderkey", "Relation Name": "lineitem", "Alias": "l3", "Startup Cost": 0.0, "Total Cost": 1.63, "Plan Rows": 3, "Plan Width": 16, "Actual Min Startup Time": 9862.102, "Actual Max Startup Time": 9862.102, "Actual Min Total Time": 9862.102, "Actual Max Total Time": 9862.102, "Actual Total Rows": 1375914, "Index Cond": "(l_orderkey = l1.l_orderkey)", "Rows Removed by Index Recheck": 0, "Filter": "((l_receiptdate > l_commitdate) AND (l_suppkey <> l1.l_suppkey))", "Rows Removed by Filter": 1348115}]}, {"Node Type": "Index Scan", "Parent Relationship": "Inner", "Scan Direction": "Forward", "Index Name": "idx_lineitem_orderkey", "Relation Name": "lineitem", "Alias": "l2", "Startup Cost": 0.0, "Total Cost": 1.63, "Plan Rows": 9, "Plan Width": 16, "Actual Min Startup Time": 499.737, "Actual Max Startup Time": 499.737, "Actual Min Total Time": 499.737, "Actual Max Total Time": 499.737, "Actual Total Rows": 80537, "Index Cond": "(l_orderkey = l1.l_orderkey)", "Rows Removed by Index Recheck": 0, "Filter": "(l_suppkey <> l1.l_suppkey)", "Rows Removed by Filter": 85912}]}, {"Node Type": "Index Scan", "Parent Relationship": "Inner", "Scan Direction": "Forward", "Index Name": "orders_pkey", "Relation Name": "orders", "Alias": "orders", "Startup Cost": 0.0, "Total Cost": 0.97, "Plan Rows": 1, "Plan Width": 8, "Actual Min Startup Time": 584.577, "Actual Max Startup Time": 584.577, "Actual Min Total Time": 584.577, "Actual Max Total Time": 584.577, "Actual Total Rows": 39445, "Index Cond": "(o_orderkey = l2.l_orderkey)", "Rows Removed by Index Recheck": 0, "Filter": "(o_orderstatus = 'F'::bpchar)", "Rows Removed by Filter": 41092}]}]}]}]}, "Triggers": [], "Planner Runtime": 14.895, "Total Runtime": 13661.622, "Unique SQL Id": 3870093320}}, "(64, 9)": {"explain_plan": {"Plan": {"Node Type": "Limit", "Startup Cost": 2849947.01, "Total Cost": 2849947.26, "Plan Rows": 100, "Plan Width": 34, "Plans": [{"Node Type": "Sort", "Parent Relationship": "Outer", "Startup Cost": 2849947.01, "Total Cost": 2849969.94, "Plan Rows": 100, "Plan Width": 34, "Sort Key": ["(count(*)) DESC", "supplier.s_name"], "Plans": [{"Node Type": "Aggregate", "Strategy": "Hashed", "Parent Relationship": "Outer", "Startup Cost": 2849504.74, "Total Cost": 2849596.46, "Plan Rows": 9172, "Plan Width": 34, "Group By Key": ["supplier.s_name"], "Plans": [{"Node Type": "Nested Loop", "Parent Relationship": "Outer", "Join Type": "Inner", "Startup Cost": 73970.29, "Total Cost": 2849458.88, "Plan Rows": 9172, "Plan Width": 26, "Inner Unique": true, "Join Filter": "(l1.l_orderkey = orders.o_orderkey)", "Plans": [{"Node Type": "Nested Loop", "Parent Relationship": "Outer", "Join Type": "Semi", "Startup Cost": 73970.29, "Total Cost": 2842358.51, "Plan Rows": 7254, "Plan Width": 42, "Inner Unique": false, "Plans": [{"Node Type": "Nested Loop", "Parent Relationship": "Outer", "Join Type": "Anti", "Startup Cost": 73970.29, "Total Cost": 2840502.95, "Plan Rows": 7635, "Plan Width": 42, "Inner Unique": false, "Plans": [{"Node Type": "Streaming(type: LOCAL GATHER dop: 1/64)", "Parent Relationship": "Outer", "Startup Cost": 73970.29, "Total Cost": 2793315.73, "Plan Rows": 152707, "Plan Width": 42, "Plans": [{"Node Type": "Hash Join", "Parent Relationship": "Outer", "Join Type": "Inner", "Startup Cost": 73970.29, "Total Cost": 2790165.4, "Plan Rows": 152707, "Plan Width": 42, "Inner Unique": false, "Hash Cond": "(l1.l_suppkey = supplier.s_suppkey), (LLVM Optimized)", "Plans": [{"Node Type": "Index Scan", "Parent Relationship": "Outer", "Scan Direction": "Forward", "Index Name": "idx_lineitem_orderkey", "Relation Name": "lineitem", "Alias": "l1", "Startup Cost": 0.0, "Total Cost": 2714999.63, "Plan Rows": 19995678, "Plan Width": 16, "Filter": "(l_receiptdate > l_commitdate), (LLVM Optimized)"}, {"Node Type": "Hash", "Parent Relationship": "Inner", "Startup Cost": 73920.29, "Total Cost": 73920.29, "Plan Rows": 256000, "Plan Width": 34, "Plans": [{"Node Type": "Streaming(type: BROADCAST dop: 64/1)", "Parent Relationship": "Outer", "Startup Cost": 12.7, "Total Cost": 73920.29, "Plan Rows": 256000, "Plan Width": 34, "Plans": [{"Node Type": "Hash Join", "Parent Relationship": "Outer", "Join Type": "Inner", "Startup Cost": 12.7, "Total Cost": 5639.04, "Plan Rows": 4000, "Plan Width": 34, "Inner Unique": true, "Hash Cond": "(supplier.s_nationkey = nation.n_nationkey)", "Plans": [{"Node Type": "Index Scan", "Parent Relationship": "Outer", "Scan Direction": "Forward", "Index Name": "supplier_pkey", "Relation Name": "supplier", "Alias": "supplier", "Startup Cost": 0.0, "Total Cost": 5335.71, "Plan Rows": 100000, "Plan Width": 38}, {"Node Type": "Hash", "Parent Relationship": "Inner", "Startup Cost": 12.69, "Total Cost": 12.69, "Plan Rows": 1, "Plan Width": 4, "Plans": [{"Node Type": "Index Scan", "Parent Relationship": "Outer", "Scan Direction": "Forward", "Index Name": "nation_pkey", "Relation Name": "nation", "Alias": "nation", "Startup Cost": 0.0, "Total Cost": 12.69, "Plan Rows": 1, "Plan Width": 4, "Filter": "(n_name = 'EGYPT'::bpchar)"}]}]}]}]}]}]}, {"Node Type": "Index Scan", "Parent Relationship": "Inner", "Scan Direction": "Forward", "Index Name": "idx_lineitem_orderkey", "Relation Name": "lineitem", "Alias": "l3", "Startup Cost": 0.0, "Total Cost": 1.63, "Plan Rows": 3, "Plan Width": 16, "Index Cond": "(l_orderkey = l1.l_orderkey)", "Filter": "((l_receiptdate > l_commitdate) AND (l_suppkey <> l1.l_suppkey))"}]}, {"Node Type": "Index Scan", "Parent Relationship": "Inner", "Scan Direction": "Forward", "Index Name": "idx_lineitem_orderkey", "Relation Name": "lineitem", "Alias": "l2", "Startup Cost": 0.0, "Total Cost": 1.63, "Plan Rows": 9, "Plan Width": 16, "Index Cond": "(l_orderkey = l1.l_orderkey)", "Filter": "(l_suppkey <> l1.l_suppkey)"}]}, {"Node Type": "Index Scan", "Parent Relationship": "Inner", "Scan Direction": "Forward", "Index Name": "orders_pkey", "Relation Name": "orders", "Alias": "orders", "Startup Cost": 0.0, "Total Cost": 0.97, "Plan Rows": 1, "Plan Width": 8, "Index Cond": "(o_orderkey = l2.l_orderkey)", "Filter": "(o_orderstatus = 'F'::bpchar)"}]}]}]}]}, "Unique SQL Id": 3870093320}, "explain_analyze_plan": {"Plan": {"Node Type": "Limit", "Startup Cost": 2849947.01, "Total Cost": 2849947.26, "Plan Rows": 100, "Plan Width": 34, "Actual Min Startup Time": 13508.662, "Actual Max Startup Time": 13508.662, "Actual Min Total Time": 13508.68, "Actual Max Total Time": 13508.68, "Actual Total Rows": 100, "Plans": [{"Node Type": "Sort", "Parent Relationship": "Outer", "Startup Cost": 2849947.01, "Total Cost": 2849969.94, "Plan Rows": 100, "Plan Width": 34, "Actual Min Startup Time": 13508.659, "Actual Max Startup Time": 13508.659, "Actual Min Total Time": 13508.666, "Actual Max Total Time": 13508.666, "Actual Total Rows": 100, "Sort Key": ["(count(*)) DESC", "supplier.s_name"], "Sort Method": "top-N heapsort", "Sort Space Min Used": 41, "Sort Space Max Used": 41, "Sort Space Type": "Memory", "Plans": [{"Node Type": "Aggregate", "Strategy": "Hashed", "Parent Relationship": "Outer", "Startup Cost": 2849504.74, "Total Cost": 2849596.46, "Plan Rows": 9172, "Plan Width": 34, "Actual Min Startup Time": 13505.048, "Actual Max Startup Time": 13505.048, "Actual Min Total Time": 13506.352, "Actual Max Total Time": 13506.352, "Actual Total Rows": 3981, "Group By Key": ["supplier.s_name"], "Plans": [{"Node Type": "Nested Loop", "Parent Relationship": "Outer", "Join Type": "Inner", "Startup Cost": 73970.29, "Total Cost": 2849458.88, "Plan Rows": 9172, "Plan Width": 26, "Actual Min Startup Time": 866.952, "Actual Max Startup Time": 866.952, "Actual Min Total Time": 13452.829, "Actual Max Total Time": 13452.829, "Actual Total Rows": 39445, "Inner Unique": true, "Join Filter": "(l1.l_orderkey = orders.o_orderkey)", "Rows Removed by Join Filter": 0, "Plans": [{"Node Type": "Nested Loop", "Parent Relationship": "Outer", "Join Type": "Semi", "Startup Cost": 73970.29, "Total Cost": 2842358.51, "Plan Rows": 7254, "Plan Width": 42, "Actual Min Startup Time": 866.923, "Actual Max Startup Time": 866.923, "Actual Min Total Time": 12841.457, "Actual Max Total Time": 12841.457, "Actual Total Rows": 80537, "Inner Unique": false, "Plans": [{"Node Type": "Nested Loop", "Parent Relationship": "Outer", "Join Type": "Anti", "Startup Cost": 73970.29, "Total Cost": 2840502.95, "Plan Rows": 7635, "Plan Width": 42, "Actual Min Startup Time": 866.522, "Actual Max Startup Time": 866.522, "Actual Min Total Time": 12248.776, "Actual Max Total Time": 12248.776, "Actual Total Rows": 135110, "Inner Unique": false, "Plans": [{"Node Type": "Streaming(type: LOCAL GATHER dop: 1/64)", "Parent Relationship": "Outer", "Startup Cost": 73970.29, "Total Cost": 2793315.73, "Plan Rows": 152707, "Plan Width": 42, "Actual Min Startup Time": 866.275, "Actual Max Startup Time": 866.275, "Actual Min Total Time": 1637.063, "Actual Max Total Time": 1637.063, "Actual Total Rows": 1511024, "Plans": [{"Node Type": "Hash Join", "Parent Relationship": "Outer", "Join Type": "Inner", "Startup Cost": 73970.29, "Total Cost": 2790165.4, "Plan Rows": 152707, "Plan Width": 42, "Actual Min Startup Time": 656.699, "Actual Max Startup Time": 791.999, "Actual Min Total Time": 1464.928, "Actual Max Total Time": 1710.32, "Actual Total Rows": 1511024, "Inner Unique": false, "Hash Cond": "(l1.l_suppkey = supplier.s_suppkey), (LLVM Optimized, Jit Execute)", "Plans": [{"Node Type": "Index Scan", "Parent Relationship": "Outer", "Scan Direction": "Forward", "Index Name": "idx_lineitem_orderkey", "Relation Name": "lineitem", "Alias": "l1", "Startup Cost": 0.0, "Total Cost": 2714999.63, "Plan Rows": 19995678, "Plan Width": 16, "Actual Min Startup Time": 456.81, "Actual Max Startup Time": 457.425, "Actual Min Total Time": 1109.899, "Actual Max Total Time": 1280.547, "Actual Total Rows": 37929348, "Filter": "(l_receiptdate > l_commitdate), (LLVM Optimized, Jit Execute)", "Rows Removed by Filter": 22056704}, {"Node Type": "Hash", "Parent Relationship": "Inner", "Startup Cost": 73920.29, "Total Cost": 73920.29, "Plan Rows": 256000, "Plan Width": 34, "Actual Min Startup Time": 199.503, "Actual Max Startup Time": 334.947, "Actual Min Total Time": 199.503, "Actual Max Total Time": 334.947, "Actual Total Rows": 254784, "Max Hash Buckets": 32768, "Min Hash Buckets": 32768, "Max Hash Batches": 1, "Min Hash Batches": 1, "Max Original Hash Batches": 1, "Min Original Hash Batches": 1, "Max Peak Memory Usage": 280, "min Peak Memory Usage": 280, "Plans": [{"Node Type": "Streaming(type: BROADCAST dop: 64/1)", "Parent Relationship": "Outer", "Startup Cost": 12.7, "Total Cost": 73920.29, "Plan Rows": 256000, "Plan Width": 34, "Actual Min Startup Time": 0.028, "Actual Max Startup Time": 30.459, "Actual Min Total Time": 198.406, "Actual Max Total Time": 333.648, "Actual Total Rows": 254784, "Plans": [{"Node Type": "Hash Join", "Parent Relationship": "Outer", "Join Type": "Inner", "Startup Cost": 12.7, "Total Cost": 5639.04, "Plan Rows": 4000, "Plan Width": 34, "Actual Min Startup Time": 0.261, "Actual Max Startup Time": 0.261, "Actual Min Total Time": 73.364, "Actual Max Total Time": 73.364, "Actual Total Rows": 3981, "Inner Unique": true, "Hash Cond": "(supplier.s_nationkey = nation.n_nationkey)", "Plans": [{"Node Type": "Index Scan", "Parent Relationship": "Outer", "Scan Direction": "Forward", "Index Name": "supplier_pkey", "Relation Name": "supplier", "Alias": "supplier", "Startup Cost": 0.0, "Total Cost": 5335.71, "Plan Rows": 100000, "Plan Width": 38, "Actual Min Startup Time": 0.048, "Actual Max Startup Time": 0.048, "Actual Min Total Time": 53.248, "Actual Max Total Time": 53.248, "Actual Total Rows": 100000}, {"Node Type": "Hash", "Parent Relationship": "Inner", "Startup Cost": 12.69, "Total Cost": 12.69, "Plan Rows": 1, "Plan Width": 4, "Actual Min Startup Time": 0.066, "Actual Max Startup Time": 0.066, "Actual Min Total Time": 0.066, "Actual Max Total Time": 0.066, "Actual Total Rows": 1, "Max Hash Buckets": 32768, "Min Hash Buckets": 32768, "Max Hash Batches": 1, "Min Hash Batches": 1, "Max Original Hash Batches": 1, "Min Original Hash Batches": 1, "Max Peak Memory Usage": 1, "min Peak Memory Usage": 1, "Plans": [{"Node Type": "Index Scan", "Parent Relationship": "Outer", "Scan Direction": "Forward", "Index Name": "nation_pkey", "Relation Name": "nation", "Alias": "nation", "Startup Cost": 0.0, "Total Cost": 12.69, "Plan Rows": 1, "Plan Width": 4, "Actual Min Startup Time": 0.041, "Actual Max Startup Time": 0.041, "Actual Min Total Time": 0.054, "Actual Max Total Time": 0.054, "Actual Total Rows": 1, "Filter": "(n_name = 'EGYPT'::bpchar)", "Rows Removed by Filter": 24}]}]}]}]}]}]}, {"Node Type": "Index Scan", "Parent Relationship": "Inner", "Scan Direction": "Forward", "Index Name": "idx_lineitem_orderkey", "Relation Name": "lineitem", "Alias": "l3", "Startup Cost": 0.0, "Total Cost": 1.63, "Plan Rows": 3, "Plan Width": 16, "Actual Min Startup Time": 9590.99, "Actual Max Startup Time": 9590.99, "Actual Min Total Time": 9590.99, "Actual Max Total Time": 9590.99, "Actual Total Rows": 1375914, "Index Cond": "(l_orderkey = l1.l_orderkey)", "Rows Removed by Index Recheck": 0, "Filter": "((l_receiptdate > l_commitdate) AND (l_suppkey <> l1.l_suppkey))", "Rows Removed by Filter": 1348115}]}, {"Node Type": "Index Scan", "Parent Relationship": "Inner", "Scan Direction": "Forward", "Index Name": "idx_lineitem_orderkey", "Relation Name": "lineitem", "Alias": "l2", "Startup Cost": 0.0, "Total Cost": 1.63, "Plan Rows": 9, "Plan Width": 16, "Actual Min Startup Time": 498.83, "Actual Max Startup Time": 498.83, "Actual Min Total Time": 498.83, "Actual Max Total Time": 498.83, "Actual Total Rows": 80537, "Index Cond": "(l_orderkey = l1.l_orderkey)", "Rows Removed by Index Recheck": 0, "Filter": "(l_suppkey <> l1.l_suppkey)", "Rows Removed by Filter": 85912}]}, {"Node Type": "Index Scan", "Parent Relationship": "Inner", "Scan Direction": "Forward", "Index Name": "orders_pkey", "Relation Name": "orders", "Alias": "orders", "Startup Cost": 0.0, "Total Cost": 0.97, "Plan Rows": 1, "Plan Width": 8, "Actual Min Startup Time": 546.674, "Actual Max Startup Time": 546.674, "Actual Min Total Time": 546.674, "Actual Max Total Time": 546.674, "Actual Total Rows": 39445, "Index Cond": "(o_orderkey = l2.l_orderkey)", "Rows Removed by Index Recheck": 0, "Filter": "(o_orderstatus = 'F'::bpchar)", "Rows Removed by Filter": 41092}]}]}]}]}, "Triggers": [], "Planner Runtime": 13.48, "Total Runtime": 13534.765, "Unique SQL Id": 3870093320}}, "(64, 10)": {"explain_plan": {"Plan": {"Node Type": "Limit", "Startup Cost": 578585.46, "Total Cost": 578585.71, "Plan Rows": 100, "Plan Width": 34, "Plans": [{"Node Type": "Sort", "Parent Relationship": "Outer", "Startup Cost": 578585.46, "Total Cost": 578585.71, "Plan Rows": 100, "Plan Width": 34, "Sort Key": ["(count(*)) DESC", "supplier.s_name"], "Plans": [{"Node Type": "Streaming(type: LOCAL GATHER dop: 1/64)", "Parent Relationship": "Outer", "Startup Cost": 578581.34, "Total Cost": 578582.13, "Plan Rows": 100, "Plan Width": 34, "Plans": [{"Node Type": "Limit", "Parent Relationship": "Outer", "Startup Cost": 578581.34, "Total Cost": 578581.59, "Plan Rows": 100, "Plan Width": 34, "Plans": [{"Node Type": "Sort", "Parent Relationship": "Outer", "Startup Cost": 578581.34, "Total Cost": 578604.27, "Plan Rows": 100, "Plan Width": 34, "Sort Key": ["(count(*)) DESC", "supplier.s_name"], "Plans": [{"Node Type": "Aggregate", "Strategy": "Hashed", "Parent Relationship": "Outer", "Startup Cost": 578229.36, "Total Cost": 578230.79, "Plan Rows": 9172, "Plan Width": 34, "Group By Key": ["supplier.s_name"], "Plans": [{"Node Type": "Streaming(type: LOCAL REDISTRIBUTE dop: 64/64)", "Parent Relationship": "Outer", "Startup Cost": 283866.77, "Total Cost": 578228.64, "Plan Rows": 9172, "Plan Width": 26, "Plans": [{"Node Type": "Hash Join", "Parent Relationship": "Outer", "Join Type": "Semi", "Startup Cost": 283866.77, "Total Cost": 577928.76, "Plan Rows": 9172, "Plan Width": 26, "Inner Unique": false, "Hash Cond": "(orders.o_orderkey = l2.l_orderkey)", "Join Filter": "(l2.l_suppkey <> l1.l_suppkey)", "Plans": [{"Node Type": "Streaming(type: LOCAL REDISTRIBUTE dop: 64/64)", "Parent Relationship": "Outer", "Startup Cost": 218573.09, "Total Cost": 512631.13, "Plan Rows": 9655, "Plan Width": 50, "Plans": [{"Node Type": "Hash Join", "Parent Relationship": "Outer", "Join Type": "Anti", "Startup Cost": 218573.09, "Total Cost": 449621.98, "Plan Rows": 9655, "Plan Width": 50, "Inner Unique": false, "Hash Cond": "(l1.l_orderkey = l3.l_orderkey)", "Join Filter": "(l3.l_suppkey <> l1.l_suppkey)", "Plans": [{"Node Type": "Streaming(type: LOCAL REDISTRIBUTE dop: 64/64)", "Parent Relationship": "Outer", "Startup Cost": 143588.19, "Total Cost": 374602.56, "Plan Rows": 193099, "Plan Width": 50, "Plans": [{"Node Type": "Hash Join", "Parent Relationship": "Outer", "Join Type": "Inner", "Startup Cost": 143588.19, "Total Cost": 311419.64, "Plan Rows": 193099, "Plan Width": 50, "Inner Unique": true, "Hash Cond": "(l1.l_orderkey = orders.o_orderkey), (LLVM Optimized)", "Plans": [{"Node Type": "Streaming(type: BROADCAST dop: 64/64)", "Parent Relationship": "Outer", "Startup Cost": 71906.2, "Total Cost": 239134.82, "Plan Rows": 9773248, "Plan Width": 42, "Plans": [{"Node Type": "Hash Join", "Parent Relationship": "Outer", "Join Type": "Inner", "Startup Cost": 71906.2, "Total Cost": 169931.1, "Plan Rows": 152707, "Plan Width": 42, "Inner Unique": false, "Hash Cond": "(l1.l_suppkey = supplier.s_suppkey), (LLVM Optimized)", "Plans": [{"Node Type": "Seq Scan", "Parent Relationship": "Outer", "Relation Name": "lineitem", "Alias": "l1", "Startup Cost": 0.0, "Total Cost": 96829.42, "Plan Rows": 19995678, "Plan Width": 16, "Filter": "(l_receiptdate > l_commitdate), (LLVM Optimized)"}, {"Node Type": "Hash", "Parent Relationship": "Inner", "Startup Cost": 71856.2, "Total Cost": 71856.2, "Plan Rows": 256000, "Plan Width": 34, "Plans": [{"Node Type": "Streaming(type: BROADCAST dop: 64/1)", "Parent Relationship": "Outer", "Startup Cost": 1.32, "Total Cost": 71856.2, "Plan Rows": 256000, "Plan Width": 34, "Plans": [{"Node Type": "Hash Join", "Parent Relationship": "Outer", "Join Type": "Inner", "Startup Cost": 1.32, "Total Cost": 3574.95, "Plan Rows": 4000, "Plan Width": 34, "Inner Unique": true, "Hash Cond": "(supplier.s_nationkey = nation.n_nationkey)", "Plans": [{"Node Type": "Seq Scan", "Parent Relationship": "Outer", "Relation Name": "supplier", "Alias": "supplier", "Startup Cost": 0.0, "Total Cost": 3283.0, "Plan Rows": 100000, "Plan Width": 38}, {"Node Type": "Hash", "Parent Relationship": "Inner", "Startup Cost": 1.31, "Total Cost": 1.31, "Plan Rows": 1, "Plan Width": 4, "Plans": [{"Node Type": "Seq Scan", "Parent Relationship": "Outer", "Relation Name": "nation", "Alias": "nation", "Startup Cost": 0.0, "Total Cost": 1.31, "Plan Rows": 1, "Plan Width": 4, "Filter": "(n_name = 'EGYPT'::bpchar)"}]}]}]}]}]}]}, {"Node Type": "Hash", "Parent Relationship": "Inner", "Startup Cost": 70248.63, "Total Cost": 70248.63, "Plan Rows": 7338812, "Plan Width": 8, "Plans": [{"Node Type": "Seq Scan", "Parent Relationship": "Outer", "Relation Name": "orders", "Alias": "orders", "Startup Cost": 0.0, "Total Cost": 70248.63, "Plan Rows": 7338812, "Plan Width": 8, "Filter": "(o_orderstatus = 'F'::bpchar), (LLVM Optimized)"}]}]}]}, {"Node Type": "Hash", "Parent Relationship": "Inner", "Startup Cost": 178770.64, "Total Cost": 178770.64, "Plan Rows": 19995678, "Plan Width": 16, "Plans": [{"Node Type": "Streaming(type: LOCAL REDISTRIBUTE dop: 64/64)", "Parent Relationship": "Outer", "Startup Cost": 0.0, "Total Cost": 178770.64, "Plan Rows": 19995678, "Plan Width": 16, "Plans": [{"Node Type": "Seq Scan", "Parent Relationship": "Outer", "Relation Name": "lineitem", "Alias": "l3", "Startup Cost": 0.0, "Total Cost": 96829.42, "Plan Rows": 19995678, "Plan Width": 16, "Filter": "(l_receiptdate > l_commitdate), (LLVM Optimized)"}]}]}]}]}, {"Node Type": "Hash", "Parent Relationship": "Inner", "Startup Cost": 214309.83, "Total Cost": 214309.83, "Plan Rows": 59987033, "Plan Width": 16, "Plans": [{"Node Type": "Streaming(type: LOCAL REDISTRIBUTE dop: 64/64)", "Parent Relationship": "Outer", "Startup Cost": 0.0, "Total Cost": 214309.83, "Plan Rows": 59987033, "Plan Width": 16, "Plans": [{"Node Type": "Seq Scan", "Parent Relationship": "Outer", "Relation Name": "lineitem", "Alias": "l2", "Startup Cost": 0.0, "Total Cost": 94486.18, "Plan Rows": 59987033, "Plan Width": 16}]}]}]}]}]}]}]}]}]}]}, "Unique SQL Id": 3870093320}, "explain_analyze_plan": {"Plan": {"Node Type": "Limit", "Startup Cost": 578585.46, "Total Cost": 578585.71, "Plan Rows": 100, "Plan Width": 34, "Actual Min Startup Time": 7798.992, "Actual Max Startup Time": 7798.992, "Actual Min Total Time": 7799.011, "Actual Max Total Time": 7799.011, "Actual Total Rows": 100, "Plans": [{"Node Type": "Sort", "Parent Relationship": "Outer", "Startup Cost": 578585.46, "Total Cost": 578585.71, "Plan Rows": 100, "Plan Width": 34, "Actual Min Startup Time": 7798.99, "Actual Max Startup Time": 7798.99, "Actual Min Total Time": 7798.999, "Actual Max Total Time": 7798.999, "Actual Total Rows": 100, "Sort Key": ["(count(*)) DESC", "supplier.s_name"], "Sort Method": "top-N heapsort", "Sort Space Min Used": 40, "Sort Space Max Used": 40, "Sort Space Type": "Memory", "Plans": [{"Node Type": "Streaming(type: LOCAL GATHER dop: 1/64)", "Parent Relationship": "Outer", "Startup Cost": 578581.34, "Total Cost": 578582.13, "Plan Rows": 100, "Plan Width": 34, "Actual Min Startup Time": 7795.542, "Actual Max Startup Time": 7795.542, "Actual Min Total Time": 7797.214, "Actual Max Total Time": 7797.214, "Actual Total Rows": 3981, "Plans": [{"Node Type": "Limit", "Parent Relationship": "Outer", "Startup Cost": 578581.34, "Total Cost": 578581.59, "Plan Rows": 100, "Plan Width": 34, "Actual Min Startup Time": 6914.12, "Actual Max Startup Time": 7225.363, "Actual Min Total Time": 6914.135, "Actual Max Total Time": 7225.378, "Actual Total Rows": 3981, "Plans": [{"Node Type": "Sort", "Parent Relationship": "Outer", "Startup Cost": 578581.34, "Total Cost": 578604.27, "Plan Rows": 100, "Plan Width": 34, "Actual Min Startup Time": 6914.118, "Actual Max Startup Time": 7225.36, "Actual Min Total Time": 6914.124, "Actual Max Total Time": 7225.366, "Actual Total Rows": 3981, "Sort Key": ["(count(*)) DESC", "supplier.s_name"], "Sort Method": "quicksort", "Sort Space Min Used": 30, "Sort Space Max Used": 30, "Sort Space Type": "Memory", "Plans": [{"Node Type": "Aggregate", "Strategy": "Hashed", "Parent Relationship": "Outer", "Startup Cost": 578229.36, "Total Cost": 578230.79, "Plan Rows": 9172, "Plan Width": 34, "Actual Min Startup Time": 6913.969, "Actual Max Startup Time": 7225.239, "Actual Min Total Time": 6913.985, "Actual Max Total Time": 7225.255, "Actual Total Rows": 3981, "Group By Key": ["supplier.s_name"], "Plans": [{"Node Type": "Streaming(type: LOCAL REDISTRIBUTE dop: 64/64)", "Parent Relationship": "Outer", "Startup Cost": 283866.77, "Total Cost": 578228.64, "Plan Rows": 9172, "Plan Width": 26, "Actual Min Startup Time": 6903.606, "Actual Max Startup Time": 7214.281, "Actual Min Total Time": 6913.639, "Actual Max Total Time": 7224.957, "Actual Total Rows": 39445, "Plans": [{"Node Type": "Hash Join", "Parent Relationship": "Outer", "Join Type": "Semi", "Startup Cost": 283866.77, "Total Cost": 577928.76, "Plan Rows": 9172, "Plan Width": 26, "Actual Min Startup Time": 4907.149, "Actual Max Startup Time": 5234.279, "Actual Min Total Time": 6846.486, "Actual Max Total Time": 7183.522, "Actual Total Rows": 39445, "Inner Unique": false, "Hash Cond": "(orders.o_orderkey = l2.l_orderkey)", "Join Filter": "(l2.l_suppkey <> l1.l_suppkey)", "Rows Removed by Join Filter": 42084, "Plans": [{"Node Type": "Streaming(type: LOCAL REDISTRIBUTE dop: 64/64)", "Parent Relationship": "Outer", "Startup Cost": 218573.09, "Total Cost": 512631.13, "Plan Rows": 9655, "Plan Width": 50, "Actual Min Startup Time": 0.365, "Actual Max Startup Time": 157.652, "Actual Min Total Time": 1996.222, "Actual Max Total Time": 2003.415, "Actual Total Rows": 66116, "Plans": [{"Node Type": "Hash Join", "Parent Relationship": "Outer", "Join Type": "Anti", "Startup Cost": 218573.09, "Total Cost": 449621.98, "Plan Rows": 9655, "Plan Width": 50, "Actual Min Startup Time": 4389.144, "Actual Max Startup Time": 5088.636, "Actual Min Total Time": 6830.133, "Actual Max Total Time": 7215.882, "Actual Total Rows": 66116, "Inner Unique": false, "Hash Cond": "(l1.l_orderkey = l3.l_orderkey)", "Join Filter": "(l3.l_suppkey <> l1.l_suppkey)", "Rows Removed by Join Filter": 265448, "Plans": [{"Node Type": "Streaming(type: LOCAL REDISTRIBUTE dop: 64/64)", "Parent Relationship": "Outer", "Startup Cost": 143588.19, "Total Cost": 374602.56, "Plan Rows": 193099, "Plan Width": 50, "Actual Min Startup Time": 2.686, "Actual Max Startup Time": 468.345, "Actual Min Total Time": 2388.81, "Actual Max Total Time": 2494.526, "Actual Total Rows": 729618, "Plans": [{"Node Type": "Hash Join", "Parent Relationship": "Outer", "Join Type": "Inner", "Startup Cost": 143588.19, "Total Cost": 311419.64, "Plan Rows": 193099, "Plan Width": 50, "Actual Min Startup Time": 328.031, "Actual Max Startup Time": 857.405, "Actual Min Total Time": 5000.369, "Actual Max Total Time": 7075.369, "Actual Total Rows": 729618, "Inner Unique": true, "Hash Cond": "(l1.l_orderkey = orders.o_orderkey), (LLVM Optimized, Jit Execute)", "Plans": [{"Node Type": "Streaming(type: BROADCAST dop: 64/64)", "Parent Relationship": "Outer", "Startup Cost": 71906.2, "Total Cost": 239134.82, "Plan Rows": 9773248, "Plan Width": 42, "Actual Min Startup Time": 137.356, "Actual Max Startup Time": 642.151, "Actual Min Total Time": 3765.372, "Actual Max Total Time": 6059.609, "Actual Total Rows": 96705536, "Plans": [{"Node Type": "Hash Join", "Parent Relationship": "Outer", "Join Type": "Inner", "Startup Cost": 71906.2, "Total Cost": 169931.1, "Plan Rows": 152707, "Plan Width": 42, "Actual Min Startup Time": 317.736, "Actual Max Startup Time": 738.731, "Actual Min Total Time": 1030.246, "Actual Max Total Time": 1547.909, "Actual Total Rows": 1511024, "Inner Unique": false, "Hash Cond": "(l1.l_suppkey = supplier.s_suppkey), (LLVM Optimized, Jit Execute)", "Plans": [{"Node Type": "Seq Scan", "Parent Relationship": "Outer", "Relation Name": "lineitem", "Alias": "l1", "Startup Cost": 0.0, "Total Cost": 96829.42, "Plan Rows": 19995678, "Plan Width": 16, "Actual Min Startup Time": 0.028, "Actual Max Startup Time": 0.097, "Actual Min Total Time": 423.343, "Actual Max Total Time": 569.448, "Actual Total Rows": 37929348, "Filter": "(l_receiptdate > l_commitdate), (LLVM Optimized, Jit Execute)", "Rows Removed by Filter": 22056704}, {"Node Type": "Hash", "Parent Relationship": "Inner", "Startup Cost": 71856.2, "Total Cost": 71856.2, "Plan Rows": 256000, "Plan Width": 34, "Actual Min Startup Time": 317.536, "Actual Max Startup Time": 738.616, "Actual Min Total Time": 317.536, "Actual Max Total Time": 738.616, "Actual Total Rows": 254784, "Max Hash Buckets": 32768, "Min Hash Buckets": 32768, "Max Hash Batches": 1, "Min Hash Batches": 1, "Max Original Hash Batches": 1, "Min Original Hash Batches": 1, "Max Peak Memory Usage": 280, "min Peak Memory Usage": 280, "Plans": [{"Node Type": "Streaming(type: BROADCAST dop: 64/1)", "Parent Relationship": "Outer", "Startup Cost": 1.32, "Total Cost": 71856.2, "Plan Rows": 256000, "Plan Width": 34, "Actual Min Startup Time": 0.037, "Actual Max Startup Time": 184.922, "Actual Min Total Time": 314.151, "Actual Max Total Time": 736.27, "Actual Total Rows": 254784, "Plans": [{"Node Type": "Hash Join", "Parent Relationship": "Outer", "Join Type": "Inner", "Startup Cost": 1.32, "Total Cost": 3574.95, "Plan Rows": 4000, "Plan Width": 34, "Actual Min Startup Time": 0.167, "Actual Max Startup Time": 0.167, "Actual Min Total Time": 52.587, "Actual Max Total Time": 52.587, "Actual Total Rows": 3981, "Inner Unique": true, "Hash Cond": "(supplier.s_nationkey = nation.n_nationkey)", "Plans": [{"Node Type": "Seq Scan", "Parent Relationship": "Outer", "Relation Name": "supplier", "Alias": "supplier", "Startup Cost": 0.0, "Total Cost": 3283.0, "Plan Rows": 100000, "Plan Width": 38, "Actual Min Startup Time": 0.022, "Actual Max Startup Time": 0.022, "Actual Min Total Time": 31.994, "Actual Max Total Time": 31.994, "Actual Total Rows": 100000}, {"Node Type": "Hash", "Parent Relationship": "Inner", "Startup Cost": 1.31, "Total Cost": 1.31, "Plan Rows": 1, "Plan Width": 4, "Actual Min Startup Time": 0.06, "Actual Max Startup Time": 0.06, "Actual Min Total Time": 0.06, "Actual Max Total Time": 0.06, "Actual Total Rows": 1, "Max Hash Buckets": 32768, "Min Hash Buckets": 32768, "Max Hash Batches": 1, "Min Hash Batches": 1, "Max Original Hash Batches": 1, "Min Original Hash Batches": 1, "Max Peak Memory Usage": 1, "min Peak Memory Usage": 1, "Plans": [{"Node Type": "Seq Scan", "Parent Relationship": "Outer", "Relation Name": "nation", "Alias": "nation", "Startup Cost": 0.0, "Total Cost": 1.31, "Plan Rows": 1, "Plan Width": 4, "Actual Min Startup Time": 0.037, "Actual Max Startup Time": 0.037, "Actual Min Total Time": 0.044, "Actual Max Total Time": 0.044, "Actual Total Rows": 1, "Filter": "(n_name = 'EGYPT'::bpchar)", "Rows Removed by Filter": 24}]}]}]}]}]}]}, {"Node Type": "Hash", "Parent Relationship": "Inner", "Startup Cost": 70248.63, "Total Cost": 70248.63, "Plan Rows": 7338812, "Plan Width": 8, "Actual Min Startup Time": 132.867, "Actual Max Startup Time": 282.379, "Actual Min Total Time": 132.867, "Actual Max Total Time": 282.379, "Actual Total Rows": 7309184, "Max Hash Buckets": 131072, "Min Hash Buckets": 131072, "Max Hash Batches": 1, "Min Hash Batches": 1, "Max Original Hash Batches": 1, "Min Original Hash Batches": 1, "Max Peak Memory Usage": 4542, "min Peak Memory Usage": 4542, "Plans": [{"Node Type": "Seq Scan", "Parent Relationship": "Outer", "Relation Name": "orders", "Alias": "orders", "Startup Cost": 0.0, "Total Cost": 70248.63, "Plan Rows": 7338812, "Plan Width": 8, "Actual Min Startup Time": 0.028, "Actual Max Startup Time": 3.642, "Actual Min Total Time": 100.735, "Actual Max Total Time": 125.655, "Actual Total Rows": 7309184, "Filter": "(o_orderstatus = 'F'::bpchar), (LLVM Optimized, Jit Execute)", "Rows Removed by Filter": 7690816}]}]}]}, {"Node Type": "Hash", "Parent Relationship": "Inner", "Startup Cost": 178770.64, "Total Cost": 178770.64, "Plan Rows": 19995678, "Plan Width": 16, "Actual Min Startup Time": 4321.083, "Actual Max Startup Time": 4713.711, "Actual Min Total Time": 4321.083, "Actual Max Total Time": 4713.711, "Actual Total Rows": 37929348, "Max Hash Buckets": 524288, "Min Hash Buckets": 524288, "Max Hash Batches": 1, "Min Hash Batches": 1, "Max Original Hash Batches": 1, "Min Original Hash Batches": 1, "Max Peak Memory Usage": 27746, "min Peak Memory Usage": 27746, "Plans": [{"Node Type": "Streaming(type: LOCAL REDISTRIBUTE dop: 64/64)", "Parent Relationship": "Outer", "Startup Cost": 0.0, "Total Cost": 178770.64, "Plan Rows": 19995678, "Plan Width": 16, "Actual Min Startup Time": 0.135, "Actual Max Startup Time": 269.653, "Actual Min Total Time": 4058.419, "Actual Max Total Time": 4440.43, "Actual Total Rows": 37929348, "Plans": [{"Node Type": "Seq Scan", "Parent Relationship": "Outer", "Relation Name": "lineitem", "Alias": "l3", "Startup Cost": 0.0, "Total Cost": 96829.42, "Plan Rows": 19995678, "Plan Width": 16, "Actual Min Startup Time": 0.022, "Actual Max Startup Time": 0.476, "Actual Min Total Time": 488.072, "Actual Max Total Time": 549.268, "Actual Total Rows": 37929348, "Filter": "(l_receiptdate > l_commitdate), (LLVM Optimized, Jit Execute)", "Rows Removed by Filter": 22056704}]}]}]}]}, {"Node Type": "Hash", "Parent Relationship": "Inner", "Startup Cost": 214309.83, "Total Cost": 214309.83, "Plan Rows": 59987033, "Plan Width": 16, "Actual Min Startup Time": 4828.385, "Actual Max Startup Time": 5179.776, "Actual Min Total Time": 4828.385, "Actual Max Total Time": 5179.776, "Actual Total Rows": 59986052, "Max Hash Buckets": 1048576, "Min Hash Buckets": 1048576, "Max Hash Batches": 1, "Min Hash Batches": 1, "Max Original Hash Batches": 1, "Min Original Hash Batches": 1, "Max Peak Memory Usage": 43870, "min Peak Memory Usage": 43870, "Plans": [{"Node Type": "Streaming(type: LOCAL REDISTRIBUTE dop: 64/64)", "Parent Relationship": "Outer", "Startup Cost": 0.0, "Total Cost": 214309.83, "Plan Rows": 59987033, "Plan Width": 16, "Actual Min Startup Time": 0.133, "Actual Max Startup Time": 226.909, "Actual Min Total Time": 4279.788, "Actual Max Total Time": 4800.711, "Actual Total Rows": 59986052, "Plans": [{"Node Type": "Seq Scan", "Parent Relationship": "Outer", "Relation Name": "lineitem", "Alias": "l2", "Startup Cost": 0.0, "Total Cost": 94486.18, "Plan Rows": 59987033, "Plan Width": 16, "Actual Min Startup Time": 0.013, "Actual Max Startup Time": 0.084, "Actual Min Total Time": 369.422, "Actual Max Total Time": 393.711, "Actual Total Rows": 59986052}]}]}]}]}]}]}]}]}]}]}, "Triggers": [], "Planner Runtime": 18.954, "Total Runtime": 7930.79, "Unique SQL Id": 3870093320}}, "(64, 11)": {"explain_plan": {"Plan": {"Node Type": "Limit", "Startup Cost": 6001109326245.03, "Total Cost": 6001109326245.28, "Plan Rows": 100, "Plan Width": 34, "Plans": [{"Node Type": "Sort", "Parent Relationship": "Outer", "Startup Cost": 6001109326245.03, "Total Cost": 6001109326267.96, "Plan Rows": 100, "Plan Width": 34, "Sort Key": ["(count(*)) DESC", "supplier.s_name"], "Plans": [{"Node Type": "Aggregate", "Strategy": "Hashed", "Parent Relationship": "Outer", "Startup Cost": 6001109325802.77, "Total Cost": 6001109325894.49, "Plan Rows": 9172, "Plan Width": 34, "Group By Key": ["supplier.s_name"], "Plans": [{"Node Type": "Nested Loop", "Parent Relationship": "Outer", "Join Type": "Inner", "Startup Cost": 60036425616.82, "Total Cost": 6001109325756.91, "Plan Rows": 9172, "Plan Width": 26, "Inner Unique": false, "Join Filter": "(supplier.s_suppkey = l1.l_suppkey)", "Plans": [{"Node Type": "Merge Join", "Parent Relationship": "Outer", "Join Type": "Inner", "Startup Cost": 40036425616.82, "Total Cost": 4001036728206.72, "Plan Rows": 1201020, "Plan Width": 8, "Inner Unique": true, "Merge Cond": "(l1.l_orderkey = orders.o_orderkey)", "Plans": [{"Node Type": "Merge Join", "Parent Relationship": "Outer", "Join Type": "Semi", "Startup Cost": 30000000000.0, "Total Cost": 3001006768519.97, "Plan Rows": 949795, "Plan Width": 24, "Inner Unique": false, "Merge Cond": "(l1.l_orderkey = l2.l_orderkey), (LLVM Optimized)", "Join Filter": "(l2.l_suppkey <> l1.l_suppkey), (LLVM Optimized)", "Plans": [{"Node Type": "Merge Join", "Parent Relationship": "Outer", "Join Type": "Anti", "Startup Cost": 20000000000.0, "Total Cost": 2000682365976.25, "Plan Rows": 999784, "Plan Width": 16, "Inner Unique": false, "Merge Cond": "(l1.l_orderkey = l3.l_orderkey), (LLVM Optimized)", "Join Filter": "(l3.l_suppkey <> l1.l_suppkey), (LLVM Optimized)", "Plans": [{"Node Type": "Index Scan", "Parent Relationship": "Outer", "Scan Direction": "Forward", "Index Name": "idx_lineitem_orderkey", "Relation Name": "lineitem", "Alias": "l1", "Startup Cost": 10000000000.0, "Total Cost": 1000339012132.75, "Plan Rows": 19995678, "Plan Width": 16, "Filter": "(l_receiptdate > l_commitdate), (LLVM Optimized)"}, {"Node Type": "Materialize", "Parent Relationship": "Inner", "Startup Cost": 10000000000.0, "Total Cost": 1000339062121.94, "Plan Rows": 19995678, "Plan Width": 16, "Plans": [{"Node Type": "Index Scan", "Parent Relationship": "Outer", "Scan Direction": "Forward", "Index Name": "idx_lineitem_orderkey", "Relation Name": "lineitem", "Alias": "l3", "Startup Cost": 10000000000.0, "Total Cost": 1000339012132.75, "Plan Rows": 19995678, "Plan Width": 16, "Filter": "(l_receiptdate > l_commitdate), (LLVM Optimized)"}]}]}, {"Node Type": "Index Scan", "Parent Relationship": "Inner", "Scan Direction": "Forward", "Index Name": "idx_lineitem_orderkey", "Relation Name": "lineitem", "Alias": "l2", "Startup Cost": 10000000000.0, "Total Cost": 1000324015374.5, "Plan Rows": 59987033, "Plan Width": 16}]}, {"Node Type": "Index Scan", "Parent Relationship": "Inner", "Scan Direction": "Forward", "Index Name": "orders_pkey", "Relation Name": "orders", "Alias": "orders", "Startup Cost": 10000000000.0, "Total Cost": 1000076847713.25, "Plan Rows": 7338812, "Plan Width": 8, "Filter": "(o_orderstatus = 'F'::bpchar), (LLVM Optimized)"}]}, {"Node Type": "Materialize", "Parent Relationship": "Inner", "Startup Cost": 20000000000.0, "Total Cost": 2000000536360.19, "Plan Rows": 4000, "Plan Width": 34, "Plans": [{"Node Type": "Nested Loop", "Parent Relationship": "Outer", "Join Type": "Inner", "Startup Cost": 20000000000.0, "Total Cost": 2000000536340.19, "Plan Rows": 4000, "Plan Width": 34, "Inner Unique": true, "Join Filter": "(supplier.s_nationkey = nation.n_nationkey)", "Plans": [{"Node Type": "Index Scan", "Parent Relationship": "Outer", "Scan Direction": "Forward", "Index Name": "supplier_pkey", "Relation Name": "supplier", "Alias": "supplier", "Startup Cost": 10000000000.0, "Total Cost": 1000000533571.43, "Plan Rows": 100000, "Plan Width": 38}, {"Node Type": "Materialize", "Parent Relationship": "Inner", "Startup Cost": 10000000000.0, "Total Cost": 1000000001268.76, "Plan Rows": 1, "Plan Width": 4, "Plans": [{"Node Type": "Index Scan", "Parent Relationship": "Outer", "Scan Direction": "Forward", "Index Name": "nation_pkey", "Relation Name": "nation", "Alias": "nation", "Startup Cost": 10000000000.0, "Total Cost": 1000000001268.75, "Plan Rows": 1, "Plan Width": 4, "Filter": "(n_name = 'EGYPT'::bpchar)"}]}]}]}]}]}]}]}, "Unique SQL Id": 3870093320}, "explain_analyze_plan": null}, "(64, 12)": {"explain_plan": {"Plan": {"Node Type": "Limit", "Startup Cost": 229712.71, "Total Cost": 229712.96, "Plan Rows": 100, "Plan Width": 34, "Plans": [{"Node Type": "Sort", "Parent Relationship": "Outer", "Startup Cost": 229712.71, "Total Cost": 229735.64, "Plan Rows": 100, "Plan Width": 34, "Sort Key": ["(count(*)) DESC", "supplier.s_name"], "Plans": [{"Node Type": "Aggregate", "Strategy": "Hashed", "Parent Relationship": "Outer", "Startup Cost": 229270.44, "Total Cost": 229362.16, "Plan Rows": 9172, "Plan Width": 34, "Group By Key": ["supplier.s_name"], "Plans": [{"Node Type": "Nested Loop", "Parent Relationship": "Outer", "Join Type": "Inner", "Startup Cost": 71906.2, "Total Cost": 229224.58, "Plan Rows": 9172, "Plan Width": 26, "Inner Unique": true, "Join Filter": "(l1.l_orderkey = orders.o_orderkey)", "Plans": [{"Node Type": "Nested Loop", "Parent Relationship": "Outer", "Join Type": "Semi", "Startup Cost": 71906.2, "Total Cost": 222124.21, "Plan Rows": 7254, "Plan Width": 42, "Inner Unique": false, "Plans": [{"Node Type": "Nested Loop", "Parent Relationship": "Outer", "Join Type": "Anti", "Startup Cost": 71906.2, "Total Cost": 220268.65, "Plan Rows": 7635, "Plan Width": 42, "Inner Unique": false, "Plans": [{"Node Type": "Streaming(type: LOCAL GATHER dop: 1/64)", "Parent Relationship": "Outer", "Startup Cost": 71906.2, "Total Cost": 173081.43, "Plan Rows": 152707, "Plan Width": 42, "Plans": [{"Node Type": "Hash Join", "Parent Relationship": "Outer", "Join Type": "Inner", "Startup Cost": 71906.2, "Total Cost": 169931.1, "Plan Rows": 152707, "Plan Width": 42, "Inner Unique": false, "Hash Cond": "(l1.l_suppkey = supplier.s_suppkey), (LLVM Optimized)", "Plans": [{"Node Type": "Seq Scan", "Parent Relationship": "Outer", "Relation Name": "lineitem", "Alias": "l1", "Startup Cost": 0.0, "Total Cost": 96829.42, "Plan Rows": 19995678, "Plan Width": 16, "Filter": "(l_receiptdate > l_commitdate), (LLVM Optimized)"}, {"Node Type": "Hash", "Parent Relationship": "Inner", "Startup Cost": 71856.2, "Total Cost": 71856.2, "Plan Rows": 256000, "Plan Width": 34, "Plans": [{"Node Type": "Streaming(type: BROADCAST dop: 64/1)", "Parent Relationship": "Outer", "Startup Cost": 1.32, "Total Cost": 71856.2, "Plan Rows": 256000, "Plan Width": 34, "Plans": [{"Node Type": "Hash Join", "Parent Relationship": "Outer", "Join Type": "Inner", "Startup Cost": 1.32, "Total Cost": 3574.95, "Plan Rows": 4000, "Plan Width": 34, "Inner Unique": true, "Hash Cond": "(supplier.s_nationkey = nation.n_nationkey)", "Plans": [{"Node Type": "Seq Scan", "Parent Relationship": "Outer", "Relation Name": "supplier", "Alias": "supplier", "Startup Cost": 0.0, "Total Cost": 3283.0, "Plan Rows": 100000, "Plan Width": 38}, {"Node Type": "Hash", "Parent Relationship": "Inner", "Startup Cost": 1.31, "Total Cost": 1.31, "Plan Rows": 1, "Plan Width": 4, "Plans": [{"Node Type": "Seq Scan", "Parent Relationship": "Outer", "Relation Name": "nation", "Alias": "nation", "Startup Cost": 0.0, "Total Cost": 1.31, "Plan Rows": 1, "Plan Width": 4, "Filter": "(n_name = 'EGYPT'::bpchar)"}]}]}]}]}]}]}, {"Node Type": "Index Scan", "Parent Relationship": "Inner", "Scan Direction": "Forward", "Index Name": "idx_lineitem_orderkey", "Relation Name": "lineitem", "Alias": "l3", "Startup Cost": 0.0, "Total Cost": 1.63, "Plan Rows": 3, "Plan Width": 16, "Index Cond": "(l_orderkey = l1.l_orderkey)", "Filter": "((l_receiptdate > l_commitdate) AND (l_suppkey <> l1.l_suppkey))"}]}, {"Node Type": "Index Scan", "Parent Relationship": "Inner", "Scan Direction": "Forward", "Index Name": "idx_lineitem_orderkey", "Relation Name": "lineitem", "Alias": "l2", "Startup Cost": 0.0, "Total Cost": 1.63, "Plan Rows": 9, "Plan Width": 16, "Index Cond": "(l_orderkey = l1.l_orderkey)", "Filter": "(l_suppkey <> l1.l_suppkey)"}]}, {"Node Type": "Index Scan", "Parent Relationship": "Inner", "Scan Direction": "Forward", "Index Name": "orders_pkey", "Relation Name": "orders", "Alias": "orders", "Startup Cost": 0.0, "Total Cost": 0.97, "Plan Rows": 1, "Plan Width": 8, "Index Cond": "(o_orderkey = l2.l_orderkey)", "Filter": "(o_orderstatus = 'F'::bpchar)"}]}]}]}]}, "Unique SQL Id": 3870093320}, "explain_analyze_plan": {"Plan": {"Node Type": "Limit", "Startup Cost": 229712.71, "Total Cost": 229712.96, "Plan Rows": 100, "Plan Width": 34, "Actual Min Startup Time": 13636.309, "Actual Max Startup Time": 13636.309, "Actual Min Total Time": 13636.327, "Actual Max Total Time": 13636.327, "Actual Total Rows": 100, "Plans": [{"Node Type": "Sort", "Parent Relationship": "Outer", "Startup Cost": 229712.71, "Total Cost": 229735.64, "Plan Rows": 100, "Plan Width": 34, "Actual Min Startup Time": 13636.305, "Actual Max Startup Time": 13636.305, "Actual Min Total Time": 13636.311, "Actual Max Total Time": 13636.311, "Actual Total Rows": 100, "Sort Key": ["(count(*)) DESC", "supplier.s_name"], "Sort Method": "top-N heapsort", "Sort Space Min Used": 41, "Sort Space Max Used": 41, "Sort Space Type": "Memory", "Plans": [{"Node Type": "Aggregate", "Strategy": "Hashed", "Parent Relationship": "Outer", "Startup Cost": 229270.44, "Total Cost": 229362.16, "Plan Rows": 9172, "Plan Width": 34, "Actual Min Startup Time": 13632.846, "Actual Max Startup Time": 13632.846, "Actual Min Total Time": 13634.137, "Actual Max Total Time": 13634.137, "Actual Total Rows": 3981, "Group By Key": ["supplier.s_name"], "Plans": [{"Node Type": "Nested Loop", "Parent Relationship": "Outer", "Join Type": "Inner", "Startup Cost": 71906.2, "Total Cost": 229224.58, "Plan Rows": 9172, "Plan Width": 26, "Actual Min Startup Time": 512.775, "Actual Max Startup Time": 512.775, "Actual Min Total Time": 13579.691, "Actual Max Total Time": 13579.691, "Actual Total Rows": 39445, "Inner Unique": true, "Join Filter": "(l1.l_orderkey = orders.o_orderkey)", "Rows Removed by Join Filter": 0, "Plans": [{"Node Type": "Nested Loop", "Parent Relationship": "Outer", "Join Type": "Semi", "Startup Cost": 71906.2, "Total Cost": 222124.21, "Plan Rows": 7254, "Plan Width": 42, "Actual Min Startup Time": 512.571, "Actual Max Startup Time": 512.571, "Actual Min Total Time": 12928.423, "Actual Max Total Time": 12928.423, "Actual Total Rows": 80537, "Inner Unique": false, "Plans": [{"Node Type": "Nested Loop", "Parent Relationship": "Outer", "Join Type": "Anti", "Startup Cost": 71906.2, "Total Cost": 220268.65, "Plan Rows": 7635, "Plan Width": 42, "Actual Min Startup Time": 512.276, "Actual Max Startup Time": 512.276, "Actual Min Total Time": 12331.031, "Actual Max Total Time": 12331.031, "Actual Total Rows": 135110, "Inner Unique": false, "Plans": [{"Node Type": "Streaming(type: LOCAL GATHER dop: 1/64)", "Parent Relationship": "Outer", "Startup Cost": 71906.2, "Total Cost": 173081.43, "Plan Rows": 152707, "Plan Width": 42, "Actual Min Startup Time": 512.176, "Actual Max Startup Time": 512.176, "Actual Min Total Time": 1439.978, "Actual Max Total Time": 1439.978, "Actual Total Rows": 1511024, "Plans": [{"Node Type": "Hash Join", "Parent Relationship": "Outer", "Join Type": "Inner", "Startup Cost": 71906.2, "Total Cost": 169931.1, "Plan Rows": 152707, "Plan Width": 42, "Actual Min Startup Time": 228.244, "Actual Max Startup Time": 394.247, "Actual Min Total Time": 773.975, "Actual Max Total Time": 997.986, "Actual Total Rows": 1511024, "Inner Unique": false, "Hash Cond": "(l1.l_suppkey = supplier.s_suppkey), (LLVM Optimized, Jit Execute)", "Plans": [{"Node Type": "Seq Scan", "Parent Relationship": "Outer", "Relation Name": "lineitem", "Alias": "l1", "Startup Cost": 0.0, "Total Cost": 96829.42, "Plan Rows": 19995678, "Plan Width": 16, "Actual Min Startup Time": 0.024, "Actual Max Startup Time": 0.057, "Actual Min Total Time": 399.743, "Actual Max Total Time": 428.009, "Actual Total Rows": 37929348, "Filter": "(l_receiptdate > l_commitdate), (LLVM Optimized, Jit Execute)", "Rows Removed by Filter": 22056704}, {"Node Type": "Hash", "Parent Relationship": "Inner", "Startup Cost": 71856.2, "Total Cost": 71856.2, "Plan Rows": 256000, "Plan Width": 34, "Actual Min Startup Time": 228.117, "Actual Max Startup Time": 394.061, "Actual Min Total Time": 228.117, "Actual Max Total Time": 394.061, "Actual Total Rows": 254784, "Max Hash Buckets": 32768, "Min Hash Buckets": 32768, "Max Hash Batches": 1, "Min Hash Batches": 1, "Max Original Hash Batches": 1, "Min Original Hash Batches": 1, "Max Peak Memory Usage": 280, "min Peak Memory Usage": 280, "Plans": [{"Node Type": "Streaming(type: BROADCAST dop: 64/1)", "Parent Relationship": "Outer", "Startup Cost": 1.32, "Total Cost": 71856.2, "Plan Rows": 256000, "Plan Width": 34, "Actual Min Startup Time": 0.031, "Actual Max Startup Time": 0.086, "Actual Min Total Time": 226.542, "Actual Max Total Time": 392.45, "Actual Total Rows": 254784, "Plans": [{"Node Type": "Hash Join", "Parent Relationship": "Outer", "Join Type": "Inner", "Startup Cost": 1.32, "Total Cost": 3574.95, "Plan Rows": 4000, "Plan Width": 34, "Actual Min Startup Time": 0.169, "Actual Max Startup Time": 0.169, "Actual Min Total Time": 53.537, "Actual Max Total Time": 53.537, "Actual Total Rows": 3981, "Inner Unique": true, "Hash Cond": "(supplier.s_nationkey = nation.n_nationkey)", "Plans": [{"Node Type": "Seq Scan", "Parent Relationship": "Outer", "Relation Name": "supplier", "Alias": "supplier", "Startup Cost": 0.0, "Total Cost": 3283.0, "Plan Rows": 100000, "Plan Width": 38, "Actual Min Startup Time": 0.029, "Actual Max Startup Time": 0.029, "Actual Min Total Time": 33.55, "Actual Max Total Time": 33.55, "Actual Total Rows": 100000}, {"Node Type": "Hash", "Parent Relationship": "Inner", "Startup Cost": 1.31, "Total Cost": 1.31, "Plan Rows": 1, "Plan Width": 4, "Actual Min Startup Time": 0.052, "Actual Max Startup Time": 0.052, "Actual Min Total Time": 0.052, "Actual Max Total Time": 0.052, "Actual Total Rows": 1, "Max Hash Buckets": 32768, "Min Hash Buckets": 32768, "Max Hash Batches": 1, "Min Hash Batches": 1, "Max Original Hash Batches": 1, "Min Original Hash Batches": 1, "Max Peak Memory Usage": 1, "min Peak Memory Usage": 1, "Plans": [{"Node Type": "Seq Scan", "Parent Relationship": "Outer", "Relation Name": "nation", "Alias": "nation", "Startup Cost": 0.0, "Total Cost": 1.31, "Plan Rows": 1, "Plan Width": 4, "Actual Min Startup Time": 0.029, "Actual Max Startup Time": 0.029, "Actual Min Total Time": 0.035, "Actual Max Total Time": 0.035, "Actual Total Rows": 1, "Filter": "(n_name = 'EGYPT'::bpchar)", "Rows Removed by Filter": 24}]}]}]}]}]}]}, {"Node Type": "Index Scan", "Parent Relationship": "Inner", "Scan Direction": "Forward", "Index Name": "idx_lineitem_orderkey", "Relation Name": "lineitem", "Alias": "l3", "Startup Cost": 0.0, "Total Cost": 1.63, "Plan Rows": 3, "Plan Width": 16, "Actual Min Startup Time": 9862.102, "Actual Max Startup Time": 9862.102, "Actual Min Total Time": 9862.102, "Actual Max Total Time": 9862.102, "Actual Total Rows": 1375914, "Index Cond": "(l_orderkey = l1.l_orderkey)", "Rows Removed by Index Recheck": 0, "Filter": "((l_receiptdate > l_commitdate) AND (l_suppkey <> l1.l_suppkey))", "Rows Removed by Filter": 1348115}]}, {"Node Type": "Index Scan", "Parent Relationship": "Inner", "Scan Direction": "Forward", "Index Name": "idx_lineitem_orderkey", "Relation Name": "lineitem", "Alias": "l2", "Startup Cost": 0.0, "Total Cost": 1.63, "Plan Rows": 9, "Plan Width": 16, "Actual Min Startup Time": 499.737, "Actual Max Startup Time": 499.737, "Actual Min Total Time": 499.737, "Actual Max Total Time": 499.737, "Actual Total Rows": 80537, "Index Cond": "(l_orderkey = l1.l_orderkey)", "Rows Removed by Index Recheck": 0, "Filter": "(l_suppkey <> l1.l_suppkey)", "Rows Removed by Filter": 85912}]}, {"Node Type": "Index Scan", "Parent Relationship": "Inner", "Scan Direction": "Forward", "Index Name": "orders_pkey", "Relation Name": "orders", "Alias": "orders", "Startup Cost": 0.0, "Total Cost": 0.97, "Plan Rows": 1, "Plan Width": 8, "Actual Min Startup Time": 584.577, "Actual Max Startup Time": 584.577, "Actual Min Total Time": 584.577, "Actual Max Total Time": 584.577, "Actual Total Rows": 39445, "Index Cond": "(o_orderkey = l2.l_orderkey)", "Rows Removed by Index Recheck": 0, "Filter": "(o_orderstatus = 'F'::bpchar)", "Rows Removed by Filter": 41092}]}]}]}]}, "Triggers": [], "Planner Runtime": 14.895, "Total Runtime": 13661.622, "Unique SQL Id": 3870093320}}, "(64, 13)": {"explain_plan": {"Plan": {"Node Type": "Limit", "Startup Cost": 2849947.01, "Total Cost": 2849947.26, "Plan Rows": 100, "Plan Width": 34, "Plans": [{"Node Type": "Sort", "Parent Relationship": "Outer", "Startup Cost": 2849947.01, "Total Cost": 2849969.94, "Plan Rows": 100, "Plan Width": 34, "Sort Key": ["(count(*)) DESC", "supplier.s_name"], "Plans": [{"Node Type": "Aggregate", "Strategy": "Hashed", "Parent Relationship": "Outer", "Startup Cost": 2849504.74, "Total Cost": 2849596.46, "Plan Rows": 9172, "Plan Width": 34, "Group By Key": ["supplier.s_name"], "Plans": [{"Node Type": "Nested Loop", "Parent Relationship": "Outer", "Join Type": "Inner", "Startup Cost": 73970.29, "Total Cost": 2849458.88, "Plan Rows": 9172, "Plan Width": 26, "Inner Unique": true, "Join Filter": "(l1.l_orderkey = orders.o_orderkey)", "Plans": [{"Node Type": "Nested Loop", "Parent Relationship": "Outer", "Join Type": "Semi", "Startup Cost": 73970.29, "Total Cost": 2842358.51, "Plan Rows": 7254, "Plan Width": 42, "Inner Unique": false, "Plans": [{"Node Type": "Nested Loop", "Parent Relationship": "Outer", "Join Type": "Anti", "Startup Cost": 73970.29, "Total Cost": 2840502.95, "Plan Rows": 7635, "Plan Width": 42, "Inner Unique": false, "Plans": [{"Node Type": "Streaming(type: LOCAL GATHER dop: 1/64)", "Parent Relationship": "Outer", "Startup Cost": 73970.29, "Total Cost": 2793315.73, "Plan Rows": 152707, "Plan Width": 42, "Plans": [{"Node Type": "Hash Join", "Parent Relationship": "Outer", "Join Type": "Inner", "Startup Cost": 73970.29, "Total Cost": 2790165.4, "Plan Rows": 152707, "Plan Width": 42, "Inner Unique": false, "Hash Cond": "(l1.l_suppkey = supplier.s_suppkey), (LLVM Optimized)", "Plans": [{"Node Type": "Index Scan", "Parent Relationship": "Outer", "Scan Direction": "Forward", "Index Name": "idx_lineitem_orderkey", "Relation Name": "lineitem", "Alias": "l1", "Startup Cost": 0.0, "Total Cost": 2714999.63, "Plan Rows": 19995678, "Plan Width": 16, "Filter": "(l_receiptdate > l_commitdate), (LLVM Optimized)"}, {"Node Type": "Hash", "Parent Relationship": "Inner", "Startup Cost": 73920.29, "Total Cost": 73920.29, "Plan Rows": 256000, "Plan Width": 34, "Plans": [{"Node Type": "Streaming(type: BROADCAST dop: 64/1)", "Parent Relationship": "Outer", "Startup Cost": 12.7, "Total Cost": 73920.29, "Plan Rows": 256000, "Plan Width": 34, "Plans": [{"Node Type": "Hash Join", "Parent Relationship": "Outer", "Join Type": "Inner", "Startup Cost": 12.7, "Total Cost": 5639.04, "Plan Rows": 4000, "Plan Width": 34, "Inner Unique": true, "Hash Cond": "(supplier.s_nationkey = nation.n_nationkey)", "Plans": [{"Node Type": "Index Scan", "Parent Relationship": "Outer", "Scan Direction": "Forward", "Index Name": "supplier_pkey", "Relation Name": "supplier", "Alias": "supplier", "Startup Cost": 0.0, "Total Cost": 5335.71, "Plan Rows": 100000, "Plan Width": 38}, {"Node Type": "Hash", "Parent Relationship": "Inner", "Startup Cost": 12.69, "Total Cost": 12.69, "Plan Rows": 1, "Plan Width": 4, "Plans": [{"Node Type": "Index Scan", "Parent Relationship": "Outer", "Scan Direction": "Forward", "Index Name": "nation_pkey", "Relation Name": "nation", "Alias": "nation", "Startup Cost": 0.0, "Total Cost": 12.69, "Plan Rows": 1, "Plan Width": 4, "Filter": "(n_name = 'EGYPT'::bpchar)"}]}]}]}]}]}]}, {"Node Type": "Index Scan", "Parent Relationship": "Inner", "Scan Direction": "Forward", "Index Name": "idx_lineitem_orderkey", "Relation Name": "lineitem", "Alias": "l3", "Startup Cost": 0.0, "Total Cost": 1.63, "Plan Rows": 3, "Plan Width": 16, "Index Cond": "(l_orderkey = l1.l_orderkey)", "Filter": "((l_receiptdate > l_commitdate) AND (l_suppkey <> l1.l_suppkey))"}]}, {"Node Type": "Index Scan", "Parent Relationship": "Inner", "Scan Direction": "Forward", "Index Name": "idx_lineitem_orderkey", "Relation Name": "lineitem", "Alias": "l2", "Startup Cost": 0.0, "Total Cost": 1.63, "Plan Rows": 9, "Plan Width": 16, "Index Cond": "(l_orderkey = l1.l_orderkey)", "Filter": "(l_suppkey <> l1.l_suppkey)"}]}, {"Node Type": "Index Scan", "Parent Relationship": "Inner", "Scan Direction": "Forward", "Index Name": "orders_pkey", "Relation Name": "orders", "Alias": "orders", "Startup Cost": 0.0, "Total Cost": 0.97, "Plan Rows": 1, "Plan Width": 8, "Index Cond": "(o_orderkey = l2.l_orderkey)", "Filter": "(o_orderstatus = 'F'::bpchar)"}]}]}]}]}, "Unique SQL Id": 3870093320}, "explain_analyze_plan": {"Plan": {"Node Type": "Limit", "Startup Cost": 2849947.01, "Total Cost": 2849947.26, "Plan Rows": 100, "Plan Width": 34, "Actual Min Startup Time": 13508.662, "Actual Max Startup Time": 13508.662, "Actual Min Total Time": 13508.68, "Actual Max Total Time": 13508.68, "Actual Total Rows": 100, "Plans": [{"Node Type": "Sort", "Parent Relationship": "Outer", "Startup Cost": 2849947.01, "Total Cost": 2849969.94, "Plan Rows": 100, "Plan Width": 34, "Actual Min Startup Time": 13508.659, "Actual Max Startup Time": 13508.659, "Actual Min Total Time": 13508.666, "Actual Max Total Time": 13508.666, "Actual Total Rows": 100, "Sort Key": ["(count(*)) DESC", "supplier.s_name"], "Sort Method": "top-N heapsort", "Sort Space Min Used": 41, "Sort Space Max Used": 41, "Sort Space Type": "Memory", "Plans": [{"Node Type": "Aggregate", "Strategy": "Hashed", "Parent Relationship": "Outer", "Startup Cost": 2849504.74, "Total Cost": 2849596.46, "Plan Rows": 9172, "Plan Width": 34, "Actual Min Startup Time": 13505.048, "Actual Max Startup Time": 13505.048, "Actual Min Total Time": 13506.352, "Actual Max Total Time": 13506.352, "Actual Total Rows": 3981, "Group By Key": ["supplier.s_name"], "Plans": [{"Node Type": "Nested Loop", "Parent Relationship": "Outer", "Join Type": "Inner", "Startup Cost": 73970.29, "Total Cost": 2849458.88, "Plan Rows": 9172, "Plan Width": 26, "Actual Min Startup Time": 866.952, "Actual Max Startup Time": 866.952, "Actual Min Total Time": 13452.829, "Actual Max Total Time": 13452.829, "Actual Total Rows": 39445, "Inner Unique": true, "Join Filter": "(l1.l_orderkey = orders.o_orderkey)", "Rows Removed by Join Filter": 0, "Plans": [{"Node Type": "Nested Loop", "Parent Relationship": "Outer", "Join Type": "Semi", "Startup Cost": 73970.29, "Total Cost": 2842358.51, "Plan Rows": 7254, "Plan Width": 42, "Actual Min Startup Time": 866.923, "Actual Max Startup Time": 866.923, "Actual Min Total Time": 12841.457, "Actual Max Total Time": 12841.457, "Actual Total Rows": 80537, "Inner Unique": false, "Plans": [{"Node Type": "Nested Loop", "Parent Relationship": "Outer", "Join Type": "Anti", "Startup Cost": 73970.29, "Total Cost": 2840502.95, "Plan Rows": 7635, "Plan Width": 42, "Actual Min Startup Time": 866.522, "Actual Max Startup Time": 866.522, "Actual Min Total Time": 12248.776, "Actual Max Total Time": 12248.776, "Actual Total Rows": 135110, "Inner Unique": false, "Plans": [{"Node Type": "Streaming(type: LOCAL GATHER dop: 1/64)", "Parent Relationship": "Outer", "Startup Cost": 73970.29, "Total Cost": 2793315.73, "Plan Rows": 152707, "Plan Width": 42, "Actual Min Startup Time": 866.275, "Actual Max Startup Time": 866.275, "Actual Min Total Time": 1637.063, "Actual Max Total Time": 1637.063, "Actual Total Rows": 1511024, "Plans": [{"Node Type": "Hash Join", "Parent Relationship": "Outer", "Join Type": "Inner", "Startup Cost": 73970.29, "Total Cost": 2790165.4, "Plan Rows": 152707, "Plan Width": 42, "Actual Min Startup Time": 656.699, "Actual Max Startup Time": 791.999, "Actual Min Total Time": 1464.928, "Actual Max Total Time": 1710.32, "Actual Total Rows": 1511024, "Inner Unique": false, "Hash Cond": "(l1.l_suppkey = supplier.s_suppkey), (LLVM Optimized, Jit Execute)", "Plans": [{"Node Type": "Index Scan", "Parent Relationship": "Outer", "Scan Direction": "Forward", "Index Name": "idx_lineitem_orderkey", "Relation Name": "lineitem", "Alias": "l1", "Startup Cost": 0.0, "Total Cost": 2714999.63, "Plan Rows": 19995678, "Plan Width": 16, "Actual Min Startup Time": 456.81, "Actual Max Startup Time": 457.425, "Actual Min Total Time": 1109.899, "Actual Max Total Time": 1280.547, "Actual Total Rows": 37929348, "Filter": "(l_receiptdate > l_commitdate), (LLVM Optimized, Jit Execute)", "Rows Removed by Filter": 22056704}, {"Node Type": "Hash", "Parent Relationship": "Inner", "Startup Cost": 73920.29, "Total Cost": 73920.29, "Plan Rows": 256000, "Plan Width": 34, "Actual Min Startup Time": 199.503, "Actual Max Startup Time": 334.947, "Actual Min Total Time": 199.503, "Actual Max Total Time": 334.947, "Actual Total Rows": 254784, "Max Hash Buckets": 32768, "Min Hash Buckets": 32768, "Max Hash Batches": 1, "Min Hash Batches": 1, "Max Original Hash Batches": 1, "Min Original Hash Batches": 1, "Max Peak Memory Usage": 280, "min Peak Memory Usage": 280, "Plans": [{"Node Type": "Streaming(type: BROADCAST dop: 64/1)", "Parent Relationship": "Outer", "Startup Cost": 12.7, "Total Cost": 73920.29, "Plan Rows": 256000, "Plan Width": 34, "Actual Min Startup Time": 0.028, "Actual Max Startup Time": 30.459, "Actual Min Total Time": 198.406, "Actual Max Total Time": 333.648, "Actual Total Rows": 254784, "Plans": [{"Node Type": "Hash Join", "Parent Relationship": "Outer", "Join Type": "Inner", "Startup Cost": 12.7, "Total Cost": 5639.04, "Plan Rows": 4000, "Plan Width": 34, "Actual Min Startup Time": 0.261, "Actual Max Startup Time": 0.261, "Actual Min Total Time": 73.364, "Actual Max Total Time": 73.364, "Actual Total Rows": 3981, "Inner Unique": true, "Hash Cond": "(supplier.s_nationkey = nation.n_nationkey)", "Plans": [{"Node Type": "Index Scan", "Parent Relationship": "Outer", "Scan Direction": "Forward", "Index Name": "supplier_pkey", "Relation Name": "supplier", "Alias": "supplier", "Startup Cost": 0.0, "Total Cost": 5335.71, "Plan Rows": 100000, "Plan Width": 38, "Actual Min Startup Time": 0.048, "Actual Max Startup Time": 0.048, "Actual Min Total Time": 53.248, "Actual Max Total Time": 53.248, "Actual Total Rows": 100000}, {"Node Type": "Hash", "Parent Relationship": "Inner", "Startup Cost": 12.69, "Total Cost": 12.69, "Plan Rows": 1, "Plan Width": 4, "Actual Min Startup Time": 0.066, "Actual Max Startup Time": 0.066, "Actual Min Total Time": 0.066, "Actual Max Total Time": 0.066, "Actual Total Rows": 1, "Max Hash Buckets": 32768, "Min Hash Buckets": 32768, "Max Hash Batches": 1, "Min Hash Batches": 1, "Max Original Hash Batches": 1, "Min Original Hash Batches": 1, "Max Peak Memory Usage": 1, "min Peak Memory Usage": 1, "Plans": [{"Node Type": "Index Scan", "Parent Relationship": "Outer", "Scan Direction": "Forward", "Index Name": "nation_pkey", "Relation Name": "nation", "Alias": "nation", "Startup Cost": 0.0, "Total Cost": 12.69, "Plan Rows": 1, "Plan Width": 4, "Actual Min Startup Time": 0.041, "Actual Max Startup Time": 0.041, "Actual Min Total Time": 0.054, "Actual Max Total Time": 0.054, "Actual Total Rows": 1, "Filter": "(n_name = 'EGYPT'::bpchar)", "Rows Removed by Filter": 24}]}]}]}]}]}]}, {"Node Type": "Index Scan", "Parent Relationship": "Inner", "Scan Direction": "Forward", "Index Name": "idx_lineitem_orderkey", "Relation Name": "lineitem", "Alias": "l3", "Startup Cost": 0.0, "Total Cost": 1.63, "Plan Rows": 3, "Plan Width": 16, "Actual Min Startup Time": 9590.99, "Actual Max Startup Time": 9590.99, "Actual Min Total Time": 9590.99, "Actual Max Total Time": 9590.99, "Actual Total Rows": 1375914, "Index Cond": "(l_orderkey = l1.l_orderkey)", "Rows Removed by Index Recheck": 0, "Filter": "((l_receiptdate > l_commitdate) AND (l_suppkey <> l1.l_suppkey))", "Rows Removed by Filter": 1348115}]}, {"Node Type": "Index Scan", "Parent Relationship": "Inner", "Scan Direction": "Forward", "Index Name": "idx_lineitem_orderkey", "Relation Name": "lineitem", "Alias": "l2", "Startup Cost": 0.0, "Total Cost": 1.63, "Plan Rows": 9, "Plan Width": 16, "Actual Min Startup Time": 498.83, "Actual Max Startup Time": 498.83, "Actual Min Total Time": 498.83, "Actual Max Total Time": 498.83, "Actual Total Rows": 80537, "Index Cond": "(l_orderkey = l1.l_orderkey)", "Rows Removed by Index Recheck": 0, "Filter": "(l_suppkey <> l1.l_suppkey)", "Rows Removed by Filter": 85912}]}, {"Node Type": "Index Scan", "Parent Relationship": "Inner", "Scan Direction": "Forward", "Index Name": "orders_pkey", "Relation Name": "orders", "Alias": "orders", "Startup Cost": 0.0, "Total Cost": 0.97, "Plan Rows": 1, "Plan Width": 8, "Actual Min Startup Time": 546.674, "Actual Max Startup Time": 546.674, "Actual Min Total Time": 546.674, "Actual Max Total Time": 546.674, "Actual Total Rows": 39445, "Index Cond": "(o_orderkey = l2.l_orderkey)", "Rows Removed by Index Recheck": 0, "Filter": "(o_orderstatus = 'F'::bpchar)", "Rows Removed by Filter": 41092}]}]}]}]}, "Triggers": [], "Planner Runtime": 13.48, "Total Runtime": 13534.765, "Unique SQL Id": 3870093320}}, "(64, 14)": {"explain_plan": {"Plan": {"Node Type": "Limit", "Startup Cost": 578585.46, "Total Cost": 578585.71, "Plan Rows": 100, "Plan Width": 34, "Plans": [{"Node Type": "Sort", "Parent Relationship": "Outer", "Startup Cost": 578585.46, "Total Cost": 578585.71, "Plan Rows": 100, "Plan Width": 34, "Sort Key": ["(count(*)) DESC", "supplier.s_name"], "Plans": [{"Node Type": "Streaming(type: LOCAL GATHER dop: 1/64)", "Parent Relationship": "Outer", "Startup Cost": 578581.34, "Total Cost": 578582.13, "Plan Rows": 100, "Plan Width": 34, "Plans": [{"Node Type": "Limit", "Parent Relationship": "Outer", "Startup Cost": 578581.34, "Total Cost": 578581.59, "Plan Rows": 100, "Plan Width": 34, "Plans": [{"Node Type": "Sort", "Parent Relationship": "Outer", "Startup Cost": 578581.34, "Total Cost": 578604.27, "Plan Rows": 100, "Plan Width": 34, "Sort Key": ["(count(*)) DESC", "supplier.s_name"], "Plans": [{"Node Type": "Aggregate", "Strategy": "Hashed", "Parent Relationship": "Outer", "Startup Cost": 578229.36, "Total Cost": 578230.79, "Plan Rows": 9172, "Plan Width": 34, "Group By Key": ["supplier.s_name"], "Plans": [{"Node Type": "Streaming(type: LOCAL REDISTRIBUTE dop: 64/64)", "Parent Relationship": "Outer", "Startup Cost": 283866.77, "Total Cost": 578228.64, "Plan Rows": 9172, "Plan Width": 26, "Plans": [{"Node Type": "Hash Join", "Parent Relationship": "Outer", "Join Type": "Semi", "Startup Cost": 283866.77, "Total Cost": 577928.76, "Plan Rows": 9172, "Plan Width": 26, "Inner Unique": false, "Hash Cond": "(orders.o_orderkey = l2.l_orderkey)", "Join Filter": "(l2.l_suppkey <> l1.l_suppkey)", "Plans": [{"Node Type": "Streaming(type: LOCAL REDISTRIBUTE dop: 64/64)", "Parent Relationship": "Outer", "Startup Cost": 218573.09, "Total Cost": 512631.13, "Plan Rows": 9655, "Plan Width": 50, "Plans": [{"Node Type": "Hash Join", "Parent Relationship": "Outer", "Join Type": "Anti", "Startup Cost": 218573.09, "Total Cost": 449621.98, "Plan Rows": 9655, "Plan Width": 50, "Inner Unique": false, "Hash Cond": "(l1.l_orderkey = l3.l_orderkey)", "Join Filter": "(l3.l_suppkey <> l1.l_suppkey)", "Plans": [{"Node Type": "Streaming(type: LOCAL REDISTRIBUTE dop: 64/64)", "Parent Relationship": "Outer", "Startup Cost": 143588.19, "Total Cost": 374602.56, "Plan Rows": 193099, "Plan Width": 50, "Plans": [{"Node Type": "Hash Join", "Parent Relationship": "Outer", "Join Type": "Inner", "Startup Cost": 143588.19, "Total Cost": 311419.64, "Plan Rows": 193099, "Plan Width": 50, "Inner Unique": true, "Hash Cond": "(l1.l_orderkey = orders.o_orderkey), (LLVM Optimized)", "Plans": [{"Node Type": "Streaming(type: BROADCAST dop: 64/64)", "Parent Relationship": "Outer", "Startup Cost": 71906.2, "Total Cost": 239134.82, "Plan Rows": 9773248, "Plan Width": 42, "Plans": [{"Node Type": "Hash Join", "Parent Relationship": "Outer", "Join Type": "Inner", "Startup Cost": 71906.2, "Total Cost": 169931.1, "Plan Rows": 152707, "Plan Width": 42, "Inner Unique": false, "Hash Cond": "(l1.l_suppkey = supplier.s_suppkey), (LLVM Optimized)", "Plans": [{"Node Type": "Seq Scan", "Parent Relationship": "Outer", "Relation Name": "lineitem", "Alias": "l1", "Startup Cost": 0.0, "Total Cost": 96829.42, "Plan Rows": 19995678, "Plan Width": 16, "Filter": "(l_receiptdate > l_commitdate), (LLVM Optimized)"}, {"Node Type": "Hash", "Parent Relationship": "Inner", "Startup Cost": 71856.2, "Total Cost": 71856.2, "Plan Rows": 256000, "Plan Width": 34, "Plans": [{"Node Type": "Streaming(type: BROADCAST dop: 64/1)", "Parent Relationship": "Outer", "Startup Cost": 1.32, "Total Cost": 71856.2, "Plan Rows": 256000, "Plan Width": 34, "Plans": [{"Node Type": "Hash Join", "Parent Relationship": "Outer", "Join Type": "Inner", "Startup Cost": 1.32, "Total Cost": 3574.95, "Plan Rows": 4000, "Plan Width": 34, "Inner Unique": true, "Hash Cond": "(supplier.s_nationkey = nation.n_nationkey)", "Plans": [{"Node Type": "Seq Scan", "Parent Relationship": "Outer", "Relation Name": "supplier", "Alias": "supplier", "Startup Cost": 0.0, "Total Cost": 3283.0, "Plan Rows": 100000, "Plan Width": 38}, {"Node Type": "Hash", "Parent Relationship": "Inner", "Startup Cost": 1.31, "Total Cost": 1.31, "Plan Rows": 1, "Plan Width": 4, "Plans": [{"Node Type": "Seq Scan", "Parent Relationship": "Outer", "Relation Name": "nation", "Alias": "nation", "Startup Cost": 0.0, "Total Cost": 1.31, "Plan Rows": 1, "Plan Width": 4, "Filter": "(n_name = 'EGYPT'::bpchar)"}]}]}]}]}]}]}, {"Node Type": "Hash", "Parent Relationship": "Inner", "Startup Cost": 70248.63, "Total Cost": 70248.63, "Plan Rows": 7338812, "Plan Width": 8, "Plans": [{"Node Type": "Seq Scan", "Parent Relationship": "Outer", "Relation Name": "orders", "Alias": "orders", "Startup Cost": 0.0, "Total Cost": 70248.63, "Plan Rows": 7338812, "Plan Width": 8, "Filter": "(o_orderstatus = 'F'::bpchar), (LLVM Optimized)"}]}]}]}, {"Node Type": "Hash", "Parent Relationship": "Inner", "Startup Cost": 178770.64, "Total Cost": 178770.64, "Plan Rows": 19995678, "Plan Width": 16, "Plans": [{"Node Type": "Streaming(type: LOCAL REDISTRIBUTE dop: 64/64)", "Parent Relationship": "Outer", "Startup Cost": 0.0, "Total Cost": 178770.64, "Plan Rows": 19995678, "Plan Width": 16, "Plans": [{"Node Type": "Seq Scan", "Parent Relationship": "Outer", "Relation Name": "lineitem", "Alias": "l3", "Startup Cost": 0.0, "Total Cost": 96829.42, "Plan Rows": 19995678, "Plan Width": 16, "Filter": "(l_receiptdate > l_commitdate), (LLVM Optimized)"}]}]}]}]}, {"Node Type": "Hash", "Parent Relationship": "Inner", "Startup Cost": 214309.83, "Total Cost": 214309.83, "Plan Rows": 59987033, "Plan Width": 16, "Plans": [{"Node Type": "Streaming(type: LOCAL REDISTRIBUTE dop: 64/64)", "Parent Relationship": "Outer", "Startup Cost": 0.0, "Total Cost": 214309.83, "Plan Rows": 59987033, "Plan Width": 16, "Plans": [{"Node Type": "Seq Scan", "Parent Relationship": "Outer", "Relation Name": "lineitem", "Alias": "l2", "Startup Cost": 0.0, "Total Cost": 94486.18, "Plan Rows": 59987033, "Plan Width": 16}]}]}]}]}]}]}]}]}]}]}, "Unique SQL Id": 3870093320}, "explain_analyze_plan": {"Plan": {"Node Type": "Limit", "Startup Cost": 578585.46, "Total Cost": 578585.71, "Plan Rows": 100, "Plan Width": 34, "Actual Min Startup Time": 7798.992, "Actual Max Startup Time": 7798.992, "Actual Min Total Time": 7799.011, "Actual Max Total Time": 7799.011, "Actual Total Rows": 100, "Plans": [{"Node Type": "Sort", "Parent Relationship": "Outer", "Startup Cost": 578585.46, "Total Cost": 578585.71, "Plan Rows": 100, "Plan Width": 34, "Actual Min Startup Time": 7798.99, "Actual Max Startup Time": 7798.99, "Actual Min Total Time": 7798.999, "Actual Max Total Time": 7798.999, "Actual Total Rows": 100, "Sort Key": ["(count(*)) DESC", "supplier.s_name"], "Sort Method": "top-N heapsort", "Sort Space Min Used": 40, "Sort Space Max Used": 40, "Sort Space Type": "Memory", "Plans": [{"Node Type": "Streaming(type: LOCAL GATHER dop: 1/64)", "Parent Relationship": "Outer", "Startup Cost": 578581.34, "Total Cost": 578582.13, "Plan Rows": 100, "Plan Width": 34, "Actual Min Startup Time": 7795.542, "Actual Max Startup Time": 7795.542, "Actual Min Total Time": 7797.214, "Actual Max Total Time": 7797.214, "Actual Total Rows": 3981, "Plans": [{"Node Type": "Limit", "Parent Relationship": "Outer", "Startup Cost": 578581.34, "Total Cost": 578581.59, "Plan Rows": 100, "Plan Width": 34, "Actual Min Startup Time": 6914.12, "Actual Max Startup Time": 7225.363, "Actual Min Total Time": 6914.135, "Actual Max Total Time": 7225.378, "Actual Total Rows": 3981, "Plans": [{"Node Type": "Sort", "Parent Relationship": "Outer", "Startup Cost": 578581.34, "Total Cost": 578604.27, "Plan Rows": 100, "Plan Width": 34, "Actual Min Startup Time": 6914.118, "Actual Max Startup Time": 7225.36, "Actual Min Total Time": 6914.124, "Actual Max Total Time": 7225.366, "Actual Total Rows": 3981, "Sort Key": ["(count(*)) DESC", "supplier.s_name"], "Sort Method": "quicksort", "Sort Space Min Used": 30, "Sort Space Max Used": 30, "Sort Space Type": "Memory", "Plans": [{"Node Type": "Aggregate", "Strategy": "Hashed", "Parent Relationship": "Outer", "Startup Cost": 578229.36, "Total Cost": 578230.79, "Plan Rows": 9172, "Plan Width": 34, "Actual Min Startup Time": 6913.969, "Actual Max Startup Time": 7225.239, "Actual Min Total Time": 6913.985, "Actual Max Total Time": 7225.255, "Actual Total Rows": 3981, "Group By Key": ["supplier.s_name"], "Plans": [{"Node Type": "Streaming(type: LOCAL REDISTRIBUTE dop: 64/64)", "Parent Relationship": "Outer", "Startup Cost": 283866.77, "Total Cost": 578228.64, "Plan Rows": 9172, "Plan Width": 26, "Actual Min Startup Time": 6903.606, "Actual Max Startup Time": 7214.281, "Actual Min Total Time": 6913.639, "Actual Max Total Time": 7224.957, "Actual Total Rows": 39445, "Plans": [{"Node Type": "Hash Join", "Parent Relationship": "Outer", "Join Type": "Semi", "Startup Cost": 283866.77, "Total Cost": 577928.76, "Plan Rows": 9172, "Plan Width": 26, "Actual Min Startup Time": 4907.149, "Actual Max Startup Time": 5234.279, "Actual Min Total Time": 6846.486, "Actual Max Total Time": 7183.522, "Actual Total Rows": 39445, "Inner Unique": false, "Hash Cond": "(orders.o_orderkey = l2.l_orderkey)", "Join Filter": "(l2.l_suppkey <> l1.l_suppkey)", "Rows Removed by Join Filter": 42084, "Plans": [{"Node Type": "Streaming(type: LOCAL REDISTRIBUTE dop: 64/64)", "Parent Relationship": "Outer", "Startup Cost": 218573.09, "Total Cost": 512631.13, "Plan Rows": 9655, "Plan Width": 50, "Actual Min Startup Time": 0.365, "Actual Max Startup Time": 157.652, "Actual Min Total Time": 1996.222, "Actual Max Total Time": 2003.415, "Actual Total Rows": 66116, "Plans": [{"Node Type": "Hash Join", "Parent Relationship": "Outer", "Join Type": "Anti", "Startup Cost": 218573.09, "Total Cost": 449621.98, "Plan Rows": 9655, "Plan Width": 50, "Actual Min Startup Time": 4389.144, "Actual Max Startup Time": 5088.636, "Actual Min Total Time": 6830.133, "Actual Max Total Time": 7215.882, "Actual Total Rows": 66116, "Inner Unique": false, "Hash Cond": "(l1.l_orderkey = l3.l_orderkey)", "Join Filter": "(l3.l_suppkey <> l1.l_suppkey)", "Rows Removed by Join Filter": 265448, "Plans": [{"Node Type": "Streaming(type: LOCAL REDISTRIBUTE dop: 64/64)", "Parent Relationship": "Outer", "Startup Cost": 143588.19, "Total Cost": 374602.56, "Plan Rows": 193099, "Plan Width": 50, "Actual Min Startup Time": 2.686, "Actual Max Startup Time": 468.345, "Actual Min Total Time": 2388.81, "Actual Max Total Time": 2494.526, "Actual Total Rows": 729618, "Plans": [{"Node Type": "Hash Join", "Parent Relationship": "Outer", "Join Type": "Inner", "Startup Cost": 143588.19, "Total Cost": 311419.64, "Plan Rows": 193099, "Plan Width": 50, "Actual Min Startup Time": 328.031, "Actual Max Startup Time": 857.405, "Actual Min Total Time": 5000.369, "Actual Max Total Time": 7075.369, "Actual Total Rows": 729618, "Inner Unique": true, "Hash Cond": "(l1.l_orderkey = orders.o_orderkey), (LLVM Optimized, Jit Execute)", "Plans": [{"Node Type": "Streaming(type: BROADCAST dop: 64/64)", "Parent Relationship": "Outer", "Startup Cost": 71906.2, "Total Cost": 239134.82, "Plan Rows": 9773248, "Plan Width": 42, "Actual Min Startup Time": 137.356, "Actual Max Startup Time": 642.151, "Actual Min Total Time": 3765.372, "Actual Max Total Time": 6059.609, "Actual Total Rows": 96705536, "Plans": [{"Node Type": "Hash Join", "Parent Relationship": "Outer", "Join Type": "Inner", "Startup Cost": 71906.2, "Total Cost": 169931.1, "Plan Rows": 152707, "Plan Width": 42, "Actual Min Startup Time": 317.736, "Actual Max Startup Time": 738.731, "Actual Min Total Time": 1030.246, "Actual Max Total Time": 1547.909, "Actual Total Rows": 1511024, "Inner Unique": false, "Hash Cond": "(l1.l_suppkey = supplier.s_suppkey), (LLVM Optimized, Jit Execute)", "Plans": [{"Node Type": "Seq Scan", "Parent Relationship": "Outer", "Relation Name": "lineitem", "Alias": "l1", "Startup Cost": 0.0, "Total Cost": 96829.42, "Plan Rows": 19995678, "Plan Width": 16, "Actual Min Startup Time": 0.028, "Actual Max Startup Time": 0.097, "Actual Min Total Time": 423.343, "Actual Max Total Time": 569.448, "Actual Total Rows": 37929348, "Filter": "(l_receiptdate > l_commitdate), (LLVM Optimized, Jit Execute)", "Rows Removed by Filter": 22056704}, {"Node Type": "Hash", "Parent Relationship": "Inner", "Startup Cost": 71856.2, "Total Cost": 71856.2, "Plan Rows": 256000, "Plan Width": 34, "Actual Min Startup Time": 317.536, "Actual Max Startup Time": 738.616, "Actual Min Total Time": 317.536, "Actual Max Total Time": 738.616, "Actual Total Rows": 254784, "Max Hash Buckets": 32768, "Min Hash Buckets": 32768, "Max Hash Batches": 1, "Min Hash Batches": 1, "Max Original Hash Batches": 1, "Min Original Hash Batches": 1, "Max Peak Memory Usage": 280, "min Peak Memory Usage": 280, "Plans": [{"Node Type": "Streaming(type: BROADCAST dop: 64/1)", "Parent Relationship": "Outer", "Startup Cost": 1.32, "Total Cost": 71856.2, "Plan Rows": 256000, "Plan Width": 34, "Actual Min Startup Time": 0.037, "Actual Max Startup Time": 184.922, "Actual Min Total Time": 314.151, "Actual Max Total Time": 736.27, "Actual Total Rows": 254784, "Plans": [{"Node Type": "Hash Join", "Parent Relationship": "Outer", "Join Type": "Inner", "Startup Cost": 1.32, "Total Cost": 3574.95, "Plan Rows": 4000, "Plan Width": 34, "Actual Min Startup Time": 0.167, "Actual Max Startup Time": 0.167, "Actual Min Total Time": 52.587, "Actual Max Total Time": 52.587, "Actual Total Rows": 3981, "Inner Unique": true, "Hash Cond": "(supplier.s_nationkey = nation.n_nationkey)", "Plans": [{"Node Type": "Seq Scan", "Parent Relationship": "Outer", "Relation Name": "supplier", "Alias": "supplier", "Startup Cost": 0.0, "Total Cost": 3283.0, "Plan Rows": 100000, "Plan Width": 38, "Actual Min Startup Time": 0.022, "Actual Max Startup Time": 0.022, "Actual Min Total Time": 31.994, "Actual Max Total Time": 31.994, "Actual Total Rows": 100000}, {"Node Type": "Hash", "Parent Relationship": "Inner", "Startup Cost": 1.31, "Total Cost": 1.31, "Plan Rows": 1, "Plan Width": 4, "Actual Min Startup Time": 0.06, "Actual Max Startup Time": 0.06, "Actual Min Total Time": 0.06, "Actual Max Total Time": 0.06, "Actual Total Rows": 1, "Max Hash Buckets": 32768, "Min Hash Buckets": 32768, "Max Hash Batches": 1, "Min Hash Batches": 1, "Max Original Hash Batches": 1, "Min Original Hash Batches": 1, "Max Peak Memory Usage": 1, "min Peak Memory Usage": 1, "Plans": [{"Node Type": "Seq Scan", "Parent Relationship": "Outer", "Relation Name": "nation", "Alias": "nation", "Startup Cost": 0.0, "Total Cost": 1.31, "Plan Rows": 1, "Plan Width": 4, "Actual Min Startup Time": 0.037, "Actual Max Startup Time": 0.037, "Actual Min Total Time": 0.044, "Actual Max Total Time": 0.044, "Actual Total Rows": 1, "Filter": "(n_name = 'EGYPT'::bpchar)", "Rows Removed by Filter": 24}]}]}]}]}]}]}, {"Node Type": "Hash", "Parent Relationship": "Inner", "Startup Cost": 70248.63, "Total Cost": 70248.63, "Plan Rows": 7338812, "Plan Width": 8, "Actual Min Startup Time": 132.867, "Actual Max Startup Time": 282.379, "Actual Min Total Time": 132.867, "Actual Max Total Time": 282.379, "Actual Total Rows": 7309184, "Max Hash Buckets": 131072, "Min Hash Buckets": 131072, "Max Hash Batches": 1, "Min Hash Batches": 1, "Max Original Hash Batches": 1, "Min Original Hash Batches": 1, "Max Peak Memory Usage": 4542, "min Peak Memory Usage": 4542, "Plans": [{"Node Type": "Seq Scan", "Parent Relationship": "Outer", "Relation Name": "orders", "Alias": "orders", "Startup Cost": 0.0, "Total Cost": 70248.63, "Plan Rows": 7338812, "Plan Width": 8, "Actual Min Startup Time": 0.028, "Actual Max Startup Time": 3.642, "Actual Min Total Time": 100.735, "Actual Max Total Time": 125.655, "Actual Total Rows": 7309184, "Filter": "(o_orderstatus = 'F'::bpchar), (LLVM Optimized, Jit Execute)", "Rows Removed by Filter": 7690816}]}]}]}, {"Node Type": "Hash", "Parent Relationship": "Inner", "Startup Cost": 178770.64, "Total Cost": 178770.64, "Plan Rows": 19995678, "Plan Width": 16, "Actual Min Startup Time": 4321.083, "Actual Max Startup Time": 4713.711, "Actual Min Total Time": 4321.083, "Actual Max Total Time": 4713.711, "Actual Total Rows": 37929348, "Max Hash Buckets": 524288, "Min Hash Buckets": 524288, "Max Hash Batches": 1, "Min Hash Batches": 1, "Max Original Hash Batches": 1, "Min Original Hash Batches": 1, "Max Peak Memory Usage": 27746, "min Peak Memory Usage": 27746, "Plans": [{"Node Type": "Streaming(type: LOCAL REDISTRIBUTE dop: 64/64)", "Parent Relationship": "Outer", "Startup Cost": 0.0, "Total Cost": 178770.64, "Plan Rows": 19995678, "Plan Width": 16, "Actual Min Startup Time": 0.135, "Actual Max Startup Time": 269.653, "Actual Min Total Time": 4058.419, "Actual Max Total Time": 4440.43, "Actual Total Rows": 37929348, "Plans": [{"Node Type": "Seq Scan", "Parent Relationship": "Outer", "Relation Name": "lineitem", "Alias": "l3", "Startup Cost": 0.0, "Total Cost": 96829.42, "Plan Rows": 19995678, "Plan Width": 16, "Actual Min Startup Time": 0.022, "Actual Max Startup Time": 0.476, "Actual Min Total Time": 488.072, "Actual Max Total Time": 549.268, "Actual Total Rows": 37929348, "Filter": "(l_receiptdate > l_commitdate), (LLVM Optimized, Jit Execute)", "Rows Removed by Filter": 22056704}]}]}]}]}, {"Node Type": "Hash", "Parent Relationship": "Inner", "Startup Cost": 214309.83, "Total Cost": 214309.83, "Plan Rows": 59987033, "Plan Width": 16, "Actual Min Startup Time": 4828.385, "Actual Max Startup Time": 5179.776, "Actual Min Total Time": 4828.385, "Actual Max Total Time": 5179.776, "Actual Total Rows": 59986052, "Max Hash Buckets": 1048576, "Min Hash Buckets": 1048576, "Max Hash Batches": 1, "Min Hash Batches": 1, "Max Original Hash Batches": 1, "Min Original Hash Batches": 1, "Max Peak Memory Usage": 43870, "min Peak Memory Usage": 43870, "Plans": [{"Node Type": "Streaming(type: LOCAL REDISTRIBUTE dop: 64/64)", "Parent Relationship": "Outer", "Startup Cost": 0.0, "Total Cost": 214309.83, "Plan Rows": 59987033, "Plan Width": 16, "Actual Min Startup Time": 0.133, "Actual Max Startup Time": 226.909, "Actual Min Total Time": 4279.788, "Actual Max Total Time": 4800.711, "Actual Total Rows": 59986052, "Plans": [{"Node Type": "Seq Scan", "Parent Relationship": "Outer", "Relation Name": "lineitem", "Alias": "l2", "Startup Cost": 0.0, "Total Cost": 94486.18, "Plan Rows": 59987033, "Plan Width": 16, "Actual Min Startup Time": 0.013, "Actual Max Startup Time": 0.084, "Actual Min Total Time": 369.422, "Actual Max Total Time": 393.711, "Actual Total Rows": 59986052}]}]}]}]}]}]}]}]}]}]}, "Triggers": [], "Planner Runtime": 18.954, "Total Runtime": 7930.79, "Unique SQL Id": 3870093320}}, "(64, 15)": {"explain_plan": {"Plan": {"Node Type": "Limit", "Startup Cost": 6001109326245.03, "Total Cost": 6001109326245.28, "Plan Rows": 100, "Plan Width": 34, "Plans": [{"Node Type": "Sort", "Parent Relationship": "Outer", "Startup Cost": 6001109326245.03, "Total Cost": 6001109326267.96, "Plan Rows": 100, "Plan Width": 34, "Sort Key": ["(count(*)) DESC", "supplier.s_name"], "Plans": [{"Node Type": "Aggregate", "Strategy": "Hashed", "Parent Relationship": "Outer", "Startup Cost": 6001109325802.77, "Total Cost": 6001109325894.49, "Plan Rows": 9172, "Plan Width": 34, "Group By Key": ["supplier.s_name"], "Plans": [{"Node Type": "Nested Loop", "Parent Relationship": "Outer", "Join Type": "Inner", "Startup Cost": 60036425616.82, "Total Cost": 6001109325756.91, "Plan Rows": 9172, "Plan Width": 26, "Inner Unique": false, "Join Filter": "(supplier.s_suppkey = l1.l_suppkey)", "Plans": [{"Node Type": "Merge Join", "Parent Relationship": "Outer", "Join Type": "Inner", "Startup Cost": 40036425616.82, "Total Cost": 4001036728206.72, "Plan Rows": 1201020, "Plan Width": 8, "Inner Unique": true, "Merge Cond": "(l1.l_orderkey = orders.o_orderkey)", "Plans": [{"Node Type": "Merge Join", "Parent Relationship": "Outer", "Join Type": "Semi", "Startup Cost": 30000000000.0, "Total Cost": 3001006768519.97, "Plan Rows": 949795, "Plan Width": 24, "Inner Unique": false, "Merge Cond": "(l1.l_orderkey = l2.l_orderkey), (LLVM Optimized)", "Join Filter": "(l2.l_suppkey <> l1.l_suppkey), (LLVM Optimized)", "Plans": [{"Node Type": "Merge Join", "Parent Relationship": "Outer", "Join Type": "Anti", "Startup Cost": 20000000000.0, "Total Cost": 2000682365976.25, "Plan Rows": 999784, "Plan Width": 16, "Inner Unique": false, "Merge Cond": "(l1.l_orderkey = l3.l_orderkey), (LLVM Optimized)", "Join Filter": "(l3.l_suppkey <> l1.l_suppkey), (LLVM Optimized)", "Plans": [{"Node Type": "Index Scan", "Parent Relationship": "Outer", "Scan Direction": "Forward", "Index Name": "idx_lineitem_orderkey", "Relation Name": "lineitem", "Alias": "l1", "Startup Cost": 10000000000.0, "Total Cost": 1000339012132.75, "Plan Rows": 19995678, "Plan Width": 16, "Filter": "(l_receiptdate > l_commitdate), (LLVM Optimized)"}, {"Node Type": "Materialize", "Parent Relationship": "Inner", "Startup Cost": 10000000000.0, "Total Cost": 1000339062121.94, "Plan Rows": 19995678, "Plan Width": 16, "Plans": [{"Node Type": "Index Scan", "Parent Relationship": "Outer", "Scan Direction": "Forward", "Index Name": "idx_lineitem_orderkey", "Relation Name": "lineitem", "Alias": "l3", "Startup Cost": 10000000000.0, "Total Cost": 1000339012132.75, "Plan Rows": 19995678, "Plan Width": 16, "Filter": "(l_receiptdate > l_commitdate), (LLVM Optimized)"}]}]}, {"Node Type": "Index Scan", "Parent Relationship": "Inner", "Scan Direction": "Forward", "Index Name": "idx_lineitem_orderkey", "Relation Name": "lineitem", "Alias": "l2", "Startup Cost": 10000000000.0, "Total Cost": 1000324015374.5, "Plan Rows": 59987033, "Plan Width": 16}]}, {"Node Type": "Index Scan", "Parent Relationship": "Inner", "Scan Direction": "Forward", "Index Name": "orders_pkey", "Relation Name": "orders", "Alias": "orders", "Startup Cost": 10000000000.0, "Total Cost": 1000076847713.25, "Plan Rows": 7338812, "Plan Width": 8, "Filter": "(o_orderstatus = 'F'::bpchar), (LLVM Optimized)"}]}, {"Node Type": "Materialize", "Parent Relationship": "Inner", "Startup Cost": 20000000000.0, "Total Cost": 2000000536360.19, "Plan Rows": 4000, "Plan Width": 34, "Plans": [{"Node Type": "Nested Loop", "Parent Relationship": "Outer", "Join Type": "Inner", "Startup Cost": 20000000000.0, "Total Cost": 2000000536340.19, "Plan Rows": 4000, "Plan Width": 34, "Inner Unique": true, "Join Filter": "(supplier.s_nationkey = nation.n_nationkey)", "Plans": [{"Node Type": "Index Scan", "Parent Relationship": "Outer", "Scan Direction": "Forward", "Index Name": "supplier_pkey", "Relation Name": "supplier", "Alias": "supplier", "Startup Cost": 10000000000.0, "Total Cost": 1000000533571.43, "Plan Rows": 100000, "Plan Width": 38}, {"Node Type": "Materialize", "Parent Relationship": "Inner", "Startup Cost": 10000000000.0, "Total Cost": 1000000001268.76, "Plan Rows": 1, "Plan Width": 4, "Plans": [{"Node Type": "Index Scan", "Parent Relationship": "Outer", "Scan Direction": "Forward", "Index Name": "nation_pkey", "Relation Name": "nation", "Alias": "nation", "Startup Cost": 10000000000.0, "Total Cost": 1000000001268.75, "Plan Rows": 1, "Plan Width": 4, "Filter": "(n_name = 'EGYPT'::bpchar)"}]}]}]}]}]}]}]}, "Unique SQL Id": 3870093320}, "explain_analyze_plan": null}, "(64, 16)": {"explain_plan": {"Plan": {"Node Type": "Limit", "Startup Cost": 599935.6, "Total Cost": 599935.85, "Plan Rows": 100, "Plan Width": 34, "Plans": [{"Node Type": "Sort", "Parent Relationship": "Outer", "Startup Cost": 599935.6, "Total Cost": 599958.53, "Plan Rows": 100, "Plan Width": 34, "Sort Key": ["(count(*)) DESC", "supplier.s_name"], "Plans": [{"Node Type": "Aggregate", "Strategy": "Hashed", "Parent Relationship": "Outer", "Startup Cost": 599493.33, "Total Cost": 599585.05, "Plan Rows": 9172, "Plan Width": 34, "Group By Key": ["supplier.s_name"], "Plans": [{"Node Type": "Nested Loop", "Parent Relationship": "Outer", "Join Type": "Inner", "Startup Cost": 0.0, "Total Cost": 599447.47, "Plan Rows": 9172, "Plan Width": 26, "Inner Unique": true, "Join Filter": "(l1.l_orderkey = orders.o_orderkey)", "Plans": [{"Node Type": "Nested Loop", "Parent Relationship": "Outer", "Join Type": "Semi", "Startup Cost": 0.0, "Total Cost": 592347.1, "Plan Rows": 7254, "Plan Width": 42, "Inner Unique": false, "Plans": [{"Node Type": "Nested Loop", "Parent Relationship": "Outer", "Join Type": "Anti", "Startup Cost": 0.0, "Total Cost": 590491.54, "Plan Rows": 7635, "Plan Width": 42, "Inner Unique": false, "Plans": [{"Node Type": "Streaming(type: LOCAL GATHER dop: 1/64)", "Parent Relationship": "Outer", "Startup Cost": 0.0, "Total Cost": 543304.32, "Plan Rows": 152707, "Plan Width": 42, "Plans": [{"Node Type": "Nested Loop", "Parent Relationship": "Outer", "Join Type": "Inner", "Startup Cost": 0.0, "Total Cost": 540153.99, "Plan Rows": 152707, "Plan Width": 42, "Inner Unique": false, "Join Filter": "(supplier.s_suppkey = l1.l_suppkey), (LLVM Optimized)", "Plans": [{"Node Type": "Streaming(type: LOCAL REDISTRIBUTE dop: 64/1)", "Parent Relationship": "Outer", "Startup Cost": 0.0, "Total Cost": 67696.83, "Plan Rows": 4000, "Plan Width": 34, "Plans": [{"Node Type": "Nested Loop", "Parent Relationship": "Outer", "Join Type": "Inner", "Startup Cost": 0.0, "Total Cost": 4534.31, "Plan Rows": 4000, "Plan Width": 34, "Inner Unique": false, "Join Filter": "(supplier.s_nationkey = nation.n_nationkey)", "Plans": [{"Node Type": "Seq Scan", "Parent Relationship": "Outer", "Relation Name": "nation", "Alias": "nation", "Startup Cost": 0.0, "Total Cost": 1.31, "Plan Rows": 1, "Plan Width": 4, "Filter": "(n_name = 'EGYPT'::bpchar)"}, {"Node Type": "Seq Scan", "Parent Relationship": "Inner", "Relation Name": "supplier", "Alias": "supplier", "Startup Cost": 0.0, "Total Cost": 3283.0, "Plan Rows": 100000, "Plan Width": 38}]}]}, {"Node Type": "Materialize", "Parent Relationship": "Inner", "Startup Cost": 0.0, "Total Cost": 180332.8, "Plan Rows": 19995678, "Plan Width": 16, "Plans": [{"Node Type": "Streaming(type: LOCAL REDISTRIBUTE dop: 64/64)", "Parent Relationship": "Outer", "Startup Cost": 0.0, "Total Cost": 178770.64, "Plan Rows": 19995678, "Plan Width": 16, "Plans": [{"Node Type": "Seq Scan", "Parent Relationship": "Outer", "Relation Name": "lineitem", "Alias": "l1", "Startup Cost": 0.0, "Total Cost": 96829.42, "Plan Rows": 19995678, "Plan Width": 16, "Filter": "(l_receiptdate > l_commitdate), (LLVM Optimized)"}]}]}]}]}, {"Node Type": "Index Scan", "Parent Relationship": "Inner", "Scan Direction": "Forward", "Index Name": "idx_lineitem_orderkey", "Relation Name": "lineitem", "Alias": "l3", "Startup Cost": 0.0, "Total Cost": 1.63, "Plan Rows": 3, "Plan Width": 16, "Index Cond": "(l_orderkey = l1.l_orderkey)", "Filter": "((l_receiptdate > l_commitdate) AND (l_suppkey <> l1.l_suppkey))"}]}, {"Node Type": "Index Scan", "Parent Relationship": "Inner", "Scan Direction": "Forward", "Index Name": "idx_lineitem_orderkey", "Relation Name": "lineitem", "Alias": "l2", "Startup Cost": 0.0, "Total Cost": 1.63, "Plan Rows": 9, "Plan Width": 16, "Index Cond": "(l_orderkey = l1.l_orderkey)", "Filter": "(l_suppkey <> l1.l_suppkey)"}]}, {"Node Type": "Index Scan", "Parent Relationship": "Inner", "Scan Direction": "Forward", "Index Name": "orders_pkey", "Relation Name": "orders", "Alias": "orders", "Startup Cost": 0.0, "Total Cost": 0.97, "Plan Rows": 1, "Plan Width": 8, "Index Cond": "(o_orderkey = l2.l_orderkey)", "Filter": "(o_orderstatus = 'F'::bpchar)"}]}]}]}]}, "Unique SQL Id": 3870093320}, "explain_analyze_plan": {"Plan": {"Node Type": "Limit", "Startup Cost": 599935.6, "Total Cost": 599935.85, "Plan Rows": 100, "Plan Width": 34, "Actual Min Startup Time": 22135.209, "Actual Max Startup Time": 22135.209, "Actual Min Total Time": 22135.229, "Actual Max Total Time": 22135.229, "Actual Total Rows": 100, "Plans": [{"Node Type": "Sort", "Parent Relationship": "Outer", "Startup Cost": 599935.6, "Total Cost": 599958.53, "Plan Rows": 100, "Plan Width": 34, "Actual Min Startup Time": 22135.204, "Actual Max Startup Time": 22135.204, "Actual Min Total Time": 22135.212, "Actual Max Total Time": 22135.212, "Actual Total Rows": 100, "Sort Key": ["(count(*)) DESC", "supplier.s_name"], "Sort Method": "top-N heapsort", "Sort Space Min Used": 41, "Sort Space Max Used": 41, "Sort Space Type": "Memory", "Plans": [{"Node Type": "Aggregate", "Strategy": "Hashed", "Parent Relationship": "Outer", "Startup Cost": 599493.33, "Total Cost": 599585.05, "Plan Rows": 9172, "Plan Width": 34, "Actual Min Startup Time": 22131.822, "Actual Max Startup Time": 22131.822, "Actual Min Total Time": 22133.014, "Actual Max Total Time": 22133.014, "Actual Total Rows": 3981, "Group By Key": ["supplier.s_name"], "Plans": [{"Node Type": "Nested Loop", "Parent Relationship": "Outer", "Join Type": "Inner", "Startup Cost": 0.0, "Total Cost": 599447.47, "Plan Rows": 9172, "Plan Width": 26, "Actual Min Startup Time": 2089.674, "Actual Max Startup Time": 2089.674, "Actual Min Total Time": 22070.682, "Actual Max Total Time": 22070.682, "Actual Total Rows": 39445, "Inner Unique": true, "Join Filter": "(l1.l_orderkey = orders.o_orderkey)", "Rows Removed by Join Filter": 0, "Plans": [{"Node Type": "Nested Loop", "Parent Relationship": "Outer", "Join Type": "Semi", "Startup Cost": 0.0, "Total Cost": 592347.1, "Plan Rows": 7254, "Plan Width": 42, "Actual Min Startup Time": 2089.648, "Actual Max Startup Time": 2089.648, "Actual Min Total Time": 21307.341, "Actual Max Total Time": 21307.341, "Actual Total Rows": 80537, "Inner Unique": false, "Plans": [{"Node Type": "Nested Loop", "Parent Relationship": "Outer", "Join Type": "Anti", "Startup Cost": 0.0, "Total Cost": 590491.54, "Plan Rows": 7635, "Plan Width": 42, "Actual Min Startup Time": 2089.636, "Actual Max Startup Time": 2089.636, "Actual Min Total Time": 20688.752, "Actual Max Total Time": 20688.752, "Actual Total Rows": 135110, "Inner Unique": false, "Plans": [{"Node Type": "Streaming(type: LOCAL GATHER dop: 1/64)", "Parent Relationship": "Outer", "Startup Cost": 0.0, "Total Cost": 543304.32, "Plan Rows": 152707, "Plan Width": 42, "Actual Min Startup Time": 2089.092, "Actual Max Startup Time": 2089.092, "Actual Min Total Time": 4652.838, "Actual Max Total Time": 4652.838, "Actual Total Rows": 1511024, "Plans": [{"Node Type": "Nested Loop", "Parent Relationship": "Outer", "Join Type": "Inner", "Startup Cost": 0.0, "Total Cost": 540153.99, "Plan Rows": 152707, "Plan Width": 42, "Actual Min Startup Time": 1641.633, "Actual Max Startup Time": 1891.958, "Actual Min Total Time": 9480.704, "Actual Max Total Time": 16809.137, "Actual Total Rows": 1511024, "Inner Unique": false, "Join Filter": "(supplier.s_suppkey = l1.l_suppkey), (LLVM Optimized, Jit Execute)", "Rows Removed by Join Filter": 2358157333, "Plans": [{"Node Type": "Streaming(type: LOCAL REDISTRIBUTE dop: 64/1)", "Parent Relationship": "Outer", "Startup Cost": 0.0, "Total Cost": 67696.83, "Plan Rows": 4000, "Plan Width": 34, "Actual Min Startup Time": 0.033, "Actual Max Startup Time": 0.09, "Actual Min Total Time": 0.079, "Actual Max Total Time": 0.379, "Actual Total Rows": 3981, "Plans": [{"Node Type": "Nested Loop", "Parent Relationship": "Outer", "Join Type": "Inner", "Startup Cost": 0.0, "Total Cost": 4534.31, "Plan Rows": 4000, "Plan Width": 34, "Actual Min Startup Time": 0.076, "Actual Max Startup Time": 0.076, "Actual Min Total Time": 51.71, "Actual Max Total Time": 51.71, "Actual Total Rows": 3981, "Inner Unique": false, "Join Filter": "(supplier.s_nationkey = nation.n_nationkey)", "Rows Removed by Join Filter": 96019, "Plans": [{"Node Type": "Seq Scan", "Parent Relationship": "Outer", "Relation Name": "nation", "Alias": "nation", "Startup Cost": 0.0, "Total Cost": 1.31, "Plan Rows": 1, "Plan Width": 4, "Actual Min Startup Time": 0.043, "Actual Max Startup Time": 0.043, "Actual Min Total Time": 0.056, "Actual Max Total Time": 0.056, "Actual Total Rows": 1, "Filter": "(n_name = 'EGYPT'::bpchar)", "Rows Removed by Filter": 24}, {"Node Type": "Seq Scan", "Parent Relationship": "Inner", "Relation Name": "supplier", "Alias": "supplier", "Startup Cost": 0.0, "Total Cost": 3283.0, "Plan Rows": 100000, "Plan Width": 38, "Actual Min Startup Time": 0.012, "Actual Max Startup Time": 0.012, "Actual Min Total Time": 28.719, "Actual Max Total Time": 28.719, "Actual Total Rows": 100000}]}]}, {"Node Type": "Materialize", "Parent Relationship": "Inner", "Startup Cost": 0.0, "Total Cost": 180332.8, "Plan Rows": 19995678, "Plan Width": 16, "Actual Min Startup Time": 1640.736, "Actual Max Startup Time": 1891.094, "Actual Min Total Time": 5962.818, "Actual Max Total Time": 11299.558, "Actual Total Rows": 2359668421, "Plans": [{"Node Type": "Streaming(type: LOCAL REDISTRIBUTE dop: 64/64)", "Parent Relationship": "Outer", "Startup Cost": 0.0, "Total Cost": 178770.64, "Plan Rows": 19995678, "Plan Width": 16, "Actual Min Startup Time": 0.111, "Actual Max Startup Time": 217.514, "Actual Min Total Time": 1520.886, "Actual Max Total Time": 1786.037, "Actual Total Rows": 37929348, "Plans": [{"Node Type": "Seq Scan", "Parent Relationship": "Outer", "Relation Name": "lineitem", "Alias": "l1", "Startup Cost": 0.0, "Total Cost": 96829.42, "Plan Rows": 19995678, "Plan Width": 16, "Actual Min Startup Time": 0.022, "Actual Max Startup Time": 0.066, "Actual Min Total Time": 458.493, "Actual Max Total Time": 541.009, "Actual Total Rows": 37929348, "Filter": "(l_receiptdate > l_commitdate), (LLVM Optimized, Jit Execute)", "Rows Removed by Filter": 22056704}]}]}]}]}, {"Node Type": "Index Scan", "Parent Relationship": "Inner", "Scan Direction": "Forward", "Index Name": "idx_lineitem_orderkey", "Relation Name": "lineitem", "Alias": "l3", "Startup Cost": 0.0, "Total Cost": 1.63, "Plan Rows": 3, "Plan Width": 16, "Actual Min Startup Time": 14958.555, "Actual Max Startup Time": 14958.555, "Actual Min Total Time": 14958.555, "Actual Max Total Time": 14958.555, "Actual Total Rows": 1375914, "Index Cond": "(l_orderkey = l1.l_orderkey)", "Rows Removed by Index Recheck": 0, "Filter": "((l_receiptdate > l_commitdate) AND (l_suppkey <> l1.l_suppkey))", "Rows Removed by Filter": 1348115}]}, {"Node Type": "Index Scan", "Parent Relationship": "Inner", "Scan Direction": "Forward", "Index Name": "idx_lineitem_orderkey", "Relation Name": "lineitem", "Alias": "l2", "Startup Cost": 0.0, "Total Cost": 1.63, "Plan Rows": 9, "Plan Width": 16, "Actual Min Startup Time": 513.699, "Actual Max Startup Time": 513.699, "Actual Min Total Time": 513.699, "Actual Max Total Time": 513.699, "Actual Total Rows": 80537, "Index Cond": "(l_orderkey = l1.l_orderkey)", "Rows Removed by Index Recheck": 0, "Filter": "(l_suppkey <> l1.l_suppkey)", "Rows Removed by Filter": 85912}]}, {"Node Type": "Index Scan", "Parent Relationship": "Inner", "Scan Direction": "Forward", "Index Name": "orders_pkey", "Relation Name": "orders", "Alias": "orders", "Startup Cost": 0.0, "Total Cost": 0.97, "Plan Rows": 1, "Plan Width": 8, "Actual Min Startup Time": 687.68, "Actual Max Startup Time": 687.68, "Actual Min Total Time": 687.68, "Actual Max Total Time": 687.68, "Actual Total Rows": 39445, "Index Cond": "(o_orderkey = l2.l_orderkey)", "Rows Removed by Index Recheck": 0, "Filter": "(o_orderstatus = 'F'::bpchar)", "Rows Removed by Filter": 41092}]}]}]}]}, "Triggers": [], "Planner Runtime": 9.23, "Total Runtime": 22173.314, "Unique SQL Id": 3870093320}}, "(64, 17)": {"explain_plan": {"Plan": {"Node Type": "Limit", "Startup Cost": 3220169.9, "Total Cost": 3220170.15, "Plan Rows": 100, "Plan Width": 34, "Plans": [{"Node Type": "Sort", "Parent Relationship": "Outer", "Startup Cost": 3220169.9, "Total Cost": 3220192.83, "Plan Rows": 100, "Plan Width": 34, "Sort Key": ["(count(*)) DESC", "supplier.s_name"], "Plans": [{"Node Type": "Aggregate", "Strategy": "Hashed", "Parent Relationship": "Outer", "Startup Cost": 3219727.63, "Total Cost": 3219819.35, "Plan Rows": 9172, "Plan Width": 34, "Group By Key": ["supplier.s_name"], "Plans": [{"Node Type": "Nested Loop", "Parent Relationship": "Outer", "Join Type": "Inner", "Startup Cost": 0.0, "Total Cost": 3219681.77, "Plan Rows": 9172, "Plan Width": 26, "Inner Unique": true, "Join Filter": "(l1.l_orderkey = orders.o_orderkey)", "Plans": [{"Node Type": "Nested Loop", "Parent Relationship": "Outer", "Join Type": "Semi", "Startup Cost": 0.0, "Total Cost": 3212581.4, "Plan Rows": 7254, "Plan Width": 42, "Inner Unique": false, "Plans": [{"Node Type": "Nested Loop", "Parent Relationship": "Outer", "Join Type": "Anti", "Startup Cost": 0.0, "Total Cost": 3210725.84, "Plan Rows": 7635, "Plan Width": 42, "Inner Unique": false, "Plans": [{"Node Type": "Streaming(type: LOCAL GATHER dop: 1/64)", "Parent Relationship": "Outer", "Startup Cost": 0.0, "Total Cost": 3163538.62, "Plan Rows": 152707, "Plan Width": 42, "Plans": [{"Node Type": "Nested Loop", "Parent Relationship": "Outer", "Join Type": "Inner", "Startup Cost": 0.0, "Total Cost": 3160388.29, "Plan Rows": 152707, "Plan Width": 42, "Inner Unique": false, "Join Filter": "(supplier.s_suppkey = l1.l_suppkey), (LLVM Optimized)", "Plans": [{"Node Type": "Streaming(type: LOCAL REDISTRIBUTE dop: 64/1)", "Parent Relationship": "Outer", "Startup Cost": 0.0, "Total Cost": 69760.92, "Plan Rows": 4000, "Plan Width": 34, "Plans": [{"Node Type": "Nested Loop", "Parent Relationship": "Outer", "Join Type": "Inner", "Startup Cost": 0.0, "Total Cost": 6598.4, "Plan Rows": 4000, "Plan Width": 34, "Inner Unique": false, "Join Filter": "(supplier.s_nationkey = nation.n_nationkey)", "Plans": [{"Node Type": "Index Scan", "Parent Relationship": "Outer", "Scan Direction": "Forward", "Index Name": "nation_pkey", "Relation Name": "nation", "Alias": "nation", "Startup Cost": 0.0, "Total Cost": 12.69, "Plan Rows": 1, "Plan Width": 4, "Filter": "(n_name = 'EGYPT'::bpchar)"}, {"Node Type": "Index Scan", "Parent Relationship": "Inner", "Scan Direction": "Forward", "Index Name": "supplier_pkey", "Relation Name": "supplier", "Alias": "supplier", "Startup Cost": 0.0, "Total Cost": 5335.71, "Plan Rows": 100000, "Plan Width": 38}]}]}, {"Node Type": "Materialize", "Parent Relationship": "Inner", "Startup Cost": 0.0, "Total Cost": 2798503.01, "Plan Rows": 19995678, "Plan Width": 16, "Plans": [{"Node Type": "Streaming(type: LOCAL REDISTRIBUTE dop: 64/64)", "Parent Relationship": "Outer", "Startup Cost": 0.0, "Total Cost": 2796940.85, "Plan Rows": 19995678, "Plan Width": 16, "Plans": [{"Node Type": "Index Scan", "Parent Relationship": "Outer", "Scan Direction": "Forward", "Index Name": "idx_lineitem_orderkey", "Relation Name": "lineitem", "Alias": "l1", "Startup Cost": 0.0, "Total Cost": 2714999.63, "Plan Rows": 19995678, "Plan Width": 16, "Filter": "(l_receiptdate > l_commitdate), (LLVM Optimized)"}]}]}]}]}, {"Node Type": "Index Scan", "Parent Relationship": "Inner", "Scan Direction": "Forward", "Index Name": "idx_lineitem_orderkey", "Relation Name": "lineitem", "Alias": "l3", "Startup Cost": 0.0, "Total Cost": 1.63, "Plan Rows": 3, "Plan Width": 16, "Index Cond": "(l_orderkey = l1.l_orderkey)", "Filter": "((l_receiptdate > l_commitdate) AND (l_suppkey <> l1.l_suppkey))"}]}, {"Node Type": "Index Scan", "Parent Relationship": "Inner", "Scan Direction": "Forward", "Index Name": "idx_lineitem_orderkey", "Relation Name": "lineitem", "Alias": "l2", "Startup Cost": 0.0, "Total Cost": 1.63, "Plan Rows": 9, "Plan Width": 16, "Index Cond": "(l_orderkey = l1.l_orderkey)", "Filter": "(l_suppkey <> l1.l_suppkey)"}]}, {"Node Type": "Index Scan", "Parent Relationship": "Inner", "Scan Direction": "Forward", "Index Name": "orders_pkey", "Relation Name": "orders", "Alias": "orders", "Startup Cost": 0.0, "Total Cost": 0.97, "Plan Rows": 1, "Plan Width": 8, "Index Cond": "(o_orderkey = l2.l_orderkey)", "Filter": "(o_orderstatus = 'F'::bpchar)"}]}]}]}]}, "Unique SQL Id": 3870093320}, "explain_analyze_plan": {"Plan": {"Node Type": "Limit", "Startup Cost": 3220169.9, "Total Cost": 3220170.15, "Plan Rows": 100, "Plan Width": 34, "Actual Min Startup Time": 25761.332, "Actual Max Startup Time": 25761.332, "Actual Min Total Time": 25761.348, "Actual Max Total Time": 25761.348, "Actual Total Rows": 100, "Plans": [{"Node Type": "Sort", "Parent Relationship": "Outer", "Startup Cost": 3220169.9, "Total Cost": 3220192.83, "Plan Rows": 100, "Plan Width": 34, "Actual Min Startup Time": 25761.329, "Actual Max Startup Time": 25761.329, "Actual Min Total Time": 25761.336, "Actual Max Total Time": 25761.336, "Actual Total Rows": 100, "Sort Key": ["(count(*)) DESC", "supplier.s_name"], "Sort Method": "top-N heapsort", "Sort Space Min Used": 41, "Sort Space Max Used": 41, "Sort Space Type": "Memory", "Plans": [{"Node Type": "Aggregate", "Strategy": "Hashed", "Parent Relationship": "Outer", "Startup Cost": 3219727.63, "Total Cost": 3219819.35, "Plan Rows": 9172, "Plan Width": 34, "Actual Min Startup Time": 25758.056, "Actual Max Startup Time": 25758.056, "Actual Min Total Time": 25759.319, "Actual Max Total Time": 25759.319, "Actual Total Rows": 3981, "Group By Key": ["supplier.s_name"], "Plans": [{"Node Type": "Nested Loop", "Parent Relationship": "Outer", "Join Type": "Inner", "Startup Cost": 0.0, "Total Cost": 3219681.77, "Plan Rows": 9172, "Plan Width": 26, "Actual Min Startup Time": 5073.861, "Actual Max Startup Time": 5073.861, "Actual Min Total Time": 25693.464, "Actual Max Total Time": 25693.464, "Actual Total Rows": 39445, "Inner Unique": true, "Join Filter": "(l1.l_orderkey = orders.o_orderkey)", "Rows Removed by Join Filter": 0, "Plans": [{"Node Type": "Nested Loop", "Parent Relationship": "Outer", "Join Type": "Semi", "Startup Cost": 0.0, "Total Cost": 3212581.4, "Plan Rows": 7254, "Plan Width": 42, "Actual Min Startup Time": 5071.269, "Actual Max Startup Time": 5071.269, "Actual Min Total Time": 24916.426, "Actual Max Total Time": 24916.426, "Actual Total Rows": 80537, "Inner Unique": false, "Plans": [{"Node Type": "Nested Loop", "Parent Relationship": "Outer", "Join Type": "Anti", "Startup Cost": 0.0, "Total Cost": 3210725.84, "Plan Rows": 7635, "Plan Width": 42, "Actual Min Startup Time": 5071.257, "Actual Max Startup Time": 5071.257, "Actual Min Total Time": 24272.311, "Actual Max Total Time": 24272.311, "Actual Total Rows": 135110, "Inner Unique": false, "Plans": [{"Node Type": "Streaming(type: LOCAL GATHER dop: 1/64)", "Parent Relationship": "Outer", "Startup Cost": 0.0, "Total Cost": 3163538.62, "Plan Rows": 152707, "Plan Width": 42, "Actual Min Startup Time": 5070.873, "Actual Max Startup Time": 5070.873, "Actual Min Total Time": 7986.719, "Actual Max Total Time": 7986.719, "Actual Total Rows": 1511024, "Plans": [{"Node Type": "Nested Loop", "Parent Relationship": "Outer", "Join Type": "Inner", "Startup Cost": 0.0, "Total Cost": 3160388.29, "Plan Rows": 152707, "Plan Width": 42, "Actual Min Startup Time": 4626.499, "Actual Max Startup Time": 4901.296, "Actual Min Total Time": 12024.49, "Actual Max Total Time": 18749.412, "Actual Total Rows": 1511024, "Inner Unique": false, "Join Filter": "(supplier.s_suppkey = l1.l_suppkey), (LLVM Optimized, Jit Execute)", "Rows Removed by Join Filter": 2358157333, "Plans": [{"Node Type": "Streaming(type: LOCAL REDISTRIBUTE dop: 64/1)", "Parent Relationship": "Outer", "Startup Cost": 0.0, "Total Cost": 69760.92, "Plan Rows": 4000, "Plan Width": 34, "Actual Min Startup Time": 0.035, "Actual Max Startup Time": 0.087, "Actual Min Total Time": 0.076, "Actual Max Total Time": 0.396, "Actual Total Rows": 3981, "Plans": [{"Node Type": "Nested Loop", "Parent Relationship": "Outer", "Join Type": "Inner", "Startup Cost": 0.0, "Total Cost": 6598.4, "Plan Rows": 4000, "Plan Width": 34, "Actual Min Startup Time": 0.119, "Actual Max Startup Time": 0.119, "Actual Min Total Time": 109.903, "Actual Max Total Time": 109.903, "Actual Total Rows": 3981, "Inner Unique": false, "Join Filter": "(supplier.s_nationkey = nation.n_nationkey)", "Rows Removed by Join Filter": 96019, "Plans": [{"Node Type": "Index Scan", "Parent Relationship": "Outer", "Scan Direction": "Forward", "Index Name": "nation_pkey", "Relation Name": "nation", "Alias": "nation", "Startup Cost": 0.0, "Total Cost": 12.69, "Plan Rows": 1, "Plan Width": 4, "Actual Min Startup Time": 0.051, "Actual Max Startup Time": 0.051, "Actual Min Total Time": 0.077, "Actual Max Total Time": 0.077, "Actual Total Rows": 1, "Filter": "(n_name = 'EGYPT'::bpchar)", "Rows Removed by Filter": 24}, {"Node Type": "Index Scan", "Parent Relationship": "Inner", "Scan Direction": "Forward", "Index Name": "supplier_pkey", "Relation Name": "supplier", "Alias": "supplier", "Startup Cost": 0.0, "Total Cost": 5335.71, "Plan Rows": 100000, "Plan Width": 38, "Actual Min Startup Time": 0.036, "Actual Max Startup Time": 0.036, "Actual Min Total Time": 74.078, "Actual Max Total Time": 74.078, "Actual Total Rows": 100000}]}]}, {"Node Type": "Materialize", "Parent Relationship": "Inner", "Startup Cost": 0.0, "Total Cost": 2798503.01, "Plan Rows": 19995678, "Plan Width": 16, "Actual Min Startup Time": 4625.444, "Actual Max Startup Time": 4900.63, "Actual Min Total Time": 8319.603, "Actual Max Total Time": 13712.832, "Actual Total Rows": 2359668421, "Plans": [{"Node Type": "Streaming(type: LOCAL REDISTRIBUTE dop: 64/64)", "Parent Relationship": "Outer", "Startup Cost": 0.0, "Total Cost": 2796940.85, "Plan Rows": 19995678, "Plan Width": 16, "Actual Min Startup Time": 463.524, "Actual Max Startup Time": 738.456, "Actual Min Total Time": 4500.006, "Actual Max Total Time": 4782.711, "Actual Total Rows": 37929348, "Plans": [{"Node Type": "Index Scan", "Parent Relationship": "Outer", "Scan Direction": "Forward", "Index Name": "idx_lineitem_orderkey", "Relation Name": "lineitem", "Alias": "l1", "Startup Cost": 0.0, "Total Cost": 2714999.63, "Plan Rows": 19995678, "Plan Width": 16, "Actual Min Startup Time": 452.299, "Actual Max Startup Time": 759.637, "Actual Min Total Time": 1242.865, "Actual Max Total Time": 1614.049, "Actual Total Rows": 37929348, "Filter": "(l_receiptdate > l_commitdate), (LLVM Optimized, Jit Execute)", "Rows Removed by Filter": 22056704}]}]}]}]}, {"Node Type": "Index Scan", "Parent Relationship": "Inner", "Scan Direction": "Forward", "Index Name": "idx_lineitem_orderkey", "Relation Name": "lineitem", "Alias": "l3", "Startup Cost": 0.0, "Total Cost": 1.63, "Plan Rows": 3, "Plan Width": 16, "Actual Min Startup Time": 15173.22, "Actual Max Startup Time": 15173.22, "Actual Min Total Time": 15173.22, "Actual Max Total Time": 15173.22, "Actual Total Rows": 1375914, "Index Cond": "(l_orderkey = l1.l_orderkey)", "Rows Removed by Index Recheck": 0, "Filter": "((l_receiptdate > l_commitdate) AND (l_suppkey <> l1.l_suppkey))", "Rows Removed by Filter": 1348115}]}, {"Node Type": "Index Scan", "Parent Relationship": "Inner", "Scan Direction": "Forward", "Index Name": "idx_lineitem_orderkey", "Relation Name": "lineitem", "Alias": "l2", "Startup Cost": 0.0, "Total Cost": 1.63, "Plan Rows": 9, "Plan Width": 16, "Actual Min Startup Time": 529.801, "Actual Max Startup Time": 529.801, "Actual Min Total Time": 529.801, "Actual Max Total Time": 529.801, "Actual Total Rows": 80537, "Index Cond": "(l_orderkey = l1.l_orderkey)", "Rows Removed by Index Recheck": 0, "Filter": "(l_suppkey <> l1.l_suppkey)", "Rows Removed by Filter": 85912}]}, {"Node Type": "Index Scan", "Parent Relationship": "Inner", "Scan Direction": "Forward", "Index Name": "orders_pkey", "Relation Name": "orders", "Alias": "orders", "Startup Cost": 0.0, "Total Cost": 0.97, "Plan Rows": 1, "Plan Width": 8, "Actual Min Startup Time": 697.938, "Actual Max Startup Time": 697.938, "Actual Min Total Time": 697.938, "Actual Max Total Time": 697.938, "Actual Total Rows": 39445, "Index Cond": "(o_orderkey = l2.l_orderkey)", "Rows Removed by Index Recheck": 0, "Filter": "(o_orderstatus = 'F'::bpchar)", "Rows Removed by Filter": 41092}]}]}]}]}, "Triggers": [], "Planner Runtime": 9.276, "Total Runtime": 25798.915, "Unique SQL Id": 3870093320}}, "(64, 18)": {"explain_plan": {"Plan": {"Node Type": "Limit", "Startup Cost": 951244.84, "Total Cost": 951245.09, "Plan Rows": 100, "Plan Width": 34, "Plans": [{"Node Type": "Sort", "Parent Relationship": "Outer", "Startup Cost": 951244.84, "Total Cost": 951267.77, "Plan Rows": 100, "Plan Width": 34, "Sort Key": ["(count(*)) DESC", "supplier.s_name"], "Plans": [{"Node Type": "Aggregate", "Strategy": "Hashed", "Parent Relationship": "Outer", "Startup Cost": 950802.57, "Total Cost": 950894.29, "Plan Rows": 9172, "Plan Width": 34, "Group By Key": ["supplier.s_name"], "Plans": [{"Node Type": "Nested Loop", "Parent Relationship": "Outer", "Join Type": "Inner", "Startup Cost": 2.25, "Total Cost": 950756.71, "Plan Rows": 9172, "Plan Width": 26, "Inner Unique": true, "Join Filter": "(l1.l_orderkey = orders.o_orderkey)", "Plans": [{"Node Type": "Nested Loop", "Parent Relationship": "Outer", "Join Type": "Semi", "Startup Cost": 1.65, "Total Cost": 917195.95, "Plan Rows": 7254, "Plan Width": 42, "Inner Unique": false, "Plans": [{"Node Type": "Nested Loop", "Parent Relationship": "Outer", "Join Type": "Anti", "Startup Cost": 0.82, "Total Cost": 902017.4, "Plan Rows": 7635, "Plan Width": 42, "Inner Unique": false, "Plans": [{"Node Type": "Streaming(type: LOCAL GATHER dop: 1/64)", "Parent Relationship": "Outer", "Startup Cost": 0.0, "Total Cost": 543304.32, "Plan Rows": 152707, "Plan Width": 42, "Plans": [{"Node Type": "Nested Loop", "Parent Relationship": "Outer", "Join Type": "Inner", "Startup Cost": 0.0, "Total Cost": 540153.99, "Plan Rows": 152707, "Plan Width": 42, "Inner Unique": false, "Join Filter": "(supplier.s_suppkey = l1.l_suppkey), (LLVM Optimized)", "Plans": [{"Node Type": "Streaming(type: LOCAL REDISTRIBUTE dop: 64/1)", "Parent Relationship": "Outer", "Startup Cost": 0.0, "Total Cost": 67696.83, "Plan Rows": 4000, "Plan Width": 34, "Plans": [{"Node Type": "Nested Loop", "Parent Relationship": "Outer", "Join Type": "Inner", "Startup Cost": 0.0, "Total Cost": 4534.31, "Plan Rows": 4000, "Plan Width": 34, "Inner Unique": false, "Join Filter": "(supplier.s_nationkey = nation.n_nationkey)", "Plans": [{"Node Type": "Seq Scan", "Parent Relationship": "Outer", "Relation Name": "nation", "Alias": "nation", "Startup Cost": 0.0, "Total Cost": 1.31, "Plan Rows": 1, "Plan Width": 4, "Filter": "(n_name = 'EGYPT'::bpchar)"}, {"Node Type": "Seq Scan", "Parent Relationship": "Inner", "Relation Name": "supplier", "Alias": "supplier", "Startup Cost": 0.0, "Total Cost": 3283.0, "Plan Rows": 100000, "Plan Width": 38}]}]}, {"Node Type": "Materialize", "Parent Relationship": "Inner", "Startup Cost": 0.0, "Total Cost": 180332.8, "Plan Rows": 19995678, "Plan Width": 16, "Plans": [{"Node Type": "Streaming(type: LOCAL REDISTRIBUTE dop: 64/64)", "Parent Relationship": "Outer", "Startup Cost": 0.0, "Total Cost": 178770.64, "Plan Rows": 19995678, "Plan Width": 16, "Plans": [{"Node Type": "Seq Scan", "Parent Relationship": "Outer", "Relation Name": "lineitem", "Alias": "l1", "Startup Cost": 0.0, "Total Cost": 96829.42, "Plan Rows": 19995678, "Plan Width": 16, "Filter": "(l_receiptdate > l_commitdate), (LLVM Optimized)"}]}]}]}]}, {"Node Type": "Bitmap Heap Scan", "Parent Relationship": "Inner", "Relation Name": "lineitem", "Alias": "l3", "Startup Cost": 0.82, "Total Cost": 8.97, "Plan Rows": 3, "Plan Width": 16, "Recheck Cond": "(l_orderkey = l1.l_orderkey)", "Filter": "((l_receiptdate > l_commitdate) AND (l_suppkey <> l1.l_suppkey))", "Plans": [{"Node Type": "Bitmap Index Scan", "Parent Relationship": "Outer", "Index Name": "idx_lineitem_orderkey", "Startup Cost": 0.0, "Total Cost": 0.82, "Plan Rows": 9, "Plan Width": 0, "Index Cond": "(l_orderkey = l1.l_orderkey)"}]}]}, {"Node Type": "Bitmap Heap Scan", "Parent Relationship": "Inner", "Relation Name": "lineitem", "Alias": "l2", "Startup Cost": 0.82, "Total Cost": 8.95, "Plan Rows": 9, "Plan Width": 16, "Recheck Cond": "(l_orderkey = l1.l_orderkey)", "Filter": "(l_suppkey <> l1.l_suppkey)", "Plans": [{"Node Type": "Bitmap Index Scan", "Parent Relationship": "Outer", "Index Name": "idx_lineitem_orderkey", "Startup Cost": 0.0, "Total Cost": 0.82, "Plan Rows": 9, "Plan Width": 0, "Index Cond": "(l_orderkey = l1.l_orderkey)"}]}]}, {"Node Type": "Bitmap Heap Scan", "Parent Relationship": "Inner", "Relation Name": "orders", "Alias": "orders", "Startup Cost": 0.6, "Total Cost": 4.61, "Plan Rows": 1, "Plan Width": 8, "Recheck Cond": "(o_orderkey = l2.l_orderkey)", "Filter": "(o_orderstatus = 'F'::bpchar)", "Plans": [{"Node Type": "Bitmap Index Scan", "Parent Relationship": "Outer", "Index Name": "orders_pkey", "Startup Cost": 0.0, "Total Cost": 0.6, "Plan Rows": 1, "Plan Width": 0, "Index Cond": "(o_orderkey = l2.l_orderkey)"}]}]}]}]}]}, "Unique SQL Id": 3870093320}, "explain_analyze_plan": null}, "(64, 19)": {"explain_plan": {"Plan": {"Node Type": "Limit", "Startup Cost": 6332151.71, "Total Cost": 6332151.96, "Plan Rows": 100, "Plan Width": 34, "Plans": [{"Node Type": "Sort", "Parent Relationship": "Outer", "Startup Cost": 6332151.71, "Total Cost": 6332174.64, "Plan Rows": 100, "Plan Width": 34, "Sort Key": ["(count(*)) DESC", "supplier.s_name"], "Plans": [{"Node Type": "Aggregate", "Strategy": "Hashed", "Parent Relationship": "Outer", "Startup Cost": 6331709.44, "Total Cost": 6331801.16, "Plan Rows": 9172, "Plan Width": 34, "Group By Key": ["supplier.s_name"], "Plans": [{"Node Type": "Nested Loop", "Parent Relationship": "Outer", "Join Type": "Inner", "Startup Cost": 5822707.84, "Total Cost": 6331663.58, "Plan Rows": 9172, "Plan Width": 26, "Inner Unique": true, "Join Filter": "(l1.l_orderkey = orders.o_orderkey)", "Plans": [{"Node Type": "Nested Loop", "Parent Relationship": "Outer", "Join Type": "Semi", "Startup Cost": 5822707.24, "Total Cost": 6298102.82, "Plan Rows": 7254, "Plan Width": 42, "Inner Unique": false, "Plans": [{"Node Type": "Nested Loop", "Parent Relationship": "Outer", "Join Type": "Anti", "Startup Cost": 5822706.42, "Total Cost": 6282924.27, "Plan Rows": 7635, "Plan Width": 42, "Inner Unique": false, "Plans": [{"Node Type": "Merge Join", "Parent Relationship": "Outer", "Join Type": "Inner", "Startup Cost": 5822705.59, "Total Cost": 5924211.19, "Plan Rows": 152707, "Plan Width": 42, "Inner Unique": false, "Merge Cond": "(supplier.s_suppkey = l1.l_suppkey)", "Plans": [{"Node Type": "Sort", "Parent Relationship": "Outer", "Startup Cost": 2784.04, "Total Cost": 2794.04, "Plan Rows": 4000, "Plan Width": 34, "Sort Key": ["supplier.s_suppkey"], "Plans": [{"Node Type": "Nested Loop", "Parent Relationship": "Outer", "Join Type": "Inner", "Startup Cost": 103.63, "Total Cost": 2544.73, "Plan Rows": 4000, "Plan Width": 34, "Inner Unique": false, "Plans": [{"Node Type": "Bitmap Heap Scan", "Parent Relationship": "Outer", "Relation Name": "nation", "Alias": "nation", "Startup Cost": 8.38, "Total Cost": 12.69, "Plan Rows": 1, "Plan Width": 4, "Filter": "(n_name = 'EGYPT'::bpchar)", "Plans": [{"Node Type": "Bitmap Index Scan", "Parent Relationship": "Outer", "Index Name": "nation_pkey", "Startup Cost": 0.0, "Total Cost": 8.38, "Plan Rows": 25, "Plan Width": 0}]}, {"Node Type": "Bitmap Heap Scan", "Parent Relationship": "Inner", "Relation Name": "supplier", "Alias": "supplier", "Startup Cost": 95.25, "Total Cost": 2492.04, "Plan Rows": 4000, "Plan Width": 38, "Recheck Cond": "(s_nationkey = nation.n_nationkey)", "Plans": [{"Node Type": "Bitmap Index Scan", "Parent Relationship": "Outer", "Index Name": "idx_supplier_nation_key", "Startup Cost": 0.0, "Total Cost": 94.25, "Plan Rows": 4000, "Plan Width": 0, "Index Cond": "(s_nationkey = nation.n_nationkey)"}]}]}]}, {"Node Type": "Sort", "Parent Relationship": "Inner", "Startup Cost": 5819911.62, "Total Cost": 5869900.82, "Plan Rows": 19995678, "Plan Width": 16, "Sort Key": ["l1.l_suppkey"], "Plans": [{"Node Type": "Bitmap Heap Scan", "Parent Relationship": "Outer", "Relation Name": "lineitem", "Alias": "l1", "Startup Cost": 1230034.33, "Total Cost": 3395117.25, "Plan Rows": 19995678, "Plan Width": 16, "Filter": "(l_receiptdate > l_commitdate), (LLVM Optimized)", "Plans": [{"Node Type": "Bitmap Index Scan", "Parent Relationship": "Outer", "Index Name": "idx_lineitem_orderkey", "Startup Cost": 0.0, "Total Cost": 1225035.42, "Plan Rows": 59987033, "Plan Width": 0}]}]}]}, {"Node Type": "Bitmap Heap Scan", "Parent Relationship": "Inner", "Relation Name": "lineitem", "Alias": "l3", "Startup Cost": 0.82, "Total Cost": 8.97, "Plan Rows": 3, "Plan Width": 16, "Recheck Cond": "(l_orderkey = l1.l_orderkey)", "Filter": "((l_receiptdate > l_commitdate) AND (l_suppkey <> l1.l_suppkey))", "Plans": [{"Node Type": "Bitmap Index Scan", "Parent Relationship": "Outer", "Index Name": "idx_lineitem_orderkey", "Startup Cost": 0.0, "Total Cost": 0.82, "Plan Rows": 9, "Plan Width": 0, "Index Cond": "(l_orderkey = l1.l_orderkey)"}]}]}, {"Node Type": "Bitmap Heap Scan", "Parent Relationship": "Inner", "Relation Name": "lineitem", "Alias": "l2", "Startup Cost": 0.82, "Total Cost": 8.95, "Plan Rows": 9, "Plan Width": 16, "Recheck Cond": "(l_orderkey = l1.l_orderkey)", "Filter": "(l_suppkey <> l1.l_suppkey)", "Plans": [{"Node Type": "Bitmap Index Scan", "Parent Relationship": "Outer", "Index Name": "idx_lineitem_orderkey", "Startup Cost": 0.0, "Total Cost": 0.82, "Plan Rows": 9, "Plan Width": 0, "Index Cond": "(l_orderkey = l1.l_orderkey)"}]}]}, {"Node Type": "Bitmap Heap Scan", "Parent Relationship": "Inner", "Relation Name": "orders", "Alias": "orders", "Startup Cost": 0.6, "Total Cost": 4.61, "Plan Rows": 1, "Plan Width": 8, "Recheck Cond": "(o_orderkey = l2.l_orderkey)", "Filter": "(o_orderstatus = 'F'::bpchar)", "Plans": [{"Node Type": "Bitmap Index Scan", "Parent Relationship": "Outer", "Index Name": "orders_pkey", "Startup Cost": 0.0, "Total Cost": 0.6, "Plan Rows": 1, "Plan Width": 0, "Index Cond": "(o_orderkey = l2.l_orderkey)"}]}]}]}]}]}, "Unique SQL Id": 3870093320}, "explain_analyze_plan": null}, "(64, 20)": {"explain_plan": {"Plan": {"Node Type": "Limit", "Startup Cost": 599935.6, "Total Cost": 599935.85, "Plan Rows": 100, "Plan Width": 34, "Plans": [{"Node Type": "Sort", "Parent Relationship": "Outer", "Startup Cost": 599935.6, "Total Cost": 599958.53, "Plan Rows": 100, "Plan Width": 34, "Sort Key": ["(count(*)) DESC", "supplier.s_name"], "Plans": [{"Node Type": "Aggregate", "Strategy": "Hashed", "Parent Relationship": "Outer", "Startup Cost": 599493.33, "Total Cost": 599585.05, "Plan Rows": 9172, "Plan Width": 34, "Group By Key": ["supplier.s_name"], "Plans": [{"Node Type": "Nested Loop", "Parent Relationship": "Outer", "Join Type": "Inner", "Startup Cost": 0.0, "Total Cost": 599447.47, "Plan Rows": 9172, "Plan Width": 26, "Inner Unique": true, "Join Filter": "(l1.l_orderkey = orders.o_orderkey)", "Plans": [{"Node Type": "Nested Loop", "Parent Relationship": "Outer", "Join Type": "Semi", "Startup Cost": 0.0, "Total Cost": 592347.1, "Plan Rows": 7254, "Plan Width": 42, "Inner Unique": false, "Plans": [{"Node Type": "Nested Loop", "Parent Relationship": "Outer", "Join Type": "Anti", "Startup Cost": 0.0, "Total Cost": 590491.54, "Plan Rows": 7635, "Plan Width": 42, "Inner Unique": false, "Plans": [{"Node Type": "Streaming(type: LOCAL GATHER dop: 1/64)", "Parent Relationship": "Outer", "Startup Cost": 0.0, "Total Cost": 543304.32, "Plan Rows": 152707, "Plan Width": 42, "Plans": [{"Node Type": "Nested Loop", "Parent Relationship": "Outer", "Join Type": "Inner", "Startup Cost": 0.0, "Total Cost": 540153.99, "Plan Rows": 152707, "Plan Width": 42, "Inner Unique": false, "Join Filter": "(supplier.s_suppkey = l1.l_suppkey), (LLVM Optimized)", "Plans": [{"Node Type": "Streaming(type: LOCAL REDISTRIBUTE dop: 64/1)", "Parent Relationship": "Outer", "Startup Cost": 0.0, "Total Cost": 67696.83, "Plan Rows": 4000, "Plan Width": 34, "Plans": [{"Node Type": "Nested Loop", "Parent Relationship": "Outer", "Join Type": "Inner", "Startup Cost": 0.0, "Total Cost": 4534.31, "Plan Rows": 4000, "Plan Width": 34, "Inner Unique": false, "Join Filter": "(supplier.s_nationkey = nation.n_nationkey)", "Plans": [{"Node Type": "Seq Scan", "Parent Relationship": "Outer", "Relation Name": "nation", "Alias": "nation", "Startup Cost": 0.0, "Total Cost": 1.31, "Plan Rows": 1, "Plan Width": 4, "Filter": "(n_name = 'EGYPT'::bpchar)"}, {"Node Type": "Seq Scan", "Parent Relationship": "Inner", "Relation Name": "supplier", "Alias": "supplier", "Startup Cost": 0.0, "Total Cost": 3283.0, "Plan Rows": 100000, "Plan Width": 38}]}]}, {"Node Type": "Materialize", "Parent Relationship": "Inner", "Startup Cost": 0.0, "Total Cost": 180332.8, "Plan Rows": 19995678, "Plan Width": 16, "Plans": [{"Node Type": "Streaming(type: LOCAL REDISTRIBUTE dop: 64/64)", "Parent Relationship": "Outer", "Startup Cost": 0.0, "Total Cost": 178770.64, "Plan Rows": 19995678, "Plan Width": 16, "Plans": [{"Node Type": "Seq Scan", "Parent Relationship": "Outer", "Relation Name": "lineitem", "Alias": "l1", "Startup Cost": 0.0, "Total Cost": 96829.42, "Plan Rows": 19995678, "Plan Width": 16, "Filter": "(l_receiptdate > l_commitdate), (LLVM Optimized)"}]}]}]}]}, {"Node Type": "Index Scan", "Parent Relationship": "Inner", "Scan Direction": "Forward", "Index Name": "idx_lineitem_orderkey", "Relation Name": "lineitem", "Alias": "l3", "Startup Cost": 0.0, "Total Cost": 1.63, "Plan Rows": 3, "Plan Width": 16, "Index Cond": "(l_orderkey = l1.l_orderkey)", "Filter": "((l_receiptdate > l_commitdate) AND (l_suppkey <> l1.l_suppkey))"}]}, {"Node Type": "Index Scan", "Parent Relationship": "Inner", "Scan Direction": "Forward", "Index Name": "idx_lineitem_orderkey", "Relation Name": "lineitem", "Alias": "l2", "Startup Cost": 0.0, "Total Cost": 1.63, "Plan Rows": 9, "Plan Width": 16, "Index Cond": "(l_orderkey = l1.l_orderkey)", "Filter": "(l_suppkey <> l1.l_suppkey)"}]}, {"Node Type": "Index Scan", "Parent Relationship": "Inner", "Scan Direction": "Forward", "Index Name": "orders_pkey", "Relation Name": "orders", "Alias": "orders", "Startup Cost": 0.0, "Total Cost": 0.97, "Plan Rows": 1, "Plan Width": 8, "Index Cond": "(o_orderkey = l2.l_orderkey)", "Filter": "(o_orderstatus = 'F'::bpchar)"}]}]}]}]}, "Unique SQL Id": 3870093320}, "explain_analyze_plan": {"Plan": {"Node Type": "Limit", "Startup Cost": 599935.6, "Total Cost": 599935.85, "Plan Rows": 100, "Plan Width": 34, "Actual Min Startup Time": 22135.209, "Actual Max Startup Time": 22135.209, "Actual Min Total Time": 22135.229, "Actual Max Total Time": 22135.229, "Actual Total Rows": 100, "Plans": [{"Node Type": "Sort", "Parent Relationship": "Outer", "Startup Cost": 599935.6, "Total Cost": 599958.53, "Plan Rows": 100, "Plan Width": 34, "Actual Min Startup Time": 22135.204, "Actual Max Startup Time": 22135.204, "Actual Min Total Time": 22135.212, "Actual Max Total Time": 22135.212, "Actual Total Rows": 100, "Sort Key": ["(count(*)) DESC", "supplier.s_name"], "Sort Method": "top-N heapsort", "Sort Space Min Used": 41, "Sort Space Max Used": 41, "Sort Space Type": "Memory", "Plans": [{"Node Type": "Aggregate", "Strategy": "Hashed", "Parent Relationship": "Outer", "Startup Cost": 599493.33, "Total Cost": 599585.05, "Plan Rows": 9172, "Plan Width": 34, "Actual Min Startup Time": 22131.822, "Actual Max Startup Time": 22131.822, "Actual Min Total Time": 22133.014, "Actual Max Total Time": 22133.014, "Actual Total Rows": 3981, "Group By Key": ["supplier.s_name"], "Plans": [{"Node Type": "Nested Loop", "Parent Relationship": "Outer", "Join Type": "Inner", "Startup Cost": 0.0, "Total Cost": 599447.47, "Plan Rows": 9172, "Plan Width": 26, "Actual Min Startup Time": 2089.674, "Actual Max Startup Time": 2089.674, "Actual Min Total Time": 22070.682, "Actual Max Total Time": 22070.682, "Actual Total Rows": 39445, "Inner Unique": true, "Join Filter": "(l1.l_orderkey = orders.o_orderkey)", "Rows Removed by Join Filter": 0, "Plans": [{"Node Type": "Nested Loop", "Parent Relationship": "Outer", "Join Type": "Semi", "Startup Cost": 0.0, "Total Cost": 592347.1, "Plan Rows": 7254, "Plan Width": 42, "Actual Min Startup Time": 2089.648, "Actual Max Startup Time": 2089.648, "Actual Min Total Time": 21307.341, "Actual Max Total Time": 21307.341, "Actual Total Rows": 80537, "Inner Unique": false, "Plans": [{"Node Type": "Nested Loop", "Parent Relationship": "Outer", "Join Type": "Anti", "Startup Cost": 0.0, "Total Cost": 590491.54, "Plan Rows": 7635, "Plan Width": 42, "Actual Min Startup Time": 2089.636, "Actual Max Startup Time": 2089.636, "Actual Min Total Time": 20688.752, "Actual Max Total Time": 20688.752, "Actual Total Rows": 135110, "Inner Unique": false, "Plans": [{"Node Type": "Streaming(type: LOCAL GATHER dop: 1/64)", "Parent Relationship": "Outer", "Startup Cost": 0.0, "Total Cost": 543304.32, "Plan Rows": 152707, "Plan Width": 42, "Actual Min Startup Time": 2089.092, "Actual Max Startup Time": 2089.092, "Actual Min Total Time": 4652.838, "Actual Max Total Time": 4652.838, "Actual Total Rows": 1511024, "Plans": [{"Node Type": "Nested Loop", "Parent Relationship": "Outer", "Join Type": "Inner", "Startup Cost": 0.0, "Total Cost": 540153.99, "Plan Rows": 152707, "Plan Width": 42, "Actual Min Startup Time": 1641.633, "Actual Max Startup Time": 1891.958, "Actual Min Total Time": 9480.704, "Actual Max Total Time": 16809.137, "Actual Total Rows": 1511024, "Inner Unique": false, "Join Filter": "(supplier.s_suppkey = l1.l_suppkey), (LLVM Optimized, Jit Execute)", "Rows Removed by Join Filter": 2358157333, "Plans": [{"Node Type": "Streaming(type: LOCAL REDISTRIBUTE dop: 64/1)", "Parent Relationship": "Outer", "Startup Cost": 0.0, "Total Cost": 67696.83, "Plan Rows": 4000, "Plan Width": 34, "Actual Min Startup Time": 0.033, "Actual Max Startup Time": 0.09, "Actual Min Total Time": 0.079, "Actual Max Total Time": 0.379, "Actual Total Rows": 3981, "Plans": [{"Node Type": "Nested Loop", "Parent Relationship": "Outer", "Join Type": "Inner", "Startup Cost": 0.0, "Total Cost": 4534.31, "Plan Rows": 4000, "Plan Width": 34, "Actual Min Startup Time": 0.076, "Actual Max Startup Time": 0.076, "Actual Min Total Time": 51.71, "Actual Max Total Time": 51.71, "Actual Total Rows": 3981, "Inner Unique": false, "Join Filter": "(supplier.s_nationkey = nation.n_nationkey)", "Rows Removed by Join Filter": 96019, "Plans": [{"Node Type": "Seq Scan", "Parent Relationship": "Outer", "Relation Name": "nation", "Alias": "nation", "Startup Cost": 0.0, "Total Cost": 1.31, "Plan Rows": 1, "Plan Width": 4, "Actual Min Startup Time": 0.043, "Actual Max Startup Time": 0.043, "Actual Min Total Time": 0.056, "Actual Max Total Time": 0.056, "Actual Total Rows": 1, "Filter": "(n_name = 'EGYPT'::bpchar)", "Rows Removed by Filter": 24}, {"Node Type": "Seq Scan", "Parent Relationship": "Inner", "Relation Name": "supplier", "Alias": "supplier", "Startup Cost": 0.0, "Total Cost": 3283.0, "Plan Rows": 100000, "Plan Width": 38, "Actual Min Startup Time": 0.012, "Actual Max Startup Time": 0.012, "Actual Min Total Time": 28.719, "Actual Max Total Time": 28.719, "Actual Total Rows": 100000}]}]}, {"Node Type": "Materialize", "Parent Relationship": "Inner", "Startup Cost": 0.0, "Total Cost": 180332.8, "Plan Rows": 19995678, "Plan Width": 16, "Actual Min Startup Time": 1640.736, "Actual Max Startup Time": 1891.094, "Actual Min Total Time": 5962.818, "Actual Max Total Time": 11299.558, "Actual Total Rows": 2359668421, "Plans": [{"Node Type": "Streaming(type: LOCAL REDISTRIBUTE dop: 64/64)", "Parent Relationship": "Outer", "Startup Cost": 0.0, "Total Cost": 178770.64, "Plan Rows": 19995678, "Plan Width": 16, "Actual Min Startup Time": 0.111, "Actual Max Startup Time": 217.514, "Actual Min Total Time": 1520.886, "Actual Max Total Time": 1786.037, "Actual Total Rows": 37929348, "Plans": [{"Node Type": "Seq Scan", "Parent Relationship": "Outer", "Relation Name": "lineitem", "Alias": "l1", "Startup Cost": 0.0, "Total Cost": 96829.42, "Plan Rows": 19995678, "Plan Width": 16, "Actual Min Startup Time": 0.022, "Actual Max Startup Time": 0.066, "Actual Min Total Time": 458.493, "Actual Max Total Time": 541.009, "Actual Total Rows": 37929348, "Filter": "(l_receiptdate > l_commitdate), (LLVM Optimized, Jit Execute)", "Rows Removed by Filter": 22056704}]}]}]}]}, {"Node Type": "Index Scan", "Parent Relationship": "Inner", "Scan Direction": "Forward", "Index Name": "idx_lineitem_orderkey", "Relation Name": "lineitem", "Alias": "l3", "Startup Cost": 0.0, "Total Cost": 1.63, "Plan Rows": 3, "Plan Width": 16, "Actual Min Startup Time": 14958.555, "Actual Max Startup Time": 14958.555, "Actual Min Total Time": 14958.555, "Actual Max Total Time": 14958.555, "Actual Total Rows": 1375914, "Index Cond": "(l_orderkey = l1.l_orderkey)", "Rows Removed by Index Recheck": 0, "Filter": "((l_receiptdate > l_commitdate) AND (l_suppkey <> l1.l_suppkey))", "Rows Removed by Filter": 1348115}]}, {"Node Type": "Index Scan", "Parent Relationship": "Inner", "Scan Direction": "Forward", "Index Name": "idx_lineitem_orderkey", "Relation Name": "lineitem", "Alias": "l2", "Startup Cost": 0.0, "Total Cost": 1.63, "Plan Rows": 9, "Plan Width": 16, "Actual Min Startup Time": 513.699, "Actual Max Startup Time": 513.699, "Actual Min Total Time": 513.699, "Actual Max Total Time": 513.699, "Actual Total Rows": 80537, "Index Cond": "(l_orderkey = l1.l_orderkey)", "Rows Removed by Index Recheck": 0, "Filter": "(l_suppkey <> l1.l_suppkey)", "Rows Removed by Filter": 85912}]}, {"Node Type": "Index Scan", "Parent Relationship": "Inner", "Scan Direction": "Forward", "Index Name": "orders_pkey", "Relation Name": "orders", "Alias": "orders", "Startup Cost": 0.0, "Total Cost": 0.97, "Plan Rows": 1, "Plan Width": 8, "Actual Min Startup Time": 687.68, "Actual Max Startup Time": 687.68, "Actual Min Total Time": 687.68, "Actual Max Total Time": 687.68, "Actual Total Rows": 39445, "Index Cond": "(o_orderkey = l2.l_orderkey)", "Rows Removed by Index Recheck": 0, "Filter": "(o_orderstatus = 'F'::bpchar)", "Rows Removed by Filter": 41092}]}]}]}]}, "Triggers": [], "Planner Runtime": 9.23, "Total Runtime": 22173.314, "Unique SQL Id": 3870093320}}, "(64, 21)": {"explain_plan": {"Plan": {"Node Type": "Limit", "Startup Cost": 3220169.9, "Total Cost": 3220170.15, "Plan Rows": 100, "Plan Width": 34, "Plans": [{"Node Type": "Sort", "Parent Relationship": "Outer", "Startup Cost": 3220169.9, "Total Cost": 3220192.83, "Plan Rows": 100, "Plan Width": 34, "Sort Key": ["(count(*)) DESC", "supplier.s_name"], "Plans": [{"Node Type": "Aggregate", "Strategy": "Hashed", "Parent Relationship": "Outer", "Startup Cost": 3219727.63, "Total Cost": 3219819.35, "Plan Rows": 9172, "Plan Width": 34, "Group By Key": ["supplier.s_name"], "Plans": [{"Node Type": "Nested Loop", "Parent Relationship": "Outer", "Join Type": "Inner", "Startup Cost": 0.0, "Total Cost": 3219681.77, "Plan Rows": 9172, "Plan Width": 26, "Inner Unique": true, "Join Filter": "(l1.l_orderkey = orders.o_orderkey)", "Plans": [{"Node Type": "Nested Loop", "Parent Relationship": "Outer", "Join Type": "Semi", "Startup Cost": 0.0, "Total Cost": 3212581.4, "Plan Rows": 7254, "Plan Width": 42, "Inner Unique": false, "Plans": [{"Node Type": "Nested Loop", "Parent Relationship": "Outer", "Join Type": "Anti", "Startup Cost": 0.0, "Total Cost": 3210725.84, "Plan Rows": 7635, "Plan Width": 42, "Inner Unique": false, "Plans": [{"Node Type": "Streaming(type: LOCAL GATHER dop: 1/64)", "Parent Relationship": "Outer", "Startup Cost": 0.0, "Total Cost": 3163538.62, "Plan Rows": 152707, "Plan Width": 42, "Plans": [{"Node Type": "Nested Loop", "Parent Relationship": "Outer", "Join Type": "Inner", "Startup Cost": 0.0, "Total Cost": 3160388.29, "Plan Rows": 152707, "Plan Width": 42, "Inner Unique": false, "Join Filter": "(supplier.s_suppkey = l1.l_suppkey), (LLVM Optimized)", "Plans": [{"Node Type": "Streaming(type: LOCAL REDISTRIBUTE dop: 64/1)", "Parent Relationship": "Outer", "Startup Cost": 0.0, "Total Cost": 69760.92, "Plan Rows": 4000, "Plan Width": 34, "Plans": [{"Node Type": "Nested Loop", "Parent Relationship": "Outer", "Join Type": "Inner", "Startup Cost": 0.0, "Total Cost": 6598.4, "Plan Rows": 4000, "Plan Width": 34, "Inner Unique": false, "Join Filter": "(supplier.s_nationkey = nation.n_nationkey)", "Plans": [{"Node Type": "Index Scan", "Parent Relationship": "Outer", "Scan Direction": "Forward", "Index Name": "nation_pkey", "Relation Name": "nation", "Alias": "nation", "Startup Cost": 0.0, "Total Cost": 12.69, "Plan Rows": 1, "Plan Width": 4, "Filter": "(n_name = 'EGYPT'::bpchar)"}, {"Node Type": "Index Scan", "Parent Relationship": "Inner", "Scan Direction": "Forward", "Index Name": "supplier_pkey", "Relation Name": "supplier", "Alias": "supplier", "Startup Cost": 0.0, "Total Cost": 5335.71, "Plan Rows": 100000, "Plan Width": 38}]}]}, {"Node Type": "Materialize", "Parent Relationship": "Inner", "Startup Cost": 0.0, "Total Cost": 2798503.01, "Plan Rows": 19995678, "Plan Width": 16, "Plans": [{"Node Type": "Streaming(type: LOCAL REDISTRIBUTE dop: 64/64)", "Parent Relationship": "Outer", "Startup Cost": 0.0, "Total Cost": 2796940.85, "Plan Rows": 19995678, "Plan Width": 16, "Plans": [{"Node Type": "Index Scan", "Parent Relationship": "Outer", "Scan Direction": "Forward", "Index Name": "idx_lineitem_orderkey", "Relation Name": "lineitem", "Alias": "l1", "Startup Cost": 0.0, "Total Cost": 2714999.63, "Plan Rows": 19995678, "Plan Width": 16, "Filter": "(l_receiptdate > l_commitdate), (LLVM Optimized)"}]}]}]}]}, {"Node Type": "Index Scan", "Parent Relationship": "Inner", "Scan Direction": "Forward", "Index Name": "idx_lineitem_orderkey", "Relation Name": "lineitem", "Alias": "l3", "Startup Cost": 0.0, "Total Cost": 1.63, "Plan Rows": 3, "Plan Width": 16, "Index Cond": "(l_orderkey = l1.l_orderkey)", "Filter": "((l_receiptdate > l_commitdate) AND (l_suppkey <> l1.l_suppkey))"}]}, {"Node Type": "Index Scan", "Parent Relationship": "Inner", "Scan Direction": "Forward", "Index Name": "idx_lineitem_orderkey", "Relation Name": "lineitem", "Alias": "l2", "Startup Cost": 0.0, "Total Cost": 1.63, "Plan Rows": 9, "Plan Width": 16, "Index Cond": "(l_orderkey = l1.l_orderkey)", "Filter": "(l_suppkey <> l1.l_suppkey)"}]}, {"Node Type": "Index Scan", "Parent Relationship": "Inner", "Scan Direction": "Forward", "Index Name": "orders_pkey", "Relation Name": "orders", "Alias": "orders", "Startup Cost": 0.0, "Total Cost": 0.97, "Plan Rows": 1, "Plan Width": 8, "Index Cond": "(o_orderkey = l2.l_orderkey)", "Filter": "(o_orderstatus = 'F'::bpchar)"}]}]}]}]}, "Unique SQL Id": 3870093320}, "explain_analyze_plan": {"Plan": {"Node Type": "Limit", "Startup Cost": 3220169.9, "Total Cost": 3220170.15, "Plan Rows": 100, "Plan Width": 34, "Actual Min Startup Time": 25761.332, "Actual Max Startup Time": 25761.332, "Actual Min Total Time": 25761.348, "Actual Max Total Time": 25761.348, "Actual Total Rows": 100, "Plans": [{"Node Type": "Sort", "Parent Relationship": "Outer", "Startup Cost": 3220169.9, "Total Cost": 3220192.83, "Plan Rows": 100, "Plan Width": 34, "Actual Min Startup Time": 25761.329, "Actual Max Startup Time": 25761.329, "Actual Min Total Time": 25761.336, "Actual Max Total Time": 25761.336, "Actual Total Rows": 100, "Sort Key": ["(count(*)) DESC", "supplier.s_name"], "Sort Method": "top-N heapsort", "Sort Space Min Used": 41, "Sort Space Max Used": 41, "Sort Space Type": "Memory", "Plans": [{"Node Type": "Aggregate", "Strategy": "Hashed", "Parent Relationship": "Outer", "Startup Cost": 3219727.63, "Total Cost": 3219819.35, "Plan Rows": 9172, "Plan Width": 34, "Actual Min Startup Time": 25758.056, "Actual Max Startup Time": 25758.056, "Actual Min Total Time": 25759.319, "Actual Max Total Time": 25759.319, "Actual Total Rows": 3981, "Group By Key": ["supplier.s_name"], "Plans": [{"Node Type": "Nested Loop", "Parent Relationship": "Outer", "Join Type": "Inner", "Startup Cost": 0.0, "Total Cost": 3219681.77, "Plan Rows": 9172, "Plan Width": 26, "Actual Min Startup Time": 5073.861, "Actual Max Startup Time": 5073.861, "Actual Min Total Time": 25693.464, "Actual Max Total Time": 25693.464, "Actual Total Rows": 39445, "Inner Unique": true, "Join Filter": "(l1.l_orderkey = orders.o_orderkey)", "Rows Removed by Join Filter": 0, "Plans": [{"Node Type": "Nested Loop", "Parent Relationship": "Outer", "Join Type": "Semi", "Startup Cost": 0.0, "Total Cost": 3212581.4, "Plan Rows": 7254, "Plan Width": 42, "Actual Min Startup Time": 5071.269, "Actual Max Startup Time": 5071.269, "Actual Min Total Time": 24916.426, "Actual Max Total Time": 24916.426, "Actual Total Rows": 80537, "Inner Unique": false, "Plans": [{"Node Type": "Nested Loop", "Parent Relationship": "Outer", "Join Type": "Anti", "Startup Cost": 0.0, "Total Cost": 3210725.84, "Plan Rows": 7635, "Plan Width": 42, "Actual Min Startup Time": 5071.257, "Actual Max Startup Time": 5071.257, "Actual Min Total Time": 24272.311, "Actual Max Total Time": 24272.311, "Actual Total Rows": 135110, "Inner Unique": false, "Plans": [{"Node Type": "Streaming(type: LOCAL GATHER dop: 1/64)", "Parent Relationship": "Outer", "Startup Cost": 0.0, "Total Cost": 3163538.62, "Plan Rows": 152707, "Plan Width": 42, "Actual Min Startup Time": 5070.873, "Actual Max Startup Time": 5070.873, "Actual Min Total Time": 7986.719, "Actual Max Total Time": 7986.719, "Actual Total Rows": 1511024, "Plans": [{"Node Type": "Nested Loop", "Parent Relationship": "Outer", "Join Type": "Inner", "Startup Cost": 0.0, "Total Cost": 3160388.29, "Plan Rows": 152707, "Plan Width": 42, "Actual Min Startup Time": 4626.499, "Actual Max Startup Time": 4901.296, "Actual Min Total Time": 12024.49, "Actual Max Total Time": 18749.412, "Actual Total Rows": 1511024, "Inner Unique": false, "Join Filter": "(supplier.s_suppkey = l1.l_suppkey), (LLVM Optimized, Jit Execute)", "Rows Removed by Join Filter": 2358157333, "Plans": [{"Node Type": "Streaming(type: LOCAL REDISTRIBUTE dop: 64/1)", "Parent Relationship": "Outer", "Startup Cost": 0.0, "Total Cost": 69760.92, "Plan Rows": 4000, "Plan Width": 34, "Actual Min Startup Time": 0.035, "Actual Max Startup Time": 0.087, "Actual Min Total Time": 0.076, "Actual Max Total Time": 0.396, "Actual Total Rows": 3981, "Plans": [{"Node Type": "Nested Loop", "Parent Relationship": "Outer", "Join Type": "Inner", "Startup Cost": 0.0, "Total Cost": 6598.4, "Plan Rows": 4000, "Plan Width": 34, "Actual Min Startup Time": 0.119, "Actual Max Startup Time": 0.119, "Actual Min Total Time": 109.903, "Actual Max Total Time": 109.903, "Actual Total Rows": 3981, "Inner Unique": false, "Join Filter": "(supplier.s_nationkey = nation.n_nationkey)", "Rows Removed by Join Filter": 96019, "Plans": [{"Node Type": "Index Scan", "Parent Relationship": "Outer", "Scan Direction": "Forward", "Index Name": "nation_pkey", "Relation Name": "nation", "Alias": "nation", "Startup Cost": 0.0, "Total Cost": 12.69, "Plan Rows": 1, "Plan Width": 4, "Actual Min Startup Time": 0.051, "Actual Max Startup Time": 0.051, "Actual Min Total Time": 0.077, "Actual Max Total Time": 0.077, "Actual Total Rows": 1, "Filter": "(n_name = 'EGYPT'::bpchar)", "Rows Removed by Filter": 24}, {"Node Type": "Index Scan", "Parent Relationship": "Inner", "Scan Direction": "Forward", "Index Name": "supplier_pkey", "Relation Name": "supplier", "Alias": "supplier", "Startup Cost": 0.0, "Total Cost": 5335.71, "Plan Rows": 100000, "Plan Width": 38, "Actual Min Startup Time": 0.036, "Actual Max Startup Time": 0.036, "Actual Min Total Time": 74.078, "Actual Max Total Time": 74.078, "Actual Total Rows": 100000}]}]}, {"Node Type": "Materialize", "Parent Relationship": "Inner", "Startup Cost": 0.0, "Total Cost": 2798503.01, "Plan Rows": 19995678, "Plan Width": 16, "Actual Min Startup Time": 4625.444, "Actual Max Startup Time": 4900.63, "Actual Min Total Time": 8319.603, "Actual Max Total Time": 13712.832, "Actual Total Rows": 2359668421, "Plans": [{"Node Type": "Streaming(type: LOCAL REDISTRIBUTE dop: 64/64)", "Parent Relationship": "Outer", "Startup Cost": 0.0, "Total Cost": 2796940.85, "Plan Rows": 19995678, "Plan Width": 16, "Actual Min Startup Time": 463.524, "Actual Max Startup Time": 738.456, "Actual Min Total Time": 4500.006, "Actual Max Total Time": 4782.711, "Actual Total Rows": 37929348, "Plans": [{"Node Type": "Index Scan", "Parent Relationship": "Outer", "Scan Direction": "Forward", "Index Name": "idx_lineitem_orderkey", "Relation Name": "lineitem", "Alias": "l1", "Startup Cost": 0.0, "Total Cost": 2714999.63, "Plan Rows": 19995678, "Plan Width": 16, "Actual Min Startup Time": 452.299, "Actual Max Startup Time": 759.637, "Actual Min Total Time": 1242.865, "Actual Max Total Time": 1614.049, "Actual Total Rows": 37929348, "Filter": "(l_receiptdate > l_commitdate), (LLVM Optimized, Jit Execute)", "Rows Removed by Filter": 22056704}]}]}]}]}, {"Node Type": "Index Scan", "Parent Relationship": "Inner", "Scan Direction": "Forward", "Index Name": "idx_lineitem_orderkey", "Relation Name": "lineitem", "Alias": "l3", "Startup Cost": 0.0, "Total Cost": 1.63, "Plan Rows": 3, "Plan Width": 16, "Actual Min Startup Time": 15173.22, "Actual Max Startup Time": 15173.22, "Actual Min Total Time": 15173.22, "Actual Max Total Time": 15173.22, "Actual Total Rows": 1375914, "Index Cond": "(l_orderkey = l1.l_orderkey)", "Rows Removed by Index Recheck": 0, "Filter": "((l_receiptdate > l_commitdate) AND (l_suppkey <> l1.l_suppkey))", "Rows Removed by Filter": 1348115}]}, {"Node Type": "Index Scan", "Parent Relationship": "Inner", "Scan Direction": "Forward", "Index Name": "idx_lineitem_orderkey", "Relation Name": "lineitem", "Alias": "l2", "Startup Cost": 0.0, "Total Cost": 1.63, "Plan Rows": 9, "Plan Width": 16, "Actual Min Startup Time": 529.801, "Actual Max Startup Time": 529.801, "Actual Min Total Time": 529.801, "Actual Max Total Time": 529.801, "Actual Total Rows": 80537, "Index Cond": "(l_orderkey = l1.l_orderkey)", "Rows Removed by Index Recheck": 0, "Filter": "(l_suppkey <> l1.l_suppkey)", "Rows Removed by Filter": 85912}]}, {"Node Type": "Index Scan", "Parent Relationship": "Inner", "Scan Direction": "Forward", "Index Name": "orders_pkey", "Relation Name": "orders", "Alias": "orders", "Startup Cost": 0.0, "Total Cost": 0.97, "Plan Rows": 1, "Plan Width": 8, "Actual Min Startup Time": 697.938, "Actual Max Startup Time": 697.938, "Actual Min Total Time": 697.938, "Actual Max Total Time": 697.938, "Actual Total Rows": 39445, "Index Cond": "(o_orderkey = l2.l_orderkey)", "Rows Removed by Index Recheck": 0, "Filter": "(o_orderstatus = 'F'::bpchar)", "Rows Removed by Filter": 41092}]}]}]}]}, "Triggers": [], "Planner Runtime": 9.276, "Total Runtime": 25798.915, "Unique SQL Id": 3870093320}}, "(64, 22)": {"explain_plan": {"Plan": {"Node Type": "Limit", "Startup Cost": 951244.84, "Total Cost": 951245.09, "Plan Rows": 100, "Plan Width": 34, "Plans": [{"Node Type": "Sort", "Parent Relationship": "Outer", "Startup Cost": 951244.84, "Total Cost": 951267.77, "Plan Rows": 100, "Plan Width": 34, "Sort Key": ["(count(*)) DESC", "supplier.s_name"], "Plans": [{"Node Type": "Aggregate", "Strategy": "Hashed", "Parent Relationship": "Outer", "Startup Cost": 950802.57, "Total Cost": 950894.29, "Plan Rows": 9172, "Plan Width": 34, "Group By Key": ["supplier.s_name"], "Plans": [{"Node Type": "Nested Loop", "Parent Relationship": "Outer", "Join Type": "Inner", "Startup Cost": 2.25, "Total Cost": 950756.71, "Plan Rows": 9172, "Plan Width": 26, "Inner Unique": true, "Join Filter": "(l1.l_orderkey = orders.o_orderkey)", "Plans": [{"Node Type": "Nested Loop", "Parent Relationship": "Outer", "Join Type": "Semi", "Startup Cost": 1.65, "Total Cost": 917195.95, "Plan Rows": 7254, "Plan Width": 42, "Inner Unique": false, "Plans": [{"Node Type": "Nested Loop", "Parent Relationship": "Outer", "Join Type": "Anti", "Startup Cost": 0.82, "Total Cost": 902017.4, "Plan Rows": 7635, "Plan Width": 42, "Inner Unique": false, "Plans": [{"Node Type": "Streaming(type: LOCAL GATHER dop: 1/64)", "Parent Relationship": "Outer", "Startup Cost": 0.0, "Total Cost": 543304.32, "Plan Rows": 152707, "Plan Width": 42, "Plans": [{"Node Type": "Nested Loop", "Parent Relationship": "Outer", "Join Type": "Inner", "Startup Cost": 0.0, "Total Cost": 540153.99, "Plan Rows": 152707, "Plan Width": 42, "Inner Unique": false, "Join Filter": "(supplier.s_suppkey = l1.l_suppkey), (LLVM Optimized)", "Plans": [{"Node Type": "Streaming(type: LOCAL REDISTRIBUTE dop: 64/1)", "Parent Relationship": "Outer", "Startup Cost": 0.0, "Total Cost": 67696.83, "Plan Rows": 4000, "Plan Width": 34, "Plans": [{"Node Type": "Nested Loop", "Parent Relationship": "Outer", "Join Type": "Inner", "Startup Cost": 0.0, "Total Cost": 4534.31, "Plan Rows": 4000, "Plan Width": 34, "Inner Unique": false, "Join Filter": "(supplier.s_nationkey = nation.n_nationkey)", "Plans": [{"Node Type": "Seq Scan", "Parent Relationship": "Outer", "Relation Name": "nation", "Alias": "nation", "Startup Cost": 0.0, "Total Cost": 1.31, "Plan Rows": 1, "Plan Width": 4, "Filter": "(n_name = 'EGYPT'::bpchar)"}, {"Node Type": "Seq Scan", "Parent Relationship": "Inner", "Relation Name": "supplier", "Alias": "supplier", "Startup Cost": 0.0, "Total Cost": 3283.0, "Plan Rows": 100000, "Plan Width": 38}]}]}, {"Node Type": "Materialize", "Parent Relationship": "Inner", "Startup Cost": 0.0, "Total Cost": 180332.8, "Plan Rows": 19995678, "Plan Width": 16, "Plans": [{"Node Type": "Streaming(type: LOCAL REDISTRIBUTE dop: 64/64)", "Parent Relationship": "Outer", "Startup Cost": 0.0, "Total Cost": 178770.64, "Plan Rows": 19995678, "Plan Width": 16, "Plans": [{"Node Type": "Seq Scan", "Parent Relationship": "Outer", "Relation Name": "lineitem", "Alias": "l1", "Startup Cost": 0.0, "Total Cost": 96829.42, "Plan Rows": 19995678, "Plan Width": 16, "Filter": "(l_receiptdate > l_commitdate), (LLVM Optimized)"}]}]}]}]}, {"Node Type": "Bitmap Heap Scan", "Parent Relationship": "Inner", "Relation Name": "lineitem", "Alias": "l3", "Startup Cost": 0.82, "Total Cost": 8.97, "Plan Rows": 3, "Plan Width": 16, "Recheck Cond": "(l_orderkey = l1.l_orderkey)", "Filter": "((l_receiptdate > l_commitdate) AND (l_suppkey <> l1.l_suppkey))", "Plans": [{"Node Type": "Bitmap Index Scan", "Parent Relationship": "Outer", "Index Name": "idx_lineitem_orderkey", "Startup Cost": 0.0, "Total Cost": 0.82, "Plan Rows": 9, "Plan Width": 0, "Index Cond": "(l_orderkey = l1.l_orderkey)"}]}]}, {"Node Type": "Bitmap Heap Scan", "Parent Relationship": "Inner", "Relation Name": "lineitem", "Alias": "l2", "Startup Cost": 0.82, "Total Cost": 8.95, "Plan Rows": 9, "Plan Width": 16, "Recheck Cond": "(l_orderkey = l1.l_orderkey)", "Filter": "(l_suppkey <> l1.l_suppkey)", "Plans": [{"Node Type": "Bitmap Index Scan", "Parent Relationship": "Outer", "Index Name": "idx_lineitem_orderkey", "Startup Cost": 0.0, "Total Cost": 0.82, "Plan Rows": 9, "Plan Width": 0, "Index Cond": "(l_orderkey = l1.l_orderkey)"}]}]}, {"Node Type": "Bitmap Heap Scan", "Parent Relationship": "Inner", "Relation Name": "orders", "Alias": "orders", "Startup Cost": 0.6, "Total Cost": 4.61, "Plan Rows": 1, "Plan Width": 8, "Recheck Cond": "(o_orderkey = l2.l_orderkey)", "Filter": "(o_orderstatus = 'F'::bpchar)", "Plans": [{"Node Type": "Bitmap Index Scan", "Parent Relationship": "Outer", "Index Name": "orders_pkey", "Startup Cost": 0.0, "Total Cost": 0.6, "Plan Rows": 1, "Plan Width": 0, "Index Cond": "(o_orderkey = l2.l_orderkey)"}]}]}]}]}]}, "Unique SQL Id": 3870093320}, "explain_analyze_plan": null}, "(64, 23)": {"explain_plan": {"Plan": {"Node Type": "Limit", "Startup Cost": 6332151.71, "Total Cost": 6332151.96, "Plan Rows": 100, "Plan Width": 34, "Plans": [{"Node Type": "Sort", "Parent Relationship": "Outer", "Startup Cost": 6332151.71, "Total Cost": 6332174.64, "Plan Rows": 100, "Plan Width": 34, "Sort Key": ["(count(*)) DESC", "supplier.s_name"], "Plans": [{"Node Type": "Aggregate", "Strategy": "Hashed", "Parent Relationship": "Outer", "Startup Cost": 6331709.44, "Total Cost": 6331801.16, "Plan Rows": 9172, "Plan Width": 34, "Group By Key": ["supplier.s_name"], "Plans": [{"Node Type": "Nested Loop", "Parent Relationship": "Outer", "Join Type": "Inner", "Startup Cost": 5822707.84, "Total Cost": 6331663.58, "Plan Rows": 9172, "Plan Width": 26, "Inner Unique": true, "Join Filter": "(l1.l_orderkey = orders.o_orderkey)", "Plans": [{"Node Type": "Nested Loop", "Parent Relationship": "Outer", "Join Type": "Semi", "Startup Cost": 5822707.24, "Total Cost": 6298102.82, "Plan Rows": 7254, "Plan Width": 42, "Inner Unique": false, "Plans": [{"Node Type": "Nested Loop", "Parent Relationship": "Outer", "Join Type": "Anti", "Startup Cost": 5822706.42, "Total Cost": 6282924.27, "Plan Rows": 7635, "Plan Width": 42, "Inner Unique": false, "Plans": [{"Node Type": "Merge Join", "Parent Relationship": "Outer", "Join Type": "Inner", "Startup Cost": 5822705.59, "Total Cost": 5924211.19, "Plan Rows": 152707, "Plan Width": 42, "Inner Unique": false, "Merge Cond": "(supplier.s_suppkey = l1.l_suppkey)", "Plans": [{"Node Type": "Sort", "Parent Relationship": "Outer", "Startup Cost": 2784.04, "Total Cost": 2794.04, "Plan Rows": 4000, "Plan Width": 34, "Sort Key": ["supplier.s_suppkey"], "Plans": [{"Node Type": "Nested Loop", "Parent Relationship": "Outer", "Join Type": "Inner", "Startup Cost": 103.63, "Total Cost": 2544.73, "Plan Rows": 4000, "Plan Width": 34, "Inner Unique": false, "Plans": [{"Node Type": "Bitmap Heap Scan", "Parent Relationship": "Outer", "Relation Name": "nation", "Alias": "nation", "Startup Cost": 8.38, "Total Cost": 12.69, "Plan Rows": 1, "Plan Width": 4, "Filter": "(n_name = 'EGYPT'::bpchar)", "Plans": [{"Node Type": "Bitmap Index Scan", "Parent Relationship": "Outer", "Index Name": "nation_pkey", "Startup Cost": 0.0, "Total Cost": 8.38, "Plan Rows": 25, "Plan Width": 0}]}, {"Node Type": "Bitmap Heap Scan", "Parent Relationship": "Inner", "Relation Name": "supplier", "Alias": "supplier", "Startup Cost": 95.25, "Total Cost": 2492.04, "Plan Rows": 4000, "Plan Width": 38, "Recheck Cond": "(s_nationkey = nation.n_nationkey)", "Plans": [{"Node Type": "Bitmap Index Scan", "Parent Relationship": "Outer", "Index Name": "idx_supplier_nation_key", "Startup Cost": 0.0, "Total Cost": 94.25, "Plan Rows": 4000, "Plan Width": 0, "Index Cond": "(s_nationkey = nation.n_nationkey)"}]}]}]}, {"Node Type": "Sort", "Parent Relationship": "Inner", "Startup Cost": 5819911.62, "Total Cost": 5869900.82, "Plan Rows": 19995678, "Plan Width": 16, "Sort Key": ["l1.l_suppkey"], "Plans": [{"Node Type": "Bitmap Heap Scan", "Parent Relationship": "Outer", "Relation Name": "lineitem", "Alias": "l1", "Startup Cost": 1230034.33, "Total Cost": 3395117.25, "Plan Rows": 19995678, "Plan Width": 16, "Filter": "(l_receiptdate > l_commitdate), (LLVM Optimized)", "Plans": [{"Node Type": "Bitmap Index Scan", "Parent Relationship": "Outer", "Index Name": "idx_lineitem_orderkey", "Startup Cost": 0.0, "Total Cost": 1225035.42, "Plan Rows": 59987033, "Plan Width": 0}]}]}]}, {"Node Type": "Bitmap Heap Scan", "Parent Relationship": "Inner", "Relation Name": "lineitem", "Alias": "l3", "Startup Cost": 0.82, "Total Cost": 8.97, "Plan Rows": 3, "Plan Width": 16, "Recheck Cond": "(l_orderkey = l1.l_orderkey)", "Filter": "((l_receiptdate > l_commitdate) AND (l_suppkey <> l1.l_suppkey))", "Plans": [{"Node Type": "Bitmap Index Scan", "Parent Relationship": "Outer", "Index Name": "idx_lineitem_orderkey", "Startup Cost": 0.0, "Total Cost": 0.82, "Plan Rows": 9, "Plan Width": 0, "Index Cond": "(l_orderkey = l1.l_orderkey)"}]}]}, {"Node Type": "Bitmap Heap Scan", "Parent Relationship": "Inner", "Relation Name": "lineitem", "Alias": "l2", "Startup Cost": 0.82, "Total Cost": 8.95, "Plan Rows": 9, "Plan Width": 16, "Recheck Cond": "(l_orderkey = l1.l_orderkey)", "Filter": "(l_suppkey <> l1.l_suppkey)", "Plans": [{"Node Type": "Bitmap Index Scan", "Parent Relationship": "Outer", "Index Name": "idx_lineitem_orderkey", "Startup Cost": 0.0, "Total Cost": 0.82, "Plan Rows": 9, "Plan Width": 0, "Index Cond": "(l_orderkey = l1.l_orderkey)"}]}]}, {"Node Type": "Bitmap Heap Scan", "Parent Relationship": "Inner", "Relation Name": "orders", "Alias": "orders", "Startup Cost": 0.6, "Total Cost": 4.61, "Plan Rows": 1, "Plan Width": 8, "Recheck Cond": "(o_orderkey = l2.l_orderkey)", "Filter": "(o_orderstatus = 'F'::bpchar)", "Plans": [{"Node Type": "Bitmap Index Scan", "Parent Relationship": "Outer", "Index Name": "orders_pkey", "Startup Cost": 0.0, "Total Cost": 0.6, "Plan Rows": 1, "Plan Width": 0, "Index Cond": "(o_orderkey = l2.l_orderkey)"}]}]}]}]}]}, "Unique SQL Id": 3870093320}, "explain_analyze_plan": null}, "(64, 24)": {"explain_plan": {"Plan": {"Node Type": "Limit", "Startup Cost": 599935.6, "Total Cost": 599935.85, "Plan Rows": 100, "Plan Width": 34, "Plans": [{"Node Type": "Sort", "Parent Relationship": "Outer", "Startup Cost": 599935.6, "Total Cost": 599958.53, "Plan Rows": 100, "Plan Width": 34, "Sort Key": ["(count(*)) DESC", "supplier.s_name"], "Plans": [{"Node Type": "Aggregate", "Strategy": "Hashed", "Parent Relationship": "Outer", "Startup Cost": 599493.33, "Total Cost": 599585.05, "Plan Rows": 9172, "Plan Width": 34, "Group By Key": ["supplier.s_name"], "Plans": [{"Node Type": "Nested Loop", "Parent Relationship": "Outer", "Join Type": "Inner", "Startup Cost": 0.0, "Total Cost": 599447.47, "Plan Rows": 9172, "Plan Width": 26, "Inner Unique": true, "Join Filter": "(l1.l_orderkey = orders.o_orderkey)", "Plans": [{"Node Type": "Nested Loop", "Parent Relationship": "Outer", "Join Type": "Semi", "Startup Cost": 0.0, "Total Cost": 592347.1, "Plan Rows": 7254, "Plan Width": 42, "Inner Unique": false, "Plans": [{"Node Type": "Nested Loop", "Parent Relationship": "Outer", "Join Type": "Anti", "Startup Cost": 0.0, "Total Cost": 590491.54, "Plan Rows": 7635, "Plan Width": 42, "Inner Unique": false, "Plans": [{"Node Type": "Streaming(type: LOCAL GATHER dop: 1/64)", "Parent Relationship": "Outer", "Startup Cost": 0.0, "Total Cost": 543304.32, "Plan Rows": 152707, "Plan Width": 42, "Plans": [{"Node Type": "Nested Loop", "Parent Relationship": "Outer", "Join Type": "Inner", "Startup Cost": 0.0, "Total Cost": 540153.99, "Plan Rows": 152707, "Plan Width": 42, "Inner Unique": false, "Join Filter": "(supplier.s_suppkey = l1.l_suppkey), (LLVM Optimized)", "Plans": [{"Node Type": "Streaming(type: LOCAL REDISTRIBUTE dop: 64/1)", "Parent Relationship": "Outer", "Startup Cost": 0.0, "Total Cost": 67696.83, "Plan Rows": 4000, "Plan Width": 34, "Plans": [{"Node Type": "Nested Loop", "Parent Relationship": "Outer", "Join Type": "Inner", "Startup Cost": 0.0, "Total Cost": 4534.31, "Plan Rows": 4000, "Plan Width": 34, "Inner Unique": false, "Join Filter": "(supplier.s_nationkey = nation.n_nationkey)", "Plans": [{"Node Type": "Seq Scan", "Parent Relationship": "Outer", "Relation Name": "nation", "Alias": "nation", "Startup Cost": 0.0, "Total Cost": 1.31, "Plan Rows": 1, "Plan Width": 4, "Filter": "(n_name = 'EGYPT'::bpchar)"}, {"Node Type": "Seq Scan", "Parent Relationship": "Inner", "Relation Name": "supplier", "Alias": "supplier", "Startup Cost": 0.0, "Total Cost": 3283.0, "Plan Rows": 100000, "Plan Width": 38}]}]}, {"Node Type": "Materialize", "Parent Relationship": "Inner", "Startup Cost": 0.0, "Total Cost": 180332.8, "Plan Rows": 19995678, "Plan Width": 16, "Plans": [{"Node Type": "Streaming(type: LOCAL REDISTRIBUTE dop: 64/64)", "Parent Relationship": "Outer", "Startup Cost": 0.0, "Total Cost": 178770.64, "Plan Rows": 19995678, "Plan Width": 16, "Plans": [{"Node Type": "Seq Scan", "Parent Relationship": "Outer", "Relation Name": "lineitem", "Alias": "l1", "Startup Cost": 0.0, "Total Cost": 96829.42, "Plan Rows": 19995678, "Plan Width": 16, "Filter": "(l_receiptdate > l_commitdate), (LLVM Optimized)"}]}]}]}]}, {"Node Type": "Index Scan", "Parent Relationship": "Inner", "Scan Direction": "Forward", "Index Name": "idx_lineitem_orderkey", "Relation Name": "lineitem", "Alias": "l3", "Startup Cost": 0.0, "Total Cost": 1.63, "Plan Rows": 3, "Plan Width": 16, "Index Cond": "(l_orderkey = l1.l_orderkey)", "Filter": "((l_receiptdate > l_commitdate) AND (l_suppkey <> l1.l_suppkey))"}]}, {"Node Type": "Index Scan", "Parent Relationship": "Inner", "Scan Direction": "Forward", "Index Name": "idx_lineitem_orderkey", "Relation Name": "lineitem", "Alias": "l2", "Startup Cost": 0.0, "Total Cost": 1.63, "Plan Rows": 9, "Plan Width": 16, "Index Cond": "(l_orderkey = l1.l_orderkey)", "Filter": "(l_suppkey <> l1.l_suppkey)"}]}, {"Node Type": "Index Scan", "Parent Relationship": "Inner", "Scan Direction": "Forward", "Index Name": "orders_pkey", "Relation Name": "orders", "Alias": "orders", "Startup Cost": 0.0, "Total Cost": 0.97, "Plan Rows": 1, "Plan Width": 8, "Index Cond": "(o_orderkey = l2.l_orderkey)", "Filter": "(o_orderstatus = 'F'::bpchar)"}]}]}]}]}, "Unique SQL Id": 3870093320}, "explain_analyze_plan": {"Plan": {"Node Type": "Limit", "Startup Cost": 599935.6, "Total Cost": 599935.85, "Plan Rows": 100, "Plan Width": 34, "Actual Min Startup Time": 22135.209, "Actual Max Startup Time": 22135.209, "Actual Min Total Time": 22135.229, "Actual Max Total Time": 22135.229, "Actual Total Rows": 100, "Plans": [{"Node Type": "Sort", "Parent Relationship": "Outer", "Startup Cost": 599935.6, "Total Cost": 599958.53, "Plan Rows": 100, "Plan Width": 34, "Actual Min Startup Time": 22135.204, "Actual Max Startup Time": 22135.204, "Actual Min Total Time": 22135.212, "Actual Max Total Time": 22135.212, "Actual Total Rows": 100, "Sort Key": ["(count(*)) DESC", "supplier.s_name"], "Sort Method": "top-N heapsort", "Sort Space Min Used": 41, "Sort Space Max Used": 41, "Sort Space Type": "Memory", "Plans": [{"Node Type": "Aggregate", "Strategy": "Hashed", "Parent Relationship": "Outer", "Startup Cost": 599493.33, "Total Cost": 599585.05, "Plan Rows": 9172, "Plan Width": 34, "Actual Min Startup Time": 22131.822, "Actual Max Startup Time": 22131.822, "Actual Min Total Time": 22133.014, "Actual Max Total Time": 22133.014, "Actual Total Rows": 3981, "Group By Key": ["supplier.s_name"], "Plans": [{"Node Type": "Nested Loop", "Parent Relationship": "Outer", "Join Type": "Inner", "Startup Cost": 0.0, "Total Cost": 599447.47, "Plan Rows": 9172, "Plan Width": 26, "Actual Min Startup Time": 2089.674, "Actual Max Startup Time": 2089.674, "Actual Min Total Time": 22070.682, "Actual Max Total Time": 22070.682, "Actual Total Rows": 39445, "Inner Unique": true, "Join Filter": "(l1.l_orderkey = orders.o_orderkey)", "Rows Removed by Join Filter": 0, "Plans": [{"Node Type": "Nested Loop", "Parent Relationship": "Outer", "Join Type": "Semi", "Startup Cost": 0.0, "Total Cost": 592347.1, "Plan Rows": 7254, "Plan Width": 42, "Actual Min Startup Time": 2089.648, "Actual Max Startup Time": 2089.648, "Actual Min Total Time": 21307.341, "Actual Max Total Time": 21307.341, "Actual Total Rows": 80537, "Inner Unique": false, "Plans": [{"Node Type": "Nested Loop", "Parent Relationship": "Outer", "Join Type": "Anti", "Startup Cost": 0.0, "Total Cost": 590491.54, "Plan Rows": 7635, "Plan Width": 42, "Actual Min Startup Time": 2089.636, "Actual Max Startup Time": 2089.636, "Actual Min Total Time": 20688.752, "Actual Max Total Time": 20688.752, "Actual Total Rows": 135110, "Inner Unique": false, "Plans": [{"Node Type": "Streaming(type: LOCAL GATHER dop: 1/64)", "Parent Relationship": "Outer", "Startup Cost": 0.0, "Total Cost": 543304.32, "Plan Rows": 152707, "Plan Width": 42, "Actual Min Startup Time": 2089.092, "Actual Max Startup Time": 2089.092, "Actual Min Total Time": 4652.838, "Actual Max Total Time": 4652.838, "Actual Total Rows": 1511024, "Plans": [{"Node Type": "Nested Loop", "Parent Relationship": "Outer", "Join Type": "Inner", "Startup Cost": 0.0, "Total Cost": 540153.99, "Plan Rows": 152707, "Plan Width": 42, "Actual Min Startup Time": 1641.633, "Actual Max Startup Time": 1891.958, "Actual Min Total Time": 9480.704, "Actual Max Total Time": 16809.137, "Actual Total Rows": 1511024, "Inner Unique": false, "Join Filter": "(supplier.s_suppkey = l1.l_suppkey), (LLVM Optimized, Jit Execute)", "Rows Removed by Join Filter": 2358157333, "Plans": [{"Node Type": "Streaming(type: LOCAL REDISTRIBUTE dop: 64/1)", "Parent Relationship": "Outer", "Startup Cost": 0.0, "Total Cost": 67696.83, "Plan Rows": 4000, "Plan Width": 34, "Actual Min Startup Time": 0.033, "Actual Max Startup Time": 0.09, "Actual Min Total Time": 0.079, "Actual Max Total Time": 0.379, "Actual Total Rows": 3981, "Plans": [{"Node Type": "Nested Loop", "Parent Relationship": "Outer", "Join Type": "Inner", "Startup Cost": 0.0, "Total Cost": 4534.31, "Plan Rows": 4000, "Plan Width": 34, "Actual Min Startup Time": 0.076, "Actual Max Startup Time": 0.076, "Actual Min Total Time": 51.71, "Actual Max Total Time": 51.71, "Actual Total Rows": 3981, "Inner Unique": false, "Join Filter": "(supplier.s_nationkey = nation.n_nationkey)", "Rows Removed by Join Filter": 96019, "Plans": [{"Node Type": "Seq Scan", "Parent Relationship": "Outer", "Relation Name": "nation", "Alias": "nation", "Startup Cost": 0.0, "Total Cost": 1.31, "Plan Rows": 1, "Plan Width": 4, "Actual Min Startup Time": 0.043, "Actual Max Startup Time": 0.043, "Actual Min Total Time": 0.056, "Actual Max Total Time": 0.056, "Actual Total Rows": 1, "Filter": "(n_name = 'EGYPT'::bpchar)", "Rows Removed by Filter": 24}, {"Node Type": "Seq Scan", "Parent Relationship": "Inner", "Relation Name": "supplier", "Alias": "supplier", "Startup Cost": 0.0, "Total Cost": 3283.0, "Plan Rows": 100000, "Plan Width": 38, "Actual Min Startup Time": 0.012, "Actual Max Startup Time": 0.012, "Actual Min Total Time": 28.719, "Actual Max Total Time": 28.719, "Actual Total Rows": 100000}]}]}, {"Node Type": "Materialize", "Parent Relationship": "Inner", "Startup Cost": 0.0, "Total Cost": 180332.8, "Plan Rows": 19995678, "Plan Width": 16, "Actual Min Startup Time": 1640.736, "Actual Max Startup Time": 1891.094, "Actual Min Total Time": 5962.818, "Actual Max Total Time": 11299.558, "Actual Total Rows": 2359668421, "Plans": [{"Node Type": "Streaming(type: LOCAL REDISTRIBUTE dop: 64/64)", "Parent Relationship": "Outer", "Startup Cost": 0.0, "Total Cost": 178770.64, "Plan Rows": 19995678, "Plan Width": 16, "Actual Min Startup Time": 0.111, "Actual Max Startup Time": 217.514, "Actual Min Total Time": 1520.886, "Actual Max Total Time": 1786.037, "Actual Total Rows": 37929348, "Plans": [{"Node Type": "Seq Scan", "Parent Relationship": "Outer", "Relation Name": "lineitem", "Alias": "l1", "Startup Cost": 0.0, "Total Cost": 96829.42, "Plan Rows": 19995678, "Plan Width": 16, "Actual Min Startup Time": 0.022, "Actual Max Startup Time": 0.066, "Actual Min Total Time": 458.493, "Actual Max Total Time": 541.009, "Actual Total Rows": 37929348, "Filter": "(l_receiptdate > l_commitdate), (LLVM Optimized, Jit Execute)", "Rows Removed by Filter": 22056704}]}]}]}]}, {"Node Type": "Index Scan", "Parent Relationship": "Inner", "Scan Direction": "Forward", "Index Name": "idx_lineitem_orderkey", "Relation Name": "lineitem", "Alias": "l3", "Startup Cost": 0.0, "Total Cost": 1.63, "Plan Rows": 3, "Plan Width": 16, "Actual Min Startup Time": 14958.555, "Actual Max Startup Time": 14958.555, "Actual Min Total Time": 14958.555, "Actual Max Total Time": 14958.555, "Actual Total Rows": 1375914, "Index Cond": "(l_orderkey = l1.l_orderkey)", "Rows Removed by Index Recheck": 0, "Filter": "((l_receiptdate > l_commitdate) AND (l_suppkey <> l1.l_suppkey))", "Rows Removed by Filter": 1348115}]}, {"Node Type": "Index Scan", "Parent Relationship": "Inner", "Scan Direction": "Forward", "Index Name": "idx_lineitem_orderkey", "Relation Name": "lineitem", "Alias": "l2", "Startup Cost": 0.0, "Total Cost": 1.63, "Plan Rows": 9, "Plan Width": 16, "Actual Min Startup Time": 513.699, "Actual Max Startup Time": 513.699, "Actual Min Total Time": 513.699, "Actual Max Total Time": 513.699, "Actual Total Rows": 80537, "Index Cond": "(l_orderkey = l1.l_orderkey)", "Rows Removed by Index Recheck": 0, "Filter": "(l_suppkey <> l1.l_suppkey)", "Rows Removed by Filter": 85912}]}, {"Node Type": "Index Scan", "Parent Relationship": "Inner", "Scan Direction": "Forward", "Index Name": "orders_pkey", "Relation Name": "orders", "Alias": "orders", "Startup Cost": 0.0, "Total Cost": 0.97, "Plan Rows": 1, "Plan Width": 8, "Actual Min Startup Time": 687.68, "Actual Max Startup Time": 687.68, "Actual Min Total Time": 687.68, "Actual Max Total Time": 687.68, "Actual Total Rows": 39445, "Index Cond": "(o_orderkey = l2.l_orderkey)", "Rows Removed by Index Recheck": 0, "Filter": "(o_orderstatus = 'F'::bpchar)", "Rows Removed by Filter": 41092}]}]}]}]}, "Triggers": [], "Planner Runtime": 9.23, "Total Runtime": 22173.314, "Unique SQL Id": 3870093320}}, "(64, 25)": {"explain_plan": {"Plan": {"Node Type": "Limit", "Startup Cost": 3220169.9, "Total Cost": 3220170.15, "Plan Rows": 100, "Plan Width": 34, "Plans": [{"Node Type": "Sort", "Parent Relationship": "Outer", "Startup Cost": 3220169.9, "Total Cost": 3220192.83, "Plan Rows": 100, "Plan Width": 34, "Sort Key": ["(count(*)) DESC", "supplier.s_name"], "Plans": [{"Node Type": "Aggregate", "Strategy": "Hashed", "Parent Relationship": "Outer", "Startup Cost": 3219727.63, "Total Cost": 3219819.35, "Plan Rows": 9172, "Plan Width": 34, "Group By Key": ["supplier.s_name"], "Plans": [{"Node Type": "Nested Loop", "Parent Relationship": "Outer", "Join Type": "Inner", "Startup Cost": 0.0, "Total Cost": 3219681.77, "Plan Rows": 9172, "Plan Width": 26, "Inner Unique": true, "Join Filter": "(l1.l_orderkey = orders.o_orderkey)", "Plans": [{"Node Type": "Nested Loop", "Parent Relationship": "Outer", "Join Type": "Semi", "Startup Cost": 0.0, "Total Cost": 3212581.4, "Plan Rows": 7254, "Plan Width": 42, "Inner Unique": false, "Plans": [{"Node Type": "Nested Loop", "Parent Relationship": "Outer", "Join Type": "Anti", "Startup Cost": 0.0, "Total Cost": 3210725.84, "Plan Rows": 7635, "Plan Width": 42, "Inner Unique": false, "Plans": [{"Node Type": "Streaming(type: LOCAL GATHER dop: 1/64)", "Parent Relationship": "Outer", "Startup Cost": 0.0, "Total Cost": 3163538.62, "Plan Rows": 152707, "Plan Width": 42, "Plans": [{"Node Type": "Nested Loop", "Parent Relationship": "Outer", "Join Type": "Inner", "Startup Cost": 0.0, "Total Cost": 3160388.29, "Plan Rows": 152707, "Plan Width": 42, "Inner Unique": false, "Join Filter": "(supplier.s_suppkey = l1.l_suppkey), (LLVM Optimized)", "Plans": [{"Node Type": "Streaming(type: LOCAL REDISTRIBUTE dop: 64/1)", "Parent Relationship": "Outer", "Startup Cost": 0.0, "Total Cost": 69760.92, "Plan Rows": 4000, "Plan Width": 34, "Plans": [{"Node Type": "Nested Loop", "Parent Relationship": "Outer", "Join Type": "Inner", "Startup Cost": 0.0, "Total Cost": 6598.4, "Plan Rows": 4000, "Plan Width": 34, "Inner Unique": false, "Join Filter": "(supplier.s_nationkey = nation.n_nationkey)", "Plans": [{"Node Type": "Index Scan", "Parent Relationship": "Outer", "Scan Direction": "Forward", "Index Name": "nation_pkey", "Relation Name": "nation", "Alias": "nation", "Startup Cost": 0.0, "Total Cost": 12.69, "Plan Rows": 1, "Plan Width": 4, "Filter": "(n_name = 'EGYPT'::bpchar)"}, {"Node Type": "Index Scan", "Parent Relationship": "Inner", "Scan Direction": "Forward", "Index Name": "supplier_pkey", "Relation Name": "supplier", "Alias": "supplier", "Startup Cost": 0.0, "Total Cost": 5335.71, "Plan Rows": 100000, "Plan Width": 38}]}]}, {"Node Type": "Materialize", "Parent Relationship": "Inner", "Startup Cost": 0.0, "Total Cost": 2798503.01, "Plan Rows": 19995678, "Plan Width": 16, "Plans": [{"Node Type": "Streaming(type: LOCAL REDISTRIBUTE dop: 64/64)", "Parent Relationship": "Outer", "Startup Cost": 0.0, "Total Cost": 2796940.85, "Plan Rows": 19995678, "Plan Width": 16, "Plans": [{"Node Type": "Index Scan", "Parent Relationship": "Outer", "Scan Direction": "Forward", "Index Name": "idx_lineitem_orderkey", "Relation Name": "lineitem", "Alias": "l1", "Startup Cost": 0.0, "Total Cost": 2714999.63, "Plan Rows": 19995678, "Plan Width": 16, "Filter": "(l_receiptdate > l_commitdate), (LLVM Optimized)"}]}]}]}]}, {"Node Type": "Index Scan", "Parent Relationship": "Inner", "Scan Direction": "Forward", "Index Name": "idx_lineitem_orderkey", "Relation Name": "lineitem", "Alias": "l3", "Startup Cost": 0.0, "Total Cost": 1.63, "Plan Rows": 3, "Plan Width": 16, "Index Cond": "(l_orderkey = l1.l_orderkey)", "Filter": "((l_receiptdate > l_commitdate) AND (l_suppkey <> l1.l_suppkey))"}]}, {"Node Type": "Index Scan", "Parent Relationship": "Inner", "Scan Direction": "Forward", "Index Name": "idx_lineitem_orderkey", "Relation Name": "lineitem", "Alias": "l2", "Startup Cost": 0.0, "Total Cost": 1.63, "Plan Rows": 9, "Plan Width": 16, "Index Cond": "(l_orderkey = l1.l_orderkey)", "Filter": "(l_suppkey <> l1.l_suppkey)"}]}, {"Node Type": "Index Scan", "Parent Relationship": "Inner", "Scan Direction": "Forward", "Index Name": "orders_pkey", "Relation Name": "orders", "Alias": "orders", "Startup Cost": 0.0, "Total Cost": 0.97, "Plan Rows": 1, "Plan Width": 8, "Index Cond": "(o_orderkey = l2.l_orderkey)", "Filter": "(o_orderstatus = 'F'::bpchar)"}]}]}]}]}, "Unique SQL Id": 3870093320}, "explain_analyze_plan": {"Plan": {"Node Type": "Limit", "Startup Cost": 3220169.9, "Total Cost": 3220170.15, "Plan Rows": 100, "Plan Width": 34, "Actual Min Startup Time": 25761.332, "Actual Max Startup Time": 25761.332, "Actual Min Total Time": 25761.348, "Actual Max Total Time": 25761.348, "Actual Total Rows": 100, "Plans": [{"Node Type": "Sort", "Parent Relationship": "Outer", "Startup Cost": 3220169.9, "Total Cost": 3220192.83, "Plan Rows": 100, "Plan Width": 34, "Actual Min Startup Time": 25761.329, "Actual Max Startup Time": 25761.329, "Actual Min Total Time": 25761.336, "Actual Max Total Time": 25761.336, "Actual Total Rows": 100, "Sort Key": ["(count(*)) DESC", "supplier.s_name"], "Sort Method": "top-N heapsort", "Sort Space Min Used": 41, "Sort Space Max Used": 41, "Sort Space Type": "Memory", "Plans": [{"Node Type": "Aggregate", "Strategy": "Hashed", "Parent Relationship": "Outer", "Startup Cost": 3219727.63, "Total Cost": 3219819.35, "Plan Rows": 9172, "Plan Width": 34, "Actual Min Startup Time": 25758.056, "Actual Max Startup Time": 25758.056, "Actual Min Total Time": 25759.319, "Actual Max Total Time": 25759.319, "Actual Total Rows": 3981, "Group By Key": ["supplier.s_name"], "Plans": [{"Node Type": "Nested Loop", "Parent Relationship": "Outer", "Join Type": "Inner", "Startup Cost": 0.0, "Total Cost": 3219681.77, "Plan Rows": 9172, "Plan Width": 26, "Actual Min Startup Time": 5073.861, "Actual Max Startup Time": 5073.861, "Actual Min Total Time": 25693.464, "Actual Max Total Time": 25693.464, "Actual Total Rows": 39445, "Inner Unique": true, "Join Filter": "(l1.l_orderkey = orders.o_orderkey)", "Rows Removed by Join Filter": 0, "Plans": [{"Node Type": "Nested Loop", "Parent Relationship": "Outer", "Join Type": "Semi", "Startup Cost": 0.0, "Total Cost": 3212581.4, "Plan Rows": 7254, "Plan Width": 42, "Actual Min Startup Time": 5071.269, "Actual Max Startup Time": 5071.269, "Actual Min Total Time": 24916.426, "Actual Max Total Time": 24916.426, "Actual Total Rows": 80537, "Inner Unique": false, "Plans": [{"Node Type": "Nested Loop", "Parent Relationship": "Outer", "Join Type": "Anti", "Startup Cost": 0.0, "Total Cost": 3210725.84, "Plan Rows": 7635, "Plan Width": 42, "Actual Min Startup Time": 5071.257, "Actual Max Startup Time": 5071.257, "Actual Min Total Time": 24272.311, "Actual Max Total Time": 24272.311, "Actual Total Rows": 135110, "Inner Unique": false, "Plans": [{"Node Type": "Streaming(type: LOCAL GATHER dop: 1/64)", "Parent Relationship": "Outer", "Startup Cost": 0.0, "Total Cost": 3163538.62, "Plan Rows": 152707, "Plan Width": 42, "Actual Min Startup Time": 5070.873, "Actual Max Startup Time": 5070.873, "Actual Min Total Time": 7986.719, "Actual Max Total Time": 7986.719, "Actual Total Rows": 1511024, "Plans": [{"Node Type": "Nested Loop", "Parent Relationship": "Outer", "Join Type": "Inner", "Startup Cost": 0.0, "Total Cost": 3160388.29, "Plan Rows": 152707, "Plan Width": 42, "Actual Min Startup Time": 4626.499, "Actual Max Startup Time": 4901.296, "Actual Min Total Time": 12024.49, "Actual Max Total Time": 18749.412, "Actual Total Rows": 1511024, "Inner Unique": false, "Join Filter": "(supplier.s_suppkey = l1.l_suppkey), (LLVM Optimized, Jit Execute)", "Rows Removed by Join Filter": 2358157333, "Plans": [{"Node Type": "Streaming(type: LOCAL REDISTRIBUTE dop: 64/1)", "Parent Relationship": "Outer", "Startup Cost": 0.0, "Total Cost": 69760.92, "Plan Rows": 4000, "Plan Width": 34, "Actual Min Startup Time": 0.035, "Actual Max Startup Time": 0.087, "Actual Min Total Time": 0.076, "Actual Max Total Time": 0.396, "Actual Total Rows": 3981, "Plans": [{"Node Type": "Nested Loop", "Parent Relationship": "Outer", "Join Type": "Inner", "Startup Cost": 0.0, "Total Cost": 6598.4, "Plan Rows": 4000, "Plan Width": 34, "Actual Min Startup Time": 0.119, "Actual Max Startup Time": 0.119, "Actual Min Total Time": 109.903, "Actual Max Total Time": 109.903, "Actual Total Rows": 3981, "Inner Unique": false, "Join Filter": "(supplier.s_nationkey = nation.n_nationkey)", "Rows Removed by Join Filter": 96019, "Plans": [{"Node Type": "Index Scan", "Parent Relationship": "Outer", "Scan Direction": "Forward", "Index Name": "nation_pkey", "Relation Name": "nation", "Alias": "nation", "Startup Cost": 0.0, "Total Cost": 12.69, "Plan Rows": 1, "Plan Width": 4, "Actual Min Startup Time": 0.051, "Actual Max Startup Time": 0.051, "Actual Min Total Time": 0.077, "Actual Max Total Time": 0.077, "Actual Total Rows": 1, "Filter": "(n_name = 'EGYPT'::bpchar)", "Rows Removed by Filter": 24}, {"Node Type": "Index Scan", "Parent Relationship": "Inner", "Scan Direction": "Forward", "Index Name": "supplier_pkey", "Relation Name": "supplier", "Alias": "supplier", "Startup Cost": 0.0, "Total Cost": 5335.71, "Plan Rows": 100000, "Plan Width": 38, "Actual Min Startup Time": 0.036, "Actual Max Startup Time": 0.036, "Actual Min Total Time": 74.078, "Actual Max Total Time": 74.078, "Actual Total Rows": 100000}]}]}, {"Node Type": "Materialize", "Parent Relationship": "Inner", "Startup Cost": 0.0, "Total Cost": 2798503.01, "Plan Rows": 19995678, "Plan Width": 16, "Actual Min Startup Time": 4625.444, "Actual Max Startup Time": 4900.63, "Actual Min Total Time": 8319.603, "Actual Max Total Time": 13712.832, "Actual Total Rows": 2359668421, "Plans": [{"Node Type": "Streaming(type: LOCAL REDISTRIBUTE dop: 64/64)", "Parent Relationship": "Outer", "Startup Cost": 0.0, "Total Cost": 2796940.85, "Plan Rows": 19995678, "Plan Width": 16, "Actual Min Startup Time": 463.524, "Actual Max Startup Time": 738.456, "Actual Min Total Time": 4500.006, "Actual Max Total Time": 4782.711, "Actual Total Rows": 37929348, "Plans": [{"Node Type": "Index Scan", "Parent Relationship": "Outer", "Scan Direction": "Forward", "Index Name": "idx_lineitem_orderkey", "Relation Name": "lineitem", "Alias": "l1", "Startup Cost": 0.0, "Total Cost": 2714999.63, "Plan Rows": 19995678, "Plan Width": 16, "Actual Min Startup Time": 452.299, "Actual Max Startup Time": 759.637, "Actual Min Total Time": 1242.865, "Actual Max Total Time": 1614.049, "Actual Total Rows": 37929348, "Filter": "(l_receiptdate > l_commitdate), (LLVM Optimized, Jit Execute)", "Rows Removed by Filter": 22056704}]}]}]}]}, {"Node Type": "Index Scan", "Parent Relationship": "Inner", "Scan Direction": "Forward", "Index Name": "idx_lineitem_orderkey", "Relation Name": "lineitem", "Alias": "l3", "Startup Cost": 0.0, "Total Cost": 1.63, "Plan Rows": 3, "Plan Width": 16, "Actual Min Startup Time": 15173.22, "Actual Max Startup Time": 15173.22, "Actual Min Total Time": 15173.22, "Actual Max Total Time": 15173.22, "Actual Total Rows": 1375914, "Index Cond": "(l_orderkey = l1.l_orderkey)", "Rows Removed by Index Recheck": 0, "Filter": "((l_receiptdate > l_commitdate) AND (l_suppkey <> l1.l_suppkey))", "Rows Removed by Filter": 1348115}]}, {"Node Type": "Index Scan", "Parent Relationship": "Inner", "Scan Direction": "Forward", "Index Name": "idx_lineitem_orderkey", "Relation Name": "lineitem", "Alias": "l2", "Startup Cost": 0.0, "Total Cost": 1.63, "Plan Rows": 9, "Plan Width": 16, "Actual Min Startup Time": 529.801, "Actual Max Startup Time": 529.801, "Actual Min Total Time": 529.801, "Actual Max Total Time": 529.801, "Actual Total Rows": 80537, "Index Cond": "(l_orderkey = l1.l_orderkey)", "Rows Removed by Index Recheck": 0, "Filter": "(l_suppkey <> l1.l_suppkey)", "Rows Removed by Filter": 85912}]}, {"Node Type": "Index Scan", "Parent Relationship": "Inner", "Scan Direction": "Forward", "Index Name": "orders_pkey", "Relation Name": "orders", "Alias": "orders", "Startup Cost": 0.0, "Total Cost": 0.97, "Plan Rows": 1, "Plan Width": 8, "Actual Min Startup Time": 697.938, "Actual Max Startup Time": 697.938, "Actual Min Total Time": 697.938, "Actual Max Total Time": 697.938, "Actual Total Rows": 39445, "Index Cond": "(o_orderkey = l2.l_orderkey)", "Rows Removed by Index Recheck": 0, "Filter": "(o_orderstatus = 'F'::bpchar)", "Rows Removed by Filter": 41092}]}]}]}]}, "Triggers": [], "Planner Runtime": 9.276, "Total Runtime": 25798.915, "Unique SQL Id": 3870093320}}, "(64, 26)": {"explain_plan": {"Plan": {"Node Type": "Limit", "Startup Cost": 4178933.05, "Total Cost": 4178933.3, "Plan Rows": 100, "Plan Width": 34, "Plans": [{"Node Type": "Sort", "Parent Relationship": "Outer", "Startup Cost": 4178933.05, "Total Cost": 4178933.3, "Plan Rows": 100, "Plan Width": 34, "Sort Key": ["(count(*)) DESC", "supplier.s_name"], "Plans": [{"Node Type": "Streaming(type: LOCAL GATHER dop: 1/64)", "Parent Relationship": "Outer", "Startup Cost": 4178928.94, "Total Cost": 4178929.73, "Plan Rows": 100, "Plan Width": 34, "Plans": [{"Node Type": "Limit", "Parent Relationship": "Outer", "Startup Cost": 4178928.94, "Total Cost": 4178929.19, "Plan Rows": 100, "Plan Width": 34, "Plans": [{"Node Type": "Sort", "Parent Relationship": "Outer", "Startup Cost": 4178928.94, "Total Cost": 4178951.87, "Plan Rows": 100, "Plan Width": 34, "Sort Key": ["(count(*)) DESC", "supplier.s_name"], "Plans": [{"Node Type": "Aggregate", "Strategy": "Hashed", "Parent Relationship": "Outer", "Startup Cost": 4178576.95, "Total Cost": 4178578.39, "Plan Rows": 9172, "Plan Width": 34, "Group By Key": ["supplier.s_name"], "Plans": [{"Node Type": "Streaming(type: LOCAL REDISTRIBUTE dop: 64/64)", "Parent Relationship": "Outer", "Startup Cost": 0.0, "Total Cost": 4178576.24, "Plan Rows": 9172, "Plan Width": 26, "Plans": [{"Node Type": "Nested Loop", "Parent Relationship": "Outer", "Join Type": "Inner", "Startup Cost": 0.0, "Total Cost": 4178276.36, "Plan Rows": 9172, "Plan Width": 26, "Inner Unique": false, "Join Filter": "(l1.l_orderkey = orders.o_orderkey)", "Plans": [{"Node Type": "Streaming(type: LOCAL REDISTRIBUTE dop: 64/64)", "Parent Relationship": "Outer", "Startup Cost": 0.0, "Total Cost": 140200.44, "Plan Rows": 7338812, "Plan Width": 8, "Plans": [{"Node Type": "Seq Scan", "Parent Relationship": "Outer", "Relation Name": "orders", "Alias": "orders", "Startup Cost": 0.0, "Total Cost": 70248.63, "Plan Rows": 7338812, "Plan Width": 8, "Filter": "(o_orderstatus = 'F'::bpchar), (LLVM Optimized)"}]}, {"Node Type": "Materialize", "Parent Relationship": "Inner", "Startup Cost": 0.0, "Total Cost": 3843121.09, "Plan Rows": 7254, "Plan Width": 42, "Plans": [{"Node Type": "Streaming(type: LOCAL REDISTRIBUTE dop: 64/64)", "Parent Relationship": "Outer", "Startup Cost": 0.0, "Total Cost": 3843120.53, "Plan Rows": 7254, "Plan Width": 42, "Plans": [{"Node Type": "Nested Loop", "Parent Relationship": "Outer", "Join Type": "Semi", "Startup Cost": 0.0, "Total Cost": 3780113.65, "Plan Rows": 7254, "Plan Width": 42, "Inner Unique": false, "Join Filter": "((l2.l_suppkey <> l1.l_suppkey) AND (l1.l_orderkey = l2.l_orderkey))", "Plans": [{"Node Type": "Streaming(type: LOCAL REDISTRIBUTE dop: 64/64)", "Parent Relationship": "Outer", "Startup Cost": 0.0, "Total Cost": 3279566.42, "Plan Rows": 7635, "Plan Width": 42, "Plans": [{"Node Type": "Nested Loop", "Parent Relationship": "Outer", "Join Type": "Anti", "Startup Cost": 0.0, "Total Cost": 3216559.19, "Plan Rows": 7635, "Plan Width": 42, "Inner Unique": false, "Join Filter": "((l3.l_suppkey <> l1.l_suppkey) AND (l3.l_orderkey = l1.l_orderkey))", "Plans": [{"Node Type": "Streaming(type: LOCAL REDISTRIBUTE dop: 64/64)", "Parent Relationship": "Outer", "Startup Cost": 0.0, "Total Cost": 603298.65, "Plan Rows": 152707, "Plan Width": 42, "Plans": [{"Node Type": "Nested Loop", "Parent Relationship": "Outer", "Join Type": "Inner", "Startup Cost": 0.0, "Total Cost": 540153.99, "Plan Rows": 152707, "Plan Width": 42, "Inner Unique": false, "Join Filter": "(supplier.s_suppkey = l1.l_suppkey), (LLVM Optimized)", "Plans": [{"Node Type": "Streaming(type: LOCAL REDISTRIBUTE dop: 64/1)", "Parent Relationship": "Outer", "Startup Cost": 0.0, "Total Cost": 67696.83, "Plan Rows": 4000, "Plan Width": 34, "Plans": [{"Node Type": "Nested Loop", "Parent Relationship": "Outer", "Join Type": "Inner", "Startup Cost": 0.0, "Total Cost": 4534.31, "Plan Rows": 4000, "Plan Width": 34, "Inner Unique": false, "Join Filter": "(supplier.s_nationkey = nation.n_nationkey)", "Plans": [{"Node Type": "Seq Scan", "Parent Relationship": "Outer", "Relation Name": "nation", "Alias": "nation", "Startup Cost": 0.0, "Total Cost": 1.31, "Plan Rows": 1, "Plan Width": 4, "Filter": "(n_name = 'EGYPT'::bpchar)"}, {"Node Type": "Seq Scan", "Parent Relationship": "Inner", "Relation Name": "supplier", "Alias": "supplier", "Startup Cost": 0.0, "Total Cost": 3283.0, "Plan Rows": 100000, "Plan Width": 38}]}]}, {"Node Type": "Materialize", "Parent Relationship": "Inner", "Startup Cost": 0.0, "Total Cost": 180332.8, "Plan Rows": 19995678, "Plan Width": 16, "Plans": [{"Node Type": "Streaming(type: LOCAL REDISTRIBUTE dop: 64/64)", "Parent Relationship": "Outer", "Startup Cost": 0.0, "Total Cost": 178770.64, "Plan Rows": 19995678, "Plan Width": 16, "Plans": [{"Node Type": "Seq Scan", "Parent Relationship": "Outer", "Relation Name": "lineitem", "Alias": "l1", "Startup Cost": 0.0, "Total Cost": 96829.42, "Plan Rows": 19995678, "Plan Width": 16, "Filter": "(l_receiptdate > l_commitdate), (LLVM Optimized)"}]}]}]}]}, {"Node Type": "Materialize", "Parent Relationship": "Inner", "Startup Cost": 0.0, "Total Cost": 180332.8, "Plan Rows": 19995678, "Plan Width": 16, "Plans": [{"Node Type": "Streaming(type: LOCAL REDISTRIBUTE dop: 64/64)", "Parent Relationship": "Outer", "Startup Cost": 0.0, "Total Cost": 178770.64, "Plan Rows": 19995678, "Plan Width": 16, "Plans": [{"Node Type": "Seq Scan", "Parent Relationship": "Outer", "Relation Name": "lineitem", "Alias": "l3", "Startup Cost": 0.0, "Total Cost": 96829.42, "Plan Rows": 19995678, "Plan Width": 16, "Filter": "(l_receiptdate > l_commitdate), (LLVM Optimized)"}]}]}]}]}, {"Node Type": "Materialize", "Parent Relationship": "Inner", "Startup Cost": 0.0, "Total Cost": 218996.32, "Plan Rows": 59987033, "Plan Width": 16, "Plans": [{"Node Type": "Streaming(type: LOCAL REDISTRIBUTE dop: 64/64)", "Parent Relationship": "Outer", "Startup Cost": 0.0, "Total Cost": 214309.83, "Plan Rows": 59987033, "Plan Width": 16, "Plans": [{"Node Type": "Seq Scan", "Parent Relationship": "Outer", "Relation Name": "lineitem", "Alias": "l2", "Startup Cost": 0.0, "Total Cost": 94486.18, "Plan Rows": 59987033, "Plan Width": 16}]}]}]}]}]}]}]}]}]}]}]}]}]}, "Unique SQL Id": 3870093320}, "explain_analyze_plan": null}, "(64, 27)": {"explain_plan": {"Plan": {"Node Type": "Limit", "Startup Cost": 6001109326245.03, "Total Cost": 6001109326245.28, "Plan Rows": 100, "Plan Width": 34, "Plans": [{"Node Type": "Sort", "Parent Relationship": "Outer", "Startup Cost": 6001109326245.03, "Total Cost": 6001109326267.96, "Plan Rows": 100, "Plan Width": 34, "Sort Key": ["(count(*)) DESC", "supplier.s_name"], "Plans": [{"Node Type": "Aggregate", "Strategy": "Hashed", "Parent Relationship": "Outer", "Startup Cost": 6001109325802.77, "Total Cost": 6001109325894.49, "Plan Rows": 9172, "Plan Width": 34, "Group By Key": ["supplier.s_name"], "Plans": [{"Node Type": "Nested Loop", "Parent Relationship": "Outer", "Join Type": "Inner", "Startup Cost": 60036425616.82, "Total Cost": 6001109325756.91, "Plan Rows": 9172, "Plan Width": 26, "Inner Unique": false, "Join Filter": "(supplier.s_suppkey = l1.l_suppkey)", "Plans": [{"Node Type": "Merge Join", "Parent Relationship": "Outer", "Join Type": "Inner", "Startup Cost": 40036425616.82, "Total Cost": 4001036728206.72, "Plan Rows": 1201020, "Plan Width": 8, "Inner Unique": true, "Merge Cond": "(l1.l_orderkey = orders.o_orderkey)", "Plans": [{"Node Type": "Merge Join", "Parent Relationship": "Outer", "Join Type": "Semi", "Startup Cost": 30000000000.0, "Total Cost": 3001006768519.97, "Plan Rows": 949795, "Plan Width": 24, "Inner Unique": false, "Merge Cond": "(l1.l_orderkey = l2.l_orderkey), (LLVM Optimized)", "Join Filter": "(l2.l_suppkey <> l1.l_suppkey), (LLVM Optimized)", "Plans": [{"Node Type": "Merge Join", "Parent Relationship": "Outer", "Join Type": "Anti", "Startup Cost": 20000000000.0, "Total Cost": 2000682365976.25, "Plan Rows": 999784, "Plan Width": 16, "Inner Unique": false, "Merge Cond": "(l1.l_orderkey = l3.l_orderkey), (LLVM Optimized)", "Join Filter": "(l3.l_suppkey <> l1.l_suppkey), (LLVM Optimized)", "Plans": [{"Node Type": "Index Scan", "Parent Relationship": "Outer", "Scan Direction": "Forward", "Index Name": "idx_lineitem_orderkey", "Relation Name": "lineitem", "Alias": "l1", "Startup Cost": 10000000000.0, "Total Cost": 1000339012132.75, "Plan Rows": 19995678, "Plan Width": 16, "Filter": "(l_receiptdate > l_commitdate), (LLVM Optimized)"}, {"Node Type": "Materialize", "Parent Relationship": "Inner", "Startup Cost": 10000000000.0, "Total Cost": 1000339062121.94, "Plan Rows": 19995678, "Plan Width": 16, "Plans": [{"Node Type": "Index Scan", "Parent Relationship": "Outer", "Scan Direction": "Forward", "Index Name": "idx_lineitem_orderkey", "Relation Name": "lineitem", "Alias": "l3", "Startup Cost": 10000000000.0, "Total Cost": 1000339012132.75, "Plan Rows": 19995678, "Plan Width": 16, "Filter": "(l_receiptdate > l_commitdate), (LLVM Optimized)"}]}]}, {"Node Type": "Index Scan", "Parent Relationship": "Inner", "Scan Direction": "Forward", "Index Name": "idx_lineitem_orderkey", "Relation Name": "lineitem", "Alias": "l2", "Startup Cost": 10000000000.0, "Total Cost": 1000324015374.5, "Plan Rows": 59987033, "Plan Width": 16}]}, {"Node Type": "Index Scan", "Parent Relationship": "Inner", "Scan Direction": "Forward", "Index Name": "orders_pkey", "Relation Name": "orders", "Alias": "orders", "Startup Cost": 10000000000.0, "Total Cost": 1000076847713.25, "Plan Rows": 7338812, "Plan Width": 8, "Filter": "(o_orderstatus = 'F'::bpchar), (LLVM Optimized)"}]}, {"Node Type": "Materialize", "Parent Relationship": "Inner", "Startup Cost": 20000000000.0, "Total Cost": 2000000536360.19, "Plan Rows": 4000, "Plan Width": 34, "Plans": [{"Node Type": "Nested Loop", "Parent Relationship": "Outer", "Join Type": "Inner", "Startup Cost": 20000000000.0, "Total Cost": 2000000536340.19, "Plan Rows": 4000, "Plan Width": 34, "Inner Unique": true, "Join Filter": "(supplier.s_nationkey = nation.n_nationkey)", "Plans": [{"Node Type": "Index Scan", "Parent Relationship": "Outer", "Scan Direction": "Forward", "Index Name": "supplier_pkey", "Relation Name": "supplier", "Alias": "supplier", "Startup Cost": 10000000000.0, "Total Cost": 1000000533571.43, "Plan Rows": 100000, "Plan Width": 38}, {"Node Type": "Materialize", "Parent Relationship": "Inner", "Startup Cost": 10000000000.0, "Total Cost": 1000000001268.76, "Plan Rows": 1, "Plan Width": 4, "Plans": [{"Node Type": "Index Scan", "Parent Relationship": "Outer", "Scan Direction": "Forward", "Index Name": "nation_pkey", "Relation Name": "nation", "Alias": "nation", "Startup Cost": 10000000000.0, "Total Cost": 1000000001268.75, "Plan Rows": 1, "Plan Width": 4, "Filter": "(n_name = 'EGYPT'::bpchar)"}]}]}]}]}]}]}]}, "Unique SQL Id": 3870093320}, "explain_analyze_plan": null}, "(64, 28)": {"explain_plan": {"Plan": {"Node Type": "Limit", "Startup Cost": 599935.6, "Total Cost": 599935.85, "Plan Rows": 100, "Plan Width": 34, "Plans": [{"Node Type": "Sort", "Parent Relationship": "Outer", "Startup Cost": 599935.6, "Total Cost": 599958.53, "Plan Rows": 100, "Plan Width": 34, "Sort Key": ["(count(*)) DESC", "supplier.s_name"], "Plans": [{"Node Type": "Aggregate", "Strategy": "Hashed", "Parent Relationship": "Outer", "Startup Cost": 599493.33, "Total Cost": 599585.05, "Plan Rows": 9172, "Plan Width": 34, "Group By Key": ["supplier.s_name"], "Plans": [{"Node Type": "Nested Loop", "Parent Relationship": "Outer", "Join Type": "Inner", "Startup Cost": 0.0, "Total Cost": 599447.47, "Plan Rows": 9172, "Plan Width": 26, "Inner Unique": true, "Join Filter": "(l1.l_orderkey = orders.o_orderkey)", "Plans": [{"Node Type": "Nested Loop", "Parent Relationship": "Outer", "Join Type": "Semi", "Startup Cost": 0.0, "Total Cost": 592347.1, "Plan Rows": 7254, "Plan Width": 42, "Inner Unique": false, "Plans": [{"Node Type": "Nested Loop", "Parent Relationship": "Outer", "Join Type": "Anti", "Startup Cost": 0.0, "Total Cost": 590491.54, "Plan Rows": 7635, "Plan Width": 42, "Inner Unique": false, "Plans": [{"Node Type": "Streaming(type: LOCAL GATHER dop: 1/64)", "Parent Relationship": "Outer", "Startup Cost": 0.0, "Total Cost": 543304.32, "Plan Rows": 152707, "Plan Width": 42, "Plans": [{"Node Type": "Nested Loop", "Parent Relationship": "Outer", "Join Type": "Inner", "Startup Cost": 0.0, "Total Cost": 540153.99, "Plan Rows": 152707, "Plan Width": 42, "Inner Unique": false, "Join Filter": "(supplier.s_suppkey = l1.l_suppkey), (LLVM Optimized)", "Plans": [{"Node Type": "Streaming(type: LOCAL REDISTRIBUTE dop: 64/1)", "Parent Relationship": "Outer", "Startup Cost": 0.0, "Total Cost": 67696.83, "Plan Rows": 4000, "Plan Width": 34, "Plans": [{"Node Type": "Nested Loop", "Parent Relationship": "Outer", "Join Type": "Inner", "Startup Cost": 0.0, "Total Cost": 4534.31, "Plan Rows": 4000, "Plan Width": 34, "Inner Unique": false, "Join Filter": "(supplier.s_nationkey = nation.n_nationkey)", "Plans": [{"Node Type": "Seq Scan", "Parent Relationship": "Outer", "Relation Name": "nation", "Alias": "nation", "Startup Cost": 0.0, "Total Cost": 1.31, "Plan Rows": 1, "Plan Width": 4, "Filter": "(n_name = 'EGYPT'::bpchar)"}, {"Node Type": "Seq Scan", "Parent Relationship": "Inner", "Relation Name": "supplier", "Alias": "supplier", "Startup Cost": 0.0, "Total Cost": 3283.0, "Plan Rows": 100000, "Plan Width": 38}]}]}, {"Node Type": "Materialize", "Parent Relationship": "Inner", "Startup Cost": 0.0, "Total Cost": 180332.8, "Plan Rows": 19995678, "Plan Width": 16, "Plans": [{"Node Type": "Streaming(type: LOCAL REDISTRIBUTE dop: 64/64)", "Parent Relationship": "Outer", "Startup Cost": 0.0, "Total Cost": 178770.64, "Plan Rows": 19995678, "Plan Width": 16, "Plans": [{"Node Type": "Seq Scan", "Parent Relationship": "Outer", "Relation Name": "lineitem", "Alias": "l1", "Startup Cost": 0.0, "Total Cost": 96829.42, "Plan Rows": 19995678, "Plan Width": 16, "Filter": "(l_receiptdate > l_commitdate), (LLVM Optimized)"}]}]}]}]}, {"Node Type": "Index Scan", "Parent Relationship": "Inner", "Scan Direction": "Forward", "Index Name": "idx_lineitem_orderkey", "Relation Name": "lineitem", "Alias": "l3", "Startup Cost": 0.0, "Total Cost": 1.63, "Plan Rows": 3, "Plan Width": 16, "Index Cond": "(l_orderkey = l1.l_orderkey)", "Filter": "((l_receiptdate > l_commitdate) AND (l_suppkey <> l1.l_suppkey))"}]}, {"Node Type": "Index Scan", "Parent Relationship": "Inner", "Scan Direction": "Forward", "Index Name": "idx_lineitem_orderkey", "Relation Name": "lineitem", "Alias": "l2", "Startup Cost": 0.0, "Total Cost": 1.63, "Plan Rows": 9, "Plan Width": 16, "Index Cond": "(l_orderkey = l1.l_orderkey)", "Filter": "(l_suppkey <> l1.l_suppkey)"}]}, {"Node Type": "Index Scan", "Parent Relationship": "Inner", "Scan Direction": "Forward", "Index Name": "orders_pkey", "Relation Name": "orders", "Alias": "orders", "Startup Cost": 0.0, "Total Cost": 0.97, "Plan Rows": 1, "Plan Width": 8, "Index Cond": "(o_orderkey = l2.l_orderkey)", "Filter": "(o_orderstatus = 'F'::bpchar)"}]}]}]}]}, "Unique SQL Id": 3870093320}, "explain_analyze_plan": {"Plan": {"Node Type": "Limit", "Startup Cost": 599935.6, "Total Cost": 599935.85, "Plan Rows": 100, "Plan Width": 34, "Actual Min Startup Time": 22135.209, "Actual Max Startup Time": 22135.209, "Actual Min Total Time": 22135.229, "Actual Max Total Time": 22135.229, "Actual Total Rows": 100, "Plans": [{"Node Type": "Sort", "Parent Relationship": "Outer", "Startup Cost": 599935.6, "Total Cost": 599958.53, "Plan Rows": 100, "Plan Width": 34, "Actual Min Startup Time": 22135.204, "Actual Max Startup Time": 22135.204, "Actual Min Total Time": 22135.212, "Actual Max Total Time": 22135.212, "Actual Total Rows": 100, "Sort Key": ["(count(*)) DESC", "supplier.s_name"], "Sort Method": "top-N heapsort", "Sort Space Min Used": 41, "Sort Space Max Used": 41, "Sort Space Type": "Memory", "Plans": [{"Node Type": "Aggregate", "Strategy": "Hashed", "Parent Relationship": "Outer", "Startup Cost": 599493.33, "Total Cost": 599585.05, "Plan Rows": 9172, "Plan Width": 34, "Actual Min Startup Time": 22131.822, "Actual Max Startup Time": 22131.822, "Actual Min Total Time": 22133.014, "Actual Max Total Time": 22133.014, "Actual Total Rows": 3981, "Group By Key": ["supplier.s_name"], "Plans": [{"Node Type": "Nested Loop", "Parent Relationship": "Outer", "Join Type": "Inner", "Startup Cost": 0.0, "Total Cost": 599447.47, "Plan Rows": 9172, "Plan Width": 26, "Actual Min Startup Time": 2089.674, "Actual Max Startup Time": 2089.674, "Actual Min Total Time": 22070.682, "Actual Max Total Time": 22070.682, "Actual Total Rows": 39445, "Inner Unique": true, "Join Filter": "(l1.l_orderkey = orders.o_orderkey)", "Rows Removed by Join Filter": 0, "Plans": [{"Node Type": "Nested Loop", "Parent Relationship": "Outer", "Join Type": "Semi", "Startup Cost": 0.0, "Total Cost": 592347.1, "Plan Rows": 7254, "Plan Width": 42, "Actual Min Startup Time": 2089.648, "Actual Max Startup Time": 2089.648, "Actual Min Total Time": 21307.341, "Actual Max Total Time": 21307.341, "Actual Total Rows": 80537, "Inner Unique": false, "Plans": [{"Node Type": "Nested Loop", "Parent Relationship": "Outer", "Join Type": "Anti", "Startup Cost": 0.0, "Total Cost": 590491.54, "Plan Rows": 7635, "Plan Width": 42, "Actual Min Startup Time": 2089.636, "Actual Max Startup Time": 2089.636, "Actual Min Total Time": 20688.752, "Actual Max Total Time": 20688.752, "Actual Total Rows": 135110, "Inner Unique": false, "Plans": [{"Node Type": "Streaming(type: LOCAL GATHER dop: 1/64)", "Parent Relationship": "Outer", "Startup Cost": 0.0, "Total Cost": 543304.32, "Plan Rows": 152707, "Plan Width": 42, "Actual Min Startup Time": 2089.092, "Actual Max Startup Time": 2089.092, "Actual Min Total Time": 4652.838, "Actual Max Total Time": 4652.838, "Actual Total Rows": 1511024, "Plans": [{"Node Type": "Nested Loop", "Parent Relationship": "Outer", "Join Type": "Inner", "Startup Cost": 0.0, "Total Cost": 540153.99, "Plan Rows": 152707, "Plan Width": 42, "Actual Min Startup Time": 1641.633, "Actual Max Startup Time": 1891.958, "Actual Min Total Time": 9480.704, "Actual Max Total Time": 16809.137, "Actual Total Rows": 1511024, "Inner Unique": false, "Join Filter": "(supplier.s_suppkey = l1.l_suppkey), (LLVM Optimized, Jit Execute)", "Rows Removed by Join Filter": 2358157333, "Plans": [{"Node Type": "Streaming(type: LOCAL REDISTRIBUTE dop: 64/1)", "Parent Relationship": "Outer", "Startup Cost": 0.0, "Total Cost": 67696.83, "Plan Rows": 4000, "Plan Width": 34, "Actual Min Startup Time": 0.033, "Actual Max Startup Time": 0.09, "Actual Min Total Time": 0.079, "Actual Max Total Time": 0.379, "Actual Total Rows": 3981, "Plans": [{"Node Type": "Nested Loop", "Parent Relationship": "Outer", "Join Type": "Inner", "Startup Cost": 0.0, "Total Cost": 4534.31, "Plan Rows": 4000, "Plan Width": 34, "Actual Min Startup Time": 0.076, "Actual Max Startup Time": 0.076, "Actual Min Total Time": 51.71, "Actual Max Total Time": 51.71, "Actual Total Rows": 3981, "Inner Unique": false, "Join Filter": "(supplier.s_nationkey = nation.n_nationkey)", "Rows Removed by Join Filter": 96019, "Plans": [{"Node Type": "Seq Scan", "Parent Relationship": "Outer", "Relation Name": "nation", "Alias": "nation", "Startup Cost": 0.0, "Total Cost": 1.31, "Plan Rows": 1, "Plan Width": 4, "Actual Min Startup Time": 0.043, "Actual Max Startup Time": 0.043, "Actual Min Total Time": 0.056, "Actual Max Total Time": 0.056, "Actual Total Rows": 1, "Filter": "(n_name = 'EGYPT'::bpchar)", "Rows Removed by Filter": 24}, {"Node Type": "Seq Scan", "Parent Relationship": "Inner", "Relation Name": "supplier", "Alias": "supplier", "Startup Cost": 0.0, "Total Cost": 3283.0, "Plan Rows": 100000, "Plan Width": 38, "Actual Min Startup Time": 0.012, "Actual Max Startup Time": 0.012, "Actual Min Total Time": 28.719, "Actual Max Total Time": 28.719, "Actual Total Rows": 100000}]}]}, {"Node Type": "Materialize", "Parent Relationship": "Inner", "Startup Cost": 0.0, "Total Cost": 180332.8, "Plan Rows": 19995678, "Plan Width": 16, "Actual Min Startup Time": 1640.736, "Actual Max Startup Time": 1891.094, "Actual Min Total Time": 5962.818, "Actual Max Total Time": 11299.558, "Actual Total Rows": 2359668421, "Plans": [{"Node Type": "Streaming(type: LOCAL REDISTRIBUTE dop: 64/64)", "Parent Relationship": "Outer", "Startup Cost": 0.0, "Total Cost": 178770.64, "Plan Rows": 19995678, "Plan Width": 16, "Actual Min Startup Time": 0.111, "Actual Max Startup Time": 217.514, "Actual Min Total Time": 1520.886, "Actual Max Total Time": 1786.037, "Actual Total Rows": 37929348, "Plans": [{"Node Type": "Seq Scan", "Parent Relationship": "Outer", "Relation Name": "lineitem", "Alias": "l1", "Startup Cost": 0.0, "Total Cost": 96829.42, "Plan Rows": 19995678, "Plan Width": 16, "Actual Min Startup Time": 0.022, "Actual Max Startup Time": 0.066, "Actual Min Total Time": 458.493, "Actual Max Total Time": 541.009, "Actual Total Rows": 37929348, "Filter": "(l_receiptdate > l_commitdate), (LLVM Optimized, Jit Execute)", "Rows Removed by Filter": 22056704}]}]}]}]}, {"Node Type": "Index Scan", "Parent Relationship": "Inner", "Scan Direction": "Forward", "Index Name": "idx_lineitem_orderkey", "Relation Name": "lineitem", "Alias": "l3", "Startup Cost": 0.0, "Total Cost": 1.63, "Plan Rows": 3, "Plan Width": 16, "Actual Min Startup Time": 14958.555, "Actual Max Startup Time": 14958.555, "Actual Min Total Time": 14958.555, "Actual Max Total Time": 14958.555, "Actual Total Rows": 1375914, "Index Cond": "(l_orderkey = l1.l_orderkey)", "Rows Removed by Index Recheck": 0, "Filter": "((l_receiptdate > l_commitdate) AND (l_suppkey <> l1.l_suppkey))", "Rows Removed by Filter": 1348115}]}, {"Node Type": "Index Scan", "Parent Relationship": "Inner", "Scan Direction": "Forward", "Index Name": "idx_lineitem_orderkey", "Relation Name": "lineitem", "Alias": "l2", "Startup Cost": 0.0, "Total Cost": 1.63, "Plan Rows": 9, "Plan Width": 16, "Actual Min Startup Time": 513.699, "Actual Max Startup Time": 513.699, "Actual Min Total Time": 513.699, "Actual Max Total Time": 513.699, "Actual Total Rows": 80537, "Index Cond": "(l_orderkey = l1.l_orderkey)", "Rows Removed by Index Recheck": 0, "Filter": "(l_suppkey <> l1.l_suppkey)", "Rows Removed by Filter": 85912}]}, {"Node Type": "Index Scan", "Parent Relationship": "Inner", "Scan Direction": "Forward", "Index Name": "orders_pkey", "Relation Name": "orders", "Alias": "orders", "Startup Cost": 0.0, "Total Cost": 0.97, "Plan Rows": 1, "Plan Width": 8, "Actual Min Startup Time": 687.68, "Actual Max Startup Time": 687.68, "Actual Min Total Time": 687.68, "Actual Max Total Time": 687.68, "Actual Total Rows": 39445, "Index Cond": "(o_orderkey = l2.l_orderkey)", "Rows Removed by Index Recheck": 0, "Filter": "(o_orderstatus = 'F'::bpchar)", "Rows Removed by Filter": 41092}]}]}]}]}, "Triggers": [], "Planner Runtime": 9.23, "Total Runtime": 22173.314, "Unique SQL Id": 3870093320}}, "(64, 29)": {"explain_plan": {"Plan": {"Node Type": "Limit", "Startup Cost": 3220169.9, "Total Cost": 3220170.15, "Plan Rows": 100, "Plan Width": 34, "Plans": [{"Node Type": "Sort", "Parent Relationship": "Outer", "Startup Cost": 3220169.9, "Total Cost": 3220192.83, "Plan Rows": 100, "Plan Width": 34, "Sort Key": ["(count(*)) DESC", "supplier.s_name"], "Plans": [{"Node Type": "Aggregate", "Strategy": "Hashed", "Parent Relationship": "Outer", "Startup Cost": 3219727.63, "Total Cost": 3219819.35, "Plan Rows": 9172, "Plan Width": 34, "Group By Key": ["supplier.s_name"], "Plans": [{"Node Type": "Nested Loop", "Parent Relationship": "Outer", "Join Type": "Inner", "Startup Cost": 0.0, "Total Cost": 3219681.77, "Plan Rows": 9172, "Plan Width": 26, "Inner Unique": true, "Join Filter": "(l1.l_orderkey = orders.o_orderkey)", "Plans": [{"Node Type": "Nested Loop", "Parent Relationship": "Outer", "Join Type": "Semi", "Startup Cost": 0.0, "Total Cost": 3212581.4, "Plan Rows": 7254, "Plan Width": 42, "Inner Unique": false, "Plans": [{"Node Type": "Nested Loop", "Parent Relationship": "Outer", "Join Type": "Anti", "Startup Cost": 0.0, "Total Cost": 3210725.84, "Plan Rows": 7635, "Plan Width": 42, "Inner Unique": false, "Plans": [{"Node Type": "Streaming(type: LOCAL GATHER dop: 1/64)", "Parent Relationship": "Outer", "Startup Cost": 0.0, "Total Cost": 3163538.62, "Plan Rows": 152707, "Plan Width": 42, "Plans": [{"Node Type": "Nested Loop", "Parent Relationship": "Outer", "Join Type": "Inner", "Startup Cost": 0.0, "Total Cost": 3160388.29, "Plan Rows": 152707, "Plan Width": 42, "Inner Unique": false, "Join Filter": "(supplier.s_suppkey = l1.l_suppkey), (LLVM Optimized)", "Plans": [{"Node Type": "Streaming(type: LOCAL REDISTRIBUTE dop: 64/1)", "Parent Relationship": "Outer", "Startup Cost": 0.0, "Total Cost": 69760.92, "Plan Rows": 4000, "Plan Width": 34, "Plans": [{"Node Type": "Nested Loop", "Parent Relationship": "Outer", "Join Type": "Inner", "Startup Cost": 0.0, "Total Cost": 6598.4, "Plan Rows": 4000, "Plan Width": 34, "Inner Unique": false, "Join Filter": "(supplier.s_nationkey = nation.n_nationkey)", "Plans": [{"Node Type": "Index Scan", "Parent Relationship": "Outer", "Scan Direction": "Forward", "Index Name": "nation_pkey", "Relation Name": "nation", "Alias": "nation", "Startup Cost": 0.0, "Total Cost": 12.69, "Plan Rows": 1, "Plan Width": 4, "Filter": "(n_name = 'EGYPT'::bpchar)"}, {"Node Type": "Index Scan", "Parent Relationship": "Inner", "Scan Direction": "Forward", "Index Name": "supplier_pkey", "Relation Name": "supplier", "Alias": "supplier", "Startup Cost": 0.0, "Total Cost": 5335.71, "Plan Rows": 100000, "Plan Width": 38}]}]}, {"Node Type": "Materialize", "Parent Relationship": "Inner", "Startup Cost": 0.0, "Total Cost": 2798503.01, "Plan Rows": 19995678, "Plan Width": 16, "Plans": [{"Node Type": "Streaming(type: LOCAL REDISTRIBUTE dop: 64/64)", "Parent Relationship": "Outer", "Startup Cost": 0.0, "Total Cost": 2796940.85, "Plan Rows": 19995678, "Plan Width": 16, "Plans": [{"Node Type": "Index Scan", "Parent Relationship": "Outer", "Scan Direction": "Forward", "Index Name": "idx_lineitem_orderkey", "Relation Name": "lineitem", "Alias": "l1", "Startup Cost": 0.0, "Total Cost": 2714999.63, "Plan Rows": 19995678, "Plan Width": 16, "Filter": "(l_receiptdate > l_commitdate), (LLVM Optimized)"}]}]}]}]}, {"Node Type": "Index Scan", "Parent Relationship": "Inner", "Scan Direction": "Forward", "Index Name": "idx_lineitem_orderkey", "Relation Name": "lineitem", "Alias": "l3", "Startup Cost": 0.0, "Total Cost": 1.63, "Plan Rows": 3, "Plan Width": 16, "Index Cond": "(l_orderkey = l1.l_orderkey)", "Filter": "((l_receiptdate > l_commitdate) AND (l_suppkey <> l1.l_suppkey))"}]}, {"Node Type": "Index Scan", "Parent Relationship": "Inner", "Scan Direction": "Forward", "Index Name": "idx_lineitem_orderkey", "Relation Name": "lineitem", "Alias": "l2", "Startup Cost": 0.0, "Total Cost": 1.63, "Plan Rows": 9, "Plan Width": 16, "Index Cond": "(l_orderkey = l1.l_orderkey)", "Filter": "(l_suppkey <> l1.l_suppkey)"}]}, {"Node Type": "Index Scan", "Parent Relationship": "Inner", "Scan Direction": "Forward", "Index Name": "orders_pkey", "Relation Name": "orders", "Alias": "orders", "Startup Cost": 0.0, "Total Cost": 0.97, "Plan Rows": 1, "Plan Width": 8, "Index Cond": "(o_orderkey = l2.l_orderkey)", "Filter": "(o_orderstatus = 'F'::bpchar)"}]}]}]}]}, "Unique SQL Id": 3870093320}, "explain_analyze_plan": {"Plan": {"Node Type": "Limit", "Startup Cost": 3220169.9, "Total Cost": 3220170.15, "Plan Rows": 100, "Plan Width": 34, "Actual Min Startup Time": 25761.332, "Actual Max Startup Time": 25761.332, "Actual Min Total Time": 25761.348, "Actual Max Total Time": 25761.348, "Actual Total Rows": 100, "Plans": [{"Node Type": "Sort", "Parent Relationship": "Outer", "Startup Cost": 3220169.9, "Total Cost": 3220192.83, "Plan Rows": 100, "Plan Width": 34, "Actual Min Startup Time": 25761.329, "Actual Max Startup Time": 25761.329, "Actual Min Total Time": 25761.336, "Actual Max Total Time": 25761.336, "Actual Total Rows": 100, "Sort Key": ["(count(*)) DESC", "supplier.s_name"], "Sort Method": "top-N heapsort", "Sort Space Min Used": 41, "Sort Space Max Used": 41, "Sort Space Type": "Memory", "Plans": [{"Node Type": "Aggregate", "Strategy": "Hashed", "Parent Relationship": "Outer", "Startup Cost": 3219727.63, "Total Cost": 3219819.35, "Plan Rows": 9172, "Plan Width": 34, "Actual Min Startup Time": 25758.056, "Actual Max Startup Time": 25758.056, "Actual Min Total Time": 25759.319, "Actual Max Total Time": 25759.319, "Actual Total Rows": 3981, "Group By Key": ["supplier.s_name"], "Plans": [{"Node Type": "Nested Loop", "Parent Relationship": "Outer", "Join Type": "Inner", "Startup Cost": 0.0, "Total Cost": 3219681.77, "Plan Rows": 9172, "Plan Width": 26, "Actual Min Startup Time": 5073.861, "Actual Max Startup Time": 5073.861, "Actual Min Total Time": 25693.464, "Actual Max Total Time": 25693.464, "Actual Total Rows": 39445, "Inner Unique": true, "Join Filter": "(l1.l_orderkey = orders.o_orderkey)", "Rows Removed by Join Filter": 0, "Plans": [{"Node Type": "Nested Loop", "Parent Relationship": "Outer", "Join Type": "Semi", "Startup Cost": 0.0, "Total Cost": 3212581.4, "Plan Rows": 7254, "Plan Width": 42, "Actual Min Startup Time": 5071.269, "Actual Max Startup Time": 5071.269, "Actual Min Total Time": 24916.426, "Actual Max Total Time": 24916.426, "Actual Total Rows": 80537, "Inner Unique": false, "Plans": [{"Node Type": "Nested Loop", "Parent Relationship": "Outer", "Join Type": "Anti", "Startup Cost": 0.0, "Total Cost": 3210725.84, "Plan Rows": 7635, "Plan Width": 42, "Actual Min Startup Time": 5071.257, "Actual Max Startup Time": 5071.257, "Actual Min Total Time": 24272.311, "Actual Max Total Time": 24272.311, "Actual Total Rows": 135110, "Inner Unique": false, "Plans": [{"Node Type": "Streaming(type: LOCAL GATHER dop: 1/64)", "Parent Relationship": "Outer", "Startup Cost": 0.0, "Total Cost": 3163538.62, "Plan Rows": 152707, "Plan Width": 42, "Actual Min Startup Time": 5070.873, "Actual Max Startup Time": 5070.873, "Actual Min Total Time": 7986.719, "Actual Max Total Time": 7986.719, "Actual Total Rows": 1511024, "Plans": [{"Node Type": "Nested Loop", "Parent Relationship": "Outer", "Join Type": "Inner", "Startup Cost": 0.0, "Total Cost": 3160388.29, "Plan Rows": 152707, "Plan Width": 42, "Actual Min Startup Time": 4626.499, "Actual Max Startup Time": 4901.296, "Actual Min Total Time": 12024.49, "Actual Max Total Time": 18749.412, "Actual Total Rows": 1511024, "Inner Unique": false, "Join Filter": "(supplier.s_suppkey = l1.l_suppkey), (LLVM Optimized, Jit Execute)", "Rows Removed by Join Filter": 2358157333, "Plans": [{"Node Type": "Streaming(type: LOCAL REDISTRIBUTE dop: 64/1)", "Parent Relationship": "Outer", "Startup Cost": 0.0, "Total Cost": 69760.92, "Plan Rows": 4000, "Plan Width": 34, "Actual Min Startup Time": 0.035, "Actual Max Startup Time": 0.087, "Actual Min Total Time": 0.076, "Actual Max Total Time": 0.396, "Actual Total Rows": 3981, "Plans": [{"Node Type": "Nested Loop", "Parent Relationship": "Outer", "Join Type": "Inner", "Startup Cost": 0.0, "Total Cost": 6598.4, "Plan Rows": 4000, "Plan Width": 34, "Actual Min Startup Time": 0.119, "Actual Max Startup Time": 0.119, "Actual Min Total Time": 109.903, "Actual Max Total Time": 109.903, "Actual Total Rows": 3981, "Inner Unique": false, "Join Filter": "(supplier.s_nationkey = nation.n_nationkey)", "Rows Removed by Join Filter": 96019, "Plans": [{"Node Type": "Index Scan", "Parent Relationship": "Outer", "Scan Direction": "Forward", "Index Name": "nation_pkey", "Relation Name": "nation", "Alias": "nation", "Startup Cost": 0.0, "Total Cost": 12.69, "Plan Rows": 1, "Plan Width": 4, "Actual Min Startup Time": 0.051, "Actual Max Startup Time": 0.051, "Actual Min Total Time": 0.077, "Actual Max Total Time": 0.077, "Actual Total Rows": 1, "Filter": "(n_name = 'EGYPT'::bpchar)", "Rows Removed by Filter": 24}, {"Node Type": "Index Scan", "Parent Relationship": "Inner", "Scan Direction": "Forward", "Index Name": "supplier_pkey", "Relation Name": "supplier", "Alias": "supplier", "Startup Cost": 0.0, "Total Cost": 5335.71, "Plan Rows": 100000, "Plan Width": 38, "Actual Min Startup Time": 0.036, "Actual Max Startup Time": 0.036, "Actual Min Total Time": 74.078, "Actual Max Total Time": 74.078, "Actual Total Rows": 100000}]}]}, {"Node Type": "Materialize", "Parent Relationship": "Inner", "Startup Cost": 0.0, "Total Cost": 2798503.01, "Plan Rows": 19995678, "Plan Width": 16, "Actual Min Startup Time": 4625.444, "Actual Max Startup Time": 4900.63, "Actual Min Total Time": 8319.603, "Actual Max Total Time": 13712.832, "Actual Total Rows": 2359668421, "Plans": [{"Node Type": "Streaming(type: LOCAL REDISTRIBUTE dop: 64/64)", "Parent Relationship": "Outer", "Startup Cost": 0.0, "Total Cost": 2796940.85, "Plan Rows": 19995678, "Plan Width": 16, "Actual Min Startup Time": 463.524, "Actual Max Startup Time": 738.456, "Actual Min Total Time": 4500.006, "Actual Max Total Time": 4782.711, "Actual Total Rows": 37929348, "Plans": [{"Node Type": "Index Scan", "Parent Relationship": "Outer", "Scan Direction": "Forward", "Index Name": "idx_lineitem_orderkey", "Relation Name": "lineitem", "Alias": "l1", "Startup Cost": 0.0, "Total Cost": 2714999.63, "Plan Rows": 19995678, "Plan Width": 16, "Actual Min Startup Time": 452.299, "Actual Max Startup Time": 759.637, "Actual Min Total Time": 1242.865, "Actual Max Total Time": 1614.049, "Actual Total Rows": 37929348, "Filter": "(l_receiptdate > l_commitdate), (LLVM Optimized, Jit Execute)", "Rows Removed by Filter": 22056704}]}]}]}]}, {"Node Type": "Index Scan", "Parent Relationship": "Inner", "Scan Direction": "Forward", "Index Name": "idx_lineitem_orderkey", "Relation Name": "lineitem", "Alias": "l3", "Startup Cost": 0.0, "Total Cost": 1.63, "Plan Rows": 3, "Plan Width": 16, "Actual Min Startup Time": 15173.22, "Actual Max Startup Time": 15173.22, "Actual Min Total Time": 15173.22, "Actual Max Total Time": 15173.22, "Actual Total Rows": 1375914, "Index Cond": "(l_orderkey = l1.l_orderkey)", "Rows Removed by Index Recheck": 0, "Filter": "((l_receiptdate > l_commitdate) AND (l_suppkey <> l1.l_suppkey))", "Rows Removed by Filter": 1348115}]}, {"Node Type": "Index Scan", "Parent Relationship": "Inner", "Scan Direction": "Forward", "Index Name": "idx_lineitem_orderkey", "Relation Name": "lineitem", "Alias": "l2", "Startup Cost": 0.0, "Total Cost": 1.63, "Plan Rows": 9, "Plan Width": 16, "Actual Min Startup Time": 529.801, "Actual Max Startup Time": 529.801, "Actual Min Total Time": 529.801, "Actual Max Total Time": 529.801, "Actual Total Rows": 80537, "Index Cond": "(l_orderkey = l1.l_orderkey)", "Rows Removed by Index Recheck": 0, "Filter": "(l_suppkey <> l1.l_suppkey)", "Rows Removed by Filter": 85912}]}, {"Node Type": "Index Scan", "Parent Relationship": "Inner", "Scan Direction": "Forward", "Index Name": "orders_pkey", "Relation Name": "orders", "Alias": "orders", "Startup Cost": 0.0, "Total Cost": 0.97, "Plan Rows": 1, "Plan Width": 8, "Actual Min Startup Time": 697.938, "Actual Max Startup Time": 697.938, "Actual Min Total Time": 697.938, "Actual Max Total Time": 697.938, "Actual Total Rows": 39445, "Index Cond": "(o_orderkey = l2.l_orderkey)", "Rows Removed by Index Recheck": 0, "Filter": "(o_orderstatus = 'F'::bpchar)", "Rows Removed by Filter": 41092}]}]}]}]}, "Triggers": [], "Planner Runtime": 9.276, "Total Runtime": 25798.915, "Unique SQL Id": 3870093320}}, "(64, 30)": {"explain_plan": {"Plan": {"Node Type": "Limit", "Startup Cost": 4178933.05, "Total Cost": 4178933.3, "Plan Rows": 100, "Plan Width": 34, "Plans": [{"Node Type": "Sort", "Parent Relationship": "Outer", "Startup Cost": 4178933.05, "Total Cost": 4178933.3, "Plan Rows": 100, "Plan Width": 34, "Sort Key": ["(count(*)) DESC", "supplier.s_name"], "Plans": [{"Node Type": "Streaming(type: LOCAL GATHER dop: 1/64)", "Parent Relationship": "Outer", "Startup Cost": 4178928.94, "Total Cost": 4178929.73, "Plan Rows": 100, "Plan Width": 34, "Plans": [{"Node Type": "Limit", "Parent Relationship": "Outer", "Startup Cost": 4178928.94, "Total Cost": 4178929.19, "Plan Rows": 100, "Plan Width": 34, "Plans": [{"Node Type": "Sort", "Parent Relationship": "Outer", "Startup Cost": 4178928.94, "Total Cost": 4178951.87, "Plan Rows": 100, "Plan Width": 34, "Sort Key": ["(count(*)) DESC", "supplier.s_name"], "Plans": [{"Node Type": "Aggregate", "Strategy": "Hashed", "Parent Relationship": "Outer", "Startup Cost": 4178576.95, "Total Cost": 4178578.39, "Plan Rows": 9172, "Plan Width": 34, "Group By Key": ["supplier.s_name"], "Plans": [{"Node Type": "Streaming(type: LOCAL REDISTRIBUTE dop: 64/64)", "Parent Relationship": "Outer", "Startup Cost": 0.0, "Total Cost": 4178576.24, "Plan Rows": 9172, "Plan Width": 26, "Plans": [{"Node Type": "Nested Loop", "Parent Relationship": "Outer", "Join Type": "Inner", "Startup Cost": 0.0, "Total Cost": 4178276.36, "Plan Rows": 9172, "Plan Width": 26, "Inner Unique": false, "Join Filter": "(l1.l_orderkey = orders.o_orderkey)", "Plans": [{"Node Type": "Streaming(type: LOCAL REDISTRIBUTE dop: 64/64)", "Parent Relationship": "Outer", "Startup Cost": 0.0, "Total Cost": 140200.44, "Plan Rows": 7338812, "Plan Width": 8, "Plans": [{"Node Type": "Seq Scan", "Parent Relationship": "Outer", "Relation Name": "orders", "Alias": "orders", "Startup Cost": 0.0, "Total Cost": 70248.63, "Plan Rows": 7338812, "Plan Width": 8, "Filter": "(o_orderstatus = 'F'::bpchar), (LLVM Optimized)"}]}, {"Node Type": "Materialize", "Parent Relationship": "Inner", "Startup Cost": 0.0, "Total Cost": 3843121.09, "Plan Rows": 7254, "Plan Width": 42, "Plans": [{"Node Type": "Streaming(type: LOCAL REDISTRIBUTE dop: 64/64)", "Parent Relationship": "Outer", "Startup Cost": 0.0, "Total Cost": 3843120.53, "Plan Rows": 7254, "Plan Width": 42, "Plans": [{"Node Type": "Nested Loop", "Parent Relationship": "Outer", "Join Type": "Semi", "Startup Cost": 0.0, "Total Cost": 3780113.65, "Plan Rows": 7254, "Plan Width": 42, "Inner Unique": false, "Join Filter": "((l2.l_suppkey <> l1.l_suppkey) AND (l1.l_orderkey = l2.l_orderkey))", "Plans": [{"Node Type": "Streaming(type: LOCAL REDISTRIBUTE dop: 64/64)", "Parent Relationship": "Outer", "Startup Cost": 0.0, "Total Cost": 3279566.42, "Plan Rows": 7635, "Plan Width": 42, "Plans": [{"Node Type": "Nested Loop", "Parent Relationship": "Outer", "Join Type": "Anti", "Startup Cost": 0.0, "Total Cost": 3216559.19, "Plan Rows": 7635, "Plan Width": 42, "Inner Unique": false, "Join Filter": "((l3.l_suppkey <> l1.l_suppkey) AND (l3.l_orderkey = l1.l_orderkey))", "Plans": [{"Node Type": "Streaming(type: LOCAL REDISTRIBUTE dop: 64/64)", "Parent Relationship": "Outer", "Startup Cost": 0.0, "Total Cost": 603298.65, "Plan Rows": 152707, "Plan Width": 42, "Plans": [{"Node Type": "Nested Loop", "Parent Relationship": "Outer", "Join Type": "Inner", "Startup Cost": 0.0, "Total Cost": 540153.99, "Plan Rows": 152707, "Plan Width": 42, "Inner Unique": false, "Join Filter": "(supplier.s_suppkey = l1.l_suppkey), (LLVM Optimized)", "Plans": [{"Node Type": "Streaming(type: LOCAL REDISTRIBUTE dop: 64/1)", "Parent Relationship": "Outer", "Startup Cost": 0.0, "Total Cost": 67696.83, "Plan Rows": 4000, "Plan Width": 34, "Plans": [{"Node Type": "Nested Loop", "Parent Relationship": "Outer", "Join Type": "Inner", "Startup Cost": 0.0, "Total Cost": 4534.31, "Plan Rows": 4000, "Plan Width": 34, "Inner Unique": false, "Join Filter": "(supplier.s_nationkey = nation.n_nationkey)", "Plans": [{"Node Type": "Seq Scan", "Parent Relationship": "Outer", "Relation Name": "nation", "Alias": "nation", "Startup Cost": 0.0, "Total Cost": 1.31, "Plan Rows": 1, "Plan Width": 4, "Filter": "(n_name = 'EGYPT'::bpchar)"}, {"Node Type": "Seq Scan", "Parent Relationship": "Inner", "Relation Name": "supplier", "Alias": "supplier", "Startup Cost": 0.0, "Total Cost": 3283.0, "Plan Rows": 100000, "Plan Width": 38}]}]}, {"Node Type": "Materialize", "Parent Relationship": "Inner", "Startup Cost": 0.0, "Total Cost": 180332.8, "Plan Rows": 19995678, "Plan Width": 16, "Plans": [{"Node Type": "Streaming(type: LOCAL REDISTRIBUTE dop: 64/64)", "Parent Relationship": "Outer", "Startup Cost": 0.0, "Total Cost": 178770.64, "Plan Rows": 19995678, "Plan Width": 16, "Plans": [{"Node Type": "Seq Scan", "Parent Relationship": "Outer", "Relation Name": "lineitem", "Alias": "l1", "Startup Cost": 0.0, "Total Cost": 96829.42, "Plan Rows": 19995678, "Plan Width": 16, "Filter": "(l_receiptdate > l_commitdate), (LLVM Optimized)"}]}]}]}]}, {"Node Type": "Materialize", "Parent Relationship": "Inner", "Startup Cost": 0.0, "Total Cost": 180332.8, "Plan Rows": 19995678, "Plan Width": 16, "Plans": [{"Node Type": "Streaming(type: LOCAL REDISTRIBUTE dop: 64/64)", "Parent Relationship": "Outer", "Startup Cost": 0.0, "Total Cost": 178770.64, "Plan Rows": 19995678, "Plan Width": 16, "Plans": [{"Node Type": "Seq Scan", "Parent Relationship": "Outer", "Relation Name": "lineitem", "Alias": "l3", "Startup Cost": 0.0, "Total Cost": 96829.42, "Plan Rows": 19995678, "Plan Width": 16, "Filter": "(l_receiptdate > l_commitdate), (LLVM Optimized)"}]}]}]}]}, {"Node Type": "Materialize", "Parent Relationship": "Inner", "Startup Cost": 0.0, "Total Cost": 218996.32, "Plan Rows": 59987033, "Plan Width": 16, "Plans": [{"Node Type": "Streaming(type: LOCAL REDISTRIBUTE dop: 64/64)", "Parent Relationship": "Outer", "Startup Cost": 0.0, "Total Cost": 214309.83, "Plan Rows": 59987033, "Plan Width": 16, "Plans": [{"Node Type": "Seq Scan", "Parent Relationship": "Outer", "Relation Name": "lineitem", "Alias": "l2", "Startup Cost": 0.0, "Total Cost": 94486.18, "Plan Rows": 59987033, "Plan Width": 16}]}]}]}]}]}]}]}]}]}]}]}]}]}, "Unique SQL Id": 3870093320}, "explain_analyze_plan": null}, "(64, 31)": {"explain_plan": {"Plan": {"Node Type": "Limit", "Startup Cost": 6001109326245.03, "Total Cost": 6001109326245.28, "Plan Rows": 100, "Plan Width": 34, "Plans": [{"Node Type": "Sort", "Parent Relationship": "Outer", "Startup Cost": 6001109326245.03, "Total Cost": 6001109326267.96, "Plan Rows": 100, "Plan Width": 34, "Sort Key": ["(count(*)) DESC", "supplier.s_name"], "Plans": [{"Node Type": "Aggregate", "Strategy": "Hashed", "Parent Relationship": "Outer", "Startup Cost": 6001109325802.77, "Total Cost": 6001109325894.49, "Plan Rows": 9172, "Plan Width": 34, "Group By Key": ["supplier.s_name"], "Plans": [{"Node Type": "Nested Loop", "Parent Relationship": "Outer", "Join Type": "Inner", "Startup Cost": 60036425616.82, "Total Cost": 6001109325756.91, "Plan Rows": 9172, "Plan Width": 26, "Inner Unique": false, "Join Filter": "(supplier.s_suppkey = l1.l_suppkey)", "Plans": [{"Node Type": "Merge Join", "Parent Relationship": "Outer", "Join Type": "Inner", "Startup Cost": 40036425616.82, "Total Cost": 4001036728206.72, "Plan Rows": 1201020, "Plan Width": 8, "Inner Unique": true, "Merge Cond": "(l1.l_orderkey = orders.o_orderkey)", "Plans": [{"Node Type": "Merge Join", "Parent Relationship": "Outer", "Join Type": "Semi", "Startup Cost": 30000000000.0, "Total Cost": 3001006768519.97, "Plan Rows": 949795, "Plan Width": 24, "Inner Unique": false, "Merge Cond": "(l1.l_orderkey = l2.l_orderkey), (LLVM Optimized)", "Join Filter": "(l2.l_suppkey <> l1.l_suppkey), (LLVM Optimized)", "Plans": [{"Node Type": "Merge Join", "Parent Relationship": "Outer", "Join Type": "Anti", "Startup Cost": 20000000000.0, "Total Cost": 2000682365976.25, "Plan Rows": 999784, "Plan Width": 16, "Inner Unique": false, "Merge Cond": "(l1.l_orderkey = l3.l_orderkey), (LLVM Optimized)", "Join Filter": "(l3.l_suppkey <> l1.l_suppkey), (LLVM Optimized)", "Plans": [{"Node Type": "Index Scan", "Parent Relationship": "Outer", "Scan Direction": "Forward", "Index Name": "idx_lineitem_orderkey", "Relation Name": "lineitem", "Alias": "l1", "Startup Cost": 10000000000.0, "Total Cost": 1000339012132.75, "Plan Rows": 19995678, "Plan Width": 16, "Filter": "(l_receiptdate > l_commitdate), (LLVM Optimized)"}, {"Node Type": "Materialize", "Parent Relationship": "Inner", "Startup Cost": 10000000000.0, "Total Cost": 1000339062121.94, "Plan Rows": 19995678, "Plan Width": 16, "Plans": [{"Node Type": "Index Scan", "Parent Relationship": "Outer", "Scan Direction": "Forward", "Index Name": "idx_lineitem_orderkey", "Relation Name": "lineitem", "Alias": "l3", "Startup Cost": 10000000000.0, "Total Cost": 1000339012132.75, "Plan Rows": 19995678, "Plan Width": 16, "Filter": "(l_receiptdate > l_commitdate), (LLVM Optimized)"}]}]}, {"Node Type": "Index Scan", "Parent Relationship": "Inner", "Scan Direction": "Forward", "Index Name": "idx_lineitem_orderkey", "Relation Name": "lineitem", "Alias": "l2", "Startup Cost": 10000000000.0, "Total Cost": 1000324015374.5, "Plan Rows": 59987033, "Plan Width": 16}]}, {"Node Type": "Index Scan", "Parent Relationship": "Inner", "Scan Direction": "Forward", "Index Name": "orders_pkey", "Relation Name": "orders", "Alias": "orders", "Startup Cost": 10000000000.0, "Total Cost": 1000076847713.25, "Plan Rows": 7338812, "Plan Width": 8, "Filter": "(o_orderstatus = 'F'::bpchar), (LLVM Optimized)"}]}, {"Node Type": "Materialize", "Parent Relationship": "Inner", "Startup Cost": 20000000000.0, "Total Cost": 2000000536360.19, "Plan Rows": 4000, "Plan Width": 34, "Plans": [{"Node Type": "Nested Loop", "Parent Relationship": "Outer", "Join Type": "Inner", "Startup Cost": 20000000000.0, "Total Cost": 2000000536340.19, "Plan Rows": 4000, "Plan Width": 34, "Inner Unique": true, "Join Filter": "(supplier.s_nationkey = nation.n_nationkey)", "Plans": [{"Node Type": "Index Scan", "Parent Relationship": "Outer", "Scan Direction": "Forward", "Index Name": "supplier_pkey", "Relation Name": "supplier", "Alias": "supplier", "Startup Cost": 10000000000.0, "Total Cost": 1000000533571.43, "Plan Rows": 100000, "Plan Width": 38}, {"Node Type": "Materialize", "Parent Relationship": "Inner", "Startup Cost": 10000000000.0, "Total Cost": 1000000001268.76, "Plan Rows": 1, "Plan Width": 4, "Plans": [{"Node Type": "Index Scan", "Parent Relationship": "Outer", "Scan Direction": "Forward", "Index Name": "nation_pkey", "Relation Name": "nation", "Alias": "nation", "Startup Cost": 10000000000.0, "Total Cost": 1000000001268.75, "Plan Rows": 1, "Plan Width": 4, "Filter": "(n_name = 'EGYPT'::bpchar)"}]}]}]}]}]}]}]}, "Unique SQL Id": 3870093320}, "explain_analyze_plan": null}, "(64, 32)": {"explain_plan": {"Plan": {"Node Type": "Limit", "Startup Cost": 228671.11, "Total Cost": 228671.36, "Plan Rows": 100, "Plan Width": 34, "Plans": [{"Node Type": "Sort", "Parent Relationship": "Outer", "Startup Cost": 228671.11, "Total Cost": 228694.04, "Plan Rows": 100, "Plan Width": 34, "Sort Key": ["(count(*)) DESC", "supplier.s_name"], "Plans": [{"Node Type": "Aggregate", "Strategy": "Hashed", "Parent Relationship": "Outer", "Startup Cost": 228228.84, "Total Cost": 228320.56, "Plan Rows": 9172, "Plan Width": 34, "Group By Key": ["supplier.s_name"], "Plans": [{"Node Type": "Nested Loop", "Parent Relationship": "Outer", "Join Type": "Inner", "Startup Cost": 70864.6, "Total Cost": 228182.98, "Plan Rows": 9172, "Plan Width": 26, "Inner Unique": true, "Join Filter": "(l1.l_orderkey = orders.o_orderkey)", "Plans": [{"Node Type": "Nested Loop", "Parent Relationship": "Outer", "Join Type": "Semi", "Startup Cost": 70864.6, "Total Cost": 221082.61, "Plan Rows": 7254, "Plan Width": 42, "Inner Unique": false, "Plans": [{"Node Type": "Nested Loop", "Parent Relationship": "Outer", "Join Type": "Anti", "Startup Cost": 70864.6, "Total Cost": 219227.05, "Plan Rows": 7635, "Plan Width": 42, "Inner Unique": false, "Plans": [{"Node Type": "Streaming(type: LOCAL GATHER dop: 1/64)", "Parent Relationship": "Outer", "Startup Cost": 70864.6, "Total Cost": 172039.83, "Plan Rows": 152707, "Plan Width": 42, "Plans": [{"Node Type": "Hash Join", "Parent Relationship": "Outer", "Join Type": "Inner", "Startup Cost": 70864.6, "Total Cost": 168889.5, "Plan Rows": 152707, "Plan Width": 42, "Inner Unique": false, "Hash Cond": "(l1.l_suppkey = supplier.s_suppkey), (LLVM Optimized)", "Plans": [{"Node Type": "Seq Scan", "Parent Relationship": "Outer", "Relation Name": "lineitem", "Alias": "l1", "Startup Cost": 0.0, "Total Cost": 96829.42, "Plan Rows": 19995678, "Plan Width": 16, "Filter": "(l_receiptdate > l_commitdate), (LLVM Optimized)"}, {"Node Type": "Hash", "Parent Relationship": "Inner", "Startup Cost": 70814.6, "Total Cost": 70814.6, "Plan Rows": 256000, "Plan Width": 34, "Plans": [{"Node Type": "Streaming(type: BROADCAST dop: 64/1)", "Parent Relationship": "Outer", "Startup Cost": 95.25, "Total Cost": 70814.6, "Plan Rows": 256000, "Plan Width": 34, "Plans": [{"Node Type": "Nested Loop", "Parent Relationship": "Outer", "Join Type": "Inner", "Startup Cost": 95.25, "Total Cost": 2533.35, "Plan Rows": 4000, "Plan Width": 34, "Inner Unique": false, "Plans": [{"Node Type": "Seq Scan", "Parent Relationship": "Outer", "Relation Name": "nation", "Alias": "nation", "Startup Cost": 0.0, "Total Cost": 1.31, "Plan Rows": 1, "Plan Width": 4, "Filter": "(n_name = 'EGYPT'::bpchar)"}, {"Node Type": "Bitmap Heap Scan", "Parent Relationship": "Inner", "Relation Name": "supplier", "Alias": "supplier", "Startup Cost": 95.25, "Total Cost": 2492.04, "Plan Rows": 4000, "Plan Width": 38, "Recheck Cond": "(s_nationkey = nation.n_nationkey)", "Plans": [{"Node Type": "Bitmap Index Scan", "Parent Relationship": "Outer", "Index Name": "idx_supplier_nation_key", "Startup Cost": 0.0, "Total Cost": 94.25, "Plan Rows": 4000, "Plan Width": 0, "Index Cond": "(s_nationkey = nation.n_nationkey)"}]}]}]}]}]}]}, {"Node Type": "Index Scan", "Parent Relationship": "Inner", "Scan Direction": "Forward", "Index Name": "idx_lineitem_orderkey", "Relation Name": "lineitem", "Alias": "l3", "Startup Cost": 0.0, "Total Cost": 1.63, "Plan Rows": 3, "Plan Width": 16, "Index Cond": "(l_orderkey = l1.l_orderkey)", "Filter": "((l_receiptdate > l_commitdate) AND (l_suppkey <> l1.l_suppkey))"}]}, {"Node Type": "Index Scan", "Parent Relationship": "Inner", "Scan Direction": "Forward", "Index Name": "idx_lineitem_orderkey", "Relation Name": "lineitem", "Alias": "l2", "Startup Cost": 0.0, "Total Cost": 1.63, "Plan Rows": 9, "Plan Width": 16, "Index Cond": "(l_orderkey = l1.l_orderkey)", "Filter": "(l_suppkey <> l1.l_suppkey)"}]}, {"Node Type": "Index Scan", "Parent Relationship": "Inner", "Scan Direction": "Forward", "Index Name": "orders_pkey", "Relation Name": "orders", "Alias": "orders", "Startup Cost": 0.0, "Total Cost": 0.97, "Plan Rows": 1, "Plan Width": 8, "Index Cond": "(o_orderkey = l2.l_orderkey)", "Filter": "(o_orderstatus = 'F'::bpchar)"}]}]}]}]}, "Unique SQL Id": 3870093320}, "explain_analyze_plan": {"Plan": {"Node Type": "Limit", "Startup Cost": 228671.11, "Total Cost": 228671.36, "Plan Rows": 100, "Plan Width": 34, "Actual Min Startup Time": 12866.621, "Actual Max Startup Time": 12866.621, "Actual Min Total Time": 12866.642, "Actual Max Total Time": 12866.642, "Actual Total Rows": 100, "Plans": [{"Node Type": "Sort", "Parent Relationship": "Outer", "Startup Cost": 228671.11, "Total Cost": 228694.04, "Plan Rows": 100, "Plan Width": 34, "Actual Min Startup Time": 12866.617, "Actual Max Startup Time": 12866.617, "Actual Min Total Time": 12866.628, "Actual Max Total Time": 12866.628, "Actual Total Rows": 100, "Sort Key": ["(count(*)) DESC", "supplier.s_name"], "Sort Method": "top-N heapsort", "Sort Space Min Used": 41, "Sort Space Max Used": 41, "Sort Space Type": "Memory", "Plans": [{"Node Type": "Aggregate", "Strategy": "Hashed", "Parent Relationship": "Outer", "Startup Cost": 228228.84, "Total Cost": 228320.56, "Plan Rows": 9172, "Plan Width": 34, "Actual Min Startup Time": 12863.299, "Actual Max Startup Time": 12863.299, "Actual Min Total Time": 12864.519, "Actual Max Total Time": 12864.519, "Actual Total Rows": 3981, "Group By Key": ["supplier.s_name"], "Plans": [{"Node Type": "Nested Loop", "Parent Relationship": "Outer", "Join Type": "Inner", "Startup Cost": 70864.6, "Total Cost": 228182.98, "Plan Rows": 9172, "Plan Width": 26, "Actual Min Startup Time": 321.296, "Actual Max Startup Time": 321.296, "Actual Min Total Time": 12810.71, "Actual Max Total Time": 12810.71, "Actual Total Rows": 39445, "Inner Unique": true, "Join Filter": "(l1.l_orderkey = orders.o_orderkey)", "Rows Removed by Join Filter": 0, "Plans": [{"Node Type": "Nested Loop", "Parent Relationship": "Outer", "Join Type": "Semi", "Startup Cost": 70864.6, "Total Cost": 221082.61, "Plan Rows": 7254, "Plan Width": 42, "Actual Min Startup Time": 321.137, "Actual Max Startup Time": 321.137, "Actual Min Total Time": 12228.446, "Actual Max Total Time": 12228.446, "Actual Total Rows": 80537, "Inner Unique": false, "Plans": [{"Node Type": "Nested Loop", "Parent Relationship": "Outer", "Join Type": "Anti", "Startup Cost": 70864.6, "Total Cost": 219227.05, "Plan Rows": 7635, "Plan Width": 42, "Actual Min Startup Time": 320.888, "Actual Max Startup Time": 320.888, "Actual Min Total Time": 11631.181, "Actual Max Total Time": 11631.181, "Actual Total Rows": 135110, "Inner Unique": false, "Plans": [{"Node Type": "Streaming(type: LOCAL GATHER dop: 1/64)", "Parent Relationship": "Outer", "Startup Cost": 70864.6, "Total Cost": 172039.83, "Plan Rows": 152707, "Plan Width": 42, "Actual Min Startup Time": 320.789, "Actual Max Startup Time": 320.789, "Actual Min Total Time": 1148.491, "Actual Max Total Time": 1148.491, "Actual Total Rows": 1511024, "Plans": [{"Node Type": "Hash Join", "Parent Relationship": "Outer", "Join Type": "Inner", "Startup Cost": 70864.6, "Total Cost": 168889.5, "Plan Rows": 152707, "Plan Width": 42, "Actual Min Startup Time": 121.617, "Actual Max Startup Time": 246.073, "Actual Min Total Time": 668.067, "Actual Max Total Time": 800.781, "Actual Total Rows": 1511024, "Inner Unique": false, "Hash Cond": "(l1.l_suppkey = supplier.s_suppkey), (LLVM Optimized, Jit Execute)", "Plans": [{"Node Type": "Seq Scan", "Parent Relationship": "Outer", "Relation Name": "lineitem", "Alias": "l1", "Startup Cost": 0.0, "Total Cost": 96829.42, "Plan Rows": 19995678, "Plan Width": 16, "Actual Min Startup Time": 0.021, "Actual Max Startup Time": 0.048, "Actual Min Total Time": 402.886, "Actual Max Total Time": 424.103, "Actual Total Rows": 37929348, "Filter": "(l_receiptdate > l_commitdate), (LLVM Optimized, Jit Execute)", "Rows Removed by Filter": 22056704}, {"Node Type": "Hash", "Parent Relationship": "Inner", "Startup Cost": 70814.6, "Total Cost": 70814.6, "Plan Rows": 256000, "Plan Width": 34, "Actual Min Startup Time": 121.517, "Actual Max Startup Time": 245.924, "Actual Min Total Time": 121.517, "Actual Max Total Time": 245.924, "Actual Total Rows": 254784, "Max Hash Buckets": 32768, "Min Hash Buckets": 32768, "Max Hash Batches": 1, "Min Hash Batches": 1, "Max Original Hash Batches": 1, "Min Original Hash Batches": 1, "Max Peak Memory Usage": 280, "min Peak Memory Usage": 280, "Plans": [{"Node Type": "Streaming(type: BROADCAST dop: 64/1)", "Parent Relationship": "Outer", "Startup Cost": 95.25, "Total Cost": 70814.6, "Plan Rows": 256000, "Plan Width": 34, "Actual Min Startup Time": 0.028, "Actual Max Startup Time": 5.142, "Actual Min Total Time": 120.402, "Actual Max Total Time": 244.779, "Actual Total Rows": 254784, "Plans": [{"Node Type": "Nested Loop", "Parent Relationship": "Outer", "Join Type": "Inner", "Startup Cost": 95.25, "Total Cost": 2533.35, "Plan Rows": 4000, "Plan Width": 34, "Actual Min Startup Time": 1.073, "Actual Max Startup Time": 1.073, "Actual Min Total Time": 7.094, "Actual Max Total Time": 7.094, "Actual Total Rows": 3981, "Inner Unique": false, "Plans": [{"Node Type": "Seq Scan", "Parent Relationship": "Outer", "Relation Name": "nation", "Alias": "nation", "Startup Cost": 0.0, "Total Cost": 1.31, "Plan Rows": 1, "Plan Width": 4, "Actual Min Startup Time": 0.039, "Actual Max Startup Time": 0.039, "Actual Min Total Time": 0.062, "Actual Max Total Time": 0.062, "Actual Total Rows": 1, "Filter": "(n_name = 'EGYPT'::bpchar)", "Rows Removed by Filter": 24}, {"Node Type": "Bitmap Heap Scan", "Parent Relationship": "Inner", "Relation Name": "supplier", "Alias": "supplier", "Startup Cost": 95.25, "Total Cost": 2492.04, "Plan Rows": 4000, "Plan Width": 38, "Actual Min Startup Time": 1.024, "Actual Max Startup Time": 1.024, "Actual Min Total Time": 6.258, "Actual Max Total Time": 6.258, "Actual Total Rows": 3981, "Recheck Cond": "(s_nationkey = nation.n_nationkey)", "Rows Removed by Index Recheck": 0, "Exact Heap Blocks": 0, "Lossy Heap Blocks": 0, "Plans": [{"Node Type": "Bitmap Index Scan", "Parent Relationship": "Outer", "Index Name": "idx_supplier_nation_key", "Startup Cost": 0.0, "Total Cost": 94.25, "Plan Rows": 4000, "Plan Width": 0, "Actual Min Startup Time": 0.694, "Actual Max Startup Time": 0.694, "Actual Min Total Time": 0.694, "Actual Max Total Time": 0.694, "Actual Total Rows": 3981, "Index Cond": "(s_nationkey = nation.n_nationkey)"}]}]}]}]}]}]}, {"Node Type": "Index Scan", "Parent Relationship": "Inner", "Scan Direction": "Forward", "Index Name": "idx_lineitem_orderkey", "Relation Name": "lineitem", "Alias": "l3", "Startup Cost": 0.0, "Total Cost": 1.63, "Plan Rows": 3, "Plan Width": 16, "Actual Min Startup Time": 9467.156, "Actual Max Startup Time": 9467.156, "Actual Min Total Time": 9467.156, "Actual Max Total Time": 9467.156, "Actual Total Rows": 1375914, "Index Cond": "(l_orderkey = l1.l_orderkey)", "Rows Removed by Index Recheck": 0, "Filter": "((l_receiptdate > l_commitdate) AND (l_suppkey <> l1.l_suppkey))", "Rows Removed by Filter": 1348115}]}, {"Node Type": "Index Scan", "Parent Relationship": "Inner", "Scan Direction": "Forward", "Index Name": "idx_lineitem_orderkey", "Relation Name": "lineitem", "Alias": "l2", "Startup Cost": 0.0, "Total Cost": 1.63, "Plan Rows": 9, "Plan Width": 16, "Actual Min Startup Time": 498.704, "Actual Max Startup Time": 498.704, "Actual Min Total Time": 498.704, "Actual Max Total Time": 498.704, "Actual Total Rows": 80537, "Index Cond": "(l_orderkey = l1.l_orderkey)", "Rows Removed by Index Recheck": 0, "Filter": "(l_suppkey <> l1.l_suppkey)", "Rows Removed by Filter": 85912}]}, {"Node Type": "Index Scan", "Parent Relationship": "Inner", "Scan Direction": "Forward", "Index Name": "orders_pkey", "Relation Name": "orders", "Alias": "orders", "Startup Cost": 0.0, "Total Cost": 0.97, "Plan Rows": 1, "Plan Width": 8, "Actual Min Startup Time": 517.398, "Actual Max Startup Time": 517.398, "Actual Min Total Time": 517.398, "Actual Max Total Time": 517.398, "Actual Total Rows": 39445, "Index Cond": "(o_orderkey = l2.l_orderkey)", "Rows Removed by Index Recheck": 0, "Filter": "(o_orderstatus = 'F'::bpchar)", "Rows Removed by Filter": 41092}]}]}]}]}, "Triggers": [], "Planner Runtime": 15.081, "Total Runtime": 12890.496, "Unique SQL Id": 3870093320}}, "(64, 33)": {"explain_plan": {"Plan": {"Node Type": "Limit", "Startup Cost": 2846852.7, "Total Cost": 2846852.95, "Plan Rows": 100, "Plan Width": 34, "Plans": [{"Node Type": "Sort", "Parent Relationship": "Outer", "Startup Cost": 2846852.7, "Total Cost": 2846875.63, "Plan Rows": 100, "Plan Width": 34, "Sort Key": ["(count(*)) DESC", "supplier.s_name"], "Plans": [{"Node Type": "Aggregate", "Strategy": "Hashed", "Parent Relationship": "Outer", "Startup Cost": 2846410.43, "Total Cost": 2846502.15, "Plan Rows": 9172, "Plan Width": 34, "Group By Key": ["supplier.s_name"], "Plans": [{"Node Type": "Nested Loop", "Parent Relationship": "Outer", "Join Type": "Inner", "Startup Cost": 70875.98, "Total Cost": 2846364.57, "Plan Rows": 9172, "Plan Width": 26, "Inner Unique": true, "Join Filter": "(l1.l_orderkey = orders.o_orderkey)", "Plans": [{"Node Type": "Nested Loop", "Parent Relationship": "Outer", "Join Type": "Semi", "Startup Cost": 70875.98, "Total Cost": 2839264.2, "Plan Rows": 7254, "Plan Width": 42, "Inner Unique": false, "Plans": [{"Node Type": "Nested Loop", "Parent Relationship": "Outer", "Join Type": "Anti", "Startup Cost": 70875.98, "Total Cost": 2837408.63, "Plan Rows": 7635, "Plan Width": 42, "Inner Unique": false, "Plans": [{"Node Type": "Streaming(type: LOCAL GATHER dop: 1/64)", "Parent Relationship": "Outer", "Startup Cost": 70875.98, "Total Cost": 2790221.42, "Plan Rows": 152707, "Plan Width": 42, "Plans": [{"Node Type": "Hash Join", "Parent Relationship": "Outer", "Join Type": "Inner", "Startup Cost": 70875.98, "Total Cost": 2787071.09, "Plan Rows": 152707, "Plan Width": 42, "Inner Unique": false, "Hash Cond": "(l1.l_suppkey = supplier.s_suppkey), (LLVM Optimized)", "Plans": [{"Node Type": "Index Scan", "Parent Relationship": "Outer", "Scan Direction": "Forward", "Index Name": "idx_lineitem_orderkey", "Relation Name": "lineitem", "Alias": "l1", "Startup Cost": 0.0, "Total Cost": 2714999.63, "Plan Rows": 19995678, "Plan Width": 16, "Filter": "(l_receiptdate > l_commitdate), (LLVM Optimized)"}, {"Node Type": "Hash", "Parent Relationship": "Inner", "Startup Cost": 70825.98, "Total Cost": 70825.98, "Plan Rows": 256000, "Plan Width": 34, "Plans": [{"Node Type": "Streaming(type: BROADCAST dop: 64/1)", "Parent Relationship": "Outer", "Startup Cost": 95.25, "Total Cost": 70825.98, "Plan Rows": 256000, "Plan Width": 34, "Plans": [{"Node Type": "Nested Loop", "Parent Relationship": "Outer", "Join Type": "Inner", "Startup Cost": 95.25, "Total Cost": 2544.73, "Plan Rows": 4000, "Plan Width": 34, "Inner Unique": false, "Plans": [{"Node Type": "Index Scan", "Parent Relationship": "Outer", "Scan Direction": "Forward", "Index Name": "nation_pkey", "Relation Name": "nation", "Alias": "nation", "Startup Cost": 0.0, "Total Cost": 12.69, "Plan Rows": 1, "Plan Width": 4, "Filter": "(n_name = 'EGYPT'::bpchar)"}, {"Node Type": "Bitmap Heap Scan", "Parent Relationship": "Inner", "Relation Name": "supplier", "Alias": "supplier", "Startup Cost": 95.25, "Total Cost": 2492.04, "Plan Rows": 4000, "Plan Width": 38, "Recheck Cond": "(s_nationkey = nation.n_nationkey)", "Plans": [{"Node Type": "Bitmap Index Scan", "Parent Relationship": "Outer", "Index Name": "idx_supplier_nation_key", "Startup Cost": 0.0, "Total Cost": 94.25, "Plan Rows": 4000, "Plan Width": 0, "Index Cond": "(s_nationkey = nation.n_nationkey)"}]}]}]}]}]}]}, {"Node Type": "Index Scan", "Parent Relationship": "Inner", "Scan Direction": "Forward", "Index Name": "idx_lineitem_orderkey", "Relation Name": "lineitem", "Alias": "l3", "Startup Cost": 0.0, "Total Cost": 1.63, "Plan Rows": 3, "Plan Width": 16, "Index Cond": "(l_orderkey = l1.l_orderkey)", "Filter": "((l_receiptdate > l_commitdate) AND (l_suppkey <> l1.l_suppkey))"}]}, {"Node Type": "Index Scan", "Parent Relationship": "Inner", "Scan Direction": "Forward", "Index Name": "idx_lineitem_orderkey", "Relation Name": "lineitem", "Alias": "l2", "Startup Cost": 0.0, "Total Cost": 1.63, "Plan Rows": 9, "Plan Width": 16, "Index Cond": "(l_orderkey = l1.l_orderkey)", "Filter": "(l_suppkey <> l1.l_suppkey)"}]}, {"Node Type": "Index Scan", "Parent Relationship": "Inner", "Scan Direction": "Forward", "Index Name": "orders_pkey", "Relation Name": "orders", "Alias": "orders", "Startup Cost": 0.0, "Total Cost": 0.97, "Plan Rows": 1, "Plan Width": 8, "Index Cond": "(o_orderkey = l2.l_orderkey)", "Filter": "(o_orderstatus = 'F'::bpchar)"}]}]}]}]}, "Unique SQL Id": 3870093320}, "explain_analyze_plan": {"Plan": {"Node Type": "Limit", "Startup Cost": 2846852.7, "Total Cost": 2846852.95, "Plan Rows": 100, "Plan Width": 34, "Actual Min Startup Time": 14119.717, "Actual Max Startup Time": 14119.717, "Actual Min Total Time": 14119.737, "Actual Max Total Time": 14119.737, "Actual Total Rows": 100, "Plans": [{"Node Type": "Sort", "Parent Relationship": "Outer", "Startup Cost": 2846852.7, "Total Cost": 2846875.63, "Plan Rows": 100, "Plan Width": 34, "Actual Min Startup Time": 14119.713, "Actual Max Startup Time": 14119.713, "Actual Min Total Time": 14119.719, "Actual Max Total Time": 14119.719, "Actual Total Rows": 100, "Sort Key": ["(count(*)) DESC", "supplier.s_name"], "Sort Method": "top-N heapsort", "Sort Space Min Used": 41, "Sort Space Max Used": 41, "Sort Space Type": "Memory", "Plans": [{"Node Type": "Aggregate", "Strategy": "Hashed", "Parent Relationship": "Outer", "Startup Cost": 2846410.43, "Total Cost": 2846502.15, "Plan Rows": 9172, "Plan Width": 34, "Actual Min Startup Time": 14116.34, "Actual Max Startup Time": 14116.34, "Actual Min Total Time": 14117.647, "Actual Max Total Time": 14117.647, "Actual Total Rows": 3981, "Group By Key": ["supplier.s_name"], "Plans": [{"Node Type": "Nested Loop", "Parent Relationship": "Outer", "Join Type": "Inner", "Startup Cost": 70875.98, "Total Cost": 2846364.57, "Plan Rows": 9172, "Plan Width": 26, "Actual Min Startup Time": 815.129, "Actual Max Startup Time": 815.129, "Actual Min Total Time": 14059.159, "Actual Max Total Time": 14059.159, "Actual Total Rows": 39445, "Inner Unique": true, "Join Filter": "(l1.l_orderkey = orders.o_orderkey)", "Rows Removed by Join Filter": 0, "Plans": [{"Node Type": "Nested Loop", "Parent Relationship": "Outer", "Join Type": "Semi", "Startup Cost": 70875.98, "Total Cost": 2839264.2, "Plan Rows": 7254, "Plan Width": 42, "Actual Min Startup Time": 815.101, "Actual Max Startup Time": 815.101, "Actual Min Total Time": 13358.527, "Actual Max Total Time": 13358.527, "Actual Total Rows": 80537, "Inner Unique": false, "Plans": [{"Node Type": "Nested Loop", "Parent Relationship": "Outer", "Join Type": "Anti", "Startup Cost": 70875.98, "Total Cost": 2837408.63, "Plan Rows": 7635, "Plan Width": 42, "Actual Min Startup Time": 815.089, "Actual Max Startup Time": 815.089, "Actual Min Total Time": 12762.463, "Actual Max Total Time": 12762.463, "Actual Total Rows": 135110, "Inner Unique": false, "Plans": [{"Node Type": "Streaming(type: LOCAL GATHER dop: 1/64)", "Parent Relationship": "Outer", "Startup Cost": 70875.98, "Total Cost": 2790221.42, "Plan Rows": 152707, "Plan Width": 42, "Actual Min Startup Time": 814.659, "Actual Max Startup Time": 814.659, "Actual Min Total Time": 1782.848, "Actual Max Total Time": 1782.848, "Actual Total Rows": 1511024, "Plans": [{"Node Type": "Hash Join", "Parent Relationship": "Outer", "Join Type": "Inner", "Startup Cost": 70875.98, "Total Cost": 2787071.09, "Plan Rows": 152707, "Plan Width": 42, "Actual Min Startup Time": 598.254, "Actual Max Startup Time": 727.718, "Actual Min Total Time": 1399.128, "Actual Max Total Time": 1628.166, "Actual Total Rows": 1511024, "Inner Unique": false, "Hash Cond": "(l1.l_suppkey = supplier.s_suppkey), (LLVM Optimized, Jit Execute)", "Plans": [{"Node Type": "Index Scan", "Parent Relationship": "Outer", "Scan Direction": "Forward", "Index Name": "idx_lineitem_orderkey", "Relation Name": "lineitem", "Alias": "l1", "Startup Cost": 0.0, "Total Cost": 2714999.63, "Plan Rows": 19995678, "Plan Width": 16, "Actual Min Startup Time": 471.178, "Actual Max Startup Time": 471.721, "Actual Min Total Time": 1129.758, "Actual Max Total Time": 1291.227, "Actual Total Rows": 37929348, "Filter": "(l_receiptdate > l_commitdate), (LLVM Optimized, Jit Execute)", "Rows Removed by Filter": 22056704}, {"Node Type": "Hash", "Parent Relationship": "Inner", "Startup Cost": 70825.98, "Total Cost": 70825.98, "Plan Rows": 256000, "Plan Width": 34, "Actual Min Startup Time": 126.512, "Actual Max Startup Time": 256.207, "Actual Min Total Time": 126.512, "Actual Max Total Time": 256.207, "Actual Total Rows": 254784, "Max Hash Buckets": 32768, "Min Hash Buckets": 32768, "Max Hash Batches": 1, "Min Hash Batches": 1, "Max Original Hash Batches": 1, "Min Original Hash Batches": 1, "Max Peak Memory Usage": 280, "min Peak Memory Usage": 280, "Plans": [{"Node Type": "Streaming(type: BROADCAST dop: 64/1)", "Parent Relationship": "Outer", "Startup Cost": 95.25, "Total Cost": 70825.98, "Plan Rows": 256000, "Plan Width": 34, "Actual Min Startup Time": 0.026, "Actual Max Startup Time": 3.984, "Actual Min Total Time": 125.506, "Actual Max Total Time": 255.076, "Actual Total Rows": 254784, "Plans": [{"Node Type": "Nested Loop", "Parent Relationship": "Outer", "Join Type": "Inner", "Startup Cost": 95.25, "Total Cost": 2544.73, "Plan Rows": 4000, "Plan Width": 34, "Actual Min Startup Time": 1.031, "Actual Max Startup Time": 1.031, "Actual Min Total Time": 7.098, "Actual Max Total Time": 7.098, "Actual Total Rows": 3981, "Inner Unique": false, "Plans": [{"Node Type": "Index Scan", "Parent Relationship": "Outer", "Scan Direction": "Forward", "Index Name": "nation_pkey", "Relation Name": "nation", "Alias": "nation", "Startup Cost": 0.0, "Total Cost": 12.69, "Plan Rows": 1, "Plan Width": 4, "Actual Min Startup Time": 0.048, "Actual Max Startup Time": 0.048, "Actual Min Total Time": 0.079, "Actual Max Total Time": 0.079, "Actual Total Rows": 1, "Filter": "(n_name = 'EGYPT'::bpchar)", "Rows Removed by Filter": 24}, {"Node Type": "Bitmap Heap Scan", "Parent Relationship": "Inner", "Relation Name": "supplier", "Alias": "supplier", "Startup Cost": 95.25, "Total Cost": 2492.04, "Plan Rows": 4000, "Plan Width": 38, "Actual Min Startup Time": 0.971, "Actual Max Startup Time": 0.971, "Actual Min Total Time": 6.221, "Actual Max Total Time": 6.221, "Actual Total Rows": 3981, "Recheck Cond": "(s_nationkey = nation.n_nationkey)", "Rows Removed by Index Recheck": 0, "Exact Heap Blocks": 0, "Lossy Heap Blocks": 0, "Plans": [{"Node Type": "Bitmap Index Scan", "Parent Relationship": "Outer", "Index Name": "idx_supplier_nation_key", "Startup Cost": 0.0, "Total Cost": 94.25, "Plan Rows": 4000, "Plan Width": 0, "Actual Min Startup Time": 0.671, "Actual Max Startup Time": 0.671, "Actual Min Total Time": 0.671, "Actual Max Total Time": 0.671, "Actual Total Rows": 3981, "Index Cond": "(s_nationkey = nation.n_nationkey)"}]}]}]}]}]}]}, {"Node Type": "Index Scan", "Parent Relationship": "Inner", "Scan Direction": "Forward", "Index Name": "idx_lineitem_orderkey", "Relation Name": "lineitem", "Alias": "l3", "Startup Cost": 0.0, "Total Cost": 1.63, "Plan Rows": 3, "Plan Width": 16, "Actual Min Startup Time": 9956.083, "Actual Max Startup Time": 9956.083, "Actual Min Total Time": 9956.083, "Actual Max Total Time": 9956.083, "Actual Total Rows": 1375914, "Index Cond": "(l_orderkey = l1.l_orderkey)", "Rows Removed by Index Recheck": 0, "Filter": "((l_receiptdate > l_commitdate) AND (l_suppkey <> l1.l_suppkey))", "Rows Removed by Filter": 1348115}]}, {"Node Type": "Index Scan", "Parent Relationship": "Inner", "Scan Direction": "Forward", "Index Name": "idx_lineitem_orderkey", "Relation Name": "lineitem", "Alias": "l2", "Startup Cost": 0.0, "Total Cost": 1.63, "Plan Rows": 9, "Plan Width": 16, "Actual Min Startup Time": 497.47, "Actual Max Startup Time": 497.47, "Actual Min Total Time": 497.47, "Actual Max Total Time": 497.47, "Actual Total Rows": 80537, "Index Cond": "(l_orderkey = l1.l_orderkey)", "Rows Removed by Index Recheck": 0, "Filter": "(l_suppkey <> l1.l_suppkey)", "Rows Removed by Filter": 85912}]}, {"Node Type": "Index Scan", "Parent Relationship": "Inner", "Scan Direction": "Forward", "Index Name": "orders_pkey", "Relation Name": "orders", "Alias": "orders", "Startup Cost": 0.0, "Total Cost": 0.97, "Plan Rows": 1, "Plan Width": 8, "Actual Min Startup Time": 630.576, "Actual Max Startup Time": 630.576, "Actual Min Total Time": 630.576, "Actual Max Total Time": 630.576, "Actual Total Rows": 39445, "Index Cond": "(o_orderkey = l2.l_orderkey)", "Rows Removed by Index Recheck": 0, "Filter": "(o_orderstatus = 'F'::bpchar)", "Rows Removed by Filter": 41092}]}]}]}]}, "Triggers": [], "Planner Runtime": 13.163, "Total Runtime": 14143.047, "Unique SQL Id": 3870093320}}, "(64, 34)": {"explain_plan": {"Plan": {"Node Type": "Limit", "Startup Cost": 439387.85, "Total Cost": 439388.1, "Plan Rows": 100, "Plan Width": 34, "Plans": [{"Node Type": "Sort", "Parent Relationship": "Outer", "Startup Cost": 439387.85, "Total Cost": 439410.78, "Plan Rows": 100, "Plan Width": 34, "Sort Key": ["(count(*)) DESC", "supplier.s_name"], "Plans": [{"Node Type": "Aggregate", "Strategy": "Hashed", "Parent Relationship": "Outer", "Startup Cost": 438945.58, "Total Cost": 439037.3, "Plan Rows": 9172, "Plan Width": 34, "Group By Key": ["supplier.s_name"], "Plans": [{"Node Type": "Nested Loop", "Parent Relationship": "Outer", "Join Type": "Inner", "Startup Cost": 183360.81, "Total Cost": 438899.72, "Plan Rows": 9172, "Plan Width": 26, "Inner Unique": true, "Join Filter": "(l1.l_orderkey = orders.o_orderkey)", "Plans": [{"Node Type": "Nested Loop", "Parent Relationship": "Outer", "Join Type": "Semi", "Startup Cost": 183360.21, "Total Cost": 405338.96, "Plan Rows": 7254, "Plan Width": 42, "Inner Unique": false, "Plans": [{"Node Type": "Hash Join", "Parent Relationship": "Outer", "Join Type": "Inner", "Startup Cost": 183359.38, "Total Cost": 390160.41, "Plan Rows": 7635, "Plan Width": 42, "Inner Unique": false, "Hash Cond": "(l1.l_suppkey = supplier.s_suppkey)", "Plans": [{"Node Type": "Streaming(type: LOCAL GATHER dop: 1/64)", "Parent Relationship": "Outer", "Startup Cost": 182676.04, "Total Cost": 385647.51, "Plan Rows": 999784, "Plan Width": 16, "Plans": [{"Node Type": "Hash Join", "Parent Relationship": "Outer", "Join Type": "Anti", "Startup Cost": 182676.04, "Total Cost": 365022.08, "Plan Rows": 999784, "Plan Width": 16, "Inner Unique": false, "Hash Cond": "(l1.l_orderkey = l3.l_orderkey), (LLVM Optimized)", "Join Filter": "(l3.l_suppkey <> l1.l_suppkey), (LLVM Optimized)", "Plans": [{"Node Type": "Streaming(type: LOCAL REDISTRIBUTE dop: 64/64)", "Parent Relationship": "Outer", "Startup Cost": 0.0, "Total Cost": 178770.64, "Plan Rows": 19995678, "Plan Width": 16, "Plans": [{"Node Type": "Seq Scan", "Parent Relationship": "Outer", "Relation Name": "lineitem", "Alias": "l1", "Startup Cost": 0.0, "Total Cost": 96829.42, "Plan Rows": 19995678, "Plan Width": 16, "Filter": "(l_receiptdate > l_commitdate), (LLVM Optimized)"}]}, {"Node Type": "Hash", "Parent Relationship": "Inner", "Startup Cost": 178770.64, "Total Cost": 178770.64, "Plan Rows": 19995678, "Plan Width": 16, "Plans": [{"Node Type": "Streaming(type: LOCAL REDISTRIBUTE dop: 64/64)", "Parent Relationship": "Outer", "Startup Cost": 0.0, "Total Cost": 178770.64, "Plan Rows": 19995678, "Plan Width": 16, "Plans": [{"Node Type": "Seq Scan", "Parent Relationship": "Outer", "Relation Name": "lineitem", "Alias": "l3", "Startup Cost": 0.0, "Total Cost": 96829.42, "Plan Rows": 19995678, "Plan Width": 16, "Filter": "(l_receiptdate > l_commitdate), (LLVM Optimized)"}]}]}]}]}, {"Node Type": "Hash", "Parent Relationship": "Inner", "Startup Cost": 2533.35, "Total Cost": 2533.35, "Plan Rows": 4000, "Plan Width": 34, "Plans": [{"Node Type": "Nested Loop", "Parent Relationship": "Outer", "Join Type": "Inner", "Startup Cost": 95.25, "Total Cost": 2533.35, "Plan Rows": 4000, "Plan Width": 34, "Inner Unique": false, "Plans": [{"Node Type": "Seq Scan", "Parent Relationship": "Outer", "Relation Name": "nation", "Alias": "nation", "Startup Cost": 0.0, "Total Cost": 1.31, "Plan Rows": 1, "Plan Width": 4, "Filter": "(n_name = 'EGYPT'::bpchar)"}, {"Node Type": "Bitmap Heap Scan", "Parent Relationship": "Inner", "Relation Name": "supplier", "Alias": "supplier", "Startup Cost": 95.25, "Total Cost": 2492.04, "Plan Rows": 4000, "Plan Width": 38, "Recheck Cond": "(s_nationkey = nation.n_nationkey)", "Plans": [{"Node Type": "Bitmap Index Scan", "Parent Relationship": "Outer", "Index Name": "idx_supplier_nation_key", "Startup Cost": 0.0, "Total Cost": 94.25, "Plan Rows": 4000, "Plan Width": 0, "Index Cond": "(s_nationkey = nation.n_nationkey)"}]}]}]}]}, {"Node Type": "Bitmap Heap Scan", "Parent Relationship": "Inner", "Relation Name": "lineitem", "Alias": "l2", "Startup Cost": 0.82, "Total Cost": 8.95, "Plan Rows": 9, "Plan Width": 16, "Recheck Cond": "(l_orderkey = l1.l_orderkey)", "Filter": "(l_suppkey <> l1.l_suppkey)", "Plans": [{"Node Type": "Bitmap Index Scan", "Parent Relationship": "Outer", "Index Name": "idx_lineitem_orderkey", "Startup Cost": 0.0, "Total Cost": 0.82, "Plan Rows": 9, "Plan Width": 0, "Index Cond": "(l_orderkey = l1.l_orderkey)"}]}]}, {"Node Type": "Bitmap Heap Scan", "Parent Relationship": "Inner", "Relation Name": "orders", "Alias": "orders", "Startup Cost": 0.6, "Total Cost": 4.61, "Plan Rows": 1, "Plan Width": 8, "Recheck Cond": "(o_orderkey = l2.l_orderkey)", "Filter": "(o_orderstatus = 'F'::bpchar)", "Plans": [{"Node Type": "Bitmap Index Scan", "Parent Relationship": "Outer", "Index Name": "orders_pkey", "Startup Cost": 0.0, "Total Cost": 0.6, "Plan Rows": 1, "Plan Width": 0, "Index Cond": "(o_orderkey = l2.l_orderkey)"}]}]}]}]}]}, "Unique SQL Id": 3870093320}, "explain_analyze_plan": {"Plan": {"Node Type": "Limit", "Startup Cost": 439387.85, "Total Cost": 439388.1, "Plan Rows": 100, "Plan Width": 34, "Actual Min Startup Time": 6805.192, "Actual Max Startup Time": 6805.192, "Actual Min Total Time": 6805.211, "Actual Max Total Time": 6805.211, "Actual Total Rows": 100, "Plans": [{"Node Type": "Sort", "Parent Relationship": "Outer", "Startup Cost": 439387.85, "Total Cost": 439410.78, "Plan Rows": 100, "Plan Width": 34, "Actual Min Startup Time": 6805.189, "Actual Max Startup Time": 6805.189, "Actual Min Total Time": 6805.197, "Actual Max Total Time": 6805.197, "Actual Total Rows": 100, "Sort Key": ["(count(*)) DESC", "supplier.s_name"], "Sort Method": "top-N heapsort", "Sort Space Min Used": 41, "Sort Space Max Used": 41, "Sort Space Type": "Memory", "Plans": [{"Node Type": "Aggregate", "Strategy": "Hashed", "Parent Relationship": "Outer", "Startup Cost": 438945.58, "Total Cost": 439037.3, "Plan Rows": 9172, "Plan Width": 34, "Actual Min Startup Time": 6801.849, "Actual Max Startup Time": 6801.849, "Actual Min Total Time": 6803.071, "Actual Max Total Time": 6803.071, "Actual Total Rows": 3981, "Group By Key": ["supplier.s_name"], "Plans": [{"Node Type": "Nested Loop", "Parent Relationship": "Outer", "Join Type": "Inner", "Startup Cost": 183360.81, "Total Cost": 438899.72, "Plan Rows": 9172, "Plan Width": 26, "Actual Min Startup Time": 2335.66, "Actual Max Startup Time": 2335.66, "Actual Min Total Time": 6750.185, "Actual Max Total Time": 6750.185, "Actual Total Rows": 39445, "Inner Unique": true, "Join Filter": "(l1.l_orderkey = orders.o_orderkey)", "Rows Removed by Join Filter": 0, "Plans": [{"Node Type": "Nested Loop", "Parent Relationship": "Outer", "Join Type": "Semi", "Startup Cost": 183360.21, "Total Cost": 405338.96, "Plan Rows": 7254, "Plan Width": 42, "Actual Min Startup Time": 2335.626, "Actual Max Startup Time": 2335.626, "Actual Min Total Time": 5990.539, "Actual Max Total Time": 5990.539, "Actual Total Rows": 80537, "Inner Unique": false, "Plans": [{"Node Type": "Hash Join", "Parent Relationship": "Outer", "Join Type": "Inner", "Startup Cost": 183359.38, "Total Cost": 390160.41, "Plan Rows": 7635, "Plan Width": 42, "Actual Min Startup Time": 2335.536, "Actual Max Startup Time": 2335.536, "Actual Min Total Time": 4375.103, "Actual Max Total Time": 4375.103, "Actual Total Rows": 135110, "Inner Unique": false, "Hash Cond": "(l1.l_suppkey = supplier.s_suppkey)", "Plans": [{"Node Type": "Streaming(type: LOCAL GATHER dop: 1/64)", "Parent Relationship": "Outer", "Startup Cost": 182676.04, "Total Cost": 385647.51, "Plan Rows": 999784, "Plan Width": 16, "Actual Min Startup Time": 2327.148, "Actual Max Startup Time": 2327.148, "Actual Min Total Time": 3628.242, "Actual Max Total Time": 3628.242, "Actual Total Rows": 3372284, "Plans": [{"Node Type": "Hash Join", "Parent Relationship": "Outer", "Join Type": "Anti", "Startup Cost": 182676.04, "Total Cost": 365022.08, "Plan Rows": 999784, "Plan Width": 16, "Actual Min Startup Time": 1871.399, "Actual Max Startup Time": 2172.815, "Actual Min Total Time": 4997.074, "Actual Max Total Time": 5364.352, "Actual Total Rows": 3372284, "Inner Unique": false, "Hash Cond": "(l1.l_orderkey = l3.l_orderkey), (LLVM Optimized, Jit Execute)", "Join Filter": "(l3.l_suppkey <> l1.l_suppkey), (LLVM Optimized, Jit Execute)", "Rows Removed by Join Filter": 13753927, "Plans": [{"Node Type": "Streaming(type: LOCAL REDISTRIBUTE dop: 64/64)", "Parent Relationship": "Outer", "Startup Cost": 0.0, "Total Cost": 178770.64, "Plan Rows": 19995678, "Plan Width": 16, "Actual Min Startup Time": 0.187, "Actual Max Startup Time": 2.117, "Actual Min Total Time": 2743.561, "Actual Max Total Time": 3006.219, "Actual Total Rows": 37929348, "Plans": [{"Node Type": "Seq Scan", "Parent Relationship": "Outer", "Relation Name": "lineitem", "Alias": "l1", "Startup Cost": 0.0, "Total Cost": 96829.42, "Plan Rows": 19995678, "Plan Width": 16, "Actual Min Startup Time": 0.022, "Actual Max Startup Time": 0.06, "Actual Min Total Time": 431.074, "Actual Max Total Time": 522.621, "Actual Total Rows": 37929348, "Filter": "(l_receiptdate > l_commitdate), (LLVM Optimized, Jit Execute)", "Rows Removed by Filter": 22056704}]}, {"Node Type": "Hash", "Parent Relationship": "Inner", "Startup Cost": 178770.64, "Total Cost": 178770.64, "Plan Rows": 19995678, "Plan Width": 16, "Actual Min Startup Time": 1870.6, "Actual Max Startup Time": 2170.353, "Actual Min Total Time": 1870.6, "Actual Max Total Time": 2170.353, "Actual Total Rows": 37929348, "Max Hash Buckets": 524288, "Min Hash Buckets": 524288, "Max Hash Batches": 1, "Min Hash Batches": 1, "Max Original Hash Batches": 1, "Min Original Hash Batches": 1, "Max Peak Memory Usage": 27746, "min Peak Memory Usage": 27746, "Plans": [{"Node Type": "Streaming(type: LOCAL REDISTRIBUTE dop: 64/64)", "Parent Relationship": "Outer", "Startup Cost": 0.0, "Total Cost": 178770.64, "Plan Rows": 19995678, "Plan Width": 16, "Actual Min Startup Time": 0.107, "Actual Max Startup Time": 283.799, "Actual Min Total Time": 1596.76, "Actual Max Total Time": 1956.811, "Actual Total Rows": 37929348, "Plans": [{"Node Type": "Seq Scan", "Parent Relationship": "Outer", "Relation Name": "lineitem", "Alias": "l3", "Startup Cost": 0.0, "Total Cost": 96829.42, "Plan Rows": 19995678, "Plan Width": 16, "Actual Min Startup Time": 0.022, "Actual Max Startup Time": 0.05, "Actual Min Total Time": 453.051, "Actual Max Total Time": 583.951, "Actual Total Rows": 37929348, "Filter": "(l_receiptdate > l_commitdate), (LLVM Optimized, Jit Execute)", "Rows Removed by Filter": 22056704}]}]}]}]}, {"Node Type": "Hash", "Parent Relationship": "Inner", "Startup Cost": 2533.35, "Total Cost": 2533.35, "Plan Rows": 4000, "Plan Width": 34, "Actual Min Startup Time": 8.315, "Actual Max Startup Time": 8.315, "Actual Min Total Time": 8.315, "Actual Max Total Time": 8.315, "Actual Total Rows": 3981, "Max Hash Buckets": 32768, "Min Hash Buckets": 32768, "Max Hash Batches": 1, "Min Hash Batches": 1, "Max Original Hash Batches": 1, "Min Original Hash Batches": 1, "Max Peak Memory Usage": 280, "min Peak Memory Usage": 280, "Plans": [{"Node Type": "Nested Loop", "Parent Relationship": "Outer", "Join Type": "Inner", "Startup Cost": 95.25, "Total Cost": 2533.35, "Plan Rows": 4000, "Plan Width": 34, "Actual Min Startup Time": 1.141, "Actual Max Startup Time": 1.141, "Actual Min Total Time": 6.835, "Actual Max Total Time": 6.835, "Actual Total Rows": 3981, "Inner Unique": false, "Plans": [{"Node Type": "Seq Scan", "Parent Relationship": "Outer", "Relation Name": "nation", "Alias": "nation", "Startup Cost": 0.0, "Total Cost": 1.31, "Plan Rows": 1, "Plan Width": 4, "Actual Min Startup Time": 0.057, "Actual Max Startup Time": 0.057, "Actual Min Total Time": 0.072, "Actual Max Total Time": 0.072, "Actual Total Rows": 1, "Filter": "(n_name = 'EGYPT'::bpchar)", "Rows Removed by Filter": 24}, {"Node Type": "Bitmap Heap Scan", "Parent Relationship": "Inner", "Relation Name": "supplier", "Alias": "supplier", "Startup Cost": 95.25, "Total Cost": 2492.04, "Plan Rows": 4000, "Plan Width": 38, "Actual Min Startup Time": 1.065, "Actual Max Startup Time": 1.065, "Actual Min Total Time": 5.925, "Actual Max Total Time": 5.925, "Actual Total Rows": 3981, "Recheck Cond": "(s_nationkey = nation.n_nationkey)", "Rows Removed by Index Recheck": 0, "Exact Heap Blocks": 1918, "Lossy Heap Blocks": 1918, "Plans": [{"Node Type": "Bitmap Index Scan", "Parent Relationship": "Outer", "Index Name": "idx_supplier_nation_key", "Startup Cost": 0.0, "Total Cost": 94.25, "Plan Rows": 4000, "Plan Width": 0, "Actual Min Startup Time": 0.751, "Actual Max Startup Time": 0.751, "Actual Min Total Time": 0.751, "Actual Max Total Time": 0.751, "Actual Total Rows": 3981, "Index Cond": "(s_nationkey = nation.n_nationkey)"}]}]}]}]}, {"Node Type": "Bitmap Heap Scan", "Parent Relationship": "Inner", "Relation Name": "lineitem", "Alias": "l2", "Startup Cost": 0.82, "Total Cost": 8.95, "Plan Rows": 9, "Plan Width": 16, "Actual Min Startup Time": 1418.438, "Actual Max Startup Time": 1418.438, "Actual Min Total Time": 1418.438, "Actual Max Total Time": 1418.438, "Actual Total Rows": 80537, "Recheck Cond": "(l_orderkey = l1.l_orderkey)", "Rows Removed by Index Recheck": 0, "Filter": "(l_suppkey <> l1.l_suppkey)", "Rows Removed by Filter": 85912, "Exact Heap Blocks": 135868, "Lossy Heap Blocks": 135868, "Plans": [{"Node Type": "Bitmap Index Scan", "Parent Relationship": "Outer", "Index Name": "idx_lineitem_orderkey", "Startup Cost": 0.0, "Total Cost": 0.82, "Plan Rows": 9, "Plan Width": 0, "Actual Min Startup Time": 846.578, "Actual Max Startup Time": 846.578, "Actual Min Total Time": 846.578, "Actual Max Total Time": 846.578, "Actual Total Rows": 287712, "Index Cond": "(l_orderkey = l1.l_orderkey)"}]}]}, {"Node Type": "Bitmap Heap Scan", "Parent Relationship": "Inner", "Relation Name": "orders", "Alias": "orders", "Startup Cost": 0.6, "Total Cost": 4.61, "Plan Rows": 1, "Plan Width": 8, "Actual Min Startup Time": 649.326, "Actual Max Startup Time": 649.326, "Actual Min Total Time": 649.326, "Actual Max Total Time": 649.326, "Actual Total Rows": 39445, "Recheck Cond": "(o_orderkey = l2.l_orderkey)", "Rows Removed by Index Recheck": 0, "Filter": "(o_orderstatus = 'F'::bpchar)", "Rows Removed by Filter": 41092, "Exact Heap Blocks": 80537, "Lossy Heap Blocks": 80537, "Plans": [{"Node Type": "Bitmap Index Scan", "Parent Relationship": "Outer", "Index Name": "orders_pkey", "Startup Cost": 0.0, "Total Cost": 0.6, "Plan Rows": 1, "Plan Width": 0, "Actual Min Startup Time": 405.033, "Actual Max Startup Time": 405.033, "Actual Min Total Time": 405.033, "Actual Max Total Time": 405.033, "Actual Total Rows": 80537, "Index Cond": "(o_orderkey = l2.l_orderkey)"}]}]}]}]}]}, "Triggers": [], "Planner Runtime": 19.277, "Total Runtime": 6865.707, "Unique SQL Id": 3870093320}}, "(64, 35)": {"explain_plan": {"Plan": {"Node Type": "Limit", "Startup Cost": 3882163.35, "Total Cost": 3882163.6, "Plan Rows": 100, "Plan Width": 34, "Plans": [{"Node Type": "Sort", "Parent Relationship": "Outer", "Startup Cost": 3882163.35, "Total Cost": 3882186.28, "Plan Rows": 100, "Plan Width": 34, "Sort Key": ["(count(*)) DESC", "supplier.s_name"], "Plans": [{"Node Type": "Aggregate", "Strategy": "Hashed", "Parent Relationship": "Outer", "Startup Cost": 3881721.08, "Total Cost": 3881812.8, "Plan Rows": 9172, "Plan Width": 34, "Group By Key": ["supplier.s_name"], "Plans": [{"Node Type": "Nested Loop", "Parent Relationship": "Outer", "Join Type": "Inner", "Startup Cost": 1232631.31, "Total Cost": 3881675.22, "Plan Rows": 9172, "Plan Width": 26, "Inner Unique": true, "Join Filter": "(l1.l_orderkey = orders.o_orderkey)", "Plans": [{"Node Type": "Nested Loop", "Parent Relationship": "Outer", "Join Type": "Semi", "Startup Cost": 1232630.71, "Total Cost": 3848114.46, "Plan Rows": 7254, "Plan Width": 42, "Inner Unique": false, "Plans": [{"Node Type": "Nested Loop", "Parent Relationship": "Outer", "Join Type": "Anti", "Startup Cost": 1232629.88, "Total Cost": 3832935.91, "Plan Rows": 7635, "Plan Width": 42, "Inner Unique": false, "Plans": [{"Node Type": "Hash Join", "Parent Relationship": "Outer", "Join Type": "Inner", "Startup Cost": 1232629.06, "Total Cost": 3474222.84, "Plan Rows": 152707, "Plan Width": 42, "Inner Unique": false, "Hash Cond": "(l1.l_suppkey = supplier.s_suppkey), (LLVM Optimized)", "Plans": [{"Node Type": "Bitmap Heap Scan", "Parent Relationship": "Outer", "Relation Name": "lineitem", "Alias": "l1", "Startup Cost": 1230034.33, "Total Cost": 3395117.25, "Plan Rows": 19995678, "Plan Width": 16, "Filter": "(l_receiptdate > l_commitdate), (LLVM Optimized)", "Plans": [{"Node Type": "Bitmap Index Scan", "Parent Relationship": "Outer", "Index Name": "idx_lineitem_orderkey", "Startup Cost": 0.0, "Total Cost": 1225035.42, "Plan Rows": 59987033, "Plan Width": 0}]}, {"Node Type": "Hash", "Parent Relationship": "Inner", "Startup Cost": 2544.73, "Total Cost": 2544.73, "Plan Rows": 4000, "Plan Width": 34, "Plans": [{"Node Type": "Nested Loop", "Parent Relationship": "Outer", "Join Type": "Inner", "Startup Cost": 103.63, "Total Cost": 2544.73, "Plan Rows": 4000, "Plan Width": 34, "Inner Unique": false, "Plans": [{"Node Type": "Bitmap Heap Scan", "Parent Relationship": "Outer", "Relation Name": "nation", "Alias": "nation", "Startup Cost": 8.38, "Total Cost": 12.69, "Plan Rows": 1, "Plan Width": 4, "Filter": "(n_name = 'EGYPT'::bpchar)", "Plans": [{"Node Type": "Bitmap Index Scan", "Parent Relationship": "Outer", "Index Name": "nation_pkey", "Startup Cost": 0.0, "Total Cost": 8.38, "Plan Rows": 25, "Plan Width": 0}]}, {"Node Type": "Bitmap Heap Scan", "Parent Relationship": "Inner", "Relation Name": "supplier", "Alias": "supplier", "Startup Cost": 95.25, "Total Cost": 2492.04, "Plan Rows": 4000, "Plan Width": 38, "Recheck Cond": "(s_nationkey = nation.n_nationkey)", "Plans": [{"Node Type": "Bitmap Index Scan", "Parent Relationship": "Outer", "Index Name": "idx_supplier_nation_key", "Startup Cost": 0.0, "Total Cost": 94.25, "Plan Rows": 4000, "Plan Width": 0, "Index Cond": "(s_nationkey = nation.n_nationkey)"}]}]}]}]}, {"Node Type": "Bitmap Heap Scan", "Parent Relationship": "Inner", "Relation Name": "lineitem", "Alias": "l3", "Startup Cost": 0.82, "Total Cost": 8.97, "Plan Rows": 3, "Plan Width": 16, "Recheck Cond": "(l_orderkey = l1.l_orderkey)", "Filter": "((l_receiptdate > l_commitdate) AND (l_suppkey <> l1.l_suppkey))", "Plans": [{"Node Type": "Bitmap Index Scan", "Parent Relationship": "Outer", "Index Name": "idx_lineitem_orderkey", "Startup Cost": 0.0, "Total Cost": 0.82, "Plan Rows": 9, "Plan Width": 0, "Index Cond": "(l_orderkey = l1.l_orderkey)"}]}]}, {"Node Type": "Bitmap Heap Scan", "Parent Relationship": "Inner", "Relation Name": "lineitem", "Alias": "l2", "Startup Cost": 0.82, "Total Cost": 8.95, "Plan Rows": 9, "Plan Width": 16, "Recheck Cond": "(l_orderkey = l1.l_orderkey)", "Filter": "(l_suppkey <> l1.l_suppkey)", "Plans": [{"Node Type": "Bitmap Index Scan", "Parent Relationship": "Outer", "Index Name": "idx_lineitem_orderkey", "Startup Cost": 0.0, "Total Cost": 0.82, "Plan Rows": 9, "Plan Width": 0, "Index Cond": "(l_orderkey = l1.l_orderkey)"}]}]}, {"Node Type": "Bitmap Heap Scan", "Parent Relationship": "Inner", "Relation Name": "orders", "Alias": "orders", "Startup Cost": 0.6, "Total Cost": 4.61, "Plan Rows": 1, "Plan Width": 8, "Recheck Cond": "(o_orderkey = l2.l_orderkey)", "Filter": "(o_orderstatus = 'F'::bpchar)", "Plans": [{"Node Type": "Bitmap Index Scan", "Parent Relationship": "Outer", "Index Name": "orders_pkey", "Startup Cost": 0.0, "Total Cost": 0.6, "Plan Rows": 1, "Plan Width": 0, "Index Cond": "(o_orderkey = l2.l_orderkey)"}]}]}]}]}]}, "Unique SQL Id": 3870093320}, "explain_analyze_plan": null}, "(64, 36)": {"explain_plan": {"Plan": {"Node Type": "Limit", "Startup Cost": 228671.11, "Total Cost": 228671.36, "Plan Rows": 100, "Plan Width": 34, "Plans": [{"Node Type": "Sort", "Parent Relationship": "Outer", "Startup Cost": 228671.11, "Total Cost": 228694.04, "Plan Rows": 100, "Plan Width": 34, "Sort Key": ["(count(*)) DESC", "supplier.s_name"], "Plans": [{"Node Type": "Aggregate", "Strategy": "Hashed", "Parent Relationship": "Outer", "Startup Cost": 228228.84, "Total Cost": 228320.56, "Plan Rows": 9172, "Plan Width": 34, "Group By Key": ["supplier.s_name"], "Plans": [{"Node Type": "Nested Loop", "Parent Relationship": "Outer", "Join Type": "Inner", "Startup Cost": 70864.6, "Total Cost": 228182.98, "Plan Rows": 9172, "Plan Width": 26, "Inner Unique": true, "Join Filter": "(l1.l_orderkey = orders.o_orderkey)", "Plans": [{"Node Type": "Nested Loop", "Parent Relationship": "Outer", "Join Type": "Semi", "Startup Cost": 70864.6, "Total Cost": 221082.61, "Plan Rows": 7254, "Plan Width": 42, "Inner Unique": false, "Plans": [{"Node Type": "Nested Loop", "Parent Relationship": "Outer", "Join Type": "Anti", "Startup Cost": 70864.6, "Total Cost": 219227.05, "Plan Rows": 7635, "Plan Width": 42, "Inner Unique": false, "Plans": [{"Node Type": "Streaming(type: LOCAL GATHER dop: 1/64)", "Parent Relationship": "Outer", "Startup Cost": 70864.6, "Total Cost": 172039.83, "Plan Rows": 152707, "Plan Width": 42, "Plans": [{"Node Type": "Hash Join", "Parent Relationship": "Outer", "Join Type": "Inner", "Startup Cost": 70864.6, "Total Cost": 168889.5, "Plan Rows": 152707, "Plan Width": 42, "Inner Unique": false, "Hash Cond": "(l1.l_suppkey = supplier.s_suppkey), (LLVM Optimized)", "Plans": [{"Node Type": "Seq Scan", "Parent Relationship": "Outer", "Relation Name": "lineitem", "Alias": "l1", "Startup Cost": 0.0, "Total Cost": 96829.42, "Plan Rows": 19995678, "Plan Width": 16, "Filter": "(l_receiptdate > l_commitdate), (LLVM Optimized)"}, {"Node Type": "Hash", "Parent Relationship": "Inner", "Startup Cost": 70814.6, "Total Cost": 70814.6, "Plan Rows": 256000, "Plan Width": 34, "Plans": [{"Node Type": "Streaming(type: BROADCAST dop: 64/1)", "Parent Relationship": "Outer", "Startup Cost": 95.25, "Total Cost": 70814.6, "Plan Rows": 256000, "Plan Width": 34, "Plans": [{"Node Type": "Nested Loop", "Parent Relationship": "Outer", "Join Type": "Inner", "Startup Cost": 95.25, "Total Cost": 2533.35, "Plan Rows": 4000, "Plan Width": 34, "Inner Unique": false, "Plans": [{"Node Type": "Seq Scan", "Parent Relationship": "Outer", "Relation Name": "nation", "Alias": "nation", "Startup Cost": 0.0, "Total Cost": 1.31, "Plan Rows": 1, "Plan Width": 4, "Filter": "(n_name = 'EGYPT'::bpchar)"}, {"Node Type": "Bitmap Heap Scan", "Parent Relationship": "Inner", "Relation Name": "supplier", "Alias": "supplier", "Startup Cost": 95.25, "Total Cost": 2492.04, "Plan Rows": 4000, "Plan Width": 38, "Recheck Cond": "(s_nationkey = nation.n_nationkey)", "Plans": [{"Node Type": "Bitmap Index Scan", "Parent Relationship": "Outer", "Index Name": "idx_supplier_nation_key", "Startup Cost": 0.0, "Total Cost": 94.25, "Plan Rows": 4000, "Plan Width": 0, "Index Cond": "(s_nationkey = nation.n_nationkey)"}]}]}]}]}]}]}, {"Node Type": "Index Scan", "Parent Relationship": "Inner", "Scan Direction": "Forward", "Index Name": "idx_lineitem_orderkey", "Relation Name": "lineitem", "Alias": "l3", "Startup Cost": 0.0, "Total Cost": 1.63, "Plan Rows": 3, "Plan Width": 16, "Index Cond": "(l_orderkey = l1.l_orderkey)", "Filter": "((l_receiptdate > l_commitdate) AND (l_suppkey <> l1.l_suppkey))"}]}, {"Node Type": "Index Scan", "Parent Relationship": "Inner", "Scan Direction": "Forward", "Index Name": "idx_lineitem_orderkey", "Relation Name": "lineitem", "Alias": "l2", "Startup Cost": 0.0, "Total Cost": 1.63, "Plan Rows": 9, "Plan Width": 16, "Index Cond": "(l_orderkey = l1.l_orderkey)", "Filter": "(l_suppkey <> l1.l_suppkey)"}]}, {"Node Type": "Index Scan", "Parent Relationship": "Inner", "Scan Direction": "Forward", "Index Name": "orders_pkey", "Relation Name": "orders", "Alias": "orders", "Startup Cost": 0.0, "Total Cost": 0.97, "Plan Rows": 1, "Plan Width": 8, "Index Cond": "(o_orderkey = l2.l_orderkey)", "Filter": "(o_orderstatus = 'F'::bpchar)"}]}]}]}]}, "Unique SQL Id": 3870093320}, "explain_analyze_plan": {"Plan": {"Node Type": "Limit", "Startup Cost": 228671.11, "Total Cost": 228671.36, "Plan Rows": 100, "Plan Width": 34, "Actual Min Startup Time": 12866.621, "Actual Max Startup Time": 12866.621, "Actual Min Total Time": 12866.642, "Actual Max Total Time": 12866.642, "Actual Total Rows": 100, "Plans": [{"Node Type": "Sort", "Parent Relationship": "Outer", "Startup Cost": 228671.11, "Total Cost": 228694.04, "Plan Rows": 100, "Plan Width": 34, "Actual Min Startup Time": 12866.617, "Actual Max Startup Time": 12866.617, "Actual Min Total Time": 12866.628, "Actual Max Total Time": 12866.628, "Actual Total Rows": 100, "Sort Key": ["(count(*)) DESC", "supplier.s_name"], "Sort Method": "top-N heapsort", "Sort Space Min Used": 41, "Sort Space Max Used": 41, "Sort Space Type": "Memory", "Plans": [{"Node Type": "Aggregate", "Strategy": "Hashed", "Parent Relationship": "Outer", "Startup Cost": 228228.84, "Total Cost": 228320.56, "Plan Rows": 9172, "Plan Width": 34, "Actual Min Startup Time": 12863.299, "Actual Max Startup Time": 12863.299, "Actual Min Total Time": 12864.519, "Actual Max Total Time": 12864.519, "Actual Total Rows": 3981, "Group By Key": ["supplier.s_name"], "Plans": [{"Node Type": "Nested Loop", "Parent Relationship": "Outer", "Join Type": "Inner", "Startup Cost": 70864.6, "Total Cost": 228182.98, "Plan Rows": 9172, "Plan Width": 26, "Actual Min Startup Time": 321.296, "Actual Max Startup Time": 321.296, "Actual Min Total Time": 12810.71, "Actual Max Total Time": 12810.71, "Actual Total Rows": 39445, "Inner Unique": true, "Join Filter": "(l1.l_orderkey = orders.o_orderkey)", "Rows Removed by Join Filter": 0, "Plans": [{"Node Type": "Nested Loop", "Parent Relationship": "Outer", "Join Type": "Semi", "Startup Cost": 70864.6, "Total Cost": 221082.61, "Plan Rows": 7254, "Plan Width": 42, "Actual Min Startup Time": 321.137, "Actual Max Startup Time": 321.137, "Actual Min Total Time": 12228.446, "Actual Max Total Time": 12228.446, "Actual Total Rows": 80537, "Inner Unique": false, "Plans": [{"Node Type": "Nested Loop", "Parent Relationship": "Outer", "Join Type": "Anti", "Startup Cost": 70864.6, "Total Cost": 219227.05, "Plan Rows": 7635, "Plan Width": 42, "Actual Min Startup Time": 320.888, "Actual Max Startup Time": 320.888, "Actual Min Total Time": 11631.181, "Actual Max Total Time": 11631.181, "Actual Total Rows": 135110, "Inner Unique": false, "Plans": [{"Node Type": "Streaming(type: LOCAL GATHER dop: 1/64)", "Parent Relationship": "Outer", "Startup Cost": 70864.6, "Total Cost": 172039.83, "Plan Rows": 152707, "Plan Width": 42, "Actual Min Startup Time": 320.789, "Actual Max Startup Time": 320.789, "Actual Min Total Time": 1148.491, "Actual Max Total Time": 1148.491, "Actual Total Rows": 1511024, "Plans": [{"Node Type": "Hash Join", "Parent Relationship": "Outer", "Join Type": "Inner", "Startup Cost": 70864.6, "Total Cost": 168889.5, "Plan Rows": 152707, "Plan Width": 42, "Actual Min Startup Time": 121.617, "Actual Max Startup Time": 246.073, "Actual Min Total Time": 668.067, "Actual Max Total Time": 800.781, "Actual Total Rows": 1511024, "Inner Unique": false, "Hash Cond": "(l1.l_suppkey = supplier.s_suppkey), (LLVM Optimized, Jit Execute)", "Plans": [{"Node Type": "Seq Scan", "Parent Relationship": "Outer", "Relation Name": "lineitem", "Alias": "l1", "Startup Cost": 0.0, "Total Cost": 96829.42, "Plan Rows": 19995678, "Plan Width": 16, "Actual Min Startup Time": 0.021, "Actual Max Startup Time": 0.048, "Actual Min Total Time": 402.886, "Actual Max Total Time": 424.103, "Actual Total Rows": 37929348, "Filter": "(l_receiptdate > l_commitdate), (LLVM Optimized, Jit Execute)", "Rows Removed by Filter": 22056704}, {"Node Type": "Hash", "Parent Relationship": "Inner", "Startup Cost": 70814.6, "Total Cost": 70814.6, "Plan Rows": 256000, "Plan Width": 34, "Actual Min Startup Time": 121.517, "Actual Max Startup Time": 245.924, "Actual Min Total Time": 121.517, "Actual Max Total Time": 245.924, "Actual Total Rows": 254784, "Max Hash Buckets": 32768, "Min Hash Buckets": 32768, "Max Hash Batches": 1, "Min Hash Batches": 1, "Max Original Hash Batches": 1, "Min Original Hash Batches": 1, "Max Peak Memory Usage": 280, "min Peak Memory Usage": 280, "Plans": [{"Node Type": "Streaming(type: BROADCAST dop: 64/1)", "Parent Relationship": "Outer", "Startup Cost": 95.25, "Total Cost": 70814.6, "Plan Rows": 256000, "Plan Width": 34, "Actual Min Startup Time": 0.028, "Actual Max Startup Time": 5.142, "Actual Min Total Time": 120.402, "Actual Max Total Time": 244.779, "Actual Total Rows": 254784, "Plans": [{"Node Type": "Nested Loop", "Parent Relationship": "Outer", "Join Type": "Inner", "Startup Cost": 95.25, "Total Cost": 2533.35, "Plan Rows": 4000, "Plan Width": 34, "Actual Min Startup Time": 1.073, "Actual Max Startup Time": 1.073, "Actual Min Total Time": 7.094, "Actual Max Total Time": 7.094, "Actual Total Rows": 3981, "Inner Unique": false, "Plans": [{"Node Type": "Seq Scan", "Parent Relationship": "Outer", "Relation Name": "nation", "Alias": "nation", "Startup Cost": 0.0, "Total Cost": 1.31, "Plan Rows": 1, "Plan Width": 4, "Actual Min Startup Time": 0.039, "Actual Max Startup Time": 0.039, "Actual Min Total Time": 0.062, "Actual Max Total Time": 0.062, "Actual Total Rows": 1, "Filter": "(n_name = 'EGYPT'::bpchar)", "Rows Removed by Filter": 24}, {"Node Type": "Bitmap Heap Scan", "Parent Relationship": "Inner", "Relation Name": "supplier", "Alias": "supplier", "Startup Cost": 95.25, "Total Cost": 2492.04, "Plan Rows": 4000, "Plan Width": 38, "Actual Min Startup Time": 1.024, "Actual Max Startup Time": 1.024, "Actual Min Total Time": 6.258, "Actual Max Total Time": 6.258, "Actual Total Rows": 3981, "Recheck Cond": "(s_nationkey = nation.n_nationkey)", "Rows Removed by Index Recheck": 0, "Exact Heap Blocks": 0, "Lossy Heap Blocks": 0, "Plans": [{"Node Type": "Bitmap Index Scan", "Parent Relationship": "Outer", "Index Name": "idx_supplier_nation_key", "Startup Cost": 0.0, "Total Cost": 94.25, "Plan Rows": 4000, "Plan Width": 0, "Actual Min Startup Time": 0.694, "Actual Max Startup Time": 0.694, "Actual Min Total Time": 0.694, "Actual Max Total Time": 0.694, "Actual Total Rows": 3981, "Index Cond": "(s_nationkey = nation.n_nationkey)"}]}]}]}]}]}]}, {"Node Type": "Index Scan", "Parent Relationship": "Inner", "Scan Direction": "Forward", "Index Name": "idx_lineitem_orderkey", "Relation Name": "lineitem", "Alias": "l3", "Startup Cost": 0.0, "Total Cost": 1.63, "Plan Rows": 3, "Plan Width": 16, "Actual Min Startup Time": 9467.156, "Actual Max Startup Time": 9467.156, "Actual Min Total Time": 9467.156, "Actual Max Total Time": 9467.156, "Actual Total Rows": 1375914, "Index Cond": "(l_orderkey = l1.l_orderkey)", "Rows Removed by Index Recheck": 0, "Filter": "((l_receiptdate > l_commitdate) AND (l_suppkey <> l1.l_suppkey))", "Rows Removed by Filter": 1348115}]}, {"Node Type": "Index Scan", "Parent Relationship": "Inner", "Scan Direction": "Forward", "Index Name": "idx_lineitem_orderkey", "Relation Name": "lineitem", "Alias": "l2", "Startup Cost": 0.0, "Total Cost": 1.63, "Plan Rows": 9, "Plan Width": 16, "Actual Min Startup Time": 498.704, "Actual Max Startup Time": 498.704, "Actual Min Total Time": 498.704, "Actual Max Total Time": 498.704, "Actual Total Rows": 80537, "Index Cond": "(l_orderkey = l1.l_orderkey)", "Rows Removed by Index Recheck": 0, "Filter": "(l_suppkey <> l1.l_suppkey)", "Rows Removed by Filter": 85912}]}, {"Node Type": "Index Scan", "Parent Relationship": "Inner", "Scan Direction": "Forward", "Index Name": "orders_pkey", "Relation Name": "orders", "Alias": "orders", "Startup Cost": 0.0, "Total Cost": 0.97, "Plan Rows": 1, "Plan Width": 8, "Actual Min Startup Time": 517.398, "Actual Max Startup Time": 517.398, "Actual Min Total Time": 517.398, "Actual Max Total Time": 517.398, "Actual Total Rows": 39445, "Index Cond": "(o_orderkey = l2.l_orderkey)", "Rows Removed by Index Recheck": 0, "Filter": "(o_orderstatus = 'F'::bpchar)", "Rows Removed by Filter": 41092}]}]}]}]}, "Triggers": [], "Planner Runtime": 15.081, "Total Runtime": 12890.496, "Unique SQL Id": 3870093320}}, "(64, 37)": {"explain_plan": {"Plan": {"Node Type": "Limit", "Startup Cost": 2846852.7, "Total Cost": 2846852.95, "Plan Rows": 100, "Plan Width": 34, "Plans": [{"Node Type": "Sort", "Parent Relationship": "Outer", "Startup Cost": 2846852.7, "Total Cost": 2846875.63, "Plan Rows": 100, "Plan Width": 34, "Sort Key": ["(count(*)) DESC", "supplier.s_name"], "Plans": [{"Node Type": "Aggregate", "Strategy": "Hashed", "Parent Relationship": "Outer", "Startup Cost": 2846410.43, "Total Cost": 2846502.15, "Plan Rows": 9172, "Plan Width": 34, "Group By Key": ["supplier.s_name"], "Plans": [{"Node Type": "Nested Loop", "Parent Relationship": "Outer", "Join Type": "Inner", "Startup Cost": 70875.98, "Total Cost": 2846364.57, "Plan Rows": 9172, "Plan Width": 26, "Inner Unique": true, "Join Filter": "(l1.l_orderkey = orders.o_orderkey)", "Plans": [{"Node Type": "Nested Loop", "Parent Relationship": "Outer", "Join Type": "Semi", "Startup Cost": 70875.98, "Total Cost": 2839264.2, "Plan Rows": 7254, "Plan Width": 42, "Inner Unique": false, "Plans": [{"Node Type": "Nested Loop", "Parent Relationship": "Outer", "Join Type": "Anti", "Startup Cost": 70875.98, "Total Cost": 2837408.63, "Plan Rows": 7635, "Plan Width": 42, "Inner Unique": false, "Plans": [{"Node Type": "Streaming(type: LOCAL GATHER dop: 1/64)", "Parent Relationship": "Outer", "Startup Cost": 70875.98, "Total Cost": 2790221.42, "Plan Rows": 152707, "Plan Width": 42, "Plans": [{"Node Type": "Hash Join", "Parent Relationship": "Outer", "Join Type": "Inner", "Startup Cost": 70875.98, "Total Cost": 2787071.09, "Plan Rows": 152707, "Plan Width": 42, "Inner Unique": false, "Hash Cond": "(l1.l_suppkey = supplier.s_suppkey), (LLVM Optimized)", "Plans": [{"Node Type": "Index Scan", "Parent Relationship": "Outer", "Scan Direction": "Forward", "Index Name": "idx_lineitem_orderkey", "Relation Name": "lineitem", "Alias": "l1", "Startup Cost": 0.0, "Total Cost": 2714999.63, "Plan Rows": 19995678, "Plan Width": 16, "Filter": "(l_receiptdate > l_commitdate), (LLVM Optimized)"}, {"Node Type": "Hash", "Parent Relationship": "Inner", "Startup Cost": 70825.98, "Total Cost": 70825.98, "Plan Rows": 256000, "Plan Width": 34, "Plans": [{"Node Type": "Streaming(type: BROADCAST dop: 64/1)", "Parent Relationship": "Outer", "Startup Cost": 95.25, "Total Cost": 70825.98, "Plan Rows": 256000, "Plan Width": 34, "Plans": [{"Node Type": "Nested Loop", "Parent Relationship": "Outer", "Join Type": "Inner", "Startup Cost": 95.25, "Total Cost": 2544.73, "Plan Rows": 4000, "Plan Width": 34, "Inner Unique": false, "Plans": [{"Node Type": "Index Scan", "Parent Relationship": "Outer", "Scan Direction": "Forward", "Index Name": "nation_pkey", "Relation Name": "nation", "Alias": "nation", "Startup Cost": 0.0, "Total Cost": 12.69, "Plan Rows": 1, "Plan Width": 4, "Filter": "(n_name = 'EGYPT'::bpchar)"}, {"Node Type": "Bitmap Heap Scan", "Parent Relationship": "Inner", "Relation Name": "supplier", "Alias": "supplier", "Startup Cost": 95.25, "Total Cost": 2492.04, "Plan Rows": 4000, "Plan Width": 38, "Recheck Cond": "(s_nationkey = nation.n_nationkey)", "Plans": [{"Node Type": "Bitmap Index Scan", "Parent Relationship": "Outer", "Index Name": "idx_supplier_nation_key", "Startup Cost": 0.0, "Total Cost": 94.25, "Plan Rows": 4000, "Plan Width": 0, "Index Cond": "(s_nationkey = nation.n_nationkey)"}]}]}]}]}]}]}, {"Node Type": "Index Scan", "Parent Relationship": "Inner", "Scan Direction": "Forward", "Index Name": "idx_lineitem_orderkey", "Relation Name": "lineitem", "Alias": "l3", "Startup Cost": 0.0, "Total Cost": 1.63, "Plan Rows": 3, "Plan Width": 16, "Index Cond": "(l_orderkey = l1.l_orderkey)", "Filter": "((l_receiptdate > l_commitdate) AND (l_suppkey <> l1.l_suppkey))"}]}, {"Node Type": "Index Scan", "Parent Relationship": "Inner", "Scan Direction": "Forward", "Index Name": "idx_lineitem_orderkey", "Relation Name": "lineitem", "Alias": "l2", "Startup Cost": 0.0, "Total Cost": 1.63, "Plan Rows": 9, "Plan Width": 16, "Index Cond": "(l_orderkey = l1.l_orderkey)", "Filter": "(l_suppkey <> l1.l_suppkey)"}]}, {"Node Type": "Index Scan", "Parent Relationship": "Inner", "Scan Direction": "Forward", "Index Name": "orders_pkey", "Relation Name": "orders", "Alias": "orders", "Startup Cost": 0.0, "Total Cost": 0.97, "Plan Rows": 1, "Plan Width": 8, "Index Cond": "(o_orderkey = l2.l_orderkey)", "Filter": "(o_orderstatus = 'F'::bpchar)"}]}]}]}]}, "Unique SQL Id": 3870093320}, "explain_analyze_plan": {"Plan": {"Node Type": "Limit", "Startup Cost": 2846852.7, "Total Cost": 2846852.95, "Plan Rows": 100, "Plan Width": 34, "Actual Min Startup Time": 14119.717, "Actual Max Startup Time": 14119.717, "Actual Min Total Time": 14119.737, "Actual Max Total Time": 14119.737, "Actual Total Rows": 100, "Plans": [{"Node Type": "Sort", "Parent Relationship": "Outer", "Startup Cost": 2846852.7, "Total Cost": 2846875.63, "Plan Rows": 100, "Plan Width": 34, "Actual Min Startup Time": 14119.713, "Actual Max Startup Time": 14119.713, "Actual Min Total Time": 14119.719, "Actual Max Total Time": 14119.719, "Actual Total Rows": 100, "Sort Key": ["(count(*)) DESC", "supplier.s_name"], "Sort Method": "top-N heapsort", "Sort Space Min Used": 41, "Sort Space Max Used": 41, "Sort Space Type": "Memory", "Plans": [{"Node Type": "Aggregate", "Strategy": "Hashed", "Parent Relationship": "Outer", "Startup Cost": 2846410.43, "Total Cost": 2846502.15, "Plan Rows": 9172, "Plan Width": 34, "Actual Min Startup Time": 14116.34, "Actual Max Startup Time": 14116.34, "Actual Min Total Time": 14117.647, "Actual Max Total Time": 14117.647, "Actual Total Rows": 3981, "Group By Key": ["supplier.s_name"], "Plans": [{"Node Type": "Nested Loop", "Parent Relationship": "Outer", "Join Type": "Inner", "Startup Cost": 70875.98, "Total Cost": 2846364.57, "Plan Rows": 9172, "Plan Width": 26, "Actual Min Startup Time": 815.129, "Actual Max Startup Time": 815.129, "Actual Min Total Time": 14059.159, "Actual Max Total Time": 14059.159, "Actual Total Rows": 39445, "Inner Unique": true, "Join Filter": "(l1.l_orderkey = orders.o_orderkey)", "Rows Removed by Join Filter": 0, "Plans": [{"Node Type": "Nested Loop", "Parent Relationship": "Outer", "Join Type": "Semi", "Startup Cost": 70875.98, "Total Cost": 2839264.2, "Plan Rows": 7254, "Plan Width": 42, "Actual Min Startup Time": 815.101, "Actual Max Startup Time": 815.101, "Actual Min Total Time": 13358.527, "Actual Max Total Time": 13358.527, "Actual Total Rows": 80537, "Inner Unique": false, "Plans": [{"Node Type": "Nested Loop", "Parent Relationship": "Outer", "Join Type": "Anti", "Startup Cost": 70875.98, "Total Cost": 2837408.63, "Plan Rows": 7635, "Plan Width": 42, "Actual Min Startup Time": 815.089, "Actual Max Startup Time": 815.089, "Actual Min Total Time": 12762.463, "Actual Max Total Time": 12762.463, "Actual Total Rows": 135110, "Inner Unique": false, "Plans": [{"Node Type": "Streaming(type: LOCAL GATHER dop: 1/64)", "Parent Relationship": "Outer", "Startup Cost": 70875.98, "Total Cost": 2790221.42, "Plan Rows": 152707, "Plan Width": 42, "Actual Min Startup Time": 814.659, "Actual Max Startup Time": 814.659, "Actual Min Total Time": 1782.848, "Actual Max Total Time": 1782.848, "Actual Total Rows": 1511024, "Plans": [{"Node Type": "Hash Join", "Parent Relationship": "Outer", "Join Type": "Inner", "Startup Cost": 70875.98, "Total Cost": 2787071.09, "Plan Rows": 152707, "Plan Width": 42, "Actual Min Startup Time": 598.254, "Actual Max Startup Time": 727.718, "Actual Min Total Time": 1399.128, "Actual Max Total Time": 1628.166, "Actual Total Rows": 1511024, "Inner Unique": false, "Hash Cond": "(l1.l_suppkey = supplier.s_suppkey), (LLVM Optimized, Jit Execute)", "Plans": [{"Node Type": "Index Scan", "Parent Relationship": "Outer", "Scan Direction": "Forward", "Index Name": "idx_lineitem_orderkey", "Relation Name": "lineitem", "Alias": "l1", "Startup Cost": 0.0, "Total Cost": 2714999.63, "Plan Rows": 19995678, "Plan Width": 16, "Actual Min Startup Time": 471.178, "Actual Max Startup Time": 471.721, "Actual Min Total Time": 1129.758, "Actual Max Total Time": 1291.227, "Actual Total Rows": 37929348, "Filter": "(l_receiptdate > l_commitdate), (LLVM Optimized, Jit Execute)", "Rows Removed by Filter": 22056704}, {"Node Type": "Hash", "Parent Relationship": "Inner", "Startup Cost": 70825.98, "Total Cost": 70825.98, "Plan Rows": 256000, "Plan Width": 34, "Actual Min Startup Time": 126.512, "Actual Max Startup Time": 256.207, "Actual Min Total Time": 126.512, "Actual Max Total Time": 256.207, "Actual Total Rows": 254784, "Max Hash Buckets": 32768, "Min Hash Buckets": 32768, "Max Hash Batches": 1, "Min Hash Batches": 1, "Max Original Hash Batches": 1, "Min Original Hash Batches": 1, "Max Peak Memory Usage": 280, "min Peak Memory Usage": 280, "Plans": [{"Node Type": "Streaming(type: BROADCAST dop: 64/1)", "Parent Relationship": "Outer", "Startup Cost": 95.25, "Total Cost": 70825.98, "Plan Rows": 256000, "Plan Width": 34, "Actual Min Startup Time": 0.026, "Actual Max Startup Time": 3.984, "Actual Min Total Time": 125.506, "Actual Max Total Time": 255.076, "Actual Total Rows": 254784, "Plans": [{"Node Type": "Nested Loop", "Parent Relationship": "Outer", "Join Type": "Inner", "Startup Cost": 95.25, "Total Cost": 2544.73, "Plan Rows": 4000, "Plan Width": 34, "Actual Min Startup Time": 1.031, "Actual Max Startup Time": 1.031, "Actual Min Total Time": 7.098, "Actual Max Total Time": 7.098, "Actual Total Rows": 3981, "Inner Unique": false, "Plans": [{"Node Type": "Index Scan", "Parent Relationship": "Outer", "Scan Direction": "Forward", "Index Name": "nation_pkey", "Relation Name": "nation", "Alias": "nation", "Startup Cost": 0.0, "Total Cost": 12.69, "Plan Rows": 1, "Plan Width": 4, "Actual Min Startup Time": 0.048, "Actual Max Startup Time": 0.048, "Actual Min Total Time": 0.079, "Actual Max Total Time": 0.079, "Actual Total Rows": 1, "Filter": "(n_name = 'EGYPT'::bpchar)", "Rows Removed by Filter": 24}, {"Node Type": "Bitmap Heap Scan", "Parent Relationship": "Inner", "Relation Name": "supplier", "Alias": "supplier", "Startup Cost": 95.25, "Total Cost": 2492.04, "Plan Rows": 4000, "Plan Width": 38, "Actual Min Startup Time": 0.971, "Actual Max Startup Time": 0.971, "Actual Min Total Time": 6.221, "Actual Max Total Time": 6.221, "Actual Total Rows": 3981, "Recheck Cond": "(s_nationkey = nation.n_nationkey)", "Rows Removed by Index Recheck": 0, "Exact Heap Blocks": 0, "Lossy Heap Blocks": 0, "Plans": [{"Node Type": "Bitmap Index Scan", "Parent Relationship": "Outer", "Index Name": "idx_supplier_nation_key", "Startup Cost": 0.0, "Total Cost": 94.25, "Plan Rows": 4000, "Plan Width": 0, "Actual Min Startup Time": 0.671, "Actual Max Startup Time": 0.671, "Actual Min Total Time": 0.671, "Actual Max Total Time": 0.671, "Actual Total Rows": 3981, "Index Cond": "(s_nationkey = nation.n_nationkey)"}]}]}]}]}]}]}, {"Node Type": "Index Scan", "Parent Relationship": "Inner", "Scan Direction": "Forward", "Index Name": "idx_lineitem_orderkey", "Relation Name": "lineitem", "Alias": "l3", "Startup Cost": 0.0, "Total Cost": 1.63, "Plan Rows": 3, "Plan Width": 16, "Actual Min Startup Time": 9956.083, "Actual Max Startup Time": 9956.083, "Actual Min Total Time": 9956.083, "Actual Max Total Time": 9956.083, "Actual Total Rows": 1375914, "Index Cond": "(l_orderkey = l1.l_orderkey)", "Rows Removed by Index Recheck": 0, "Filter": "((l_receiptdate > l_commitdate) AND (l_suppkey <> l1.l_suppkey))", "Rows Removed by Filter": 1348115}]}, {"Node Type": "Index Scan", "Parent Relationship": "Inner", "Scan Direction": "Forward", "Index Name": "idx_lineitem_orderkey", "Relation Name": "lineitem", "Alias": "l2", "Startup Cost": 0.0, "Total Cost": 1.63, "Plan Rows": 9, "Plan Width": 16, "Actual Min Startup Time": 497.47, "Actual Max Startup Time": 497.47, "Actual Min Total Time": 497.47, "Actual Max Total Time": 497.47, "Actual Total Rows": 80537, "Index Cond": "(l_orderkey = l1.l_orderkey)", "Rows Removed by Index Recheck": 0, "Filter": "(l_suppkey <> l1.l_suppkey)", "Rows Removed by Filter": 85912}]}, {"Node Type": "Index Scan", "Parent Relationship": "Inner", "Scan Direction": "Forward", "Index Name": "orders_pkey", "Relation Name": "orders", "Alias": "orders", "Startup Cost": 0.0, "Total Cost": 0.97, "Plan Rows": 1, "Plan Width": 8, "Actual Min Startup Time": 630.576, "Actual Max Startup Time": 630.576, "Actual Min Total Time": 630.576, "Actual Max Total Time": 630.576, "Actual Total Rows": 39445, "Index Cond": "(o_orderkey = l2.l_orderkey)", "Rows Removed by Index Recheck": 0, "Filter": "(o_orderstatus = 'F'::bpchar)", "Rows Removed by Filter": 41092}]}]}]}]}, "Triggers": [], "Planner Runtime": 13.163, "Total Runtime": 14143.047, "Unique SQL Id": 3870093320}}, "(64, 38)": {"explain_plan": {"Plan": {"Node Type": "Limit", "Startup Cost": 439387.85, "Total Cost": 439388.1, "Plan Rows": 100, "Plan Width": 34, "Plans": [{"Node Type": "Sort", "Parent Relationship": "Outer", "Startup Cost": 439387.85, "Total Cost": 439410.78, "Plan Rows": 100, "Plan Width": 34, "Sort Key": ["(count(*)) DESC", "supplier.s_name"], "Plans": [{"Node Type": "Aggregate", "Strategy": "Hashed", "Parent Relationship": "Outer", "Startup Cost": 438945.58, "Total Cost": 439037.3, "Plan Rows": 9172, "Plan Width": 34, "Group By Key": ["supplier.s_name"], "Plans": [{"Node Type": "Nested Loop", "Parent Relationship": "Outer", "Join Type": "Inner", "Startup Cost": 183360.81, "Total Cost": 438899.72, "Plan Rows": 9172, "Plan Width": 26, "Inner Unique": true, "Join Filter": "(l1.l_orderkey = orders.o_orderkey)", "Plans": [{"Node Type": "Nested Loop", "Parent Relationship": "Outer", "Join Type": "Semi", "Startup Cost": 183360.21, "Total Cost": 405338.96, "Plan Rows": 7254, "Plan Width": 42, "Inner Unique": false, "Plans": [{"Node Type": "Hash Join", "Parent Relationship": "Outer", "Join Type": "Inner", "Startup Cost": 183359.38, "Total Cost": 390160.41, "Plan Rows": 7635, "Plan Width": 42, "Inner Unique": false, "Hash Cond": "(l1.l_suppkey = supplier.s_suppkey)", "Plans": [{"Node Type": "Streaming(type: LOCAL GATHER dop: 1/64)", "Parent Relationship": "Outer", "Startup Cost": 182676.04, "Total Cost": 385647.51, "Plan Rows": 999784, "Plan Width": 16, "Plans": [{"Node Type": "Hash Join", "Parent Relationship": "Outer", "Join Type": "Anti", "Startup Cost": 182676.04, "Total Cost": 365022.08, "Plan Rows": 999784, "Plan Width": 16, "Inner Unique": false, "Hash Cond": "(l1.l_orderkey = l3.l_orderkey), (LLVM Optimized)", "Join Filter": "(l3.l_suppkey <> l1.l_suppkey), (LLVM Optimized)", "Plans": [{"Node Type": "Streaming(type: LOCAL REDISTRIBUTE dop: 64/64)", "Parent Relationship": "Outer", "Startup Cost": 0.0, "Total Cost": 178770.64, "Plan Rows": 19995678, "Plan Width": 16, "Plans": [{"Node Type": "Seq Scan", "Parent Relationship": "Outer", "Relation Name": "lineitem", "Alias": "l1", "Startup Cost": 0.0, "Total Cost": 96829.42, "Plan Rows": 19995678, "Plan Width": 16, "Filter": "(l_receiptdate > l_commitdate), (LLVM Optimized)"}]}, {"Node Type": "Hash", "Parent Relationship": "Inner", "Startup Cost": 178770.64, "Total Cost": 178770.64, "Plan Rows": 19995678, "Plan Width": 16, "Plans": [{"Node Type": "Streaming(type: LOCAL REDISTRIBUTE dop: 64/64)", "Parent Relationship": "Outer", "Startup Cost": 0.0, "Total Cost": 178770.64, "Plan Rows": 19995678, "Plan Width": 16, "Plans": [{"Node Type": "Seq Scan", "Parent Relationship": "Outer", "Relation Name": "lineitem", "Alias": "l3", "Startup Cost": 0.0, "Total Cost": 96829.42, "Plan Rows": 19995678, "Plan Width": 16, "Filter": "(l_receiptdate > l_commitdate), (LLVM Optimized)"}]}]}]}]}, {"Node Type": "Hash", "Parent Relationship": "Inner", "Startup Cost": 2533.35, "Total Cost": 2533.35, "Plan Rows": 4000, "Plan Width": 34, "Plans": [{"Node Type": "Nested Loop", "Parent Relationship": "Outer", "Join Type": "Inner", "Startup Cost": 95.25, "Total Cost": 2533.35, "Plan Rows": 4000, "Plan Width": 34, "Inner Unique": false, "Plans": [{"Node Type": "Seq Scan", "Parent Relationship": "Outer", "Relation Name": "nation", "Alias": "nation", "Startup Cost": 0.0, "Total Cost": 1.31, "Plan Rows": 1, "Plan Width": 4, "Filter": "(n_name = 'EGYPT'::bpchar)"}, {"Node Type": "Bitmap Heap Scan", "Parent Relationship": "Inner", "Relation Name": "supplier", "Alias": "supplier", "Startup Cost": 95.25, "Total Cost": 2492.04, "Plan Rows": 4000, "Plan Width": 38, "Recheck Cond": "(s_nationkey = nation.n_nationkey)", "Plans": [{"Node Type": "Bitmap Index Scan", "Parent Relationship": "Outer", "Index Name": "idx_supplier_nation_key", "Startup Cost": 0.0, "Total Cost": 94.25, "Plan Rows": 4000, "Plan Width": 0, "Index Cond": "(s_nationkey = nation.n_nationkey)"}]}]}]}]}, {"Node Type": "Bitmap Heap Scan", "Parent Relationship": "Inner", "Relation Name": "lineitem", "Alias": "l2", "Startup Cost": 0.82, "Total Cost": 8.95, "Plan Rows": 9, "Plan Width": 16, "Recheck Cond": "(l_orderkey = l1.l_orderkey)", "Filter": "(l_suppkey <> l1.l_suppkey)", "Plans": [{"Node Type": "Bitmap Index Scan", "Parent Relationship": "Outer", "Index Name": "idx_lineitem_orderkey", "Startup Cost": 0.0, "Total Cost": 0.82, "Plan Rows": 9, "Plan Width": 0, "Index Cond": "(l_orderkey = l1.l_orderkey)"}]}]}, {"Node Type": "Bitmap Heap Scan", "Parent Relationship": "Inner", "Relation Name": "orders", "Alias": "orders", "Startup Cost": 0.6, "Total Cost": 4.61, "Plan Rows": 1, "Plan Width": 8, "Recheck Cond": "(o_orderkey = l2.l_orderkey)", "Filter": "(o_orderstatus = 'F'::bpchar)", "Plans": [{"Node Type": "Bitmap Index Scan", "Parent Relationship": "Outer", "Index Name": "orders_pkey", "Startup Cost": 0.0, "Total Cost": 0.6, "Plan Rows": 1, "Plan Width": 0, "Index Cond": "(o_orderkey = l2.l_orderkey)"}]}]}]}]}]}, "Unique SQL Id": 3870093320}, "explain_analyze_plan": {"Plan": {"Node Type": "Limit", "Startup Cost": 439387.85, "Total Cost": 439388.1, "Plan Rows": 100, "Plan Width": 34, "Actual Min Startup Time": 6805.192, "Actual Max Startup Time": 6805.192, "Actual Min Total Time": 6805.211, "Actual Max Total Time": 6805.211, "Actual Total Rows": 100, "Plans": [{"Node Type": "Sort", "Parent Relationship": "Outer", "Startup Cost": 439387.85, "Total Cost": 439410.78, "Plan Rows": 100, "Plan Width": 34, "Actual Min Startup Time": 6805.189, "Actual Max Startup Time": 6805.189, "Actual Min Total Time": 6805.197, "Actual Max Total Time": 6805.197, "Actual Total Rows": 100, "Sort Key": ["(count(*)) DESC", "supplier.s_name"], "Sort Method": "top-N heapsort", "Sort Space Min Used": 41, "Sort Space Max Used": 41, "Sort Space Type": "Memory", "Plans": [{"Node Type": "Aggregate", "Strategy": "Hashed", "Parent Relationship": "Outer", "Startup Cost": 438945.58, "Total Cost": 439037.3, "Plan Rows": 9172, "Plan Width": 34, "Actual Min Startup Time": 6801.849, "Actual Max Startup Time": 6801.849, "Actual Min Total Time": 6803.071, "Actual Max Total Time": 6803.071, "Actual Total Rows": 3981, "Group By Key": ["supplier.s_name"], "Plans": [{"Node Type": "Nested Loop", "Parent Relationship": "Outer", "Join Type": "Inner", "Startup Cost": 183360.81, "Total Cost": 438899.72, "Plan Rows": 9172, "Plan Width": 26, "Actual Min Startup Time": 2335.66, "Actual Max Startup Time": 2335.66, "Actual Min Total Time": 6750.185, "Actual Max Total Time": 6750.185, "Actual Total Rows": 39445, "Inner Unique": true, "Join Filter": "(l1.l_orderkey = orders.o_orderkey)", "Rows Removed by Join Filter": 0, "Plans": [{"Node Type": "Nested Loop", "Parent Relationship": "Outer", "Join Type": "Semi", "Startup Cost": 183360.21, "Total Cost": 405338.96, "Plan Rows": 7254, "Plan Width": 42, "Actual Min Startup Time": 2335.626, "Actual Max Startup Time": 2335.626, "Actual Min Total Time": 5990.539, "Actual Max Total Time": 5990.539, "Actual Total Rows": 80537, "Inner Unique": false, "Plans": [{"Node Type": "Hash Join", "Parent Relationship": "Outer", "Join Type": "Inner", "Startup Cost": 183359.38, "Total Cost": 390160.41, "Plan Rows": 7635, "Plan Width": 42, "Actual Min Startup Time": 2335.536, "Actual Max Startup Time": 2335.536, "Actual Min Total Time": 4375.103, "Actual Max Total Time": 4375.103, "Actual Total Rows": 135110, "Inner Unique": false, "Hash Cond": "(l1.l_suppkey = supplier.s_suppkey)", "Plans": [{"Node Type": "Streaming(type: LOCAL GATHER dop: 1/64)", "Parent Relationship": "Outer", "Startup Cost": 182676.04, "Total Cost": 385647.51, "Plan Rows": 999784, "Plan Width": 16, "Actual Min Startup Time": 2327.148, "Actual Max Startup Time": 2327.148, "Actual Min Total Time": 3628.242, "Actual Max Total Time": 3628.242, "Actual Total Rows": 3372284, "Plans": [{"Node Type": "Hash Join", "Parent Relationship": "Outer", "Join Type": "Anti", "Startup Cost": 182676.04, "Total Cost": 365022.08, "Plan Rows": 999784, "Plan Width": 16, "Actual Min Startup Time": 1871.399, "Actual Max Startup Time": 2172.815, "Actual Min Total Time": 4997.074, "Actual Max Total Time": 5364.352, "Actual Total Rows": 3372284, "Inner Unique": false, "Hash Cond": "(l1.l_orderkey = l3.l_orderkey), (LLVM Optimized, Jit Execute)", "Join Filter": "(l3.l_suppkey <> l1.l_suppkey), (LLVM Optimized, Jit Execute)", "Rows Removed by Join Filter": 13753927, "Plans": [{"Node Type": "Streaming(type: LOCAL REDISTRIBUTE dop: 64/64)", "Parent Relationship": "Outer", "Startup Cost": 0.0, "Total Cost": 178770.64, "Plan Rows": 19995678, "Plan Width": 16, "Actual Min Startup Time": 0.187, "Actual Max Startup Time": 2.117, "Actual Min Total Time": 2743.561, "Actual Max Total Time": 3006.219, "Actual Total Rows": 37929348, "Plans": [{"Node Type": "Seq Scan", "Parent Relationship": "Outer", "Relation Name": "lineitem", "Alias": "l1", "Startup Cost": 0.0, "Total Cost": 96829.42, "Plan Rows": 19995678, "Plan Width": 16, "Actual Min Startup Time": 0.022, "Actual Max Startup Time": 0.06, "Actual Min Total Time": 431.074, "Actual Max Total Time": 522.621, "Actual Total Rows": 37929348, "Filter": "(l_receiptdate > l_commitdate), (LLVM Optimized, Jit Execute)", "Rows Removed by Filter": 22056704}]}, {"Node Type": "Hash", "Parent Relationship": "Inner", "Startup Cost": 178770.64, "Total Cost": 178770.64, "Plan Rows": 19995678, "Plan Width": 16, "Actual Min Startup Time": 1870.6, "Actual Max Startup Time": 2170.353, "Actual Min Total Time": 1870.6, "Actual Max Total Time": 2170.353, "Actual Total Rows": 37929348, "Max Hash Buckets": 524288, "Min Hash Buckets": 524288, "Max Hash Batches": 1, "Min Hash Batches": 1, "Max Original Hash Batches": 1, "Min Original Hash Batches": 1, "Max Peak Memory Usage": 27746, "min Peak Memory Usage": 27746, "Plans": [{"Node Type": "Streaming(type: LOCAL REDISTRIBUTE dop: 64/64)", "Parent Relationship": "Outer", "Startup Cost": 0.0, "Total Cost": 178770.64, "Plan Rows": 19995678, "Plan Width": 16, "Actual Min Startup Time": 0.107, "Actual Max Startup Time": 283.799, "Actual Min Total Time": 1596.76, "Actual Max Total Time": 1956.811, "Actual Total Rows": 37929348, "Plans": [{"Node Type": "Seq Scan", "Parent Relationship": "Outer", "Relation Name": "lineitem", "Alias": "l3", "Startup Cost": 0.0, "Total Cost": 96829.42, "Plan Rows": 19995678, "Plan Width": 16, "Actual Min Startup Time": 0.022, "Actual Max Startup Time": 0.05, "Actual Min Total Time": 453.051, "Actual Max Total Time": 583.951, "Actual Total Rows": 37929348, "Filter": "(l_receiptdate > l_commitdate), (LLVM Optimized, Jit Execute)", "Rows Removed by Filter": 22056704}]}]}]}]}, {"Node Type": "Hash", "Parent Relationship": "Inner", "Startup Cost": 2533.35, "Total Cost": 2533.35, "Plan Rows": 4000, "Plan Width": 34, "Actual Min Startup Time": 8.315, "Actual Max Startup Time": 8.315, "Actual Min Total Time": 8.315, "Actual Max Total Time": 8.315, "Actual Total Rows": 3981, "Max Hash Buckets": 32768, "Min Hash Buckets": 32768, "Max Hash Batches": 1, "Min Hash Batches": 1, "Max Original Hash Batches": 1, "Min Original Hash Batches": 1, "Max Peak Memory Usage": 280, "min Peak Memory Usage": 280, "Plans": [{"Node Type": "Nested Loop", "Parent Relationship": "Outer", "Join Type": "Inner", "Startup Cost": 95.25, "Total Cost": 2533.35, "Plan Rows": 4000, "Plan Width": 34, "Actual Min Startup Time": 1.141, "Actual Max Startup Time": 1.141, "Actual Min Total Time": 6.835, "Actual Max Total Time": 6.835, "Actual Total Rows": 3981, "Inner Unique": false, "Plans": [{"Node Type": "Seq Scan", "Parent Relationship": "Outer", "Relation Name": "nation", "Alias": "nation", "Startup Cost": 0.0, "Total Cost": 1.31, "Plan Rows": 1, "Plan Width": 4, "Actual Min Startup Time": 0.057, "Actual Max Startup Time": 0.057, "Actual Min Total Time": 0.072, "Actual Max Total Time": 0.072, "Actual Total Rows": 1, "Filter": "(n_name = 'EGYPT'::bpchar)", "Rows Removed by Filter": 24}, {"Node Type": "Bitmap Heap Scan", "Parent Relationship": "Inner", "Relation Name": "supplier", "Alias": "supplier", "Startup Cost": 95.25, "Total Cost": 2492.04, "Plan Rows": 4000, "Plan Width": 38, "Actual Min Startup Time": 1.065, "Actual Max Startup Time": 1.065, "Actual Min Total Time": 5.925, "Actual Max Total Time": 5.925, "Actual Total Rows": 3981, "Recheck Cond": "(s_nationkey = nation.n_nationkey)", "Rows Removed by Index Recheck": 0, "Exact Heap Blocks": 1918, "Lossy Heap Blocks": 1918, "Plans": [{"Node Type": "Bitmap Index Scan", "Parent Relationship": "Outer", "Index Name": "idx_supplier_nation_key", "Startup Cost": 0.0, "Total Cost": 94.25, "Plan Rows": 4000, "Plan Width": 0, "Actual Min Startup Time": 0.751, "Actual Max Startup Time": 0.751, "Actual Min Total Time": 0.751, "Actual Max Total Time": 0.751, "Actual Total Rows": 3981, "Index Cond": "(s_nationkey = nation.n_nationkey)"}]}]}]}]}, {"Node Type": "Bitmap Heap Scan", "Parent Relationship": "Inner", "Relation Name": "lineitem", "Alias": "l2", "Startup Cost": 0.82, "Total Cost": 8.95, "Plan Rows": 9, "Plan Width": 16, "Actual Min Startup Time": 1418.438, "Actual Max Startup Time": 1418.438, "Actual Min Total Time": 1418.438, "Actual Max Total Time": 1418.438, "Actual Total Rows": 80537, "Recheck Cond": "(l_orderkey = l1.l_orderkey)", "Rows Removed by Index Recheck": 0, "Filter": "(l_suppkey <> l1.l_suppkey)", "Rows Removed by Filter": 85912, "Exact Heap Blocks": 135868, "Lossy Heap Blocks": 135868, "Plans": [{"Node Type": "Bitmap Index Scan", "Parent Relationship": "Outer", "Index Name": "idx_lineitem_orderkey", "Startup Cost": 0.0, "Total Cost": 0.82, "Plan Rows": 9, "Plan Width": 0, "Actual Min Startup Time": 846.578, "Actual Max Startup Time": 846.578, "Actual Min Total Time": 846.578, "Actual Max Total Time": 846.578, "Actual Total Rows": 287712, "Index Cond": "(l_orderkey = l1.l_orderkey)"}]}]}, {"Node Type": "Bitmap Heap Scan", "Parent Relationship": "Inner", "Relation Name": "orders", "Alias": "orders", "Startup Cost": 0.6, "Total Cost": 4.61, "Plan Rows": 1, "Plan Width": 8, "Actual Min Startup Time": 649.326, "Actual Max Startup Time": 649.326, "Actual Min Total Time": 649.326, "Actual Max Total Time": 649.326, "Actual Total Rows": 39445, "Recheck Cond": "(o_orderkey = l2.l_orderkey)", "Rows Removed by Index Recheck": 0, "Filter": "(o_orderstatus = 'F'::bpchar)", "Rows Removed by Filter": 41092, "Exact Heap Blocks": 80537, "Lossy Heap Blocks": 80537, "Plans": [{"Node Type": "Bitmap Index Scan", "Parent Relationship": "Outer", "Index Name": "orders_pkey", "Startup Cost": 0.0, "Total Cost": 0.6, "Plan Rows": 1, "Plan Width": 0, "Actual Min Startup Time": 405.033, "Actual Max Startup Time": 405.033, "Actual Min Total Time": 405.033, "Actual Max Total Time": 405.033, "Actual Total Rows": 80537, "Index Cond": "(o_orderkey = l2.l_orderkey)"}]}]}]}]}]}, "Triggers": [], "Planner Runtime": 19.277, "Total Runtime": 6865.707, "Unique SQL Id": 3870093320}}, "(64, 39)": {"explain_plan": {"Plan": {"Node Type": "Limit", "Startup Cost": 3882163.35, "Total Cost": 3882163.6, "Plan Rows": 100, "Plan Width": 34, "Plans": [{"Node Type": "Sort", "Parent Relationship": "Outer", "Startup Cost": 3882163.35, "Total Cost": 3882186.28, "Plan Rows": 100, "Plan Width": 34, "Sort Key": ["(count(*)) DESC", "supplier.s_name"], "Plans": [{"Node Type": "Aggregate", "Strategy": "Hashed", "Parent Relationship": "Outer", "Startup Cost": 3881721.08, "Total Cost": 3881812.8, "Plan Rows": 9172, "Plan Width": 34, "Group By Key": ["supplier.s_name"], "Plans": [{"Node Type": "Nested Loop", "Parent Relationship": "Outer", "Join Type": "Inner", "Startup Cost": 1232631.31, "Total Cost": 3881675.22, "Plan Rows": 9172, "Plan Width": 26, "Inner Unique": true, "Join Filter": "(l1.l_orderkey = orders.o_orderkey)", "Plans": [{"Node Type": "Nested Loop", "Parent Relationship": "Outer", "Join Type": "Semi", "Startup Cost": 1232630.71, "Total Cost": 3848114.46, "Plan Rows": 7254, "Plan Width": 42, "Inner Unique": false, "Plans": [{"Node Type": "Nested Loop", "Parent Relationship": "Outer", "Join Type": "Anti", "Startup Cost": 1232629.88, "Total Cost": 3832935.91, "Plan Rows": 7635, "Plan Width": 42, "Inner Unique": false, "Plans": [{"Node Type": "Hash Join", "Parent Relationship": "Outer", "Join Type": "Inner", "Startup Cost": 1232629.06, "Total Cost": 3474222.84, "Plan Rows": 152707, "Plan Width": 42, "Inner Unique": false, "Hash Cond": "(l1.l_suppkey = supplier.s_suppkey), (LLVM Optimized)", "Plans": [{"Node Type": "Bitmap Heap Scan", "Parent Relationship": "Outer", "Relation Name": "lineitem", "Alias": "l1", "Startup Cost": 1230034.33, "Total Cost": 3395117.25, "Plan Rows": 19995678, "Plan Width": 16, "Filter": "(l_receiptdate > l_commitdate), (LLVM Optimized)", "Plans": [{"Node Type": "Bitmap Index Scan", "Parent Relationship": "Outer", "Index Name": "idx_lineitem_orderkey", "Startup Cost": 0.0, "Total Cost": 1225035.42, "Plan Rows": 59987033, "Plan Width": 0}]}, {"Node Type": "Hash", "Parent Relationship": "Inner", "Startup Cost": 2544.73, "Total Cost": 2544.73, "Plan Rows": 4000, "Plan Width": 34, "Plans": [{"Node Type": "Nested Loop", "Parent Relationship": "Outer", "Join Type": "Inner", "Startup Cost": 103.63, "Total Cost": 2544.73, "Plan Rows": 4000, "Plan Width": 34, "Inner Unique": false, "Plans": [{"Node Type": "Bitmap Heap Scan", "Parent Relationship": "Outer", "Relation Name": "nation", "Alias": "nation", "Startup Cost": 8.38, "Total Cost": 12.69, "Plan Rows": 1, "Plan Width": 4, "Filter": "(n_name = 'EGYPT'::bpchar)", "Plans": [{"Node Type": "Bitmap Index Scan", "Parent Relationship": "Outer", "Index Name": "nation_pkey", "Startup Cost": 0.0, "Total Cost": 8.38, "Plan Rows": 25, "Plan Width": 0}]}, {"Node Type": "Bitmap Heap Scan", "Parent Relationship": "Inner", "Relation Name": "supplier", "Alias": "supplier", "Startup Cost": 95.25, "Total Cost": 2492.04, "Plan Rows": 4000, "Plan Width": 38, "Recheck Cond": "(s_nationkey = nation.n_nationkey)", "Plans": [{"Node Type": "Bitmap Index Scan", "Parent Relationship": "Outer", "Index Name": "idx_supplier_nation_key", "Startup Cost": 0.0, "Total Cost": 94.25, "Plan Rows": 4000, "Plan Width": 0, "Index Cond": "(s_nationkey = nation.n_nationkey)"}]}]}]}]}, {"Node Type": "Bitmap Heap Scan", "Parent Relationship": "Inner", "Relation Name": "lineitem", "Alias": "l3", "Startup Cost": 0.82, "Total Cost": 8.97, "Plan Rows": 3, "Plan Width": 16, "Recheck Cond": "(l_orderkey = l1.l_orderkey)", "Filter": "((l_receiptdate > l_commitdate) AND (l_suppkey <> l1.l_suppkey))", "Plans": [{"Node Type": "Bitmap Index Scan", "Parent Relationship": "Outer", "Index Name": "idx_lineitem_orderkey", "Startup Cost": 0.0, "Total Cost": 0.82, "Plan Rows": 9, "Plan Width": 0, "Index Cond": "(l_orderkey = l1.l_orderkey)"}]}]}, {"Node Type": "Bitmap Heap Scan", "Parent Relationship": "Inner", "Relation Name": "lineitem", "Alias": "l2", "Startup Cost": 0.82, "Total Cost": 8.95, "Plan Rows": 9, "Plan Width": 16, "Recheck Cond": "(l_orderkey = l1.l_orderkey)", "Filter": "(l_suppkey <> l1.l_suppkey)", "Plans": [{"Node Type": "Bitmap Index Scan", "Parent Relationship": "Outer", "Index Name": "idx_lineitem_orderkey", "Startup Cost": 0.0, "Total Cost": 0.82, "Plan Rows": 9, "Plan Width": 0, "Index Cond": "(l_orderkey = l1.l_orderkey)"}]}]}, {"Node Type": "Bitmap Heap Scan", "Parent Relationship": "Inner", "Relation Name": "orders", "Alias": "orders", "Startup Cost": 0.6, "Total Cost": 4.61, "Plan Rows": 1, "Plan Width": 8, "Recheck Cond": "(o_orderkey = l2.l_orderkey)", "Filter": "(o_orderstatus = 'F'::bpchar)", "Plans": [{"Node Type": "Bitmap Index Scan", "Parent Relationship": "Outer", "Index Name": "orders_pkey", "Startup Cost": 0.0, "Total Cost": 0.6, "Plan Rows": 1, "Plan Width": 0, "Index Cond": "(o_orderkey = l2.l_orderkey)"}]}]}]}]}]}, "Unique SQL Id": 3870093320}, "explain_analyze_plan": null}, "(64, 40)": {"explain_plan": {"Plan": {"Node Type": "Limit", "Startup Cost": 229712.71, "Total Cost": 229712.96, "Plan Rows": 100, "Plan Width": 34, "Plans": [{"Node Type": "Sort", "Parent Relationship": "Outer", "Startup Cost": 229712.71, "Total Cost": 229735.64, "Plan Rows": 100, "Plan Width": 34, "Sort Key": ["(count(*)) DESC", "supplier.s_name"], "Plans": [{"Node Type": "Aggregate", "Strategy": "Hashed", "Parent Relationship": "Outer", "Startup Cost": 229270.44, "Total Cost": 229362.16, "Plan Rows": 9172, "Plan Width": 34, "Group By Key": ["supplier.s_name"], "Plans": [{"Node Type": "Nested Loop", "Parent Relationship": "Outer", "Join Type": "Inner", "Startup Cost": 71906.2, "Total Cost": 229224.58, "Plan Rows": 9172, "Plan Width": 26, "Inner Unique": true, "Join Filter": "(l1.l_orderkey = orders.o_orderkey)", "Plans": [{"Node Type": "Nested Loop", "Parent Relationship": "Outer", "Join Type": "Semi", "Startup Cost": 71906.2, "Total Cost": 222124.21, "Plan Rows": 7254, "Plan Width": 42, "Inner Unique": false, "Plans": [{"Node Type": "Nested Loop", "Parent Relationship": "Outer", "Join Type": "Anti", "Startup Cost": 71906.2, "Total Cost": 220268.65, "Plan Rows": 7635, "Plan Width": 42, "Inner Unique": false, "Plans": [{"Node Type": "Streaming(type: LOCAL GATHER dop: 1/64)", "Parent Relationship": "Outer", "Startup Cost": 71906.2, "Total Cost": 173081.43, "Plan Rows": 152707, "Plan Width": 42, "Plans": [{"Node Type": "Hash Join", "Parent Relationship": "Outer", "Join Type": "Inner", "Startup Cost": 71906.2, "Total Cost": 169931.1, "Plan Rows": 152707, "Plan Width": 42, "Inner Unique": false, "Hash Cond": "(l1.l_suppkey = supplier.s_suppkey), (LLVM Optimized)", "Plans": [{"Node Type": "Seq Scan", "Parent Relationship": "Outer", "Relation Name": "lineitem", "Alias": "l1", "Startup Cost": 0.0, "Total Cost": 96829.42, "Plan Rows": 19995678, "Plan Width": 16, "Filter": "(l_receiptdate > l_commitdate), (LLVM Optimized)"}, {"Node Type": "Hash", "Parent Relationship": "Inner", "Startup Cost": 71856.2, "Total Cost": 71856.2, "Plan Rows": 256000, "Plan Width": 34, "Plans": [{"Node Type": "Streaming(type: BROADCAST dop: 64/1)", "Parent Relationship": "Outer", "Startup Cost": 1.32, "Total Cost": 71856.2, "Plan Rows": 256000, "Plan Width": 34, "Plans": [{"Node Type": "Hash Join", "Parent Relationship": "Outer", "Join Type": "Inner", "Startup Cost": 1.32, "Total Cost": 3574.95, "Plan Rows": 4000, "Plan Width": 34, "Inner Unique": true, "Hash Cond": "(supplier.s_nationkey = nation.n_nationkey)", "Plans": [{"Node Type": "Seq Scan", "Parent Relationship": "Outer", "Relation Name": "supplier", "Alias": "supplier", "Startup Cost": 0.0, "Total Cost": 3283.0, "Plan Rows": 100000, "Plan Width": 38}, {"Node Type": "Hash", "Parent Relationship": "Inner", "Startup Cost": 1.31, "Total Cost": 1.31, "Plan Rows": 1, "Plan Width": 4, "Plans": [{"Node Type": "Seq Scan", "Parent Relationship": "Outer", "Relation Name": "nation", "Alias": "nation", "Startup Cost": 0.0, "Total Cost": 1.31, "Plan Rows": 1, "Plan Width": 4, "Filter": "(n_name = 'EGYPT'::bpchar)"}]}]}]}]}]}]}, {"Node Type": "Index Scan", "Parent Relationship": "Inner", "Scan Direction": "Forward", "Index Name": "idx_lineitem_orderkey", "Relation Name": "lineitem", "Alias": "l3", "Startup Cost": 0.0, "Total Cost": 1.63, "Plan Rows": 3, "Plan Width": 16, "Index Cond": "(l_orderkey = l1.l_orderkey)", "Filter": "((l_receiptdate > l_commitdate) AND (l_suppkey <> l1.l_suppkey))"}]}, {"Node Type": "Index Scan", "Parent Relationship": "Inner", "Scan Direction": "Forward", "Index Name": "idx_lineitem_orderkey", "Relation Name": "lineitem", "Alias": "l2", "Startup Cost": 0.0, "Total Cost": 1.63, "Plan Rows": 9, "Plan Width": 16, "Index Cond": "(l_orderkey = l1.l_orderkey)", "Filter": "(l_suppkey <> l1.l_suppkey)"}]}, {"Node Type": "Index Scan", "Parent Relationship": "Inner", "Scan Direction": "Forward", "Index Name": "orders_pkey", "Relation Name": "orders", "Alias": "orders", "Startup Cost": 0.0, "Total Cost": 0.97, "Plan Rows": 1, "Plan Width": 8, "Index Cond": "(o_orderkey = l2.l_orderkey)", "Filter": "(o_orderstatus = 'F'::bpchar)"}]}]}]}]}, "Unique SQL Id": 3870093320}, "explain_analyze_plan": {"Plan": {"Node Type": "Limit", "Startup Cost": 229712.71, "Total Cost": 229712.96, "Plan Rows": 100, "Plan Width": 34, "Actual Min Startup Time": 13636.309, "Actual Max Startup Time": 13636.309, "Actual Min Total Time": 13636.327, "Actual Max Total Time": 13636.327, "Actual Total Rows": 100, "Plans": [{"Node Type": "Sort", "Parent Relationship": "Outer", "Startup Cost": 229712.71, "Total Cost": 229735.64, "Plan Rows": 100, "Plan Width": 34, "Actual Min Startup Time": 13636.305, "Actual Max Startup Time": 13636.305, "Actual Min Total Time": 13636.311, "Actual Max Total Time": 13636.311, "Actual Total Rows": 100, "Sort Key": ["(count(*)) DESC", "supplier.s_name"], "Sort Method": "top-N heapsort", "Sort Space Min Used": 41, "Sort Space Max Used": 41, "Sort Space Type": "Memory", "Plans": [{"Node Type": "Aggregate", "Strategy": "Hashed", "Parent Relationship": "Outer", "Startup Cost": 229270.44, "Total Cost": 229362.16, "Plan Rows": 9172, "Plan Width": 34, "Actual Min Startup Time": 13632.846, "Actual Max Startup Time": 13632.846, "Actual Min Total Time": 13634.137, "Actual Max Total Time": 13634.137, "Actual Total Rows": 3981, "Group By Key": ["supplier.s_name"], "Plans": [{"Node Type": "Nested Loop", "Parent Relationship": "Outer", "Join Type": "Inner", "Startup Cost": 71906.2, "Total Cost": 229224.58, "Plan Rows": 9172, "Plan Width": 26, "Actual Min Startup Time": 512.775, "Actual Max Startup Time": 512.775, "Actual Min Total Time": 13579.691, "Actual Max Total Time": 13579.691, "Actual Total Rows": 39445, "Inner Unique": true, "Join Filter": "(l1.l_orderkey = orders.o_orderkey)", "Rows Removed by Join Filter": 0, "Plans": [{"Node Type": "Nested Loop", "Parent Relationship": "Outer", "Join Type": "Semi", "Startup Cost": 71906.2, "Total Cost": 222124.21, "Plan Rows": 7254, "Plan Width": 42, "Actual Min Startup Time": 512.571, "Actual Max Startup Time": 512.571, "Actual Min Total Time": 12928.423, "Actual Max Total Time": 12928.423, "Actual Total Rows": 80537, "Inner Unique": false, "Plans": [{"Node Type": "Nested Loop", "Parent Relationship": "Outer", "Join Type": "Anti", "Startup Cost": 71906.2, "Total Cost": 220268.65, "Plan Rows": 7635, "Plan Width": 42, "Actual Min Startup Time": 512.276, "Actual Max Startup Time": 512.276, "Actual Min Total Time": 12331.031, "Actual Max Total Time": 12331.031, "Actual Total Rows": 135110, "Inner Unique": false, "Plans": [{"Node Type": "Streaming(type: LOCAL GATHER dop: 1/64)", "Parent Relationship": "Outer", "Startup Cost": 71906.2, "Total Cost": 173081.43, "Plan Rows": 152707, "Plan Width": 42, "Actual Min Startup Time": 512.176, "Actual Max Startup Time": 512.176, "Actual Min Total Time": 1439.978, "Actual Max Total Time": 1439.978, "Actual Total Rows": 1511024, "Plans": [{"Node Type": "Hash Join", "Parent Relationship": "Outer", "Join Type": "Inner", "Startup Cost": 71906.2, "Total Cost": 169931.1, "Plan Rows": 152707, "Plan Width": 42, "Actual Min Startup Time": 228.244, "Actual Max Startup Time": 394.247, "Actual Min Total Time": 773.975, "Actual Max Total Time": 997.986, "Actual Total Rows": 1511024, "Inner Unique": false, "Hash Cond": "(l1.l_suppkey = supplier.s_suppkey), (LLVM Optimized, Jit Execute)", "Plans": [{"Node Type": "Seq Scan", "Parent Relationship": "Outer", "Relation Name": "lineitem", "Alias": "l1", "Startup Cost": 0.0, "Total Cost": 96829.42, "Plan Rows": 19995678, "Plan Width": 16, "Actual Min Startup Time": 0.024, "Actual Max Startup Time": 0.057, "Actual Min Total Time": 399.743, "Actual Max Total Time": 428.009, "Actual Total Rows": 37929348, "Filter": "(l_receiptdate > l_commitdate), (LLVM Optimized, Jit Execute)", "Rows Removed by Filter": 22056704}, {"Node Type": "Hash", "Parent Relationship": "Inner", "Startup Cost": 71856.2, "Total Cost": 71856.2, "Plan Rows": 256000, "Plan Width": 34, "Actual Min Startup Time": 228.117, "Actual Max Startup Time": 394.061, "Actual Min Total Time": 228.117, "Actual Max Total Time": 394.061, "Actual Total Rows": 254784, "Max Hash Buckets": 32768, "Min Hash Buckets": 32768, "Max Hash Batches": 1, "Min Hash Batches": 1, "Max Original Hash Batches": 1, "Min Original Hash Batches": 1, "Max Peak Memory Usage": 280, "min Peak Memory Usage": 280, "Plans": [{"Node Type": "Streaming(type: BROADCAST dop: 64/1)", "Parent Relationship": "Outer", "Startup Cost": 1.32, "Total Cost": 71856.2, "Plan Rows": 256000, "Plan Width": 34, "Actual Min Startup Time": 0.031, "Actual Max Startup Time": 0.086, "Actual Min Total Time": 226.542, "Actual Max Total Time": 392.45, "Actual Total Rows": 254784, "Plans": [{"Node Type": "Hash Join", "Parent Relationship": "Outer", "Join Type": "Inner", "Startup Cost": 1.32, "Total Cost": 3574.95, "Plan Rows": 4000, "Plan Width": 34, "Actual Min Startup Time": 0.169, "Actual Max Startup Time": 0.169, "Actual Min Total Time": 53.537, "Actual Max Total Time": 53.537, "Actual Total Rows": 3981, "Inner Unique": true, "Hash Cond": "(supplier.s_nationkey = nation.n_nationkey)", "Plans": [{"Node Type": "Seq Scan", "Parent Relationship": "Outer", "Relation Name": "supplier", "Alias": "supplier", "Startup Cost": 0.0, "Total Cost": 3283.0, "Plan Rows": 100000, "Plan Width": 38, "Actual Min Startup Time": 0.029, "Actual Max Startup Time": 0.029, "Actual Min Total Time": 33.55, "Actual Max Total Time": 33.55, "Actual Total Rows": 100000}, {"Node Type": "Hash", "Parent Relationship": "Inner", "Startup Cost": 1.31, "Total Cost": 1.31, "Plan Rows": 1, "Plan Width": 4, "Actual Min Startup Time": 0.052, "Actual Max Startup Time": 0.052, "Actual Min Total Time": 0.052, "Actual Max Total Time": 0.052, "Actual Total Rows": 1, "Max Hash Buckets": 32768, "Min Hash Buckets": 32768, "Max Hash Batches": 1, "Min Hash Batches": 1, "Max Original Hash Batches": 1, "Min Original Hash Batches": 1, "Max Peak Memory Usage": 1, "min Peak Memory Usage": 1, "Plans": [{"Node Type": "Seq Scan", "Parent Relationship": "Outer", "Relation Name": "nation", "Alias": "nation", "Startup Cost": 0.0, "Total Cost": 1.31, "Plan Rows": 1, "Plan Width": 4, "Actual Min Startup Time": 0.029, "Actual Max Startup Time": 0.029, "Actual Min Total Time": 0.035, "Actual Max Total Time": 0.035, "Actual Total Rows": 1, "Filter": "(n_name = 'EGYPT'::bpchar)", "Rows Removed by Filter": 24}]}]}]}]}]}]}, {"Node Type": "Index Scan", "Parent Relationship": "Inner", "Scan Direction": "Forward", "Index Name": "idx_lineitem_orderkey", "Relation Name": "lineitem", "Alias": "l3", "Startup Cost": 0.0, "Total Cost": 1.63, "Plan Rows": 3, "Plan Width": 16, "Actual Min Startup Time": 9862.102, "Actual Max Startup Time": 9862.102, "Actual Min Total Time": 9862.102, "Actual Max Total Time": 9862.102, "Actual Total Rows": 1375914, "Index Cond": "(l_orderkey = l1.l_orderkey)", "Rows Removed by Index Recheck": 0, "Filter": "((l_receiptdate > l_commitdate) AND (l_suppkey <> l1.l_suppkey))", "Rows Removed by Filter": 1348115}]}, {"Node Type": "Index Scan", "Parent Relationship": "Inner", "Scan Direction": "Forward", "Index Name": "idx_lineitem_orderkey", "Relation Name": "lineitem", "Alias": "l2", "Startup Cost": 0.0, "Total Cost": 1.63, "Plan Rows": 9, "Plan Width": 16, "Actual Min Startup Time": 499.737, "Actual Max Startup Time": 499.737, "Actual Min Total Time": 499.737, "Actual Max Total Time": 499.737, "Actual Total Rows": 80537, "Index Cond": "(l_orderkey = l1.l_orderkey)", "Rows Removed by Index Recheck": 0, "Filter": "(l_suppkey <> l1.l_suppkey)", "Rows Removed by Filter": 85912}]}, {"Node Type": "Index Scan", "Parent Relationship": "Inner", "Scan Direction": "Forward", "Index Name": "orders_pkey", "Relation Name": "orders", "Alias": "orders", "Startup Cost": 0.0, "Total Cost": 0.97, "Plan Rows": 1, "Plan Width": 8, "Actual Min Startup Time": 584.577, "Actual Max Startup Time": 584.577, "Actual Min Total Time": 584.577, "Actual Max Total Time": 584.577, "Actual Total Rows": 39445, "Index Cond": "(o_orderkey = l2.l_orderkey)", "Rows Removed by Index Recheck": 0, "Filter": "(o_orderstatus = 'F'::bpchar)", "Rows Removed by Filter": 41092}]}]}]}]}, "Triggers": [], "Planner Runtime": 14.895, "Total Runtime": 13661.622, "Unique SQL Id": 3870093320}}, "(64, 41)": {"explain_plan": {"Plan": {"Node Type": "Limit", "Startup Cost": 2849947.01, "Total Cost": 2849947.26, "Plan Rows": 100, "Plan Width": 34, "Plans": [{"Node Type": "Sort", "Parent Relationship": "Outer", "Startup Cost": 2849947.01, "Total Cost": 2849969.94, "Plan Rows": 100, "Plan Width": 34, "Sort Key": ["(count(*)) DESC", "supplier.s_name"], "Plans": [{"Node Type": "Aggregate", "Strategy": "Hashed", "Parent Relationship": "Outer", "Startup Cost": 2849504.74, "Total Cost": 2849596.46, "Plan Rows": 9172, "Plan Width": 34, "Group By Key": ["supplier.s_name"], "Plans": [{"Node Type": "Nested Loop", "Parent Relationship": "Outer", "Join Type": "Inner", "Startup Cost": 73970.29, "Total Cost": 2849458.88, "Plan Rows": 9172, "Plan Width": 26, "Inner Unique": true, "Join Filter": "(l1.l_orderkey = orders.o_orderkey)", "Plans": [{"Node Type": "Nested Loop", "Parent Relationship": "Outer", "Join Type": "Semi", "Startup Cost": 73970.29, "Total Cost": 2842358.51, "Plan Rows": 7254, "Plan Width": 42, "Inner Unique": false, "Plans": [{"Node Type": "Nested Loop", "Parent Relationship": "Outer", "Join Type": "Anti", "Startup Cost": 73970.29, "Total Cost": 2840502.95, "Plan Rows": 7635, "Plan Width": 42, "Inner Unique": false, "Plans": [{"Node Type": "Streaming(type: LOCAL GATHER dop: 1/64)", "Parent Relationship": "Outer", "Startup Cost": 73970.29, "Total Cost": 2793315.73, "Plan Rows": 152707, "Plan Width": 42, "Plans": [{"Node Type": "Hash Join", "Parent Relationship": "Outer", "Join Type": "Inner", "Startup Cost": 73970.29, "Total Cost": 2790165.4, "Plan Rows": 152707, "Plan Width": 42, "Inner Unique": false, "Hash Cond": "(l1.l_suppkey = supplier.s_suppkey), (LLVM Optimized)", "Plans": [{"Node Type": "Index Scan", "Parent Relationship": "Outer", "Scan Direction": "Forward", "Index Name": "idx_lineitem_orderkey", "Relation Name": "lineitem", "Alias": "l1", "Startup Cost": 0.0, "Total Cost": 2714999.63, "Plan Rows": 19995678, "Plan Width": 16, "Filter": "(l_receiptdate > l_commitdate), (LLVM Optimized)"}, {"Node Type": "Hash", "Parent Relationship": "Inner", "Startup Cost": 73920.29, "Total Cost": 73920.29, "Plan Rows": 256000, "Plan Width": 34, "Plans": [{"Node Type": "Streaming(type: BROADCAST dop: 64/1)", "Parent Relationship": "Outer", "Startup Cost": 12.7, "Total Cost": 73920.29, "Plan Rows": 256000, "Plan Width": 34, "Plans": [{"Node Type": "Hash Join", "Parent Relationship": "Outer", "Join Type": "Inner", "Startup Cost": 12.7, "Total Cost": 5639.04, "Plan Rows": 4000, "Plan Width": 34, "Inner Unique": true, "Hash Cond": "(supplier.s_nationkey = nation.n_nationkey)", "Plans": [{"Node Type": "Index Scan", "Parent Relationship": "Outer", "Scan Direction": "Forward", "Index Name": "supplier_pkey", "Relation Name": "supplier", "Alias": "supplier", "Startup Cost": 0.0, "Total Cost": 5335.71, "Plan Rows": 100000, "Plan Width": 38}, {"Node Type": "Hash", "Parent Relationship": "Inner", "Startup Cost": 12.69, "Total Cost": 12.69, "Plan Rows": 1, "Plan Width": 4, "Plans": [{"Node Type": "Index Scan", "Parent Relationship": "Outer", "Scan Direction": "Forward", "Index Name": "nation_pkey", "Relation Name": "nation", "Alias": "nation", "Startup Cost": 0.0, "Total Cost": 12.69, "Plan Rows": 1, "Plan Width": 4, "Filter": "(n_name = 'EGYPT'::bpchar)"}]}]}]}]}]}]}, {"Node Type": "Index Scan", "Parent Relationship": "Inner", "Scan Direction": "Forward", "Index Name": "idx_lineitem_orderkey", "Relation Name": "lineitem", "Alias": "l3", "Startup Cost": 0.0, "Total Cost": 1.63, "Plan Rows": 3, "Plan Width": 16, "Index Cond": "(l_orderkey = l1.l_orderkey)", "Filter": "((l_receiptdate > l_commitdate) AND (l_suppkey <> l1.l_suppkey))"}]}, {"Node Type": "Index Scan", "Parent Relationship": "Inner", "Scan Direction": "Forward", "Index Name": "idx_lineitem_orderkey", "Relation Name": "lineitem", "Alias": "l2", "Startup Cost": 0.0, "Total Cost": 1.63, "Plan Rows": 9, "Plan Width": 16, "Index Cond": "(l_orderkey = l1.l_orderkey)", "Filter": "(l_suppkey <> l1.l_suppkey)"}]}, {"Node Type": "Index Scan", "Parent Relationship": "Inner", "Scan Direction": "Forward", "Index Name": "orders_pkey", "Relation Name": "orders", "Alias": "orders", "Startup Cost": 0.0, "Total Cost": 0.97, "Plan Rows": 1, "Plan Width": 8, "Index Cond": "(o_orderkey = l2.l_orderkey)", "Filter": "(o_orderstatus = 'F'::bpchar)"}]}]}]}]}, "Unique SQL Id": 3870093320}, "explain_analyze_plan": {"Plan": {"Node Type": "Limit", "Startup Cost": 2849947.01, "Total Cost": 2849947.26, "Plan Rows": 100, "Plan Width": 34, "Actual Min Startup Time": 13508.662, "Actual Max Startup Time": 13508.662, "Actual Min Total Time": 13508.68, "Actual Max Total Time": 13508.68, "Actual Total Rows": 100, "Plans": [{"Node Type": "Sort", "Parent Relationship": "Outer", "Startup Cost": 2849947.01, "Total Cost": 2849969.94, "Plan Rows": 100, "Plan Width": 34, "Actual Min Startup Time": 13508.659, "Actual Max Startup Time": 13508.659, "Actual Min Total Time": 13508.666, "Actual Max Total Time": 13508.666, "Actual Total Rows": 100, "Sort Key": ["(count(*)) DESC", "supplier.s_name"], "Sort Method": "top-N heapsort", "Sort Space Min Used": 41, "Sort Space Max Used": 41, "Sort Space Type": "Memory", "Plans": [{"Node Type": "Aggregate", "Strategy": "Hashed", "Parent Relationship": "Outer", "Startup Cost": 2849504.74, "Total Cost": 2849596.46, "Plan Rows": 9172, "Plan Width": 34, "Actual Min Startup Time": 13505.048, "Actual Max Startup Time": 13505.048, "Actual Min Total Time": 13506.352, "Actual Max Total Time": 13506.352, "Actual Total Rows": 3981, "Group By Key": ["supplier.s_name"], "Plans": [{"Node Type": "Nested Loop", "Parent Relationship": "Outer", "Join Type": "Inner", "Startup Cost": 73970.29, "Total Cost": 2849458.88, "Plan Rows": 9172, "Plan Width": 26, "Actual Min Startup Time": 866.952, "Actual Max Startup Time": 866.952, "Actual Min Total Time": 13452.829, "Actual Max Total Time": 13452.829, "Actual Total Rows": 39445, "Inner Unique": true, "Join Filter": "(l1.l_orderkey = orders.o_orderkey)", "Rows Removed by Join Filter": 0, "Plans": [{"Node Type": "Nested Loop", "Parent Relationship": "Outer", "Join Type": "Semi", "Startup Cost": 73970.29, "Total Cost": 2842358.51, "Plan Rows": 7254, "Plan Width": 42, "Actual Min Startup Time": 866.923, "Actual Max Startup Time": 866.923, "Actual Min Total Time": 12841.457, "Actual Max Total Time": 12841.457, "Actual Total Rows": 80537, "Inner Unique": false, "Plans": [{"Node Type": "Nested Loop", "Parent Relationship": "Outer", "Join Type": "Anti", "Startup Cost": 73970.29, "Total Cost": 2840502.95, "Plan Rows": 7635, "Plan Width": 42, "Actual Min Startup Time": 866.522, "Actual Max Startup Time": 866.522, "Actual Min Total Time": 12248.776, "Actual Max Total Time": 12248.776, "Actual Total Rows": 135110, "Inner Unique": false, "Plans": [{"Node Type": "Streaming(type: LOCAL GATHER dop: 1/64)", "Parent Relationship": "Outer", "Startup Cost": 73970.29, "Total Cost": 2793315.73, "Plan Rows": 152707, "Plan Width": 42, "Actual Min Startup Time": 866.275, "Actual Max Startup Time": 866.275, "Actual Min Total Time": 1637.063, "Actual Max Total Time": 1637.063, "Actual Total Rows": 1511024, "Plans": [{"Node Type": "Hash Join", "Parent Relationship": "Outer", "Join Type": "Inner", "Startup Cost": 73970.29, "Total Cost": 2790165.4, "Plan Rows": 152707, "Plan Width": 42, "Actual Min Startup Time": 656.699, "Actual Max Startup Time": 791.999, "Actual Min Total Time": 1464.928, "Actual Max Total Time": 1710.32, "Actual Total Rows": 1511024, "Inner Unique": false, "Hash Cond": "(l1.l_suppkey = supplier.s_suppkey), (LLVM Optimized, Jit Execute)", "Plans": [{"Node Type": "Index Scan", "Parent Relationship": "Outer", "Scan Direction": "Forward", "Index Name": "idx_lineitem_orderkey", "Relation Name": "lineitem", "Alias": "l1", "Startup Cost": 0.0, "Total Cost": 2714999.63, "Plan Rows": 19995678, "Plan Width": 16, "Actual Min Startup Time": 456.81, "Actual Max Startup Time": 457.425, "Actual Min Total Time": 1109.899, "Actual Max Total Time": 1280.547, "Actual Total Rows": 37929348, "Filter": "(l_receiptdate > l_commitdate), (LLVM Optimized, Jit Execute)", "Rows Removed by Filter": 22056704}, {"Node Type": "Hash", "Parent Relationship": "Inner", "Startup Cost": 73920.29, "Total Cost": 73920.29, "Plan Rows": 256000, "Plan Width": 34, "Actual Min Startup Time": 199.503, "Actual Max Startup Time": 334.947, "Actual Min Total Time": 199.503, "Actual Max Total Time": 334.947, "Actual Total Rows": 254784, "Max Hash Buckets": 32768, "Min Hash Buckets": 32768, "Max Hash Batches": 1, "Min Hash Batches": 1, "Max Original Hash Batches": 1, "Min Original Hash Batches": 1, "Max Peak Memory Usage": 280, "min Peak Memory Usage": 280, "Plans": [{"Node Type": "Streaming(type: BROADCAST dop: 64/1)", "Parent Relationship": "Outer", "Startup Cost": 12.7, "Total Cost": 73920.29, "Plan Rows": 256000, "Plan Width": 34, "Actual Min Startup Time": 0.028, "Actual Max Startup Time": 30.459, "Actual Min Total Time": 198.406, "Actual Max Total Time": 333.648, "Actual Total Rows": 254784, "Plans": [{"Node Type": "Hash Join", "Parent Relationship": "Outer", "Join Type": "Inner", "Startup Cost": 12.7, "Total Cost": 5639.04, "Plan Rows": 4000, "Plan Width": 34, "Actual Min Startup Time": 0.261, "Actual Max Startup Time": 0.261, "Actual Min Total Time": 73.364, "Actual Max Total Time": 73.364, "Actual Total Rows": 3981, "Inner Unique": true, "Hash Cond": "(supplier.s_nationkey = nation.n_nationkey)", "Plans": [{"Node Type": "Index Scan", "Parent Relationship": "Outer", "Scan Direction": "Forward", "Index Name": "supplier_pkey", "Relation Name": "supplier", "Alias": "supplier", "Startup Cost": 0.0, "Total Cost": 5335.71, "Plan Rows": 100000, "Plan Width": 38, "Actual Min Startup Time": 0.048, "Actual Max Startup Time": 0.048, "Actual Min Total Time": 53.248, "Actual Max Total Time": 53.248, "Actual Total Rows": 100000}, {"Node Type": "Hash", "Parent Relationship": "Inner", "Startup Cost": 12.69, "Total Cost": 12.69, "Plan Rows": 1, "Plan Width": 4, "Actual Min Startup Time": 0.066, "Actual Max Startup Time": 0.066, "Actual Min Total Time": 0.066, "Actual Max Total Time": 0.066, "Actual Total Rows": 1, "Max Hash Buckets": 32768, "Min Hash Buckets": 32768, "Max Hash Batches": 1, "Min Hash Batches": 1, "Max Original Hash Batches": 1, "Min Original Hash Batches": 1, "Max Peak Memory Usage": 1, "min Peak Memory Usage": 1, "Plans": [{"Node Type": "Index Scan", "Parent Relationship": "Outer", "Scan Direction": "Forward", "Index Name": "nation_pkey", "Relation Name": "nation", "Alias": "nation", "Startup Cost": 0.0, "Total Cost": 12.69, "Plan Rows": 1, "Plan Width": 4, "Actual Min Startup Time": 0.041, "Actual Max Startup Time": 0.041, "Actual Min Total Time": 0.054, "Actual Max Total Time": 0.054, "Actual Total Rows": 1, "Filter": "(n_name = 'EGYPT'::bpchar)", "Rows Removed by Filter": 24}]}]}]}]}]}]}, {"Node Type": "Index Scan", "Parent Relationship": "Inner", "Scan Direction": "Forward", "Index Name": "idx_lineitem_orderkey", "Relation Name": "lineitem", "Alias": "l3", "Startup Cost": 0.0, "Total Cost": 1.63, "Plan Rows": 3, "Plan Width": 16, "Actual Min Startup Time": 9590.99, "Actual Max Startup Time": 9590.99, "Actual Min Total Time": 9590.99, "Actual Max Total Time": 9590.99, "Actual Total Rows": 1375914, "Index Cond": "(l_orderkey = l1.l_orderkey)", "Rows Removed by Index Recheck": 0, "Filter": "((l_receiptdate > l_commitdate) AND (l_suppkey <> l1.l_suppkey))", "Rows Removed by Filter": 1348115}]}, {"Node Type": "Index Scan", "Parent Relationship": "Inner", "Scan Direction": "Forward", "Index Name": "idx_lineitem_orderkey", "Relation Name": "lineitem", "Alias": "l2", "Startup Cost": 0.0, "Total Cost": 1.63, "Plan Rows": 9, "Plan Width": 16, "Actual Min Startup Time": 498.83, "Actual Max Startup Time": 498.83, "Actual Min Total Time": 498.83, "Actual Max Total Time": 498.83, "Actual Total Rows": 80537, "Index Cond": "(l_orderkey = l1.l_orderkey)", "Rows Removed by Index Recheck": 0, "Filter": "(l_suppkey <> l1.l_suppkey)", "Rows Removed by Filter": 85912}]}, {"Node Type": "Index Scan", "Parent Relationship": "Inner", "Scan Direction": "Forward", "Index Name": "orders_pkey", "Relation Name": "orders", "Alias": "orders", "Startup Cost": 0.0, "Total Cost": 0.97, "Plan Rows": 1, "Plan Width": 8, "Actual Min Startup Time": 546.674, "Actual Max Startup Time": 546.674, "Actual Min Total Time": 546.674, "Actual Max Total Time": 546.674, "Actual Total Rows": 39445, "Index Cond": "(o_orderkey = l2.l_orderkey)", "Rows Removed by Index Recheck": 0, "Filter": "(o_orderstatus = 'F'::bpchar)", "Rows Removed by Filter": 41092}]}]}]}]}, "Triggers": [], "Planner Runtime": 13.48, "Total Runtime": 13534.765, "Unique SQL Id": 3870093320}}, "(64, 42)": {"explain_plan": {"Plan": {"Node Type": "Limit", "Startup Cost": 578585.46, "Total Cost": 578585.71, "Plan Rows": 100, "Plan Width": 34, "Plans": [{"Node Type": "Sort", "Parent Relationship": "Outer", "Startup Cost": 578585.46, "Total Cost": 578585.71, "Plan Rows": 100, "Plan Width": 34, "Sort Key": ["(count(*)) DESC", "supplier.s_name"], "Plans": [{"Node Type": "Streaming(type: LOCAL GATHER dop: 1/64)", "Parent Relationship": "Outer", "Startup Cost": 578581.34, "Total Cost": 578582.13, "Plan Rows": 100, "Plan Width": 34, "Plans": [{"Node Type": "Limit", "Parent Relationship": "Outer", "Startup Cost": 578581.34, "Total Cost": 578581.59, "Plan Rows": 100, "Plan Width": 34, "Plans": [{"Node Type": "Sort", "Parent Relationship": "Outer", "Startup Cost": 578581.34, "Total Cost": 578604.27, "Plan Rows": 100, "Plan Width": 34, "Sort Key": ["(count(*)) DESC", "supplier.s_name"], "Plans": [{"Node Type": "Aggregate", "Strategy": "Hashed", "Parent Relationship": "Outer", "Startup Cost": 578229.36, "Total Cost": 578230.79, "Plan Rows": 9172, "Plan Width": 34, "Group By Key": ["supplier.s_name"], "Plans": [{"Node Type": "Streaming(type: LOCAL REDISTRIBUTE dop: 64/64)", "Parent Relationship": "Outer", "Startup Cost": 283866.77, "Total Cost": 578228.64, "Plan Rows": 9172, "Plan Width": 26, "Plans": [{"Node Type": "Hash Join", "Parent Relationship": "Outer", "Join Type": "Semi", "Startup Cost": 283866.77, "Total Cost": 577928.76, "Plan Rows": 9172, "Plan Width": 26, "Inner Unique": false, "Hash Cond": "(orders.o_orderkey = l2.l_orderkey)", "Join Filter": "(l2.l_suppkey <> l1.l_suppkey)", "Plans": [{"Node Type": "Streaming(type: LOCAL REDISTRIBUTE dop: 64/64)", "Parent Relationship": "Outer", "Startup Cost": 218573.09, "Total Cost": 512631.13, "Plan Rows": 9655, "Plan Width": 50, "Plans": [{"Node Type": "Hash Join", "Parent Relationship": "Outer", "Join Type": "Anti", "Startup Cost": 218573.09, "Total Cost": 449621.98, "Plan Rows": 9655, "Plan Width": 50, "Inner Unique": false, "Hash Cond": "(l1.l_orderkey = l3.l_orderkey)", "Join Filter": "(l3.l_suppkey <> l1.l_suppkey)", "Plans": [{"Node Type": "Streaming(type: LOCAL REDISTRIBUTE dop: 64/64)", "Parent Relationship": "Outer", "Startup Cost": 143588.19, "Total Cost": 374602.56, "Plan Rows": 193099, "Plan Width": 50, "Plans": [{"Node Type": "Hash Join", "Parent Relationship": "Outer", "Join Type": "Inner", "Startup Cost": 143588.19, "Total Cost": 311419.64, "Plan Rows": 193099, "Plan Width": 50, "Inner Unique": true, "Hash Cond": "(l1.l_orderkey = orders.o_orderkey), (LLVM Optimized)", "Plans": [{"Node Type": "Streaming(type: BROADCAST dop: 64/64)", "Parent Relationship": "Outer", "Startup Cost": 71906.2, "Total Cost": 239134.82, "Plan Rows": 9773248, "Plan Width": 42, "Plans": [{"Node Type": "Hash Join", "Parent Relationship": "Outer", "Join Type": "Inner", "Startup Cost": 71906.2, "Total Cost": 169931.1, "Plan Rows": 152707, "Plan Width": 42, "Inner Unique": false, "Hash Cond": "(l1.l_suppkey = supplier.s_suppkey), (LLVM Optimized)", "Plans": [{"Node Type": "Seq Scan", "Parent Relationship": "Outer", "Relation Name": "lineitem", "Alias": "l1", "Startup Cost": 0.0, "Total Cost": 96829.42, "Plan Rows": 19995678, "Plan Width": 16, "Filter": "(l_receiptdate > l_commitdate), (LLVM Optimized)"}, {"Node Type": "Hash", "Parent Relationship": "Inner", "Startup Cost": 71856.2, "Total Cost": 71856.2, "Plan Rows": 256000, "Plan Width": 34, "Plans": [{"Node Type": "Streaming(type: BROADCAST dop: 64/1)", "Parent Relationship": "Outer", "Startup Cost": 1.32, "Total Cost": 71856.2, "Plan Rows": 256000, "Plan Width": 34, "Plans": [{"Node Type": "Hash Join", "Parent Relationship": "Outer", "Join Type": "Inner", "Startup Cost": 1.32, "Total Cost": 3574.95, "Plan Rows": 4000, "Plan Width": 34, "Inner Unique": true, "Hash Cond": "(supplier.s_nationkey = nation.n_nationkey)", "Plans": [{"Node Type": "Seq Scan", "Parent Relationship": "Outer", "Relation Name": "supplier", "Alias": "supplier", "Startup Cost": 0.0, "Total Cost": 3283.0, "Plan Rows": 100000, "Plan Width": 38}, {"Node Type": "Hash", "Parent Relationship": "Inner", "Startup Cost": 1.31, "Total Cost": 1.31, "Plan Rows": 1, "Plan Width": 4, "Plans": [{"Node Type": "Seq Scan", "Parent Relationship": "Outer", "Relation Name": "nation", "Alias": "nation", "Startup Cost": 0.0, "Total Cost": 1.31, "Plan Rows": 1, "Plan Width": 4, "Filter": "(n_name = 'EGYPT'::bpchar)"}]}]}]}]}]}]}, {"Node Type": "Hash", "Parent Relationship": "Inner", "Startup Cost": 70248.63, "Total Cost": 70248.63, "Plan Rows": 7338812, "Plan Width": 8, "Plans": [{"Node Type": "Seq Scan", "Parent Relationship": "Outer", "Relation Name": "orders", "Alias": "orders", "Startup Cost": 0.0, "Total Cost": 70248.63, "Plan Rows": 7338812, "Plan Width": 8, "Filter": "(o_orderstatus = 'F'::bpchar), (LLVM Optimized)"}]}]}]}, {"Node Type": "Hash", "Parent Relationship": "Inner", "Startup Cost": 178770.64, "Total Cost": 178770.64, "Plan Rows": 19995678, "Plan Width": 16, "Plans": [{"Node Type": "Streaming(type: LOCAL REDISTRIBUTE dop: 64/64)", "Parent Relationship": "Outer", "Startup Cost": 0.0, "Total Cost": 178770.64, "Plan Rows": 19995678, "Plan Width": 16, "Plans": [{"Node Type": "Seq Scan", "Parent Relationship": "Outer", "Relation Name": "lineitem", "Alias": "l3", "Startup Cost": 0.0, "Total Cost": 96829.42, "Plan Rows": 19995678, "Plan Width": 16, "Filter": "(l_receiptdate > l_commitdate), (LLVM Optimized)"}]}]}]}]}, {"Node Type": "Hash", "Parent Relationship": "Inner", "Startup Cost": 214309.83, "Total Cost": 214309.83, "Plan Rows": 59987033, "Plan Width": 16, "Plans": [{"Node Type": "Streaming(type: LOCAL REDISTRIBUTE dop: 64/64)", "Parent Relationship": "Outer", "Startup Cost": 0.0, "Total Cost": 214309.83, "Plan Rows": 59987033, "Plan Width": 16, "Plans": [{"Node Type": "Seq Scan", "Parent Relationship": "Outer", "Relation Name": "lineitem", "Alias": "l2", "Startup Cost": 0.0, "Total Cost": 94486.18, "Plan Rows": 59987033, "Plan Width": 16}]}]}]}]}]}]}]}]}]}]}, "Unique SQL Id": 3870093320}, "explain_analyze_plan": {"Plan": {"Node Type": "Limit", "Startup Cost": 578585.46, "Total Cost": 578585.71, "Plan Rows": 100, "Plan Width": 34, "Actual Min Startup Time": 7798.992, "Actual Max Startup Time": 7798.992, "Actual Min Total Time": 7799.011, "Actual Max Total Time": 7799.011, "Actual Total Rows": 100, "Plans": [{"Node Type": "Sort", "Parent Relationship": "Outer", "Startup Cost": 578585.46, "Total Cost": 578585.71, "Plan Rows": 100, "Plan Width": 34, "Actual Min Startup Time": 7798.99, "Actual Max Startup Time": 7798.99, "Actual Min Total Time": 7798.999, "Actual Max Total Time": 7798.999, "Actual Total Rows": 100, "Sort Key": ["(count(*)) DESC", "supplier.s_name"], "Sort Method": "top-N heapsort", "Sort Space Min Used": 40, "Sort Space Max Used": 40, "Sort Space Type": "Memory", "Plans": [{"Node Type": "Streaming(type: LOCAL GATHER dop: 1/64)", "Parent Relationship": "Outer", "Startup Cost": 578581.34, "Total Cost": 578582.13, "Plan Rows": 100, "Plan Width": 34, "Actual Min Startup Time": 7795.542, "Actual Max Startup Time": 7795.542, "Actual Min Total Time": 7797.214, "Actual Max Total Time": 7797.214, "Actual Total Rows": 3981, "Plans": [{"Node Type": "Limit", "Parent Relationship": "Outer", "Startup Cost": 578581.34, "Total Cost": 578581.59, "Plan Rows": 100, "Plan Width": 34, "Actual Min Startup Time": 6914.12, "Actual Max Startup Time": 7225.363, "Actual Min Total Time": 6914.135, "Actual Max Total Time": 7225.378, "Actual Total Rows": 3981, "Plans": [{"Node Type": "Sort", "Parent Relationship": "Outer", "Startup Cost": 578581.34, "Total Cost": 578604.27, "Plan Rows": 100, "Plan Width": 34, "Actual Min Startup Time": 6914.118, "Actual Max Startup Time": 7225.36, "Actual Min Total Time": 6914.124, "Actual Max Total Time": 7225.366, "Actual Total Rows": 3981, "Sort Key": ["(count(*)) DESC", "supplier.s_name"], "Sort Method": "quicksort", "Sort Space Min Used": 30, "Sort Space Max Used": 30, "Sort Space Type": "Memory", "Plans": [{"Node Type": "Aggregate", "Strategy": "Hashed", "Parent Relationship": "Outer", "Startup Cost": 578229.36, "Total Cost": 578230.79, "Plan Rows": 9172, "Plan Width": 34, "Actual Min Startup Time": 6913.969, "Actual Max Startup Time": 7225.239, "Actual Min Total Time": 6913.985, "Actual Max Total Time": 7225.255, "Actual Total Rows": 3981, "Group By Key": ["supplier.s_name"], "Plans": [{"Node Type": "Streaming(type: LOCAL REDISTRIBUTE dop: 64/64)", "Parent Relationship": "Outer", "Startup Cost": 283866.77, "Total Cost": 578228.64, "Plan Rows": 9172, "Plan Width": 26, "Actual Min Startup Time": 6903.606, "Actual Max Startup Time": 7214.281, "Actual Min Total Time": 6913.639, "Actual Max Total Time": 7224.957, "Actual Total Rows": 39445, "Plans": [{"Node Type": "Hash Join", "Parent Relationship": "Outer", "Join Type": "Semi", "Startup Cost": 283866.77, "Total Cost": 577928.76, "Plan Rows": 9172, "Plan Width": 26, "Actual Min Startup Time": 4907.149, "Actual Max Startup Time": 5234.279, "Actual Min Total Time": 6846.486, "Actual Max Total Time": 7183.522, "Actual Total Rows": 39445, "Inner Unique": false, "Hash Cond": "(orders.o_orderkey = l2.l_orderkey)", "Join Filter": "(l2.l_suppkey <> l1.l_suppkey)", "Rows Removed by Join Filter": 42084, "Plans": [{"Node Type": "Streaming(type: LOCAL REDISTRIBUTE dop: 64/64)", "Parent Relationship": "Outer", "Startup Cost": 218573.09, "Total Cost": 512631.13, "Plan Rows": 9655, "Plan Width": 50, "Actual Min Startup Time": 0.365, "Actual Max Startup Time": 157.652, "Actual Min Total Time": 1996.222, "Actual Max Total Time": 2003.415, "Actual Total Rows": 66116, "Plans": [{"Node Type": "Hash Join", "Parent Relationship": "Outer", "Join Type": "Anti", "Startup Cost": 218573.09, "Total Cost": 449621.98, "Plan Rows": 9655, "Plan Width": 50, "Actual Min Startup Time": 4389.144, "Actual Max Startup Time": 5088.636, "Actual Min Total Time": 6830.133, "Actual Max Total Time": 7215.882, "Actual Total Rows": 66116, "Inner Unique": false, "Hash Cond": "(l1.l_orderkey = l3.l_orderkey)", "Join Filter": "(l3.l_suppkey <> l1.l_suppkey)", "Rows Removed by Join Filter": 265448, "Plans": [{"Node Type": "Streaming(type: LOCAL REDISTRIBUTE dop: 64/64)", "Parent Relationship": "Outer", "Startup Cost": 143588.19, "Total Cost": 374602.56, "Plan Rows": 193099, "Plan Width": 50, "Actual Min Startup Time": 2.686, "Actual Max Startup Time": 468.345, "Actual Min Total Time": 2388.81, "Actual Max Total Time": 2494.526, "Actual Total Rows": 729618, "Plans": [{"Node Type": "Hash Join", "Parent Relationship": "Outer", "Join Type": "Inner", "Startup Cost": 143588.19, "Total Cost": 311419.64, "Plan Rows": 193099, "Plan Width": 50, "Actual Min Startup Time": 328.031, "Actual Max Startup Time": 857.405, "Actual Min Total Time": 5000.369, "Actual Max Total Time": 7075.369, "Actual Total Rows": 729618, "Inner Unique": true, "Hash Cond": "(l1.l_orderkey = orders.o_orderkey), (LLVM Optimized, Jit Execute)", "Plans": [{"Node Type": "Streaming(type: BROADCAST dop: 64/64)", "Parent Relationship": "Outer", "Startup Cost": 71906.2, "Total Cost": 239134.82, "Plan Rows": 9773248, "Plan Width": 42, "Actual Min Startup Time": 137.356, "Actual Max Startup Time": 642.151, "Actual Min Total Time": 3765.372, "Actual Max Total Time": 6059.609, "Actual Total Rows": 96705536, "Plans": [{"Node Type": "Hash Join", "Parent Relationship": "Outer", "Join Type": "Inner", "Startup Cost": 71906.2, "Total Cost": 169931.1, "Plan Rows": 152707, "Plan Width": 42, "Actual Min Startup Time": 317.736, "Actual Max Startup Time": 738.731, "Actual Min Total Time": 1030.246, "Actual Max Total Time": 1547.909, "Actual Total Rows": 1511024, "Inner Unique": false, "Hash Cond": "(l1.l_suppkey = supplier.s_suppkey), (LLVM Optimized, Jit Execute)", "Plans": [{"Node Type": "Seq Scan", "Parent Relationship": "Outer", "Relation Name": "lineitem", "Alias": "l1", "Startup Cost": 0.0, "Total Cost": 96829.42, "Plan Rows": 19995678, "Plan Width": 16, "Actual Min Startup Time": 0.028, "Actual Max Startup Time": 0.097, "Actual Min Total Time": 423.343, "Actual Max Total Time": 569.448, "Actual Total Rows": 37929348, "Filter": "(l_receiptdate > l_commitdate), (LLVM Optimized, Jit Execute)", "Rows Removed by Filter": 22056704}, {"Node Type": "Hash", "Parent Relationship": "Inner", "Startup Cost": 71856.2, "Total Cost": 71856.2, "Plan Rows": 256000, "Plan Width": 34, "Actual Min Startup Time": 317.536, "Actual Max Startup Time": 738.616, "Actual Min Total Time": 317.536, "Actual Max Total Time": 738.616, "Actual Total Rows": 254784, "Max Hash Buckets": 32768, "Min Hash Buckets": 32768, "Max Hash Batches": 1, "Min Hash Batches": 1, "Max Original Hash Batches": 1, "Min Original Hash Batches": 1, "Max Peak Memory Usage": 280, "min Peak Memory Usage": 280, "Plans": [{"Node Type": "Streaming(type: BROADCAST dop: 64/1)", "Parent Relationship": "Outer", "Startup Cost": 1.32, "Total Cost": 71856.2, "Plan Rows": 256000, "Plan Width": 34, "Actual Min Startup Time": 0.037, "Actual Max Startup Time": 184.922, "Actual Min Total Time": 314.151, "Actual Max Total Time": 736.27, "Actual Total Rows": 254784, "Plans": [{"Node Type": "Hash Join", "Parent Relationship": "Outer", "Join Type": "Inner", "Startup Cost": 1.32, "Total Cost": 3574.95, "Plan Rows": 4000, "Plan Width": 34, "Actual Min Startup Time": 0.167, "Actual Max Startup Time": 0.167, "Actual Min Total Time": 52.587, "Actual Max Total Time": 52.587, "Actual Total Rows": 3981, "Inner Unique": true, "Hash Cond": "(supplier.s_nationkey = nation.n_nationkey)", "Plans": [{"Node Type": "Seq Scan", "Parent Relationship": "Outer", "Relation Name": "supplier", "Alias": "supplier", "Startup Cost": 0.0, "Total Cost": 3283.0, "Plan Rows": 100000, "Plan Width": 38, "Actual Min Startup Time": 0.022, "Actual Max Startup Time": 0.022, "Actual Min Total Time": 31.994, "Actual Max Total Time": 31.994, "Actual Total Rows": 100000}, {"Node Type": "Hash", "Parent Relationship": "Inner", "Startup Cost": 1.31, "Total Cost": 1.31, "Plan Rows": 1, "Plan Width": 4, "Actual Min Startup Time": 0.06, "Actual Max Startup Time": 0.06, "Actual Min Total Time": 0.06, "Actual Max Total Time": 0.06, "Actual Total Rows": 1, "Max Hash Buckets": 32768, "Min Hash Buckets": 32768, "Max Hash Batches": 1, "Min Hash Batches": 1, "Max Original Hash Batches": 1, "Min Original Hash Batches": 1, "Max Peak Memory Usage": 1, "min Peak Memory Usage": 1, "Plans": [{"Node Type": "Seq Scan", "Parent Relationship": "Outer", "Relation Name": "nation", "Alias": "nation", "Startup Cost": 0.0, "Total Cost": 1.31, "Plan Rows": 1, "Plan Width": 4, "Actual Min Startup Time": 0.037, "Actual Max Startup Time": 0.037, "Actual Min Total Time": 0.044, "Actual Max Total Time": 0.044, "Actual Total Rows": 1, "Filter": "(n_name = 'EGYPT'::bpchar)", "Rows Removed by Filter": 24}]}]}]}]}]}]}, {"Node Type": "Hash", "Parent Relationship": "Inner", "Startup Cost": 70248.63, "Total Cost": 70248.63, "Plan Rows": 7338812, "Plan Width": 8, "Actual Min Startup Time": 132.867, "Actual Max Startup Time": 282.379, "Actual Min Total Time": 132.867, "Actual Max Total Time": 282.379, "Actual Total Rows": 7309184, "Max Hash Buckets": 131072, "Min Hash Buckets": 131072, "Max Hash Batches": 1, "Min Hash Batches": 1, "Max Original Hash Batches": 1, "Min Original Hash Batches": 1, "Max Peak Memory Usage": 4542, "min Peak Memory Usage": 4542, "Plans": [{"Node Type": "Seq Scan", "Parent Relationship": "Outer", "Relation Name": "orders", "Alias": "orders", "Startup Cost": 0.0, "Total Cost": 70248.63, "Plan Rows": 7338812, "Plan Width": 8, "Actual Min Startup Time": 0.028, "Actual Max Startup Time": 3.642, "Actual Min Total Time": 100.735, "Actual Max Total Time": 125.655, "Actual Total Rows": 7309184, "Filter": "(o_orderstatus = 'F'::bpchar), (LLVM Optimized, Jit Execute)", "Rows Removed by Filter": 7690816}]}]}]}, {"Node Type": "Hash", "Parent Relationship": "Inner", "Startup Cost": 178770.64, "Total Cost": 178770.64, "Plan Rows": 19995678, "Plan Width": 16, "Actual Min Startup Time": 4321.083, "Actual Max Startup Time": 4713.711, "Actual Min Total Time": 4321.083, "Actual Max Total Time": 4713.711, "Actual Total Rows": 37929348, "Max Hash Buckets": 524288, "Min Hash Buckets": 524288, "Max Hash Batches": 1, "Min Hash Batches": 1, "Max Original Hash Batches": 1, "Min Original Hash Batches": 1, "Max Peak Memory Usage": 27746, "min Peak Memory Usage": 27746, "Plans": [{"Node Type": "Streaming(type: LOCAL REDISTRIBUTE dop: 64/64)", "Parent Relationship": "Outer", "Startup Cost": 0.0, "Total Cost": 178770.64, "Plan Rows": 19995678, "Plan Width": 16, "Actual Min Startup Time": 0.135, "Actual Max Startup Time": 269.653, "Actual Min Total Time": 4058.419, "Actual Max Total Time": 4440.43, "Actual Total Rows": 37929348, "Plans": [{"Node Type": "Seq Scan", "Parent Relationship": "Outer", "Relation Name": "lineitem", "Alias": "l3", "Startup Cost": 0.0, "Total Cost": 96829.42, "Plan Rows": 19995678, "Plan Width": 16, "Actual Min Startup Time": 0.022, "Actual Max Startup Time": 0.476, "Actual Min Total Time": 488.072, "Actual Max Total Time": 549.268, "Actual Total Rows": 37929348, "Filter": "(l_receiptdate > l_commitdate), (LLVM Optimized, Jit Execute)", "Rows Removed by Filter": 22056704}]}]}]}]}, {"Node Type": "Hash", "Parent Relationship": "Inner", "Startup Cost": 214309.83, "Total Cost": 214309.83, "Plan Rows": 59987033, "Plan Width": 16, "Actual Min Startup Time": 4828.385, "Actual Max Startup Time": 5179.776, "Actual Min Total Time": 4828.385, "Actual Max Total Time": 5179.776, "Actual Total Rows": 59986052, "Max Hash Buckets": 1048576, "Min Hash Buckets": 1048576, "Max Hash Batches": 1, "Min Hash Batches": 1, "Max Original Hash Batches": 1, "Min Original Hash Batches": 1, "Max Peak Memory Usage": 43870, "min Peak Memory Usage": 43870, "Plans": [{"Node Type": "Streaming(type: LOCAL REDISTRIBUTE dop: 64/64)", "Parent Relationship": "Outer", "Startup Cost": 0.0, "Total Cost": 214309.83, "Plan Rows": 59987033, "Plan Width": 16, "Actual Min Startup Time": 0.133, "Actual Max Startup Time": 226.909, "Actual Min Total Time": 4279.788, "Actual Max Total Time": 4800.711, "Actual Total Rows": 59986052, "Plans": [{"Node Type": "Seq Scan", "Parent Relationship": "Outer", "Relation Name": "lineitem", "Alias": "l2", "Startup Cost": 0.0, "Total Cost": 94486.18, "Plan Rows": 59987033, "Plan Width": 16, "Actual Min Startup Time": 0.013, "Actual Max Startup Time": 0.084, "Actual Min Total Time": 369.422, "Actual Max Total Time": 393.711, "Actual Total Rows": 59986052}]}]}]}]}]}]}]}]}]}]}, "Triggers": [], "Planner Runtime": 18.954, "Total Runtime": 7930.79, "Unique SQL Id": 3870093320}}, "(64, 43)": {"explain_plan": {"Plan": {"Node Type": "Limit", "Startup Cost": 6014182839649.49, "Total Cost": 6014182839649.74, "Plan Rows": 100, "Plan Width": 34, "Plans": [{"Node Type": "Sort", "Parent Relationship": "Outer", "Startup Cost": 6014182839649.49, "Total Cost": 6014182839672.42, "Plan Rows": 100, "Plan Width": 34, "Sort Key": ["(count(*)) DESC", "supplier.s_name"], "Plans": [{"Node Type": "Aggregate", "Strategy": "Hashed", "Parent Relationship": "Outer", "Startup Cost": 6014182839207.22, "Total Cost": 6014182839298.94, "Plan Rows": 9172, "Plan Width": 34, "Group By Key": ["supplier.s_name"], "Plans": [{"Node Type": "Nested Loop", "Parent Relationship": "Outer", "Join Type": "Inner", "Startup Cost": 60000000000.0, "Total Cost": 6014182839161.36, "Plan Rows": 9172, "Plan Width": 26, "Inner Unique": false, "Join Filter": "(l1.l_orderkey = orders.o_orderkey)", "Plans": [{"Node Type": "Index Scan", "Parent Relationship": "Outer", "Scan Direction": "Forward", "Index Name": "orders_pkey", "Relation Name": "orders", "Alias": "orders", "Startup Cost": 10000000000.0, "Total Cost": 1000076847713.25, "Plan Rows": 7338812, "Plan Width": 8, "Filter": "(o_orderstatus = 'F'::bpchar), (LLVM Optimized)"}, {"Node Type": "Materialize", "Parent Relationship": "Inner", "Startup Cost": 50000000000.0, "Total Cost": 5013307455332.53, "Plan Rows": 7254, "Plan Width": 42, "Plans": [{"Node Type": "Nested Loop", "Parent Relationship": "Outer", "Join Type": "Semi", "Startup Cost": 50000000000.0, "Total Cost": 5013307455296.26, "Plan Rows": 7254, "Plan Width": 42, "Inner Unique": false, "Join Filter": "((l2.l_suppkey <> l1.l_suppkey) AND (l1.l_orderkey = l2.l_orderkey))", "Plans": [{"Node Type": "Nested Loop", "Parent Relationship": "Outer", "Join Type": "Anti", "Startup Cost": 40000000000.0, "Total Cost": 4011848919915.73, "Plan Rows": 7635, "Plan Width": 42, "Inner Unique": false, "Join Filter": "((l3.l_suppkey <> l1.l_suppkey) AND (l3.l_orderkey = l1.l_orderkey))", "Plans": [{"Node Type": "Nested Loop", "Parent Relationship": "Outer", "Join Type": "Inner", "Startup Cost": 30000000000.0, "Total Cost": 3001539289162.94, "Plan Rows": 152707, "Plan Width": 42, "Inner Unique": false, "Join Filter": "(supplier.s_suppkey = l1.l_suppkey), (LLVM Optimized)", "Plans": [{"Node Type": "Index Scan", "Parent Relationship": "Outer", "Scan Direction": "Forward", "Index Name": "idx_lineitem_orderkey", "Relation Name": "lineitem", "Alias": "l1", "Startup Cost": 10000000000.0, "Total Cost": 1000339012132.75, "Plan Rows": 19995678, "Plan Width": 16, "Filter": "(l_receiptdate > l_commitdate), (LLVM Optimized)"}, {"Node Type": "Materialize", "Parent Relationship": "Inner", "Startup Cost": 20000000000.0, "Total Cost": 2000000536360.19, "Plan Rows": 4000, "Plan Width": 34, "Plans": [{"Node Type": "Nested Loop", "Parent Relationship": "Outer", "Join Type": "Inner", "Startup Cost": 20000000000.0, "Total Cost": 2000000536340.19, "Plan Rows": 4000, "Plan Width": 34, "Inner Unique": true, "Join Filter": "(supplier.s_nationkey = nation.n_nationkey)", "Plans": [{"Node Type": "Index Scan", "Parent Relationship": "Outer", "Scan Direction": "Forward", "Index Name": "supplier_pkey", "Relation Name": "supplier", "Alias": "supplier", "Startup Cost": 10000000000.0, "Total Cost": 1000000533571.43, "Plan Rows": 100000, "Plan Width": 38}, {"Node Type": "Materialize", "Parent Relationship": "Inner", "Startup Cost": 10000000000.0, "Total Cost": 1000000001268.76, "Plan Rows": 1, "Plan Width": 4, "Plans": [{"Node Type": "Index Scan", "Parent Relationship": "Outer", "Scan Direction": "Forward", "Index Name": "nation_pkey", "Relation Name": "nation", "Alias": "nation", "Startup Cost": 10000000000.0, "Total Cost": 1000000001268.75, "Plan Rows": 1, "Plan Width": 4, "Filter": "(n_name = 'EGYPT'::bpchar)"}]}]}]}]}, {"Node Type": "Materialize", "Parent Relationship": "Inner", "Startup Cost": 10000000000.0, "Total Cost": 1000339112111.14, "Plan Rows": 19995678, "Plan Width": 16, "Plans": [{"Node Type": "Index Scan", "Parent Relationship": "Outer", "Scan Direction": "Forward", "Index Name": "idx_lineitem_orderkey", "Relation Name": "lineitem", "Alias": "l3", "Startup Cost": 10000000000.0, "Total Cost": 1000339012132.75, "Plan Rows": 19995678, "Plan Width": 16, "Filter": "(l_receiptdate > l_commitdate), (LLVM Optimized)"}]}]}, {"Node Type": "Materialize", "Parent Relationship": "Inner", "Startup Cost": 10000000000.0, "Total Cost": 1000324315309.67, "Plan Rows": 59987033, "Plan Width": 16, "Plans": [{"Node Type": "Index Scan", "Parent Relationship": "Outer", "Scan Direction": "Forward", "Index Name": "idx_lineitem_orderkey", "Relation Name": "lineitem", "Alias": "l2", "Startup Cost": 10000000000.0, "Total Cost": 1000324015374.5, "Plan Rows": 59987033, "Plan Width": 16}]}]}]}]}]}]}]}, "Unique SQL Id": 3870093320}, "explain_analyze_plan": null}, "(64, 44)": {"explain_plan": {"Plan": {"Node Type": "Limit", "Startup Cost": 229712.71, "Total Cost": 229712.96, "Plan Rows": 100, "Plan Width": 34, "Plans": [{"Node Type": "Sort", "Parent Relationship": "Outer", "Startup Cost": 229712.71, "Total Cost": 229735.64, "Plan Rows": 100, "Plan Width": 34, "Sort Key": ["(count(*)) DESC", "supplier.s_name"], "Plans": [{"Node Type": "Aggregate", "Strategy": "Hashed", "Parent Relationship": "Outer", "Startup Cost": 229270.44, "Total Cost": 229362.16, "Plan Rows": 9172, "Plan Width": 34, "Group By Key": ["supplier.s_name"], "Plans": [{"Node Type": "Nested Loop", "Parent Relationship": "Outer", "Join Type": "Inner", "Startup Cost": 71906.2, "Total Cost": 229224.58, "Plan Rows": 9172, "Plan Width": 26, "Inner Unique": true, "Join Filter": "(l1.l_orderkey = orders.o_orderkey)", "Plans": [{"Node Type": "Nested Loop", "Parent Relationship": "Outer", "Join Type": "Semi", "Startup Cost": 71906.2, "Total Cost": 222124.21, "Plan Rows": 7254, "Plan Width": 42, "Inner Unique": false, "Plans": [{"Node Type": "Nested Loop", "Parent Relationship": "Outer", "Join Type": "Anti", "Startup Cost": 71906.2, "Total Cost": 220268.65, "Plan Rows": 7635, "Plan Width": 42, "Inner Unique": false, "Plans": [{"Node Type": "Streaming(type: LOCAL GATHER dop: 1/64)", "Parent Relationship": "Outer", "Startup Cost": 71906.2, "Total Cost": 173081.43, "Plan Rows": 152707, "Plan Width": 42, "Plans": [{"Node Type": "Hash Join", "Parent Relationship": "Outer", "Join Type": "Inner", "Startup Cost": 71906.2, "Total Cost": 169931.1, "Plan Rows": 152707, "Plan Width": 42, "Inner Unique": false, "Hash Cond": "(l1.l_suppkey = supplier.s_suppkey), (LLVM Optimized)", "Plans": [{"Node Type": "Seq Scan", "Parent Relationship": "Outer", "Relation Name": "lineitem", "Alias": "l1", "Startup Cost": 0.0, "Total Cost": 96829.42, "Plan Rows": 19995678, "Plan Width": 16, "Filter": "(l_receiptdate > l_commitdate), (LLVM Optimized)"}, {"Node Type": "Hash", "Parent Relationship": "Inner", "Startup Cost": 71856.2, "Total Cost": 71856.2, "Plan Rows": 256000, "Plan Width": 34, "Plans": [{"Node Type": "Streaming(type: BROADCAST dop: 64/1)", "Parent Relationship": "Outer", "Startup Cost": 1.32, "Total Cost": 71856.2, "Plan Rows": 256000, "Plan Width": 34, "Plans": [{"Node Type": "Hash Join", "Parent Relationship": "Outer", "Join Type": "Inner", "Startup Cost": 1.32, "Total Cost": 3574.95, "Plan Rows": 4000, "Plan Width": 34, "Inner Unique": true, "Hash Cond": "(supplier.s_nationkey = nation.n_nationkey)", "Plans": [{"Node Type": "Seq Scan", "Parent Relationship": "Outer", "Relation Name": "supplier", "Alias": "supplier", "Startup Cost": 0.0, "Total Cost": 3283.0, "Plan Rows": 100000, "Plan Width": 38}, {"Node Type": "Hash", "Parent Relationship": "Inner", "Startup Cost": 1.31, "Total Cost": 1.31, "Plan Rows": 1, "Plan Width": 4, "Plans": [{"Node Type": "Seq Scan", "Parent Relationship": "Outer", "Relation Name": "nation", "Alias": "nation", "Startup Cost": 0.0, "Total Cost": 1.31, "Plan Rows": 1, "Plan Width": 4, "Filter": "(n_name = 'EGYPT'::bpchar)"}]}]}]}]}]}]}, {"Node Type": "Index Scan", "Parent Relationship": "Inner", "Scan Direction": "Forward", "Index Name": "idx_lineitem_orderkey", "Relation Name": "lineitem", "Alias": "l3", "Startup Cost": 0.0, "Total Cost": 1.63, "Plan Rows": 3, "Plan Width": 16, "Index Cond": "(l_orderkey = l1.l_orderkey)", "Filter": "((l_receiptdate > l_commitdate) AND (l_suppkey <> l1.l_suppkey))"}]}, {"Node Type": "Index Scan", "Parent Relationship": "Inner", "Scan Direction": "Forward", "Index Name": "idx_lineitem_orderkey", "Relation Name": "lineitem", "Alias": "l2", "Startup Cost": 0.0, "Total Cost": 1.63, "Plan Rows": 9, "Plan Width": 16, "Index Cond": "(l_orderkey = l1.l_orderkey)", "Filter": "(l_suppkey <> l1.l_suppkey)"}]}, {"Node Type": "Index Scan", "Parent Relationship": "Inner", "Scan Direction": "Forward", "Index Name": "orders_pkey", "Relation Name": "orders", "Alias": "orders", "Startup Cost": 0.0, "Total Cost": 0.97, "Plan Rows": 1, "Plan Width": 8, "Index Cond": "(o_orderkey = l2.l_orderkey)", "Filter": "(o_orderstatus = 'F'::bpchar)"}]}]}]}]}, "Unique SQL Id": 3870093320}, "explain_analyze_plan": {"Plan": {"Node Type": "Limit", "Startup Cost": 229712.71, "Total Cost": 229712.96, "Plan Rows": 100, "Plan Width": 34, "Actual Min Startup Time": 13636.309, "Actual Max Startup Time": 13636.309, "Actual Min Total Time": 13636.327, "Actual Max Total Time": 13636.327, "Actual Total Rows": 100, "Plans": [{"Node Type": "Sort", "Parent Relationship": "Outer", "Startup Cost": 229712.71, "Total Cost": 229735.64, "Plan Rows": 100, "Plan Width": 34, "Actual Min Startup Time": 13636.305, "Actual Max Startup Time": 13636.305, "Actual Min Total Time": 13636.311, "Actual Max Total Time": 13636.311, "Actual Total Rows": 100, "Sort Key": ["(count(*)) DESC", "supplier.s_name"], "Sort Method": "top-N heapsort", "Sort Space Min Used": 41, "Sort Space Max Used": 41, "Sort Space Type": "Memory", "Plans": [{"Node Type": "Aggregate", "Strategy": "Hashed", "Parent Relationship": "Outer", "Startup Cost": 229270.44, "Total Cost": 229362.16, "Plan Rows": 9172, "Plan Width": 34, "Actual Min Startup Time": 13632.846, "Actual Max Startup Time": 13632.846, "Actual Min Total Time": 13634.137, "Actual Max Total Time": 13634.137, "Actual Total Rows": 3981, "Group By Key": ["supplier.s_name"], "Plans": [{"Node Type": "Nested Loop", "Parent Relationship": "Outer", "Join Type": "Inner", "Startup Cost": 71906.2, "Total Cost": 229224.58, "Plan Rows": 9172, "Plan Width": 26, "Actual Min Startup Time": 512.775, "Actual Max Startup Time": 512.775, "Actual Min Total Time": 13579.691, "Actual Max Total Time": 13579.691, "Actual Total Rows": 39445, "Inner Unique": true, "Join Filter": "(l1.l_orderkey = orders.o_orderkey)", "Rows Removed by Join Filter": 0, "Plans": [{"Node Type": "Nested Loop", "Parent Relationship": "Outer", "Join Type": "Semi", "Startup Cost": 71906.2, "Total Cost": 222124.21, "Plan Rows": 7254, "Plan Width": 42, "Actual Min Startup Time": 512.571, "Actual Max Startup Time": 512.571, "Actual Min Total Time": 12928.423, "Actual Max Total Time": 12928.423, "Actual Total Rows": 80537, "Inner Unique": false, "Plans": [{"Node Type": "Nested Loop", "Parent Relationship": "Outer", "Join Type": "Anti", "Startup Cost": 71906.2, "Total Cost": 220268.65, "Plan Rows": 7635, "Plan Width": 42, "Actual Min Startup Time": 512.276, "Actual Max Startup Time": 512.276, "Actual Min Total Time": 12331.031, "Actual Max Total Time": 12331.031, "Actual Total Rows": 135110, "Inner Unique": false, "Plans": [{"Node Type": "Streaming(type: LOCAL GATHER dop: 1/64)", "Parent Relationship": "Outer", "Startup Cost": 71906.2, "Total Cost": 173081.43, "Plan Rows": 152707, "Plan Width": 42, "Actual Min Startup Time": 512.176, "Actual Max Startup Time": 512.176, "Actual Min Total Time": 1439.978, "Actual Max Total Time": 1439.978, "Actual Total Rows": 1511024, "Plans": [{"Node Type": "Hash Join", "Parent Relationship": "Outer", "Join Type": "Inner", "Startup Cost": 71906.2, "Total Cost": 169931.1, "Plan Rows": 152707, "Plan Width": 42, "Actual Min Startup Time": 228.244, "Actual Max Startup Time": 394.247, "Actual Min Total Time": 773.975, "Actual Max Total Time": 997.986, "Actual Total Rows": 1511024, "Inner Unique": false, "Hash Cond": "(l1.l_suppkey = supplier.s_suppkey), (LLVM Optimized, Jit Execute)", "Plans": [{"Node Type": "Seq Scan", "Parent Relationship": "Outer", "Relation Name": "lineitem", "Alias": "l1", "Startup Cost": 0.0, "Total Cost": 96829.42, "Plan Rows": 19995678, "Plan Width": 16, "Actual Min Startup Time": 0.024, "Actual Max Startup Time": 0.057, "Actual Min Total Time": 399.743, "Actual Max Total Time": 428.009, "Actual Total Rows": 37929348, "Filter": "(l_receiptdate > l_commitdate), (LLVM Optimized, Jit Execute)", "Rows Removed by Filter": 22056704}, {"Node Type": "Hash", "Parent Relationship": "Inner", "Startup Cost": 71856.2, "Total Cost": 71856.2, "Plan Rows": 256000, "Plan Width": 34, "Actual Min Startup Time": 228.117, "Actual Max Startup Time": 394.061, "Actual Min Total Time": 228.117, "Actual Max Total Time": 394.061, "Actual Total Rows": 254784, "Max Hash Buckets": 32768, "Min Hash Buckets": 32768, "Max Hash Batches": 1, "Min Hash Batches": 1, "Max Original Hash Batches": 1, "Min Original Hash Batches": 1, "Max Peak Memory Usage": 280, "min Peak Memory Usage": 280, "Plans": [{"Node Type": "Streaming(type: BROADCAST dop: 64/1)", "Parent Relationship": "Outer", "Startup Cost": 1.32, "Total Cost": 71856.2, "Plan Rows": 256000, "Plan Width": 34, "Actual Min Startup Time": 0.031, "Actual Max Startup Time": 0.086, "Actual Min Total Time": 226.542, "Actual Max Total Time": 392.45, "Actual Total Rows": 254784, "Plans": [{"Node Type": "Hash Join", "Parent Relationship": "Outer", "Join Type": "Inner", "Startup Cost": 1.32, "Total Cost": 3574.95, "Plan Rows": 4000, "Plan Width": 34, "Actual Min Startup Time": 0.169, "Actual Max Startup Time": 0.169, "Actual Min Total Time": 53.537, "Actual Max Total Time": 53.537, "Actual Total Rows": 3981, "Inner Unique": true, "Hash Cond": "(supplier.s_nationkey = nation.n_nationkey)", "Plans": [{"Node Type": "Seq Scan", "Parent Relationship": "Outer", "Relation Name": "supplier", "Alias": "supplier", "Startup Cost": 0.0, "Total Cost": 3283.0, "Plan Rows": 100000, "Plan Width": 38, "Actual Min Startup Time": 0.029, "Actual Max Startup Time": 0.029, "Actual Min Total Time": 33.55, "Actual Max Total Time": 33.55, "Actual Total Rows": 100000}, {"Node Type": "Hash", "Parent Relationship": "Inner", "Startup Cost": 1.31, "Total Cost": 1.31, "Plan Rows": 1, "Plan Width": 4, "Actual Min Startup Time": 0.052, "Actual Max Startup Time": 0.052, "Actual Min Total Time": 0.052, "Actual Max Total Time": 0.052, "Actual Total Rows": 1, "Max Hash Buckets": 32768, "Min Hash Buckets": 32768, "Max Hash Batches": 1, "Min Hash Batches": 1, "Max Original Hash Batches": 1, "Min Original Hash Batches": 1, "Max Peak Memory Usage": 1, "min Peak Memory Usage": 1, "Plans": [{"Node Type": "Seq Scan", "Parent Relationship": "Outer", "Relation Name": "nation", "Alias": "nation", "Startup Cost": 0.0, "Total Cost": 1.31, "Plan Rows": 1, "Plan Width": 4, "Actual Min Startup Time": 0.029, "Actual Max Startup Time": 0.029, "Actual Min Total Time": 0.035, "Actual Max Total Time": 0.035, "Actual Total Rows": 1, "Filter": "(n_name = 'EGYPT'::bpchar)", "Rows Removed by Filter": 24}]}]}]}]}]}]}, {"Node Type": "Index Scan", "Parent Relationship": "Inner", "Scan Direction": "Forward", "Index Name": "idx_lineitem_orderkey", "Relation Name": "lineitem", "Alias": "l3", "Startup Cost": 0.0, "Total Cost": 1.63, "Plan Rows": 3, "Plan Width": 16, "Actual Min Startup Time": 9862.102, "Actual Max Startup Time": 9862.102, "Actual Min Total Time": 9862.102, "Actual Max Total Time": 9862.102, "Actual Total Rows": 1375914, "Index Cond": "(l_orderkey = l1.l_orderkey)", "Rows Removed by Index Recheck": 0, "Filter": "((l_receiptdate > l_commitdate) AND (l_suppkey <> l1.l_suppkey))", "Rows Removed by Filter": 1348115}]}, {"Node Type": "Index Scan", "Parent Relationship": "Inner", "Scan Direction": "Forward", "Index Name": "idx_lineitem_orderkey", "Relation Name": "lineitem", "Alias": "l2", "Startup Cost": 0.0, "Total Cost": 1.63, "Plan Rows": 9, "Plan Width": 16, "Actual Min Startup Time": 499.737, "Actual Max Startup Time": 499.737, "Actual Min Total Time": 499.737, "Actual Max Total Time": 499.737, "Actual Total Rows": 80537, "Index Cond": "(l_orderkey = l1.l_orderkey)", "Rows Removed by Index Recheck": 0, "Filter": "(l_suppkey <> l1.l_suppkey)", "Rows Removed by Filter": 85912}]}, {"Node Type": "Index Scan", "Parent Relationship": "Inner", "Scan Direction": "Forward", "Index Name": "orders_pkey", "Relation Name": "orders", "Alias": "orders", "Startup Cost": 0.0, "Total Cost": 0.97, "Plan Rows": 1, "Plan Width": 8, "Actual Min Startup Time": 584.577, "Actual Max Startup Time": 584.577, "Actual Min Total Time": 584.577, "Actual Max Total Time": 584.577, "Actual Total Rows": 39445, "Index Cond": "(o_orderkey = l2.l_orderkey)", "Rows Removed by Index Recheck": 0, "Filter": "(o_orderstatus = 'F'::bpchar)", "Rows Removed by Filter": 41092}]}]}]}]}, "Triggers": [], "Planner Runtime": 14.895, "Total Runtime": 13661.622, "Unique SQL Id": 3870093320}}, "(64, 45)": {"explain_plan": {"Plan": {"Node Type": "Limit", "Startup Cost": 2849947.01, "Total Cost": 2849947.26, "Plan Rows": 100, "Plan Width": 34, "Plans": [{"Node Type": "Sort", "Parent Relationship": "Outer", "Startup Cost": 2849947.01, "Total Cost": 2849969.94, "Plan Rows": 100, "Plan Width": 34, "Sort Key": ["(count(*)) DESC", "supplier.s_name"], "Plans": [{"Node Type": "Aggregate", "Strategy": "Hashed", "Parent Relationship": "Outer", "Startup Cost": 2849504.74, "Total Cost": 2849596.46, "Plan Rows": 9172, "Plan Width": 34, "Group By Key": ["supplier.s_name"], "Plans": [{"Node Type": "Nested Loop", "Parent Relationship": "Outer", "Join Type": "Inner", "Startup Cost": 73970.29, "Total Cost": 2849458.88, "Plan Rows": 9172, "Plan Width": 26, "Inner Unique": true, "Join Filter": "(l1.l_orderkey = orders.o_orderkey)", "Plans": [{"Node Type": "Nested Loop", "Parent Relationship": "Outer", "Join Type": "Semi", "Startup Cost": 73970.29, "Total Cost": 2842358.51, "Plan Rows": 7254, "Plan Width": 42, "Inner Unique": false, "Plans": [{"Node Type": "Nested Loop", "Parent Relationship": "Outer", "Join Type": "Anti", "Startup Cost": 73970.29, "Total Cost": 2840502.95, "Plan Rows": 7635, "Plan Width": 42, "Inner Unique": false, "Plans": [{"Node Type": "Streaming(type: LOCAL GATHER dop: 1/64)", "Parent Relationship": "Outer", "Startup Cost": 73970.29, "Total Cost": 2793315.73, "Plan Rows": 152707, "Plan Width": 42, "Plans": [{"Node Type": "Hash Join", "Parent Relationship": "Outer", "Join Type": "Inner", "Startup Cost": 73970.29, "Total Cost": 2790165.4, "Plan Rows": 152707, "Plan Width": 42, "Inner Unique": false, "Hash Cond": "(l1.l_suppkey = supplier.s_suppkey), (LLVM Optimized)", "Plans": [{"Node Type": "Index Scan", "Parent Relationship": "Outer", "Scan Direction": "Forward", "Index Name": "idx_lineitem_orderkey", "Relation Name": "lineitem", "Alias": "l1", "Startup Cost": 0.0, "Total Cost": 2714999.63, "Plan Rows": 19995678, "Plan Width": 16, "Filter": "(l_receiptdate > l_commitdate), (LLVM Optimized)"}, {"Node Type": "Hash", "Parent Relationship": "Inner", "Startup Cost": 73920.29, "Total Cost": 73920.29, "Plan Rows": 256000, "Plan Width": 34, "Plans": [{"Node Type": "Streaming(type: BROADCAST dop: 64/1)", "Parent Relationship": "Outer", "Startup Cost": 12.7, "Total Cost": 73920.29, "Plan Rows": 256000, "Plan Width": 34, "Plans": [{"Node Type": "Hash Join", "Parent Relationship": "Outer", "Join Type": "Inner", "Startup Cost": 12.7, "Total Cost": 5639.04, "Plan Rows": 4000, "Plan Width": 34, "Inner Unique": true, "Hash Cond": "(supplier.s_nationkey = nation.n_nationkey)", "Plans": [{"Node Type": "Index Scan", "Parent Relationship": "Outer", "Scan Direction": "Forward", "Index Name": "supplier_pkey", "Relation Name": "supplier", "Alias": "supplier", "Startup Cost": 0.0, "Total Cost": 5335.71, "Plan Rows": 100000, "Plan Width": 38}, {"Node Type": "Hash", "Parent Relationship": "Inner", "Startup Cost": 12.69, "Total Cost": 12.69, "Plan Rows": 1, "Plan Width": 4, "Plans": [{"Node Type": "Index Scan", "Parent Relationship": "Outer", "Scan Direction": "Forward", "Index Name": "nation_pkey", "Relation Name": "nation", "Alias": "nation", "Startup Cost": 0.0, "Total Cost": 12.69, "Plan Rows": 1, "Plan Width": 4, "Filter": "(n_name = 'EGYPT'::bpchar)"}]}]}]}]}]}]}, {"Node Type": "Index Scan", "Parent Relationship": "Inner", "Scan Direction": "Forward", "Index Name": "idx_lineitem_orderkey", "Relation Name": "lineitem", "Alias": "l3", "Startup Cost": 0.0, "Total Cost": 1.63, "Plan Rows": 3, "Plan Width": 16, "Index Cond": "(l_orderkey = l1.l_orderkey)", "Filter": "((l_receiptdate > l_commitdate) AND (l_suppkey <> l1.l_suppkey))"}]}, {"Node Type": "Index Scan", "Parent Relationship": "Inner", "Scan Direction": "Forward", "Index Name": "idx_lineitem_orderkey", "Relation Name": "lineitem", "Alias": "l2", "Startup Cost": 0.0, "Total Cost": 1.63, "Plan Rows": 9, "Plan Width": 16, "Index Cond": "(l_orderkey = l1.l_orderkey)", "Filter": "(l_suppkey <> l1.l_suppkey)"}]}, {"Node Type": "Index Scan", "Parent Relationship": "Inner", "Scan Direction": "Forward", "Index Name": "orders_pkey", "Relation Name": "orders", "Alias": "orders", "Startup Cost": 0.0, "Total Cost": 0.97, "Plan Rows": 1, "Plan Width": 8, "Index Cond": "(o_orderkey = l2.l_orderkey)", "Filter": "(o_orderstatus = 'F'::bpchar)"}]}]}]}]}, "Unique SQL Id": 3870093320}, "explain_analyze_plan": {"Plan": {"Node Type": "Limit", "Startup Cost": 2849947.01, "Total Cost": 2849947.26, "Plan Rows": 100, "Plan Width": 34, "Actual Min Startup Time": 13508.662, "Actual Max Startup Time": 13508.662, "Actual Min Total Time": 13508.68, "Actual Max Total Time": 13508.68, "Actual Total Rows": 100, "Plans": [{"Node Type": "Sort", "Parent Relationship": "Outer", "Startup Cost": 2849947.01, "Total Cost": 2849969.94, "Plan Rows": 100, "Plan Width": 34, "Actual Min Startup Time": 13508.659, "Actual Max Startup Time": 13508.659, "Actual Min Total Time": 13508.666, "Actual Max Total Time": 13508.666, "Actual Total Rows": 100, "Sort Key": ["(count(*)) DESC", "supplier.s_name"], "Sort Method": "top-N heapsort", "Sort Space Min Used": 41, "Sort Space Max Used": 41, "Sort Space Type": "Memory", "Plans": [{"Node Type": "Aggregate", "Strategy": "Hashed", "Parent Relationship": "Outer", "Startup Cost": 2849504.74, "Total Cost": 2849596.46, "Plan Rows": 9172, "Plan Width": 34, "Actual Min Startup Time": 13505.048, "Actual Max Startup Time": 13505.048, "Actual Min Total Time": 13506.352, "Actual Max Total Time": 13506.352, "Actual Total Rows": 3981, "Group By Key": ["supplier.s_name"], "Plans": [{"Node Type": "Nested Loop", "Parent Relationship": "Outer", "Join Type": "Inner", "Startup Cost": 73970.29, "Total Cost": 2849458.88, "Plan Rows": 9172, "Plan Width": 26, "Actual Min Startup Time": 866.952, "Actual Max Startup Time": 866.952, "Actual Min Total Time": 13452.829, "Actual Max Total Time": 13452.829, "Actual Total Rows": 39445, "Inner Unique": true, "Join Filter": "(l1.l_orderkey = orders.o_orderkey)", "Rows Removed by Join Filter": 0, "Plans": [{"Node Type": "Nested Loop", "Parent Relationship": "Outer", "Join Type": "Semi", "Startup Cost": 73970.29, "Total Cost": 2842358.51, "Plan Rows": 7254, "Plan Width": 42, "Actual Min Startup Time": 866.923, "Actual Max Startup Time": 866.923, "Actual Min Total Time": 12841.457, "Actual Max Total Time": 12841.457, "Actual Total Rows": 80537, "Inner Unique": false, "Plans": [{"Node Type": "Nested Loop", "Parent Relationship": "Outer", "Join Type": "Anti", "Startup Cost": 73970.29, "Total Cost": 2840502.95, "Plan Rows": 7635, "Plan Width": 42, "Actual Min Startup Time": 866.522, "Actual Max Startup Time": 866.522, "Actual Min Total Time": 12248.776, "Actual Max Total Time": 12248.776, "Actual Total Rows": 135110, "Inner Unique": false, "Plans": [{"Node Type": "Streaming(type: LOCAL GATHER dop: 1/64)", "Parent Relationship": "Outer", "Startup Cost": 73970.29, "Total Cost": 2793315.73, "Plan Rows": 152707, "Plan Width": 42, "Actual Min Startup Time": 866.275, "Actual Max Startup Time": 866.275, "Actual Min Total Time": 1637.063, "Actual Max Total Time": 1637.063, "Actual Total Rows": 1511024, "Plans": [{"Node Type": "Hash Join", "Parent Relationship": "Outer", "Join Type": "Inner", "Startup Cost": 73970.29, "Total Cost": 2790165.4, "Plan Rows": 152707, "Plan Width": 42, "Actual Min Startup Time": 656.699, "Actual Max Startup Time": 791.999, "Actual Min Total Time": 1464.928, "Actual Max Total Time": 1710.32, "Actual Total Rows": 1511024, "Inner Unique": false, "Hash Cond": "(l1.l_suppkey = supplier.s_suppkey), (LLVM Optimized, Jit Execute)", "Plans": [{"Node Type": "Index Scan", "Parent Relationship": "Outer", "Scan Direction": "Forward", "Index Name": "idx_lineitem_orderkey", "Relation Name": "lineitem", "Alias": "l1", "Startup Cost": 0.0, "Total Cost": 2714999.63, "Plan Rows": 19995678, "Plan Width": 16, "Actual Min Startup Time": 456.81, "Actual Max Startup Time": 457.425, "Actual Min Total Time": 1109.899, "Actual Max Total Time": 1280.547, "Actual Total Rows": 37929348, "Filter": "(l_receiptdate > l_commitdate), (LLVM Optimized, Jit Execute)", "Rows Removed by Filter": 22056704}, {"Node Type": "Hash", "Parent Relationship": "Inner", "Startup Cost": 73920.29, "Total Cost": 73920.29, "Plan Rows": 256000, "Plan Width": 34, "Actual Min Startup Time": 199.503, "Actual Max Startup Time": 334.947, "Actual Min Total Time": 199.503, "Actual Max Total Time": 334.947, "Actual Total Rows": 254784, "Max Hash Buckets": 32768, "Min Hash Buckets": 32768, "Max Hash Batches": 1, "Min Hash Batches": 1, "Max Original Hash Batches": 1, "Min Original Hash Batches": 1, "Max Peak Memory Usage": 280, "min Peak Memory Usage": 280, "Plans": [{"Node Type": "Streaming(type: BROADCAST dop: 64/1)", "Parent Relationship": "Outer", "Startup Cost": 12.7, "Total Cost": 73920.29, "Plan Rows": 256000, "Plan Width": 34, "Actual Min Startup Time": 0.028, "Actual Max Startup Time": 30.459, "Actual Min Total Time": 198.406, "Actual Max Total Time": 333.648, "Actual Total Rows": 254784, "Plans": [{"Node Type": "Hash Join", "Parent Relationship": "Outer", "Join Type": "Inner", "Startup Cost": 12.7, "Total Cost": 5639.04, "Plan Rows": 4000, "Plan Width": 34, "Actual Min Startup Time": 0.261, "Actual Max Startup Time": 0.261, "Actual Min Total Time": 73.364, "Actual Max Total Time": 73.364, "Actual Total Rows": 3981, "Inner Unique": true, "Hash Cond": "(supplier.s_nationkey = nation.n_nationkey)", "Plans": [{"Node Type": "Index Scan", "Parent Relationship": "Outer", "Scan Direction": "Forward", "Index Name": "supplier_pkey", "Relation Name": "supplier", "Alias": "supplier", "Startup Cost": 0.0, "Total Cost": 5335.71, "Plan Rows": 100000, "Plan Width": 38, "Actual Min Startup Time": 0.048, "Actual Max Startup Time": 0.048, "Actual Min Total Time": 53.248, "Actual Max Total Time": 53.248, "Actual Total Rows": 100000}, {"Node Type": "Hash", "Parent Relationship": "Inner", "Startup Cost": 12.69, "Total Cost": 12.69, "Plan Rows": 1, "Plan Width": 4, "Actual Min Startup Time": 0.066, "Actual Max Startup Time": 0.066, "Actual Min Total Time": 0.066, "Actual Max Total Time": 0.066, "Actual Total Rows": 1, "Max Hash Buckets": 32768, "Min Hash Buckets": 32768, "Max Hash Batches": 1, "Min Hash Batches": 1, "Max Original Hash Batches": 1, "Min Original Hash Batches": 1, "Max Peak Memory Usage": 1, "min Peak Memory Usage": 1, "Plans": [{"Node Type": "Index Scan", "Parent Relationship": "Outer", "Scan Direction": "Forward", "Index Name": "nation_pkey", "Relation Name": "nation", "Alias": "nation", "Startup Cost": 0.0, "Total Cost": 12.69, "Plan Rows": 1, "Plan Width": 4, "Actual Min Startup Time": 0.041, "Actual Max Startup Time": 0.041, "Actual Min Total Time": 0.054, "Actual Max Total Time": 0.054, "Actual Total Rows": 1, "Filter": "(n_name = 'EGYPT'::bpchar)", "Rows Removed by Filter": 24}]}]}]}]}]}]}, {"Node Type": "Index Scan", "Parent Relationship": "Inner", "Scan Direction": "Forward", "Index Name": "idx_lineitem_orderkey", "Relation Name": "lineitem", "Alias": "l3", "Startup Cost": 0.0, "Total Cost": 1.63, "Plan Rows": 3, "Plan Width": 16, "Actual Min Startup Time": 9590.99, "Actual Max Startup Time": 9590.99, "Actual Min Total Time": 9590.99, "Actual Max Total Time": 9590.99, "Actual Total Rows": 1375914, "Index Cond": "(l_orderkey = l1.l_orderkey)", "Rows Removed by Index Recheck": 0, "Filter": "((l_receiptdate > l_commitdate) AND (l_suppkey <> l1.l_suppkey))", "Rows Removed by Filter": 1348115}]}, {"Node Type": "Index Scan", "Parent Relationship": "Inner", "Scan Direction": "Forward", "Index Name": "idx_lineitem_orderkey", "Relation Name": "lineitem", "Alias": "l2", "Startup Cost": 0.0, "Total Cost": 1.63, "Plan Rows": 9, "Plan Width": 16, "Actual Min Startup Time": 498.83, "Actual Max Startup Time": 498.83, "Actual Min Total Time": 498.83, "Actual Max Total Time": 498.83, "Actual Total Rows": 80537, "Index Cond": "(l_orderkey = l1.l_orderkey)", "Rows Removed by Index Recheck": 0, "Filter": "(l_suppkey <> l1.l_suppkey)", "Rows Removed by Filter": 85912}]}, {"Node Type": "Index Scan", "Parent Relationship": "Inner", "Scan Direction": "Forward", "Index Name": "orders_pkey", "Relation Name": "orders", "Alias": "orders", "Startup Cost": 0.0, "Total Cost": 0.97, "Plan Rows": 1, "Plan Width": 8, "Actual Min Startup Time": 546.674, "Actual Max Startup Time": 546.674, "Actual Min Total Time": 546.674, "Actual Max Total Time": 546.674, "Actual Total Rows": 39445, "Index Cond": "(o_orderkey = l2.l_orderkey)", "Rows Removed by Index Recheck": 0, "Filter": "(o_orderstatus = 'F'::bpchar)", "Rows Removed by Filter": 41092}]}]}]}]}, "Triggers": [], "Planner Runtime": 13.48, "Total Runtime": 13534.765, "Unique SQL Id": 3870093320}}, "(64, 46)": {"explain_plan": {"Plan": {"Node Type": "Limit", "Startup Cost": 578585.46, "Total Cost": 578585.71, "Plan Rows": 100, "Plan Width": 34, "Plans": [{"Node Type": "Sort", "Parent Relationship": "Outer", "Startup Cost": 578585.46, "Total Cost": 578585.71, "Plan Rows": 100, "Plan Width": 34, "Sort Key": ["(count(*)) DESC", "supplier.s_name"], "Plans": [{"Node Type": "Streaming(type: LOCAL GATHER dop: 1/64)", "Parent Relationship": "Outer", "Startup Cost": 578581.34, "Total Cost": 578582.13, "Plan Rows": 100, "Plan Width": 34, "Plans": [{"Node Type": "Limit", "Parent Relationship": "Outer", "Startup Cost": 578581.34, "Total Cost": 578581.59, "Plan Rows": 100, "Plan Width": 34, "Plans": [{"Node Type": "Sort", "Parent Relationship": "Outer", "Startup Cost": 578581.34, "Total Cost": 578604.27, "Plan Rows": 100, "Plan Width": 34, "Sort Key": ["(count(*)) DESC", "supplier.s_name"], "Plans": [{"Node Type": "Aggregate", "Strategy": "Hashed", "Parent Relationship": "Outer", "Startup Cost": 578229.36, "Total Cost": 578230.79, "Plan Rows": 9172, "Plan Width": 34, "Group By Key": ["supplier.s_name"], "Plans": [{"Node Type": "Streaming(type: LOCAL REDISTRIBUTE dop: 64/64)", "Parent Relationship": "Outer", "Startup Cost": 283866.77, "Total Cost": 578228.64, "Plan Rows": 9172, "Plan Width": 26, "Plans": [{"Node Type": "Hash Join", "Parent Relationship": "Outer", "Join Type": "Semi", "Startup Cost": 283866.77, "Total Cost": 577928.76, "Plan Rows": 9172, "Plan Width": 26, "Inner Unique": false, "Hash Cond": "(orders.o_orderkey = l2.l_orderkey)", "Join Filter": "(l2.l_suppkey <> l1.l_suppkey)", "Plans": [{"Node Type": "Streaming(type: LOCAL REDISTRIBUTE dop: 64/64)", "Parent Relationship": "Outer", "Startup Cost": 218573.09, "Total Cost": 512631.13, "Plan Rows": 9655, "Plan Width": 50, "Plans": [{"Node Type": "Hash Join", "Parent Relationship": "Outer", "Join Type": "Anti", "Startup Cost": 218573.09, "Total Cost": 449621.98, "Plan Rows": 9655, "Plan Width": 50, "Inner Unique": false, "Hash Cond": "(l1.l_orderkey = l3.l_orderkey)", "Join Filter": "(l3.l_suppkey <> l1.l_suppkey)", "Plans": [{"Node Type": "Streaming(type: LOCAL REDISTRIBUTE dop: 64/64)", "Parent Relationship": "Outer", "Startup Cost": 143588.19, "Total Cost": 374602.56, "Plan Rows": 193099, "Plan Width": 50, "Plans": [{"Node Type": "Hash Join", "Parent Relationship": "Outer", "Join Type": "Inner", "Startup Cost": 143588.19, "Total Cost": 311419.64, "Plan Rows": 193099, "Plan Width": 50, "Inner Unique": true, "Hash Cond": "(l1.l_orderkey = orders.o_orderkey), (LLVM Optimized)", "Plans": [{"Node Type": "Streaming(type: BROADCAST dop: 64/64)", "Parent Relationship": "Outer", "Startup Cost": 71906.2, "Total Cost": 239134.82, "Plan Rows": 9773248, "Plan Width": 42, "Plans": [{"Node Type": "Hash Join", "Parent Relationship": "Outer", "Join Type": "Inner", "Startup Cost": 71906.2, "Total Cost": 169931.1, "Plan Rows": 152707, "Plan Width": 42, "Inner Unique": false, "Hash Cond": "(l1.l_suppkey = supplier.s_suppkey), (LLVM Optimized)", "Plans": [{"Node Type": "Seq Scan", "Parent Relationship": "Outer", "Relation Name": "lineitem", "Alias": "l1", "Startup Cost": 0.0, "Total Cost": 96829.42, "Plan Rows": 19995678, "Plan Width": 16, "Filter": "(l_receiptdate > l_commitdate), (LLVM Optimized)"}, {"Node Type": "Hash", "Parent Relationship": "Inner", "Startup Cost": 71856.2, "Total Cost": 71856.2, "Plan Rows": 256000, "Plan Width": 34, "Plans": [{"Node Type": "Streaming(type: BROADCAST dop: 64/1)", "Parent Relationship": "Outer", "Startup Cost": 1.32, "Total Cost": 71856.2, "Plan Rows": 256000, "Plan Width": 34, "Plans": [{"Node Type": "Hash Join", "Parent Relationship": "Outer", "Join Type": "Inner", "Startup Cost": 1.32, "Total Cost": 3574.95, "Plan Rows": 4000, "Plan Width": 34, "Inner Unique": true, "Hash Cond": "(supplier.s_nationkey = nation.n_nationkey)", "Plans": [{"Node Type": "Seq Scan", "Parent Relationship": "Outer", "Relation Name": "supplier", "Alias": "supplier", "Startup Cost": 0.0, "Total Cost": 3283.0, "Plan Rows": 100000, "Plan Width": 38}, {"Node Type": "Hash", "Parent Relationship": "Inner", "Startup Cost": 1.31, "Total Cost": 1.31, "Plan Rows": 1, "Plan Width": 4, "Plans": [{"Node Type": "Seq Scan", "Parent Relationship": "Outer", "Relation Name": "nation", "Alias": "nation", "Startup Cost": 0.0, "Total Cost": 1.31, "Plan Rows": 1, "Plan Width": 4, "Filter": "(n_name = 'EGYPT'::bpchar)"}]}]}]}]}]}]}, {"Node Type": "Hash", "Parent Relationship": "Inner", "Startup Cost": 70248.63, "Total Cost": 70248.63, "Plan Rows": 7338812, "Plan Width": 8, "Plans": [{"Node Type": "Seq Scan", "Parent Relationship": "Outer", "Relation Name": "orders", "Alias": "orders", "Startup Cost": 0.0, "Total Cost": 70248.63, "Plan Rows": 7338812, "Plan Width": 8, "Filter": "(o_orderstatus = 'F'::bpchar), (LLVM Optimized)"}]}]}]}, {"Node Type": "Hash", "Parent Relationship": "Inner", "Startup Cost": 178770.64, "Total Cost": 178770.64, "Plan Rows": 19995678, "Plan Width": 16, "Plans": [{"Node Type": "Streaming(type: LOCAL REDISTRIBUTE dop: 64/64)", "Parent Relationship": "Outer", "Startup Cost": 0.0, "Total Cost": 178770.64, "Plan Rows": 19995678, "Plan Width": 16, "Plans": [{"Node Type": "Seq Scan", "Parent Relationship": "Outer", "Relation Name": "lineitem", "Alias": "l3", "Startup Cost": 0.0, "Total Cost": 96829.42, "Plan Rows": 19995678, "Plan Width": 16, "Filter": "(l_receiptdate > l_commitdate), (LLVM Optimized)"}]}]}]}]}, {"Node Type": "Hash", "Parent Relationship": "Inner", "Startup Cost": 214309.83, "Total Cost": 214309.83, "Plan Rows": 59987033, "Plan Width": 16, "Plans": [{"Node Type": "Streaming(type: LOCAL REDISTRIBUTE dop: 64/64)", "Parent Relationship": "Outer", "Startup Cost": 0.0, "Total Cost": 214309.83, "Plan Rows": 59987033, "Plan Width": 16, "Plans": [{"Node Type": "Seq Scan", "Parent Relationship": "Outer", "Relation Name": "lineitem", "Alias": "l2", "Startup Cost": 0.0, "Total Cost": 94486.18, "Plan Rows": 59987033, "Plan Width": 16}]}]}]}]}]}]}]}]}]}]}, "Unique SQL Id": 3870093320}, "explain_analyze_plan": {"Plan": {"Node Type": "Limit", "Startup Cost": 578585.46, "Total Cost": 578585.71, "Plan Rows": 100, "Plan Width": 34, "Actual Min Startup Time": 7798.992, "Actual Max Startup Time": 7798.992, "Actual Min Total Time": 7799.011, "Actual Max Total Time": 7799.011, "Actual Total Rows": 100, "Plans": [{"Node Type": "Sort", "Parent Relationship": "Outer", "Startup Cost": 578585.46, "Total Cost": 578585.71, "Plan Rows": 100, "Plan Width": 34, "Actual Min Startup Time": 7798.99, "Actual Max Startup Time": 7798.99, "Actual Min Total Time": 7798.999, "Actual Max Total Time": 7798.999, "Actual Total Rows": 100, "Sort Key": ["(count(*)) DESC", "supplier.s_name"], "Sort Method": "top-N heapsort", "Sort Space Min Used": 40, "Sort Space Max Used": 40, "Sort Space Type": "Memory", "Plans": [{"Node Type": "Streaming(type: LOCAL GATHER dop: 1/64)", "Parent Relationship": "Outer", "Startup Cost": 578581.34, "Total Cost": 578582.13, "Plan Rows": 100, "Plan Width": 34, "Actual Min Startup Time": 7795.542, "Actual Max Startup Time": 7795.542, "Actual Min Total Time": 7797.214, "Actual Max Total Time": 7797.214, "Actual Total Rows": 3981, "Plans": [{"Node Type": "Limit", "Parent Relationship": "Outer", "Startup Cost": 578581.34, "Total Cost": 578581.59, "Plan Rows": 100, "Plan Width": 34, "Actual Min Startup Time": 6914.12, "Actual Max Startup Time": 7225.363, "Actual Min Total Time": 6914.135, "Actual Max Total Time": 7225.378, "Actual Total Rows": 3981, "Plans": [{"Node Type": "Sort", "Parent Relationship": "Outer", "Startup Cost": 578581.34, "Total Cost": 578604.27, "Plan Rows": 100, "Plan Width": 34, "Actual Min Startup Time": 6914.118, "Actual Max Startup Time": 7225.36, "Actual Min Total Time": 6914.124, "Actual Max Total Time": 7225.366, "Actual Total Rows": 3981, "Sort Key": ["(count(*)) DESC", "supplier.s_name"], "Sort Method": "quicksort", "Sort Space Min Used": 30, "Sort Space Max Used": 30, "Sort Space Type": "Memory", "Plans": [{"Node Type": "Aggregate", "Strategy": "Hashed", "Parent Relationship": "Outer", "Startup Cost": 578229.36, "Total Cost": 578230.79, "Plan Rows": 9172, "Plan Width": 34, "Actual Min Startup Time": 6913.969, "Actual Max Startup Time": 7225.239, "Actual Min Total Time": 6913.985, "Actual Max Total Time": 7225.255, "Actual Total Rows": 3981, "Group By Key": ["supplier.s_name"], "Plans": [{"Node Type": "Streaming(type: LOCAL REDISTRIBUTE dop: 64/64)", "Parent Relationship": "Outer", "Startup Cost": 283866.77, "Total Cost": 578228.64, "Plan Rows": 9172, "Plan Width": 26, "Actual Min Startup Time": 6903.606, "Actual Max Startup Time": 7214.281, "Actual Min Total Time": 6913.639, "Actual Max Total Time": 7224.957, "Actual Total Rows": 39445, "Plans": [{"Node Type": "Hash Join", "Parent Relationship": "Outer", "Join Type": "Semi", "Startup Cost": 283866.77, "Total Cost": 577928.76, "Plan Rows": 9172, "Plan Width": 26, "Actual Min Startup Time": 4907.149, "Actual Max Startup Time": 5234.279, "Actual Min Total Time": 6846.486, "Actual Max Total Time": 7183.522, "Actual Total Rows": 39445, "Inner Unique": false, "Hash Cond": "(orders.o_orderkey = l2.l_orderkey)", "Join Filter": "(l2.l_suppkey <> l1.l_suppkey)", "Rows Removed by Join Filter": 42084, "Plans": [{"Node Type": "Streaming(type: LOCAL REDISTRIBUTE dop: 64/64)", "Parent Relationship": "Outer", "Startup Cost": 218573.09, "Total Cost": 512631.13, "Plan Rows": 9655, "Plan Width": 50, "Actual Min Startup Time": 0.365, "Actual Max Startup Time": 157.652, "Actual Min Total Time": 1996.222, "Actual Max Total Time": 2003.415, "Actual Total Rows": 66116, "Plans": [{"Node Type": "Hash Join", "Parent Relationship": "Outer", "Join Type": "Anti", "Startup Cost": 218573.09, "Total Cost": 449621.98, "Plan Rows": 9655, "Plan Width": 50, "Actual Min Startup Time": 4389.144, "Actual Max Startup Time": 5088.636, "Actual Min Total Time": 6830.133, "Actual Max Total Time": 7215.882, "Actual Total Rows": 66116, "Inner Unique": false, "Hash Cond": "(l1.l_orderkey = l3.l_orderkey)", "Join Filter": "(l3.l_suppkey <> l1.l_suppkey)", "Rows Removed by Join Filter": 265448, "Plans": [{"Node Type": "Streaming(type: LOCAL REDISTRIBUTE dop: 64/64)", "Parent Relationship": "Outer", "Startup Cost": 143588.19, "Total Cost": 374602.56, "Plan Rows": 193099, "Plan Width": 50, "Actual Min Startup Time": 2.686, "Actual Max Startup Time": 468.345, "Actual Min Total Time": 2388.81, "Actual Max Total Time": 2494.526, "Actual Total Rows": 729618, "Plans": [{"Node Type": "Hash Join", "Parent Relationship": "Outer", "Join Type": "Inner", "Startup Cost": 143588.19, "Total Cost": 311419.64, "Plan Rows": 193099, "Plan Width": 50, "Actual Min Startup Time": 328.031, "Actual Max Startup Time": 857.405, "Actual Min Total Time": 5000.369, "Actual Max Total Time": 7075.369, "Actual Total Rows": 729618, "Inner Unique": true, "Hash Cond": "(l1.l_orderkey = orders.o_orderkey), (LLVM Optimized, Jit Execute)", "Plans": [{"Node Type": "Streaming(type: BROADCAST dop: 64/64)", "Parent Relationship": "Outer", "Startup Cost": 71906.2, "Total Cost": 239134.82, "Plan Rows": 9773248, "Plan Width": 42, "Actual Min Startup Time": 137.356, "Actual Max Startup Time": 642.151, "Actual Min Total Time": 3765.372, "Actual Max Total Time": 6059.609, "Actual Total Rows": 96705536, "Plans": [{"Node Type": "Hash Join", "Parent Relationship": "Outer", "Join Type": "Inner", "Startup Cost": 71906.2, "Total Cost": 169931.1, "Plan Rows": 152707, "Plan Width": 42, "Actual Min Startup Time": 317.736, "Actual Max Startup Time": 738.731, "Actual Min Total Time": 1030.246, "Actual Max Total Time": 1547.909, "Actual Total Rows": 1511024, "Inner Unique": false, "Hash Cond": "(l1.l_suppkey = supplier.s_suppkey), (LLVM Optimized, Jit Execute)", "Plans": [{"Node Type": "Seq Scan", "Parent Relationship": "Outer", "Relation Name": "lineitem", "Alias": "l1", "Startup Cost": 0.0, "Total Cost": 96829.42, "Plan Rows": 19995678, "Plan Width": 16, "Actual Min Startup Time": 0.028, "Actual Max Startup Time": 0.097, "Actual Min Total Time": 423.343, "Actual Max Total Time": 569.448, "Actual Total Rows": 37929348, "Filter": "(l_receiptdate > l_commitdate), (LLVM Optimized, Jit Execute)", "Rows Removed by Filter": 22056704}, {"Node Type": "Hash", "Parent Relationship": "Inner", "Startup Cost": 71856.2, "Total Cost": 71856.2, "Plan Rows": 256000, "Plan Width": 34, "Actual Min Startup Time": 317.536, "Actual Max Startup Time": 738.616, "Actual Min Total Time": 317.536, "Actual Max Total Time": 738.616, "Actual Total Rows": 254784, "Max Hash Buckets": 32768, "Min Hash Buckets": 32768, "Max Hash Batches": 1, "Min Hash Batches": 1, "Max Original Hash Batches": 1, "Min Original Hash Batches": 1, "Max Peak Memory Usage": 280, "min Peak Memory Usage": 280, "Plans": [{"Node Type": "Streaming(type: BROADCAST dop: 64/1)", "Parent Relationship": "Outer", "Startup Cost": 1.32, "Total Cost": 71856.2, "Plan Rows": 256000, "Plan Width": 34, "Actual Min Startup Time": 0.037, "Actual Max Startup Time": 184.922, "Actual Min Total Time": 314.151, "Actual Max Total Time": 736.27, "Actual Total Rows": 254784, "Plans": [{"Node Type": "Hash Join", "Parent Relationship": "Outer", "Join Type": "Inner", "Startup Cost": 1.32, "Total Cost": 3574.95, "Plan Rows": 4000, "Plan Width": 34, "Actual Min Startup Time": 0.167, "Actual Max Startup Time": 0.167, "Actual Min Total Time": 52.587, "Actual Max Total Time": 52.587, "Actual Total Rows": 3981, "Inner Unique": true, "Hash Cond": "(supplier.s_nationkey = nation.n_nationkey)", "Plans": [{"Node Type": "Seq Scan", "Parent Relationship": "Outer", "Relation Name": "supplier", "Alias": "supplier", "Startup Cost": 0.0, "Total Cost": 3283.0, "Plan Rows": 100000, "Plan Width": 38, "Actual Min Startup Time": 0.022, "Actual Max Startup Time": 0.022, "Actual Min Total Time": 31.994, "Actual Max Total Time": 31.994, "Actual Total Rows": 100000}, {"Node Type": "Hash", "Parent Relationship": "Inner", "Startup Cost": 1.31, "Total Cost": 1.31, "Plan Rows": 1, "Plan Width": 4, "Actual Min Startup Time": 0.06, "Actual Max Startup Time": 0.06, "Actual Min Total Time": 0.06, "Actual Max Total Time": 0.06, "Actual Total Rows": 1, "Max Hash Buckets": 32768, "Min Hash Buckets": 32768, "Max Hash Batches": 1, "Min Hash Batches": 1, "Max Original Hash Batches": 1, "Min Original Hash Batches": 1, "Max Peak Memory Usage": 1, "min Peak Memory Usage": 1, "Plans": [{"Node Type": "Seq Scan", "Parent Relationship": "Outer", "Relation Name": "nation", "Alias": "nation", "Startup Cost": 0.0, "Total Cost": 1.31, "Plan Rows": 1, "Plan Width": 4, "Actual Min Startup Time": 0.037, "Actual Max Startup Time": 0.037, "Actual Min Total Time": 0.044, "Actual Max Total Time": 0.044, "Actual Total Rows": 1, "Filter": "(n_name = 'EGYPT'::bpchar)", "Rows Removed by Filter": 24}]}]}]}]}]}]}, {"Node Type": "Hash", "Parent Relationship": "Inner", "Startup Cost": 70248.63, "Total Cost": 70248.63, "Plan Rows": 7338812, "Plan Width": 8, "Actual Min Startup Time": 132.867, "Actual Max Startup Time": 282.379, "Actual Min Total Time": 132.867, "Actual Max Total Time": 282.379, "Actual Total Rows": 7309184, "Max Hash Buckets": 131072, "Min Hash Buckets": 131072, "Max Hash Batches": 1, "Min Hash Batches": 1, "Max Original Hash Batches": 1, "Min Original Hash Batches": 1, "Max Peak Memory Usage": 4542, "min Peak Memory Usage": 4542, "Plans": [{"Node Type": "Seq Scan", "Parent Relationship": "Outer", "Relation Name": "orders", "Alias": "orders", "Startup Cost": 0.0, "Total Cost": 70248.63, "Plan Rows": 7338812, "Plan Width": 8, "Actual Min Startup Time": 0.028, "Actual Max Startup Time": 3.642, "Actual Min Total Time": 100.735, "Actual Max Total Time": 125.655, "Actual Total Rows": 7309184, "Filter": "(o_orderstatus = 'F'::bpchar), (LLVM Optimized, Jit Execute)", "Rows Removed by Filter": 7690816}]}]}]}, {"Node Type": "Hash", "Parent Relationship": "Inner", "Startup Cost": 178770.64, "Total Cost": 178770.64, "Plan Rows": 19995678, "Plan Width": 16, "Actual Min Startup Time": 4321.083, "Actual Max Startup Time": 4713.711, "Actual Min Total Time": 4321.083, "Actual Max Total Time": 4713.711, "Actual Total Rows": 37929348, "Max Hash Buckets": 524288, "Min Hash Buckets": 524288, "Max Hash Batches": 1, "Min Hash Batches": 1, "Max Original Hash Batches": 1, "Min Original Hash Batches": 1, "Max Peak Memory Usage": 27746, "min Peak Memory Usage": 27746, "Plans": [{"Node Type": "Streaming(type: LOCAL REDISTRIBUTE dop: 64/64)", "Parent Relationship": "Outer", "Startup Cost": 0.0, "Total Cost": 178770.64, "Plan Rows": 19995678, "Plan Width": 16, "Actual Min Startup Time": 0.135, "Actual Max Startup Time": 269.653, "Actual Min Total Time": 4058.419, "Actual Max Total Time": 4440.43, "Actual Total Rows": 37929348, "Plans": [{"Node Type": "Seq Scan", "Parent Relationship": "Outer", "Relation Name": "lineitem", "Alias": "l3", "Startup Cost": 0.0, "Total Cost": 96829.42, "Plan Rows": 19995678, "Plan Width": 16, "Actual Min Startup Time": 0.022, "Actual Max Startup Time": 0.476, "Actual Min Total Time": 488.072, "Actual Max Total Time": 549.268, "Actual Total Rows": 37929348, "Filter": "(l_receiptdate > l_commitdate), (LLVM Optimized, Jit Execute)", "Rows Removed by Filter": 22056704}]}]}]}]}, {"Node Type": "Hash", "Parent Relationship": "Inner", "Startup Cost": 214309.83, "Total Cost": 214309.83, "Plan Rows": 59987033, "Plan Width": 16, "Actual Min Startup Time": 4828.385, "Actual Max Startup Time": 5179.776, "Actual Min Total Time": 4828.385, "Actual Max Total Time": 5179.776, "Actual Total Rows": 59986052, "Max Hash Buckets": 1048576, "Min Hash Buckets": 1048576, "Max Hash Batches": 1, "Min Hash Batches": 1, "Max Original Hash Batches": 1, "Min Original Hash Batches": 1, "Max Peak Memory Usage": 43870, "min Peak Memory Usage": 43870, "Plans": [{"Node Type": "Streaming(type: LOCAL REDISTRIBUTE dop: 64/64)", "Parent Relationship": "Outer", "Startup Cost": 0.0, "Total Cost": 214309.83, "Plan Rows": 59987033, "Plan Width": 16, "Actual Min Startup Time": 0.133, "Actual Max Startup Time": 226.909, "Actual Min Total Time": 4279.788, "Actual Max Total Time": 4800.711, "Actual Total Rows": 59986052, "Plans": [{"Node Type": "Seq Scan", "Parent Relationship": "Outer", "Relation Name": "lineitem", "Alias": "l2", "Startup Cost": 0.0, "Total Cost": 94486.18, "Plan Rows": 59987033, "Plan Width": 16, "Actual Min Startup Time": 0.013, "Actual Max Startup Time": 0.084, "Actual Min Total Time": 369.422, "Actual Max Total Time": 393.711, "Actual Total Rows": 59986052}]}]}]}]}]}]}]}]}]}]}, "Triggers": [], "Planner Runtime": 18.954, "Total Runtime": 7930.79, "Unique SQL Id": 3870093320}}, "(64, 47)": {"explain_plan": {"Plan": {"Node Type": "Limit", "Startup Cost": 6014182839649.49, "Total Cost": 6014182839649.74, "Plan Rows": 100, "Plan Width": 34, "Plans": [{"Node Type": "Sort", "Parent Relationship": "Outer", "Startup Cost": 6014182839649.49, "Total Cost": 6014182839672.42, "Plan Rows": 100, "Plan Width": 34, "Sort Key": ["(count(*)) DESC", "supplier.s_name"], "Plans": [{"Node Type": "Aggregate", "Strategy": "Hashed", "Parent Relationship": "Outer", "Startup Cost": 6014182839207.22, "Total Cost": 6014182839298.94, "Plan Rows": 9172, "Plan Width": 34, "Group By Key": ["supplier.s_name"], "Plans": [{"Node Type": "Nested Loop", "Parent Relationship": "Outer", "Join Type": "Inner", "Startup Cost": 60000000000.0, "Total Cost": 6014182839161.36, "Plan Rows": 9172, "Plan Width": 26, "Inner Unique": false, "Join Filter": "(l1.l_orderkey = orders.o_orderkey)", "Plans": [{"Node Type": "Index Scan", "Parent Relationship": "Outer", "Scan Direction": "Forward", "Index Name": "orders_pkey", "Relation Name": "orders", "Alias": "orders", "Startup Cost": 10000000000.0, "Total Cost": 1000076847713.25, "Plan Rows": 7338812, "Plan Width": 8, "Filter": "(o_orderstatus = 'F'::bpchar), (LLVM Optimized)"}, {"Node Type": "Materialize", "Parent Relationship": "Inner", "Startup Cost": 50000000000.0, "Total Cost": 5013307455332.53, "Plan Rows": 7254, "Plan Width": 42, "Plans": [{"Node Type": "Nested Loop", "Parent Relationship": "Outer", "Join Type": "Semi", "Startup Cost": 50000000000.0, "Total Cost": 5013307455296.26, "Plan Rows": 7254, "Plan Width": 42, "Inner Unique": false, "Join Filter": "((l2.l_suppkey <> l1.l_suppkey) AND (l1.l_orderkey = l2.l_orderkey))", "Plans": [{"Node Type": "Nested Loop", "Parent Relationship": "Outer", "Join Type": "Anti", "Startup Cost": 40000000000.0, "Total Cost": 4011848919915.73, "Plan Rows": 7635, "Plan Width": 42, "Inner Unique": false, "Join Filter": "((l3.l_suppkey <> l1.l_suppkey) AND (l3.l_orderkey = l1.l_orderkey))", "Plans": [{"Node Type": "Nested Loop", "Parent Relationship": "Outer", "Join Type": "Inner", "Startup Cost": 30000000000.0, "Total Cost": 3001539289162.94, "Plan Rows": 152707, "Plan Width": 42, "Inner Unique": false, "Join Filter": "(supplier.s_suppkey = l1.l_suppkey), (LLVM Optimized)", "Plans": [{"Node Type": "Index Scan", "Parent Relationship": "Outer", "Scan Direction": "Forward", "Index Name": "idx_lineitem_orderkey", "Relation Name": "lineitem", "Alias": "l1", "Startup Cost": 10000000000.0, "Total Cost": 1000339012132.75, "Plan Rows": 19995678, "Plan Width": 16, "Filter": "(l_receiptdate > l_commitdate), (LLVM Optimized)"}, {"Node Type": "Materialize", "Parent Relationship": "Inner", "Startup Cost": 20000000000.0, "Total Cost": 2000000536360.19, "Plan Rows": 4000, "Plan Width": 34, "Plans": [{"Node Type": "Nested Loop", "Parent Relationship": "Outer", "Join Type": "Inner", "Startup Cost": 20000000000.0, "Total Cost": 2000000536340.19, "Plan Rows": 4000, "Plan Width": 34, "Inner Unique": true, "Join Filter": "(supplier.s_nationkey = nation.n_nationkey)", "Plans": [{"Node Type": "Index Scan", "Parent Relationship": "Outer", "Scan Direction": "Forward", "Index Name": "supplier_pkey", "Relation Name": "supplier", "Alias": "supplier", "Startup Cost": 10000000000.0, "Total Cost": 1000000533571.43, "Plan Rows": 100000, "Plan Width": 38}, {"Node Type": "Materialize", "Parent Relationship": "Inner", "Startup Cost": 10000000000.0, "Total Cost": 1000000001268.76, "Plan Rows": 1, "Plan Width": 4, "Plans": [{"Node Type": "Index Scan", "Parent Relationship": "Outer", "Scan Direction": "Forward", "Index Name": "nation_pkey", "Relation Name": "nation", "Alias": "nation", "Startup Cost": 10000000000.0, "Total Cost": 1000000001268.75, "Plan Rows": 1, "Plan Width": 4, "Filter": "(n_name = 'EGYPT'::bpchar)"}]}]}]}]}, {"Node Type": "Materialize", "Parent Relationship": "Inner", "Startup Cost": 10000000000.0, "Total Cost": 1000339112111.14, "Plan Rows": 19995678, "Plan Width": 16, "Plans": [{"Node Type": "Index Scan", "Parent Relationship": "Outer", "Scan Direction": "Forward", "Index Name": "idx_lineitem_orderkey", "Relation Name": "lineitem", "Alias": "l3", "Startup Cost": 10000000000.0, "Total Cost": 1000339012132.75, "Plan Rows": 19995678, "Plan Width": 16, "Filter": "(l_receiptdate > l_commitdate), (LLVM Optimized)"}]}]}, {"Node Type": "Materialize", "Parent Relationship": "Inner", "Startup Cost": 10000000000.0, "Total Cost": 1000324315309.67, "Plan Rows": 59987033, "Plan Width": 16, "Plans": [{"Node Type": "Index Scan", "Parent Relationship": "Outer", "Scan Direction": "Forward", "Index Name": "idx_lineitem_orderkey", "Relation Name": "lineitem", "Alias": "l2", "Startup Cost": 10000000000.0, "Total Cost": 1000324015374.5, "Plan Rows": 59987033, "Plan Width": 16}]}]}]}]}]}]}]}, "Unique SQL Id": 3870093320}, "explain_analyze_plan": null}, "(64, 48)": {"explain_plan": {"Plan": {"Node Type": "Limit", "Startup Cost": 599935.6, "Total Cost": 599935.85, "Plan Rows": 100, "Plan Width": 34, "Plans": [{"Node Type": "Sort", "Parent Relationship": "Outer", "Startup Cost": 599935.6, "Total Cost": 599958.53, "Plan Rows": 100, "Plan Width": 34, "Sort Key": ["(count(*)) DESC", "supplier.s_name"], "Plans": [{"Node Type": "Aggregate", "Strategy": "Hashed", "Parent Relationship": "Outer", "Startup Cost": 599493.33, "Total Cost": 599585.05, "Plan Rows": 9172, "Plan Width": 34, "Group By Key": ["supplier.s_name"], "Plans": [{"Node Type": "Nested Loop", "Parent Relationship": "Outer", "Join Type": "Inner", "Startup Cost": 0.0, "Total Cost": 599447.47, "Plan Rows": 9172, "Plan Width": 26, "Inner Unique": true, "Join Filter": "(l1.l_orderkey = orders.o_orderkey)", "Plans": [{"Node Type": "Nested Loop", "Parent Relationship": "Outer", "Join Type": "Semi", "Startup Cost": 0.0, "Total Cost": 592347.1, "Plan Rows": 7254, "Plan Width": 42, "Inner Unique": false, "Plans": [{"Node Type": "Nested Loop", "Parent Relationship": "Outer", "Join Type": "Anti", "Startup Cost": 0.0, "Total Cost": 590491.54, "Plan Rows": 7635, "Plan Width": 42, "Inner Unique": false, "Plans": [{"Node Type": "Streaming(type: LOCAL GATHER dop: 1/64)", "Parent Relationship": "Outer", "Startup Cost": 0.0, "Total Cost": 543304.32, "Plan Rows": 152707, "Plan Width": 42, "Plans": [{"Node Type": "Nested Loop", "Parent Relationship": "Outer", "Join Type": "Inner", "Startup Cost": 0.0, "Total Cost": 540153.99, "Plan Rows": 152707, "Plan Width": 42, "Inner Unique": false, "Join Filter": "(supplier.s_suppkey = l1.l_suppkey), (LLVM Optimized)", "Plans": [{"Node Type": "Streaming(type: LOCAL REDISTRIBUTE dop: 64/1)", "Parent Relationship": "Outer", "Startup Cost": 0.0, "Total Cost": 67696.83, "Plan Rows": 4000, "Plan Width": 34, "Plans": [{"Node Type": "Nested Loop", "Parent Relationship": "Outer", "Join Type": "Inner", "Startup Cost": 0.0, "Total Cost": 4534.31, "Plan Rows": 4000, "Plan Width": 34, "Inner Unique": false, "Join Filter": "(supplier.s_nationkey = nation.n_nationkey)", "Plans": [{"Node Type": "Seq Scan", "Parent Relationship": "Outer", "Relation Name": "nation", "Alias": "nation", "Startup Cost": 0.0, "Total Cost": 1.31, "Plan Rows": 1, "Plan Width": 4, "Filter": "(n_name = 'EGYPT'::bpchar)"}, {"Node Type": "Seq Scan", "Parent Relationship": "Inner", "Relation Name": "supplier", "Alias": "supplier", "Startup Cost": 0.0, "Total Cost": 3283.0, "Plan Rows": 100000, "Plan Width": 38}]}]}, {"Node Type": "Materialize", "Parent Relationship": "Inner", "Startup Cost": 0.0, "Total Cost": 180332.8, "Plan Rows": 19995678, "Plan Width": 16, "Plans": [{"Node Type": "Streaming(type: LOCAL REDISTRIBUTE dop: 64/64)", "Parent Relationship": "Outer", "Startup Cost": 0.0, "Total Cost": 178770.64, "Plan Rows": 19995678, "Plan Width": 16, "Plans": [{"Node Type": "Seq Scan", "Parent Relationship": "Outer", "Relation Name": "lineitem", "Alias": "l1", "Startup Cost": 0.0, "Total Cost": 96829.42, "Plan Rows": 19995678, "Plan Width": 16, "Filter": "(l_receiptdate > l_commitdate), (LLVM Optimized)"}]}]}]}]}, {"Node Type": "Index Scan", "Parent Relationship": "Inner", "Scan Direction": "Forward", "Index Name": "idx_lineitem_orderkey", "Relation Name": "lineitem", "Alias": "l3", "Startup Cost": 0.0, "Total Cost": 1.63, "Plan Rows": 3, "Plan Width": 16, "Index Cond": "(l_orderkey = l1.l_orderkey)", "Filter": "((l_receiptdate > l_commitdate) AND (l_suppkey <> l1.l_suppkey))"}]}, {"Node Type": "Index Scan", "Parent Relationship": "Inner", "Scan Direction": "Forward", "Index Name": "idx_lineitem_orderkey", "Relation Name": "lineitem", "Alias": "l2", "Startup Cost": 0.0, "Total Cost": 1.63, "Plan Rows": 9, "Plan Width": 16, "Index Cond": "(l_orderkey = l1.l_orderkey)", "Filter": "(l_suppkey <> l1.l_suppkey)"}]}, {"Node Type": "Index Scan", "Parent Relationship": "Inner", "Scan Direction": "Forward", "Index Name": "orders_pkey", "Relation Name": "orders", "Alias": "orders", "Startup Cost": 0.0, "Total Cost": 0.97, "Plan Rows": 1, "Plan Width": 8, "Index Cond": "(o_orderkey = l2.l_orderkey)", "Filter": "(o_orderstatus = 'F'::bpchar)"}]}]}]}]}, "Unique SQL Id": 3870093320}, "explain_analyze_plan": {"Plan": {"Node Type": "Limit", "Startup Cost": 599935.6, "Total Cost": 599935.85, "Plan Rows": 100, "Plan Width": 34, "Actual Min Startup Time": 22135.209, "Actual Max Startup Time": 22135.209, "Actual Min Total Time": 22135.229, "Actual Max Total Time": 22135.229, "Actual Total Rows": 100, "Plans": [{"Node Type": "Sort", "Parent Relationship": "Outer", "Startup Cost": 599935.6, "Total Cost": 599958.53, "Plan Rows": 100, "Plan Width": 34, "Actual Min Startup Time": 22135.204, "Actual Max Startup Time": 22135.204, "Actual Min Total Time": 22135.212, "Actual Max Total Time": 22135.212, "Actual Total Rows": 100, "Sort Key": ["(count(*)) DESC", "supplier.s_name"], "Sort Method": "top-N heapsort", "Sort Space Min Used": 41, "Sort Space Max Used": 41, "Sort Space Type": "Memory", "Plans": [{"Node Type": "Aggregate", "Strategy": "Hashed", "Parent Relationship": "Outer", "Startup Cost": 599493.33, "Total Cost": 599585.05, "Plan Rows": 9172, "Plan Width": 34, "Actual Min Startup Time": 22131.822, "Actual Max Startup Time": 22131.822, "Actual Min Total Time": 22133.014, "Actual Max Total Time": 22133.014, "Actual Total Rows": 3981, "Group By Key": ["supplier.s_name"], "Plans": [{"Node Type": "Nested Loop", "Parent Relationship": "Outer", "Join Type": "Inner", "Startup Cost": 0.0, "Total Cost": 599447.47, "Plan Rows": 9172, "Plan Width": 26, "Actual Min Startup Time": 2089.674, "Actual Max Startup Time": 2089.674, "Actual Min Total Time": 22070.682, "Actual Max Total Time": 22070.682, "Actual Total Rows": 39445, "Inner Unique": true, "Join Filter": "(l1.l_orderkey = orders.o_orderkey)", "Rows Removed by Join Filter": 0, "Plans": [{"Node Type": "Nested Loop", "Parent Relationship": "Outer", "Join Type": "Semi", "Startup Cost": 0.0, "Total Cost": 592347.1, "Plan Rows": 7254, "Plan Width": 42, "Actual Min Startup Time": 2089.648, "Actual Max Startup Time": 2089.648, "Actual Min Total Time": 21307.341, "Actual Max Total Time": 21307.341, "Actual Total Rows": 80537, "Inner Unique": false, "Plans": [{"Node Type": "Nested Loop", "Parent Relationship": "Outer", "Join Type": "Anti", "Startup Cost": 0.0, "Total Cost": 590491.54, "Plan Rows": 7635, "Plan Width": 42, "Actual Min Startup Time": 2089.636, "Actual Max Startup Time": 2089.636, "Actual Min Total Time": 20688.752, "Actual Max Total Time": 20688.752, "Actual Total Rows": 135110, "Inner Unique": false, "Plans": [{"Node Type": "Streaming(type: LOCAL GATHER dop: 1/64)", "Parent Relationship": "Outer", "Startup Cost": 0.0, "Total Cost": 543304.32, "Plan Rows": 152707, "Plan Width": 42, "Actual Min Startup Time": 2089.092, "Actual Max Startup Time": 2089.092, "Actual Min Total Time": 4652.838, "Actual Max Total Time": 4652.838, "Actual Total Rows": 1511024, "Plans": [{"Node Type": "Nested Loop", "Parent Relationship": "Outer", "Join Type": "Inner", "Startup Cost": 0.0, "Total Cost": 540153.99, "Plan Rows": 152707, "Plan Width": 42, "Actual Min Startup Time": 1641.633, "Actual Max Startup Time": 1891.958, "Actual Min Total Time": 9480.704, "Actual Max Total Time": 16809.137, "Actual Total Rows": 1511024, "Inner Unique": false, "Join Filter": "(supplier.s_suppkey = l1.l_suppkey), (LLVM Optimized, Jit Execute)", "Rows Removed by Join Filter": 2358157333, "Plans": [{"Node Type": "Streaming(type: LOCAL REDISTRIBUTE dop: 64/1)", "Parent Relationship": "Outer", "Startup Cost": 0.0, "Total Cost": 67696.83, "Plan Rows": 4000, "Plan Width": 34, "Actual Min Startup Time": 0.033, "Actual Max Startup Time": 0.09, "Actual Min Total Time": 0.079, "Actual Max Total Time": 0.379, "Actual Total Rows": 3981, "Plans": [{"Node Type": "Nested Loop", "Parent Relationship": "Outer", "Join Type": "Inner", "Startup Cost": 0.0, "Total Cost": 4534.31, "Plan Rows": 4000, "Plan Width": 34, "Actual Min Startup Time": 0.076, "Actual Max Startup Time": 0.076, "Actual Min Total Time": 51.71, "Actual Max Total Time": 51.71, "Actual Total Rows": 3981, "Inner Unique": false, "Join Filter": "(supplier.s_nationkey = nation.n_nationkey)", "Rows Removed by Join Filter": 96019, "Plans": [{"Node Type": "Seq Scan", "Parent Relationship": "Outer", "Relation Name": "nation", "Alias": "nation", "Startup Cost": 0.0, "Total Cost": 1.31, "Plan Rows": 1, "Plan Width": 4, "Actual Min Startup Time": 0.043, "Actual Max Startup Time": 0.043, "Actual Min Total Time": 0.056, "Actual Max Total Time": 0.056, "Actual Total Rows": 1, "Filter": "(n_name = 'EGYPT'::bpchar)", "Rows Removed by Filter": 24}, {"Node Type": "Seq Scan", "Parent Relationship": "Inner", "Relation Name": "supplier", "Alias": "supplier", "Startup Cost": 0.0, "Total Cost": 3283.0, "Plan Rows": 100000, "Plan Width": 38, "Actual Min Startup Time": 0.012, "Actual Max Startup Time": 0.012, "Actual Min Total Time": 28.719, "Actual Max Total Time": 28.719, "Actual Total Rows": 100000}]}]}, {"Node Type": "Materialize", "Parent Relationship": "Inner", "Startup Cost": 0.0, "Total Cost": 180332.8, "Plan Rows": 19995678, "Plan Width": 16, "Actual Min Startup Time": 1640.736, "Actual Max Startup Time": 1891.094, "Actual Min Total Time": 5962.818, "Actual Max Total Time": 11299.558, "Actual Total Rows": 2359668421, "Plans": [{"Node Type": "Streaming(type: LOCAL REDISTRIBUTE dop: 64/64)", "Parent Relationship": "Outer", "Startup Cost": 0.0, "Total Cost": 178770.64, "Plan Rows": 19995678, "Plan Width": 16, "Actual Min Startup Time": 0.111, "Actual Max Startup Time": 217.514, "Actual Min Total Time": 1520.886, "Actual Max Total Time": 1786.037, "Actual Total Rows": 37929348, "Plans": [{"Node Type": "Seq Scan", "Parent Relationship": "Outer", "Relation Name": "lineitem", "Alias": "l1", "Startup Cost": 0.0, "Total Cost": 96829.42, "Plan Rows": 19995678, "Plan Width": 16, "Actual Min Startup Time": 0.022, "Actual Max Startup Time": 0.066, "Actual Min Total Time": 458.493, "Actual Max Total Time": 541.009, "Actual Total Rows": 37929348, "Filter": "(l_receiptdate > l_commitdate), (LLVM Optimized, Jit Execute)", "Rows Removed by Filter": 22056704}]}]}]}]}, {"Node Type": "Index Scan", "Parent Relationship": "Inner", "Scan Direction": "Forward", "Index Name": "idx_lineitem_orderkey", "Relation Name": "lineitem", "Alias": "l3", "Startup Cost": 0.0, "Total Cost": 1.63, "Plan Rows": 3, "Plan Width": 16, "Actual Min Startup Time": 14958.555, "Actual Max Startup Time": 14958.555, "Actual Min Total Time": 14958.555, "Actual Max Total Time": 14958.555, "Actual Total Rows": 1375914, "Index Cond": "(l_orderkey = l1.l_orderkey)", "Rows Removed by Index Recheck": 0, "Filter": "((l_receiptdate > l_commitdate) AND (l_suppkey <> l1.l_suppkey))", "Rows Removed by Filter": 1348115}]}, {"Node Type": "Index Scan", "Parent Relationship": "Inner", "Scan Direction": "Forward", "Index Name": "idx_lineitem_orderkey", "Relation Name": "lineitem", "Alias": "l2", "Startup Cost": 0.0, "Total Cost": 1.63, "Plan Rows": 9, "Plan Width": 16, "Actual Min Startup Time": 513.699, "Actual Max Startup Time": 513.699, "Actual Min Total Time": 513.699, "Actual Max Total Time": 513.699, "Actual Total Rows": 80537, "Index Cond": "(l_orderkey = l1.l_orderkey)", "Rows Removed by Index Recheck": 0, "Filter": "(l_suppkey <> l1.l_suppkey)", "Rows Removed by Filter": 85912}]}, {"Node Type": "Index Scan", "Parent Relationship": "Inner", "Scan Direction": "Forward", "Index Name": "orders_pkey", "Relation Name": "orders", "Alias": "orders", "Startup Cost": 0.0, "Total Cost": 0.97, "Plan Rows": 1, "Plan Width": 8, "Actual Min Startup Time": 687.68, "Actual Max Startup Time": 687.68, "Actual Min Total Time": 687.68, "Actual Max Total Time": 687.68, "Actual Total Rows": 39445, "Index Cond": "(o_orderkey = l2.l_orderkey)", "Rows Removed by Index Recheck": 0, "Filter": "(o_orderstatus = 'F'::bpchar)", "Rows Removed by Filter": 41092}]}]}]}]}, "Triggers": [], "Planner Runtime": 9.23, "Total Runtime": 22173.314, "Unique SQL Id": 3870093320}}, "(64, 49)": {"explain_plan": {"Plan": {"Node Type": "Limit", "Startup Cost": 3220169.9, "Total Cost": 3220170.15, "Plan Rows": 100, "Plan Width": 34, "Plans": [{"Node Type": "Sort", "Parent Relationship": "Outer", "Startup Cost": 3220169.9, "Total Cost": 3220192.83, "Plan Rows": 100, "Plan Width": 34, "Sort Key": ["(count(*)) DESC", "supplier.s_name"], "Plans": [{"Node Type": "Aggregate", "Strategy": "Hashed", "Parent Relationship": "Outer", "Startup Cost": 3219727.63, "Total Cost": 3219819.35, "Plan Rows": 9172, "Plan Width": 34, "Group By Key": ["supplier.s_name"], "Plans": [{"Node Type": "Nested Loop", "Parent Relationship": "Outer", "Join Type": "Inner", "Startup Cost": 0.0, "Total Cost": 3219681.77, "Plan Rows": 9172, "Plan Width": 26, "Inner Unique": true, "Join Filter": "(l1.l_orderkey = orders.o_orderkey)", "Plans": [{"Node Type": "Nested Loop", "Parent Relationship": "Outer", "Join Type": "Semi", "Startup Cost": 0.0, "Total Cost": 3212581.4, "Plan Rows": 7254, "Plan Width": 42, "Inner Unique": false, "Plans": [{"Node Type": "Nested Loop", "Parent Relationship": "Outer", "Join Type": "Anti", "Startup Cost": 0.0, "Total Cost": 3210725.84, "Plan Rows": 7635, "Plan Width": 42, "Inner Unique": false, "Plans": [{"Node Type": "Streaming(type: LOCAL GATHER dop: 1/64)", "Parent Relationship": "Outer", "Startup Cost": 0.0, "Total Cost": 3163538.62, "Plan Rows": 152707, "Plan Width": 42, "Plans": [{"Node Type": "Nested Loop", "Parent Relationship": "Outer", "Join Type": "Inner", "Startup Cost": 0.0, "Total Cost": 3160388.29, "Plan Rows": 152707, "Plan Width": 42, "Inner Unique": false, "Join Filter": "(supplier.s_suppkey = l1.l_suppkey), (LLVM Optimized)", "Plans": [{"Node Type": "Streaming(type: LOCAL REDISTRIBUTE dop: 64/1)", "Parent Relationship": "Outer", "Startup Cost": 0.0, "Total Cost": 69760.92, "Plan Rows": 4000, "Plan Width": 34, "Plans": [{"Node Type": "Nested Loop", "Parent Relationship": "Outer", "Join Type": "Inner", "Startup Cost": 0.0, "Total Cost": 6598.4, "Plan Rows": 4000, "Plan Width": 34, "Inner Unique": false, "Join Filter": "(supplier.s_nationkey = nation.n_nationkey)", "Plans": [{"Node Type": "Index Scan", "Parent Relationship": "Outer", "Scan Direction": "Forward", "Index Name": "nation_pkey", "Relation Name": "nation", "Alias": "nation", "Startup Cost": 0.0, "Total Cost": 12.69, "Plan Rows": 1, "Plan Width": 4, "Filter": "(n_name = 'EGYPT'::bpchar)"}, {"Node Type": "Index Scan", "Parent Relationship": "Inner", "Scan Direction": "Forward", "Index Name": "supplier_pkey", "Relation Name": "supplier", "Alias": "supplier", "Startup Cost": 0.0, "Total Cost": 5335.71, "Plan Rows": 100000, "Plan Width": 38}]}]}, {"Node Type": "Materialize", "Parent Relationship": "Inner", "Startup Cost": 0.0, "Total Cost": 2798503.01, "Plan Rows": 19995678, "Plan Width": 16, "Plans": [{"Node Type": "Streaming(type: LOCAL REDISTRIBUTE dop: 64/64)", "Parent Relationship": "Outer", "Startup Cost": 0.0, "Total Cost": 2796940.85, "Plan Rows": 19995678, "Plan Width": 16, "Plans": [{"Node Type": "Index Scan", "Parent Relationship": "Outer", "Scan Direction": "Forward", "Index Name": "idx_lineitem_orderkey", "Relation Name": "lineitem", "Alias": "l1", "Startup Cost": 0.0, "Total Cost": 2714999.63, "Plan Rows": 19995678, "Plan Width": 16, "Filter": "(l_receiptdate > l_commitdate), (LLVM Optimized)"}]}]}]}]}, {"Node Type": "Index Scan", "Parent Relationship": "Inner", "Scan Direction": "Forward", "Index Name": "idx_lineitem_orderkey", "Relation Name": "lineitem", "Alias": "l3", "Startup Cost": 0.0, "Total Cost": 1.63, "Plan Rows": 3, "Plan Width": 16, "Index Cond": "(l_orderkey = l1.l_orderkey)", "Filter": "((l_receiptdate > l_commitdate) AND (l_suppkey <> l1.l_suppkey))"}]}, {"Node Type": "Index Scan", "Parent Relationship": "Inner", "Scan Direction": "Forward", "Index Name": "idx_lineitem_orderkey", "Relation Name": "lineitem", "Alias": "l2", "Startup Cost": 0.0, "Total Cost": 1.63, "Plan Rows": 9, "Plan Width": 16, "Index Cond": "(l_orderkey = l1.l_orderkey)", "Filter": "(l_suppkey <> l1.l_suppkey)"}]}, {"Node Type": "Index Scan", "Parent Relationship": "Inner", "Scan Direction": "Forward", "Index Name": "orders_pkey", "Relation Name": "orders", "Alias": "orders", "Startup Cost": 0.0, "Total Cost": 0.97, "Plan Rows": 1, "Plan Width": 8, "Index Cond": "(o_orderkey = l2.l_orderkey)", "Filter": "(o_orderstatus = 'F'::bpchar)"}]}]}]}]}, "Unique SQL Id": 3870093320}, "explain_analyze_plan": {"Plan": {"Node Type": "Limit", "Startup Cost": 3220169.9, "Total Cost": 3220170.15, "Plan Rows": 100, "Plan Width": 34, "Actual Min Startup Time": 25761.332, "Actual Max Startup Time": 25761.332, "Actual Min Total Time": 25761.348, "Actual Max Total Time": 25761.348, "Actual Total Rows": 100, "Plans": [{"Node Type": "Sort", "Parent Relationship": "Outer", "Startup Cost": 3220169.9, "Total Cost": 3220192.83, "Plan Rows": 100, "Plan Width": 34, "Actual Min Startup Time": 25761.329, "Actual Max Startup Time": 25761.329, "Actual Min Total Time": 25761.336, "Actual Max Total Time": 25761.336, "Actual Total Rows": 100, "Sort Key": ["(count(*)) DESC", "supplier.s_name"], "Sort Method": "top-N heapsort", "Sort Space Min Used": 41, "Sort Space Max Used": 41, "Sort Space Type": "Memory", "Plans": [{"Node Type": "Aggregate", "Strategy": "Hashed", "Parent Relationship": "Outer", "Startup Cost": 3219727.63, "Total Cost": 3219819.35, "Plan Rows": 9172, "Plan Width": 34, "Actual Min Startup Time": 25758.056, "Actual Max Startup Time": 25758.056, "Actual Min Total Time": 25759.319, "Actual Max Total Time": 25759.319, "Actual Total Rows": 3981, "Group By Key": ["supplier.s_name"], "Plans": [{"Node Type": "Nested Loop", "Parent Relationship": "Outer", "Join Type": "Inner", "Startup Cost": 0.0, "Total Cost": 3219681.77, "Plan Rows": 9172, "Plan Width": 26, "Actual Min Startup Time": 5073.861, "Actual Max Startup Time": 5073.861, "Actual Min Total Time": 25693.464, "Actual Max Total Time": 25693.464, "Actual Total Rows": 39445, "Inner Unique": true, "Join Filter": "(l1.l_orderkey = orders.o_orderkey)", "Rows Removed by Join Filter": 0, "Plans": [{"Node Type": "Nested Loop", "Parent Relationship": "Outer", "Join Type": "Semi", "Startup Cost": 0.0, "Total Cost": 3212581.4, "Plan Rows": 7254, "Plan Width": 42, "Actual Min Startup Time": 5071.269, "Actual Max Startup Time": 5071.269, "Actual Min Total Time": 24916.426, "Actual Max Total Time": 24916.426, "Actual Total Rows": 80537, "Inner Unique": false, "Plans": [{"Node Type": "Nested Loop", "Parent Relationship": "Outer", "Join Type": "Anti", "Startup Cost": 0.0, "Total Cost": 3210725.84, "Plan Rows": 7635, "Plan Width": 42, "Actual Min Startup Time": 5071.257, "Actual Max Startup Time": 5071.257, "Actual Min Total Time": 24272.311, "Actual Max Total Time": 24272.311, "Actual Total Rows": 135110, "Inner Unique": false, "Plans": [{"Node Type": "Streaming(type: LOCAL GATHER dop: 1/64)", "Parent Relationship": "Outer", "Startup Cost": 0.0, "Total Cost": 3163538.62, "Plan Rows": 152707, "Plan Width": 42, "Actual Min Startup Time": 5070.873, "Actual Max Startup Time": 5070.873, "Actual Min Total Time": 7986.719, "Actual Max Total Time": 7986.719, "Actual Total Rows": 1511024, "Plans": [{"Node Type": "Nested Loop", "Parent Relationship": "Outer", "Join Type": "Inner", "Startup Cost": 0.0, "Total Cost": 3160388.29, "Plan Rows": 152707, "Plan Width": 42, "Actual Min Startup Time": 4626.499, "Actual Max Startup Time": 4901.296, "Actual Min Total Time": 12024.49, "Actual Max Total Time": 18749.412, "Actual Total Rows": 1511024, "Inner Unique": false, "Join Filter": "(supplier.s_suppkey = l1.l_suppkey), (LLVM Optimized, Jit Execute)", "Rows Removed by Join Filter": 2358157333, "Plans": [{"Node Type": "Streaming(type: LOCAL REDISTRIBUTE dop: 64/1)", "Parent Relationship": "Outer", "Startup Cost": 0.0, "Total Cost": 69760.92, "Plan Rows": 4000, "Plan Width": 34, "Actual Min Startup Time": 0.035, "Actual Max Startup Time": 0.087, "Actual Min Total Time": 0.076, "Actual Max Total Time": 0.396, "Actual Total Rows": 3981, "Plans": [{"Node Type": "Nested Loop", "Parent Relationship": "Outer", "Join Type": "Inner", "Startup Cost": 0.0, "Total Cost": 6598.4, "Plan Rows": 4000, "Plan Width": 34, "Actual Min Startup Time": 0.119, "Actual Max Startup Time": 0.119, "Actual Min Total Time": 109.903, "Actual Max Total Time": 109.903, "Actual Total Rows": 3981, "Inner Unique": false, "Join Filter": "(supplier.s_nationkey = nation.n_nationkey)", "Rows Removed by Join Filter": 96019, "Plans": [{"Node Type": "Index Scan", "Parent Relationship": "Outer", "Scan Direction": "Forward", "Index Name": "nation_pkey", "Relation Name": "nation", "Alias": "nation", "Startup Cost": 0.0, "Total Cost": 12.69, "Plan Rows": 1, "Plan Width": 4, "Actual Min Startup Time": 0.051, "Actual Max Startup Time": 0.051, "Actual Min Total Time": 0.077, "Actual Max Total Time": 0.077, "Actual Total Rows": 1, "Filter": "(n_name = 'EGYPT'::bpchar)", "Rows Removed by Filter": 24}, {"Node Type": "Index Scan", "Parent Relationship": "Inner", "Scan Direction": "Forward", "Index Name": "supplier_pkey", "Relation Name": "supplier", "Alias": "supplier", "Startup Cost": 0.0, "Total Cost": 5335.71, "Plan Rows": 100000, "Plan Width": 38, "Actual Min Startup Time": 0.036, "Actual Max Startup Time": 0.036, "Actual Min Total Time": 74.078, "Actual Max Total Time": 74.078, "Actual Total Rows": 100000}]}]}, {"Node Type": "Materialize", "Parent Relationship": "Inner", "Startup Cost": 0.0, "Total Cost": 2798503.01, "Plan Rows": 19995678, "Plan Width": 16, "Actual Min Startup Time": 4625.444, "Actual Max Startup Time": 4900.63, "Actual Min Total Time": 8319.603, "Actual Max Total Time": 13712.832, "Actual Total Rows": 2359668421, "Plans": [{"Node Type": "Streaming(type: LOCAL REDISTRIBUTE dop: 64/64)", "Parent Relationship": "Outer", "Startup Cost": 0.0, "Total Cost": 2796940.85, "Plan Rows": 19995678, "Plan Width": 16, "Actual Min Startup Time": 463.524, "Actual Max Startup Time": 738.456, "Actual Min Total Time": 4500.006, "Actual Max Total Time": 4782.711, "Actual Total Rows": 37929348, "Plans": [{"Node Type": "Index Scan", "Parent Relationship": "Outer", "Scan Direction": "Forward", "Index Name": "idx_lineitem_orderkey", "Relation Name": "lineitem", "Alias": "l1", "Startup Cost": 0.0, "Total Cost": 2714999.63, "Plan Rows": 19995678, "Plan Width": 16, "Actual Min Startup Time": 452.299, "Actual Max Startup Time": 759.637, "Actual Min Total Time": 1242.865, "Actual Max Total Time": 1614.049, "Actual Total Rows": 37929348, "Filter": "(l_receiptdate > l_commitdate), (LLVM Optimized, Jit Execute)", "Rows Removed by Filter": 22056704}]}]}]}]}, {"Node Type": "Index Scan", "Parent Relationship": "Inner", "Scan Direction": "Forward", "Index Name": "idx_lineitem_orderkey", "Relation Name": "lineitem", "Alias": "l3", "Startup Cost": 0.0, "Total Cost": 1.63, "Plan Rows": 3, "Plan Width": 16, "Actual Min Startup Time": 15173.22, "Actual Max Startup Time": 15173.22, "Actual Min Total Time": 15173.22, "Actual Max Total Time": 15173.22, "Actual Total Rows": 1375914, "Index Cond": "(l_orderkey = l1.l_orderkey)", "Rows Removed by Index Recheck": 0, "Filter": "((l_receiptdate > l_commitdate) AND (l_suppkey <> l1.l_suppkey))", "Rows Removed by Filter": 1348115}]}, {"Node Type": "Index Scan", "Parent Relationship": "Inner", "Scan Direction": "Forward", "Index Name": "idx_lineitem_orderkey", "Relation Name": "lineitem", "Alias": "l2", "Startup Cost": 0.0, "Total Cost": 1.63, "Plan Rows": 9, "Plan Width": 16, "Actual Min Startup Time": 529.801, "Actual Max Startup Time": 529.801, "Actual Min Total Time": 529.801, "Actual Max Total Time": 529.801, "Actual Total Rows": 80537, "Index Cond": "(l_orderkey = l1.l_orderkey)", "Rows Removed by Index Recheck": 0, "Filter": "(l_suppkey <> l1.l_suppkey)", "Rows Removed by Filter": 85912}]}, {"Node Type": "Index Scan", "Parent Relationship": "Inner", "Scan Direction": "Forward", "Index Name": "orders_pkey", "Relation Name": "orders", "Alias": "orders", "Startup Cost": 0.0, "Total Cost": 0.97, "Plan Rows": 1, "Plan Width": 8, "Actual Min Startup Time": 697.938, "Actual Max Startup Time": 697.938, "Actual Min Total Time": 697.938, "Actual Max Total Time": 697.938, "Actual Total Rows": 39445, "Index Cond": "(o_orderkey = l2.l_orderkey)", "Rows Removed by Index Recheck": 0, "Filter": "(o_orderstatus = 'F'::bpchar)", "Rows Removed by Filter": 41092}]}]}]}]}, "Triggers": [], "Planner Runtime": 9.276, "Total Runtime": 25798.915, "Unique SQL Id": 3870093320}}, "(64, 50)": {"explain_plan": {"Plan": {"Node Type": "Limit", "Startup Cost": 951244.84, "Total Cost": 951245.09, "Plan Rows": 100, "Plan Width": 34, "Plans": [{"Node Type": "Sort", "Parent Relationship": "Outer", "Startup Cost": 951244.84, "Total Cost": 951267.77, "Plan Rows": 100, "Plan Width": 34, "Sort Key": ["(count(*)) DESC", "supplier.s_name"], "Plans": [{"Node Type": "Aggregate", "Strategy": "Hashed", "Parent Relationship": "Outer", "Startup Cost": 950802.57, "Total Cost": 950894.29, "Plan Rows": 9172, "Plan Width": 34, "Group By Key": ["supplier.s_name"], "Plans": [{"Node Type": "Nested Loop", "Parent Relationship": "Outer", "Join Type": "Inner", "Startup Cost": 2.25, "Total Cost": 950756.71, "Plan Rows": 9172, "Plan Width": 26, "Inner Unique": true, "Join Filter": "(l1.l_orderkey = orders.o_orderkey)", "Plans": [{"Node Type": "Nested Loop", "Parent Relationship": "Outer", "Join Type": "Semi", "Startup Cost": 1.65, "Total Cost": 917195.95, "Plan Rows": 7254, "Plan Width": 42, "Inner Unique": false, "Plans": [{"Node Type": "Nested Loop", "Parent Relationship": "Outer", "Join Type": "Anti", "Startup Cost": 0.82, "Total Cost": 902017.4, "Plan Rows": 7635, "Plan Width": 42, "Inner Unique": false, "Plans": [{"Node Type": "Streaming(type: LOCAL GATHER dop: 1/64)", "Parent Relationship": "Outer", "Startup Cost": 0.0, "Total Cost": 543304.32, "Plan Rows": 152707, "Plan Width": 42, "Plans": [{"Node Type": "Nested Loop", "Parent Relationship": "Outer", "Join Type": "Inner", "Startup Cost": 0.0, "Total Cost": 540153.99, "Plan Rows": 152707, "Plan Width": 42, "Inner Unique": false, "Join Filter": "(supplier.s_suppkey = l1.l_suppkey), (LLVM Optimized)", "Plans": [{"Node Type": "Streaming(type: LOCAL REDISTRIBUTE dop: 64/1)", "Parent Relationship": "Outer", "Startup Cost": 0.0, "Total Cost": 67696.83, "Plan Rows": 4000, "Plan Width": 34, "Plans": [{"Node Type": "Nested Loop", "Parent Relationship": "Outer", "Join Type": "Inner", "Startup Cost": 0.0, "Total Cost": 4534.31, "Plan Rows": 4000, "Plan Width": 34, "Inner Unique": false, "Join Filter": "(supplier.s_nationkey = nation.n_nationkey)", "Plans": [{"Node Type": "Seq Scan", "Parent Relationship": "Outer", "Relation Name": "nation", "Alias": "nation", "Startup Cost": 0.0, "Total Cost": 1.31, "Plan Rows": 1, "Plan Width": 4, "Filter": "(n_name = 'EGYPT'::bpchar)"}, {"Node Type": "Seq Scan", "Parent Relationship": "Inner", "Relation Name": "supplier", "Alias": "supplier", "Startup Cost": 0.0, "Total Cost": 3283.0, "Plan Rows": 100000, "Plan Width": 38}]}]}, {"Node Type": "Materialize", "Parent Relationship": "Inner", "Startup Cost": 0.0, "Total Cost": 180332.8, "Plan Rows": 19995678, "Plan Width": 16, "Plans": [{"Node Type": "Streaming(type: LOCAL REDISTRIBUTE dop: 64/64)", "Parent Relationship": "Outer", "Startup Cost": 0.0, "Total Cost": 178770.64, "Plan Rows": 19995678, "Plan Width": 16, "Plans": [{"Node Type": "Seq Scan", "Parent Relationship": "Outer", "Relation Name": "lineitem", "Alias": "l1", "Startup Cost": 0.0, "Total Cost": 96829.42, "Plan Rows": 19995678, "Plan Width": 16, "Filter": "(l_receiptdate > l_commitdate), (LLVM Optimized)"}]}]}]}]}, {"Node Type": "Bitmap Heap Scan", "Parent Relationship": "Inner", "Relation Name": "lineitem", "Alias": "l3", "Startup Cost": 0.82, "Total Cost": 8.97, "Plan Rows": 3, "Plan Width": 16, "Recheck Cond": "(l_orderkey = l1.l_orderkey)", "Filter": "((l_receiptdate > l_commitdate) AND (l_suppkey <> l1.l_suppkey))", "Plans": [{"Node Type": "Bitmap Index Scan", "Parent Relationship": "Outer", "Index Name": "idx_lineitem_orderkey", "Startup Cost": 0.0, "Total Cost": 0.82, "Plan Rows": 9, "Plan Width": 0, "Index Cond": "(l_orderkey = l1.l_orderkey)"}]}]}, {"Node Type": "Bitmap Heap Scan", "Parent Relationship": "Inner", "Relation Name": "lineitem", "Alias": "l2", "Startup Cost": 0.82, "Total Cost": 8.95, "Plan Rows": 9, "Plan Width": 16, "Recheck Cond": "(l_orderkey = l1.l_orderkey)", "Filter": "(l_suppkey <> l1.l_suppkey)", "Plans": [{"Node Type": "Bitmap Index Scan", "Parent Relationship": "Outer", "Index Name": "idx_lineitem_orderkey", "Startup Cost": 0.0, "Total Cost": 0.82, "Plan Rows": 9, "Plan Width": 0, "Index Cond": "(l_orderkey = l1.l_orderkey)"}]}]}, {"Node Type": "Bitmap Heap Scan", "Parent Relationship": "Inner", "Relation Name": "orders", "Alias": "orders", "Startup Cost": 0.6, "Total Cost": 4.61, "Plan Rows": 1, "Plan Width": 8, "Recheck Cond": "(o_orderkey = l2.l_orderkey)", "Filter": "(o_orderstatus = 'F'::bpchar)", "Plans": [{"Node Type": "Bitmap Index Scan", "Parent Relationship": "Outer", "Index Name": "orders_pkey", "Startup Cost": 0.0, "Total Cost": 0.6, "Plan Rows": 1, "Plan Width": 0, "Index Cond": "(o_orderkey = l2.l_orderkey)"}]}]}]}]}]}, "Unique SQL Id": 3870093320}, "explain_analyze_plan": null}, "(64, 51)": {"explain_plan": {"Plan": {"Node Type": "Limit", "Startup Cost": 54985304.37, "Total Cost": 54985304.62, "Plan Rows": 100, "Plan Width": 34, "Plans": [{"Node Type": "Sort", "Parent Relationship": "Outer", "Startup Cost": 54985304.37, "Total Cost": 54985327.3, "Plan Rows": 100, "Plan Width": 34, "Sort Key": ["(count(*)) DESC", "supplier.s_name"], "Plans": [{"Node Type": "Aggregate", "Strategy": "Hashed", "Parent Relationship": "Outer", "Startup Cost": 54984862.1, "Total Cost": 54984953.82, "Plan Rows": 9172, "Plan Width": 34, "Group By Key": ["supplier.s_name"], "Plans": [{"Node Type": "Nested Loop", "Parent Relationship": "Outer", "Join Type": "Inner", "Startup Cost": 1230045.5, "Total Cost": 54984816.24, "Plan Rows": 9172, "Plan Width": 26, "Inner Unique": true, "Join Filter": "(l1.l_orderkey = orders.o_orderkey)", "Plans": [{"Node Type": "Nested Loop", "Parent Relationship": "Outer", "Join Type": "Semi", "Startup Cost": 1230044.9, "Total Cost": 54951255.48, "Plan Rows": 7254, "Plan Width": 42, "Inner Unique": false, "Plans": [{"Node Type": "Nested Loop", "Parent Relationship": "Outer", "Join Type": "Inner", "Startup Cost": 1230044.08, "Total Cost": 54936076.93, "Plan Rows": 7635, "Plan Width": 42, "Inner Unique": false, "Join Filter": "(supplier.s_nationkey = nation.n_nationkey)", "Plans": [{"Node Type": "Bitmap Heap Scan", "Parent Relationship": "Outer", "Relation Name": "nation", "Alias": "nation", "Startup Cost": 8.38, "Total Cost": 12.69, "Plan Rows": 1, "Plan Width": 4, "Filter": "(n_name = 'EGYPT'::bpchar)", "Plans": [{"Node Type": "Bitmap Index Scan", "Parent Relationship": "Outer", "Index Name": "nation_pkey", "Startup Cost": 0.0, "Total Cost": 8.38, "Plan Rows": 25, "Plan Width": 0}]}, {"Node Type": "Nested Loop", "Parent Relationship": "Inner", "Join Type": "Inner", "Startup Cost": 1230035.7, "Total Cost": 54933678.19, "Plan Rows": 190884, "Plan Width": 46, "Inner Unique": true, "Plans": [{"Node Type": "Nested Loop", "Parent Relationship": "Outer", "Join Type": "Anti", "Startup Cost": 1230035.16, "Total Cost": 50364947.29, "Plan Rows": 999784, "Plan Width": 16, "Inner Unique": false, "Plans": [{"Node Type": "Bitmap Heap Scan", "Parent Relationship": "Outer", "Relation Name": "lineitem", "Alias": "l1", "Startup Cost": 1230034.33, "Total Cost": 3395117.25, "Plan Rows": 19995678, "Plan Width": 16, "Filter": "(l_receiptdate > l_commitdate), (LLVM Optimized)", "Plans": [{"Node Type": "Bitmap Index Scan", "Parent Relationship": "Outer", "Index Name": "idx_lineitem_orderkey", "Startup Cost": 0.0, "Total Cost": 1225035.42, "Plan Rows": 59987033, "Plan Width": 0}]}, {"Node Type": "Bitmap Heap Scan", "Parent Relationship": "Inner", "Relation Name": "lineitem", "Alias": "l3", "Startup Cost": 0.82, "Total Cost": 8.97, "Plan Rows": 3, "Plan Width": 16, "Recheck Cond": "(l_orderkey = l1.l_orderkey)", "Filter": "((l_receiptdate > l_commitdate) AND (l_suppkey <> l1.l_suppkey))", "Plans": [{"Node Type": "Bitmap Index Scan", "Parent Relationship": "Outer", "Index Name": "idx_lineitem_orderkey", "Startup Cost": 0.0, "Total Cost": 0.82, "Plan Rows": 9, "Plan Width": 0, "Index Cond": "(l_orderkey = l1.l_orderkey)"}]}]}, {"Node Type": "Bitmap Heap Scan", "Parent Relationship": "Inner", "Relation Name": "supplier", "Alias": "supplier", "Startup Cost": 0.55, "Total Cost": 4.56, "Plan Rows": 1, "Plan Width": 38, "Recheck Cond": "(s_suppkey = l1.l_suppkey)", "Plans": [{"Node Type": "Bitmap Index Scan", "Parent Relationship": "Outer", "Index Name": "supplier_pkey", "Startup Cost": 0.0, "Total Cost": 0.55, "Plan Rows": 1, "Plan Width": 0, "Index Cond": "(s_suppkey = l1.l_suppkey)"}]}]}]}, {"Node Type": "Bitmap Heap Scan", "Parent Relationship": "Inner", "Relation Name": "lineitem", "Alias": "l2", "Startup Cost": 0.82, "Total Cost": 8.95, "Plan Rows": 9, "Plan Width": 16, "Recheck Cond": "(l_orderkey = l1.l_orderkey)", "Filter": "(l_suppkey <> l1.l_suppkey)", "Plans": [{"Node Type": "Bitmap Index Scan", "Parent Relationship": "Outer", "Index Name": "idx_lineitem_orderkey", "Startup Cost": 0.0, "Total Cost": 0.82, "Plan Rows": 9, "Plan Width": 0, "Index Cond": "(l_orderkey = l1.l_orderkey)"}]}]}, {"Node Type": "Bitmap Heap Scan", "Parent Relationship": "Inner", "Relation Name": "orders", "Alias": "orders", "Startup Cost": 0.6, "Total Cost": 4.61, "Plan Rows": 1, "Plan Width": 8, "Recheck Cond": "(o_orderkey = l2.l_orderkey)", "Filter": "(o_orderstatus = 'F'::bpchar)", "Plans": [{"Node Type": "Bitmap Index Scan", "Parent Relationship": "Outer", "Index Name": "orders_pkey", "Startup Cost": 0.0, "Total Cost": 0.6, "Plan Rows": 1, "Plan Width": 0, "Index Cond": "(o_orderkey = l2.l_orderkey)"}]}]}]}]}]}, "Unique SQL Id": 3870093320}, "explain_analyze_plan": null}, "(64, 52)": {"explain_plan": {"Plan": {"Node Type": "Limit", "Startup Cost": 599935.6, "Total Cost": 599935.85, "Plan Rows": 100, "Plan Width": 34, "Plans": [{"Node Type": "Sort", "Parent Relationship": "Outer", "Startup Cost": 599935.6, "Total Cost": 599958.53, "Plan Rows": 100, "Plan Width": 34, "Sort Key": ["(count(*)) DESC", "supplier.s_name"], "Plans": [{"Node Type": "Aggregate", "Strategy": "Hashed", "Parent Relationship": "Outer", "Startup Cost": 599493.33, "Total Cost": 599585.05, "Plan Rows": 9172, "Plan Width": 34, "Group By Key": ["supplier.s_name"], "Plans": [{"Node Type": "Nested Loop", "Parent Relationship": "Outer", "Join Type": "Inner", "Startup Cost": 0.0, "Total Cost": 599447.47, "Plan Rows": 9172, "Plan Width": 26, "Inner Unique": true, "Join Filter": "(l1.l_orderkey = orders.o_orderkey)", "Plans": [{"Node Type": "Nested Loop", "Parent Relationship": "Outer", "Join Type": "Semi", "Startup Cost": 0.0, "Total Cost": 592347.1, "Plan Rows": 7254, "Plan Width": 42, "Inner Unique": false, "Plans": [{"Node Type": "Nested Loop", "Parent Relationship": "Outer", "Join Type": "Anti", "Startup Cost": 0.0, "Total Cost": 590491.54, "Plan Rows": 7635, "Plan Width": 42, "Inner Unique": false, "Plans": [{"Node Type": "Streaming(type: LOCAL GATHER dop: 1/64)", "Parent Relationship": "Outer", "Startup Cost": 0.0, "Total Cost": 543304.32, "Plan Rows": 152707, "Plan Width": 42, "Plans": [{"Node Type": "Nested Loop", "Parent Relationship": "Outer", "Join Type": "Inner", "Startup Cost": 0.0, "Total Cost": 540153.99, "Plan Rows": 152707, "Plan Width": 42, "Inner Unique": false, "Join Filter": "(supplier.s_suppkey = l1.l_suppkey), (LLVM Optimized)", "Plans": [{"Node Type": "Streaming(type: LOCAL REDISTRIBUTE dop: 64/1)", "Parent Relationship": "Outer", "Startup Cost": 0.0, "Total Cost": 67696.83, "Plan Rows": 4000, "Plan Width": 34, "Plans": [{"Node Type": "Nested Loop", "Parent Relationship": "Outer", "Join Type": "Inner", "Startup Cost": 0.0, "Total Cost": 4534.31, "Plan Rows": 4000, "Plan Width": 34, "Inner Unique": false, "Join Filter": "(supplier.s_nationkey = nation.n_nationkey)", "Plans": [{"Node Type": "Seq Scan", "Parent Relationship": "Outer", "Relation Name": "nation", "Alias": "nation", "Startup Cost": 0.0, "Total Cost": 1.31, "Plan Rows": 1, "Plan Width": 4, "Filter": "(n_name = 'EGYPT'::bpchar)"}, {"Node Type": "Seq Scan", "Parent Relationship": "Inner", "Relation Name": "supplier", "Alias": "supplier", "Startup Cost": 0.0, "Total Cost": 3283.0, "Plan Rows": 100000, "Plan Width": 38}]}]}, {"Node Type": "Materialize", "Parent Relationship": "Inner", "Startup Cost": 0.0, "Total Cost": 180332.8, "Plan Rows": 19995678, "Plan Width": 16, "Plans": [{"Node Type": "Streaming(type: LOCAL REDISTRIBUTE dop: 64/64)", "Parent Relationship": "Outer", "Startup Cost": 0.0, "Total Cost": 178770.64, "Plan Rows": 19995678, "Plan Width": 16, "Plans": [{"Node Type": "Seq Scan", "Parent Relationship": "Outer", "Relation Name": "lineitem", "Alias": "l1", "Startup Cost": 0.0, "Total Cost": 96829.42, "Plan Rows": 19995678, "Plan Width": 16, "Filter": "(l_receiptdate > l_commitdate), (LLVM Optimized)"}]}]}]}]}, {"Node Type": "Index Scan", "Parent Relationship": "Inner", "Scan Direction": "Forward", "Index Name": "idx_lineitem_orderkey", "Relation Name": "lineitem", "Alias": "l3", "Startup Cost": 0.0, "Total Cost": 1.63, "Plan Rows": 3, "Plan Width": 16, "Index Cond": "(l_orderkey = l1.l_orderkey)", "Filter": "((l_receiptdate > l_commitdate) AND (l_suppkey <> l1.l_suppkey))"}]}, {"Node Type": "Index Scan", "Parent Relationship": "Inner", "Scan Direction": "Forward", "Index Name": "idx_lineitem_orderkey", "Relation Name": "lineitem", "Alias": "l2", "Startup Cost": 0.0, "Total Cost": 1.63, "Plan Rows": 9, "Plan Width": 16, "Index Cond": "(l_orderkey = l1.l_orderkey)", "Filter": "(l_suppkey <> l1.l_suppkey)"}]}, {"Node Type": "Index Scan", "Parent Relationship": "Inner", "Scan Direction": "Forward", "Index Name": "orders_pkey", "Relation Name": "orders", "Alias": "orders", "Startup Cost": 0.0, "Total Cost": 0.97, "Plan Rows": 1, "Plan Width": 8, "Index Cond": "(o_orderkey = l2.l_orderkey)", "Filter": "(o_orderstatus = 'F'::bpchar)"}]}]}]}]}, "Unique SQL Id": 3870093320}, "explain_analyze_plan": {"Plan": {"Node Type": "Limit", "Startup Cost": 599935.6, "Total Cost": 599935.85, "Plan Rows": 100, "Plan Width": 34, "Actual Min Startup Time": 22135.209, "Actual Max Startup Time": 22135.209, "Actual Min Total Time": 22135.229, "Actual Max Total Time": 22135.229, "Actual Total Rows": 100, "Plans": [{"Node Type": "Sort", "Parent Relationship": "Outer", "Startup Cost": 599935.6, "Total Cost": 599958.53, "Plan Rows": 100, "Plan Width": 34, "Actual Min Startup Time": 22135.204, "Actual Max Startup Time": 22135.204, "Actual Min Total Time": 22135.212, "Actual Max Total Time": 22135.212, "Actual Total Rows": 100, "Sort Key": ["(count(*)) DESC", "supplier.s_name"], "Sort Method": "top-N heapsort", "Sort Space Min Used": 41, "Sort Space Max Used": 41, "Sort Space Type": "Memory", "Plans": [{"Node Type": "Aggregate", "Strategy": "Hashed", "Parent Relationship": "Outer", "Startup Cost": 599493.33, "Total Cost": 599585.05, "Plan Rows": 9172, "Plan Width": 34, "Actual Min Startup Time": 22131.822, "Actual Max Startup Time": 22131.822, "Actual Min Total Time": 22133.014, "Actual Max Total Time": 22133.014, "Actual Total Rows": 3981, "Group By Key": ["supplier.s_name"], "Plans": [{"Node Type": "Nested Loop", "Parent Relationship": "Outer", "Join Type": "Inner", "Startup Cost": 0.0, "Total Cost": 599447.47, "Plan Rows": 9172, "Plan Width": 26, "Actual Min Startup Time": 2089.674, "Actual Max Startup Time": 2089.674, "Actual Min Total Time": 22070.682, "Actual Max Total Time": 22070.682, "Actual Total Rows": 39445, "Inner Unique": true, "Join Filter": "(l1.l_orderkey = orders.o_orderkey)", "Rows Removed by Join Filter": 0, "Plans": [{"Node Type": "Nested Loop", "Parent Relationship": "Outer", "Join Type": "Semi", "Startup Cost": 0.0, "Total Cost": 592347.1, "Plan Rows": 7254, "Plan Width": 42, "Actual Min Startup Time": 2089.648, "Actual Max Startup Time": 2089.648, "Actual Min Total Time": 21307.341, "Actual Max Total Time": 21307.341, "Actual Total Rows": 80537, "Inner Unique": false, "Plans": [{"Node Type": "Nested Loop", "Parent Relationship": "Outer", "Join Type": "Anti", "Startup Cost": 0.0, "Total Cost": 590491.54, "Plan Rows": 7635, "Plan Width": 42, "Actual Min Startup Time": 2089.636, "Actual Max Startup Time": 2089.636, "Actual Min Total Time": 20688.752, "Actual Max Total Time": 20688.752, "Actual Total Rows": 135110, "Inner Unique": false, "Plans": [{"Node Type": "Streaming(type: LOCAL GATHER dop: 1/64)", "Parent Relationship": "Outer", "Startup Cost": 0.0, "Total Cost": 543304.32, "Plan Rows": 152707, "Plan Width": 42, "Actual Min Startup Time": 2089.092, "Actual Max Startup Time": 2089.092, "Actual Min Total Time": 4652.838, "Actual Max Total Time": 4652.838, "Actual Total Rows": 1511024, "Plans": [{"Node Type": "Nested Loop", "Parent Relationship": "Outer", "Join Type": "Inner", "Startup Cost": 0.0, "Total Cost": 540153.99, "Plan Rows": 152707, "Plan Width": 42, "Actual Min Startup Time": 1641.633, "Actual Max Startup Time": 1891.958, "Actual Min Total Time": 9480.704, "Actual Max Total Time": 16809.137, "Actual Total Rows": 1511024, "Inner Unique": false, "Join Filter": "(supplier.s_suppkey = l1.l_suppkey), (LLVM Optimized, Jit Execute)", "Rows Removed by Join Filter": 2358157333, "Plans": [{"Node Type": "Streaming(type: LOCAL REDISTRIBUTE dop: 64/1)", "Parent Relationship": "Outer", "Startup Cost": 0.0, "Total Cost": 67696.83, "Plan Rows": 4000, "Plan Width": 34, "Actual Min Startup Time": 0.033, "Actual Max Startup Time": 0.09, "Actual Min Total Time": 0.079, "Actual Max Total Time": 0.379, "Actual Total Rows": 3981, "Plans": [{"Node Type": "Nested Loop", "Parent Relationship": "Outer", "Join Type": "Inner", "Startup Cost": 0.0, "Total Cost": 4534.31, "Plan Rows": 4000, "Plan Width": 34, "Actual Min Startup Time": 0.076, "Actual Max Startup Time": 0.076, "Actual Min Total Time": 51.71, "Actual Max Total Time": 51.71, "Actual Total Rows": 3981, "Inner Unique": false, "Join Filter": "(supplier.s_nationkey = nation.n_nationkey)", "Rows Removed by Join Filter": 96019, "Plans": [{"Node Type": "Seq Scan", "Parent Relationship": "Outer", "Relation Name": "nation", "Alias": "nation", "Startup Cost": 0.0, "Total Cost": 1.31, "Plan Rows": 1, "Plan Width": 4, "Actual Min Startup Time": 0.043, "Actual Max Startup Time": 0.043, "Actual Min Total Time": 0.056, "Actual Max Total Time": 0.056, "Actual Total Rows": 1, "Filter": "(n_name = 'EGYPT'::bpchar)", "Rows Removed by Filter": 24}, {"Node Type": "Seq Scan", "Parent Relationship": "Inner", "Relation Name": "supplier", "Alias": "supplier", "Startup Cost": 0.0, "Total Cost": 3283.0, "Plan Rows": 100000, "Plan Width": 38, "Actual Min Startup Time": 0.012, "Actual Max Startup Time": 0.012, "Actual Min Total Time": 28.719, "Actual Max Total Time": 28.719, "Actual Total Rows": 100000}]}]}, {"Node Type": "Materialize", "Parent Relationship": "Inner", "Startup Cost": 0.0, "Total Cost": 180332.8, "Plan Rows": 19995678, "Plan Width": 16, "Actual Min Startup Time": 1640.736, "Actual Max Startup Time": 1891.094, "Actual Min Total Time": 5962.818, "Actual Max Total Time": 11299.558, "Actual Total Rows": 2359668421, "Plans": [{"Node Type": "Streaming(type: LOCAL REDISTRIBUTE dop: 64/64)", "Parent Relationship": "Outer", "Startup Cost": 0.0, "Total Cost": 178770.64, "Plan Rows": 19995678, "Plan Width": 16, "Actual Min Startup Time": 0.111, "Actual Max Startup Time": 217.514, "Actual Min Total Time": 1520.886, "Actual Max Total Time": 1786.037, "Actual Total Rows": 37929348, "Plans": [{"Node Type": "Seq Scan", "Parent Relationship": "Outer", "Relation Name": "lineitem", "Alias": "l1", "Startup Cost": 0.0, "Total Cost": 96829.42, "Plan Rows": 19995678, "Plan Width": 16, "Actual Min Startup Time": 0.022, "Actual Max Startup Time": 0.066, "Actual Min Total Time": 458.493, "Actual Max Total Time": 541.009, "Actual Total Rows": 37929348, "Filter": "(l_receiptdate > l_commitdate), (LLVM Optimized, Jit Execute)", "Rows Removed by Filter": 22056704}]}]}]}]}, {"Node Type": "Index Scan", "Parent Relationship": "Inner", "Scan Direction": "Forward", "Index Name": "idx_lineitem_orderkey", "Relation Name": "lineitem", "Alias": "l3", "Startup Cost": 0.0, "Total Cost": 1.63, "Plan Rows": 3, "Plan Width": 16, "Actual Min Startup Time": 14958.555, "Actual Max Startup Time": 14958.555, "Actual Min Total Time": 14958.555, "Actual Max Total Time": 14958.555, "Actual Total Rows": 1375914, "Index Cond": "(l_orderkey = l1.l_orderkey)", "Rows Removed by Index Recheck": 0, "Filter": "((l_receiptdate > l_commitdate) AND (l_suppkey <> l1.l_suppkey))", "Rows Removed by Filter": 1348115}]}, {"Node Type": "Index Scan", "Parent Relationship": "Inner", "Scan Direction": "Forward", "Index Name": "idx_lineitem_orderkey", "Relation Name": "lineitem", "Alias": "l2", "Startup Cost": 0.0, "Total Cost": 1.63, "Plan Rows": 9, "Plan Width": 16, "Actual Min Startup Time": 513.699, "Actual Max Startup Time": 513.699, "Actual Min Total Time": 513.699, "Actual Max Total Time": 513.699, "Actual Total Rows": 80537, "Index Cond": "(l_orderkey = l1.l_orderkey)", "Rows Removed by Index Recheck": 0, "Filter": "(l_suppkey <> l1.l_suppkey)", "Rows Removed by Filter": 85912}]}, {"Node Type": "Index Scan", "Parent Relationship": "Inner", "Scan Direction": "Forward", "Index Name": "orders_pkey", "Relation Name": "orders", "Alias": "orders", "Startup Cost": 0.0, "Total Cost": 0.97, "Plan Rows": 1, "Plan Width": 8, "Actual Min Startup Time": 687.68, "Actual Max Startup Time": 687.68, "Actual Min Total Time": 687.68, "Actual Max Total Time": 687.68, "Actual Total Rows": 39445, "Index Cond": "(o_orderkey = l2.l_orderkey)", "Rows Removed by Index Recheck": 0, "Filter": "(o_orderstatus = 'F'::bpchar)", "Rows Removed by Filter": 41092}]}]}]}]}, "Triggers": [], "Planner Runtime": 9.23, "Total Runtime": 22173.314, "Unique SQL Id": 3870093320}}, "(64, 53)": {"explain_plan": {"Plan": {"Node Type": "Limit", "Startup Cost": 3220169.9, "Total Cost": 3220170.15, "Plan Rows": 100, "Plan Width": 34, "Plans": [{"Node Type": "Sort", "Parent Relationship": "Outer", "Startup Cost": 3220169.9, "Total Cost": 3220192.83, "Plan Rows": 100, "Plan Width": 34, "Sort Key": ["(count(*)) DESC", "supplier.s_name"], "Plans": [{"Node Type": "Aggregate", "Strategy": "Hashed", "Parent Relationship": "Outer", "Startup Cost": 3219727.63, "Total Cost": 3219819.35, "Plan Rows": 9172, "Plan Width": 34, "Group By Key": ["supplier.s_name"], "Plans": [{"Node Type": "Nested Loop", "Parent Relationship": "Outer", "Join Type": "Inner", "Startup Cost": 0.0, "Total Cost": 3219681.77, "Plan Rows": 9172, "Plan Width": 26, "Inner Unique": true, "Join Filter": "(l1.l_orderkey = orders.o_orderkey)", "Plans": [{"Node Type": "Nested Loop", "Parent Relationship": "Outer", "Join Type": "Semi", "Startup Cost": 0.0, "Total Cost": 3212581.4, "Plan Rows": 7254, "Plan Width": 42, "Inner Unique": false, "Plans": [{"Node Type": "Nested Loop", "Parent Relationship": "Outer", "Join Type": "Anti", "Startup Cost": 0.0, "Total Cost": 3210725.84, "Plan Rows": 7635, "Plan Width": 42, "Inner Unique": false, "Plans": [{"Node Type": "Streaming(type: LOCAL GATHER dop: 1/64)", "Parent Relationship": "Outer", "Startup Cost": 0.0, "Total Cost": 3163538.62, "Plan Rows": 152707, "Plan Width": 42, "Plans": [{"Node Type": "Nested Loop", "Parent Relationship": "Outer", "Join Type": "Inner", "Startup Cost": 0.0, "Total Cost": 3160388.29, "Plan Rows": 152707, "Plan Width": 42, "Inner Unique": false, "Join Filter": "(supplier.s_suppkey = l1.l_suppkey), (LLVM Optimized)", "Plans": [{"Node Type": "Streaming(type: LOCAL REDISTRIBUTE dop: 64/1)", "Parent Relationship": "Outer", "Startup Cost": 0.0, "Total Cost": 69760.92, "Plan Rows": 4000, "Plan Width": 34, "Plans": [{"Node Type": "Nested Loop", "Parent Relationship": "Outer", "Join Type": "Inner", "Startup Cost": 0.0, "Total Cost": 6598.4, "Plan Rows": 4000, "Plan Width": 34, "Inner Unique": false, "Join Filter": "(supplier.s_nationkey = nation.n_nationkey)", "Plans": [{"Node Type": "Index Scan", "Parent Relationship": "Outer", "Scan Direction": "Forward", "Index Name": "nation_pkey", "Relation Name": "nation", "Alias": "nation", "Startup Cost": 0.0, "Total Cost": 12.69, "Plan Rows": 1, "Plan Width": 4, "Filter": "(n_name = 'EGYPT'::bpchar)"}, {"Node Type": "Index Scan", "Parent Relationship": "Inner", "Scan Direction": "Forward", "Index Name": "supplier_pkey", "Relation Name": "supplier", "Alias": "supplier", "Startup Cost": 0.0, "Total Cost": 5335.71, "Plan Rows": 100000, "Plan Width": 38}]}]}, {"Node Type": "Materialize", "Parent Relationship": "Inner", "Startup Cost": 0.0, "Total Cost": 2798503.01, "Plan Rows": 19995678, "Plan Width": 16, "Plans": [{"Node Type": "Streaming(type: LOCAL REDISTRIBUTE dop: 64/64)", "Parent Relationship": "Outer", "Startup Cost": 0.0, "Total Cost": 2796940.85, "Plan Rows": 19995678, "Plan Width": 16, "Plans": [{"Node Type": "Index Scan", "Parent Relationship": "Outer", "Scan Direction": "Forward", "Index Name": "idx_lineitem_orderkey", "Relation Name": "lineitem", "Alias": "l1", "Startup Cost": 0.0, "Total Cost": 2714999.63, "Plan Rows": 19995678, "Plan Width": 16, "Filter": "(l_receiptdate > l_commitdate), (LLVM Optimized)"}]}]}]}]}, {"Node Type": "Index Scan", "Parent Relationship": "Inner", "Scan Direction": "Forward", "Index Name": "idx_lineitem_orderkey", "Relation Name": "lineitem", "Alias": "l3", "Startup Cost": 0.0, "Total Cost": 1.63, "Plan Rows": 3, "Plan Width": 16, "Index Cond": "(l_orderkey = l1.l_orderkey)", "Filter": "((l_receiptdate > l_commitdate) AND (l_suppkey <> l1.l_suppkey))"}]}, {"Node Type": "Index Scan", "Parent Relationship": "Inner", "Scan Direction": "Forward", "Index Name": "idx_lineitem_orderkey", "Relation Name": "lineitem", "Alias": "l2", "Startup Cost": 0.0, "Total Cost": 1.63, "Plan Rows": 9, "Plan Width": 16, "Index Cond": "(l_orderkey = l1.l_orderkey)", "Filter": "(l_suppkey <> l1.l_suppkey)"}]}, {"Node Type": "Index Scan", "Parent Relationship": "Inner", "Scan Direction": "Forward", "Index Name": "orders_pkey", "Relation Name": "orders", "Alias": "orders", "Startup Cost": 0.0, "Total Cost": 0.97, "Plan Rows": 1, "Plan Width": 8, "Index Cond": "(o_orderkey = l2.l_orderkey)", "Filter": "(o_orderstatus = 'F'::bpchar)"}]}]}]}]}, "Unique SQL Id": 3870093320}, "explain_analyze_plan": {"Plan": {"Node Type": "Limit", "Startup Cost": 3220169.9, "Total Cost": 3220170.15, "Plan Rows": 100, "Plan Width": 34, "Actual Min Startup Time": 25761.332, "Actual Max Startup Time": 25761.332, "Actual Min Total Time": 25761.348, "Actual Max Total Time": 25761.348, "Actual Total Rows": 100, "Plans": [{"Node Type": "Sort", "Parent Relationship": "Outer", "Startup Cost": 3220169.9, "Total Cost": 3220192.83, "Plan Rows": 100, "Plan Width": 34, "Actual Min Startup Time": 25761.329, "Actual Max Startup Time": 25761.329, "Actual Min Total Time": 25761.336, "Actual Max Total Time": 25761.336, "Actual Total Rows": 100, "Sort Key": ["(count(*)) DESC", "supplier.s_name"], "Sort Method": "top-N heapsort", "Sort Space Min Used": 41, "Sort Space Max Used": 41, "Sort Space Type": "Memory", "Plans": [{"Node Type": "Aggregate", "Strategy": "Hashed", "Parent Relationship": "Outer", "Startup Cost": 3219727.63, "Total Cost": 3219819.35, "Plan Rows": 9172, "Plan Width": 34, "Actual Min Startup Time": 25758.056, "Actual Max Startup Time": 25758.056, "Actual Min Total Time": 25759.319, "Actual Max Total Time": 25759.319, "Actual Total Rows": 3981, "Group By Key": ["supplier.s_name"], "Plans": [{"Node Type": "Nested Loop", "Parent Relationship": "Outer", "Join Type": "Inner", "Startup Cost": 0.0, "Total Cost": 3219681.77, "Plan Rows": 9172, "Plan Width": 26, "Actual Min Startup Time": 5073.861, "Actual Max Startup Time": 5073.861, "Actual Min Total Time": 25693.464, "Actual Max Total Time": 25693.464, "Actual Total Rows": 39445, "Inner Unique": true, "Join Filter": "(l1.l_orderkey = orders.o_orderkey)", "Rows Removed by Join Filter": 0, "Plans": [{"Node Type": "Nested Loop", "Parent Relationship": "Outer", "Join Type": "Semi", "Startup Cost": 0.0, "Total Cost": 3212581.4, "Plan Rows": 7254, "Plan Width": 42, "Actual Min Startup Time": 5071.269, "Actual Max Startup Time": 5071.269, "Actual Min Total Time": 24916.426, "Actual Max Total Time": 24916.426, "Actual Total Rows": 80537, "Inner Unique": false, "Plans": [{"Node Type": "Nested Loop", "Parent Relationship": "Outer", "Join Type": "Anti", "Startup Cost": 0.0, "Total Cost": 3210725.84, "Plan Rows": 7635, "Plan Width": 42, "Actual Min Startup Time": 5071.257, "Actual Max Startup Time": 5071.257, "Actual Min Total Time": 24272.311, "Actual Max Total Time": 24272.311, "Actual Total Rows": 135110, "Inner Unique": false, "Plans": [{"Node Type": "Streaming(type: LOCAL GATHER dop: 1/64)", "Parent Relationship": "Outer", "Startup Cost": 0.0, "Total Cost": 3163538.62, "Plan Rows": 152707, "Plan Width": 42, "Actual Min Startup Time": 5070.873, "Actual Max Startup Time": 5070.873, "Actual Min Total Time": 7986.719, "Actual Max Total Time": 7986.719, "Actual Total Rows": 1511024, "Plans": [{"Node Type": "Nested Loop", "Parent Relationship": "Outer", "Join Type": "Inner", "Startup Cost": 0.0, "Total Cost": 3160388.29, "Plan Rows": 152707, "Plan Width": 42, "Actual Min Startup Time": 4626.499, "Actual Max Startup Time": 4901.296, "Actual Min Total Time": 12024.49, "Actual Max Total Time": 18749.412, "Actual Total Rows": 1511024, "Inner Unique": false, "Join Filter": "(supplier.s_suppkey = l1.l_suppkey), (LLVM Optimized, Jit Execute)", "Rows Removed by Join Filter": 2358157333, "Plans": [{"Node Type": "Streaming(type: LOCAL REDISTRIBUTE dop: 64/1)", "Parent Relationship": "Outer", "Startup Cost": 0.0, "Total Cost": 69760.92, "Plan Rows": 4000, "Plan Width": 34, "Actual Min Startup Time": 0.035, "Actual Max Startup Time": 0.087, "Actual Min Total Time": 0.076, "Actual Max Total Time": 0.396, "Actual Total Rows": 3981, "Plans": [{"Node Type": "Nested Loop", "Parent Relationship": "Outer", "Join Type": "Inner", "Startup Cost": 0.0, "Total Cost": 6598.4, "Plan Rows": 4000, "Plan Width": 34, "Actual Min Startup Time": 0.119, "Actual Max Startup Time": 0.119, "Actual Min Total Time": 109.903, "Actual Max Total Time": 109.903, "Actual Total Rows": 3981, "Inner Unique": false, "Join Filter": "(supplier.s_nationkey = nation.n_nationkey)", "Rows Removed by Join Filter": 96019, "Plans": [{"Node Type": "Index Scan", "Parent Relationship": "Outer", "Scan Direction": "Forward", "Index Name": "nation_pkey", "Relation Name": "nation", "Alias": "nation", "Startup Cost": 0.0, "Total Cost": 12.69, "Plan Rows": 1, "Plan Width": 4, "Actual Min Startup Time": 0.051, "Actual Max Startup Time": 0.051, "Actual Min Total Time": 0.077, "Actual Max Total Time": 0.077, "Actual Total Rows": 1, "Filter": "(n_name = 'EGYPT'::bpchar)", "Rows Removed by Filter": 24}, {"Node Type": "Index Scan", "Parent Relationship": "Inner", "Scan Direction": "Forward", "Index Name": "supplier_pkey", "Relation Name": "supplier", "Alias": "supplier", "Startup Cost": 0.0, "Total Cost": 5335.71, "Plan Rows": 100000, "Plan Width": 38, "Actual Min Startup Time": 0.036, "Actual Max Startup Time": 0.036, "Actual Min Total Time": 74.078, "Actual Max Total Time": 74.078, "Actual Total Rows": 100000}]}]}, {"Node Type": "Materialize", "Parent Relationship": "Inner", "Startup Cost": 0.0, "Total Cost": 2798503.01, "Plan Rows": 19995678, "Plan Width": 16, "Actual Min Startup Time": 4625.444, "Actual Max Startup Time": 4900.63, "Actual Min Total Time": 8319.603, "Actual Max Total Time": 13712.832, "Actual Total Rows": 2359668421, "Plans": [{"Node Type": "Streaming(type: LOCAL REDISTRIBUTE dop: 64/64)", "Parent Relationship": "Outer", "Startup Cost": 0.0, "Total Cost": 2796940.85, "Plan Rows": 19995678, "Plan Width": 16, "Actual Min Startup Time": 463.524, "Actual Max Startup Time": 738.456, "Actual Min Total Time": 4500.006, "Actual Max Total Time": 4782.711, "Actual Total Rows": 37929348, "Plans": [{"Node Type": "Index Scan", "Parent Relationship": "Outer", "Scan Direction": "Forward", "Index Name": "idx_lineitem_orderkey", "Relation Name": "lineitem", "Alias": "l1", "Startup Cost": 0.0, "Total Cost": 2714999.63, "Plan Rows": 19995678, "Plan Width": 16, "Actual Min Startup Time": 452.299, "Actual Max Startup Time": 759.637, "Actual Min Total Time": 1242.865, "Actual Max Total Time": 1614.049, "Actual Total Rows": 37929348, "Filter": "(l_receiptdate > l_commitdate), (LLVM Optimized, Jit Execute)", "Rows Removed by Filter": 22056704}]}]}]}]}, {"Node Type": "Index Scan", "Parent Relationship": "Inner", "Scan Direction": "Forward", "Index Name": "idx_lineitem_orderkey", "Relation Name": "lineitem", "Alias": "l3", "Startup Cost": 0.0, "Total Cost": 1.63, "Plan Rows": 3, "Plan Width": 16, "Actual Min Startup Time": 15173.22, "Actual Max Startup Time": 15173.22, "Actual Min Total Time": 15173.22, "Actual Max Total Time": 15173.22, "Actual Total Rows": 1375914, "Index Cond": "(l_orderkey = l1.l_orderkey)", "Rows Removed by Index Recheck": 0, "Filter": "((l_receiptdate > l_commitdate) AND (l_suppkey <> l1.l_suppkey))", "Rows Removed by Filter": 1348115}]}, {"Node Type": "Index Scan", "Parent Relationship": "Inner", "Scan Direction": "Forward", "Index Name": "idx_lineitem_orderkey", "Relation Name": "lineitem", "Alias": "l2", "Startup Cost": 0.0, "Total Cost": 1.63, "Plan Rows": 9, "Plan Width": 16, "Actual Min Startup Time": 529.801, "Actual Max Startup Time": 529.801, "Actual Min Total Time": 529.801, "Actual Max Total Time": 529.801, "Actual Total Rows": 80537, "Index Cond": "(l_orderkey = l1.l_orderkey)", "Rows Removed by Index Recheck": 0, "Filter": "(l_suppkey <> l1.l_suppkey)", "Rows Removed by Filter": 85912}]}, {"Node Type": "Index Scan", "Parent Relationship": "Inner", "Scan Direction": "Forward", "Index Name": "orders_pkey", "Relation Name": "orders", "Alias": "orders", "Startup Cost": 0.0, "Total Cost": 0.97, "Plan Rows": 1, "Plan Width": 8, "Actual Min Startup Time": 697.938, "Actual Max Startup Time": 697.938, "Actual Min Total Time": 697.938, "Actual Max Total Time": 697.938, "Actual Total Rows": 39445, "Index Cond": "(o_orderkey = l2.l_orderkey)", "Rows Removed by Index Recheck": 0, "Filter": "(o_orderstatus = 'F'::bpchar)", "Rows Removed by Filter": 41092}]}]}]}]}, "Triggers": [], "Planner Runtime": 9.276, "Total Runtime": 25798.915, "Unique SQL Id": 3870093320}}, "(64, 54)": {"explain_plan": {"Plan": {"Node Type": "Limit", "Startup Cost": 951244.84, "Total Cost": 951245.09, "Plan Rows": 100, "Plan Width": 34, "Plans": [{"Node Type": "Sort", "Parent Relationship": "Outer", "Startup Cost": 951244.84, "Total Cost": 951267.77, "Plan Rows": 100, "Plan Width": 34, "Sort Key": ["(count(*)) DESC", "supplier.s_name"], "Plans": [{"Node Type": "Aggregate", "Strategy": "Hashed", "Parent Relationship": "Outer", "Startup Cost": 950802.57, "Total Cost": 950894.29, "Plan Rows": 9172, "Plan Width": 34, "Group By Key": ["supplier.s_name"], "Plans": [{"Node Type": "Nested Loop", "Parent Relationship": "Outer", "Join Type": "Inner", "Startup Cost": 2.25, "Total Cost": 950756.71, "Plan Rows": 9172, "Plan Width": 26, "Inner Unique": true, "Join Filter": "(l1.l_orderkey = orders.o_orderkey)", "Plans": [{"Node Type": "Nested Loop", "Parent Relationship": "Outer", "Join Type": "Semi", "Startup Cost": 1.65, "Total Cost": 917195.95, "Plan Rows": 7254, "Plan Width": 42, "Inner Unique": false, "Plans": [{"Node Type": "Nested Loop", "Parent Relationship": "Outer", "Join Type": "Anti", "Startup Cost": 0.82, "Total Cost": 902017.4, "Plan Rows": 7635, "Plan Width": 42, "Inner Unique": false, "Plans": [{"Node Type": "Streaming(type: LOCAL GATHER dop: 1/64)", "Parent Relationship": "Outer", "Startup Cost": 0.0, "Total Cost": 543304.32, "Plan Rows": 152707, "Plan Width": 42, "Plans": [{"Node Type": "Nested Loop", "Parent Relationship": "Outer", "Join Type": "Inner", "Startup Cost": 0.0, "Total Cost": 540153.99, "Plan Rows": 152707, "Plan Width": 42, "Inner Unique": false, "Join Filter": "(supplier.s_suppkey = l1.l_suppkey), (LLVM Optimized)", "Plans": [{"Node Type": "Streaming(type: LOCAL REDISTRIBUTE dop: 64/1)", "Parent Relationship": "Outer", "Startup Cost": 0.0, "Total Cost": 67696.83, "Plan Rows": 4000, "Plan Width": 34, "Plans": [{"Node Type": "Nested Loop", "Parent Relationship": "Outer", "Join Type": "Inner", "Startup Cost": 0.0, "Total Cost": 4534.31, "Plan Rows": 4000, "Plan Width": 34, "Inner Unique": false, "Join Filter": "(supplier.s_nationkey = nation.n_nationkey)", "Plans": [{"Node Type": "Seq Scan", "Parent Relationship": "Outer", "Relation Name": "nation", "Alias": "nation", "Startup Cost": 0.0, "Total Cost": 1.31, "Plan Rows": 1, "Plan Width": 4, "Filter": "(n_name = 'EGYPT'::bpchar)"}, {"Node Type": "Seq Scan", "Parent Relationship": "Inner", "Relation Name": "supplier", "Alias": "supplier", "Startup Cost": 0.0, "Total Cost": 3283.0, "Plan Rows": 100000, "Plan Width": 38}]}]}, {"Node Type": "Materialize", "Parent Relationship": "Inner", "Startup Cost": 0.0, "Total Cost": 180332.8, "Plan Rows": 19995678, "Plan Width": 16, "Plans": [{"Node Type": "Streaming(type: LOCAL REDISTRIBUTE dop: 64/64)", "Parent Relationship": "Outer", "Startup Cost": 0.0, "Total Cost": 178770.64, "Plan Rows": 19995678, "Plan Width": 16, "Plans": [{"Node Type": "Seq Scan", "Parent Relationship": "Outer", "Relation Name": "lineitem", "Alias": "l1", "Startup Cost": 0.0, "Total Cost": 96829.42, "Plan Rows": 19995678, "Plan Width": 16, "Filter": "(l_receiptdate > l_commitdate), (LLVM Optimized)"}]}]}]}]}, {"Node Type": "Bitmap Heap Scan", "Parent Relationship": "Inner", "Relation Name": "lineitem", "Alias": "l3", "Startup Cost": 0.82, "Total Cost": 8.97, "Plan Rows": 3, "Plan Width": 16, "Recheck Cond": "(l_orderkey = l1.l_orderkey)", "Filter": "((l_receiptdate > l_commitdate) AND (l_suppkey <> l1.l_suppkey))", "Plans": [{"Node Type": "Bitmap Index Scan", "Parent Relationship": "Outer", "Index Name": "idx_lineitem_orderkey", "Startup Cost": 0.0, "Total Cost": 0.82, "Plan Rows": 9, "Plan Width": 0, "Index Cond": "(l_orderkey = l1.l_orderkey)"}]}]}, {"Node Type": "Bitmap Heap Scan", "Parent Relationship": "Inner", "Relation Name": "lineitem", "Alias": "l2", "Startup Cost": 0.82, "Total Cost": 8.95, "Plan Rows": 9, "Plan Width": 16, "Recheck Cond": "(l_orderkey = l1.l_orderkey)", "Filter": "(l_suppkey <> l1.l_suppkey)", "Plans": [{"Node Type": "Bitmap Index Scan", "Parent Relationship": "Outer", "Index Name": "idx_lineitem_orderkey", "Startup Cost": 0.0, "Total Cost": 0.82, "Plan Rows": 9, "Plan Width": 0, "Index Cond": "(l_orderkey = l1.l_orderkey)"}]}]}, {"Node Type": "Bitmap Heap Scan", "Parent Relationship": "Inner", "Relation Name": "orders", "Alias": "orders", "Startup Cost": 0.6, "Total Cost": 4.61, "Plan Rows": 1, "Plan Width": 8, "Recheck Cond": "(o_orderkey = l2.l_orderkey)", "Filter": "(o_orderstatus = 'F'::bpchar)", "Plans": [{"Node Type": "Bitmap Index Scan", "Parent Relationship": "Outer", "Index Name": "orders_pkey", "Startup Cost": 0.0, "Total Cost": 0.6, "Plan Rows": 1, "Plan Width": 0, "Index Cond": "(o_orderkey = l2.l_orderkey)"}]}]}]}]}]}, "Unique SQL Id": 3870093320}, "explain_analyze_plan": null}, "(64, 55)": {"explain_plan": {"Plan": {"Node Type": "Limit", "Startup Cost": 54985304.37, "Total Cost": 54985304.62, "Plan Rows": 100, "Plan Width": 34, "Plans": [{"Node Type": "Sort", "Parent Relationship": "Outer", "Startup Cost": 54985304.37, "Total Cost": 54985327.3, "Plan Rows": 100, "Plan Width": 34, "Sort Key": ["(count(*)) DESC", "supplier.s_name"], "Plans": [{"Node Type": "Aggregate", "Strategy": "Hashed", "Parent Relationship": "Outer", "Startup Cost": 54984862.1, "Total Cost": 54984953.82, "Plan Rows": 9172, "Plan Width": 34, "Group By Key": ["supplier.s_name"], "Plans": [{"Node Type": "Nested Loop", "Parent Relationship": "Outer", "Join Type": "Inner", "Startup Cost": 1230045.5, "Total Cost": 54984816.24, "Plan Rows": 9172, "Plan Width": 26, "Inner Unique": true, "Join Filter": "(l1.l_orderkey = orders.o_orderkey)", "Plans": [{"Node Type": "Nested Loop", "Parent Relationship": "Outer", "Join Type": "Semi", "Startup Cost": 1230044.9, "Total Cost": 54951255.48, "Plan Rows": 7254, "Plan Width": 42, "Inner Unique": false, "Plans": [{"Node Type": "Nested Loop", "Parent Relationship": "Outer", "Join Type": "Inner", "Startup Cost": 1230044.08, "Total Cost": 54936076.93, "Plan Rows": 7635, "Plan Width": 42, "Inner Unique": false, "Join Filter": "(supplier.s_nationkey = nation.n_nationkey)", "Plans": [{"Node Type": "Bitmap Heap Scan", "Parent Relationship": "Outer", "Relation Name": "nation", "Alias": "nation", "Startup Cost": 8.38, "Total Cost": 12.69, "Plan Rows": 1, "Plan Width": 4, "Filter": "(n_name = 'EGYPT'::bpchar)", "Plans": [{"Node Type": "Bitmap Index Scan", "Parent Relationship": "Outer", "Index Name": "nation_pkey", "Startup Cost": 0.0, "Total Cost": 8.38, "Plan Rows": 25, "Plan Width": 0}]}, {"Node Type": "Nested Loop", "Parent Relationship": "Inner", "Join Type": "Inner", "Startup Cost": 1230035.7, "Total Cost": 54933678.19, "Plan Rows": 190884, "Plan Width": 46, "Inner Unique": true, "Plans": [{"Node Type": "Nested Loop", "Parent Relationship": "Outer", "Join Type": "Anti", "Startup Cost": 1230035.16, "Total Cost": 50364947.29, "Plan Rows": 999784, "Plan Width": 16, "Inner Unique": false, "Plans": [{"Node Type": "Bitmap Heap Scan", "Parent Relationship": "Outer", "Relation Name": "lineitem", "Alias": "l1", "Startup Cost": 1230034.33, "Total Cost": 3395117.25, "Plan Rows": 19995678, "Plan Width": 16, "Filter": "(l_receiptdate > l_commitdate), (LLVM Optimized)", "Plans": [{"Node Type": "Bitmap Index Scan", "Parent Relationship": "Outer", "Index Name": "idx_lineitem_orderkey", "Startup Cost": 0.0, "Total Cost": 1225035.42, "Plan Rows": 59987033, "Plan Width": 0}]}, {"Node Type": "Bitmap Heap Scan", "Parent Relationship": "Inner", "Relation Name": "lineitem", "Alias": "l3", "Startup Cost": 0.82, "Total Cost": 8.97, "Plan Rows": 3, "Plan Width": 16, "Recheck Cond": "(l_orderkey = l1.l_orderkey)", "Filter": "((l_receiptdate > l_commitdate) AND (l_suppkey <> l1.l_suppkey))", "Plans": [{"Node Type": "Bitmap Index Scan", "Parent Relationship": "Outer", "Index Name": "idx_lineitem_orderkey", "Startup Cost": 0.0, "Total Cost": 0.82, "Plan Rows": 9, "Plan Width": 0, "Index Cond": "(l_orderkey = l1.l_orderkey)"}]}]}, {"Node Type": "Bitmap Heap Scan", "Parent Relationship": "Inner", "Relation Name": "supplier", "Alias": "supplier", "Startup Cost": 0.55, "Total Cost": 4.56, "Plan Rows": 1, "Plan Width": 38, "Recheck Cond": "(s_suppkey = l1.l_suppkey)", "Plans": [{"Node Type": "Bitmap Index Scan", "Parent Relationship": "Outer", "Index Name": "supplier_pkey", "Startup Cost": 0.0, "Total Cost": 0.55, "Plan Rows": 1, "Plan Width": 0, "Index Cond": "(s_suppkey = l1.l_suppkey)"}]}]}]}, {"Node Type": "Bitmap Heap Scan", "Parent Relationship": "Inner", "Relation Name": "lineitem", "Alias": "l2", "Startup Cost": 0.82, "Total Cost": 8.95, "Plan Rows": 9, "Plan Width": 16, "Recheck Cond": "(l_orderkey = l1.l_orderkey)", "Filter": "(l_suppkey <> l1.l_suppkey)", "Plans": [{"Node Type": "Bitmap Index Scan", "Parent Relationship": "Outer", "Index Name": "idx_lineitem_orderkey", "Startup Cost": 0.0, "Total Cost": 0.82, "Plan Rows": 9, "Plan Width": 0, "Index Cond": "(l_orderkey = l1.l_orderkey)"}]}]}, {"Node Type": "Bitmap Heap Scan", "Parent Relationship": "Inner", "Relation Name": "orders", "Alias": "orders", "Startup Cost": 0.6, "Total Cost": 4.61, "Plan Rows": 1, "Plan Width": 8, "Recheck Cond": "(o_orderkey = l2.l_orderkey)", "Filter": "(o_orderstatus = 'F'::bpchar)", "Plans": [{"Node Type": "Bitmap Index Scan", "Parent Relationship": "Outer", "Index Name": "orders_pkey", "Startup Cost": 0.0, "Total Cost": 0.6, "Plan Rows": 1, "Plan Width": 0, "Index Cond": "(o_orderkey = l2.l_orderkey)"}]}]}]}]}]}, "Unique SQL Id": 3870093320}, "explain_analyze_plan": null}, "(64, 56)": {"explain_plan": {"Plan": {"Node Type": "Limit", "Startup Cost": 599935.6, "Total Cost": 599935.85, "Plan Rows": 100, "Plan Width": 34, "Plans": [{"Node Type": "Sort", "Parent Relationship": "Outer", "Startup Cost": 599935.6, "Total Cost": 599958.53, "Plan Rows": 100, "Plan Width": 34, "Sort Key": ["(count(*)) DESC", "supplier.s_name"], "Plans": [{"Node Type": "Aggregate", "Strategy": "Hashed", "Parent Relationship": "Outer", "Startup Cost": 599493.33, "Total Cost": 599585.05, "Plan Rows": 9172, "Plan Width": 34, "Group By Key": ["supplier.s_name"], "Plans": [{"Node Type": "Nested Loop", "Parent Relationship": "Outer", "Join Type": "Inner", "Startup Cost": 0.0, "Total Cost": 599447.47, "Plan Rows": 9172, "Plan Width": 26, "Inner Unique": true, "Join Filter": "(l1.l_orderkey = orders.o_orderkey)", "Plans": [{"Node Type": "Nested Loop", "Parent Relationship": "Outer", "Join Type": "Semi", "Startup Cost": 0.0, "Total Cost": 592347.1, "Plan Rows": 7254, "Plan Width": 42, "Inner Unique": false, "Plans": [{"Node Type": "Nested Loop", "Parent Relationship": "Outer", "Join Type": "Anti", "Startup Cost": 0.0, "Total Cost": 590491.54, "Plan Rows": 7635, "Plan Width": 42, "Inner Unique": false, "Plans": [{"Node Type": "Streaming(type: LOCAL GATHER dop: 1/64)", "Parent Relationship": "Outer", "Startup Cost": 0.0, "Total Cost": 543304.32, "Plan Rows": 152707, "Plan Width": 42, "Plans": [{"Node Type": "Nested Loop", "Parent Relationship": "Outer", "Join Type": "Inner", "Startup Cost": 0.0, "Total Cost": 540153.99, "Plan Rows": 152707, "Plan Width": 42, "Inner Unique": false, "Join Filter": "(supplier.s_suppkey = l1.l_suppkey), (LLVM Optimized)", "Plans": [{"Node Type": "Streaming(type: LOCAL REDISTRIBUTE dop: 64/1)", "Parent Relationship": "Outer", "Startup Cost": 0.0, "Total Cost": 67696.83, "Plan Rows": 4000, "Plan Width": 34, "Plans": [{"Node Type": "Nested Loop", "Parent Relationship": "Outer", "Join Type": "Inner", "Startup Cost": 0.0, "Total Cost": 4534.31, "Plan Rows": 4000, "Plan Width": 34, "Inner Unique": false, "Join Filter": "(supplier.s_nationkey = nation.n_nationkey)", "Plans": [{"Node Type": "Seq Scan", "Parent Relationship": "Outer", "Relation Name": "nation", "Alias": "nation", "Startup Cost": 0.0, "Total Cost": 1.31, "Plan Rows": 1, "Plan Width": 4, "Filter": "(n_name = 'EGYPT'::bpchar)"}, {"Node Type": "Seq Scan", "Parent Relationship": "Inner", "Relation Name": "supplier", "Alias": "supplier", "Startup Cost": 0.0, "Total Cost": 3283.0, "Plan Rows": 100000, "Plan Width": 38}]}]}, {"Node Type": "Materialize", "Parent Relationship": "Inner", "Startup Cost": 0.0, "Total Cost": 180332.8, "Plan Rows": 19995678, "Plan Width": 16, "Plans": [{"Node Type": "Streaming(type: LOCAL REDISTRIBUTE dop: 64/64)", "Parent Relationship": "Outer", "Startup Cost": 0.0, "Total Cost": 178770.64, "Plan Rows": 19995678, "Plan Width": 16, "Plans": [{"Node Type": "Seq Scan", "Parent Relationship": "Outer", "Relation Name": "lineitem", "Alias": "l1", "Startup Cost": 0.0, "Total Cost": 96829.42, "Plan Rows": 19995678, "Plan Width": 16, "Filter": "(l_receiptdate > l_commitdate), (LLVM Optimized)"}]}]}]}]}, {"Node Type": "Index Scan", "Parent Relationship": "Inner", "Scan Direction": "Forward", "Index Name": "idx_lineitem_orderkey", "Relation Name": "lineitem", "Alias": "l3", "Startup Cost": 0.0, "Total Cost": 1.63, "Plan Rows": 3, "Plan Width": 16, "Index Cond": "(l_orderkey = l1.l_orderkey)", "Filter": "((l_receiptdate > l_commitdate) AND (l_suppkey <> l1.l_suppkey))"}]}, {"Node Type": "Index Scan", "Parent Relationship": "Inner", "Scan Direction": "Forward", "Index Name": "idx_lineitem_orderkey", "Relation Name": "lineitem", "Alias": "l2", "Startup Cost": 0.0, "Total Cost": 1.63, "Plan Rows": 9, "Plan Width": 16, "Index Cond": "(l_orderkey = l1.l_orderkey)", "Filter": "(l_suppkey <> l1.l_suppkey)"}]}, {"Node Type": "Index Scan", "Parent Relationship": "Inner", "Scan Direction": "Forward", "Index Name": "orders_pkey", "Relation Name": "orders", "Alias": "orders", "Startup Cost": 0.0, "Total Cost": 0.97, "Plan Rows": 1, "Plan Width": 8, "Index Cond": "(o_orderkey = l2.l_orderkey)", "Filter": "(o_orderstatus = 'F'::bpchar)"}]}]}]}]}, "Unique SQL Id": 3870093320}, "explain_analyze_plan": {"Plan": {"Node Type": "Limit", "Startup Cost": 599935.6, "Total Cost": 599935.85, "Plan Rows": 100, "Plan Width": 34, "Actual Min Startup Time": 22135.209, "Actual Max Startup Time": 22135.209, "Actual Min Total Time": 22135.229, "Actual Max Total Time": 22135.229, "Actual Total Rows": 100, "Plans": [{"Node Type": "Sort", "Parent Relationship": "Outer", "Startup Cost": 599935.6, "Total Cost": 599958.53, "Plan Rows": 100, "Plan Width": 34, "Actual Min Startup Time": 22135.204, "Actual Max Startup Time": 22135.204, "Actual Min Total Time": 22135.212, "Actual Max Total Time": 22135.212, "Actual Total Rows": 100, "Sort Key": ["(count(*)) DESC", "supplier.s_name"], "Sort Method": "top-N heapsort", "Sort Space Min Used": 41, "Sort Space Max Used": 41, "Sort Space Type": "Memory", "Plans": [{"Node Type": "Aggregate", "Strategy": "Hashed", "Parent Relationship": "Outer", "Startup Cost": 599493.33, "Total Cost": 599585.05, "Plan Rows": 9172, "Plan Width": 34, "Actual Min Startup Time": 22131.822, "Actual Max Startup Time": 22131.822, "Actual Min Total Time": 22133.014, "Actual Max Total Time": 22133.014, "Actual Total Rows": 3981, "Group By Key": ["supplier.s_name"], "Plans": [{"Node Type": "Nested Loop", "Parent Relationship": "Outer", "Join Type": "Inner", "Startup Cost": 0.0, "Total Cost": 599447.47, "Plan Rows": 9172, "Plan Width": 26, "Actual Min Startup Time": 2089.674, "Actual Max Startup Time": 2089.674, "Actual Min Total Time": 22070.682, "Actual Max Total Time": 22070.682, "Actual Total Rows": 39445, "Inner Unique": true, "Join Filter": "(l1.l_orderkey = orders.o_orderkey)", "Rows Removed by Join Filter": 0, "Plans": [{"Node Type": "Nested Loop", "Parent Relationship": "Outer", "Join Type": "Semi", "Startup Cost": 0.0, "Total Cost": 592347.1, "Plan Rows": 7254, "Plan Width": 42, "Actual Min Startup Time": 2089.648, "Actual Max Startup Time": 2089.648, "Actual Min Total Time": 21307.341, "Actual Max Total Time": 21307.341, "Actual Total Rows": 80537, "Inner Unique": false, "Plans": [{"Node Type": "Nested Loop", "Parent Relationship": "Outer", "Join Type": "Anti", "Startup Cost": 0.0, "Total Cost": 590491.54, "Plan Rows": 7635, "Plan Width": 42, "Actual Min Startup Time": 2089.636, "Actual Max Startup Time": 2089.636, "Actual Min Total Time": 20688.752, "Actual Max Total Time": 20688.752, "Actual Total Rows": 135110, "Inner Unique": false, "Plans": [{"Node Type": "Streaming(type: LOCAL GATHER dop: 1/64)", "Parent Relationship": "Outer", "Startup Cost": 0.0, "Total Cost": 543304.32, "Plan Rows": 152707, "Plan Width": 42, "Actual Min Startup Time": 2089.092, "Actual Max Startup Time": 2089.092, "Actual Min Total Time": 4652.838, "Actual Max Total Time": 4652.838, "Actual Total Rows": 1511024, "Plans": [{"Node Type": "Nested Loop", "Parent Relationship": "Outer", "Join Type": "Inner", "Startup Cost": 0.0, "Total Cost": 540153.99, "Plan Rows": 152707, "Plan Width": 42, "Actual Min Startup Time": 1641.633, "Actual Max Startup Time": 1891.958, "Actual Min Total Time": 9480.704, "Actual Max Total Time": 16809.137, "Actual Total Rows": 1511024, "Inner Unique": false, "Join Filter": "(supplier.s_suppkey = l1.l_suppkey), (LLVM Optimized, Jit Execute)", "Rows Removed by Join Filter": 2358157333, "Plans": [{"Node Type": "Streaming(type: LOCAL REDISTRIBUTE dop: 64/1)", "Parent Relationship": "Outer", "Startup Cost": 0.0, "Total Cost": 67696.83, "Plan Rows": 4000, "Plan Width": 34, "Actual Min Startup Time": 0.033, "Actual Max Startup Time": 0.09, "Actual Min Total Time": 0.079, "Actual Max Total Time": 0.379, "Actual Total Rows": 3981, "Plans": [{"Node Type": "Nested Loop", "Parent Relationship": "Outer", "Join Type": "Inner", "Startup Cost": 0.0, "Total Cost": 4534.31, "Plan Rows": 4000, "Plan Width": 34, "Actual Min Startup Time": 0.076, "Actual Max Startup Time": 0.076, "Actual Min Total Time": 51.71, "Actual Max Total Time": 51.71, "Actual Total Rows": 3981, "Inner Unique": false, "Join Filter": "(supplier.s_nationkey = nation.n_nationkey)", "Rows Removed by Join Filter": 96019, "Plans": [{"Node Type": "Seq Scan", "Parent Relationship": "Outer", "Relation Name": "nation", "Alias": "nation", "Startup Cost": 0.0, "Total Cost": 1.31, "Plan Rows": 1, "Plan Width": 4, "Actual Min Startup Time": 0.043, "Actual Max Startup Time": 0.043, "Actual Min Total Time": 0.056, "Actual Max Total Time": 0.056, "Actual Total Rows": 1, "Filter": "(n_name = 'EGYPT'::bpchar)", "Rows Removed by Filter": 24}, {"Node Type": "Seq Scan", "Parent Relationship": "Inner", "Relation Name": "supplier", "Alias": "supplier", "Startup Cost": 0.0, "Total Cost": 3283.0, "Plan Rows": 100000, "Plan Width": 38, "Actual Min Startup Time": 0.012, "Actual Max Startup Time": 0.012, "Actual Min Total Time": 28.719, "Actual Max Total Time": 28.719, "Actual Total Rows": 100000}]}]}, {"Node Type": "Materialize", "Parent Relationship": "Inner", "Startup Cost": 0.0, "Total Cost": 180332.8, "Plan Rows": 19995678, "Plan Width": 16, "Actual Min Startup Time": 1640.736, "Actual Max Startup Time": 1891.094, "Actual Min Total Time": 5962.818, "Actual Max Total Time": 11299.558, "Actual Total Rows": 2359668421, "Plans": [{"Node Type": "Streaming(type: LOCAL REDISTRIBUTE dop: 64/64)", "Parent Relationship": "Outer", "Startup Cost": 0.0, "Total Cost": 178770.64, "Plan Rows": 19995678, "Plan Width": 16, "Actual Min Startup Time": 0.111, "Actual Max Startup Time": 217.514, "Actual Min Total Time": 1520.886, "Actual Max Total Time": 1786.037, "Actual Total Rows": 37929348, "Plans": [{"Node Type": "Seq Scan", "Parent Relationship": "Outer", "Relation Name": "lineitem", "Alias": "l1", "Startup Cost": 0.0, "Total Cost": 96829.42, "Plan Rows": 19995678, "Plan Width": 16, "Actual Min Startup Time": 0.022, "Actual Max Startup Time": 0.066, "Actual Min Total Time": 458.493, "Actual Max Total Time": 541.009, "Actual Total Rows": 37929348, "Filter": "(l_receiptdate > l_commitdate), (LLVM Optimized, Jit Execute)", "Rows Removed by Filter": 22056704}]}]}]}]}, {"Node Type": "Index Scan", "Parent Relationship": "Inner", "Scan Direction": "Forward", "Index Name": "idx_lineitem_orderkey", "Relation Name": "lineitem", "Alias": "l3", "Startup Cost": 0.0, "Total Cost": 1.63, "Plan Rows": 3, "Plan Width": 16, "Actual Min Startup Time": 14958.555, "Actual Max Startup Time": 14958.555, "Actual Min Total Time": 14958.555, "Actual Max Total Time": 14958.555, "Actual Total Rows": 1375914, "Index Cond": "(l_orderkey = l1.l_orderkey)", "Rows Removed by Index Recheck": 0, "Filter": "((l_receiptdate > l_commitdate) AND (l_suppkey <> l1.l_suppkey))", "Rows Removed by Filter": 1348115}]}, {"Node Type": "Index Scan", "Parent Relationship": "Inner", "Scan Direction": "Forward", "Index Name": "idx_lineitem_orderkey", "Relation Name": "lineitem", "Alias": "l2", "Startup Cost": 0.0, "Total Cost": 1.63, "Plan Rows": 9, "Plan Width": 16, "Actual Min Startup Time": 513.699, "Actual Max Startup Time": 513.699, "Actual Min Total Time": 513.699, "Actual Max Total Time": 513.699, "Actual Total Rows": 80537, "Index Cond": "(l_orderkey = l1.l_orderkey)", "Rows Removed by Index Recheck": 0, "Filter": "(l_suppkey <> l1.l_suppkey)", "Rows Removed by Filter": 85912}]}, {"Node Type": "Index Scan", "Parent Relationship": "Inner", "Scan Direction": "Forward", "Index Name": "orders_pkey", "Relation Name": "orders", "Alias": "orders", "Startup Cost": 0.0, "Total Cost": 0.97, "Plan Rows": 1, "Plan Width": 8, "Actual Min Startup Time": 687.68, "Actual Max Startup Time": 687.68, "Actual Min Total Time": 687.68, "Actual Max Total Time": 687.68, "Actual Total Rows": 39445, "Index Cond": "(o_orderkey = l2.l_orderkey)", "Rows Removed by Index Recheck": 0, "Filter": "(o_orderstatus = 'F'::bpchar)", "Rows Removed by Filter": 41092}]}]}]}]}, "Triggers": [], "Planner Runtime": 9.23, "Total Runtime": 22173.314, "Unique SQL Id": 3870093320}}, "(64, 57)": {"explain_plan": {"Plan": {"Node Type": "Limit", "Startup Cost": 3220169.9, "Total Cost": 3220170.15, "Plan Rows": 100, "Plan Width": 34, "Plans": [{"Node Type": "Sort", "Parent Relationship": "Outer", "Startup Cost": 3220169.9, "Total Cost": 3220192.83, "Plan Rows": 100, "Plan Width": 34, "Sort Key": ["(count(*)) DESC", "supplier.s_name"], "Plans": [{"Node Type": "Aggregate", "Strategy": "Hashed", "Parent Relationship": "Outer", "Startup Cost": 3219727.63, "Total Cost": 3219819.35, "Plan Rows": 9172, "Plan Width": 34, "Group By Key": ["supplier.s_name"], "Plans": [{"Node Type": "Nested Loop", "Parent Relationship": "Outer", "Join Type": "Inner", "Startup Cost": 0.0, "Total Cost": 3219681.77, "Plan Rows": 9172, "Plan Width": 26, "Inner Unique": true, "Join Filter": "(l1.l_orderkey = orders.o_orderkey)", "Plans": [{"Node Type": "Nested Loop", "Parent Relationship": "Outer", "Join Type": "Semi", "Startup Cost": 0.0, "Total Cost": 3212581.4, "Plan Rows": 7254, "Plan Width": 42, "Inner Unique": false, "Plans": [{"Node Type": "Nested Loop", "Parent Relationship": "Outer", "Join Type": "Anti", "Startup Cost": 0.0, "Total Cost": 3210725.84, "Plan Rows": 7635, "Plan Width": 42, "Inner Unique": false, "Plans": [{"Node Type": "Streaming(type: LOCAL GATHER dop: 1/64)", "Parent Relationship": "Outer", "Startup Cost": 0.0, "Total Cost": 3163538.62, "Plan Rows": 152707, "Plan Width": 42, "Plans": [{"Node Type": "Nested Loop", "Parent Relationship": "Outer", "Join Type": "Inner", "Startup Cost": 0.0, "Total Cost": 3160388.29, "Plan Rows": 152707, "Plan Width": 42, "Inner Unique": false, "Join Filter": "(supplier.s_suppkey = l1.l_suppkey), (LLVM Optimized)", "Plans": [{"Node Type": "Streaming(type: LOCAL REDISTRIBUTE dop: 64/1)", "Parent Relationship": "Outer", "Startup Cost": 0.0, "Total Cost": 69760.92, "Plan Rows": 4000, "Plan Width": 34, "Plans": [{"Node Type": "Nested Loop", "Parent Relationship": "Outer", "Join Type": "Inner", "Startup Cost": 0.0, "Total Cost": 6598.4, "Plan Rows": 4000, "Plan Width": 34, "Inner Unique": false, "Join Filter": "(supplier.s_nationkey = nation.n_nationkey)", "Plans": [{"Node Type": "Index Scan", "Parent Relationship": "Outer", "Scan Direction": "Forward", "Index Name": "nation_pkey", "Relation Name": "nation", "Alias": "nation", "Startup Cost": 0.0, "Total Cost": 12.69, "Plan Rows": 1, "Plan Width": 4, "Filter": "(n_name = 'EGYPT'::bpchar)"}, {"Node Type": "Index Scan", "Parent Relationship": "Inner", "Scan Direction": "Forward", "Index Name": "supplier_pkey", "Relation Name": "supplier", "Alias": "supplier", "Startup Cost": 0.0, "Total Cost": 5335.71, "Plan Rows": 100000, "Plan Width": 38}]}]}, {"Node Type": "Materialize", "Parent Relationship": "Inner", "Startup Cost": 0.0, "Total Cost": 2798503.01, "Plan Rows": 19995678, "Plan Width": 16, "Plans": [{"Node Type": "Streaming(type: LOCAL REDISTRIBUTE dop: 64/64)", "Parent Relationship": "Outer", "Startup Cost": 0.0, "Total Cost": 2796940.85, "Plan Rows": 19995678, "Plan Width": 16, "Plans": [{"Node Type": "Index Scan", "Parent Relationship": "Outer", "Scan Direction": "Forward", "Index Name": "idx_lineitem_orderkey", "Relation Name": "lineitem", "Alias": "l1", "Startup Cost": 0.0, "Total Cost": 2714999.63, "Plan Rows": 19995678, "Plan Width": 16, "Filter": "(l_receiptdate > l_commitdate), (LLVM Optimized)"}]}]}]}]}, {"Node Type": "Index Scan", "Parent Relationship": "Inner", "Scan Direction": "Forward", "Index Name": "idx_lineitem_orderkey", "Relation Name": "lineitem", "Alias": "l3", "Startup Cost": 0.0, "Total Cost": 1.63, "Plan Rows": 3, "Plan Width": 16, "Index Cond": "(l_orderkey = l1.l_orderkey)", "Filter": "((l_receiptdate > l_commitdate) AND (l_suppkey <> l1.l_suppkey))"}]}, {"Node Type": "Index Scan", "Parent Relationship": "Inner", "Scan Direction": "Forward", "Index Name": "idx_lineitem_orderkey", "Relation Name": "lineitem", "Alias": "l2", "Startup Cost": 0.0, "Total Cost": 1.63, "Plan Rows": 9, "Plan Width": 16, "Index Cond": "(l_orderkey = l1.l_orderkey)", "Filter": "(l_suppkey <> l1.l_suppkey)"}]}, {"Node Type": "Index Scan", "Parent Relationship": "Inner", "Scan Direction": "Forward", "Index Name": "orders_pkey", "Relation Name": "orders", "Alias": "orders", "Startup Cost": 0.0, "Total Cost": 0.97, "Plan Rows": 1, "Plan Width": 8, "Index Cond": "(o_orderkey = l2.l_orderkey)", "Filter": "(o_orderstatus = 'F'::bpchar)"}]}]}]}]}, "Unique SQL Id": 3870093320}, "explain_analyze_plan": {"Plan": {"Node Type": "Limit", "Startup Cost": 3220169.9, "Total Cost": 3220170.15, "Plan Rows": 100, "Plan Width": 34, "Actual Min Startup Time": 25761.332, "Actual Max Startup Time": 25761.332, "Actual Min Total Time": 25761.348, "Actual Max Total Time": 25761.348, "Actual Total Rows": 100, "Plans": [{"Node Type": "Sort", "Parent Relationship": "Outer", "Startup Cost": 3220169.9, "Total Cost": 3220192.83, "Plan Rows": 100, "Plan Width": 34, "Actual Min Startup Time": 25761.329, "Actual Max Startup Time": 25761.329, "Actual Min Total Time": 25761.336, "Actual Max Total Time": 25761.336, "Actual Total Rows": 100, "Sort Key": ["(count(*)) DESC", "supplier.s_name"], "Sort Method": "top-N heapsort", "Sort Space Min Used": 41, "Sort Space Max Used": 41, "Sort Space Type": "Memory", "Plans": [{"Node Type": "Aggregate", "Strategy": "Hashed", "Parent Relationship": "Outer", "Startup Cost": 3219727.63, "Total Cost": 3219819.35, "Plan Rows": 9172, "Plan Width": 34, "Actual Min Startup Time": 25758.056, "Actual Max Startup Time": 25758.056, "Actual Min Total Time": 25759.319, "Actual Max Total Time": 25759.319, "Actual Total Rows": 3981, "Group By Key": ["supplier.s_name"], "Plans": [{"Node Type": "Nested Loop", "Parent Relationship": "Outer", "Join Type": "Inner", "Startup Cost": 0.0, "Total Cost": 3219681.77, "Plan Rows": 9172, "Plan Width": 26, "Actual Min Startup Time": 5073.861, "Actual Max Startup Time": 5073.861, "Actual Min Total Time": 25693.464, "Actual Max Total Time": 25693.464, "Actual Total Rows": 39445, "Inner Unique": true, "Join Filter": "(l1.l_orderkey = orders.o_orderkey)", "Rows Removed by Join Filter": 0, "Plans": [{"Node Type": "Nested Loop", "Parent Relationship": "Outer", "Join Type": "Semi", "Startup Cost": 0.0, "Total Cost": 3212581.4, "Plan Rows": 7254, "Plan Width": 42, "Actual Min Startup Time": 5071.269, "Actual Max Startup Time": 5071.269, "Actual Min Total Time": 24916.426, "Actual Max Total Time": 24916.426, "Actual Total Rows": 80537, "Inner Unique": false, "Plans": [{"Node Type": "Nested Loop", "Parent Relationship": "Outer", "Join Type": "Anti", "Startup Cost": 0.0, "Total Cost": 3210725.84, "Plan Rows": 7635, "Plan Width": 42, "Actual Min Startup Time": 5071.257, "Actual Max Startup Time": 5071.257, "Actual Min Total Time": 24272.311, "Actual Max Total Time": 24272.311, "Actual Total Rows": 135110, "Inner Unique": false, "Plans": [{"Node Type": "Streaming(type: LOCAL GATHER dop: 1/64)", "Parent Relationship": "Outer", "Startup Cost": 0.0, "Total Cost": 3163538.62, "Plan Rows": 152707, "Plan Width": 42, "Actual Min Startup Time": 5070.873, "Actual Max Startup Time": 5070.873, "Actual Min Total Time": 7986.719, "Actual Max Total Time": 7986.719, "Actual Total Rows": 1511024, "Plans": [{"Node Type": "Nested Loop", "Parent Relationship": "Outer", "Join Type": "Inner", "Startup Cost": 0.0, "Total Cost": 3160388.29, "Plan Rows": 152707, "Plan Width": 42, "Actual Min Startup Time": 4626.499, "Actual Max Startup Time": 4901.296, "Actual Min Total Time": 12024.49, "Actual Max Total Time": 18749.412, "Actual Total Rows": 1511024, "Inner Unique": false, "Join Filter": "(supplier.s_suppkey = l1.l_suppkey), (LLVM Optimized, Jit Execute)", "Rows Removed by Join Filter": 2358157333, "Plans": [{"Node Type": "Streaming(type: LOCAL REDISTRIBUTE dop: 64/1)", "Parent Relationship": "Outer", "Startup Cost": 0.0, "Total Cost": 69760.92, "Plan Rows": 4000, "Plan Width": 34, "Actual Min Startup Time": 0.035, "Actual Max Startup Time": 0.087, "Actual Min Total Time": 0.076, "Actual Max Total Time": 0.396, "Actual Total Rows": 3981, "Plans": [{"Node Type": "Nested Loop", "Parent Relationship": "Outer", "Join Type": "Inner", "Startup Cost": 0.0, "Total Cost": 6598.4, "Plan Rows": 4000, "Plan Width": 34, "Actual Min Startup Time": 0.119, "Actual Max Startup Time": 0.119, "Actual Min Total Time": 109.903, "Actual Max Total Time": 109.903, "Actual Total Rows": 3981, "Inner Unique": false, "Join Filter": "(supplier.s_nationkey = nation.n_nationkey)", "Rows Removed by Join Filter": 96019, "Plans": [{"Node Type": "Index Scan", "Parent Relationship": "Outer", "Scan Direction": "Forward", "Index Name": "nation_pkey", "Relation Name": "nation", "Alias": "nation", "Startup Cost": 0.0, "Total Cost": 12.69, "Plan Rows": 1, "Plan Width": 4, "Actual Min Startup Time": 0.051, "Actual Max Startup Time": 0.051, "Actual Min Total Time": 0.077, "Actual Max Total Time": 0.077, "Actual Total Rows": 1, "Filter": "(n_name = 'EGYPT'::bpchar)", "Rows Removed by Filter": 24}, {"Node Type": "Index Scan", "Parent Relationship": "Inner", "Scan Direction": "Forward", "Index Name": "supplier_pkey", "Relation Name": "supplier", "Alias": "supplier", "Startup Cost": 0.0, "Total Cost": 5335.71, "Plan Rows": 100000, "Plan Width": 38, "Actual Min Startup Time": 0.036, "Actual Max Startup Time": 0.036, "Actual Min Total Time": 74.078, "Actual Max Total Time": 74.078, "Actual Total Rows": 100000}]}]}, {"Node Type": "Materialize", "Parent Relationship": "Inner", "Startup Cost": 0.0, "Total Cost": 2798503.01, "Plan Rows": 19995678, "Plan Width": 16, "Actual Min Startup Time": 4625.444, "Actual Max Startup Time": 4900.63, "Actual Min Total Time": 8319.603, "Actual Max Total Time": 13712.832, "Actual Total Rows": 2359668421, "Plans": [{"Node Type": "Streaming(type: LOCAL REDISTRIBUTE dop: 64/64)", "Parent Relationship": "Outer", "Startup Cost": 0.0, "Total Cost": 2796940.85, "Plan Rows": 19995678, "Plan Width": 16, "Actual Min Startup Time": 463.524, "Actual Max Startup Time": 738.456, "Actual Min Total Time": 4500.006, "Actual Max Total Time": 4782.711, "Actual Total Rows": 37929348, "Plans": [{"Node Type": "Index Scan", "Parent Relationship": "Outer", "Scan Direction": "Forward", "Index Name": "idx_lineitem_orderkey", "Relation Name": "lineitem", "Alias": "l1", "Startup Cost": 0.0, "Total Cost": 2714999.63, "Plan Rows": 19995678, "Plan Width": 16, "Actual Min Startup Time": 452.299, "Actual Max Startup Time": 759.637, "Actual Min Total Time": 1242.865, "Actual Max Total Time": 1614.049, "Actual Total Rows": 37929348, "Filter": "(l_receiptdate > l_commitdate), (LLVM Optimized, Jit Execute)", "Rows Removed by Filter": 22056704}]}]}]}]}, {"Node Type": "Index Scan", "Parent Relationship": "Inner", "Scan Direction": "Forward", "Index Name": "idx_lineitem_orderkey", "Relation Name": "lineitem", "Alias": "l3", "Startup Cost": 0.0, "Total Cost": 1.63, "Plan Rows": 3, "Plan Width": 16, "Actual Min Startup Time": 15173.22, "Actual Max Startup Time": 15173.22, "Actual Min Total Time": 15173.22, "Actual Max Total Time": 15173.22, "Actual Total Rows": 1375914, "Index Cond": "(l_orderkey = l1.l_orderkey)", "Rows Removed by Index Recheck": 0, "Filter": "((l_receiptdate > l_commitdate) AND (l_suppkey <> l1.l_suppkey))", "Rows Removed by Filter": 1348115}]}, {"Node Type": "Index Scan", "Parent Relationship": "Inner", "Scan Direction": "Forward", "Index Name": "idx_lineitem_orderkey", "Relation Name": "lineitem", "Alias": "l2", "Startup Cost": 0.0, "Total Cost": 1.63, "Plan Rows": 9, "Plan Width": 16, "Actual Min Startup Time": 529.801, "Actual Max Startup Time": 529.801, "Actual Min Total Time": 529.801, "Actual Max Total Time": 529.801, "Actual Total Rows": 80537, "Index Cond": "(l_orderkey = l1.l_orderkey)", "Rows Removed by Index Recheck": 0, "Filter": "(l_suppkey <> l1.l_suppkey)", "Rows Removed by Filter": 85912}]}, {"Node Type": "Index Scan", "Parent Relationship": "Inner", "Scan Direction": "Forward", "Index Name": "orders_pkey", "Relation Name": "orders", "Alias": "orders", "Startup Cost": 0.0, "Total Cost": 0.97, "Plan Rows": 1, "Plan Width": 8, "Actual Min Startup Time": 697.938, "Actual Max Startup Time": 697.938, "Actual Min Total Time": 697.938, "Actual Max Total Time": 697.938, "Actual Total Rows": 39445, "Index Cond": "(o_orderkey = l2.l_orderkey)", "Rows Removed by Index Recheck": 0, "Filter": "(o_orderstatus = 'F'::bpchar)", "Rows Removed by Filter": 41092}]}]}]}]}, "Triggers": [], "Planner Runtime": 9.276, "Total Runtime": 25798.915, "Unique SQL Id": 3870093320}}, "(64, 58)": {"explain_plan": {"Plan": {"Node Type": "Limit", "Startup Cost": 4178933.05, "Total Cost": 4178933.3, "Plan Rows": 100, "Plan Width": 34, "Plans": [{"Node Type": "Sort", "Parent Relationship": "Outer", "Startup Cost": 4178933.05, "Total Cost": 4178933.3, "Plan Rows": 100, "Plan Width": 34, "Sort Key": ["(count(*)) DESC", "supplier.s_name"], "Plans": [{"Node Type": "Streaming(type: LOCAL GATHER dop: 1/64)", "Parent Relationship": "Outer", "Startup Cost": 4178928.94, "Total Cost": 4178929.73, "Plan Rows": 100, "Plan Width": 34, "Plans": [{"Node Type": "Limit", "Parent Relationship": "Outer", "Startup Cost": 4178928.94, "Total Cost": 4178929.19, "Plan Rows": 100, "Plan Width": 34, "Plans": [{"Node Type": "Sort", "Parent Relationship": "Outer", "Startup Cost": 4178928.94, "Total Cost": 4178951.87, "Plan Rows": 100, "Plan Width": 34, "Sort Key": ["(count(*)) DESC", "supplier.s_name"], "Plans": [{"Node Type": "Aggregate", "Strategy": "Hashed", "Parent Relationship": "Outer", "Startup Cost": 4178576.95, "Total Cost": 4178578.39, "Plan Rows": 9172, "Plan Width": 34, "Group By Key": ["supplier.s_name"], "Plans": [{"Node Type": "Streaming(type: LOCAL REDISTRIBUTE dop: 64/64)", "Parent Relationship": "Outer", "Startup Cost": 0.0, "Total Cost": 4178576.24, "Plan Rows": 9172, "Plan Width": 26, "Plans": [{"Node Type": "Nested Loop", "Parent Relationship": "Outer", "Join Type": "Inner", "Startup Cost": 0.0, "Total Cost": 4178276.36, "Plan Rows": 9172, "Plan Width": 26, "Inner Unique": false, "Join Filter": "(l1.l_orderkey = orders.o_orderkey)", "Plans": [{"Node Type": "Streaming(type: LOCAL REDISTRIBUTE dop: 64/64)", "Parent Relationship": "Outer", "Startup Cost": 0.0, "Total Cost": 140200.44, "Plan Rows": 7338812, "Plan Width": 8, "Plans": [{"Node Type": "Seq Scan", "Parent Relationship": "Outer", "Relation Name": "orders", "Alias": "orders", "Startup Cost": 0.0, "Total Cost": 70248.63, "Plan Rows": 7338812, "Plan Width": 8, "Filter": "(o_orderstatus = 'F'::bpchar), (LLVM Optimized)"}]}, {"Node Type": "Materialize", "Parent Relationship": "Inner", "Startup Cost": 0.0, "Total Cost": 3843121.09, "Plan Rows": 7254, "Plan Width": 42, "Plans": [{"Node Type": "Streaming(type: LOCAL REDISTRIBUTE dop: 64/64)", "Parent Relationship": "Outer", "Startup Cost": 0.0, "Total Cost": 3843120.53, "Plan Rows": 7254, "Plan Width": 42, "Plans": [{"Node Type": "Nested Loop", "Parent Relationship": "Outer", "Join Type": "Semi", "Startup Cost": 0.0, "Total Cost": 3780113.65, "Plan Rows": 7254, "Plan Width": 42, "Inner Unique": false, "Join Filter": "((l2.l_suppkey <> l1.l_suppkey) AND (l1.l_orderkey = l2.l_orderkey))", "Plans": [{"Node Type": "Streaming(type: LOCAL REDISTRIBUTE dop: 64/64)", "Parent Relationship": "Outer", "Startup Cost": 0.0, "Total Cost": 3279566.42, "Plan Rows": 7635, "Plan Width": 42, "Plans": [{"Node Type": "Nested Loop", "Parent Relationship": "Outer", "Join Type": "Anti", "Startup Cost": 0.0, "Total Cost": 3216559.19, "Plan Rows": 7635, "Plan Width": 42, "Inner Unique": false, "Join Filter": "((l3.l_suppkey <> l1.l_suppkey) AND (l3.l_orderkey = l1.l_orderkey))", "Plans": [{"Node Type": "Streaming(type: LOCAL REDISTRIBUTE dop: 64/64)", "Parent Relationship": "Outer", "Startup Cost": 0.0, "Total Cost": 603298.65, "Plan Rows": 152707, "Plan Width": 42, "Plans": [{"Node Type": "Nested Loop", "Parent Relationship": "Outer", "Join Type": "Inner", "Startup Cost": 0.0, "Total Cost": 540153.99, "Plan Rows": 152707, "Plan Width": 42, "Inner Unique": false, "Join Filter": "(supplier.s_suppkey = l1.l_suppkey), (LLVM Optimized)", "Plans": [{"Node Type": "Streaming(type: LOCAL REDISTRIBUTE dop: 64/1)", "Parent Relationship": "Outer", "Startup Cost": 0.0, "Total Cost": 67696.83, "Plan Rows": 4000, "Plan Width": 34, "Plans": [{"Node Type": "Nested Loop", "Parent Relationship": "Outer", "Join Type": "Inner", "Startup Cost": 0.0, "Total Cost": 4534.31, "Plan Rows": 4000, "Plan Width": 34, "Inner Unique": false, "Join Filter": "(supplier.s_nationkey = nation.n_nationkey)", "Plans": [{"Node Type": "Seq Scan", "Parent Relationship": "Outer", "Relation Name": "nation", "Alias": "nation", "Startup Cost": 0.0, "Total Cost": 1.31, "Plan Rows": 1, "Plan Width": 4, "Filter": "(n_name = 'EGYPT'::bpchar)"}, {"Node Type": "Seq Scan", "Parent Relationship": "Inner", "Relation Name": "supplier", "Alias": "supplier", "Startup Cost": 0.0, "Total Cost": 3283.0, "Plan Rows": 100000, "Plan Width": 38}]}]}, {"Node Type": "Materialize", "Parent Relationship": "Inner", "Startup Cost": 0.0, "Total Cost": 180332.8, "Plan Rows": 19995678, "Plan Width": 16, "Plans": [{"Node Type": "Streaming(type: LOCAL REDISTRIBUTE dop: 64/64)", "Parent Relationship": "Outer", "Startup Cost": 0.0, "Total Cost": 178770.64, "Plan Rows": 19995678, "Plan Width": 16, "Plans": [{"Node Type": "Seq Scan", "Parent Relationship": "Outer", "Relation Name": "lineitem", "Alias": "l1", "Startup Cost": 0.0, "Total Cost": 96829.42, "Plan Rows": 19995678, "Plan Width": 16, "Filter": "(l_receiptdate > l_commitdate), (LLVM Optimized)"}]}]}]}]}, {"Node Type": "Materialize", "Parent Relationship": "Inner", "Startup Cost": 0.0, "Total Cost": 180332.8, "Plan Rows": 19995678, "Plan Width": 16, "Plans": [{"Node Type": "Streaming(type: LOCAL REDISTRIBUTE dop: 64/64)", "Parent Relationship": "Outer", "Startup Cost": 0.0, "Total Cost": 178770.64, "Plan Rows": 19995678, "Plan Width": 16, "Plans": [{"Node Type": "Seq Scan", "Parent Relationship": "Outer", "Relation Name": "lineitem", "Alias": "l3", "Startup Cost": 0.0, "Total Cost": 96829.42, "Plan Rows": 19995678, "Plan Width": 16, "Filter": "(l_receiptdate > l_commitdate), (LLVM Optimized)"}]}]}]}]}, {"Node Type": "Materialize", "Parent Relationship": "Inner", "Startup Cost": 0.0, "Total Cost": 218996.32, "Plan Rows": 59987033, "Plan Width": 16, "Plans": [{"Node Type": "Streaming(type: LOCAL REDISTRIBUTE dop: 64/64)", "Parent Relationship": "Outer", "Startup Cost": 0.0, "Total Cost": 214309.83, "Plan Rows": 59987033, "Plan Width": 16, "Plans": [{"Node Type": "Seq Scan", "Parent Relationship": "Outer", "Relation Name": "lineitem", "Alias": "l2", "Startup Cost": 0.0, "Total Cost": 94486.18, "Plan Rows": 59987033, "Plan Width": 16}]}]}]}]}]}]}]}]}]}]}]}]}]}, "Unique SQL Id": 3870093320}, "explain_analyze_plan": null}, "(64, 59)": {"explain_plan": {"Plan": {"Node Type": "Limit", "Startup Cost": 6014182839649.49, "Total Cost": 6014182839649.74, "Plan Rows": 100, "Plan Width": 34, "Plans": [{"Node Type": "Sort", "Parent Relationship": "Outer", "Startup Cost": 6014182839649.49, "Total Cost": 6014182839672.42, "Plan Rows": 100, "Plan Width": 34, "Sort Key": ["(count(*)) DESC", "supplier.s_name"], "Plans": [{"Node Type": "Aggregate", "Strategy": "Hashed", "Parent Relationship": "Outer", "Startup Cost": 6014182839207.22, "Total Cost": 6014182839298.94, "Plan Rows": 9172, "Plan Width": 34, "Group By Key": ["supplier.s_name"], "Plans": [{"Node Type": "Nested Loop", "Parent Relationship": "Outer", "Join Type": "Inner", "Startup Cost": 60000000000.0, "Total Cost": 6014182839161.36, "Plan Rows": 9172, "Plan Width": 26, "Inner Unique": false, "Join Filter": "(l1.l_orderkey = orders.o_orderkey)", "Plans": [{"Node Type": "Index Scan", "Parent Relationship": "Outer", "Scan Direction": "Forward", "Index Name": "orders_pkey", "Relation Name": "orders", "Alias": "orders", "Startup Cost": 10000000000.0, "Total Cost": 1000076847713.25, "Plan Rows": 7338812, "Plan Width": 8, "Filter": "(o_orderstatus = 'F'::bpchar), (LLVM Optimized)"}, {"Node Type": "Materialize", "Parent Relationship": "Inner", "Startup Cost": 50000000000.0, "Total Cost": 5013307455332.53, "Plan Rows": 7254, "Plan Width": 42, "Plans": [{"Node Type": "Nested Loop", "Parent Relationship": "Outer", "Join Type": "Semi", "Startup Cost": 50000000000.0, "Total Cost": 5013307455296.26, "Plan Rows": 7254, "Plan Width": 42, "Inner Unique": false, "Join Filter": "((l2.l_suppkey <> l1.l_suppkey) AND (l1.l_orderkey = l2.l_orderkey))", "Plans": [{"Node Type": "Nested Loop", "Parent Relationship": "Outer", "Join Type": "Anti", "Startup Cost": 40000000000.0, "Total Cost": 4011848919915.73, "Plan Rows": 7635, "Plan Width": 42, "Inner Unique": false, "Join Filter": "((l3.l_suppkey <> l1.l_suppkey) AND (l3.l_orderkey = l1.l_orderkey))", "Plans": [{"Node Type": "Nested Loop", "Parent Relationship": "Outer", "Join Type": "Inner", "Startup Cost": 30000000000.0, "Total Cost": 3001539289162.94, "Plan Rows": 152707, "Plan Width": 42, "Inner Unique": false, "Join Filter": "(supplier.s_suppkey = l1.l_suppkey), (LLVM Optimized)", "Plans": [{"Node Type": "Index Scan", "Parent Relationship": "Outer", "Scan Direction": "Forward", "Index Name": "idx_lineitem_orderkey", "Relation Name": "lineitem", "Alias": "l1", "Startup Cost": 10000000000.0, "Total Cost": 1000339012132.75, "Plan Rows": 19995678, "Plan Width": 16, "Filter": "(l_receiptdate > l_commitdate), (LLVM Optimized)"}, {"Node Type": "Materialize", "Parent Relationship": "Inner", "Startup Cost": 20000000000.0, "Total Cost": 2000000536360.19, "Plan Rows": 4000, "Plan Width": 34, "Plans": [{"Node Type": "Nested Loop", "Parent Relationship": "Outer", "Join Type": "Inner", "Startup Cost": 20000000000.0, "Total Cost": 2000000536340.19, "Plan Rows": 4000, "Plan Width": 34, "Inner Unique": true, "Join Filter": "(supplier.s_nationkey = nation.n_nationkey)", "Plans": [{"Node Type": "Index Scan", "Parent Relationship": "Outer", "Scan Direction": "Forward", "Index Name": "supplier_pkey", "Relation Name": "supplier", "Alias": "supplier", "Startup Cost": 10000000000.0, "Total Cost": 1000000533571.43, "Plan Rows": 100000, "Plan Width": 38}, {"Node Type": "Materialize", "Parent Relationship": "Inner", "Startup Cost": 10000000000.0, "Total Cost": 1000000001268.76, "Plan Rows": 1, "Plan Width": 4, "Plans": [{"Node Type": "Index Scan", "Parent Relationship": "Outer", "Scan Direction": "Forward", "Index Name": "nation_pkey", "Relation Name": "nation", "Alias": "nation", "Startup Cost": 10000000000.0, "Total Cost": 1000000001268.75, "Plan Rows": 1, "Plan Width": 4, "Filter": "(n_name = 'EGYPT'::bpchar)"}]}]}]}]}, {"Node Type": "Materialize", "Parent Relationship": "Inner", "Startup Cost": 10000000000.0, "Total Cost": 1000339112111.14, "Plan Rows": 19995678, "Plan Width": 16, "Plans": [{"Node Type": "Index Scan", "Parent Relationship": "Outer", "Scan Direction": "Forward", "Index Name": "idx_lineitem_orderkey", "Relation Name": "lineitem", "Alias": "l3", "Startup Cost": 10000000000.0, "Total Cost": 1000339012132.75, "Plan Rows": 19995678, "Plan Width": 16, "Filter": "(l_receiptdate > l_commitdate), (LLVM Optimized)"}]}]}, {"Node Type": "Materialize", "Parent Relationship": "Inner", "Startup Cost": 10000000000.0, "Total Cost": 1000324315309.67, "Plan Rows": 59987033, "Plan Width": 16, "Plans": [{"Node Type": "Index Scan", "Parent Relationship": "Outer", "Scan Direction": "Forward", "Index Name": "idx_lineitem_orderkey", "Relation Name": "lineitem", "Alias": "l2", "Startup Cost": 10000000000.0, "Total Cost": 1000324015374.5, "Plan Rows": 59987033, "Plan Width": 16}]}]}]}]}]}]}]}, "Unique SQL Id": 3870093320}, "explain_analyze_plan": null}, "(64, 60)": {"explain_plan": {"Plan": {"Node Type": "Limit", "Startup Cost": 599935.6, "Total Cost": 599935.85, "Plan Rows": 100, "Plan Width": 34, "Plans": [{"Node Type": "Sort", "Parent Relationship": "Outer", "Startup Cost": 599935.6, "Total Cost": 599958.53, "Plan Rows": 100, "Plan Width": 34, "Sort Key": ["(count(*)) DESC", "supplier.s_name"], "Plans": [{"Node Type": "Aggregate", "Strategy": "Hashed", "Parent Relationship": "Outer", "Startup Cost": 599493.33, "Total Cost": 599585.05, "Plan Rows": 9172, "Plan Width": 34, "Group By Key": ["supplier.s_name"], "Plans": [{"Node Type": "Nested Loop", "Parent Relationship": "Outer", "Join Type": "Inner", "Startup Cost": 0.0, "Total Cost": 599447.47, "Plan Rows": 9172, "Plan Width": 26, "Inner Unique": true, "Join Filter": "(l1.l_orderkey = orders.o_orderkey)", "Plans": [{"Node Type": "Nested Loop", "Parent Relationship": "Outer", "Join Type": "Semi", "Startup Cost": 0.0, "Total Cost": 592347.1, "Plan Rows": 7254, "Plan Width": 42, "Inner Unique": false, "Plans": [{"Node Type": "Nested Loop", "Parent Relationship": "Outer", "Join Type": "Anti", "Startup Cost": 0.0, "Total Cost": 590491.54, "Plan Rows": 7635, "Plan Width": 42, "Inner Unique": false, "Plans": [{"Node Type": "Streaming(type: LOCAL GATHER dop: 1/64)", "Parent Relationship": "Outer", "Startup Cost": 0.0, "Total Cost": 543304.32, "Plan Rows": 152707, "Plan Width": 42, "Plans": [{"Node Type": "Nested Loop", "Parent Relationship": "Outer", "Join Type": "Inner", "Startup Cost": 0.0, "Total Cost": 540153.99, "Plan Rows": 152707, "Plan Width": 42, "Inner Unique": false, "Join Filter": "(supplier.s_suppkey = l1.l_suppkey), (LLVM Optimized)", "Plans": [{"Node Type": "Streaming(type: LOCAL REDISTRIBUTE dop: 64/1)", "Parent Relationship": "Outer", "Startup Cost": 0.0, "Total Cost": 67696.83, "Plan Rows": 4000, "Plan Width": 34, "Plans": [{"Node Type": "Nested Loop", "Parent Relationship": "Outer", "Join Type": "Inner", "Startup Cost": 0.0, "Total Cost": 4534.31, "Plan Rows": 4000, "Plan Width": 34, "Inner Unique": false, "Join Filter": "(supplier.s_nationkey = nation.n_nationkey)", "Plans": [{"Node Type": "Seq Scan", "Parent Relationship": "Outer", "Relation Name": "nation", "Alias": "nation", "Startup Cost": 0.0, "Total Cost": 1.31, "Plan Rows": 1, "Plan Width": 4, "Filter": "(n_name = 'EGYPT'::bpchar)"}, {"Node Type": "Seq Scan", "Parent Relationship": "Inner", "Relation Name": "supplier", "Alias": "supplier", "Startup Cost": 0.0, "Total Cost": 3283.0, "Plan Rows": 100000, "Plan Width": 38}]}]}, {"Node Type": "Materialize", "Parent Relationship": "Inner", "Startup Cost": 0.0, "Total Cost": 180332.8, "Plan Rows": 19995678, "Plan Width": 16, "Plans": [{"Node Type": "Streaming(type: LOCAL REDISTRIBUTE dop: 64/64)", "Parent Relationship": "Outer", "Startup Cost": 0.0, "Total Cost": 178770.64, "Plan Rows": 19995678, "Plan Width": 16, "Plans": [{"Node Type": "Seq Scan", "Parent Relationship": "Outer", "Relation Name": "lineitem", "Alias": "l1", "Startup Cost": 0.0, "Total Cost": 96829.42, "Plan Rows": 19995678, "Plan Width": 16, "Filter": "(l_receiptdate > l_commitdate), (LLVM Optimized)"}]}]}]}]}, {"Node Type": "Index Scan", "Parent Relationship": "Inner", "Scan Direction": "Forward", "Index Name": "idx_lineitem_orderkey", "Relation Name": "lineitem", "Alias": "l3", "Startup Cost": 0.0, "Total Cost": 1.63, "Plan Rows": 3, "Plan Width": 16, "Index Cond": "(l_orderkey = l1.l_orderkey)", "Filter": "((l_receiptdate > l_commitdate) AND (l_suppkey <> l1.l_suppkey))"}]}, {"Node Type": "Index Scan", "Parent Relationship": "Inner", "Scan Direction": "Forward", "Index Name": "idx_lineitem_orderkey", "Relation Name": "lineitem", "Alias": "l2", "Startup Cost": 0.0, "Total Cost": 1.63, "Plan Rows": 9, "Plan Width": 16, "Index Cond": "(l_orderkey = l1.l_orderkey)", "Filter": "(l_suppkey <> l1.l_suppkey)"}]}, {"Node Type": "Index Scan", "Parent Relationship": "Inner", "Scan Direction": "Forward", "Index Name": "orders_pkey", "Relation Name": "orders", "Alias": "orders", "Startup Cost": 0.0, "Total Cost": 0.97, "Plan Rows": 1, "Plan Width": 8, "Index Cond": "(o_orderkey = l2.l_orderkey)", "Filter": "(o_orderstatus = 'F'::bpchar)"}]}]}]}]}, "Unique SQL Id": 3870093320}, "explain_analyze_plan": {"Plan": {"Node Type": "Limit", "Startup Cost": 599935.6, "Total Cost": 599935.85, "Plan Rows": 100, "Plan Width": 34, "Actual Min Startup Time": 22135.209, "Actual Max Startup Time": 22135.209, "Actual Min Total Time": 22135.229, "Actual Max Total Time": 22135.229, "Actual Total Rows": 100, "Plans": [{"Node Type": "Sort", "Parent Relationship": "Outer", "Startup Cost": 599935.6, "Total Cost": 599958.53, "Plan Rows": 100, "Plan Width": 34, "Actual Min Startup Time": 22135.204, "Actual Max Startup Time": 22135.204, "Actual Min Total Time": 22135.212, "Actual Max Total Time": 22135.212, "Actual Total Rows": 100, "Sort Key": ["(count(*)) DESC", "supplier.s_name"], "Sort Method": "top-N heapsort", "Sort Space Min Used": 41, "Sort Space Max Used": 41, "Sort Space Type": "Memory", "Plans": [{"Node Type": "Aggregate", "Strategy": "Hashed", "Parent Relationship": "Outer", "Startup Cost": 599493.33, "Total Cost": 599585.05, "Plan Rows": 9172, "Plan Width": 34, "Actual Min Startup Time": 22131.822, "Actual Max Startup Time": 22131.822, "Actual Min Total Time": 22133.014, "Actual Max Total Time": 22133.014, "Actual Total Rows": 3981, "Group By Key": ["supplier.s_name"], "Plans": [{"Node Type": "Nested Loop", "Parent Relationship": "Outer", "Join Type": "Inner", "Startup Cost": 0.0, "Total Cost": 599447.47, "Plan Rows": 9172, "Plan Width": 26, "Actual Min Startup Time": 2089.674, "Actual Max Startup Time": 2089.674, "Actual Min Total Time": 22070.682, "Actual Max Total Time": 22070.682, "Actual Total Rows": 39445, "Inner Unique": true, "Join Filter": "(l1.l_orderkey = orders.o_orderkey)", "Rows Removed by Join Filter": 0, "Plans": [{"Node Type": "Nested Loop", "Parent Relationship": "Outer", "Join Type": "Semi", "Startup Cost": 0.0, "Total Cost": 592347.1, "Plan Rows": 7254, "Plan Width": 42, "Actual Min Startup Time": 2089.648, "Actual Max Startup Time": 2089.648, "Actual Min Total Time": 21307.341, "Actual Max Total Time": 21307.341, "Actual Total Rows": 80537, "Inner Unique": false, "Plans": [{"Node Type": "Nested Loop", "Parent Relationship": "Outer", "Join Type": "Anti", "Startup Cost": 0.0, "Total Cost": 590491.54, "Plan Rows": 7635, "Plan Width": 42, "Actual Min Startup Time": 2089.636, "Actual Max Startup Time": 2089.636, "Actual Min Total Time": 20688.752, "Actual Max Total Time": 20688.752, "Actual Total Rows": 135110, "Inner Unique": false, "Plans": [{"Node Type": "Streaming(type: LOCAL GATHER dop: 1/64)", "Parent Relationship": "Outer", "Startup Cost": 0.0, "Total Cost": 543304.32, "Plan Rows": 152707, "Plan Width": 42, "Actual Min Startup Time": 2089.092, "Actual Max Startup Time": 2089.092, "Actual Min Total Time": 4652.838, "Actual Max Total Time": 4652.838, "Actual Total Rows": 1511024, "Plans": [{"Node Type": "Nested Loop", "Parent Relationship": "Outer", "Join Type": "Inner", "Startup Cost": 0.0, "Total Cost": 540153.99, "Plan Rows": 152707, "Plan Width": 42, "Actual Min Startup Time": 1641.633, "Actual Max Startup Time": 1891.958, "Actual Min Total Time": 9480.704, "Actual Max Total Time": 16809.137, "Actual Total Rows": 1511024, "Inner Unique": false, "Join Filter": "(supplier.s_suppkey = l1.l_suppkey), (LLVM Optimized, Jit Execute)", "Rows Removed by Join Filter": 2358157333, "Plans": [{"Node Type": "Streaming(type: LOCAL REDISTRIBUTE dop: 64/1)", "Parent Relationship": "Outer", "Startup Cost": 0.0, "Total Cost": 67696.83, "Plan Rows": 4000, "Plan Width": 34, "Actual Min Startup Time": 0.033, "Actual Max Startup Time": 0.09, "Actual Min Total Time": 0.079, "Actual Max Total Time": 0.379, "Actual Total Rows": 3981, "Plans": [{"Node Type": "Nested Loop", "Parent Relationship": "Outer", "Join Type": "Inner", "Startup Cost": 0.0, "Total Cost": 4534.31, "Plan Rows": 4000, "Plan Width": 34, "Actual Min Startup Time": 0.076, "Actual Max Startup Time": 0.076, "Actual Min Total Time": 51.71, "Actual Max Total Time": 51.71, "Actual Total Rows": 3981, "Inner Unique": false, "Join Filter": "(supplier.s_nationkey = nation.n_nationkey)", "Rows Removed by Join Filter": 96019, "Plans": [{"Node Type": "Seq Scan", "Parent Relationship": "Outer", "Relation Name": "nation", "Alias": "nation", "Startup Cost": 0.0, "Total Cost": 1.31, "Plan Rows": 1, "Plan Width": 4, "Actual Min Startup Time": 0.043, "Actual Max Startup Time": 0.043, "Actual Min Total Time": 0.056, "Actual Max Total Time": 0.056, "Actual Total Rows": 1, "Filter": "(n_name = 'EGYPT'::bpchar)", "Rows Removed by Filter": 24}, {"Node Type": "Seq Scan", "Parent Relationship": "Inner", "Relation Name": "supplier", "Alias": "supplier", "Startup Cost": 0.0, "Total Cost": 3283.0, "Plan Rows": 100000, "Plan Width": 38, "Actual Min Startup Time": 0.012, "Actual Max Startup Time": 0.012, "Actual Min Total Time": 28.719, "Actual Max Total Time": 28.719, "Actual Total Rows": 100000}]}]}, {"Node Type": "Materialize", "Parent Relationship": "Inner", "Startup Cost": 0.0, "Total Cost": 180332.8, "Plan Rows": 19995678, "Plan Width": 16, "Actual Min Startup Time": 1640.736, "Actual Max Startup Time": 1891.094, "Actual Min Total Time": 5962.818, "Actual Max Total Time": 11299.558, "Actual Total Rows": 2359668421, "Plans": [{"Node Type": "Streaming(type: LOCAL REDISTRIBUTE dop: 64/64)", "Parent Relationship": "Outer", "Startup Cost": 0.0, "Total Cost": 178770.64, "Plan Rows": 19995678, "Plan Width": 16, "Actual Min Startup Time": 0.111, "Actual Max Startup Time": 217.514, "Actual Min Total Time": 1520.886, "Actual Max Total Time": 1786.037, "Actual Total Rows": 37929348, "Plans": [{"Node Type": "Seq Scan", "Parent Relationship": "Outer", "Relation Name": "lineitem", "Alias": "l1", "Startup Cost": 0.0, "Total Cost": 96829.42, "Plan Rows": 19995678, "Plan Width": 16, "Actual Min Startup Time": 0.022, "Actual Max Startup Time": 0.066, "Actual Min Total Time": 458.493, "Actual Max Total Time": 541.009, "Actual Total Rows": 37929348, "Filter": "(l_receiptdate > l_commitdate), (LLVM Optimized, Jit Execute)", "Rows Removed by Filter": 22056704}]}]}]}]}, {"Node Type": "Index Scan", "Parent Relationship": "Inner", "Scan Direction": "Forward", "Index Name": "idx_lineitem_orderkey", "Relation Name": "lineitem", "Alias": "l3", "Startup Cost": 0.0, "Total Cost": 1.63, "Plan Rows": 3, "Plan Width": 16, "Actual Min Startup Time": 14958.555, "Actual Max Startup Time": 14958.555, "Actual Min Total Time": 14958.555, "Actual Max Total Time": 14958.555, "Actual Total Rows": 1375914, "Index Cond": "(l_orderkey = l1.l_orderkey)", "Rows Removed by Index Recheck": 0, "Filter": "((l_receiptdate > l_commitdate) AND (l_suppkey <> l1.l_suppkey))", "Rows Removed by Filter": 1348115}]}, {"Node Type": "Index Scan", "Parent Relationship": "Inner", "Scan Direction": "Forward", "Index Name": "idx_lineitem_orderkey", "Relation Name": "lineitem", "Alias": "l2", "Startup Cost": 0.0, "Total Cost": 1.63, "Plan Rows": 9, "Plan Width": 16, "Actual Min Startup Time": 513.699, "Actual Max Startup Time": 513.699, "Actual Min Total Time": 513.699, "Actual Max Total Time": 513.699, "Actual Total Rows": 80537, "Index Cond": "(l_orderkey = l1.l_orderkey)", "Rows Removed by Index Recheck": 0, "Filter": "(l_suppkey <> l1.l_suppkey)", "Rows Removed by Filter": 85912}]}, {"Node Type": "Index Scan", "Parent Relationship": "Inner", "Scan Direction": "Forward", "Index Name": "orders_pkey", "Relation Name": "orders", "Alias": "orders", "Startup Cost": 0.0, "Total Cost": 0.97, "Plan Rows": 1, "Plan Width": 8, "Actual Min Startup Time": 687.68, "Actual Max Startup Time": 687.68, "Actual Min Total Time": 687.68, "Actual Max Total Time": 687.68, "Actual Total Rows": 39445, "Index Cond": "(o_orderkey = l2.l_orderkey)", "Rows Removed by Index Recheck": 0, "Filter": "(o_orderstatus = 'F'::bpchar)", "Rows Removed by Filter": 41092}]}]}]}]}, "Triggers": [], "Planner Runtime": 9.23, "Total Runtime": 22173.314, "Unique SQL Id": 3870093320}}, "(64, 61)": {"explain_plan": {"Plan": {"Node Type": "Limit", "Startup Cost": 3220169.9, "Total Cost": 3220170.15, "Plan Rows": 100, "Plan Width": 34, "Plans": [{"Node Type": "Sort", "Parent Relationship": "Outer", "Startup Cost": 3220169.9, "Total Cost": 3220192.83, "Plan Rows": 100, "Plan Width": 34, "Sort Key": ["(count(*)) DESC", "supplier.s_name"], "Plans": [{"Node Type": "Aggregate", "Strategy": "Hashed", "Parent Relationship": "Outer", "Startup Cost": 3219727.63, "Total Cost": 3219819.35, "Plan Rows": 9172, "Plan Width": 34, "Group By Key": ["supplier.s_name"], "Plans": [{"Node Type": "Nested Loop", "Parent Relationship": "Outer", "Join Type": "Inner", "Startup Cost": 0.0, "Total Cost": 3219681.77, "Plan Rows": 9172, "Plan Width": 26, "Inner Unique": true, "Join Filter": "(l1.l_orderkey = orders.o_orderkey)", "Plans": [{"Node Type": "Nested Loop", "Parent Relationship": "Outer", "Join Type": "Semi", "Startup Cost": 0.0, "Total Cost": 3212581.4, "Plan Rows": 7254, "Plan Width": 42, "Inner Unique": false, "Plans": [{"Node Type": "Nested Loop", "Parent Relationship": "Outer", "Join Type": "Anti", "Startup Cost": 0.0, "Total Cost": 3210725.84, "Plan Rows": 7635, "Plan Width": 42, "Inner Unique": false, "Plans": [{"Node Type": "Streaming(type: LOCAL GATHER dop: 1/64)", "Parent Relationship": "Outer", "Startup Cost": 0.0, "Total Cost": 3163538.62, "Plan Rows": 152707, "Plan Width": 42, "Plans": [{"Node Type": "Nested Loop", "Parent Relationship": "Outer", "Join Type": "Inner", "Startup Cost": 0.0, "Total Cost": 3160388.29, "Plan Rows": 152707, "Plan Width": 42, "Inner Unique": false, "Join Filter": "(supplier.s_suppkey = l1.l_suppkey), (LLVM Optimized)", "Plans": [{"Node Type": "Streaming(type: LOCAL REDISTRIBUTE dop: 64/1)", "Parent Relationship": "Outer", "Startup Cost": 0.0, "Total Cost": 69760.92, "Plan Rows": 4000, "Plan Width": 34, "Plans": [{"Node Type": "Nested Loop", "Parent Relationship": "Outer", "Join Type": "Inner", "Startup Cost": 0.0, "Total Cost": 6598.4, "Plan Rows": 4000, "Plan Width": 34, "Inner Unique": false, "Join Filter": "(supplier.s_nationkey = nation.n_nationkey)", "Plans": [{"Node Type": "Index Scan", "Parent Relationship": "Outer", "Scan Direction": "Forward", "Index Name": "nation_pkey", "Relation Name": "nation", "Alias": "nation", "Startup Cost": 0.0, "Total Cost": 12.69, "Plan Rows": 1, "Plan Width": 4, "Filter": "(n_name = 'EGYPT'::bpchar)"}, {"Node Type": "Index Scan", "Parent Relationship": "Inner", "Scan Direction": "Forward", "Index Name": "supplier_pkey", "Relation Name": "supplier", "Alias": "supplier", "Startup Cost": 0.0, "Total Cost": 5335.71, "Plan Rows": 100000, "Plan Width": 38}]}]}, {"Node Type": "Materialize", "Parent Relationship": "Inner", "Startup Cost": 0.0, "Total Cost": 2798503.01, "Plan Rows": 19995678, "Plan Width": 16, "Plans": [{"Node Type": "Streaming(type: LOCAL REDISTRIBUTE dop: 64/64)", "Parent Relationship": "Outer", "Startup Cost": 0.0, "Total Cost": 2796940.85, "Plan Rows": 19995678, "Plan Width": 16, "Plans": [{"Node Type": "Index Scan", "Parent Relationship": "Outer", "Scan Direction": "Forward", "Index Name": "idx_lineitem_orderkey", "Relation Name": "lineitem", "Alias": "l1", "Startup Cost": 0.0, "Total Cost": 2714999.63, "Plan Rows": 19995678, "Plan Width": 16, "Filter": "(l_receiptdate > l_commitdate), (LLVM Optimized)"}]}]}]}]}, {"Node Type": "Index Scan", "Parent Relationship": "Inner", "Scan Direction": "Forward", "Index Name": "idx_lineitem_orderkey", "Relation Name": "lineitem", "Alias": "l3", "Startup Cost": 0.0, "Total Cost": 1.63, "Plan Rows": 3, "Plan Width": 16, "Index Cond": "(l_orderkey = l1.l_orderkey)", "Filter": "((l_receiptdate > l_commitdate) AND (l_suppkey <> l1.l_suppkey))"}]}, {"Node Type": "Index Scan", "Parent Relationship": "Inner", "Scan Direction": "Forward", "Index Name": "idx_lineitem_orderkey", "Relation Name": "lineitem", "Alias": "l2", "Startup Cost": 0.0, "Total Cost": 1.63, "Plan Rows": 9, "Plan Width": 16, "Index Cond": "(l_orderkey = l1.l_orderkey)", "Filter": "(l_suppkey <> l1.l_suppkey)"}]}, {"Node Type": "Index Scan", "Parent Relationship": "Inner", "Scan Direction": "Forward", "Index Name": "orders_pkey", "Relation Name": "orders", "Alias": "orders", "Startup Cost": 0.0, "Total Cost": 0.97, "Plan Rows": 1, "Plan Width": 8, "Index Cond": "(o_orderkey = l2.l_orderkey)", "Filter": "(o_orderstatus = 'F'::bpchar)"}]}]}]}]}, "Unique SQL Id": 3870093320}, "explain_analyze_plan": {"Plan": {"Node Type": "Limit", "Startup Cost": 3220169.9, "Total Cost": 3220170.15, "Plan Rows": 100, "Plan Width": 34, "Actual Min Startup Time": 25761.332, "Actual Max Startup Time": 25761.332, "Actual Min Total Time": 25761.348, "Actual Max Total Time": 25761.348, "Actual Total Rows": 100, "Plans": [{"Node Type": "Sort", "Parent Relationship": "Outer", "Startup Cost": 3220169.9, "Total Cost": 3220192.83, "Plan Rows": 100, "Plan Width": 34, "Actual Min Startup Time": 25761.329, "Actual Max Startup Time": 25761.329, "Actual Min Total Time": 25761.336, "Actual Max Total Time": 25761.336, "Actual Total Rows": 100, "Sort Key": ["(count(*)) DESC", "supplier.s_name"], "Sort Method": "top-N heapsort", "Sort Space Min Used": 41, "Sort Space Max Used": 41, "Sort Space Type": "Memory", "Plans": [{"Node Type": "Aggregate", "Strategy": "Hashed", "Parent Relationship": "Outer", "Startup Cost": 3219727.63, "Total Cost": 3219819.35, "Plan Rows": 9172, "Plan Width": 34, "Actual Min Startup Time": 25758.056, "Actual Max Startup Time": 25758.056, "Actual Min Total Time": 25759.319, "Actual Max Total Time": 25759.319, "Actual Total Rows": 3981, "Group By Key": ["supplier.s_name"], "Plans": [{"Node Type": "Nested Loop", "Parent Relationship": "Outer", "Join Type": "Inner", "Startup Cost": 0.0, "Total Cost": 3219681.77, "Plan Rows": 9172, "Plan Width": 26, "Actual Min Startup Time": 5073.861, "Actual Max Startup Time": 5073.861, "Actual Min Total Time": 25693.464, "Actual Max Total Time": 25693.464, "Actual Total Rows": 39445, "Inner Unique": true, "Join Filter": "(l1.l_orderkey = orders.o_orderkey)", "Rows Removed by Join Filter": 0, "Plans": [{"Node Type": "Nested Loop", "Parent Relationship": "Outer", "Join Type": "Semi", "Startup Cost": 0.0, "Total Cost": 3212581.4, "Plan Rows": 7254, "Plan Width": 42, "Actual Min Startup Time": 5071.269, "Actual Max Startup Time": 5071.269, "Actual Min Total Time": 24916.426, "Actual Max Total Time": 24916.426, "Actual Total Rows": 80537, "Inner Unique": false, "Plans": [{"Node Type": "Nested Loop", "Parent Relationship": "Outer", "Join Type": "Anti", "Startup Cost": 0.0, "Total Cost": 3210725.84, "Plan Rows": 7635, "Plan Width": 42, "Actual Min Startup Time": 5071.257, "Actual Max Startup Time": 5071.257, "Actual Min Total Time": 24272.311, "Actual Max Total Time": 24272.311, "Actual Total Rows": 135110, "Inner Unique": false, "Plans": [{"Node Type": "Streaming(type: LOCAL GATHER dop: 1/64)", "Parent Relationship": "Outer", "Startup Cost": 0.0, "Total Cost": 3163538.62, "Plan Rows": 152707, "Plan Width": 42, "Actual Min Startup Time": 5070.873, "Actual Max Startup Time": 5070.873, "Actual Min Total Time": 7986.719, "Actual Max Total Time": 7986.719, "Actual Total Rows": 1511024, "Plans": [{"Node Type": "Nested Loop", "Parent Relationship": "Outer", "Join Type": "Inner", "Startup Cost": 0.0, "Total Cost": 3160388.29, "Plan Rows": 152707, "Plan Width": 42, "Actual Min Startup Time": 4626.499, "Actual Max Startup Time": 4901.296, "Actual Min Total Time": 12024.49, "Actual Max Total Time": 18749.412, "Actual Total Rows": 1511024, "Inner Unique": false, "Join Filter": "(supplier.s_suppkey = l1.l_suppkey), (LLVM Optimized, Jit Execute)", "Rows Removed by Join Filter": 2358157333, "Plans": [{"Node Type": "Streaming(type: LOCAL REDISTRIBUTE dop: 64/1)", "Parent Relationship": "Outer", "Startup Cost": 0.0, "Total Cost": 69760.92, "Plan Rows": 4000, "Plan Width": 34, "Actual Min Startup Time": 0.035, "Actual Max Startup Time": 0.087, "Actual Min Total Time": 0.076, "Actual Max Total Time": 0.396, "Actual Total Rows": 3981, "Plans": [{"Node Type": "Nested Loop", "Parent Relationship": "Outer", "Join Type": "Inner", "Startup Cost": 0.0, "Total Cost": 6598.4, "Plan Rows": 4000, "Plan Width": 34, "Actual Min Startup Time": 0.119, "Actual Max Startup Time": 0.119, "Actual Min Total Time": 109.903, "Actual Max Total Time": 109.903, "Actual Total Rows": 3981, "Inner Unique": false, "Join Filter": "(supplier.s_nationkey = nation.n_nationkey)", "Rows Removed by Join Filter": 96019, "Plans": [{"Node Type": "Index Scan", "Parent Relationship": "Outer", "Scan Direction": "Forward", "Index Name": "nation_pkey", "Relation Name": "nation", "Alias": "nation", "Startup Cost": 0.0, "Total Cost": 12.69, "Plan Rows": 1, "Plan Width": 4, "Actual Min Startup Time": 0.051, "Actual Max Startup Time": 0.051, "Actual Min Total Time": 0.077, "Actual Max Total Time": 0.077, "Actual Total Rows": 1, "Filter": "(n_name = 'EGYPT'::bpchar)", "Rows Removed by Filter": 24}, {"Node Type": "Index Scan", "Parent Relationship": "Inner", "Scan Direction": "Forward", "Index Name": "supplier_pkey", "Relation Name": "supplier", "Alias": "supplier", "Startup Cost": 0.0, "Total Cost": 5335.71, "Plan Rows": 100000, "Plan Width": 38, "Actual Min Startup Time": 0.036, "Actual Max Startup Time": 0.036, "Actual Min Total Time": 74.078, "Actual Max Total Time": 74.078, "Actual Total Rows": 100000}]}]}, {"Node Type": "Materialize", "Parent Relationship": "Inner", "Startup Cost": 0.0, "Total Cost": 2798503.01, "Plan Rows": 19995678, "Plan Width": 16, "Actual Min Startup Time": 4625.444, "Actual Max Startup Time": 4900.63, "Actual Min Total Time": 8319.603, "Actual Max Total Time": 13712.832, "Actual Total Rows": 2359668421, "Plans": [{"Node Type": "Streaming(type: LOCAL REDISTRIBUTE dop: 64/64)", "Parent Relationship": "Outer", "Startup Cost": 0.0, "Total Cost": 2796940.85, "Plan Rows": 19995678, "Plan Width": 16, "Actual Min Startup Time": 463.524, "Actual Max Startup Time": 738.456, "Actual Min Total Time": 4500.006, "Actual Max Total Time": 4782.711, "Actual Total Rows": 37929348, "Plans": [{"Node Type": "Index Scan", "Parent Relationship": "Outer", "Scan Direction": "Forward", "Index Name": "idx_lineitem_orderkey", "Relation Name": "lineitem", "Alias": "l1", "Startup Cost": 0.0, "Total Cost": 2714999.63, "Plan Rows": 19995678, "Plan Width": 16, "Actual Min Startup Time": 452.299, "Actual Max Startup Time": 759.637, "Actual Min Total Time": 1242.865, "Actual Max Total Time": 1614.049, "Actual Total Rows": 37929348, "Filter": "(l_receiptdate > l_commitdate), (LLVM Optimized, Jit Execute)", "Rows Removed by Filter": 22056704}]}]}]}]}, {"Node Type": "Index Scan", "Parent Relationship": "Inner", "Scan Direction": "Forward", "Index Name": "idx_lineitem_orderkey", "Relation Name": "lineitem", "Alias": "l3", "Startup Cost": 0.0, "Total Cost": 1.63, "Plan Rows": 3, "Plan Width": 16, "Actual Min Startup Time": 15173.22, "Actual Max Startup Time": 15173.22, "Actual Min Total Time": 15173.22, "Actual Max Total Time": 15173.22, "Actual Total Rows": 1375914, "Index Cond": "(l_orderkey = l1.l_orderkey)", "Rows Removed by Index Recheck": 0, "Filter": "((l_receiptdate > l_commitdate) AND (l_suppkey <> l1.l_suppkey))", "Rows Removed by Filter": 1348115}]}, {"Node Type": "Index Scan", "Parent Relationship": "Inner", "Scan Direction": "Forward", "Index Name": "idx_lineitem_orderkey", "Relation Name": "lineitem", "Alias": "l2", "Startup Cost": 0.0, "Total Cost": 1.63, "Plan Rows": 9, "Plan Width": 16, "Actual Min Startup Time": 529.801, "Actual Max Startup Time": 529.801, "Actual Min Total Time": 529.801, "Actual Max Total Time": 529.801, "Actual Total Rows": 80537, "Index Cond": "(l_orderkey = l1.l_orderkey)", "Rows Removed by Index Recheck": 0, "Filter": "(l_suppkey <> l1.l_suppkey)", "Rows Removed by Filter": 85912}]}, {"Node Type": "Index Scan", "Parent Relationship": "Inner", "Scan Direction": "Forward", "Index Name": "orders_pkey", "Relation Name": "orders", "Alias": "orders", "Startup Cost": 0.0, "Total Cost": 0.97, "Plan Rows": 1, "Plan Width": 8, "Actual Min Startup Time": 697.938, "Actual Max Startup Time": 697.938, "Actual Min Total Time": 697.938, "Actual Max Total Time": 697.938, "Actual Total Rows": 39445, "Index Cond": "(o_orderkey = l2.l_orderkey)", "Rows Removed by Index Recheck": 0, "Filter": "(o_orderstatus = 'F'::bpchar)", "Rows Removed by Filter": 41092}]}]}]}]}, "Triggers": [], "Planner Runtime": 9.276, "Total Runtime": 25798.915, "Unique SQL Id": 3870093320}}, "(64, 62)": {"explain_plan": {"Plan": {"Node Type": "Limit", "Startup Cost": 4178933.05, "Total Cost": 4178933.3, "Plan Rows": 100, "Plan Width": 34, "Plans": [{"Node Type": "Sort", "Parent Relationship": "Outer", "Startup Cost": 4178933.05, "Total Cost": 4178933.3, "Plan Rows": 100, "Plan Width": 34, "Sort Key": ["(count(*)) DESC", "supplier.s_name"], "Plans": [{"Node Type": "Streaming(type: LOCAL GATHER dop: 1/64)", "Parent Relationship": "Outer", "Startup Cost": 4178928.94, "Total Cost": 4178929.73, "Plan Rows": 100, "Plan Width": 34, "Plans": [{"Node Type": "Limit", "Parent Relationship": "Outer", "Startup Cost": 4178928.94, "Total Cost": 4178929.19, "Plan Rows": 100, "Plan Width": 34, "Plans": [{"Node Type": "Sort", "Parent Relationship": "Outer", "Startup Cost": 4178928.94, "Total Cost": 4178951.87, "Plan Rows": 100, "Plan Width": 34, "Sort Key": ["(count(*)) DESC", "supplier.s_name"], "Plans": [{"Node Type": "Aggregate", "Strategy": "Hashed", "Parent Relationship": "Outer", "Startup Cost": 4178576.95, "Total Cost": 4178578.39, "Plan Rows": 9172, "Plan Width": 34, "Group By Key": ["supplier.s_name"], "Plans": [{"Node Type": "Streaming(type: LOCAL REDISTRIBUTE dop: 64/64)", "Parent Relationship": "Outer", "Startup Cost": 0.0, "Total Cost": 4178576.24, "Plan Rows": 9172, "Plan Width": 26, "Plans": [{"Node Type": "Nested Loop", "Parent Relationship": "Outer", "Join Type": "Inner", "Startup Cost": 0.0, "Total Cost": 4178276.36, "Plan Rows": 9172, "Plan Width": 26, "Inner Unique": false, "Join Filter": "(l1.l_orderkey = orders.o_orderkey)", "Plans": [{"Node Type": "Streaming(type: LOCAL REDISTRIBUTE dop: 64/64)", "Parent Relationship": "Outer", "Startup Cost": 0.0, "Total Cost": 140200.44, "Plan Rows": 7338812, "Plan Width": 8, "Plans": [{"Node Type": "Seq Scan", "Parent Relationship": "Outer", "Relation Name": "orders", "Alias": "orders", "Startup Cost": 0.0, "Total Cost": 70248.63, "Plan Rows": 7338812, "Plan Width": 8, "Filter": "(o_orderstatus = 'F'::bpchar), (LLVM Optimized)"}]}, {"Node Type": "Materialize", "Parent Relationship": "Inner", "Startup Cost": 0.0, "Total Cost": 3843121.09, "Plan Rows": 7254, "Plan Width": 42, "Plans": [{"Node Type": "Streaming(type: LOCAL REDISTRIBUTE dop: 64/64)", "Parent Relationship": "Outer", "Startup Cost": 0.0, "Total Cost": 3843120.53, "Plan Rows": 7254, "Plan Width": 42, "Plans": [{"Node Type": "Nested Loop", "Parent Relationship": "Outer", "Join Type": "Semi", "Startup Cost": 0.0, "Total Cost": 3780113.65, "Plan Rows": 7254, "Plan Width": 42, "Inner Unique": false, "Join Filter": "((l2.l_suppkey <> l1.l_suppkey) AND (l1.l_orderkey = l2.l_orderkey))", "Plans": [{"Node Type": "Streaming(type: LOCAL REDISTRIBUTE dop: 64/64)", "Parent Relationship": "Outer", "Startup Cost": 0.0, "Total Cost": 3279566.42, "Plan Rows": 7635, "Plan Width": 42, "Plans": [{"Node Type": "Nested Loop", "Parent Relationship": "Outer", "Join Type": "Anti", "Startup Cost": 0.0, "Total Cost": 3216559.19, "Plan Rows": 7635, "Plan Width": 42, "Inner Unique": false, "Join Filter": "((l3.l_suppkey <> l1.l_suppkey) AND (l3.l_orderkey = l1.l_orderkey))", "Plans": [{"Node Type": "Streaming(type: LOCAL REDISTRIBUTE dop: 64/64)", "Parent Relationship": "Outer", "Startup Cost": 0.0, "Total Cost": 603298.65, "Plan Rows": 152707, "Plan Width": 42, "Plans": [{"Node Type": "Nested Loop", "Parent Relationship": "Outer", "Join Type": "Inner", "Startup Cost": 0.0, "Total Cost": 540153.99, "Plan Rows": 152707, "Plan Width": 42, "Inner Unique": false, "Join Filter": "(supplier.s_suppkey = l1.l_suppkey), (LLVM Optimized)", "Plans": [{"Node Type": "Streaming(type: LOCAL REDISTRIBUTE dop: 64/1)", "Parent Relationship": "Outer", "Startup Cost": 0.0, "Total Cost": 67696.83, "Plan Rows": 4000, "Plan Width": 34, "Plans": [{"Node Type": "Nested Loop", "Parent Relationship": "Outer", "Join Type": "Inner", "Startup Cost": 0.0, "Total Cost": 4534.31, "Plan Rows": 4000, "Plan Width": 34, "Inner Unique": false, "Join Filter": "(supplier.s_nationkey = nation.n_nationkey)", "Plans": [{"Node Type": "Seq Scan", "Parent Relationship": "Outer", "Relation Name": "nation", "Alias": "nation", "Startup Cost": 0.0, "Total Cost": 1.31, "Plan Rows": 1, "Plan Width": 4, "Filter": "(n_name = 'EGYPT'::bpchar)"}, {"Node Type": "Seq Scan", "Parent Relationship": "Inner", "Relation Name": "supplier", "Alias": "supplier", "Startup Cost": 0.0, "Total Cost": 3283.0, "Plan Rows": 100000, "Plan Width": 38}]}]}, {"Node Type": "Materialize", "Parent Relationship": "Inner", "Startup Cost": 0.0, "Total Cost": 180332.8, "Plan Rows": 19995678, "Plan Width": 16, "Plans": [{"Node Type": "Streaming(type: LOCAL REDISTRIBUTE dop: 64/64)", "Parent Relationship": "Outer", "Startup Cost": 0.0, "Total Cost": 178770.64, "Plan Rows": 19995678, "Plan Width": 16, "Plans": [{"Node Type": "Seq Scan", "Parent Relationship": "Outer", "Relation Name": "lineitem", "Alias": "l1", "Startup Cost": 0.0, "Total Cost": 96829.42, "Plan Rows": 19995678, "Plan Width": 16, "Filter": "(l_receiptdate > l_commitdate), (LLVM Optimized)"}]}]}]}]}, {"Node Type": "Materialize", "Parent Relationship": "Inner", "Startup Cost": 0.0, "Total Cost": 180332.8, "Plan Rows": 19995678, "Plan Width": 16, "Plans": [{"Node Type": "Streaming(type: LOCAL REDISTRIBUTE dop: 64/64)", "Parent Relationship": "Outer", "Startup Cost": 0.0, "Total Cost": 178770.64, "Plan Rows": 19995678, "Plan Width": 16, "Plans": [{"Node Type": "Seq Scan", "Parent Relationship": "Outer", "Relation Name": "lineitem", "Alias": "l3", "Startup Cost": 0.0, "Total Cost": 96829.42, "Plan Rows": 19995678, "Plan Width": 16, "Filter": "(l_receiptdate > l_commitdate), (LLVM Optimized)"}]}]}]}]}, {"Node Type": "Materialize", "Parent Relationship": "Inner", "Startup Cost": 0.0, "Total Cost": 218996.32, "Plan Rows": 59987033, "Plan Width": 16, "Plans": [{"Node Type": "Streaming(type: LOCAL REDISTRIBUTE dop: 64/64)", "Parent Relationship": "Outer", "Startup Cost": 0.0, "Total Cost": 214309.83, "Plan Rows": 59987033, "Plan Width": 16, "Plans": [{"Node Type": "Seq Scan", "Parent Relationship": "Outer", "Relation Name": "lineitem", "Alias": "l2", "Startup Cost": 0.0, "Total Cost": 94486.18, "Plan Rows": 59987033, "Plan Width": 16}]}]}]}]}]}]}]}]}]}]}]}]}]}, "Unique SQL Id": 3870093320}, "explain_analyze_plan": null}, "(64, 63)": {"explain_plan": {"Plan": {"Node Type": "Limit", "Startup Cost": 6014182839649.49, "Total Cost": 6014182839649.74, "Plan Rows": 100, "Plan Width": 34, "Plans": [{"Node Type": "Sort", "Parent Relationship": "Outer", "Startup Cost": 6014182839649.49, "Total Cost": 6014182839672.42, "Plan Rows": 100, "Plan Width": 34, "Sort Key": ["(count(*)) DESC", "supplier.s_name"], "Plans": [{"Node Type": "Aggregate", "Strategy": "Hashed", "Parent Relationship": "Outer", "Startup Cost": 6014182839207.22, "Total Cost": 6014182839298.94, "Plan Rows": 9172, "Plan Width": 34, "Group By Key": ["supplier.s_name"], "Plans": [{"Node Type": "Nested Loop", "Parent Relationship": "Outer", "Join Type": "Inner", "Startup Cost": 60000000000.0, "Total Cost": 6014182839161.36, "Plan Rows": 9172, "Plan Width": 26, "Inner Unique": false, "Join Filter": "(l1.l_orderkey = orders.o_orderkey)", "Plans": [{"Node Type": "Index Scan", "Parent Relationship": "Outer", "Scan Direction": "Forward", "Index Name": "orders_pkey", "Relation Name": "orders", "Alias": "orders", "Startup Cost": 10000000000.0, "Total Cost": 1000076847713.25, "Plan Rows": 7338812, "Plan Width": 8, "Filter": "(o_orderstatus = 'F'::bpchar), (LLVM Optimized)"}, {"Node Type": "Materialize", "Parent Relationship": "Inner", "Startup Cost": 50000000000.0, "Total Cost": 5013307455332.53, "Plan Rows": 7254, "Plan Width": 42, "Plans": [{"Node Type": "Nested Loop", "Parent Relationship": "Outer", "Join Type": "Semi", "Startup Cost": 50000000000.0, "Total Cost": 5013307455296.26, "Plan Rows": 7254, "Plan Width": 42, "Inner Unique": false, "Join Filter": "((l2.l_suppkey <> l1.l_suppkey) AND (l1.l_orderkey = l2.l_orderkey))", "Plans": [{"Node Type": "Nested Loop", "Parent Relationship": "Outer", "Join Type": "Anti", "Startup Cost": 40000000000.0, "Total Cost": 4011848919915.73, "Plan Rows": 7635, "Plan Width": 42, "Inner Unique": false, "Join Filter": "((l3.l_suppkey <> l1.l_suppkey) AND (l3.l_orderkey = l1.l_orderkey))", "Plans": [{"Node Type": "Nested Loop", "Parent Relationship": "Outer", "Join Type": "Inner", "Startup Cost": 30000000000.0, "Total Cost": 3001539289162.94, "Plan Rows": 152707, "Plan Width": 42, "Inner Unique": false, "Join Filter": "(supplier.s_suppkey = l1.l_suppkey), (LLVM Optimized)", "Plans": [{"Node Type": "Index Scan", "Parent Relationship": "Outer", "Scan Direction": "Forward", "Index Name": "idx_lineitem_orderkey", "Relation Name": "lineitem", "Alias": "l1", "Startup Cost": 10000000000.0, "Total Cost": 1000339012132.75, "Plan Rows": 19995678, "Plan Width": 16, "Filter": "(l_receiptdate > l_commitdate), (LLVM Optimized)"}, {"Node Type": "Materialize", "Parent Relationship": "Inner", "Startup Cost": 20000000000.0, "Total Cost": 2000000536360.19, "Plan Rows": 4000, "Plan Width": 34, "Plans": [{"Node Type": "Nested Loop", "Parent Relationship": "Outer", "Join Type": "Inner", "Startup Cost": 20000000000.0, "Total Cost": 2000000536340.19, "Plan Rows": 4000, "Plan Width": 34, "Inner Unique": true, "Join Filter": "(supplier.s_nationkey = nation.n_nationkey)", "Plans": [{"Node Type": "Index Scan", "Parent Relationship": "Outer", "Scan Direction": "Forward", "Index Name": "supplier_pkey", "Relation Name": "supplier", "Alias": "supplier", "Startup Cost": 10000000000.0, "Total Cost": 1000000533571.43, "Plan Rows": 100000, "Plan Width": 38}, {"Node Type": "Materialize", "Parent Relationship": "Inner", "Startup Cost": 10000000000.0, "Total Cost": 1000000001268.76, "Plan Rows": 1, "Plan Width": 4, "Plans": [{"Node Type": "Index Scan", "Parent Relationship": "Outer", "Scan Direction": "Forward", "Index Name": "nation_pkey", "Relation Name": "nation", "Alias": "nation", "Startup Cost": 10000000000.0, "Total Cost": 1000000001268.75, "Plan Rows": 1, "Plan Width": 4, "Filter": "(n_name = 'EGYPT'::bpchar)"}]}]}]}]}, {"Node Type": "Materialize", "Parent Relationship": "Inner", "Startup Cost": 10000000000.0, "Total Cost": 1000339112111.14, "Plan Rows": 19995678, "Plan Width": 16, "Plans": [{"Node Type": "Index Scan", "Parent Relationship": "Outer", "Scan Direction": "Forward", "Index Name": "idx_lineitem_orderkey", "Relation Name": "lineitem", "Alias": "l3", "Startup Cost": 10000000000.0, "Total Cost": 1000339012132.75, "Plan Rows": 19995678, "Plan Width": 16, "Filter": "(l_receiptdate > l_commitdate), (LLVM Optimized)"}]}]}, {"Node Type": "Materialize", "Parent Relationship": "Inner", "Startup Cost": 10000000000.0, "Total Cost": 1000324315309.67, "Plan Rows": 59987033, "Plan Width": 16, "Plans": [{"Node Type": "Index Scan", "Parent Relationship": "Outer", "Scan Direction": "Forward", "Index Name": "idx_lineitem_orderkey", "Relation Name": "lineitem", "Alias": "l2", "Startup Cost": 10000000000.0, "Total Cost": 1000324015374.5, "Plan Rows": 59987033, "Plan Width": 16}]}]}]}]}]}]}]}, "Unique SQL Id": 3870093320}, "explain_analyze_plan": null}, "(64, 64)": {"explain_plan": {"Plan": {"Node Type": "Limit", "Startup Cost": 228671.11, "Total Cost": 228671.36, "Plan Rows": 100, "Plan Width": 34, "Plans": [{"Node Type": "Sort", "Parent Relationship": "Outer", "Startup Cost": 228671.11, "Total Cost": 228694.04, "Plan Rows": 100, "Plan Width": 34, "Sort Key": ["(count(*)) DESC", "supplier.s_name"], "Plans": [{"Node Type": "Aggregate", "Strategy": "Hashed", "Parent Relationship": "Outer", "Startup Cost": 228228.84, "Total Cost": 228320.56, "Plan Rows": 9172, "Plan Width": 34, "Group By Key": ["supplier.s_name"], "Plans": [{"Node Type": "Nested Loop", "Parent Relationship": "Outer", "Join Type": "Inner", "Startup Cost": 70864.6, "Total Cost": 228182.98, "Plan Rows": 9172, "Plan Width": 26, "Inner Unique": true, "Join Filter": "(l1.l_orderkey = orders.o_orderkey)", "Plans": [{"Node Type": "Nested Loop", "Parent Relationship": "Outer", "Join Type": "Semi", "Startup Cost": 70864.6, "Total Cost": 221082.61, "Plan Rows": 7254, "Plan Width": 42, "Inner Unique": false, "Plans": [{"Node Type": "Nested Loop", "Parent Relationship": "Outer", "Join Type": "Anti", "Startup Cost": 70864.6, "Total Cost": 219227.05, "Plan Rows": 7635, "Plan Width": 42, "Inner Unique": false, "Plans": [{"Node Type": "Streaming(type: LOCAL GATHER dop: 1/64)", "Parent Relationship": "Outer", "Startup Cost": 70864.6, "Total Cost": 172039.83, "Plan Rows": 152707, "Plan Width": 42, "Plans": [{"Node Type": "Hash Join", "Parent Relationship": "Outer", "Join Type": "Inner", "Startup Cost": 70864.6, "Total Cost": 168889.5, "Plan Rows": 152707, "Plan Width": 42, "Inner Unique": false, "Hash Cond": "(l1.l_suppkey = supplier.s_suppkey), (LLVM Optimized)", "Plans": [{"Node Type": "Seq Scan", "Parent Relationship": "Outer", "Relation Name": "lineitem", "Alias": "l1", "Startup Cost": 0.0, "Total Cost": 96829.42, "Plan Rows": 19995678, "Plan Width": 16, "Filter": "(l_receiptdate > l_commitdate), (LLVM Optimized)"}, {"Node Type": "Hash", "Parent Relationship": "Inner", "Startup Cost": 70814.6, "Total Cost": 70814.6, "Plan Rows": 256000, "Plan Width": 34, "Plans": [{"Node Type": "Streaming(type: BROADCAST dop: 64/1)", "Parent Relationship": "Outer", "Startup Cost": 95.25, "Total Cost": 70814.6, "Plan Rows": 256000, "Plan Width": 34, "Plans": [{"Node Type": "Nested Loop", "Parent Relationship": "Outer", "Join Type": "Inner", "Startup Cost": 95.25, "Total Cost": 2533.35, "Plan Rows": 4000, "Plan Width": 34, "Inner Unique": false, "Plans": [{"Node Type": "Seq Scan", "Parent Relationship": "Outer", "Relation Name": "nation", "Alias": "nation", "Startup Cost": 0.0, "Total Cost": 1.31, "Plan Rows": 1, "Plan Width": 4, "Filter": "(n_name = 'EGYPT'::bpchar)"}, {"Node Type": "Bitmap Heap Scan", "Parent Relationship": "Inner", "Relation Name": "supplier", "Alias": "supplier", "Startup Cost": 95.25, "Total Cost": 2492.04, "Plan Rows": 4000, "Plan Width": 38, "Recheck Cond": "(s_nationkey = nation.n_nationkey)", "Plans": [{"Node Type": "Bitmap Index Scan", "Parent Relationship": "Outer", "Index Name": "idx_supplier_nation_key", "Startup Cost": 0.0, "Total Cost": 94.25, "Plan Rows": 4000, "Plan Width": 0, "Index Cond": "(s_nationkey = nation.n_nationkey)"}]}]}]}]}]}]}, {"Node Type": "Index Scan", "Parent Relationship": "Inner", "Scan Direction": "Forward", "Index Name": "idx_lineitem_orderkey", "Relation Name": "lineitem", "Alias": "l3", "Startup Cost": 0.0, "Total Cost": 1.63, "Plan Rows": 3, "Plan Width": 16, "Index Cond": "(l_orderkey = l1.l_orderkey)", "Filter": "((l_receiptdate > l_commitdate) AND (l_suppkey <> l1.l_suppkey))"}]}, {"Node Type": "Index Scan", "Parent Relationship": "Inner", "Scan Direction": "Forward", "Index Name": "idx_lineitem_orderkey", "Relation Name": "lineitem", "Alias": "l2", "Startup Cost": 0.0, "Total Cost": 1.63, "Plan Rows": 9, "Plan Width": 16, "Index Cond": "(l_orderkey = l1.l_orderkey)", "Filter": "(l_suppkey <> l1.l_suppkey)"}]}, {"Node Type": "Index Scan", "Parent Relationship": "Inner", "Scan Direction": "Forward", "Index Name": "orders_pkey", "Relation Name": "orders", "Alias": "orders", "Startup Cost": 0.0, "Total Cost": 0.97, "Plan Rows": 1, "Plan Width": 8, "Index Cond": "(o_orderkey = l2.l_orderkey)", "Filter": "(o_orderstatus = 'F'::bpchar)"}]}]}]}]}, "Unique SQL Id": 3870093320}, "explain_analyze_plan": {"Plan": {"Node Type": "Limit", "Startup Cost": 228671.11, "Total Cost": 228671.36, "Plan Rows": 100, "Plan Width": 34, "Actual Min Startup Time": 12866.621, "Actual Max Startup Time": 12866.621, "Actual Min Total Time": 12866.642, "Actual Max Total Time": 12866.642, "Actual Total Rows": 100, "Plans": [{"Node Type": "Sort", "Parent Relationship": "Outer", "Startup Cost": 228671.11, "Total Cost": 228694.04, "Plan Rows": 100, "Plan Width": 34, "Actual Min Startup Time": 12866.617, "Actual Max Startup Time": 12866.617, "Actual Min Total Time": 12866.628, "Actual Max Total Time": 12866.628, "Actual Total Rows": 100, "Sort Key": ["(count(*)) DESC", "supplier.s_name"], "Sort Method": "top-N heapsort", "Sort Space Min Used": 41, "Sort Space Max Used": 41, "Sort Space Type": "Memory", "Plans": [{"Node Type": "Aggregate", "Strategy": "Hashed", "Parent Relationship": "Outer", "Startup Cost": 228228.84, "Total Cost": 228320.56, "Plan Rows": 9172, "Plan Width": 34, "Actual Min Startup Time": 12863.299, "Actual Max Startup Time": 12863.299, "Actual Min Total Time": 12864.519, "Actual Max Total Time": 12864.519, "Actual Total Rows": 3981, "Group By Key": ["supplier.s_name"], "Plans": [{"Node Type": "Nested Loop", "Parent Relationship": "Outer", "Join Type": "Inner", "Startup Cost": 70864.6, "Total Cost": 228182.98, "Plan Rows": 9172, "Plan Width": 26, "Actual Min Startup Time": 321.296, "Actual Max Startup Time": 321.296, "Actual Min Total Time": 12810.71, "Actual Max Total Time": 12810.71, "Actual Total Rows": 39445, "Inner Unique": true, "Join Filter": "(l1.l_orderkey = orders.o_orderkey)", "Rows Removed by Join Filter": 0, "Plans": [{"Node Type": "Nested Loop", "Parent Relationship": "Outer", "Join Type": "Semi", "Startup Cost": 70864.6, "Total Cost": 221082.61, "Plan Rows": 7254, "Plan Width": 42, "Actual Min Startup Time": 321.137, "Actual Max Startup Time": 321.137, "Actual Min Total Time": 12228.446, "Actual Max Total Time": 12228.446, "Actual Total Rows": 80537, "Inner Unique": false, "Plans": [{"Node Type": "Nested Loop", "Parent Relationship": "Outer", "Join Type": "Anti", "Startup Cost": 70864.6, "Total Cost": 219227.05, "Plan Rows": 7635, "Plan Width": 42, "Actual Min Startup Time": 320.888, "Actual Max Startup Time": 320.888, "Actual Min Total Time": 11631.181, "Actual Max Total Time": 11631.181, "Actual Total Rows": 135110, "Inner Unique": false, "Plans": [{"Node Type": "Streaming(type: LOCAL GATHER dop: 1/64)", "Parent Relationship": "Outer", "Startup Cost": 70864.6, "Total Cost": 172039.83, "Plan Rows": 152707, "Plan Width": 42, "Actual Min Startup Time": 320.789, "Actual Max Startup Time": 320.789, "Actual Min Total Time": 1148.491, "Actual Max Total Time": 1148.491, "Actual Total Rows": 1511024, "Plans": [{"Node Type": "Hash Join", "Parent Relationship": "Outer", "Join Type": "Inner", "Startup Cost": 70864.6, "Total Cost": 168889.5, "Plan Rows": 152707, "Plan Width": 42, "Actual Min Startup Time": 121.617, "Actual Max Startup Time": 246.073, "Actual Min Total Time": 668.067, "Actual Max Total Time": 800.781, "Actual Total Rows": 1511024, "Inner Unique": false, "Hash Cond": "(l1.l_suppkey = supplier.s_suppkey), (LLVM Optimized, Jit Execute)", "Plans": [{"Node Type": "Seq Scan", "Parent Relationship": "Outer", "Relation Name": "lineitem", "Alias": "l1", "Startup Cost": 0.0, "Total Cost": 96829.42, "Plan Rows": 19995678, "Plan Width": 16, "Actual Min Startup Time": 0.021, "Actual Max Startup Time": 0.048, "Actual Min Total Time": 402.886, "Actual Max Total Time": 424.103, "Actual Total Rows": 37929348, "Filter": "(l_receiptdate > l_commitdate), (LLVM Optimized, Jit Execute)", "Rows Removed by Filter": 22056704}, {"Node Type": "Hash", "Parent Relationship": "Inner", "Startup Cost": 70814.6, "Total Cost": 70814.6, "Plan Rows": 256000, "Plan Width": 34, "Actual Min Startup Time": 121.517, "Actual Max Startup Time": 245.924, "Actual Min Total Time": 121.517, "Actual Max Total Time": 245.924, "Actual Total Rows": 254784, "Max Hash Buckets": 32768, "Min Hash Buckets": 32768, "Max Hash Batches": 1, "Min Hash Batches": 1, "Max Original Hash Batches": 1, "Min Original Hash Batches": 1, "Max Peak Memory Usage": 280, "min Peak Memory Usage": 280, "Plans": [{"Node Type": "Streaming(type: BROADCAST dop: 64/1)", "Parent Relationship": "Outer", "Startup Cost": 95.25, "Total Cost": 70814.6, "Plan Rows": 256000, "Plan Width": 34, "Actual Min Startup Time": 0.028, "Actual Max Startup Time": 5.142, "Actual Min Total Time": 120.402, "Actual Max Total Time": 244.779, "Actual Total Rows": 254784, "Plans": [{"Node Type": "Nested Loop", "Parent Relationship": "Outer", "Join Type": "Inner", "Startup Cost": 95.25, "Total Cost": 2533.35, "Plan Rows": 4000, "Plan Width": 34, "Actual Min Startup Time": 1.073, "Actual Max Startup Time": 1.073, "Actual Min Total Time": 7.094, "Actual Max Total Time": 7.094, "Actual Total Rows": 3981, "Inner Unique": false, "Plans": [{"Node Type": "Seq Scan", "Parent Relationship": "Outer", "Relation Name": "nation", "Alias": "nation", "Startup Cost": 0.0, "Total Cost": 1.31, "Plan Rows": 1, "Plan Width": 4, "Actual Min Startup Time": 0.039, "Actual Max Startup Time": 0.039, "Actual Min Total Time": 0.062, "Actual Max Total Time": 0.062, "Actual Total Rows": 1, "Filter": "(n_name = 'EGYPT'::bpchar)", "Rows Removed by Filter": 24}, {"Node Type": "Bitmap Heap Scan", "Parent Relationship": "Inner", "Relation Name": "supplier", "Alias": "supplier", "Startup Cost": 95.25, "Total Cost": 2492.04, "Plan Rows": 4000, "Plan Width": 38, "Actual Min Startup Time": 1.024, "Actual Max Startup Time": 1.024, "Actual Min Total Time": 6.258, "Actual Max Total Time": 6.258, "Actual Total Rows": 3981, "Recheck Cond": "(s_nationkey = nation.n_nationkey)", "Rows Removed by Index Recheck": 0, "Exact Heap Blocks": 0, "Lossy Heap Blocks": 0, "Plans": [{"Node Type": "Bitmap Index Scan", "Parent Relationship": "Outer", "Index Name": "idx_supplier_nation_key", "Startup Cost": 0.0, "Total Cost": 94.25, "Plan Rows": 4000, "Plan Width": 0, "Actual Min Startup Time": 0.694, "Actual Max Startup Time": 0.694, "Actual Min Total Time": 0.694, "Actual Max Total Time": 0.694, "Actual Total Rows": 3981, "Index Cond": "(s_nationkey = nation.n_nationkey)"}]}]}]}]}]}]}, {"Node Type": "Index Scan", "Parent Relationship": "Inner", "Scan Direction": "Forward", "Index Name": "idx_lineitem_orderkey", "Relation Name": "lineitem", "Alias": "l3", "Startup Cost": 0.0, "Total Cost": 1.63, "Plan Rows": 3, "Plan Width": 16, "Actual Min Startup Time": 9467.156, "Actual Max Startup Time": 9467.156, "Actual Min Total Time": 9467.156, "Actual Max Total Time": 9467.156, "Actual Total Rows": 1375914, "Index Cond": "(l_orderkey = l1.l_orderkey)", "Rows Removed by Index Recheck": 0, "Filter": "((l_receiptdate > l_commitdate) AND (l_suppkey <> l1.l_suppkey))", "Rows Removed by Filter": 1348115}]}, {"Node Type": "Index Scan", "Parent Relationship": "Inner", "Scan Direction": "Forward", "Index Name": "idx_lineitem_orderkey", "Relation Name": "lineitem", "Alias": "l2", "Startup Cost": 0.0, "Total Cost": 1.63, "Plan Rows": 9, "Plan Width": 16, "Actual Min Startup Time": 498.704, "Actual Max Startup Time": 498.704, "Actual Min Total Time": 498.704, "Actual Max Total Time": 498.704, "Actual Total Rows": 80537, "Index Cond": "(l_orderkey = l1.l_orderkey)", "Rows Removed by Index Recheck": 0, "Filter": "(l_suppkey <> l1.l_suppkey)", "Rows Removed by Filter": 85912}]}, {"Node Type": "Index Scan", "Parent Relationship": "Inner", "Scan Direction": "Forward", "Index Name": "orders_pkey", "Relation Name": "orders", "Alias": "orders", "Startup Cost": 0.0, "Total Cost": 0.97, "Plan Rows": 1, "Plan Width": 8, "Actual Min Startup Time": 517.398, "Actual Max Startup Time": 517.398, "Actual Min Total Time": 517.398, "Actual Max Total Time": 517.398, "Actual Total Rows": 39445, "Index Cond": "(o_orderkey = l2.l_orderkey)", "Rows Removed by Index Recheck": 0, "Filter": "(o_orderstatus = 'F'::bpchar)", "Rows Removed by Filter": 41092}]}]}]}]}, "Triggers": [], "Planner Runtime": 15.081, "Total Runtime": 12890.496, "Unique SQL Id": 3870093320}}, "(64, 65)": {"explain_plan": {"Plan": {"Node Type": "Limit", "Startup Cost": 2846852.7, "Total Cost": 2846852.95, "Plan Rows": 100, "Plan Width": 34, "Plans": [{"Node Type": "Sort", "Parent Relationship": "Outer", "Startup Cost": 2846852.7, "Total Cost": 2846875.63, "Plan Rows": 100, "Plan Width": 34, "Sort Key": ["(count(*)) DESC", "supplier.s_name"], "Plans": [{"Node Type": "Aggregate", "Strategy": "Hashed", "Parent Relationship": "Outer", "Startup Cost": 2846410.43, "Total Cost": 2846502.15, "Plan Rows": 9172, "Plan Width": 34, "Group By Key": ["supplier.s_name"], "Plans": [{"Node Type": "Nested Loop", "Parent Relationship": "Outer", "Join Type": "Inner", "Startup Cost": 70875.98, "Total Cost": 2846364.57, "Plan Rows": 9172, "Plan Width": 26, "Inner Unique": true, "Join Filter": "(l1.l_orderkey = orders.o_orderkey)", "Plans": [{"Node Type": "Nested Loop", "Parent Relationship": "Outer", "Join Type": "Semi", "Startup Cost": 70875.98, "Total Cost": 2839264.2, "Plan Rows": 7254, "Plan Width": 42, "Inner Unique": false, "Plans": [{"Node Type": "Nested Loop", "Parent Relationship": "Outer", "Join Type": "Anti", "Startup Cost": 70875.98, "Total Cost": 2837408.63, "Plan Rows": 7635, "Plan Width": 42, "Inner Unique": false, "Plans": [{"Node Type": "Streaming(type: LOCAL GATHER dop: 1/64)", "Parent Relationship": "Outer", "Startup Cost": 70875.98, "Total Cost": 2790221.42, "Plan Rows": 152707, "Plan Width": 42, "Plans": [{"Node Type": "Hash Join", "Parent Relationship": "Outer", "Join Type": "Inner", "Startup Cost": 70875.98, "Total Cost": 2787071.09, "Plan Rows": 152707, "Plan Width": 42, "Inner Unique": false, "Hash Cond": "(l1.l_suppkey = supplier.s_suppkey), (LLVM Optimized)", "Plans": [{"Node Type": "Index Scan", "Parent Relationship": "Outer", "Scan Direction": "Forward", "Index Name": "idx_lineitem_orderkey", "Relation Name": "lineitem", "Alias": "l1", "Startup Cost": 0.0, "Total Cost": 2714999.63, "Plan Rows": 19995678, "Plan Width": 16, "Filter": "(l_receiptdate > l_commitdate), (LLVM Optimized)"}, {"Node Type": "Hash", "Parent Relationship": "Inner", "Startup Cost": 70825.98, "Total Cost": 70825.98, "Plan Rows": 256000, "Plan Width": 34, "Plans": [{"Node Type": "Streaming(type: BROADCAST dop: 64/1)", "Parent Relationship": "Outer", "Startup Cost": 95.25, "Total Cost": 70825.98, "Plan Rows": 256000, "Plan Width": 34, "Plans": [{"Node Type": "Nested Loop", "Parent Relationship": "Outer", "Join Type": "Inner", "Startup Cost": 95.25, "Total Cost": 2544.73, "Plan Rows": 4000, "Plan Width": 34, "Inner Unique": false, "Plans": [{"Node Type": "Index Scan", "Parent Relationship": "Outer", "Scan Direction": "Forward", "Index Name": "nation_pkey", "Relation Name": "nation", "Alias": "nation", "Startup Cost": 0.0, "Total Cost": 12.69, "Plan Rows": 1, "Plan Width": 4, "Filter": "(n_name = 'EGYPT'::bpchar)"}, {"Node Type": "Bitmap Heap Scan", "Parent Relationship": "Inner", "Relation Name": "supplier", "Alias": "supplier", "Startup Cost": 95.25, "Total Cost": 2492.04, "Plan Rows": 4000, "Plan Width": 38, "Recheck Cond": "(s_nationkey = nation.n_nationkey)", "Plans": [{"Node Type": "Bitmap Index Scan", "Parent Relationship": "Outer", "Index Name": "idx_supplier_nation_key", "Startup Cost": 0.0, "Total Cost": 94.25, "Plan Rows": 4000, "Plan Width": 0, "Index Cond": "(s_nationkey = nation.n_nationkey)"}]}]}]}]}]}]}, {"Node Type": "Index Scan", "Parent Relationship": "Inner", "Scan Direction": "Forward", "Index Name": "idx_lineitem_orderkey", "Relation Name": "lineitem", "Alias": "l3", "Startup Cost": 0.0, "Total Cost": 1.63, "Plan Rows": 3, "Plan Width": 16, "Index Cond": "(l_orderkey = l1.l_orderkey)", "Filter": "((l_receiptdate > l_commitdate) AND (l_suppkey <> l1.l_suppkey))"}]}, {"Node Type": "Index Scan", "Parent Relationship": "Inner", "Scan Direction": "Forward", "Index Name": "idx_lineitem_orderkey", "Relation Name": "lineitem", "Alias": "l2", "Startup Cost": 0.0, "Total Cost": 1.63, "Plan Rows": 9, "Plan Width": 16, "Index Cond": "(l_orderkey = l1.l_orderkey)", "Filter": "(l_suppkey <> l1.l_suppkey)"}]}, {"Node Type": "Index Scan", "Parent Relationship": "Inner", "Scan Direction": "Forward", "Index Name": "orders_pkey", "Relation Name": "orders", "Alias": "orders", "Startup Cost": 0.0, "Total Cost": 0.97, "Plan Rows": 1, "Plan Width": 8, "Index Cond": "(o_orderkey = l2.l_orderkey)", "Filter": "(o_orderstatus = 'F'::bpchar)"}]}]}]}]}, "Unique SQL Id": 3870093320}, "explain_analyze_plan": {"Plan": {"Node Type": "Limit", "Startup Cost": 2846852.7, "Total Cost": 2846852.95, "Plan Rows": 100, "Plan Width": 34, "Actual Min Startup Time": 14119.717, "Actual Max Startup Time": 14119.717, "Actual Min Total Time": 14119.737, "Actual Max Total Time": 14119.737, "Actual Total Rows": 100, "Plans": [{"Node Type": "Sort", "Parent Relationship": "Outer", "Startup Cost": 2846852.7, "Total Cost": 2846875.63, "Plan Rows": 100, "Plan Width": 34, "Actual Min Startup Time": 14119.713, "Actual Max Startup Time": 14119.713, "Actual Min Total Time": 14119.719, "Actual Max Total Time": 14119.719, "Actual Total Rows": 100, "Sort Key": ["(count(*)) DESC", "supplier.s_name"], "Sort Method": "top-N heapsort", "Sort Space Min Used": 41, "Sort Space Max Used": 41, "Sort Space Type": "Memory", "Plans": [{"Node Type": "Aggregate", "Strategy": "Hashed", "Parent Relationship": "Outer", "Startup Cost": 2846410.43, "Total Cost": 2846502.15, "Plan Rows": 9172, "Plan Width": 34, "Actual Min Startup Time": 14116.34, "Actual Max Startup Time": 14116.34, "Actual Min Total Time": 14117.647, "Actual Max Total Time": 14117.647, "Actual Total Rows": 3981, "Group By Key": ["supplier.s_name"], "Plans": [{"Node Type": "Nested Loop", "Parent Relationship": "Outer", "Join Type": "Inner", "Startup Cost": 70875.98, "Total Cost": 2846364.57, "Plan Rows": 9172, "Plan Width": 26, "Actual Min Startup Time": 815.129, "Actual Max Startup Time": 815.129, "Actual Min Total Time": 14059.159, "Actual Max Total Time": 14059.159, "Actual Total Rows": 39445, "Inner Unique": true, "Join Filter": "(l1.l_orderkey = orders.o_orderkey)", "Rows Removed by Join Filter": 0, "Plans": [{"Node Type": "Nested Loop", "Parent Relationship": "Outer", "Join Type": "Semi", "Startup Cost": 70875.98, "Total Cost": 2839264.2, "Plan Rows": 7254, "Plan Width": 42, "Actual Min Startup Time": 815.101, "Actual Max Startup Time": 815.101, "Actual Min Total Time": 13358.527, "Actual Max Total Time": 13358.527, "Actual Total Rows": 80537, "Inner Unique": false, "Plans": [{"Node Type": "Nested Loop", "Parent Relationship": "Outer", "Join Type": "Anti", "Startup Cost": 70875.98, "Total Cost": 2837408.63, "Plan Rows": 7635, "Plan Width": 42, "Actual Min Startup Time": 815.089, "Actual Max Startup Time": 815.089, "Actual Min Total Time": 12762.463, "Actual Max Total Time": 12762.463, "Actual Total Rows": 135110, "Inner Unique": false, "Plans": [{"Node Type": "Streaming(type: LOCAL GATHER dop: 1/64)", "Parent Relationship": "Outer", "Startup Cost": 70875.98, "Total Cost": 2790221.42, "Plan Rows": 152707, "Plan Width": 42, "Actual Min Startup Time": 814.659, "Actual Max Startup Time": 814.659, "Actual Min Total Time": 1782.848, "Actual Max Total Time": 1782.848, "Actual Total Rows": 1511024, "Plans": [{"Node Type": "Hash Join", "Parent Relationship": "Outer", "Join Type": "Inner", "Startup Cost": 70875.98, "Total Cost": 2787071.09, "Plan Rows": 152707, "Plan Width": 42, "Actual Min Startup Time": 598.254, "Actual Max Startup Time": 727.718, "Actual Min Total Time": 1399.128, "Actual Max Total Time": 1628.166, "Actual Total Rows": 1511024, "Inner Unique": false, "Hash Cond": "(l1.l_suppkey = supplier.s_suppkey), (LLVM Optimized, Jit Execute)", "Plans": [{"Node Type": "Index Scan", "Parent Relationship": "Outer", "Scan Direction": "Forward", "Index Name": "idx_lineitem_orderkey", "Relation Name": "lineitem", "Alias": "l1", "Startup Cost": 0.0, "Total Cost": 2714999.63, "Plan Rows": 19995678, "Plan Width": 16, "Actual Min Startup Time": 471.178, "Actual Max Startup Time": 471.721, "Actual Min Total Time": 1129.758, "Actual Max Total Time": 1291.227, "Actual Total Rows": 37929348, "Filter": "(l_receiptdate > l_commitdate), (LLVM Optimized, Jit Execute)", "Rows Removed by Filter": 22056704}, {"Node Type": "Hash", "Parent Relationship": "Inner", "Startup Cost": 70825.98, "Total Cost": 70825.98, "Plan Rows": 256000, "Plan Width": 34, "Actual Min Startup Time": 126.512, "Actual Max Startup Time": 256.207, "Actual Min Total Time": 126.512, "Actual Max Total Time": 256.207, "Actual Total Rows": 254784, "Max Hash Buckets": 32768, "Min Hash Buckets": 32768, "Max Hash Batches": 1, "Min Hash Batches": 1, "Max Original Hash Batches": 1, "Min Original Hash Batches": 1, "Max Peak Memory Usage": 280, "min Peak Memory Usage": 280, "Plans": [{"Node Type": "Streaming(type: BROADCAST dop: 64/1)", "Parent Relationship": "Outer", "Startup Cost": 95.25, "Total Cost": 70825.98, "Plan Rows": 256000, "Plan Width": 34, "Actual Min Startup Time": 0.026, "Actual Max Startup Time": 3.984, "Actual Min Total Time": 125.506, "Actual Max Total Time": 255.076, "Actual Total Rows": 254784, "Plans": [{"Node Type": "Nested Loop", "Parent Relationship": "Outer", "Join Type": "Inner", "Startup Cost": 95.25, "Total Cost": 2544.73, "Plan Rows": 4000, "Plan Width": 34, "Actual Min Startup Time": 1.031, "Actual Max Startup Time": 1.031, "Actual Min Total Time": 7.098, "Actual Max Total Time": 7.098, "Actual Total Rows": 3981, "Inner Unique": false, "Plans": [{"Node Type": "Index Scan", "Parent Relationship": "Outer", "Scan Direction": "Forward", "Index Name": "nation_pkey", "Relation Name": "nation", "Alias": "nation", "Startup Cost": 0.0, "Total Cost": 12.69, "Plan Rows": 1, "Plan Width": 4, "Actual Min Startup Time": 0.048, "Actual Max Startup Time": 0.048, "Actual Min Total Time": 0.079, "Actual Max Total Time": 0.079, "Actual Total Rows": 1, "Filter": "(n_name = 'EGYPT'::bpchar)", "Rows Removed by Filter": 24}, {"Node Type": "Bitmap Heap Scan", "Parent Relationship": "Inner", "Relation Name": "supplier", "Alias": "supplier", "Startup Cost": 95.25, "Total Cost": 2492.04, "Plan Rows": 4000, "Plan Width": 38, "Actual Min Startup Time": 0.971, "Actual Max Startup Time": 0.971, "Actual Min Total Time": 6.221, "Actual Max Total Time": 6.221, "Actual Total Rows": 3981, "Recheck Cond": "(s_nationkey = nation.n_nationkey)", "Rows Removed by Index Recheck": 0, "Exact Heap Blocks": 0, "Lossy Heap Blocks": 0, "Plans": [{"Node Type": "Bitmap Index Scan", "Parent Relationship": "Outer", "Index Name": "idx_supplier_nation_key", "Startup Cost": 0.0, "Total Cost": 94.25, "Plan Rows": 4000, "Plan Width": 0, "Actual Min Startup Time": 0.671, "Actual Max Startup Time": 0.671, "Actual Min Total Time": 0.671, "Actual Max Total Time": 0.671, "Actual Total Rows": 3981, "Index Cond": "(s_nationkey = nation.n_nationkey)"}]}]}]}]}]}]}, {"Node Type": "Index Scan", "Parent Relationship": "Inner", "Scan Direction": "Forward", "Index Name": "idx_lineitem_orderkey", "Relation Name": "lineitem", "Alias": "l3", "Startup Cost": 0.0, "Total Cost": 1.63, "Plan Rows": 3, "Plan Width": 16, "Actual Min Startup Time": 9956.083, "Actual Max Startup Time": 9956.083, "Actual Min Total Time": 9956.083, "Actual Max Total Time": 9956.083, "Actual Total Rows": 1375914, "Index Cond": "(l_orderkey = l1.l_orderkey)", "Rows Removed by Index Recheck": 0, "Filter": "((l_receiptdate > l_commitdate) AND (l_suppkey <> l1.l_suppkey))", "Rows Removed by Filter": 1348115}]}, {"Node Type": "Index Scan", "Parent Relationship": "Inner", "Scan Direction": "Forward", "Index Name": "idx_lineitem_orderkey", "Relation Name": "lineitem", "Alias": "l2", "Startup Cost": 0.0, "Total Cost": 1.63, "Plan Rows": 9, "Plan Width": 16, "Actual Min Startup Time": 497.47, "Actual Max Startup Time": 497.47, "Actual Min Total Time": 497.47, "Actual Max Total Time": 497.47, "Actual Total Rows": 80537, "Index Cond": "(l_orderkey = l1.l_orderkey)", "Rows Removed by Index Recheck": 0, "Filter": "(l_suppkey <> l1.l_suppkey)", "Rows Removed by Filter": 85912}]}, {"Node Type": "Index Scan", "Parent Relationship": "Inner", "Scan Direction": "Forward", "Index Name": "orders_pkey", "Relation Name": "orders", "Alias": "orders", "Startup Cost": 0.0, "Total Cost": 0.97, "Plan Rows": 1, "Plan Width": 8, "Actual Min Startup Time": 630.576, "Actual Max Startup Time": 630.576, "Actual Min Total Time": 630.576, "Actual Max Total Time": 630.576, "Actual Total Rows": 39445, "Index Cond": "(o_orderkey = l2.l_orderkey)", "Rows Removed by Index Recheck": 0, "Filter": "(o_orderstatus = 'F'::bpchar)", "Rows Removed by Filter": 41092}]}]}]}]}, "Triggers": [], "Planner Runtime": 13.163, "Total Runtime": 14143.047, "Unique SQL Id": 3870093320}}, "(64, 66)": {"explain_plan": {"Plan": {"Node Type": "Limit", "Startup Cost": 439387.85, "Total Cost": 439388.1, "Plan Rows": 100, "Plan Width": 34, "Plans": [{"Node Type": "Sort", "Parent Relationship": "Outer", "Startup Cost": 439387.85, "Total Cost": 439410.78, "Plan Rows": 100, "Plan Width": 34, "Sort Key": ["(count(*)) DESC", "supplier.s_name"], "Plans": [{"Node Type": "Aggregate", "Strategy": "Hashed", "Parent Relationship": "Outer", "Startup Cost": 438945.58, "Total Cost": 439037.3, "Plan Rows": 9172, "Plan Width": 34, "Group By Key": ["supplier.s_name"], "Plans": [{"Node Type": "Nested Loop", "Parent Relationship": "Outer", "Join Type": "Inner", "Startup Cost": 183360.81, "Total Cost": 438899.72, "Plan Rows": 9172, "Plan Width": 26, "Inner Unique": true, "Join Filter": "(l1.l_orderkey = orders.o_orderkey)", "Plans": [{"Node Type": "Nested Loop", "Parent Relationship": "Outer", "Join Type": "Semi", "Startup Cost": 183360.21, "Total Cost": 405338.96, "Plan Rows": 7254, "Plan Width": 42, "Inner Unique": false, "Plans": [{"Node Type": "Hash Join", "Parent Relationship": "Outer", "Join Type": "Inner", "Startup Cost": 183359.38, "Total Cost": 390160.41, "Plan Rows": 7635, "Plan Width": 42, "Inner Unique": false, "Hash Cond": "(l1.l_suppkey = supplier.s_suppkey)", "Plans": [{"Node Type": "Streaming(type: LOCAL GATHER dop: 1/64)", "Parent Relationship": "Outer", "Startup Cost": 182676.04, "Total Cost": 385647.51, "Plan Rows": 999784, "Plan Width": 16, "Plans": [{"Node Type": "Hash Join", "Parent Relationship": "Outer", "Join Type": "Anti", "Startup Cost": 182676.04, "Total Cost": 365022.08, "Plan Rows": 999784, "Plan Width": 16, "Inner Unique": false, "Hash Cond": "(l1.l_orderkey = l3.l_orderkey), (LLVM Optimized)", "Join Filter": "(l3.l_suppkey <> l1.l_suppkey), (LLVM Optimized)", "Plans": [{"Node Type": "Streaming(type: LOCAL REDISTRIBUTE dop: 64/64)", "Parent Relationship": "Outer", "Startup Cost": 0.0, "Total Cost": 178770.64, "Plan Rows": 19995678, "Plan Width": 16, "Plans": [{"Node Type": "Seq Scan", "Parent Relationship": "Outer", "Relation Name": "lineitem", "Alias": "l1", "Startup Cost": 0.0, "Total Cost": 96829.42, "Plan Rows": 19995678, "Plan Width": 16, "Filter": "(l_receiptdate > l_commitdate), (LLVM Optimized)"}]}, {"Node Type": "Hash", "Parent Relationship": "Inner", "Startup Cost": 178770.64, "Total Cost": 178770.64, "Plan Rows": 19995678, "Plan Width": 16, "Plans": [{"Node Type": "Streaming(type: LOCAL REDISTRIBUTE dop: 64/64)", "Parent Relationship": "Outer", "Startup Cost": 0.0, "Total Cost": 178770.64, "Plan Rows": 19995678, "Plan Width": 16, "Plans": [{"Node Type": "Seq Scan", "Parent Relationship": "Outer", "Relation Name": "lineitem", "Alias": "l3", "Startup Cost": 0.0, "Total Cost": 96829.42, "Plan Rows": 19995678, "Plan Width": 16, "Filter": "(l_receiptdate > l_commitdate), (LLVM Optimized)"}]}]}]}]}, {"Node Type": "Hash", "Parent Relationship": "Inner", "Startup Cost": 2533.35, "Total Cost": 2533.35, "Plan Rows": 4000, "Plan Width": 34, "Plans": [{"Node Type": "Nested Loop", "Parent Relationship": "Outer", "Join Type": "Inner", "Startup Cost": 95.25, "Total Cost": 2533.35, "Plan Rows": 4000, "Plan Width": 34, "Inner Unique": false, "Plans": [{"Node Type": "Seq Scan", "Parent Relationship": "Outer", "Relation Name": "nation", "Alias": "nation", "Startup Cost": 0.0, "Total Cost": 1.31, "Plan Rows": 1, "Plan Width": 4, "Filter": "(n_name = 'EGYPT'::bpchar)"}, {"Node Type": "Bitmap Heap Scan", "Parent Relationship": "Inner", "Relation Name": "supplier", "Alias": "supplier", "Startup Cost": 95.25, "Total Cost": 2492.04, "Plan Rows": 4000, "Plan Width": 38, "Recheck Cond": "(s_nationkey = nation.n_nationkey)", "Plans": [{"Node Type": "Bitmap Index Scan", "Parent Relationship": "Outer", "Index Name": "idx_supplier_nation_key", "Startup Cost": 0.0, "Total Cost": 94.25, "Plan Rows": 4000, "Plan Width": 0, "Index Cond": "(s_nationkey = nation.n_nationkey)"}]}]}]}]}, {"Node Type": "Bitmap Heap Scan", "Parent Relationship": "Inner", "Relation Name": "lineitem", "Alias": "l2", "Startup Cost": 0.82, "Total Cost": 8.95, "Plan Rows": 9, "Plan Width": 16, "Recheck Cond": "(l_orderkey = l1.l_orderkey)", "Filter": "(l_suppkey <> l1.l_suppkey)", "Plans": [{"Node Type": "Bitmap Index Scan", "Parent Relationship": "Outer", "Index Name": "idx_lineitem_orderkey", "Startup Cost": 0.0, "Total Cost": 0.82, "Plan Rows": 9, "Plan Width": 0, "Index Cond": "(l_orderkey = l1.l_orderkey)"}]}]}, {"Node Type": "Bitmap Heap Scan", "Parent Relationship": "Inner", "Relation Name": "orders", "Alias": "orders", "Startup Cost": 0.6, "Total Cost": 4.61, "Plan Rows": 1, "Plan Width": 8, "Recheck Cond": "(o_orderkey = l2.l_orderkey)", "Filter": "(o_orderstatus = 'F'::bpchar)", "Plans": [{"Node Type": "Bitmap Index Scan", "Parent Relationship": "Outer", "Index Name": "orders_pkey", "Startup Cost": 0.0, "Total Cost": 0.6, "Plan Rows": 1, "Plan Width": 0, "Index Cond": "(o_orderkey = l2.l_orderkey)"}]}]}]}]}]}, "Unique SQL Id": 3870093320}, "explain_analyze_plan": {"Plan": {"Node Type": "Limit", "Startup Cost": 439387.85, "Total Cost": 439388.1, "Plan Rows": 100, "Plan Width": 34, "Actual Min Startup Time": 6805.192, "Actual Max Startup Time": 6805.192, "Actual Min Total Time": 6805.211, "Actual Max Total Time": 6805.211, "Actual Total Rows": 100, "Plans": [{"Node Type": "Sort", "Parent Relationship": "Outer", "Startup Cost": 439387.85, "Total Cost": 439410.78, "Plan Rows": 100, "Plan Width": 34, "Actual Min Startup Time": 6805.189, "Actual Max Startup Time": 6805.189, "Actual Min Total Time": 6805.197, "Actual Max Total Time": 6805.197, "Actual Total Rows": 100, "Sort Key": ["(count(*)) DESC", "supplier.s_name"], "Sort Method": "top-N heapsort", "Sort Space Min Used": 41, "Sort Space Max Used": 41, "Sort Space Type": "Memory", "Plans": [{"Node Type": "Aggregate", "Strategy": "Hashed", "Parent Relationship": "Outer", "Startup Cost": 438945.58, "Total Cost": 439037.3, "Plan Rows": 9172, "Plan Width": 34, "Actual Min Startup Time": 6801.849, "Actual Max Startup Time": 6801.849, "Actual Min Total Time": 6803.071, "Actual Max Total Time": 6803.071, "Actual Total Rows": 3981, "Group By Key": ["supplier.s_name"], "Plans": [{"Node Type": "Nested Loop", "Parent Relationship": "Outer", "Join Type": "Inner", "Startup Cost": 183360.81, "Total Cost": 438899.72, "Plan Rows": 9172, "Plan Width": 26, "Actual Min Startup Time": 2335.66, "Actual Max Startup Time": 2335.66, "Actual Min Total Time": 6750.185, "Actual Max Total Time": 6750.185, "Actual Total Rows": 39445, "Inner Unique": true, "Join Filter": "(l1.l_orderkey = orders.o_orderkey)", "Rows Removed by Join Filter": 0, "Plans": [{"Node Type": "Nested Loop", "Parent Relationship": "Outer", "Join Type": "Semi", "Startup Cost": 183360.21, "Total Cost": 405338.96, "Plan Rows": 7254, "Plan Width": 42, "Actual Min Startup Time": 2335.626, "Actual Max Startup Time": 2335.626, "Actual Min Total Time": 5990.539, "Actual Max Total Time": 5990.539, "Actual Total Rows": 80537, "Inner Unique": false, "Plans": [{"Node Type": "Hash Join", "Parent Relationship": "Outer", "Join Type": "Inner", "Startup Cost": 183359.38, "Total Cost": 390160.41, "Plan Rows": 7635, "Plan Width": 42, "Actual Min Startup Time": 2335.536, "Actual Max Startup Time": 2335.536, "Actual Min Total Time": 4375.103, "Actual Max Total Time": 4375.103, "Actual Total Rows": 135110, "Inner Unique": false, "Hash Cond": "(l1.l_suppkey = supplier.s_suppkey)", "Plans": [{"Node Type": "Streaming(type: LOCAL GATHER dop: 1/64)", "Parent Relationship": "Outer", "Startup Cost": 182676.04, "Total Cost": 385647.51, "Plan Rows": 999784, "Plan Width": 16, "Actual Min Startup Time": 2327.148, "Actual Max Startup Time": 2327.148, "Actual Min Total Time": 3628.242, "Actual Max Total Time": 3628.242, "Actual Total Rows": 3372284, "Plans": [{"Node Type": "Hash Join", "Parent Relationship": "Outer", "Join Type": "Anti", "Startup Cost": 182676.04, "Total Cost": 365022.08, "Plan Rows": 999784, "Plan Width": 16, "Actual Min Startup Time": 1871.399, "Actual Max Startup Time": 2172.815, "Actual Min Total Time": 4997.074, "Actual Max Total Time": 5364.352, "Actual Total Rows": 3372284, "Inner Unique": false, "Hash Cond": "(l1.l_orderkey = l3.l_orderkey), (LLVM Optimized, Jit Execute)", "Join Filter": "(l3.l_suppkey <> l1.l_suppkey), (LLVM Optimized, Jit Execute)", "Rows Removed by Join Filter": 13753927, "Plans": [{"Node Type": "Streaming(type: LOCAL REDISTRIBUTE dop: 64/64)", "Parent Relationship": "Outer", "Startup Cost": 0.0, "Total Cost": 178770.64, "Plan Rows": 19995678, "Plan Width": 16, "Actual Min Startup Time": 0.187, "Actual Max Startup Time": 2.117, "Actual Min Total Time": 2743.561, "Actual Max Total Time": 3006.219, "Actual Total Rows": 37929348, "Plans": [{"Node Type": "Seq Scan", "Parent Relationship": "Outer", "Relation Name": "lineitem", "Alias": "l1", "Startup Cost": 0.0, "Total Cost": 96829.42, "Plan Rows": 19995678, "Plan Width": 16, "Actual Min Startup Time": 0.022, "Actual Max Startup Time": 0.06, "Actual Min Total Time": 431.074, "Actual Max Total Time": 522.621, "Actual Total Rows": 37929348, "Filter": "(l_receiptdate > l_commitdate), (LLVM Optimized, Jit Execute)", "Rows Removed by Filter": 22056704}]}, {"Node Type": "Hash", "Parent Relationship": "Inner", "Startup Cost": 178770.64, "Total Cost": 178770.64, "Plan Rows": 19995678, "Plan Width": 16, "Actual Min Startup Time": 1870.6, "Actual Max Startup Time": 2170.353, "Actual Min Total Time": 1870.6, "Actual Max Total Time": 2170.353, "Actual Total Rows": 37929348, "Max Hash Buckets": 524288, "Min Hash Buckets": 524288, "Max Hash Batches": 1, "Min Hash Batches": 1, "Max Original Hash Batches": 1, "Min Original Hash Batches": 1, "Max Peak Memory Usage": 27746, "min Peak Memory Usage": 27746, "Plans": [{"Node Type": "Streaming(type: LOCAL REDISTRIBUTE dop: 64/64)", "Parent Relationship": "Outer", "Startup Cost": 0.0, "Total Cost": 178770.64, "Plan Rows": 19995678, "Plan Width": 16, "Actual Min Startup Time": 0.107, "Actual Max Startup Time": 283.799, "Actual Min Total Time": 1596.76, "Actual Max Total Time": 1956.811, "Actual Total Rows": 37929348, "Plans": [{"Node Type": "Seq Scan", "Parent Relationship": "Outer", "Relation Name": "lineitem", "Alias": "l3", "Startup Cost": 0.0, "Total Cost": 96829.42, "Plan Rows": 19995678, "Plan Width": 16, "Actual Min Startup Time": 0.022, "Actual Max Startup Time": 0.05, "Actual Min Total Time": 453.051, "Actual Max Total Time": 583.951, "Actual Total Rows": 37929348, "Filter": "(l_receiptdate > l_commitdate), (LLVM Optimized, Jit Execute)", "Rows Removed by Filter": 22056704}]}]}]}]}, {"Node Type": "Hash", "Parent Relationship": "Inner", "Startup Cost": 2533.35, "Total Cost": 2533.35, "Plan Rows": 4000, "Plan Width": 34, "Actual Min Startup Time": 8.315, "Actual Max Startup Time": 8.315, "Actual Min Total Time": 8.315, "Actual Max Total Time": 8.315, "Actual Total Rows": 3981, "Max Hash Buckets": 32768, "Min Hash Buckets": 32768, "Max Hash Batches": 1, "Min Hash Batches": 1, "Max Original Hash Batches": 1, "Min Original Hash Batches": 1, "Max Peak Memory Usage": 280, "min Peak Memory Usage": 280, "Plans": [{"Node Type": "Nested Loop", "Parent Relationship": "Outer", "Join Type": "Inner", "Startup Cost": 95.25, "Total Cost": 2533.35, "Plan Rows": 4000, "Plan Width": 34, "Actual Min Startup Time": 1.141, "Actual Max Startup Time": 1.141, "Actual Min Total Time": 6.835, "Actual Max Total Time": 6.835, "Actual Total Rows": 3981, "Inner Unique": false, "Plans": [{"Node Type": "Seq Scan", "Parent Relationship": "Outer", "Relation Name": "nation", "Alias": "nation", "Startup Cost": 0.0, "Total Cost": 1.31, "Plan Rows": 1, "Plan Width": 4, "Actual Min Startup Time": 0.057, "Actual Max Startup Time": 0.057, "Actual Min Total Time": 0.072, "Actual Max Total Time": 0.072, "Actual Total Rows": 1, "Filter": "(n_name = 'EGYPT'::bpchar)", "Rows Removed by Filter": 24}, {"Node Type": "Bitmap Heap Scan", "Parent Relationship": "Inner", "Relation Name": "supplier", "Alias": "supplier", "Startup Cost": 95.25, "Total Cost": 2492.04, "Plan Rows": 4000, "Plan Width": 38, "Actual Min Startup Time": 1.065, "Actual Max Startup Time": 1.065, "Actual Min Total Time": 5.925, "Actual Max Total Time": 5.925, "Actual Total Rows": 3981, "Recheck Cond": "(s_nationkey = nation.n_nationkey)", "Rows Removed by Index Recheck": 0, "Exact Heap Blocks": 1918, "Lossy Heap Blocks": 1918, "Plans": [{"Node Type": "Bitmap Index Scan", "Parent Relationship": "Outer", "Index Name": "idx_supplier_nation_key", "Startup Cost": 0.0, "Total Cost": 94.25, "Plan Rows": 4000, "Plan Width": 0, "Actual Min Startup Time": 0.751, "Actual Max Startup Time": 0.751, "Actual Min Total Time": 0.751, "Actual Max Total Time": 0.751, "Actual Total Rows": 3981, "Index Cond": "(s_nationkey = nation.n_nationkey)"}]}]}]}]}, {"Node Type": "Bitmap Heap Scan", "Parent Relationship": "Inner", "Relation Name": "lineitem", "Alias": "l2", "Startup Cost": 0.82, "Total Cost": 8.95, "Plan Rows": 9, "Plan Width": 16, "Actual Min Startup Time": 1418.438, "Actual Max Startup Time": 1418.438, "Actual Min Total Time": 1418.438, "Actual Max Total Time": 1418.438, "Actual Total Rows": 80537, "Recheck Cond": "(l_orderkey = l1.l_orderkey)", "Rows Removed by Index Recheck": 0, "Filter": "(l_suppkey <> l1.l_suppkey)", "Rows Removed by Filter": 85912, "Exact Heap Blocks": 135868, "Lossy Heap Blocks": 135868, "Plans": [{"Node Type": "Bitmap Index Scan", "Parent Relationship": "Outer", "Index Name": "idx_lineitem_orderkey", "Startup Cost": 0.0, "Total Cost": 0.82, "Plan Rows": 9, "Plan Width": 0, "Actual Min Startup Time": 846.578, "Actual Max Startup Time": 846.578, "Actual Min Total Time": 846.578, "Actual Max Total Time": 846.578, "Actual Total Rows": 287712, "Index Cond": "(l_orderkey = l1.l_orderkey)"}]}]}, {"Node Type": "Bitmap Heap Scan", "Parent Relationship": "Inner", "Relation Name": "orders", "Alias": "orders", "Startup Cost": 0.6, "Total Cost": 4.61, "Plan Rows": 1, "Plan Width": 8, "Actual Min Startup Time": 649.326, "Actual Max Startup Time": 649.326, "Actual Min Total Time": 649.326, "Actual Max Total Time": 649.326, "Actual Total Rows": 39445, "Recheck Cond": "(o_orderkey = l2.l_orderkey)", "Rows Removed by Index Recheck": 0, "Filter": "(o_orderstatus = 'F'::bpchar)", "Rows Removed by Filter": 41092, "Exact Heap Blocks": 80537, "Lossy Heap Blocks": 80537, "Plans": [{"Node Type": "Bitmap Index Scan", "Parent Relationship": "Outer", "Index Name": "orders_pkey", "Startup Cost": 0.0, "Total Cost": 0.6, "Plan Rows": 1, "Plan Width": 0, "Actual Min Startup Time": 405.033, "Actual Max Startup Time": 405.033, "Actual Min Total Time": 405.033, "Actual Max Total Time": 405.033, "Actual Total Rows": 80537, "Index Cond": "(o_orderkey = l2.l_orderkey)"}]}]}]}]}]}, "Triggers": [], "Planner Runtime": 19.277, "Total Runtime": 6865.707, "Unique SQL Id": 3870093320}}, "(64, 67)": {"explain_plan": {"Plan": {"Node Type": "Limit", "Startup Cost": 3882163.35, "Total Cost": 3882163.6, "Plan Rows": 100, "Plan Width": 34, "Plans": [{"Node Type": "Sort", "Parent Relationship": "Outer", "Startup Cost": 3882163.35, "Total Cost": 3882186.28, "Plan Rows": 100, "Plan Width": 34, "Sort Key": ["(count(*)) DESC", "supplier.s_name"], "Plans": [{"Node Type": "Aggregate", "Strategy": "Hashed", "Parent Relationship": "Outer", "Startup Cost": 3881721.08, "Total Cost": 3881812.8, "Plan Rows": 9172, "Plan Width": 34, "Group By Key": ["supplier.s_name"], "Plans": [{"Node Type": "Nested Loop", "Parent Relationship": "Outer", "Join Type": "Inner", "Startup Cost": 1232631.31, "Total Cost": 3881675.22, "Plan Rows": 9172, "Plan Width": 26, "Inner Unique": true, "Join Filter": "(l1.l_orderkey = orders.o_orderkey)", "Plans": [{"Node Type": "Nested Loop", "Parent Relationship": "Outer", "Join Type": "Semi", "Startup Cost": 1232630.71, "Total Cost": 3848114.46, "Plan Rows": 7254, "Plan Width": 42, "Inner Unique": false, "Plans": [{"Node Type": "Nested Loop", "Parent Relationship": "Outer", "Join Type": "Anti", "Startup Cost": 1232629.88, "Total Cost": 3832935.91, "Plan Rows": 7635, "Plan Width": 42, "Inner Unique": false, "Plans": [{"Node Type": "Hash Join", "Parent Relationship": "Outer", "Join Type": "Inner", "Startup Cost": 1232629.06, "Total Cost": 3474222.84, "Plan Rows": 152707, "Plan Width": 42, "Inner Unique": false, "Hash Cond": "(l1.l_suppkey = supplier.s_suppkey), (LLVM Optimized)", "Plans": [{"Node Type": "Bitmap Heap Scan", "Parent Relationship": "Outer", "Relation Name": "lineitem", "Alias": "l1", "Startup Cost": 1230034.33, "Total Cost": 3395117.25, "Plan Rows": 19995678, "Plan Width": 16, "Filter": "(l_receiptdate > l_commitdate), (LLVM Optimized)", "Plans": [{"Node Type": "Bitmap Index Scan", "Parent Relationship": "Outer", "Index Name": "idx_lineitem_orderkey", "Startup Cost": 0.0, "Total Cost": 1225035.42, "Plan Rows": 59987033, "Plan Width": 0}]}, {"Node Type": "Hash", "Parent Relationship": "Inner", "Startup Cost": 2544.73, "Total Cost": 2544.73, "Plan Rows": 4000, "Plan Width": 34, "Plans": [{"Node Type": "Nested Loop", "Parent Relationship": "Outer", "Join Type": "Inner", "Startup Cost": 103.63, "Total Cost": 2544.73, "Plan Rows": 4000, "Plan Width": 34, "Inner Unique": false, "Plans": [{"Node Type": "Bitmap Heap Scan", "Parent Relationship": "Outer", "Relation Name": "nation", "Alias": "nation", "Startup Cost": 8.38, "Total Cost": 12.69, "Plan Rows": 1, "Plan Width": 4, "Filter": "(n_name = 'EGYPT'::bpchar)", "Plans": [{"Node Type": "Bitmap Index Scan", "Parent Relationship": "Outer", "Index Name": "nation_pkey", "Startup Cost": 0.0, "Total Cost": 8.38, "Plan Rows": 25, "Plan Width": 0}]}, {"Node Type": "Bitmap Heap Scan", "Parent Relationship": "Inner", "Relation Name": "supplier", "Alias": "supplier", "Startup Cost": 95.25, "Total Cost": 2492.04, "Plan Rows": 4000, "Plan Width": 38, "Recheck Cond": "(s_nationkey = nation.n_nationkey)", "Plans": [{"Node Type": "Bitmap Index Scan", "Parent Relationship": "Outer", "Index Name": "idx_supplier_nation_key", "Startup Cost": 0.0, "Total Cost": 94.25, "Plan Rows": 4000, "Plan Width": 0, "Index Cond": "(s_nationkey = nation.n_nationkey)"}]}]}]}]}, {"Node Type": "Bitmap Heap Scan", "Parent Relationship": "Inner", "Relation Name": "lineitem", "Alias": "l3", "Startup Cost": 0.82, "Total Cost": 8.97, "Plan Rows": 3, "Plan Width": 16, "Recheck Cond": "(l_orderkey = l1.l_orderkey)", "Filter": "((l_receiptdate > l_commitdate) AND (l_suppkey <> l1.l_suppkey))", "Plans": [{"Node Type": "Bitmap Index Scan", "Parent Relationship": "Outer", "Index Name": "idx_lineitem_orderkey", "Startup Cost": 0.0, "Total Cost": 0.82, "Plan Rows": 9, "Plan Width": 0, "Index Cond": "(l_orderkey = l1.l_orderkey)"}]}]}, {"Node Type": "Bitmap Heap Scan", "Parent Relationship": "Inner", "Relation Name": "lineitem", "Alias": "l2", "Startup Cost": 0.82, "Total Cost": 8.95, "Plan Rows": 9, "Plan Width": 16, "Recheck Cond": "(l_orderkey = l1.l_orderkey)", "Filter": "(l_suppkey <> l1.l_suppkey)", "Plans": [{"Node Type": "Bitmap Index Scan", "Parent Relationship": "Outer", "Index Name": "idx_lineitem_orderkey", "Startup Cost": 0.0, "Total Cost": 0.82, "Plan Rows": 9, "Plan Width": 0, "Index Cond": "(l_orderkey = l1.l_orderkey)"}]}]}, {"Node Type": "Bitmap Heap Scan", "Parent Relationship": "Inner", "Relation Name": "orders", "Alias": "orders", "Startup Cost": 0.6, "Total Cost": 4.61, "Plan Rows": 1, "Plan Width": 8, "Recheck Cond": "(o_orderkey = l2.l_orderkey)", "Filter": "(o_orderstatus = 'F'::bpchar)", "Plans": [{"Node Type": "Bitmap Index Scan", "Parent Relationship": "Outer", "Index Name": "orders_pkey", "Startup Cost": 0.0, "Total Cost": 0.6, "Plan Rows": 1, "Plan Width": 0, "Index Cond": "(o_orderkey = l2.l_orderkey)"}]}]}]}]}]}, "Unique SQL Id": 3870093320}, "explain_analyze_plan": null}, "(64, 68)": {"explain_plan": {"Plan": {"Node Type": "Limit", "Startup Cost": 228671.11, "Total Cost": 228671.36, "Plan Rows": 100, "Plan Width": 34, "Plans": [{"Node Type": "Sort", "Parent Relationship": "Outer", "Startup Cost": 228671.11, "Total Cost": 228694.04, "Plan Rows": 100, "Plan Width": 34, "Sort Key": ["(count(*)) DESC", "supplier.s_name"], "Plans": [{"Node Type": "Aggregate", "Strategy": "Hashed", "Parent Relationship": "Outer", "Startup Cost": 228228.84, "Total Cost": 228320.56, "Plan Rows": 9172, "Plan Width": 34, "Group By Key": ["supplier.s_name"], "Plans": [{"Node Type": "Nested Loop", "Parent Relationship": "Outer", "Join Type": "Inner", "Startup Cost": 70864.6, "Total Cost": 228182.98, "Plan Rows": 9172, "Plan Width": 26, "Inner Unique": true, "Join Filter": "(l1.l_orderkey = orders.o_orderkey)", "Plans": [{"Node Type": "Nested Loop", "Parent Relationship": "Outer", "Join Type": "Semi", "Startup Cost": 70864.6, "Total Cost": 221082.61, "Plan Rows": 7254, "Plan Width": 42, "Inner Unique": false, "Plans": [{"Node Type": "Nested Loop", "Parent Relationship": "Outer", "Join Type": "Anti", "Startup Cost": 70864.6, "Total Cost": 219227.05, "Plan Rows": 7635, "Plan Width": 42, "Inner Unique": false, "Plans": [{"Node Type": "Streaming(type: LOCAL GATHER dop: 1/64)", "Parent Relationship": "Outer", "Startup Cost": 70864.6, "Total Cost": 172039.83, "Plan Rows": 152707, "Plan Width": 42, "Plans": [{"Node Type": "Hash Join", "Parent Relationship": "Outer", "Join Type": "Inner", "Startup Cost": 70864.6, "Total Cost": 168889.5, "Plan Rows": 152707, "Plan Width": 42, "Inner Unique": false, "Hash Cond": "(l1.l_suppkey = supplier.s_suppkey), (LLVM Optimized)", "Plans": [{"Node Type": "Seq Scan", "Parent Relationship": "Outer", "Relation Name": "lineitem", "Alias": "l1", "Startup Cost": 0.0, "Total Cost": 96829.42, "Plan Rows": 19995678, "Plan Width": 16, "Filter": "(l_receiptdate > l_commitdate), (LLVM Optimized)"}, {"Node Type": "Hash", "Parent Relationship": "Inner", "Startup Cost": 70814.6, "Total Cost": 70814.6, "Plan Rows": 256000, "Plan Width": 34, "Plans": [{"Node Type": "Streaming(type: BROADCAST dop: 64/1)", "Parent Relationship": "Outer", "Startup Cost": 95.25, "Total Cost": 70814.6, "Plan Rows": 256000, "Plan Width": 34, "Plans": [{"Node Type": "Nested Loop", "Parent Relationship": "Outer", "Join Type": "Inner", "Startup Cost": 95.25, "Total Cost": 2533.35, "Plan Rows": 4000, "Plan Width": 34, "Inner Unique": false, "Plans": [{"Node Type": "Seq Scan", "Parent Relationship": "Outer", "Relation Name": "nation", "Alias": "nation", "Startup Cost": 0.0, "Total Cost": 1.31, "Plan Rows": 1, "Plan Width": 4, "Filter": "(n_name = 'EGYPT'::bpchar)"}, {"Node Type": "Bitmap Heap Scan", "Parent Relationship": "Inner", "Relation Name": "supplier", "Alias": "supplier", "Startup Cost": 95.25, "Total Cost": 2492.04, "Plan Rows": 4000, "Plan Width": 38, "Recheck Cond": "(s_nationkey = nation.n_nationkey)", "Plans": [{"Node Type": "Bitmap Index Scan", "Parent Relationship": "Outer", "Index Name": "idx_supplier_nation_key", "Startup Cost": 0.0, "Total Cost": 94.25, "Plan Rows": 4000, "Plan Width": 0, "Index Cond": "(s_nationkey = nation.n_nationkey)"}]}]}]}]}]}]}, {"Node Type": "Index Scan", "Parent Relationship": "Inner", "Scan Direction": "Forward", "Index Name": "idx_lineitem_orderkey", "Relation Name": "lineitem", "Alias": "l3", "Startup Cost": 0.0, "Total Cost": 1.63, "Plan Rows": 3, "Plan Width": 16, "Index Cond": "(l_orderkey = l1.l_orderkey)", "Filter": "((l_receiptdate > l_commitdate) AND (l_suppkey <> l1.l_suppkey))"}]}, {"Node Type": "Index Scan", "Parent Relationship": "Inner", "Scan Direction": "Forward", "Index Name": "idx_lineitem_orderkey", "Relation Name": "lineitem", "Alias": "l2", "Startup Cost": 0.0, "Total Cost": 1.63, "Plan Rows": 9, "Plan Width": 16, "Index Cond": "(l_orderkey = l1.l_orderkey)", "Filter": "(l_suppkey <> l1.l_suppkey)"}]}, {"Node Type": "Index Scan", "Parent Relationship": "Inner", "Scan Direction": "Forward", "Index Name": "orders_pkey", "Relation Name": "orders", "Alias": "orders", "Startup Cost": 0.0, "Total Cost": 0.97, "Plan Rows": 1, "Plan Width": 8, "Index Cond": "(o_orderkey = l2.l_orderkey)", "Filter": "(o_orderstatus = 'F'::bpchar)"}]}]}]}]}, "Unique SQL Id": 3870093320}, "explain_analyze_plan": {"Plan": {"Node Type": "Limit", "Startup Cost": 228671.11, "Total Cost": 228671.36, "Plan Rows": 100, "Plan Width": 34, "Actual Min Startup Time": 12866.621, "Actual Max Startup Time": 12866.621, "Actual Min Total Time": 12866.642, "Actual Max Total Time": 12866.642, "Actual Total Rows": 100, "Plans": [{"Node Type": "Sort", "Parent Relationship": "Outer", "Startup Cost": 228671.11, "Total Cost": 228694.04, "Plan Rows": 100, "Plan Width": 34, "Actual Min Startup Time": 12866.617, "Actual Max Startup Time": 12866.617, "Actual Min Total Time": 12866.628, "Actual Max Total Time": 12866.628, "Actual Total Rows": 100, "Sort Key": ["(count(*)) DESC", "supplier.s_name"], "Sort Method": "top-N heapsort", "Sort Space Min Used": 41, "Sort Space Max Used": 41, "Sort Space Type": "Memory", "Plans": [{"Node Type": "Aggregate", "Strategy": "Hashed", "Parent Relationship": "Outer", "Startup Cost": 228228.84, "Total Cost": 228320.56, "Plan Rows": 9172, "Plan Width": 34, "Actual Min Startup Time": 12863.299, "Actual Max Startup Time": 12863.299, "Actual Min Total Time": 12864.519, "Actual Max Total Time": 12864.519, "Actual Total Rows": 3981, "Group By Key": ["supplier.s_name"], "Plans": [{"Node Type": "Nested Loop", "Parent Relationship": "Outer", "Join Type": "Inner", "Startup Cost": 70864.6, "Total Cost": 228182.98, "Plan Rows": 9172, "Plan Width": 26, "Actual Min Startup Time": 321.296, "Actual Max Startup Time": 321.296, "Actual Min Total Time": 12810.71, "Actual Max Total Time": 12810.71, "Actual Total Rows": 39445, "Inner Unique": true, "Join Filter": "(l1.l_orderkey = orders.o_orderkey)", "Rows Removed by Join Filter": 0, "Plans": [{"Node Type": "Nested Loop", "Parent Relationship": "Outer", "Join Type": "Semi", "Startup Cost": 70864.6, "Total Cost": 221082.61, "Plan Rows": 7254, "Plan Width": 42, "Actual Min Startup Time": 321.137, "Actual Max Startup Time": 321.137, "Actual Min Total Time": 12228.446, "Actual Max Total Time": 12228.446, "Actual Total Rows": 80537, "Inner Unique": false, "Plans": [{"Node Type": "Nested Loop", "Parent Relationship": "Outer", "Join Type": "Anti", "Startup Cost": 70864.6, "Total Cost": 219227.05, "Plan Rows": 7635, "Plan Width": 42, "Actual Min Startup Time": 320.888, "Actual Max Startup Time": 320.888, "Actual Min Total Time": 11631.181, "Actual Max Total Time": 11631.181, "Actual Total Rows": 135110, "Inner Unique": false, "Plans": [{"Node Type": "Streaming(type: LOCAL GATHER dop: 1/64)", "Parent Relationship": "Outer", "Startup Cost": 70864.6, "Total Cost": 172039.83, "Plan Rows": 152707, "Plan Width": 42, "Actual Min Startup Time": 320.789, "Actual Max Startup Time": 320.789, "Actual Min Total Time": 1148.491, "Actual Max Total Time": 1148.491, "Actual Total Rows": 1511024, "Plans": [{"Node Type": "Hash Join", "Parent Relationship": "Outer", "Join Type": "Inner", "Startup Cost": 70864.6, "Total Cost": 168889.5, "Plan Rows": 152707, "Plan Width": 42, "Actual Min Startup Time": 121.617, "Actual Max Startup Time": 246.073, "Actual Min Total Time": 668.067, "Actual Max Total Time": 800.781, "Actual Total Rows": 1511024, "Inner Unique": false, "Hash Cond": "(l1.l_suppkey = supplier.s_suppkey), (LLVM Optimized, Jit Execute)", "Plans": [{"Node Type": "Seq Scan", "Parent Relationship": "Outer", "Relation Name": "lineitem", "Alias": "l1", "Startup Cost": 0.0, "Total Cost": 96829.42, "Plan Rows": 19995678, "Plan Width": 16, "Actual Min Startup Time": 0.021, "Actual Max Startup Time": 0.048, "Actual Min Total Time": 402.886, "Actual Max Total Time": 424.103, "Actual Total Rows": 37929348, "Filter": "(l_receiptdate > l_commitdate), (LLVM Optimized, Jit Execute)", "Rows Removed by Filter": 22056704}, {"Node Type": "Hash", "Parent Relationship": "Inner", "Startup Cost": 70814.6, "Total Cost": 70814.6, "Plan Rows": 256000, "Plan Width": 34, "Actual Min Startup Time": 121.517, "Actual Max Startup Time": 245.924, "Actual Min Total Time": 121.517, "Actual Max Total Time": 245.924, "Actual Total Rows": 254784, "Max Hash Buckets": 32768, "Min Hash Buckets": 32768, "Max Hash Batches": 1, "Min Hash Batches": 1, "Max Original Hash Batches": 1, "Min Original Hash Batches": 1, "Max Peak Memory Usage": 280, "min Peak Memory Usage": 280, "Plans": [{"Node Type": "Streaming(type: BROADCAST dop: 64/1)", "Parent Relationship": "Outer", "Startup Cost": 95.25, "Total Cost": 70814.6, "Plan Rows": 256000, "Plan Width": 34, "Actual Min Startup Time": 0.028, "Actual Max Startup Time": 5.142, "Actual Min Total Time": 120.402, "Actual Max Total Time": 244.779, "Actual Total Rows": 254784, "Plans": [{"Node Type": "Nested Loop", "Parent Relationship": "Outer", "Join Type": "Inner", "Startup Cost": 95.25, "Total Cost": 2533.35, "Plan Rows": 4000, "Plan Width": 34, "Actual Min Startup Time": 1.073, "Actual Max Startup Time": 1.073, "Actual Min Total Time": 7.094, "Actual Max Total Time": 7.094, "Actual Total Rows": 3981, "Inner Unique": false, "Plans": [{"Node Type": "Seq Scan", "Parent Relationship": "Outer", "Relation Name": "nation", "Alias": "nation", "Startup Cost": 0.0, "Total Cost": 1.31, "Plan Rows": 1, "Plan Width": 4, "Actual Min Startup Time": 0.039, "Actual Max Startup Time": 0.039, "Actual Min Total Time": 0.062, "Actual Max Total Time": 0.062, "Actual Total Rows": 1, "Filter": "(n_name = 'EGYPT'::bpchar)", "Rows Removed by Filter": 24}, {"Node Type": "Bitmap Heap Scan", "Parent Relationship": "Inner", "Relation Name": "supplier", "Alias": "supplier", "Startup Cost": 95.25, "Total Cost": 2492.04, "Plan Rows": 4000, "Plan Width": 38, "Actual Min Startup Time": 1.024, "Actual Max Startup Time": 1.024, "Actual Min Total Time": 6.258, "Actual Max Total Time": 6.258, "Actual Total Rows": 3981, "Recheck Cond": "(s_nationkey = nation.n_nationkey)", "Rows Removed by Index Recheck": 0, "Exact Heap Blocks": 0, "Lossy Heap Blocks": 0, "Plans": [{"Node Type": "Bitmap Index Scan", "Parent Relationship": "Outer", "Index Name": "idx_supplier_nation_key", "Startup Cost": 0.0, "Total Cost": 94.25, "Plan Rows": 4000, "Plan Width": 0, "Actual Min Startup Time": 0.694, "Actual Max Startup Time": 0.694, "Actual Min Total Time": 0.694, "Actual Max Total Time": 0.694, "Actual Total Rows": 3981, "Index Cond": "(s_nationkey = nation.n_nationkey)"}]}]}]}]}]}]}, {"Node Type": "Index Scan", "Parent Relationship": "Inner", "Scan Direction": "Forward", "Index Name": "idx_lineitem_orderkey", "Relation Name": "lineitem", "Alias": "l3", "Startup Cost": 0.0, "Total Cost": 1.63, "Plan Rows": 3, "Plan Width": 16, "Actual Min Startup Time": 9467.156, "Actual Max Startup Time": 9467.156, "Actual Min Total Time": 9467.156, "Actual Max Total Time": 9467.156, "Actual Total Rows": 1375914, "Index Cond": "(l_orderkey = l1.l_orderkey)", "Rows Removed by Index Recheck": 0, "Filter": "((l_receiptdate > l_commitdate) AND (l_suppkey <> l1.l_suppkey))", "Rows Removed by Filter": 1348115}]}, {"Node Type": "Index Scan", "Parent Relationship": "Inner", "Scan Direction": "Forward", "Index Name": "idx_lineitem_orderkey", "Relation Name": "lineitem", "Alias": "l2", "Startup Cost": 0.0, "Total Cost": 1.63, "Plan Rows": 9, "Plan Width": 16, "Actual Min Startup Time": 498.704, "Actual Max Startup Time": 498.704, "Actual Min Total Time": 498.704, "Actual Max Total Time": 498.704, "Actual Total Rows": 80537, "Index Cond": "(l_orderkey = l1.l_orderkey)", "Rows Removed by Index Recheck": 0, "Filter": "(l_suppkey <> l1.l_suppkey)", "Rows Removed by Filter": 85912}]}, {"Node Type": "Index Scan", "Parent Relationship": "Inner", "Scan Direction": "Forward", "Index Name": "orders_pkey", "Relation Name": "orders", "Alias": "orders", "Startup Cost": 0.0, "Total Cost": 0.97, "Plan Rows": 1, "Plan Width": 8, "Actual Min Startup Time": 517.398, "Actual Max Startup Time": 517.398, "Actual Min Total Time": 517.398, "Actual Max Total Time": 517.398, "Actual Total Rows": 39445, "Index Cond": "(o_orderkey = l2.l_orderkey)", "Rows Removed by Index Recheck": 0, "Filter": "(o_orderstatus = 'F'::bpchar)", "Rows Removed by Filter": 41092}]}]}]}]}, "Triggers": [], "Planner Runtime": 15.081, "Total Runtime": 12890.496, "Unique SQL Id": 3870093320}}, "(64, 69)": {"explain_plan": {"Plan": {"Node Type": "Limit", "Startup Cost": 2846852.7, "Total Cost": 2846852.95, "Plan Rows": 100, "Plan Width": 34, "Plans": [{"Node Type": "Sort", "Parent Relationship": "Outer", "Startup Cost": 2846852.7, "Total Cost": 2846875.63, "Plan Rows": 100, "Plan Width": 34, "Sort Key": ["(count(*)) DESC", "supplier.s_name"], "Plans": [{"Node Type": "Aggregate", "Strategy": "Hashed", "Parent Relationship": "Outer", "Startup Cost": 2846410.43, "Total Cost": 2846502.15, "Plan Rows": 9172, "Plan Width": 34, "Group By Key": ["supplier.s_name"], "Plans": [{"Node Type": "Nested Loop", "Parent Relationship": "Outer", "Join Type": "Inner", "Startup Cost": 70875.98, "Total Cost": 2846364.57, "Plan Rows": 9172, "Plan Width": 26, "Inner Unique": true, "Join Filter": "(l1.l_orderkey = orders.o_orderkey)", "Plans": [{"Node Type": "Nested Loop", "Parent Relationship": "Outer", "Join Type": "Semi", "Startup Cost": 70875.98, "Total Cost": 2839264.2, "Plan Rows": 7254, "Plan Width": 42, "Inner Unique": false, "Plans": [{"Node Type": "Nested Loop", "Parent Relationship": "Outer", "Join Type": "Anti", "Startup Cost": 70875.98, "Total Cost": 2837408.63, "Plan Rows": 7635, "Plan Width": 42, "Inner Unique": false, "Plans": [{"Node Type": "Streaming(type: LOCAL GATHER dop: 1/64)", "Parent Relationship": "Outer", "Startup Cost": 70875.98, "Total Cost": 2790221.42, "Plan Rows": 152707, "Plan Width": 42, "Plans": [{"Node Type": "Hash Join", "Parent Relationship": "Outer", "Join Type": "Inner", "Startup Cost": 70875.98, "Total Cost": 2787071.09, "Plan Rows": 152707, "Plan Width": 42, "Inner Unique": false, "Hash Cond": "(l1.l_suppkey = supplier.s_suppkey), (LLVM Optimized)", "Plans": [{"Node Type": "Index Scan", "Parent Relationship": "Outer", "Scan Direction": "Forward", "Index Name": "idx_lineitem_orderkey", "Relation Name": "lineitem", "Alias": "l1", "Startup Cost": 0.0, "Total Cost": 2714999.63, "Plan Rows": 19995678, "Plan Width": 16, "Filter": "(l_receiptdate > l_commitdate), (LLVM Optimized)"}, {"Node Type": "Hash", "Parent Relationship": "Inner", "Startup Cost": 70825.98, "Total Cost": 70825.98, "Plan Rows": 256000, "Plan Width": 34, "Plans": [{"Node Type": "Streaming(type: BROADCAST dop: 64/1)", "Parent Relationship": "Outer", "Startup Cost": 95.25, "Total Cost": 70825.98, "Plan Rows": 256000, "Plan Width": 34, "Plans": [{"Node Type": "Nested Loop", "Parent Relationship": "Outer", "Join Type": "Inner", "Startup Cost": 95.25, "Total Cost": 2544.73, "Plan Rows": 4000, "Plan Width": 34, "Inner Unique": false, "Plans": [{"Node Type": "Index Scan", "Parent Relationship": "Outer", "Scan Direction": "Forward", "Index Name": "nation_pkey", "Relation Name": "nation", "Alias": "nation", "Startup Cost": 0.0, "Total Cost": 12.69, "Plan Rows": 1, "Plan Width": 4, "Filter": "(n_name = 'EGYPT'::bpchar)"}, {"Node Type": "Bitmap Heap Scan", "Parent Relationship": "Inner", "Relation Name": "supplier", "Alias": "supplier", "Startup Cost": 95.25, "Total Cost": 2492.04, "Plan Rows": 4000, "Plan Width": 38, "Recheck Cond": "(s_nationkey = nation.n_nationkey)", "Plans": [{"Node Type": "Bitmap Index Scan", "Parent Relationship": "Outer", "Index Name": "idx_supplier_nation_key", "Startup Cost": 0.0, "Total Cost": 94.25, "Plan Rows": 4000, "Plan Width": 0, "Index Cond": "(s_nationkey = nation.n_nationkey)"}]}]}]}]}]}]}, {"Node Type": "Index Scan", "Parent Relationship": "Inner", "Scan Direction": "Forward", "Index Name": "idx_lineitem_orderkey", "Relation Name": "lineitem", "Alias": "l3", "Startup Cost": 0.0, "Total Cost": 1.63, "Plan Rows": 3, "Plan Width": 16, "Index Cond": "(l_orderkey = l1.l_orderkey)", "Filter": "((l_receiptdate > l_commitdate) AND (l_suppkey <> l1.l_suppkey))"}]}, {"Node Type": "Index Scan", "Parent Relationship": "Inner", "Scan Direction": "Forward", "Index Name": "idx_lineitem_orderkey", "Relation Name": "lineitem", "Alias": "l2", "Startup Cost": 0.0, "Total Cost": 1.63, "Plan Rows": 9, "Plan Width": 16, "Index Cond": "(l_orderkey = l1.l_orderkey)", "Filter": "(l_suppkey <> l1.l_suppkey)"}]}, {"Node Type": "Index Scan", "Parent Relationship": "Inner", "Scan Direction": "Forward", "Index Name": "orders_pkey", "Relation Name": "orders", "Alias": "orders", "Startup Cost": 0.0, "Total Cost": 0.97, "Plan Rows": 1, "Plan Width": 8, "Index Cond": "(o_orderkey = l2.l_orderkey)", "Filter": "(o_orderstatus = 'F'::bpchar)"}]}]}]}]}, "Unique SQL Id": 3870093320}, "explain_analyze_plan": {"Plan": {"Node Type": "Limit", "Startup Cost": 2846852.7, "Total Cost": 2846852.95, "Plan Rows": 100, "Plan Width": 34, "Actual Min Startup Time": 14119.717, "Actual Max Startup Time": 14119.717, "Actual Min Total Time": 14119.737, "Actual Max Total Time": 14119.737, "Actual Total Rows": 100, "Plans": [{"Node Type": "Sort", "Parent Relationship": "Outer", "Startup Cost": 2846852.7, "Total Cost": 2846875.63, "Plan Rows": 100, "Plan Width": 34, "Actual Min Startup Time": 14119.713, "Actual Max Startup Time": 14119.713, "Actual Min Total Time": 14119.719, "Actual Max Total Time": 14119.719, "Actual Total Rows": 100, "Sort Key": ["(count(*)) DESC", "supplier.s_name"], "Sort Method": "top-N heapsort", "Sort Space Min Used": 41, "Sort Space Max Used": 41, "Sort Space Type": "Memory", "Plans": [{"Node Type": "Aggregate", "Strategy": "Hashed", "Parent Relationship": "Outer", "Startup Cost": 2846410.43, "Total Cost": 2846502.15, "Plan Rows": 9172, "Plan Width": 34, "Actual Min Startup Time": 14116.34, "Actual Max Startup Time": 14116.34, "Actual Min Total Time": 14117.647, "Actual Max Total Time": 14117.647, "Actual Total Rows": 3981, "Group By Key": ["supplier.s_name"], "Plans": [{"Node Type": "Nested Loop", "Parent Relationship": "Outer", "Join Type": "Inner", "Startup Cost": 70875.98, "Total Cost": 2846364.57, "Plan Rows": 9172, "Plan Width": 26, "Actual Min Startup Time": 815.129, "Actual Max Startup Time": 815.129, "Actual Min Total Time": 14059.159, "Actual Max Total Time": 14059.159, "Actual Total Rows": 39445, "Inner Unique": true, "Join Filter": "(l1.l_orderkey = orders.o_orderkey)", "Rows Removed by Join Filter": 0, "Plans": [{"Node Type": "Nested Loop", "Parent Relationship": "Outer", "Join Type": "Semi", "Startup Cost": 70875.98, "Total Cost": 2839264.2, "Plan Rows": 7254, "Plan Width": 42, "Actual Min Startup Time": 815.101, "Actual Max Startup Time": 815.101, "Actual Min Total Time": 13358.527, "Actual Max Total Time": 13358.527, "Actual Total Rows": 80537, "Inner Unique": false, "Plans": [{"Node Type": "Nested Loop", "Parent Relationship": "Outer", "Join Type": "Anti", "Startup Cost": 70875.98, "Total Cost": 2837408.63, "Plan Rows": 7635, "Plan Width": 42, "Actual Min Startup Time": 815.089, "Actual Max Startup Time": 815.089, "Actual Min Total Time": 12762.463, "Actual Max Total Time": 12762.463, "Actual Total Rows": 135110, "Inner Unique": false, "Plans": [{"Node Type": "Streaming(type: LOCAL GATHER dop: 1/64)", "Parent Relationship": "Outer", "Startup Cost": 70875.98, "Total Cost": 2790221.42, "Plan Rows": 152707, "Plan Width": 42, "Actual Min Startup Time": 814.659, "Actual Max Startup Time": 814.659, "Actual Min Total Time": 1782.848, "Actual Max Total Time": 1782.848, "Actual Total Rows": 1511024, "Plans": [{"Node Type": "Hash Join", "Parent Relationship": "Outer", "Join Type": "Inner", "Startup Cost": 70875.98, "Total Cost": 2787071.09, "Plan Rows": 152707, "Plan Width": 42, "Actual Min Startup Time": 598.254, "Actual Max Startup Time": 727.718, "Actual Min Total Time": 1399.128, "Actual Max Total Time": 1628.166, "Actual Total Rows": 1511024, "Inner Unique": false, "Hash Cond": "(l1.l_suppkey = supplier.s_suppkey), (LLVM Optimized, Jit Execute)", "Plans": [{"Node Type": "Index Scan", "Parent Relationship": "Outer", "Scan Direction": "Forward", "Index Name": "idx_lineitem_orderkey", "Relation Name": "lineitem", "Alias": "l1", "Startup Cost": 0.0, "Total Cost": 2714999.63, "Plan Rows": 19995678, "Plan Width": 16, "Actual Min Startup Time": 471.178, "Actual Max Startup Time": 471.721, "Actual Min Total Time": 1129.758, "Actual Max Total Time": 1291.227, "Actual Total Rows": 37929348, "Filter": "(l_receiptdate > l_commitdate), (LLVM Optimized, Jit Execute)", "Rows Removed by Filter": 22056704}, {"Node Type": "Hash", "Parent Relationship": "Inner", "Startup Cost": 70825.98, "Total Cost": 70825.98, "Plan Rows": 256000, "Plan Width": 34, "Actual Min Startup Time": 126.512, "Actual Max Startup Time": 256.207, "Actual Min Total Time": 126.512, "Actual Max Total Time": 256.207, "Actual Total Rows": 254784, "Max Hash Buckets": 32768, "Min Hash Buckets": 32768, "Max Hash Batches": 1, "Min Hash Batches": 1, "Max Original Hash Batches": 1, "Min Original Hash Batches": 1, "Max Peak Memory Usage": 280, "min Peak Memory Usage": 280, "Plans": [{"Node Type": "Streaming(type: BROADCAST dop: 64/1)", "Parent Relationship": "Outer", "Startup Cost": 95.25, "Total Cost": 70825.98, "Plan Rows": 256000, "Plan Width": 34, "Actual Min Startup Time": 0.026, "Actual Max Startup Time": 3.984, "Actual Min Total Time": 125.506, "Actual Max Total Time": 255.076, "Actual Total Rows": 254784, "Plans": [{"Node Type": "Nested Loop", "Parent Relationship": "Outer", "Join Type": "Inner", "Startup Cost": 95.25, "Total Cost": 2544.73, "Plan Rows": 4000, "Plan Width": 34, "Actual Min Startup Time": 1.031, "Actual Max Startup Time": 1.031, "Actual Min Total Time": 7.098, "Actual Max Total Time": 7.098, "Actual Total Rows": 3981, "Inner Unique": false, "Plans": [{"Node Type": "Index Scan", "Parent Relationship": "Outer", "Scan Direction": "Forward", "Index Name": "nation_pkey", "Relation Name": "nation", "Alias": "nation", "Startup Cost": 0.0, "Total Cost": 12.69, "Plan Rows": 1, "Plan Width": 4, "Actual Min Startup Time": 0.048, "Actual Max Startup Time": 0.048, "Actual Min Total Time": 0.079, "Actual Max Total Time": 0.079, "Actual Total Rows": 1, "Filter": "(n_name = 'EGYPT'::bpchar)", "Rows Removed by Filter": 24}, {"Node Type": "Bitmap Heap Scan", "Parent Relationship": "Inner", "Relation Name": "supplier", "Alias": "supplier", "Startup Cost": 95.25, "Total Cost": 2492.04, "Plan Rows": 4000, "Plan Width": 38, "Actual Min Startup Time": 0.971, "Actual Max Startup Time": 0.971, "Actual Min Total Time": 6.221, "Actual Max Total Time": 6.221, "Actual Total Rows": 3981, "Recheck Cond": "(s_nationkey = nation.n_nationkey)", "Rows Removed by Index Recheck": 0, "Exact Heap Blocks": 0, "Lossy Heap Blocks": 0, "Plans": [{"Node Type": "Bitmap Index Scan", "Parent Relationship": "Outer", "Index Name": "idx_supplier_nation_key", "Startup Cost": 0.0, "Total Cost": 94.25, "Plan Rows": 4000, "Plan Width": 0, "Actual Min Startup Time": 0.671, "Actual Max Startup Time": 0.671, "Actual Min Total Time": 0.671, "Actual Max Total Time": 0.671, "Actual Total Rows": 3981, "Index Cond": "(s_nationkey = nation.n_nationkey)"}]}]}]}]}]}]}, {"Node Type": "Index Scan", "Parent Relationship": "Inner", "Scan Direction": "Forward", "Index Name": "idx_lineitem_orderkey", "Relation Name": "lineitem", "Alias": "l3", "Startup Cost": 0.0, "Total Cost": 1.63, "Plan Rows": 3, "Plan Width": 16, "Actual Min Startup Time": 9956.083, "Actual Max Startup Time": 9956.083, "Actual Min Total Time": 9956.083, "Actual Max Total Time": 9956.083, "Actual Total Rows": 1375914, "Index Cond": "(l_orderkey = l1.l_orderkey)", "Rows Removed by Index Recheck": 0, "Filter": "((l_receiptdate > l_commitdate) AND (l_suppkey <> l1.l_suppkey))", "Rows Removed by Filter": 1348115}]}, {"Node Type": "Index Scan", "Parent Relationship": "Inner", "Scan Direction": "Forward", "Index Name": "idx_lineitem_orderkey", "Relation Name": "lineitem", "Alias": "l2", "Startup Cost": 0.0, "Total Cost": 1.63, "Plan Rows": 9, "Plan Width": 16, "Actual Min Startup Time": 497.47, "Actual Max Startup Time": 497.47, "Actual Min Total Time": 497.47, "Actual Max Total Time": 497.47, "Actual Total Rows": 80537, "Index Cond": "(l_orderkey = l1.l_orderkey)", "Rows Removed by Index Recheck": 0, "Filter": "(l_suppkey <> l1.l_suppkey)", "Rows Removed by Filter": 85912}]}, {"Node Type": "Index Scan", "Parent Relationship": "Inner", "Scan Direction": "Forward", "Index Name": "orders_pkey", "Relation Name": "orders", "Alias": "orders", "Startup Cost": 0.0, "Total Cost": 0.97, "Plan Rows": 1, "Plan Width": 8, "Actual Min Startup Time": 630.576, "Actual Max Startup Time": 630.576, "Actual Min Total Time": 630.576, "Actual Max Total Time": 630.576, "Actual Total Rows": 39445, "Index Cond": "(o_orderkey = l2.l_orderkey)", "Rows Removed by Index Recheck": 0, "Filter": "(o_orderstatus = 'F'::bpchar)", "Rows Removed by Filter": 41092}]}]}]}]}, "Triggers": [], "Planner Runtime": 13.163, "Total Runtime": 14143.047, "Unique SQL Id": 3870093320}}, "(64, 70)": {"explain_plan": {"Plan": {"Node Type": "Limit", "Startup Cost": 439387.85, "Total Cost": 439388.1, "Plan Rows": 100, "Plan Width": 34, "Plans": [{"Node Type": "Sort", "Parent Relationship": "Outer", "Startup Cost": 439387.85, "Total Cost": 439410.78, "Plan Rows": 100, "Plan Width": 34, "Sort Key": ["(count(*)) DESC", "supplier.s_name"], "Plans": [{"Node Type": "Aggregate", "Strategy": "Hashed", "Parent Relationship": "Outer", "Startup Cost": 438945.58, "Total Cost": 439037.3, "Plan Rows": 9172, "Plan Width": 34, "Group By Key": ["supplier.s_name"], "Plans": [{"Node Type": "Nested Loop", "Parent Relationship": "Outer", "Join Type": "Inner", "Startup Cost": 183360.81, "Total Cost": 438899.72, "Plan Rows": 9172, "Plan Width": 26, "Inner Unique": true, "Join Filter": "(l1.l_orderkey = orders.o_orderkey)", "Plans": [{"Node Type": "Nested Loop", "Parent Relationship": "Outer", "Join Type": "Semi", "Startup Cost": 183360.21, "Total Cost": 405338.96, "Plan Rows": 7254, "Plan Width": 42, "Inner Unique": false, "Plans": [{"Node Type": "Hash Join", "Parent Relationship": "Outer", "Join Type": "Inner", "Startup Cost": 183359.38, "Total Cost": 390160.41, "Plan Rows": 7635, "Plan Width": 42, "Inner Unique": false, "Hash Cond": "(l1.l_suppkey = supplier.s_suppkey)", "Plans": [{"Node Type": "Streaming(type: LOCAL GATHER dop: 1/64)", "Parent Relationship": "Outer", "Startup Cost": 182676.04, "Total Cost": 385647.51, "Plan Rows": 999784, "Plan Width": 16, "Plans": [{"Node Type": "Hash Join", "Parent Relationship": "Outer", "Join Type": "Anti", "Startup Cost": 182676.04, "Total Cost": 365022.08, "Plan Rows": 999784, "Plan Width": 16, "Inner Unique": false, "Hash Cond": "(l1.l_orderkey = l3.l_orderkey), (LLVM Optimized)", "Join Filter": "(l3.l_suppkey <> l1.l_suppkey), (LLVM Optimized)", "Plans": [{"Node Type": "Streaming(type: LOCAL REDISTRIBUTE dop: 64/64)", "Parent Relationship": "Outer", "Startup Cost": 0.0, "Total Cost": 178770.64, "Plan Rows": 19995678, "Plan Width": 16, "Plans": [{"Node Type": "Seq Scan", "Parent Relationship": "Outer", "Relation Name": "lineitem", "Alias": "l1", "Startup Cost": 0.0, "Total Cost": 96829.42, "Plan Rows": 19995678, "Plan Width": 16, "Filter": "(l_receiptdate > l_commitdate), (LLVM Optimized)"}]}, {"Node Type": "Hash", "Parent Relationship": "Inner", "Startup Cost": 178770.64, "Total Cost": 178770.64, "Plan Rows": 19995678, "Plan Width": 16, "Plans": [{"Node Type": "Streaming(type: LOCAL REDISTRIBUTE dop: 64/64)", "Parent Relationship": "Outer", "Startup Cost": 0.0, "Total Cost": 178770.64, "Plan Rows": 19995678, "Plan Width": 16, "Plans": [{"Node Type": "Seq Scan", "Parent Relationship": "Outer", "Relation Name": "lineitem", "Alias": "l3", "Startup Cost": 0.0, "Total Cost": 96829.42, "Plan Rows": 19995678, "Plan Width": 16, "Filter": "(l_receiptdate > l_commitdate), (LLVM Optimized)"}]}]}]}]}, {"Node Type": "Hash", "Parent Relationship": "Inner", "Startup Cost": 2533.35, "Total Cost": 2533.35, "Plan Rows": 4000, "Plan Width": 34, "Plans": [{"Node Type": "Nested Loop", "Parent Relationship": "Outer", "Join Type": "Inner", "Startup Cost": 95.25, "Total Cost": 2533.35, "Plan Rows": 4000, "Plan Width": 34, "Inner Unique": false, "Plans": [{"Node Type": "Seq Scan", "Parent Relationship": "Outer", "Relation Name": "nation", "Alias": "nation", "Startup Cost": 0.0, "Total Cost": 1.31, "Plan Rows": 1, "Plan Width": 4, "Filter": "(n_name = 'EGYPT'::bpchar)"}, {"Node Type": "Bitmap Heap Scan", "Parent Relationship": "Inner", "Relation Name": "supplier", "Alias": "supplier", "Startup Cost": 95.25, "Total Cost": 2492.04, "Plan Rows": 4000, "Plan Width": 38, "Recheck Cond": "(s_nationkey = nation.n_nationkey)", "Plans": [{"Node Type": "Bitmap Index Scan", "Parent Relationship": "Outer", "Index Name": "idx_supplier_nation_key", "Startup Cost": 0.0, "Total Cost": 94.25, "Plan Rows": 4000, "Plan Width": 0, "Index Cond": "(s_nationkey = nation.n_nationkey)"}]}]}]}]}, {"Node Type": "Bitmap Heap Scan", "Parent Relationship": "Inner", "Relation Name": "lineitem", "Alias": "l2", "Startup Cost": 0.82, "Total Cost": 8.95, "Plan Rows": 9, "Plan Width": 16, "Recheck Cond": "(l_orderkey = l1.l_orderkey)", "Filter": "(l_suppkey <> l1.l_suppkey)", "Plans": [{"Node Type": "Bitmap Index Scan", "Parent Relationship": "Outer", "Index Name": "idx_lineitem_orderkey", "Startup Cost": 0.0, "Total Cost": 0.82, "Plan Rows": 9, "Plan Width": 0, "Index Cond": "(l_orderkey = l1.l_orderkey)"}]}]}, {"Node Type": "Bitmap Heap Scan", "Parent Relationship": "Inner", "Relation Name": "orders", "Alias": "orders", "Startup Cost": 0.6, "Total Cost": 4.61, "Plan Rows": 1, "Plan Width": 8, "Recheck Cond": "(o_orderkey = l2.l_orderkey)", "Filter": "(o_orderstatus = 'F'::bpchar)", "Plans": [{"Node Type": "Bitmap Index Scan", "Parent Relationship": "Outer", "Index Name": "orders_pkey", "Startup Cost": 0.0, "Total Cost": 0.6, "Plan Rows": 1, "Plan Width": 0, "Index Cond": "(o_orderkey = l2.l_orderkey)"}]}]}]}]}]}, "Unique SQL Id": 3870093320}, "explain_analyze_plan": {"Plan": {"Node Type": "Limit", "Startup Cost": 439387.85, "Total Cost": 439388.1, "Plan Rows": 100, "Plan Width": 34, "Actual Min Startup Time": 6805.192, "Actual Max Startup Time": 6805.192, "Actual Min Total Time": 6805.211, "Actual Max Total Time": 6805.211, "Actual Total Rows": 100, "Plans": [{"Node Type": "Sort", "Parent Relationship": "Outer", "Startup Cost": 439387.85, "Total Cost": 439410.78, "Plan Rows": 100, "Plan Width": 34, "Actual Min Startup Time": 6805.189, "Actual Max Startup Time": 6805.189, "Actual Min Total Time": 6805.197, "Actual Max Total Time": 6805.197, "Actual Total Rows": 100, "Sort Key": ["(count(*)) DESC", "supplier.s_name"], "Sort Method": "top-N heapsort", "Sort Space Min Used": 41, "Sort Space Max Used": 41, "Sort Space Type": "Memory", "Plans": [{"Node Type": "Aggregate", "Strategy": "Hashed", "Parent Relationship": "Outer", "Startup Cost": 438945.58, "Total Cost": 439037.3, "Plan Rows": 9172, "Plan Width": 34, "Actual Min Startup Time": 6801.849, "Actual Max Startup Time": 6801.849, "Actual Min Total Time": 6803.071, "Actual Max Total Time": 6803.071, "Actual Total Rows": 3981, "Group By Key": ["supplier.s_name"], "Plans": [{"Node Type": "Nested Loop", "Parent Relationship": "Outer", "Join Type": "Inner", "Startup Cost": 183360.81, "Total Cost": 438899.72, "Plan Rows": 9172, "Plan Width": 26, "Actual Min Startup Time": 2335.66, "Actual Max Startup Time": 2335.66, "Actual Min Total Time": 6750.185, "Actual Max Total Time": 6750.185, "Actual Total Rows": 39445, "Inner Unique": true, "Join Filter": "(l1.l_orderkey = orders.o_orderkey)", "Rows Removed by Join Filter": 0, "Plans": [{"Node Type": "Nested Loop", "Parent Relationship": "Outer", "Join Type": "Semi", "Startup Cost": 183360.21, "Total Cost": 405338.96, "Plan Rows": 7254, "Plan Width": 42, "Actual Min Startup Time": 2335.626, "Actual Max Startup Time": 2335.626, "Actual Min Total Time": 5990.539, "Actual Max Total Time": 5990.539, "Actual Total Rows": 80537, "Inner Unique": false, "Plans": [{"Node Type": "Hash Join", "Parent Relationship": "Outer", "Join Type": "Inner", "Startup Cost": 183359.38, "Total Cost": 390160.41, "Plan Rows": 7635, "Plan Width": 42, "Actual Min Startup Time": 2335.536, "Actual Max Startup Time": 2335.536, "Actual Min Total Time": 4375.103, "Actual Max Total Time": 4375.103, "Actual Total Rows": 135110, "Inner Unique": false, "Hash Cond": "(l1.l_suppkey = supplier.s_suppkey)", "Plans": [{"Node Type": "Streaming(type: LOCAL GATHER dop: 1/64)", "Parent Relationship": "Outer", "Startup Cost": 182676.04, "Total Cost": 385647.51, "Plan Rows": 999784, "Plan Width": 16, "Actual Min Startup Time": 2327.148, "Actual Max Startup Time": 2327.148, "Actual Min Total Time": 3628.242, "Actual Max Total Time": 3628.242, "Actual Total Rows": 3372284, "Plans": [{"Node Type": "Hash Join", "Parent Relationship": "Outer", "Join Type": "Anti", "Startup Cost": 182676.04, "Total Cost": 365022.08, "Plan Rows": 999784, "Plan Width": 16, "Actual Min Startup Time": 1871.399, "Actual Max Startup Time": 2172.815, "Actual Min Total Time": 4997.074, "Actual Max Total Time": 5364.352, "Actual Total Rows": 3372284, "Inner Unique": false, "Hash Cond": "(l1.l_orderkey = l3.l_orderkey), (LLVM Optimized, Jit Execute)", "Join Filter": "(l3.l_suppkey <> l1.l_suppkey), (LLVM Optimized, Jit Execute)", "Rows Removed by Join Filter": 13753927, "Plans": [{"Node Type": "Streaming(type: LOCAL REDISTRIBUTE dop: 64/64)", "Parent Relationship": "Outer", "Startup Cost": 0.0, "Total Cost": 178770.64, "Plan Rows": 19995678, "Plan Width": 16, "Actual Min Startup Time": 0.187, "Actual Max Startup Time": 2.117, "Actual Min Total Time": 2743.561, "Actual Max Total Time": 3006.219, "Actual Total Rows": 37929348, "Plans": [{"Node Type": "Seq Scan", "Parent Relationship": "Outer", "Relation Name": "lineitem", "Alias": "l1", "Startup Cost": 0.0, "Total Cost": 96829.42, "Plan Rows": 19995678, "Plan Width": 16, "Actual Min Startup Time": 0.022, "Actual Max Startup Time": 0.06, "Actual Min Total Time": 431.074, "Actual Max Total Time": 522.621, "Actual Total Rows": 37929348, "Filter": "(l_receiptdate > l_commitdate), (LLVM Optimized, Jit Execute)", "Rows Removed by Filter": 22056704}]}, {"Node Type": "Hash", "Parent Relationship": "Inner", "Startup Cost": 178770.64, "Total Cost": 178770.64, "Plan Rows": 19995678, "Plan Width": 16, "Actual Min Startup Time": 1870.6, "Actual Max Startup Time": 2170.353, "Actual Min Total Time": 1870.6, "Actual Max Total Time": 2170.353, "Actual Total Rows": 37929348, "Max Hash Buckets": 524288, "Min Hash Buckets": 524288, "Max Hash Batches": 1, "Min Hash Batches": 1, "Max Original Hash Batches": 1, "Min Original Hash Batches": 1, "Max Peak Memory Usage": 27746, "min Peak Memory Usage": 27746, "Plans": [{"Node Type": "Streaming(type: LOCAL REDISTRIBUTE dop: 64/64)", "Parent Relationship": "Outer", "Startup Cost": 0.0, "Total Cost": 178770.64, "Plan Rows": 19995678, "Plan Width": 16, "Actual Min Startup Time": 0.107, "Actual Max Startup Time": 283.799, "Actual Min Total Time": 1596.76, "Actual Max Total Time": 1956.811, "Actual Total Rows": 37929348, "Plans": [{"Node Type": "Seq Scan", "Parent Relationship": "Outer", "Relation Name": "lineitem", "Alias": "l3", "Startup Cost": 0.0, "Total Cost": 96829.42, "Plan Rows": 19995678, "Plan Width": 16, "Actual Min Startup Time": 0.022, "Actual Max Startup Time": 0.05, "Actual Min Total Time": 453.051, "Actual Max Total Time": 583.951, "Actual Total Rows": 37929348, "Filter": "(l_receiptdate > l_commitdate), (LLVM Optimized, Jit Execute)", "Rows Removed by Filter": 22056704}]}]}]}]}, {"Node Type": "Hash", "Parent Relationship": "Inner", "Startup Cost": 2533.35, "Total Cost": 2533.35, "Plan Rows": 4000, "Plan Width": 34, "Actual Min Startup Time": 8.315, "Actual Max Startup Time": 8.315, "Actual Min Total Time": 8.315, "Actual Max Total Time": 8.315, "Actual Total Rows": 3981, "Max Hash Buckets": 32768, "Min Hash Buckets": 32768, "Max Hash Batches": 1, "Min Hash Batches": 1, "Max Original Hash Batches": 1, "Min Original Hash Batches": 1, "Max Peak Memory Usage": 280, "min Peak Memory Usage": 280, "Plans": [{"Node Type": "Nested Loop", "Parent Relationship": "Outer", "Join Type": "Inner", "Startup Cost": 95.25, "Total Cost": 2533.35, "Plan Rows": 4000, "Plan Width": 34, "Actual Min Startup Time": 1.141, "Actual Max Startup Time": 1.141, "Actual Min Total Time": 6.835, "Actual Max Total Time": 6.835, "Actual Total Rows": 3981, "Inner Unique": false, "Plans": [{"Node Type": "Seq Scan", "Parent Relationship": "Outer", "Relation Name": "nation", "Alias": "nation", "Startup Cost": 0.0, "Total Cost": 1.31, "Plan Rows": 1, "Plan Width": 4, "Actual Min Startup Time": 0.057, "Actual Max Startup Time": 0.057, "Actual Min Total Time": 0.072, "Actual Max Total Time": 0.072, "Actual Total Rows": 1, "Filter": "(n_name = 'EGYPT'::bpchar)", "Rows Removed by Filter": 24}, {"Node Type": "Bitmap Heap Scan", "Parent Relationship": "Inner", "Relation Name": "supplier", "Alias": "supplier", "Startup Cost": 95.25, "Total Cost": 2492.04, "Plan Rows": 4000, "Plan Width": 38, "Actual Min Startup Time": 1.065, "Actual Max Startup Time": 1.065, "Actual Min Total Time": 5.925, "Actual Max Total Time": 5.925, "Actual Total Rows": 3981, "Recheck Cond": "(s_nationkey = nation.n_nationkey)", "Rows Removed by Index Recheck": 0, "Exact Heap Blocks": 1918, "Lossy Heap Blocks": 1918, "Plans": [{"Node Type": "Bitmap Index Scan", "Parent Relationship": "Outer", "Index Name": "idx_supplier_nation_key", "Startup Cost": 0.0, "Total Cost": 94.25, "Plan Rows": 4000, "Plan Width": 0, "Actual Min Startup Time": 0.751, "Actual Max Startup Time": 0.751, "Actual Min Total Time": 0.751, "Actual Max Total Time": 0.751, "Actual Total Rows": 3981, "Index Cond": "(s_nationkey = nation.n_nationkey)"}]}]}]}]}, {"Node Type": "Bitmap Heap Scan", "Parent Relationship": "Inner", "Relation Name": "lineitem", "Alias": "l2", "Startup Cost": 0.82, "Total Cost": 8.95, "Plan Rows": 9, "Plan Width": 16, "Actual Min Startup Time": 1418.438, "Actual Max Startup Time": 1418.438, "Actual Min Total Time": 1418.438, "Actual Max Total Time": 1418.438, "Actual Total Rows": 80537, "Recheck Cond": "(l_orderkey = l1.l_orderkey)", "Rows Removed by Index Recheck": 0, "Filter": "(l_suppkey <> l1.l_suppkey)", "Rows Removed by Filter": 85912, "Exact Heap Blocks": 135868, "Lossy Heap Blocks": 135868, "Plans": [{"Node Type": "Bitmap Index Scan", "Parent Relationship": "Outer", "Index Name": "idx_lineitem_orderkey", "Startup Cost": 0.0, "Total Cost": 0.82, "Plan Rows": 9, "Plan Width": 0, "Actual Min Startup Time": 846.578, "Actual Max Startup Time": 846.578, "Actual Min Total Time": 846.578, "Actual Max Total Time": 846.578, "Actual Total Rows": 287712, "Index Cond": "(l_orderkey = l1.l_orderkey)"}]}]}, {"Node Type": "Bitmap Heap Scan", "Parent Relationship": "Inner", "Relation Name": "orders", "Alias": "orders", "Startup Cost": 0.6, "Total Cost": 4.61, "Plan Rows": 1, "Plan Width": 8, "Actual Min Startup Time": 649.326, "Actual Max Startup Time": 649.326, "Actual Min Total Time": 649.326, "Actual Max Total Time": 649.326, "Actual Total Rows": 39445, "Recheck Cond": "(o_orderkey = l2.l_orderkey)", "Rows Removed by Index Recheck": 0, "Filter": "(o_orderstatus = 'F'::bpchar)", "Rows Removed by Filter": 41092, "Exact Heap Blocks": 80537, "Lossy Heap Blocks": 80537, "Plans": [{"Node Type": "Bitmap Index Scan", "Parent Relationship": "Outer", "Index Name": "orders_pkey", "Startup Cost": 0.0, "Total Cost": 0.6, "Plan Rows": 1, "Plan Width": 0, "Actual Min Startup Time": 405.033, "Actual Max Startup Time": 405.033, "Actual Min Total Time": 405.033, "Actual Max Total Time": 405.033, "Actual Total Rows": 80537, "Index Cond": "(o_orderkey = l2.l_orderkey)"}]}]}]}]}]}, "Triggers": [], "Planner Runtime": 19.277, "Total Runtime": 6865.707, "Unique SQL Id": 3870093320}}, "(64, 71)": {"explain_plan": {"Plan": {"Node Type": "Limit", "Startup Cost": 3882163.35, "Total Cost": 3882163.6, "Plan Rows": 100, "Plan Width": 34, "Plans": [{"Node Type": "Sort", "Parent Relationship": "Outer", "Startup Cost": 3882163.35, "Total Cost": 3882186.28, "Plan Rows": 100, "Plan Width": 34, "Sort Key": ["(count(*)) DESC", "supplier.s_name"], "Plans": [{"Node Type": "Aggregate", "Strategy": "Hashed", "Parent Relationship": "Outer", "Startup Cost": 3881721.08, "Total Cost": 3881812.8, "Plan Rows": 9172, "Plan Width": 34, "Group By Key": ["supplier.s_name"], "Plans": [{"Node Type": "Nested Loop", "Parent Relationship": "Outer", "Join Type": "Inner", "Startup Cost": 1232631.31, "Total Cost": 3881675.22, "Plan Rows": 9172, "Plan Width": 26, "Inner Unique": true, "Join Filter": "(l1.l_orderkey = orders.o_orderkey)", "Plans": [{"Node Type": "Nested Loop", "Parent Relationship": "Outer", "Join Type": "Semi", "Startup Cost": 1232630.71, "Total Cost": 3848114.46, "Plan Rows": 7254, "Plan Width": 42, "Inner Unique": false, "Plans": [{"Node Type": "Nested Loop", "Parent Relationship": "Outer", "Join Type": "Anti", "Startup Cost": 1232629.88, "Total Cost": 3832935.91, "Plan Rows": 7635, "Plan Width": 42, "Inner Unique": false, "Plans": [{"Node Type": "Hash Join", "Parent Relationship": "Outer", "Join Type": "Inner", "Startup Cost": 1232629.06, "Total Cost": 3474222.84, "Plan Rows": 152707, "Plan Width": 42, "Inner Unique": false, "Hash Cond": "(l1.l_suppkey = supplier.s_suppkey), (LLVM Optimized)", "Plans": [{"Node Type": "Bitmap Heap Scan", "Parent Relationship": "Outer", "Relation Name": "lineitem", "Alias": "l1", "Startup Cost": 1230034.33, "Total Cost": 3395117.25, "Plan Rows": 19995678, "Plan Width": 16, "Filter": "(l_receiptdate > l_commitdate), (LLVM Optimized)", "Plans": [{"Node Type": "Bitmap Index Scan", "Parent Relationship": "Outer", "Index Name": "idx_lineitem_orderkey", "Startup Cost": 0.0, "Total Cost": 1225035.42, "Plan Rows": 59987033, "Plan Width": 0}]}, {"Node Type": "Hash", "Parent Relationship": "Inner", "Startup Cost": 2544.73, "Total Cost": 2544.73, "Plan Rows": 4000, "Plan Width": 34, "Plans": [{"Node Type": "Nested Loop", "Parent Relationship": "Outer", "Join Type": "Inner", "Startup Cost": 103.63, "Total Cost": 2544.73, "Plan Rows": 4000, "Plan Width": 34, "Inner Unique": false, "Plans": [{"Node Type": "Bitmap Heap Scan", "Parent Relationship": "Outer", "Relation Name": "nation", "Alias": "nation", "Startup Cost": 8.38, "Total Cost": 12.69, "Plan Rows": 1, "Plan Width": 4, "Filter": "(n_name = 'EGYPT'::bpchar)", "Plans": [{"Node Type": "Bitmap Index Scan", "Parent Relationship": "Outer", "Index Name": "nation_pkey", "Startup Cost": 0.0, "Total Cost": 8.38, "Plan Rows": 25, "Plan Width": 0}]}, {"Node Type": "Bitmap Heap Scan", "Parent Relationship": "Inner", "Relation Name": "supplier", "Alias": "supplier", "Startup Cost": 95.25, "Total Cost": 2492.04, "Plan Rows": 4000, "Plan Width": 38, "Recheck Cond": "(s_nationkey = nation.n_nationkey)", "Plans": [{"Node Type": "Bitmap Index Scan", "Parent Relationship": "Outer", "Index Name": "idx_supplier_nation_key", "Startup Cost": 0.0, "Total Cost": 94.25, "Plan Rows": 4000, "Plan Width": 0, "Index Cond": "(s_nationkey = nation.n_nationkey)"}]}]}]}]}, {"Node Type": "Bitmap Heap Scan", "Parent Relationship": "Inner", "Relation Name": "lineitem", "Alias": "l3", "Startup Cost": 0.82, "Total Cost": 8.97, "Plan Rows": 3, "Plan Width": 16, "Recheck Cond": "(l_orderkey = l1.l_orderkey)", "Filter": "((l_receiptdate > l_commitdate) AND (l_suppkey <> l1.l_suppkey))", "Plans": [{"Node Type": "Bitmap Index Scan", "Parent Relationship": "Outer", "Index Name": "idx_lineitem_orderkey", "Startup Cost": 0.0, "Total Cost": 0.82, "Plan Rows": 9, "Plan Width": 0, "Index Cond": "(l_orderkey = l1.l_orderkey)"}]}]}, {"Node Type": "Bitmap Heap Scan", "Parent Relationship": "Inner", "Relation Name": "lineitem", "Alias": "l2", "Startup Cost": 0.82, "Total Cost": 8.95, "Plan Rows": 9, "Plan Width": 16, "Recheck Cond": "(l_orderkey = l1.l_orderkey)", "Filter": "(l_suppkey <> l1.l_suppkey)", "Plans": [{"Node Type": "Bitmap Index Scan", "Parent Relationship": "Outer", "Index Name": "idx_lineitem_orderkey", "Startup Cost": 0.0, "Total Cost": 0.82, "Plan Rows": 9, "Plan Width": 0, "Index Cond": "(l_orderkey = l1.l_orderkey)"}]}]}, {"Node Type": "Bitmap Heap Scan", "Parent Relationship": "Inner", "Relation Name": "orders", "Alias": "orders", "Startup Cost": 0.6, "Total Cost": 4.61, "Plan Rows": 1, "Plan Width": 8, "Recheck Cond": "(o_orderkey = l2.l_orderkey)", "Filter": "(o_orderstatus = 'F'::bpchar)", "Plans": [{"Node Type": "Bitmap Index Scan", "Parent Relationship": "Outer", "Index Name": "orders_pkey", "Startup Cost": 0.0, "Total Cost": 0.6, "Plan Rows": 1, "Plan Width": 0, "Index Cond": "(o_orderkey = l2.l_orderkey)"}]}]}]}]}]}, "Unique SQL Id": 3870093320}, "explain_analyze_plan": null}, "(64, 72)": {"explain_plan": {"Plan": {"Node Type": "Limit", "Startup Cost": 229712.71, "Total Cost": 229712.96, "Plan Rows": 100, "Plan Width": 34, "Plans": [{"Node Type": "Sort", "Parent Relationship": "Outer", "Startup Cost": 229712.71, "Total Cost": 229735.64, "Plan Rows": 100, "Plan Width": 34, "Sort Key": ["(count(*)) DESC", "supplier.s_name"], "Plans": [{"Node Type": "Aggregate", "Strategy": "Hashed", "Parent Relationship": "Outer", "Startup Cost": 229270.44, "Total Cost": 229362.16, "Plan Rows": 9172, "Plan Width": 34, "Group By Key": ["supplier.s_name"], "Plans": [{"Node Type": "Nested Loop", "Parent Relationship": "Outer", "Join Type": "Inner", "Startup Cost": 71906.2, "Total Cost": 229224.58, "Plan Rows": 9172, "Plan Width": 26, "Inner Unique": true, "Join Filter": "(l1.l_orderkey = orders.o_orderkey)", "Plans": [{"Node Type": "Nested Loop", "Parent Relationship": "Outer", "Join Type": "Semi", "Startup Cost": 71906.2, "Total Cost": 222124.21, "Plan Rows": 7254, "Plan Width": 42, "Inner Unique": false, "Plans": [{"Node Type": "Nested Loop", "Parent Relationship": "Outer", "Join Type": "Anti", "Startup Cost": 71906.2, "Total Cost": 220268.65, "Plan Rows": 7635, "Plan Width": 42, "Inner Unique": false, "Plans": [{"Node Type": "Streaming(type: LOCAL GATHER dop: 1/64)", "Parent Relationship": "Outer", "Startup Cost": 71906.2, "Total Cost": 173081.43, "Plan Rows": 152707, "Plan Width": 42, "Plans": [{"Node Type": "Hash Join", "Parent Relationship": "Outer", "Join Type": "Inner", "Startup Cost": 71906.2, "Total Cost": 169931.1, "Plan Rows": 152707, "Plan Width": 42, "Inner Unique": false, "Hash Cond": "(l1.l_suppkey = supplier.s_suppkey), (LLVM Optimized)", "Plans": [{"Node Type": "Seq Scan", "Parent Relationship": "Outer", "Relation Name": "lineitem", "Alias": "l1", "Startup Cost": 0.0, "Total Cost": 96829.42, "Plan Rows": 19995678, "Plan Width": 16, "Filter": "(l_receiptdate > l_commitdate), (LLVM Optimized)"}, {"Node Type": "Hash", "Parent Relationship": "Inner", "Startup Cost": 71856.2, "Total Cost": 71856.2, "Plan Rows": 256000, "Plan Width": 34, "Plans": [{"Node Type": "Streaming(type: BROADCAST dop: 64/1)", "Parent Relationship": "Outer", "Startup Cost": 1.32, "Total Cost": 71856.2, "Plan Rows": 256000, "Plan Width": 34, "Plans": [{"Node Type": "Hash Join", "Parent Relationship": "Outer", "Join Type": "Inner", "Startup Cost": 1.32, "Total Cost": 3574.95, "Plan Rows": 4000, "Plan Width": 34, "Inner Unique": true, "Hash Cond": "(supplier.s_nationkey = nation.n_nationkey)", "Plans": [{"Node Type": "Seq Scan", "Parent Relationship": "Outer", "Relation Name": "supplier", "Alias": "supplier", "Startup Cost": 0.0, "Total Cost": 3283.0, "Plan Rows": 100000, "Plan Width": 38}, {"Node Type": "Hash", "Parent Relationship": "Inner", "Startup Cost": 1.31, "Total Cost": 1.31, "Plan Rows": 1, "Plan Width": 4, "Plans": [{"Node Type": "Seq Scan", "Parent Relationship": "Outer", "Relation Name": "nation", "Alias": "nation", "Startup Cost": 0.0, "Total Cost": 1.31, "Plan Rows": 1, "Plan Width": 4, "Filter": "(n_name = 'EGYPT'::bpchar)"}]}]}]}]}]}]}, {"Node Type": "Index Scan", "Parent Relationship": "Inner", "Scan Direction": "Forward", "Index Name": "idx_lineitem_orderkey", "Relation Name": "lineitem", "Alias": "l3", "Startup Cost": 0.0, "Total Cost": 1.63, "Plan Rows": 3, "Plan Width": 16, "Index Cond": "(l_orderkey = l1.l_orderkey)", "Filter": "((l_receiptdate > l_commitdate) AND (l_suppkey <> l1.l_suppkey))"}]}, {"Node Type": "Index Scan", "Parent Relationship": "Inner", "Scan Direction": "Forward", "Index Name": "idx_lineitem_orderkey", "Relation Name": "lineitem", "Alias": "l2", "Startup Cost": 0.0, "Total Cost": 1.63, "Plan Rows": 9, "Plan Width": 16, "Index Cond": "(l_orderkey = l1.l_orderkey)", "Filter": "(l_suppkey <> l1.l_suppkey)"}]}, {"Node Type": "Index Scan", "Parent Relationship": "Inner", "Scan Direction": "Forward", "Index Name": "orders_pkey", "Relation Name": "orders", "Alias": "orders", "Startup Cost": 0.0, "Total Cost": 0.97, "Plan Rows": 1, "Plan Width": 8, "Index Cond": "(o_orderkey = l2.l_orderkey)", "Filter": "(o_orderstatus = 'F'::bpchar)"}]}]}]}]}, "Unique SQL Id": 3870093320}, "explain_analyze_plan": {"Plan": {"Node Type": "Limit", "Startup Cost": 229712.71, "Total Cost": 229712.96, "Plan Rows": 100, "Plan Width": 34, "Actual Min Startup Time": 13636.309, "Actual Max Startup Time": 13636.309, "Actual Min Total Time": 13636.327, "Actual Max Total Time": 13636.327, "Actual Total Rows": 100, "Plans": [{"Node Type": "Sort", "Parent Relationship": "Outer", "Startup Cost": 229712.71, "Total Cost": 229735.64, "Plan Rows": 100, "Plan Width": 34, "Actual Min Startup Time": 13636.305, "Actual Max Startup Time": 13636.305, "Actual Min Total Time": 13636.311, "Actual Max Total Time": 13636.311, "Actual Total Rows": 100, "Sort Key": ["(count(*)) DESC", "supplier.s_name"], "Sort Method": "top-N heapsort", "Sort Space Min Used": 41, "Sort Space Max Used": 41, "Sort Space Type": "Memory", "Plans": [{"Node Type": "Aggregate", "Strategy": "Hashed", "Parent Relationship": "Outer", "Startup Cost": 229270.44, "Total Cost": 229362.16, "Plan Rows": 9172, "Plan Width": 34, "Actual Min Startup Time": 13632.846, "Actual Max Startup Time": 13632.846, "Actual Min Total Time": 13634.137, "Actual Max Total Time": 13634.137, "Actual Total Rows": 3981, "Group By Key": ["supplier.s_name"], "Plans": [{"Node Type": "Nested Loop", "Parent Relationship": "Outer", "Join Type": "Inner", "Startup Cost": 71906.2, "Total Cost": 229224.58, "Plan Rows": 9172, "Plan Width": 26, "Actual Min Startup Time": 512.775, "Actual Max Startup Time": 512.775, "Actual Min Total Time": 13579.691, "Actual Max Total Time": 13579.691, "Actual Total Rows": 39445, "Inner Unique": true, "Join Filter": "(l1.l_orderkey = orders.o_orderkey)", "Rows Removed by Join Filter": 0, "Plans": [{"Node Type": "Nested Loop", "Parent Relationship": "Outer", "Join Type": "Semi", "Startup Cost": 71906.2, "Total Cost": 222124.21, "Plan Rows": 7254, "Plan Width": 42, "Actual Min Startup Time": 512.571, "Actual Max Startup Time": 512.571, "Actual Min Total Time": 12928.423, "Actual Max Total Time": 12928.423, "Actual Total Rows": 80537, "Inner Unique": false, "Plans": [{"Node Type": "Nested Loop", "Parent Relationship": "Outer", "Join Type": "Anti", "Startup Cost": 71906.2, "Total Cost": 220268.65, "Plan Rows": 7635, "Plan Width": 42, "Actual Min Startup Time": 512.276, "Actual Max Startup Time": 512.276, "Actual Min Total Time": 12331.031, "Actual Max Total Time": 12331.031, "Actual Total Rows": 135110, "Inner Unique": false, "Plans": [{"Node Type": "Streaming(type: LOCAL GATHER dop: 1/64)", "Parent Relationship": "Outer", "Startup Cost": 71906.2, "Total Cost": 173081.43, "Plan Rows": 152707, "Plan Width": 42, "Actual Min Startup Time": 512.176, "Actual Max Startup Time": 512.176, "Actual Min Total Time": 1439.978, "Actual Max Total Time": 1439.978, "Actual Total Rows": 1511024, "Plans": [{"Node Type": "Hash Join", "Parent Relationship": "Outer", "Join Type": "Inner", "Startup Cost": 71906.2, "Total Cost": 169931.1, "Plan Rows": 152707, "Plan Width": 42, "Actual Min Startup Time": 228.244, "Actual Max Startup Time": 394.247, "Actual Min Total Time": 773.975, "Actual Max Total Time": 997.986, "Actual Total Rows": 1511024, "Inner Unique": false, "Hash Cond": "(l1.l_suppkey = supplier.s_suppkey), (LLVM Optimized, Jit Execute)", "Plans": [{"Node Type": "Seq Scan", "Parent Relationship": "Outer", "Relation Name": "lineitem", "Alias": "l1", "Startup Cost": 0.0, "Total Cost": 96829.42, "Plan Rows": 19995678, "Plan Width": 16, "Actual Min Startup Time": 0.024, "Actual Max Startup Time": 0.057, "Actual Min Total Time": 399.743, "Actual Max Total Time": 428.009, "Actual Total Rows": 37929348, "Filter": "(l_receiptdate > l_commitdate), (LLVM Optimized, Jit Execute)", "Rows Removed by Filter": 22056704}, {"Node Type": "Hash", "Parent Relationship": "Inner", "Startup Cost": 71856.2, "Total Cost": 71856.2, "Plan Rows": 256000, "Plan Width": 34, "Actual Min Startup Time": 228.117, "Actual Max Startup Time": 394.061, "Actual Min Total Time": 228.117, "Actual Max Total Time": 394.061, "Actual Total Rows": 254784, "Max Hash Buckets": 32768, "Min Hash Buckets": 32768, "Max Hash Batches": 1, "Min Hash Batches": 1, "Max Original Hash Batches": 1, "Min Original Hash Batches": 1, "Max Peak Memory Usage": 280, "min Peak Memory Usage": 280, "Plans": [{"Node Type": "Streaming(type: BROADCAST dop: 64/1)", "Parent Relationship": "Outer", "Startup Cost": 1.32, "Total Cost": 71856.2, "Plan Rows": 256000, "Plan Width": 34, "Actual Min Startup Time": 0.031, "Actual Max Startup Time": 0.086, "Actual Min Total Time": 226.542, "Actual Max Total Time": 392.45, "Actual Total Rows": 254784, "Plans": [{"Node Type": "Hash Join", "Parent Relationship": "Outer", "Join Type": "Inner", "Startup Cost": 1.32, "Total Cost": 3574.95, "Plan Rows": 4000, "Plan Width": 34, "Actual Min Startup Time": 0.169, "Actual Max Startup Time": 0.169, "Actual Min Total Time": 53.537, "Actual Max Total Time": 53.537, "Actual Total Rows": 3981, "Inner Unique": true, "Hash Cond": "(supplier.s_nationkey = nation.n_nationkey)", "Plans": [{"Node Type": "Seq Scan", "Parent Relationship": "Outer", "Relation Name": "supplier", "Alias": "supplier", "Startup Cost": 0.0, "Total Cost": 3283.0, "Plan Rows": 100000, "Plan Width": 38, "Actual Min Startup Time": 0.029, "Actual Max Startup Time": 0.029, "Actual Min Total Time": 33.55, "Actual Max Total Time": 33.55, "Actual Total Rows": 100000}, {"Node Type": "Hash", "Parent Relationship": "Inner", "Startup Cost": 1.31, "Total Cost": 1.31, "Plan Rows": 1, "Plan Width": 4, "Actual Min Startup Time": 0.052, "Actual Max Startup Time": 0.052, "Actual Min Total Time": 0.052, "Actual Max Total Time": 0.052, "Actual Total Rows": 1, "Max Hash Buckets": 32768, "Min Hash Buckets": 32768, "Max Hash Batches": 1, "Min Hash Batches": 1, "Max Original Hash Batches": 1, "Min Original Hash Batches": 1, "Max Peak Memory Usage": 1, "min Peak Memory Usage": 1, "Plans": [{"Node Type": "Seq Scan", "Parent Relationship": "Outer", "Relation Name": "nation", "Alias": "nation", "Startup Cost": 0.0, "Total Cost": 1.31, "Plan Rows": 1, "Plan Width": 4, "Actual Min Startup Time": 0.029, "Actual Max Startup Time": 0.029, "Actual Min Total Time": 0.035, "Actual Max Total Time": 0.035, "Actual Total Rows": 1, "Filter": "(n_name = 'EGYPT'::bpchar)", "Rows Removed by Filter": 24}]}]}]}]}]}]}, {"Node Type": "Index Scan", "Parent Relationship": "Inner", "Scan Direction": "Forward", "Index Name": "idx_lineitem_orderkey", "Relation Name": "lineitem", "Alias": "l3", "Startup Cost": 0.0, "Total Cost": 1.63, "Plan Rows": 3, "Plan Width": 16, "Actual Min Startup Time": 9862.102, "Actual Max Startup Time": 9862.102, "Actual Min Total Time": 9862.102, "Actual Max Total Time": 9862.102, "Actual Total Rows": 1375914, "Index Cond": "(l_orderkey = l1.l_orderkey)", "Rows Removed by Index Recheck": 0, "Filter": "((l_receiptdate > l_commitdate) AND (l_suppkey <> l1.l_suppkey))", "Rows Removed by Filter": 1348115}]}, {"Node Type": "Index Scan", "Parent Relationship": "Inner", "Scan Direction": "Forward", "Index Name": "idx_lineitem_orderkey", "Relation Name": "lineitem", "Alias": "l2", "Startup Cost": 0.0, "Total Cost": 1.63, "Plan Rows": 9, "Plan Width": 16, "Actual Min Startup Time": 499.737, "Actual Max Startup Time": 499.737, "Actual Min Total Time": 499.737, "Actual Max Total Time": 499.737, "Actual Total Rows": 80537, "Index Cond": "(l_orderkey = l1.l_orderkey)", "Rows Removed by Index Recheck": 0, "Filter": "(l_suppkey <> l1.l_suppkey)", "Rows Removed by Filter": 85912}]}, {"Node Type": "Index Scan", "Parent Relationship": "Inner", "Scan Direction": "Forward", "Index Name": "orders_pkey", "Relation Name": "orders", "Alias": "orders", "Startup Cost": 0.0, "Total Cost": 0.97, "Plan Rows": 1, "Plan Width": 8, "Actual Min Startup Time": 584.577, "Actual Max Startup Time": 584.577, "Actual Min Total Time": 584.577, "Actual Max Total Time": 584.577, "Actual Total Rows": 39445, "Index Cond": "(o_orderkey = l2.l_orderkey)", "Rows Removed by Index Recheck": 0, "Filter": "(o_orderstatus = 'F'::bpchar)", "Rows Removed by Filter": 41092}]}]}]}]}, "Triggers": [], "Planner Runtime": 14.895, "Total Runtime": 13661.622, "Unique SQL Id": 3870093320}}, "(64, 73)": {"explain_plan": {"Plan": {"Node Type": "Limit", "Startup Cost": 2849947.01, "Total Cost": 2849947.26, "Plan Rows": 100, "Plan Width": 34, "Plans": [{"Node Type": "Sort", "Parent Relationship": "Outer", "Startup Cost": 2849947.01, "Total Cost": 2849969.94, "Plan Rows": 100, "Plan Width": 34, "Sort Key": ["(count(*)) DESC", "supplier.s_name"], "Plans": [{"Node Type": "Aggregate", "Strategy": "Hashed", "Parent Relationship": "Outer", "Startup Cost": 2849504.74, "Total Cost": 2849596.46, "Plan Rows": 9172, "Plan Width": 34, "Group By Key": ["supplier.s_name"], "Plans": [{"Node Type": "Nested Loop", "Parent Relationship": "Outer", "Join Type": "Inner", "Startup Cost": 73970.29, "Total Cost": 2849458.88, "Plan Rows": 9172, "Plan Width": 26, "Inner Unique": true, "Join Filter": "(l1.l_orderkey = orders.o_orderkey)", "Plans": [{"Node Type": "Nested Loop", "Parent Relationship": "Outer", "Join Type": "Semi", "Startup Cost": 73970.29, "Total Cost": 2842358.51, "Plan Rows": 7254, "Plan Width": 42, "Inner Unique": false, "Plans": [{"Node Type": "Nested Loop", "Parent Relationship": "Outer", "Join Type": "Anti", "Startup Cost": 73970.29, "Total Cost": 2840502.95, "Plan Rows": 7635, "Plan Width": 42, "Inner Unique": false, "Plans": [{"Node Type": "Streaming(type: LOCAL GATHER dop: 1/64)", "Parent Relationship": "Outer", "Startup Cost": 73970.29, "Total Cost": 2793315.73, "Plan Rows": 152707, "Plan Width": 42, "Plans": [{"Node Type": "Hash Join", "Parent Relationship": "Outer", "Join Type": "Inner", "Startup Cost": 73970.29, "Total Cost": 2790165.4, "Plan Rows": 152707, "Plan Width": 42, "Inner Unique": false, "Hash Cond": "(l1.l_suppkey = supplier.s_suppkey), (LLVM Optimized)", "Plans": [{"Node Type": "Index Scan", "Parent Relationship": "Outer", "Scan Direction": "Forward", "Index Name": "idx_lineitem_orderkey", "Relation Name": "lineitem", "Alias": "l1", "Startup Cost": 0.0, "Total Cost": 2714999.63, "Plan Rows": 19995678, "Plan Width": 16, "Filter": "(l_receiptdate > l_commitdate), (LLVM Optimized)"}, {"Node Type": "Hash", "Parent Relationship": "Inner", "Startup Cost": 73920.29, "Total Cost": 73920.29, "Plan Rows": 256000, "Plan Width": 34, "Plans": [{"Node Type": "Streaming(type: BROADCAST dop: 64/1)", "Parent Relationship": "Outer", "Startup Cost": 12.7, "Total Cost": 73920.29, "Plan Rows": 256000, "Plan Width": 34, "Plans": [{"Node Type": "Hash Join", "Parent Relationship": "Outer", "Join Type": "Inner", "Startup Cost": 12.7, "Total Cost": 5639.04, "Plan Rows": 4000, "Plan Width": 34, "Inner Unique": true, "Hash Cond": "(supplier.s_nationkey = nation.n_nationkey)", "Plans": [{"Node Type": "Index Scan", "Parent Relationship": "Outer", "Scan Direction": "Forward", "Index Name": "supplier_pkey", "Relation Name": "supplier", "Alias": "supplier", "Startup Cost": 0.0, "Total Cost": 5335.71, "Plan Rows": 100000, "Plan Width": 38}, {"Node Type": "Hash", "Parent Relationship": "Inner", "Startup Cost": 12.69, "Total Cost": 12.69, "Plan Rows": 1, "Plan Width": 4, "Plans": [{"Node Type": "Index Scan", "Parent Relationship": "Outer", "Scan Direction": "Forward", "Index Name": "nation_pkey", "Relation Name": "nation", "Alias": "nation", "Startup Cost": 0.0, "Total Cost": 12.69, "Plan Rows": 1, "Plan Width": 4, "Filter": "(n_name = 'EGYPT'::bpchar)"}]}]}]}]}]}]}, {"Node Type": "Index Scan", "Parent Relationship": "Inner", "Scan Direction": "Forward", "Index Name": "idx_lineitem_orderkey", "Relation Name": "lineitem", "Alias": "l3", "Startup Cost": 0.0, "Total Cost": 1.63, "Plan Rows": 3, "Plan Width": 16, "Index Cond": "(l_orderkey = l1.l_orderkey)", "Filter": "((l_receiptdate > l_commitdate) AND (l_suppkey <> l1.l_suppkey))"}]}, {"Node Type": "Index Scan", "Parent Relationship": "Inner", "Scan Direction": "Forward", "Index Name": "idx_lineitem_orderkey", "Relation Name": "lineitem", "Alias": "l2", "Startup Cost": 0.0, "Total Cost": 1.63, "Plan Rows": 9, "Plan Width": 16, "Index Cond": "(l_orderkey = l1.l_orderkey)", "Filter": "(l_suppkey <> l1.l_suppkey)"}]}, {"Node Type": "Index Scan", "Parent Relationship": "Inner", "Scan Direction": "Forward", "Index Name": "orders_pkey", "Relation Name": "orders", "Alias": "orders", "Startup Cost": 0.0, "Total Cost": 0.97, "Plan Rows": 1, "Plan Width": 8, "Index Cond": "(o_orderkey = l2.l_orderkey)", "Filter": "(o_orderstatus = 'F'::bpchar)"}]}]}]}]}, "Unique SQL Id": 3870093320}, "explain_analyze_plan": {"Plan": {"Node Type": "Limit", "Startup Cost": 2849947.01, "Total Cost": 2849947.26, "Plan Rows": 100, "Plan Width": 34, "Actual Min Startup Time": 13508.662, "Actual Max Startup Time": 13508.662, "Actual Min Total Time": 13508.68, "Actual Max Total Time": 13508.68, "Actual Total Rows": 100, "Plans": [{"Node Type": "Sort", "Parent Relationship": "Outer", "Startup Cost": 2849947.01, "Total Cost": 2849969.94, "Plan Rows": 100, "Plan Width": 34, "Actual Min Startup Time": 13508.659, "Actual Max Startup Time": 13508.659, "Actual Min Total Time": 13508.666, "Actual Max Total Time": 13508.666, "Actual Total Rows": 100, "Sort Key": ["(count(*)) DESC", "supplier.s_name"], "Sort Method": "top-N heapsort", "Sort Space Min Used": 41, "Sort Space Max Used": 41, "Sort Space Type": "Memory", "Plans": [{"Node Type": "Aggregate", "Strategy": "Hashed", "Parent Relationship": "Outer", "Startup Cost": 2849504.74, "Total Cost": 2849596.46, "Plan Rows": 9172, "Plan Width": 34, "Actual Min Startup Time": 13505.048, "Actual Max Startup Time": 13505.048, "Actual Min Total Time": 13506.352, "Actual Max Total Time": 13506.352, "Actual Total Rows": 3981, "Group By Key": ["supplier.s_name"], "Plans": [{"Node Type": "Nested Loop", "Parent Relationship": "Outer", "Join Type": "Inner", "Startup Cost": 73970.29, "Total Cost": 2849458.88, "Plan Rows": 9172, "Plan Width": 26, "Actual Min Startup Time": 866.952, "Actual Max Startup Time": 866.952, "Actual Min Total Time": 13452.829, "Actual Max Total Time": 13452.829, "Actual Total Rows": 39445, "Inner Unique": true, "Join Filter": "(l1.l_orderkey = orders.o_orderkey)", "Rows Removed by Join Filter": 0, "Plans": [{"Node Type": "Nested Loop", "Parent Relationship": "Outer", "Join Type": "Semi", "Startup Cost": 73970.29, "Total Cost": 2842358.51, "Plan Rows": 7254, "Plan Width": 42, "Actual Min Startup Time": 866.923, "Actual Max Startup Time": 866.923, "Actual Min Total Time": 12841.457, "Actual Max Total Time": 12841.457, "Actual Total Rows": 80537, "Inner Unique": false, "Plans": [{"Node Type": "Nested Loop", "Parent Relationship": "Outer", "Join Type": "Anti", "Startup Cost": 73970.29, "Total Cost": 2840502.95, "Plan Rows": 7635, "Plan Width": 42, "Actual Min Startup Time": 866.522, "Actual Max Startup Time": 866.522, "Actual Min Total Time": 12248.776, "Actual Max Total Time": 12248.776, "Actual Total Rows": 135110, "Inner Unique": false, "Plans": [{"Node Type": "Streaming(type: LOCAL GATHER dop: 1/64)", "Parent Relationship": "Outer", "Startup Cost": 73970.29, "Total Cost": 2793315.73, "Plan Rows": 152707, "Plan Width": 42, "Actual Min Startup Time": 866.275, "Actual Max Startup Time": 866.275, "Actual Min Total Time": 1637.063, "Actual Max Total Time": 1637.063, "Actual Total Rows": 1511024, "Plans": [{"Node Type": "Hash Join", "Parent Relationship": "Outer", "Join Type": "Inner", "Startup Cost": 73970.29, "Total Cost": 2790165.4, "Plan Rows": 152707, "Plan Width": 42, "Actual Min Startup Time": 656.699, "Actual Max Startup Time": 791.999, "Actual Min Total Time": 1464.928, "Actual Max Total Time": 1710.32, "Actual Total Rows": 1511024, "Inner Unique": false, "Hash Cond": "(l1.l_suppkey = supplier.s_suppkey), (LLVM Optimized, Jit Execute)", "Plans": [{"Node Type": "Index Scan", "Parent Relationship": "Outer", "Scan Direction": "Forward", "Index Name": "idx_lineitem_orderkey", "Relation Name": "lineitem", "Alias": "l1", "Startup Cost": 0.0, "Total Cost": 2714999.63, "Plan Rows": 19995678, "Plan Width": 16, "Actual Min Startup Time": 456.81, "Actual Max Startup Time": 457.425, "Actual Min Total Time": 1109.899, "Actual Max Total Time": 1280.547, "Actual Total Rows": 37929348, "Filter": "(l_receiptdate > l_commitdate), (LLVM Optimized, Jit Execute)", "Rows Removed by Filter": 22056704}, {"Node Type": "Hash", "Parent Relationship": "Inner", "Startup Cost": 73920.29, "Total Cost": 73920.29, "Plan Rows": 256000, "Plan Width": 34, "Actual Min Startup Time": 199.503, "Actual Max Startup Time": 334.947, "Actual Min Total Time": 199.503, "Actual Max Total Time": 334.947, "Actual Total Rows": 254784, "Max Hash Buckets": 32768, "Min Hash Buckets": 32768, "Max Hash Batches": 1, "Min Hash Batches": 1, "Max Original Hash Batches": 1, "Min Original Hash Batches": 1, "Max Peak Memory Usage": 280, "min Peak Memory Usage": 280, "Plans": [{"Node Type": "Streaming(type: BROADCAST dop: 64/1)", "Parent Relationship": "Outer", "Startup Cost": 12.7, "Total Cost": 73920.29, "Plan Rows": 256000, "Plan Width": 34, "Actual Min Startup Time": 0.028, "Actual Max Startup Time": 30.459, "Actual Min Total Time": 198.406, "Actual Max Total Time": 333.648, "Actual Total Rows": 254784, "Plans": [{"Node Type": "Hash Join", "Parent Relationship": "Outer", "Join Type": "Inner", "Startup Cost": 12.7, "Total Cost": 5639.04, "Plan Rows": 4000, "Plan Width": 34, "Actual Min Startup Time": 0.261, "Actual Max Startup Time": 0.261, "Actual Min Total Time": 73.364, "Actual Max Total Time": 73.364, "Actual Total Rows": 3981, "Inner Unique": true, "Hash Cond": "(supplier.s_nationkey = nation.n_nationkey)", "Plans": [{"Node Type": "Index Scan", "Parent Relationship": "Outer", "Scan Direction": "Forward", "Index Name": "supplier_pkey", "Relation Name": "supplier", "Alias": "supplier", "Startup Cost": 0.0, "Total Cost": 5335.71, "Plan Rows": 100000, "Plan Width": 38, "Actual Min Startup Time": 0.048, "Actual Max Startup Time": 0.048, "Actual Min Total Time": 53.248, "Actual Max Total Time": 53.248, "Actual Total Rows": 100000}, {"Node Type": "Hash", "Parent Relationship": "Inner", "Startup Cost": 12.69, "Total Cost": 12.69, "Plan Rows": 1, "Plan Width": 4, "Actual Min Startup Time": 0.066, "Actual Max Startup Time": 0.066, "Actual Min Total Time": 0.066, "Actual Max Total Time": 0.066, "Actual Total Rows": 1, "Max Hash Buckets": 32768, "Min Hash Buckets": 32768, "Max Hash Batches": 1, "Min Hash Batches": 1, "Max Original Hash Batches": 1, "Min Original Hash Batches": 1, "Max Peak Memory Usage": 1, "min Peak Memory Usage": 1, "Plans": [{"Node Type": "Index Scan", "Parent Relationship": "Outer", "Scan Direction": "Forward", "Index Name": "nation_pkey", "Relation Name": "nation", "Alias": "nation", "Startup Cost": 0.0, "Total Cost": 12.69, "Plan Rows": 1, "Plan Width": 4, "Actual Min Startup Time": 0.041, "Actual Max Startup Time": 0.041, "Actual Min Total Time": 0.054, "Actual Max Total Time": 0.054, "Actual Total Rows": 1, "Filter": "(n_name = 'EGYPT'::bpchar)", "Rows Removed by Filter": 24}]}]}]}]}]}]}, {"Node Type": "Index Scan", "Parent Relationship": "Inner", "Scan Direction": "Forward", "Index Name": "idx_lineitem_orderkey", "Relation Name": "lineitem", "Alias": "l3", "Startup Cost": 0.0, "Total Cost": 1.63, "Plan Rows": 3, "Plan Width": 16, "Actual Min Startup Time": 9590.99, "Actual Max Startup Time": 9590.99, "Actual Min Total Time": 9590.99, "Actual Max Total Time": 9590.99, "Actual Total Rows": 1375914, "Index Cond": "(l_orderkey = l1.l_orderkey)", "Rows Removed by Index Recheck": 0, "Filter": "((l_receiptdate > l_commitdate) AND (l_suppkey <> l1.l_suppkey))", "Rows Removed by Filter": 1348115}]}, {"Node Type": "Index Scan", "Parent Relationship": "Inner", "Scan Direction": "Forward", "Index Name": "idx_lineitem_orderkey", "Relation Name": "lineitem", "Alias": "l2", "Startup Cost": 0.0, "Total Cost": 1.63, "Plan Rows": 9, "Plan Width": 16, "Actual Min Startup Time": 498.83, "Actual Max Startup Time": 498.83, "Actual Min Total Time": 498.83, "Actual Max Total Time": 498.83, "Actual Total Rows": 80537, "Index Cond": "(l_orderkey = l1.l_orderkey)", "Rows Removed by Index Recheck": 0, "Filter": "(l_suppkey <> l1.l_suppkey)", "Rows Removed by Filter": 85912}]}, {"Node Type": "Index Scan", "Parent Relationship": "Inner", "Scan Direction": "Forward", "Index Name": "orders_pkey", "Relation Name": "orders", "Alias": "orders", "Startup Cost": 0.0, "Total Cost": 0.97, "Plan Rows": 1, "Plan Width": 8, "Actual Min Startup Time": 546.674, "Actual Max Startup Time": 546.674, "Actual Min Total Time": 546.674, "Actual Max Total Time": 546.674, "Actual Total Rows": 39445, "Index Cond": "(o_orderkey = l2.l_orderkey)", "Rows Removed by Index Recheck": 0, "Filter": "(o_orderstatus = 'F'::bpchar)", "Rows Removed by Filter": 41092}]}]}]}]}, "Triggers": [], "Planner Runtime": 13.48, "Total Runtime": 13534.765, "Unique SQL Id": 3870093320}}, "(64, 74)": {"explain_plan": {"Plan": {"Node Type": "Limit", "Startup Cost": 578585.46, "Total Cost": 578585.71, "Plan Rows": 100, "Plan Width": 34, "Plans": [{"Node Type": "Sort", "Parent Relationship": "Outer", "Startup Cost": 578585.46, "Total Cost": 578585.71, "Plan Rows": 100, "Plan Width": 34, "Sort Key": ["(count(*)) DESC", "supplier.s_name"], "Plans": [{"Node Type": "Streaming(type: LOCAL GATHER dop: 1/64)", "Parent Relationship": "Outer", "Startup Cost": 578581.34, "Total Cost": 578582.13, "Plan Rows": 100, "Plan Width": 34, "Plans": [{"Node Type": "Limit", "Parent Relationship": "Outer", "Startup Cost": 578581.34, "Total Cost": 578581.59, "Plan Rows": 100, "Plan Width": 34, "Plans": [{"Node Type": "Sort", "Parent Relationship": "Outer", "Startup Cost": 578581.34, "Total Cost": 578604.27, "Plan Rows": 100, "Plan Width": 34, "Sort Key": ["(count(*)) DESC", "supplier.s_name"], "Plans": [{"Node Type": "Aggregate", "Strategy": "Hashed", "Parent Relationship": "Outer", "Startup Cost": 578229.36, "Total Cost": 578230.79, "Plan Rows": 9172, "Plan Width": 34, "Group By Key": ["supplier.s_name"], "Plans": [{"Node Type": "Streaming(type: LOCAL REDISTRIBUTE dop: 64/64)", "Parent Relationship": "Outer", "Startup Cost": 283866.77, "Total Cost": 578228.64, "Plan Rows": 9172, "Plan Width": 26, "Plans": [{"Node Type": "Hash Join", "Parent Relationship": "Outer", "Join Type": "Semi", "Startup Cost": 283866.77, "Total Cost": 577928.76, "Plan Rows": 9172, "Plan Width": 26, "Inner Unique": false, "Hash Cond": "(orders.o_orderkey = l2.l_orderkey)", "Join Filter": "(l2.l_suppkey <> l1.l_suppkey)", "Plans": [{"Node Type": "Streaming(type: LOCAL REDISTRIBUTE dop: 64/64)", "Parent Relationship": "Outer", "Startup Cost": 218573.09, "Total Cost": 512631.13, "Plan Rows": 9655, "Plan Width": 50, "Plans": [{"Node Type": "Hash Join", "Parent Relationship": "Outer", "Join Type": "Anti", "Startup Cost": 218573.09, "Total Cost": 449621.98, "Plan Rows": 9655, "Plan Width": 50, "Inner Unique": false, "Hash Cond": "(l1.l_orderkey = l3.l_orderkey)", "Join Filter": "(l3.l_suppkey <> l1.l_suppkey)", "Plans": [{"Node Type": "Streaming(type: LOCAL REDISTRIBUTE dop: 64/64)", "Parent Relationship": "Outer", "Startup Cost": 143588.19, "Total Cost": 374602.56, "Plan Rows": 193099, "Plan Width": 50, "Plans": [{"Node Type": "Hash Join", "Parent Relationship": "Outer", "Join Type": "Inner", "Startup Cost": 143588.19, "Total Cost": 311419.64, "Plan Rows": 193099, "Plan Width": 50, "Inner Unique": true, "Hash Cond": "(l1.l_orderkey = orders.o_orderkey), (LLVM Optimized)", "Plans": [{"Node Type": "Streaming(type: BROADCAST dop: 64/64)", "Parent Relationship": "Outer", "Startup Cost": 71906.2, "Total Cost": 239134.82, "Plan Rows": 9773248, "Plan Width": 42, "Plans": [{"Node Type": "Hash Join", "Parent Relationship": "Outer", "Join Type": "Inner", "Startup Cost": 71906.2, "Total Cost": 169931.1, "Plan Rows": 152707, "Plan Width": 42, "Inner Unique": false, "Hash Cond": "(l1.l_suppkey = supplier.s_suppkey), (LLVM Optimized)", "Plans": [{"Node Type": "Seq Scan", "Parent Relationship": "Outer", "Relation Name": "lineitem", "Alias": "l1", "Startup Cost": 0.0, "Total Cost": 96829.42, "Plan Rows": 19995678, "Plan Width": 16, "Filter": "(l_receiptdate > l_commitdate), (LLVM Optimized)"}, {"Node Type": "Hash", "Parent Relationship": "Inner", "Startup Cost": 71856.2, "Total Cost": 71856.2, "Plan Rows": 256000, "Plan Width": 34, "Plans": [{"Node Type": "Streaming(type: BROADCAST dop: 64/1)", "Parent Relationship": "Outer", "Startup Cost": 1.32, "Total Cost": 71856.2, "Plan Rows": 256000, "Plan Width": 34, "Plans": [{"Node Type": "Hash Join", "Parent Relationship": "Outer", "Join Type": "Inner", "Startup Cost": 1.32, "Total Cost": 3574.95, "Plan Rows": 4000, "Plan Width": 34, "Inner Unique": true, "Hash Cond": "(supplier.s_nationkey = nation.n_nationkey)", "Plans": [{"Node Type": "Seq Scan", "Parent Relationship": "Outer", "Relation Name": "supplier", "Alias": "supplier", "Startup Cost": 0.0, "Total Cost": 3283.0, "Plan Rows": 100000, "Plan Width": 38}, {"Node Type": "Hash", "Parent Relationship": "Inner", "Startup Cost": 1.31, "Total Cost": 1.31, "Plan Rows": 1, "Plan Width": 4, "Plans": [{"Node Type": "Seq Scan", "Parent Relationship": "Outer", "Relation Name": "nation", "Alias": "nation", "Startup Cost": 0.0, "Total Cost": 1.31, "Plan Rows": 1, "Plan Width": 4, "Filter": "(n_name = 'EGYPT'::bpchar)"}]}]}]}]}]}]}, {"Node Type": "Hash", "Parent Relationship": "Inner", "Startup Cost": 70248.63, "Total Cost": 70248.63, "Plan Rows": 7338812, "Plan Width": 8, "Plans": [{"Node Type": "Seq Scan", "Parent Relationship": "Outer", "Relation Name": "orders", "Alias": "orders", "Startup Cost": 0.0, "Total Cost": 70248.63, "Plan Rows": 7338812, "Plan Width": 8, "Filter": "(o_orderstatus = 'F'::bpchar), (LLVM Optimized)"}]}]}]}, {"Node Type": "Hash", "Parent Relationship": "Inner", "Startup Cost": 178770.64, "Total Cost": 178770.64, "Plan Rows": 19995678, "Plan Width": 16, "Plans": [{"Node Type": "Streaming(type: LOCAL REDISTRIBUTE dop: 64/64)", "Parent Relationship": "Outer", "Startup Cost": 0.0, "Total Cost": 178770.64, "Plan Rows": 19995678, "Plan Width": 16, "Plans": [{"Node Type": "Seq Scan", "Parent Relationship": "Outer", "Relation Name": "lineitem", "Alias": "l3", "Startup Cost": 0.0, "Total Cost": 96829.42, "Plan Rows": 19995678, "Plan Width": 16, "Filter": "(l_receiptdate > l_commitdate), (LLVM Optimized)"}]}]}]}]}, {"Node Type": "Hash", "Parent Relationship": "Inner", "Startup Cost": 214309.83, "Total Cost": 214309.83, "Plan Rows": 59987033, "Plan Width": 16, "Plans": [{"Node Type": "Streaming(type: LOCAL REDISTRIBUTE dop: 64/64)", "Parent Relationship": "Outer", "Startup Cost": 0.0, "Total Cost": 214309.83, "Plan Rows": 59987033, "Plan Width": 16, "Plans": [{"Node Type": "Seq Scan", "Parent Relationship": "Outer", "Relation Name": "lineitem", "Alias": "l2", "Startup Cost": 0.0, "Total Cost": 94486.18, "Plan Rows": 59987033, "Plan Width": 16}]}]}]}]}]}]}]}]}]}]}, "Unique SQL Id": 3870093320}, "explain_analyze_plan": {"Plan": {"Node Type": "Limit", "Startup Cost": 578585.46, "Total Cost": 578585.71, "Plan Rows": 100, "Plan Width": 34, "Actual Min Startup Time": 7798.992, "Actual Max Startup Time": 7798.992, "Actual Min Total Time": 7799.011, "Actual Max Total Time": 7799.011, "Actual Total Rows": 100, "Plans": [{"Node Type": "Sort", "Parent Relationship": "Outer", "Startup Cost": 578585.46, "Total Cost": 578585.71, "Plan Rows": 100, "Plan Width": 34, "Actual Min Startup Time": 7798.99, "Actual Max Startup Time": 7798.99, "Actual Min Total Time": 7798.999, "Actual Max Total Time": 7798.999, "Actual Total Rows": 100, "Sort Key": ["(count(*)) DESC", "supplier.s_name"], "Sort Method": "top-N heapsort", "Sort Space Min Used": 40, "Sort Space Max Used": 40, "Sort Space Type": "Memory", "Plans": [{"Node Type": "Streaming(type: LOCAL GATHER dop: 1/64)", "Parent Relationship": "Outer", "Startup Cost": 578581.34, "Total Cost": 578582.13, "Plan Rows": 100, "Plan Width": 34, "Actual Min Startup Time": 7795.542, "Actual Max Startup Time": 7795.542, "Actual Min Total Time": 7797.214, "Actual Max Total Time": 7797.214, "Actual Total Rows": 3981, "Plans": [{"Node Type": "Limit", "Parent Relationship": "Outer", "Startup Cost": 578581.34, "Total Cost": 578581.59, "Plan Rows": 100, "Plan Width": 34, "Actual Min Startup Time": 6914.12, "Actual Max Startup Time": 7225.363, "Actual Min Total Time": 6914.135, "Actual Max Total Time": 7225.378, "Actual Total Rows": 3981, "Plans": [{"Node Type": "Sort", "Parent Relationship": "Outer", "Startup Cost": 578581.34, "Total Cost": 578604.27, "Plan Rows": 100, "Plan Width": 34, "Actual Min Startup Time": 6914.118, "Actual Max Startup Time": 7225.36, "Actual Min Total Time": 6914.124, "Actual Max Total Time": 7225.366, "Actual Total Rows": 3981, "Sort Key": ["(count(*)) DESC", "supplier.s_name"], "Sort Method": "quicksort", "Sort Space Min Used": 30, "Sort Space Max Used": 30, "Sort Space Type": "Memory", "Plans": [{"Node Type": "Aggregate", "Strategy": "Hashed", "Parent Relationship": "Outer", "Startup Cost": 578229.36, "Total Cost": 578230.79, "Plan Rows": 9172, "Plan Width": 34, "Actual Min Startup Time": 6913.969, "Actual Max Startup Time": 7225.239, "Actual Min Total Time": 6913.985, "Actual Max Total Time": 7225.255, "Actual Total Rows": 3981, "Group By Key": ["supplier.s_name"], "Plans": [{"Node Type": "Streaming(type: LOCAL REDISTRIBUTE dop: 64/64)", "Parent Relationship": "Outer", "Startup Cost": 283866.77, "Total Cost": 578228.64, "Plan Rows": 9172, "Plan Width": 26, "Actual Min Startup Time": 6903.606, "Actual Max Startup Time": 7214.281, "Actual Min Total Time": 6913.639, "Actual Max Total Time": 7224.957, "Actual Total Rows": 39445, "Plans": [{"Node Type": "Hash Join", "Parent Relationship": "Outer", "Join Type": "Semi", "Startup Cost": 283866.77, "Total Cost": 577928.76, "Plan Rows": 9172, "Plan Width": 26, "Actual Min Startup Time": 4907.149, "Actual Max Startup Time": 5234.279, "Actual Min Total Time": 6846.486, "Actual Max Total Time": 7183.522, "Actual Total Rows": 39445, "Inner Unique": false, "Hash Cond": "(orders.o_orderkey = l2.l_orderkey)", "Join Filter": "(l2.l_suppkey <> l1.l_suppkey)", "Rows Removed by Join Filter": 42084, "Plans": [{"Node Type": "Streaming(type: LOCAL REDISTRIBUTE dop: 64/64)", "Parent Relationship": "Outer", "Startup Cost": 218573.09, "Total Cost": 512631.13, "Plan Rows": 9655, "Plan Width": 50, "Actual Min Startup Time": 0.365, "Actual Max Startup Time": 157.652, "Actual Min Total Time": 1996.222, "Actual Max Total Time": 2003.415, "Actual Total Rows": 66116, "Plans": [{"Node Type": "Hash Join", "Parent Relationship": "Outer", "Join Type": "Anti", "Startup Cost": 218573.09, "Total Cost": 449621.98, "Plan Rows": 9655, "Plan Width": 50, "Actual Min Startup Time": 4389.144, "Actual Max Startup Time": 5088.636, "Actual Min Total Time": 6830.133, "Actual Max Total Time": 7215.882, "Actual Total Rows": 66116, "Inner Unique": false, "Hash Cond": "(l1.l_orderkey = l3.l_orderkey)", "Join Filter": "(l3.l_suppkey <> l1.l_suppkey)", "Rows Removed by Join Filter": 265448, "Plans": [{"Node Type": "Streaming(type: LOCAL REDISTRIBUTE dop: 64/64)", "Parent Relationship": "Outer", "Startup Cost": 143588.19, "Total Cost": 374602.56, "Plan Rows": 193099, "Plan Width": 50, "Actual Min Startup Time": 2.686, "Actual Max Startup Time": 468.345, "Actual Min Total Time": 2388.81, "Actual Max Total Time": 2494.526, "Actual Total Rows": 729618, "Plans": [{"Node Type": "Hash Join", "Parent Relationship": "Outer", "Join Type": "Inner", "Startup Cost": 143588.19, "Total Cost": 311419.64, "Plan Rows": 193099, "Plan Width": 50, "Actual Min Startup Time": 328.031, "Actual Max Startup Time": 857.405, "Actual Min Total Time": 5000.369, "Actual Max Total Time": 7075.369, "Actual Total Rows": 729618, "Inner Unique": true, "Hash Cond": "(l1.l_orderkey = orders.o_orderkey), (LLVM Optimized, Jit Execute)", "Plans": [{"Node Type": "Streaming(type: BROADCAST dop: 64/64)", "Parent Relationship": "Outer", "Startup Cost": 71906.2, "Total Cost": 239134.82, "Plan Rows": 9773248, "Plan Width": 42, "Actual Min Startup Time": 137.356, "Actual Max Startup Time": 642.151, "Actual Min Total Time": 3765.372, "Actual Max Total Time": 6059.609, "Actual Total Rows": 96705536, "Plans": [{"Node Type": "Hash Join", "Parent Relationship": "Outer", "Join Type": "Inner", "Startup Cost": 71906.2, "Total Cost": 169931.1, "Plan Rows": 152707, "Plan Width": 42, "Actual Min Startup Time": 317.736, "Actual Max Startup Time": 738.731, "Actual Min Total Time": 1030.246, "Actual Max Total Time": 1547.909, "Actual Total Rows": 1511024, "Inner Unique": false, "Hash Cond": "(l1.l_suppkey = supplier.s_suppkey), (LLVM Optimized, Jit Execute)", "Plans": [{"Node Type": "Seq Scan", "Parent Relationship": "Outer", "Relation Name": "lineitem", "Alias": "l1", "Startup Cost": 0.0, "Total Cost": 96829.42, "Plan Rows": 19995678, "Plan Width": 16, "Actual Min Startup Time": 0.028, "Actual Max Startup Time": 0.097, "Actual Min Total Time": 423.343, "Actual Max Total Time": 569.448, "Actual Total Rows": 37929348, "Filter": "(l_receiptdate > l_commitdate), (LLVM Optimized, Jit Execute)", "Rows Removed by Filter": 22056704}, {"Node Type": "Hash", "Parent Relationship": "Inner", "Startup Cost": 71856.2, "Total Cost": 71856.2, "Plan Rows": 256000, "Plan Width": 34, "Actual Min Startup Time": 317.536, "Actual Max Startup Time": 738.616, "Actual Min Total Time": 317.536, "Actual Max Total Time": 738.616, "Actual Total Rows": 254784, "Max Hash Buckets": 32768, "Min Hash Buckets": 32768, "Max Hash Batches": 1, "Min Hash Batches": 1, "Max Original Hash Batches": 1, "Min Original Hash Batches": 1, "Max Peak Memory Usage": 280, "min Peak Memory Usage": 280, "Plans": [{"Node Type": "Streaming(type: BROADCAST dop: 64/1)", "Parent Relationship": "Outer", "Startup Cost": 1.32, "Total Cost": 71856.2, "Plan Rows": 256000, "Plan Width": 34, "Actual Min Startup Time": 0.037, "Actual Max Startup Time": 184.922, "Actual Min Total Time": 314.151, "Actual Max Total Time": 736.27, "Actual Total Rows": 254784, "Plans": [{"Node Type": "Hash Join", "Parent Relationship": "Outer", "Join Type": "Inner", "Startup Cost": 1.32, "Total Cost": 3574.95, "Plan Rows": 4000, "Plan Width": 34, "Actual Min Startup Time": 0.167, "Actual Max Startup Time": 0.167, "Actual Min Total Time": 52.587, "Actual Max Total Time": 52.587, "Actual Total Rows": 3981, "Inner Unique": true, "Hash Cond": "(supplier.s_nationkey = nation.n_nationkey)", "Plans": [{"Node Type": "Seq Scan", "Parent Relationship": "Outer", "Relation Name": "supplier", "Alias": "supplier", "Startup Cost": 0.0, "Total Cost": 3283.0, "Plan Rows": 100000, "Plan Width": 38, "Actual Min Startup Time": 0.022, "Actual Max Startup Time": 0.022, "Actual Min Total Time": 31.994, "Actual Max Total Time": 31.994, "Actual Total Rows": 100000}, {"Node Type": "Hash", "Parent Relationship": "Inner", "Startup Cost": 1.31, "Total Cost": 1.31, "Plan Rows": 1, "Plan Width": 4, "Actual Min Startup Time": 0.06, "Actual Max Startup Time": 0.06, "Actual Min Total Time": 0.06, "Actual Max Total Time": 0.06, "Actual Total Rows": 1, "Max Hash Buckets": 32768, "Min Hash Buckets": 32768, "Max Hash Batches": 1, "Min Hash Batches": 1, "Max Original Hash Batches": 1, "Min Original Hash Batches": 1, "Max Peak Memory Usage": 1, "min Peak Memory Usage": 1, "Plans": [{"Node Type": "Seq Scan", "Parent Relationship": "Outer", "Relation Name": "nation", "Alias": "nation", "Startup Cost": 0.0, "Total Cost": 1.31, "Plan Rows": 1, "Plan Width": 4, "Actual Min Startup Time": 0.037, "Actual Max Startup Time": 0.037, "Actual Min Total Time": 0.044, "Actual Max Total Time": 0.044, "Actual Total Rows": 1, "Filter": "(n_name = 'EGYPT'::bpchar)", "Rows Removed by Filter": 24}]}]}]}]}]}]}, {"Node Type": "Hash", "Parent Relationship": "Inner", "Startup Cost": 70248.63, "Total Cost": 70248.63, "Plan Rows": 7338812, "Plan Width": 8, "Actual Min Startup Time": 132.867, "Actual Max Startup Time": 282.379, "Actual Min Total Time": 132.867, "Actual Max Total Time": 282.379, "Actual Total Rows": 7309184, "Max Hash Buckets": 131072, "Min Hash Buckets": 131072, "Max Hash Batches": 1, "Min Hash Batches": 1, "Max Original Hash Batches": 1, "Min Original Hash Batches": 1, "Max Peak Memory Usage": 4542, "min Peak Memory Usage": 4542, "Plans": [{"Node Type": "Seq Scan", "Parent Relationship": "Outer", "Relation Name": "orders", "Alias": "orders", "Startup Cost": 0.0, "Total Cost": 70248.63, "Plan Rows": 7338812, "Plan Width": 8, "Actual Min Startup Time": 0.028, "Actual Max Startup Time": 3.642, "Actual Min Total Time": 100.735, "Actual Max Total Time": 125.655, "Actual Total Rows": 7309184, "Filter": "(o_orderstatus = 'F'::bpchar), (LLVM Optimized, Jit Execute)", "Rows Removed by Filter": 7690816}]}]}]}, {"Node Type": "Hash", "Parent Relationship": "Inner", "Startup Cost": 178770.64, "Total Cost": 178770.64, "Plan Rows": 19995678, "Plan Width": 16, "Actual Min Startup Time": 4321.083, "Actual Max Startup Time": 4713.711, "Actual Min Total Time": 4321.083, "Actual Max Total Time": 4713.711, "Actual Total Rows": 37929348, "Max Hash Buckets": 524288, "Min Hash Buckets": 524288, "Max Hash Batches": 1, "Min Hash Batches": 1, "Max Original Hash Batches": 1, "Min Original Hash Batches": 1, "Max Peak Memory Usage": 27746, "min Peak Memory Usage": 27746, "Plans": [{"Node Type": "Streaming(type: LOCAL REDISTRIBUTE dop: 64/64)", "Parent Relationship": "Outer", "Startup Cost": 0.0, "Total Cost": 178770.64, "Plan Rows": 19995678, "Plan Width": 16, "Actual Min Startup Time": 0.135, "Actual Max Startup Time": 269.653, "Actual Min Total Time": 4058.419, "Actual Max Total Time": 4440.43, "Actual Total Rows": 37929348, "Plans": [{"Node Type": "Seq Scan", "Parent Relationship": "Outer", "Relation Name": "lineitem", "Alias": "l3", "Startup Cost": 0.0, "Total Cost": 96829.42, "Plan Rows": 19995678, "Plan Width": 16, "Actual Min Startup Time": 0.022, "Actual Max Startup Time": 0.476, "Actual Min Total Time": 488.072, "Actual Max Total Time": 549.268, "Actual Total Rows": 37929348, "Filter": "(l_receiptdate > l_commitdate), (LLVM Optimized, Jit Execute)", "Rows Removed by Filter": 22056704}]}]}]}]}, {"Node Type": "Hash", "Parent Relationship": "Inner", "Startup Cost": 214309.83, "Total Cost": 214309.83, "Plan Rows": 59987033, "Plan Width": 16, "Actual Min Startup Time": 4828.385, "Actual Max Startup Time": 5179.776, "Actual Min Total Time": 4828.385, "Actual Max Total Time": 5179.776, "Actual Total Rows": 59986052, "Max Hash Buckets": 1048576, "Min Hash Buckets": 1048576, "Max Hash Batches": 1, "Min Hash Batches": 1, "Max Original Hash Batches": 1, "Min Original Hash Batches": 1, "Max Peak Memory Usage": 43870, "min Peak Memory Usage": 43870, "Plans": [{"Node Type": "Streaming(type: LOCAL REDISTRIBUTE dop: 64/64)", "Parent Relationship": "Outer", "Startup Cost": 0.0, "Total Cost": 214309.83, "Plan Rows": 59987033, "Plan Width": 16, "Actual Min Startup Time": 0.133, "Actual Max Startup Time": 226.909, "Actual Min Total Time": 4279.788, "Actual Max Total Time": 4800.711, "Actual Total Rows": 59986052, "Plans": [{"Node Type": "Seq Scan", "Parent Relationship": "Outer", "Relation Name": "lineitem", "Alias": "l2", "Startup Cost": 0.0, "Total Cost": 94486.18, "Plan Rows": 59987033, "Plan Width": 16, "Actual Min Startup Time": 0.013, "Actual Max Startup Time": 0.084, "Actual Min Total Time": 369.422, "Actual Max Total Time": 393.711, "Actual Total Rows": 59986052}]}]}]}]}]}]}]}]}]}]}, "Triggers": [], "Planner Runtime": 18.954, "Total Runtime": 7930.79, "Unique SQL Id": 3870093320}}, "(64, 75)": {"explain_plan": {"Plan": {"Node Type": "Limit", "Startup Cost": 6001037270730.47, "Total Cost": 6001037270730.72, "Plan Rows": 100, "Plan Width": 34, "Plans": [{"Node Type": "Sort", "Parent Relationship": "Outer", "Startup Cost": 6001037270730.47, "Total Cost": 6001037270753.4, "Plan Rows": 100, "Plan Width": 34, "Sort Key": ["(count(*)) DESC", "supplier.s_name"], "Plans": [{"Node Type": "Aggregate", "Strategy": "Hashed", "Parent Relationship": "Outer", "Startup Cost": 6001037270288.2, "Total Cost": 6001037270379.92, "Plan Rows": 9172, "Plan Width": 34, "Group By Key": ["supplier.s_name"], "Plans": [{"Node Type": "Hash Join", "Parent Relationship": "Outer", "Join Type": "Inner", "Startup Cost": 2040036961707.02, "Total Cost": 6001037270242.34, "Plan Rows": 9172, "Plan Width": 26, "Inner Unique": true, "Hash Cond": "(supplier.s_nationkey = nation.n_nationkey)", "Plans": [{"Node Type": "Hash Join", "Parent Relationship": "Outer", "Join Type": "Inner", "Startup Cost": 1040036960438.26, "Total Cost": 5001037268296.33, "Plan Rows": 229305, "Plan Width": 30, "Inner Unique": true, "Hash Cond": "(l1.l_suppkey = supplier.s_suppkey), (LLVM Optimized)", "Plans": [{"Node Type": "Merge Join", "Parent Relationship": "Outer", "Join Type": "Inner", "Startup Cost": 40036425616.82, "Total Cost": 4001036728206.72, "Plan Rows": 1201020, "Plan Width": 8, "Inner Unique": true, "Merge Cond": "(l1.l_orderkey = orders.o_orderkey)", "Plans": [{"Node Type": "Merge Join", "Parent Relationship": "Outer", "Join Type": "Semi", "Startup Cost": 30000000000.0, "Total Cost": 3001006768519.97, "Plan Rows": 949795, "Plan Width": 24, "Inner Unique": false, "Merge Cond": "(l1.l_orderkey = l2.l_orderkey), (LLVM Optimized)", "Join Filter": "(l2.l_suppkey <> l1.l_suppkey), (LLVM Optimized)", "Plans": [{"Node Type": "Merge Join", "Parent Relationship": "Outer", "Join Type": "Anti", "Startup Cost": 20000000000.0, "Total Cost": 2000682365976.25, "Plan Rows": 999784, "Plan Width": 16, "Inner Unique": false, "Merge Cond": "(l1.l_orderkey = l3.l_orderkey), (LLVM Optimized)", "Join Filter": "(l3.l_suppkey <> l1.l_suppkey), (LLVM Optimized)", "Plans": [{"Node Type": "Index Scan", "Parent Relationship": "Outer", "Scan Direction": "Forward", "Index Name": "idx_lineitem_orderkey", "Relation Name": "lineitem", "Alias": "l1", "Startup Cost": 10000000000.0, "Total Cost": 1000339012132.75, "Plan Rows": 19995678, "Plan Width": 16, "Filter": "(l_receiptdate > l_commitdate), (LLVM Optimized)"}, {"Node Type": "Materialize", "Parent Relationship": "Inner", "Startup Cost": 10000000000.0, "Total Cost": 1000339062121.94, "Plan Rows": 19995678, "Plan Width": 16, "Plans": [{"Node Type": "Index Scan", "Parent Relationship": "Outer", "Scan Direction": "Forward", "Index Name": "idx_lineitem_orderkey", "Relation Name": "lineitem", "Alias": "l3", "Startup Cost": 10000000000.0, "Total Cost": 1000339012132.75, "Plan Rows": 19995678, "Plan Width": 16, "Filter": "(l_receiptdate > l_commitdate), (LLVM Optimized)"}]}]}, {"Node Type": "Index Scan", "Parent Relationship": "Inner", "Scan Direction": "Forward", "Index Name": "idx_lineitem_orderkey", "Relation Name": "lineitem", "Alias": "l2", "Startup Cost": 10000000000.0, "Total Cost": 1000324015374.5, "Plan Rows": 59987033, "Plan Width": 16}]}, {"Node Type": "Index Scan", "Parent Relationship": "Inner", "Scan Direction": "Forward", "Index Name": "orders_pkey", "Relation Name": "orders", "Alias": "orders", "Startup Cost": 10000000000.0, "Total Cost": 1000076847713.25, "Plan Rows": 7338812, "Plan Width": 8, "Filter": "(o_orderstatus = 'F'::bpchar), (LLVM Optimized)"}]}, {"Node Type": "Hash", "Parent Relationship": "Inner", "Startup Cost": 1000000533571.43, "Total Cost": 1000000533571.43, "Plan Rows": 100000, "Plan Width": 38, "Plans": [{"Node Type": "Index Scan", "Parent Relationship": "Outer", "Scan Direction": "Forward", "Index Name": "supplier_pkey", "Relation Name": "supplier", "Alias": "supplier", "Startup Cost": 10000000000.0, "Total Cost": 1000000533571.43, "Plan Rows": 100000, "Plan Width": 38}]}]}, {"Node Type": "Hash", "Parent Relationship": "Inner", "Startup Cost": 1000000001268.75, "Total Cost": 1000000001268.75, "Plan Rows": 1, "Plan Width": 4, "Plans": [{"Node Type": "Index Scan", "Parent Relationship": "Outer", "Scan Direction": "Forward", "Index Name": "nation_pkey", "Relation Name": "nation", "Alias": "nation", "Startup Cost": 10000000000.0, "Total Cost": 1000000001268.75, "Plan Rows": 1, "Plan Width": 4, "Filter": "(n_name = 'EGYPT'::bpchar)"}]}]}]}]}]}, "Unique SQL Id": 3870093320}, "explain_analyze_plan": null}, "(64, 76)": {"explain_plan": {"Plan": {"Node Type": "Limit", "Startup Cost": 229712.71, "Total Cost": 229712.96, "Plan Rows": 100, "Plan Width": 34, "Plans": [{"Node Type": "Sort", "Parent Relationship": "Outer", "Startup Cost": 229712.71, "Total Cost": 229735.64, "Plan Rows": 100, "Plan Width": 34, "Sort Key": ["(count(*)) DESC", "supplier.s_name"], "Plans": [{"Node Type": "Aggregate", "Strategy": "Hashed", "Parent Relationship": "Outer", "Startup Cost": 229270.44, "Total Cost": 229362.16, "Plan Rows": 9172, "Plan Width": 34, "Group By Key": ["supplier.s_name"], "Plans": [{"Node Type": "Nested Loop", "Parent Relationship": "Outer", "Join Type": "Inner", "Startup Cost": 71906.2, "Total Cost": 229224.58, "Plan Rows": 9172, "Plan Width": 26, "Inner Unique": true, "Join Filter": "(l1.l_orderkey = orders.o_orderkey)", "Plans": [{"Node Type": "Nested Loop", "Parent Relationship": "Outer", "Join Type": "Semi", "Startup Cost": 71906.2, "Total Cost": 222124.21, "Plan Rows": 7254, "Plan Width": 42, "Inner Unique": false, "Plans": [{"Node Type": "Nested Loop", "Parent Relationship": "Outer", "Join Type": "Anti", "Startup Cost": 71906.2, "Total Cost": 220268.65, "Plan Rows": 7635, "Plan Width": 42, "Inner Unique": false, "Plans": [{"Node Type": "Streaming(type: LOCAL GATHER dop: 1/64)", "Parent Relationship": "Outer", "Startup Cost": 71906.2, "Total Cost": 173081.43, "Plan Rows": 152707, "Plan Width": 42, "Plans": [{"Node Type": "Hash Join", "Parent Relationship": "Outer", "Join Type": "Inner", "Startup Cost": 71906.2, "Total Cost": 169931.1, "Plan Rows": 152707, "Plan Width": 42, "Inner Unique": false, "Hash Cond": "(l1.l_suppkey = supplier.s_suppkey), (LLVM Optimized)", "Plans": [{"Node Type": "Seq Scan", "Parent Relationship": "Outer", "Relation Name": "lineitem", "Alias": "l1", "Startup Cost": 0.0, "Total Cost": 96829.42, "Plan Rows": 19995678, "Plan Width": 16, "Filter": "(l_receiptdate > l_commitdate), (LLVM Optimized)"}, {"Node Type": "Hash", "Parent Relationship": "Inner", "Startup Cost": 71856.2, "Total Cost": 71856.2, "Plan Rows": 256000, "Plan Width": 34, "Plans": [{"Node Type": "Streaming(type: BROADCAST dop: 64/1)", "Parent Relationship": "Outer", "Startup Cost": 1.32, "Total Cost": 71856.2, "Plan Rows": 256000, "Plan Width": 34, "Plans": [{"Node Type": "Hash Join", "Parent Relationship": "Outer", "Join Type": "Inner", "Startup Cost": 1.32, "Total Cost": 3574.95, "Plan Rows": 4000, "Plan Width": 34, "Inner Unique": true, "Hash Cond": "(supplier.s_nationkey = nation.n_nationkey)", "Plans": [{"Node Type": "Seq Scan", "Parent Relationship": "Outer", "Relation Name": "supplier", "Alias": "supplier", "Startup Cost": 0.0, "Total Cost": 3283.0, "Plan Rows": 100000, "Plan Width": 38}, {"Node Type": "Hash", "Parent Relationship": "Inner", "Startup Cost": 1.31, "Total Cost": 1.31, "Plan Rows": 1, "Plan Width": 4, "Plans": [{"Node Type": "Seq Scan", "Parent Relationship": "Outer", "Relation Name": "nation", "Alias": "nation", "Startup Cost": 0.0, "Total Cost": 1.31, "Plan Rows": 1, "Plan Width": 4, "Filter": "(n_name = 'EGYPT'::bpchar)"}]}]}]}]}]}]}, {"Node Type": "Index Scan", "Parent Relationship": "Inner", "Scan Direction": "Forward", "Index Name": "idx_lineitem_orderkey", "Relation Name": "lineitem", "Alias": "l3", "Startup Cost": 0.0, "Total Cost": 1.63, "Plan Rows": 3, "Plan Width": 16, "Index Cond": "(l_orderkey = l1.l_orderkey)", "Filter": "((l_receiptdate > l_commitdate) AND (l_suppkey <> l1.l_suppkey))"}]}, {"Node Type": "Index Scan", "Parent Relationship": "Inner", "Scan Direction": "Forward", "Index Name": "idx_lineitem_orderkey", "Relation Name": "lineitem", "Alias": "l2", "Startup Cost": 0.0, "Total Cost": 1.63, "Plan Rows": 9, "Plan Width": 16, "Index Cond": "(l_orderkey = l1.l_orderkey)", "Filter": "(l_suppkey <> l1.l_suppkey)"}]}, {"Node Type": "Index Scan", "Parent Relationship": "Inner", "Scan Direction": "Forward", "Index Name": "orders_pkey", "Relation Name": "orders", "Alias": "orders", "Startup Cost": 0.0, "Total Cost": 0.97, "Plan Rows": 1, "Plan Width": 8, "Index Cond": "(o_orderkey = l2.l_orderkey)", "Filter": "(o_orderstatus = 'F'::bpchar)"}]}]}]}]}, "Unique SQL Id": 3870093320}, "explain_analyze_plan": {"Plan": {"Node Type": "Limit", "Startup Cost": 229712.71, "Total Cost": 229712.96, "Plan Rows": 100, "Plan Width": 34, "Actual Min Startup Time": 13636.309, "Actual Max Startup Time": 13636.309, "Actual Min Total Time": 13636.327, "Actual Max Total Time": 13636.327, "Actual Total Rows": 100, "Plans": [{"Node Type": "Sort", "Parent Relationship": "Outer", "Startup Cost": 229712.71, "Total Cost": 229735.64, "Plan Rows": 100, "Plan Width": 34, "Actual Min Startup Time": 13636.305, "Actual Max Startup Time": 13636.305, "Actual Min Total Time": 13636.311, "Actual Max Total Time": 13636.311, "Actual Total Rows": 100, "Sort Key": ["(count(*)) DESC", "supplier.s_name"], "Sort Method": "top-N heapsort", "Sort Space Min Used": 41, "Sort Space Max Used": 41, "Sort Space Type": "Memory", "Plans": [{"Node Type": "Aggregate", "Strategy": "Hashed", "Parent Relationship": "Outer", "Startup Cost": 229270.44, "Total Cost": 229362.16, "Plan Rows": 9172, "Plan Width": 34, "Actual Min Startup Time": 13632.846, "Actual Max Startup Time": 13632.846, "Actual Min Total Time": 13634.137, "Actual Max Total Time": 13634.137, "Actual Total Rows": 3981, "Group By Key": ["supplier.s_name"], "Plans": [{"Node Type": "Nested Loop", "Parent Relationship": "Outer", "Join Type": "Inner", "Startup Cost": 71906.2, "Total Cost": 229224.58, "Plan Rows": 9172, "Plan Width": 26, "Actual Min Startup Time": 512.775, "Actual Max Startup Time": 512.775, "Actual Min Total Time": 13579.691, "Actual Max Total Time": 13579.691, "Actual Total Rows": 39445, "Inner Unique": true, "Join Filter": "(l1.l_orderkey = orders.o_orderkey)", "Rows Removed by Join Filter": 0, "Plans": [{"Node Type": "Nested Loop", "Parent Relationship": "Outer", "Join Type": "Semi", "Startup Cost": 71906.2, "Total Cost": 222124.21, "Plan Rows": 7254, "Plan Width": 42, "Actual Min Startup Time": 512.571, "Actual Max Startup Time": 512.571, "Actual Min Total Time": 12928.423, "Actual Max Total Time": 12928.423, "Actual Total Rows": 80537, "Inner Unique": false, "Plans": [{"Node Type": "Nested Loop", "Parent Relationship": "Outer", "Join Type": "Anti", "Startup Cost": 71906.2, "Total Cost": 220268.65, "Plan Rows": 7635, "Plan Width": 42, "Actual Min Startup Time": 512.276, "Actual Max Startup Time": 512.276, "Actual Min Total Time": 12331.031, "Actual Max Total Time": 12331.031, "Actual Total Rows": 135110, "Inner Unique": false, "Plans": [{"Node Type": "Streaming(type: LOCAL GATHER dop: 1/64)", "Parent Relationship": "Outer", "Startup Cost": 71906.2, "Total Cost": 173081.43, "Plan Rows": 152707, "Plan Width": 42, "Actual Min Startup Time": 512.176, "Actual Max Startup Time": 512.176, "Actual Min Total Time": 1439.978, "Actual Max Total Time": 1439.978, "Actual Total Rows": 1511024, "Plans": [{"Node Type": "Hash Join", "Parent Relationship": "Outer", "Join Type": "Inner", "Startup Cost": 71906.2, "Total Cost": 169931.1, "Plan Rows": 152707, "Plan Width": 42, "Actual Min Startup Time": 228.244, "Actual Max Startup Time": 394.247, "Actual Min Total Time": 773.975, "Actual Max Total Time": 997.986, "Actual Total Rows": 1511024, "Inner Unique": false, "Hash Cond": "(l1.l_suppkey = supplier.s_suppkey), (LLVM Optimized, Jit Execute)", "Plans": [{"Node Type": "Seq Scan", "Parent Relationship": "Outer", "Relation Name": "lineitem", "Alias": "l1", "Startup Cost": 0.0, "Total Cost": 96829.42, "Plan Rows": 19995678, "Plan Width": 16, "Actual Min Startup Time": 0.024, "Actual Max Startup Time": 0.057, "Actual Min Total Time": 399.743, "Actual Max Total Time": 428.009, "Actual Total Rows": 37929348, "Filter": "(l_receiptdate > l_commitdate), (LLVM Optimized, Jit Execute)", "Rows Removed by Filter": 22056704}, {"Node Type": "Hash", "Parent Relationship": "Inner", "Startup Cost": 71856.2, "Total Cost": 71856.2, "Plan Rows": 256000, "Plan Width": 34, "Actual Min Startup Time": 228.117, "Actual Max Startup Time": 394.061, "Actual Min Total Time": 228.117, "Actual Max Total Time": 394.061, "Actual Total Rows": 254784, "Max Hash Buckets": 32768, "Min Hash Buckets": 32768, "Max Hash Batches": 1, "Min Hash Batches": 1, "Max Original Hash Batches": 1, "Min Original Hash Batches": 1, "Max Peak Memory Usage": 280, "min Peak Memory Usage": 280, "Plans": [{"Node Type": "Streaming(type: BROADCAST dop: 64/1)", "Parent Relationship": "Outer", "Startup Cost": 1.32, "Total Cost": 71856.2, "Plan Rows": 256000, "Plan Width": 34, "Actual Min Startup Time": 0.031, "Actual Max Startup Time": 0.086, "Actual Min Total Time": 226.542, "Actual Max Total Time": 392.45, "Actual Total Rows": 254784, "Plans": [{"Node Type": "Hash Join", "Parent Relationship": "Outer", "Join Type": "Inner", "Startup Cost": 1.32, "Total Cost": 3574.95, "Plan Rows": 4000, "Plan Width": 34, "Actual Min Startup Time": 0.169, "Actual Max Startup Time": 0.169, "Actual Min Total Time": 53.537, "Actual Max Total Time": 53.537, "Actual Total Rows": 3981, "Inner Unique": true, "Hash Cond": "(supplier.s_nationkey = nation.n_nationkey)", "Plans": [{"Node Type": "Seq Scan", "Parent Relationship": "Outer", "Relation Name": "supplier", "Alias": "supplier", "Startup Cost": 0.0, "Total Cost": 3283.0, "Plan Rows": 100000, "Plan Width": 38, "Actual Min Startup Time": 0.029, "Actual Max Startup Time": 0.029, "Actual Min Total Time": 33.55, "Actual Max Total Time": 33.55, "Actual Total Rows": 100000}, {"Node Type": "Hash", "Parent Relationship": "Inner", "Startup Cost": 1.31, "Total Cost": 1.31, "Plan Rows": 1, "Plan Width": 4, "Actual Min Startup Time": 0.052, "Actual Max Startup Time": 0.052, "Actual Min Total Time": 0.052, "Actual Max Total Time": 0.052, "Actual Total Rows": 1, "Max Hash Buckets": 32768, "Min Hash Buckets": 32768, "Max Hash Batches": 1, "Min Hash Batches": 1, "Max Original Hash Batches": 1, "Min Original Hash Batches": 1, "Max Peak Memory Usage": 1, "min Peak Memory Usage": 1, "Plans": [{"Node Type": "Seq Scan", "Parent Relationship": "Outer", "Relation Name": "nation", "Alias": "nation", "Startup Cost": 0.0, "Total Cost": 1.31, "Plan Rows": 1, "Plan Width": 4, "Actual Min Startup Time": 0.029, "Actual Max Startup Time": 0.029, "Actual Min Total Time": 0.035, "Actual Max Total Time": 0.035, "Actual Total Rows": 1, "Filter": "(n_name = 'EGYPT'::bpchar)", "Rows Removed by Filter": 24}]}]}]}]}]}]}, {"Node Type": "Index Scan", "Parent Relationship": "Inner", "Scan Direction": "Forward", "Index Name": "idx_lineitem_orderkey", "Relation Name": "lineitem", "Alias": "l3", "Startup Cost": 0.0, "Total Cost": 1.63, "Plan Rows": 3, "Plan Width": 16, "Actual Min Startup Time": 9862.102, "Actual Max Startup Time": 9862.102, "Actual Min Total Time": 9862.102, "Actual Max Total Time": 9862.102, "Actual Total Rows": 1375914, "Index Cond": "(l_orderkey = l1.l_orderkey)", "Rows Removed by Index Recheck": 0, "Filter": "((l_receiptdate > l_commitdate) AND (l_suppkey <> l1.l_suppkey))", "Rows Removed by Filter": 1348115}]}, {"Node Type": "Index Scan", "Parent Relationship": "Inner", "Scan Direction": "Forward", "Index Name": "idx_lineitem_orderkey", "Relation Name": "lineitem", "Alias": "l2", "Startup Cost": 0.0, "Total Cost": 1.63, "Plan Rows": 9, "Plan Width": 16, "Actual Min Startup Time": 499.737, "Actual Max Startup Time": 499.737, "Actual Min Total Time": 499.737, "Actual Max Total Time": 499.737, "Actual Total Rows": 80537, "Index Cond": "(l_orderkey = l1.l_orderkey)", "Rows Removed by Index Recheck": 0, "Filter": "(l_suppkey <> l1.l_suppkey)", "Rows Removed by Filter": 85912}]}, {"Node Type": "Index Scan", "Parent Relationship": "Inner", "Scan Direction": "Forward", "Index Name": "orders_pkey", "Relation Name": "orders", "Alias": "orders", "Startup Cost": 0.0, "Total Cost": 0.97, "Plan Rows": 1, "Plan Width": 8, "Actual Min Startup Time": 584.577, "Actual Max Startup Time": 584.577, "Actual Min Total Time": 584.577, "Actual Max Total Time": 584.577, "Actual Total Rows": 39445, "Index Cond": "(o_orderkey = l2.l_orderkey)", "Rows Removed by Index Recheck": 0, "Filter": "(o_orderstatus = 'F'::bpchar)", "Rows Removed by Filter": 41092}]}]}]}]}, "Triggers": [], "Planner Runtime": 14.895, "Total Runtime": 13661.622, "Unique SQL Id": 3870093320}}, "(64, 77)": {"explain_plan": {"Plan": {"Node Type": "Limit", "Startup Cost": 2849947.01, "Total Cost": 2849947.26, "Plan Rows": 100, "Plan Width": 34, "Plans": [{"Node Type": "Sort", "Parent Relationship": "Outer", "Startup Cost": 2849947.01, "Total Cost": 2849969.94, "Plan Rows": 100, "Plan Width": 34, "Sort Key": ["(count(*)) DESC", "supplier.s_name"], "Plans": [{"Node Type": "Aggregate", "Strategy": "Hashed", "Parent Relationship": "Outer", "Startup Cost": 2849504.74, "Total Cost": 2849596.46, "Plan Rows": 9172, "Plan Width": 34, "Group By Key": ["supplier.s_name"], "Plans": [{"Node Type": "Nested Loop", "Parent Relationship": "Outer", "Join Type": "Inner", "Startup Cost": 73970.29, "Total Cost": 2849458.88, "Plan Rows": 9172, "Plan Width": 26, "Inner Unique": true, "Join Filter": "(l1.l_orderkey = orders.o_orderkey)", "Plans": [{"Node Type": "Nested Loop", "Parent Relationship": "Outer", "Join Type": "Semi", "Startup Cost": 73970.29, "Total Cost": 2842358.51, "Plan Rows": 7254, "Plan Width": 42, "Inner Unique": false, "Plans": [{"Node Type": "Nested Loop", "Parent Relationship": "Outer", "Join Type": "Anti", "Startup Cost": 73970.29, "Total Cost": 2840502.95, "Plan Rows": 7635, "Plan Width": 42, "Inner Unique": false, "Plans": [{"Node Type": "Streaming(type: LOCAL GATHER dop: 1/64)", "Parent Relationship": "Outer", "Startup Cost": 73970.29, "Total Cost": 2793315.73, "Plan Rows": 152707, "Plan Width": 42, "Plans": [{"Node Type": "Hash Join", "Parent Relationship": "Outer", "Join Type": "Inner", "Startup Cost": 73970.29, "Total Cost": 2790165.4, "Plan Rows": 152707, "Plan Width": 42, "Inner Unique": false, "Hash Cond": "(l1.l_suppkey = supplier.s_suppkey), (LLVM Optimized)", "Plans": [{"Node Type": "Index Scan", "Parent Relationship": "Outer", "Scan Direction": "Forward", "Index Name": "idx_lineitem_orderkey", "Relation Name": "lineitem", "Alias": "l1", "Startup Cost": 0.0, "Total Cost": 2714999.63, "Plan Rows": 19995678, "Plan Width": 16, "Filter": "(l_receiptdate > l_commitdate), (LLVM Optimized)"}, {"Node Type": "Hash", "Parent Relationship": "Inner", "Startup Cost": 73920.29, "Total Cost": 73920.29, "Plan Rows": 256000, "Plan Width": 34, "Plans": [{"Node Type": "Streaming(type: BROADCAST dop: 64/1)", "Parent Relationship": "Outer", "Startup Cost": 12.7, "Total Cost": 73920.29, "Plan Rows": 256000, "Plan Width": 34, "Plans": [{"Node Type": "Hash Join", "Parent Relationship": "Outer", "Join Type": "Inner", "Startup Cost": 12.7, "Total Cost": 5639.04, "Plan Rows": 4000, "Plan Width": 34, "Inner Unique": true, "Hash Cond": "(supplier.s_nationkey = nation.n_nationkey)", "Plans": [{"Node Type": "Index Scan", "Parent Relationship": "Outer", "Scan Direction": "Forward", "Index Name": "supplier_pkey", "Relation Name": "supplier", "Alias": "supplier", "Startup Cost": 0.0, "Total Cost": 5335.71, "Plan Rows": 100000, "Plan Width": 38}, {"Node Type": "Hash", "Parent Relationship": "Inner", "Startup Cost": 12.69, "Total Cost": 12.69, "Plan Rows": 1, "Plan Width": 4, "Plans": [{"Node Type": "Index Scan", "Parent Relationship": "Outer", "Scan Direction": "Forward", "Index Name": "nation_pkey", "Relation Name": "nation", "Alias": "nation", "Startup Cost": 0.0, "Total Cost": 12.69, "Plan Rows": 1, "Plan Width": 4, "Filter": "(n_name = 'EGYPT'::bpchar)"}]}]}]}]}]}]}, {"Node Type": "Index Scan", "Parent Relationship": "Inner", "Scan Direction": "Forward", "Index Name": "idx_lineitem_orderkey", "Relation Name": "lineitem", "Alias": "l3", "Startup Cost": 0.0, "Total Cost": 1.63, "Plan Rows": 3, "Plan Width": 16, "Index Cond": "(l_orderkey = l1.l_orderkey)", "Filter": "((l_receiptdate > l_commitdate) AND (l_suppkey <> l1.l_suppkey))"}]}, {"Node Type": "Index Scan", "Parent Relationship": "Inner", "Scan Direction": "Forward", "Index Name": "idx_lineitem_orderkey", "Relation Name": "lineitem", "Alias": "l2", "Startup Cost": 0.0, "Total Cost": 1.63, "Plan Rows": 9, "Plan Width": 16, "Index Cond": "(l_orderkey = l1.l_orderkey)", "Filter": "(l_suppkey <> l1.l_suppkey)"}]}, {"Node Type": "Index Scan", "Parent Relationship": "Inner", "Scan Direction": "Forward", "Index Name": "orders_pkey", "Relation Name": "orders", "Alias": "orders", "Startup Cost": 0.0, "Total Cost": 0.97, "Plan Rows": 1, "Plan Width": 8, "Index Cond": "(o_orderkey = l2.l_orderkey)", "Filter": "(o_orderstatus = 'F'::bpchar)"}]}]}]}]}, "Unique SQL Id": 3870093320}, "explain_analyze_plan": {"Plan": {"Node Type": "Limit", "Startup Cost": 2849947.01, "Total Cost": 2849947.26, "Plan Rows": 100, "Plan Width": 34, "Actual Min Startup Time": 13508.662, "Actual Max Startup Time": 13508.662, "Actual Min Total Time": 13508.68, "Actual Max Total Time": 13508.68, "Actual Total Rows": 100, "Plans": [{"Node Type": "Sort", "Parent Relationship": "Outer", "Startup Cost": 2849947.01, "Total Cost": 2849969.94, "Plan Rows": 100, "Plan Width": 34, "Actual Min Startup Time": 13508.659, "Actual Max Startup Time": 13508.659, "Actual Min Total Time": 13508.666, "Actual Max Total Time": 13508.666, "Actual Total Rows": 100, "Sort Key": ["(count(*)) DESC", "supplier.s_name"], "Sort Method": "top-N heapsort", "Sort Space Min Used": 41, "Sort Space Max Used": 41, "Sort Space Type": "Memory", "Plans": [{"Node Type": "Aggregate", "Strategy": "Hashed", "Parent Relationship": "Outer", "Startup Cost": 2849504.74, "Total Cost": 2849596.46, "Plan Rows": 9172, "Plan Width": 34, "Actual Min Startup Time": 13505.048, "Actual Max Startup Time": 13505.048, "Actual Min Total Time": 13506.352, "Actual Max Total Time": 13506.352, "Actual Total Rows": 3981, "Group By Key": ["supplier.s_name"], "Plans": [{"Node Type": "Nested Loop", "Parent Relationship": "Outer", "Join Type": "Inner", "Startup Cost": 73970.29, "Total Cost": 2849458.88, "Plan Rows": 9172, "Plan Width": 26, "Actual Min Startup Time": 866.952, "Actual Max Startup Time": 866.952, "Actual Min Total Time": 13452.829, "Actual Max Total Time": 13452.829, "Actual Total Rows": 39445, "Inner Unique": true, "Join Filter": "(l1.l_orderkey = orders.o_orderkey)", "Rows Removed by Join Filter": 0, "Plans": [{"Node Type": "Nested Loop", "Parent Relationship": "Outer", "Join Type": "Semi", "Startup Cost": 73970.29, "Total Cost": 2842358.51, "Plan Rows": 7254, "Plan Width": 42, "Actual Min Startup Time": 866.923, "Actual Max Startup Time": 866.923, "Actual Min Total Time": 12841.457, "Actual Max Total Time": 12841.457, "Actual Total Rows": 80537, "Inner Unique": false, "Plans": [{"Node Type": "Nested Loop", "Parent Relationship": "Outer", "Join Type": "Anti", "Startup Cost": 73970.29, "Total Cost": 2840502.95, "Plan Rows": 7635, "Plan Width": 42, "Actual Min Startup Time": 866.522, "Actual Max Startup Time": 866.522, "Actual Min Total Time": 12248.776, "Actual Max Total Time": 12248.776, "Actual Total Rows": 135110, "Inner Unique": false, "Plans": [{"Node Type": "Streaming(type: LOCAL GATHER dop: 1/64)", "Parent Relationship": "Outer", "Startup Cost": 73970.29, "Total Cost": 2793315.73, "Plan Rows": 152707, "Plan Width": 42, "Actual Min Startup Time": 866.275, "Actual Max Startup Time": 866.275, "Actual Min Total Time": 1637.063, "Actual Max Total Time": 1637.063, "Actual Total Rows": 1511024, "Plans": [{"Node Type": "Hash Join", "Parent Relationship": "Outer", "Join Type": "Inner", "Startup Cost": 73970.29, "Total Cost": 2790165.4, "Plan Rows": 152707, "Plan Width": 42, "Actual Min Startup Time": 656.699, "Actual Max Startup Time": 791.999, "Actual Min Total Time": 1464.928, "Actual Max Total Time": 1710.32, "Actual Total Rows": 1511024, "Inner Unique": false, "Hash Cond": "(l1.l_suppkey = supplier.s_suppkey), (LLVM Optimized, Jit Execute)", "Plans": [{"Node Type": "Index Scan", "Parent Relationship": "Outer", "Scan Direction": "Forward", "Index Name": "idx_lineitem_orderkey", "Relation Name": "lineitem", "Alias": "l1", "Startup Cost": 0.0, "Total Cost": 2714999.63, "Plan Rows": 19995678, "Plan Width": 16, "Actual Min Startup Time": 456.81, "Actual Max Startup Time": 457.425, "Actual Min Total Time": 1109.899, "Actual Max Total Time": 1280.547, "Actual Total Rows": 37929348, "Filter": "(l_receiptdate > l_commitdate), (LLVM Optimized, Jit Execute)", "Rows Removed by Filter": 22056704}, {"Node Type": "Hash", "Parent Relationship": "Inner", "Startup Cost": 73920.29, "Total Cost": 73920.29, "Plan Rows": 256000, "Plan Width": 34, "Actual Min Startup Time": 199.503, "Actual Max Startup Time": 334.947, "Actual Min Total Time": 199.503, "Actual Max Total Time": 334.947, "Actual Total Rows": 254784, "Max Hash Buckets": 32768, "Min Hash Buckets": 32768, "Max Hash Batches": 1, "Min Hash Batches": 1, "Max Original Hash Batches": 1, "Min Original Hash Batches": 1, "Max Peak Memory Usage": 280, "min Peak Memory Usage": 280, "Plans": [{"Node Type": "Streaming(type: BROADCAST dop: 64/1)", "Parent Relationship": "Outer", "Startup Cost": 12.7, "Total Cost": 73920.29, "Plan Rows": 256000, "Plan Width": 34, "Actual Min Startup Time": 0.028, "Actual Max Startup Time": 30.459, "Actual Min Total Time": 198.406, "Actual Max Total Time": 333.648, "Actual Total Rows": 254784, "Plans": [{"Node Type": "Hash Join", "Parent Relationship": "Outer", "Join Type": "Inner", "Startup Cost": 12.7, "Total Cost": 5639.04, "Plan Rows": 4000, "Plan Width": 34, "Actual Min Startup Time": 0.261, "Actual Max Startup Time": 0.261, "Actual Min Total Time": 73.364, "Actual Max Total Time": 73.364, "Actual Total Rows": 3981, "Inner Unique": true, "Hash Cond": "(supplier.s_nationkey = nation.n_nationkey)", "Plans": [{"Node Type": "Index Scan", "Parent Relationship": "Outer", "Scan Direction": "Forward", "Index Name": "supplier_pkey", "Relation Name": "supplier", "Alias": "supplier", "Startup Cost": 0.0, "Total Cost": 5335.71, "Plan Rows": 100000, "Plan Width": 38, "Actual Min Startup Time": 0.048, "Actual Max Startup Time": 0.048, "Actual Min Total Time": 53.248, "Actual Max Total Time": 53.248, "Actual Total Rows": 100000}, {"Node Type": "Hash", "Parent Relationship": "Inner", "Startup Cost": 12.69, "Total Cost": 12.69, "Plan Rows": 1, "Plan Width": 4, "Actual Min Startup Time": 0.066, "Actual Max Startup Time": 0.066, "Actual Min Total Time": 0.066, "Actual Max Total Time": 0.066, "Actual Total Rows": 1, "Max Hash Buckets": 32768, "Min Hash Buckets": 32768, "Max Hash Batches": 1, "Min Hash Batches": 1, "Max Original Hash Batches": 1, "Min Original Hash Batches": 1, "Max Peak Memory Usage": 1, "min Peak Memory Usage": 1, "Plans": [{"Node Type": "Index Scan", "Parent Relationship": "Outer", "Scan Direction": "Forward", "Index Name": "nation_pkey", "Relation Name": "nation", "Alias": "nation", "Startup Cost": 0.0, "Total Cost": 12.69, "Plan Rows": 1, "Plan Width": 4, "Actual Min Startup Time": 0.041, "Actual Max Startup Time": 0.041, "Actual Min Total Time": 0.054, "Actual Max Total Time": 0.054, "Actual Total Rows": 1, "Filter": "(n_name = 'EGYPT'::bpchar)", "Rows Removed by Filter": 24}]}]}]}]}]}]}, {"Node Type": "Index Scan", "Parent Relationship": "Inner", "Scan Direction": "Forward", "Index Name": "idx_lineitem_orderkey", "Relation Name": "lineitem", "Alias": "l3", "Startup Cost": 0.0, "Total Cost": 1.63, "Plan Rows": 3, "Plan Width": 16, "Actual Min Startup Time": 9590.99, "Actual Max Startup Time": 9590.99, "Actual Min Total Time": 9590.99, "Actual Max Total Time": 9590.99, "Actual Total Rows": 1375914, "Index Cond": "(l_orderkey = l1.l_orderkey)", "Rows Removed by Index Recheck": 0, "Filter": "((l_receiptdate > l_commitdate) AND (l_suppkey <> l1.l_suppkey))", "Rows Removed by Filter": 1348115}]}, {"Node Type": "Index Scan", "Parent Relationship": "Inner", "Scan Direction": "Forward", "Index Name": "idx_lineitem_orderkey", "Relation Name": "lineitem", "Alias": "l2", "Startup Cost": 0.0, "Total Cost": 1.63, "Plan Rows": 9, "Plan Width": 16, "Actual Min Startup Time": 498.83, "Actual Max Startup Time": 498.83, "Actual Min Total Time": 498.83, "Actual Max Total Time": 498.83, "Actual Total Rows": 80537, "Index Cond": "(l_orderkey = l1.l_orderkey)", "Rows Removed by Index Recheck": 0, "Filter": "(l_suppkey <> l1.l_suppkey)", "Rows Removed by Filter": 85912}]}, {"Node Type": "Index Scan", "Parent Relationship": "Inner", "Scan Direction": "Forward", "Index Name": "orders_pkey", "Relation Name": "orders", "Alias": "orders", "Startup Cost": 0.0, "Total Cost": 0.97, "Plan Rows": 1, "Plan Width": 8, "Actual Min Startup Time": 546.674, "Actual Max Startup Time": 546.674, "Actual Min Total Time": 546.674, "Actual Max Total Time": 546.674, "Actual Total Rows": 39445, "Index Cond": "(o_orderkey = l2.l_orderkey)", "Rows Removed by Index Recheck": 0, "Filter": "(o_orderstatus = 'F'::bpchar)", "Rows Removed by Filter": 41092}]}]}]}]}, "Triggers": [], "Planner Runtime": 13.48, "Total Runtime": 13534.765, "Unique SQL Id": 3870093320}}, "(64, 78)": {"explain_plan": {"Plan": {"Node Type": "Limit", "Startup Cost": 578585.46, "Total Cost": 578585.71, "Plan Rows": 100, "Plan Width": 34, "Plans": [{"Node Type": "Sort", "Parent Relationship": "Outer", "Startup Cost": 578585.46, "Total Cost": 578585.71, "Plan Rows": 100, "Plan Width": 34, "Sort Key": ["(count(*)) DESC", "supplier.s_name"], "Plans": [{"Node Type": "Streaming(type: LOCAL GATHER dop: 1/64)", "Parent Relationship": "Outer", "Startup Cost": 578581.34, "Total Cost": 578582.13, "Plan Rows": 100, "Plan Width": 34, "Plans": [{"Node Type": "Limit", "Parent Relationship": "Outer", "Startup Cost": 578581.34, "Total Cost": 578581.59, "Plan Rows": 100, "Plan Width": 34, "Plans": [{"Node Type": "Sort", "Parent Relationship": "Outer", "Startup Cost": 578581.34, "Total Cost": 578604.27, "Plan Rows": 100, "Plan Width": 34, "Sort Key": ["(count(*)) DESC", "supplier.s_name"], "Plans": [{"Node Type": "Aggregate", "Strategy": "Hashed", "Parent Relationship": "Outer", "Startup Cost": 578229.36, "Total Cost": 578230.79, "Plan Rows": 9172, "Plan Width": 34, "Group By Key": ["supplier.s_name"], "Plans": [{"Node Type": "Streaming(type: LOCAL REDISTRIBUTE dop: 64/64)", "Parent Relationship": "Outer", "Startup Cost": 283866.77, "Total Cost": 578228.64, "Plan Rows": 9172, "Plan Width": 26, "Plans": [{"Node Type": "Hash Join", "Parent Relationship": "Outer", "Join Type": "Semi", "Startup Cost": 283866.77, "Total Cost": 577928.76, "Plan Rows": 9172, "Plan Width": 26, "Inner Unique": false, "Hash Cond": "(orders.o_orderkey = l2.l_orderkey)", "Join Filter": "(l2.l_suppkey <> l1.l_suppkey)", "Plans": [{"Node Type": "Streaming(type: LOCAL REDISTRIBUTE dop: 64/64)", "Parent Relationship": "Outer", "Startup Cost": 218573.09, "Total Cost": 512631.13, "Plan Rows": 9655, "Plan Width": 50, "Plans": [{"Node Type": "Hash Join", "Parent Relationship": "Outer", "Join Type": "Anti", "Startup Cost": 218573.09, "Total Cost": 449621.98, "Plan Rows": 9655, "Plan Width": 50, "Inner Unique": false, "Hash Cond": "(l1.l_orderkey = l3.l_orderkey)", "Join Filter": "(l3.l_suppkey <> l1.l_suppkey)", "Plans": [{"Node Type": "Streaming(type: LOCAL REDISTRIBUTE dop: 64/64)", "Parent Relationship": "Outer", "Startup Cost": 143588.19, "Total Cost": 374602.56, "Plan Rows": 193099, "Plan Width": 50, "Plans": [{"Node Type": "Hash Join", "Parent Relationship": "Outer", "Join Type": "Inner", "Startup Cost": 143588.19, "Total Cost": 311419.64, "Plan Rows": 193099, "Plan Width": 50, "Inner Unique": true, "Hash Cond": "(l1.l_orderkey = orders.o_orderkey), (LLVM Optimized)", "Plans": [{"Node Type": "Streaming(type: BROADCAST dop: 64/64)", "Parent Relationship": "Outer", "Startup Cost": 71906.2, "Total Cost": 239134.82, "Plan Rows": 9773248, "Plan Width": 42, "Plans": [{"Node Type": "Hash Join", "Parent Relationship": "Outer", "Join Type": "Inner", "Startup Cost": 71906.2, "Total Cost": 169931.1, "Plan Rows": 152707, "Plan Width": 42, "Inner Unique": false, "Hash Cond": "(l1.l_suppkey = supplier.s_suppkey), (LLVM Optimized)", "Plans": [{"Node Type": "Seq Scan", "Parent Relationship": "Outer", "Relation Name": "lineitem", "Alias": "l1", "Startup Cost": 0.0, "Total Cost": 96829.42, "Plan Rows": 19995678, "Plan Width": 16, "Filter": "(l_receiptdate > l_commitdate), (LLVM Optimized)"}, {"Node Type": "Hash", "Parent Relationship": "Inner", "Startup Cost": 71856.2, "Total Cost": 71856.2, "Plan Rows": 256000, "Plan Width": 34, "Plans": [{"Node Type": "Streaming(type: BROADCAST dop: 64/1)", "Parent Relationship": "Outer", "Startup Cost": 1.32, "Total Cost": 71856.2, "Plan Rows": 256000, "Plan Width": 34, "Plans": [{"Node Type": "Hash Join", "Parent Relationship": "Outer", "Join Type": "Inner", "Startup Cost": 1.32, "Total Cost": 3574.95, "Plan Rows": 4000, "Plan Width": 34, "Inner Unique": true, "Hash Cond": "(supplier.s_nationkey = nation.n_nationkey)", "Plans": [{"Node Type": "Seq Scan", "Parent Relationship": "Outer", "Relation Name": "supplier", "Alias": "supplier", "Startup Cost": 0.0, "Total Cost": 3283.0, "Plan Rows": 100000, "Plan Width": 38}, {"Node Type": "Hash", "Parent Relationship": "Inner", "Startup Cost": 1.31, "Total Cost": 1.31, "Plan Rows": 1, "Plan Width": 4, "Plans": [{"Node Type": "Seq Scan", "Parent Relationship": "Outer", "Relation Name": "nation", "Alias": "nation", "Startup Cost": 0.0, "Total Cost": 1.31, "Plan Rows": 1, "Plan Width": 4, "Filter": "(n_name = 'EGYPT'::bpchar)"}]}]}]}]}]}]}, {"Node Type": "Hash", "Parent Relationship": "Inner", "Startup Cost": 70248.63, "Total Cost": 70248.63, "Plan Rows": 7338812, "Plan Width": 8, "Plans": [{"Node Type": "Seq Scan", "Parent Relationship": "Outer", "Relation Name": "orders", "Alias": "orders", "Startup Cost": 0.0, "Total Cost": 70248.63, "Plan Rows": 7338812, "Plan Width": 8, "Filter": "(o_orderstatus = 'F'::bpchar), (LLVM Optimized)"}]}]}]}, {"Node Type": "Hash", "Parent Relationship": "Inner", "Startup Cost": 178770.64, "Total Cost": 178770.64, "Plan Rows": 19995678, "Plan Width": 16, "Plans": [{"Node Type": "Streaming(type: LOCAL REDISTRIBUTE dop: 64/64)", "Parent Relationship": "Outer", "Startup Cost": 0.0, "Total Cost": 178770.64, "Plan Rows": 19995678, "Plan Width": 16, "Plans": [{"Node Type": "Seq Scan", "Parent Relationship": "Outer", "Relation Name": "lineitem", "Alias": "l3", "Startup Cost": 0.0, "Total Cost": 96829.42, "Plan Rows": 19995678, "Plan Width": 16, "Filter": "(l_receiptdate > l_commitdate), (LLVM Optimized)"}]}]}]}]}, {"Node Type": "Hash", "Parent Relationship": "Inner", "Startup Cost": 214309.83, "Total Cost": 214309.83, "Plan Rows": 59987033, "Plan Width": 16, "Plans": [{"Node Type": "Streaming(type: LOCAL REDISTRIBUTE dop: 64/64)", "Parent Relationship": "Outer", "Startup Cost": 0.0, "Total Cost": 214309.83, "Plan Rows": 59987033, "Plan Width": 16, "Plans": [{"Node Type": "Seq Scan", "Parent Relationship": "Outer", "Relation Name": "lineitem", "Alias": "l2", "Startup Cost": 0.0, "Total Cost": 94486.18, "Plan Rows": 59987033, "Plan Width": 16}]}]}]}]}]}]}]}]}]}]}, "Unique SQL Id": 3870093320}, "explain_analyze_plan": {"Plan": {"Node Type": "Limit", "Startup Cost": 578585.46, "Total Cost": 578585.71, "Plan Rows": 100, "Plan Width": 34, "Actual Min Startup Time": 7798.992, "Actual Max Startup Time": 7798.992, "Actual Min Total Time": 7799.011, "Actual Max Total Time": 7799.011, "Actual Total Rows": 100, "Plans": [{"Node Type": "Sort", "Parent Relationship": "Outer", "Startup Cost": 578585.46, "Total Cost": 578585.71, "Plan Rows": 100, "Plan Width": 34, "Actual Min Startup Time": 7798.99, "Actual Max Startup Time": 7798.99, "Actual Min Total Time": 7798.999, "Actual Max Total Time": 7798.999, "Actual Total Rows": 100, "Sort Key": ["(count(*)) DESC", "supplier.s_name"], "Sort Method": "top-N heapsort", "Sort Space Min Used": 40, "Sort Space Max Used": 40, "Sort Space Type": "Memory", "Plans": [{"Node Type": "Streaming(type: LOCAL GATHER dop: 1/64)", "Parent Relationship": "Outer", "Startup Cost": 578581.34, "Total Cost": 578582.13, "Plan Rows": 100, "Plan Width": 34, "Actual Min Startup Time": 7795.542, "Actual Max Startup Time": 7795.542, "Actual Min Total Time": 7797.214, "Actual Max Total Time": 7797.214, "Actual Total Rows": 3981, "Plans": [{"Node Type": "Limit", "Parent Relationship": "Outer", "Startup Cost": 578581.34, "Total Cost": 578581.59, "Plan Rows": 100, "Plan Width": 34, "Actual Min Startup Time": 6914.12, "Actual Max Startup Time": 7225.363, "Actual Min Total Time": 6914.135, "Actual Max Total Time": 7225.378, "Actual Total Rows": 3981, "Plans": [{"Node Type": "Sort", "Parent Relationship": "Outer", "Startup Cost": 578581.34, "Total Cost": 578604.27, "Plan Rows": 100, "Plan Width": 34, "Actual Min Startup Time": 6914.118, "Actual Max Startup Time": 7225.36, "Actual Min Total Time": 6914.124, "Actual Max Total Time": 7225.366, "Actual Total Rows": 3981, "Sort Key": ["(count(*)) DESC", "supplier.s_name"], "Sort Method": "quicksort", "Sort Space Min Used": 30, "Sort Space Max Used": 30, "Sort Space Type": "Memory", "Plans": [{"Node Type": "Aggregate", "Strategy": "Hashed", "Parent Relationship": "Outer", "Startup Cost": 578229.36, "Total Cost": 578230.79, "Plan Rows": 9172, "Plan Width": 34, "Actual Min Startup Time": 6913.969, "Actual Max Startup Time": 7225.239, "Actual Min Total Time": 6913.985, "Actual Max Total Time": 7225.255, "Actual Total Rows": 3981, "Group By Key": ["supplier.s_name"], "Plans": [{"Node Type": "Streaming(type: LOCAL REDISTRIBUTE dop: 64/64)", "Parent Relationship": "Outer", "Startup Cost": 283866.77, "Total Cost": 578228.64, "Plan Rows": 9172, "Plan Width": 26, "Actual Min Startup Time": 6903.606, "Actual Max Startup Time": 7214.281, "Actual Min Total Time": 6913.639, "Actual Max Total Time": 7224.957, "Actual Total Rows": 39445, "Plans": [{"Node Type": "Hash Join", "Parent Relationship": "Outer", "Join Type": "Semi", "Startup Cost": 283866.77, "Total Cost": 577928.76, "Plan Rows": 9172, "Plan Width": 26, "Actual Min Startup Time": 4907.149, "Actual Max Startup Time": 5234.279, "Actual Min Total Time": 6846.486, "Actual Max Total Time": 7183.522, "Actual Total Rows": 39445, "Inner Unique": false, "Hash Cond": "(orders.o_orderkey = l2.l_orderkey)", "Join Filter": "(l2.l_suppkey <> l1.l_suppkey)", "Rows Removed by Join Filter": 42084, "Plans": [{"Node Type": "Streaming(type: LOCAL REDISTRIBUTE dop: 64/64)", "Parent Relationship": "Outer", "Startup Cost": 218573.09, "Total Cost": 512631.13, "Plan Rows": 9655, "Plan Width": 50, "Actual Min Startup Time": 0.365, "Actual Max Startup Time": 157.652, "Actual Min Total Time": 1996.222, "Actual Max Total Time": 2003.415, "Actual Total Rows": 66116, "Plans": [{"Node Type": "Hash Join", "Parent Relationship": "Outer", "Join Type": "Anti", "Startup Cost": 218573.09, "Total Cost": 449621.98, "Plan Rows": 9655, "Plan Width": 50, "Actual Min Startup Time": 4389.144, "Actual Max Startup Time": 5088.636, "Actual Min Total Time": 6830.133, "Actual Max Total Time": 7215.882, "Actual Total Rows": 66116, "Inner Unique": false, "Hash Cond": "(l1.l_orderkey = l3.l_orderkey)", "Join Filter": "(l3.l_suppkey <> l1.l_suppkey)", "Rows Removed by Join Filter": 265448, "Plans": [{"Node Type": "Streaming(type: LOCAL REDISTRIBUTE dop: 64/64)", "Parent Relationship": "Outer", "Startup Cost": 143588.19, "Total Cost": 374602.56, "Plan Rows": 193099, "Plan Width": 50, "Actual Min Startup Time": 2.686, "Actual Max Startup Time": 468.345, "Actual Min Total Time": 2388.81, "Actual Max Total Time": 2494.526, "Actual Total Rows": 729618, "Plans": [{"Node Type": "Hash Join", "Parent Relationship": "Outer", "Join Type": "Inner", "Startup Cost": 143588.19, "Total Cost": 311419.64, "Plan Rows": 193099, "Plan Width": 50, "Actual Min Startup Time": 328.031, "Actual Max Startup Time": 857.405, "Actual Min Total Time": 5000.369, "Actual Max Total Time": 7075.369, "Actual Total Rows": 729618, "Inner Unique": true, "Hash Cond": "(l1.l_orderkey = orders.o_orderkey), (LLVM Optimized, Jit Execute)", "Plans": [{"Node Type": "Streaming(type: BROADCAST dop: 64/64)", "Parent Relationship": "Outer", "Startup Cost": 71906.2, "Total Cost": 239134.82, "Plan Rows": 9773248, "Plan Width": 42, "Actual Min Startup Time": 137.356, "Actual Max Startup Time": 642.151, "Actual Min Total Time": 3765.372, "Actual Max Total Time": 6059.609, "Actual Total Rows": 96705536, "Plans": [{"Node Type": "Hash Join", "Parent Relationship": "Outer", "Join Type": "Inner", "Startup Cost": 71906.2, "Total Cost": 169931.1, "Plan Rows": 152707, "Plan Width": 42, "Actual Min Startup Time": 317.736, "Actual Max Startup Time": 738.731, "Actual Min Total Time": 1030.246, "Actual Max Total Time": 1547.909, "Actual Total Rows": 1511024, "Inner Unique": false, "Hash Cond": "(l1.l_suppkey = supplier.s_suppkey), (LLVM Optimized, Jit Execute)", "Plans": [{"Node Type": "Seq Scan", "Parent Relationship": "Outer", "Relation Name": "lineitem", "Alias": "l1", "Startup Cost": 0.0, "Total Cost": 96829.42, "Plan Rows": 19995678, "Plan Width": 16, "Actual Min Startup Time": 0.028, "Actual Max Startup Time": 0.097, "Actual Min Total Time": 423.343, "Actual Max Total Time": 569.448, "Actual Total Rows": 37929348, "Filter": "(l_receiptdate > l_commitdate), (LLVM Optimized, Jit Execute)", "Rows Removed by Filter": 22056704}, {"Node Type": "Hash", "Parent Relationship": "Inner", "Startup Cost": 71856.2, "Total Cost": 71856.2, "Plan Rows": 256000, "Plan Width": 34, "Actual Min Startup Time": 317.536, "Actual Max Startup Time": 738.616, "Actual Min Total Time": 317.536, "Actual Max Total Time": 738.616, "Actual Total Rows": 254784, "Max Hash Buckets": 32768, "Min Hash Buckets": 32768, "Max Hash Batches": 1, "Min Hash Batches": 1, "Max Original Hash Batches": 1, "Min Original Hash Batches": 1, "Max Peak Memory Usage": 280, "min Peak Memory Usage": 280, "Plans": [{"Node Type": "Streaming(type: BROADCAST dop: 64/1)", "Parent Relationship": "Outer", "Startup Cost": 1.32, "Total Cost": 71856.2, "Plan Rows": 256000, "Plan Width": 34, "Actual Min Startup Time": 0.037, "Actual Max Startup Time": 184.922, "Actual Min Total Time": 314.151, "Actual Max Total Time": 736.27, "Actual Total Rows": 254784, "Plans": [{"Node Type": "Hash Join", "Parent Relationship": "Outer", "Join Type": "Inner", "Startup Cost": 1.32, "Total Cost": 3574.95, "Plan Rows": 4000, "Plan Width": 34, "Actual Min Startup Time": 0.167, "Actual Max Startup Time": 0.167, "Actual Min Total Time": 52.587, "Actual Max Total Time": 52.587, "Actual Total Rows": 3981, "Inner Unique": true, "Hash Cond": "(supplier.s_nationkey = nation.n_nationkey)", "Plans": [{"Node Type": "Seq Scan", "Parent Relationship": "Outer", "Relation Name": "supplier", "Alias": "supplier", "Startup Cost": 0.0, "Total Cost": 3283.0, "Plan Rows": 100000, "Plan Width": 38, "Actual Min Startup Time": 0.022, "Actual Max Startup Time": 0.022, "Actual Min Total Time": 31.994, "Actual Max Total Time": 31.994, "Actual Total Rows": 100000}, {"Node Type": "Hash", "Parent Relationship": "Inner", "Startup Cost": 1.31, "Total Cost": 1.31, "Plan Rows": 1, "Plan Width": 4, "Actual Min Startup Time": 0.06, "Actual Max Startup Time": 0.06, "Actual Min Total Time": 0.06, "Actual Max Total Time": 0.06, "Actual Total Rows": 1, "Max Hash Buckets": 32768, "Min Hash Buckets": 32768, "Max Hash Batches": 1, "Min Hash Batches": 1, "Max Original Hash Batches": 1, "Min Original Hash Batches": 1, "Max Peak Memory Usage": 1, "min Peak Memory Usage": 1, "Plans": [{"Node Type": "Seq Scan", "Parent Relationship": "Outer", "Relation Name": "nation", "Alias": "nation", "Startup Cost": 0.0, "Total Cost": 1.31, "Plan Rows": 1, "Plan Width": 4, "Actual Min Startup Time": 0.037, "Actual Max Startup Time": 0.037, "Actual Min Total Time": 0.044, "Actual Max Total Time": 0.044, "Actual Total Rows": 1, "Filter": "(n_name = 'EGYPT'::bpchar)", "Rows Removed by Filter": 24}]}]}]}]}]}]}, {"Node Type": "Hash", "Parent Relationship": "Inner", "Startup Cost": 70248.63, "Total Cost": 70248.63, "Plan Rows": 7338812, "Plan Width": 8, "Actual Min Startup Time": 132.867, "Actual Max Startup Time": 282.379, "Actual Min Total Time": 132.867, "Actual Max Total Time": 282.379, "Actual Total Rows": 7309184, "Max Hash Buckets": 131072, "Min Hash Buckets": 131072, "Max Hash Batches": 1, "Min Hash Batches": 1, "Max Original Hash Batches": 1, "Min Original Hash Batches": 1, "Max Peak Memory Usage": 4542, "min Peak Memory Usage": 4542, "Plans": [{"Node Type": "Seq Scan", "Parent Relationship": "Outer", "Relation Name": "orders", "Alias": "orders", "Startup Cost": 0.0, "Total Cost": 70248.63, "Plan Rows": 7338812, "Plan Width": 8, "Actual Min Startup Time": 0.028, "Actual Max Startup Time": 3.642, "Actual Min Total Time": 100.735, "Actual Max Total Time": 125.655, "Actual Total Rows": 7309184, "Filter": "(o_orderstatus = 'F'::bpchar), (LLVM Optimized, Jit Execute)", "Rows Removed by Filter": 7690816}]}]}]}, {"Node Type": "Hash", "Parent Relationship": "Inner", "Startup Cost": 178770.64, "Total Cost": 178770.64, "Plan Rows": 19995678, "Plan Width": 16, "Actual Min Startup Time": 4321.083, "Actual Max Startup Time": 4713.711, "Actual Min Total Time": 4321.083, "Actual Max Total Time": 4713.711, "Actual Total Rows": 37929348, "Max Hash Buckets": 524288, "Min Hash Buckets": 524288, "Max Hash Batches": 1, "Min Hash Batches": 1, "Max Original Hash Batches": 1, "Min Original Hash Batches": 1, "Max Peak Memory Usage": 27746, "min Peak Memory Usage": 27746, "Plans": [{"Node Type": "Streaming(type: LOCAL REDISTRIBUTE dop: 64/64)", "Parent Relationship": "Outer", "Startup Cost": 0.0, "Total Cost": 178770.64, "Plan Rows": 19995678, "Plan Width": 16, "Actual Min Startup Time": 0.135, "Actual Max Startup Time": 269.653, "Actual Min Total Time": 4058.419, "Actual Max Total Time": 4440.43, "Actual Total Rows": 37929348, "Plans": [{"Node Type": "Seq Scan", "Parent Relationship": "Outer", "Relation Name": "lineitem", "Alias": "l3", "Startup Cost": 0.0, "Total Cost": 96829.42, "Plan Rows": 19995678, "Plan Width": 16, "Actual Min Startup Time": 0.022, "Actual Max Startup Time": 0.476, "Actual Min Total Time": 488.072, "Actual Max Total Time": 549.268, "Actual Total Rows": 37929348, "Filter": "(l_receiptdate > l_commitdate), (LLVM Optimized, Jit Execute)", "Rows Removed by Filter": 22056704}]}]}]}]}, {"Node Type": "Hash", "Parent Relationship": "Inner", "Startup Cost": 214309.83, "Total Cost": 214309.83, "Plan Rows": 59987033, "Plan Width": 16, "Actual Min Startup Time": 4828.385, "Actual Max Startup Time": 5179.776, "Actual Min Total Time": 4828.385, "Actual Max Total Time": 5179.776, "Actual Total Rows": 59986052, "Max Hash Buckets": 1048576, "Min Hash Buckets": 1048576, "Max Hash Batches": 1, "Min Hash Batches": 1, "Max Original Hash Batches": 1, "Min Original Hash Batches": 1, "Max Peak Memory Usage": 43870, "min Peak Memory Usage": 43870, "Plans": [{"Node Type": "Streaming(type: LOCAL REDISTRIBUTE dop: 64/64)", "Parent Relationship": "Outer", "Startup Cost": 0.0, "Total Cost": 214309.83, "Plan Rows": 59987033, "Plan Width": 16, "Actual Min Startup Time": 0.133, "Actual Max Startup Time": 226.909, "Actual Min Total Time": 4279.788, "Actual Max Total Time": 4800.711, "Actual Total Rows": 59986052, "Plans": [{"Node Type": "Seq Scan", "Parent Relationship": "Outer", "Relation Name": "lineitem", "Alias": "l2", "Startup Cost": 0.0, "Total Cost": 94486.18, "Plan Rows": 59987033, "Plan Width": 16, "Actual Min Startup Time": 0.013, "Actual Max Startup Time": 0.084, "Actual Min Total Time": 369.422, "Actual Max Total Time": 393.711, "Actual Total Rows": 59986052}]}]}]}]}]}]}]}]}]}]}, "Triggers": [], "Planner Runtime": 18.954, "Total Runtime": 7930.79, "Unique SQL Id": 3870093320}}, "(64, 79)": {"explain_plan": {"Plan": {"Node Type": "Limit", "Startup Cost": 6001037270730.47, "Total Cost": 6001037270730.72, "Plan Rows": 100, "Plan Width": 34, "Plans": [{"Node Type": "Sort", "Parent Relationship": "Outer", "Startup Cost": 6001037270730.47, "Total Cost": 6001037270753.4, "Plan Rows": 100, "Plan Width": 34, "Sort Key": ["(count(*)) DESC", "supplier.s_name"], "Plans": [{"Node Type": "Aggregate", "Strategy": "Hashed", "Parent Relationship": "Outer", "Startup Cost": 6001037270288.2, "Total Cost": 6001037270379.92, "Plan Rows": 9172, "Plan Width": 34, "Group By Key": ["supplier.s_name"], "Plans": [{"Node Type": "Hash Join", "Parent Relationship": "Outer", "Join Type": "Inner", "Startup Cost": 2040036961707.02, "Total Cost": 6001037270242.34, "Plan Rows": 9172, "Plan Width": 26, "Inner Unique": true, "Hash Cond": "(supplier.s_nationkey = nation.n_nationkey)", "Plans": [{"Node Type": "Hash Join", "Parent Relationship": "Outer", "Join Type": "Inner", "Startup Cost": 1040036960438.26, "Total Cost": 5001037268296.33, "Plan Rows": 229305, "Plan Width": 30, "Inner Unique": true, "Hash Cond": "(l1.l_suppkey = supplier.s_suppkey), (LLVM Optimized)", "Plans": [{"Node Type": "Merge Join", "Parent Relationship": "Outer", "Join Type": "Inner", "Startup Cost": 40036425616.82, "Total Cost": 4001036728206.72, "Plan Rows": 1201020, "Plan Width": 8, "Inner Unique": true, "Merge Cond": "(l1.l_orderkey = orders.o_orderkey)", "Plans": [{"Node Type": "Merge Join", "Parent Relationship": "Outer", "Join Type": "Semi", "Startup Cost": 30000000000.0, "Total Cost": 3001006768519.97, "Plan Rows": 949795, "Plan Width": 24, "Inner Unique": false, "Merge Cond": "(l1.l_orderkey = l2.l_orderkey), (LLVM Optimized)", "Join Filter": "(l2.l_suppkey <> l1.l_suppkey), (LLVM Optimized)", "Plans": [{"Node Type": "Merge Join", "Parent Relationship": "Outer", "Join Type": "Anti", "Startup Cost": 20000000000.0, "Total Cost": 2000682365976.25, "Plan Rows": 999784, "Plan Width": 16, "Inner Unique": false, "Merge Cond": "(l1.l_orderkey = l3.l_orderkey), (LLVM Optimized)", "Join Filter": "(l3.l_suppkey <> l1.l_suppkey), (LLVM Optimized)", "Plans": [{"Node Type": "Index Scan", "Parent Relationship": "Outer", "Scan Direction": "Forward", "Index Name": "idx_lineitem_orderkey", "Relation Name": "lineitem", "Alias": "l1", "Startup Cost": 10000000000.0, "Total Cost": 1000339012132.75, "Plan Rows": 19995678, "Plan Width": 16, "Filter": "(l_receiptdate > l_commitdate), (LLVM Optimized)"}, {"Node Type": "Materialize", "Parent Relationship": "Inner", "Startup Cost": 10000000000.0, "Total Cost": 1000339062121.94, "Plan Rows": 19995678, "Plan Width": 16, "Plans": [{"Node Type": "Index Scan", "Parent Relationship": "Outer", "Scan Direction": "Forward", "Index Name": "idx_lineitem_orderkey", "Relation Name": "lineitem", "Alias": "l3", "Startup Cost": 10000000000.0, "Total Cost": 1000339012132.75, "Plan Rows": 19995678, "Plan Width": 16, "Filter": "(l_receiptdate > l_commitdate), (LLVM Optimized)"}]}]}, {"Node Type": "Index Scan", "Parent Relationship": "Inner", "Scan Direction": "Forward", "Index Name": "idx_lineitem_orderkey", "Relation Name": "lineitem", "Alias": "l2", "Startup Cost": 10000000000.0, "Total Cost": 1000324015374.5, "Plan Rows": 59987033, "Plan Width": 16}]}, {"Node Type": "Index Scan", "Parent Relationship": "Inner", "Scan Direction": "Forward", "Index Name": "orders_pkey", "Relation Name": "orders", "Alias": "orders", "Startup Cost": 10000000000.0, "Total Cost": 1000076847713.25, "Plan Rows": 7338812, "Plan Width": 8, "Filter": "(o_orderstatus = 'F'::bpchar), (LLVM Optimized)"}]}, {"Node Type": "Hash", "Parent Relationship": "Inner", "Startup Cost": 1000000533571.43, "Total Cost": 1000000533571.43, "Plan Rows": 100000, "Plan Width": 38, "Plans": [{"Node Type": "Index Scan", "Parent Relationship": "Outer", "Scan Direction": "Forward", "Index Name": "supplier_pkey", "Relation Name": "supplier", "Alias": "supplier", "Startup Cost": 10000000000.0, "Total Cost": 1000000533571.43, "Plan Rows": 100000, "Plan Width": 38}]}]}, {"Node Type": "Hash", "Parent Relationship": "Inner", "Startup Cost": 1000000001268.75, "Total Cost": 1000000001268.75, "Plan Rows": 1, "Plan Width": 4, "Plans": [{"Node Type": "Index Scan", "Parent Relationship": "Outer", "Scan Direction": "Forward", "Index Name": "nation_pkey", "Relation Name": "nation", "Alias": "nation", "Startup Cost": 10000000000.0, "Total Cost": 1000000001268.75, "Plan Rows": 1, "Plan Width": 4, "Filter": "(n_name = 'EGYPT'::bpchar)"}]}]}]}]}]}, "Unique SQL Id": 3870093320}, "explain_analyze_plan": null}, "(64, 80)": {"explain_plan": {"Plan": {"Node Type": "Limit", "Startup Cost": 6805366.9, "Total Cost": 6805367.15, "Plan Rows": 100, "Plan Width": 34, "Plans": [{"Node Type": "Sort", "Parent Relationship": "Outer", "Startup Cost": 6805366.9, "Total Cost": 6805389.83, "Plan Rows": 100, "Plan Width": 34, "Sort Key": ["(count(*)) DESC", "supplier.s_name"], "Plans": [{"Node Type": "Aggregate", "Strategy": "Hashed", "Parent Relationship": "Outer", "Startup Cost": 6804924.63, "Total Cost": 6805016.35, "Plan Rows": 9172, "Plan Width": 34, "Group By Key": ["supplier.s_name"], "Plans": [{"Node Type": "Nested Loop", "Parent Relationship": "Outer", "Join Type": "Inner", "Startup Cost": 6790393.35, "Total Cost": 6804878.77, "Plan Rows": 9172, "Plan Width": 26, "Inner Unique": true, "Join Filter": "(l1.l_orderkey = orders.o_orderkey)", "Plans": [{"Node Type": "Nested Loop", "Parent Relationship": "Outer", "Join Type": "Semi", "Startup Cost": 6790393.35, "Total Cost": 6797778.4, "Plan Rows": 7254, "Plan Width": 42, "Inner Unique": false, "Plans": [{"Node Type": "Merge Join", "Parent Relationship": "Outer", "Join Type": "Inner", "Startup Cost": 6790393.35, "Total Cost": 6795922.84, "Plan Rows": 7635, "Plan Width": 42, "Inner Unique": false, "Merge Cond": "(supplier.s_suppkey = l1.l_suppkey)", "Plans": [{"Node Type": "Sort", "Parent Relationship": "Outer", "Startup Cost": 2772.67, "Total Cost": 2782.67, "Plan Rows": 4000, "Plan Width": 34, "Sort Key": ["supplier.s_suppkey"], "Plans": [{"Node Type": "Nested Loop", "Parent Relationship": "Outer", "Join Type": "Inner", "Startup Cost": 95.25, "Total Cost": 2533.35, "Plan Rows": 4000, "Plan Width": 34, "Inner Unique": false, "Plans": [{"Node Type": "Seq Scan", "Parent Relationship": "Outer", "Relation Name": "nation", "Alias": "nation", "Startup Cost": 0.0, "Total Cost": 1.31, "Plan Rows": 1, "Plan Width": 4, "Filter": "(n_name = 'EGYPT'::bpchar)"}, {"Node Type": "Bitmap Heap Scan", "Parent Relationship": "Inner", "Relation Name": "supplier", "Alias": "supplier", "Startup Cost": 95.25, "Total Cost": 2492.04, "Plan Rows": 4000, "Plan Width": 38, "Recheck Cond": "(s_nationkey = nation.n_nationkey)", "Plans": [{"Node Type": "Bitmap Index Scan", "Parent Relationship": "Outer", "Index Name": "idx_supplier_nation_key", "Startup Cost": 0.0, "Total Cost": 94.25, "Plan Rows": 4000, "Plan Width": 0, "Index Cond": "(s_nationkey = nation.n_nationkey)"}]}]}]}, {"Node Type": "Sort", "Parent Relationship": "Inner", "Startup Cost": 6787620.19, "Total Cost": 6790119.65, "Plan Rows": 999784, "Plan Width": 16, "Sort Key": ["l1.l_suppkey"], "Plans": [{"Node Type": "Nested Loop", "Parent Relationship": "Outer", "Join Type": "Anti", "Startup Cost": 0.0, "Total Cost": 6687985.43, "Plan Rows": 999784, "Plan Width": 16, "Inner Unique": false, "Plans": [{"Node Type": "Streaming(type: LOCAL GATHER dop: 1/64)", "Parent Relationship": "Outer", "Startup Cost": 0.0, "Total Cost": 509337.91, "Plan Rows": 19995678, "Plan Width": 16, "Plans": [{"Node Type": "Seq Scan", "Parent Relationship": "Outer", "Relation Name": "lineitem", "Alias": "l1", "Startup Cost": 0.0, "Total Cost": 96829.42, "Plan Rows": 19995678, "Plan Width": 16, "Filter": "(l_receiptdate > l_commitdate), (LLVM Optimized)"}]}, {"Node Type": "Index Scan", "Parent Relationship": "Inner", "Scan Direction": "Forward", "Index Name": "idx_lineitem_orderkey", "Relation Name": "lineitem", "Alias": "l3", "Startup Cost": 0.0, "Total Cost": 1.63, "Plan Rows": 3, "Plan Width": 16, "Index Cond": "(l_orderkey = l1.l_orderkey)", "Filter": "((l_receiptdate > l_commitdate) AND (l_suppkey <> l1.l_suppkey))"}]}]}]}, {"Node Type": "Index Scan", "Parent Relationship": "Inner", "Scan Direction": "Forward", "Index Name": "idx_lineitem_orderkey", "Relation Name": "lineitem", "Alias": "l2", "Startup Cost": 0.0, "Total Cost": 1.63, "Plan Rows": 9, "Plan Width": 16, "Index Cond": "(l_orderkey = l1.l_orderkey)", "Filter": "(l_suppkey <> l1.l_suppkey)"}]}, {"Node Type": "Index Scan", "Parent Relationship": "Inner", "Scan Direction": "Forward", "Index Name": "orders_pkey", "Relation Name": "orders", "Alias": "orders", "Startup Cost": 0.0, "Total Cost": 0.97, "Plan Rows": 1, "Plan Width": 8, "Index Cond": "(o_orderkey = l2.l_orderkey)", "Filter": "(o_orderstatus = 'F'::bpchar)"}]}]}]}]}, "Unique SQL Id": 3870093320}, "explain_analyze_plan": null}, "(64, 81)": {"explain_plan": {"Plan": {"Node Type": "Limit", "Startup Cost": 7860292.14, "Total Cost": 7860292.39, "Plan Rows": 100, "Plan Width": 34, "Plans": [{"Node Type": "Sort", "Parent Relationship": "Outer", "Startup Cost": 7860292.14, "Total Cost": 7860315.07, "Plan Rows": 100, "Plan Width": 34, "Sort Key": ["(count(*)) DESC", "supplier.s_name"], "Plans": [{"Node Type": "Aggregate", "Strategy": "Hashed", "Parent Relationship": "Outer", "Startup Cost": 7859849.87, "Total Cost": 7859941.59, "Plan Rows": 9172, "Plan Width": 34, "Group By Key": ["supplier.s_name"], "Plans": [{"Node Type": "Nested Loop", "Parent Relationship": "Outer", "Join Type": "Semi", "Startup Cost": 7667924.26, "Total Cost": 7859804.01, "Plan Rows": 9172, "Plan Width": 26, "Inner Unique": false, "Join Filter": "(orders.o_orderkey = l2.l_orderkey)", "Plans": [{"Node Type": "Nested Loop", "Parent Relationship": "Outer", "Join Type": "Anti", "Startup Cost": 7667924.26, "Total Cost": 7855942.22, "Plan Rows": 9655, "Plan Width": 50, "Inner Unique": false, "Plans": [{"Node Type": "Merge Join", "Parent Relationship": "Outer", "Join Type": "Inner", "Startup Cost": 7667924.26, "Total Cost": 7796273.34, "Plan Rows": 193099, "Plan Width": 50, "Inner Unique": false, "Merge Cond": "(supplier.s_suppkey = l1.l_suppkey)", "Plans": [{"Node Type": "Sort", "Parent Relationship": "Outer", "Startup Cost": 2784.04, "Total Cost": 2794.04, "Plan Rows": 4000, "Plan Width": 34, "Sort Key": ["supplier.s_suppkey"], "Plans": [{"Node Type": "Nested Loop", "Parent Relationship": "Outer", "Join Type": "Inner", "Startup Cost": 95.25, "Total Cost": 2544.73, "Plan Rows": 4000, "Plan Width": 34, "Inner Unique": false, "Plans": [{"Node Type": "Index Scan", "Parent Relationship": "Outer", "Scan Direction": "Forward", "Index Name": "nation_pkey", "Relation Name": "nation", "Alias": "nation", "Startup Cost": 0.0, "Total Cost": 12.69, "Plan Rows": 1, "Plan Width": 4, "Filter": "(n_name = 'EGYPT'::bpchar)"}, {"Node Type": "Bitmap Heap Scan", "Parent Relationship": "Inner", "Relation Name": "supplier", "Alias": "supplier", "Startup Cost": 95.25, "Total Cost": 2492.04, "Plan Rows": 4000, "Plan Width": 38, "Recheck Cond": "(s_nationkey = nation.n_nationkey)", "Plans": [{"Node Type": "Bitmap Index Scan", "Parent Relationship": "Outer", "Index Name": "idx_supplier_nation_key", "Startup Cost": 0.0, "Total Cost": 94.25, "Plan Rows": 4000, "Plan Width": 0, "Index Cond": "(s_nationkey = nation.n_nationkey)"}]}]}]}, {"Node Type": "Sort", "Parent Relationship": "Inner", "Startup Cost": 7665127.66, "Total Cost": 7728339.26, "Plan Rows": 25284641, "Plan Width": 24, "Sort Key": ["l1.l_suppkey"], "Plans": [{"Node Type": "Merge Join", "Parent Relationship": "Outer", "Join Type": "Inner", "Startup Cost": 28.95, "Total Cost": 4556158.8, "Plan Rows": 25284641, "Plan Width": 24, "Inner Unique": false, "Merge Cond": "(orders.o_orderkey = l1.l_orderkey)", "Plans": [{"Node Type": "Index Scan", "Parent Relationship": "Outer", "Scan Direction": "Forward", "Index Name": "orders_pkey", "Relation Name": "orders", "Alias": "orders", "Startup Cost": 0.0, "Total Cost": 768477.13, "Plan Rows": 7338812, "Plan Width": 8, "Filter": "(o_orderstatus = 'F'::bpchar), (LLVM Optimized)"}, {"Node Type": "Materialize", "Parent Relationship": "Inner", "Startup Cost": 0.0, "Total Cost": 3440110.52, "Plan Rows": 19995678, "Plan Width": 16, "Plans": [{"Node Type": "Index Scan", "Parent Relationship": "Outer", "Scan Direction": "Forward", "Index Name": "idx_lineitem_orderkey", "Relation Name": "lineitem", "Alias": "l1", "Startup Cost": 0.0, "Total Cost": 3390121.33, "Plan Rows": 19995678, "Plan Width": 16, "Filter": "(l_receiptdate > l_commitdate), (LLVM Optimized)"}]}]}]}]}, {"Node Type": "Index Scan", "Parent Relationship": "Inner", "Scan Direction": "Forward", "Index Name": "idx_lineitem_orderkey", "Relation Name": "lineitem", "Alias": "l3", "Startup Cost": 0.0, "Total Cost": 1.63, "Plan Rows": 3, "Plan Width": 16, "Index Cond": "(l_orderkey = l1.l_orderkey)", "Filter": "((l_receiptdate > l_commitdate) AND (l_suppkey <> l1.l_suppkey))"}]}, {"Node Type": "Index Scan", "Parent Relationship": "Inner", "Scan Direction": "Forward", "Index Name": "idx_lineitem_orderkey", "Relation Name": "lineitem", "Alias": "l2", "Startup Cost": 0.0, "Total Cost": 1.63, "Plan Rows": 9, "Plan Width": 16, "Index Cond": "(l_orderkey = l1.l_orderkey)", "Filter": "(l_suppkey <> l1.l_suppkey)"}]}]}]}]}, "Unique SQL Id": 3870093320}, "explain_analyze_plan": null}, "(64, 82)": {"explain_plan": {"Plan": {"Node Type": "Limit", "Startup Cost": 43007754.86, "Total Cost": 43007755.11, "Plan Rows": 100, "Plan Width": 34, "Plans": [{"Node Type": "Sort", "Parent Relationship": "Outer", "Startup Cost": 43007754.86, "Total Cost": 43007777.79, "Plan Rows": 100, "Plan Width": 34, "Sort Key": ["(count(*)) DESC", "supplier.s_name"], "Plans": [{"Node Type": "Aggregate", "Strategy": "Hashed", "Parent Relationship": "Outer", "Startup Cost": 43007312.59, "Total Cost": 43007404.31, "Plan Rows": 9172, "Plan Width": 34, "Group By Key": ["supplier.s_name"], "Plans": [{"Node Type": "Nested Loop", "Parent Relationship": "Outer", "Join Type": "Inner", "Startup Cost": 42536415.98, "Total Cost": 43007266.73, "Plan Rows": 9172, "Plan Width": 26, "Inner Unique": true, "Join Filter": "(l1.l_orderkey = orders.o_orderkey)", "Plans": [{"Node Type": "Nested Loop", "Parent Relationship": "Outer", "Join Type": "Anti", "Startup Cost": 42536415.39, "Total Cost": 42973705.97, "Plan Rows": 7254, "Plan Width": 42, "Inner Unique": false, "Plans": [{"Node Type": "Merge Join", "Parent Relationship": "Outer", "Join Type": "Inner", "Startup Cost": 42536414.56, "Total Cost": 42632922.24, "Plan Rows": 145072, "Plan Width": 50, "Inner Unique": false, "Merge Cond": "(supplier.s_suppkey = l1.l_suppkey)", "Plans": [{"Node Type": "Sort", "Parent Relationship": "Outer", "Startup Cost": 2772.67, "Total Cost": 2782.67, "Plan Rows": 4000, "Plan Width": 34, "Sort Key": ["supplier.s_suppkey"], "Plans": [{"Node Type": "Nested Loop", "Parent Relationship": "Outer", "Join Type": "Inner", "Startup Cost": 95.25, "Total Cost": 2533.35, "Plan Rows": 4000, "Plan Width": 34, "Inner Unique": false, "Plans": [{"Node Type": "Seq Scan", "Parent Relationship": "Outer", "Relation Name": "nation", "Alias": "nation", "Startup Cost": 0.0, "Total Cost": 1.31, "Plan Rows": 1, "Plan Width": 4, "Filter": "(n_name = 'EGYPT'::bpchar)"}, {"Node Type": "Bitmap Heap Scan", "Parent Relationship": "Inner", "Relation Name": "supplier", "Alias": "supplier", "Startup Cost": 95.25, "Total Cost": 2492.04, "Plan Rows": 4000, "Plan Width": 38, "Recheck Cond": "(s_nationkey = nation.n_nationkey)", "Plans": [{"Node Type": "Bitmap Index Scan", "Parent Relationship": "Outer", "Index Name": "idx_supplier_nation_key", "Startup Cost": 0.0, "Total Cost": 94.25, "Plan Rows": 4000, "Plan Width": 0, "Index Cond": "(s_nationkey = nation.n_nationkey)"}]}]}]}, {"Node Type": "Sort", "Parent Relationship": "Inner", "Startup Cost": 42533632.47, "Total Cost": 42581122.2, "Plan Rows": 18995894, "Plan Width": 24, "Sort Key": ["l1.l_suppkey"], "Plans": [{"Node Type": "Nested Loop", "Parent Relationship": "Outer", "Join Type": "Semi", "Startup Cost": 0.82, "Total Cost": 40237106.36, "Plan Rows": 18995894, "Plan Width": 24, "Inner Unique": false, "Plans": [{"Node Type": "Streaming(type: LOCAL GATHER dop: 1/64)", "Parent Relationship": "Outer", "Startup Cost": 0.0, "Total Cost": 509337.91, "Plan Rows": 19995678, "Plan Width": 16, "Plans": [{"Node Type": "Seq Scan", "Parent Relationship": "Outer", "Relation Name": "lineitem", "Alias": "l1", "Startup Cost": 0.0, "Total Cost": 96829.42, "Plan Rows": 19995678, "Plan Width": 16, "Filter": "(l_receiptdate > l_commitdate), (LLVM Optimized)"}]}, {"Node Type": "Bitmap Heap Scan", "Parent Relationship": "Inner", "Relation Name": "lineitem", "Alias": "l2", "Startup Cost": 0.82, "Total Cost": 8.95, "Plan Rows": 9, "Plan Width": 16, "Recheck Cond": "(l_orderkey = l1.l_orderkey)", "Filter": "(l_suppkey <> l1.l_suppkey)", "Plans": [{"Node Type": "Bitmap Index Scan", "Parent Relationship": "Outer", "Index Name": "idx_lineitem_orderkey", "Startup Cost": 0.0, "Total Cost": 0.82, "Plan Rows": 9, "Plan Width": 0, "Index Cond": "(l_orderkey = l1.l_orderkey)"}]}]}]}]}, {"Node Type": "Bitmap Heap Scan", "Parent Relationship": "Inner", "Relation Name": "lineitem", "Alias": "l3", "Startup Cost": 0.82, "Total Cost": 8.97, "Plan Rows": 3, "Plan Width": 16, "Recheck Cond": "(l_orderkey = l1.l_orderkey)", "Filter": "((l_receiptdate > l_commitdate) AND (l_suppkey <> l1.l_suppkey))", "Plans": [{"Node Type": "Bitmap Index Scan", "Parent Relationship": "Outer", "Index Name": "idx_lineitem_orderkey", "Startup Cost": 0.0, "Total Cost": 0.82, "Plan Rows": 9, "Plan Width": 0, "Index Cond": "(l_orderkey = l1.l_orderkey)"}]}]}, {"Node Type": "Bitmap Heap Scan", "Parent Relationship": "Inner", "Relation Name": "orders", "Alias": "orders", "Startup Cost": 0.6, "Total Cost": 4.61, "Plan Rows": 1, "Plan Width": 8, "Recheck Cond": "(o_orderkey = l2.l_orderkey)", "Filter": "(o_orderstatus = 'F'::bpchar)", "Plans": [{"Node Type": "Bitmap Index Scan", "Parent Relationship": "Outer", "Index Name": "orders_pkey", "Startup Cost": 0.0, "Total Cost": 0.6, "Plan Rows": 1, "Plan Width": 0, "Index Cond": "(o_orderkey = l2.l_orderkey)"}]}]}]}]}]}, "Unique SQL Id": 3870093320}, "explain_analyze_plan": null}, "(64, 83)": {"explain_plan": {"Plan": {"Node Type": "Limit", "Startup Cost": 6332151.71, "Total Cost": 6332151.96, "Plan Rows": 100, "Plan Width": 34, "Plans": [{"Node Type": "Sort", "Parent Relationship": "Outer", "Startup Cost": 6332151.71, "Total Cost": 6332174.64, "Plan Rows": 100, "Plan Width": 34, "Sort Key": ["(count(*)) DESC", "supplier.s_name"], "Plans": [{"Node Type": "Aggregate", "Strategy": "Hashed", "Parent Relationship": "Outer", "Startup Cost": 6331709.44, "Total Cost": 6331801.16, "Plan Rows": 9172, "Plan Width": 34, "Group By Key": ["supplier.s_name"], "Plans": [{"Node Type": "Nested Loop", "Parent Relationship": "Outer", "Join Type": "Inner", "Startup Cost": 5822707.84, "Total Cost": 6331663.58, "Plan Rows": 9172, "Plan Width": 26, "Inner Unique": true, "Join Filter": "(l1.l_orderkey = orders.o_orderkey)", "Plans": [{"Node Type": "Nested Loop", "Parent Relationship": "Outer", "Join Type": "Semi", "Startup Cost": 5822707.24, "Total Cost": 6298102.82, "Plan Rows": 7254, "Plan Width": 42, "Inner Unique": false, "Plans": [{"Node Type": "Nested Loop", "Parent Relationship": "Outer", "Join Type": "Anti", "Startup Cost": 5822706.42, "Total Cost": 6282924.27, "Plan Rows": 7635, "Plan Width": 42, "Inner Unique": false, "Plans": [{"Node Type": "Merge Join", "Parent Relationship": "Outer", "Join Type": "Inner", "Startup Cost": 5822705.59, "Total Cost": 5924211.19, "Plan Rows": 152707, "Plan Width": 42, "Inner Unique": false, "Merge Cond": "(supplier.s_suppkey = l1.l_suppkey)", "Plans": [{"Node Type": "Sort", "Parent Relationship": "Outer", "Startup Cost": 2784.04, "Total Cost": 2794.04, "Plan Rows": 4000, "Plan Width": 34, "Sort Key": ["supplier.s_suppkey"], "Plans": [{"Node Type": "Nested Loop", "Parent Relationship": "Outer", "Join Type": "Inner", "Startup Cost": 103.63, "Total Cost": 2544.73, "Plan Rows": 4000, "Plan Width": 34, "Inner Unique": false, "Plans": [{"Node Type": "Bitmap Heap Scan", "Parent Relationship": "Outer", "Relation Name": "nation", "Alias": "nation", "Startup Cost": 8.38, "Total Cost": 12.69, "Plan Rows": 1, "Plan Width": 4, "Filter": "(n_name = 'EGYPT'::bpchar)", "Plans": [{"Node Type": "Bitmap Index Scan", "Parent Relationship": "Outer", "Index Name": "nation_pkey", "Startup Cost": 0.0, "Total Cost": 8.38, "Plan Rows": 25, "Plan Width": 0}]}, {"Node Type": "Bitmap Heap Scan", "Parent Relationship": "Inner", "Relation Name": "supplier", "Alias": "supplier", "Startup Cost": 95.25, "Total Cost": 2492.04, "Plan Rows": 4000, "Plan Width": 38, "Recheck Cond": "(s_nationkey = nation.n_nationkey)", "Plans": [{"Node Type": "Bitmap Index Scan", "Parent Relationship": "Outer", "Index Name": "idx_supplier_nation_key", "Startup Cost": 0.0, "Total Cost": 94.25, "Plan Rows": 4000, "Plan Width": 0, "Index Cond": "(s_nationkey = nation.n_nationkey)"}]}]}]}, {"Node Type": "Sort", "Parent Relationship": "Inner", "Startup Cost": 5819911.62, "Total Cost": 5869900.82, "Plan Rows": 19995678, "Plan Width": 16, "Sort Key": ["l1.l_suppkey"], "Plans": [{"Node Type": "Bitmap Heap Scan", "Parent Relationship": "Outer", "Relation Name": "lineitem", "Alias": "l1", "Startup Cost": 1230034.33, "Total Cost": 3395117.25, "Plan Rows": 19995678, "Plan Width": 16, "Filter": "(l_receiptdate > l_commitdate), (LLVM Optimized)", "Plans": [{"Node Type": "Bitmap Index Scan", "Parent Relationship": "Outer", "Index Name": "idx_lineitem_orderkey", "Startup Cost": 0.0, "Total Cost": 1225035.42, "Plan Rows": 59987033, "Plan Width": 0}]}]}]}, {"Node Type": "Bitmap Heap Scan", "Parent Relationship": "Inner", "Relation Name": "lineitem", "Alias": "l3", "Startup Cost": 0.82, "Total Cost": 8.97, "Plan Rows": 3, "Plan Width": 16, "Recheck Cond": "(l_orderkey = l1.l_orderkey)", "Filter": "((l_receiptdate > l_commitdate) AND (l_suppkey <> l1.l_suppkey))", "Plans": [{"Node Type": "Bitmap Index Scan", "Parent Relationship": "Outer", "Index Name": "idx_lineitem_orderkey", "Startup Cost": 0.0, "Total Cost": 0.82, "Plan Rows": 9, "Plan Width": 0, "Index Cond": "(l_orderkey = l1.l_orderkey)"}]}]}, {"Node Type": "Bitmap Heap Scan", "Parent Relationship": "Inner", "Relation Name": "lineitem", "Alias": "l2", "Startup Cost": 0.82, "Total Cost": 8.95, "Plan Rows": 9, "Plan Width": 16, "Recheck Cond": "(l_orderkey = l1.l_orderkey)", "Filter": "(l_suppkey <> l1.l_suppkey)", "Plans": [{"Node Type": "Bitmap Index Scan", "Parent Relationship": "Outer", "Index Name": "idx_lineitem_orderkey", "Startup Cost": 0.0, "Total Cost": 0.82, "Plan Rows": 9, "Plan Width": 0, "Index Cond": "(l_orderkey = l1.l_orderkey)"}]}]}, {"Node Type": "Bitmap Heap Scan", "Parent Relationship": "Inner", "Relation Name": "orders", "Alias": "orders", "Startup Cost": 0.6, "Total Cost": 4.61, "Plan Rows": 1, "Plan Width": 8, "Recheck Cond": "(o_orderkey = l2.l_orderkey)", "Filter": "(o_orderstatus = 'F'::bpchar)", "Plans": [{"Node Type": "Bitmap Index Scan", "Parent Relationship": "Outer", "Index Name": "orders_pkey", "Startup Cost": 0.0, "Total Cost": 0.6, "Plan Rows": 1, "Plan Width": 0, "Index Cond": "(o_orderkey = l2.l_orderkey)"}]}]}]}]}]}, "Unique SQL Id": 3870093320}, "explain_analyze_plan": null}, "(64, 84)": {"explain_plan": {"Plan": {"Node Type": "Limit", "Startup Cost": 6805366.9, "Total Cost": 6805367.15, "Plan Rows": 100, "Plan Width": 34, "Plans": [{"Node Type": "Sort", "Parent Relationship": "Outer", "Startup Cost": 6805366.9, "Total Cost": 6805389.83, "Plan Rows": 100, "Plan Width": 34, "Sort Key": ["(count(*)) DESC", "supplier.s_name"], "Plans": [{"Node Type": "Aggregate", "Strategy": "Hashed", "Parent Relationship": "Outer", "Startup Cost": 6804924.63, "Total Cost": 6805016.35, "Plan Rows": 9172, "Plan Width": 34, "Group By Key": ["supplier.s_name"], "Plans": [{"Node Type": "Nested Loop", "Parent Relationship": "Outer", "Join Type": "Inner", "Startup Cost": 6790393.35, "Total Cost": 6804878.77, "Plan Rows": 9172, "Plan Width": 26, "Inner Unique": true, "Join Filter": "(l1.l_orderkey = orders.o_orderkey)", "Plans": [{"Node Type": "Nested Loop", "Parent Relationship": "Outer", "Join Type": "Semi", "Startup Cost": 6790393.35, "Total Cost": 6797778.4, "Plan Rows": 7254, "Plan Width": 42, "Inner Unique": false, "Plans": [{"Node Type": "Merge Join", "Parent Relationship": "Outer", "Join Type": "Inner", "Startup Cost": 6790393.35, "Total Cost": 6795922.84, "Plan Rows": 7635, "Plan Width": 42, "Inner Unique": false, "Merge Cond": "(supplier.s_suppkey = l1.l_suppkey)", "Plans": [{"Node Type": "Sort", "Parent Relationship": "Outer", "Startup Cost": 2772.67, "Total Cost": 2782.67, "Plan Rows": 4000, "Plan Width": 34, "Sort Key": ["supplier.s_suppkey"], "Plans": [{"Node Type": "Nested Loop", "Parent Relationship": "Outer", "Join Type": "Inner", "Startup Cost": 95.25, "Total Cost": 2533.35, "Plan Rows": 4000, "Plan Width": 34, "Inner Unique": false, "Plans": [{"Node Type": "Seq Scan", "Parent Relationship": "Outer", "Relation Name": "nation", "Alias": "nation", "Startup Cost": 0.0, "Total Cost": 1.31, "Plan Rows": 1, "Plan Width": 4, "Filter": "(n_name = 'EGYPT'::bpchar)"}, {"Node Type": "Bitmap Heap Scan", "Parent Relationship": "Inner", "Relation Name": "supplier", "Alias": "supplier", "Startup Cost": 95.25, "Total Cost": 2492.04, "Plan Rows": 4000, "Plan Width": 38, "Recheck Cond": "(s_nationkey = nation.n_nationkey)", "Plans": [{"Node Type": "Bitmap Index Scan", "Parent Relationship": "Outer", "Index Name": "idx_supplier_nation_key", "Startup Cost": 0.0, "Total Cost": 94.25, "Plan Rows": 4000, "Plan Width": 0, "Index Cond": "(s_nationkey = nation.n_nationkey)"}]}]}]}, {"Node Type": "Sort", "Parent Relationship": "Inner", "Startup Cost": 6787620.19, "Total Cost": 6790119.65, "Plan Rows": 999784, "Plan Width": 16, "Sort Key": ["l1.l_suppkey"], "Plans": [{"Node Type": "Nested Loop", "Parent Relationship": "Outer", "Join Type": "Anti", "Startup Cost": 0.0, "Total Cost": 6687985.43, "Plan Rows": 999784, "Plan Width": 16, "Inner Unique": false, "Plans": [{"Node Type": "Streaming(type: LOCAL GATHER dop: 1/64)", "Parent Relationship": "Outer", "Startup Cost": 0.0, "Total Cost": 509337.91, "Plan Rows": 19995678, "Plan Width": 16, "Plans": [{"Node Type": "Seq Scan", "Parent Relationship": "Outer", "Relation Name": "lineitem", "Alias": "l1", "Startup Cost": 0.0, "Total Cost": 96829.42, "Plan Rows": 19995678, "Plan Width": 16, "Filter": "(l_receiptdate > l_commitdate), (LLVM Optimized)"}]}, {"Node Type": "Index Scan", "Parent Relationship": "Inner", "Scan Direction": "Forward", "Index Name": "idx_lineitem_orderkey", "Relation Name": "lineitem", "Alias": "l3", "Startup Cost": 0.0, "Total Cost": 1.63, "Plan Rows": 3, "Plan Width": 16, "Index Cond": "(l_orderkey = l1.l_orderkey)", "Filter": "((l_receiptdate > l_commitdate) AND (l_suppkey <> l1.l_suppkey))"}]}]}]}, {"Node Type": "Index Scan", "Parent Relationship": "Inner", "Scan Direction": "Forward", "Index Name": "idx_lineitem_orderkey", "Relation Name": "lineitem", "Alias": "l2", "Startup Cost": 0.0, "Total Cost": 1.63, "Plan Rows": 9, "Plan Width": 16, "Index Cond": "(l_orderkey = l1.l_orderkey)", "Filter": "(l_suppkey <> l1.l_suppkey)"}]}, {"Node Type": "Index Scan", "Parent Relationship": "Inner", "Scan Direction": "Forward", "Index Name": "orders_pkey", "Relation Name": "orders", "Alias": "orders", "Startup Cost": 0.0, "Total Cost": 0.97, "Plan Rows": 1, "Plan Width": 8, "Index Cond": "(o_orderkey = l2.l_orderkey)", "Filter": "(o_orderstatus = 'F'::bpchar)"}]}]}]}]}, "Unique SQL Id": 3870093320}, "explain_analyze_plan": null}, "(64, 85)": {"explain_plan": {"Plan": {"Node Type": "Limit", "Startup Cost": 7860292.14, "Total Cost": 7860292.39, "Plan Rows": 100, "Plan Width": 34, "Plans": [{"Node Type": "Sort", "Parent Relationship": "Outer", "Startup Cost": 7860292.14, "Total Cost": 7860315.07, "Plan Rows": 100, "Plan Width": 34, "Sort Key": ["(count(*)) DESC", "supplier.s_name"], "Plans": [{"Node Type": "Aggregate", "Strategy": "Hashed", "Parent Relationship": "Outer", "Startup Cost": 7859849.87, "Total Cost": 7859941.59, "Plan Rows": 9172, "Plan Width": 34, "Group By Key": ["supplier.s_name"], "Plans": [{"Node Type": "Nested Loop", "Parent Relationship": "Outer", "Join Type": "Semi", "Startup Cost": 7667924.26, "Total Cost": 7859804.01, "Plan Rows": 9172, "Plan Width": 26, "Inner Unique": false, "Join Filter": "(orders.o_orderkey = l2.l_orderkey)", "Plans": [{"Node Type": "Nested Loop", "Parent Relationship": "Outer", "Join Type": "Anti", "Startup Cost": 7667924.26, "Total Cost": 7855942.22, "Plan Rows": 9655, "Plan Width": 50, "Inner Unique": false, "Plans": [{"Node Type": "Merge Join", "Parent Relationship": "Outer", "Join Type": "Inner", "Startup Cost": 7667924.26, "Total Cost": 7796273.34, "Plan Rows": 193099, "Plan Width": 50, "Inner Unique": false, "Merge Cond": "(supplier.s_suppkey = l1.l_suppkey)", "Plans": [{"Node Type": "Sort", "Parent Relationship": "Outer", "Startup Cost": 2784.04, "Total Cost": 2794.04, "Plan Rows": 4000, "Plan Width": 34, "Sort Key": ["supplier.s_suppkey"], "Plans": [{"Node Type": "Nested Loop", "Parent Relationship": "Outer", "Join Type": "Inner", "Startup Cost": 95.25, "Total Cost": 2544.73, "Plan Rows": 4000, "Plan Width": 34, "Inner Unique": false, "Plans": [{"Node Type": "Index Scan", "Parent Relationship": "Outer", "Scan Direction": "Forward", "Index Name": "nation_pkey", "Relation Name": "nation", "Alias": "nation", "Startup Cost": 0.0, "Total Cost": 12.69, "Plan Rows": 1, "Plan Width": 4, "Filter": "(n_name = 'EGYPT'::bpchar)"}, {"Node Type": "Bitmap Heap Scan", "Parent Relationship": "Inner", "Relation Name": "supplier", "Alias": "supplier", "Startup Cost": 95.25, "Total Cost": 2492.04, "Plan Rows": 4000, "Plan Width": 38, "Recheck Cond": "(s_nationkey = nation.n_nationkey)", "Plans": [{"Node Type": "Bitmap Index Scan", "Parent Relationship": "Outer", "Index Name": "idx_supplier_nation_key", "Startup Cost": 0.0, "Total Cost": 94.25, "Plan Rows": 4000, "Plan Width": 0, "Index Cond": "(s_nationkey = nation.n_nationkey)"}]}]}]}, {"Node Type": "Sort", "Parent Relationship": "Inner", "Startup Cost": 7665127.66, "Total Cost": 7728339.26, "Plan Rows": 25284641, "Plan Width": 24, "Sort Key": ["l1.l_suppkey"], "Plans": [{"Node Type": "Merge Join", "Parent Relationship": "Outer", "Join Type": "Inner", "Startup Cost": 28.95, "Total Cost": 4556158.8, "Plan Rows": 25284641, "Plan Width": 24, "Inner Unique": false, "Merge Cond": "(orders.o_orderkey = l1.l_orderkey)", "Plans": [{"Node Type": "Index Scan", "Parent Relationship": "Outer", "Scan Direction": "Forward", "Index Name": "orders_pkey", "Relation Name": "orders", "Alias": "orders", "Startup Cost": 0.0, "Total Cost": 768477.13, "Plan Rows": 7338812, "Plan Width": 8, "Filter": "(o_orderstatus = 'F'::bpchar), (LLVM Optimized)"}, {"Node Type": "Materialize", "Parent Relationship": "Inner", "Startup Cost": 0.0, "Total Cost": 3440110.52, "Plan Rows": 19995678, "Plan Width": 16, "Plans": [{"Node Type": "Index Scan", "Parent Relationship": "Outer", "Scan Direction": "Forward", "Index Name": "idx_lineitem_orderkey", "Relation Name": "lineitem", "Alias": "l1", "Startup Cost": 0.0, "Total Cost": 3390121.33, "Plan Rows": 19995678, "Plan Width": 16, "Filter": "(l_receiptdate > l_commitdate), (LLVM Optimized)"}]}]}]}]}, {"Node Type": "Index Scan", "Parent Relationship": "Inner", "Scan Direction": "Forward", "Index Name": "idx_lineitem_orderkey", "Relation Name": "lineitem", "Alias": "l3", "Startup Cost": 0.0, "Total Cost": 1.63, "Plan Rows": 3, "Plan Width": 16, "Index Cond": "(l_orderkey = l1.l_orderkey)", "Filter": "((l_receiptdate > l_commitdate) AND (l_suppkey <> l1.l_suppkey))"}]}, {"Node Type": "Index Scan", "Parent Relationship": "Inner", "Scan Direction": "Forward", "Index Name": "idx_lineitem_orderkey", "Relation Name": "lineitem", "Alias": "l2", "Startup Cost": 0.0, "Total Cost": 1.63, "Plan Rows": 9, "Plan Width": 16, "Index Cond": "(l_orderkey = l1.l_orderkey)", "Filter": "(l_suppkey <> l1.l_suppkey)"}]}]}]}]}, "Unique SQL Id": 3870093320}, "explain_analyze_plan": null}, "(64, 86)": {"explain_plan": {"Plan": {"Node Type": "Limit", "Startup Cost": 43007754.86, "Total Cost": 43007755.11, "Plan Rows": 100, "Plan Width": 34, "Plans": [{"Node Type": "Sort", "Parent Relationship": "Outer", "Startup Cost": 43007754.86, "Total Cost": 43007777.79, "Plan Rows": 100, "Plan Width": 34, "Sort Key": ["(count(*)) DESC", "supplier.s_name"], "Plans": [{"Node Type": "Aggregate", "Strategy": "Hashed", "Parent Relationship": "Outer", "Startup Cost": 43007312.59, "Total Cost": 43007404.31, "Plan Rows": 9172, "Plan Width": 34, "Group By Key": ["supplier.s_name"], "Plans": [{"Node Type": "Nested Loop", "Parent Relationship": "Outer", "Join Type": "Inner", "Startup Cost": 42536415.98, "Total Cost": 43007266.73, "Plan Rows": 9172, "Plan Width": 26, "Inner Unique": true, "Join Filter": "(l1.l_orderkey = orders.o_orderkey)", "Plans": [{"Node Type": "Nested Loop", "Parent Relationship": "Outer", "Join Type": "Anti", "Startup Cost": 42536415.39, "Total Cost": 42973705.97, "Plan Rows": 7254, "Plan Width": 42, "Inner Unique": false, "Plans": [{"Node Type": "Merge Join", "Parent Relationship": "Outer", "Join Type": "Inner", "Startup Cost": 42536414.56, "Total Cost": 42632922.24, "Plan Rows": 145072, "Plan Width": 50, "Inner Unique": false, "Merge Cond": "(supplier.s_suppkey = l1.l_suppkey)", "Plans": [{"Node Type": "Sort", "Parent Relationship": "Outer", "Startup Cost": 2772.67, "Total Cost": 2782.67, "Plan Rows": 4000, "Plan Width": 34, "Sort Key": ["supplier.s_suppkey"], "Plans": [{"Node Type": "Nested Loop", "Parent Relationship": "Outer", "Join Type": "Inner", "Startup Cost": 95.25, "Total Cost": 2533.35, "Plan Rows": 4000, "Plan Width": 34, "Inner Unique": false, "Plans": [{"Node Type": "Seq Scan", "Parent Relationship": "Outer", "Relation Name": "nation", "Alias": "nation", "Startup Cost": 0.0, "Total Cost": 1.31, "Plan Rows": 1, "Plan Width": 4, "Filter": "(n_name = 'EGYPT'::bpchar)"}, {"Node Type": "Bitmap Heap Scan", "Parent Relationship": "Inner", "Relation Name": "supplier", "Alias": "supplier", "Startup Cost": 95.25, "Total Cost": 2492.04, "Plan Rows": 4000, "Plan Width": 38, "Recheck Cond": "(s_nationkey = nation.n_nationkey)", "Plans": [{"Node Type": "Bitmap Index Scan", "Parent Relationship": "Outer", "Index Name": "idx_supplier_nation_key", "Startup Cost": 0.0, "Total Cost": 94.25, "Plan Rows": 4000, "Plan Width": 0, "Index Cond": "(s_nationkey = nation.n_nationkey)"}]}]}]}, {"Node Type": "Sort", "Parent Relationship": "Inner", "Startup Cost": 42533632.47, "Total Cost": 42581122.2, "Plan Rows": 18995894, "Plan Width": 24, "Sort Key": ["l1.l_suppkey"], "Plans": [{"Node Type": "Nested Loop", "Parent Relationship": "Outer", "Join Type": "Semi", "Startup Cost": 0.82, "Total Cost": 40237106.36, "Plan Rows": 18995894, "Plan Width": 24, "Inner Unique": false, "Plans": [{"Node Type": "Streaming(type: LOCAL GATHER dop: 1/64)", "Parent Relationship": "Outer", "Startup Cost": 0.0, "Total Cost": 509337.91, "Plan Rows": 19995678, "Plan Width": 16, "Plans": [{"Node Type": "Seq Scan", "Parent Relationship": "Outer", "Relation Name": "lineitem", "Alias": "l1", "Startup Cost": 0.0, "Total Cost": 96829.42, "Plan Rows": 19995678, "Plan Width": 16, "Filter": "(l_receiptdate > l_commitdate), (LLVM Optimized)"}]}, {"Node Type": "Bitmap Heap Scan", "Parent Relationship": "Inner", "Relation Name": "lineitem", "Alias": "l2", "Startup Cost": 0.82, "Total Cost": 8.95, "Plan Rows": 9, "Plan Width": 16, "Recheck Cond": "(l_orderkey = l1.l_orderkey)", "Filter": "(l_suppkey <> l1.l_suppkey)", "Plans": [{"Node Type": "Bitmap Index Scan", "Parent Relationship": "Outer", "Index Name": "idx_lineitem_orderkey", "Startup Cost": 0.0, "Total Cost": 0.82, "Plan Rows": 9, "Plan Width": 0, "Index Cond": "(l_orderkey = l1.l_orderkey)"}]}]}]}]}, {"Node Type": "Bitmap Heap Scan", "Parent Relationship": "Inner", "Relation Name": "lineitem", "Alias": "l3", "Startup Cost": 0.82, "Total Cost": 8.97, "Plan Rows": 3, "Plan Width": 16, "Recheck Cond": "(l_orderkey = l1.l_orderkey)", "Filter": "((l_receiptdate > l_commitdate) AND (l_suppkey <> l1.l_suppkey))", "Plans": [{"Node Type": "Bitmap Index Scan", "Parent Relationship": "Outer", "Index Name": "idx_lineitem_orderkey", "Startup Cost": 0.0, "Total Cost": 0.82, "Plan Rows": 9, "Plan Width": 0, "Index Cond": "(l_orderkey = l1.l_orderkey)"}]}]}, {"Node Type": "Bitmap Heap Scan", "Parent Relationship": "Inner", "Relation Name": "orders", "Alias": "orders", "Startup Cost": 0.6, "Total Cost": 4.61, "Plan Rows": 1, "Plan Width": 8, "Recheck Cond": "(o_orderkey = l2.l_orderkey)", "Filter": "(o_orderstatus = 'F'::bpchar)", "Plans": [{"Node Type": "Bitmap Index Scan", "Parent Relationship": "Outer", "Index Name": "orders_pkey", "Startup Cost": 0.0, "Total Cost": 0.6, "Plan Rows": 1, "Plan Width": 0, "Index Cond": "(o_orderkey = l2.l_orderkey)"}]}]}]}]}]}, "Unique SQL Id": 3870093320}, "explain_analyze_plan": null}, "(64, 87)": {"explain_plan": {"Plan": {"Node Type": "Limit", "Startup Cost": 6332151.71, "Total Cost": 6332151.96, "Plan Rows": 100, "Plan Width": 34, "Plans": [{"Node Type": "Sort", "Parent Relationship": "Outer", "Startup Cost": 6332151.71, "Total Cost": 6332174.64, "Plan Rows": 100, "Plan Width": 34, "Sort Key": ["(count(*)) DESC", "supplier.s_name"], "Plans": [{"Node Type": "Aggregate", "Strategy": "Hashed", "Parent Relationship": "Outer", "Startup Cost": 6331709.44, "Total Cost": 6331801.16, "Plan Rows": 9172, "Plan Width": 34, "Group By Key": ["supplier.s_name"], "Plans": [{"Node Type": "Nested Loop", "Parent Relationship": "Outer", "Join Type": "Inner", "Startup Cost": 5822707.84, "Total Cost": 6331663.58, "Plan Rows": 9172, "Plan Width": 26, "Inner Unique": true, "Join Filter": "(l1.l_orderkey = orders.o_orderkey)", "Plans": [{"Node Type": "Nested Loop", "Parent Relationship": "Outer", "Join Type": "Semi", "Startup Cost": 5822707.24, "Total Cost": 6298102.82, "Plan Rows": 7254, "Plan Width": 42, "Inner Unique": false, "Plans": [{"Node Type": "Nested Loop", "Parent Relationship": "Outer", "Join Type": "Anti", "Startup Cost": 5822706.42, "Total Cost": 6282924.27, "Plan Rows": 7635, "Plan Width": 42, "Inner Unique": false, "Plans": [{"Node Type": "Merge Join", "Parent Relationship": "Outer", "Join Type": "Inner", "Startup Cost": 5822705.59, "Total Cost": 5924211.19, "Plan Rows": 152707, "Plan Width": 42, "Inner Unique": false, "Merge Cond": "(supplier.s_suppkey = l1.l_suppkey)", "Plans": [{"Node Type": "Sort", "Parent Relationship": "Outer", "Startup Cost": 2784.04, "Total Cost": 2794.04, "Plan Rows": 4000, "Plan Width": 34, "Sort Key": ["supplier.s_suppkey"], "Plans": [{"Node Type": "Nested Loop", "Parent Relationship": "Outer", "Join Type": "Inner", "Startup Cost": 103.63, "Total Cost": 2544.73, "Plan Rows": 4000, "Plan Width": 34, "Inner Unique": false, "Plans": [{"Node Type": "Bitmap Heap Scan", "Parent Relationship": "Outer", "Relation Name": "nation", "Alias": "nation", "Startup Cost": 8.38, "Total Cost": 12.69, "Plan Rows": 1, "Plan Width": 4, "Filter": "(n_name = 'EGYPT'::bpchar)", "Plans": [{"Node Type": "Bitmap Index Scan", "Parent Relationship": "Outer", "Index Name": "nation_pkey", "Startup Cost": 0.0, "Total Cost": 8.38, "Plan Rows": 25, "Plan Width": 0}]}, {"Node Type": "Bitmap Heap Scan", "Parent Relationship": "Inner", "Relation Name": "supplier", "Alias": "supplier", "Startup Cost": 95.25, "Total Cost": 2492.04, "Plan Rows": 4000, "Plan Width": 38, "Recheck Cond": "(s_nationkey = nation.n_nationkey)", "Plans": [{"Node Type": "Bitmap Index Scan", "Parent Relationship": "Outer", "Index Name": "idx_supplier_nation_key", "Startup Cost": 0.0, "Total Cost": 94.25, "Plan Rows": 4000, "Plan Width": 0, "Index Cond": "(s_nationkey = nation.n_nationkey)"}]}]}]}, {"Node Type": "Sort", "Parent Relationship": "Inner", "Startup Cost": 5819911.62, "Total Cost": 5869900.82, "Plan Rows": 19995678, "Plan Width": 16, "Sort Key": ["l1.l_suppkey"], "Plans": [{"Node Type": "Bitmap Heap Scan", "Parent Relationship": "Outer", "Relation Name": "lineitem", "Alias": "l1", "Startup Cost": 1230034.33, "Total Cost": 3395117.25, "Plan Rows": 19995678, "Plan Width": 16, "Filter": "(l_receiptdate > l_commitdate), (LLVM Optimized)", "Plans": [{"Node Type": "Bitmap Index Scan", "Parent Relationship": "Outer", "Index Name": "idx_lineitem_orderkey", "Startup Cost": 0.0, "Total Cost": 1225035.42, "Plan Rows": 59987033, "Plan Width": 0}]}]}]}, {"Node Type": "Bitmap Heap Scan", "Parent Relationship": "Inner", "Relation Name": "lineitem", "Alias": "l3", "Startup Cost": 0.82, "Total Cost": 8.97, "Plan Rows": 3, "Plan Width": 16, "Recheck Cond": "(l_orderkey = l1.l_orderkey)", "Filter": "((l_receiptdate > l_commitdate) AND (l_suppkey <> l1.l_suppkey))", "Plans": [{"Node Type": "Bitmap Index Scan", "Parent Relationship": "Outer", "Index Name": "idx_lineitem_orderkey", "Startup Cost": 0.0, "Total Cost": 0.82, "Plan Rows": 9, "Plan Width": 0, "Index Cond": "(l_orderkey = l1.l_orderkey)"}]}]}, {"Node Type": "Bitmap Heap Scan", "Parent Relationship": "Inner", "Relation Name": "lineitem", "Alias": "l2", "Startup Cost": 0.82, "Total Cost": 8.95, "Plan Rows": 9, "Plan Width": 16, "Recheck Cond": "(l_orderkey = l1.l_orderkey)", "Filter": "(l_suppkey <> l1.l_suppkey)", "Plans": [{"Node Type": "Bitmap Index Scan", "Parent Relationship": "Outer", "Index Name": "idx_lineitem_orderkey", "Startup Cost": 0.0, "Total Cost": 0.82, "Plan Rows": 9, "Plan Width": 0, "Index Cond": "(l_orderkey = l1.l_orderkey)"}]}]}, {"Node Type": "Bitmap Heap Scan", "Parent Relationship": "Inner", "Relation Name": "orders", "Alias": "orders", "Startup Cost": 0.6, "Total Cost": 4.61, "Plan Rows": 1, "Plan Width": 8, "Recheck Cond": "(o_orderkey = l2.l_orderkey)", "Filter": "(o_orderstatus = 'F'::bpchar)", "Plans": [{"Node Type": "Bitmap Index Scan", "Parent Relationship": "Outer", "Index Name": "orders_pkey", "Startup Cost": 0.0, "Total Cost": 0.6, "Plan Rows": 1, "Plan Width": 0, "Index Cond": "(o_orderkey = l2.l_orderkey)"}]}]}]}]}]}, "Unique SQL Id": 3870093320}, "explain_analyze_plan": null}, "(64, 88)": {"explain_plan": {"Plan": {"Node Type": "Limit", "Startup Cost": 6811487.57, "Total Cost": 6811487.82, "Plan Rows": 100, "Plan Width": 34, "Plans": [{"Node Type": "Sort", "Parent Relationship": "Outer", "Startup Cost": 6811487.57, "Total Cost": 6811510.5, "Plan Rows": 100, "Plan Width": 34, "Sort Key": ["(count(*)) DESC", "supplier.s_name"], "Plans": [{"Node Type": "Aggregate", "Strategy": "Hashed", "Parent Relationship": "Outer", "Startup Cost": 6811045.3, "Total Cost": 6811137.02, "Plan Rows": 9172, "Plan Width": 34, "Group By Key": ["supplier.s_name"], "Plans": [{"Node Type": "Nested Loop", "Parent Relationship": "Outer", "Join Type": "Inner", "Startup Cost": 6796514.02, "Total Cost": 6810999.44, "Plan Rows": 9172, "Plan Width": 26, "Inner Unique": true, "Join Filter": "(l1.l_orderkey = orders.o_orderkey)", "Plans": [{"Node Type": "Nested Loop", "Parent Relationship": "Outer", "Join Type": "Semi", "Startup Cost": 6796514.02, "Total Cost": 6803899.07, "Plan Rows": 7254, "Plan Width": 42, "Inner Unique": false, "Plans": [{"Node Type": "Merge Join", "Parent Relationship": "Outer", "Join Type": "Inner", "Startup Cost": 6796514.02, "Total Cost": 6802043.51, "Plan Rows": 7635, "Plan Width": 42, "Inner Unique": false, "Merge Cond": "(supplier.s_suppkey = l1.l_suppkey)", "Plans": [{"Node Type": "Sort", "Parent Relationship": "Outer", "Startup Cost": 8893.34, "Total Cost": 8903.34, "Plan Rows": 4000, "Plan Width": 34, "Sort Key": ["supplier.s_suppkey"], "Plans": [{"Node Type": "Nested Loop", "Parent Relationship": "Outer", "Join Type": "Inner", "Startup Cost": 0.0, "Total Cost": 8654.02, "Plan Rows": 4000, "Plan Width": 34, "Inner Unique": false, "Plans": [{"Node Type": "Seq Scan", "Parent Relationship": "Outer", "Relation Name": "nation", "Alias": "nation", "Startup Cost": 0.0, "Total Cost": 1.31, "Plan Rows": 1, "Plan Width": 4, "Filter": "(n_name = 'EGYPT'::bpchar)"}, {"Node Type": "Index Scan", "Parent Relationship": "Inner", "Scan Direction": "Forward", "Index Name": "idx_supplier_nation_key", "Relation Name": "supplier", "Alias": "supplier", "Startup Cost": 0.0, "Total Cost": 8612.71, "Plan Rows": 4000, "Plan Width": 38, "Index Cond": "(s_nationkey = nation.n_nationkey)"}]}]}, {"Node Type": "Sort", "Parent Relationship": "Inner", "Startup Cost": 6787620.19, "Total Cost": 6790119.65, "Plan Rows": 999784, "Plan Width": 16, "Sort Key": ["l1.l_suppkey"], "Plans": [{"Node Type": "Nested Loop", "Parent Relationship": "Outer", "Join Type": "Anti", "Startup Cost": 0.0, "Total Cost": 6687985.43, "Plan Rows": 999784, "Plan Width": 16, "Inner Unique": false, "Plans": [{"Node Type": "Streaming(type: LOCAL GATHER dop: 1/64)", "Parent Relationship": "Outer", "Startup Cost": 0.0, "Total Cost": 509337.91, "Plan Rows": 19995678, "Plan Width": 16, "Plans": [{"Node Type": "Seq Scan", "Parent Relationship": "Outer", "Relation Name": "lineitem", "Alias": "l1", "Startup Cost": 0.0, "Total Cost": 96829.42, "Plan Rows": 19995678, "Plan Width": 16, "Filter": "(l_receiptdate > l_commitdate), (LLVM Optimized)"}]}, {"Node Type": "Index Scan", "Parent Relationship": "Inner", "Scan Direction": "Forward", "Index Name": "idx_lineitem_orderkey", "Relation Name": "lineitem", "Alias": "l3", "Startup Cost": 0.0, "Total Cost": 1.63, "Plan Rows": 3, "Plan Width": 16, "Index Cond": "(l_orderkey = l1.l_orderkey)", "Filter": "((l_receiptdate > l_commitdate) AND (l_suppkey <> l1.l_suppkey))"}]}]}]}, {"Node Type": "Index Scan", "Parent Relationship": "Inner", "Scan Direction": "Forward", "Index Name": "idx_lineitem_orderkey", "Relation Name": "lineitem", "Alias": "l2", "Startup Cost": 0.0, "Total Cost": 1.63, "Plan Rows": 9, "Plan Width": 16, "Index Cond": "(l_orderkey = l1.l_orderkey)", "Filter": "(l_suppkey <> l1.l_suppkey)"}]}, {"Node Type": "Index Scan", "Parent Relationship": "Inner", "Scan Direction": "Forward", "Index Name": "orders_pkey", "Relation Name": "orders", "Alias": "orders", "Startup Cost": 0.0, "Total Cost": 0.97, "Plan Rows": 1, "Plan Width": 8, "Index Cond": "(o_orderkey = l2.l_orderkey)", "Filter": "(o_orderstatus = 'F'::bpchar)"}]}]}]}]}, "Unique SQL Id": 3870093320}, "explain_analyze_plan": null}, "(64, 89)": {"explain_plan": {"Plan": {"Node Type": "Limit", "Startup Cost": 7866412.81, "Total Cost": 7866413.06, "Plan Rows": 100, "Plan Width": 34, "Plans": [{"Node Type": "Sort", "Parent Relationship": "Outer", "Startup Cost": 7866412.81, "Total Cost": 7866435.74, "Plan Rows": 100, "Plan Width": 34, "Sort Key": ["(count(*)) DESC", "supplier.s_name"], "Plans": [{"Node Type": "Aggregate", "Strategy": "Hashed", "Parent Relationship": "Outer", "Startup Cost": 7865970.54, "Total Cost": 7866062.26, "Plan Rows": 9172, "Plan Width": 34, "Group By Key": ["supplier.s_name"], "Plans": [{"Node Type": "Nested Loop", "Parent Relationship": "Outer", "Join Type": "Semi", "Startup Cost": 7674044.93, "Total Cost": 7865924.68, "Plan Rows": 9172, "Plan Width": 26, "Inner Unique": false, "Join Filter": "(orders.o_orderkey = l2.l_orderkey)", "Plans": [{"Node Type": "Nested Loop", "Parent Relationship": "Outer", "Join Type": "Anti", "Startup Cost": 7674044.93, "Total Cost": 7862062.89, "Plan Rows": 9655, "Plan Width": 50, "Inner Unique": false, "Plans": [{"Node Type": "Merge Join", "Parent Relationship": "Outer", "Join Type": "Inner", "Startup Cost": 7674044.93, "Total Cost": 7802394.01, "Plan Rows": 193099, "Plan Width": 50, "Inner Unique": false, "Merge Cond": "(supplier.s_suppkey = l1.l_suppkey)", "Plans": [{"Node Type": "Sort", "Parent Relationship": "Outer", "Startup Cost": 8904.71, "Total Cost": 8914.71, "Plan Rows": 4000, "Plan Width": 34, "Sort Key": ["supplier.s_suppkey"], "Plans": [{"Node Type": "Nested Loop", "Parent Relationship": "Outer", "Join Type": "Inner", "Startup Cost": 0.0, "Total Cost": 8665.4, "Plan Rows": 4000, "Plan Width": 34, "Inner Unique": false, "Plans": [{"Node Type": "Index Scan", "Parent Relationship": "Outer", "Scan Direction": "Forward", "Index Name": "nation_pkey", "Relation Name": "nation", "Alias": "nation", "Startup Cost": 0.0, "Total Cost": 12.69, "Plan Rows": 1, "Plan Width": 4, "Filter": "(n_name = 'EGYPT'::bpchar)"}, {"Node Type": "Index Scan", "Parent Relationship": "Inner", "Scan Direction": "Forward", "Index Name": "idx_supplier_nation_key", "Relation Name": "supplier", "Alias": "supplier", "Startup Cost": 0.0, "Total Cost": 8612.71, "Plan Rows": 4000, "Plan Width": 38, "Index Cond": "(s_nationkey = nation.n_nationkey)"}]}]}, {"Node Type": "Sort", "Parent Relationship": "Inner", "Startup Cost": 7665127.66, "Total Cost": 7728339.26, "Plan Rows": 25284641, "Plan Width": 24, "Sort Key": ["l1.l_suppkey"], "Plans": [{"Node Type": "Merge Join", "Parent Relationship": "Outer", "Join Type": "Inner", "Startup Cost": 28.95, "Total Cost": 4556158.8, "Plan Rows": 25284641, "Plan Width": 24, "Inner Unique": false, "Merge Cond": "(orders.o_orderkey = l1.l_orderkey)", "Plans": [{"Node Type": "Index Scan", "Parent Relationship": "Outer", "Scan Direction": "Forward", "Index Name": "orders_pkey", "Relation Name": "orders", "Alias": "orders", "Startup Cost": 0.0, "Total Cost": 768477.13, "Plan Rows": 7338812, "Plan Width": 8, "Filter": "(o_orderstatus = 'F'::bpchar), (LLVM Optimized)"}, {"Node Type": "Materialize", "Parent Relationship": "Inner", "Startup Cost": 0.0, "Total Cost": 3440110.52, "Plan Rows": 19995678, "Plan Width": 16, "Plans": [{"Node Type": "Index Scan", "Parent Relationship": "Outer", "Scan Direction": "Forward", "Index Name": "idx_lineitem_orderkey", "Relation Name": "lineitem", "Alias": "l1", "Startup Cost": 0.0, "Total Cost": 3390121.33, "Plan Rows": 19995678, "Plan Width": 16, "Filter": "(l_receiptdate > l_commitdate), (LLVM Optimized)"}]}]}]}]}, {"Node Type": "Index Scan", "Parent Relationship": "Inner", "Scan Direction": "Forward", "Index Name": "idx_lineitem_orderkey", "Relation Name": "lineitem", "Alias": "l3", "Startup Cost": 0.0, "Total Cost": 1.63, "Plan Rows": 3, "Plan Width": 16, "Index Cond": "(l_orderkey = l1.l_orderkey)", "Filter": "((l_receiptdate > l_commitdate) AND (l_suppkey <> l1.l_suppkey))"}]}, {"Node Type": "Index Scan", "Parent Relationship": "Inner", "Scan Direction": "Forward", "Index Name": "idx_lineitem_orderkey", "Relation Name": "lineitem", "Alias": "l2", "Startup Cost": 0.0, "Total Cost": 1.63, "Plan Rows": 9, "Plan Width": 16, "Index Cond": "(l_orderkey = l1.l_orderkey)", "Filter": "(l_suppkey <> l1.l_suppkey)"}]}]}]}]}, "Unique SQL Id": 3870093320}, "explain_analyze_plan": null}, "(64, 90)": {"explain_plan": {"Plan": {"Node Type": "Limit", "Startup Cost": 4001036868396.36, "Total Cost": 4001036868396.61, "Plan Rows": 100, "Plan Width": 34, "Plans": [{"Node Type": "Sort", "Parent Relationship": "Outer", "Startup Cost": 4001036868396.36, "Total Cost": 4001036868419.29, "Plan Rows": 100, "Plan Width": 34, "Sort Key": ["(count(*)) DESC", "supplier.s_name"], "Plans": [{"Node Type": "Aggregate", "Strategy": "Hashed", "Parent Relationship": "Outer", "Startup Cost": 4001036867954.09, "Total Cost": 4001036868045.81, "Plan Rows": 9172, "Plan Width": 34, "Group By Key": ["supplier.s_name"], "Plans": [{"Node Type": "Merge Join", "Parent Relationship": "Outer", "Join Type": "Inner", "Startup Cost": 4001036861853.75, "Total Cost": 4001036867908.23, "Plan Rows": 9172, "Plan Width": 26, "Inner Unique": false, "Merge Cond": "(supplier.s_suppkey = l1.l_suppkey)", "Plans": [{"Node Type": "Sort", "Parent Relationship": "Outer", "Startup Cost": 12368.47, "Total Cost": 12378.47, "Plan Rows": 4000, "Plan Width": 34, "Sort Key": ["supplier.s_suppkey"], "Plans": [{"Node Type": "Merge Join", "Parent Relationship": "Outer", "Join Type": "Inner", "Startup Cost": 11589.14, "Total Cost": 12129.15, "Plan Rows": 4000, "Plan Width": 34, "Inner Unique": false, "Merge Cond": "(nation.n_nationkey = supplier.s_nationkey)", "Plans": [{"Node Type": "Sort", "Parent Relationship": "Outer", "Startup Cost": 1.32, "Total Cost": 1.33, "Plan Rows": 1, "Plan Width": 4, "Sort Key": ["nation.n_nationkey"], "Plans": [{"Node Type": "Seq Scan", "Parent Relationship": "Outer", "Relation Name": "nation", "Alias": "nation", "Startup Cost": 0.0, "Total Cost": 1.31, "Plan Rows": 1, "Plan Width": 4, "Filter": "(n_name = 'EGYPT'::bpchar)"}]}, {"Node Type": "Sort", "Parent Relationship": "Inner", "Startup Cost": 11587.82, "Total Cost": 11837.82, "Plan Rows": 100000, "Plan Width": 38, "Sort Key": ["supplier.s_nationkey"], "Plans": [{"Node Type": "Seq Scan", "Parent Relationship": "Outer", "Relation Name": "supplier", "Alias": "supplier", "Startup Cost": 0.0, "Total Cost": 3283.0, "Plan Rows": 100000, "Plan Width": 38}]}]}]}, {"Node Type": "Sort", "Parent Relationship": "Inner", "Startup Cost": 4001036849484.69, "Total Cost": 4001036852487.24, "Plan Rows": 1201020, "Plan Width": 8, "Sort Key": ["l1.l_suppkey"], "Plans": [{"Node Type": "Merge Join", "Parent Relationship": "Outer", "Join Type": "Inner", "Startup Cost": 40036425616.82, "Total Cost": 4001036728206.72, "Plan Rows": 1201020, "Plan Width": 8, "Inner Unique": true, "Merge Cond": "(l1.l_orderkey = orders.o_orderkey)", "Plans": [{"Node Type": "Merge Join", "Parent Relationship": "Outer", "Join Type": "Semi", "Startup Cost": 30000000000.0, "Total Cost": 3001006768519.97, "Plan Rows": 949795, "Plan Width": 24, "Inner Unique": false, "Merge Cond": "(l1.l_orderkey = l2.l_orderkey), (LLVM Optimized)", "Join Filter": "(l2.l_suppkey <> l1.l_suppkey), (LLVM Optimized)", "Plans": [{"Node Type": "Merge Join", "Parent Relationship": "Outer", "Join Type": "Anti", "Startup Cost": 20000000000.0, "Total Cost": 2000682365976.25, "Plan Rows": 999784, "Plan Width": 16, "Inner Unique": false, "Merge Cond": "(l1.l_orderkey = l3.l_orderkey), (LLVM Optimized)", "Join Filter": "(l3.l_suppkey <> l1.l_suppkey), (LLVM Optimized)", "Plans": [{"Node Type": "Index Scan", "Parent Relationship": "Outer", "Scan Direction": "Forward", "Index Name": "idx_lineitem_orderkey", "Relation Name": "lineitem", "Alias": "l1", "Startup Cost": 10000000000.0, "Total Cost": 1000339012132.75, "Plan Rows": 19995678, "Plan Width": 16, "Filter": "(l_receiptdate > l_commitdate), (LLVM Optimized)"}, {"Node Type": "Materialize", "Parent Relationship": "Inner", "Startup Cost": 10000000000.0, "Total Cost": 1000339062121.94, "Plan Rows": 19995678, "Plan Width": 16, "Plans": [{"Node Type": "Index Scan", "Parent Relationship": "Outer", "Scan Direction": "Forward", "Index Name": "idx_lineitem_orderkey", "Relation Name": "lineitem", "Alias": "l3", "Startup Cost": 10000000000.0, "Total Cost": 1000339012132.75, "Plan Rows": 19995678, "Plan Width": 16, "Filter": "(l_receiptdate > l_commitdate), (LLVM Optimized)"}]}]}, {"Node Type": "Index Scan", "Parent Relationship": "Inner", "Scan Direction": "Forward", "Index Name": "idx_lineitem_orderkey", "Relation Name": "lineitem", "Alias": "l2", "Startup Cost": 10000000000.0, "Total Cost": 1000324015374.5, "Plan Rows": 59987033, "Plan Width": 16}]}, {"Node Type": "Index Scan", "Parent Relationship": "Inner", "Scan Direction": "Forward", "Index Name": "orders_pkey", "Relation Name": "orders", "Alias": "orders", "Startup Cost": 10000000000.0, "Total Cost": 1000076847713.25, "Plan Rows": 7338812, "Plan Width": 8, "Filter": "(o_orderstatus = 'F'::bpchar), (LLVM Optimized)"}]}]}]}]}]}]}, "Unique SQL Id": 3870093320}, "explain_analyze_plan": null}, "(64, 91)": {"explain_plan": {"Plan": {"Node Type": "Limit", "Startup Cost": 6001066518420.09, "Total Cost": 6001066518420.34, "Plan Rows": 100, "Plan Width": 34, "Plans": [{"Node Type": "Sort", "Parent Relationship": "Outer", "Startup Cost": 6001066518420.09, "Total Cost": 6001066518443.02, "Plan Rows": 100, "Plan Width": 34, "Sort Key": ["(count(*)) DESC", "supplier.s_name"], "Plans": [{"Node Type": "Aggregate", "Strategy": "Hashed", "Parent Relationship": "Outer", "Startup Cost": 6001066517977.82, "Total Cost": 6001066518069.54, "Plan Rows": 9172, "Plan Width": 34, "Group By Key": ["supplier.s_name"], "Plans": [{"Node Type": "Merge Join", "Parent Relationship": "Outer", "Join Type": "Semi", "Startup Cost": 3030378986896.29, "Total Cost": 6001066517931.96, "Plan Rows": 9172, "Plan Width": 26, "Inner Unique": false, "Merge Cond": "(orders.o_orderkey = l2.l_orderkey)", "Join Filter": "(l2.l_suppkey <> l1.l_suppkey)", "Plans": [{"Node Type": "Merge Join", "Parent Relationship": "Outer", "Join Type": "Inner", "Startup Cost": 3020378986896.29, "Total Cost": 5000758513752.19, "Plan Rows": 9655, "Plan Width": 50, "Inner Unique": true, "Merge Cond": "(l1.l_orderkey = orders.o_orderkey)", "Plans": [{"Node Type": "Merge Join", "Parent Relationship": "Outer", "Join Type": "Anti", "Startup Cost": 3010342561279.47, "Total Cost": 4000681647576.29, "Plan Rows": 7635, "Plan Width": 42, "Inner Unique": false, "Merge Cond": "(l1.l_orderkey = l3.l_orderkey)", "Join Filter": "(l3.l_suppkey <> l1.l_suppkey)", "Plans": [{"Node Type": "Sort", "Parent Relationship": "Outer", "Startup Cost": 3000342561279.47, "Total Cost": 3000342561661.23, "Plan Rows": 152707, "Plan Width": 42, "Sort Key": ["l1.l_orderkey"], "Plans": [{"Node Type": "Merge Join", "Parent Relationship": "Outer", "Join Type": "Inner", "Startup Cost": 2010342526246.89, "Total Cost": 3000342548131.08, "Plan Rows": 152707, "Plan Width": 42, "Inner Unique": false, "Merge Cond": "(nation.n_nationkey = supplier.s_nationkey)", "Plans": [{"Node Type": "Index Scan", "Parent Relationship": "Outer", "Scan Direction": "Forward", "Index Name": "nation_pkey", "Relation Name": "nation", "Alias": "nation", "Startup Cost": 10000000000.0, "Total Cost": 1000000001268.75, "Plan Rows": 1, "Plan Width": 4, "Filter": "(n_name = 'EGYPT'::bpchar)"}, {"Node Type": "Sort", "Parent Relationship": "Inner", "Startup Cost": 2000342526246.89, "Total Cost": 2000342535791.08, "Plan Rows": 3817674, "Plan Width": 46, "Sort Key": ["supplier.s_nationkey"], "Plans": [{"Node Type": "Merge Join", "Parent Relationship": "Outer", "Join Type": "Inner", "Startup Cost": 1010341436937.06, "Total Cost": 2000342108893.76, "Plan Rows": 3817674, "Plan Width": 46, "Inner Unique": false, "Merge Cond": "(supplier.s_suppkey = l1.l_suppkey)", "Plans": [{"Node Type": "Index Scan", "Parent Relationship": "Outer", "Scan Direction": "Forward", "Index Name": "supplier_pkey", "Relation Name": "supplier", "Alias": "supplier", "Startup Cost": 10000000000.0, "Total Cost": 1000000533571.43, "Plan Rows": 100000, "Plan Width": 38}, {"Node Type": "Sort", "Parent Relationship": "Inner", "Startup Cost": 1000341436927.13, "Total Cost": 1000341486916.32, "Plan Rows": 19995678, "Plan Width": 16, "Sort Key": ["l1.l_suppkey"], "Plans": [{"Node Type": "Index Scan", "Parent Relationship": "Outer", "Scan Direction": "Forward", "Index Name": "idx_lineitem_orderkey", "Relation Name": "lineitem", "Alias": "l1", "Startup Cost": 10000000000.0, "Total Cost": 1000339012132.75, "Plan Rows": 19995678, "Plan Width": 16, "Filter": "(l_receiptdate > l_commitdate), (LLVM Optimized)"}]}]}]}]}]}, {"Node Type": "Index Scan", "Parent Relationship": "Inner", "Scan Direction": "Forward", "Index Name": "idx_lineitem_orderkey", "Relation Name": "lineitem", "Alias": "l3", "Startup Cost": 10000000000.0, "Total Cost": 1000339012132.75, "Plan Rows": 19995678, "Plan Width": 16, "Filter": "(l_receiptdate > l_commitdate), (LLVM Optimized)"}]}, {"Node Type": "Index Scan", "Parent Relationship": "Inner", "Scan Direction": "Forward", "Index Name": "orders_pkey", "Relation Name": "orders", "Alias": "orders", "Startup Cost": 10000000000.0, "Total Cost": 1000076847713.25, "Plan Rows": 7338812, "Plan Width": 8, "Filter": "(o_orderstatus = 'F'::bpchar), (LLVM Optimized)"}]}, {"Node Type": "Index Scan", "Parent Relationship": "Inner", "Scan Direction": "Forward", "Index Name": "idx_lineitem_orderkey", "Relation Name": "lineitem", "Alias": "l2", "Startup Cost": 10000000000.0, "Total Cost": 1000324015374.5, "Plan Rows": 59987033, "Plan Width": 16}]}]}]}]}, "Unique SQL Id": 3870093320}, "explain_analyze_plan": null}, "(64, 92)": {"explain_plan": {"Plan": {"Node Type": "Limit", "Startup Cost": 6811487.57, "Total Cost": 6811487.82, "Plan Rows": 100, "Plan Width": 34, "Plans": [{"Node Type": "Sort", "Parent Relationship": "Outer", "Startup Cost": 6811487.57, "Total Cost": 6811510.5, "Plan Rows": 100, "Plan Width": 34, "Sort Key": ["(count(*)) DESC", "supplier.s_name"], "Plans": [{"Node Type": "Aggregate", "Strategy": "Hashed", "Parent Relationship": "Outer", "Startup Cost": 6811045.3, "Total Cost": 6811137.02, "Plan Rows": 9172, "Plan Width": 34, "Group By Key": ["supplier.s_name"], "Plans": [{"Node Type": "Nested Loop", "Parent Relationship": "Outer", "Join Type": "Inner", "Startup Cost": 6796514.02, "Total Cost": 6810999.44, "Plan Rows": 9172, "Plan Width": 26, "Inner Unique": true, "Join Filter": "(l1.l_orderkey = orders.o_orderkey)", "Plans": [{"Node Type": "Nested Loop", "Parent Relationship": "Outer", "Join Type": "Semi", "Startup Cost": 6796514.02, "Total Cost": 6803899.07, "Plan Rows": 7254, "Plan Width": 42, "Inner Unique": false, "Plans": [{"Node Type": "Merge Join", "Parent Relationship": "Outer", "Join Type": "Inner", "Startup Cost": 6796514.02, "Total Cost": 6802043.51, "Plan Rows": 7635, "Plan Width": 42, "Inner Unique": false, "Merge Cond": "(supplier.s_suppkey = l1.l_suppkey)", "Plans": [{"Node Type": "Sort", "Parent Relationship": "Outer", "Startup Cost": 8893.34, "Total Cost": 8903.34, "Plan Rows": 4000, "Plan Width": 34, "Sort Key": ["supplier.s_suppkey"], "Plans": [{"Node Type": "Nested Loop", "Parent Relationship": "Outer", "Join Type": "Inner", "Startup Cost": 0.0, "Total Cost": 8654.02, "Plan Rows": 4000, "Plan Width": 34, "Inner Unique": false, "Plans": [{"Node Type": "Seq Scan", "Parent Relationship": "Outer", "Relation Name": "nation", "Alias": "nation", "Startup Cost": 0.0, "Total Cost": 1.31, "Plan Rows": 1, "Plan Width": 4, "Filter": "(n_name = 'EGYPT'::bpchar)"}, {"Node Type": "Index Scan", "Parent Relationship": "Inner", "Scan Direction": "Forward", "Index Name": "idx_supplier_nation_key", "Relation Name": "supplier", "Alias": "supplier", "Startup Cost": 0.0, "Total Cost": 8612.71, "Plan Rows": 4000, "Plan Width": 38, "Index Cond": "(s_nationkey = nation.n_nationkey)"}]}]}, {"Node Type": "Sort", "Parent Relationship": "Inner", "Startup Cost": 6787620.19, "Total Cost": 6790119.65, "Plan Rows": 999784, "Plan Width": 16, "Sort Key": ["l1.l_suppkey"], "Plans": [{"Node Type": "Nested Loop", "Parent Relationship": "Outer", "Join Type": "Anti", "Startup Cost": 0.0, "Total Cost": 6687985.43, "Plan Rows": 999784, "Plan Width": 16, "Inner Unique": false, "Plans": [{"Node Type": "Streaming(type: LOCAL GATHER dop: 1/64)", "Parent Relationship": "Outer", "Startup Cost": 0.0, "Total Cost": 509337.91, "Plan Rows": 19995678, "Plan Width": 16, "Plans": [{"Node Type": "Seq Scan", "Parent Relationship": "Outer", "Relation Name": "lineitem", "Alias": "l1", "Startup Cost": 0.0, "Total Cost": 96829.42, "Plan Rows": 19995678, "Plan Width": 16, "Filter": "(l_receiptdate > l_commitdate), (LLVM Optimized)"}]}, {"Node Type": "Index Scan", "Parent Relationship": "Inner", "Scan Direction": "Forward", "Index Name": "idx_lineitem_orderkey", "Relation Name": "lineitem", "Alias": "l3", "Startup Cost": 0.0, "Total Cost": 1.63, "Plan Rows": 3, "Plan Width": 16, "Index Cond": "(l_orderkey = l1.l_orderkey)", "Filter": "((l_receiptdate > l_commitdate) AND (l_suppkey <> l1.l_suppkey))"}]}]}]}, {"Node Type": "Index Scan", "Parent Relationship": "Inner", "Scan Direction": "Forward", "Index Name": "idx_lineitem_orderkey", "Relation Name": "lineitem", "Alias": "l2", "Startup Cost": 0.0, "Total Cost": 1.63, "Plan Rows": 9, "Plan Width": 16, "Index Cond": "(l_orderkey = l1.l_orderkey)", "Filter": "(l_suppkey <> l1.l_suppkey)"}]}, {"Node Type": "Index Scan", "Parent Relationship": "Inner", "Scan Direction": "Forward", "Index Name": "orders_pkey", "Relation Name": "orders", "Alias": "orders", "Startup Cost": 0.0, "Total Cost": 0.97, "Plan Rows": 1, "Plan Width": 8, "Index Cond": "(o_orderkey = l2.l_orderkey)", "Filter": "(o_orderstatus = 'F'::bpchar)"}]}]}]}]}, "Unique SQL Id": 3870093320}, "explain_analyze_plan": null}, "(64, 93)": {"explain_plan": {"Plan": {"Node Type": "Limit", "Startup Cost": 7866412.81, "Total Cost": 7866413.06, "Plan Rows": 100, "Plan Width": 34, "Plans": [{"Node Type": "Sort", "Parent Relationship": "Outer", "Startup Cost": 7866412.81, "Total Cost": 7866435.74, "Plan Rows": 100, "Plan Width": 34, "Sort Key": ["(count(*)) DESC", "supplier.s_name"], "Plans": [{"Node Type": "Aggregate", "Strategy": "Hashed", "Parent Relationship": "Outer", "Startup Cost": 7865970.54, "Total Cost": 7866062.26, "Plan Rows": 9172, "Plan Width": 34, "Group By Key": ["supplier.s_name"], "Plans": [{"Node Type": "Nested Loop", "Parent Relationship": "Outer", "Join Type": "Semi", "Startup Cost": 7674044.93, "Total Cost": 7865924.68, "Plan Rows": 9172, "Plan Width": 26, "Inner Unique": false, "Join Filter": "(orders.o_orderkey = l2.l_orderkey)", "Plans": [{"Node Type": "Nested Loop", "Parent Relationship": "Outer", "Join Type": "Anti", "Startup Cost": 7674044.93, "Total Cost": 7862062.89, "Plan Rows": 9655, "Plan Width": 50, "Inner Unique": false, "Plans": [{"Node Type": "Merge Join", "Parent Relationship": "Outer", "Join Type": "Inner", "Startup Cost": 7674044.93, "Total Cost": 7802394.01, "Plan Rows": 193099, "Plan Width": 50, "Inner Unique": false, "Merge Cond": "(supplier.s_suppkey = l1.l_suppkey)", "Plans": [{"Node Type": "Sort", "Parent Relationship": "Outer", "Startup Cost": 8904.71, "Total Cost": 8914.71, "Plan Rows": 4000, "Plan Width": 34, "Sort Key": ["supplier.s_suppkey"], "Plans": [{"Node Type": "Nested Loop", "Parent Relationship": "Outer", "Join Type": "Inner", "Startup Cost": 0.0, "Total Cost": 8665.4, "Plan Rows": 4000, "Plan Width": 34, "Inner Unique": false, "Plans": [{"Node Type": "Index Scan", "Parent Relationship": "Outer", "Scan Direction": "Forward", "Index Name": "nation_pkey", "Relation Name": "nation", "Alias": "nation", "Startup Cost": 0.0, "Total Cost": 12.69, "Plan Rows": 1, "Plan Width": 4, "Filter": "(n_name = 'EGYPT'::bpchar)"}, {"Node Type": "Index Scan", "Parent Relationship": "Inner", "Scan Direction": "Forward", "Index Name": "idx_supplier_nation_key", "Relation Name": "supplier", "Alias": "supplier", "Startup Cost": 0.0, "Total Cost": 8612.71, "Plan Rows": 4000, "Plan Width": 38, "Index Cond": "(s_nationkey = nation.n_nationkey)"}]}]}, {"Node Type": "Sort", "Parent Relationship": "Inner", "Startup Cost": 7665127.66, "Total Cost": 7728339.26, "Plan Rows": 25284641, "Plan Width": 24, "Sort Key": ["l1.l_suppkey"], "Plans": [{"Node Type": "Merge Join", "Parent Relationship": "Outer", "Join Type": "Inner", "Startup Cost": 28.95, "Total Cost": 4556158.8, "Plan Rows": 25284641, "Plan Width": 24, "Inner Unique": false, "Merge Cond": "(orders.o_orderkey = l1.l_orderkey)", "Plans": [{"Node Type": "Index Scan", "Parent Relationship": "Outer", "Scan Direction": "Forward", "Index Name": "orders_pkey", "Relation Name": "orders", "Alias": "orders", "Startup Cost": 0.0, "Total Cost": 768477.13, "Plan Rows": 7338812, "Plan Width": 8, "Filter": "(o_orderstatus = 'F'::bpchar), (LLVM Optimized)"}, {"Node Type": "Materialize", "Parent Relationship": "Inner", "Startup Cost": 0.0, "Total Cost": 3440110.52, "Plan Rows": 19995678, "Plan Width": 16, "Plans": [{"Node Type": "Index Scan", "Parent Relationship": "Outer", "Scan Direction": "Forward", "Index Name": "idx_lineitem_orderkey", "Relation Name": "lineitem", "Alias": "l1", "Startup Cost": 0.0, "Total Cost": 3390121.33, "Plan Rows": 19995678, "Plan Width": 16, "Filter": "(l_receiptdate > l_commitdate), (LLVM Optimized)"}]}]}]}]}, {"Node Type": "Index Scan", "Parent Relationship": "Inner", "Scan Direction": "Forward", "Index Name": "idx_lineitem_orderkey", "Relation Name": "lineitem", "Alias": "l3", "Startup Cost": 0.0, "Total Cost": 1.63, "Plan Rows": 3, "Plan Width": 16, "Index Cond": "(l_orderkey = l1.l_orderkey)", "Filter": "((l_receiptdate > l_commitdate) AND (l_suppkey <> l1.l_suppkey))"}]}, {"Node Type": "Index Scan", "Parent Relationship": "Inner", "Scan Direction": "Forward", "Index Name": "idx_lineitem_orderkey", "Relation Name": "lineitem", "Alias": "l2", "Startup Cost": 0.0, "Total Cost": 1.63, "Plan Rows": 9, "Plan Width": 16, "Index Cond": "(l_orderkey = l1.l_orderkey)", "Filter": "(l_suppkey <> l1.l_suppkey)"}]}]}]}]}, "Unique SQL Id": 3870093320}, "explain_analyze_plan": null}, "(64, 94)": {"explain_plan": {"Plan": {"Node Type": "Limit", "Startup Cost": 4001036868396.36, "Total Cost": 4001036868396.61, "Plan Rows": 100, "Plan Width": 34, "Plans": [{"Node Type": "Sort", "Parent Relationship": "Outer", "Startup Cost": 4001036868396.36, "Total Cost": 4001036868419.29, "Plan Rows": 100, "Plan Width": 34, "Sort Key": ["(count(*)) DESC", "supplier.s_name"], "Plans": [{"Node Type": "Aggregate", "Strategy": "Hashed", "Parent Relationship": "Outer", "Startup Cost": 4001036867954.09, "Total Cost": 4001036868045.81, "Plan Rows": 9172, "Plan Width": 34, "Group By Key": ["supplier.s_name"], "Plans": [{"Node Type": "Merge Join", "Parent Relationship": "Outer", "Join Type": "Inner", "Startup Cost": 4001036861853.75, "Total Cost": 4001036867908.23, "Plan Rows": 9172, "Plan Width": 26, "Inner Unique": false, "Merge Cond": "(supplier.s_suppkey = l1.l_suppkey)", "Plans": [{"Node Type": "Sort", "Parent Relationship": "Outer", "Startup Cost": 12368.47, "Total Cost": 12378.47, "Plan Rows": 4000, "Plan Width": 34, "Sort Key": ["supplier.s_suppkey"], "Plans": [{"Node Type": "Merge Join", "Parent Relationship": "Outer", "Join Type": "Inner", "Startup Cost": 11589.14, "Total Cost": 12129.15, "Plan Rows": 4000, "Plan Width": 34, "Inner Unique": false, "Merge Cond": "(nation.n_nationkey = supplier.s_nationkey)", "Plans": [{"Node Type": "Sort", "Parent Relationship": "Outer", "Startup Cost": 1.32, "Total Cost": 1.33, "Plan Rows": 1, "Plan Width": 4, "Sort Key": ["nation.n_nationkey"], "Plans": [{"Node Type": "Seq Scan", "Parent Relationship": "Outer", "Relation Name": "nation", "Alias": "nation", "Startup Cost": 0.0, "Total Cost": 1.31, "Plan Rows": 1, "Plan Width": 4, "Filter": "(n_name = 'EGYPT'::bpchar)"}]}, {"Node Type": "Sort", "Parent Relationship": "Inner", "Startup Cost": 11587.82, "Total Cost": 11837.82, "Plan Rows": 100000, "Plan Width": 38, "Sort Key": ["supplier.s_nationkey"], "Plans": [{"Node Type": "Seq Scan", "Parent Relationship": "Outer", "Relation Name": "supplier", "Alias": "supplier", "Startup Cost": 0.0, "Total Cost": 3283.0, "Plan Rows": 100000, "Plan Width": 38}]}]}]}, {"Node Type": "Sort", "Parent Relationship": "Inner", "Startup Cost": 4001036849484.69, "Total Cost": 4001036852487.24, "Plan Rows": 1201020, "Plan Width": 8, "Sort Key": ["l1.l_suppkey"], "Plans": [{"Node Type": "Merge Join", "Parent Relationship": "Outer", "Join Type": "Inner", "Startup Cost": 40036425616.82, "Total Cost": 4001036728206.72, "Plan Rows": 1201020, "Plan Width": 8, "Inner Unique": true, "Merge Cond": "(l1.l_orderkey = orders.o_orderkey)", "Plans": [{"Node Type": "Merge Join", "Parent Relationship": "Outer", "Join Type": "Semi", "Startup Cost": 30000000000.0, "Total Cost": 3001006768519.97, "Plan Rows": 949795, "Plan Width": 24, "Inner Unique": false, "Merge Cond": "(l1.l_orderkey = l2.l_orderkey), (LLVM Optimized)", "Join Filter": "(l2.l_suppkey <> l1.l_suppkey), (LLVM Optimized)", "Plans": [{"Node Type": "Merge Join", "Parent Relationship": "Outer", "Join Type": "Anti", "Startup Cost": 20000000000.0, "Total Cost": 2000682365976.25, "Plan Rows": 999784, "Plan Width": 16, "Inner Unique": false, "Merge Cond": "(l1.l_orderkey = l3.l_orderkey), (LLVM Optimized)", "Join Filter": "(l3.l_suppkey <> l1.l_suppkey), (LLVM Optimized)", "Plans": [{"Node Type": "Index Scan", "Parent Relationship": "Outer", "Scan Direction": "Forward", "Index Name": "idx_lineitem_orderkey", "Relation Name": "lineitem", "Alias": "l1", "Startup Cost": 10000000000.0, "Total Cost": 1000339012132.75, "Plan Rows": 19995678, "Plan Width": 16, "Filter": "(l_receiptdate > l_commitdate), (LLVM Optimized)"}, {"Node Type": "Materialize", "Parent Relationship": "Inner", "Startup Cost": 10000000000.0, "Total Cost": 1000339062121.94, "Plan Rows": 19995678, "Plan Width": 16, "Plans": [{"Node Type": "Index Scan", "Parent Relationship": "Outer", "Scan Direction": "Forward", "Index Name": "idx_lineitem_orderkey", "Relation Name": "lineitem", "Alias": "l3", "Startup Cost": 10000000000.0, "Total Cost": 1000339012132.75, "Plan Rows": 19995678, "Plan Width": 16, "Filter": "(l_receiptdate > l_commitdate), (LLVM Optimized)"}]}]}, {"Node Type": "Index Scan", "Parent Relationship": "Inner", "Scan Direction": "Forward", "Index Name": "idx_lineitem_orderkey", "Relation Name": "lineitem", "Alias": "l2", "Startup Cost": 10000000000.0, "Total Cost": 1000324015374.5, "Plan Rows": 59987033, "Plan Width": 16}]}, {"Node Type": "Index Scan", "Parent Relationship": "Inner", "Scan Direction": "Forward", "Index Name": "orders_pkey", "Relation Name": "orders", "Alias": "orders", "Startup Cost": 10000000000.0, "Total Cost": 1000076847713.25, "Plan Rows": 7338812, "Plan Width": 8, "Filter": "(o_orderstatus = 'F'::bpchar), (LLVM Optimized)"}]}]}]}]}]}]}, "Unique SQL Id": 3870093320}, "explain_analyze_plan": null}, "(64, 95)": {"explain_plan": {"Plan": {"Node Type": "Limit", "Startup Cost": 6001066518420.09, "Total Cost": 6001066518420.34, "Plan Rows": 100, "Plan Width": 34, "Plans": [{"Node Type": "Sort", "Parent Relationship": "Outer", "Startup Cost": 6001066518420.09, "Total Cost": 6001066518443.02, "Plan Rows": 100, "Plan Width": 34, "Sort Key": ["(count(*)) DESC", "supplier.s_name"], "Plans": [{"Node Type": "Aggregate", "Strategy": "Hashed", "Parent Relationship": "Outer", "Startup Cost": 6001066517977.82, "Total Cost": 6001066518069.54, "Plan Rows": 9172, "Plan Width": 34, "Group By Key": ["supplier.s_name"], "Plans": [{"Node Type": "Merge Join", "Parent Relationship": "Outer", "Join Type": "Semi", "Startup Cost": 3030378986896.29, "Total Cost": 6001066517931.96, "Plan Rows": 9172, "Plan Width": 26, "Inner Unique": false, "Merge Cond": "(orders.o_orderkey = l2.l_orderkey)", "Join Filter": "(l2.l_suppkey <> l1.l_suppkey)", "Plans": [{"Node Type": "Merge Join", "Parent Relationship": "Outer", "Join Type": "Inner", "Startup Cost": 3020378986896.29, "Total Cost": 5000758513752.19, "Plan Rows": 9655, "Plan Width": 50, "Inner Unique": true, "Merge Cond": "(l1.l_orderkey = orders.o_orderkey)", "Plans": [{"Node Type": "Merge Join", "Parent Relationship": "Outer", "Join Type": "Anti", "Startup Cost": 3010342561279.47, "Total Cost": 4000681647576.29, "Plan Rows": 7635, "Plan Width": 42, "Inner Unique": false, "Merge Cond": "(l1.l_orderkey = l3.l_orderkey)", "Join Filter": "(l3.l_suppkey <> l1.l_suppkey)", "Plans": [{"Node Type": "Sort", "Parent Relationship": "Outer", "Startup Cost": 3000342561279.47, "Total Cost": 3000342561661.23, "Plan Rows": 152707, "Plan Width": 42, "Sort Key": ["l1.l_orderkey"], "Plans": [{"Node Type": "Merge Join", "Parent Relationship": "Outer", "Join Type": "Inner", "Startup Cost": 2010342526246.89, "Total Cost": 3000342548131.08, "Plan Rows": 152707, "Plan Width": 42, "Inner Unique": false, "Merge Cond": "(nation.n_nationkey = supplier.s_nationkey)", "Plans": [{"Node Type": "Index Scan", "Parent Relationship": "Outer", "Scan Direction": "Forward", "Index Name": "nation_pkey", "Relation Name": "nation", "Alias": "nation", "Startup Cost": 10000000000.0, "Total Cost": 1000000001268.75, "Plan Rows": 1, "Plan Width": 4, "Filter": "(n_name = 'EGYPT'::bpchar)"}, {"Node Type": "Sort", "Parent Relationship": "Inner", "Startup Cost": 2000342526246.89, "Total Cost": 2000342535791.08, "Plan Rows": 3817674, "Plan Width": 46, "Sort Key": ["supplier.s_nationkey"], "Plans": [{"Node Type": "Merge Join", "Parent Relationship": "Outer", "Join Type": "Inner", "Startup Cost": 1010341436937.06, "Total Cost": 2000342108893.76, "Plan Rows": 3817674, "Plan Width": 46, "Inner Unique": false, "Merge Cond": "(supplier.s_suppkey = l1.l_suppkey)", "Plans": [{"Node Type": "Index Scan", "Parent Relationship": "Outer", "Scan Direction": "Forward", "Index Name": "supplier_pkey", "Relation Name": "supplier", "Alias": "supplier", "Startup Cost": 10000000000.0, "Total Cost": 1000000533571.43, "Plan Rows": 100000, "Plan Width": 38}, {"Node Type": "Sort", "Parent Relationship": "Inner", "Startup Cost": 1000341436927.13, "Total Cost": 1000341486916.32, "Plan Rows": 19995678, "Plan Width": 16, "Sort Key": ["l1.l_suppkey"], "Plans": [{"Node Type": "Index Scan", "Parent Relationship": "Outer", "Scan Direction": "Forward", "Index Name": "idx_lineitem_orderkey", "Relation Name": "lineitem", "Alias": "l1", "Startup Cost": 10000000000.0, "Total Cost": 1000339012132.75, "Plan Rows": 19995678, "Plan Width": 16, "Filter": "(l_receiptdate > l_commitdate), (LLVM Optimized)"}]}]}]}]}]}, {"Node Type": "Index Scan", "Parent Relationship": "Inner", "Scan Direction": "Forward", "Index Name": "idx_lineitem_orderkey", "Relation Name": "lineitem", "Alias": "l3", "Startup Cost": 10000000000.0, "Total Cost": 1000339012132.75, "Plan Rows": 19995678, "Plan Width": 16, "Filter": "(l_receiptdate > l_commitdate), (LLVM Optimized)"}]}, {"Node Type": "Index Scan", "Parent Relationship": "Inner", "Scan Direction": "Forward", "Index Name": "orders_pkey", "Relation Name": "orders", "Alias": "orders", "Startup Cost": 10000000000.0, "Total Cost": 1000076847713.25, "Plan Rows": 7338812, "Plan Width": 8, "Filter": "(o_orderstatus = 'F'::bpchar), (LLVM Optimized)"}]}, {"Node Type": "Index Scan", "Parent Relationship": "Inner", "Scan Direction": "Forward", "Index Name": "idx_lineitem_orderkey", "Relation Name": "lineitem", "Alias": "l2", "Startup Cost": 10000000000.0, "Total Cost": 1000324015374.5, "Plan Rows": 59987033, "Plan Width": 16}]}]}]}]}, "Unique SQL Id": 3870093320}, "explain_analyze_plan": null}, "(64, 96)": {"explain_plan": {"Plan": {"Node Type": "Limit", "Startup Cost": 228671.11, "Total Cost": 228671.36, "Plan Rows": 100, "Plan Width": 34, "Plans": [{"Node Type": "Sort", "Parent Relationship": "Outer", "Startup Cost": 228671.11, "Total Cost": 228694.04, "Plan Rows": 100, "Plan Width": 34, "Sort Key": ["(count(*)) DESC", "supplier.s_name"], "Plans": [{"Node Type": "Aggregate", "Strategy": "Hashed", "Parent Relationship": "Outer", "Startup Cost": 228228.84, "Total Cost": 228320.56, "Plan Rows": 9172, "Plan Width": 34, "Group By Key": ["supplier.s_name"], "Plans": [{"Node Type": "Nested Loop", "Parent Relationship": "Outer", "Join Type": "Inner", "Startup Cost": 70864.6, "Total Cost": 228182.98, "Plan Rows": 9172, "Plan Width": 26, "Inner Unique": true, "Join Filter": "(l1.l_orderkey = orders.o_orderkey)", "Plans": [{"Node Type": "Nested Loop", "Parent Relationship": "Outer", "Join Type": "Semi", "Startup Cost": 70864.6, "Total Cost": 221082.61, "Plan Rows": 7254, "Plan Width": 42, "Inner Unique": false, "Plans": [{"Node Type": "Nested Loop", "Parent Relationship": "Outer", "Join Type": "Anti", "Startup Cost": 70864.6, "Total Cost": 219227.05, "Plan Rows": 7635, "Plan Width": 42, "Inner Unique": false, "Plans": [{"Node Type": "Streaming(type: LOCAL GATHER dop: 1/64)", "Parent Relationship": "Outer", "Startup Cost": 70864.6, "Total Cost": 172039.83, "Plan Rows": 152707, "Plan Width": 42, "Plans": [{"Node Type": "Hash Join", "Parent Relationship": "Outer", "Join Type": "Inner", "Startup Cost": 70864.6, "Total Cost": 168889.5, "Plan Rows": 152707, "Plan Width": 42, "Inner Unique": false, "Hash Cond": "(l1.l_suppkey = supplier.s_suppkey), (LLVM Optimized)", "Plans": [{"Node Type": "Seq Scan", "Parent Relationship": "Outer", "Relation Name": "lineitem", "Alias": "l1", "Startup Cost": 0.0, "Total Cost": 96829.42, "Plan Rows": 19995678, "Plan Width": 16, "Filter": "(l_receiptdate > l_commitdate), (LLVM Optimized)"}, {"Node Type": "Hash", "Parent Relationship": "Inner", "Startup Cost": 70814.6, "Total Cost": 70814.6, "Plan Rows": 256000, "Plan Width": 34, "Plans": [{"Node Type": "Streaming(type: BROADCAST dop: 64/1)", "Parent Relationship": "Outer", "Startup Cost": 95.25, "Total Cost": 70814.6, "Plan Rows": 256000, "Plan Width": 34, "Plans": [{"Node Type": "Nested Loop", "Parent Relationship": "Outer", "Join Type": "Inner", "Startup Cost": 95.25, "Total Cost": 2533.35, "Plan Rows": 4000, "Plan Width": 34, "Inner Unique": false, "Plans": [{"Node Type": "Seq Scan", "Parent Relationship": "Outer", "Relation Name": "nation", "Alias": "nation", "Startup Cost": 0.0, "Total Cost": 1.31, "Plan Rows": 1, "Plan Width": 4, "Filter": "(n_name = 'EGYPT'::bpchar)"}, {"Node Type": "Bitmap Heap Scan", "Parent Relationship": "Inner", "Relation Name": "supplier", "Alias": "supplier", "Startup Cost": 95.25, "Total Cost": 2492.04, "Plan Rows": 4000, "Plan Width": 38, "Recheck Cond": "(s_nationkey = nation.n_nationkey)", "Plans": [{"Node Type": "Bitmap Index Scan", "Parent Relationship": "Outer", "Index Name": "idx_supplier_nation_key", "Startup Cost": 0.0, "Total Cost": 94.25, "Plan Rows": 4000, "Plan Width": 0, "Index Cond": "(s_nationkey = nation.n_nationkey)"}]}]}]}]}]}]}, {"Node Type": "Index Scan", "Parent Relationship": "Inner", "Scan Direction": "Forward", "Index Name": "idx_lineitem_orderkey", "Relation Name": "lineitem", "Alias": "l3", "Startup Cost": 0.0, "Total Cost": 1.63, "Plan Rows": 3, "Plan Width": 16, "Index Cond": "(l_orderkey = l1.l_orderkey)", "Filter": "((l_receiptdate > l_commitdate) AND (l_suppkey <> l1.l_suppkey))"}]}, {"Node Type": "Index Scan", "Parent Relationship": "Inner", "Scan Direction": "Forward", "Index Name": "idx_lineitem_orderkey", "Relation Name": "lineitem", "Alias": "l2", "Startup Cost": 0.0, "Total Cost": 1.63, "Plan Rows": 9, "Plan Width": 16, "Index Cond": "(l_orderkey = l1.l_orderkey)", "Filter": "(l_suppkey <> l1.l_suppkey)"}]}, {"Node Type": "Index Scan", "Parent Relationship": "Inner", "Scan Direction": "Forward", "Index Name": "orders_pkey", "Relation Name": "orders", "Alias": "orders", "Startup Cost": 0.0, "Total Cost": 0.97, "Plan Rows": 1, "Plan Width": 8, "Index Cond": "(o_orderkey = l2.l_orderkey)", "Filter": "(o_orderstatus = 'F'::bpchar)"}]}]}]}]}, "Unique SQL Id": 3870093320}, "explain_analyze_plan": {"Plan": {"Node Type": "Limit", "Startup Cost": 228671.11, "Total Cost": 228671.36, "Plan Rows": 100, "Plan Width": 34, "Actual Min Startup Time": 12866.621, "Actual Max Startup Time": 12866.621, "Actual Min Total Time": 12866.642, "Actual Max Total Time": 12866.642, "Actual Total Rows": 100, "Plans": [{"Node Type": "Sort", "Parent Relationship": "Outer", "Startup Cost": 228671.11, "Total Cost": 228694.04, "Plan Rows": 100, "Plan Width": 34, "Actual Min Startup Time": 12866.617, "Actual Max Startup Time": 12866.617, "Actual Min Total Time": 12866.628, "Actual Max Total Time": 12866.628, "Actual Total Rows": 100, "Sort Key": ["(count(*)) DESC", "supplier.s_name"], "Sort Method": "top-N heapsort", "Sort Space Min Used": 41, "Sort Space Max Used": 41, "Sort Space Type": "Memory", "Plans": [{"Node Type": "Aggregate", "Strategy": "Hashed", "Parent Relationship": "Outer", "Startup Cost": 228228.84, "Total Cost": 228320.56, "Plan Rows": 9172, "Plan Width": 34, "Actual Min Startup Time": 12863.299, "Actual Max Startup Time": 12863.299, "Actual Min Total Time": 12864.519, "Actual Max Total Time": 12864.519, "Actual Total Rows": 3981, "Group By Key": ["supplier.s_name"], "Plans": [{"Node Type": "Nested Loop", "Parent Relationship": "Outer", "Join Type": "Inner", "Startup Cost": 70864.6, "Total Cost": 228182.98, "Plan Rows": 9172, "Plan Width": 26, "Actual Min Startup Time": 321.296, "Actual Max Startup Time": 321.296, "Actual Min Total Time": 12810.71, "Actual Max Total Time": 12810.71, "Actual Total Rows": 39445, "Inner Unique": true, "Join Filter": "(l1.l_orderkey = orders.o_orderkey)", "Rows Removed by Join Filter": 0, "Plans": [{"Node Type": "Nested Loop", "Parent Relationship": "Outer", "Join Type": "Semi", "Startup Cost": 70864.6, "Total Cost": 221082.61, "Plan Rows": 7254, "Plan Width": 42, "Actual Min Startup Time": 321.137, "Actual Max Startup Time": 321.137, "Actual Min Total Time": 12228.446, "Actual Max Total Time": 12228.446, "Actual Total Rows": 80537, "Inner Unique": false, "Plans": [{"Node Type": "Nested Loop", "Parent Relationship": "Outer", "Join Type": "Anti", "Startup Cost": 70864.6, "Total Cost": 219227.05, "Plan Rows": 7635, "Plan Width": 42, "Actual Min Startup Time": 320.888, "Actual Max Startup Time": 320.888, "Actual Min Total Time": 11631.181, "Actual Max Total Time": 11631.181, "Actual Total Rows": 135110, "Inner Unique": false, "Plans": [{"Node Type": "Streaming(type: LOCAL GATHER dop: 1/64)", "Parent Relationship": "Outer", "Startup Cost": 70864.6, "Total Cost": 172039.83, "Plan Rows": 152707, "Plan Width": 42, "Actual Min Startup Time": 320.789, "Actual Max Startup Time": 320.789, "Actual Min Total Time": 1148.491, "Actual Max Total Time": 1148.491, "Actual Total Rows": 1511024, "Plans": [{"Node Type": "Hash Join", "Parent Relationship": "Outer", "Join Type": "Inner", "Startup Cost": 70864.6, "Total Cost": 168889.5, "Plan Rows": 152707, "Plan Width": 42, "Actual Min Startup Time": 121.617, "Actual Max Startup Time": 246.073, "Actual Min Total Time": 668.067, "Actual Max Total Time": 800.781, "Actual Total Rows": 1511024, "Inner Unique": false, "Hash Cond": "(l1.l_suppkey = supplier.s_suppkey), (LLVM Optimized, Jit Execute)", "Plans": [{"Node Type": "Seq Scan", "Parent Relationship": "Outer", "Relation Name": "lineitem", "Alias": "l1", "Startup Cost": 0.0, "Total Cost": 96829.42, "Plan Rows": 19995678, "Plan Width": 16, "Actual Min Startup Time": 0.021, "Actual Max Startup Time": 0.048, "Actual Min Total Time": 402.886, "Actual Max Total Time": 424.103, "Actual Total Rows": 37929348, "Filter": "(l_receiptdate > l_commitdate), (LLVM Optimized, Jit Execute)", "Rows Removed by Filter": 22056704}, {"Node Type": "Hash", "Parent Relationship": "Inner", "Startup Cost": 70814.6, "Total Cost": 70814.6, "Plan Rows": 256000, "Plan Width": 34, "Actual Min Startup Time": 121.517, "Actual Max Startup Time": 245.924, "Actual Min Total Time": 121.517, "Actual Max Total Time": 245.924, "Actual Total Rows": 254784, "Max Hash Buckets": 32768, "Min Hash Buckets": 32768, "Max Hash Batches": 1, "Min Hash Batches": 1, "Max Original Hash Batches": 1, "Min Original Hash Batches": 1, "Max Peak Memory Usage": 280, "min Peak Memory Usage": 280, "Plans": [{"Node Type": "Streaming(type: BROADCAST dop: 64/1)", "Parent Relationship": "Outer", "Startup Cost": 95.25, "Total Cost": 70814.6, "Plan Rows": 256000, "Plan Width": 34, "Actual Min Startup Time": 0.028, "Actual Max Startup Time": 5.142, "Actual Min Total Time": 120.402, "Actual Max Total Time": 244.779, "Actual Total Rows": 254784, "Plans": [{"Node Type": "Nested Loop", "Parent Relationship": "Outer", "Join Type": "Inner", "Startup Cost": 95.25, "Total Cost": 2533.35, "Plan Rows": 4000, "Plan Width": 34, "Actual Min Startup Time": 1.073, "Actual Max Startup Time": 1.073, "Actual Min Total Time": 7.094, "Actual Max Total Time": 7.094, "Actual Total Rows": 3981, "Inner Unique": false, "Plans": [{"Node Type": "Seq Scan", "Parent Relationship": "Outer", "Relation Name": "nation", "Alias": "nation", "Startup Cost": 0.0, "Total Cost": 1.31, "Plan Rows": 1, "Plan Width": 4, "Actual Min Startup Time": 0.039, "Actual Max Startup Time": 0.039, "Actual Min Total Time": 0.062, "Actual Max Total Time": 0.062, "Actual Total Rows": 1, "Filter": "(n_name = 'EGYPT'::bpchar)", "Rows Removed by Filter": 24}, {"Node Type": "Bitmap Heap Scan", "Parent Relationship": "Inner", "Relation Name": "supplier", "Alias": "supplier", "Startup Cost": 95.25, "Total Cost": 2492.04, "Plan Rows": 4000, "Plan Width": 38, "Actual Min Startup Time": 1.024, "Actual Max Startup Time": 1.024, "Actual Min Total Time": 6.258, "Actual Max Total Time": 6.258, "Actual Total Rows": 3981, "Recheck Cond": "(s_nationkey = nation.n_nationkey)", "Rows Removed by Index Recheck": 0, "Exact Heap Blocks": 0, "Lossy Heap Blocks": 0, "Plans": [{"Node Type": "Bitmap Index Scan", "Parent Relationship": "Outer", "Index Name": "idx_supplier_nation_key", "Startup Cost": 0.0, "Total Cost": 94.25, "Plan Rows": 4000, "Plan Width": 0, "Actual Min Startup Time": 0.694, "Actual Max Startup Time": 0.694, "Actual Min Total Time": 0.694, "Actual Max Total Time": 0.694, "Actual Total Rows": 3981, "Index Cond": "(s_nationkey = nation.n_nationkey)"}]}]}]}]}]}]}, {"Node Type": "Index Scan", "Parent Relationship": "Inner", "Scan Direction": "Forward", "Index Name": "idx_lineitem_orderkey", "Relation Name": "lineitem", "Alias": "l3", "Startup Cost": 0.0, "Total Cost": 1.63, "Plan Rows": 3, "Plan Width": 16, "Actual Min Startup Time": 9467.156, "Actual Max Startup Time": 9467.156, "Actual Min Total Time": 9467.156, "Actual Max Total Time": 9467.156, "Actual Total Rows": 1375914, "Index Cond": "(l_orderkey = l1.l_orderkey)", "Rows Removed by Index Recheck": 0, "Filter": "((l_receiptdate > l_commitdate) AND (l_suppkey <> l1.l_suppkey))", "Rows Removed by Filter": 1348115}]}, {"Node Type": "Index Scan", "Parent Relationship": "Inner", "Scan Direction": "Forward", "Index Name": "idx_lineitem_orderkey", "Relation Name": "lineitem", "Alias": "l2", "Startup Cost": 0.0, "Total Cost": 1.63, "Plan Rows": 9, "Plan Width": 16, "Actual Min Startup Time": 498.704, "Actual Max Startup Time": 498.704, "Actual Min Total Time": 498.704, "Actual Max Total Time": 498.704, "Actual Total Rows": 80537, "Index Cond": "(l_orderkey = l1.l_orderkey)", "Rows Removed by Index Recheck": 0, "Filter": "(l_suppkey <> l1.l_suppkey)", "Rows Removed by Filter": 85912}]}, {"Node Type": "Index Scan", "Parent Relationship": "Inner", "Scan Direction": "Forward", "Index Name": "orders_pkey", "Relation Name": "orders", "Alias": "orders", "Startup Cost": 0.0, "Total Cost": 0.97, "Plan Rows": 1, "Plan Width": 8, "Actual Min Startup Time": 517.398, "Actual Max Startup Time": 517.398, "Actual Min Total Time": 517.398, "Actual Max Total Time": 517.398, "Actual Total Rows": 39445, "Index Cond": "(o_orderkey = l2.l_orderkey)", "Rows Removed by Index Recheck": 0, "Filter": "(o_orderstatus = 'F'::bpchar)", "Rows Removed by Filter": 41092}]}]}]}]}, "Triggers": [], "Planner Runtime": 15.081, "Total Runtime": 12890.496, "Unique SQL Id": 3870093320}}, "(64, 97)": {"explain_plan": {"Plan": {"Node Type": "Limit", "Startup Cost": 2846852.7, "Total Cost": 2846852.95, "Plan Rows": 100, "Plan Width": 34, "Plans": [{"Node Type": "Sort", "Parent Relationship": "Outer", "Startup Cost": 2846852.7, "Total Cost": 2846875.63, "Plan Rows": 100, "Plan Width": 34, "Sort Key": ["(count(*)) DESC", "supplier.s_name"], "Plans": [{"Node Type": "Aggregate", "Strategy": "Hashed", "Parent Relationship": "Outer", "Startup Cost": 2846410.43, "Total Cost": 2846502.15, "Plan Rows": 9172, "Plan Width": 34, "Group By Key": ["supplier.s_name"], "Plans": [{"Node Type": "Nested Loop", "Parent Relationship": "Outer", "Join Type": "Inner", "Startup Cost": 70875.98, "Total Cost": 2846364.57, "Plan Rows": 9172, "Plan Width": 26, "Inner Unique": true, "Join Filter": "(l1.l_orderkey = orders.o_orderkey)", "Plans": [{"Node Type": "Nested Loop", "Parent Relationship": "Outer", "Join Type": "Semi", "Startup Cost": 70875.98, "Total Cost": 2839264.2, "Plan Rows": 7254, "Plan Width": 42, "Inner Unique": false, "Plans": [{"Node Type": "Nested Loop", "Parent Relationship": "Outer", "Join Type": "Anti", "Startup Cost": 70875.98, "Total Cost": 2837408.63, "Plan Rows": 7635, "Plan Width": 42, "Inner Unique": false, "Plans": [{"Node Type": "Streaming(type: LOCAL GATHER dop: 1/64)", "Parent Relationship": "Outer", "Startup Cost": 70875.98, "Total Cost": 2790221.42, "Plan Rows": 152707, "Plan Width": 42, "Plans": [{"Node Type": "Hash Join", "Parent Relationship": "Outer", "Join Type": "Inner", "Startup Cost": 70875.98, "Total Cost": 2787071.09, "Plan Rows": 152707, "Plan Width": 42, "Inner Unique": false, "Hash Cond": "(l1.l_suppkey = supplier.s_suppkey), (LLVM Optimized)", "Plans": [{"Node Type": "Index Scan", "Parent Relationship": "Outer", "Scan Direction": "Forward", "Index Name": "idx_lineitem_orderkey", "Relation Name": "lineitem", "Alias": "l1", "Startup Cost": 0.0, "Total Cost": 2714999.63, "Plan Rows": 19995678, "Plan Width": 16, "Filter": "(l_receiptdate > l_commitdate), (LLVM Optimized)"}, {"Node Type": "Hash", "Parent Relationship": "Inner", "Startup Cost": 70825.98, "Total Cost": 70825.98, "Plan Rows": 256000, "Plan Width": 34, "Plans": [{"Node Type": "Streaming(type: BROADCAST dop: 64/1)", "Parent Relationship": "Outer", "Startup Cost": 95.25, "Total Cost": 70825.98, "Plan Rows": 256000, "Plan Width": 34, "Plans": [{"Node Type": "Nested Loop", "Parent Relationship": "Outer", "Join Type": "Inner", "Startup Cost": 95.25, "Total Cost": 2544.73, "Plan Rows": 4000, "Plan Width": 34, "Inner Unique": false, "Plans": [{"Node Type": "Index Scan", "Parent Relationship": "Outer", "Scan Direction": "Forward", "Index Name": "nation_pkey", "Relation Name": "nation", "Alias": "nation", "Startup Cost": 0.0, "Total Cost": 12.69, "Plan Rows": 1, "Plan Width": 4, "Filter": "(n_name = 'EGYPT'::bpchar)"}, {"Node Type": "Bitmap Heap Scan", "Parent Relationship": "Inner", "Relation Name": "supplier", "Alias": "supplier", "Startup Cost": 95.25, "Total Cost": 2492.04, "Plan Rows": 4000, "Plan Width": 38, "Recheck Cond": "(s_nationkey = nation.n_nationkey)", "Plans": [{"Node Type": "Bitmap Index Scan", "Parent Relationship": "Outer", "Index Name": "idx_supplier_nation_key", "Startup Cost": 0.0, "Total Cost": 94.25, "Plan Rows": 4000, "Plan Width": 0, "Index Cond": "(s_nationkey = nation.n_nationkey)"}]}]}]}]}]}]}, {"Node Type": "Index Scan", "Parent Relationship": "Inner", "Scan Direction": "Forward", "Index Name": "idx_lineitem_orderkey", "Relation Name": "lineitem", "Alias": "l3", "Startup Cost": 0.0, "Total Cost": 1.63, "Plan Rows": 3, "Plan Width": 16, "Index Cond": "(l_orderkey = l1.l_orderkey)", "Filter": "((l_receiptdate > l_commitdate) AND (l_suppkey <> l1.l_suppkey))"}]}, {"Node Type": "Index Scan", "Parent Relationship": "Inner", "Scan Direction": "Forward", "Index Name": "idx_lineitem_orderkey", "Relation Name": "lineitem", "Alias": "l2", "Startup Cost": 0.0, "Total Cost": 1.63, "Plan Rows": 9, "Plan Width": 16, "Index Cond": "(l_orderkey = l1.l_orderkey)", "Filter": "(l_suppkey <> l1.l_suppkey)"}]}, {"Node Type": "Index Scan", "Parent Relationship": "Inner", "Scan Direction": "Forward", "Index Name": "orders_pkey", "Relation Name": "orders", "Alias": "orders", "Startup Cost": 0.0, "Total Cost": 0.97, "Plan Rows": 1, "Plan Width": 8, "Index Cond": "(o_orderkey = l2.l_orderkey)", "Filter": "(o_orderstatus = 'F'::bpchar)"}]}]}]}]}, "Unique SQL Id": 3870093320}, "explain_analyze_plan": {"Plan": {"Node Type": "Limit", "Startup Cost": 2846852.7, "Total Cost": 2846852.95, "Plan Rows": 100, "Plan Width": 34, "Actual Min Startup Time": 14119.717, "Actual Max Startup Time": 14119.717, "Actual Min Total Time": 14119.737, "Actual Max Total Time": 14119.737, "Actual Total Rows": 100, "Plans": [{"Node Type": "Sort", "Parent Relationship": "Outer", "Startup Cost": 2846852.7, "Total Cost": 2846875.63, "Plan Rows": 100, "Plan Width": 34, "Actual Min Startup Time": 14119.713, "Actual Max Startup Time": 14119.713, "Actual Min Total Time": 14119.719, "Actual Max Total Time": 14119.719, "Actual Total Rows": 100, "Sort Key": ["(count(*)) DESC", "supplier.s_name"], "Sort Method": "top-N heapsort", "Sort Space Min Used": 41, "Sort Space Max Used": 41, "Sort Space Type": "Memory", "Plans": [{"Node Type": "Aggregate", "Strategy": "Hashed", "Parent Relationship": "Outer", "Startup Cost": 2846410.43, "Total Cost": 2846502.15, "Plan Rows": 9172, "Plan Width": 34, "Actual Min Startup Time": 14116.34, "Actual Max Startup Time": 14116.34, "Actual Min Total Time": 14117.647, "Actual Max Total Time": 14117.647, "Actual Total Rows": 3981, "Group By Key": ["supplier.s_name"], "Plans": [{"Node Type": "Nested Loop", "Parent Relationship": "Outer", "Join Type": "Inner", "Startup Cost": 70875.98, "Total Cost": 2846364.57, "Plan Rows": 9172, "Plan Width": 26, "Actual Min Startup Time": 815.129, "Actual Max Startup Time": 815.129, "Actual Min Total Time": 14059.159, "Actual Max Total Time": 14059.159, "Actual Total Rows": 39445, "Inner Unique": true, "Join Filter": "(l1.l_orderkey = orders.o_orderkey)", "Rows Removed by Join Filter": 0, "Plans": [{"Node Type": "Nested Loop", "Parent Relationship": "Outer", "Join Type": "Semi", "Startup Cost": 70875.98, "Total Cost": 2839264.2, "Plan Rows": 7254, "Plan Width": 42, "Actual Min Startup Time": 815.101, "Actual Max Startup Time": 815.101, "Actual Min Total Time": 13358.527, "Actual Max Total Time": 13358.527, "Actual Total Rows": 80537, "Inner Unique": false, "Plans": [{"Node Type": "Nested Loop", "Parent Relationship": "Outer", "Join Type": "Anti", "Startup Cost": 70875.98, "Total Cost": 2837408.63, "Plan Rows": 7635, "Plan Width": 42, "Actual Min Startup Time": 815.089, "Actual Max Startup Time": 815.089, "Actual Min Total Time": 12762.463, "Actual Max Total Time": 12762.463, "Actual Total Rows": 135110, "Inner Unique": false, "Plans": [{"Node Type": "Streaming(type: LOCAL GATHER dop: 1/64)", "Parent Relationship": "Outer", "Startup Cost": 70875.98, "Total Cost": 2790221.42, "Plan Rows": 152707, "Plan Width": 42, "Actual Min Startup Time": 814.659, "Actual Max Startup Time": 814.659, "Actual Min Total Time": 1782.848, "Actual Max Total Time": 1782.848, "Actual Total Rows": 1511024, "Plans": [{"Node Type": "Hash Join", "Parent Relationship": "Outer", "Join Type": "Inner", "Startup Cost": 70875.98, "Total Cost": 2787071.09, "Plan Rows": 152707, "Plan Width": 42, "Actual Min Startup Time": 598.254, "Actual Max Startup Time": 727.718, "Actual Min Total Time": 1399.128, "Actual Max Total Time": 1628.166, "Actual Total Rows": 1511024, "Inner Unique": false, "Hash Cond": "(l1.l_suppkey = supplier.s_suppkey), (LLVM Optimized, Jit Execute)", "Plans": [{"Node Type": "Index Scan", "Parent Relationship": "Outer", "Scan Direction": "Forward", "Index Name": "idx_lineitem_orderkey", "Relation Name": "lineitem", "Alias": "l1", "Startup Cost": 0.0, "Total Cost": 2714999.63, "Plan Rows": 19995678, "Plan Width": 16, "Actual Min Startup Time": 471.178, "Actual Max Startup Time": 471.721, "Actual Min Total Time": 1129.758, "Actual Max Total Time": 1291.227, "Actual Total Rows": 37929348, "Filter": "(l_receiptdate > l_commitdate), (LLVM Optimized, Jit Execute)", "Rows Removed by Filter": 22056704}, {"Node Type": "Hash", "Parent Relationship": "Inner", "Startup Cost": 70825.98, "Total Cost": 70825.98, "Plan Rows": 256000, "Plan Width": 34, "Actual Min Startup Time": 126.512, "Actual Max Startup Time": 256.207, "Actual Min Total Time": 126.512, "Actual Max Total Time": 256.207, "Actual Total Rows": 254784, "Max Hash Buckets": 32768, "Min Hash Buckets": 32768, "Max Hash Batches": 1, "Min Hash Batches": 1, "Max Original Hash Batches": 1, "Min Original Hash Batches": 1, "Max Peak Memory Usage": 280, "min Peak Memory Usage": 280, "Plans": [{"Node Type": "Streaming(type: BROADCAST dop: 64/1)", "Parent Relationship": "Outer", "Startup Cost": 95.25, "Total Cost": 70825.98, "Plan Rows": 256000, "Plan Width": 34, "Actual Min Startup Time": 0.026, "Actual Max Startup Time": 3.984, "Actual Min Total Time": 125.506, "Actual Max Total Time": 255.076, "Actual Total Rows": 254784, "Plans": [{"Node Type": "Nested Loop", "Parent Relationship": "Outer", "Join Type": "Inner", "Startup Cost": 95.25, "Total Cost": 2544.73, "Plan Rows": 4000, "Plan Width": 34, "Actual Min Startup Time": 1.031, "Actual Max Startup Time": 1.031, "Actual Min Total Time": 7.098, "Actual Max Total Time": 7.098, "Actual Total Rows": 3981, "Inner Unique": false, "Plans": [{"Node Type": "Index Scan", "Parent Relationship": "Outer", "Scan Direction": "Forward", "Index Name": "nation_pkey", "Relation Name": "nation", "Alias": "nation", "Startup Cost": 0.0, "Total Cost": 12.69, "Plan Rows": 1, "Plan Width": 4, "Actual Min Startup Time": 0.048, "Actual Max Startup Time": 0.048, "Actual Min Total Time": 0.079, "Actual Max Total Time": 0.079, "Actual Total Rows": 1, "Filter": "(n_name = 'EGYPT'::bpchar)", "Rows Removed by Filter": 24}, {"Node Type": "Bitmap Heap Scan", "Parent Relationship": "Inner", "Relation Name": "supplier", "Alias": "supplier", "Startup Cost": 95.25, "Total Cost": 2492.04, "Plan Rows": 4000, "Plan Width": 38, "Actual Min Startup Time": 0.971, "Actual Max Startup Time": 0.971, "Actual Min Total Time": 6.221, "Actual Max Total Time": 6.221, "Actual Total Rows": 3981, "Recheck Cond": "(s_nationkey = nation.n_nationkey)", "Rows Removed by Index Recheck": 0, "Exact Heap Blocks": 0, "Lossy Heap Blocks": 0, "Plans": [{"Node Type": "Bitmap Index Scan", "Parent Relationship": "Outer", "Index Name": "idx_supplier_nation_key", "Startup Cost": 0.0, "Total Cost": 94.25, "Plan Rows": 4000, "Plan Width": 0, "Actual Min Startup Time": 0.671, "Actual Max Startup Time": 0.671, "Actual Min Total Time": 0.671, "Actual Max Total Time": 0.671, "Actual Total Rows": 3981, "Index Cond": "(s_nationkey = nation.n_nationkey)"}]}]}]}]}]}]}, {"Node Type": "Index Scan", "Parent Relationship": "Inner", "Scan Direction": "Forward", "Index Name": "idx_lineitem_orderkey", "Relation Name": "lineitem", "Alias": "l3", "Startup Cost": 0.0, "Total Cost": 1.63, "Plan Rows": 3, "Plan Width": 16, "Actual Min Startup Time": 9956.083, "Actual Max Startup Time": 9956.083, "Actual Min Total Time": 9956.083, "Actual Max Total Time": 9956.083, "Actual Total Rows": 1375914, "Index Cond": "(l_orderkey = l1.l_orderkey)", "Rows Removed by Index Recheck": 0, "Filter": "((l_receiptdate > l_commitdate) AND (l_suppkey <> l1.l_suppkey))", "Rows Removed by Filter": 1348115}]}, {"Node Type": "Index Scan", "Parent Relationship": "Inner", "Scan Direction": "Forward", "Index Name": "idx_lineitem_orderkey", "Relation Name": "lineitem", "Alias": "l2", "Startup Cost": 0.0, "Total Cost": 1.63, "Plan Rows": 9, "Plan Width": 16, "Actual Min Startup Time": 497.47, "Actual Max Startup Time": 497.47, "Actual Min Total Time": 497.47, "Actual Max Total Time": 497.47, "Actual Total Rows": 80537, "Index Cond": "(l_orderkey = l1.l_orderkey)", "Rows Removed by Index Recheck": 0, "Filter": "(l_suppkey <> l1.l_suppkey)", "Rows Removed by Filter": 85912}]}, {"Node Type": "Index Scan", "Parent Relationship": "Inner", "Scan Direction": "Forward", "Index Name": "orders_pkey", "Relation Name": "orders", "Alias": "orders", "Startup Cost": 0.0, "Total Cost": 0.97, "Plan Rows": 1, "Plan Width": 8, "Actual Min Startup Time": 630.576, "Actual Max Startup Time": 630.576, "Actual Min Total Time": 630.576, "Actual Max Total Time": 630.576, "Actual Total Rows": 39445, "Index Cond": "(o_orderkey = l2.l_orderkey)", "Rows Removed by Index Recheck": 0, "Filter": "(o_orderstatus = 'F'::bpchar)", "Rows Removed by Filter": 41092}]}]}]}]}, "Triggers": [], "Planner Runtime": 13.163, "Total Runtime": 14143.047, "Unique SQL Id": 3870093320}}, "(64, 98)": {"explain_plan": {"Plan": {"Node Type": "Limit", "Startup Cost": 439387.85, "Total Cost": 439388.1, "Plan Rows": 100, "Plan Width": 34, "Plans": [{"Node Type": "Sort", "Parent Relationship": "Outer", "Startup Cost": 439387.85, "Total Cost": 439410.78, "Plan Rows": 100, "Plan Width": 34, "Sort Key": ["(count(*)) DESC", "supplier.s_name"], "Plans": [{"Node Type": "Aggregate", "Strategy": "Hashed", "Parent Relationship": "Outer", "Startup Cost": 438945.58, "Total Cost": 439037.3, "Plan Rows": 9172, "Plan Width": 34, "Group By Key": ["supplier.s_name"], "Plans": [{"Node Type": "Nested Loop", "Parent Relationship": "Outer", "Join Type": "Inner", "Startup Cost": 183360.81, "Total Cost": 438899.72, "Plan Rows": 9172, "Plan Width": 26, "Inner Unique": true, "Join Filter": "(l1.l_orderkey = orders.o_orderkey)", "Plans": [{"Node Type": "Nested Loop", "Parent Relationship": "Outer", "Join Type": "Semi", "Startup Cost": 183360.21, "Total Cost": 405338.96, "Plan Rows": 7254, "Plan Width": 42, "Inner Unique": false, "Plans": [{"Node Type": "Hash Join", "Parent Relationship": "Outer", "Join Type": "Inner", "Startup Cost": 183359.38, "Total Cost": 390160.41, "Plan Rows": 7635, "Plan Width": 42, "Inner Unique": false, "Hash Cond": "(l1.l_suppkey = supplier.s_suppkey)", "Plans": [{"Node Type": "Streaming(type: LOCAL GATHER dop: 1/64)", "Parent Relationship": "Outer", "Startup Cost": 182676.04, "Total Cost": 385647.51, "Plan Rows": 999784, "Plan Width": 16, "Plans": [{"Node Type": "Hash Join", "Parent Relationship": "Outer", "Join Type": "Anti", "Startup Cost": 182676.04, "Total Cost": 365022.08, "Plan Rows": 999784, "Plan Width": 16, "Inner Unique": false, "Hash Cond": "(l1.l_orderkey = l3.l_orderkey), (LLVM Optimized)", "Join Filter": "(l3.l_suppkey <> l1.l_suppkey), (LLVM Optimized)", "Plans": [{"Node Type": "Streaming(type: LOCAL REDISTRIBUTE dop: 64/64)", "Parent Relationship": "Outer", "Startup Cost": 0.0, "Total Cost": 178770.64, "Plan Rows": 19995678, "Plan Width": 16, "Plans": [{"Node Type": "Seq Scan", "Parent Relationship": "Outer", "Relation Name": "lineitem", "Alias": "l1", "Startup Cost": 0.0, "Total Cost": 96829.42, "Plan Rows": 19995678, "Plan Width": 16, "Filter": "(l_receiptdate > l_commitdate), (LLVM Optimized)"}]}, {"Node Type": "Hash", "Parent Relationship": "Inner", "Startup Cost": 178770.64, "Total Cost": 178770.64, "Plan Rows": 19995678, "Plan Width": 16, "Plans": [{"Node Type": "Streaming(type: LOCAL REDISTRIBUTE dop: 64/64)", "Parent Relationship": "Outer", "Startup Cost": 0.0, "Total Cost": 178770.64, "Plan Rows": 19995678, "Plan Width": 16, "Plans": [{"Node Type": "Seq Scan", "Parent Relationship": "Outer", "Relation Name": "lineitem", "Alias": "l3", "Startup Cost": 0.0, "Total Cost": 96829.42, "Plan Rows": 19995678, "Plan Width": 16, "Filter": "(l_receiptdate > l_commitdate), (LLVM Optimized)"}]}]}]}]}, {"Node Type": "Hash", "Parent Relationship": "Inner", "Startup Cost": 2533.35, "Total Cost": 2533.35, "Plan Rows": 4000, "Plan Width": 34, "Plans": [{"Node Type": "Nested Loop", "Parent Relationship": "Outer", "Join Type": "Inner", "Startup Cost": 95.25, "Total Cost": 2533.35, "Plan Rows": 4000, "Plan Width": 34, "Inner Unique": false, "Plans": [{"Node Type": "Seq Scan", "Parent Relationship": "Outer", "Relation Name": "nation", "Alias": "nation", "Startup Cost": 0.0, "Total Cost": 1.31, "Plan Rows": 1, "Plan Width": 4, "Filter": "(n_name = 'EGYPT'::bpchar)"}, {"Node Type": "Bitmap Heap Scan", "Parent Relationship": "Inner", "Relation Name": "supplier", "Alias": "supplier", "Startup Cost": 95.25, "Total Cost": 2492.04, "Plan Rows": 4000, "Plan Width": 38, "Recheck Cond": "(s_nationkey = nation.n_nationkey)", "Plans": [{"Node Type": "Bitmap Index Scan", "Parent Relationship": "Outer", "Index Name": "idx_supplier_nation_key", "Startup Cost": 0.0, "Total Cost": 94.25, "Plan Rows": 4000, "Plan Width": 0, "Index Cond": "(s_nationkey = nation.n_nationkey)"}]}]}]}]}, {"Node Type": "Bitmap Heap Scan", "Parent Relationship": "Inner", "Relation Name": "lineitem", "Alias": "l2", "Startup Cost": 0.82, "Total Cost": 8.95, "Plan Rows": 9, "Plan Width": 16, "Recheck Cond": "(l_orderkey = l1.l_orderkey)", "Filter": "(l_suppkey <> l1.l_suppkey)", "Plans": [{"Node Type": "Bitmap Index Scan", "Parent Relationship": "Outer", "Index Name": "idx_lineitem_orderkey", "Startup Cost": 0.0, "Total Cost": 0.82, "Plan Rows": 9, "Plan Width": 0, "Index Cond": "(l_orderkey = l1.l_orderkey)"}]}]}, {"Node Type": "Bitmap Heap Scan", "Parent Relationship": "Inner", "Relation Name": "orders", "Alias": "orders", "Startup Cost": 0.6, "Total Cost": 4.61, "Plan Rows": 1, "Plan Width": 8, "Recheck Cond": "(o_orderkey = l2.l_orderkey)", "Filter": "(o_orderstatus = 'F'::bpchar)", "Plans": [{"Node Type": "Bitmap Index Scan", "Parent Relationship": "Outer", "Index Name": "orders_pkey", "Startup Cost": 0.0, "Total Cost": 0.6, "Plan Rows": 1, "Plan Width": 0, "Index Cond": "(o_orderkey = l2.l_orderkey)"}]}]}]}]}]}, "Unique SQL Id": 3870093320}, "explain_analyze_plan": {"Plan": {"Node Type": "Limit", "Startup Cost": 439387.85, "Total Cost": 439388.1, "Plan Rows": 100, "Plan Width": 34, "Actual Min Startup Time": 6805.192, "Actual Max Startup Time": 6805.192, "Actual Min Total Time": 6805.211, "Actual Max Total Time": 6805.211, "Actual Total Rows": 100, "Plans": [{"Node Type": "Sort", "Parent Relationship": "Outer", "Startup Cost": 439387.85, "Total Cost": 439410.78, "Plan Rows": 100, "Plan Width": 34, "Actual Min Startup Time": 6805.189, "Actual Max Startup Time": 6805.189, "Actual Min Total Time": 6805.197, "Actual Max Total Time": 6805.197, "Actual Total Rows": 100, "Sort Key": ["(count(*)) DESC", "supplier.s_name"], "Sort Method": "top-N heapsort", "Sort Space Min Used": 41, "Sort Space Max Used": 41, "Sort Space Type": "Memory", "Plans": [{"Node Type": "Aggregate", "Strategy": "Hashed", "Parent Relationship": "Outer", "Startup Cost": 438945.58, "Total Cost": 439037.3, "Plan Rows": 9172, "Plan Width": 34, "Actual Min Startup Time": 6801.849, "Actual Max Startup Time": 6801.849, "Actual Min Total Time": 6803.071, "Actual Max Total Time": 6803.071, "Actual Total Rows": 3981, "Group By Key": ["supplier.s_name"], "Plans": [{"Node Type": "Nested Loop", "Parent Relationship": "Outer", "Join Type": "Inner", "Startup Cost": 183360.81, "Total Cost": 438899.72, "Plan Rows": 9172, "Plan Width": 26, "Actual Min Startup Time": 2335.66, "Actual Max Startup Time": 2335.66, "Actual Min Total Time": 6750.185, "Actual Max Total Time": 6750.185, "Actual Total Rows": 39445, "Inner Unique": true, "Join Filter": "(l1.l_orderkey = orders.o_orderkey)", "Rows Removed by Join Filter": 0, "Plans": [{"Node Type": "Nested Loop", "Parent Relationship": "Outer", "Join Type": "Semi", "Startup Cost": 183360.21, "Total Cost": 405338.96, "Plan Rows": 7254, "Plan Width": 42, "Actual Min Startup Time": 2335.626, "Actual Max Startup Time": 2335.626, "Actual Min Total Time": 5990.539, "Actual Max Total Time": 5990.539, "Actual Total Rows": 80537, "Inner Unique": false, "Plans": [{"Node Type": "Hash Join", "Parent Relationship": "Outer", "Join Type": "Inner", "Startup Cost": 183359.38, "Total Cost": 390160.41, "Plan Rows": 7635, "Plan Width": 42, "Actual Min Startup Time": 2335.536, "Actual Max Startup Time": 2335.536, "Actual Min Total Time": 4375.103, "Actual Max Total Time": 4375.103, "Actual Total Rows": 135110, "Inner Unique": false, "Hash Cond": "(l1.l_suppkey = supplier.s_suppkey)", "Plans": [{"Node Type": "Streaming(type: LOCAL GATHER dop: 1/64)", "Parent Relationship": "Outer", "Startup Cost": 182676.04, "Total Cost": 385647.51, "Plan Rows": 999784, "Plan Width": 16, "Actual Min Startup Time": 2327.148, "Actual Max Startup Time": 2327.148, "Actual Min Total Time": 3628.242, "Actual Max Total Time": 3628.242, "Actual Total Rows": 3372284, "Plans": [{"Node Type": "Hash Join", "Parent Relationship": "Outer", "Join Type": "Anti", "Startup Cost": 182676.04, "Total Cost": 365022.08, "Plan Rows": 999784, "Plan Width": 16, "Actual Min Startup Time": 1871.399, "Actual Max Startup Time": 2172.815, "Actual Min Total Time": 4997.074, "Actual Max Total Time": 5364.352, "Actual Total Rows": 3372284, "Inner Unique": false, "Hash Cond": "(l1.l_orderkey = l3.l_orderkey), (LLVM Optimized, Jit Execute)", "Join Filter": "(l3.l_suppkey <> l1.l_suppkey), (LLVM Optimized, Jit Execute)", "Rows Removed by Join Filter": 13753927, "Plans": [{"Node Type": "Streaming(type: LOCAL REDISTRIBUTE dop: 64/64)", "Parent Relationship": "Outer", "Startup Cost": 0.0, "Total Cost": 178770.64, "Plan Rows": 19995678, "Plan Width": 16, "Actual Min Startup Time": 0.187, "Actual Max Startup Time": 2.117, "Actual Min Total Time": 2743.561, "Actual Max Total Time": 3006.219, "Actual Total Rows": 37929348, "Plans": [{"Node Type": "Seq Scan", "Parent Relationship": "Outer", "Relation Name": "lineitem", "Alias": "l1", "Startup Cost": 0.0, "Total Cost": 96829.42, "Plan Rows": 19995678, "Plan Width": 16, "Actual Min Startup Time": 0.022, "Actual Max Startup Time": 0.06, "Actual Min Total Time": 431.074, "Actual Max Total Time": 522.621, "Actual Total Rows": 37929348, "Filter": "(l_receiptdate > l_commitdate), (LLVM Optimized, Jit Execute)", "Rows Removed by Filter": 22056704}]}, {"Node Type": "Hash", "Parent Relationship": "Inner", "Startup Cost": 178770.64, "Total Cost": 178770.64, "Plan Rows": 19995678, "Plan Width": 16, "Actual Min Startup Time": 1870.6, "Actual Max Startup Time": 2170.353, "Actual Min Total Time": 1870.6, "Actual Max Total Time": 2170.353, "Actual Total Rows": 37929348, "Max Hash Buckets": 524288, "Min Hash Buckets": 524288, "Max Hash Batches": 1, "Min Hash Batches": 1, "Max Original Hash Batches": 1, "Min Original Hash Batches": 1, "Max Peak Memory Usage": 27746, "min Peak Memory Usage": 27746, "Plans": [{"Node Type": "Streaming(type: LOCAL REDISTRIBUTE dop: 64/64)", "Parent Relationship": "Outer", "Startup Cost": 0.0, "Total Cost": 178770.64, "Plan Rows": 19995678, "Plan Width": 16, "Actual Min Startup Time": 0.107, "Actual Max Startup Time": 283.799, "Actual Min Total Time": 1596.76, "Actual Max Total Time": 1956.811, "Actual Total Rows": 37929348, "Plans": [{"Node Type": "Seq Scan", "Parent Relationship": "Outer", "Relation Name": "lineitem", "Alias": "l3", "Startup Cost": 0.0, "Total Cost": 96829.42, "Plan Rows": 19995678, "Plan Width": 16, "Actual Min Startup Time": 0.022, "Actual Max Startup Time": 0.05, "Actual Min Total Time": 453.051, "Actual Max Total Time": 583.951, "Actual Total Rows": 37929348, "Filter": "(l_receiptdate > l_commitdate), (LLVM Optimized, Jit Execute)", "Rows Removed by Filter": 22056704}]}]}]}]}, {"Node Type": "Hash", "Parent Relationship": "Inner", "Startup Cost": 2533.35, "Total Cost": 2533.35, "Plan Rows": 4000, "Plan Width": 34, "Actual Min Startup Time": 8.315, "Actual Max Startup Time": 8.315, "Actual Min Total Time": 8.315, "Actual Max Total Time": 8.315, "Actual Total Rows": 3981, "Max Hash Buckets": 32768, "Min Hash Buckets": 32768, "Max Hash Batches": 1, "Min Hash Batches": 1, "Max Original Hash Batches": 1, "Min Original Hash Batches": 1, "Max Peak Memory Usage": 280, "min Peak Memory Usage": 280, "Plans": [{"Node Type": "Nested Loop", "Parent Relationship": "Outer", "Join Type": "Inner", "Startup Cost": 95.25, "Total Cost": 2533.35, "Plan Rows": 4000, "Plan Width": 34, "Actual Min Startup Time": 1.141, "Actual Max Startup Time": 1.141, "Actual Min Total Time": 6.835, "Actual Max Total Time": 6.835, "Actual Total Rows": 3981, "Inner Unique": false, "Plans": [{"Node Type": "Seq Scan", "Parent Relationship": "Outer", "Relation Name": "nation", "Alias": "nation", "Startup Cost": 0.0, "Total Cost": 1.31, "Plan Rows": 1, "Plan Width": 4, "Actual Min Startup Time": 0.057, "Actual Max Startup Time": 0.057, "Actual Min Total Time": 0.072, "Actual Max Total Time": 0.072, "Actual Total Rows": 1, "Filter": "(n_name = 'EGYPT'::bpchar)", "Rows Removed by Filter": 24}, {"Node Type": "Bitmap Heap Scan", "Parent Relationship": "Inner", "Relation Name": "supplier", "Alias": "supplier", "Startup Cost": 95.25, "Total Cost": 2492.04, "Plan Rows": 4000, "Plan Width": 38, "Actual Min Startup Time": 1.065, "Actual Max Startup Time": 1.065, "Actual Min Total Time": 5.925, "Actual Max Total Time": 5.925, "Actual Total Rows": 3981, "Recheck Cond": "(s_nationkey = nation.n_nationkey)", "Rows Removed by Index Recheck": 0, "Exact Heap Blocks": 1918, "Lossy Heap Blocks": 1918, "Plans": [{"Node Type": "Bitmap Index Scan", "Parent Relationship": "Outer", "Index Name": "idx_supplier_nation_key", "Startup Cost": 0.0, "Total Cost": 94.25, "Plan Rows": 4000, "Plan Width": 0, "Actual Min Startup Time": 0.751, "Actual Max Startup Time": 0.751, "Actual Min Total Time": 0.751, "Actual Max Total Time": 0.751, "Actual Total Rows": 3981, "Index Cond": "(s_nationkey = nation.n_nationkey)"}]}]}]}]}, {"Node Type": "Bitmap Heap Scan", "Parent Relationship": "Inner", "Relation Name": "lineitem", "Alias": "l2", "Startup Cost": 0.82, "Total Cost": 8.95, "Plan Rows": 9, "Plan Width": 16, "Actual Min Startup Time": 1418.438, "Actual Max Startup Time": 1418.438, "Actual Min Total Time": 1418.438, "Actual Max Total Time": 1418.438, "Actual Total Rows": 80537, "Recheck Cond": "(l_orderkey = l1.l_orderkey)", "Rows Removed by Index Recheck": 0, "Filter": "(l_suppkey <> l1.l_suppkey)", "Rows Removed by Filter": 85912, "Exact Heap Blocks": 135868, "Lossy Heap Blocks": 135868, "Plans": [{"Node Type": "Bitmap Index Scan", "Parent Relationship": "Outer", "Index Name": "idx_lineitem_orderkey", "Startup Cost": 0.0, "Total Cost": 0.82, "Plan Rows": 9, "Plan Width": 0, "Actual Min Startup Time": 846.578, "Actual Max Startup Time": 846.578, "Actual Min Total Time": 846.578, "Actual Max Total Time": 846.578, "Actual Total Rows": 287712, "Index Cond": "(l_orderkey = l1.l_orderkey)"}]}]}, {"Node Type": "Bitmap Heap Scan", "Parent Relationship": "Inner", "Relation Name": "orders", "Alias": "orders", "Startup Cost": 0.6, "Total Cost": 4.61, "Plan Rows": 1, "Plan Width": 8, "Actual Min Startup Time": 649.326, "Actual Max Startup Time": 649.326, "Actual Min Total Time": 649.326, "Actual Max Total Time": 649.326, "Actual Total Rows": 39445, "Recheck Cond": "(o_orderkey = l2.l_orderkey)", "Rows Removed by Index Recheck": 0, "Filter": "(o_orderstatus = 'F'::bpchar)", "Rows Removed by Filter": 41092, "Exact Heap Blocks": 80537, "Lossy Heap Blocks": 80537, "Plans": [{"Node Type": "Bitmap Index Scan", "Parent Relationship": "Outer", "Index Name": "orders_pkey", "Startup Cost": 0.0, "Total Cost": 0.6, "Plan Rows": 1, "Plan Width": 0, "Actual Min Startup Time": 405.033, "Actual Max Startup Time": 405.033, "Actual Min Total Time": 405.033, "Actual Max Total Time": 405.033, "Actual Total Rows": 80537, "Index Cond": "(o_orderkey = l2.l_orderkey)"}]}]}]}]}]}, "Triggers": [], "Planner Runtime": 19.277, "Total Runtime": 6865.707, "Unique SQL Id": 3870093320}}, "(64, 99)": {"explain_plan": {"Plan": {"Node Type": "Limit", "Startup Cost": 3882163.35, "Total Cost": 3882163.6, "Plan Rows": 100, "Plan Width": 34, "Plans": [{"Node Type": "Sort", "Parent Relationship": "Outer", "Startup Cost": 3882163.35, "Total Cost": 3882186.28, "Plan Rows": 100, "Plan Width": 34, "Sort Key": ["(count(*)) DESC", "supplier.s_name"], "Plans": [{"Node Type": "Aggregate", "Strategy": "Hashed", "Parent Relationship": "Outer", "Startup Cost": 3881721.08, "Total Cost": 3881812.8, "Plan Rows": 9172, "Plan Width": 34, "Group By Key": ["supplier.s_name"], "Plans": [{"Node Type": "Nested Loop", "Parent Relationship": "Outer", "Join Type": "Inner", "Startup Cost": 1232631.31, "Total Cost": 3881675.22, "Plan Rows": 9172, "Plan Width": 26, "Inner Unique": true, "Join Filter": "(l1.l_orderkey = orders.o_orderkey)", "Plans": [{"Node Type": "Nested Loop", "Parent Relationship": "Outer", "Join Type": "Semi", "Startup Cost": 1232630.71, "Total Cost": 3848114.46, "Plan Rows": 7254, "Plan Width": 42, "Inner Unique": false, "Plans": [{"Node Type": "Nested Loop", "Parent Relationship": "Outer", "Join Type": "Anti", "Startup Cost": 1232629.88, "Total Cost": 3832935.91, "Plan Rows": 7635, "Plan Width": 42, "Inner Unique": false, "Plans": [{"Node Type": "Hash Join", "Parent Relationship": "Outer", "Join Type": "Inner", "Startup Cost": 1232629.06, "Total Cost": 3474222.84, "Plan Rows": 152707, "Plan Width": 42, "Inner Unique": false, "Hash Cond": "(l1.l_suppkey = supplier.s_suppkey), (LLVM Optimized)", "Plans": [{"Node Type": "Bitmap Heap Scan", "Parent Relationship": "Outer", "Relation Name": "lineitem", "Alias": "l1", "Startup Cost": 1230034.33, "Total Cost": 3395117.25, "Plan Rows": 19995678, "Plan Width": 16, "Filter": "(l_receiptdate > l_commitdate), (LLVM Optimized)", "Plans": [{"Node Type": "Bitmap Index Scan", "Parent Relationship": "Outer", "Index Name": "idx_lineitem_orderkey", "Startup Cost": 0.0, "Total Cost": 1225035.42, "Plan Rows": 59987033, "Plan Width": 0}]}, {"Node Type": "Hash", "Parent Relationship": "Inner", "Startup Cost": 2544.73, "Total Cost": 2544.73, "Plan Rows": 4000, "Plan Width": 34, "Plans": [{"Node Type": "Nested Loop", "Parent Relationship": "Outer", "Join Type": "Inner", "Startup Cost": 103.63, "Total Cost": 2544.73, "Plan Rows": 4000, "Plan Width": 34, "Inner Unique": false, "Plans": [{"Node Type": "Bitmap Heap Scan", "Parent Relationship": "Outer", "Relation Name": "nation", "Alias": "nation", "Startup Cost": 8.38, "Total Cost": 12.69, "Plan Rows": 1, "Plan Width": 4, "Filter": "(n_name = 'EGYPT'::bpchar)", "Plans": [{"Node Type": "Bitmap Index Scan", "Parent Relationship": "Outer", "Index Name": "nation_pkey", "Startup Cost": 0.0, "Total Cost": 8.38, "Plan Rows": 25, "Plan Width": 0}]}, {"Node Type": "Bitmap Heap Scan", "Parent Relationship": "Inner", "Relation Name": "supplier", "Alias": "supplier", "Startup Cost": 95.25, "Total Cost": 2492.04, "Plan Rows": 4000, "Plan Width": 38, "Recheck Cond": "(s_nationkey = nation.n_nationkey)", "Plans": [{"Node Type": "Bitmap Index Scan", "Parent Relationship": "Outer", "Index Name": "idx_supplier_nation_key", "Startup Cost": 0.0, "Total Cost": 94.25, "Plan Rows": 4000, "Plan Width": 0, "Index Cond": "(s_nationkey = nation.n_nationkey)"}]}]}]}]}, {"Node Type": "Bitmap Heap Scan", "Parent Relationship": "Inner", "Relation Name": "lineitem", "Alias": "l3", "Startup Cost": 0.82, "Total Cost": 8.97, "Plan Rows": 3, "Plan Width": 16, "Recheck Cond": "(l_orderkey = l1.l_orderkey)", "Filter": "((l_receiptdate > l_commitdate) AND (l_suppkey <> l1.l_suppkey))", "Plans": [{"Node Type": "Bitmap Index Scan", "Parent Relationship": "Outer", "Index Name": "idx_lineitem_orderkey", "Startup Cost": 0.0, "Total Cost": 0.82, "Plan Rows": 9, "Plan Width": 0, "Index Cond": "(l_orderkey = l1.l_orderkey)"}]}]}, {"Node Type": "Bitmap Heap Scan", "Parent Relationship": "Inner", "Relation Name": "lineitem", "Alias": "l2", "Startup Cost": 0.82, "Total Cost": 8.95, "Plan Rows": 9, "Plan Width": 16, "Recheck Cond": "(l_orderkey = l1.l_orderkey)", "Filter": "(l_suppkey <> l1.l_suppkey)", "Plans": [{"Node Type": "Bitmap Index Scan", "Parent Relationship": "Outer", "Index Name": "idx_lineitem_orderkey", "Startup Cost": 0.0, "Total Cost": 0.82, "Plan Rows": 9, "Plan Width": 0, "Index Cond": "(l_orderkey = l1.l_orderkey)"}]}]}, {"Node Type": "Bitmap Heap Scan", "Parent Relationship": "Inner", "Relation Name": "orders", "Alias": "orders", "Startup Cost": 0.6, "Total Cost": 4.61, "Plan Rows": 1, "Plan Width": 8, "Recheck Cond": "(o_orderkey = l2.l_orderkey)", "Filter": "(o_orderstatus = 'F'::bpchar)", "Plans": [{"Node Type": "Bitmap Index Scan", "Parent Relationship": "Outer", "Index Name": "orders_pkey", "Startup Cost": 0.0, "Total Cost": 0.6, "Plan Rows": 1, "Plan Width": 0, "Index Cond": "(o_orderkey = l2.l_orderkey)"}]}]}]}]}]}, "Unique SQL Id": 3870093320}, "explain_analyze_plan": null}, "(64, 100)": {"explain_plan": {"Plan": {"Node Type": "Limit", "Startup Cost": 228671.11, "Total Cost": 228671.36, "Plan Rows": 100, "Plan Width": 34, "Plans": [{"Node Type": "Sort", "Parent Relationship": "Outer", "Startup Cost": 228671.11, "Total Cost": 228694.04, "Plan Rows": 100, "Plan Width": 34, "Sort Key": ["(count(*)) DESC", "supplier.s_name"], "Plans": [{"Node Type": "Aggregate", "Strategy": "Hashed", "Parent Relationship": "Outer", "Startup Cost": 228228.84, "Total Cost": 228320.56, "Plan Rows": 9172, "Plan Width": 34, "Group By Key": ["supplier.s_name"], "Plans": [{"Node Type": "Nested Loop", "Parent Relationship": "Outer", "Join Type": "Inner", "Startup Cost": 70864.6, "Total Cost": 228182.98, "Plan Rows": 9172, "Plan Width": 26, "Inner Unique": true, "Join Filter": "(l1.l_orderkey = orders.o_orderkey)", "Plans": [{"Node Type": "Nested Loop", "Parent Relationship": "Outer", "Join Type": "Semi", "Startup Cost": 70864.6, "Total Cost": 221082.61, "Plan Rows": 7254, "Plan Width": 42, "Inner Unique": false, "Plans": [{"Node Type": "Nested Loop", "Parent Relationship": "Outer", "Join Type": "Anti", "Startup Cost": 70864.6, "Total Cost": 219227.05, "Plan Rows": 7635, "Plan Width": 42, "Inner Unique": false, "Plans": [{"Node Type": "Streaming(type: LOCAL GATHER dop: 1/64)", "Parent Relationship": "Outer", "Startup Cost": 70864.6, "Total Cost": 172039.83, "Plan Rows": 152707, "Plan Width": 42, "Plans": [{"Node Type": "Hash Join", "Parent Relationship": "Outer", "Join Type": "Inner", "Startup Cost": 70864.6, "Total Cost": 168889.5, "Plan Rows": 152707, "Plan Width": 42, "Inner Unique": false, "Hash Cond": "(l1.l_suppkey = supplier.s_suppkey), (LLVM Optimized)", "Plans": [{"Node Type": "Seq Scan", "Parent Relationship": "Outer", "Relation Name": "lineitem", "Alias": "l1", "Startup Cost": 0.0, "Total Cost": 96829.42, "Plan Rows": 19995678, "Plan Width": 16, "Filter": "(l_receiptdate > l_commitdate), (LLVM Optimized)"}, {"Node Type": "Hash", "Parent Relationship": "Inner", "Startup Cost": 70814.6, "Total Cost": 70814.6, "Plan Rows": 256000, "Plan Width": 34, "Plans": [{"Node Type": "Streaming(type: BROADCAST dop: 64/1)", "Parent Relationship": "Outer", "Startup Cost": 95.25, "Total Cost": 70814.6, "Plan Rows": 256000, "Plan Width": 34, "Plans": [{"Node Type": "Nested Loop", "Parent Relationship": "Outer", "Join Type": "Inner", "Startup Cost": 95.25, "Total Cost": 2533.35, "Plan Rows": 4000, "Plan Width": 34, "Inner Unique": false, "Plans": [{"Node Type": "Seq Scan", "Parent Relationship": "Outer", "Relation Name": "nation", "Alias": "nation", "Startup Cost": 0.0, "Total Cost": 1.31, "Plan Rows": 1, "Plan Width": 4, "Filter": "(n_name = 'EGYPT'::bpchar)"}, {"Node Type": "Bitmap Heap Scan", "Parent Relationship": "Inner", "Relation Name": "supplier", "Alias": "supplier", "Startup Cost": 95.25, "Total Cost": 2492.04, "Plan Rows": 4000, "Plan Width": 38, "Recheck Cond": "(s_nationkey = nation.n_nationkey)", "Plans": [{"Node Type": "Bitmap Index Scan", "Parent Relationship": "Outer", "Index Name": "idx_supplier_nation_key", "Startup Cost": 0.0, "Total Cost": 94.25, "Plan Rows": 4000, "Plan Width": 0, "Index Cond": "(s_nationkey = nation.n_nationkey)"}]}]}]}]}]}]}, {"Node Type": "Index Scan", "Parent Relationship": "Inner", "Scan Direction": "Forward", "Index Name": "idx_lineitem_orderkey", "Relation Name": "lineitem", "Alias": "l3", "Startup Cost": 0.0, "Total Cost": 1.63, "Plan Rows": 3, "Plan Width": 16, "Index Cond": "(l_orderkey = l1.l_orderkey)", "Filter": "((l_receiptdate > l_commitdate) AND (l_suppkey <> l1.l_suppkey))"}]}, {"Node Type": "Index Scan", "Parent Relationship": "Inner", "Scan Direction": "Forward", "Index Name": "idx_lineitem_orderkey", "Relation Name": "lineitem", "Alias": "l2", "Startup Cost": 0.0, "Total Cost": 1.63, "Plan Rows": 9, "Plan Width": 16, "Index Cond": "(l_orderkey = l1.l_orderkey)", "Filter": "(l_suppkey <> l1.l_suppkey)"}]}, {"Node Type": "Index Scan", "Parent Relationship": "Inner", "Scan Direction": "Forward", "Index Name": "orders_pkey", "Relation Name": "orders", "Alias": "orders", "Startup Cost": 0.0, "Total Cost": 0.97, "Plan Rows": 1, "Plan Width": 8, "Index Cond": "(o_orderkey = l2.l_orderkey)", "Filter": "(o_orderstatus = 'F'::bpchar)"}]}]}]}]}, "Unique SQL Id": 3870093320}, "explain_analyze_plan": {"Plan": {"Node Type": "Limit", "Startup Cost": 228671.11, "Total Cost": 228671.36, "Plan Rows": 100, "Plan Width": 34, "Actual Min Startup Time": 12866.621, "Actual Max Startup Time": 12866.621, "Actual Min Total Time": 12866.642, "Actual Max Total Time": 12866.642, "Actual Total Rows": 100, "Plans": [{"Node Type": "Sort", "Parent Relationship": "Outer", "Startup Cost": 228671.11, "Total Cost": 228694.04, "Plan Rows": 100, "Plan Width": 34, "Actual Min Startup Time": 12866.617, "Actual Max Startup Time": 12866.617, "Actual Min Total Time": 12866.628, "Actual Max Total Time": 12866.628, "Actual Total Rows": 100, "Sort Key": ["(count(*)) DESC", "supplier.s_name"], "Sort Method": "top-N heapsort", "Sort Space Min Used": 41, "Sort Space Max Used": 41, "Sort Space Type": "Memory", "Plans": [{"Node Type": "Aggregate", "Strategy": "Hashed", "Parent Relationship": "Outer", "Startup Cost": 228228.84, "Total Cost": 228320.56, "Plan Rows": 9172, "Plan Width": 34, "Actual Min Startup Time": 12863.299, "Actual Max Startup Time": 12863.299, "Actual Min Total Time": 12864.519, "Actual Max Total Time": 12864.519, "Actual Total Rows": 3981, "Group By Key": ["supplier.s_name"], "Plans": [{"Node Type": "Nested Loop", "Parent Relationship": "Outer", "Join Type": "Inner", "Startup Cost": 70864.6, "Total Cost": 228182.98, "Plan Rows": 9172, "Plan Width": 26, "Actual Min Startup Time": 321.296, "Actual Max Startup Time": 321.296, "Actual Min Total Time": 12810.71, "Actual Max Total Time": 12810.71, "Actual Total Rows": 39445, "Inner Unique": true, "Join Filter": "(l1.l_orderkey = orders.o_orderkey)", "Rows Removed by Join Filter": 0, "Plans": [{"Node Type": "Nested Loop", "Parent Relationship": "Outer", "Join Type": "Semi", "Startup Cost": 70864.6, "Total Cost": 221082.61, "Plan Rows": 7254, "Plan Width": 42, "Actual Min Startup Time": 321.137, "Actual Max Startup Time": 321.137, "Actual Min Total Time": 12228.446, "Actual Max Total Time": 12228.446, "Actual Total Rows": 80537, "Inner Unique": false, "Plans": [{"Node Type": "Nested Loop", "Parent Relationship": "Outer", "Join Type": "Anti", "Startup Cost": 70864.6, "Total Cost": 219227.05, "Plan Rows": 7635, "Plan Width": 42, "Actual Min Startup Time": 320.888, "Actual Max Startup Time": 320.888, "Actual Min Total Time": 11631.181, "Actual Max Total Time": 11631.181, "Actual Total Rows": 135110, "Inner Unique": false, "Plans": [{"Node Type": "Streaming(type: LOCAL GATHER dop: 1/64)", "Parent Relationship": "Outer", "Startup Cost": 70864.6, "Total Cost": 172039.83, "Plan Rows": 152707, "Plan Width": 42, "Actual Min Startup Time": 320.789, "Actual Max Startup Time": 320.789, "Actual Min Total Time": 1148.491, "Actual Max Total Time": 1148.491, "Actual Total Rows": 1511024, "Plans": [{"Node Type": "Hash Join", "Parent Relationship": "Outer", "Join Type": "Inner", "Startup Cost": 70864.6, "Total Cost": 168889.5, "Plan Rows": 152707, "Plan Width": 42, "Actual Min Startup Time": 121.617, "Actual Max Startup Time": 246.073, "Actual Min Total Time": 668.067, "Actual Max Total Time": 800.781, "Actual Total Rows": 1511024, "Inner Unique": false, "Hash Cond": "(l1.l_suppkey = supplier.s_suppkey), (LLVM Optimized, Jit Execute)", "Plans": [{"Node Type": "Seq Scan", "Parent Relationship": "Outer", "Relation Name": "lineitem", "Alias": "l1", "Startup Cost": 0.0, "Total Cost": 96829.42, "Plan Rows": 19995678, "Plan Width": 16, "Actual Min Startup Time": 0.021, "Actual Max Startup Time": 0.048, "Actual Min Total Time": 402.886, "Actual Max Total Time": 424.103, "Actual Total Rows": 37929348, "Filter": "(l_receiptdate > l_commitdate), (LLVM Optimized, Jit Execute)", "Rows Removed by Filter": 22056704}, {"Node Type": "Hash", "Parent Relationship": "Inner", "Startup Cost": 70814.6, "Total Cost": 70814.6, "Plan Rows": 256000, "Plan Width": 34, "Actual Min Startup Time": 121.517, "Actual Max Startup Time": 245.924, "Actual Min Total Time": 121.517, "Actual Max Total Time": 245.924, "Actual Total Rows": 254784, "Max Hash Buckets": 32768, "Min Hash Buckets": 32768, "Max Hash Batches": 1, "Min Hash Batches": 1, "Max Original Hash Batches": 1, "Min Original Hash Batches": 1, "Max Peak Memory Usage": 280, "min Peak Memory Usage": 280, "Plans": [{"Node Type": "Streaming(type: BROADCAST dop: 64/1)", "Parent Relationship": "Outer", "Startup Cost": 95.25, "Total Cost": 70814.6, "Plan Rows": 256000, "Plan Width": 34, "Actual Min Startup Time": 0.028, "Actual Max Startup Time": 5.142, "Actual Min Total Time": 120.402, "Actual Max Total Time": 244.779, "Actual Total Rows": 254784, "Plans": [{"Node Type": "Nested Loop", "Parent Relationship": "Outer", "Join Type": "Inner", "Startup Cost": 95.25, "Total Cost": 2533.35, "Plan Rows": 4000, "Plan Width": 34, "Actual Min Startup Time": 1.073, "Actual Max Startup Time": 1.073, "Actual Min Total Time": 7.094, "Actual Max Total Time": 7.094, "Actual Total Rows": 3981, "Inner Unique": false, "Plans": [{"Node Type": "Seq Scan", "Parent Relationship": "Outer", "Relation Name": "nation", "Alias": "nation", "Startup Cost": 0.0, "Total Cost": 1.31, "Plan Rows": 1, "Plan Width": 4, "Actual Min Startup Time": 0.039, "Actual Max Startup Time": 0.039, "Actual Min Total Time": 0.062, "Actual Max Total Time": 0.062, "Actual Total Rows": 1, "Filter": "(n_name = 'EGYPT'::bpchar)", "Rows Removed by Filter": 24}, {"Node Type": "Bitmap Heap Scan", "Parent Relationship": "Inner", "Relation Name": "supplier", "Alias": "supplier", "Startup Cost": 95.25, "Total Cost": 2492.04, "Plan Rows": 4000, "Plan Width": 38, "Actual Min Startup Time": 1.024, "Actual Max Startup Time": 1.024, "Actual Min Total Time": 6.258, "Actual Max Total Time": 6.258, "Actual Total Rows": 3981, "Recheck Cond": "(s_nationkey = nation.n_nationkey)", "Rows Removed by Index Recheck": 0, "Exact Heap Blocks": 0, "Lossy Heap Blocks": 0, "Plans": [{"Node Type": "Bitmap Index Scan", "Parent Relationship": "Outer", "Index Name": "idx_supplier_nation_key", "Startup Cost": 0.0, "Total Cost": 94.25, "Plan Rows": 4000, "Plan Width": 0, "Actual Min Startup Time": 0.694, "Actual Max Startup Time": 0.694, "Actual Min Total Time": 0.694, "Actual Max Total Time": 0.694, "Actual Total Rows": 3981, "Index Cond": "(s_nationkey = nation.n_nationkey)"}]}]}]}]}]}]}, {"Node Type": "Index Scan", "Parent Relationship": "Inner", "Scan Direction": "Forward", "Index Name": "idx_lineitem_orderkey", "Relation Name": "lineitem", "Alias": "l3", "Startup Cost": 0.0, "Total Cost": 1.63, "Plan Rows": 3, "Plan Width": 16, "Actual Min Startup Time": 9467.156, "Actual Max Startup Time": 9467.156, "Actual Min Total Time": 9467.156, "Actual Max Total Time": 9467.156, "Actual Total Rows": 1375914, "Index Cond": "(l_orderkey = l1.l_orderkey)", "Rows Removed by Index Recheck": 0, "Filter": "((l_receiptdate > l_commitdate) AND (l_suppkey <> l1.l_suppkey))", "Rows Removed by Filter": 1348115}]}, {"Node Type": "Index Scan", "Parent Relationship": "Inner", "Scan Direction": "Forward", "Index Name": "idx_lineitem_orderkey", "Relation Name": "lineitem", "Alias": "l2", "Startup Cost": 0.0, "Total Cost": 1.63, "Plan Rows": 9, "Plan Width": 16, "Actual Min Startup Time": 498.704, "Actual Max Startup Time": 498.704, "Actual Min Total Time": 498.704, "Actual Max Total Time": 498.704, "Actual Total Rows": 80537, "Index Cond": "(l_orderkey = l1.l_orderkey)", "Rows Removed by Index Recheck": 0, "Filter": "(l_suppkey <> l1.l_suppkey)", "Rows Removed by Filter": 85912}]}, {"Node Type": "Index Scan", "Parent Relationship": "Inner", "Scan Direction": "Forward", "Index Name": "orders_pkey", "Relation Name": "orders", "Alias": "orders", "Startup Cost": 0.0, "Total Cost": 0.97, "Plan Rows": 1, "Plan Width": 8, "Actual Min Startup Time": 517.398, "Actual Max Startup Time": 517.398, "Actual Min Total Time": 517.398, "Actual Max Total Time": 517.398, "Actual Total Rows": 39445, "Index Cond": "(o_orderkey = l2.l_orderkey)", "Rows Removed by Index Recheck": 0, "Filter": "(o_orderstatus = 'F'::bpchar)", "Rows Removed by Filter": 41092}]}]}]}]}, "Triggers": [], "Planner Runtime": 15.081, "Total Runtime": 12890.496, "Unique SQL Id": 3870093320}}, "(64, 101)": {"explain_plan": {"Plan": {"Node Type": "Limit", "Startup Cost": 2846852.7, "Total Cost": 2846852.95, "Plan Rows": 100, "Plan Width": 34, "Plans": [{"Node Type": "Sort", "Parent Relationship": "Outer", "Startup Cost": 2846852.7, "Total Cost": 2846875.63, "Plan Rows": 100, "Plan Width": 34, "Sort Key": ["(count(*)) DESC", "supplier.s_name"], "Plans": [{"Node Type": "Aggregate", "Strategy": "Hashed", "Parent Relationship": "Outer", "Startup Cost": 2846410.43, "Total Cost": 2846502.15, "Plan Rows": 9172, "Plan Width": 34, "Group By Key": ["supplier.s_name"], "Plans": [{"Node Type": "Nested Loop", "Parent Relationship": "Outer", "Join Type": "Inner", "Startup Cost": 70875.98, "Total Cost": 2846364.57, "Plan Rows": 9172, "Plan Width": 26, "Inner Unique": true, "Join Filter": "(l1.l_orderkey = orders.o_orderkey)", "Plans": [{"Node Type": "Nested Loop", "Parent Relationship": "Outer", "Join Type": "Semi", "Startup Cost": 70875.98, "Total Cost": 2839264.2, "Plan Rows": 7254, "Plan Width": 42, "Inner Unique": false, "Plans": [{"Node Type": "Nested Loop", "Parent Relationship": "Outer", "Join Type": "Anti", "Startup Cost": 70875.98, "Total Cost": 2837408.63, "Plan Rows": 7635, "Plan Width": 42, "Inner Unique": false, "Plans": [{"Node Type": "Streaming(type: LOCAL GATHER dop: 1/64)", "Parent Relationship": "Outer", "Startup Cost": 70875.98, "Total Cost": 2790221.42, "Plan Rows": 152707, "Plan Width": 42, "Plans": [{"Node Type": "Hash Join", "Parent Relationship": "Outer", "Join Type": "Inner", "Startup Cost": 70875.98, "Total Cost": 2787071.09, "Plan Rows": 152707, "Plan Width": 42, "Inner Unique": false, "Hash Cond": "(l1.l_suppkey = supplier.s_suppkey), (LLVM Optimized)", "Plans": [{"Node Type": "Index Scan", "Parent Relationship": "Outer", "Scan Direction": "Forward", "Index Name": "idx_lineitem_orderkey", "Relation Name": "lineitem", "Alias": "l1", "Startup Cost": 0.0, "Total Cost": 2714999.63, "Plan Rows": 19995678, "Plan Width": 16, "Filter": "(l_receiptdate > l_commitdate), (LLVM Optimized)"}, {"Node Type": "Hash", "Parent Relationship": "Inner", "Startup Cost": 70825.98, "Total Cost": 70825.98, "Plan Rows": 256000, "Plan Width": 34, "Plans": [{"Node Type": "Streaming(type: BROADCAST dop: 64/1)", "Parent Relationship": "Outer", "Startup Cost": 95.25, "Total Cost": 70825.98, "Plan Rows": 256000, "Plan Width": 34, "Plans": [{"Node Type": "Nested Loop", "Parent Relationship": "Outer", "Join Type": "Inner", "Startup Cost": 95.25, "Total Cost": 2544.73, "Plan Rows": 4000, "Plan Width": 34, "Inner Unique": false, "Plans": [{"Node Type": "Index Scan", "Parent Relationship": "Outer", "Scan Direction": "Forward", "Index Name": "nation_pkey", "Relation Name": "nation", "Alias": "nation", "Startup Cost": 0.0, "Total Cost": 12.69, "Plan Rows": 1, "Plan Width": 4, "Filter": "(n_name = 'EGYPT'::bpchar)"}, {"Node Type": "Bitmap Heap Scan", "Parent Relationship": "Inner", "Relation Name": "supplier", "Alias": "supplier", "Startup Cost": 95.25, "Total Cost": 2492.04, "Plan Rows": 4000, "Plan Width": 38, "Recheck Cond": "(s_nationkey = nation.n_nationkey)", "Plans": [{"Node Type": "Bitmap Index Scan", "Parent Relationship": "Outer", "Index Name": "idx_supplier_nation_key", "Startup Cost": 0.0, "Total Cost": 94.25, "Plan Rows": 4000, "Plan Width": 0, "Index Cond": "(s_nationkey = nation.n_nationkey)"}]}]}]}]}]}]}, {"Node Type": "Index Scan", "Parent Relationship": "Inner", "Scan Direction": "Forward", "Index Name": "idx_lineitem_orderkey", "Relation Name": "lineitem", "Alias": "l3", "Startup Cost": 0.0, "Total Cost": 1.63, "Plan Rows": 3, "Plan Width": 16, "Index Cond": "(l_orderkey = l1.l_orderkey)", "Filter": "((l_receiptdate > l_commitdate) AND (l_suppkey <> l1.l_suppkey))"}]}, {"Node Type": "Index Scan", "Parent Relationship": "Inner", "Scan Direction": "Forward", "Index Name": "idx_lineitem_orderkey", "Relation Name": "lineitem", "Alias": "l2", "Startup Cost": 0.0, "Total Cost": 1.63, "Plan Rows": 9, "Plan Width": 16, "Index Cond": "(l_orderkey = l1.l_orderkey)", "Filter": "(l_suppkey <> l1.l_suppkey)"}]}, {"Node Type": "Index Scan", "Parent Relationship": "Inner", "Scan Direction": "Forward", "Index Name": "orders_pkey", "Relation Name": "orders", "Alias": "orders", "Startup Cost": 0.0, "Total Cost": 0.97, "Plan Rows": 1, "Plan Width": 8, "Index Cond": "(o_orderkey = l2.l_orderkey)", "Filter": "(o_orderstatus = 'F'::bpchar)"}]}]}]}]}, "Unique SQL Id": 3870093320}, "explain_analyze_plan": {"Plan": {"Node Type": "Limit", "Startup Cost": 2846852.7, "Total Cost": 2846852.95, "Plan Rows": 100, "Plan Width": 34, "Actual Min Startup Time": 14119.717, "Actual Max Startup Time": 14119.717, "Actual Min Total Time": 14119.737, "Actual Max Total Time": 14119.737, "Actual Total Rows": 100, "Plans": [{"Node Type": "Sort", "Parent Relationship": "Outer", "Startup Cost": 2846852.7, "Total Cost": 2846875.63, "Plan Rows": 100, "Plan Width": 34, "Actual Min Startup Time": 14119.713, "Actual Max Startup Time": 14119.713, "Actual Min Total Time": 14119.719, "Actual Max Total Time": 14119.719, "Actual Total Rows": 100, "Sort Key": ["(count(*)) DESC", "supplier.s_name"], "Sort Method": "top-N heapsort", "Sort Space Min Used": 41, "Sort Space Max Used": 41, "Sort Space Type": "Memory", "Plans": [{"Node Type": "Aggregate", "Strategy": "Hashed", "Parent Relationship": "Outer", "Startup Cost": 2846410.43, "Total Cost": 2846502.15, "Plan Rows": 9172, "Plan Width": 34, "Actual Min Startup Time": 14116.34, "Actual Max Startup Time": 14116.34, "Actual Min Total Time": 14117.647, "Actual Max Total Time": 14117.647, "Actual Total Rows": 3981, "Group By Key": ["supplier.s_name"], "Plans": [{"Node Type": "Nested Loop", "Parent Relationship": "Outer", "Join Type": "Inner", "Startup Cost": 70875.98, "Total Cost": 2846364.57, "Plan Rows": 9172, "Plan Width": 26, "Actual Min Startup Time": 815.129, "Actual Max Startup Time": 815.129, "Actual Min Total Time": 14059.159, "Actual Max Total Time": 14059.159, "Actual Total Rows": 39445, "Inner Unique": true, "Join Filter": "(l1.l_orderkey = orders.o_orderkey)", "Rows Removed by Join Filter": 0, "Plans": [{"Node Type": "Nested Loop", "Parent Relationship": "Outer", "Join Type": "Semi", "Startup Cost": 70875.98, "Total Cost": 2839264.2, "Plan Rows": 7254, "Plan Width": 42, "Actual Min Startup Time": 815.101, "Actual Max Startup Time": 815.101, "Actual Min Total Time": 13358.527, "Actual Max Total Time": 13358.527, "Actual Total Rows": 80537, "Inner Unique": false, "Plans": [{"Node Type": "Nested Loop", "Parent Relationship": "Outer", "Join Type": "Anti", "Startup Cost": 70875.98, "Total Cost": 2837408.63, "Plan Rows": 7635, "Plan Width": 42, "Actual Min Startup Time": 815.089, "Actual Max Startup Time": 815.089, "Actual Min Total Time": 12762.463, "Actual Max Total Time": 12762.463, "Actual Total Rows": 135110, "Inner Unique": false, "Plans": [{"Node Type": "Streaming(type: LOCAL GATHER dop: 1/64)", "Parent Relationship": "Outer", "Startup Cost": 70875.98, "Total Cost": 2790221.42, "Plan Rows": 152707, "Plan Width": 42, "Actual Min Startup Time": 814.659, "Actual Max Startup Time": 814.659, "Actual Min Total Time": 1782.848, "Actual Max Total Time": 1782.848, "Actual Total Rows": 1511024, "Plans": [{"Node Type": "Hash Join", "Parent Relationship": "Outer", "Join Type": "Inner", "Startup Cost": 70875.98, "Total Cost": 2787071.09, "Plan Rows": 152707, "Plan Width": 42, "Actual Min Startup Time": 598.254, "Actual Max Startup Time": 727.718, "Actual Min Total Time": 1399.128, "Actual Max Total Time": 1628.166, "Actual Total Rows": 1511024, "Inner Unique": false, "Hash Cond": "(l1.l_suppkey = supplier.s_suppkey), (LLVM Optimized, Jit Execute)", "Plans": [{"Node Type": "Index Scan", "Parent Relationship": "Outer", "Scan Direction": "Forward", "Index Name": "idx_lineitem_orderkey", "Relation Name": "lineitem", "Alias": "l1", "Startup Cost": 0.0, "Total Cost": 2714999.63, "Plan Rows": 19995678, "Plan Width": 16, "Actual Min Startup Time": 471.178, "Actual Max Startup Time": 471.721, "Actual Min Total Time": 1129.758, "Actual Max Total Time": 1291.227, "Actual Total Rows": 37929348, "Filter": "(l_receiptdate > l_commitdate), (LLVM Optimized, Jit Execute)", "Rows Removed by Filter": 22056704}, {"Node Type": "Hash", "Parent Relationship": "Inner", "Startup Cost": 70825.98, "Total Cost": 70825.98, "Plan Rows": 256000, "Plan Width": 34, "Actual Min Startup Time": 126.512, "Actual Max Startup Time": 256.207, "Actual Min Total Time": 126.512, "Actual Max Total Time": 256.207, "Actual Total Rows": 254784, "Max Hash Buckets": 32768, "Min Hash Buckets": 32768, "Max Hash Batches": 1, "Min Hash Batches": 1, "Max Original Hash Batches": 1, "Min Original Hash Batches": 1, "Max Peak Memory Usage": 280, "min Peak Memory Usage": 280, "Plans": [{"Node Type": "Streaming(type: BROADCAST dop: 64/1)", "Parent Relationship": "Outer", "Startup Cost": 95.25, "Total Cost": 70825.98, "Plan Rows": 256000, "Plan Width": 34, "Actual Min Startup Time": 0.026, "Actual Max Startup Time": 3.984, "Actual Min Total Time": 125.506, "Actual Max Total Time": 255.076, "Actual Total Rows": 254784, "Plans": [{"Node Type": "Nested Loop", "Parent Relationship": "Outer", "Join Type": "Inner", "Startup Cost": 95.25, "Total Cost": 2544.73, "Plan Rows": 4000, "Plan Width": 34, "Actual Min Startup Time": 1.031, "Actual Max Startup Time": 1.031, "Actual Min Total Time": 7.098, "Actual Max Total Time": 7.098, "Actual Total Rows": 3981, "Inner Unique": false, "Plans": [{"Node Type": "Index Scan", "Parent Relationship": "Outer", "Scan Direction": "Forward", "Index Name": "nation_pkey", "Relation Name": "nation", "Alias": "nation", "Startup Cost": 0.0, "Total Cost": 12.69, "Plan Rows": 1, "Plan Width": 4, "Actual Min Startup Time": 0.048, "Actual Max Startup Time": 0.048, "Actual Min Total Time": 0.079, "Actual Max Total Time": 0.079, "Actual Total Rows": 1, "Filter": "(n_name = 'EGYPT'::bpchar)", "Rows Removed by Filter": 24}, {"Node Type": "Bitmap Heap Scan", "Parent Relationship": "Inner", "Relation Name": "supplier", "Alias": "supplier", "Startup Cost": 95.25, "Total Cost": 2492.04, "Plan Rows": 4000, "Plan Width": 38, "Actual Min Startup Time": 0.971, "Actual Max Startup Time": 0.971, "Actual Min Total Time": 6.221, "Actual Max Total Time": 6.221, "Actual Total Rows": 3981, "Recheck Cond": "(s_nationkey = nation.n_nationkey)", "Rows Removed by Index Recheck": 0, "Exact Heap Blocks": 0, "Lossy Heap Blocks": 0, "Plans": [{"Node Type": "Bitmap Index Scan", "Parent Relationship": "Outer", "Index Name": "idx_supplier_nation_key", "Startup Cost": 0.0, "Total Cost": 94.25, "Plan Rows": 4000, "Plan Width": 0, "Actual Min Startup Time": 0.671, "Actual Max Startup Time": 0.671, "Actual Min Total Time": 0.671, "Actual Max Total Time": 0.671, "Actual Total Rows": 3981, "Index Cond": "(s_nationkey = nation.n_nationkey)"}]}]}]}]}]}]}, {"Node Type": "Index Scan", "Parent Relationship": "Inner", "Scan Direction": "Forward", "Index Name": "idx_lineitem_orderkey", "Relation Name": "lineitem", "Alias": "l3", "Startup Cost": 0.0, "Total Cost": 1.63, "Plan Rows": 3, "Plan Width": 16, "Actual Min Startup Time": 9956.083, "Actual Max Startup Time": 9956.083, "Actual Min Total Time": 9956.083, "Actual Max Total Time": 9956.083, "Actual Total Rows": 1375914, "Index Cond": "(l_orderkey = l1.l_orderkey)", "Rows Removed by Index Recheck": 0, "Filter": "((l_receiptdate > l_commitdate) AND (l_suppkey <> l1.l_suppkey))", "Rows Removed by Filter": 1348115}]}, {"Node Type": "Index Scan", "Parent Relationship": "Inner", "Scan Direction": "Forward", "Index Name": "idx_lineitem_orderkey", "Relation Name": "lineitem", "Alias": "l2", "Startup Cost": 0.0, "Total Cost": 1.63, "Plan Rows": 9, "Plan Width": 16, "Actual Min Startup Time": 497.47, "Actual Max Startup Time": 497.47, "Actual Min Total Time": 497.47, "Actual Max Total Time": 497.47, "Actual Total Rows": 80537, "Index Cond": "(l_orderkey = l1.l_orderkey)", "Rows Removed by Index Recheck": 0, "Filter": "(l_suppkey <> l1.l_suppkey)", "Rows Removed by Filter": 85912}]}, {"Node Type": "Index Scan", "Parent Relationship": "Inner", "Scan Direction": "Forward", "Index Name": "orders_pkey", "Relation Name": "orders", "Alias": "orders", "Startup Cost": 0.0, "Total Cost": 0.97, "Plan Rows": 1, "Plan Width": 8, "Actual Min Startup Time": 630.576, "Actual Max Startup Time": 630.576, "Actual Min Total Time": 630.576, "Actual Max Total Time": 630.576, "Actual Total Rows": 39445, "Index Cond": "(o_orderkey = l2.l_orderkey)", "Rows Removed by Index Recheck": 0, "Filter": "(o_orderstatus = 'F'::bpchar)", "Rows Removed by Filter": 41092}]}]}]}]}, "Triggers": [], "Planner Runtime": 13.163, "Total Runtime": 14143.047, "Unique SQL Id": 3870093320}}, "(64, 102)": {"explain_plan": {"Plan": {"Node Type": "Limit", "Startup Cost": 439387.85, "Total Cost": 439388.1, "Plan Rows": 100, "Plan Width": 34, "Plans": [{"Node Type": "Sort", "Parent Relationship": "Outer", "Startup Cost": 439387.85, "Total Cost": 439410.78, "Plan Rows": 100, "Plan Width": 34, "Sort Key": ["(count(*)) DESC", "supplier.s_name"], "Plans": [{"Node Type": "Aggregate", "Strategy": "Hashed", "Parent Relationship": "Outer", "Startup Cost": 438945.58, "Total Cost": 439037.3, "Plan Rows": 9172, "Plan Width": 34, "Group By Key": ["supplier.s_name"], "Plans": [{"Node Type": "Nested Loop", "Parent Relationship": "Outer", "Join Type": "Inner", "Startup Cost": 183360.81, "Total Cost": 438899.72, "Plan Rows": 9172, "Plan Width": 26, "Inner Unique": true, "Join Filter": "(l1.l_orderkey = orders.o_orderkey)", "Plans": [{"Node Type": "Nested Loop", "Parent Relationship": "Outer", "Join Type": "Semi", "Startup Cost": 183360.21, "Total Cost": 405338.96, "Plan Rows": 7254, "Plan Width": 42, "Inner Unique": false, "Plans": [{"Node Type": "Hash Join", "Parent Relationship": "Outer", "Join Type": "Inner", "Startup Cost": 183359.38, "Total Cost": 390160.41, "Plan Rows": 7635, "Plan Width": 42, "Inner Unique": false, "Hash Cond": "(l1.l_suppkey = supplier.s_suppkey)", "Plans": [{"Node Type": "Streaming(type: LOCAL GATHER dop: 1/64)", "Parent Relationship": "Outer", "Startup Cost": 182676.04, "Total Cost": 385647.51, "Plan Rows": 999784, "Plan Width": 16, "Plans": [{"Node Type": "Hash Join", "Parent Relationship": "Outer", "Join Type": "Anti", "Startup Cost": 182676.04, "Total Cost": 365022.08, "Plan Rows": 999784, "Plan Width": 16, "Inner Unique": false, "Hash Cond": "(l1.l_orderkey = l3.l_orderkey), (LLVM Optimized)", "Join Filter": "(l3.l_suppkey <> l1.l_suppkey), (LLVM Optimized)", "Plans": [{"Node Type": "Streaming(type: LOCAL REDISTRIBUTE dop: 64/64)", "Parent Relationship": "Outer", "Startup Cost": 0.0, "Total Cost": 178770.64, "Plan Rows": 19995678, "Plan Width": 16, "Plans": [{"Node Type": "Seq Scan", "Parent Relationship": "Outer", "Relation Name": "lineitem", "Alias": "l1", "Startup Cost": 0.0, "Total Cost": 96829.42, "Plan Rows": 19995678, "Plan Width": 16, "Filter": "(l_receiptdate > l_commitdate), (LLVM Optimized)"}]}, {"Node Type": "Hash", "Parent Relationship": "Inner", "Startup Cost": 178770.64, "Total Cost": 178770.64, "Plan Rows": 19995678, "Plan Width": 16, "Plans": [{"Node Type": "Streaming(type: LOCAL REDISTRIBUTE dop: 64/64)", "Parent Relationship": "Outer", "Startup Cost": 0.0, "Total Cost": 178770.64, "Plan Rows": 19995678, "Plan Width": 16, "Plans": [{"Node Type": "Seq Scan", "Parent Relationship": "Outer", "Relation Name": "lineitem", "Alias": "l3", "Startup Cost": 0.0, "Total Cost": 96829.42, "Plan Rows": 19995678, "Plan Width": 16, "Filter": "(l_receiptdate > l_commitdate), (LLVM Optimized)"}]}]}]}]}, {"Node Type": "Hash", "Parent Relationship": "Inner", "Startup Cost": 2533.35, "Total Cost": 2533.35, "Plan Rows": 4000, "Plan Width": 34, "Plans": [{"Node Type": "Nested Loop", "Parent Relationship": "Outer", "Join Type": "Inner", "Startup Cost": 95.25, "Total Cost": 2533.35, "Plan Rows": 4000, "Plan Width": 34, "Inner Unique": false, "Plans": [{"Node Type": "Seq Scan", "Parent Relationship": "Outer", "Relation Name": "nation", "Alias": "nation", "Startup Cost": 0.0, "Total Cost": 1.31, "Plan Rows": 1, "Plan Width": 4, "Filter": "(n_name = 'EGYPT'::bpchar)"}, {"Node Type": "Bitmap Heap Scan", "Parent Relationship": "Inner", "Relation Name": "supplier", "Alias": "supplier", "Startup Cost": 95.25, "Total Cost": 2492.04, "Plan Rows": 4000, "Plan Width": 38, "Recheck Cond": "(s_nationkey = nation.n_nationkey)", "Plans": [{"Node Type": "Bitmap Index Scan", "Parent Relationship": "Outer", "Index Name": "idx_supplier_nation_key", "Startup Cost": 0.0, "Total Cost": 94.25, "Plan Rows": 4000, "Plan Width": 0, "Index Cond": "(s_nationkey = nation.n_nationkey)"}]}]}]}]}, {"Node Type": "Bitmap Heap Scan", "Parent Relationship": "Inner", "Relation Name": "lineitem", "Alias": "l2", "Startup Cost": 0.82, "Total Cost": 8.95, "Plan Rows": 9, "Plan Width": 16, "Recheck Cond": "(l_orderkey = l1.l_orderkey)", "Filter": "(l_suppkey <> l1.l_suppkey)", "Plans": [{"Node Type": "Bitmap Index Scan", "Parent Relationship": "Outer", "Index Name": "idx_lineitem_orderkey", "Startup Cost": 0.0, "Total Cost": 0.82, "Plan Rows": 9, "Plan Width": 0, "Index Cond": "(l_orderkey = l1.l_orderkey)"}]}]}, {"Node Type": "Bitmap Heap Scan", "Parent Relationship": "Inner", "Relation Name": "orders", "Alias": "orders", "Startup Cost": 0.6, "Total Cost": 4.61, "Plan Rows": 1, "Plan Width": 8, "Recheck Cond": "(o_orderkey = l2.l_orderkey)", "Filter": "(o_orderstatus = 'F'::bpchar)", "Plans": [{"Node Type": "Bitmap Index Scan", "Parent Relationship": "Outer", "Index Name": "orders_pkey", "Startup Cost": 0.0, "Total Cost": 0.6, "Plan Rows": 1, "Plan Width": 0, "Index Cond": "(o_orderkey = l2.l_orderkey)"}]}]}]}]}]}, "Unique SQL Id": 3870093320}, "explain_analyze_plan": {"Plan": {"Node Type": "Limit", "Startup Cost": 439387.85, "Total Cost": 439388.1, "Plan Rows": 100, "Plan Width": 34, "Actual Min Startup Time": 6805.192, "Actual Max Startup Time": 6805.192, "Actual Min Total Time": 6805.211, "Actual Max Total Time": 6805.211, "Actual Total Rows": 100, "Plans": [{"Node Type": "Sort", "Parent Relationship": "Outer", "Startup Cost": 439387.85, "Total Cost": 439410.78, "Plan Rows": 100, "Plan Width": 34, "Actual Min Startup Time": 6805.189, "Actual Max Startup Time": 6805.189, "Actual Min Total Time": 6805.197, "Actual Max Total Time": 6805.197, "Actual Total Rows": 100, "Sort Key": ["(count(*)) DESC", "supplier.s_name"], "Sort Method": "top-N heapsort", "Sort Space Min Used": 41, "Sort Space Max Used": 41, "Sort Space Type": "Memory", "Plans": [{"Node Type": "Aggregate", "Strategy": "Hashed", "Parent Relationship": "Outer", "Startup Cost": 438945.58, "Total Cost": 439037.3, "Plan Rows": 9172, "Plan Width": 34, "Actual Min Startup Time": 6801.849, "Actual Max Startup Time": 6801.849, "Actual Min Total Time": 6803.071, "Actual Max Total Time": 6803.071, "Actual Total Rows": 3981, "Group By Key": ["supplier.s_name"], "Plans": [{"Node Type": "Nested Loop", "Parent Relationship": "Outer", "Join Type": "Inner", "Startup Cost": 183360.81, "Total Cost": 438899.72, "Plan Rows": 9172, "Plan Width": 26, "Actual Min Startup Time": 2335.66, "Actual Max Startup Time": 2335.66, "Actual Min Total Time": 6750.185, "Actual Max Total Time": 6750.185, "Actual Total Rows": 39445, "Inner Unique": true, "Join Filter": "(l1.l_orderkey = orders.o_orderkey)", "Rows Removed by Join Filter": 0, "Plans": [{"Node Type": "Nested Loop", "Parent Relationship": "Outer", "Join Type": "Semi", "Startup Cost": 183360.21, "Total Cost": 405338.96, "Plan Rows": 7254, "Plan Width": 42, "Actual Min Startup Time": 2335.626, "Actual Max Startup Time": 2335.626, "Actual Min Total Time": 5990.539, "Actual Max Total Time": 5990.539, "Actual Total Rows": 80537, "Inner Unique": false, "Plans": [{"Node Type": "Hash Join", "Parent Relationship": "Outer", "Join Type": "Inner", "Startup Cost": 183359.38, "Total Cost": 390160.41, "Plan Rows": 7635, "Plan Width": 42, "Actual Min Startup Time": 2335.536, "Actual Max Startup Time": 2335.536, "Actual Min Total Time": 4375.103, "Actual Max Total Time": 4375.103, "Actual Total Rows": 135110, "Inner Unique": false, "Hash Cond": "(l1.l_suppkey = supplier.s_suppkey)", "Plans": [{"Node Type": "Streaming(type: LOCAL GATHER dop: 1/64)", "Parent Relationship": "Outer", "Startup Cost": 182676.04, "Total Cost": 385647.51, "Plan Rows": 999784, "Plan Width": 16, "Actual Min Startup Time": 2327.148, "Actual Max Startup Time": 2327.148, "Actual Min Total Time": 3628.242, "Actual Max Total Time": 3628.242, "Actual Total Rows": 3372284, "Plans": [{"Node Type": "Hash Join", "Parent Relationship": "Outer", "Join Type": "Anti", "Startup Cost": 182676.04, "Total Cost": 365022.08, "Plan Rows": 999784, "Plan Width": 16, "Actual Min Startup Time": 1871.399, "Actual Max Startup Time": 2172.815, "Actual Min Total Time": 4997.074, "Actual Max Total Time": 5364.352, "Actual Total Rows": 3372284, "Inner Unique": false, "Hash Cond": "(l1.l_orderkey = l3.l_orderkey), (LLVM Optimized, Jit Execute)", "Join Filter": "(l3.l_suppkey <> l1.l_suppkey), (LLVM Optimized, Jit Execute)", "Rows Removed by Join Filter": 13753927, "Plans": [{"Node Type": "Streaming(type: LOCAL REDISTRIBUTE dop: 64/64)", "Parent Relationship": "Outer", "Startup Cost": 0.0, "Total Cost": 178770.64, "Plan Rows": 19995678, "Plan Width": 16, "Actual Min Startup Time": 0.187, "Actual Max Startup Time": 2.117, "Actual Min Total Time": 2743.561, "Actual Max Total Time": 3006.219, "Actual Total Rows": 37929348, "Plans": [{"Node Type": "Seq Scan", "Parent Relationship": "Outer", "Relation Name": "lineitem", "Alias": "l1", "Startup Cost": 0.0, "Total Cost": 96829.42, "Plan Rows": 19995678, "Plan Width": 16, "Actual Min Startup Time": 0.022, "Actual Max Startup Time": 0.06, "Actual Min Total Time": 431.074, "Actual Max Total Time": 522.621, "Actual Total Rows": 37929348, "Filter": "(l_receiptdate > l_commitdate), (LLVM Optimized, Jit Execute)", "Rows Removed by Filter": 22056704}]}, {"Node Type": "Hash", "Parent Relationship": "Inner", "Startup Cost": 178770.64, "Total Cost": 178770.64, "Plan Rows": 19995678, "Plan Width": 16, "Actual Min Startup Time": 1870.6, "Actual Max Startup Time": 2170.353, "Actual Min Total Time": 1870.6, "Actual Max Total Time": 2170.353, "Actual Total Rows": 37929348, "Max Hash Buckets": 524288, "Min Hash Buckets": 524288, "Max Hash Batches": 1, "Min Hash Batches": 1, "Max Original Hash Batches": 1, "Min Original Hash Batches": 1, "Max Peak Memory Usage": 27746, "min Peak Memory Usage": 27746, "Plans": [{"Node Type": "Streaming(type: LOCAL REDISTRIBUTE dop: 64/64)", "Parent Relationship": "Outer", "Startup Cost": 0.0, "Total Cost": 178770.64, "Plan Rows": 19995678, "Plan Width": 16, "Actual Min Startup Time": 0.107, "Actual Max Startup Time": 283.799, "Actual Min Total Time": 1596.76, "Actual Max Total Time": 1956.811, "Actual Total Rows": 37929348, "Plans": [{"Node Type": "Seq Scan", "Parent Relationship": "Outer", "Relation Name": "lineitem", "Alias": "l3", "Startup Cost": 0.0, "Total Cost": 96829.42, "Plan Rows": 19995678, "Plan Width": 16, "Actual Min Startup Time": 0.022, "Actual Max Startup Time": 0.05, "Actual Min Total Time": 453.051, "Actual Max Total Time": 583.951, "Actual Total Rows": 37929348, "Filter": "(l_receiptdate > l_commitdate), (LLVM Optimized, Jit Execute)", "Rows Removed by Filter": 22056704}]}]}]}]}, {"Node Type": "Hash", "Parent Relationship": "Inner", "Startup Cost": 2533.35, "Total Cost": 2533.35, "Plan Rows": 4000, "Plan Width": 34, "Actual Min Startup Time": 8.315, "Actual Max Startup Time": 8.315, "Actual Min Total Time": 8.315, "Actual Max Total Time": 8.315, "Actual Total Rows": 3981, "Max Hash Buckets": 32768, "Min Hash Buckets": 32768, "Max Hash Batches": 1, "Min Hash Batches": 1, "Max Original Hash Batches": 1, "Min Original Hash Batches": 1, "Max Peak Memory Usage": 280, "min Peak Memory Usage": 280, "Plans": [{"Node Type": "Nested Loop", "Parent Relationship": "Outer", "Join Type": "Inner", "Startup Cost": 95.25, "Total Cost": 2533.35, "Plan Rows": 4000, "Plan Width": 34, "Actual Min Startup Time": 1.141, "Actual Max Startup Time": 1.141, "Actual Min Total Time": 6.835, "Actual Max Total Time": 6.835, "Actual Total Rows": 3981, "Inner Unique": false, "Plans": [{"Node Type": "Seq Scan", "Parent Relationship": "Outer", "Relation Name": "nation", "Alias": "nation", "Startup Cost": 0.0, "Total Cost": 1.31, "Plan Rows": 1, "Plan Width": 4, "Actual Min Startup Time": 0.057, "Actual Max Startup Time": 0.057, "Actual Min Total Time": 0.072, "Actual Max Total Time": 0.072, "Actual Total Rows": 1, "Filter": "(n_name = 'EGYPT'::bpchar)", "Rows Removed by Filter": 24}, {"Node Type": "Bitmap Heap Scan", "Parent Relationship": "Inner", "Relation Name": "supplier", "Alias": "supplier", "Startup Cost": 95.25, "Total Cost": 2492.04, "Plan Rows": 4000, "Plan Width": 38, "Actual Min Startup Time": 1.065, "Actual Max Startup Time": 1.065, "Actual Min Total Time": 5.925, "Actual Max Total Time": 5.925, "Actual Total Rows": 3981, "Recheck Cond": "(s_nationkey = nation.n_nationkey)", "Rows Removed by Index Recheck": 0, "Exact Heap Blocks": 1918, "Lossy Heap Blocks": 1918, "Plans": [{"Node Type": "Bitmap Index Scan", "Parent Relationship": "Outer", "Index Name": "idx_supplier_nation_key", "Startup Cost": 0.0, "Total Cost": 94.25, "Plan Rows": 4000, "Plan Width": 0, "Actual Min Startup Time": 0.751, "Actual Max Startup Time": 0.751, "Actual Min Total Time": 0.751, "Actual Max Total Time": 0.751, "Actual Total Rows": 3981, "Index Cond": "(s_nationkey = nation.n_nationkey)"}]}]}]}]}, {"Node Type": "Bitmap Heap Scan", "Parent Relationship": "Inner", "Relation Name": "lineitem", "Alias": "l2", "Startup Cost": 0.82, "Total Cost": 8.95, "Plan Rows": 9, "Plan Width": 16, "Actual Min Startup Time": 1418.438, "Actual Max Startup Time": 1418.438, "Actual Min Total Time": 1418.438, "Actual Max Total Time": 1418.438, "Actual Total Rows": 80537, "Recheck Cond": "(l_orderkey = l1.l_orderkey)", "Rows Removed by Index Recheck": 0, "Filter": "(l_suppkey <> l1.l_suppkey)", "Rows Removed by Filter": 85912, "Exact Heap Blocks": 135868, "Lossy Heap Blocks": 135868, "Plans": [{"Node Type": "Bitmap Index Scan", "Parent Relationship": "Outer", "Index Name": "idx_lineitem_orderkey", "Startup Cost": 0.0, "Total Cost": 0.82, "Plan Rows": 9, "Plan Width": 0, "Actual Min Startup Time": 846.578, "Actual Max Startup Time": 846.578, "Actual Min Total Time": 846.578, "Actual Max Total Time": 846.578, "Actual Total Rows": 287712, "Index Cond": "(l_orderkey = l1.l_orderkey)"}]}]}, {"Node Type": "Bitmap Heap Scan", "Parent Relationship": "Inner", "Relation Name": "orders", "Alias": "orders", "Startup Cost": 0.6, "Total Cost": 4.61, "Plan Rows": 1, "Plan Width": 8, "Actual Min Startup Time": 649.326, "Actual Max Startup Time": 649.326, "Actual Min Total Time": 649.326, "Actual Max Total Time": 649.326, "Actual Total Rows": 39445, "Recheck Cond": "(o_orderkey = l2.l_orderkey)", "Rows Removed by Index Recheck": 0, "Filter": "(o_orderstatus = 'F'::bpchar)", "Rows Removed by Filter": 41092, "Exact Heap Blocks": 80537, "Lossy Heap Blocks": 80537, "Plans": [{"Node Type": "Bitmap Index Scan", "Parent Relationship": "Outer", "Index Name": "orders_pkey", "Startup Cost": 0.0, "Total Cost": 0.6, "Plan Rows": 1, "Plan Width": 0, "Actual Min Startup Time": 405.033, "Actual Max Startup Time": 405.033, "Actual Min Total Time": 405.033, "Actual Max Total Time": 405.033, "Actual Total Rows": 80537, "Index Cond": "(o_orderkey = l2.l_orderkey)"}]}]}]}]}]}, "Triggers": [], "Planner Runtime": 19.277, "Total Runtime": 6865.707, "Unique SQL Id": 3870093320}}, "(64, 103)": {"explain_plan": {"Plan": {"Node Type": "Limit", "Startup Cost": 3882163.35, "Total Cost": 3882163.6, "Plan Rows": 100, "Plan Width": 34, "Plans": [{"Node Type": "Sort", "Parent Relationship": "Outer", "Startup Cost": 3882163.35, "Total Cost": 3882186.28, "Plan Rows": 100, "Plan Width": 34, "Sort Key": ["(count(*)) DESC", "supplier.s_name"], "Plans": [{"Node Type": "Aggregate", "Strategy": "Hashed", "Parent Relationship": "Outer", "Startup Cost": 3881721.08, "Total Cost": 3881812.8, "Plan Rows": 9172, "Plan Width": 34, "Group By Key": ["supplier.s_name"], "Plans": [{"Node Type": "Nested Loop", "Parent Relationship": "Outer", "Join Type": "Inner", "Startup Cost": 1232631.31, "Total Cost": 3881675.22, "Plan Rows": 9172, "Plan Width": 26, "Inner Unique": true, "Join Filter": "(l1.l_orderkey = orders.o_orderkey)", "Plans": [{"Node Type": "Nested Loop", "Parent Relationship": "Outer", "Join Type": "Semi", "Startup Cost": 1232630.71, "Total Cost": 3848114.46, "Plan Rows": 7254, "Plan Width": 42, "Inner Unique": false, "Plans": [{"Node Type": "Nested Loop", "Parent Relationship": "Outer", "Join Type": "Anti", "Startup Cost": 1232629.88, "Total Cost": 3832935.91, "Plan Rows": 7635, "Plan Width": 42, "Inner Unique": false, "Plans": [{"Node Type": "Hash Join", "Parent Relationship": "Outer", "Join Type": "Inner", "Startup Cost": 1232629.06, "Total Cost": 3474222.84, "Plan Rows": 152707, "Plan Width": 42, "Inner Unique": false, "Hash Cond": "(l1.l_suppkey = supplier.s_suppkey), (LLVM Optimized)", "Plans": [{"Node Type": "Bitmap Heap Scan", "Parent Relationship": "Outer", "Relation Name": "lineitem", "Alias": "l1", "Startup Cost": 1230034.33, "Total Cost": 3395117.25, "Plan Rows": 19995678, "Plan Width": 16, "Filter": "(l_receiptdate > l_commitdate), (LLVM Optimized)", "Plans": [{"Node Type": "Bitmap Index Scan", "Parent Relationship": "Outer", "Index Name": "idx_lineitem_orderkey", "Startup Cost": 0.0, "Total Cost": 1225035.42, "Plan Rows": 59987033, "Plan Width": 0}]}, {"Node Type": "Hash", "Parent Relationship": "Inner", "Startup Cost": 2544.73, "Total Cost": 2544.73, "Plan Rows": 4000, "Plan Width": 34, "Plans": [{"Node Type": "Nested Loop", "Parent Relationship": "Outer", "Join Type": "Inner", "Startup Cost": 103.63, "Total Cost": 2544.73, "Plan Rows": 4000, "Plan Width": 34, "Inner Unique": false, "Plans": [{"Node Type": "Bitmap Heap Scan", "Parent Relationship": "Outer", "Relation Name": "nation", "Alias": "nation", "Startup Cost": 8.38, "Total Cost": 12.69, "Plan Rows": 1, "Plan Width": 4, "Filter": "(n_name = 'EGYPT'::bpchar)", "Plans": [{"Node Type": "Bitmap Index Scan", "Parent Relationship": "Outer", "Index Name": "nation_pkey", "Startup Cost": 0.0, "Total Cost": 8.38, "Plan Rows": 25, "Plan Width": 0}]}, {"Node Type": "Bitmap Heap Scan", "Parent Relationship": "Inner", "Relation Name": "supplier", "Alias": "supplier", "Startup Cost": 95.25, "Total Cost": 2492.04, "Plan Rows": 4000, "Plan Width": 38, "Recheck Cond": "(s_nationkey = nation.n_nationkey)", "Plans": [{"Node Type": "Bitmap Index Scan", "Parent Relationship": "Outer", "Index Name": "idx_supplier_nation_key", "Startup Cost": 0.0, "Total Cost": 94.25, "Plan Rows": 4000, "Plan Width": 0, "Index Cond": "(s_nationkey = nation.n_nationkey)"}]}]}]}]}, {"Node Type": "Bitmap Heap Scan", "Parent Relationship": "Inner", "Relation Name": "lineitem", "Alias": "l3", "Startup Cost": 0.82, "Total Cost": 8.97, "Plan Rows": 3, "Plan Width": 16, "Recheck Cond": "(l_orderkey = l1.l_orderkey)", "Filter": "((l_receiptdate > l_commitdate) AND (l_suppkey <> l1.l_suppkey))", "Plans": [{"Node Type": "Bitmap Index Scan", "Parent Relationship": "Outer", "Index Name": "idx_lineitem_orderkey", "Startup Cost": 0.0, "Total Cost": 0.82, "Plan Rows": 9, "Plan Width": 0, "Index Cond": "(l_orderkey = l1.l_orderkey)"}]}]}, {"Node Type": "Bitmap Heap Scan", "Parent Relationship": "Inner", "Relation Name": "lineitem", "Alias": "l2", "Startup Cost": 0.82, "Total Cost": 8.95, "Plan Rows": 9, "Plan Width": 16, "Recheck Cond": "(l_orderkey = l1.l_orderkey)", "Filter": "(l_suppkey <> l1.l_suppkey)", "Plans": [{"Node Type": "Bitmap Index Scan", "Parent Relationship": "Outer", "Index Name": "idx_lineitem_orderkey", "Startup Cost": 0.0, "Total Cost": 0.82, "Plan Rows": 9, "Plan Width": 0, "Index Cond": "(l_orderkey = l1.l_orderkey)"}]}]}, {"Node Type": "Bitmap Heap Scan", "Parent Relationship": "Inner", "Relation Name": "orders", "Alias": "orders", "Startup Cost": 0.6, "Total Cost": 4.61, "Plan Rows": 1, "Plan Width": 8, "Recheck Cond": "(o_orderkey = l2.l_orderkey)", "Filter": "(o_orderstatus = 'F'::bpchar)", "Plans": [{"Node Type": "Bitmap Index Scan", "Parent Relationship": "Outer", "Index Name": "orders_pkey", "Startup Cost": 0.0, "Total Cost": 0.6, "Plan Rows": 1, "Plan Width": 0, "Index Cond": "(o_orderkey = l2.l_orderkey)"}]}]}]}]}]}, "Unique SQL Id": 3870093320}, "explain_analyze_plan": null}, "(64, 104)": {"explain_plan": {"Plan": {"Node Type": "Limit", "Startup Cost": 229712.71, "Total Cost": 229712.96, "Plan Rows": 100, "Plan Width": 34, "Plans": [{"Node Type": "Sort", "Parent Relationship": "Outer", "Startup Cost": 229712.71, "Total Cost": 229735.64, "Plan Rows": 100, "Plan Width": 34, "Sort Key": ["(count(*)) DESC", "supplier.s_name"], "Plans": [{"Node Type": "Aggregate", "Strategy": "Hashed", "Parent Relationship": "Outer", "Startup Cost": 229270.44, "Total Cost": 229362.16, "Plan Rows": 9172, "Plan Width": 34, "Group By Key": ["supplier.s_name"], "Plans": [{"Node Type": "Nested Loop", "Parent Relationship": "Outer", "Join Type": "Inner", "Startup Cost": 71906.2, "Total Cost": 229224.58, "Plan Rows": 9172, "Plan Width": 26, "Inner Unique": true, "Join Filter": "(l1.l_orderkey = orders.o_orderkey)", "Plans": [{"Node Type": "Nested Loop", "Parent Relationship": "Outer", "Join Type": "Semi", "Startup Cost": 71906.2, "Total Cost": 222124.21, "Plan Rows": 7254, "Plan Width": 42, "Inner Unique": false, "Plans": [{"Node Type": "Nested Loop", "Parent Relationship": "Outer", "Join Type": "Anti", "Startup Cost": 71906.2, "Total Cost": 220268.65, "Plan Rows": 7635, "Plan Width": 42, "Inner Unique": false, "Plans": [{"Node Type": "Streaming(type: LOCAL GATHER dop: 1/64)", "Parent Relationship": "Outer", "Startup Cost": 71906.2, "Total Cost": 173081.43, "Plan Rows": 152707, "Plan Width": 42, "Plans": [{"Node Type": "Hash Join", "Parent Relationship": "Outer", "Join Type": "Inner", "Startup Cost": 71906.2, "Total Cost": 169931.1, "Plan Rows": 152707, "Plan Width": 42, "Inner Unique": false, "Hash Cond": "(l1.l_suppkey = supplier.s_suppkey), (LLVM Optimized)", "Plans": [{"Node Type": "Seq Scan", "Parent Relationship": "Outer", "Relation Name": "lineitem", "Alias": "l1", "Startup Cost": 0.0, "Total Cost": 96829.42, "Plan Rows": 19995678, "Plan Width": 16, "Filter": "(l_receiptdate > l_commitdate), (LLVM Optimized)"}, {"Node Type": "Hash", "Parent Relationship": "Inner", "Startup Cost": 71856.2, "Total Cost": 71856.2, "Plan Rows": 256000, "Plan Width": 34, "Plans": [{"Node Type": "Streaming(type: BROADCAST dop: 64/1)", "Parent Relationship": "Outer", "Startup Cost": 1.32, "Total Cost": 71856.2, "Plan Rows": 256000, "Plan Width": 34, "Plans": [{"Node Type": "Hash Join", "Parent Relationship": "Outer", "Join Type": "Inner", "Startup Cost": 1.32, "Total Cost": 3574.95, "Plan Rows": 4000, "Plan Width": 34, "Inner Unique": true, "Hash Cond": "(supplier.s_nationkey = nation.n_nationkey)", "Plans": [{"Node Type": "Seq Scan", "Parent Relationship": "Outer", "Relation Name": "supplier", "Alias": "supplier", "Startup Cost": 0.0, "Total Cost": 3283.0, "Plan Rows": 100000, "Plan Width": 38}, {"Node Type": "Hash", "Parent Relationship": "Inner", "Startup Cost": 1.31, "Total Cost": 1.31, "Plan Rows": 1, "Plan Width": 4, "Plans": [{"Node Type": "Seq Scan", "Parent Relationship": "Outer", "Relation Name": "nation", "Alias": "nation", "Startup Cost": 0.0, "Total Cost": 1.31, "Plan Rows": 1, "Plan Width": 4, "Filter": "(n_name = 'EGYPT'::bpchar)"}]}]}]}]}]}]}, {"Node Type": "Index Scan", "Parent Relationship": "Inner", "Scan Direction": "Forward", "Index Name": "idx_lineitem_orderkey", "Relation Name": "lineitem", "Alias": "l3", "Startup Cost": 0.0, "Total Cost": 1.63, "Plan Rows": 3, "Plan Width": 16, "Index Cond": "(l_orderkey = l1.l_orderkey)", "Filter": "((l_receiptdate > l_commitdate) AND (l_suppkey <> l1.l_suppkey))"}]}, {"Node Type": "Index Scan", "Parent Relationship": "Inner", "Scan Direction": "Forward", "Index Name": "idx_lineitem_orderkey", "Relation Name": "lineitem", "Alias": "l2", "Startup Cost": 0.0, "Total Cost": 1.63, "Plan Rows": 9, "Plan Width": 16, "Index Cond": "(l_orderkey = l1.l_orderkey)", "Filter": "(l_suppkey <> l1.l_suppkey)"}]}, {"Node Type": "Index Scan", "Parent Relationship": "Inner", "Scan Direction": "Forward", "Index Name": "orders_pkey", "Relation Name": "orders", "Alias": "orders", "Startup Cost": 0.0, "Total Cost": 0.97, "Plan Rows": 1, "Plan Width": 8, "Index Cond": "(o_orderkey = l2.l_orderkey)", "Filter": "(o_orderstatus = 'F'::bpchar)"}]}]}]}]}, "Unique SQL Id": 3870093320}, "explain_analyze_plan": {"Plan": {"Node Type": "Limit", "Startup Cost": 229712.71, "Total Cost": 229712.96, "Plan Rows": 100, "Plan Width": 34, "Actual Min Startup Time": 13636.309, "Actual Max Startup Time": 13636.309, "Actual Min Total Time": 13636.327, "Actual Max Total Time": 13636.327, "Actual Total Rows": 100, "Plans": [{"Node Type": "Sort", "Parent Relationship": "Outer", "Startup Cost": 229712.71, "Total Cost": 229735.64, "Plan Rows": 100, "Plan Width": 34, "Actual Min Startup Time": 13636.305, "Actual Max Startup Time": 13636.305, "Actual Min Total Time": 13636.311, "Actual Max Total Time": 13636.311, "Actual Total Rows": 100, "Sort Key": ["(count(*)) DESC", "supplier.s_name"], "Sort Method": "top-N heapsort", "Sort Space Min Used": 41, "Sort Space Max Used": 41, "Sort Space Type": "Memory", "Plans": [{"Node Type": "Aggregate", "Strategy": "Hashed", "Parent Relationship": "Outer", "Startup Cost": 229270.44, "Total Cost": 229362.16, "Plan Rows": 9172, "Plan Width": 34, "Actual Min Startup Time": 13632.846, "Actual Max Startup Time": 13632.846, "Actual Min Total Time": 13634.137, "Actual Max Total Time": 13634.137, "Actual Total Rows": 3981, "Group By Key": ["supplier.s_name"], "Plans": [{"Node Type": "Nested Loop", "Parent Relationship": "Outer", "Join Type": "Inner", "Startup Cost": 71906.2, "Total Cost": 229224.58, "Plan Rows": 9172, "Plan Width": 26, "Actual Min Startup Time": 512.775, "Actual Max Startup Time": 512.775, "Actual Min Total Time": 13579.691, "Actual Max Total Time": 13579.691, "Actual Total Rows": 39445, "Inner Unique": true, "Join Filter": "(l1.l_orderkey = orders.o_orderkey)", "Rows Removed by Join Filter": 0, "Plans": [{"Node Type": "Nested Loop", "Parent Relationship": "Outer", "Join Type": "Semi", "Startup Cost": 71906.2, "Total Cost": 222124.21, "Plan Rows": 7254, "Plan Width": 42, "Actual Min Startup Time": 512.571, "Actual Max Startup Time": 512.571, "Actual Min Total Time": 12928.423, "Actual Max Total Time": 12928.423, "Actual Total Rows": 80537, "Inner Unique": false, "Plans": [{"Node Type": "Nested Loop", "Parent Relationship": "Outer", "Join Type": "Anti", "Startup Cost": 71906.2, "Total Cost": 220268.65, "Plan Rows": 7635, "Plan Width": 42, "Actual Min Startup Time": 512.276, "Actual Max Startup Time": 512.276, "Actual Min Total Time": 12331.031, "Actual Max Total Time": 12331.031, "Actual Total Rows": 135110, "Inner Unique": false, "Plans": [{"Node Type": "Streaming(type: LOCAL GATHER dop: 1/64)", "Parent Relationship": "Outer", "Startup Cost": 71906.2, "Total Cost": 173081.43, "Plan Rows": 152707, "Plan Width": 42, "Actual Min Startup Time": 512.176, "Actual Max Startup Time": 512.176, "Actual Min Total Time": 1439.978, "Actual Max Total Time": 1439.978, "Actual Total Rows": 1511024, "Plans": [{"Node Type": "Hash Join", "Parent Relationship": "Outer", "Join Type": "Inner", "Startup Cost": 71906.2, "Total Cost": 169931.1, "Plan Rows": 152707, "Plan Width": 42, "Actual Min Startup Time": 228.244, "Actual Max Startup Time": 394.247, "Actual Min Total Time": 773.975, "Actual Max Total Time": 997.986, "Actual Total Rows": 1511024, "Inner Unique": false, "Hash Cond": "(l1.l_suppkey = supplier.s_suppkey), (LLVM Optimized, Jit Execute)", "Plans": [{"Node Type": "Seq Scan", "Parent Relationship": "Outer", "Relation Name": "lineitem", "Alias": "l1", "Startup Cost": 0.0, "Total Cost": 96829.42, "Plan Rows": 19995678, "Plan Width": 16, "Actual Min Startup Time": 0.024, "Actual Max Startup Time": 0.057, "Actual Min Total Time": 399.743, "Actual Max Total Time": 428.009, "Actual Total Rows": 37929348, "Filter": "(l_receiptdate > l_commitdate), (LLVM Optimized, Jit Execute)", "Rows Removed by Filter": 22056704}, {"Node Type": "Hash", "Parent Relationship": "Inner", "Startup Cost": 71856.2, "Total Cost": 71856.2, "Plan Rows": 256000, "Plan Width": 34, "Actual Min Startup Time": 228.117, "Actual Max Startup Time": 394.061, "Actual Min Total Time": 228.117, "Actual Max Total Time": 394.061, "Actual Total Rows": 254784, "Max Hash Buckets": 32768, "Min Hash Buckets": 32768, "Max Hash Batches": 1, "Min Hash Batches": 1, "Max Original Hash Batches": 1, "Min Original Hash Batches": 1, "Max Peak Memory Usage": 280, "min Peak Memory Usage": 280, "Plans": [{"Node Type": "Streaming(type: BROADCAST dop: 64/1)", "Parent Relationship": "Outer", "Startup Cost": 1.32, "Total Cost": 71856.2, "Plan Rows": 256000, "Plan Width": 34, "Actual Min Startup Time": 0.031, "Actual Max Startup Time": 0.086, "Actual Min Total Time": 226.542, "Actual Max Total Time": 392.45, "Actual Total Rows": 254784, "Plans": [{"Node Type": "Hash Join", "Parent Relationship": "Outer", "Join Type": "Inner", "Startup Cost": 1.32, "Total Cost": 3574.95, "Plan Rows": 4000, "Plan Width": 34, "Actual Min Startup Time": 0.169, "Actual Max Startup Time": 0.169, "Actual Min Total Time": 53.537, "Actual Max Total Time": 53.537, "Actual Total Rows": 3981, "Inner Unique": true, "Hash Cond": "(supplier.s_nationkey = nation.n_nationkey)", "Plans": [{"Node Type": "Seq Scan", "Parent Relationship": "Outer", "Relation Name": "supplier", "Alias": "supplier", "Startup Cost": 0.0, "Total Cost": 3283.0, "Plan Rows": 100000, "Plan Width": 38, "Actual Min Startup Time": 0.029, "Actual Max Startup Time": 0.029, "Actual Min Total Time": 33.55, "Actual Max Total Time": 33.55, "Actual Total Rows": 100000}, {"Node Type": "Hash", "Parent Relationship": "Inner", "Startup Cost": 1.31, "Total Cost": 1.31, "Plan Rows": 1, "Plan Width": 4, "Actual Min Startup Time": 0.052, "Actual Max Startup Time": 0.052, "Actual Min Total Time": 0.052, "Actual Max Total Time": 0.052, "Actual Total Rows": 1, "Max Hash Buckets": 32768, "Min Hash Buckets": 32768, "Max Hash Batches": 1, "Min Hash Batches": 1, "Max Original Hash Batches": 1, "Min Original Hash Batches": 1, "Max Peak Memory Usage": 1, "min Peak Memory Usage": 1, "Plans": [{"Node Type": "Seq Scan", "Parent Relationship": "Outer", "Relation Name": "nation", "Alias": "nation", "Startup Cost": 0.0, "Total Cost": 1.31, "Plan Rows": 1, "Plan Width": 4, "Actual Min Startup Time": 0.029, "Actual Max Startup Time": 0.029, "Actual Min Total Time": 0.035, "Actual Max Total Time": 0.035, "Actual Total Rows": 1, "Filter": "(n_name = 'EGYPT'::bpchar)", "Rows Removed by Filter": 24}]}]}]}]}]}]}, {"Node Type": "Index Scan", "Parent Relationship": "Inner", "Scan Direction": "Forward", "Index Name": "idx_lineitem_orderkey", "Relation Name": "lineitem", "Alias": "l3", "Startup Cost": 0.0, "Total Cost": 1.63, "Plan Rows": 3, "Plan Width": 16, "Actual Min Startup Time": 9862.102, "Actual Max Startup Time": 9862.102, "Actual Min Total Time": 9862.102, "Actual Max Total Time": 9862.102, "Actual Total Rows": 1375914, "Index Cond": "(l_orderkey = l1.l_orderkey)", "Rows Removed by Index Recheck": 0, "Filter": "((l_receiptdate > l_commitdate) AND (l_suppkey <> l1.l_suppkey))", "Rows Removed by Filter": 1348115}]}, {"Node Type": "Index Scan", "Parent Relationship": "Inner", "Scan Direction": "Forward", "Index Name": "idx_lineitem_orderkey", "Relation Name": "lineitem", "Alias": "l2", "Startup Cost": 0.0, "Total Cost": 1.63, "Plan Rows": 9, "Plan Width": 16, "Actual Min Startup Time": 499.737, "Actual Max Startup Time": 499.737, "Actual Min Total Time": 499.737, "Actual Max Total Time": 499.737, "Actual Total Rows": 80537, "Index Cond": "(l_orderkey = l1.l_orderkey)", "Rows Removed by Index Recheck": 0, "Filter": "(l_suppkey <> l1.l_suppkey)", "Rows Removed by Filter": 85912}]}, {"Node Type": "Index Scan", "Parent Relationship": "Inner", "Scan Direction": "Forward", "Index Name": "orders_pkey", "Relation Name": "orders", "Alias": "orders", "Startup Cost": 0.0, "Total Cost": 0.97, "Plan Rows": 1, "Plan Width": 8, "Actual Min Startup Time": 584.577, "Actual Max Startup Time": 584.577, "Actual Min Total Time": 584.577, "Actual Max Total Time": 584.577, "Actual Total Rows": 39445, "Index Cond": "(o_orderkey = l2.l_orderkey)", "Rows Removed by Index Recheck": 0, "Filter": "(o_orderstatus = 'F'::bpchar)", "Rows Removed by Filter": 41092}]}]}]}]}, "Triggers": [], "Planner Runtime": 14.895, "Total Runtime": 13661.622, "Unique SQL Id": 3870093320}}, "(64, 105)": {"explain_plan": {"Plan": {"Node Type": "Limit", "Startup Cost": 2849947.01, "Total Cost": 2849947.26, "Plan Rows": 100, "Plan Width": 34, "Plans": [{"Node Type": "Sort", "Parent Relationship": "Outer", "Startup Cost": 2849947.01, "Total Cost": 2849969.94, "Plan Rows": 100, "Plan Width": 34, "Sort Key": ["(count(*)) DESC", "supplier.s_name"], "Plans": [{"Node Type": "Aggregate", "Strategy": "Hashed", "Parent Relationship": "Outer", "Startup Cost": 2849504.74, "Total Cost": 2849596.46, "Plan Rows": 9172, "Plan Width": 34, "Group By Key": ["supplier.s_name"], "Plans": [{"Node Type": "Nested Loop", "Parent Relationship": "Outer", "Join Type": "Inner", "Startup Cost": 73970.29, "Total Cost": 2849458.88, "Plan Rows": 9172, "Plan Width": 26, "Inner Unique": true, "Join Filter": "(l1.l_orderkey = orders.o_orderkey)", "Plans": [{"Node Type": "Nested Loop", "Parent Relationship": "Outer", "Join Type": "Semi", "Startup Cost": 73970.29, "Total Cost": 2842358.51, "Plan Rows": 7254, "Plan Width": 42, "Inner Unique": false, "Plans": [{"Node Type": "Nested Loop", "Parent Relationship": "Outer", "Join Type": "Anti", "Startup Cost": 73970.29, "Total Cost": 2840502.95, "Plan Rows": 7635, "Plan Width": 42, "Inner Unique": false, "Plans": [{"Node Type": "Streaming(type: LOCAL GATHER dop: 1/64)", "Parent Relationship": "Outer", "Startup Cost": 73970.29, "Total Cost": 2793315.73, "Plan Rows": 152707, "Plan Width": 42, "Plans": [{"Node Type": "Hash Join", "Parent Relationship": "Outer", "Join Type": "Inner", "Startup Cost": 73970.29, "Total Cost": 2790165.4, "Plan Rows": 152707, "Plan Width": 42, "Inner Unique": false, "Hash Cond": "(l1.l_suppkey = supplier.s_suppkey), (LLVM Optimized)", "Plans": [{"Node Type": "Index Scan", "Parent Relationship": "Outer", "Scan Direction": "Forward", "Index Name": "idx_lineitem_orderkey", "Relation Name": "lineitem", "Alias": "l1", "Startup Cost": 0.0, "Total Cost": 2714999.63, "Plan Rows": 19995678, "Plan Width": 16, "Filter": "(l_receiptdate > l_commitdate), (LLVM Optimized)"}, {"Node Type": "Hash", "Parent Relationship": "Inner", "Startup Cost": 73920.29, "Total Cost": 73920.29, "Plan Rows": 256000, "Plan Width": 34, "Plans": [{"Node Type": "Streaming(type: BROADCAST dop: 64/1)", "Parent Relationship": "Outer", "Startup Cost": 12.7, "Total Cost": 73920.29, "Plan Rows": 256000, "Plan Width": 34, "Plans": [{"Node Type": "Hash Join", "Parent Relationship": "Outer", "Join Type": "Inner", "Startup Cost": 12.7, "Total Cost": 5639.04, "Plan Rows": 4000, "Plan Width": 34, "Inner Unique": true, "Hash Cond": "(supplier.s_nationkey = nation.n_nationkey)", "Plans": [{"Node Type": "Index Scan", "Parent Relationship": "Outer", "Scan Direction": "Forward", "Index Name": "supplier_pkey", "Relation Name": "supplier", "Alias": "supplier", "Startup Cost": 0.0, "Total Cost": 5335.71, "Plan Rows": 100000, "Plan Width": 38}, {"Node Type": "Hash", "Parent Relationship": "Inner", "Startup Cost": 12.69, "Total Cost": 12.69, "Plan Rows": 1, "Plan Width": 4, "Plans": [{"Node Type": "Index Scan", "Parent Relationship": "Outer", "Scan Direction": "Forward", "Index Name": "nation_pkey", "Relation Name": "nation", "Alias": "nation", "Startup Cost": 0.0, "Total Cost": 12.69, "Plan Rows": 1, "Plan Width": 4, "Filter": "(n_name = 'EGYPT'::bpchar)"}]}]}]}]}]}]}, {"Node Type": "Index Scan", "Parent Relationship": "Inner", "Scan Direction": "Forward", "Index Name": "idx_lineitem_orderkey", "Relation Name": "lineitem", "Alias": "l3", "Startup Cost": 0.0, "Total Cost": 1.63, "Plan Rows": 3, "Plan Width": 16, "Index Cond": "(l_orderkey = l1.l_orderkey)", "Filter": "((l_receiptdate > l_commitdate) AND (l_suppkey <> l1.l_suppkey))"}]}, {"Node Type": "Index Scan", "Parent Relationship": "Inner", "Scan Direction": "Forward", "Index Name": "idx_lineitem_orderkey", "Relation Name": "lineitem", "Alias": "l2", "Startup Cost": 0.0, "Total Cost": 1.63, "Plan Rows": 9, "Plan Width": 16, "Index Cond": "(l_orderkey = l1.l_orderkey)", "Filter": "(l_suppkey <> l1.l_suppkey)"}]}, {"Node Type": "Index Scan", "Parent Relationship": "Inner", "Scan Direction": "Forward", "Index Name": "orders_pkey", "Relation Name": "orders", "Alias": "orders", "Startup Cost": 0.0, "Total Cost": 0.97, "Plan Rows": 1, "Plan Width": 8, "Index Cond": "(o_orderkey = l2.l_orderkey)", "Filter": "(o_orderstatus = 'F'::bpchar)"}]}]}]}]}, "Unique SQL Id": 3870093320}, "explain_analyze_plan": {"Plan": {"Node Type": "Limit", "Startup Cost": 2849947.01, "Total Cost": 2849947.26, "Plan Rows": 100, "Plan Width": 34, "Actual Min Startup Time": 13508.662, "Actual Max Startup Time": 13508.662, "Actual Min Total Time": 13508.68, "Actual Max Total Time": 13508.68, "Actual Total Rows": 100, "Plans": [{"Node Type": "Sort", "Parent Relationship": "Outer", "Startup Cost": 2849947.01, "Total Cost": 2849969.94, "Plan Rows": 100, "Plan Width": 34, "Actual Min Startup Time": 13508.659, "Actual Max Startup Time": 13508.659, "Actual Min Total Time": 13508.666, "Actual Max Total Time": 13508.666, "Actual Total Rows": 100, "Sort Key": ["(count(*)) DESC", "supplier.s_name"], "Sort Method": "top-N heapsort", "Sort Space Min Used": 41, "Sort Space Max Used": 41, "Sort Space Type": "Memory", "Plans": [{"Node Type": "Aggregate", "Strategy": "Hashed", "Parent Relationship": "Outer", "Startup Cost": 2849504.74, "Total Cost": 2849596.46, "Plan Rows": 9172, "Plan Width": 34, "Actual Min Startup Time": 13505.048, "Actual Max Startup Time": 13505.048, "Actual Min Total Time": 13506.352, "Actual Max Total Time": 13506.352, "Actual Total Rows": 3981, "Group By Key": ["supplier.s_name"], "Plans": [{"Node Type": "Nested Loop", "Parent Relationship": "Outer", "Join Type": "Inner", "Startup Cost": 73970.29, "Total Cost": 2849458.88, "Plan Rows": 9172, "Plan Width": 26, "Actual Min Startup Time": 866.952, "Actual Max Startup Time": 866.952, "Actual Min Total Time": 13452.829, "Actual Max Total Time": 13452.829, "Actual Total Rows": 39445, "Inner Unique": true, "Join Filter": "(l1.l_orderkey = orders.o_orderkey)", "Rows Removed by Join Filter": 0, "Plans": [{"Node Type": "Nested Loop", "Parent Relationship": "Outer", "Join Type": "Semi", "Startup Cost": 73970.29, "Total Cost": 2842358.51, "Plan Rows": 7254, "Plan Width": 42, "Actual Min Startup Time": 866.923, "Actual Max Startup Time": 866.923, "Actual Min Total Time": 12841.457, "Actual Max Total Time": 12841.457, "Actual Total Rows": 80537, "Inner Unique": false, "Plans": [{"Node Type": "Nested Loop", "Parent Relationship": "Outer", "Join Type": "Anti", "Startup Cost": 73970.29, "Total Cost": 2840502.95, "Plan Rows": 7635, "Plan Width": 42, "Actual Min Startup Time": 866.522, "Actual Max Startup Time": 866.522, "Actual Min Total Time": 12248.776, "Actual Max Total Time": 12248.776, "Actual Total Rows": 135110, "Inner Unique": false, "Plans": [{"Node Type": "Streaming(type: LOCAL GATHER dop: 1/64)", "Parent Relationship": "Outer", "Startup Cost": 73970.29, "Total Cost": 2793315.73, "Plan Rows": 152707, "Plan Width": 42, "Actual Min Startup Time": 866.275, "Actual Max Startup Time": 866.275, "Actual Min Total Time": 1637.063, "Actual Max Total Time": 1637.063, "Actual Total Rows": 1511024, "Plans": [{"Node Type": "Hash Join", "Parent Relationship": "Outer", "Join Type": "Inner", "Startup Cost": 73970.29, "Total Cost": 2790165.4, "Plan Rows": 152707, "Plan Width": 42, "Actual Min Startup Time": 656.699, "Actual Max Startup Time": 791.999, "Actual Min Total Time": 1464.928, "Actual Max Total Time": 1710.32, "Actual Total Rows": 1511024, "Inner Unique": false, "Hash Cond": "(l1.l_suppkey = supplier.s_suppkey), (LLVM Optimized, Jit Execute)", "Plans": [{"Node Type": "Index Scan", "Parent Relationship": "Outer", "Scan Direction": "Forward", "Index Name": "idx_lineitem_orderkey", "Relation Name": "lineitem", "Alias": "l1", "Startup Cost": 0.0, "Total Cost": 2714999.63, "Plan Rows": 19995678, "Plan Width": 16, "Actual Min Startup Time": 456.81, "Actual Max Startup Time": 457.425, "Actual Min Total Time": 1109.899, "Actual Max Total Time": 1280.547, "Actual Total Rows": 37929348, "Filter": "(l_receiptdate > l_commitdate), (LLVM Optimized, Jit Execute)", "Rows Removed by Filter": 22056704}, {"Node Type": "Hash", "Parent Relationship": "Inner", "Startup Cost": 73920.29, "Total Cost": 73920.29, "Plan Rows": 256000, "Plan Width": 34, "Actual Min Startup Time": 199.503, "Actual Max Startup Time": 334.947, "Actual Min Total Time": 199.503, "Actual Max Total Time": 334.947, "Actual Total Rows": 254784, "Max Hash Buckets": 32768, "Min Hash Buckets": 32768, "Max Hash Batches": 1, "Min Hash Batches": 1, "Max Original Hash Batches": 1, "Min Original Hash Batches": 1, "Max Peak Memory Usage": 280, "min Peak Memory Usage": 280, "Plans": [{"Node Type": "Streaming(type: BROADCAST dop: 64/1)", "Parent Relationship": "Outer", "Startup Cost": 12.7, "Total Cost": 73920.29, "Plan Rows": 256000, "Plan Width": 34, "Actual Min Startup Time": 0.028, "Actual Max Startup Time": 30.459, "Actual Min Total Time": 198.406, "Actual Max Total Time": 333.648, "Actual Total Rows": 254784, "Plans": [{"Node Type": "Hash Join", "Parent Relationship": "Outer", "Join Type": "Inner", "Startup Cost": 12.7, "Total Cost": 5639.04, "Plan Rows": 4000, "Plan Width": 34, "Actual Min Startup Time": 0.261, "Actual Max Startup Time": 0.261, "Actual Min Total Time": 73.364, "Actual Max Total Time": 73.364, "Actual Total Rows": 3981, "Inner Unique": true, "Hash Cond": "(supplier.s_nationkey = nation.n_nationkey)", "Plans": [{"Node Type": "Index Scan", "Parent Relationship": "Outer", "Scan Direction": "Forward", "Index Name": "supplier_pkey", "Relation Name": "supplier", "Alias": "supplier", "Startup Cost": 0.0, "Total Cost": 5335.71, "Plan Rows": 100000, "Plan Width": 38, "Actual Min Startup Time": 0.048, "Actual Max Startup Time": 0.048, "Actual Min Total Time": 53.248, "Actual Max Total Time": 53.248, "Actual Total Rows": 100000}, {"Node Type": "Hash", "Parent Relationship": "Inner", "Startup Cost": 12.69, "Total Cost": 12.69, "Plan Rows": 1, "Plan Width": 4, "Actual Min Startup Time": 0.066, "Actual Max Startup Time": 0.066, "Actual Min Total Time": 0.066, "Actual Max Total Time": 0.066, "Actual Total Rows": 1, "Max Hash Buckets": 32768, "Min Hash Buckets": 32768, "Max Hash Batches": 1, "Min Hash Batches": 1, "Max Original Hash Batches": 1, "Min Original Hash Batches": 1, "Max Peak Memory Usage": 1, "min Peak Memory Usage": 1, "Plans": [{"Node Type": "Index Scan", "Parent Relationship": "Outer", "Scan Direction": "Forward", "Index Name": "nation_pkey", "Relation Name": "nation", "Alias": "nation", "Startup Cost": 0.0, "Total Cost": 12.69, "Plan Rows": 1, "Plan Width": 4, "Actual Min Startup Time": 0.041, "Actual Max Startup Time": 0.041, "Actual Min Total Time": 0.054, "Actual Max Total Time": 0.054, "Actual Total Rows": 1, "Filter": "(n_name = 'EGYPT'::bpchar)", "Rows Removed by Filter": 24}]}]}]}]}]}]}, {"Node Type": "Index Scan", "Parent Relationship": "Inner", "Scan Direction": "Forward", "Index Name": "idx_lineitem_orderkey", "Relation Name": "lineitem", "Alias": "l3", "Startup Cost": 0.0, "Total Cost": 1.63, "Plan Rows": 3, "Plan Width": 16, "Actual Min Startup Time": 9590.99, "Actual Max Startup Time": 9590.99, "Actual Min Total Time": 9590.99, "Actual Max Total Time": 9590.99, "Actual Total Rows": 1375914, "Index Cond": "(l_orderkey = l1.l_orderkey)", "Rows Removed by Index Recheck": 0, "Filter": "((l_receiptdate > l_commitdate) AND (l_suppkey <> l1.l_suppkey))", "Rows Removed by Filter": 1348115}]}, {"Node Type": "Index Scan", "Parent Relationship": "Inner", "Scan Direction": "Forward", "Index Name": "idx_lineitem_orderkey", "Relation Name": "lineitem", "Alias": "l2", "Startup Cost": 0.0, "Total Cost": 1.63, "Plan Rows": 9, "Plan Width": 16, "Actual Min Startup Time": 498.83, "Actual Max Startup Time": 498.83, "Actual Min Total Time": 498.83, "Actual Max Total Time": 498.83, "Actual Total Rows": 80537, "Index Cond": "(l_orderkey = l1.l_orderkey)", "Rows Removed by Index Recheck": 0, "Filter": "(l_suppkey <> l1.l_suppkey)", "Rows Removed by Filter": 85912}]}, {"Node Type": "Index Scan", "Parent Relationship": "Inner", "Scan Direction": "Forward", "Index Name": "orders_pkey", "Relation Name": "orders", "Alias": "orders", "Startup Cost": 0.0, "Total Cost": 0.97, "Plan Rows": 1, "Plan Width": 8, "Actual Min Startup Time": 546.674, "Actual Max Startup Time": 546.674, "Actual Min Total Time": 546.674, "Actual Max Total Time": 546.674, "Actual Total Rows": 39445, "Index Cond": "(o_orderkey = l2.l_orderkey)", "Rows Removed by Index Recheck": 0, "Filter": "(o_orderstatus = 'F'::bpchar)", "Rows Removed by Filter": 41092}]}]}]}]}, "Triggers": [], "Planner Runtime": 13.48, "Total Runtime": 13534.765, "Unique SQL Id": 3870093320}}, "(64, 106)": {"explain_plan": {"Plan": {"Node Type": "Limit", "Startup Cost": 578585.46, "Total Cost": 578585.71, "Plan Rows": 100, "Plan Width": 34, "Plans": [{"Node Type": "Sort", "Parent Relationship": "Outer", "Startup Cost": 578585.46, "Total Cost": 578585.71, "Plan Rows": 100, "Plan Width": 34, "Sort Key": ["(count(*)) DESC", "supplier.s_name"], "Plans": [{"Node Type": "Streaming(type: LOCAL GATHER dop: 1/64)", "Parent Relationship": "Outer", "Startup Cost": 578581.34, "Total Cost": 578582.13, "Plan Rows": 100, "Plan Width": 34, "Plans": [{"Node Type": "Limit", "Parent Relationship": "Outer", "Startup Cost": 578581.34, "Total Cost": 578581.59, "Plan Rows": 100, "Plan Width": 34, "Plans": [{"Node Type": "Sort", "Parent Relationship": "Outer", "Startup Cost": 578581.34, "Total Cost": 578604.27, "Plan Rows": 100, "Plan Width": 34, "Sort Key": ["(count(*)) DESC", "supplier.s_name"], "Plans": [{"Node Type": "Aggregate", "Strategy": "Hashed", "Parent Relationship": "Outer", "Startup Cost": 578229.36, "Total Cost": 578230.79, "Plan Rows": 9172, "Plan Width": 34, "Group By Key": ["supplier.s_name"], "Plans": [{"Node Type": "Streaming(type: LOCAL REDISTRIBUTE dop: 64/64)", "Parent Relationship": "Outer", "Startup Cost": 283866.77, "Total Cost": 578228.64, "Plan Rows": 9172, "Plan Width": 26, "Plans": [{"Node Type": "Hash Join", "Parent Relationship": "Outer", "Join Type": "Semi", "Startup Cost": 283866.77, "Total Cost": 577928.76, "Plan Rows": 9172, "Plan Width": 26, "Inner Unique": false, "Hash Cond": "(orders.o_orderkey = l2.l_orderkey)", "Join Filter": "(l2.l_suppkey <> l1.l_suppkey)", "Plans": [{"Node Type": "Streaming(type: LOCAL REDISTRIBUTE dop: 64/64)", "Parent Relationship": "Outer", "Startup Cost": 218573.09, "Total Cost": 512631.13, "Plan Rows": 9655, "Plan Width": 50, "Plans": [{"Node Type": "Hash Join", "Parent Relationship": "Outer", "Join Type": "Anti", "Startup Cost": 218573.09, "Total Cost": 449621.98, "Plan Rows": 9655, "Plan Width": 50, "Inner Unique": false, "Hash Cond": "(l1.l_orderkey = l3.l_orderkey)", "Join Filter": "(l3.l_suppkey <> l1.l_suppkey)", "Plans": [{"Node Type": "Streaming(type: LOCAL REDISTRIBUTE dop: 64/64)", "Parent Relationship": "Outer", "Startup Cost": 143588.19, "Total Cost": 374602.56, "Plan Rows": 193099, "Plan Width": 50, "Plans": [{"Node Type": "Hash Join", "Parent Relationship": "Outer", "Join Type": "Inner", "Startup Cost": 143588.19, "Total Cost": 311419.64, "Plan Rows": 193099, "Plan Width": 50, "Inner Unique": true, "Hash Cond": "(l1.l_orderkey = orders.o_orderkey), (LLVM Optimized)", "Plans": [{"Node Type": "Streaming(type: BROADCAST dop: 64/64)", "Parent Relationship": "Outer", "Startup Cost": 71906.2, "Total Cost": 239134.82, "Plan Rows": 9773248, "Plan Width": 42, "Plans": [{"Node Type": "Hash Join", "Parent Relationship": "Outer", "Join Type": "Inner", "Startup Cost": 71906.2, "Total Cost": 169931.1, "Plan Rows": 152707, "Plan Width": 42, "Inner Unique": false, "Hash Cond": "(l1.l_suppkey = supplier.s_suppkey), (LLVM Optimized)", "Plans": [{"Node Type": "Seq Scan", "Parent Relationship": "Outer", "Relation Name": "lineitem", "Alias": "l1", "Startup Cost": 0.0, "Total Cost": 96829.42, "Plan Rows": 19995678, "Plan Width": 16, "Filter": "(l_receiptdate > l_commitdate), (LLVM Optimized)"}, {"Node Type": "Hash", "Parent Relationship": "Inner", "Startup Cost": 71856.2, "Total Cost": 71856.2, "Plan Rows": 256000, "Plan Width": 34, "Plans": [{"Node Type": "Streaming(type: BROADCAST dop: 64/1)", "Parent Relationship": "Outer", "Startup Cost": 1.32, "Total Cost": 71856.2, "Plan Rows": 256000, "Plan Width": 34, "Plans": [{"Node Type": "Hash Join", "Parent Relationship": "Outer", "Join Type": "Inner", "Startup Cost": 1.32, "Total Cost": 3574.95, "Plan Rows": 4000, "Plan Width": 34, "Inner Unique": true, "Hash Cond": "(supplier.s_nationkey = nation.n_nationkey)", "Plans": [{"Node Type": "Seq Scan", "Parent Relationship": "Outer", "Relation Name": "supplier", "Alias": "supplier", "Startup Cost": 0.0, "Total Cost": 3283.0, "Plan Rows": 100000, "Plan Width": 38}, {"Node Type": "Hash", "Parent Relationship": "Inner", "Startup Cost": 1.31, "Total Cost": 1.31, "Plan Rows": 1, "Plan Width": 4, "Plans": [{"Node Type": "Seq Scan", "Parent Relationship": "Outer", "Relation Name": "nation", "Alias": "nation", "Startup Cost": 0.0, "Total Cost": 1.31, "Plan Rows": 1, "Plan Width": 4, "Filter": "(n_name = 'EGYPT'::bpchar)"}]}]}]}]}]}]}, {"Node Type": "Hash", "Parent Relationship": "Inner", "Startup Cost": 70248.63, "Total Cost": 70248.63, "Plan Rows": 7338812, "Plan Width": 8, "Plans": [{"Node Type": "Seq Scan", "Parent Relationship": "Outer", "Relation Name": "orders", "Alias": "orders", "Startup Cost": 0.0, "Total Cost": 70248.63, "Plan Rows": 7338812, "Plan Width": 8, "Filter": "(o_orderstatus = 'F'::bpchar), (LLVM Optimized)"}]}]}]}, {"Node Type": "Hash", "Parent Relationship": "Inner", "Startup Cost": 178770.64, "Total Cost": 178770.64, "Plan Rows": 19995678, "Plan Width": 16, "Plans": [{"Node Type": "Streaming(type: LOCAL REDISTRIBUTE dop: 64/64)", "Parent Relationship": "Outer", "Startup Cost": 0.0, "Total Cost": 178770.64, "Plan Rows": 19995678, "Plan Width": 16, "Plans": [{"Node Type": "Seq Scan", "Parent Relationship": "Outer", "Relation Name": "lineitem", "Alias": "l3", "Startup Cost": 0.0, "Total Cost": 96829.42, "Plan Rows": 19995678, "Plan Width": 16, "Filter": "(l_receiptdate > l_commitdate), (LLVM Optimized)"}]}]}]}]}, {"Node Type": "Hash", "Parent Relationship": "Inner", "Startup Cost": 214309.83, "Total Cost": 214309.83, "Plan Rows": 59987033, "Plan Width": 16, "Plans": [{"Node Type": "Streaming(type: LOCAL REDISTRIBUTE dop: 64/64)", "Parent Relationship": "Outer", "Startup Cost": 0.0, "Total Cost": 214309.83, "Plan Rows": 59987033, "Plan Width": 16, "Plans": [{"Node Type": "Seq Scan", "Parent Relationship": "Outer", "Relation Name": "lineitem", "Alias": "l2", "Startup Cost": 0.0, "Total Cost": 94486.18, "Plan Rows": 59987033, "Plan Width": 16}]}]}]}]}]}]}]}]}]}]}, "Unique SQL Id": 3870093320}, "explain_analyze_plan": {"Plan": {"Node Type": "Limit", "Startup Cost": 578585.46, "Total Cost": 578585.71, "Plan Rows": 100, "Plan Width": 34, "Actual Min Startup Time": 7798.992, "Actual Max Startup Time": 7798.992, "Actual Min Total Time": 7799.011, "Actual Max Total Time": 7799.011, "Actual Total Rows": 100, "Plans": [{"Node Type": "Sort", "Parent Relationship": "Outer", "Startup Cost": 578585.46, "Total Cost": 578585.71, "Plan Rows": 100, "Plan Width": 34, "Actual Min Startup Time": 7798.99, "Actual Max Startup Time": 7798.99, "Actual Min Total Time": 7798.999, "Actual Max Total Time": 7798.999, "Actual Total Rows": 100, "Sort Key": ["(count(*)) DESC", "supplier.s_name"], "Sort Method": "top-N heapsort", "Sort Space Min Used": 40, "Sort Space Max Used": 40, "Sort Space Type": "Memory", "Plans": [{"Node Type": "Streaming(type: LOCAL GATHER dop: 1/64)", "Parent Relationship": "Outer", "Startup Cost": 578581.34, "Total Cost": 578582.13, "Plan Rows": 100, "Plan Width": 34, "Actual Min Startup Time": 7795.542, "Actual Max Startup Time": 7795.542, "Actual Min Total Time": 7797.214, "Actual Max Total Time": 7797.214, "Actual Total Rows": 3981, "Plans": [{"Node Type": "Limit", "Parent Relationship": "Outer", "Startup Cost": 578581.34, "Total Cost": 578581.59, "Plan Rows": 100, "Plan Width": 34, "Actual Min Startup Time": 6914.12, "Actual Max Startup Time": 7225.363, "Actual Min Total Time": 6914.135, "Actual Max Total Time": 7225.378, "Actual Total Rows": 3981, "Plans": [{"Node Type": "Sort", "Parent Relationship": "Outer", "Startup Cost": 578581.34, "Total Cost": 578604.27, "Plan Rows": 100, "Plan Width": 34, "Actual Min Startup Time": 6914.118, "Actual Max Startup Time": 7225.36, "Actual Min Total Time": 6914.124, "Actual Max Total Time": 7225.366, "Actual Total Rows": 3981, "Sort Key": ["(count(*)) DESC", "supplier.s_name"], "Sort Method": "quicksort", "Sort Space Min Used": 30, "Sort Space Max Used": 30, "Sort Space Type": "Memory", "Plans": [{"Node Type": "Aggregate", "Strategy": "Hashed", "Parent Relationship": "Outer", "Startup Cost": 578229.36, "Total Cost": 578230.79, "Plan Rows": 9172, "Plan Width": 34, "Actual Min Startup Time": 6913.969, "Actual Max Startup Time": 7225.239, "Actual Min Total Time": 6913.985, "Actual Max Total Time": 7225.255, "Actual Total Rows": 3981, "Group By Key": ["supplier.s_name"], "Plans": [{"Node Type": "Streaming(type: LOCAL REDISTRIBUTE dop: 64/64)", "Parent Relationship": "Outer", "Startup Cost": 283866.77, "Total Cost": 578228.64, "Plan Rows": 9172, "Plan Width": 26, "Actual Min Startup Time": 6903.606, "Actual Max Startup Time": 7214.281, "Actual Min Total Time": 6913.639, "Actual Max Total Time": 7224.957, "Actual Total Rows": 39445, "Plans": [{"Node Type": "Hash Join", "Parent Relationship": "Outer", "Join Type": "Semi", "Startup Cost": 283866.77, "Total Cost": 577928.76, "Plan Rows": 9172, "Plan Width": 26, "Actual Min Startup Time": 4907.149, "Actual Max Startup Time": 5234.279, "Actual Min Total Time": 6846.486, "Actual Max Total Time": 7183.522, "Actual Total Rows": 39445, "Inner Unique": false, "Hash Cond": "(orders.o_orderkey = l2.l_orderkey)", "Join Filter": "(l2.l_suppkey <> l1.l_suppkey)", "Rows Removed by Join Filter": 42084, "Plans": [{"Node Type": "Streaming(type: LOCAL REDISTRIBUTE dop: 64/64)", "Parent Relationship": "Outer", "Startup Cost": 218573.09, "Total Cost": 512631.13, "Plan Rows": 9655, "Plan Width": 50, "Actual Min Startup Time": 0.365, "Actual Max Startup Time": 157.652, "Actual Min Total Time": 1996.222, "Actual Max Total Time": 2003.415, "Actual Total Rows": 66116, "Plans": [{"Node Type": "Hash Join", "Parent Relationship": "Outer", "Join Type": "Anti", "Startup Cost": 218573.09, "Total Cost": 449621.98, "Plan Rows": 9655, "Plan Width": 50, "Actual Min Startup Time": 4389.144, "Actual Max Startup Time": 5088.636, "Actual Min Total Time": 6830.133, "Actual Max Total Time": 7215.882, "Actual Total Rows": 66116, "Inner Unique": false, "Hash Cond": "(l1.l_orderkey = l3.l_orderkey)", "Join Filter": "(l3.l_suppkey <> l1.l_suppkey)", "Rows Removed by Join Filter": 265448, "Plans": [{"Node Type": "Streaming(type: LOCAL REDISTRIBUTE dop: 64/64)", "Parent Relationship": "Outer", "Startup Cost": 143588.19, "Total Cost": 374602.56, "Plan Rows": 193099, "Plan Width": 50, "Actual Min Startup Time": 2.686, "Actual Max Startup Time": 468.345, "Actual Min Total Time": 2388.81, "Actual Max Total Time": 2494.526, "Actual Total Rows": 729618, "Plans": [{"Node Type": "Hash Join", "Parent Relationship": "Outer", "Join Type": "Inner", "Startup Cost": 143588.19, "Total Cost": 311419.64, "Plan Rows": 193099, "Plan Width": 50, "Actual Min Startup Time": 328.031, "Actual Max Startup Time": 857.405, "Actual Min Total Time": 5000.369, "Actual Max Total Time": 7075.369, "Actual Total Rows": 729618, "Inner Unique": true, "Hash Cond": "(l1.l_orderkey = orders.o_orderkey), (LLVM Optimized, Jit Execute)", "Plans": [{"Node Type": "Streaming(type: BROADCAST dop: 64/64)", "Parent Relationship": "Outer", "Startup Cost": 71906.2, "Total Cost": 239134.82, "Plan Rows": 9773248, "Plan Width": 42, "Actual Min Startup Time": 137.356, "Actual Max Startup Time": 642.151, "Actual Min Total Time": 3765.372, "Actual Max Total Time": 6059.609, "Actual Total Rows": 96705536, "Plans": [{"Node Type": "Hash Join", "Parent Relationship": "Outer", "Join Type": "Inner", "Startup Cost": 71906.2, "Total Cost": 169931.1, "Plan Rows": 152707, "Plan Width": 42, "Actual Min Startup Time": 317.736, "Actual Max Startup Time": 738.731, "Actual Min Total Time": 1030.246, "Actual Max Total Time": 1547.909, "Actual Total Rows": 1511024, "Inner Unique": false, "Hash Cond": "(l1.l_suppkey = supplier.s_suppkey), (LLVM Optimized, Jit Execute)", "Plans": [{"Node Type": "Seq Scan", "Parent Relationship": "Outer", "Relation Name": "lineitem", "Alias": "l1", "Startup Cost": 0.0, "Total Cost": 96829.42, "Plan Rows": 19995678, "Plan Width": 16, "Actual Min Startup Time": 0.028, "Actual Max Startup Time": 0.097, "Actual Min Total Time": 423.343, "Actual Max Total Time": 569.448, "Actual Total Rows": 37929348, "Filter": "(l_receiptdate > l_commitdate), (LLVM Optimized, Jit Execute)", "Rows Removed by Filter": 22056704}, {"Node Type": "Hash", "Parent Relationship": "Inner", "Startup Cost": 71856.2, "Total Cost": 71856.2, "Plan Rows": 256000, "Plan Width": 34, "Actual Min Startup Time": 317.536, "Actual Max Startup Time": 738.616, "Actual Min Total Time": 317.536, "Actual Max Total Time": 738.616, "Actual Total Rows": 254784, "Max Hash Buckets": 32768, "Min Hash Buckets": 32768, "Max Hash Batches": 1, "Min Hash Batches": 1, "Max Original Hash Batches": 1, "Min Original Hash Batches": 1, "Max Peak Memory Usage": 280, "min Peak Memory Usage": 280, "Plans": [{"Node Type": "Streaming(type: BROADCAST dop: 64/1)", "Parent Relationship": "Outer", "Startup Cost": 1.32, "Total Cost": 71856.2, "Plan Rows": 256000, "Plan Width": 34, "Actual Min Startup Time": 0.037, "Actual Max Startup Time": 184.922, "Actual Min Total Time": 314.151, "Actual Max Total Time": 736.27, "Actual Total Rows": 254784, "Plans": [{"Node Type": "Hash Join", "Parent Relationship": "Outer", "Join Type": "Inner", "Startup Cost": 1.32, "Total Cost": 3574.95, "Plan Rows": 4000, "Plan Width": 34, "Actual Min Startup Time": 0.167, "Actual Max Startup Time": 0.167, "Actual Min Total Time": 52.587, "Actual Max Total Time": 52.587, "Actual Total Rows": 3981, "Inner Unique": true, "Hash Cond": "(supplier.s_nationkey = nation.n_nationkey)", "Plans": [{"Node Type": "Seq Scan", "Parent Relationship": "Outer", "Relation Name": "supplier", "Alias": "supplier", "Startup Cost": 0.0, "Total Cost": 3283.0, "Plan Rows": 100000, "Plan Width": 38, "Actual Min Startup Time": 0.022, "Actual Max Startup Time": 0.022, "Actual Min Total Time": 31.994, "Actual Max Total Time": 31.994, "Actual Total Rows": 100000}, {"Node Type": "Hash", "Parent Relationship": "Inner", "Startup Cost": 1.31, "Total Cost": 1.31, "Plan Rows": 1, "Plan Width": 4, "Actual Min Startup Time": 0.06, "Actual Max Startup Time": 0.06, "Actual Min Total Time": 0.06, "Actual Max Total Time": 0.06, "Actual Total Rows": 1, "Max Hash Buckets": 32768, "Min Hash Buckets": 32768, "Max Hash Batches": 1, "Min Hash Batches": 1, "Max Original Hash Batches": 1, "Min Original Hash Batches": 1, "Max Peak Memory Usage": 1, "min Peak Memory Usage": 1, "Plans": [{"Node Type": "Seq Scan", "Parent Relationship": "Outer", "Relation Name": "nation", "Alias": "nation", "Startup Cost": 0.0, "Total Cost": 1.31, "Plan Rows": 1, "Plan Width": 4, "Actual Min Startup Time": 0.037, "Actual Max Startup Time": 0.037, "Actual Min Total Time": 0.044, "Actual Max Total Time": 0.044, "Actual Total Rows": 1, "Filter": "(n_name = 'EGYPT'::bpchar)", "Rows Removed by Filter": 24}]}]}]}]}]}]}, {"Node Type": "Hash", "Parent Relationship": "Inner", "Startup Cost": 70248.63, "Total Cost": 70248.63, "Plan Rows": 7338812, "Plan Width": 8, "Actual Min Startup Time": 132.867, "Actual Max Startup Time": 282.379, "Actual Min Total Time": 132.867, "Actual Max Total Time": 282.379, "Actual Total Rows": 7309184, "Max Hash Buckets": 131072, "Min Hash Buckets": 131072, "Max Hash Batches": 1, "Min Hash Batches": 1, "Max Original Hash Batches": 1, "Min Original Hash Batches": 1, "Max Peak Memory Usage": 4542, "min Peak Memory Usage": 4542, "Plans": [{"Node Type": "Seq Scan", "Parent Relationship": "Outer", "Relation Name": "orders", "Alias": "orders", "Startup Cost": 0.0, "Total Cost": 70248.63, "Plan Rows": 7338812, "Plan Width": 8, "Actual Min Startup Time": 0.028, "Actual Max Startup Time": 3.642, "Actual Min Total Time": 100.735, "Actual Max Total Time": 125.655, "Actual Total Rows": 7309184, "Filter": "(o_orderstatus = 'F'::bpchar), (LLVM Optimized, Jit Execute)", "Rows Removed by Filter": 7690816}]}]}]}, {"Node Type": "Hash", "Parent Relationship": "Inner", "Startup Cost": 178770.64, "Total Cost": 178770.64, "Plan Rows": 19995678, "Plan Width": 16, "Actual Min Startup Time": 4321.083, "Actual Max Startup Time": 4713.711, "Actual Min Total Time": 4321.083, "Actual Max Total Time": 4713.711, "Actual Total Rows": 37929348, "Max Hash Buckets": 524288, "Min Hash Buckets": 524288, "Max Hash Batches": 1, "Min Hash Batches": 1, "Max Original Hash Batches": 1, "Min Original Hash Batches": 1, "Max Peak Memory Usage": 27746, "min Peak Memory Usage": 27746, "Plans": [{"Node Type": "Streaming(type: LOCAL REDISTRIBUTE dop: 64/64)", "Parent Relationship": "Outer", "Startup Cost": 0.0, "Total Cost": 178770.64, "Plan Rows": 19995678, "Plan Width": 16, "Actual Min Startup Time": 0.135, "Actual Max Startup Time": 269.653, "Actual Min Total Time": 4058.419, "Actual Max Total Time": 4440.43, "Actual Total Rows": 37929348, "Plans": [{"Node Type": "Seq Scan", "Parent Relationship": "Outer", "Relation Name": "lineitem", "Alias": "l3", "Startup Cost": 0.0, "Total Cost": 96829.42, "Plan Rows": 19995678, "Plan Width": 16, "Actual Min Startup Time": 0.022, "Actual Max Startup Time": 0.476, "Actual Min Total Time": 488.072, "Actual Max Total Time": 549.268, "Actual Total Rows": 37929348, "Filter": "(l_receiptdate > l_commitdate), (LLVM Optimized, Jit Execute)", "Rows Removed by Filter": 22056704}]}]}]}]}, {"Node Type": "Hash", "Parent Relationship": "Inner", "Startup Cost": 214309.83, "Total Cost": 214309.83, "Plan Rows": 59987033, "Plan Width": 16, "Actual Min Startup Time": 4828.385, "Actual Max Startup Time": 5179.776, "Actual Min Total Time": 4828.385, "Actual Max Total Time": 5179.776, "Actual Total Rows": 59986052, "Max Hash Buckets": 1048576, "Min Hash Buckets": 1048576, "Max Hash Batches": 1, "Min Hash Batches": 1, "Max Original Hash Batches": 1, "Min Original Hash Batches": 1, "Max Peak Memory Usage": 43870, "min Peak Memory Usage": 43870, "Plans": [{"Node Type": "Streaming(type: LOCAL REDISTRIBUTE dop: 64/64)", "Parent Relationship": "Outer", "Startup Cost": 0.0, "Total Cost": 214309.83, "Plan Rows": 59987033, "Plan Width": 16, "Actual Min Startup Time": 0.133, "Actual Max Startup Time": 226.909, "Actual Min Total Time": 4279.788, "Actual Max Total Time": 4800.711, "Actual Total Rows": 59986052, "Plans": [{"Node Type": "Seq Scan", "Parent Relationship": "Outer", "Relation Name": "lineitem", "Alias": "l2", "Startup Cost": 0.0, "Total Cost": 94486.18, "Plan Rows": 59987033, "Plan Width": 16, "Actual Min Startup Time": 0.013, "Actual Max Startup Time": 0.084, "Actual Min Total Time": 369.422, "Actual Max Total Time": 393.711, "Actual Total Rows": 59986052}]}]}]}]}]}]}]}]}]}]}, "Triggers": [], "Planner Runtime": 18.954, "Total Runtime": 7930.79, "Unique SQL Id": 3870093320}}, "(64, 107)": {"explain_plan": {"Plan": {"Node Type": "Limit", "Startup Cost": 6001081212565.42, "Total Cost": 6001081212565.67, "Plan Rows": 100, "Plan Width": 34, "Plans": [{"Node Type": "Sort", "Parent Relationship": "Outer", "Startup Cost": 6001081212565.42, "Total Cost": 6001081212588.35, "Plan Rows": 100, "Plan Width": 34, "Sort Key": ["(count(*)) DESC", "supplier.s_name"], "Plans": [{"Node Type": "Aggregate", "Strategy": "Hashed", "Parent Relationship": "Outer", "Startup Cost": 6001081212123.16, "Total Cost": 6001081212214.88, "Plan Rows": 9172, "Plan Width": 34, "Group By Key": ["supplier.s_name"], "Plans": [{"Node Type": "Hash Join", "Parent Relationship": "Outer", "Join Type": "Inner", "Startup Cost": 4021080228818.26, "Total Cost": 6001081212077.3, "Plan Rows": 9172, "Plan Width": 26, "Inner Unique": true, "Hash Cond": "(l1.l_orderkey = orders.o_orderkey)", "Plans": [{"Node Type": "Hash Join", "Parent Relationship": "Outer", "Join Type": "Semi", "Startup Cost": 3021003289369.86, "Total Cost": 5001004272509.96, "Plan Rows": 7254, "Plan Width": 42, "Inner Unique": false, "Hash Cond": "(l1.l_orderkey = l2.l_orderkey)", "Join Filter": "(l2.l_suppkey <> l1.l_suppkey)", "Plans": [{"Node Type": "Hash Join", "Parent Relationship": "Outer", "Join Type": "Anti", "Startup Cost": 2020678524157.45, "Total Cost": 4000679504286.55, "Plan Rows": 7635, "Plan Width": 42, "Inner Unique": false, "Hash Cond": "(l1.l_orderkey = l3.l_orderkey)", "Join Filter": "(l3.l_suppkey <> l1.l_suppkey)", "Plans": [{"Node Type": "Hash Join", "Parent Relationship": "Outer", "Join Type": "Inner", "Startup Cost": 1020339262078.72, "Total Cost": 3000340155230.49, "Plan Rows": 152707, "Plan Width": 42, "Inner Unique": false, "Hash Cond": "(supplier.s_suppkey = l1.l_suppkey), (LLVM Optimized)", "Plans": [{"Node Type": "Nested Loop", "Parent Relationship": "Outer", "Join Type": "Inner", "Startup Cost": 20000000000.0, "Total Cost": 2000000862579.69, "Plan Rows": 4000, "Plan Width": 34, "Inner Unique": false, "Plans": [{"Node Type": "Index Scan", "Parent Relationship": "Outer", "Scan Direction": "Forward", "Index Name": "nation_pkey", "Relation Name": "nation", "Alias": "nation", "Startup Cost": 10000000000.0, "Total Cost": 1000000001268.75, "Plan Rows": 1, "Plan Width": 4, "Filter": "(n_name = 'EGYPT'::bpchar)"}, {"Node Type": "Index Scan", "Parent Relationship": "Inner", "Scan Direction": "Forward", "Index Name": "idx_supplier_nation_key", "Relation Name": "supplier", "Alias": "supplier", "Startup Cost": 10000000000.0, "Total Cost": 1000000861270.94, "Plan Rows": 4000, "Plan Width": 38, "Index Cond": "(s_nationkey = nation.n_nationkey)"}]}, {"Node Type": "Hash", "Parent Relationship": "Inner", "Startup Cost": 1000339012132.75, "Total Cost": 1000339012132.75, "Plan Rows": 19995678, "Plan Width": 16, "Plans": [{"Node Type": "Index Scan", "Parent Relationship": "Outer", "Scan Direction": "Forward", "Index Name": "idx_lineitem_orderkey", "Relation Name": "lineitem", "Alias": "l1", "Startup Cost": 10000000000.0, "Total Cost": 1000339012132.75, "Plan Rows": 19995678, "Plan Width": 16, "Filter": "(l_receiptdate > l_commitdate), (LLVM Optimized)"}]}]}, {"Node Type": "Hash", "Parent Relationship": "Inner", "Startup Cost": 1000339012132.75, "Total Cost": 1000339012132.75, "Plan Rows": 19995678, "Plan Width": 16, "Plans": [{"Node Type": "Index Scan", "Parent Relationship": "Outer", "Scan Direction": "Forward", "Index Name": "idx_lineitem_orderkey", "Relation Name": "lineitem", "Alias": "l3", "Startup Cost": 10000000000.0, "Total Cost": 1000339012132.75, "Plan Rows": 19995678, "Plan Width": 16, "Filter": "(l_receiptdate > l_commitdate), (LLVM Optimized)"}]}]}, {"Node Type": "Hash", "Parent Relationship": "Inner", "Startup Cost": 1000324015374.5, "Total Cost": 1000324015374.5, "Plan Rows": 59987033, "Plan Width": 16, "Plans": [{"Node Type": "Index Scan", "Parent Relationship": "Outer", "Scan Direction": "Forward", "Index Name": "idx_lineitem_orderkey", "Relation Name": "lineitem", "Alias": "l2", "Startup Cost": 10000000000.0, "Total Cost": 1000324015374.5, "Plan Rows": 59987033, "Plan Width": 16}]}]}, {"Node Type": "Hash", "Parent Relationship": "Inner", "Startup Cost": 1000076847713.25, "Total Cost": 1000076847713.25, "Plan Rows": 7338812, "Plan Width": 8, "Plans": [{"Node Type": "Index Scan", "Parent Relationship": "Outer", "Scan Direction": "Forward", "Index Name": "orders_pkey", "Relation Name": "orders", "Alias": "orders", "Startup Cost": 10000000000.0, "Total Cost": 1000076847713.25, "Plan Rows": 7338812, "Plan Width": 8, "Filter": "(o_orderstatus = 'F'::bpchar), (LLVM Optimized)"}]}]}]}]}]}, "Unique SQL Id": 3870093320}, "explain_analyze_plan": null}, "(64, 108)": {"explain_plan": {"Plan": {"Node Type": "Limit", "Startup Cost": 229712.71, "Total Cost": 229712.96, "Plan Rows": 100, "Plan Width": 34, "Plans": [{"Node Type": "Sort", "Parent Relationship": "Outer", "Startup Cost": 229712.71, "Total Cost": 229735.64, "Plan Rows": 100, "Plan Width": 34, "Sort Key": ["(count(*)) DESC", "supplier.s_name"], "Plans": [{"Node Type": "Aggregate", "Strategy": "Hashed", "Parent Relationship": "Outer", "Startup Cost": 229270.44, "Total Cost": 229362.16, "Plan Rows": 9172, "Plan Width": 34, "Group By Key": ["supplier.s_name"], "Plans": [{"Node Type": "Nested Loop", "Parent Relationship": "Outer", "Join Type": "Inner", "Startup Cost": 71906.2, "Total Cost": 229224.58, "Plan Rows": 9172, "Plan Width": 26, "Inner Unique": true, "Join Filter": "(l1.l_orderkey = orders.o_orderkey)", "Plans": [{"Node Type": "Nested Loop", "Parent Relationship": "Outer", "Join Type": "Semi", "Startup Cost": 71906.2, "Total Cost": 222124.21, "Plan Rows": 7254, "Plan Width": 42, "Inner Unique": false, "Plans": [{"Node Type": "Nested Loop", "Parent Relationship": "Outer", "Join Type": "Anti", "Startup Cost": 71906.2, "Total Cost": 220268.65, "Plan Rows": 7635, "Plan Width": 42, "Inner Unique": false, "Plans": [{"Node Type": "Streaming(type: LOCAL GATHER dop: 1/64)", "Parent Relationship": "Outer", "Startup Cost": 71906.2, "Total Cost": 173081.43, "Plan Rows": 152707, "Plan Width": 42, "Plans": [{"Node Type": "Hash Join", "Parent Relationship": "Outer", "Join Type": "Inner", "Startup Cost": 71906.2, "Total Cost": 169931.1, "Plan Rows": 152707, "Plan Width": 42, "Inner Unique": false, "Hash Cond": "(l1.l_suppkey = supplier.s_suppkey), (LLVM Optimized)", "Plans": [{"Node Type": "Seq Scan", "Parent Relationship": "Outer", "Relation Name": "lineitem", "Alias": "l1", "Startup Cost": 0.0, "Total Cost": 96829.42, "Plan Rows": 19995678, "Plan Width": 16, "Filter": "(l_receiptdate > l_commitdate), (LLVM Optimized)"}, {"Node Type": "Hash", "Parent Relationship": "Inner", "Startup Cost": 71856.2, "Total Cost": 71856.2, "Plan Rows": 256000, "Plan Width": 34, "Plans": [{"Node Type": "Streaming(type: BROADCAST dop: 64/1)", "Parent Relationship": "Outer", "Startup Cost": 1.32, "Total Cost": 71856.2, "Plan Rows": 256000, "Plan Width": 34, "Plans": [{"Node Type": "Hash Join", "Parent Relationship": "Outer", "Join Type": "Inner", "Startup Cost": 1.32, "Total Cost": 3574.95, "Plan Rows": 4000, "Plan Width": 34, "Inner Unique": true, "Hash Cond": "(supplier.s_nationkey = nation.n_nationkey)", "Plans": [{"Node Type": "Seq Scan", "Parent Relationship": "Outer", "Relation Name": "supplier", "Alias": "supplier", "Startup Cost": 0.0, "Total Cost": 3283.0, "Plan Rows": 100000, "Plan Width": 38}, {"Node Type": "Hash", "Parent Relationship": "Inner", "Startup Cost": 1.31, "Total Cost": 1.31, "Plan Rows": 1, "Plan Width": 4, "Plans": [{"Node Type": "Seq Scan", "Parent Relationship": "Outer", "Relation Name": "nation", "Alias": "nation", "Startup Cost": 0.0, "Total Cost": 1.31, "Plan Rows": 1, "Plan Width": 4, "Filter": "(n_name = 'EGYPT'::bpchar)"}]}]}]}]}]}]}, {"Node Type": "Index Scan", "Parent Relationship": "Inner", "Scan Direction": "Forward", "Index Name": "idx_lineitem_orderkey", "Relation Name": "lineitem", "Alias": "l3", "Startup Cost": 0.0, "Total Cost": 1.63, "Plan Rows": 3, "Plan Width": 16, "Index Cond": "(l_orderkey = l1.l_orderkey)", "Filter": "((l_receiptdate > l_commitdate) AND (l_suppkey <> l1.l_suppkey))"}]}, {"Node Type": "Index Scan", "Parent Relationship": "Inner", "Scan Direction": "Forward", "Index Name": "idx_lineitem_orderkey", "Relation Name": "lineitem", "Alias": "l2", "Startup Cost": 0.0, "Total Cost": 1.63, "Plan Rows": 9, "Plan Width": 16, "Index Cond": "(l_orderkey = l1.l_orderkey)", "Filter": "(l_suppkey <> l1.l_suppkey)"}]}, {"Node Type": "Index Scan", "Parent Relationship": "Inner", "Scan Direction": "Forward", "Index Name": "orders_pkey", "Relation Name": "orders", "Alias": "orders", "Startup Cost": 0.0, "Total Cost": 0.97, "Plan Rows": 1, "Plan Width": 8, "Index Cond": "(o_orderkey = l2.l_orderkey)", "Filter": "(o_orderstatus = 'F'::bpchar)"}]}]}]}]}, "Unique SQL Id": 3870093320}, "explain_analyze_plan": {"Plan": {"Node Type": "Limit", "Startup Cost": 229712.71, "Total Cost": 229712.96, "Plan Rows": 100, "Plan Width": 34, "Actual Min Startup Time": 13636.309, "Actual Max Startup Time": 13636.309, "Actual Min Total Time": 13636.327, "Actual Max Total Time": 13636.327, "Actual Total Rows": 100, "Plans": [{"Node Type": "Sort", "Parent Relationship": "Outer", "Startup Cost": 229712.71, "Total Cost": 229735.64, "Plan Rows": 100, "Plan Width": 34, "Actual Min Startup Time": 13636.305, "Actual Max Startup Time": 13636.305, "Actual Min Total Time": 13636.311, "Actual Max Total Time": 13636.311, "Actual Total Rows": 100, "Sort Key": ["(count(*)) DESC", "supplier.s_name"], "Sort Method": "top-N heapsort", "Sort Space Min Used": 41, "Sort Space Max Used": 41, "Sort Space Type": "Memory", "Plans": [{"Node Type": "Aggregate", "Strategy": "Hashed", "Parent Relationship": "Outer", "Startup Cost": 229270.44, "Total Cost": 229362.16, "Plan Rows": 9172, "Plan Width": 34, "Actual Min Startup Time": 13632.846, "Actual Max Startup Time": 13632.846, "Actual Min Total Time": 13634.137, "Actual Max Total Time": 13634.137, "Actual Total Rows": 3981, "Group By Key": ["supplier.s_name"], "Plans": [{"Node Type": "Nested Loop", "Parent Relationship": "Outer", "Join Type": "Inner", "Startup Cost": 71906.2, "Total Cost": 229224.58, "Plan Rows": 9172, "Plan Width": 26, "Actual Min Startup Time": 512.775, "Actual Max Startup Time": 512.775, "Actual Min Total Time": 13579.691, "Actual Max Total Time": 13579.691, "Actual Total Rows": 39445, "Inner Unique": true, "Join Filter": "(l1.l_orderkey = orders.o_orderkey)", "Rows Removed by Join Filter": 0, "Plans": [{"Node Type": "Nested Loop", "Parent Relationship": "Outer", "Join Type": "Semi", "Startup Cost": 71906.2, "Total Cost": 222124.21, "Plan Rows": 7254, "Plan Width": 42, "Actual Min Startup Time": 512.571, "Actual Max Startup Time": 512.571, "Actual Min Total Time": 12928.423, "Actual Max Total Time": 12928.423, "Actual Total Rows": 80537, "Inner Unique": false, "Plans": [{"Node Type": "Nested Loop", "Parent Relationship": "Outer", "Join Type": "Anti", "Startup Cost": 71906.2, "Total Cost": 220268.65, "Plan Rows": 7635, "Plan Width": 42, "Actual Min Startup Time": 512.276, "Actual Max Startup Time": 512.276, "Actual Min Total Time": 12331.031, "Actual Max Total Time": 12331.031, "Actual Total Rows": 135110, "Inner Unique": false, "Plans": [{"Node Type": "Streaming(type: LOCAL GATHER dop: 1/64)", "Parent Relationship": "Outer", "Startup Cost": 71906.2, "Total Cost": 173081.43, "Plan Rows": 152707, "Plan Width": 42, "Actual Min Startup Time": 512.176, "Actual Max Startup Time": 512.176, "Actual Min Total Time": 1439.978, "Actual Max Total Time": 1439.978, "Actual Total Rows": 1511024, "Plans": [{"Node Type": "Hash Join", "Parent Relationship": "Outer", "Join Type": "Inner", "Startup Cost": 71906.2, "Total Cost": 169931.1, "Plan Rows": 152707, "Plan Width": 42, "Actual Min Startup Time": 228.244, "Actual Max Startup Time": 394.247, "Actual Min Total Time": 773.975, "Actual Max Total Time": 997.986, "Actual Total Rows": 1511024, "Inner Unique": false, "Hash Cond": "(l1.l_suppkey = supplier.s_suppkey), (LLVM Optimized, Jit Execute)", "Plans": [{"Node Type": "Seq Scan", "Parent Relationship": "Outer", "Relation Name": "lineitem", "Alias": "l1", "Startup Cost": 0.0, "Total Cost": 96829.42, "Plan Rows": 19995678, "Plan Width": 16, "Actual Min Startup Time": 0.024, "Actual Max Startup Time": 0.057, "Actual Min Total Time": 399.743, "Actual Max Total Time": 428.009, "Actual Total Rows": 37929348, "Filter": "(l_receiptdate > l_commitdate), (LLVM Optimized, Jit Execute)", "Rows Removed by Filter": 22056704}, {"Node Type": "Hash", "Parent Relationship": "Inner", "Startup Cost": 71856.2, "Total Cost": 71856.2, "Plan Rows": 256000, "Plan Width": 34, "Actual Min Startup Time": 228.117, "Actual Max Startup Time": 394.061, "Actual Min Total Time": 228.117, "Actual Max Total Time": 394.061, "Actual Total Rows": 254784, "Max Hash Buckets": 32768, "Min Hash Buckets": 32768, "Max Hash Batches": 1, "Min Hash Batches": 1, "Max Original Hash Batches": 1, "Min Original Hash Batches": 1, "Max Peak Memory Usage": 280, "min Peak Memory Usage": 280, "Plans": [{"Node Type": "Streaming(type: BROADCAST dop: 64/1)", "Parent Relationship": "Outer", "Startup Cost": 1.32, "Total Cost": 71856.2, "Plan Rows": 256000, "Plan Width": 34, "Actual Min Startup Time": 0.031, "Actual Max Startup Time": 0.086, "Actual Min Total Time": 226.542, "Actual Max Total Time": 392.45, "Actual Total Rows": 254784, "Plans": [{"Node Type": "Hash Join", "Parent Relationship": "Outer", "Join Type": "Inner", "Startup Cost": 1.32, "Total Cost": 3574.95, "Plan Rows": 4000, "Plan Width": 34, "Actual Min Startup Time": 0.169, "Actual Max Startup Time": 0.169, "Actual Min Total Time": 53.537, "Actual Max Total Time": 53.537, "Actual Total Rows": 3981, "Inner Unique": true, "Hash Cond": "(supplier.s_nationkey = nation.n_nationkey)", "Plans": [{"Node Type": "Seq Scan", "Parent Relationship": "Outer", "Relation Name": "supplier", "Alias": "supplier", "Startup Cost": 0.0, "Total Cost": 3283.0, "Plan Rows": 100000, "Plan Width": 38, "Actual Min Startup Time": 0.029, "Actual Max Startup Time": 0.029, "Actual Min Total Time": 33.55, "Actual Max Total Time": 33.55, "Actual Total Rows": 100000}, {"Node Type": "Hash", "Parent Relationship": "Inner", "Startup Cost": 1.31, "Total Cost": 1.31, "Plan Rows": 1, "Plan Width": 4, "Actual Min Startup Time": 0.052, "Actual Max Startup Time": 0.052, "Actual Min Total Time": 0.052, "Actual Max Total Time": 0.052, "Actual Total Rows": 1, "Max Hash Buckets": 32768, "Min Hash Buckets": 32768, "Max Hash Batches": 1, "Min Hash Batches": 1, "Max Original Hash Batches": 1, "Min Original Hash Batches": 1, "Max Peak Memory Usage": 1, "min Peak Memory Usage": 1, "Plans": [{"Node Type": "Seq Scan", "Parent Relationship": "Outer", "Relation Name": "nation", "Alias": "nation", "Startup Cost": 0.0, "Total Cost": 1.31, "Plan Rows": 1, "Plan Width": 4, "Actual Min Startup Time": 0.029, "Actual Max Startup Time": 0.029, "Actual Min Total Time": 0.035, "Actual Max Total Time": 0.035, "Actual Total Rows": 1, "Filter": "(n_name = 'EGYPT'::bpchar)", "Rows Removed by Filter": 24}]}]}]}]}]}]}, {"Node Type": "Index Scan", "Parent Relationship": "Inner", "Scan Direction": "Forward", "Index Name": "idx_lineitem_orderkey", "Relation Name": "lineitem", "Alias": "l3", "Startup Cost": 0.0, "Total Cost": 1.63, "Plan Rows": 3, "Plan Width": 16, "Actual Min Startup Time": 9862.102, "Actual Max Startup Time": 9862.102, "Actual Min Total Time": 9862.102, "Actual Max Total Time": 9862.102, "Actual Total Rows": 1375914, "Index Cond": "(l_orderkey = l1.l_orderkey)", "Rows Removed by Index Recheck": 0, "Filter": "((l_receiptdate > l_commitdate) AND (l_suppkey <> l1.l_suppkey))", "Rows Removed by Filter": 1348115}]}, {"Node Type": "Index Scan", "Parent Relationship": "Inner", "Scan Direction": "Forward", "Index Name": "idx_lineitem_orderkey", "Relation Name": "lineitem", "Alias": "l2", "Startup Cost": 0.0, "Total Cost": 1.63, "Plan Rows": 9, "Plan Width": 16, "Actual Min Startup Time": 499.737, "Actual Max Startup Time": 499.737, "Actual Min Total Time": 499.737, "Actual Max Total Time": 499.737, "Actual Total Rows": 80537, "Index Cond": "(l_orderkey = l1.l_orderkey)", "Rows Removed by Index Recheck": 0, "Filter": "(l_suppkey <> l1.l_suppkey)", "Rows Removed by Filter": 85912}]}, {"Node Type": "Index Scan", "Parent Relationship": "Inner", "Scan Direction": "Forward", "Index Name": "orders_pkey", "Relation Name": "orders", "Alias": "orders", "Startup Cost": 0.0, "Total Cost": 0.97, "Plan Rows": 1, "Plan Width": 8, "Actual Min Startup Time": 584.577, "Actual Max Startup Time": 584.577, "Actual Min Total Time": 584.577, "Actual Max Total Time": 584.577, "Actual Total Rows": 39445, "Index Cond": "(o_orderkey = l2.l_orderkey)", "Rows Removed by Index Recheck": 0, "Filter": "(o_orderstatus = 'F'::bpchar)", "Rows Removed by Filter": 41092}]}]}]}]}, "Triggers": [], "Planner Runtime": 14.895, "Total Runtime": 13661.622, "Unique SQL Id": 3870093320}}, "(64, 109)": {"explain_plan": {"Plan": {"Node Type": "Limit", "Startup Cost": 2849947.01, "Total Cost": 2849947.26, "Plan Rows": 100, "Plan Width": 34, "Plans": [{"Node Type": "Sort", "Parent Relationship": "Outer", "Startup Cost": 2849947.01, "Total Cost": 2849969.94, "Plan Rows": 100, "Plan Width": 34, "Sort Key": ["(count(*)) DESC", "supplier.s_name"], "Plans": [{"Node Type": "Aggregate", "Strategy": "Hashed", "Parent Relationship": "Outer", "Startup Cost": 2849504.74, "Total Cost": 2849596.46, "Plan Rows": 9172, "Plan Width": 34, "Group By Key": ["supplier.s_name"], "Plans": [{"Node Type": "Nested Loop", "Parent Relationship": "Outer", "Join Type": "Inner", "Startup Cost": 73970.29, "Total Cost": 2849458.88, "Plan Rows": 9172, "Plan Width": 26, "Inner Unique": true, "Join Filter": "(l1.l_orderkey = orders.o_orderkey)", "Plans": [{"Node Type": "Nested Loop", "Parent Relationship": "Outer", "Join Type": "Semi", "Startup Cost": 73970.29, "Total Cost": 2842358.51, "Plan Rows": 7254, "Plan Width": 42, "Inner Unique": false, "Plans": [{"Node Type": "Nested Loop", "Parent Relationship": "Outer", "Join Type": "Anti", "Startup Cost": 73970.29, "Total Cost": 2840502.95, "Plan Rows": 7635, "Plan Width": 42, "Inner Unique": false, "Plans": [{"Node Type": "Streaming(type: LOCAL GATHER dop: 1/64)", "Parent Relationship": "Outer", "Startup Cost": 73970.29, "Total Cost": 2793315.73, "Plan Rows": 152707, "Plan Width": 42, "Plans": [{"Node Type": "Hash Join", "Parent Relationship": "Outer", "Join Type": "Inner", "Startup Cost": 73970.29, "Total Cost": 2790165.4, "Plan Rows": 152707, "Plan Width": 42, "Inner Unique": false, "Hash Cond": "(l1.l_suppkey = supplier.s_suppkey), (LLVM Optimized)", "Plans": [{"Node Type": "Index Scan", "Parent Relationship": "Outer", "Scan Direction": "Forward", "Index Name": "idx_lineitem_orderkey", "Relation Name": "lineitem", "Alias": "l1", "Startup Cost": 0.0, "Total Cost": 2714999.63, "Plan Rows": 19995678, "Plan Width": 16, "Filter": "(l_receiptdate > l_commitdate), (LLVM Optimized)"}, {"Node Type": "Hash", "Parent Relationship": "Inner", "Startup Cost": 73920.29, "Total Cost": 73920.29, "Plan Rows": 256000, "Plan Width": 34, "Plans": [{"Node Type": "Streaming(type: BROADCAST dop: 64/1)", "Parent Relationship": "Outer", "Startup Cost": 12.7, "Total Cost": 73920.29, "Plan Rows": 256000, "Plan Width": 34, "Plans": [{"Node Type": "Hash Join", "Parent Relationship": "Outer", "Join Type": "Inner", "Startup Cost": 12.7, "Total Cost": 5639.04, "Plan Rows": 4000, "Plan Width": 34, "Inner Unique": true, "Hash Cond": "(supplier.s_nationkey = nation.n_nationkey)", "Plans": [{"Node Type": "Index Scan", "Parent Relationship": "Outer", "Scan Direction": "Forward", "Index Name": "supplier_pkey", "Relation Name": "supplier", "Alias": "supplier", "Startup Cost": 0.0, "Total Cost": 5335.71, "Plan Rows": 100000, "Plan Width": 38}, {"Node Type": "Hash", "Parent Relationship": "Inner", "Startup Cost": 12.69, "Total Cost": 12.69, "Plan Rows": 1, "Plan Width": 4, "Plans": [{"Node Type": "Index Scan", "Parent Relationship": "Outer", "Scan Direction": "Forward", "Index Name": "nation_pkey", "Relation Name": "nation", "Alias": "nation", "Startup Cost": 0.0, "Total Cost": 12.69, "Plan Rows": 1, "Plan Width": 4, "Filter": "(n_name = 'EGYPT'::bpchar)"}]}]}]}]}]}]}, {"Node Type": "Index Scan", "Parent Relationship": "Inner", "Scan Direction": "Forward", "Index Name": "idx_lineitem_orderkey", "Relation Name": "lineitem", "Alias": "l3", "Startup Cost": 0.0, "Total Cost": 1.63, "Plan Rows": 3, "Plan Width": 16, "Index Cond": "(l_orderkey = l1.l_orderkey)", "Filter": "((l_receiptdate > l_commitdate) AND (l_suppkey <> l1.l_suppkey))"}]}, {"Node Type": "Index Scan", "Parent Relationship": "Inner", "Scan Direction": "Forward", "Index Name": "idx_lineitem_orderkey", "Relation Name": "lineitem", "Alias": "l2", "Startup Cost": 0.0, "Total Cost": 1.63, "Plan Rows": 9, "Plan Width": 16, "Index Cond": "(l_orderkey = l1.l_orderkey)", "Filter": "(l_suppkey <> l1.l_suppkey)"}]}, {"Node Type": "Index Scan", "Parent Relationship": "Inner", "Scan Direction": "Forward", "Index Name": "orders_pkey", "Relation Name": "orders", "Alias": "orders", "Startup Cost": 0.0, "Total Cost": 0.97, "Plan Rows": 1, "Plan Width": 8, "Index Cond": "(o_orderkey = l2.l_orderkey)", "Filter": "(o_orderstatus = 'F'::bpchar)"}]}]}]}]}, "Unique SQL Id": 3870093320}, "explain_analyze_plan": {"Plan": {"Node Type": "Limit", "Startup Cost": 2849947.01, "Total Cost": 2849947.26, "Plan Rows": 100, "Plan Width": 34, "Actual Min Startup Time": 13508.662, "Actual Max Startup Time": 13508.662, "Actual Min Total Time": 13508.68, "Actual Max Total Time": 13508.68, "Actual Total Rows": 100, "Plans": [{"Node Type": "Sort", "Parent Relationship": "Outer", "Startup Cost": 2849947.01, "Total Cost": 2849969.94, "Plan Rows": 100, "Plan Width": 34, "Actual Min Startup Time": 13508.659, "Actual Max Startup Time": 13508.659, "Actual Min Total Time": 13508.666, "Actual Max Total Time": 13508.666, "Actual Total Rows": 100, "Sort Key": ["(count(*)) DESC", "supplier.s_name"], "Sort Method": "top-N heapsort", "Sort Space Min Used": 41, "Sort Space Max Used": 41, "Sort Space Type": "Memory", "Plans": [{"Node Type": "Aggregate", "Strategy": "Hashed", "Parent Relationship": "Outer", "Startup Cost": 2849504.74, "Total Cost": 2849596.46, "Plan Rows": 9172, "Plan Width": 34, "Actual Min Startup Time": 13505.048, "Actual Max Startup Time": 13505.048, "Actual Min Total Time": 13506.352, "Actual Max Total Time": 13506.352, "Actual Total Rows": 3981, "Group By Key": ["supplier.s_name"], "Plans": [{"Node Type": "Nested Loop", "Parent Relationship": "Outer", "Join Type": "Inner", "Startup Cost": 73970.29, "Total Cost": 2849458.88, "Plan Rows": 9172, "Plan Width": 26, "Actual Min Startup Time": 866.952, "Actual Max Startup Time": 866.952, "Actual Min Total Time": 13452.829, "Actual Max Total Time": 13452.829, "Actual Total Rows": 39445, "Inner Unique": true, "Join Filter": "(l1.l_orderkey = orders.o_orderkey)", "Rows Removed by Join Filter": 0, "Plans": [{"Node Type": "Nested Loop", "Parent Relationship": "Outer", "Join Type": "Semi", "Startup Cost": 73970.29, "Total Cost": 2842358.51, "Plan Rows": 7254, "Plan Width": 42, "Actual Min Startup Time": 866.923, "Actual Max Startup Time": 866.923, "Actual Min Total Time": 12841.457, "Actual Max Total Time": 12841.457, "Actual Total Rows": 80537, "Inner Unique": false, "Plans": [{"Node Type": "Nested Loop", "Parent Relationship": "Outer", "Join Type": "Anti", "Startup Cost": 73970.29, "Total Cost": 2840502.95, "Plan Rows": 7635, "Plan Width": 42, "Actual Min Startup Time": 866.522, "Actual Max Startup Time": 866.522, "Actual Min Total Time": 12248.776, "Actual Max Total Time": 12248.776, "Actual Total Rows": 135110, "Inner Unique": false, "Plans": [{"Node Type": "Streaming(type: LOCAL GATHER dop: 1/64)", "Parent Relationship": "Outer", "Startup Cost": 73970.29, "Total Cost": 2793315.73, "Plan Rows": 152707, "Plan Width": 42, "Actual Min Startup Time": 866.275, "Actual Max Startup Time": 866.275, "Actual Min Total Time": 1637.063, "Actual Max Total Time": 1637.063, "Actual Total Rows": 1511024, "Plans": [{"Node Type": "Hash Join", "Parent Relationship": "Outer", "Join Type": "Inner", "Startup Cost": 73970.29, "Total Cost": 2790165.4, "Plan Rows": 152707, "Plan Width": 42, "Actual Min Startup Time": 656.699, "Actual Max Startup Time": 791.999, "Actual Min Total Time": 1464.928, "Actual Max Total Time": 1710.32, "Actual Total Rows": 1511024, "Inner Unique": false, "Hash Cond": "(l1.l_suppkey = supplier.s_suppkey), (LLVM Optimized, Jit Execute)", "Plans": [{"Node Type": "Index Scan", "Parent Relationship": "Outer", "Scan Direction": "Forward", "Index Name": "idx_lineitem_orderkey", "Relation Name": "lineitem", "Alias": "l1", "Startup Cost": 0.0, "Total Cost": 2714999.63, "Plan Rows": 19995678, "Plan Width": 16, "Actual Min Startup Time": 456.81, "Actual Max Startup Time": 457.425, "Actual Min Total Time": 1109.899, "Actual Max Total Time": 1280.547, "Actual Total Rows": 37929348, "Filter": "(l_receiptdate > l_commitdate), (LLVM Optimized, Jit Execute)", "Rows Removed by Filter": 22056704}, {"Node Type": "Hash", "Parent Relationship": "Inner", "Startup Cost": 73920.29, "Total Cost": 73920.29, "Plan Rows": 256000, "Plan Width": 34, "Actual Min Startup Time": 199.503, "Actual Max Startup Time": 334.947, "Actual Min Total Time": 199.503, "Actual Max Total Time": 334.947, "Actual Total Rows": 254784, "Max Hash Buckets": 32768, "Min Hash Buckets": 32768, "Max Hash Batches": 1, "Min Hash Batches": 1, "Max Original Hash Batches": 1, "Min Original Hash Batches": 1, "Max Peak Memory Usage": 280, "min Peak Memory Usage": 280, "Plans": [{"Node Type": "Streaming(type: BROADCAST dop: 64/1)", "Parent Relationship": "Outer", "Startup Cost": 12.7, "Total Cost": 73920.29, "Plan Rows": 256000, "Plan Width": 34, "Actual Min Startup Time": 0.028, "Actual Max Startup Time": 30.459, "Actual Min Total Time": 198.406, "Actual Max Total Time": 333.648, "Actual Total Rows": 254784, "Plans": [{"Node Type": "Hash Join", "Parent Relationship": "Outer", "Join Type": "Inner", "Startup Cost": 12.7, "Total Cost": 5639.04, "Plan Rows": 4000, "Plan Width": 34, "Actual Min Startup Time": 0.261, "Actual Max Startup Time": 0.261, "Actual Min Total Time": 73.364, "Actual Max Total Time": 73.364, "Actual Total Rows": 3981, "Inner Unique": true, "Hash Cond": "(supplier.s_nationkey = nation.n_nationkey)", "Plans": [{"Node Type": "Index Scan", "Parent Relationship": "Outer", "Scan Direction": "Forward", "Index Name": "supplier_pkey", "Relation Name": "supplier", "Alias": "supplier", "Startup Cost": 0.0, "Total Cost": 5335.71, "Plan Rows": 100000, "Plan Width": 38, "Actual Min Startup Time": 0.048, "Actual Max Startup Time": 0.048, "Actual Min Total Time": 53.248, "Actual Max Total Time": 53.248, "Actual Total Rows": 100000}, {"Node Type": "Hash", "Parent Relationship": "Inner", "Startup Cost": 12.69, "Total Cost": 12.69, "Plan Rows": 1, "Plan Width": 4, "Actual Min Startup Time": 0.066, "Actual Max Startup Time": 0.066, "Actual Min Total Time": 0.066, "Actual Max Total Time": 0.066, "Actual Total Rows": 1, "Max Hash Buckets": 32768, "Min Hash Buckets": 32768, "Max Hash Batches": 1, "Min Hash Batches": 1, "Max Original Hash Batches": 1, "Min Original Hash Batches": 1, "Max Peak Memory Usage": 1, "min Peak Memory Usage": 1, "Plans": [{"Node Type": "Index Scan", "Parent Relationship": "Outer", "Scan Direction": "Forward", "Index Name": "nation_pkey", "Relation Name": "nation", "Alias": "nation", "Startup Cost": 0.0, "Total Cost": 12.69, "Plan Rows": 1, "Plan Width": 4, "Actual Min Startup Time": 0.041, "Actual Max Startup Time": 0.041, "Actual Min Total Time": 0.054, "Actual Max Total Time": 0.054, "Actual Total Rows": 1, "Filter": "(n_name = 'EGYPT'::bpchar)", "Rows Removed by Filter": 24}]}]}]}]}]}]}, {"Node Type": "Index Scan", "Parent Relationship": "Inner", "Scan Direction": "Forward", "Index Name": "idx_lineitem_orderkey", "Relation Name": "lineitem", "Alias": "l3", "Startup Cost": 0.0, "Total Cost": 1.63, "Plan Rows": 3, "Plan Width": 16, "Actual Min Startup Time": 9590.99, "Actual Max Startup Time": 9590.99, "Actual Min Total Time": 9590.99, "Actual Max Total Time": 9590.99, "Actual Total Rows": 1375914, "Index Cond": "(l_orderkey = l1.l_orderkey)", "Rows Removed by Index Recheck": 0, "Filter": "((l_receiptdate > l_commitdate) AND (l_suppkey <> l1.l_suppkey))", "Rows Removed by Filter": 1348115}]}, {"Node Type": "Index Scan", "Parent Relationship": "Inner", "Scan Direction": "Forward", "Index Name": "idx_lineitem_orderkey", "Relation Name": "lineitem", "Alias": "l2", "Startup Cost": 0.0, "Total Cost": 1.63, "Plan Rows": 9, "Plan Width": 16, "Actual Min Startup Time": 498.83, "Actual Max Startup Time": 498.83, "Actual Min Total Time": 498.83, "Actual Max Total Time": 498.83, "Actual Total Rows": 80537, "Index Cond": "(l_orderkey = l1.l_orderkey)", "Rows Removed by Index Recheck": 0, "Filter": "(l_suppkey <> l1.l_suppkey)", "Rows Removed by Filter": 85912}]}, {"Node Type": "Index Scan", "Parent Relationship": "Inner", "Scan Direction": "Forward", "Index Name": "orders_pkey", "Relation Name": "orders", "Alias": "orders", "Startup Cost": 0.0, "Total Cost": 0.97, "Plan Rows": 1, "Plan Width": 8, "Actual Min Startup Time": 546.674, "Actual Max Startup Time": 546.674, "Actual Min Total Time": 546.674, "Actual Max Total Time": 546.674, "Actual Total Rows": 39445, "Index Cond": "(o_orderkey = l2.l_orderkey)", "Rows Removed by Index Recheck": 0, "Filter": "(o_orderstatus = 'F'::bpchar)", "Rows Removed by Filter": 41092}]}]}]}]}, "Triggers": [], "Planner Runtime": 13.48, "Total Runtime": 13534.765, "Unique SQL Id": 3870093320}}, "(64, 110)": {"explain_plan": {"Plan": {"Node Type": "Limit", "Startup Cost": 578585.46, "Total Cost": 578585.71, "Plan Rows": 100, "Plan Width": 34, "Plans": [{"Node Type": "Sort", "Parent Relationship": "Outer", "Startup Cost": 578585.46, "Total Cost": 578585.71, "Plan Rows": 100, "Plan Width": 34, "Sort Key": ["(count(*)) DESC", "supplier.s_name"], "Plans": [{"Node Type": "Streaming(type: LOCAL GATHER dop: 1/64)", "Parent Relationship": "Outer", "Startup Cost": 578581.34, "Total Cost": 578582.13, "Plan Rows": 100, "Plan Width": 34, "Plans": [{"Node Type": "Limit", "Parent Relationship": "Outer", "Startup Cost": 578581.34, "Total Cost": 578581.59, "Plan Rows": 100, "Plan Width": 34, "Plans": [{"Node Type": "Sort", "Parent Relationship": "Outer", "Startup Cost": 578581.34, "Total Cost": 578604.27, "Plan Rows": 100, "Plan Width": 34, "Sort Key": ["(count(*)) DESC", "supplier.s_name"], "Plans": [{"Node Type": "Aggregate", "Strategy": "Hashed", "Parent Relationship": "Outer", "Startup Cost": 578229.36, "Total Cost": 578230.79, "Plan Rows": 9172, "Plan Width": 34, "Group By Key": ["supplier.s_name"], "Plans": [{"Node Type": "Streaming(type: LOCAL REDISTRIBUTE dop: 64/64)", "Parent Relationship": "Outer", "Startup Cost": 283866.77, "Total Cost": 578228.64, "Plan Rows": 9172, "Plan Width": 26, "Plans": [{"Node Type": "Hash Join", "Parent Relationship": "Outer", "Join Type": "Semi", "Startup Cost": 283866.77, "Total Cost": 577928.76, "Plan Rows": 9172, "Plan Width": 26, "Inner Unique": false, "Hash Cond": "(orders.o_orderkey = l2.l_orderkey)", "Join Filter": "(l2.l_suppkey <> l1.l_suppkey)", "Plans": [{"Node Type": "Streaming(type: LOCAL REDISTRIBUTE dop: 64/64)", "Parent Relationship": "Outer", "Startup Cost": 218573.09, "Total Cost": 512631.13, "Plan Rows": 9655, "Plan Width": 50, "Plans": [{"Node Type": "Hash Join", "Parent Relationship": "Outer", "Join Type": "Anti", "Startup Cost": 218573.09, "Total Cost": 449621.98, "Plan Rows": 9655, "Plan Width": 50, "Inner Unique": false, "Hash Cond": "(l1.l_orderkey = l3.l_orderkey)", "Join Filter": "(l3.l_suppkey <> l1.l_suppkey)", "Plans": [{"Node Type": "Streaming(type: LOCAL REDISTRIBUTE dop: 64/64)", "Parent Relationship": "Outer", "Startup Cost": 143588.19, "Total Cost": 374602.56, "Plan Rows": 193099, "Plan Width": 50, "Plans": [{"Node Type": "Hash Join", "Parent Relationship": "Outer", "Join Type": "Inner", "Startup Cost": 143588.19, "Total Cost": 311419.64, "Plan Rows": 193099, "Plan Width": 50, "Inner Unique": true, "Hash Cond": "(l1.l_orderkey = orders.o_orderkey), (LLVM Optimized)", "Plans": [{"Node Type": "Streaming(type: BROADCAST dop: 64/64)", "Parent Relationship": "Outer", "Startup Cost": 71906.2, "Total Cost": 239134.82, "Plan Rows": 9773248, "Plan Width": 42, "Plans": [{"Node Type": "Hash Join", "Parent Relationship": "Outer", "Join Type": "Inner", "Startup Cost": 71906.2, "Total Cost": 169931.1, "Plan Rows": 152707, "Plan Width": 42, "Inner Unique": false, "Hash Cond": "(l1.l_suppkey = supplier.s_suppkey), (LLVM Optimized)", "Plans": [{"Node Type": "Seq Scan", "Parent Relationship": "Outer", "Relation Name": "lineitem", "Alias": "l1", "Startup Cost": 0.0, "Total Cost": 96829.42, "Plan Rows": 19995678, "Plan Width": 16, "Filter": "(l_receiptdate > l_commitdate), (LLVM Optimized)"}, {"Node Type": "Hash", "Parent Relationship": "Inner", "Startup Cost": 71856.2, "Total Cost": 71856.2, "Plan Rows": 256000, "Plan Width": 34, "Plans": [{"Node Type": "Streaming(type: BROADCAST dop: 64/1)", "Parent Relationship": "Outer", "Startup Cost": 1.32, "Total Cost": 71856.2, "Plan Rows": 256000, "Plan Width": 34, "Plans": [{"Node Type": "Hash Join", "Parent Relationship": "Outer", "Join Type": "Inner", "Startup Cost": 1.32, "Total Cost": 3574.95, "Plan Rows": 4000, "Plan Width": 34, "Inner Unique": true, "Hash Cond": "(supplier.s_nationkey = nation.n_nationkey)", "Plans": [{"Node Type": "Seq Scan", "Parent Relationship": "Outer", "Relation Name": "supplier", "Alias": "supplier", "Startup Cost": 0.0, "Total Cost": 3283.0, "Plan Rows": 100000, "Plan Width": 38}, {"Node Type": "Hash", "Parent Relationship": "Inner", "Startup Cost": 1.31, "Total Cost": 1.31, "Plan Rows": 1, "Plan Width": 4, "Plans": [{"Node Type": "Seq Scan", "Parent Relationship": "Outer", "Relation Name": "nation", "Alias": "nation", "Startup Cost": 0.0, "Total Cost": 1.31, "Plan Rows": 1, "Plan Width": 4, "Filter": "(n_name = 'EGYPT'::bpchar)"}]}]}]}]}]}]}, {"Node Type": "Hash", "Parent Relationship": "Inner", "Startup Cost": 70248.63, "Total Cost": 70248.63, "Plan Rows": 7338812, "Plan Width": 8, "Plans": [{"Node Type": "Seq Scan", "Parent Relationship": "Outer", "Relation Name": "orders", "Alias": "orders", "Startup Cost": 0.0, "Total Cost": 70248.63, "Plan Rows": 7338812, "Plan Width": 8, "Filter": "(o_orderstatus = 'F'::bpchar), (LLVM Optimized)"}]}]}]}, {"Node Type": "Hash", "Parent Relationship": "Inner", "Startup Cost": 178770.64, "Total Cost": 178770.64, "Plan Rows": 19995678, "Plan Width": 16, "Plans": [{"Node Type": "Streaming(type: LOCAL REDISTRIBUTE dop: 64/64)", "Parent Relationship": "Outer", "Startup Cost": 0.0, "Total Cost": 178770.64, "Plan Rows": 19995678, "Plan Width": 16, "Plans": [{"Node Type": "Seq Scan", "Parent Relationship": "Outer", "Relation Name": "lineitem", "Alias": "l3", "Startup Cost": 0.0, "Total Cost": 96829.42, "Plan Rows": 19995678, "Plan Width": 16, "Filter": "(l_receiptdate > l_commitdate), (LLVM Optimized)"}]}]}]}]}, {"Node Type": "Hash", "Parent Relationship": "Inner", "Startup Cost": 214309.83, "Total Cost": 214309.83, "Plan Rows": 59987033, "Plan Width": 16, "Plans": [{"Node Type": "Streaming(type: LOCAL REDISTRIBUTE dop: 64/64)", "Parent Relationship": "Outer", "Startup Cost": 0.0, "Total Cost": 214309.83, "Plan Rows": 59987033, "Plan Width": 16, "Plans": [{"Node Type": "Seq Scan", "Parent Relationship": "Outer", "Relation Name": "lineitem", "Alias": "l2", "Startup Cost": 0.0, "Total Cost": 94486.18, "Plan Rows": 59987033, "Plan Width": 16}]}]}]}]}]}]}]}]}]}]}, "Unique SQL Id": 3870093320}, "explain_analyze_plan": {"Plan": {"Node Type": "Limit", "Startup Cost": 578585.46, "Total Cost": 578585.71, "Plan Rows": 100, "Plan Width": 34, "Actual Min Startup Time": 7798.992, "Actual Max Startup Time": 7798.992, "Actual Min Total Time": 7799.011, "Actual Max Total Time": 7799.011, "Actual Total Rows": 100, "Plans": [{"Node Type": "Sort", "Parent Relationship": "Outer", "Startup Cost": 578585.46, "Total Cost": 578585.71, "Plan Rows": 100, "Plan Width": 34, "Actual Min Startup Time": 7798.99, "Actual Max Startup Time": 7798.99, "Actual Min Total Time": 7798.999, "Actual Max Total Time": 7798.999, "Actual Total Rows": 100, "Sort Key": ["(count(*)) DESC", "supplier.s_name"], "Sort Method": "top-N heapsort", "Sort Space Min Used": 40, "Sort Space Max Used": 40, "Sort Space Type": "Memory", "Plans": [{"Node Type": "Streaming(type: LOCAL GATHER dop: 1/64)", "Parent Relationship": "Outer", "Startup Cost": 578581.34, "Total Cost": 578582.13, "Plan Rows": 100, "Plan Width": 34, "Actual Min Startup Time": 7795.542, "Actual Max Startup Time": 7795.542, "Actual Min Total Time": 7797.214, "Actual Max Total Time": 7797.214, "Actual Total Rows": 3981, "Plans": [{"Node Type": "Limit", "Parent Relationship": "Outer", "Startup Cost": 578581.34, "Total Cost": 578581.59, "Plan Rows": 100, "Plan Width": 34, "Actual Min Startup Time": 6914.12, "Actual Max Startup Time": 7225.363, "Actual Min Total Time": 6914.135, "Actual Max Total Time": 7225.378, "Actual Total Rows": 3981, "Plans": [{"Node Type": "Sort", "Parent Relationship": "Outer", "Startup Cost": 578581.34, "Total Cost": 578604.27, "Plan Rows": 100, "Plan Width": 34, "Actual Min Startup Time": 6914.118, "Actual Max Startup Time": 7225.36, "Actual Min Total Time": 6914.124, "Actual Max Total Time": 7225.366, "Actual Total Rows": 3981, "Sort Key": ["(count(*)) DESC", "supplier.s_name"], "Sort Method": "quicksort", "Sort Space Min Used": 30, "Sort Space Max Used": 30, "Sort Space Type": "Memory", "Plans": [{"Node Type": "Aggregate", "Strategy": "Hashed", "Parent Relationship": "Outer", "Startup Cost": 578229.36, "Total Cost": 578230.79, "Plan Rows": 9172, "Plan Width": 34, "Actual Min Startup Time": 6913.969, "Actual Max Startup Time": 7225.239, "Actual Min Total Time": 6913.985, "Actual Max Total Time": 7225.255, "Actual Total Rows": 3981, "Group By Key": ["supplier.s_name"], "Plans": [{"Node Type": "Streaming(type: LOCAL REDISTRIBUTE dop: 64/64)", "Parent Relationship": "Outer", "Startup Cost": 283866.77, "Total Cost": 578228.64, "Plan Rows": 9172, "Plan Width": 26, "Actual Min Startup Time": 6903.606, "Actual Max Startup Time": 7214.281, "Actual Min Total Time": 6913.639, "Actual Max Total Time": 7224.957, "Actual Total Rows": 39445, "Plans": [{"Node Type": "Hash Join", "Parent Relationship": "Outer", "Join Type": "Semi", "Startup Cost": 283866.77, "Total Cost": 577928.76, "Plan Rows": 9172, "Plan Width": 26, "Actual Min Startup Time": 4907.149, "Actual Max Startup Time": 5234.279, "Actual Min Total Time": 6846.486, "Actual Max Total Time": 7183.522, "Actual Total Rows": 39445, "Inner Unique": false, "Hash Cond": "(orders.o_orderkey = l2.l_orderkey)", "Join Filter": "(l2.l_suppkey <> l1.l_suppkey)", "Rows Removed by Join Filter": 42084, "Plans": [{"Node Type": "Streaming(type: LOCAL REDISTRIBUTE dop: 64/64)", "Parent Relationship": "Outer", "Startup Cost": 218573.09, "Total Cost": 512631.13, "Plan Rows": 9655, "Plan Width": 50, "Actual Min Startup Time": 0.365, "Actual Max Startup Time": 157.652, "Actual Min Total Time": 1996.222, "Actual Max Total Time": 2003.415, "Actual Total Rows": 66116, "Plans": [{"Node Type": "Hash Join", "Parent Relationship": "Outer", "Join Type": "Anti", "Startup Cost": 218573.09, "Total Cost": 449621.98, "Plan Rows": 9655, "Plan Width": 50, "Actual Min Startup Time": 4389.144, "Actual Max Startup Time": 5088.636, "Actual Min Total Time": 6830.133, "Actual Max Total Time": 7215.882, "Actual Total Rows": 66116, "Inner Unique": false, "Hash Cond": "(l1.l_orderkey = l3.l_orderkey)", "Join Filter": "(l3.l_suppkey <> l1.l_suppkey)", "Rows Removed by Join Filter": 265448, "Plans": [{"Node Type": "Streaming(type: LOCAL REDISTRIBUTE dop: 64/64)", "Parent Relationship": "Outer", "Startup Cost": 143588.19, "Total Cost": 374602.56, "Plan Rows": 193099, "Plan Width": 50, "Actual Min Startup Time": 2.686, "Actual Max Startup Time": 468.345, "Actual Min Total Time": 2388.81, "Actual Max Total Time": 2494.526, "Actual Total Rows": 729618, "Plans": [{"Node Type": "Hash Join", "Parent Relationship": "Outer", "Join Type": "Inner", "Startup Cost": 143588.19, "Total Cost": 311419.64, "Plan Rows": 193099, "Plan Width": 50, "Actual Min Startup Time": 328.031, "Actual Max Startup Time": 857.405, "Actual Min Total Time": 5000.369, "Actual Max Total Time": 7075.369, "Actual Total Rows": 729618, "Inner Unique": true, "Hash Cond": "(l1.l_orderkey = orders.o_orderkey), (LLVM Optimized, Jit Execute)", "Plans": [{"Node Type": "Streaming(type: BROADCAST dop: 64/64)", "Parent Relationship": "Outer", "Startup Cost": 71906.2, "Total Cost": 239134.82, "Plan Rows": 9773248, "Plan Width": 42, "Actual Min Startup Time": 137.356, "Actual Max Startup Time": 642.151, "Actual Min Total Time": 3765.372, "Actual Max Total Time": 6059.609, "Actual Total Rows": 96705536, "Plans": [{"Node Type": "Hash Join", "Parent Relationship": "Outer", "Join Type": "Inner", "Startup Cost": 71906.2, "Total Cost": 169931.1, "Plan Rows": 152707, "Plan Width": 42, "Actual Min Startup Time": 317.736, "Actual Max Startup Time": 738.731, "Actual Min Total Time": 1030.246, "Actual Max Total Time": 1547.909, "Actual Total Rows": 1511024, "Inner Unique": false, "Hash Cond": "(l1.l_suppkey = supplier.s_suppkey), (LLVM Optimized, Jit Execute)", "Plans": [{"Node Type": "Seq Scan", "Parent Relationship": "Outer", "Relation Name": "lineitem", "Alias": "l1", "Startup Cost": 0.0, "Total Cost": 96829.42, "Plan Rows": 19995678, "Plan Width": 16, "Actual Min Startup Time": 0.028, "Actual Max Startup Time": 0.097, "Actual Min Total Time": 423.343, "Actual Max Total Time": 569.448, "Actual Total Rows": 37929348, "Filter": "(l_receiptdate > l_commitdate), (LLVM Optimized, Jit Execute)", "Rows Removed by Filter": 22056704}, {"Node Type": "Hash", "Parent Relationship": "Inner", "Startup Cost": 71856.2, "Total Cost": 71856.2, "Plan Rows": 256000, "Plan Width": 34, "Actual Min Startup Time": 317.536, "Actual Max Startup Time": 738.616, "Actual Min Total Time": 317.536, "Actual Max Total Time": 738.616, "Actual Total Rows": 254784, "Max Hash Buckets": 32768, "Min Hash Buckets": 32768, "Max Hash Batches": 1, "Min Hash Batches": 1, "Max Original Hash Batches": 1, "Min Original Hash Batches": 1, "Max Peak Memory Usage": 280, "min Peak Memory Usage": 280, "Plans": [{"Node Type": "Streaming(type: BROADCAST dop: 64/1)", "Parent Relationship": "Outer", "Startup Cost": 1.32, "Total Cost": 71856.2, "Plan Rows": 256000, "Plan Width": 34, "Actual Min Startup Time": 0.037, "Actual Max Startup Time": 184.922, "Actual Min Total Time": 314.151, "Actual Max Total Time": 736.27, "Actual Total Rows": 254784, "Plans": [{"Node Type": "Hash Join", "Parent Relationship": "Outer", "Join Type": "Inner", "Startup Cost": 1.32, "Total Cost": 3574.95, "Plan Rows": 4000, "Plan Width": 34, "Actual Min Startup Time": 0.167, "Actual Max Startup Time": 0.167, "Actual Min Total Time": 52.587, "Actual Max Total Time": 52.587, "Actual Total Rows": 3981, "Inner Unique": true, "Hash Cond": "(supplier.s_nationkey = nation.n_nationkey)", "Plans": [{"Node Type": "Seq Scan", "Parent Relationship": "Outer", "Relation Name": "supplier", "Alias": "supplier", "Startup Cost": 0.0, "Total Cost": 3283.0, "Plan Rows": 100000, "Plan Width": 38, "Actual Min Startup Time": 0.022, "Actual Max Startup Time": 0.022, "Actual Min Total Time": 31.994, "Actual Max Total Time": 31.994, "Actual Total Rows": 100000}, {"Node Type": "Hash", "Parent Relationship": "Inner", "Startup Cost": 1.31, "Total Cost": 1.31, "Plan Rows": 1, "Plan Width": 4, "Actual Min Startup Time": 0.06, "Actual Max Startup Time": 0.06, "Actual Min Total Time": 0.06, "Actual Max Total Time": 0.06, "Actual Total Rows": 1, "Max Hash Buckets": 32768, "Min Hash Buckets": 32768, "Max Hash Batches": 1, "Min Hash Batches": 1, "Max Original Hash Batches": 1, "Min Original Hash Batches": 1, "Max Peak Memory Usage": 1, "min Peak Memory Usage": 1, "Plans": [{"Node Type": "Seq Scan", "Parent Relationship": "Outer", "Relation Name": "nation", "Alias": "nation", "Startup Cost": 0.0, "Total Cost": 1.31, "Plan Rows": 1, "Plan Width": 4, "Actual Min Startup Time": 0.037, "Actual Max Startup Time": 0.037, "Actual Min Total Time": 0.044, "Actual Max Total Time": 0.044, "Actual Total Rows": 1, "Filter": "(n_name = 'EGYPT'::bpchar)", "Rows Removed by Filter": 24}]}]}]}]}]}]}, {"Node Type": "Hash", "Parent Relationship": "Inner", "Startup Cost": 70248.63, "Total Cost": 70248.63, "Plan Rows": 7338812, "Plan Width": 8, "Actual Min Startup Time": 132.867, "Actual Max Startup Time": 282.379, "Actual Min Total Time": 132.867, "Actual Max Total Time": 282.379, "Actual Total Rows": 7309184, "Max Hash Buckets": 131072, "Min Hash Buckets": 131072, "Max Hash Batches": 1, "Min Hash Batches": 1, "Max Original Hash Batches": 1, "Min Original Hash Batches": 1, "Max Peak Memory Usage": 4542, "min Peak Memory Usage": 4542, "Plans": [{"Node Type": "Seq Scan", "Parent Relationship": "Outer", "Relation Name": "orders", "Alias": "orders", "Startup Cost": 0.0, "Total Cost": 70248.63, "Plan Rows": 7338812, "Plan Width": 8, "Actual Min Startup Time": 0.028, "Actual Max Startup Time": 3.642, "Actual Min Total Time": 100.735, "Actual Max Total Time": 125.655, "Actual Total Rows": 7309184, "Filter": "(o_orderstatus = 'F'::bpchar), (LLVM Optimized, Jit Execute)", "Rows Removed by Filter": 7690816}]}]}]}, {"Node Type": "Hash", "Parent Relationship": "Inner", "Startup Cost": 178770.64, "Total Cost": 178770.64, "Plan Rows": 19995678, "Plan Width": 16, "Actual Min Startup Time": 4321.083, "Actual Max Startup Time": 4713.711, "Actual Min Total Time": 4321.083, "Actual Max Total Time": 4713.711, "Actual Total Rows": 37929348, "Max Hash Buckets": 524288, "Min Hash Buckets": 524288, "Max Hash Batches": 1, "Min Hash Batches": 1, "Max Original Hash Batches": 1, "Min Original Hash Batches": 1, "Max Peak Memory Usage": 27746, "min Peak Memory Usage": 27746, "Plans": [{"Node Type": "Streaming(type: LOCAL REDISTRIBUTE dop: 64/64)", "Parent Relationship": "Outer", "Startup Cost": 0.0, "Total Cost": 178770.64, "Plan Rows": 19995678, "Plan Width": 16, "Actual Min Startup Time": 0.135, "Actual Max Startup Time": 269.653, "Actual Min Total Time": 4058.419, "Actual Max Total Time": 4440.43, "Actual Total Rows": 37929348, "Plans": [{"Node Type": "Seq Scan", "Parent Relationship": "Outer", "Relation Name": "lineitem", "Alias": "l3", "Startup Cost": 0.0, "Total Cost": 96829.42, "Plan Rows": 19995678, "Plan Width": 16, "Actual Min Startup Time": 0.022, "Actual Max Startup Time": 0.476, "Actual Min Total Time": 488.072, "Actual Max Total Time": 549.268, "Actual Total Rows": 37929348, "Filter": "(l_receiptdate > l_commitdate), (LLVM Optimized, Jit Execute)", "Rows Removed by Filter": 22056704}]}]}]}]}, {"Node Type": "Hash", "Parent Relationship": "Inner", "Startup Cost": 214309.83, "Total Cost": 214309.83, "Plan Rows": 59987033, "Plan Width": 16, "Actual Min Startup Time": 4828.385, "Actual Max Startup Time": 5179.776, "Actual Min Total Time": 4828.385, "Actual Max Total Time": 5179.776, "Actual Total Rows": 59986052, "Max Hash Buckets": 1048576, "Min Hash Buckets": 1048576, "Max Hash Batches": 1, "Min Hash Batches": 1, "Max Original Hash Batches": 1, "Min Original Hash Batches": 1, "Max Peak Memory Usage": 43870, "min Peak Memory Usage": 43870, "Plans": [{"Node Type": "Streaming(type: LOCAL REDISTRIBUTE dop: 64/64)", "Parent Relationship": "Outer", "Startup Cost": 0.0, "Total Cost": 214309.83, "Plan Rows": 59987033, "Plan Width": 16, "Actual Min Startup Time": 0.133, "Actual Max Startup Time": 226.909, "Actual Min Total Time": 4279.788, "Actual Max Total Time": 4800.711, "Actual Total Rows": 59986052, "Plans": [{"Node Type": "Seq Scan", "Parent Relationship": "Outer", "Relation Name": "lineitem", "Alias": "l2", "Startup Cost": 0.0, "Total Cost": 94486.18, "Plan Rows": 59987033, "Plan Width": 16, "Actual Min Startup Time": 0.013, "Actual Max Startup Time": 0.084, "Actual Min Total Time": 369.422, "Actual Max Total Time": 393.711, "Actual Total Rows": 59986052}]}]}]}]}]}]}]}]}]}]}, "Triggers": [], "Planner Runtime": 18.954, "Total Runtime": 7930.79, "Unique SQL Id": 3870093320}}, "(64, 111)": {"explain_plan": {"Plan": {"Node Type": "Limit", "Startup Cost": 6001081212565.42, "Total Cost": 6001081212565.67, "Plan Rows": 100, "Plan Width": 34, "Plans": [{"Node Type": "Sort", "Parent Relationship": "Outer", "Startup Cost": 6001081212565.42, "Total Cost": 6001081212588.35, "Plan Rows": 100, "Plan Width": 34, "Sort Key": ["(count(*)) DESC", "supplier.s_name"], "Plans": [{"Node Type": "Aggregate", "Strategy": "Hashed", "Parent Relationship": "Outer", "Startup Cost": 6001081212123.16, "Total Cost": 6001081212214.88, "Plan Rows": 9172, "Plan Width": 34, "Group By Key": ["supplier.s_name"], "Plans": [{"Node Type": "Hash Join", "Parent Relationship": "Outer", "Join Type": "Inner", "Startup Cost": 4021080228818.26, "Total Cost": 6001081212077.3, "Plan Rows": 9172, "Plan Width": 26, "Inner Unique": true, "Hash Cond": "(l1.l_orderkey = orders.o_orderkey)", "Plans": [{"Node Type": "Hash Join", "Parent Relationship": "Outer", "Join Type": "Semi", "Startup Cost": 3021003289369.86, "Total Cost": 5001004272509.96, "Plan Rows": 7254, "Plan Width": 42, "Inner Unique": false, "Hash Cond": "(l1.l_orderkey = l2.l_orderkey)", "Join Filter": "(l2.l_suppkey <> l1.l_suppkey)", "Plans": [{"Node Type": "Hash Join", "Parent Relationship": "Outer", "Join Type": "Anti", "Startup Cost": 2020678524157.45, "Total Cost": 4000679504286.55, "Plan Rows": 7635, "Plan Width": 42, "Inner Unique": false, "Hash Cond": "(l1.l_orderkey = l3.l_orderkey)", "Join Filter": "(l3.l_suppkey <> l1.l_suppkey)", "Plans": [{"Node Type": "Hash Join", "Parent Relationship": "Outer", "Join Type": "Inner", "Startup Cost": 1020339262078.72, "Total Cost": 3000340155230.49, "Plan Rows": 152707, "Plan Width": 42, "Inner Unique": false, "Hash Cond": "(supplier.s_suppkey = l1.l_suppkey), (LLVM Optimized)", "Plans": [{"Node Type": "Nested Loop", "Parent Relationship": "Outer", "Join Type": "Inner", "Startup Cost": 20000000000.0, "Total Cost": 2000000862579.69, "Plan Rows": 4000, "Plan Width": 34, "Inner Unique": false, "Plans": [{"Node Type": "Index Scan", "Parent Relationship": "Outer", "Scan Direction": "Forward", "Index Name": "nation_pkey", "Relation Name": "nation", "Alias": "nation", "Startup Cost": 10000000000.0, "Total Cost": 1000000001268.75, "Plan Rows": 1, "Plan Width": 4, "Filter": "(n_name = 'EGYPT'::bpchar)"}, {"Node Type": "Index Scan", "Parent Relationship": "Inner", "Scan Direction": "Forward", "Index Name": "idx_supplier_nation_key", "Relation Name": "supplier", "Alias": "supplier", "Startup Cost": 10000000000.0, "Total Cost": 1000000861270.94, "Plan Rows": 4000, "Plan Width": 38, "Index Cond": "(s_nationkey = nation.n_nationkey)"}]}, {"Node Type": "Hash", "Parent Relationship": "Inner", "Startup Cost": 1000339012132.75, "Total Cost": 1000339012132.75, "Plan Rows": 19995678, "Plan Width": 16, "Plans": [{"Node Type": "Index Scan", "Parent Relationship": "Outer", "Scan Direction": "Forward", "Index Name": "idx_lineitem_orderkey", "Relation Name": "lineitem", "Alias": "l1", "Startup Cost": 10000000000.0, "Total Cost": 1000339012132.75, "Plan Rows": 19995678, "Plan Width": 16, "Filter": "(l_receiptdate > l_commitdate), (LLVM Optimized)"}]}]}, {"Node Type": "Hash", "Parent Relationship": "Inner", "Startup Cost": 1000339012132.75, "Total Cost": 1000339012132.75, "Plan Rows": 19995678, "Plan Width": 16, "Plans": [{"Node Type": "Index Scan", "Parent Relationship": "Outer", "Scan Direction": "Forward", "Index Name": "idx_lineitem_orderkey", "Relation Name": "lineitem", "Alias": "l3", "Startup Cost": 10000000000.0, "Total Cost": 1000339012132.75, "Plan Rows": 19995678, "Plan Width": 16, "Filter": "(l_receiptdate > l_commitdate), (LLVM Optimized)"}]}]}, {"Node Type": "Hash", "Parent Relationship": "Inner", "Startup Cost": 1000324015374.5, "Total Cost": 1000324015374.5, "Plan Rows": 59987033, "Plan Width": 16, "Plans": [{"Node Type": "Index Scan", "Parent Relationship": "Outer", "Scan Direction": "Forward", "Index Name": "idx_lineitem_orderkey", "Relation Name": "lineitem", "Alias": "l2", "Startup Cost": 10000000000.0, "Total Cost": 1000324015374.5, "Plan Rows": 59987033, "Plan Width": 16}]}]}, {"Node Type": "Hash", "Parent Relationship": "Inner", "Startup Cost": 1000076847713.25, "Total Cost": 1000076847713.25, "Plan Rows": 7338812, "Plan Width": 8, "Plans": [{"Node Type": "Index Scan", "Parent Relationship": "Outer", "Scan Direction": "Forward", "Index Name": "orders_pkey", "Relation Name": "orders", "Alias": "orders", "Startup Cost": 10000000000.0, "Total Cost": 1000076847713.25, "Plan Rows": 7338812, "Plan Width": 8, "Filter": "(o_orderstatus = 'F'::bpchar), (LLVM Optimized)"}]}]}]}]}]}, "Unique SQL Id": 3870093320}, "explain_analyze_plan": null}, "(64, 112)": {"explain_plan": {"Plan": {"Node Type": "Limit", "Startup Cost": 599935.6, "Total Cost": 599935.85, "Plan Rows": 100, "Plan Width": 34, "Plans": [{"Node Type": "Sort", "Parent Relationship": "Outer", "Startup Cost": 599935.6, "Total Cost": 599958.53, "Plan Rows": 100, "Plan Width": 34, "Sort Key": ["(count(*)) DESC", "supplier.s_name"], "Plans": [{"Node Type": "Aggregate", "Strategy": "Hashed", "Parent Relationship": "Outer", "Startup Cost": 599493.33, "Total Cost": 599585.05, "Plan Rows": 9172, "Plan Width": 34, "Group By Key": ["supplier.s_name"], "Plans": [{"Node Type": "Nested Loop", "Parent Relationship": "Outer", "Join Type": "Inner", "Startup Cost": 0.0, "Total Cost": 599447.47, "Plan Rows": 9172, "Plan Width": 26, "Inner Unique": true, "Join Filter": "(l1.l_orderkey = orders.o_orderkey)", "Plans": [{"Node Type": "Nested Loop", "Parent Relationship": "Outer", "Join Type": "Semi", "Startup Cost": 0.0, "Total Cost": 592347.1, "Plan Rows": 7254, "Plan Width": 42, "Inner Unique": false, "Plans": [{"Node Type": "Nested Loop", "Parent Relationship": "Outer", "Join Type": "Anti", "Startup Cost": 0.0, "Total Cost": 590491.54, "Plan Rows": 7635, "Plan Width": 42, "Inner Unique": false, "Plans": [{"Node Type": "Streaming(type: LOCAL GATHER dop: 1/64)", "Parent Relationship": "Outer", "Startup Cost": 0.0, "Total Cost": 543304.32, "Plan Rows": 152707, "Plan Width": 42, "Plans": [{"Node Type": "Nested Loop", "Parent Relationship": "Outer", "Join Type": "Inner", "Startup Cost": 0.0, "Total Cost": 540153.99, "Plan Rows": 152707, "Plan Width": 42, "Inner Unique": false, "Join Filter": "(supplier.s_suppkey = l1.l_suppkey), (LLVM Optimized)", "Plans": [{"Node Type": "Streaming(type: LOCAL REDISTRIBUTE dop: 64/1)", "Parent Relationship": "Outer", "Startup Cost": 0.0, "Total Cost": 67696.83, "Plan Rows": 4000, "Plan Width": 34, "Plans": [{"Node Type": "Nested Loop", "Parent Relationship": "Outer", "Join Type": "Inner", "Startup Cost": 0.0, "Total Cost": 4534.31, "Plan Rows": 4000, "Plan Width": 34, "Inner Unique": false, "Join Filter": "(supplier.s_nationkey = nation.n_nationkey)", "Plans": [{"Node Type": "Seq Scan", "Parent Relationship": "Outer", "Relation Name": "nation", "Alias": "nation", "Startup Cost": 0.0, "Total Cost": 1.31, "Plan Rows": 1, "Plan Width": 4, "Filter": "(n_name = 'EGYPT'::bpchar)"}, {"Node Type": "Seq Scan", "Parent Relationship": "Inner", "Relation Name": "supplier", "Alias": "supplier", "Startup Cost": 0.0, "Total Cost": 3283.0, "Plan Rows": 100000, "Plan Width": 38}]}]}, {"Node Type": "Materialize", "Parent Relationship": "Inner", "Startup Cost": 0.0, "Total Cost": 180332.8, "Plan Rows": 19995678, "Plan Width": 16, "Plans": [{"Node Type": "Streaming(type: LOCAL REDISTRIBUTE dop: 64/64)", "Parent Relationship": "Outer", "Startup Cost": 0.0, "Total Cost": 178770.64, "Plan Rows": 19995678, "Plan Width": 16, "Plans": [{"Node Type": "Seq Scan", "Parent Relationship": "Outer", "Relation Name": "lineitem", "Alias": "l1", "Startup Cost": 0.0, "Total Cost": 96829.42, "Plan Rows": 19995678, "Plan Width": 16, "Filter": "(l_receiptdate > l_commitdate), (LLVM Optimized)"}]}]}]}]}, {"Node Type": "Index Scan", "Parent Relationship": "Inner", "Scan Direction": "Forward", "Index Name": "idx_lineitem_orderkey", "Relation Name": "lineitem", "Alias": "l3", "Startup Cost": 0.0, "Total Cost": 1.63, "Plan Rows": 3, "Plan Width": 16, "Index Cond": "(l_orderkey = l1.l_orderkey)", "Filter": "((l_receiptdate > l_commitdate) AND (l_suppkey <> l1.l_suppkey))"}]}, {"Node Type": "Index Scan", "Parent Relationship": "Inner", "Scan Direction": "Forward", "Index Name": "idx_lineitem_orderkey", "Relation Name": "lineitem", "Alias": "l2", "Startup Cost": 0.0, "Total Cost": 1.63, "Plan Rows": 9, "Plan Width": 16, "Index Cond": "(l_orderkey = l1.l_orderkey)", "Filter": "(l_suppkey <> l1.l_suppkey)"}]}, {"Node Type": "Index Scan", "Parent Relationship": "Inner", "Scan Direction": "Forward", "Index Name": "orders_pkey", "Relation Name": "orders", "Alias": "orders", "Startup Cost": 0.0, "Total Cost": 0.97, "Plan Rows": 1, "Plan Width": 8, "Index Cond": "(o_orderkey = l2.l_orderkey)", "Filter": "(o_orderstatus = 'F'::bpchar)"}]}]}]}]}, "Unique SQL Id": 3870093320}, "explain_analyze_plan": {"Plan": {"Node Type": "Limit", "Startup Cost": 599935.6, "Total Cost": 599935.85, "Plan Rows": 100, "Plan Width": 34, "Actual Min Startup Time": 22135.209, "Actual Max Startup Time": 22135.209, "Actual Min Total Time": 22135.229, "Actual Max Total Time": 22135.229, "Actual Total Rows": 100, "Plans": [{"Node Type": "Sort", "Parent Relationship": "Outer", "Startup Cost": 599935.6, "Total Cost": 599958.53, "Plan Rows": 100, "Plan Width": 34, "Actual Min Startup Time": 22135.204, "Actual Max Startup Time": 22135.204, "Actual Min Total Time": 22135.212, "Actual Max Total Time": 22135.212, "Actual Total Rows": 100, "Sort Key": ["(count(*)) DESC", "supplier.s_name"], "Sort Method": "top-N heapsort", "Sort Space Min Used": 41, "Sort Space Max Used": 41, "Sort Space Type": "Memory", "Plans": [{"Node Type": "Aggregate", "Strategy": "Hashed", "Parent Relationship": "Outer", "Startup Cost": 599493.33, "Total Cost": 599585.05, "Plan Rows": 9172, "Plan Width": 34, "Actual Min Startup Time": 22131.822, "Actual Max Startup Time": 22131.822, "Actual Min Total Time": 22133.014, "Actual Max Total Time": 22133.014, "Actual Total Rows": 3981, "Group By Key": ["supplier.s_name"], "Plans": [{"Node Type": "Nested Loop", "Parent Relationship": "Outer", "Join Type": "Inner", "Startup Cost": 0.0, "Total Cost": 599447.47, "Plan Rows": 9172, "Plan Width": 26, "Actual Min Startup Time": 2089.674, "Actual Max Startup Time": 2089.674, "Actual Min Total Time": 22070.682, "Actual Max Total Time": 22070.682, "Actual Total Rows": 39445, "Inner Unique": true, "Join Filter": "(l1.l_orderkey = orders.o_orderkey)", "Rows Removed by Join Filter": 0, "Plans": [{"Node Type": "Nested Loop", "Parent Relationship": "Outer", "Join Type": "Semi", "Startup Cost": 0.0, "Total Cost": 592347.1, "Plan Rows": 7254, "Plan Width": 42, "Actual Min Startup Time": 2089.648, "Actual Max Startup Time": 2089.648, "Actual Min Total Time": 21307.341, "Actual Max Total Time": 21307.341, "Actual Total Rows": 80537, "Inner Unique": false, "Plans": [{"Node Type": "Nested Loop", "Parent Relationship": "Outer", "Join Type": "Anti", "Startup Cost": 0.0, "Total Cost": 590491.54, "Plan Rows": 7635, "Plan Width": 42, "Actual Min Startup Time": 2089.636, "Actual Max Startup Time": 2089.636, "Actual Min Total Time": 20688.752, "Actual Max Total Time": 20688.752, "Actual Total Rows": 135110, "Inner Unique": false, "Plans": [{"Node Type": "Streaming(type: LOCAL GATHER dop: 1/64)", "Parent Relationship": "Outer", "Startup Cost": 0.0, "Total Cost": 543304.32, "Plan Rows": 152707, "Plan Width": 42, "Actual Min Startup Time": 2089.092, "Actual Max Startup Time": 2089.092, "Actual Min Total Time": 4652.838, "Actual Max Total Time": 4652.838, "Actual Total Rows": 1511024, "Plans": [{"Node Type": "Nested Loop", "Parent Relationship": "Outer", "Join Type": "Inner", "Startup Cost": 0.0, "Total Cost": 540153.99, "Plan Rows": 152707, "Plan Width": 42, "Actual Min Startup Time": 1641.633, "Actual Max Startup Time": 1891.958, "Actual Min Total Time": 9480.704, "Actual Max Total Time": 16809.137, "Actual Total Rows": 1511024, "Inner Unique": false, "Join Filter": "(supplier.s_suppkey = l1.l_suppkey), (LLVM Optimized, Jit Execute)", "Rows Removed by Join Filter": 2358157333, "Plans": [{"Node Type": "Streaming(type: LOCAL REDISTRIBUTE dop: 64/1)", "Parent Relationship": "Outer", "Startup Cost": 0.0, "Total Cost": 67696.83, "Plan Rows": 4000, "Plan Width": 34, "Actual Min Startup Time": 0.033, "Actual Max Startup Time": 0.09, "Actual Min Total Time": 0.079, "Actual Max Total Time": 0.379, "Actual Total Rows": 3981, "Plans": [{"Node Type": "Nested Loop", "Parent Relationship": "Outer", "Join Type": "Inner", "Startup Cost": 0.0, "Total Cost": 4534.31, "Plan Rows": 4000, "Plan Width": 34, "Actual Min Startup Time": 0.076, "Actual Max Startup Time": 0.076, "Actual Min Total Time": 51.71, "Actual Max Total Time": 51.71, "Actual Total Rows": 3981, "Inner Unique": false, "Join Filter": "(supplier.s_nationkey = nation.n_nationkey)", "Rows Removed by Join Filter": 96019, "Plans": [{"Node Type": "Seq Scan", "Parent Relationship": "Outer", "Relation Name": "nation", "Alias": "nation", "Startup Cost": 0.0, "Total Cost": 1.31, "Plan Rows": 1, "Plan Width": 4, "Actual Min Startup Time": 0.043, "Actual Max Startup Time": 0.043, "Actual Min Total Time": 0.056, "Actual Max Total Time": 0.056, "Actual Total Rows": 1, "Filter": "(n_name = 'EGYPT'::bpchar)", "Rows Removed by Filter": 24}, {"Node Type": "Seq Scan", "Parent Relationship": "Inner", "Relation Name": "supplier", "Alias": "supplier", "Startup Cost": 0.0, "Total Cost": 3283.0, "Plan Rows": 100000, "Plan Width": 38, "Actual Min Startup Time": 0.012, "Actual Max Startup Time": 0.012, "Actual Min Total Time": 28.719, "Actual Max Total Time": 28.719, "Actual Total Rows": 100000}]}]}, {"Node Type": "Materialize", "Parent Relationship": "Inner", "Startup Cost": 0.0, "Total Cost": 180332.8, "Plan Rows": 19995678, "Plan Width": 16, "Actual Min Startup Time": 1640.736, "Actual Max Startup Time": 1891.094, "Actual Min Total Time": 5962.818, "Actual Max Total Time": 11299.558, "Actual Total Rows": 2359668421, "Plans": [{"Node Type": "Streaming(type: LOCAL REDISTRIBUTE dop: 64/64)", "Parent Relationship": "Outer", "Startup Cost": 0.0, "Total Cost": 178770.64, "Plan Rows": 19995678, "Plan Width": 16, "Actual Min Startup Time": 0.111, "Actual Max Startup Time": 217.514, "Actual Min Total Time": 1520.886, "Actual Max Total Time": 1786.037, "Actual Total Rows": 37929348, "Plans": [{"Node Type": "Seq Scan", "Parent Relationship": "Outer", "Relation Name": "lineitem", "Alias": "l1", "Startup Cost": 0.0, "Total Cost": 96829.42, "Plan Rows": 19995678, "Plan Width": 16, "Actual Min Startup Time": 0.022, "Actual Max Startup Time": 0.066, "Actual Min Total Time": 458.493, "Actual Max Total Time": 541.009, "Actual Total Rows": 37929348, "Filter": "(l_receiptdate > l_commitdate), (LLVM Optimized, Jit Execute)", "Rows Removed by Filter": 22056704}]}]}]}]}, {"Node Type": "Index Scan", "Parent Relationship": "Inner", "Scan Direction": "Forward", "Index Name": "idx_lineitem_orderkey", "Relation Name": "lineitem", "Alias": "l3", "Startup Cost": 0.0, "Total Cost": 1.63, "Plan Rows": 3, "Plan Width": 16, "Actual Min Startup Time": 14958.555, "Actual Max Startup Time": 14958.555, "Actual Min Total Time": 14958.555, "Actual Max Total Time": 14958.555, "Actual Total Rows": 1375914, "Index Cond": "(l_orderkey = l1.l_orderkey)", "Rows Removed by Index Recheck": 0, "Filter": "((l_receiptdate > l_commitdate) AND (l_suppkey <> l1.l_suppkey))", "Rows Removed by Filter": 1348115}]}, {"Node Type": "Index Scan", "Parent Relationship": "Inner", "Scan Direction": "Forward", "Index Name": "idx_lineitem_orderkey", "Relation Name": "lineitem", "Alias": "l2", "Startup Cost": 0.0, "Total Cost": 1.63, "Plan Rows": 9, "Plan Width": 16, "Actual Min Startup Time": 513.699, "Actual Max Startup Time": 513.699, "Actual Min Total Time": 513.699, "Actual Max Total Time": 513.699, "Actual Total Rows": 80537, "Index Cond": "(l_orderkey = l1.l_orderkey)", "Rows Removed by Index Recheck": 0, "Filter": "(l_suppkey <> l1.l_suppkey)", "Rows Removed by Filter": 85912}]}, {"Node Type": "Index Scan", "Parent Relationship": "Inner", "Scan Direction": "Forward", "Index Name": "orders_pkey", "Relation Name": "orders", "Alias": "orders", "Startup Cost": 0.0, "Total Cost": 0.97, "Plan Rows": 1, "Plan Width": 8, "Actual Min Startup Time": 687.68, "Actual Max Startup Time": 687.68, "Actual Min Total Time": 687.68, "Actual Max Total Time": 687.68, "Actual Total Rows": 39445, "Index Cond": "(o_orderkey = l2.l_orderkey)", "Rows Removed by Index Recheck": 0, "Filter": "(o_orderstatus = 'F'::bpchar)", "Rows Removed by Filter": 41092}]}]}]}]}, "Triggers": [], "Planner Runtime": 9.23, "Total Runtime": 22173.314, "Unique SQL Id": 3870093320}}, "(64, 113)": {"explain_plan": {"Plan": {"Node Type": "Limit", "Startup Cost": 3220169.9, "Total Cost": 3220170.15, "Plan Rows": 100, "Plan Width": 34, "Plans": [{"Node Type": "Sort", "Parent Relationship": "Outer", "Startup Cost": 3220169.9, "Total Cost": 3220192.83, "Plan Rows": 100, "Plan Width": 34, "Sort Key": ["(count(*)) DESC", "supplier.s_name"], "Plans": [{"Node Type": "Aggregate", "Strategy": "Hashed", "Parent Relationship": "Outer", "Startup Cost": 3219727.63, "Total Cost": 3219819.35, "Plan Rows": 9172, "Plan Width": 34, "Group By Key": ["supplier.s_name"], "Plans": [{"Node Type": "Nested Loop", "Parent Relationship": "Outer", "Join Type": "Inner", "Startup Cost": 0.0, "Total Cost": 3219681.77, "Plan Rows": 9172, "Plan Width": 26, "Inner Unique": true, "Join Filter": "(l1.l_orderkey = orders.o_orderkey)", "Plans": [{"Node Type": "Nested Loop", "Parent Relationship": "Outer", "Join Type": "Semi", "Startup Cost": 0.0, "Total Cost": 3212581.4, "Plan Rows": 7254, "Plan Width": 42, "Inner Unique": false, "Plans": [{"Node Type": "Nested Loop", "Parent Relationship": "Outer", "Join Type": "Anti", "Startup Cost": 0.0, "Total Cost": 3210725.84, "Plan Rows": 7635, "Plan Width": 42, "Inner Unique": false, "Plans": [{"Node Type": "Streaming(type: LOCAL GATHER dop: 1/64)", "Parent Relationship": "Outer", "Startup Cost": 0.0, "Total Cost": 3163538.62, "Plan Rows": 152707, "Plan Width": 42, "Plans": [{"Node Type": "Nested Loop", "Parent Relationship": "Outer", "Join Type": "Inner", "Startup Cost": 0.0, "Total Cost": 3160388.29, "Plan Rows": 152707, "Plan Width": 42, "Inner Unique": false, "Join Filter": "(supplier.s_suppkey = l1.l_suppkey), (LLVM Optimized)", "Plans": [{"Node Type": "Streaming(type: LOCAL REDISTRIBUTE dop: 64/1)", "Parent Relationship": "Outer", "Startup Cost": 0.0, "Total Cost": 69760.92, "Plan Rows": 4000, "Plan Width": 34, "Plans": [{"Node Type": "Nested Loop", "Parent Relationship": "Outer", "Join Type": "Inner", "Startup Cost": 0.0, "Total Cost": 6598.4, "Plan Rows": 4000, "Plan Width": 34, "Inner Unique": false, "Join Filter": "(supplier.s_nationkey = nation.n_nationkey)", "Plans": [{"Node Type": "Index Scan", "Parent Relationship": "Outer", "Scan Direction": "Forward", "Index Name": "nation_pkey", "Relation Name": "nation", "Alias": "nation", "Startup Cost": 0.0, "Total Cost": 12.69, "Plan Rows": 1, "Plan Width": 4, "Filter": "(n_name = 'EGYPT'::bpchar)"}, {"Node Type": "Index Scan", "Parent Relationship": "Inner", "Scan Direction": "Forward", "Index Name": "supplier_pkey", "Relation Name": "supplier", "Alias": "supplier", "Startup Cost": 0.0, "Total Cost": 5335.71, "Plan Rows": 100000, "Plan Width": 38}]}]}, {"Node Type": "Materialize", "Parent Relationship": "Inner", "Startup Cost": 0.0, "Total Cost": 2798503.01, "Plan Rows": 19995678, "Plan Width": 16, "Plans": [{"Node Type": "Streaming(type: LOCAL REDISTRIBUTE dop: 64/64)", "Parent Relationship": "Outer", "Startup Cost": 0.0, "Total Cost": 2796940.85, "Plan Rows": 19995678, "Plan Width": 16, "Plans": [{"Node Type": "Index Scan", "Parent Relationship": "Outer", "Scan Direction": "Forward", "Index Name": "idx_lineitem_orderkey", "Relation Name": "lineitem", "Alias": "l1", "Startup Cost": 0.0, "Total Cost": 2714999.63, "Plan Rows": 19995678, "Plan Width": 16, "Filter": "(l_receiptdate > l_commitdate), (LLVM Optimized)"}]}]}]}]}, {"Node Type": "Index Scan", "Parent Relationship": "Inner", "Scan Direction": "Forward", "Index Name": "idx_lineitem_orderkey", "Relation Name": "lineitem", "Alias": "l3", "Startup Cost": 0.0, "Total Cost": 1.63, "Plan Rows": 3, "Plan Width": 16, "Index Cond": "(l_orderkey = l1.l_orderkey)", "Filter": "((l_receiptdate > l_commitdate) AND (l_suppkey <> l1.l_suppkey))"}]}, {"Node Type": "Index Scan", "Parent Relationship": "Inner", "Scan Direction": "Forward", "Index Name": "idx_lineitem_orderkey", "Relation Name": "lineitem", "Alias": "l2", "Startup Cost": 0.0, "Total Cost": 1.63, "Plan Rows": 9, "Plan Width": 16, "Index Cond": "(l_orderkey = l1.l_orderkey)", "Filter": "(l_suppkey <> l1.l_suppkey)"}]}, {"Node Type": "Index Scan", "Parent Relationship": "Inner", "Scan Direction": "Forward", "Index Name": "orders_pkey", "Relation Name": "orders", "Alias": "orders", "Startup Cost": 0.0, "Total Cost": 0.97, "Plan Rows": 1, "Plan Width": 8, "Index Cond": "(o_orderkey = l2.l_orderkey)", "Filter": "(o_orderstatus = 'F'::bpchar)"}]}]}]}]}, "Unique SQL Id": 3870093320}, "explain_analyze_plan": {"Plan": {"Node Type": "Limit", "Startup Cost": 3220169.9, "Total Cost": 3220170.15, "Plan Rows": 100, "Plan Width": 34, "Actual Min Startup Time": 25761.332, "Actual Max Startup Time": 25761.332, "Actual Min Total Time": 25761.348, "Actual Max Total Time": 25761.348, "Actual Total Rows": 100, "Plans": [{"Node Type": "Sort", "Parent Relationship": "Outer", "Startup Cost": 3220169.9, "Total Cost": 3220192.83, "Plan Rows": 100, "Plan Width": 34, "Actual Min Startup Time": 25761.329, "Actual Max Startup Time": 25761.329, "Actual Min Total Time": 25761.336, "Actual Max Total Time": 25761.336, "Actual Total Rows": 100, "Sort Key": ["(count(*)) DESC", "supplier.s_name"], "Sort Method": "top-N heapsort", "Sort Space Min Used": 41, "Sort Space Max Used": 41, "Sort Space Type": "Memory", "Plans": [{"Node Type": "Aggregate", "Strategy": "Hashed", "Parent Relationship": "Outer", "Startup Cost": 3219727.63, "Total Cost": 3219819.35, "Plan Rows": 9172, "Plan Width": 34, "Actual Min Startup Time": 25758.056, "Actual Max Startup Time": 25758.056, "Actual Min Total Time": 25759.319, "Actual Max Total Time": 25759.319, "Actual Total Rows": 3981, "Group By Key": ["supplier.s_name"], "Plans": [{"Node Type": "Nested Loop", "Parent Relationship": "Outer", "Join Type": "Inner", "Startup Cost": 0.0, "Total Cost": 3219681.77, "Plan Rows": 9172, "Plan Width": 26, "Actual Min Startup Time": 5073.861, "Actual Max Startup Time": 5073.861, "Actual Min Total Time": 25693.464, "Actual Max Total Time": 25693.464, "Actual Total Rows": 39445, "Inner Unique": true, "Join Filter": "(l1.l_orderkey = orders.o_orderkey)", "Rows Removed by Join Filter": 0, "Plans": [{"Node Type": "Nested Loop", "Parent Relationship": "Outer", "Join Type": "Semi", "Startup Cost": 0.0, "Total Cost": 3212581.4, "Plan Rows": 7254, "Plan Width": 42, "Actual Min Startup Time": 5071.269, "Actual Max Startup Time": 5071.269, "Actual Min Total Time": 24916.426, "Actual Max Total Time": 24916.426, "Actual Total Rows": 80537, "Inner Unique": false, "Plans": [{"Node Type": "Nested Loop", "Parent Relationship": "Outer", "Join Type": "Anti", "Startup Cost": 0.0, "Total Cost": 3210725.84, "Plan Rows": 7635, "Plan Width": 42, "Actual Min Startup Time": 5071.257, "Actual Max Startup Time": 5071.257, "Actual Min Total Time": 24272.311, "Actual Max Total Time": 24272.311, "Actual Total Rows": 135110, "Inner Unique": false, "Plans": [{"Node Type": "Streaming(type: LOCAL GATHER dop: 1/64)", "Parent Relationship": "Outer", "Startup Cost": 0.0, "Total Cost": 3163538.62, "Plan Rows": 152707, "Plan Width": 42, "Actual Min Startup Time": 5070.873, "Actual Max Startup Time": 5070.873, "Actual Min Total Time": 7986.719, "Actual Max Total Time": 7986.719, "Actual Total Rows": 1511024, "Plans": [{"Node Type": "Nested Loop", "Parent Relationship": "Outer", "Join Type": "Inner", "Startup Cost": 0.0, "Total Cost": 3160388.29, "Plan Rows": 152707, "Plan Width": 42, "Actual Min Startup Time": 4626.499, "Actual Max Startup Time": 4901.296, "Actual Min Total Time": 12024.49, "Actual Max Total Time": 18749.412, "Actual Total Rows": 1511024, "Inner Unique": false, "Join Filter": "(supplier.s_suppkey = l1.l_suppkey), (LLVM Optimized, Jit Execute)", "Rows Removed by Join Filter": 2358157333, "Plans": [{"Node Type": "Streaming(type: LOCAL REDISTRIBUTE dop: 64/1)", "Parent Relationship": "Outer", "Startup Cost": 0.0, "Total Cost": 69760.92, "Plan Rows": 4000, "Plan Width": 34, "Actual Min Startup Time": 0.035, "Actual Max Startup Time": 0.087, "Actual Min Total Time": 0.076, "Actual Max Total Time": 0.396, "Actual Total Rows": 3981, "Plans": [{"Node Type": "Nested Loop", "Parent Relationship": "Outer", "Join Type": "Inner", "Startup Cost": 0.0, "Total Cost": 6598.4, "Plan Rows": 4000, "Plan Width": 34, "Actual Min Startup Time": 0.119, "Actual Max Startup Time": 0.119, "Actual Min Total Time": 109.903, "Actual Max Total Time": 109.903, "Actual Total Rows": 3981, "Inner Unique": false, "Join Filter": "(supplier.s_nationkey = nation.n_nationkey)", "Rows Removed by Join Filter": 96019, "Plans": [{"Node Type": "Index Scan", "Parent Relationship": "Outer", "Scan Direction": "Forward", "Index Name": "nation_pkey", "Relation Name": "nation", "Alias": "nation", "Startup Cost": 0.0, "Total Cost": 12.69, "Plan Rows": 1, "Plan Width": 4, "Actual Min Startup Time": 0.051, "Actual Max Startup Time": 0.051, "Actual Min Total Time": 0.077, "Actual Max Total Time": 0.077, "Actual Total Rows": 1, "Filter": "(n_name = 'EGYPT'::bpchar)", "Rows Removed by Filter": 24}, {"Node Type": "Index Scan", "Parent Relationship": "Inner", "Scan Direction": "Forward", "Index Name": "supplier_pkey", "Relation Name": "supplier", "Alias": "supplier", "Startup Cost": 0.0, "Total Cost": 5335.71, "Plan Rows": 100000, "Plan Width": 38, "Actual Min Startup Time": 0.036, "Actual Max Startup Time": 0.036, "Actual Min Total Time": 74.078, "Actual Max Total Time": 74.078, "Actual Total Rows": 100000}]}]}, {"Node Type": "Materialize", "Parent Relationship": "Inner", "Startup Cost": 0.0, "Total Cost": 2798503.01, "Plan Rows": 19995678, "Plan Width": 16, "Actual Min Startup Time": 4625.444, "Actual Max Startup Time": 4900.63, "Actual Min Total Time": 8319.603, "Actual Max Total Time": 13712.832, "Actual Total Rows": 2359668421, "Plans": [{"Node Type": "Streaming(type: LOCAL REDISTRIBUTE dop: 64/64)", "Parent Relationship": "Outer", "Startup Cost": 0.0, "Total Cost": 2796940.85, "Plan Rows": 19995678, "Plan Width": 16, "Actual Min Startup Time": 463.524, "Actual Max Startup Time": 738.456, "Actual Min Total Time": 4500.006, "Actual Max Total Time": 4782.711, "Actual Total Rows": 37929348, "Plans": [{"Node Type": "Index Scan", "Parent Relationship": "Outer", "Scan Direction": "Forward", "Index Name": "idx_lineitem_orderkey", "Relation Name": "lineitem", "Alias": "l1", "Startup Cost": 0.0, "Total Cost": 2714999.63, "Plan Rows": 19995678, "Plan Width": 16, "Actual Min Startup Time": 452.299, "Actual Max Startup Time": 759.637, "Actual Min Total Time": 1242.865, "Actual Max Total Time": 1614.049, "Actual Total Rows": 37929348, "Filter": "(l_receiptdate > l_commitdate), (LLVM Optimized, Jit Execute)", "Rows Removed by Filter": 22056704}]}]}]}]}, {"Node Type": "Index Scan", "Parent Relationship": "Inner", "Scan Direction": "Forward", "Index Name": "idx_lineitem_orderkey", "Relation Name": "lineitem", "Alias": "l3", "Startup Cost": 0.0, "Total Cost": 1.63, "Plan Rows": 3, "Plan Width": 16, "Actual Min Startup Time": 15173.22, "Actual Max Startup Time": 15173.22, "Actual Min Total Time": 15173.22, "Actual Max Total Time": 15173.22, "Actual Total Rows": 1375914, "Index Cond": "(l_orderkey = l1.l_orderkey)", "Rows Removed by Index Recheck": 0, "Filter": "((l_receiptdate > l_commitdate) AND (l_suppkey <> l1.l_suppkey))", "Rows Removed by Filter": 1348115}]}, {"Node Type": "Index Scan", "Parent Relationship": "Inner", "Scan Direction": "Forward", "Index Name": "idx_lineitem_orderkey", "Relation Name": "lineitem", "Alias": "l2", "Startup Cost": 0.0, "Total Cost": 1.63, "Plan Rows": 9, "Plan Width": 16, "Actual Min Startup Time": 529.801, "Actual Max Startup Time": 529.801, "Actual Min Total Time": 529.801, "Actual Max Total Time": 529.801, "Actual Total Rows": 80537, "Index Cond": "(l_orderkey = l1.l_orderkey)", "Rows Removed by Index Recheck": 0, "Filter": "(l_suppkey <> l1.l_suppkey)", "Rows Removed by Filter": 85912}]}, {"Node Type": "Index Scan", "Parent Relationship": "Inner", "Scan Direction": "Forward", "Index Name": "orders_pkey", "Relation Name": "orders", "Alias": "orders", "Startup Cost": 0.0, "Total Cost": 0.97, "Plan Rows": 1, "Plan Width": 8, "Actual Min Startup Time": 697.938, "Actual Max Startup Time": 697.938, "Actual Min Total Time": 697.938, "Actual Max Total Time": 697.938, "Actual Total Rows": 39445, "Index Cond": "(o_orderkey = l2.l_orderkey)", "Rows Removed by Index Recheck": 0, "Filter": "(o_orderstatus = 'F'::bpchar)", "Rows Removed by Filter": 41092}]}]}]}]}, "Triggers": [], "Planner Runtime": 9.276, "Total Runtime": 25798.915, "Unique SQL Id": 3870093320}}, "(64, 114)": {"explain_plan": {"Plan": {"Node Type": "Limit", "Startup Cost": 951244.84, "Total Cost": 951245.09, "Plan Rows": 100, "Plan Width": 34, "Plans": [{"Node Type": "Sort", "Parent Relationship": "Outer", "Startup Cost": 951244.84, "Total Cost": 951267.77, "Plan Rows": 100, "Plan Width": 34, "Sort Key": ["(count(*)) DESC", "supplier.s_name"], "Plans": [{"Node Type": "Aggregate", "Strategy": "Hashed", "Parent Relationship": "Outer", "Startup Cost": 950802.57, "Total Cost": 950894.29, "Plan Rows": 9172, "Plan Width": 34, "Group By Key": ["supplier.s_name"], "Plans": [{"Node Type": "Nested Loop", "Parent Relationship": "Outer", "Join Type": "Inner", "Startup Cost": 2.25, "Total Cost": 950756.71, "Plan Rows": 9172, "Plan Width": 26, "Inner Unique": true, "Join Filter": "(l1.l_orderkey = orders.o_orderkey)", "Plans": [{"Node Type": "Nested Loop", "Parent Relationship": "Outer", "Join Type": "Semi", "Startup Cost": 1.65, "Total Cost": 917195.95, "Plan Rows": 7254, "Plan Width": 42, "Inner Unique": false, "Plans": [{"Node Type": "Nested Loop", "Parent Relationship": "Outer", "Join Type": "Anti", "Startup Cost": 0.82, "Total Cost": 902017.4, "Plan Rows": 7635, "Plan Width": 42, "Inner Unique": false, "Plans": [{"Node Type": "Streaming(type: LOCAL GATHER dop: 1/64)", "Parent Relationship": "Outer", "Startup Cost": 0.0, "Total Cost": 543304.32, "Plan Rows": 152707, "Plan Width": 42, "Plans": [{"Node Type": "Nested Loop", "Parent Relationship": "Outer", "Join Type": "Inner", "Startup Cost": 0.0, "Total Cost": 540153.99, "Plan Rows": 152707, "Plan Width": 42, "Inner Unique": false, "Join Filter": "(supplier.s_suppkey = l1.l_suppkey), (LLVM Optimized)", "Plans": [{"Node Type": "Streaming(type: LOCAL REDISTRIBUTE dop: 64/1)", "Parent Relationship": "Outer", "Startup Cost": 0.0, "Total Cost": 67696.83, "Plan Rows": 4000, "Plan Width": 34, "Plans": [{"Node Type": "Nested Loop", "Parent Relationship": "Outer", "Join Type": "Inner", "Startup Cost": 0.0, "Total Cost": 4534.31, "Plan Rows": 4000, "Plan Width": 34, "Inner Unique": false, "Join Filter": "(supplier.s_nationkey = nation.n_nationkey)", "Plans": [{"Node Type": "Seq Scan", "Parent Relationship": "Outer", "Relation Name": "nation", "Alias": "nation", "Startup Cost": 0.0, "Total Cost": 1.31, "Plan Rows": 1, "Plan Width": 4, "Filter": "(n_name = 'EGYPT'::bpchar)"}, {"Node Type": "Seq Scan", "Parent Relationship": "Inner", "Relation Name": "supplier", "Alias": "supplier", "Startup Cost": 0.0, "Total Cost": 3283.0, "Plan Rows": 100000, "Plan Width": 38}]}]}, {"Node Type": "Materialize", "Parent Relationship": "Inner", "Startup Cost": 0.0, "Total Cost": 180332.8, "Plan Rows": 19995678, "Plan Width": 16, "Plans": [{"Node Type": "Streaming(type: LOCAL REDISTRIBUTE dop: 64/64)", "Parent Relationship": "Outer", "Startup Cost": 0.0, "Total Cost": 178770.64, "Plan Rows": 19995678, "Plan Width": 16, "Plans": [{"Node Type": "Seq Scan", "Parent Relationship": "Outer", "Relation Name": "lineitem", "Alias": "l1", "Startup Cost": 0.0, "Total Cost": 96829.42, "Plan Rows": 19995678, "Plan Width": 16, "Filter": "(l_receiptdate > l_commitdate), (LLVM Optimized)"}]}]}]}]}, {"Node Type": "Bitmap Heap Scan", "Parent Relationship": "Inner", "Relation Name": "lineitem", "Alias": "l3", "Startup Cost": 0.82, "Total Cost": 8.97, "Plan Rows": 3, "Plan Width": 16, "Recheck Cond": "(l_orderkey = l1.l_orderkey)", "Filter": "((l_receiptdate > l_commitdate) AND (l_suppkey <> l1.l_suppkey))", "Plans": [{"Node Type": "Bitmap Index Scan", "Parent Relationship": "Outer", "Index Name": "idx_lineitem_orderkey", "Startup Cost": 0.0, "Total Cost": 0.82, "Plan Rows": 9, "Plan Width": 0, "Index Cond": "(l_orderkey = l1.l_orderkey)"}]}]}, {"Node Type": "Bitmap Heap Scan", "Parent Relationship": "Inner", "Relation Name": "lineitem", "Alias": "l2", "Startup Cost": 0.82, "Total Cost": 8.95, "Plan Rows": 9, "Plan Width": 16, "Recheck Cond": "(l_orderkey = l1.l_orderkey)", "Filter": "(l_suppkey <> l1.l_suppkey)", "Plans": [{"Node Type": "Bitmap Index Scan", "Parent Relationship": "Outer", "Index Name": "idx_lineitem_orderkey", "Startup Cost": 0.0, "Total Cost": 0.82, "Plan Rows": 9, "Plan Width": 0, "Index Cond": "(l_orderkey = l1.l_orderkey)"}]}]}, {"Node Type": "Bitmap Heap Scan", "Parent Relationship": "Inner", "Relation Name": "orders", "Alias": "orders", "Startup Cost": 0.6, "Total Cost": 4.61, "Plan Rows": 1, "Plan Width": 8, "Recheck Cond": "(o_orderkey = l2.l_orderkey)", "Filter": "(o_orderstatus = 'F'::bpchar)", "Plans": [{"Node Type": "Bitmap Index Scan", "Parent Relationship": "Outer", "Index Name": "orders_pkey", "Startup Cost": 0.0, "Total Cost": 0.6, "Plan Rows": 1, "Plan Width": 0, "Index Cond": "(o_orderkey = l2.l_orderkey)"}]}]}]}]}]}, "Unique SQL Id": 3870093320}, "explain_analyze_plan": null}, "(64, 115)": {"explain_plan": {"Plan": {"Node Type": "Limit", "Startup Cost": 54985304.37, "Total Cost": 54985304.62, "Plan Rows": 100, "Plan Width": 34, "Plans": [{"Node Type": "Sort", "Parent Relationship": "Outer", "Startup Cost": 54985304.37, "Total Cost": 54985327.3, "Plan Rows": 100, "Plan Width": 34, "Sort Key": ["(count(*)) DESC", "supplier.s_name"], "Plans": [{"Node Type": "Aggregate", "Strategy": "Hashed", "Parent Relationship": "Outer", "Startup Cost": 54984862.1, "Total Cost": 54984953.82, "Plan Rows": 9172, "Plan Width": 34, "Group By Key": ["supplier.s_name"], "Plans": [{"Node Type": "Nested Loop", "Parent Relationship": "Outer", "Join Type": "Inner", "Startup Cost": 1230045.5, "Total Cost": 54984816.24, "Plan Rows": 9172, "Plan Width": 26, "Inner Unique": true, "Join Filter": "(l1.l_orderkey = orders.o_orderkey)", "Plans": [{"Node Type": "Nested Loop", "Parent Relationship": "Outer", "Join Type": "Semi", "Startup Cost": 1230044.9, "Total Cost": 54951255.48, "Plan Rows": 7254, "Plan Width": 42, "Inner Unique": false, "Plans": [{"Node Type": "Nested Loop", "Parent Relationship": "Outer", "Join Type": "Inner", "Startup Cost": 1230044.08, "Total Cost": 54936076.93, "Plan Rows": 7635, "Plan Width": 42, "Inner Unique": false, "Join Filter": "(supplier.s_nationkey = nation.n_nationkey)", "Plans": [{"Node Type": "Bitmap Heap Scan", "Parent Relationship": "Outer", "Relation Name": "nation", "Alias": "nation", "Startup Cost": 8.38, "Total Cost": 12.69, "Plan Rows": 1, "Plan Width": 4, "Filter": "(n_name = 'EGYPT'::bpchar)", "Plans": [{"Node Type": "Bitmap Index Scan", "Parent Relationship": "Outer", "Index Name": "nation_pkey", "Startup Cost": 0.0, "Total Cost": 8.38, "Plan Rows": 25, "Plan Width": 0}]}, {"Node Type": "Nested Loop", "Parent Relationship": "Inner", "Join Type": "Inner", "Startup Cost": 1230035.7, "Total Cost": 54933678.19, "Plan Rows": 190884, "Plan Width": 46, "Inner Unique": true, "Plans": [{"Node Type": "Nested Loop", "Parent Relationship": "Outer", "Join Type": "Anti", "Startup Cost": 1230035.16, "Total Cost": 50364947.29, "Plan Rows": 999784, "Plan Width": 16, "Inner Unique": false, "Plans": [{"Node Type": "Bitmap Heap Scan", "Parent Relationship": "Outer", "Relation Name": "lineitem", "Alias": "l1", "Startup Cost": 1230034.33, "Total Cost": 3395117.25, "Plan Rows": 19995678, "Plan Width": 16, "Filter": "(l_receiptdate > l_commitdate), (LLVM Optimized)", "Plans": [{"Node Type": "Bitmap Index Scan", "Parent Relationship": "Outer", "Index Name": "idx_lineitem_orderkey", "Startup Cost": 0.0, "Total Cost": 1225035.42, "Plan Rows": 59987033, "Plan Width": 0}]}, {"Node Type": "Bitmap Heap Scan", "Parent Relationship": "Inner", "Relation Name": "lineitem", "Alias": "l3", "Startup Cost": 0.82, "Total Cost": 8.97, "Plan Rows": 3, "Plan Width": 16, "Recheck Cond": "(l_orderkey = l1.l_orderkey)", "Filter": "((l_receiptdate > l_commitdate) AND (l_suppkey <> l1.l_suppkey))", "Plans": [{"Node Type": "Bitmap Index Scan", "Parent Relationship": "Outer", "Index Name": "idx_lineitem_orderkey", "Startup Cost": 0.0, "Total Cost": 0.82, "Plan Rows": 9, "Plan Width": 0, "Index Cond": "(l_orderkey = l1.l_orderkey)"}]}]}, {"Node Type": "Bitmap Heap Scan", "Parent Relationship": "Inner", "Relation Name": "supplier", "Alias": "supplier", "Startup Cost": 0.55, "Total Cost": 4.56, "Plan Rows": 1, "Plan Width": 38, "Recheck Cond": "(s_suppkey = l1.l_suppkey)", "Plans": [{"Node Type": "Bitmap Index Scan", "Parent Relationship": "Outer", "Index Name": "supplier_pkey", "Startup Cost": 0.0, "Total Cost": 0.55, "Plan Rows": 1, "Plan Width": 0, "Index Cond": "(s_suppkey = l1.l_suppkey)"}]}]}]}, {"Node Type": "Bitmap Heap Scan", "Parent Relationship": "Inner", "Relation Name": "lineitem", "Alias": "l2", "Startup Cost": 0.82, "Total Cost": 8.95, "Plan Rows": 9, "Plan Width": 16, "Recheck Cond": "(l_orderkey = l1.l_orderkey)", "Filter": "(l_suppkey <> l1.l_suppkey)", "Plans": [{"Node Type": "Bitmap Index Scan", "Parent Relationship": "Outer", "Index Name": "idx_lineitem_orderkey", "Startup Cost": 0.0, "Total Cost": 0.82, "Plan Rows": 9, "Plan Width": 0, "Index Cond": "(l_orderkey = l1.l_orderkey)"}]}]}, {"Node Type": "Bitmap Heap Scan", "Parent Relationship": "Inner", "Relation Name": "orders", "Alias": "orders", "Startup Cost": 0.6, "Total Cost": 4.61, "Plan Rows": 1, "Plan Width": 8, "Recheck Cond": "(o_orderkey = l2.l_orderkey)", "Filter": "(o_orderstatus = 'F'::bpchar)", "Plans": [{"Node Type": "Bitmap Index Scan", "Parent Relationship": "Outer", "Index Name": "orders_pkey", "Startup Cost": 0.0, "Total Cost": 0.6, "Plan Rows": 1, "Plan Width": 0, "Index Cond": "(o_orderkey = l2.l_orderkey)"}]}]}]}]}]}, "Unique SQL Id": 3870093320}, "explain_analyze_plan": null}, "(64, 116)": {"explain_plan": {"Plan": {"Node Type": "Limit", "Startup Cost": 599935.6, "Total Cost": 599935.85, "Plan Rows": 100, "Plan Width": 34, "Plans": [{"Node Type": "Sort", "Parent Relationship": "Outer", "Startup Cost": 599935.6, "Total Cost": 599958.53, "Plan Rows": 100, "Plan Width": 34, "Sort Key": ["(count(*)) DESC", "supplier.s_name"], "Plans": [{"Node Type": "Aggregate", "Strategy": "Hashed", "Parent Relationship": "Outer", "Startup Cost": 599493.33, "Total Cost": 599585.05, "Plan Rows": 9172, "Plan Width": 34, "Group By Key": ["supplier.s_name"], "Plans": [{"Node Type": "Nested Loop", "Parent Relationship": "Outer", "Join Type": "Inner", "Startup Cost": 0.0, "Total Cost": 599447.47, "Plan Rows": 9172, "Plan Width": 26, "Inner Unique": true, "Join Filter": "(l1.l_orderkey = orders.o_orderkey)", "Plans": [{"Node Type": "Nested Loop", "Parent Relationship": "Outer", "Join Type": "Semi", "Startup Cost": 0.0, "Total Cost": 592347.1, "Plan Rows": 7254, "Plan Width": 42, "Inner Unique": false, "Plans": [{"Node Type": "Nested Loop", "Parent Relationship": "Outer", "Join Type": "Anti", "Startup Cost": 0.0, "Total Cost": 590491.54, "Plan Rows": 7635, "Plan Width": 42, "Inner Unique": false, "Plans": [{"Node Type": "Streaming(type: LOCAL GATHER dop: 1/64)", "Parent Relationship": "Outer", "Startup Cost": 0.0, "Total Cost": 543304.32, "Plan Rows": 152707, "Plan Width": 42, "Plans": [{"Node Type": "Nested Loop", "Parent Relationship": "Outer", "Join Type": "Inner", "Startup Cost": 0.0, "Total Cost": 540153.99, "Plan Rows": 152707, "Plan Width": 42, "Inner Unique": false, "Join Filter": "(supplier.s_suppkey = l1.l_suppkey), (LLVM Optimized)", "Plans": [{"Node Type": "Streaming(type: LOCAL REDISTRIBUTE dop: 64/1)", "Parent Relationship": "Outer", "Startup Cost": 0.0, "Total Cost": 67696.83, "Plan Rows": 4000, "Plan Width": 34, "Plans": [{"Node Type": "Nested Loop", "Parent Relationship": "Outer", "Join Type": "Inner", "Startup Cost": 0.0, "Total Cost": 4534.31, "Plan Rows": 4000, "Plan Width": 34, "Inner Unique": false, "Join Filter": "(supplier.s_nationkey = nation.n_nationkey)", "Plans": [{"Node Type": "Seq Scan", "Parent Relationship": "Outer", "Relation Name": "nation", "Alias": "nation", "Startup Cost": 0.0, "Total Cost": 1.31, "Plan Rows": 1, "Plan Width": 4, "Filter": "(n_name = 'EGYPT'::bpchar)"}, {"Node Type": "Seq Scan", "Parent Relationship": "Inner", "Relation Name": "supplier", "Alias": "supplier", "Startup Cost": 0.0, "Total Cost": 3283.0, "Plan Rows": 100000, "Plan Width": 38}]}]}, {"Node Type": "Materialize", "Parent Relationship": "Inner", "Startup Cost": 0.0, "Total Cost": 180332.8, "Plan Rows": 19995678, "Plan Width": 16, "Plans": [{"Node Type": "Streaming(type: LOCAL REDISTRIBUTE dop: 64/64)", "Parent Relationship": "Outer", "Startup Cost": 0.0, "Total Cost": 178770.64, "Plan Rows": 19995678, "Plan Width": 16, "Plans": [{"Node Type": "Seq Scan", "Parent Relationship": "Outer", "Relation Name": "lineitem", "Alias": "l1", "Startup Cost": 0.0, "Total Cost": 96829.42, "Plan Rows": 19995678, "Plan Width": 16, "Filter": "(l_receiptdate > l_commitdate), (LLVM Optimized)"}]}]}]}]}, {"Node Type": "Index Scan", "Parent Relationship": "Inner", "Scan Direction": "Forward", "Index Name": "idx_lineitem_orderkey", "Relation Name": "lineitem", "Alias": "l3", "Startup Cost": 0.0, "Total Cost": 1.63, "Plan Rows": 3, "Plan Width": 16, "Index Cond": "(l_orderkey = l1.l_orderkey)", "Filter": "((l_receiptdate > l_commitdate) AND (l_suppkey <> l1.l_suppkey))"}]}, {"Node Type": "Index Scan", "Parent Relationship": "Inner", "Scan Direction": "Forward", "Index Name": "idx_lineitem_orderkey", "Relation Name": "lineitem", "Alias": "l2", "Startup Cost": 0.0, "Total Cost": 1.63, "Plan Rows": 9, "Plan Width": 16, "Index Cond": "(l_orderkey = l1.l_orderkey)", "Filter": "(l_suppkey <> l1.l_suppkey)"}]}, {"Node Type": "Index Scan", "Parent Relationship": "Inner", "Scan Direction": "Forward", "Index Name": "orders_pkey", "Relation Name": "orders", "Alias": "orders", "Startup Cost": 0.0, "Total Cost": 0.97, "Plan Rows": 1, "Plan Width": 8, "Index Cond": "(o_orderkey = l2.l_orderkey)", "Filter": "(o_orderstatus = 'F'::bpchar)"}]}]}]}]}, "Unique SQL Id": 3870093320}, "explain_analyze_plan": {"Plan": {"Node Type": "Limit", "Startup Cost": 599935.6, "Total Cost": 599935.85, "Plan Rows": 100, "Plan Width": 34, "Actual Min Startup Time": 22135.209, "Actual Max Startup Time": 22135.209, "Actual Min Total Time": 22135.229, "Actual Max Total Time": 22135.229, "Actual Total Rows": 100, "Plans": [{"Node Type": "Sort", "Parent Relationship": "Outer", "Startup Cost": 599935.6, "Total Cost": 599958.53, "Plan Rows": 100, "Plan Width": 34, "Actual Min Startup Time": 22135.204, "Actual Max Startup Time": 22135.204, "Actual Min Total Time": 22135.212, "Actual Max Total Time": 22135.212, "Actual Total Rows": 100, "Sort Key": ["(count(*)) DESC", "supplier.s_name"], "Sort Method": "top-N heapsort", "Sort Space Min Used": 41, "Sort Space Max Used": 41, "Sort Space Type": "Memory", "Plans": [{"Node Type": "Aggregate", "Strategy": "Hashed", "Parent Relationship": "Outer", "Startup Cost": 599493.33, "Total Cost": 599585.05, "Plan Rows": 9172, "Plan Width": 34, "Actual Min Startup Time": 22131.822, "Actual Max Startup Time": 22131.822, "Actual Min Total Time": 22133.014, "Actual Max Total Time": 22133.014, "Actual Total Rows": 3981, "Group By Key": ["supplier.s_name"], "Plans": [{"Node Type": "Nested Loop", "Parent Relationship": "Outer", "Join Type": "Inner", "Startup Cost": 0.0, "Total Cost": 599447.47, "Plan Rows": 9172, "Plan Width": 26, "Actual Min Startup Time": 2089.674, "Actual Max Startup Time": 2089.674, "Actual Min Total Time": 22070.682, "Actual Max Total Time": 22070.682, "Actual Total Rows": 39445, "Inner Unique": true, "Join Filter": "(l1.l_orderkey = orders.o_orderkey)", "Rows Removed by Join Filter": 0, "Plans": [{"Node Type": "Nested Loop", "Parent Relationship": "Outer", "Join Type": "Semi", "Startup Cost": 0.0, "Total Cost": 592347.1, "Plan Rows": 7254, "Plan Width": 42, "Actual Min Startup Time": 2089.648, "Actual Max Startup Time": 2089.648, "Actual Min Total Time": 21307.341, "Actual Max Total Time": 21307.341, "Actual Total Rows": 80537, "Inner Unique": false, "Plans": [{"Node Type": "Nested Loop", "Parent Relationship": "Outer", "Join Type": "Anti", "Startup Cost": 0.0, "Total Cost": 590491.54, "Plan Rows": 7635, "Plan Width": 42, "Actual Min Startup Time": 2089.636, "Actual Max Startup Time": 2089.636, "Actual Min Total Time": 20688.752, "Actual Max Total Time": 20688.752, "Actual Total Rows": 135110, "Inner Unique": false, "Plans": [{"Node Type": "Streaming(type: LOCAL GATHER dop: 1/64)", "Parent Relationship": "Outer", "Startup Cost": 0.0, "Total Cost": 543304.32, "Plan Rows": 152707, "Plan Width": 42, "Actual Min Startup Time": 2089.092, "Actual Max Startup Time": 2089.092, "Actual Min Total Time": 4652.838, "Actual Max Total Time": 4652.838, "Actual Total Rows": 1511024, "Plans": [{"Node Type": "Nested Loop", "Parent Relationship": "Outer", "Join Type": "Inner", "Startup Cost": 0.0, "Total Cost": 540153.99, "Plan Rows": 152707, "Plan Width": 42, "Actual Min Startup Time": 1641.633, "Actual Max Startup Time": 1891.958, "Actual Min Total Time": 9480.704, "Actual Max Total Time": 16809.137, "Actual Total Rows": 1511024, "Inner Unique": false, "Join Filter": "(supplier.s_suppkey = l1.l_suppkey), (LLVM Optimized, Jit Execute)", "Rows Removed by Join Filter": 2358157333, "Plans": [{"Node Type": "Streaming(type: LOCAL REDISTRIBUTE dop: 64/1)", "Parent Relationship": "Outer", "Startup Cost": 0.0, "Total Cost": 67696.83, "Plan Rows": 4000, "Plan Width": 34, "Actual Min Startup Time": 0.033, "Actual Max Startup Time": 0.09, "Actual Min Total Time": 0.079, "Actual Max Total Time": 0.379, "Actual Total Rows": 3981, "Plans": [{"Node Type": "Nested Loop", "Parent Relationship": "Outer", "Join Type": "Inner", "Startup Cost": 0.0, "Total Cost": 4534.31, "Plan Rows": 4000, "Plan Width": 34, "Actual Min Startup Time": 0.076, "Actual Max Startup Time": 0.076, "Actual Min Total Time": 51.71, "Actual Max Total Time": 51.71, "Actual Total Rows": 3981, "Inner Unique": false, "Join Filter": "(supplier.s_nationkey = nation.n_nationkey)", "Rows Removed by Join Filter": 96019, "Plans": [{"Node Type": "Seq Scan", "Parent Relationship": "Outer", "Relation Name": "nation", "Alias": "nation", "Startup Cost": 0.0, "Total Cost": 1.31, "Plan Rows": 1, "Plan Width": 4, "Actual Min Startup Time": 0.043, "Actual Max Startup Time": 0.043, "Actual Min Total Time": 0.056, "Actual Max Total Time": 0.056, "Actual Total Rows": 1, "Filter": "(n_name = 'EGYPT'::bpchar)", "Rows Removed by Filter": 24}, {"Node Type": "Seq Scan", "Parent Relationship": "Inner", "Relation Name": "supplier", "Alias": "supplier", "Startup Cost": 0.0, "Total Cost": 3283.0, "Plan Rows": 100000, "Plan Width": 38, "Actual Min Startup Time": 0.012, "Actual Max Startup Time": 0.012, "Actual Min Total Time": 28.719, "Actual Max Total Time": 28.719, "Actual Total Rows": 100000}]}]}, {"Node Type": "Materialize", "Parent Relationship": "Inner", "Startup Cost": 0.0, "Total Cost": 180332.8, "Plan Rows": 19995678, "Plan Width": 16, "Actual Min Startup Time": 1640.736, "Actual Max Startup Time": 1891.094, "Actual Min Total Time": 5962.818, "Actual Max Total Time": 11299.558, "Actual Total Rows": 2359668421, "Plans": [{"Node Type": "Streaming(type: LOCAL REDISTRIBUTE dop: 64/64)", "Parent Relationship": "Outer", "Startup Cost": 0.0, "Total Cost": 178770.64, "Plan Rows": 19995678, "Plan Width": 16, "Actual Min Startup Time": 0.111, "Actual Max Startup Time": 217.514, "Actual Min Total Time": 1520.886, "Actual Max Total Time": 1786.037, "Actual Total Rows": 37929348, "Plans": [{"Node Type": "Seq Scan", "Parent Relationship": "Outer", "Relation Name": "lineitem", "Alias": "l1", "Startup Cost": 0.0, "Total Cost": 96829.42, "Plan Rows": 19995678, "Plan Width": 16, "Actual Min Startup Time": 0.022, "Actual Max Startup Time": 0.066, "Actual Min Total Time": 458.493, "Actual Max Total Time": 541.009, "Actual Total Rows": 37929348, "Filter": "(l_receiptdate > l_commitdate), (LLVM Optimized, Jit Execute)", "Rows Removed by Filter": 22056704}]}]}]}]}, {"Node Type": "Index Scan", "Parent Relationship": "Inner", "Scan Direction": "Forward", "Index Name": "idx_lineitem_orderkey", "Relation Name": "lineitem", "Alias": "l3", "Startup Cost": 0.0, "Total Cost": 1.63, "Plan Rows": 3, "Plan Width": 16, "Actual Min Startup Time": 14958.555, "Actual Max Startup Time": 14958.555, "Actual Min Total Time": 14958.555, "Actual Max Total Time": 14958.555, "Actual Total Rows": 1375914, "Index Cond": "(l_orderkey = l1.l_orderkey)", "Rows Removed by Index Recheck": 0, "Filter": "((l_receiptdate > l_commitdate) AND (l_suppkey <> l1.l_suppkey))", "Rows Removed by Filter": 1348115}]}, {"Node Type": "Index Scan", "Parent Relationship": "Inner", "Scan Direction": "Forward", "Index Name": "idx_lineitem_orderkey", "Relation Name": "lineitem", "Alias": "l2", "Startup Cost": 0.0, "Total Cost": 1.63, "Plan Rows": 9, "Plan Width": 16, "Actual Min Startup Time": 513.699, "Actual Max Startup Time": 513.699, "Actual Min Total Time": 513.699, "Actual Max Total Time": 513.699, "Actual Total Rows": 80537, "Index Cond": "(l_orderkey = l1.l_orderkey)", "Rows Removed by Index Recheck": 0, "Filter": "(l_suppkey <> l1.l_suppkey)", "Rows Removed by Filter": 85912}]}, {"Node Type": "Index Scan", "Parent Relationship": "Inner", "Scan Direction": "Forward", "Index Name": "orders_pkey", "Relation Name": "orders", "Alias": "orders", "Startup Cost": 0.0, "Total Cost": 0.97, "Plan Rows": 1, "Plan Width": 8, "Actual Min Startup Time": 687.68, "Actual Max Startup Time": 687.68, "Actual Min Total Time": 687.68, "Actual Max Total Time": 687.68, "Actual Total Rows": 39445, "Index Cond": "(o_orderkey = l2.l_orderkey)", "Rows Removed by Index Recheck": 0, "Filter": "(o_orderstatus = 'F'::bpchar)", "Rows Removed by Filter": 41092}]}]}]}]}, "Triggers": [], "Planner Runtime": 9.23, "Total Runtime": 22173.314, "Unique SQL Id": 3870093320}}, "(64, 117)": {"explain_plan": {"Plan": {"Node Type": "Limit", "Startup Cost": 3220169.9, "Total Cost": 3220170.15, "Plan Rows": 100, "Plan Width": 34, "Plans": [{"Node Type": "Sort", "Parent Relationship": "Outer", "Startup Cost": 3220169.9, "Total Cost": 3220192.83, "Plan Rows": 100, "Plan Width": 34, "Sort Key": ["(count(*)) DESC", "supplier.s_name"], "Plans": [{"Node Type": "Aggregate", "Strategy": "Hashed", "Parent Relationship": "Outer", "Startup Cost": 3219727.63, "Total Cost": 3219819.35, "Plan Rows": 9172, "Plan Width": 34, "Group By Key": ["supplier.s_name"], "Plans": [{"Node Type": "Nested Loop", "Parent Relationship": "Outer", "Join Type": "Inner", "Startup Cost": 0.0, "Total Cost": 3219681.77, "Plan Rows": 9172, "Plan Width": 26, "Inner Unique": true, "Join Filter": "(l1.l_orderkey = orders.o_orderkey)", "Plans": [{"Node Type": "Nested Loop", "Parent Relationship": "Outer", "Join Type": "Semi", "Startup Cost": 0.0, "Total Cost": 3212581.4, "Plan Rows": 7254, "Plan Width": 42, "Inner Unique": false, "Plans": [{"Node Type": "Nested Loop", "Parent Relationship": "Outer", "Join Type": "Anti", "Startup Cost": 0.0, "Total Cost": 3210725.84, "Plan Rows": 7635, "Plan Width": 42, "Inner Unique": false, "Plans": [{"Node Type": "Streaming(type: LOCAL GATHER dop: 1/64)", "Parent Relationship": "Outer", "Startup Cost": 0.0, "Total Cost": 3163538.62, "Plan Rows": 152707, "Plan Width": 42, "Plans": [{"Node Type": "Nested Loop", "Parent Relationship": "Outer", "Join Type": "Inner", "Startup Cost": 0.0, "Total Cost": 3160388.29, "Plan Rows": 152707, "Plan Width": 42, "Inner Unique": false, "Join Filter": "(supplier.s_suppkey = l1.l_suppkey), (LLVM Optimized)", "Plans": [{"Node Type": "Streaming(type: LOCAL REDISTRIBUTE dop: 64/1)", "Parent Relationship": "Outer", "Startup Cost": 0.0, "Total Cost": 69760.92, "Plan Rows": 4000, "Plan Width": 34, "Plans": [{"Node Type": "Nested Loop", "Parent Relationship": "Outer", "Join Type": "Inner", "Startup Cost": 0.0, "Total Cost": 6598.4, "Plan Rows": 4000, "Plan Width": 34, "Inner Unique": false, "Join Filter": "(supplier.s_nationkey = nation.n_nationkey)", "Plans": [{"Node Type": "Index Scan", "Parent Relationship": "Outer", "Scan Direction": "Forward", "Index Name": "nation_pkey", "Relation Name": "nation", "Alias": "nation", "Startup Cost": 0.0, "Total Cost": 12.69, "Plan Rows": 1, "Plan Width": 4, "Filter": "(n_name = 'EGYPT'::bpchar)"}, {"Node Type": "Index Scan", "Parent Relationship": "Inner", "Scan Direction": "Forward", "Index Name": "supplier_pkey", "Relation Name": "supplier", "Alias": "supplier", "Startup Cost": 0.0, "Total Cost": 5335.71, "Plan Rows": 100000, "Plan Width": 38}]}]}, {"Node Type": "Materialize", "Parent Relationship": "Inner", "Startup Cost": 0.0, "Total Cost": 2798503.01, "Plan Rows": 19995678, "Plan Width": 16, "Plans": [{"Node Type": "Streaming(type: LOCAL REDISTRIBUTE dop: 64/64)", "Parent Relationship": "Outer", "Startup Cost": 0.0, "Total Cost": 2796940.85, "Plan Rows": 19995678, "Plan Width": 16, "Plans": [{"Node Type": "Index Scan", "Parent Relationship": "Outer", "Scan Direction": "Forward", "Index Name": "idx_lineitem_orderkey", "Relation Name": "lineitem", "Alias": "l1", "Startup Cost": 0.0, "Total Cost": 2714999.63, "Plan Rows": 19995678, "Plan Width": 16, "Filter": "(l_receiptdate > l_commitdate), (LLVM Optimized)"}]}]}]}]}, {"Node Type": "Index Scan", "Parent Relationship": "Inner", "Scan Direction": "Forward", "Index Name": "idx_lineitem_orderkey", "Relation Name": "lineitem", "Alias": "l3", "Startup Cost": 0.0, "Total Cost": 1.63, "Plan Rows": 3, "Plan Width": 16, "Index Cond": "(l_orderkey = l1.l_orderkey)", "Filter": "((l_receiptdate > l_commitdate) AND (l_suppkey <> l1.l_suppkey))"}]}, {"Node Type": "Index Scan", "Parent Relationship": "Inner", "Scan Direction": "Forward", "Index Name": "idx_lineitem_orderkey", "Relation Name": "lineitem", "Alias": "l2", "Startup Cost": 0.0, "Total Cost": 1.63, "Plan Rows": 9, "Plan Width": 16, "Index Cond": "(l_orderkey = l1.l_orderkey)", "Filter": "(l_suppkey <> l1.l_suppkey)"}]}, {"Node Type": "Index Scan", "Parent Relationship": "Inner", "Scan Direction": "Forward", "Index Name": "orders_pkey", "Relation Name": "orders", "Alias": "orders", "Startup Cost": 0.0, "Total Cost": 0.97, "Plan Rows": 1, "Plan Width": 8, "Index Cond": "(o_orderkey = l2.l_orderkey)", "Filter": "(o_orderstatus = 'F'::bpchar)"}]}]}]}]}, "Unique SQL Id": 3870093320}, "explain_analyze_plan": {"Plan": {"Node Type": "Limit", "Startup Cost": 3220169.9, "Total Cost": 3220170.15, "Plan Rows": 100, "Plan Width": 34, "Actual Min Startup Time": 25761.332, "Actual Max Startup Time": 25761.332, "Actual Min Total Time": 25761.348, "Actual Max Total Time": 25761.348, "Actual Total Rows": 100, "Plans": [{"Node Type": "Sort", "Parent Relationship": "Outer", "Startup Cost": 3220169.9, "Total Cost": 3220192.83, "Plan Rows": 100, "Plan Width": 34, "Actual Min Startup Time": 25761.329, "Actual Max Startup Time": 25761.329, "Actual Min Total Time": 25761.336, "Actual Max Total Time": 25761.336, "Actual Total Rows": 100, "Sort Key": ["(count(*)) DESC", "supplier.s_name"], "Sort Method": "top-N heapsort", "Sort Space Min Used": 41, "Sort Space Max Used": 41, "Sort Space Type": "Memory", "Plans": [{"Node Type": "Aggregate", "Strategy": "Hashed", "Parent Relationship": "Outer", "Startup Cost": 3219727.63, "Total Cost": 3219819.35, "Plan Rows": 9172, "Plan Width": 34, "Actual Min Startup Time": 25758.056, "Actual Max Startup Time": 25758.056, "Actual Min Total Time": 25759.319, "Actual Max Total Time": 25759.319, "Actual Total Rows": 3981, "Group By Key": ["supplier.s_name"], "Plans": [{"Node Type": "Nested Loop", "Parent Relationship": "Outer", "Join Type": "Inner", "Startup Cost": 0.0, "Total Cost": 3219681.77, "Plan Rows": 9172, "Plan Width": 26, "Actual Min Startup Time": 5073.861, "Actual Max Startup Time": 5073.861, "Actual Min Total Time": 25693.464, "Actual Max Total Time": 25693.464, "Actual Total Rows": 39445, "Inner Unique": true, "Join Filter": "(l1.l_orderkey = orders.o_orderkey)", "Rows Removed by Join Filter": 0, "Plans": [{"Node Type": "Nested Loop", "Parent Relationship": "Outer", "Join Type": "Semi", "Startup Cost": 0.0, "Total Cost": 3212581.4, "Plan Rows": 7254, "Plan Width": 42, "Actual Min Startup Time": 5071.269, "Actual Max Startup Time": 5071.269, "Actual Min Total Time": 24916.426, "Actual Max Total Time": 24916.426, "Actual Total Rows": 80537, "Inner Unique": false, "Plans": [{"Node Type": "Nested Loop", "Parent Relationship": "Outer", "Join Type": "Anti", "Startup Cost": 0.0, "Total Cost": 3210725.84, "Plan Rows": 7635, "Plan Width": 42, "Actual Min Startup Time": 5071.257, "Actual Max Startup Time": 5071.257, "Actual Min Total Time": 24272.311, "Actual Max Total Time": 24272.311, "Actual Total Rows": 135110, "Inner Unique": false, "Plans": [{"Node Type": "Streaming(type: LOCAL GATHER dop: 1/64)", "Parent Relationship": "Outer", "Startup Cost": 0.0, "Total Cost": 3163538.62, "Plan Rows": 152707, "Plan Width": 42, "Actual Min Startup Time": 5070.873, "Actual Max Startup Time": 5070.873, "Actual Min Total Time": 7986.719, "Actual Max Total Time": 7986.719, "Actual Total Rows": 1511024, "Plans": [{"Node Type": "Nested Loop", "Parent Relationship": "Outer", "Join Type": "Inner", "Startup Cost": 0.0, "Total Cost": 3160388.29, "Plan Rows": 152707, "Plan Width": 42, "Actual Min Startup Time": 4626.499, "Actual Max Startup Time": 4901.296, "Actual Min Total Time": 12024.49, "Actual Max Total Time": 18749.412, "Actual Total Rows": 1511024, "Inner Unique": false, "Join Filter": "(supplier.s_suppkey = l1.l_suppkey), (LLVM Optimized, Jit Execute)", "Rows Removed by Join Filter": 2358157333, "Plans": [{"Node Type": "Streaming(type: LOCAL REDISTRIBUTE dop: 64/1)", "Parent Relationship": "Outer", "Startup Cost": 0.0, "Total Cost": 69760.92, "Plan Rows": 4000, "Plan Width": 34, "Actual Min Startup Time": 0.035, "Actual Max Startup Time": 0.087, "Actual Min Total Time": 0.076, "Actual Max Total Time": 0.396, "Actual Total Rows": 3981, "Plans": [{"Node Type": "Nested Loop", "Parent Relationship": "Outer", "Join Type": "Inner", "Startup Cost": 0.0, "Total Cost": 6598.4, "Plan Rows": 4000, "Plan Width": 34, "Actual Min Startup Time": 0.119, "Actual Max Startup Time": 0.119, "Actual Min Total Time": 109.903, "Actual Max Total Time": 109.903, "Actual Total Rows": 3981, "Inner Unique": false, "Join Filter": "(supplier.s_nationkey = nation.n_nationkey)", "Rows Removed by Join Filter": 96019, "Plans": [{"Node Type": "Index Scan", "Parent Relationship": "Outer", "Scan Direction": "Forward", "Index Name": "nation_pkey", "Relation Name": "nation", "Alias": "nation", "Startup Cost": 0.0, "Total Cost": 12.69, "Plan Rows": 1, "Plan Width": 4, "Actual Min Startup Time": 0.051, "Actual Max Startup Time": 0.051, "Actual Min Total Time": 0.077, "Actual Max Total Time": 0.077, "Actual Total Rows": 1, "Filter": "(n_name = 'EGYPT'::bpchar)", "Rows Removed by Filter": 24}, {"Node Type": "Index Scan", "Parent Relationship": "Inner", "Scan Direction": "Forward", "Index Name": "supplier_pkey", "Relation Name": "supplier", "Alias": "supplier", "Startup Cost": 0.0, "Total Cost": 5335.71, "Plan Rows": 100000, "Plan Width": 38, "Actual Min Startup Time": 0.036, "Actual Max Startup Time": 0.036, "Actual Min Total Time": 74.078, "Actual Max Total Time": 74.078, "Actual Total Rows": 100000}]}]}, {"Node Type": "Materialize", "Parent Relationship": "Inner", "Startup Cost": 0.0, "Total Cost": 2798503.01, "Plan Rows": 19995678, "Plan Width": 16, "Actual Min Startup Time": 4625.444, "Actual Max Startup Time": 4900.63, "Actual Min Total Time": 8319.603, "Actual Max Total Time": 13712.832, "Actual Total Rows": 2359668421, "Plans": [{"Node Type": "Streaming(type: LOCAL REDISTRIBUTE dop: 64/64)", "Parent Relationship": "Outer", "Startup Cost": 0.0, "Total Cost": 2796940.85, "Plan Rows": 19995678, "Plan Width": 16, "Actual Min Startup Time": 463.524, "Actual Max Startup Time": 738.456, "Actual Min Total Time": 4500.006, "Actual Max Total Time": 4782.711, "Actual Total Rows": 37929348, "Plans": [{"Node Type": "Index Scan", "Parent Relationship": "Outer", "Scan Direction": "Forward", "Index Name": "idx_lineitem_orderkey", "Relation Name": "lineitem", "Alias": "l1", "Startup Cost": 0.0, "Total Cost": 2714999.63, "Plan Rows": 19995678, "Plan Width": 16, "Actual Min Startup Time": 452.299, "Actual Max Startup Time": 759.637, "Actual Min Total Time": 1242.865, "Actual Max Total Time": 1614.049, "Actual Total Rows": 37929348, "Filter": "(l_receiptdate > l_commitdate), (LLVM Optimized, Jit Execute)", "Rows Removed by Filter": 22056704}]}]}]}]}, {"Node Type": "Index Scan", "Parent Relationship": "Inner", "Scan Direction": "Forward", "Index Name": "idx_lineitem_orderkey", "Relation Name": "lineitem", "Alias": "l3", "Startup Cost": 0.0, "Total Cost": 1.63, "Plan Rows": 3, "Plan Width": 16, "Actual Min Startup Time": 15173.22, "Actual Max Startup Time": 15173.22, "Actual Min Total Time": 15173.22, "Actual Max Total Time": 15173.22, "Actual Total Rows": 1375914, "Index Cond": "(l_orderkey = l1.l_orderkey)", "Rows Removed by Index Recheck": 0, "Filter": "((l_receiptdate > l_commitdate) AND (l_suppkey <> l1.l_suppkey))", "Rows Removed by Filter": 1348115}]}, {"Node Type": "Index Scan", "Parent Relationship": "Inner", "Scan Direction": "Forward", "Index Name": "idx_lineitem_orderkey", "Relation Name": "lineitem", "Alias": "l2", "Startup Cost": 0.0, "Total Cost": 1.63, "Plan Rows": 9, "Plan Width": 16, "Actual Min Startup Time": 529.801, "Actual Max Startup Time": 529.801, "Actual Min Total Time": 529.801, "Actual Max Total Time": 529.801, "Actual Total Rows": 80537, "Index Cond": "(l_orderkey = l1.l_orderkey)", "Rows Removed by Index Recheck": 0, "Filter": "(l_suppkey <> l1.l_suppkey)", "Rows Removed by Filter": 85912}]}, {"Node Type": "Index Scan", "Parent Relationship": "Inner", "Scan Direction": "Forward", "Index Name": "orders_pkey", "Relation Name": "orders", "Alias": "orders", "Startup Cost": 0.0, "Total Cost": 0.97, "Plan Rows": 1, "Plan Width": 8, "Actual Min Startup Time": 697.938, "Actual Max Startup Time": 697.938, "Actual Min Total Time": 697.938, "Actual Max Total Time": 697.938, "Actual Total Rows": 39445, "Index Cond": "(o_orderkey = l2.l_orderkey)", "Rows Removed by Index Recheck": 0, "Filter": "(o_orderstatus = 'F'::bpchar)", "Rows Removed by Filter": 41092}]}]}]}]}, "Triggers": [], "Planner Runtime": 9.276, "Total Runtime": 25798.915, "Unique SQL Id": 3870093320}}, "(64, 118)": {"explain_plan": {"Plan": {"Node Type": "Limit", "Startup Cost": 951244.84, "Total Cost": 951245.09, "Plan Rows": 100, "Plan Width": 34, "Plans": [{"Node Type": "Sort", "Parent Relationship": "Outer", "Startup Cost": 951244.84, "Total Cost": 951267.77, "Plan Rows": 100, "Plan Width": 34, "Sort Key": ["(count(*)) DESC", "supplier.s_name"], "Plans": [{"Node Type": "Aggregate", "Strategy": "Hashed", "Parent Relationship": "Outer", "Startup Cost": 950802.57, "Total Cost": 950894.29, "Plan Rows": 9172, "Plan Width": 34, "Group By Key": ["supplier.s_name"], "Plans": [{"Node Type": "Nested Loop", "Parent Relationship": "Outer", "Join Type": "Inner", "Startup Cost": 2.25, "Total Cost": 950756.71, "Plan Rows": 9172, "Plan Width": 26, "Inner Unique": true, "Join Filter": "(l1.l_orderkey = orders.o_orderkey)", "Plans": [{"Node Type": "Nested Loop", "Parent Relationship": "Outer", "Join Type": "Semi", "Startup Cost": 1.65, "Total Cost": 917195.95, "Plan Rows": 7254, "Plan Width": 42, "Inner Unique": false, "Plans": [{"Node Type": "Nested Loop", "Parent Relationship": "Outer", "Join Type": "Anti", "Startup Cost": 0.82, "Total Cost": 902017.4, "Plan Rows": 7635, "Plan Width": 42, "Inner Unique": false, "Plans": [{"Node Type": "Streaming(type: LOCAL GATHER dop: 1/64)", "Parent Relationship": "Outer", "Startup Cost": 0.0, "Total Cost": 543304.32, "Plan Rows": 152707, "Plan Width": 42, "Plans": [{"Node Type": "Nested Loop", "Parent Relationship": "Outer", "Join Type": "Inner", "Startup Cost": 0.0, "Total Cost": 540153.99, "Plan Rows": 152707, "Plan Width": 42, "Inner Unique": false, "Join Filter": "(supplier.s_suppkey = l1.l_suppkey), (LLVM Optimized)", "Plans": [{"Node Type": "Streaming(type: LOCAL REDISTRIBUTE dop: 64/1)", "Parent Relationship": "Outer", "Startup Cost": 0.0, "Total Cost": 67696.83, "Plan Rows": 4000, "Plan Width": 34, "Plans": [{"Node Type": "Nested Loop", "Parent Relationship": "Outer", "Join Type": "Inner", "Startup Cost": 0.0, "Total Cost": 4534.31, "Plan Rows": 4000, "Plan Width": 34, "Inner Unique": false, "Join Filter": "(supplier.s_nationkey = nation.n_nationkey)", "Plans": [{"Node Type": "Seq Scan", "Parent Relationship": "Outer", "Relation Name": "nation", "Alias": "nation", "Startup Cost": 0.0, "Total Cost": 1.31, "Plan Rows": 1, "Plan Width": 4, "Filter": "(n_name = 'EGYPT'::bpchar)"}, {"Node Type": "Seq Scan", "Parent Relationship": "Inner", "Relation Name": "supplier", "Alias": "supplier", "Startup Cost": 0.0, "Total Cost": 3283.0, "Plan Rows": 100000, "Plan Width": 38}]}]}, {"Node Type": "Materialize", "Parent Relationship": "Inner", "Startup Cost": 0.0, "Total Cost": 180332.8, "Plan Rows": 19995678, "Plan Width": 16, "Plans": [{"Node Type": "Streaming(type: LOCAL REDISTRIBUTE dop: 64/64)", "Parent Relationship": "Outer", "Startup Cost": 0.0, "Total Cost": 178770.64, "Plan Rows": 19995678, "Plan Width": 16, "Plans": [{"Node Type": "Seq Scan", "Parent Relationship": "Outer", "Relation Name": "lineitem", "Alias": "l1", "Startup Cost": 0.0, "Total Cost": 96829.42, "Plan Rows": 19995678, "Plan Width": 16, "Filter": "(l_receiptdate > l_commitdate), (LLVM Optimized)"}]}]}]}]}, {"Node Type": "Bitmap Heap Scan", "Parent Relationship": "Inner", "Relation Name": "lineitem", "Alias": "l3", "Startup Cost": 0.82, "Total Cost": 8.97, "Plan Rows": 3, "Plan Width": 16, "Recheck Cond": "(l_orderkey = l1.l_orderkey)", "Filter": "((l_receiptdate > l_commitdate) AND (l_suppkey <> l1.l_suppkey))", "Plans": [{"Node Type": "Bitmap Index Scan", "Parent Relationship": "Outer", "Index Name": "idx_lineitem_orderkey", "Startup Cost": 0.0, "Total Cost": 0.82, "Plan Rows": 9, "Plan Width": 0, "Index Cond": "(l_orderkey = l1.l_orderkey)"}]}]}, {"Node Type": "Bitmap Heap Scan", "Parent Relationship": "Inner", "Relation Name": "lineitem", "Alias": "l2", "Startup Cost": 0.82, "Total Cost": 8.95, "Plan Rows": 9, "Plan Width": 16, "Recheck Cond": "(l_orderkey = l1.l_orderkey)", "Filter": "(l_suppkey <> l1.l_suppkey)", "Plans": [{"Node Type": "Bitmap Index Scan", "Parent Relationship": "Outer", "Index Name": "idx_lineitem_orderkey", "Startup Cost": 0.0, "Total Cost": 0.82, "Plan Rows": 9, "Plan Width": 0, "Index Cond": "(l_orderkey = l1.l_orderkey)"}]}]}, {"Node Type": "Bitmap Heap Scan", "Parent Relationship": "Inner", "Relation Name": "orders", "Alias": "orders", "Startup Cost": 0.6, "Total Cost": 4.61, "Plan Rows": 1, "Plan Width": 8, "Recheck Cond": "(o_orderkey = l2.l_orderkey)", "Filter": "(o_orderstatus = 'F'::bpchar)", "Plans": [{"Node Type": "Bitmap Index Scan", "Parent Relationship": "Outer", "Index Name": "orders_pkey", "Startup Cost": 0.0, "Total Cost": 0.6, "Plan Rows": 1, "Plan Width": 0, "Index Cond": "(o_orderkey = l2.l_orderkey)"}]}]}]}]}]}, "Unique SQL Id": 3870093320}, "explain_analyze_plan": null}, "(64, 119)": {"explain_plan": {"Plan": {"Node Type": "Limit", "Startup Cost": 54985304.37, "Total Cost": 54985304.62, "Plan Rows": 100, "Plan Width": 34, "Plans": [{"Node Type": "Sort", "Parent Relationship": "Outer", "Startup Cost": 54985304.37, "Total Cost": 54985327.3, "Plan Rows": 100, "Plan Width": 34, "Sort Key": ["(count(*)) DESC", "supplier.s_name"], "Plans": [{"Node Type": "Aggregate", "Strategy": "Hashed", "Parent Relationship": "Outer", "Startup Cost": 54984862.1, "Total Cost": 54984953.82, "Plan Rows": 9172, "Plan Width": 34, "Group By Key": ["supplier.s_name"], "Plans": [{"Node Type": "Nested Loop", "Parent Relationship": "Outer", "Join Type": "Inner", "Startup Cost": 1230045.5, "Total Cost": 54984816.24, "Plan Rows": 9172, "Plan Width": 26, "Inner Unique": true, "Join Filter": "(l1.l_orderkey = orders.o_orderkey)", "Plans": [{"Node Type": "Nested Loop", "Parent Relationship": "Outer", "Join Type": "Semi", "Startup Cost": 1230044.9, "Total Cost": 54951255.48, "Plan Rows": 7254, "Plan Width": 42, "Inner Unique": false, "Plans": [{"Node Type": "Nested Loop", "Parent Relationship": "Outer", "Join Type": "Inner", "Startup Cost": 1230044.08, "Total Cost": 54936076.93, "Plan Rows": 7635, "Plan Width": 42, "Inner Unique": false, "Join Filter": "(supplier.s_nationkey = nation.n_nationkey)", "Plans": [{"Node Type": "Bitmap Heap Scan", "Parent Relationship": "Outer", "Relation Name": "nation", "Alias": "nation", "Startup Cost": 8.38, "Total Cost": 12.69, "Plan Rows": 1, "Plan Width": 4, "Filter": "(n_name = 'EGYPT'::bpchar)", "Plans": [{"Node Type": "Bitmap Index Scan", "Parent Relationship": "Outer", "Index Name": "nation_pkey", "Startup Cost": 0.0, "Total Cost": 8.38, "Plan Rows": 25, "Plan Width": 0}]}, {"Node Type": "Nested Loop", "Parent Relationship": "Inner", "Join Type": "Inner", "Startup Cost": 1230035.7, "Total Cost": 54933678.19, "Plan Rows": 190884, "Plan Width": 46, "Inner Unique": true, "Plans": [{"Node Type": "Nested Loop", "Parent Relationship": "Outer", "Join Type": "Anti", "Startup Cost": 1230035.16, "Total Cost": 50364947.29, "Plan Rows": 999784, "Plan Width": 16, "Inner Unique": false, "Plans": [{"Node Type": "Bitmap Heap Scan", "Parent Relationship": "Outer", "Relation Name": "lineitem", "Alias": "l1", "Startup Cost": 1230034.33, "Total Cost": 3395117.25, "Plan Rows": 19995678, "Plan Width": 16, "Filter": "(l_receiptdate > l_commitdate), (LLVM Optimized)", "Plans": [{"Node Type": "Bitmap Index Scan", "Parent Relationship": "Outer", "Index Name": "idx_lineitem_orderkey", "Startup Cost": 0.0, "Total Cost": 1225035.42, "Plan Rows": 59987033, "Plan Width": 0}]}, {"Node Type": "Bitmap Heap Scan", "Parent Relationship": "Inner", "Relation Name": "lineitem", "Alias": "l3", "Startup Cost": 0.82, "Total Cost": 8.97, "Plan Rows": 3, "Plan Width": 16, "Recheck Cond": "(l_orderkey = l1.l_orderkey)", "Filter": "((l_receiptdate > l_commitdate) AND (l_suppkey <> l1.l_suppkey))", "Plans": [{"Node Type": "Bitmap Index Scan", "Parent Relationship": "Outer", "Index Name": "idx_lineitem_orderkey", "Startup Cost": 0.0, "Total Cost": 0.82, "Plan Rows": 9, "Plan Width": 0, "Index Cond": "(l_orderkey = l1.l_orderkey)"}]}]}, {"Node Type": "Bitmap Heap Scan", "Parent Relationship": "Inner", "Relation Name": "supplier", "Alias": "supplier", "Startup Cost": 0.55, "Total Cost": 4.56, "Plan Rows": 1, "Plan Width": 38, "Recheck Cond": "(s_suppkey = l1.l_suppkey)", "Plans": [{"Node Type": "Bitmap Index Scan", "Parent Relationship": "Outer", "Index Name": "supplier_pkey", "Startup Cost": 0.0, "Total Cost": 0.55, "Plan Rows": 1, "Plan Width": 0, "Index Cond": "(s_suppkey = l1.l_suppkey)"}]}]}]}, {"Node Type": "Bitmap Heap Scan", "Parent Relationship": "Inner", "Relation Name": "lineitem", "Alias": "l2", "Startup Cost": 0.82, "Total Cost": 8.95, "Plan Rows": 9, "Plan Width": 16, "Recheck Cond": "(l_orderkey = l1.l_orderkey)", "Filter": "(l_suppkey <> l1.l_suppkey)", "Plans": [{"Node Type": "Bitmap Index Scan", "Parent Relationship": "Outer", "Index Name": "idx_lineitem_orderkey", "Startup Cost": 0.0, "Total Cost": 0.82, "Plan Rows": 9, "Plan Width": 0, "Index Cond": "(l_orderkey = l1.l_orderkey)"}]}]}, {"Node Type": "Bitmap Heap Scan", "Parent Relationship": "Inner", "Relation Name": "orders", "Alias": "orders", "Startup Cost": 0.6, "Total Cost": 4.61, "Plan Rows": 1, "Plan Width": 8, "Recheck Cond": "(o_orderkey = l2.l_orderkey)", "Filter": "(o_orderstatus = 'F'::bpchar)", "Plans": [{"Node Type": "Bitmap Index Scan", "Parent Relationship": "Outer", "Index Name": "orders_pkey", "Startup Cost": 0.0, "Total Cost": 0.6, "Plan Rows": 1, "Plan Width": 0, "Index Cond": "(o_orderkey = l2.l_orderkey)"}]}]}]}]}]}, "Unique SQL Id": 3870093320}, "explain_analyze_plan": null}, "(64, 120)": {"explain_plan": {"Plan": {"Node Type": "Limit", "Startup Cost": 599935.6, "Total Cost": 599935.85, "Plan Rows": 100, "Plan Width": 34, "Plans": [{"Node Type": "Sort", "Parent Relationship": "Outer", "Startup Cost": 599935.6, "Total Cost": 599958.53, "Plan Rows": 100, "Plan Width": 34, "Sort Key": ["(count(*)) DESC", "supplier.s_name"], "Plans": [{"Node Type": "Aggregate", "Strategy": "Hashed", "Parent Relationship": "Outer", "Startup Cost": 599493.33, "Total Cost": 599585.05, "Plan Rows": 9172, "Plan Width": 34, "Group By Key": ["supplier.s_name"], "Plans": [{"Node Type": "Nested Loop", "Parent Relationship": "Outer", "Join Type": "Inner", "Startup Cost": 0.0, "Total Cost": 599447.47, "Plan Rows": 9172, "Plan Width": 26, "Inner Unique": true, "Join Filter": "(l1.l_orderkey = orders.o_orderkey)", "Plans": [{"Node Type": "Nested Loop", "Parent Relationship": "Outer", "Join Type": "Semi", "Startup Cost": 0.0, "Total Cost": 592347.1, "Plan Rows": 7254, "Plan Width": 42, "Inner Unique": false, "Plans": [{"Node Type": "Nested Loop", "Parent Relationship": "Outer", "Join Type": "Anti", "Startup Cost": 0.0, "Total Cost": 590491.54, "Plan Rows": 7635, "Plan Width": 42, "Inner Unique": false, "Plans": [{"Node Type": "Streaming(type: LOCAL GATHER dop: 1/64)", "Parent Relationship": "Outer", "Startup Cost": 0.0, "Total Cost": 543304.32, "Plan Rows": 152707, "Plan Width": 42, "Plans": [{"Node Type": "Nested Loop", "Parent Relationship": "Outer", "Join Type": "Inner", "Startup Cost": 0.0, "Total Cost": 540153.99, "Plan Rows": 152707, "Plan Width": 42, "Inner Unique": false, "Join Filter": "(supplier.s_suppkey = l1.l_suppkey), (LLVM Optimized)", "Plans": [{"Node Type": "Streaming(type: LOCAL REDISTRIBUTE dop: 64/1)", "Parent Relationship": "Outer", "Startup Cost": 0.0, "Total Cost": 67696.83, "Plan Rows": 4000, "Plan Width": 34, "Plans": [{"Node Type": "Nested Loop", "Parent Relationship": "Outer", "Join Type": "Inner", "Startup Cost": 0.0, "Total Cost": 4534.31, "Plan Rows": 4000, "Plan Width": 34, "Inner Unique": false, "Join Filter": "(supplier.s_nationkey = nation.n_nationkey)", "Plans": [{"Node Type": "Seq Scan", "Parent Relationship": "Outer", "Relation Name": "nation", "Alias": "nation", "Startup Cost": 0.0, "Total Cost": 1.31, "Plan Rows": 1, "Plan Width": 4, "Filter": "(n_name = 'EGYPT'::bpchar)"}, {"Node Type": "Seq Scan", "Parent Relationship": "Inner", "Relation Name": "supplier", "Alias": "supplier", "Startup Cost": 0.0, "Total Cost": 3283.0, "Plan Rows": 100000, "Plan Width": 38}]}]}, {"Node Type": "Materialize", "Parent Relationship": "Inner", "Startup Cost": 0.0, "Total Cost": 180332.8, "Plan Rows": 19995678, "Plan Width": 16, "Plans": [{"Node Type": "Streaming(type: LOCAL REDISTRIBUTE dop: 64/64)", "Parent Relationship": "Outer", "Startup Cost": 0.0, "Total Cost": 178770.64, "Plan Rows": 19995678, "Plan Width": 16, "Plans": [{"Node Type": "Seq Scan", "Parent Relationship": "Outer", "Relation Name": "lineitem", "Alias": "l1", "Startup Cost": 0.0, "Total Cost": 96829.42, "Plan Rows": 19995678, "Plan Width": 16, "Filter": "(l_receiptdate > l_commitdate), (LLVM Optimized)"}]}]}]}]}, {"Node Type": "Index Scan", "Parent Relationship": "Inner", "Scan Direction": "Forward", "Index Name": "idx_lineitem_orderkey", "Relation Name": "lineitem", "Alias": "l3", "Startup Cost": 0.0, "Total Cost": 1.63, "Plan Rows": 3, "Plan Width": 16, "Index Cond": "(l_orderkey = l1.l_orderkey)", "Filter": "((l_receiptdate > l_commitdate) AND (l_suppkey <> l1.l_suppkey))"}]}, {"Node Type": "Index Scan", "Parent Relationship": "Inner", "Scan Direction": "Forward", "Index Name": "idx_lineitem_orderkey", "Relation Name": "lineitem", "Alias": "l2", "Startup Cost": 0.0, "Total Cost": 1.63, "Plan Rows": 9, "Plan Width": 16, "Index Cond": "(l_orderkey = l1.l_orderkey)", "Filter": "(l_suppkey <> l1.l_suppkey)"}]}, {"Node Type": "Index Scan", "Parent Relationship": "Inner", "Scan Direction": "Forward", "Index Name": "orders_pkey", "Relation Name": "orders", "Alias": "orders", "Startup Cost": 0.0, "Total Cost": 0.97, "Plan Rows": 1, "Plan Width": 8, "Index Cond": "(o_orderkey = l2.l_orderkey)", "Filter": "(o_orderstatus = 'F'::bpchar)"}]}]}]}]}, "Unique SQL Id": 3870093320}, "explain_analyze_plan": {"Plan": {"Node Type": "Limit", "Startup Cost": 599935.6, "Total Cost": 599935.85, "Plan Rows": 100, "Plan Width": 34, "Actual Min Startup Time": 22135.209, "Actual Max Startup Time": 22135.209, "Actual Min Total Time": 22135.229, "Actual Max Total Time": 22135.229, "Actual Total Rows": 100, "Plans": [{"Node Type": "Sort", "Parent Relationship": "Outer", "Startup Cost": 599935.6, "Total Cost": 599958.53, "Plan Rows": 100, "Plan Width": 34, "Actual Min Startup Time": 22135.204, "Actual Max Startup Time": 22135.204, "Actual Min Total Time": 22135.212, "Actual Max Total Time": 22135.212, "Actual Total Rows": 100, "Sort Key": ["(count(*)) DESC", "supplier.s_name"], "Sort Method": "top-N heapsort", "Sort Space Min Used": 41, "Sort Space Max Used": 41, "Sort Space Type": "Memory", "Plans": [{"Node Type": "Aggregate", "Strategy": "Hashed", "Parent Relationship": "Outer", "Startup Cost": 599493.33, "Total Cost": 599585.05, "Plan Rows": 9172, "Plan Width": 34, "Actual Min Startup Time": 22131.822, "Actual Max Startup Time": 22131.822, "Actual Min Total Time": 22133.014, "Actual Max Total Time": 22133.014, "Actual Total Rows": 3981, "Group By Key": ["supplier.s_name"], "Plans": [{"Node Type": "Nested Loop", "Parent Relationship": "Outer", "Join Type": "Inner", "Startup Cost": 0.0, "Total Cost": 599447.47, "Plan Rows": 9172, "Plan Width": 26, "Actual Min Startup Time": 2089.674, "Actual Max Startup Time": 2089.674, "Actual Min Total Time": 22070.682, "Actual Max Total Time": 22070.682, "Actual Total Rows": 39445, "Inner Unique": true, "Join Filter": "(l1.l_orderkey = orders.o_orderkey)", "Rows Removed by Join Filter": 0, "Plans": [{"Node Type": "Nested Loop", "Parent Relationship": "Outer", "Join Type": "Semi", "Startup Cost": 0.0, "Total Cost": 592347.1, "Plan Rows": 7254, "Plan Width": 42, "Actual Min Startup Time": 2089.648, "Actual Max Startup Time": 2089.648, "Actual Min Total Time": 21307.341, "Actual Max Total Time": 21307.341, "Actual Total Rows": 80537, "Inner Unique": false, "Plans": [{"Node Type": "Nested Loop", "Parent Relationship": "Outer", "Join Type": "Anti", "Startup Cost": 0.0, "Total Cost": 590491.54, "Plan Rows": 7635, "Plan Width": 42, "Actual Min Startup Time": 2089.636, "Actual Max Startup Time": 2089.636, "Actual Min Total Time": 20688.752, "Actual Max Total Time": 20688.752, "Actual Total Rows": 135110, "Inner Unique": false, "Plans": [{"Node Type": "Streaming(type: LOCAL GATHER dop: 1/64)", "Parent Relationship": "Outer", "Startup Cost": 0.0, "Total Cost": 543304.32, "Plan Rows": 152707, "Plan Width": 42, "Actual Min Startup Time": 2089.092, "Actual Max Startup Time": 2089.092, "Actual Min Total Time": 4652.838, "Actual Max Total Time": 4652.838, "Actual Total Rows": 1511024, "Plans": [{"Node Type": "Nested Loop", "Parent Relationship": "Outer", "Join Type": "Inner", "Startup Cost": 0.0, "Total Cost": 540153.99, "Plan Rows": 152707, "Plan Width": 42, "Actual Min Startup Time": 1641.633, "Actual Max Startup Time": 1891.958, "Actual Min Total Time": 9480.704, "Actual Max Total Time": 16809.137, "Actual Total Rows": 1511024, "Inner Unique": false, "Join Filter": "(supplier.s_suppkey = l1.l_suppkey), (LLVM Optimized, Jit Execute)", "Rows Removed by Join Filter": 2358157333, "Plans": [{"Node Type": "Streaming(type: LOCAL REDISTRIBUTE dop: 64/1)", "Parent Relationship": "Outer", "Startup Cost": 0.0, "Total Cost": 67696.83, "Plan Rows": 4000, "Plan Width": 34, "Actual Min Startup Time": 0.033, "Actual Max Startup Time": 0.09, "Actual Min Total Time": 0.079, "Actual Max Total Time": 0.379, "Actual Total Rows": 3981, "Plans": [{"Node Type": "Nested Loop", "Parent Relationship": "Outer", "Join Type": "Inner", "Startup Cost": 0.0, "Total Cost": 4534.31, "Plan Rows": 4000, "Plan Width": 34, "Actual Min Startup Time": 0.076, "Actual Max Startup Time": 0.076, "Actual Min Total Time": 51.71, "Actual Max Total Time": 51.71, "Actual Total Rows": 3981, "Inner Unique": false, "Join Filter": "(supplier.s_nationkey = nation.n_nationkey)", "Rows Removed by Join Filter": 96019, "Plans": [{"Node Type": "Seq Scan", "Parent Relationship": "Outer", "Relation Name": "nation", "Alias": "nation", "Startup Cost": 0.0, "Total Cost": 1.31, "Plan Rows": 1, "Plan Width": 4, "Actual Min Startup Time": 0.043, "Actual Max Startup Time": 0.043, "Actual Min Total Time": 0.056, "Actual Max Total Time": 0.056, "Actual Total Rows": 1, "Filter": "(n_name = 'EGYPT'::bpchar)", "Rows Removed by Filter": 24}, {"Node Type": "Seq Scan", "Parent Relationship": "Inner", "Relation Name": "supplier", "Alias": "supplier", "Startup Cost": 0.0, "Total Cost": 3283.0, "Plan Rows": 100000, "Plan Width": 38, "Actual Min Startup Time": 0.012, "Actual Max Startup Time": 0.012, "Actual Min Total Time": 28.719, "Actual Max Total Time": 28.719, "Actual Total Rows": 100000}]}]}, {"Node Type": "Materialize", "Parent Relationship": "Inner", "Startup Cost": 0.0, "Total Cost": 180332.8, "Plan Rows": 19995678, "Plan Width": 16, "Actual Min Startup Time": 1640.736, "Actual Max Startup Time": 1891.094, "Actual Min Total Time": 5962.818, "Actual Max Total Time": 11299.558, "Actual Total Rows": 2359668421, "Plans": [{"Node Type": "Streaming(type: LOCAL REDISTRIBUTE dop: 64/64)", "Parent Relationship": "Outer", "Startup Cost": 0.0, "Total Cost": 178770.64, "Plan Rows": 19995678, "Plan Width": 16, "Actual Min Startup Time": 0.111, "Actual Max Startup Time": 217.514, "Actual Min Total Time": 1520.886, "Actual Max Total Time": 1786.037, "Actual Total Rows": 37929348, "Plans": [{"Node Type": "Seq Scan", "Parent Relationship": "Outer", "Relation Name": "lineitem", "Alias": "l1", "Startup Cost": 0.0, "Total Cost": 96829.42, "Plan Rows": 19995678, "Plan Width": 16, "Actual Min Startup Time": 0.022, "Actual Max Startup Time": 0.066, "Actual Min Total Time": 458.493, "Actual Max Total Time": 541.009, "Actual Total Rows": 37929348, "Filter": "(l_receiptdate > l_commitdate), (LLVM Optimized, Jit Execute)", "Rows Removed by Filter": 22056704}]}]}]}]}, {"Node Type": "Index Scan", "Parent Relationship": "Inner", "Scan Direction": "Forward", "Index Name": "idx_lineitem_orderkey", "Relation Name": "lineitem", "Alias": "l3", "Startup Cost": 0.0, "Total Cost": 1.63, "Plan Rows": 3, "Plan Width": 16, "Actual Min Startup Time": 14958.555, "Actual Max Startup Time": 14958.555, "Actual Min Total Time": 14958.555, "Actual Max Total Time": 14958.555, "Actual Total Rows": 1375914, "Index Cond": "(l_orderkey = l1.l_orderkey)", "Rows Removed by Index Recheck": 0, "Filter": "((l_receiptdate > l_commitdate) AND (l_suppkey <> l1.l_suppkey))", "Rows Removed by Filter": 1348115}]}, {"Node Type": "Index Scan", "Parent Relationship": "Inner", "Scan Direction": "Forward", "Index Name": "idx_lineitem_orderkey", "Relation Name": "lineitem", "Alias": "l2", "Startup Cost": 0.0, "Total Cost": 1.63, "Plan Rows": 9, "Plan Width": 16, "Actual Min Startup Time": 513.699, "Actual Max Startup Time": 513.699, "Actual Min Total Time": 513.699, "Actual Max Total Time": 513.699, "Actual Total Rows": 80537, "Index Cond": "(l_orderkey = l1.l_orderkey)", "Rows Removed by Index Recheck": 0, "Filter": "(l_suppkey <> l1.l_suppkey)", "Rows Removed by Filter": 85912}]}, {"Node Type": "Index Scan", "Parent Relationship": "Inner", "Scan Direction": "Forward", "Index Name": "orders_pkey", "Relation Name": "orders", "Alias": "orders", "Startup Cost": 0.0, "Total Cost": 0.97, "Plan Rows": 1, "Plan Width": 8, "Actual Min Startup Time": 687.68, "Actual Max Startup Time": 687.68, "Actual Min Total Time": 687.68, "Actual Max Total Time": 687.68, "Actual Total Rows": 39445, "Index Cond": "(o_orderkey = l2.l_orderkey)", "Rows Removed by Index Recheck": 0, "Filter": "(o_orderstatus = 'F'::bpchar)", "Rows Removed by Filter": 41092}]}]}]}]}, "Triggers": [], "Planner Runtime": 9.23, "Total Runtime": 22173.314, "Unique SQL Id": 3870093320}}, "(64, 121)": {"explain_plan": {"Plan": {"Node Type": "Limit", "Startup Cost": 3220169.9, "Total Cost": 3220170.15, "Plan Rows": 100, "Plan Width": 34, "Plans": [{"Node Type": "Sort", "Parent Relationship": "Outer", "Startup Cost": 3220169.9, "Total Cost": 3220192.83, "Plan Rows": 100, "Plan Width": 34, "Sort Key": ["(count(*)) DESC", "supplier.s_name"], "Plans": [{"Node Type": "Aggregate", "Strategy": "Hashed", "Parent Relationship": "Outer", "Startup Cost": 3219727.63, "Total Cost": 3219819.35, "Plan Rows": 9172, "Plan Width": 34, "Group By Key": ["supplier.s_name"], "Plans": [{"Node Type": "Nested Loop", "Parent Relationship": "Outer", "Join Type": "Inner", "Startup Cost": 0.0, "Total Cost": 3219681.77, "Plan Rows": 9172, "Plan Width": 26, "Inner Unique": true, "Join Filter": "(l1.l_orderkey = orders.o_orderkey)", "Plans": [{"Node Type": "Nested Loop", "Parent Relationship": "Outer", "Join Type": "Semi", "Startup Cost": 0.0, "Total Cost": 3212581.4, "Plan Rows": 7254, "Plan Width": 42, "Inner Unique": false, "Plans": [{"Node Type": "Nested Loop", "Parent Relationship": "Outer", "Join Type": "Anti", "Startup Cost": 0.0, "Total Cost": 3210725.84, "Plan Rows": 7635, "Plan Width": 42, "Inner Unique": false, "Plans": [{"Node Type": "Streaming(type: LOCAL GATHER dop: 1/64)", "Parent Relationship": "Outer", "Startup Cost": 0.0, "Total Cost": 3163538.62, "Plan Rows": 152707, "Plan Width": 42, "Plans": [{"Node Type": "Nested Loop", "Parent Relationship": "Outer", "Join Type": "Inner", "Startup Cost": 0.0, "Total Cost": 3160388.29, "Plan Rows": 152707, "Plan Width": 42, "Inner Unique": false, "Join Filter": "(supplier.s_suppkey = l1.l_suppkey), (LLVM Optimized)", "Plans": [{"Node Type": "Streaming(type: LOCAL REDISTRIBUTE dop: 64/1)", "Parent Relationship": "Outer", "Startup Cost": 0.0, "Total Cost": 69760.92, "Plan Rows": 4000, "Plan Width": 34, "Plans": [{"Node Type": "Nested Loop", "Parent Relationship": "Outer", "Join Type": "Inner", "Startup Cost": 0.0, "Total Cost": 6598.4, "Plan Rows": 4000, "Plan Width": 34, "Inner Unique": false, "Join Filter": "(supplier.s_nationkey = nation.n_nationkey)", "Plans": [{"Node Type": "Index Scan", "Parent Relationship": "Outer", "Scan Direction": "Forward", "Index Name": "nation_pkey", "Relation Name": "nation", "Alias": "nation", "Startup Cost": 0.0, "Total Cost": 12.69, "Plan Rows": 1, "Plan Width": 4, "Filter": "(n_name = 'EGYPT'::bpchar)"}, {"Node Type": "Index Scan", "Parent Relationship": "Inner", "Scan Direction": "Forward", "Index Name": "supplier_pkey", "Relation Name": "supplier", "Alias": "supplier", "Startup Cost": 0.0, "Total Cost": 5335.71, "Plan Rows": 100000, "Plan Width": 38}]}]}, {"Node Type": "Materialize", "Parent Relationship": "Inner", "Startup Cost": 0.0, "Total Cost": 2798503.01, "Plan Rows": 19995678, "Plan Width": 16, "Plans": [{"Node Type": "Streaming(type: LOCAL REDISTRIBUTE dop: 64/64)", "Parent Relationship": "Outer", "Startup Cost": 0.0, "Total Cost": 2796940.85, "Plan Rows": 19995678, "Plan Width": 16, "Plans": [{"Node Type": "Index Scan", "Parent Relationship": "Outer", "Scan Direction": "Forward", "Index Name": "idx_lineitem_orderkey", "Relation Name": "lineitem", "Alias": "l1", "Startup Cost": 0.0, "Total Cost": 2714999.63, "Plan Rows": 19995678, "Plan Width": 16, "Filter": "(l_receiptdate > l_commitdate), (LLVM Optimized)"}]}]}]}]}, {"Node Type": "Index Scan", "Parent Relationship": "Inner", "Scan Direction": "Forward", "Index Name": "idx_lineitem_orderkey", "Relation Name": "lineitem", "Alias": "l3", "Startup Cost": 0.0, "Total Cost": 1.63, "Plan Rows": 3, "Plan Width": 16, "Index Cond": "(l_orderkey = l1.l_orderkey)", "Filter": "((l_receiptdate > l_commitdate) AND (l_suppkey <> l1.l_suppkey))"}]}, {"Node Type": "Index Scan", "Parent Relationship": "Inner", "Scan Direction": "Forward", "Index Name": "idx_lineitem_orderkey", "Relation Name": "lineitem", "Alias": "l2", "Startup Cost": 0.0, "Total Cost": 1.63, "Plan Rows": 9, "Plan Width": 16, "Index Cond": "(l_orderkey = l1.l_orderkey)", "Filter": "(l_suppkey <> l1.l_suppkey)"}]}, {"Node Type": "Index Scan", "Parent Relationship": "Inner", "Scan Direction": "Forward", "Index Name": "orders_pkey", "Relation Name": "orders", "Alias": "orders", "Startup Cost": 0.0, "Total Cost": 0.97, "Plan Rows": 1, "Plan Width": 8, "Index Cond": "(o_orderkey = l2.l_orderkey)", "Filter": "(o_orderstatus = 'F'::bpchar)"}]}]}]}]}, "Unique SQL Id": 3870093320}, "explain_analyze_plan": {"Plan": {"Node Type": "Limit", "Startup Cost": 3220169.9, "Total Cost": 3220170.15, "Plan Rows": 100, "Plan Width": 34, "Actual Min Startup Time": 25761.332, "Actual Max Startup Time": 25761.332, "Actual Min Total Time": 25761.348, "Actual Max Total Time": 25761.348, "Actual Total Rows": 100, "Plans": [{"Node Type": "Sort", "Parent Relationship": "Outer", "Startup Cost": 3220169.9, "Total Cost": 3220192.83, "Plan Rows": 100, "Plan Width": 34, "Actual Min Startup Time": 25761.329, "Actual Max Startup Time": 25761.329, "Actual Min Total Time": 25761.336, "Actual Max Total Time": 25761.336, "Actual Total Rows": 100, "Sort Key": ["(count(*)) DESC", "supplier.s_name"], "Sort Method": "top-N heapsort", "Sort Space Min Used": 41, "Sort Space Max Used": 41, "Sort Space Type": "Memory", "Plans": [{"Node Type": "Aggregate", "Strategy": "Hashed", "Parent Relationship": "Outer", "Startup Cost": 3219727.63, "Total Cost": 3219819.35, "Plan Rows": 9172, "Plan Width": 34, "Actual Min Startup Time": 25758.056, "Actual Max Startup Time": 25758.056, "Actual Min Total Time": 25759.319, "Actual Max Total Time": 25759.319, "Actual Total Rows": 3981, "Group By Key": ["supplier.s_name"], "Plans": [{"Node Type": "Nested Loop", "Parent Relationship": "Outer", "Join Type": "Inner", "Startup Cost": 0.0, "Total Cost": 3219681.77, "Plan Rows": 9172, "Plan Width": 26, "Actual Min Startup Time": 5073.861, "Actual Max Startup Time": 5073.861, "Actual Min Total Time": 25693.464, "Actual Max Total Time": 25693.464, "Actual Total Rows": 39445, "Inner Unique": true, "Join Filter": "(l1.l_orderkey = orders.o_orderkey)", "Rows Removed by Join Filter": 0, "Plans": [{"Node Type": "Nested Loop", "Parent Relationship": "Outer", "Join Type": "Semi", "Startup Cost": 0.0, "Total Cost": 3212581.4, "Plan Rows": 7254, "Plan Width": 42, "Actual Min Startup Time": 5071.269, "Actual Max Startup Time": 5071.269, "Actual Min Total Time": 24916.426, "Actual Max Total Time": 24916.426, "Actual Total Rows": 80537, "Inner Unique": false, "Plans": [{"Node Type": "Nested Loop", "Parent Relationship": "Outer", "Join Type": "Anti", "Startup Cost": 0.0, "Total Cost": 3210725.84, "Plan Rows": 7635, "Plan Width": 42, "Actual Min Startup Time": 5071.257, "Actual Max Startup Time": 5071.257, "Actual Min Total Time": 24272.311, "Actual Max Total Time": 24272.311, "Actual Total Rows": 135110, "Inner Unique": false, "Plans": [{"Node Type": "Streaming(type: LOCAL GATHER dop: 1/64)", "Parent Relationship": "Outer", "Startup Cost": 0.0, "Total Cost": 3163538.62, "Plan Rows": 152707, "Plan Width": 42, "Actual Min Startup Time": 5070.873, "Actual Max Startup Time": 5070.873, "Actual Min Total Time": 7986.719, "Actual Max Total Time": 7986.719, "Actual Total Rows": 1511024, "Plans": [{"Node Type": "Nested Loop", "Parent Relationship": "Outer", "Join Type": "Inner", "Startup Cost": 0.0, "Total Cost": 3160388.29, "Plan Rows": 152707, "Plan Width": 42, "Actual Min Startup Time": 4626.499, "Actual Max Startup Time": 4901.296, "Actual Min Total Time": 12024.49, "Actual Max Total Time": 18749.412, "Actual Total Rows": 1511024, "Inner Unique": false, "Join Filter": "(supplier.s_suppkey = l1.l_suppkey), (LLVM Optimized, Jit Execute)", "Rows Removed by Join Filter": 2358157333, "Plans": [{"Node Type": "Streaming(type: LOCAL REDISTRIBUTE dop: 64/1)", "Parent Relationship": "Outer", "Startup Cost": 0.0, "Total Cost": 69760.92, "Plan Rows": 4000, "Plan Width": 34, "Actual Min Startup Time": 0.035, "Actual Max Startup Time": 0.087, "Actual Min Total Time": 0.076, "Actual Max Total Time": 0.396, "Actual Total Rows": 3981, "Plans": [{"Node Type": "Nested Loop", "Parent Relationship": "Outer", "Join Type": "Inner", "Startup Cost": 0.0, "Total Cost": 6598.4, "Plan Rows": 4000, "Plan Width": 34, "Actual Min Startup Time": 0.119, "Actual Max Startup Time": 0.119, "Actual Min Total Time": 109.903, "Actual Max Total Time": 109.903, "Actual Total Rows": 3981, "Inner Unique": false, "Join Filter": "(supplier.s_nationkey = nation.n_nationkey)", "Rows Removed by Join Filter": 96019, "Plans": [{"Node Type": "Index Scan", "Parent Relationship": "Outer", "Scan Direction": "Forward", "Index Name": "nation_pkey", "Relation Name": "nation", "Alias": "nation", "Startup Cost": 0.0, "Total Cost": 12.69, "Plan Rows": 1, "Plan Width": 4, "Actual Min Startup Time": 0.051, "Actual Max Startup Time": 0.051, "Actual Min Total Time": 0.077, "Actual Max Total Time": 0.077, "Actual Total Rows": 1, "Filter": "(n_name = 'EGYPT'::bpchar)", "Rows Removed by Filter": 24}, {"Node Type": "Index Scan", "Parent Relationship": "Inner", "Scan Direction": "Forward", "Index Name": "supplier_pkey", "Relation Name": "supplier", "Alias": "supplier", "Startup Cost": 0.0, "Total Cost": 5335.71, "Plan Rows": 100000, "Plan Width": 38, "Actual Min Startup Time": 0.036, "Actual Max Startup Time": 0.036, "Actual Min Total Time": 74.078, "Actual Max Total Time": 74.078, "Actual Total Rows": 100000}]}]}, {"Node Type": "Materialize", "Parent Relationship": "Inner", "Startup Cost": 0.0, "Total Cost": 2798503.01, "Plan Rows": 19995678, "Plan Width": 16, "Actual Min Startup Time": 4625.444, "Actual Max Startup Time": 4900.63, "Actual Min Total Time": 8319.603, "Actual Max Total Time": 13712.832, "Actual Total Rows": 2359668421, "Plans": [{"Node Type": "Streaming(type: LOCAL REDISTRIBUTE dop: 64/64)", "Parent Relationship": "Outer", "Startup Cost": 0.0, "Total Cost": 2796940.85, "Plan Rows": 19995678, "Plan Width": 16, "Actual Min Startup Time": 463.524, "Actual Max Startup Time": 738.456, "Actual Min Total Time": 4500.006, "Actual Max Total Time": 4782.711, "Actual Total Rows": 37929348, "Plans": [{"Node Type": "Index Scan", "Parent Relationship": "Outer", "Scan Direction": "Forward", "Index Name": "idx_lineitem_orderkey", "Relation Name": "lineitem", "Alias": "l1", "Startup Cost": 0.0, "Total Cost": 2714999.63, "Plan Rows": 19995678, "Plan Width": 16, "Actual Min Startup Time": 452.299, "Actual Max Startup Time": 759.637, "Actual Min Total Time": 1242.865, "Actual Max Total Time": 1614.049, "Actual Total Rows": 37929348, "Filter": "(l_receiptdate > l_commitdate), (LLVM Optimized, Jit Execute)", "Rows Removed by Filter": 22056704}]}]}]}]}, {"Node Type": "Index Scan", "Parent Relationship": "Inner", "Scan Direction": "Forward", "Index Name": "idx_lineitem_orderkey", "Relation Name": "lineitem", "Alias": "l3", "Startup Cost": 0.0, "Total Cost": 1.63, "Plan Rows": 3, "Plan Width": 16, "Actual Min Startup Time": 15173.22, "Actual Max Startup Time": 15173.22, "Actual Min Total Time": 15173.22, "Actual Max Total Time": 15173.22, "Actual Total Rows": 1375914, "Index Cond": "(l_orderkey = l1.l_orderkey)", "Rows Removed by Index Recheck": 0, "Filter": "((l_receiptdate > l_commitdate) AND (l_suppkey <> l1.l_suppkey))", "Rows Removed by Filter": 1348115}]}, {"Node Type": "Index Scan", "Parent Relationship": "Inner", "Scan Direction": "Forward", "Index Name": "idx_lineitem_orderkey", "Relation Name": "lineitem", "Alias": "l2", "Startup Cost": 0.0, "Total Cost": 1.63, "Plan Rows": 9, "Plan Width": 16, "Actual Min Startup Time": 529.801, "Actual Max Startup Time": 529.801, "Actual Min Total Time": 529.801, "Actual Max Total Time": 529.801, "Actual Total Rows": 80537, "Index Cond": "(l_orderkey = l1.l_orderkey)", "Rows Removed by Index Recheck": 0, "Filter": "(l_suppkey <> l1.l_suppkey)", "Rows Removed by Filter": 85912}]}, {"Node Type": "Index Scan", "Parent Relationship": "Inner", "Scan Direction": "Forward", "Index Name": "orders_pkey", "Relation Name": "orders", "Alias": "orders", "Startup Cost": 0.0, "Total Cost": 0.97, "Plan Rows": 1, "Plan Width": 8, "Actual Min Startup Time": 697.938, "Actual Max Startup Time": 697.938, "Actual Min Total Time": 697.938, "Actual Max Total Time": 697.938, "Actual Total Rows": 39445, "Index Cond": "(o_orderkey = l2.l_orderkey)", "Rows Removed by Index Recheck": 0, "Filter": "(o_orderstatus = 'F'::bpchar)", "Rows Removed by Filter": 41092}]}]}]}]}, "Triggers": [], "Planner Runtime": 9.276, "Total Runtime": 25798.915, "Unique SQL Id": 3870093320}}, "(64, 122)": {"explain_plan": {"Plan": {"Node Type": "Limit", "Startup Cost": 4178933.05, "Total Cost": 4178933.3, "Plan Rows": 100, "Plan Width": 34, "Plans": [{"Node Type": "Sort", "Parent Relationship": "Outer", "Startup Cost": 4178933.05, "Total Cost": 4178933.3, "Plan Rows": 100, "Plan Width": 34, "Sort Key": ["(count(*)) DESC", "supplier.s_name"], "Plans": [{"Node Type": "Streaming(type: LOCAL GATHER dop: 1/64)", "Parent Relationship": "Outer", "Startup Cost": 4178928.94, "Total Cost": 4178929.73, "Plan Rows": 100, "Plan Width": 34, "Plans": [{"Node Type": "Limit", "Parent Relationship": "Outer", "Startup Cost": 4178928.94, "Total Cost": 4178929.19, "Plan Rows": 100, "Plan Width": 34, "Plans": [{"Node Type": "Sort", "Parent Relationship": "Outer", "Startup Cost": 4178928.94, "Total Cost": 4178951.87, "Plan Rows": 100, "Plan Width": 34, "Sort Key": ["(count(*)) DESC", "supplier.s_name"], "Plans": [{"Node Type": "Aggregate", "Strategy": "Hashed", "Parent Relationship": "Outer", "Startup Cost": 4178576.95, "Total Cost": 4178578.39, "Plan Rows": 9172, "Plan Width": 34, "Group By Key": ["supplier.s_name"], "Plans": [{"Node Type": "Streaming(type: LOCAL REDISTRIBUTE dop: 64/64)", "Parent Relationship": "Outer", "Startup Cost": 0.0, "Total Cost": 4178576.24, "Plan Rows": 9172, "Plan Width": 26, "Plans": [{"Node Type": "Nested Loop", "Parent Relationship": "Outer", "Join Type": "Inner", "Startup Cost": 0.0, "Total Cost": 4178276.36, "Plan Rows": 9172, "Plan Width": 26, "Inner Unique": false, "Join Filter": "(l1.l_orderkey = orders.o_orderkey)", "Plans": [{"Node Type": "Streaming(type: LOCAL REDISTRIBUTE dop: 64/64)", "Parent Relationship": "Outer", "Startup Cost": 0.0, "Total Cost": 140200.44, "Plan Rows": 7338812, "Plan Width": 8, "Plans": [{"Node Type": "Seq Scan", "Parent Relationship": "Outer", "Relation Name": "orders", "Alias": "orders", "Startup Cost": 0.0, "Total Cost": 70248.63, "Plan Rows": 7338812, "Plan Width": 8, "Filter": "(o_orderstatus = 'F'::bpchar), (LLVM Optimized)"}]}, {"Node Type": "Materialize", "Parent Relationship": "Inner", "Startup Cost": 0.0, "Total Cost": 3843121.09, "Plan Rows": 7254, "Plan Width": 42, "Plans": [{"Node Type": "Streaming(type: LOCAL REDISTRIBUTE dop: 64/64)", "Parent Relationship": "Outer", "Startup Cost": 0.0, "Total Cost": 3843120.53, "Plan Rows": 7254, "Plan Width": 42, "Plans": [{"Node Type": "Nested Loop", "Parent Relationship": "Outer", "Join Type": "Semi", "Startup Cost": 0.0, "Total Cost": 3780113.65, "Plan Rows": 7254, "Plan Width": 42, "Inner Unique": false, "Join Filter": "((l2.l_suppkey <> l1.l_suppkey) AND (l1.l_orderkey = l2.l_orderkey))", "Plans": [{"Node Type": "Streaming(type: LOCAL REDISTRIBUTE dop: 64/64)", "Parent Relationship": "Outer", "Startup Cost": 0.0, "Total Cost": 3279566.42, "Plan Rows": 7635, "Plan Width": 42, "Plans": [{"Node Type": "Nested Loop", "Parent Relationship": "Outer", "Join Type": "Anti", "Startup Cost": 0.0, "Total Cost": 3216559.19, "Plan Rows": 7635, "Plan Width": 42, "Inner Unique": false, "Join Filter": "((l3.l_suppkey <> l1.l_suppkey) AND (l3.l_orderkey = l1.l_orderkey))", "Plans": [{"Node Type": "Streaming(type: LOCAL REDISTRIBUTE dop: 64/64)", "Parent Relationship": "Outer", "Startup Cost": 0.0, "Total Cost": 603298.65, "Plan Rows": 152707, "Plan Width": 42, "Plans": [{"Node Type": "Nested Loop", "Parent Relationship": "Outer", "Join Type": "Inner", "Startup Cost": 0.0, "Total Cost": 540153.99, "Plan Rows": 152707, "Plan Width": 42, "Inner Unique": false, "Join Filter": "(supplier.s_suppkey = l1.l_suppkey), (LLVM Optimized)", "Plans": [{"Node Type": "Streaming(type: LOCAL REDISTRIBUTE dop: 64/1)", "Parent Relationship": "Outer", "Startup Cost": 0.0, "Total Cost": 67696.83, "Plan Rows": 4000, "Plan Width": 34, "Plans": [{"Node Type": "Nested Loop", "Parent Relationship": "Outer", "Join Type": "Inner", "Startup Cost": 0.0, "Total Cost": 4534.31, "Plan Rows": 4000, "Plan Width": 34, "Inner Unique": false, "Join Filter": "(supplier.s_nationkey = nation.n_nationkey)", "Plans": [{"Node Type": "Seq Scan", "Parent Relationship": "Outer", "Relation Name": "nation", "Alias": "nation", "Startup Cost": 0.0, "Total Cost": 1.31, "Plan Rows": 1, "Plan Width": 4, "Filter": "(n_name = 'EGYPT'::bpchar)"}, {"Node Type": "Seq Scan", "Parent Relationship": "Inner", "Relation Name": "supplier", "Alias": "supplier", "Startup Cost": 0.0, "Total Cost": 3283.0, "Plan Rows": 100000, "Plan Width": 38}]}]}, {"Node Type": "Materialize", "Parent Relationship": "Inner", "Startup Cost": 0.0, "Total Cost": 180332.8, "Plan Rows": 19995678, "Plan Width": 16, "Plans": [{"Node Type": "Streaming(type: LOCAL REDISTRIBUTE dop: 64/64)", "Parent Relationship": "Outer", "Startup Cost": 0.0, "Total Cost": 178770.64, "Plan Rows": 19995678, "Plan Width": 16, "Plans": [{"Node Type": "Seq Scan", "Parent Relationship": "Outer", "Relation Name": "lineitem", "Alias": "l1", "Startup Cost": 0.0, "Total Cost": 96829.42, "Plan Rows": 19995678, "Plan Width": 16, "Filter": "(l_receiptdate > l_commitdate), (LLVM Optimized)"}]}]}]}]}, {"Node Type": "Materialize", "Parent Relationship": "Inner", "Startup Cost": 0.0, "Total Cost": 180332.8, "Plan Rows": 19995678, "Plan Width": 16, "Plans": [{"Node Type": "Streaming(type: LOCAL REDISTRIBUTE dop: 64/64)", "Parent Relationship": "Outer", "Startup Cost": 0.0, "Total Cost": 178770.64, "Plan Rows": 19995678, "Plan Width": 16, "Plans": [{"Node Type": "Seq Scan", "Parent Relationship": "Outer", "Relation Name": "lineitem", "Alias": "l3", "Startup Cost": 0.0, "Total Cost": 96829.42, "Plan Rows": 19995678, "Plan Width": 16, "Filter": "(l_receiptdate > l_commitdate), (LLVM Optimized)"}]}]}]}]}, {"Node Type": "Materialize", "Parent Relationship": "Inner", "Startup Cost": 0.0, "Total Cost": 218996.32, "Plan Rows": 59987033, "Plan Width": 16, "Plans": [{"Node Type": "Streaming(type: LOCAL REDISTRIBUTE dop: 64/64)", "Parent Relationship": "Outer", "Startup Cost": 0.0, "Total Cost": 214309.83, "Plan Rows": 59987033, "Plan Width": 16, "Plans": [{"Node Type": "Seq Scan", "Parent Relationship": "Outer", "Relation Name": "lineitem", "Alias": "l2", "Startup Cost": 0.0, "Total Cost": 94486.18, "Plan Rows": 59987033, "Plan Width": 16}]}]}]}]}]}]}]}]}]}]}]}]}]}, "Unique SQL Id": 3870093320}, "explain_analyze_plan": null}, "(64, 123)": {"explain_plan": {"Plan": {"Node Type": "Limit", "Startup Cost": 6014182839649.49, "Total Cost": 6014182839649.74, "Plan Rows": 100, "Plan Width": 34, "Plans": [{"Node Type": "Sort", "Parent Relationship": "Outer", "Startup Cost": 6014182839649.49, "Total Cost": 6014182839672.42, "Plan Rows": 100, "Plan Width": 34, "Sort Key": ["(count(*)) DESC", "supplier.s_name"], "Plans": [{"Node Type": "Aggregate", "Strategy": "Hashed", "Parent Relationship": "Outer", "Startup Cost": 6014182839207.22, "Total Cost": 6014182839298.94, "Plan Rows": 9172, "Plan Width": 34, "Group By Key": ["supplier.s_name"], "Plans": [{"Node Type": "Nested Loop", "Parent Relationship": "Outer", "Join Type": "Inner", "Startup Cost": 60000000000.0, "Total Cost": 6014182839161.36, "Plan Rows": 9172, "Plan Width": 26, "Inner Unique": false, "Join Filter": "(l1.l_orderkey = orders.o_orderkey)", "Plans": [{"Node Type": "Index Scan", "Parent Relationship": "Outer", "Scan Direction": "Forward", "Index Name": "orders_pkey", "Relation Name": "orders", "Alias": "orders", "Startup Cost": 10000000000.0, "Total Cost": 1000076847713.25, "Plan Rows": 7338812, "Plan Width": 8, "Filter": "(o_orderstatus = 'F'::bpchar), (LLVM Optimized)"}, {"Node Type": "Materialize", "Parent Relationship": "Inner", "Startup Cost": 50000000000.0, "Total Cost": 5013307455332.53, "Plan Rows": 7254, "Plan Width": 42, "Plans": [{"Node Type": "Nested Loop", "Parent Relationship": "Outer", "Join Type": "Semi", "Startup Cost": 50000000000.0, "Total Cost": 5013307455296.26, "Plan Rows": 7254, "Plan Width": 42, "Inner Unique": false, "Join Filter": "((l2.l_suppkey <> l1.l_suppkey) AND (l1.l_orderkey = l2.l_orderkey))", "Plans": [{"Node Type": "Nested Loop", "Parent Relationship": "Outer", "Join Type": "Anti", "Startup Cost": 40000000000.0, "Total Cost": 4011848919915.73, "Plan Rows": 7635, "Plan Width": 42, "Inner Unique": false, "Join Filter": "((l3.l_suppkey <> l1.l_suppkey) AND (l3.l_orderkey = l1.l_orderkey))", "Plans": [{"Node Type": "Nested Loop", "Parent Relationship": "Outer", "Join Type": "Inner", "Startup Cost": 30000000000.0, "Total Cost": 3001539289162.94, "Plan Rows": 152707, "Plan Width": 42, "Inner Unique": false, "Join Filter": "(supplier.s_suppkey = l1.l_suppkey), (LLVM Optimized)", "Plans": [{"Node Type": "Index Scan", "Parent Relationship": "Outer", "Scan Direction": "Forward", "Index Name": "idx_lineitem_orderkey", "Relation Name": "lineitem", "Alias": "l1", "Startup Cost": 10000000000.0, "Total Cost": 1000339012132.75, "Plan Rows": 19995678, "Plan Width": 16, "Filter": "(l_receiptdate > l_commitdate), (LLVM Optimized)"}, {"Node Type": "Materialize", "Parent Relationship": "Inner", "Startup Cost": 20000000000.0, "Total Cost": 2000000536360.19, "Plan Rows": 4000, "Plan Width": 34, "Plans": [{"Node Type": "Nested Loop", "Parent Relationship": "Outer", "Join Type": "Inner", "Startup Cost": 20000000000.0, "Total Cost": 2000000536340.19, "Plan Rows": 4000, "Plan Width": 34, "Inner Unique": true, "Join Filter": "(supplier.s_nationkey = nation.n_nationkey)", "Plans": [{"Node Type": "Index Scan", "Parent Relationship": "Outer", "Scan Direction": "Forward", "Index Name": "supplier_pkey", "Relation Name": "supplier", "Alias": "supplier", "Startup Cost": 10000000000.0, "Total Cost": 1000000533571.43, "Plan Rows": 100000, "Plan Width": 38}, {"Node Type": "Materialize", "Parent Relationship": "Inner", "Startup Cost": 10000000000.0, "Total Cost": 1000000001268.76, "Plan Rows": 1, "Plan Width": 4, "Plans": [{"Node Type": "Index Scan", "Parent Relationship": "Outer", "Scan Direction": "Forward", "Index Name": "nation_pkey", "Relation Name": "nation", "Alias": "nation", "Startup Cost": 10000000000.0, "Total Cost": 1000000001268.75, "Plan Rows": 1, "Plan Width": 4, "Filter": "(n_name = 'EGYPT'::bpchar)"}]}]}]}]}, {"Node Type": "Materialize", "Parent Relationship": "Inner", "Startup Cost": 10000000000.0, "Total Cost": 1000339112111.14, "Plan Rows": 19995678, "Plan Width": 16, "Plans": [{"Node Type": "Index Scan", "Parent Relationship": "Outer", "Scan Direction": "Forward", "Index Name": "idx_lineitem_orderkey", "Relation Name": "lineitem", "Alias": "l3", "Startup Cost": 10000000000.0, "Total Cost": 1000339012132.75, "Plan Rows": 19995678, "Plan Width": 16, "Filter": "(l_receiptdate > l_commitdate), (LLVM Optimized)"}]}]}, {"Node Type": "Materialize", "Parent Relationship": "Inner", "Startup Cost": 10000000000.0, "Total Cost": 1000324315309.67, "Plan Rows": 59987033, "Plan Width": 16, "Plans": [{"Node Type": "Index Scan", "Parent Relationship": "Outer", "Scan Direction": "Forward", "Index Name": "idx_lineitem_orderkey", "Relation Name": "lineitem", "Alias": "l2", "Startup Cost": 10000000000.0, "Total Cost": 1000324015374.5, "Plan Rows": 59987033, "Plan Width": 16}]}]}]}]}]}]}]}, "Unique SQL Id": 3870093320}, "explain_analyze_plan": null}, "(64, 124)": {"explain_plan": {"Plan": {"Node Type": "Limit", "Startup Cost": 599935.6, "Total Cost": 599935.85, "Plan Rows": 100, "Plan Width": 34, "Plans": [{"Node Type": "Sort", "Parent Relationship": "Outer", "Startup Cost": 599935.6, "Total Cost": 599958.53, "Plan Rows": 100, "Plan Width": 34, "Sort Key": ["(count(*)) DESC", "supplier.s_name"], "Plans": [{"Node Type": "Aggregate", "Strategy": "Hashed", "Parent Relationship": "Outer", "Startup Cost": 599493.33, "Total Cost": 599585.05, "Plan Rows": 9172, "Plan Width": 34, "Group By Key": ["supplier.s_name"], "Plans": [{"Node Type": "Nested Loop", "Parent Relationship": "Outer", "Join Type": "Inner", "Startup Cost": 0.0, "Total Cost": 599447.47, "Plan Rows": 9172, "Plan Width": 26, "Inner Unique": true, "Join Filter": "(l1.l_orderkey = orders.o_orderkey)", "Plans": [{"Node Type": "Nested Loop", "Parent Relationship": "Outer", "Join Type": "Semi", "Startup Cost": 0.0, "Total Cost": 592347.1, "Plan Rows": 7254, "Plan Width": 42, "Inner Unique": false, "Plans": [{"Node Type": "Nested Loop", "Parent Relationship": "Outer", "Join Type": "Anti", "Startup Cost": 0.0, "Total Cost": 590491.54, "Plan Rows": 7635, "Plan Width": 42, "Inner Unique": false, "Plans": [{"Node Type": "Streaming(type: LOCAL GATHER dop: 1/64)", "Parent Relationship": "Outer", "Startup Cost": 0.0, "Total Cost": 543304.32, "Plan Rows": 152707, "Plan Width": 42, "Plans": [{"Node Type": "Nested Loop", "Parent Relationship": "Outer", "Join Type": "Inner", "Startup Cost": 0.0, "Total Cost": 540153.99, "Plan Rows": 152707, "Plan Width": 42, "Inner Unique": false, "Join Filter": "(supplier.s_suppkey = l1.l_suppkey), (LLVM Optimized)", "Plans": [{"Node Type": "Streaming(type: LOCAL REDISTRIBUTE dop: 64/1)", "Parent Relationship": "Outer", "Startup Cost": 0.0, "Total Cost": 67696.83, "Plan Rows": 4000, "Plan Width": 34, "Plans": [{"Node Type": "Nested Loop", "Parent Relationship": "Outer", "Join Type": "Inner", "Startup Cost": 0.0, "Total Cost": 4534.31, "Plan Rows": 4000, "Plan Width": 34, "Inner Unique": false, "Join Filter": "(supplier.s_nationkey = nation.n_nationkey)", "Plans": [{"Node Type": "Seq Scan", "Parent Relationship": "Outer", "Relation Name": "nation", "Alias": "nation", "Startup Cost": 0.0, "Total Cost": 1.31, "Plan Rows": 1, "Plan Width": 4, "Filter": "(n_name = 'EGYPT'::bpchar)"}, {"Node Type": "Seq Scan", "Parent Relationship": "Inner", "Relation Name": "supplier", "Alias": "supplier", "Startup Cost": 0.0, "Total Cost": 3283.0, "Plan Rows": 100000, "Plan Width": 38}]}]}, {"Node Type": "Materialize", "Parent Relationship": "Inner", "Startup Cost": 0.0, "Total Cost": 180332.8, "Plan Rows": 19995678, "Plan Width": 16, "Plans": [{"Node Type": "Streaming(type: LOCAL REDISTRIBUTE dop: 64/64)", "Parent Relationship": "Outer", "Startup Cost": 0.0, "Total Cost": 178770.64, "Plan Rows": 19995678, "Plan Width": 16, "Plans": [{"Node Type": "Seq Scan", "Parent Relationship": "Outer", "Relation Name": "lineitem", "Alias": "l1", "Startup Cost": 0.0, "Total Cost": 96829.42, "Plan Rows": 19995678, "Plan Width": 16, "Filter": "(l_receiptdate > l_commitdate), (LLVM Optimized)"}]}]}]}]}, {"Node Type": "Index Scan", "Parent Relationship": "Inner", "Scan Direction": "Forward", "Index Name": "idx_lineitem_orderkey", "Relation Name": "lineitem", "Alias": "l3", "Startup Cost": 0.0, "Total Cost": 1.63, "Plan Rows": 3, "Plan Width": 16, "Index Cond": "(l_orderkey = l1.l_orderkey)", "Filter": "((l_receiptdate > l_commitdate) AND (l_suppkey <> l1.l_suppkey))"}]}, {"Node Type": "Index Scan", "Parent Relationship": "Inner", "Scan Direction": "Forward", "Index Name": "idx_lineitem_orderkey", "Relation Name": "lineitem", "Alias": "l2", "Startup Cost": 0.0, "Total Cost": 1.63, "Plan Rows": 9, "Plan Width": 16, "Index Cond": "(l_orderkey = l1.l_orderkey)", "Filter": "(l_suppkey <> l1.l_suppkey)"}]}, {"Node Type": "Index Scan", "Parent Relationship": "Inner", "Scan Direction": "Forward", "Index Name": "orders_pkey", "Relation Name": "orders", "Alias": "orders", "Startup Cost": 0.0, "Total Cost": 0.97, "Plan Rows": 1, "Plan Width": 8, "Index Cond": "(o_orderkey = l2.l_orderkey)", "Filter": "(o_orderstatus = 'F'::bpchar)"}]}]}]}]}, "Unique SQL Id": 3870093320}, "explain_analyze_plan": {"Plan": {"Node Type": "Limit", "Startup Cost": 599935.6, "Total Cost": 599935.85, "Plan Rows": 100, "Plan Width": 34, "Actual Min Startup Time": 22135.209, "Actual Max Startup Time": 22135.209, "Actual Min Total Time": 22135.229, "Actual Max Total Time": 22135.229, "Actual Total Rows": 100, "Plans": [{"Node Type": "Sort", "Parent Relationship": "Outer", "Startup Cost": 599935.6, "Total Cost": 599958.53, "Plan Rows": 100, "Plan Width": 34, "Actual Min Startup Time": 22135.204, "Actual Max Startup Time": 22135.204, "Actual Min Total Time": 22135.212, "Actual Max Total Time": 22135.212, "Actual Total Rows": 100, "Sort Key": ["(count(*)) DESC", "supplier.s_name"], "Sort Method": "top-N heapsort", "Sort Space Min Used": 41, "Sort Space Max Used": 41, "Sort Space Type": "Memory", "Plans": [{"Node Type": "Aggregate", "Strategy": "Hashed", "Parent Relationship": "Outer", "Startup Cost": 599493.33, "Total Cost": 599585.05, "Plan Rows": 9172, "Plan Width": 34, "Actual Min Startup Time": 22131.822, "Actual Max Startup Time": 22131.822, "Actual Min Total Time": 22133.014, "Actual Max Total Time": 22133.014, "Actual Total Rows": 3981, "Group By Key": ["supplier.s_name"], "Plans": [{"Node Type": "Nested Loop", "Parent Relationship": "Outer", "Join Type": "Inner", "Startup Cost": 0.0, "Total Cost": 599447.47, "Plan Rows": 9172, "Plan Width": 26, "Actual Min Startup Time": 2089.674, "Actual Max Startup Time": 2089.674, "Actual Min Total Time": 22070.682, "Actual Max Total Time": 22070.682, "Actual Total Rows": 39445, "Inner Unique": true, "Join Filter": "(l1.l_orderkey = orders.o_orderkey)", "Rows Removed by Join Filter": 0, "Plans": [{"Node Type": "Nested Loop", "Parent Relationship": "Outer", "Join Type": "Semi", "Startup Cost": 0.0, "Total Cost": 592347.1, "Plan Rows": 7254, "Plan Width": 42, "Actual Min Startup Time": 2089.648, "Actual Max Startup Time": 2089.648, "Actual Min Total Time": 21307.341, "Actual Max Total Time": 21307.341, "Actual Total Rows": 80537, "Inner Unique": false, "Plans": [{"Node Type": "Nested Loop", "Parent Relationship": "Outer", "Join Type": "Anti", "Startup Cost": 0.0, "Total Cost": 590491.54, "Plan Rows": 7635, "Plan Width": 42, "Actual Min Startup Time": 2089.636, "Actual Max Startup Time": 2089.636, "Actual Min Total Time": 20688.752, "Actual Max Total Time": 20688.752, "Actual Total Rows": 135110, "Inner Unique": false, "Plans": [{"Node Type": "Streaming(type: LOCAL GATHER dop: 1/64)", "Parent Relationship": "Outer", "Startup Cost": 0.0, "Total Cost": 543304.32, "Plan Rows": 152707, "Plan Width": 42, "Actual Min Startup Time": 2089.092, "Actual Max Startup Time": 2089.092, "Actual Min Total Time": 4652.838, "Actual Max Total Time": 4652.838, "Actual Total Rows": 1511024, "Plans": [{"Node Type": "Nested Loop", "Parent Relationship": "Outer", "Join Type": "Inner", "Startup Cost": 0.0, "Total Cost": 540153.99, "Plan Rows": 152707, "Plan Width": 42, "Actual Min Startup Time": 1641.633, "Actual Max Startup Time": 1891.958, "Actual Min Total Time": 9480.704, "Actual Max Total Time": 16809.137, "Actual Total Rows": 1511024, "Inner Unique": false, "Join Filter": "(supplier.s_suppkey = l1.l_suppkey), (LLVM Optimized, Jit Execute)", "Rows Removed by Join Filter": 2358157333, "Plans": [{"Node Type": "Streaming(type: LOCAL REDISTRIBUTE dop: 64/1)", "Parent Relationship": "Outer", "Startup Cost": 0.0, "Total Cost": 67696.83, "Plan Rows": 4000, "Plan Width": 34, "Actual Min Startup Time": 0.033, "Actual Max Startup Time": 0.09, "Actual Min Total Time": 0.079, "Actual Max Total Time": 0.379, "Actual Total Rows": 3981, "Plans": [{"Node Type": "Nested Loop", "Parent Relationship": "Outer", "Join Type": "Inner", "Startup Cost": 0.0, "Total Cost": 4534.31, "Plan Rows": 4000, "Plan Width": 34, "Actual Min Startup Time": 0.076, "Actual Max Startup Time": 0.076, "Actual Min Total Time": 51.71, "Actual Max Total Time": 51.71, "Actual Total Rows": 3981, "Inner Unique": false, "Join Filter": "(supplier.s_nationkey = nation.n_nationkey)", "Rows Removed by Join Filter": 96019, "Plans": [{"Node Type": "Seq Scan", "Parent Relationship": "Outer", "Relation Name": "nation", "Alias": "nation", "Startup Cost": 0.0, "Total Cost": 1.31, "Plan Rows": 1, "Plan Width": 4, "Actual Min Startup Time": 0.043, "Actual Max Startup Time": 0.043, "Actual Min Total Time": 0.056, "Actual Max Total Time": 0.056, "Actual Total Rows": 1, "Filter": "(n_name = 'EGYPT'::bpchar)", "Rows Removed by Filter": 24}, {"Node Type": "Seq Scan", "Parent Relationship": "Inner", "Relation Name": "supplier", "Alias": "supplier", "Startup Cost": 0.0, "Total Cost": 3283.0, "Plan Rows": 100000, "Plan Width": 38, "Actual Min Startup Time": 0.012, "Actual Max Startup Time": 0.012, "Actual Min Total Time": 28.719, "Actual Max Total Time": 28.719, "Actual Total Rows": 100000}]}]}, {"Node Type": "Materialize", "Parent Relationship": "Inner", "Startup Cost": 0.0, "Total Cost": 180332.8, "Plan Rows": 19995678, "Plan Width": 16, "Actual Min Startup Time": 1640.736, "Actual Max Startup Time": 1891.094, "Actual Min Total Time": 5962.818, "Actual Max Total Time": 11299.558, "Actual Total Rows": 2359668421, "Plans": [{"Node Type": "Streaming(type: LOCAL REDISTRIBUTE dop: 64/64)", "Parent Relationship": "Outer", "Startup Cost": 0.0, "Total Cost": 178770.64, "Plan Rows": 19995678, "Plan Width": 16, "Actual Min Startup Time": 0.111, "Actual Max Startup Time": 217.514, "Actual Min Total Time": 1520.886, "Actual Max Total Time": 1786.037, "Actual Total Rows": 37929348, "Plans": [{"Node Type": "Seq Scan", "Parent Relationship": "Outer", "Relation Name": "lineitem", "Alias": "l1", "Startup Cost": 0.0, "Total Cost": 96829.42, "Plan Rows": 19995678, "Plan Width": 16, "Actual Min Startup Time": 0.022, "Actual Max Startup Time": 0.066, "Actual Min Total Time": 458.493, "Actual Max Total Time": 541.009, "Actual Total Rows": 37929348, "Filter": "(l_receiptdate > l_commitdate), (LLVM Optimized, Jit Execute)", "Rows Removed by Filter": 22056704}]}]}]}]}, {"Node Type": "Index Scan", "Parent Relationship": "Inner", "Scan Direction": "Forward", "Index Name": "idx_lineitem_orderkey", "Relation Name": "lineitem", "Alias": "l3", "Startup Cost": 0.0, "Total Cost": 1.63, "Plan Rows": 3, "Plan Width": 16, "Actual Min Startup Time": 14958.555, "Actual Max Startup Time": 14958.555, "Actual Min Total Time": 14958.555, "Actual Max Total Time": 14958.555, "Actual Total Rows": 1375914, "Index Cond": "(l_orderkey = l1.l_orderkey)", "Rows Removed by Index Recheck": 0, "Filter": "((l_receiptdate > l_commitdate) AND (l_suppkey <> l1.l_suppkey))", "Rows Removed by Filter": 1348115}]}, {"Node Type": "Index Scan", "Parent Relationship": "Inner", "Scan Direction": "Forward", "Index Name": "idx_lineitem_orderkey", "Relation Name": "lineitem", "Alias": "l2", "Startup Cost": 0.0, "Total Cost": 1.63, "Plan Rows": 9, "Plan Width": 16, "Actual Min Startup Time": 513.699, "Actual Max Startup Time": 513.699, "Actual Min Total Time": 513.699, "Actual Max Total Time": 513.699, "Actual Total Rows": 80537, "Index Cond": "(l_orderkey = l1.l_orderkey)", "Rows Removed by Index Recheck": 0, "Filter": "(l_suppkey <> l1.l_suppkey)", "Rows Removed by Filter": 85912}]}, {"Node Type": "Index Scan", "Parent Relationship": "Inner", "Scan Direction": "Forward", "Index Name": "orders_pkey", "Relation Name": "orders", "Alias": "orders", "Startup Cost": 0.0, "Total Cost": 0.97, "Plan Rows": 1, "Plan Width": 8, "Actual Min Startup Time": 687.68, "Actual Max Startup Time": 687.68, "Actual Min Total Time": 687.68, "Actual Max Total Time": 687.68, "Actual Total Rows": 39445, "Index Cond": "(o_orderkey = l2.l_orderkey)", "Rows Removed by Index Recheck": 0, "Filter": "(o_orderstatus = 'F'::bpchar)", "Rows Removed by Filter": 41092}]}]}]}]}, "Triggers": [], "Planner Runtime": 9.23, "Total Runtime": 22173.314, "Unique SQL Id": 3870093320}}, "(64, 125)": {"explain_plan": {"Plan": {"Node Type": "Limit", "Startup Cost": 3220169.9, "Total Cost": 3220170.15, "Plan Rows": 100, "Plan Width": 34, "Plans": [{"Node Type": "Sort", "Parent Relationship": "Outer", "Startup Cost": 3220169.9, "Total Cost": 3220192.83, "Plan Rows": 100, "Plan Width": 34, "Sort Key": ["(count(*)) DESC", "supplier.s_name"], "Plans": [{"Node Type": "Aggregate", "Strategy": "Hashed", "Parent Relationship": "Outer", "Startup Cost": 3219727.63, "Total Cost": 3219819.35, "Plan Rows": 9172, "Plan Width": 34, "Group By Key": ["supplier.s_name"], "Plans": [{"Node Type": "Nested Loop", "Parent Relationship": "Outer", "Join Type": "Inner", "Startup Cost": 0.0, "Total Cost": 3219681.77, "Plan Rows": 9172, "Plan Width": 26, "Inner Unique": true, "Join Filter": "(l1.l_orderkey = orders.o_orderkey)", "Plans": [{"Node Type": "Nested Loop", "Parent Relationship": "Outer", "Join Type": "Semi", "Startup Cost": 0.0, "Total Cost": 3212581.4, "Plan Rows": 7254, "Plan Width": 42, "Inner Unique": false, "Plans": [{"Node Type": "Nested Loop", "Parent Relationship": "Outer", "Join Type": "Anti", "Startup Cost": 0.0, "Total Cost": 3210725.84, "Plan Rows": 7635, "Plan Width": 42, "Inner Unique": false, "Plans": [{"Node Type": "Streaming(type: LOCAL GATHER dop: 1/64)", "Parent Relationship": "Outer", "Startup Cost": 0.0, "Total Cost": 3163538.62, "Plan Rows": 152707, "Plan Width": 42, "Plans": [{"Node Type": "Nested Loop", "Parent Relationship": "Outer", "Join Type": "Inner", "Startup Cost": 0.0, "Total Cost": 3160388.29, "Plan Rows": 152707, "Plan Width": 42, "Inner Unique": false, "Join Filter": "(supplier.s_suppkey = l1.l_suppkey), (LLVM Optimized)", "Plans": [{"Node Type": "Streaming(type: LOCAL REDISTRIBUTE dop: 64/1)", "Parent Relationship": "Outer", "Startup Cost": 0.0, "Total Cost": 69760.92, "Plan Rows": 4000, "Plan Width": 34, "Plans": [{"Node Type": "Nested Loop", "Parent Relationship": "Outer", "Join Type": "Inner", "Startup Cost": 0.0, "Total Cost": 6598.4, "Plan Rows": 4000, "Plan Width": 34, "Inner Unique": false, "Join Filter": "(supplier.s_nationkey = nation.n_nationkey)", "Plans": [{"Node Type": "Index Scan", "Parent Relationship": "Outer", "Scan Direction": "Forward", "Index Name": "nation_pkey", "Relation Name": "nation", "Alias": "nation", "Startup Cost": 0.0, "Total Cost": 12.69, "Plan Rows": 1, "Plan Width": 4, "Filter": "(n_name = 'EGYPT'::bpchar)"}, {"Node Type": "Index Scan", "Parent Relationship": "Inner", "Scan Direction": "Forward", "Index Name": "supplier_pkey", "Relation Name": "supplier", "Alias": "supplier", "Startup Cost": 0.0, "Total Cost": 5335.71, "Plan Rows": 100000, "Plan Width": 38}]}]}, {"Node Type": "Materialize", "Parent Relationship": "Inner", "Startup Cost": 0.0, "Total Cost": 2798503.01, "Plan Rows": 19995678, "Plan Width": 16, "Plans": [{"Node Type": "Streaming(type: LOCAL REDISTRIBUTE dop: 64/64)", "Parent Relationship": "Outer", "Startup Cost": 0.0, "Total Cost": 2796940.85, "Plan Rows": 19995678, "Plan Width": 16, "Plans": [{"Node Type": "Index Scan", "Parent Relationship": "Outer", "Scan Direction": "Forward", "Index Name": "idx_lineitem_orderkey", "Relation Name": "lineitem", "Alias": "l1", "Startup Cost": 0.0, "Total Cost": 2714999.63, "Plan Rows": 19995678, "Plan Width": 16, "Filter": "(l_receiptdate > l_commitdate), (LLVM Optimized)"}]}]}]}]}, {"Node Type": "Index Scan", "Parent Relationship": "Inner", "Scan Direction": "Forward", "Index Name": "idx_lineitem_orderkey", "Relation Name": "lineitem", "Alias": "l3", "Startup Cost": 0.0, "Total Cost": 1.63, "Plan Rows": 3, "Plan Width": 16, "Index Cond": "(l_orderkey = l1.l_orderkey)", "Filter": "((l_receiptdate > l_commitdate) AND (l_suppkey <> l1.l_suppkey))"}]}, {"Node Type": "Index Scan", "Parent Relationship": "Inner", "Scan Direction": "Forward", "Index Name": "idx_lineitem_orderkey", "Relation Name": "lineitem", "Alias": "l2", "Startup Cost": 0.0, "Total Cost": 1.63, "Plan Rows": 9, "Plan Width": 16, "Index Cond": "(l_orderkey = l1.l_orderkey)", "Filter": "(l_suppkey <> l1.l_suppkey)"}]}, {"Node Type": "Index Scan", "Parent Relationship": "Inner", "Scan Direction": "Forward", "Index Name": "orders_pkey", "Relation Name": "orders", "Alias": "orders", "Startup Cost": 0.0, "Total Cost": 0.97, "Plan Rows": 1, "Plan Width": 8, "Index Cond": "(o_orderkey = l2.l_orderkey)", "Filter": "(o_orderstatus = 'F'::bpchar)"}]}]}]}]}, "Unique SQL Id": 3870093320}, "explain_analyze_plan": {"Plan": {"Node Type": "Limit", "Startup Cost": 3220169.9, "Total Cost": 3220170.15, "Plan Rows": 100, "Plan Width": 34, "Actual Min Startup Time": 25761.332, "Actual Max Startup Time": 25761.332, "Actual Min Total Time": 25761.348, "Actual Max Total Time": 25761.348, "Actual Total Rows": 100, "Plans": [{"Node Type": "Sort", "Parent Relationship": "Outer", "Startup Cost": 3220169.9, "Total Cost": 3220192.83, "Plan Rows": 100, "Plan Width": 34, "Actual Min Startup Time": 25761.329, "Actual Max Startup Time": 25761.329, "Actual Min Total Time": 25761.336, "Actual Max Total Time": 25761.336, "Actual Total Rows": 100, "Sort Key": ["(count(*)) DESC", "supplier.s_name"], "Sort Method": "top-N heapsort", "Sort Space Min Used": 41, "Sort Space Max Used": 41, "Sort Space Type": "Memory", "Plans": [{"Node Type": "Aggregate", "Strategy": "Hashed", "Parent Relationship": "Outer", "Startup Cost": 3219727.63, "Total Cost": 3219819.35, "Plan Rows": 9172, "Plan Width": 34, "Actual Min Startup Time": 25758.056, "Actual Max Startup Time": 25758.056, "Actual Min Total Time": 25759.319, "Actual Max Total Time": 25759.319, "Actual Total Rows": 3981, "Group By Key": ["supplier.s_name"], "Plans": [{"Node Type": "Nested Loop", "Parent Relationship": "Outer", "Join Type": "Inner", "Startup Cost": 0.0, "Total Cost": 3219681.77, "Plan Rows": 9172, "Plan Width": 26, "Actual Min Startup Time": 5073.861, "Actual Max Startup Time": 5073.861, "Actual Min Total Time": 25693.464, "Actual Max Total Time": 25693.464, "Actual Total Rows": 39445, "Inner Unique": true, "Join Filter": "(l1.l_orderkey = orders.o_orderkey)", "Rows Removed by Join Filter": 0, "Plans": [{"Node Type": "Nested Loop", "Parent Relationship": "Outer", "Join Type": "Semi", "Startup Cost": 0.0, "Total Cost": 3212581.4, "Plan Rows": 7254, "Plan Width": 42, "Actual Min Startup Time": 5071.269, "Actual Max Startup Time": 5071.269, "Actual Min Total Time": 24916.426, "Actual Max Total Time": 24916.426, "Actual Total Rows": 80537, "Inner Unique": false, "Plans": [{"Node Type": "Nested Loop", "Parent Relationship": "Outer", "Join Type": "Anti", "Startup Cost": 0.0, "Total Cost": 3210725.84, "Plan Rows": 7635, "Plan Width": 42, "Actual Min Startup Time": 5071.257, "Actual Max Startup Time": 5071.257, "Actual Min Total Time": 24272.311, "Actual Max Total Time": 24272.311, "Actual Total Rows": 135110, "Inner Unique": false, "Plans": [{"Node Type": "Streaming(type: LOCAL GATHER dop: 1/64)", "Parent Relationship": "Outer", "Startup Cost": 0.0, "Total Cost": 3163538.62, "Plan Rows": 152707, "Plan Width": 42, "Actual Min Startup Time": 5070.873, "Actual Max Startup Time": 5070.873, "Actual Min Total Time": 7986.719, "Actual Max Total Time": 7986.719, "Actual Total Rows": 1511024, "Plans": [{"Node Type": "Nested Loop", "Parent Relationship": "Outer", "Join Type": "Inner", "Startup Cost": 0.0, "Total Cost": 3160388.29, "Plan Rows": 152707, "Plan Width": 42, "Actual Min Startup Time": 4626.499, "Actual Max Startup Time": 4901.296, "Actual Min Total Time": 12024.49, "Actual Max Total Time": 18749.412, "Actual Total Rows": 1511024, "Inner Unique": false, "Join Filter": "(supplier.s_suppkey = l1.l_suppkey), (LLVM Optimized, Jit Execute)", "Rows Removed by Join Filter": 2358157333, "Plans": [{"Node Type": "Streaming(type: LOCAL REDISTRIBUTE dop: 64/1)", "Parent Relationship": "Outer", "Startup Cost": 0.0, "Total Cost": 69760.92, "Plan Rows": 4000, "Plan Width": 34, "Actual Min Startup Time": 0.035, "Actual Max Startup Time": 0.087, "Actual Min Total Time": 0.076, "Actual Max Total Time": 0.396, "Actual Total Rows": 3981, "Plans": [{"Node Type": "Nested Loop", "Parent Relationship": "Outer", "Join Type": "Inner", "Startup Cost": 0.0, "Total Cost": 6598.4, "Plan Rows": 4000, "Plan Width": 34, "Actual Min Startup Time": 0.119, "Actual Max Startup Time": 0.119, "Actual Min Total Time": 109.903, "Actual Max Total Time": 109.903, "Actual Total Rows": 3981, "Inner Unique": false, "Join Filter": "(supplier.s_nationkey = nation.n_nationkey)", "Rows Removed by Join Filter": 96019, "Plans": [{"Node Type": "Index Scan", "Parent Relationship": "Outer", "Scan Direction": "Forward", "Index Name": "nation_pkey", "Relation Name": "nation", "Alias": "nation", "Startup Cost": 0.0, "Total Cost": 12.69, "Plan Rows": 1, "Plan Width": 4, "Actual Min Startup Time": 0.051, "Actual Max Startup Time": 0.051, "Actual Min Total Time": 0.077, "Actual Max Total Time": 0.077, "Actual Total Rows": 1, "Filter": "(n_name = 'EGYPT'::bpchar)", "Rows Removed by Filter": 24}, {"Node Type": "Index Scan", "Parent Relationship": "Inner", "Scan Direction": "Forward", "Index Name": "supplier_pkey", "Relation Name": "supplier", "Alias": "supplier", "Startup Cost": 0.0, "Total Cost": 5335.71, "Plan Rows": 100000, "Plan Width": 38, "Actual Min Startup Time": 0.036, "Actual Max Startup Time": 0.036, "Actual Min Total Time": 74.078, "Actual Max Total Time": 74.078, "Actual Total Rows": 100000}]}]}, {"Node Type": "Materialize", "Parent Relationship": "Inner", "Startup Cost": 0.0, "Total Cost": 2798503.01, "Plan Rows": 19995678, "Plan Width": 16, "Actual Min Startup Time": 4625.444, "Actual Max Startup Time": 4900.63, "Actual Min Total Time": 8319.603, "Actual Max Total Time": 13712.832, "Actual Total Rows": 2359668421, "Plans": [{"Node Type": "Streaming(type: LOCAL REDISTRIBUTE dop: 64/64)", "Parent Relationship": "Outer", "Startup Cost": 0.0, "Total Cost": 2796940.85, "Plan Rows": 19995678, "Plan Width": 16, "Actual Min Startup Time": 463.524, "Actual Max Startup Time": 738.456, "Actual Min Total Time": 4500.006, "Actual Max Total Time": 4782.711, "Actual Total Rows": 37929348, "Plans": [{"Node Type": "Index Scan", "Parent Relationship": "Outer", "Scan Direction": "Forward", "Index Name": "idx_lineitem_orderkey", "Relation Name": "lineitem", "Alias": "l1", "Startup Cost": 0.0, "Total Cost": 2714999.63, "Plan Rows": 19995678, "Plan Width": 16, "Actual Min Startup Time": 452.299, "Actual Max Startup Time": 759.637, "Actual Min Total Time": 1242.865, "Actual Max Total Time": 1614.049, "Actual Total Rows": 37929348, "Filter": "(l_receiptdate > l_commitdate), (LLVM Optimized, Jit Execute)", "Rows Removed by Filter": 22056704}]}]}]}]}, {"Node Type": "Index Scan", "Parent Relationship": "Inner", "Scan Direction": "Forward", "Index Name": "idx_lineitem_orderkey", "Relation Name": "lineitem", "Alias": "l3", "Startup Cost": 0.0, "Total Cost": 1.63, "Plan Rows": 3, "Plan Width": 16, "Actual Min Startup Time": 15173.22, "Actual Max Startup Time": 15173.22, "Actual Min Total Time": 15173.22, "Actual Max Total Time": 15173.22, "Actual Total Rows": 1375914, "Index Cond": "(l_orderkey = l1.l_orderkey)", "Rows Removed by Index Recheck": 0, "Filter": "((l_receiptdate > l_commitdate) AND (l_suppkey <> l1.l_suppkey))", "Rows Removed by Filter": 1348115}]}, {"Node Type": "Index Scan", "Parent Relationship": "Inner", "Scan Direction": "Forward", "Index Name": "idx_lineitem_orderkey", "Relation Name": "lineitem", "Alias": "l2", "Startup Cost": 0.0, "Total Cost": 1.63, "Plan Rows": 9, "Plan Width": 16, "Actual Min Startup Time": 529.801, "Actual Max Startup Time": 529.801, "Actual Min Total Time": 529.801, "Actual Max Total Time": 529.801, "Actual Total Rows": 80537, "Index Cond": "(l_orderkey = l1.l_orderkey)", "Rows Removed by Index Recheck": 0, "Filter": "(l_suppkey <> l1.l_suppkey)", "Rows Removed by Filter": 85912}]}, {"Node Type": "Index Scan", "Parent Relationship": "Inner", "Scan Direction": "Forward", "Index Name": "orders_pkey", "Relation Name": "orders", "Alias": "orders", "Startup Cost": 0.0, "Total Cost": 0.97, "Plan Rows": 1, "Plan Width": 8, "Actual Min Startup Time": 697.938, "Actual Max Startup Time": 697.938, "Actual Min Total Time": 697.938, "Actual Max Total Time": 697.938, "Actual Total Rows": 39445, "Index Cond": "(o_orderkey = l2.l_orderkey)", "Rows Removed by Index Recheck": 0, "Filter": "(o_orderstatus = 'F'::bpchar)", "Rows Removed by Filter": 41092}]}]}]}]}, "Triggers": [], "Planner Runtime": 9.276, "Total Runtime": 25798.915, "Unique SQL Id": 3870093320}}, "(64, 126)": {"explain_plan": {"Plan": {"Node Type": "Limit", "Startup Cost": 4178933.05, "Total Cost": 4178933.3, "Plan Rows": 100, "Plan Width": 34, "Plans": [{"Node Type": "Sort", "Parent Relationship": "Outer", "Startup Cost": 4178933.05, "Total Cost": 4178933.3, "Plan Rows": 100, "Plan Width": 34, "Sort Key": ["(count(*)) DESC", "supplier.s_name"], "Plans": [{"Node Type": "Streaming(type: LOCAL GATHER dop: 1/64)", "Parent Relationship": "Outer", "Startup Cost": 4178928.94, "Total Cost": 4178929.73, "Plan Rows": 100, "Plan Width": 34, "Plans": [{"Node Type": "Limit", "Parent Relationship": "Outer", "Startup Cost": 4178928.94, "Total Cost": 4178929.19, "Plan Rows": 100, "Plan Width": 34, "Plans": [{"Node Type": "Sort", "Parent Relationship": "Outer", "Startup Cost": 4178928.94, "Total Cost": 4178951.87, "Plan Rows": 100, "Plan Width": 34, "Sort Key": ["(count(*)) DESC", "supplier.s_name"], "Plans": [{"Node Type": "Aggregate", "Strategy": "Hashed", "Parent Relationship": "Outer", "Startup Cost": 4178576.95, "Total Cost": 4178578.39, "Plan Rows": 9172, "Plan Width": 34, "Group By Key": ["supplier.s_name"], "Plans": [{"Node Type": "Streaming(type: LOCAL REDISTRIBUTE dop: 64/64)", "Parent Relationship": "Outer", "Startup Cost": 0.0, "Total Cost": 4178576.24, "Plan Rows": 9172, "Plan Width": 26, "Plans": [{"Node Type": "Nested Loop", "Parent Relationship": "Outer", "Join Type": "Inner", "Startup Cost": 0.0, "Total Cost": 4178276.36, "Plan Rows": 9172, "Plan Width": 26, "Inner Unique": false, "Join Filter": "(l1.l_orderkey = orders.o_orderkey)", "Plans": [{"Node Type": "Streaming(type: LOCAL REDISTRIBUTE dop: 64/64)", "Parent Relationship": "Outer", "Startup Cost": 0.0, "Total Cost": 140200.44, "Plan Rows": 7338812, "Plan Width": 8, "Plans": [{"Node Type": "Seq Scan", "Parent Relationship": "Outer", "Relation Name": "orders", "Alias": "orders", "Startup Cost": 0.0, "Total Cost": 70248.63, "Plan Rows": 7338812, "Plan Width": 8, "Filter": "(o_orderstatus = 'F'::bpchar), (LLVM Optimized)"}]}, {"Node Type": "Materialize", "Parent Relationship": "Inner", "Startup Cost": 0.0, "Total Cost": 3843121.09, "Plan Rows": 7254, "Plan Width": 42, "Plans": [{"Node Type": "Streaming(type: LOCAL REDISTRIBUTE dop: 64/64)", "Parent Relationship": "Outer", "Startup Cost": 0.0, "Total Cost": 3843120.53, "Plan Rows": 7254, "Plan Width": 42, "Plans": [{"Node Type": "Nested Loop", "Parent Relationship": "Outer", "Join Type": "Semi", "Startup Cost": 0.0, "Total Cost": 3780113.65, "Plan Rows": 7254, "Plan Width": 42, "Inner Unique": false, "Join Filter": "((l2.l_suppkey <> l1.l_suppkey) AND (l1.l_orderkey = l2.l_orderkey))", "Plans": [{"Node Type": "Streaming(type: LOCAL REDISTRIBUTE dop: 64/64)", "Parent Relationship": "Outer", "Startup Cost": 0.0, "Total Cost": 3279566.42, "Plan Rows": 7635, "Plan Width": 42, "Plans": [{"Node Type": "Nested Loop", "Parent Relationship": "Outer", "Join Type": "Anti", "Startup Cost": 0.0, "Total Cost": 3216559.19, "Plan Rows": 7635, "Plan Width": 42, "Inner Unique": false, "Join Filter": "((l3.l_suppkey <> l1.l_suppkey) AND (l3.l_orderkey = l1.l_orderkey))", "Plans": [{"Node Type": "Streaming(type: LOCAL REDISTRIBUTE dop: 64/64)", "Parent Relationship": "Outer", "Startup Cost": 0.0, "Total Cost": 603298.65, "Plan Rows": 152707, "Plan Width": 42, "Plans": [{"Node Type": "Nested Loop", "Parent Relationship": "Outer", "Join Type": "Inner", "Startup Cost": 0.0, "Total Cost": 540153.99, "Plan Rows": 152707, "Plan Width": 42, "Inner Unique": false, "Join Filter": "(supplier.s_suppkey = l1.l_suppkey), (LLVM Optimized)", "Plans": [{"Node Type": "Streaming(type: LOCAL REDISTRIBUTE dop: 64/1)", "Parent Relationship": "Outer", "Startup Cost": 0.0, "Total Cost": 67696.83, "Plan Rows": 4000, "Plan Width": 34, "Plans": [{"Node Type": "Nested Loop", "Parent Relationship": "Outer", "Join Type": "Inner", "Startup Cost": 0.0, "Total Cost": 4534.31, "Plan Rows": 4000, "Plan Width": 34, "Inner Unique": false, "Join Filter": "(supplier.s_nationkey = nation.n_nationkey)", "Plans": [{"Node Type": "Seq Scan", "Parent Relationship": "Outer", "Relation Name": "nation", "Alias": "nation", "Startup Cost": 0.0, "Total Cost": 1.31, "Plan Rows": 1, "Plan Width": 4, "Filter": "(n_name = 'EGYPT'::bpchar)"}, {"Node Type": "Seq Scan", "Parent Relationship": "Inner", "Relation Name": "supplier", "Alias": "supplier", "Startup Cost": 0.0, "Total Cost": 3283.0, "Plan Rows": 100000, "Plan Width": 38}]}]}, {"Node Type": "Materialize", "Parent Relationship": "Inner", "Startup Cost": 0.0, "Total Cost": 180332.8, "Plan Rows": 19995678, "Plan Width": 16, "Plans": [{"Node Type": "Streaming(type: LOCAL REDISTRIBUTE dop: 64/64)", "Parent Relationship": "Outer", "Startup Cost": 0.0, "Total Cost": 178770.64, "Plan Rows": 19995678, "Plan Width": 16, "Plans": [{"Node Type": "Seq Scan", "Parent Relationship": "Outer", "Relation Name": "lineitem", "Alias": "l1", "Startup Cost": 0.0, "Total Cost": 96829.42, "Plan Rows": 19995678, "Plan Width": 16, "Filter": "(l_receiptdate > l_commitdate), (LLVM Optimized)"}]}]}]}]}, {"Node Type": "Materialize", "Parent Relationship": "Inner", "Startup Cost": 0.0, "Total Cost": 180332.8, "Plan Rows": 19995678, "Plan Width": 16, "Plans": [{"Node Type": "Streaming(type: LOCAL REDISTRIBUTE dop: 64/64)", "Parent Relationship": "Outer", "Startup Cost": 0.0, "Total Cost": 178770.64, "Plan Rows": 19995678, "Plan Width": 16, "Plans": [{"Node Type": "Seq Scan", "Parent Relationship": "Outer", "Relation Name": "lineitem", "Alias": "l3", "Startup Cost": 0.0, "Total Cost": 96829.42, "Plan Rows": 19995678, "Plan Width": 16, "Filter": "(l_receiptdate > l_commitdate), (LLVM Optimized)"}]}]}]}]}, {"Node Type": "Materialize", "Parent Relationship": "Inner", "Startup Cost": 0.0, "Total Cost": 218996.32, "Plan Rows": 59987033, "Plan Width": 16, "Plans": [{"Node Type": "Streaming(type: LOCAL REDISTRIBUTE dop: 64/64)", "Parent Relationship": "Outer", "Startup Cost": 0.0, "Total Cost": 214309.83, "Plan Rows": 59987033, "Plan Width": 16, "Plans": [{"Node Type": "Seq Scan", "Parent Relationship": "Outer", "Relation Name": "lineitem", "Alias": "l2", "Startup Cost": 0.0, "Total Cost": 94486.18, "Plan Rows": 59987033, "Plan Width": 16}]}]}]}]}]}]}]}]}]}]}]}]}]}, "Unique SQL Id": 3870093320}, "explain_analyze_plan": null}, "(64, 127)": {"explain_plan": {"Plan": {"Node Type": "Limit", "Startup Cost": 6014182839649.49, "Total Cost": 6014182839649.74, "Plan Rows": 100, "Plan Width": 34, "Plans": [{"Node Type": "Sort", "Parent Relationship": "Outer", "Startup Cost": 6014182839649.49, "Total Cost": 6014182839672.42, "Plan Rows": 100, "Plan Width": 34, "Sort Key": ["(count(*)) DESC", "supplier.s_name"], "Plans": [{"Node Type": "Aggregate", "Strategy": "Hashed", "Parent Relationship": "Outer", "Startup Cost": 6014182839207.22, "Total Cost": 6014182839298.94, "Plan Rows": 9172, "Plan Width": 34, "Group By Key": ["supplier.s_name"], "Plans": [{"Node Type": "Nested Loop", "Parent Relationship": "Outer", "Join Type": "Inner", "Startup Cost": 60000000000.0, "Total Cost": 6014182839161.36, "Plan Rows": 9172, "Plan Width": 26, "Inner Unique": false, "Join Filter": "(l1.l_orderkey = orders.o_orderkey)", "Plans": [{"Node Type": "Index Scan", "Parent Relationship": "Outer", "Scan Direction": "Forward", "Index Name": "orders_pkey", "Relation Name": "orders", "Alias": "orders", "Startup Cost": 10000000000.0, "Total Cost": 1000076847713.25, "Plan Rows": 7338812, "Plan Width": 8, "Filter": "(o_orderstatus = 'F'::bpchar), (LLVM Optimized)"}, {"Node Type": "Materialize", "Parent Relationship": "Inner", "Startup Cost": 50000000000.0, "Total Cost": 5013307455332.53, "Plan Rows": 7254, "Plan Width": 42, "Plans": [{"Node Type": "Nested Loop", "Parent Relationship": "Outer", "Join Type": "Semi", "Startup Cost": 50000000000.0, "Total Cost": 5013307455296.26, "Plan Rows": 7254, "Plan Width": 42, "Inner Unique": false, "Join Filter": "((l2.l_suppkey <> l1.l_suppkey) AND (l1.l_orderkey = l2.l_orderkey))", "Plans": [{"Node Type": "Nested Loop", "Parent Relationship": "Outer", "Join Type": "Anti", "Startup Cost": 40000000000.0, "Total Cost": 4011848919915.73, "Plan Rows": 7635, "Plan Width": 42, "Inner Unique": false, "Join Filter": "((l3.l_suppkey <> l1.l_suppkey) AND (l3.l_orderkey = l1.l_orderkey))", "Plans": [{"Node Type": "Nested Loop", "Parent Relationship": "Outer", "Join Type": "Inner", "Startup Cost": 30000000000.0, "Total Cost": 3001539289162.94, "Plan Rows": 152707, "Plan Width": 42, "Inner Unique": false, "Join Filter": "(supplier.s_suppkey = l1.l_suppkey), (LLVM Optimized)", "Plans": [{"Node Type": "Index Scan", "Parent Relationship": "Outer", "Scan Direction": "Forward", "Index Name": "idx_lineitem_orderkey", "Relation Name": "lineitem", "Alias": "l1", "Startup Cost": 10000000000.0, "Total Cost": 1000339012132.75, "Plan Rows": 19995678, "Plan Width": 16, "Filter": "(l_receiptdate > l_commitdate), (LLVM Optimized)"}, {"Node Type": "Materialize", "Parent Relationship": "Inner", "Startup Cost": 20000000000.0, "Total Cost": 2000000536360.19, "Plan Rows": 4000, "Plan Width": 34, "Plans": [{"Node Type": "Nested Loop", "Parent Relationship": "Outer", "Join Type": "Inner", "Startup Cost": 20000000000.0, "Total Cost": 2000000536340.19, "Plan Rows": 4000, "Plan Width": 34, "Inner Unique": true, "Join Filter": "(supplier.s_nationkey = nation.n_nationkey)", "Plans": [{"Node Type": "Index Scan", "Parent Relationship": "Outer", "Scan Direction": "Forward", "Index Name": "supplier_pkey", "Relation Name": "supplier", "Alias": "supplier", "Startup Cost": 10000000000.0, "Total Cost": 1000000533571.43, "Plan Rows": 100000, "Plan Width": 38}, {"Node Type": "Materialize", "Parent Relationship": "Inner", "Startup Cost": 10000000000.0, "Total Cost": 1000000001268.76, "Plan Rows": 1, "Plan Width": 4, "Plans": [{"Node Type": "Index Scan", "Parent Relationship": "Outer", "Scan Direction": "Forward", "Index Name": "nation_pkey", "Relation Name": "nation", "Alias": "nation", "Startup Cost": 10000000000.0, "Total Cost": 1000000001268.75, "Plan Rows": 1, "Plan Width": 4, "Filter": "(n_name = 'EGYPT'::bpchar)"}]}]}]}]}, {"Node Type": "Materialize", "Parent Relationship": "Inner", "Startup Cost": 10000000000.0, "Total Cost": 1000339112111.14, "Plan Rows": 19995678, "Plan Width": 16, "Plans": [{"Node Type": "Index Scan", "Parent Relationship": "Outer", "Scan Direction": "Forward", "Index Name": "idx_lineitem_orderkey", "Relation Name": "lineitem", "Alias": "l3", "Startup Cost": 10000000000.0, "Total Cost": 1000339012132.75, "Plan Rows": 19995678, "Plan Width": 16, "Filter": "(l_receiptdate > l_commitdate), (LLVM Optimized)"}]}]}, {"Node Type": "Materialize", "Parent Relationship": "Inner", "Startup Cost": 10000000000.0, "Total Cost": 1000324315309.67, "Plan Rows": 59987033, "Plan Width": 16, "Plans": [{"Node Type": "Index Scan", "Parent Relationship": "Outer", "Scan Direction": "Forward", "Index Name": "idx_lineitem_orderkey", "Relation Name": "lineitem", "Alias": "l2", "Startup Cost": 10000000000.0, "Total Cost": 1000324015374.5, "Plan Rows": 59987033, "Plan Width": 16}]}]}]}]}]}]}]}, "Unique SQL Id": 3870093320}, "explain_analyze_plan": null}}